<?xml version="1.0" encoding="UTF-8" ?>
<testsuite errors="0" failures="0" hostname="travis-job-c14b5613-6fa5-4ca3-a04d-86229fb9a2ba" name="ptolemy.actor.lib.hoc.test.junit.JUnitTclTest" skipped="0" tests="58" time="30.359" timestamp="2020-09-07T15:38:36">
  <properties>
[...]
</properties>
  <testcase classname="ptolemy.util.test.junit.TclTests" name="[0] /home/travis/build/icyphy/ptII/ptolemy/actor/lib/hoc/test/IterateOverArray.tcl (RunTclFile)" time="0.272" />
  <testcase classname="ptolemy.util.test.junit.AutoKnownFailedTests" name="[0] /home/travis/build/icyphy/ptII/ptolemy/actor/lib/hoc/test/auto/knownFailedTests/PreinitializeMustBeInvokedRunComposite.xml (RunModel)" time="0.365" />
  <testcase classname="ptolemy.util.test.junit.AutoNameArchTests" name="[0] ThereAreNoAutoArchTests (RunModel)" time="0.005" />
  <testcase classname="ptolemy.util.test.junit.AutoTests" name="[0] /home/travis/build/icyphy/ptII/ptolemy/actor/lib/hoc/test/auto/AllToAllMultiInstanceComposite.xml (RunModel)" time="0.466" />
  <testcase classname="ptolemy.util.test.junit.AutoTests" name="[1] /home/travis/build/icyphy/ptII/ptolemy/actor/lib/hoc/test/auto/ApplyFFTTest.xml (RunModel)" time="0.365" />
  <testcase classname="ptolemy.util.test.junit.AutoTests" name="[2] /home/travis/build/icyphy/ptII/ptolemy/actor/lib/hoc/test/auto/ApplyFunction.xml (RunModel)" time="0.044" />
  <testcase classname="ptolemy.util.test.junit.AutoTests" name="[3] /home/travis/build/icyphy/ptII/ptolemy/actor/lib/hoc/test/auto/BackgroundExecution.xml (RunModel)" time="0.712" />
  <testcase classname="ptolemy.util.test.junit.AutoTests" name="[4] /home/travis/build/icyphy/ptII/ptolemy/actor/lib/hoc/test/auto/Case.xml (RunModel)" time="0.048" />
  <testcase classname="ptolemy.util.test.junit.AutoTests" name="[5] /home/travis/build/icyphy/ptII/ptolemy/actor/lib/hoc/test/auto/Case1.xml (RunModel)" time="0.061" />
  <testcase classname="ptolemy.util.test.junit.AutoTests" name="[6] /home/travis/build/icyphy/ptII/ptolemy/actor/lib/hoc/test/auto/Case2.xml (RunModel)" time="0.117" />
  <testcase classname="ptolemy.util.test.junit.AutoTests" name="[7] /home/travis/build/icyphy/ptII/ptolemy/actor/lib/hoc/test/auto/Case3.xml (RunModel)" time="0.042" />
  <testcase classname="ptolemy.util.test.junit.AutoTests" name="[8] /home/travis/build/icyphy/ptII/ptolemy/actor/lib/hoc/test/auto/Case4.xml (RunModel)" time="0.067" />
  <testcase classname="ptolemy.util.test.junit.AutoTests" name="[9] /home/travis/build/icyphy/ptII/ptolemy/actor/lib/hoc/test/auto/Case5.xml (RunModel)" time="0.079" />
  <testcase classname="ptolemy.util.test.junit.AutoTests" name="[10] /home/travis/build/icyphy/ptII/ptolemy/actor/lib/hoc/test/auto/Case6.xml (RunModel)" time="0.082" />
  <testcase classname="ptolemy.util.test.junit.AutoTests" name="[11] /home/travis/build/icyphy/ptII/ptolemy/actor/lib/hoc/test/auto/CaseString2.xml (RunModel)" time="0.065" />
  <testcase classname="ptolemy.util.test.junit.AutoTests" name="[12] /home/travis/build/icyphy/ptII/ptolemy/actor/lib/hoc/test/auto/CatchUpComposite1.xml (RunModel)" time="0.078" />
  <testcase classname="ptolemy.util.test.junit.AutoTests" name="[13] /home/travis/build/icyphy/ptII/ptolemy/actor/lib/hoc/test/auto/CatchUpComposite2.xml (RunModel)" time="0.038" />
  <testcase classname="ptolemy.util.test.junit.AutoTests" name="[14] /home/travis/build/icyphy/ptII/ptolemy/actor/lib/hoc/test/auto/CatchUpComposite3.xml (RunModel)" time="0.054" />
  <testcase classname="ptolemy.util.test.junit.AutoTests" name="[15] /home/travis/build/icyphy/ptII/ptolemy/actor/lib/hoc/test/auto/CatchUpComposite4.xml (RunModel)" time="0.056" />
  <testcase classname="ptolemy.util.test.junit.AutoTests" name="[16] /home/travis/build/icyphy/ptII/ptolemy/actor/lib/hoc/test/auto/CatchUpComposite5.xml (RunModel)" time="0.049" />
  <testcase classname="ptolemy.util.test.junit.AutoTests" name="[17] /home/travis/build/icyphy/ptII/ptolemy/actor/lib/hoc/test/auto/CatchUpComposite6.xml (RunModel)" time="0.16" />
  <testcase classname="ptolemy.util.test.junit.AutoTests" name="[18] /home/travis/build/icyphy/ptII/ptolemy/actor/lib/hoc/test/auto/CatchUpComposite7.xml (RunModel)" time="0.088" />
  <testcase classname="ptolemy.util.test.junit.AutoTests" name="[19] /home/travis/build/icyphy/ptII/ptolemy/actor/lib/hoc/test/auto/ConcurrentExecutionTimeSDF.xml (RunModel)" time="0.73" />
  <testcase classname="ptolemy.util.test.junit.AutoTests" name="[20] /home/travis/build/icyphy/ptII/ptolemy/actor/lib/hoc/test/auto/ConcurrentSleep.xml (RunModel)" time="0.774" />
  <testcase classname="ptolemy.util.test.junit.AutoTests" name="[21] /home/travis/build/icyphy/ptII/ptolemy/actor/lib/hoc/test/auto/DEInPNInRunCompositeActor.xml (RunModel)" time="0.029" />
  <testcase classname="ptolemy.util.test.junit.AutoTests" name="[22] /home/travis/build/icyphy/ptII/ptolemy/actor/lib/hoc/test/auto/DFTSubSetTest.xml (RunModel)" time="0.262" />
  <testcase classname="ptolemy.util.test.junit.AutoTests" name="[23] /home/travis/build/icyphy/ptII/ptolemy/actor/lib/hoc/test/auto/HocDE.xml (RunModel)" time="0.183" />
  <testcase classname="ptolemy.util.test.junit.AutoTests" name="[24] /home/travis/build/icyphy/ptII/ptolemy/actor/lib/hoc/test/auto/IterateOverArray.xml (RunModel)" time="0.034" />
  <testcase classname="ptolemy.util.test.junit.AutoTests" name="[25] /home/travis/build/icyphy/ptII/ptolemy/actor/lib/hoc/test/auto/IterateOverArray10.xml (RunModel)" time="0.023" />
  <testcase classname="ptolemy.util.test.junit.AutoTests" name="[26] /home/travis/build/icyphy/ptII/ptolemy/actor/lib/hoc/test/auto/IterateOverArray11.xml (RunModel)" time="0.02" />
  <testcase classname="ptolemy.util.test.junit.AutoTests" name="[27] /home/travis/build/icyphy/ptII/ptolemy/actor/lib/hoc/test/auto/IterateOverArray12.xml (RunModel)" time="0.04" />
  <testcase classname="ptolemy.util.test.junit.AutoTests" name="[28] /home/travis/build/icyphy/ptII/ptolemy/actor/lib/hoc/test/auto/IterateOverArray13.xml (RunModel)" time="0.158" />
  <testcase classname="ptolemy.util.test.junit.AutoTests" name="[29] /home/travis/build/icyphy/ptII/ptolemy/actor/lib/hoc/test/auto/IterateOverArray14.xml (RunModel)" time="0.144" />
  <testcase classname="ptolemy.util.test.junit.AutoTests" name="[30] /home/travis/build/icyphy/ptII/ptolemy/actor/lib/hoc/test/auto/IterateOverArray2.xml (RunModel)" time="0.027" />
  <testcase classname="ptolemy.util.test.junit.AutoTests" name="[31] /home/travis/build/icyphy/ptII/ptolemy/actor/lib/hoc/test/auto/IterateOverArray3.xml (RunModel)" time="0.038" />
  <testcase classname="ptolemy.util.test.junit.AutoTests" name="[32] /home/travis/build/icyphy/ptII/ptolemy/actor/lib/hoc/test/auto/IterateOverArray4.xml (RunModel)" time="0.021" />
  <testcase classname="ptolemy.util.test.junit.AutoTests" name="[33] /home/travis/build/icyphy/ptII/ptolemy/actor/lib/hoc/test/auto/IterateOverArray5.xml (RunModel)" time="0.019" />
  <testcase classname="ptolemy.util.test.junit.AutoTests" name="[34] /home/travis/build/icyphy/ptII/ptolemy/actor/lib/hoc/test/auto/IterateOverArray6.xml (RunModel)" time="0.019" />
  <testcase classname="ptolemy.util.test.junit.AutoTests" name="[35] /home/travis/build/icyphy/ptII/ptolemy/actor/lib/hoc/test/auto/IterateOverArray7.xml (RunModel)" time="0.021" />
  <testcase classname="ptolemy.util.test.junit.AutoTests" name="[36] /home/travis/build/icyphy/ptII/ptolemy/actor/lib/hoc/test/auto/IterateOverArray8.xml (RunModel)" time="0.018" />
  <testcase classname="ptolemy.util.test.junit.AutoTests" name="[37] /home/travis/build/icyphy/ptII/ptolemy/actor/lib/hoc/test/auto/IterateOverArray9.xml (RunModel)" time="0.016" />
  <testcase classname="ptolemy.util.test.junit.AutoTests" name="[38] /home/travis/build/icyphy/ptII/ptolemy/actor/lib/hoc/test/auto/IterateOverArrayCoercedOutputType.xml (RunModel)" time="0.042" />
  <testcase classname="ptolemy.util.test.junit.AutoTests" name="[39] /home/travis/build/icyphy/ptII/ptolemy/actor/lib/hoc/test/auto/IterateOverArrayInferredOutputType.xml (RunModel)" time="0.028" />
  <testcase classname="ptolemy.util.test.junit.AutoTests" name="[40] /home/travis/build/icyphy/ptII/ptolemy/actor/lib/hoc/test/auto/MobileFunctionTest.xml (RunModel)" time="0.019" />
  <testcase classname="ptolemy.util.test.junit.AutoTests" name="[41] /home/travis/build/icyphy/ptII/ptolemy/actor/lib/hoc/test/auto/MobileModelTest.xml (RunModel)" time="0.161" />
  <testcase classname="ptolemy.util.test.junit.AutoTests" name="[42] /home/travis/build/icyphy/ptII/ptolemy/actor/lib/hoc/test/auto/ModelReference.xml (RunModel)" time="0.057" />
  <testcase classname="ptolemy.util.test.junit.AutoTests" name="[43] /home/travis/build/icyphy/ptII/ptolemy/actor/lib/hoc/test/auto/ModelReference3.xml (RunModel)" time="0.042" />
  <testcase classname="ptolemy.util.test.junit.AutoTests" name="[44] /home/travis/build/icyphy/ptII/ptolemy/actor/lib/hoc/test/auto/ModelReference4.xml (RunModel)" time="10.037" />
  <testcase classname="ptolemy.util.test.junit.AutoTests" name="[45] /home/travis/build/icyphy/ptII/ptolemy/actor/lib/hoc/test/auto/MultiInstanceComposite.xml (RunModel)" time="0.048" />
  <testcase classname="ptolemy.util.test.junit.AutoTests" name="[46] /home/travis/build/icyphy/ptII/ptolemy/actor/lib/hoc/test/auto/MultiInstanceComposite2.xml (RunModel)" time="0.031" />
  <testcase classname="ptolemy.util.test.junit.AutoTests" name="[47] /home/travis/build/icyphy/ptII/ptolemy/actor/lib/hoc/test/auto/MulticoreExecution.xml (RunModel)" time="1.065" />
  <testcase classname="ptolemy.util.test.junit.AutoTests" name="[48] /home/travis/build/icyphy/ptII/ptolemy/actor/lib/hoc/test/auto/ParallelExecution.xml (RunModel)" time="0.943" />
  <testcase classname="ptolemy.util.test.junit.AutoTests" name="[49] /home/travis/build/icyphy/ptII/ptolemy/actor/lib/hoc/test/auto/RunCompositeActor.xml (RunModel)" time="0.019" />
  <testcase classname="ptolemy.util.test.junit.AutoTests" name="[50] /home/travis/build/icyphy/ptII/ptolemy/actor/lib/hoc/test/auto/RunCompositeActor2.xml (RunModel)" time="0.021" />
  <testcase classname="ptolemy.util.test.junit.AutoTests" name="[51] /home/travis/build/icyphy/ptII/ptolemy/actor/lib/hoc/test/auto/RunCompositeActor3.xml (RunModel)" time="0.015" />
  <testcase classname="ptolemy.util.test.junit.AutoTests" name="[52] /home/travis/build/icyphy/ptII/ptolemy/actor/lib/hoc/test/auto/RunCompositeActor4.xml (RunModel)" time="0.023" />
  <testcase classname="ptolemy.util.test.junit.AutoTests" name="[53] /home/travis/build/icyphy/ptII/ptolemy/actor/lib/hoc/test/auto/RunCompositeIterateOverArray.xml (RunModel)" time="0.04" />
  <testcase classname="ptolemy.util.test.junit.AutoTests" name="[54] /home/travis/build/icyphy/ptII/ptolemy/actor/lib/hoc/test/auto/ThreadedJS.xml (RunModel)" time="11.214" />
  <system-out><![CDATA[/home/travis/build/icyphy/ptII/ptolemy/actor/lib/hoc/test/IterateOverArray.tcl
testDefs.tcl: setting time out to 9000 seconds at Mon Sep 07 15:38:36 UTC 2020
09/07/20 03:38:36
Failed: 0  Total Tests: 2  ((Passed: 2, Newly Passed: 0)  Known Failed: 0) /home/travis/build/icyphy/ptII/ptolemy/actor/lib/hoc/test
----------------- testing (KnownFailure) /home/travis/build/icyphy/ptII/ptolemy/actor/lib/hoc/test/auto/knownFailedTests/PreinitializeMustBeInvokedRunComposite.xml
72 ms. Memory: 129024K Free: 86470K (67%)
Known Failure: java.lang.reflect.InvocationTargetException
No auto/linux-amd64/*.xml tests in /home/travis/build/icyphy/ptII/ptolemy/actor/lib/hoc/test
AutoTests.java: About to close Vertx.
AutoTests.java: Vertx closed.

===========================================================================================
----------------- testing Mon Sep 07 15:38:37 UTC 2020 /home/travis/build/icyphy/ptII/ptolemy/actor/lib/hoc/test/auto/AllToAllMultiInstanceComposite.xml
----------------- Instantiating /home/travis/build/icyphy/ptII/ptolemy/actor/lib/hoc/test/auto/AllToAllMultiInstanceComposite.xml
273 ms. Memory: 129024K Free: 108751K (84%)
----------------- Invoking toplevel() on ptolemy.moml.MoMLSimpleApplication@32c9a4c6
----------------- Done invoking toplevel() on ptolemy.moml.MoMLSimpleApplication@32c9a4c6
reloadAllAccessors: .AllToAllMultiInstanceComposite

===========================================================================================
----------------- testing Mon Sep 07 15:38:37 UTC 2020 /home/travis/build/icyphy/ptII/ptolemy/actor/lib/hoc/test/auto/ApplyFFTTest.xml
----------------- Instantiating /home/travis/build/icyphy/ptII/ptolemy/actor/lib/hoc/test/auto/ApplyFFTTest.xml
139 ms. Memory: 129024K Free: 88993K (69%)
----------------- Invoking toplevel() on ptolemy.moml.MoMLSimpleApplication@1611eb9f
----------------- Done invoking toplevel() on ptolemy.moml.MoMLSimpleApplication@1611eb9f
reloadAllAccessors: .ApplyFFTTest

===========================================================================================
----------------- testing Mon Sep 07 15:38:38 UTC 2020 /home/travis/build/icyphy/ptII/ptolemy/actor/lib/hoc/test/auto/ApplyFunction.xml
----------------- Instantiating /home/travis/build/icyphy/ptII/ptolemy/actor/lib/hoc/test/auto/ApplyFunction.xml
10 ms. Memory: 129024K Free: 85907K (67%)
----------------- Invoking toplevel() on ptolemy.moml.MoMLSimpleApplication@59df6970
----------------- Done invoking toplevel() on ptolemy.moml.MoMLSimpleApplication@59df6970
reloadAllAccessors: .ApplyFunction

===========================================================================================
----------------- testing Mon Sep 07 15:38:38 UTC 2020 /home/travis/build/icyphy/ptII/ptolemy/actor/lib/hoc/test/auto/BackgroundExecution.xml
----------------- Instantiating /home/travis/build/icyphy/ptII/ptolemy/actor/lib/hoc/test/auto/BackgroundExecution.xml
620 ms. Memory: 129024K Free: 79055K (61%)
----------------- Invoking toplevel() on ptolemy.moml.MoMLSimpleApplication@77c3ecf5
----------------- Done invoking toplevel() on ptolemy.moml.MoMLSimpleApplication@77c3ecf5
reloadAllAccessors: .BackgroundExecution

===========================================================================================
----------------- testing Mon Sep 07 15:38:38 UTC 2020 /home/travis/build/icyphy/ptII/ptolemy/actor/lib/hoc/test/auto/Case.xml
----------------- Instantiating /home/travis/build/icyphy/ptII/ptolemy/actor/lib/hoc/test/auto/Case.xml
15 ms. Memory: 129024K Free: 71531K (55%)
----------------- Invoking toplevel() on ptolemy.moml.MoMLSimpleApplication@2b053508
----------------- Done invoking toplevel() on ptolemy.moml.MoMLSimpleApplication@2b053508
reloadAllAccessors: .Case

===========================================================================================
----------------- testing Mon Sep 07 15:38:38 UTC 2020 /home/travis/build/icyphy/ptII/ptolemy/actor/lib/hoc/test/auto/Case1.xml
----------------- Instantiating /home/travis/build/icyphy/ptII/ptolemy/actor/lib/hoc/test/auto/Case1.xml
17 ms. Memory: 129024K Free: 109385K (85%)
----------------- Invoking toplevel() on ptolemy.moml.MoMLSimpleApplication@5c0c4c1a
----------------- Done invoking toplevel() on ptolemy.moml.MoMLSimpleApplication@5c0c4c1a
reloadAllAccessors: .Case1

===========================================================================================
----------------- testing Mon Sep 07 15:38:39 UTC 2020 /home/travis/build/icyphy/ptII/ptolemy/actor/lib/hoc/test/auto/Case2.xml
----------------- Instantiating /home/travis/build/icyphy/ptII/ptolemy/actor/lib/hoc/test/auto/Case2.xml
41 ms. Memory: 129024K Free: 99240K (77%)
----------------- Invoking toplevel() on ptolemy.moml.MoMLSimpleApplication@5a498356
----------------- Done invoking toplevel() on ptolemy.moml.MoMLSimpleApplication@5a498356
reloadAllAccessors: .Case2

===========================================================================================
----------------- testing Mon Sep 07 15:38:39 UTC 2020 /home/travis/build/icyphy/ptII/ptolemy/actor/lib/hoc/test/auto/Case3.xml
----------------- Instantiating /home/travis/build/icyphy/ptII/ptolemy/actor/lib/hoc/test/auto/Case3.xml
13 ms. Memory: 129024K Free: 93352K (72%)
----------------- Invoking toplevel() on ptolemy.moml.MoMLSimpleApplication@794cac9f
----------------- Done invoking toplevel() on ptolemy.moml.MoMLSimpleApplication@794cac9f
reloadAllAccessors: .Case3

===========================================================================================
----------------- testing Mon Sep 07 15:38:39 UTC 2020 /home/travis/build/icyphy/ptII/ptolemy/actor/lib/hoc/test/auto/Case4.xml
----------------- Instantiating /home/travis/build/icyphy/ptII/ptolemy/actor/lib/hoc/test/auto/Case4.xml
17 ms. Memory: 129024K Free: 85418K (66%)
----------------- Invoking toplevel() on ptolemy.moml.MoMLSimpleApplication@3d74cc38
----------------- Done invoking toplevel() on ptolemy.moml.MoMLSimpleApplication@3d74cc38
reloadAllAccessors: .Case4

===========================================================================================
----------------- testing Mon Sep 07 15:38:39 UTC 2020 /home/travis/build/icyphy/ptII/ptolemy/actor/lib/hoc/test/auto/Case5.xml
----------------- Instantiating /home/travis/build/icyphy/ptII/ptolemy/actor/lib/hoc/test/auto/Case5.xml
50 ms. Memory: 129024K Free: 79016K (61%)
----------------- Invoking toplevel() on ptolemy.moml.MoMLSimpleApplication@70da217e
----------------- Done invoking toplevel() on ptolemy.moml.MoMLSimpleApplication@70da217e
reloadAllAccessors: .junk

===========================================================================================
----------------- testing Mon Sep 07 15:38:39 UTC 2020 /home/travis/build/icyphy/ptII/ptolemy/actor/lib/hoc/test/auto/Case6.xml
----------------- Instantiating /home/travis/build/icyphy/ptII/ptolemy/actor/lib/hoc/test/auto/Case6.xml
37 ms. Memory: 129024K Free: 67239K (52%)
----------------- Invoking toplevel() on ptolemy.moml.MoMLSimpleApplication@19b4d4ce
----------------- Done invoking toplevel() on ptolemy.moml.MoMLSimpleApplication@19b4d4ce
reloadAllAccessors: .Case6

===========================================================================================
----------------- testing Mon Sep 07 15:38:39 UTC 2020 /home/travis/build/icyphy/ptII/ptolemy/actor/lib/hoc/test/auto/CaseString2.xml
----------------- Instantiating /home/travis/build/icyphy/ptII/ptolemy/actor/lib/hoc/test/auto/CaseString2.xml
16 ms. Memory: 129024K Free: 109480K (85%)
----------------- Invoking toplevel() on ptolemy.moml.MoMLSimpleApplication@2e994098
----------------- Done invoking toplevel() on ptolemy.moml.MoMLSimpleApplication@2e994098
reloadAllAccessors: .CaseString2

===========================================================================================
----------------- testing Mon Sep 07 15:38:39 UTC 2020 /home/travis/build/icyphy/ptII/ptolemy/actor/lib/hoc/test/auto/CatchUpComposite1.xml
----------------- Instantiating /home/travis/build/icyphy/ptII/ptolemy/actor/lib/hoc/test/auto/CatchUpComposite1.xml
34 ms. Memory: 129024K Free: 100264K (78%)
----------------- Invoking toplevel() on ptolemy.moml.MoMLSimpleApplication@4092060c
----------------- Done invoking toplevel() on ptolemy.moml.MoMLSimpleApplication@4092060c
reloadAllAccessors: .CatchUpComposite1

===========================================================================================
----------------- testing Mon Sep 07 15:38:39 UTC 2020 /home/travis/build/icyphy/ptII/ptolemy/actor/lib/hoc/test/auto/CatchUpComposite2.xml
----------------- Instantiating /home/travis/build/icyphy/ptII/ptolemy/actor/lib/hoc/test/auto/CatchUpComposite2.xml
8 ms. Memory: 129024K Free: 92072K (71%)
----------------- Invoking toplevel() on ptolemy.moml.MoMLSimpleApplication@235f6a67
----------------- Done invoking toplevel() on ptolemy.moml.MoMLSimpleApplication@235f6a67
reloadAllAccessors: .CatchUpComposite2

===========================================================================================
----------------- testing Mon Sep 07 15:38:39 UTC 2020 /home/travis/build/icyphy/ptII/ptolemy/actor/lib/hoc/test/auto/CatchUpComposite3.xml
----------------- Instantiating /home/travis/build/icyphy/ptII/ptolemy/actor/lib/hoc/test/auto/CatchUpComposite3.xml
19 ms. Memory: 129024K Free: 82856K (64%)
----------------- Invoking toplevel() on ptolemy.moml.MoMLSimpleApplication@4b3d0e59
----------------- Done invoking toplevel() on ptolemy.moml.MoMLSimpleApplication@4b3d0e59
reloadAllAccessors: .CatchUpComposite3

===========================================================================================
----------------- testing Mon Sep 07 15:38:39 UTC 2020 /home/travis/build/icyphy/ptII/ptolemy/actor/lib/hoc/test/auto/CatchUpComposite4.xml
----------------- Instantiating /home/travis/build/icyphy/ptII/ptolemy/actor/lib/hoc/test/auto/CatchUpComposite4.xml
16 ms. Memory: 129024K Free: 75230K (58%)
----------------- Invoking toplevel() on ptolemy.moml.MoMLSimpleApplication@19e3c005
----------------- Done invoking toplevel() on ptolemy.moml.MoMLSimpleApplication@19e3c005
reloadAllAccessors: .CatchUpComposite4

===========================================================================================
----------------- testing Mon Sep 07 15:38:39 UTC 2020 /home/travis/build/icyphy/ptII/ptolemy/actor/lib/hoc/test/auto/CatchUpComposite5.xml
----------------- Instantiating /home/travis/build/icyphy/ptII/ptolemy/actor/lib/hoc/test/auto/CatchUpComposite5.xml
10 ms. Memory: 129024K Free: 67014K (52%)
----------------- Invoking toplevel() on ptolemy.moml.MoMLSimpleApplication@45006ab9
----------------- Done invoking toplevel() on ptolemy.moml.MoMLSimpleApplication@45006ab9
reloadAllAccessors: .CatchUpComposite5

===========================================================================================
----------------- testing Mon Sep 07 15:38:39 UTC 2020 /home/travis/build/icyphy/ptII/ptolemy/actor/lib/hoc/test/auto/CatchUpComposite6.xml
----------------- Instantiating /home/travis/build/icyphy/ptII/ptolemy/actor/lib/hoc/test/auto/CatchUpComposite6.xml
WARNING: The execution aspects in this model can influence the timing of actors by delaying the 
execution, potentially changing the behavior. There is no guarantee that actors fire at the 
time they request to be fired. 
Use Ptides for deterministic DE behavior that is not influenced by execution aspects. 

84 ms. Memory: 129024K Free: 52716K (41%)
----------------- Invoking toplevel() on ptolemy.moml.MoMLSimpleApplication@102a12af
----------------- Done invoking toplevel() on ptolemy.moml.MoMLSimpleApplication@102a12af
reloadAllAccessors: .CatchUpComposite6

===========================================================================================
----------------- testing Mon Sep 07 15:38:39 UTC 2020 /home/travis/build/icyphy/ptII/ptolemy/actor/lib/hoc/test/auto/CatchUpComposite7.xml
----------------- Instantiating /home/travis/build/icyphy/ptII/ptolemy/actor/lib/hoc/test/auto/CatchUpComposite7.xml
WARNING: The execution aspects in this model can influence the timing of actors by delaying the 
execution, potentially changing the behavior. There is no guarantee that actors fire at the 
time they request to be fired. 
Use Ptides for deterministic DE behavior that is not influenced by execution aspects. 

24 ms. Memory: 176128K Free: 152260K (86%)
----------------- Invoking toplevel() on ptolemy.moml.MoMLSimpleApplication@2b96c3f
----------------- Done invoking toplevel() on ptolemy.moml.MoMLSimpleApplication@2b96c3f
reloadAllAccessors: .CatchUpComposite7

===========================================================================================
----------------- testing Mon Sep 07 15:38:39 UTC 2020 /home/travis/build/icyphy/ptII/ptolemy/actor/lib/hoc/test/auto/ConcurrentExecutionTimeSDF.xml
----------------- Instantiating /home/travis/build/icyphy/ptII/ptolemy/actor/lib/hoc/test/auto/ConcurrentExecutionTimeSDF.xml
Fired ExecutionTime: 40400000
Fired ExecutionTime: 40400000
Fired ExecutionTime: 40400000
Fired ExecutionTime: 40400000
Fired ExecutionTime: 40400000
Fired ExecutionTime: 40400000
Fired ExecutionTime: 40400000
Fired ExecutionTime: 40400000
Fired ExecutionTime: 40400000
Fired ExecutionTime: 40400000
Fired ExecutionTime: 40400000
Fired ExecutionTime: 40400000
Fired ExecutionTime: 40400000
Fired ExecutionTime: 40400000
Fired ExecutionTime: 40400000
Fired ExecutionTime: 40400000
Fired ExecutionTime: 40400000
Fired ExecutionTime: 40400000
Fired ExecutionTime: 40400000
Fired ExecutionTime: 40400000
710 ms. Memory: 176128K Free: 145092K (82%)
----------------- Invoking toplevel() on ptolemy.moml.MoMLSimpleApplication@421883e
----------------- Done invoking toplevel() on ptolemy.moml.MoMLSimpleApplication@421883e
reloadAllAccessors: .ConcurrentExecutionTimeSDF

===========================================================================================
----------------- testing Mon Sep 07 15:38:40 UTC 2020 /home/travis/build/icyphy/ptII/ptolemy/actor/lib/hoc/test/auto/ConcurrentSleep.xml
----------------- Instantiating /home/travis/build/icyphy/ptII/ptolemy/actor/lib/hoc/test/auto/ConcurrentSleep.xml
727 ms. Memory: 176128K Free: 133828K (76%)
----------------- Invoking toplevel() on ptolemy.moml.MoMLSimpleApplication@484e6c13
----------------- Done invoking toplevel() on ptolemy.moml.MoMLSimpleApplication@484e6c13
reloadAllAccessors: .ConcurrentSleep

===========================================================================================
----------------- testing Mon Sep 07 15:38:41 UTC 2020 /home/travis/build/icyphy/ptII/ptolemy/actor/lib/hoc/test/auto/DEInPNInRunCompositeActor.xml
----------------- Instantiating /home/travis/build/icyphy/ptII/ptolemy/actor/lib/hoc/test/auto/DEInPNInRunCompositeActor.xml
10 ms. Memory: 176128K Free: 128198K (73%)
----------------- Invoking toplevel() on ptolemy.moml.MoMLSimpleApplication@11db59d9
----------------- Done invoking toplevel() on ptolemy.moml.MoMLSimpleApplication@11db59d9
reloadAllAccessors: .DEInPNInRunCompositeActor

===========================================================================================
----------------- testing Mon Sep 07 15:38:41 UTC 2020 /home/travis/build/icyphy/ptII/ptolemy/actor/lib/hoc/test/auto/DFTSubSetTest.xml
----------------- Instantiating /home/travis/build/icyphy/ptII/ptolemy/actor/lib/hoc/test/auto/DFTSubSetTest.xml
144 ms. Memory: 176128K Free: 85190K (48%)
----------------- Invoking toplevel() on ptolemy.moml.MoMLSimpleApplication@13de1f24
----------------- Done invoking toplevel() on ptolemy.moml.MoMLSimpleApplication@13de1f24
reloadAllAccessors: .DFTSubSetTest

===========================================================================================
----------------- testing Mon Sep 07 15:38:41 UTC 2020 /home/travis/build/icyphy/ptII/ptolemy/actor/lib/hoc/test/auto/HocDE.xml
----------------- Instantiating /home/travis/build/icyphy/ptII/ptolemy/actor/lib/hoc/test/auto/HocDE.xml
128 ms. Memory: 176128K Free: 141898K (81%)
----------------- Invoking toplevel() on ptolemy.moml.MoMLSimpleApplication@6f4182bd
----------------- Done invoking toplevel() on ptolemy.moml.MoMLSimpleApplication@6f4182bd
reloadAllAccessors: .HocDE

===========================================================================================
----------------- testing Mon Sep 07 15:38:41 UTC 2020 /home/travis/build/icyphy/ptII/ptolemy/actor/lib/hoc/test/auto/IterateOverArray.xml
----------------- Instantiating /home/travis/build/icyphy/ptII/ptolemy/actor/lib/hoc/test/auto/IterateOverArray.xml
6 ms. Memory: 176128K Free: 137292K (78%)
----------------- Invoking toplevel() on ptolemy.moml.MoMLSimpleApplication@17a73108
----------------- Done invoking toplevel() on ptolemy.moml.MoMLSimpleApplication@17a73108
reloadAllAccessors: .IterateOverArray

===========================================================================================
----------------- testing Mon Sep 07 15:38:42 UTC 2020 /home/travis/build/icyphy/ptII/ptolemy/actor/lib/hoc/test/auto/IterateOverArray10.xml
----------------- Instantiating /home/travis/build/icyphy/ptII/ptolemy/actor/lib/hoc/test/auto/IterateOverArray10.xml
6 ms. Memory: 176128K Free: 134220K (76%)
----------------- Invoking toplevel() on ptolemy.moml.MoMLSimpleApplication@5c023565
----------------- Done invoking toplevel() on ptolemy.moml.MoMLSimpleApplication@5c023565
reloadAllAccessors: .IterateOverArray10

===========================================================================================
----------------- testing Mon Sep 07 15:38:42 UTC 2020 /home/travis/build/icyphy/ptII/ptolemy/actor/lib/hoc/test/auto/IterateOverArray11.xml
----------------- Instantiating /home/travis/build/icyphy/ptII/ptolemy/actor/lib/hoc/test/auto/IterateOverArray11.xml
5 ms. Memory: 176128K Free: 130124K (74%)
----------------- Invoking toplevel() on ptolemy.moml.MoMLSimpleApplication@53b0a80b
----------------- Done invoking toplevel() on ptolemy.moml.MoMLSimpleApplication@53b0a80b
reloadAllAccessors: .IterateOverArray11

===========================================================================================
----------------- testing Mon Sep 07 15:38:42 UTC 2020 /home/travis/build/icyphy/ptII/ptolemy/actor/lib/hoc/test/auto/IterateOverArray12.xml
----------------- Instantiating /home/travis/build/icyphy/ptII/ptolemy/actor/lib/hoc/test/auto/IterateOverArray12.xml
15 ms. Memory: 176128K Free: 123980K (70%)
----------------- Invoking toplevel() on ptolemy.moml.MoMLSimpleApplication@38ed7be6
----------------- Done invoking toplevel() on ptolemy.moml.MoMLSimpleApplication@38ed7be6
reloadAllAccessors: .IterateOverArray12

===========================================================================================
----------------- testing Mon Sep 07 15:38:42 UTC 2020 /home/travis/build/icyphy/ptII/ptolemy/actor/lib/hoc/test/auto/IterateOverArray13.xml
----------------- Instantiating /home/travis/build/icyphy/ptII/ptolemy/actor/lib/hoc/test/auto/IterateOverArray13.xml
74 ms. Memory: 176128K Free: 95308K (54%)
----------------- Invoking toplevel() on ptolemy.moml.MoMLSimpleApplication@658866e3
----------------- Done invoking toplevel() on ptolemy.moml.MoMLSimpleApplication@658866e3
reloadAllAccessors: .IterateOverArray13

===========================================================================================
----------------- testing Mon Sep 07 15:38:42 UTC 2020 /home/travis/build/icyphy/ptII/ptolemy/actor/lib/hoc/test/auto/IterateOverArray14.xml
----------------- Instantiating /home/travis/build/icyphy/ptII/ptolemy/actor/lib/hoc/test/auto/IterateOverArray14.xml
66 ms. Memory: 176128K Free: 157579K (89%)
----------------- Invoking toplevel() on ptolemy.moml.MoMLSimpleApplication@4bde8c0
----------------- Done invoking toplevel() on ptolemy.moml.MoMLSimpleApplication@4bde8c0
reloadAllAccessors: .IterateOverArray14

===========================================================================================
----------------- testing Mon Sep 07 15:38:42 UTC 2020 /home/travis/build/icyphy/ptII/ptolemy/actor/lib/hoc/test/auto/IterateOverArray2.xml
----------------- Instantiating /home/travis/build/icyphy/ptII/ptolemy/actor/lib/hoc/test/auto/IterateOverArray2.xml
7 ms. Memory: 176128K Free: 152459K (87%)
----------------- Invoking toplevel() on ptolemy.moml.MoMLSimpleApplication@3c9d75f4
----------------- Done invoking toplevel() on ptolemy.moml.MoMLSimpleApplication@3c9d75f4
reloadAllAccessors: .IterateOverArray2

===========================================================================================
----------------- testing Mon Sep 07 15:38:42 UTC 2020 /home/travis/build/icyphy/ptII/ptolemy/actor/lib/hoc/test/auto/IterateOverArray3.xml
----------------- Instantiating /home/travis/build/icyphy/ptII/ptolemy/actor/lib/hoc/test/auto/IterateOverArray3.xml
14 ms. Memory: 176128K Free: 146775K (83%)
----------------- Invoking toplevel() on ptolemy.moml.MoMLSimpleApplication@f2f0b28
----------------- Done invoking toplevel() on ptolemy.moml.MoMLSimpleApplication@f2f0b28
reloadAllAccessors: .IterateOverArray3

===========================================================================================
----------------- testing Mon Sep 07 15:38:42 UTC 2020 /home/travis/build/icyphy/ptII/ptolemy/actor/lib/hoc/test/auto/IterateOverArray4.xml
----------------- Instantiating /home/travis/build/icyphy/ptII/ptolemy/actor/lib/hoc/test/auto/IterateOverArray4.xml
4 ms. Memory: 176128K Free: 142729K (81%)
----------------- Invoking toplevel() on ptolemy.moml.MoMLSimpleApplication@1fc6b104
----------------- Done invoking toplevel() on ptolemy.moml.MoMLSimpleApplication@1fc6b104
reloadAllAccessors: .IterateOverArray4

===========================================================================================
----------------- testing Mon Sep 07 15:38:42 UTC 2020 /home/travis/build/icyphy/ptII/ptolemy/actor/lib/hoc/test/auto/IterateOverArray5.xml
----------------- Instantiating /home/travis/build/icyphy/ptII/ptolemy/actor/lib/hoc/test/auto/IterateOverArray5.xml
4 ms. Memory: 176128K Free: 138633K (79%)
----------------- Invoking toplevel() on ptolemy.moml.MoMLSimpleApplication@5bedb6b
----------------- Done invoking toplevel() on ptolemy.moml.MoMLSimpleApplication@5bedb6b
reloadAllAccessors: .IterateOverArray5

===========================================================================================
----------------- testing Mon Sep 07 15:38:42 UTC 2020 /home/travis/build/icyphy/ptII/ptolemy/actor/lib/hoc/test/auto/IterateOverArray6.xml
----------------- Instantiating /home/travis/build/icyphy/ptII/ptolemy/actor/lib/hoc/test/auto/IterateOverArray6.xml
2 ms. Memory: 176128K Free: 135561K (77%)
----------------- Invoking toplevel() on ptolemy.moml.MoMLSimpleApplication@57aa3f58
----------------- Done invoking toplevel() on ptolemy.moml.MoMLSimpleApplication@57aa3f58
reloadAllAccessors: .IterateOverArray6

===========================================================================================
----------------- testing Mon Sep 07 15:38:42 UTC 2020 /home/travis/build/icyphy/ptII/ptolemy/actor/lib/hoc/test/auto/IterateOverArray7.xml
----------------- Instantiating /home/travis/build/icyphy/ptII/ptolemy/actor/lib/hoc/test/auto/IterateOverArray7.xml
6 ms. Memory: 176128K Free: 130441K (74%)
----------------- Invoking toplevel() on ptolemy.moml.MoMLSimpleApplication@11cc3389
----------------- Done invoking toplevel() on ptolemy.moml.MoMLSimpleApplication@11cc3389
reloadAllAccessors: .IterateOverArray7

===========================================================================================
----------------- testing Mon Sep 07 15:38:42 UTC 2020 /home/travis/build/icyphy/ptII/ptolemy/actor/lib/hoc/test/auto/IterateOverArray8.xml
----------------- Instantiating /home/travis/build/icyphy/ptII/ptolemy/actor/lib/hoc/test/auto/IterateOverArray8.xml
4 ms. Memory: 176128K Free: 125835K (71%)
----------------- Invoking toplevel() on ptolemy.moml.MoMLSimpleApplication@57fb7571
----------------- Done invoking toplevel() on ptolemy.moml.MoMLSimpleApplication@57fb7571
reloadAllAccessors: .IterateOverArray8

===========================================================================================
----------------- testing Mon Sep 07 15:38:42 UTC 2020 /home/travis/build/icyphy/ptII/ptolemy/actor/lib/hoc/test/auto/IterateOverArray9.xml
----------------- Instantiating /home/travis/build/icyphy/ptII/ptolemy/actor/lib/hoc/test/auto/IterateOverArray9.xml
4 ms. Memory: 176128K Free: 121739K (69%)
----------------- Invoking toplevel() on ptolemy.moml.MoMLSimpleApplication@53109c2d
----------------- Done invoking toplevel() on ptolemy.moml.MoMLSimpleApplication@53109c2d
reloadAllAccessors: .IterateOverArray9

===========================================================================================
----------------- testing Mon Sep 07 15:38:42 UTC 2020 /home/travis/build/icyphy/ptII/ptolemy/actor/lib/hoc/test/auto/IterateOverArrayCoercedOutputType.xml
----------------- Instantiating /home/travis/build/icyphy/ptII/ptolemy/actor/lib/hoc/test/auto/IterateOverArrayCoercedOutputType.xml
6 ms. Memory: 176128K Free: 116619K (66%)
----------------- Invoking toplevel() on ptolemy.moml.MoMLSimpleApplication@205d89c1
----------------- Done invoking toplevel() on ptolemy.moml.MoMLSimpleApplication@205d89c1
reloadAllAccessors: .IterateOverArrayCoercedOutputType

===========================================================================================
----------------- testing Mon Sep 07 15:38:42 UTC 2020 /home/travis/build/icyphy/ptII/ptolemy/actor/lib/hoc/test/auto/IterateOverArrayInferredOutputType.xml
----------------- Instantiating /home/travis/build/icyphy/ptII/ptolemy/actor/lib/hoc/test/auto/IterateOverArrayInferredOutputType.xml
12 ms. Memory: 176128K Free: 112009K (64%)
----------------- Invoking toplevel() on ptolemy.moml.MoMLSimpleApplication@1cc84fa2
----------------- Done invoking toplevel() on ptolemy.moml.MoMLSimpleApplication@1cc84fa2
reloadAllAccessors: .IterateOverArrayInferredOutputType

===========================================================================================
----------------- testing Mon Sep 07 15:38:42 UTC 2020 /home/travis/build/icyphy/ptII/ptolemy/actor/lib/hoc/test/auto/MobileFunctionTest.xml
----------------- Instantiating /home/travis/build/icyphy/ptII/ptolemy/actor/lib/hoc/test/auto/MobileFunctionTest.xml
4 ms. Memory: 176128K Free: 107403K (61%)
----------------- Invoking toplevel() on ptolemy.moml.MoMLSimpleApplication@b1317f4
----------------- Done invoking toplevel() on ptolemy.moml.MoMLSimpleApplication@b1317f4
reloadAllAccessors: .MobileFunctionTest

===========================================================================================
----------------- testing Mon Sep 07 15:38:42 UTC 2020 /home/travis/build/icyphy/ptII/ptolemy/actor/lib/hoc/test/auto/MobileModelTest.xml
----------------- Instantiating /home/travis/build/icyphy/ptII/ptolemy/actor/lib/hoc/test/auto/MobileModelTest.xml
138 ms. Memory: 176128K Free: 86395K (49%)
----------------- Invoking toplevel() on ptolemy.moml.MoMLSimpleApplication@42deeb1a
----------------- Done invoking toplevel() on ptolemy.moml.MoMLSimpleApplication@42deeb1a
reloadAllAccessors: .MobileModelTest

===========================================================================================
----------------- testing Mon Sep 07 15:38:42 UTC 2020 /home/travis/build/icyphy/ptII/ptolemy/actor/lib/hoc/test/auto/ModelReference.xml
----------------- Instantiating /home/travis/build/icyphy/ptII/ptolemy/actor/lib/hoc/test/auto/ModelReference.xml
2 ms. Memory: 176128K Free: 79755K (45%)
2 ms. Memory: 176128K Free: 79211K (45%)
1 ms. Memory: 176128K Free: 78203K (44%)
4 ms. Memory: 176128K Free: 77179K (44%)
1 ms. Memory: 176128K Free: 76683K (44%)
2 ms. Memory: 176128K Free: 75659K (43%)
1 ms. Memory: 176128K Free: 75115K (43%)
1 ms. Memory: 176128K Free: 74107K (42%)
2 ms. Memory: 176128K Free: 73083K (41%)
1 ms. Memory: 176128K Free: 72587K (41%)
24 ms. Memory: 176128K Free: 72587K (41%)
----------------- Invoking toplevel() on ptolemy.moml.MoMLSimpleApplication@79ac711
----------------- Done invoking toplevel() on ptolemy.moml.MoMLSimpleApplication@79ac711
reloadAllAccessors: .ModelReference

===========================================================================================
----------------- testing Mon Sep 07 15:38:42 UTC 2020 /home/travis/build/icyphy/ptII/ptolemy/actor/lib/hoc/test/auto/ModelReference3.xml
----------------- Instantiating /home/travis/build/icyphy/ptII/ptolemy/actor/lib/hoc/test/auto/ModelReference3.xml
2 ms. Memory: 176128K Free: 67947K (39%)
4 ms. Memory: 176128K Free: 67467K (38%)
2 ms. Memory: 176128K Free: 66443K (38%)
3 ms. Memory: 176128K Free: 65899K (37%)
1 ms. Memory: 176128K Free: 64891K (37%)
1 ms. Memory: 176128K Free: 63867K (36%)
3 ms. Memory: 176128K Free: 63371K (36%)
1 ms. Memory: 176128K Free: 62347K (35%)
1 ms. Memory: 176128K Free: 61803K (35%)
1 ms. Memory: 176128K Free: 60795K (35%)
27 ms. Memory: 176128K Free: 60795K (35%)
----------------- Invoking toplevel() on ptolemy.moml.MoMLSimpleApplication@3f4eae84
----------------- Done invoking toplevel() on ptolemy.moml.MoMLSimpleApplication@3f4eae84
reloadAllAccessors: .ModelReference3

===========================================================================================
----------------- testing Mon Sep 07 15:38:42 UTC 2020 /home/travis/build/icyphy/ptII/ptolemy/actor/lib/hoc/test/auto/ModelReference4.xml
----------------- Instantiating /home/travis/build/icyphy/ptII/ptolemy/actor/lib/hoc/test/auto/ModelReference4.xml
2 ms. Memory: 176128K Free: 158782K (90%)
2 ms. Memory: 176128K Free: 157238K (89%)
2 ms. Memory: 176128K Free: 156206K (89%)
4 ms. Memory: 176128K Free: 154686K (88%)
2 ms. Memory: 176128K Free: 153662K (87%)
7 ms. Memory: 176128K Free: 152638K (87%)
2 ms. Memory: 176128K Free: 151086K (86%)
2 ms. Memory: 176128K Free: 150070K (85%)
2 ms. Memory: 176128K Free: 148542K (84%)
2 ms. Memory: 176128K Free: 147518K (84%)
10025 ms. Memory: 176128K Free: 147518K (84%)
----------------- Invoking toplevel() on ptolemy.moml.MoMLSimpleApplication@7ab890ef
----------------- Done invoking toplevel() on ptolemy.moml.MoMLSimpleApplication@7ab890ef
reloadAllAccessors: .ModelReference4

===========================================================================================
----------------- testing Mon Sep 07 15:38:52 UTC 2020 /home/travis/build/icyphy/ptII/ptolemy/actor/lib/hoc/test/auto/MultiInstanceComposite.xml
----------------- Instantiating /home/travis/build/icyphy/ptII/ptolemy/actor/lib/hoc/test/auto/MultiInstanceComposite.xml
24 ms. Memory: 176128K Free: 128062K (73%)
----------------- Invoking toplevel() on ptolemy.moml.MoMLSimpleApplication@1cfefba
----------------- Done invoking toplevel() on ptolemy.moml.MoMLSimpleApplication@1cfefba
reloadAllAccessors: .MultiInstanceComposite

===========================================================================================
----------------- testing Mon Sep 07 15:38:53 UTC 2020 /home/travis/build/icyphy/ptII/ptolemy/actor/lib/hoc/test/auto/MultiInstanceComposite2.xml
----------------- Instantiating /home/travis/build/icyphy/ptII/ptolemy/actor/lib/hoc/test/auto/MultiInstanceComposite2.xml
15 ms. Memory: 176128K Free: 116798K (66%)
----------------- Invoking toplevel() on ptolemy.moml.MoMLSimpleApplication@61f5b5fd
----------------- Done invoking toplevel() on ptolemy.moml.MoMLSimpleApplication@61f5b5fd
reloadAllAccessors: .MultiInstanceComposite2

===========================================================================================
----------------- testing Mon Sep 07 15:38:53 UTC 2020 /home/travis/build/icyphy/ptII/ptolemy/actor/lib/hoc/test/auto/MulticoreExecution.xml
----------------- Instantiating /home/travis/build/icyphy/ptII/ptolemy/actor/lib/hoc/test/auto/MulticoreExecution.xml
Fired ExecutionTime: 13200000
Fired ExecutionTime: 20400000
Fired ExecutionTime: 60000000
Fired ExecutionTime: 59600000
Fired ExecutionTime: 35600000
Fired ExecutionTime: 63200000
Fired ExecutionTime: 114000000
Fired ExecutionTime: 113600000
Fired ExecutionTime: 114000000
Fired ExecutionTime: 114000000
Fired ExecutionTime: 109600000
Fired ExecutionTime: 114000000
Fired ExecutionTime: 108000000
Fired ExecutionTime: 112400000
Fired ExecutionTime: 110000000
Fired ExecutionTime: 110400000
Fired ExecutionTime: 110000000
Fired ExecutionTime: 109600000
Fired ExecutionTime: 100800000
Fired ExecutionTime: 108000000
1041 ms. Memory: 176128K Free: 107582K (61%)
----------------- Invoking toplevel() on ptolemy.moml.MoMLSimpleApplication@33d1fe56
----------------- Done invoking toplevel() on ptolemy.moml.MoMLSimpleApplication@33d1fe56
reloadAllAccessors: .MulticoreExecution

===========================================================================================
----------------- testing Mon Sep 07 15:38:54 UTC 2020 /home/travis/build/icyphy/ptII/ptolemy/actor/lib/hoc/test/auto/ParallelExecution.xml
----------------- Instantiating /home/travis/build/icyphy/ptII/ptolemy/actor/lib/hoc/test/auto/ParallelExecution.xml
916 ms. Memory: 176128K Free: 99900K (57%)
----------------- Invoking toplevel() on ptolemy.moml.MoMLSimpleApplication@48f6b95a
----------------- Done invoking toplevel() on ptolemy.moml.MoMLSimpleApplication@48f6b95a
reloadAllAccessors: .ParallelExecution

===========================================================================================
----------------- testing Mon Sep 07 15:38:55 UTC 2020 /home/travis/build/icyphy/ptII/ptolemy/actor/lib/hoc/test/auto/RunCompositeActor.xml
----------------- Instantiating /home/travis/build/icyphy/ptII/ptolemy/actor/lib/hoc/test/auto/RunCompositeActor.xml
7 ms. Memory: 176128K Free: 92726K (53%)
----------------- Invoking toplevel() on ptolemy.moml.MoMLSimpleApplication@29843884
----------------- Done invoking toplevel() on ptolemy.moml.MoMLSimpleApplication@29843884
reloadAllAccessors: .RunCompositeActor

===========================================================================================
----------------- testing Mon Sep 07 15:38:55 UTC 2020 /home/travis/build/icyphy/ptII/ptolemy/actor/lib/hoc/test/auto/RunCompositeActor2.xml
----------------- Instantiating /home/travis/build/icyphy/ptII/ptolemy/actor/lib/hoc/test/auto/RunCompositeActor2.xml
7 ms. Memory: 176128K Free: 86582K (49%)
----------------- Invoking toplevel() on ptolemy.moml.MoMLSimpleApplication@358a4aef
----------------- Done invoking toplevel() on ptolemy.moml.MoMLSimpleApplication@358a4aef
reloadAllAccessors: .RunCompositeActor2

===========================================================================================
----------------- testing Mon Sep 07 15:38:55 UTC 2020 /home/travis/build/icyphy/ptII/ptolemy/actor/lib/hoc/test/auto/RunCompositeActor3.xml
----------------- Instantiating /home/travis/build/icyphy/ptII/ptolemy/actor/lib/hoc/test/auto/RunCompositeActor3.xml
3 ms. Memory: 176128K Free: 80958K (46%)
----------------- Invoking toplevel() on ptolemy.moml.MoMLSimpleApplication@4b40aaf1
----------------- Done invoking toplevel() on ptolemy.moml.MoMLSimpleApplication@4b40aaf1
reloadAllAccessors: .RunCompositeActor3

===========================================================================================
----------------- testing Mon Sep 07 15:38:55 UTC 2020 /home/travis/build/icyphy/ptII/ptolemy/actor/lib/hoc/test/auto/RunCompositeActor4.xml
----------------- Instantiating /home/travis/build/icyphy/ptII/ptolemy/actor/lib/hoc/test/auto/RunCompositeActor4.xml
11 ms. Memory: 176128K Free: 72766K (41%)
----------------- Invoking toplevel() on ptolemy.moml.MoMLSimpleApplication@44919e4b
----------------- Done invoking toplevel() on ptolemy.moml.MoMLSimpleApplication@44919e4b
reloadAllAccessors: .RunCompositeActor4

===========================================================================================
----------------- testing Mon Sep 07 15:38:55 UTC 2020 /home/travis/build/icyphy/ptII/ptolemy/actor/lib/hoc/test/auto/RunCompositeIterateOverArray.xml
----------------- Instantiating /home/travis/build/icyphy/ptII/ptolemy/actor/lib/hoc/test/auto/RunCompositeIterateOverArray.xml
5 ms. Memory: 176128K Free: 66622K (38%)
----------------- Invoking toplevel() on ptolemy.moml.MoMLSimpleApplication@260bc9ce
----------------- Done invoking toplevel() on ptolemy.moml.MoMLSimpleApplication@260bc9ce
reloadAllAccessors: .RunCompositeIterateOverArray

===========================================================================================
----------------- testing Mon Sep 07 15:38:55 UTC 2020 /home/travis/build/icyphy/ptII/ptolemy/actor/lib/hoc/test/auto/ThreadedJS.xml
----------------- Instantiating /home/travis/build/icyphy/ptII/ptolemy/actor/lib/hoc/test/auto/ThreadedJS.xml
4882 ms. Memory: 211968K Free: 105058K (50%)
----------------- Invoking toplevel() on ptolemy.moml.MoMLSimpleApplication@33e485a2
----------------- Done invoking toplevel() on ptolemy.moml.MoMLSimpleApplication@33e485a2
reloadAllAccessors: .ThreadedJS
AutoTests.java: About to close Vertx.
AutoTests.java: Vertx closed.
]]></system-out>
  <system-err><![CDATA[java.lang.RuntimeException: Execution failed
	at ptolemy.moml.MoMLSimpleApplication$UnloadThread.run(MoMLSimpleApplication.java:402)
Caused by: ptolemy.kernel.util.IllegalActionException: initialize() was called after wrapup() was called but preinitialize() was not called after wrapup().
	at ptolemy.actor.lib.hoc.test.PreinitializeMustBeInvoked.initialize(PreinitializeMustBeInvoked.java:78)
	at ptolemy.actor.Director.initialize(Director.java:938)
	at ptolemy.actor.Director.initialize(Director.java:907)
	at ptolemy.actor.sched.StaticSchedulingDirector.initialize(StaticSchedulingDirector.java:159)
	at ptolemy.domains.sdf.kernel.SDFDirector.initialize(SDFDirector.java:544)
	at ptolemy.actor.CompositeActor.initialize(CompositeActor.java:935)
	at ptolemy.actor.lib.hoc.LifeCycleManager._executeInsideModel(LifeCycleManager.java:339)
	at ptolemy.actor.lib.hoc.RunCompositeActor.fire(RunCompositeActor.java:205)
	at ptolemy.actor.CompositeActor.iterate(CompositeActor.java:1146)
	at ptolemy.actor.sched.StaticSchedulingDirector.fire(StaticSchedulingDirector.java:216)
	at ptolemy.domains.sdf.kernel.SDFDirector.fire(SDFDirector.java:500)
	at ptolemy.actor.CompositeActor.fire(CompositeActor.java:455)
	at ptolemy.actor.Manager.iterate(Manager.java:851)
	at ptolemy.actor.Manager.execute(Manager.java:369)
	at ptolemy.actor.Manager.run(Manager.java:1263)
	at ptolemy.actor.Manager$PtolemyRunThread.run(Manager.java:1933)
java.lang.reflect.InvocationTargetException
	at java.base/jdk.internal.reflect.NativeConstructorAccessorImpl.newInstance0(Native Method)
	at java.base/jdk.internal.reflect.NativeConstructorAccessorImpl.newInstance(NativeConstructorAccessorImpl.java:62)
	at java.base/jdk.internal.reflect.DelegatingConstructorAccessorImpl.newInstance(DelegatingConstructorAccessorImpl.java:45)
	at java.base/java.lang.reflect.Constructor.newInstance(Constructor.java:490)
	at ptolemy.util.test.junit.AutoKnownFailedTests.RunModel(AutoKnownFailedTests.java:105)
	at java.base/jdk.internal.reflect.NativeMethodAccessorImpl.invoke0(Native Method)
	at java.base/jdk.internal.reflect.NativeMethodAccessorImpl.invoke(NativeMethodAccessorImpl.java:62)
	at java.base/jdk.internal.reflect.DelegatingMethodAccessorImpl.invoke(DelegatingMethodAccessorImpl.java:43)
	at java.base/java.lang.reflect.Method.invoke(Method.java:566)
	at org.junit.runners.model.FrameworkMethod$1.runReflectiveCall(FrameworkMethod.java:44)
	at org.junit.internal.runners.model.ReflectiveCallable.run(ReflectiveCallable.java:15)
	at org.junit.runners.model.FrameworkMethod.invokeExplosively(FrameworkMethod.java:41)
	at junitparams.internal.InvokeParameterisedMethod.evaluate(InvokeParameterisedMethod.java:102)
	at org.junit.internal.runners.statements.FailOnTimeout$1.run(FailOnTimeout.java:28)
Caused by: ptolemy.kernel.util.IllegalActionException: initialize() was called after wrapup() was called but preinitialize() was not called after wrapup().
	at ptolemy.actor.lib.hoc.test.PreinitializeMustBeInvoked.initialize(PreinitializeMustBeInvoked.java:78)
	at ptolemy.actor.Director.initialize(Director.java:938)
	at ptolemy.actor.Director.initialize(Director.java:907)
	at ptolemy.actor.sched.StaticSchedulingDirector.initialize(StaticSchedulingDirector.java:159)
	at ptolemy.domains.sdf.kernel.SDFDirector.initialize(SDFDirector.java:544)
	at ptolemy.actor.CompositeActor.initialize(CompositeActor.java:935)
	at ptolemy.actor.lib.hoc.LifeCycleManager._executeInsideModel(LifeCycleManager.java:339)
	at ptolemy.actor.lib.hoc.RunCompositeActor.fire(RunCompositeActor.java:205)
	at ptolemy.actor.CompositeActor.iterate(CompositeActor.java:1146)
	at ptolemy.actor.sched.StaticSchedulingDirector.fire(StaticSchedulingDirector.java:216)
	at ptolemy.domains.sdf.kernel.SDFDirector.fire(SDFDirector.java:500)
	at ptolemy.actor.CompositeActor.fire(CompositeActor.java:455)
	at ptolemy.actor.Manager.iterate(Manager.java:851)
	at ptolemy.actor.Manager.execute(Manager.java:369)
	at ptolemy.actor.Manager.run(Manager.java:1263)
	at ptolemy.actor.Manager$PtolemyRunThread.run(Manager.java:1933)
Warning: Nashorn engine is planned to be removed from a future JDK release
Warning: Nashorn engine is planned to be removed from a future JDK release
Warning: Nashorn engine is planned to be removed from a future JDK release
Warning: Nashorn engine is planned to be removed from a future JDK release
Warning: Nashorn engine is planned to be removed from a future JDK release
Warning: Nashorn engine is planned to be removed from a future JDK release
Warning: Nashorn engine is planned to be removed from a future JDK release
Warning: Nashorn engine is planned to be removed from a future JDK release
]]></system-err>
</testsuite>
