<?xml version="1.0" encoding="UTF-8" ?>
<testsuite errors="0" failures="0" hostname="travis-job-7d0a40c7-17b4-4ab6-b70c-d89bd5d62a2c" name="ptolemy.domains.sdf.test.junit.JUnitTclTest" skipped="0" tests="66" time="20.167" timestamp="2019-05-14T04:29:18">
  <properties>
[...]
</properties>
  <testcase classname="ptolemy.util.test.junit.TclTests" name="[0] /home/travis/build/icyphy/ptII/ptolemy/domains/sdf/test/SDFSchedulerErrors.tcl (RunTclFile)" time="0.642" />
  <testcase classname="ptolemy.util.test.junit.TclTests" name="[1] /home/travis/build/icyphy/ptII/ptolemy/domains/sdf/test/composition.tcl (RunTclFile)" time="0.199" />
  <testcase classname="ptolemy.util.test.junit.TclTests" name="[2] /home/travis/build/icyphy/ptII/ptolemy/domains/sdf/test/cycle.tcl (RunTclFile)" time="0.066" />
  <testcase classname="ptolemy.util.test.junit.AutoKnownFailedTests" name="[0] ThereAreNoKnowFailedTests (RunModel)" time="0.008" />
  <testcase classname="ptolemy.util.test.junit.AutoNameArchTests" name="[0] ThereAreNoAutoArchTests (RunModel)" time="0.001" />
  <testcase classname="ptolemy.util.test.junit.AutoTests" name="[0] /home/travis/build/icyphy/ptII/ptolemy/domains/sdf/test/auto/Array.xml (RunModel)" time="0.173" />
  <testcase classname="ptolemy.util.test.junit.AutoTests" name="[1] /home/travis/build/icyphy/ptII/ptolemy/domains/sdf/test/auto/Butterfly.xml (RunModel)" time="0.151" />
  <testcase classname="ptolemy.util.test.junit.AutoTests" name="[2] /home/travis/build/icyphy/ptII/ptolemy/domains/sdf/test/auto/Expression.xml (RunModel)" time="0.097" />
  <testcase classname="ptolemy.util.test.junit.AutoTests" name="[3] /home/travis/build/icyphy/ptII/ptolemy/domains/sdf/test/auto/Eye.xml (RunModel)" time="0.344" />
  <testcase classname="ptolemy.util.test.junit.AutoTests" name="[4] /home/travis/build/icyphy/ptII/ptolemy/domains/sdf/test/auto/FixFIR.xml (RunModel)" time="0.307" />
  <testcase classname="ptolemy.util.test.junit.AutoTests" name="[5] /home/travis/build/icyphy/ptII/ptolemy/domains/sdf/test/auto/FixPoint.xml (RunModel)" time="0.046" />
  <testcase classname="ptolemy.util.test.junit.AutoTests" name="[6] /home/travis/build/icyphy/ptII/ptolemy/domains/sdf/test/auto/Gravitation.xml (RunModel)" time="3.301" />
  <testcase classname="ptolemy.util.test.junit.AutoTests" name="[7] /home/travis/build/icyphy/ptII/ptolemy/domains/sdf/test/auto/GravitationWithCollisionDetection.xml (RunModel)" time="6.526" />
  <testcase classname="ptolemy.util.test.junit.AutoTests" name="[8] /home/travis/build/icyphy/ptII/ptolemy/domains/sdf/test/auto/HDF.xml (RunModel)" time="0.106" />
  <testcase classname="ptolemy.util.test.junit.AutoTests" name="[9] /home/travis/build/icyphy/ptII/ptolemy/domains/sdf/test/auto/HDFwithTransientStates.xml (RunModel)" time="0.1" />
  <testcase classname="ptolemy.util.test.junit.AutoTests" name="[10] /home/travis/build/icyphy/ptII/ptolemy/domains/sdf/test/auto/HTVQ.xml (RunModel)" time="0.886" />
  <testcase classname="ptolemy.util.test.junit.AutoTests" name="[11] /home/travis/build/icyphy/ptII/ptolemy/domains/sdf/test/auto/InferInitProduction.xml (RunModel)" time="0.032" />
  <testcase classname="ptolemy.util.test.junit.AutoTests" name="[12] /home/travis/build/icyphy/ptII/ptolemy/domains/sdf/test/auto/InferInitProductionDeeper.xml (RunModel)" time="0.022" />
  <testcase classname="ptolemy.util.test.junit.AutoTests" name="[13] /home/travis/build/icyphy/ptII/ptolemy/domains/sdf/test/auto/LMSAdaptive.xml (RunModel)" time="0.087" />
  <testcase classname="ptolemy.util.test.junit.AutoTests" name="[14] /home/travis/build/icyphy/ptII/ptolemy/domains/sdf/test/auto/LogisticMap.xml (RunModel)" time="0.489" />
  <testcase classname="ptolemy.util.test.junit.AutoTests" name="[15] /home/travis/build/icyphy/ptII/ptolemy/domains/sdf/test/auto/MaximumEntropySpectrum.xml (RunModel)" time="0.274" />
  <testcase classname="ptolemy.util.test.junit.AutoTests" name="[16] /home/travis/build/icyphy/ptII/ptolemy/domains/sdf/test/auto/MultirateSDF.xml (RunModel)" time="0.074" />
  <testcase classname="ptolemy.util.test.junit.AutoTests" name="[17] /home/travis/build/icyphy/ptII/ptolemy/domains/sdf/test/auto/MultirateSDFwithTransientStates.xml (RunModel)" time="0.076" />
  <testcase classname="ptolemy.util.test.junit.AutoTests" name="[18] /home/travis/build/icyphy/ptII/ptolemy/domains/sdf/test/auto/NoisySinewave.xml (RunModel)" time="0.066" />
  <testcase classname="ptolemy.util.test.junit.AutoTests" name="[19] /home/travis/build/icyphy/ptII/ptolemy/domains/sdf/test/auto/Objects.xml (RunModel)" time="0.06" />
  <testcase classname="ptolemy.util.test.junit.AutoTests" name="[20] /home/travis/build/icyphy/ptII/ptolemy/domains/sdf/test/auto/OrthogonalCom.xml (RunModel)" time="0.046" />
  <testcase classname="ptolemy.util.test.junit.AutoTests" name="[21] /home/travis/build/icyphy/ptII/ptolemy/domains/sdf/test/auto/RijndaelEncryption.xml (RunModel)" time="0.544" />
  <testcase classname="ptolemy.util.test.junit.AutoTests" name="[22] /home/travis/build/icyphy/ptII/ptolemy/domains/sdf/test/auto/SDFEmptyIterations.xml (RunModel)" time="0.022" />
  <testcase classname="ptolemy.util.test.junit.AutoTests" name="[23] /home/travis/build/icyphy/ptII/ptolemy/domains/sdf/test/auto/Spectrum.xml (RunModel)" time="0.08" />
  <testcase classname="ptolemy.util.test.junit.AutoTests" name="[24] /home/travis/build/icyphy/ptII/ptolemy/domains/sdf/test/auto/de_inside_sdf.xml (RunModel)" time="0.022" />
  <testcase classname="ptolemy.util.test.junit.AutoTests" name="[25] /home/travis/build/icyphy/ptII/ptolemy/domains/sdf/test/auto/disconnectedHierarchicalSDF.xml (RunModel)" time="0.032" />
  <testcase classname="ptolemy.util.test.junit.AutoTests" name="[26] /home/travis/build/icyphy/ptII/ptolemy/domains/sdf/test/auto/disconnectedSDF.xml (RunModel)" time="0.018" />
  <testcase classname="ptolemy.util.test.junit.AutoTests" name="[27] /home/travis/build/icyphy/ptII/ptolemy/domains/sdf/test/auto/emptyRefinement.xml (RunModel)" time="0.027" />
  <testcase classname="ptolemy.util.test.junit.AutoTests" name="[28] /home/travis/build/icyphy/ptII/ptolemy/domains/sdf/test/auto/filePortParameter.xml (RunModel)" time="0.047" />
  <testcase classname="ptolemy.util.test.junit.AutoTests" name="[29] /home/travis/build/icyphy/ptII/ptolemy/domains/sdf/test/auto/inferRelationWidth1.xml (RunModel)" time="0.015" />
  <testcase classname="ptolemy.util.test.junit.AutoTests" name="[30] /home/travis/build/icyphy/ptII/ptolemy/domains/sdf/test/auto/initProductionInference.xml (RunModel)" time="0.022" />
  <testcase classname="ptolemy.util.test.junit.AutoTests" name="[31] /home/travis/build/icyphy/ptII/ptolemy/domains/sdf/test/auto/relationGroup.xml (RunModel)" time="0.015" />
  <testcase classname="ptolemy.util.test.junit.AutoTests" name="[32] /home/travis/build/icyphy/ptII/ptolemy/domains/sdf/test/auto/relationGroup10.xml (RunModel)" time="0.021" />
  <testcase classname="ptolemy.util.test.junit.AutoTests" name="[33] /home/travis/build/icyphy/ptII/ptolemy/domains/sdf/test/auto/relationGroup11.xml (RunModel)" time="0.02" />
  <testcase classname="ptolemy.util.test.junit.AutoTests" name="[34] /home/travis/build/icyphy/ptII/ptolemy/domains/sdf/test/auto/relationGroup12.xml (RunModel)" time="0.018" />
  <testcase classname="ptolemy.util.test.junit.AutoTests" name="[35] /home/travis/build/icyphy/ptII/ptolemy/domains/sdf/test/auto/relationGroup13.xml (RunModel)" time="0.023" />
  <testcase classname="ptolemy.util.test.junit.AutoTests" name="[36] /home/travis/build/icyphy/ptII/ptolemy/domains/sdf/test/auto/relationGroup14.xml (RunModel)" time="0.02" />
  <testcase classname="ptolemy.util.test.junit.AutoTests" name="[37] /home/travis/build/icyphy/ptII/ptolemy/domains/sdf/test/auto/relationGroup15.xml (RunModel)" time="0.023" />
  <testcase classname="ptolemy.util.test.junit.AutoTests" name="[38] /home/travis/build/icyphy/ptII/ptolemy/domains/sdf/test/auto/relationGroup2.xml (RunModel)" time="0.015" />
  <testcase classname="ptolemy.util.test.junit.AutoTests" name="[39] /home/travis/build/icyphy/ptII/ptolemy/domains/sdf/test/auto/relationGroup3.xml (RunModel)" time="0.02" />
  <testcase classname="ptolemy.util.test.junit.AutoTests" name="[40] /home/travis/build/icyphy/ptII/ptolemy/domains/sdf/test/auto/relationGroup4.xml (RunModel)" time="0.028" />
  <testcase classname="ptolemy.util.test.junit.AutoTests" name="[41] /home/travis/build/icyphy/ptII/ptolemy/domains/sdf/test/auto/relationGroup5.xml (RunModel)" time="0.018" />
  <testcase classname="ptolemy.util.test.junit.AutoTests" name="[42] /home/travis/build/icyphy/ptII/ptolemy/domains/sdf/test/auto/relationGroup6.xml (RunModel)" time="0.017" />
  <testcase classname="ptolemy.util.test.junit.AutoTests" name="[43] /home/travis/build/icyphy/ptII/ptolemy/domains/sdf/test/auto/relationGroup7.xml (RunModel)" time="0.009" />
  <testcase classname="ptolemy.util.test.junit.AutoTests" name="[44] /home/travis/build/icyphy/ptII/ptolemy/domains/sdf/test/auto/relationGroup8.xml (RunModel)" time="0.011" />
  <testcase classname="ptolemy.util.test.junit.AutoTests" name="[45] /home/travis/build/icyphy/ptII/ptolemy/domains/sdf/test/auto/relationGroup9.xml (RunModel)" time="0.018" />
  <testcase classname="ptolemy.util.test.junit.AutoTests" name="[46] /home/travis/build/icyphy/ptII/ptolemy/domains/sdf/test/auto/sdf_inside_de.xml (RunModel)" time="0.051" />
  <testcase classname="ptolemy.util.test.junit.AutoTests" name="[47] /home/travis/build/icyphy/ptII/ptolemy/domains/sdf/test/auto/sdf_inside_pn.xml (RunModel)" time="0.057" />
  <testcase classname="ptolemy.util.test.junit.AutoTests" name="[48] /home/travis/build/icyphy/ptII/ptolemy/domains/sdf/test/auto/sdf_sdf1.xml (RunModel)" time="0.021" />
  <testcase classname="ptolemy.util.test.junit.AutoTests" name="[49] /home/travis/build/icyphy/ptII/ptolemy/domains/sdf/test/auto/test1.xml (RunModel)" time="0.025" />
  <testcase classname="ptolemy.util.test.junit.AutoTests" name="[50] /home/travis/build/icyphy/ptII/ptolemy/domains/sdf/test/auto/time1.xml (RunModel)" time="0.013" />
  <testcase classname="ptolemy.util.test.junit.AutoTests" name="[51] /home/travis/build/icyphy/ptII/ptolemy/domains/sdf/test/auto/time2.xml (RunModel)" time="0.012" />
  <testcase classname="ptolemy.util.test.junit.AutoTests" name="[52] /home/travis/build/icyphy/ptII/ptolemy/domains/sdf/test/auto/time3.xml (RunModel)" time="0.023" />
  <testcase classname="ptolemy.util.test.junit.AutoTests" name="[53] /home/travis/build/icyphy/ptII/ptolemy/domains/sdf/test/auto/time4.xml (RunModel)" time="0.02" />
  <testcase classname="ptolemy.util.test.junit.AutoTests" name="[54] /home/travis/build/icyphy/ptII/ptolemy/domains/sdf/test/auto/time5.xml (RunModel)" time="4.011" />
  <testcase classname="ptolemy.util.test.junit.AutoTests" name="[55] /home/travis/build/icyphy/ptII/ptolemy/domains/sdf/test/auto/typeSystem_Const_Integer_smallest_Type.xml (RunModel)" time="0.029" />
  <testcase classname="ptolemy.util.test.junit.AutoTests" name="[56] /home/travis/build/icyphy/ptII/ptolemy/domains/sdf/test/auto/typeSystem_declared_Inports_OutportTypeException.xml (RunModel)" time="0.018" />
  <testcase classname="ptolemy.util.test.junit.AutoTests" name="[57] /home/travis/build/icyphy/ptII/ptolemy/domains/sdf/test/auto/typeSystem_oneDeclaredInportType_wrongTypeOutport.xml (RunModel)" time="0.014" />
  <testcase classname="ptolemy.util.test.junit.AutoTests" name="[58] /home/travis/build/icyphy/ptII/ptolemy/domains/sdf/test/auto/width.xml (RunModel)" time="0.021" />
  <testcase classname="ptolemy.util.test.junit.AutoTests" name="[59] /home/travis/build/icyphy/ptII/ptolemy/domains/sdf/test/auto/width2.xml (RunModel)" time="0.04" />
  <testcase classname="ptolemy.util.test.junit.AutoTests" name="[60] /home/travis/build/icyphy/ptII/ptolemy/domains/sdf/test/auto/width3.xml (RunModel)" time="0.035" />
  <system-out><![CDATA[/home/travis/build/icyphy/ptII/ptolemy/domains/sdf/test/SDFSchedulerErrors.tcl
testDefs.tcl: setting time out to 9000 seconds at Tue May 14 04:29:18 UTC 2019
17 ms. Memory: 116224K Free: 108795K (94%)
7 ms. Memory: 116224K Free: 101862K (88%)
4 ms. Memory: 116224K Free: 95420K (82%)
11 ms. Memory: 116224K Free: 92368K (79%)
/home/travis/build/icyphy/ptII/ptolemy/domains/sdf/test/composition.tcl
52 ms. Memory: 116224K Free: 88777K (76%)
20 ms. Memory: 116224K Free: 86985K (75%)
/home/travis/build/icyphy/ptII/ptolemy/domains/sdf/test/cycle.tcl
.Toplevel.Director Preinitializing ...
Invoking preinitialize():  .Toplevel.Actor1
Invoking preinitialize():  .Toplevel.Actor2
Invoking preinitialize():  .Toplevel.Delay
.Toplevel.Director Finished preinitialize().
### Schedule:
Execute Schedule{
Fire Actor ptolemy.domains.sdf.kernel.test.SDFTestDelay {.Toplevel.Actor1}
Fire Actor ptolemy.domains.sdf.kernel.test.SDFTestDelay {.Toplevel.Actor2}
Fire Actor ptolemy.domains.sdf.lib.SampleDelay {.Toplevel.Delay}
}
### End schedule
Called initialize().
Invoking initialize():  .Toplevel.Actor1
Initializing actor: .Toplevel.Actor1.
Invoking initialize():  .Toplevel.Actor2
Initializing actor: .Toplevel.Actor2.
Invoking initialize():  .Toplevel.Delay
Initializing actor: .Toplevel.Delay.
Director: Called prefire().
-- Setting current time to 0.0
Director prefire returns true.
The actor .Toplevel.Actor1 will be iterated.
The actor .Toplevel.Actor1 was iterated.
The actor .Toplevel.Actor2 will be iterated.
The actor .Toplevel.Actor2 was iterated.
The actor .Toplevel.Delay will be iterated.
The actor .Toplevel.Delay was iterated.
Director: Called postfire().
Postfire returns: true
Director: Called prefire().
-- Setting current time to 0.0
Director prefire returns true.
The actor .Toplevel.Actor1 will be iterated.
The actor .Toplevel.Actor1 was iterated.
The actor .Toplevel.Actor2 will be iterated.
The actor .Toplevel.Actor2 was iterated.
The actor .Toplevel.Delay will be iterated.
The actor .Toplevel.Delay was iterated.
Director: Called postfire().
Postfire returns: true
Director: Called prefire().
-- Setting current time to 0.0
Director prefire returns true.
The actor .Toplevel.Actor1 will be iterated.
The actor .Toplevel.Actor1 was iterated.
The actor .Toplevel.Actor2 will be iterated.
The actor .Toplevel.Actor2 was iterated.
The actor .Toplevel.Delay will be iterated.
The actor .Toplevel.Delay was iterated.
Director: Called postfire().
Postfire returns: true
Director: Called prefire().
-- Setting current time to 0.0
Director prefire returns true.
The actor .Toplevel.Actor1 will be iterated.
The actor .Toplevel.Actor1 was iterated.
The actor .Toplevel.Actor2 will be iterated.
The actor .Toplevel.Actor2 was iterated.
The actor .Toplevel.Delay will be iterated.
The actor .Toplevel.Delay was iterated.
Director: Called postfire().
Postfire returns: true
Director: Called prefire().
-- Setting current time to 0.0
Director prefire returns true.
The actor .Toplevel.Actor1 will be iterated.
The actor .Toplevel.Actor1 was iterated.
The actor .Toplevel.Actor2 will be iterated.
The actor .Toplevel.Actor2 was iterated.
The actor .Toplevel.Delay will be iterated.
The actor .Toplevel.Delay was iterated.
Director: Called postfire().
Postfire returns: true
Director: Called prefire().
-- Setting current time to 0.0
Director prefire returns true.
The actor .Toplevel.Actor1 will be iterated.
The actor .Toplevel.Actor1 was iterated.
The actor .Toplevel.Actor2 will be iterated.
The actor .Toplevel.Actor2 was iterated.
The actor .Toplevel.Delay will be iterated.
The actor .Toplevel.Delay was iterated.
Reached specified number of iterations: 6
Director: Called wrapup().
11 ms. Memory: 116224K Free: 84559K (73%)
05/14/19 04:29:19
Failed: 0  Total Tests: 8  ((Passed: 8, Newly Passed: 0)  Known Failed: 0) /home/travis/build/icyphy/ptII/ptolemy/domains/sdf/test
No auto/knownFailedTests/*.xml tests in /home/travis/build/icyphy/ptII/ptolemy/domains/sdf/test
No auto/linux-amd64/*.xml tests in /home/travis/build/icyphy/ptII/ptolemy/domains/sdf/test
AutoTests.java: About to close Vertx.
AutoTests.java: Vertx closed.

===========================================================================================
----------------- testing Tue May 14 04:29:20 UTC 2019 /home/travis/build/icyphy/ptII/ptolemy/domains/sdf/test/auto/Array.xml
----------------- Instantiating /home/travis/build/icyphy/ptII/ptolemy/domains/sdf/test/auto/Array.xml
56 ms. Memory: 146944K Free: 109075K (74%)
----------------- Invoking toplevel() on ptolemy.moml.MoMLSimpleApplication@7715a0f7
----------------- Done invoking toplevel() on ptolemy.moml.MoMLSimpleApplication@7715a0f7
reloadAllAccessors: .Array

===========================================================================================
----------------- testing Tue May 14 04:29:20 UTC 2019 /home/travis/build/icyphy/ptII/ptolemy/domains/sdf/test/auto/Butterfly.xml
----------------- Instantiating /home/travis/build/icyphy/ptII/ptolemy/domains/sdf/test/auto/Butterfly.xml
101 ms. Memory: 146944K Free: 102874K (70%)
----------------- Invoking toplevel() on ptolemy.moml.MoMLSimpleApplication@32f5455c
----------------- Done invoking toplevel() on ptolemy.moml.MoMLSimpleApplication@32f5455c
reloadAllAccessors: .Butterfly

===========================================================================================
----------------- testing Tue May 14 04:29:20 UTC 2019 /home/travis/build/icyphy/ptII/ptolemy/domains/sdf/test/auto/Expression.xml
----------------- Instantiating /home/travis/build/icyphy/ptII/ptolemy/domains/sdf/test/auto/Expression.xml
59 ms. Memory: 146944K Free: 97942K (67%)
----------------- Invoking toplevel() on ptolemy.moml.MoMLSimpleApplication@6396727
----------------- Done invoking toplevel() on ptolemy.moml.MoMLSimpleApplication@6396727
reloadAllAccessors: .Expression

===========================================================================================
----------------- testing Tue May 14 04:29:20 UTC 2019 /home/travis/build/icyphy/ptII/ptolemy/domains/sdf/test/auto/Eye.xml
----------------- Instantiating /home/travis/build/icyphy/ptII/ptolemy/domains/sdf/test/auto/Eye.xml
195 ms. Memory: 146944K Free: 130249K (89%)
----------------- Invoking toplevel() on ptolemy.moml.MoMLSimpleApplication@513fd94c
----------------- Done invoking toplevel() on ptolemy.moml.MoMLSimpleApplication@513fd94c
reloadAllAccessors: .Eye

===========================================================================================
----------------- testing Tue May 14 04:29:20 UTC 2019 /home/travis/build/icyphy/ptII/ptolemy/domains/sdf/test/auto/FixFIR.xml
----------------- Instantiating /home/travis/build/icyphy/ptII/ptolemy/domains/sdf/test/auto/FixFIR.xml
168 ms. Memory: 146944K Free: 93958K (64%)
----------------- Invoking toplevel() on ptolemy.moml.MoMLSimpleApplication@4d4949a6
----------------- Done invoking toplevel() on ptolemy.moml.MoMLSimpleApplication@4d4949a6
reloadAllAccessors: .FixFIR

===========================================================================================
----------------- testing Tue May 14 04:29:21 UTC 2019 /home/travis/build/icyphy/ptII/ptolemy/domains/sdf/test/auto/FixPoint.xml
----------------- Instantiating /home/travis/build/icyphy/ptII/ptolemy/domains/sdf/test/auto/FixPoint.xml
12 ms. Memory: 146944K Free: 88914K (61%)
----------------- Invoking toplevel() on ptolemy.moml.MoMLSimpleApplication@5130666a
----------------- Done invoking toplevel() on ptolemy.moml.MoMLSimpleApplication@5130666a
reloadAllAccessors: .FixPoint

===========================================================================================
----------------- testing Tue May 14 04:29:21 UTC 2019 /home/travis/build/icyphy/ptII/ptolemy/domains/sdf/test/auto/Gravitation.xml
----------------- Instantiating /home/travis/build/icyphy/ptII/ptolemy/domains/sdf/test/auto/Gravitation.xml
3179 ms. Memory: 208384K Free: 122776K (59%)
----------------- Invoking toplevel() on ptolemy.moml.MoMLSimpleApplication@77252a2c
----------------- Done invoking toplevel() on ptolemy.moml.MoMLSimpleApplication@77252a2c
reloadAllAccessors: .Gravitation

===========================================================================================
----------------- testing Tue May 14 04:29:24 UTC 2019 /home/travis/build/icyphy/ptII/ptolemy/domains/sdf/test/auto/GravitationWithCollisionDetection.xml
----------------- Instantiating /home/travis/build/icyphy/ptII/ptolemy/domains/sdf/test/auto/GravitationWithCollisionDetection.xml
6398 ms. Memory: 873472K Free: 348882K (40%)
----------------- Invoking toplevel() on ptolemy.moml.MoMLSimpleApplication@1a3ff622
----------------- Done invoking toplevel() on ptolemy.moml.MoMLSimpleApplication@1a3ff622
reloadAllAccessors: .GravitationWithCollisionDetection

===========================================================================================
----------------- testing Tue May 14 04:29:31 UTC 2019 /home/travis/build/icyphy/ptII/ptolemy/domains/sdf/test/auto/HDF.xml
----------------- Instantiating /home/travis/build/icyphy/ptII/ptolemy/domains/sdf/test/auto/HDF.xml
27 ms. Memory: 873472K Free: 316313K (36%)
----------------- Invoking toplevel() on ptolemy.moml.MoMLSimpleApplication@18b48c48
----------------- Done invoking toplevel() on ptolemy.moml.MoMLSimpleApplication@18b48c48
reloadAllAccessors: .HDF

===========================================================================================
----------------- testing Tue May 14 04:29:31 UTC 2019 /home/travis/build/icyphy/ptII/ptolemy/domains/sdf/test/auto/HDFwithTransientStates.xml
----------------- Instantiating /home/travis/build/icyphy/ptII/ptolemy/domains/sdf/test/auto/HDFwithTransientStates.xml
34 ms. Memory: 873472K Free: 292735K (34%)
----------------- Invoking toplevel() on ptolemy.moml.MoMLSimpleApplication@433ffd1
----------------- Done invoking toplevel() on ptolemy.moml.MoMLSimpleApplication@433ffd1
reloadAllAccessors: .HDFwithTransientStates

===========================================================================================
----------------- testing Tue May 14 04:29:31 UTC 2019 /home/travis/build/icyphy/ptII/ptolemy/domains/sdf/test/auto/HTVQ.xml
----------------- Instantiating /home/travis/build/icyphy/ptII/ptolemy/domains/sdf/test/auto/HTVQ.xml
847 ms. Memory: 873472K Free: 119831K (14%)
----------------- Invoking toplevel() on ptolemy.moml.MoMLSimpleApplication@46ab6693
----------------- Done invoking toplevel() on ptolemy.moml.MoMLSimpleApplication@46ab6693
reloadAllAccessors: .HTVQ

===========================================================================================
----------------- testing Tue May 14 04:29:32 UTC 2019 /home/travis/build/icyphy/ptII/ptolemy/domains/sdf/test/auto/InferInitProduction.xml
----------------- Instantiating /home/travis/build/icyphy/ptII/ptolemy/domains/sdf/test/auto/InferInitProduction.xml
8 ms. Memory: 873472K Free: 104113K (12%)
----------------- Invoking toplevel() on ptolemy.moml.MoMLSimpleApplication@14ab07d0
----------------- Done invoking toplevel() on ptolemy.moml.MoMLSimpleApplication@14ab07d0
reloadAllAccessors: .InferInitProduction

===========================================================================================
----------------- testing Tue May 14 04:29:32 UTC 2019 /home/travis/build/icyphy/ptII/ptolemy/domains/sdf/test/auto/InferInitProductionDeeper.xml
----------------- Instantiating /home/travis/build/icyphy/ptII/ptolemy/domains/sdf/test/auto/InferInitProductionDeeper.xml
4 ms. Memory: 873472K Free: 88394K (10%)
----------------- Invoking toplevel() on ptolemy.moml.MoMLSimpleApplication@6f4fae51
----------------- Done invoking toplevel() on ptolemy.moml.MoMLSimpleApplication@6f4fae51
reloadAllAccessors: .InferInitProductionDeeper

===========================================================================================
----------------- testing Tue May 14 04:29:32 UTC 2019 /home/travis/build/icyphy/ptII/ptolemy/domains/sdf/test/auto/LMSAdaptive.xml
----------------- Instantiating /home/travis/build/icyphy/ptII/ptolemy/domains/sdf/test/auto/LMSAdaptive.xml
20 ms. Memory: 873984K Free: 859986K (98%)
----------------- Invoking toplevel() on ptolemy.moml.MoMLSimpleApplication@3728561
----------------- Done invoking toplevel() on ptolemy.moml.MoMLSimpleApplication@3728561
reloadAllAccessors: .LMSAdaptive

===========================================================================================
----------------- testing Tue May 14 04:29:32 UTC 2019 /home/travis/build/icyphy/ptII/ptolemy/domains/sdf/test/auto/LogisticMap.xml
----------------- Instantiating /home/travis/build/icyphy/ptII/ptolemy/domains/sdf/test/auto/LogisticMap.xml
448 ms. Memory: 873984K Free: 842229K (96%)
----------------- Invoking toplevel() on ptolemy.moml.MoMLSimpleApplication@4f17f77d
----------------- Done invoking toplevel() on ptolemy.moml.MoMLSimpleApplication@4f17f77d
reloadAllAccessors: .LogisticMap

===========================================================================================
----------------- testing Tue May 14 04:29:32 UTC 2019 /home/travis/build/icyphy/ptII/ptolemy/domains/sdf/test/auto/MaximumEntropySpectrum.xml
----------------- Instantiating /home/travis/build/icyphy/ptII/ptolemy/domains/sdf/test/auto/MaximumEntropySpectrum.xml
78 ms. Memory: 873984K Free: 774084K (89%)
----------------- Invoking toplevel() on ptolemy.moml.MoMLSimpleApplication@62cf09ab
----------------- Done invoking toplevel() on ptolemy.moml.MoMLSimpleApplication@62cf09ab
reloadAllAccessors: .MaximumEntropySpectrum

===========================================================================================
----------------- testing Tue May 14 04:29:33 UTC 2019 /home/travis/build/icyphy/ptII/ptolemy/domains/sdf/test/auto/MultirateSDF.xml
----------------- Instantiating /home/travis/build/icyphy/ptII/ptolemy/domains/sdf/test/auto/MultirateSDF.xml
23 ms. Memory: 873984K Free: 753126K (86%)
----------------- Invoking toplevel() on ptolemy.moml.MoMLSimpleApplication@3456852b
----------------- Done invoking toplevel() on ptolemy.moml.MoMLSimpleApplication@3456852b
reloadAllAccessors: .MultirateSDF

===========================================================================================
----------------- testing Tue May 14 04:29:33 UTC 2019 /home/travis/build/icyphy/ptII/ptolemy/domains/sdf/test/auto/MultirateSDFwithTransientStates.xml
----------------- Instantiating /home/travis/build/icyphy/ptII/ptolemy/domains/sdf/test/auto/MultirateSDFwithTransientStates.xml
16 ms. Memory: 873984K Free: 732169K (84%)
----------------- Invoking toplevel() on ptolemy.moml.MoMLSimpleApplication@7706b2d
----------------- Done invoking toplevel() on ptolemy.moml.MoMLSimpleApplication@7706b2d
reloadAllAccessors: .MultirateSDFwithTransientStates

===========================================================================================
----------------- testing Tue May 14 04:29:33 UTC 2019 /home/travis/build/icyphy/ptII/ptolemy/domains/sdf/test/auto/NoisySinewave.xml
----------------- Instantiating /home/travis/build/icyphy/ptII/ptolemy/domains/sdf/test/auto/NoisySinewave.xml
13 ms. Memory: 873984K Free: 711211K (81%)
----------------- Invoking toplevel() on ptolemy.moml.MoMLSimpleApplication@5f3f20a6
----------------- Done invoking toplevel() on ptolemy.moml.MoMLSimpleApplication@5f3f20a6
reloadAllAccessors: .NoisySinewave

===========================================================================================
----------------- testing Tue May 14 04:29:33 UTC 2019 /home/travis/build/icyphy/ptII/ptolemy/domains/sdf/test/auto/Objects.xml
----------------- Instantiating /home/travis/build/icyphy/ptII/ptolemy/domains/sdf/test/auto/Objects.xml
4 ms. Memory: 873984K Free: 695492K (80%)
----------------- Invoking toplevel() on ptolemy.moml.MoMLSimpleApplication@57d71262
----------------- Done invoking toplevel() on ptolemy.moml.MoMLSimpleApplication@57d71262
reloadAllAccessors: .Objects

===========================================================================================
----------------- testing Tue May 14 04:29:33 UTC 2019 /home/travis/build/icyphy/ptII/ptolemy/domains/sdf/test/auto/OrthogonalCom.xml
----------------- Instantiating /home/travis/build/icyphy/ptII/ptolemy/domains/sdf/test/auto/OrthogonalCom.xml
6 ms. Memory: 873984K Free: 679774K (78%)
----------------- Invoking toplevel() on ptolemy.moml.MoMLSimpleApplication@d7eb776
----------------- Done invoking toplevel() on ptolemy.moml.MoMLSimpleApplication@d7eb776
reloadAllAccessors: .OrthogonalCom

===========================================================================================
----------------- testing Tue May 14 04:29:33 UTC 2019 /home/travis/build/icyphy/ptII/ptolemy/domains/sdf/test/auto/RijndaelEncryption.xml
----------------- Instantiating /home/travis/build/icyphy/ptII/ptolemy/domains/sdf/test/auto/RijndaelEncryption.xml
278 ms. Memory: 873984K Free: 522589K (60%)
----------------- Invoking toplevel() on ptolemy.moml.MoMLSimpleApplication@245cf45e
----------------- Done invoking toplevel() on ptolemy.moml.MoMLSimpleApplication@245cf45e
reloadAllAccessors: .RijndaelEncryption

===========================================================================================
----------------- testing Tue May 14 04:29:33 UTC 2019 /home/travis/build/icyphy/ptII/ptolemy/domains/sdf/test/auto/SDFEmptyIterations.xml
----------------- Instantiating /home/travis/build/icyphy/ptII/ptolemy/domains/sdf/test/auto/SDFEmptyIterations.xml
7 ms. Memory: 873984K Free: 512110K (59%)
----------------- Invoking toplevel() on ptolemy.moml.MoMLSimpleApplication@348efedc
----------------- Done invoking toplevel() on ptolemy.moml.MoMLSimpleApplication@348efedc
reloadAllAccessors: .SDFEmptyIterations

===========================================================================================
----------------- testing Tue May 14 04:29:33 UTC 2019 /home/travis/build/icyphy/ptII/ptolemy/domains/sdf/test/auto/Spectrum.xml
----------------- Instantiating /home/travis/build/icyphy/ptII/ptolemy/domains/sdf/test/auto/Spectrum.xml
31 ms. Memory: 873984K Free: 488213K (56%)
----------------- Invoking toplevel() on ptolemy.moml.MoMLSimpleApplication@73789e28
----------------- Done invoking toplevel() on ptolemy.moml.MoMLSimpleApplication@73789e28
reloadAllAccessors: .Spectrum

===========================================================================================
----------------- testing Tue May 14 04:29:34 UTC 2019 /home/travis/build/icyphy/ptII/ptolemy/domains/sdf/test/auto/de_inside_sdf.xml
----------------- Instantiating /home/travis/build/icyphy/ptII/ptolemy/domains/sdf/test/auto/de_inside_sdf.xml
7 ms. Memory: 873984K Free: 477734K (55%)
----------------- Invoking toplevel() on ptolemy.moml.MoMLSimpleApplication@539312ca
----------------- Done invoking toplevel() on ptolemy.moml.MoMLSimpleApplication@539312ca
reloadAllAccessors: .de_inside_sdf

===========================================================================================
----------------- testing Tue May 14 04:29:34 UTC 2019 /home/travis/build/icyphy/ptII/ptolemy/domains/sdf/test/auto/disconnectedHierarchicalSDF.xml
----------------- Instantiating /home/travis/build/icyphy/ptII/ptolemy/domains/sdf/test/auto/disconnectedHierarchicalSDF.xml
5 ms. Memory: 873984K Free: 467255K (53%)
----------------- Invoking toplevel() on ptolemy.moml.MoMLSimpleApplication@2ef4bb0a
----------------- Done invoking toplevel() on ptolemy.moml.MoMLSimpleApplication@2ef4bb0a
reloadAllAccessors: .disconnectedHierarchicalSDF

===========================================================================================
----------------- testing Tue May 14 04:29:34 UTC 2019 /home/travis/build/icyphy/ptII/ptolemy/domains/sdf/test/auto/disconnectedSDF.xml
----------------- Instantiating /home/travis/build/icyphy/ptII/ptolemy/domains/sdf/test/auto/disconnectedSDF.xml
2 ms. Memory: 873984K Free: 456776K (52%)
----------------- Invoking toplevel() on ptolemy.moml.MoMLSimpleApplication@327924e9
----------------- Done invoking toplevel() on ptolemy.moml.MoMLSimpleApplication@327924e9
reloadAllAccessors: .disconnectedSDF

===========================================================================================
----------------- testing Tue May 14 04:29:34 UTC 2019 /home/travis/build/icyphy/ptII/ptolemy/domains/sdf/test/auto/emptyRefinement.xml
----------------- Instantiating /home/travis/build/icyphy/ptII/ptolemy/domains/sdf/test/auto/emptyRefinement.xml
4 ms. Memory: 873984K Free: 446297K (51%)
----------------- Invoking toplevel() on ptolemy.moml.MoMLSimpleApplication@7cdb20cd
----------------- Done invoking toplevel() on ptolemy.moml.MoMLSimpleApplication@7cdb20cd
reloadAllAccessors: .emptyRefinement

===========================================================================================
----------------- testing Tue May 14 04:29:34 UTC 2019 /home/travis/build/icyphy/ptII/ptolemy/domains/sdf/test/auto/filePortParameter.xml
----------------- Instantiating /home/travis/build/icyphy/ptII/ptolemy/domains/sdf/test/auto/filePortParameter.xml
15 ms. Memory: 873984K Free: 430578K (49%)
----------------- Invoking toplevel() on ptolemy.moml.MoMLSimpleApplication@206b6f9d
----------------- Done invoking toplevel() on ptolemy.moml.MoMLSimpleApplication@206b6f9d
reloadAllAccessors: .filePortParameter

===========================================================================================
----------------- testing Tue May 14 04:29:34 UTC 2019 /home/travis/build/icyphy/ptII/ptolemy/domains/sdf/test/auto/inferRelationWidth1.xml
----------------- Instantiating /home/travis/build/icyphy/ptII/ptolemy/domains/sdf/test/auto/inferRelationWidth1.xml
4 ms. Memory: 873984K Free: 420100K (48%)
----------------- Invoking toplevel() on ptolemy.moml.MoMLSimpleApplication@14b06100
----------------- Done invoking toplevel() on ptolemy.moml.MoMLSimpleApplication@14b06100
reloadAllAccessors: .inferRelationWidth1

===========================================================================================
----------------- testing Tue May 14 04:29:34 UTC 2019 /home/travis/build/icyphy/ptII/ptolemy/domains/sdf/test/auto/initProductionInference.xml
----------------- Instantiating /home/travis/build/icyphy/ptII/ptolemy/domains/sdf/test/auto/initProductionInference.xml
8 ms. Memory: 873984K Free: 409621K (47%)
----------------- Invoking toplevel() on ptolemy.moml.MoMLSimpleApplication@7e2817a2
----------------- Done invoking toplevel() on ptolemy.moml.MoMLSimpleApplication@7e2817a2
reloadAllAccessors: .initProductionInference

===========================================================================================
----------------- testing Tue May 14 04:29:34 UTC 2019 /home/travis/build/icyphy/ptII/ptolemy/domains/sdf/test/auto/relationGroup.xml
----------------- Instantiating /home/travis/build/icyphy/ptII/ptolemy/domains/sdf/test/auto/relationGroup.xml
3 ms. Memory: 873984K Free: 396202K (45%)
----------------- Invoking toplevel() on ptolemy.moml.MoMLSimpleApplication@aa2a73a
----------------- Done invoking toplevel() on ptolemy.moml.MoMLSimpleApplication@aa2a73a
reloadAllAccessors: .relationGroup

===========================================================================================
----------------- testing Tue May 14 04:29:34 UTC 2019 /home/travis/build/icyphy/ptII/ptolemy/domains/sdf/test/auto/relationGroup10.xml
----------------- Instantiating /home/travis/build/icyphy/ptII/ptolemy/domains/sdf/test/auto/relationGroup10.xml
4 ms. Memory: 873984K Free: 385723K (44%)
----------------- Invoking toplevel() on ptolemy.moml.MoMLSimpleApplication@2fb92502
----------------- Done invoking toplevel() on ptolemy.moml.MoMLSimpleApplication@2fb92502
reloadAllAccessors: .relationGroup10

===========================================================================================
----------------- testing Tue May 14 04:29:34 UTC 2019 /home/travis/build/icyphy/ptII/ptolemy/domains/sdf/test/auto/relationGroup11.xml
----------------- Instantiating /home/travis/build/icyphy/ptII/ptolemy/domains/sdf/test/auto/relationGroup11.xml
3 ms. Memory: 873984K Free: 375244K (43%)
----------------- Invoking toplevel() on ptolemy.moml.MoMLSimpleApplication@4b0f2305
----------------- Done invoking toplevel() on ptolemy.moml.MoMLSimpleApplication@4b0f2305
reloadAllAccessors: .relationGroup11

===========================================================================================
----------------- testing Tue May 14 04:29:34 UTC 2019 /home/travis/build/icyphy/ptII/ptolemy/domains/sdf/test/auto/relationGroup12.xml
----------------- Instantiating /home/travis/build/icyphy/ptII/ptolemy/domains/sdf/test/auto/relationGroup12.xml
3 ms. Memory: 873984K Free: 364765K (42%)
----------------- Invoking toplevel() on ptolemy.moml.MoMLSimpleApplication@4112eebe
----------------- Done invoking toplevel() on ptolemy.moml.MoMLSimpleApplication@4112eebe
reloadAllAccessors: .relationGroup12

===========================================================================================
----------------- testing Tue May 14 04:29:34 UTC 2019 /home/travis/build/icyphy/ptII/ptolemy/domains/sdf/test/auto/relationGroup13.xml
----------------- Instantiating /home/travis/build/icyphy/ptII/ptolemy/domains/sdf/test/auto/relationGroup13.xml
7 ms. Memory: 873984K Free: 354286K (41%)
----------------- Invoking toplevel() on ptolemy.moml.MoMLSimpleApplication@21a7d40b
----------------- Done invoking toplevel() on ptolemy.moml.MoMLSimpleApplication@21a7d40b
reloadAllAccessors: .relationGroup13

===========================================================================================
----------------- testing Tue May 14 04:29:34 UTC 2019 /home/travis/build/icyphy/ptII/ptolemy/domains/sdf/test/auto/relationGroup14.xml
----------------- Instantiating /home/travis/build/icyphy/ptII/ptolemy/domains/sdf/test/auto/relationGroup14.xml
4 ms. Memory: 873984K Free: 343807K (39%)
----------------- Invoking toplevel() on ptolemy.moml.MoMLSimpleApplication@377dd34b
----------------- Done invoking toplevel() on ptolemy.moml.MoMLSimpleApplication@377dd34b
reloadAllAccessors: .relationGroup14

===========================================================================================
----------------- testing Tue May 14 04:29:34 UTC 2019 /home/travis/build/icyphy/ptII/ptolemy/domains/sdf/test/auto/relationGroup15.xml
----------------- Instantiating /home/travis/build/icyphy/ptII/ptolemy/domains/sdf/test/auto/relationGroup15.xml
2 ms. Memory: 873984K Free: 333328K (38%)
----------------- Invoking toplevel() on ptolemy.moml.MoMLSimpleApplication@2c1c0214
----------------- Done invoking toplevel() on ptolemy.moml.MoMLSimpleApplication@2c1c0214
reloadAllAccessors: .relationGroup15

===========================================================================================
----------------- testing Tue May 14 04:29:34 UTC 2019 /home/travis/build/icyphy/ptII/ptolemy/domains/sdf/test/auto/relationGroup2.xml
----------------- Instantiating /home/travis/build/icyphy/ptII/ptolemy/domains/sdf/test/auto/relationGroup2.xml
3 ms. Memory: 873984K Free: 322849K (37%)
----------------- Invoking toplevel() on ptolemy.moml.MoMLSimpleApplication@71ce2b7
----------------- Done invoking toplevel() on ptolemy.moml.MoMLSimpleApplication@71ce2b7
reloadAllAccessors: .relationGroup2

===========================================================================================
----------------- testing Tue May 14 04:29:34 UTC 2019 /home/travis/build/icyphy/ptII/ptolemy/domains/sdf/test/auto/relationGroup3.xml
----------------- Instantiating /home/travis/build/icyphy/ptII/ptolemy/domains/sdf/test/auto/relationGroup3.xml
2 ms. Memory: 873984K Free: 312370K (36%)
----------------- Invoking toplevel() on ptolemy.moml.MoMLSimpleApplication@4018ed9e
----------------- Done invoking toplevel() on ptolemy.moml.MoMLSimpleApplication@4018ed9e
reloadAllAccessors: .relationGroup3

===========================================================================================
----------------- testing Tue May 14 04:29:34 UTC 2019 /home/travis/build/icyphy/ptII/ptolemy/domains/sdf/test/auto/relationGroup4.xml
----------------- Instantiating /home/travis/build/icyphy/ptII/ptolemy/domains/sdf/test/auto/relationGroup4.xml
5 ms. Memory: 873984K Free: 298952K (34%)
----------------- Invoking toplevel() on ptolemy.moml.MoMLSimpleApplication@41c5458c
----------------- Done invoking toplevel() on ptolemy.moml.MoMLSimpleApplication@41c5458c
reloadAllAccessors: .relationGroup4

===========================================================================================
----------------- testing Tue May 14 04:29:34 UTC 2019 /home/travis/build/icyphy/ptII/ptolemy/domains/sdf/test/auto/relationGroup5.xml
----------------- Instantiating /home/travis/build/icyphy/ptII/ptolemy/domains/sdf/test/auto/relationGroup5.xml
4 ms. Memory: 873984K Free: 288473K (33%)
----------------- Invoking toplevel() on ptolemy.moml.MoMLSimpleApplication@173987b7
----------------- Done invoking toplevel() on ptolemy.moml.MoMLSimpleApplication@173987b7
reloadAllAccessors: .relationGroup5

===========================================================================================
----------------- testing Tue May 14 04:29:34 UTC 2019 /home/travis/build/icyphy/ptII/ptolemy/domains/sdf/test/auto/relationGroup6.xml
----------------- Instantiating /home/travis/build/icyphy/ptII/ptolemy/domains/sdf/test/auto/relationGroup6.xml
5 ms. Memory: 873984K Free: 277994K (32%)
----------------- Invoking toplevel() on ptolemy.moml.MoMLSimpleApplication@40972077
----------------- Done invoking toplevel() on ptolemy.moml.MoMLSimpleApplication@40972077
reloadAllAccessors: .relationGroup6

===========================================================================================
----------------- testing Tue May 14 04:29:34 UTC 2019 /home/travis/build/icyphy/ptII/ptolemy/domains/sdf/test/auto/relationGroup7.xml
----------------- Instantiating /home/travis/build/icyphy/ptII/ptolemy/domains/sdf/test/auto/relationGroup7.xml
2 ms. Memory: 873984K Free: 267515K (31%)
----------------- Invoking toplevel() on ptolemy.moml.MoMLSimpleApplication@90129d4
----------------- Done invoking toplevel() on ptolemy.moml.MoMLSimpleApplication@90129d4
reloadAllAccessors: .relationGroup7

===========================================================================================
----------------- testing Tue May 14 04:29:34 UTC 2019 /home/travis/build/icyphy/ptII/ptolemy/domains/sdf/test/auto/relationGroup8.xml
----------------- Instantiating /home/travis/build/icyphy/ptII/ptolemy/domains/sdf/test/auto/relationGroup8.xml
2 ms. Memory: 873984K Free: 257036K (29%)
----------------- Invoking toplevel() on ptolemy.moml.MoMLSimpleApplication@2c0dcfbc
----------------- Done invoking toplevel() on ptolemy.moml.MoMLSimpleApplication@2c0dcfbc
reloadAllAccessors: .relationGroup8

===========================================================================================
----------------- testing Tue May 14 04:29:34 UTC 2019 /home/travis/build/icyphy/ptII/ptolemy/domains/sdf/test/auto/relationGroup9.xml
----------------- Instantiating /home/travis/build/icyphy/ptII/ptolemy/domains/sdf/test/auto/relationGroup9.xml
3 ms. Memory: 873984K Free: 246557K (28%)
----------------- Invoking toplevel() on ptolemy.moml.MoMLSimpleApplication@5fdeb293
----------------- Done invoking toplevel() on ptolemy.moml.MoMLSimpleApplication@5fdeb293
reloadAllAccessors: .relationGroup9

===========================================================================================
----------------- testing Tue May 14 04:29:34 UTC 2019 /home/travis/build/icyphy/ptII/ptolemy/domains/sdf/test/auto/sdf_inside_de.xml
----------------- Instantiating /home/travis/build/icyphy/ptII/ptolemy/domains/sdf/test/auto/sdf_inside_de.xml
15 ms. Memory: 873984K Free: 230839K (26%)
----------------- Invoking toplevel() on ptolemy.moml.MoMLSimpleApplication@3d20459d
----------------- Done invoking toplevel() on ptolemy.moml.MoMLSimpleApplication@3d20459d
reloadAllAccessors: .sdf_inside_de

===========================================================================================
----------------- testing Tue May 14 04:29:34 UTC 2019 /home/travis/build/icyphy/ptII/ptolemy/domains/sdf/test/auto/sdf_inside_pn.xml
----------------- Instantiating /home/travis/build/icyphy/ptII/ptolemy/domains/sdf/test/auto/sdf_inside_pn.xml
32 ms. Memory: 873984K Free: 194163K (22%)
----------------- Invoking toplevel() on ptolemy.moml.MoMLSimpleApplication@2be1fba
----------------- Done invoking toplevel() on ptolemy.moml.MoMLSimpleApplication@2be1fba
reloadAllAccessors: .sdf_inside_pn

===========================================================================================
----------------- testing Tue May 14 04:29:34 UTC 2019 /home/travis/build/icyphy/ptII/ptolemy/domains/sdf/test/auto/sdf_sdf1.xml
----------------- Instantiating /home/travis/build/icyphy/ptII/ptolemy/domains/sdf/test/auto/sdf_sdf1.xml
3 ms. Memory: 873984K Free: 180744K (21%)
----------------- Invoking toplevel() on ptolemy.moml.MoMLSimpleApplication@3d6bc321
----------------- Done invoking toplevel() on ptolemy.moml.MoMLSimpleApplication@3d6bc321
reloadAllAccessors: .sdf_sdf1

===========================================================================================
----------------- testing Tue May 14 04:29:34 UTC 2019 /home/travis/build/icyphy/ptII/ptolemy/domains/sdf/test/auto/test1.xml
----------------- Instantiating /home/travis/build/icyphy/ptII/ptolemy/domains/sdf/test/auto/test1.xml
10 ms. Memory: 873984K Free: 170265K (19%)
----------------- Invoking toplevel() on ptolemy.moml.MoMLSimpleApplication@6982c17c
----------------- Done invoking toplevel() on ptolemy.moml.MoMLSimpleApplication@6982c17c
reloadAllAccessors: .test1

===========================================================================================
----------------- testing Tue May 14 04:29:34 UTC 2019 /home/travis/build/icyphy/ptII/ptolemy/domains/sdf/test/auto/time1.xml
----------------- Instantiating /home/travis/build/icyphy/ptII/ptolemy/domains/sdf/test/auto/time1.xml
2 ms. Memory: 873984K Free: 159786K (18%)
----------------- Invoking toplevel() on ptolemy.moml.MoMLSimpleApplication@3bdadcf0
----------------- Done invoking toplevel() on ptolemy.moml.MoMLSimpleApplication@3bdadcf0
reloadAllAccessors: .time1

===========================================================================================
----------------- testing Tue May 14 04:29:34 UTC 2019 /home/travis/build/icyphy/ptII/ptolemy/domains/sdf/test/auto/time2.xml
----------------- Instantiating /home/travis/build/icyphy/ptII/ptolemy/domains/sdf/test/auto/time2.xml
3 ms. Memory: 873984K Free: 149307K (17%)
----------------- Invoking toplevel() on ptolemy.moml.MoMLSimpleApplication@5f181a63
----------------- Done invoking toplevel() on ptolemy.moml.MoMLSimpleApplication@5f181a63
reloadAllAccessors: .time2

===========================================================================================
----------------- testing Tue May 14 04:29:34 UTC 2019 /home/travis/build/icyphy/ptII/ptolemy/domains/sdf/test/auto/time3.xml
----------------- Instantiating /home/travis/build/icyphy/ptII/ptolemy/domains/sdf/test/auto/time3.xml
8 ms. Memory: 873984K Free: 138828K (16%)
----------------- Invoking toplevel() on ptolemy.moml.MoMLSimpleApplication@224f93b6
----------------- Done invoking toplevel() on ptolemy.moml.MoMLSimpleApplication@224f93b6
reloadAllAccessors: .time3

===========================================================================================
----------------- testing Tue May 14 04:29:34 UTC 2019 /home/travis/build/icyphy/ptII/ptolemy/domains/sdf/test/auto/time4.xml
----------------- Instantiating /home/travis/build/icyphy/ptII/ptolemy/domains/sdf/test/auto/time4.xml
5 ms. Memory: 873984K Free: 128349K (15%)
----------------- Invoking toplevel() on ptolemy.moml.MoMLSimpleApplication@48a9983d
----------------- Done invoking toplevel() on ptolemy.moml.MoMLSimpleApplication@48a9983d
reloadAllAccessors: .time4

===========================================================================================
----------------- testing Tue May 14 04:29:34 UTC 2019 /home/travis/build/icyphy/ptII/ptolemy/domains/sdf/test/auto/time5.xml
----------------- Instantiating /home/travis/build/icyphy/ptII/ptolemy/domains/sdf/test/auto/time5.xml
4003 ms. Memory: 873984K Free: 117870K (13%)
----------------- Invoking toplevel() on ptolemy.moml.MoMLSimpleApplication@22a067a8
----------------- Done invoking toplevel() on ptolemy.moml.MoMLSimpleApplication@22a067a8
reloadAllAccessors: .time5

===========================================================================================
----------------- testing Tue May 14 04:29:38 UTC 2019 /home/travis/build/icyphy/ptII/ptolemy/domains/sdf/test/auto/typeSystem_Const_Integer_smallest_Type.xml
----------------- Instantiating /home/travis/build/icyphy/ptII/ptolemy/domains/sdf/test/auto/typeSystem_Const_Integer_smallest_Type.xml
6 ms. Memory: 873984K Free: 107391K (12%)
----------------- Invoking toplevel() on ptolemy.moml.MoMLSimpleApplication@29fbbecf
----------------- Done invoking toplevel() on ptolemy.moml.MoMLSimpleApplication@29fbbecf
reloadAllAccessors: .typeSystem_Const_Integer_smallest_Type

===========================================================================================
----------------- testing Tue May 14 04:29:38 UTC 2019 /home/travis/build/icyphy/ptII/ptolemy/domains/sdf/test/auto/typeSystem_declared_Inports_OutportTypeException.xml
----------------- Instantiating /home/travis/build/icyphy/ptII/ptolemy/domains/sdf/test/auto/typeSystem_declared_Inports_OutportTypeException.xml
.typeSystem_declared_Inports_OutportTypeException.TestExceptionAttribute: initialize() was not invoked, but wrapup() was.  This is unusual, but not always a problem.  For example, exporting JNLP will do this.
3 ms. Memory: 873984K Free: 93973K (11%)
----------------- Invoking toplevel() on ptolemy.moml.MoMLSimpleApplication@1a8c5328
----------------- Done invoking toplevel() on ptolemy.moml.MoMLSimpleApplication@1a8c5328
reloadAllAccessors: .typeSystem_declared_Inports_OutportTypeException

===========================================================================================
----------------- testing Tue May 14 04:29:38 UTC 2019 /home/travis/build/icyphy/ptII/ptolemy/domains/sdf/test/auto/typeSystem_oneDeclaredInportType_wrongTypeOutport.xml
----------------- Instantiating /home/travis/build/icyphy/ptII/ptolemy/domains/sdf/test/auto/typeSystem_oneDeclaredInportType_wrongTypeOutport.xml
3 ms. Memory: 873984K Free: 83494K (10%)
----------------- Invoking toplevel() on ptolemy.moml.MoMLSimpleApplication@56f83600
----------------- Done invoking toplevel() on ptolemy.moml.MoMLSimpleApplication@56f83600
reloadAllAccessors: .typeSystem_oneDeclaredInportType_wrongTypeOutport

===========================================================================================
----------------- testing Tue May 14 04:29:38 UTC 2019 /home/travis/build/icyphy/ptII/ptolemy/domains/sdf/test/auto/width.xml
----------------- Instantiating /home/travis/build/icyphy/ptII/ptolemy/domains/sdf/test/auto/width.xml
13 ms. Memory: 830464K Free: 816987K (98%)
----------------- Invoking toplevel() on ptolemy.moml.MoMLSimpleApplication@3dacbe10
----------------- Done invoking toplevel() on ptolemy.moml.MoMLSimpleApplication@3dacbe10
reloadAllAccessors: .width

===========================================================================================
----------------- testing Tue May 14 04:29:38 UTC 2019 /home/travis/build/icyphy/ptII/ptolemy/domains/sdf/test/auto/width2.xml
----------------- Instantiating /home/travis/build/icyphy/ptII/ptolemy/domains/sdf/test/auto/width2.xml
29 ms. Memory: 830464K Free: 802581K (97%)
----------------- Invoking toplevel() on ptolemy.moml.MoMLSimpleApplication@64bd9018
----------------- Done invoking toplevel() on ptolemy.moml.MoMLSimpleApplication@64bd9018
reloadAllAccessors: .width2

===========================================================================================
----------------- testing Tue May 14 04:29:38 UTC 2019 /home/travis/build/icyphy/ptII/ptolemy/domains/sdf/test/auto/width3.xml
----------------- Instantiating /home/travis/build/icyphy/ptII/ptolemy/domains/sdf/test/auto/width3.xml
24 ms. Memory: 830464K Free: 792600K (95%)
----------------- Invoking toplevel() on ptolemy.moml.MoMLSimpleApplication@a07a19c
----------------- Done invoking toplevel() on ptolemy.moml.MoMLSimpleApplication@a07a19c
reloadAllAccessors: .width3
AutoTests.java: About to close Vertx.
AutoTests.java: Vertx closed.
]]></system-out>
  <system-err><![CDATA[java.lang.RuntimeException: Execution failed
	at ptolemy.moml.MoMLSimpleApplication$UnloadThread.run(MoMLSimpleApplication.java:402)
Caused by: ptolemy.actor.sched.NotSchedulableException: No solution exists for the balance equations.
Graph is not consistent under the SDF domain detected on external port .rateConsistency.actor.port2
  in .rateConsistency.SDF Director.Scheduler
	at ptolemy.domains.sdf.kernel.SDFScheduler._propagatePort(SDFScheduler.java:1425)
	at ptolemy.domains.sdf.kernel.SDFScheduler._solveBalanceEquations(SDFScheduler.java:710)
	at ptolemy.domains.sdf.kernel.SDFScheduler._getSchedule(SDFScheduler.java:566)
	at ptolemy.actor.sched.Scheduler.getSchedule(Scheduler.java:189)
	at ptolemy.domains.sdf.kernel.SDFDirector.createSchedule(SDFDirector.java:408)
	at ptolemy.domains.sdf.kernel.SDFDirector.preinitialize(SDFDirector.java:764)
	at ptolemy.actor.CompositeActor.preinitialize(CompositeActor.java:1828)
	at ptolemy.actor.Manager.preinitializeAndResolveTypes(Manager.java:1040)
	at ptolemy.actor.Manager.initialize(Manager.java:710)
	at ptolemy.actor.Manager.execute(Manager.java:356)
	at ptolemy.actor.Manager.run(Manager.java:1263)
	at ptolemy.actor.Manager$PtolemyRunThread.run(Manager.java:1915)
java.lang.RuntimeException: Execution failed
	at ptolemy.moml.MoMLSimpleApplication$UnloadThread.run(MoMLSimpleApplication.java:402)
Caused by: ptolemy.kernel.util.IllegalActionException: Failed to compute schedule:
  in .badRateChanges.typed composite actor.SDF Director
Because:
The SDF rate parameter may change. This is not allowed in SDF models that will be run through the code generator.  If you don't care about code generation, then you might consider setting the allowRateChanges parameter of the SDF director to false.
  in .badRateChanges.typed composite actor.Repeat.output.tokenProductionRate
	at ptolemy.domains.sdf.kernel.SDFDirector.createSchedule(SDFDirector.java:418)
	at ptolemy.domains.sdf.kernel.SDFDirector.preinitialize(SDFDirector.java:764)
	at ptolemy.actor.CompositeActor.preinitialize(CompositeActor.java:1828)
	at ptolemy.actor.Director.preinitialize(Director.java:1302)
	at ptolemy.actor.Director.preinitialize(Director.java:1257)
	at ptolemy.domains.sdf.kernel.SDFDirector.preinitialize(SDFDirector.java:763)
	at ptolemy.actor.CompositeActor.preinitialize(CompositeActor.java:1828)
	at ptolemy.actor.Manager.preinitializeAndResolveTypes(Manager.java:1040)
	at ptolemy.actor.Manager.initialize(Manager.java:710)
	at ptolemy.actor.Manager.execute(Manager.java:356)
	at ptolemy.actor.Manager.run(Manager.java:1263)
	at ptolemy.actor.Manager$PtolemyRunThread.run(Manager.java:1915)
Caused by: ptolemy.kernel.util.IllegalActionException: The SDF rate parameter may change. This is not allowed in SDF models that will be run through the code generator.  If you don't care about code generation, then you might consider setting the allowRateChanges parameter of the SDF director to false.
  in .badRateChanges.typed composite actor.Repeat.output.tokenProductionRate
	at ptolemy.domains.sdf.kernel.SDFScheduler._assertDynamicRateVariable(SDFScheduler.java:931)
	at ptolemy.domains.sdf.kernel.SDFScheduler._checkDynamicRateVariables(SDFScheduler.java:339)
	at ptolemy.domains.sdf.kernel.SDFScheduler._getSchedule(SDFScheduler.java:527)
	at ptolemy.actor.sched.Scheduler.getSchedule(Scheduler.java:189)
	at ptolemy.domains.sdf.kernel.SDFDirector.createSchedule(SDFDirector.java:408)
	... 11 more
java.lang.RuntimeException: Execution failed
	at ptolemy.moml.MoMLSimpleApplication$UnloadThread.run(MoMLSimpleApplication.java:402)
Caused by: ptolemy.kernel.util.IllegalActionException: Failed to compute schedule:
  in .badRateChanges2.typed composite actor.SDF Director
Because:
The SDF rate parameter may change. This is not allowed in SDF models that will be run through the code generator.  If you don't care about code generation, then you might consider setting the allowRateChanges parameter of the SDF director to false.
  in .badRateChanges2.typed composite actor.Repeat.output.tokenProductionRate
	at ptolemy.domains.sdf.kernel.SDFDirector.createSchedule(SDFDirector.java:418)
	at ptolemy.domains.sdf.kernel.SDFDirector.preinitialize(SDFDirector.java:764)
	at ptolemy.actor.CompositeActor.preinitialize(CompositeActor.java:1828)
	at ptolemy.actor.Director.preinitialize(Director.java:1302)
	at ptolemy.actor.Director.preinitialize(Director.java:1257)
	at ptolemy.domains.sdf.kernel.SDFDirector.preinitialize(SDFDirector.java:763)
	at ptolemy.actor.CompositeActor.preinitialize(CompositeActor.java:1828)
	at ptolemy.actor.Manager.preinitializeAndResolveTypes(Manager.java:1040)
	at ptolemy.actor.Manager.initialize(Manager.java:710)
	at ptolemy.actor.Manager.execute(Manager.java:356)
	at ptolemy.actor.Manager.run(Manager.java:1263)
	at ptolemy.actor.Manager$PtolemyRunThread.run(Manager.java:1915)
Caused by: ptolemy.kernel.util.IllegalActionException: The SDF rate parameter may change. This is not allowed in SDF models that will be run through the code generator.  If you don't care about code generation, then you might consider setting the allowRateChanges parameter of the SDF director to false.
  in .badRateChanges2.typed composite actor.Repeat.output.tokenProductionRate
	at ptolemy.domains.sdf.kernel.SDFScheduler._assertDynamicRateVariable(SDFScheduler.java:931)
	at ptolemy.domains.sdf.kernel.SDFScheduler._checkDynamicRateVariables(SDFScheduler.java:339)
	at ptolemy.domains.sdf.kernel.SDFScheduler._getSchedule(SDFScheduler.java:527)
	at ptolemy.actor.sched.Scheduler.getSchedule(Scheduler.java:189)
	at ptolemy.domains.sdf.kernel.SDFDirector.createSchedule(SDFDirector.java:408)
	... 11 more
java.lang.RuntimeException: Execution failed
	at ptolemy.moml.MoMLSimpleApplication$UnloadThread.run(MoMLSimpleApplication.java:402)
Caused by: ptolemy.actor.sched.NotSchedulableException: Actors remain that cannot be scheduled!

There are several possible reasons:
* SDF Graphs with feedback loops should have an actor with a delay in the loop, such as a SampleDelay.
* The SDF director has an "allowDisconnectedGraphs"parameter, which, when true, permits disconnected SDF graphs.
* The token consumption rate and production rates might be mismatched.
Usually, actors produce one token or consume one token on a port.  To produce or consume multiple tokens per firing, add a "tokenConsumptionRate" or "tokenProductionRate" parameter to the appropriate port.
Unscheduled actors:
.partiallyConnected.Const2 
Scheduled actors:
.partiallyConnected.Const 
  in .partiallyConnected.SDF Director.Scheduler
	at ptolemy.domains.sdf.kernel.SDFScheduler._scheduleConnectedActors(SDFScheduler.java:1828)
	at ptolemy.domains.sdf.kernel.SDFScheduler._getSchedule(SDFScheduler.java:587)
	at ptolemy.actor.sched.Scheduler.getSchedule(Scheduler.java:189)
	at ptolemy.domains.sdf.kernel.SDFDirector.createSchedule(SDFDirector.java:408)
	at ptolemy.domains.sdf.kernel.SDFDirector.preinitialize(SDFDirector.java:764)
	at ptolemy.actor.CompositeActor.preinitialize(CompositeActor.java:1828)
	at ptolemy.actor.Manager.preinitializeAndResolveTypes(Manager.java:1040)
	at ptolemy.actor.Manager.initialize(Manager.java:710)
	at ptolemy.actor.Manager.execute(Manager.java:356)
	at ptolemy.actor.Manager.run(Manager.java:1263)
	at ptolemy.actor.Manager$PtolemyRunThread.run(Manager.java:1915)
]]></system-err>
</testsuite>
