<?xml version="1.0" encoding="UTF-8" ?>
<testsuite errors="0" failures="0" hostname="travis-job-e0d204ae-af3e-4508-ab8f-c9f9322a4e51" name="ptolemy.domains.sdf.lib.test.junit.JUnitTclTest" skipped="0" tests="82" time="11.738" timestamp="2019-10-30T06:27:15">
  <properties>
[...]
</properties>
  <testcase classname="ptolemy.util.test.junit.TclTests" name="[0] /home/travis/build/icyphy/ptII/ptolemy/domains/sdf/lib/test/ArrayToSequence.tcl (RunTclFile)" time="0.725" />
  <testcase classname="ptolemy.util.test.junit.TclTests" name="[1] /home/travis/build/icyphy/ptII/ptolemy/domains/sdf/lib/test/BitsToInt.tcl (RunTclFile)" time="0.097" />
  <testcase classname="ptolemy.util.test.junit.TclTests" name="[2] /home/travis/build/icyphy/ptII/ptolemy/domains/sdf/lib/test/DelayLine.tcl (RunTclFile)" time="0.076" />
  <testcase classname="ptolemy.util.test.junit.TclTests" name="[3] /home/travis/build/icyphy/ptII/ptolemy/domains/sdf/lib/test/FFT.tcl (RunTclFile)" time="0.025" />
  <testcase classname="ptolemy.util.test.junit.TclTests" name="[4] /home/travis/build/icyphy/ptII/ptolemy/domains/sdf/lib/test/FIR.tcl (RunTclFile)" time="0.242" />
  <testcase classname="ptolemy.util.test.junit.TclTests" name="[5] /home/travis/build/icyphy/ptII/ptolemy/domains/sdf/lib/test/IntToBits.tcl (RunTclFile)" time="0.041" />
  <testcase classname="ptolemy.util.test.junit.TclTests" name="[6] /home/travis/build/icyphy/ptII/ptolemy/domains/sdf/lib/test/MaximumEntropySpectrum.tcl (RunTclFile)" time="0.486" />
  <testcase classname="ptolemy.util.test.junit.TclTests" name="[7] /home/travis/build/icyphy/ptII/ptolemy/domains/sdf/lib/test/Repeat.tcl (RunTclFile)" time="0.056" />
  <testcase classname="ptolemy.util.test.junit.TclTests" name="[8] /home/travis/build/icyphy/ptII/ptolemy/domains/sdf/lib/test/SampleDelay.tcl (RunTclFile)" time="0.042" />
  <testcase classname="ptolemy.util.test.junit.TclTests" name="[9] /home/travis/build/icyphy/ptII/ptolemy/domains/sdf/lib/test/SequenceToArray.tcl (RunTclFile)" time="0.076" />
  <testcase classname="ptolemy.util.test.junit.AutoKnownFailedTests" name="[0] ThereAreNoKnowFailedTests (RunModel)" time="0.012" />
  <testcase classname="ptolemy.util.test.junit.AutoNameArchTests" name="[0] ThereAreNoAutoArchTests (RunModel)" time="0.016" />
  <testcase classname="ptolemy.util.test.junit.AutoTests" name="[0] /home/travis/build/icyphy/ptII/ptolemy/domains/sdf/lib/test/auto/ArrayToSequence.xml (RunModel)" time="0.306" />
  <testcase classname="ptolemy.util.test.junit.AutoTests" name="[1] /home/travis/build/icyphy/ptII/ptolemy/domains/sdf/lib/test/auto/ArrayToSequenceTest.xml (RunModel)" time="0.164" />
  <testcase classname="ptolemy.util.test.junit.AutoTests" name="[2] /home/travis/build/icyphy/ptII/ptolemy/domains/sdf/lib/test/auto/Autocorrelation.xml (RunModel)" time="0.092" />
  <testcase classname="ptolemy.util.test.junit.AutoTests" name="[3] /home/travis/build/icyphy/ptII/ptolemy/domains/sdf/lib/test/auto/Autocorrelation2.xml (RunModel)" time="0.055" />
  <testcase classname="ptolemy.util.test.junit.AutoTests" name="[4] /home/travis/build/icyphy/ptII/ptolemy/domains/sdf/lib/test/auto/Autocorrelation3.xml (RunModel)" time="0.061" />
  <testcase classname="ptolemy.util.test.junit.AutoTests" name="[5] /home/travis/build/icyphy/ptII/ptolemy/domains/sdf/lib/test/auto/Autocorrelation4.xml (RunModel)" time="0.051" />
  <testcase classname="ptolemy.util.test.junit.AutoTests" name="[6] /home/travis/build/icyphy/ptII/ptolemy/domains/sdf/lib/test/auto/Autocorrelation5.xml (RunModel)" time="0.119" />
  <testcase classname="ptolemy.util.test.junit.AutoTests" name="[7] /home/travis/build/icyphy/ptII/ptolemy/domains/sdf/lib/test/auto/BitsToInt.xml (RunModel)" time="0.039" />
  <testcase classname="ptolemy.util.test.junit.AutoTests" name="[8] /home/travis/build/icyphy/ptII/ptolemy/domains/sdf/lib/test/auto/BooleanJoin.xml (RunModel)" time="0.084" />
  <testcase classname="ptolemy.util.test.junit.AutoTests" name="[9] /home/travis/build/icyphy/ptII/ptolemy/domains/sdf/lib/test/auto/BootstrapSampleDelay.xml (RunModel)" time="0.068" />
  <testcase classname="ptolemy.util.test.junit.AutoTests" name="[10] /home/travis/build/icyphy/ptII/ptolemy/domains/sdf/lib/test/auto/Chop.xml (RunModel)" time="0.104" />
  <testcase classname="ptolemy.util.test.junit.AutoTests" name="[11] /home/travis/build/icyphy/ptII/ptolemy/domains/sdf/lib/test/auto/Chop2.xml (RunModel)" time="0.083" />
  <testcase classname="ptolemy.util.test.junit.AutoTests" name="[12] /home/travis/build/icyphy/ptII/ptolemy/domains/sdf/lib/test/auto/ComplexJoin.xml (RunModel)" time="0.041" />
  <testcase classname="ptolemy.util.test.junit.AutoTests" name="[13] /home/travis/build/icyphy/ptII/ptolemy/domains/sdf/lib/test/auto/CountTrues.xml (RunModel)" time="0.049" />
  <testcase classname="ptolemy.util.test.junit.AutoTests" name="[14] /home/travis/build/icyphy/ptII/ptolemy/domains/sdf/lib/test/auto/DelayLine.xml (RunModel)" time="0.072" />
  <testcase classname="ptolemy.util.test.junit.AutoTests" name="[15] /home/travis/build/icyphy/ptII/ptolemy/domains/sdf/lib/test/auto/DotProduct.xml (RunModel)" time="0.047" />
  <testcase classname="ptolemy.util.test.junit.AutoTests" name="[16] /home/travis/build/icyphy/ptII/ptolemy/domains/sdf/lib/test/auto/DotProductMatrix.xml (RunModel)" time="0.039" />
  <testcase classname="ptolemy.util.test.junit.AutoTests" name="[17] /home/travis/build/icyphy/ptII/ptolemy/domains/sdf/lib/test/auto/DownSample1.xml (RunModel)" time="0.042" />
  <testcase classname="ptolemy.util.test.junit.AutoTests" name="[18] /home/travis/build/icyphy/ptII/ptolemy/domains/sdf/lib/test/auto/DynamicRateChange.xml (RunModel)" time="0.045" />
  <testcase classname="ptolemy.util.test.junit.AutoTests" name="[19] /home/travis/build/icyphy/ptII/ptolemy/domains/sdf/lib/test/auto/DynamicRates.xml (RunModel)" time="0.054" />
  <testcase classname="ptolemy.util.test.junit.AutoTests" name="[20] /home/travis/build/icyphy/ptII/ptolemy/domains/sdf/lib/test/auto/FFT1.xml (RunModel)" time="0.048" />
  <testcase classname="ptolemy.util.test.junit.AutoTests" name="[21] /home/travis/build/icyphy/ptII/ptolemy/domains/sdf/lib/test/auto/FIR1.xml (RunModel)" time="0.083" />
  <testcase classname="ptolemy.util.test.junit.AutoTests" name="[22] /home/travis/build/icyphy/ptII/ptolemy/domains/sdf/lib/test/auto/FIR2.xml (RunModel)" time="0.031" />
  <testcase classname="ptolemy.util.test.junit.AutoTests" name="[23] /home/travis/build/icyphy/ptII/ptolemy/domains/sdf/lib/test/auto/FIR4.xml (RunModel)" time="0.065" />
  <testcase classname="ptolemy.util.test.junit.AutoTests" name="[24] /home/travis/build/icyphy/ptII/ptolemy/domains/sdf/lib/test/auto/FixJoin.xml (RunModel)" time="0.075" />
  <testcase classname="ptolemy.util.test.junit.AutoTests" name="[25] /home/travis/build/icyphy/ptII/ptolemy/domains/sdf/lib/test/auto/IntJoin1.xml (RunModel)" time="0.04" />
  <testcase classname="ptolemy.util.test.junit.AutoTests" name="[26] /home/travis/build/icyphy/ptII/ptolemy/domains/sdf/lib/test/auto/IntJoin2.xml (RunModel)" time="0.024" />
  <testcase classname="ptolemy.util.test.junit.AutoTests" name="[27] /home/travis/build/icyphy/ptII/ptolemy/domains/sdf/lib/test/auto/IntJoin3.xml (RunModel)" time="0.032" />
  <testcase classname="ptolemy.util.test.junit.AutoTests" name="[28] /home/travis/build/icyphy/ptII/ptolemy/domains/sdf/lib/test/auto/IntJoin4.xml (RunModel)" time="0.04" />
  <testcase classname="ptolemy.util.test.junit.AutoTests" name="[29] /home/travis/build/icyphy/ptII/ptolemy/domains/sdf/lib/test/auto/IntJoin5.xml (RunModel)" time="0.043" />
  <testcase classname="ptolemy.util.test.junit.AutoTests" name="[30] /home/travis/build/icyphy/ptII/ptolemy/domains/sdf/lib/test/auto/IntToBits.xml (RunModel)" time="0.037" />
  <testcase classname="ptolemy.util.test.junit.AutoTests" name="[31] /home/travis/build/icyphy/ptII/ptolemy/domains/sdf/lib/test/auto/LMSAdaptive.xml (RunModel)" time="0.082" />
  <testcase classname="ptolemy.util.test.junit.AutoTests" name="[32] /home/travis/build/icyphy/ptII/ptolemy/domains/sdf/lib/test/auto/LMSAdaptiveFIR.xml (RunModel)" time="0.45" />
  <testcase classname="ptolemy.util.test.junit.AutoTests" name="[33] /home/travis/build/icyphy/ptII/ptolemy/domains/sdf/lib/test/auto/LMSAdaptiveFIR2.xml (RunModel)" time="0.598" />
  <testcase classname="ptolemy.util.test.junit.AutoTests" name="[34] /home/travis/build/icyphy/ptII/ptolemy/domains/sdf/lib/test/auto/LongJoin.xml (RunModel)" time="0.063" />
  <testcase classname="ptolemy.util.test.junit.AutoTests" name="[35] /home/travis/build/icyphy/ptII/ptolemy/domains/sdf/lib/test/auto/Matrix1.xml (RunModel)" time="0.037" />
  <testcase classname="ptolemy.util.test.junit.AutoTests" name="[36] /home/travis/build/icyphy/ptII/ptolemy/domains/sdf/lib/test/auto/Matrix2.xml (RunModel)" time="0.023" />
  <testcase classname="ptolemy.util.test.junit.AutoTests" name="[37] /home/travis/build/icyphy/ptII/ptolemy/domains/sdf/lib/test/auto/MatrixJoin1.xml (RunModel)" time="0.043" />
  <testcase classname="ptolemy.util.test.junit.AutoTests" name="[38] /home/travis/build/icyphy/ptII/ptolemy/domains/sdf/lib/test/auto/MatrixJoin2.xml (RunModel)" time="0.03" />
  <testcase classname="ptolemy.util.test.junit.AutoTests" name="[39] /home/travis/build/icyphy/ptII/ptolemy/domains/sdf/lib/test/auto/MatrixJoin3.xml (RunModel)" time="0.028" />
  <testcase classname="ptolemy.util.test.junit.AutoTests" name="[40] /home/travis/build/icyphy/ptII/ptolemy/domains/sdf/lib/test/auto/MatrixJoin4.xml (RunModel)" time="0.024" />
  <testcase classname="ptolemy.util.test.junit.AutoTests" name="[41] /home/travis/build/icyphy/ptII/ptolemy/domains/sdf/lib/test/auto/MatrixJoin5.xml (RunModel)" time="0.022" />
  <testcase classname="ptolemy.util.test.junit.AutoTests" name="[42] /home/travis/build/icyphy/ptII/ptolemy/domains/sdf/lib/test/auto/MatrixSplit1.xml (RunModel)" time="0.033" />
  <testcase classname="ptolemy.util.test.junit.AutoTests" name="[43] /home/travis/build/icyphy/ptII/ptolemy/domains/sdf/lib/test/auto/MatrixSplit10.xml (RunModel)" time="0.022" />
  <testcase classname="ptolemy.util.test.junit.AutoTests" name="[44] /home/travis/build/icyphy/ptII/ptolemy/domains/sdf/lib/test/auto/MatrixSplit11.xml (RunModel)" time="0.017" />
  <testcase classname="ptolemy.util.test.junit.AutoTests" name="[45] /home/travis/build/icyphy/ptII/ptolemy/domains/sdf/lib/test/auto/MatrixSplit12.xml (RunModel)" time="0.025" />
  <testcase classname="ptolemy.util.test.junit.AutoTests" name="[46] /home/travis/build/icyphy/ptII/ptolemy/domains/sdf/lib/test/auto/MatrixSplit13.xml (RunModel)" time="0.037" />
  <testcase classname="ptolemy.util.test.junit.AutoTests" name="[47] /home/travis/build/icyphy/ptII/ptolemy/domains/sdf/lib/test/auto/MatrixSplit14.xml (RunModel)" time="0.02" />
  <testcase classname="ptolemy.util.test.junit.AutoTests" name="[48] /home/travis/build/icyphy/ptII/ptolemy/domains/sdf/lib/test/auto/MatrixSplit2.xml (RunModel)" time="0.017" />
  <testcase classname="ptolemy.util.test.junit.AutoTests" name="[49] /home/travis/build/icyphy/ptII/ptolemy/domains/sdf/lib/test/auto/MatrixSplit3.xml (RunModel)" time="0.019" />
  <testcase classname="ptolemy.util.test.junit.AutoTests" name="[50] /home/travis/build/icyphy/ptII/ptolemy/domains/sdf/lib/test/auto/MatrixSplit4.xml (RunModel)" time="0.021" />
  <testcase classname="ptolemy.util.test.junit.AutoTests" name="[51] /home/travis/build/icyphy/ptII/ptolemy/domains/sdf/lib/test/auto/MatrixSplit5.xml (RunModel)" time="0.032" />
  <testcase classname="ptolemy.util.test.junit.AutoTests" name="[52] /home/travis/build/icyphy/ptII/ptolemy/domains/sdf/lib/test/auto/MatrixSplit6.xml (RunModel)" time="0.018" />
  <testcase classname="ptolemy.util.test.junit.AutoTests" name="[53] /home/travis/build/icyphy/ptII/ptolemy/domains/sdf/lib/test/auto/MatrixSplit7.xml (RunModel)" time="0.02" />
  <testcase classname="ptolemy.util.test.junit.AutoTests" name="[54] /home/travis/build/icyphy/ptII/ptolemy/domains/sdf/lib/test/auto/MatrixSplit8.xml (RunModel)" time="0.02" />
  <testcase classname="ptolemy.util.test.junit.AutoTests" name="[55] /home/travis/build/icyphy/ptII/ptolemy/domains/sdf/lib/test/auto/MatrixSplit9.xml (RunModel)" time="0.035" />
  <testcase classname="ptolemy.util.test.junit.AutoTests" name="[56] /home/travis/build/icyphy/ptII/ptolemy/domains/sdf/lib/test/auto/MatrixToSequence.xml (RunModel)" time="0.052" />
  <testcase classname="ptolemy.util.test.junit.AutoTests" name="[57] /home/travis/build/icyphy/ptII/ptolemy/domains/sdf/lib/test/auto/MaximumEntropySpectrum.xml (RunModel)" time="0.137" />
  <testcase classname="ptolemy.util.test.junit.AutoTests" name="[58] /home/travis/build/icyphy/ptII/ptolemy/domains/sdf/lib/test/auto/SampleDelayConversion.xml (RunModel)" time="0.024" />
  <testcase classname="ptolemy.util.test.junit.AutoTests" name="[59] /home/travis/build/icyphy/ptII/ptolemy/domains/sdf/lib/test/auto/SequenceToArray.xml (RunModel)" time="0.052" />
  <testcase classname="ptolemy.util.test.junit.AutoTests" name="[60] /home/travis/build/icyphy/ptII/ptolemy/domains/sdf/lib/test/auto/SequenceToMatrix.xml (RunModel)" time="4.579" />
  <testcase classname="ptolemy.util.test.junit.AutoTests" name="[61] /home/travis/build/icyphy/ptII/ptolemy/domains/sdf/lib/test/auto/SmoothedPeriodogram.xml (RunModel)" time="0.101" />
  <testcase classname="ptolemy.util.test.junit.AutoTests" name="[62] /home/travis/build/icyphy/ptII/ptolemy/domains/sdf/lib/test/auto/UpDownSample1.xml (RunModel)" time="0.017" />
  <testcase classname="ptolemy.util.test.junit.AutoTests" name="[63] /home/travis/build/icyphy/ptII/ptolemy/domains/sdf/lib/test/auto/UpSample1.xml (RunModel)" time="0.012" />
  <testcase classname="ptolemy.util.test.junit.AutoTests" name="[64] /home/travis/build/icyphy/ptII/ptolemy/domains/sdf/lib/test/auto/VariableFIR.xml (RunModel)" time="0.042" />
  <testcase classname="ptolemy.util.test.junit.AutoTests" name="[65] /home/travis/build/icyphy/ptII/ptolemy/domains/sdf/lib/test/auto/VariableFIR2.xml (RunModel)" time="0.026" />
  <testcase classname="ptolemy.util.test.junit.AutoTests" name="[66] /home/travis/build/icyphy/ptII/ptolemy/domains/sdf/lib/test/auto/VariableLattice.xml (RunModel)" time="0.032" />
  <testcase classname="ptolemy.util.test.junit.AutoTests" name="[67] /home/travis/build/icyphy/ptII/ptolemy/domains/sdf/lib/test/auto/VariableLattice2.xml (RunModel)" time="0.038" />
  <testcase classname="ptolemy.util.test.junit.AutoTests" name="[68] /home/travis/build/icyphy/ptII/ptolemy/domains/sdf/lib/test/auto/VariableRecursiveLattice.xml (RunModel)" time="0.025" />
  <testcase classname="ptolemy.util.test.junit.AutoTests" name="[69] /home/travis/build/icyphy/ptII/ptolemy/domains/sdf/lib/test/auto/VariableRecursiveLattice2.xml (RunModel)" time="0.026" />
  <system-out><![CDATA[/home/travis/build/icyphy/ptII/ptolemy/domains/sdf/lib/test/ArrayToSequence.tcl
testDefs.tcl: setting time out to 9000 seconds at Wed Oct 30 06:27:15 UTC 2019
132 ms. Memory: 120832K Free: 87494K (72%)
14 ms. Memory: 120832K Free: 85446K (71%)
24 ms. Memory: 120832K Free: 83383K (69%)
32 ms. Memory: 120832K Free: 81864K (68%)
/home/travis/build/icyphy/ptII/ptolemy/domains/sdf/lib/test/BitsToInt.tcl
38 ms. Memory: 120832K Free: 80295K (66%)
18 ms. Memory: 120832K Free: 78247K (65%)
/home/travis/build/icyphy/ptII/ptolemy/domains/sdf/lib/test/DelayLine.tcl
25 ms. Memory: 120832K Free: 76744K (64%)
/home/travis/build/icyphy/ptII/ptolemy/domains/sdf/lib/test/FFT.tcl
7 ms. Memory: 120832K Free: 74696K (62%)
/home/travis/build/icyphy/ptII/ptolemy/domains/sdf/lib/test/FIR.tcl
25 ms. Memory: 120832K Free: 73158K (61%)
104 ms. Memory: 120832K Free: 68552K (57%)
ptolemy.kernel.util.IllegalActionException: multiplyReverse method not supported between ptolemy.data.FixToken 'fix(-0.0625,6,2)' and ptolemy.data.IntToken '1' because the types are incomparable.
  in .top.FIRclone
Because:
multiplyReverse method not supported between ptolemy.data.FixToken 'fix(-0.0625,6,2)' and ptolemy.data.IntToken '1' because the types are incomparable.
22 ms. Memory: 120832K Free: 66504K (55%)
/home/travis/build/icyphy/ptII/ptolemy/domains/sdf/lib/test/IntToBits.tcl
7 ms. Memory: 120832K Free: 64966K (54%)
7 ms. Memory: 120832K Free: 63432K (52%)
/home/travis/build/icyphy/ptII/ptolemy/domains/sdf/lib/test/MaximumEntropySpectrum.tcl
/home/travis/build/icyphy/ptII/ptolemy/domains/sdf/lib/test/Repeat.tcl
16 ms. Memory: 120832K Free: 103736K (86%)
/home/travis/build/icyphy/ptII/ptolemy/domains/sdf/lib/test/SampleDelay.tcl
5 ms. Memory: 120832K Free: 101688K (84%)
4 ms. Memory: 120832K Free: 100664K (83%)
3 ms. Memory: 120832K Free: 100150K (83%)
3 ms. Memory: 120832K Free: 99126K (82%)
2 ms. Memory: 120832K Free: 98616K (82%)
1 ms. Memory: 120832K Free: 98096K (81%)
/home/travis/build/icyphy/ptII/ptolemy/domains/sdf/lib/test/SequenceToArray.tcl
15 ms. Memory: 120832K Free: 96568K (80%)
15 ms. Memory: 120832K Free: 95544K (79%)
10 ms. Memory: 120832K Free: 94006K (78%)
7 ms. Memory: 120832K Free: 92982K (77%)
10/30/19 06:27:17
Failed: 0  Total Tests: 41  ((Passed: 41, Newly Passed: 0)  Known Failed: 0) /home/travis/build/icyphy/ptII/ptolemy/domains/sdf/lib/test
No auto/knownFailedTests/*.xml tests in /home/travis/build/icyphy/ptII/ptolemy/domains/sdf/lib/test
No auto/linux-amd64/*.xml tests in /home/travis/build/icyphy/ptII/ptolemy/domains/sdf/lib/test
AutoTests.java: About to close Vertx.
AutoTests.java: Vertx closed.

===========================================================================================
----------------- testing Wed Oct 30 06:27:18 UTC 2019 /home/travis/build/icyphy/ptII/ptolemy/domains/sdf/lib/test/auto/ArrayToSequence.xml
----------------- Instantiating /home/travis/build/icyphy/ptII/ptolemy/domains/sdf/lib/test/auto/ArrayToSequence.xml
65 ms. Memory: 120832K Free: 86144K (71%)
----------------- Invoking toplevel() on ptolemy.moml.MoMLSimpleApplication@549ea0c3
----------------- Done invoking toplevel() on ptolemy.moml.MoMLSimpleApplication@549ea0c3
reloadAllAccessors: .ArrayToSequence

===========================================================================================
----------------- testing Wed Oct 30 06:27:18 UTC 2019 /home/travis/build/icyphy/ptII/ptolemy/domains/sdf/lib/test/auto/ArrayToSequenceTest.xml
----------------- Instantiating /home/travis/build/icyphy/ptII/ptolemy/domains/sdf/lib/test/auto/ArrayToSequenceTest.xml
53 ms. Memory: 120832K Free: 79637K (66%)
----------------- Invoking toplevel() on ptolemy.moml.MoMLSimpleApplication@29ea2fc
----------------- Done invoking toplevel() on ptolemy.moml.MoMLSimpleApplication@29ea2fc
reloadAllAccessors: .ArrayToSequenceTest

===========================================================================================
----------------- testing Wed Oct 30 06:27:18 UTC 2019 /home/travis/build/icyphy/ptII/ptolemy/domains/sdf/lib/test/auto/Autocorrelation.xml
----------------- Instantiating /home/travis/build/icyphy/ptII/ptolemy/domains/sdf/lib/test/auto/Autocorrelation.xml
17 ms. Memory: 120832K Free: 75557K (63%)
----------------- Invoking toplevel() on ptolemy.moml.MoMLSimpleApplication@195aa5eb
----------------- Done invoking toplevel() on ptolemy.moml.MoMLSimpleApplication@195aa5eb
reloadAllAccessors: .Autocorrelation

===========================================================================================
----------------- testing Wed Oct 30 06:27:18 UTC 2019 /home/travis/build/icyphy/ptII/ptolemy/domains/sdf/lib/test/auto/Autocorrelation2.xml
----------------- Instantiating /home/travis/build/icyphy/ptII/ptolemy/domains/sdf/lib/test/auto/Autocorrelation2.xml
10 ms. Memory: 120832K Free: 102005K (84%)
----------------- Invoking toplevel() on ptolemy.moml.MoMLSimpleApplication@475dd0f8
----------------- Done invoking toplevel() on ptolemy.moml.MoMLSimpleApplication@475dd0f8
reloadAllAccessors: .Autocorrelation2

===========================================================================================
----------------- testing Wed Oct 30 06:27:18 UTC 2019 /home/travis/build/icyphy/ptII/ptolemy/domains/sdf/lib/test/auto/Autocorrelation3.xml
----------------- Instantiating /home/travis/build/icyphy/ptII/ptolemy/domains/sdf/lib/test/auto/Autocorrelation3.xml
14 ms. Memory: 120832K Free: 97839K (81%)
----------------- Invoking toplevel() on ptolemy.moml.MoMLSimpleApplication@48478ca5
----------------- Done invoking toplevel() on ptolemy.moml.MoMLSimpleApplication@48478ca5
reloadAllAccessors: .Autocorrelation3

===========================================================================================
----------------- testing Wed Oct 30 06:27:18 UTC 2019 /home/travis/build/icyphy/ptII/ptolemy/domains/sdf/lib/test/auto/Autocorrelation4.xml
----------------- Instantiating /home/travis/build/icyphy/ptII/ptolemy/domains/sdf/lib/test/auto/Autocorrelation4.xml
7 ms. Memory: 120832K Free: 93718K (78%)
----------------- Invoking toplevel() on ptolemy.moml.MoMLSimpleApplication@3408268f
----------------- Done invoking toplevel() on ptolemy.moml.MoMLSimpleApplication@3408268f
reloadAllAccessors: .Autocorrelation4

===========================================================================================
----------------- testing Wed Oct 30 06:27:18 UTC 2019 /home/travis/build/icyphy/ptII/ptolemy/domains/sdf/lib/test/auto/Autocorrelation5.xml
----------------- Instantiating /home/travis/build/icyphy/ptII/ptolemy/domains/sdf/lib/test/auto/Autocorrelation5.xml
59 ms. Memory: 120832K Free: 86922K (72%)
----------------- Invoking toplevel() on ptolemy.moml.MoMLSimpleApplication@17536c86
----------------- Done invoking toplevel() on ptolemy.moml.MoMLSimpleApplication@17536c86
reloadAllAccessors: .Autocorrelation5

===========================================================================================
----------------- testing Wed Oct 30 06:27:19 UTC 2019 /home/travis/build/icyphy/ptII/ptolemy/domains/sdf/lib/test/auto/BitsToInt.xml
----------------- Instantiating /home/travis/build/icyphy/ptII/ptolemy/domains/sdf/lib/test/auto/BitsToInt.xml
3 ms. Memory: 120832K Free: 83532K (69%)
----------------- Invoking toplevel() on ptolemy.moml.MoMLSimpleApplication@2963d36
----------------- Done invoking toplevel() on ptolemy.moml.MoMLSimpleApplication@2963d36
reloadAllAccessors: .BitsToInt

===========================================================================================
----------------- testing Wed Oct 30 06:27:19 UTC 2019 /home/travis/build/icyphy/ptII/ptolemy/domains/sdf/lib/test/auto/BooleanJoin.xml
----------------- Instantiating /home/travis/build/icyphy/ptII/ptolemy/domains/sdf/lib/test/auto/BooleanJoin.xml
12 ms. Memory: 120832K Free: 79459K (66%)
----------------- Invoking toplevel() on ptolemy.moml.MoMLSimpleApplication@10c90bc0
----------------- Done invoking toplevel() on ptolemy.moml.MoMLSimpleApplication@10c90bc0
reloadAllAccessors: .BooleanJoin

===========================================================================================
----------------- testing Wed Oct 30 06:27:19 UTC 2019 /home/travis/build/icyphy/ptII/ptolemy/domains/sdf/lib/test/auto/BootstrapSampleDelay.xml
----------------- Instantiating /home/travis/build/icyphy/ptII/ptolemy/domains/sdf/lib/test/auto/BootstrapSampleDelay.xml
19 ms. Memory: 120832K Free: 75658K (63%)
----------------- Invoking toplevel() on ptolemy.moml.MoMLSimpleApplication@399aadc7
----------------- Done invoking toplevel() on ptolemy.moml.MoMLSimpleApplication@399aadc7
reloadAllAccessors: .BootstrapSampleDelay

===========================================================================================
----------------- testing Wed Oct 30 06:27:19 UTC 2019 /home/travis/build/icyphy/ptII/ptolemy/domains/sdf/lib/test/auto/Chop.xml
----------------- Instantiating /home/travis/build/icyphy/ptII/ptolemy/domains/sdf/lib/test/auto/Chop.xml
16 ms. Memory: 120832K Free: 68178K (56%)
----------------- Invoking toplevel() on ptolemy.moml.MoMLSimpleApplication@1c8b594c
----------------- Done invoking toplevel() on ptolemy.moml.MoMLSimpleApplication@1c8b594c
reloadAllAccessors: .Chop

===========================================================================================
----------------- testing Wed Oct 30 06:27:19 UTC 2019 /home/travis/build/icyphy/ptII/ptolemy/domains/sdf/lib/test/auto/Chop2.xml
----------------- Instantiating /home/travis/build/icyphy/ptII/ptolemy/domains/sdf/lib/test/auto/Chop2.xml
13 ms. Memory: 145408K Free: 129558K (89%)
----------------- Invoking toplevel() on ptolemy.moml.MoMLSimpleApplication@1e85a7cd
----------------- Done invoking toplevel() on ptolemy.moml.MoMLSimpleApplication@1e85a7cd
reloadAllAccessors: .Chop2

===========================================================================================
----------------- testing Wed Oct 30 06:27:19 UTC 2019 /home/travis/build/icyphy/ptII/ptolemy/domains/sdf/lib/test/auto/ComplexJoin.xml
----------------- Instantiating /home/travis/build/icyphy/ptII/ptolemy/domains/sdf/lib/test/auto/ComplexJoin.xml
6 ms. Memory: 145408K Free: 124260K (85%)
----------------- Invoking toplevel() on ptolemy.moml.MoMLSimpleApplication@6e2100ee
----------------- Done invoking toplevel() on ptolemy.moml.MoMLSimpleApplication@6e2100ee
reloadAllAccessors: .ComplexJoin

===========================================================================================
----------------- testing Wed Oct 30 06:27:19 UTC 2019 /home/travis/build/icyphy/ptII/ptolemy/domains/sdf/lib/test/auto/CountTrues.xml
----------------- Instantiating /home/travis/build/icyphy/ptII/ptolemy/domains/sdf/lib/test/auto/CountTrues.xml
12 ms. Memory: 145408K Free: 121584K (84%)
----------------- Invoking toplevel() on ptolemy.moml.MoMLSimpleApplication@524ecc00
----------------- Done invoking toplevel() on ptolemy.moml.MoMLSimpleApplication@524ecc00
reloadAllAccessors: .CountTrues

===========================================================================================
----------------- testing Wed Oct 30 06:27:19 UTC 2019 /home/travis/build/icyphy/ptII/ptolemy/domains/sdf/lib/test/auto/DelayLine.xml
----------------- Instantiating /home/travis/build/icyphy/ptII/ptolemy/domains/sdf/lib/test/auto/DelayLine.xml
13 ms. Memory: 145408K Free: 116046K (80%)
----------------- Invoking toplevel() on ptolemy.moml.MoMLSimpleApplication@540ab07c
----------------- Done invoking toplevel() on ptolemy.moml.MoMLSimpleApplication@540ab07c
reloadAllAccessors: .DelayLine

===========================================================================================
----------------- testing Wed Oct 30 06:27:19 UTC 2019 /home/travis/build/icyphy/ptII/ptolemy/domains/sdf/lib/test/auto/DotProduct.xml
----------------- Instantiating /home/travis/build/icyphy/ptII/ptolemy/domains/sdf/lib/test/auto/DotProduct.xml
8 ms. Memory: 145408K Free: 112996K (78%)
----------------- Invoking toplevel() on ptolemy.moml.MoMLSimpleApplication@2700f982
----------------- Done invoking toplevel() on ptolemy.moml.MoMLSimpleApplication@2700f982
reloadAllAccessors: .DotProduct

===========================================================================================
----------------- testing Wed Oct 30 06:27:19 UTC 2019 /home/travis/build/icyphy/ptII/ptolemy/domains/sdf/lib/test/auto/DotProductMatrix.xml
----------------- Instantiating /home/travis/build/icyphy/ptII/ptolemy/domains/sdf/lib/test/auto/DotProductMatrix.xml
7 ms. Memory: 145408K Free: 110320K (76%)
----------------- Invoking toplevel() on ptolemy.moml.MoMLSimpleApplication@29e28429
----------------- Done invoking toplevel() on ptolemy.moml.MoMLSimpleApplication@29e28429
reloadAllAccessors: .DotProductMatrix

===========================================================================================
----------------- testing Wed Oct 30 06:27:19 UTC 2019 /home/travis/build/icyphy/ptII/ptolemy/domains/sdf/lib/test/auto/DownSample1.xml
----------------- Instantiating /home/travis/build/icyphy/ptII/ptolemy/domains/sdf/lib/test/auto/DownSample1.xml
9 ms. Memory: 145408K Free: 106830K (73%)
----------------- Invoking toplevel() on ptolemy.moml.MoMLSimpleApplication@18ed8e75
----------------- Done invoking toplevel() on ptolemy.moml.MoMLSimpleApplication@18ed8e75
reloadAllAccessors: .DownSample1

===========================================================================================
----------------- testing Wed Oct 30 06:27:19 UTC 2019 /home/travis/build/icyphy/ptII/ptolemy/domains/sdf/lib/test/auto/DynamicRateChange.xml
----------------- Instantiating /home/travis/build/icyphy/ptII/ptolemy/domains/sdf/lib/test/auto/DynamicRateChange.xml
18 ms. Memory: 145408K Free: 101118K (70%)
----------------- Invoking toplevel() on ptolemy.moml.MoMLSimpleApplication@52498675
----------------- Done invoking toplevel() on ptolemy.moml.MoMLSimpleApplication@52498675
reloadAllAccessors: .DynamicRateChange

===========================================================================================
----------------- testing Wed Oct 30 06:27:19 UTC 2019 /home/travis/build/icyphy/ptII/ptolemy/domains/sdf/lib/test/auto/DynamicRates.xml
----------------- Instantiating /home/travis/build/icyphy/ptII/ptolemy/domains/sdf/lib/test/auto/DynamicRates.xml
20 ms. Memory: 145408K Free: 95478K (66%)
----------------- Invoking toplevel() on ptolemy.moml.MoMLSimpleApplication@1d3fba0b
----------------- Done invoking toplevel() on ptolemy.moml.MoMLSimpleApplication@1d3fba0b
reloadAllAccessors: .DynamicRates

===========================================================================================
----------------- testing Wed Oct 30 06:27:19 UTC 2019 /home/travis/build/icyphy/ptII/ptolemy/domains/sdf/lib/test/auto/FFT1.xml
----------------- Instantiating /home/travis/build/icyphy/ptII/ptolemy/domains/sdf/lib/test/auto/FFT1.xml
15 ms. Memory: 145408K Free: 91289K (63%)
----------------- Invoking toplevel() on ptolemy.moml.MoMLSimpleApplication@76922fd9
----------------- Done invoking toplevel() on ptolemy.moml.MoMLSimpleApplication@76922fd9
reloadAllAccessors: .FFT1

===========================================================================================
----------------- testing Wed Oct 30 06:27:19 UTC 2019 /home/travis/build/icyphy/ptII/ptolemy/domains/sdf/lib/test/auto/FIR1.xml
----------------- Instantiating /home/travis/build/icyphy/ptII/ptolemy/domains/sdf/lib/test/auto/FIR1.xml
27 ms. Memory: 145408K Free: 84324K (58%)
----------------- Invoking toplevel() on ptolemy.moml.MoMLSimpleApplication@52dd8c4
----------------- Done invoking toplevel() on ptolemy.moml.MoMLSimpleApplication@52dd8c4
reloadAllAccessors: .FIR1

===========================================================================================
----------------- testing Wed Oct 30 06:27:19 UTC 2019 /home/travis/build/icyphy/ptII/ptolemy/domains/sdf/lib/test/auto/FIR2.xml
----------------- Instantiating /home/travis/build/icyphy/ptII/ptolemy/domains/sdf/lib/test/auto/FIR2.xml
6 ms. Memory: 145408K Free: 81049K (56%)
----------------- Invoking toplevel() on ptolemy.moml.MoMLSimpleApplication@4a024f0d
----------------- Done invoking toplevel() on ptolemy.moml.MoMLSimpleApplication@4a024f0d
reloadAllAccessors: .FIR2

===========================================================================================
----------------- testing Wed Oct 30 06:27:19 UTC 2019 /home/travis/build/icyphy/ptII/ptolemy/domains/sdf/lib/test/auto/FIR4.xml
----------------- Instantiating /home/travis/build/icyphy/ptII/ptolemy/domains/sdf/lib/test/auto/FIR4.xml
9 ms. Memory: 145408K Free: 73476K (51%)
----------------- Invoking toplevel() on ptolemy.moml.MoMLSimpleApplication@1da6bd28
----------------- Done invoking toplevel() on ptolemy.moml.MoMLSimpleApplication@1da6bd28
reloadAllAccessors: .FIR4

===========================================================================================
----------------- testing Wed Oct 30 06:27:20 UTC 2019 /home/travis/build/icyphy/ptII/ptolemy/domains/sdf/lib/test/auto/FixJoin.xml
----------------- Instantiating /home/travis/build/icyphy/ptII/ptolemy/domains/sdf/lib/test/auto/FixJoin.xml
12 ms. Memory: 145408K Free: 129234K (89%)
----------------- Invoking toplevel() on ptolemy.moml.MoMLSimpleApplication@2b7ba1ee
----------------- Done invoking toplevel() on ptolemy.moml.MoMLSimpleApplication@2b7ba1ee
reloadAllAccessors: .FixJoin

===========================================================================================
----------------- testing Wed Oct 30 06:27:20 UTC 2019 /home/travis/build/icyphy/ptII/ptolemy/domains/sdf/lib/test/auto/IntJoin1.xml
----------------- Instantiating /home/travis/build/icyphy/ptII/ptolemy/domains/sdf/lib/test/auto/IntJoin1.xml
3 ms. Memory: 145408K Free: 124533K (86%)
----------------- Invoking toplevel() on ptolemy.moml.MoMLSimpleApplication@61518572
----------------- Done invoking toplevel() on ptolemy.moml.MoMLSimpleApplication@61518572
reloadAllAccessors: .IntJoin1

===========================================================================================
----------------- testing Wed Oct 30 06:27:20 UTC 2019 /home/travis/build/icyphy/ptII/ptolemy/domains/sdf/lib/test/auto/IntJoin2.xml
----------------- Instantiating /home/travis/build/icyphy/ptII/ptolemy/domains/sdf/lib/test/auto/IntJoin2.xml
3 ms. Memory: 145408K Free: 119911K (82%)
----------------- Invoking toplevel() on ptolemy.moml.MoMLSimpleApplication@1cbf4d32
----------------- Done invoking toplevel() on ptolemy.moml.MoMLSimpleApplication@1cbf4d32
reloadAllAccessors: .IntJoin2

===========================================================================================
----------------- testing Wed Oct 30 06:27:20 UTC 2019 /home/travis/build/icyphy/ptII/ptolemy/domains/sdf/lib/test/auto/IntJoin3.xml
----------------- Instantiating /home/travis/build/icyphy/ptII/ptolemy/domains/sdf/lib/test/auto/IntJoin3.xml
8 ms. Memory: 145408K Free: 115892K (80%)
----------------- Invoking toplevel() on ptolemy.moml.MoMLSimpleApplication@2870b504
----------------- Done invoking toplevel() on ptolemy.moml.MoMLSimpleApplication@2870b504
reloadAllAccessors: .IntJoin3

===========================================================================================
----------------- testing Wed Oct 30 06:27:20 UTC 2019 /home/travis/build/icyphy/ptII/ptolemy/domains/sdf/lib/test/auto/IntJoin4.xml
----------------- Instantiating /home/travis/build/icyphy/ptII/ptolemy/domains/sdf/lib/test/auto/IntJoin4.xml
6 ms. Memory: 145408K Free: 111719K (77%)
----------------- Invoking toplevel() on ptolemy.moml.MoMLSimpleApplication@148b75c3
----------------- Done invoking toplevel() on ptolemy.moml.MoMLSimpleApplication@148b75c3
reloadAllAccessors: .IntJoin4

===========================================================================================
----------------- testing Wed Oct 30 06:27:20 UTC 2019 /home/travis/build/icyphy/ptII/ptolemy/domains/sdf/lib/test/auto/IntJoin5.xml
----------------- Instantiating /home/travis/build/icyphy/ptII/ptolemy/domains/sdf/lib/test/auto/IntJoin5.xml
7 ms. Memory: 145408K Free: 107133K (74%)
----------------- Invoking toplevel() on ptolemy.moml.MoMLSimpleApplication@6714d3d9
----------------- Done invoking toplevel() on ptolemy.moml.MoMLSimpleApplication@6714d3d9
reloadAllAccessors: .IntJoin5

===========================================================================================
----------------- testing Wed Oct 30 06:27:20 UTC 2019 /home/travis/build/icyphy/ptII/ptolemy/domains/sdf/lib/test/auto/IntToBits.xml
----------------- Instantiating /home/travis/build/icyphy/ptII/ptolemy/domains/sdf/lib/test/auto/IntToBits.xml
12 ms. Memory: 145408K Free: 104053K (72%)
----------------- Invoking toplevel() on ptolemy.moml.MoMLSimpleApplication@4aed956d
----------------- Done invoking toplevel() on ptolemy.moml.MoMLSimpleApplication@4aed956d
reloadAllAccessors: .IntToBits

===========================================================================================
----------------- testing Wed Oct 30 06:27:20 UTC 2019 /home/travis/build/icyphy/ptII/ptolemy/domains/sdf/lib/test/auto/LMSAdaptive.xml
----------------- Instantiating /home/travis/build/icyphy/ptII/ptolemy/domains/sdf/lib/test/auto/LMSAdaptive.xml
13 ms. Memory: 145408K Free: 95426K (66%)
----------------- Invoking toplevel() on ptolemy.moml.MoMLSimpleApplication@7ccd500a
----------------- Done invoking toplevel() on ptolemy.moml.MoMLSimpleApplication@7ccd500a
reloadAllAccessors: .LMSAdaptive

===========================================================================================
----------------- testing Wed Oct 30 06:27:20 UTC 2019 /home/travis/build/icyphy/ptII/ptolemy/domains/sdf/lib/test/auto/LMSAdaptiveFIR.xml
----------------- Instantiating /home/travis/build/icyphy/ptII/ptolemy/domains/sdf/lib/test/auto/LMSAdaptiveFIR.xml
352 ms. Memory: 145408K Free: 61543K (42%)
----------------- Invoking toplevel() on ptolemy.moml.MoMLSimpleApplication@203bcde3
----------------- Done invoking toplevel() on ptolemy.moml.MoMLSimpleApplication@203bcde3
reloadAllAccessors: .LMSAdaptiveFIR

===========================================================================================
----------------- testing Wed Oct 30 06:27:20 UTC 2019 /home/travis/build/icyphy/ptII/ptolemy/domains/sdf/lib/test/auto/LMSAdaptiveFIR2.xml
----------------- Instantiating /home/travis/build/icyphy/ptII/ptolemy/domains/sdf/lib/test/auto/LMSAdaptiveFIR2.xml
491 ms. Memory: 145408K Free: 71786K (49%)
----------------- Invoking toplevel() on ptolemy.moml.MoMLSimpleApplication@16796ae1
----------------- Done invoking toplevel() on ptolemy.moml.MoMLSimpleApplication@16796ae1
reloadAllAccessors: .LMSAdaptiveFIR2

===========================================================================================
----------------- testing Wed Oct 30 06:27:21 UTC 2019 /home/travis/build/icyphy/ptII/ptolemy/domains/sdf/lib/test/auto/LongJoin.xml
----------------- Instantiating /home/travis/build/icyphy/ptII/ptolemy/domains/sdf/lib/test/auto/LongJoin.xml
12 ms. Memory: 145408K Free: 67137K (46%)
----------------- Invoking toplevel() on ptolemy.moml.MoMLSimpleApplication@75dae461
----------------- Done invoking toplevel() on ptolemy.moml.MoMLSimpleApplication@75dae461
reloadAllAccessors: .LongJoin

===========================================================================================
----------------- testing Wed Oct 30 06:27:21 UTC 2019 /home/travis/build/icyphy/ptII/ptolemy/domains/sdf/lib/test/auto/Matrix1.xml
----------------- Instantiating /home/travis/build/icyphy/ptII/ptolemy/domains/sdf/lib/test/auto/Matrix1.xml
5 ms. Memory: 145408K Free: 63580K (44%)
----------------- Invoking toplevel() on ptolemy.moml.MoMLSimpleApplication@59401f6c
----------------- Done invoking toplevel() on ptolemy.moml.MoMLSimpleApplication@59401f6c
reloadAllAccessors: .Matrix1

===========================================================================================
----------------- testing Wed Oct 30 06:27:21 UTC 2019 /home/travis/build/icyphy/ptII/ptolemy/domains/sdf/lib/test/auto/Matrix2.xml
----------------- Instantiating /home/travis/build/icyphy/ptII/ptolemy/domains/sdf/lib/test/auto/Matrix2.xml
5 ms. Memory: 145408K Free: 59468K (41%)
----------------- Invoking toplevel() on ptolemy.moml.MoMLSimpleApplication@2ed11e3a
----------------- Done invoking toplevel() on ptolemy.moml.MoMLSimpleApplication@2ed11e3a
reloadAllAccessors: .Matrix2

===========================================================================================
----------------- testing Wed Oct 30 06:27:21 UTC 2019 /home/travis/build/icyphy/ptII/ptolemy/domains/sdf/lib/test/auto/MatrixJoin1.xml
----------------- Instantiating /home/travis/build/icyphy/ptII/ptolemy/domains/sdf/lib/test/auto/MatrixJoin1.xml
3 ms. Memory: 145408K Free: 127507K (88%)
----------------- Invoking toplevel() on ptolemy.moml.MoMLSimpleApplication@150089e2
----------------- Done invoking toplevel() on ptolemy.moml.MoMLSimpleApplication@150089e2
reloadAllAccessors: .MatrixJoin1

===========================================================================================
----------------- testing Wed Oct 30 06:27:21 UTC 2019 /home/travis/build/icyphy/ptII/ptolemy/domains/sdf/lib/test/auto/MatrixJoin2.xml
----------------- Instantiating /home/travis/build/icyphy/ptII/ptolemy/domains/sdf/lib/test/auto/MatrixJoin2.xml
4 ms. Memory: 145408K Free: 122888K (85%)
----------------- Invoking toplevel() on ptolemy.moml.MoMLSimpleApplication@3a0cf688
----------------- Done invoking toplevel() on ptolemy.moml.MoMLSimpleApplication@3a0cf688
reloadAllAccessors: .MatrixJoin2

===========================================================================================
----------------- testing Wed Oct 30 06:27:21 UTC 2019 /home/travis/build/icyphy/ptII/ptolemy/domains/sdf/lib/test/auto/MatrixJoin3.xml
----------------- Instantiating /home/travis/build/icyphy/ptII/ptolemy/domains/sdf/lib/test/auto/MatrixJoin3.xml
7 ms. Memory: 145408K Free: 118792K (82%)
----------------- Invoking toplevel() on ptolemy.moml.MoMLSimpleApplication@7817bab7
----------------- Done invoking toplevel() on ptolemy.moml.MoMLSimpleApplication@7817bab7
reloadAllAccessors: .MatrixJoin3

===========================================================================================
----------------- testing Wed Oct 30 06:27:21 UTC 2019 /home/travis/build/icyphy/ptII/ptolemy/domains/sdf/lib/test/auto/MatrixJoin4.xml
----------------- Instantiating /home/travis/build/icyphy/ptII/ptolemy/domains/sdf/lib/test/auto/MatrixJoin4.xml
4 ms. Memory: 145408K Free: 114696K (79%)
----------------- Invoking toplevel() on ptolemy.moml.MoMLSimpleApplication@6c6aa68
----------------- Done invoking toplevel() on ptolemy.moml.MoMLSimpleApplication@6c6aa68
reloadAllAccessors: .MatrixJoin4

===========================================================================================
----------------- testing Wed Oct 30 06:27:21 UTC 2019 /home/travis/build/icyphy/ptII/ptolemy/domains/sdf/lib/test/auto/MatrixJoin5.xml
----------------- Instantiating /home/travis/build/icyphy/ptII/ptolemy/domains/sdf/lib/test/auto/MatrixJoin5.xml
4 ms. Memory: 145408K Free: 110603K (76%)
----------------- Invoking toplevel() on ptolemy.moml.MoMLSimpleApplication@762b18ef
----------------- Done invoking toplevel() on ptolemy.moml.MoMLSimpleApplication@762b18ef
reloadAllAccessors: .MatrixJoin5

===========================================================================================
----------------- testing Wed Oct 30 06:27:21 UTC 2019 /home/travis/build/icyphy/ptII/ptolemy/domains/sdf/lib/test/auto/MatrixSplit1.xml
----------------- Instantiating /home/travis/build/icyphy/ptII/ptolemy/domains/sdf/lib/test/auto/MatrixSplit1.xml
3 ms. Memory: 145408K Free: 105478K (73%)
----------------- Invoking toplevel() on ptolemy.moml.MoMLSimpleApplication@2bdf5a26
----------------- Done invoking toplevel() on ptolemy.moml.MoMLSimpleApplication@2bdf5a26
reloadAllAccessors: .MatrixSplit1

===========================================================================================
----------------- testing Wed Oct 30 06:27:21 UTC 2019 /home/travis/build/icyphy/ptII/ptolemy/domains/sdf/lib/test/auto/MatrixSplit10.xml
----------------- Instantiating /home/travis/build/icyphy/ptII/ptolemy/domains/sdf/lib/test/auto/MatrixSplit10.xml
4 ms. Memory: 145408K Free: 101888K (70%)
----------------- Invoking toplevel() on ptolemy.moml.MoMLSimpleApplication@46017768
----------------- Done invoking toplevel() on ptolemy.moml.MoMLSimpleApplication@46017768
reloadAllAccessors: .MatrixSplit10

===========================================================================================
----------------- testing Wed Oct 30 06:27:21 UTC 2019 /home/travis/build/icyphy/ptII/ptolemy/domains/sdf/lib/test/auto/MatrixSplit11.xml
----------------- Instantiating /home/travis/build/icyphy/ptII/ptolemy/domains/sdf/lib/test/auto/MatrixSplit11.xml
2 ms. Memory: 145408K Free: 98312K (68%)
----------------- Invoking toplevel() on ptolemy.moml.MoMLSimpleApplication@1e292550
----------------- Done invoking toplevel() on ptolemy.moml.MoMLSimpleApplication@1e292550
reloadAllAccessors: .MatrixSplit11

===========================================================================================
----------------- testing Wed Oct 30 06:27:21 UTC 2019 /home/travis/build/icyphy/ptII/ptolemy/domains/sdf/lib/test/auto/MatrixSplit12.xml
----------------- Instantiating /home/travis/build/icyphy/ptII/ptolemy/domains/sdf/lib/test/auto/MatrixSplit12.xml
3 ms. Memory: 145408K Free: 94739K (65%)
----------------- Invoking toplevel() on ptolemy.moml.MoMLSimpleApplication@609f1e90
----------------- Done invoking toplevel() on ptolemy.moml.MoMLSimpleApplication@609f1e90
reloadAllAccessors: .MatrixSplit12

===========================================================================================
----------------- testing Wed Oct 30 06:27:21 UTC 2019 /home/travis/build/icyphy/ptII/ptolemy/domains/sdf/lib/test/auto/MatrixSplit13.xml
----------------- Instantiating /home/travis/build/icyphy/ptII/ptolemy/domains/sdf/lib/test/auto/MatrixSplit13.xml
8 ms. Memory: 145408K Free: 91147K (63%)
----------------- Invoking toplevel() on ptolemy.moml.MoMLSimpleApplication@5cb6b575
----------------- Done invoking toplevel() on ptolemy.moml.MoMLSimpleApplication@5cb6b575
reloadAllAccessors: .MatrixSplit13

===========================================================================================
----------------- testing Wed Oct 30 06:27:21 UTC 2019 /home/travis/build/icyphy/ptII/ptolemy/domains/sdf/lib/test/auto/MatrixSplit14.xml
----------------- Instantiating /home/travis/build/icyphy/ptII/ptolemy/domains/sdf/lib/test/auto/MatrixSplit14.xml
2 ms. Memory: 145408K Free: 87552K (60%)
----------------- Invoking toplevel() on ptolemy.moml.MoMLSimpleApplication@1a913238
----------------- Done invoking toplevel() on ptolemy.moml.MoMLSimpleApplication@1a913238
reloadAllAccessors: .MatrixSplit14

===========================================================================================
----------------- testing Wed Oct 30 06:27:21 UTC 2019 /home/travis/build/icyphy/ptII/ptolemy/domains/sdf/lib/test/auto/MatrixSplit2.xml
----------------- Instantiating /home/travis/build/icyphy/ptII/ptolemy/domains/sdf/lib/test/auto/MatrixSplit2.xml
2 ms. Memory: 145408K Free: 84001K (58%)
----------------- Invoking toplevel() on ptolemy.moml.MoMLSimpleApplication@6834806b
----------------- Done invoking toplevel() on ptolemy.moml.MoMLSimpleApplication@6834806b
reloadAllAccessors: .MatrixSplit2

===========================================================================================
----------------- testing Wed Oct 30 06:27:21 UTC 2019 /home/travis/build/icyphy/ptII/ptolemy/domains/sdf/lib/test/auto/MatrixSplit3.xml
----------------- Instantiating /home/travis/build/icyphy/ptII/ptolemy/domains/sdf/lib/test/auto/MatrixSplit3.xml
2 ms. Memory: 145408K Free: 80403K (55%)
----------------- Invoking toplevel() on ptolemy.moml.MoMLSimpleApplication@1bcfbc96
----------------- Done invoking toplevel() on ptolemy.moml.MoMLSimpleApplication@1bcfbc96
reloadAllAccessors: .MatrixSplit3

===========================================================================================
----------------- testing Wed Oct 30 06:27:21 UTC 2019 /home/travis/build/icyphy/ptII/ptolemy/domains/sdf/lib/test/auto/MatrixSplit4.xml
----------------- Instantiating /home/travis/build/icyphy/ptII/ptolemy/domains/sdf/lib/test/auto/MatrixSplit4.xml
3 ms. Memory: 145408K Free: 76813K (53%)
----------------- Invoking toplevel() on ptolemy.moml.MoMLSimpleApplication@115eda4c
----------------- Done invoking toplevel() on ptolemy.moml.MoMLSimpleApplication@115eda4c
reloadAllAccessors: .MatrixSplit4

===========================================================================================
----------------- testing Wed Oct 30 06:27:22 UTC 2019 /home/travis/build/icyphy/ptII/ptolemy/domains/sdf/lib/test/auto/MatrixSplit5.xml
----------------- Instantiating /home/travis/build/icyphy/ptII/ptolemy/domains/sdf/lib/test/auto/MatrixSplit5.xml
14 ms. Memory: 145408K Free: 73235K (50%)
----------------- Invoking toplevel() on ptolemy.moml.MoMLSimpleApplication@32a54393
----------------- Done invoking toplevel() on ptolemy.moml.MoMLSimpleApplication@32a54393
reloadAllAccessors: .MatrixSplit5

===========================================================================================
----------------- testing Wed Oct 30 06:27:22 UTC 2019 /home/travis/build/icyphy/ptII/ptolemy/domains/sdf/lib/test/auto/MatrixSplit6.xml
----------------- Instantiating /home/travis/build/icyphy/ptII/ptolemy/domains/sdf/lib/test/auto/MatrixSplit6.xml
4 ms. Memory: 145408K Free: 69645K (48%)
----------------- Invoking toplevel() on ptolemy.moml.MoMLSimpleApplication@63ee01f6
----------------- Done invoking toplevel() on ptolemy.moml.MoMLSimpleApplication@63ee01f6
reloadAllAccessors: .MatrixSplit6

===========================================================================================
----------------- testing Wed Oct 30 06:27:22 UTC 2019 /home/travis/build/icyphy/ptII/ptolemy/domains/sdf/lib/test/auto/MatrixSplit7.xml
----------------- Instantiating /home/travis/build/icyphy/ptII/ptolemy/domains/sdf/lib/test/auto/MatrixSplit7.xml
3 ms. Memory: 145408K Free: 66067K (45%)
----------------- Invoking toplevel() on ptolemy.moml.MoMLSimpleApplication@5f320082
----------------- Done invoking toplevel() on ptolemy.moml.MoMLSimpleApplication@5f320082
reloadAllAccessors: .MatrixSplit7

===========================================================================================
----------------- testing Wed Oct 30 06:27:22 UTC 2019 /home/travis/build/icyphy/ptII/ptolemy/domains/sdf/lib/test/auto/MatrixSplit8.xml
----------------- Instantiating /home/travis/build/icyphy/ptII/ptolemy/domains/sdf/lib/test/auto/MatrixSplit8.xml
2 ms. Memory: 145408K Free: 62497K (43%)
----------------- Invoking toplevel() on ptolemy.moml.MoMLSimpleApplication@69bd9175
----------------- Done invoking toplevel() on ptolemy.moml.MoMLSimpleApplication@69bd9175
reloadAllAccessors: .MatrixSplit8

===========================================================================================
----------------- testing Wed Oct 30 06:27:22 UTC 2019 /home/travis/build/icyphy/ptII/ptolemy/domains/sdf/lib/test/auto/MatrixSplit9.xml
----------------- Instantiating /home/travis/build/icyphy/ptII/ptolemy/domains/sdf/lib/test/auto/MatrixSplit9.xml
3 ms. Memory: 145408K Free: 58899K (41%)
----------------- Invoking toplevel() on ptolemy.moml.MoMLSimpleApplication@52efb0d1
----------------- Done invoking toplevel() on ptolemy.moml.MoMLSimpleApplication@52efb0d1
reloadAllAccessors: .MatrixSplit9

===========================================================================================
----------------- testing Wed Oct 30 06:27:22 UTC 2019 /home/travis/build/icyphy/ptII/ptolemy/domains/sdf/lib/test/auto/MatrixToSequence.xml
----------------- Instantiating /home/travis/build/icyphy/ptII/ptolemy/domains/sdf/lib/test/auto/MatrixToSequence.xml
6 ms. Memory: 145408K Free: 124079K (85%)
----------------- Invoking toplevel() on ptolemy.moml.MoMLSimpleApplication@544289ef
----------------- Done invoking toplevel() on ptolemy.moml.MoMLSimpleApplication@544289ef
reloadAllAccessors: .MatrixToSequence

===========================================================================================
----------------- testing Wed Oct 30 06:27:22 UTC 2019 /home/travis/build/icyphy/ptII/ptolemy/domains/sdf/lib/test/auto/MaximumEntropySpectrum.xml
----------------- Instantiating /home/travis/build/icyphy/ptII/ptolemy/domains/sdf/lib/test/auto/MaximumEntropySpectrum.xml
18 ms. Memory: 145408K Free: 103089K (71%)
----------------- Invoking toplevel() on ptolemy.moml.MoMLSimpleApplication@7d061b3c
----------------- Done invoking toplevel() on ptolemy.moml.MoMLSimpleApplication@7d061b3c
reloadAllAccessors: .MaximumEntropySpectrum

===========================================================================================
----------------- testing Wed Oct 30 06:27:22 UTC 2019 /home/travis/build/icyphy/ptII/ptolemy/domains/sdf/lib/test/auto/SampleDelayConversion.xml
----------------- Instantiating /home/travis/build/icyphy/ptII/ptolemy/domains/sdf/lib/test/auto/SampleDelayConversion.xml
3 ms. Memory: 145408K Free: 99503K (68%)
----------------- Invoking toplevel() on ptolemy.moml.MoMLSimpleApplication@27b422c1
----------------- Done invoking toplevel() on ptolemy.moml.MoMLSimpleApplication@27b422c1
reloadAllAccessors: .SampleDelayConversion

===========================================================================================
----------------- testing Wed Oct 30 06:27:22 UTC 2019 /home/travis/build/icyphy/ptII/ptolemy/domains/sdf/lib/test/auto/SequenceToArray.xml
----------------- Instantiating /home/travis/build/icyphy/ptII/ptolemy/domains/sdf/lib/test/auto/SequenceToArray.xml
12 ms. Memory: 145408K Free: 88209K (61%)
----------------- Invoking toplevel() on ptolemy.moml.MoMLSimpleApplication@d28e702
----------------- Done invoking toplevel() on ptolemy.moml.MoMLSimpleApplication@d28e702
reloadAllAccessors: .SequenceToArray

===========================================================================================
----------------- testing Wed Oct 30 06:27:22 UTC 2019 /home/travis/build/icyphy/ptII/ptolemy/domains/sdf/lib/test/auto/SequenceToMatrix.xml
----------------- Instantiating /home/travis/build/icyphy/ptII/ptolemy/domains/sdf/lib/test/auto/SequenceToMatrix.xml
4550 ms. Memory: 145408K Free: 69276K (48%)
----------------- Invoking toplevel() on ptolemy.moml.MoMLSimpleApplication@1bec52c
----------------- Done invoking toplevel() on ptolemy.moml.MoMLSimpleApplication@1bec52c
reloadAllAccessors: .SequenceToMatrix

===========================================================================================
----------------- testing Wed Oct 30 06:27:27 UTC 2019 /home/travis/build/icyphy/ptII/ptolemy/domains/sdf/lib/test/auto/SmoothedPeriodogram.xml
----------------- Instantiating /home/travis/build/icyphy/ptII/ptolemy/domains/sdf/lib/test/auto/SmoothedPeriodogram.xml
27 ms. Memory: 145408K Free: 53916K (37%)
----------------- Invoking toplevel() on ptolemy.moml.MoMLSimpleApplication@46a064de
----------------- Done invoking toplevel() on ptolemy.moml.MoMLSimpleApplication@46a064de
reloadAllAccessors: .SmoothedPeriodogram

===========================================================================================
----------------- testing Wed Oct 30 06:27:27 UTC 2019 /home/travis/build/icyphy/ptII/ptolemy/domains/sdf/lib/test/auto/UpDownSample1.xml
----------------- Instantiating /home/travis/build/icyphy/ptII/ptolemy/domains/sdf/lib/test/auto/UpDownSample1.xml
3 ms. Memory: 145408K Free: 49820K (34%)
----------------- Invoking toplevel() on ptolemy.moml.MoMLSimpleApplication@2c3d2802
----------------- Done invoking toplevel() on ptolemy.moml.MoMLSimpleApplication@2c3d2802
reloadAllAccessors: .UpDownSample1

===========================================================================================
----------------- testing Wed Oct 30 06:27:27 UTC 2019 /home/travis/build/icyphy/ptII/ptolemy/domains/sdf/lib/test/auto/UpSample1.xml
----------------- Instantiating /home/travis/build/icyphy/ptII/ptolemy/domains/sdf/lib/test/auto/UpSample1.xml
2 ms. Memory: 145408K Free: 46234K (32%)
----------------- Invoking toplevel() on ptolemy.moml.MoMLSimpleApplication@15fe2fb6
----------------- Done invoking toplevel() on ptolemy.moml.MoMLSimpleApplication@15fe2fb6
reloadAllAccessors: .UpSample1

===========================================================================================
----------------- testing Wed Oct 30 06:27:27 UTC 2019 /home/travis/build/icyphy/ptII/ptolemy/domains/sdf/lib/test/auto/VariableFIR.xml
----------------- Instantiating /home/travis/build/icyphy/ptII/ptolemy/domains/sdf/lib/test/auto/VariableFIR.xml
7 ms. Memory: 145408K Free: 125302K (86%)
----------------- Invoking toplevel() on ptolemy.moml.MoMLSimpleApplication@443f4f5
----------------- Done invoking toplevel() on ptolemy.moml.MoMLSimpleApplication@443f4f5
reloadAllAccessors: .VariableFIR

===========================================================================================
----------------- testing Wed Oct 30 06:27:27 UTC 2019 /home/travis/build/icyphy/ptII/ptolemy/domains/sdf/lib/test/auto/VariableFIR2.xml
----------------- Instantiating /home/travis/build/icyphy/ptII/ptolemy/domains/sdf/lib/test/auto/VariableFIR2.xml
4 ms. Memory: 145408K Free: 120166K (83%)
----------------- Invoking toplevel() on ptolemy.moml.MoMLSimpleApplication@3ce60f62
----------------- Done invoking toplevel() on ptolemy.moml.MoMLSimpleApplication@3ce60f62
reloadAllAccessors: .VariableFIR2

===========================================================================================
----------------- testing Wed Oct 30 06:27:27 UTC 2019 /home/travis/build/icyphy/ptII/ptolemy/domains/sdf/lib/test/auto/VariableLattice.xml
----------------- Instantiating /home/travis/build/icyphy/ptII/ptolemy/domains/sdf/lib/test/auto/VariableLattice.xml
6 ms. Memory: 145408K Free: 114052K (78%)
----------------- Invoking toplevel() on ptolemy.moml.MoMLSimpleApplication@5a2b3bfb
----------------- Done invoking toplevel() on ptolemy.moml.MoMLSimpleApplication@5a2b3bfb
reloadAllAccessors: .VariableLattice

===========================================================================================
----------------- testing Wed Oct 30 06:27:27 UTC 2019 /home/travis/build/icyphy/ptII/ptolemy/domains/sdf/lib/test/auto/VariableLattice2.xml
----------------- Instantiating /home/travis/build/icyphy/ptII/ptolemy/domains/sdf/lib/test/auto/VariableLattice2.xml
1.0
-1.999999602036
1.9099998677481
-0.9099996420674
0.205
0.0
0.0
1.0
-0.25
-0.5
0.0
0.0
0.0
0.0
12 ms. Memory: 145408K Free: 109446K (75%)
----------------- Invoking toplevel() on ptolemy.moml.MoMLSimpleApplication@14fc09b5
----------------- Done invoking toplevel() on ptolemy.moml.MoMLSimpleApplication@14fc09b5
reloadAllAccessors: .VariableLattice2

===========================================================================================
----------------- testing Wed Oct 30 06:27:27 UTC 2019 /home/travis/build/icyphy/ptII/ptolemy/domains/sdf/lib/test/auto/VariableRecursiveLattice.xml
----------------- Instantiating /home/travis/build/icyphy/ptII/ptolemy/domains/sdf/lib/test/auto/VariableRecursiveLattice.xml
6 ms. Memory: 145408K Free: 104836K (72%)
----------------- Invoking toplevel() on ptolemy.moml.MoMLSimpleApplication@219838b2
----------------- Done invoking toplevel() on ptolemy.moml.MoMLSimpleApplication@219838b2
reloadAllAccessors: .VariableRecursiveLattice

===========================================================================================
----------------- testing Wed Oct 30 06:27:27 UTC 2019 /home/travis/build/icyphy/ptII/ptolemy/domains/sdf/lib/test/auto/VariableRecursiveLattice2.xml
----------------- Instantiating /home/travis/build/icyphy/ptII/ptolemy/domains/sdf/lib/test/auto/VariableRecursiveLattice2.xml
4 ms. Memory: 145408K Free: 100740K (69%)
----------------- Invoking toplevel() on ptolemy.moml.MoMLSimpleApplication@575f5f2b
----------------- Done invoking toplevel() on ptolemy.moml.MoMLSimpleApplication@575f5f2b
reloadAllAccessors: .VariableRecursiveLattice2
AutoTests.java: About to close Vertx.
AutoTests.java: Vertx closed.
]]></system-out>
  <system-err><![CDATA[]]></system-err>
</testsuite>
