<?xml version="1.0" encoding="UTF-8" ?>
<testsuite errors="0" failures="0" hostname="travis-job-b3ca3acd-e8cd-43b0-a0ab-49e791de09b0" name="ptolemy.domains.continuous.test.junit.JUnitTclTest" skipped="0" tests="156" time="69.685" timestamp="2020-01-14T06:41:02">
  <properties>
[...]
</properties>
  <testcase classname="ptolemy.util.test.junit.TclTests" name="[0] ThereAreNoTclTests (RunTclFile)" time="0.022" />
  <testcase classname="ptolemy.util.test.junit.AutoKnownFailedTests" name="[0] ThereAreNoKnowFailedTests (RunModel)" time="0.007" />
  <testcase classname="ptolemy.util.test.junit.AutoNameArchTests" name="[0] ThereAreNoAutoArchTests (RunModel)" time="0.018" />
  <testcase classname="ptolemy.util.test.junit.AutoTests" name="[0] /home/travis/build/icyphy/ptII/ptolemy/domains/continuous/test/auto/BouncingBall.xml (RunModel)" time="2.892" />
  <testcase classname="ptolemy.util.test.junit.AutoTests" name="[1] /home/travis/build/icyphy/ptII/ptolemy/domains/continuous/test/auto/BouncingBallWithoutGR.xml (RunModel)" time="0.956" />
  <testcase classname="ptolemy.util.test.junit.AutoTests" name="[2] /home/travis/build/icyphy/ptII/ptolemy/domains/continuous/test/auto/Brownian.xml (RunModel)" time="0.116" />
  <testcase classname="ptolemy.util.test.junit.AutoTests" name="[3] /home/travis/build/icyphy/ptII/ptolemy/domains/continuous/test/auto/CarTracking.xml (RunModel)" time="4.014" />
  <testcase classname="ptolemy.util.test.junit.AutoTests" name="[4] /home/travis/build/icyphy/ptII/ptolemy/domains/continuous/test/auto/CartPendulum.xml (RunModel)" time="0.487" />
  <testcase classname="ptolemy.util.test.junit.AutoTests" name="[5] /home/travis/build/icyphy/ptII/ptolemy/domains/continuous/test/auto/CausalityInterface10.xml (RunModel)" time="0.057" />
  <testcase classname="ptolemy.util.test.junit.AutoTests" name="[6] /home/travis/build/icyphy/ptII/ptolemy/domains/continuous/test/auto/CausalityInterface11.xml (RunModel)" time="0.028" />
  <testcase classname="ptolemy.util.test.junit.AutoTests" name="[7] /home/travis/build/icyphy/ptII/ptolemy/domains/continuous/test/auto/CausalityInterface12.xml (RunModel)" time="0.023" />
  <testcase classname="ptolemy.util.test.junit.AutoTests" name="[8] /home/travis/build/icyphy/ptII/ptolemy/domains/continuous/test/auto/CausalityInterface13.xml (RunModel)" time="0.02" />
  <testcase classname="ptolemy.util.test.junit.AutoTests" name="[9] /home/travis/build/icyphy/ptII/ptolemy/domains/continuous/test/auto/CausalityInterface14.xml (RunModel)" time="0.028" />
  <testcase classname="ptolemy.util.test.junit.AutoTests" name="[10] /home/travis/build/icyphy/ptII/ptolemy/domains/continuous/test/auto/CausalityInterface4.xml (RunModel)" time="0.029" />
  <testcase classname="ptolemy.util.test.junit.AutoTests" name="[11] /home/travis/build/icyphy/ptII/ptolemy/domains/continuous/test/auto/CausalityInterface5.xml (RunModel)" time="0.038" />
  <testcase classname="ptolemy.util.test.junit.AutoTests" name="[12] /home/travis/build/icyphy/ptII/ptolemy/domains/continuous/test/auto/CausalityInterface6.xml (RunModel)" time="0.031" />
  <testcase classname="ptolemy.util.test.junit.AutoTests" name="[13] /home/travis/build/icyphy/ptII/ptolemy/domains/continuous/test/auto/CausalityInterface7.xml (RunModel)" time="0.065" />
  <testcase classname="ptolemy.util.test.junit.AutoTests" name="[14] /home/travis/build/icyphy/ptII/ptolemy/domains/continuous/test/auto/CausalityInterface8.xml (RunModel)" time="0.077" />
  <testcase classname="ptolemy.util.test.junit.AutoTests" name="[15] /home/travis/build/icyphy/ptII/ptolemy/domains/continuous/test/auto/CausalityInterface9.xml (RunModel)" time="0.063" />
  <testcase classname="ptolemy.util.test.junit.AutoTests" name="[16] /home/travis/build/icyphy/ptII/ptolemy/domains/continuous/test/auto/CausalityInterfaceFeedback1.xml (RunModel)" time="0.023" />
  <testcase classname="ptolemy.util.test.junit.AutoTests" name="[17] /home/travis/build/icyphy/ptII/ptolemy/domains/continuous/test/auto/CausalityInterfaceFeedback2.xml (RunModel)" time="0.023" />
  <testcase classname="ptolemy.util.test.junit.AutoTests" name="[18] /home/travis/build/icyphy/ptII/ptolemy/domains/continuous/test/auto/CompareWithCurrentTime.xml (RunModel)" time="0.018" />
  <testcase classname="ptolemy.util.test.junit.AutoTests" name="[19] /home/travis/build/icyphy/ptII/ptolemy/domains/continuous/test/auto/ComparedClocks.xml (RunModel)" time="0.074" />
  <testcase classname="ptolemy.util.test.junit.AutoTests" name="[20] /home/travis/build/icyphy/ptII/ptolemy/domains/continuous/test/auto/ContinuousAOCClone.xml (RunModel)" time="2.422" />
  <testcase classname="ptolemy.util.test.junit.AutoTests" name="[21] /home/travis/build/icyphy/ptII/ptolemy/domains/continuous/test/auto/ContinuousClock.xml (RunModel)" time="0.064" />
  <testcase classname="ptolemy.util.test.junit.AutoTests" name="[22] /home/travis/build/icyphy/ptII/ptolemy/domains/continuous/test/auto/ContinuousInContinuous.xml (RunModel)" time="0.079" />
  <testcase classname="ptolemy.util.test.junit.AutoTests" name="[23] /home/travis/build/icyphy/ptII/ptolemy/domains/continuous/test/auto/ContinuousInContinuousInContinuous.xml (RunModel)" time="0.026" />
  <testcase classname="ptolemy.util.test.junit.AutoTests" name="[24] /home/travis/build/icyphy/ptII/ptolemy/domains/continuous/test/auto/ContinuousInDE.xml (RunModel)" time="0.076" />
  <testcase classname="ptolemy.util.test.junit.AutoTests" name="[25] /home/travis/build/icyphy/ptII/ptolemy/domains/continuous/test/auto/ContinuousInDE2.xml (RunModel)" time="0.042" />
  <testcase classname="ptolemy.util.test.junit.AutoTests" name="[26] /home/travis/build/icyphy/ptII/ptolemy/domains/continuous/test/auto/ContinuousInDE3.xml (RunModel)" time="0.055" />
  <testcase classname="ptolemy.util.test.junit.AutoTests" name="[27] /home/travis/build/icyphy/ptII/ptolemy/domains/continuous/test/auto/ContinuousInDE4.xml (RunModel)" time="0.032" />
  <testcase classname="ptolemy.util.test.junit.AutoTests" name="[28] /home/travis/build/icyphy/ptII/ptolemy/domains/continuous/test/auto/ContinuousInDEDifferentRefinements.xml (RunModel)" time="0.106" />
  <testcase classname="ptolemy.util.test.junit.AutoTests" name="[29] /home/travis/build/icyphy/ptII/ptolemy/domains/continuous/test/auto/ContinuousInDEDifferentRefinementsPreemptive.xml (RunModel)" time="0.086" />
  <testcase classname="ptolemy.util.test.junit.AutoTests" name="[30] /home/travis/build/icyphy/ptII/ptolemy/domains/continuous/test/auto/ContinuousInDEInContinuous2.xml (RunModel)" time="0.059" />
  <testcase classname="ptolemy.util.test.junit.AutoTests" name="[31] /home/travis/build/icyphy/ptII/ptolemy/domains/continuous/test/auto/ContinuousInDEInContinuous3.xml (RunModel)" time="0.052" />
  <testcase classname="ptolemy.util.test.junit.AutoTests" name="[32] /home/travis/build/icyphy/ptII/ptolemy/domains/continuous/test/auto/ContinuousInDEInput.xml (RunModel)" time="0.028" />
  <testcase classname="ptolemy.util.test.junit.AutoTests" name="[33] /home/travis/build/icyphy/ptII/ptolemy/domains/continuous/test/auto/ContinuousInDEInput2.xml (RunModel)" time="0.024" />
  <testcase classname="ptolemy.util.test.junit.AutoTests" name="[34] /home/travis/build/icyphy/ptII/ptolemy/domains/continuous/test/auto/ContinuousInDEInput3.xml (RunModel)" time="0.026" />
  <testcase classname="ptolemy.util.test.junit.AutoTests" name="[35] /home/travis/build/icyphy/ptII/ptolemy/domains/continuous/test/auto/ContinuousInDESharingRefinement.xml (RunModel)" time="0.159" />
  <testcase classname="ptolemy.util.test.junit.AutoTests" name="[36] /home/travis/build/icyphy/ptII/ptolemy/domains/continuous/test/auto/ContinuousInDEwithNoPorts.xml (RunModel)" time="0.02" />
  <testcase classname="ptolemy.util.test.junit.AutoTests" name="[37] /home/travis/build/icyphy/ptII/ptolemy/domains/continuous/test/auto/ContinuousInsideDE.xml (RunModel)" time="0.075" />
  <testcase classname="ptolemy.util.test.junit.AutoTests" name="[38] /home/travis/build/icyphy/ptII/ptolemy/domains/continuous/test/auto/ContinuousMerge1.xml (RunModel)" time="0.014" />
  <testcase classname="ptolemy.util.test.junit.AutoTests" name="[39] /home/travis/build/icyphy/ptII/ptolemy/domains/continuous/test/auto/ContinuousMerge2.xml (RunModel)" time="0.044" />
  <testcase classname="ptolemy.util.test.junit.AutoTests" name="[40] /home/travis/build/icyphy/ptII/ptolemy/domains/continuous/test/auto/ContinuousMerge3.xml (RunModel)" time="0.075" />
  <testcase classname="ptolemy.util.test.junit.AutoTests" name="[41] /home/travis/build/icyphy/ptII/ptolemy/domains/continuous/test/auto/ContinuousWithinContinuous.xml (RunModel)" time="0.059" />
  <testcase classname="ptolemy.util.test.junit.AutoTests" name="[42] /home/travis/build/icyphy/ptII/ptolemy/domains/continuous/test/auto/ContinuousWithinContinuous2.xml (RunModel)" time="0.061" />
  <testcase classname="ptolemy.util.test.junit.AutoTests" name="[43] /home/travis/build/icyphy/ptII/ptolemy/domains/continuous/test/auto/ContinuousWithinContinuous3.xml (RunModel)" time="0.025" />
  <testcase classname="ptolemy.util.test.junit.AutoTests" name="[44] /home/travis/build/icyphy/ptII/ptolemy/domains/continuous/test/auto/ContinuousWithinContinuous4.xml (RunModel)" time="0.065" />
  <testcase classname="ptolemy.util.test.junit.AutoTests" name="[45] /home/travis/build/icyphy/ptII/ptolemy/domains/continuous/test/auto/ContinuousWithinContinuous5.xml (RunModel)" time="0.029" />
  <testcase classname="ptolemy.util.test.junit.AutoTests" name="[46] /home/travis/build/icyphy/ptII/ptolemy/domains/continuous/test/auto/ContinuousWithinContinuous6.xml (RunModel)" time="0.025" />
  <testcase classname="ptolemy.util.test.junit.AutoTests" name="[47] /home/travis/build/icyphy/ptII/ptolemy/domains/continuous/test/auto/ContinuousWithinContinuous7.xml (RunModel)" time="0.052" />
  <testcase classname="ptolemy.util.test.junit.AutoTests" name="[48] /home/travis/build/icyphy/ptII/ptolemy/domains/continuous/test/auto/DCMotor.xml (RunModel)" time="12.184" />
  <testcase classname="ptolemy.util.test.junit.AutoTests" name="[49] /home/travis/build/icyphy/ptII/ptolemy/domains/continuous/test/auto/DEInContinuous.xml (RunModel)" time="0.054" />
  <testcase classname="ptolemy.util.test.junit.AutoTests" name="[50] /home/travis/build/icyphy/ptII/ptolemy/domains/continuous/test/auto/DEinContinuous2.xml (RunModel)" time="0.039" />
  <testcase classname="ptolemy.util.test.junit.AutoTests" name="[51] /home/travis/build/icyphy/ptII/ptolemy/domains/continuous/test/auto/Derivative.xml (RunModel)" time="0.184" />
  <testcase classname="ptolemy.util.test.junit.AutoTests" name="[52] /home/travis/build/icyphy/ptII/ptolemy/domains/continuous/test/auto/Derivative1.xml (RunModel)" time="0.056" />
  <testcase classname="ptolemy.util.test.junit.AutoTests" name="[53] /home/travis/build/icyphy/ptII/ptolemy/domains/continuous/test/auto/DiscreteClock.xml (RunModel)" time="0.018" />
  <testcase classname="ptolemy.util.test.junit.AutoTests" name="[54] /home/travis/build/icyphy/ptII/ptolemy/domains/continuous/test/auto/EfficiencyCurve.xml (RunModel)" time="0.081" />
  <testcase classname="ptolemy.util.test.junit.AutoTests" name="[55] /home/travis/build/icyphy/ptII/ptolemy/domains/continuous/test/auto/ExponentialResponse.xml (RunModel)" time="0.116" />
  <testcase classname="ptolemy.util.test.junit.AutoTests" name="[56] /home/travis/build/icyphy/ptII/ptolemy/domains/continuous/test/auto/ExponentialResponseRK45.xml (RunModel)" time="0.032" />
  <testcase classname="ptolemy.util.test.junit.AutoTests" name="[57] /home/travis/build/icyphy/ptII/ptolemy/domains/continuous/test/auto/Friction.xml (RunModel)" time="1.629" />
  <testcase classname="ptolemy.util.test.junit.AutoTests" name="[58] /home/travis/build/icyphy/ptII/ptolemy/domains/continuous/test/auto/FurutaPendulum.xml (RunModel)" time="3.169" />
  <testcase classname="ptolemy.util.test.junit.AutoTests" name="[59] /home/travis/build/icyphy/ptII/ptolemy/domains/continuous/test/auto/HierarchicalExecution.xml (RunModel)" time="2.171" />
  <testcase classname="ptolemy.util.test.junit.AutoTests" name="[60] /home/travis/build/icyphy/ptII/ptolemy/domains/continuous/test/auto/HybridPlant.xml (RunModel)" time="0.529" />
  <testcase classname="ptolemy.util.test.junit.AutoTests" name="[61] /home/travis/build/icyphy/ptII/ptolemy/domains/continuous/test/auto/Hysteresis.xml (RunModel)" time="0.182" />
  <testcase classname="ptolemy.util.test.junit.AutoTests" name="[62] /home/travis/build/icyphy/ptII/ptolemy/domains/continuous/test/auto/HysteresisWithRandomDelay.xml (RunModel)" time="0.215" />
  <testcase classname="ptolemy.util.test.junit.AutoTests" name="[63] /home/travis/build/icyphy/ptII/ptolemy/domains/continuous/test/auto/HysteresisWithRandomLosses.xml (RunModel)" time="2.213" />
  <testcase classname="ptolemy.util.test.junit.AutoTests" name="[64] /home/travis/build/icyphy/ptII/ptolemy/domains/continuous/test/auto/ImmediateTransitions.xml (RunModel)" time="0.04" />
  <testcase classname="ptolemy.util.test.junit.AutoTests" name="[65] /home/travis/build/icyphy/ptII/ptolemy/domains/continuous/test/auto/ImpulseFeedback.xml (RunModel)" time="0.016" />
  <testcase classname="ptolemy.util.test.junit.AutoTests" name="[66] /home/travis/build/icyphy/ptII/ptolemy/domains/continuous/test/auto/ImpulseFeedback2.xml (RunModel)" time="0.016" />
  <testcase classname="ptolemy.util.test.junit.AutoTests" name="[67] /home/travis/build/icyphy/ptII/ptolemy/domains/continuous/test/auto/IncreasingRatePoisson.xml (RunModel)" time="0.717" />
  <testcase classname="ptolemy.util.test.junit.AutoTests" name="[68] /home/travis/build/icyphy/ptII/ptolemy/domains/continuous/test/auto/InitialStateFeedback.xml (RunModel)" time="0.025" />
  <testcase classname="ptolemy.util.test.junit.AutoTests" name="[69] /home/travis/build/icyphy/ptII/ptolemy/domains/continuous/test/auto/Integration.xml (RunModel)" time="0.007" />
  <testcase classname="ptolemy.util.test.junit.AutoTests" name="[70] /home/travis/build/icyphy/ptII/ptolemy/domains/continuous/test/auto/Integration2.xml (RunModel)" time="0.079" />
  <testcase classname="ptolemy.util.test.junit.AutoTests" name="[71] /home/travis/build/icyphy/ptII/ptolemy/domains/continuous/test/auto/Integration3.xml (RunModel)" time="0.02" />
  <testcase classname="ptolemy.util.test.junit.AutoTests" name="[72] /home/travis/build/icyphy/ptII/ptolemy/domains/continuous/test/auto/Integration5.xml (RunModel)" time="0.013" />
  <testcase classname="ptolemy.util.test.junit.AutoTests" name="[73] /home/travis/build/icyphy/ptII/ptolemy/domains/continuous/test/auto/IntegratorImpulse.xml (RunModel)" time="0.01" />
  <testcase classname="ptolemy.util.test.junit.AutoTests" name="[74] /home/travis/build/icyphy/ptII/ptolemy/domains/continuous/test/auto/IntegratorImpulse2.xml (RunModel)" time="0.011" />
  <testcase classname="ptolemy.util.test.junit.AutoTests" name="[75] /home/travis/build/icyphy/ptII/ptolemy/domains/continuous/test/auto/LevelCrossing1.xml (RunModel)" time="0.012" />
  <testcase classname="ptolemy.util.test.junit.AutoTests" name="[76] /home/travis/build/icyphy/ptII/ptolemy/domains/continuous/test/auto/LevelCrossing2.xml (RunModel)" time="0.014" />
  <testcase classname="ptolemy.util.test.junit.AutoTests" name="[77] /home/travis/build/icyphy/ptII/ptolemy/domains/continuous/test/auto/LevelCrossing3.xml (RunModel)" time="0.018" />
  <testcase classname="ptolemy.util.test.junit.AutoTests" name="[78] /home/travis/build/icyphy/ptII/ptolemy/domains/continuous/test/auto/LevelCrossing4.xml (RunModel)" time="0.019" />
  <testcase classname="ptolemy.util.test.junit.AutoTests" name="[79] /home/travis/build/icyphy/ptII/ptolemy/domains/continuous/test/auto/LevelCrossing5.xml (RunModel)" time="0.013" />
  <testcase classname="ptolemy.util.test.junit.AutoTests" name="[80] /home/travis/build/icyphy/ptII/ptolemy/domains/continuous/test/auto/LevelCrossing6.xml (RunModel)" time="0.013" />
  <testcase classname="ptolemy.util.test.junit.AutoTests" name="[81] /home/travis/build/icyphy/ptII/ptolemy/domains/continuous/test/auto/LevelCrossingDetector.xml (RunModel)" time="0.037" />
  <testcase classname="ptolemy.util.test.junit.AutoTests" name="[82] /home/travis/build/icyphy/ptII/ptolemy/domains/continuous/test/auto/LevelCrossingDetectorDetectingDirections.xml (RunModel)" time="0.086" />
  <testcase classname="ptolemy.util.test.junit.AutoTests" name="[83] /home/travis/build/icyphy/ptII/ptolemy/domains/continuous/test/auto/LevelCrossingDetectorDetectsGlitches.xml (RunModel)" time="0.06" />
  <testcase classname="ptolemy.util.test.junit.AutoTests" name="[84] /home/travis/build/icyphy/ptII/ptolemy/domains/continuous/test/auto/LevelCrossingNoInitialOuput.xml (RunModel)" time="0.012" />
  <testcase classname="ptolemy.util.test.junit.AutoTests" name="[85] /home/travis/build/icyphy/ptII/ptolemy/domains/continuous/test/auto/LinearStateSpaceExample.xml (RunModel)" time="0.068" />
  <testcase classname="ptolemy.util.test.junit.AutoTests" name="[86] /home/travis/build/icyphy/ptII/ptolemy/domains/continuous/test/auto/Lorenz.xml (RunModel)" time="3.363" />
  <testcase classname="ptolemy.util.test.junit.AutoTests" name="[87] /home/travis/build/icyphy/ptII/ptolemy/domains/continuous/test/auto/LorenzDifferentialSystem.xml (RunModel)" time="0.991" />
  <testcase classname="ptolemy.util.test.junit.AutoTests" name="[88] /home/travis/build/icyphy/ptII/ptolemy/domains/continuous/test/auto/LorenzDifferentialSystemWithInput.xml (RunModel)" time="1.168" />
  <testcase classname="ptolemy.util.test.junit.AutoTests" name="[89] /home/travis/build/icyphy/ptII/ptolemy/domains/continuous/test/auto/LorenzDifferentialSystemWithTime.xml (RunModel)" time="0.627" />
  <testcase classname="ptolemy.util.test.junit.AutoTests" name="[90] /home/travis/build/icyphy/ptII/ptolemy/domains/continuous/test/auto/Microsteps.xml (RunModel)" time="0.027" />
  <testcase classname="ptolemy.util.test.junit.AutoTests" name="[91] /home/travis/build/icyphy/ptII/ptolemy/domains/continuous/test/auto/Modal1.xml (RunModel)" time="0.033" />
  <testcase classname="ptolemy.util.test.junit.AutoTests" name="[92] /home/travis/build/icyphy/ptII/ptolemy/domains/continuous/test/auto/Modal2.xml (RunModel)" time="0.042" />
  <testcase classname="ptolemy.util.test.junit.AutoTests" name="[93] /home/travis/build/icyphy/ptII/ptolemy/domains/continuous/test/auto/ModalTransitionGuardWithReset.xml (RunModel)" time="0.031" />
  <testcase classname="ptolemy.util.test.junit.AutoTests" name="[94] /home/travis/build/icyphy/ptII/ptolemy/domains/continuous/test/auto/ModalTransitionGuardWithResetUsingPreemptiveTransition.xml (RunModel)" time="0.042" />
  <testcase classname="ptolemy.util.test.junit.AutoTests" name="[95] /home/travis/build/icyphy/ptII/ptolemy/domains/continuous/test/auto/ModalTransitionGuardWithResetUsingPreemptiveTransition2.xml (RunModel)" time="0.026" />
  <testcase classname="ptolemy.util.test.junit.AutoTests" name="[96] /home/travis/build/icyphy/ptII/ptolemy/domains/continuous/test/auto/ModalTransitionGuardWithResetUsingPreemptiveTransition3.xml (RunModel)" time="0.028" />
  <testcase classname="ptolemy.util.test.junit.AutoTests" name="[97] /home/travis/build/icyphy/ptII/ptolemy/domains/continuous/test/auto/NewtonsCradle.xml (RunModel)" time="0.783" />
  <testcase classname="ptolemy.util.test.junit.AutoTests" name="[98] /home/travis/build/icyphy/ptII/ptolemy/domains/continuous/test/auto/NewtonsCradleAnimated.xml (RunModel)" time="1.247" />
  <testcase classname="ptolemy.util.test.junit.AutoTests" name="[99] /home/travis/build/icyphy/ptII/ptolemy/domains/continuous/test/auto/NewtonsCradleComplicated.xml (RunModel)" time="0.896" />
  <testcase classname="ptolemy.util.test.junit.AutoTests" name="[100] /home/travis/build/icyphy/ptII/ptolemy/domains/continuous/test/auto/NewtonsCradleNondeterministic.xml (RunModel)" time="0.697" />
  <testcase classname="ptolemy.util.test.junit.AutoTests" name="[101] /home/travis/build/icyphy/ptII/ptolemy/domains/continuous/test/auto/NewtonsCradlePerfectlyInelastic1.xml (RunModel)" time="1.188" />
  <testcase classname="ptolemy.util.test.junit.AutoTests" name="[102] /home/travis/build/icyphy/ptII/ptolemy/domains/continuous/test/auto/Noise.xml (RunModel)" time="0.18" />
  <testcase classname="ptolemy.util.test.junit.AutoTests" name="[103] /home/travis/build/icyphy/ptII/ptolemy/domains/continuous/test/auto/NoiseSpectrum.xml (RunModel)" time="0.663" />
  <testcase classname="ptolemy.util.test.junit.AutoTests" name="[104] /home/travis/build/icyphy/ptII/ptolemy/domains/continuous/test/auto/ParameterizedNewtonsCradleAnimated.xml (RunModel)" time="0.336" />
  <testcase classname="ptolemy.util.test.junit.AutoTests" name="[105] /home/travis/build/icyphy/ptII/ptolemy/domains/continuous/test/auto/ParameterizedNewtonsCradleAnimatedNondeterministic.xml (RunModel)" time="1.153" />
  <testcase classname="ptolemy.util.test.junit.AutoTests" name="[106] /home/travis/build/icyphy/ptII/ptolemy/domains/continuous/test/auto/Pendulum3D.xml (RunModel)" time="0.166" />
  <testcase classname="ptolemy.util.test.junit.AutoTests" name="[107] /home/travis/build/icyphy/ptII/ptolemy/domains/continuous/test/auto/PeriodicSampler.xml (RunModel)" time="0.01" />
  <testcase classname="ptolemy.util.test.junit.AutoTests" name="[108] /home/travis/build/icyphy/ptII/ptolemy/domains/continuous/test/auto/PeriodicSampler1.xml (RunModel)" time="0.041" />
  <testcase classname="ptolemy.util.test.junit.AutoTests" name="[109] /home/travis/build/icyphy/ptII/ptolemy/domains/continuous/test/auto/PeriodicSampler2.xml (RunModel)" time="0.074" />
  <testcase classname="ptolemy.util.test.junit.AutoTests" name="[110] /home/travis/build/icyphy/ptII/ptolemy/domains/continuous/test/auto/Poisson.xml (RunModel)" time="0.445" />
  <testcase classname="ptolemy.util.test.junit.AutoTests" name="[111] /home/travis/build/icyphy/ptII/ptolemy/domains/continuous/test/auto/PoissonClock.xml (RunModel)" time="0.014" />
  <testcase classname="ptolemy.util.test.junit.AutoTests" name="[112] /home/travis/build/icyphy/ptII/ptolemy/domains/continuous/test/auto/PoissonClock2.xml (RunModel)" time="0.011" />
  <testcase classname="ptolemy.util.test.junit.AutoTests" name="[113] /home/travis/build/icyphy/ptII/ptolemy/domains/continuous/test/auto/PortParameterHierarchy.xml (RunModel)" time="0.023" />
  <testcase classname="ptolemy.util.test.junit.AutoTests" name="[114] /home/travis/build/icyphy/ptII/ptolemy/domains/continuous/test/auto/RandomHybridPlant.xml (RunModel)" time="0.522" />
  <testcase classname="ptolemy.util.test.junit.AutoTests" name="[115] /home/travis/build/icyphy/ptII/ptolemy/domains/continuous/test/auto/ResetTransitionWithStartTime1.xml (RunModel)" time="0.03" />
  <testcase classname="ptolemy.util.test.junit.AutoTests" name="[116] /home/travis/build/icyphy/ptII/ptolemy/domains/continuous/test/auto/ResetTransitionWithStartTime2.xml (RunModel)" time="0.038" />
  <testcase classname="ptolemy.util.test.junit.AutoTests" name="[117] /home/travis/build/icyphy/ptII/ptolemy/domains/continuous/test/auto/ResetTransitionWithStartTime3.xml (RunModel)" time="0.041" />
  <testcase classname="ptolemy.util.test.junit.AutoTests" name="[118] /home/travis/build/icyphy/ptII/ptolemy/domains/continuous/test/auto/ResetTransitionWithStartTime4.xml (RunModel)" time="0.027" />
  <testcase classname="ptolemy.util.test.junit.AutoTests" name="[119] /home/travis/build/icyphy/ptII/ptolemy/domains/continuous/test/auto/ResetTransitionWithStartTime5.xml (RunModel)" time="0.036" />
  <testcase classname="ptolemy.util.test.junit.AutoTests" name="[120] /home/travis/build/icyphy/ptII/ptolemy/domains/continuous/test/auto/ResetTransitionWithStartTime6.xml (RunModel)" time="0.025" />
  <testcase classname="ptolemy.util.test.junit.AutoTests" name="[121] /home/travis/build/icyphy/ptII/ptolemy/domains/continuous/test/auto/SRinContinuous.xml (RunModel)" time="0.023" />
  <testcase classname="ptolemy.util.test.junit.AutoTests" name="[122] /home/travis/build/icyphy/ptII/ptolemy/domains/continuous/test/auto/SampledClocks.xml (RunModel)" time="0.027" />
  <testcase classname="ptolemy.util.test.junit.AutoTests" name="[123] /home/travis/build/icyphy/ptII/ptolemy/domains/continuous/test/auto/Satellite.xml (RunModel)" time="0.805" />
  <testcase classname="ptolemy.util.test.junit.AutoTests" name="[124] /home/travis/build/icyphy/ptII/ptolemy/domains/continuous/test/auto/SigmaDelta.xml (RunModel)" time="2.197" />
  <testcase classname="ptolemy.util.test.junit.AutoTests" name="[125] /home/travis/build/icyphy/ptII/ptolemy/domains/continuous/test/auto/SingleRefinement.xml (RunModel)" time="0.392" />
  <testcase classname="ptolemy.util.test.junit.AutoTests" name="[126] /home/travis/build/icyphy/ptII/ptolemy/domains/continuous/test/auto/SinuBouncingBall.xml (RunModel)" time="0.839" />
  <testcase classname="ptolemy.util.test.junit.AutoTests" name="[127] /home/travis/build/icyphy/ptII/ptolemy/domains/continuous/test/auto/Sinusoid.xml (RunModel)" time="0.015" />
  <testcase classname="ptolemy.util.test.junit.AutoTests" name="[128] /home/travis/build/icyphy/ptII/ptolemy/domains/continuous/test/auto/SinusoidInNoise.xml (RunModel)" time="0.845" />
  <testcase classname="ptolemy.util.test.junit.AutoTests" name="[129] /home/travis/build/icyphy/ptII/ptolemy/domains/continuous/test/auto/SinusoidRK45.xml (RunModel)" time="0.008" />
  <testcase classname="ptolemy.util.test.junit.AutoTests" name="[130] /home/travis/build/icyphy/ptII/ptolemy/domains/continuous/test/auto/SinusoidWithMultipleImpulses.xml (RunModel)" time="0.01" />
  <testcase classname="ptolemy.util.test.junit.AutoTests" name="[131] /home/travis/build/icyphy/ptII/ptolemy/domains/continuous/test/auto/SquareWave.xml (RunModel)" time="0.157" />
  <testcase classname="ptolemy.util.test.junit.AutoTests" name="[132] /home/travis/build/icyphy/ptII/ptolemy/domains/continuous/test/auto/Starmac.xml (RunModel)" time="3.352" />
  <testcase classname="ptolemy.util.test.junit.AutoTests" name="[133] /home/travis/build/icyphy/ptII/ptolemy/domains/continuous/test/auto/StaticUnits.xml (RunModel)" time="2.351" />
  <testcase classname="ptolemy.util.test.junit.AutoTests" name="[134] /home/travis/build/icyphy/ptII/ptolemy/domains/continuous/test/auto/StickyMasses.xml (RunModel)" time="0.18" />
  <testcase classname="ptolemy.util.test.junit.AutoTests" name="[135] /home/travis/build/icyphy/ptII/ptolemy/domains/continuous/test/auto/StopTime.xml (RunModel)" time="0.06" />
  <testcase classname="ptolemy.util.test.junit.AutoTests" name="[136] /home/travis/build/icyphy/ptII/ptolemy/domains/continuous/test/auto/StopTime2.xml (RunModel)" time="0.054" />
  <testcase classname="ptolemy.util.test.junit.AutoTests" name="[137] /home/travis/build/icyphy/ptII/ptolemy/domains/continuous/test/auto/Switch.xml (RunModel)" time="0.062" />
  <testcase classname="ptolemy.util.test.junit.AutoTests" name="[138] /home/travis/build/icyphy/ptII/ptolemy/domains/continuous/test/auto/Thermostat.xml (RunModel)" time="0.202" />
  <testcase classname="ptolemy.util.test.junit.AutoTests" name="[139] /home/travis/build/icyphy/ptII/ptolemy/domains/continuous/test/auto/TimeDelay.xml (RunModel)" time="0.014" />
  <testcase classname="ptolemy.util.test.junit.AutoTests" name="[140] /home/travis/build/icyphy/ptII/ptolemy/domains/continuous/test/auto/TimeDelay2.xml (RunModel)" time="0.026" />
  <testcase classname="ptolemy.util.test.junit.AutoTests" name="[141] /home/travis/build/icyphy/ptII/ptolemy/domains/continuous/test/auto/TimeDelay3.xml (RunModel)" time="0.011" />
  <testcase classname="ptolemy.util.test.junit.AutoTests" name="[142] /home/travis/build/icyphy/ptII/ptolemy/domains/continuous/test/auto/TransferAbsentToInside.xml (RunModel)" time="0.105" />
  <testcase classname="ptolemy.util.test.junit.AutoTests" name="[143] /home/travis/build/icyphy/ptII/ptolemy/domains/continuous/test/auto/Transmission.xml (RunModel)" time="0.775" />
  <testcase classname="ptolemy.util.test.junit.AutoTests" name="[144] /home/travis/build/icyphy/ptII/ptolemy/domains/continuous/test/auto/TriggeredContinuousClock.xml (RunModel)" time="0.065" />
  <testcase classname="ptolemy.util.test.junit.AutoTests" name="[145] /home/travis/build/icyphy/ptII/ptolemy/domains/continuous/test/auto/TwoMachineInfiniteBusControl.xml (RunModel)" time="2.887" />
  <testcase classname="ptolemy.util.test.junit.AutoTests" name="[146] /home/travis/build/icyphy/ptII/ptolemy/domains/continuous/test/auto/V2V.xml (RunModel)" time="0.878" />
  <testcase classname="ptolemy.util.test.junit.AutoTests" name="[147] /home/travis/build/icyphy/ptII/ptolemy/domains/continuous/test/auto/hierarchicalModalModel.xml (RunModel)" time="0.029" />
  <testcase classname="ptolemy.util.test.junit.AutoTests" name="[148] /home/travis/build/icyphy/ptII/ptolemy/domains/continuous/test/auto/hierarchicalModalModel1.xml (RunModel)" time="0.033" />
  <testcase classname="ptolemy.util.test.junit.AutoTests" name="[149] /home/travis/build/icyphy/ptII/ptolemy/domains/continuous/test/auto/hierarchicalModalModel2.xml (RunModel)" time="0.025" />
  <testcase classname="ptolemy.util.test.junit.AutoTests" name="[150] /home/travis/build/icyphy/ptII/ptolemy/domains/continuous/test/auto/hierarchicalModalModel3.xml (RunModel)" time="0.021" />
  <testcase classname="ptolemy.util.test.junit.AutoTests" name="[151] /home/travis/build/icyphy/ptII/ptolemy/domains/continuous/test/auto/hierarchicalModalModel4.xml (RunModel)" time="0.023" />
  <testcase classname="ptolemy.util.test.junit.AutoTests" name="[152] /home/travis/build/icyphy/ptII/ptolemy/domains/continuous/test/auto/junk.xml (RunModel)" time="0.136" />
  <system-out><![CDATA[No tcl tests in /home/travis/build/icyphy/ptII/ptolemy/domains/continuous/test
No auto/knownFailedTests/*.xml tests in /home/travis/build/icyphy/ptII/ptolemy/domains/continuous/test
No auto/linux-amd64/*.xml tests in /home/travis/build/icyphy/ptII/ptolemy/domains/continuous/test
AutoTests.java: About to close Vertx.
AutoTests.java: Vertx closed.

===========================================================================================
----------------- testing Tue Jan 14 06:41:03 UTC 2020 /home/travis/build/icyphy/ptII/ptolemy/domains/continuous/test/auto/BouncingBall.xml
----------------- Instantiating /home/travis/build/icyphy/ptII/ptolemy/domains/continuous/test/auto/BouncingBall.xml
2288 ms. Memory: 155648K Free: 82776K (53%)
----------------- Invoking toplevel() on ptolemy.moml.MoMLSimpleApplication@6aa7021b
----------------- Done invoking toplevel() on ptolemy.moml.MoMLSimpleApplication@6aa7021b
reloadAllAccessors: .BouncingBall

===========================================================================================
----------------- testing Tue Jan 14 06:41:06 UTC 2020 /home/travis/build/icyphy/ptII/ptolemy/domains/continuous/test/auto/BouncingBallWithoutGR.xml
----------------- Instantiating /home/travis/build/icyphy/ptII/ptolemy/domains/continuous/test/auto/BouncingBallWithoutGR.xml
861 ms. Memory: 155648K Free: 84192K (54%)
----------------- Invoking toplevel() on ptolemy.moml.MoMLSimpleApplication@48c5b7c4
----------------- Done invoking toplevel() on ptolemy.moml.MoMLSimpleApplication@48c5b7c4
reloadAllAccessors: .BouncingBallWithoutGR

===========================================================================================
----------------- testing Tue Jan 14 06:41:07 UTC 2020 /home/travis/build/icyphy/ptII/ptolemy/domains/continuous/test/auto/Brownian.xml
----------------- Instantiating /home/travis/build/icyphy/ptII/ptolemy/domains/continuous/test/auto/Brownian.xml
33 ms. Memory: 155648K Free: 74976K (48%)
----------------- Invoking toplevel() on ptolemy.moml.MoMLSimpleApplication@741a3adb
----------------- Done invoking toplevel() on ptolemy.moml.MoMLSimpleApplication@741a3adb
reloadAllAccessors: .Brownian

===========================================================================================
----------------- testing Tue Jan 14 06:41:07 UTC 2020 /home/travis/build/icyphy/ptII/ptolemy/domains/continuous/test/auto/CarTracking.xml
----------------- Instantiating /home/travis/build/icyphy/ptII/ptolemy/domains/continuous/test/auto/CarTracking.xml
3534 ms. Memory: 225280K Free: 164180K (73%)
----------------- Invoking toplevel() on ptolemy.moml.MoMLSimpleApplication@3e87da6e
----------------- Done invoking toplevel() on ptolemy.moml.MoMLSimpleApplication@3e87da6e
reloadAllAccessors: .CarTracking

===========================================================================================
----------------- testing Tue Jan 14 06:41:11 UTC 2020 /home/travis/build/icyphy/ptII/ptolemy/domains/continuous/test/auto/CartPendulum.xml
----------------- Instantiating /home/travis/build/icyphy/ptII/ptolemy/domains/continuous/test/auto/CartPendulum.xml
366 ms. Memory: 225280K Free: 204873K (91%)
----------------- Invoking toplevel() on ptolemy.moml.MoMLSimpleApplication@35ae305a
----------------- Done invoking toplevel() on ptolemy.moml.MoMLSimpleApplication@35ae305a
reloadAllAccessors: .CartPendulum

===========================================================================================
----------------- testing Tue Jan 14 06:41:11 UTC 2020 /home/travis/build/icyphy/ptII/ptolemy/domains/continuous/test/auto/CausalityInterface10.xml
----------------- Instantiating /home/travis/build/icyphy/ptII/ptolemy/domains/continuous/test/auto/CausalityInterface10.xml
11 ms. Memory: 225280K Free: 194116K (86%)
----------------- Invoking toplevel() on ptolemy.moml.MoMLSimpleApplication@298e33f1
----------------- Done invoking toplevel() on ptolemy.moml.MoMLSimpleApplication@298e33f1
reloadAllAccessors: .CausalityInterface10

===========================================================================================
----------------- testing Tue Jan 14 06:41:11 UTC 2020 /home/travis/build/icyphy/ptII/ptolemy/domains/continuous/test/auto/CausalityInterface11.xml
----------------- Instantiating /home/travis/build/icyphy/ptII/ptolemy/domains/continuous/test/auto/CausalityInterface11.xml
7 ms. Memory: 225280K Free: 187961K (83%)
----------------- Invoking toplevel() on ptolemy.moml.MoMLSimpleApplication@1b69bfa5
----------------- Done invoking toplevel() on ptolemy.moml.MoMLSimpleApplication@1b69bfa5
reloadAllAccessors: .CausalityInterface11

===========================================================================================
----------------- testing Tue Jan 14 06:41:11 UTC 2020 /home/travis/build/icyphy/ptII/ptolemy/domains/continuous/test/auto/CausalityInterface12.xml
----------------- Instantiating /home/travis/build/icyphy/ptII/ptolemy/domains/continuous/test/auto/CausalityInterface12.xml
4 ms. Memory: 225280K Free: 181817K (81%)
----------------- Invoking toplevel() on ptolemy.moml.MoMLSimpleApplication@7c4a6dd4
----------------- Done invoking toplevel() on ptolemy.moml.MoMLSimpleApplication@7c4a6dd4
reloadAllAccessors: .CausalityInterface12

===========================================================================================
----------------- testing Tue Jan 14 06:41:11 UTC 2020 /home/travis/build/icyphy/ptII/ptolemy/domains/continuous/test/auto/CausalityInterface13.xml
----------------- Instantiating /home/travis/build/icyphy/ptII/ptolemy/domains/continuous/test/auto/CausalityInterface13.xml
3 ms. Memory: 225280K Free: 175687K (78%)
----------------- Invoking toplevel() on ptolemy.moml.MoMLSimpleApplication@3737885d
----------------- Done invoking toplevel() on ptolemy.moml.MoMLSimpleApplication@3737885d
reloadAllAccessors: .CausalityInterface13

===========================================================================================
----------------- testing Tue Jan 14 06:41:11 UTC 2020 /home/travis/build/icyphy/ptII/ptolemy/domains/continuous/test/auto/CausalityInterface14.xml
----------------- Instantiating /home/travis/build/icyphy/ptII/ptolemy/domains/continuous/test/auto/CausalityInterface14.xml
4 ms. Memory: 225280K Free: 170057K (75%)
----------------- Invoking toplevel() on ptolemy.moml.MoMLSimpleApplication@7ba1c0de
----------------- Done invoking toplevel() on ptolemy.moml.MoMLSimpleApplication@7ba1c0de
reloadAllAccessors: .CausalityInterface14

===========================================================================================
----------------- testing Tue Jan 14 06:41:11 UTC 2020 /home/travis/build/icyphy/ptII/ptolemy/domains/continuous/test/auto/CausalityInterface4.xml
----------------- Instantiating /home/travis/build/icyphy/ptII/ptolemy/domains/continuous/test/auto/CausalityInterface4.xml
6 ms. Memory: 225280K Free: 163399K (73%)
----------------- Invoking toplevel() on ptolemy.moml.MoMLSimpleApplication@3700bb0c
----------------- Done invoking toplevel() on ptolemy.moml.MoMLSimpleApplication@3700bb0c
reloadAllAccessors: .CausalityInterface4

===========================================================================================
----------------- testing Tue Jan 14 06:41:12 UTC 2020 /home/travis/build/icyphy/ptII/ptolemy/domains/continuous/test/auto/CausalityInterface5.xml
----------------- Instantiating /home/travis/build/icyphy/ptII/ptolemy/domains/continuous/test/auto/CausalityInterface5.xml
7 ms. Memory: 225280K Free: 155207K (69%)
----------------- Invoking toplevel() on ptolemy.moml.MoMLSimpleApplication@1cdc6681
----------------- Done invoking toplevel() on ptolemy.moml.MoMLSimpleApplication@1cdc6681
reloadAllAccessors: .CausalityInterface5

===========================================================================================
----------------- testing Tue Jan 14 06:41:12 UTC 2020 /home/travis/build/icyphy/ptII/ptolemy/domains/continuous/test/auto/CausalityInterface6.xml
----------------- Instantiating /home/travis/build/icyphy/ptII/ptolemy/domains/continuous/test/auto/CausalityInterface6.xml
3 ms. Memory: 225280K Free: 150073K (67%)
----------------- Invoking toplevel() on ptolemy.moml.MoMLSimpleApplication@30b1c550
----------------- Done invoking toplevel() on ptolemy.moml.MoMLSimpleApplication@30b1c550
reloadAllAccessors: .CausalityInterface6

===========================================================================================
----------------- testing Tue Jan 14 06:41:12 UTC 2020 /home/travis/build/icyphy/ptII/ptolemy/domains/continuous/test/auto/CausalityInterface7.xml
----------------- Instantiating /home/travis/build/icyphy/ptII/ptolemy/domains/continuous/test/auto/CausalityInterface7.xml
6 ms. Memory: 225280K Free: 141385K (63%)
----------------- Invoking toplevel() on ptolemy.moml.MoMLSimpleApplication@628fe7cd
----------------- Done invoking toplevel() on ptolemy.moml.MoMLSimpleApplication@628fe7cd
reloadAllAccessors: .CausalityInterface7

===========================================================================================
----------------- testing Tue Jan 14 06:41:12 UTC 2020 /home/travis/build/icyphy/ptII/ptolemy/domains/continuous/test/auto/CausalityInterface8.xml
----------------- Instantiating /home/travis/build/icyphy/ptII/ptolemy/domains/continuous/test/auto/CausalityInterface8.xml
9 ms. Memory: 225280K Free: 132169K (59%)
----------------- Invoking toplevel() on ptolemy.moml.MoMLSimpleApplication@4da44c3c
----------------- Done invoking toplevel() on ptolemy.moml.MoMLSimpleApplication@4da44c3c
reloadAllAccessors: .CausalityInterface8

===========================================================================================
----------------- testing Tue Jan 14 06:41:12 UTC 2020 /home/travis/build/icyphy/ptII/ptolemy/domains/continuous/test/auto/CausalityInterface9.xml
----------------- Instantiating /home/travis/build/icyphy/ptII/ptolemy/domains/continuous/test/auto/CausalityInterface9.xml
5 ms. Memory: 225280K Free: 121415K (54%)
----------------- Invoking toplevel() on ptolemy.moml.MoMLSimpleApplication@35070c62
----------------- Done invoking toplevel() on ptolemy.moml.MoMLSimpleApplication@35070c62
reloadAllAccessors: .CausalityInterface9

===========================================================================================
----------------- testing Tue Jan 14 06:41:12 UTC 2020 /home/travis/build/icyphy/ptII/ptolemy/domains/continuous/test/auto/CausalityInterfaceFeedback1.xml
----------------- Instantiating /home/travis/build/icyphy/ptII/ptolemy/domains/continuous/test/auto/CausalityInterfaceFeedback1.xml
3 ms. Memory: 225280K Free: 114761K (51%)
----------------- Invoking toplevel() on ptolemy.moml.MoMLSimpleApplication@374c0a8f
----------------- Done invoking toplevel() on ptolemy.moml.MoMLSimpleApplication@374c0a8f
reloadAllAccessors: .CausalityInterfaceFeedback1

===========================================================================================
----------------- testing Tue Jan 14 06:41:12 UTC 2020 /home/travis/build/icyphy/ptII/ptolemy/domains/continuous/test/auto/CausalityInterfaceFeedback2.xml
----------------- Instantiating /home/travis/build/icyphy/ptII/ptolemy/domains/continuous/test/auto/CausalityInterfaceFeedback2.xml
5 ms. Memory: 225280K Free: 108089K (48%)
----------------- Invoking toplevel() on ptolemy.moml.MoMLSimpleApplication@3437e835
----------------- Done invoking toplevel() on ptolemy.moml.MoMLSimpleApplication@3437e835
reloadAllAccessors: .CausalityInterfaceFeedback2

===========================================================================================
----------------- testing Tue Jan 14 06:41:12 UTC 2020 /home/travis/build/icyphy/ptII/ptolemy/domains/continuous/test/auto/CompareWithCurrentTime.xml
----------------- Instantiating /home/travis/build/icyphy/ptII/ptolemy/domains/continuous/test/auto/CompareWithCurrentTime.xml
3 ms. Memory: 225280K Free: 104007K (46%)
----------------- Invoking toplevel() on ptolemy.moml.MoMLSimpleApplication@3e3b9012
----------------- Done invoking toplevel() on ptolemy.moml.MoMLSimpleApplication@3e3b9012
reloadAllAccessors: .CompareWithCurrentTime

===========================================================================================
----------------- testing Tue Jan 14 06:41:12 UTC 2020 /home/travis/build/icyphy/ptII/ptolemy/domains/continuous/test/auto/ComparedClocks.xml
----------------- Instantiating /home/travis/build/icyphy/ptII/ptolemy/domains/continuous/test/auto/ComparedClocks.xml
11 ms. Memory: 225280K Free: 88137K (39%)
----------------- Invoking toplevel() on ptolemy.moml.MoMLSimpleApplication@2dd99276
----------------- Done invoking toplevel() on ptolemy.moml.MoMLSimpleApplication@2dd99276
reloadAllAccessors: .ComparedClocks

===========================================================================================
----------------- testing Tue Jan 14 06:41:12 UTC 2020 /home/travis/build/icyphy/ptII/ptolemy/domains/continuous/test/auto/ContinuousAOCClone.xml
----------------- Instantiating /home/travis/build/icyphy/ptII/ptolemy/domains/continuous/test/auto/ContinuousAOCClone.xml
2234 ms. Memory: 270336K Free: 140514K (52%)
----------------- Invoking toplevel() on ptolemy.moml.MoMLSimpleApplication@5108ecdb
----------------- Done invoking toplevel() on ptolemy.moml.MoMLSimpleApplication@5108ecdb
reloadAllAccessors: .ContinuousAOCClone

===========================================================================================
----------------- testing Tue Jan 14 06:41:14 UTC 2020 /home/travis/build/icyphy/ptII/ptolemy/domains/continuous/test/auto/ContinuousClock.xml
----------------- Instantiating /home/travis/build/icyphy/ptII/ptolemy/domains/continuous/test/auto/ContinuousClock.xml
27 ms. Memory: 270336K Free: 118466K (44%)
----------------- Invoking toplevel() on ptolemy.moml.MoMLSimpleApplication@60e39202
----------------- Done invoking toplevel() on ptolemy.moml.MoMLSimpleApplication@60e39202
reloadAllAccessors: .ContinuousClock

===========================================================================================
----------------- testing Tue Jan 14 06:41:14 UTC 2020 /home/travis/build/icyphy/ptII/ptolemy/domains/continuous/test/auto/ContinuousInContinuous.xml
----------------- Instantiating /home/travis/build/icyphy/ptII/ptolemy/domains/continuous/test/auto/ContinuousInContinuous.xml
45 ms. Memory: 270336K Free: 94944K (35%)
----------------- Invoking toplevel() on ptolemy.moml.MoMLSimpleApplication@72b15e8c
----------------- Done invoking toplevel() on ptolemy.moml.MoMLSimpleApplication@72b15e8c
reloadAllAccessors: .ContinuousInContinuous

===========================================================================================
----------------- testing Tue Jan 14 06:41:15 UTC 2020 /home/travis/build/icyphy/ptII/ptolemy/domains/continuous/test/auto/ContinuousInContinuousInContinuous.xml
----------------- Instantiating /home/travis/build/icyphy/ptII/ptolemy/domains/continuous/test/auto/ContinuousInContinuousInContinuous.xml
7 ms. Memory: 270336K Free: 248016K (92%)
----------------- Invoking toplevel() on ptolemy.moml.MoMLSimpleApplication@3ad9c179
----------------- Done invoking toplevel() on ptolemy.moml.MoMLSimpleApplication@3ad9c179
reloadAllAccessors: .ContinuousInContinuousInContinuous

===========================================================================================
----------------- testing Tue Jan 14 06:41:15 UTC 2020 /home/travis/build/icyphy/ptII/ptolemy/domains/continuous/test/auto/ContinuousInDE.xml
----------------- Instantiating /home/travis/build/icyphy/ptII/ptolemy/domains/continuous/test/auto/ContinuousInDE.xml
56 ms. Memory: 270336K Free: 237266K (88%)
----------------- Invoking toplevel() on ptolemy.moml.MoMLSimpleApplication@ddca198
----------------- Done invoking toplevel() on ptolemy.moml.MoMLSimpleApplication@ddca198
reloadAllAccessors: .ContinuousInDE

===========================================================================================
----------------- testing Tue Jan 14 06:41:15 UTC 2020 /home/travis/build/icyphy/ptII/ptolemy/domains/continuous/test/auto/ContinuousInDE2.xml
----------------- Instantiating /home/travis/build/icyphy/ptII/ptolemy/domains/continuous/test/auto/ContinuousInDE2.xml
33 ms. Memory: 270336K Free: 228050K (84%)
----------------- Invoking toplevel() on ptolemy.moml.MoMLSimpleApplication@1114fc2b
----------------- Done invoking toplevel() on ptolemy.moml.MoMLSimpleApplication@1114fc2b
reloadAllAccessors: .ContinuousInDE2

===========================================================================================
----------------- testing Tue Jan 14 06:41:15 UTC 2020 /home/travis/build/icyphy/ptII/ptolemy/domains/continuous/test/auto/ContinuousInDE3.xml
----------------- Instantiating /home/travis/build/icyphy/ptII/ptolemy/domains/continuous/test/auto/ContinuousInDE3.xml
30 ms. Memory: 270336K Free: 218320K (81%)
----------------- Invoking toplevel() on ptolemy.moml.MoMLSimpleApplication@40c9dbfc
----------------- Done invoking toplevel() on ptolemy.moml.MoMLSimpleApplication@40c9dbfc
reloadAllAccessors: .ContinuousInDE3

===========================================================================================
----------------- testing Tue Jan 14 06:41:15 UTC 2020 /home/travis/build/icyphy/ptII/ptolemy/domains/continuous/test/auto/ContinuousInDE4.xml
----------------- Instantiating /home/travis/build/icyphy/ptII/ptolemy/domains/continuous/test/auto/ContinuousInDE4.xml
13 ms. Memory: 270336K Free: 212176K (78%)
----------------- Invoking toplevel() on ptolemy.moml.MoMLSimpleApplication@e8ae649
----------------- Done invoking toplevel() on ptolemy.moml.MoMLSimpleApplication@e8ae649
reloadAllAccessors: .ContinuousInDE4

===========================================================================================
----------------- testing Tue Jan 14 06:41:15 UTC 2020 /home/travis/build/icyphy/ptII/ptolemy/domains/continuous/test/auto/ContinuousInDEDifferentRefinements.xml
----------------- Instantiating /home/travis/build/icyphy/ptII/ptolemy/domains/continuous/test/auto/ContinuousInDEDifferentRefinements.xml
58 ms. Memory: 270336K Free: 180946K (67%)
----------------- Invoking toplevel() on ptolemy.moml.MoMLSimpleApplication@179f2ba8
----------------- Done invoking toplevel() on ptolemy.moml.MoMLSimpleApplication@179f2ba8
reloadAllAccessors: .ContinuousInDEDifferentRefinements

===========================================================================================
----------------- testing Tue Jan 14 06:41:15 UTC 2020 /home/travis/build/icyphy/ptII/ptolemy/domains/continuous/test/auto/ContinuousInDEDifferentRefinementsPreemptive.xml
----------------- Instantiating /home/travis/build/icyphy/ptII/ptolemy/domains/continuous/test/auto/ContinuousInDEDifferentRefinementsPreemptive.xml
41 ms. Memory: 270336K Free: 150226K (56%)
----------------- Invoking toplevel() on ptolemy.moml.MoMLSimpleApplication@be8c929
----------------- Done invoking toplevel() on ptolemy.moml.MoMLSimpleApplication@be8c929
reloadAllAccessors: .ContinuousInDEDifferentRefinementsPreemptive

===========================================================================================
----------------- testing Tue Jan 14 06:41:15 UTC 2020 /home/travis/build/icyphy/ptII/ptolemy/domains/continuous/test/auto/ContinuousInDEInContinuous2.xml
----------------- Instantiating /home/travis/build/icyphy/ptII/ptolemy/domains/continuous/test/auto/ContinuousInDEInContinuous2.xml
34 ms. Memory: 270336K Free: 138448K (51%)
----------------- Invoking toplevel() on ptolemy.moml.MoMLSimpleApplication@447d4035
----------------- Done invoking toplevel() on ptolemy.moml.MoMLSimpleApplication@447d4035
reloadAllAccessors: .ContinuousInDEInContinuous2

===========================================================================================
----------------- testing Tue Jan 14 06:41:15 UTC 2020 /home/travis/build/icyphy/ptII/ptolemy/domains/continuous/test/auto/ContinuousInDEInContinuous3.xml
----------------- Instantiating /home/travis/build/icyphy/ptII/ptolemy/domains/continuous/test/auto/ContinuousInDEInContinuous3.xml
28 ms. Memory: 270336K Free: 126674K (47%)
----------------- Invoking toplevel() on ptolemy.moml.MoMLSimpleApplication@11fdbf9d
----------------- Done invoking toplevel() on ptolemy.moml.MoMLSimpleApplication@11fdbf9d
reloadAllAccessors: .ContinuousInDEInContinuous3

===========================================================================================
----------------- testing Tue Jan 14 06:41:15 UTC 2020 /home/travis/build/icyphy/ptII/ptolemy/domains/continuous/test/auto/ContinuousInDEInput.xml
----------------- Instantiating /home/travis/build/icyphy/ptII/ptolemy/domains/continuous/test/auto/ContinuousInDEInput.xml
11 ms. Memory: 270336K Free: 119506K (44%)
----------------- Invoking toplevel() on ptolemy.moml.MoMLSimpleApplication@31af67d2
----------------- Done invoking toplevel() on ptolemy.moml.MoMLSimpleApplication@31af67d2
reloadAllAccessors: .ContinuousInDEInput

===========================================================================================
----------------- testing Tue Jan 14 06:41:15 UTC 2020 /home/travis/build/icyphy/ptII/ptolemy/domains/continuous/test/auto/ContinuousInDEInput2.xml
----------------- Instantiating /home/travis/build/icyphy/ptII/ptolemy/domains/continuous/test/auto/ContinuousInDEInput2.xml
9 ms. Memory: 270336K Free: 112338K (42%)
----------------- Invoking toplevel() on ptolemy.moml.MoMLSimpleApplication@3eb5bb09
----------------- Done invoking toplevel() on ptolemy.moml.MoMLSimpleApplication@3eb5bb09
reloadAllAccessors: .ContinuousInDEInput2

===========================================================================================
----------------- testing Tue Jan 14 06:41:15 UTC 2020 /home/travis/build/icyphy/ptII/ptolemy/domains/continuous/test/auto/ContinuousInDEInput3.xml
----------------- Instantiating /home/travis/build/icyphy/ptII/ptolemy/domains/continuous/test/auto/ContinuousInDEInput3.xml
9 ms. Memory: 270336K Free: 104656K (39%)
----------------- Invoking toplevel() on ptolemy.moml.MoMLSimpleApplication@4d63f5d8
----------------- Done invoking toplevel() on ptolemy.moml.MoMLSimpleApplication@4d63f5d8
reloadAllAccessors: .ContinuousInDEInput3

===========================================================================================
----------------- testing Tue Jan 14 06:41:15 UTC 2020 /home/travis/build/icyphy/ptII/ptolemy/domains/continuous/test/auto/ContinuousInDESharingRefinement.xml
----------------- Instantiating /home/travis/build/icyphy/ptII/ptolemy/domains/continuous/test/auto/ContinuousInDESharingRefinement.xml
130 ms. Memory: 270336K Free: 171163K (63%)
----------------- Invoking toplevel() on ptolemy.moml.MoMLSimpleApplication@65766ec1
----------------- Done invoking toplevel() on ptolemy.moml.MoMLSimpleApplication@65766ec1
reloadAllAccessors: .ContinuousInDESharingRefinement

===========================================================================================
----------------- testing Tue Jan 14 06:41:15 UTC 2020 /home/travis/build/icyphy/ptII/ptolemy/domains/continuous/test/auto/ContinuousInDEwithNoPorts.xml
----------------- Instantiating /home/travis/build/icyphy/ptII/ptolemy/domains/continuous/test/auto/ContinuousInDEwithNoPorts.xml
6 ms. Memory: 270336K Free: 166316K (62%)
----------------- Invoking toplevel() on ptolemy.moml.MoMLSimpleApplication@320bdc53
----------------- Done invoking toplevel() on ptolemy.moml.MoMLSimpleApplication@320bdc53
reloadAllAccessors: .ContinuousInDEwithNoPorts

===========================================================================================
----------------- testing Tue Jan 14 06:41:15 UTC 2020 /home/travis/build/icyphy/ptII/ptolemy/domains/continuous/test/auto/ContinuousInsideDE.xml
----------------- Instantiating /home/travis/build/icyphy/ptII/ptolemy/domains/continuous/test/auto/ContinuousInsideDE.xml
29 ms. Memory: 270336K Free: 155052K (57%)
----------------- Invoking toplevel() on ptolemy.moml.MoMLSimpleApplication@122083d4
----------------- Done invoking toplevel() on ptolemy.moml.MoMLSimpleApplication@122083d4
reloadAllAccessors: .ContinuousInsideDE

===========================================================================================
----------------- testing Tue Jan 14 06:41:15 UTC 2020 /home/travis/build/icyphy/ptII/ptolemy/domains/continuous/test/auto/ContinuousMerge1.xml
----------------- Instantiating /home/travis/build/icyphy/ptII/ptolemy/domains/continuous/test/auto/ContinuousMerge1.xml
3 ms. Memory: 270336K Free: 150428K (56%)
----------------- Invoking toplevel() on ptolemy.moml.MoMLSimpleApplication@62f1d301
----------------- Done invoking toplevel() on ptolemy.moml.MoMLSimpleApplication@62f1d301
reloadAllAccessors: .ContinuousMerge1

===========================================================================================
----------------- testing Tue Jan 14 06:41:15 UTC 2020 /home/travis/build/icyphy/ptII/ptolemy/domains/continuous/test/auto/ContinuousMerge2.xml
----------------- Instantiating /home/travis/build/icyphy/ptII/ptolemy/domains/continuous/test/auto/ContinuousMerge2.xml
14 ms. Memory: 270336K Free: 140202K (52%)
----------------- Invoking toplevel() on ptolemy.moml.MoMLSimpleApplication@604a2ce8
----------------- Done invoking toplevel() on ptolemy.moml.MoMLSimpleApplication@604a2ce8
reloadAllAccessors: .ContinuousMerge2

===========================================================================================
----------------- testing Tue Jan 14 06:41:15 UTC 2020 /home/travis/build/icyphy/ptII/ptolemy/domains/continuous/test/auto/ContinuousMerge3.xml
----------------- Instantiating /home/travis/build/icyphy/ptII/ptolemy/domains/continuous/test/auto/ContinuousMerge3.xml
32 ms. Memory: 270336K Free: 129452K (48%)
----------------- Invoking toplevel() on ptolemy.moml.MoMLSimpleApplication@7d70bf4e
----------------- Done invoking toplevel() on ptolemy.moml.MoMLSimpleApplication@7d70bf4e
reloadAllAccessors: .ContinuousMerge3

===========================================================================================
----------------- testing Tue Jan 14 06:41:16 UTC 2020 /home/travis/build/icyphy/ptII/ptolemy/domains/continuous/test/auto/ContinuousWithinContinuous.xml
----------------- Instantiating /home/travis/build/icyphy/ptII/ptolemy/domains/continuous/test/auto/ContinuousWithinContinuous.xml
26 ms. Memory: 270336K Free: 120236K (44%)
----------------- Invoking toplevel() on ptolemy.moml.MoMLSimpleApplication@669fd606
----------------- Done invoking toplevel() on ptolemy.moml.MoMLSimpleApplication@669fd606
reloadAllAccessors: .ContinuousWithinContinuous

===========================================================================================
----------------- testing Tue Jan 14 06:41:16 UTC 2020 /home/travis/build/icyphy/ptII/ptolemy/domains/continuous/test/auto/ContinuousWithinContinuous2.xml
----------------- Instantiating /home/travis/build/icyphy/ptII/ptolemy/domains/continuous/test/auto/ContinuousWithinContinuous2.xml
49 ms. Memory: 270336K Free: 109996K (41%)
----------------- Invoking toplevel() on ptolemy.moml.MoMLSimpleApplication@1e1e0542
----------------- Done invoking toplevel() on ptolemy.moml.MoMLSimpleApplication@1e1e0542
reloadAllAccessors: .ContinuousWithinContinuous2

===========================================================================================
----------------- testing Tue Jan 14 06:41:16 UTC 2020 /home/travis/build/icyphy/ptII/ptolemy/domains/continuous/test/auto/ContinuousWithinContinuous3.xml
----------------- Instantiating /home/travis/build/icyphy/ptII/ptolemy/domains/continuous/test/auto/ContinuousWithinContinuous3.xml
9 ms. Memory: 270336K Free: 102828K (38%)
----------------- Invoking toplevel() on ptolemy.moml.MoMLSimpleApplication@bf884e2
----------------- Done invoking toplevel() on ptolemy.moml.MoMLSimpleApplication@bf884e2
reloadAllAccessors: .ContinuousWithinContinuous3

===========================================================================================
----------------- testing Tue Jan 14 06:41:16 UTC 2020 /home/travis/build/icyphy/ptII/ptolemy/domains/continuous/test/auto/ContinuousWithinContinuous4.xml
----------------- Instantiating /home/travis/build/icyphy/ptII/ptolemy/domains/continuous/test/auto/ContinuousWithinContinuous4.xml
53 ms. Memory: 270336K Free: 251447K (93%)
----------------- Invoking toplevel() on ptolemy.moml.MoMLSimpleApplication@4620047d
----------------- Done invoking toplevel() on ptolemy.moml.MoMLSimpleApplication@4620047d
reloadAllAccessors: .ContinuousWithinContinuous4

===========================================================================================
----------------- testing Tue Jan 14 06:41:16 UTC 2020 /home/travis/build/icyphy/ptII/ptolemy/domains/continuous/test/auto/ContinuousWithinContinuous5.xml
----------------- Instantiating /home/travis/build/icyphy/ptII/ptolemy/domains/continuous/test/auto/ContinuousWithinContinuous5.xml
10 ms. Memory: 270336K Free: 243634K (90%)
----------------- Invoking toplevel() on ptolemy.moml.MoMLSimpleApplication@1701ebbb
----------------- Done invoking toplevel() on ptolemy.moml.MoMLSimpleApplication@1701ebbb
reloadAllAccessors: .ContinuousWithinContinuous5

===========================================================================================
----------------- testing Tue Jan 14 06:41:16 UTC 2020 /home/travis/build/icyphy/ptII/ptolemy/domains/continuous/test/auto/ContinuousWithinContinuous6.xml
----------------- Instantiating /home/travis/build/icyphy/ptII/ptolemy/domains/continuous/test/auto/ContinuousWithinContinuous6.xml
8 ms. Memory: 270336K Free: 236466K (87%)
----------------- Invoking toplevel() on ptolemy.moml.MoMLSimpleApplication@70849447
----------------- Done invoking toplevel() on ptolemy.moml.MoMLSimpleApplication@70849447
reloadAllAccessors: .ContinuousWithinContinuous6

===========================================================================================
----------------- testing Tue Jan 14 06:41:16 UTC 2020 /home/travis/build/icyphy/ptII/ptolemy/domains/continuous/test/auto/ContinuousWithinContinuous7.xml
----------------- Instantiating /home/travis/build/icyphy/ptII/ptolemy/domains/continuous/test/auto/ContinuousWithinContinuous7.xml
40 ms. Memory: 270336K Free: 225716K (83%)
----------------- Invoking toplevel() on ptolemy.moml.MoMLSimpleApplication@3e1d78ec
----------------- Done invoking toplevel() on ptolemy.moml.MoMLSimpleApplication@3e1d78ec
reloadAllAccessors: .ContinuousWithinContinuous7

===========================================================================================
----------------- testing Tue Jan 14 06:41:16 UTC 2020 /home/travis/build/icyphy/ptII/ptolemy/domains/continuous/test/auto/DCMotor.xml
----------------- Instantiating /home/travis/build/icyphy/ptII/ptolemy/domains/continuous/test/auto/DCMotor.xml
12102 ms. Memory: 270336K Free: 217441K (80%)
----------------- Invoking toplevel() on ptolemy.moml.MoMLSimpleApplication@2b6f3c68
----------------- Done invoking toplevel() on ptolemy.moml.MoMLSimpleApplication@2b6f3c68
reloadAllAccessors: .DCMotor

===========================================================================================
----------------- testing Tue Jan 14 06:41:28 UTC 2020 /home/travis/build/icyphy/ptII/ptolemy/domains/continuous/test/auto/DEInContinuous.xml
----------------- Instantiating /home/travis/build/icyphy/ptII/ptolemy/domains/continuous/test/auto/DEInContinuous.xml
20 ms. Memory: 270336K Free: 211297K (78%)
----------------- Invoking toplevel() on ptolemy.moml.MoMLSimpleApplication@66ad1187
----------------- Done invoking toplevel() on ptolemy.moml.MoMLSimpleApplication@66ad1187
reloadAllAccessors: .DEInContinuous

===========================================================================================
----------------- testing Tue Jan 14 06:41:28 UTC 2020 /home/travis/build/icyphy/ptII/ptolemy/domains/continuous/test/auto/DEinContinuous2.xml
----------------- Instantiating /home/travis/build/icyphy/ptII/ptolemy/domains/continuous/test/auto/DEinContinuous2.xml
8 ms. Memory: 270336K Free: 203619K (75%)
----------------- Invoking toplevel() on ptolemy.moml.MoMLSimpleApplication@47931f3d
----------------- Done invoking toplevel() on ptolemy.moml.MoMLSimpleApplication@47931f3d
reloadAllAccessors: .DEinContinuous2

===========================================================================================
----------------- testing Tue Jan 14 06:41:28 UTC 2020 /home/travis/build/icyphy/ptII/ptolemy/domains/continuous/test/auto/Derivative.xml
----------------- Instantiating /home/travis/build/icyphy/ptII/ptolemy/domains/continuous/test/auto/Derivative.xml
133 ms. Memory: 270336K Free: 174433K (65%)
----------------- Invoking toplevel() on ptolemy.moml.MoMLSimpleApplication@6ed8a028
----------------- Done invoking toplevel() on ptolemy.moml.MoMLSimpleApplication@6ed8a028
reloadAllAccessors: .Derivative2

===========================================================================================
----------------- testing Tue Jan 14 06:41:28 UTC 2020 /home/travis/build/icyphy/ptII/ptolemy/domains/continuous/test/auto/Derivative1.xml
----------------- Instantiating /home/travis/build/icyphy/ptII/ptolemy/domains/continuous/test/auto/Derivative1.xml
27 ms. Memory: 270336K Free: 160097K (59%)
----------------- Invoking toplevel() on ptolemy.moml.MoMLSimpleApplication@5c2df31e
----------------- Done invoking toplevel() on ptolemy.moml.MoMLSimpleApplication@5c2df31e
reloadAllAccessors: .Derivative1

===========================================================================================
----------------- testing Tue Jan 14 06:41:28 UTC 2020 /home/travis/build/icyphy/ptII/ptolemy/domains/continuous/test/auto/DiscreteClock.xml
----------------- Instantiating /home/travis/build/icyphy/ptII/ptolemy/domains/continuous/test/auto/DiscreteClock.xml
5 ms. Memory: 270336K Free: 154977K (57%)
----------------- Invoking toplevel() on ptolemy.moml.MoMLSimpleApplication@6e4fc213
----------------- Done invoking toplevel() on ptolemy.moml.MoMLSimpleApplication@6e4fc213
reloadAllAccessors: .DiscreteClock

===========================================================================================
----------------- testing Tue Jan 14 06:41:28 UTC 2020 /home/travis/build/icyphy/ptII/ptolemy/domains/continuous/test/auto/EfficiencyCurve.xml
----------------- Instantiating /home/travis/build/icyphy/ptII/ptolemy/domains/continuous/test/auto/EfficiencyCurve.xml
52 ms. Memory: 270336K Free: 145761K (54%)
----------------- Invoking toplevel() on ptolemy.moml.MoMLSimpleApplication@6123651e
----------------- Done invoking toplevel() on ptolemy.moml.MoMLSimpleApplication@6123651e
reloadAllAccessors: .EfficiencyCurve

===========================================================================================
----------------- testing Tue Jan 14 06:41:29 UTC 2020 /home/travis/build/icyphy/ptII/ptolemy/domains/continuous/test/auto/ExponentialResponse.xml
----------------- Instantiating /home/travis/build/icyphy/ptII/ptolemy/domains/continuous/test/auto/ExponentialResponse.xml
101 ms. Memory: 270336K Free: 129891K (48%)
----------------- Invoking toplevel() on ptolemy.moml.MoMLSimpleApplication@2c96e40
----------------- Done invoking toplevel() on ptolemy.moml.MoMLSimpleApplication@2c96e40
reloadAllAccessors: .ExponentialResponse

===========================================================================================
----------------- testing Tue Jan 14 06:41:29 UTC 2020 /home/travis/build/icyphy/ptII/ptolemy/domains/continuous/test/auto/ExponentialResponseRK45.xml
----------------- Instantiating /home/travis/build/icyphy/ptII/ptolemy/domains/continuous/test/auto/ExponentialResponseRK45.xml
22 ms. Memory: 270336K Free: 123233K (46%)
----------------- Invoking toplevel() on ptolemy.moml.MoMLSimpleApplication@68052328
----------------- Done invoking toplevel() on ptolemy.moml.MoMLSimpleApplication@68052328
reloadAllAccessors: .ExponentialResponseRK45

===========================================================================================
----------------- testing Tue Jan 14 06:41:29 UTC 2020 /home/travis/build/icyphy/ptII/ptolemy/domains/continuous/test/auto/Friction.xml
----------------- Instantiating /home/travis/build/icyphy/ptII/ptolemy/domains/continuous/test/auto/Friction.xml
1506 ms. Memory: 270336K Free: 177832K (66%)
----------------- Invoking toplevel() on ptolemy.moml.MoMLSimpleApplication@500ae6a0
----------------- Done invoking toplevel() on ptolemy.moml.MoMLSimpleApplication@500ae6a0
reloadAllAccessors: .Friction

===========================================================================================
----------------- testing Tue Jan 14 06:41:30 UTC 2020 /home/travis/build/icyphy/ptII/ptolemy/domains/continuous/test/auto/FurutaPendulum.xml
----------------- Instantiating /home/travis/build/icyphy/ptII/ptolemy/domains/continuous/test/auto/FurutaPendulum.xml
3021 ms. Memory: 270336K Free: 151593K (56%)
----------------- Invoking toplevel() on ptolemy.moml.MoMLSimpleApplication@3c8ed0cc
----------------- Done invoking toplevel() on ptolemy.moml.MoMLSimpleApplication@3c8ed0cc
reloadAllAccessors: .FurutaPendulum

===========================================================================================
----------------- testing Tue Jan 14 06:41:33 UTC 2020 /home/travis/build/icyphy/ptII/ptolemy/domains/continuous/test/auto/HierarchicalExecution.xml
----------------- Instantiating /home/travis/build/icyphy/ptII/ptolemy/domains/continuous/test/auto/HierarchicalExecution.xml
1663 ms. Memory: 324608K Free: 274788K (85%)
----------------- Invoking toplevel() on ptolemy.moml.MoMLSimpleApplication@68872adc
----------------- Done invoking toplevel() on ptolemy.moml.MoMLSimpleApplication@68872adc
reloadAllAccessors: .HierarchicalExecution

===========================================================================================
----------------- testing Tue Jan 14 06:41:36 UTC 2020 /home/travis/build/icyphy/ptII/ptolemy/domains/continuous/test/auto/HybridPlant.xml
----------------- Instantiating /home/travis/build/icyphy/ptII/ptolemy/domains/continuous/test/auto/HybridPlant.xml
469 ms. Memory: 324608K Free: 203108K (63%)
----------------- Invoking toplevel() on ptolemy.moml.MoMLSimpleApplication@378409fc
----------------- Done invoking toplevel() on ptolemy.moml.MoMLSimpleApplication@378409fc
reloadAllAccessors: .HybridPlant

===========================================================================================
----------------- testing Tue Jan 14 06:41:36 UTC 2020 /home/travis/build/icyphy/ptII/ptolemy/domains/continuous/test/auto/Hysteresis.xml
----------------- Instantiating /home/travis/build/icyphy/ptII/ptolemy/domains/continuous/test/auto/Hysteresis.xml
136 ms. Memory: 324608K Free: 141154K (43%)
----------------- Invoking toplevel() on ptolemy.moml.MoMLSimpleApplication@522e30cd
----------------- Done invoking toplevel() on ptolemy.moml.MoMLSimpleApplication@522e30cd
reloadAllAccessors: .Hysteresis

===========================================================================================
----------------- testing Tue Jan 14 06:41:36 UTC 2020 /home/travis/build/icyphy/ptII/ptolemy/domains/continuous/test/auto/HysteresisWithRandomDelay.xml
----------------- Instantiating /home/travis/build/icyphy/ptII/ptolemy/domains/continuous/test/auto/HysteresisWithRandomDelay.xml
170 ms. Memory: 324608K Free: 263264K (81%)
----------------- Invoking toplevel() on ptolemy.moml.MoMLSimpleApplication@19ca5d63
----------------- Done invoking toplevel() on ptolemy.moml.MoMLSimpleApplication@19ca5d63
reloadAllAccessors: .HysteresisWithRandomDelay

===========================================================================================
----------------- testing Tue Jan 14 06:41:37 UTC 2020 /home/travis/build/icyphy/ptII/ptolemy/domains/continuous/test/auto/HysteresisWithRandomLosses.xml
----------------- Instantiating /home/travis/build/icyphy/ptII/ptolemy/domains/continuous/test/auto/HysteresisWithRandomLosses.xml
2141 ms. Memory: 324608K Free: 121382K (37%)
----------------- Invoking toplevel() on ptolemy.moml.MoMLSimpleApplication@5995a71a
----------------- Done invoking toplevel() on ptolemy.moml.MoMLSimpleApplication@5995a71a
reloadAllAccessors: .HysteresisWithRandomLosses

===========================================================================================
----------------- testing Tue Jan 14 06:41:39 UTC 2020 /home/travis/build/icyphy/ptII/ptolemy/domains/continuous/test/auto/ImmediateTransitions.xml
----------------- Instantiating /home/travis/build/icyphy/ptII/ptolemy/domains/continuous/test/auto/ImmediateTransitions.xml
8 ms. Memory: 324608K Free: 303791K (94%)
----------------- Invoking toplevel() on ptolemy.moml.MoMLSimpleApplication@287ef915
----------------- Done invoking toplevel() on ptolemy.moml.MoMLSimpleApplication@287ef915
reloadAllAccessors: .ImmediateTransitions

===========================================================================================
----------------- testing Tue Jan 14 06:41:39 UTC 2020 /home/travis/build/icyphy/ptII/ptolemy/domains/continuous/test/auto/ImpulseFeedback.xml
----------------- Instantiating /home/travis/build/icyphy/ptII/ptolemy/domains/continuous/test/auto/ImpulseFeedback.xml
7 ms. Memory: 324608K Free: 297661K (92%)
----------------- Invoking toplevel() on ptolemy.moml.MoMLSimpleApplication@60e51d91
----------------- Done invoking toplevel() on ptolemy.moml.MoMLSimpleApplication@60e51d91
reloadAllAccessors: .ImpulseFeedback

===========================================================================================
----------------- testing Tue Jan 14 06:41:39 UTC 2020 /home/travis/build/icyphy/ptII/ptolemy/domains/continuous/test/auto/ImpulseFeedback2.xml
----------------- Instantiating /home/travis/build/icyphy/ptII/ptolemy/domains/continuous/test/auto/ImpulseFeedback2.xml
5 ms. Memory: 324608K Free: 292031K (90%)
----------------- Invoking toplevel() on ptolemy.moml.MoMLSimpleApplication@7072afbc
----------------- Done invoking toplevel() on ptolemy.moml.MoMLSimpleApplication@7072afbc
reloadAllAccessors: .ImpulseFeedback2

===========================================================================================
----------------- testing Tue Jan 14 06:41:39 UTC 2020 /home/travis/build/icyphy/ptII/ptolemy/domains/continuous/test/auto/IncreasingRatePoisson.xml
----------------- Instantiating /home/travis/build/icyphy/ptII/ptolemy/domains/continuous/test/auto/IncreasingRatePoisson.xml
699 ms. Memory: 324608K Free: 175145K (54%)
----------------- Invoking toplevel() on ptolemy.moml.MoMLSimpleApplication@56661f79
----------------- Done invoking toplevel() on ptolemy.moml.MoMLSimpleApplication@56661f79
reloadAllAccessors: .IncreasingRatePoisson

===========================================================================================
----------------- testing Tue Jan 14 06:41:40 UTC 2020 /home/travis/build/icyphy/ptII/ptolemy/domains/continuous/test/auto/InitialStateFeedback.xml
----------------- Instantiating /home/travis/build/icyphy/ptII/ptolemy/domains/continuous/test/auto/InitialStateFeedback.xml
6 ms. Memory: 324608K Free: 170535K (53%)
----------------- Invoking toplevel() on ptolemy.moml.MoMLSimpleApplication@6b6c1aba
----------------- Done invoking toplevel() on ptolemy.moml.MoMLSimpleApplication@6b6c1aba
reloadAllAccessors: .InitialStateFeedback

===========================================================================================
----------------- testing Tue Jan 14 06:41:40 UTC 2020 /home/travis/build/icyphy/ptII/ptolemy/domains/continuous/test/auto/Integration.xml
----------------- Instantiating /home/travis/build/icyphy/ptII/ptolemy/domains/continuous/test/auto/Integration.xml
2 ms. Memory: 324608K Free: 166439K (51%)
----------------- Invoking toplevel() on ptolemy.moml.MoMLSimpleApplication@6ab4f6be
----------------- Done invoking toplevel() on ptolemy.moml.MoMLSimpleApplication@6ab4f6be
reloadAllAccessors: .Integration

===========================================================================================
----------------- testing Tue Jan 14 06:41:40 UTC 2020 /home/travis/build/icyphy/ptII/ptolemy/domains/continuous/test/auto/Integration2.xml
----------------- Instantiating /home/travis/build/icyphy/ptII/ptolemy/domains/continuous/test/auto/Integration2.xml
71 ms. Memory: 324608K Free: 152103K (47%)
----------------- Invoking toplevel() on ptolemy.moml.MoMLSimpleApplication@4d148fc6
----------------- Done invoking toplevel() on ptolemy.moml.MoMLSimpleApplication@4d148fc6
reloadAllAccessors: .Integration2

===========================================================================================
----------------- testing Tue Jan 14 06:41:40 UTC 2020 /home/travis/build/icyphy/ptII/ptolemy/domains/continuous/test/auto/Integration3.xml
----------------- Instantiating /home/travis/build/icyphy/ptII/ptolemy/domains/continuous/test/auto/Integration3.xml
2 ms. Memory: 324608K Free: 147497K (45%)
----------------- Invoking toplevel() on ptolemy.moml.MoMLSimpleApplication@26bfcfea
----------------- Done invoking toplevel() on ptolemy.moml.MoMLSimpleApplication@26bfcfea
reloadAllAccessors: .Integration3

===========================================================================================
----------------- testing Tue Jan 14 06:41:40 UTC 2020 /home/travis/build/icyphy/ptII/ptolemy/domains/continuous/test/auto/Integration5.xml
----------------- Instantiating /home/travis/build/icyphy/ptII/ptolemy/domains/continuous/test/auto/Integration5.xml
4 ms. Memory: 324608K Free: 143401K (44%)
----------------- Invoking toplevel() on ptolemy.moml.MoMLSimpleApplication@37fc5389
----------------- Done invoking toplevel() on ptolemy.moml.MoMLSimpleApplication@37fc5389
reloadAllAccessors: .Integration5

===========================================================================================
----------------- testing Tue Jan 14 06:41:40 UTC 2020 /home/travis/build/icyphy/ptII/ptolemy/domains/continuous/test/auto/IntegratorImpulse.xml
----------------- Instantiating /home/travis/build/icyphy/ptII/ptolemy/domains/continuous/test/auto/IntegratorImpulse.xml
2 ms. Memory: 324608K Free: 139305K (43%)
----------------- Invoking toplevel() on ptolemy.moml.MoMLSimpleApplication@6382ca63
----------------- Done invoking toplevel() on ptolemy.moml.MoMLSimpleApplication@6382ca63
reloadAllAccessors: .IntegratorImpulse

===========================================================================================
----------------- testing Tue Jan 14 06:41:40 UTC 2020 /home/travis/build/icyphy/ptII/ptolemy/domains/continuous/test/auto/IntegratorImpulse2.xml
----------------- Instantiating /home/travis/build/icyphy/ptII/ptolemy/domains/continuous/test/auto/IntegratorImpulse2.xml
3 ms. Memory: 324608K Free: 134665K (41%)
----------------- Invoking toplevel() on ptolemy.moml.MoMLSimpleApplication@21733005
----------------- Done invoking toplevel() on ptolemy.moml.MoMLSimpleApplication@21733005
reloadAllAccessors: .IntegratorImpulse2

===========================================================================================
----------------- testing Tue Jan 14 06:41:40 UTC 2020 /home/travis/build/icyphy/ptII/ptolemy/domains/continuous/test/auto/LevelCrossing1.xml
----------------- Instantiating /home/travis/build/icyphy/ptII/ptolemy/domains/continuous/test/auto/LevelCrossing1.xml
2 ms. Memory: 324608K Free: 129575K (40%)
----------------- Invoking toplevel() on ptolemy.moml.MoMLSimpleApplication@38fd9f39
----------------- Done invoking toplevel() on ptolemy.moml.MoMLSimpleApplication@38fd9f39
reloadAllAccessors: .LevelCrossing1

===========================================================================================
----------------- testing Tue Jan 14 06:41:40 UTC 2020 /home/travis/build/icyphy/ptII/ptolemy/domains/continuous/test/auto/LevelCrossing2.xml
----------------- Instantiating /home/travis/build/icyphy/ptII/ptolemy/domains/continuous/test/auto/LevelCrossing2.xml
3 ms. Memory: 324608K Free: 124455K (38%)
----------------- Invoking toplevel() on ptolemy.moml.MoMLSimpleApplication@594bdd70
----------------- Done invoking toplevel() on ptolemy.moml.MoMLSimpleApplication@594bdd70
reloadAllAccessors: .LevelCrossing2

===========================================================================================
----------------- testing Tue Jan 14 06:41:40 UTC 2020 /home/travis/build/icyphy/ptII/ptolemy/domains/continuous/test/auto/LevelCrossing3.xml
----------------- Instantiating /home/travis/build/icyphy/ptII/ptolemy/domains/continuous/test/auto/LevelCrossing3.xml
2 ms. Memory: 324608K Free: 119335K (37%)
----------------- Invoking toplevel() on ptolemy.moml.MoMLSimpleApplication@4f94abaf
----------------- Done invoking toplevel() on ptolemy.moml.MoMLSimpleApplication@4f94abaf
reloadAllAccessors: .LevelCrossing3

===========================================================================================
----------------- testing Tue Jan 14 06:41:40 UTC 2020 /home/travis/build/icyphy/ptII/ptolemy/domains/continuous/test/auto/LevelCrossing4.xml
----------------- Instantiating /home/travis/build/icyphy/ptII/ptolemy/domains/continuous/test/auto/LevelCrossing4.xml
10 ms. Memory: 324608K Free: 308294K (95%)
----------------- Invoking toplevel() on ptolemy.moml.MoMLSimpleApplication@61d25e64
----------------- Done invoking toplevel() on ptolemy.moml.MoMLSimpleApplication@61d25e64
reloadAllAccessors: .LevelCrossing4

===========================================================================================
----------------- testing Tue Jan 14 06:41:40 UTC 2020 /home/travis/build/icyphy/ptII/ptolemy/domains/continuous/test/auto/LevelCrossing5.xml
----------------- Instantiating /home/travis/build/icyphy/ptII/ptolemy/domains/continuous/test/auto/LevelCrossing5.xml
3 ms. Memory: 324608K Free: 302924K (93%)
----------------- Invoking toplevel() on ptolemy.moml.MoMLSimpleApplication@2fbea7d1
----------------- Done invoking toplevel() on ptolemy.moml.MoMLSimpleApplication@2fbea7d1
reloadAllAccessors: .LevelCrossing5

===========================================================================================
[...]
----------------- Instantiating /home/travis/build/icyphy/ptII/ptolemy/domains/continuous/test/auto/SRinContinuous.xml
4 ms. Memory: 324608K Free: 271081K (84%)
----------------- Invoking toplevel() on ptolemy.moml.MoMLSimpleApplication@6ff3992d
----------------- Done invoking toplevel() on ptolemy.moml.MoMLSimpleApplication@6ff3992d
reloadAllAccessors: .SRinContinuous

===========================================================================================
----------------- testing Tue Jan 14 06:41:55 UTC 2020 /home/travis/build/icyphy/ptII/ptolemy/domains/continuous/test/auto/SampledClocks.xml
----------------- Instantiating /home/travis/build/icyphy/ptII/ptolemy/domains/continuous/test/auto/SampledClocks.xml
6 ms. Memory: 324608K Free: 258279K (80%)
----------------- Invoking toplevel() on ptolemy.moml.MoMLSimpleApplication@1880e2aa
----------------- Done invoking toplevel() on ptolemy.moml.MoMLSimpleApplication@1880e2aa
reloadAllAccessors: .SampledClocks

===========================================================================================
----------------- testing Tue Jan 14 06:41:55 UTC 2020 /home/travis/build/icyphy/ptII/ptolemy/domains/continuous/test/auto/Satellite.xml
----------------- Instantiating /home/travis/build/icyphy/ptII/ptolemy/domains/continuous/test/auto/Satellite.xml
789 ms. Memory: 324608K Free: 250956K (77%)
----------------- Invoking toplevel() on ptolemy.moml.MoMLSimpleApplication@14adbde3
----------------- Done invoking toplevel() on ptolemy.moml.MoMLSimpleApplication@14adbde3
reloadAllAccessors: .Satellite

===========================================================================================
----------------- testing Tue Jan 14 06:41:56 UTC 2020 /home/travis/build/icyphy/ptII/ptolemy/domains/continuous/test/auto/SigmaDelta.xml
----------------- Instantiating /home/travis/build/icyphy/ptII/ptolemy/domains/continuous/test/auto/SigmaDelta.xml
2065 ms. Memory: 324608K Free: 184282K (57%)
----------------- Invoking toplevel() on ptolemy.moml.MoMLSimpleApplication@7452ac51
----------------- Done invoking toplevel() on ptolemy.moml.MoMLSimpleApplication@7452ac51
reloadAllAccessors: .SigmaDelta

===========================================================================================
----------------- testing Tue Jan 14 06:41:58 UTC 2020 /home/travis/build/icyphy/ptII/ptolemy/domains/continuous/test/auto/SingleRefinement.xml
----------------- Instantiating /home/travis/build/icyphy/ptII/ptolemy/domains/continuous/test/auto/SingleRefinement.xml
284 ms. Memory: 324608K Free: 190966K (59%)
----------------- Invoking toplevel() on ptolemy.moml.MoMLSimpleApplication@2fee942b
----------------- Done invoking toplevel() on ptolemy.moml.MoMLSimpleApplication@2fee942b
reloadAllAccessors: .SingleRefinement

===========================================================================================
----------------- testing Tue Jan 14 06:41:59 UTC 2020 /home/travis/build/icyphy/ptII/ptolemy/domains/continuous/test/auto/SinuBouncingBall.xml
----------------- Instantiating /home/travis/build/icyphy/ptII/ptolemy/domains/continuous/test/auto/SinuBouncingBall.xml
763 ms. Memory: 324608K Free: 162638K (50%)
----------------- Invoking toplevel() on ptolemy.moml.MoMLSimpleApplication@24187273
----------------- Done invoking toplevel() on ptolemy.moml.MoMLSimpleApplication@24187273
reloadAllAccessors: .SinuBouncingBall

===========================================================================================
----------------- testing Tue Jan 14 06:42:00 UTC 2020 /home/travis/build/icyphy/ptII/ptolemy/domains/continuous/test/auto/Sinusoid.xml
----------------- Instantiating /home/travis/build/icyphy/ptII/ptolemy/domains/continuous/test/auto/Sinusoid.xml
4 ms. Memory: 324608K Free: 158032K (49%)
----------------- Invoking toplevel() on ptolemy.moml.MoMLSimpleApplication@1cb034c7
----------------- Done invoking toplevel() on ptolemy.moml.MoMLSimpleApplication@1cb034c7
reloadAllAccessors: .Sinusoid

===========================================================================================
----------------- testing Tue Jan 14 06:42:00 UTC 2020 /home/travis/build/icyphy/ptII/ptolemy/domains/continuous/test/auto/SinusoidInNoise.xml
----------------- Instantiating /home/travis/build/icyphy/ptII/ptolemy/domains/continuous/test/auto/SinusoidInNoise.xml
809 ms. Memory: 324608K Free: 219834K (68%)
----------------- Invoking toplevel() on ptolemy.moml.MoMLSimpleApplication@744a5f56
----------------- Done invoking toplevel() on ptolemy.moml.MoMLSimpleApplication@744a5f56
reloadAllAccessors: .SinusoidInNoise

===========================================================================================
----------------- testing Tue Jan 14 06:42:00 UTC 2020 /home/travis/build/icyphy/ptII/ptolemy/domains/continuous/test/auto/SinusoidRK45.xml
----------------- Instantiating /home/travis/build/icyphy/ptII/ptolemy/domains/continuous/test/auto/SinusoidRK45.xml
2 ms. Memory: 324608K Free: 215228K (66%)
----------------- Invoking toplevel() on ptolemy.moml.MoMLSimpleApplication@6478f7f1
----------------- Done invoking toplevel() on ptolemy.moml.MoMLSimpleApplication@6478f7f1
reloadAllAccessors: .SinusoidRK45

===========================================================================================
----------------- testing Tue Jan 14 06:42:00 UTC 2020 /home/travis/build/icyphy/ptII/ptolemy/domains/continuous/test/auto/SinusoidWithMultipleImpulses.xml
----------------- Instantiating /home/travis/build/icyphy/ptII/ptolemy/domains/continuous/test/auto/SinusoidWithMultipleImpulses.xml
2 ms. Memory: 324608K Free: 210618K (65%)
----------------- Invoking toplevel() on ptolemy.moml.MoMLSimpleApplication@486e8f3e
----------------- Done invoking toplevel() on ptolemy.moml.MoMLSimpleApplication@486e8f3e
reloadAllAccessors: .SinusoidWithMultipleImpulses

===========================================================================================
----------------- testing Tue Jan 14 06:42:00 UTC 2020 /home/travis/build/icyphy/ptII/ptolemy/domains/continuous/test/auto/SquareWave.xml
----------------- Instantiating /home/travis/build/icyphy/ptII/ptolemy/domains/continuous/test/auto/SquareWave.xml
129 ms. Memory: 324608K Free: 182970K (56%)
----------------- Invoking toplevel() on ptolemy.moml.MoMLSimpleApplication@5c1290f7
----------------- Done invoking toplevel() on ptolemy.moml.MoMLSimpleApplication@5c1290f7
reloadAllAccessors: .SquareWave

===========================================================================================
----------------- testing Tue Jan 14 06:42:01 UTC 2020 /home/travis/build/icyphy/ptII/ptolemy/domains/continuous/test/auto/Starmac.xml
----------------- Instantiating /home/travis/build/icyphy/ptII/ptolemy/domains/continuous/test/auto/Starmac.xml
3037 ms. Memory: 324608K Free: 246449K (76%)
----------------- Invoking toplevel() on ptolemy.moml.MoMLSimpleApplication@6ab789ef
----------------- Done invoking toplevel() on ptolemy.moml.MoMLSimpleApplication@6ab789ef
reloadAllAccessors: .Starmac

===========================================================================================
----------------- testing Tue Jan 14 06:42:04 UTC 2020 /home/travis/build/icyphy/ptII/ptolemy/domains/continuous/test/auto/StaticUnits.xml
----------------- Instantiating /home/travis/build/icyphy/ptII/ptolemy/domains/continuous/test/auto/StaticUnits.xml
1794 ms. Memory: 324608K Free: 156818K (48%)
----------------- Invoking toplevel() on ptolemy.moml.MoMLSimpleApplication@5671412f
----------------- Done invoking toplevel() on ptolemy.moml.MoMLSimpleApplication@5671412f
reloadAllAccessors: .StaticUnits

===========================================================================================
----------------- testing Tue Jan 14 06:42:06 UTC 2020 /home/travis/build/icyphy/ptII/ptolemy/domains/continuous/test/auto/StickyMasses.xml
----------------- Instantiating /home/travis/build/icyphy/ptII/ptolemy/domains/continuous/test/auto/StickyMasses.xml
134 ms. Memory: 324608K Free: 296091K (91%)
----------------- Invoking toplevel() on ptolemy.moml.MoMLSimpleApplication@65ecda5
----------------- Done invoking toplevel() on ptolemy.moml.MoMLSimpleApplication@65ecda5
reloadAllAccessors: .StickyMasses

===========================================================================================
----------------- testing Tue Jan 14 06:42:06 UTC 2020 /home/travis/build/icyphy/ptII/ptolemy/domains/continuous/test/auto/StopTime.xml
----------------- Instantiating /home/travis/build/icyphy/ptII/ptolemy/domains/continuous/test/auto/StopTime.xml
38 ms. Memory: 324608K Free: 270929K (83%)
----------------- Invoking toplevel() on ptolemy.moml.MoMLSimpleApplication@44556628
----------------- Done invoking toplevel() on ptolemy.moml.MoMLSimpleApplication@44556628
reloadAllAccessors: .StopTime

===========================================================================================
----------------- testing Tue Jan 14 06:42:06 UTC 2020 /home/travis/build/icyphy/ptII/ptolemy/domains/continuous/test/auto/StopTime2.xml
----------------- Instantiating /home/travis/build/icyphy/ptII/ptolemy/domains/continuous/test/auto/StopTime2.xml
34 ms. Memory: 324608K Free: 248922K (77%)
----------------- Invoking toplevel() on ptolemy.moml.MoMLSimpleApplication@6d603306
----------------- Done invoking toplevel() on ptolemy.moml.MoMLSimpleApplication@6d603306
reloadAllAccessors: .StopTime2

===========================================================================================
----------------- testing Tue Jan 14 06:42:07 UTC 2020 /home/travis/build/icyphy/ptII/ptolemy/domains/continuous/test/auto/Switch.xml
----------------- Instantiating /home/travis/build/icyphy/ptII/ptolemy/domains/continuous/test/auto/Switch.xml
42 ms. Memory: 324608K Free: 223817K (69%)
----------------- Invoking toplevel() on ptolemy.moml.MoMLSimpleApplication@479c00b0
----------------- Done invoking toplevel() on ptolemy.moml.MoMLSimpleApplication@479c00b0
reloadAllAccessors: .Switch

===========================================================================================
----------------- testing Tue Jan 14 06:42:07 UTC 2020 /home/travis/build/icyphy/ptII/ptolemy/domains/continuous/test/auto/Thermostat.xml
----------------- Instantiating /home/travis/build/icyphy/ptII/ptolemy/domains/continuous/test/auto/Thermostat.xml
178 ms. Memory: 324608K Free: 152666K (47%)
----------------- Invoking toplevel() on ptolemy.moml.MoMLSimpleApplication@5a955d1b
----------------- Done invoking toplevel() on ptolemy.moml.MoMLSimpleApplication@5a955d1b
reloadAllAccessors: .Thermostat

===========================================================================================
----------------- testing Tue Jan 14 06:42:07 UTC 2020 /home/travis/build/icyphy/ptII/ptolemy/domains/continuous/test/auto/TimeDelay.xml
----------------- Instantiating /home/travis/build/icyphy/ptII/ptolemy/domains/continuous/test/auto/TimeDelay.xml
6 ms. Memory: 324608K Free: 148041K (46%)
----------------- Invoking toplevel() on ptolemy.moml.MoMLSimpleApplication@7482af9e
----------------- Done invoking toplevel() on ptolemy.moml.MoMLSimpleApplication@7482af9e
reloadAllAccessors: .TimeDelay

===========================================================================================
----------------- testing Tue Jan 14 06:42:07 UTC 2020 /home/travis/build/icyphy/ptII/ptolemy/domains/continuous/test/auto/TimeDelay2.xml
----------------- Instantiating /home/travis/build/icyphy/ptII/ptolemy/domains/continuous/test/auto/TimeDelay2.xml
9 ms. Memory: 324608K Free: 138330K (43%)
----------------- Invoking toplevel() on ptolemy.moml.MoMLSimpleApplication@e74a562
----------------- Done invoking toplevel() on ptolemy.moml.MoMLSimpleApplication@e74a562
reloadAllAccessors: .TimeDelay2

===========================================================================================
----------------- testing Tue Jan 14 06:42:07 UTC 2020 /home/travis/build/icyphy/ptII/ptolemy/domains/continuous/test/auto/TimeDelay3.xml
----------------- Instantiating /home/travis/build/icyphy/ptII/ptolemy/domains/continuous/test/auto/TimeDelay3.xml
4 ms. Memory: 324608K Free: 133210K (41%)
----------------- Invoking toplevel() on ptolemy.moml.MoMLSimpleApplication@20594fe7
----------------- Done invoking toplevel() on ptolemy.moml.MoMLSimpleApplication@20594fe7
reloadAllAccessors: .TimeDelay3

===========================================================================================
----------------- testing Tue Jan 14 06:42:07 UTC 2020 /home/travis/build/icyphy/ptII/ptolemy/domains/continuous/test/auto/TransferAbsentToInside.xml
----------------- Instantiating /home/travis/build/icyphy/ptII/ptolemy/domains/continuous/test/auto/TransferAbsentToInside.xml
25 ms. Memory: 324608K Free: 268885K (83%)
----------------- Invoking toplevel() on ptolemy.moml.MoMLSimpleApplication@4813140
----------------- Done invoking toplevel() on ptolemy.moml.MoMLSimpleApplication@4813140
reloadAllAccessors: .TransferAbsentToInside

===========================================================================================
----------------- testing Tue Jan 14 06:42:07 UTC 2020 /home/travis/build/icyphy/ptII/ptolemy/domains/continuous/test/auto/Transmission.xml
----------------- Instantiating /home/travis/build/icyphy/ptII/ptolemy/domains/continuous/test/auto/Transmission.xml
742 ms. Memory: 324608K Free: 228410K (70%)
----------------- Invoking toplevel() on ptolemy.moml.MoMLSimpleApplication@2424fcdd
----------------- Done invoking toplevel() on ptolemy.moml.MoMLSimpleApplication@2424fcdd
reloadAllAccessors: .Transmission

===========================================================================================
----------------- testing Tue Jan 14 06:42:08 UTC 2020 /home/travis/build/icyphy/ptII/ptolemy/domains/continuous/test/auto/TriggeredContinuousClock.xml
----------------- Instantiating /home/travis/build/icyphy/ptII/ptolemy/domains/continuous/test/auto/TriggeredContinuousClock.xml
36 ms. Memory: 324608K Free: 198698K (61%)
----------------- Invoking toplevel() on ptolemy.moml.MoMLSimpleApplication@189df092
----------------- Done invoking toplevel() on ptolemy.moml.MoMLSimpleApplication@189df092
reloadAllAccessors: .TriggeredContinuousClock

===========================================================================================
----------------- testing Tue Jan 14 06:42:08 UTC 2020 /home/travis/build/icyphy/ptII/ptolemy/domains/continuous/test/auto/TwoMachineInfiniteBusControl.xml
----------------- Instantiating /home/travis/build/icyphy/ptII/ptolemy/domains/continuous/test/auto/TwoMachineInfiniteBusControl.xml
2758 ms. Memory: 324608K Free: 170539K (53%)
----------------- Invoking toplevel() on ptolemy.moml.MoMLSimpleApplication@2174aba0
----------------- Done invoking toplevel() on ptolemy.moml.MoMLSimpleApplication@2174aba0
reloadAllAccessors: .TwoMachineInfiniteBusControl

===========================================================================================
----------------- testing Tue Jan 14 06:42:11 UTC 2020 /home/travis/build/icyphy/ptII/ptolemy/domains/continuous/test/auto/V2V.xml
----------------- Instantiating /home/travis/build/icyphy/ptII/ptolemy/domains/continuous/test/auto/V2V.xml
808 ms. Memory: 390144K Free: 238617K (61%)
----------------- Invoking toplevel() on ptolemy.moml.MoMLSimpleApplication@4eb7f3d0
----------------- Done invoking toplevel() on ptolemy.moml.MoMLSimpleApplication@4eb7f3d0
reloadAllAccessors: .V2V

===========================================================================================
----------------- testing Tue Jan 14 06:42:12 UTC 2020 /home/travis/build/icyphy/ptII/ptolemy/domains/continuous/test/auto/hierarchicalModalModel.xml
----------------- Instantiating /home/travis/build/icyphy/ptII/ptolemy/domains/continuous/test/auto/hierarchicalModalModel.xml
8 ms. Memory: 390144K Free: 223752K (57%)
----------------- Invoking toplevel() on ptolemy.moml.MoMLSimpleApplication@2f27b4
----------------- Done invoking toplevel() on ptolemy.moml.MoMLSimpleApplication@2f27b4
reloadAllAccessors: .hierarchicalModalModel

===========================================================================================
----------------- testing Tue Jan 14 06:42:12 UTC 2020 /home/travis/build/icyphy/ptII/ptolemy/domains/continuous/test/auto/hierarchicalModalModel1.xml
----------------- Instantiating /home/travis/build/icyphy/ptII/ptolemy/domains/continuous/test/auto/hierarchicalModalModel1.xml
9 ms. Memory: 390144K Free: 209431K (54%)
----------------- Invoking toplevel() on ptolemy.moml.MoMLSimpleApplication@3540b252
----------------- Done invoking toplevel() on ptolemy.moml.MoMLSimpleApplication@3540b252
reloadAllAccessors: .hierarchicalModalModel1

===========================================================================================
----------------- testing Tue Jan 14 06:42:12 UTC 2020 /home/travis/build/icyphy/ptII/ptolemy/domains/continuous/test/auto/hierarchicalModalModel2.xml
----------------- Instantiating /home/travis/build/icyphy/ptII/ptolemy/domains/continuous/test/auto/hierarchicalModalModel2.xml
6 ms. Memory: 390144K Free: 197128K (51%)
----------------- Invoking toplevel() on ptolemy.moml.MoMLSimpleApplication@775148a8
----------------- Done invoking toplevel() on ptolemy.moml.MoMLSimpleApplication@775148a8
reloadAllAccessors: .hierarchicalModalModel2

===========================================================================================
----------------- testing Tue Jan 14 06:42:12 UTC 2020 /home/travis/build/icyphy/ptII/ptolemy/domains/continuous/test/auto/hierarchicalModalModel3.xml
----------------- Instantiating /home/travis/build/icyphy/ptII/ptolemy/domains/continuous/test/auto/hierarchicalModalModel3.xml
6 ms. Memory: 390144K Free: 186393K (48%)
----------------- Invoking toplevel() on ptolemy.moml.MoMLSimpleApplication@6b444067
----------------- Done invoking toplevel() on ptolemy.moml.MoMLSimpleApplication@6b444067
reloadAllAccessors: .hierarchicalModalModel3

===========================================================================================
----------------- testing Tue Jan 14 06:42:12 UTC 2020 /home/travis/build/icyphy/ptII/ptolemy/domains/continuous/test/auto/hierarchicalModalModel4.xml
----------------- Instantiating /home/travis/build/icyphy/ptII/ptolemy/domains/continuous/test/auto/hierarchicalModalModel4.xml
5 ms. Memory: 390144K Free: 174600K (45%)
----------------- Invoking toplevel() on ptolemy.moml.MoMLSimpleApplication@54c3096c
----------------- Done invoking toplevel() on ptolemy.moml.MoMLSimpleApplication@54c3096c
reloadAllAccessors: .hierarchicalModalModel4

===========================================================================================
----------------- testing Tue Jan 14 06:42:12 UTC 2020 /home/travis/build/icyphy/ptII/ptolemy/domains/continuous/test/auto/junk.xml
----------------- Instantiating /home/travis/build/icyphy/ptII/ptolemy/domains/continuous/test/auto/junk.xml
115 ms. Memory: 390144K Free: 150553K (39%)
----------------- Invoking toplevel() on ptolemy.moml.MoMLSimpleApplication@1b94e754
----------------- Done invoking toplevel() on ptolemy.moml.MoMLSimpleApplication@1b94e754
reloadAllAccessors: .junk
AutoTests.java: About to close Vertx.
AutoTests.java: Vertx closed.
]]></system-out>
  <system-err><![CDATA[Warning: '.HysteresisWithRandomDelay.NonStrictTest' The test produced only 221 tokens, yet the correctValues parameter was expecting 222 tokens.
Warning: '.HysteresisWithRandomDelay.NonStrictTest2' The test produced only 220 tokens, yet the correctValues parameter was expecting 221 tokens.
Warning: '.HysteresisWithRandomDelay.NonStrictTest3' The test produced only 29 tokens, yet the correctValues parameter was expecting 30 tokens.
Warning: '.Poisson.NonStrictTest' The test produced only 413 tokens, yet the correctValues parameter was expecting 430 tokens.
]]></system-err>
</testsuite>
