<?xml version="1.0" encoding="UTF-8" ?>
<testsuite errors="0" failures="0" hostname="travis-job-5f84d16a-12a2-4702-9d5b-8c3b84139754" name="ptolemy.actor.lib.hoc.test.junit.JUnitTclTest" skipped="0" tests="58" time="32.941" timestamp="2019-07-10T22:31:29">
  <properties>
[...]
</properties>
  <testcase classname="ptolemy.util.test.junit.TclTests" name="[0] /home/travis/build/icyphy/ptII/ptolemy/actor/lib/hoc/test/IterateOverArray.tcl (RunTclFile)" time="0.29" />
  <testcase classname="ptolemy.util.test.junit.AutoKnownFailedTests" name="[0] /home/travis/build/icyphy/ptII/ptolemy/actor/lib/hoc/test/auto/knownFailedTests/PreinitializeMustBeInvokedRunComposite.xml (RunModel)" time="0.438" />
  <testcase classname="ptolemy.util.test.junit.AutoNameArchTests" name="[0] ThereAreNoAutoArchTests (RunModel)" time="0.007" />
  <testcase classname="ptolemy.util.test.junit.AutoTests" name="[0] /home/travis/build/icyphy/ptII/ptolemy/actor/lib/hoc/test/auto/AllToAllMultiInstanceComposite.xml (RunModel)" time="0.425" />
  <testcase classname="ptolemy.util.test.junit.AutoTests" name="[1] /home/travis/build/icyphy/ptII/ptolemy/actor/lib/hoc/test/auto/ApplyFFTTest.xml (RunModel)" time="0.436" />
  <testcase classname="ptolemy.util.test.junit.AutoTests" name="[2] /home/travis/build/icyphy/ptII/ptolemy/actor/lib/hoc/test/auto/ApplyFunction.xml (RunModel)" time="0.06" />
  <testcase classname="ptolemy.util.test.junit.AutoTests" name="[3] /home/travis/build/icyphy/ptII/ptolemy/actor/lib/hoc/test/auto/BackgroundExecution.xml (RunModel)" time="0.686" />
  <testcase classname="ptolemy.util.test.junit.AutoTests" name="[4] /home/travis/build/icyphy/ptII/ptolemy/actor/lib/hoc/test/auto/Case.xml (RunModel)" time="0.085" />
  <testcase classname="ptolemy.util.test.junit.AutoTests" name="[5] /home/travis/build/icyphy/ptII/ptolemy/actor/lib/hoc/test/auto/Case1.xml (RunModel)" time="0.055" />
  <testcase classname="ptolemy.util.test.junit.AutoTests" name="[6] /home/travis/build/icyphy/ptII/ptolemy/actor/lib/hoc/test/auto/Case2.xml (RunModel)" time="0.123" />
  <testcase classname="ptolemy.util.test.junit.AutoTests" name="[7] /home/travis/build/icyphy/ptII/ptolemy/actor/lib/hoc/test/auto/Case3.xml (RunModel)" time="0.042" />
  <testcase classname="ptolemy.util.test.junit.AutoTests" name="[8] /home/travis/build/icyphy/ptII/ptolemy/actor/lib/hoc/test/auto/Case4.xml (RunModel)" time="0.094" />
  <testcase classname="ptolemy.util.test.junit.AutoTests" name="[9] /home/travis/build/icyphy/ptII/ptolemy/actor/lib/hoc/test/auto/Case5.xml (RunModel)" time="0.087" />
  <testcase classname="ptolemy.util.test.junit.AutoTests" name="[10] /home/travis/build/icyphy/ptII/ptolemy/actor/lib/hoc/test/auto/Case6.xml (RunModel)" time="0.123" />
  <testcase classname="ptolemy.util.test.junit.AutoTests" name="[11] /home/travis/build/icyphy/ptII/ptolemy/actor/lib/hoc/test/auto/CaseString2.xml (RunModel)" time="0.081" />
  <testcase classname="ptolemy.util.test.junit.AutoTests" name="[12] /home/travis/build/icyphy/ptII/ptolemy/actor/lib/hoc/test/auto/CatchUpComposite1.xml (RunModel)" time="0.081" />
  <testcase classname="ptolemy.util.test.junit.AutoTests" name="[13] /home/travis/build/icyphy/ptII/ptolemy/actor/lib/hoc/test/auto/CatchUpComposite2.xml (RunModel)" time="0.065" />
  <testcase classname="ptolemy.util.test.junit.AutoTests" name="[14] /home/travis/build/icyphy/ptII/ptolemy/actor/lib/hoc/test/auto/CatchUpComposite3.xml (RunModel)" time="0.071" />
  <testcase classname="ptolemy.util.test.junit.AutoTests" name="[15] /home/travis/build/icyphy/ptII/ptolemy/actor/lib/hoc/test/auto/CatchUpComposite4.xml (RunModel)" time="0.063" />
  <testcase classname="ptolemy.util.test.junit.AutoTests" name="[16] /home/travis/build/icyphy/ptII/ptolemy/actor/lib/hoc/test/auto/CatchUpComposite5.xml (RunModel)" time="0.046" />
  <testcase classname="ptolemy.util.test.junit.AutoTests" name="[17] /home/travis/build/icyphy/ptII/ptolemy/actor/lib/hoc/test/auto/CatchUpComposite6.xml (RunModel)" time="0.167" />
  <testcase classname="ptolemy.util.test.junit.AutoTests" name="[18] /home/travis/build/icyphy/ptII/ptolemy/actor/lib/hoc/test/auto/CatchUpComposite7.xml (RunModel)" time="0.093" />
  <testcase classname="ptolemy.util.test.junit.AutoTests" name="[19] /home/travis/build/icyphy/ptII/ptolemy/actor/lib/hoc/test/auto/ConcurrentExecutionTimeSDF.xml (RunModel)" time="1.371" />
  <testcase classname="ptolemy.util.test.junit.AutoTests" name="[20] /home/travis/build/icyphy/ptII/ptolemy/actor/lib/hoc/test/auto/ConcurrentSleep.xml (RunModel)" time="0.768" />
  <testcase classname="ptolemy.util.test.junit.AutoTests" name="[21] /home/travis/build/icyphy/ptII/ptolemy/actor/lib/hoc/test/auto/DEInPNInRunCompositeActor.xml (RunModel)" time="0.044" />
  <testcase classname="ptolemy.util.test.junit.AutoTests" name="[22] /home/travis/build/icyphy/ptII/ptolemy/actor/lib/hoc/test/auto/DFTSubSetTest.xml (RunModel)" time="0.296" />
  <testcase classname="ptolemy.util.test.junit.AutoTests" name="[23] /home/travis/build/icyphy/ptII/ptolemy/actor/lib/hoc/test/auto/HocDE.xml (RunModel)" time="0.171" />
  <testcase classname="ptolemy.util.test.junit.AutoTests" name="[24] /home/travis/build/icyphy/ptII/ptolemy/actor/lib/hoc/test/auto/IterateOverArray.xml (RunModel)" time="0.021" />
  <testcase classname="ptolemy.util.test.junit.AutoTests" name="[25] /home/travis/build/icyphy/ptII/ptolemy/actor/lib/hoc/test/auto/IterateOverArray10.xml (RunModel)" time="0.028" />
  <testcase classname="ptolemy.util.test.junit.AutoTests" name="[26] /home/travis/build/icyphy/ptII/ptolemy/actor/lib/hoc/test/auto/IterateOverArray11.xml (RunModel)" time="0.022" />
  <testcase classname="ptolemy.util.test.junit.AutoTests" name="[27] /home/travis/build/icyphy/ptII/ptolemy/actor/lib/hoc/test/auto/IterateOverArray12.xml (RunModel)" time="0.038" />
  <testcase classname="ptolemy.util.test.junit.AutoTests" name="[28] /home/travis/build/icyphy/ptII/ptolemy/actor/lib/hoc/test/auto/IterateOverArray13.xml (RunModel)" time="0.158" />
  <testcase classname="ptolemy.util.test.junit.AutoTests" name="[29] /home/travis/build/icyphy/ptII/ptolemy/actor/lib/hoc/test/auto/IterateOverArray14.xml (RunModel)" time="0.161" />
  <testcase classname="ptolemy.util.test.junit.AutoTests" name="[30] /home/travis/build/icyphy/ptII/ptolemy/actor/lib/hoc/test/auto/IterateOverArray2.xml (RunModel)" time="0.028" />
  <testcase classname="ptolemy.util.test.junit.AutoTests" name="[31] /home/travis/build/icyphy/ptII/ptolemy/actor/lib/hoc/test/auto/IterateOverArray3.xml (RunModel)" time="0.04" />
  <testcase classname="ptolemy.util.test.junit.AutoTests" name="[32] /home/travis/build/icyphy/ptII/ptolemy/actor/lib/hoc/test/auto/IterateOverArray4.xml (RunModel)" time="0.022" />
  <testcase classname="ptolemy.util.test.junit.AutoTests" name="[33] /home/travis/build/icyphy/ptII/ptolemy/actor/lib/hoc/test/auto/IterateOverArray5.xml (RunModel)" time="0.028" />
  <testcase classname="ptolemy.util.test.junit.AutoTests" name="[34] /home/travis/build/icyphy/ptII/ptolemy/actor/lib/hoc/test/auto/IterateOverArray6.xml (RunModel)" time="0.017" />
  <testcase classname="ptolemy.util.test.junit.AutoTests" name="[35] /home/travis/build/icyphy/ptII/ptolemy/actor/lib/hoc/test/auto/IterateOverArray7.xml (RunModel)" time="0.022" />
  <testcase classname="ptolemy.util.test.junit.AutoTests" name="[36] /home/travis/build/icyphy/ptII/ptolemy/actor/lib/hoc/test/auto/IterateOverArray8.xml (RunModel)" time="0.021" />
  <testcase classname="ptolemy.util.test.junit.AutoTests" name="[37] /home/travis/build/icyphy/ptII/ptolemy/actor/lib/hoc/test/auto/IterateOverArray9.xml (RunModel)" time="0.026" />
  <testcase classname="ptolemy.util.test.junit.AutoTests" name="[38] /home/travis/build/icyphy/ptII/ptolemy/actor/lib/hoc/test/auto/IterateOverArrayCoercedOutputType.xml (RunModel)" time="0.031" />
  <testcase classname="ptolemy.util.test.junit.AutoTests" name="[39] /home/travis/build/icyphy/ptII/ptolemy/actor/lib/hoc/test/auto/IterateOverArrayInferredOutputType.xml (RunModel)" time="0.036" />
  <testcase classname="ptolemy.util.test.junit.AutoTests" name="[40] /home/travis/build/icyphy/ptII/ptolemy/actor/lib/hoc/test/auto/MobileFunctionTest.xml (RunModel)" time="0.02" />
  <testcase classname="ptolemy.util.test.junit.AutoTests" name="[41] /home/travis/build/icyphy/ptII/ptolemy/actor/lib/hoc/test/auto/MobileModelTest.xml (RunModel)" time="0.178" />
  <testcase classname="ptolemy.util.test.junit.AutoTests" name="[42] /home/travis/build/icyphy/ptII/ptolemy/actor/lib/hoc/test/auto/ModelReference.xml (RunModel)" time="0.065" />
  <testcase classname="ptolemy.util.test.junit.AutoTests" name="[43] /home/travis/build/icyphy/ptII/ptolemy/actor/lib/hoc/test/auto/ModelReference3.xml (RunModel)" time="0.046" />
  <testcase classname="ptolemy.util.test.junit.AutoTests" name="[44] /home/travis/build/icyphy/ptII/ptolemy/actor/lib/hoc/test/auto/ModelReference4.xml (RunModel)" time="10.029" />
  <testcase classname="ptolemy.util.test.junit.AutoTests" name="[45] /home/travis/build/icyphy/ptII/ptolemy/actor/lib/hoc/test/auto/MultiInstanceComposite.xml (RunModel)" time="0.061" />
  <testcase classname="ptolemy.util.test.junit.AutoTests" name="[46] /home/travis/build/icyphy/ptII/ptolemy/actor/lib/hoc/test/auto/MultiInstanceComposite2.xml (RunModel)" time="0.031" />
  <testcase classname="ptolemy.util.test.junit.AutoTests" name="[47] /home/travis/build/icyphy/ptII/ptolemy/actor/lib/hoc/test/auto/MulticoreExecution.xml (RunModel)" time="1.127" />
  <testcase classname="ptolemy.util.test.junit.AutoTests" name="[48] /home/travis/build/icyphy/ptII/ptolemy/actor/lib/hoc/test/auto/ParallelExecution.xml (RunModel)" time="0.95" />
  <testcase classname="ptolemy.util.test.junit.AutoTests" name="[49] /home/travis/build/icyphy/ptII/ptolemy/actor/lib/hoc/test/auto/RunCompositeActor.xml (RunModel)" time="0.022" />
  <testcase classname="ptolemy.util.test.junit.AutoTests" name="[50] /home/travis/build/icyphy/ptII/ptolemy/actor/lib/hoc/test/auto/RunCompositeActor2.xml (RunModel)" time="0.023" />
  <testcase classname="ptolemy.util.test.junit.AutoTests" name="[51] /home/travis/build/icyphy/ptII/ptolemy/actor/lib/hoc/test/auto/RunCompositeActor3.xml (RunModel)" time="0.018" />
  <testcase classname="ptolemy.util.test.junit.AutoTests" name="[52] /home/travis/build/icyphy/ptII/ptolemy/actor/lib/hoc/test/auto/RunCompositeActor4.xml (RunModel)" time="0.025" />
  <testcase classname="ptolemy.util.test.junit.AutoTests" name="[53] /home/travis/build/icyphy/ptII/ptolemy/actor/lib/hoc/test/auto/RunCompositeIterateOverArray.xml (RunModel)" time="0.027" />
  <testcase classname="ptolemy.util.test.junit.AutoTests" name="[54] /home/travis/build/icyphy/ptII/ptolemy/actor/lib/hoc/test/auto/ThreadedJS.xml (RunModel)" time="12.709" />
  <system-out><![CDATA[/home/travis/build/icyphy/ptII/ptolemy/actor/lib/hoc/test/IterateOverArray.tcl
testDefs.tcl: setting time out to 9000 seconds at Wed Jul 10 22:31:29 UTC 2019
07/10/19 10:31:29
Failed: 0  Total Tests: 2  ((Passed: 2, Newly Passed: 0)  Known Failed: 0) /home/travis/build/icyphy/ptII/ptolemy/actor/lib/hoc/test
----------------- testing (KnownFailure) /home/travis/build/icyphy/ptII/ptolemy/actor/lib/hoc/test/auto/knownFailedTests/PreinitializeMustBeInvokedRunComposite.xml
137 ms. Memory: 120832K Free: 106265K (88%)
Known Failure: java.lang.reflect.InvocationTargetException
No auto/linux-amd64/*.xml tests in /home/travis/build/icyphy/ptII/ptolemy/actor/lib/hoc/test
AutoTests.java: About to close Vertx.
AutoTests.java: Vertx closed.

===========================================================================================
----------------- testing Wed Jul 10 22:31:30 UTC 2019 /home/travis/build/icyphy/ptII/ptolemy/actor/lib/hoc/test/auto/AllToAllMultiInstanceComposite.xml
----------------- Instantiating /home/travis/build/icyphy/ptII/ptolemy/actor/lib/hoc/test/auto/AllToAllMultiInstanceComposite.xml
170 ms. Memory: 162816K Free: 124972K (77%)
----------------- Invoking toplevel() on ptolemy.moml.MoMLSimpleApplication@76c91377
----------------- Done invoking toplevel() on ptolemy.moml.MoMLSimpleApplication@76c91377
reloadAllAccessors: .AllToAllMultiInstanceComposite

===========================================================================================
----------------- testing Wed Jul 10 22:31:31 UTC 2019 /home/travis/build/icyphy/ptII/ptolemy/actor/lib/hoc/test/auto/ApplyFFTTest.xml
----------------- Instantiating /home/travis/build/icyphy/ptII/ptolemy/actor/lib/hoc/test/auto/ApplyFFTTest.xml
139 ms. Memory: 162816K Free: 131502K (81%)
----------------- Invoking toplevel() on ptolemy.moml.MoMLSimpleApplication@3583af7a
----------------- Done invoking toplevel() on ptolemy.moml.MoMLSimpleApplication@3583af7a
reloadAllAccessors: .ApplyFFTTest

===========================================================================================
----------------- testing Wed Jul 10 22:31:31 UTC 2019 /home/travis/build/icyphy/ptII/ptolemy/actor/lib/hoc/test/auto/ApplyFunction.xml
----------------- Instantiating /home/travis/build/icyphy/ptII/ptolemy/actor/lib/hoc/test/auto/ApplyFunction.xml
14 ms. Memory: 162816K Free: 127406K (78%)
----------------- Invoking toplevel() on ptolemy.moml.MoMLSimpleApplication@3f943003
----------------- Done invoking toplevel() on ptolemy.moml.MoMLSimpleApplication@3f943003
reloadAllAccessors: .ApplyFunction

===========================================================================================
----------------- testing Wed Jul 10 22:31:31 UTC 2019 /home/travis/build/icyphy/ptII/ptolemy/actor/lib/hoc/test/auto/BackgroundExecution.xml
----------------- Instantiating /home/travis/build/icyphy/ptII/ptolemy/actor/lib/hoc/test/auto/BackgroundExecution.xml
623 ms. Memory: 162816K Free: 119728K (74%)
----------------- Invoking toplevel() on ptolemy.moml.MoMLSimpleApplication@39286797
----------------- Done invoking toplevel() on ptolemy.moml.MoMLSimpleApplication@39286797
reloadAllAccessors: .BackgroundExecution

===========================================================================================
----------------- testing Wed Jul 10 22:31:32 UTC 2019 /home/travis/build/icyphy/ptII/ptolemy/actor/lib/hoc/test/auto/Case.xml
----------------- Instantiating /home/travis/build/icyphy/ptII/ptolemy/actor/lib/hoc/test/auto/Case.xml
18 ms. Memory: 162816K Free: 111536K (69%)
----------------- Invoking toplevel() on ptolemy.moml.MoMLSimpleApplication@1fd1920e
----------------- Done invoking toplevel() on ptolemy.moml.MoMLSimpleApplication@1fd1920e
reloadAllAccessors: .Case

===========================================================================================
----------------- testing Wed Jul 10 22:31:32 UTC 2019 /home/travis/build/icyphy/ptII/ptolemy/actor/lib/hoc/test/auto/Case1.xml
----------------- Instantiating /home/travis/build/icyphy/ptII/ptolemy/actor/lib/hoc/test/auto/Case1.xml
26 ms. Memory: 162816K Free: 104368K (64%)
----------------- Invoking toplevel() on ptolemy.moml.MoMLSimpleApplication@1d90c3b3
----------------- Done invoking toplevel() on ptolemy.moml.MoMLSimpleApplication@1d90c3b3
reloadAllAccessors: .Case1

===========================================================================================
----------------- testing Wed Jul 10 22:31:32 UTC 2019 /home/travis/build/icyphy/ptII/ptolemy/actor/lib/hoc/test/auto/Case2.xml
----------------- Instantiating /home/travis/build/icyphy/ptII/ptolemy/actor/lib/hoc/test/auto/Case2.xml
46 ms. Memory: 162816K Free: 94128K (58%)
----------------- Invoking toplevel() on ptolemy.moml.MoMLSimpleApplication@a271018
----------------- Done invoking toplevel() on ptolemy.moml.MoMLSimpleApplication@a271018
reloadAllAccessors: .Case2

===========================================================================================
----------------- testing Wed Jul 10 22:31:32 UTC 2019 /home/travis/build/icyphy/ptII/ptolemy/actor/lib/hoc/test/auto/Case3.xml
----------------- Instantiating /home/travis/build/icyphy/ptII/ptolemy/actor/lib/hoc/test/auto/Case3.xml
8 ms. Memory: 162816K Free: 87470K (54%)
----------------- Invoking toplevel() on ptolemy.moml.MoMLSimpleApplication@d9c3399
----------------- Done invoking toplevel() on ptolemy.moml.MoMLSimpleApplication@d9c3399
reloadAllAccessors: .Case3

===========================================================================================
----------------- testing Wed Jul 10 22:31:32 UTC 2019 /home/travis/build/icyphy/ptII/ptolemy/actor/lib/hoc/test/auto/Case4.xml
----------------- Instantiating /home/travis/build/icyphy/ptII/ptolemy/actor/lib/hoc/test/auto/Case4.xml
29 ms. Memory: 162816K Free: 79264K (49%)
----------------- Invoking toplevel() on ptolemy.moml.MoMLSimpleApplication@7384f53c
----------------- Done invoking toplevel() on ptolemy.moml.MoMLSimpleApplication@7384f53c
reloadAllAccessors: .Case4

===========================================================================================
----------------- testing Wed Jul 10 22:31:32 UTC 2019 /home/travis/build/icyphy/ptII/ptolemy/actor/lib/hoc/test/auto/Case5.xml
----------------- Instantiating /home/travis/build/icyphy/ptII/ptolemy/actor/lib/hoc/test/auto/Case5.xml
52 ms. Memory: 162816K Free: 72624K (45%)
----------------- Invoking toplevel() on ptolemy.moml.MoMLSimpleApplication@5dbe1131
----------------- Done invoking toplevel() on ptolemy.moml.MoMLSimpleApplication@5dbe1131
reloadAllAccessors: .junk

===========================================================================================
----------------- testing Wed Jul 10 22:31:32 UTC 2019 /home/travis/build/icyphy/ptII/ptolemy/actor/lib/hoc/test/auto/Case6.xml
----------------- Instantiating /home/travis/build/icyphy/ptII/ptolemy/actor/lib/hoc/test/auto/Case6.xml
58 ms. Memory: 162816K Free: 60846K (37%)
----------------- Invoking toplevel() on ptolemy.moml.MoMLSimpleApplication@28291d0c
----------------- Done invoking toplevel() on ptolemy.moml.MoMLSimpleApplication@28291d0c
reloadAllAccessors: .Case6

===========================================================================================
----------------- testing Wed Jul 10 22:31:32 UTC 2019 /home/travis/build/icyphy/ptII/ptolemy/actor/lib/hoc/test/auto/CaseString2.xml
----------------- Instantiating /home/travis/build/icyphy/ptII/ptolemy/actor/lib/hoc/test/auto/CaseString2.xml
22 ms. Memory: 162816K Free: 144900K (89%)
----------------- Invoking toplevel() on ptolemy.moml.MoMLSimpleApplication@4bdb073d
----------------- Done invoking toplevel() on ptolemy.moml.MoMLSimpleApplication@4bdb073d
reloadAllAccessors: .CaseString2

===========================================================================================
----------------- testing Wed Jul 10 22:31:33 UTC 2019 /home/travis/build/icyphy/ptII/ptolemy/actor/lib/hoc/test/auto/CatchUpComposite1.xml
----------------- Instantiating /home/travis/build/icyphy/ptII/ptolemy/actor/lib/hoc/test/auto/CatchUpComposite1.xml
21 ms. Memory: 162816K Free: 135174K (83%)
----------------- Invoking toplevel() on ptolemy.moml.MoMLSimpleApplication@7fcf9bcc
----------------- Done invoking toplevel() on ptolemy.moml.MoMLSimpleApplication@7fcf9bcc
reloadAllAccessors: .CatchUpComposite1

===========================================================================================
----------------- testing Wed Jul 10 22:31:33 UTC 2019 /home/travis/build/icyphy/ptII/ptolemy/actor/lib/hoc/test/auto/CatchUpComposite2.xml
----------------- Instantiating /home/travis/build/icyphy/ptII/ptolemy/actor/lib/hoc/test/auto/CatchUpComposite2.xml
8 ms. Memory: 162816K Free: 126468K (78%)
----------------- Invoking toplevel() on ptolemy.moml.MoMLSimpleApplication@4fabf5c3
----------------- Done invoking toplevel() on ptolemy.moml.MoMLSimpleApplication@4fabf5c3
reloadAllAccessors: .CatchUpComposite2

===========================================================================================
----------------- testing Wed Jul 10 22:31:33 UTC 2019 /home/travis/build/icyphy/ptII/ptolemy/actor/lib/hoc/test/auto/CatchUpComposite3.xml
----------------- Instantiating /home/travis/build/icyphy/ptII/ptolemy/actor/lib/hoc/test/auto/CatchUpComposite3.xml
28 ms. Memory: 162816K Free: 116742K (72%)
----------------- Invoking toplevel() on ptolemy.moml.MoMLSimpleApplication@3bff7c5a
----------------- Done invoking toplevel() on ptolemy.moml.MoMLSimpleApplication@3bff7c5a
reloadAllAccessors: .CatchUpComposite3

===========================================================================================
----------------- testing Wed Jul 10 22:31:33 UTC 2019 /home/travis/build/icyphy/ptII/ptolemy/actor/lib/hoc/test/auto/CatchUpComposite4.xml
----------------- Instantiating /home/travis/build/icyphy/ptII/ptolemy/actor/lib/hoc/test/auto/CatchUpComposite4.xml
20 ms. Memory: 162816K Free: 109030K (67%)
----------------- Invoking toplevel() on ptolemy.moml.MoMLSimpleApplication@6c4bd9af
----------------- Done invoking toplevel() on ptolemy.moml.MoMLSimpleApplication@6c4bd9af
reloadAllAccessors: .CatchUpComposite4

===========================================================================================
----------------- testing Wed Jul 10 22:31:33 UTC 2019 /home/travis/build/icyphy/ptII/ptolemy/actor/lib/hoc/test/auto/CatchUpComposite5.xml
----------------- Instantiating /home/travis/build/icyphy/ptII/ptolemy/actor/lib/hoc/test/auto/CatchUpComposite5.xml
15 ms. Memory: 162816K Free: 101382K (62%)
----------------- Invoking toplevel() on ptolemy.moml.MoMLSimpleApplication@ca8842c
----------------- Done invoking toplevel() on ptolemy.moml.MoMLSimpleApplication@ca8842c
reloadAllAccessors: .CatchUpComposite5

===========================================================================================
----------------- testing Wed Jul 10 22:31:33 UTC 2019 /home/travis/build/icyphy/ptII/ptolemy/actor/lib/hoc/test/auto/CatchUpComposite6.xml
----------------- Instantiating /home/travis/build/icyphy/ptII/ptolemy/actor/lib/hoc/test/auto/CatchUpComposite6.xml
WARNING: The execution aspects in this model can influence the timing of actors by delaying the 
execution, potentially changing the behavior. There is no guarantee that actors fire at the 
time they request to be fired. 
Use Ptides for deterministic DE behavior that is not influenced by execution aspects. 

91 ms. Memory: 162816K Free: 86532K (53%)
----------------- Invoking toplevel() on ptolemy.moml.MoMLSimpleApplication@30c23cc2
----------------- Done invoking toplevel() on ptolemy.moml.MoMLSimpleApplication@30c23cc2
reloadAllAccessors: .CatchUpComposite6

===========================================================================================
----------------- testing Wed Jul 10 22:31:33 UTC 2019 /home/travis/build/icyphy/ptII/ptolemy/actor/lib/hoc/test/auto/CatchUpComposite7.xml
----------------- Instantiating /home/travis/build/icyphy/ptII/ptolemy/actor/lib/hoc/test/auto/CatchUpComposite7.xml
WARNING: The execution aspects in this model can influence the timing of actors by delaying the 
execution, potentially changing the behavior. There is no guarantee that actors fire at the 
time they request to be fired. 
Use Ptides for deterministic DE behavior that is not influenced by execution aspects. 

40 ms. Memory: 162816K Free: 72710K (45%)
----------------- Invoking toplevel() on ptolemy.moml.MoMLSimpleApplication@2445d8bc
----------------- Done invoking toplevel() on ptolemy.moml.MoMLSimpleApplication@2445d8bc
reloadAllAccessors: .CatchUpComposite7

===========================================================================================
----------------- testing Wed Jul 10 22:31:33 UTC 2019 /home/travis/build/icyphy/ptII/ptolemy/actor/lib/hoc/test/auto/ConcurrentExecutionTimeSDF.xml
----------------- Instantiating /home/travis/build/icyphy/ptII/ptolemy/actor/lib/hoc/test/auto/ConcurrentExecutionTimeSDF.xml
Fired ExecutionTime: 40400000
Fired ExecutionTime: 40400000
Fired ExecutionTime: 40400000
Fired ExecutionTime: 40400000
Fired ExecutionTime: 40400000
Fired ExecutionTime: 40400000
Fired ExecutionTime: 40400000
Fired ExecutionTime: 40400000
Fired ExecutionTime: 40400000
Fired ExecutionTime: 40400000
Fired ExecutionTime: 40400000
Fired ExecutionTime: 40400000
Fired ExecutionTime: 40400000
Fired ExecutionTime: 40400000
Fired ExecutionTime: 40400000
Fired ExecutionTime: 40400000
Fired ExecutionTime: 40400000
Fired ExecutionTime: 40400000
Fired ExecutionTime: 40400000
Fired ExecutionTime: 40400000
1342 ms. Memory: 162816K Free: 65542K (40%)
----------------- Invoking toplevel() on ptolemy.moml.MoMLSimpleApplication@2b1bbf22
----------------- Done invoking toplevel() on ptolemy.moml.MoMLSimpleApplication@2b1bbf22
reloadAllAccessors: .ConcurrentExecutionTimeSDF

===========================================================================================
----------------- testing Wed Jul 10 22:31:35 UTC 2019 /home/travis/build/icyphy/ptII/ptolemy/actor/lib/hoc/test/auto/ConcurrentSleep.xml
----------------- Instantiating /home/travis/build/icyphy/ptII/ptolemy/actor/lib/hoc/test/auto/ConcurrentSleep.xml
725 ms. Memory: 162816K Free: 53764K (33%)
----------------- Invoking toplevel() on ptolemy.moml.MoMLSimpleApplication@43cf641b
----------------- Done invoking toplevel() on ptolemy.moml.MoMLSimpleApplication@43cf641b
reloadAllAccessors: .ConcurrentSleep

===========================================================================================
----------------- testing Wed Jul 10 22:31:35 UTC 2019 /home/travis/build/icyphy/ptII/ptolemy/actor/lib/hoc/test/auto/DEInPNInRunCompositeActor.xml
----------------- Instantiating /home/travis/build/icyphy/ptII/ptolemy/actor/lib/hoc/test/auto/DEInPNInRunCompositeActor.xml
13 ms. Memory: 162816K Free: 143226K (88%)
----------------- Invoking toplevel() on ptolemy.moml.MoMLSimpleApplication@6cc7a2f0
----------------- Done invoking toplevel() on ptolemy.moml.MoMLSimpleApplication@6cc7a2f0
reloadAllAccessors: .DEInPNInRunCompositeActor

===========================================================================================
----------------- testing Wed Jul 10 22:31:35 UTC 2019 /home/travis/build/icyphy/ptII/ptolemy/actor/lib/hoc/test/auto/DFTSubSetTest.xml
----------------- Instantiating /home/travis/build/icyphy/ptII/ptolemy/actor/lib/hoc/test/auto/DFTSubSetTest.xml
177 ms. Memory: 162816K Free: 100728K (62%)
----------------- Invoking toplevel() on ptolemy.moml.MoMLSimpleApplication@6bfb880b
----------------- Done invoking toplevel() on ptolemy.moml.MoMLSimpleApplication@6bfb880b
reloadAllAccessors: .DFTSubSetTest

===========================================================================================
----------------- testing Wed Jul 10 22:31:36 UTC 2019 /home/travis/build/icyphy/ptII/ptolemy/actor/lib/hoc/test/auto/HocDE.xml
----------------- Instantiating /home/travis/build/icyphy/ptII/ptolemy/actor/lib/hoc/test/auto/HocDE.xml
132 ms. Memory: 162816K Free: 76152K (47%)
----------------- Invoking toplevel() on ptolemy.moml.MoMLSimpleApplication@37b15d68
----------------- Done invoking toplevel() on ptolemy.moml.MoMLSimpleApplication@37b15d68
reloadAllAccessors: .HocDE

===========================================================================================
----------------- testing Wed Jul 10 22:31:36 UTC 2019 /home/travis/build/icyphy/ptII/ptolemy/actor/lib/hoc/test/auto/IterateOverArray.xml
----------------- Instantiating /home/travis/build/icyphy/ptII/ptolemy/actor/lib/hoc/test/auto/IterateOverArray.xml
5 ms. Memory: 162816K Free: 71546K (44%)
----------------- Invoking toplevel() on ptolemy.moml.MoMLSimpleApplication@78e29110
----------------- Done invoking toplevel() on ptolemy.moml.MoMLSimpleApplication@78e29110
reloadAllAccessors: .IterateOverArray

===========================================================================================
----------------- testing Wed Jul 10 22:31:36 UTC 2019 /home/travis/build/icyphy/ptII/ptolemy/actor/lib/hoc/test/auto/IterateOverArray10.xml
----------------- Instantiating /home/travis/build/icyphy/ptII/ptolemy/actor/lib/hoc/test/auto/IterateOverArray10.xml
3 ms. Memory: 162816K Free: 68474K (42%)
----------------- Invoking toplevel() on ptolemy.moml.MoMLSimpleApplication@7bd8ec4d
----------------- Done invoking toplevel() on ptolemy.moml.MoMLSimpleApplication@7bd8ec4d
reloadAllAccessors: .IterateOverArray10

===========================================================================================
----------------- testing Wed Jul 10 22:31:36 UTC 2019 /home/travis/build/icyphy/ptII/ptolemy/actor/lib/hoc/test/auto/IterateOverArray11.xml
----------------- Instantiating /home/travis/build/icyphy/ptII/ptolemy/actor/lib/hoc/test/auto/IterateOverArray11.xml
5 ms. Memory: 162816K Free: 64378K (40%)
----------------- Invoking toplevel() on ptolemy.moml.MoMLSimpleApplication@3f840951
----------------- Done invoking toplevel() on ptolemy.moml.MoMLSimpleApplication@3f840951
reloadAllAccessors: .IterateOverArray11

===========================================================================================
----------------- testing Wed Jul 10 22:31:36 UTC 2019 /home/travis/build/icyphy/ptII/ptolemy/actor/lib/hoc/test/auto/IterateOverArray12.xml
----------------- Instantiating /home/travis/build/icyphy/ptII/ptolemy/actor/lib/hoc/test/auto/IterateOverArray12.xml
18 ms. Memory: 162816K Free: 58744K (36%)
----------------- Invoking toplevel() on ptolemy.moml.MoMLSimpleApplication@735612d9
----------------- Done invoking toplevel() on ptolemy.moml.MoMLSimpleApplication@735612d9
reloadAllAccessors: .IterateOverArray12

===========================================================================================
----------------- testing Wed Jul 10 22:31:36 UTC 2019 /home/travis/build/icyphy/ptII/ptolemy/actor/lib/hoc/test/auto/IterateOverArray13.xml
----------------- Instantiating /home/travis/build/icyphy/ptII/ptolemy/actor/lib/hoc/test/auto/IterateOverArray13.xml
70 ms. Memory: 162816K Free: 125859K (77%)
----------------- Invoking toplevel() on ptolemy.moml.MoMLSimpleApplication@28f06a77
----------------- Done invoking toplevel() on ptolemy.moml.MoMLSimpleApplication@28f06a77
reloadAllAccessors: .IterateOverArray13

===========================================================================================
----------------- testing Wed Jul 10 22:31:36 UTC 2019 /home/travis/build/icyphy/ptII/ptolemy/actor/lib/hoc/test/auto/IterateOverArray14.xml
----------------- Instantiating /home/travis/build/icyphy/ptII/ptolemy/actor/lib/hoc/test/auto/IterateOverArray14.xml
78 ms. Memory: 162816K Free: 92577K (57%)
----------------- Invoking toplevel() on ptolemy.moml.MoMLSimpleApplication@56107a8d
----------------- Done invoking toplevel() on ptolemy.moml.MoMLSimpleApplication@56107a8d
reloadAllAccessors: .IterateOverArray14

===========================================================================================
----------------- testing Wed Jul 10 22:31:36 UTC 2019 /home/travis/build/icyphy/ptII/ptolemy/actor/lib/hoc/test/auto/IterateOverArray2.xml
----------------- Instantiating /home/travis/build/icyphy/ptII/ptolemy/actor/lib/hoc/test/auto/IterateOverArray2.xml
8 ms. Memory: 162816K Free: 87971K (54%)
----------------- Invoking toplevel() on ptolemy.moml.MoMLSimpleApplication@1ba49f45
----------------- Done invoking toplevel() on ptolemy.moml.MoMLSimpleApplication@1ba49f45
reloadAllAccessors: .IterateOverArray2

===========================================================================================
----------------- testing Wed Jul 10 22:31:36 UTC 2019 /home/travis/build/icyphy/ptII/ptolemy/actor/lib/hoc/test/auto/IterateOverArray3.xml
----------------- Instantiating /home/travis/build/icyphy/ptII/ptolemy/actor/lib/hoc/test/auto/IterateOverArray3.xml
17 ms. Memory: 162816K Free: 81827K (50%)
----------------- Invoking toplevel() on ptolemy.moml.MoMLSimpleApplication@4ee2aaf5
----------------- Done invoking toplevel() on ptolemy.moml.MoMLSimpleApplication@4ee2aaf5
reloadAllAccessors: .IterateOverArray3

===========================================================================================
----------------- testing Wed Jul 10 22:31:36 UTC 2019 /home/travis/build/icyphy/ptII/ptolemy/actor/lib/hoc/test/auto/IterateOverArray4.xml
----------------- Instantiating /home/travis/build/icyphy/ptII/ptolemy/actor/lib/hoc/test/auto/IterateOverArray4.xml
4 ms. Memory: 162816K Free: 78241K (48%)
----------------- Invoking toplevel() on ptolemy.moml.MoMLSimpleApplication@189eea18
----------------- Done invoking toplevel() on ptolemy.moml.MoMLSimpleApplication@189eea18
reloadAllAccessors: .IterateOverArray4

===========================================================================================
----------------- testing Wed Jul 10 22:31:36 UTC 2019 /home/travis/build/icyphy/ptII/ptolemy/actor/lib/hoc/test/auto/IterateOverArray5.xml
----------------- Instantiating /home/travis/build/icyphy/ptII/ptolemy/actor/lib/hoc/test/auto/IterateOverArray5.xml
4 ms. Memory: 162816K Free: 74145K (46%)
----------------- Invoking toplevel() on ptolemy.moml.MoMLSimpleApplication@3be952d9
----------------- Done invoking toplevel() on ptolemy.moml.MoMLSimpleApplication@3be952d9
reloadAllAccessors: .IterateOverArray5

===========================================================================================
----------------- testing Wed Jul 10 22:31:36 UTC 2019 /home/travis/build/icyphy/ptII/ptolemy/actor/lib/hoc/test/auto/IterateOverArray6.xml
----------------- Instantiating /home/travis/build/icyphy/ptII/ptolemy/actor/lib/hoc/test/auto/IterateOverArray6.xml
3 ms. Memory: 162816K Free: 70563K (43%)
----------------- Invoking toplevel() on ptolemy.moml.MoMLSimpleApplication@6458339c
----------------- Done invoking toplevel() on ptolemy.moml.MoMLSimpleApplication@6458339c
reloadAllAccessors: .IterateOverArray6

===========================================================================================
----------------- testing Wed Jul 10 22:31:36 UTC 2019 /home/travis/build/icyphy/ptII/ptolemy/actor/lib/hoc/test/auto/IterateOverArray7.xml
----------------- Instantiating /home/travis/build/icyphy/ptII/ptolemy/actor/lib/hoc/test/auto/IterateOverArray7.xml
5 ms. Memory: 162816K Free: 65953K (41%)
----------------- Invoking toplevel() on ptolemy.moml.MoMLSimpleApplication@150dc98d
----------------- Done invoking toplevel() on ptolemy.moml.MoMLSimpleApplication@150dc98d
reloadAllAccessors: .IterateOverArray7

===========================================================================================
----------------- testing Wed Jul 10 22:31:36 UTC 2019 /home/travis/build/icyphy/ptII/ptolemy/actor/lib/hoc/test/auto/IterateOverArray8.xml
----------------- Instantiating /home/travis/build/icyphy/ptII/ptolemy/actor/lib/hoc/test/auto/IterateOverArray8.xml
4 ms. Memory: 162816K Free: 62371K (38%)
----------------- Invoking toplevel() on ptolemy.moml.MoMLSimpleApplication@5f0c22d5
----------------- Done invoking toplevel() on ptolemy.moml.MoMLSimpleApplication@5f0c22d5
reloadAllAccessors: .IterateOverArray8

===========================================================================================
----------------- testing Wed Jul 10 22:31:36 UTC 2019 /home/travis/build/icyphy/ptII/ptolemy/actor/lib/hoc/test/auto/IterateOverArray9.xml
----------------- Instantiating /home/travis/build/icyphy/ptII/ptolemy/actor/lib/hoc/test/auto/IterateOverArray9.xml
7 ms. Memory: 162816K Free: 58275K (36%)
----------------- Invoking toplevel() on ptolemy.moml.MoMLSimpleApplication@1f2eb68e
----------------- Done invoking toplevel() on ptolemy.moml.MoMLSimpleApplication@1f2eb68e
reloadAllAccessors: .IterateOverArray9

===========================================================================================
----------------- testing Wed Jul 10 22:31:36 UTC 2019 /home/travis/build/icyphy/ptII/ptolemy/actor/lib/hoc/test/auto/IterateOverArrayCoercedOutputType.xml
----------------- Instantiating /home/travis/build/icyphy/ptII/ptolemy/actor/lib/hoc/test/auto/IterateOverArrayCoercedOutputType.xml
5 ms. Memory: 162816K Free: 53155K (33%)
----------------- Invoking toplevel() on ptolemy.moml.MoMLSimpleApplication@17edde73
----------------- Done invoking toplevel() on ptolemy.moml.MoMLSimpleApplication@17edde73
reloadAllAccessors: .IterateOverArrayCoercedOutputType

===========================================================================================
----------------- testing Wed Jul 10 22:31:37 UTC 2019 /home/travis/build/icyphy/ptII/ptolemy/actor/lib/hoc/test/auto/IterateOverArrayInferredOutputType.xml
----------------- Instantiating /home/travis/build/icyphy/ptII/ptolemy/actor/lib/hoc/test/auto/IterateOverArrayInferredOutputType.xml
13 ms. Memory: 211968K Free: 192555K (91%)
----------------- Invoking toplevel() on ptolemy.moml.MoMLSimpleApplication@620de2fb
----------------- Done invoking toplevel() on ptolemy.moml.MoMLSimpleApplication@620de2fb
reloadAllAccessors: .IterateOverArrayInferredOutputType

===========================================================================================
----------------- testing Wed Jul 10 22:31:37 UTC 2019 /home/travis/build/icyphy/ptII/ptolemy/actor/lib/hoc/test/auto/MobileFunctionTest.xml
----------------- Instantiating /home/travis/build/icyphy/ptII/ptolemy/actor/lib/hoc/test/auto/MobileFunctionTest.xml
5 ms. Memory: 211968K Free: 188429K (89%)
----------------- Invoking toplevel() on ptolemy.moml.MoMLSimpleApplication@564292f7
----------------- Done invoking toplevel() on ptolemy.moml.MoMLSimpleApplication@564292f7
reloadAllAccessors: .MobileFunctionTest

===========================================================================================
----------------- testing Wed Jul 10 22:31:37 UTC 2019 /home/travis/build/icyphy/ptII/ptolemy/actor/lib/hoc/test/auto/MobileModelTest.xml
----------------- Instantiating /home/travis/build/icyphy/ptII/ptolemy/actor/lib/hoc/test/auto/MobileModelTest.xml
145 ms. Memory: 211968K Free: 166955K (79%)
----------------- Invoking toplevel() on ptolemy.moml.MoMLSimpleApplication@2688f235
----------------- Done invoking toplevel() on ptolemy.moml.MoMLSimpleApplication@2688f235
reloadAllAccessors: .MobileModelTest

===========================================================================================
----------------- testing Wed Jul 10 22:31:37 UTC 2019 /home/travis/build/icyphy/ptII/ptolemy/actor/lib/hoc/test/auto/ModelReference.xml
----------------- Instantiating /home/travis/build/icyphy/ptII/ptolemy/actor/lib/hoc/test/auto/ModelReference.xml
3 ms. Memory: 211968K Free: 160301K (76%)
3 ms. Memory: 211968K Free: 159757K (75%)
2 ms. Memory: 211968K Free: 158749K (75%)
2 ms. Memory: 211968K Free: 157725K (74%)
1 ms. Memory: 211968K Free: 157229K (74%)
2 ms. Memory: 211968K Free: 156205K (74%)
1 ms. Memory: 211968K Free: 155677K (73%)
2 ms. Memory: 211968K Free: 154653K (73%)
3 ms. Memory: 211968K Free: 153629K (72%)
5 ms. Memory: 211968K Free: 153133K (72%)
36 ms. Memory: 211968K Free: 153133K (72%)
----------------- Invoking toplevel() on ptolemy.moml.MoMLSimpleApplication@5c9ffe8
----------------- Done invoking toplevel() on ptolemy.moml.MoMLSimpleApplication@5c9ffe8
reloadAllAccessors: .ModelReference

===========================================================================================
----------------- testing Wed Jul 10 22:31:37 UTC 2019 /home/travis/build/icyphy/ptII/ptolemy/actor/lib/hoc/test/auto/ModelReference3.xml
----------------- Instantiating /home/travis/build/icyphy/ptII/ptolemy/actor/lib/hoc/test/auto/ModelReference3.xml
2 ms. Memory: 211968K Free: 148013K (70%)
4 ms. Memory: 211968K Free: 147469K (70%)
1 ms. Memory: 211968K Free: 146475K (69%)
3 ms. Memory: 211968K Free: 145965K (69%)
2 ms. Memory: 211968K Free: 144941K (68%)
2 ms. Memory: 211968K Free: 143917K (68%)
3 ms. Memory: 211968K Free: 143389K (68%)
4 ms. Memory: 211968K Free: 142379K (67%)
2 ms. Memory: 211968K Free: 141869K (67%)
1 ms. Memory: 211968K Free: 140845K (66%)
32 ms. Memory: 211968K Free: 140845K (66%)
----------------- Invoking toplevel() on ptolemy.moml.MoMLSimpleApplication@215f7c88
----------------- Done invoking toplevel() on ptolemy.moml.MoMLSimpleApplication@215f7c88
reloadAllAccessors: .ModelReference3

===========================================================================================
----------------- testing Wed Jul 10 22:31:37 UTC 2019 /home/travis/build/icyphy/ptII/ptolemy/actor/lib/hoc/test/auto/ModelReference4.xml
----------------- Instantiating /home/travis/build/icyphy/ptII/ptolemy/actor/lib/hoc/test/auto/ModelReference4.xml
2 ms. Memory: 211968K Free: 136221K (64%)
2 ms. Memory: 211968K Free: 134701K (64%)
2 ms. Memory: 211968K Free: 133677K (63%)
2 ms. Memory: 211968K Free: 132133K (62%)
2 ms. Memory: 211968K Free: 131101K (62%)
3 ms. Memory: 211968K Free: 130085K (61%)
3 ms. Memory: 211968K Free: 128557K (61%)
2 ms. Memory: 211968K Free: 127533K (60%)
3 ms. Memory: 211968K Free: 125989K (59%)
2 ms. Memory: 211968K Free: 124957K (59%)
10018 ms. Memory: 211968K Free: 124957K (59%)
----------------- Invoking toplevel() on ptolemy.moml.MoMLSimpleApplication@e8a573
----------------- Done invoking toplevel() on ptolemy.moml.MoMLSimpleApplication@e8a573
reloadAllAccessors: .ModelReference4

===========================================================================================
----------------- testing Wed Jul 10 22:31:47 UTC 2019 /home/travis/build/icyphy/ptII/ptolemy/actor/lib/hoc/test/auto/MultiInstanceComposite.xml
----------------- Instantiating /home/travis/build/icyphy/ptII/ptolemy/actor/lib/hoc/test/auto/MultiInstanceComposite.xml
30 ms. Memory: 211968K Free: 106029K (50%)
----------------- Invoking toplevel() on ptolemy.moml.MoMLSimpleApplication@5b3a538c
----------------- Done invoking toplevel() on ptolemy.moml.MoMLSimpleApplication@5b3a538c
reloadAllAccessors: .MultiInstanceComposite

===========================================================================================
----------------- testing Wed Jul 10 22:31:47 UTC 2019 /home/travis/build/icyphy/ptII/ptolemy/actor/lib/hoc/test/auto/MultiInstanceComposite2.xml
----------------- Instantiating /home/travis/build/icyphy/ptII/ptolemy/actor/lib/hoc/test/auto/MultiInstanceComposite2.xml
14 ms. Memory: 211968K Free: 94765K (45%)
----------------- Invoking toplevel() on ptolemy.moml.MoMLSimpleApplication@746f5394
----------------- Done invoking toplevel() on ptolemy.moml.MoMLSimpleApplication@746f5394
reloadAllAccessors: .MultiInstanceComposite2

===========================================================================================
----------------- testing Wed Jul 10 22:31:47 UTC 2019 /home/travis/build/icyphy/ptII/ptolemy/actor/lib/hoc/test/auto/MulticoreExecution.xml
----------------- Instantiating /home/travis/build/icyphy/ptII/ptolemy/actor/lib/hoc/test/auto/MulticoreExecution.xml
Fired ExecutionTime: 2400000
Fired ExecutionTime: 3200000
Fired ExecutionTime: 3600000
Fired ExecutionTime: 3200000
Fired ExecutionTime: 2000000
Fired ExecutionTime: 4000000
Fired ExecutionTime: 2400000
Fired ExecutionTime: 4000000
Fired ExecutionTime: 2400000
Fired ExecutionTime: 2800000
Fired ExecutionTime: 50800000
Fired ExecutionTime: 48400000
Fired ExecutionTime: 48800000
Fired ExecutionTime: 51600000
Fired ExecutionTime: 46400000
Fired ExecutionTime: 76400000
Fired ExecutionTime: 77200000
Fired ExecutionTime: 91200000
Fired ExecutionTime: 90800000
Fired ExecutionTime: 90400000
1104 ms. Memory: 211968K Free: 85549K (40%)
----------------- Invoking toplevel() on ptolemy.moml.MoMLSimpleApplication@2de6c61b
----------------- Done invoking toplevel() on ptolemy.moml.MoMLSimpleApplication@2de6c61b
reloadAllAccessors: .MulticoreExecution

===========================================================================================
----------------- testing Wed Jul 10 22:31:48 UTC 2019 /home/travis/build/icyphy/ptII/ptolemy/actor/lib/hoc/test/auto/ParallelExecution.xml
----------------- Instantiating /home/travis/build/icyphy/ptII/ptolemy/actor/lib/hoc/test/auto/ParallelExecution.xml
919 ms. Memory: 211968K Free: 193198K (91%)
----------------- Invoking toplevel() on ptolemy.moml.MoMLSimpleApplication@dfb16e3
----------------- Done invoking toplevel() on ptolemy.moml.MoMLSimpleApplication@dfb16e3
reloadAllAccessors: .ParallelExecution

===========================================================================================
----------------- testing Wed Jul 10 22:31:49 UTC 2019 /home/travis/build/icyphy/ptII/ptolemy/actor/lib/hoc/test/auto/RunCompositeActor.xml
----------------- Instantiating /home/travis/build/icyphy/ptII/ptolemy/actor/lib/hoc/test/auto/RunCompositeActor.xml
8 ms. Memory: 211968K Free: 186000K (88%)
----------------- Invoking toplevel() on ptolemy.moml.MoMLSimpleApplication@277c2ec1
----------------- Done invoking toplevel() on ptolemy.moml.MoMLSimpleApplication@277c2ec1
reloadAllAccessors: .RunCompositeActor

===========================================================================================
----------------- testing Wed Jul 10 22:31:49 UTC 2019 /home/travis/build/icyphy/ptII/ptolemy/actor/lib/hoc/test/auto/RunCompositeActor2.xml
----------------- Instantiating /home/travis/build/icyphy/ptII/ptolemy/actor/lib/hoc/test/auto/RunCompositeActor2.xml
8 ms. Memory: 211968K Free: 179872K (85%)
----------------- Invoking toplevel() on ptolemy.moml.MoMLSimpleApplication@254ef5cc
----------------- Done invoking toplevel() on ptolemy.moml.MoMLSimpleApplication@254ef5cc
reloadAllAccessors: .RunCompositeActor2

===========================================================================================
----------------- testing Wed Jul 10 22:31:49 UTC 2019 /home/travis/build/icyphy/ptII/ptolemy/actor/lib/hoc/test/auto/RunCompositeActor3.xml
----------------- Instantiating /home/travis/build/icyphy/ptII/ptolemy/actor/lib/hoc/test/auto/RunCompositeActor3.xml
3 ms. Memory: 211968K Free: 174256K (82%)
----------------- Invoking toplevel() on ptolemy.moml.MoMLSimpleApplication@2e008b4d
----------------- Done invoking toplevel() on ptolemy.moml.MoMLSimpleApplication@2e008b4d
reloadAllAccessors: .RunCompositeActor3

===========================================================================================
----------------- testing Wed Jul 10 22:31:49 UTC 2019 /home/travis/build/icyphy/ptII/ptolemy/actor/lib/hoc/test/auto/RunCompositeActor4.xml
----------------- Instantiating /home/travis/build/icyphy/ptII/ptolemy/actor/lib/hoc/test/auto/RunCompositeActor4.xml
13 ms. Memory: 211968K Free: 166064K (78%)
----------------- Invoking toplevel() on ptolemy.moml.MoMLSimpleApplication@5ed3f718
----------------- Done invoking toplevel() on ptolemy.moml.MoMLSimpleApplication@5ed3f718
reloadAllAccessors: .RunCompositeActor4

===========================================================================================
----------------- testing Wed Jul 10 22:31:49 UTC 2019 /home/travis/build/icyphy/ptII/ptolemy/actor/lib/hoc/test/auto/RunCompositeIterateOverArray.xml
----------------- Instantiating /home/travis/build/icyphy/ptII/ptolemy/actor/lib/hoc/test/auto/RunCompositeIterateOverArray.xml
9 ms. Memory: 211968K Free: 159920K (75%)
----------------- Invoking toplevel() on ptolemy.moml.MoMLSimpleApplication@759fef97
----------------- Done invoking toplevel() on ptolemy.moml.MoMLSimpleApplication@759fef97
reloadAllAccessors: .RunCompositeIterateOverArray

===========================================================================================
----------------- testing Wed Jul 10 22:31:49 UTC 2019 /home/travis/build/icyphy/ptII/ptolemy/actor/lib/hoc/test/auto/ThreadedJS.xml
----------------- Instantiating /home/travis/build/icyphy/ptII/ptolemy/actor/lib/hoc/test/auto/ThreadedJS.xml
5899 ms. Memory: 306176K Free: 153088K (50%)
----------------- Invoking toplevel() on ptolemy.moml.MoMLSimpleApplication@24f0f2b4
----------------- Done invoking toplevel() on ptolemy.moml.MoMLSimpleApplication@24f0f2b4
reloadAllAccessors: .ThreadedJS
AutoTests.java: About to close Vertx.
AutoTests.java: Vertx closed.
]]></system-out>
  <system-err><![CDATA[java.lang.RuntimeException: Execution failed
	at ptolemy.moml.MoMLSimpleApplication$UnloadThread.run(MoMLSimpleApplication.java:402)
Caused by: ptolemy.kernel.util.IllegalActionException: initialize() was called after wrapup() was called but preinitialize() was not called after wrapup().
	at ptolemy.actor.lib.hoc.test.PreinitializeMustBeInvoked.initialize(PreinitializeMustBeInvoked.java:78)
	at ptolemy.actor.Director.initialize(Director.java:938)
	at ptolemy.actor.Director.initialize(Director.java:907)
	at ptolemy.actor.sched.StaticSchedulingDirector.initialize(StaticSchedulingDirector.java:159)
	at ptolemy.domains.sdf.kernel.SDFDirector.initialize(SDFDirector.java:544)
	at ptolemy.actor.CompositeActor.initialize(CompositeActor.java:935)
	at ptolemy.actor.lib.hoc.LifeCycleManager._executeInsideModel(LifeCycleManager.java:339)
	at ptolemy.actor.lib.hoc.RunCompositeActor.fire(RunCompositeActor.java:205)
	at ptolemy.actor.CompositeActor.iterate(CompositeActor.java:1146)
	at ptolemy.actor.sched.StaticSchedulingDirector.fire(StaticSchedulingDirector.java:216)
	at ptolemy.domains.sdf.kernel.SDFDirector.fire(SDFDirector.java:500)
	at ptolemy.actor.CompositeActor.fire(CompositeActor.java:455)
	at ptolemy.actor.Manager.iterate(Manager.java:851)
	at ptolemy.actor.Manager.execute(Manager.java:369)
	at ptolemy.actor.Manager.run(Manager.java:1263)
	at ptolemy.actor.Manager$PtolemyRunThread.run(Manager.java:1915)
java.lang.reflect.InvocationTargetException
	at java.base/jdk.internal.reflect.NativeConstructorAccessorImpl.newInstance0(Native Method)
	at java.base/jdk.internal.reflect.NativeConstructorAccessorImpl.newInstance(NativeConstructorAccessorImpl.java:62)
	at java.base/jdk.internal.reflect.DelegatingConstructorAccessorImpl.newInstance(DelegatingConstructorAccessorImpl.java:45)
	at java.base/java.lang.reflect.Constructor.newInstance(Constructor.java:488)
	at ptolemy.util.test.junit.AutoKnownFailedTests.RunModel(AutoKnownFailedTests.java:105)
	at java.base/jdk.internal.reflect.NativeMethodAccessorImpl.invoke0(Native Method)
	at java.base/jdk.internal.reflect.NativeMethodAccessorImpl.invoke(NativeMethodAccessorImpl.java:62)
	at java.base/jdk.internal.reflect.DelegatingMethodAccessorImpl.invoke(DelegatingMethodAccessorImpl.java:43)
	at java.base/java.lang.reflect.Method.invoke(Method.java:564)
	at org.junit.runners.model.FrameworkMethod$1.runReflectiveCall(FrameworkMethod.java:44)
	at org.junit.internal.runners.model.ReflectiveCallable.run(ReflectiveCallable.java:15)
	at org.junit.runners.model.FrameworkMethod.invokeExplosively(FrameworkMethod.java:41)
	at junitparams.internal.InvokeParameterisedMethod.evaluate(InvokeParameterisedMethod.java:102)
	at org.junit.internal.runners.statements.FailOnTimeout$1.run(FailOnTimeout.java:28)
Caused by: ptolemy.kernel.util.IllegalActionException: initialize() was called after wrapup() was called but preinitialize() was not called after wrapup().
	at ptolemy.actor.lib.hoc.test.PreinitializeMustBeInvoked.initialize(PreinitializeMustBeInvoked.java:78)
	at ptolemy.actor.Director.initialize(Director.java:938)
	at ptolemy.actor.Director.initialize(Director.java:907)
	at ptolemy.actor.sched.StaticSchedulingDirector.initialize(StaticSchedulingDirector.java:159)
	at ptolemy.domains.sdf.kernel.SDFDirector.initialize(SDFDirector.java:544)
	at ptolemy.actor.CompositeActor.initialize(CompositeActor.java:935)
	at ptolemy.actor.lib.hoc.LifeCycleManager._executeInsideModel(LifeCycleManager.java:339)
	at ptolemy.actor.lib.hoc.RunCompositeActor.fire(RunCompositeActor.java:205)
	at ptolemy.actor.CompositeActor.iterate(CompositeActor.java:1146)
	at ptolemy.actor.sched.StaticSchedulingDirector.fire(StaticSchedulingDirector.java:216)
	at ptolemy.domains.sdf.kernel.SDFDirector.fire(SDFDirector.java:500)
	at ptolemy.actor.CompositeActor.fire(CompositeActor.java:455)
	at ptolemy.actor.Manager.iterate(Manager.java:851)
	at ptolemy.actor.Manager.execute(Manager.java:369)
	at ptolemy.actor.Manager.run(Manager.java:1263)
	at ptolemy.actor.Manager$PtolemyRunThread.run(Manager.java:1915)
]]></system-err>
</testsuite>
