<?xml version="1.0" encoding="UTF-8" ?>
<testsuite errors="0" failures="0" hostname="travis-job-5f914b54-3c5d-4ae6-afdb-be2e1fc72b6e" name="ptolemy.domains.continuous.test.junit.JUnitTclTest" skipped="0" tests="156" time="84.366" timestamp="2019-12-02T06:20:38">
  <properties>
[...]
</properties>
  <testcase classname="ptolemy.util.test.junit.TclTests" name="[0] ThereAreNoTclTests (RunTclFile)" time="0.009" />
  <testcase classname="ptolemy.util.test.junit.AutoKnownFailedTests" name="[0] ThereAreNoKnowFailedTests (RunModel)" time="0.006" />
  <testcase classname="ptolemy.util.test.junit.AutoNameArchTests" name="[0] ThereAreNoAutoArchTests (RunModel)" time="0.011" />
  <testcase classname="ptolemy.util.test.junit.AutoTests" name="[0] /home/travis/build/icyphy/ptII/ptolemy/domains/continuous/test/auto/BouncingBall.xml (RunModel)" time="3.254" />
  <testcase classname="ptolemy.util.test.junit.AutoTests" name="[1] /home/travis/build/icyphy/ptII/ptolemy/domains/continuous/test/auto/BouncingBallWithoutGR.xml (RunModel)" time="1.079" />
  <testcase classname="ptolemy.util.test.junit.AutoTests" name="[2] /home/travis/build/icyphy/ptII/ptolemy/domains/continuous/test/auto/Brownian.xml (RunModel)" time="0.119" />
  <testcase classname="ptolemy.util.test.junit.AutoTests" name="[3] /home/travis/build/icyphy/ptII/ptolemy/domains/continuous/test/auto/CarTracking.xml (RunModel)" time="4.447" />
  <testcase classname="ptolemy.util.test.junit.AutoTests" name="[4] /home/travis/build/icyphy/ptII/ptolemy/domains/continuous/test/auto/CartPendulum.xml (RunModel)" time="0.627" />
  <testcase classname="ptolemy.util.test.junit.AutoTests" name="[5] /home/travis/build/icyphy/ptII/ptolemy/domains/continuous/test/auto/CausalityInterface10.xml (RunModel)" time="0.061" />
  <testcase classname="ptolemy.util.test.junit.AutoTests" name="[6] /home/travis/build/icyphy/ptII/ptolemy/domains/continuous/test/auto/CausalityInterface11.xml (RunModel)" time="0.037" />
  <testcase classname="ptolemy.util.test.junit.AutoTests" name="[7] /home/travis/build/icyphy/ptII/ptolemy/domains/continuous/test/auto/CausalityInterface12.xml (RunModel)" time="0.042" />
  <testcase classname="ptolemy.util.test.junit.AutoTests" name="[8] /home/travis/build/icyphy/ptII/ptolemy/domains/continuous/test/auto/CausalityInterface13.xml (RunModel)" time="0.051" />
  <testcase classname="ptolemy.util.test.junit.AutoTests" name="[9] /home/travis/build/icyphy/ptII/ptolemy/domains/continuous/test/auto/CausalityInterface14.xml (RunModel)" time="0.024" />
  <testcase classname="ptolemy.util.test.junit.AutoTests" name="[10] /home/travis/build/icyphy/ptII/ptolemy/domains/continuous/test/auto/CausalityInterface4.xml (RunModel)" time="0.024" />
  <testcase classname="ptolemy.util.test.junit.AutoTests" name="[11] /home/travis/build/icyphy/ptII/ptolemy/domains/continuous/test/auto/CausalityInterface5.xml (RunModel)" time="0.052" />
  <testcase classname="ptolemy.util.test.junit.AutoTests" name="[12] /home/travis/build/icyphy/ptII/ptolemy/domains/continuous/test/auto/CausalityInterface6.xml (RunModel)" time="0.023" />
  <testcase classname="ptolemy.util.test.junit.AutoTests" name="[13] /home/travis/build/icyphy/ptII/ptolemy/domains/continuous/test/auto/CausalityInterface7.xml (RunModel)" time="0.04" />
  <testcase classname="ptolemy.util.test.junit.AutoTests" name="[14] /home/travis/build/icyphy/ptII/ptolemy/domains/continuous/test/auto/CausalityInterface8.xml (RunModel)" time="0.043" />
  <testcase classname="ptolemy.util.test.junit.AutoTests" name="[15] /home/travis/build/icyphy/ptII/ptolemy/domains/continuous/test/auto/CausalityInterface9.xml (RunModel)" time="0.043" />
  <testcase classname="ptolemy.util.test.junit.AutoTests" name="[16] /home/travis/build/icyphy/ptII/ptolemy/domains/continuous/test/auto/CausalityInterfaceFeedback1.xml (RunModel)" time="0.041" />
  <testcase classname="ptolemy.util.test.junit.AutoTests" name="[17] /home/travis/build/icyphy/ptII/ptolemy/domains/continuous/test/auto/CausalityInterfaceFeedback2.xml (RunModel)" time="0.039" />
  <testcase classname="ptolemy.util.test.junit.AutoTests" name="[18] /home/travis/build/icyphy/ptII/ptolemy/domains/continuous/test/auto/CompareWithCurrentTime.xml (RunModel)" time="0.023" />
  <testcase classname="ptolemy.util.test.junit.AutoTests" name="[19] /home/travis/build/icyphy/ptII/ptolemy/domains/continuous/test/auto/ComparedClocks.xml (RunModel)" time="0.082" />
  <testcase classname="ptolemy.util.test.junit.AutoTests" name="[20] /home/travis/build/icyphy/ptII/ptolemy/domains/continuous/test/auto/ContinuousAOCClone.xml (RunModel)" time="3.17" />
  <testcase classname="ptolemy.util.test.junit.AutoTests" name="[21] /home/travis/build/icyphy/ptII/ptolemy/domains/continuous/test/auto/ContinuousClock.xml (RunModel)" time="0.1" />
  <testcase classname="ptolemy.util.test.junit.AutoTests" name="[22] /home/travis/build/icyphy/ptII/ptolemy/domains/continuous/test/auto/ContinuousInContinuous.xml (RunModel)" time="0.095" />
  <testcase classname="ptolemy.util.test.junit.AutoTests" name="[23] /home/travis/build/icyphy/ptII/ptolemy/domains/continuous/test/auto/ContinuousInContinuousInContinuous.xml (RunModel)" time="0.027" />
  <testcase classname="ptolemy.util.test.junit.AutoTests" name="[24] /home/travis/build/icyphy/ptII/ptolemy/domains/continuous/test/auto/ContinuousInDE.xml (RunModel)" time="0.131" />
  <testcase classname="ptolemy.util.test.junit.AutoTests" name="[25] /home/travis/build/icyphy/ptII/ptolemy/domains/continuous/test/auto/ContinuousInDE2.xml (RunModel)" time="0.058" />
  <testcase classname="ptolemy.util.test.junit.AutoTests" name="[26] /home/travis/build/icyphy/ptII/ptolemy/domains/continuous/test/auto/ContinuousInDE3.xml (RunModel)" time="0.065" />
  <testcase classname="ptolemy.util.test.junit.AutoTests" name="[27] /home/travis/build/icyphy/ptII/ptolemy/domains/continuous/test/auto/ContinuousInDE4.xml (RunModel)" time="0.041" />
  <testcase classname="ptolemy.util.test.junit.AutoTests" name="[28] /home/travis/build/icyphy/ptII/ptolemy/domains/continuous/test/auto/ContinuousInDEDifferentRefinements.xml (RunModel)" time="0.125" />
  <testcase classname="ptolemy.util.test.junit.AutoTests" name="[29] /home/travis/build/icyphy/ptII/ptolemy/domains/continuous/test/auto/ContinuousInDEDifferentRefinementsPreemptive.xml (RunModel)" time="0.096" />
  <testcase classname="ptolemy.util.test.junit.AutoTests" name="[30] /home/travis/build/icyphy/ptII/ptolemy/domains/continuous/test/auto/ContinuousInDEInContinuous2.xml (RunModel)" time="0.072" />
  <testcase classname="ptolemy.util.test.junit.AutoTests" name="[31] /home/travis/build/icyphy/ptII/ptolemy/domains/continuous/test/auto/ContinuousInDEInContinuous3.xml (RunModel)" time="0.065" />
  <testcase classname="ptolemy.util.test.junit.AutoTests" name="[32] /home/travis/build/icyphy/ptII/ptolemy/domains/continuous/test/auto/ContinuousInDEInput.xml (RunModel)" time="0.041" />
  <testcase classname="ptolemy.util.test.junit.AutoTests" name="[33] /home/travis/build/icyphy/ptII/ptolemy/domains/continuous/test/auto/ContinuousInDEInput2.xml (RunModel)" time="0.044" />
  <testcase classname="ptolemy.util.test.junit.AutoTests" name="[34] /home/travis/build/icyphy/ptII/ptolemy/domains/continuous/test/auto/ContinuousInDEInput3.xml (RunModel)" time="0.039" />
  <testcase classname="ptolemy.util.test.junit.AutoTests" name="[35] /home/travis/build/icyphy/ptII/ptolemy/domains/continuous/test/auto/ContinuousInDESharingRefinement.xml (RunModel)" time="0.229" />
  <testcase classname="ptolemy.util.test.junit.AutoTests" name="[36] /home/travis/build/icyphy/ptII/ptolemy/domains/continuous/test/auto/ContinuousInDEwithNoPorts.xml (RunModel)" time="0.019" />
  <testcase classname="ptolemy.util.test.junit.AutoTests" name="[37] /home/travis/build/icyphy/ptII/ptolemy/domains/continuous/test/auto/ContinuousInsideDE.xml (RunModel)" time="0.097" />
  <testcase classname="ptolemy.util.test.junit.AutoTests" name="[38] /home/travis/build/icyphy/ptII/ptolemy/domains/continuous/test/auto/ContinuousMerge1.xml (RunModel)" time="0.02" />
  <testcase classname="ptolemy.util.test.junit.AutoTests" name="[39] /home/travis/build/icyphy/ptII/ptolemy/domains/continuous/test/auto/ContinuousMerge2.xml (RunModel)" time="0.042" />
  <testcase classname="ptolemy.util.test.junit.AutoTests" name="[40] /home/travis/build/icyphy/ptII/ptolemy/domains/continuous/test/auto/ContinuousMerge3.xml (RunModel)" time="0.078" />
  <testcase classname="ptolemy.util.test.junit.AutoTests" name="[41] /home/travis/build/icyphy/ptII/ptolemy/domains/continuous/test/auto/ContinuousWithinContinuous.xml (RunModel)" time="0.069" />
  <testcase classname="ptolemy.util.test.junit.AutoTests" name="[42] /home/travis/build/icyphy/ptII/ptolemy/domains/continuous/test/auto/ContinuousWithinContinuous2.xml (RunModel)" time="0.106" />
  <testcase classname="ptolemy.util.test.junit.AutoTests" name="[43] /home/travis/build/icyphy/ptII/ptolemy/domains/continuous/test/auto/ContinuousWithinContinuous3.xml (RunModel)" time="0.043" />
  <testcase classname="ptolemy.util.test.junit.AutoTests" name="[44] /home/travis/build/icyphy/ptII/ptolemy/domains/continuous/test/auto/ContinuousWithinContinuous4.xml (RunModel)" time="0.113" />
  <testcase classname="ptolemy.util.test.junit.AutoTests" name="[45] /home/travis/build/icyphy/ptII/ptolemy/domains/continuous/test/auto/ContinuousWithinContinuous5.xml (RunModel)" time="0.04" />
  <testcase classname="ptolemy.util.test.junit.AutoTests" name="[46] /home/travis/build/icyphy/ptII/ptolemy/domains/continuous/test/auto/ContinuousWithinContinuous6.xml (RunModel)" time="0.034" />
  <testcase classname="ptolemy.util.test.junit.AutoTests" name="[47] /home/travis/build/icyphy/ptII/ptolemy/domains/continuous/test/auto/ContinuousWithinContinuous7.xml (RunModel)" time="0.083" />
  <testcase classname="ptolemy.util.test.junit.AutoTests" name="[48] /home/travis/build/icyphy/ptII/ptolemy/domains/continuous/test/auto/DCMotor.xml (RunModel)" time="17.318" />
  <testcase classname="ptolemy.util.test.junit.AutoTests" name="[49] /home/travis/build/icyphy/ptII/ptolemy/domains/continuous/test/auto/DEInContinuous.xml (RunModel)" time="0.022" />
  <testcase classname="ptolemy.util.test.junit.AutoTests" name="[50] /home/travis/build/icyphy/ptII/ptolemy/domains/continuous/test/auto/DEinContinuous2.xml (RunModel)" time="0.022" />
  <testcase classname="ptolemy.util.test.junit.AutoTests" name="[51] /home/travis/build/icyphy/ptII/ptolemy/domains/continuous/test/auto/Derivative.xml (RunModel)" time="0.187" />
  <testcase classname="ptolemy.util.test.junit.AutoTests" name="[52] /home/travis/build/icyphy/ptII/ptolemy/domains/continuous/test/auto/Derivative1.xml (RunModel)" time="0.035" />
  <testcase classname="ptolemy.util.test.junit.AutoTests" name="[53] /home/travis/build/icyphy/ptII/ptolemy/domains/continuous/test/auto/DiscreteClock.xml (RunModel)" time="0.012" />
  <testcase classname="ptolemy.util.test.junit.AutoTests" name="[54] /home/travis/build/icyphy/ptII/ptolemy/domains/continuous/test/auto/EfficiencyCurve.xml (RunModel)" time="0.064" />
  <testcase classname="ptolemy.util.test.junit.AutoTests" name="[55] /home/travis/build/icyphy/ptII/ptolemy/domains/continuous/test/auto/ExponentialResponse.xml (RunModel)" time="0.13" />
  <testcase classname="ptolemy.util.test.junit.AutoTests" name="[56] /home/travis/build/icyphy/ptII/ptolemy/domains/continuous/test/auto/ExponentialResponseRK45.xml (RunModel)" time="0.036" />
  <testcase classname="ptolemy.util.test.junit.AutoTests" name="[57] /home/travis/build/icyphy/ptII/ptolemy/domains/continuous/test/auto/Friction.xml (RunModel)" time="1.677" />
  <testcase classname="ptolemy.util.test.junit.AutoTests" name="[58] /home/travis/build/icyphy/ptII/ptolemy/domains/continuous/test/auto/FurutaPendulum.xml (RunModel)" time="3.915" />
  <testcase classname="ptolemy.util.test.junit.AutoTests" name="[59] /home/travis/build/icyphy/ptII/ptolemy/domains/continuous/test/auto/HierarchicalExecution.xml (RunModel)" time="2.939" />
  <testcase classname="ptolemy.util.test.junit.AutoTests" name="[60] /home/travis/build/icyphy/ptII/ptolemy/domains/continuous/test/auto/HybridPlant.xml (RunModel)" time="0.606" />
  <testcase classname="ptolemy.util.test.junit.AutoTests" name="[61] /home/travis/build/icyphy/ptII/ptolemy/domains/continuous/test/auto/Hysteresis.xml (RunModel)" time="0.194" />
  <testcase classname="ptolemy.util.test.junit.AutoTests" name="[62] /home/travis/build/icyphy/ptII/ptolemy/domains/continuous/test/auto/HysteresisWithRandomDelay.xml (RunModel)" time="0.238" />
  <testcase classname="ptolemy.util.test.junit.AutoTests" name="[63] /home/travis/build/icyphy/ptII/ptolemy/domains/continuous/test/auto/HysteresisWithRandomLosses.xml (RunModel)" time="2.79" />
  <testcase classname="ptolemy.util.test.junit.AutoTests" name="[64] /home/travis/build/icyphy/ptII/ptolemy/domains/continuous/test/auto/ImmediateTransitions.xml (RunModel)" time="0.033" />
  <testcase classname="ptolemy.util.test.junit.AutoTests" name="[65] /home/travis/build/icyphy/ptII/ptolemy/domains/continuous/test/auto/ImpulseFeedback.xml (RunModel)" time="0.023" />
  <testcase classname="ptolemy.util.test.junit.AutoTests" name="[66] /home/travis/build/icyphy/ptII/ptolemy/domains/continuous/test/auto/ImpulseFeedback2.xml (RunModel)" time="0.02" />
  <testcase classname="ptolemy.util.test.junit.AutoTests" name="[67] /home/travis/build/icyphy/ptII/ptolemy/domains/continuous/test/auto/IncreasingRatePoisson.xml (RunModel)" time="0.814" />
  <testcase classname="ptolemy.util.test.junit.AutoTests" name="[68] /home/travis/build/icyphy/ptII/ptolemy/domains/continuous/test/auto/InitialStateFeedback.xml (RunModel)" time="0.013" />
  <testcase classname="ptolemy.util.test.junit.AutoTests" name="[69] /home/travis/build/icyphy/ptII/ptolemy/domains/continuous/test/auto/Integration.xml (RunModel)" time="0.01" />
  <testcase classname="ptolemy.util.test.junit.AutoTests" name="[70] /home/travis/build/icyphy/ptII/ptolemy/domains/continuous/test/auto/Integration2.xml (RunModel)" time="0.094" />
  <testcase classname="ptolemy.util.test.junit.AutoTests" name="[71] /home/travis/build/icyphy/ptII/ptolemy/domains/continuous/test/auto/Integration3.xml (RunModel)" time="0.012" />
  <testcase classname="ptolemy.util.test.junit.AutoTests" name="[72] /home/travis/build/icyphy/ptII/ptolemy/domains/continuous/test/auto/Integration5.xml (RunModel)" time="0.009" />
  <testcase classname="ptolemy.util.test.junit.AutoTests" name="[73] /home/travis/build/icyphy/ptII/ptolemy/domains/continuous/test/auto/IntegratorImpulse.xml (RunModel)" time="0.009" />
  <testcase classname="ptolemy.util.test.junit.AutoTests" name="[74] /home/travis/build/icyphy/ptII/ptolemy/domains/continuous/test/auto/IntegratorImpulse2.xml (RunModel)" time="0.011" />
  <testcase classname="ptolemy.util.test.junit.AutoTests" name="[75] /home/travis/build/icyphy/ptII/ptolemy/domains/continuous/test/auto/LevelCrossing1.xml (RunModel)" time="0.013" />
  <testcase classname="ptolemy.util.test.junit.AutoTests" name="[76] /home/travis/build/icyphy/ptII/ptolemy/domains/continuous/test/auto/LevelCrossing2.xml (RunModel)" time="0.013" />
  <testcase classname="ptolemy.util.test.junit.AutoTests" name="[77] /home/travis/build/icyphy/ptII/ptolemy/domains/continuous/test/auto/LevelCrossing3.xml (RunModel)" time="0.012" />
  <testcase classname="ptolemy.util.test.junit.AutoTests" name="[78] /home/travis/build/icyphy/ptII/ptolemy/domains/continuous/test/auto/LevelCrossing4.xml (RunModel)" time="0.013" />
  <testcase classname="ptolemy.util.test.junit.AutoTests" name="[79] /home/travis/build/icyphy/ptII/ptolemy/domains/continuous/test/auto/LevelCrossing5.xml (RunModel)" time="0.013" />
  <testcase classname="ptolemy.util.test.junit.AutoTests" name="[80] /home/travis/build/icyphy/ptII/ptolemy/domains/continuous/test/auto/LevelCrossing6.xml (RunModel)" time="0.013" />
  <testcase classname="ptolemy.util.test.junit.AutoTests" name="[81] /home/travis/build/icyphy/ptII/ptolemy/domains/continuous/test/auto/LevelCrossingDetector.xml (RunModel)" time="0.037" />
  <testcase classname="ptolemy.util.test.junit.AutoTests" name="[82] /home/travis/build/icyphy/ptII/ptolemy/domains/continuous/test/auto/LevelCrossingDetectorDetectingDirections.xml (RunModel)" time="0.095" />
  <testcase classname="ptolemy.util.test.junit.AutoTests" name="[83] /home/travis/build/icyphy/ptII/ptolemy/domains/continuous/test/auto/LevelCrossingDetectorDetectsGlitches.xml (RunModel)" time="0.06" />
  <testcase classname="ptolemy.util.test.junit.AutoTests" name="[84] /home/travis/build/icyphy/ptII/ptolemy/domains/continuous/test/auto/LevelCrossingNoInitialOuput.xml (RunModel)" time="0.011" />
  <testcase classname="ptolemy.util.test.junit.AutoTests" name="[85] /home/travis/build/icyphy/ptII/ptolemy/domains/continuous/test/auto/LinearStateSpaceExample.xml (RunModel)" time="0.073" />
  <testcase classname="ptolemy.util.test.junit.AutoTests" name="[86] /home/travis/build/icyphy/ptII/ptolemy/domains/continuous/test/auto/Lorenz.xml (RunModel)" time="4.997" />
  <testcase classname="ptolemy.util.test.junit.AutoTests" name="[87] /home/travis/build/icyphy/ptII/ptolemy/domains/continuous/test/auto/LorenzDifferentialSystem.xml (RunModel)" time="1.131" />
  <testcase classname="ptolemy.util.test.junit.AutoTests" name="[88] /home/travis/build/icyphy/ptII/ptolemy/domains/continuous/test/auto/LorenzDifferentialSystemWithInput.xml (RunModel)" time="1.583" />
  <testcase classname="ptolemy.util.test.junit.AutoTests" name="[89] /home/travis/build/icyphy/ptII/ptolemy/domains/continuous/test/auto/LorenzDifferentialSystemWithTime.xml (RunModel)" time="0.882" />
  <testcase classname="ptolemy.util.test.junit.AutoTests" name="[90] /home/travis/build/icyphy/ptII/ptolemy/domains/continuous/test/auto/Microsteps.xml (RunModel)" time="0.019" />
  <testcase classname="ptolemy.util.test.junit.AutoTests" name="[91] /home/travis/build/icyphy/ptII/ptolemy/domains/continuous/test/auto/Modal1.xml (RunModel)" time="0.057" />
  <testcase classname="ptolemy.util.test.junit.AutoTests" name="[92] /home/travis/build/icyphy/ptII/ptolemy/domains/continuous/test/auto/Modal2.xml (RunModel)" time="0.072" />
  <testcase classname="ptolemy.util.test.junit.AutoTests" name="[93] /home/travis/build/icyphy/ptII/ptolemy/domains/continuous/test/auto/ModalTransitionGuardWithReset.xml (RunModel)" time="0.03" />
  <testcase classname="ptolemy.util.test.junit.AutoTests" name="[94] /home/travis/build/icyphy/ptII/ptolemy/domains/continuous/test/auto/ModalTransitionGuardWithResetUsingPreemptiveTransition.xml (RunModel)" time="0.026" />
  <testcase classname="ptolemy.util.test.junit.AutoTests" name="[95] /home/travis/build/icyphy/ptII/ptolemy/domains/continuous/test/auto/ModalTransitionGuardWithResetUsingPreemptiveTransition2.xml (RunModel)" time="0.03" />
  <testcase classname="ptolemy.util.test.junit.AutoTests" name="[96] /home/travis/build/icyphy/ptII/ptolemy/domains/continuous/test/auto/ModalTransitionGuardWithResetUsingPreemptiveTransition3.xml (RunModel)" time="0.027" />
  <testcase classname="ptolemy.util.test.junit.AutoTests" name="[97] /home/travis/build/icyphy/ptII/ptolemy/domains/continuous/test/auto/NewtonsCradle.xml (RunModel)" time="0.856" />
  <testcase classname="ptolemy.util.test.junit.AutoTests" name="[98] /home/travis/build/icyphy/ptII/ptolemy/domains/continuous/test/auto/NewtonsCradleAnimated.xml (RunModel)" time="1.377" />
  <testcase classname="ptolemy.util.test.junit.AutoTests" name="[99] /home/travis/build/icyphy/ptII/ptolemy/domains/continuous/test/auto/NewtonsCradleComplicated.xml (RunModel)" time="0.975" />
  <testcase classname="ptolemy.util.test.junit.AutoTests" name="[100] /home/travis/build/icyphy/ptII/ptolemy/domains/continuous/test/auto/NewtonsCradleNondeterministic.xml (RunModel)" time="0.765" />
  <testcase classname="ptolemy.util.test.junit.AutoTests" name="[101] /home/travis/build/icyphy/ptII/ptolemy/domains/continuous/test/auto/NewtonsCradlePerfectlyInelastic1.xml (RunModel)" time="1.264" />
  <testcase classname="ptolemy.util.test.junit.AutoTests" name="[102] /home/travis/build/icyphy/ptII/ptolemy/domains/continuous/test/auto/Noise.xml (RunModel)" time="0.207" />
  <testcase classname="ptolemy.util.test.junit.AutoTests" name="[103] /home/travis/build/icyphy/ptII/ptolemy/domains/continuous/test/auto/NoiseSpectrum.xml (RunModel)" time="0.763" />
  <testcase classname="ptolemy.util.test.junit.AutoTests" name="[104] /home/travis/build/icyphy/ptII/ptolemy/domains/continuous/test/auto/ParameterizedNewtonsCradleAnimated.xml (RunModel)" time="0.38" />
  <testcase classname="ptolemy.util.test.junit.AutoTests" name="[105] /home/travis/build/icyphy/ptII/ptolemy/domains/continuous/test/auto/ParameterizedNewtonsCradleAnimatedNondeterministic.xml (RunModel)" time="1.316" />
  <testcase classname="ptolemy.util.test.junit.AutoTests" name="[106] /home/travis/build/icyphy/ptII/ptolemy/domains/continuous/test/auto/Pendulum3D.xml (RunModel)" time="0.203" />
  <testcase classname="ptolemy.util.test.junit.AutoTests" name="[107] /home/travis/build/icyphy/ptII/ptolemy/domains/continuous/test/auto/PeriodicSampler.xml (RunModel)" time="0.01" />
  <testcase classname="ptolemy.util.test.junit.AutoTests" name="[108] /home/travis/build/icyphy/ptII/ptolemy/domains/continuous/test/auto/PeriodicSampler1.xml (RunModel)" time="0.072" />
  <testcase classname="ptolemy.util.test.junit.AutoTests" name="[109] /home/travis/build/icyphy/ptII/ptolemy/domains/continuous/test/auto/PeriodicSampler2.xml (RunModel)" time="0.081" />
  <testcase classname="ptolemy.util.test.junit.AutoTests" name="[110] /home/travis/build/icyphy/ptII/ptolemy/domains/continuous/test/auto/Poisson.xml (RunModel)" time="0.556" />
  <testcase classname="ptolemy.util.test.junit.AutoTests" name="[111] /home/travis/build/icyphy/ptII/ptolemy/domains/continuous/test/auto/PoissonClock.xml (RunModel)" time="0.019" />
  <testcase classname="ptolemy.util.test.junit.AutoTests" name="[112] /home/travis/build/icyphy/ptII/ptolemy/domains/continuous/test/auto/PoissonClock2.xml (RunModel)" time="0.013" />
  <testcase classname="ptolemy.util.test.junit.AutoTests" name="[113] /home/travis/build/icyphy/ptII/ptolemy/domains/continuous/test/auto/PortParameterHierarchy.xml (RunModel)" time="0.026" />
  <testcase classname="ptolemy.util.test.junit.AutoTests" name="[114] /home/travis/build/icyphy/ptII/ptolemy/domains/continuous/test/auto/RandomHybridPlant.xml (RunModel)" time="0.627" />
  <testcase classname="ptolemy.util.test.junit.AutoTests" name="[115] /home/travis/build/icyphy/ptII/ptolemy/domains/continuous/test/auto/ResetTransitionWithStartTime1.xml (RunModel)" time="0.035" />
  <testcase classname="ptolemy.util.test.junit.AutoTests" name="[116] /home/travis/build/icyphy/ptII/ptolemy/domains/continuous/test/auto/ResetTransitionWithStartTime2.xml (RunModel)" time="0.044" />
  <testcase classname="ptolemy.util.test.junit.AutoTests" name="[117] /home/travis/build/icyphy/ptII/ptolemy/domains/continuous/test/auto/ResetTransitionWithStartTime3.xml (RunModel)" time="0.052" />
  <testcase classname="ptolemy.util.test.junit.AutoTests" name="[118] /home/travis/build/icyphy/ptII/ptolemy/domains/continuous/test/auto/ResetTransitionWithStartTime4.xml (RunModel)" time="0.024" />
  <testcase classname="ptolemy.util.test.junit.AutoTests" name="[119] /home/travis/build/icyphy/ptII/ptolemy/domains/continuous/test/auto/ResetTransitionWithStartTime5.xml (RunModel)" time="0.034" />
  <testcase classname="ptolemy.util.test.junit.AutoTests" name="[120] /home/travis/build/icyphy/ptII/ptolemy/domains/continuous/test/auto/ResetTransitionWithStartTime6.xml (RunModel)" time="0.027" />
  <testcase classname="ptolemy.util.test.junit.AutoTests" name="[121] /home/travis/build/icyphy/ptII/ptolemy/domains/continuous/test/auto/SRinContinuous.xml (RunModel)" time="0.02" />
  <testcase classname="ptolemy.util.test.junit.AutoTests" name="[122] /home/travis/build/icyphy/ptII/ptolemy/domains/continuous/test/auto/SampledClocks.xml (RunModel)" time="0.03" />
  <testcase classname="ptolemy.util.test.junit.AutoTests" name="[123] /home/travis/build/icyphy/ptII/ptolemy/domains/continuous/test/auto/Satellite.xml (RunModel)" time="0.877" />
  <testcase classname="ptolemy.util.test.junit.AutoTests" name="[124] /home/travis/build/icyphy/ptII/ptolemy/domains/continuous/test/auto/SigmaDelta.xml (RunModel)" time="2.423" />
  <testcase classname="ptolemy.util.test.junit.AutoTests" name="[125] /home/travis/build/icyphy/ptII/ptolemy/domains/continuous/test/auto/SingleRefinement.xml (RunModel)" time="0.441" />
  <testcase classname="ptolemy.util.test.junit.AutoTests" name="[126] /home/travis/build/icyphy/ptII/ptolemy/domains/continuous/test/auto/SinuBouncingBall.xml (RunModel)" time="0.782" />
  <testcase classname="ptolemy.util.test.junit.AutoTests" name="[127] /home/travis/build/icyphy/ptII/ptolemy/domains/continuous/test/auto/Sinusoid.xml (RunModel)" time="0.023" />
  <testcase classname="ptolemy.util.test.junit.AutoTests" name="[128] /home/travis/build/icyphy/ptII/ptolemy/domains/continuous/test/auto/SinusoidInNoise.xml (RunModel)" time="0.919" />
  <testcase classname="ptolemy.util.test.junit.AutoTests" name="[129] /home/travis/build/icyphy/ptII/ptolemy/domains/continuous/test/auto/SinusoidRK45.xml (RunModel)" time="0.01" />
  <testcase classname="ptolemy.util.test.junit.AutoTests" name="[130] /home/travis/build/icyphy/ptII/ptolemy/domains/continuous/test/auto/SinusoidWithMultipleImpulses.xml (RunModel)" time="0.012" />
  <testcase classname="ptolemy.util.test.junit.AutoTests" name="[131] /home/travis/build/icyphy/ptII/ptolemy/domains/continuous/test/auto/SquareWave.xml (RunModel)" time="0.2" />
  <testcase classname="ptolemy.util.test.junit.AutoTests" name="[132] /home/travis/build/icyphy/ptII/ptolemy/domains/continuous/test/auto/Starmac.xml (RunModel)" time="3.398" />
  <testcase classname="ptolemy.util.test.junit.AutoTests" name="[133] /home/travis/build/icyphy/ptII/ptolemy/domains/continuous/test/auto/StaticUnits.xml (RunModel)" time="2.991" />
  <testcase classname="ptolemy.util.test.junit.AutoTests" name="[134] /home/travis/build/icyphy/ptII/ptolemy/domains/continuous/test/auto/StickyMasses.xml (RunModel)" time="0.186" />
  <testcase classname="ptolemy.util.test.junit.AutoTests" name="[135] /home/travis/build/icyphy/ptII/ptolemy/domains/continuous/test/auto/StopTime.xml (RunModel)" time="0.062" />
  <testcase classname="ptolemy.util.test.junit.AutoTests" name="[136] /home/travis/build/icyphy/ptII/ptolemy/domains/continuous/test/auto/StopTime2.xml (RunModel)" time="0.059" />
  <testcase classname="ptolemy.util.test.junit.AutoTests" name="[137] /home/travis/build/icyphy/ptII/ptolemy/domains/continuous/test/auto/Switch.xml (RunModel)" time="0.062" />
  <testcase classname="ptolemy.util.test.junit.AutoTests" name="[138] /home/travis/build/icyphy/ptII/ptolemy/domains/continuous/test/auto/Thermostat.xml (RunModel)" time="0.222" />
  <testcase classname="ptolemy.util.test.junit.AutoTests" name="[139] /home/travis/build/icyphy/ptII/ptolemy/domains/continuous/test/auto/TimeDelay.xml (RunModel)" time="0.016" />
  <testcase classname="ptolemy.util.test.junit.AutoTests" name="[140] /home/travis/build/icyphy/ptII/ptolemy/domains/continuous/test/auto/TimeDelay2.xml (RunModel)" time="0.03" />
  <testcase classname="ptolemy.util.test.junit.AutoTests" name="[141] /home/travis/build/icyphy/ptII/ptolemy/domains/continuous/test/auto/TimeDelay3.xml (RunModel)" time="0.01" />
  <testcase classname="ptolemy.util.test.junit.AutoTests" name="[142] /home/travis/build/icyphy/ptII/ptolemy/domains/continuous/test/auto/TransferAbsentToInside.xml (RunModel)" time="0.097" />
  <testcase classname="ptolemy.util.test.junit.AutoTests" name="[143] /home/travis/build/icyphy/ptII/ptolemy/domains/continuous/test/auto/Transmission.xml (RunModel)" time="0.801" />
  <testcase classname="ptolemy.util.test.junit.AutoTests" name="[144] /home/travis/build/icyphy/ptII/ptolemy/domains/continuous/test/auto/TriggeredContinuousClock.xml (RunModel)" time="0.07" />
  <testcase classname="ptolemy.util.test.junit.AutoTests" name="[145] /home/travis/build/icyphy/ptII/ptolemy/domains/continuous/test/auto/TwoMachineInfiniteBusControl.xml (RunModel)" time="3.144" />
  <testcase classname="ptolemy.util.test.junit.AutoTests" name="[146] /home/travis/build/icyphy/ptII/ptolemy/domains/continuous/test/auto/V2V.xml (RunModel)" time="0.733" />
  <testcase classname="ptolemy.util.test.junit.AutoTests" name="[147] /home/travis/build/icyphy/ptII/ptolemy/domains/continuous/test/auto/hierarchicalModalModel.xml (RunModel)" time="0.029" />
  <testcase classname="ptolemy.util.test.junit.AutoTests" name="[148] /home/travis/build/icyphy/ptII/ptolemy/domains/continuous/test/auto/hierarchicalModalModel1.xml (RunModel)" time="0.029" />
  <testcase classname="ptolemy.util.test.junit.AutoTests" name="[149] /home/travis/build/icyphy/ptII/ptolemy/domains/continuous/test/auto/hierarchicalModalModel2.xml (RunModel)" time="0.026" />
  <testcase classname="ptolemy.util.test.junit.AutoTests" name="[150] /home/travis/build/icyphy/ptII/ptolemy/domains/continuous/test/auto/hierarchicalModalModel3.xml (RunModel)" time="0.022" />
  <testcase classname="ptolemy.util.test.junit.AutoTests" name="[151] /home/travis/build/icyphy/ptII/ptolemy/domains/continuous/test/auto/hierarchicalModalModel4.xml (RunModel)" time="0.024" />
  <testcase classname="ptolemy.util.test.junit.AutoTests" name="[152] /home/travis/build/icyphy/ptII/ptolemy/domains/continuous/test/auto/junk.xml (RunModel)" time="0.168" />
  <system-out><![CDATA[No tcl tests in /home/travis/build/icyphy/ptII/ptolemy/domains/continuous/test
No auto/knownFailedTests/*.xml tests in /home/travis/build/icyphy/ptII/ptolemy/domains/continuous/test
No auto/linux-amd64/*.xml tests in /home/travis/build/icyphy/ptII/ptolemy/domains/continuous/test
AutoTests.java: About to close Vertx.
AutoTests.java: Vertx closed.

===========================================================================================
----------------- testing Mon Dec 02 06:20:39 UTC 2019 /home/travis/build/icyphy/ptII/ptolemy/domains/continuous/test/auto/BouncingBall.xml
----------------- Instantiating /home/travis/build/icyphy/ptII/ptolemy/domains/continuous/test/auto/BouncingBall.xml
2579 ms. Memory: 162816K Free: 132819K (82%)
----------------- Invoking toplevel() on ptolemy.moml.MoMLSimpleApplication@3becbc9d
----------------- Done invoking toplevel() on ptolemy.moml.MoMLSimpleApplication@3becbc9d
reloadAllAccessors: .BouncingBall

===========================================================================================
----------------- testing Mon Dec 02 06:20:42 UTC 2019 /home/travis/build/icyphy/ptII/ptolemy/domains/continuous/test/auto/BouncingBallWithoutGR.xml
----------------- Instantiating /home/travis/build/icyphy/ptII/ptolemy/domains/continuous/test/auto/BouncingBallWithoutGR.xml
918 ms. Memory: 195584K Free: 177337K (91%)
----------------- Invoking toplevel() on ptolemy.moml.MoMLSimpleApplication@7575d26d
----------------- Done invoking toplevel() on ptolemy.moml.MoMLSimpleApplication@7575d26d
reloadAllAccessors: .BouncingBallWithoutGR

===========================================================================================
----------------- testing Mon Dec 02 06:20:43 UTC 2019 /home/travis/build/icyphy/ptII/ptolemy/domains/continuous/test/auto/Brownian.xml
----------------- Instantiating /home/travis/build/icyphy/ptII/ptolemy/domains/continuous/test/auto/Brownian.xml
38 ms. Memory: 195584K Free: 168121K (86%)
----------------- Invoking toplevel() on ptolemy.moml.MoMLSimpleApplication@60c9d8a0
----------------- Done invoking toplevel() on ptolemy.moml.MoMLSimpleApplication@60c9d8a0
reloadAllAccessors: .Brownian

===========================================================================================
----------------- testing Mon Dec 02 06:20:43 UTC 2019 /home/travis/build/icyphy/ptII/ptolemy/domains/continuous/test/auto/CarTracking.xml
----------------- Instantiating /home/travis/build/icyphy/ptII/ptolemy/domains/continuous/test/auto/CarTracking.xml
4020 ms. Memory: 236544K Free: 217384K (92%)
----------------- Invoking toplevel() on ptolemy.moml.MoMLSimpleApplication@1f6cddef
----------------- Done invoking toplevel() on ptolemy.moml.MoMLSimpleApplication@1f6cddef
reloadAllAccessors: .CarTracking

===========================================================================================
----------------- testing Mon Dec 02 06:20:48 UTC 2019 /home/travis/build/icyphy/ptII/ptolemy/domains/continuous/test/auto/CartPendulum.xml
----------------- Instantiating /home/travis/build/icyphy/ptII/ptolemy/domains/continuous/test/auto/CartPendulum.xml
482 ms. Memory: 236544K Free: 125738K (53%)
----------------- Invoking toplevel() on ptolemy.moml.MoMLSimpleApplication@5d6cf28c
----------------- Done invoking toplevel() on ptolemy.moml.MoMLSimpleApplication@5d6cf28c
reloadAllAccessors: .CartPendulum

===========================================================================================
----------------- testing Mon Dec 02 06:20:48 UTC 2019 /home/travis/build/icyphy/ptII/ptolemy/domains/continuous/test/auto/CausalityInterface10.xml
----------------- Instantiating /home/travis/build/icyphy/ptII/ptolemy/domains/continuous/test/auto/CausalityInterface10.xml
13 ms. Memory: 236544K Free: 114984K (49%)
----------------- Invoking toplevel() on ptolemy.moml.MoMLSimpleApplication@677cbca
----------------- Done invoking toplevel() on ptolemy.moml.MoMLSimpleApplication@677cbca
reloadAllAccessors: .CausalityInterface10

===========================================================================================
----------------- testing Mon Dec 02 06:20:48 UTC 2019 /home/travis/build/icyphy/ptII/ptolemy/domains/continuous/test/auto/CausalityInterface11.xml
----------------- Instantiating /home/travis/build/icyphy/ptII/ptolemy/domains/continuous/test/auto/CausalityInterface11.xml
8 ms. Memory: 236544K Free: 108826K (46%)
----------------- Invoking toplevel() on ptolemy.moml.MoMLSimpleApplication@73d3ee9
----------------- Done invoking toplevel() on ptolemy.moml.MoMLSimpleApplication@73d3ee9
reloadAllAccessors: .CausalityInterface11

===========================================================================================
----------------- testing Mon Dec 02 06:20:48 UTC 2019 /home/travis/build/icyphy/ptII/ptolemy/domains/continuous/test/auto/CausalityInterface12.xml
----------------- Instantiating /home/travis/build/icyphy/ptII/ptolemy/domains/continuous/test/auto/CausalityInterface12.xml
11 ms. Memory: 236544K Free: 102666K (43%)
----------------- Invoking toplevel() on ptolemy.moml.MoMLSimpleApplication@528a1f80
----------------- Done invoking toplevel() on ptolemy.moml.MoMLSimpleApplication@528a1f80
reloadAllAccessors: .CausalityInterface12

===========================================================================================
----------------- testing Mon Dec 02 06:20:48 UTC 2019 /home/travis/build/icyphy/ptII/ptolemy/domains/continuous/test/auto/CausalityInterface13.xml
----------------- Instantiating /home/travis/build/icyphy/ptII/ptolemy/domains/continuous/test/auto/CausalityInterface13.xml
4 ms. Memory: 236544K Free: 96538K (41%)
----------------- Invoking toplevel() on ptolemy.moml.MoMLSimpleApplication@5c43780
----------------- Done invoking toplevel() on ptolemy.moml.MoMLSimpleApplication@5c43780
reloadAllAccessors: .CausalityInterface13

===========================================================================================
----------------- testing Mon Dec 02 06:20:48 UTC 2019 /home/travis/build/icyphy/ptII/ptolemy/domains/continuous/test/auto/CausalityInterface14.xml
----------------- Instantiating /home/travis/build/icyphy/ptII/ptolemy/domains/continuous/test/auto/CausalityInterface14.xml
6 ms. Memory: 236544K Free: 90922K (38%)
----------------- Invoking toplevel() on ptolemy.moml.MoMLSimpleApplication@5c1ceb77
----------------- Done invoking toplevel() on ptolemy.moml.MoMLSimpleApplication@5c1ceb77
reloadAllAccessors: .CausalityInterface14

===========================================================================================
----------------- testing Mon Dec 02 06:20:48 UTC 2019 /home/travis/build/icyphy/ptII/ptolemy/domains/continuous/test/auto/CausalityInterface4.xml
----------------- Instantiating /home/travis/build/icyphy/ptII/ptolemy/domains/continuous/test/auto/CausalityInterface4.xml
3 ms. Memory: 236544K Free: 84264K (36%)
----------------- Invoking toplevel() on ptolemy.moml.MoMLSimpleApplication@5e8781e5
----------------- Done invoking toplevel() on ptolemy.moml.MoMLSimpleApplication@5e8781e5
reloadAllAccessors: .CausalityInterface4

===========================================================================================
----------------- testing Mon Dec 02 06:20:49 UTC 2019 /home/travis/build/icyphy/ptII/ptolemy/domains/continuous/test/auto/CausalityInterface5.xml
----------------- Instantiating /home/travis/build/icyphy/ptII/ptolemy/domains/continuous/test/auto/CausalityInterface5.xml
8 ms. Memory: 236544K Free: 215275K (91%)
----------------- Invoking toplevel() on ptolemy.moml.MoMLSimpleApplication@623d3a5e
----------------- Done invoking toplevel() on ptolemy.moml.MoMLSimpleApplication@623d3a5e
reloadAllAccessors: .CausalityInterface5

===========================================================================================
----------------- testing Mon Dec 02 06:20:49 UTC 2019 /home/travis/build/icyphy/ptII/ptolemy/domains/continuous/test/auto/CausalityInterface6.xml
----------------- Instantiating /home/travis/build/icyphy/ptII/ptolemy/domains/continuous/test/auto/CausalityInterface6.xml
5 ms. Memory: 236544K Free: 209645K (89%)
----------------- Invoking toplevel() on ptolemy.moml.MoMLSimpleApplication@71ebdf2f
----------------- Done invoking toplevel() on ptolemy.moml.MoMLSimpleApplication@71ebdf2f
reloadAllAccessors: .CausalityInterface6

===========================================================================================
----------------- testing Mon Dec 02 06:20:49 UTC 2019 /home/travis/build/icyphy/ptII/ptolemy/domains/continuous/test/auto/CausalityInterface7.xml
----------------- Instantiating /home/travis/build/icyphy/ptII/ptolemy/domains/continuous/test/auto/CausalityInterface7.xml
9 ms. Memory: 236544K Free: 200939K (85%)
----------------- Invoking toplevel() on ptolemy.moml.MoMLSimpleApplication@fd535e2
----------------- Done invoking toplevel() on ptolemy.moml.MoMLSimpleApplication@fd535e2
reloadAllAccessors: .CausalityInterface7

===========================================================================================
----------------- testing Mon Dec 02 06:20:49 UTC 2019 /home/travis/build/icyphy/ptII/ptolemy/domains/continuous/test/auto/CausalityInterface8.xml
----------------- Instantiating /home/travis/build/icyphy/ptII/ptolemy/domains/continuous/test/auto/CausalityInterface8.xml
6 ms. Memory: 236544K Free: 191723K (81%)
----------------- Invoking toplevel() on ptolemy.moml.MoMLSimpleApplication@266ae42b
----------------- Done invoking toplevel() on ptolemy.moml.MoMLSimpleApplication@266ae42b
reloadAllAccessors: .CausalityInterface8

===========================================================================================
----------------- testing Mon Dec 02 06:20:49 UTC 2019 /home/travis/build/icyphy/ptII/ptolemy/domains/continuous/test/auto/CausalityInterface9.xml
----------------- Instantiating /home/travis/build/icyphy/ptII/ptolemy/domains/continuous/test/auto/CausalityInterface9.xml
5 ms. Memory: 236544K Free: 180459K (76%)
----------------- Invoking toplevel() on ptolemy.moml.MoMLSimpleApplication@20973a04
----------------- Done invoking toplevel() on ptolemy.moml.MoMLSimpleApplication@20973a04
reloadAllAccessors: .CausalityInterface9

===========================================================================================
----------------- testing Mon Dec 02 06:20:49 UTC 2019 /home/travis/build/icyphy/ptII/ptolemy/domains/continuous/test/auto/CausalityInterfaceFeedback1.xml
----------------- Instantiating /home/travis/build/icyphy/ptII/ptolemy/domains/continuous/test/auto/CausalityInterfaceFeedback1.xml
14 ms. Memory: 236544K Free: 173805K (73%)
----------------- Invoking toplevel() on ptolemy.moml.MoMLSimpleApplication@54489016
----------------- Done invoking toplevel() on ptolemy.moml.MoMLSimpleApplication@54489016
reloadAllAccessors: .CausalityInterfaceFeedback1

===========================================================================================
----------------- testing Mon Dec 02 06:20:49 UTC 2019 /home/travis/build/icyphy/ptII/ptolemy/domains/continuous/test/auto/CausalityInterfaceFeedback2.xml
----------------- Instantiating /home/travis/build/icyphy/ptII/ptolemy/domains/continuous/test/auto/CausalityInterfaceFeedback2.xml
7 ms. Memory: 236544K Free: 167147K (71%)
----------------- Invoking toplevel() on ptolemy.moml.MoMLSimpleApplication@4b1ea285
----------------- Done invoking toplevel() on ptolemy.moml.MoMLSimpleApplication@4b1ea285
reloadAllAccessors: .CausalityInterfaceFeedback2

===========================================================================================
----------------- testing Mon Dec 02 06:20:49 UTC 2019 /home/travis/build/icyphy/ptII/ptolemy/domains/continuous/test/auto/CompareWithCurrentTime.xml
----------------- Instantiating /home/travis/build/icyphy/ptII/ptolemy/domains/continuous/test/auto/CompareWithCurrentTime.xml
4 ms. Memory: 236544K Free: 163051K (69%)
----------------- Invoking toplevel() on ptolemy.moml.MoMLSimpleApplication@23fbe5b2
----------------- Done invoking toplevel() on ptolemy.moml.MoMLSimpleApplication@23fbe5b2
reloadAllAccessors: .CompareWithCurrentTime

===========================================================================================
----------------- testing Mon Dec 02 06:20:49 UTC 2019 /home/travis/build/icyphy/ptII/ptolemy/domains/continuous/test/auto/ComparedClocks.xml
----------------- Instantiating /home/travis/build/icyphy/ptII/ptolemy/domains/continuous/test/auto/ComparedClocks.xml
7 ms. Memory: 236544K Free: 147677K (62%)
----------------- Invoking toplevel() on ptolemy.moml.MoMLSimpleApplication@46f6278c
----------------- Done invoking toplevel() on ptolemy.moml.MoMLSimpleApplication@46f6278c
reloadAllAccessors: .ComparedClocks

===========================================================================================
----------------- testing Mon Dec 02 06:20:49 UTC 2019 /home/travis/build/icyphy/ptII/ptolemy/domains/continuous/test/auto/ContinuousAOCClone.xml
----------------- Instantiating /home/travis/build/icyphy/ptII/ptolemy/domains/continuous/test/auto/ContinuousAOCClone.xml
2898 ms. Memory: 284672K Free: 119524K (42%)
----------------- Invoking toplevel() on ptolemy.moml.MoMLSimpleApplication@3fae4966
----------------- Done invoking toplevel() on ptolemy.moml.MoMLSimpleApplication@3fae4966
reloadAllAccessors: .ContinuousAOCClone

===========================================================================================
----------------- testing Mon Dec 02 06:20:52 UTC 2019 /home/travis/build/icyphy/ptII/ptolemy/domains/continuous/test/auto/ContinuousClock.xml
----------------- Instantiating /home/travis/build/icyphy/ptII/ptolemy/domains/continuous/test/auto/ContinuousClock.xml
38 ms. Memory: 284672K Free: 266830K (94%)
----------------- Invoking toplevel() on ptolemy.moml.MoMLSimpleApplication@75b2bb5
----------------- Done invoking toplevel() on ptolemy.moml.MoMLSimpleApplication@75b2bb5
reloadAllAccessors: .ContinuousClock

===========================================================================================
----------------- testing Mon Dec 02 06:20:52 UTC 2019 /home/travis/build/icyphy/ptII/ptolemy/domains/continuous/test/auto/ContinuousInContinuous.xml
----------------- Instantiating /home/travis/build/icyphy/ptII/ptolemy/domains/continuous/test/auto/ContinuousInContinuous.xml
46 ms. Memory: 284672K Free: 242391K (85%)
----------------- Invoking toplevel() on ptolemy.moml.MoMLSimpleApplication@2a7dead1
----------------- Done invoking toplevel() on ptolemy.moml.MoMLSimpleApplication@2a7dead1
reloadAllAccessors: .ContinuousInContinuous

===========================================================================================
----------------- testing Mon Dec 02 06:20:52 UTC 2019 /home/travis/build/icyphy/ptII/ptolemy/domains/continuous/test/auto/ContinuousInContinuousInContinuous.xml
----------------- Instantiating /home/travis/build/icyphy/ptII/ptolemy/domains/continuous/test/auto/ContinuousInContinuousInContinuous.xml
7 ms. Memory: 284672K Free: 234205K (82%)
----------------- Invoking toplevel() on ptolemy.moml.MoMLSimpleApplication@7b95467
----------------- Done invoking toplevel() on ptolemy.moml.MoMLSimpleApplication@7b95467
reloadAllAccessors: .ContinuousInContinuousInContinuous

===========================================================================================
----------------- testing Mon Dec 02 06:20:52 UTC 2019 /home/travis/build/icyphy/ptII/ptolemy/domains/continuous/test/auto/ContinuousInDE.xml
----------------- Instantiating /home/travis/build/icyphy/ptII/ptolemy/domains/continuous/test/auto/ContinuousInDE.xml
104 ms. Memory: 284672K Free: 223965K (79%)
----------------- Invoking toplevel() on ptolemy.moml.MoMLSimpleApplication@217f8f6e
----------------- Done invoking toplevel() on ptolemy.moml.MoMLSimpleApplication@217f8f6e
reloadAllAccessors: .ContinuousInDE

===========================================================================================
----------------- testing Mon Dec 02 06:20:52 UTC 2019 /home/travis/build/icyphy/ptII/ptolemy/domains/continuous/test/auto/ContinuousInDE2.xml
----------------- Instantiating /home/travis/build/icyphy/ptII/ptolemy/domains/continuous/test/auto/ContinuousInDE2.xml
41 ms. Memory: 284672K Free: 214239K (75%)
----------------- Invoking toplevel() on ptolemy.moml.MoMLSimpleApplication@32795836
----------------- Done invoking toplevel() on ptolemy.moml.MoMLSimpleApplication@32795836
reloadAllAccessors: .ContinuousInDE2

===========================================================================================
----------------- testing Mon Dec 02 06:20:53 UTC 2019 /home/travis/build/icyphy/ptII/ptolemy/domains/continuous/test/auto/ContinuousInDE3.xml
----------------- Instantiating /home/travis/build/icyphy/ptII/ptolemy/domains/continuous/test/auto/ContinuousInDE3.xml
39 ms. Memory: 284672K Free: 203999K (72%)
----------------- Invoking toplevel() on ptolemy.moml.MoMLSimpleApplication@20740108
----------------- Done invoking toplevel() on ptolemy.moml.MoMLSimpleApplication@20740108
reloadAllAccessors: .ContinuousInDE3

===========================================================================================
----------------- testing Mon Dec 02 06:20:53 UTC 2019 /home/travis/build/icyphy/ptII/ptolemy/domains/continuous/test/auto/ContinuousInDE4.xml
----------------- Instantiating /home/travis/build/icyphy/ptII/ptolemy/domains/continuous/test/auto/ContinuousInDE4.xml
14 ms. Memory: 284672K Free: 197855K (70%)
----------------- Invoking toplevel() on ptolemy.moml.MoMLSimpleApplication@47c72e90
----------------- Done invoking toplevel() on ptolemy.moml.MoMLSimpleApplication@47c72e90
reloadAllAccessors: .ContinuousInDE4

===========================================================================================
----------------- testing Mon Dec 02 06:20:53 UTC 2019 /home/travis/build/icyphy/ptII/ptolemy/domains/continuous/test/auto/ContinuousInDEDifferentRefinements.xml
----------------- Instantiating /home/travis/build/icyphy/ptII/ptolemy/domains/continuous/test/auto/ContinuousInDEDifferentRefinements.xml
66 ms. Memory: 284672K Free: 166607K (59%)
----------------- Invoking toplevel() on ptolemy.moml.MoMLSimpleApplication@672bb09f
----------------- Done invoking toplevel() on ptolemy.moml.MoMLSimpleApplication@672bb09f
reloadAllAccessors: .ContinuousInDEDifferentRefinements

===========================================================================================
----------------- testing Mon Dec 02 06:20:53 UTC 2019 /home/travis/build/icyphy/ptII/ptolemy/domains/continuous/test/auto/ContinuousInDEDifferentRefinementsPreemptive.xml
----------------- Instantiating /home/travis/build/icyphy/ptII/ptolemy/domains/continuous/test/auto/ContinuousInDEDifferentRefinementsPreemptive.xml
51 ms. Memory: 284672K Free: 135887K (48%)
----------------- Invoking toplevel() on ptolemy.moml.MoMLSimpleApplication@6368a3d8
----------------- Done invoking toplevel() on ptolemy.moml.MoMLSimpleApplication@6368a3d8
reloadAllAccessors: .ContinuousInDEDifferentRefinementsPreemptive

===========================================================================================
----------------- testing Mon Dec 02 06:20:53 UTC 2019 /home/travis/build/icyphy/ptII/ptolemy/domains/continuous/test/auto/ContinuousInDEInContinuous2.xml
----------------- Instantiating /home/travis/build/icyphy/ptII/ptolemy/domains/continuous/test/auto/ContinuousInDEInContinuous2.xml
40 ms. Memory: 284672K Free: 124637K (44%)
----------------- Invoking toplevel() on ptolemy.moml.MoMLSimpleApplication@58e90a
----------------- Done invoking toplevel() on ptolemy.moml.MoMLSimpleApplication@58e90a
reloadAllAccessors: .ContinuousInDEInContinuous2

===========================================================================================
----------------- testing Mon Dec 02 06:20:53 UTC 2019 /home/travis/build/icyphy/ptII/ptolemy/domains/continuous/test/auto/ContinuousInDEInContinuous3.xml
----------------- Instantiating /home/travis/build/icyphy/ptII/ptolemy/domains/continuous/test/auto/ContinuousInDEInContinuous3.xml
38 ms. Memory: 284672K Free: 112349K (39%)
----------------- Invoking toplevel() on ptolemy.moml.MoMLSimpleApplication@524981f6
----------------- Done invoking toplevel() on ptolemy.moml.MoMLSimpleApplication@524981f6
reloadAllAccessors: .ContinuousInDEInContinuous3

===========================================================================================
----------------- testing Mon Dec 02 06:20:53 UTC 2019 /home/travis/build/icyphy/ptII/ptolemy/domains/continuous/test/auto/ContinuousInDEInput.xml
----------------- Instantiating /home/travis/build/icyphy/ptII/ptolemy/domains/continuous/test/auto/ContinuousInDEInput.xml
20 ms. Memory: 284672K Free: 105181K (37%)
----------------- Invoking toplevel() on ptolemy.moml.MoMLSimpleApplication@e8c9ef4
----------------- Done invoking toplevel() on ptolemy.moml.MoMLSimpleApplication@e8c9ef4
reloadAllAccessors: .ContinuousInDEInput

===========================================================================================
----------------- testing Mon Dec 02 06:20:53 UTC 2019 /home/travis/build/icyphy/ptII/ptolemy/domains/continuous/test/auto/ContinuousInDEInput2.xml
----------------- Instantiating /home/travis/build/icyphy/ptII/ptolemy/domains/continuous/test/auto/ContinuousInDEInput2.xml
17 ms. Memory: 284672K Free: 266969K (94%)
----------------- Invoking toplevel() on ptolemy.moml.MoMLSimpleApplication@d779b7a
----------------- Done invoking toplevel() on ptolemy.moml.MoMLSimpleApplication@d779b7a
reloadAllAccessors: .ContinuousInDEInput2

===========================================================================================
----------------- testing Mon Dec 02 06:20:53 UTC 2019 /home/travis/build/icyphy/ptII/ptolemy/domains/continuous/test/auto/ContinuousInDEInput3.xml
----------------- Instantiating /home/travis/build/icyphy/ptII/ptolemy/domains/continuous/test/auto/ContinuousInDEInput3.xml
18 ms. Memory: 284672K Free: 259801K (91%)
----------------- Invoking toplevel() on ptolemy.moml.MoMLSimpleApplication@1dd14df4
----------------- Done invoking toplevel() on ptolemy.moml.MoMLSimpleApplication@1dd14df4
reloadAllAccessors: .ContinuousInDEInput3

===========================================================================================
----------------- testing Mon Dec 02 06:20:53 UTC 2019 /home/travis/build/icyphy/ptII/ptolemy/domains/continuous/test/auto/ContinuousInDESharingRefinement.xml
----------------- Instantiating /home/travis/build/icyphy/ptII/ptolemy/domains/continuous/test/auto/ContinuousInDESharingRefinement.xml
197 ms. Memory: 284672K Free: 165083K (58%)
----------------- Invoking toplevel() on ptolemy.moml.MoMLSimpleApplication@3b057130
----------------- Done invoking toplevel() on ptolemy.moml.MoMLSimpleApplication@3b057130
reloadAllAccessors: .ContinuousInDESharingRefinement

===========================================================================================
----------------- testing Mon Dec 02 06:20:53 UTC 2019 /home/travis/build/icyphy/ptII/ptolemy/domains/continuous/test/auto/ContinuousInDEwithNoPorts.xml
----------------- Instantiating /home/travis/build/icyphy/ptII/ptolemy/domains/continuous/test/auto/ContinuousInDEwithNoPorts.xml
6 ms. Memory: 284672K Free: 160987K (57%)
----------------- Invoking toplevel() on ptolemy.moml.MoMLSimpleApplication@7d9e36d3
----------------- Done invoking toplevel() on ptolemy.moml.MoMLSimpleApplication@7d9e36d3
reloadAllAccessors: .ContinuousInDEwithNoPorts

===========================================================================================
----------------- testing Mon Dec 02 06:20:53 UTC 2019 /home/travis/build/icyphy/ptII/ptolemy/domains/continuous/test/auto/ContinuousInsideDE.xml
----------------- Instantiating /home/travis/build/icyphy/ptII/ptolemy/domains/continuous/test/auto/ContinuousInsideDE.xml
45 ms. Memory: 284672K Free: 149209K (52%)
----------------- Invoking toplevel() on ptolemy.moml.MoMLSimpleApplication@284c8ad2
----------------- Done invoking toplevel() on ptolemy.moml.MoMLSimpleApplication@284c8ad2
reloadAllAccessors: .ContinuousInsideDE

===========================================================================================
----------------- testing Mon Dec 02 06:20:53 UTC 2019 /home/travis/build/icyphy/ptII/ptolemy/domains/continuous/test/auto/ContinuousMerge1.xml
----------------- Instantiating /home/travis/build/icyphy/ptII/ptolemy/domains/continuous/test/auto/ContinuousMerge1.xml
3 ms. Memory: 284672K Free: 145098K (51%)
----------------- Invoking toplevel() on ptolemy.moml.MoMLSimpleApplication@5580a455
----------------- Done invoking toplevel() on ptolemy.moml.MoMLSimpleApplication@5580a455
reloadAllAccessors: .ContinuousMerge1

===========================================================================================
----------------- testing Mon Dec 02 06:20:54 UTC 2019 /home/travis/build/icyphy/ptII/ptolemy/domains/continuous/test/auto/ContinuousMerge2.xml
----------------- Instantiating /home/travis/build/icyphy/ptII/ptolemy/domains/continuous/test/auto/ContinuousMerge2.xml
15 ms. Memory: 284672K Free: 134873K (47%)
----------------- Invoking toplevel() on ptolemy.moml.MoMLSimpleApplication@604a2ce8
----------------- Done invoking toplevel() on ptolemy.moml.MoMLSimpleApplication@604a2ce8
reloadAllAccessors: .ContinuousMerge2

===========================================================================================
----------------- testing Mon Dec 02 06:20:54 UTC 2019 /home/travis/build/icyphy/ptII/ptolemy/domains/continuous/test/auto/ContinuousMerge3.xml
----------------- Instantiating /home/travis/build/icyphy/ptII/ptolemy/domains/continuous/test/auto/ContinuousMerge3.xml
55 ms. Memory: 284672K Free: 124123K (44%)
----------------- Invoking toplevel() on ptolemy.moml.MoMLSimpleApplication@1ad12a46
----------------- Done invoking toplevel() on ptolemy.moml.MoMLSimpleApplication@1ad12a46
reloadAllAccessors: .ContinuousMerge3

===========================================================================================
----------------- testing Mon Dec 02 06:20:54 UTC 2019 /home/travis/build/icyphy/ptII/ptolemy/domains/continuous/test/auto/ContinuousWithinContinuous.xml
----------------- Instantiating /home/travis/build/icyphy/ptII/ptolemy/domains/continuous/test/auto/ContinuousWithinContinuous.xml
49 ms. Memory: 284672K Free: 114907K (40%)
----------------- Invoking toplevel() on ptolemy.moml.MoMLSimpleApplication@4d0842fd
----------------- Done invoking toplevel() on ptolemy.moml.MoMLSimpleApplication@4d0842fd
reloadAllAccessors: .ContinuousWithinContinuous

===========================================================================================
----------------- testing Mon Dec 02 06:20:54 UTC 2019 /home/travis/build/icyphy/ptII/ptolemy/domains/continuous/test/auto/ContinuousWithinContinuous2.xml
----------------- Instantiating /home/travis/build/icyphy/ptII/ptolemy/domains/continuous/test/auto/ContinuousWithinContinuous2.xml
91 ms. Memory: 284672K Free: 104153K (37%)
----------------- Invoking toplevel() on ptolemy.moml.MoMLSimpleApplication@28960f3a
----------------- Done invoking toplevel() on ptolemy.moml.MoMLSimpleApplication@28960f3a
reloadAllAccessors: .ContinuousWithinContinuous2

===========================================================================================
----------------- testing Mon Dec 02 06:20:54 UTC 2019 /home/travis/build/icyphy/ptII/ptolemy/domains/continuous/test/auto/ContinuousWithinContinuous3.xml
----------------- Instantiating /home/travis/build/icyphy/ptII/ptolemy/domains/continuous/test/auto/ContinuousWithinContinuous3.xml
18 ms. Memory: 284672K Free: 266586K (94%)
----------------- Invoking toplevel() on ptolemy.moml.MoMLSimpleApplication@2fcf9af
----------------- Done invoking toplevel() on ptolemy.moml.MoMLSimpleApplication@2fcf9af
reloadAllAccessors: .ContinuousWithinContinuous3

===========================================================================================
----------------- testing Mon Dec 02 06:20:54 UTC 2019 /home/travis/build/icyphy/ptII/ptolemy/domains/continuous/test/auto/ContinuousWithinContinuous4.xml
----------------- Instantiating /home/travis/build/icyphy/ptII/ptolemy/domains/continuous/test/auto/ContinuousWithinContinuous4.xml
94 ms. Memory: 284672K Free: 254298K (89%)
----------------- Invoking toplevel() on ptolemy.moml.MoMLSimpleApplication@4e6d8775
----------------- Done invoking toplevel() on ptolemy.moml.MoMLSimpleApplication@4e6d8775
reloadAllAccessors: .ContinuousWithinContinuous4

===========================================================================================
----------------- testing Mon Dec 02 06:20:54 UTC 2019 /home/travis/build/icyphy/ptII/ptolemy/domains/continuous/test/auto/ContinuousWithinContinuous5.xml
----------------- Instantiating /home/travis/build/icyphy/ptII/ptolemy/domains/continuous/test/auto/ContinuousWithinContinuous5.xml
15 ms. Memory: 284672K Free: 247130K (87%)
----------------- Invoking toplevel() on ptolemy.moml.MoMLSimpleApplication@1701ebbb
----------------- Done invoking toplevel() on ptolemy.moml.MoMLSimpleApplication@1701ebbb
reloadAllAccessors: .ContinuousWithinContinuous5

===========================================================================================
----------------- testing Mon Dec 02 06:20:54 UTC 2019 /home/travis/build/icyphy/ptII/ptolemy/domains/continuous/test/auto/ContinuousWithinContinuous6.xml
----------------- Instantiating /home/travis/build/icyphy/ptII/ptolemy/domains/continuous/test/auto/ContinuousWithinContinuous6.xml
15 ms. Memory: 284672K Free: 239962K (84%)
----------------- Invoking toplevel() on ptolemy.moml.MoMLSimpleApplication@326c5b74
----------------- Done invoking toplevel() on ptolemy.moml.MoMLSimpleApplication@326c5b74
reloadAllAccessors: .ContinuousWithinContinuous6

===========================================================================================
----------------- testing Mon Dec 02 06:20:54 UTC 2019 /home/travis/build/icyphy/ptII/ptolemy/domains/continuous/test/auto/ContinuousWithinContinuous7.xml
----------------- Instantiating /home/travis/build/icyphy/ptII/ptolemy/domains/continuous/test/auto/ContinuousWithinContinuous7.xml
66 ms. Memory: 284672K Free: 229208K (81%)
----------------- Invoking toplevel() on ptolemy.moml.MoMLSimpleApplication@69958016
----------------- Done invoking toplevel() on ptolemy.moml.MoMLSimpleApplication@69958016
reloadAllAccessors: .ContinuousWithinContinuous7

===========================================================================================
----------------- testing Mon Dec 02 06:20:54 UTC 2019 /home/travis/build/icyphy/ptII/ptolemy/domains/continuous/test/auto/DCMotor.xml
----------------- Instantiating /home/travis/build/icyphy/ptII/ptolemy/domains/continuous/test/auto/DCMotor.xml
17238 ms. Memory: 284672K Free: 123238K (43%)
----------------- Invoking toplevel() on ptolemy.moml.MoMLSimpleApplication@17484ff1
----------------- Done invoking toplevel() on ptolemy.moml.MoMLSimpleApplication@17484ff1
reloadAllAccessors: .DCMotor

===========================================================================================
----------------- testing Mon Dec 02 06:21:11 UTC 2019 /home/travis/build/icyphy/ptII/ptolemy/domains/continuous/test/auto/DEInContinuous.xml
----------------- Instantiating /home/travis/build/icyphy/ptII/ptolemy/domains/continuous/test/auto/DEInContinuous.xml
6 ms. Memory: 284672K Free: 117108K (41%)
----------------- Invoking toplevel() on ptolemy.moml.MoMLSimpleApplication@31ff213f
----------------- Done invoking toplevel() on ptolemy.moml.MoMLSimpleApplication@31ff213f
reloadAllAccessors: .DEInContinuous

===========================================================================================
----------------- testing Mon Dec 02 06:21:11 UTC 2019 /home/travis/build/icyphy/ptII/ptolemy/domains/continuous/test/auto/DEinContinuous2.xml
----------------- Instantiating /home/travis/build/icyphy/ptII/ptolemy/domains/continuous/test/auto/DEinContinuous2.xml
5 ms. Memory: 284672K Free: 108902K (38%)
----------------- Invoking toplevel() on ptolemy.moml.MoMLSimpleApplication@5b2c2b13
----------------- Done invoking toplevel() on ptolemy.moml.MoMLSimpleApplication@5b2c2b13
reloadAllAccessors: .DEinContinuous2

===========================================================================================
----------------- testing Mon Dec 02 06:21:12 UTC 2019 /home/travis/build/icyphy/ptII/ptolemy/domains/continuous/test/auto/Derivative.xml
----------------- Instantiating /home/travis/build/icyphy/ptII/ptolemy/domains/continuous/test/auto/Derivative.xml
138 ms. Memory: 284672K Free: 248153K (87%)
----------------- Invoking toplevel() on ptolemy.moml.MoMLSimpleApplication@73b730c3
----------------- Done invoking toplevel() on ptolemy.moml.MoMLSimpleApplication@73b730c3
reloadAllAccessors: .Derivative2

===========================================================================================
----------------- testing Mon Dec 02 06:21:12 UTC 2019 /home/travis/build/icyphy/ptII/ptolemy/domains/continuous/test/auto/Derivative1.xml
----------------- Instantiating /home/travis/build/icyphy/ptII/ptolemy/domains/continuous/test/auto/Derivative1.xml
13 ms. Memory: 284672K Free: 233817K (82%)
----------------- Invoking toplevel() on ptolemy.moml.MoMLSimpleApplication@58ee0a74
----------------- Done invoking toplevel() on ptolemy.moml.MoMLSimpleApplication@58ee0a74
reloadAllAccessors: .Derivative1

===========================================================================================
----------------- testing Mon Dec 02 06:21:12 UTC 2019 /home/travis/build/icyphy/ptII/ptolemy/domains/continuous/test/auto/DiscreteClock.xml
----------------- Instantiating /home/travis/build/icyphy/ptII/ptolemy/domains/continuous/test/auto/DiscreteClock.xml
3 ms. Memory: 284672K Free: 228697K (80%)
----------------- Invoking toplevel() on ptolemy.moml.MoMLSimpleApplication@628d178e
----------------- Done invoking toplevel() on ptolemy.moml.MoMLSimpleApplication@628d178e
reloadAllAccessors: .DiscreteClock

===========================================================================================
----------------- testing Mon Dec 02 06:21:12 UTC 2019 /home/travis/build/icyphy/ptII/ptolemy/domains/continuous/test/auto/EfficiencyCurve.xml
----------------- Instantiating /home/travis/build/icyphy/ptII/ptolemy/domains/continuous/test/auto/EfficiencyCurve.xml
42 ms. Memory: 284672K Free: 219991K (77%)
----------------- Invoking toplevel() on ptolemy.moml.MoMLSimpleApplication@4823c200
----------------- Done invoking toplevel() on ptolemy.moml.MoMLSimpleApplication@4823c200
reloadAllAccessors: .EfficiencyCurve

===========================================================================================
----------------- testing Mon Dec 02 06:21:12 UTC 2019 /home/travis/build/icyphy/ptII/ptolemy/domains/continuous/test/auto/ExponentialResponse.xml
----------------- Instantiating /home/travis/build/icyphy/ptII/ptolemy/domains/continuous/test/auto/ExponentialResponse.xml
111 ms. Memory: 284672K Free: 204631K (72%)
----------------- Invoking toplevel() on ptolemy.moml.MoMLSimpleApplication@233f0f84
----------------- Done invoking toplevel() on ptolemy.moml.MoMLSimpleApplication@233f0f84
reloadAllAccessors: .ExponentialResponse

===========================================================================================
----------------- testing Mon Dec 02 06:21:12 UTC 2019 /home/travis/build/icyphy/ptII/ptolemy/domains/continuous/test/auto/ExponentialResponseRK45.xml
----------------- Instantiating /home/travis/build/icyphy/ptII/ptolemy/domains/continuous/test/auto/ExponentialResponseRK45.xml
26 ms. Memory: 284672K Free: 197977K (70%)
----------------- Invoking toplevel() on ptolemy.moml.MoMLSimpleApplication@50a755ca
----------------- Done invoking toplevel() on ptolemy.moml.MoMLSimpleApplication@50a755ca
reloadAllAccessors: .ExponentialResponseRK45

===========================================================================================
----------------- testing Mon Dec 02 06:21:12 UTC 2019 /home/travis/build/icyphy/ptII/ptolemy/domains/continuous/test/auto/Friction.xml
----------------- Instantiating /home/travis/build/icyphy/ptII/ptolemy/domains/continuous/test/auto/Friction.xml
1549 ms. Memory: 284672K Free: 111902K (39%)
----------------- Invoking toplevel() on ptolemy.moml.MoMLSimpleApplication@66cb27ac
----------------- Done invoking toplevel() on ptolemy.moml.MoMLSimpleApplication@66cb27ac
reloadAllAccessors: .Friction

===========================================================================================
----------------- testing Mon Dec 02 06:21:14 UTC 2019 /home/travis/build/icyphy/ptII/ptolemy/domains/continuous/test/auto/FurutaPendulum.xml
----------------- Instantiating /home/travis/build/icyphy/ptII/ptolemy/domains/continuous/test/auto/FurutaPendulum.xml
3722 ms. Memory: 284672K Free: 106312K (37%)
----------------- Invoking toplevel() on ptolemy.moml.MoMLSimpleApplication@58d841ce
----------------- Done invoking toplevel() on ptolemy.moml.MoMLSimpleApplication@58d841ce
reloadAllAccessors: .FurutaPendulum

===========================================================================================
----------------- testing Mon Dec 02 06:21:18 UTC 2019 /home/travis/build/icyphy/ptII/ptolemy/domains/continuous/test/auto/HierarchicalExecution.xml
----------------- Instantiating /home/travis/build/icyphy/ptII/ptolemy/domains/continuous/test/auto/HierarchicalExecution.xml
2196 ms. Memory: 284672K Free: 163695K (58%)
----------------- Invoking toplevel() on ptolemy.moml.MoMLSimpleApplication@7ab114a8
----------------- Done invoking toplevel() on ptolemy.moml.MoMLSimpleApplication@7ab114a8
reloadAllAccessors: .HierarchicalExecution

===========================================================================================
----------------- testing Mon Dec 02 06:21:21 UTC 2019 /home/travis/build/icyphy/ptII/ptolemy/domains/continuous/test/auto/HybridPlant.xml
----------------- Instantiating /home/travis/build/icyphy/ptII/ptolemy/domains/continuous/test/auto/HybridPlant.xml
544 ms. Memory: 284672K Free: 236410K (83%)
----------------- Invoking toplevel() on ptolemy.moml.MoMLSimpleApplication@208231c7
----------------- Done invoking toplevel() on ptolemy.moml.MoMLSimpleApplication@208231c7
reloadAllAccessors: .HybridPlant

===========================================================================================
----------------- testing Mon Dec 02 06:21:21 UTC 2019 /home/travis/build/icyphy/ptII/ptolemy/domains/continuous/test/auto/Hysteresis.xml
----------------- Instantiating /home/travis/build/icyphy/ptII/ptolemy/domains/continuous/test/auto/Hysteresis.xml
143 ms. Memory: 284672K Free: 173402K (61%)
----------------- Invoking toplevel() on ptolemy.moml.MoMLSimpleApplication@2ff7a32e
----------------- Done invoking toplevel() on ptolemy.moml.MoMLSimpleApplication@2ff7a32e
reloadAllAccessors: .Hysteresis

===========================================================================================
----------------- testing Mon Dec 02 06:21:21 UTC 2019 /home/travis/build/icyphy/ptII/ptolemy/domains/continuous/test/auto/HysteresisWithRandomDelay.xml
----------------- Instantiating /home/travis/build/icyphy/ptII/ptolemy/domains/continuous/test/auto/HysteresisWithRandomDelay.xml
188 ms. Memory: 284672K Free: 101738K (36%)
----------------- Invoking toplevel() on ptolemy.moml.MoMLSimpleApplication@7957196e
----------------- Done invoking toplevel() on ptolemy.moml.MoMLSimpleApplication@7957196e
reloadAllAccessors: .HysteresisWithRandomDelay

===========================================================================================
----------------- testing Mon Dec 02 06:21:22 UTC 2019 /home/travis/build/icyphy/ptII/ptolemy/domains/continuous/test/auto/HysteresisWithRandomLosses.xml
----------------- Instantiating /home/travis/build/icyphy/ptII/ptolemy/domains/continuous/test/auto/HysteresisWithRandomLosses.xml
2697 ms. Memory: 284672K Free: 197172K (69%)
----------------- Invoking toplevel() on ptolemy.moml.MoMLSimpleApplication@dd0e7e8
----------------- Done invoking toplevel() on ptolemy.moml.MoMLSimpleApplication@dd0e7e8
reloadAllAccessors: .HysteresisWithRandomLosses

===========================================================================================
----------------- testing Mon Dec 02 06:21:24 UTC 2019 /home/travis/build/icyphy/ptII/ptolemy/domains/continuous/test/auto/ImmediateTransitions.xml
----------------- Instantiating /home/travis/build/icyphy/ptII/ptolemy/domains/continuous/test/auto/ImmediateTransitions.xml
9 ms. Memory: 284672K Free: 186436K (65%)
----------------- Invoking toplevel() on ptolemy.moml.MoMLSimpleApplication@279fdbeb
----------------- Done invoking toplevel() on ptolemy.moml.MoMLSimpleApplication@279fdbeb
reloadAllAccessors: .ImmediateTransitions

===========================================================================================
----------------- testing Mon Dec 02 06:21:24 UTC 2019 /home/travis/build/icyphy/ptII/ptolemy/domains/continuous/test/auto/ImpulseFeedback.xml
----------------- Instantiating /home/travis/build/icyphy/ptII/ptolemy/domains/continuous/test/auto/ImpulseFeedback.xml
8 ms. Memory: 284672K Free: 180802K (64%)
----------------- Invoking toplevel() on ptolemy.moml.MoMLSimpleApplication@926fdf8
----------------- Done invoking toplevel() on ptolemy.moml.MoMLSimpleApplication@926fdf8
reloadAllAccessors: .ImpulseFeedback

===========================================================================================
----------------- testing Mon Dec 02 06:21:24 UTC 2019 /home/travis/build/icyphy/ptII/ptolemy/domains/continuous/test/auto/ImpulseFeedback2.xml
----------------- Instantiating /home/travis/build/icyphy/ptII/ptolemy/domains/continuous/test/auto/ImpulseFeedback2.xml
6 ms. Memory: 284672K Free: 175172K (62%)
----------------- Invoking toplevel() on ptolemy.moml.MoMLSimpleApplication@15380ca2
----------------- Done invoking toplevel() on ptolemy.moml.MoMLSimpleApplication@15380ca2
reloadAllAccessors: .ImpulseFeedback2

===========================================================================================
----------------- testing Mon Dec 02 06:21:24 UTC 2019 /home/travis/build/icyphy/ptII/ptolemy/domains/continuous/test/auto/IncreasingRatePoisson.xml
----------------- Instantiating /home/travis/build/icyphy/ptII/ptolemy/domains/continuous/test/auto/IncreasingRatePoisson.xml
787 ms. Memory: 284672K Free: 195819K (69%)
----------------- Invoking toplevel() on ptolemy.moml.MoMLSimpleApplication@69ed8cb9
----------------- Done invoking toplevel() on ptolemy.moml.MoMLSimpleApplication@69ed8cb9
reloadAllAccessors: .IncreasingRatePoisson

===========================================================================================
----------------- testing Mon Dec 02 06:21:25 UTC 2019 /home/travis/build/icyphy/ptII/ptolemy/domains/continuous/test/auto/InitialStateFeedback.xml
----------------- Instantiating /home/travis/build/icyphy/ptII/ptolemy/domains/continuous/test/auto/InitialStateFeedback.xml
3 ms. Memory: 284672K Free: 191209K (67%)
----------------- Invoking toplevel() on ptolemy.moml.MoMLSimpleApplication@13736600
----------------- Done invoking toplevel() on ptolemy.moml.MoMLSimpleApplication@13736600
reloadAllAccessors: .InitialStateFeedback

===========================================================================================
----------------- testing Mon Dec 02 06:21:25 UTC 2019 /home/travis/build/icyphy/ptII/ptolemy/domains/continuous/test/auto/Integration.xml
----------------- Instantiating /home/travis/build/icyphy/ptII/ptolemy/domains/continuous/test/auto/Integration.xml
2 ms. Memory: 284672K Free: 187113K (66%)
----------------- Invoking toplevel() on ptolemy.moml.MoMLSimpleApplication@1165a732
----------------- Done invoking toplevel() on ptolemy.moml.MoMLSimpleApplication@1165a732
reloadAllAccessors: .Integration

===========================================================================================
----------------- testing Mon Dec 02 06:21:25 UTC 2019 /home/travis/build/icyphy/ptII/ptolemy/domains/continuous/test/auto/Integration2.xml
----------------- Instantiating /home/travis/build/icyphy/ptII/ptolemy/domains/continuous/test/auto/Integration2.xml
84 ms. Memory: 284672K Free: 173291K (61%)
----------------- Invoking toplevel() on ptolemy.moml.MoMLSimpleApplication@4de4e185
----------------- Done invoking toplevel() on ptolemy.moml.MoMLSimpleApplication@4de4e185
reloadAllAccessors: .Integration2

===========================================================================================
----------------- testing Mon Dec 02 06:21:25 UTC 2019 /home/travis/build/icyphy/ptII/ptolemy/domains/continuous/test/auto/Integration3.xml
----------------- Instantiating /home/travis/build/icyphy/ptII/ptolemy/domains/continuous/test/auto/Integration3.xml
2 ms. Memory: 284672K Free: 168681K (59%)
----------------- Invoking toplevel() on ptolemy.moml.MoMLSimpleApplication@63d81dbf
----------------- Done invoking toplevel() on ptolemy.moml.MoMLSimpleApplication@63d81dbf
reloadAllAccessors: .Integration3

===========================================================================================
----------------- testing Mon Dec 02 06:21:25 UTC 2019 /home/travis/build/icyphy/ptII/ptolemy/domains/continuous/test/auto/Integration5.xml
----------------- Instantiating /home/travis/build/icyphy/ptII/ptolemy/domains/continuous/test/auto/Integration5.xml
2 ms. Memory: 284672K Free: 164585K (58%)
----------------- Invoking toplevel() on ptolemy.moml.MoMLSimpleApplication@6a69a53f
----------------- Done invoking toplevel() on ptolemy.moml.MoMLSimpleApplication@6a69a53f
reloadAllAccessors: .Integration5

===========================================================================================
----------------- testing Mon Dec 02 06:21:25 UTC 2019 /home/travis/build/icyphy/ptII/ptolemy/domains/continuous/test/auto/IntegratorImpulse.xml
----------------- Instantiating /home/travis/build/icyphy/ptII/ptolemy/domains/continuous/test/auto/IntegratorImpulse.xml
2 ms. Memory: 284672K Free: 160475K (56%)
----------------- Invoking toplevel() on ptolemy.moml.MoMLSimpleApplication@339274b0
----------------- Done invoking toplevel() on ptolemy.moml.MoMLSimpleApplication@339274b0
reloadAllAccessors: .IntegratorImpulse

===========================================================================================
----------------- testing Mon Dec 02 06:21:25 UTC 2019 /home/travis/build/icyphy/ptII/ptolemy/domains/continuous/test/auto/IntegratorImpulse2.xml
----------------- Instantiating /home/travis/build/icyphy/ptII/ptolemy/domains/continuous/test/auto/IntegratorImpulse2.xml
4 ms. Memory: 284672K Free: 155883K (55%)
----------------- Invoking toplevel() on ptolemy.moml.MoMLSimpleApplication@40cb30e4
----------------- Done invoking toplevel() on ptolemy.moml.MoMLSimpleApplication@40cb30e4
reloadAllAccessors: .IntegratorImpulse2

===========================================================================================
----------------- testing Mon Dec 02 06:21:25 UTC 2019 /home/travis/build/icyphy/ptII/ptolemy/domains/continuous/test/auto/LevelCrossing1.xml
----------------- Instantiating /home/travis/build/icyphy/ptII/ptolemy/domains/continuous/test/auto/LevelCrossing1.xml
3 ms. Memory: 284672K Free: 150235K (53%)
----------------- Invoking toplevel() on ptolemy.moml.MoMLSimpleApplication@5eb68387
----------------- Done invoking toplevel() on ptolemy.moml.MoMLSimpleApplication@5eb68387
reloadAllAccessors: .LevelCrossing1

===========================================================================================
----------------- testing Mon Dec 02 06:21:25 UTC 2019 /home/travis/build/icyphy/ptII/ptolemy/domains/continuous/test/auto/LevelCrossing2.xml
----------------- Instantiating /home/travis/build/icyphy/ptII/ptolemy/domains/continuous/test/auto/LevelCrossing2.xml
2 ms. Memory: 284672K Free: 145115K (51%)
----------------- Invoking toplevel() on ptolemy.moml.MoMLSimpleApplication@28665635
----------------- Done invoking toplevel() on ptolemy.moml.MoMLSimpleApplication@28665635
reloadAllAccessors: .LevelCrossing2

===========================================================================================
----------------- testing Mon Dec 02 06:21:25 UTC 2019 /home/travis/build/icyphy/ptII/ptolemy/domains/continuous/test/auto/LevelCrossing3.xml
----------------- Instantiating /home/travis/build/icyphy/ptII/ptolemy/domains/continuous/test/auto/LevelCrossing3.xml
2 ms. Memory: 284672K Free: 139995K (49%)
----------------- Invoking toplevel() on ptolemy.moml.MoMLSimpleApplication@5eefd5d0
----------------- Done invoking toplevel() on ptolemy.moml.MoMLSimpleApplication@5eefd5d0
reloadAllAccessors: .LevelCrossing3

===========================================================================================
----------------- testing Mon Dec 02 06:21:26 UTC 2019 /home/travis/build/icyphy/ptII/ptolemy/domains/continuous/test/auto/LevelCrossing4.xml
----------------- Instantiating /home/travis/build/icyphy/ptII/ptolemy/domains/continuous/test/auto/LevelCrossing4.xml
3 ms. Memory: 284672K Free: 134889K (47%)
----------------- Invoking toplevel() on ptolemy.moml.MoMLSimpleApplication@d2aedbc
----------------- Done invoking toplevel() on ptolemy.moml.MoMLSimpleApplication@d2aedbc
reloadAllAccessors: .LevelCrossing4

===========================================================================================
----------------- testing Mon Dec 02 06:21:26 UTC 2019 /home/travis/build/icyphy/ptII/ptolemy/domains/continuous/test/auto/LevelCrossing5.xml
----------------- Instantiating /home/travis/build/icyphy/ptII/ptolemy/domains/continuous/test/auto/LevelCrossing5.xml
2 ms. Memory: 284672K Free: 129769K (46%)
----------------- Invoking toplevel() on ptolemy.moml.MoMLSimpleApplication@6869c6ff
----------------- Done invoking toplevel() on ptolemy.moml.MoMLSimpleApplication@6869c6ff
reloadAllAccessors: .LevelCrossing5

===========================================================================================
[...]
10 ms. Memory: 284672K Free: 214276K (75%)
----------------- Invoking toplevel() on ptolemy.moml.MoMLSimpleApplication@27eef9aa
----------------- Done invoking toplevel() on ptolemy.moml.MoMLSimpleApplication@27eef9aa
reloadAllAccessors: .ResetTransitionWithStartTime6

===========================================================================================
----------------- testing Mon Dec 02 06:21:45 UTC 2019 /home/travis/build/icyphy/ptII/ptolemy/domains/continuous/test/auto/SRinContinuous.xml
----------------- Instantiating /home/travis/build/icyphy/ptII/ptolemy/domains/continuous/test/auto/SRinContinuous.xml
6 ms. Memory: 284672K Free: 206628K (73%)
----------------- Invoking toplevel() on ptolemy.moml.MoMLSimpleApplication@498075f1
----------------- Done invoking toplevel() on ptolemy.moml.MoMLSimpleApplication@498075f1
reloadAllAccessors: .SRinContinuous

===========================================================================================
----------------- testing Mon Dec 02 06:21:45 UTC 2019 /home/travis/build/icyphy/ptII/ptolemy/domains/continuous/test/auto/SampledClocks.xml
----------------- Instantiating /home/travis/build/icyphy/ptII/ptolemy/domains/continuous/test/auto/SampledClocks.xml
7 ms. Memory: 284672K Free: 193826K (68%)
----------------- Invoking toplevel() on ptolemy.moml.MoMLSimpleApplication@643e324b
----------------- Done invoking toplevel() on ptolemy.moml.MoMLSimpleApplication@643e324b
reloadAllAccessors: .SampledClocks

===========================================================================================
----------------- testing Mon Dec 02 06:21:45 UTC 2019 /home/travis/build/icyphy/ptII/ptolemy/domains/continuous/test/auto/Satellite.xml
----------------- Instantiating /home/travis/build/icyphy/ptII/ptolemy/domains/continuous/test/auto/Satellite.xml
860 ms. Memory: 284672K Free: 166424K (58%)
----------------- Invoking toplevel() on ptolemy.moml.MoMLSimpleApplication@40329996
----------------- Done invoking toplevel() on ptolemy.moml.MoMLSimpleApplication@40329996
reloadAllAccessors: .Satellite

===========================================================================================
----------------- testing Mon Dec 02 06:21:45 UTC 2019 /home/travis/build/icyphy/ptII/ptolemy/domains/continuous/test/auto/SigmaDelta.xml
----------------- Instantiating /home/travis/build/icyphy/ptII/ptolemy/domains/continuous/test/auto/SigmaDelta.xml
2286 ms. Memory: 284672K Free: 233671K (82%)
----------------- Invoking toplevel() on ptolemy.moml.MoMLSimpleApplication@4ab75b2c
----------------- Done invoking toplevel() on ptolemy.moml.MoMLSimpleApplication@4ab75b2c
reloadAllAccessors: .SigmaDelta

===========================================================================================
----------------- testing Mon Dec 02 06:21:48 UTC 2019 /home/travis/build/icyphy/ptII/ptolemy/domains/continuous/test/auto/SingleRefinement.xml
----------------- Instantiating /home/travis/build/icyphy/ptII/ptolemy/domains/continuous/test/auto/SingleRefinement.xml
333 ms. Memory: 284672K Free: 219315K (77%)
----------------- Invoking toplevel() on ptolemy.moml.MoMLSimpleApplication@7edf75b4
----------------- Done invoking toplevel() on ptolemy.moml.MoMLSimpleApplication@7edf75b4
reloadAllAccessors: .SingleRefinement

===========================================================================================
----------------- testing Mon Dec 02 06:21:48 UTC 2019 /home/travis/build/icyphy/ptII/ptolemy/domains/continuous/test/auto/SinuBouncingBall.xml
----------------- Instantiating /home/travis/build/icyphy/ptII/ptolemy/domains/continuous/test/auto/SinuBouncingBall.xml
712 ms. Memory: 284672K Free: 172443K (61%)
----------------- Invoking toplevel() on ptolemy.moml.MoMLSimpleApplication@50ad896f
----------------- Done invoking toplevel() on ptolemy.moml.MoMLSimpleApplication@50ad896f
reloadAllAccessors: .SinuBouncingBall

===========================================================================================
----------------- testing Mon Dec 02 06:21:49 UTC 2019 /home/travis/build/icyphy/ptII/ptolemy/domains/continuous/test/auto/Sinusoid.xml
----------------- Instantiating /home/travis/build/icyphy/ptII/ptolemy/domains/continuous/test/auto/Sinusoid.xml
5 ms. Memory: 284672K Free: 167819K (59%)
----------------- Invoking toplevel() on ptolemy.moml.MoMLSimpleApplication@467ad667
----------------- Done invoking toplevel() on ptolemy.moml.MoMLSimpleApplication@467ad667
reloadAllAccessors: .Sinusoid

===========================================================================================
----------------- testing Mon Dec 02 06:21:49 UTC 2019 /home/travis/build/icyphy/ptII/ptolemy/domains/continuous/test/auto/SinusoidInNoise.xml
----------------- Instantiating /home/travis/build/icyphy/ptII/ptolemy/domains/continuous/test/auto/SinusoidInNoise.xml
878 ms. Memory: 284672K Free: 199427K (70%)
----------------- Invoking toplevel() on ptolemy.moml.MoMLSimpleApplication@375146dc
----------------- Done invoking toplevel() on ptolemy.moml.MoMLSimpleApplication@375146dc
reloadAllAccessors: .SinusoidInNoise

===========================================================================================
----------------- testing Mon Dec 02 06:21:50 UTC 2019 /home/travis/build/icyphy/ptII/ptolemy/domains/continuous/test/auto/SinusoidRK45.xml
----------------- Instantiating /home/travis/build/icyphy/ptII/ptolemy/domains/continuous/test/auto/SinusoidRK45.xml
2 ms. Memory: 284672K Free: 194821K (68%)
----------------- Invoking toplevel() on ptolemy.moml.MoMLSimpleApplication@65578ec4
----------------- Done invoking toplevel() on ptolemy.moml.MoMLSimpleApplication@65578ec4
reloadAllAccessors: .SinusoidRK45

===========================================================================================
----------------- testing Mon Dec 02 06:21:50 UTC 2019 /home/travis/build/icyphy/ptII/ptolemy/domains/continuous/test/auto/SinusoidWithMultipleImpulses.xml
----------------- Instantiating /home/travis/build/icyphy/ptII/ptolemy/domains/continuous/test/auto/SinusoidWithMultipleImpulses.xml
3 ms. Memory: 284672K Free: 190211K (67%)
----------------- Invoking toplevel() on ptolemy.moml.MoMLSimpleApplication@13a6f661
----------------- Done invoking toplevel() on ptolemy.moml.MoMLSimpleApplication@13a6f661
reloadAllAccessors: .SinusoidWithMultipleImpulses

===========================================================================================
----------------- testing Mon Dec 02 06:21:50 UTC 2019 /home/travis/build/icyphy/ptII/ptolemy/domains/continuous/test/auto/SquareWave.xml
----------------- Instantiating /home/travis/build/icyphy/ptII/ptolemy/domains/continuous/test/auto/SquareWave.xml
171 ms. Memory: 284672K Free: 163077K (57%)
----------------- Invoking toplevel() on ptolemy.moml.MoMLSimpleApplication@3bf54d3a
----------------- Done invoking toplevel() on ptolemy.moml.MoMLSimpleApplication@3bf54d3a
reloadAllAccessors: .SquareWave

===========================================================================================
----------------- testing Mon Dec 02 06:21:50 UTC 2019 /home/travis/build/icyphy/ptII/ptolemy/domains/continuous/test/auto/Starmac.xml
----------------- Instantiating /home/travis/build/icyphy/ptII/ptolemy/domains/continuous/test/auto/Starmac.xml
3080 ms. Memory: 284672K Free: 178325K (63%)
----------------- Invoking toplevel() on ptolemy.moml.MoMLSimpleApplication@44a3ab31
----------------- Done invoking toplevel() on ptolemy.moml.MoMLSimpleApplication@44a3ab31
reloadAllAccessors: .Starmac

===========================================================================================
----------------- testing Mon Dec 02 06:21:54 UTC 2019 /home/travis/build/icyphy/ptII/ptolemy/domains/continuous/test/auto/StaticUnits.xml
----------------- Instantiating /home/travis/build/icyphy/ptII/ptolemy/domains/continuous/test/auto/StaticUnits.xml
2234 ms. Memory: 342016K Free: 297552K (87%)
----------------- Invoking toplevel() on ptolemy.moml.MoMLSimpleApplication@633c3e6c
----------------- Done invoking toplevel() on ptolemy.moml.MoMLSimpleApplication@633c3e6c
reloadAllAccessors: .StaticUnits

===========================================================================================
----------------- testing Mon Dec 02 06:21:57 UTC 2019 /home/travis/build/icyphy/ptII/ptolemy/domains/continuous/test/auto/StickyMasses.xml
----------------- Instantiating /home/travis/build/icyphy/ptII/ptolemy/domains/continuous/test/auto/StickyMasses.xml
137 ms. Memory: 342016K Free: 247376K (72%)
----------------- Invoking toplevel() on ptolemy.moml.MoMLSimpleApplication@416dedce
----------------- Done invoking toplevel() on ptolemy.moml.MoMLSimpleApplication@416dedce
reloadAllAccessors: .StickyMasses

===========================================================================================
----------------- testing Mon Dec 02 06:21:57 UTC 2019 /home/travis/build/icyphy/ptII/ptolemy/domains/continuous/test/auto/StopTime.xml
----------------- Instantiating /home/travis/build/icyphy/ptII/ptolemy/domains/continuous/test/auto/StopTime.xml
41 ms. Memory: 342016K Free: 221776K (65%)
----------------- Invoking toplevel() on ptolemy.moml.MoMLSimpleApplication@340586c
----------------- Done invoking toplevel() on ptolemy.moml.MoMLSimpleApplication@340586c
reloadAllAccessors: .StopTime

===========================================================================================
----------------- testing Mon Dec 02 06:21:57 UTC 2019 /home/travis/build/icyphy/ptII/ptolemy/domains/continuous/test/auto/StopTime2.xml
----------------- Instantiating /home/travis/build/icyphy/ptII/ptolemy/domains/continuous/test/auto/StopTime2.xml
35 ms. Memory: 342016K Free: 199727K (58%)
----------------- Invoking toplevel() on ptolemy.moml.MoMLSimpleApplication@155b46ff
----------------- Done invoking toplevel() on ptolemy.moml.MoMLSimpleApplication@155b46ff
reloadAllAccessors: .StopTime2

===========================================================================================
----------------- testing Mon Dec 02 06:21:57 UTC 2019 /home/travis/build/icyphy/ptII/ptolemy/domains/continuous/test/auto/Switch.xml
----------------- Instantiating /home/travis/build/icyphy/ptII/ptolemy/domains/continuous/test/auto/Switch.xml
42 ms. Memory: 342016K Free: 175182K (51%)
----------------- Invoking toplevel() on ptolemy.moml.MoMLSimpleApplication@2545e488
----------------- Done invoking toplevel() on ptolemy.moml.MoMLSimpleApplication@2545e488
reloadAllAccessors: .Switch

===========================================================================================
----------------- testing Mon Dec 02 06:21:57 UTC 2019 /home/travis/build/icyphy/ptII/ptolemy/domains/continuous/test/auto/Thermostat.xml
----------------- Instantiating /home/travis/build/icyphy/ptII/ptolemy/domains/continuous/test/auto/Thermostat.xml
198 ms. Memory: 342016K Free: 302141K (88%)
----------------- Invoking toplevel() on ptolemy.moml.MoMLSimpleApplication@3eadcedc
----------------- Done invoking toplevel() on ptolemy.moml.MoMLSimpleApplication@3eadcedc
reloadAllAccessors: .Thermostat

===========================================================================================
----------------- testing Mon Dec 02 06:21:57 UTC 2019 /home/travis/build/icyphy/ptII/ptolemy/domains/continuous/test/auto/TimeDelay.xml
----------------- Instantiating /home/travis/build/icyphy/ptII/ptolemy/domains/continuous/test/auto/TimeDelay.xml
7 ms. Memory: 342016K Free: 297021K (87%)
----------------- Invoking toplevel() on ptolemy.moml.MoMLSimpleApplication@78029036
----------------- Done invoking toplevel() on ptolemy.moml.MoMLSimpleApplication@78029036
reloadAllAccessors: .TimeDelay

===========================================================================================
----------------- testing Mon Dec 02 06:21:57 UTC 2019 /home/travis/build/icyphy/ptII/ptolemy/domains/continuous/test/auto/TimeDelay2.xml
----------------- Instantiating /home/travis/build/icyphy/ptII/ptolemy/domains/continuous/test/auto/TimeDelay2.xml
8 ms. Memory: 342016K Free: 287291K (84%)
----------------- Invoking toplevel() on ptolemy.moml.MoMLSimpleApplication@5daa166d
----------------- Done invoking toplevel() on ptolemy.moml.MoMLSimpleApplication@5daa166d
reloadAllAccessors: .TimeDelay2

===========================================================================================
----------------- testing Mon Dec 02 06:21:57 UTC 2019 /home/travis/build/icyphy/ptII/ptolemy/domains/continuous/test/auto/TimeDelay3.xml
----------------- Instantiating /home/travis/build/icyphy/ptII/ptolemy/domains/continuous/test/auto/TimeDelay3.xml
3 ms. Memory: 342016K Free: 282685K (83%)
----------------- Invoking toplevel() on ptolemy.moml.MoMLSimpleApplication@4ee9fa65
----------------- Done invoking toplevel() on ptolemy.moml.MoMLSimpleApplication@4ee9fa65
reloadAllAccessors: .TimeDelay3

===========================================================================================
----------------- testing Mon Dec 02 06:21:57 UTC 2019 /home/travis/build/icyphy/ptII/ptolemy/domains/continuous/test/auto/TransferAbsentToInside.xml
----------------- Instantiating /home/travis/build/icyphy/ptII/ptolemy/domains/continuous/test/auto/TransferAbsentToInside.xml
28 ms. Memory: 342016K Free: 228917K (67%)
----------------- Invoking toplevel() on ptolemy.moml.MoMLSimpleApplication@39b3e4c0
----------------- Done invoking toplevel() on ptolemy.moml.MoMLSimpleApplication@39b3e4c0
reloadAllAccessors: .TransferAbsentToInside

===========================================================================================
----------------- testing Mon Dec 02 06:21:57 UTC 2019 /home/travis/build/icyphy/ptII/ptolemy/domains/continuous/test/auto/Transmission.xml
----------------- Instantiating /home/travis/build/icyphy/ptII/ptolemy/domains/continuous/test/auto/Transmission.xml
773 ms. Memory: 342016K Free: 198205K (58%)
----------------- Invoking toplevel() on ptolemy.moml.MoMLSimpleApplication@253b7366
----------------- Done invoking toplevel() on ptolemy.moml.MoMLSimpleApplication@253b7366
reloadAllAccessors: .Transmission

===========================================================================================
----------------- testing Mon Dec 02 06:21:58 UTC 2019 /home/travis/build/icyphy/ptII/ptolemy/domains/continuous/test/auto/TriggeredContinuousClock.xml
----------------- Instantiating /home/travis/build/icyphy/ptII/ptolemy/domains/continuous/test/auto/TriggeredContinuousClock.xml
42 ms. Memory: 342016K Free: 168509K (49%)
----------------- Invoking toplevel() on ptolemy.moml.MoMLSimpleApplication@3a5b1554
----------------- Done invoking toplevel() on ptolemy.moml.MoMLSimpleApplication@3a5b1554
reloadAllAccessors: .TriggeredContinuousClock

===========================================================================================
----------------- testing Mon Dec 02 06:21:58 UTC 2019 /home/travis/build/icyphy/ptII/ptolemy/domains/continuous/test/auto/TwoMachineInfiniteBusControl.xml
----------------- Instantiating /home/travis/build/icyphy/ptII/ptolemy/domains/continuous/test/auto/TwoMachineInfiniteBusControl.xml
3001 ms. Memory: 342016K Free: 185350K (54%)
----------------- Invoking toplevel() on ptolemy.moml.MoMLSimpleApplication@6d67b7d
----------------- Done invoking toplevel() on ptolemy.moml.MoMLSimpleApplication@6d67b7d
reloadAllAccessors: .TwoMachineInfiniteBusControl

===========================================================================================
----------------- testing Mon Dec 02 06:22:01 UTC 2019 /home/travis/build/icyphy/ptII/ptolemy/domains/continuous/test/auto/V2V.xml
----------------- Instantiating /home/travis/build/icyphy/ptII/ptolemy/domains/continuous/test/auto/V2V.xml
660 ms. Memory: 342016K Free: 195579K (57%)
----------------- Invoking toplevel() on ptolemy.moml.MoMLSimpleApplication@4f81ab4d
----------------- Done invoking toplevel() on ptolemy.moml.MoMLSimpleApplication@4f81ab4d
reloadAllAccessors: .V2V

===========================================================================================
----------------- testing Mon Dec 02 06:22:02 UTC 2019 /home/travis/build/icyphy/ptII/ptolemy/domains/continuous/test/auto/hierarchicalModalModel.xml
----------------- Instantiating /home/travis/build/icyphy/ptII/ptolemy/domains/continuous/test/auto/hierarchicalModalModel.xml
7 ms. Memory: 342016K Free: 180733K (53%)
----------------- Invoking toplevel() on ptolemy.moml.MoMLSimpleApplication@2973d2db
----------------- Done invoking toplevel() on ptolemy.moml.MoMLSimpleApplication@2973d2db
reloadAllAccessors: .hierarchicalModalModel

===========================================================================================
----------------- testing Mon Dec 02 06:22:02 UTC 2019 /home/travis/build/icyphy/ptII/ptolemy/domains/continuous/test/auto/hierarchicalModalModel1.xml
----------------- Instantiating /home/travis/build/icyphy/ptII/ptolemy/domains/continuous/test/auto/hierarchicalModalModel1.xml
9 ms. Memory: 342016K Free: 166397K (49%)
----------------- Invoking toplevel() on ptolemy.moml.MoMLSimpleApplication@7a729fd4
----------------- Done invoking toplevel() on ptolemy.moml.MoMLSimpleApplication@7a729fd4
reloadAllAccessors: .hierarchicalModalModel1

===========================================================================================
----------------- testing Mon Dec 02 06:22:02 UTC 2019 /home/travis/build/icyphy/ptII/ptolemy/domains/continuous/test/auto/hierarchicalModalModel2.xml
----------------- Instantiating /home/travis/build/icyphy/ptII/ptolemy/domains/continuous/test/auto/hierarchicalModalModel2.xml
6 ms. Memory: 342016K Free: 154109K (45%)
----------------- Invoking toplevel() on ptolemy.moml.MoMLSimpleApplication@201ac3cb
----------------- Done invoking toplevel() on ptolemy.moml.MoMLSimpleApplication@201ac3cb
reloadAllAccessors: .hierarchicalModalModel2

===========================================================================================
----------------- testing Mon Dec 02 06:22:02 UTC 2019 /home/travis/build/icyphy/ptII/ptolemy/domains/continuous/test/auto/hierarchicalModalModel3.xml
----------------- Instantiating /home/travis/build/icyphy/ptII/ptolemy/domains/continuous/test/auto/hierarchicalModalModel3.xml
5 ms. Memory: 342016K Free: 143355K (42%)
----------------- Invoking toplevel() on ptolemy.moml.MoMLSimpleApplication@1cbe8f99
----------------- Done invoking toplevel() on ptolemy.moml.MoMLSimpleApplication@1cbe8f99
reloadAllAccessors: .hierarchicalModalModel3

===========================================================================================
----------------- testing Mon Dec 02 06:22:02 UTC 2019 /home/travis/build/icyphy/ptII/ptolemy/domains/continuous/test/auto/hierarchicalModalModel4.xml
----------------- Instantiating /home/travis/build/icyphy/ptII/ptolemy/domains/continuous/test/auto/hierarchicalModalModel4.xml
5 ms. Memory: 342016K Free: 131581K (38%)
----------------- Invoking toplevel() on ptolemy.moml.MoMLSimpleApplication@18796b01
----------------- Done invoking toplevel() on ptolemy.moml.MoMLSimpleApplication@18796b01
reloadAllAccessors: .hierarchicalModalModel4

===========================================================================================
----------------- testing Mon Dec 02 06:22:02 UTC 2019 /home/travis/build/icyphy/ptII/ptolemy/domains/continuous/test/auto/junk.xml
----------------- Instantiating /home/travis/build/icyphy/ptII/ptolemy/domains/continuous/test/auto/junk.xml
152 ms. Memory: 342016K Free: 304078K (89%)
----------------- Invoking toplevel() on ptolemy.moml.MoMLSimpleApplication@12a4910d
----------------- Done invoking toplevel() on ptolemy.moml.MoMLSimpleApplication@12a4910d
reloadAllAccessors: .junk
AutoTests.java: About to close Vertx.
AutoTests.java: Vertx closed.
]]></system-out>
  <system-err><![CDATA[Warning: '.Poisson.NonStrictTest' The test produced only 421 tokens, yet the correctValues parameter was expecting 430 tokens.
]]></system-err>
</testsuite>
