<?xml version="1.0" encoding="UTF-8" ?>
<testsuite errors="0" failures="0" hostname="travis-job-fcea6704-bb63-4476-951e-0b1011f6d410" name="ptolemy.actor.lib.hoc.test.junit.JUnitTclTest" skipped="0" tests="58" time="34.37" timestamp="2020-06-12T14:39:57">
  <properties>
[...]
</properties>
  <testcase classname="ptolemy.util.test.junit.TclTests" name="[0] /home/travis/build/icyphy/ptII/ptolemy/actor/lib/hoc/test/IterateOverArray.tcl (RunTclFile)" time="0.369" />
  <testcase classname="ptolemy.util.test.junit.AutoKnownFailedTests" name="[0] /home/travis/build/icyphy/ptII/ptolemy/actor/lib/hoc/test/auto/knownFailedTests/PreinitializeMustBeInvokedRunComposite.xml (RunModel)" time="0.492" />
  <testcase classname="ptolemy.util.test.junit.AutoNameArchTests" name="[0] ThereAreNoAutoArchTests (RunModel)" time="0.006" />
  <testcase classname="ptolemy.util.test.junit.AutoTests" name="[0] /home/travis/build/icyphy/ptII/ptolemy/actor/lib/hoc/test/auto/AllToAllMultiInstanceComposite.xml (RunModel)" time="0.363" />
  <testcase classname="ptolemy.util.test.junit.AutoTests" name="[1] /home/travis/build/icyphy/ptII/ptolemy/actor/lib/hoc/test/auto/ApplyFFTTest.xml (RunModel)" time="0.407" />
  <testcase classname="ptolemy.util.test.junit.AutoTests" name="[2] /home/travis/build/icyphy/ptII/ptolemy/actor/lib/hoc/test/auto/ApplyFunction.xml (RunModel)" time="0.086" />
  <testcase classname="ptolemy.util.test.junit.AutoTests" name="[3] /home/travis/build/icyphy/ptII/ptolemy/actor/lib/hoc/test/auto/BackgroundExecution.xml (RunModel)" time="0.744" />
  <testcase classname="ptolemy.util.test.junit.AutoTests" name="[4] /home/travis/build/icyphy/ptII/ptolemy/actor/lib/hoc/test/auto/Case.xml (RunModel)" time="0.089" />
  <testcase classname="ptolemy.util.test.junit.AutoTests" name="[5] /home/travis/build/icyphy/ptII/ptolemy/actor/lib/hoc/test/auto/Case1.xml (RunModel)" time="0.073" />
  <testcase classname="ptolemy.util.test.junit.AutoTests" name="[6] /home/travis/build/icyphy/ptII/ptolemy/actor/lib/hoc/test/auto/Case2.xml (RunModel)" time="0.078" />
  <testcase classname="ptolemy.util.test.junit.AutoTests" name="[7] /home/travis/build/icyphy/ptII/ptolemy/actor/lib/hoc/test/auto/Case3.xml (RunModel)" time="0.033" />
  <testcase classname="ptolemy.util.test.junit.AutoTests" name="[8] /home/travis/build/icyphy/ptII/ptolemy/actor/lib/hoc/test/auto/Case4.xml (RunModel)" time="0.039" />
  <testcase classname="ptolemy.util.test.junit.AutoTests" name="[9] /home/travis/build/icyphy/ptII/ptolemy/actor/lib/hoc/test/auto/Case5.xml (RunModel)" time="0.056" />
  <testcase classname="ptolemy.util.test.junit.AutoTests" name="[10] /home/travis/build/icyphy/ptII/ptolemy/actor/lib/hoc/test/auto/Case6.xml (RunModel)" time="0.113" />
  <testcase classname="ptolemy.util.test.junit.AutoTests" name="[11] /home/travis/build/icyphy/ptII/ptolemy/actor/lib/hoc/test/auto/CaseString2.xml (RunModel)" time="0.05" />
  <testcase classname="ptolemy.util.test.junit.AutoTests" name="[12] /home/travis/build/icyphy/ptII/ptolemy/actor/lib/hoc/test/auto/CatchUpComposite1.xml (RunModel)" time="0.084" />
  <testcase classname="ptolemy.util.test.junit.AutoTests" name="[13] /home/travis/build/icyphy/ptII/ptolemy/actor/lib/hoc/test/auto/CatchUpComposite2.xml (RunModel)" time="0.046" />
  <testcase classname="ptolemy.util.test.junit.AutoTests" name="[14] /home/travis/build/icyphy/ptII/ptolemy/actor/lib/hoc/test/auto/CatchUpComposite3.xml (RunModel)" time="0.072" />
  <testcase classname="ptolemy.util.test.junit.AutoTests" name="[15] /home/travis/build/icyphy/ptII/ptolemy/actor/lib/hoc/test/auto/CatchUpComposite4.xml (RunModel)" time="0.046" />
  <testcase classname="ptolemy.util.test.junit.AutoTests" name="[16] /home/travis/build/icyphy/ptII/ptolemy/actor/lib/hoc/test/auto/CatchUpComposite5.xml (RunModel)" time="0.045" />
  <testcase classname="ptolemy.util.test.junit.AutoTests" name="[17] /home/travis/build/icyphy/ptII/ptolemy/actor/lib/hoc/test/auto/CatchUpComposite6.xml (RunModel)" time="0.204" />
  <testcase classname="ptolemy.util.test.junit.AutoTests" name="[18] /home/travis/build/icyphy/ptII/ptolemy/actor/lib/hoc/test/auto/CatchUpComposite7.xml (RunModel)" time="0.134" />
  <testcase classname="ptolemy.util.test.junit.AutoTests" name="[19] /home/travis/build/icyphy/ptII/ptolemy/actor/lib/hoc/test/auto/ConcurrentExecutionTimeSDF.xml (RunModel)" time="1.526" />
  <testcase classname="ptolemy.util.test.junit.AutoTests" name="[20] /home/travis/build/icyphy/ptII/ptolemy/actor/lib/hoc/test/auto/ConcurrentSleep.xml (RunModel)" time="0.765" />
  <testcase classname="ptolemy.util.test.junit.AutoTests" name="[21] /home/travis/build/icyphy/ptII/ptolemy/actor/lib/hoc/test/auto/DEInPNInRunCompositeActor.xml (RunModel)" time="0.04" />
  <testcase classname="ptolemy.util.test.junit.AutoTests" name="[22] /home/travis/build/icyphy/ptII/ptolemy/actor/lib/hoc/test/auto/DFTSubSetTest.xml (RunModel)" time="0.329" />
  <testcase classname="ptolemy.util.test.junit.AutoTests" name="[23] /home/travis/build/icyphy/ptII/ptolemy/actor/lib/hoc/test/auto/HocDE.xml (RunModel)" time="0.191" />
  <testcase classname="ptolemy.util.test.junit.AutoTests" name="[24] /home/travis/build/icyphy/ptII/ptolemy/actor/lib/hoc/test/auto/IterateOverArray.xml (RunModel)" time="0.029" />
  <testcase classname="ptolemy.util.test.junit.AutoTests" name="[25] /home/travis/build/icyphy/ptII/ptolemy/actor/lib/hoc/test/auto/IterateOverArray10.xml (RunModel)" time="0.036" />
  <testcase classname="ptolemy.util.test.junit.AutoTests" name="[26] /home/travis/build/icyphy/ptII/ptolemy/actor/lib/hoc/test/auto/IterateOverArray11.xml (RunModel)" time="0.024" />
  <testcase classname="ptolemy.util.test.junit.AutoTests" name="[27] /home/travis/build/icyphy/ptII/ptolemy/actor/lib/hoc/test/auto/IterateOverArray12.xml (RunModel)" time="0.033" />
  <testcase classname="ptolemy.util.test.junit.AutoTests" name="[28] /home/travis/build/icyphy/ptII/ptolemy/actor/lib/hoc/test/auto/IterateOverArray13.xml (RunModel)" time="0.18" />
  <testcase classname="ptolemy.util.test.junit.AutoTests" name="[29] /home/travis/build/icyphy/ptII/ptolemy/actor/lib/hoc/test/auto/IterateOverArray14.xml (RunModel)" time="0.134" />
  <testcase classname="ptolemy.util.test.junit.AutoTests" name="[30] /home/travis/build/icyphy/ptII/ptolemy/actor/lib/hoc/test/auto/IterateOverArray2.xml (RunModel)" time="0.021" />
  <testcase classname="ptolemy.util.test.junit.AutoTests" name="[31] /home/travis/build/icyphy/ptII/ptolemy/actor/lib/hoc/test/auto/IterateOverArray3.xml (RunModel)" time="0.028" />
  <testcase classname="ptolemy.util.test.junit.AutoTests" name="[32] /home/travis/build/icyphy/ptII/ptolemy/actor/lib/hoc/test/auto/IterateOverArray4.xml (RunModel)" time="0.018" />
  <testcase classname="ptolemy.util.test.junit.AutoTests" name="[33] /home/travis/build/icyphy/ptII/ptolemy/actor/lib/hoc/test/auto/IterateOverArray5.xml (RunModel)" time="0.021" />
  <testcase classname="ptolemy.util.test.junit.AutoTests" name="[34] /home/travis/build/icyphy/ptII/ptolemy/actor/lib/hoc/test/auto/IterateOverArray6.xml (RunModel)" time="0.023" />
  <testcase classname="ptolemy.util.test.junit.AutoTests" name="[35] /home/travis/build/icyphy/ptII/ptolemy/actor/lib/hoc/test/auto/IterateOverArray7.xml (RunModel)" time="0.034" />
  <testcase classname="ptolemy.util.test.junit.AutoTests" name="[36] /home/travis/build/icyphy/ptII/ptolemy/actor/lib/hoc/test/auto/IterateOverArray8.xml (RunModel)" time="0.02" />
  <testcase classname="ptolemy.util.test.junit.AutoTests" name="[37] /home/travis/build/icyphy/ptII/ptolemy/actor/lib/hoc/test/auto/IterateOverArray9.xml (RunModel)" time="0.025" />
  <testcase classname="ptolemy.util.test.junit.AutoTests" name="[38] /home/travis/build/icyphy/ptII/ptolemy/actor/lib/hoc/test/auto/IterateOverArrayCoercedOutputType.xml (RunModel)" time="0.053" />
  <testcase classname="ptolemy.util.test.junit.AutoTests" name="[39] /home/travis/build/icyphy/ptII/ptolemy/actor/lib/hoc/test/auto/IterateOverArrayInferredOutputType.xml (RunModel)" time="0.033" />
  <testcase classname="ptolemy.util.test.junit.AutoTests" name="[40] /home/travis/build/icyphy/ptII/ptolemy/actor/lib/hoc/test/auto/MobileFunctionTest.xml (RunModel)" time="0.036" />
  <testcase classname="ptolemy.util.test.junit.AutoTests" name="[41] /home/travis/build/icyphy/ptII/ptolemy/actor/lib/hoc/test/auto/MobileModelTest.xml (RunModel)" time="0.181" />
  <testcase classname="ptolemy.util.test.junit.AutoTests" name="[42] /home/travis/build/icyphy/ptII/ptolemy/actor/lib/hoc/test/auto/ModelReference.xml (RunModel)" time="0.066" />
  <testcase classname="ptolemy.util.test.junit.AutoTests" name="[43] /home/travis/build/icyphy/ptII/ptolemy/actor/lib/hoc/test/auto/ModelReference3.xml (RunModel)" time="0.047" />
  <testcase classname="ptolemy.util.test.junit.AutoTests" name="[44] /home/travis/build/icyphy/ptII/ptolemy/actor/lib/hoc/test/auto/ModelReference4.xml (RunModel)" time="10.034" />
  <testcase classname="ptolemy.util.test.junit.AutoTests" name="[45] /home/travis/build/icyphy/ptII/ptolemy/actor/lib/hoc/test/auto/MultiInstanceComposite.xml (RunModel)" time="0.054" />
  <testcase classname="ptolemy.util.test.junit.AutoTests" name="[46] /home/travis/build/icyphy/ptII/ptolemy/actor/lib/hoc/test/auto/MultiInstanceComposite2.xml (RunModel)" time="0.042" />
  <testcase classname="ptolemy.util.test.junit.AutoTests" name="[47] /home/travis/build/icyphy/ptII/ptolemy/actor/lib/hoc/test/auto/MulticoreExecution.xml (RunModel)" time="1.076" />
  <testcase classname="ptolemy.util.test.junit.AutoTests" name="[48] /home/travis/build/icyphy/ptII/ptolemy/actor/lib/hoc/test/auto/ParallelExecution.xml (RunModel)" time="0.939" />
  <testcase classname="ptolemy.util.test.junit.AutoTests" name="[49] /home/travis/build/icyphy/ptII/ptolemy/actor/lib/hoc/test/auto/RunCompositeActor.xml (RunModel)" time="0.022" />
  <testcase classname="ptolemy.util.test.junit.AutoTests" name="[50] /home/travis/build/icyphy/ptII/ptolemy/actor/lib/hoc/test/auto/RunCompositeActor2.xml (RunModel)" time="0.023" />
  <testcase classname="ptolemy.util.test.junit.AutoTests" name="[51] /home/travis/build/icyphy/ptII/ptolemy/actor/lib/hoc/test/auto/RunCompositeActor3.xml (RunModel)" time="0.022" />
  <testcase classname="ptolemy.util.test.junit.AutoTests" name="[52] /home/travis/build/icyphy/ptII/ptolemy/actor/lib/hoc/test/auto/RunCompositeActor4.xml (RunModel)" time="0.027" />
  <testcase classname="ptolemy.util.test.junit.AutoTests" name="[53] /home/travis/build/icyphy/ptII/ptolemy/actor/lib/hoc/test/auto/RunCompositeIterateOverArray.xml (RunModel)" time="0.024" />
  <testcase classname="ptolemy.util.test.junit.AutoTests" name="[54] /home/travis/build/icyphy/ptII/ptolemy/actor/lib/hoc/test/auto/ThreadedJS.xml (RunModel)" time="13.973" />
  <system-out><![CDATA[/home/travis/build/icyphy/ptII/ptolemy/actor/lib/hoc/test/IterateOverArray.tcl
testDefs.tcl: setting time out to 9000 seconds at Fri Jun 12 14:39:57 UTC 2020
06/12/20 02:39:57
Failed: 0  Total Tests: 2  ((Passed: 2, Newly Passed: 0)  Known Failed: 0) /home/travis/build/icyphy/ptII/ptolemy/actor/lib/hoc/test
----------------- testing (KnownFailure) /home/travis/build/icyphy/ptII/ptolemy/actor/lib/hoc/test/auto/knownFailedTests/PreinitializeMustBeInvokedRunComposite.xml
135 ms. Memory: 129024K Free: 86469K (67%)
Known Failure: java.lang.reflect.InvocationTargetException
No auto/linux-amd64/*.xml tests in /home/travis/build/icyphy/ptII/ptolemy/actor/lib/hoc/test
AutoTests.java: About to close Vertx.
AutoTests.java: Vertx closed.

===========================================================================================
----------------- testing Fri Jun 12 14:39:58 UTC 2020 /home/travis/build/icyphy/ptII/ptolemy/actor/lib/hoc/test/auto/AllToAllMultiInstanceComposite.xml
----------------- Instantiating /home/travis/build/icyphy/ptII/ptolemy/actor/lib/hoc/test/auto/AllToAllMultiInstanceComposite.xml
191 ms. Memory: 129024K Free: 106815K (83%)
----------------- Invoking toplevel() on ptolemy.moml.MoMLSimpleApplication@138582df
----------------- Done invoking toplevel() on ptolemy.moml.MoMLSimpleApplication@138582df
reloadAllAccessors: .AllToAllMultiInstanceComposite

===========================================================================================
----------------- testing Fri Jun 12 14:39:58 UTC 2020 /home/travis/build/icyphy/ptII/ptolemy/actor/lib/hoc/test/auto/ApplyFFTTest.xml
----------------- Instantiating /home/travis/build/icyphy/ptII/ptolemy/actor/lib/hoc/test/auto/ApplyFFTTest.xml
111 ms. Memory: 129024K Free: 88303K (68%)
----------------- Invoking toplevel() on ptolemy.moml.MoMLSimpleApplication@420af928
----------------- Done invoking toplevel() on ptolemy.moml.MoMLSimpleApplication@420af928
reloadAllAccessors: .ApplyFFTTest

===========================================================================================
----------------- testing Fri Jun 12 14:39:59 UTC 2020 /home/travis/build/icyphy/ptII/ptolemy/actor/lib/hoc/test/auto/ApplyFunction.xml
----------------- Instantiating /home/travis/build/icyphy/ptII/ptolemy/actor/lib/hoc/test/auto/ApplyFunction.xml
7 ms. Memory: 129024K Free: 84585K (66%)
----------------- Invoking toplevel() on ptolemy.moml.MoMLSimpleApplication@32d899e2
----------------- Done invoking toplevel() on ptolemy.moml.MoMLSimpleApplication@32d899e2
reloadAllAccessors: .ApplyFunction

===========================================================================================
----------------- testing Fri Jun 12 14:39:59 UTC 2020 /home/travis/build/icyphy/ptII/ptolemy/actor/lib/hoc/test/auto/BackgroundExecution.xml
----------------- Instantiating /home/travis/build/icyphy/ptII/ptolemy/actor/lib/hoc/test/auto/BackgroundExecution.xml
626 ms. Memory: 129024K Free: 77447K (60%)
----------------- Invoking toplevel() on ptolemy.moml.MoMLSimpleApplication@1f70bdc5
----------------- Done invoking toplevel() on ptolemy.moml.MoMLSimpleApplication@1f70bdc5
reloadAllAccessors: .BackgroundExecution

===========================================================================================
----------------- testing Fri Jun 12 14:39:59 UTC 2020 /home/travis/build/icyphy/ptII/ptolemy/actor/lib/hoc/test/auto/Case.xml
----------------- Instantiating /home/travis/build/icyphy/ptII/ptolemy/actor/lib/hoc/test/auto/Case.xml
33 ms. Memory: 129024K Free: 70586K (55%)
----------------- Invoking toplevel() on ptolemy.moml.MoMLSimpleApplication@2769967c
----------------- Done invoking toplevel() on ptolemy.moml.MoMLSimpleApplication@2769967c
reloadAllAccessors: .Case

===========================================================================================
----------------- testing Fri Jun 12 14:40:00 UTC 2020 /home/travis/build/icyphy/ptII/ptolemy/actor/lib/hoc/test/auto/Case1.xml
----------------- Instantiating /home/travis/build/icyphy/ptII/ptolemy/actor/lib/hoc/test/auto/Case1.xml
21 ms. Memory: 129024K Free: 109195K (85%)
----------------- Invoking toplevel() on ptolemy.moml.MoMLSimpleApplication@7de5db04
----------------- Done invoking toplevel() on ptolemy.moml.MoMLSimpleApplication@7de5db04
reloadAllAccessors: .Case1

===========================================================================================
----------------- testing Fri Jun 12 14:40:00 UTC 2020 /home/travis/build/icyphy/ptII/ptolemy/actor/lib/hoc/test/auto/Case2.xml
----------------- Instantiating /home/travis/build/icyphy/ptII/ptolemy/actor/lib/hoc/test/auto/Case2.xml
26 ms. Memory: 129024K Free: 98955K (77%)
----------------- Invoking toplevel() on ptolemy.moml.MoMLSimpleApplication@64ac7899
----------------- Done invoking toplevel() on ptolemy.moml.MoMLSimpleApplication@64ac7899
reloadAllAccessors: .Case2

===========================================================================================
----------------- testing Fri Jun 12 14:40:00 UTC 2020 /home/travis/build/icyphy/ptII/ptolemy/actor/lib/hoc/test/auto/Case3.xml
----------------- Instantiating /home/travis/build/icyphy/ptII/ptolemy/actor/lib/hoc/test/auto/Case3.xml
8 ms. Memory: 129024K Free: 93271K (72%)
----------------- Invoking toplevel() on ptolemy.moml.MoMLSimpleApplication@3a4898a1
----------------- Done invoking toplevel() on ptolemy.moml.MoMLSimpleApplication@3a4898a1
reloadAllAccessors: .Case3

===========================================================================================
----------------- testing Fri Jun 12 14:40:00 UTC 2020 /home/travis/build/icyphy/ptII/ptolemy/actor/lib/hoc/test/auto/Case4.xml
----------------- Instantiating /home/travis/build/icyphy/ptII/ptolemy/actor/lib/hoc/test/auto/Case4.xml
12 ms. Memory: 129024K Free: 85380K (66%)
----------------- Invoking toplevel() on ptolemy.moml.MoMLSimpleApplication@4f2767b6
----------------- Done invoking toplevel() on ptolemy.moml.MoMLSimpleApplication@4f2767b6
reloadAllAccessors: .Case4

===========================================================================================
----------------- testing Fri Jun 12 14:40:00 UTC 2020 /home/travis/build/icyphy/ptII/ptolemy/actor/lib/hoc/test/auto/Case5.xml
----------------- Instantiating /home/travis/build/icyphy/ptII/ptolemy/actor/lib/hoc/test/auto/Case5.xml
34 ms. Memory: 129024K Free: 78700K (61%)
----------------- Invoking toplevel() on ptolemy.moml.MoMLSimpleApplication@30a4a27
----------------- Done invoking toplevel() on ptolemy.moml.MoMLSimpleApplication@30a4a27
reloadAllAccessors: .junk

===========================================================================================
----------------- testing Fri Jun 12 14:40:00 UTC 2020 /home/travis/build/icyphy/ptII/ptolemy/actor/lib/hoc/test/auto/Case6.xml
----------------- Instantiating /home/travis/build/icyphy/ptII/ptolemy/actor/lib/hoc/test/auto/Case6.xml
41 ms. Memory: 129024K Free: 67450K (52%)
----------------- Invoking toplevel() on ptolemy.moml.MoMLSimpleApplication@38d87175
----------------- Done invoking toplevel() on ptolemy.moml.MoMLSimpleApplication@38d87175
reloadAllAccessors: .Case6

===========================================================================================
----------------- testing Fri Jun 12 14:40:00 UTC 2020 /home/travis/build/icyphy/ptII/ptolemy/actor/lib/hoc/test/auto/CaseString2.xml
----------------- Instantiating /home/travis/build/icyphy/ptII/ptolemy/actor/lib/hoc/test/auto/CaseString2.xml
20 ms. Memory: 129024K Free: 112330K (87%)
----------------- Invoking toplevel() on ptolemy.moml.MoMLSimpleApplication@1c367d9c
----------------- Done invoking toplevel() on ptolemy.moml.MoMLSimpleApplication@1c367d9c
reloadAllAccessors: .CaseString2

===========================================================================================
----------------- testing Fri Jun 12 14:40:00 UTC 2020 /home/travis/build/icyphy/ptII/ptolemy/actor/lib/hoc/test/auto/CatchUpComposite1.xml
----------------- Instantiating /home/travis/build/icyphy/ptII/ptolemy/actor/lib/hoc/test/auto/CatchUpComposite1.xml
27 ms. Memory: 129024K Free: 102779K (80%)
----------------- Invoking toplevel() on ptolemy.moml.MoMLSimpleApplication@735245a5
----------------- Done invoking toplevel() on ptolemy.moml.MoMLSimpleApplication@735245a5
reloadAllAccessors: .CatchUpComposite1

===========================================================================================
----------------- testing Fri Jun 12 14:40:00 UTC 2020 /home/travis/build/icyphy/ptII/ptolemy/actor/lib/hoc/test/auto/CatchUpComposite2.xml
----------------- Instantiating /home/travis/build/icyphy/ptII/ptolemy/actor/lib/hoc/test/auto/CatchUpComposite2.xml
13 ms. Memory: 129024K Free: 94587K (73%)
----------------- Invoking toplevel() on ptolemy.moml.MoMLSimpleApplication@4de70882
----------------- Done invoking toplevel() on ptolemy.moml.MoMLSimpleApplication@4de70882
reloadAllAccessors: .CatchUpComposite2

===========================================================================================
----------------- testing Fri Jun 12 14:40:00 UTC 2020 /home/travis/build/icyphy/ptII/ptolemy/actor/lib/hoc/test/auto/CatchUpComposite3.xml
----------------- Instantiating /home/travis/build/icyphy/ptII/ptolemy/actor/lib/hoc/test/auto/CatchUpComposite3.xml
34 ms. Memory: 129024K Free: 86048K (67%)
----------------- Invoking toplevel() on ptolemy.moml.MoMLSimpleApplication@453f2405
----------------- Done invoking toplevel() on ptolemy.moml.MoMLSimpleApplication@453f2405
reloadAllAccessors: .CatchUpComposite3

===========================================================================================
----------------- testing Fri Jun 12 14:40:00 UTC 2020 /home/travis/build/icyphy/ptII/ptolemy/actor/lib/hoc/test/auto/CatchUpComposite4.xml
----------------- Instantiating /home/travis/build/icyphy/ptII/ptolemy/actor/lib/hoc/test/auto/CatchUpComposite4.xml
13 ms. Memory: 129024K Free: 78538K (61%)
----------------- Invoking toplevel() on ptolemy.moml.MoMLSimpleApplication@7c3e08da
----------------- Done invoking toplevel() on ptolemy.moml.MoMLSimpleApplication@7c3e08da
reloadAllAccessors: .CatchUpComposite4

===========================================================================================
----------------- testing Fri Jun 12 14:40:00 UTC 2020 /home/travis/build/icyphy/ptII/ptolemy/actor/lib/hoc/test/auto/CatchUpComposite5.xml
----------------- Instantiating /home/travis/build/icyphy/ptII/ptolemy/actor/lib/hoc/test/auto/CatchUpComposite5.xml
18 ms. Memory: 129024K Free: 70981K (55%)
----------------- Invoking toplevel() on ptolemy.moml.MoMLSimpleApplication@a745e01
----------------- Done invoking toplevel() on ptolemy.moml.MoMLSimpleApplication@a745e01
reloadAllAccessors: .CatchUpComposite5

===========================================================================================
----------------- testing Fri Jun 12 14:40:00 UTC 2020 /home/travis/build/icyphy/ptII/ptolemy/actor/lib/hoc/test/auto/CatchUpComposite6.xml
----------------- Instantiating /home/travis/build/icyphy/ptII/ptolemy/actor/lib/hoc/test/auto/CatchUpComposite6.xml
WARNING: The execution aspects in this model can influence the timing of actors by delaying the 
execution, potentially changing the behavior. There is no guarantee that actors fire at the 
time they request to be fired. 
Use Ptides for deterministic DE behavior that is not influenced by execution aspects. 

106 ms. Memory: 129024K Free: 56366K (44%)
----------------- Invoking toplevel() on ptolemy.moml.MoMLSimpleApplication@10194429
----------------- Done invoking toplevel() on ptolemy.moml.MoMLSimpleApplication@10194429
reloadAllAccessors: .CatchUpComposite6

===========================================================================================
----------------- testing Fri Jun 12 14:40:01 UTC 2020 /home/travis/build/icyphy/ptII/ptolemy/actor/lib/hoc/test/auto/CatchUpComposite7.xml
----------------- Instantiating /home/travis/build/icyphy/ptII/ptolemy/actor/lib/hoc/test/auto/CatchUpComposite7.xml
WARNING: The execution aspects in this model can influence the timing of actors by delaying the 
execution, potentially changing the behavior. There is no guarantee that actors fire at the 
time they request to be fired. 
Use Ptides for deterministic DE behavior that is not influenced by execution aspects. 

46 ms. Memory: 129024K Free: 108895K (84%)
----------------- Invoking toplevel() on ptolemy.moml.MoMLSimpleApplication@55071f66
----------------- Done invoking toplevel() on ptolemy.moml.MoMLSimpleApplication@55071f66
reloadAllAccessors: .CatchUpComposite7

===========================================================================================
----------------- testing Fri Jun 12 14:40:01 UTC 2020 /home/travis/build/icyphy/ptII/ptolemy/actor/lib/hoc/test/auto/ConcurrentExecutionTimeSDF.xml
----------------- Instantiating /home/travis/build/icyphy/ptII/ptolemy/actor/lib/hoc/test/auto/ConcurrentExecutionTimeSDF.xml
Fired ExecutionTime: 40400000
Fired ExecutionTime: 40400000
Fired ExecutionTime: 40400000
Fired ExecutionTime: 40400000
Fired ExecutionTime: 40400000
Fired ExecutionTime: 40400000
Fired ExecutionTime: 40400000
Fired ExecutionTime: 40400000
Fired ExecutionTime: 40400000
Fired ExecutionTime: 40400000
Fired ExecutionTime: 40400000
Fired ExecutionTime: 40400000
Fired ExecutionTime: 40400000
Fired ExecutionTime: 40400000
Fired ExecutionTime: 40400000
Fired ExecutionTime: 40400000
Fired ExecutionTime: 40400000
Fired ExecutionTime: 40400000
Fired ExecutionTime: 40400000
Fired ExecutionTime: 40400000
1479 ms. Memory: 129024K Free: 101727K (79%)
----------------- Invoking toplevel() on ptolemy.moml.MoMLSimpleApplication@24e393d6
----------------- Done invoking toplevel() on ptolemy.moml.MoMLSimpleApplication@24e393d6
reloadAllAccessors: .ConcurrentExecutionTimeSDF

===========================================================================================
----------------- testing Fri Jun 12 14:40:02 UTC 2020 /home/travis/build/icyphy/ptII/ptolemy/actor/lib/hoc/test/auto/ConcurrentSleep.xml
----------------- Instantiating /home/travis/build/icyphy/ptII/ptolemy/actor/lib/hoc/test/auto/ConcurrentSleep.xml
726 ms. Memory: 129024K Free: 90961K (70%)
----------------- Invoking toplevel() on ptolemy.moml.MoMLSimpleApplication@697972f6
----------------- Done invoking toplevel() on ptolemy.moml.MoMLSimpleApplication@697972f6
reloadAllAccessors: .ConcurrentSleep

===========================================================================================
----------------- testing Fri Jun 12 14:40:03 UTC 2020 /home/travis/build/icyphy/ptII/ptolemy/actor/lib/hoc/test/auto/DEInPNInRunCompositeActor.xml
----------------- Instantiating /home/travis/build/icyphy/ptII/ptolemy/actor/lib/hoc/test/auto/DEInPNInRunCompositeActor.xml
13 ms. Memory: 129024K Free: 85343K (66%)
----------------- Invoking toplevel() on ptolemy.moml.MoMLSimpleApplication@54bc37ff
----------------- Done invoking toplevel() on ptolemy.moml.MoMLSimpleApplication@54bc37ff
reloadAllAccessors: .DEInPNInRunCompositeActor

===========================================================================================
----------------- testing Fri Jun 12 14:40:03 UTC 2020 /home/travis/build/icyphy/ptII/ptolemy/actor/lib/hoc/test/auto/DFTSubSetTest.xml
----------------- Instantiating /home/travis/build/icyphy/ptII/ptolemy/actor/lib/hoc/test/auto/DFTSubSetTest.xml
210 ms. Memory: 129024K Free: 42335K (33%)
----------------- Invoking toplevel() on ptolemy.moml.MoMLSimpleApplication@672e555a
----------------- Done invoking toplevel() on ptolemy.moml.MoMLSimpleApplication@672e555a
reloadAllAccessors: .DFTSubSetTest

===========================================================================================
----------------- testing Fri Jun 12 14:40:03 UTC 2020 /home/travis/build/icyphy/ptII/ptolemy/actor/lib/hoc/test/auto/HocDE.xml
----------------- Instantiating /home/travis/build/icyphy/ptII/ptolemy/actor/lib/hoc/test/auto/HocDE.xml
125 ms. Memory: 129024K Free: 92498K (72%)
----------------- Invoking toplevel() on ptolemy.moml.MoMLSimpleApplication@1d34a0de
----------------- Done invoking toplevel() on ptolemy.moml.MoMLSimpleApplication@1d34a0de
reloadAllAccessors: .HocDE

===========================================================================================
----------------- testing Fri Jun 12 14:40:03 UTC 2020 /home/travis/build/icyphy/ptII/ptolemy/actor/lib/hoc/test/auto/IterateOverArray.xml
----------------- Instantiating /home/travis/build/icyphy/ptII/ptolemy/actor/lib/hoc/test/auto/IterateOverArray.xml
9 ms. Memory: 129024K Free: 87876K (68%)
----------------- Invoking toplevel() on ptolemy.moml.MoMLSimpleApplication@6c885c54
----------------- Done invoking toplevel() on ptolemy.moml.MoMLSimpleApplication@6c885c54
reloadAllAccessors: .IterateOverArray

===========================================================================================
----------------- testing Fri Jun 12 14:40:04 UTC 2020 /home/travis/build/icyphy/ptII/ptolemy/actor/lib/hoc/test/auto/IterateOverArray10.xml
----------------- Instantiating /home/travis/build/icyphy/ptII/ptolemy/actor/lib/hoc/test/auto/IterateOverArray10.xml
3 ms. Memory: 129024K Free: 84804K (66%)
----------------- Invoking toplevel() on ptolemy.moml.MoMLSimpleApplication@2aefbe94
----------------- Done invoking toplevel() on ptolemy.moml.MoMLSimpleApplication@2aefbe94
reloadAllAccessors: .IterateOverArray10

===========================================================================================
----------------- testing Fri Jun 12 14:40:04 UTC 2020 /home/travis/build/icyphy/ptII/ptolemy/actor/lib/hoc/test/auto/IterateOverArray11.xml
----------------- Instantiating /home/travis/build/icyphy/ptII/ptolemy/actor/lib/hoc/test/auto/IterateOverArray11.xml
7 ms. Memory: 129024K Free: 80708K (63%)
----------------- Invoking toplevel() on ptolemy.moml.MoMLSimpleApplication@337f10c4
----------------- Done invoking toplevel() on ptolemy.moml.MoMLSimpleApplication@337f10c4
reloadAllAccessors: .IterateOverArray11

===========================================================================================
----------------- testing Fri Jun 12 14:40:04 UTC 2020 /home/travis/build/icyphy/ptII/ptolemy/actor/lib/hoc/test/auto/IterateOverArray12.xml
----------------- Instantiating /home/travis/build/icyphy/ptII/ptolemy/actor/lib/hoc/test/auto/IterateOverArray12.xml
11 ms. Memory: 129024K Free: 74564K (58%)
----------------- Invoking toplevel() on ptolemy.moml.MoMLSimpleApplication@78fb9698
----------------- Done invoking toplevel() on ptolemy.moml.MoMLSimpleApplication@78fb9698
reloadAllAccessors: .IterateOverArray12

===========================================================================================
----------------- testing Fri Jun 12 14:40:04 UTC 2020 /home/travis/build/icyphy/ptII/ptolemy/actor/lib/hoc/test/auto/IterateOverArray13.xml
----------------- Instantiating /home/travis/build/icyphy/ptII/ptolemy/actor/lib/hoc/test/auto/IterateOverArray13.xml
83 ms. Memory: 129024K Free: 45394K (35%)
----------------- Invoking toplevel() on ptolemy.moml.MoMLSimpleApplication@fa87fc2
----------------- Done invoking toplevel() on ptolemy.moml.MoMLSimpleApplication@fa87fc2
reloadAllAccessors: .IterateOverArray13

===========================================================================================
----------------- testing Fri Jun 12 14:40:04 UTC 2020 /home/travis/build/icyphy/ptII/ptolemy/actor/lib/hoc/test/auto/IterateOverArray14.xml
----------------- Instantiating /home/travis/build/icyphy/ptII/ptolemy/actor/lib/hoc/test/auto/IterateOverArray14.xml
46 ms. Memory: 129024K Free: 87049K (67%)
----------------- Invoking toplevel() on ptolemy.moml.MoMLSimpleApplication@1917aac
----------------- Done invoking toplevel() on ptolemy.moml.MoMLSimpleApplication@1917aac
reloadAllAccessors: .IterateOverArray14

===========================================================================================
----------------- testing Fri Jun 12 14:40:04 UTC 2020 /home/travis/build/icyphy/ptII/ptolemy/actor/lib/hoc/test/auto/IterateOverArray2.xml
----------------- Instantiating /home/travis/build/icyphy/ptII/ptolemy/actor/lib/hoc/test/auto/IterateOverArray2.xml
6 ms. Memory: 129024K Free: 82414K (64%)
----------------- Invoking toplevel() on ptolemy.moml.MoMLSimpleApplication@5042fc3
----------------- Done invoking toplevel() on ptolemy.moml.MoMLSimpleApplication@5042fc3
reloadAllAccessors: .IterateOverArray2

===========================================================================================
----------------- testing Fri Jun 12 14:40:04 UTC 2020 /home/travis/build/icyphy/ptII/ptolemy/actor/lib/hoc/test/auto/IterateOverArray3.xml
----------------- Instantiating /home/travis/build/icyphy/ptII/ptolemy/actor/lib/hoc/test/auto/IterateOverArray3.xml
7 ms. Memory: 129024K Free: 76757K (59%)
----------------- Invoking toplevel() on ptolemy.moml.MoMLSimpleApplication@3121a21
----------------- Done invoking toplevel() on ptolemy.moml.MoMLSimpleApplication@3121a21
reloadAllAccessors: .IterateOverArray3

===========================================================================================
----------------- testing Fri Jun 12 14:40:04 UTC 2020 /home/travis/build/icyphy/ptII/ptolemy/actor/lib/hoc/test/auto/IterateOverArray4.xml
----------------- Instantiating /home/travis/build/icyphy/ptII/ptolemy/actor/lib/hoc/test/auto/IterateOverArray4.xml
5 ms. Memory: 129024K Free: 72675K (56%)
----------------- Invoking toplevel() on ptolemy.moml.MoMLSimpleApplication@313457ea
----------------- Done invoking toplevel() on ptolemy.moml.MoMLSimpleApplication@313457ea
reloadAllAccessors: .IterateOverArray4

===========================================================================================
----------------- testing Fri Jun 12 14:40:04 UTC 2020 /home/travis/build/icyphy/ptII/ptolemy/actor/lib/hoc/test/auto/IterateOverArray5.xml
----------------- Instantiating /home/travis/build/icyphy/ptII/ptolemy/actor/lib/hoc/test/auto/IterateOverArray5.xml
5 ms. Memory: 129024K Free: 69102K (54%)
----------------- Invoking toplevel() on ptolemy.moml.MoMLSimpleApplication@23ec5800
----------------- Done invoking toplevel() on ptolemy.moml.MoMLSimpleApplication@23ec5800
reloadAllAccessors: .IterateOverArray5

===========================================================================================
----------------- testing Fri Jun 12 14:40:04 UTC 2020 /home/travis/build/icyphy/ptII/ptolemy/actor/lib/hoc/test/auto/IterateOverArray6.xml
----------------- Instantiating /home/travis/build/icyphy/ptII/ptolemy/actor/lib/hoc/test/auto/IterateOverArray6.xml
3 ms. Memory: 129024K Free: 65545K (51%)
----------------- Invoking toplevel() on ptolemy.moml.MoMLSimpleApplication@db8e651
----------------- Done invoking toplevel() on ptolemy.moml.MoMLSimpleApplication@db8e651
reloadAllAccessors: .IterateOverArray6

===========================================================================================
----------------- testing Fri Jun 12 14:40:04 UTC 2020 /home/travis/build/icyphy/ptII/ptolemy/actor/lib/hoc/test/auto/IterateOverArray7.xml
----------------- Instantiating /home/travis/build/icyphy/ptII/ptolemy/actor/lib/hoc/test/auto/IterateOverArray7.xml
4 ms. Memory: 129024K Free: 60910K (47%)
----------------- Invoking toplevel() on ptolemy.moml.MoMLSimpleApplication@551ddb63
----------------- Done invoking toplevel() on ptolemy.moml.MoMLSimpleApplication@551ddb63
reloadAllAccessors: .IterateOverArray7

===========================================================================================
----------------- testing Fri Jun 12 14:40:04 UTC 2020 /home/travis/build/icyphy/ptII/ptolemy/actor/lib/hoc/test/auto/IterateOverArray8.xml
----------------- Instantiating /home/travis/build/icyphy/ptII/ptolemy/actor/lib/hoc/test/auto/IterateOverArray8.xml
4 ms. Memory: 129024K Free: 56814K (44%)
----------------- Invoking toplevel() on ptolemy.moml.MoMLSimpleApplication@447c47e6
----------------- Done invoking toplevel() on ptolemy.moml.MoMLSimpleApplication@447c47e6
reloadAllAccessors: .IterateOverArray8

===========================================================================================
----------------- testing Fri Jun 12 14:40:04 UTC 2020 /home/travis/build/icyphy/ptII/ptolemy/actor/lib/hoc/test/auto/IterateOverArray9.xml
----------------- Instantiating /home/travis/build/icyphy/ptII/ptolemy/actor/lib/hoc/test/auto/IterateOverArray9.xml
6 ms. Memory: 129024K Free: 52718K (41%)
----------------- Invoking toplevel() on ptolemy.moml.MoMLSimpleApplication@559bd45a
----------------- Done invoking toplevel() on ptolemy.moml.MoMLSimpleApplication@559bd45a
reloadAllAccessors: .IterateOverArray9

===========================================================================================
----------------- testing Fri Jun 12 14:40:04 UTC 2020 /home/travis/build/icyphy/ptII/ptolemy/actor/lib/hoc/test/auto/IterateOverArrayCoercedOutputType.xml
----------------- Instantiating /home/travis/build/icyphy/ptII/ptolemy/actor/lib/hoc/test/auto/IterateOverArrayCoercedOutputType.xml
7 ms. Memory: 129024K Free: 47598K (37%)
----------------- Invoking toplevel() on ptolemy.moml.MoMLSimpleApplication@4a8f4778
----------------- Done invoking toplevel() on ptolemy.moml.MoMLSimpleApplication@4a8f4778
reloadAllAccessors: .IterateOverArrayCoercedOutputType

===========================================================================================
----------------- testing Fri Jun 12 14:40:04 UTC 2020 /home/travis/build/icyphy/ptII/ptolemy/actor/lib/hoc/test/auto/IterateOverArrayInferredOutputType.xml
----------------- Instantiating /home/travis/build/icyphy/ptII/ptolemy/actor/lib/hoc/test/auto/IterateOverArrayInferredOutputType.xml
13 ms. Memory: 129024K Free: 42983K (33%)
----------------- Invoking toplevel() on ptolemy.moml.MoMLSimpleApplication@4190c8cf
----------------- Done invoking toplevel() on ptolemy.moml.MoMLSimpleApplication@4190c8cf
reloadAllAccessors: .IterateOverArrayInferredOutputType

===========================================================================================
----------------- testing Fri Jun 12 14:40:04 UTC 2020 /home/travis/build/icyphy/ptII/ptolemy/actor/lib/hoc/test/auto/MobileFunctionTest.xml
----------------- Instantiating /home/travis/build/icyphy/ptII/ptolemy/actor/lib/hoc/test/auto/MobileFunctionTest.xml
14 ms. Memory: 160768K Free: 144584K (90%)
----------------- Invoking toplevel() on ptolemy.moml.MoMLSimpleApplication@3ad3bca7
----------------- Done invoking toplevel() on ptolemy.moml.MoMLSimpleApplication@3ad3bca7
reloadAllAccessors: .MobileFunctionTest

===========================================================================================
----------------- testing Fri Jun 12 14:40:04 UTC 2020 /home/travis/build/icyphy/ptII/ptolemy/actor/lib/hoc/test/auto/MobileModelTest.xml
----------------- Instantiating /home/travis/build/icyphy/ptII/ptolemy/actor/lib/hoc/test/auto/MobileModelTest.xml
151 ms. Memory: 160768K Free: 123520K (77%)
----------------- Invoking toplevel() on ptolemy.moml.MoMLSimpleApplication@688b4bd2
----------------- Done invoking toplevel() on ptolemy.moml.MoMLSimpleApplication@688b4bd2
reloadAllAccessors: .MobileModelTest

===========================================================================================
----------------- testing Fri Jun 12 14:40:04 UTC 2020 /home/travis/build/icyphy/ptII/ptolemy/actor/lib/hoc/test/auto/ModelReference.xml
----------------- Instantiating /home/travis/build/icyphy/ptII/ptolemy/actor/lib/hoc/test/auto/ModelReference.xml
3 ms. Memory: 160768K Free: 116866K (73%)
2 ms. Memory: 160768K Free: 116322K (72%)
3 ms. Memory: 160768K Free: 115314K (72%)
10 ms. Memory: 160768K Free: 114290K (71%)
2 ms. Memory: 160768K Free: 113794K (71%)
2 ms. Memory: 160768K Free: 112770K (70%)
2 ms. Memory: 160768K Free: 112226K (70%)
2 ms. Memory: 160768K Free: 111218K (69%)
1 ms. Memory: 160768K Free: 110194K (69%)
1 ms. Memory: 160768K Free: 109698K (68%)
36 ms. Memory: 160768K Free: 109698K (68%)
----------------- Invoking toplevel() on ptolemy.moml.MoMLSimpleApplication@1c02422b
----------------- Done invoking toplevel() on ptolemy.moml.MoMLSimpleApplication@1c02422b
reloadAllAccessors: .ModelReference

===========================================================================================
----------------- testing Fri Jun 12 14:40:05 UTC 2020 /home/travis/build/icyphy/ptII/ptolemy/actor/lib/hoc/test/auto/ModelReference3.xml
----------------- Instantiating /home/travis/build/icyphy/ptII/ptolemy/actor/lib/hoc/test/auto/ModelReference3.xml
2 ms. Memory: 160768K Free: 105058K (65%)
4 ms. Memory: 160768K Free: 104578K (65%)
1 ms. Memory: 160768K Free: 103554K (64%)
3 ms. Memory: 160768K Free: 103010K (64%)
2 ms. Memory: 160768K Free: 102002K (63%)
1 ms. Memory: 160768K Free: 100978K (63%)
3 ms. Memory: 160768K Free: 100482K (63%)
5 ms. Memory: 160768K Free: 99458K (62%)
3 ms. Memory: 160768K Free: 98914K (62%)
2 ms. Memory: 160768K Free: 97906K (61%)
37 ms. Memory: 160768K Free: 97906K (61%)
----------------- Invoking toplevel() on ptolemy.moml.MoMLSimpleApplication@2d76fa96
----------------- Done invoking toplevel() on ptolemy.moml.MoMLSimpleApplication@2d76fa96
reloadAllAccessors: .ModelReference3

===========================================================================================
----------------- testing Fri Jun 12 14:40:05 UTC 2020 /home/travis/build/icyphy/ptII/ptolemy/actor/lib/hoc/test/auto/ModelReference4.xml
----------------- Instantiating /home/travis/build/icyphy/ptII/ptolemy/actor/lib/hoc/test/auto/ModelReference4.xml
2 ms. Memory: 160768K Free: 93314K (58%)
1 ms. Memory: 160768K Free: 91770K (57%)
4 ms. Memory: 160768K Free: 90738K (56%)
2 ms. Memory: 160768K Free: 89728K (56%)
3 ms. Memory: 160768K Free: 88194K (55%)
1 ms. Memory: 160768K Free: 87170K (54%)
8 ms. Memory: 160768K Free: 85626K (53%)
2 ms. Memory: 160768K Free: 84594K (53%)
2 ms. Memory: 160768K Free: 83074K (52%)
1 ms. Memory: 160768K Free: 82050K (51%)
10018 ms. Memory: 160768K Free: 82050K (51%)
----------------- Invoking toplevel() on ptolemy.moml.MoMLSimpleApplication@78c62033
----------------- Done invoking toplevel() on ptolemy.moml.MoMLSimpleApplication@78c62033
reloadAllAccessors: .ModelReference4

===========================================================================================
----------------- testing Fri Jun 12 14:40:15 UTC 2020 /home/travis/build/icyphy/ptII/ptolemy/actor/lib/hoc/test/auto/MultiInstanceComposite.xml
----------------- Instantiating /home/travis/build/icyphy/ptII/ptolemy/actor/lib/hoc/test/auto/MultiInstanceComposite.xml
27 ms. Memory: 160768K Free: 63104K (39%)
----------------- Invoking toplevel() on ptolemy.moml.MoMLSimpleApplication@55e106e2
----------------- Done invoking toplevel() on ptolemy.moml.MoMLSimpleApplication@55e106e2
reloadAllAccessors: .MultiInstanceComposite

===========================================================================================
----------------- testing Fri Jun 12 14:40:15 UTC 2020 /home/travis/build/icyphy/ptII/ptolemy/actor/lib/hoc/test/auto/MultiInstanceComposite2.xml
----------------- Instantiating /home/travis/build/icyphy/ptII/ptolemy/actor/lib/hoc/test/auto/MultiInstanceComposite2.xml
26 ms. Memory: 160768K Free: 143826K (89%)
----------------- Invoking toplevel() on ptolemy.moml.MoMLSimpleApplication@51fcd2ed
----------------- Done invoking toplevel() on ptolemy.moml.MoMLSimpleApplication@51fcd2ed
reloadAllAccessors: .MultiInstanceComposite2

===========================================================================================
----------------- testing Fri Jun 12 14:40:15 UTC 2020 /home/travis/build/icyphy/ptII/ptolemy/actor/lib/hoc/test/auto/MulticoreExecution.xml
----------------- Instantiating /home/travis/build/icyphy/ptII/ptolemy/actor/lib/hoc/test/auto/MulticoreExecution.xml
Fired ExecutionTime: 2400000
Fired ExecutionTime: 2400000
Fired ExecutionTime: 44000000
Fired ExecutionTime: 82400000
Fired ExecutionTime: 103200000
Fired ExecutionTime: 102400000
Fired ExecutionTime: 101600000
Fired ExecutionTime: 101600000
Fired ExecutionTime: 102400000
Fired ExecutionTime: 102400000
Fired ExecutionTime: 101600000
Fired ExecutionTime: 104000000
Fired ExecutionTime: 104800000
Fired ExecutionTime: 104400000
Fired ExecutionTime: 106000000
Fired ExecutionTime: 105200000
Fired ExecutionTime: 101600000
Fired ExecutionTime: 101600000
Fired ExecutionTime: 100800000
Fired ExecutionTime: 102000000
1058 ms. Memory: 160768K Free: 134912K (84%)
----------------- Invoking toplevel() on ptolemy.moml.MoMLSimpleApplication@5d44ca50
----------------- Done invoking toplevel() on ptolemy.moml.MoMLSimpleApplication@5d44ca50
reloadAllAccessors: .MulticoreExecution

===========================================================================================
----------------- testing Fri Jun 12 14:40:16 UTC 2020 /home/travis/build/icyphy/ptII/ptolemy/actor/lib/hoc/test/auto/ParallelExecution.xml
----------------- Instantiating /home/travis/build/icyphy/ptII/ptolemy/actor/lib/hoc/test/auto/ParallelExecution.xml
921 ms. Memory: 160768K Free: 127744K (79%)
----------------- Invoking toplevel() on ptolemy.moml.MoMLSimpleApplication@772d22
----------------- Done invoking toplevel() on ptolemy.moml.MoMLSimpleApplication@772d22
reloadAllAccessors: .ParallelExecution

===========================================================================================
----------------- testing Fri Jun 12 14:40:17 UTC 2020 /home/travis/build/icyphy/ptII/ptolemy/actor/lib/hoc/test/auto/RunCompositeActor.xml
----------------- Instantiating /home/travis/build/icyphy/ptII/ptolemy/actor/lib/hoc/test/auto/RunCompositeActor.xml
8 ms. Memory: 160768K Free: 120650K (75%)
----------------- Invoking toplevel() on ptolemy.moml.MoMLSimpleApplication@7e5df38f
----------------- Done invoking toplevel() on ptolemy.moml.MoMLSimpleApplication@7e5df38f
reloadAllAccessors: .RunCompositeActor

===========================================================================================
----------------- testing Fri Jun 12 14:40:17 UTC 2020 /home/travis/build/icyphy/ptII/ptolemy/actor/lib/hoc/test/auto/RunCompositeActor2.xml
----------------- Instantiating /home/travis/build/icyphy/ptII/ptolemy/actor/lib/hoc/test/auto/RunCompositeActor2.xml
8 ms. Memory: 160768K Free: 114484K (71%)
----------------- Invoking toplevel() on ptolemy.moml.MoMLSimpleApplication@760ee911
----------------- Done invoking toplevel() on ptolemy.moml.MoMLSimpleApplication@760ee911
reloadAllAccessors: .RunCompositeActor2

===========================================================================================
----------------- testing Fri Jun 12 14:40:17 UTC 2020 /home/travis/build/icyphy/ptII/ptolemy/actor/lib/hoc/test/auto/RunCompositeActor3.xml
----------------- Instantiating /home/travis/build/icyphy/ptII/ptolemy/actor/lib/hoc/test/auto/RunCompositeActor3.xml
5 ms. Memory: 160768K Free: 108814K (68%)
----------------- Invoking toplevel() on ptolemy.moml.MoMLSimpleApplication@1db03660
----------------- Done invoking toplevel() on ptolemy.moml.MoMLSimpleApplication@1db03660
reloadAllAccessors: .RunCompositeActor3

===========================================================================================
----------------- testing Fri Jun 12 14:40:17 UTC 2020 /home/travis/build/icyphy/ptII/ptolemy/actor/lib/hoc/test/auto/RunCompositeActor4.xml
----------------- Instantiating /home/travis/build/icyphy/ptII/ptolemy/actor/lib/hoc/test/auto/RunCompositeActor4.xml
11 ms. Memory: 160768K Free: 100652K (63%)
----------------- Invoking toplevel() on ptolemy.moml.MoMLSimpleApplication@1924b83
----------------- Done invoking toplevel() on ptolemy.moml.MoMLSimpleApplication@1924b83
reloadAllAccessors: .RunCompositeActor4

===========================================================================================
----------------- testing Fri Jun 12 14:40:17 UTC 2020 /home/travis/build/icyphy/ptII/ptolemy/actor/lib/hoc/test/auto/RunCompositeIterateOverArray.xml
----------------- Instantiating /home/travis/build/icyphy/ptII/ptolemy/actor/lib/hoc/test/auto/RunCompositeIterateOverArray.xml
4 ms. Memory: 160768K Free: 94976K (59%)
----------------- Invoking toplevel() on ptolemy.moml.MoMLSimpleApplication@4a4a8c68
----------------- Done invoking toplevel() on ptolemy.moml.MoMLSimpleApplication@4a4a8c68
reloadAllAccessors: .RunCompositeIterateOverArray

===========================================================================================
----------------- testing Fri Jun 12 14:40:17 UTC 2020 /home/travis/build/icyphy/ptII/ptolemy/actor/lib/hoc/test/auto/ThreadedJS.xml
----------------- Instantiating /home/travis/build/icyphy/ptII/ptolemy/actor/lib/hoc/test/auto/ThreadedJS.xml
6154 ms. Memory: 232448K Free: 138759K (60%)
----------------- Invoking toplevel() on ptolemy.moml.MoMLSimpleApplication@1722b57f
----------------- Done invoking toplevel() on ptolemy.moml.MoMLSimpleApplication@1722b57f
reloadAllAccessors: .ThreadedJS
AutoTests.java: About to close Vertx.
AutoTests.java: Vertx closed.
]]></system-out>
  <system-err><![CDATA[java.lang.RuntimeException: Execution failed
	at ptolemy.moml.MoMLSimpleApplication$UnloadThread.run(MoMLSimpleApplication.java:402)
Caused by: ptolemy.kernel.util.IllegalActionException: initialize() was called after wrapup() was called but preinitialize() was not called after wrapup().
	at ptolemy.actor.lib.hoc.test.PreinitializeMustBeInvoked.initialize(PreinitializeMustBeInvoked.java:78)
	at ptolemy.actor.Director.initialize(Director.java:938)
	at ptolemy.actor.Director.initialize(Director.java:907)
	at ptolemy.actor.sched.StaticSchedulingDirector.initialize(StaticSchedulingDirector.java:159)
	at ptolemy.domains.sdf.kernel.SDFDirector.initialize(SDFDirector.java:544)
	at ptolemy.actor.CompositeActor.initialize(CompositeActor.java:935)
	at ptolemy.actor.lib.hoc.LifeCycleManager._executeInsideModel(LifeCycleManager.java:339)
	at ptolemy.actor.lib.hoc.RunCompositeActor.fire(RunCompositeActor.java:205)
	at ptolemy.actor.CompositeActor.iterate(CompositeActor.java:1146)
	at ptolemy.actor.sched.StaticSchedulingDirector.fire(StaticSchedulingDirector.java:216)
	at ptolemy.domains.sdf.kernel.SDFDirector.fire(SDFDirector.java:500)
	at ptolemy.actor.CompositeActor.fire(CompositeActor.java:455)
	at ptolemy.actor.Manager.iterate(Manager.java:851)
	at ptolemy.actor.Manager.execute(Manager.java:369)
	at ptolemy.actor.Manager.run(Manager.java:1263)
	at ptolemy.actor.Manager$PtolemyRunThread.run(Manager.java:1933)
java.lang.reflect.InvocationTargetException
	at java.base/jdk.internal.reflect.NativeConstructorAccessorImpl.newInstance0(Native Method)
	at java.base/jdk.internal.reflect.NativeConstructorAccessorImpl.newInstance(NativeConstructorAccessorImpl.java:62)
	at java.base/jdk.internal.reflect.DelegatingConstructorAccessorImpl.newInstance(DelegatingConstructorAccessorImpl.java:45)
	at java.base/java.lang.reflect.Constructor.newInstance(Constructor.java:490)
	at ptolemy.util.test.junit.AutoKnownFailedTests.RunModel(AutoKnownFailedTests.java:105)
	at java.base/jdk.internal.reflect.NativeMethodAccessorImpl.invoke0(Native Method)
	at java.base/jdk.internal.reflect.NativeMethodAccessorImpl.invoke(NativeMethodAccessorImpl.java:62)
	at java.base/jdk.internal.reflect.DelegatingMethodAccessorImpl.invoke(DelegatingMethodAccessorImpl.java:43)
	at java.base/java.lang.reflect.Method.invoke(Method.java:566)
	at org.junit.runners.model.FrameworkMethod$1.runReflectiveCall(FrameworkMethod.java:44)
	at org.junit.internal.runners.model.ReflectiveCallable.run(ReflectiveCallable.java:15)
	at org.junit.runners.model.FrameworkMethod.invokeExplosively(FrameworkMethod.java:41)
	at junitparams.internal.InvokeParameterisedMethod.evaluate(InvokeParameterisedMethod.java:102)
	at org.junit.internal.runners.statements.FailOnTimeout$1.run(FailOnTimeout.java:28)
Caused by: ptolemy.kernel.util.IllegalActionException: initialize() was called after wrapup() was called but preinitialize() was not called after wrapup().
	at ptolemy.actor.lib.hoc.test.PreinitializeMustBeInvoked.initialize(PreinitializeMustBeInvoked.java:78)
	at ptolemy.actor.Director.initialize(Director.java:938)
	at ptolemy.actor.Director.initialize(Director.java:907)
	at ptolemy.actor.sched.StaticSchedulingDirector.initialize(StaticSchedulingDirector.java:159)
	at ptolemy.domains.sdf.kernel.SDFDirector.initialize(SDFDirector.java:544)
	at ptolemy.actor.CompositeActor.initialize(CompositeActor.java:935)
	at ptolemy.actor.lib.hoc.LifeCycleManager._executeInsideModel(LifeCycleManager.java:339)
	at ptolemy.actor.lib.hoc.RunCompositeActor.fire(RunCompositeActor.java:205)
	at ptolemy.actor.CompositeActor.iterate(CompositeActor.java:1146)
	at ptolemy.actor.sched.StaticSchedulingDirector.fire(StaticSchedulingDirector.java:216)
	at ptolemy.domains.sdf.kernel.SDFDirector.fire(SDFDirector.java:500)
	at ptolemy.actor.CompositeActor.fire(CompositeActor.java:455)
	at ptolemy.actor.Manager.iterate(Manager.java:851)
	at ptolemy.actor.Manager.execute(Manager.java:369)
	at ptolemy.actor.Manager.run(Manager.java:1263)
	at ptolemy.actor.Manager$PtolemyRunThread.run(Manager.java:1933)
Warning: Nashorn engine is planned to be removed from a future JDK release
Warning: Nashorn engine is planned to be removed from a future JDK release
Warning: Nashorn engine is planned to be removed from a future JDK release
Warning: Nashorn engine is planned to be removed from a future JDK release
Warning: Nashorn engine is planned to be removed from a future JDK release
Warning: Nashorn engine is planned to be removed from a future JDK release
Warning: Nashorn engine is planned to be removed from a future JDK release
Warning: Nashorn engine is planned to be removed from a future JDK release
]]></system-err>
</testsuite>
