<?xml version="1.0" encoding="UTF-8" ?>
<testsuite errors="0" failures="0" hostname="travis-job-859dc46a-61ba-416c-a58b-f27720277ffd" name="ptolemy.domains.modal.test.junit.JUnitTclTest" skipped="0" tests="148" time="11.122" timestamp="2018-07-04T01:35:49">
  <properties>
[...]
</properties>
  <testcase classname="ptolemy.util.test.junit.TclTests" name="[0] /home/travis/build/icyphy/ptII/ptolemy/domains/modal/test/SystemLevelType.tcl (RunTclFile)" time="2.002" />
  <testcase classname="ptolemy.util.test.junit.AutoKnownFailedTests" name="[0] /home/travis/build/icyphy/ptII/ptolemy/domains/modal/test/auto/knownFailedTests/CannotAnalysisWithPreemption.xml (RunModel)" time="0.174" />
  <testcase classname="ptolemy.util.test.junit.AutoNameArchTests" name="[0] ThereAreNoAutoArchTests (RunModel)" time="0.002" />
  <testcase classname="ptolemy.util.test.junit.AutoTests" name="[0] /home/travis/build/icyphy/ptII/ptolemy/domains/modal/test/auto/ABPTest.xml (RunModel)" time="0.692" />
  <testcase classname="ptolemy.util.test.junit.AutoTests" name="[1] /home/travis/build/icyphy/ptII/ptolemy/domains/modal/test/auto/ABROFlat.xml (RunModel)" time="0.091" />
  <testcase classname="ptolemy.util.test.junit.AutoTests" name="[2] /home/travis/build/icyphy/ptII/ptolemy/domains/modal/test/auto/ABROFlat2.xml (RunModel)" time="0.099" />
  <testcase classname="ptolemy.util.test.junit.AutoTests" name="[3] /home/travis/build/icyphy/ptII/ptolemy/domains/modal/test/auto/ABRO_present_hmm.xml (RunModel)" time="0.173" />
  <testcase classname="ptolemy.util.test.junit.AutoTests" name="[4] /home/travis/build/icyphy/ptII/ptolemy/domains/modal/test/auto/AMICoderExample.xml (RunModel)" time="0.072" />
  <testcase classname="ptolemy.util.test.junit.AutoTests" name="[5] /home/travis/build/icyphy/ptII/ptolemy/domains/modal/test/auto/AbsentToPresent.xml (RunModel)" time="0.025" />
  <testcase classname="ptolemy.util.test.junit.AutoTests" name="[6] /home/travis/build/icyphy/ptII/ptolemy/domains/modal/test/auto/Blending.xml (RunModel)" time="0.294" />
  <testcase classname="ptolemy.util.test.junit.AutoTests" name="[7] /home/travis/build/icyphy/ptII/ptolemy/domains/modal/test/auto/Broadcast.xml (RunModel)" time="0.07" />
  <testcase classname="ptolemy.util.test.junit.AutoTests" name="[8] /home/travis/build/icyphy/ptII/ptolemy/domains/modal/test/auto/BroadcastHierarchy.xml (RunModel)" time="0.079" />
  <testcase classname="ptolemy.util.test.junit.AutoTests" name="[9] /home/travis/build/icyphy/ptII/ptolemy/domains/modal/test/auto/BroadcastHierarchy2.xml (RunModel)" time="0.139" />
  <testcase classname="ptolemy.util.test.junit.AutoTests" name="[10] /home/travis/build/icyphy/ptII/ptolemy/domains/modal/test/auto/BroadcastHierarchy3.xml (RunModel)" time="0.131" />
  <testcase classname="ptolemy.util.test.junit.AutoTests" name="[11] /home/travis/build/icyphy/ptII/ptolemy/domains/modal/test/auto/BroadcastHierarchy4.xml (RunModel)" time="0.097" />
  <testcase classname="ptolemy.util.test.junit.AutoTests" name="[12] /home/travis/build/icyphy/ptII/ptolemy/domains/modal/test/auto/CannotAnalysisWithPreemption2.xml (RunModel)" time="0.033" />
  <testcase classname="ptolemy.util.test.junit.AutoTests" name="[13] /home/travis/build/icyphy/ptII/ptolemy/domains/modal/test/auto/CannotAnalysisWithPreemption3.xml (RunModel)" time="0.043" />
  <testcase classname="ptolemy.util.test.junit.AutoTests" name="[14] /home/travis/build/icyphy/ptII/ptolemy/domains/modal/test/auto/CannotProduce.xml (RunModel)" time="0.038" />
  <testcase classname="ptolemy.util.test.junit.AutoTests" name="[15] /home/travis/build/icyphy/ptII/ptolemy/domains/modal/test/auto/CannotProduceModal.xml (RunModel)" time="0.037" />
  <testcase classname="ptolemy.util.test.junit.AutoTests" name="[16] /home/travis/build/icyphy/ptII/ptolemy/domains/modal/test/auto/Case.xml (RunModel)" time="0.077" />
  <testcase classname="ptolemy.util.test.junit.AutoTests" name="[17] /home/travis/build/icyphy/ptII/ptolemy/domains/modal/test/auto/Case1.xml (RunModel)" time="0.027" />
  <testcase classname="ptolemy.util.test.junit.AutoTests" name="[18] /home/travis/build/icyphy/ptII/ptolemy/domains/modal/test/auto/Case2.xml (RunModel)" time="0.043" />
  <testcase classname="ptolemy.util.test.junit.AutoTests" name="[19] /home/travis/build/icyphy/ptII/ptolemy/domains/modal/test/auto/CausalityInterface1.xml (RunModel)" time="0.03" />
  <testcase classname="ptolemy.util.test.junit.AutoTests" name="[20] /home/travis/build/icyphy/ptII/ptolemy/domains/modal/test/auto/CausalityInterface10.xml (RunModel)" time="0.075" />
  <testcase classname="ptolemy.util.test.junit.AutoTests" name="[21] /home/travis/build/icyphy/ptII/ptolemy/domains/modal/test/auto/CausalityInterface11.xml (RunModel)" time="0.058" />
  <testcase classname="ptolemy.util.test.junit.AutoTests" name="[22] /home/travis/build/icyphy/ptII/ptolemy/domains/modal/test/auto/CausalityInterface12.xml (RunModel)" time="0.056" />
  <testcase classname="ptolemy.util.test.junit.AutoTests" name="[23] /home/travis/build/icyphy/ptII/ptolemy/domains/modal/test/auto/CausalityInterface13.xml (RunModel)" time="0.08" />
  <testcase classname="ptolemy.util.test.junit.AutoTests" name="[24] /home/travis/build/icyphy/ptII/ptolemy/domains/modal/test/auto/CausalityInterface14.xml (RunModel)" time="0.059" />
  <testcase classname="ptolemy.util.test.junit.AutoTests" name="[25] /home/travis/build/icyphy/ptII/ptolemy/domains/modal/test/auto/CausalityInterface2.xml (RunModel)" time="0.026" />
  <testcase classname="ptolemy.util.test.junit.AutoTests" name="[26] /home/travis/build/icyphy/ptII/ptolemy/domains/modal/test/auto/CausalityInterface3.xml (RunModel)" time="0.028" />
  <testcase classname="ptolemy.util.test.junit.AutoTests" name="[27] /home/travis/build/icyphy/ptII/ptolemy/domains/modal/test/auto/CausalityInterface4.xml (RunModel)" time="0.036" />
  <testcase classname="ptolemy.util.test.junit.AutoTests" name="[28] /home/travis/build/icyphy/ptII/ptolemy/domains/modal/test/auto/CausalityInterface5.xml (RunModel)" time="0.031" />
  <testcase classname="ptolemy.util.test.junit.AutoTests" name="[29] /home/travis/build/icyphy/ptII/ptolemy/domains/modal/test/auto/CausalityInterface6.xml (RunModel)" time="0.029" />
  <testcase classname="ptolemy.util.test.junit.AutoTests" name="[30] /home/travis/build/icyphy/ptII/ptolemy/domains/modal/test/auto/CausalityInterface7.xml (RunModel)" time="0.046" />
  <testcase classname="ptolemy.util.test.junit.AutoTests" name="[31] /home/travis/build/icyphy/ptII/ptolemy/domains/modal/test/auto/CausalityInterface8.xml (RunModel)" time="0.04" />
  <testcase classname="ptolemy.util.test.junit.AutoTests" name="[32] /home/travis/build/icyphy/ptII/ptolemy/domains/modal/test/auto/CausalityInterface9.xml (RunModel)" time="0.037" />
  <testcase classname="ptolemy.util.test.junit.AutoTests" name="[33] /home/travis/build/icyphy/ptII/ptolemy/domains/modal/test/auto/ChainedTransitions.xml (RunModel)" time="0.157" />
  <testcase classname="ptolemy.util.test.junit.AutoTests" name="[34] /home/travis/build/icyphy/ptII/ptolemy/domains/modal/test/auto/CycleOfImmediateTransitionsFSM.xml (RunModel)" time="0.026" />
  <testcase classname="ptolemy.util.test.junit.AutoTests" name="[35] /home/travis/build/icyphy/ptII/ptolemy/domains/modal/test/auto/CycleOfImmediateTransitionsModal.xml (RunModel)" time="0.026" />
  <testcase classname="ptolemy.util.test.junit.AutoTests" name="[36] /home/travis/build/icyphy/ptII/ptolemy/domains/modal/test/auto/CycleOfImmediateTransitionsModal2.xml (RunModel)" time="0.03" />
  <testcase classname="ptolemy.util.test.junit.AutoTests" name="[37] /home/travis/build/icyphy/ptII/ptolemy/domains/modal/test/auto/CycleOfImmediateTransitionsModal3.xml (RunModel)" time="0.096" />
  <testcase classname="ptolemy.util.test.junit.AutoTests" name="[38] /home/travis/build/icyphy/ptII/ptolemy/domains/modal/test/auto/DeepModal1.xml (RunModel)" time="0.057" />
  <testcase classname="ptolemy.util.test.junit.AutoTests" name="[39] /home/travis/build/icyphy/ptII/ptolemy/domains/modal/test/auto/DeepModal2.xml (RunModel)" time="0.086" />
  <testcase classname="ptolemy.util.test.junit.AutoTests" name="[40] /home/travis/build/icyphy/ptII/ptolemy/domains/modal/test/auto/DeepModal3.xml (RunModel)" time="0.077" />
  <testcase classname="ptolemy.util.test.junit.AutoTests" name="[41] /home/travis/build/icyphy/ptII/ptolemy/domains/modal/test/auto/DeepModal4.xml (RunModel)" time="0.078" />
  <testcase classname="ptolemy.util.test.junit.AutoTests" name="[42] /home/travis/build/icyphy/ptII/ptolemy/domains/modal/test/auto/Default1.xml (RunModel)" time="0.025" />
  <testcase classname="ptolemy.util.test.junit.AutoTests" name="[43] /home/travis/build/icyphy/ptII/ptolemy/domains/modal/test/auto/Default2.xml (RunModel)" time="0.025" />
  <testcase classname="ptolemy.util.test.junit.AutoTests" name="[44] /home/travis/build/icyphy/ptII/ptolemy/domains/modal/test/auto/Default3.xml (RunModel)" time="0.024" />
  <testcase classname="ptolemy.util.test.junit.AutoTests" name="[45] /home/travis/build/icyphy/ptII/ptolemy/domains/modal/test/auto/Default4.xml (RunModel)" time="0.02" />
  <testcase classname="ptolemy.util.test.junit.AutoTests" name="[46] /home/travis/build/icyphy/ptII/ptolemy/domains/modal/test/auto/Default5.xml (RunModel)" time="0.031" />
  <testcase classname="ptolemy.util.test.junit.AutoTests" name="[47] /home/travis/build/icyphy/ptII/ptolemy/domains/modal/test/auto/EmptyGuard.xml (RunModel)" time="0.035" />
  <testcase classname="ptolemy.util.test.junit.AutoTests" name="[48] /home/travis/build/icyphy/ptII/ptolemy/domains/modal/test/auto/ErrorTransition1.xml (RunModel)" time="0.033" />
  <testcase classname="ptolemy.util.test.junit.AutoTests" name="[49] /home/travis/build/icyphy/ptII/ptolemy/domains/modal/test/auto/ErrorTransition10.xml (RunModel)" time="0.04" />
  <testcase classname="ptolemy.util.test.junit.AutoTests" name="[50] /home/travis/build/icyphy/ptII/ptolemy/domains/modal/test/auto/ErrorTransition11.xml (RunModel)" time="0.034" />
  <testcase classname="ptolemy.util.test.junit.AutoTests" name="[51] /home/travis/build/icyphy/ptII/ptolemy/domains/modal/test/auto/ErrorTransition2.xml (RunModel)" time="0.024" />
  <testcase classname="ptolemy.util.test.junit.AutoTests" name="[52] /home/travis/build/icyphy/ptII/ptolemy/domains/modal/test/auto/ErrorTransition3.xml (RunModel)" time="0.027" />
  <testcase classname="ptolemy.util.test.junit.AutoTests" name="[53] /home/travis/build/icyphy/ptII/ptolemy/domains/modal/test/auto/ErrorTransition4.xml (RunModel)" time="0.041" />
  <testcase classname="ptolemy.util.test.junit.AutoTests" name="[54] /home/travis/build/icyphy/ptII/ptolemy/domains/modal/test/auto/ErrorTransition5.xml (RunModel)" time="0.028" />
  <testcase classname="ptolemy.util.test.junit.AutoTests" name="[55] /home/travis/build/icyphy/ptII/ptolemy/domains/modal/test/auto/ErrorTransition6.xml (RunModel)" time="0.045" />
  <testcase classname="ptolemy.util.test.junit.AutoTests" name="[56] /home/travis/build/icyphy/ptII/ptolemy/domains/modal/test/auto/ErrorTransition7.xml (RunModel)" time="0.046" />
  <testcase classname="ptolemy.util.test.junit.AutoTests" name="[57] /home/travis/build/icyphy/ptII/ptolemy/domains/modal/test/auto/ErrorTransition8.xml (RunModel)" time="0.054" />
  <testcase classname="ptolemy.util.test.junit.AutoTests" name="[58] /home/travis/build/icyphy/ptII/ptolemy/domains/modal/test/auto/ErrorTransition9.xml (RunModel)" time="0.04" />
  <testcase classname="ptolemy.util.test.junit.AutoTests" name="[59] /home/travis/build/icyphy/ptII/ptolemy/domains/modal/test/auto/ExtendedFSM.xml (RunModel)" time="0.02" />
  <testcase classname="ptolemy.util.test.junit.AutoTests" name="[60] /home/travis/build/icyphy/ptII/ptolemy/domains/modal/test/auto/FinalStates.xml (RunModel)" time="0.019" />
  <testcase classname="ptolemy.util.test.junit.AutoTests" name="[61] /home/travis/build/icyphy/ptII/ptolemy/domains/modal/test/auto/FixedPointFSM.xml (RunModel)" time="0.046" />
  <testcase classname="ptolemy.util.test.junit.AutoTests" name="[62] /home/travis/build/icyphy/ptII/ptolemy/domains/modal/test/auto/FixedPointIterationFSMActor.xml (RunModel)" time="0.03" />
  <testcase classname="ptolemy.util.test.junit.AutoTests" name="[63] /home/travis/build/icyphy/ptII/ptolemy/domains/modal/test/auto/FixedPointIterationFSMActor2.xml (RunModel)" time="0.04" />
  <testcase classname="ptolemy.util.test.junit.AutoTests" name="[64] /home/travis/build/icyphy/ptII/ptolemy/domains/modal/test/auto/ForbiddenInstantanousLoop.xml (RunModel)" time="0.039" />
  <testcase classname="ptolemy.util.test.junit.AutoTests" name="[65] /home/travis/build/icyphy/ptII/ptolemy/domains/modal/test/auto/FunctionDependencyOfFSMActorTest.xml (RunModel)" time="0.027" />
  <testcase classname="ptolemy.util.test.junit.AutoTests" name="[66] /home/travis/build/icyphy/ptII/ptolemy/domains/modal/test/auto/GuardExpression.xml (RunModel)" time="0.022" />
  <testcase classname="ptolemy.util.test.junit.AutoTests" name="[67] /home/travis/build/icyphy/ptII/ptolemy/domains/modal/test/auto/GuardNotEvaluated.xml (RunModel)" time="0.031" />
  <testcase classname="ptolemy.util.test.junit.AutoTests" name="[68] /home/travis/build/icyphy/ptII/ptolemy/domains/modal/test/auto/GuardNotEvaluated2.xml (RunModel)" time="0.066" />
  <testcase classname="ptolemy.util.test.junit.AutoTests" name="[69] /home/travis/build/icyphy/ptII/ptolemy/domains/modal/test/auto/GuardOnAbsent.xml (RunModel)" time="0.05" />
  <testcase classname="ptolemy.util.test.junit.AutoTests" name="[70] /home/travis/build/icyphy/ptII/ptolemy/domains/modal/test/auto/HierarchicalFSMTypeInference.xml (RunModel)" time="0.071" />
  <testcase classname="ptolemy.util.test.junit.AutoTests" name="[71] /home/travis/build/icyphy/ptII/ptolemy/domains/modal/test/auto/Hysteresis.xml (RunModel)" time="0.056" />
  <testcase classname="ptolemy.util.test.junit.AutoTests" name="[72] /home/travis/build/icyphy/ptII/ptolemy/domains/modal/test/auto/HysteresisWithDefault.xml (RunModel)" time="0.08" />
  <testcase classname="ptolemy.util.test.junit.AutoTests" name="[73] /home/travis/build/icyphy/ptII/ptolemy/domains/modal/test/auto/HysteresisWithDefault2.xml (RunModel)" time="0.088" />
  <testcase classname="ptolemy.util.test.junit.AutoTests" name="[74] /home/travis/build/icyphy/ptII/ptolemy/domains/modal/test/auto/ImmediateNonConstructiveness.xml (RunModel)" time="0.019" />
  <testcase classname="ptolemy.util.test.junit.AutoTests" name="[75] /home/travis/build/icyphy/ptII/ptolemy/domains/modal/test/auto/ImmediateNonConstructiveness2.xml (RunModel)" time="0.018" />
  <testcase classname="ptolemy.util.test.junit.AutoTests" name="[76] /home/travis/build/icyphy/ptII/ptolemy/domains/modal/test/auto/ImmediateTransitionReset.xml (RunModel)" time="0.045" />
  <testcase classname="ptolemy.util.test.junit.AutoTests" name="[77] /home/travis/build/icyphy/ptII/ptolemy/domains/modal/test/auto/ImmediateTransitions1.xml (RunModel)" time="0.015" />
  <testcase classname="ptolemy.util.test.junit.AutoTests" name="[78] /home/travis/build/icyphy/ptII/ptolemy/domains/modal/test/auto/ImmediateTransitionsInstantaneousCommunication.xml (RunModel)" time="0.037" />
  <testcase classname="ptolemy.util.test.junit.AutoTests" name="[79] /home/travis/build/icyphy/ptII/ptolemy/domains/modal/test/auto/InitialImmediateTransition.xml (RunModel)" time="0.017" />
  <testcase classname="ptolemy.util.test.junit.AutoTests" name="[80] /home/travis/build/icyphy/ptII/ptolemy/domains/modal/test/auto/InitialOutputs.xml (RunModel)" time="0.02" />
  <testcase classname="ptolemy.util.test.junit.AutoTests" name="[81] /home/travis/build/icyphy/ptII/ptolemy/domains/modal/test/auto/InitialStateTransition1.xml (RunModel)" time="0.022" />
  <testcase classname="ptolemy.util.test.junit.AutoTests" name="[82] /home/travis/build/icyphy/ptII/ptolemy/domains/modal/test/auto/InitialStateTransition2.xml (RunModel)" time="0.023" />
  <testcase classname="ptolemy.util.test.junit.AutoTests" name="[83] /home/travis/build/icyphy/ptII/ptolemy/domains/modal/test/auto/InitialStateTransition3.xml (RunModel)" time="0.026" />
  <testcase classname="ptolemy.util.test.junit.AutoTests" name="[84] /home/travis/build/icyphy/ptII/ptolemy/domains/modal/test/auto/InitialStateTransition4.xml (RunModel)" time="0.029" />
  <testcase classname="ptolemy.util.test.junit.AutoTests" name="[85] /home/travis/build/icyphy/ptII/ptolemy/domains/modal/test/auto/MalformedGuardExpressionNotCaught.xml (RunModel)" time="0.021" />
  <testcase classname="ptolemy.util.test.junit.AutoTests" name="[86] /home/travis/build/icyphy/ptII/ptolemy/domains/modal/test/auto/ModalBSC.xml (RunModel)" time="0.093" />
  <testcase classname="ptolemy.util.test.junit.AutoTests" name="[87] /home/travis/build/icyphy/ptII/ptolemy/domains/modal/test/auto/ModalClocks.xml (RunModel)" time="0.098" />
  <testcase classname="ptolemy.util.test.junit.AutoTests" name="[88] /home/travis/build/icyphy/ptII/ptolemy/domains/modal/test/auto/ModalDelay.xml (RunModel)" time="0.053" />
  <testcase classname="ptolemy.util.test.junit.AutoTests" name="[89] /home/travis/build/icyphy/ptII/ptolemy/domains/modal/test/auto/ModalDelay2.xml (RunModel)" time="0.051" />
  <testcase classname="ptolemy.util.test.junit.AutoTests" name="[90] /home/travis/build/icyphy/ptII/ptolemy/domains/modal/test/auto/ModalModelFromMemo.xml (RunModel)" time="0.07" />
  <testcase classname="ptolemy.util.test.junit.AutoTests" name="[91] /home/travis/build/icyphy/ptII/ptolemy/domains/modal/test/auto/ModalModelWithMultirateTransient.xml (RunModel)" time="0.056" />
  <testcase classname="ptolemy.util.test.junit.AutoTests" name="[92] /home/travis/build/icyphy/ptII/ptolemy/domains/modal/test/auto/ModalModelWithReset.xml (RunModel)" time="0.057" />
  <testcase classname="ptolemy.util.test.junit.AutoTests" name="[93] /home/travis/build/icyphy/ptII/ptolemy/domains/modal/test/auto/MouseClickFSM.xml (RunModel)" time="0.051" />
  <testcase classname="ptolemy.util.test.junit.AutoTests" name="[94] /home/travis/build/icyphy/ptII/ptolemy/domains/modal/test/auto/MouseClickFSMModal.xml (RunModel)" time="0.04" />
  <testcase classname="ptolemy.util.test.junit.AutoTests" name="[95] /home/travis/build/icyphy/ptII/ptolemy/domains/modal/test/auto/NonStrictFSM_FeedbackLoop.xml (RunModel)" time="0.057" />
  <testcase classname="ptolemy.util.test.junit.AutoTests" name="[96] /home/travis/build/icyphy/ptII/ptolemy/domains/modal/test/auto/NonStrictFSM_FeedbackLoop_Refinement.xml (RunModel)" time="0.08" />
  <testcase classname="ptolemy.util.test.junit.AutoTests" name="[97] /home/travis/build/icyphy/ptII/ptolemy/domains/modal/test/auto/NonStrictFSM_FeedbackLoop_preemptive.xml (RunModel)" time="0.051" />
  <testcase classname="ptolemy.util.test.junit.AutoTests" name="[98] /home/travis/build/icyphy/ptII/ptolemy/domains/modal/test/auto/NormalTermination.xml (RunModel)" time="0.047" />
  <testcase classname="ptolemy.util.test.junit.AutoTests" name="[99] /home/travis/build/icyphy/ptII/ptolemy/domains/modal/test/auto/Pong.xml (RunModel)" time="0.058" />
  <testcase classname="ptolemy.util.test.junit.AutoTests" name="[100] /home/travis/build/icyphy/ptII/ptolemy/domains/modal/test/auto/Pong_test.xml (RunModel)" time="0.088" />
  <testcase classname="ptolemy.util.test.junit.AutoTests" name="[101] /home/travis/build/icyphy/ptII/ptolemy/domains/modal/test/auto/PreemptionHierarchy.xml (RunModel)" time="0.027" />
  <testcase classname="ptolemy.util.test.junit.AutoTests" name="[102] /home/travis/build/icyphy/ptII/ptolemy/domains/modal/test/auto/PreemptionHierarchy2.xml (RunModel)" time="0.034" />
  <testcase classname="ptolemy.util.test.junit.AutoTests" name="[103] /home/travis/build/icyphy/ptII/ptolemy/domains/modal/test/auto/PreemptiveTransition.xml (RunModel)" time="0.023" />
  <testcase classname="ptolemy.util.test.junit.AutoTests" name="[104] /home/travis/build/icyphy/ptII/ptolemy/domains/modal/test/auto/Priorities.xml (RunModel)" time="0.077" />
  <testcase classname="ptolemy.util.test.junit.AutoTests" name="[105] /home/travis/build/icyphy/ptII/ptolemy/domains/modal/test/auto/ResetFinal.xml (RunModel)" time="0.04" />
  <testcase classname="ptolemy.util.test.junit.AutoTests" name="[106] /home/travis/build/icyphy/ptII/ptolemy/domains/modal/test/auto/ResetFinal2.xml (RunModel)" time="0.031" />
  <testcase classname="ptolemy.util.test.junit.AutoTests" name="[107] /home/travis/build/icyphy/ptII/ptolemy/domains/modal/test/auto/ResetTransitionWithStartTime.xml (RunModel)" time="0.028" />
  <testcase classname="ptolemy.util.test.junit.AutoTests" name="[108] /home/travis/build/icyphy/ptII/ptolemy/domains/modal/test/auto/SDF-FSMComposite.xml (RunModel)" time="0.022" />
  <testcase classname="ptolemy.util.test.junit.AutoTests" name="[109] /home/travis/build/icyphy/ptII/ptolemy/domains/modal/test/auto/SeeminglyNondeterminate.xml (RunModel)" time="0.066" />
  <testcase classname="ptolemy.util.test.junit.AutoTests" name="[110] /home/travis/build/icyphy/ptII/ptolemy/domains/modal/test/auto/SeeminglyNondeterminate2.xml (RunModel)" time="0.076" />
  <testcase classname="ptolemy.util.test.junit.AutoTests" name="[111] /home/travis/build/icyphy/ptII/ptolemy/domains/modal/test/auto/SpontaneousFSM.xml (RunModel)" time="0.044" />
  <testcase classname="ptolemy.util.test.junit.AutoTests" name="[112] /home/travis/build/icyphy/ptII/ptolemy/domains/modal/test/auto/SpontaneousFSM2.xml (RunModel)" time="0.035" />
  <testcase classname="ptolemy.util.test.junit.AutoTests" name="[113] /home/travis/build/icyphy/ptII/ptolemy/domains/modal/test/auto/SpontaneousFSM3.xml (RunModel)" time="0.046" />
  <testcase classname="ptolemy.util.test.junit.AutoTests" name="[114] /home/travis/build/icyphy/ptII/ptolemy/domains/modal/test/auto/SpontaneousFSM4.xml (RunModel)" time="0.044" />
  <testcase classname="ptolemy.util.test.junit.AutoTests" name="[115] /home/travis/build/icyphy/ptII/ptolemy/domains/modal/test/auto/StateTrackerTest.xml (RunModel)" time="0.055" />
  <testcase classname="ptolemy.util.test.junit.AutoTests" name="[116] /home/travis/build/icyphy/ptII/ptolemy/domains/modal/test/auto/StrongImmediateTransition.xml (RunModel)" time="0.038" />
  <testcase classname="ptolemy.util.test.junit.AutoTests" name="[117] /home/travis/build/icyphy/ptII/ptolemy/domains/modal/test/auto/SustainHierarchy.xml (RunModel)" time="0.04" />
  <testcase classname="ptolemy.util.test.junit.AutoTests" name="[118] /home/travis/build/icyphy/ptII/ptolemy/domains/modal/test/auto/TerminationTransition1.xml (RunModel)" time="0.024" />
  <testcase classname="ptolemy.util.test.junit.AutoTests" name="[119] /home/travis/build/icyphy/ptII/ptolemy/domains/modal/test/auto/TerminationTransition2.xml (RunModel)" time="0.031" />
  <testcase classname="ptolemy.util.test.junit.AutoTests" name="[120] /home/travis/build/icyphy/ptII/ptolemy/domains/modal/test/auto/TerminationTransition3.xml (RunModel)" time="0.028" />
  <testcase classname="ptolemy.util.test.junit.AutoTests" name="[121] /home/travis/build/icyphy/ptII/ptolemy/domains/modal/test/auto/TerminationTransition4.xml (RunModel)" time="0.042" />
  <testcase classname="ptolemy.util.test.junit.AutoTests" name="[122] /home/travis/build/icyphy/ptII/ptolemy/domains/modal/test/auto/TerminationTransition5.xml (RunModel)" time="0.038" />
  <testcase classname="ptolemy.util.test.junit.AutoTests" name="[123] /home/travis/build/icyphy/ptII/ptolemy/domains/modal/test/auto/TerminationTransition6.xml (RunModel)" time="0.025" />
  <testcase classname="ptolemy.util.test.junit.AutoTests" name="[124] /home/travis/build/icyphy/ptII/ptolemy/domains/modal/test/auto/TerminationTransition7.xml (RunModel)" time="0.028" />
  <testcase classname="ptolemy.util.test.junit.AutoTests" name="[125] /home/travis/build/icyphy/ptII/ptolemy/domains/modal/test/auto/TerminationTransition8.xml (RunModel)" time="0.027" />
  <testcase classname="ptolemy.util.test.junit.AutoTests" name="[126] /home/travis/build/icyphy/ptII/ptolemy/domains/modal/test/auto/Thermostat_NoHysteresis.xml (RunModel)" time="0.086" />
  <testcase classname="ptolemy.util.test.junit.AutoTests" name="[127] /home/travis/build/icyphy/ptII/ptolemy/domains/modal/test/auto/TimedFSM.xml (RunModel)" time="0.041" />
  <testcase classname="ptolemy.util.test.junit.AutoTests" name="[128] /home/travis/build/icyphy/ptII/ptolemy/domains/modal/test/auto/Timeout1.xml (RunModel)" time="0.013" />
  <testcase classname="ptolemy.util.test.junit.AutoTests" name="[129] /home/travis/build/icyphy/ptII/ptolemy/domains/modal/test/auto/Timeout2.xml (RunModel)" time="0.02" />
  <testcase classname="ptolemy.util.test.junit.AutoTests" name="[130] /home/travis/build/icyphy/ptII/ptolemy/domains/modal/test/auto/Timeout3.xml (RunModel)" time="0.011" />
  <testcase classname="ptolemy.util.test.junit.AutoTests" name="[131] /home/travis/build/icyphy/ptII/ptolemy/domains/modal/test/auto/Timeout4.xml (RunModel)" time="0.013" />
  <testcase classname="ptolemy.util.test.junit.AutoTests" name="[132] /home/travis/build/icyphy/ptII/ptolemy/domains/modal/test/auto/TransientstateModelAdvanced.xml (RunModel)" time="0.03" />
  <testcase classname="ptolemy.util.test.junit.AutoTests" name="[133] /home/travis/build/icyphy/ptII/ptolemy/domains/modal/test/auto/TransientstateModelAdvanced2.xml (RunModel)" time="0.037" />
  <testcase classname="ptolemy.util.test.junit.AutoTests" name="[134] /home/travis/build/icyphy/ptII/ptolemy/domains/modal/test/auto/TransitionRefinements.xml (RunModel)" time="0.027" />
  <testcase classname="ptolemy.util.test.junit.AutoTests" name="[135] /home/travis/build/icyphy/ptII/ptolemy/domains/modal/test/auto/TwoRefinements1.xml (RunModel)" time="0.034" />
  <testcase classname="ptolemy.util.test.junit.AutoTests" name="[136] /home/travis/build/icyphy/ptII/ptolemy/domains/modal/test/auto/TwoRefinements2.xml (RunModel)" time="0.025" />
  <testcase classname="ptolemy.util.test.junit.AutoTests" name="[137] /home/travis/build/icyphy/ptII/ptolemy/domains/modal/test/auto/WeakImmediateTransition.xml (RunModel)" time="0.029" />
  <testcase classname="ptolemy.util.test.junit.AutoTests" name="[138] /home/travis/build/icyphy/ptII/ptolemy/domains/modal/test/auto/booleanSelect.xml (RunModel)" time="0.076" />
  <testcase classname="ptolemy.util.test.junit.AutoTests" name="[139] /home/travis/build/icyphy/ptII/ptolemy/domains/modal/test/auto/modalChangingParams.xml (RunModel)" time="0.337" />
  <testcase classname="ptolemy.util.test.junit.AutoTests" name="[140] /home/travis/build/icyphy/ptII/ptolemy/domains/modal/test/auto/modalModel.xml (RunModel)" time="0.022" />
  <testcase classname="ptolemy.util.test.junit.AutoTests" name="[141] /home/travis/build/icyphy/ptII/ptolemy/domains/modal/test/auto/modalModel2.xml (RunModel)" time="0.031" />
  <testcase classname="ptolemy.util.test.junit.AutoTests" name="[142] /home/travis/build/icyphy/ptII/ptolemy/domains/modal/test/auto/modalModel3.xml (RunModel)" time="0.041" />
  <testcase classname="ptolemy.util.test.junit.AutoTests" name="[143] /home/travis/build/icyphy/ptII/ptolemy/domains/modal/test/auto/model1.xml (RunModel)" time="0.02" />
  <testcase classname="ptolemy.util.test.junit.AutoTests" name="[144] /home/travis/build/icyphy/ptII/ptolemy/domains/modal/test/auto/test-direct-in-out.xml (RunModel)" time="0.019" />
  <system-out><![CDATA[/home/travis/build/icyphy/ptII/ptolemy/domains/modal/test/SystemLevelType.tcl
testDefs.tcl: setting time out to 9000 seconds at Wed Jul 04 01:35:49 UTC 2018
07/04/18 01:35:51
Failed: 0  Total Tests: 1  ((Passed: 1, Newly Passed: 0)  Known Failed: 0) /home/travis/build/icyphy/ptII/ptolemy/domains/modal/test
----------------- testing (KnownFailure) /home/travis/build/icyphy/ptII/ptolemy/domains/modal/test/auto/knownFailedTests/CannotAnalysisWithPreemption.xml
63 ms. Memory: 208384K Free: 186023K (89%)
Known Failure: java.lang.reflect.InvocationTargetException
No auto/linux-amd64/*.xml tests in /home/travis/build/icyphy/ptII/ptolemy/domains/modal/test
AutoTests.java: About to close Vertx.
AutoTests.java: Vertx closed.

===========================================================================================
----------------- testing Wed Jul 04 01:35:51 UTC 2018 /home/travis/build/icyphy/ptII/ptolemy/domains/modal/test/auto/ABPTest.xml
----------------- Instantiating /home/travis/build/icyphy/ptII/ptolemy/domains/modal/test/auto/ABPTest.xml
400 ms. Memory: 332288K Free: 292779K (88%)
----------------- Invoking toplevel() on ptolemy.moml.MoMLSimpleApplication@2250a41e
----------------- Done invoking toplevel() on ptolemy.moml.MoMLSimpleApplication@2250a41e
reloadAllAccessors: .ABPTest

===========================================================================================
----------------- testing Wed Jul 04 01:35:52 UTC 2018 /home/travis/build/icyphy/ptII/ptolemy/domains/modal/test/auto/ABROFlat.xml
----------------- Instantiating /home/travis/build/icyphy/ptII/ptolemy/domains/modal/test/auto/ABROFlat.xml
30 ms. Memory: 332288K Free: 270552K (81%)
----------------- Invoking toplevel() on ptolemy.moml.MoMLSimpleApplication@25d45b96
----------------- Done invoking toplevel() on ptolemy.moml.MoMLSimpleApplication@25d45b96
reloadAllAccessors: .ABROFlat

===========================================================================================
----------------- testing Wed Jul 04 01:35:52 UTC 2018 /home/travis/build/icyphy/ptII/ptolemy/domains/modal/test/auto/ABROFlat2.xml
----------------- Instantiating /home/travis/build/icyphy/ptII/ptolemy/domains/modal/test/auto/ABROFlat2.xml
25 ms. Memory: 332288K Free: 252562K (76%)
----------------- Invoking toplevel() on ptolemy.moml.MoMLSimpleApplication@720aca86
----------------- Done invoking toplevel() on ptolemy.moml.MoMLSimpleApplication@720aca86
reloadAllAccessors: .ABROFlat2

===========================================================================================
----------------- testing Wed Jul 04 01:35:52 UTC 2018 /home/travis/build/icyphy/ptII/ptolemy/domains/modal/test/auto/ABRO_present_hmm.xml
----------------- Instantiating /home/travis/build/icyphy/ptII/ptolemy/domains/modal/test/auto/ABRO_present_hmm.xml
42 ms. Memory: 332288K Free: 219893K (66%)
----------------- Invoking toplevel() on ptolemy.moml.MoMLSimpleApplication@69b59ca1
----------------- Done invoking toplevel() on ptolemy.moml.MoMLSimpleApplication@69b59ca1
reloadAllAccessors: .ABRO_present_hmm

===========================================================================================
----------------- testing Wed Jul 04 01:35:52 UTC 2018 /home/travis/build/icyphy/ptII/ptolemy/domains/modal/test/auto/AMICoderExample.xml
----------------- Instantiating /home/travis/build/icyphy/ptII/ptolemy/domains/modal/test/auto/AMICoderExample.xml
27 ms. Memory: 332288K Free: 208472K (63%)
----------------- Invoking toplevel() on ptolemy.moml.MoMLSimpleApplication@24d2b1cb
----------------- Done invoking toplevel() on ptolemy.moml.MoMLSimpleApplication@24d2b1cb
reloadAllAccessors: .AMICoderExample

===========================================================================================
----------------- testing Wed Jul 04 01:35:52 UTC 2018 /home/travis/build/icyphy/ptII/ptolemy/domains/modal/test/auto/AbsentToPresent.xml
----------------- Instantiating /home/travis/build/icyphy/ptII/ptolemy/domains/modal/test/auto/AbsentToPresent.xml
4 ms. Memory: 332288K Free: 200143K (60%)
----------------- Invoking toplevel() on ptolemy.moml.MoMLSimpleApplication@d1bce0b
----------------- Done invoking toplevel() on ptolemy.moml.MoMLSimpleApplication@d1bce0b
reloadAllAccessors: .AbsentToPresent

===========================================================================================
----------------- testing Wed Jul 04 01:35:52 UTC 2018 /home/travis/build/icyphy/ptII/ptolemy/domains/modal/test/auto/Blending.xml
----------------- Instantiating /home/travis/build/icyphy/ptII/ptolemy/domains/modal/test/auto/Blending.xml
158 ms. Memory: 332288K Free: 149412K (45%)
----------------- Invoking toplevel() on ptolemy.moml.MoMLSimpleApplication@1d4ed1e7
----------------- Done invoking toplevel() on ptolemy.moml.MoMLSimpleApplication@1d4ed1e7
reloadAllAccessors: .Blending

===========================================================================================
----------------- testing Wed Jul 04 01:35:53 UTC 2018 /home/travis/build/icyphy/ptII/ptolemy/domains/modal/test/auto/Broadcast.xml
----------------- Instantiating /home/travis/build/icyphy/ptII/ptolemy/domains/modal/test/auto/Broadcast.xml
22 ms. Memory: 332288K Free: 136306K (41%)
----------------- Invoking toplevel() on ptolemy.moml.MoMLSimpleApplication@19adb693
----------------- Done invoking toplevel() on ptolemy.moml.MoMLSimpleApplication@19adb693
reloadAllAccessors: .Broadcast

===========================================================================================
----------------- testing Wed Jul 04 01:35:53 UTC 2018 /home/travis/build/icyphy/ptII/ptolemy/domains/modal/test/auto/BroadcastHierarchy.xml
----------------- Instantiating /home/travis/build/icyphy/ptII/ptolemy/domains/modal/test/auto/BroadcastHierarchy.xml
13 ms. Memory: 332288K Free: 119993K (36%)
----------------- Invoking toplevel() on ptolemy.moml.MoMLSimpleApplication@62a70c87
----------------- Done invoking toplevel() on ptolemy.moml.MoMLSimpleApplication@62a70c87
reloadAllAccessors: .BroadcastHierarchy

===========================================================================================
----------------- testing Wed Jul 04 01:35:53 UTC 2018 /home/travis/build/icyphy/ptII/ptolemy/domains/modal/test/auto/BroadcastHierarchy2.xml
----------------- Instantiating /home/travis/build/icyphy/ptII/ptolemy/domains/modal/test/auto/BroadcastHierarchy2.xml
23 ms. Memory: 332288K Free: 84052K (25%)
----------------- Invoking toplevel() on ptolemy.moml.MoMLSimpleApplication@71b5e3cb
----------------- Done invoking toplevel() on ptolemy.moml.MoMLSimpleApplication@71b5e3cb
reloadAllAccessors: .BroadcastHierarchy2

===========================================================================================
----------------- testing Wed Jul 04 01:35:53 UTC 2018 /home/travis/build/icyphy/ptII/ptolemy/domains/modal/test/auto/BroadcastHierarchy3.xml
----------------- Instantiating /home/travis/build/icyphy/ptII/ptolemy/domains/modal/test/auto/BroadcastHierarchy3.xml
24 ms. Memory: 333824K Free: 301757K (90%)
----------------- Invoking toplevel() on ptolemy.moml.MoMLSimpleApplication@5e5a0aa3
----------------- Done invoking toplevel() on ptolemy.moml.MoMLSimpleApplication@5e5a0aa3
reloadAllAccessors: .BroadcastHierarchy3

===========================================================================================
----------------- testing Wed Jul 04 01:35:53 UTC 2018 /home/travis/build/icyphy/ptII/ptolemy/domains/modal/test/auto/BroadcastHierarchy4.xml
----------------- Instantiating /home/travis/build/icyphy/ptII/ptolemy/domains/modal/test/auto/BroadcastHierarchy4.xml
11 ms. Memory: 333824K Free: 268423K (80%)
----------------- Invoking toplevel() on ptolemy.moml.MoMLSimpleApplication@5fa6d26
----------------- Done invoking toplevel() on ptolemy.moml.MoMLSimpleApplication@5fa6d26
reloadAllAccessors: .BroadcastHierarchy4

===========================================================================================
----------------- testing Wed Jul 04 01:35:53 UTC 2018 /home/travis/build/icyphy/ptII/ptolemy/domains/modal/test/auto/CannotAnalysisWithPreemption2.xml
----------------- Instantiating /home/travis/build/icyphy/ptII/ptolemy/domains/modal/test/auto/CannotAnalysisWithPreemption2.xml
5 ms. Memory: 333824K Free: 258622K (77%)
----------------- Invoking toplevel() on ptolemy.moml.MoMLSimpleApplication@2fa89a5f
----------------- Done invoking toplevel() on ptolemy.moml.MoMLSimpleApplication@2fa89a5f
reloadAllAccessors: .CannotAnalysisWithPreemption2

===========================================================================================
----------------- testing Wed Jul 04 01:35:53 UTC 2018 /home/travis/build/icyphy/ptII/ptolemy/domains/modal/test/auto/CannotAnalysisWithPreemption3.xml
----------------- Instantiating /home/travis/build/icyphy/ptII/ptolemy/domains/modal/test/auto/CannotAnalysisWithPreemption3.xml
5 ms. Memory: 333824K Free: 245532K (74%)
----------------- Invoking toplevel() on ptolemy.moml.MoMLSimpleApplication@31d99be3
----------------- Done invoking toplevel() on ptolemy.moml.MoMLSimpleApplication@31d99be3
reloadAllAccessors: .CannotAnalysisWithPreemption3

===========================================================================================
----------------- testing Wed Jul 04 01:35:53 UTC 2018 /home/travis/build/icyphy/ptII/ptolemy/domains/modal/test/auto/CannotProduce.xml
----------------- Instantiating /home/travis/build/icyphy/ptII/ptolemy/domains/modal/test/auto/CannotProduce.xml
11 ms. Memory: 333824K Free: 236717K (71%)
----------------- Invoking toplevel() on ptolemy.moml.MoMLSimpleApplication@3f229d50
----------------- Done invoking toplevel() on ptolemy.moml.MoMLSimpleApplication@3f229d50
reloadAllAccessors: .CannotProduce

===========================================================================================
----------------- testing Wed Jul 04 01:35:53 UTC 2018 /home/travis/build/icyphy/ptII/ptolemy/domains/modal/test/auto/CannotProduceModal.xml
----------------- Instantiating /home/travis/build/icyphy/ptII/ptolemy/domains/modal/test/auto/CannotProduceModal.xml
13 ms. Memory: 333824K Free: 228560K (68%)
----------------- Invoking toplevel() on ptolemy.moml.MoMLSimpleApplication@77adae49
----------------- Done invoking toplevel() on ptolemy.moml.MoMLSimpleApplication@77adae49
reloadAllAccessors: .CannotProduceModal

===========================================================================================
----------------- testing Wed Jul 04 01:35:53 UTC 2018 /home/travis/build/icyphy/ptII/ptolemy/domains/modal/test/auto/Case.xml
----------------- Instantiating /home/travis/build/icyphy/ptII/ptolemy/domains/modal/test/auto/Case.xml
35 ms. Memory: 333824K Free: 215518K (65%)
----------------- Invoking toplevel() on ptolemy.moml.MoMLSimpleApplication@42e78cb1
----------------- Done invoking toplevel() on ptolemy.moml.MoMLSimpleApplication@42e78cb1
reloadAllAccessors: .Case

===========================================================================================
----------------- testing Wed Jul 04 01:35:53 UTC 2018 /home/travis/build/icyphy/ptII/ptolemy/domains/modal/test/auto/Case1.xml
----------------- Instantiating /home/travis/build/icyphy/ptII/ptolemy/domains/modal/test/auto/Case1.xml
5 ms. Memory: 333824K Free: 205042K (61%)
----------------- Invoking toplevel() on ptolemy.moml.MoMLSimpleApplication@1fe8bda
----------------- Done invoking toplevel() on ptolemy.moml.MoMLSimpleApplication@1fe8bda
reloadAllAccessors: .Case1

===========================================================================================
----------------- testing Wed Jul 04 01:35:54 UTC 2018 /home/travis/build/icyphy/ptII/ptolemy/domains/modal/test/auto/Case2.xml
----------------- Instantiating /home/travis/build/icyphy/ptII/ptolemy/domains/modal/test/auto/Case2.xml
17 ms. Memory: 333824K Free: 193597K (58%)
----------------- Invoking toplevel() on ptolemy.moml.MoMLSimpleApplication@2b2694fe
----------------- Done invoking toplevel() on ptolemy.moml.MoMLSimpleApplication@2b2694fe
reloadAllAccessors: .Case2

===========================================================================================
----------------- testing Wed Jul 04 01:35:54 UTC 2018 /home/travis/build/icyphy/ptII/ptolemy/domains/modal/test/auto/CausalityInterface1.xml
----------------- Instantiating /home/travis/build/icyphy/ptII/ptolemy/domains/modal/test/auto/CausalityInterface1.xml
4 ms. Memory: 333824K Free: 187076K (56%)
----------------- Invoking toplevel() on ptolemy.moml.MoMLSimpleApplication@76945de9
----------------- Done invoking toplevel() on ptolemy.moml.MoMLSimpleApplication@76945de9
reloadAllAccessors: .CausalityInterface1

===========================================================================================
----------------- testing Wed Jul 04 01:35:54 UTC 2018 /home/travis/build/icyphy/ptII/ptolemy/domains/modal/test/auto/CausalityInterface10.xml
----------------- Instantiating /home/travis/build/icyphy/ptII/ptolemy/domains/modal/test/auto/CausalityInterface10.xml
15 ms. Memory: 333824K Free: 168460K (50%)
----------------- Invoking toplevel() on ptolemy.moml.MoMLSimpleApplication@35e1cc4d
----------------- Done invoking toplevel() on ptolemy.moml.MoMLSimpleApplication@35e1cc4d
reloadAllAccessors: .CausalityInterface10

===========================================================================================
----------------- testing Wed Jul 04 01:35:54 UTC 2018 /home/travis/build/icyphy/ptII/ptolemy/domains/modal/test/auto/CausalityInterface11.xml
----------------- Instantiating /home/travis/build/icyphy/ptII/ptolemy/domains/modal/test/auto/CausalityInterface11.xml
8 ms. Memory: 333824K Free: 152114K (46%)
----------------- Invoking toplevel() on ptolemy.moml.MoMLSimpleApplication@a8a6d54
----------------- Done invoking toplevel() on ptolemy.moml.MoMLSimpleApplication@a8a6d54
reloadAllAccessors: .CausalityInterface11

===========================================================================================
----------------- testing Wed Jul 04 01:35:54 UTC 2018 /home/travis/build/icyphy/ptII/ptolemy/domains/modal/test/auto/CausalityInterface12.xml
----------------- Instantiating /home/travis/build/icyphy/ptII/ptolemy/domains/modal/test/auto/CausalityInterface12.xml
8 ms. Memory: 333824K Free: 135768K (41%)
----------------- Invoking toplevel() on ptolemy.moml.MoMLSimpleApplication@5064fc70
----------------- Done invoking toplevel() on ptolemy.moml.MoMLSimpleApplication@5064fc70
reloadAllAccessors: .CausalityInterface12

===========================================================================================
----------------- testing Wed Jul 04 01:35:54 UTC 2018 /home/travis/build/icyphy/ptII/ptolemy/domains/modal/test/auto/CausalityInterface13.xml
----------------- Instantiating /home/travis/build/icyphy/ptII/ptolemy/domains/modal/test/auto/CausalityInterface13.xml
12 ms. Memory: 333824K Free: 117159K (35%)
----------------- Invoking toplevel() on ptolemy.moml.MoMLSimpleApplication@68ef7450
----------------- Done invoking toplevel() on ptolemy.moml.MoMLSimpleApplication@68ef7450
reloadAllAccessors: .CausalityInterface13

===========================================================================================
----------------- testing Wed Jul 04 01:35:54 UTC 2018 /home/travis/build/icyphy/ptII/ptolemy/domains/modal/test/auto/CausalityInterface14.xml
----------------- Instantiating /home/travis/build/icyphy/ptII/ptolemy/domains/modal/test/auto/CausalityInterface14.xml
11 ms. Memory: 333824K Free: 100813K (30%)
----------------- Invoking toplevel() on ptolemy.moml.MoMLSimpleApplication@3591faae
----------------- Done invoking toplevel() on ptolemy.moml.MoMLSimpleApplication@3591faae
reloadAllAccessors: .CausalityInterface14

===========================================================================================
----------------- testing Wed Jul 04 01:35:54 UTC 2018 /home/travis/build/icyphy/ptII/ptolemy/domains/modal/test/auto/CausalityInterface2.xml
----------------- Instantiating /home/travis/build/icyphy/ptII/ptolemy/domains/modal/test/auto/CausalityInterface2.xml
3 ms. Memory: 333824K Free: 92648K (28%)
----------------- Invoking toplevel() on ptolemy.moml.MoMLSimpleApplication@74dbf984
----------------- Done invoking toplevel() on ptolemy.moml.MoMLSimpleApplication@74dbf984
reloadAllAccessors: .CausalityInterface2

===========================================================================================
----------------- testing Wed Jul 04 01:35:54 UTC 2018 /home/travis/build/icyphy/ptII/ptolemy/domains/modal/test/auto/CausalityInterface3.xml
----------------- Instantiating /home/travis/build/icyphy/ptII/ptolemy/domains/modal/test/auto/CausalityInterface3.xml
5 ms. Memory: 333824K Free: 82221K (25%)
----------------- Invoking toplevel() on ptolemy.moml.MoMLSimpleApplication@81dc74
----------------- Done invoking toplevel() on ptolemy.moml.MoMLSimpleApplication@81dc74
reloadAllAccessors: .CausalityInterface3

===========================================================================================
----------------- testing Wed Jul 04 01:35:54 UTC 2018 /home/travis/build/icyphy/ptII/ptolemy/domains/modal/test/auto/CausalityInterface4.xml
----------------- Instantiating /home/travis/build/icyphy/ptII/ptolemy/domains/modal/test/auto/CausalityInterface4.xml
3 ms. Memory: 578560K Free: 561799K (97%)
----------------- Invoking toplevel() on ptolemy.moml.MoMLSimpleApplication@1aa4c33a
----------------- Done invoking toplevel() on ptolemy.moml.MoMLSimpleApplication@1aa4c33a
reloadAllAccessors: .CausalityInterface4

===========================================================================================
----------------- testing Wed Jul 04 01:35:54 UTC 2018 /home/travis/build/icyphy/ptII/ptolemy/domains/modal/test/auto/CausalityInterface5.xml
----------------- Instantiating /home/travis/build/icyphy/ptII/ptolemy/domains/modal/test/auto/CausalityInterface5.xml
5 ms. Memory: 578560K Free: 545623K (94%)
----------------- Invoking toplevel() on ptolemy.moml.MoMLSimpleApplication@2ef454fc
----------------- Done invoking toplevel() on ptolemy.moml.MoMLSimpleApplication@2ef454fc
reloadAllAccessors: .CausalityInterface5

===========================================================================================
----------------- testing Wed Jul 04 01:35:54 UTC 2018 /home/travis/build/icyphy/ptII/ptolemy/domains/modal/test/auto/CausalityInterface6.xml
----------------- Instantiating /home/travis/build/icyphy/ptII/ptolemy/domains/modal/test/auto/CausalityInterface6.xml
3 ms. Memory: 578560K Free: 532597K (92%)
----------------- Invoking toplevel() on ptolemy.moml.MoMLSimpleApplication@153e1eae
----------------- Done invoking toplevel() on ptolemy.moml.MoMLSimpleApplication@153e1eae
reloadAllAccessors: .CausalityInterface6

===========================================================================================
----------------- testing Wed Jul 04 01:35:54 UTC 2018 /home/travis/build/icyphy/ptII/ptolemy/domains/modal/test/auto/CausalityInterface7.xml
----------------- Instantiating /home/travis/build/icyphy/ptII/ptolemy/domains/modal/test/auto/CausalityInterface7.xml
3 ms. Memory: 578560K Free: 519316K (90%)
----------------- Invoking toplevel() on ptolemy.moml.MoMLSimpleApplication@74e5c590
----------------- Done invoking toplevel() on ptolemy.moml.MoMLSimpleApplication@74e5c590
reloadAllAccessors: .CausalityInterface7

===========================================================================================
----------------- testing Wed Jul 04 01:35:54 UTC 2018 /home/travis/build/icyphy/ptII/ptolemy/domains/modal/test/auto/CausalityInterface8.xml
----------------- Instantiating /home/travis/build/icyphy/ptII/ptolemy/domains/modal/test/auto/CausalityInterface8.xml
3 ms. Memory: 578560K Free: 506274K (88%)
----------------- Invoking toplevel() on ptolemy.moml.MoMLSimpleApplication@5744694f
----------------- Done invoking toplevel() on ptolemy.moml.MoMLSimpleApplication@5744694f
reloadAllAccessors: .CausalityInterface8

===========================================================================================
----------------- testing Wed Jul 04 01:35:54 UTC 2018 /home/travis/build/icyphy/ptII/ptolemy/domains/modal/test/auto/CausalityInterface9.xml
----------------- Instantiating /home/travis/build/icyphy/ptII/ptolemy/domains/modal/test/auto/CausalityInterface9.xml
7 ms. Memory: 578560K Free: 490113K (85%)
----------------- Invoking toplevel() on ptolemy.moml.MoMLSimpleApplication@fc63b3e
----------------- Done invoking toplevel() on ptolemy.moml.MoMLSimpleApplication@fc63b3e
reloadAllAccessors: .CausalityInterface9

===========================================================================================
----------------- testing Wed Jul 04 01:35:54 UTC 2018 /home/travis/build/icyphy/ptII/ptolemy/domains/modal/test/auto/ChainedTransitions.xml
----------------- Instantiating /home/travis/build/icyphy/ptII/ptolemy/domains/modal/test/auto/ChainedTransitions.xml
101 ms. Memory: 578560K Free: 460782K (80%)
----------------- Invoking toplevel() on ptolemy.moml.MoMLSimpleApplication@42530771
----------------- Done invoking toplevel() on ptolemy.moml.MoMLSimpleApplication@42530771
reloadAllAccessors: .ChainedTransitions

===========================================================================================
----------------- testing Wed Jul 04 01:35:54 UTC 2018 /home/travis/build/icyphy/ptII/ptolemy/domains/modal/test/auto/CycleOfImmediateTransitionsFSM.xml
----------------- Instantiating /home/travis/build/icyphy/ptII/ptolemy/domains/modal/test/auto/CycleOfImmediateTransitionsFSM.xml
3 ms. Memory: 578560K Free: 450997K (78%)
----------------- Invoking toplevel() on ptolemy.moml.MoMLSimpleApplication@2d412a15
----------------- Done invoking toplevel() on ptolemy.moml.MoMLSimpleApplication@2d412a15
reloadAllAccessors: .CycleOfImmediateTransitionsFSM

===========================================================================================
----------------- testing Wed Jul 04 01:35:54 UTC 2018 /home/travis/build/icyphy/ptII/ptolemy/domains/modal/test/auto/CycleOfImmediateTransitionsModal.xml
----------------- Instantiating /home/travis/build/icyphy/ptII/ptolemy/domains/modal/test/auto/CycleOfImmediateTransitionsModal.xml
3 ms. Memory: 578560K Free: 441228K (76%)
----------------- Invoking toplevel() on ptolemy.moml.MoMLSimpleApplication@5d33057f
----------------- Done invoking toplevel() on ptolemy.moml.MoMLSimpleApplication@5d33057f
reloadAllAccessors: .CycleOfImmediateTransitionsModal

===========================================================================================
----------------- testing Wed Jul 04 01:35:54 UTC 2018 /home/travis/build/icyphy/ptII/ptolemy/domains/modal/test/auto/CycleOfImmediateTransitionsModal2.xml
----------------- Instantiating /home/travis/build/icyphy/ptII/ptolemy/domains/modal/test/auto/CycleOfImmediateTransitionsModal2.xml
3 ms. Memory: 578560K Free: 428324K (74%)
----------------- Invoking toplevel() on ptolemy.moml.MoMLSimpleApplication@39829e53
----------------- Done invoking toplevel() on ptolemy.moml.MoMLSimpleApplication@39829e53
reloadAllAccessors: .CycleOfImmediateTransitionsModal2

===========================================================================================
----------------- testing Wed Jul 04 01:35:54 UTC 2018 /home/travis/build/icyphy/ptII/ptolemy/domains/modal/test/auto/CycleOfImmediateTransitionsModal3.xml
----------------- Instantiating /home/travis/build/icyphy/ptII/ptolemy/domains/modal/test/auto/CycleOfImmediateTransitionsModal3.xml
11 ms. Memory: 578560K Free: 389208K (67%)
----------------- Invoking toplevel() on ptolemy.moml.MoMLSimpleApplication@51378f50
----------------- Done invoking toplevel() on ptolemy.moml.MoMLSimpleApplication@51378f50
reloadAllAccessors: .CycleOfImmediateTransitionsModal3

===========================================================================================
----------------- testing Wed Jul 04 01:35:55 UTC 2018 /home/travis/build/icyphy/ptII/ptolemy/domains/modal/test/auto/DeepModal1.xml
----------------- Instantiating /home/travis/build/icyphy/ptII/ptolemy/domains/modal/test/auto/DeepModal1.xml
25 ms. Memory: 578560K Free: 369622K (64%)
----------------- Invoking toplevel() on ptolemy.moml.MoMLSimpleApplication@62749d0e
----------------- Done invoking toplevel() on ptolemy.moml.MoMLSimpleApplication@62749d0e
reloadAllAccessors: .DeepModal1

===========================================================================================
----------------- testing Wed Jul 04 01:35:55 UTC 2018 /home/travis/build/icyphy/ptII/ptolemy/domains/modal/test/auto/DeepModal2.xml
----------------- Instantiating /home/travis/build/icyphy/ptII/ptolemy/domains/modal/test/auto/DeepModal2.xml
23 ms. Memory: 578560K Free: 346779K (60%)
----------------- Invoking toplevel() on ptolemy.moml.MoMLSimpleApplication@5fa1aeb3
----------------- Done invoking toplevel() on ptolemy.moml.MoMLSimpleApplication@5fa1aeb3
reloadAllAccessors: .DeepModal2

===========================================================================================
----------------- testing Wed Jul 04 01:35:55 UTC 2018 /home/travis/build/icyphy/ptII/ptolemy/domains/modal/test/auto/DeepModal3.xml
----------------- Instantiating /home/travis/build/icyphy/ptII/ptolemy/domains/modal/test/auto/DeepModal3.xml
34 ms. Memory: 578560K Free: 320801K (55%)
----------------- Invoking toplevel() on ptolemy.moml.MoMLSimpleApplication@11783855
----------------- Done invoking toplevel() on ptolemy.moml.MoMLSimpleApplication@11783855
reloadAllAccessors: .DeepModal3

===========================================================================================
----------------- testing Wed Jul 04 01:35:55 UTC 2018 /home/travis/build/icyphy/ptII/ptolemy/domains/modal/test/auto/DeepModal4.xml
----------------- Instantiating /home/travis/build/icyphy/ptII/ptolemy/domains/modal/test/auto/DeepModal4.xml
26 ms. Memory: 578560K Free: 297967K (52%)
----------------- Invoking toplevel() on ptolemy.moml.MoMLSimpleApplication@534603a
----------------- Done invoking toplevel() on ptolemy.moml.MoMLSimpleApplication@534603a
reloadAllAccessors: .DeepModal4

===========================================================================================
----------------- testing Wed Jul 04 01:35:55 UTC 2018 /home/travis/build/icyphy/ptII/ptolemy/domains/modal/test/auto/Default1.xml
----------------- Instantiating /home/travis/build/icyphy/ptII/ptolemy/domains/modal/test/auto/Default1.xml
3 ms. Memory: 578560K Free: 288198K (50%)
----------------- Invoking toplevel() on ptolemy.moml.MoMLSimpleApplication@5a4a9d75
----------------- Done invoking toplevel() on ptolemy.moml.MoMLSimpleApplication@5a4a9d75
reloadAllAccessors: .Default1

===========================================================================================
----------------- testing Wed Jul 04 01:35:55 UTC 2018 /home/travis/build/icyphy/ptII/ptolemy/domains/modal/test/auto/Default2.xml
----------------- Instantiating /home/travis/build/icyphy/ptII/ptolemy/domains/modal/test/auto/Default2.xml
6 ms. Memory: 578560K Free: 278421K (48%)
----------------- Invoking toplevel() on ptolemy.moml.MoMLSimpleApplication@7d47a44c
----------------- Done invoking toplevel() on ptolemy.moml.MoMLSimpleApplication@7d47a44c
reloadAllAccessors: .Default2

===========================================================================================
----------------- testing Wed Jul 04 01:35:55 UTC 2018 /home/travis/build/icyphy/ptII/ptolemy/domains/modal/test/auto/Default3.xml
----------------- Instantiating /home/travis/build/icyphy/ptII/ptolemy/domains/modal/test/auto/Default3.xml
3 ms. Memory: 578560K Free: 265501K (46%)
----------------- Invoking toplevel() on ptolemy.moml.MoMLSimpleApplication@17dec34d
----------------- Done invoking toplevel() on ptolemy.moml.MoMLSimpleApplication@17dec34d
reloadAllAccessors: .Default3

===========================================================================================
----------------- testing Wed Jul 04 01:35:55 UTC 2018 /home/travis/build/icyphy/ptII/ptolemy/domains/modal/test/auto/Default4.xml
----------------- Instantiating /home/travis/build/icyphy/ptII/ptolemy/domains/modal/test/auto/Default4.xml
7 ms. Memory: 578560K Free: 255731K (44%)
----------------- Invoking toplevel() on ptolemy.moml.MoMLSimpleApplication@19a85c40
----------------- Done invoking toplevel() on ptolemy.moml.MoMLSimpleApplication@19a85c40
reloadAllAccessors: .Default4

===========================================================================================
----------------- testing Wed Jul 04 01:35:55 UTC 2018 /home/travis/build/icyphy/ptII/ptolemy/domains/modal/test/auto/Default5.xml
----------------- Instantiating /home/travis/build/icyphy/ptII/ptolemy/domains/modal/test/auto/Default5.xml
6 ms. Memory: 578560K Free: 242690K (42%)
----------------- Invoking toplevel() on ptolemy.moml.MoMLSimpleApplication@26a28242
----------------- Done invoking toplevel() on ptolemy.moml.MoMLSimpleApplication@26a28242
reloadAllAccessors: .Default5

===========================================================================================
----------------- testing Wed Jul 04 01:35:55 UTC 2018 /home/travis/build/icyphy/ptII/ptolemy/domains/modal/test/auto/EmptyGuard.xml
----------------- Instantiating /home/travis/build/icyphy/ptII/ptolemy/domains/modal/test/auto/EmptyGuard.xml
13 ms. Memory: 578560K Free: 232905K (40%)
----------------- Invoking toplevel() on ptolemy.moml.MoMLSimpleApplication@6caaa301
----------------- Done invoking toplevel() on ptolemy.moml.MoMLSimpleApplication@6caaa301
reloadAllAccessors: .EmptyGuard

===========================================================================================
----------------- testing Wed Jul 04 01:35:55 UTC 2018 /home/travis/build/icyphy/ptII/ptolemy/domains/modal/test/auto/ErrorTransition1.xml
----------------- Instantiating /home/travis/build/icyphy/ptII/ptolemy/domains/modal/test/auto/ErrorTransition1.xml
10 ms. Memory: 578560K Free: 216728K (37%)
----------------- Invoking toplevel() on ptolemy.moml.MoMLSimpleApplication@1fe6d0e
----------------- Done invoking toplevel() on ptolemy.moml.MoMLSimpleApplication@1fe6d0e
reloadAllAccessors: .ErrorTransition1

===========================================================================================
----------------- testing Wed Jul 04 01:35:55 UTC 2018 /home/travis/build/icyphy/ptII/ptolemy/domains/modal/test/auto/ErrorTransition10.xml
----------------- Instantiating /home/travis/build/icyphy/ptII/ptolemy/domains/modal/test/auto/ErrorTransition10.xml
9 ms. Memory: 578560K Free: 200446K (35%)
----------------- Invoking toplevel() on ptolemy.moml.MoMLSimpleApplication@64d114e2
----------------- Done invoking toplevel() on ptolemy.moml.MoMLSimpleApplication@64d114e2
reloadAllAccessors: .ErrorTransition10

===========================================================================================
----------------- testing Wed Jul 04 01:35:55 UTC 2018 /home/travis/build/icyphy/ptII/ptolemy/domains/modal/test/auto/ErrorTransition11.xml
----------------- Instantiating /home/travis/build/icyphy/ptII/ptolemy/domains/modal/test/auto/ErrorTransition11.xml
4 ms. Memory: 578560K Free: 184148K (32%)
----------------- Invoking toplevel() on ptolemy.moml.MoMLSimpleApplication@46d2869e
----------------- Done invoking toplevel() on ptolemy.moml.MoMLSimpleApplication@46d2869e
reloadAllAccessors: .ErrorTransition11

===========================================================================================
----------------- testing Wed Jul 04 01:35:55 UTC 2018 /home/travis/build/icyphy/ptII/ptolemy/domains/modal/test/auto/ErrorTransition2.xml
----------------- Instantiating /home/travis/build/icyphy/ptII/ptolemy/domains/modal/test/auto/ErrorTransition2.xml
5 ms. Memory: 578560K Free: 171099K (30%)
----------------- Invoking toplevel() on ptolemy.moml.MoMLSimpleApplication@14d428f
----------------- Done invoking toplevel() on ptolemy.moml.MoMLSimpleApplication@14d428f
reloadAllAccessors: .ErrorTransition2

===========================================================================================
----------------- testing Wed Jul 04 01:35:55 UTC 2018 /home/travis/build/icyphy/ptII/ptolemy/domains/modal/test/auto/ErrorTransition3.xml
----------------- Instantiating /home/travis/build/icyphy/ptII/ptolemy/domains/modal/test/auto/ErrorTransition3.xml
5 ms. Memory: 578560K Free: 154922K (27%)
----------------- Invoking toplevel() on ptolemy.moml.MoMLSimpleApplication@13e2fd6f
----------------- Done invoking toplevel() on ptolemy.moml.MoMLSimpleApplication@13e2fd6f
reloadAllAccessors: .ErrorTransition3

===========================================================================================
----------------- testing Wed Jul 04 01:35:55 UTC 2018 /home/travis/build/icyphy/ptII/ptolemy/domains/modal/test/auto/ErrorTransition4.xml
----------------- Instantiating /home/travis/build/icyphy/ptII/ptolemy/domains/modal/test/auto/ErrorTransition4.xml
11 ms. Memory: 578560K Free: 141881K (25%)
----------------- Invoking toplevel() on ptolemy.moml.MoMLSimpleApplication@437ef2dd
----------------- Done invoking toplevel() on ptolemy.moml.MoMLSimpleApplication@437ef2dd
reloadAllAccessors: .ErrorTransition4

===========================================================================================
----------------- testing Wed Jul 04 01:35:55 UTC 2018 /home/travis/build/icyphy/ptII/ptolemy/domains/modal/test/auto/ErrorTransition5.xml
----------------- Instantiating /home/travis/build/icyphy/ptII/ptolemy/domains/modal/test/auto/ErrorTransition5.xml
5 ms. Memory: 578560K Free: 128840K (22%)
----------------- Invoking toplevel() on ptolemy.moml.MoMLSimpleApplication@6632004c
----------------- Done invoking toplevel() on ptolemy.moml.MoMLSimpleApplication@6632004c
reloadAllAccessors: .ErrorTransition5

===========================================================================================
----------------- testing Wed Jul 04 01:35:55 UTC 2018 /home/travis/build/icyphy/ptII/ptolemy/domains/modal/test/auto/ErrorTransition6.xml
----------------- Instantiating /home/travis/build/icyphy/ptII/ptolemy/domains/modal/test/auto/ErrorTransition6.xml
9 ms. Memory: 578560K Free: 115798K (20%)
----------------- Invoking toplevel() on ptolemy.moml.MoMLSimpleApplication@cc0a7e4
----------------- Done invoking toplevel() on ptolemy.moml.MoMLSimpleApplication@cc0a7e4
reloadAllAccessors: .ErrorTransition6

===========================================================================================
----------------- testing Wed Jul 04 01:35:55 UTC 2018 /home/travis/build/icyphy/ptII/ptolemy/domains/modal/test/auto/ErrorTransition7.xml
----------------- Instantiating /home/travis/build/icyphy/ptII/ptolemy/domains/modal/test/auto/ErrorTransition7.xml
13 ms. Memory: 578560K Free: 99500K (17%)
----------------- Invoking toplevel() on ptolemy.moml.MoMLSimpleApplication@433b276
----------------- Done invoking toplevel() on ptolemy.moml.MoMLSimpleApplication@433b276
reloadAllAccessors: .ErrorTransition7

===========================================================================================
----------------- testing Wed Jul 04 01:35:55 UTC 2018 /home/travis/build/icyphy/ptII/ptolemy/domains/modal/test/auto/ErrorTransition8.xml
----------------- Instantiating /home/travis/build/icyphy/ptII/ptolemy/domains/modal/test/auto/ErrorTransition8.xml
25 ms. Memory: 578560K Free: 80067K (14%)
----------------- Invoking toplevel() on ptolemy.moml.MoMLSimpleApplication@1a4dec43
----------------- Done invoking toplevel() on ptolemy.moml.MoMLSimpleApplication@1a4dec43
reloadAllAccessors: .ErrorTransition8

===========================================================================================
----------------- testing Wed Jul 04 01:35:55 UTC 2018 /home/travis/build/icyphy/ptII/ptolemy/domains/modal/test/auto/ErrorTransition9.xml
----------------- Instantiating /home/travis/build/icyphy/ptII/ptolemy/domains/modal/test/auto/ErrorTransition9.xml
8 ms. Memory: 578560K Free: 551756K (95%)
----------------- Invoking toplevel() on ptolemy.moml.MoMLSimpleApplication@135c5c54
----------------- Done invoking toplevel() on ptolemy.moml.MoMLSimpleApplication@135c5c54
reloadAllAccessors: .ErrorTransition9

===========================================================================================
----------------- testing Wed Jul 04 01:35:56 UTC 2018 /home/travis/build/icyphy/ptII/ptolemy/domains/modal/test/auto/ExtendedFSM.xml
----------------- Instantiating /home/travis/build/icyphy/ptII/ptolemy/domains/modal/test/auto/ExtendedFSM.xml
5 ms. Memory: 578560K Free: 539773K (93%)
----------------- Invoking toplevel() on ptolemy.moml.MoMLSimpleApplication@3509eb4a
----------------- Done invoking toplevel() on ptolemy.moml.MoMLSimpleApplication@3509eb4a
reloadAllAccessors: .ExtendedFSM

===========================================================================================
----------------- testing Wed Jul 04 01:35:56 UTC 2018 /home/travis/build/icyphy/ptII/ptolemy/domains/modal/test/auto/FinalStates.xml
----------------- Instantiating /home/travis/build/icyphy/ptII/ptolemy/domains/modal/test/auto/FinalStates.xml
4 ms. Memory: 578560K Free: 529988K (92%)
----------------- Invoking toplevel() on ptolemy.moml.MoMLSimpleApplication@78c32921
----------------- Done invoking toplevel() on ptolemy.moml.MoMLSimpleApplication@78c32921
reloadAllAccessors: .FinalStates

===========================================================================================
----------------- testing Wed Jul 04 01:35:56 UTC 2018 /home/travis/build/icyphy/ptII/ptolemy/domains/modal/test/auto/FixedPointFSM.xml
----------------- Instantiating /home/travis/build/icyphy/ptII/ptolemy/domains/modal/test/auto/FixedPointFSM.xml
18 ms. Memory: 578560K Free: 510474K (88%)
----------------- Invoking toplevel() on ptolemy.moml.MoMLSimpleApplication@187e447a
----------------- Done invoking toplevel() on ptolemy.moml.MoMLSimpleApplication@187e447a
reloadAllAccessors: .FixedPointFSM

===========================================================================================
----------------- testing Wed Jul 04 01:35:56 UTC 2018 /home/travis/build/icyphy/ptII/ptolemy/domains/modal/test/auto/FixedPointIterationFSMActor.xml
----------------- Instantiating /home/travis/build/icyphy/ptII/ptolemy/domains/modal/test/auto/FixedPointIterationFSMActor.xml
7 ms. Memory: 578560K Free: 498231K (86%)
----------------- Invoking toplevel() on ptolemy.moml.MoMLSimpleApplication@273bb8b7
----------------- Done invoking toplevel() on ptolemy.moml.MoMLSimpleApplication@273bb8b7
reloadAllAccessors: .FixedPointIterationFSMActor

===========================================================================================
----------------- testing Wed Jul 04 01:35:56 UTC 2018 /home/travis/build/icyphy/ptII/ptolemy/domains/modal/test/auto/FixedPointIterationFSMActor2.xml
----------------- Instantiating /home/travis/build/icyphy/ptII/ptolemy/domains/modal/test/auto/FixedPointIterationFSMActor2.xml
14 ms. Memory: 578560K Free: 483545K (84%)
----------------- Invoking toplevel() on ptolemy.moml.MoMLSimpleApplication@141b0b1e
----------------- Done invoking toplevel() on ptolemy.moml.MoMLSimpleApplication@141b0b1e
reloadAllAccessors: .FixedPointIterationFSMActor2

===========================================================================================
----------------- testing Wed Jul 04 01:35:56 UTC 2018 /home/travis/build/icyphy/ptII/ptolemy/domains/modal/test/auto/ForbiddenInstantanousLoop.xml
----------------- Instantiating /home/travis/build/icyphy/ptII/ptolemy/domains/modal/test/auto/ForbiddenInstantanousLoop.xml
5 ms. Memory: 578560K Free: 466677K (81%)
----------------- Invoking toplevel() on ptolemy.moml.MoMLSimpleApplication@53ec2589
----------------- Done invoking toplevel() on ptolemy.moml.MoMLSimpleApplication@53ec2589
reloadAllAccessors: .ForbiddenInstantanousLoop

===========================================================================================
----------------- testing Wed Jul 04 01:35:56 UTC 2018 /home/travis/build/icyphy/ptII/ptolemy/domains/modal/test/auto/FunctionDependencyOfFSMActorTest.xml
----------------- Instantiating /home/travis/build/icyphy/ptII/ptolemy/domains/modal/test/auto/FunctionDependencyOfFSMActorTest.xml
11 ms. Memory: 578560K Free: 459334K (79%)
----------------- Invoking toplevel() on ptolemy.moml.MoMLSimpleApplication@30692625
----------------- Done invoking toplevel() on ptolemy.moml.MoMLSimpleApplication@30692625
reloadAllAccessors: .FunctionDependencyOfFSMActorTest

===========================================================================================
----------------- testing Wed Jul 04 01:35:56 UTC 2018 /home/travis/build/icyphy/ptII/ptolemy/domains/modal/test/auto/GuardExpression.xml
----------------- Instantiating /home/travis/build/icyphy/ptII/ptolemy/domains/modal/test/auto/GuardExpression.xml
3 ms. Memory: 578560K Free: 451991K (78%)
----------------- Invoking toplevel() on ptolemy.moml.MoMLSimpleApplication@5422dd39
----------------- Done invoking toplevel() on ptolemy.moml.MoMLSimpleApplication@5422dd39
reloadAllAccessors: .GuardExpression

===========================================================================================
----------------- testing Wed Jul 04 01:35:56 UTC 2018 /home/travis/build/icyphy/ptII/ptolemy/domains/modal/test/auto/GuardNotEvaluated.xml
----------------- Instantiating /home/travis/build/icyphy/ptII/ptolemy/domains/modal/test/auto/GuardNotEvaluated.xml
3 ms. Memory: 578560K Free: 440008K (76%)
----------------- Invoking toplevel() on ptolemy.moml.MoMLSimpleApplication@64a9083c
----------------- Done invoking toplevel() on ptolemy.moml.MoMLSimpleApplication@64a9083c
reloadAllAccessors: .GuardNotEvaluated

===========================================================================================
----------------- testing Wed Jul 04 01:35:56 UTC 2018 /home/travis/build/icyphy/ptII/ptolemy/domains/modal/test/auto/GuardNotEvaluated2.xml
----------------- Instantiating /home/travis/build/icyphy/ptII/ptolemy/domains/modal/test/auto/GuardNotEvaluated2.xml
14 ms. Memory: 578560K Free: 430223K (74%)
----------------- Invoking toplevel() on ptolemy.moml.MoMLSimpleApplication@517b0e47
----------------- Done invoking toplevel() on ptolemy.moml.MoMLSimpleApplication@517b0e47
reloadAllAccessors: .GuardNotEvaluated2

===========================================================================================
----------------- testing Wed Jul 04 01:35:56 UTC 2018 /home/travis/build/icyphy/ptII/ptolemy/domains/modal/test/auto/GuardOnAbsent.xml
----------------- Instantiating /home/travis/build/icyphy/ptII/ptolemy/domains/modal/test/auto/GuardOnAbsent.xml
16 ms. Memory: 578560K Free: 420422K (73%)
----------------- Invoking toplevel() on ptolemy.moml.MoMLSimpleApplication@6b32710e
----------------- Done invoking toplevel() on ptolemy.moml.MoMLSimpleApplication@6b32710e
reloadAllAccessors: .GuardOnAbsent

===========================================================================================
----------------- testing Wed Jul 04 01:35:56 UTC 2018 /home/travis/build/icyphy/ptII/ptolemy/domains/modal/test/auto/HierarchicalFSMTypeInference.xml
----------------- Instantiating /home/travis/build/icyphy/ptII/ptolemy/domains/modal/test/auto/HierarchicalFSMTypeInference.xml
3 ms. Memory: 578560K Free: 403546K (70%)
----------------- Invoking toplevel() on ptolemy.moml.MoMLSimpleApplication@7052c980
----------------- Done invoking toplevel() on ptolemy.moml.MoMLSimpleApplication@7052c980
reloadAllAccessors: .HierarchicalFSMTypeInference

===========================================================================================
----------------- testing Wed Jul 04 01:35:56 UTC 2018 /home/travis/build/icyphy/ptII/ptolemy/domains/modal/test/auto/Hysteresis.xml
----------------- Instantiating /home/travis/build/icyphy/ptII/ptolemy/domains/modal/test/auto/Hysteresis.xml
16 ms. Memory: 578560K Free: 386410K (67%)
----------------- Invoking toplevel() on ptolemy.moml.MoMLSimpleApplication@2dc9bfd9
----------------- Done invoking toplevel() on ptolemy.moml.MoMLSimpleApplication@2dc9bfd9
reloadAllAccessors: .Hysteresis

===========================================================================================
----------------- testing Wed Jul 04 01:35:56 UTC 2018 /home/travis/build/icyphy/ptII/ptolemy/domains/modal/test/auto/HysteresisWithDefault.xml
----------------- Instantiating /home/travis/build/icyphy/ptII/ptolemy/domains/modal/test/auto/HysteresisWithDefault.xml
43 ms. Memory: 578560K Free: 357267K (62%)
----------------- Invoking toplevel() on ptolemy.moml.MoMLSimpleApplication@308785
----------------- Done invoking toplevel() on ptolemy.moml.MoMLSimpleApplication@308785
reloadAllAccessors: .HysteresisWithDefault

===========================================================================================
----------------- testing Wed Jul 04 01:35:56 UTC 2018 /home/travis/build/icyphy/ptII/ptolemy/domains/modal/test/auto/HysteresisWithDefault2.xml
----------------- Instantiating /home/travis/build/icyphy/ptII/ptolemy/domains/modal/test/auto/HysteresisWithDefault2.xml
52 ms. Memory: 578560K Free: 325445K (56%)
----------------- Invoking toplevel() on ptolemy.moml.MoMLSimpleApplication@165c945
----------------- Done invoking toplevel() on ptolemy.moml.MoMLSimpleApplication@165c945
reloadAllAccessors: .HysteresisWithDefault2

===========================================================================================
----------------- testing Wed Jul 04 01:35:56 UTC 2018 /home/travis/build/icyphy/ptII/ptolemy/domains/modal/test/auto/ImmediateNonConstructiveness.xml
----------------- Instantiating /home/travis/build/icyphy/ptII/ptolemy/domains/modal/test/auto/ImmediateNonConstructiveness.xml
3 ms. Memory: 578560K Free: 315660K (55%)
----------------- Invoking toplevel() on ptolemy.moml.MoMLSimpleApplication@6ca7ae2a
----------------- Done invoking toplevel() on ptolemy.moml.MoMLSimpleApplication@6ca7ae2a
reloadAllAccessors: .ImmediateNonConstructiveness

===========================================================================================
----------------- testing Wed Jul 04 01:35:56 UTC 2018 /home/travis/build/icyphy/ptII/ptolemy/domains/modal/test/auto/ImmediateNonConstructiveness2.xml
----------------- Instantiating /home/travis/build/icyphy/ptII/ptolemy/domains/modal/test/auto/ImmediateNonConstructiveness2.xml
2 ms. Memory: 578560K Free: 303685K (52%)
----------------- Invoking toplevel() on ptolemy.moml.MoMLSimpleApplication@285c80c6
----------------- Done invoking toplevel() on ptolemy.moml.MoMLSimpleApplication@285c80c6
reloadAllAccessors: .ImmediateNonConstructiveness2

===========================================================================================
----------------- testing Wed Jul 04 01:35:56 UTC 2018 /home/travis/build/icyphy/ptII/ptolemy/domains/modal/test/auto/ImmediateTransitionReset.xml
----------------- Instantiating /home/travis/build/icyphy/ptII/ptolemy/domains/modal/test/auto/ImmediateTransitionReset.xml
5 ms. Memory: 578560K Free: 288992K (50%)
----------------- Invoking toplevel() on ptolemy.moml.MoMLSimpleApplication@23379a5e
----------------- Done invoking toplevel() on ptolemy.moml.MoMLSimpleApplication@23379a5e
reloadAllAccessors: .ImmediateTransitionReset

===========================================================================================
----------------- testing Wed Jul 04 01:35:56 UTC 2018 /home/travis/build/icyphy/ptII/ptolemy/domains/modal/test/auto/ImmediateTransitions1.xml
----------------- Instantiating /home/travis/build/icyphy/ptII/ptolemy/domains/modal/test/auto/ImmediateTransitions1.xml
2 ms. Memory: 578560K Free: 281649K (49%)
----------------- Invoking toplevel() on ptolemy.moml.MoMLSimpleApplication@69f90910
----------------- Done invoking toplevel() on ptolemy.moml.MoMLSimpleApplication@69f90910
reloadAllAccessors: .ImmediateTransitions1

===========================================================================================
----------------- testing Wed Jul 04 01:35:56 UTC 2018 /home/travis/build/icyphy/ptII/ptolemy/domains/modal/test/auto/ImmediateTransitionsInstantaneousCommunication.xml
----------------- Instantiating /home/travis/build/icyphy/ptII/ptolemy/domains/modal/test/auto/ImmediateTransitionsInstantaneousCommunication.xml
4 ms. Memory: 578560K Free: 264765K (46%)
----------------- Invoking toplevel() on ptolemy.moml.MoMLSimpleApplication@5fb9193
----------------- Done invoking toplevel() on ptolemy.moml.MoMLSimpleApplication@5fb9193
reloadAllAccessors: .ImmediateTransitionsInstantaneousCommunication

===========================================================================================
----------------- testing Wed Jul 04 01:35:56 UTC 2018 /home/travis/build/icyphy/ptII/ptolemy/domains/modal/test/auto/InitialImmediateTransition.xml
----------------- Instantiating /home/travis/build/icyphy/ptII/ptolemy/domains/modal/test/auto/InitialImmediateTransition.xml
3 ms. Memory: 578560K Free: 254980K (44%)
----------------- Invoking toplevel() on ptolemy.moml.MoMLSimpleApplication@2468ba24
----------------- Done invoking toplevel() on ptolemy.moml.MoMLSimpleApplication@2468ba24
reloadAllAccessors: .InitialImmediateTransition

===========================================================================================
----------------- testing Wed Jul 04 01:35:56 UTC 2018 /home/travis/build/icyphy/ptII/ptolemy/domains/modal/test/auto/InitialOutputs.xml
----------------- Instantiating /home/travis/build/icyphy/ptII/ptolemy/domains/modal/test/auto/InitialOutputs.xml
3 ms. Memory: 578560K Free: 245179K (42%)
----------------- Invoking toplevel() on ptolemy.moml.MoMLSimpleApplication@529fb043
----------------- Done invoking toplevel() on ptolemy.moml.MoMLSimpleApplication@529fb043
reloadAllAccessors: .InitialOutputs

===========================================================================================
----------------- testing Wed Jul 04 01:35:56 UTC 2018 /home/travis/build/icyphy/ptII/ptolemy/domains/modal/test/auto/InitialStateTransition1.xml
----------------- Instantiating /home/travis/build/icyphy/ptII/ptolemy/domains/modal/test/auto/InitialStateTransition1.xml
2 ms. Memory: 578560K Free: 233196K (40%)
----------------- Invoking toplevel() on ptolemy.moml.MoMLSimpleApplication@3e427a
----------------- Done invoking toplevel() on ptolemy.moml.MoMLSimpleApplication@3e427a
reloadAllAccessors: .InitialStateTransition1

===========================================================================================
----------------- testing Wed Jul 04 01:35:56 UTC 2018 /home/travis/build/icyphy/ptII/ptolemy/domains/modal/test/auto/InitialStateTransition2.xml
----------------- Instantiating /home/travis/build/icyphy/ptII/ptolemy/domains/modal/test/auto/InitialStateTransition2.xml
.InitialStateTransition2.TestExceptionAttributeNonConstructive: initialize() was not invoked, but wrapup() was.  This is unusual, but not always a problem.  For example, exporting JNLP will do this.
1 ms. Memory: 578560K Free: 223427K (39%)
----------------- Invoking toplevel() on ptolemy.moml.MoMLSimpleApplication@64a210dd
----------------- Done invoking toplevel() on ptolemy.moml.MoMLSimpleApplication@64a210dd
reloadAllAccessors: .InitialStateTransition2

===========================================================================================
----------------- testing Wed Jul 04 01:35:57 UTC 2018 /home/travis/build/icyphy/ptII/ptolemy/domains/modal/test/auto/InitialStateTransition3.xml
----------------- Instantiating /home/travis/build/icyphy/ptII/ptolemy/domains/modal/test/auto/InitialStateTransition3.xml
4 ms. Memory: 578560K Free: 209002K (36%)
----------------- Invoking toplevel() on ptolemy.moml.MoMLSimpleApplication@70a83fa2
----------------- Done invoking toplevel() on ptolemy.moml.MoMLSimpleApplication@70a83fa2
reloadAllAccessors: .InitialStateTransition3

===========================================================================================
----------------- testing Wed Jul 04 01:35:57 UTC 2018 /home/travis/build/icyphy/ptII/ptolemy/domains/modal/test/auto/InitialStateTransition4.xml
----------------- Instantiating /home/travis/build/icyphy/ptII/ptolemy/domains/modal/test/auto/InitialStateTransition4.xml
3 ms. Memory: 578560K Free: 196759K (34%)
----------------- Invoking toplevel() on ptolemy.moml.MoMLSimpleApplication@348166c
----------------- Done invoking toplevel() on ptolemy.moml.MoMLSimpleApplication@348166c
[...]
----------------- Done invoking toplevel() on ptolemy.moml.MoMLSimpleApplication@2d297868
reloadAllAccessors: .TerminationTransition3

===========================================================================================
----------------- testing Wed Jul 04 01:35:59 UTC 2018 /home/travis/build/icyphy/ptII/ptolemy/domains/modal/test/auto/TerminationTransition4.xml
----------------- Instantiating /home/travis/build/icyphy/ptII/ptolemy/domains/modal/test/auto/TerminationTransition4.xml
6 ms. Memory: 871424K Free: 111470K (13%)
----------------- Invoking toplevel() on ptolemy.moml.MoMLSimpleApplication@3cc0686f
----------------- Done invoking toplevel() on ptolemy.moml.MoMLSimpleApplication@3cc0686f
reloadAllAccessors: .TerminationTransition4

===========================================================================================
----------------- testing Wed Jul 04 01:35:59 UTC 2018 /home/travis/build/icyphy/ptII/ptolemy/domains/modal/test/auto/TerminationTransition5.xml
----------------- Instantiating /home/travis/build/icyphy/ptII/ptolemy/domains/modal/test/auto/TerminationTransition5.xml
3 ms. Memory: 871424K Free: 90619K (10%)
----------------- Invoking toplevel() on ptolemy.moml.MoMLSimpleApplication@4c633edc
----------------- Done invoking toplevel() on ptolemy.moml.MoMLSimpleApplication@4c633edc
reloadAllAccessors: .TerminationTransition5

===========================================================================================
----------------- testing Wed Jul 04 01:35:59 UTC 2018 /home/travis/build/icyphy/ptII/ptolemy/domains/modal/test/auto/TerminationTransition6.xml
----------------- Instantiating /home/travis/build/icyphy/ptII/ptolemy/domains/modal/test/auto/TerminationTransition6.xml
2 ms. Memory: 871424K Free: 79133K (9%)
----------------- Invoking toplevel() on ptolemy.moml.MoMLSimpleApplication@33934c41
----------------- Done invoking toplevel() on ptolemy.moml.MoMLSimpleApplication@33934c41
reloadAllAccessors: .TerminationTransition6

===========================================================================================
----------------- testing Wed Jul 04 01:35:59 UTC 2018 /home/travis/build/icyphy/ptII/ptolemy/domains/modal/test/auto/TerminationTransition7.xml
----------------- Instantiating /home/travis/build/icyphy/ptII/ptolemy/domains/modal/test/auto/TerminationTransition7.xml
4 ms. Memory: 871936K Free: 842821K (97%)
----------------- Invoking toplevel() on ptolemy.moml.MoMLSimpleApplication@62cdcf4c
----------------- Done invoking toplevel() on ptolemy.moml.MoMLSimpleApplication@62cdcf4c
reloadAllAccessors: .TerminationTransition7

===========================================================================================
----------------- testing Wed Jul 04 01:35:59 UTC 2018 /home/travis/build/icyphy/ptII/ptolemy/domains/modal/test/auto/TerminationTransition8.xml
----------------- Instantiating /home/travis/build/icyphy/ptII/ptolemy/domains/modal/test/auto/TerminationTransition8.xml
2 ms. Memory: 871936K Free: 827179K (95%)
----------------- Invoking toplevel() on ptolemy.moml.MoMLSimpleApplication@2b4ac8b
----------------- Done invoking toplevel() on ptolemy.moml.MoMLSimpleApplication@2b4ac8b
reloadAllAccessors: .TerminationTransition8

===========================================================================================
----------------- testing Wed Jul 04 01:35:59 UTC 2018 /home/travis/build/icyphy/ptII/ptolemy/domains/modal/test/auto/Thermostat_NoHysteresis.xml
----------------- Instantiating /home/travis/build/icyphy/ptII/ptolemy/domains/modal/test/auto/Thermostat_NoHysteresis.xml
38 ms. Memory: 871936K Free: 793996K (91%)
----------------- Invoking toplevel() on ptolemy.moml.MoMLSimpleApplication@90df395
----------------- Done invoking toplevel() on ptolemy.moml.MoMLSimpleApplication@90df395
reloadAllAccessors: .Thermostat_NoHysteresis

===========================================================================================
----------------- testing Wed Jul 04 01:35:59 UTC 2018 /home/travis/build/icyphy/ptII/ptolemy/domains/modal/test/auto/TimedFSM.xml
----------------- Instantiating /home/travis/build/icyphy/ptII/ptolemy/domains/modal/test/auto/TimedFSM.xml
9 ms. Memory: 871936K Free: 778354K (89%)
----------------- Invoking toplevel() on ptolemy.moml.MoMLSimpleApplication@422ab9c6
----------------- Done invoking toplevel() on ptolemy.moml.MoMLSimpleApplication@422ab9c6
reloadAllAccessors: .TimedFSM

===========================================================================================
----------------- testing Wed Jul 04 01:35:59 UTC 2018 /home/travis/build/icyphy/ptII/ptolemy/domains/modal/test/auto/Timeout1.xml
----------------- Instantiating /home/travis/build/icyphy/ptII/ptolemy/domains/modal/test/auto/Timeout1.xml
3 ms. Memory: 871936K Free: 766038K (88%)
----------------- Invoking toplevel() on ptolemy.moml.MoMLSimpleApplication@529a1edb
----------------- Done invoking toplevel() on ptolemy.moml.MoMLSimpleApplication@529a1edb
reloadAllAccessors: .Timeout1

===========================================================================================
----------------- testing Wed Jul 04 01:35:59 UTC 2018 /home/travis/build/icyphy/ptII/ptolemy/domains/modal/test/auto/Timeout2.xml
----------------- Instantiating /home/travis/build/icyphy/ptII/ptolemy/domains/modal/test/auto/Timeout2.xml
5 ms. Memory: 871936K Free: 750395K (86%)
----------------- Invoking toplevel() on ptolemy.moml.MoMLSimpleApplication@3fd8c8d8
----------------- Done invoking toplevel() on ptolemy.moml.MoMLSimpleApplication@3fd8c8d8
reloadAllAccessors: .Timeout2

===========================================================================================
----------------- testing Wed Jul 04 01:35:59 UTC 2018 /home/travis/build/icyphy/ptII/ptolemy/domains/modal/test/auto/Timeout3.xml
----------------- Instantiating /home/travis/build/icyphy/ptII/ptolemy/domains/modal/test/auto/Timeout3.xml
2 ms. Memory: 871936K Free: 739978K (85%)
----------------- Invoking toplevel() on ptolemy.moml.MoMLSimpleApplication@403d19ea
----------------- Done invoking toplevel() on ptolemy.moml.MoMLSimpleApplication@403d19ea
reloadAllAccessors: .Timeout3

===========================================================================================
----------------- testing Wed Jul 04 01:35:59 UTC 2018 /home/travis/build/icyphy/ptII/ptolemy/domains/modal/test/auto/Timeout4.xml
----------------- Instantiating /home/travis/build/icyphy/ptII/ptolemy/domains/modal/test/auto/Timeout4.xml
2 ms. Memory: 871936K Free: 727662K (83%)
----------------- Invoking toplevel() on ptolemy.moml.MoMLSimpleApplication@208d496b
----------------- Done invoking toplevel() on ptolemy.moml.MoMLSimpleApplication@208d496b
reloadAllAccessors: .Timeout4

===========================================================================================
----------------- testing Wed Jul 04 01:35:59 UTC 2018 /home/travis/build/icyphy/ptII/ptolemy/domains/modal/test/auto/TransientstateModelAdvanced.xml
----------------- Instantiating /home/travis/build/icyphy/ptII/ptolemy/domains/modal/test/auto/TransientstateModelAdvanced.xml
3 ms. Memory: 871936K Free: 706811K (81%)
----------------- Invoking toplevel() on ptolemy.moml.MoMLSimpleApplication@1e6498e7
----------------- Done invoking toplevel() on ptolemy.moml.MoMLSimpleApplication@1e6498e7
reloadAllAccessors: .TransientstateModelAdvanced

===========================================================================================
----------------- testing Wed Jul 04 01:35:59 UTC 2018 /home/travis/build/icyphy/ptII/ptolemy/domains/modal/test/auto/TransientstateModelAdvanced2.xml
----------------- Instantiating /home/travis/build/icyphy/ptII/ptolemy/domains/modal/test/auto/TransientstateModelAdvanced2.xml
3 ms. Memory: 871936K Free: 684062K (78%)
----------------- Invoking toplevel() on ptolemy.moml.MoMLSimpleApplication@4b3aa127
----------------- Done invoking toplevel() on ptolemy.moml.MoMLSimpleApplication@4b3aa127
reloadAllAccessors: .transientstatemodelAdvanced

===========================================================================================
----------------- testing Wed Jul 04 01:35:59 UTC 2018 /home/travis/build/icyphy/ptII/ptolemy/domains/modal/test/auto/TransitionRefinements.xml
----------------- Instantiating /home/travis/build/icyphy/ptII/ptolemy/domains/modal/test/auto/TransitionRefinements.xml
7 ms. Memory: 871936K Free: 668427K (77%)
----------------- Invoking toplevel() on ptolemy.moml.MoMLSimpleApplication@6df34620
----------------- Done invoking toplevel() on ptolemy.moml.MoMLSimpleApplication@6df34620
reloadAllAccessors: .TransitionRefinements

===========================================================================================
----------------- testing Wed Jul 04 01:35:59 UTC 2018 /home/travis/build/icyphy/ptII/ptolemy/domains/modal/test/auto/TwoRefinements1.xml
----------------- Instantiating /home/travis/build/icyphy/ptII/ptolemy/domains/modal/test/auto/TwoRefinements1.xml
3 ms. Memory: 871936K Free: 650895K (75%)
----------------- Invoking toplevel() on ptolemy.moml.MoMLSimpleApplication@6434a16e
----------------- Done invoking toplevel() on ptolemy.moml.MoMLSimpleApplication@6434a16e
reloadAllAccessors: .TwoRefinements1

===========================================================================================
----------------- testing Wed Jul 04 01:35:59 UTC 2018 /home/travis/build/icyphy/ptII/ptolemy/domains/modal/test/auto/TwoRefinements2.xml
----------------- Instantiating /home/travis/build/icyphy/ptII/ptolemy/domains/modal/test/auto/TwoRefinements2.xml
2 ms. Memory: 871936K Free: 635269K (73%)
----------------- Invoking toplevel() on ptolemy.moml.MoMLSimpleApplication@4a4c656c
----------------- Done invoking toplevel() on ptolemy.moml.MoMLSimpleApplication@4a4c656c
reloadAllAccessors: .TwoRefinements2

===========================================================================================
----------------- testing Wed Jul 04 01:35:59 UTC 2018 /home/travis/build/icyphy/ptII/ptolemy/domains/modal/test/auto/WeakImmediateTransition.xml
----------------- Instantiating /home/travis/build/icyphy/ptII/ptolemy/domains/modal/test/auto/WeakImmediateTransition.xml
3 ms. Memory: 871936K Free: 617728K (71%)
----------------- Invoking toplevel() on ptolemy.moml.MoMLSimpleApplication@74db57ed
----------------- Done invoking toplevel() on ptolemy.moml.MoMLSimpleApplication@74db57ed
reloadAllAccessors: .WeakImmediateTransition

===========================================================================================
----------------- testing Wed Jul 04 01:35:59 UTC 2018 /home/travis/build/icyphy/ptII/ptolemy/domains/modal/test/auto/booleanSelect.xml
----------------- Instantiating /home/travis/build/icyphy/ptII/ptolemy/domains/modal/test/auto/booleanSelect.xml
33 ms. Memory: 871936K Free: 591636K (68%)
----------------- Invoking toplevel() on ptolemy.moml.MoMLSimpleApplication@428bf8d6
----------------- Done invoking toplevel() on ptolemy.moml.MoMLSimpleApplication@428bf8d6
reloadAllAccessors: .booleanSelect

===========================================================================================
----------------- testing Wed Jul 04 01:35:59 UTC 2018 /home/travis/build/icyphy/ptII/ptolemy/domains/modal/test/auto/modalChangingParams.xml
----------------- Instantiating /home/travis/build/icyphy/ptII/ptolemy/domains/modal/test/auto/modalChangingParams.xml
0
1
0
2
4
6
8
7
0
2
4
6
8
13
0
2
4
6
8
19
0
2
4
6
8
25
0
2
4
6
8
31
0
2
4
6
8
37
0
2
4
6
8
43
0
2
4
6
8
49
0
2
4
6
8
55
0
2
4
6
8
61
0
2
4
6
8
67
0
2
4
6
8
73
0
2
4
6
8
79
0
2
4
6
8
85
0
2
4
6
8
91
0
2
4
6
8
97
0
2
4
6
8
103
0
2
4
6
8
109
0
2
4
6
8
115
0
2
4
6
8
121
0
2
4
6
8
127
0
2
4
6
8
133
0
2
4
6
8
139
0
2
4
6
8
145
0
2
4
6
8
151
0
2
4
6
8
157
0
2
4
6
8
163
0
2
4
6
8
169
0
2
4
6
8
175
0
2
4
6
8
181
0
2
4
6
8
187
0
2
4
6
8
193
0
2
4
6
8
199
0
2
4
6
8
205
0
2
4
6
8
211
0
2
4
6
8
217
0
2
4
6
8
223
0
2
4
6
8
229
0
2
4
6
8
235
0
2
4
6
8
241
0
2
4
6
8
247
0
2
4
6
8
253
0
2
4
6
8
259
0
2
4
6
8
265
0
2
4
6
8
271
0
2
4
6
8
277
0
2
4
6
8
283
0
2
4
6
8
289
0
2
4
6
8
295
0
2
4
6
8
301
0
2
4
6
8
307
0
2
4
6
8
313
0
2
4
6
8
319
0
2
4
6
8
325
0
2
4
6
8
331
0
2
4
6
8
337
0
2
4
6
8
343
0
2
4
6
8
349
0
2
4
6
8
355
0
2
4
6
8
361
0
2
4
6
8
367
0
2
4
6
8
373
0
2
4
6
8
379
0
2
4
6
8
385
0
2
4
6
8
391
0
2
4
6
8
397
0
2
4
6
8
403
0
2
4
6
8
409
0
2
4
6
8
415
0
2
4
6
8
421
0
2
4
6
8
427
0
2
4
6
8
433
0
2
4
6
8
439
0
2
4
6
8
445
0
2
4
6
8
451
0
2
4
6
8
457
0
2
4
6
8
463
0
2
4
6
8
469
0
2
4
6
8
475
0
2
4
6
8
481
0
2
4
6
8
487
0
2
4
6
8
493
0
2
4
6
8
499
0
2
4
6
8
505
0
2
4
6
8
511
0
2
4
6
8
517
0
2
4
6
8
523
0
2
4
6
8
529
0
2
4
6
8
535
0
2
4
6
8
541
0
2
4
6
8
547
0
2
4
6
8
553
0
2
4
6
8
559
0
2
4
6
8
565
0
2
4
6
8
571
0
2
4
6
8
577
0
2
4
6
8
583
0
2
4
6
8
589
0
2
4
6
8
595
0
2
4
6
8
601
0
2
4
6
8
607
0
2
4
6
8
613
0
2
4
6
8
619
0
2
4
6
8
625
0
2
4
6
8
631
0
2
4
6
8
637
0
2
4
6
8
643
0
2
4
6
8
649
0
2
4
6
8
655
0
2
4
6
8
661
0
2
4
6
8
667
0
2
4
6
8
673
0
2
4
6
8
679
0
2
4
6
8
685
0
2
4
6
8
691
0
2
4
6
8
697
0
2
4
6
8
703
0
2
4
6
8
709
0
2
4
6
8
715
0
2
4
6
8
721
0
2
4
6
8
727
0
2
4
6
8
733
0
2
4
6
8
739
0
2
4
6
8
745
0
2
4
6
8
751
0
2
4
6
8
757
0
2
4
6
8
763
0
2
4
6
8
769
0
2
4
6
8
775
0
2
4
6
8
781
0
2
4
6
8
787
0
2
4
6
8
793
0
2
4
6
8
799
0
2
4
6
8
805
0
2
4
6
8
811
0
2
4
6
8
817
0
2
4
6
8
823
0
2
4
6
8
829
0
2
4
6
8
835
0
2
4
6
8
841
0
2
4
6
8
847
0
2
4
6
8
853
0
2
4
6
8
859
0
2
4
6
8
865
0
2
4
6
8
871
0
2
4
6
8
877
0
2
4
6
8
883
0
2
4
6
8
889
0
2
4
6
8
895
0
2
4
6
8
901
0
2
4
6
8
907
0
2
4
6
8
913
0
2
4
6
8
919
0
2
4
6
8
925
0
2
4
6
8
931
0
2
4
6
8
937
0
2
4
6
8
943
0
2
4
6
8
949
0
2
4
6
8
955
0
2
4
6
8
961
0
2
4
6
8
967
0
2
4
6
8
973
0
2
4
6
8
979
0
2
4
6
8
985
0
2
4
6
8
991
0
2
4
6
8
997
0
2
302 ms. Memory: 871936K Free: 469751K (54%)
----------------- Invoking toplevel() on ptolemy.moml.MoMLSimpleApplication@26db5e4
----------------- Done invoking toplevel() on ptolemy.moml.MoMLSimpleApplication@26db5e4
reloadAllAccessors: .modalChangingParams

===========================================================================================
----------------- testing Wed Jul 04 01:36:00 UTC 2018 /home/travis/build/icyphy/ptII/ptolemy/domains/modal/test/auto/modalModel.xml
----------------- Instantiating /home/travis/build/icyphy/ptII/ptolemy/domains/modal/test/auto/modalModel.xml
5 ms. Memory: 871936K Free: 454109K (52%)
----------------- Invoking toplevel() on ptolemy.moml.MoMLSimpleApplication@2bc3594
----------------- Done invoking toplevel() on ptolemy.moml.MoMLSimpleApplication@2bc3594
reloadAllAccessors: .modalModel

===========================================================================================
----------------- testing Wed Jul 04 01:36:00 UTC 2018 /home/travis/build/icyphy/ptII/ptolemy/domains/modal/test/auto/modalModel2.xml
----------------- Instantiating /home/travis/build/icyphy/ptII/ptolemy/domains/modal/test/auto/modalModel2.xml
11 ms. Memory: 871936K Free: 436569K (50%)
----------------- Invoking toplevel() on ptolemy.moml.MoMLSimpleApplication@63049729
----------------- Done invoking toplevel() on ptolemy.moml.MoMLSimpleApplication@63049729
reloadAllAccessors: .modalModel2

===========================================================================================
----------------- testing Wed Jul 04 01:36:00 UTC 2018 /home/travis/build/icyphy/ptII/ptolemy/domains/modal/test/auto/modalModel3.xml
----------------- Instantiating /home/travis/build/icyphy/ptII/ptolemy/domains/modal/test/auto/modalModel3.xml
0	0	0
3	2	1
6	4	2
9	6	3
4	0	4
7	2	5
10	4	6
13	6	7
8	0	8
11	2	9
14	4	10
17	6	11
12	0	12
15	2	13
18	4	14
14 ms. Memory: 871936K Free: 415717K (48%)
----------------- Invoking toplevel() on ptolemy.moml.MoMLSimpleApplication@ae66fae
----------------- Done invoking toplevel() on ptolemy.moml.MoMLSimpleApplication@ae66fae
reloadAllAccessors: .modalModel3

===========================================================================================
----------------- testing Wed Jul 04 01:36:00 UTC 2018 /home/travis/build/icyphy/ptII/ptolemy/domains/modal/test/auto/model1.xml
----------------- Instantiating /home/travis/build/icyphy/ptII/ptolemy/domains/modal/test/auto/model1.xml
10 ms. Memory: 871936K Free: 403402K (46%)
----------------- Invoking toplevel() on ptolemy.moml.MoMLSimpleApplication@30b24820
----------------- Done invoking toplevel() on ptolemy.moml.MoMLSimpleApplication@30b24820
reloadAllAccessors: .model1

===========================================================================================
----------------- testing Wed Jul 04 01:36:00 UTC 2018 /home/travis/build/icyphy/ptII/ptolemy/domains/modal/test/auto/test-direct-in-out.xml
----------------- Instantiating /home/travis/build/icyphy/ptII/ptolemy/domains/modal/test/auto/test-direct-in-out.xml
5 ms. Memory: 871936K Free: 387760K (44%)
----------------- Invoking toplevel() on ptolemy.moml.MoMLSimpleApplication@2dbc58d7
----------------- Done invoking toplevel() on ptolemy.moml.MoMLSimpleApplication@2dbc58d7
reloadAllAccessors: .test-direct-in-out
AutoTests.java: About to close Vertx.
AutoTests.java: Vertx closed.
]]></system-out>
  <system-err><![CDATA[java.lang.RuntimeException: Execution failed
	at ptolemy.moml.MoMLSimpleApplication$UnloadThread.run(MoMLSimpleApplication.java:402)
Caused by: ptolemy.kernel.util.IllegalActionException: Unknown inputs remain. Possible causality loop:
L_model_1893289564i

  in .CannotAnalysisWithPreemption.model_1893289564_region_1 and .CannotAnalysisWithPreemption.model_1893289564_region_1.L_model_1893289564i
	at ptolemy.actor.sched.FixedPointDirector.postfire(FixedPointDirector.java:515)
	at ptolemy.domains.sr.kernel.SRDirector.postfire(SRDirector.java:417)
	at ptolemy.actor.CompositeActor.postfire(CompositeActor.java:1668)
	at ptolemy.actor.Manager.iterate(Manager.java:852)
	at ptolemy.actor.Manager.execute(Manager.java:369)
	at ptolemy.actor.Manager.run(Manager.java:1263)
	at ptolemy.actor.Manager$PtolemyRunThread.run(Manager.java:1915)
java.lang.reflect.InvocationTargetException
	at sun.reflect.NativeConstructorAccessorImpl.newInstance0(Native Method)
	at sun.reflect.NativeConstructorAccessorImpl.newInstance(NativeConstructorAccessorImpl.java:62)
	at sun.reflect.DelegatingConstructorAccessorImpl.newInstance(DelegatingConstructorAccessorImpl.java:45)
	at java.lang.reflect.Constructor.newInstance(Constructor.java:423)
	at ptolemy.util.test.junit.AutoKnownFailedTests.RunModel(AutoKnownFailedTests.java:107)
	at sun.reflect.NativeMethodAccessorImpl.invoke0(Native Method)
	at sun.reflect.NativeMethodAccessorImpl.invoke(NativeMethodAccessorImpl.java:62)
	at sun.reflect.DelegatingMethodAccessorImpl.invoke(DelegatingMethodAccessorImpl.java:43)
	at java.lang.reflect.Method.invoke(Method.java:498)
	at org.junit.runners.model.FrameworkMethod$1.runReflectiveCall(FrameworkMethod.java:44)
	at org.junit.internal.runners.model.ReflectiveCallable.run(ReflectiveCallable.java:15)
	at org.junit.runners.model.FrameworkMethod.invokeExplosively(FrameworkMethod.java:41)
	at junitparams.internal.InvokeParameterisedMethod.evaluate(InvokeParameterisedMethod.java:102)
	at org.junit.internal.runners.statements.FailOnTimeout$1.run(FailOnTimeout.java:28)
Caused by: ptolemy.kernel.util.IllegalActionException: Unknown inputs remain. Possible causality loop:
L_model_1893289564i

  in .CannotAnalysisWithPreemption.model_1893289564_region_1 and .CannotAnalysisWithPreemption.model_1893289564_region_1.L_model_1893289564i
	at ptolemy.actor.sched.FixedPointDirector.postfire(FixedPointDirector.java:515)
	at ptolemy.domains.sr.kernel.SRDirector.postfire(SRDirector.java:417)
	at ptolemy.actor.CompositeActor.postfire(CompositeActor.java:1668)
	at ptolemy.actor.Manager.iterate(Manager.java:852)
	at ptolemy.actor.Manager.execute(Manager.java:369)
	at ptolemy.actor.Manager.run(Manager.java:1263)
	at ptolemy.actor.Manager$PtolemyRunThread.run(Manager.java:1915)
]]></system-err>
</testsuite>
