<?xml version="1.0" encoding="UTF-8" ?>
<testsuite errors="0" failures="0" hostname="travis-job-6df52626-5e86-420e-b34d-3e5df5b42c70" name="ptolemy.domains.de.test.junit.JUnitTclTest" skipped="0" tests="101" time="142.845" timestamp="2019-07-12T05:49:33">
  <properties>
[...]
</properties>
  <testcase classname="ptolemy.util.test.junit.TclTests" name="[0] /home/travis/build/icyphy/ptII/ptolemy/domains/de/test/DependencyLoop.tcl (RunTclFile)" time="1.087" />
  <testcase classname="ptolemy.util.test.junit.TclTests" name="[1] /home/travis/build/icyphy/ptII/ptolemy/domains/de/test/RunDETestsAsQSS.tcl (RunTclFile)" time="99.698" />
  <testcase classname="ptolemy.util.test.junit.AutoKnownFailedTests" name="[0] /home/travis/build/icyphy/ptII/ptolemy/domains/de/test/auto/knownFailedTests/DESDFClockTest.xml (RunModel)" time="2.032" />
  <testcase classname="ptolemy.util.test.junit.AutoKnownFailedTests" name="[1] /home/travis/build/icyphy/ptII/ptolemy/domains/de/test/auto/knownFailedTests/DirectFeedback.xml (RunModel)" time="0.013" />
  <testcase classname="ptolemy.util.test.junit.AutoKnownFailedTests" name="[2] /home/travis/build/icyphy/ptII/ptolemy/domains/de/test/auto/knownFailedTests/FSMSource.xml (RunModel)" time="0.017" />
  <testcase classname="ptolemy.util.test.junit.AutoKnownFailedTests" name="[3] /home/travis/build/icyphy/ptII/ptolemy/domains/de/test/auto/knownFailedTests/HierarchicalModel.xml (RunModel)" time="0.037" />
  <testcase classname="ptolemy.util.test.junit.AutoKnownFailedTests" name="[4] /home/travis/build/icyphy/ptII/ptolemy/domains/de/test/auto/knownFailedTests/dependencyLoop.xml (RunModel)" time="0.036" />
  <testcase classname="ptolemy.util.test.junit.AutoKnownFailedTests" name="[5] /home/travis/build/icyphy/ptII/ptolemy/domains/de/test/auto/knownFailedTests/dependencyLoop2.xml (RunModel)" time="0.032" />
  <testcase classname="ptolemy.util.test.junit.AutoNameArchTests" name="[0] ThereAreNoAutoArchTests (RunModel)" time="0.004" />
  <testcase classname="ptolemy.util.test.junit.AutoTests" name="[0] /home/travis/build/icyphy/ptII/ptolemy/domains/de/test/auto/ActorDepthCalculation_actorWithoutPorts.xml (RunModel)" time="0.021" />
  <testcase classname="ptolemy.util.test.junit.AutoTests" name="[1] /home/travis/build/icyphy/ptII/ptolemy/domains/de/test/auto/AssemblyLine.xml (RunModel)" time="0.02" />
  <testcase classname="ptolemy.util.test.junit.AutoTests" name="[2] /home/travis/build/icyphy/ptII/ptolemy/domains/de/test/auto/CQBug1.xml (RunModel)" time="0.013" />
  <testcase classname="ptolemy.util.test.junit.AutoTests" name="[3] /home/travis/build/icyphy/ptII/ptolemy/domains/de/test/auto/CancelFireAt.xml (RunModel)" time="0.014" />
  <testcase classname="ptolemy.util.test.junit.AutoTests" name="[4] /home/travis/build/icyphy/ptII/ptolemy/domains/de/test/auto/CausalityAndComposabilityAnalysis.xml (RunModel)" time="0.022" />
  <testcase classname="ptolemy.util.test.junit.AutoTests" name="[5] /home/travis/build/icyphy/ptII/ptolemy/domains/de/test/auto/CausalityInterface1.xml (RunModel)" time="0.013" />
  <testcase classname="ptolemy.util.test.junit.AutoTests" name="[6] /home/travis/build/icyphy/ptII/ptolemy/domains/de/test/auto/CausalityInterface15.xml (RunModel)" time="0.013" />
  <testcase classname="ptolemy.util.test.junit.AutoTests" name="[7] /home/travis/build/icyphy/ptII/ptolemy/domains/de/test/auto/CausalityInterface2.xml (RunModel)" time="0.011" />
  <testcase classname="ptolemy.util.test.junit.AutoTests" name="[8] /home/travis/build/icyphy/ptII/ptolemy/domains/de/test/auto/CausalityInterface3.xml (RunModel)" time="0.009" />
  <testcase classname="ptolemy.util.test.junit.AutoTests" name="[9] /home/travis/build/icyphy/ptII/ptolemy/domains/de/test/auto/ClockDrift.xml (RunModel)" time="0.03" />
  <testcase classname="ptolemy.util.test.junit.AutoTests" name="[10] /home/travis/build/icyphy/ptII/ptolemy/domains/de/test/auto/ClockDriftAndValueChange.xml (RunModel)" time="0.027" />
  <testcase classname="ptolemy.util.test.junit.AutoTests" name="[11] /home/travis/build/icyphy/ptII/ptolemy/domains/de/test/auto/ClockDriftChange.xml (RunModel)" time="0.026" />
  <testcase classname="ptolemy.util.test.junit.AutoTests" name="[12] /home/travis/build/icyphy/ptII/ptolemy/domains/de/test/auto/ComposableCausalityAnalysis.xml (RunModel)" time="0.018" />
  <testcase classname="ptolemy.util.test.junit.AutoTests" name="[13] /home/travis/build/icyphy/ptII/ptolemy/domains/de/test/auto/DEFixedPointLimitation.xml (RunModel)" time="0.007" />
  <testcase classname="ptolemy.util.test.junit.AutoTests" name="[14] /home/travis/build/icyphy/ptII/ptolemy/domains/de/test/auto/DEScheduleTest.xml (RunModel)" time="0.01" />
  <testcase classname="ptolemy.util.test.junit.AutoTests" name="[15] /home/travis/build/icyphy/ptII/ptolemy/domains/de/test/auto/DEinDEwithStartTimes.xml (RunModel)" time="0.013" />
  <testcase classname="ptolemy.util.test.junit.AutoTests" name="[16] /home/travis/build/icyphy/ptII/ptolemy/domains/de/test/auto/DEinDEwithStartTimes2.xml (RunModel)" time="0.011" />
  <testcase classname="ptolemy.util.test.junit.AutoTests" name="[17] /home/travis/build/icyphy/ptII/ptolemy/domains/de/test/auto/DateDemo.xml (RunModel)" time="0.031" />
  <testcase classname="ptolemy.util.test.junit.AutoTests" name="[18] /home/travis/build/icyphy/ptII/ptolemy/domains/de/test/auto/DateToEvent.xml (RunModel)" time="2.033" />
  <testcase classname="ptolemy.util.test.junit.AutoTests" name="[19] /home/travis/build/icyphy/ptII/ptolemy/domains/de/test/auto/DepthTest1.xml (RunModel)" time="0.009" />
  <testcase classname="ptolemy.util.test.junit.AutoTests" name="[20] /home/travis/build/icyphy/ptII/ptolemy/domains/de/test/auto/DepthTest2.xml (RunModel)" time="0.018" />
  <testcase classname="ptolemy.util.test.junit.AutoTests" name="[21] /home/travis/build/icyphy/ptII/ptolemy/domains/de/test/auto/DepthTest3.xml (RunModel)" time="0.011" />
  <testcase classname="ptolemy.util.test.junit.AutoTests" name="[22] /home/travis/build/icyphy/ptII/ptolemy/domains/de/test/auto/DepthTest4.xml (RunModel)" time="0.012" />
  <testcase classname="ptolemy.util.test.junit.AutoTests" name="[23] /home/travis/build/icyphy/ptII/ptolemy/domains/de/test/auto/DepthTest5.xml (RunModel)" time="0.015" />
  <testcase classname="ptolemy.util.test.junit.AutoTests" name="[24] /home/travis/build/icyphy/ptII/ptolemy/domains/de/test/auto/DepthTest6.xml (RunModel)" time="0.013" />
  <testcase classname="ptolemy.util.test.junit.AutoTests" name="[25] /home/travis/build/icyphy/ptII/ptolemy/domains/de/test/auto/DepthTest7.xml (RunModel)" time="0.021" />
  <testcase classname="ptolemy.util.test.junit.AutoTests" name="[26] /home/travis/build/icyphy/ptII/ptolemy/domains/de/test/auto/EventToDate.xml (RunModel)" time="3.037" />
  <testcase classname="ptolemy.util.test.junit.AutoTests" name="[27] /home/travis/build/icyphy/ptII/ptolemy/domains/de/test/auto/FSM1.xml (RunModel)" time="0.042" />
  <testcase classname="ptolemy.util.test.junit.AutoTests" name="[28] /home/travis/build/icyphy/ptII/ptolemy/domains/de/test/auto/FSM7.xml (RunModel)" time="0.054" />
  <testcase classname="ptolemy.util.test.junit.AutoTests" name="[29] /home/travis/build/icyphy/ptII/ptolemy/domains/de/test/auto/Inspection.xml (RunModel)" time="0.046" />
  <testcase classname="ptolemy.util.test.junit.AutoTests" name="[30] /home/travis/build/icyphy/ptII/ptolemy/domains/de/test/auto/Iteration.xml (RunModel)" time="0.035" />
  <testcase classname="ptolemy.util.test.junit.AutoTests" name="[31] /home/travis/build/icyphy/ptII/ptolemy/domains/de/test/auto/LineFault.xml (RunModel)" time="0.65" />
  <testcase classname="ptolemy.util.test.junit.AutoTests" name="[32] /home/travis/build/icyphy/ptII/ptolemy/domains/de/test/auto/MergeModel1Add.xml (RunModel)" time="0.061" />
  <testcase classname="ptolemy.util.test.junit.AutoTests" name="[33] /home/travis/build/icyphy/ptII/ptolemy/domains/de/test/auto/MergeModel2Add.xml (RunModel)" time="0.05" />
  <testcase classname="ptolemy.util.test.junit.AutoTests" name="[34] /home/travis/build/icyphy/ptII/ptolemy/domains/de/test/auto/MergeModel3Add.xml (RunModel)" time="0.052" />
  <testcase classname="ptolemy.util.test.junit.AutoTests" name="[35] /home/travis/build/icyphy/ptII/ptolemy/domains/de/test/auto/MergeWithoutDiscard.xml (RunModel)" time="0.011" />
  <testcase classname="ptolemy.util.test.junit.AutoTests" name="[36] /home/travis/build/icyphy/ptII/ptolemy/domains/de/test/auto/Modal1.xml (RunModel)" time="0.03" />
  <testcase classname="ptolemy.util.test.junit.AutoTests" name="[37] /home/travis/build/icyphy/ptII/ptolemy/domains/de/test/auto/Modal2.xml (RunModel)" time="0.031" />
  <testcase classname="ptolemy.util.test.junit.AutoTests" name="[38] /home/travis/build/icyphy/ptII/ptolemy/domains/de/test/auto/Modal3.xml (RunModel)" time="0.03" />
  <testcase classname="ptolemy.util.test.junit.AutoTests" name="[39] /home/travis/build/icyphy/ptII/ptolemy/domains/de/test/auto/Modal4.xml (RunModel)" time="0.039" />
  <testcase classname="ptolemy.util.test.junit.AutoTests" name="[40] /home/travis/build/icyphy/ptII/ptolemy/domains/de/test/auto/Modal5.xml (RunModel)" time="0.033" />
  <testcase classname="ptolemy.util.test.junit.AutoTests" name="[41] /home/travis/build/icyphy/ptII/ptolemy/domains/de/test/auto/Modal6.xml (RunModel)" time="0.039" />
  <testcase classname="ptolemy.util.test.junit.AutoTests" name="[42] /home/travis/build/icyphy/ptII/ptolemy/domains/de/test/auto/Modal7.xml (RunModel)" time="0.027" />
  <testcase classname="ptolemy.util.test.junit.AutoTests" name="[43] /home/travis/build/icyphy/ptII/ptolemy/domains/de/test/auto/ModalModel.xml (RunModel)" time="0.202" />
  <testcase classname="ptolemy.util.test.junit.AutoTests" name="[44] /home/travis/build/icyphy/ptII/ptolemy/domains/de/test/auto/ModalSource.xml (RunModel)" time="0.023" />
  <testcase classname="ptolemy.util.test.junit.AutoTests" name="[45] /home/travis/build/icyphy/ptII/ptolemy/domains/de/test/auto/NonInterruptibleTimerZeroDelay.xml (RunModel)" time="0.016" />
  <testcase classname="ptolemy.util.test.junit.AutoTests" name="[46] /home/travis/build/icyphy/ptII/ptolemy/domains/de/test/auto/OpenQueueingNetwork.xml (RunModel)" time="2.634" />
  <testcase classname="ptolemy.util.test.junit.AutoTests" name="[47] /home/travis/build/icyphy/ptII/ptolemy/domains/de/test/auto/OpenQueuingNetwork.xml (RunModel)" time="0.339" />
  <testcase classname="ptolemy.util.test.junit.AutoTests" name="[48] /home/travis/build/icyphy/ptII/ptolemy/domains/de/test/auto/PeriodicSampler.xml (RunModel)" time="0.011" />
  <testcase classname="ptolemy.util.test.junit.AutoTests" name="[49] /home/travis/build/icyphy/ptII/ptolemy/domains/de/test/auto/PersistentIO.xml (RunModel)" time="0.025" />
  <testcase classname="ptolemy.util.test.junit.AutoTests" name="[50] /home/travis/build/icyphy/ptII/ptolemy/domains/de/test/auto/PortParameterResetOnInitialize.xml (RunModel)" time="0.01" />
  <testcase classname="ptolemy.util.test.junit.AutoTests" name="[51] /home/travis/build/icyphy/ptII/ptolemy/domains/de/test/auto/PortParameterUpdates.xml (RunModel)" time="0.017" />
  <testcase classname="ptolemy.util.test.junit.AutoTests" name="[52] /home/travis/build/icyphy/ptII/ptolemy/domains/de/test/auto/QueueAndServer.xml (RunModel)" time="0.021" />
  <testcase classname="ptolemy.util.test.junit.AutoTests" name="[53] /home/travis/build/icyphy/ptII/ptolemy/domains/de/test/auto/Records.xml (RunModel)" time="0.016" />
  <testcase classname="ptolemy.util.test.junit.AutoTests" name="[54] /home/travis/build/icyphy/ptII/ptolemy/domains/de/test/auto/ResetTransitionWithStartTime1.xml (RunModel)" time="0.02" />
  <testcase classname="ptolemy.util.test.junit.AutoTests" name="[55] /home/travis/build/icyphy/ptII/ptolemy/domains/de/test/auto/ResetTransitionWithStartTime2.xml (RunModel)" time="0.024" />
  <testcase classname="ptolemy.util.test.junit.AutoTests" name="[56] /home/travis/build/icyphy/ptII/ptolemy/domains/de/test/auto/ResetTransitionWithStartTime3.xml (RunModel)" time="0.021" />
  <testcase classname="ptolemy.util.test.junit.AutoTests" name="[57] /home/travis/build/icyphy/ptII/ptolemy/domains/de/test/auto/ResetTransitionWithStartTime4.xml (RunModel)" time="0.026" />
  <testcase classname="ptolemy.util.test.junit.AutoTests" name="[58] /home/travis/build/icyphy/ptII/ptolemy/domains/de/test/auto/ResettableTimer1.xml (RunModel)" time="0.012" />
  <testcase classname="ptolemy.util.test.junit.AutoTests" name="[59] /home/travis/build/icyphy/ptII/ptolemy/domains/de/test/auto/ResettableTimer2.xml (RunModel)" time="0.009" />
  <testcase classname="ptolemy.util.test.junit.AutoTests" name="[60] /home/travis/build/icyphy/ptII/ptolemy/domains/de/test/auto/ResettableTimer3.xml (RunModel)" time="0.009" />
  <testcase classname="ptolemy.util.test.junit.AutoTests" name="[61] /home/travis/build/icyphy/ptII/ptolemy/domains/de/test/auto/ResettableTimer4.xml (RunModel)" time="0.009" />
  <testcase classname="ptolemy.util.test.junit.AutoTests" name="[62] /home/travis/build/icyphy/ptII/ptolemy/domains/de/test/auto/ResettableTimer5.xml (RunModel)" time="0.011" />
  <testcase classname="ptolemy.util.test.junit.AutoTests" name="[63] /home/travis/build/icyphy/ptII/ptolemy/domains/de/test/auto/ResettableTimer6.xml (RunModel)" time="0.021" />
  <testcase classname="ptolemy.util.test.junit.AutoTests" name="[64] /home/travis/build/icyphy/ptII/ptolemy/domains/de/test/auto/ServerZeroDelay.xml (RunModel)" time="0.012" />
  <testcase classname="ptolemy.util.test.junit.AutoTests" name="[65] /home/travis/build/icyphy/ptII/ptolemy/domains/de/test/auto/SmartSender.xml (RunModel)" time="3.008" />
  <testcase classname="ptolemy.util.test.junit.AutoTests" name="[66] /home/travis/build/icyphy/ptII/ptolemy/domains/de/test/auto/ThreadedComposite.xml (RunModel)" time="0.132" />
  <testcase classname="ptolemy.util.test.junit.AutoTests" name="[67] /home/travis/build/icyphy/ptII/ptolemy/domains/de/test/auto/Time.xml (RunModel)" time="0.477" />
  <testcase classname="ptolemy.util.test.junit.AutoTests" name="[68] /home/travis/build/icyphy/ptII/ptolemy/domains/de/test/auto/TimeDelayZeroDelay.xml (RunModel)" time="0.011" />
  <testcase classname="ptolemy.util.test.junit.AutoTests" name="[69] /home/travis/build/icyphy/ptII/ptolemy/domains/de/test/auto/TimerZeroDelay.xml (RunModel)" time="0.012" />
  <testcase classname="ptolemy.util.test.junit.AutoTests" name="[70] /home/travis/build/icyphy/ptII/ptolemy/domains/de/test/auto/TimingParadox.xml (RunModel)" time="0.384" />
  <testcase classname="ptolemy.util.test.junit.AutoTests" name="[71] /home/travis/build/icyphy/ptII/ptolemy/domains/de/test/auto/TransferInputs.xml (RunModel)" time="0.014" />
  <testcase classname="ptolemy.util.test.junit.AutoTests" name="[72] /home/travis/build/icyphy/ptII/ptolemy/domains/de/test/auto/TransferOutputs2.xml (RunModel)" time="0.015" />
  <testcase classname="ptolemy.util.test.junit.AutoTests" name="[73] /home/travis/build/icyphy/ptII/ptolemy/domains/de/test/auto/Trilateration.xml (RunModel)" time="12.505" />
  <testcase classname="ptolemy.util.test.junit.AutoTests" name="[74] /home/travis/build/icyphy/ptII/ptolemy/domains/de/test/auto/TwoSigmaDelta.xml (RunModel)" time="2.365" />
  <testcase classname="ptolemy.util.test.junit.AutoTests" name="[75] /home/travis/build/icyphy/ptII/ptolemy/domains/de/test/auto/VariableDelay.xml (RunModel)" time="0.01" />
  <testcase classname="ptolemy.util.test.junit.AutoTests" name="[76] /home/travis/build/icyphy/ptII/ptolemy/domains/de/test/auto/VariableDelay2.xml (RunModel)" time="0.01" />
  <testcase classname="ptolemy.util.test.junit.AutoTests" name="[77] /home/travis/build/icyphy/ptII/ptolemy/domains/de/test/auto/VariableDelayZeroDelay.xml (RunModel)" time="0.036" />
  <testcase classname="ptolemy.util.test.junit.AutoTests" name="[78] /home/travis/build/icyphy/ptII/ptolemy/domains/de/test/auto/VariableDelayZeroDelay2.xml (RunModel)" time="0.018" />
  <testcase classname="ptolemy.util.test.junit.AutoTests" name="[79] /home/travis/build/icyphy/ptII/ptolemy/domains/de/test/auto/deInCt.xml (RunModel)" time="0.018" />
  <testcase classname="ptolemy.util.test.junit.AutoTests" name="[80] /home/travis/build/icyphy/ptII/ptolemy/domains/de/test/auto/deInCt2.xml (RunModel)" time="0.013" />
  <testcase classname="ptolemy.util.test.junit.AutoTests" name="[81] /home/travis/build/icyphy/ptII/ptolemy/domains/de/test/auto/dynamicCausalityInterface1.xml (RunModel)" time="0.028" />
  <testcase classname="ptolemy.util.test.junit.AutoTests" name="[82] /home/travis/build/icyphy/ptII/ptolemy/domains/de/test/auto/fsm_de_test.xml (RunModel)" time="0.032" />
  <testcase classname="ptolemy.util.test.junit.AutoTests" name="[83] /home/travis/build/icyphy/ptII/ptolemy/domains/de/test/auto/functionDependencyReconstruction.xml (RunModel)" time="0.042" />
  <testcase classname="ptolemy.util.test.junit.AutoTests" name="[84] /home/travis/build/icyphy/ptII/ptolemy/domains/de/test/auto/multirate.xml (RunModel)" time="0.019" />
  <testcase classname="ptolemy.util.test.junit.AutoTests" name="[85] /home/travis/build/icyphy/ptII/ptolemy/domains/de/test/auto/multirate2.xml (RunModel)" time="0.023" />
  <testcase classname="ptolemy.util.test.junit.AutoTests" name="[86] /home/travis/build/icyphy/ptII/ptolemy/domains/de/test/auto/realtime.xml (RunModel)" time="10.016" />
  <testcase classname="ptolemy.util.test.junit.AutoTests" name="[87] /home/travis/build/icyphy/ptII/ptolemy/domains/de/test/auto/relationGroup.xml (RunModel)" time="0.016" />
  <testcase classname="ptolemy.util.test.junit.AutoTests" name="[88] /home/travis/build/icyphy/ptII/ptolemy/domains/de/test/auto/relationGroup2.xml (RunModel)" time="0.014" />
  <testcase classname="ptolemy.util.test.junit.AutoTests" name="[89] /home/travis/build/icyphy/ptII/ptolemy/domains/de/test/auto/sortWithOpaquePorts.xml (RunModel)" time="0.014" />
  <testcase classname="ptolemy.util.test.junit.AutoTests" name="[90] /home/travis/build/icyphy/ptII/ptolemy/domains/de/test/auto/transferInputsandOutputs.xml (RunModel)" time="0.035" />
  <testcase classname="ptolemy.util.test.junit.AutoTests" name="[91] /home/travis/build/icyphy/ptII/ptolemy/domains/de/test/auto/triggerType.xml (RunModel)" time="0.014" />
  <system-out><![CDATA[/home/travis/build/icyphy/ptII/ptolemy/domains/de/test/DependencyLoop.tcl
testDefs.tcl: setting time out to 9000 seconds at Fri Jul 12 05:49:33 UTC 2019
55 ms. Memory: 120832K Free: 99903K (83%)
33 ms. Memory: 153600K Free: 136546K (89%)
/home/travis/build/icyphy/ptII/ptolemy/domains/de/test/RunDETestsAsQSS.tcl
Run the DE tests using ptolemy.domains.qss.test.QSSDirectorTest, which extends QSSDirector and prints a message in the constructors.
------------------ testing $PTII/ptolemy/domains/de/test/auto/knownFailedTests/DirectFeedback.xml (Known Failure) 
53 ms. Memory: 153600K Free: 131426K (86%)


==== $PTIIhome/travis/build/icyphy/ptII/ptolemy/domains/de/test/../../../../: Auto Automatic test in file $PTII/ptolemy/domains/de/test/auto/knownFailedTests/DirectFeedback.xml
==== Contents of test case:

	    # FIXME: we should use $relativeFilename here, but it
	    # might have backslashes under Windows, which causes no end
	    # of trouble.
	    createAndExecute $file
	    list {}
	
.... Test generated KNOWN error:
    while executing
ptolemy.kernel.util.IllegalActionException: Test fails in iteration 1.
Value was: 1.0. Should have been: 2.0
  in .DirectFeedback.Test
	at ptolemy.actor.lib.Test.fire(Test.java:268)
	at ptolemy.domains.de.kernel.DEDirector._fire(DEDirector.java:1949)
	at ptolemy.domains.de.kernel.DEDirector.fire(DEDirector.java:502)
	at ptolemy.actor.CompositeActor.fire(CompositeActor.java:455)
	at ptolemy.actor.Manager.iterate(Manager.java:851)
	at ptolemy.actor.Manager.execute(Manager.java:369)
	at ptolemy.actor.Manager.run(Manager.java:1263)
	at ptolemy.actor.Manager$PtolemyRunThread.run(Manager.java:1915)

    while executing
ptolemy.kernel.util.IllegalActionException: Test fails in iteration 1.
Value was: 1.0. Should have been: 2.0
  in .DirectFeedback.Test
    while executing
"java::new ptolemy.moml.MoMLSimpleApplication $file
"
    (procedure "createAndExecute" line 2)
    invoked from within
"createAndExecute $file"
    ("uplevel" body line 5)
    invoked from within
"uplevel $contents_of_test"
------------------ testing $PTII/ptolemy/domains/de/test/auto/knownFailedTests/dependencyLoop.xml (Known Failure) 
20 ms. Memory: 153600K Free: 128354K (84%)


==== $PTIIhome/travis/build/icyphy/ptII/ptolemy/domains/de/test/../../../../: Auto Automatic test in file $PTII/ptolemy/domains/de/test/auto/knownFailedTests/dependencyLoop.xml
==== Contents of test case:

	    # FIXME: we should use $relativeFilename here, but it
	    # might have backslashes under Windows, which causes no end
	    # of trouble.
	    createAndExecute $file
	    list {}
	
.... Test generated KNOWN error:
    while executing
ptolemy.kernel.util.IllegalActionException: Found a zero delay loop containing .dependencyLoop.original
  in .dependencyLoop and .dependencyLoop.original
	at ptolemy.actor.util.CausalityInterfaceForComposites._computeOutputPortDepth(CausalityInterfaceForComposites.java:759)
	at ptolemy.actor.util.CausalityInterfaceForComposites._computeInputDepth(CausalityInterfaceForComposites.java:696)
	at ptolemy.actor.util.CausalityInterfaceForComposites._computeOutputPortDepth(CausalityInterfaceForComposites.java:765)
	at ptolemy.actor.util.CausalityInterfaceForComposites._computeInputDepth(CausalityInterfaceForComposites.java:696)
	at ptolemy.actor.util.CausalityInterfaceForComposites._computeOutputPortDepth(CausalityInterfaceForComposites.java:765)
	at ptolemy.actor.util.CausalityInterfaceForComposites._computeInputDepth(CausalityInterfaceForComposites.java:696)
	at ptolemy.actor.util.CausalityInterfaceForComposites._computeActorDepth(CausalityInterfaceForComposites.java:532)
	at ptolemy.actor.util.CausalityInterfaceForComposites.checkForCycles(CausalityInterfaceForComposites.java:96)
	at ptolemy.domains.de.kernel.DEDirector.preinitialize(DEDirector.java:1338)
	at ptolemy.actor.CompositeActor.preinitialize(CompositeActor.java:1828)
	at ptolemy.actor.Manager.preinitializeAndResolveTypes(Manager.java:1040)
	at ptolemy.actor.Manager.initialize(Manager.java:710)
	at ptolemy.actor.Manager.execute(Manager.java:356)
	at ptolemy.actor.Manager.run(Manager.java:1263)
	at ptolemy.actor.Manager$PtolemyRunThread.run(Manager.java:1915)

    while executing
ptolemy.kernel.util.IllegalActionException: Found a zero delay loop containing .dependencyLoop.original
  in .dependencyLoop and .dependencyLoop.original
    while executing
"java::new ptolemy.moml.MoMLSimpleApplication $file
"
    (procedure "createAndExecute" line 2)
    invoked from within
"createAndExecute $file"
    ("uplevel" body line 5)
    invoked from within
"uplevel $contents_of_test"
------------------ testing $PTII/ptolemy/domains/de/test/auto/knownFailedTests/FSMSource.xml (Known Failure) 
75 ms. Memory: 153600K Free: 119138K (78%)
!!!! Auto was marked as failing, but now passes
------------------ testing $PTII/ptolemy/domains/de/test/auto/knownFailedTests/HierarchicalModel.xml (Known Failure) 
10 ms. Memory: 153600K Free: 102240K (67%)


==== $PTIIhome/travis/build/icyphy/ptII/ptolemy/domains/de/test/../../../../: Auto Automatic test in file $PTII/ptolemy/domains/de/test/auto/knownFailedTests/HierarchicalModel.xml
==== Contents of test case:

	    # FIXME: we should use $relativeFilename here, but it
	    # might have backslashes under Windows, which causes no end
	    # of trouble.
	    createAndExecute $file
	    list {}
	
.... Test generated KNOWN error:
    while executing
ptolemy.kernel.util.IllegalActionException: Found a zero delay loop containing .HierarchicalModel.A
  in .HierarchicalModel and .HierarchicalModel.A
	at ptolemy.actor.util.CausalityInterfaceForComposites._computeOutputPortDepth(CausalityInterfaceForComposites.java:759)
	at ptolemy.actor.util.CausalityInterfaceForComposites._computeInputDepth(CausalityInterfaceForComposites.java:696)
	at ptolemy.actor.util.CausalityInterfaceForComposites._computeOutputPortDepth(CausalityInterfaceForComposites.java:765)
	at ptolemy.actor.util.CausalityInterfaceForComposites._computeInputDepth(CausalityInterfaceForComposites.java:696)
	at ptolemy.actor.util.CausalityInterfaceForComposites._computeOutputPortDepth(CausalityInterfaceForComposites.java:765)
	at ptolemy.actor.util.CausalityInterfaceForComposites._computeInputDepth(CausalityInterfaceForComposites.java:696)
	at ptolemy.actor.util.CausalityInterfaceForComposites._computeActorDepth(CausalityInterfaceForComposites.java:532)
	at ptolemy.actor.util.CausalityInterfaceForComposites.checkForCycles(CausalityInterfaceForComposites.java:96)
	at ptolemy.domains.de.kernel.DEDirector.preinitialize(DEDirector.java:1338)
	at ptolemy.actor.CompositeActor.preinitialize(CompositeActor.java:1828)
	at ptolemy.actor.Manager.preinitializeAndResolveTypes(Manager.java:1040)
	at ptolemy.actor.Manager.initialize(Manager.java:710)
	at ptolemy.actor.Manager.execute(Manager.java:356)
	at ptolemy.actor.Manager.run(Manager.java:1263)
	at ptolemy.actor.Manager$PtolemyRunThread.run(Manager.java:1915)

    while executing
ptolemy.kernel.util.IllegalActionException: Found a zero delay loop containing .HierarchicalModel.A
  in .HierarchicalModel and .HierarchicalModel.A
    while executing
"java::new ptolemy.moml.MoMLSimpleApplication $file
"
    (procedure "createAndExecute" line 2)
    invoked from within
"createAndExecute $file"
    ("uplevel" body line 5)
    invoked from within
"uplevel $contents_of_test"
------------------ testing $PTII/ptolemy/domains/de/test/auto/knownFailedTests/dependencyLoop2.xml (Known Failure) 
10 ms. Memory: 153600K Free: 98658K (64%)


==== $PTIIhome/travis/build/icyphy/ptII/ptolemy/domains/de/test/../../../../: Auto Automatic test in file $PTII/ptolemy/domains/de/test/auto/knownFailedTests/dependencyLoop2.xml
==== Contents of test case:

	    # FIXME: we should use $relativeFilename here, but it
	    # might have backslashes under Windows, which causes no end
	    # of trouble.
	    createAndExecute $file
	    list {}
	
.... Test generated KNOWN error:
    while executing
ptolemy.kernel.util.IllegalActionException: Found a zero delay loop containing .dependencyLoop2.original
  in .dependencyLoop2 and .dependencyLoop2.original
	at ptolemy.actor.util.CausalityInterfaceForComposites._computeOutputPortDepth(CausalityInterfaceForComposites.java:759)
	at ptolemy.actor.util.CausalityInterfaceForComposites._computeInputDepth(CausalityInterfaceForComposites.java:696)
	at ptolemy.actor.util.CausalityInterfaceForComposites._computeOutputPortDepth(CausalityInterfaceForComposites.java:765)
	at ptolemy.actor.util.CausalityInterfaceForComposites._computeInputDepth(CausalityInterfaceForComposites.java:696)
	at ptolemy.actor.util.CausalityInterfaceForComposites._computeOutputPortDepth(CausalityInterfaceForComposites.java:765)
	at ptolemy.actor.util.CausalityInterfaceForComposites._computeInputDepth(CausalityInterfaceForComposites.java:696)
	at ptolemy.actor.util.CausalityInterfaceForComposites._computeActorDepth(CausalityInterfaceForComposites.java:532)
	at ptolemy.actor.util.CausalityInterfaceForComposites.checkForCycles(CausalityInterfaceForComposites.java:96)
	at ptolemy.domains.de.kernel.DEDirector.preinitialize(DEDirector.java:1338)
	at ptolemy.actor.CompositeActor.preinitialize(CompositeActor.java:1828)
	at ptolemy.actor.Manager.preinitializeAndResolveTypes(Manager.java:1040)
	at ptolemy.actor.Manager.initialize(Manager.java:710)
	at ptolemy.actor.Manager.execute(Manager.java:356)
	at ptolemy.actor.Manager.run(Manager.java:1263)
	at ptolemy.actor.Manager$PtolemyRunThread.run(Manager.java:1915)

    while executing
ptolemy.kernel.util.IllegalActionException: Found a zero delay loop containing .dependencyLoop2.original
  in .dependencyLoop2 and .dependencyLoop2.original
    while executing
"java::new ptolemy.moml.MoMLSimpleApplication $file
"
    (procedure "createAndExecute" line 2)
    invoked from within
"createAndExecute $file"
    ("uplevel" body line 5)
    invoked from within
"uplevel $contents_of_test"
------------------ testing $PTII/ptolemy/domains/de/test/auto/knownFailedTests/DESDFClockTest.xml (Known Failure) 
2055 ms. Memory: 153600K Free: 85856K (56%)


==== $PTIIhome/travis/build/icyphy/ptII/ptolemy/domains/de/test/../../../../: Auto Automatic test in file $PTII/ptolemy/domains/de/test/auto/knownFailedTests/DESDFClockTest.xml
==== Contents of test case:

	    # FIXME: we should use $relativeFilename here, but it
	    # might have backslashes under Windows, which causes no end
	    # of trouble.
	    createAndExecute $file
	    list {}
	
.... Test generated KNOWN error:
    while executing
ptolemy.kernel.util.IllegalActionException: Actor is not ready to fire.  Perhaps UpSample.prefire() returned false? Try debugging the actor by selecting "Listen to Actor".  Also, for SDF check moml for tokenConsumptionRate on input.
  in .DESDFClockTest.Play Bell.Copy1:SDF Director and .DESDFClockTest.Play Bell.UpSample
	at ptolemy.actor.sched.StaticSchedulingDirector.fire(StaticSchedulingDirector.java:227)
	at ptolemy.domains.sdf.kernel.SDFDirector.fire(SDFDirector.java:500)
	at ptolemy.actor.CompositeActor.fire(CompositeActor.java:455)
	at ptolemy.domains.de.kernel.DEDirector._fire(DEDirector.java:1949)
	at ptolemy.domains.de.kernel.DEDirector.fire(DEDirector.java:502)
	at ptolemy.actor.CompositeActor.fire(CompositeActor.java:455)
	at ptolemy.actor.Manager.iterate(Manager.java:851)
	at ptolemy.actor.Manager.execute(Manager.java:369)
	at ptolemy.actor.Manager.run(Manager.java:1263)
	at ptolemy.actor.Manager$PtolemyRunThread.run(Manager.java:1915)

    while executing
ptolemy.kernel.util.IllegalActionException: Actor is not ready to fire.  Perhaps UpSample.prefire() returned false? Try debugging the actor by selecting "Listen to Actor".  Also, for SDF check moml for tokenConsumptionRate on input.
  in .DESDFClockTest.Play Bell.Copy1:SDF Director and .DESDFClockTest.Play Bell.UpSample
    while executing
"java::new ptolemy.moml.MoMLSimpleApplication $file
"
    (procedure "createAndExecute" line 2)
    invoked from within
"createAndExecute $file"
    ("uplevel" body line 5)
    invoked from within
"uplevel $contents_of_test"
------------------ testing $PTII/ptolemy/domains/de/test/auto/ActorDepthCalculation_actorWithoutPorts.xml
auto.tcl: Setting watchdog for 200 seconds at Fri Jul 12 05:49:37 UTC 2019
8 ms. Memory: 153600K Free: 78178K (51%)
ptolemy.util.test.WatchDog.cancel(): canceling Fri Jul 12 05:49:37 UTC 2019
auto.tcl: Setting watchdog for 200 seconds at Fri Jul 12 05:49:37 UTC 2019
11 ms. Memory: 153600K Free: 77154K (50%)
ptolemy.util.test.WatchDog.cancel(): canceling Fri Jul 12 05:49:37 UTC 2019
------------------ testing $PTII/ptolemy/domains/de/test/auto/AssemblyLine.xml
auto.tcl: Setting watchdog for 200 seconds at Fri Jul 12 05:49:38 UTC 2019
22 ms. Memory: 45056K Free: 23501K (52%)
ptolemy.util.test.WatchDog.cancel(): canceling Fri Jul 12 05:49:38 UTC 2019
auto.tcl: Setting watchdog for 200 seconds at Fri Jul 12 05:49:38 UTC 2019
7 ms. Memory: 45056K Free: 22596K (50%)
ptolemy.util.test.WatchDog.cancel(): canceling Fri Jul 12 05:49:38 UTC 2019
------------------ testing $PTII/ptolemy/domains/de/test/auto/CQBug1.xml
auto.tcl: Setting watchdog for 200 seconds at Fri Jul 12 05:49:38 UTC 2019
3 ms. Memory: 45056K Free: 29011K (64%)
ptolemy.util.test.WatchDog.cancel(): canceling Fri Jul 12 05:49:38 UTC 2019
auto.tcl: Setting watchdog for 200 seconds at Fri Jul 12 05:49:38 UTC 2019
2 ms. Memory: 45056K Free: 28725K (64%)
ptolemy.util.test.WatchDog.cancel(): canceling Fri Jul 12 05:49:38 UTC 2019
------------------ testing $PTII/ptolemy/domains/de/test/auto/CancelFireAt.xml
auto.tcl: Setting watchdog for 200 seconds at Fri Jul 12 05:49:38 UTC 2019
7 ms. Memory: 45056K Free: 30161K (67%)
ptolemy.util.test.WatchDog.cancel(): canceling Fri Jul 12 05:49:38 UTC 2019
auto.tcl: Setting watchdog for 200 seconds at Fri Jul 12 05:49:38 UTC 2019
2 ms. Memory: 45056K Free: 29616K (66%)
ptolemy.util.test.WatchDog.cancel(): canceling Fri Jul 12 05:49:38 UTC 2019
------------------ testing $PTII/ptolemy/domains/de/test/auto/CausalityAndComposabilityAnalysis.xml
auto.tcl: Setting watchdog for 200 seconds at Fri Jul 12 05:49:38 UTC 2019
6 ms. Memory: 45056K Free: 28236K (63%)
ptolemy.util.test.WatchDog.cancel(): canceling Fri Jul 12 05:49:38 UTC 2019
auto.tcl: Setting watchdog for 200 seconds at Fri Jul 12 05:49:38 UTC 2019
8 ms. Memory: 45056K Free: 27679K (61%)
ptolemy.util.test.WatchDog.cancel(): canceling Fri Jul 12 05:49:38 UTC 2019
------------------ testing $PTII/ptolemy/domains/de/test/auto/CausalityInterface1.xml
auto.tcl: Setting watchdog for 200 seconds at Fri Jul 12 05:49:38 UTC 2019
20 ms. Memory: 45056K Free: 26807K (59%)
ptolemy.util.test.WatchDog.cancel(): canceling Fri Jul 12 05:49:38 UTC 2019
auto.tcl: Setting watchdog for 200 seconds at Fri Jul 12 05:49:38 UTC 2019
3 ms. Memory: 45056K Free: 26019K (58%)
ptolemy.util.test.WatchDog.cancel(): canceling Fri Jul 12 05:49:38 UTC 2019
------------------ testing $PTII/ptolemy/domains/de/test/auto/CausalityInterface15.xml
auto.tcl: Setting watchdog for 200 seconds at Fri Jul 12 05:49:38 UTC 2019
11 ms. Memory: 45056K Free: 26726K (59%)
ptolemy.util.test.WatchDog.cancel(): canceling Fri Jul 12 05:49:38 UTC 2019
auto.tcl: Setting watchdog for 200 seconds at Fri Jul 12 05:49:38 UTC 2019
4 ms. Memory: 45056K Free: 25969K (58%)
ptolemy.util.test.WatchDog.cancel(): canceling Fri Jul 12 05:49:38 UTC 2019
------------------ testing $PTII/ptolemy/domains/de/test/auto/CausalityInterface2.xml
auto.tcl: Setting watchdog for 200 seconds at Fri Jul 12 05:49:38 UTC 2019
3 ms. Memory: 45056K Free: 27626K (61%)
ptolemy.util.test.WatchDog.cancel(): canceling Fri Jul 12 05:49:38 UTC 2019
auto.tcl: Setting watchdog for 200 seconds at Fri Jul 12 05:49:38 UTC 2019
3 ms. Memory: 45056K Free: 26706K (59%)
ptolemy.util.test.WatchDog.cancel(): canceling Fri Jul 12 05:49:38 UTC 2019
------------------ testing $PTII/ptolemy/domains/de/test/auto/CausalityInterface3.xml
auto.tcl: Setting watchdog for 200 seconds at Fri Jul 12 05:49:38 UTC 2019
9 ms. Memory: 45056K Free: 27283K (61%)
ptolemy.util.test.WatchDog.cancel(): canceling Fri Jul 12 05:49:39 UTC 2019
auto.tcl: Setting watchdog for 200 seconds at Fri Jul 12 05:49:39 UTC 2019
3 ms. Memory: 45056K Free: 26693K (59%)
ptolemy.util.test.WatchDog.cancel(): canceling Fri Jul 12 05:49:39 UTC 2019
------------------ testing $PTII/ptolemy/domains/de/test/auto/ClockDrift.xml
auto.tcl: Setting watchdog for 200 seconds at Fri Jul 12 05:49:39 UTC 2019
85 ms. Memory: 45056K Free: 19770K (44%)
ptolemy.util.test.WatchDog.cancel(): canceling Fri Jul 12 05:49:39 UTC 2019
auto.tcl: Setting watchdog for 200 seconds at Fri Jul 12 05:49:39 UTC 2019
70 ms. Memory: 45056K Free: 16770K (37%)
ptolemy.util.test.WatchDog.cancel(): canceling Fri Jul 12 05:49:39 UTC 2019
------------------ testing $PTII/ptolemy/domains/de/test/auto/ClockDriftAndValueChange.xml
auto.tcl: Setting watchdog for 200 seconds at Fri Jul 12 05:49:39 UTC 2019
56 ms. Memory: 45056K Free: 20264K (45%)
ptolemy.util.test.WatchDog.cancel(): canceling Fri Jul 12 05:49:39 UTC 2019
auto.tcl: Setting watchdog for 200 seconds at Fri Jul 12 05:49:39 UTC 2019
31 ms. Memory: 45056K Free: 17349K (39%)
ptolemy.util.test.WatchDog.cancel(): canceling Fri Jul 12 05:49:39 UTC 2019
------------------ testing $PTII/ptolemy/domains/de/test/auto/ClockDriftChange.xml
auto.tcl: Setting watchdog for 200 seconds at Fri Jul 12 05:49:39 UTC 2019
24 ms. Memory: 45056K Free: 21987K (49%)
ptolemy.util.test.WatchDog.cancel(): canceling Fri Jul 12 05:49:39 UTC 2019
auto.tcl: Setting watchdog for 200 seconds at Fri Jul 12 05:49:39 UTC 2019
17 ms. Memory: 45056K Free: 19396K (43%)
ptolemy.util.test.WatchDog.cancel(): canceling Fri Jul 12 05:49:39 UTC 2019
------------------ testing $PTII/ptolemy/domains/de/test/auto/ComposableCausalityAnalysis.xml
auto.tcl: Setting watchdog for 200 seconds at Fri Jul 12 05:49:39 UTC 2019
2 ms. Memory: 45056K Free: 26286K (58%)
ptolemy.util.test.WatchDog.cancel(): canceling Fri Jul 12 05:49:39 UTC 2019
auto.tcl: Setting watchdog for 200 seconds at Fri Jul 12 05:49:39 UTC 2019
4 ms. Memory: 45056K Free: 25249K (56%)
ptolemy.util.test.WatchDog.cancel(): canceling Fri Jul 12 05:49:39 UTC 2019
------------------ testing $PTII/ptolemy/domains/de/test/auto/DEFixedPointLimitation.xml
auto.tcl: Setting watchdog for 200 seconds at Fri Jul 12 05:49:39 UTC 2019
2 ms. Memory: 45056K Free: 27620K (61%)
ptolemy.util.test.WatchDog.cancel(): canceling Fri Jul 12 05:49:39 UTC 2019
auto.tcl: Setting watchdog for 200 seconds at Fri Jul 12 05:49:39 UTC 2019
1 ms. Memory: 45056K Free: 26919K (60%)
ptolemy.util.test.WatchDog.cancel(): canceling Fri Jul 12 05:49:39 UTC 2019
------------------ testing $PTII/ptolemy/domains/de/test/auto/DEScheduleTest.xml
auto.tcl: Setting watchdog for 200 seconds at Fri Jul 12 05:49:39 UTC 2019
4 ms. Memory: 45056K Free: 28102K (62%)
ptolemy.util.test.WatchDog.cancel(): canceling Fri Jul 12 05:49:39 UTC 2019
auto.tcl: Setting watchdog for 200 seconds at Fri Jul 12 05:49:39 UTC 2019
3 ms. Memory: 45056K Free: 27264K (61%)
ptolemy.util.test.WatchDog.cancel(): canceling Fri Jul 12 05:49:39 UTC 2019
------------------ testing $PTII/ptolemy/domains/de/test/auto/DEinDEwithStartTimes.xml
auto.tcl: Setting watchdog for 200 seconds at Fri Jul 12 05:49:39 UTC 2019
4 ms. Memory: 45056K Free: 26416K (59%)
ptolemy.util.test.WatchDog.cancel(): canceling Fri Jul 12 05:49:39 UTC 2019
auto.tcl: Setting watchdog for 200 seconds at Fri Jul 12 05:49:39 UTC 2019
4 ms. Memory: 45056K Free: 25160K (56%)
ptolemy.util.test.WatchDog.cancel(): canceling Fri Jul 12 05:49:39 UTC 2019
------------------ testing $PTII/ptolemy/domains/de/test/auto/DEinDEwithStartTimes2.xml
auto.tcl: Setting watchdog for 200 seconds at Fri Jul 12 05:49:39 UTC 2019
6 ms. Memory: 45056K Free: 25584K (57%)
ptolemy.util.test.WatchDog.cancel(): canceling Fri Jul 12 05:49:40 UTC 2019
auto.tcl: Setting watchdog for 200 seconds at Fri Jul 12 05:49:40 UTC 2019
7 ms. Memory: 45056K Free: 24339K (54%)
ptolemy.util.test.WatchDog.cancel(): canceling Fri Jul 12 05:49:40 UTC 2019
------------------ testing $PTII/ptolemy/domains/de/test/auto/DateDemo.xml
auto.tcl: Setting watchdog for 200 seconds at Fri Jul 12 05:49:40 UTC 2019
27 ms. Memory: 45056K Free: 20236K (45%)
ptolemy.util.test.WatchDog.cancel(): canceling Fri Jul 12 05:49:40 UTC 2019
auto.tcl: Setting watchdog for 200 seconds at Fri Jul 12 05:49:40 UTC 2019
16 ms. Memory: 45056K Free: 18437K (41%)
ptolemy.util.test.WatchDog.cancel(): canceling Fri Jul 12 05:49:40 UTC 2019
------------------ testing $PTII/ptolemy/domains/de/test/auto/DateToEvent.xml
auto.tcl: Setting watchdog for 200 seconds at Fri Jul 12 05:49:40 UTC 2019
2021 ms. Memory: 45056K Free: 31049K (69%)
ptolemy.util.test.WatchDog.cancel(): canceling Fri Jul 12 05:49:42 UTC 2019
auto.tcl: Setting watchdog for 200 seconds at Fri Jul 12 05:49:42 UTC 2019
2005 ms. Memory: 45056K Free: 30129K (67%)
ptolemy.util.test.WatchDog.cancel(): canceling Fri Jul 12 05:49:44 UTC 2019
------------------ testing $PTII/ptolemy/domains/de/test/auto/DepthTest1.xml
auto.tcl: Setting watchdog for 200 seconds at Fri Jul 12 05:49:44 UTC 2019
3 ms. Memory: 45056K Free: 28940K (64%)
ptolemy.util.test.WatchDog.cancel(): canceling Fri Jul 12 05:49:44 UTC 2019
auto.tcl: Setting watchdog for 200 seconds at Fri Jul 12 05:49:44 UTC 2019
1 ms. Memory: 45056K Free: 28514K (63%)
ptolemy.util.test.WatchDog.cancel(): canceling Fri Jul 12 05:49:44 UTC 2019
------------------ testing $PTII/ptolemy/domains/de/test/auto/DepthTest2.xml
auto.tcl: Setting watchdog for 200 seconds at Fri Jul 12 05:49:44 UTC 2019
4 ms. Memory: 45056K Free: 25794K (57%)
ptolemy.util.test.WatchDog.cancel(): canceling Fri Jul 12 05:49:44 UTC 2019
auto.tcl: Setting watchdog for 200 seconds at Fri Jul 12 05:49:44 UTC 2019
3 ms. Memory: 45056K Free: 24829K (55%)
ptolemy.util.test.WatchDog.cancel(): canceling Fri Jul 12 05:49:44 UTC 2019
------------------ testing $PTII/ptolemy/domains/de/test/auto/DepthTest3.xml
auto.tcl: Setting watchdog for 200 seconds at Fri Jul 12 05:49:44 UTC 2019
2 ms. Memory: 45056K Free: 29227K (65%)
ptolemy.util.test.WatchDog.cancel(): canceling Fri Jul 12 05:49:44 UTC 2019
auto.tcl: Setting watchdog for 200 seconds at Fri Jul 12 05:49:44 UTC 2019
2 ms. Memory: 45056K Free: 28488K (63%)
ptolemy.util.test.WatchDog.cancel(): canceling Fri Jul 12 05:49:44 UTC 2019
------------------ testing $PTII/ptolemy/domains/de/test/auto/DepthTest4.xml
auto.tcl: Setting watchdog for 200 seconds at Fri Jul 12 05:49:44 UTC 2019
3 ms. Memory: 45056K Free: 27428K (61%)
ptolemy.util.test.WatchDog.cancel(): canceling Fri Jul 12 05:49:44 UTC 2019
auto.tcl: Setting watchdog for 200 seconds at Fri Jul 12 05:49:44 UTC 2019
3 ms. Memory: 45056K Free: 26539K (59%)
ptolemy.util.test.WatchDog.cancel(): canceling Fri Jul 12 05:49:44 UTC 2019
------------------ testing $PTII/ptolemy/domains/de/test/auto/DepthTest5.xml
auto.tcl: Setting watchdog for 200 seconds at Fri Jul 12 05:49:44 UTC 2019
4 ms. Memory: 45056K Free: 26665K (59%)
ptolemy.util.test.WatchDog.cancel(): canceling Fri Jul 12 05:49:44 UTC 2019
auto.tcl: Setting watchdog for 200 seconds at Fri Jul 12 05:49:44 UTC 2019
2 ms. Memory: 45056K Free: 26118K (58%)
ptolemy.util.test.WatchDog.cancel(): canceling Fri Jul 12 05:49:44 UTC 2019
------------------ testing $PTII/ptolemy/domains/de/test/auto/DepthTest6.xml
auto.tcl: Setting watchdog for 200 seconds at Fri Jul 12 05:49:44 UTC 2019
4 ms. Memory: 45056K Free: 26643K (59%)
ptolemy.util.test.WatchDog.cancel(): canceling Fri Jul 12 05:49:44 UTC 2019
auto.tcl: Setting watchdog for 200 seconds at Fri Jul 12 05:49:44 UTC 2019
3 ms. Memory: 45056K Free: 26096K (58%)
ptolemy.util.test.WatchDog.cancel(): canceling Fri Jul 12 05:49:44 UTC 2019
------------------ testing $PTII/ptolemy/domains/de/test/auto/DepthTest7.xml
auto.tcl: Setting watchdog for 200 seconds at Fri Jul 12 05:49:44 UTC 2019
4 ms. Memory: 45056K Free: 27117K (60%)
ptolemy.util.test.WatchDog.cancel(): canceling Fri Jul 12 05:49:44 UTC 2019
auto.tcl: Setting watchdog for 200 seconds at Fri Jul 12 05:49:44 UTC 2019
2 ms. Memory: 45056K Free: 26455K (59%)
ptolemy.util.test.WatchDog.cancel(): canceling Fri Jul 12 05:49:44 UTC 2019
------------------ testing $PTII/ptolemy/domains/de/test/auto/EventToDate.xml
auto.tcl: Setting watchdog for 200 seconds at Fri Jul 12 05:49:44 UTC 2019
3006 ms. Memory: 45056K Free: 18389K (41%)
ptolemy.util.test.WatchDog.cancel(): canceling Fri Jul 12 05:49:47 UTC 2019
auto.tcl: Setting watchdog for 200 seconds at Fri Jul 12 05:49:47 UTC 2019
3004 ms. Memory: 45056K Free: 17608K (39%)
ptolemy.util.test.WatchDog.cancel(): canceling Fri Jul 12 05:49:50 UTC 2019
------------------ testing $PTII/ptolemy/domains/de/test/auto/FSM1.xml
auto.tcl: Setting watchdog for 200 seconds at Fri Jul 12 05:49:51 UTC 2019
40 ms. Memory: 45056K Free: 19473K (43%)
ptolemy.util.test.WatchDog.cancel(): canceling Fri Jul 12 05:49:51 UTC 2019
auto.tcl: Setting watchdog for 200 seconds at Fri Jul 12 05:49:51 UTC 2019
24 ms. Memory: 45056K Free: 16238K (36%)
ptolemy.util.test.WatchDog.cancel(): canceling Fri Jul 12 05:49:51 UTC 2019
------------------ testing $PTII/ptolemy/domains/de/test/auto/FSM7.xml
auto.tcl: Setting watchdog for 200 seconds at Fri Jul 12 05:49:51 UTC 2019
30 ms. Memory: 45056K Free: 19203K (43%)
ptolemy.util.test.WatchDog.cancel(): canceling Fri Jul 12 05:49:51 UTC 2019
auto.tcl: Setting watchdog for 200 seconds at Fri Jul 12 05:49:51 UTC 2019
28 ms. Memory: 45056K Free: 16113K (36%)
ptolemy.util.test.WatchDog.cancel(): canceling Fri Jul 12 05:49:51 UTC 2019
------------------ testing $PTII/ptolemy/domains/de/test/auto/Inspection.xml
auto.tcl: Setting watchdog for 200 seconds at Fri Jul 12 05:49:51 UTC 2019
28 ms. Memory: 45056K Free: 19289K (43%)
ptolemy.util.test.WatchDog.cancel(): canceling Fri Jul 12 05:49:51 UTC 2019
auto.tcl: Setting watchdog for 200 seconds at Fri Jul 12 05:49:51 UTC 2019
18 ms. Memory: 45056K Free: 17494K (39%)
ptolemy.util.test.WatchDog.cancel(): canceling Fri Jul 12 05:49:51 UTC 2019
------------------ testing $PTII/ptolemy/domains/de/test/auto/Iteration.xml
auto.tcl: Setting watchdog for 200 seconds at Fri Jul 12 05:49:51 UTC 2019
8 ms. Memory: 45056K Free: 25079K (56%)
ptolemy.util.test.WatchDog.cancel(): canceling Fri Jul 12 05:49:51 UTC 2019
auto.tcl: Setting watchdog for 200 seconds at Fri Jul 12 05:49:51 UTC 2019
7 ms. Memory: 45056K Free: 23968K (53%)
ptolemy.util.test.WatchDog.cancel(): canceling Fri Jul 12 05:49:51 UTC 2019
------------------ testing $PTII/ptolemy/domains/de/test/auto/LineFault.xml
auto.tcl: Setting watchdog for 200 seconds at Fri Jul 12 05:49:51 UTC 2019
631 ms. Memory: 54272K Free: 38643K (71%)
ptolemy.util.test.WatchDog.cancel(): canceling Fri Jul 12 05:49:52 UTC 2019
auto.tcl: Setting watchdog for 200 seconds at Fri Jul 12 05:49:52 UTC 2019
607 ms. Memory: 54272K Free: 28910K (53%)
ptolemy.util.test.WatchDog.cancel(): canceling Fri Jul 12 05:49:53 UTC 2019
------------------ testing $PTII/ptolemy/domains/de/test/auto/MergeModel1Add.xml
auto.tcl: Setting watchdog for 200 seconds at Fri Jul 12 05:49:53 UTC 2019
30 ms. Memory: 51200K Free: 17030K (33%)
ptolemy.util.test.WatchDog.cancel(): canceling Fri Jul 12 05:49:53 UTC 2019
auto.tcl: Setting watchdog for 200 seconds at Fri Jul 12 05:49:53 UTC 2019
14 ms. Memory: 51200K Free: 15444K (30%)
ptolemy.util.test.WatchDog.cancel(): canceling Fri Jul 12 05:49:53 UTC 2019
------------------ testing $PTII/ptolemy/domains/de/test/auto/MergeModel2Add.xml
auto.tcl: Setting watchdog for 200 seconds at Fri Jul 12 05:49:53 UTC 2019
17 ms. Memory: 48128K Free: 16048K (33%)
ptolemy.util.test.WatchDog.cancel(): canceling Fri Jul 12 05:49:53 UTC 2019
auto.tcl: Setting watchdog for 200 seconds at Fri Jul 12 05:49:53 UTC 2019
11 ms. Memory: 48128K Free: 14467K (30%)
ptolemy.util.test.WatchDog.cancel(): canceling Fri Jul 12 05:49:53 UTC 2019
------------------ testing $PTII/ptolemy/domains/de/test/auto/MergeModel3Add.xml
auto.tcl: Setting watchdog for 200 seconds at Fri Jul 12 05:49:53 UTC 2019
9 ms. Memory: 48128K Free: 16524K (34%)
ptolemy.util.test.WatchDog.cancel(): canceling Fri Jul 12 05:49:53 UTC 2019
auto.tcl: Setting watchdog for 200 seconds at Fri Jul 12 05:49:53 UTC 2019
12 ms. Memory: 48128K Free: 14714K (31%)
ptolemy.util.test.WatchDog.cancel(): canceling Fri Jul 12 05:49:53 UTC 2019
------------------ testing $PTII/ptolemy/domains/de/test/auto/MergeWithoutDiscard.xml
auto.tcl: Setting watchdog for 200 seconds at Fri Jul 12 05:49:53 UTC 2019
2 ms. Memory: 48128K Free: 30608K (64%)
ptolemy.util.test.WatchDog.cancel(): canceling Fri Jul 12 05:49:53 UTC 2019
auto.tcl: Setting watchdog for 200 seconds at Fri Jul 12 05:49:53 UTC 2019
1 ms. Memory: 48128K Free: 30179K (63%)
ptolemy.util.test.WatchDog.cancel(): canceling Fri Jul 12 05:49:53 UTC 2019
------------------ testing $PTII/ptolemy/domains/de/test/auto/Modal1.xml
auto.tcl: Setting watchdog for 200 seconds at Fri Jul 12 05:49:53 UTC 2019
16 ms. Memory: 48128K Free: 22508K (47%)
ptolemy.util.test.WatchDog.cancel(): canceling Fri Jul 12 05:49:53 UTC 2019
auto.tcl: Setting watchdog for 200 seconds at Fri Jul 12 05:49:53 UTC 2019
23 ms. Memory: 48128K Free: 19106K (40%)
ptolemy.util.test.WatchDog.cancel(): canceling Fri Jul 12 05:49:53 UTC 2019
------------------ testing $PTII/ptolemy/domains/de/test/auto/Modal2.xml
auto.tcl: Setting watchdog for 200 seconds at Fri Jul 12 05:49:53 UTC 2019
18 ms. Memory: 48128K Free: 22610K (47%)
ptolemy.util.test.WatchDog.cancel(): canceling Fri Jul 12 05:49:53 UTC 2019
auto.tcl: Setting watchdog for 200 seconds at Fri Jul 12 05:49:53 UTC 2019
24 ms. Memory: 48128K Free: 19386K (40%)
ptolemy.util.test.WatchDog.cancel(): canceling Fri Jul 12 05:49:53 UTC 2019
------------------ testing $PTII/ptolemy/domains/de/test/auto/Modal3.xml
auto.tcl: Setting watchdog for 200 seconds at Fri Jul 12 05:49:53 UTC 2019
15 ms. Memory: 48128K Free: 22609K (47%)
ptolemy.util.test.WatchDog.cancel(): canceling Fri Jul 12 05:49:53 UTC 2019
auto.tcl: Setting watchdog for 200 seconds at Fri Jul 12 05:49:53 UTC 2019
17 ms. Memory: 48128K Free: 19374K (40%)
ptolemy.util.test.WatchDog.cancel(): canceling Fri Jul 12 05:49:53 UTC 2019
------------------ testing $PTII/ptolemy/domains/de/test/auto/Modal4.xml
auto.tcl: Setting watchdog for 200 seconds at Fri Jul 12 05:49:53 UTC 2019
25 ms. Memory: 48128K Free: 21582K (45%)
ptolemy.util.test.WatchDog.cancel(): canceling Fri Jul 12 05:49:54 UTC 2019
auto.tcl: Setting watchdog for 200 seconds at Fri Jul 12 05:49:54 UTC 2019
18 ms. Memory: 48128K Free: 17999K (37%)
ptolemy.util.test.WatchDog.cancel(): canceling Fri Jul 12 05:49:54 UTC 2019
------------------ testing $PTII/ptolemy/domains/de/test/auto/Modal5.xml
auto.tcl: Setting watchdog for 200 seconds at Fri Jul 12 05:49:54 UTC 2019
15 ms. Memory: 45056K Free: 18490K (41%)
ptolemy.util.test.WatchDog.cancel(): canceling Fri Jul 12 05:49:54 UTC 2019
auto.tcl: Setting watchdog for 200 seconds at Fri Jul 12 05:49:54 UTC 2019
15 ms. Memory: 45056K Free: 14644K (33%)
ptolemy.util.test.WatchDog.cancel(): canceling Fri Jul 12 05:49:54 UTC 2019
------------------ testing $PTII/ptolemy/domains/de/test/auto/Modal6.xml
auto.tcl: Setting watchdog for 200 seconds at Fri Jul 12 05:49:54 UTC 2019
13 ms. Memory: 45056K Free: 19297K (43%)
ptolemy.util.test.WatchDog.cancel(): canceling Fri Jul 12 05:49:54 UTC 2019
auto.tcl: Setting watchdog for 200 seconds at Fri Jul 12 05:49:54 UTC 2019
17 ms. Memory: 45056K Free: 15666K (35%)
ptolemy.util.test.WatchDog.cancel(): canceling Fri Jul 12 05:49:54 UTC 2019
------------------ testing $PTII/ptolemy/domains/de/test/auto/Modal7.xml
auto.tcl: Setting watchdog for 200 seconds at Fri Jul 12 05:49:54 UTC 2019
17 ms. Memory: 45056K Free: 18231K (40%)
ptolemy.util.test.WatchDog.cancel(): canceling Fri Jul 12 05:49:54 UTC 2019
auto.tcl: Setting watchdog for 200 seconds at Fri Jul 12 05:49:54 UTC 2019
12 ms. Memory: 45056K Free: 14642K (32%)
ptolemy.util.test.WatchDog.cancel(): canceling Fri Jul 12 05:49:54 UTC 2019
------------------ testing $PTII/ptolemy/domains/de/test/auto/ModalModel.xml
auto.tcl: Setting watchdog for 200 seconds at Fri Jul 12 05:49:54 UTC 2019
219 ms. Memory: 57344K Free: 23005K (40%)
ptolemy.util.test.WatchDog.cancel(): canceling Fri Jul 12 05:49:54 UTC 2019
auto.tcl: Setting watchdog for 200 seconds at Fri Jul 12 05:49:54 UTC 2019
193 ms. Memory: 57344K Free: 20459K (36%)
ptolemy.util.test.WatchDog.cancel(): canceling Fri Jul 12 05:49:54 UTC 2019
------------------ testing $PTII/ptolemy/domains/de/test/auto/ModalSource.xml
auto.tcl: Setting watchdog for 200 seconds at Fri Jul 12 05:49:54 UTC 2019
7 ms. Memory: 48128K Free: 26388K (55%)
ptolemy.util.test.WatchDog.cancel(): canceling Fri Jul 12 05:49:55 UTC 2019
auto.tcl: Setting watchdog for 200 seconds at Fri Jul 12 05:49:55 UTC 2019
7 ms. Memory: 48128K Free: 24339K (51%)
ptolemy.util.test.WatchDog.cancel(): canceling Fri Jul 12 05:49:55 UTC 2019
------------------ testing $PTII/ptolemy/domains/de/test/auto/NonInterruptibleTimerZeroDelay.xml
auto.tcl: Setting watchdog for 200 seconds at Fri Jul 12 05:49:55 UTC 2019
4 ms. Memory: 45056K Free: 28557K (63%)
ptolemy.util.test.WatchDog.cancel(): canceling Fri Jul 12 05:49:55 UTC 2019
auto.tcl: Setting watchdog for 200 seconds at Fri Jul 12 05:49:55 UTC 2019
3 ms. Memory: 45056K Free: 27645K (61%)
ptolemy.util.test.WatchDog.cancel(): canceling Fri Jul 12 05:49:55 UTC 2019
------------------ testing $PTII/ptolemy/domains/de/test/auto/OpenQueueingNetwork.xml
auto.tcl: Setting watchdog for 200 seconds at Fri Jul 12 05:49:55 UTC 2019
3430 ms. Memory: 113664K Free: 90427K (80%)
ptolemy.util.test.WatchDog.cancel(): canceling Fri Jul 12 05:49:58 UTC 2019
auto.tcl: Setting watchdog for 200 seconds at Fri Jul 12 05:49:58 UTC 2019
3046 ms. Memory: 137216K Free: 67349K (49%)
ptolemy.util.test.WatchDog.cancel(): canceling Fri Jul 12 05:50:01 UTC 2019
------------------ testing $PTII/ptolemy/domains/de/test/auto/OpenQueuingNetwork.xml
auto.tcl: Setting watchdog for 200 seconds at Fri Jul 12 05:50:01 UTC 2019
288 ms. Memory: 55296K Free: 23043K (42%)
ptolemy.util.test.WatchDog.cancel(): canceling Fri Jul 12 05:50:02 UTC 2019
auto.tcl: Setting watchdog for 200 seconds at Fri Jul 12 05:50:02 UTC 2019
299 ms. Memory: 55296K Free: 30448K (55%)
ptolemy.util.test.WatchDog.cancel(): canceling Fri Jul 12 05:50:02 UTC 2019
------------------ testing $PTII/ptolemy/domains/de/test/auto/PeriodicSampler.xml
auto.tcl: Setting watchdog for 200 seconds at Fri Jul 12 05:50:02 UTC 2019
3 ms. Memory: 48128K Free: 30528K (63%)
ptolemy.util.test.WatchDog.cancel(): canceling Fri Jul 12 05:50:02 UTC 2019
auto.tcl: Setting watchdog for 200 seconds at Fri Jul 12 05:50:02 UTC 2019
2 ms. Memory: 48128K Free: 30047K (62%)
ptolemy.util.test.WatchDog.cancel(): canceling Fri Jul 12 05:50:02 UTC 2019
------------------ testing $PTII/ptolemy/domains/de/test/auto/PersistentIO.xml
auto.tcl: Setting watchdog for 200 seconds at Fri Jul 12 05:50:02 UTC 2019
4 ms. Memory: 45056K Free: 22389K (50%)
ptolemy.util.test.WatchDog.cancel(): canceling Fri Jul 12 05:50:02 UTC 2019
auto.tcl: Setting watchdog for 200 seconds at Fri Jul 12 05:50:02 UTC 2019
4 ms. Memory: 45056K Free: 20978K (47%)
ptolemy.util.test.WatchDog.cancel(): canceling Fri Jul 12 05:50:02 UTC 2019
------------------ testing $PTII/ptolemy/domains/de/test/auto/PortParameterResetOnInitialize.xml
auto.tcl: Setting watchdog for 200 seconds at Fri Jul 12 05:50:02 UTC 2019
1 ms. Memory: 45056K Free: 27365K (61%)
ptolemy.util.test.WatchDog.cancel(): canceling Fri Jul 12 05:50:02 UTC 2019
auto.tcl: Setting watchdog for 200 seconds at Fri Jul 12 05:50:02 UTC 2019
2 ms. Memory: 45056K Free: 26869K (60%)
ptolemy.util.test.WatchDog.cancel(): canceling Fri Jul 12 05:50:02 UTC 2019
------------------ testing $PTII/ptolemy/domains/de/test/auto/PortParameterUpdates.xml
auto.tcl: Setting watchdog for 200 seconds at Fri Jul 12 05:50:02 UTC 2019
3 ms. Memory: 45056K Free: 25484K (57%)
ptolemy.util.test.WatchDog.cancel(): canceling Fri Jul 12 05:50:02 UTC 2019
auto.tcl: Setting watchdog for 200 seconds at Fri Jul 12 05:50:02 UTC 2019
3 ms. Memory: 45056K Free: 24105K (54%)
ptolemy.util.test.WatchDog.cancel(): canceling Fri Jul 12 05:50:02 UTC 2019
------------------ testing $PTII/ptolemy/domains/de/test/auto/QueueAndServer.xml
auto.tcl: Setting watchdog for 200 seconds at Fri Jul 12 05:50:02 UTC 2019
20 ms. Memory: 45056K Free: 24660K (55%)
ptolemy.util.test.WatchDog.cancel(): canceling Fri Jul 12 05:50:02 UTC 2019
auto.tcl: Setting watchdog for 200 seconds at Fri Jul 12 05:50:02 UTC 2019
8 ms. Memory: 45056K Free: 23032K (51%)
ptolemy.util.test.WatchDog.cancel(): canceling Fri Jul 12 05:50:02 UTC 2019
------------------ testing $PTII/ptolemy/domains/de/test/auto/Records.xml
auto.tcl: Setting watchdog for 200 seconds at Fri Jul 12 05:50:02 UTC 2019
3 ms. Memory: 45056K Free: 26911K (60%)
ptolemy.util.test.WatchDog.cancel(): canceling Fri Jul 12 05:50:02 UTC 2019
auto.tcl: Setting watchdog for 200 seconds at Fri Jul 12 05:50:02 UTC 2019
2 ms. Memory: 45056K Free: 26481K (59%)
ptolemy.util.test.WatchDog.cancel(): canceling Fri Jul 12 05:50:02 UTC 2019
------------------ testing $PTII/ptolemy/domains/de/test/auto/ResetTransitionWithStartTime1.xml
auto.tcl: Setting watchdog for 200 seconds at Fri Jul 12 05:50:03 UTC 2019
11 ms. Memory: 45056K Free: 23866K (53%)
ptolemy.util.test.WatchDog.cancel(): canceling Fri Jul 12 05:50:03 UTC 2019
auto.tcl: Setting watchdog for 200 seconds at Fri Jul 12 05:50:03 UTC 2019
7 ms. Memory: 45056K Free: 21373K (47%)
ptolemy.util.test.WatchDog.cancel(): canceling Fri Jul 12 05:50:03 UTC 2019
------------------ testing $PTII/ptolemy/domains/de/test/auto/ResetTransitionWithStartTime2.xml
auto.tcl: Setting watchdog for 200 seconds at Fri Jul 12 05:50:03 UTC 2019
5 ms. Memory: 45056K Free: 23821K (53%)
ptolemy.util.test.WatchDog.cancel(): canceling Fri Jul 12 05:50:03 UTC 2019
auto.tcl: Setting watchdog for 200 seconds at Fri Jul 12 05:50:03 UTC 2019
6 ms. Memory: 45056K Free: 21337K (47%)
ptolemy.util.test.WatchDog.cancel(): canceling Fri Jul 12 05:50:03 UTC 2019
------------------ testing $PTII/ptolemy/domains/de/test/auto/ResetTransitionWithStartTime3.xml
auto.tcl: Setting watchdog for 200 seconds at Fri Jul 12 05:50:03 UTC 2019
8 ms. Memory: 45056K Free: 23820K (53%)
ptolemy.util.test.WatchDog.cancel(): canceling Fri Jul 12 05:50:03 UTC 2019
auto.tcl: Setting watchdog for 200 seconds at Fri Jul 12 05:50:03 UTC 2019
7 ms. Memory: 45056K Free: 21319K (47%)
ptolemy.util.test.WatchDog.cancel(): canceling Fri Jul 12 05:50:03 UTC 2019
------------------ testing $PTII/ptolemy/domains/de/test/auto/ResetTransitionWithStartTime4.xml
auto.tcl: Setting watchdog for 200 seconds at Fri Jul 12 05:50:03 UTC 2019
19 ms. Memory: 45056K Free: 24350K (54%)
ptolemy.util.test.WatchDog.cancel(): canceling Fri Jul 12 05:50:03 UTC 2019
auto.tcl: Setting watchdog for 200 seconds at Fri Jul 12 05:50:03 UTC 2019
5 ms. Memory: 45056K Free: 22930K (51%)
ptolemy.util.test.WatchDog.cancel(): canceling Fri Jul 12 05:50:03 UTC 2019
------------------ testing $PTII/ptolemy/domains/de/test/auto/ResettableTimer1.xml
auto.tcl: Setting watchdog for 200 seconds at Fri Jul 12 05:50:03 UTC 2019
3 ms. Memory: 45056K Free: 28355K (63%)
ptolemy.util.test.WatchDog.cancel(): canceling Fri Jul 12 05:50:03 UTC 2019
auto.tcl: Setting watchdog for 200 seconds at Fri Jul 12 05:50:03 UTC 2019
2 ms. Memory: 45056K Free: 27458K (61%)
ptolemy.util.test.WatchDog.cancel(): canceling Fri Jul 12 05:50:03 UTC 2019
------------------ testing $PTII/ptolemy/domains/de/test/auto/ResettableTimer2.xml
auto.tcl: Setting watchdog for 200 seconds at Fri Jul 12 05:50:03 UTC 2019
3 ms. Memory: 45056K Free: 28190K (63%)
ptolemy.util.test.WatchDog.cancel(): canceling Fri Jul 12 05:50:03 UTC 2019
auto.tcl: Setting watchdog for 200 seconds at Fri Jul 12 05:50:03 UTC 2019
2 ms. Memory: 45056K Free: 27501K (61%)
ptolemy.util.test.WatchDog.cancel(): canceling Fri Jul 12 05:50:03 UTC 2019
------------------ testing $PTII/ptolemy/domains/de/test/auto/ResettableTimer3.xml
auto.tcl: Setting watchdog for 200 seconds at Fri Jul 12 05:50:03 UTC 2019
1 ms. Memory: 45056K Free: 28483K (63%)
ptolemy.util.test.WatchDog.cancel(): canceling Fri Jul 12 05:50:03 UTC 2019
auto.tcl: Setting watchdog for 200 seconds at Fri Jul 12 05:50:03 UTC 2019
2 ms. Memory: 45056K Free: 28070K (62%)
ptolemy.util.test.WatchDog.cancel(): canceling Fri Jul 12 05:50:03 UTC 2019
------------------ testing $PTII/ptolemy/domains/de/test/auto/ResettableTimer4.xml
auto.tcl: Setting watchdog for 200 seconds at Fri Jul 12 05:50:03 UTC 2019
2 ms. Memory: 45056K Free: 28006K (62%)
ptolemy.util.test.WatchDog.cancel(): canceling Fri Jul 12 05:50:03 UTC 2019
auto.tcl: Setting watchdog for 200 seconds at Fri Jul 12 05:50:03 UTC 2019
1 ms. Memory: 45056K Free: 27535K (61%)
ptolemy.util.test.WatchDog.cancel(): canceling Fri Jul 12 05:50:03 UTC 2019
------------------ testing $PTII/ptolemy/domains/de/test/auto/ResettableTimer5.xml
auto.tcl: Setting watchdog for 200 seconds at Fri Jul 12 05:50:03 UTC 2019
1 ms. Memory: 45056K Free: 28006K (62%)
ptolemy.util.test.WatchDog.cancel(): canceling Fri Jul 12 05:50:03 UTC 2019
auto.tcl: Setting watchdog for 200 seconds at Fri Jul 12 05:50:03 UTC 2019
1 ms. Memory: 45056K Free: 27518K (61%)
ptolemy.util.test.WatchDog.cancel(): canceling Fri Jul 12 05:50:03 UTC 2019
------------------ testing $PTII/ptolemy/domains/de/test/auto/ResettableTimer6.xml
auto.tcl: Setting watchdog for 200 seconds at Fri Jul 12 05:50:03 UTC 2019
2 ms. Memory: 45056K Free: 27423K (61%)
ptolemy.util.test.WatchDog.cancel(): canceling Fri Jul 12 05:50:03 UTC 2019
auto.tcl: Setting watchdog for 200 seconds at Fri Jul 12 05:50:03 UTC 2019
1 ms. Memory: 45056K Free: 26931K (60%)
ptolemy.util.test.WatchDog.cancel(): canceling Fri Jul 12 05:50:03 UTC 2019
------------------ testing $PTII/ptolemy/domains/de/test/auto/ServerZeroDelay.xml
auto.tcl: Setting watchdog for 200 seconds at Fri Jul 12 05:50:03 UTC 2019
4 ms. Memory: 45056K Free: 27963K (62%)
ptolemy.util.test.WatchDog.cancel(): canceling Fri Jul 12 05:50:03 UTC 2019
auto.tcl: Setting watchdog for 200 seconds at Fri Jul 12 05:50:03 UTC 2019
2 ms. Memory: 45056K Free: 27119K (60%)
ptolemy.util.test.WatchDog.cancel(): canceling Fri Jul 12 05:50:03 UTC 2019
------------------ testing $PTII/ptolemy/domains/de/test/auto/SmartSender.xml
auto.tcl: Setting watchdog for 200 seconds at Fri Jul 12 05:50:03 UTC 2019
3002 ms. Memory: 45056K Free: 27941K (62%)
ptolemy.util.test.WatchDog.cancel(): canceling Fri Jul 12 05:50:06 UTC 2019
auto.tcl: Setting watchdog for 200 seconds at Fri Jul 12 05:50:06 UTC 2019
3001 ms. Memory: 45056K Free: 27526K (61%)
ptolemy.util.test.WatchDog.cancel(): canceling Fri Jul 12 05:50:09 UTC 2019
------------------ testing $PTII/ptolemy/domains/de/test/auto/ThreadedComposite.xml
auto.tcl: Setting watchdog for 200 seconds at Fri Jul 12 05:50:09 UTC 2019
190 ms. Memory: 45056K Free: 9522K (21%)
ptolemy.util.test.WatchDog.cancel(): canceling Fri Jul 12 05:50:10 UTC 2019
auto.tcl: Setting watchdog for 200 seconds at Fri Jul 12 05:50:10 UTC 2019
137 ms. Memory: 45056K Free: 20383K (45%)
ptolemy.util.test.WatchDog.cancel(): canceling Fri Jul 12 05:50:10 UTC 2019
------------------ testing $PTII/ptolemy/domains/de/test/auto/Time.xml
auto.tcl: Setting watchdog for 200 seconds at Fri Jul 12 05:50:10 UTC 2019
541 ms. Memory: 45056K Free: 17574K (39%)
ptolemy.util.test.WatchDog.cancel(): canceling Fri Jul 12 05:50:10 UTC 2019
auto.tcl: Setting watchdog for 200 seconds at Fri Jul 12 05:50:10 UTC 2019
554 ms. Memory: 59392K Free: 20504K (35%)
ptolemy.util.test.WatchDog.cancel(): canceling Fri Jul 12 05:50:11 UTC 2019
------------------ testing $PTII/ptolemy/domains/de/test/auto/TimeDelayZeroDelay.xml
auto.tcl: Setting watchdog for 200 seconds at Fri Jul 12 05:50:11 UTC 2019
2 ms. Memory: 48128K Free: 30942K (64%)
ptolemy.util.test.WatchDog.cancel(): canceling Fri Jul 12 05:50:11 UTC 2019
auto.tcl: Setting watchdog for 200 seconds at Fri Jul 12 05:50:11 UTC 2019
2 ms. Memory: 48128K Free: 30096K (63%)
ptolemy.util.test.WatchDog.cancel(): canceling Fri Jul 12 05:50:11 UTC 2019
------------------ testing $PTII/ptolemy/domains/de/test/auto/TimerZeroDelay.xml
auto.tcl: Setting watchdog for 200 seconds at Fri Jul 12 05:50:11 UTC 2019
3 ms. Memory: 45056K Free: 28417K (63%)
ptolemy.util.test.WatchDog.cancel(): canceling Fri Jul 12 05:50:11 UTC 2019
auto.tcl: Setting watchdog for 200 seconds at Fri Jul 12 05:50:11 UTC 2019
2 ms. Memory: 45056K Free: 27913K (62%)
ptolemy.util.test.WatchDog.cancel(): canceling Fri Jul 12 05:50:11 UTC 2019
------------------ testing $PTII/ptolemy/domains/de/test/auto/TimingParadox.xml
auto.tcl: Setting watchdog for 200 seconds at Fri Jul 12 05:50:11 UTC 2019
434 ms. Memory: 45056K Free: 28046K (62%)
ptolemy.util.test.WatchDog.cancel(): canceling Fri Jul 12 05:50:12 UTC 2019
auto.tcl: Setting watchdog for 200 seconds at Fri Jul 12 05:50:12 UTC 2019
435 ms. Memory: 45056K Free: 11662K (26%)
ptolemy.util.test.WatchDog.cancel(): canceling Fri Jul 12 05:50:12 UTC 2019
------------------ testing $PTII/ptolemy/domains/de/test/auto/TransferInputs.xml
auto.tcl: Setting watchdog for 200 seconds at Fri Jul 12 05:50:12 UTC 2019
2 ms. Memory: 45056K Free: 26436K (59%)
ptolemy.util.test.WatchDog.cancel(): canceling Fri Jul 12 05:50:12 UTC 2019
auto.tcl: Setting watchdog for 200 seconds at Fri Jul 12 05:50:12 UTC 2019
2 ms. Memory: 45056K Free: 25485K (57%)
ptolemy.util.test.WatchDog.cancel(): canceling Fri Jul 12 05:50:12 UTC 2019
------------------ testing $PTII/ptolemy/domains/de/test/auto/TransferOutputs2.xml
auto.tcl: Setting watchdog for 200 seconds at Fri Jul 12 05:50:12 UTC 2019
3 ms. Memory: 45056K Free: 23873K (53%)
ptolemy.util.test.WatchDog.cancel(): canceling Fri Jul 12 05:50:12 UTC 2019
auto.tcl: Setting watchdog for 200 seconds at Fri Jul 12 05:50:12 UTC 2019
3 ms. Memory: 45056K Free: 22406K (50%)
ptolemy.util.test.WatchDog.cancel(): canceling Fri Jul 12 05:50:12 UTC 2019
------------------ testing $PTII/ptolemy/domains/de/test/auto/Trilateration.xml
auto.tcl: Setting watchdog for 200 seconds at Fri Jul 12 05:50:12 UTC 2019
17625 ms. Memory: 551936K Free: 284388K (52%)
ptolemy.util.test.WatchDog.cancel(): canceling Fri Jul 12 05:50:31 UTC 2019
auto.tcl: Setting watchdog for 200 seconds at Fri Jul 12 05:50:31 UTC 2019
16224 ms. Memory: 551936K Free: 503276K (91%)
ptolemy.util.test.WatchDog.cancel(): canceling Fri Jul 12 05:50:47 UTC 2019
------------------ testing $PTII/ptolemy/domains/de/test/auto/TwoSigmaDelta.xml
auto.tcl: Setting watchdog for 200 seconds at Fri Jul 12 05:50:48 UTC 2019
2895 ms. Memory: 86016K Free: 51167K (59%)
ptolemy.util.test.WatchDog.cancel(): canceling Fri Jul 12 05:50:51 UTC 2019
auto.tcl: Setting watchdog for 200 seconds at Fri Jul 12 05:50:51 UTC 2019
2240 ms. Memory: 86016K Free: 35285K (41%)
ptolemy.util.test.WatchDog.cancel(): canceling Fri Jul 12 05:50:53 UTC 2019
------------------ testing $PTII/ptolemy/domains/de/test/auto/VariableDelay.xml
auto.tcl: Setting watchdog for 200 seconds at Fri Jul 12 05:50:53 UTC 2019
3 ms. Memory: 48128K Free: 29931K (62%)
ptolemy.util.test.WatchDog.cancel(): canceling Fri Jul 12 05:50:53 UTC 2019
auto.tcl: Setting watchdog for 200 seconds at Fri Jul 12 05:50:53 UTC 2019
2 ms. Memory: 48128K Free: 29451K (61%)
ptolemy.util.test.WatchDog.cancel(): canceling Fri Jul 12 05:50:53 UTC 2019
------------------ testing $PTII/ptolemy/domains/de/test/auto/VariableDelay2.xml
auto.tcl: Setting watchdog for 200 seconds at Fri Jul 12 05:50:53 UTC 2019
1 ms. Memory: 45056K Free: 27288K (61%)
ptolemy.util.test.WatchDog.cancel(): canceling Fri Jul 12 05:50:53 UTC 2019
auto.tcl: Setting watchdog for 200 seconds at Fri Jul 12 05:50:53 UTC 2019
2 ms. Memory: 45056K Free: 26810K (60%)
ptolemy.util.test.WatchDog.cancel(): canceling Fri Jul 12 05:50:53 UTC 2019
------------------ testing $PTII/ptolemy/domains/de/test/auto/VariableDelayZeroDelay.xml
auto.tcl: Setting watchdog for 200 seconds at Fri Jul 12 05:50:53 UTC 2019
3 ms. Memory: 45056K Free: 27826K (62%)
ptolemy.util.test.WatchDog.cancel(): canceling Fri Jul 12 05:50:53 UTC 2019
auto.tcl: Setting watchdog for 200 seconds at Fri Jul 12 05:50:53 UTC 2019
3 ms. Memory: 45056K Free: 27311K (61%)
ptolemy.util.test.WatchDog.cancel(): canceling Fri Jul 12 05:50:53 UTC 2019
------------------ testing $PTII/ptolemy/domains/de/test/auto/VariableDelayZeroDelay2.xml
auto.tcl: Setting watchdog for 200 seconds at Fri Jul 12 05:50:53 UTC 2019
2 ms. Memory: 45056K Free: 27817K (62%)
ptolemy.util.test.WatchDog.cancel(): canceling Fri Jul 12 05:50:53 UTC 2019
auto.tcl: Setting watchdog for 200 seconds at Fri Jul 12 05:50:53 UTC 2019
2 ms. Memory: 45056K Free: 26866K (60%)
ptolemy.util.test.WatchDog.cancel(): canceling Fri Jul 12 05:50:53 UTC 2019
------------------ testing $PTII/ptolemy/domains/de/test/auto/deInCt.xml
auto.tcl: Setting watchdog for 200 seconds at Fri Jul 12 05:50:53 UTC 2019
0
1
1
1
0
0
0
1
1
1
0
0
0
0
1
1
1
1
1
0
0
0
1
1
1
0
0
0
1
1
1
0
0
0
0
0
0
1
1
1
1
11 ms. Memory: 45056K Free: 26773K (59%)
ptolemy.util.test.WatchDog.cancel(): canceling Fri Jul 12 05:50:53 UTC 2019
auto.tcl: Setting watchdog for 200 seconds at Fri Jul 12 05:50:53 UTC 2019
0
1
1
1
1
1
0
0
0
1
1
1
1
1
0
0
0
0
1
1
1
0
0
0
0
0
0
1
1
1
9 ms. Memory: 45056K Free: 25270K (56%)
ptolemy.util.test.WatchDog.cancel(): canceling Fri Jul 12 05:50:53 UTC 2019
------------------ testing $PTII/ptolemy/domains/de/test/auto/deInCt2.xml
auto.tcl: Setting watchdog for 200 seconds at Fri Jul 12 05:50:53 UTC 2019
0
1
1
1
0
0
1
1
1
0
0
1
1
1
0
0
1
1
1
0
0
1
1
1
0
0
1
1
1
0
0
1
1
1
0
0
1
1
1
0
0
0
9 ms. Memory: 45056K Free: 26801K (59%)
ptolemy.util.test.WatchDog.cancel(): canceling Fri Jul 12 05:50:53 UTC 2019
auto.tcl: Setting watchdog for 200 seconds at Fri Jul 12 05:50:53 UTC 2019
0
1
1
1
0
0
1
1
1
0
0
1
1
1
0
0
1
1
1
0
0
1
1
1
0
0
1
1
1
0
0
1
1
1
0
0
1
1
1
0
0
0
8 ms. Memory: 45056K Free: 25262K (56%)
ptolemy.util.test.WatchDog.cancel(): canceling Fri Jul 12 05:50:53 UTC 2019
------------------ testing $PTII/ptolemy/domains/de/test/auto/dynamicCausalityInterface1.xml
auto.tcl: Setting watchdog for 200 seconds at Fri Jul 12 05:50:53 UTC 2019
2 ms. Memory: 45056K Free: 22676K (50%)
ptolemy.util.test.WatchDog.cancel(): canceling Fri Jul 12 05:50:53 UTC 2019
auto.tcl: Setting watchdog for 200 seconds at Fri Jul 12 05:50:53 UTC 2019
1 ms. Memory: 45056K Free: 21755K (48%)
ptolemy.util.test.WatchDog.cancel(): canceling Fri Jul 12 05:50:53 UTC 2019
------------------ testing $PTII/ptolemy/domains/de/test/auto/fsm_de_test.xml
auto.tcl: Setting watchdog for 200 seconds at Fri Jul 12 05:50:53 UTC 2019
8 ms. Memory: 45056K Free: 22572K (50%)
ptolemy.util.test.WatchDog.cancel(): canceling Fri Jul 12 05:50:53 UTC 2019
auto.tcl: Setting watchdog for 200 seconds at Fri Jul 12 05:50:53 UTC 2019
6 ms. Memory: 45056K Free: 20600K (46%)
ptolemy.util.test.WatchDog.cancel(): canceling Fri Jul 12 05:50:53 UTC 2019
------------------ testing $PTII/ptolemy/domains/de/test/auto/functionDependencyReconstruction.xml
auto.tcl: Setting watchdog for 200 seconds at Fri Jul 12 05:50:53 UTC 2019
2 ms. Memory: 45056K Free: 16449K (37%)
ptolemy.util.test.WatchDog.cancel(): canceling Fri Jul 12 05:50:53 UTC 2019
auto.tcl: Setting watchdog for 200 seconds at Fri Jul 12 05:50:53 UTC 2019
3 ms. Memory: 45056K Free: 14430K (32%)
ptolemy.util.test.WatchDog.cancel(): canceling Fri Jul 12 05:50:53 UTC 2019
------------------ testing $PTII/ptolemy/domains/de/test/auto/multirate.xml
auto.tcl: Setting watchdog for 200 seconds at Fri Jul 12 05:50:54 UTC 2019
3 ms. Memory: 45056K Free: 25254K (56%)
ptolemy.util.test.WatchDog.cancel(): canceling Fri Jul 12 05:50:54 UTC 2019
auto.tcl: Setting watchdog for 200 seconds at Fri Jul 12 05:50:54 UTC 2019
5 ms. Memory: 45056K Free: 23603K (52%)
ptolemy.util.test.WatchDog.cancel(): canceling Fri Jul 12 05:50:54 UTC 2019
------------------ testing $PTII/ptolemy/domains/de/test/auto/multirate2.xml
auto.tcl: Setting watchdog for 200 seconds at Fri Jul 12 05:50:54 UTC 2019
7 ms. Memory: 45056K Free: 25408K (56%)
ptolemy.util.test.WatchDog.cancel(): canceling Fri Jul 12 05:50:54 UTC 2019
auto.tcl: Setting watchdog for 200 seconds at Fri Jul 12 05:50:54 UTC 2019
3 ms. Memory: 45056K Free: 23730K (53%)
ptolemy.util.test.WatchDog.cancel(): canceling Fri Jul 12 05:50:54 UTC 2019
------------------ testing $PTII/ptolemy/domains/de/test/auto/realtime.xml
auto.tcl: Setting watchdog for 200 seconds at Fri Jul 12 05:50:54 UTC 2019
10001 ms. Memory: 45056K Free: 27481K (61%)
ptolemy.util.test.WatchDog.cancel(): canceling Fri Jul 12 05:51:04 UTC 2019
auto.tcl: Setting watchdog for 200 seconds at Fri Jul 12 05:51:04 UTC 2019
10001 ms. Memory: 45056K Free: 26719K (59%)
ptolemy.util.test.WatchDog.cancel(): canceling Fri Jul 12 05:51:14 UTC 2019
------------------ testing $PTII/ptolemy/domains/de/test/auto/relationGroup.xml
auto.tcl: Setting watchdog for 200 seconds at Fri Jul 12 05:51:14 UTC 2019
8 ms. Memory: 45056K Free: 28553K (63%)
ptolemy.util.test.WatchDog.cancel(): canceling Fri Jul 12 05:51:14 UTC 2019
auto.tcl: Setting watchdog for 200 seconds at Fri Jul 12 05:51:14 UTC 2019
2 ms. Memory: 45056K Free: 27799K (62%)
ptolemy.util.test.WatchDog.cancel(): canceling Fri Jul 12 05:51:14 UTC 2019
------------------ testing $PTII/ptolemy/domains/de/test/auto/relationGroup2.xml
auto.tcl: Setting watchdog for 200 seconds at Fri Jul 12 05:51:14 UTC 2019
2 ms. Memory: 45056K Free: 28521K (63%)
ptolemy.util.test.WatchDog.cancel(): canceling Fri Jul 12 05:51:14 UTC 2019
auto.tcl: Setting watchdog for 200 seconds at Fri Jul 12 05:51:14 UTC 2019
1 ms. Memory: 45056K Free: 27825K (62%)
ptolemy.util.test.WatchDog.cancel(): canceling Fri Jul 12 05:51:14 UTC 2019
------------------ testing $PTII/ptolemy/domains/de/test/auto/sortWithOpaquePorts.xml
auto.tcl: Setting watchdog for 200 seconds at Fri Jul 12 05:51:14 UTC 2019
1 ms. Memory: 45056K Free: 27298K (61%)
ptolemy.util.test.WatchDog.cancel(): canceling Fri Jul 12 05:51:14 UTC 2019
auto.tcl: Setting watchdog for 200 seconds at Fri Jul 12 05:51:14 UTC 2019
1 ms. Memory: 45056K Free: 26308K (58%)
ptolemy.util.test.WatchDog.cancel(): canceling Fri Jul 12 05:51:14 UTC 2019
------------------ testing $PTII/ptolemy/domains/de/test/auto/transferInputsandOutputs.xml
auto.tcl: Setting watchdog for 200 seconds at Fri Jul 12 05:51:14 UTC 2019
3 ms. Memory: 45056K Free: 24742K (55%)
ptolemy.util.test.WatchDog.cancel(): canceling Fri Jul 12 05:51:14 UTC 2019
auto.tcl: Setting watchdog for 200 seconds at Fri Jul 12 05:51:14 UTC 2019
1 ms. Memory: 45056K Free: 23807K (53%)
ptolemy.util.test.WatchDog.cancel(): canceling Fri Jul 12 05:51:14 UTC 2019
------------------ testing $PTII/ptolemy/domains/de/test/auto/triggerType.xml
auto.tcl: Setting watchdog for 200 seconds at Fri Jul 12 05:51:14 UTC 2019
1 ms. Memory: 45056K Free: 27775K (62%)
ptolemy.util.test.WatchDog.cancel(): canceling Fri Jul 12 05:51:14 UTC 2019
auto.tcl: Setting watchdog for 200 seconds at Fri Jul 12 05:51:14 UTC 2019
1 ms. Memory: 45056K Free: 26824K (60%)
ptolemy.util.test.WatchDog.cancel(): canceling Fri Jul 12 05:51:14 UTC 2019
07/12/19 05:51:14
Failed: 0  Total Tests: 192  ((Passed: 187, Newly Passed: 1)  Known Failed: 5) /home/travis/build/icyphy/ptII/ptolemy/domains/de/test
07/12/19 05:51:14
Failed: 0  Total Tests: 192  ((Passed: 187, Newly Passed: 1)  Known Failed: 5) /home/travis/build/icyphy/ptII/ptolemy/domains/de/test
----------------- testing (KnownFailure) /home/travis/build/icyphy/ptII/ptolemy/domains/de/test/auto/knownFailedTests/DESDFClockTest.xml
2008 ms. Memory: 45056K Free: 21161K (47%)
Known Failure: java.lang.reflect.InvocationTargetException
----------------- testing (KnownFailure) /home/travis/build/icyphy/ptII/ptolemy/domains/de/test/auto/knownFailedTests/DirectFeedback.xml
1 ms. Memory: 45056K Free: 17579K (39%)
Known Failure: java.lang.reflect.InvocationTargetException
----------------- testing (KnownFailure) /home/travis/build/icyphy/ptII/ptolemy/domains/de/test/auto/knownFailedTests/FSMSource.xml
5 ms. Memory: 45056K Free: 10411K (23%)
----------------- testing (KnownFailure) /home/travis/build/icyphy/ptII/ptolemy/domains/de/test/auto/knownFailedTests/HierarchicalModel.xml
3 ms. Memory: 45056K Free: 19426K (43%)
Known Failure: java.lang.reflect.InvocationTargetException
----------------- testing (KnownFailure) /home/travis/build/icyphy/ptII/ptolemy/domains/de/test/auto/knownFailedTests/dependencyLoop.xml
2 ms. Memory: 45056K Free: 28844K (64%)
Known Failure: java.lang.reflect.InvocationTargetException
----------------- testing (KnownFailure) /home/travis/build/icyphy/ptII/ptolemy/domains/de/test/auto/knownFailedTests/dependencyLoop2.xml
3 ms. Memory: 45056K Free: 14172K (31%)
Known Failure: java.lang.reflect.InvocationTargetException
No auto/linux-amd64/*.xml tests in /home/travis/build/icyphy/ptII/ptolemy/domains/de/test
AutoTests.java: About to close Vertx.
AutoTests.java: Vertx closed.

===========================================================================================
----------------- testing Fri Jul 12 05:51:16 UTC 2019 /home/travis/build/icyphy/ptII/ptolemy/domains/de/test/auto/ActorDepthCalculation_actorWithoutPorts.xml
----------------- Instantiating /home/travis/build/icyphy/ptII/ptolemy/domains/de/test/auto/ActorDepthCalculation_actorWithoutPorts.xml
1 ms. Memory: 45056K Free: 7607K (17%)
----------------- Invoking toplevel() on ptolemy.moml.MoMLSimpleApplication@33ac69bd
----------------- Done invoking toplevel() on ptolemy.moml.MoMLSimpleApplication@33ac69bd
reloadAllAccessors: .ActorDepthCalculation_actorWithoutPorts

===========================================================================================
----------------- testing Fri Jul 12 05:51:16 UTC 2019 /home/travis/build/icyphy/ptII/ptolemy/domains/de/test/auto/AssemblyLine.xml
----------------- Instantiating /home/travis/build/icyphy/ptII/ptolemy/domains/de/test/auto/AssemblyLine.xml
2 ms. Memory: 45056K Free: 25188K (56%)
----------------- Invoking toplevel() on ptolemy.moml.MoMLSimpleApplication@54751625
----------------- Done invoking toplevel() on ptolemy.moml.MoMLSimpleApplication@54751625
reloadAllAccessors: .AssemblyLine

===========================================================================================
----------------- testing Fri Jul 12 05:51:16 UTC 2019 /home/travis/build/icyphy/ptII/ptolemy/domains/de/test/auto/CQBug1.xml
----------------- Instantiating /home/travis/build/icyphy/ptII/ptolemy/domains/de/test/auto/CQBug1.xml
1 ms. Memory: 45056K Free: 22140K (49%)
----------------- Invoking toplevel() on ptolemy.moml.MoMLSimpleApplication@6f39e502
----------------- Done invoking toplevel() on ptolemy.moml.MoMLSimpleApplication@6f39e502
reloadAllAccessors: .CQBug1

===========================================================================================
----------------- testing Fri Jul 12 05:51:16 UTC 2019 /home/travis/build/icyphy/ptII/ptolemy/domains/de/test/auto/CancelFireAt.xml
----------------- Instantiating /home/travis/build/icyphy/ptII/ptolemy/domains/de/test/auto/CancelFireAt.xml
1 ms. Memory: 45056K Free: 19520K (43%)
----------------- Invoking toplevel() on ptolemy.moml.MoMLSimpleApplication@24838f5c
----------------- Done invoking toplevel() on ptolemy.moml.MoMLSimpleApplication@24838f5c
reloadAllAccessors: .CancelFireAt

===========================================================================================
----------------- testing Fri Jul 12 05:51:16 UTC 2019 /home/travis/build/icyphy/ptII/ptolemy/domains/de/test/auto/CausalityAndComposabilityAnalysis.xml
----------------- Instantiating /home/travis/build/icyphy/ptII/ptolemy/domains/de/test/auto/CausalityAndComposabilityAnalysis.xml
10 ms. Memory: 45056K Free: 15234K (34%)
----------------- Invoking toplevel() on ptolemy.moml.MoMLSimpleApplication@5f26ff4d
----------------- Done invoking toplevel() on ptolemy.moml.MoMLSimpleApplication@5f26ff4d
reloadAllAccessors: .CausalityAndComposabilityAnalysis

===========================================================================================
----------------- testing Fri Jul 12 05:51:16 UTC 2019 /home/travis/build/icyphy/ptII/ptolemy/domains/de/test/auto/CausalityInterface1.xml
----------------- Instantiating /home/travis/build/icyphy/ptII/ptolemy/domains/de/test/auto/CausalityInterface1.xml
5 ms. Memory: 45056K Free: 10114K (22%)
----------------- Invoking toplevel() on ptolemy.moml.MoMLSimpleApplication@101ed7d7
----------------- Done invoking toplevel() on ptolemy.moml.MoMLSimpleApplication@101ed7d7
reloadAllAccessors: .CausalityInterface1

===========================================================================================
----------------- testing Fri Jul 12 05:51:16 UTC 2019 /home/travis/build/icyphy/ptII/ptolemy/domains/de/test/auto/CausalityInterface15.xml
----------------- Instantiating /home/travis/build/icyphy/ptII/ptolemy/domains/de/test/auto/CausalityInterface15.xml
1 ms. Memory: 45056K Free: 29351K (65%)
----------------- Invoking toplevel() on ptolemy.moml.MoMLSimpleApplication@13667f28
----------------- Done invoking toplevel() on ptolemy.moml.MoMLSimpleApplication@13667f28
reloadAllAccessors: .CausalityInterface15

===========================================================================================
----------------- testing Fri Jul 12 05:51:16 UTC 2019 /home/travis/build/icyphy/ptII/ptolemy/domains/de/test/auto/CausalityInterface2.xml
----------------- Instantiating /home/travis/build/icyphy/ptII/ptolemy/domains/de/test/auto/CausalityInterface2.xml
1 ms. Memory: 45056K Free: 24801K (55%)
[...]
	at ptolemy.actor.Manager.run(Manager.java:1263)
	at ptolemy.actor.Manager$PtolemyRunThread.run(Manager.java:1915)
java.lang.RuntimeException: Execution failed
	at ptolemy.moml.MoMLSimpleApplication$UnloadThread.run(MoMLSimpleApplication.java:402)
Caused by: ptolemy.kernel.util.IllegalActionException: Actor is not ready to fire.  Perhaps UpSample.prefire() returned false? Try debugging the actor by selecting "Listen to Actor".  Also, for SDF check moml for tokenConsumptionRate on input.
  in .DESDFClockTest.Play Bell.Copy1:SDF Director and .DESDFClockTest.Play Bell.UpSample
	at ptolemy.actor.sched.StaticSchedulingDirector.fire(StaticSchedulingDirector.java:227)
	at ptolemy.domains.sdf.kernel.SDFDirector.fire(SDFDirector.java:500)
	at ptolemy.actor.CompositeActor.fire(CompositeActor.java:455)
	at ptolemy.domains.de.kernel.DEDirector._fire(DEDirector.java:1949)
	at ptolemy.domains.de.kernel.DEDirector.fire(DEDirector.java:502)
	at ptolemy.actor.CompositeActor.fire(CompositeActor.java:455)
	at ptolemy.actor.Manager.iterate(Manager.java:851)
	at ptolemy.actor.Manager.execute(Manager.java:369)
	at ptolemy.actor.Manager.run(Manager.java:1263)
	at ptolemy.actor.Manager$PtolemyRunThread.run(Manager.java:1915)
java.lang.reflect.InvocationTargetException
	at java.base/jdk.internal.reflect.NativeConstructorAccessorImpl.newInstance0(Native Method)
	at java.base/jdk.internal.reflect.NativeConstructorAccessorImpl.newInstance(NativeConstructorAccessorImpl.java:62)
	at java.base/jdk.internal.reflect.DelegatingConstructorAccessorImpl.newInstance(DelegatingConstructorAccessorImpl.java:45)
	at java.base/java.lang.reflect.Constructor.newInstance(Constructor.java:490)
	at ptolemy.util.test.junit.AutoKnownFailedTests.RunModel(AutoKnownFailedTests.java:105)
	at java.base/jdk.internal.reflect.NativeMethodAccessorImpl.invoke0(Native Method)
	at java.base/jdk.internal.reflect.NativeMethodAccessorImpl.invoke(NativeMethodAccessorImpl.java:62)
	at java.base/jdk.internal.reflect.DelegatingMethodAccessorImpl.invoke(DelegatingMethodAccessorImpl.java:43)
	at java.base/java.lang.reflect.Method.invoke(Method.java:566)
	at org.junit.runners.model.FrameworkMethod$1.runReflectiveCall(FrameworkMethod.java:44)
	at org.junit.internal.runners.model.ReflectiveCallable.run(ReflectiveCallable.java:15)
	at org.junit.runners.model.FrameworkMethod.invokeExplosively(FrameworkMethod.java:41)
	at junitparams.internal.InvokeParameterisedMethod.evaluate(InvokeParameterisedMethod.java:102)
	at org.junit.internal.runners.statements.FailOnTimeout$1.run(FailOnTimeout.java:28)
Caused by: ptolemy.kernel.util.IllegalActionException: Actor is not ready to fire.  Perhaps UpSample.prefire() returned false? Try debugging the actor by selecting "Listen to Actor".  Also, for SDF check moml for tokenConsumptionRate on input.
  in .DESDFClockTest.Play Bell.Copy1:SDF Director and .DESDFClockTest.Play Bell.UpSample
	at ptolemy.actor.sched.StaticSchedulingDirector.fire(StaticSchedulingDirector.java:227)
	at ptolemy.domains.sdf.kernel.SDFDirector.fire(SDFDirector.java:500)
	at ptolemy.actor.CompositeActor.fire(CompositeActor.java:455)
	at ptolemy.domains.de.kernel.DEDirector._fire(DEDirector.java:1949)
	at ptolemy.domains.de.kernel.DEDirector.fire(DEDirector.java:502)
	at ptolemy.actor.CompositeActor.fire(CompositeActor.java:455)
	at ptolemy.actor.Manager.iterate(Manager.java:851)
	at ptolemy.actor.Manager.execute(Manager.java:369)
	at ptolemy.actor.Manager.run(Manager.java:1263)
	at ptolemy.actor.Manager$PtolemyRunThread.run(Manager.java:1915)
java.lang.RuntimeException: Execution failed
	at ptolemy.moml.MoMLSimpleApplication$UnloadThread.run(MoMLSimpleApplication.java:402)
Caused by: ptolemy.kernel.util.IllegalActionException: Test fails in iteration 1.
Value was: 1.0. Should have been: 2.0
  in .DirectFeedback.Test
	at ptolemy.actor.lib.Test.fire(Test.java:268)
	at ptolemy.domains.de.kernel.DEDirector._fire(DEDirector.java:1949)
	at ptolemy.domains.de.kernel.DEDirector.fire(DEDirector.java:502)
	at ptolemy.actor.CompositeActor.fire(CompositeActor.java:455)
	at ptolemy.actor.Manager.iterate(Manager.java:851)
	at ptolemy.actor.Manager.execute(Manager.java:369)
	at ptolemy.actor.Manager.run(Manager.java:1263)
	at ptolemy.actor.Manager$PtolemyRunThread.run(Manager.java:1915)
java.lang.reflect.InvocationTargetException
	at java.base/jdk.internal.reflect.NativeConstructorAccessorImpl.newInstance0(Native Method)
	at java.base/jdk.internal.reflect.NativeConstructorAccessorImpl.newInstance(NativeConstructorAccessorImpl.java:62)
	at java.base/jdk.internal.reflect.DelegatingConstructorAccessorImpl.newInstance(DelegatingConstructorAccessorImpl.java:45)
	at java.base/java.lang.reflect.Constructor.newInstance(Constructor.java:490)
	at ptolemy.util.test.junit.AutoKnownFailedTests.RunModel(AutoKnownFailedTests.java:105)
	at java.base/jdk.internal.reflect.NativeMethodAccessorImpl.invoke0(Native Method)
	at java.base/jdk.internal.reflect.NativeMethodAccessorImpl.invoke(NativeMethodAccessorImpl.java:62)
	at java.base/jdk.internal.reflect.DelegatingMethodAccessorImpl.invoke(DelegatingMethodAccessorImpl.java:43)
	at java.base/java.lang.reflect.Method.invoke(Method.java:566)
	at org.junit.runners.model.FrameworkMethod$1.runReflectiveCall(FrameworkMethod.java:44)
	at org.junit.internal.runners.model.ReflectiveCallable.run(ReflectiveCallable.java:15)
	at org.junit.runners.model.FrameworkMethod.invokeExplosively(FrameworkMethod.java:41)
	at junitparams.internal.InvokeParameterisedMethod.evaluate(InvokeParameterisedMethod.java:102)
	at org.junit.internal.runners.statements.FailOnTimeout$1.run(FailOnTimeout.java:28)
Caused by: ptolemy.kernel.util.IllegalActionException: Test fails in iteration 1.
Value was: 1.0. Should have been: 2.0
  in .DirectFeedback.Test
	at ptolemy.actor.lib.Test.fire(Test.java:268)
	at ptolemy.domains.de.kernel.DEDirector._fire(DEDirector.java:1949)
	at ptolemy.domains.de.kernel.DEDirector.fire(DEDirector.java:502)
	at ptolemy.actor.CompositeActor.fire(CompositeActor.java:455)
	at ptolemy.actor.Manager.iterate(Manager.java:851)
	at ptolemy.actor.Manager.execute(Manager.java:369)
	at ptolemy.actor.Manager.run(Manager.java:1263)
	at ptolemy.actor.Manager$PtolemyRunThread.run(Manager.java:1915)
java.lang.RuntimeException: Execution failed
	at ptolemy.moml.MoMLSimpleApplication$UnloadThread.run(MoMLSimpleApplication.java:402)
Caused by: ptolemy.kernel.util.IllegalActionException: Found a zero delay loop containing .HierarchicalModel.A
  in .HierarchicalModel and .HierarchicalModel.A
	at ptolemy.actor.util.CausalityInterfaceForComposites._computeOutputPortDepth(CausalityInterfaceForComposites.java:759)
	at ptolemy.actor.util.CausalityInterfaceForComposites._computeInputDepth(CausalityInterfaceForComposites.java:696)
	at ptolemy.actor.util.CausalityInterfaceForComposites._computeOutputPortDepth(CausalityInterfaceForComposites.java:765)
	at ptolemy.actor.util.CausalityInterfaceForComposites._computeInputDepth(CausalityInterfaceForComposites.java:696)
	at ptolemy.actor.util.CausalityInterfaceForComposites._computeOutputPortDepth(CausalityInterfaceForComposites.java:765)
	at ptolemy.actor.util.CausalityInterfaceForComposites._computeInputDepth(CausalityInterfaceForComposites.java:696)
	at ptolemy.actor.util.CausalityInterfaceForComposites._computeActorDepth(CausalityInterfaceForComposites.java:532)
	at ptolemy.actor.util.CausalityInterfaceForComposites.checkForCycles(CausalityInterfaceForComposites.java:96)
	at ptolemy.domains.de.kernel.DEDirector.preinitialize(DEDirector.java:1338)
	at ptolemy.actor.CompositeActor.preinitialize(CompositeActor.java:1828)
	at ptolemy.actor.Manager.preinitializeAndResolveTypes(Manager.java:1040)
	at ptolemy.actor.Manager.initialize(Manager.java:710)
	at ptolemy.actor.Manager.execute(Manager.java:356)
	at ptolemy.actor.Manager.run(Manager.java:1263)
	at ptolemy.actor.Manager$PtolemyRunThread.run(Manager.java:1915)
java.lang.reflect.InvocationTargetException
	at java.base/jdk.internal.reflect.NativeConstructorAccessorImpl.newInstance0(Native Method)
	at java.base/jdk.internal.reflect.NativeConstructorAccessorImpl.newInstance(NativeConstructorAccessorImpl.java:62)
	at java.base/jdk.internal.reflect.DelegatingConstructorAccessorImpl.newInstance(DelegatingConstructorAccessorImpl.java:45)
	at java.base/java.lang.reflect.Constructor.newInstance(Constructor.java:490)
	at ptolemy.util.test.junit.AutoKnownFailedTests.RunModel(AutoKnownFailedTests.java:105)
	at java.base/jdk.internal.reflect.NativeMethodAccessorImpl.invoke0(Native Method)
	at java.base/jdk.internal.reflect.NativeMethodAccessorImpl.invoke(NativeMethodAccessorImpl.java:62)
	at java.base/jdk.internal.reflect.DelegatingMethodAccessorImpl.invoke(DelegatingMethodAccessorImpl.java:43)
	at java.base/java.lang.reflect.Method.invoke(Method.java:566)
	at org.junit.runners.model.FrameworkMethod$1.runReflectiveCall(FrameworkMethod.java:44)
	at org.junit.internal.runners.model.ReflectiveCallable.run(ReflectiveCallable.java:15)
	at org.junit.runners.model.FrameworkMethod.invokeExplosively(FrameworkMethod.java:41)
	at junitparams.internal.InvokeParameterisedMethod.evaluate(InvokeParameterisedMethod.java:102)
	at org.junit.internal.runners.statements.FailOnTimeout$1.run(FailOnTimeout.java:28)
Caused by: ptolemy.kernel.util.IllegalActionException: Found a zero delay loop containing .HierarchicalModel.A
  in .HierarchicalModel and .HierarchicalModel.A
	at ptolemy.actor.util.CausalityInterfaceForComposites._computeOutputPortDepth(CausalityInterfaceForComposites.java:759)
	at ptolemy.actor.util.CausalityInterfaceForComposites._computeInputDepth(CausalityInterfaceForComposites.java:696)
	at ptolemy.actor.util.CausalityInterfaceForComposites._computeOutputPortDepth(CausalityInterfaceForComposites.java:765)
	at ptolemy.actor.util.CausalityInterfaceForComposites._computeInputDepth(CausalityInterfaceForComposites.java:696)
	at ptolemy.actor.util.CausalityInterfaceForComposites._computeOutputPortDepth(CausalityInterfaceForComposites.java:765)
	at ptolemy.actor.util.CausalityInterfaceForComposites._computeInputDepth(CausalityInterfaceForComposites.java:696)
	at ptolemy.actor.util.CausalityInterfaceForComposites._computeActorDepth(CausalityInterfaceForComposites.java:532)
	at ptolemy.actor.util.CausalityInterfaceForComposites.checkForCycles(CausalityInterfaceForComposites.java:96)
	at ptolemy.domains.de.kernel.DEDirector.preinitialize(DEDirector.java:1338)
	at ptolemy.actor.CompositeActor.preinitialize(CompositeActor.java:1828)
	at ptolemy.actor.Manager.preinitializeAndResolveTypes(Manager.java:1040)
	at ptolemy.actor.Manager.initialize(Manager.java:710)
	at ptolemy.actor.Manager.execute(Manager.java:356)
	at ptolemy.actor.Manager.run(Manager.java:1263)
	at ptolemy.actor.Manager$PtolemyRunThread.run(Manager.java:1915)
java.lang.RuntimeException: Execution failed
	at ptolemy.moml.MoMLSimpleApplication$UnloadThread.run(MoMLSimpleApplication.java:402)
Caused by: ptolemy.kernel.util.IllegalActionException: Found a zero delay loop containing .dependencyLoop.original
  in .dependencyLoop and .dependencyLoop.original
	at ptolemy.actor.util.CausalityInterfaceForComposites._computeOutputPortDepth(CausalityInterfaceForComposites.java:759)
	at ptolemy.actor.util.CausalityInterfaceForComposites._computeInputDepth(CausalityInterfaceForComposites.java:696)
	at ptolemy.actor.util.CausalityInterfaceForComposites._computeOutputPortDepth(CausalityInterfaceForComposites.java:765)
	at ptolemy.actor.util.CausalityInterfaceForComposites._computeInputDepth(CausalityInterfaceForComposites.java:696)
	at ptolemy.actor.util.CausalityInterfaceForComposites._computeOutputPortDepth(CausalityInterfaceForComposites.java:765)
	at ptolemy.actor.util.CausalityInterfaceForComposites._computeInputDepth(CausalityInterfaceForComposites.java:696)
	at ptolemy.actor.util.CausalityInterfaceForComposites._computeActorDepth(CausalityInterfaceForComposites.java:532)
	at ptolemy.actor.util.CausalityInterfaceForComposites.checkForCycles(CausalityInterfaceForComposites.java:96)
	at ptolemy.domains.de.kernel.DEDirector.preinitialize(DEDirector.java:1338)
	at ptolemy.actor.CompositeActor.preinitialize(CompositeActor.java:1828)
	at ptolemy.actor.Manager.preinitializeAndResolveTypes(Manager.java:1040)
	at ptolemy.actor.Manager.initialize(Manager.java:710)
	at ptolemy.actor.Manager.execute(Manager.java:356)
	at ptolemy.actor.Manager.run(Manager.java:1263)
	at ptolemy.actor.Manager$PtolemyRunThread.run(Manager.java:1915)
java.lang.reflect.InvocationTargetException
	at java.base/jdk.internal.reflect.NativeConstructorAccessorImpl.newInstance0(Native Method)
	at java.base/jdk.internal.reflect.NativeConstructorAccessorImpl.newInstance(NativeConstructorAccessorImpl.java:62)
	at java.base/jdk.internal.reflect.DelegatingConstructorAccessorImpl.newInstance(DelegatingConstructorAccessorImpl.java:45)
	at java.base/java.lang.reflect.Constructor.newInstance(Constructor.java:490)
	at ptolemy.util.test.junit.AutoKnownFailedTests.RunModel(AutoKnownFailedTests.java:105)
	at java.base/jdk.internal.reflect.NativeMethodAccessorImpl.invoke0(Native Method)
	at java.base/jdk.internal.reflect.NativeMethodAccessorImpl.invoke(NativeMethodAccessorImpl.java:62)
	at java.base/jdk.internal.reflect.DelegatingMethodAccessorImpl.invoke(DelegatingMethodAccessorImpl.java:43)
	at java.base/java.lang.reflect.Method.invoke(Method.java:566)
	at org.junit.runners.model.FrameworkMethod$1.runReflectiveCall(FrameworkMethod.java:44)
	at org.junit.internal.runners.model.ReflectiveCallable.run(ReflectiveCallable.java:15)
	at org.junit.runners.model.FrameworkMethod.invokeExplosively(FrameworkMethod.java:41)
	at junitparams.internal.InvokeParameterisedMethod.evaluate(InvokeParameterisedMethod.java:102)
	at org.junit.internal.runners.statements.FailOnTimeout$1.run(FailOnTimeout.java:28)
Caused by: ptolemy.kernel.util.IllegalActionException: Found a zero delay loop containing .dependencyLoop.original
  in .dependencyLoop and .dependencyLoop.original
	at ptolemy.actor.util.CausalityInterfaceForComposites._computeOutputPortDepth(CausalityInterfaceForComposites.java:759)
	at ptolemy.actor.util.CausalityInterfaceForComposites._computeInputDepth(CausalityInterfaceForComposites.java:696)
	at ptolemy.actor.util.CausalityInterfaceForComposites._computeOutputPortDepth(CausalityInterfaceForComposites.java:765)
	at ptolemy.actor.util.CausalityInterfaceForComposites._computeInputDepth(CausalityInterfaceForComposites.java:696)
	at ptolemy.actor.util.CausalityInterfaceForComposites._computeOutputPortDepth(CausalityInterfaceForComposites.java:765)
	at ptolemy.actor.util.CausalityInterfaceForComposites._computeInputDepth(CausalityInterfaceForComposites.java:696)
	at ptolemy.actor.util.CausalityInterfaceForComposites._computeActorDepth(CausalityInterfaceForComposites.java:532)
	at ptolemy.actor.util.CausalityInterfaceForComposites.checkForCycles(CausalityInterfaceForComposites.java:96)
	at ptolemy.domains.de.kernel.DEDirector.preinitialize(DEDirector.java:1338)
	at ptolemy.actor.CompositeActor.preinitialize(CompositeActor.java:1828)
	at ptolemy.actor.Manager.preinitializeAndResolveTypes(Manager.java:1040)
	at ptolemy.actor.Manager.initialize(Manager.java:710)
	at ptolemy.actor.Manager.execute(Manager.java:356)
	at ptolemy.actor.Manager.run(Manager.java:1263)
	at ptolemy.actor.Manager$PtolemyRunThread.run(Manager.java:1915)
java.lang.RuntimeException: Execution failed
	at ptolemy.moml.MoMLSimpleApplication$UnloadThread.run(MoMLSimpleApplication.java:402)
Caused by: ptolemy.kernel.util.IllegalActionException: Found a zero delay loop containing .dependencyLoop2.original
  in .dependencyLoop2 and .dependencyLoop2.original
	at ptolemy.actor.util.CausalityInterfaceForComposites._computeOutputPortDepth(CausalityInterfaceForComposites.java:759)
	at ptolemy.actor.util.CausalityInterfaceForComposites._computeInputDepth(CausalityInterfaceForComposites.java:696)
	at ptolemy.actor.util.CausalityInterfaceForComposites._computeOutputPortDepth(CausalityInterfaceForComposites.java:765)
	at ptolemy.actor.util.CausalityInterfaceForComposites._computeInputDepth(CausalityInterfaceForComposites.java:696)
	at ptolemy.actor.util.CausalityInterfaceForComposites._computeOutputPortDepth(CausalityInterfaceForComposites.java:765)
	at ptolemy.actor.util.CausalityInterfaceForComposites._computeInputDepth(CausalityInterfaceForComposites.java:696)
	at ptolemy.actor.util.CausalityInterfaceForComposites._computeActorDepth(CausalityInterfaceForComposites.java:532)
	at ptolemy.actor.util.CausalityInterfaceForComposites.checkForCycles(CausalityInterfaceForComposites.java:96)
	at ptolemy.domains.de.kernel.DEDirector.preinitialize(DEDirector.java:1338)
	at ptolemy.actor.CompositeActor.preinitialize(CompositeActor.java:1828)
	at ptolemy.actor.Manager.preinitializeAndResolveTypes(Manager.java:1040)
	at ptolemy.actor.Manager.initialize(Manager.java:710)
	at ptolemy.actor.Manager.execute(Manager.java:356)
	at ptolemy.actor.Manager.run(Manager.java:1263)
	at ptolemy.actor.Manager$PtolemyRunThread.run(Manager.java:1915)
java.lang.reflect.InvocationTargetException
	at java.base/jdk.internal.reflect.NativeConstructorAccessorImpl.newInstance0(Native Method)
	at java.base/jdk.internal.reflect.NativeConstructorAccessorImpl.newInstance(NativeConstructorAccessorImpl.java:62)
	at java.base/jdk.internal.reflect.DelegatingConstructorAccessorImpl.newInstance(DelegatingConstructorAccessorImpl.java:45)
	at java.base/java.lang.reflect.Constructor.newInstance(Constructor.java:490)
	at ptolemy.util.test.junit.AutoKnownFailedTests.RunModel(AutoKnownFailedTests.java:105)
	at java.base/jdk.internal.reflect.NativeMethodAccessorImpl.invoke0(Native Method)
	at java.base/jdk.internal.reflect.NativeMethodAccessorImpl.invoke(NativeMethodAccessorImpl.java:62)
	at java.base/jdk.internal.reflect.DelegatingMethodAccessorImpl.invoke(DelegatingMethodAccessorImpl.java:43)
	at java.base/java.lang.reflect.Method.invoke(Method.java:566)
	at org.junit.runners.model.FrameworkMethod$1.runReflectiveCall(FrameworkMethod.java:44)
	at org.junit.internal.runners.model.ReflectiveCallable.run(ReflectiveCallable.java:15)
	at org.junit.runners.model.FrameworkMethod.invokeExplosively(FrameworkMethod.java:41)
	at junitparams.internal.InvokeParameterisedMethod.evaluate(InvokeParameterisedMethod.java:102)
	at org.junit.internal.runners.statements.FailOnTimeout$1.run(FailOnTimeout.java:28)
Caused by: ptolemy.kernel.util.IllegalActionException: Found a zero delay loop containing .dependencyLoop2.original
  in .dependencyLoop2 and .dependencyLoop2.original
	at ptolemy.actor.util.CausalityInterfaceForComposites._computeOutputPortDepth(CausalityInterfaceForComposites.java:759)
	at ptolemy.actor.util.CausalityInterfaceForComposites._computeInputDepth(CausalityInterfaceForComposites.java:696)
	at ptolemy.actor.util.CausalityInterfaceForComposites._computeOutputPortDepth(CausalityInterfaceForComposites.java:765)
	at ptolemy.actor.util.CausalityInterfaceForComposites._computeInputDepth(CausalityInterfaceForComposites.java:696)
	at ptolemy.actor.util.CausalityInterfaceForComposites._computeOutputPortDepth(CausalityInterfaceForComposites.java:765)
	at ptolemy.actor.util.CausalityInterfaceForComposites._computeInputDepth(CausalityInterfaceForComposites.java:696)
	at ptolemy.actor.util.CausalityInterfaceForComposites._computeActorDepth(CausalityInterfaceForComposites.java:532)
	at ptolemy.actor.util.CausalityInterfaceForComposites.checkForCycles(CausalityInterfaceForComposites.java:96)
	at ptolemy.domains.de.kernel.DEDirector.preinitialize(DEDirector.java:1338)
	at ptolemy.actor.CompositeActor.preinitialize(CompositeActor.java:1828)
	at ptolemy.actor.Manager.preinitializeAndResolveTypes(Manager.java:1040)
	at ptolemy.actor.Manager.initialize(Manager.java:710)
	at ptolemy.actor.Manager.execute(Manager.java:356)
	at ptolemy.actor.Manager.run(Manager.java:1263)
	at ptolemy.actor.Manager$PtolemyRunThread.run(Manager.java:1915)
]]></system-err>
</testsuite>
