<?xml version="1.0" encoding="UTF-8" ?>
<testsuite errors="0" failures="0" hostname="travis-job-cba444ec-52c1-4369-ac94-2b9526469a19" name="ptolemy.domains.de.test.junit.JUnitTclTest" skipped="0" tests="101" time="129.535" timestamp="2018-12-18T03:05:48">
  <properties>
[...]
</properties>
  <testcase classname="ptolemy.util.test.junit.TclTests" name="[0] /home/travis/build/icyphy/ptII/ptolemy/domains/de/test/DependencyLoop.tcl (RunTclFile)" time="0.681" />
  <testcase classname="ptolemy.util.test.junit.TclTests" name="[1] /home/travis/build/icyphy/ptII/ptolemy/domains/de/test/RunDETestsAsQSS.tcl (RunTclFile)" time="88.859" />
  <testcase classname="ptolemy.util.test.junit.AutoKnownFailedTests" name="[0] /home/travis/build/icyphy/ptII/ptolemy/domains/de/test/auto/knownFailedTests/DESDFClockTest.xml (RunModel)" time="2.04" />
  <testcase classname="ptolemy.util.test.junit.AutoKnownFailedTests" name="[1] /home/travis/build/icyphy/ptII/ptolemy/domains/de/test/auto/knownFailedTests/DirectFeedback.xml (RunModel)" time="0.009" />
  <testcase classname="ptolemy.util.test.junit.AutoKnownFailedTests" name="[2] /home/travis/build/icyphy/ptII/ptolemy/domains/de/test/auto/knownFailedTests/FSMSource.xml (RunModel)" time="0.034" />
  <testcase classname="ptolemy.util.test.junit.AutoKnownFailedTests" name="[3] /home/travis/build/icyphy/ptII/ptolemy/domains/de/test/auto/knownFailedTests/HierarchicalModel.xml (RunModel)" time="0.05" />
  <testcase classname="ptolemy.util.test.junit.AutoKnownFailedTests" name="[4] /home/travis/build/icyphy/ptII/ptolemy/domains/de/test/auto/knownFailedTests/dependencyLoop.xml (RunModel)" time="0.048" />
  <testcase classname="ptolemy.util.test.junit.AutoKnownFailedTests" name="[5] /home/travis/build/icyphy/ptII/ptolemy/domains/de/test/auto/knownFailedTests/dependencyLoop2.xml (RunModel)" time="0.038" />
  <testcase classname="ptolemy.util.test.junit.AutoNameArchTests" name="[0] ThereAreNoAutoArchTests (RunModel)" time="0.001" />
  <testcase classname="ptolemy.util.test.junit.AutoTests" name="[0] /home/travis/build/icyphy/ptII/ptolemy/domains/de/test/auto/ActorDepthCalculation_actorWithoutPorts.xml (RunModel)" time="0.025" />
  <testcase classname="ptolemy.util.test.junit.AutoTests" name="[1] /home/travis/build/icyphy/ptII/ptolemy/domains/de/test/auto/AssemblyLine.xml (RunModel)" time="0.028" />
  <testcase classname="ptolemy.util.test.junit.AutoTests" name="[2] /home/travis/build/icyphy/ptII/ptolemy/domains/de/test/auto/CQBug1.xml (RunModel)" time="0.011" />
  <testcase classname="ptolemy.util.test.junit.AutoTests" name="[3] /home/travis/build/icyphy/ptII/ptolemy/domains/de/test/auto/CancelFireAt.xml (RunModel)" time="0.008" />
  <testcase classname="ptolemy.util.test.junit.AutoTests" name="[4] /home/travis/build/icyphy/ptII/ptolemy/domains/de/test/auto/CausalityAndComposabilityAnalysis.xml (RunModel)" time="0.01" />
  <testcase classname="ptolemy.util.test.junit.AutoTests" name="[5] /home/travis/build/icyphy/ptII/ptolemy/domains/de/test/auto/CausalityInterface1.xml (RunModel)" time="0.012" />
  <testcase classname="ptolemy.util.test.junit.AutoTests" name="[6] /home/travis/build/icyphy/ptII/ptolemy/domains/de/test/auto/CausalityInterface15.xml (RunModel)" time="0.013" />
  <testcase classname="ptolemy.util.test.junit.AutoTests" name="[7] /home/travis/build/icyphy/ptII/ptolemy/domains/de/test/auto/CausalityInterface2.xml (RunModel)" time="0.013" />
  <testcase classname="ptolemy.util.test.junit.AutoTests" name="[8] /home/travis/build/icyphy/ptII/ptolemy/domains/de/test/auto/CausalityInterface3.xml (RunModel)" time="0.012" />
  <testcase classname="ptolemy.util.test.junit.AutoTests" name="[9] /home/travis/build/icyphy/ptII/ptolemy/domains/de/test/auto/ClockDrift.xml (RunModel)" time="0.032" />
  <testcase classname="ptolemy.util.test.junit.AutoTests" name="[10] /home/travis/build/icyphy/ptII/ptolemy/domains/de/test/auto/ClockDriftAndValueChange.xml (RunModel)" time="0.027" />
  <testcase classname="ptolemy.util.test.junit.AutoTests" name="[11] /home/travis/build/icyphy/ptII/ptolemy/domains/de/test/auto/ClockDriftChange.xml (RunModel)" time="0.03" />
  <testcase classname="ptolemy.util.test.junit.AutoTests" name="[12] /home/travis/build/icyphy/ptII/ptolemy/domains/de/test/auto/ComposableCausalityAnalysis.xml (RunModel)" time="0.016" />
  <testcase classname="ptolemy.util.test.junit.AutoTests" name="[13] /home/travis/build/icyphy/ptII/ptolemy/domains/de/test/auto/DEFixedPointLimitation.xml (RunModel)" time="0.009" />
  <testcase classname="ptolemy.util.test.junit.AutoTests" name="[14] /home/travis/build/icyphy/ptII/ptolemy/domains/de/test/auto/DEScheduleTest.xml (RunModel)" time="0.011" />
  <testcase classname="ptolemy.util.test.junit.AutoTests" name="[15] /home/travis/build/icyphy/ptII/ptolemy/domains/de/test/auto/DEinDEwithStartTimes.xml (RunModel)" time="0.013" />
  <testcase classname="ptolemy.util.test.junit.AutoTests" name="[16] /home/travis/build/icyphy/ptII/ptolemy/domains/de/test/auto/DEinDEwithStartTimes2.xml (RunModel)" time="0.013" />
  <testcase classname="ptolemy.util.test.junit.AutoTests" name="[17] /home/travis/build/icyphy/ptII/ptolemy/domains/de/test/auto/DateDemo.xml (RunModel)" time="0.028" />
  <testcase classname="ptolemy.util.test.junit.AutoTests" name="[18] /home/travis/build/icyphy/ptII/ptolemy/domains/de/test/auto/DateToEvent.xml (RunModel)" time="2.04" />
  <testcase classname="ptolemy.util.test.junit.AutoTests" name="[19] /home/travis/build/icyphy/ptII/ptolemy/domains/de/test/auto/DepthTest1.xml (RunModel)" time="0.007" />
  <testcase classname="ptolemy.util.test.junit.AutoTests" name="[20] /home/travis/build/icyphy/ptII/ptolemy/domains/de/test/auto/DepthTest2.xml (RunModel)" time="0.016" />
  <testcase classname="ptolemy.util.test.junit.AutoTests" name="[21] /home/travis/build/icyphy/ptII/ptolemy/domains/de/test/auto/DepthTest3.xml (RunModel)" time="0.006" />
  <testcase classname="ptolemy.util.test.junit.AutoTests" name="[22] /home/travis/build/icyphy/ptII/ptolemy/domains/de/test/auto/DepthTest4.xml (RunModel)" time="0.012" />
  <testcase classname="ptolemy.util.test.junit.AutoTests" name="[23] /home/travis/build/icyphy/ptII/ptolemy/domains/de/test/auto/DepthTest5.xml (RunModel)" time="0.018" />
  <testcase classname="ptolemy.util.test.junit.AutoTests" name="[24] /home/travis/build/icyphy/ptII/ptolemy/domains/de/test/auto/DepthTest6.xml (RunModel)" time="0.013" />
  <testcase classname="ptolemy.util.test.junit.AutoTests" name="[25] /home/travis/build/icyphy/ptII/ptolemy/domains/de/test/auto/DepthTest7.xml (RunModel)" time="0.028" />
  <testcase classname="ptolemy.util.test.junit.AutoTests" name="[26] /home/travis/build/icyphy/ptII/ptolemy/domains/de/test/auto/EventToDate.xml (RunModel)" time="3.044" />
  <testcase classname="ptolemy.util.test.junit.AutoTests" name="[27] /home/travis/build/icyphy/ptII/ptolemy/domains/de/test/auto/FSM1.xml (RunModel)" time="0.028" />
  <testcase classname="ptolemy.util.test.junit.AutoTests" name="[28] /home/travis/build/icyphy/ptII/ptolemy/domains/de/test/auto/FSM7.xml (RunModel)" time="0.028" />
  <testcase classname="ptolemy.util.test.junit.AutoTests" name="[29] /home/travis/build/icyphy/ptII/ptolemy/domains/de/test/auto/Inspection.xml (RunModel)" time="0.035" />
  <testcase classname="ptolemy.util.test.junit.AutoTests" name="[30] /home/travis/build/icyphy/ptII/ptolemy/domains/de/test/auto/Iteration.xml (RunModel)" time="0.018" />
  <testcase classname="ptolemy.util.test.junit.AutoTests" name="[31] /home/travis/build/icyphy/ptII/ptolemy/domains/de/test/auto/LineFault.xml (RunModel)" time="0.53" />
  <testcase classname="ptolemy.util.test.junit.AutoTests" name="[32] /home/travis/build/icyphy/ptII/ptolemy/domains/de/test/auto/MergeModel1Add.xml (RunModel)" time="0.047" />
  <testcase classname="ptolemy.util.test.junit.AutoTests" name="[33] /home/travis/build/icyphy/ptII/ptolemy/domains/de/test/auto/MergeModel2Add.xml (RunModel)" time="0.036" />
  <testcase classname="ptolemy.util.test.junit.AutoTests" name="[34] /home/travis/build/icyphy/ptII/ptolemy/domains/de/test/auto/MergeModel3Add.xml (RunModel)" time="0.034" />
  <testcase classname="ptolemy.util.test.junit.AutoTests" name="[35] /home/travis/build/icyphy/ptII/ptolemy/domains/de/test/auto/MergeWithoutDiscard.xml (RunModel)" time="0.009" />
  <testcase classname="ptolemy.util.test.junit.AutoTests" name="[36] /home/travis/build/icyphy/ptII/ptolemy/domains/de/test/auto/Modal1.xml (RunModel)" time="0.027" />
  <testcase classname="ptolemy.util.test.junit.AutoTests" name="[37] /home/travis/build/icyphy/ptII/ptolemy/domains/de/test/auto/Modal2.xml (RunModel)" time="0.026" />
  <testcase classname="ptolemy.util.test.junit.AutoTests" name="[38] /home/travis/build/icyphy/ptII/ptolemy/domains/de/test/auto/Modal3.xml (RunModel)" time="0.026" />
  <testcase classname="ptolemy.util.test.junit.AutoTests" name="[39] /home/travis/build/icyphy/ptII/ptolemy/domains/de/test/auto/Modal4.xml (RunModel)" time="0.029" />
  <testcase classname="ptolemy.util.test.junit.AutoTests" name="[40] /home/travis/build/icyphy/ptII/ptolemy/domains/de/test/auto/Modal5.xml (RunModel)" time="0.028" />
  <testcase classname="ptolemy.util.test.junit.AutoTests" name="[41] /home/travis/build/icyphy/ptII/ptolemy/domains/de/test/auto/Modal6.xml (RunModel)" time="0.028" />
  <testcase classname="ptolemy.util.test.junit.AutoTests" name="[42] /home/travis/build/icyphy/ptII/ptolemy/domains/de/test/auto/Modal7.xml (RunModel)" time="0.03" />
  <testcase classname="ptolemy.util.test.junit.AutoTests" name="[43] /home/travis/build/icyphy/ptII/ptolemy/domains/de/test/auto/ModalModel.xml (RunModel)" time="0.155" />
  <testcase classname="ptolemy.util.test.junit.AutoTests" name="[44] /home/travis/build/icyphy/ptII/ptolemy/domains/de/test/auto/ModalSource.xml (RunModel)" time="0.016" />
  <testcase classname="ptolemy.util.test.junit.AutoTests" name="[45] /home/travis/build/icyphy/ptII/ptolemy/domains/de/test/auto/NonInterruptibleTimerZeroDelay.xml (RunModel)" time="0.009" />
  <testcase classname="ptolemy.util.test.junit.AutoTests" name="[46] /home/travis/build/icyphy/ptII/ptolemy/domains/de/test/auto/OpenQueueingNetwork.xml (RunModel)" time="2.255" />
  <testcase classname="ptolemy.util.test.junit.AutoTests" name="[47] /home/travis/build/icyphy/ptII/ptolemy/domains/de/test/auto/OpenQueuingNetwork.xml (RunModel)" time="0.261" />
  <testcase classname="ptolemy.util.test.junit.AutoTests" name="[48] /home/travis/build/icyphy/ptII/ptolemy/domains/de/test/auto/PeriodicSampler.xml (RunModel)" time="0.01" />
  <testcase classname="ptolemy.util.test.junit.AutoTests" name="[49] /home/travis/build/icyphy/ptII/ptolemy/domains/de/test/auto/PersistentIO.xml (RunModel)" time="0.022" />
  <testcase classname="ptolemy.util.test.junit.AutoTests" name="[50] /home/travis/build/icyphy/ptII/ptolemy/domains/de/test/auto/PortParameterResetOnInitialize.xml (RunModel)" time="0.009" />
  <testcase classname="ptolemy.util.test.junit.AutoTests" name="[51] /home/travis/build/icyphy/ptII/ptolemy/domains/de/test/auto/PortParameterUpdates.xml (RunModel)" time="0.014" />
  <testcase classname="ptolemy.util.test.junit.AutoTests" name="[52] /home/travis/build/icyphy/ptII/ptolemy/domains/de/test/auto/QueueAndServer.xml (RunModel)" time="0.022" />
  <testcase classname="ptolemy.util.test.junit.AutoTests" name="[53] /home/travis/build/icyphy/ptII/ptolemy/domains/de/test/auto/Records.xml (RunModel)" time="0.019" />
  <testcase classname="ptolemy.util.test.junit.AutoTests" name="[54] /home/travis/build/icyphy/ptII/ptolemy/domains/de/test/auto/ResetTransitionWithStartTime1.xml (RunModel)" time="0.022" />
  <testcase classname="ptolemy.util.test.junit.AutoTests" name="[55] /home/travis/build/icyphy/ptII/ptolemy/domains/de/test/auto/ResetTransitionWithStartTime2.xml (RunModel)" time="0.016" />
  <testcase classname="ptolemy.util.test.junit.AutoTests" name="[56] /home/travis/build/icyphy/ptII/ptolemy/domains/de/test/auto/ResetTransitionWithStartTime3.xml (RunModel)" time="0.021" />
  <testcase classname="ptolemy.util.test.junit.AutoTests" name="[57] /home/travis/build/icyphy/ptII/ptolemy/domains/de/test/auto/ResetTransitionWithStartTime4.xml (RunModel)" time="0.018" />
  <testcase classname="ptolemy.util.test.junit.AutoTests" name="[58] /home/travis/build/icyphy/ptII/ptolemy/domains/de/test/auto/ResettableTimer1.xml (RunModel)" time="0.011" />
  <testcase classname="ptolemy.util.test.junit.AutoTests" name="[59] /home/travis/build/icyphy/ptII/ptolemy/domains/de/test/auto/ResettableTimer2.xml (RunModel)" time="0.01" />
  <testcase classname="ptolemy.util.test.junit.AutoTests" name="[60] /home/travis/build/icyphy/ptII/ptolemy/domains/de/test/auto/ResettableTimer3.xml (RunModel)" time="0.011" />
  <testcase classname="ptolemy.util.test.junit.AutoTests" name="[61] /home/travis/build/icyphy/ptII/ptolemy/domains/de/test/auto/ResettableTimer4.xml (RunModel)" time="0.01" />
  <testcase classname="ptolemy.util.test.junit.AutoTests" name="[62] /home/travis/build/icyphy/ptII/ptolemy/domains/de/test/auto/ResettableTimer5.xml (RunModel)" time="0.009" />
  <testcase classname="ptolemy.util.test.junit.AutoTests" name="[63] /home/travis/build/icyphy/ptII/ptolemy/domains/de/test/auto/ResettableTimer6.xml (RunModel)" time="0.018" />
  <testcase classname="ptolemy.util.test.junit.AutoTests" name="[64] /home/travis/build/icyphy/ptII/ptolemy/domains/de/test/auto/ServerZeroDelay.xml (RunModel)" time="0.015" />
  <testcase classname="ptolemy.util.test.junit.AutoTests" name="[65] /home/travis/build/icyphy/ptII/ptolemy/domains/de/test/auto/SmartSender.xml (RunModel)" time="3.009" />
  <testcase classname="ptolemy.util.test.junit.AutoTests" name="[66] /home/travis/build/icyphy/ptII/ptolemy/domains/de/test/auto/ThreadedComposite.xml (RunModel)" time="0.111" />
  <testcase classname="ptolemy.util.test.junit.AutoTests" name="[67] /home/travis/build/icyphy/ptII/ptolemy/domains/de/test/auto/Time.xml (RunModel)" time="0.421" />
  <testcase classname="ptolemy.util.test.junit.AutoTests" name="[68] /home/travis/build/icyphy/ptII/ptolemy/domains/de/test/auto/TimeDelayZeroDelay.xml (RunModel)" time="0.01" />
  <testcase classname="ptolemy.util.test.junit.AutoTests" name="[69] /home/travis/build/icyphy/ptII/ptolemy/domains/de/test/auto/TimerZeroDelay.xml (RunModel)" time="0.009" />
  <testcase classname="ptolemy.util.test.junit.AutoTests" name="[70] /home/travis/build/icyphy/ptII/ptolemy/domains/de/test/auto/TimingParadox.xml (RunModel)" time="0.338" />
  <testcase classname="ptolemy.util.test.junit.AutoTests" name="[71] /home/travis/build/icyphy/ptII/ptolemy/domains/de/test/auto/TransferInputs.xml (RunModel)" time="0.008" />
  <testcase classname="ptolemy.util.test.junit.AutoTests" name="[72] /home/travis/build/icyphy/ptII/ptolemy/domains/de/test/auto/TransferOutputs2.xml (RunModel)" time="0.015" />
  <testcase classname="ptolemy.util.test.junit.AutoTests" name="[73] /home/travis/build/icyphy/ptII/ptolemy/domains/de/test/auto/Trilateration.xml (RunModel)" time="11.807" />
  <testcase classname="ptolemy.util.test.junit.AutoTests" name="[74] /home/travis/build/icyphy/ptII/ptolemy/domains/de/test/auto/TwoSigmaDelta.xml (RunModel)" time="2.139" />
  <testcase classname="ptolemy.util.test.junit.AutoTests" name="[75] /home/travis/build/icyphy/ptII/ptolemy/domains/de/test/auto/VariableDelay.xml (RunModel)" time="0.014" />
  <testcase classname="ptolemy.util.test.junit.AutoTests" name="[76] /home/travis/build/icyphy/ptII/ptolemy/domains/de/test/auto/VariableDelay2.xml (RunModel)" time="0.015" />
  <testcase classname="ptolemy.util.test.junit.AutoTests" name="[77] /home/travis/build/icyphy/ptII/ptolemy/domains/de/test/auto/VariableDelayZeroDelay.xml (RunModel)" time="0.012" />
  <testcase classname="ptolemy.util.test.junit.AutoTests" name="[78] /home/travis/build/icyphy/ptII/ptolemy/domains/de/test/auto/VariableDelayZeroDelay2.xml (RunModel)" time="0.009" />
  <testcase classname="ptolemy.util.test.junit.AutoTests" name="[79] /home/travis/build/icyphy/ptII/ptolemy/domains/de/test/auto/deInCt.xml (RunModel)" time="0.018" />
  <testcase classname="ptolemy.util.test.junit.AutoTests" name="[80] /home/travis/build/icyphy/ptII/ptolemy/domains/de/test/auto/deInCt2.xml (RunModel)" time="0.017" />
  <testcase classname="ptolemy.util.test.junit.AutoTests" name="[81] /home/travis/build/icyphy/ptII/ptolemy/domains/de/test/auto/dynamicCausalityInterface1.xml (RunModel)" time="0.018" />
  <testcase classname="ptolemy.util.test.junit.AutoTests" name="[82] /home/travis/build/icyphy/ptII/ptolemy/domains/de/test/auto/fsm_de_test.xml (RunModel)" time="0.022" />
  <testcase classname="ptolemy.util.test.junit.AutoTests" name="[83] /home/travis/build/icyphy/ptII/ptolemy/domains/de/test/auto/functionDependencyReconstruction.xml (RunModel)" time="0.031" />
  <testcase classname="ptolemy.util.test.junit.AutoTests" name="[84] /home/travis/build/icyphy/ptII/ptolemy/domains/de/test/auto/multirate.xml (RunModel)" time="0.016" />
  <testcase classname="ptolemy.util.test.junit.AutoTests" name="[85] /home/travis/build/icyphy/ptII/ptolemy/domains/de/test/auto/multirate2.xml (RunModel)" time="0.014" />
  <testcase classname="ptolemy.util.test.junit.AutoTests" name="[86] /home/travis/build/icyphy/ptII/ptolemy/domains/de/test/auto/realtime.xml (RunModel)" time="10.009" />
  <testcase classname="ptolemy.util.test.junit.AutoTests" name="[87] /home/travis/build/icyphy/ptII/ptolemy/domains/de/test/auto/relationGroup.xml (RunModel)" time="0.007" />
  <testcase classname="ptolemy.util.test.junit.AutoTests" name="[88] /home/travis/build/icyphy/ptII/ptolemy/domains/de/test/auto/relationGroup2.xml (RunModel)" time="0.007" />
  <testcase classname="ptolemy.util.test.junit.AutoTests" name="[89] /home/travis/build/icyphy/ptII/ptolemy/domains/de/test/auto/sortWithOpaquePorts.xml (RunModel)" time="0.008" />
  <testcase classname="ptolemy.util.test.junit.AutoTests" name="[90] /home/travis/build/icyphy/ptII/ptolemy/domains/de/test/auto/transferInputsandOutputs.xml (RunModel)" time="0.013" />
  <testcase classname="ptolemy.util.test.junit.AutoTests" name="[91] /home/travis/build/icyphy/ptII/ptolemy/domains/de/test/auto/triggerType.xml (RunModel)" time="0.007" />
  <system-out><![CDATA[/home/travis/build/icyphy/ptII/ptolemy/domains/de/test/DependencyLoop.tcl
testDefs.tcl: setting time out to 9000 seconds at Tue Dec 18 03:05:48 UTC 2018
14 ms. Memory: 116224K Free: 93456K (80%)
6 ms. Memory: 146944K Free: 135533K (92%)
/home/travis/build/icyphy/ptII/ptolemy/domains/de/test/RunDETestsAsQSS.tcl
Run the DE tests using ptolemy.domains.qss.test.QSSDirectorTest, which extends QSSDirector and prints a message in the constructors.
------------------ testing $PTII/ptolemy/domains/de/test/auto/knownFailedTests/dependencyLoop.xml (Known Failure) 
10 ms. Memory: 146944K Free: 132421K (90%)


==== $PTIIhome/travis/build/icyphy/ptII/ptolemy/domains/de/test/../../../../: Auto Automatic test in file $PTII/ptolemy/domains/de/test/auto/knownFailedTests/dependencyLoop.xml
==== Contents of test case:

	    # FIXME: we should use $relativeFilename here, but it
	    # might have backslashes under Windows, which causes no end
	    # of trouble.
	    createAndExecute $file
	    list {}
	
.... Test generated KNOWN error:
    while executing
ptolemy.kernel.util.IllegalActionException: Found a zero delay loop containing .dependencyLoop.original
  in .dependencyLoop and .dependencyLoop.original
	at ptolemy.actor.util.CausalityInterfaceForComposites._computeOutputPortDepth(CausalityInterfaceForComposites.java:759)
	at ptolemy.actor.util.CausalityInterfaceForComposites._computeInputDepth(CausalityInterfaceForComposites.java:696)
	at ptolemy.actor.util.CausalityInterfaceForComposites._computeOutputPortDepth(CausalityInterfaceForComposites.java:765)
	at ptolemy.actor.util.CausalityInterfaceForComposites._computeInputDepth(CausalityInterfaceForComposites.java:696)
	at ptolemy.actor.util.CausalityInterfaceForComposites._computeOutputPortDepth(CausalityInterfaceForComposites.java:765)
	at ptolemy.actor.util.CausalityInterfaceForComposites._computeInputDepth(CausalityInterfaceForComposites.java:696)
	at ptolemy.actor.util.CausalityInterfaceForComposites._computeActorDepth(CausalityInterfaceForComposites.java:532)
	at ptolemy.actor.util.CausalityInterfaceForComposites.checkForCycles(CausalityInterfaceForComposites.java:96)
	at ptolemy.domains.de.kernel.DEDirector.preinitialize(DEDirector.java:1338)
	at ptolemy.actor.CompositeActor.preinitialize(CompositeActor.java:1828)
	at ptolemy.actor.Manager.preinitializeAndResolveTypes(Manager.java:1040)
	at ptolemy.actor.Manager.initialize(Manager.java:710)
	at ptolemy.actor.Manager.execute(Manager.java:356)
	at ptolemy.actor.Manager.run(Manager.java:1263)
	at ptolemy.actor.Manager$PtolemyRunThread.run(Manager.java:1915)

    while executing
ptolemy.kernel.util.IllegalActionException: Found a zero delay loop containing .dependencyLoop.original
  in .dependencyLoop and .dependencyLoop.original
    while executing
"java::new ptolemy.moml.MoMLSimpleApplication $file
"
    (procedure "createAndExecute" line 2)
    invoked from within
"createAndExecute $file"
    ("uplevel" body line 5)
    invoked from within
"uplevel $contents_of_test"
------------------ testing $PTII/ptolemy/domains/de/test/auto/knownFailedTests/DESDFClockTest.xml (Known Failure) 
2079 ms. Memory: 146944K Free: 116657K (79%)


==== $PTIIhome/travis/build/icyphy/ptII/ptolemy/domains/de/test/../../../../: Auto Automatic test in file $PTII/ptolemy/domains/de/test/auto/knownFailedTests/DESDFClockTest.xml
==== Contents of test case:

	    # FIXME: we should use $relativeFilename here, but it
	    # might have backslashes under Windows, which causes no end
	    # of trouble.
	    createAndExecute $file
	    list {}
	
.... Test generated KNOWN error:
    while executing
ptolemy.kernel.util.IllegalActionException: Actor is not ready to fire.  Perhaps UpSample.prefire() returned false? Try debugging the actor by selecting "Listen to Actor".  Also, for SDF check moml for tokenConsumptionRate on input.
  in .DESDFClockTest.Play Bell.Copy1:SDF Director and .DESDFClockTest.Play Bell.UpSample
	at ptolemy.actor.sched.StaticSchedulingDirector.fire(StaticSchedulingDirector.java:227)
	at ptolemy.domains.sdf.kernel.SDFDirector.fire(SDFDirector.java:500)
	at ptolemy.actor.CompositeActor.fire(CompositeActor.java:455)
	at ptolemy.domains.de.kernel.DEDirector._fire(DEDirector.java:1949)
	at ptolemy.domains.de.kernel.DEDirector.fire(DEDirector.java:502)
	at ptolemy.actor.CompositeActor.fire(CompositeActor.java:455)
	at ptolemy.actor.Manager.iterate(Manager.java:851)
	at ptolemy.actor.Manager.execute(Manager.java:369)
	at ptolemy.actor.Manager.run(Manager.java:1263)
	at ptolemy.actor.Manager$PtolemyRunThread.run(Manager.java:1915)

    while executing
ptolemy.kernel.util.IllegalActionException: Actor is not ready to fire.  Perhaps UpSample.prefire() returned false? Try debugging the actor by selecting "Listen to Actor".  Also, for SDF check moml for tokenConsumptionRate on input.
  in .DESDFClockTest.Play Bell.Copy1:SDF Director and .DESDFClockTest.Play Bell.UpSample
    while executing
"java::new ptolemy.moml.MoMLSimpleApplication $file
"
    (procedure "createAndExecute" line 2)
    invoked from within
"createAndExecute $file"
    ("uplevel" body line 5)
    invoked from within
"uplevel $contents_of_test"
------------------ testing $PTII/ptolemy/domains/de/test/auto/knownFailedTests/FSMSource.xml (Known Failure) 
21 ms. Memory: 146944K Free: 107140K (73%)
!!!! Auto was marked as failing, but now passes
------------------ testing $PTII/ptolemy/domains/de/test/auto/knownFailedTests/dependencyLoop2.xml (Known Failure) 
6 ms. Memory: 146944K Free: 105257K (72%)


==== $PTIIhome/travis/build/icyphy/ptII/ptolemy/domains/de/test/../../../../: Auto Automatic test in file $PTII/ptolemy/domains/de/test/auto/knownFailedTests/dependencyLoop2.xml
==== Contents of test case:

	    # FIXME: we should use $relativeFilename here, but it
	    # might have backslashes under Windows, which causes no end
	    # of trouble.
	    createAndExecute $file
	    list {}
	
.... Test generated KNOWN error:
    while executing
ptolemy.kernel.util.IllegalActionException: Found a zero delay loop containing .dependencyLoop2.original
  in .dependencyLoop2 and .dependencyLoop2.original
	at ptolemy.actor.util.CausalityInterfaceForComposites._computeOutputPortDepth(CausalityInterfaceForComposites.java:759)
	at ptolemy.actor.util.CausalityInterfaceForComposites._computeInputDepth(CausalityInterfaceForComposites.java:696)
	at ptolemy.actor.util.CausalityInterfaceForComposites._computeOutputPortDepth(CausalityInterfaceForComposites.java:765)
	at ptolemy.actor.util.CausalityInterfaceForComposites._computeInputDepth(CausalityInterfaceForComposites.java:696)
	at ptolemy.actor.util.CausalityInterfaceForComposites._computeOutputPortDepth(CausalityInterfaceForComposites.java:765)
	at ptolemy.actor.util.CausalityInterfaceForComposites._computeInputDepth(CausalityInterfaceForComposites.java:696)
	at ptolemy.actor.util.CausalityInterfaceForComposites._computeActorDepth(CausalityInterfaceForComposites.java:532)
	at ptolemy.actor.util.CausalityInterfaceForComposites.checkForCycles(CausalityInterfaceForComposites.java:96)
	at ptolemy.domains.de.kernel.DEDirector.preinitialize(DEDirector.java:1338)
	at ptolemy.actor.CompositeActor.preinitialize(CompositeActor.java:1828)
	at ptolemy.actor.Manager.preinitializeAndResolveTypes(Manager.java:1040)
	at ptolemy.actor.Manager.initialize(Manager.java:710)
	at ptolemy.actor.Manager.execute(Manager.java:356)
	at ptolemy.actor.Manager.run(Manager.java:1263)
	at ptolemy.actor.Manager$PtolemyRunThread.run(Manager.java:1915)

    while executing
ptolemy.kernel.util.IllegalActionException: Found a zero delay loop containing .dependencyLoop2.original
  in .dependencyLoop2 and .dependencyLoop2.original
    while executing
"java::new ptolemy.moml.MoMLSimpleApplication $file
"
    (procedure "createAndExecute" line 2)
    invoked from within
"createAndExecute $file"
    ("uplevel" body line 5)
    invoked from within
"uplevel $contents_of_test"
------------------ testing $PTII/ptolemy/domains/de/test/auto/knownFailedTests/HierarchicalModel.xml (Known Failure) 
10 ms. Memory: 146944K Free: 83681K (57%)


==== $PTIIhome/travis/build/icyphy/ptII/ptolemy/domains/de/test/../../../../: Auto Automatic test in file $PTII/ptolemy/domains/de/test/auto/knownFailedTests/HierarchicalModel.xml
==== Contents of test case:

	    # FIXME: we should use $relativeFilename here, but it
	    # might have backslashes under Windows, which causes no end
	    # of trouble.
	    createAndExecute $file
	    list {}
	
.... Test generated KNOWN error:
    while executing
ptolemy.kernel.util.IllegalActionException: Found a zero delay loop containing .HierarchicalModel.A
  in .HierarchicalModel and .HierarchicalModel.A
	at ptolemy.actor.util.CausalityInterfaceForComposites._computeOutputPortDepth(CausalityInterfaceForComposites.java:759)
	at ptolemy.actor.util.CausalityInterfaceForComposites._computeInputDepth(CausalityInterfaceForComposites.java:696)
	at ptolemy.actor.util.CausalityInterfaceForComposites._computeOutputPortDepth(CausalityInterfaceForComposites.java:765)
	at ptolemy.actor.util.CausalityInterfaceForComposites._computeInputDepth(CausalityInterfaceForComposites.java:696)
	at ptolemy.actor.util.CausalityInterfaceForComposites._computeOutputPortDepth(CausalityInterfaceForComposites.java:765)
	at ptolemy.actor.util.CausalityInterfaceForComposites._computeInputDepth(CausalityInterfaceForComposites.java:696)
	at ptolemy.actor.util.CausalityInterfaceForComposites._computeActorDepth(CausalityInterfaceForComposites.java:532)
	at ptolemy.actor.util.CausalityInterfaceForComposites.checkForCycles(CausalityInterfaceForComposites.java:96)
	at ptolemy.domains.de.kernel.DEDirector.preinitialize(DEDirector.java:1338)
	at ptolemy.actor.CompositeActor.preinitialize(CompositeActor.java:1828)
	at ptolemy.actor.Manager.preinitializeAndResolveTypes(Manager.java:1040)
	at ptolemy.actor.Manager.initialize(Manager.java:710)
	at ptolemy.actor.Manager.execute(Manager.java:356)
	at ptolemy.actor.Manager.run(Manager.java:1263)
	at ptolemy.actor.Manager$PtolemyRunThread.run(Manager.java:1915)

    while executing
ptolemy.kernel.util.IllegalActionException: Found a zero delay loop containing .HierarchicalModel.A
  in .HierarchicalModel and .HierarchicalModel.A
    while executing
"java::new ptolemy.moml.MoMLSimpleApplication $file
"
    (procedure "createAndExecute" line 2)
    invoked from within
"createAndExecute $file"
    ("uplevel" body line 5)
    invoked from within
"uplevel $contents_of_test"
------------------ testing $PTII/ptolemy/domains/de/test/auto/knownFailedTests/DirectFeedback.xml (Known Failure) 
3 ms. Memory: 146944K Free: 140335K (96%)


==== $PTIIhome/travis/build/icyphy/ptII/ptolemy/domains/de/test/../../../../: Auto Automatic test in file $PTII/ptolemy/domains/de/test/auto/knownFailedTests/DirectFeedback.xml
==== Contents of test case:

	    # FIXME: we should use $relativeFilename here, but it
	    # might have backslashes under Windows, which causes no end
	    # of trouble.
	    createAndExecute $file
	    list {}
	
.... Test generated KNOWN error:
    while executing
ptolemy.kernel.util.IllegalActionException: Test fails in iteration 1.
Value was: 1.0. Should have been: 2.0
  in .DirectFeedback.Test
	at ptolemy.actor.lib.Test.fire(Test.java:268)
	at ptolemy.domains.de.kernel.DEDirector._fire(DEDirector.java:1949)
	at ptolemy.domains.de.kernel.DEDirector.fire(DEDirector.java:502)
	at ptolemy.actor.CompositeActor.fire(CompositeActor.java:455)
	at ptolemy.actor.Manager.iterate(Manager.java:851)
	at ptolemy.actor.Manager.execute(Manager.java:369)
	at ptolemy.actor.Manager.run(Manager.java:1263)
	at ptolemy.actor.Manager$PtolemyRunThread.run(Manager.java:1915)

    while executing
ptolemy.kernel.util.IllegalActionException: Test fails in iteration 1.
Value was: 1.0. Should have been: 2.0
  in .DirectFeedback.Test
    while executing
"java::new ptolemy.moml.MoMLSimpleApplication $file
"
    (procedure "createAndExecute" line 2)
    invoked from within
"createAndExecute $file"
    ("uplevel" body line 5)
    invoked from within
"uplevel $contents_of_test"
------------------ testing $PTII/ptolemy/domains/de/test/auto/ActorDepthCalculation_actorWithoutPorts.xml
auto.tcl: Setting watchdog for 200 seconds at Tue Dec 18 03:05:51 UTC 2018
7 ms. Memory: 146944K Free: 132450K (90%)
ptolemy.util.test.WatchDog.cancel(): canceling Tue Dec 18 03:05:51 UTC 2018
auto.tcl: Setting watchdog for 200 seconds at Tue Dec 18 03:05:51 UTC 2018
4 ms. Memory: 146944K Free: 130387K (89%)
ptolemy.util.test.WatchDog.cancel(): canceling Tue Dec 18 03:05:51 UTC 2018
------------------ testing $PTII/ptolemy/domains/de/test/auto/AssemblyLine.xml
auto.tcl: Setting watchdog for 200 seconds at Tue Dec 18 03:05:52 UTC 2018
16 ms. Memory: 208384K Free: 182856K (88%)
ptolemy.util.test.WatchDog.cancel(): canceling Tue Dec 18 03:05:52 UTC 2018
auto.tcl: Setting watchdog for 200 seconds at Tue Dec 18 03:05:52 UTC 2018
7 ms. Memory: 208384K Free: 182856K (88%)
ptolemy.util.test.WatchDog.cancel(): canceling Tue Dec 18 03:05:52 UTC 2018
------------------ testing $PTII/ptolemy/domains/de/test/auto/CQBug1.xml
auto.tcl: Setting watchdog for 200 seconds at Tue Dec 18 03:05:52 UTC 2018
13 ms. Memory: 208384K Free: 197716K (95%)
ptolemy.util.test.WatchDog.cancel(): canceling Tue Dec 18 03:05:52 UTC 2018
auto.tcl: Setting watchdog for 200 seconds at Tue Dec 18 03:05:52 UTC 2018
2 ms. Memory: 208384K Free: 197716K (95%)
ptolemy.util.test.WatchDog.cancel(): canceling Tue Dec 18 03:05:52 UTC 2018
------------------ testing $PTII/ptolemy/domains/de/test/auto/CancelFireAt.xml
auto.tcl: Setting watchdog for 200 seconds at Tue Dec 18 03:05:52 UTC 2018
8 ms. Memory: 208384K Free: 201429K (97%)
ptolemy.util.test.WatchDog.cancel(): canceling Tue Dec 18 03:05:52 UTC 2018
auto.tcl: Setting watchdog for 200 seconds at Tue Dec 18 03:05:52 UTC 2018
6 ms. Memory: 208384K Free: 199334K (96%)
ptolemy.util.test.WatchDog.cancel(): canceling Tue Dec 18 03:05:52 UTC 2018
------------------ testing $PTII/ptolemy/domains/de/test/auto/CausalityAndComposabilityAnalysis.xml
auto.tcl: Setting watchdog for 200 seconds at Tue Dec 18 03:05:52 UTC 2018
13 ms. Memory: 208384K Free: 196485K (94%)
ptolemy.util.test.WatchDog.cancel(): canceling Tue Dec 18 03:05:52 UTC 2018
auto.tcl: Setting watchdog for 200 seconds at Tue Dec 18 03:05:52 UTC 2018
5 ms. Memory: 208384K Free: 196485K (94%)
ptolemy.util.test.WatchDog.cancel(): canceling Tue Dec 18 03:05:52 UTC 2018
------------------ testing $PTII/ptolemy/domains/de/test/auto/CausalityInterface1.xml
auto.tcl: Setting watchdog for 200 seconds at Tue Dec 18 03:05:52 UTC 2018
7 ms. Memory: 208384K Free: 196407K (94%)
ptolemy.util.test.WatchDog.cancel(): canceling Tue Dec 18 03:05:52 UTC 2018
auto.tcl: Setting watchdog for 200 seconds at Tue Dec 18 03:05:52 UTC 2018
4 ms. Memory: 208384K Free: 196407K (94%)
ptolemy.util.test.WatchDog.cancel(): canceling Tue Dec 18 03:05:52 UTC 2018
------------------ testing $PTII/ptolemy/domains/de/test/auto/CausalityInterface15.xml
auto.tcl: Setting watchdog for 200 seconds at Tue Dec 18 03:05:52 UTC 2018
16 ms. Memory: 208384K Free: 196414K (94%)
ptolemy.util.test.WatchDog.cancel(): canceling Tue Dec 18 03:05:52 UTC 2018
auto.tcl: Setting watchdog for 200 seconds at Tue Dec 18 03:05:52 UTC 2018
8 ms. Memory: 208384K Free: 196414K (94%)
ptolemy.util.test.WatchDog.cancel(): canceling Tue Dec 18 03:05:52 UTC 2018
------------------ testing $PTII/ptolemy/domains/de/test/auto/CausalityInterface2.xml
auto.tcl: Setting watchdog for 200 seconds at Tue Dec 18 03:05:52 UTC 2018
6 ms. Memory: 208384K Free: 196382K (94%)
ptolemy.util.test.WatchDog.cancel(): canceling Tue Dec 18 03:05:52 UTC 2018
auto.tcl: Setting watchdog for 200 seconds at Tue Dec 18 03:05:52 UTC 2018
2 ms. Memory: 208384K Free: 196382K (94%)
ptolemy.util.test.WatchDog.cancel(): canceling Tue Dec 18 03:05:52 UTC 2018
------------------ testing $PTII/ptolemy/domains/de/test/auto/CausalityInterface3.xml
auto.tcl: Setting watchdog for 200 seconds at Tue Dec 18 03:05:52 UTC 2018
10 ms. Memory: 208384K Free: 196411K (94%)
ptolemy.util.test.WatchDog.cancel(): canceling Tue Dec 18 03:05:52 UTC 2018
auto.tcl: Setting watchdog for 200 seconds at Tue Dec 18 03:05:52 UTC 2018
6 ms. Memory: 208384K Free: 196411K (94%)
ptolemy.util.test.WatchDog.cancel(): canceling Tue Dec 18 03:05:52 UTC 2018
------------------ testing $PTII/ptolemy/domains/de/test/auto/ClockDrift.xml
auto.tcl: Setting watchdog for 200 seconds at Tue Dec 18 03:05:52 UTC 2018
91 ms. Memory: 208384K Free: 187629K (90%)
ptolemy.util.test.WatchDog.cancel(): canceling Tue Dec 18 03:05:53 UTC 2018
auto.tcl: Setting watchdog for 200 seconds at Tue Dec 18 03:05:53 UTC 2018
56 ms. Memory: 208384K Free: 185527K (89%)
ptolemy.util.test.WatchDog.cancel(): canceling Tue Dec 18 03:05:53 UTC 2018
------------------ testing $PTII/ptolemy/domains/de/test/auto/ClockDriftAndValueChange.xml
auto.tcl: Setting watchdog for 200 seconds at Tue Dec 18 03:05:53 UTC 2018
44 ms. Memory: 208384K Free: 187453K (90%)
ptolemy.util.test.WatchDog.cancel(): canceling Tue Dec 18 03:05:53 UTC 2018
auto.tcl: Setting watchdog for 200 seconds at Tue Dec 18 03:05:53 UTC 2018
29 ms. Memory: 208384K Free: 185344K (89%)
ptolemy.util.test.WatchDog.cancel(): canceling Tue Dec 18 03:05:53 UTC 2018
------------------ testing $PTII/ptolemy/domains/de/test/auto/ClockDriftChange.xml
auto.tcl: Setting watchdog for 200 seconds at Tue Dec 18 03:05:53 UTC 2018
40 ms. Memory: 208384K Free: 190810K (92%)
ptolemy.util.test.WatchDog.cancel(): canceling Tue Dec 18 03:05:53 UTC 2018
auto.tcl: Setting watchdog for 200 seconds at Tue Dec 18 03:05:53 UTC 2018
23 ms. Memory: 208384K Free: 188716K (91%)
ptolemy.util.test.WatchDog.cancel(): canceling Tue Dec 18 03:05:53 UTC 2018
------------------ testing $PTII/ptolemy/domains/de/test/auto/ComposableCausalityAnalysis.xml
auto.tcl: Setting watchdog for 200 seconds at Tue Dec 18 03:05:53 UTC 2018
6 ms. Memory: 208384K Free: 196265K (94%)
ptolemy.util.test.WatchDog.cancel(): canceling Tue Dec 18 03:05:53 UTC 2018
auto.tcl: Setting watchdog for 200 seconds at Tue Dec 18 03:05:53 UTC 2018
2 ms. Memory: 208384K Free: 194163K (93%)
ptolemy.util.test.WatchDog.cancel(): canceling Tue Dec 18 03:05:53 UTC 2018
------------------ testing $PTII/ptolemy/domains/de/test/auto/DEFixedPointLimitation.xml
auto.tcl: Setting watchdog for 200 seconds at Tue Dec 18 03:05:53 UTC 2018
2 ms. Memory: 208384K Free: 196329K (94%)
ptolemy.util.test.WatchDog.cancel(): canceling Tue Dec 18 03:05:53 UTC 2018
auto.tcl: Setting watchdog for 200 seconds at Tue Dec 18 03:05:53 UTC 2018
1 ms. Memory: 208384K Free: 196329K (94%)
ptolemy.util.test.WatchDog.cancel(): canceling Tue Dec 18 03:05:53 UTC 2018
------------------ testing $PTII/ptolemy/domains/de/test/auto/DEScheduleTest.xml
auto.tcl: Setting watchdog for 200 seconds at Tue Dec 18 03:05:53 UTC 2018
3 ms. Memory: 208384K Free: 198475K (95%)
ptolemy.util.test.WatchDog.cancel(): canceling Tue Dec 18 03:05:53 UTC 2018
auto.tcl: Setting watchdog for 200 seconds at Tue Dec 18 03:05:53 UTC 2018
7 ms. Memory: 208384K Free: 196365K (94%)
ptolemy.util.test.WatchDog.cancel(): canceling Tue Dec 18 03:05:53 UTC 2018
------------------ testing $PTII/ptolemy/domains/de/test/auto/DEinDEwithStartTimes.xml
auto.tcl: Setting watchdog for 200 seconds at Tue Dec 18 03:05:53 UTC 2018
3 ms. Memory: 208384K Free: 196343K (94%)
ptolemy.util.test.WatchDog.cancel(): canceling Tue Dec 18 03:05:53 UTC 2018
auto.tcl: Setting watchdog for 200 seconds at Tue Dec 18 03:05:53 UTC 2018
3 ms. Memory: 208384K Free: 194233K (93%)
ptolemy.util.test.WatchDog.cancel(): canceling Tue Dec 18 03:05:53 UTC 2018
------------------ testing $PTII/ptolemy/domains/de/test/auto/DEinDEwithStartTimes2.xml
auto.tcl: Setting watchdog for 200 seconds at Tue Dec 18 03:05:53 UTC 2018
7 ms. Memory: 208384K Free: 196685K (94%)
ptolemy.util.test.WatchDog.cancel(): canceling Tue Dec 18 03:05:53 UTC 2018
auto.tcl: Setting watchdog for 200 seconds at Tue Dec 18 03:05:53 UTC 2018
3 ms. Memory: 208384K Free: 194253K (93%)
ptolemy.util.test.WatchDog.cancel(): canceling Tue Dec 18 03:05:53 UTC 2018
------------------ testing $PTII/ptolemy/domains/de/test/auto/DateDemo.xml
auto.tcl: Setting watchdog for 200 seconds at Tue Dec 18 03:05:53 UTC 2018
15 ms. Memory: 208384K Free: 188796K (91%)
ptolemy.util.test.WatchDog.cancel(): canceling Tue Dec 18 03:05:54 UTC 2018
auto.tcl: Setting watchdog for 200 seconds at Tue Dec 18 03:05:54 UTC 2018
6 ms. Memory: 208384K Free: 186702K (90%)
ptolemy.util.test.WatchDog.cancel(): canceling Tue Dec 18 03:05:54 UTC 2018
------------------ testing $PTII/ptolemy/domains/de/test/auto/DateToEvent.xml
auto.tcl: Setting watchdog for 200 seconds at Tue Dec 18 03:05:54 UTC 2018
2014 ms. Memory: 208384K Free: 183502K (88%)
ptolemy.util.test.WatchDog.cancel(): canceling Tue Dec 18 03:05:56 UTC 2018
auto.tcl: Setting watchdog for 200 seconds at Tue Dec 18 03:05:56 UTC 2018
2005 ms. Memory: 208384K Free: 183502K (88%)
ptolemy.util.test.WatchDog.cancel(): canceling Tue Dec 18 03:05:58 UTC 2018
------------------ testing $PTII/ptolemy/domains/de/test/auto/DepthTest1.xml
auto.tcl: Setting watchdog for 200 seconds at Tue Dec 18 03:05:58 UTC 2018
3 ms. Memory: 208384K Free: 197679K (95%)
ptolemy.util.test.WatchDog.cancel(): canceling Tue Dec 18 03:05:58 UTC 2018
auto.tcl: Setting watchdog for 200 seconds at Tue Dec 18 03:05:58 UTC 2018
2 ms. Memory: 208384K Free: 197679K (95%)
ptolemy.util.test.WatchDog.cancel(): canceling Tue Dec 18 03:05:58 UTC 2018
------------------ testing $PTII/ptolemy/domains/de/test/auto/DepthTest2.xml
auto.tcl: Setting watchdog for 200 seconds at Tue Dec 18 03:05:58 UTC 2018
4 ms. Memory: 208384K Free: 193891K (93%)
ptolemy.util.test.WatchDog.cancel(): canceling Tue Dec 18 03:05:58 UTC 2018
auto.tcl: Setting watchdog for 200 seconds at Tue Dec 18 03:05:58 UTC 2018
3 ms. Memory: 208384K Free: 193891K (93%)
ptolemy.util.test.WatchDog.cancel(): canceling Tue Dec 18 03:05:58 UTC 2018
------------------ testing $PTII/ptolemy/domains/de/test/auto/DepthTest3.xml
auto.tcl: Setting watchdog for 200 seconds at Tue Dec 18 03:05:58 UTC 2018
2 ms. Memory: 208384K Free: 198349K (95%)
ptolemy.util.test.WatchDog.cancel(): canceling Tue Dec 18 03:05:58 UTC 2018
auto.tcl: Setting watchdog for 200 seconds at Tue Dec 18 03:05:58 UTC 2018
1 ms. Memory: 208384K Free: 198349K (95%)
ptolemy.util.test.WatchDog.cancel(): canceling Tue Dec 18 03:05:58 UTC 2018
------------------ testing $PTII/ptolemy/domains/de/test/auto/DepthTest4.xml
auto.tcl: Setting watchdog for 200 seconds at Tue Dec 18 03:05:58 UTC 2018
6 ms. Memory: 208384K Free: 196004K (94%)
ptolemy.util.test.WatchDog.cancel(): canceling Tue Dec 18 03:05:58 UTC 2018
auto.tcl: Setting watchdog for 200 seconds at Tue Dec 18 03:05:58 UTC 2018
3 ms. Memory: 208384K Free: 196004K (94%)
ptolemy.util.test.WatchDog.cancel(): canceling Tue Dec 18 03:05:58 UTC 2018
------------------ testing $PTII/ptolemy/domains/de/test/auto/DepthTest5.xml
auto.tcl: Setting watchdog for 200 seconds at Tue Dec 18 03:05:58 UTC 2018
4 ms. Memory: 208384K Free: 195968K (94%)
ptolemy.util.test.WatchDog.cancel(): canceling Tue Dec 18 03:05:58 UTC 2018
auto.tcl: Setting watchdog for 200 seconds at Tue Dec 18 03:05:58 UTC 2018
3 ms. Memory: 208384K Free: 195968K (94%)
ptolemy.util.test.WatchDog.cancel(): canceling Tue Dec 18 03:05:58 UTC 2018
------------------ testing $PTII/ptolemy/domains/de/test/auto/DepthTest6.xml
auto.tcl: Setting watchdog for 200 seconds at Tue Dec 18 03:05:58 UTC 2018
7 ms. Memory: 208384K Free: 196273K (94%)
ptolemy.util.test.WatchDog.cancel(): canceling Tue Dec 18 03:05:58 UTC 2018
auto.tcl: Setting watchdog for 200 seconds at Tue Dec 18 03:05:58 UTC 2018
2 ms. Memory: 208384K Free: 196273K (94%)
ptolemy.util.test.WatchDog.cancel(): canceling Tue Dec 18 03:05:58 UTC 2018
------------------ testing $PTII/ptolemy/domains/de/test/auto/DepthTest7.xml
auto.tcl: Setting watchdog for 200 seconds at Tue Dec 18 03:05:58 UTC 2018
5 ms. Memory: 208384K Free: 195893K (94%)
ptolemy.util.test.WatchDog.cancel(): canceling Tue Dec 18 03:05:58 UTC 2018
auto.tcl: Setting watchdog for 200 seconds at Tue Dec 18 03:05:58 UTC 2018
1 ms. Memory: 208384K Free: 195893K (94%)
ptolemy.util.test.WatchDog.cancel(): canceling Tue Dec 18 03:05:58 UTC 2018
------------------ testing $PTII/ptolemy/domains/de/test/auto/EventToDate.xml
auto.tcl: Setting watchdog for 200 seconds at Tue Dec 18 03:05:58 UTC 2018
3007 ms. Memory: 208384K Free: 185414K (89%)
ptolemy.util.test.WatchDog.cancel(): canceling Tue Dec 18 03:06:01 UTC 2018
auto.tcl: Setting watchdog for 200 seconds at Tue Dec 18 03:06:01 UTC 2018
3004 ms. Memory: 208384K Free: 185414K (89%)
ptolemy.util.test.WatchDog.cancel(): canceling Tue Dec 18 03:06:04 UTC 2018
------------------ testing $PTII/ptolemy/domains/de/test/auto/FSM1.xml
auto.tcl: Setting watchdog for 200 seconds at Tue Dec 18 03:06:04 UTC 2018
26 ms. Memory: 208384K Free: 186476K (89%)
ptolemy.util.test.WatchDog.cancel(): canceling Tue Dec 18 03:06:04 UTC 2018
auto.tcl: Setting watchdog for 200 seconds at Tue Dec 18 03:06:04 UTC 2018
23 ms. Memory: 208384K Free: 182281K (87%)
ptolemy.util.test.WatchDog.cancel(): canceling Tue Dec 18 03:06:04 UTC 2018
------------------ testing $PTII/ptolemy/domains/de/test/auto/FSM7.xml
auto.tcl: Setting watchdog for 200 seconds at Tue Dec 18 03:06:05 UTC 2018
17 ms. Memory: 208384K Free: 187405K (90%)
ptolemy.util.test.WatchDog.cancel(): canceling Tue Dec 18 03:06:05 UTC 2018
auto.tcl: Setting watchdog for 200 seconds at Tue Dec 18 03:06:05 UTC 2018
14 ms. Memory: 208384K Free: 185303K (89%)
ptolemy.util.test.WatchDog.cancel(): canceling Tue Dec 18 03:06:05 UTC 2018
------------------ testing $PTII/ptolemy/domains/de/test/auto/Inspection.xml
auto.tcl: Setting watchdog for 200 seconds at Tue Dec 18 03:06:05 UTC 2018
21 ms. Memory: 208384K Free: 188597K (91%)
ptolemy.util.test.WatchDog.cancel(): canceling Tue Dec 18 03:06:05 UTC 2018
auto.tcl: Setting watchdog for 200 seconds at Tue Dec 18 03:06:05 UTC 2018
23 ms. Memory: 208384K Free: 186487K (89%)
ptolemy.util.test.WatchDog.cancel(): canceling Tue Dec 18 03:06:05 UTC 2018
------------------ testing $PTII/ptolemy/domains/de/test/auto/Iteration.xml
auto.tcl: Setting watchdog for 200 seconds at Tue Dec 18 03:06:05 UTC 2018
11 ms. Memory: 208384K Free: 196056K (94%)
ptolemy.util.test.WatchDog.cancel(): canceling Tue Dec 18 03:06:05 UTC 2018
auto.tcl: Setting watchdog for 200 seconds at Tue Dec 18 03:06:05 UTC 2018
7 ms. Memory: 208384K Free: 193609K (93%)
ptolemy.util.test.WatchDog.cancel(): canceling Tue Dec 18 03:06:05 UTC 2018
------------------ testing $PTII/ptolemy/domains/de/test/auto/LineFault.xml
auto.tcl: Setting watchdog for 200 seconds at Tue Dec 18 03:06:05 UTC 2018
722 ms. Memory: 208384K Free: 195926K (94%)
ptolemy.util.test.WatchDog.cancel(): canceling Tue Dec 18 03:06:06 UTC 2018
auto.tcl: Setting watchdog for 200 seconds at Tue Dec 18 03:06:06 UTC 2018
609 ms. Memory: 208384K Free: 138670K (67%)
ptolemy.util.test.WatchDog.cancel(): canceling Tue Dec 18 03:06:06 UTC 2018
------------------ testing $PTII/ptolemy/domains/de/test/auto/MergeModel1Add.xml
auto.tcl: Setting watchdog for 200 seconds at Tue Dec 18 03:06:07 UTC 2018
25 ms. Memory: 331264K Free: 298523K (90%)
ptolemy.util.test.WatchDog.cancel(): canceling Tue Dec 18 03:06:07 UTC 2018
auto.tcl: Setting watchdog for 200 seconds at Tue Dec 18 03:06:07 UTC 2018
13 ms. Memory: 331264K Free: 298523K (90%)
ptolemy.util.test.WatchDog.cancel(): canceling Tue Dec 18 03:06:07 UTC 2018
------------------ testing $PTII/ptolemy/domains/de/test/auto/MergeModel2Add.xml
auto.tcl: Setting watchdog for 200 seconds at Tue Dec 18 03:06:07 UTC 2018
10 ms. Memory: 331264K Free: 303811K (92%)
ptolemy.util.test.WatchDog.cancel(): canceling Tue Dec 18 03:06:07 UTC 2018
auto.tcl: Setting watchdog for 200 seconds at Tue Dec 18 03:06:07 UTC 2018
11 ms. Memory: 331264K Free: 299852K (91%)
ptolemy.util.test.WatchDog.cancel(): canceling Tue Dec 18 03:06:07 UTC 2018
------------------ testing $PTII/ptolemy/domains/de/test/auto/MergeModel3Add.xml
auto.tcl: Setting watchdog for 200 seconds at Tue Dec 18 03:06:07 UTC 2018
8 ms. Memory: 331264K Free: 303403K (92%)
ptolemy.util.test.WatchDog.cancel(): canceling Tue Dec 18 03:06:07 UTC 2018
auto.tcl: Setting watchdog for 200 seconds at Tue Dec 18 03:06:07 UTC 2018
7 ms. Memory: 331264K Free: 299459K (90%)
ptolemy.util.test.WatchDog.cancel(): canceling Tue Dec 18 03:06:07 UTC 2018
------------------ testing $PTII/ptolemy/domains/de/test/auto/MergeWithoutDiscard.xml
auto.tcl: Setting watchdog for 200 seconds at Tue Dec 18 03:06:07 UTC 2018
2 ms. Memory: 331264K Free: 319204K (96%)
ptolemy.util.test.WatchDog.cancel(): canceling Tue Dec 18 03:06:07 UTC 2018
auto.tcl: Setting watchdog for 200 seconds at Tue Dec 18 03:06:07 UTC 2018
2 ms. Memory: 331264K Free: 315261K (95%)
ptolemy.util.test.WatchDog.cancel(): canceling Tue Dec 18 03:06:07 UTC 2018
------------------ testing $PTII/ptolemy/domains/de/test/auto/Modal1.xml
auto.tcl: Setting watchdog for 200 seconds at Tue Dec 18 03:06:07 UTC 2018
17 ms. Memory: 331264K Free: 309126K (93%)
ptolemy.util.test.WatchDog.cancel(): canceling Tue Dec 18 03:06:07 UTC 2018
auto.tcl: Setting watchdog for 200 seconds at Tue Dec 18 03:06:07 UTC 2018
21 ms. Memory: 331264K Free: 305183K (92%)
ptolemy.util.test.WatchDog.cancel(): canceling Tue Dec 18 03:06:07 UTC 2018
------------------ testing $PTII/ptolemy/domains/de/test/auto/Modal2.xml
auto.tcl: Setting watchdog for 200 seconds at Tue Dec 18 03:06:07 UTC 2018
18 ms. Memory: 331264K Free: 309014K (93%)
ptolemy.util.test.WatchDog.cancel(): canceling Tue Dec 18 03:06:07 UTC 2018
auto.tcl: Setting watchdog for 200 seconds at Tue Dec 18 03:06:07 UTC 2018
15 ms. Memory: 331264K Free: 305071K (92%)
ptolemy.util.test.WatchDog.cancel(): canceling Tue Dec 18 03:06:07 UTC 2018
------------------ testing $PTII/ptolemy/domains/de/test/auto/Modal3.xml
auto.tcl: Setting watchdog for 200 seconds at Tue Dec 18 03:06:07 UTC 2018
17 ms. Memory: 331264K Free: 309282K (93%)
ptolemy.util.test.WatchDog.cancel(): canceling Tue Dec 18 03:06:07 UTC 2018
auto.tcl: Setting watchdog for 200 seconds at Tue Dec 18 03:06:07 UTC 2018
14 ms. Memory: 331264K Free: 305037K (92%)
ptolemy.util.test.WatchDog.cancel(): canceling Tue Dec 18 03:06:07 UTC 2018
------------------ testing $PTII/ptolemy/domains/de/test/auto/Modal4.xml
auto.tcl: Setting watchdog for 200 seconds at Tue Dec 18 03:06:07 UTC 2018
22 ms. Memory: 331264K Free: 309017K (93%)
ptolemy.util.test.WatchDog.cancel(): canceling Tue Dec 18 03:06:07 UTC 2018
auto.tcl: Setting watchdog for 200 seconds at Tue Dec 18 03:06:07 UTC 2018
16 ms. Memory: 331264K Free: 305074K (92%)
ptolemy.util.test.WatchDog.cancel(): canceling Tue Dec 18 03:06:07 UTC 2018
------------------ testing $PTII/ptolemy/domains/de/test/auto/Modal5.xml
auto.tcl: Setting watchdog for 200 seconds at Tue Dec 18 03:06:08 UTC 2018
19 ms. Memory: 331264K Free: 309005K (93%)
ptolemy.util.test.WatchDog.cancel(): canceling Tue Dec 18 03:06:08 UTC 2018
auto.tcl: Setting watchdog for 200 seconds at Tue Dec 18 03:06:08 UTC 2018
14 ms. Memory: 331264K Free: 305062K (92%)
ptolemy.util.test.WatchDog.cancel(): canceling Tue Dec 18 03:06:08 UTC 2018
------------------ testing $PTII/ptolemy/domains/de/test/auto/Modal6.xml
auto.tcl: Setting watchdog for 200 seconds at Tue Dec 18 03:06:08 UTC 2018
14 ms. Memory: 331264K Free: 309011K (93%)
ptolemy.util.test.WatchDog.cancel(): canceling Tue Dec 18 03:06:08 UTC 2018
auto.tcl: Setting watchdog for 200 seconds at Tue Dec 18 03:06:08 UTC 2018
13 ms. Memory: 331264K Free: 305067K (92%)
ptolemy.util.test.WatchDog.cancel(): canceling Tue Dec 18 03:06:08 UTC 2018
------------------ testing $PTII/ptolemy/domains/de/test/auto/Modal7.xml
auto.tcl: Setting watchdog for 200 seconds at Tue Dec 18 03:06:08 UTC 2018
9 ms. Memory: 331264K Free: 309026K (93%)
ptolemy.util.test.WatchDog.cancel(): canceling Tue Dec 18 03:06:08 UTC 2018
auto.tcl: Setting watchdog for 200 seconds at Tue Dec 18 03:06:08 UTC 2018
9 ms. Memory: 331264K Free: 305082K (92%)
ptolemy.util.test.WatchDog.cancel(): canceling Tue Dec 18 03:06:08 UTC 2018
------------------ testing $PTII/ptolemy/domains/de/test/auto/ModalModel.xml
auto.tcl: Setting watchdog for 200 seconds at Tue Dec 18 03:06:08 UTC 2018
155 ms. Memory: 331264K Free: 245024K (74%)
ptolemy.util.test.WatchDog.cancel(): canceling Tue Dec 18 03:06:08 UTC 2018
auto.tcl: Setting watchdog for 200 seconds at Tue Dec 18 03:06:08 UTC 2018
173 ms. Memory: 331264K Free: 189675K (57%)
ptolemy.util.test.WatchDog.cancel(): canceling Tue Dec 18 03:06:08 UTC 2018
------------------ testing $PTII/ptolemy/domains/de/test/auto/ModalSource.xml
auto.tcl: Setting watchdog for 200 seconds at Tue Dec 18 03:06:08 UTC 2018
11 ms. Memory: 331264K Free: 315573K (95%)
ptolemy.util.test.WatchDog.cancel(): canceling Tue Dec 18 03:06:08 UTC 2018
auto.tcl: Setting watchdog for 200 seconds at Tue Dec 18 03:06:08 UTC 2018
6 ms. Memory: 331264K Free: 312046K (94%)
ptolemy.util.test.WatchDog.cancel(): canceling Tue Dec 18 03:06:08 UTC 2018
------------------ testing $PTII/ptolemy/domains/de/test/auto/NonInterruptibleTimerZeroDelay.xml
auto.tcl: Setting watchdog for 200 seconds at Tue Dec 18 03:06:08 UTC 2018
4 ms. Memory: 331264K Free: 319938K (97%)
ptolemy.util.test.WatchDog.cancel(): canceling Tue Dec 18 03:06:08 UTC 2018
auto.tcl: Setting watchdog for 200 seconds at Tue Dec 18 03:06:08 UTC 2018
2 ms. Memory: 331264K Free: 316419K (96%)
ptolemy.util.test.WatchDog.cancel(): canceling Tue Dec 18 03:06:08 UTC 2018
------------------ testing $PTII/ptolemy/domains/de/test/auto/OpenQueueingNetwork.xml
auto.tcl: Setting watchdog for 200 seconds at Tue Dec 18 03:06:08 UTC 2018
3195 ms. Memory: 317952K Free: 127136K (40%)
ptolemy.util.test.WatchDog.cancel(): canceling Tue Dec 18 03:06:12 UTC 2018
auto.tcl: Setting watchdog for 200 seconds at Tue Dec 18 03:06:12 UTC 2018
2412 ms. Memory: 287232K Free: 183797K (64%)
ptolemy.util.test.WatchDog.cancel(): canceling Tue Dec 18 03:06:14 UTC 2018
------------------ testing $PTII/ptolemy/domains/de/test/auto/OpenQueuingNetwork.xml
auto.tcl: Setting watchdog for 200 seconds at Tue Dec 18 03:06:14 UTC 2018
253 ms. Memory: 287232K Free: 183224K (64%)
ptolemy.util.test.WatchDog.cancel(): canceling Tue Dec 18 03:06:15 UTC 2018
auto.tcl: Setting watchdog for 200 seconds at Tue Dec 18 03:06:15 UTC 2018
272 ms. Memory: 287232K Free: 121142K (42%)
ptolemy.util.test.WatchDog.cancel(): canceling Tue Dec 18 03:06:15 UTC 2018
------------------ testing $PTII/ptolemy/domains/de/test/auto/PeriodicSampler.xml
auto.tcl: Setting watchdog for 200 seconds at Tue Dec 18 03:06:15 UTC 2018
3 ms. Memory: 289792K Free: 273925K (95%)
ptolemy.util.test.WatchDog.cancel(): canceling Tue Dec 18 03:06:15 UTC 2018
auto.tcl: Setting watchdog for 200 seconds at Tue Dec 18 03:06:15 UTC 2018
2 ms. Memory: 289792K Free: 273925K (95%)
ptolemy.util.test.WatchDog.cancel(): canceling Tue Dec 18 03:06:15 UTC 2018
------------------ testing $PTII/ptolemy/domains/de/test/auto/PersistentIO.xml
auto.tcl: Setting watchdog for 200 seconds at Tue Dec 18 03:06:15 UTC 2018
11 ms. Memory: 287232K Free: 266381K (93%)
ptolemy.util.test.WatchDog.cancel(): canceling Tue Dec 18 03:06:15 UTC 2018
auto.tcl: Setting watchdog for 200 seconds at Tue Dec 18 03:06:15 UTC 2018
4 ms. Memory: 287232K Free: 266381K (93%)
ptolemy.util.test.WatchDog.cancel(): canceling Tue Dec 18 03:06:15 UTC 2018
------------------ testing $PTII/ptolemy/domains/de/test/auto/PortParameterResetOnInitialize.xml
auto.tcl: Setting watchdog for 200 seconds at Tue Dec 18 03:06:15 UTC 2018
2 ms. Memory: 289280K Free: 273884K (95%)
ptolemy.util.test.WatchDog.cancel(): canceling Tue Dec 18 03:06:15 UTC 2018
auto.tcl: Setting watchdog for 200 seconds at Tue Dec 18 03:06:15 UTC 2018
2 ms. Memory: 289280K Free: 273884K (95%)
ptolemy.util.test.WatchDog.cancel(): canceling Tue Dec 18 03:06:15 UTC 2018
------------------ testing $PTII/ptolemy/domains/de/test/auto/PortParameterUpdates.xml
auto.tcl: Setting watchdog for 200 seconds at Tue Dec 18 03:06:15 UTC 2018
5 ms. Memory: 287232K Free: 274128K (95%)
ptolemy.util.test.WatchDog.cancel(): canceling Tue Dec 18 03:06:15 UTC 2018
auto.tcl: Setting watchdog for 200 seconds at Tue Dec 18 03:06:15 UTC 2018
4 ms. Memory: 287232K Free: 271279K (94%)
ptolemy.util.test.WatchDog.cancel(): canceling Tue Dec 18 03:06:15 UTC 2018
------------------ testing $PTII/ptolemy/domains/de/test/auto/QueueAndServer.xml
auto.tcl: Setting watchdog for 200 seconds at Tue Dec 18 03:06:15 UTC 2018
6 ms. Memory: 289280K Free: 273181K (94%)
ptolemy.util.test.WatchDog.cancel(): canceling Tue Dec 18 03:06:15 UTC 2018
auto.tcl: Setting watchdog for 200 seconds at Tue Dec 18 03:06:15 UTC 2018
7 ms. Memory: 289280K Free: 273181K (94%)
ptolemy.util.test.WatchDog.cancel(): canceling Tue Dec 18 03:06:15 UTC 2018
------------------ testing $PTII/ptolemy/domains/de/test/auto/Records.xml
auto.tcl: Setting watchdog for 200 seconds at Tue Dec 18 03:06:15 UTC 2018
8 ms. Memory: 287232K Free: 273933K (95%)
ptolemy.util.test.WatchDog.cancel(): canceling Tue Dec 18 03:06:15 UTC 2018
auto.tcl: Setting watchdog for 200 seconds at Tue Dec 18 03:06:15 UTC 2018
2 ms. Memory: 287232K Free: 273933K (95%)
ptolemy.util.test.WatchDog.cancel(): canceling Tue Dec 18 03:06:15 UTC 2018
------------------ testing $PTII/ptolemy/domains/de/test/auto/ResetTransitionWithStartTime1.xml
auto.tcl: Setting watchdog for 200 seconds at Tue Dec 18 03:06:15 UTC 2018
14 ms. Memory: 288768K Free: 268537K (93%)
ptolemy.util.test.WatchDog.cancel(): canceling Tue Dec 18 03:06:15 UTC 2018
auto.tcl: Setting watchdog for 200 seconds at Tue Dec 18 03:06:15 UTC 2018
6 ms. Memory: 288768K Free: 265687K (92%)
ptolemy.util.test.WatchDog.cancel(): canceling Tue Dec 18 03:06:15 UTC 2018
------------------ testing $PTII/ptolemy/domains/de/test/auto/ResetTransitionWithStartTime2.xml
auto.tcl: Setting watchdog for 200 seconds at Tue Dec 18 03:06:16 UTC 2018
5 ms. Memory: 287232K Free: 271201K (94%)
ptolemy.util.test.WatchDog.cancel(): canceling Tue Dec 18 03:06:16 UTC 2018
auto.tcl: Setting watchdog for 200 seconds at Tue Dec 18 03:06:16 UTC 2018
7 ms. Memory: 287232K Free: 268352K (93%)
ptolemy.util.test.WatchDog.cancel(): canceling Tue Dec 18 03:06:16 UTC 2018
------------------ testing $PTII/ptolemy/domains/de/test/auto/ResetTransitionWithStartTime3.xml
auto.tcl: Setting watchdog for 200 seconds at Tue Dec 18 03:06:16 UTC 2018
8 ms. Memory: 288768K Free: 272651K (94%)
ptolemy.util.test.WatchDog.cancel(): canceling Tue Dec 18 03:06:16 UTC 2018
auto.tcl: Setting watchdog for 200 seconds at Tue Dec 18 03:06:16 UTC 2018
9 ms. Memory: 288768K Free: 269817K (93%)
ptolemy.util.test.WatchDog.cancel(): canceling Tue Dec 18 03:06:16 UTC 2018
------------------ testing $PTII/ptolemy/domains/de/test/auto/ResetTransitionWithStartTime4.xml
auto.tcl: Setting watchdog for 200 seconds at Tue Dec 18 03:06:16 UTC 2018
5 ms. Memory: 287232K Free: 271097K (94%)
ptolemy.util.test.WatchDog.cancel(): canceling Tue Dec 18 03:06:16 UTC 2018
auto.tcl: Setting watchdog for 200 seconds at Tue Dec 18 03:06:16 UTC 2018
3 ms. Memory: 287232K Free: 271097K (94%)
ptolemy.util.test.WatchDog.cancel(): canceling Tue Dec 18 03:06:16 UTC 2018
------------------ testing $PTII/ptolemy/domains/de/test/auto/ResettableTimer1.xml
auto.tcl: Setting watchdog for 200 seconds at Tue Dec 18 03:06:16 UTC 2018
4 ms. Memory: 288768K Free: 275461K (95%)
ptolemy.util.test.WatchDog.cancel(): canceling Tue Dec 18 03:06:16 UTC 2018
auto.tcl: Setting watchdog for 200 seconds at Tue Dec 18 03:06:16 UTC 2018
3 ms. Memory: 288768K Free: 275461K (95%)
ptolemy.util.test.WatchDog.cancel(): canceling Tue Dec 18 03:06:16 UTC 2018
------------------ testing $PTII/ptolemy/domains/de/test/auto/ResettableTimer2.xml
auto.tcl: Setting watchdog for 200 seconds at Tue Dec 18 03:06:16 UTC 2018
3 ms. Memory: 287232K Free: 274085K (95%)
ptolemy.util.test.WatchDog.cancel(): canceling Tue Dec 18 03:06:16 UTC 2018
auto.tcl: Setting watchdog for 200 seconds at Tue Dec 18 03:06:16 UTC 2018
2 ms. Memory: 287232K Free: 274085K (95%)
ptolemy.util.test.WatchDog.cancel(): canceling Tue Dec 18 03:06:16 UTC 2018
------------------ testing $PTII/ptolemy/domains/de/test/auto/ResettableTimer3.xml
auto.tcl: Setting watchdog for 200 seconds at Tue Dec 18 03:06:16 UTC 2018
1 ms. Memory: 288256K Free: 275007K (95%)
ptolemy.util.test.WatchDog.cancel(): canceling Tue Dec 18 03:06:16 UTC 2018
auto.tcl: Setting watchdog for 200 seconds at Tue Dec 18 03:06:16 UTC 2018
1 ms. Memory: 288256K Free: 275007K (95%)
ptolemy.util.test.WatchDog.cancel(): canceling Tue Dec 18 03:06:16 UTC 2018
------------------ testing $PTII/ptolemy/domains/de/test/auto/ResettableTimer4.xml
auto.tcl: Setting watchdog for 200 seconds at Tue Dec 18 03:06:16 UTC 2018
2 ms. Memory: 287232K Free: 274112K (95%)
ptolemy.util.test.WatchDog.cancel(): canceling Tue Dec 18 03:06:16 UTC 2018
auto.tcl: Setting watchdog for 200 seconds at Tue Dec 18 03:06:16 UTC 2018
1 ms. Memory: 287232K Free: 274112K (95%)
ptolemy.util.test.WatchDog.cancel(): canceling Tue Dec 18 03:06:16 UTC 2018
------------------ testing $PTII/ptolemy/domains/de/test/auto/ResettableTimer5.xml
auto.tcl: Setting watchdog for 200 seconds at Tue Dec 18 03:06:16 UTC 2018
2 ms. Memory: 288256K Free: 273069K (95%)
ptolemy.util.test.WatchDog.cancel(): canceling Tue Dec 18 03:06:16 UTC 2018
auto.tcl: Setting watchdog for 200 seconds at Tue Dec 18 03:06:16 UTC 2018
1 ms. Memory: 288256K Free: 273069K (95%)
ptolemy.util.test.WatchDog.cancel(): canceling Tue Dec 18 03:06:16 UTC 2018
------------------ testing $PTII/ptolemy/domains/de/test/auto/ResettableTimer6.xml
auto.tcl: Setting watchdog for 200 seconds at Tue Dec 18 03:06:16 UTC 2018
2 ms. Memory: 287232K Free: 271885K (95%)
ptolemy.util.test.WatchDog.cancel(): canceling Tue Dec 18 03:06:16 UTC 2018
auto.tcl: Setting watchdog for 200 seconds at Tue Dec 18 03:06:16 UTC 2018
1 ms. Memory: 287232K Free: 271885K (95%)
ptolemy.util.test.WatchDog.cancel(): canceling Tue Dec 18 03:06:16 UTC 2018
------------------ testing $PTII/ptolemy/domains/de/test/auto/ServerZeroDelay.xml
auto.tcl: Setting watchdog for 200 seconds at Tue Dec 18 03:06:16 UTC 2018
3 ms. Memory: 288256K Free: 275067K (95%)
ptolemy.util.test.WatchDog.cancel(): canceling Tue Dec 18 03:06:16 UTC 2018
auto.tcl: Setting watchdog for 200 seconds at Tue Dec 18 03:06:16 UTC 2018
2 ms. Memory: 288256K Free: 275067K (95%)
ptolemy.util.test.WatchDog.cancel(): canceling Tue Dec 18 03:06:16 UTC 2018
------------------ testing $PTII/ptolemy/domains/de/test/auto/SmartSender.xml
auto.tcl: Setting watchdog for 200 seconds at Tue Dec 18 03:06:16 UTC 2018
3002 ms. Memory: 287232K Free: 271989K (95%)
ptolemy.util.test.WatchDog.cancel(): canceling Tue Dec 18 03:06:19 UTC 2018
auto.tcl: Setting watchdog for 200 seconds at Tue Dec 18 03:06:19 UTC 2018
3001 ms. Memory: 287232K Free: 271989K (95%)
ptolemy.util.test.WatchDog.cancel(): canceling Tue Dec 18 03:06:22 UTC 2018
------------------ testing $PTII/ptolemy/domains/de/test/auto/ThreadedComposite.xml
auto.tcl: Setting watchdog for 200 seconds at Tue Dec 18 03:06:22 UTC 2018
256 ms. Memory: 288256K Free: 252043K (87%)
ptolemy.util.test.WatchDog.cancel(): canceling Tue Dec 18 03:06:23 UTC 2018
auto.tcl: Setting watchdog for 200 seconds at Tue Dec 18 03:06:23 UTC 2018
156 ms. Memory: 288256K Free: 234011K (81%)
ptolemy.util.test.WatchDog.cancel(): canceling Tue Dec 18 03:06:23 UTC 2018
------------------ testing $PTII/ptolemy/domains/de/test/auto/Time.xml
auto.tcl: Setting watchdog for 200 seconds at Tue Dec 18 03:06:23 UTC 2018
523 ms. Memory: 287232K Free: 218081K (76%)
ptolemy.util.test.WatchDog.cancel(): canceling Tue Dec 18 03:06:23 UTC 2018
auto.tcl: Setting watchdog for 200 seconds at Tue Dec 18 03:06:23 UTC 2018
529 ms. Memory: 287232K Free: 161413K (56%)
ptolemy.util.test.WatchDog.cancel(): canceling Tue Dec 18 03:06:24 UTC 2018
------------------ testing $PTII/ptolemy/domains/de/test/auto/TimeDelayZeroDelay.xml
auto.tcl: Setting watchdog for 200 seconds at Tue Dec 18 03:06:24 UTC 2018
2 ms. Memory: 287744K Free: 274970K (96%)
ptolemy.util.test.WatchDog.cancel(): canceling Tue Dec 18 03:06:24 UTC 2018
auto.tcl: Setting watchdog for 200 seconds at Tue Dec 18 03:06:24 UTC 2018
2 ms. Memory: 287744K Free: 274970K (96%)
ptolemy.util.test.WatchDog.cancel(): canceling Tue Dec 18 03:06:24 UTC 2018
------------------ testing $PTII/ptolemy/domains/de/test/auto/TimerZeroDelay.xml
auto.tcl: Setting watchdog for 200 seconds at Tue Dec 18 03:06:24 UTC 2018
2 ms. Memory: 287232K Free: 274560K (96%)
ptolemy.util.test.WatchDog.cancel(): canceling Tue Dec 18 03:06:24 UTC 2018
auto.tcl: Setting watchdog for 200 seconds at Tue Dec 18 03:06:24 UTC 2018
2 ms. Memory: 287232K Free: 274560K (96%)
ptolemy.util.test.WatchDog.cancel(): canceling Tue Dec 18 03:06:24 UTC 2018
------------------ testing $PTII/ptolemy/domains/de/test/auto/TimingParadox.xml
auto.tcl: Setting watchdog for 200 seconds at Tue Dec 18 03:06:24 UTC 2018
383 ms. Memory: 287744K Free: 207176K (72%)
ptolemy.util.test.WatchDog.cancel(): canceling Tue Dec 18 03:06:24 UTC 2018
auto.tcl: Setting watchdog for 200 seconds at Tue Dec 18 03:06:24 UTC 2018
346 ms. Memory: 287744K Free: 168832K (59%)
ptolemy.util.test.WatchDog.cancel(): canceling Tue Dec 18 03:06:25 UTC 2018
------------------ testing $PTII/ptolemy/domains/de/test/auto/TransferInputs.xml
auto.tcl: Setting watchdog for 200 seconds at Tue Dec 18 03:06:25 UTC 2018
2 ms. Memory: 287744K Free: 273937K (95%)
ptolemy.util.test.WatchDog.cancel(): canceling Tue Dec 18 03:06:25 UTC 2018
auto.tcl: Setting watchdog for 200 seconds at Tue Dec 18 03:06:25 UTC 2018
2 ms. Memory: 287744K Free: 273937K (95%)
ptolemy.util.test.WatchDog.cancel(): canceling Tue Dec 18 03:06:25 UTC 2018
------------------ testing $PTII/ptolemy/domains/de/test/auto/TransferOutputs2.xml
auto.tcl: Setting watchdog for 200 seconds at Tue Dec 18 03:06:25 UTC 2018
3 ms. Memory: 287232K Free: 269913K (94%)
ptolemy.util.test.WatchDog.cancel(): canceling Tue Dec 18 03:06:25 UTC 2018
auto.tcl: Setting watchdog for 200 seconds at Tue Dec 18 03:06:25 UTC 2018
3 ms. Memory: 287232K Free: 267326K (93%)
ptolemy.util.test.WatchDog.cancel(): canceling Tue Dec 18 03:06:25 UTC 2018
------------------ testing $PTII/ptolemy/domains/de/test/auto/Trilateration.xml
auto.tcl: Setting watchdog for 200 seconds at Tue Dec 18 03:06:25 UTC 2018
13227 ms. Memory: 473088K Free: 251541K (53%)
ptolemy.util.test.WatchDog.cancel(): canceling Tue Dec 18 03:06:39 UTC 2018
auto.tcl: Setting watchdog for 200 seconds at Tue Dec 18 03:06:39 UTC 2018
10743 ms. Memory: 352256K Free: 212767K (60%)
ptolemy.util.test.WatchDog.cancel(): canceling Tue Dec 18 03:06:50 UTC 2018
------------------ testing $PTII/ptolemy/domains/de/test/auto/TwoSigmaDelta.xml
auto.tcl: Setting watchdog for 200 seconds at Tue Dec 18 03:06:50 UTC 2018
2820 ms. Memory: 339968K Free: 297463K (87%)
ptolemy.util.test.WatchDog.cancel(): canceling Tue Dec 18 03:06:53 UTC 2018
auto.tcl: Setting watchdog for 200 seconds at Tue Dec 18 03:06:53 UTC 2018
2298 ms. Memory: 326144K Free: 304296K (93%)
ptolemy.util.test.WatchDog.cancel(): canceling Tue Dec 18 03:06:55 UTC 2018
------------------ testing $PTII/ptolemy/domains/de/test/auto/VariableDelay.xml
auto.tcl: Setting watchdog for 200 seconds at Tue Dec 18 03:06:56 UTC 2018
2 ms. Memory: 328192K Free: 301559K (92%)
ptolemy.util.test.WatchDog.cancel(): canceling Tue Dec 18 03:06:56 UTC 2018
auto.tcl: Setting watchdog for 200 seconds at Tue Dec 18 03:06:56 UTC 2018
2 ms. Memory: 328192K Free: 297854K (91%)
ptolemy.util.test.WatchDog.cancel(): canceling Tue Dec 18 03:06:56 UTC 2018
------------------ testing $PTII/ptolemy/domains/de/test/auto/VariableDelay2.xml
auto.tcl: Setting watchdog for 200 seconds at Tue Dec 18 03:06:56 UTC 2018
8 ms. Memory: 326144K Free: 302359K (93%)
ptolemy.util.test.WatchDog.cancel(): canceling Tue Dec 18 03:06:56 UTC 2018
auto.tcl: Setting watchdog for 200 seconds at Tue Dec 18 03:06:56 UTC 2018
2 ms. Memory: 326144K Free: 298654K (92%)
ptolemy.util.test.WatchDog.cancel(): canceling Tue Dec 18 03:06:56 UTC 2018
------------------ testing $PTII/ptolemy/domains/de/test/auto/VariableDelayZeroDelay.xml
auto.tcl: Setting watchdog for 200 seconds at Tue Dec 18 03:06:56 UTC 2018
2 ms. Memory: 328192K Free: 301960K (92%)
ptolemy.util.test.WatchDog.cancel(): canceling Tue Dec 18 03:06:56 UTC 2018
auto.tcl: Setting watchdog for 200 seconds at Tue Dec 18 03:06:56 UTC 2018
2 ms. Memory: 328192K Free: 298270K (91%)
ptolemy.util.test.WatchDog.cancel(): canceling Tue Dec 18 03:06:56 UTC 2018
------------------ testing $PTII/ptolemy/domains/de/test/auto/VariableDelayZeroDelay2.xml
auto.tcl: Setting watchdog for 200 seconds at Tue Dec 18 03:06:56 UTC 2018
1 ms. Memory: 326144K Free: 299910K (92%)
ptolemy.util.test.WatchDog.cancel(): canceling Tue Dec 18 03:06:56 UTC 2018
auto.tcl: Setting watchdog for 200 seconds at Tue Dec 18 03:06:56 UTC 2018
1 ms. Memory: 326144K Free: 296221K (91%)
ptolemy.util.test.WatchDog.cancel(): canceling Tue Dec 18 03:06:56 UTC 2018
------------------ testing $PTII/ptolemy/domains/de/test/auto/deInCt.xml
auto.tcl: Setting watchdog for 200 seconds at Tue Dec 18 03:06:56 UTC 2018
0
1
1
0
0
0
0
0
1
1
1
0
0
0
1
1
1
1
0
0
0
1
1
1
0
0
0
0
0
0
1
1
1
0
0
0
1
1
1
0
0
0
0
6 ms. Memory: 327680K Free: 297738K (91%)
ptolemy.util.test.WatchDog.cancel(): canceling Tue Dec 18 03:06:56 UTC 2018
auto.tcl: Setting watchdog for 200 seconds at Tue Dec 18 03:06:56 UTC 2018
0
1
1
1
1
0
0
0
0
0
1
1
1
0
0
1
1
1
0
0
0
0
1
1
1
1
1
0
0
0
0
9 ms. Memory: 327680K Free: 297738K (91%)
ptolemy.util.test.WatchDog.cancel(): canceling Tue Dec 18 03:06:56 UTC 2018
------------------ testing $PTII/ptolemy/domains/de/test/auto/deInCt2.xml
auto.tcl: Setting watchdog for 200 seconds at Tue Dec 18 03:06:56 UTC 2018
0
1
1
1
0
0
1
1
1
0
0
1
1
1
0
0
1
1
1
0
0
1
1
1
0
0
1
1
1
0
0
1
1
1
0
0
1
1
1
0
0
0
5 ms. Memory: 326144K Free: 296198K (91%)
ptolemy.util.test.WatchDog.cancel(): canceling Tue Dec 18 03:06:56 UTC 2018
auto.tcl: Setting watchdog for 200 seconds at Tue Dec 18 03:06:56 UTC 2018
0
1
1
1
0
0
1
1
1
0
0
1
1
1
0
0
1
1
1
0
0
1
1
1
0
0
1
1
1
0
0
1
1
1
0
0
1
1
1
0
0
0
5 ms. Memory: 326144K Free: 296198K (91%)
ptolemy.util.test.WatchDog.cancel(): canceling Tue Dec 18 03:06:56 UTC 2018
------------------ testing $PTII/ptolemy/domains/de/test/auto/dynamicCausalityInterface1.xml
auto.tcl: Setting watchdog for 200 seconds at Tue Dec 18 03:06:56 UTC 2018
1 ms. Memory: 327680K Free: 294044K (90%)
ptolemy.util.test.WatchDog.cancel(): canceling Tue Dec 18 03:06:56 UTC 2018
auto.tcl: Setting watchdog for 200 seconds at Tue Dec 18 03:06:56 UTC 2018
1 ms. Memory: 327680K Free: 294044K (90%)
ptolemy.util.test.WatchDog.cancel(): canceling Tue Dec 18 03:06:56 UTC 2018
------------------ testing $PTII/ptolemy/domains/de/test/auto/fsm_de_test.xml
auto.tcl: Setting watchdog for 200 seconds at Tue Dec 18 03:06:56 UTC 2018
7 ms. Memory: 326144K Free: 292403K (90%)
ptolemy.util.test.WatchDog.cancel(): canceling Tue Dec 18 03:06:56 UTC 2018
auto.tcl: Setting watchdog for 200 seconds at Tue Dec 18 03:06:56 UTC 2018
5 ms. Memory: 326144K Free: 292403K (90%)
ptolemy.util.test.WatchDog.cancel(): canceling Tue Dec 18 03:06:56 UTC 2018
------------------ testing $PTII/ptolemy/domains/de/test/auto/functionDependencyReconstruction.xml
auto.tcl: Setting watchdog for 200 seconds at Tue Dec 18 03:06:56 UTC 2018
4 ms. Memory: 327168K Free: 286047K (87%)
ptolemy.util.test.WatchDog.cancel(): canceling Tue Dec 18 03:06:56 UTC 2018
auto.tcl: Setting watchdog for 200 seconds at Tue Dec 18 03:06:56 UTC 2018
2 ms. Memory: 327168K Free: 286047K (87%)
ptolemy.util.test.WatchDog.cancel(): canceling Tue Dec 18 03:06:56 UTC 2018
------------------ testing $PTII/ptolemy/domains/de/test/auto/multirate.xml
auto.tcl: Setting watchdog for 200 seconds at Tue Dec 18 03:06:57 UTC 2018
3 ms. Memory: 326144K Free: 295959K (91%)
ptolemy.util.test.WatchDog.cancel(): canceling Tue Dec 18 03:06:57 UTC 2018
auto.tcl: Setting watchdog for 200 seconds at Tue Dec 18 03:06:57 UTC 2018
3 ms. Memory: 326144K Free: 295959K (91%)
ptolemy.util.test.WatchDog.cancel(): canceling Tue Dec 18 03:06:57 UTC 2018
------------------ testing $PTII/ptolemy/domains/de/test/auto/multirate2.xml
auto.tcl: Setting watchdog for 200 seconds at Tue Dec 18 03:06:57 UTC 2018
6 ms. Memory: 327168K Free: 297179K (91%)
ptolemy.util.test.WatchDog.cancel(): canceling Tue Dec 18 03:06:57 UTC 2018
auto.tcl: Setting watchdog for 200 seconds at Tue Dec 18 03:06:57 UTC 2018
3 ms. Memory: 327168K Free: 297179K (91%)
ptolemy.util.test.WatchDog.cancel(): canceling Tue Dec 18 03:06:57 UTC 2018
------------------ testing $PTII/ptolemy/domains/de/test/auto/realtime.xml
auto.tcl: Setting watchdog for 200 seconds at Tue Dec 18 03:06:57 UTC 2018
10001 ms. Memory: 326144K Free: 296150K (91%)
ptolemy.util.test.WatchDog.cancel(): canceling Tue Dec 18 03:07:07 UTC 2018
auto.tcl: Setting watchdog for 200 seconds at Tue Dec 18 03:07:07 UTC 2018
10002 ms. Memory: 326144K Free: 296150K (91%)
ptolemy.util.test.WatchDog.cancel(): canceling Tue Dec 18 03:07:17 UTC 2018
------------------ testing $PTII/ptolemy/domains/de/test/auto/relationGroup.xml
auto.tcl: Setting watchdog for 200 seconds at Tue Dec 18 03:07:17 UTC 2018
2 ms. Memory: 327168K Free: 300901K (92%)
ptolemy.util.test.WatchDog.cancel(): canceling Tue Dec 18 03:07:17 UTC 2018
auto.tcl: Setting watchdog for 200 seconds at Tue Dec 18 03:07:17 UTC 2018
1 ms. Memory: 327168K Free: 300901K (92%)
ptolemy.util.test.WatchDog.cancel(): canceling Tue Dec 18 03:07:17 UTC 2018
------------------ testing $PTII/ptolemy/domains/de/test/auto/relationGroup2.xml
auto.tcl: Setting watchdog for 200 seconds at Tue Dec 18 03:07:17 UTC 2018
1 ms. Memory: 326144K Free: 299903K (92%)
ptolemy.util.test.WatchDog.cancel(): canceling Tue Dec 18 03:07:17 UTC 2018
auto.tcl: Setting watchdog for 200 seconds at Tue Dec 18 03:07:17 UTC 2018
2 ms. Memory: 326144K Free: 299903K (92%)
ptolemy.util.test.WatchDog.cancel(): canceling Tue Dec 18 03:07:17 UTC 2018
------------------ testing $PTII/ptolemy/domains/de/test/auto/sortWithOpaquePorts.xml
auto.tcl: Setting watchdog for 200 seconds at Tue Dec 18 03:07:17 UTC 2018
2 ms. Memory: 326656K Free: 300416K (92%)
ptolemy.util.test.WatchDog.cancel(): canceling Tue Dec 18 03:07:17 UTC 2018
auto.tcl: Setting watchdog for 200 seconds at Tue Dec 18 03:07:17 UTC 2018
2 ms. Memory: 326656K Free: 296719K (91%)
ptolemy.util.test.WatchDog.cancel(): canceling Tue Dec 18 03:07:17 UTC 2018
------------------ testing $PTII/ptolemy/domains/de/test/auto/transferInputsandOutputs.xml
auto.tcl: Setting watchdog for 200 seconds at Tue Dec 18 03:07:17 UTC 2018
2 ms. Memory: 326144K Free: 296187K (91%)
ptolemy.util.test.WatchDog.cancel(): canceling Tue Dec 18 03:07:17 UTC 2018
auto.tcl: Setting watchdog for 200 seconds at Tue Dec 18 03:07:17 UTC 2018
2 ms. Memory: 326144K Free: 296187K (91%)
ptolemy.util.test.WatchDog.cancel(): canceling Tue Dec 18 03:07:17 UTC 2018
------------------ testing $PTII/ptolemy/domains/de/test/auto/triggerType.xml
auto.tcl: Setting watchdog for 200 seconds at Tue Dec 18 03:07:17 UTC 2018
2 ms. Memory: 326656K Free: 300354K (92%)
ptolemy.util.test.WatchDog.cancel(): canceling Tue Dec 18 03:07:17 UTC 2018
auto.tcl: Setting watchdog for 200 seconds at Tue Dec 18 03:07:17 UTC 2018
1 ms. Memory: 326656K Free: 296649K (91%)
ptolemy.util.test.WatchDog.cancel(): canceling Tue Dec 18 03:07:17 UTC 2018
12/18/18 03:07:17
Failed: 0  Total Tests: 192  ((Passed: 187, Newly Passed: 1)  Known Failed: 5) /home/travis/build/icyphy/ptII/ptolemy/domains/de/test
12/18/18 03:07:17
Failed: 0  Total Tests: 192  ((Passed: 187, Newly Passed: 1)  Known Failed: 5) /home/travis/build/icyphy/ptII/ptolemy/domains/de/test
----------------- testing (KnownFailure) /home/travis/build/icyphy/ptII/ptolemy/domains/de/test/auto/knownFailedTests/DESDFClockTest.xml
2015 ms. Memory: 326144K Free: 290095K (89%)
Known Failure: java.lang.reflect.InvocationTargetException
----------------- testing (KnownFailure) /home/travis/build/icyphy/ptII/ptolemy/domains/de/test/auto/knownFailedTests/DirectFeedback.xml
2 ms. Memory: 326144K Free: 270515K (83%)
Known Failure: java.lang.reflect.InvocationTargetException
----------------- testing (KnownFailure) /home/travis/build/icyphy/ptII/ptolemy/domains/de/test/auto/knownFailedTests/FSMSource.xml
14 ms. Memory: 326144K Free: 246034K (75%)
----------------- testing (KnownFailure) /home/travis/build/icyphy/ptII/ptolemy/domains/de/test/auto/knownFailedTests/HierarchicalModel.xml
3 ms. Memory: 326144K Free: 221528K (68%)
Known Failure: java.lang.reflect.InvocationTargetException
----------------- testing (KnownFailure) /home/travis/build/icyphy/ptII/ptolemy/domains/de/test/auto/knownFailedTests/dependencyLoop.xml
2 ms. Memory: 326144K Free: 192143K (59%)
Known Failure: java.lang.reflect.InvocationTargetException
----------------- testing (KnownFailure) /home/travis/build/icyphy/ptII/ptolemy/domains/de/test/auto/knownFailedTests/dependencyLoop2.xml
3 ms. Memory: 326144K Free: 162758K (50%)
Known Failure: java.lang.reflect.InvocationTargetException
No auto/linux-amd64/*.xml tests in /home/travis/build/icyphy/ptII/ptolemy/domains/de/test
AutoTests.java: About to close Vertx.
AutoTests.java: Vertx closed.

===========================================================================================
----------------- testing Tue Dec 18 03:07:20 UTC 2018 /home/travis/build/icyphy/ptII/ptolemy/domains/de/test/auto/ActorDepthCalculation_actorWithoutPorts.xml
----------------- Instantiating /home/travis/build/icyphy/ptII/ptolemy/domains/de/test/auto/ActorDepthCalculation_actorWithoutPorts.xml
2 ms. Memory: 326144K Free: 133390K (41%)
----------------- Invoking toplevel() on ptolemy.moml.MoMLSimpleApplication@154c312c
----------------- Done invoking toplevel() on ptolemy.moml.MoMLSimpleApplication@154c312c
reloadAllAccessors: .ActorDepthCalculation_actorWithoutPorts

===========================================================================================
----------------- testing Tue Dec 18 03:07:20 UTC 2018 /home/travis/build/icyphy/ptII/ptolemy/domains/de/test/auto/AssemblyLine.xml
----------------- Instantiating /home/travis/build/icyphy/ptII/ptolemy/domains/de/test/auto/AssemblyLine.xml
4 ms. Memory: 326144K Free: 118689K (36%)
----------------- Invoking toplevel() on ptolemy.moml.MoMLSimpleApplication@949e2e3
----------------- Done invoking toplevel() on ptolemy.moml.MoMLSimpleApplication@949e2e3
reloadAllAccessors: .AssemblyLine

===========================================================================================
----------------- testing Tue Dec 18 03:07:20 UTC 2018 /home/travis/build/icyphy/ptII/ptolemy/domains/de/test/auto/CQBug1.xml
----------------- Instantiating /home/travis/build/icyphy/ptII/ptolemy/domains/de/test/auto/CQBug1.xml
0 ms. Memory: 326144K Free: 108900K (33%)
----------------- Invoking toplevel() on ptolemy.moml.MoMLSimpleApplication@1db3007d
----------------- Done invoking toplevel() on ptolemy.moml.MoMLSimpleApplication@1db3007d
reloadAllAccessors: .CQBug1

===========================================================================================
----------------- testing Tue Dec 18 03:07:20 UTC 2018 /home/travis/build/icyphy/ptII/ptolemy/domains/de/test/auto/CancelFireAt.xml
----------------- Instantiating /home/travis/build/icyphy/ptII/ptolemy/domains/de/test/auto/CancelFireAt.xml
1 ms. Memory: 326144K Free: 99110K (30%)
----------------- Invoking toplevel() on ptolemy.moml.MoMLSimpleApplication@5776bf08
----------------- Done invoking toplevel() on ptolemy.moml.MoMLSimpleApplication@5776bf08
reloadAllAccessors: .CancelFireAt

===========================================================================================
----------------- testing Tue Dec 18 03:07:20 UTC 2018 /home/travis/build/icyphy/ptII/ptolemy/domains/de/test/auto/CausalityAndComposabilityAnalysis.xml
----------------- Instantiating /home/travis/build/icyphy/ptII/ptolemy/domains/de/test/auto/CausalityAndComposabilityAnalysis.xml
2 ms. Memory: 326144K Free: 89321K (27%)
----------------- Invoking toplevel() on ptolemy.moml.MoMLSimpleApplication@1496603b
----------------- Done invoking toplevel() on ptolemy.moml.MoMLSimpleApplication@1496603b
reloadAllAccessors: .CausalityAndComposabilityAnalysis

===========================================================================================
----------------- testing Tue Dec 18 03:07:20 UTC 2018 /home/travis/build/icyphy/ptII/ptolemy/domains/de/test/auto/CausalityInterface1.xml
----------------- Instantiating /home/travis/build/icyphy/ptII/ptolemy/domains/de/test/auto/CausalityInterface1.xml
3 ms. Memory: 326144K Free: 79531K (24%)
----------------- Invoking toplevel() on ptolemy.moml.MoMLSimpleApplication@4b799b3
----------------- Done invoking toplevel() on ptolemy.moml.MoMLSimpleApplication@4b799b3
reloadAllAccessors: .CausalityInterface1

===========================================================================================
----------------- testing Tue Dec 18 03:07:20 UTC 2018 /home/travis/build/icyphy/ptII/ptolemy/domains/de/test/auto/CausalityInterface15.xml
----------------- Instantiating /home/travis/build/icyphy/ptII/ptolemy/domains/de/test/auto/CausalityInterface15.xml
1 ms. Memory: 326144K Free: 63744K (20%)
----------------- Invoking toplevel() on ptolemy.moml.MoMLSimpleApplication@6f8adf1f
----------------- Done invoking toplevel() on ptolemy.moml.MoMLSimpleApplication@6f8adf1f
reloadAllAccessors: .CausalityInterface15

[...]
java.lang.RuntimeException: Execution failed
	at ptolemy.moml.MoMLSimpleApplication$UnloadThread.run(MoMLSimpleApplication.java:402)
Caused by: ptolemy.kernel.util.IllegalActionException: Test fails in iteration 1.
Value was: 1.0. Should have been: 2.0
  in .DirectFeedback.Test
	at ptolemy.actor.lib.Test.fire(Test.java:268)
	at ptolemy.domains.de.kernel.DEDirector._fire(DEDirector.java:1949)
	at ptolemy.domains.de.kernel.DEDirector.fire(DEDirector.java:502)
	at ptolemy.actor.CompositeActor.fire(CompositeActor.java:455)
	at ptolemy.actor.Manager.iterate(Manager.java:851)
	at ptolemy.actor.Manager.execute(Manager.java:369)
	at ptolemy.actor.Manager.run(Manager.java:1263)
	at ptolemy.actor.Manager$PtolemyRunThread.run(Manager.java:1915)
java.lang.RuntimeException: Execution failed
	at ptolemy.moml.MoMLSimpleApplication$UnloadThread.run(MoMLSimpleApplication.java:402)
Caused by: ptolemy.kernel.util.IllegalActionException: Actor is not ready to fire.  Perhaps UpSample.prefire() returned false? Try debugging the actor by selecting "Listen to Actor".  Also, for SDF check moml for tokenConsumptionRate on input.
  in .DESDFClockTest.Play Bell.Copy1:SDF Director and .DESDFClockTest.Play Bell.UpSample
	at ptolemy.actor.sched.StaticSchedulingDirector.fire(StaticSchedulingDirector.java:227)
	at ptolemy.domains.sdf.kernel.SDFDirector.fire(SDFDirector.java:500)
	at ptolemy.actor.CompositeActor.fire(CompositeActor.java:455)
	at ptolemy.domains.de.kernel.DEDirector._fire(DEDirector.java:1949)
	at ptolemy.domains.de.kernel.DEDirector.fire(DEDirector.java:502)
	at ptolemy.actor.CompositeActor.fire(CompositeActor.java:455)
	at ptolemy.actor.Manager.iterate(Manager.java:851)
	at ptolemy.actor.Manager.execute(Manager.java:369)
	at ptolemy.actor.Manager.run(Manager.java:1263)
	at ptolemy.actor.Manager$PtolemyRunThread.run(Manager.java:1915)
java.lang.reflect.InvocationTargetException
	at sun.reflect.NativeConstructorAccessorImpl.newInstance0(Native Method)
	at sun.reflect.NativeConstructorAccessorImpl.newInstance(NativeConstructorAccessorImpl.java:62)
	at sun.reflect.DelegatingConstructorAccessorImpl.newInstance(DelegatingConstructorAccessorImpl.java:45)
	at java.lang.reflect.Constructor.newInstance(Constructor.java:423)
	at ptolemy.util.test.junit.AutoKnownFailedTests.RunModel(AutoKnownFailedTests.java:105)
	at sun.reflect.NativeMethodAccessorImpl.invoke0(Native Method)
	at sun.reflect.NativeMethodAccessorImpl.invoke(NativeMethodAccessorImpl.java:62)
	at sun.reflect.DelegatingMethodAccessorImpl.invoke(DelegatingMethodAccessorImpl.java:43)
	at java.lang.reflect.Method.invoke(Method.java:498)
	at org.junit.runners.model.FrameworkMethod$1.runReflectiveCall(FrameworkMethod.java:44)
	at org.junit.internal.runners.model.ReflectiveCallable.run(ReflectiveCallable.java:15)
	at org.junit.runners.model.FrameworkMethod.invokeExplosively(FrameworkMethod.java:41)
	at junitparams.internal.InvokeParameterisedMethod.evaluate(InvokeParameterisedMethod.java:102)
	at org.junit.internal.runners.statements.FailOnTimeout$1.run(FailOnTimeout.java:28)
Caused by: ptolemy.kernel.util.IllegalActionException: Actor is not ready to fire.  Perhaps UpSample.prefire() returned false? Try debugging the actor by selecting "Listen to Actor".  Also, for SDF check moml for tokenConsumptionRate on input.
  in .DESDFClockTest.Play Bell.Copy1:SDF Director and .DESDFClockTest.Play Bell.UpSample
	at ptolemy.actor.sched.StaticSchedulingDirector.fire(StaticSchedulingDirector.java:227)
	at ptolemy.domains.sdf.kernel.SDFDirector.fire(SDFDirector.java:500)
	at ptolemy.actor.CompositeActor.fire(CompositeActor.java:455)
	at ptolemy.domains.de.kernel.DEDirector._fire(DEDirector.java:1949)
	at ptolemy.domains.de.kernel.DEDirector.fire(DEDirector.java:502)
	at ptolemy.actor.CompositeActor.fire(CompositeActor.java:455)
	at ptolemy.actor.Manager.iterate(Manager.java:851)
	at ptolemy.actor.Manager.execute(Manager.java:369)
	at ptolemy.actor.Manager.run(Manager.java:1263)
	at ptolemy.actor.Manager$PtolemyRunThread.run(Manager.java:1915)
java.lang.RuntimeException: Execution failed
	at ptolemy.moml.MoMLSimpleApplication$UnloadThread.run(MoMLSimpleApplication.java:402)
Caused by: ptolemy.kernel.util.IllegalActionException: Test fails in iteration 1.
Value was: 1.0. Should have been: 2.0
  in .DirectFeedback.Test
	at ptolemy.actor.lib.Test.fire(Test.java:268)
	at ptolemy.domains.de.kernel.DEDirector._fire(DEDirector.java:1949)
	at ptolemy.domains.de.kernel.DEDirector.fire(DEDirector.java:502)
	at ptolemy.actor.CompositeActor.fire(CompositeActor.java:455)
	at ptolemy.actor.Manager.iterate(Manager.java:851)
	at ptolemy.actor.Manager.execute(Manager.java:369)
	at ptolemy.actor.Manager.run(Manager.java:1263)
	at ptolemy.actor.Manager$PtolemyRunThread.run(Manager.java:1915)
java.lang.reflect.InvocationTargetException
	at sun.reflect.NativeConstructorAccessorImpl.newInstance0(Native Method)
	at sun.reflect.NativeConstructorAccessorImpl.newInstance(NativeConstructorAccessorImpl.java:62)
	at sun.reflect.DelegatingConstructorAccessorImpl.newInstance(DelegatingConstructorAccessorImpl.java:45)
	at java.lang.reflect.Constructor.newInstance(Constructor.java:423)
	at ptolemy.util.test.junit.AutoKnownFailedTests.RunModel(AutoKnownFailedTests.java:105)
	at sun.reflect.NativeMethodAccessorImpl.invoke0(Native Method)
	at sun.reflect.NativeMethodAccessorImpl.invoke(NativeMethodAccessorImpl.java:62)
	at sun.reflect.DelegatingMethodAccessorImpl.invoke(DelegatingMethodAccessorImpl.java:43)
	at java.lang.reflect.Method.invoke(Method.java:498)
	at org.junit.runners.model.FrameworkMethod$1.runReflectiveCall(FrameworkMethod.java:44)
	at org.junit.internal.runners.model.ReflectiveCallable.run(ReflectiveCallable.java:15)
	at org.junit.runners.model.FrameworkMethod.invokeExplosively(FrameworkMethod.java:41)
	at junitparams.internal.InvokeParameterisedMethod.evaluate(InvokeParameterisedMethod.java:102)
	at org.junit.internal.runners.statements.FailOnTimeout$1.run(FailOnTimeout.java:28)
Caused by: ptolemy.kernel.util.IllegalActionException: Test fails in iteration 1.
Value was: 1.0. Should have been: 2.0
  in .DirectFeedback.Test
	at ptolemy.actor.lib.Test.fire(Test.java:268)
	at ptolemy.domains.de.kernel.DEDirector._fire(DEDirector.java:1949)
	at ptolemy.domains.de.kernel.DEDirector.fire(DEDirector.java:502)
	at ptolemy.actor.CompositeActor.fire(CompositeActor.java:455)
	at ptolemy.actor.Manager.iterate(Manager.java:851)
	at ptolemy.actor.Manager.execute(Manager.java:369)
	at ptolemy.actor.Manager.run(Manager.java:1263)
	at ptolemy.actor.Manager$PtolemyRunThread.run(Manager.java:1915)
java.lang.RuntimeException: Execution failed
	at ptolemy.moml.MoMLSimpleApplication$UnloadThread.run(MoMLSimpleApplication.java:402)
Caused by: ptolemy.kernel.util.IllegalActionException: Found a zero delay loop containing .HierarchicalModel.A
  in .HierarchicalModel and .HierarchicalModel.A
	at ptolemy.actor.util.CausalityInterfaceForComposites._computeOutputPortDepth(CausalityInterfaceForComposites.java:759)
	at ptolemy.actor.util.CausalityInterfaceForComposites._computeInputDepth(CausalityInterfaceForComposites.java:696)
	at ptolemy.actor.util.CausalityInterfaceForComposites._computeOutputPortDepth(CausalityInterfaceForComposites.java:765)
	at ptolemy.actor.util.CausalityInterfaceForComposites._computeInputDepth(CausalityInterfaceForComposites.java:696)
	at ptolemy.actor.util.CausalityInterfaceForComposites._computeOutputPortDepth(CausalityInterfaceForComposites.java:765)
	at ptolemy.actor.util.CausalityInterfaceForComposites._computeInputDepth(CausalityInterfaceForComposites.java:696)
	at ptolemy.actor.util.CausalityInterfaceForComposites._computeActorDepth(CausalityInterfaceForComposites.java:532)
	at ptolemy.actor.util.CausalityInterfaceForComposites.checkForCycles(CausalityInterfaceForComposites.java:96)
	at ptolemy.domains.de.kernel.DEDirector.preinitialize(DEDirector.java:1338)
	at ptolemy.actor.CompositeActor.preinitialize(CompositeActor.java:1828)
	at ptolemy.actor.Manager.preinitializeAndResolveTypes(Manager.java:1040)
	at ptolemy.actor.Manager.initialize(Manager.java:710)
	at ptolemy.actor.Manager.execute(Manager.java:356)
	at ptolemy.actor.Manager.run(Manager.java:1263)
	at ptolemy.actor.Manager$PtolemyRunThread.run(Manager.java:1915)
java.lang.reflect.InvocationTargetException
	at sun.reflect.NativeConstructorAccessorImpl.newInstance0(Native Method)
	at sun.reflect.NativeConstructorAccessorImpl.newInstance(NativeConstructorAccessorImpl.java:62)
	at sun.reflect.DelegatingConstructorAccessorImpl.newInstance(DelegatingConstructorAccessorImpl.java:45)
	at java.lang.reflect.Constructor.newInstance(Constructor.java:423)
	at ptolemy.util.test.junit.AutoKnownFailedTests.RunModel(AutoKnownFailedTests.java:105)
	at sun.reflect.NativeMethodAccessorImpl.invoke0(Native Method)
	at sun.reflect.NativeMethodAccessorImpl.invoke(NativeMethodAccessorImpl.java:62)
	at sun.reflect.DelegatingMethodAccessorImpl.invoke(DelegatingMethodAccessorImpl.java:43)
	at java.lang.reflect.Method.invoke(Method.java:498)
	at org.junit.runners.model.FrameworkMethod$1.runReflectiveCall(FrameworkMethod.java:44)
	at org.junit.internal.runners.model.ReflectiveCallable.run(ReflectiveCallable.java:15)
	at org.junit.runners.model.FrameworkMethod.invokeExplosively(FrameworkMethod.java:41)
	at junitparams.internal.InvokeParameterisedMethod.evaluate(InvokeParameterisedMethod.java:102)
	at org.junit.internal.runners.statements.FailOnTimeout$1.run(FailOnTimeout.java:28)
Caused by: ptolemy.kernel.util.IllegalActionException: Found a zero delay loop containing .HierarchicalModel.A
  in .HierarchicalModel and .HierarchicalModel.A
	at ptolemy.actor.util.CausalityInterfaceForComposites._computeOutputPortDepth(CausalityInterfaceForComposites.java:759)
	at ptolemy.actor.util.CausalityInterfaceForComposites._computeInputDepth(CausalityInterfaceForComposites.java:696)
	at ptolemy.actor.util.CausalityInterfaceForComposites._computeOutputPortDepth(CausalityInterfaceForComposites.java:765)
	at ptolemy.actor.util.CausalityInterfaceForComposites._computeInputDepth(CausalityInterfaceForComposites.java:696)
	at ptolemy.actor.util.CausalityInterfaceForComposites._computeOutputPortDepth(CausalityInterfaceForComposites.java:765)
	at ptolemy.actor.util.CausalityInterfaceForComposites._computeInputDepth(CausalityInterfaceForComposites.java:696)
	at ptolemy.actor.util.CausalityInterfaceForComposites._computeActorDepth(CausalityInterfaceForComposites.java:532)
	at ptolemy.actor.util.CausalityInterfaceForComposites.checkForCycles(CausalityInterfaceForComposites.java:96)
	at ptolemy.domains.de.kernel.DEDirector.preinitialize(DEDirector.java:1338)
	at ptolemy.actor.CompositeActor.preinitialize(CompositeActor.java:1828)
	at ptolemy.actor.Manager.preinitializeAndResolveTypes(Manager.java:1040)
	at ptolemy.actor.Manager.initialize(Manager.java:710)
	at ptolemy.actor.Manager.execute(Manager.java:356)
	at ptolemy.actor.Manager.run(Manager.java:1263)
	at ptolemy.actor.Manager$PtolemyRunThread.run(Manager.java:1915)
java.lang.RuntimeException: Execution failed
	at ptolemy.moml.MoMLSimpleApplication$UnloadThread.run(MoMLSimpleApplication.java:402)
Caused by: ptolemy.kernel.util.IllegalActionException: Found a zero delay loop containing .dependencyLoop.original
  in .dependencyLoop and .dependencyLoop.original
	at ptolemy.actor.util.CausalityInterfaceForComposites._computeOutputPortDepth(CausalityInterfaceForComposites.java:759)
	at ptolemy.actor.util.CausalityInterfaceForComposites._computeInputDepth(CausalityInterfaceForComposites.java:696)
	at ptolemy.actor.util.CausalityInterfaceForComposites._computeOutputPortDepth(CausalityInterfaceForComposites.java:765)
	at ptolemy.actor.util.CausalityInterfaceForComposites._computeInputDepth(CausalityInterfaceForComposites.java:696)
	at ptolemy.actor.util.CausalityInterfaceForComposites._computeOutputPortDepth(CausalityInterfaceForComposites.java:765)
	at ptolemy.actor.util.CausalityInterfaceForComposites._computeInputDepth(CausalityInterfaceForComposites.java:696)
	at ptolemy.actor.util.CausalityInterfaceForComposites._computeActorDepth(CausalityInterfaceForComposites.java:532)
	at ptolemy.actor.util.CausalityInterfaceForComposites.checkForCycles(CausalityInterfaceForComposites.java:96)
	at ptolemy.domains.de.kernel.DEDirector.preinitialize(DEDirector.java:1338)
	at ptolemy.actor.CompositeActor.preinitialize(CompositeActor.java:1828)
	at ptolemy.actor.Manager.preinitializeAndResolveTypes(Manager.java:1040)
	at ptolemy.actor.Manager.initialize(Manager.java:710)
	at ptolemy.actor.Manager.execute(Manager.java:356)
	at ptolemy.actor.Manager.run(Manager.java:1263)
	at ptolemy.actor.Manager$PtolemyRunThread.run(Manager.java:1915)
java.lang.reflect.InvocationTargetException
	at sun.reflect.NativeConstructorAccessorImpl.newInstance0(Native Method)
	at sun.reflect.NativeConstructorAccessorImpl.newInstance(NativeConstructorAccessorImpl.java:62)
	at sun.reflect.DelegatingConstructorAccessorImpl.newInstance(DelegatingConstructorAccessorImpl.java:45)
	at java.lang.reflect.Constructor.newInstance(Constructor.java:423)
	at ptolemy.util.test.junit.AutoKnownFailedTests.RunModel(AutoKnownFailedTests.java:105)
	at sun.reflect.NativeMethodAccessorImpl.invoke0(Native Method)
	at sun.reflect.NativeMethodAccessorImpl.invoke(NativeMethodAccessorImpl.java:62)
	at sun.reflect.DelegatingMethodAccessorImpl.invoke(DelegatingMethodAccessorImpl.java:43)
	at java.lang.reflect.Method.invoke(Method.java:498)
	at org.junit.runners.model.FrameworkMethod$1.runReflectiveCall(FrameworkMethod.java:44)
	at org.junit.internal.runners.model.ReflectiveCallable.run(ReflectiveCallable.java:15)
	at org.junit.runners.model.FrameworkMethod.invokeExplosively(FrameworkMethod.java:41)
	at junitparams.internal.InvokeParameterisedMethod.evaluate(InvokeParameterisedMethod.java:102)
	at org.junit.internal.runners.statements.FailOnTimeout$1.run(FailOnTimeout.java:28)
Caused by: ptolemy.kernel.util.IllegalActionException: Found a zero delay loop containing .dependencyLoop.original
  in .dependencyLoop and .dependencyLoop.original
	at ptolemy.actor.util.CausalityInterfaceForComposites._computeOutputPortDepth(CausalityInterfaceForComposites.java:759)
	at ptolemy.actor.util.CausalityInterfaceForComposites._computeInputDepth(CausalityInterfaceForComposites.java:696)
	at ptolemy.actor.util.CausalityInterfaceForComposites._computeOutputPortDepth(CausalityInterfaceForComposites.java:765)
	at ptolemy.actor.util.CausalityInterfaceForComposites._computeInputDepth(CausalityInterfaceForComposites.java:696)
	at ptolemy.actor.util.CausalityInterfaceForComposites._computeOutputPortDepth(CausalityInterfaceForComposites.java:765)
	at ptolemy.actor.util.CausalityInterfaceForComposites._computeInputDepth(CausalityInterfaceForComposites.java:696)
	at ptolemy.actor.util.CausalityInterfaceForComposites._computeActorDepth(CausalityInterfaceForComposites.java:532)
	at ptolemy.actor.util.CausalityInterfaceForComposites.checkForCycles(CausalityInterfaceForComposites.java:96)
	at ptolemy.domains.de.kernel.DEDirector.preinitialize(DEDirector.java:1338)
	at ptolemy.actor.CompositeActor.preinitialize(CompositeActor.java:1828)
	at ptolemy.actor.Manager.preinitializeAndResolveTypes(Manager.java:1040)
	at ptolemy.actor.Manager.initialize(Manager.java:710)
	at ptolemy.actor.Manager.execute(Manager.java:356)
	at ptolemy.actor.Manager.run(Manager.java:1263)
	at ptolemy.actor.Manager$PtolemyRunThread.run(Manager.java:1915)
java.lang.RuntimeException: Execution failed
	at ptolemy.moml.MoMLSimpleApplication$UnloadThread.run(MoMLSimpleApplication.java:402)
Caused by: ptolemy.kernel.util.IllegalActionException: Found a zero delay loop containing .dependencyLoop2.original
  in .dependencyLoop2 and .dependencyLoop2.original
	at ptolemy.actor.util.CausalityInterfaceForComposites._computeOutputPortDepth(CausalityInterfaceForComposites.java:759)
	at ptolemy.actor.util.CausalityInterfaceForComposites._computeInputDepth(CausalityInterfaceForComposites.java:696)
	at ptolemy.actor.util.CausalityInterfaceForComposites._computeOutputPortDepth(CausalityInterfaceForComposites.java:765)
	at ptolemy.actor.util.CausalityInterfaceForComposites._computeInputDepth(CausalityInterfaceForComposites.java:696)
	at ptolemy.actor.util.CausalityInterfaceForComposites._computeOutputPortDepth(CausalityInterfaceForComposites.java:765)
	at ptolemy.actor.util.CausalityInterfaceForComposites._computeInputDepth(CausalityInterfaceForComposites.java:696)
	at ptolemy.actor.util.CausalityInterfaceForComposites._computeActorDepth(CausalityInterfaceForComposites.java:532)
	at ptolemy.actor.util.CausalityInterfaceForComposites.checkForCycles(CausalityInterfaceForComposites.java:96)
	at ptolemy.domains.de.kernel.DEDirector.preinitialize(DEDirector.java:1338)
	at ptolemy.actor.CompositeActor.preinitialize(CompositeActor.java:1828)
	at ptolemy.actor.Manager.preinitializeAndResolveTypes(Manager.java:1040)
	at ptolemy.actor.Manager.initialize(Manager.java:710)
	at ptolemy.actor.Manager.execute(Manager.java:356)
	at ptolemy.actor.Manager.run(Manager.java:1263)
	at ptolemy.actor.Manager$PtolemyRunThread.run(Manager.java:1915)
java.lang.reflect.InvocationTargetException
	at sun.reflect.NativeConstructorAccessorImpl.newInstance0(Native Method)
	at sun.reflect.NativeConstructorAccessorImpl.newInstance(NativeConstructorAccessorImpl.java:62)
	at sun.reflect.DelegatingConstructorAccessorImpl.newInstance(DelegatingConstructorAccessorImpl.java:45)
	at java.lang.reflect.Constructor.newInstance(Constructor.java:423)
	at ptolemy.util.test.junit.AutoKnownFailedTests.RunModel(AutoKnownFailedTests.java:105)
	at sun.reflect.NativeMethodAccessorImpl.invoke0(Native Method)
	at sun.reflect.NativeMethodAccessorImpl.invoke(NativeMethodAccessorImpl.java:62)
	at sun.reflect.DelegatingMethodAccessorImpl.invoke(DelegatingMethodAccessorImpl.java:43)
	at java.lang.reflect.Method.invoke(Method.java:498)
	at org.junit.runners.model.FrameworkMethod$1.runReflectiveCall(FrameworkMethod.java:44)
	at org.junit.internal.runners.model.ReflectiveCallable.run(ReflectiveCallable.java:15)
	at org.junit.runners.model.FrameworkMethod.invokeExplosively(FrameworkMethod.java:41)
	at junitparams.internal.InvokeParameterisedMethod.evaluate(InvokeParameterisedMethod.java:102)
	at org.junit.internal.runners.statements.FailOnTimeout$1.run(FailOnTimeout.java:28)
Caused by: ptolemy.kernel.util.IllegalActionException: Found a zero delay loop containing .dependencyLoop2.original
  in .dependencyLoop2 and .dependencyLoop2.original
	at ptolemy.actor.util.CausalityInterfaceForComposites._computeOutputPortDepth(CausalityInterfaceForComposites.java:759)
	at ptolemy.actor.util.CausalityInterfaceForComposites._computeInputDepth(CausalityInterfaceForComposites.java:696)
	at ptolemy.actor.util.CausalityInterfaceForComposites._computeOutputPortDepth(CausalityInterfaceForComposites.java:765)
	at ptolemy.actor.util.CausalityInterfaceForComposites._computeInputDepth(CausalityInterfaceForComposites.java:696)
	at ptolemy.actor.util.CausalityInterfaceForComposites._computeOutputPortDepth(CausalityInterfaceForComposites.java:765)
	at ptolemy.actor.util.CausalityInterfaceForComposites._computeInputDepth(CausalityInterfaceForComposites.java:696)
	at ptolemy.actor.util.CausalityInterfaceForComposites._computeActorDepth(CausalityInterfaceForComposites.java:532)
	at ptolemy.actor.util.CausalityInterfaceForComposites.checkForCycles(CausalityInterfaceForComposites.java:96)
	at ptolemy.domains.de.kernel.DEDirector.preinitialize(DEDirector.java:1338)
	at ptolemy.actor.CompositeActor.preinitialize(CompositeActor.java:1828)
	at ptolemy.actor.Manager.preinitializeAndResolveTypes(Manager.java:1040)
	at ptolemy.actor.Manager.initialize(Manager.java:710)
	at ptolemy.actor.Manager.execute(Manager.java:356)
	at ptolemy.actor.Manager.run(Manager.java:1263)
	at ptolemy.actor.Manager$PtolemyRunThread.run(Manager.java:1915)
]]></system-err>
</testsuite>
