<?xml version="1.0" encoding="UTF-8" ?>
<testsuite errors="0" failures="0" hostname="travis-job-c4e72700-c808-4d87-9cd5-1d3f09c7aa4c" name="ptolemy.domains.de.test.junit.JUnitTclTest" skipped="0" tests="101" time="127.695" timestamp="2018-06-03T20:26:31">
  <properties>
[...]
</properties>
  <testcase classname="ptolemy.util.test.junit.TclTests" name="[0] /home/travis/build/icyphy/ptII/ptolemy/domains/de/test/DependencyLoop.tcl (RunTclFile)" time="0.787" />
  <testcase classname="ptolemy.util.test.junit.TclTests" name="[1] /home/travis/build/icyphy/ptII/ptolemy/domains/de/test/RunDETestsAsQSS.tcl (RunTclFile)" time="88.036" />
  <testcase classname="ptolemy.util.test.junit.AutoKnownFailedTests" name="[0] /home/travis/build/icyphy/ptII/ptolemy/domains/de/test/auto/knownFailedTests/DESDFClockTest.xml (RunModel)" time="2.031" />
  <testcase classname="ptolemy.util.test.junit.AutoKnownFailedTests" name="[1] /home/travis/build/icyphy/ptII/ptolemy/domains/de/test/auto/knownFailedTests/DirectFeedback.xml (RunModel)" time="0.022" />
  <testcase classname="ptolemy.util.test.junit.AutoKnownFailedTests" name="[2] /home/travis/build/icyphy/ptII/ptolemy/domains/de/test/auto/knownFailedTests/FSMSource.xml (RunModel)" time="0.02" />
  <testcase classname="ptolemy.util.test.junit.AutoKnownFailedTests" name="[3] /home/travis/build/icyphy/ptII/ptolemy/domains/de/test/auto/knownFailedTests/HierarchicalModel.xml (RunModel)" time="0.029" />
  <testcase classname="ptolemy.util.test.junit.AutoKnownFailedTests" name="[4] /home/travis/build/icyphy/ptII/ptolemy/domains/de/test/auto/knownFailedTests/dependencyLoop.xml (RunModel)" time="0.027" />
  <testcase classname="ptolemy.util.test.junit.AutoKnownFailedTests" name="[5] /home/travis/build/icyphy/ptII/ptolemy/domains/de/test/auto/knownFailedTests/dependencyLoop2.xml (RunModel)" time="0.023" />
  <testcase classname="ptolemy.util.test.junit.AutoNameArchTests" name="[0] ThereAreNoAutoArchTests (RunModel)" time="0.0" />
  <testcase classname="ptolemy.util.test.junit.AutoTests" name="[0] /home/travis/build/icyphy/ptII/ptolemy/domains/de/test/auto/ActorDepthCalculation_actorWithoutPorts.xml (RunModel)" time="0.009" />
  <testcase classname="ptolemy.util.test.junit.AutoTests" name="[1] /home/travis/build/icyphy/ptII/ptolemy/domains/de/test/auto/AssemblyLine.xml (RunModel)" time="0.011" />
  <testcase classname="ptolemy.util.test.junit.AutoTests" name="[2] /home/travis/build/icyphy/ptII/ptolemy/domains/de/test/auto/CQBug1.xml (RunModel)" time="0.009" />
  <testcase classname="ptolemy.util.test.junit.AutoTests" name="[3] /home/travis/build/icyphy/ptII/ptolemy/domains/de/test/auto/CancelFireAt.xml (RunModel)" time="0.005" />
  <testcase classname="ptolemy.util.test.junit.AutoTests" name="[4] /home/travis/build/icyphy/ptII/ptolemy/domains/de/test/auto/CausalityAndComposabilityAnalysis.xml (RunModel)" time="0.009" />
  <testcase classname="ptolemy.util.test.junit.AutoTests" name="[5] /home/travis/build/icyphy/ptII/ptolemy/domains/de/test/auto/CausalityInterface1.xml (RunModel)" time="0.016" />
  <testcase classname="ptolemy.util.test.junit.AutoTests" name="[6] /home/travis/build/icyphy/ptII/ptolemy/domains/de/test/auto/CausalityInterface15.xml (RunModel)" time="0.01" />
  <testcase classname="ptolemy.util.test.junit.AutoTests" name="[7] /home/travis/build/icyphy/ptII/ptolemy/domains/de/test/auto/CausalityInterface2.xml (RunModel)" time="0.008" />
  <testcase classname="ptolemy.util.test.junit.AutoTests" name="[8] /home/travis/build/icyphy/ptII/ptolemy/domains/de/test/auto/CausalityInterface3.xml (RunModel)" time="0.008" />
  <testcase classname="ptolemy.util.test.junit.AutoTests" name="[9] /home/travis/build/icyphy/ptII/ptolemy/domains/de/test/auto/ClockDrift.xml (RunModel)" time="0.024" />
  <testcase classname="ptolemy.util.test.junit.AutoTests" name="[10] /home/travis/build/icyphy/ptII/ptolemy/domains/de/test/auto/ClockDriftAndValueChange.xml (RunModel)" time="0.021" />
  <testcase classname="ptolemy.util.test.junit.AutoTests" name="[11] /home/travis/build/icyphy/ptII/ptolemy/domains/de/test/auto/ClockDriftChange.xml (RunModel)" time="0.018" />
  <testcase classname="ptolemy.util.test.junit.AutoTests" name="[12] /home/travis/build/icyphy/ptII/ptolemy/domains/de/test/auto/ComposableCausalityAnalysis.xml (RunModel)" time="0.011" />
  <testcase classname="ptolemy.util.test.junit.AutoTests" name="[13] /home/travis/build/icyphy/ptII/ptolemy/domains/de/test/auto/DEFixedPointLimitation.xml (RunModel)" time="0.007" />
  <testcase classname="ptolemy.util.test.junit.AutoTests" name="[14] /home/travis/build/icyphy/ptII/ptolemy/domains/de/test/auto/DEScheduleTest.xml (RunModel)" time="0.01" />
  <testcase classname="ptolemy.util.test.junit.AutoTests" name="[15] /home/travis/build/icyphy/ptII/ptolemy/domains/de/test/auto/DEinDEwithStartTimes.xml (RunModel)" time="0.01" />
  <testcase classname="ptolemy.util.test.junit.AutoTests" name="[16] /home/travis/build/icyphy/ptII/ptolemy/domains/de/test/auto/DEinDEwithStartTimes2.xml (RunModel)" time="0.012" />
  <testcase classname="ptolemy.util.test.junit.AutoTests" name="[17] /home/travis/build/icyphy/ptII/ptolemy/domains/de/test/auto/DateDemo.xml (RunModel)" time="0.022" />
  <testcase classname="ptolemy.util.test.junit.AutoTests" name="[18] /home/travis/build/icyphy/ptII/ptolemy/domains/de/test/auto/DateToEvent.xml (RunModel)" time="2.032" />
  <testcase classname="ptolemy.util.test.junit.AutoTests" name="[19] /home/travis/build/icyphy/ptII/ptolemy/domains/de/test/auto/DepthTest1.xml (RunModel)" time="0.004" />
  <testcase classname="ptolemy.util.test.junit.AutoTests" name="[20] /home/travis/build/icyphy/ptII/ptolemy/domains/de/test/auto/DepthTest2.xml (RunModel)" time="0.01" />
  <testcase classname="ptolemy.util.test.junit.AutoTests" name="[21] /home/travis/build/icyphy/ptII/ptolemy/domains/de/test/auto/DepthTest3.xml (RunModel)" time="0.005" />
  <testcase classname="ptolemy.util.test.junit.AutoTests" name="[22] /home/travis/build/icyphy/ptII/ptolemy/domains/de/test/auto/DepthTest4.xml (RunModel)" time="0.007" />
  <testcase classname="ptolemy.util.test.junit.AutoTests" name="[23] /home/travis/build/icyphy/ptII/ptolemy/domains/de/test/auto/DepthTest5.xml (RunModel)" time="0.009" />
  <testcase classname="ptolemy.util.test.junit.AutoTests" name="[24] /home/travis/build/icyphy/ptII/ptolemy/domains/de/test/auto/DepthTest6.xml (RunModel)" time="0.008" />
  <testcase classname="ptolemy.util.test.junit.AutoTests" name="[25] /home/travis/build/icyphy/ptII/ptolemy/domains/de/test/auto/DepthTest7.xml (RunModel)" time="0.008" />
  <testcase classname="ptolemy.util.test.junit.AutoTests" name="[26] /home/travis/build/icyphy/ptII/ptolemy/domains/de/test/auto/EventToDate.xml (RunModel)" time="3.022" />
  <testcase classname="ptolemy.util.test.junit.AutoTests" name="[27] /home/travis/build/icyphy/ptII/ptolemy/domains/de/test/auto/FSM1.xml (RunModel)" time="0.021" />
  <testcase classname="ptolemy.util.test.junit.AutoTests" name="[28] /home/travis/build/icyphy/ptII/ptolemy/domains/de/test/auto/FSM7.xml (RunModel)" time="0.028" />
  <testcase classname="ptolemy.util.test.junit.AutoTests" name="[29] /home/travis/build/icyphy/ptII/ptolemy/domains/de/test/auto/Inspection.xml (RunModel)" time="0.04" />
  <testcase classname="ptolemy.util.test.junit.AutoTests" name="[30] /home/travis/build/icyphy/ptII/ptolemy/domains/de/test/auto/Iteration.xml (RunModel)" time="0.013" />
  <testcase classname="ptolemy.util.test.junit.AutoTests" name="[31] /home/travis/build/icyphy/ptII/ptolemy/domains/de/test/auto/LineFault.xml (RunModel)" time="0.386" />
  <testcase classname="ptolemy.util.test.junit.AutoTests" name="[32] /home/travis/build/icyphy/ptII/ptolemy/domains/de/test/auto/MergeModel1Add.xml (RunModel)" time="0.032" />
  <testcase classname="ptolemy.util.test.junit.AutoTests" name="[33] /home/travis/build/icyphy/ptII/ptolemy/domains/de/test/auto/MergeModel2Add.xml (RunModel)" time="0.026" />
  <testcase classname="ptolemy.util.test.junit.AutoTests" name="[34] /home/travis/build/icyphy/ptII/ptolemy/domains/de/test/auto/MergeModel3Add.xml (RunModel)" time="0.025" />
  <testcase classname="ptolemy.util.test.junit.AutoTests" name="[35] /home/travis/build/icyphy/ptII/ptolemy/domains/de/test/auto/MergeWithoutDiscard.xml (RunModel)" time="0.007" />
  <testcase classname="ptolemy.util.test.junit.AutoTests" name="[36] /home/travis/build/icyphy/ptII/ptolemy/domains/de/test/auto/Modal1.xml (RunModel)" time="0.018" />
  <testcase classname="ptolemy.util.test.junit.AutoTests" name="[37] /home/travis/build/icyphy/ptII/ptolemy/domains/de/test/auto/Modal2.xml (RunModel)" time="0.022" />
  <testcase classname="ptolemy.util.test.junit.AutoTests" name="[38] /home/travis/build/icyphy/ptII/ptolemy/domains/de/test/auto/Modal3.xml (RunModel)" time="0.028" />
  <testcase classname="ptolemy.util.test.junit.AutoTests" name="[39] /home/travis/build/icyphy/ptII/ptolemy/domains/de/test/auto/Modal4.xml (RunModel)" time="0.019" />
  <testcase classname="ptolemy.util.test.junit.AutoTests" name="[40] /home/travis/build/icyphy/ptII/ptolemy/domains/de/test/auto/Modal5.xml (RunModel)" time="0.019" />
  <testcase classname="ptolemy.util.test.junit.AutoTests" name="[41] /home/travis/build/icyphy/ptII/ptolemy/domains/de/test/auto/Modal6.xml (RunModel)" time="0.019" />
  <testcase classname="ptolemy.util.test.junit.AutoTests" name="[42] /home/travis/build/icyphy/ptII/ptolemy/domains/de/test/auto/Modal7.xml (RunModel)" time="0.026" />
  <testcase classname="ptolemy.util.test.junit.AutoTests" name="[43] /home/travis/build/icyphy/ptII/ptolemy/domains/de/test/auto/ModalModel.xml (RunModel)" time="0.117" />
  <testcase classname="ptolemy.util.test.junit.AutoTests" name="[44] /home/travis/build/icyphy/ptII/ptolemy/domains/de/test/auto/ModalSource.xml (RunModel)" time="0.017" />
  <testcase classname="ptolemy.util.test.junit.AutoTests" name="[45] /home/travis/build/icyphy/ptII/ptolemy/domains/de/test/auto/NonInterruptibleTimerZeroDelay.xml (RunModel)" time="0.006" />
  <testcase classname="ptolemy.util.test.junit.AutoTests" name="[46] /home/travis/build/icyphy/ptII/ptolemy/domains/de/test/auto/OpenQueueingNetwork.xml (RunModel)" time="1.863" />
  <testcase classname="ptolemy.util.test.junit.AutoTests" name="[47] /home/travis/build/icyphy/ptII/ptolemy/domains/de/test/auto/OpenQueuingNetwork.xml (RunModel)" time="0.305" />
  <testcase classname="ptolemy.util.test.junit.AutoTests" name="[48] /home/travis/build/icyphy/ptII/ptolemy/domains/de/test/auto/PeriodicSampler.xml (RunModel)" time="0.009" />
  <testcase classname="ptolemy.util.test.junit.AutoTests" name="[49] /home/travis/build/icyphy/ptII/ptolemy/domains/de/test/auto/PersistentIO.xml (RunModel)" time="0.019" />
  <testcase classname="ptolemy.util.test.junit.AutoTests" name="[50] /home/travis/build/icyphy/ptII/ptolemy/domains/de/test/auto/PortParameterResetOnInitialize.xml (RunModel)" time="0.008" />
  <testcase classname="ptolemy.util.test.junit.AutoTests" name="[51] /home/travis/build/icyphy/ptII/ptolemy/domains/de/test/auto/PortParameterUpdates.xml (RunModel)" time="0.014" />
  <testcase classname="ptolemy.util.test.junit.AutoTests" name="[52] /home/travis/build/icyphy/ptII/ptolemy/domains/de/test/auto/QueueAndServer.xml (RunModel)" time="0.018" />
  <testcase classname="ptolemy.util.test.junit.AutoTests" name="[53] /home/travis/build/icyphy/ptII/ptolemy/domains/de/test/auto/Records.xml (RunModel)" time="0.013" />
  <testcase classname="ptolemy.util.test.junit.AutoTests" name="[54] /home/travis/build/icyphy/ptII/ptolemy/domains/de/test/auto/ResetTransitionWithStartTime1.xml (RunModel)" time="0.017" />
  <testcase classname="ptolemy.util.test.junit.AutoTests" name="[55] /home/travis/build/icyphy/ptII/ptolemy/domains/de/test/auto/ResetTransitionWithStartTime2.xml (RunModel)" time="0.018" />
  <testcase classname="ptolemy.util.test.junit.AutoTests" name="[56] /home/travis/build/icyphy/ptII/ptolemy/domains/de/test/auto/ResetTransitionWithStartTime3.xml (RunModel)" time="0.018" />
  <testcase classname="ptolemy.util.test.junit.AutoTests" name="[57] /home/travis/build/icyphy/ptII/ptolemy/domains/de/test/auto/ResetTransitionWithStartTime4.xml (RunModel)" time="0.022" />
  <testcase classname="ptolemy.util.test.junit.AutoTests" name="[58] /home/travis/build/icyphy/ptII/ptolemy/domains/de/test/auto/ResettableTimer1.xml (RunModel)" time="0.009" />
  <testcase classname="ptolemy.util.test.junit.AutoTests" name="[59] /home/travis/build/icyphy/ptII/ptolemy/domains/de/test/auto/ResettableTimer2.xml (RunModel)" time="0.009" />
  <testcase classname="ptolemy.util.test.junit.AutoTests" name="[60] /home/travis/build/icyphy/ptII/ptolemy/domains/de/test/auto/ResettableTimer3.xml (RunModel)" time="0.009" />
  <testcase classname="ptolemy.util.test.junit.AutoTests" name="[61] /home/travis/build/icyphy/ptII/ptolemy/domains/de/test/auto/ResettableTimer4.xml (RunModel)" time="0.008" />
  <testcase classname="ptolemy.util.test.junit.AutoTests" name="[62] /home/travis/build/icyphy/ptII/ptolemy/domains/de/test/auto/ResettableTimer5.xml (RunModel)" time="0.01" />
  <testcase classname="ptolemy.util.test.junit.AutoTests" name="[63] /home/travis/build/icyphy/ptII/ptolemy/domains/de/test/auto/ResettableTimer6.xml (RunModel)" time="0.01" />
  <testcase classname="ptolemy.util.test.junit.AutoTests" name="[64] /home/travis/build/icyphy/ptII/ptolemy/domains/de/test/auto/ServerZeroDelay.xml (RunModel)" time="0.01" />
  <testcase classname="ptolemy.util.test.junit.AutoTests" name="[65] /home/travis/build/icyphy/ptII/ptolemy/domains/de/test/auto/SmartSender.xml (RunModel)" time="3.009" />
  <testcase classname="ptolemy.util.test.junit.AutoTests" name="[66] /home/travis/build/icyphy/ptII/ptolemy/domains/de/test/auto/ThreadedComposite.xml (RunModel)" time="0.209" />
  <testcase classname="ptolemy.util.test.junit.AutoTests" name="[67] /home/travis/build/icyphy/ptII/ptolemy/domains/de/test/auto/Time.xml (RunModel)" time="0.453" />
  <testcase classname="ptolemy.util.test.junit.AutoTests" name="[68] /home/travis/build/icyphy/ptII/ptolemy/domains/de/test/auto/TimeDelayZeroDelay.xml (RunModel)" time="0.014" />
  <testcase classname="ptolemy.util.test.junit.AutoTests" name="[69] /home/travis/build/icyphy/ptII/ptolemy/domains/de/test/auto/TimerZeroDelay.xml (RunModel)" time="0.01" />
  <testcase classname="ptolemy.util.test.junit.AutoTests" name="[70] /home/travis/build/icyphy/ptII/ptolemy/domains/de/test/auto/TimingParadox.xml (RunModel)" time="0.394" />
  <testcase classname="ptolemy.util.test.junit.AutoTests" name="[71] /home/travis/build/icyphy/ptII/ptolemy/domains/de/test/auto/TransferInputs.xml (RunModel)" time="0.027" />
  <testcase classname="ptolemy.util.test.junit.AutoTests" name="[72] /home/travis/build/icyphy/ptII/ptolemy/domains/de/test/auto/TransferOutputs2.xml (RunModel)" time="0.011" />
  <testcase classname="ptolemy.util.test.junit.AutoTests" name="[73] /home/travis/build/icyphy/ptII/ptolemy/domains/de/test/auto/Trilateration.xml (RunModel)" time="11.019" />
  <testcase classname="ptolemy.util.test.junit.AutoTests" name="[74] /home/travis/build/icyphy/ptII/ptolemy/domains/de/test/auto/TwoSigmaDelta.xml (RunModel)" time="2.522" />
  <testcase classname="ptolemy.util.test.junit.AutoTests" name="[75] /home/travis/build/icyphy/ptII/ptolemy/domains/de/test/auto/VariableDelay.xml (RunModel)" time="0.016" />
  <testcase classname="ptolemy.util.test.junit.AutoTests" name="[76] /home/travis/build/icyphy/ptII/ptolemy/domains/de/test/auto/VariableDelay2.xml (RunModel)" time="0.009" />
  <testcase classname="ptolemy.util.test.junit.AutoTests" name="[77] /home/travis/build/icyphy/ptII/ptolemy/domains/de/test/auto/VariableDelayZeroDelay.xml (RunModel)" time="0.009" />
  <testcase classname="ptolemy.util.test.junit.AutoTests" name="[78] /home/travis/build/icyphy/ptII/ptolemy/domains/de/test/auto/VariableDelayZeroDelay2.xml (RunModel)" time="0.009" />
  <testcase classname="ptolemy.util.test.junit.AutoTests" name="[79] /home/travis/build/icyphy/ptII/ptolemy/domains/de/test/auto/deInCt.xml (RunModel)" time="0.016" />
  <testcase classname="ptolemy.util.test.junit.AutoTests" name="[80] /home/travis/build/icyphy/ptII/ptolemy/domains/de/test/auto/deInCt2.xml (RunModel)" time="0.014" />
  <testcase classname="ptolemy.util.test.junit.AutoTests" name="[81] /home/travis/build/icyphy/ptII/ptolemy/domains/de/test/auto/dynamicCausalityInterface1.xml (RunModel)" time="0.018" />
  <testcase classname="ptolemy.util.test.junit.AutoTests" name="[82] /home/travis/build/icyphy/ptII/ptolemy/domains/de/test/auto/fsm_de_test.xml (RunModel)" time="0.025" />
  <testcase classname="ptolemy.util.test.junit.AutoTests" name="[83] /home/travis/build/icyphy/ptII/ptolemy/domains/de/test/auto/functionDependencyReconstruction.xml (RunModel)" time="0.033" />
  <testcase classname="ptolemy.util.test.junit.AutoTests" name="[84] /home/travis/build/icyphy/ptII/ptolemy/domains/de/test/auto/multirate.xml (RunModel)" time="0.015" />
  <testcase classname="ptolemy.util.test.junit.AutoTests" name="[85] /home/travis/build/icyphy/ptII/ptolemy/domains/de/test/auto/multirate2.xml (RunModel)" time="0.014" />
  <testcase classname="ptolemy.util.test.junit.AutoTests" name="[86] /home/travis/build/icyphy/ptII/ptolemy/domains/de/test/auto/realtime.xml (RunModel)" time="10.01" />
  <testcase classname="ptolemy.util.test.junit.AutoTests" name="[87] /home/travis/build/icyphy/ptII/ptolemy/domains/de/test/auto/relationGroup.xml (RunModel)" time="0.006" />
  <testcase classname="ptolemy.util.test.junit.AutoTests" name="[88] /home/travis/build/icyphy/ptII/ptolemy/domains/de/test/auto/relationGroup2.xml (RunModel)" time="0.005" />
  <testcase classname="ptolemy.util.test.junit.AutoTests" name="[89] /home/travis/build/icyphy/ptII/ptolemy/domains/de/test/auto/sortWithOpaquePorts.xml (RunModel)" time="0.008" />
  <testcase classname="ptolemy.util.test.junit.AutoTests" name="[90] /home/travis/build/icyphy/ptII/ptolemy/domains/de/test/auto/transferInputsandOutputs.xml (RunModel)" time="0.011" />
  <testcase classname="ptolemy.util.test.junit.AutoTests" name="[91] /home/travis/build/icyphy/ptII/ptolemy/domains/de/test/auto/triggerType.xml (RunModel)" time="0.01" />
  <system-out><![CDATA[/home/travis/build/icyphy/ptII/ptolemy/domains/de/test/DependencyLoop.tcl
testDefs.tcl: setting time out to 9000 seconds at Sun Jun 03 20:26:31 UTC 2018
16 ms. Memory: 116224K Free: 95043K (82%)
14 ms. Memory: 146944K Free: 139122K (95%)
/home/travis/build/icyphy/ptII/ptolemy/domains/de/test/RunDETestsAsQSS.tcl
Run the DE tests using ptolemy.domains.qss.test.QSSDirectorTest, which extends QSSDirector and prints a message in the constructors.
------------------ testing $PTII/ptolemy/domains/de/test/auto/knownFailedTests/dependencyLoop.xml (Known Failure) 
19 ms. Memory: 146944K Free: 134849K (92%)


==== $PTIIhome/travis/build/icyphy/ptII/ptolemy/domains/de/test/../../../../: Auto Automatic test in file $PTII/ptolemy/domains/de/test/auto/knownFailedTests/dependencyLoop.xml
==== Contents of test case:

	    # FIXME: we should use $relativeFilename here, but it
	    # might have backslashes under Windows, which causes no end
	    # of trouble.
	    createAndExecute $file
	    list {}
	
.... Test generated KNOWN error:
    while executing
ptolemy.kernel.util.IllegalActionException: Found a zero delay loop containing .dependencyLoop.original
  in .dependencyLoop and .dependencyLoop.original
	at ptolemy.actor.util.CausalityInterfaceForComposites._computeOutputPortDepth(CausalityInterfaceForComposites.java:759)
	at ptolemy.actor.util.CausalityInterfaceForComposites._computeInputDepth(CausalityInterfaceForComposites.java:696)
	at ptolemy.actor.util.CausalityInterfaceForComposites._computeOutputPortDepth(CausalityInterfaceForComposites.java:765)
	at ptolemy.actor.util.CausalityInterfaceForComposites._computeInputDepth(CausalityInterfaceForComposites.java:696)
	at ptolemy.actor.util.CausalityInterfaceForComposites._computeOutputPortDepth(CausalityInterfaceForComposites.java:765)
	at ptolemy.actor.util.CausalityInterfaceForComposites._computeInputDepth(CausalityInterfaceForComposites.java:696)
	at ptolemy.actor.util.CausalityInterfaceForComposites._computeActorDepth(CausalityInterfaceForComposites.java:532)
	at ptolemy.actor.util.CausalityInterfaceForComposites.checkForCycles(CausalityInterfaceForComposites.java:96)
	at ptolemy.domains.de.kernel.DEDirector.preinitialize(DEDirector.java:1337)
	at ptolemy.actor.CompositeActor.preinitialize(CompositeActor.java:1828)
	at ptolemy.actor.Manager.preinitializeAndResolveTypes(Manager.java:1040)
	at ptolemy.actor.Manager.initialize(Manager.java:710)
	at ptolemy.actor.Manager.execute(Manager.java:356)
	at ptolemy.actor.Manager.run(Manager.java:1263)
	at ptolemy.actor.Manager$PtolemyRunThread.run(Manager.java:1915)

    while executing
ptolemy.kernel.util.IllegalActionException: Found a zero delay loop containing .dependencyLoop.original
  in .dependencyLoop and .dependencyLoop.original
    while executing
"java::new ptolemy.moml.MoMLSimpleApplication $file
"
    (procedure "createAndExecute" line 2)
    invoked from within
"createAndExecute $file"
    ("uplevel" body line 5)
    invoked from within
"uplevel $contents_of_test"
------------------ testing $PTII/ptolemy/domains/de/test/auto/knownFailedTests/DESDFClockTest.xml (Known Failure) 
2067 ms. Memory: 146944K Free: 118972K (81%)


==== $PTIIhome/travis/build/icyphy/ptII/ptolemy/domains/de/test/../../../../: Auto Automatic test in file $PTII/ptolemy/domains/de/test/auto/knownFailedTests/DESDFClockTest.xml
==== Contents of test case:

	    # FIXME: we should use $relativeFilename here, but it
	    # might have backslashes under Windows, which causes no end
	    # of trouble.
	    createAndExecute $file
	    list {}
	
.... Test generated KNOWN error:
    while executing
ptolemy.kernel.util.IllegalActionException: Actor is not ready to fire.  Perhaps UpSample.prefire() returned false? Try debugging the actor by selecting "Listen to Actor".  Also, for SDF check moml for tokenConsumptionRate on input.
  in .DESDFClockTest.Play Bell.Copy1:SDF Director and .DESDFClockTest.Play Bell.UpSample
	at ptolemy.actor.sched.StaticSchedulingDirector.fire(StaticSchedulingDirector.java:227)
	at ptolemy.domains.sdf.kernel.SDFDirector.fire(SDFDirector.java:500)
	at ptolemy.actor.CompositeActor.fire(CompositeActor.java:455)
	at ptolemy.domains.de.kernel.DEDirector._fire(DEDirector.java:1948)
	at ptolemy.domains.de.kernel.DEDirector.fire(DEDirector.java:502)
	at ptolemy.actor.CompositeActor.fire(CompositeActor.java:455)
	at ptolemy.actor.Manager.iterate(Manager.java:851)
	at ptolemy.actor.Manager.execute(Manager.java:369)
	at ptolemy.actor.Manager.run(Manager.java:1263)
	at ptolemy.actor.Manager$PtolemyRunThread.run(Manager.java:1915)

    while executing
ptolemy.kernel.util.IllegalActionException: Actor is not ready to fire.  Perhaps UpSample.prefire() returned false? Try debugging the actor by selecting "Listen to Actor".  Also, for SDF check moml for tokenConsumptionRate on input.
  in .DESDFClockTest.Play Bell.Copy1:SDF Director and .DESDFClockTest.Play Bell.UpSample
    while executing
"java::new ptolemy.moml.MoMLSimpleApplication $file
"
    (procedure "createAndExecute" line 2)
    invoked from within
"createAndExecute $file"
    ("uplevel" body line 5)
    invoked from within
"uplevel $contents_of_test"
------------------ testing $PTII/ptolemy/domains/de/test/auto/knownFailedTests/FSMSource.xml (Known Failure) 
40 ms. Memory: 146944K Free: 109951K (75%)
!!!! Auto was marked as failing, but now passes
------------------ testing $PTII/ptolemy/domains/de/test/auto/knownFailedTests/dependencyLoop2.xml (Known Failure) 
11 ms. Memory: 146944K Free: 108067K (74%)


==== $PTIIhome/travis/build/icyphy/ptII/ptolemy/domains/de/test/../../../../: Auto Automatic test in file $PTII/ptolemy/domains/de/test/auto/knownFailedTests/dependencyLoop2.xml
==== Contents of test case:

	    # FIXME: we should use $relativeFilename here, but it
	    # might have backslashes under Windows, which causes no end
	    # of trouble.
	    createAndExecute $file
	    list {}
	
.... Test generated KNOWN error:
    while executing
ptolemy.kernel.util.IllegalActionException: Found a zero delay loop containing .dependencyLoop2.original
  in .dependencyLoop2 and .dependencyLoop2.original
	at ptolemy.actor.util.CausalityInterfaceForComposites._computeOutputPortDepth(CausalityInterfaceForComposites.java:759)
	at ptolemy.actor.util.CausalityInterfaceForComposites._computeInputDepth(CausalityInterfaceForComposites.java:696)
	at ptolemy.actor.util.CausalityInterfaceForComposites._computeOutputPortDepth(CausalityInterfaceForComposites.java:765)
	at ptolemy.actor.util.CausalityInterfaceForComposites._computeInputDepth(CausalityInterfaceForComposites.java:696)
	at ptolemy.actor.util.CausalityInterfaceForComposites._computeOutputPortDepth(CausalityInterfaceForComposites.java:765)
	at ptolemy.actor.util.CausalityInterfaceForComposites._computeInputDepth(CausalityInterfaceForComposites.java:696)
	at ptolemy.actor.util.CausalityInterfaceForComposites._computeActorDepth(CausalityInterfaceForComposites.java:532)
	at ptolemy.actor.util.CausalityInterfaceForComposites.checkForCycles(CausalityInterfaceForComposites.java:96)
	at ptolemy.domains.de.kernel.DEDirector.preinitialize(DEDirector.java:1337)
	at ptolemy.actor.CompositeActor.preinitialize(CompositeActor.java:1828)
	at ptolemy.actor.Manager.preinitializeAndResolveTypes(Manager.java:1040)
	at ptolemy.actor.Manager.initialize(Manager.java:710)
	at ptolemy.actor.Manager.execute(Manager.java:356)
	at ptolemy.actor.Manager.run(Manager.java:1263)
	at ptolemy.actor.Manager$PtolemyRunThread.run(Manager.java:1915)

    while executing
ptolemy.kernel.util.IllegalActionException: Found a zero delay loop containing .dependencyLoop2.original
  in .dependencyLoop2 and .dependencyLoop2.original
    while executing
"java::new ptolemy.moml.MoMLSimpleApplication $file
"
    (procedure "createAndExecute" line 2)
    invoked from within
"createAndExecute $file"
    ("uplevel" body line 5)
    invoked from within
"uplevel $contents_of_test"
------------------ testing $PTII/ptolemy/domains/de/test/auto/knownFailedTests/HierarchicalModel.xml (Known Failure) 
10 ms. Memory: 146944K Free: 87459K (60%)


==== $PTIIhome/travis/build/icyphy/ptII/ptolemy/domains/de/test/../../../../: Auto Automatic test in file $PTII/ptolemy/domains/de/test/auto/knownFailedTests/HierarchicalModel.xml
==== Contents of test case:

	    # FIXME: we should use $relativeFilename here, but it
	    # might have backslashes under Windows, which causes no end
	    # of trouble.
	    createAndExecute $file
	    list {}
	
.... Test generated KNOWN error:
    while executing
ptolemy.kernel.util.IllegalActionException: Found a zero delay loop containing .HierarchicalModel.A
  in .HierarchicalModel and .HierarchicalModel.A
	at ptolemy.actor.util.CausalityInterfaceForComposites._computeOutputPortDepth(CausalityInterfaceForComposites.java:759)
	at ptolemy.actor.util.CausalityInterfaceForComposites._computeInputDepth(CausalityInterfaceForComposites.java:696)
	at ptolemy.actor.util.CausalityInterfaceForComposites._computeOutputPortDepth(CausalityInterfaceForComposites.java:765)
	at ptolemy.actor.util.CausalityInterfaceForComposites._computeInputDepth(CausalityInterfaceForComposites.java:696)
	at ptolemy.actor.util.CausalityInterfaceForComposites._computeOutputPortDepth(CausalityInterfaceForComposites.java:765)
	at ptolemy.actor.util.CausalityInterfaceForComposites._computeInputDepth(CausalityInterfaceForComposites.java:696)
	at ptolemy.actor.util.CausalityInterfaceForComposites._computeActorDepth(CausalityInterfaceForComposites.java:532)
	at ptolemy.actor.util.CausalityInterfaceForComposites.checkForCycles(CausalityInterfaceForComposites.java:96)
	at ptolemy.domains.de.kernel.DEDirector.preinitialize(DEDirector.java:1337)
	at ptolemy.actor.CompositeActor.preinitialize(CompositeActor.java:1828)
	at ptolemy.actor.Manager.preinitializeAndResolveTypes(Manager.java:1040)
	at ptolemy.actor.Manager.initialize(Manager.java:710)
	at ptolemy.actor.Manager.execute(Manager.java:356)
	at ptolemy.actor.Manager.run(Manager.java:1263)
	at ptolemy.actor.Manager$PtolemyRunThread.run(Manager.java:1915)

    while executing
ptolemy.kernel.util.IllegalActionException: Found a zero delay loop containing .HierarchicalModel.A
  in .HierarchicalModel and .HierarchicalModel.A
    while executing
"java::new ptolemy.moml.MoMLSimpleApplication $file
"
    (procedure "createAndExecute" line 2)
    invoked from within
"createAndExecute $file"
    ("uplevel" body line 5)
    invoked from within
"uplevel $contents_of_test"
------------------ testing $PTII/ptolemy/domains/de/test/auto/knownFailedTests/DirectFeedback.xml (Known Failure) 
4 ms. Memory: 146944K Free: 82133K (56%)


==== $PTIIhome/travis/build/icyphy/ptII/ptolemy/domains/de/test/../../../../: Auto Automatic test in file $PTII/ptolemy/domains/de/test/auto/knownFailedTests/DirectFeedback.xml
==== Contents of test case:

	    # FIXME: we should use $relativeFilename here, but it
	    # might have backslashes under Windows, which causes no end
	    # of trouble.
	    createAndExecute $file
	    list {}
	
.... Test generated KNOWN error:
    while executing
ptolemy.kernel.util.IllegalActionException: Test fails in iteration 1.
Value was: 1.0. Should have been: 2.0
  in .DirectFeedback.Test
	at ptolemy.actor.lib.Test.fire(Test.java:268)
	at ptolemy.domains.de.kernel.DEDirector._fire(DEDirector.java:1948)
	at ptolemy.domains.de.kernel.DEDirector.fire(DEDirector.java:502)
	at ptolemy.actor.CompositeActor.fire(CompositeActor.java:455)
	at ptolemy.actor.Manager.iterate(Manager.java:851)
	at ptolemy.actor.Manager.execute(Manager.java:369)
	at ptolemy.actor.Manager.run(Manager.java:1263)
	at ptolemy.actor.Manager$PtolemyRunThread.run(Manager.java:1915)

    while executing
ptolemy.kernel.util.IllegalActionException: Test fails in iteration 1.
Value was: 1.0. Should have been: 2.0
  in .DirectFeedback.Test
    while executing
"java::new ptolemy.moml.MoMLSimpleApplication $file
"
    (procedure "createAndExecute" line 2)
    invoked from within
"createAndExecute $file"
    ("uplevel" body line 5)
    invoked from within
"uplevel $contents_of_test"
------------------ testing $PTII/ptolemy/domains/de/test/auto/ActorDepthCalculation_actorWithoutPorts.xml
auto.tcl: Setting watchdog for 200 seconds at Sun Jun 03 20:26:34 UTC 2018
7 ms. Memory: 146944K Free: 134869K (92%)
ptolemy.util.test.WatchDog.cancel(): canceling Sun Jun 03 20:26:34 UTC 2018
auto.tcl: Setting watchdog for 200 seconds at Sun Jun 03 20:26:34 UTC 2018
4 ms. Memory: 146944K Free: 132805K (90%)
ptolemy.util.test.WatchDog.cancel(): canceling Sun Jun 03 20:26:34 UTC 2018
------------------ testing $PTII/ptolemy/domains/de/test/auto/AssemblyLine.xml
auto.tcl: Setting watchdog for 200 seconds at Sun Jun 03 20:26:34 UTC 2018
15 ms. Memory: 208384K Free: 181503K (87%)
ptolemy.util.test.WatchDog.cancel(): canceling Sun Jun 03 20:26:35 UTC 2018
auto.tcl: Setting watchdog for 200 seconds at Sun Jun 03 20:26:35 UTC 2018
8 ms. Memory: 208384K Free: 181503K (87%)
ptolemy.util.test.WatchDog.cancel(): canceling Sun Jun 03 20:26:35 UTC 2018
------------------ testing $PTII/ptolemy/domains/de/test/auto/CQBug1.xml
auto.tcl: Setting watchdog for 200 seconds at Sun Jun 03 20:26:35 UTC 2018
3 ms. Memory: 208384K Free: 196433K (94%)
ptolemy.util.test.WatchDog.cancel(): canceling Sun Jun 03 20:26:35 UTC 2018
auto.tcl: Setting watchdog for 200 seconds at Sun Jun 03 20:26:35 UTC 2018
2 ms. Memory: 208384K Free: 196433K (94%)
ptolemy.util.test.WatchDog.cancel(): canceling Sun Jun 03 20:26:35 UTC 2018
------------------ testing $PTII/ptolemy/domains/de/test/auto/CancelFireAt.xml
auto.tcl: Setting watchdog for 200 seconds at Sun Jun 03 20:26:35 UTC 2018
9 ms. Memory: 208384K Free: 201408K (97%)
ptolemy.util.test.WatchDog.cancel(): canceling Sun Jun 03 20:26:35 UTC 2018
auto.tcl: Setting watchdog for 200 seconds at Sun Jun 03 20:26:35 UTC 2018
2 ms. Memory: 208384K Free: 199281K (96%)
ptolemy.util.test.WatchDog.cancel(): canceling Sun Jun 03 20:26:35 UTC 2018
------------------ testing $PTII/ptolemy/domains/de/test/auto/CausalityAndComposabilityAnalysis.xml
auto.tcl: Setting watchdog for 200 seconds at Sun Jun 03 20:26:35 UTC 2018
13 ms. Memory: 208384K Free: 198876K (95%)
ptolemy.util.test.WatchDog.cancel(): canceling Sun Jun 03 20:26:35 UTC 2018
auto.tcl: Setting watchdog for 200 seconds at Sun Jun 03 20:26:35 UTC 2018
6 ms. Memory: 208384K Free: 196412K (94%)
ptolemy.util.test.WatchDog.cancel(): canceling Sun Jun 03 20:26:35 UTC 2018
------------------ testing $PTII/ptolemy/domains/de/test/auto/CausalityInterface1.xml
auto.tcl: Setting watchdog for 200 seconds at Sun Jun 03 20:26:35 UTC 2018
20 ms. Memory: 208384K Free: 196350K (94%)
ptolemy.util.test.WatchDog.cancel(): canceling Sun Jun 03 20:26:35 UTC 2018
auto.tcl: Setting watchdog for 200 seconds at Sun Jun 03 20:26:35 UTC 2018
4 ms. Memory: 208384K Free: 196350K (94%)
ptolemy.util.test.WatchDog.cancel(): canceling Sun Jun 03 20:26:35 UTC 2018
------------------ testing $PTII/ptolemy/domains/de/test/auto/CausalityInterface15.xml
auto.tcl: Setting watchdog for 200 seconds at Sun Jun 03 20:26:35 UTC 2018
16 ms. Memory: 208384K Free: 196340K (94%)
ptolemy.util.test.WatchDog.cancel(): canceling Sun Jun 03 20:26:35 UTC 2018
auto.tcl: Setting watchdog for 200 seconds at Sun Jun 03 20:26:35 UTC 2018
8 ms. Memory: 208384K Free: 196340K (94%)
ptolemy.util.test.WatchDog.cancel(): canceling Sun Jun 03 20:26:35 UTC 2018
------------------ testing $PTII/ptolemy/domains/de/test/auto/CausalityInterface2.xml
auto.tcl: Setting watchdog for 200 seconds at Sun Jun 03 20:26:35 UTC 2018
3 ms. Memory: 208384K Free: 196324K (94%)
ptolemy.util.test.WatchDog.cancel(): canceling Sun Jun 03 20:26:35 UTC 2018
auto.tcl: Setting watchdog for 200 seconds at Sun Jun 03 20:26:35 UTC 2018
10 ms. Memory: 208384K Free: 196324K (94%)
ptolemy.util.test.WatchDog.cancel(): canceling Sun Jun 03 20:26:35 UTC 2018
------------------ testing $PTII/ptolemy/domains/de/test/auto/CausalityInterface3.xml
auto.tcl: Setting watchdog for 200 seconds at Sun Jun 03 20:26:35 UTC 2018
4 ms. Memory: 208384K Free: 196337K (94%)
ptolemy.util.test.WatchDog.cancel(): canceling Sun Jun 03 20:26:35 UTC 2018
auto.tcl: Setting watchdog for 200 seconds at Sun Jun 03 20:26:35 UTC 2018
4 ms. Memory: 208384K Free: 196337K (94%)
ptolemy.util.test.WatchDog.cancel(): canceling Sun Jun 03 20:26:35 UTC 2018
------------------ testing $PTII/ptolemy/domains/de/test/auto/ClockDrift.xml
auto.tcl: Setting watchdog for 200 seconds at Sun Jun 03 20:26:35 UTC 2018
95 ms. Memory: 208384K Free: 187490K (90%)
ptolemy.util.test.WatchDog.cancel(): canceling Sun Jun 03 20:26:36 UTC 2018
auto.tcl: Setting watchdog for 200 seconds at Sun Jun 03 20:26:36 UTC 2018
40 ms. Memory: 208384K Free: 185364K (89%)
ptolemy.util.test.WatchDog.cancel(): canceling Sun Jun 03 20:26:36 UTC 2018
------------------ testing $PTII/ptolemy/domains/de/test/auto/ClockDriftAndValueChange.xml
auto.tcl: Setting watchdog for 200 seconds at Sun Jun 03 20:26:36 UTC 2018
51 ms. Memory: 208384K Free: 187328K (90%)
ptolemy.util.test.WatchDog.cancel(): canceling Sun Jun 03 20:26:36 UTC 2018
auto.tcl: Setting watchdog for 200 seconds at Sun Jun 03 20:26:36 UTC 2018
24 ms. Memory: 208384K Free: 185202K (89%)
ptolemy.util.test.WatchDog.cancel(): canceling Sun Jun 03 20:26:36 UTC 2018
------------------ testing $PTII/ptolemy/domains/de/test/auto/ClockDriftChange.xml
auto.tcl: Setting watchdog for 200 seconds at Sun Jun 03 20:26:36 UTC 2018
42 ms. Memory: 208384K Free: 190677K (92%)
ptolemy.util.test.WatchDog.cancel(): canceling Sun Jun 03 20:26:36 UTC 2018
auto.tcl: Setting watchdog for 200 seconds at Sun Jun 03 20:26:36 UTC 2018
34 ms. Memory: 208384K Free: 188550K (90%)
ptolemy.util.test.WatchDog.cancel(): canceling Sun Jun 03 20:26:36 UTC 2018
------------------ testing $PTII/ptolemy/domains/de/test/auto/ComposableCausalityAnalysis.xml
auto.tcl: Setting watchdog for 200 seconds at Sun Jun 03 20:26:36 UTC 2018
2 ms. Memory: 208384K Free: 196194K (94%)
ptolemy.util.test.WatchDog.cancel(): canceling Sun Jun 03 20:26:36 UTC 2018
auto.tcl: Setting watchdog for 200 seconds at Sun Jun 03 20:26:36 UTC 2018
6 ms. Memory: 208384K Free: 194068K (93%)
ptolemy.util.test.WatchDog.cancel(): canceling Sun Jun 03 20:26:36 UTC 2018
------------------ testing $PTII/ptolemy/domains/de/test/auto/DEFixedPointLimitation.xml
auto.tcl: Setting watchdog for 200 seconds at Sun Jun 03 20:26:36 UTC 2018
5 ms. Memory: 208384K Free: 198401K (95%)
ptolemy.util.test.WatchDog.cancel(): canceling Sun Jun 03 20:26:36 UTC 2018
auto.tcl: Setting watchdog for 200 seconds at Sun Jun 03 20:26:36 UTC 2018
2 ms. Memory: 208384K Free: 196275K (94%)
ptolemy.util.test.WatchDog.cancel(): canceling Sun Jun 03 20:26:36 UTC 2018
------------------ testing $PTII/ptolemy/domains/de/test/auto/DEScheduleTest.xml
auto.tcl: Setting watchdog for 200 seconds at Sun Jun 03 20:26:36 UTC 2018
6 ms. Memory: 208384K Free: 198437K (95%)
ptolemy.util.test.WatchDog.cancel(): canceling Sun Jun 03 20:26:36 UTC 2018
auto.tcl: Setting watchdog for 200 seconds at Sun Jun 03 20:26:36 UTC 2018
5 ms. Memory: 208384K Free: 196311K (94%)
ptolemy.util.test.WatchDog.cancel(): canceling Sun Jun 03 20:26:36 UTC 2018
------------------ testing $PTII/ptolemy/domains/de/test/auto/DEinDEwithStartTimes.xml
auto.tcl: Setting watchdog for 200 seconds at Sun Jun 03 20:26:36 UTC 2018
7 ms. Memory: 208384K Free: 196280K (94%)
ptolemy.util.test.WatchDog.cancel(): canceling Sun Jun 03 20:26:36 UTC 2018
auto.tcl: Setting watchdog for 200 seconds at Sun Jun 03 20:26:36 UTC 2018
4 ms. Memory: 208384K Free: 194154K (93%)
ptolemy.util.test.WatchDog.cancel(): canceling Sun Jun 03 20:26:36 UTC 2018
------------------ testing $PTII/ptolemy/domains/de/test/auto/DEinDEwithStartTimes2.xml
auto.tcl: Setting watchdog for 200 seconds at Sun Jun 03 20:26:36 UTC 2018
7 ms. Memory: 208384K Free: 196260K (94%)
ptolemy.util.test.WatchDog.cancel(): canceling Sun Jun 03 20:26:36 UTC 2018
auto.tcl: Setting watchdog for 200 seconds at Sun Jun 03 20:26:36 UTC 2018
8 ms. Memory: 208384K Free: 194133K (93%)
ptolemy.util.test.WatchDog.cancel(): canceling Sun Jun 03 20:26:36 UTC 2018
------------------ testing $PTII/ptolemy/domains/de/test/auto/DateDemo.xml
auto.tcl: Setting watchdog for 200 seconds at Sun Jun 03 20:26:36 UTC 2018
14 ms. Memory: 208384K Free: 188609K (91%)
ptolemy.util.test.WatchDog.cancel(): canceling Sun Jun 03 20:26:37 UTC 2018
auto.tcl: Setting watchdog for 200 seconds at Sun Jun 03 20:26:37 UTC 2018
8 ms. Memory: 208384K Free: 186483K (89%)
ptolemy.util.test.WatchDog.cancel(): canceling Sun Jun 03 20:26:37 UTC 2018
------------------ testing $PTII/ptolemy/domains/de/test/auto/DateToEvent.xml
auto.tcl: Setting watchdog for 200 seconds at Sun Jun 03 20:26:37 UTC 2018
2014 ms. Memory: 208384K Free: 183235K (88%)
ptolemy.util.test.WatchDog.cancel(): canceling Sun Jun 03 20:26:39 UTC 2018
auto.tcl: Setting watchdog for 200 seconds at Sun Jun 03 20:26:39 UTC 2018
2004 ms. Memory: 208384K Free: 180778K (87%)
ptolemy.util.test.WatchDog.cancel(): canceling Sun Jun 03 20:26:41 UTC 2018
------------------ testing $PTII/ptolemy/domains/de/test/auto/DepthTest1.xml
auto.tcl: Setting watchdog for 200 seconds at Sun Jun 03 20:26:41 UTC 2018
3 ms. Memory: 208384K Free: 197964K (95%)
ptolemy.util.test.WatchDog.cancel(): canceling Sun Jun 03 20:26:41 UTC 2018
auto.tcl: Setting watchdog for 200 seconds at Sun Jun 03 20:26:41 UTC 2018
4 ms. Memory: 208384K Free: 197964K (95%)
ptolemy.util.test.WatchDog.cancel(): canceling Sun Jun 03 20:26:41 UTC 2018
------------------ testing $PTII/ptolemy/domains/de/test/auto/DepthTest2.xml
auto.tcl: Setting watchdog for 200 seconds at Sun Jun 03 20:26:41 UTC 2018
3 ms. Memory: 208384K Free: 194144K (93%)
ptolemy.util.test.WatchDog.cancel(): canceling Sun Jun 03 20:26:41 UTC 2018
auto.tcl: Setting watchdog for 200 seconds at Sun Jun 03 20:26:41 UTC 2018
6 ms. Memory: 208384K Free: 194144K (93%)
ptolemy.util.test.WatchDog.cancel(): canceling Sun Jun 03 20:26:41 UTC 2018
------------------ testing $PTII/ptolemy/domains/de/test/auto/DepthTest3.xml
auto.tcl: Setting watchdog for 200 seconds at Sun Jun 03 20:26:41 UTC 2018
7 ms. Memory: 208384K Free: 198636K (95%)
ptolemy.util.test.WatchDog.cancel(): canceling Sun Jun 03 20:26:41 UTC 2018
auto.tcl: Setting watchdog for 200 seconds at Sun Jun 03 20:26:41 UTC 2018
2 ms. Memory: 208384K Free: 198636K (95%)
ptolemy.util.test.WatchDog.cancel(): canceling Sun Jun 03 20:26:41 UTC 2018
------------------ testing $PTII/ptolemy/domains/de/test/auto/DepthTest4.xml
auto.tcl: Setting watchdog for 200 seconds at Sun Jun 03 20:26:41 UTC 2018
5 ms. Memory: 208384K Free: 196259K (94%)
ptolemy.util.test.WatchDog.cancel(): canceling Sun Jun 03 20:26:41 UTC 2018
auto.tcl: Setting watchdog for 200 seconds at Sun Jun 03 20:26:41 UTC 2018
2 ms. Memory: 208384K Free: 196259K (94%)
ptolemy.util.test.WatchDog.cancel(): canceling Sun Jun 03 20:26:41 UTC 2018
------------------ testing $PTII/ptolemy/domains/de/test/auto/DepthTest5.xml
auto.tcl: Setting watchdog for 200 seconds at Sun Jun 03 20:26:41 UTC 2018
6 ms. Memory: 208384K Free: 196544K (94%)
ptolemy.util.test.WatchDog.cancel(): canceling Sun Jun 03 20:26:41 UTC 2018
auto.tcl: Setting watchdog for 200 seconds at Sun Jun 03 20:26:41 UTC 2018
3 ms. Memory: 208384K Free: 196544K (94%)
ptolemy.util.test.WatchDog.cancel(): canceling Sun Jun 03 20:26:41 UTC 2018
------------------ testing $PTII/ptolemy/domains/de/test/auto/DepthTest6.xml
auto.tcl: Setting watchdog for 200 seconds at Sun Jun 03 20:26:41 UTC 2018
9 ms. Memory: 208384K Free: 196175K (94%)
ptolemy.util.test.WatchDog.cancel(): canceling Sun Jun 03 20:26:41 UTC 2018
auto.tcl: Setting watchdog for 200 seconds at Sun Jun 03 20:26:41 UTC 2018
3 ms. Memory: 208384K Free: 196175K (94%)
ptolemy.util.test.WatchDog.cancel(): canceling Sun Jun 03 20:26:41 UTC 2018
------------------ testing $PTII/ptolemy/domains/de/test/auto/DepthTest7.xml
auto.tcl: Setting watchdog for 200 seconds at Sun Jun 03 20:26:41 UTC 2018
3 ms. Memory: 208384K Free: 196163K (94%)
ptolemy.util.test.WatchDog.cancel(): canceling Sun Jun 03 20:26:41 UTC 2018
auto.tcl: Setting watchdog for 200 seconds at Sun Jun 03 20:26:41 UTC 2018
3 ms. Memory: 208384K Free: 196163K (94%)
ptolemy.util.test.WatchDog.cancel(): canceling Sun Jun 03 20:26:41 UTC 2018
------------------ testing $PTII/ptolemy/domains/de/test/auto/EventToDate.xml
auto.tcl: Setting watchdog for 200 seconds at Sun Jun 03 20:26:41 UTC 2018
3006 ms. Memory: 208384K Free: 185553K (89%)
ptolemy.util.test.WatchDog.cancel(): canceling Sun Jun 03 20:26:44 UTC 2018
auto.tcl: Setting watchdog for 200 seconds at Sun Jun 03 20:26:44 UTC 2018
3004 ms. Memory: 208384K Free: 185553K (89%)
ptolemy.util.test.WatchDog.cancel(): canceling Sun Jun 03 20:26:47 UTC 2018
------------------ testing $PTII/ptolemy/domains/de/test/auto/FSM1.xml
auto.tcl: Setting watchdog for 200 seconds at Sun Jun 03 20:26:47 UTC 2018
16 ms. Memory: 208384K Free: 189162K (91%)
ptolemy.util.test.WatchDog.cancel(): canceling Sun Jun 03 20:26:48 UTC 2018
auto.tcl: Setting watchdog for 200 seconds at Sun Jun 03 20:26:48 UTC 2018
16 ms. Memory: 208384K Free: 184910K (89%)
ptolemy.util.test.WatchDog.cancel(): canceling Sun Jun 03 20:26:48 UTC 2018
------------------ testing $PTII/ptolemy/domains/de/test/auto/FSM7.xml
auto.tcl: Setting watchdog for 200 seconds at Sun Jun 03 20:26:48 UTC 2018
14 ms. Memory: 208384K Free: 187239K (90%)
ptolemy.util.test.WatchDog.cancel(): canceling Sun Jun 03 20:26:48 UTC 2018
auto.tcl: Setting watchdog for 200 seconds at Sun Jun 03 20:26:48 UTC 2018
14 ms. Memory: 208384K Free: 185113K (89%)
ptolemy.util.test.WatchDog.cancel(): canceling Sun Jun 03 20:26:48 UTC 2018
------------------ testing $PTII/ptolemy/domains/de/test/auto/Inspection.xml
auto.tcl: Setting watchdog for 200 seconds at Sun Jun 03 20:26:48 UTC 2018
27 ms. Memory: 208384K Free: 188453K (90%)
ptolemy.util.test.WatchDog.cancel(): canceling Sun Jun 03 20:26:48 UTC 2018
auto.tcl: Setting watchdog for 200 seconds at Sun Jun 03 20:26:48 UTC 2018
20 ms. Memory: 208384K Free: 186327K (89%)
ptolemy.util.test.WatchDog.cancel(): canceling Sun Jun 03 20:26:48 UTC 2018
------------------ testing $PTII/ptolemy/domains/de/test/auto/Iteration.xml
auto.tcl: Setting watchdog for 200 seconds at Sun Jun 03 20:26:48 UTC 2018
9 ms. Memory: 208384K Free: 196306K (94%)
ptolemy.util.test.WatchDog.cancel(): canceling Sun Jun 03 20:26:48 UTC 2018
auto.tcl: Setting watchdog for 200 seconds at Sun Jun 03 20:26:48 UTC 2018
9 ms. Memory: 208384K Free: 194179K (93%)
ptolemy.util.test.WatchDog.cancel(): canceling Sun Jun 03 20:26:48 UTC 2018
------------------ testing $PTII/ptolemy/domains/de/test/auto/LineFault.xml
auto.tcl: Setting watchdog for 200 seconds at Sun Jun 03 20:26:48 UTC 2018
798 ms. Memory: 208384K Free: 195066K (94%)
ptolemy.util.test.WatchDog.cancel(): canceling Sun Jun 03 20:26:49 UTC 2018
auto.tcl: Setting watchdog for 200 seconds at Sun Jun 03 20:26:49 UTC 2018
695 ms. Memory: 208384K Free: 138844K (67%)
ptolemy.util.test.WatchDog.cancel(): canceling Sun Jun 03 20:26:50 UTC 2018
------------------ testing $PTII/ptolemy/domains/de/test/auto/MergeModel1Add.xml
auto.tcl: Setting watchdog for 200 seconds at Sun Jun 03 20:26:50 UTC 2018
25 ms. Memory: 331264K Free: 302826K (91%)
ptolemy.util.test.WatchDog.cancel(): canceling Sun Jun 03 20:26:50 UTC 2018
auto.tcl: Setting watchdog for 200 seconds at Sun Jun 03 20:26:50 UTC 2018
19 ms. Memory: 331264K Free: 298873K (90%)
ptolemy.util.test.WatchDog.cancel(): canceling Sun Jun 03 20:26:50 UTC 2018
------------------ testing $PTII/ptolemy/domains/de/test/auto/MergeModel2Add.xml
auto.tcl: Setting watchdog for 200 seconds at Sun Jun 03 20:26:50 UTC 2018
12 ms. Memory: 331264K Free: 304173K (92%)
ptolemy.util.test.WatchDog.cancel(): canceling Sun Jun 03 20:26:50 UTC 2018
auto.tcl: Setting watchdog for 200 seconds at Sun Jun 03 20:26:50 UTC 2018
8 ms. Memory: 331264K Free: 300236K (91%)
ptolemy.util.test.WatchDog.cancel(): canceling Sun Jun 03 20:26:50 UTC 2018
------------------ testing $PTII/ptolemy/domains/de/test/auto/MergeModel3Add.xml
auto.tcl: Setting watchdog for 200 seconds at Sun Jun 03 20:26:50 UTC 2018
11 ms. Memory: 331264K Free: 304175K (92%)
ptolemy.util.test.WatchDog.cancel(): canceling Sun Jun 03 20:26:50 UTC 2018
auto.tcl: Setting watchdog for 200 seconds at Sun Jun 03 20:26:50 UTC 2018
10 ms. Memory: 331264K Free: 300230K (91%)
ptolemy.util.test.WatchDog.cancel(): canceling Sun Jun 03 20:26:50 UTC 2018
------------------ testing $PTII/ptolemy/domains/de/test/auto/MergeWithoutDiscard.xml
auto.tcl: Setting watchdog for 200 seconds at Sun Jun 03 20:26:50 UTC 2018
2 ms. Memory: 331264K Free: 316284K (95%)
ptolemy.util.test.WatchDog.cancel(): canceling Sun Jun 03 20:26:50 UTC 2018
auto.tcl: Setting watchdog for 200 seconds at Sun Jun 03 20:26:50 UTC 2018
1 ms. Memory: 331264K Free: 316284K (95%)
ptolemy.util.test.WatchDog.cancel(): canceling Sun Jun 03 20:26:50 UTC 2018
------------------ testing $PTII/ptolemy/domains/de/test/auto/Modal1.xml
auto.tcl: Setting watchdog for 200 seconds at Sun Jun 03 20:26:50 UTC 2018
24 ms. Memory: 331264K Free: 309918K (94%)
ptolemy.util.test.WatchDog.cancel(): canceling Sun Jun 03 20:26:50 UTC 2018
auto.tcl: Setting watchdog for 200 seconds at Sun Jun 03 20:26:50 UTC 2018
15 ms. Memory: 331264K Free: 305981K (92%)
ptolemy.util.test.WatchDog.cancel(): canceling Sun Jun 03 20:26:50 UTC 2018
------------------ testing $PTII/ptolemy/domains/de/test/auto/Modal2.xml
auto.tcl: Setting watchdog for 200 seconds at Sun Jun 03 20:26:50 UTC 2018
11 ms. Memory: 331264K Free: 309792K (94%)
ptolemy.util.test.WatchDog.cancel(): canceling Sun Jun 03 20:26:50 UTC 2018
auto.tcl: Setting watchdog for 200 seconds at Sun Jun 03 20:26:50 UTC 2018
19 ms. Memory: 331264K Free: 305855K (92%)
ptolemy.util.test.WatchDog.cancel(): canceling Sun Jun 03 20:26:50 UTC 2018
------------------ testing $PTII/ptolemy/domains/de/test/auto/Modal3.xml
auto.tcl: Setting watchdog for 200 seconds at Sun Jun 03 20:26:51 UTC 2018
11 ms. Memory: 331264K Free: 309774K (94%)
ptolemy.util.test.WatchDog.cancel(): canceling Sun Jun 03 20:26:51 UTC 2018
auto.tcl: Setting watchdog for 200 seconds at Sun Jun 03 20:26:51 UTC 2018
12 ms. Memory: 331264K Free: 305821K (92%)
ptolemy.util.test.WatchDog.cancel(): canceling Sun Jun 03 20:26:51 UTC 2018
------------------ testing $PTII/ptolemy/domains/de/test/auto/Modal4.xml
auto.tcl: Setting watchdog for 200 seconds at Sun Jun 03 20:26:51 UTC 2018
14 ms. Memory: 331264K Free: 309787K (94%)
ptolemy.util.test.WatchDog.cancel(): canceling Sun Jun 03 20:26:51 UTC 2018
auto.tcl: Setting watchdog for 200 seconds at Sun Jun 03 20:26:51 UTC 2018
27 ms. Memory: 331264K Free: 305835K (92%)
ptolemy.util.test.WatchDog.cancel(): canceling Sun Jun 03 20:26:51 UTC 2018
------------------ testing $PTII/ptolemy/domains/de/test/auto/Modal5.xml
auto.tcl: Setting watchdog for 200 seconds at Sun Jun 03 20:26:51 UTC 2018
16 ms. Memory: 331264K Free: 309774K (94%)
ptolemy.util.test.WatchDog.cancel(): canceling Sun Jun 03 20:26:51 UTC 2018
auto.tcl: Setting watchdog for 200 seconds at Sun Jun 03 20:26:51 UTC 2018
14 ms. Memory: 331264K Free: 305821K (92%)
ptolemy.util.test.WatchDog.cancel(): canceling Sun Jun 03 20:26:51 UTC 2018
------------------ testing $PTII/ptolemy/domains/de/test/auto/Modal6.xml
auto.tcl: Setting watchdog for 200 seconds at Sun Jun 03 20:26:51 UTC 2018
15 ms. Memory: 331264K Free: 309772K (94%)
ptolemy.util.test.WatchDog.cancel(): canceling Sun Jun 03 20:26:51 UTC 2018
auto.tcl: Setting watchdog for 200 seconds at Sun Jun 03 20:26:51 UTC 2018
16 ms. Memory: 331264K Free: 305819K (92%)
ptolemy.util.test.WatchDog.cancel(): canceling Sun Jun 03 20:26:51 UTC 2018
------------------ testing $PTII/ptolemy/domains/de/test/auto/Modal7.xml
auto.tcl: Setting watchdog for 200 seconds at Sun Jun 03 20:26:51 UTC 2018
19 ms. Memory: 331264K Free: 309756K (94%)
ptolemy.util.test.WatchDog.cancel(): canceling Sun Jun 03 20:26:51 UTC 2018
auto.tcl: Setting watchdog for 200 seconds at Sun Jun 03 20:26:51 UTC 2018
13 ms. Memory: 331264K Free: 305803K (92%)
ptolemy.util.test.WatchDog.cancel(): canceling Sun Jun 03 20:26:51 UTC 2018
------------------ testing $PTII/ptolemy/domains/de/test/auto/ModalModel.xml
auto.tcl: Setting watchdog for 200 seconds at Sun Jun 03 20:26:51 UTC 2018
245 ms. Memory: 331264K Free: 248576K (75%)
ptolemy.util.test.WatchDog.cancel(): canceling Sun Jun 03 20:26:51 UTC 2018
auto.tcl: Setting watchdog for 200 seconds at Sun Jun 03 20:26:51 UTC 2018
199 ms. Memory: 331264K Free: 188392K (57%)
ptolemy.util.test.WatchDog.cancel(): canceling Sun Jun 03 20:26:52 UTC 2018
------------------ testing $PTII/ptolemy/domains/de/test/auto/ModalSource.xml
auto.tcl: Setting watchdog for 200 seconds at Sun Jun 03 20:26:52 UTC 2018
7 ms. Memory: 331264K Free: 316763K (96%)
ptolemy.util.test.WatchDog.cancel(): canceling Sun Jun 03 20:26:52 UTC 2018
auto.tcl: Setting watchdog for 200 seconds at Sun Jun 03 20:26:52 UTC 2018
8 ms. Memory: 331264K Free: 313257K (95%)
ptolemy.util.test.WatchDog.cancel(): canceling Sun Jun 03 20:26:52 UTC 2018
------------------ testing $PTII/ptolemy/domains/de/test/auto/NonInterruptibleTimerZeroDelay.xml
auto.tcl: Setting watchdog for 200 seconds at Sun Jun 03 20:26:52 UTC 2018
3 ms. Memory: 331264K Free: 320921K (97%)
ptolemy.util.test.WatchDog.cancel(): canceling Sun Jun 03 20:26:52 UTC 2018
auto.tcl: Setting watchdog for 200 seconds at Sun Jun 03 20:26:52 UTC 2018
3 ms. Memory: 331264K Free: 317423K (96%)
ptolemy.util.test.WatchDog.cancel(): canceling Sun Jun 03 20:26:52 UTC 2018
------------------ testing $PTII/ptolemy/domains/de/test/auto/OpenQueueingNetwork.xml
auto.tcl: Setting watchdog for 200 seconds at Sun Jun 03 20:26:52 UTC 2018
3111 ms. Memory: 307712K Free: 146887K (48%)
ptolemy.util.test.WatchDog.cancel(): canceling Sun Jun 03 20:26:55 UTC 2018
auto.tcl: Setting watchdog for 200 seconds at Sun Jun 03 20:26:55 UTC 2018
2495 ms. Memory: 278528K Free: 217945K (78%)
ptolemy.util.test.WatchDog.cancel(): canceling Sun Jun 03 20:26:58 UTC 2018
------------------ testing $PTII/ptolemy/domains/de/test/auto/OpenQueuingNetwork.xml
auto.tcl: Setting watchdog for 200 seconds at Sun Jun 03 20:26:58 UTC 2018
257 ms. Memory: 278528K Free: 183054K (66%)
ptolemy.util.test.WatchDog.cancel(): canceling Sun Jun 03 20:26:58 UTC 2018
auto.tcl: Setting watchdog for 200 seconds at Sun Jun 03 20:26:58 UTC 2018
237 ms. Memory: 278528K Free: 122696K (44%)
ptolemy.util.test.WatchDog.cancel(): canceling Sun Jun 03 20:26:58 UTC 2018
------------------ testing $PTII/ptolemy/domains/de/test/auto/PeriodicSampler.xml
auto.tcl: Setting watchdog for 200 seconds at Sun Jun 03 20:26:58 UTC 2018
3 ms. Memory: 281088K Free: 266484K (95%)
ptolemy.util.test.WatchDog.cancel(): canceling Sun Jun 03 20:26:58 UTC 2018
auto.tcl: Setting watchdog for 200 seconds at Sun Jun 03 20:26:58 UTC 2018
2 ms. Memory: 281088K Free: 266484K (95%)
ptolemy.util.test.WatchDog.cancel(): canceling Sun Jun 03 20:26:58 UTC 2018
------------------ testing $PTII/ptolemy/domains/de/test/auto/PersistentIO.xml
auto.tcl: Setting watchdog for 200 seconds at Sun Jun 03 20:26:58 UTC 2018
12 ms. Memory: 278528K Free: 259083K (93%)
ptolemy.util.test.WatchDog.cancel(): canceling Sun Jun 03 20:26:58 UTC 2018
auto.tcl: Setting watchdog for 200 seconds at Sun Jun 03 20:26:58 UTC 2018
5 ms. Memory: 278528K Free: 259083K (93%)
ptolemy.util.test.WatchDog.cancel(): canceling Sun Jun 03 20:26:58 UTC 2018
------------------ testing $PTII/ptolemy/domains/de/test/auto/PortParameterResetOnInitialize.xml
auto.tcl: Setting watchdog for 200 seconds at Sun Jun 03 20:26:58 UTC 2018
2 ms. Memory: 280576K Free: 266450K (95%)
ptolemy.util.test.WatchDog.cancel(): canceling Sun Jun 03 20:26:58 UTC 2018
auto.tcl: Setting watchdog for 200 seconds at Sun Jun 03 20:26:58 UTC 2018
2 ms. Memory: 280576K Free: 266450K (95%)
ptolemy.util.test.WatchDog.cancel(): canceling Sun Jun 03 20:26:58 UTC 2018
------------------ testing $PTII/ptolemy/domains/de/test/auto/PortParameterUpdates.xml
auto.tcl: Setting watchdog for 200 seconds at Sun Jun 03 20:26:58 UTC 2018
3 ms. Memory: 278528K Free: 266490K (96%)
ptolemy.util.test.WatchDog.cancel(): canceling Sun Jun 03 20:26:58 UTC 2018
auto.tcl: Setting watchdog for 200 seconds at Sun Jun 03 20:26:58 UTC 2018
4 ms. Memory: 278528K Free: 263706K (95%)
ptolemy.util.test.WatchDog.cancel(): canceling Sun Jun 03 20:26:58 UTC 2018
------------------ testing $PTII/ptolemy/domains/de/test/auto/QueueAndServer.xml
auto.tcl: Setting watchdog for 200 seconds at Sun Jun 03 20:26:59 UTC 2018
8 ms. Memory: 280576K Free: 265725K (95%)
ptolemy.util.test.WatchDog.cancel(): canceling Sun Jun 03 20:26:59 UTC 2018
auto.tcl: Setting watchdog for 200 seconds at Sun Jun 03 20:26:59 UTC 2018
6 ms. Memory: 280576K Free: 265725K (95%)
ptolemy.util.test.WatchDog.cancel(): canceling Sun Jun 03 20:26:59 UTC 2018
------------------ testing $PTII/ptolemy/domains/de/test/auto/Records.xml
auto.tcl: Setting watchdog for 200 seconds at Sun Jun 03 20:26:59 UTC 2018
4 ms. Memory: 278528K Free: 266403K (96%)
ptolemy.util.test.WatchDog.cancel(): canceling Sun Jun 03 20:26:59 UTC 2018
auto.tcl: Setting watchdog for 200 seconds at Sun Jun 03 20:26:59 UTC 2018
2 ms. Memory: 278528K Free: 266403K (96%)
ptolemy.util.test.WatchDog.cancel(): canceling Sun Jun 03 20:26:59 UTC 2018
------------------ testing $PTII/ptolemy/domains/de/test/auto/ResetTransitionWithStartTime1.xml
auto.tcl: Setting watchdog for 200 seconds at Sun Jun 03 20:26:59 UTC 2018
7 ms. Memory: 280064K Free: 263201K (94%)
ptolemy.util.test.WatchDog.cancel(): canceling Sun Jun 03 20:26:59 UTC 2018
auto.tcl: Setting watchdog for 200 seconds at Sun Jun 03 20:26:59 UTC 2018
5 ms. Memory: 280064K Free: 260417K (93%)
ptolemy.util.test.WatchDog.cancel(): canceling Sun Jun 03 20:26:59 UTC 2018
------------------ testing $PTII/ptolemy/domains/de/test/auto/ResetTransitionWithStartTime2.xml
auto.tcl: Setting watchdog for 200 seconds at Sun Jun 03 20:26:59 UTC 2018
6 ms. Memory: 278528K Free: 261760K (94%)
ptolemy.util.test.WatchDog.cancel(): canceling Sun Jun 03 20:26:59 UTC 2018
auto.tcl: Setting watchdog for 200 seconds at Sun Jun 03 20:26:59 UTC 2018
6 ms. Memory: 278528K Free: 258976K (93%)
ptolemy.util.test.WatchDog.cancel(): canceling Sun Jun 03 20:26:59 UTC 2018
------------------ testing $PTII/ptolemy/domains/de/test/auto/ResetTransitionWithStartTime3.xml
auto.tcl: Setting watchdog for 200 seconds at Sun Jun 03 20:26:59 UTC 2018
7 ms. Memory: 280064K Free: 263198K (94%)
ptolemy.util.test.WatchDog.cancel(): canceling Sun Jun 03 20:26:59 UTC 2018
auto.tcl: Setting watchdog for 200 seconds at Sun Jun 03 20:26:59 UTC 2018
10 ms. Memory: 280064K Free: 260414K (93%)
ptolemy.util.test.WatchDog.cancel(): canceling Sun Jun 03 20:26:59 UTC 2018
------------------ testing $PTII/ptolemy/domains/de/test/auto/ResetTransitionWithStartTime4.xml
auto.tcl: Setting watchdog for 200 seconds at Sun Jun 03 20:26:59 UTC 2018
5 ms. Memory: 278528K Free: 263640K (95%)
ptolemy.util.test.WatchDog.cancel(): canceling Sun Jun 03 20:26:59 UTC 2018
auto.tcl: Setting watchdog for 200 seconds at Sun Jun 03 20:26:59 UTC 2018
4 ms. Memory: 278528K Free: 263640K (95%)
ptolemy.util.test.WatchDog.cancel(): canceling Sun Jun 03 20:26:59 UTC 2018
------------------ testing $PTII/ptolemy/domains/de/test/auto/ResettableTimer1.xml
auto.tcl: Setting watchdog for 200 seconds at Sun Jun 03 20:26:59 UTC 2018
4 ms. Memory: 280064K Free: 267955K (96%)
ptolemy.util.test.WatchDog.cancel(): canceling Sun Jun 03 20:26:59 UTC 2018
auto.tcl: Setting watchdog for 200 seconds at Sun Jun 03 20:26:59 UTC 2018
3 ms. Memory: 280064K Free: 267955K (96%)
ptolemy.util.test.WatchDog.cancel(): canceling Sun Jun 03 20:26:59 UTC 2018
------------------ testing $PTII/ptolemy/domains/de/test/auto/ResettableTimer2.xml
auto.tcl: Setting watchdog for 200 seconds at Sun Jun 03 20:26:59 UTC 2018
5 ms. Memory: 278528K Free: 266559K (96%)
ptolemy.util.test.WatchDog.cancel(): canceling Sun Jun 03 20:26:59 UTC 2018
auto.tcl: Setting watchdog for 200 seconds at Sun Jun 03 20:26:59 UTC 2018
2 ms. Memory: 278528K Free: 266559K (96%)
ptolemy.util.test.WatchDog.cancel(): canceling Sun Jun 03 20:26:59 UTC 2018
------------------ testing $PTII/ptolemy/domains/de/test/auto/ResettableTimer3.xml
auto.tcl: Setting watchdog for 200 seconds at Sun Jun 03 20:26:59 UTC 2018
1 ms. Memory: 279552K Free: 267485K (96%)
ptolemy.util.test.WatchDog.cancel(): canceling Sun Jun 03 20:26:59 UTC 2018
auto.tcl: Setting watchdog for 200 seconds at Sun Jun 03 20:26:59 UTC 2018
1 ms. Memory: 279552K Free: 267485K (96%)
ptolemy.util.test.WatchDog.cancel(): canceling Sun Jun 03 20:26:59 UTC 2018
------------------ testing $PTII/ptolemy/domains/de/test/auto/ResettableTimer4.xml
auto.tcl: Setting watchdog for 200 seconds at Sun Jun 03 20:26:59 UTC 2018
1 ms. Memory: 278528K Free: 266571K (96%)
ptolemy.util.test.WatchDog.cancel(): canceling Sun Jun 03 20:26:59 UTC 2018
auto.tcl: Setting watchdog for 200 seconds at Sun Jun 03 20:26:59 UTC 2018
1 ms. Memory: 278528K Free: 266571K (96%)
ptolemy.util.test.WatchDog.cancel(): canceling Sun Jun 03 20:26:59 UTC 2018
------------------ testing $PTII/ptolemy/domains/de/test/auto/ResettableTimer5.xml
auto.tcl: Setting watchdog for 200 seconds at Sun Jun 03 20:26:59 UTC 2018
1 ms. Memory: 279552K Free: 265630K (95%)
ptolemy.util.test.WatchDog.cancel(): canceling Sun Jun 03 20:26:59 UTC 2018
auto.tcl: Setting watchdog for 200 seconds at Sun Jun 03 20:26:59 UTC 2018
2 ms. Memory: 279552K Free: 265630K (95%)
ptolemy.util.test.WatchDog.cancel(): canceling Sun Jun 03 20:26:59 UTC 2018
------------------ testing $PTII/ptolemy/domains/de/test/auto/ResettableTimer6.xml
auto.tcl: Setting watchdog for 200 seconds at Sun Jun 03 20:26:59 UTC 2018
1 ms. Memory: 278528K Free: 264466K (95%)
ptolemy.util.test.WatchDog.cancel(): canceling Sun Jun 03 20:26:59 UTC 2018
auto.tcl: Setting watchdog for 200 seconds at Sun Jun 03 20:26:59 UTC 2018
2 ms. Memory: 278528K Free: 264466K (95%)
ptolemy.util.test.WatchDog.cancel(): canceling Sun Jun 03 20:26:59 UTC 2018
------------------ testing $PTII/ptolemy/domains/de/test/auto/ServerZeroDelay.xml
auto.tcl: Setting watchdog for 200 seconds at Sun Jun 03 20:26:59 UTC 2018
2 ms. Memory: 279552K Free: 267532K (96%)
ptolemy.util.test.WatchDog.cancel(): canceling Sun Jun 03 20:26:59 UTC 2018
auto.tcl: Setting watchdog for 200 seconds at Sun Jun 03 20:26:59 UTC 2018
2 ms. Memory: 279552K Free: 267532K (96%)
ptolemy.util.test.WatchDog.cancel(): canceling Sun Jun 03 20:26:59 UTC 2018
------------------ testing $PTII/ptolemy/domains/de/test/auto/SmartSender.xml
auto.tcl: Setting watchdog for 200 seconds at Sun Jun 03 20:26:59 UTC 2018
3002 ms. Memory: 278528K Free: 264541K (95%)
ptolemy.util.test.WatchDog.cancel(): canceling Sun Jun 03 20:27:02 UTC 2018
auto.tcl: Setting watchdog for 200 seconds at Sun Jun 03 20:27:02 UTC 2018
3001 ms. Memory: 278528K Free: 264541K (95%)
ptolemy.util.test.WatchDog.cancel(): canceling Sun Jun 03 20:27:05 UTC 2018
------------------ testing $PTII/ptolemy/domains/de/test/auto/ThreadedComposite.xml
auto.tcl: Setting watchdog for 200 seconds at Sun Jun 03 20:27:05 UTC 2018
197 ms. Memory: 279552K Free: 245309K (88%)
ptolemy.util.test.WatchDog.cancel(): canceling Sun Jun 03 20:27:06 UTC 2018
auto.tcl: Setting watchdog for 200 seconds at Sun Jun 03 20:27:06 UTC 2018
152 ms. Memory: 279552K Free: 227928K (82%)
ptolemy.util.test.WatchDog.cancel(): canceling Sun Jun 03 20:27:06 UTC 2018
------------------ testing $PTII/ptolemy/domains/de/test/auto/Time.xml
auto.tcl: Setting watchdog for 200 seconds at Sun Jun 03 20:27:06 UTC 2018
634 ms. Memory: 278528K Free: 214895K (77%)
ptolemy.util.test.WatchDog.cancel(): canceling Sun Jun 03 20:27:07 UTC 2018
auto.tcl: Setting watchdog for 200 seconds at Sun Jun 03 20:27:07 UTC 2018
511 ms. Memory: 278528K Free: 165061K (59%)
ptolemy.util.test.WatchDog.cancel(): canceling Sun Jun 03 20:27:07 UTC 2018
------------------ testing $PTII/ptolemy/domains/de/test/auto/TimeDelayZeroDelay.xml
auto.tcl: Setting watchdog for 200 seconds at Sun Jun 03 20:27:07 UTC 2018
4 ms. Memory: 279040K Free: 267477K (96%)
ptolemy.util.test.WatchDog.cancel(): canceling Sun Jun 03 20:27:07 UTC 2018
auto.tcl: Setting watchdog for 200 seconds at Sun Jun 03 20:27:07 UTC 2018
2 ms. Memory: 279040K Free: 267477K (96%)
ptolemy.util.test.WatchDog.cancel(): canceling Sun Jun 03 20:27:07 UTC 2018
------------------ testing $PTII/ptolemy/domains/de/test/auto/TimerZeroDelay.xml
auto.tcl: Setting watchdog for 200 seconds at Sun Jun 03 20:27:07 UTC 2018
5 ms. Memory: 278528K Free: 267071K (96%)
ptolemy.util.test.WatchDog.cancel(): canceling Sun Jun 03 20:27:07 UTC 2018
auto.tcl: Setting watchdog for 200 seconds at Sun Jun 03 20:27:07 UTC 2018
2 ms. Memory: 278528K Free: 267071K (96%)
ptolemy.util.test.WatchDog.cancel(): canceling Sun Jun 03 20:27:07 UTC 2018
------------------ testing $PTII/ptolemy/domains/de/test/auto/TimingParadox.xml
auto.tcl: Setting watchdog for 200 seconds at Sun Jun 03 20:27:07 UTC 2018
364 ms. Memory: 279040K Free: 201846K (72%)
ptolemy.util.test.WatchDog.cancel(): canceling Sun Jun 03 20:27:08 UTC 2018
auto.tcl: Setting watchdog for 200 seconds at Sun Jun 03 20:27:08 UTC 2018
356 ms. Memory: 279040K Free: 169771K (61%)
ptolemy.util.test.WatchDog.cancel(): canceling Sun Jun 03 20:27:08 UTC 2018
------------------ testing $PTII/ptolemy/domains/de/test/auto/TransferInputs.xml
auto.tcl: Setting watchdog for 200 seconds at Sun Jun 03 20:27:08 UTC 2018
2 ms. Memory: 279040K Free: 266466K (95%)
ptolemy.util.test.WatchDog.cancel(): canceling Sun Jun 03 20:27:08 UTC 2018
auto.tcl: Setting watchdog for 200 seconds at Sun Jun 03 20:27:08 UTC 2018
2 ms. Memory: 279040K Free: 266466K (95%)
ptolemy.util.test.WatchDog.cancel(): canceling Sun Jun 03 20:27:08 UTC 2018
------------------ testing $PTII/ptolemy/domains/de/test/auto/TransferOutputs2.xml
auto.tcl: Setting watchdog for 200 seconds at Sun Jun 03 20:27:08 UTC 2018
3 ms. Memory: 278528K Free: 262602K (94%)
ptolemy.util.test.WatchDog.cancel(): canceling Sun Jun 03 20:27:08 UTC 2018
auto.tcl: Setting watchdog for 200 seconds at Sun Jun 03 20:27:08 UTC 2018
10 ms. Memory: 278528K Free: 260104K (93%)
ptolemy.util.test.WatchDog.cancel(): canceling Sun Jun 03 20:27:08 UTC 2018
------------------ testing $PTII/ptolemy/domains/de/test/auto/Trilateration.xml
auto.tcl: Setting watchdog for 200 seconds at Sun Jun 03 20:27:08 UTC 2018
12928 ms. Memory: 352256K Free: 183183K (52%)
ptolemy.util.test.WatchDog.cancel(): canceling Sun Jun 03 20:27:22 UTC 2018
auto.tcl: Setting watchdog for 200 seconds at Sun Jun 03 20:27:22 UTC 2018
10188 ms. Memory: 242688K Free: 96260K (40%)
ptolemy.util.test.WatchDog.cancel(): canceling Sun Jun 03 20:27:33 UTC 2018
------------------ testing $PTII/ptolemy/domains/de/test/auto/TwoSigmaDelta.xml
auto.tcl: Setting watchdog for 200 seconds at Sun Jun 03 20:27:33 UTC 2018
3122 ms. Memory: 236544K Free: 101328K (43%)
ptolemy.util.test.WatchDog.cancel(): canceling Sun Jun 03 20:27:36 UTC 2018
auto.tcl: Setting watchdog for 200 seconds at Sun Jun 03 20:27:36 UTC 2018
2201 ms. Memory: 223744K Free: 162986K (73%)
ptolemy.util.test.WatchDog.cancel(): canceling Sun Jun 03 20:27:38 UTC 2018
------------------ testing $PTII/ptolemy/domains/de/test/auto/VariableDelay.xml
auto.tcl: Setting watchdog for 200 seconds at Sun Jun 03 20:27:38 UTC 2018
3 ms. Memory: 224768K Free: 212866K (95%)
ptolemy.util.test.WatchDog.cancel(): canceling Sun Jun 03 20:27:38 UTC 2018
auto.tcl: Setting watchdog for 200 seconds at Sun Jun 03 20:27:38 UTC 2018
2 ms. Memory: 224768K Free: 210886K (94%)
ptolemy.util.test.WatchDog.cancel(): canceling Sun Jun 03 20:27:38 UTC 2018
------------------ testing $PTII/ptolemy/domains/de/test/auto/VariableDelay2.xml
auto.tcl: Setting watchdog for 200 seconds at Sun Jun 03 20:27:38 UTC 2018
5 ms. Memory: 223744K Free: 213674K (95%)
ptolemy.util.test.WatchDog.cancel(): canceling Sun Jun 03 20:27:38 UTC 2018
auto.tcl: Setting watchdog for 200 seconds at Sun Jun 03 20:27:38 UTC 2018
3 ms. Memory: 223744K Free: 211693K (95%)
ptolemy.util.test.WatchDog.cancel(): canceling Sun Jun 03 20:27:38 UTC 2018
------------------ testing $PTII/ptolemy/domains/de/test/auto/VariableDelayZeroDelay.xml
auto.tcl: Setting watchdog for 200 seconds at Sun Jun 03 20:27:38 UTC 2018
2 ms. Memory: 224768K Free: 213289K (95%)
ptolemy.util.test.WatchDog.cancel(): canceling Sun Jun 03 20:27:38 UTC 2018
auto.tcl: Setting watchdog for 200 seconds at Sun Jun 03 20:27:38 UTC 2018
2 ms. Memory: 224768K Free: 213289K (95%)
ptolemy.util.test.WatchDog.cancel(): canceling Sun Jun 03 20:27:38 UTC 2018
------------------ testing $PTII/ptolemy/domains/de/test/auto/VariableDelayZeroDelay2.xml
auto.tcl: Setting watchdog for 200 seconds at Sun Jun 03 20:27:38 UTC 2018
2 ms. Memory: 223744K Free: 212248K (95%)
ptolemy.util.test.WatchDog.cancel(): canceling Sun Jun 03 20:27:38 UTC 2018
auto.tcl: Setting watchdog for 200 seconds at Sun Jun 03 20:27:38 UTC 2018
2 ms. Memory: 223744K Free: 210267K (94%)
ptolemy.util.test.WatchDog.cancel(): canceling Sun Jun 03 20:27:38 UTC 2018
------------------ testing $PTII/ptolemy/domains/de/test/auto/deInCt.xml
auto.tcl: Setting watchdog for 200 seconds at Sun Jun 03 20:27:39 UTC 2018
0
1
1
1
0
0
0
1
1
1
0
0
0
1
1
1
0
0
0
0
1
1
1
1
0
0
0
1
1
0
0
1
1
1
1
0
0
0
1
1
1
1
10 ms. Memory: 224768K Free: 211287K (94%)
ptolemy.util.test.WatchDog.cancel(): canceling Sun Jun 03 20:27:39 UTC 2018
auto.tcl: Setting watchdog for 200 seconds at Sun Jun 03 20:27:39 UTC 2018
0
1
1
0
0
0
1
1
1
0
0
0
0
1
1
0
0
0
1
1
1
1
1
0
0
0
0
0
1
1
1
1
1
5 ms. Memory: 224768K Free: 211287K (94%)
ptolemy.util.test.WatchDog.cancel(): canceling Sun Jun 03 20:27:39 UTC 2018
------------------ testing $PTII/ptolemy/domains/de/test/auto/deInCt2.xml
auto.tcl: Setting watchdog for 200 seconds at Sun Jun 03 20:27:39 UTC 2018
0
1
1
1
0
0
1
1
1
0
0
1
1
1
0
0
1
1
1
0
0
1
1
1
0
0
1
1
1
0
0
1
1
1
0
0
1
1
1
0
0
0
19 ms. Memory: 223744K Free: 210249K (94%)
ptolemy.util.test.WatchDog.cancel(): canceling Sun Jun 03 20:27:39 UTC 2018
auto.tcl: Setting watchdog for 200 seconds at Sun Jun 03 20:27:39 UTC 2018
0
1
1
1
0
0
1
1
1
0
0
1
1
1
0
0
1
1
1
0
0
1
1
1
0
0
1
1
1
0
0
1
1
1
0
0
1
1
1
0
0
0
11 ms. Memory: 223744K Free: 210249K (94%)
ptolemy.util.test.WatchDog.cancel(): canceling Sun Jun 03 20:27:39 UTC 2018
------------------ testing $PTII/ptolemy/domains/de/test/auto/dynamicCausalityInterface1.xml
auto.tcl: Setting watchdog for 200 seconds at Sun Jun 03 20:27:39 UTC 2018
1 ms. Memory: 224256K Free: 206803K (92%)
ptolemy.util.test.WatchDog.cancel(): canceling Sun Jun 03 20:27:39 UTC 2018
auto.tcl: Setting watchdog for 200 seconds at Sun Jun 03 20:27:39 UTC 2018
1 ms. Memory: 224256K Free: 204806K (91%)
ptolemy.util.test.WatchDog.cancel(): canceling Sun Jun 03 20:27:39 UTC 2018
------------------ testing $PTII/ptolemy/domains/de/test/auto/fsm_de_test.xml
auto.tcl: Setting watchdog for 200 seconds at Sun Jun 03 20:27:39 UTC 2018
6 ms. Memory: 223744K Free: 206193K (92%)
ptolemy.util.test.WatchDog.cancel(): canceling Sun Jun 03 20:27:39 UTC 2018
auto.tcl: Setting watchdog for 200 seconds at Sun Jun 03 20:27:39 UTC 2018
5 ms. Memory: 223744K Free: 204212K (91%)
ptolemy.util.test.WatchDog.cancel(): canceling Sun Jun 03 20:27:39 UTC 2018
------------------ testing $PTII/ptolemy/domains/de/test/auto/functionDependencyReconstruction.xml
auto.tcl: Setting watchdog for 200 seconds at Sun Jun 03 20:27:39 UTC 2018
2 ms. Memory: 224256K Free: 200737K (90%)
ptolemy.util.test.WatchDog.cancel(): canceling Sun Jun 03 20:27:39 UTC 2018
auto.tcl: Setting watchdog for 200 seconds at Sun Jun 03 20:27:39 UTC 2018
4 ms. Memory: 224256K Free: 198741K (89%)
ptolemy.util.test.WatchDog.cancel(): canceling Sun Jun 03 20:27:39 UTC 2018
------------------ testing $PTII/ptolemy/domains/de/test/auto/multirate.xml
auto.tcl: Setting watchdog for 200 seconds at Sun Jun 03 20:27:39 UTC 2018
3 ms. Memory: 223744K Free: 210038K (94%)
ptolemy.util.test.WatchDog.cancel(): canceling Sun Jun 03 20:27:39 UTC 2018
auto.tcl: Setting watchdog for 200 seconds at Sun Jun 03 20:27:39 UTC 2018
4 ms. Memory: 223744K Free: 208049K (93%)
ptolemy.util.test.WatchDog.cancel(): canceling Sun Jun 03 20:27:39 UTC 2018
------------------ testing $PTII/ptolemy/domains/de/test/auto/multirate2.xml
auto.tcl: Setting watchdog for 200 seconds at Sun Jun 03 20:27:39 UTC 2018
6 ms. Memory: 224256K Free: 210737K (94%)
ptolemy.util.test.WatchDog.cancel(): canceling Sun Jun 03 20:27:39 UTC 2018
auto.tcl: Setting watchdog for 200 seconds at Sun Jun 03 20:27:39 UTC 2018
4 ms. Memory: 224256K Free: 208741K (93%)
ptolemy.util.test.WatchDog.cancel(): canceling Sun Jun 03 20:27:39 UTC 2018
------------------ testing $PTII/ptolemy/domains/de/test/auto/realtime.xml
auto.tcl: Setting watchdog for 200 seconds at Sun Jun 03 20:27:39 UTC 2018
10003 ms. Memory: 223744K Free: 212189K (95%)
ptolemy.util.test.WatchDog.cancel(): canceling Sun Jun 03 20:27:49 UTC 2018
auto.tcl: Setting watchdog for 200 seconds at Sun Jun 03 20:27:49 UTC 2018
10001 ms. Memory: 223744K Free: 210208K (94%)
ptolemy.util.test.WatchDog.cancel(): canceling Sun Jun 03 20:27:59 UTC 2018
------------------ testing $PTII/ptolemy/domains/de/test/auto/relationGroup.xml
auto.tcl: Setting watchdog for 200 seconds at Sun Jun 03 20:27:59 UTC 2018
1 ms. Memory: 224256K Free: 212734K (95%)
ptolemy.util.test.WatchDog.cancel(): canceling Sun Jun 03 20:27:59 UTC 2018
auto.tcl: Setting watchdog for 200 seconds at Sun Jun 03 20:27:59 UTC 2018
1 ms. Memory: 224256K Free: 212734K (95%)
ptolemy.util.test.WatchDog.cancel(): canceling Sun Jun 03 20:27:59 UTC 2018
------------------ testing $PTII/ptolemy/domains/de/test/auto/relationGroup2.xml
auto.tcl: Setting watchdog for 200 seconds at Sun Jun 03 20:27:59 UTC 2018
10 ms. Memory: 223744K Free: 212241K (95%)
ptolemy.util.test.WatchDog.cancel(): canceling Sun Jun 03 20:27:59 UTC 2018
auto.tcl: Setting watchdog for 200 seconds at Sun Jun 03 20:27:59 UTC 2018
1 ms. Memory: 223744K Free: 212241K (95%)
ptolemy.util.test.WatchDog.cancel(): canceling Sun Jun 03 20:27:59 UTC 2018
------------------ testing $PTII/ptolemy/domains/de/test/auto/sortWithOpaquePorts.xml
auto.tcl: Setting watchdog for 200 seconds at Sun Jun 03 20:27:59 UTC 2018
1 ms. Memory: 224256K Free: 212755K (95%)
ptolemy.util.test.WatchDog.cancel(): canceling Sun Jun 03 20:27:59 UTC 2018
auto.tcl: Setting watchdog for 200 seconds at Sun Jun 03 20:27:59 UTC 2018
2 ms. Memory: 224256K Free: 210758K (94%)
ptolemy.util.test.WatchDog.cancel(): canceling Sun Jun 03 20:27:59 UTC 2018
------------------ testing $PTII/ptolemy/domains/de/test/auto/transferInputsandOutputs.xml
auto.tcl: Setting watchdog for 200 seconds at Sun Jun 03 20:27:59 UTC 2018
3 ms. Memory: 223744K Free: 210249K (94%)
ptolemy.util.test.WatchDog.cancel(): canceling Sun Jun 03 20:27:59 UTC 2018
auto.tcl: Setting watchdog for 200 seconds at Sun Jun 03 20:27:59 UTC 2018
2 ms. Memory: 223744K Free: 208252K (93%)
ptolemy.util.test.WatchDog.cancel(): canceling Sun Jun 03 20:27:59 UTC 2018
------------------ testing $PTII/ptolemy/domains/de/test/auto/triggerType.xml
auto.tcl: Setting watchdog for 200 seconds at Sun Jun 03 20:27:59 UTC 2018
1 ms. Memory: 224256K Free: 212693K (95%)
ptolemy.util.test.WatchDog.cancel(): canceling Sun Jun 03 20:27:59 UTC 2018
auto.tcl: Setting watchdog for 200 seconds at Sun Jun 03 20:27:59 UTC 2018
1 ms. Memory: 224256K Free: 210712K (94%)
ptolemy.util.test.WatchDog.cancel(): canceling Sun Jun 03 20:27:59 UTC 2018
06/03/18 08:27:59
Failed: 0  Total Tests: 192  ((Passed: 187, Newly Passed: 1)  Known Failed: 5) /home/travis/build/icyphy/ptII/ptolemy/domains/de/test
06/03/18 08:27:59
Failed: 0  Total Tests: 192  ((Passed: 187, Newly Passed: 1)  Known Failed: 5) /home/travis/build/icyphy/ptII/ptolemy/domains/de/test
----------------- testing (KnownFailure) /home/travis/build/icyphy/ptII/ptolemy/domains/de/test/auto/knownFailedTests/DESDFClockTest.xml
2011 ms. Memory: 223744K Free: 202807K (91%)
Known Failure: java.lang.reflect.InvocationTargetException
----------------- testing (KnownFailure) /home/travis/build/icyphy/ptII/ptolemy/domains/de/test/auto/knownFailedTests/DirectFeedback.xml
1 ms. Memory: 223744K Free: 191420K (86%)
Known Failure: java.lang.reflect.InvocationTargetException
----------------- testing (KnownFailure) /home/travis/build/icyphy/ptII/ptolemy/domains/de/test/auto/knownFailedTests/FSMSource.xml
9 ms. Memory: 223744K Free: 177186K (79%)
----------------- testing (KnownFailure) /home/travis/build/icyphy/ptII/ptolemy/domains/de/test/auto/knownFailedTests/HierarchicalModel.xml
2 ms. Memory: 223744K Free: 157219K (70%)
Known Failure: java.lang.reflect.InvocationTargetException
----------------- testing (KnownFailure) /home/travis/build/icyphy/ptII/ptolemy/domains/de/test/auto/knownFailedTests/dependencyLoop.xml
2 ms. Memory: 223744K Free: 131558K (59%)
Known Failure: java.lang.reflect.InvocationTargetException
----------------- testing (KnownFailure) /home/travis/build/icyphy/ptII/ptolemy/domains/de/test/auto/knownFailedTests/dependencyLoop2.xml
1 ms. Memory: 223744K Free: 105905K (47%)
Known Failure: java.lang.reflect.InvocationTargetException
No auto/linux-amd64/*.xml tests in /home/travis/build/icyphy/ptII/ptolemy/domains/de/test
AutoTests.java: About to close Vertx.
AutoTests.java: Vertx closed.

===========================================================================================
----------------- testing Sun Jun 03 20:28:02 UTC 2018 /home/travis/build/icyphy/ptII/ptolemy/domains/de/test/auto/ActorDepthCalculation_actorWithoutPorts.xml
----------------- Instantiating /home/travis/build/icyphy/ptII/ptolemy/domains/de/test/auto/ActorDepthCalculation_actorWithoutPorts.xml
1 ms. Memory: 223744K Free: 88808K (40%)
----------------- Invoking toplevel() on ptolemy.moml.MoMLSimpleApplication@e30d88a
----------------- Done invoking toplevel() on ptolemy.moml.MoMLSimpleApplication@e30d88a
reloadAllAccessors: .ActorDepthCalculation_actorWithoutPorts

===========================================================================================
----------------- testing Sun Jun 03 20:28:02 UTC 2018 /home/travis/build/icyphy/ptII/ptolemy/domains/de/test/auto/AssemblyLine.xml
----------------- Instantiating /home/travis/build/icyphy/ptII/ptolemy/domains/de/test/auto/AssemblyLine.xml
1 ms. Memory: 223744K Free: 77413K (35%)
----------------- Invoking toplevel() on ptolemy.moml.MoMLSimpleApplication@74881388
----------------- Done invoking toplevel() on ptolemy.moml.MoMLSimpleApplication@74881388
reloadAllAccessors: .AssemblyLine

===========================================================================================
----------------- testing Sun Jun 03 20:28:02 UTC 2018 /home/travis/build/icyphy/ptII/ptolemy/domains/de/test/auto/CQBug1.xml
----------------- Instantiating /home/travis/build/icyphy/ptII/ptolemy/domains/de/test/auto/CQBug1.xml
0 ms. Memory: 218624K Free: 208277K (95%)
----------------- Invoking toplevel() on ptolemy.moml.MoMLSimpleApplication@2a84e63a
----------------- Done invoking toplevel() on ptolemy.moml.MoMLSimpleApplication@2a84e63a
reloadAllAccessors: .CQBug1

===========================================================================================
----------------- testing Sun Jun 03 20:28:02 UTC 2018 /home/travis/build/icyphy/ptII/ptolemy/domains/de/test/auto/CancelFireAt.xml
----------------- Instantiating /home/travis/build/icyphy/ptII/ptolemy/domains/de/test/auto/CancelFireAt.xml
0 ms. Memory: 218624K Free: 201559K (92%)
----------------- Invoking toplevel() on ptolemy.moml.MoMLSimpleApplication@1aa12546
----------------- Done invoking toplevel() on ptolemy.moml.MoMLSimpleApplication@1aa12546
reloadAllAccessors: .CancelFireAt

===========================================================================================
----------------- testing Sun Jun 03 20:28:02 UTC 2018 /home/travis/build/icyphy/ptII/ptolemy/domains/de/test/auto/CausalityAndComposabilityAnalysis.xml
----------------- Instantiating /home/travis/build/icyphy/ptII/ptolemy/domains/de/test/auto/CausalityAndComposabilityAnalysis.xml
1 ms. Memory: 218624K Free: 193356K (88%)
----------------- Invoking toplevel() on ptolemy.moml.MoMLSimpleApplication@52fa0e7a
----------------- Done invoking toplevel() on ptolemy.moml.MoMLSimpleApplication@52fa0e7a
reloadAllAccessors: .CausalityAndComposabilityAnalysis

===========================================================================================
----------------- testing Sun Jun 03 20:28:02 UTC 2018 /home/travis/build/icyphy/ptII/ptolemy/domains/de/test/auto/CausalityInterface1.xml
----------------- Instantiating /home/travis/build/icyphy/ptII/ptolemy/domains/de/test/auto/CausalityInterface1.xml
3 ms. Memory: 218624K Free: 183896K (84%)
----------------- Invoking toplevel() on ptolemy.moml.MoMLSimpleApplication@3e858b1c
----------------- Done invoking toplevel() on ptolemy.moml.MoMLSimpleApplication@3e858b1c
reloadAllAccessors: .CausalityInterface1

===========================================================================================
----------------- testing Sun Jun 03 20:28:02 UTC 2018 /home/travis/build/icyphy/ptII/ptolemy/domains/de/test/auto/CausalityInterface15.xml
----------------- Instantiating /home/travis/build/icyphy/ptII/ptolemy/domains/de/test/auto/CausalityInterface15.xml
1 ms. Memory: 218624K Free: 175686K (80%)
----------------- Invoking toplevel() on ptolemy.moml.MoMLSimpleApplication@7f835d9d
----------------- Done invoking toplevel() on ptolemy.moml.MoMLSimpleApplication@7f835d9d
reloadAllAccessors: .CausalityInterface15

[...]
java.lang.RuntimeException: Execution failed
	at ptolemy.moml.MoMLSimpleApplication$UnloadThread.run(MoMLSimpleApplication.java:402)
Caused by: ptolemy.kernel.util.IllegalActionException: Test fails in iteration 1.
Value was: 1.0. Should have been: 2.0
  in .DirectFeedback.Test
	at ptolemy.actor.lib.Test.fire(Test.java:268)
	at ptolemy.domains.de.kernel.DEDirector._fire(DEDirector.java:1948)
	at ptolemy.domains.de.kernel.DEDirector.fire(DEDirector.java:502)
	at ptolemy.actor.CompositeActor.fire(CompositeActor.java:455)
	at ptolemy.actor.Manager.iterate(Manager.java:851)
	at ptolemy.actor.Manager.execute(Manager.java:369)
	at ptolemy.actor.Manager.run(Manager.java:1263)
	at ptolemy.actor.Manager$PtolemyRunThread.run(Manager.java:1915)
java.lang.RuntimeException: Execution failed
	at ptolemy.moml.MoMLSimpleApplication$UnloadThread.run(MoMLSimpleApplication.java:402)
Caused by: ptolemy.kernel.util.IllegalActionException: Actor is not ready to fire.  Perhaps UpSample.prefire() returned false? Try debugging the actor by selecting "Listen to Actor".  Also, for SDF check moml for tokenConsumptionRate on input.
  in .DESDFClockTest.Play Bell.Copy1:SDF Director and .DESDFClockTest.Play Bell.UpSample
	at ptolemy.actor.sched.StaticSchedulingDirector.fire(StaticSchedulingDirector.java:227)
	at ptolemy.domains.sdf.kernel.SDFDirector.fire(SDFDirector.java:500)
	at ptolemy.actor.CompositeActor.fire(CompositeActor.java:455)
	at ptolemy.domains.de.kernel.DEDirector._fire(DEDirector.java:1948)
	at ptolemy.domains.de.kernel.DEDirector.fire(DEDirector.java:502)
	at ptolemy.actor.CompositeActor.fire(CompositeActor.java:455)
	at ptolemy.actor.Manager.iterate(Manager.java:851)
	at ptolemy.actor.Manager.execute(Manager.java:369)
	at ptolemy.actor.Manager.run(Manager.java:1263)
	at ptolemy.actor.Manager$PtolemyRunThread.run(Manager.java:1915)
java.lang.reflect.InvocationTargetException
	at sun.reflect.NativeConstructorAccessorImpl.newInstance0(Native Method)
	at sun.reflect.NativeConstructorAccessorImpl.newInstance(NativeConstructorAccessorImpl.java:62)
	at sun.reflect.DelegatingConstructorAccessorImpl.newInstance(DelegatingConstructorAccessorImpl.java:45)
	at java.lang.reflect.Constructor.newInstance(Constructor.java:423)
	at ptolemy.util.test.junit.AutoKnownFailedTests.RunModel(AutoKnownFailedTests.java:107)
	at sun.reflect.NativeMethodAccessorImpl.invoke0(Native Method)
	at sun.reflect.NativeMethodAccessorImpl.invoke(NativeMethodAccessorImpl.java:62)
	at sun.reflect.DelegatingMethodAccessorImpl.invoke(DelegatingMethodAccessorImpl.java:43)
	at java.lang.reflect.Method.invoke(Method.java:498)
	at org.junit.runners.model.FrameworkMethod$1.runReflectiveCall(FrameworkMethod.java:44)
	at org.junit.internal.runners.model.ReflectiveCallable.run(ReflectiveCallable.java:15)
	at org.junit.runners.model.FrameworkMethod.invokeExplosively(FrameworkMethod.java:41)
	at junitparams.internal.InvokeParameterisedMethod.evaluate(InvokeParameterisedMethod.java:102)
	at org.junit.internal.runners.statements.FailOnTimeout$1.run(FailOnTimeout.java:28)
Caused by: ptolemy.kernel.util.IllegalActionException: Actor is not ready to fire.  Perhaps UpSample.prefire() returned false? Try debugging the actor by selecting "Listen to Actor".  Also, for SDF check moml for tokenConsumptionRate on input.
  in .DESDFClockTest.Play Bell.Copy1:SDF Director and .DESDFClockTest.Play Bell.UpSample
	at ptolemy.actor.sched.StaticSchedulingDirector.fire(StaticSchedulingDirector.java:227)
	at ptolemy.domains.sdf.kernel.SDFDirector.fire(SDFDirector.java:500)
	at ptolemy.actor.CompositeActor.fire(CompositeActor.java:455)
	at ptolemy.domains.de.kernel.DEDirector._fire(DEDirector.java:1948)
	at ptolemy.domains.de.kernel.DEDirector.fire(DEDirector.java:502)
	at ptolemy.actor.CompositeActor.fire(CompositeActor.java:455)
	at ptolemy.actor.Manager.iterate(Manager.java:851)
	at ptolemy.actor.Manager.execute(Manager.java:369)
	at ptolemy.actor.Manager.run(Manager.java:1263)
	at ptolemy.actor.Manager$PtolemyRunThread.run(Manager.java:1915)
java.lang.RuntimeException: Execution failed
	at ptolemy.moml.MoMLSimpleApplication$UnloadThread.run(MoMLSimpleApplication.java:402)
Caused by: ptolemy.kernel.util.IllegalActionException: Test fails in iteration 1.
Value was: 1.0. Should have been: 2.0
  in .DirectFeedback.Test
	at ptolemy.actor.lib.Test.fire(Test.java:268)
	at ptolemy.domains.de.kernel.DEDirector._fire(DEDirector.java:1948)
	at ptolemy.domains.de.kernel.DEDirector.fire(DEDirector.java:502)
	at ptolemy.actor.CompositeActor.fire(CompositeActor.java:455)
	at ptolemy.actor.Manager.iterate(Manager.java:851)
	at ptolemy.actor.Manager.execute(Manager.java:369)
	at ptolemy.actor.Manager.run(Manager.java:1263)
	at ptolemy.actor.Manager$PtolemyRunThread.run(Manager.java:1915)
java.lang.reflect.InvocationTargetException
	at sun.reflect.NativeConstructorAccessorImpl.newInstance0(Native Method)
	at sun.reflect.NativeConstructorAccessorImpl.newInstance(NativeConstructorAccessorImpl.java:62)
	at sun.reflect.DelegatingConstructorAccessorImpl.newInstance(DelegatingConstructorAccessorImpl.java:45)
	at java.lang.reflect.Constructor.newInstance(Constructor.java:423)
	at ptolemy.util.test.junit.AutoKnownFailedTests.RunModel(AutoKnownFailedTests.java:107)
	at sun.reflect.NativeMethodAccessorImpl.invoke0(Native Method)
	at sun.reflect.NativeMethodAccessorImpl.invoke(NativeMethodAccessorImpl.java:62)
	at sun.reflect.DelegatingMethodAccessorImpl.invoke(DelegatingMethodAccessorImpl.java:43)
	at java.lang.reflect.Method.invoke(Method.java:498)
	at org.junit.runners.model.FrameworkMethod$1.runReflectiveCall(FrameworkMethod.java:44)
	at org.junit.internal.runners.model.ReflectiveCallable.run(ReflectiveCallable.java:15)
	at org.junit.runners.model.FrameworkMethod.invokeExplosively(FrameworkMethod.java:41)
	at junitparams.internal.InvokeParameterisedMethod.evaluate(InvokeParameterisedMethod.java:102)
	at org.junit.internal.runners.statements.FailOnTimeout$1.run(FailOnTimeout.java:28)
Caused by: ptolemy.kernel.util.IllegalActionException: Test fails in iteration 1.
Value was: 1.0. Should have been: 2.0
  in .DirectFeedback.Test
	at ptolemy.actor.lib.Test.fire(Test.java:268)
	at ptolemy.domains.de.kernel.DEDirector._fire(DEDirector.java:1948)
	at ptolemy.domains.de.kernel.DEDirector.fire(DEDirector.java:502)
	at ptolemy.actor.CompositeActor.fire(CompositeActor.java:455)
	at ptolemy.actor.Manager.iterate(Manager.java:851)
	at ptolemy.actor.Manager.execute(Manager.java:369)
	at ptolemy.actor.Manager.run(Manager.java:1263)
	at ptolemy.actor.Manager$PtolemyRunThread.run(Manager.java:1915)
java.lang.RuntimeException: Execution failed
	at ptolemy.moml.MoMLSimpleApplication$UnloadThread.run(MoMLSimpleApplication.java:402)
Caused by: ptolemy.kernel.util.IllegalActionException: Found a zero delay loop containing .HierarchicalModel.A
  in .HierarchicalModel and .HierarchicalModel.A
	at ptolemy.actor.util.CausalityInterfaceForComposites._computeOutputPortDepth(CausalityInterfaceForComposites.java:759)
	at ptolemy.actor.util.CausalityInterfaceForComposites._computeInputDepth(CausalityInterfaceForComposites.java:696)
	at ptolemy.actor.util.CausalityInterfaceForComposites._computeOutputPortDepth(CausalityInterfaceForComposites.java:765)
	at ptolemy.actor.util.CausalityInterfaceForComposites._computeInputDepth(CausalityInterfaceForComposites.java:696)
	at ptolemy.actor.util.CausalityInterfaceForComposites._computeOutputPortDepth(CausalityInterfaceForComposites.java:765)
	at ptolemy.actor.util.CausalityInterfaceForComposites._computeInputDepth(CausalityInterfaceForComposites.java:696)
	at ptolemy.actor.util.CausalityInterfaceForComposites._computeActorDepth(CausalityInterfaceForComposites.java:532)
	at ptolemy.actor.util.CausalityInterfaceForComposites.checkForCycles(CausalityInterfaceForComposites.java:96)
	at ptolemy.domains.de.kernel.DEDirector.preinitialize(DEDirector.java:1337)
	at ptolemy.actor.CompositeActor.preinitialize(CompositeActor.java:1828)
	at ptolemy.actor.Manager.preinitializeAndResolveTypes(Manager.java:1040)
	at ptolemy.actor.Manager.initialize(Manager.java:710)
	at ptolemy.actor.Manager.execute(Manager.java:356)
	at ptolemy.actor.Manager.run(Manager.java:1263)
	at ptolemy.actor.Manager$PtolemyRunThread.run(Manager.java:1915)
java.lang.reflect.InvocationTargetException
	at sun.reflect.NativeConstructorAccessorImpl.newInstance0(Native Method)
	at sun.reflect.NativeConstructorAccessorImpl.newInstance(NativeConstructorAccessorImpl.java:62)
	at sun.reflect.DelegatingConstructorAccessorImpl.newInstance(DelegatingConstructorAccessorImpl.java:45)
	at java.lang.reflect.Constructor.newInstance(Constructor.java:423)
	at ptolemy.util.test.junit.AutoKnownFailedTests.RunModel(AutoKnownFailedTests.java:107)
	at sun.reflect.NativeMethodAccessorImpl.invoke0(Native Method)
	at sun.reflect.NativeMethodAccessorImpl.invoke(NativeMethodAccessorImpl.java:62)
	at sun.reflect.DelegatingMethodAccessorImpl.invoke(DelegatingMethodAccessorImpl.java:43)
	at java.lang.reflect.Method.invoke(Method.java:498)
	at org.junit.runners.model.FrameworkMethod$1.runReflectiveCall(FrameworkMethod.java:44)
	at org.junit.internal.runners.model.ReflectiveCallable.run(ReflectiveCallable.java:15)
	at org.junit.runners.model.FrameworkMethod.invokeExplosively(FrameworkMethod.java:41)
	at junitparams.internal.InvokeParameterisedMethod.evaluate(InvokeParameterisedMethod.java:102)
	at org.junit.internal.runners.statements.FailOnTimeout$1.run(FailOnTimeout.java:28)
Caused by: ptolemy.kernel.util.IllegalActionException: Found a zero delay loop containing .HierarchicalModel.A
  in .HierarchicalModel and .HierarchicalModel.A
	at ptolemy.actor.util.CausalityInterfaceForComposites._computeOutputPortDepth(CausalityInterfaceForComposites.java:759)
	at ptolemy.actor.util.CausalityInterfaceForComposites._computeInputDepth(CausalityInterfaceForComposites.java:696)
	at ptolemy.actor.util.CausalityInterfaceForComposites._computeOutputPortDepth(CausalityInterfaceForComposites.java:765)
	at ptolemy.actor.util.CausalityInterfaceForComposites._computeInputDepth(CausalityInterfaceForComposites.java:696)
	at ptolemy.actor.util.CausalityInterfaceForComposites._computeOutputPortDepth(CausalityInterfaceForComposites.java:765)
	at ptolemy.actor.util.CausalityInterfaceForComposites._computeInputDepth(CausalityInterfaceForComposites.java:696)
	at ptolemy.actor.util.CausalityInterfaceForComposites._computeActorDepth(CausalityInterfaceForComposites.java:532)
	at ptolemy.actor.util.CausalityInterfaceForComposites.checkForCycles(CausalityInterfaceForComposites.java:96)
	at ptolemy.domains.de.kernel.DEDirector.preinitialize(DEDirector.java:1337)
	at ptolemy.actor.CompositeActor.preinitialize(CompositeActor.java:1828)
	at ptolemy.actor.Manager.preinitializeAndResolveTypes(Manager.java:1040)
	at ptolemy.actor.Manager.initialize(Manager.java:710)
	at ptolemy.actor.Manager.execute(Manager.java:356)
	at ptolemy.actor.Manager.run(Manager.java:1263)
	at ptolemy.actor.Manager$PtolemyRunThread.run(Manager.java:1915)
java.lang.RuntimeException: Execution failed
	at ptolemy.moml.MoMLSimpleApplication$UnloadThread.run(MoMLSimpleApplication.java:402)
Caused by: ptolemy.kernel.util.IllegalActionException: Found a zero delay loop containing .dependencyLoop.original
  in .dependencyLoop and .dependencyLoop.original
	at ptolemy.actor.util.CausalityInterfaceForComposites._computeOutputPortDepth(CausalityInterfaceForComposites.java:759)
	at ptolemy.actor.util.CausalityInterfaceForComposites._computeInputDepth(CausalityInterfaceForComposites.java:696)
	at ptolemy.actor.util.CausalityInterfaceForComposites._computeOutputPortDepth(CausalityInterfaceForComposites.java:765)
	at ptolemy.actor.util.CausalityInterfaceForComposites._computeInputDepth(CausalityInterfaceForComposites.java:696)
	at ptolemy.actor.util.CausalityInterfaceForComposites._computeOutputPortDepth(CausalityInterfaceForComposites.java:765)
	at ptolemy.actor.util.CausalityInterfaceForComposites._computeInputDepth(CausalityInterfaceForComposites.java:696)
	at ptolemy.actor.util.CausalityInterfaceForComposites._computeActorDepth(CausalityInterfaceForComposites.java:532)
	at ptolemy.actor.util.CausalityInterfaceForComposites.checkForCycles(CausalityInterfaceForComposites.java:96)
	at ptolemy.domains.de.kernel.DEDirector.preinitialize(DEDirector.java:1337)
	at ptolemy.actor.CompositeActor.preinitialize(CompositeActor.java:1828)
	at ptolemy.actor.Manager.preinitializeAndResolveTypes(Manager.java:1040)
	at ptolemy.actor.Manager.initialize(Manager.java:710)
	at ptolemy.actor.Manager.execute(Manager.java:356)
	at ptolemy.actor.Manager.run(Manager.java:1263)
	at ptolemy.actor.Manager$PtolemyRunThread.run(Manager.java:1915)
java.lang.reflect.InvocationTargetException
	at sun.reflect.NativeConstructorAccessorImpl.newInstance0(Native Method)
	at sun.reflect.NativeConstructorAccessorImpl.newInstance(NativeConstructorAccessorImpl.java:62)
	at sun.reflect.DelegatingConstructorAccessorImpl.newInstance(DelegatingConstructorAccessorImpl.java:45)
	at java.lang.reflect.Constructor.newInstance(Constructor.java:423)
	at ptolemy.util.test.junit.AutoKnownFailedTests.RunModel(AutoKnownFailedTests.java:107)
	at sun.reflect.NativeMethodAccessorImpl.invoke0(Native Method)
	at sun.reflect.NativeMethodAccessorImpl.invoke(NativeMethodAccessorImpl.java:62)
	at sun.reflect.DelegatingMethodAccessorImpl.invoke(DelegatingMethodAccessorImpl.java:43)
	at java.lang.reflect.Method.invoke(Method.java:498)
	at org.junit.runners.model.FrameworkMethod$1.runReflectiveCall(FrameworkMethod.java:44)
	at org.junit.internal.runners.model.ReflectiveCallable.run(ReflectiveCallable.java:15)
	at org.junit.runners.model.FrameworkMethod.invokeExplosively(FrameworkMethod.java:41)
	at junitparams.internal.InvokeParameterisedMethod.evaluate(InvokeParameterisedMethod.java:102)
	at org.junit.internal.runners.statements.FailOnTimeout$1.run(FailOnTimeout.java:28)
Caused by: ptolemy.kernel.util.IllegalActionException: Found a zero delay loop containing .dependencyLoop.original
  in .dependencyLoop and .dependencyLoop.original
	at ptolemy.actor.util.CausalityInterfaceForComposites._computeOutputPortDepth(CausalityInterfaceForComposites.java:759)
	at ptolemy.actor.util.CausalityInterfaceForComposites._computeInputDepth(CausalityInterfaceForComposites.java:696)
	at ptolemy.actor.util.CausalityInterfaceForComposites._computeOutputPortDepth(CausalityInterfaceForComposites.java:765)
	at ptolemy.actor.util.CausalityInterfaceForComposites._computeInputDepth(CausalityInterfaceForComposites.java:696)
	at ptolemy.actor.util.CausalityInterfaceForComposites._computeOutputPortDepth(CausalityInterfaceForComposites.java:765)
	at ptolemy.actor.util.CausalityInterfaceForComposites._computeInputDepth(CausalityInterfaceForComposites.java:696)
	at ptolemy.actor.util.CausalityInterfaceForComposites._computeActorDepth(CausalityInterfaceForComposites.java:532)
	at ptolemy.actor.util.CausalityInterfaceForComposites.checkForCycles(CausalityInterfaceForComposites.java:96)
	at ptolemy.domains.de.kernel.DEDirector.preinitialize(DEDirector.java:1337)
	at ptolemy.actor.CompositeActor.preinitialize(CompositeActor.java:1828)
	at ptolemy.actor.Manager.preinitializeAndResolveTypes(Manager.java:1040)
	at ptolemy.actor.Manager.initialize(Manager.java:710)
	at ptolemy.actor.Manager.execute(Manager.java:356)
	at ptolemy.actor.Manager.run(Manager.java:1263)
	at ptolemy.actor.Manager$PtolemyRunThread.run(Manager.java:1915)
java.lang.RuntimeException: Execution failed
	at ptolemy.moml.MoMLSimpleApplication$UnloadThread.run(MoMLSimpleApplication.java:402)
Caused by: ptolemy.kernel.util.IllegalActionException: Found a zero delay loop containing .dependencyLoop2.original
  in .dependencyLoop2 and .dependencyLoop2.original
	at ptolemy.actor.util.CausalityInterfaceForComposites._computeOutputPortDepth(CausalityInterfaceForComposites.java:759)
	at ptolemy.actor.util.CausalityInterfaceForComposites._computeInputDepth(CausalityInterfaceForComposites.java:696)
	at ptolemy.actor.util.CausalityInterfaceForComposites._computeOutputPortDepth(CausalityInterfaceForComposites.java:765)
	at ptolemy.actor.util.CausalityInterfaceForComposites._computeInputDepth(CausalityInterfaceForComposites.java:696)
	at ptolemy.actor.util.CausalityInterfaceForComposites._computeOutputPortDepth(CausalityInterfaceForComposites.java:765)
	at ptolemy.actor.util.CausalityInterfaceForComposites._computeInputDepth(CausalityInterfaceForComposites.java:696)
	at ptolemy.actor.util.CausalityInterfaceForComposites._computeActorDepth(CausalityInterfaceForComposites.java:532)
	at ptolemy.actor.util.CausalityInterfaceForComposites.checkForCycles(CausalityInterfaceForComposites.java:96)
	at ptolemy.domains.de.kernel.DEDirector.preinitialize(DEDirector.java:1337)
	at ptolemy.actor.CompositeActor.preinitialize(CompositeActor.java:1828)
	at ptolemy.actor.Manager.preinitializeAndResolveTypes(Manager.java:1040)
	at ptolemy.actor.Manager.initialize(Manager.java:710)
	at ptolemy.actor.Manager.execute(Manager.java:356)
	at ptolemy.actor.Manager.run(Manager.java:1263)
	at ptolemy.actor.Manager$PtolemyRunThread.run(Manager.java:1915)
java.lang.reflect.InvocationTargetException
	at sun.reflect.NativeConstructorAccessorImpl.newInstance0(Native Method)
	at sun.reflect.NativeConstructorAccessorImpl.newInstance(NativeConstructorAccessorImpl.java:62)
	at sun.reflect.DelegatingConstructorAccessorImpl.newInstance(DelegatingConstructorAccessorImpl.java:45)
	at java.lang.reflect.Constructor.newInstance(Constructor.java:423)
	at ptolemy.util.test.junit.AutoKnownFailedTests.RunModel(AutoKnownFailedTests.java:107)
	at sun.reflect.NativeMethodAccessorImpl.invoke0(Native Method)
	at sun.reflect.NativeMethodAccessorImpl.invoke(NativeMethodAccessorImpl.java:62)
	at sun.reflect.DelegatingMethodAccessorImpl.invoke(DelegatingMethodAccessorImpl.java:43)
	at java.lang.reflect.Method.invoke(Method.java:498)
	at org.junit.runners.model.FrameworkMethod$1.runReflectiveCall(FrameworkMethod.java:44)
	at org.junit.internal.runners.model.ReflectiveCallable.run(ReflectiveCallable.java:15)
	at org.junit.runners.model.FrameworkMethod.invokeExplosively(FrameworkMethod.java:41)
	at junitparams.internal.InvokeParameterisedMethod.evaluate(InvokeParameterisedMethod.java:102)
	at org.junit.internal.runners.statements.FailOnTimeout$1.run(FailOnTimeout.java:28)
Caused by: ptolemy.kernel.util.IllegalActionException: Found a zero delay loop containing .dependencyLoop2.original
  in .dependencyLoop2 and .dependencyLoop2.original
	at ptolemy.actor.util.CausalityInterfaceForComposites._computeOutputPortDepth(CausalityInterfaceForComposites.java:759)
	at ptolemy.actor.util.CausalityInterfaceForComposites._computeInputDepth(CausalityInterfaceForComposites.java:696)
	at ptolemy.actor.util.CausalityInterfaceForComposites._computeOutputPortDepth(CausalityInterfaceForComposites.java:765)
	at ptolemy.actor.util.CausalityInterfaceForComposites._computeInputDepth(CausalityInterfaceForComposites.java:696)
	at ptolemy.actor.util.CausalityInterfaceForComposites._computeOutputPortDepth(CausalityInterfaceForComposites.java:765)
	at ptolemy.actor.util.CausalityInterfaceForComposites._computeInputDepth(CausalityInterfaceForComposites.java:696)
	at ptolemy.actor.util.CausalityInterfaceForComposites._computeActorDepth(CausalityInterfaceForComposites.java:532)
	at ptolemy.actor.util.CausalityInterfaceForComposites.checkForCycles(CausalityInterfaceForComposites.java:96)
	at ptolemy.domains.de.kernel.DEDirector.preinitialize(DEDirector.java:1337)
	at ptolemy.actor.CompositeActor.preinitialize(CompositeActor.java:1828)
	at ptolemy.actor.Manager.preinitializeAndResolveTypes(Manager.java:1040)
	at ptolemy.actor.Manager.initialize(Manager.java:710)
	at ptolemy.actor.Manager.execute(Manager.java:356)
	at ptolemy.actor.Manager.run(Manager.java:1263)
	at ptolemy.actor.Manager$PtolemyRunThread.run(Manager.java:1915)
]]></system-err>
</testsuite>
