<?xml version="1.0" encoding="UTF-8" ?>
<testsuite errors="0" failures="0" hostname="travis-job-050144fc-24c8-4f79-8cf8-69e215bddfda" name="ptolemy.domains.modal.test.junit.JUnitTclTest" skipped="0" tests="148" time="11.009" timestamp="2020-02-17T23:35:45">
  <properties>
[...]
</properties>
  <testcase classname="ptolemy.util.test.junit.TclTests" name="[0] /home/travis/build/icyphy/ptII/ptolemy/domains/modal/test/SystemLevelType.tcl (RunTclFile)" time="1.983" />
  <testcase classname="ptolemy.util.test.junit.AutoKnownFailedTests" name="[0] /home/travis/build/icyphy/ptII/ptolemy/domains/modal/test/auto/knownFailedTests/CannotAnalysisWithPreemption.xml (RunModel)" time="0.277" />
  <testcase classname="ptolemy.util.test.junit.AutoNameArchTests" name="[0] ThereAreNoAutoArchTests (RunModel)" time="0.002" />
  <testcase classname="ptolemy.util.test.junit.AutoTests" name="[0] /home/travis/build/icyphy/ptII/ptolemy/domains/modal/test/auto/ABPTest.xml (RunModel)" time="0.757" />
  <testcase classname="ptolemy.util.test.junit.AutoTests" name="[1] /home/travis/build/icyphy/ptII/ptolemy/domains/modal/test/auto/ABROFlat.xml (RunModel)" time="0.077" />
  <testcase classname="ptolemy.util.test.junit.AutoTests" name="[2] /home/travis/build/icyphy/ptII/ptolemy/domains/modal/test/auto/ABROFlat2.xml (RunModel)" time="0.094" />
  <testcase classname="ptolemy.util.test.junit.AutoTests" name="[3] /home/travis/build/icyphy/ptII/ptolemy/domains/modal/test/auto/ABRO_present_hmm.xml (RunModel)" time="0.154" />
  <testcase classname="ptolemy.util.test.junit.AutoTests" name="[4] /home/travis/build/icyphy/ptII/ptolemy/domains/modal/test/auto/AMICoderExample.xml (RunModel)" time="0.079" />
  <testcase classname="ptolemy.util.test.junit.AutoTests" name="[5] /home/travis/build/icyphy/ptII/ptolemy/domains/modal/test/auto/AbsentToPresent.xml (RunModel)" time="0.044" />
  <testcase classname="ptolemy.util.test.junit.AutoTests" name="[6] /home/travis/build/icyphy/ptII/ptolemy/domains/modal/test/auto/Blending.xml (RunModel)" time="0.293" />
  <testcase classname="ptolemy.util.test.junit.AutoTests" name="[7] /home/travis/build/icyphy/ptII/ptolemy/domains/modal/test/auto/Broadcast.xml (RunModel)" time="0.046" />
  <testcase classname="ptolemy.util.test.junit.AutoTests" name="[8] /home/travis/build/icyphy/ptII/ptolemy/domains/modal/test/auto/BroadcastHierarchy.xml (RunModel)" time="0.061" />
  <testcase classname="ptolemy.util.test.junit.AutoTests" name="[9] /home/travis/build/icyphy/ptII/ptolemy/domains/modal/test/auto/BroadcastHierarchy2.xml (RunModel)" time="0.106" />
  <testcase classname="ptolemy.util.test.junit.AutoTests" name="[10] /home/travis/build/icyphy/ptII/ptolemy/domains/modal/test/auto/BroadcastHierarchy3.xml (RunModel)" time="0.088" />
  <testcase classname="ptolemy.util.test.junit.AutoTests" name="[11] /home/travis/build/icyphy/ptII/ptolemy/domains/modal/test/auto/BroadcastHierarchy4.xml (RunModel)" time="0.089" />
  <testcase classname="ptolemy.util.test.junit.AutoTests" name="[12] /home/travis/build/icyphy/ptII/ptolemy/domains/modal/test/auto/CannotAnalysisWithPreemption2.xml (RunModel)" time="0.029" />
  <testcase classname="ptolemy.util.test.junit.AutoTests" name="[13] /home/travis/build/icyphy/ptII/ptolemy/domains/modal/test/auto/CannotAnalysisWithPreemption3.xml (RunModel)" time="0.043" />
  <testcase classname="ptolemy.util.test.junit.AutoTests" name="[14] /home/travis/build/icyphy/ptII/ptolemy/domains/modal/test/auto/CannotProduce.xml (RunModel)" time="0.043" />
  <testcase classname="ptolemy.util.test.junit.AutoTests" name="[15] /home/travis/build/icyphy/ptII/ptolemy/domains/modal/test/auto/CannotProduceModal.xml (RunModel)" time="0.032" />
  <testcase classname="ptolemy.util.test.junit.AutoTests" name="[16] /home/travis/build/icyphy/ptII/ptolemy/domains/modal/test/auto/Case.xml (RunModel)" time="0.082" />
  <testcase classname="ptolemy.util.test.junit.AutoTests" name="[17] /home/travis/build/icyphy/ptII/ptolemy/domains/modal/test/auto/Case1.xml (RunModel)" time="0.034" />
  <testcase classname="ptolemy.util.test.junit.AutoTests" name="[18] /home/travis/build/icyphy/ptII/ptolemy/domains/modal/test/auto/Case2.xml (RunModel)" time="0.062" />
  <testcase classname="ptolemy.util.test.junit.AutoTests" name="[19] /home/travis/build/icyphy/ptII/ptolemy/domains/modal/test/auto/CausalityInterface1.xml (RunModel)" time="0.041" />
  <testcase classname="ptolemy.util.test.junit.AutoTests" name="[20] /home/travis/build/icyphy/ptII/ptolemy/domains/modal/test/auto/CausalityInterface10.xml (RunModel)" time="0.089" />
  <testcase classname="ptolemy.util.test.junit.AutoTests" name="[21] /home/travis/build/icyphy/ptII/ptolemy/domains/modal/test/auto/CausalityInterface11.xml (RunModel)" time="0.053" />
  <testcase classname="ptolemy.util.test.junit.AutoTests" name="[22] /home/travis/build/icyphy/ptII/ptolemy/domains/modal/test/auto/CausalityInterface12.xml (RunModel)" time="0.047" />
  <testcase classname="ptolemy.util.test.junit.AutoTests" name="[23] /home/travis/build/icyphy/ptII/ptolemy/domains/modal/test/auto/CausalityInterface13.xml (RunModel)" time="0.061" />
  <testcase classname="ptolemy.util.test.junit.AutoTests" name="[24] /home/travis/build/icyphy/ptII/ptolemy/domains/modal/test/auto/CausalityInterface14.xml (RunModel)" time="0.047" />
  <testcase classname="ptolemy.util.test.junit.AutoTests" name="[25] /home/travis/build/icyphy/ptII/ptolemy/domains/modal/test/auto/CausalityInterface2.xml (RunModel)" time="0.023" />
  <testcase classname="ptolemy.util.test.junit.AutoTests" name="[26] /home/travis/build/icyphy/ptII/ptolemy/domains/modal/test/auto/CausalityInterface3.xml (RunModel)" time="0.028" />
  <testcase classname="ptolemy.util.test.junit.AutoTests" name="[27] /home/travis/build/icyphy/ptII/ptolemy/domains/modal/test/auto/CausalityInterface4.xml (RunModel)" time="0.02" />
  <testcase classname="ptolemy.util.test.junit.AutoTests" name="[28] /home/travis/build/icyphy/ptII/ptolemy/domains/modal/test/auto/CausalityInterface5.xml (RunModel)" time="0.031" />
  <testcase classname="ptolemy.util.test.junit.AutoTests" name="[29] /home/travis/build/icyphy/ptII/ptolemy/domains/modal/test/auto/CausalityInterface6.xml (RunModel)" time="0.042" />
  <testcase classname="ptolemy.util.test.junit.AutoTests" name="[30] /home/travis/build/icyphy/ptII/ptolemy/domains/modal/test/auto/CausalityInterface7.xml (RunModel)" time="0.036" />
  <testcase classname="ptolemy.util.test.junit.AutoTests" name="[31] /home/travis/build/icyphy/ptII/ptolemy/domains/modal/test/auto/CausalityInterface8.xml (RunModel)" time="0.049" />
  <testcase classname="ptolemy.util.test.junit.AutoTests" name="[32] /home/travis/build/icyphy/ptII/ptolemy/domains/modal/test/auto/CausalityInterface9.xml (RunModel)" time="0.038" />
  <testcase classname="ptolemy.util.test.junit.AutoTests" name="[33] /home/travis/build/icyphy/ptII/ptolemy/domains/modal/test/auto/ChainedTransitions.xml (RunModel)" time="0.163" />
  <testcase classname="ptolemy.util.test.junit.AutoTests" name="[34] /home/travis/build/icyphy/ptII/ptolemy/domains/modal/test/auto/CycleOfImmediateTransitionsFSM.xml (RunModel)" time="0.024" />
  <testcase classname="ptolemy.util.test.junit.AutoTests" name="[35] /home/travis/build/icyphy/ptII/ptolemy/domains/modal/test/auto/CycleOfImmediateTransitionsModal.xml (RunModel)" time="0.023" />
  <testcase classname="ptolemy.util.test.junit.AutoTests" name="[36] /home/travis/build/icyphy/ptII/ptolemy/domains/modal/test/auto/CycleOfImmediateTransitionsModal2.xml (RunModel)" time="0.045" />
  <testcase classname="ptolemy.util.test.junit.AutoTests" name="[37] /home/travis/build/icyphy/ptII/ptolemy/domains/modal/test/auto/CycleOfImmediateTransitionsModal3.xml (RunModel)" time="0.087" />
  <testcase classname="ptolemy.util.test.junit.AutoTests" name="[38] /home/travis/build/icyphy/ptII/ptolemy/domains/modal/test/auto/DeepModal1.xml (RunModel)" time="0.06" />
  <testcase classname="ptolemy.util.test.junit.AutoTests" name="[39] /home/travis/build/icyphy/ptII/ptolemy/domains/modal/test/auto/DeepModal2.xml (RunModel)" time="0.07" />
  <testcase classname="ptolemy.util.test.junit.AutoTests" name="[40] /home/travis/build/icyphy/ptII/ptolemy/domains/modal/test/auto/DeepModal3.xml (RunModel)" time="0.088" />
  <testcase classname="ptolemy.util.test.junit.AutoTests" name="[41] /home/travis/build/icyphy/ptII/ptolemy/domains/modal/test/auto/DeepModal4.xml (RunModel)" time="0.069" />
  <testcase classname="ptolemy.util.test.junit.AutoTests" name="[42] /home/travis/build/icyphy/ptII/ptolemy/domains/modal/test/auto/Default1.xml (RunModel)" time="0.015" />
  <testcase classname="ptolemy.util.test.junit.AutoTests" name="[43] /home/travis/build/icyphy/ptII/ptolemy/domains/modal/test/auto/Default2.xml (RunModel)" time="0.018" />
  <testcase classname="ptolemy.util.test.junit.AutoTests" name="[44] /home/travis/build/icyphy/ptII/ptolemy/domains/modal/test/auto/Default3.xml (RunModel)" time="0.02" />
  <testcase classname="ptolemy.util.test.junit.AutoTests" name="[45] /home/travis/build/icyphy/ptII/ptolemy/domains/modal/test/auto/Default4.xml (RunModel)" time="0.019" />
  <testcase classname="ptolemy.util.test.junit.AutoTests" name="[46] /home/travis/build/icyphy/ptII/ptolemy/domains/modal/test/auto/Default5.xml (RunModel)" time="0.021" />
  <testcase classname="ptolemy.util.test.junit.AutoTests" name="[47] /home/travis/build/icyphy/ptII/ptolemy/domains/modal/test/auto/EmptyGuard.xml (RunModel)" time="0.025" />
  <testcase classname="ptolemy.util.test.junit.AutoTests" name="[48] /home/travis/build/icyphy/ptII/ptolemy/domains/modal/test/auto/ErrorTransition1.xml (RunModel)" time="0.03" />
  <testcase classname="ptolemy.util.test.junit.AutoTests" name="[49] /home/travis/build/icyphy/ptII/ptolemy/domains/modal/test/auto/ErrorTransition10.xml (RunModel)" time="0.043" />
  <testcase classname="ptolemy.util.test.junit.AutoTests" name="[50] /home/travis/build/icyphy/ptII/ptolemy/domains/modal/test/auto/ErrorTransition11.xml (RunModel)" time="0.035" />
  <testcase classname="ptolemy.util.test.junit.AutoTests" name="[51] /home/travis/build/icyphy/ptII/ptolemy/domains/modal/test/auto/ErrorTransition2.xml (RunModel)" time="0.025" />
  <testcase classname="ptolemy.util.test.junit.AutoTests" name="[52] /home/travis/build/icyphy/ptII/ptolemy/domains/modal/test/auto/ErrorTransition3.xml (RunModel)" time="0.072" />
  <testcase classname="ptolemy.util.test.junit.AutoTests" name="[53] /home/travis/build/icyphy/ptII/ptolemy/domains/modal/test/auto/ErrorTransition4.xml (RunModel)" time="0.049" />
  <testcase classname="ptolemy.util.test.junit.AutoTests" name="[54] /home/travis/build/icyphy/ptII/ptolemy/domains/modal/test/auto/ErrorTransition5.xml (RunModel)" time="0.03" />
  <testcase classname="ptolemy.util.test.junit.AutoTests" name="[55] /home/travis/build/icyphy/ptII/ptolemy/domains/modal/test/auto/ErrorTransition6.xml (RunModel)" time="0.039" />
  <testcase classname="ptolemy.util.test.junit.AutoTests" name="[56] /home/travis/build/icyphy/ptII/ptolemy/domains/modal/test/auto/ErrorTransition7.xml (RunModel)" time="0.043" />
  <testcase classname="ptolemy.util.test.junit.AutoTests" name="[57] /home/travis/build/icyphy/ptII/ptolemy/domains/modal/test/auto/ErrorTransition8.xml (RunModel)" time="0.056" />
  <testcase classname="ptolemy.util.test.junit.AutoTests" name="[58] /home/travis/build/icyphy/ptII/ptolemy/domains/modal/test/auto/ErrorTransition9.xml (RunModel)" time="0.045" />
  <testcase classname="ptolemy.util.test.junit.AutoTests" name="[59] /home/travis/build/icyphy/ptII/ptolemy/domains/modal/test/auto/ExtendedFSM.xml (RunModel)" time="0.031" />
  <testcase classname="ptolemy.util.test.junit.AutoTests" name="[60] /home/travis/build/icyphy/ptII/ptolemy/domains/modal/test/auto/FinalStates.xml (RunModel)" time="0.026" />
  <testcase classname="ptolemy.util.test.junit.AutoTests" name="[61] /home/travis/build/icyphy/ptII/ptolemy/domains/modal/test/auto/FixedPointFSM.xml (RunModel)" time="0.051" />
  <testcase classname="ptolemy.util.test.junit.AutoTests" name="[62] /home/travis/build/icyphy/ptII/ptolemy/domains/modal/test/auto/FixedPointIterationFSMActor.xml (RunModel)" time="0.03" />
  <testcase classname="ptolemy.util.test.junit.AutoTests" name="[63] /home/travis/build/icyphy/ptII/ptolemy/domains/modal/test/auto/FixedPointIterationFSMActor2.xml (RunModel)" time="0.033" />
  <testcase classname="ptolemy.util.test.junit.AutoTests" name="[64] /home/travis/build/icyphy/ptII/ptolemy/domains/modal/test/auto/ForbiddenInstantanousLoop.xml (RunModel)" time="0.053" />
  <testcase classname="ptolemy.util.test.junit.AutoTests" name="[65] /home/travis/build/icyphy/ptII/ptolemy/domains/modal/test/auto/FunctionDependencyOfFSMActorTest.xml (RunModel)" time="0.031" />
  <testcase classname="ptolemy.util.test.junit.AutoTests" name="[66] /home/travis/build/icyphy/ptII/ptolemy/domains/modal/test/auto/GuardExpression.xml (RunModel)" time="0.021" />
  <testcase classname="ptolemy.util.test.junit.AutoTests" name="[67] /home/travis/build/icyphy/ptII/ptolemy/domains/modal/test/auto/GuardNotEvaluated.xml (RunModel)" time="0.036" />
  <testcase classname="ptolemy.util.test.junit.AutoTests" name="[68] /home/travis/build/icyphy/ptII/ptolemy/domains/modal/test/auto/GuardNotEvaluated2.xml (RunModel)" time="0.026" />
  <testcase classname="ptolemy.util.test.junit.AutoTests" name="[69] /home/travis/build/icyphy/ptII/ptolemy/domains/modal/test/auto/GuardOnAbsent.xml (RunModel)" time="0.023" />
  <testcase classname="ptolemy.util.test.junit.AutoTests" name="[70] /home/travis/build/icyphy/ptII/ptolemy/domains/modal/test/auto/HierarchicalFSMTypeInference.xml (RunModel)" time="0.024" />
  <testcase classname="ptolemy.util.test.junit.AutoTests" name="[71] /home/travis/build/icyphy/ptII/ptolemy/domains/modal/test/auto/Hysteresis.xml (RunModel)" time="0.04" />
  <testcase classname="ptolemy.util.test.junit.AutoTests" name="[72] /home/travis/build/icyphy/ptII/ptolemy/domains/modal/test/auto/HysteresisWithDefault.xml (RunModel)" time="0.071" />
  <testcase classname="ptolemy.util.test.junit.AutoTests" name="[73] /home/travis/build/icyphy/ptII/ptolemy/domains/modal/test/auto/HysteresisWithDefault2.xml (RunModel)" time="0.086" />
  <testcase classname="ptolemy.util.test.junit.AutoTests" name="[74] /home/travis/build/icyphy/ptII/ptolemy/domains/modal/test/auto/ImmediateNonConstructiveness.xml (RunModel)" time="0.025" />
  <testcase classname="ptolemy.util.test.junit.AutoTests" name="[75] /home/travis/build/icyphy/ptII/ptolemy/domains/modal/test/auto/ImmediateNonConstructiveness2.xml (RunModel)" time="0.02" />
  <testcase classname="ptolemy.util.test.junit.AutoTests" name="[76] /home/travis/build/icyphy/ptII/ptolemy/domains/modal/test/auto/ImmediateTransitionReset.xml (RunModel)" time="0.056" />
  <testcase classname="ptolemy.util.test.junit.AutoTests" name="[77] /home/travis/build/icyphy/ptII/ptolemy/domains/modal/test/auto/ImmediateTransitions1.xml (RunModel)" time="0.018" />
  <testcase classname="ptolemy.util.test.junit.AutoTests" name="[78] /home/travis/build/icyphy/ptII/ptolemy/domains/modal/test/auto/ImmediateTransitionsInstantaneousCommunication.xml (RunModel)" time="0.032" />
  <testcase classname="ptolemy.util.test.junit.AutoTests" name="[79] /home/travis/build/icyphy/ptII/ptolemy/domains/modal/test/auto/InitialImmediateTransition.xml (RunModel)" time="0.017" />
  <testcase classname="ptolemy.util.test.junit.AutoTests" name="[80] /home/travis/build/icyphy/ptII/ptolemy/domains/modal/test/auto/InitialOutputs.xml (RunModel)" time="0.015" />
  <testcase classname="ptolemy.util.test.junit.AutoTests" name="[81] /home/travis/build/icyphy/ptII/ptolemy/domains/modal/test/auto/InitialStateTransition1.xml (RunModel)" time="0.018" />
  <testcase classname="ptolemy.util.test.junit.AutoTests" name="[82] /home/travis/build/icyphy/ptII/ptolemy/domains/modal/test/auto/InitialStateTransition2.xml (RunModel)" time="0.02" />
  <testcase classname="ptolemy.util.test.junit.AutoTests" name="[83] /home/travis/build/icyphy/ptII/ptolemy/domains/modal/test/auto/InitialStateTransition3.xml (RunModel)" time="0.022" />
  <testcase classname="ptolemy.util.test.junit.AutoTests" name="[84] /home/travis/build/icyphy/ptII/ptolemy/domains/modal/test/auto/InitialStateTransition4.xml (RunModel)" time="0.028" />
  <testcase classname="ptolemy.util.test.junit.AutoTests" name="[85] /home/travis/build/icyphy/ptII/ptolemy/domains/modal/test/auto/MalformedGuardExpressionNotCaught.xml (RunModel)" time="0.025" />
  <testcase classname="ptolemy.util.test.junit.AutoTests" name="[86] /home/travis/build/icyphy/ptII/ptolemy/domains/modal/test/auto/ModalBSC.xml (RunModel)" time="0.09" />
  <testcase classname="ptolemy.util.test.junit.AutoTests" name="[87] /home/travis/build/icyphy/ptII/ptolemy/domains/modal/test/auto/ModalClocks.xml (RunModel)" time="0.09" />
  <testcase classname="ptolemy.util.test.junit.AutoTests" name="[88] /home/travis/build/icyphy/ptII/ptolemy/domains/modal/test/auto/ModalDelay.xml (RunModel)" time="0.054" />
  <testcase classname="ptolemy.util.test.junit.AutoTests" name="[89] /home/travis/build/icyphy/ptII/ptolemy/domains/modal/test/auto/ModalDelay2.xml (RunModel)" time="0.067" />
  <testcase classname="ptolemy.util.test.junit.AutoTests" name="[90] /home/travis/build/icyphy/ptII/ptolemy/domains/modal/test/auto/ModalModelFromMemo.xml (RunModel)" time="0.066" />
  <testcase classname="ptolemy.util.test.junit.AutoTests" name="[91] /home/travis/build/icyphy/ptII/ptolemy/domains/modal/test/auto/ModalModelWithMultirateTransient.xml (RunModel)" time="0.058" />
  <testcase classname="ptolemy.util.test.junit.AutoTests" name="[92] /home/travis/build/icyphy/ptII/ptolemy/domains/modal/test/auto/ModalModelWithReset.xml (RunModel)" time="0.053" />
  <testcase classname="ptolemy.util.test.junit.AutoTests" name="[93] /home/travis/build/icyphy/ptII/ptolemy/domains/modal/test/auto/MouseClickFSM.xml (RunModel)" time="0.046" />
  <testcase classname="ptolemy.util.test.junit.AutoTests" name="[94] /home/travis/build/icyphy/ptII/ptolemy/domains/modal/test/auto/MouseClickFSMModal.xml (RunModel)" time="0.031" />
  <testcase classname="ptolemy.util.test.junit.AutoTests" name="[95] /home/travis/build/icyphy/ptII/ptolemy/domains/modal/test/auto/NonStrictFSM_FeedbackLoop.xml (RunModel)" time="0.037" />
  <testcase classname="ptolemy.util.test.junit.AutoTests" name="[96] /home/travis/build/icyphy/ptII/ptolemy/domains/modal/test/auto/NonStrictFSM_FeedbackLoop_Refinement.xml (RunModel)" time="0.069" />
  <testcase classname="ptolemy.util.test.junit.AutoTests" name="[97] /home/travis/build/icyphy/ptII/ptolemy/domains/modal/test/auto/NonStrictFSM_FeedbackLoop_preemptive.xml (RunModel)" time="0.037" />
  <testcase classname="ptolemy.util.test.junit.AutoTests" name="[98] /home/travis/build/icyphy/ptII/ptolemy/domains/modal/test/auto/NormalTermination.xml (RunModel)" time="0.07" />
  <testcase classname="ptolemy.util.test.junit.AutoTests" name="[99] /home/travis/build/icyphy/ptII/ptolemy/domains/modal/test/auto/Pong.xml (RunModel)" time="0.087" />
  <testcase classname="ptolemy.util.test.junit.AutoTests" name="[100] /home/travis/build/icyphy/ptII/ptolemy/domains/modal/test/auto/Pong_test.xml (RunModel)" time="0.132" />
  <testcase classname="ptolemy.util.test.junit.AutoTests" name="[101] /home/travis/build/icyphy/ptII/ptolemy/domains/modal/test/auto/PreemptionHierarchy.xml (RunModel)" time="0.029" />
  <testcase classname="ptolemy.util.test.junit.AutoTests" name="[102] /home/travis/build/icyphy/ptII/ptolemy/domains/modal/test/auto/PreemptionHierarchy2.xml (RunModel)" time="0.029" />
  <testcase classname="ptolemy.util.test.junit.AutoTests" name="[103] /home/travis/build/icyphy/ptII/ptolemy/domains/modal/test/auto/PreemptiveTransition.xml (RunModel)" time="0.045" />
  <testcase classname="ptolemy.util.test.junit.AutoTests" name="[104] /home/travis/build/icyphy/ptII/ptolemy/domains/modal/test/auto/Priorities.xml (RunModel)" time="0.086" />
  <testcase classname="ptolemy.util.test.junit.AutoTests" name="[105] /home/travis/build/icyphy/ptII/ptolemy/domains/modal/test/auto/ResetFinal.xml (RunModel)" time="0.081" />
  <testcase classname="ptolemy.util.test.junit.AutoTests" name="[106] /home/travis/build/icyphy/ptII/ptolemy/domains/modal/test/auto/ResetFinal2.xml (RunModel)" time="0.051" />
  <testcase classname="ptolemy.util.test.junit.AutoTests" name="[107] /home/travis/build/icyphy/ptII/ptolemy/domains/modal/test/auto/ResetTransitionWithStartTime.xml (RunModel)" time="0.032" />
  <testcase classname="ptolemy.util.test.junit.AutoTests" name="[108] /home/travis/build/icyphy/ptII/ptolemy/domains/modal/test/auto/SDF-FSMComposite.xml (RunModel)" time="0.024" />
  <testcase classname="ptolemy.util.test.junit.AutoTests" name="[109] /home/travis/build/icyphy/ptII/ptolemy/domains/modal/test/auto/SeeminglyNondeterminate.xml (RunModel)" time="0.108" />
  <testcase classname="ptolemy.util.test.junit.AutoTests" name="[110] /home/travis/build/icyphy/ptII/ptolemy/domains/modal/test/auto/SeeminglyNondeterminate2.xml (RunModel)" time="0.076" />
  <testcase classname="ptolemy.util.test.junit.AutoTests" name="[111] /home/travis/build/icyphy/ptII/ptolemy/domains/modal/test/auto/SpontaneousFSM.xml (RunModel)" time="0.04" />
  <testcase classname="ptolemy.util.test.junit.AutoTests" name="[112] /home/travis/build/icyphy/ptII/ptolemy/domains/modal/test/auto/SpontaneousFSM2.xml (RunModel)" time="0.027" />
  <testcase classname="ptolemy.util.test.junit.AutoTests" name="[113] /home/travis/build/icyphy/ptII/ptolemy/domains/modal/test/auto/SpontaneousFSM3.xml (RunModel)" time="0.041" />
  <testcase classname="ptolemy.util.test.junit.AutoTests" name="[114] /home/travis/build/icyphy/ptII/ptolemy/domains/modal/test/auto/SpontaneousFSM4.xml (RunModel)" time="0.044" />
  <testcase classname="ptolemy.util.test.junit.AutoTests" name="[115] /home/travis/build/icyphy/ptII/ptolemy/domains/modal/test/auto/StateTrackerTest.xml (RunModel)" time="0.059" />
  <testcase classname="ptolemy.util.test.junit.AutoTests" name="[116] /home/travis/build/icyphy/ptII/ptolemy/domains/modal/test/auto/StrongImmediateTransition.xml (RunModel)" time="0.025" />
  <testcase classname="ptolemy.util.test.junit.AutoTests" name="[117] /home/travis/build/icyphy/ptII/ptolemy/domains/modal/test/auto/SustainHierarchy.xml (RunModel)" time="0.029" />
  <testcase classname="ptolemy.util.test.junit.AutoTests" name="[118] /home/travis/build/icyphy/ptII/ptolemy/domains/modal/test/auto/TerminationTransition1.xml (RunModel)" time="0.02" />
  <testcase classname="ptolemy.util.test.junit.AutoTests" name="[119] /home/travis/build/icyphy/ptII/ptolemy/domains/modal/test/auto/TerminationTransition2.xml (RunModel)" time="0.027" />
  <testcase classname="ptolemy.util.test.junit.AutoTests" name="[120] /home/travis/build/icyphy/ptII/ptolemy/domains/modal/test/auto/TerminationTransition3.xml (RunModel)" time="0.025" />
  <testcase classname="ptolemy.util.test.junit.AutoTests" name="[121] /home/travis/build/icyphy/ptII/ptolemy/domains/modal/test/auto/TerminationTransition4.xml (RunModel)" time="0.056" />
  <testcase classname="ptolemy.util.test.junit.AutoTests" name="[122] /home/travis/build/icyphy/ptII/ptolemy/domains/modal/test/auto/TerminationTransition5.xml (RunModel)" time="0.036" />
  <testcase classname="ptolemy.util.test.junit.AutoTests" name="[123] /home/travis/build/icyphy/ptII/ptolemy/domains/modal/test/auto/TerminationTransition6.xml (RunModel)" time="0.021" />
  <testcase classname="ptolemy.util.test.junit.AutoTests" name="[124] /home/travis/build/icyphy/ptII/ptolemy/domains/modal/test/auto/TerminationTransition7.xml (RunModel)" time="0.023" />
  <testcase classname="ptolemy.util.test.junit.AutoTests" name="[125] /home/travis/build/icyphy/ptII/ptolemy/domains/modal/test/auto/TerminationTransition8.xml (RunModel)" time="0.028" />
  <testcase classname="ptolemy.util.test.junit.AutoTests" name="[126] /home/travis/build/icyphy/ptII/ptolemy/domains/modal/test/auto/Thermostat_NoHysteresis.xml (RunModel)" time="0.061" />
  <testcase classname="ptolemy.util.test.junit.AutoTests" name="[127] /home/travis/build/icyphy/ptII/ptolemy/domains/modal/test/auto/TimedFSM.xml (RunModel)" time="0.032" />
  <testcase classname="ptolemy.util.test.junit.AutoTests" name="[128] /home/travis/build/icyphy/ptII/ptolemy/domains/modal/test/auto/Timeout1.xml (RunModel)" time="0.017" />
  <testcase classname="ptolemy.util.test.junit.AutoTests" name="[129] /home/travis/build/icyphy/ptII/ptolemy/domains/modal/test/auto/Timeout2.xml (RunModel)" time="0.021" />
  <testcase classname="ptolemy.util.test.junit.AutoTests" name="[130] /home/travis/build/icyphy/ptII/ptolemy/domains/modal/test/auto/Timeout3.xml (RunModel)" time="0.011" />
  <testcase classname="ptolemy.util.test.junit.AutoTests" name="[131] /home/travis/build/icyphy/ptII/ptolemy/domains/modal/test/auto/Timeout4.xml (RunModel)" time="0.009" />
  <testcase classname="ptolemy.util.test.junit.AutoTests" name="[132] /home/travis/build/icyphy/ptII/ptolemy/domains/modal/test/auto/TransientstateModelAdvanced.xml (RunModel)" time="0.024" />
  <testcase classname="ptolemy.util.test.junit.AutoTests" name="[133] /home/travis/build/icyphy/ptII/ptolemy/domains/modal/test/auto/TransientstateModelAdvanced2.xml (RunModel)" time="0.028" />
  <testcase classname="ptolemy.util.test.junit.AutoTests" name="[134] /home/travis/build/icyphy/ptII/ptolemy/domains/modal/test/auto/TransitionRefinements.xml (RunModel)" time="0.025" />
  <testcase classname="ptolemy.util.test.junit.AutoTests" name="[135] /home/travis/build/icyphy/ptII/ptolemy/domains/modal/test/auto/TwoRefinements1.xml (RunModel)" time="0.028" />
  <testcase classname="ptolemy.util.test.junit.AutoTests" name="[136] /home/travis/build/icyphy/ptII/ptolemy/domains/modal/test/auto/TwoRefinements2.xml (RunModel)" time="0.024" />
  <testcase classname="ptolemy.util.test.junit.AutoTests" name="[137] /home/travis/build/icyphy/ptII/ptolemy/domains/modal/test/auto/WeakImmediateTransition.xml (RunModel)" time="0.061" />
  <testcase classname="ptolemy.util.test.junit.AutoTests" name="[138] /home/travis/build/icyphy/ptII/ptolemy/domains/modal/test/auto/booleanSelect.xml (RunModel)" time="0.083" />
  <testcase classname="ptolemy.util.test.junit.AutoTests" name="[139] /home/travis/build/icyphy/ptII/ptolemy/domains/modal/test/auto/modalChangingParams.xml (RunModel)" time="0.291" />
  <testcase classname="ptolemy.util.test.junit.AutoTests" name="[140] /home/travis/build/icyphy/ptII/ptolemy/domains/modal/test/auto/modalModel.xml (RunModel)" time="0.034" />
  <testcase classname="ptolemy.util.test.junit.AutoTests" name="[141] /home/travis/build/icyphy/ptII/ptolemy/domains/modal/test/auto/modalModel2.xml (RunModel)" time="0.031" />
  <testcase classname="ptolemy.util.test.junit.AutoTests" name="[142] /home/travis/build/icyphy/ptII/ptolemy/domains/modal/test/auto/modalModel3.xml (RunModel)" time="0.045" />
  <testcase classname="ptolemy.util.test.junit.AutoTests" name="[143] /home/travis/build/icyphy/ptII/ptolemy/domains/modal/test/auto/model1.xml (RunModel)" time="0.025" />
  <testcase classname="ptolemy.util.test.junit.AutoTests" name="[144] /home/travis/build/icyphy/ptII/ptolemy/domains/modal/test/auto/test-direct-in-out.xml (RunModel)" time="0.038" />
  <system-out><![CDATA[/home/travis/build/icyphy/ptII/ptolemy/domains/modal/test/SystemLevelType.tcl
testDefs.tcl: setting time out to 9000 seconds at Mon Feb 17 23:35:45 UTC 2020
02/17/20 11:35:47
Failed: 0  Total Tests: 1  ((Passed: 1, Newly Passed: 0)  Known Failed: 0) /home/travis/build/icyphy/ptII/ptolemy/domains/modal/test
----------------- testing (KnownFailure) /home/travis/build/icyphy/ptII/ptolemy/domains/modal/test/auto/knownFailedTests/CannotAnalysisWithPreemption.xml
108 ms. Memory: 161792K Free: 103577K (64%)
Known Failure: java.lang.reflect.InvocationTargetException
No auto/linux-amd64/*.xml tests in /home/travis/build/icyphy/ptII/ptolemy/domains/modal/test
AutoTests.java: About to close Vertx.
AutoTests.java: Vertx closed.

===========================================================================================
----------------- testing Mon Feb 17 23:35:47 UTC 2020 /home/travis/build/icyphy/ptII/ptolemy/domains/modal/test/auto/ABPTest.xml
----------------- Instantiating /home/travis/build/icyphy/ptII/ptolemy/domains/modal/test/auto/ABPTest.xml
387 ms. Memory: 161792K Free: 125065K (77%)
----------------- Invoking toplevel() on ptolemy.moml.MoMLSimpleApplication@631174b2
----------------- Done invoking toplevel() on ptolemy.moml.MoMLSimpleApplication@631174b2
reloadAllAccessors: .ABPTest

===========================================================================================
----------------- testing Mon Feb 17 23:35:48 UTC 2020 /home/travis/build/icyphy/ptII/ptolemy/domains/modal/test/auto/ABROFlat.xml
----------------- Instantiating /home/travis/build/icyphy/ptII/ptolemy/domains/modal/test/auto/ABROFlat.xml
28 ms. Memory: 161792K Free: 109701K (68%)
----------------- Invoking toplevel() on ptolemy.moml.MoMLSimpleApplication@42cbdc5b
----------------- Done invoking toplevel() on ptolemy.moml.MoMLSimpleApplication@42cbdc5b
reloadAllAccessors: .ABROFlat

===========================================================================================
----------------- testing Mon Feb 17 23:35:48 UTC 2020 /home/travis/build/icyphy/ptII/ptolemy/domains/modal/test/auto/ABROFlat2.xml
----------------- Instantiating /home/travis/build/icyphy/ptII/ptolemy/domains/modal/test/auto/ABROFlat2.xml
24 ms. Memory: 161792K Free: 92293K (57%)
----------------- Invoking toplevel() on ptolemy.moml.MoMLSimpleApplication@7d581c78
----------------- Done invoking toplevel() on ptolemy.moml.MoMLSimpleApplication@7d581c78
reloadAllAccessors: .ABROFlat2

===========================================================================================
----------------- testing Mon Feb 17 23:35:48 UTC 2020 /home/travis/build/icyphy/ptII/ptolemy/domains/modal/test/auto/ABRO_present_hmm.xml
----------------- Instantiating /home/travis/build/icyphy/ptII/ptolemy/domains/modal/test/auto/ABRO_present_hmm.xml
32 ms. Memory: 161792K Free: 65165K (40%)
----------------- Invoking toplevel() on ptolemy.moml.MoMLSimpleApplication@3e656320
----------------- Done invoking toplevel() on ptolemy.moml.MoMLSimpleApplication@3e656320
reloadAllAccessors: .ABRO_present_hmm

===========================================================================================
----------------- testing Mon Feb 17 23:35:48 UTC 2020 /home/travis/build/icyphy/ptII/ptolemy/domains/modal/test/auto/AMICoderExample.xml
----------------- Instantiating /home/travis/build/icyphy/ptII/ptolemy/domains/modal/test/auto/AMICoderExample.xml
41 ms. Memory: 161792K Free: 54925K (34%)
----------------- Invoking toplevel() on ptolemy.moml.MoMLSimpleApplication@53eabaf3
----------------- Done invoking toplevel() on ptolemy.moml.MoMLSimpleApplication@53eabaf3
reloadAllAccessors: .AMICoderExample

===========================================================================================
----------------- testing Mon Feb 17 23:35:48 UTC 2020 /home/travis/build/icyphy/ptII/ptolemy/domains/modal/test/auto/AbsentToPresent.xml
----------------- Instantiating /home/travis/build/icyphy/ptII/ptolemy/domains/modal/test/auto/AbsentToPresent.xml
8 ms. Memory: 161792K Free: 140865K (87%)
----------------- Invoking toplevel() on ptolemy.moml.MoMLSimpleApplication@7bdb6f80
----------------- Done invoking toplevel() on ptolemy.moml.MoMLSimpleApplication@7bdb6f80
reloadAllAccessors: .AbsentToPresent

===========================================================================================
----------------- testing Mon Feb 17 23:35:49 UTC 2020 /home/travis/build/icyphy/ptII/ptolemy/domains/modal/test/auto/Blending.xml
----------------- Instantiating /home/travis/build/icyphy/ptII/ptolemy/domains/modal/test/auto/Blending.xml
172 ms. Memory: 161792K Free: 95862K (59%)
----------------- Invoking toplevel() on ptolemy.moml.MoMLSimpleApplication@5ed73d79
----------------- Done invoking toplevel() on ptolemy.moml.MoMLSimpleApplication@5ed73d79
reloadAllAccessors: .Blending

===========================================================================================
----------------- testing Mon Feb 17 23:35:49 UTC 2020 /home/travis/build/icyphy/ptII/ptolemy/domains/modal/test/auto/Broadcast.xml
----------------- Instantiating /home/travis/build/icyphy/ptII/ptolemy/domains/modal/test/auto/Broadcast.xml
9 ms. Memory: 161792K Free: 85638K (53%)
----------------- Invoking toplevel() on ptolemy.moml.MoMLSimpleApplication@5a91cafd
----------------- Done invoking toplevel() on ptolemy.moml.MoMLSimpleApplication@5a91cafd
reloadAllAccessors: .Broadcast

===========================================================================================
----------------- testing Mon Feb 17 23:35:49 UTC 2020 /home/travis/build/icyphy/ptII/ptolemy/domains/modal/test/auto/BroadcastHierarchy.xml
----------------- Instantiating /home/travis/build/icyphy/ptII/ptolemy/domains/modal/test/auto/BroadcastHierarchy.xml
12 ms. Memory: 161792K Free: 72310K (45%)
----------------- Invoking toplevel() on ptolemy.moml.MoMLSimpleApplication@390f5110
----------------- Done invoking toplevel() on ptolemy.moml.MoMLSimpleApplication@390f5110
reloadAllAccessors: .BroadcastHierarchy

===========================================================================================
----------------- testing Mon Feb 17 23:35:49 UTC 2020 /home/travis/build/icyphy/ptII/ptolemy/domains/modal/test/auto/BroadcastHierarchy2.xml
----------------- Instantiating /home/travis/build/icyphy/ptII/ptolemy/domains/modal/test/auto/BroadcastHierarchy2.xml
23 ms. Memory: 206848K Free: 179731K (87%)
----------------- Invoking toplevel() on ptolemy.moml.MoMLSimpleApplication@52c5bc0c
----------------- Done invoking toplevel() on ptolemy.moml.MoMLSimpleApplication@52c5bc0c
reloadAllAccessors: .BroadcastHierarchy2

===========================================================================================
----------------- testing Mon Feb 17 23:35:49 UTC 2020 /home/travis/build/icyphy/ptII/ptolemy/domains/modal/test/auto/BroadcastHierarchy3.xml
----------------- Instantiating /home/travis/build/icyphy/ptII/ptolemy/domains/modal/test/auto/BroadcastHierarchy3.xml
17 ms. Memory: 206848K Free: 159265K (77%)
----------------- Invoking toplevel() on ptolemy.moml.MoMLSimpleApplication@47e92b90
----------------- Done invoking toplevel() on ptolemy.moml.MoMLSimpleApplication@47e92b90
reloadAllAccessors: .BroadcastHierarchy3

===========================================================================================
----------------- testing Mon Feb 17 23:35:49 UTC 2020 /home/travis/build/icyphy/ptII/ptolemy/domains/modal/test/auto/BroadcastHierarchy4.xml
----------------- Instantiating /home/travis/build/icyphy/ptII/ptolemy/domains/modal/test/auto/BroadcastHierarchy4.xml
14 ms. Memory: 206848K Free: 134689K (65%)
----------------- Invoking toplevel() on ptolemy.moml.MoMLSimpleApplication@2e060ed8
----------------- Done invoking toplevel() on ptolemy.moml.MoMLSimpleApplication@2e060ed8
reloadAllAccessors: .BroadcastHierarchy4

===========================================================================================
----------------- testing Mon Feb 17 23:35:49 UTC 2020 /home/travis/build/icyphy/ptII/ptolemy/domains/modal/test/auto/CannotAnalysisWithPreemption2.xml
----------------- Instantiating /home/travis/build/icyphy/ptII/ptolemy/domains/modal/test/auto/CannotAnalysisWithPreemption2.xml
3 ms. Memory: 206848K Free: 128019K (62%)
----------------- Invoking toplevel() on ptolemy.moml.MoMLSimpleApplication@52b0ebc1
----------------- Done invoking toplevel() on ptolemy.moml.MoMLSimpleApplication@52b0ebc1
reloadAllAccessors: .CannotAnalysisWithPreemption2

===========================================================================================
----------------- testing Mon Feb 17 23:35:49 UTC 2020 /home/travis/build/icyphy/ptII/ptolemy/domains/modal/test/auto/CannotAnalysisWithPreemption3.xml
----------------- Instantiating /home/travis/build/icyphy/ptII/ptolemy/domains/modal/test/auto/CannotAnalysisWithPreemption3.xml
4 ms. Memory: 206848K Free: 117795K (57%)
----------------- Invoking toplevel() on ptolemy.moml.MoMLSimpleApplication@24bc7b3
----------------- Done invoking toplevel() on ptolemy.moml.MoMLSimpleApplication@24bc7b3
reloadAllAccessors: .CannotAnalysisWithPreemption3

===========================================================================================
----------------- testing Mon Feb 17 23:35:49 UTC 2020 /home/travis/build/icyphy/ptII/ptolemy/domains/modal/test/auto/CannotProduce.xml
----------------- Instantiating /home/travis/build/icyphy/ptII/ptolemy/domains/modal/test/auto/CannotProduce.xml
16 ms. Memory: 206848K Free: 111137K (54%)
----------------- Invoking toplevel() on ptolemy.moml.MoMLSimpleApplication@79c6fd77
----------------- Done invoking toplevel() on ptolemy.moml.MoMLSimpleApplication@79c6fd77
reloadAllAccessors: .CannotProduce

===========================================================================================
----------------- testing Mon Feb 17 23:35:49 UTC 2020 /home/travis/build/icyphy/ptII/ptolemy/domains/modal/test/auto/CannotProduceModal.xml
----------------- Instantiating /home/travis/build/icyphy/ptII/ptolemy/domains/modal/test/auto/CannotProduceModal.xml
11 ms. Memory: 206848K Free: 104987K (51%)
----------------- Invoking toplevel() on ptolemy.moml.MoMLSimpleApplication@4aa2114b
----------------- Done invoking toplevel() on ptolemy.moml.MoMLSimpleApplication@4aa2114b
reloadAllAccessors: .CannotProduceModal

===========================================================================================
----------------- testing Mon Feb 17 23:35:49 UTC 2020 /home/travis/build/icyphy/ptII/ptolemy/domains/modal/test/auto/Case.xml
----------------- Instantiating /home/travis/build/icyphy/ptII/ptolemy/domains/modal/test/auto/Case.xml
34 ms. Memory: 206848K Free: 93729K (45%)
----------------- Invoking toplevel() on ptolemy.moml.MoMLSimpleApplication@243028ae
----------------- Done invoking toplevel() on ptolemy.moml.MoMLSimpleApplication@243028ae
reloadAllAccessors: .Case

===========================================================================================
----------------- testing Mon Feb 17 23:35:49 UTC 2020 /home/travis/build/icyphy/ptII/ptolemy/domains/modal/test/auto/Case1.xml
----------------- Instantiating /home/travis/build/icyphy/ptII/ptolemy/domains/modal/test/auto/Case1.xml
12 ms. Memory: 206848K Free: 86051K (42%)
----------------- Invoking toplevel() on ptolemy.moml.MoMLSimpleApplication@10c5b04b
----------------- Done invoking toplevel() on ptolemy.moml.MoMLSimpleApplication@10c5b04b
reloadAllAccessors: .Case1

===========================================================================================
----------------- testing Mon Feb 17 23:35:50 UTC 2020 /home/travis/build/icyphy/ptII/ptolemy/domains/modal/test/auto/Case2.xml
----------------- Instantiating /home/travis/build/icyphy/ptII/ptolemy/domains/modal/test/auto/Case2.xml
28 ms. Memory: 206848K Free: 75297K (36%)
----------------- Invoking toplevel() on ptolemy.moml.MoMLSimpleApplication@62107581
----------------- Done invoking toplevel() on ptolemy.moml.MoMLSimpleApplication@62107581
reloadAllAccessors: .Case2

===========================================================================================
----------------- testing Mon Feb 17 23:35:50 UTC 2020 /home/travis/build/icyphy/ptII/ptolemy/domains/modal/test/auto/CausalityInterface1.xml
----------------- Instantiating /home/travis/build/icyphy/ptII/ptolemy/domains/modal/test/auto/CausalityInterface1.xml
5 ms. Memory: 206848K Free: 70177K (34%)
----------------- Invoking toplevel() on ptolemy.moml.MoMLSimpleApplication@6ddd27d3
----------------- Done invoking toplevel() on ptolemy.moml.MoMLSimpleApplication@6ddd27d3
reloadAllAccessors: .CausalityInterface1

===========================================================================================
----------------- testing Mon Feb 17 23:35:50 UTC 2020 /home/travis/build/icyphy/ptII/ptolemy/domains/modal/test/auto/CausalityInterface10.xml
----------------- Instantiating /home/travis/build/icyphy/ptII/ptolemy/domains/modal/test/auto/CausalityInterface10.xml
18 ms. Memory: 206848K Free: 175123K (85%)
----------------- Invoking toplevel() on ptolemy.moml.MoMLSimpleApplication@5451f6a5
----------------- Done invoking toplevel() on ptolemy.moml.MoMLSimpleApplication@5451f6a5
reloadAllAccessors: .CausalityInterface10

===========================================================================================
----------------- testing Mon Feb 17 23:35:50 UTC 2020 /home/travis/build/icyphy/ptII/ptolemy/domains/modal/test/auto/CausalityInterface11.xml
----------------- Instantiating /home/travis/build/icyphy/ptII/ptolemy/domains/modal/test/auto/CausalityInterface11.xml
6 ms. Memory: 206848K Free: 161795K (78%)
----------------- Invoking toplevel() on ptolemy.moml.MoMLSimpleApplication@3fd4f89c
----------------- Done invoking toplevel() on ptolemy.moml.MoMLSimpleApplication@3fd4f89c
reloadAllAccessors: .CausalityInterface11

===========================================================================================
----------------- testing Mon Feb 17 23:35:50 UTC 2020 /home/travis/build/icyphy/ptII/ptolemy/domains/modal/test/auto/CausalityInterface12.xml
----------------- Instantiating /home/travis/build/icyphy/ptII/ptolemy/domains/modal/test/auto/CausalityInterface12.xml
9 ms. Memory: 206848K Free: 148483K (72%)
----------------- Invoking toplevel() on ptolemy.moml.MoMLSimpleApplication@38720d99
----------------- Done invoking toplevel() on ptolemy.moml.MoMLSimpleApplication@38720d99
reloadAllAccessors: .CausalityInterface12

===========================================================================================
----------------- testing Mon Feb 17 23:35:50 UTC 2020 /home/travis/build/icyphy/ptII/ptolemy/domains/modal/test/auto/CausalityInterface13.xml
----------------- Instantiating /home/travis/build/icyphy/ptII/ptolemy/domains/modal/test/auto/CausalityInterface13.xml
11 ms. Memory: 206848K Free: 134691K (65%)
----------------- Invoking toplevel() on ptolemy.moml.MoMLSimpleApplication@4e82a566
----------------- Done invoking toplevel() on ptolemy.moml.MoMLSimpleApplication@4e82a566
reloadAllAccessors: .CausalityInterface13

===========================================================================================
----------------- testing Mon Feb 17 23:35:50 UTC 2020 /home/travis/build/icyphy/ptII/ptolemy/domains/modal/test/auto/CausalityInterface14.xml
----------------- Instantiating /home/travis/build/icyphy/ptII/ptolemy/domains/modal/test/auto/CausalityInterface14.xml
10 ms. Memory: 206848K Free: 120851K (58%)
----------------- Invoking toplevel() on ptolemy.moml.MoMLSimpleApplication@114ed9bb
----------------- Done invoking toplevel() on ptolemy.moml.MoMLSimpleApplication@114ed9bb
reloadAllAccessors: .CausalityInterface14

===========================================================================================
----------------- testing Mon Feb 17 23:35:50 UTC 2020 /home/travis/build/icyphy/ptII/ptolemy/domains/modal/test/auto/CausalityInterface2.xml
----------------- Instantiating /home/travis/build/icyphy/ptII/ptolemy/domains/modal/test/auto/CausalityInterface2.xml
3 ms. Memory: 206848K Free: 114721K (55%)
----------------- Invoking toplevel() on ptolemy.moml.MoMLSimpleApplication@1214eb38
----------------- Done invoking toplevel() on ptolemy.moml.MoMLSimpleApplication@1214eb38
reloadAllAccessors: .CausalityInterface2

===========================================================================================
----------------- testing Mon Feb 17 23:35:50 UTC 2020 /home/travis/build/icyphy/ptII/ptolemy/domains/modal/test/auto/CausalityInterface3.xml
----------------- Instantiating /home/travis/build/icyphy/ptII/ptolemy/domains/modal/test/auto/CausalityInterface3.xml
5 ms. Memory: 206848K Free: 108577K (52%)
----------------- Invoking toplevel() on ptolemy.moml.MoMLSimpleApplication@5983ebc6
----------------- Done invoking toplevel() on ptolemy.moml.MoMLSimpleApplication@5983ebc6
reloadAllAccessors: .CausalityInterface3

===========================================================================================
----------------- testing Mon Feb 17 23:35:50 UTC 2020 /home/travis/build/icyphy/ptII/ptolemy/domains/modal/test/auto/CausalityInterface4.xml
----------------- Instantiating /home/travis/build/icyphy/ptII/ptolemy/domains/modal/test/auto/CausalityInterface4.xml
3 ms. Memory: 206848K Free: 102433K (50%)
----------------- Invoking toplevel() on ptolemy.moml.MoMLSimpleApplication@145813fa
----------------- Done invoking toplevel() on ptolemy.moml.MoMLSimpleApplication@145813fa
reloadAllAccessors: .CausalityInterface4

===========================================================================================
----------------- testing Mon Feb 17 23:35:50 UTC 2020 /home/travis/build/icyphy/ptII/ptolemy/domains/modal/test/auto/CausalityInterface5.xml
----------------- Instantiating /home/travis/build/icyphy/ptII/ptolemy/domains/modal/test/auto/CausalityInterface5.xml
5 ms. Memory: 206848K Free: 94241K (46%)
----------------- Invoking toplevel() on ptolemy.moml.MoMLSimpleApplication@20178321
----------------- Done invoking toplevel() on ptolemy.moml.MoMLSimpleApplication@20178321
reloadAllAccessors: .CausalityInterface5

===========================================================================================
----------------- testing Mon Feb 17 23:35:50 UTC 2020 /home/travis/build/icyphy/ptII/ptolemy/domains/modal/test/auto/CausalityInterface6.xml
----------------- Instantiating /home/travis/build/icyphy/ptII/ptolemy/domains/modal/test/auto/CausalityInterface6.xml
6 ms. Memory: 206848K Free: 86049K (42%)
----------------- Invoking toplevel() on ptolemy.moml.MoMLSimpleApplication@7178c553
----------------- Done invoking toplevel() on ptolemy.moml.MoMLSimpleApplication@7178c553
reloadAllAccessors: .CausalityInterface6

===========================================================================================
----------------- testing Mon Feb 17 23:35:50 UTC 2020 /home/travis/build/icyphy/ptII/ptolemy/domains/modal/test/auto/CausalityInterface7.xml
----------------- Instantiating /home/travis/build/icyphy/ptII/ptolemy/domains/modal/test/auto/CausalityInterface7.xml
6 ms. Memory: 206848K Free: 77843K (38%)
----------------- Invoking toplevel() on ptolemy.moml.MoMLSimpleApplication@3df4b2df
----------------- Done invoking toplevel() on ptolemy.moml.MoMLSimpleApplication@3df4b2df
reloadAllAccessors: .CausalityInterface7

===========================================================================================
----------------- testing Mon Feb 17 23:35:50 UTC 2020 /home/travis/build/icyphy/ptII/ptolemy/domains/modal/test/auto/CausalityInterface8.xml
----------------- Instantiating /home/travis/build/icyphy/ptII/ptolemy/domains/modal/test/auto/CausalityInterface8.xml
23 ms. Memory: 206848K Free: 186915K (90%)
----------------- Invoking toplevel() on ptolemy.moml.MoMLSimpleApplication@41b69d88
----------------- Done invoking toplevel() on ptolemy.moml.MoMLSimpleApplication@41b69d88
reloadAllAccessors: .CausalityInterface8

===========================================================================================
----------------- testing Mon Feb 17 23:35:50 UTC 2020 /home/travis/build/icyphy/ptII/ptolemy/domains/modal/test/auto/CausalityInterface9.xml
----------------- Instantiating /home/travis/build/icyphy/ptII/ptolemy/domains/modal/test/auto/CausalityInterface9.xml
3 ms. Memory: 206848K Free: 177179K (86%)
----------------- Invoking toplevel() on ptolemy.moml.MoMLSimpleApplication@c9e105
----------------- Done invoking toplevel() on ptolemy.moml.MoMLSimpleApplication@c9e105
reloadAllAccessors: .CausalityInterface9

===========================================================================================
----------------- testing Mon Feb 17 23:35:50 UTC 2020 /home/travis/build/icyphy/ptII/ptolemy/domains/modal/test/auto/ChainedTransitions.xml
----------------- Instantiating /home/travis/build/icyphy/ptII/ptolemy/domains/modal/test/auto/ChainedTransitions.xml
100 ms. Memory: 206848K Free: 152595K (74%)
----------------- Invoking toplevel() on ptolemy.moml.MoMLSimpleApplication@316b5044
----------------- Done invoking toplevel() on ptolemy.moml.MoMLSimpleApplication@316b5044
reloadAllAccessors: .ChainedTransitions

===========================================================================================
----------------- testing Mon Feb 17 23:35:50 UTC 2020 /home/travis/build/icyphy/ptII/ptolemy/domains/modal/test/auto/CycleOfImmediateTransitionsFSM.xml
----------------- Instantiating /home/travis/build/icyphy/ptII/ptolemy/domains/modal/test/auto/CycleOfImmediateTransitionsFSM.xml
3 ms. Memory: 206848K Free: 146465K (71%)
----------------- Invoking toplevel() on ptolemy.moml.MoMLSimpleApplication@4f1c1869
----------------- Done invoking toplevel() on ptolemy.moml.MoMLSimpleApplication@4f1c1869
reloadAllAccessors: .CycleOfImmediateTransitionsFSM

===========================================================================================
----------------- testing Mon Feb 17 23:35:50 UTC 2020 /home/travis/build/icyphy/ptII/ptolemy/domains/modal/test/auto/CycleOfImmediateTransitionsModal.xml
----------------- Instantiating /home/travis/build/icyphy/ptII/ptolemy/domains/modal/test/auto/CycleOfImmediateTransitionsModal.xml
4 ms. Memory: 206848K Free: 140321K (68%)
----------------- Invoking toplevel() on ptolemy.moml.MoMLSimpleApplication@6a60c3f9
----------------- Done invoking toplevel() on ptolemy.moml.MoMLSimpleApplication@6a60c3f9
reloadAllAccessors: .CycleOfImmediateTransitionsModal

===========================================================================================
----------------- testing Mon Feb 17 23:35:50 UTC 2020 /home/travis/build/icyphy/ptII/ptolemy/domains/modal/test/auto/CycleOfImmediateTransitionsModal2.xml
----------------- Instantiating /home/travis/build/icyphy/ptII/ptolemy/domains/modal/test/auto/CycleOfImmediateTransitionsModal2.xml
13 ms. Memory: 206848K Free: 134177K (65%)
----------------- Invoking toplevel() on ptolemy.moml.MoMLSimpleApplication@1c239857
----------------- Done invoking toplevel() on ptolemy.moml.MoMLSimpleApplication@1c239857
reloadAllAccessors: .CycleOfImmediateTransitionsModal2

===========================================================================================
----------------- testing Mon Feb 17 23:35:50 UTC 2020 /home/travis/build/icyphy/ptII/ptolemy/domains/modal/test/auto/CycleOfImmediateTransitionsModal3.xml
----------------- Instantiating /home/travis/build/icyphy/ptII/ptolemy/domains/modal/test/auto/CycleOfImmediateTransitionsModal3.xml
14 ms. Memory: 206848K Free: 111139K (54%)
----------------- Invoking toplevel() on ptolemy.moml.MoMLSimpleApplication@47032c14
----------------- Done invoking toplevel() on ptolemy.moml.MoMLSimpleApplication@47032c14
reloadAllAccessors: .CycleOfImmediateTransitionsModal3

===========================================================================================
----------------- testing Mon Feb 17 23:35:51 UTC 2020 /home/travis/build/icyphy/ptII/ptolemy/domains/modal/test/auto/DeepModal1.xml
----------------- Instantiating /home/travis/build/icyphy/ptII/ptolemy/domains/modal/test/auto/DeepModal1.xml
33 ms. Memory: 206848K Free: 96803K (47%)
----------------- Invoking toplevel() on ptolemy.moml.MoMLSimpleApplication@48ee64e0
----------------- Done invoking toplevel() on ptolemy.moml.MoMLSimpleApplication@48ee64e0
reloadAllAccessors: .DeepModal1

===========================================================================================
----------------- testing Mon Feb 17 23:35:51 UTC 2020 /home/travis/build/icyphy/ptII/ptolemy/domains/modal/test/auto/DeepModal2.xml
----------------- Instantiating /home/travis/build/icyphy/ptII/ptolemy/domains/modal/test/auto/DeepModal2.xml
29 ms. Memory: 206848K Free: 78371K (38%)
----------------- Invoking toplevel() on ptolemy.moml.MoMLSimpleApplication@2032b0e
----------------- Done invoking toplevel() on ptolemy.moml.MoMLSimpleApplication@2032b0e
reloadAllAccessors: .DeepModal2

===========================================================================================
----------------- testing Mon Feb 17 23:35:51 UTC 2020 /home/travis/build/icyphy/ptII/ptolemy/domains/modal/test/auto/DeepModal3.xml
----------------- Instantiating /home/travis/build/icyphy/ptII/ptolemy/domains/modal/test/auto/DeepModal3.xml
31 ms. Memory: 206848K Free: 176673K (85%)
----------------- Invoking toplevel() on ptolemy.moml.MoMLSimpleApplication@12d99b7
----------------- Done invoking toplevel() on ptolemy.moml.MoMLSimpleApplication@12d99b7
reloadAllAccessors: .DeepModal3

===========================================================================================
----------------- testing Mon Feb 17 23:35:51 UTC 2020 /home/travis/build/icyphy/ptII/ptolemy/domains/modal/test/auto/DeepModal4.xml
----------------- Instantiating /home/travis/build/icyphy/ptII/ptolemy/domains/modal/test/auto/DeepModal4.xml
29 ms. Memory: 206848K Free: 157217K (76%)
----------------- Invoking toplevel() on ptolemy.moml.MoMLSimpleApplication@7886e1cc
----------------- Done invoking toplevel() on ptolemy.moml.MoMLSimpleApplication@7886e1cc
reloadAllAccessors: .DeepModal4

===========================================================================================
----------------- testing Mon Feb 17 23:35:51 UTC 2020 /home/travis/build/icyphy/ptII/ptolemy/domains/modal/test/auto/Default1.xml
----------------- Instantiating /home/travis/build/icyphy/ptII/ptolemy/domains/modal/test/auto/Default1.xml
2 ms. Memory: 206848K Free: 151073K (73%)
----------------- Invoking toplevel() on ptolemy.moml.MoMLSimpleApplication@5f38fc44
----------------- Done invoking toplevel() on ptolemy.moml.MoMLSimpleApplication@5f38fc44
reloadAllAccessors: .Default1

===========================================================================================
----------------- testing Mon Feb 17 23:35:51 UTC 2020 /home/travis/build/icyphy/ptII/ptolemy/domains/modal/test/auto/Default2.xml
----------------- Instantiating /home/travis/build/icyphy/ptII/ptolemy/domains/modal/test/auto/Default2.xml
8 ms. Memory: 206848K Free: 145443K (70%)
----------------- Invoking toplevel() on ptolemy.moml.MoMLSimpleApplication@1b6dd7da
----------------- Done invoking toplevel() on ptolemy.moml.MoMLSimpleApplication@1b6dd7da
reloadAllAccessors: .Default2

===========================================================================================
----------------- testing Mon Feb 17 23:35:51 UTC 2020 /home/travis/build/icyphy/ptII/ptolemy/domains/modal/test/auto/Default3.xml
----------------- Instantiating /home/travis/build/icyphy/ptII/ptolemy/domains/modal/test/auto/Default3.xml
5 ms. Memory: 206848K Free: 138785K (67%)
----------------- Invoking toplevel() on ptolemy.moml.MoMLSimpleApplication@34c609a0
----------------- Done invoking toplevel() on ptolemy.moml.MoMLSimpleApplication@34c609a0
reloadAllAccessors: .Default3

===========================================================================================
----------------- testing Mon Feb 17 23:35:51 UTC 2020 /home/travis/build/icyphy/ptII/ptolemy/domains/modal/test/auto/Default4.xml
----------------- Instantiating /home/travis/build/icyphy/ptII/ptolemy/domains/modal/test/auto/Default4.xml
6 ms. Memory: 206848K Free: 132641K (64%)
----------------- Invoking toplevel() on ptolemy.moml.MoMLSimpleApplication@3de7fe3d
----------------- Done invoking toplevel() on ptolemy.moml.MoMLSimpleApplication@3de7fe3d
reloadAllAccessors: .Default4

===========================================================================================
----------------- testing Mon Feb 17 23:35:51 UTC 2020 /home/travis/build/icyphy/ptII/ptolemy/domains/modal/test/auto/Default5.xml
----------------- Instantiating /home/travis/build/icyphy/ptII/ptolemy/domains/modal/test/auto/Default5.xml
7 ms. Memory: 206848K Free: 124435K (60%)
----------------- Invoking toplevel() on ptolemy.moml.MoMLSimpleApplication@66810c1c
----------------- Done invoking toplevel() on ptolemy.moml.MoMLSimpleApplication@66810c1c
reloadAllAccessors: .Default5

===========================================================================================
----------------- testing Mon Feb 17 23:35:51 UTC 2020 /home/travis/build/icyphy/ptII/ptolemy/domains/modal/test/auto/EmptyGuard.xml
----------------- Instantiating /home/travis/build/icyphy/ptII/ptolemy/domains/modal/test/auto/EmptyGuard.xml
9 ms. Memory: 206848K Free: 116251K (56%)
----------------- Invoking toplevel() on ptolemy.moml.MoMLSimpleApplication@53c6fadd
----------------- Done invoking toplevel() on ptolemy.moml.MoMLSimpleApplication@53c6fadd
reloadAllAccessors: .EmptyGuard

===========================================================================================
----------------- testing Mon Feb 17 23:35:51 UTC 2020 /home/travis/build/icyphy/ptII/ptolemy/domains/modal/test/auto/ErrorTransition1.xml
----------------- Instantiating /home/travis/build/icyphy/ptII/ptolemy/domains/modal/test/auto/ErrorTransition1.xml
6 ms. Memory: 206848K Free: 107555K (52%)
----------------- Invoking toplevel() on ptolemy.moml.MoMLSimpleApplication@5c1a116c
----------------- Done invoking toplevel() on ptolemy.moml.MoMLSimpleApplication@5c1a116c
reloadAllAccessors: .ErrorTransition1

===========================================================================================
----------------- testing Mon Feb 17 23:35:51 UTC 2020 /home/travis/build/icyphy/ptII/ptolemy/domains/modal/test/auto/ErrorTransition10.xml
----------------- Instantiating /home/travis/build/icyphy/ptII/ptolemy/domains/modal/test/auto/ErrorTransition10.xml
11 ms. Memory: 206848K Free: 93699K (45%)
----------------- Invoking toplevel() on ptolemy.moml.MoMLSimpleApplication@1b031985
----------------- Done invoking toplevel() on ptolemy.moml.MoMLSimpleApplication@1b031985
reloadAllAccessors: .ErrorTransition10

===========================================================================================
----------------- testing Mon Feb 17 23:35:51 UTC 2020 /home/travis/build/icyphy/ptII/ptolemy/domains/modal/test/auto/ErrorTransition11.xml
----------------- Instantiating /home/travis/build/icyphy/ptII/ptolemy/domains/modal/test/auto/ErrorTransition11.xml
3 ms. Memory: 206848K Free: 82465K (40%)
----------------- Invoking toplevel() on ptolemy.moml.MoMLSimpleApplication@f9a9e4e
----------------- Done invoking toplevel() on ptolemy.moml.MoMLSimpleApplication@f9a9e4e
reloadAllAccessors: .ErrorTransition11

===========================================================================================
----------------- testing Mon Feb 17 23:35:51 UTC 2020 /home/travis/build/icyphy/ptII/ptolemy/domains/modal/test/auto/ErrorTransition2.xml
----------------- Instantiating /home/travis/build/icyphy/ptII/ptolemy/domains/modal/test/auto/ErrorTransition2.xml
6 ms. Memory: 206848K Free: 73249K (35%)
----------------- Invoking toplevel() on ptolemy.moml.MoMLSimpleApplication@cbeeced
----------------- Done invoking toplevel() on ptolemy.moml.MoMLSimpleApplication@cbeeced
reloadAllAccessors: .ErrorTransition2

===========================================================================================
----------------- testing Mon Feb 17 23:35:51 UTC 2020 /home/travis/build/icyphy/ptII/ptolemy/domains/modal/test/auto/ErrorTransition3.xml
----------------- Instantiating /home/travis/build/icyphy/ptII/ptolemy/domains/modal/test/auto/ErrorTransition3.xml
28 ms. Memory: 248832K Free: 223267K (90%)
----------------- Invoking toplevel() on ptolemy.moml.MoMLSimpleApplication@6daee796
----------------- Done invoking toplevel() on ptolemy.moml.MoMLSimpleApplication@6daee796
reloadAllAccessors: .ErrorTransition3

===========================================================================================
----------------- testing Mon Feb 17 23:35:51 UTC 2020 /home/travis/build/icyphy/ptII/ptolemy/domains/modal/test/auto/ErrorTransition4.xml
----------------- Instantiating /home/travis/build/icyphy/ptII/ptolemy/domains/modal/test/auto/ErrorTransition4.xml
12 ms. Memory: 248832K Free: 212003K (85%)
----------------- Invoking toplevel() on ptolemy.moml.MoMLSimpleApplication@4fd6e2bf
----------------- Done invoking toplevel() on ptolemy.moml.MoMLSimpleApplication@4fd6e2bf
reloadAllAccessors: .ErrorTransition4

===========================================================================================
----------------- testing Mon Feb 17 23:35:51 UTC 2020 /home/travis/build/icyphy/ptII/ptolemy/domains/modal/test/auto/ErrorTransition5.xml
----------------- Instantiating /home/travis/build/icyphy/ptII/ptolemy/domains/modal/test/auto/ErrorTransition5.xml
6 ms. Memory: 248832K Free: 201763K (81%)
----------------- Invoking toplevel() on ptolemy.moml.MoMLSimpleApplication@64c8a44c
----------------- Done invoking toplevel() on ptolemy.moml.MoMLSimpleApplication@64c8a44c
reloadAllAccessors: .ErrorTransition5

===========================================================================================
----------------- testing Mon Feb 17 23:35:51 UTC 2020 /home/travis/build/icyphy/ptII/ptolemy/domains/modal/test/auto/ErrorTransition6.xml
----------------- Instantiating /home/travis/build/icyphy/ptII/ptolemy/domains/modal/test/auto/ErrorTransition6.xml
12 ms. Memory: 248832K Free: 191009K (77%)
----------------- Invoking toplevel() on ptolemy.moml.MoMLSimpleApplication@39fcf0f5
----------------- Done invoking toplevel() on ptolemy.moml.MoMLSimpleApplication@39fcf0f5
reloadAllAccessors: .ErrorTransition6

===========================================================================================
----------------- testing Mon Feb 17 23:35:51 UTC 2020 /home/travis/build/icyphy/ptII/ptolemy/domains/modal/test/auto/ErrorTransition7.xml
----------------- Instantiating /home/travis/build/icyphy/ptII/ptolemy/domains/modal/test/auto/ErrorTransition7.xml
13 ms. Memory: 248832K Free: 178211K (72%)
----------------- Invoking toplevel() on ptolemy.moml.MoMLSimpleApplication@65bd8275
----------------- Done invoking toplevel() on ptolemy.moml.MoMLSimpleApplication@65bd8275
reloadAllAccessors: .ErrorTransition7

===========================================================================================
----------------- testing Mon Feb 17 23:35:51 UTC 2020 /home/travis/build/icyphy/ptII/ptolemy/domains/modal/test/auto/ErrorTransition8.xml
----------------- Instantiating /home/travis/build/icyphy/ptII/ptolemy/domains/modal/test/auto/ErrorTransition8.xml
30 ms. Memory: 248832K Free: 164899K (66%)
----------------- Invoking toplevel() on ptolemy.moml.MoMLSimpleApplication@4be7b96a
----------------- Done invoking toplevel() on ptolemy.moml.MoMLSimpleApplication@4be7b96a
reloadAllAccessors: .ErrorTransition8

===========================================================================================
----------------- testing Mon Feb 17 23:35:51 UTC 2020 /home/travis/build/icyphy/ptII/ptolemy/domains/modal/test/auto/ErrorTransition9.xml
----------------- Instantiating /home/travis/build/icyphy/ptII/ptolemy/domains/modal/test/auto/ErrorTransition9.xml
15 ms. Memory: 248832K Free: 151587K (61%)
----------------- Invoking toplevel() on ptolemy.moml.MoMLSimpleApplication@3c326066
----------------- Done invoking toplevel() on ptolemy.moml.MoMLSimpleApplication@3c326066
reloadAllAccessors: .ErrorTransition9

===========================================================================================
----------------- testing Mon Feb 17 23:35:51 UTC 2020 /home/travis/build/icyphy/ptII/ptolemy/domains/modal/test/auto/ExtendedFSM.xml
----------------- Instantiating /home/travis/build/icyphy/ptII/ptolemy/domains/modal/test/auto/ExtendedFSM.xml
9 ms. Memory: 248832K Free: 142867K (57%)
----------------- Invoking toplevel() on ptolemy.moml.MoMLSimpleApplication@6f8f1686
----------------- Done invoking toplevel() on ptolemy.moml.MoMLSimpleApplication@6f8f1686
reloadAllAccessors: .ExtendedFSM

===========================================================================================
----------------- testing Mon Feb 17 23:35:52 UTC 2020 /home/travis/build/icyphy/ptII/ptolemy/domains/modal/test/auto/FinalStates.xml
----------------- Instantiating /home/travis/build/icyphy/ptII/ptolemy/domains/modal/test/auto/FinalStates.xml
8 ms. Memory: 248832K Free: 134689K (54%)
----------------- Invoking toplevel() on ptolemy.moml.MoMLSimpleApplication@1b7c9b11
----------------- Done invoking toplevel() on ptolemy.moml.MoMLSimpleApplication@1b7c9b11
reloadAllAccessors: .FinalStates

===========================================================================================
----------------- testing Mon Feb 17 23:35:52 UTC 2020 /home/travis/build/icyphy/ptII/ptolemy/domains/modal/test/auto/FixedPointFSM.xml
----------------- Instantiating /home/travis/build/icyphy/ptII/ptolemy/domains/modal/test/auto/FixedPointFSM.xml
23 ms. Memory: 248832K Free: 119843K (48%)
----------------- Invoking toplevel() on ptolemy.moml.MoMLSimpleApplication@4d279598
----------------- Done invoking toplevel() on ptolemy.moml.MoMLSimpleApplication@4d279598
reloadAllAccessors: .FixedPointFSM

===========================================================================================
----------------- testing Mon Feb 17 23:35:52 UTC 2020 /home/travis/build/icyphy/ptII/ptolemy/domains/modal/test/auto/FixedPointIterationFSMActor.xml
----------------- Instantiating /home/travis/build/icyphy/ptII/ptolemy/domains/modal/test/auto/FixedPointIterationFSMActor.xml
9 ms. Memory: 248832K Free: 109083K (44%)
----------------- Invoking toplevel() on ptolemy.moml.MoMLSimpleApplication@643fdce1
----------------- Done invoking toplevel() on ptolemy.moml.MoMLSimpleApplication@643fdce1
reloadAllAccessors: .FixedPointIterationFSMActor

===========================================================================================
----------------- testing Mon Feb 17 23:35:52 UTC 2020 /home/travis/build/icyphy/ptII/ptolemy/domains/modal/test/auto/FixedPointIterationFSMActor2.xml
----------------- Instantiating /home/travis/build/icyphy/ptII/ptolemy/domains/modal/test/auto/FixedPointIterationFSMActor2.xml
9 ms. Memory: 248832K Free: 96795K (39%)
----------------- Invoking toplevel() on ptolemy.moml.MoMLSimpleApplication@452ca509
----------------- Done invoking toplevel() on ptolemy.moml.MoMLSimpleApplication@452ca509
reloadAllAccessors: .FixedPointIterationFSMActor2

===========================================================================================
----------------- testing Mon Feb 17 23:35:52 UTC 2020 /home/travis/build/icyphy/ptII/ptolemy/domains/modal/test/auto/ForbiddenInstantanousLoop.xml
----------------- Instantiating /home/travis/build/icyphy/ptII/ptolemy/domains/modal/test/auto/ForbiddenInstantanousLoop.xml
9 ms. Memory: 248832K Free: 226774K (91%)
----------------- Invoking toplevel() on ptolemy.moml.MoMLSimpleApplication@516cbcf6
----------------- Done invoking toplevel() on ptolemy.moml.MoMLSimpleApplication@516cbcf6
reloadAllAccessors: .ForbiddenInstantanousLoop

===========================================================================================
----------------- testing Mon Feb 17 23:35:52 UTC 2020 /home/travis/build/icyphy/ptII/ptolemy/domains/modal/test/auto/FunctionDependencyOfFSMActorTest.xml
----------------- Instantiating /home/travis/build/icyphy/ptII/ptolemy/domains/modal/test/auto/FunctionDependencyOfFSMActorTest.xml
15 ms. Memory: 248832K Free: 219606K (88%)
----------------- Invoking toplevel() on ptolemy.moml.MoMLSimpleApplication@7f8471b6
----------------- Done invoking toplevel() on ptolemy.moml.MoMLSimpleApplication@7f8471b6
reloadAllAccessors: .FunctionDependencyOfFSMActorTest

===========================================================================================
----------------- testing Mon Feb 17 23:35:52 UTC 2020 /home/travis/build/icyphy/ptII/ptolemy/domains/modal/test/auto/GuardExpression.xml
----------------- Instantiating /home/travis/build/icyphy/ptII/ptolemy/domains/modal/test/auto/GuardExpression.xml
2 ms. Memory: 248832K Free: 214486K (86%)
----------------- Invoking toplevel() on ptolemy.moml.MoMLSimpleApplication@45e8d6d5
----------------- Done invoking toplevel() on ptolemy.moml.MoMLSimpleApplication@45e8d6d5
reloadAllAccessors: .GuardExpression

===========================================================================================
----------------- testing Mon Feb 17 23:35:52 UTC 2020 /home/travis/build/icyphy/ptII/ptolemy/domains/modal/test/auto/GuardNotEvaluated.xml
----------------- Instantiating /home/travis/build/icyphy/ptII/ptolemy/domains/modal/test/auto/GuardNotEvaluated.xml
9 ms. Memory: 248832K Free: 205766K (83%)
----------------- Invoking toplevel() on ptolemy.moml.MoMLSimpleApplication@560b54ae
----------------- Done invoking toplevel() on ptolemy.moml.MoMLSimpleApplication@560b54ae
reloadAllAccessors: .GuardNotEvaluated

===========================================================================================
----------------- testing Mon Feb 17 23:35:52 UTC 2020 /home/travis/build/icyphy/ptII/ptolemy/domains/modal/test/auto/GuardNotEvaluated2.xml
----------------- Instantiating /home/travis/build/icyphy/ptII/ptolemy/domains/modal/test/auto/GuardNotEvaluated2.xml
9 ms. Memory: 248832K Free: 196054K (79%)
----------------- Invoking toplevel() on ptolemy.moml.MoMLSimpleApplication@31d26dd6
----------------- Done invoking toplevel() on ptolemy.moml.MoMLSimpleApplication@31d26dd6
reloadAllAccessors: .GuardNotEvaluated2

===========================================================================================
----------------- testing Mon Feb 17 23:35:52 UTC 2020 /home/travis/build/icyphy/ptII/ptolemy/domains/modal/test/auto/GuardOnAbsent.xml
----------------- Instantiating /home/travis/build/icyphy/ptII/ptolemy/domains/modal/test/auto/GuardOnAbsent.xml
8 ms. Memory: 248832K Free: 188342K (76%)
----------------- Invoking toplevel() on ptolemy.moml.MoMLSimpleApplication@143cb250
----------------- Done invoking toplevel() on ptolemy.moml.MoMLSimpleApplication@143cb250
reloadAllAccessors: .GuardOnAbsent

===========================================================================================
----------------- testing Mon Feb 17 23:35:52 UTC 2020 /home/travis/build/icyphy/ptII/ptolemy/domains/modal/test/auto/HierarchicalFSMTypeInference.xml
----------------- Instantiating /home/travis/build/icyphy/ptII/ptolemy/domains/modal/test/auto/HierarchicalFSMTypeInference.xml
4 ms. Memory: 248832K Free: 178132K (72%)
----------------- Invoking toplevel() on ptolemy.moml.MoMLSimpleApplication@2950419b
----------------- Done invoking toplevel() on ptolemy.moml.MoMLSimpleApplication@2950419b
reloadAllAccessors: .HierarchicalFSMTypeInference

===========================================================================================
----------------- testing Mon Feb 17 23:35:52 UTC 2020 /home/travis/build/icyphy/ptII/ptolemy/domains/modal/test/auto/Hysteresis.xml
----------------- Instantiating /home/travis/build/icyphy/ptII/ptolemy/domains/modal/test/auto/Hysteresis.xml
13 ms. Memory: 248832K Free: 164806K (66%)
----------------- Invoking toplevel() on ptolemy.moml.MoMLSimpleApplication@243c1d32
----------------- Done invoking toplevel() on ptolemy.moml.MoMLSimpleApplication@243c1d32
reloadAllAccessors: .Hysteresis

===========================================================================================
----------------- testing Mon Feb 17 23:35:52 UTC 2020 /home/travis/build/icyphy/ptII/ptolemy/domains/modal/test/auto/HysteresisWithDefault.xml
----------------- Instantiating /home/travis/build/icyphy/ptII/ptolemy/domains/modal/test/auto/HysteresisWithDefault.xml
41 ms. Memory: 248832K Free: 141782K (57%)
----------------- Invoking toplevel() on ptolemy.moml.MoMLSimpleApplication@1bb58db
----------------- Done invoking toplevel() on ptolemy.moml.MoMLSimpleApplication@1bb58db
reloadAllAccessors: .HysteresisWithDefault

===========================================================================================
----------------- testing Mon Feb 17 23:35:52 UTC 2020 /home/travis/build/icyphy/ptII/ptolemy/domains/modal/test/auto/HysteresisWithDefault2.xml
----------------- Instantiating /home/travis/build/icyphy/ptII/ptolemy/domains/modal/test/auto/HysteresisWithDefault2.xml
56 ms. Memory: 248832K Free: 112086K (45%)
----------------- Invoking toplevel() on ptolemy.moml.MoMLSimpleApplication@38a7b0e9
----------------- Done invoking toplevel() on ptolemy.moml.MoMLSimpleApplication@38a7b0e9
reloadAllAccessors: .HysteresisWithDefault2

===========================================================================================
----------------- testing Mon Feb 17 23:35:52 UTC 2020 /home/travis/build/icyphy/ptII/ptolemy/domains/modal/test/auto/ImmediateNonConstructiveness.xml
----------------- Instantiating /home/travis/build/icyphy/ptII/ptolemy/domains/modal/test/auto/ImmediateNonConstructiveness.xml
5 ms. Memory: 248832K Free: 104918K (42%)
----------------- Invoking toplevel() on ptolemy.moml.MoMLSimpleApplication@f303508
----------------- Done invoking toplevel() on ptolemy.moml.MoMLSimpleApplication@f303508
reloadAllAccessors: .ImmediateNonConstructiveness

===========================================================================================
----------------- testing Mon Feb 17 23:35:52 UTC 2020 /home/travis/build/icyphy/ptII/ptolemy/domains/modal/test/auto/ImmediateNonConstructiveness2.xml
----------------- Instantiating /home/travis/build/icyphy/ptII/ptolemy/domains/modal/test/auto/ImmediateNonConstructiveness2.xml
3 ms. Memory: 248832K Free: 98774K (40%)
----------------- Invoking toplevel() on ptolemy.moml.MoMLSimpleApplication@6aa059c2
----------------- Done invoking toplevel() on ptolemy.moml.MoMLSimpleApplication@6aa059c2
reloadAllAccessors: .ImmediateNonConstructiveness2

===========================================================================================
----------------- testing Mon Feb 17 23:35:52 UTC 2020 /home/travis/build/icyphy/ptII/ptolemy/domains/modal/test/auto/ImmediateTransitionReset.xml
----------------- Instantiating /home/travis/build/icyphy/ptII/ptolemy/domains/modal/test/auto/ImmediateTransitionReset.xml
19 ms. Memory: 248832K Free: 227875K (92%)
----------------- Invoking toplevel() on ptolemy.moml.MoMLSimpleApplication@417cce69
----------------- Done invoking toplevel() on ptolemy.moml.MoMLSimpleApplication@417cce69
reloadAllAccessors: .ImmediateTransitionReset

===========================================================================================
----------------- testing Mon Feb 17 23:35:52 UTC 2020 /home/travis/build/icyphy/ptII/ptolemy/domains/modal/test/auto/ImmediateTransitions1.xml
----------------- Instantiating /home/travis/build/icyphy/ptII/ptolemy/domains/modal/test/auto/ImmediateTransitions1.xml
2 ms. Memory: 248832K Free: 222241K (89%)
----------------- Invoking toplevel() on ptolemy.moml.MoMLSimpleApplication@731de180
----------------- Done invoking toplevel() on ptolemy.moml.MoMLSimpleApplication@731de180
reloadAllAccessors: .ImmediateTransitions1

===========================================================================================
----------------- testing Mon Feb 17 23:35:52 UTC 2020 /home/travis/build/icyphy/ptII/ptolemy/domains/modal/test/auto/ImmediateTransitionsInstantaneousCommunication.xml
----------------- Instantiating /home/travis/build/icyphy/ptII/ptolemy/domains/modal/test/auto/ImmediateTransitionsInstantaneousCommunication.xml
4 ms. Memory: 248832K Free: 209953K (84%)
----------------- Invoking toplevel() on ptolemy.moml.MoMLSimpleApplication@4ac4ef97
----------------- Done invoking toplevel() on ptolemy.moml.MoMLSimpleApplication@4ac4ef97
reloadAllAccessors: .ImmediateTransitionsInstantaneousCommunication

===========================================================================================
----------------- testing Mon Feb 17 23:35:52 UTC 2020 /home/travis/build/icyphy/ptII/ptolemy/domains/modal/test/auto/InitialImmediateTransition.xml
----------------- Instantiating /home/travis/build/icyphy/ptII/ptolemy/domains/modal/test/auto/InitialImmediateTransition.xml
5 ms. Memory: 248832K Free: 202779K (81%)
----------------- Invoking toplevel() on ptolemy.moml.MoMLSimpleApplication@81dbc09
----------------- Done invoking toplevel() on ptolemy.moml.MoMLSimpleApplication@81dbc09
reloadAllAccessors: .InitialImmediateTransition

===========================================================================================
----------------- testing Mon Feb 17 23:35:52 UTC 2020 /home/travis/build/icyphy/ptII/ptolemy/domains/modal/test/auto/InitialOutputs.xml
----------------- Instantiating /home/travis/build/icyphy/ptII/ptolemy/domains/modal/test/auto/InitialOutputs.xml
3 ms. Memory: 248832K Free: 196641K (79%)
----------------- Invoking toplevel() on ptolemy.moml.MoMLSimpleApplication@7d2de5c
----------------- Done invoking toplevel() on ptolemy.moml.MoMLSimpleApplication@7d2de5c
reloadAllAccessors: .InitialOutputs

===========================================================================================
----------------- testing Mon Feb 17 23:35:52 UTC 2020 /home/travis/build/icyphy/ptII/ptolemy/domains/modal/test/auto/InitialStateTransition1.xml
----------------- Instantiating /home/travis/build/icyphy/ptII/ptolemy/domains/modal/test/auto/InitialStateTransition1.xml
2 ms. Memory: 248832K Free: 189473K (76%)
----------------- Invoking toplevel() on ptolemy.moml.MoMLSimpleApplication@479188cd
----------------- Done invoking toplevel() on ptolemy.moml.MoMLSimpleApplication@479188cd
reloadAllAccessors: .InitialStateTransition1

===========================================================================================
----------------- testing Mon Feb 17 23:35:52 UTC 2020 /home/travis/build/icyphy/ptII/ptolemy/domains/modal/test/auto/InitialStateTransition2.xml
----------------- Instantiating /home/travis/build/icyphy/ptII/ptolemy/domains/modal/test/auto/InitialStateTransition2.xml
.InitialStateTransition2.TestExceptionAttributeNonConstructive: initialize() was not invoked, but wrapup() was.  This is unusual, but not always a problem.  For example, exporting JNLP will do this.
2 ms. Memory: 248832K Free: 182305K (73%)
----------------- Invoking toplevel() on ptolemy.moml.MoMLSimpleApplication@44fb9a06
----------------- Done invoking toplevel() on ptolemy.moml.MoMLSimpleApplication@44fb9a06
reloadAllAccessors: .InitialStateTransition2

===========================================================================================
----------------- testing Mon Feb 17 23:35:52 UTC 2020 /home/travis/build/icyphy/ptII/ptolemy/domains/modal/test/auto/InitialStateTransition3.xml
----------------- Instantiating /home/travis/build/icyphy/ptII/ptolemy/domains/modal/test/auto/InitialStateTransition3.xml
4 ms. Memory: 248832K Free: 174113K (70%)
----------------- Invoking toplevel() on ptolemy.moml.MoMLSimpleApplication@c77b6fc
----------------- Done invoking toplevel() on ptolemy.moml.MoMLSimpleApplication@c77b6fc
reloadAllAccessors: .InitialStateTransition3

===========================================================================================
----------------- testing Mon Feb 17 23:35:52 UTC 2020 /home/travis/build/icyphy/ptII/ptolemy/domains/modal/test/auto/InitialStateTransition4.xml
----------------- Instantiating /home/travis/build/icyphy/ptII/ptolemy/domains/modal/test/auto/InitialStateTransition4.xml
5 ms. Memory: 248832K Free: 164387K (66%)
----------------- Invoking toplevel() on ptolemy.moml.MoMLSimpleApplication@1302c2eb
----------------- Done invoking toplevel() on ptolemy.moml.MoMLSimpleApplication@1302c2eb
[...]
reloadAllAccessors: .TerminationTransition3

===========================================================================================
----------------- testing Mon Feb 17 23:35:54 UTC 2020 /home/travis/build/icyphy/ptII/ptolemy/domains/modal/test/auto/TerminationTransition4.xml
----------------- Instantiating /home/travis/build/icyphy/ptII/ptolemy/domains/modal/test/auto/TerminationTransition4.xml
6 ms. Memory: 308224K Free: 275766K (89%)
----------------- Invoking toplevel() on ptolemy.moml.MoMLSimpleApplication@46d874d6
----------------- Done invoking toplevel() on ptolemy.moml.MoMLSimpleApplication@46d874d6
reloadAllAccessors: .TerminationTransition4

===========================================================================================
----------------- testing Mon Feb 17 23:35:54 UTC 2020 /home/travis/build/icyphy/ptII/ptolemy/domains/modal/test/auto/TerminationTransition5.xml
----------------- Instantiating /home/travis/build/icyphy/ptII/ptolemy/domains/modal/test/auto/TerminationTransition5.xml
3 ms. Memory: 308224K Free: 261770K (85%)
----------------- Invoking toplevel() on ptolemy.moml.MoMLSimpleApplication@aeaee6d
----------------- Done invoking toplevel() on ptolemy.moml.MoMLSimpleApplication@aeaee6d
reloadAllAccessors: .TerminationTransition5

===========================================================================================
----------------- testing Mon Feb 17 23:35:55 UTC 2020 /home/travis/build/icyphy/ptII/ptolemy/domains/modal/test/auto/TerminationTransition6.xml
----------------- Instantiating /home/travis/build/icyphy/ptII/ptolemy/domains/modal/test/auto/TerminationTransition6.xml
2 ms. Memory: 308224K Free: 253068K (82%)
----------------- Invoking toplevel() on ptolemy.moml.MoMLSimpleApplication@1d805b18
----------------- Done invoking toplevel() on ptolemy.moml.MoMLSimpleApplication@1d805b18
reloadAllAccessors: .TerminationTransition6

===========================================================================================
----------------- testing Mon Feb 17 23:35:55 UTC 2020 /home/travis/build/icyphy/ptII/ptolemy/domains/modal/test/auto/TerminationTransition7.xml
----------------- Instantiating /home/travis/build/icyphy/ptII/ptolemy/domains/modal/test/auto/TerminationTransition7.xml
3 ms. Memory: 308224K Free: 243338K (79%)
----------------- Invoking toplevel() on ptolemy.moml.MoMLSimpleApplication@1eb9dc69
----------------- Done invoking toplevel() on ptolemy.moml.MoMLSimpleApplication@1eb9dc69
reloadAllAccessors: .TerminationTransition7

===========================================================================================
----------------- testing Mon Feb 17 23:35:55 UTC 2020 /home/travis/build/icyphy/ptII/ptolemy/domains/modal/test/auto/TerminationTransition8.xml
----------------- Instantiating /home/travis/build/icyphy/ptII/ptolemy/domains/modal/test/auto/TerminationTransition8.xml
3 ms. Memory: 308224K Free: 234122K (76%)
----------------- Invoking toplevel() on ptolemy.moml.MoMLSimpleApplication@54424cf9
----------------- Done invoking toplevel() on ptolemy.moml.MoMLSimpleApplication@54424cf9
reloadAllAccessors: .TerminationTransition8

===========================================================================================
----------------- testing Mon Feb 17 23:35:55 UTC 2020 /home/travis/build/icyphy/ptII/ptolemy/domains/modal/test/auto/Thermostat_NoHysteresis.xml
----------------- Instantiating /home/travis/build/icyphy/ptII/ptolemy/domains/modal/test/auto/Thermostat_NoHysteresis.xml
24 ms. Memory: 308224K Free: 209546K (68%)
----------------- Invoking toplevel() on ptolemy.moml.MoMLSimpleApplication@6038fd7a
----------------- Done invoking toplevel() on ptolemy.moml.MoMLSimpleApplication@6038fd7a
reloadAllAccessors: .Thermostat_NoHysteresis

===========================================================================================
----------------- testing Mon Feb 17 23:35:55 UTC 2020 /home/travis/build/icyphy/ptII/ptolemy/domains/modal/test/auto/TimedFSM.xml
----------------- Instantiating /home/travis/build/icyphy/ptII/ptolemy/domains/modal/test/auto/TimedFSM.xml
9 ms. Memory: 308224K Free: 197772K (64%)
----------------- Invoking toplevel() on ptolemy.moml.MoMLSimpleApplication@7cca7630
----------------- Done invoking toplevel() on ptolemy.moml.MoMLSimpleApplication@7cca7630
reloadAllAccessors: .TimedFSM

===========================================================================================
----------------- testing Mon Feb 17 23:35:55 UTC 2020 /home/travis/build/icyphy/ptII/ptolemy/domains/modal/test/auto/Timeout1.xml
----------------- Instantiating /home/travis/build/icyphy/ptII/ptolemy/domains/modal/test/auto/Timeout1.xml
3 ms. Memory: 308224K Free: 192124K (62%)
----------------- Invoking toplevel() on ptolemy.moml.MoMLSimpleApplication@5f88e4b2
----------------- Done invoking toplevel() on ptolemy.moml.MoMLSimpleApplication@5f88e4b2
reloadAllAccessors: .Timeout1

===========================================================================================
----------------- testing Mon Feb 17 23:35:55 UTC 2020 /home/travis/build/icyphy/ptII/ptolemy/domains/modal/test/auto/Timeout2.xml
----------------- Instantiating /home/travis/build/icyphy/ptII/ptolemy/domains/modal/test/auto/Timeout2.xml
8 ms. Memory: 308224K Free: 183436K (60%)
----------------- Invoking toplevel() on ptolemy.moml.MoMLSimpleApplication@40a08b9d
----------------- Done invoking toplevel() on ptolemy.moml.MoMLSimpleApplication@40a08b9d
reloadAllAccessors: .Timeout2

===========================================================================================
----------------- testing Mon Feb 17 23:35:55 UTC 2020 /home/travis/build/icyphy/ptII/ptolemy/domains/modal/test/auto/Timeout3.xml
----------------- Instantiating /home/travis/build/icyphy/ptII/ptolemy/domains/modal/test/auto/Timeout3.xml
2 ms. Memory: 308224K Free: 178316K (58%)
----------------- Invoking toplevel() on ptolemy.moml.MoMLSimpleApplication@55f2454e
----------------- Done invoking toplevel() on ptolemy.moml.MoMLSimpleApplication@55f2454e
reloadAllAccessors: .Timeout3

===========================================================================================
----------------- testing Mon Feb 17 23:35:55 UTC 2020 /home/travis/build/icyphy/ptII/ptolemy/domains/modal/test/auto/Timeout4.xml
----------------- Instantiating /home/travis/build/icyphy/ptII/ptolemy/domains/modal/test/auto/Timeout4.xml
2 ms. Memory: 308224K Free: 173196K (56%)
----------------- Invoking toplevel() on ptolemy.moml.MoMLSimpleApplication@14a9e35c
----------------- Done invoking toplevel() on ptolemy.moml.MoMLSimpleApplication@14a9e35c
reloadAllAccessors: .Timeout4

===========================================================================================
----------------- testing Mon Feb 17 23:35:55 UTC 2020 /home/travis/build/icyphy/ptII/ptolemy/domains/modal/test/auto/TransientstateModelAdvanced.xml
----------------- Instantiating /home/travis/build/icyphy/ptII/ptolemy/domains/modal/test/auto/TransientstateModelAdvanced.xml
3 ms. Memory: 308224K Free: 160908K (52%)
----------------- Invoking toplevel() on ptolemy.moml.MoMLSimpleApplication@1e91da9f
----------------- Done invoking toplevel() on ptolemy.moml.MoMLSimpleApplication@1e91da9f
reloadAllAccessors: .TransientstateModelAdvanced

===========================================================================================
----------------- testing Mon Feb 17 23:35:55 UTC 2020 /home/travis/build/icyphy/ptII/ptolemy/domains/modal/test/auto/TransientstateModelAdvanced2.xml
----------------- Instantiating /home/travis/build/icyphy/ptII/ptolemy/domains/modal/test/auto/TransientstateModelAdvanced2.xml
2 ms. Memory: 308224K Free: 146572K (48%)
----------------- Invoking toplevel() on ptolemy.moml.MoMLSimpleApplication@3baccc1e
----------------- Done invoking toplevel() on ptolemy.moml.MoMLSimpleApplication@3baccc1e
reloadAllAccessors: .transientstatemodelAdvanced

===========================================================================================
----------------- testing Mon Feb 17 23:35:55 UTC 2020 /home/travis/build/icyphy/ptII/ptolemy/domains/modal/test/auto/TransitionRefinements.xml
----------------- Instantiating /home/travis/build/icyphy/ptII/ptolemy/domains/modal/test/auto/TransitionRefinements.xml
7 ms. Memory: 308224K Free: 136828K (44%)
----------------- Invoking toplevel() on ptolemy.moml.MoMLSimpleApplication@42ef0e0
----------------- Done invoking toplevel() on ptolemy.moml.MoMLSimpleApplication@42ef0e0
reloadAllAccessors: .TransitionRefinements

===========================================================================================
----------------- testing Mon Feb 17 23:35:55 UTC 2020 /home/travis/build/icyphy/ptII/ptolemy/domains/modal/test/auto/TwoRefinements1.xml
----------------- Instantiating /home/travis/build/icyphy/ptII/ptolemy/domains/modal/test/auto/TwoRefinements1.xml
3 ms. Memory: 308224K Free: 126602K (41%)
----------------- Invoking toplevel() on ptolemy.moml.MoMLSimpleApplication@23350e40
----------------- Done invoking toplevel() on ptolemy.moml.MoMLSimpleApplication@23350e40
reloadAllAccessors: .TwoRefinements1

===========================================================================================
----------------- testing Mon Feb 17 23:35:55 UTC 2020 /home/travis/build/icyphy/ptII/ptolemy/domains/modal/test/auto/TwoRefinements2.xml
----------------- Instantiating /home/travis/build/icyphy/ptII/ptolemy/domains/modal/test/auto/TwoRefinements2.xml
2 ms. Memory: 308224K Free: 116876K (38%)
----------------- Invoking toplevel() on ptolemy.moml.MoMLSimpleApplication@1b062636
----------------- Done invoking toplevel() on ptolemy.moml.MoMLSimpleApplication@1b062636
reloadAllAccessors: .TwoRefinements2

===========================================================================================
----------------- testing Mon Feb 17 23:35:55 UTC 2020 /home/travis/build/icyphy/ptII/ptolemy/domains/modal/test/auto/WeakImmediateTransition.xml
----------------- Instantiating /home/travis/build/icyphy/ptII/ptolemy/domains/modal/test/auto/WeakImmediateTransition.xml
20 ms. Memory: 308224K Free: 287341K (93%)
----------------- Invoking toplevel() on ptolemy.moml.MoMLSimpleApplication@3817bd54
----------------- Done invoking toplevel() on ptolemy.moml.MoMLSimpleApplication@3817bd54
reloadAllAccessors: .WeakImmediateTransition

===========================================================================================
----------------- testing Mon Feb 17 23:35:55 UTC 2020 /home/travis/build/icyphy/ptII/ptolemy/domains/modal/test/auto/booleanSelect.xml
----------------- Instantiating /home/travis/build/icyphy/ptII/ptolemy/domains/modal/test/auto/booleanSelect.xml
37 ms. Memory: 308224K Free: 268646K (87%)
----------------- Invoking toplevel() on ptolemy.moml.MoMLSimpleApplication@66fb323d
----------------- Done invoking toplevel() on ptolemy.moml.MoMLSimpleApplication@66fb323d
reloadAllAccessors: .booleanSelect

===========================================================================================
----------------- testing Mon Feb 17 23:35:55 UTC 2020 /home/travis/build/icyphy/ptII/ptolemy/domains/modal/test/auto/modalChangingParams.xml
----------------- Instantiating /home/travis/build/icyphy/ptII/ptolemy/domains/modal/test/auto/modalChangingParams.xml
0
1
0
2
4
6
8
7
0
2
4
6
8
13
0
2
4
6
8
19
0
2
4
6
8
25
0
2
4
6
8
31
0
2
4
6
8
37
0
2
4
6
8
43
0
2
4
6
8
49
0
2
4
6
8
55
0
2
4
6
8
61
0
2
4
6
8
67
0
2
4
6
8
73
0
2
4
6
8
79
0
2
4
6
8
85
0
2
4
6
8
91
0
2
4
6
8
97
0
2
4
6
8
103
0
2
4
6
8
109
0
2
4
6
8
115
0
2
4
6
8
121
0
2
4
6
8
127
0
2
4
6
8
133
0
2
4
6
8
139
0
2
4
6
8
145
0
2
4
6
8
151
0
2
4
6
8
157
0
2
4
6
8
163
0
2
4
6
8
169
0
2
4
6
8
175
0
2
4
6
8
181
0
2
4
6
8
187
0
2
4
6
8
193
0
2
4
6
8
199
0
2
4
6
8
205
0
2
4
6
8
211
0
2
4
6
8
217
0
2
4
6
8
223
0
2
4
6
8
229
0
2
4
6
8
235
0
2
4
6
8
241
0
2
4
6
8
247
0
2
4
6
8
253
0
2
4
6
8
259
0
2
4
6
8
265
0
2
4
6
8
271
0
2
4
6
8
277
0
2
4
6
8
283
0
2
4
6
8
289
0
2
4
6
8
295
0
2
4
6
8
301
0
2
4
6
8
307
0
2
4
6
8
313
0
2
4
6
8
319
0
2
4
6
8
325
0
2
4
6
8
331
0
2
4
6
8
337
0
2
4
6
8
343
0
2
4
6
8
349
0
2
4
6
8
355
0
2
4
6
8
361
0
2
4
6
8
367
0
2
4
6
8
373
0
2
4
6
8
379
0
2
4
6
8
385
0
2
4
6
8
391
0
2
4
6
8
397
0
2
4
6
8
403
0
2
4
6
8
409
0
2
4
6
8
415
0
2
4
6
8
421
0
2
4
6
8
427
0
2
4
6
8
433
0
2
4
6
8
439
0
2
4
6
8
445
0
2
4
6
8
451
0
2
4
6
8
457
0
2
4
6
8
463
0
2
4
6
8
469
0
2
4
6
8
475
0
2
4
6
8
481
0
2
4
6
8
487
0
2
4
6
8
493
0
2
4
6
8
499
0
2
4
6
8
505
0
2
4
6
8
511
0
2
4
6
8
517
0
2
4
6
8
523
0
2
4
6
8
529
0
2
4
6
8
535
0
2
4
6
8
541
0
2
4
6
8
547
0
2
4
6
8
553
0
2
4
6
8
559
0
2
4
6
8
565
0
2
4
6
8
571
0
2
4
6
8
577
0
2
4
6
8
583
0
2
4
6
8
589
0
2
4
6
8
595
0
2
4
6
8
601
0
2
4
6
8
607
0
2
4
6
8
613
0
2
4
6
8
619
0
2
4
6
8
625
0
2
4
6
8
631
0
2
4
6
8
637
0
2
4
6
8
643
0
2
4
6
8
649
0
2
4
6
8
655
0
2
4
6
8
661
0
2
4
6
8
667
0
2
4
6
8
673
0
2
4
6
8
679
0
2
4
6
8
685
0
2
4
6
8
691
0
2
4
6
8
697
0
2
4
6
8
703
0
2
4
6
8
709
0
2
4
6
8
715
0
2
4
6
8
721
0
2
4
6
8
727
0
2
4
6
8
733
0
2
4
6
8
739
0
2
4
6
8
745
0
2
4
6
8
751
0
2
4
6
8
757
0
2
4
6
8
763
0
2
4
6
8
769
0
2
4
6
8
775
0
2
4
6
8
781
0
2
4
6
8
787
0
2
4
6
8
793
0
2
4
6
8
799
0
2
4
6
8
805
0
2
4
6
8
811
0
2
4
6
8
817
0
2
4
6
8
823
0
2
4
6
8
829
0
2
4
6
8
835
0
2
4
6
8
841
0
2
4
6
8
847
0
2
4
6
8
853
0
2
4
6
8
859
0
2
4
6
8
865
0
2
4
6
8
871
0
2
4
6
8
877
0
2
4
6
8
883
0
2
4
6
8
889
0
2
4
6
8
895
0
2
4
6
8
901
0
2
4
6
8
907
0
2
4
6
8
913
0
2
4
6
8
919
0
2
4
6
8
925
0
2
4
6
8
931
0
2
4
6
8
937
0
2
4
6
8
943
0
2
4
6
8
949
0
2
4
6
8
955
0
2
4
6
8
961
0
2
4
6
8
967
0
2
4
6
8
973
0
2
4
6
8
979
0
2
4
6
8
985
0
2
4
6
8
991
0
2
4
6
8
997
0
2
257 ms. Memory: 308224K Free: 153958K (50%)
----------------- Invoking toplevel() on ptolemy.moml.MoMLSimpleApplication@733f781
----------------- Done invoking toplevel() on ptolemy.moml.MoMLSimpleApplication@733f781
reloadAllAccessors: .modalChangingParams

===========================================================================================
----------------- testing Mon Feb 17 23:35:55 UTC 2020 /home/travis/build/icyphy/ptII/ptolemy/domains/modal/test/auto/modalModel.xml
----------------- Instantiating /home/travis/build/icyphy/ptII/ptolemy/domains/modal/test/auto/modalModel.xml
14 ms. Memory: 308224K Free: 145270K (47%)
----------------- Invoking toplevel() on ptolemy.moml.MoMLSimpleApplication@46ccef49
----------------- Done invoking toplevel() on ptolemy.moml.MoMLSimpleApplication@46ccef49
reloadAllAccessors: .modalModel

===========================================================================================
----------------- testing Mon Feb 17 23:35:55 UTC 2020 /home/travis/build/icyphy/ptII/ptolemy/domains/modal/test/auto/modalModel2.xml
----------------- Instantiating /home/travis/build/icyphy/ptII/ptolemy/domains/modal/test/auto/modalModel2.xml
8 ms. Memory: 308224K Free: 134502K (44%)
----------------- Invoking toplevel() on ptolemy.moml.MoMLSimpleApplication@2f8def9c
----------------- Done invoking toplevel() on ptolemy.moml.MoMLSimpleApplication@2f8def9c
reloadAllAccessors: .modalModel2

===========================================================================================
----------------- testing Mon Feb 17 23:35:55 UTC 2020 /home/travis/build/icyphy/ptII/ptolemy/domains/modal/test/auto/modalModel3.xml
----------------- Instantiating /home/travis/build/icyphy/ptII/ptolemy/domains/modal/test/auto/modalModel3.xml
0	0	0
1	0	1
4	2	2
7	4	3
10	6	4
5	0	5
8	2	6
11	4	7
14	6	8
9	0	9
12	2	10
15	4	11
18	6	12
13	0	13
16	2	14
19 ms. Memory: 308224K Free: 119670K (39%)
----------------- Invoking toplevel() on ptolemy.moml.MoMLSimpleApplication@6cfebcda
----------------- Done invoking toplevel() on ptolemy.moml.MoMLSimpleApplication@6cfebcda
reloadAllAccessors: .modalModel3

===========================================================================================
----------------- testing Mon Feb 17 23:35:55 UTC 2020 /home/travis/build/icyphy/ptII/ptolemy/domains/modal/test/auto/model1.xml
----------------- Instantiating /home/travis/build/icyphy/ptII/ptolemy/domains/modal/test/auto/model1.xml
13 ms. Memory: 308224K Free: 114022K (37%)
----------------- Invoking toplevel() on ptolemy.moml.MoMLSimpleApplication@2479311f
----------------- Done invoking toplevel() on ptolemy.moml.MoMLSimpleApplication@2479311f
reloadAllAccessors: .model1

===========================================================================================
----------------- testing Mon Feb 17 23:35:55 UTC 2020 /home/travis/build/icyphy/ptII/ptolemy/domains/modal/test/auto/test-direct-in-out.xml
----------------- Instantiating /home/travis/build/icyphy/ptII/ptolemy/domains/modal/test/auto/test-direct-in-out.xml
16 ms. Memory: 377856K Free: 356481K (94%)
----------------- Invoking toplevel() on ptolemy.moml.MoMLSimpleApplication@59eadda0
----------------- Done invoking toplevel() on ptolemy.moml.MoMLSimpleApplication@59eadda0
reloadAllAccessors: .test-direct-in-out
AutoTests.java: About to close Vertx.
AutoTests.java: Vertx closed.
]]></system-out>
  <system-err><![CDATA[java.lang.RuntimeException: Execution failed
	at ptolemy.moml.MoMLSimpleApplication$UnloadThread.run(MoMLSimpleApplication.java:402)
Caused by: ptolemy.kernel.util.IllegalActionException: Unknown inputs remain. Possible causality loop:
L_model_1893289564i

  in .CannotAnalysisWithPreemption.model_1893289564_region_1 and .CannotAnalysisWithPreemption.model_1893289564_region_1.L_model_1893289564i
	at ptolemy.actor.sched.FixedPointDirector.postfire(FixedPointDirector.java:515)
	at ptolemy.domains.sr.kernel.SRDirector.postfire(SRDirector.java:417)
	at ptolemy.actor.CompositeActor.postfire(CompositeActor.java:1668)
	at ptolemy.actor.Manager.iterate(Manager.java:852)
	at ptolemy.actor.Manager.execute(Manager.java:369)
	at ptolemy.actor.Manager.run(Manager.java:1263)
	at ptolemy.actor.Manager$PtolemyRunThread.run(Manager.java:1933)
java.lang.reflect.InvocationTargetException
	at java.base/jdk.internal.reflect.NativeConstructorAccessorImpl.newInstance0(Native Method)
	at java.base/jdk.internal.reflect.NativeConstructorAccessorImpl.newInstance(NativeConstructorAccessorImpl.java:62)
	at java.base/jdk.internal.reflect.DelegatingConstructorAccessorImpl.newInstance(DelegatingConstructorAccessorImpl.java:45)
	at java.base/java.lang.reflect.Constructor.newInstance(Constructor.java:490)
	at ptolemy.util.test.junit.AutoKnownFailedTests.RunModel(AutoKnownFailedTests.java:105)
	at java.base/jdk.internal.reflect.NativeMethodAccessorImpl.invoke0(Native Method)
	at java.base/jdk.internal.reflect.NativeMethodAccessorImpl.invoke(NativeMethodAccessorImpl.java:62)
	at java.base/jdk.internal.reflect.DelegatingMethodAccessorImpl.invoke(DelegatingMethodAccessorImpl.java:43)
	at java.base/java.lang.reflect.Method.invoke(Method.java:566)
	at org.junit.runners.model.FrameworkMethod$1.runReflectiveCall(FrameworkMethod.java:44)
	at org.junit.internal.runners.model.ReflectiveCallable.run(ReflectiveCallable.java:15)
	at org.junit.runners.model.FrameworkMethod.invokeExplosively(FrameworkMethod.java:41)
	at junitparams.internal.InvokeParameterisedMethod.evaluate(InvokeParameterisedMethod.java:102)
	at org.junit.internal.runners.statements.FailOnTimeout$1.run(FailOnTimeout.java:28)
Caused by: ptolemy.kernel.util.IllegalActionException: Unknown inputs remain. Possible causality loop:
L_model_1893289564i

  in .CannotAnalysisWithPreemption.model_1893289564_region_1 and .CannotAnalysisWithPreemption.model_1893289564_region_1.L_model_1893289564i
	at ptolemy.actor.sched.FixedPointDirector.postfire(FixedPointDirector.java:515)
	at ptolemy.domains.sr.kernel.SRDirector.postfire(SRDirector.java:417)
	at ptolemy.actor.CompositeActor.postfire(CompositeActor.java:1668)
	at ptolemy.actor.Manager.iterate(Manager.java:852)
	at ptolemy.actor.Manager.execute(Manager.java:369)
	at ptolemy.actor.Manager.run(Manager.java:1263)
	at ptolemy.actor.Manager$PtolemyRunThread.run(Manager.java:1933)
]]></system-err>
</testsuite>
