<?xml version="1.0" encoding="UTF-8" ?>
<testsuite errors="0" failures="0" hostname="travis-job-d67f1f80-2959-4f32-9999-f2712cb0fc06" name="ptolemy.domains.continuous.test.junit.JUnitTclTest" skipped="0" tests="156" time="72.312" timestamp="2018-10-25T02:31:46">
  <properties>
[...]
</properties>
  <testcase classname="ptolemy.util.test.junit.TclTests" name="[0] ThereAreNoTclTests (RunTclFile)" time="0.001" />
  <testcase classname="ptolemy.util.test.junit.AutoKnownFailedTests" name="[0] ThereAreNoKnowFailedTests (RunModel)" time="0.001" />
  <testcase classname="ptolemy.util.test.junit.AutoNameArchTests" name="[0] ThereAreNoAutoArchTests (RunModel)" time="0.001" />
  <testcase classname="ptolemy.util.test.junit.AutoTests" name="[0] /home/travis/build/icyphy/ptII/ptolemy/domains/continuous/test/auto/BouncingBall.xml (RunModel)" time="2.949" />
  <testcase classname="ptolemy.util.test.junit.AutoTests" name="[1] /home/travis/build/icyphy/ptII/ptolemy/domains/continuous/test/auto/BouncingBallWithoutGR.xml (RunModel)" time="0.917" />
  <testcase classname="ptolemy.util.test.junit.AutoTests" name="[2] /home/travis/build/icyphy/ptII/ptolemy/domains/continuous/test/auto/Brownian.xml (RunModel)" time="0.119" />
  <testcase classname="ptolemy.util.test.junit.AutoTests" name="[3] /home/travis/build/icyphy/ptII/ptolemy/domains/continuous/test/auto/CarTracking.xml (RunModel)" time="3.625" />
  <testcase classname="ptolemy.util.test.junit.AutoTests" name="[4] /home/travis/build/icyphy/ptII/ptolemy/domains/continuous/test/auto/CartPendulum.xml (RunModel)" time="0.559" />
  <testcase classname="ptolemy.util.test.junit.AutoTests" name="[5] /home/travis/build/icyphy/ptII/ptolemy/domains/continuous/test/auto/CausalityInterface10.xml (RunModel)" time="0.059" />
  <testcase classname="ptolemy.util.test.junit.AutoTests" name="[6] /home/travis/build/icyphy/ptII/ptolemy/domains/continuous/test/auto/CausalityInterface11.xml (RunModel)" time="0.038" />
  <testcase classname="ptolemy.util.test.junit.AutoTests" name="[7] /home/travis/build/icyphy/ptII/ptolemy/domains/continuous/test/auto/CausalityInterface12.xml (RunModel)" time="0.022" />
  <testcase classname="ptolemy.util.test.junit.AutoTests" name="[8] /home/travis/build/icyphy/ptII/ptolemy/domains/continuous/test/auto/CausalityInterface13.xml (RunModel)" time="0.027" />
  <testcase classname="ptolemy.util.test.junit.AutoTests" name="[9] /home/travis/build/icyphy/ptII/ptolemy/domains/continuous/test/auto/CausalityInterface14.xml (RunModel)" time="0.031" />
  <testcase classname="ptolemy.util.test.junit.AutoTests" name="[10] /home/travis/build/icyphy/ptII/ptolemy/domains/continuous/test/auto/CausalityInterface4.xml (RunModel)" time="0.031" />
  <testcase classname="ptolemy.util.test.junit.AutoTests" name="[11] /home/travis/build/icyphy/ptII/ptolemy/domains/continuous/test/auto/CausalityInterface5.xml (RunModel)" time="0.033" />
  <testcase classname="ptolemy.util.test.junit.AutoTests" name="[12] /home/travis/build/icyphy/ptII/ptolemy/domains/continuous/test/auto/CausalityInterface6.xml (RunModel)" time="0.023" />
  <testcase classname="ptolemy.util.test.junit.AutoTests" name="[13] /home/travis/build/icyphy/ptII/ptolemy/domains/continuous/test/auto/CausalityInterface7.xml (RunModel)" time="0.051" />
  <testcase classname="ptolemy.util.test.junit.AutoTests" name="[14] /home/travis/build/icyphy/ptII/ptolemy/domains/continuous/test/auto/CausalityInterface8.xml (RunModel)" time="0.043" />
  <testcase classname="ptolemy.util.test.junit.AutoTests" name="[15] /home/travis/build/icyphy/ptII/ptolemy/domains/continuous/test/auto/CausalityInterface9.xml (RunModel)" time="0.06" />
  <testcase classname="ptolemy.util.test.junit.AutoTests" name="[16] /home/travis/build/icyphy/ptII/ptolemy/domains/continuous/test/auto/CausalityInterfaceFeedback1.xml (RunModel)" time="0.027" />
  <testcase classname="ptolemy.util.test.junit.AutoTests" name="[17] /home/travis/build/icyphy/ptII/ptolemy/domains/continuous/test/auto/CausalityInterfaceFeedback2.xml (RunModel)" time="0.035" />
  <testcase classname="ptolemy.util.test.junit.AutoTests" name="[18] /home/travis/build/icyphy/ptII/ptolemy/domains/continuous/test/auto/CompareWithCurrentTime.xml (RunModel)" time="0.028" />
  <testcase classname="ptolemy.util.test.junit.AutoTests" name="[19] /home/travis/build/icyphy/ptII/ptolemy/domains/continuous/test/auto/ComparedClocks.xml (RunModel)" time="0.089" />
  <testcase classname="ptolemy.util.test.junit.AutoTests" name="[20] /home/travis/build/icyphy/ptII/ptolemy/domains/continuous/test/auto/ContinuousAOCClone.xml (RunModel)" time="2.552" />
  <testcase classname="ptolemy.util.test.junit.AutoTests" name="[21] /home/travis/build/icyphy/ptII/ptolemy/domains/continuous/test/auto/ContinuousClock.xml (RunModel)" time="0.102" />
  <testcase classname="ptolemy.util.test.junit.AutoTests" name="[22] /home/travis/build/icyphy/ptII/ptolemy/domains/continuous/test/auto/ContinuousInContinuous.xml (RunModel)" time="0.078" />
  <testcase classname="ptolemy.util.test.junit.AutoTests" name="[23] /home/travis/build/icyphy/ptII/ptolemy/domains/continuous/test/auto/ContinuousInContinuousInContinuous.xml (RunModel)" time="0.035" />
  <testcase classname="ptolemy.util.test.junit.AutoTests" name="[24] /home/travis/build/icyphy/ptII/ptolemy/domains/continuous/test/auto/ContinuousInDE.xml (RunModel)" time="0.135" />
  <testcase classname="ptolemy.util.test.junit.AutoTests" name="[25] /home/travis/build/icyphy/ptII/ptolemy/domains/continuous/test/auto/ContinuousInDE2.xml (RunModel)" time="0.071" />
  <testcase classname="ptolemy.util.test.junit.AutoTests" name="[26] /home/travis/build/icyphy/ptII/ptolemy/domains/continuous/test/auto/ContinuousInDE3.xml (RunModel)" time="0.054" />
  <testcase classname="ptolemy.util.test.junit.AutoTests" name="[27] /home/travis/build/icyphy/ptII/ptolemy/domains/continuous/test/auto/ContinuousInDE4.xml (RunModel)" time="0.039" />
  <testcase classname="ptolemy.util.test.junit.AutoTests" name="[28] /home/travis/build/icyphy/ptII/ptolemy/domains/continuous/test/auto/ContinuousInDEDifferentRefinements.xml (RunModel)" time="0.113" />
  <testcase classname="ptolemy.util.test.junit.AutoTests" name="[29] /home/travis/build/icyphy/ptII/ptolemy/domains/continuous/test/auto/ContinuousInDEDifferentRefinementsPreemptive.xml (RunModel)" time="0.093" />
  <testcase classname="ptolemy.util.test.junit.AutoTests" name="[30] /home/travis/build/icyphy/ptII/ptolemy/domains/continuous/test/auto/ContinuousInDEInContinuous2.xml (RunModel)" time="0.063" />
  <testcase classname="ptolemy.util.test.junit.AutoTests" name="[31] /home/travis/build/icyphy/ptII/ptolemy/domains/continuous/test/auto/ContinuousInDEInContinuous3.xml (RunModel)" time="0.058" />
  <testcase classname="ptolemy.util.test.junit.AutoTests" name="[32] /home/travis/build/icyphy/ptII/ptolemy/domains/continuous/test/auto/ContinuousInDEInput.xml (RunModel)" time="0.039" />
  <testcase classname="ptolemy.util.test.junit.AutoTests" name="[33] /home/travis/build/icyphy/ptII/ptolemy/domains/continuous/test/auto/ContinuousInDEInput2.xml (RunModel)" time="0.04" />
  <testcase classname="ptolemy.util.test.junit.AutoTests" name="[34] /home/travis/build/icyphy/ptII/ptolemy/domains/continuous/test/auto/ContinuousInDEInput3.xml (RunModel)" time="0.032" />
  <testcase classname="ptolemy.util.test.junit.AutoTests" name="[35] /home/travis/build/icyphy/ptII/ptolemy/domains/continuous/test/auto/ContinuousInDESharingRefinement.xml (RunModel)" time="0.184" />
  <testcase classname="ptolemy.util.test.junit.AutoTests" name="[36] /home/travis/build/icyphy/ptII/ptolemy/domains/continuous/test/auto/ContinuousInDEwithNoPorts.xml (RunModel)" time="0.018" />
  <testcase classname="ptolemy.util.test.junit.AutoTests" name="[37] /home/travis/build/icyphy/ptII/ptolemy/domains/continuous/test/auto/ContinuousInsideDE.xml (RunModel)" time="0.085" />
  <testcase classname="ptolemy.util.test.junit.AutoTests" name="[38] /home/travis/build/icyphy/ptII/ptolemy/domains/continuous/test/auto/ContinuousMerge1.xml (RunModel)" time="0.021" />
  <testcase classname="ptolemy.util.test.junit.AutoTests" name="[39] /home/travis/build/icyphy/ptII/ptolemy/domains/continuous/test/auto/ContinuousMerge2.xml (RunModel)" time="0.057" />
  <testcase classname="ptolemy.util.test.junit.AutoTests" name="[40] /home/travis/build/icyphy/ptII/ptolemy/domains/continuous/test/auto/ContinuousMerge3.xml (RunModel)" time="0.066" />
  <testcase classname="ptolemy.util.test.junit.AutoTests" name="[41] /home/travis/build/icyphy/ptII/ptolemy/domains/continuous/test/auto/ContinuousWithinContinuous.xml (RunModel)" time="0.057" />
  <testcase classname="ptolemy.util.test.junit.AutoTests" name="[42] /home/travis/build/icyphy/ptII/ptolemy/domains/continuous/test/auto/ContinuousWithinContinuous2.xml (RunModel)" time="0.079" />
  <testcase classname="ptolemy.util.test.junit.AutoTests" name="[43] /home/travis/build/icyphy/ptII/ptolemy/domains/continuous/test/auto/ContinuousWithinContinuous3.xml (RunModel)" time="0.035" />
  <testcase classname="ptolemy.util.test.junit.AutoTests" name="[44] /home/travis/build/icyphy/ptII/ptolemy/domains/continuous/test/auto/ContinuousWithinContinuous4.xml (RunModel)" time="0.099" />
  <testcase classname="ptolemy.util.test.junit.AutoTests" name="[45] /home/travis/build/icyphy/ptII/ptolemy/domains/continuous/test/auto/ContinuousWithinContinuous5.xml (RunModel)" time="0.028" />
  <testcase classname="ptolemy.util.test.junit.AutoTests" name="[46] /home/travis/build/icyphy/ptII/ptolemy/domains/continuous/test/auto/ContinuousWithinContinuous6.xml (RunModel)" time="0.029" />
  <testcase classname="ptolemy.util.test.junit.AutoTests" name="[47] /home/travis/build/icyphy/ptII/ptolemy/domains/continuous/test/auto/ContinuousWithinContinuous7.xml (RunModel)" time="0.065" />
  <testcase classname="ptolemy.util.test.junit.AutoTests" name="[48] /home/travis/build/icyphy/ptII/ptolemy/domains/continuous/test/auto/DCMotor.xml (RunModel)" time="13.489" />
  <testcase classname="ptolemy.util.test.junit.AutoTests" name="[49] /home/travis/build/icyphy/ptII/ptolemy/domains/continuous/test/auto/DEInContinuous.xml (RunModel)" time="0.023" />
  <testcase classname="ptolemy.util.test.junit.AutoTests" name="[50] /home/travis/build/icyphy/ptII/ptolemy/domains/continuous/test/auto/DEinContinuous2.xml (RunModel)" time="0.029" />
  <testcase classname="ptolemy.util.test.junit.AutoTests" name="[51] /home/travis/build/icyphy/ptII/ptolemy/domains/continuous/test/auto/Derivative.xml (RunModel)" time="0.176" />
  <testcase classname="ptolemy.util.test.junit.AutoTests" name="[52] /home/travis/build/icyphy/ptII/ptolemy/domains/continuous/test/auto/Derivative1.xml (RunModel)" time="0.061" />
  <testcase classname="ptolemy.util.test.junit.AutoTests" name="[53] /home/travis/build/icyphy/ptII/ptolemy/domains/continuous/test/auto/DiscreteClock.xml (RunModel)" time="0.015" />
  <testcase classname="ptolemy.util.test.junit.AutoTests" name="[54] /home/travis/build/icyphy/ptII/ptolemy/domains/continuous/test/auto/EfficiencyCurve.xml (RunModel)" time="0.124" />
  <testcase classname="ptolemy.util.test.junit.AutoTests" name="[55] /home/travis/build/icyphy/ptII/ptolemy/domains/continuous/test/auto/ExponentialResponse.xml (RunModel)" time="0.117" />
  <testcase classname="ptolemy.util.test.junit.AutoTests" name="[56] /home/travis/build/icyphy/ptII/ptolemy/domains/continuous/test/auto/ExponentialResponseRK45.xml (RunModel)" time="0.036" />
  <testcase classname="ptolemy.util.test.junit.AutoTests" name="[57] /home/travis/build/icyphy/ptII/ptolemy/domains/continuous/test/auto/Friction.xml (RunModel)" time="1.411" />
  <testcase classname="ptolemy.util.test.junit.AutoTests" name="[58] /home/travis/build/icyphy/ptII/ptolemy/domains/continuous/test/auto/FurutaPendulum.xml (RunModel)" time="3.357" />
  <testcase classname="ptolemy.util.test.junit.AutoTests" name="[59] /home/travis/build/icyphy/ptII/ptolemy/domains/continuous/test/auto/HierarchicalExecution.xml (RunModel)" time="1.867" />
  <testcase classname="ptolemy.util.test.junit.AutoTests" name="[60] /home/travis/build/icyphy/ptII/ptolemy/domains/continuous/test/auto/HybridPlant.xml (RunModel)" time="0.535" />
  <testcase classname="ptolemy.util.test.junit.AutoTests" name="[61] /home/travis/build/icyphy/ptII/ptolemy/domains/continuous/test/auto/Hysteresis.xml (RunModel)" time="0.175" />
  <testcase classname="ptolemy.util.test.junit.AutoTests" name="[62] /home/travis/build/icyphy/ptII/ptolemy/domains/continuous/test/auto/HysteresisWithRandomDelay.xml (RunModel)" time="0.212" />
  <testcase classname="ptolemy.util.test.junit.AutoTests" name="[63] /home/travis/build/icyphy/ptII/ptolemy/domains/continuous/test/auto/HysteresisWithRandomLosses.xml (RunModel)" time="2.236" />
  <testcase classname="ptolemy.util.test.junit.AutoTests" name="[64] /home/travis/build/icyphy/ptII/ptolemy/domains/continuous/test/auto/ImmediateTransitions.xml (RunModel)" time="0.03" />
  <testcase classname="ptolemy.util.test.junit.AutoTests" name="[65] /home/travis/build/icyphy/ptII/ptolemy/domains/continuous/test/auto/ImpulseFeedback.xml (RunModel)" time="0.025" />
  <testcase classname="ptolemy.util.test.junit.AutoTests" name="[66] /home/travis/build/icyphy/ptII/ptolemy/domains/continuous/test/auto/ImpulseFeedback2.xml (RunModel)" time="0.019" />
  <testcase classname="ptolemy.util.test.junit.AutoTests" name="[67] /home/travis/build/icyphy/ptII/ptolemy/domains/continuous/test/auto/IncreasingRatePoisson.xml (RunModel)" time="0.72" />
  <testcase classname="ptolemy.util.test.junit.AutoTests" name="[68] /home/travis/build/icyphy/ptII/ptolemy/domains/continuous/test/auto/InitialStateFeedback.xml (RunModel)" time="0.018" />
  <testcase classname="ptolemy.util.test.junit.AutoTests" name="[69] /home/travis/build/icyphy/ptII/ptolemy/domains/continuous/test/auto/Integration.xml (RunModel)" time="0.018" />
  <testcase classname="ptolemy.util.test.junit.AutoTests" name="[70] /home/travis/build/icyphy/ptII/ptolemy/domains/continuous/test/auto/Integration2.xml (RunModel)" time="0.088" />
  <testcase classname="ptolemy.util.test.junit.AutoTests" name="[71] /home/travis/build/icyphy/ptII/ptolemy/domains/continuous/test/auto/Integration3.xml (RunModel)" time="0.014" />
  <testcase classname="ptolemy.util.test.junit.AutoTests" name="[72] /home/travis/build/icyphy/ptII/ptolemy/domains/continuous/test/auto/Integration5.xml (RunModel)" time="0.031" />
  <testcase classname="ptolemy.util.test.junit.AutoTests" name="[73] /home/travis/build/icyphy/ptII/ptolemy/domains/continuous/test/auto/IntegratorImpulse.xml (RunModel)" time="0.014" />
  <testcase classname="ptolemy.util.test.junit.AutoTests" name="[74] /home/travis/build/icyphy/ptII/ptolemy/domains/continuous/test/auto/IntegratorImpulse2.xml (RunModel)" time="0.015" />
  <testcase classname="ptolemy.util.test.junit.AutoTests" name="[75] /home/travis/build/icyphy/ptII/ptolemy/domains/continuous/test/auto/LevelCrossing1.xml (RunModel)" time="0.013" />
  <testcase classname="ptolemy.util.test.junit.AutoTests" name="[76] /home/travis/build/icyphy/ptII/ptolemy/domains/continuous/test/auto/LevelCrossing2.xml (RunModel)" time="0.013" />
  <testcase classname="ptolemy.util.test.junit.AutoTests" name="[77] /home/travis/build/icyphy/ptII/ptolemy/domains/continuous/test/auto/LevelCrossing3.xml (RunModel)" time="0.013" />
  <testcase classname="ptolemy.util.test.junit.AutoTests" name="[78] /home/travis/build/icyphy/ptII/ptolemy/domains/continuous/test/auto/LevelCrossing4.xml (RunModel)" time="0.017" />
  <testcase classname="ptolemy.util.test.junit.AutoTests" name="[79] /home/travis/build/icyphy/ptII/ptolemy/domains/continuous/test/auto/LevelCrossing5.xml (RunModel)" time="0.013" />
  <testcase classname="ptolemy.util.test.junit.AutoTests" name="[80] /home/travis/build/icyphy/ptII/ptolemy/domains/continuous/test/auto/LevelCrossing6.xml (RunModel)" time="0.012" />
  <testcase classname="ptolemy.util.test.junit.AutoTests" name="[81] /home/travis/build/icyphy/ptII/ptolemy/domains/continuous/test/auto/LevelCrossingDetector.xml (RunModel)" time="0.04" />
  <testcase classname="ptolemy.util.test.junit.AutoTests" name="[82] /home/travis/build/icyphy/ptII/ptolemy/domains/continuous/test/auto/LevelCrossingDetectorDetectingDirections.xml (RunModel)" time="0.081" />
  <testcase classname="ptolemy.util.test.junit.AutoTests" name="[83] /home/travis/build/icyphy/ptII/ptolemy/domains/continuous/test/auto/LevelCrossingDetectorDetectsGlitches.xml (RunModel)" time="0.07" />
  <testcase classname="ptolemy.util.test.junit.AutoTests" name="[84] /home/travis/build/icyphy/ptII/ptolemy/domains/continuous/test/auto/LevelCrossingNoInitialOuput.xml (RunModel)" time="0.015" />
  <testcase classname="ptolemy.util.test.junit.AutoTests" name="[85] /home/travis/build/icyphy/ptII/ptolemy/domains/continuous/test/auto/LinearStateSpaceExample.xml (RunModel)" time="0.066" />
  <testcase classname="ptolemy.util.test.junit.AutoTests" name="[86] /home/travis/build/icyphy/ptII/ptolemy/domains/continuous/test/auto/Lorenz.xml (RunModel)" time="3.995" />
  <testcase classname="ptolemy.util.test.junit.AutoTests" name="[87] /home/travis/build/icyphy/ptII/ptolemy/domains/continuous/test/auto/LorenzDifferentialSystem.xml (RunModel)" time="1.131" />
  <testcase classname="ptolemy.util.test.junit.AutoTests" name="[88] /home/travis/build/icyphy/ptII/ptolemy/domains/continuous/test/auto/LorenzDifferentialSystemWithInput.xml (RunModel)" time="1.322" />
  <testcase classname="ptolemy.util.test.junit.AutoTests" name="[89] /home/travis/build/icyphy/ptII/ptolemy/domains/continuous/test/auto/LorenzDifferentialSystemWithTime.xml (RunModel)" time="0.734" />
  <testcase classname="ptolemy.util.test.junit.AutoTests" name="[90] /home/travis/build/icyphy/ptII/ptolemy/domains/continuous/test/auto/Microsteps.xml (RunModel)" time="0.034" />
  <testcase classname="ptolemy.util.test.junit.AutoTests" name="[91] /home/travis/build/icyphy/ptII/ptolemy/domains/continuous/test/auto/Modal1.xml (RunModel)" time="0.043" />
  <testcase classname="ptolemy.util.test.junit.AutoTests" name="[92] /home/travis/build/icyphy/ptII/ptolemy/domains/continuous/test/auto/Modal2.xml (RunModel)" time="0.052" />
  <testcase classname="ptolemy.util.test.junit.AutoTests" name="[93] /home/travis/build/icyphy/ptII/ptolemy/domains/continuous/test/auto/ModalTransitionGuardWithReset.xml (RunModel)" time="0.034" />
  <testcase classname="ptolemy.util.test.junit.AutoTests" name="[94] /home/travis/build/icyphy/ptII/ptolemy/domains/continuous/test/auto/ModalTransitionGuardWithResetUsingPreemptiveTransition.xml (RunModel)" time="0.026" />
  <testcase classname="ptolemy.util.test.junit.AutoTests" name="[95] /home/travis/build/icyphy/ptII/ptolemy/domains/continuous/test/auto/ModalTransitionGuardWithResetUsingPreemptiveTransition2.xml (RunModel)" time="0.035" />
  <testcase classname="ptolemy.util.test.junit.AutoTests" name="[96] /home/travis/build/icyphy/ptII/ptolemy/domains/continuous/test/auto/ModalTransitionGuardWithResetUsingPreemptiveTransition3.xml (RunModel)" time="0.039" />
  <testcase classname="ptolemy.util.test.junit.AutoTests" name="[97] /home/travis/build/icyphy/ptII/ptolemy/domains/continuous/test/auto/NewtonsCradle.xml (RunModel)" time="0.787" />
  <testcase classname="ptolemy.util.test.junit.AutoTests" name="[98] /home/travis/build/icyphy/ptII/ptolemy/domains/continuous/test/auto/NewtonsCradleAnimated.xml (RunModel)" time="1.269" />
  <testcase classname="ptolemy.util.test.junit.AutoTests" name="[99] /home/travis/build/icyphy/ptII/ptolemy/domains/continuous/test/auto/NewtonsCradleComplicated.xml (RunModel)" time="0.86" />
  <testcase classname="ptolemy.util.test.junit.AutoTests" name="[100] /home/travis/build/icyphy/ptII/ptolemy/domains/continuous/test/auto/NewtonsCradleNondeterministic.xml (RunModel)" time="0.664" />
  <testcase classname="ptolemy.util.test.junit.AutoTests" name="[101] /home/travis/build/icyphy/ptII/ptolemy/domains/continuous/test/auto/NewtonsCradlePerfectlyInelastic1.xml (RunModel)" time="1.209" />
  <testcase classname="ptolemy.util.test.junit.AutoTests" name="[102] /home/travis/build/icyphy/ptII/ptolemy/domains/continuous/test/auto/Noise.xml (RunModel)" time="0.162" />
  <testcase classname="ptolemy.util.test.junit.AutoTests" name="[103] /home/travis/build/icyphy/ptII/ptolemy/domains/continuous/test/auto/NoiseSpectrum.xml (RunModel)" time="0.715" />
  <testcase classname="ptolemy.util.test.junit.AutoTests" name="[104] /home/travis/build/icyphy/ptII/ptolemy/domains/continuous/test/auto/ParameterizedNewtonsCradleAnimated.xml (RunModel)" time="0.348" />
  <testcase classname="ptolemy.util.test.junit.AutoTests" name="[105] /home/travis/build/icyphy/ptII/ptolemy/domains/continuous/test/auto/ParameterizedNewtonsCradleAnimatedNondeterministic.xml (RunModel)" time="1.156" />
  <testcase classname="ptolemy.util.test.junit.AutoTests" name="[106] /home/travis/build/icyphy/ptII/ptolemy/domains/continuous/test/auto/Pendulum3D.xml (RunModel)" time="0.185" />
  <testcase classname="ptolemy.util.test.junit.AutoTests" name="[107] /home/travis/build/icyphy/ptII/ptolemy/domains/continuous/test/auto/PeriodicSampler.xml (RunModel)" time="0.011" />
  <testcase classname="ptolemy.util.test.junit.AutoTests" name="[108] /home/travis/build/icyphy/ptII/ptolemy/domains/continuous/test/auto/PeriodicSampler1.xml (RunModel)" time="0.047" />
  <testcase classname="ptolemy.util.test.junit.AutoTests" name="[109] /home/travis/build/icyphy/ptII/ptolemy/domains/continuous/test/auto/PeriodicSampler2.xml (RunModel)" time="0.08" />
  <testcase classname="ptolemy.util.test.junit.AutoTests" name="[110] /home/travis/build/icyphy/ptII/ptolemy/domains/continuous/test/auto/Poisson.xml (RunModel)" time="0.456" />
  <testcase classname="ptolemy.util.test.junit.AutoTests" name="[111] /home/travis/build/icyphy/ptII/ptolemy/domains/continuous/test/auto/PoissonClock.xml (RunModel)" time="0.012" />
  <testcase classname="ptolemy.util.test.junit.AutoTests" name="[112] /home/travis/build/icyphy/ptII/ptolemy/domains/continuous/test/auto/PoissonClock2.xml (RunModel)" time="0.014" />
  <testcase classname="ptolemy.util.test.junit.AutoTests" name="[113] /home/travis/build/icyphy/ptII/ptolemy/domains/continuous/test/auto/PortParameterHierarchy.xml (RunModel)" time="0.016" />
  <testcase classname="ptolemy.util.test.junit.AutoTests" name="[114] /home/travis/build/icyphy/ptII/ptolemy/domains/continuous/test/auto/RandomHybridPlant.xml (RunModel)" time="0.514" />
  <testcase classname="ptolemy.util.test.junit.AutoTests" name="[115] /home/travis/build/icyphy/ptII/ptolemy/domains/continuous/test/auto/ResetTransitionWithStartTime1.xml (RunModel)" time="0.027" />
  <testcase classname="ptolemy.util.test.junit.AutoTests" name="[116] /home/travis/build/icyphy/ptII/ptolemy/domains/continuous/test/auto/ResetTransitionWithStartTime2.xml (RunModel)" time="0.042" />
  <testcase classname="ptolemy.util.test.junit.AutoTests" name="[117] /home/travis/build/icyphy/ptII/ptolemy/domains/continuous/test/auto/ResetTransitionWithStartTime3.xml (RunModel)" time="0.04" />
  <testcase classname="ptolemy.util.test.junit.AutoTests" name="[118] /home/travis/build/icyphy/ptII/ptolemy/domains/continuous/test/auto/ResetTransitionWithStartTime4.xml (RunModel)" time="0.024" />
  <testcase classname="ptolemy.util.test.junit.AutoTests" name="[119] /home/travis/build/icyphy/ptII/ptolemy/domains/continuous/test/auto/ResetTransitionWithStartTime5.xml (RunModel)" time="0.031" />
  <testcase classname="ptolemy.util.test.junit.AutoTests" name="[120] /home/travis/build/icyphy/ptII/ptolemy/domains/continuous/test/auto/ResetTransitionWithStartTime6.xml (RunModel)" time="0.039" />
  <testcase classname="ptolemy.util.test.junit.AutoTests" name="[121] /home/travis/build/icyphy/ptII/ptolemy/domains/continuous/test/auto/SRinContinuous.xml (RunModel)" time="0.028" />
  <testcase classname="ptolemy.util.test.junit.AutoTests" name="[122] /home/travis/build/icyphy/ptII/ptolemy/domains/continuous/test/auto/SampledClocks.xml (RunModel)" time="0.024" />
  <testcase classname="ptolemy.util.test.junit.AutoTests" name="[123] /home/travis/build/icyphy/ptII/ptolemy/domains/continuous/test/auto/Satellite.xml (RunModel)" time="0.783" />
  <testcase classname="ptolemy.util.test.junit.AutoTests" name="[124] /home/travis/build/icyphy/ptII/ptolemy/domains/continuous/test/auto/SigmaDelta.xml (RunModel)" time="2.234" />
  <testcase classname="ptolemy.util.test.junit.AutoTests" name="[125] /home/travis/build/icyphy/ptII/ptolemy/domains/continuous/test/auto/SingleRefinement.xml (RunModel)" time="0.485" />
  <testcase classname="ptolemy.util.test.junit.AutoTests" name="[126] /home/travis/build/icyphy/ptII/ptolemy/domains/continuous/test/auto/SinuBouncingBall.xml (RunModel)" time="0.858" />
  <testcase classname="ptolemy.util.test.junit.AutoTests" name="[127] /home/travis/build/icyphy/ptII/ptolemy/domains/continuous/test/auto/Sinusoid.xml (RunModel)" time="0.018" />
  <testcase classname="ptolemy.util.test.junit.AutoTests" name="[128] /home/travis/build/icyphy/ptII/ptolemy/domains/continuous/test/auto/SinusoidInNoise.xml (RunModel)" time="1.023" />
  <testcase classname="ptolemy.util.test.junit.AutoTests" name="[129] /home/travis/build/icyphy/ptII/ptolemy/domains/continuous/test/auto/SinusoidRK45.xml (RunModel)" time="0.01" />
  <testcase classname="ptolemy.util.test.junit.AutoTests" name="[130] /home/travis/build/icyphy/ptII/ptolemy/domains/continuous/test/auto/SinusoidWithMultipleImpulses.xml (RunModel)" time="0.011" />
  <testcase classname="ptolemy.util.test.junit.AutoTests" name="[131] /home/travis/build/icyphy/ptII/ptolemy/domains/continuous/test/auto/SquareWave.xml (RunModel)" time="0.186" />
  <testcase classname="ptolemy.util.test.junit.AutoTests" name="[132] /home/travis/build/icyphy/ptII/ptolemy/domains/continuous/test/auto/Starmac.xml (RunModel)" time="3.408" />
  <testcase classname="ptolemy.util.test.junit.AutoTests" name="[133] /home/travis/build/icyphy/ptII/ptolemy/domains/continuous/test/auto/StaticUnits.xml (RunModel)" time="2.563" />
  <testcase classname="ptolemy.util.test.junit.AutoTests" name="[134] /home/travis/build/icyphy/ptII/ptolemy/domains/continuous/test/auto/StickyMasses.xml (RunModel)" time="0.17" />
  <testcase classname="ptolemy.util.test.junit.AutoTests" name="[135] /home/travis/build/icyphy/ptII/ptolemy/domains/continuous/test/auto/StopTime.xml (RunModel)" time="0.05" />
  <testcase classname="ptolemy.util.test.junit.AutoTests" name="[136] /home/travis/build/icyphy/ptII/ptolemy/domains/continuous/test/auto/StopTime2.xml (RunModel)" time="0.055" />
  <testcase classname="ptolemy.util.test.junit.AutoTests" name="[137] /home/travis/build/icyphy/ptII/ptolemy/domains/continuous/test/auto/Switch.xml (RunModel)" time="0.053" />
  <testcase classname="ptolemy.util.test.junit.AutoTests" name="[138] /home/travis/build/icyphy/ptII/ptolemy/domains/continuous/test/auto/Thermostat.xml (RunModel)" time="0.208" />
  <testcase classname="ptolemy.util.test.junit.AutoTests" name="[139] /home/travis/build/icyphy/ptII/ptolemy/domains/continuous/test/auto/TimeDelay.xml (RunModel)" time="0.013" />
  <testcase classname="ptolemy.util.test.junit.AutoTests" name="[140] /home/travis/build/icyphy/ptII/ptolemy/domains/continuous/test/auto/TimeDelay2.xml (RunModel)" time="0.017" />
  <testcase classname="ptolemy.util.test.junit.AutoTests" name="[141] /home/travis/build/icyphy/ptII/ptolemy/domains/continuous/test/auto/TimeDelay3.xml (RunModel)" time="0.017" />
  <testcase classname="ptolemy.util.test.junit.AutoTests" name="[142] /home/travis/build/icyphy/ptII/ptolemy/domains/continuous/test/auto/TransferAbsentToInside.xml (RunModel)" time="0.108" />
  <testcase classname="ptolemy.util.test.junit.AutoTests" name="[143] /home/travis/build/icyphy/ptII/ptolemy/domains/continuous/test/auto/Transmission.xml (RunModel)" time="0.726" />
  <testcase classname="ptolemy.util.test.junit.AutoTests" name="[144] /home/travis/build/icyphy/ptII/ptolemy/domains/continuous/test/auto/TriggeredContinuousClock.xml (RunModel)" time="0.069" />
  <testcase classname="ptolemy.util.test.junit.AutoTests" name="[145] /home/travis/build/icyphy/ptII/ptolemy/domains/continuous/test/auto/TwoMachineInfiniteBusControl.xml (RunModel)" time="2.667" />
  <testcase classname="ptolemy.util.test.junit.AutoTests" name="[146] /home/travis/build/icyphy/ptII/ptolemy/domains/continuous/test/auto/V2V.xml (RunModel)" time="0.743" />
  <testcase classname="ptolemy.util.test.junit.AutoTests" name="[147] /home/travis/build/icyphy/ptII/ptolemy/domains/continuous/test/auto/hierarchicalModalModel.xml (RunModel)" time="0.036" />
  <testcase classname="ptolemy.util.test.junit.AutoTests" name="[148] /home/travis/build/icyphy/ptII/ptolemy/domains/continuous/test/auto/hierarchicalModalModel1.xml (RunModel)" time="0.03" />
  <testcase classname="ptolemy.util.test.junit.AutoTests" name="[149] /home/travis/build/icyphy/ptII/ptolemy/domains/continuous/test/auto/hierarchicalModalModel2.xml (RunModel)" time="0.029" />
  <testcase classname="ptolemy.util.test.junit.AutoTests" name="[150] /home/travis/build/icyphy/ptII/ptolemy/domains/continuous/test/auto/hierarchicalModalModel3.xml (RunModel)" time="0.025" />
  <testcase classname="ptolemy.util.test.junit.AutoTests" name="[151] /home/travis/build/icyphy/ptII/ptolemy/domains/continuous/test/auto/hierarchicalModalModel4.xml (RunModel)" time="0.027" />
  <testcase classname="ptolemy.util.test.junit.AutoTests" name="[152] /home/travis/build/icyphy/ptII/ptolemy/domains/continuous/test/auto/junk.xml (RunModel)" time="0.24" />
  <system-out><![CDATA[No tcl tests in /home/travis/build/icyphy/ptII/ptolemy/domains/continuous/test
No auto/knownFailedTests/*.xml tests in /home/travis/build/icyphy/ptII/ptolemy/domains/continuous/test
No auto/linux-amd64/*.xml tests in /home/travis/build/icyphy/ptII/ptolemy/domains/continuous/test
AutoTests.java: About to close Vertx.
AutoTests.java: Vertx closed.

===========================================================================================
----------------- testing Thu Oct 25 02:31:46 UTC 2018 /home/travis/build/icyphy/ptII/ptolemy/domains/continuous/test/auto/BouncingBall.xml
----------------- Instantiating /home/travis/build/icyphy/ptII/ptolemy/domains/continuous/test/auto/BouncingBall.xml
2498 ms. Memory: 331776K Free: 255320K (77%)
----------------- Invoking toplevel() on ptolemy.moml.MoMLSimpleApplication@82a81b8
----------------- Done invoking toplevel() on ptolemy.moml.MoMLSimpleApplication@82a81b8
reloadAllAccessors: .BouncingBall

===========================================================================================
----------------- testing Thu Oct 25 02:31:49 UTC 2018 /home/travis/build/icyphy/ptII/ptolemy/domains/continuous/test/auto/BouncingBallWithoutGR.xml
----------------- Instantiating /home/travis/build/icyphy/ptII/ptolemy/domains/continuous/test/auto/BouncingBallWithoutGR.xml
756 ms. Memory: 331776K Free: 312793K (94%)
----------------- Invoking toplevel() on ptolemy.moml.MoMLSimpleApplication@e1ac64c
----------------- Done invoking toplevel() on ptolemy.moml.MoMLSimpleApplication@e1ac64c
reloadAllAccessors: .BouncingBallWithoutGR

===========================================================================================
----------------- testing Thu Oct 25 02:31:50 UTC 2018 /home/travis/build/icyphy/ptII/ptolemy/domains/continuous/test/auto/Brownian.xml
----------------- Instantiating /home/travis/build/icyphy/ptII/ptolemy/domains/continuous/test/auto/Brownian.xml
39 ms. Memory: 331776K Free: 298835K (90%)
----------------- Invoking toplevel() on ptolemy.moml.MoMLSimpleApplication@5b4525f6
----------------- Done invoking toplevel() on ptolemy.moml.MoMLSimpleApplication@5b4525f6
reloadAllAccessors: .Brownian

===========================================================================================
----------------- testing Thu Oct 25 02:31:50 UTC 2018 /home/travis/build/icyphy/ptII/ptolemy/domains/continuous/test/auto/CarTracking.xml
----------------- Instantiating /home/travis/build/icyphy/ptII/ptolemy/domains/continuous/test/auto/CarTracking.xml
3217 ms. Memory: 578048K Free: 454043K (79%)
----------------- Invoking toplevel() on ptolemy.moml.MoMLSimpleApplication@d7f79a3
----------------- Done invoking toplevel() on ptolemy.moml.MoMLSimpleApplication@d7f79a3
reloadAllAccessors: .CarTracking

===========================================================================================
----------------- testing Thu Oct 25 02:31:54 UTC 2018 /home/travis/build/icyphy/ptII/ptolemy/domains/continuous/test/auto/CartPendulum.xml
----------------- Instantiating /home/travis/build/icyphy/ptII/ptolemy/domains/continuous/test/auto/CartPendulum.xml
429 ms. Memory: 578048K Free: 349506K (60%)
----------------- Invoking toplevel() on ptolemy.moml.MoMLSimpleApplication@49bd5d5b
----------------- Done invoking toplevel() on ptolemy.moml.MoMLSimpleApplication@49bd5d5b
reloadAllAccessors: .CartPendulum

===========================================================================================
----------------- testing Thu Oct 25 02:31:54 UTC 2018 /home/travis/build/icyphy/ptII/ptolemy/domains/continuous/test/auto/CausalityInterface10.xml
----------------- Instantiating /home/travis/build/icyphy/ptII/ptolemy/domains/continuous/test/auto/CausalityInterface10.xml
12 ms. Memory: 578048K Free: 336405K (58%)
----------------- Invoking toplevel() on ptolemy.moml.MoMLSimpleApplication@4b029a77
----------------- Done invoking toplevel() on ptolemy.moml.MoMLSimpleApplication@4b029a77
reloadAllAccessors: .CausalityInterface10

===========================================================================================
----------------- testing Thu Oct 25 02:31:54 UTC 2018 /home/travis/build/icyphy/ptII/ptolemy/domains/continuous/test/auto/CausalityInterface11.xml
----------------- Instantiating /home/travis/build/icyphy/ptII/ptolemy/domains/continuous/test/auto/CausalityInterface11.xml
7 ms. Memory: 578048K Free: 326569K (56%)
----------------- Invoking toplevel() on ptolemy.moml.MoMLSimpleApplication@3e436041
----------------- Done invoking toplevel() on ptolemy.moml.MoMLSimpleApplication@3e436041
reloadAllAccessors: .CausalityInterface11

===========================================================================================
----------------- testing Thu Oct 25 02:31:54 UTC 2018 /home/travis/build/icyphy/ptII/ptolemy/domains/continuous/test/auto/CausalityInterface12.xml
----------------- Instantiating /home/travis/build/icyphy/ptII/ptolemy/domains/continuous/test/auto/CausalityInterface12.xml
4 ms. Memory: 578048K Free: 316740K (55%)
----------------- Invoking toplevel() on ptolemy.moml.MoMLSimpleApplication@52578d15
----------------- Done invoking toplevel() on ptolemy.moml.MoMLSimpleApplication@52578d15
reloadAllAccessors: .CausalityInterface12

===========================================================================================
----------------- testing Thu Oct 25 02:31:54 UTC 2018 /home/travis/build/icyphy/ptII/ptolemy/domains/continuous/test/auto/CausalityInterface13.xml
----------------- Instantiating /home/travis/build/icyphy/ptII/ptolemy/domains/continuous/test/auto/CausalityInterface13.xml
3 ms. Memory: 578048K Free: 303753K (53%)
----------------- Invoking toplevel() on ptolemy.moml.MoMLSimpleApplication@6182d8e5
----------------- Done invoking toplevel() on ptolemy.moml.MoMLSimpleApplication@6182d8e5
reloadAllAccessors: .CausalityInterface13

===========================================================================================
----------------- testing Thu Oct 25 02:31:54 UTC 2018 /home/travis/build/icyphy/ptII/ptolemy/domains/continuous/test/auto/CausalityInterface14.xml
----------------- Instantiating /home/travis/build/icyphy/ptII/ptolemy/domains/continuous/test/auto/CausalityInterface14.xml
12 ms. Memory: 578048K Free: 293916K (51%)
----------------- Invoking toplevel() on ptolemy.moml.MoMLSimpleApplication@6baf9bae
----------------- Done invoking toplevel() on ptolemy.moml.MoMLSimpleApplication@6baf9bae
reloadAllAccessors: .CausalityInterface14

===========================================================================================
----------------- testing Thu Oct 25 02:31:55 UTC 2018 /home/travis/build/icyphy/ptII/ptolemy/domains/continuous/test/auto/CausalityInterface4.xml
----------------- Instantiating /home/travis/build/icyphy/ptII/ptolemy/domains/continuous/test/auto/CausalityInterface4.xml
8 ms. Memory: 578048K Free: 284080K (49%)
----------------- Invoking toplevel() on ptolemy.moml.MoMLSimpleApplication@46d88f09
----------------- Done invoking toplevel() on ptolemy.moml.MoMLSimpleApplication@46d88f09
reloadAllAccessors: .CausalityInterface4

===========================================================================================
----------------- testing Thu Oct 25 02:31:55 UTC 2018 /home/travis/build/icyphy/ptII/ptolemy/domains/continuous/test/auto/CausalityInterface5.xml
----------------- Instantiating /home/travis/build/icyphy/ptII/ptolemy/domains/continuous/test/auto/CausalityInterface5.xml
3 ms. Memory: 578048K Free: 270971K (47%)
----------------- Invoking toplevel() on ptolemy.moml.MoMLSimpleApplication@7885911e
----------------- Done invoking toplevel() on ptolemy.moml.MoMLSimpleApplication@7885911e
reloadAllAccessors: .CausalityInterface5

===========================================================================================
----------------- testing Thu Oct 25 02:31:55 UTC 2018 /home/travis/build/icyphy/ptII/ptolemy/domains/continuous/test/auto/CausalityInterface6.xml
----------------- Instantiating /home/travis/build/icyphy/ptII/ptolemy/domains/continuous/test/auto/CausalityInterface6.xml
3 ms. Memory: 578048K Free: 257974K (45%)
----------------- Invoking toplevel() on ptolemy.moml.MoMLSimpleApplication@23122a5
----------------- Done invoking toplevel() on ptolemy.moml.MoMLSimpleApplication@23122a5
reloadAllAccessors: .CausalityInterface6

===========================================================================================
----------------- testing Thu Oct 25 02:31:55 UTC 2018 /home/travis/build/icyphy/ptII/ptolemy/domains/continuous/test/auto/CausalityInterface7.xml
----------------- Instantiating /home/travis/build/icyphy/ptII/ptolemy/domains/continuous/test/auto/CausalityInterface7.xml
9 ms. Memory: 578048K Free: 244880K (42%)
----------------- Invoking toplevel() on ptolemy.moml.MoMLSimpleApplication@280908b8
----------------- Done invoking toplevel() on ptolemy.moml.MoMLSimpleApplication@280908b8
reloadAllAccessors: .CausalityInterface7

===========================================================================================
----------------- testing Thu Oct 25 02:31:55 UTC 2018 /home/travis/build/icyphy/ptII/ptolemy/domains/continuous/test/auto/CausalityInterface8.xml
----------------- Instantiating /home/travis/build/icyphy/ptII/ptolemy/domains/continuous/test/auto/CausalityInterface8.xml
6 ms. Memory: 578048K Free: 231770K (40%)
----------------- Invoking toplevel() on ptolemy.moml.MoMLSimpleApplication@1828d2dd
----------------- Done invoking toplevel() on ptolemy.moml.MoMLSimpleApplication@1828d2dd
reloadAllAccessors: .CausalityInterface8

===========================================================================================
----------------- testing Thu Oct 25 02:31:55 UTC 2018 /home/travis/build/icyphy/ptII/ptolemy/domains/continuous/test/auto/CausalityInterface9.xml
----------------- Instantiating /home/travis/build/icyphy/ptII/ptolemy/domains/continuous/test/auto/CausalityInterface9.xml
10 ms. Memory: 578048K Free: 215371K (37%)
----------------- Invoking toplevel() on ptolemy.moml.MoMLSimpleApplication@43ff5b37
----------------- Done invoking toplevel() on ptolemy.moml.MoMLSimpleApplication@43ff5b37
reloadAllAccessors: .CausalityInterface9

===========================================================================================
----------------- testing Thu Oct 25 02:31:55 UTC 2018 /home/travis/build/icyphy/ptII/ptolemy/domains/continuous/test/auto/CausalityInterfaceFeedback1.xml
----------------- Instantiating /home/travis/build/icyphy/ptII/ptolemy/domains/continuous/test/auto/CausalityInterfaceFeedback1.xml
5 ms. Memory: 578048K Free: 202391K (35%)
----------------- Invoking toplevel() on ptolemy.moml.MoMLSimpleApplication@45610acd
----------------- Done invoking toplevel() on ptolemy.moml.MoMLSimpleApplication@45610acd
reloadAllAccessors: .CausalityInterfaceFeedback1

===========================================================================================
----------------- testing Thu Oct 25 02:31:55 UTC 2018 /home/travis/build/icyphy/ptII/ptolemy/domains/continuous/test/auto/CausalityInterfaceFeedback2.xml
----------------- Instantiating /home/travis/build/icyphy/ptII/ptolemy/domains/continuous/test/auto/CausalityInterfaceFeedback2.xml
5 ms. Memory: 578048K Free: 192555K (33%)
----------------- Invoking toplevel() on ptolemy.moml.MoMLSimpleApplication@11aed8c7
----------------- Done invoking toplevel() on ptolemy.moml.MoMLSimpleApplication@11aed8c7
reloadAllAccessors: .CausalityInterfaceFeedback2

===========================================================================================
----------------- testing Thu Oct 25 02:31:55 UTC 2018 /home/travis/build/icyphy/ptII/ptolemy/domains/continuous/test/auto/CompareWithCurrentTime.xml
----------------- Instantiating /home/travis/build/icyphy/ptII/ptolemy/domains/continuous/test/auto/CompareWithCurrentTime.xml
2 ms. Memory: 578048K Free: 186008K (32%)
----------------- Invoking toplevel() on ptolemy.moml.MoMLSimpleApplication@76dbf78a
----------------- Done invoking toplevel() on ptolemy.moml.MoMLSimpleApplication@76dbf78a
reloadAllAccessors: .CompareWithCurrentTime

===========================================================================================
----------------- testing Thu Oct 25 02:31:55 UTC 2018 /home/travis/build/icyphy/ptII/ptolemy/domains/continuous/test/auto/ComparedClocks.xml
----------------- Instantiating /home/travis/build/icyphy/ptII/ptolemy/domains/continuous/test/auto/ComparedClocks.xml
16 ms. Memory: 578048K Free: 166335K (29%)
----------------- Invoking toplevel() on ptolemy.moml.MoMLSimpleApplication@1a543cf4
----------------- Done invoking toplevel() on ptolemy.moml.MoMLSimpleApplication@1a543cf4
reloadAllAccessors: .ComparedClocks

===========================================================================================
----------------- testing Thu Oct 25 02:31:55 UTC 2018 /home/travis/build/icyphy/ptII/ptolemy/domains/continuous/test/auto/ContinuousAOCClone.xml
----------------- Instantiating /home/travis/build/icyphy/ptII/ptolemy/domains/continuous/test/auto/ContinuousAOCClone.xml
2310 ms. Memory: 872448K Free: 417693K (48%)
----------------- Invoking toplevel() on ptolemy.moml.MoMLSimpleApplication@5fb28e25
----------------- Done invoking toplevel() on ptolemy.moml.MoMLSimpleApplication@5fb28e25
reloadAllAccessors: .ContinuousAOCClone

===========================================================================================
----------------- testing Thu Oct 25 02:31:58 UTC 2018 /home/travis/build/icyphy/ptII/ptolemy/domains/continuous/test/auto/ContinuousClock.xml
----------------- Instantiating /home/travis/build/icyphy/ptII/ptolemy/domains/continuous/test/auto/ContinuousClock.xml
38 ms. Memory: 872448K Free: 384477K (44%)
----------------- Invoking toplevel() on ptolemy.moml.MoMLSimpleApplication@4d306303
----------------- Done invoking toplevel() on ptolemy.moml.MoMLSimpleApplication@4d306303
reloadAllAccessors: .ContinuousClock

===========================================================================================
----------------- testing Thu Oct 25 02:31:58 UTC 2018 /home/travis/build/icyphy/ptII/ptolemy/domains/continuous/test/auto/ContinuousInContinuous.xml
----------------- Instantiating /home/travis/build/icyphy/ptII/ptolemy/domains/continuous/test/auto/ContinuousInContinuous.xml
37 ms. Memory: 872448K Free: 353020K (40%)
----------------- Invoking toplevel() on ptolemy.moml.MoMLSimpleApplication@11bd6e63
----------------- Done invoking toplevel() on ptolemy.moml.MoMLSimpleApplication@11bd6e63
reloadAllAccessors: .ContinuousInContinuous

===========================================================================================
----------------- testing Thu Oct 25 02:31:58 UTC 2018 /home/travis/build/icyphy/ptII/ptolemy/domains/continuous/test/auto/ContinuousInContinuousInContinuous.xml
----------------- Instantiating /home/travis/build/icyphy/ptII/ptolemy/domains/continuous/test/auto/ContinuousInContinuousInContinuous.xml
11 ms. Memory: 872448K Free: 337296K (39%)
----------------- Invoking toplevel() on ptolemy.moml.MoMLSimpleApplication@31f92147
----------------- Done invoking toplevel() on ptolemy.moml.MoMLSimpleApplication@31f92147
reloadAllAccessors: .ContinuousInContinuousInContinuous

===========================================================================================
----------------- testing Thu Oct 25 02:31:58 UTC 2018 /home/travis/build/icyphy/ptII/ptolemy/domains/continuous/test/auto/ContinuousInDE.xml
----------------- Instantiating /home/travis/build/icyphy/ptII/ptolemy/domains/continuous/test/auto/ContinuousInDE.xml
110 ms. Memory: 872448K Free: 321588K (37%)
----------------- Invoking toplevel() on ptolemy.moml.MoMLSimpleApplication@412e09f7
----------------- Done invoking toplevel() on ptolemy.moml.MoMLSimpleApplication@412e09f7
reloadAllAccessors: .ContinuousInDE

===========================================================================================
----------------- testing Thu Oct 25 02:31:58 UTC 2018 /home/travis/build/icyphy/ptII/ptolemy/domains/continuous/test/auto/ContinuousInDE2.xml
----------------- Instantiating /home/travis/build/icyphy/ptII/ptolemy/domains/continuous/test/auto/ContinuousInDE2.xml
45 ms. Memory: 872448K Free: 302453K (35%)
----------------- Invoking toplevel() on ptolemy.moml.MoMLSimpleApplication@260cc646
----------------- Done invoking toplevel() on ptolemy.moml.MoMLSimpleApplication@260cc646
reloadAllAccessors: .ContinuousInDE2

===========================================================================================
----------------- testing Thu Oct 25 02:31:58 UTC 2018 /home/travis/build/icyphy/ptII/ptolemy/domains/continuous/test/auto/ContinuousInDE3.xml
----------------- Instantiating /home/travis/build/icyphy/ptII/ptolemy/domains/continuous/test/auto/ContinuousInDE3.xml
32 ms. Memory: 872448K Free: 286745K (33%)
----------------- Invoking toplevel() on ptolemy.moml.MoMLSimpleApplication@64eff695
----------------- Done invoking toplevel() on ptolemy.moml.MoMLSimpleApplication@64eff695
reloadAllAccessors: .ContinuousInDE3

===========================================================================================
----------------- testing Thu Oct 25 02:31:58 UTC 2018 /home/travis/build/icyphy/ptII/ptolemy/domains/continuous/test/auto/ContinuousInDE4.xml
----------------- Instantiating /home/travis/build/icyphy/ptII/ptolemy/domains/continuous/test/auto/ContinuousInDE4.xml
17 ms. Memory: 872448K Free: 276272K (32%)
----------------- Invoking toplevel() on ptolemy.moml.MoMLSimpleApplication@7390b2a2
----------------- Done invoking toplevel() on ptolemy.moml.MoMLSimpleApplication@7390b2a2
reloadAllAccessors: .ContinuousInDE4

===========================================================================================
----------------- testing Thu Oct 25 02:31:58 UTC 2018 /home/travis/build/icyphy/ptII/ptolemy/domains/continuous/test/auto/ContinuousInDEDifferentRefinements.xml
----------------- Instantiating /home/travis/build/icyphy/ptII/ptolemy/domains/continuous/test/auto/ContinuousInDEDifferentRefinements.xml
63 ms. Memory: 872448K Free: 239572K (27%)
----------------- Invoking toplevel() on ptolemy.moml.MoMLSimpleApplication@53f2541e
----------------- Done invoking toplevel() on ptolemy.moml.MoMLSimpleApplication@53f2541e
reloadAllAccessors: .ContinuousInDEDifferentRefinements

===========================================================================================
----------------- testing Thu Oct 25 02:31:58 UTC 2018 /home/travis/build/icyphy/ptII/ptolemy/domains/continuous/test/auto/ContinuousInDEDifferentRefinementsPreemptive.xml
----------------- Instantiating /home/travis/build/icyphy/ptII/ptolemy/domains/continuous/test/auto/ContinuousInDEDifferentRefinementsPreemptive.xml
45 ms. Memory: 872448K Free: 199437K (23%)
----------------- Invoking toplevel() on ptolemy.moml.MoMLSimpleApplication@53303547
----------------- Done invoking toplevel() on ptolemy.moml.MoMLSimpleApplication@53303547
reloadAllAccessors: .ContinuousInDEDifferentRefinementsPreemptive

===========================================================================================
----------------- testing Thu Oct 25 02:31:58 UTC 2018 /home/travis/build/icyphy/ptII/ptolemy/domains/continuous/test/auto/ContinuousInDEInContinuous2.xml
----------------- Instantiating /home/travis/build/icyphy/ptII/ptolemy/domains/continuous/test/auto/ContinuousInDEInContinuous2.xml
36 ms. Memory: 872448K Free: 183712K (21%)
----------------- Invoking toplevel() on ptolemy.moml.MoMLSimpleApplication@6eca353f
----------------- Done invoking toplevel() on ptolemy.moml.MoMLSimpleApplication@6eca353f
reloadAllAccessors: .ContinuousInDEInContinuous2

===========================================================================================
----------------- testing Thu Oct 25 02:31:58 UTC 2018 /home/travis/build/icyphy/ptII/ptolemy/domains/continuous/test/auto/ContinuousInDEInContinuous3.xml
----------------- Instantiating /home/travis/build/icyphy/ptII/ptolemy/domains/continuous/test/auto/ContinuousInDEInContinuous3.xml
33 ms. Memory: 872448K Free: 162752K (19%)
----------------- Invoking toplevel() on ptolemy.moml.MoMLSimpleApplication@10c85cb4
----------------- Done invoking toplevel() on ptolemy.moml.MoMLSimpleApplication@10c85cb4
reloadAllAccessors: .ContinuousInDEInContinuous3

===========================================================================================
----------------- testing Thu Oct 25 02:31:58 UTC 2018 /home/travis/build/icyphy/ptII/ptolemy/domains/continuous/test/auto/ContinuousInDEInput.xml
----------------- Instantiating /home/travis/build/icyphy/ptII/ptolemy/domains/continuous/test/auto/ContinuousInDEInput.xml
17 ms. Memory: 872448K Free: 152280K (17%)
----------------- Invoking toplevel() on ptolemy.moml.MoMLSimpleApplication@2aadf629
----------------- Done invoking toplevel() on ptolemy.moml.MoMLSimpleApplication@2aadf629
reloadAllAccessors: .ContinuousInDEInput

===========================================================================================
----------------- testing Thu Oct 25 02:31:58 UTC 2018 /home/travis/build/icyphy/ptII/ptolemy/domains/continuous/test/auto/ContinuousInDEInput2.xml
----------------- Instantiating /home/travis/build/icyphy/ptII/ptolemy/domains/continuous/test/auto/ContinuousInDEInput2.xml
16 ms. Memory: 872448K Free: 138381K (16%)
----------------- Invoking toplevel() on ptolemy.moml.MoMLSimpleApplication@5fb151ba
----------------- Done invoking toplevel() on ptolemy.moml.MoMLSimpleApplication@5fb151ba
reloadAllAccessors: .ContinuousInDEInput2

===========================================================================================
----------------- testing Thu Oct 25 02:31:58 UTC 2018 /home/travis/build/icyphy/ptII/ptolemy/domains/continuous/test/auto/ContinuousInDEInput3.xml
----------------- Instantiating /home/travis/build/icyphy/ptII/ptolemy/domains/continuous/test/auto/ContinuousInDEInput3.xml
14 ms. Memory: 872448K Free: 127909K (15%)
----------------- Invoking toplevel() on ptolemy.moml.MoMLSimpleApplication@59399c73
----------------- Done invoking toplevel() on ptolemy.moml.MoMLSimpleApplication@59399c73
reloadAllAccessors: .ContinuousInDEInput3

===========================================================================================
----------------- testing Thu Oct 25 02:31:59 UTC 2018 /home/travis/build/icyphy/ptII/ptolemy/domains/continuous/test/auto/ContinuousInDESharingRefinement.xml
----------------- Instantiating /home/travis/build/icyphy/ptII/ptolemy/domains/continuous/test/auto/ContinuousInDESharingRefinement.xml
148 ms. Memory: 829952K Free: 770667K (93%)
----------------- Invoking toplevel() on ptolemy.moml.MoMLSimpleApplication@613a8376
----------------- Done invoking toplevel() on ptolemy.moml.MoMLSimpleApplication@613a8376
reloadAllAccessors: .ContinuousInDESharingRefinement

===========================================================================================
----------------- testing Thu Oct 25 02:31:59 UTC 2018 /home/travis/build/icyphy/ptII/ptolemy/domains/continuous/test/auto/ContinuousInDEwithNoPorts.xml
----------------- Instantiating /home/travis/build/icyphy/ptII/ptolemy/domains/continuous/test/auto/ContinuousInDEwithNoPorts.xml
6 ms. Memory: 829952K Free: 758450K (91%)
----------------- Invoking toplevel() on ptolemy.moml.MoMLSimpleApplication@4ea02d96
----------------- Done invoking toplevel() on ptolemy.moml.MoMLSimpleApplication@4ea02d96
reloadAllAccessors: .ContinuousInDEwithNoPorts

===========================================================================================
----------------- testing Thu Oct 25 02:31:59 UTC 2018 /home/travis/build/icyphy/ptII/ptolemy/domains/continuous/test/auto/ContinuousInsideDE.xml
----------------- Instantiating /home/travis/build/icyphy/ptII/ptolemy/domains/continuous/test/auto/ContinuousInsideDE.xml
51 ms. Memory: 829952K Free: 739593K (89%)
----------------- Invoking toplevel() on ptolemy.moml.MoMLSimpleApplication@38487627
----------------- Done invoking toplevel() on ptolemy.moml.MoMLSimpleApplication@38487627
reloadAllAccessors: .ContinuousInsideDE

===========================================================================================
----------------- testing Thu Oct 25 02:31:59 UTC 2018 /home/travis/build/icyphy/ptII/ptolemy/domains/continuous/test/auto/ContinuousMerge1.xml
----------------- Instantiating /home/travis/build/icyphy/ptII/ptolemy/domains/continuous/test/auto/ContinuousMerge1.xml
3 ms. Memory: 829952K Free: 729919K (88%)
----------------- Invoking toplevel() on ptolemy.moml.MoMLSimpleApplication@5d2a1a2b
----------------- Done invoking toplevel() on ptolemy.moml.MoMLSimpleApplication@5d2a1a2b
reloadAllAccessors: .ContinuousMerge1

===========================================================================================
----------------- testing Thu Oct 25 02:31:59 UTC 2018 /home/travis/build/icyphy/ptII/ptolemy/domains/continuous/test/auto/ContinuousMerge2.xml
----------------- Instantiating /home/travis/build/icyphy/ptII/ptolemy/domains/continuous/test/auto/ContinuousMerge2.xml
15 ms. Memory: 829952K Free: 714942K (86%)
----------------- Invoking toplevel() on ptolemy.moml.MoMLSimpleApplication@61870b91
----------------- Done invoking toplevel() on ptolemy.moml.MoMLSimpleApplication@61870b91
reloadAllAccessors: .ContinuousMerge2

===========================================================================================
----------------- testing Thu Oct 25 02:31:59 UTC 2018 /home/travis/build/icyphy/ptII/ptolemy/domains/continuous/test/auto/ContinuousMerge3.xml
----------------- Instantiating /home/travis/build/icyphy/ptII/ptolemy/domains/continuous/test/auto/ContinuousMerge3.xml
36 ms. Memory: 829952K Free: 699965K (84%)
----------------- Invoking toplevel() on ptolemy.moml.MoMLSimpleApplication@147aee87
----------------- Done invoking toplevel() on ptolemy.moml.MoMLSimpleApplication@147aee87
reloadAllAccessors: .ContinuousMerge3

===========================================================================================
----------------- testing Thu Oct 25 02:31:59 UTC 2018 /home/travis/build/icyphy/ptII/ptolemy/domains/continuous/test/auto/ContinuousWithinContinuous.xml
----------------- Instantiating /home/travis/build/icyphy/ptII/ptolemy/domains/continuous/test/auto/ContinuousWithinContinuous.xml
34 ms. Memory: 829952K Free: 682795K (82%)
----------------- Invoking toplevel() on ptolemy.moml.MoMLSimpleApplication@3cea4508
----------------- Done invoking toplevel() on ptolemy.moml.MoMLSimpleApplication@3cea4508
reloadAllAccessors: .ContinuousWithinContinuous

===========================================================================================
----------------- testing Thu Oct 25 02:31:59 UTC 2018 /home/travis/build/icyphy/ptII/ptolemy/domains/continuous/test/auto/ContinuousWithinContinuous2.xml
----------------- Instantiating /home/travis/build/icyphy/ptII/ptolemy/domains/continuous/test/auto/ContinuousWithinContinuous2.xml
63 ms. Memory: 829952K Free: 671574K (81%)
----------------- Invoking toplevel() on ptolemy.moml.MoMLSimpleApplication@3e1cf08
----------------- Done invoking toplevel() on ptolemy.moml.MoMLSimpleApplication@3e1cf08
reloadAllAccessors: .ContinuousWithinContinuous2

===========================================================================================
----------------- testing Thu Oct 25 02:31:59 UTC 2018 /home/travis/build/icyphy/ptII/ptolemy/domains/continuous/test/auto/ContinuousWithinContinuous3.xml
----------------- Instantiating /home/travis/build/icyphy/ptII/ptolemy/domains/continuous/test/auto/ContinuousWithinContinuous3.xml
16 ms. Memory: 829952K Free: 660346K (80%)
----------------- Invoking toplevel() on ptolemy.moml.MoMLSimpleApplication@e6f0e84
----------------- Done invoking toplevel() on ptolemy.moml.MoMLSimpleApplication@e6f0e84
reloadAllAccessors: .ContinuousWithinContinuous3

===========================================================================================
----------------- testing Thu Oct 25 02:31:59 UTC 2018 /home/travis/build/icyphy/ptII/ptolemy/domains/continuous/test/auto/ContinuousWithinContinuous4.xml
----------------- Instantiating /home/travis/build/icyphy/ptII/ptolemy/domains/continuous/test/auto/ContinuousWithinContinuous4.xml
66 ms. Memory: 829952K Free: 639451K (77%)
----------------- Invoking toplevel() on ptolemy.moml.MoMLSimpleApplication@70fa4311
----------------- Done invoking toplevel() on ptolemy.moml.MoMLSimpleApplication@70fa4311
reloadAllAccessors: .ContinuousWithinContinuous4

===========================================================================================
----------------- testing Thu Oct 25 02:31:59 UTC 2018 /home/travis/build/icyphy/ptII/ptolemy/domains/continuous/test/auto/ContinuousWithinContinuous5.xml
----------------- Instantiating /home/travis/build/icyphy/ptII/ptolemy/domains/continuous/test/auto/ContinuousWithinContinuous5.xml
12 ms. Memory: 829952K Free: 628214K (76%)
----------------- Invoking toplevel() on ptolemy.moml.MoMLSimpleApplication@795c6569
----------------- Done invoking toplevel() on ptolemy.moml.MoMLSimpleApplication@795c6569
reloadAllAccessors: .ContinuousWithinContinuous5

===========================================================================================
----------------- testing Thu Oct 25 02:31:59 UTC 2018 /home/travis/build/icyphy/ptII/ptolemy/domains/continuous/test/auto/ContinuousWithinContinuous6.xml
----------------- Instantiating /home/travis/build/icyphy/ptII/ptolemy/domains/continuous/test/auto/ContinuousWithinContinuous6.xml
12 ms. Memory: 829952K Free: 614784K (74%)
----------------- Invoking toplevel() on ptolemy.moml.MoMLSimpleApplication@2a7ad7fa
----------------- Done invoking toplevel() on ptolemy.moml.MoMLSimpleApplication@2a7ad7fa
reloadAllAccessors: .ContinuousWithinContinuous6

===========================================================================================
----------------- testing Thu Oct 25 02:31:59 UTC 2018 /home/travis/build/icyphy/ptII/ptolemy/domains/continuous/test/auto/ContinuousWithinContinuous7.xml
----------------- Instantiating /home/travis/build/icyphy/ptII/ptolemy/domains/continuous/test/auto/ContinuousWithinContinuous7.xml
50 ms. Memory: 829952K Free: 599816K (72%)
----------------- Invoking toplevel() on ptolemy.moml.MoMLSimpleApplication@68a57cb1
----------------- Done invoking toplevel() on ptolemy.moml.MoMLSimpleApplication@68a57cb1
reloadAllAccessors: .ContinuousWithinContinuous7

===========================================================================================
----------------- testing Thu Oct 25 02:31:59 UTC 2018 /home/travis/build/icyphy/ptII/ptolemy/domains/continuous/test/auto/DCMotor.xml
----------------- Instantiating /home/travis/build/icyphy/ptII/ptolemy/domains/continuous/test/auto/DCMotor.xml
13401 ms. Memory: 667648K Free: 495298K (74%)
----------------- Invoking toplevel() on ptolemy.moml.MoMLSimpleApplication@1655a887
----------------- Done invoking toplevel() on ptolemy.moml.MoMLSimpleApplication@1655a887
reloadAllAccessors: .DCMotor

===========================================================================================
----------------- testing Thu Oct 25 02:32:13 UTC 2018 /home/travis/build/icyphy/ptII/ptolemy/domains/continuous/test/auto/DEInContinuous.xml
----------------- Instantiating /home/travis/build/icyphy/ptII/ptolemy/domains/continuous/test/auto/DEInContinuous.xml
11 ms. Memory: 667648K Free: 480698K (72%)
----------------- Invoking toplevel() on ptolemy.moml.MoMLSimpleApplication@490e73dd
----------------- Done invoking toplevel() on ptolemy.moml.MoMLSimpleApplication@490e73dd
reloadAllAccessors: .DEInContinuous

===========================================================================================
----------------- testing Thu Oct 25 02:32:13 UTC 2018 /home/travis/build/icyphy/ptII/ptolemy/domains/continuous/test/auto/DEinContinuous2.xml
----------------- Instantiating /home/travis/build/icyphy/ptII/ptolemy/domains/continuous/test/auto/DEinContinuous2.xml
7 ms. Memory: 667648K Free: 461936K (69%)
----------------- Invoking toplevel() on ptolemy.moml.MoMLSimpleApplication@368409c2
----------------- Done invoking toplevel() on ptolemy.moml.MoMLSimpleApplication@368409c2
reloadAllAccessors: .DEinContinuous2

===========================================================================================
----------------- testing Thu Oct 25 02:32:13 UTC 2018 /home/travis/build/icyphy/ptII/ptolemy/domains/continuous/test/auto/Derivative.xml
----------------- Instantiating /home/travis/build/icyphy/ptII/ptolemy/domains/continuous/test/auto/Derivative.xml
128 ms. Memory: 667648K Free: 419656K (63%)
----------------- Invoking toplevel() on ptolemy.moml.MoMLSimpleApplication@7de0fbe
----------------- Done invoking toplevel() on ptolemy.moml.MoMLSimpleApplication@7de0fbe
reloadAllAccessors: .Derivative2

===========================================================================================
----------------- testing Thu Oct 25 02:32:13 UTC 2018 /home/travis/build/icyphy/ptII/ptolemy/domains/continuous/test/auto/Derivative1.xml
----------------- Instantiating /home/travis/build/icyphy/ptII/ptolemy/domains/continuous/test/auto/Derivative1.xml
24 ms. Memory: 667648K Free: 402061K (60%)
----------------- Invoking toplevel() on ptolemy.moml.MoMLSimpleApplication@7311bfa4
----------------- Done invoking toplevel() on ptolemy.moml.MoMLSimpleApplication@7311bfa4
reloadAllAccessors: .Derivative1

===========================================================================================
----------------- testing Thu Oct 25 02:32:13 UTC 2018 /home/travis/build/icyphy/ptII/ptolemy/domains/continuous/test/auto/DiscreteClock.xml
----------------- Instantiating /home/travis/build/icyphy/ptII/ptolemy/domains/continuous/test/auto/DiscreteClock.xml
4 ms. Memory: 667648K Free: 389161K (58%)
----------------- Invoking toplevel() on ptolemy.moml.MoMLSimpleApplication@434cb7fc
----------------- Done invoking toplevel() on ptolemy.moml.MoMLSimpleApplication@434cb7fc
reloadAllAccessors: .DiscreteClock

===========================================================================================
----------------- testing Thu Oct 25 02:32:13 UTC 2018 /home/travis/build/icyphy/ptII/ptolemy/domains/continuous/test/auto/EfficiencyCurve.xml
----------------- Instantiating /home/travis/build/icyphy/ptII/ptolemy/domains/continuous/test/auto/EfficiencyCurve.xml
81 ms. Memory: 667648K Free: 376261K (56%)
----------------- Invoking toplevel() on ptolemy.moml.MoMLSimpleApplication@6c07be8a
----------------- Done invoking toplevel() on ptolemy.moml.MoMLSimpleApplication@6c07be8a
reloadAllAccessors: .EfficiencyCurve

===========================================================================================
----------------- testing Thu Oct 25 02:32:13 UTC 2018 /home/travis/build/icyphy/ptII/ptolemy/domains/continuous/test/auto/ExponentialResponse.xml
----------------- Instantiating /home/travis/build/icyphy/ptII/ptolemy/domains/continuous/test/auto/ExponentialResponse.xml
99 ms. Memory: 667648K Free: 349001K (52%)
----------------- Invoking toplevel() on ptolemy.moml.MoMLSimpleApplication@57dd635f
----------------- Done invoking toplevel() on ptolemy.moml.MoMLSimpleApplication@57dd635f
reloadAllAccessors: .ExponentialResponse

===========================================================================================
----------------- testing Thu Oct 25 02:32:13 UTC 2018 /home/travis/build/icyphy/ptII/ptolemy/domains/continuous/test/auto/ExponentialResponseRK45.xml
----------------- Instantiating /home/travis/build/icyphy/ptII/ptolemy/domains/continuous/test/auto/ExponentialResponseRK45.xml
24 ms. Memory: 667648K Free: 336101K (50%)
----------------- Invoking toplevel() on ptolemy.moml.MoMLSimpleApplication@5c48e157
----------------- Done invoking toplevel() on ptolemy.moml.MoMLSimpleApplication@5c48e157
reloadAllAccessors: .ExponentialResponseRK45

===========================================================================================
----------------- testing Thu Oct 25 02:32:13 UTC 2018 /home/travis/build/icyphy/ptII/ptolemy/domains/continuous/test/auto/Friction.xml
----------------- Instantiating /home/travis/build/icyphy/ptII/ptolemy/domains/continuous/test/auto/Friction.xml
1311 ms. Memory: 646656K Free: 445756K (69%)
----------------- Invoking toplevel() on ptolemy.moml.MoMLSimpleApplication@6997ab88
----------------- Done invoking toplevel() on ptolemy.moml.MoMLSimpleApplication@6997ab88
reloadAllAccessors: .Friction

===========================================================================================
----------------- testing Thu Oct 25 02:32:15 UTC 2018 /home/travis/build/icyphy/ptII/ptolemy/domains/continuous/test/auto/FurutaPendulum.xml
----------------- Instantiating /home/travis/build/icyphy/ptII/ptolemy/domains/continuous/test/auto/FurutaPendulum.xml
3216 ms. Memory: 616960K Free: 453281K (73%)
----------------- Invoking toplevel() on ptolemy.moml.MoMLSimpleApplication@73497abb
----------------- Done invoking toplevel() on ptolemy.moml.MoMLSimpleApplication@73497abb
reloadAllAccessors: .FurutaPendulum

===========================================================================================
----------------- testing Thu Oct 25 02:32:18 UTC 2018 /home/travis/build/icyphy/ptII/ptolemy/domains/continuous/test/auto/HierarchicalExecution.xml
----------------- Instantiating /home/travis/build/icyphy/ptII/ptolemy/domains/continuous/test/auto/HierarchicalExecution.xml
1598 ms. Memory: 616960K Free: 148198K (24%)
----------------- Invoking toplevel() on ptolemy.moml.MoMLSimpleApplication@20bd394b
----------------- Done invoking toplevel() on ptolemy.moml.MoMLSimpleApplication@20bd394b
reloadAllAccessors: .HierarchicalExecution

===========================================================================================
----------------- testing Thu Oct 25 02:32:20 UTC 2018 /home/travis/build/icyphy/ptII/ptolemy/domains/continuous/test/auto/HybridPlant.xml
----------------- Instantiating /home/travis/build/icyphy/ptII/ptolemy/domains/continuous/test/auto/HybridPlant.xml
478 ms. Memory: 589312K Free: 376162K (64%)
----------------- Invoking toplevel() on ptolemy.moml.MoMLSimpleApplication@4b51b6c5
----------------- Done invoking toplevel() on ptolemy.moml.MoMLSimpleApplication@4b51b6c5
reloadAllAccessors: .HybridPlant

===========================================================================================
----------------- testing Thu Oct 25 02:32:21 UTC 2018 /home/travis/build/icyphy/ptII/ptolemy/domains/continuous/test/auto/Hysteresis.xml
----------------- Instantiating /home/travis/build/icyphy/ptII/ptolemy/domains/continuous/test/auto/Hysteresis.xml
139 ms. Memory: 589312K Free: 310111K (53%)
----------------- Invoking toplevel() on ptolemy.moml.MoMLSimpleApplication@1441f321
----------------- Done invoking toplevel() on ptolemy.moml.MoMLSimpleApplication@1441f321
reloadAllAccessors: .Hysteresis

===========================================================================================
----------------- testing Thu Oct 25 02:32:21 UTC 2018 /home/travis/build/icyphy/ptII/ptolemy/domains/continuous/test/auto/HysteresisWithRandomDelay.xml
----------------- Instantiating /home/travis/build/icyphy/ptII/ptolemy/domains/continuous/test/auto/HysteresisWithRandomDelay.xml
154 ms. Memory: 589312K Free: 230298K (39%)
----------------- Invoking toplevel() on ptolemy.moml.MoMLSimpleApplication@4a9e5bef
----------------- Done invoking toplevel() on ptolemy.moml.MoMLSimpleApplication@4a9e5bef
reloadAllAccessors: .HysteresisWithRandomDelay

===========================================================================================
----------------- testing Thu Oct 25 02:32:21 UTC 2018 /home/travis/build/icyphy/ptII/ptolemy/domains/continuous/test/auto/HysteresisWithRandomLosses.xml
----------------- Instantiating /home/travis/build/icyphy/ptII/ptolemy/domains/continuous/test/auto/HysteresisWithRandomLosses.xml
2153 ms. Memory: 542720K Free: 391365K (72%)
----------------- Invoking toplevel() on ptolemy.moml.MoMLSimpleApplication@29fe769a
----------------- Done invoking toplevel() on ptolemy.moml.MoMLSimpleApplication@29fe769a
reloadAllAccessors: .HysteresisWithRandomLosses

===========================================================================================
----------------- testing Thu Oct 25 02:32:23 UTC 2018 /home/travis/build/icyphy/ptII/ptolemy/domains/continuous/test/auto/ImmediateTransitions.xml
----------------- Instantiating /home/travis/build/icyphy/ptII/ptolemy/domains/continuous/test/auto/ImmediateTransitions.xml
10 ms. Memory: 542720K Free: 373569K (69%)
----------------- Invoking toplevel() on ptolemy.moml.MoMLSimpleApplication@6c7eebdc
----------------- Done invoking toplevel() on ptolemy.moml.MoMLSimpleApplication@6c7eebdc
reloadAllAccessors: .ImmediateTransitions

===========================================================================================
----------------- testing Thu Oct 25 02:32:23 UTC 2018 /home/travis/build/icyphy/ptII/ptolemy/domains/continuous/test/auto/ImpulseFeedback.xml
----------------- Instantiating /home/travis/build/icyphy/ptII/ptolemy/domains/continuous/test/auto/ImpulseFeedback.xml
10 ms. Memory: 542720K Free: 363526K (67%)
----------------- Invoking toplevel() on ptolemy.moml.MoMLSimpleApplication@88d38c3
----------------- Done invoking toplevel() on ptolemy.moml.MoMLSimpleApplication@88d38c3
reloadAllAccessors: .ImpulseFeedback

===========================================================================================
----------------- testing Thu Oct 25 02:32:23 UTC 2018 /home/travis/build/icyphy/ptII/ptolemy/domains/continuous/test/auto/ImpulseFeedback2.xml
----------------- Instantiating /home/travis/build/icyphy/ptII/ptolemy/domains/continuous/test/auto/ImpulseFeedback2.xml
6 ms. Memory: 542720K Free: 353483K (65%)
----------------- Invoking toplevel() on ptolemy.moml.MoMLSimpleApplication@6db153cf
----------------- Done invoking toplevel() on ptolemy.moml.MoMLSimpleApplication@6db153cf
reloadAllAccessors: .ImpulseFeedback2

===========================================================================================
----------------- testing Thu Oct 25 02:32:23 UTC 2018 /home/travis/build/icyphy/ptII/ptolemy/domains/continuous/test/auto/IncreasingRatePoisson.xml
----------------- Instantiating /home/travis/build/icyphy/ptII/ptolemy/domains/continuous/test/auto/IncreasingRatePoisson.xml
693 ms. Memory: 521216K Free: 445244K (85%)
----------------- Invoking toplevel() on ptolemy.moml.MoMLSimpleApplication@13ce3277
----------------- Done invoking toplevel() on ptolemy.moml.MoMLSimpleApplication@13ce3277
reloadAllAccessors: .IncreasingRatePoisson

===========================================================================================
----------------- testing Thu Oct 25 02:32:24 UTC 2018 /home/travis/build/icyphy/ptII/ptolemy/domains/continuous/test/auto/InitialStateFeedback.xml
----------------- Instantiating /home/travis/build/icyphy/ptII/ptolemy/domains/continuous/test/auto/InitialStateFeedback.xml
6 ms. Memory: 521216K Free: 433996K (83%)
----------------- Invoking toplevel() on ptolemy.moml.MoMLSimpleApplication@52520949
----------------- Done invoking toplevel() on ptolemy.moml.MoMLSimpleApplication@52520949
reloadAllAccessors: .InitialStateFeedback

===========================================================================================
----------------- testing Thu Oct 25 02:32:24 UTC 2018 /home/travis/build/icyphy/ptII/ptolemy/domains/continuous/test/auto/Integration.xml
----------------- Instantiating /home/travis/build/icyphy/ptII/ptolemy/domains/continuous/test/auto/Integration.xml
2 ms. Memory: 521216K Free: 427246K (82%)
----------------- Invoking toplevel() on ptolemy.moml.MoMLSimpleApplication@6f2bea87
----------------- Done invoking toplevel() on ptolemy.moml.MoMLSimpleApplication@6f2bea87
reloadAllAccessors: .Integration

===========================================================================================
----------------- testing Thu Oct 25 02:32:24 UTC 2018 /home/travis/build/icyphy/ptII/ptolemy/domains/continuous/test/auto/Integration2.xml
----------------- Instantiating /home/travis/build/icyphy/ptII/ptolemy/domains/continuous/test/auto/Integration2.xml
76 ms. Memory: 521216K Free: 408772K (78%)
----------------- Invoking toplevel() on ptolemy.moml.MoMLSimpleApplication@1b5470e2
----------------- Done invoking toplevel() on ptolemy.moml.MoMLSimpleApplication@1b5470e2
reloadAllAccessors: .Integration2

===========================================================================================
----------------- testing Thu Oct 25 02:32:24 UTC 2018 /home/travis/build/icyphy/ptII/ptolemy/domains/continuous/test/auto/Integration3.xml
----------------- Instantiating /home/travis/build/icyphy/ptII/ptolemy/domains/continuous/test/auto/Integration3.xml
2 ms. Memory: 521216K Free: 399079K (77%)
----------------- Invoking toplevel() on ptolemy.moml.MoMLSimpleApplication@59254078
----------------- Done invoking toplevel() on ptolemy.moml.MoMLSimpleApplication@59254078
reloadAllAccessors: .Integration3

===========================================================================================
----------------- testing Thu Oct 25 02:32:24 UTC 2018 /home/travis/build/icyphy/ptII/ptolemy/domains/continuous/test/auto/Integration5.xml
----------------- Instantiating /home/travis/build/icyphy/ptII/ptolemy/domains/continuous/test/auto/Integration5.xml
8 ms. Memory: 521216K Free: 392333K (75%)
----------------- Invoking toplevel() on ptolemy.moml.MoMLSimpleApplication@6d42b5f7
----------------- Done invoking toplevel() on ptolemy.moml.MoMLSimpleApplication@6d42b5f7
reloadAllAccessors: .Integration5

===========================================================================================
----------------- testing Thu Oct 25 02:32:24 UTC 2018 /home/travis/build/icyphy/ptII/ptolemy/domains/continuous/test/auto/IntegratorImpulse.xml
----------------- Instantiating /home/travis/build/icyphy/ptII/ptolemy/domains/continuous/test/auto/IntegratorImpulse.xml
3 ms. Memory: 521216K Free: 385734K (74%)
----------------- Invoking toplevel() on ptolemy.moml.MoMLSimpleApplication@32b638a7
----------------- Done invoking toplevel() on ptolemy.moml.MoMLSimpleApplication@32b638a7
reloadAllAccessors: .IntegratorImpulse

===========================================================================================
----------------- testing Thu Oct 25 02:32:24 UTC 2018 /home/travis/build/icyphy/ptII/ptolemy/domains/continuous/test/auto/IntegratorImpulse2.xml
----------------- Instantiating /home/travis/build/icyphy/ptII/ptolemy/domains/continuous/test/auto/IntegratorImpulse2.xml
3 ms. Memory: 521216K Free: 376040K (72%)
----------------- Invoking toplevel() on ptolemy.moml.MoMLSimpleApplication@50d89f86
----------------- Done invoking toplevel() on ptolemy.moml.MoMLSimpleApplication@50d89f86
reloadAllAccessors: .IntegratorImpulse2

===========================================================================================
----------------- testing Thu Oct 25 02:32:24 UTC 2018 /home/travis/build/icyphy/ptII/ptolemy/domains/continuous/test/auto/LevelCrossing1.xml
----------------- Instantiating /home/travis/build/icyphy/ptII/ptolemy/domains/continuous/test/auto/LevelCrossing1.xml
2 ms. Memory: 521216K Free: 366362K (70%)
----------------- Invoking toplevel() on ptolemy.moml.MoMLSimpleApplication@73df70af
----------------- Done invoking toplevel() on ptolemy.moml.MoMLSimpleApplication@73df70af
reloadAllAccessors: .LevelCrossing1

===========================================================================================
----------------- testing Thu Oct 25 02:32:24 UTC 2018 /home/travis/build/icyphy/ptII/ptolemy/domains/continuous/test/auto/LevelCrossing2.xml
----------------- Instantiating /home/travis/build/icyphy/ptII/ptolemy/domains/continuous/test/auto/LevelCrossing2.xml
4 ms. Memory: 521216K Free: 356668K (68%)
----------------- Invoking toplevel() on ptolemy.moml.MoMLSimpleApplication@2c6e85d0
----------------- Done invoking toplevel() on ptolemy.moml.MoMLSimpleApplication@2c6e85d0
reloadAllAccessors: .LevelCrossing2

===========================================================================================
----------------- testing Thu Oct 25 02:32:24 UTC 2018 /home/travis/build/icyphy/ptII/ptolemy/domains/continuous/test/auto/LevelCrossing3.xml
----------------- Instantiating /home/travis/build/icyphy/ptII/ptolemy/domains/continuous/test/auto/LevelCrossing3.xml
2 ms. Memory: 521216K Free: 346991K (67%)
----------------- Invoking toplevel() on ptolemy.moml.MoMLSimpleApplication@438c9b63
----------------- Done invoking toplevel() on ptolemy.moml.MoMLSimpleApplication@438c9b63
reloadAllAccessors: .LevelCrossing3

===========================================================================================
----------------- testing Thu Oct 25 02:32:24 UTC 2018 /home/travis/build/icyphy/ptII/ptolemy/domains/continuous/test/auto/LevelCrossing4.xml
----------------- Instantiating /home/travis/build/icyphy/ptII/ptolemy/domains/continuous/test/auto/LevelCrossing4.xml
2 ms. Memory: 521216K Free: 337297K (65%)
----------------- Invoking toplevel() on ptolemy.moml.MoMLSimpleApplication@2d5ac36
----------------- Done invoking toplevel() on ptolemy.moml.MoMLSimpleApplication@2d5ac36
reloadAllAccessors: .LevelCrossing4

===========================================================================================
----------------- testing Thu Oct 25 02:32:24 UTC 2018 /home/travis/build/icyphy/ptII/ptolemy/domains/continuous/test/auto/LevelCrossing5.xml
----------------- Instantiating /home/travis/build/icyphy/ptII/ptolemy/domains/continuous/test/auto/LevelCrossing5.xml
2 ms. Memory: 521216K Free: 327604K (63%)
----------------- Invoking toplevel() on ptolemy.moml.MoMLSimpleApplication@41e5c663
----------------- Done invoking toplevel() on ptolemy.moml.MoMLSimpleApplication@41e5c663
reloadAllAccessors: .LevelCrossing5

===========================================================================================
[...]
----------------- Instantiating /home/travis/build/icyphy/ptII/ptolemy/domains/continuous/test/auto/SRinContinuous.xml
6 ms. Memory: 446976K Free: 121573K (27%)
----------------- Invoking toplevel() on ptolemy.moml.MoMLSimpleApplication@31457d23
----------------- Done invoking toplevel() on ptolemy.moml.MoMLSimpleApplication@31457d23
reloadAllAccessors: .SRinContinuous

===========================================================================================
----------------- testing Thu Oct 25 02:32:41 UTC 2018 /home/travis/build/icyphy/ptII/ptolemy/domains/continuous/test/auto/SampledClocks.xml
----------------- Instantiating /home/travis/build/icyphy/ptII/ptolemy/domains/continuous/test/auto/SampledClocks.xml
8 ms. Memory: 446976K Free: 109833K (25%)
----------------- Invoking toplevel() on ptolemy.moml.MoMLSimpleApplication@5c2477c1
----------------- Done invoking toplevel() on ptolemy.moml.MoMLSimpleApplication@5c2477c1
reloadAllAccessors: .SampledClocks

===========================================================================================
----------------- testing Thu Oct 25 02:32:41 UTC 2018 /home/travis/build/icyphy/ptII/ptolemy/domains/continuous/test/auto/Satellite.xml
----------------- Instantiating /home/travis/build/icyphy/ptII/ptolemy/domains/continuous/test/auto/Satellite.xml
761 ms. Memory: 424448K Free: 258878K (61%)
----------------- Invoking toplevel() on ptolemy.moml.MoMLSimpleApplication@921ff20
----------------- Done invoking toplevel() on ptolemy.moml.MoMLSimpleApplication@921ff20
reloadAllAccessors: .Satellite

===========================================================================================
----------------- testing Thu Oct 25 02:32:42 UTC 2018 /home/travis/build/icyphy/ptII/ptolemy/domains/continuous/test/auto/SigmaDelta.xml
----------------- Instantiating /home/travis/build/icyphy/ptII/ptolemy/domains/continuous/test/auto/SigmaDelta.xml
2111 ms. Memory: 415232K Free: 208171K (50%)
----------------- Invoking toplevel() on ptolemy.moml.MoMLSimpleApplication@3fbb7fdc
----------------- Done invoking toplevel() on ptolemy.moml.MoMLSimpleApplication@3fbb7fdc
reloadAllAccessors: .SigmaDelta

===========================================================================================
----------------- testing Thu Oct 25 02:32:44 UTC 2018 /home/travis/build/icyphy/ptII/ptolemy/domains/continuous/test/auto/SingleRefinement.xml
----------------- Instantiating /home/travis/build/icyphy/ptII/ptolemy/domains/continuous/test/auto/SingleRefinement.xml
362 ms. Memory: 491520K Free: 421164K (86%)
----------------- Invoking toplevel() on ptolemy.moml.MoMLSimpleApplication@1269c95b
----------------- Done invoking toplevel() on ptolemy.moml.MoMLSimpleApplication@1269c95b
reloadAllAccessors: .SingleRefinement

===========================================================================================
----------------- testing Thu Oct 25 02:32:44 UTC 2018 /home/travis/build/icyphy/ptII/ptolemy/domains/continuous/test/auto/SinuBouncingBall.xml
----------------- Instantiating /home/travis/build/icyphy/ptII/ptolemy/domains/continuous/test/auto/SinuBouncingBall.xml
781 ms. Memory: 491520K Free: 192792K (39%)
----------------- Invoking toplevel() on ptolemy.moml.MoMLSimpleApplication@6dc68e85
----------------- Done invoking toplevel() on ptolemy.moml.MoMLSimpleApplication@6dc68e85
reloadAllAccessors: .SinuBouncingBall

===========================================================================================
----------------- testing Thu Oct 25 02:32:45 UTC 2018 /home/travis/build/icyphy/ptII/ptolemy/domains/continuous/test/auto/Sinusoid.xml
----------------- Instantiating /home/travis/build/icyphy/ptII/ptolemy/domains/continuous/test/auto/Sinusoid.xml
5 ms. Memory: 491520K Free: 185727K (38%)
----------------- Invoking toplevel() on ptolemy.moml.MoMLSimpleApplication@6b4dd891
----------------- Done invoking toplevel() on ptolemy.moml.MoMLSimpleApplication@6b4dd891
reloadAllAccessors: .Sinusoid

===========================================================================================
----------------- testing Thu Oct 25 02:32:45 UTC 2018 /home/travis/build/icyphy/ptII/ptolemy/domains/continuous/test/auto/SinusoidInNoise.xml
----------------- Instantiating /home/travis/build/icyphy/ptII/ptolemy/domains/continuous/test/auto/SinusoidInNoise.xml
991 ms. Memory: 473088K Free: 370125K (78%)
----------------- Invoking toplevel() on ptolemy.moml.MoMLSimpleApplication@22f5edc8
----------------- Done invoking toplevel() on ptolemy.moml.MoMLSimpleApplication@22f5edc8
reloadAllAccessors: .SinusoidInNoise

===========================================================================================
----------------- testing Thu Oct 25 02:32:46 UTC 2018 /home/travis/build/icyphy/ptII/ptolemy/domains/continuous/test/auto/SinusoidRK45.xml
----------------- Instantiating /home/travis/build/icyphy/ptII/ptolemy/domains/continuous/test/auto/SinusoidRK45.xml
2 ms. Memory: 473088K Free: 362876K (77%)
----------------- Invoking toplevel() on ptolemy.moml.MoMLSimpleApplication@6422dd27
----------------- Done invoking toplevel() on ptolemy.moml.MoMLSimpleApplication@6422dd27
reloadAllAccessors: .SinusoidRK45

===========================================================================================
----------------- testing Thu Oct 25 02:32:46 UTC 2018 /home/travis/build/icyphy/ptII/ptolemy/domains/continuous/test/auto/SinusoidWithMultipleImpulses.xml
----------------- Instantiating /home/travis/build/icyphy/ptII/ptolemy/domains/continuous/test/auto/SinusoidWithMultipleImpulses.xml
3 ms. Memory: 473088K Free: 354101K (75%)
----------------- Invoking toplevel() on ptolemy.moml.MoMLSimpleApplication@5b0e08f4
----------------- Done invoking toplevel() on ptolemy.moml.MoMLSimpleApplication@5b0e08f4
reloadAllAccessors: .SinusoidWithMultipleImpulses

===========================================================================================
----------------- testing Thu Oct 25 02:32:46 UTC 2018 /home/travis/build/icyphy/ptII/ptolemy/domains/continuous/test/auto/SquareWave.xml
----------------- Instantiating /home/travis/build/icyphy/ptII/ptolemy/domains/continuous/test/auto/SquareWave.xml
166 ms. Memory: 473088K Free: 324575K (69%)
----------------- Invoking toplevel() on ptolemy.moml.MoMLSimpleApplication@30ddfa1f
----------------- Done invoking toplevel() on ptolemy.moml.MoMLSimpleApplication@30ddfa1f
reloadAllAccessors: .SquareWave

===========================================================================================
----------------- testing Thu Oct 25 02:32:47 UTC 2018 /home/travis/build/icyphy/ptII/ptolemy/domains/continuous/test/auto/Starmac.xml
----------------- Instantiating /home/travis/build/icyphy/ptII/ptolemy/domains/continuous/test/auto/Starmac.xml
3087 ms. Memory: 458240K Free: 325285K (71%)
----------------- Invoking toplevel() on ptolemy.moml.MoMLSimpleApplication@59e4b5de
----------------- Done invoking toplevel() on ptolemy.moml.MoMLSimpleApplication@59e4b5de
reloadAllAccessors: .Starmac

===========================================================================================
----------------- testing Thu Oct 25 02:32:50 UTC 2018 /home/travis/build/icyphy/ptII/ptolemy/domains/continuous/test/auto/StaticUnits.xml
----------------- Instantiating /home/travis/build/icyphy/ptII/ptolemy/domains/continuous/test/auto/StaticUnits.xml
2174 ms. Memory: 441344K Free: 201869K (46%)
----------------- Invoking toplevel() on ptolemy.moml.MoMLSimpleApplication@73d88e7c
----------------- Done invoking toplevel() on ptolemy.moml.MoMLSimpleApplication@73d88e7c
reloadAllAccessors: .StaticUnits

===========================================================================================
----------------- testing Thu Oct 25 02:32:53 UTC 2018 /home/travis/build/icyphy/ptII/ptolemy/domains/continuous/test/auto/StickyMasses.xml
----------------- Instantiating /home/travis/build/icyphy/ptII/ptolemy/domains/continuous/test/auto/StickyMasses.xml
117 ms. Memory: 441344K Free: 144049K (33%)
----------------- Invoking toplevel() on ptolemy.moml.MoMLSimpleApplication@6335ed1c
----------------- Done invoking toplevel() on ptolemy.moml.MoMLSimpleApplication@6335ed1c
reloadAllAccessors: .StickyMasses

===========================================================================================
----------------- testing Thu Oct 25 02:32:53 UTC 2018 /home/travis/build/icyphy/ptII/ptolemy/domains/continuous/test/auto/StopTime.xml
----------------- Instantiating /home/travis/build/icyphy/ptII/ptolemy/domains/continuous/test/auto/StopTime.xml
27 ms. Memory: 441344K Free: 116352K (26%)
----------------- Invoking toplevel() on ptolemy.moml.MoMLSimpleApplication@30ecca06
----------------- Done invoking toplevel() on ptolemy.moml.MoMLSimpleApplication@30ecca06
reloadAllAccessors: .StopTime

===========================================================================================
----------------- testing Thu Oct 25 02:32:53 UTC 2018 /home/travis/build/icyphy/ptII/ptolemy/domains/continuous/test/auto/StopTime2.xml
----------------- Instantiating /home/travis/build/icyphy/ptII/ptolemy/domains/continuous/test/auto/StopTime2.xml
32 ms. Memory: 441344K Free: 90485K (21%)
----------------- Invoking toplevel() on ptolemy.moml.MoMLSimpleApplication@35209e7f
----------------- Done invoking toplevel() on ptolemy.moml.MoMLSimpleApplication@35209e7f
reloadAllAccessors: .StopTime2

===========================================================================================
----------------- testing Thu Oct 25 02:32:53 UTC 2018 /home/travis/build/icyphy/ptII/ptolemy/domains/continuous/test/auto/Switch.xml
----------------- Instantiating /home/travis/build/icyphy/ptII/ptolemy/domains/continuous/test/auto/Switch.xml
31 ms. Memory: 441344K Free: 62782K (14%)
----------------- Invoking toplevel() on ptolemy.moml.MoMLSimpleApplication@7e26baaf
----------------- Done invoking toplevel() on ptolemy.moml.MoMLSimpleApplication@7e26baaf
reloadAllAccessors: .Switch

===========================================================================================
----------------- testing Thu Oct 25 02:32:53 UTC 2018 /home/travis/build/icyphy/ptII/ptolemy/domains/continuous/test/auto/Thermostat.xml
----------------- Instantiating /home/travis/build/icyphy/ptII/ptolemy/domains/continuous/test/auto/Thermostat.xml
183 ms. Memory: 420864K Free: 320400K (76%)
----------------- Invoking toplevel() on ptolemy.moml.MoMLSimpleApplication@2b657ba5
----------------- Done invoking toplevel() on ptolemy.moml.MoMLSimpleApplication@2b657ba5
reloadAllAccessors: .Thermostat

===========================================================================================
----------------- testing Thu Oct 25 02:32:53 UTC 2018 /home/travis/build/icyphy/ptII/ptolemy/domains/continuous/test/auto/TimeDelay.xml
----------------- Instantiating /home/travis/build/icyphy/ptII/ptolemy/domains/continuous/test/auto/TimeDelay.xml
5 ms. Memory: 420864K Free: 313394K (74%)
----------------- Invoking toplevel() on ptolemy.moml.MoMLSimpleApplication@39be3767
----------------- Done invoking toplevel() on ptolemy.moml.MoMLSimpleApplication@39be3767
reloadAllAccessors: .TimeDelay

===========================================================================================
----------------- testing Thu Oct 25 02:32:53 UTC 2018 /home/travis/build/icyphy/ptII/ptolemy/domains/continuous/test/auto/TimeDelay2.xml
----------------- Instantiating /home/travis/build/icyphy/ptII/ptolemy/domains/continuous/test/auto/TimeDelay2.xml
7 ms. Memory: 420864K Free: 303936K (72%)
----------------- Invoking toplevel() on ptolemy.moml.MoMLSimpleApplication@7d37ce64
----------------- Done invoking toplevel() on ptolemy.moml.MoMLSimpleApplication@7d37ce64
reloadAllAccessors: .TimeDelay2

===========================================================================================
----------------- testing Thu Oct 25 02:32:53 UTC 2018 /home/travis/build/icyphy/ptII/ptolemy/domains/continuous/test/auto/TimeDelay3.xml
----------------- Instantiating /home/travis/build/icyphy/ptII/ptolemy/domains/continuous/test/auto/TimeDelay3.xml
6 ms. Memory: 420864K Free: 297835K (71%)
----------------- Invoking toplevel() on ptolemy.moml.MoMLSimpleApplication@2234fcfd
----------------- Done invoking toplevel() on ptolemy.moml.MoMLSimpleApplication@2234fcfd
reloadAllAccessors: .TimeDelay3

===========================================================================================
----------------- testing Thu Oct 25 02:32:53 UTC 2018 /home/travis/build/icyphy/ptII/ptolemy/domains/continuous/test/auto/TransferAbsentToInside.xml
----------------- Instantiating /home/travis/build/icyphy/ptII/ptolemy/domains/continuous/test/auto/TransferAbsentToInside.xml
26 ms. Memory: 420864K Free: 238946K (57%)
----------------- Invoking toplevel() on ptolemy.moml.MoMLSimpleApplication@3fb3cf9
----------------- Done invoking toplevel() on ptolemy.moml.MoMLSimpleApplication@3fb3cf9
reloadAllAccessors: .TransferAbsentToInside

===========================================================================================
----------------- testing Thu Oct 25 02:32:53 UTC 2018 /home/travis/build/icyphy/ptII/ptolemy/domains/continuous/test/auto/Transmission.xml
----------------- Instantiating /home/travis/build/icyphy/ptII/ptolemy/domains/continuous/test/auto/Transmission.xml
695 ms. Memory: 413184K Free: 326469K (79%)
----------------- Invoking toplevel() on ptolemy.moml.MoMLSimpleApplication@5f96c69e
----------------- Done invoking toplevel() on ptolemy.moml.MoMLSimpleApplication@5f96c69e
reloadAllAccessors: .Transmission

===========================================================================================
----------------- testing Thu Oct 25 02:32:54 UTC 2018 /home/travis/build/icyphy/ptII/ptolemy/domains/continuous/test/auto/TriggeredContinuousClock.xml
----------------- Instantiating /home/travis/build/icyphy/ptII/ptolemy/domains/continuous/test/auto/TriggeredContinuousClock.xml
34 ms. Memory: 413184K Free: 290425K (70%)
----------------- Invoking toplevel() on ptolemy.moml.MoMLSimpleApplication@12100f53
----------------- Done invoking toplevel() on ptolemy.moml.MoMLSimpleApplication@12100f53
reloadAllAccessors: .TriggeredContinuousClock

===========================================================================================
----------------- testing Thu Oct 25 02:32:54 UTC 2018 /home/travis/build/icyphy/ptII/ptolemy/domains/continuous/test/auto/TwoMachineInfiniteBusControl.xml
----------------- Instantiating /home/travis/build/icyphy/ptII/ptolemy/domains/continuous/test/auto/TwoMachineInfiniteBusControl.xml
2525 ms. Memory: 392704K Free: 19985K (5%)
----------------- Invoking toplevel() on ptolemy.moml.MoMLSimpleApplication@473e72fe
----------------- Done invoking toplevel() on ptolemy.moml.MoMLSimpleApplication@473e72fe
reloadAllAccessors: .TwoMachineInfiniteBusControl

===========================================================================================
----------------- testing Thu Oct 25 02:32:57 UTC 2018 /home/travis/build/icyphy/ptII/ptolemy/domains/continuous/test/auto/V2V.xml
----------------- Instantiating /home/travis/build/icyphy/ptII/ptolemy/domains/continuous/test/auto/V2V.xml
662 ms. Memory: 377856K Free: 116828K (31%)
----------------- Invoking toplevel() on ptolemy.moml.MoMLSimpleApplication@54e916a8
----------------- Done invoking toplevel() on ptolemy.moml.MoMLSimpleApplication@54e916a8
reloadAllAccessors: .V2V

===========================================================================================
----------------- testing Thu Oct 25 02:32:58 UTC 2018 /home/travis/build/icyphy/ptII/ptolemy/domains/continuous/test/auto/hierarchicalModalModel.xml
----------------- Instantiating /home/travis/build/icyphy/ptII/ptolemy/domains/continuous/test/auto/hierarchicalModalModel.xml
8 ms. Memory: 377856K Free: 99573K (26%)
----------------- Invoking toplevel() on ptolemy.moml.MoMLSimpleApplication@7fbf5f44
----------------- Done invoking toplevel() on ptolemy.moml.MoMLSimpleApplication@7fbf5f44
reloadAllAccessors: .hierarchicalModalModel

===========================================================================================
----------------- testing Thu Oct 25 02:32:58 UTC 2018 /home/travis/build/icyphy/ptII/ptolemy/domains/continuous/test/auto/hierarchicalModalModel1.xml
----------------- Instantiating /home/travis/build/icyphy/ptII/ptolemy/domains/continuous/test/auto/hierarchicalModalModel1.xml
8 ms. Memory: 377856K Free: 82287K (22%)
----------------- Invoking toplevel() on ptolemy.moml.MoMLSimpleApplication@26e6687b
----------------- Done invoking toplevel() on ptolemy.moml.MoMLSimpleApplication@26e6687b
reloadAllAccessors: .hierarchicalModalModel1

===========================================================================================
----------------- testing Thu Oct 25 02:32:58 UTC 2018 /home/travis/build/icyphy/ptII/ptolemy/domains/continuous/test/auto/hierarchicalModalModel2.xml
----------------- Instantiating /home/travis/build/icyphy/ptII/ptolemy/domains/continuous/test/auto/hierarchicalModalModel2.xml
7 ms. Memory: 377856K Free: 66555K (18%)
----------------- Invoking toplevel() on ptolemy.moml.MoMLSimpleApplication@119de23e
----------------- Done invoking toplevel() on ptolemy.moml.MoMLSimpleApplication@119de23e
reloadAllAccessors: .hierarchicalModalModel2

===========================================================================================
----------------- testing Thu Oct 25 02:32:58 UTC 2018 /home/travis/build/icyphy/ptII/ptolemy/domains/continuous/test/auto/hierarchicalModalModel3.xml
----------------- Instantiating /home/travis/build/icyphy/ptII/ptolemy/domains/continuous/test/auto/hierarchicalModalModel3.xml
6 ms. Memory: 377856K Free: 53718K (14%)
----------------- Invoking toplevel() on ptolemy.moml.MoMLSimpleApplication@1a03e6b
----------------- Done invoking toplevel() on ptolemy.moml.MoMLSimpleApplication@1a03e6b
reloadAllAccessors: .hierarchicalModalModel3

===========================================================================================
----------------- testing Thu Oct 25 02:32:58 UTC 2018 /home/travis/build/icyphy/ptII/ptolemy/domains/continuous/test/auto/hierarchicalModalModel4.xml
----------------- Instantiating /home/travis/build/icyphy/ptII/ptolemy/domains/continuous/test/auto/hierarchicalModalModel4.xml
5 ms. Memory: 377856K Free: 37928K (10%)
----------------- Invoking toplevel() on ptolemy.moml.MoMLSimpleApplication@53b06bfc
----------------- Done invoking toplevel() on ptolemy.moml.MoMLSimpleApplication@53b06bfc
reloadAllAccessors: .hierarchicalModalModel4

===========================================================================================
----------------- testing Thu Oct 25 02:32:58 UTC 2018 /home/travis/build/icyphy/ptII/ptolemy/domains/continuous/test/auto/junk.xml
----------------- Instantiating /home/travis/build/icyphy/ptII/ptolemy/domains/continuous/test/auto/junk.xml
222 ms. Memory: 332800K Free: 320190K (96%)
----------------- Invoking toplevel() on ptolemy.moml.MoMLSimpleApplication@f28e276
----------------- Done invoking toplevel() on ptolemy.moml.MoMLSimpleApplication@f28e276
reloadAllAccessors: .junk
AutoTests.java: About to close Vertx.
AutoTests.java: Vertx closed.
]]></system-out>
  <system-err><![CDATA[Warning: '.HysteresisWithRandomDelay.NonStrictTest' The test produced only 221 tokens, yet the correctValues parameter was expecting 222 tokens.
Warning: '.HysteresisWithRandomDelay.NonStrictTest2' The test produced only 220 tokens, yet the correctValues parameter was expecting 221 tokens.
Warning: '.HysteresisWithRandomDelay.NonStrictTest3' The test produced only 22 tokens, yet the correctValues parameter was expecting 30 tokens.
Warning: '.Poisson.NonStrictTest' The test produced only 402 tokens, yet the correctValues parameter was expecting 430 tokens.
]]></system-err>
</testsuite>
