<?xml version="1.0" encoding="UTF-8" ?>
<testsuite errors="0" failures="0" hostname="travis-job-2063221c-9a99-41ee-bea5-f624e06d5b2a" name="ptolemy.domains.modal.test.junit.JUnitTclTest" skipped="0" tests="148" time="9.78" timestamp="2019-01-30T07:44:20">
  <properties>
[...]
</properties>
  <testcase classname="ptolemy.util.test.junit.TclTests" name="[0] /home/travis/build/icyphy/ptII/ptolemy/domains/modal/test/SystemLevelType.tcl (RunTclFile)" time="1.765" />
  <testcase classname="ptolemy.util.test.junit.AutoKnownFailedTests" name="[0] /home/travis/build/icyphy/ptII/ptolemy/domains/modal/test/auto/knownFailedTests/CannotAnalysisWithPreemption.xml (RunModel)" time="0.202" />
  <testcase classname="ptolemy.util.test.junit.AutoNameArchTests" name="[0] ThereAreNoAutoArchTests (RunModel)" time="0.009" />
  <testcase classname="ptolemy.util.test.junit.AutoTests" name="[0] /home/travis/build/icyphy/ptII/ptolemy/domains/modal/test/auto/ABPTest.xml (RunModel)" time="0.747" />
  <testcase classname="ptolemy.util.test.junit.AutoTests" name="[1] /home/travis/build/icyphy/ptII/ptolemy/domains/modal/test/auto/ABROFlat.xml (RunModel)" time="0.075" />
  <testcase classname="ptolemy.util.test.junit.AutoTests" name="[2] /home/travis/build/icyphy/ptII/ptolemy/domains/modal/test/auto/ABROFlat2.xml (RunModel)" time="0.073" />
  <testcase classname="ptolemy.util.test.junit.AutoTests" name="[3] /home/travis/build/icyphy/ptII/ptolemy/domains/modal/test/auto/ABRO_present_hmm.xml (RunModel)" time="0.11" />
  <testcase classname="ptolemy.util.test.junit.AutoTests" name="[4] /home/travis/build/icyphy/ptII/ptolemy/domains/modal/test/auto/AMICoderExample.xml (RunModel)" time="0.047" />
  <testcase classname="ptolemy.util.test.junit.AutoTests" name="[5] /home/travis/build/icyphy/ptII/ptolemy/domains/modal/test/auto/AbsentToPresent.xml (RunModel)" time="0.014" />
  <testcase classname="ptolemy.util.test.junit.AutoTests" name="[6] /home/travis/build/icyphy/ptII/ptolemy/domains/modal/test/auto/Blending.xml (RunModel)" time="0.224" />
  <testcase classname="ptolemy.util.test.junit.AutoTests" name="[7] /home/travis/build/icyphy/ptII/ptolemy/domains/modal/test/auto/Broadcast.xml (RunModel)" time="0.046" />
  <testcase classname="ptolemy.util.test.junit.AutoTests" name="[8] /home/travis/build/icyphy/ptII/ptolemy/domains/modal/test/auto/BroadcastHierarchy.xml (RunModel)" time="0.07" />
  <testcase classname="ptolemy.util.test.junit.AutoTests" name="[9] /home/travis/build/icyphy/ptII/ptolemy/domains/modal/test/auto/BroadcastHierarchy2.xml (RunModel)" time="0.117" />
  <testcase classname="ptolemy.util.test.junit.AutoTests" name="[10] /home/travis/build/icyphy/ptII/ptolemy/domains/modal/test/auto/BroadcastHierarchy3.xml (RunModel)" time="0.084" />
  <testcase classname="ptolemy.util.test.junit.AutoTests" name="[11] /home/travis/build/icyphy/ptII/ptolemy/domains/modal/test/auto/BroadcastHierarchy4.xml (RunModel)" time="0.139" />
  <testcase classname="ptolemy.util.test.junit.AutoTests" name="[12] /home/travis/build/icyphy/ptII/ptolemy/domains/modal/test/auto/CannotAnalysisWithPreemption2.xml (RunModel)" time="0.041" />
  <testcase classname="ptolemy.util.test.junit.AutoTests" name="[13] /home/travis/build/icyphy/ptII/ptolemy/domains/modal/test/auto/CannotAnalysisWithPreemption3.xml (RunModel)" time="0.042" />
  <testcase classname="ptolemy.util.test.junit.AutoTests" name="[14] /home/travis/build/icyphy/ptII/ptolemy/domains/modal/test/auto/CannotProduce.xml (RunModel)" time="0.038" />
  <testcase classname="ptolemy.util.test.junit.AutoTests" name="[15] /home/travis/build/icyphy/ptII/ptolemy/domains/modal/test/auto/CannotProduceModal.xml (RunModel)" time="0.034" />
  <testcase classname="ptolemy.util.test.junit.AutoTests" name="[16] /home/travis/build/icyphy/ptII/ptolemy/domains/modal/test/auto/Case.xml (RunModel)" time="0.065" />
  <testcase classname="ptolemy.util.test.junit.AutoTests" name="[17] /home/travis/build/icyphy/ptII/ptolemy/domains/modal/test/auto/Case1.xml (RunModel)" time="0.025" />
  <testcase classname="ptolemy.util.test.junit.AutoTests" name="[18] /home/travis/build/icyphy/ptII/ptolemy/domains/modal/test/auto/Case2.xml (RunModel)" time="0.063" />
  <testcase classname="ptolemy.util.test.junit.AutoTests" name="[19] /home/travis/build/icyphy/ptII/ptolemy/domains/modal/test/auto/CausalityInterface1.xml (RunModel)" time="0.026" />
  <testcase classname="ptolemy.util.test.junit.AutoTests" name="[20] /home/travis/build/icyphy/ptII/ptolemy/domains/modal/test/auto/CausalityInterface10.xml (RunModel)" time="0.055" />
  <testcase classname="ptolemy.util.test.junit.AutoTests" name="[21] /home/travis/build/icyphy/ptII/ptolemy/domains/modal/test/auto/CausalityInterface11.xml (RunModel)" time="0.06" />
  <testcase classname="ptolemy.util.test.junit.AutoTests" name="[22] /home/travis/build/icyphy/ptII/ptolemy/domains/modal/test/auto/CausalityInterface12.xml (RunModel)" time="0.049" />
  <testcase classname="ptolemy.util.test.junit.AutoTests" name="[23] /home/travis/build/icyphy/ptII/ptolemy/domains/modal/test/auto/CausalityInterface13.xml (RunModel)" time="0.066" />
  <testcase classname="ptolemy.util.test.junit.AutoTests" name="[24] /home/travis/build/icyphy/ptII/ptolemy/domains/modal/test/auto/CausalityInterface14.xml (RunModel)" time="0.045" />
  <testcase classname="ptolemy.util.test.junit.AutoTests" name="[25] /home/travis/build/icyphy/ptII/ptolemy/domains/modal/test/auto/CausalityInterface2.xml (RunModel)" time="0.026" />
  <testcase classname="ptolemy.util.test.junit.AutoTests" name="[26] /home/travis/build/icyphy/ptII/ptolemy/domains/modal/test/auto/CausalityInterface3.xml (RunModel)" time="0.031" />
  <testcase classname="ptolemy.util.test.junit.AutoTests" name="[27] /home/travis/build/icyphy/ptII/ptolemy/domains/modal/test/auto/CausalityInterface4.xml (RunModel)" time="0.028" />
  <testcase classname="ptolemy.util.test.junit.AutoTests" name="[28] /home/travis/build/icyphy/ptII/ptolemy/domains/modal/test/auto/CausalityInterface5.xml (RunModel)" time="0.036" />
  <testcase classname="ptolemy.util.test.junit.AutoTests" name="[29] /home/travis/build/icyphy/ptII/ptolemy/domains/modal/test/auto/CausalityInterface6.xml (RunModel)" time="0.035" />
  <testcase classname="ptolemy.util.test.junit.AutoTests" name="[30] /home/travis/build/icyphy/ptII/ptolemy/domains/modal/test/auto/CausalityInterface7.xml (RunModel)" time="0.063" />
  <testcase classname="ptolemy.util.test.junit.AutoTests" name="[31] /home/travis/build/icyphy/ptII/ptolemy/domains/modal/test/auto/CausalityInterface8.xml (RunModel)" time="0.035" />
  <testcase classname="ptolemy.util.test.junit.AutoTests" name="[32] /home/travis/build/icyphy/ptII/ptolemy/domains/modal/test/auto/CausalityInterface9.xml (RunModel)" time="0.036" />
  <testcase classname="ptolemy.util.test.junit.AutoTests" name="[33] /home/travis/build/icyphy/ptII/ptolemy/domains/modal/test/auto/ChainedTransitions.xml (RunModel)" time="0.141" />
  <testcase classname="ptolemy.util.test.junit.AutoTests" name="[34] /home/travis/build/icyphy/ptII/ptolemy/domains/modal/test/auto/CycleOfImmediateTransitionsFSM.xml (RunModel)" time="0.024" />
  <testcase classname="ptolemy.util.test.junit.AutoTests" name="[35] /home/travis/build/icyphy/ptII/ptolemy/domains/modal/test/auto/CycleOfImmediateTransitionsModal.xml (RunModel)" time="0.03" />
  <testcase classname="ptolemy.util.test.junit.AutoTests" name="[36] /home/travis/build/icyphy/ptII/ptolemy/domains/modal/test/auto/CycleOfImmediateTransitionsModal2.xml (RunModel)" time="0.032" />
  <testcase classname="ptolemy.util.test.junit.AutoTests" name="[37] /home/travis/build/icyphy/ptII/ptolemy/domains/modal/test/auto/CycleOfImmediateTransitionsModal3.xml (RunModel)" time="0.076" />
  <testcase classname="ptolemy.util.test.junit.AutoTests" name="[38] /home/travis/build/icyphy/ptII/ptolemy/domains/modal/test/auto/DeepModal1.xml (RunModel)" time="0.052" />
  <testcase classname="ptolemy.util.test.junit.AutoTests" name="[39] /home/travis/build/icyphy/ptII/ptolemy/domains/modal/test/auto/DeepModal2.xml (RunModel)" time="0.055" />
  <testcase classname="ptolemy.util.test.junit.AutoTests" name="[40] /home/travis/build/icyphy/ptII/ptolemy/domains/modal/test/auto/DeepModal3.xml (RunModel)" time="0.066" />
  <testcase classname="ptolemy.util.test.junit.AutoTests" name="[41] /home/travis/build/icyphy/ptII/ptolemy/domains/modal/test/auto/DeepModal4.xml (RunModel)" time="0.065" />
  <testcase classname="ptolemy.util.test.junit.AutoTests" name="[42] /home/travis/build/icyphy/ptII/ptolemy/domains/modal/test/auto/Default1.xml (RunModel)" time="0.024" />
  <testcase classname="ptolemy.util.test.junit.AutoTests" name="[43] /home/travis/build/icyphy/ptII/ptolemy/domains/modal/test/auto/Default2.xml (RunModel)" time="0.023" />
  <testcase classname="ptolemy.util.test.junit.AutoTests" name="[44] /home/travis/build/icyphy/ptII/ptolemy/domains/modal/test/auto/Default3.xml (RunModel)" time="0.023" />
  <testcase classname="ptolemy.util.test.junit.AutoTests" name="[45] /home/travis/build/icyphy/ptII/ptolemy/domains/modal/test/auto/Default4.xml (RunModel)" time="0.023" />
  <testcase classname="ptolemy.util.test.junit.AutoTests" name="[46] /home/travis/build/icyphy/ptII/ptolemy/domains/modal/test/auto/Default5.xml (RunModel)" time="0.038" />
  <testcase classname="ptolemy.util.test.junit.AutoTests" name="[47] /home/travis/build/icyphy/ptII/ptolemy/domains/modal/test/auto/EmptyGuard.xml (RunModel)" time="0.039" />
  <testcase classname="ptolemy.util.test.junit.AutoTests" name="[48] /home/travis/build/icyphy/ptII/ptolemy/domains/modal/test/auto/ErrorTransition1.xml (RunModel)" time="0.039" />
  <testcase classname="ptolemy.util.test.junit.AutoTests" name="[49] /home/travis/build/icyphy/ptII/ptolemy/domains/modal/test/auto/ErrorTransition10.xml (RunModel)" time="0.054" />
  <testcase classname="ptolemy.util.test.junit.AutoTests" name="[50] /home/travis/build/icyphy/ptII/ptolemy/domains/modal/test/auto/ErrorTransition11.xml (RunModel)" time="0.03" />
  <testcase classname="ptolemy.util.test.junit.AutoTests" name="[51] /home/travis/build/icyphy/ptII/ptolemy/domains/modal/test/auto/ErrorTransition2.xml (RunModel)" time="0.023" />
  <testcase classname="ptolemy.util.test.junit.AutoTests" name="[52] /home/travis/build/icyphy/ptII/ptolemy/domains/modal/test/auto/ErrorTransition3.xml (RunModel)" time="0.024" />
  <testcase classname="ptolemy.util.test.junit.AutoTests" name="[53] /home/travis/build/icyphy/ptII/ptolemy/domains/modal/test/auto/ErrorTransition4.xml (RunModel)" time="0.034" />
  <testcase classname="ptolemy.util.test.junit.AutoTests" name="[54] /home/travis/build/icyphy/ptII/ptolemy/domains/modal/test/auto/ErrorTransition5.xml (RunModel)" time="0.031" />
  <testcase classname="ptolemy.util.test.junit.AutoTests" name="[55] /home/travis/build/icyphy/ptII/ptolemy/domains/modal/test/auto/ErrorTransition6.xml (RunModel)" time="0.031" />
  <testcase classname="ptolemy.util.test.junit.AutoTests" name="[56] /home/travis/build/icyphy/ptII/ptolemy/domains/modal/test/auto/ErrorTransition7.xml (RunModel)" time="0.037" />
  <testcase classname="ptolemy.util.test.junit.AutoTests" name="[57] /home/travis/build/icyphy/ptII/ptolemy/domains/modal/test/auto/ErrorTransition8.xml (RunModel)" time="0.067" />
  <testcase classname="ptolemy.util.test.junit.AutoTests" name="[58] /home/travis/build/icyphy/ptII/ptolemy/domains/modal/test/auto/ErrorTransition9.xml (RunModel)" time="0.039" />
  <testcase classname="ptolemy.util.test.junit.AutoTests" name="[59] /home/travis/build/icyphy/ptII/ptolemy/domains/modal/test/auto/ExtendedFSM.xml (RunModel)" time="0.023" />
  <testcase classname="ptolemy.util.test.junit.AutoTests" name="[60] /home/travis/build/icyphy/ptII/ptolemy/domains/modal/test/auto/FinalStates.xml (RunModel)" time="0.026" />
  <testcase classname="ptolemy.util.test.junit.AutoTests" name="[61] /home/travis/build/icyphy/ptII/ptolemy/domains/modal/test/auto/FixedPointFSM.xml (RunModel)" time="0.057" />
  <testcase classname="ptolemy.util.test.junit.AutoTests" name="[62] /home/travis/build/icyphy/ptII/ptolemy/domains/modal/test/auto/FixedPointIterationFSMActor.xml (RunModel)" time="0.026" />
  <testcase classname="ptolemy.util.test.junit.AutoTests" name="[63] /home/travis/build/icyphy/ptII/ptolemy/domains/modal/test/auto/FixedPointIterationFSMActor2.xml (RunModel)" time="0.035" />
  <testcase classname="ptolemy.util.test.junit.AutoTests" name="[64] /home/travis/build/icyphy/ptII/ptolemy/domains/modal/test/auto/ForbiddenInstantanousLoop.xml (RunModel)" time="0.033" />
  <testcase classname="ptolemy.util.test.junit.AutoTests" name="[65] /home/travis/build/icyphy/ptII/ptolemy/domains/modal/test/auto/FunctionDependencyOfFSMActorTest.xml (RunModel)" time="0.028" />
  <testcase classname="ptolemy.util.test.junit.AutoTests" name="[66] /home/travis/build/icyphy/ptII/ptolemy/domains/modal/test/auto/GuardExpression.xml (RunModel)" time="0.013" />
  <testcase classname="ptolemy.util.test.junit.AutoTests" name="[67] /home/travis/build/icyphy/ptII/ptolemy/domains/modal/test/auto/GuardNotEvaluated.xml (RunModel)" time="0.034" />
  <testcase classname="ptolemy.util.test.junit.AutoTests" name="[68] /home/travis/build/icyphy/ptII/ptolemy/domains/modal/test/auto/GuardNotEvaluated2.xml (RunModel)" time="0.022" />
  <testcase classname="ptolemy.util.test.junit.AutoTests" name="[69] /home/travis/build/icyphy/ptII/ptolemy/domains/modal/test/auto/GuardOnAbsent.xml (RunModel)" time="0.02" />
  <testcase classname="ptolemy.util.test.junit.AutoTests" name="[70] /home/travis/build/icyphy/ptII/ptolemy/domains/modal/test/auto/HierarchicalFSMTypeInference.xml (RunModel)" time="0.024" />
  <testcase classname="ptolemy.util.test.junit.AutoTests" name="[71] /home/travis/build/icyphy/ptII/ptolemy/domains/modal/test/auto/Hysteresis.xml (RunModel)" time="0.04" />
  <testcase classname="ptolemy.util.test.junit.AutoTests" name="[72] /home/travis/build/icyphy/ptII/ptolemy/domains/modal/test/auto/HysteresisWithDefault.xml (RunModel)" time="0.07" />
  <testcase classname="ptolemy.util.test.junit.AutoTests" name="[73] /home/travis/build/icyphy/ptII/ptolemy/domains/modal/test/auto/HysteresisWithDefault2.xml (RunModel)" time="0.089" />
  <testcase classname="ptolemy.util.test.junit.AutoTests" name="[74] /home/travis/build/icyphy/ptII/ptolemy/domains/modal/test/auto/ImmediateNonConstructiveness.xml (RunModel)" time="0.017" />
  <testcase classname="ptolemy.util.test.junit.AutoTests" name="[75] /home/travis/build/icyphy/ptII/ptolemy/domains/modal/test/auto/ImmediateNonConstructiveness2.xml (RunModel)" time="0.016" />
  <testcase classname="ptolemy.util.test.junit.AutoTests" name="[76] /home/travis/build/icyphy/ptII/ptolemy/domains/modal/test/auto/ImmediateTransitionReset.xml (RunModel)" time="0.038" />
  <testcase classname="ptolemy.util.test.junit.AutoTests" name="[77] /home/travis/build/icyphy/ptII/ptolemy/domains/modal/test/auto/ImmediateTransitions1.xml (RunModel)" time="0.013" />
  <testcase classname="ptolemy.util.test.junit.AutoTests" name="[78] /home/travis/build/icyphy/ptII/ptolemy/domains/modal/test/auto/ImmediateTransitionsInstantaneousCommunication.xml (RunModel)" time="0.027" />
  <testcase classname="ptolemy.util.test.junit.AutoTests" name="[79] /home/travis/build/icyphy/ptII/ptolemy/domains/modal/test/auto/InitialImmediateTransition.xml (RunModel)" time="0.014" />
  <testcase classname="ptolemy.util.test.junit.AutoTests" name="[80] /home/travis/build/icyphy/ptII/ptolemy/domains/modal/test/auto/InitialOutputs.xml (RunModel)" time="0.019" />
  <testcase classname="ptolemy.util.test.junit.AutoTests" name="[81] /home/travis/build/icyphy/ptII/ptolemy/domains/modal/test/auto/InitialStateTransition1.xml (RunModel)" time="0.019" />
  <testcase classname="ptolemy.util.test.junit.AutoTests" name="[82] /home/travis/build/icyphy/ptII/ptolemy/domains/modal/test/auto/InitialStateTransition2.xml (RunModel)" time="0.018" />
  <testcase classname="ptolemy.util.test.junit.AutoTests" name="[83] /home/travis/build/icyphy/ptII/ptolemy/domains/modal/test/auto/InitialStateTransition3.xml (RunModel)" time="0.021" />
  <testcase classname="ptolemy.util.test.junit.AutoTests" name="[84] /home/travis/build/icyphy/ptII/ptolemy/domains/modal/test/auto/InitialStateTransition4.xml (RunModel)" time="0.025" />
  <testcase classname="ptolemy.util.test.junit.AutoTests" name="[85] /home/travis/build/icyphy/ptII/ptolemy/domains/modal/test/auto/MalformedGuardExpressionNotCaught.xml (RunModel)" time="0.02" />
  <testcase classname="ptolemy.util.test.junit.AutoTests" name="[86] /home/travis/build/icyphy/ptII/ptolemy/domains/modal/test/auto/ModalBSC.xml (RunModel)" time="0.077" />
  <testcase classname="ptolemy.util.test.junit.AutoTests" name="[87] /home/travis/build/icyphy/ptII/ptolemy/domains/modal/test/auto/ModalClocks.xml (RunModel)" time="0.057" />
  <testcase classname="ptolemy.util.test.junit.AutoTests" name="[88] /home/travis/build/icyphy/ptII/ptolemy/domains/modal/test/auto/ModalDelay.xml (RunModel)" time="0.035" />
  <testcase classname="ptolemy.util.test.junit.AutoTests" name="[89] /home/travis/build/icyphy/ptII/ptolemy/domains/modal/test/auto/ModalDelay2.xml (RunModel)" time="0.034" />
  <testcase classname="ptolemy.util.test.junit.AutoTests" name="[90] /home/travis/build/icyphy/ptII/ptolemy/domains/modal/test/auto/ModalModelFromMemo.xml (RunModel)" time="0.047" />
  <testcase classname="ptolemy.util.test.junit.AutoTests" name="[91] /home/travis/build/icyphy/ptII/ptolemy/domains/modal/test/auto/ModalModelWithMultirateTransient.xml (RunModel)" time="0.046" />
  <testcase classname="ptolemy.util.test.junit.AutoTests" name="[92] /home/travis/build/icyphy/ptII/ptolemy/domains/modal/test/auto/ModalModelWithReset.xml (RunModel)" time="0.052" />
  <testcase classname="ptolemy.util.test.junit.AutoTests" name="[93] /home/travis/build/icyphy/ptII/ptolemy/domains/modal/test/auto/MouseClickFSM.xml (RunModel)" time="0.049" />
  <testcase classname="ptolemy.util.test.junit.AutoTests" name="[94] /home/travis/build/icyphy/ptII/ptolemy/domains/modal/test/auto/MouseClickFSMModal.xml (RunModel)" time="0.033" />
  <testcase classname="ptolemy.util.test.junit.AutoTests" name="[95] /home/travis/build/icyphy/ptII/ptolemy/domains/modal/test/auto/NonStrictFSM_FeedbackLoop.xml (RunModel)" time="0.056" />
  <testcase classname="ptolemy.util.test.junit.AutoTests" name="[96] /home/travis/build/icyphy/ptII/ptolemy/domains/modal/test/auto/NonStrictFSM_FeedbackLoop_Refinement.xml (RunModel)" time="0.06" />
  <testcase classname="ptolemy.util.test.junit.AutoTests" name="[97] /home/travis/build/icyphy/ptII/ptolemy/domains/modal/test/auto/NonStrictFSM_FeedbackLoop_preemptive.xml (RunModel)" time="0.042" />
  <testcase classname="ptolemy.util.test.junit.AutoTests" name="[98] /home/travis/build/icyphy/ptII/ptolemy/domains/modal/test/auto/NormalTermination.xml (RunModel)" time="0.051" />
  <testcase classname="ptolemy.util.test.junit.AutoTests" name="[99] /home/travis/build/icyphy/ptII/ptolemy/domains/modal/test/auto/Pong.xml (RunModel)" time="0.073" />
  <testcase classname="ptolemy.util.test.junit.AutoTests" name="[100] /home/travis/build/icyphy/ptII/ptolemy/domains/modal/test/auto/Pong_test.xml (RunModel)" time="0.074" />
  <testcase classname="ptolemy.util.test.junit.AutoTests" name="[101] /home/travis/build/icyphy/ptII/ptolemy/domains/modal/test/auto/PreemptionHierarchy.xml (RunModel)" time="0.022" />
  <testcase classname="ptolemy.util.test.junit.AutoTests" name="[102] /home/travis/build/icyphy/ptII/ptolemy/domains/modal/test/auto/PreemptionHierarchy2.xml (RunModel)" time="0.027" />
  <testcase classname="ptolemy.util.test.junit.AutoTests" name="[103] /home/travis/build/icyphy/ptII/ptolemy/domains/modal/test/auto/PreemptiveTransition.xml (RunModel)" time="0.017" />
  <testcase classname="ptolemy.util.test.junit.AutoTests" name="[104] /home/travis/build/icyphy/ptII/ptolemy/domains/modal/test/auto/Priorities.xml (RunModel)" time="0.063" />
  <testcase classname="ptolemy.util.test.junit.AutoTests" name="[105] /home/travis/build/icyphy/ptII/ptolemy/domains/modal/test/auto/ResetFinal.xml (RunModel)" time="0.032" />
  <testcase classname="ptolemy.util.test.junit.AutoTests" name="[106] /home/travis/build/icyphy/ptII/ptolemy/domains/modal/test/auto/ResetFinal2.xml (RunModel)" time="0.027" />
  <testcase classname="ptolemy.util.test.junit.AutoTests" name="[107] /home/travis/build/icyphy/ptII/ptolemy/domains/modal/test/auto/ResetTransitionWithStartTime.xml (RunModel)" time="0.025" />
  <testcase classname="ptolemy.util.test.junit.AutoTests" name="[108] /home/travis/build/icyphy/ptII/ptolemy/domains/modal/test/auto/SDF-FSMComposite.xml (RunModel)" time="0.018" />
  <testcase classname="ptolemy.util.test.junit.AutoTests" name="[109] /home/travis/build/icyphy/ptII/ptolemy/domains/modal/test/auto/SeeminglyNondeterminate.xml (RunModel)" time="0.07" />
  <testcase classname="ptolemy.util.test.junit.AutoTests" name="[110] /home/travis/build/icyphy/ptII/ptolemy/domains/modal/test/auto/SeeminglyNondeterminate2.xml (RunModel)" time="0.064" />
  <testcase classname="ptolemy.util.test.junit.AutoTests" name="[111] /home/travis/build/icyphy/ptII/ptolemy/domains/modal/test/auto/SpontaneousFSM.xml (RunModel)" time="0.039" />
  <testcase classname="ptolemy.util.test.junit.AutoTests" name="[112] /home/travis/build/icyphy/ptII/ptolemy/domains/modal/test/auto/SpontaneousFSM2.xml (RunModel)" time="0.029" />
  <testcase classname="ptolemy.util.test.junit.AutoTests" name="[113] /home/travis/build/icyphy/ptII/ptolemy/domains/modal/test/auto/SpontaneousFSM3.xml (RunModel)" time="0.045" />
  <testcase classname="ptolemy.util.test.junit.AutoTests" name="[114] /home/travis/build/icyphy/ptII/ptolemy/domains/modal/test/auto/SpontaneousFSM4.xml (RunModel)" time="0.043" />
  <testcase classname="ptolemy.util.test.junit.AutoTests" name="[115] /home/travis/build/icyphy/ptII/ptolemy/domains/modal/test/auto/StateTrackerTest.xml (RunModel)" time="0.043" />
  <testcase classname="ptolemy.util.test.junit.AutoTests" name="[116] /home/travis/build/icyphy/ptII/ptolemy/domains/modal/test/auto/StrongImmediateTransition.xml (RunModel)" time="0.032" />
  <testcase classname="ptolemy.util.test.junit.AutoTests" name="[117] /home/travis/build/icyphy/ptII/ptolemy/domains/modal/test/auto/SustainHierarchy.xml (RunModel)" time="0.029" />
  <testcase classname="ptolemy.util.test.junit.AutoTests" name="[118] /home/travis/build/icyphy/ptII/ptolemy/domains/modal/test/auto/TerminationTransition1.xml (RunModel)" time="0.023" />
  <testcase classname="ptolemy.util.test.junit.AutoTests" name="[119] /home/travis/build/icyphy/ptII/ptolemy/domains/modal/test/auto/TerminationTransition2.xml (RunModel)" time="0.024" />
  <testcase classname="ptolemy.util.test.junit.AutoTests" name="[120] /home/travis/build/icyphy/ptII/ptolemy/domains/modal/test/auto/TerminationTransition3.xml (RunModel)" time="0.023" />
  <testcase classname="ptolemy.util.test.junit.AutoTests" name="[121] /home/travis/build/icyphy/ptII/ptolemy/domains/modal/test/auto/TerminationTransition4.xml (RunModel)" time="0.035" />
  <testcase classname="ptolemy.util.test.junit.AutoTests" name="[122] /home/travis/build/icyphy/ptII/ptolemy/domains/modal/test/auto/TerminationTransition5.xml (RunModel)" time="0.032" />
  <testcase classname="ptolemy.util.test.junit.AutoTests" name="[123] /home/travis/build/icyphy/ptII/ptolemy/domains/modal/test/auto/TerminationTransition6.xml (RunModel)" time="0.023" />
  <testcase classname="ptolemy.util.test.junit.AutoTests" name="[124] /home/travis/build/icyphy/ptII/ptolemy/domains/modal/test/auto/TerminationTransition7.xml (RunModel)" time="0.023" />
  <testcase classname="ptolemy.util.test.junit.AutoTests" name="[125] /home/travis/build/icyphy/ptII/ptolemy/domains/modal/test/auto/TerminationTransition8.xml (RunModel)" time="0.023" />
  <testcase classname="ptolemy.util.test.junit.AutoTests" name="[126] /home/travis/build/icyphy/ptII/ptolemy/domains/modal/test/auto/Thermostat_NoHysteresis.xml (RunModel)" time="0.061" />
  <testcase classname="ptolemy.util.test.junit.AutoTests" name="[127] /home/travis/build/icyphy/ptII/ptolemy/domains/modal/test/auto/TimedFSM.xml (RunModel)" time="0.056" />
  <testcase classname="ptolemy.util.test.junit.AutoTests" name="[128] /home/travis/build/icyphy/ptII/ptolemy/domains/modal/test/auto/Timeout1.xml (RunModel)" time="0.012" />
  <testcase classname="ptolemy.util.test.junit.AutoTests" name="[129] /home/travis/build/icyphy/ptII/ptolemy/domains/modal/test/auto/Timeout2.xml (RunModel)" time="0.018" />
  <testcase classname="ptolemy.util.test.junit.AutoTests" name="[130] /home/travis/build/icyphy/ptII/ptolemy/domains/modal/test/auto/Timeout3.xml (RunModel)" time="0.011" />
  <testcase classname="ptolemy.util.test.junit.AutoTests" name="[131] /home/travis/build/icyphy/ptII/ptolemy/domains/modal/test/auto/Timeout4.xml (RunModel)" time="0.014" />
  <testcase classname="ptolemy.util.test.junit.AutoTests" name="[132] /home/travis/build/icyphy/ptII/ptolemy/domains/modal/test/auto/TransientstateModelAdvanced.xml (RunModel)" time="0.029" />
  <testcase classname="ptolemy.util.test.junit.AutoTests" name="[133] /home/travis/build/icyphy/ptII/ptolemy/domains/modal/test/auto/TransientstateModelAdvanced2.xml (RunModel)" time="0.029" />
  <testcase classname="ptolemy.util.test.junit.AutoTests" name="[134] /home/travis/build/icyphy/ptII/ptolemy/domains/modal/test/auto/TransitionRefinements.xml (RunModel)" time="0.023" />
  <testcase classname="ptolemy.util.test.junit.AutoTests" name="[135] /home/travis/build/icyphy/ptII/ptolemy/domains/modal/test/auto/TwoRefinements1.xml (RunModel)" time="0.024" />
  <testcase classname="ptolemy.util.test.junit.AutoTests" name="[136] /home/travis/build/icyphy/ptII/ptolemy/domains/modal/test/auto/TwoRefinements2.xml (RunModel)" time="0.024" />
  <testcase classname="ptolemy.util.test.junit.AutoTests" name="[137] /home/travis/build/icyphy/ptII/ptolemy/domains/modal/test/auto/WeakImmediateTransition.xml (RunModel)" time="0.024" />
  <testcase classname="ptolemy.util.test.junit.AutoTests" name="[138] /home/travis/build/icyphy/ptII/ptolemy/domains/modal/test/auto/booleanSelect.xml (RunModel)" time="0.057" />
  <testcase classname="ptolemy.util.test.junit.AutoTests" name="[139] /home/travis/build/icyphy/ptII/ptolemy/domains/modal/test/auto/modalChangingParams.xml (RunModel)" time="0.24" />
  <testcase classname="ptolemy.util.test.junit.AutoTests" name="[140] /home/travis/build/icyphy/ptII/ptolemy/domains/modal/test/auto/modalModel.xml (RunModel)" time="0.021" />
  <testcase classname="ptolemy.util.test.junit.AutoTests" name="[141] /home/travis/build/icyphy/ptII/ptolemy/domains/modal/test/auto/modalModel2.xml (RunModel)" time="0.041" />
  <testcase classname="ptolemy.util.test.junit.AutoTests" name="[142] /home/travis/build/icyphy/ptII/ptolemy/domains/modal/test/auto/modalModel3.xml (RunModel)" time="0.037" />
  <testcase classname="ptolemy.util.test.junit.AutoTests" name="[143] /home/travis/build/icyphy/ptII/ptolemy/domains/modal/test/auto/model1.xml (RunModel)" time="0.021" />
  <testcase classname="ptolemy.util.test.junit.AutoTests" name="[144] /home/travis/build/icyphy/ptII/ptolemy/domains/modal/test/auto/test-direct-in-out.xml (RunModel)" time="0.024" />
  <system-out><![CDATA[/home/travis/build/icyphy/ptII/ptolemy/domains/modal/test/SystemLevelType.tcl
testDefs.tcl: setting time out to 9000 seconds at Wed Jan 30 07:44:20 UTC 2019
01/30/19 07:44:22
Failed: 0  Total Tests: 1  ((Passed: 1, Newly Passed: 0)  Known Failed: 0) /home/travis/build/icyphy/ptII/ptolemy/domains/modal/test
----------------- testing (KnownFailure) /home/travis/build/icyphy/ptII/ptolemy/domains/modal/test/auto/knownFailedTests/CannotAnalysisWithPreemption.xml
56 ms. Memory: 208384K Free: 79716K (38%)
Known Failure: java.lang.reflect.InvocationTargetException
No auto/linux-amd64/*.xml tests in /home/travis/build/icyphy/ptII/ptolemy/domains/modal/test
AutoTests.java: About to close Vertx.
AutoTests.java: Vertx closed.

===========================================================================================
----------------- testing Wed Jan 30 07:44:23 UTC 2019 /home/travis/build/icyphy/ptII/ptolemy/domains/modal/test/auto/ABPTest.xml
----------------- Instantiating /home/travis/build/icyphy/ptII/ptolemy/domains/modal/test/auto/ABPTest.xml
350 ms. Memory: 332288K Free: 308632K (93%)
----------------- Invoking toplevel() on ptolemy.moml.MoMLSimpleApplication@5b1ceaa7
----------------- Done invoking toplevel() on ptolemy.moml.MoMLSimpleApplication@5b1ceaa7
reloadAllAccessors: .ABPTest

===========================================================================================
----------------- testing Wed Jan 30 07:44:23 UTC 2019 /home/travis/build/icyphy/ptII/ptolemy/domains/modal/test/auto/ABROFlat.xml
----------------- Instantiating /home/travis/build/icyphy/ptII/ptolemy/domains/modal/test/auto/ABROFlat.xml
19 ms. Memory: 332288K Free: 286629K (86%)
----------------- Invoking toplevel() on ptolemy.moml.MoMLSimpleApplication@191fa0b3
----------------- Done invoking toplevel() on ptolemy.moml.MoMLSimpleApplication@191fa0b3
reloadAllAccessors: .ABROFlat

===========================================================================================
----------------- testing Wed Jan 30 07:44:23 UTC 2019 /home/travis/build/icyphy/ptII/ptolemy/domains/modal/test/auto/ABROFlat2.xml
----------------- Instantiating /home/travis/build/icyphy/ptII/ptolemy/domains/modal/test/auto/ABROFlat2.xml
14 ms. Memory: 332288K Free: 268599K (81%)
----------------- Invoking toplevel() on ptolemy.moml.MoMLSimpleApplication@6ff0b6d8
----------------- Done invoking toplevel() on ptolemy.moml.MoMLSimpleApplication@6ff0b6d8
reloadAllAccessors: .ABROFlat2

===========================================================================================
----------------- testing Wed Jan 30 07:44:23 UTC 2019 /home/travis/build/icyphy/ptII/ptolemy/domains/modal/test/auto/ABRO_present_hmm.xml
----------------- Instantiating /home/travis/build/icyphy/ptII/ptolemy/domains/modal/test/auto/ABRO_present_hmm.xml
29 ms. Memory: 332288K Free: 237551K (71%)
----------------- Invoking toplevel() on ptolemy.moml.MoMLSimpleApplication@7743b794
----------------- Done invoking toplevel() on ptolemy.moml.MoMLSimpleApplication@7743b794
reloadAllAccessors: .ABRO_present_hmm

===========================================================================================
----------------- testing Wed Jan 30 07:44:24 UTC 2019 /home/travis/build/icyphy/ptII/ptolemy/domains/modal/test/auto/AMICoderExample.xml
----------------- Instantiating /home/travis/build/icyphy/ptII/ptolemy/domains/modal/test/auto/AMICoderExample.xml
18 ms. Memory: 332288K Free: 226114K (68%)
----------------- Invoking toplevel() on ptolemy.moml.MoMLSimpleApplication@446dc0e9
----------------- Done invoking toplevel() on ptolemy.moml.MoMLSimpleApplication@446dc0e9
reloadAllAccessors: .AMICoderExample

===========================================================================================
----------------- testing Wed Jan 30 07:44:24 UTC 2019 /home/travis/build/icyphy/ptII/ptolemy/domains/modal/test/auto/AbsentToPresent.xml
----------------- Instantiating /home/travis/build/icyphy/ptII/ptolemy/domains/modal/test/auto/AbsentToPresent.xml
3 ms. Memory: 332288K Free: 217945K (66%)
----------------- Invoking toplevel() on ptolemy.moml.MoMLSimpleApplication@a695aa9
----------------- Done invoking toplevel() on ptolemy.moml.MoMLSimpleApplication@a695aa9
reloadAllAccessors: .AbsentToPresent

===========================================================================================
----------------- testing Wed Jan 30 07:44:24 UTC 2019 /home/travis/build/icyphy/ptII/ptolemy/domains/modal/test/auto/Blending.xml
----------------- Instantiating /home/travis/build/icyphy/ptII/ptolemy/domains/modal/test/auto/Blending.xml
149 ms. Memory: 332288K Free: 168876K (51%)
----------------- Invoking toplevel() on ptolemy.moml.MoMLSimpleApplication@10cd5732
----------------- Done invoking toplevel() on ptolemy.moml.MoMLSimpleApplication@10cd5732
reloadAllAccessors: .Blending

===========================================================================================
----------------- testing Wed Jan 30 07:44:24 UTC 2019 /home/travis/build/icyphy/ptII/ptolemy/domains/modal/test/auto/Broadcast.xml
----------------- Instantiating /home/travis/build/icyphy/ptII/ptolemy/domains/modal/test/auto/Broadcast.xml
8 ms. Memory: 332288K Free: 157438K (47%)
----------------- Invoking toplevel() on ptolemy.moml.MoMLSimpleApplication@3a60d81b
----------------- Done invoking toplevel() on ptolemy.moml.MoMLSimpleApplication@3a60d81b
reloadAllAccessors: .Broadcast

===========================================================================================
----------------- testing Wed Jan 30 07:44:24 UTC 2019 /home/travis/build/icyphy/ptII/ptolemy/domains/modal/test/auto/BroadcastHierarchy.xml
----------------- Instantiating /home/travis/build/icyphy/ptII/ptolemy/domains/modal/test/auto/BroadcastHierarchy.xml
18 ms. Memory: 332288K Free: 141084K (42%)
----------------- Invoking toplevel() on ptolemy.moml.MoMLSimpleApplication@7da6c6d1
----------------- Done invoking toplevel() on ptolemy.moml.MoMLSimpleApplication@7da6c6d1
reloadAllAccessors: .BroadcastHierarchy

===========================================================================================
----------------- testing Wed Jan 30 07:44:24 UTC 2019 /home/travis/build/icyphy/ptII/ptolemy/domains/modal/test/auto/BroadcastHierarchy2.xml
----------------- Instantiating /home/travis/build/icyphy/ptII/ptolemy/domains/modal/test/auto/BroadcastHierarchy2.xml
25 ms. Memory: 332288K Free: 106756K (32%)
----------------- Invoking toplevel() on ptolemy.moml.MoMLSimpleApplication@353ee14e
----------------- Done invoking toplevel() on ptolemy.moml.MoMLSimpleApplication@353ee14e
reloadAllAccessors: .BroadcastHierarchy2

===========================================================================================
----------------- testing Wed Jan 30 07:44:24 UTC 2019 /home/travis/build/icyphy/ptII/ptolemy/domains/modal/test/auto/BroadcastHierarchy3.xml
----------------- Instantiating /home/travis/build/icyphy/ptII/ptolemy/domains/modal/test/auto/BroadcastHierarchy3.xml
18 ms. Memory: 332288K Free: 78952K (24%)
----------------- Invoking toplevel() on ptolemy.moml.MoMLSimpleApplication@11012aca
----------------- Done invoking toplevel() on ptolemy.moml.MoMLSimpleApplication@11012aca
reloadAllAccessors: .BroadcastHierarchy3

===========================================================================================
----------------- testing Wed Jan 30 07:44:24 UTC 2019 /home/travis/build/icyphy/ptII/ptolemy/domains/modal/test/auto/BroadcastHierarchy4.xml
----------------- Instantiating /home/travis/build/icyphy/ptII/ptolemy/domains/modal/test/auto/BroadcastHierarchy4.xml
21 ms. Memory: 333824K Free: 296196K (89%)
----------------- Invoking toplevel() on ptolemy.moml.MoMLSimpleApplication@43c85a0b
----------------- Done invoking toplevel() on ptolemy.moml.MoMLSimpleApplication@43c85a0b
reloadAllAccessors: .BroadcastHierarchy4

===========================================================================================
----------------- testing Wed Jan 30 07:44:24 UTC 2019 /home/travis/build/icyphy/ptII/ptolemy/domains/modal/test/auto/CannotAnalysisWithPreemption2.xml
----------------- Instantiating /home/travis/build/icyphy/ptII/ptolemy/domains/modal/test/auto/CannotAnalysisWithPreemption2.xml
5 ms. Memory: 333824K Free: 285359K (85%)
----------------- Invoking toplevel() on ptolemy.moml.MoMLSimpleApplication@5cf319cf
----------------- Done invoking toplevel() on ptolemy.moml.MoMLSimpleApplication@5cf319cf
reloadAllAccessors: .CannotAnalysisWithPreemption2

===========================================================================================
----------------- testing Wed Jan 30 07:44:24 UTC 2019 /home/travis/build/icyphy/ptII/ptolemy/domains/modal/test/auto/CannotAnalysisWithPreemption3.xml
----------------- Instantiating /home/travis/build/icyphy/ptII/ptolemy/domains/modal/test/auto/CannotAnalysisWithPreemption3.xml
4 ms. Memory: 333824K Free: 273067K (82%)
----------------- Invoking toplevel() on ptolemy.moml.MoMLSimpleApplication@31d99be3
----------------- Done invoking toplevel() on ptolemy.moml.MoMLSimpleApplication@31d99be3
reloadAllAccessors: .CannotAnalysisWithPreemption3

===========================================================================================
----------------- testing Wed Jan 30 07:44:24 UTC 2019 /home/travis/build/icyphy/ptII/ptolemy/domains/modal/test/auto/CannotProduce.xml
----------------- Instantiating /home/travis/build/icyphy/ptII/ptolemy/domains/modal/test/auto/CannotProduce.xml
14 ms. Memory: 333824K Free: 265692K (80%)
----------------- Invoking toplevel() on ptolemy.moml.MoMLSimpleApplication@201a46c2
----------------- Done invoking toplevel() on ptolemy.moml.MoMLSimpleApplication@201a46c2
reloadAllAccessors: .CannotProduce

===========================================================================================
----------------- testing Wed Jan 30 07:44:24 UTC 2019 /home/travis/build/icyphy/ptII/ptolemy/domains/modal/test/auto/CannotProduceModal.xml
----------------- Instantiating /home/travis/build/icyphy/ptII/ptolemy/domains/modal/test/auto/CannotProduceModal.xml
8 ms. Memory: 333824K Free: 254903K (76%)
----------------- Invoking toplevel() on ptolemy.moml.MoMLSimpleApplication@12de7c5d
----------------- Done invoking toplevel() on ptolemy.moml.MoMLSimpleApplication@12de7c5d
reloadAllAccessors: .CannotProduceModal

===========================================================================================
----------------- testing Wed Jan 30 07:44:25 UTC 2019 /home/travis/build/icyphy/ptII/ptolemy/domains/modal/test/auto/Case.xml
----------------- Instantiating /home/travis/build/icyphy/ptII/ptolemy/domains/modal/test/auto/Case.xml
24 ms. Memory: 333824K Free: 242628K (73%)
----------------- Invoking toplevel() on ptolemy.moml.MoMLSimpleApplication@7cc5f01d
----------------- Done invoking toplevel() on ptolemy.moml.MoMLSimpleApplication@7cc5f01d
reloadAllAccessors: .Case

===========================================================================================
----------------- testing Wed Jan 30 07:44:25 UTC 2019 /home/travis/build/icyphy/ptII/ptolemy/domains/modal/test/auto/Case1.xml
----------------- Instantiating /home/travis/build/icyphy/ptII/ptolemy/domains/modal/test/auto/Case1.xml
5 ms. Memory: 333824K Free: 234040K (70%)
----------------- Invoking toplevel() on ptolemy.moml.MoMLSimpleApplication@166a12b8
----------------- Done invoking toplevel() on ptolemy.moml.MoMLSimpleApplication@166a12b8
reloadAllAccessors: .Case1

===========================================================================================
----------------- testing Wed Jan 30 07:44:25 UTC 2019 /home/travis/build/icyphy/ptII/ptolemy/domains/modal/test/auto/Case2.xml
----------------- Instantiating /home/travis/build/icyphy/ptII/ptolemy/domains/modal/test/auto/Case2.xml
28 ms. Memory: 333824K Free: 219587K (66%)
----------------- Invoking toplevel() on ptolemy.moml.MoMLSimpleApplication@41c77981
----------------- Done invoking toplevel() on ptolemy.moml.MoMLSimpleApplication@41c77981
reloadAllAccessors: .Case2

===========================================================================================
----------------- testing Wed Jan 30 07:44:25 UTC 2019 /home/travis/build/icyphy/ptII/ptolemy/domains/modal/test/auto/CausalityInterface1.xml
----------------- Instantiating /home/travis/build/icyphy/ptII/ptolemy/domains/modal/test/auto/CausalityInterface1.xml
3 ms. Memory: 333824K Free: 213450K (64%)
----------------- Invoking toplevel() on ptolemy.moml.MoMLSimpleApplication@2b248a24
----------------- Done invoking toplevel() on ptolemy.moml.MoMLSimpleApplication@2b248a24
reloadAllAccessors: .CausalityInterface1

===========================================================================================
----------------- testing Wed Jan 30 07:44:25 UTC 2019 /home/travis/build/icyphy/ptII/ptolemy/domains/modal/test/auto/CausalityInterface10.xml
----------------- Instantiating /home/travis/build/icyphy/ptII/ptolemy/domains/modal/test/auto/CausalityInterface10.xml
13 ms. Memory: 333824K Free: 197479K (59%)
----------------- Invoking toplevel() on ptolemy.moml.MoMLSimpleApplication@43faaab9
----------------- Done invoking toplevel() on ptolemy.moml.MoMLSimpleApplication@43faaab9
reloadAllAccessors: .CausalityInterface10

===========================================================================================
----------------- testing Wed Jan 30 07:44:25 UTC 2019 /home/travis/build/icyphy/ptII/ptolemy/domains/modal/test/auto/CausalityInterface11.xml
----------------- Instantiating /home/travis/build/icyphy/ptII/ptolemy/domains/modal/test/auto/CausalityInterface11.xml
7 ms. Memory: 333824K Free: 180576K (54%)
----------------- Invoking toplevel() on ptolemy.moml.MoMLSimpleApplication@7f544f49
----------------- Done invoking toplevel() on ptolemy.moml.MoMLSimpleApplication@7f544f49
reloadAllAccessors: .CausalityInterface11

===========================================================================================
----------------- testing Wed Jan 30 07:44:25 UTC 2019 /home/travis/build/icyphy/ptII/ptolemy/domains/modal/test/auto/CausalityInterface12.xml
----------------- Instantiating /home/travis/build/icyphy/ptII/ptolemy/domains/modal/test/auto/CausalityInterface12.xml
8 ms. Memory: 333824K Free: 165841K (50%)
----------------- Invoking toplevel() on ptolemy.moml.MoMLSimpleApplication@1fc5d7d4
----------------- Done invoking toplevel() on ptolemy.moml.MoMLSimpleApplication@1fc5d7d4
reloadAllAccessors: .CausalityInterface12

===========================================================================================
----------------- testing Wed Jan 30 07:44:25 UTC 2019 /home/travis/build/icyphy/ptII/ptolemy/domains/modal/test/auto/CausalityInterface13.xml
----------------- Instantiating /home/travis/build/icyphy/ptII/ptolemy/domains/modal/test/auto/CausalityInterface13.xml
11 ms. Memory: 333824K Free: 149854K (45%)
----------------- Invoking toplevel() on ptolemy.moml.MoMLSimpleApplication@43a1df12
----------------- Done invoking toplevel() on ptolemy.moml.MoMLSimpleApplication@43a1df12
reloadAllAccessors: .CausalityInterface13

===========================================================================================
----------------- testing Wed Jan 30 07:44:25 UTC 2019 /home/travis/build/icyphy/ptII/ptolemy/domains/modal/test/auto/CausalityInterface14.xml
----------------- Instantiating /home/travis/build/icyphy/ptII/ptolemy/domains/modal/test/auto/CausalityInterface14.xml
8 ms. Memory: 333824K Free: 131738K (39%)
----------------- Invoking toplevel() on ptolemy.moml.MoMLSimpleApplication@7d9ea5e9
----------------- Done invoking toplevel() on ptolemy.moml.MoMLSimpleApplication@7d9ea5e9
reloadAllAccessors: .CausalityInterface14

===========================================================================================
----------------- testing Wed Jan 30 07:44:25 UTC 2019 /home/travis/build/icyphy/ptII/ptolemy/domains/modal/test/auto/CausalityInterface2.xml
----------------- Instantiating /home/travis/build/icyphy/ptII/ptolemy/domains/modal/test/auto/CausalityInterface2.xml
5 ms. Memory: 333824K Free: 124379K (37%)
----------------- Invoking toplevel() on ptolemy.moml.MoMLSimpleApplication@3cf58e47
----------------- Done invoking toplevel() on ptolemy.moml.MoMLSimpleApplication@3cf58e47
reloadAllAccessors: .CausalityInterface2

===========================================================================================
----------------- testing Wed Jan 30 07:44:25 UTC 2019 /home/travis/build/icyphy/ptII/ptolemy/domains/modal/test/auto/CausalityInterface3.xml
----------------- Instantiating /home/travis/build/icyphy/ptII/ptolemy/domains/modal/test/auto/CausalityInterface3.xml
3 ms. Memory: 333824K Free: 117020K (35%)
----------------- Invoking toplevel() on ptolemy.moml.MoMLSimpleApplication@1772253d
----------------- Done invoking toplevel() on ptolemy.moml.MoMLSimpleApplication@1772253d
reloadAllAccessors: .CausalityInterface3

===========================================================================================
----------------- testing Wed Jan 30 07:44:25 UTC 2019 /home/travis/build/icyphy/ptII/ptolemy/domains/modal/test/auto/CausalityInterface4.xml
----------------- Instantiating /home/travis/build/icyphy/ptII/ptolemy/domains/modal/test/auto/CausalityInterface4.xml
3 ms. Memory: 333824K Free: 107476K (32%)
----------------- Invoking toplevel() on ptolemy.moml.MoMLSimpleApplication@648c19c0
----------------- Done invoking toplevel() on ptolemy.moml.MoMLSimpleApplication@648c19c0
reloadAllAccessors: .CausalityInterface4

===========================================================================================
----------------- testing Wed Jan 30 07:44:25 UTC 2019 /home/travis/build/icyphy/ptII/ptolemy/domains/modal/test/auto/CausalityInterface5.xml
----------------- Instantiating /home/travis/build/icyphy/ptII/ptolemy/domains/modal/test/auto/CausalityInterface5.xml
4 ms. Memory: 333824K Free: 97658K (29%)
----------------- Invoking toplevel() on ptolemy.moml.MoMLSimpleApplication@4531c77
----------------- Done invoking toplevel() on ptolemy.moml.MoMLSimpleApplication@4531c77
reloadAllAccessors: .CausalityInterface5

===========================================================================================
----------------- testing Wed Jan 30 07:44:25 UTC 2019 /home/travis/build/icyphy/ptII/ptolemy/domains/modal/test/auto/CausalityInterface6.xml
----------------- Instantiating /home/travis/build/icyphy/ptII/ptolemy/domains/modal/test/auto/CausalityInterface6.xml
3 ms. Memory: 333824K Free: 85664K (26%)
----------------- Invoking toplevel() on ptolemy.moml.MoMLSimpleApplication@4e698164
----------------- Done invoking toplevel() on ptolemy.moml.MoMLSimpleApplication@4e698164
reloadAllAccessors: .CausalityInterface6

===========================================================================================
----------------- testing Wed Jan 30 07:44:25 UTC 2019 /home/travis/build/icyphy/ptII/ptolemy/domains/modal/test/auto/CausalityInterface7.xml
----------------- Instantiating /home/travis/build/icyphy/ptII/ptolemy/domains/modal/test/auto/CausalityInterface7.xml
11 ms. Memory: 578048K Free: 562662K (97%)
----------------- Invoking toplevel() on ptolemy.moml.MoMLSimpleApplication@76f5277
----------------- Done invoking toplevel() on ptolemy.moml.MoMLSimpleApplication@76f5277
reloadAllAccessors: .CausalityInterface7

===========================================================================================
----------------- testing Wed Jan 30 07:44:25 UTC 2019 /home/travis/build/icyphy/ptII/ptolemy/domains/modal/test/auto/CausalityInterface8.xml
----------------- Instantiating /home/travis/build/icyphy/ptII/ptolemy/domains/modal/test/auto/CausalityInterface8.xml
5 ms. Memory: 578048K Free: 536821K (93%)
----------------- Invoking toplevel() on ptolemy.moml.MoMLSimpleApplication@4101f3b4
----------------- Done invoking toplevel() on ptolemy.moml.MoMLSimpleApplication@4101f3b4
reloadAllAccessors: .CausalityInterface8

===========================================================================================
----------------- testing Wed Jan 30 07:44:25 UTC 2019 /home/travis/build/icyphy/ptII/ptolemy/domains/modal/test/auto/CausalityInterface9.xml
----------------- Instantiating /home/travis/build/icyphy/ptII/ptolemy/domains/modal/test/auto/CausalityInterface9.xml
7 ms. Memory: 578048K Free: 523788K (91%)
----------------- Invoking toplevel() on ptolemy.moml.MoMLSimpleApplication@1a193f95
----------------- Done invoking toplevel() on ptolemy.moml.MoMLSimpleApplication@1a193f95
reloadAllAccessors: .CausalityInterface9

===========================================================================================
----------------- testing Wed Jan 30 07:44:25 UTC 2019 /home/travis/build/icyphy/ptII/ptolemy/domains/modal/test/auto/ChainedTransitions.xml
----------------- Instantiating /home/travis/build/icyphy/ptII/ptolemy/domains/modal/test/auto/ChainedTransitions.xml
92 ms. Memory: 578048K Free: 494401K (86%)
----------------- Invoking toplevel() on ptolemy.moml.MoMLSimpleApplication@4f5ec78
----------------- Done invoking toplevel() on ptolemy.moml.MoMLSimpleApplication@4f5ec78
reloadAllAccessors: .ChainedTransitions

===========================================================================================
----------------- testing Wed Jan 30 07:44:25 UTC 2019 /home/travis/build/icyphy/ptII/ptolemy/domains/modal/test/auto/CycleOfImmediateTransitionsFSM.xml
----------------- Instantiating /home/travis/build/icyphy/ptII/ptolemy/domains/modal/test/auto/CycleOfImmediateTransitionsFSM.xml
3 ms. Memory: 578048K Free: 484616K (84%)
----------------- Invoking toplevel() on ptolemy.moml.MoMLSimpleApplication@526f4526
----------------- Done invoking toplevel() on ptolemy.moml.MoMLSimpleApplication@526f4526
reloadAllAccessors: .CycleOfImmediateTransitionsFSM

===========================================================================================
----------------- testing Wed Jan 30 07:44:25 UTC 2019 /home/travis/build/icyphy/ptII/ptolemy/domains/modal/test/auto/CycleOfImmediateTransitionsModal.xml
----------------- Instantiating /home/travis/build/icyphy/ptII/ptolemy/domains/modal/test/auto/CycleOfImmediateTransitionsModal.xml
3 ms. Memory: 578048K Free: 471800K (82%)
----------------- Invoking toplevel() on ptolemy.moml.MoMLSimpleApplication@306ba6a8
----------------- Done invoking toplevel() on ptolemy.moml.MoMLSimpleApplication@306ba6a8
reloadAllAccessors: .CycleOfImmediateTransitionsModal

===========================================================================================
----------------- testing Wed Jan 30 07:44:26 UTC 2019 /home/travis/build/icyphy/ptII/ptolemy/domains/modal/test/auto/CycleOfImmediateTransitionsModal2.xml
----------------- Instantiating /home/travis/build/icyphy/ptII/ptolemy/domains/modal/test/auto/CycleOfImmediateTransitionsModal2.xml
6 ms. Memory: 578048K Free: 462015K (80%)
----------------- Invoking toplevel() on ptolemy.moml.MoMLSimpleApplication@18eded5e
----------------- Done invoking toplevel() on ptolemy.moml.MoMLSimpleApplication@18eded5e
reloadAllAccessors: .CycleOfImmediateTransitionsModal2

===========================================================================================
----------------- testing Wed Jan 30 07:44:26 UTC 2019 /home/travis/build/icyphy/ptII/ptolemy/domains/modal/test/auto/CycleOfImmediateTransitionsModal3.xml
----------------- Instantiating /home/travis/build/icyphy/ptII/ptolemy/domains/modal/test/auto/CycleOfImmediateTransitionsModal3.xml
11 ms. Memory: 578048K Free: 432644K (75%)
----------------- Invoking toplevel() on ptolemy.moml.MoMLSimpleApplication@53e55dd9
----------------- Done invoking toplevel() on ptolemy.moml.MoMLSimpleApplication@53e55dd9
reloadAllAccessors: .CycleOfImmediateTransitionsModal3

===========================================================================================
----------------- testing Wed Jan 30 07:44:26 UTC 2019 /home/travis/build/icyphy/ptII/ptolemy/domains/modal/test/auto/DeepModal1.xml
----------------- Instantiating /home/travis/build/icyphy/ptII/ptolemy/domains/modal/test/auto/DeepModal1.xml
26 ms. Memory: 578048K Free: 416330K (72%)
----------------- Invoking toplevel() on ptolemy.moml.MoMLSimpleApplication@ddcc501
----------------- Done invoking toplevel() on ptolemy.moml.MoMLSimpleApplication@ddcc501
reloadAllAccessors: .DeepModal1

===========================================================================================
----------------- testing Wed Jan 30 07:44:26 UTC 2019 /home/travis/build/icyphy/ptII/ptolemy/domains/modal/test/auto/DeepModal2.xml
----------------- Instantiating /home/travis/build/icyphy/ptII/ptolemy/domains/modal/test/auto/DeepModal2.xml
20 ms. Memory: 578048K Free: 390458K (68%)
----------------- Invoking toplevel() on ptolemy.moml.MoMLSimpleApplication@209ed462
----------------- Done invoking toplevel() on ptolemy.moml.MoMLSimpleApplication@209ed462
reloadAllAccessors: .DeepModal2

===========================================================================================
----------------- testing Wed Jan 30 07:44:26 UTC 2019 /home/travis/build/icyphy/ptII/ptolemy/domains/modal/test/auto/DeepModal3.xml
----------------- Instantiating /home/travis/build/icyphy/ptII/ptolemy/domains/modal/test/auto/DeepModal3.xml
29 ms. Memory: 578048K Free: 367584K (64%)
----------------- Invoking toplevel() on ptolemy.moml.MoMLSimpleApplication@4117d38f
----------------- Done invoking toplevel() on ptolemy.moml.MoMLSimpleApplication@4117d38f
reloadAllAccessors: .DeepModal3

===========================================================================================
----------------- testing Wed Jan 30 07:44:26 UTC 2019 /home/travis/build/icyphy/ptII/ptolemy/domains/modal/test/auto/DeepModal4.xml
----------------- Instantiating /home/travis/build/icyphy/ptII/ptolemy/domains/modal/test/auto/DeepModal4.xml
28 ms. Memory: 578048K Free: 344717K (60%)
----------------- Invoking toplevel() on ptolemy.moml.MoMLSimpleApplication@5bb18adf
----------------- Done invoking toplevel() on ptolemy.moml.MoMLSimpleApplication@5bb18adf
reloadAllAccessors: .DeepModal4

===========================================================================================
----------------- testing Wed Jan 30 07:44:26 UTC 2019 /home/travis/build/icyphy/ptII/ptolemy/domains/modal/test/auto/Default1.xml
----------------- Instantiating /home/travis/build/icyphy/ptII/ptolemy/domains/modal/test/auto/Default1.xml
2 ms. Memory: 578048K Free: 334948K (58%)
----------------- Invoking toplevel() on ptolemy.moml.MoMLSimpleApplication@26707a67
----------------- Done invoking toplevel() on ptolemy.moml.MoMLSimpleApplication@26707a67
reloadAllAccessors: .Default1

===========================================================================================
----------------- testing Wed Jan 30 07:44:26 UTC 2019 /home/travis/build/icyphy/ptII/ptolemy/domains/modal/test/auto/Default2.xml
----------------- Instantiating /home/travis/build/icyphy/ptII/ptolemy/domains/modal/test/auto/Default2.xml
2 ms. Memory: 578048K Free: 322149K (56%)
----------------- Invoking toplevel() on ptolemy.moml.MoMLSimpleApplication@7ecfda9c
----------------- Done invoking toplevel() on ptolemy.moml.MoMLSimpleApplication@7ecfda9c
reloadAllAccessors: .Default2

===========================================================================================
----------------- testing Wed Jan 30 07:44:26 UTC 2019 /home/travis/build/icyphy/ptII/ptolemy/domains/modal/test/auto/Default3.xml
----------------- Instantiating /home/travis/build/icyphy/ptII/ptolemy/domains/modal/test/auto/Default3.xml
3 ms. Memory: 578048K Free: 312364K (54%)
----------------- Invoking toplevel() on ptolemy.moml.MoMLSimpleApplication@dcd10f5
----------------- Done invoking toplevel() on ptolemy.moml.MoMLSimpleApplication@dcd10f5
reloadAllAccessors: .Default3

===========================================================================================
----------------- testing Wed Jan 30 07:44:26 UTC 2019 /home/travis/build/icyphy/ptII/ptolemy/domains/modal/test/auto/Default4.xml
----------------- Instantiating /home/travis/build/icyphy/ptII/ptolemy/domains/modal/test/auto/Default4.xml
3 ms. Memory: 578048K Free: 302595K (52%)
----------------- Invoking toplevel() on ptolemy.moml.MoMLSimpleApplication@a53c856
----------------- Done invoking toplevel() on ptolemy.moml.MoMLSimpleApplication@a53c856
reloadAllAccessors: .Default4

===========================================================================================
----------------- testing Wed Jan 30 07:44:26 UTC 2019 /home/travis/build/icyphy/ptII/ptolemy/domains/modal/test/auto/Default5.xml
----------------- Instantiating /home/travis/build/icyphy/ptII/ptolemy/domains/modal/test/auto/Default5.xml
9 ms. Memory: 578048K Free: 289554K (50%)
----------------- Invoking toplevel() on ptolemy.moml.MoMLSimpleApplication@5d5255a3
----------------- Done invoking toplevel() on ptolemy.moml.MoMLSimpleApplication@5d5255a3
reloadAllAccessors: .Default5

===========================================================================================
----------------- testing Wed Jan 30 07:44:26 UTC 2019 /home/travis/build/icyphy/ptII/ptolemy/domains/modal/test/auto/EmptyGuard.xml
----------------- Instantiating /home/travis/build/icyphy/ptII/ptolemy/domains/modal/test/auto/EmptyGuard.xml
9 ms. Memory: 578048K Free: 276746K (48%)
----------------- Invoking toplevel() on ptolemy.moml.MoMLSimpleApplication@70e866b4
----------------- Done invoking toplevel() on ptolemy.moml.MoMLSimpleApplication@70e866b4
reloadAllAccessors: .EmptyGuard

===========================================================================================
----------------- testing Wed Jan 30 07:44:26 UTC 2019 /home/travis/build/icyphy/ptII/ptolemy/domains/modal/test/auto/ErrorTransition1.xml
----------------- Instantiating /home/travis/build/icyphy/ptII/ptolemy/domains/modal/test/auto/ErrorTransition1.xml
7 ms. Memory: 578048K Free: 263704K (46%)
----------------- Invoking toplevel() on ptolemy.moml.MoMLSimpleApplication@24d21c85
----------------- Done invoking toplevel() on ptolemy.moml.MoMLSimpleApplication@24d21c85
reloadAllAccessors: .ErrorTransition1

===========================================================================================
----------------- testing Wed Jan 30 07:44:26 UTC 2019 /home/travis/build/icyphy/ptII/ptolemy/domains/modal/test/auto/ErrorTransition10.xml
----------------- Instantiating /home/travis/build/icyphy/ptII/ptolemy/domains/modal/test/auto/ErrorTransition10.xml
10 ms. Memory: 578048K Free: 247391K (43%)
----------------- Invoking toplevel() on ptolemy.moml.MoMLSimpleApplication@5cf9d88a
----------------- Done invoking toplevel() on ptolemy.moml.MoMLSimpleApplication@5cf9d88a
reloadAllAccessors: .ErrorTransition10

===========================================================================================
----------------- testing Wed Jan 30 07:44:26 UTC 2019 /home/travis/build/icyphy/ptII/ptolemy/domains/modal/test/auto/ErrorTransition11.xml
----------------- Instantiating /home/travis/build/icyphy/ptII/ptolemy/domains/modal/test/auto/ErrorTransition11.xml
4 ms. Memory: 578048K Free: 231085K (40%)
----------------- Invoking toplevel() on ptolemy.moml.MoMLSimpleApplication@1b53b0a4
----------------- Done invoking toplevel() on ptolemy.moml.MoMLSimpleApplication@1b53b0a4
reloadAllAccessors: .ErrorTransition11

===========================================================================================
----------------- testing Wed Jan 30 07:44:26 UTC 2019 /home/travis/build/icyphy/ptII/ptolemy/domains/modal/test/auto/ErrorTransition2.xml
----------------- Instantiating /home/travis/build/icyphy/ptII/ptolemy/domains/modal/test/auto/ErrorTransition2.xml
5 ms. Memory: 578048K Free: 215021K (37%)
----------------- Invoking toplevel() on ptolemy.moml.MoMLSimpleApplication@1ad2b8ec
----------------- Done invoking toplevel() on ptolemy.moml.MoMLSimpleApplication@1ad2b8ec
reloadAllAccessors: .ErrorTransition2

===========================================================================================
----------------- testing Wed Jan 30 07:44:26 UTC 2019 /home/travis/build/icyphy/ptII/ptolemy/domains/modal/test/auto/ErrorTransition3.xml
----------------- Instantiating /home/travis/build/icyphy/ptII/ptolemy/domains/modal/test/auto/ErrorTransition3.xml
6 ms. Memory: 578048K Free: 201964K (35%)
----------------- Invoking toplevel() on ptolemy.moml.MoMLSimpleApplication@5c8aaf38
----------------- Done invoking toplevel() on ptolemy.moml.MoMLSimpleApplication@5c8aaf38
reloadAllAccessors: .ErrorTransition3

===========================================================================================
----------------- testing Wed Jan 30 07:44:26 UTC 2019 /home/travis/build/icyphy/ptII/ptolemy/domains/modal/test/auto/ErrorTransition4.xml
----------------- Instantiating /home/travis/build/icyphy/ptII/ptolemy/domains/modal/test/auto/ErrorTransition4.xml
10 ms. Memory: 578048K Free: 188939K (33%)
----------------- Invoking toplevel() on ptolemy.moml.MoMLSimpleApplication@29e3bf8a
----------------- Done invoking toplevel() on ptolemy.moml.MoMLSimpleApplication@29e3bf8a
reloadAllAccessors: .ErrorTransition4

===========================================================================================
----------------- testing Wed Jan 30 07:44:26 UTC 2019 /home/travis/build/icyphy/ptII/ptolemy/domains/modal/test/auto/ErrorTransition5.xml
----------------- Instantiating /home/travis/build/icyphy/ptII/ptolemy/domains/modal/test/auto/ErrorTransition5.xml
5 ms. Memory: 578048K Free: 175897K (30%)
----------------- Invoking toplevel() on ptolemy.moml.MoMLSimpleApplication@2757733e
----------------- Done invoking toplevel() on ptolemy.moml.MoMLSimpleApplication@2757733e
reloadAllAccessors: .ErrorTransition5

===========================================================================================
----------------- testing Wed Jan 30 07:44:26 UTC 2019 /home/travis/build/icyphy/ptII/ptolemy/domains/modal/test/auto/ErrorTransition6.xml
----------------- Instantiating /home/travis/build/icyphy/ptII/ptolemy/domains/modal/test/auto/ErrorTransition6.xml
8 ms. Memory: 578048K Free: 159826K (28%)
----------------- Invoking toplevel() on ptolemy.moml.MoMLSimpleApplication@3ab08ccf
----------------- Done invoking toplevel() on ptolemy.moml.MoMLSimpleApplication@3ab08ccf
reloadAllAccessors: .ErrorTransition6

===========================================================================================
----------------- testing Wed Jan 30 07:44:26 UTC 2019 /home/travis/build/icyphy/ptII/ptolemy/domains/modal/test/auto/ErrorTransition7.xml
----------------- Instantiating /home/travis/build/icyphy/ptII/ptolemy/domains/modal/test/auto/ErrorTransition7.xml
11 ms. Memory: 578048K Free: 143512K (25%)
----------------- Invoking toplevel() on ptolemy.moml.MoMLSimpleApplication@6046ec79
----------------- Done invoking toplevel() on ptolemy.moml.MoMLSimpleApplication@6046ec79
reloadAllAccessors: .ErrorTransition7

===========================================================================================
----------------- testing Wed Jan 30 07:44:26 UTC 2019 /home/travis/build/icyphy/ptII/ptolemy/domains/modal/test/auto/ErrorTransition8.xml
----------------- Instantiating /home/travis/build/icyphy/ptII/ptolemy/domains/modal/test/auto/ErrorTransition8.xml
35 ms. Memory: 578048K Free: 127199K (22%)
----------------- Invoking toplevel() on ptolemy.moml.MoMLSimpleApplication@147d2bc3
----------------- Done invoking toplevel() on ptolemy.moml.MoMLSimpleApplication@147d2bc3
reloadAllAccessors: .ErrorTransition8

===========================================================================================
----------------- testing Wed Jan 30 07:44:26 UTC 2019 /home/travis/build/icyphy/ptII/ptolemy/domains/modal/test/auto/ErrorTransition9.xml
----------------- Instantiating /home/travis/build/icyphy/ptII/ptolemy/domains/modal/test/auto/ErrorTransition9.xml
12 ms. Memory: 578048K Free: 107871K (19%)
----------------- Invoking toplevel() on ptolemy.moml.MoMLSimpleApplication@67e192c0
----------------- Done invoking toplevel() on ptolemy.moml.MoMLSimpleApplication@67e192c0
reloadAllAccessors: .ErrorTransition9

===========================================================================================
----------------- testing Wed Jan 30 07:44:27 UTC 2019 /home/travis/build/icyphy/ptII/ptolemy/domains/modal/test/auto/ExtendedFSM.xml
----------------- Instantiating /home/travis/build/icyphy/ptII/ptolemy/domains/modal/test/auto/ExtendedFSM.xml
6 ms. Memory: 578048K Free: 98094K (17%)
----------------- Invoking toplevel() on ptolemy.moml.MoMLSimpleApplication@3a345cbb
----------------- Done invoking toplevel() on ptolemy.moml.MoMLSimpleApplication@3a345cbb
reloadAllAccessors: .ExtendedFSM

===========================================================================================
----------------- testing Wed Jan 30 07:44:27 UTC 2019 /home/travis/build/icyphy/ptII/ptolemy/domains/modal/test/auto/FinalStates.xml
----------------- Instantiating /home/travis/build/icyphy/ptII/ptolemy/domains/modal/test/auto/FinalStates.xml
9 ms. Memory: 578048K Free: 88317K (15%)
----------------- Invoking toplevel() on ptolemy.moml.MoMLSimpleApplication@43e406ed
----------------- Done invoking toplevel() on ptolemy.moml.MoMLSimpleApplication@43e406ed
reloadAllAccessors: .FinalStates

===========================================================================================
----------------- testing Wed Jan 30 07:44:27 UTC 2019 /home/travis/build/icyphy/ptII/ptolemy/domains/modal/test/auto/FixedPointFSM.xml
----------------- Instantiating /home/travis/build/icyphy/ptII/ptolemy/domains/modal/test/auto/FixedPointFSM.xml
18 ms. Memory: 578048K Free: 560195K (97%)
----------------- Invoking toplevel() on ptolemy.moml.MoMLSimpleApplication@54b4556d
----------------- Done invoking toplevel() on ptolemy.moml.MoMLSimpleApplication@54b4556d
reloadAllAccessors: .FixedPointFSM

===========================================================================================
----------------- testing Wed Jan 30 07:44:27 UTC 2019 /home/travis/build/icyphy/ptII/ptolemy/domains/modal/test/auto/FixedPointIterationFSMActor.xml
----------------- Instantiating /home/travis/build/icyphy/ptII/ptolemy/domains/modal/test/auto/FixedPointIterationFSMActor.xml
6 ms. Memory: 578048K Free: 545828K (94%)
----------------- Invoking toplevel() on ptolemy.moml.MoMLSimpleApplication@519ce5a8
----------------- Done invoking toplevel() on ptolemy.moml.MoMLSimpleApplication@519ce5a8
reloadAllAccessors: .FixedPointIterationFSMActor

===========================================================================================
----------------- testing Wed Jan 30 07:44:27 UTC 2019 /home/travis/build/icyphy/ptII/ptolemy/domains/modal/test/auto/FixedPointIterationFSMActor2.xml
----------------- Instantiating /home/travis/build/icyphy/ptII/ptolemy/domains/modal/test/auto/FixedPointIterationFSMActor2.xml
11 ms. Memory: 578048K Free: 531158K (92%)
----------------- Invoking toplevel() on ptolemy.moml.MoMLSimpleApplication@5f0f712d
----------------- Done invoking toplevel() on ptolemy.moml.MoMLSimpleApplication@5f0f712d
reloadAllAccessors: .FixedPointIterationFSMActor2

===========================================================================================
----------------- testing Wed Jan 30 07:44:27 UTC 2019 /home/travis/build/icyphy/ptII/ptolemy/domains/modal/test/auto/ForbiddenInstantanousLoop.xml
----------------- Instantiating /home/travis/build/icyphy/ptII/ptolemy/domains/modal/test/auto/ForbiddenInstantanousLoop.xml
4 ms. Memory: 578048K Free: 514349K (89%)
----------------- Invoking toplevel() on ptolemy.moml.MoMLSimpleApplication@2e9fa101
----------------- Done invoking toplevel() on ptolemy.moml.MoMLSimpleApplication@2e9fa101
reloadAllAccessors: .ForbiddenInstantanousLoop

===========================================================================================
----------------- testing Wed Jan 30 07:44:27 UTC 2019 /home/travis/build/icyphy/ptII/ptolemy/domains/modal/test/auto/FunctionDependencyOfFSMActorTest.xml
----------------- Instantiating /home/travis/build/icyphy/ptII/ptolemy/domains/modal/test/auto/FunctionDependencyOfFSMActorTest.xml
11 ms. Memory: 578048K Free: 507006K (88%)
----------------- Invoking toplevel() on ptolemy.moml.MoMLSimpleApplication@26032885
----------------- Done invoking toplevel() on ptolemy.moml.MoMLSimpleApplication@26032885
reloadAllAccessors: .FunctionDependencyOfFSMActorTest

===========================================================================================
----------------- testing Wed Jan 30 07:44:27 UTC 2019 /home/travis/build/icyphy/ptII/ptolemy/domains/modal/test/auto/GuardExpression.xml
----------------- Instantiating /home/travis/build/icyphy/ptII/ptolemy/domains/modal/test/auto/GuardExpression.xml
3 ms. Memory: 578048K Free: 499679K (86%)
----------------- Invoking toplevel() on ptolemy.moml.MoMLSimpleApplication@2398690d
----------------- Done invoking toplevel() on ptolemy.moml.MoMLSimpleApplication@2398690d
reloadAllAccessors: .GuardExpression

===========================================================================================
----------------- testing Wed Jan 30 07:44:27 UTC 2019 /home/travis/build/icyphy/ptII/ptolemy/domains/modal/test/auto/GuardNotEvaluated.xml
----------------- Instantiating /home/travis/build/icyphy/ptII/ptolemy/domains/modal/test/auto/GuardNotEvaluated.xml
5 ms. Memory: 578048K Free: 487771K (84%)
----------------- Invoking toplevel() on ptolemy.moml.MoMLSimpleApplication@21512687
----------------- Done invoking toplevel() on ptolemy.moml.MoMLSimpleApplication@21512687
reloadAllAccessors: .GuardNotEvaluated

===========================================================================================
----------------- testing Wed Jan 30 07:44:27 UTC 2019 /home/travis/build/icyphy/ptII/ptolemy/domains/modal/test/auto/GuardNotEvaluated2.xml
----------------- Instantiating /home/travis/build/icyphy/ptII/ptolemy/domains/modal/test/auto/GuardNotEvaluated2.xml
6 ms. Memory: 578048K Free: 478002K (83%)
----------------- Invoking toplevel() on ptolemy.moml.MoMLSimpleApplication@2ca851b1
----------------- Done invoking toplevel() on ptolemy.moml.MoMLSimpleApplication@2ca851b1
reloadAllAccessors: .GuardNotEvaluated2

===========================================================================================
----------------- testing Wed Jan 30 07:44:27 UTC 2019 /home/travis/build/icyphy/ptII/ptolemy/domains/modal/test/auto/GuardOnAbsent.xml
----------------- Instantiating /home/travis/build/icyphy/ptII/ptolemy/domains/modal/test/auto/GuardOnAbsent.xml
4 ms. Memory: 578048K Free: 468217K (81%)
----------------- Invoking toplevel() on ptolemy.moml.MoMLSimpleApplication@57747566
----------------- Done invoking toplevel() on ptolemy.moml.MoMLSimpleApplication@57747566
reloadAllAccessors: .GuardOnAbsent

===========================================================================================
----------------- testing Wed Jan 30 07:44:27 UTC 2019 /home/travis/build/icyphy/ptII/ptolemy/domains/modal/test/auto/HierarchicalFSMTypeInference.xml
----------------- Instantiating /home/travis/build/icyphy/ptII/ptolemy/domains/modal/test/auto/HierarchicalFSMTypeInference.xml
3 ms. Memory: 578048K Free: 451408K (78%)
----------------- Invoking toplevel() on ptolemy.moml.MoMLSimpleApplication@3dc3921b
----------------- Done invoking toplevel() on ptolemy.moml.MoMLSimpleApplication@3dc3921b
reloadAllAccessors: .HierarchicalFSMTypeInference

===========================================================================================
----------------- testing Wed Jan 30 07:44:27 UTC 2019 /home/travis/build/icyphy/ptII/ptolemy/domains/modal/test/auto/Hysteresis.xml
----------------- Instantiating /home/travis/build/icyphy/ptII/ptolemy/domains/modal/test/auto/Hysteresis.xml
11 ms. Memory: 578048K Free: 434288K (75%)
----------------- Invoking toplevel() on ptolemy.moml.MoMLSimpleApplication@7f6bb3be
----------------- Done invoking toplevel() on ptolemy.moml.MoMLSimpleApplication@7f6bb3be
reloadAllAccessors: .Hysteresis

===========================================================================================
----------------- testing Wed Jan 30 07:44:27 UTC 2019 /home/travis/build/icyphy/ptII/ptolemy/domains/modal/test/auto/HysteresisWithDefault.xml
----------------- Instantiating /home/travis/build/icyphy/ptII/ptolemy/domains/modal/test/auto/HysteresisWithDefault.xml
40 ms. Memory: 578048K Free: 405227K (70%)
----------------- Invoking toplevel() on ptolemy.moml.MoMLSimpleApplication@30a3cf96
----------------- Done invoking toplevel() on ptolemy.moml.MoMLSimpleApplication@30a3cf96
reloadAllAccessors: .HysteresisWithDefault

===========================================================================================
----------------- testing Wed Jan 30 07:44:27 UTC 2019 /home/travis/build/icyphy/ptII/ptolemy/domains/modal/test/auto/HysteresisWithDefault2.xml
----------------- Instantiating /home/travis/build/icyphy/ptII/ptolemy/domains/modal/test/auto/HysteresisWithDefault2.xml
40 ms. Memory: 578048K Free: 373358K (65%)
----------------- Invoking toplevel() on ptolemy.moml.MoMLSimpleApplication@48c84cb2
----------------- Done invoking toplevel() on ptolemy.moml.MoMLSimpleApplication@48c84cb2
reloadAllAccessors: .HysteresisWithDefault2

===========================================================================================
----------------- testing Wed Jan 30 07:44:27 UTC 2019 /home/travis/build/icyphy/ptII/ptolemy/domains/modal/test/auto/ImmediateNonConstructiveness.xml
----------------- Instantiating /home/travis/build/icyphy/ptII/ptolemy/domains/modal/test/auto/ImmediateNonConstructiveness.xml
3 ms. Memory: 578048K Free: 363573K (63%)
----------------- Invoking toplevel() on ptolemy.moml.MoMLSimpleApplication@4c125366
----------------- Done invoking toplevel() on ptolemy.moml.MoMLSimpleApplication@4c125366
reloadAllAccessors: .ImmediateNonConstructiveness

===========================================================================================
----------------- testing Wed Jan 30 07:44:27 UTC 2019 /home/travis/build/icyphy/ptII/ptolemy/domains/modal/test/auto/ImmediateNonConstructiveness2.xml
----------------- Instantiating /home/travis/build/icyphy/ptII/ptolemy/domains/modal/test/auto/ImmediateNonConstructiveness2.xml
2 ms. Memory: 578048K Free: 351648K (61%)
----------------- Invoking toplevel() on ptolemy.moml.MoMLSimpleApplication@6adb8dcb
----------------- Done invoking toplevel() on ptolemy.moml.MoMLSimpleApplication@6adb8dcb
reloadAllAccessors: .ImmediateNonConstructiveness2

===========================================================================================
----------------- testing Wed Jan 30 07:44:27 UTC 2019 /home/travis/build/icyphy/ptII/ptolemy/domains/modal/test/auto/ImmediateTransitionReset.xml
----------------- Instantiating /home/travis/build/icyphy/ptII/ptolemy/domains/modal/test/auto/ImmediateTransitionReset.xml
3 ms. Memory: 578048K Free: 336947K (58%)
----------------- Invoking toplevel() on ptolemy.moml.MoMLSimpleApplication@200323c2
----------------- Done invoking toplevel() on ptolemy.moml.MoMLSimpleApplication@200323c2
reloadAllAccessors: .ImmediateTransitionReset

===========================================================================================
----------------- testing Wed Jan 30 07:44:27 UTC 2019 /home/travis/build/icyphy/ptII/ptolemy/domains/modal/test/auto/ImmediateTransitions1.xml
----------------- Instantiating /home/travis/build/icyphy/ptII/ptolemy/domains/modal/test/auto/ImmediateTransitions1.xml
1 ms. Memory: 578048K Free: 329620K (57%)
----------------- Invoking toplevel() on ptolemy.moml.MoMLSimpleApplication@7dc0d00f
----------------- Done invoking toplevel() on ptolemy.moml.MoMLSimpleApplication@7dc0d00f
reloadAllAccessors: .ImmediateTransitions1

===========================================================================================
----------------- testing Wed Jan 30 07:44:27 UTC 2019 /home/travis/build/icyphy/ptII/ptolemy/domains/modal/test/auto/ImmediateTransitionsInstantaneousCommunication.xml
----------------- Instantiating /home/travis/build/icyphy/ptII/ptolemy/domains/modal/test/auto/ImmediateTransitionsInstantaneousCommunication.xml
3 ms. Memory: 578048K Free: 312810K (54%)
----------------- Invoking toplevel() on ptolemy.moml.MoMLSimpleApplication@115a9553
----------------- Done invoking toplevel() on ptolemy.moml.MoMLSimpleApplication@115a9553
reloadAllAccessors: .ImmediateTransitionsInstantaneousCommunication

===========================================================================================
----------------- testing Wed Jan 30 07:44:27 UTC 2019 /home/travis/build/icyphy/ptII/ptolemy/domains/modal/test/auto/InitialImmediateTransition.xml
----------------- Instantiating /home/travis/build/icyphy/ptII/ptolemy/domains/modal/test/auto/InitialImmediateTransition.xml
3 ms. Memory: 578048K Free: 303025K (52%)
----------------- Invoking toplevel() on ptolemy.moml.MoMLSimpleApplication@53629f9a
----------------- Done invoking toplevel() on ptolemy.moml.MoMLSimpleApplication@53629f9a
reloadAllAccessors: .InitialImmediateTransition

===========================================================================================
----------------- testing Wed Jan 30 07:44:27 UTC 2019 /home/travis/build/icyphy/ptII/ptolemy/domains/modal/test/auto/InitialOutputs.xml
----------------- Instantiating /home/travis/build/icyphy/ptII/ptolemy/domains/modal/test/auto/InitialOutputs.xml
3 ms. Memory: 578048K Free: 291117K (50%)
----------------- Invoking toplevel() on ptolemy.moml.MoMLSimpleApplication@580c4605
----------------- Done invoking toplevel() on ptolemy.moml.MoMLSimpleApplication@580c4605
reloadAllAccessors: .InitialOutputs

===========================================================================================
----------------- testing Wed Jan 30 07:44:27 UTC 2019 /home/travis/build/icyphy/ptII/ptolemy/domains/modal/test/auto/InitialStateTransition1.xml
----------------- Instantiating /home/travis/build/icyphy/ptII/ptolemy/domains/modal/test/auto/InitialStateTransition1.xml
2 ms. Memory: 578048K Free: 281332K (49%)
----------------- Invoking toplevel() on ptolemy.moml.MoMLSimpleApplication@3b50b769
----------------- Done invoking toplevel() on ptolemy.moml.MoMLSimpleApplication@3b50b769
reloadAllAccessors: .InitialStateTransition1

===========================================================================================
----------------- testing Wed Jan 30 07:44:27 UTC 2019 /home/travis/build/icyphy/ptII/ptolemy/domains/modal/test/auto/InitialStateTransition2.xml
----------------- Instantiating /home/travis/build/icyphy/ptII/ptolemy/domains/modal/test/auto/InitialStateTransition2.xml
.InitialStateTransition2.TestExceptionAttributeNonConstructive: initialize() was not invoked, but wrapup() was.  This is unusual, but not always a problem.  For example, exporting JNLP will do this.
1 ms. Memory: 578048K Free: 271546K (47%)
----------------- Invoking toplevel() on ptolemy.moml.MoMLSimpleApplication@6c54ff64
----------------- Done invoking toplevel() on ptolemy.moml.MoMLSimpleApplication@6c54ff64
reloadAllAccessors: .InitialStateTransition2

===========================================================================================
----------------- testing Wed Jan 30 07:44:27 UTC 2019 /home/travis/build/icyphy/ptII/ptolemy/domains/modal/test/auto/InitialStateTransition3.xml
----------------- Instantiating /home/travis/build/icyphy/ptII/ptolemy/domains/modal/test/auto/InitialStateTransition3.xml
3 ms. Memory: 578048K Free: 257204K (44%)
----------------- Invoking toplevel() on ptolemy.moml.MoMLSimpleApplication@28d94a87
----------------- Done invoking toplevel() on ptolemy.moml.MoMLSimpleApplication@28d94a87
reloadAllAccessors: .InitialStateTransition3

===========================================================================================
----------------- testing Wed Jan 30 07:44:27 UTC 2019 /home/travis/build/icyphy/ptII/ptolemy/domains/modal/test/auto/InitialStateTransition4.xml
----------------- Instantiating /home/travis/build/icyphy/ptII/ptolemy/domains/modal/test/auto/InitialStateTransition4.xml
3 ms. Memory: 578048K Free: 244960K (42%)
----------------- Invoking toplevel() on ptolemy.moml.MoMLSimpleApplication@36e6b3b5
----------------- Done invoking toplevel() on ptolemy.moml.MoMLSimpleApplication@36e6b3b5
[...]
----------------- Done invoking toplevel() on ptolemy.moml.MoMLSimpleApplication@3d108c1d
reloadAllAccessors: .TerminationTransition3

===========================================================================================
----------------- testing Wed Jan 30 07:44:29 UTC 2019 /home/travis/build/icyphy/ptII/ptolemy/domains/modal/test/auto/TerminationTransition4.xml
----------------- Instantiating /home/travis/build/icyphy/ptII/ptolemy/domains/modal/test/auto/TerminationTransition4.xml
4 ms. Memory: 871936K Free: 180394K (21%)
----------------- Invoking toplevel() on ptolemy.moml.MoMLSimpleApplication@3ece7357
----------------- Done invoking toplevel() on ptolemy.moml.MoMLSimpleApplication@3ece7357
reloadAllAccessors: .TerminationTransition4

===========================================================================================
----------------- testing Wed Jan 30 07:44:29 UTC 2019 /home/travis/build/icyphy/ptII/ptolemy/domains/modal/test/auto/TerminationTransition5.xml
----------------- Instantiating /home/travis/build/icyphy/ptII/ptolemy/domains/modal/test/auto/TerminationTransition5.xml
3 ms. Memory: 871936K Free: 159529K (18%)
----------------- Invoking toplevel() on ptolemy.moml.MoMLSimpleApplication@6cfbf0ec
----------------- Done invoking toplevel() on ptolemy.moml.MoMLSimpleApplication@6cfbf0ec
reloadAllAccessors: .TerminationTransition5

===========================================================================================
----------------- testing Wed Jan 30 07:44:29 UTC 2019 /home/travis/build/icyphy/ptII/ptolemy/domains/modal/test/auto/TerminationTransition6.xml
----------------- Instantiating /home/travis/build/icyphy/ptII/ptolemy/domains/modal/test/auto/TerminationTransition6.xml
2 ms. Memory: 871936K Free: 141355K (16%)
----------------- Invoking toplevel() on ptolemy.moml.MoMLSimpleApplication@3cf6c566
----------------- Done invoking toplevel() on ptolemy.moml.MoMLSimpleApplication@3cf6c566
reloadAllAccessors: .TerminationTransition6

===========================================================================================
----------------- testing Wed Jan 30 07:44:29 UTC 2019 /home/travis/build/icyphy/ptII/ptolemy/domains/modal/test/auto/TerminationTransition7.xml
----------------- Instantiating /home/travis/build/icyphy/ptII/ptolemy/domains/modal/test/auto/TerminationTransition7.xml
2 ms. Memory: 871936K Free: 125718K (14%)
----------------- Invoking toplevel() on ptolemy.moml.MoMLSimpleApplication@15e023e0
----------------- Done invoking toplevel() on ptolemy.moml.MoMLSimpleApplication@15e023e0
reloadAllAccessors: .TerminationTransition7

===========================================================================================
----------------- testing Wed Jan 30 07:44:29 UTC 2019 /home/travis/build/icyphy/ptII/ptolemy/domains/modal/test/auto/TerminationTransition8.xml
----------------- Instantiating /home/travis/build/icyphy/ptII/ptolemy/domains/modal/test/auto/TerminationTransition8.xml
3 ms. Memory: 871936K Free: 110066K (13%)
----------------- Invoking toplevel() on ptolemy.moml.MoMLSimpleApplication@5a33a2b2
----------------- Done invoking toplevel() on ptolemy.moml.MoMLSimpleApplication@5a33a2b2
reloadAllAccessors: .TerminationTransition8

===========================================================================================
----------------- testing Wed Jan 30 07:44:29 UTC 2019 /home/travis/build/icyphy/ptII/ptolemy/domains/modal/test/auto/Thermostat_NoHysteresis.xml
----------------- Instantiating /home/travis/build/icyphy/ptII/ptolemy/domains/modal/test/auto/Thermostat_NoHysteresis.xml
26 ms. Memory: 871936K Free: 78928K (9%)
----------------- Invoking toplevel() on ptolemy.moml.MoMLSimpleApplication@6e3e60b5
----------------- Done invoking toplevel() on ptolemy.moml.MoMLSimpleApplication@6e3e60b5
reloadAllAccessors: .Thermostat_NoHysteresis

===========================================================================================
----------------- testing Wed Jan 30 07:44:29 UTC 2019 /home/travis/build/icyphy/ptII/ptolemy/domains/modal/test/auto/TimedFSM.xml
----------------- Instantiating /home/travis/build/icyphy/ptII/ptolemy/domains/modal/test/auto/TimedFSM.xml
7 ms. Memory: 871936K Free: 844882K (97%)
----------------- Invoking toplevel() on ptolemy.moml.MoMLSimpleApplication@1cb45af1
----------------- Done invoking toplevel() on ptolemy.moml.MoMLSimpleApplication@1cb45af1
reloadAllAccessors: .TimedFSM

===========================================================================================
----------------- testing Wed Jan 30 07:44:29 UTC 2019 /home/travis/build/icyphy/ptII/ptolemy/domains/modal/test/auto/Timeout1.xml
----------------- Instantiating /home/travis/build/icyphy/ptII/ptolemy/domains/modal/test/auto/Timeout1.xml
3 ms. Memory: 871936K Free: 832460K (95%)
----------------- Invoking toplevel() on ptolemy.moml.MoMLSimpleApplication@4b686bf8
----------------- Done invoking toplevel() on ptolemy.moml.MoMLSimpleApplication@4b686bf8
reloadAllAccessors: .Timeout1

===========================================================================================
----------------- testing Wed Jan 30 07:44:29 UTC 2019 /home/travis/build/icyphy/ptII/ptolemy/domains/modal/test/auto/Timeout2.xml
----------------- Instantiating /home/travis/build/icyphy/ptII/ptolemy/domains/modal/test/auto/Timeout2.xml
5 ms. Memory: 871936K Free: 816808K (94%)
----------------- Invoking toplevel() on ptolemy.moml.MoMLSimpleApplication@7ec62390
----------------- Done invoking toplevel() on ptolemy.moml.MoMLSimpleApplication@7ec62390
reloadAllAccessors: .Timeout2

===========================================================================================
----------------- testing Wed Jan 30 07:44:29 UTC 2019 /home/travis/build/icyphy/ptII/ptolemy/domains/modal/test/auto/Timeout3.xml
----------------- Instantiating /home/travis/build/icyphy/ptII/ptolemy/domains/modal/test/auto/Timeout3.xml
2 ms. Memory: 871936K Free: 804549K (92%)
----------------- Invoking toplevel() on ptolemy.moml.MoMLSimpleApplication@51012e35
----------------- Done invoking toplevel() on ptolemy.moml.MoMLSimpleApplication@51012e35
reloadAllAccessors: .Timeout3

===========================================================================================
----------------- testing Wed Jan 30 07:44:29 UTC 2019 /home/travis/build/icyphy/ptII/ptolemy/domains/modal/test/auto/Timeout4.xml
----------------- Instantiating /home/travis/build/icyphy/ptII/ptolemy/domains/modal/test/auto/Timeout4.xml
2 ms. Memory: 871936K Free: 794125K (91%)
----------------- Invoking toplevel() on ptolemy.moml.MoMLSimpleApplication@2906532b
----------------- Done invoking toplevel() on ptolemy.moml.MoMLSimpleApplication@2906532b
reloadAllAccessors: .Timeout4

===========================================================================================
----------------- testing Wed Jan 30 07:44:29 UTC 2019 /home/travis/build/icyphy/ptII/ptolemy/domains/modal/test/auto/TransientstateModelAdvanced.xml
----------------- Instantiating /home/travis/build/icyphy/ptII/ptolemy/domains/modal/test/auto/TransientstateModelAdvanced.xml
3 ms. Memory: 871936K Free: 771441K (88%)
----------------- Invoking toplevel() on ptolemy.moml.MoMLSimpleApplication@399acd02
----------------- Done invoking toplevel() on ptolemy.moml.MoMLSimpleApplication@399acd02
reloadAllAccessors: .TransientstateModelAdvanced

===========================================================================================
----------------- testing Wed Jan 30 07:44:29 UTC 2019 /home/travis/build/icyphy/ptII/ptolemy/domains/modal/test/auto/TransientstateModelAdvanced2.xml
----------------- Instantiating /home/travis/build/icyphy/ptII/ptolemy/domains/modal/test/auto/TransientstateModelAdvanced2.xml
3 ms. Memory: 871936K Free: 750585K (86%)
----------------- Invoking toplevel() on ptolemy.moml.MoMLSimpleApplication@3c2c96b9
----------------- Done invoking toplevel() on ptolemy.moml.MoMLSimpleApplication@3c2c96b9
reloadAllAccessors: .transientstatemodelAdvanced

===========================================================================================
----------------- testing Wed Jan 30 07:44:29 UTC 2019 /home/travis/build/icyphy/ptII/ptolemy/domains/modal/test/auto/TransitionRefinements.xml
----------------- Instantiating /home/travis/build/icyphy/ptII/ptolemy/domains/modal/test/auto/TransitionRefinements.xml
8 ms. Memory: 871936K Free: 733098K (84%)
----------------- Invoking toplevel() on ptolemy.moml.MoMLSimpleApplication@3bc52738
----------------- Done invoking toplevel() on ptolemy.moml.MoMLSimpleApplication@3bc52738
reloadAllAccessors: .TransitionRefinements

===========================================================================================
----------------- testing Wed Jan 30 07:44:29 UTC 2019 /home/travis/build/icyphy/ptII/ptolemy/domains/modal/test/auto/TwoRefinements1.xml
----------------- Instantiating /home/travis/build/icyphy/ptII/ptolemy/domains/modal/test/auto/TwoRefinements1.xml
4 ms. Memory: 871936K Free: 717445K (82%)
----------------- Invoking toplevel() on ptolemy.moml.MoMLSimpleApplication@61c880bb
----------------- Done invoking toplevel() on ptolemy.moml.MoMLSimpleApplication@61c880bb
reloadAllAccessors: .TwoRefinements1

===========================================================================================
----------------- testing Wed Jan 30 07:44:29 UTC 2019 /home/travis/build/icyphy/ptII/ptolemy/domains/modal/test/auto/TwoRefinements2.xml
----------------- Instantiating /home/travis/build/icyphy/ptII/ptolemy/domains/modal/test/auto/TwoRefinements2.xml
2 ms. Memory: 871936K Free: 699966K (80%)
----------------- Invoking toplevel() on ptolemy.moml.MoMLSimpleApplication@551f885b
----------------- Done invoking toplevel() on ptolemy.moml.MoMLSimpleApplication@551f885b
reloadAllAccessors: .TwoRefinements2

===========================================================================================
----------------- testing Wed Jan 30 07:44:29 UTC 2019 /home/travis/build/icyphy/ptII/ptolemy/domains/modal/test/auto/WeakImmediateTransition.xml
----------------- Instantiating /home/travis/build/icyphy/ptII/ptolemy/domains/modal/test/auto/WeakImmediateTransition.xml
7 ms. Memory: 871936K Free: 684314K (78%)
----------------- Invoking toplevel() on ptolemy.moml.MoMLSimpleApplication@125ada0c
----------------- Done invoking toplevel() on ptolemy.moml.MoMLSimpleApplication@125ada0c
reloadAllAccessors: .WeakImmediateTransition

===========================================================================================
----------------- testing Wed Jan 30 07:44:30 UTC 2019 /home/travis/build/icyphy/ptII/ptolemy/domains/modal/test/auto/booleanSelect.xml
----------------- Instantiating /home/travis/build/icyphy/ptII/ptolemy/domains/modal/test/auto/booleanSelect.xml
35 ms. Memory: 871936K Free: 656386K (75%)
----------------- Invoking toplevel() on ptolemy.moml.MoMLSimpleApplication@45574a67
----------------- Done invoking toplevel() on ptolemy.moml.MoMLSimpleApplication@45574a67
reloadAllAccessors: .booleanSelect

===========================================================================================
----------------- testing Wed Jan 30 07:44:30 UTC 2019 /home/travis/build/icyphy/ptII/ptolemy/domains/modal/test/auto/modalChangingParams.xml
----------------- Instantiating /home/travis/build/icyphy/ptII/ptolemy/domains/modal/test/auto/modalChangingParams.xml
0
1
0
2
4
6
8
7
0
2
4
6
8
13
0
2
4
6
8
19
0
2
4
6
8
25
0
2
4
6
8
31
0
2
4
6
8
37
0
2
4
6
8
43
0
2
4
6
8
49
0
2
4
6
8
55
0
2
4
6
8
61
0
2
4
6
8
67
0
2
4
6
8
73
0
2
4
6
8
79
0
2
4
6
8
85
0
2
4
6
8
91
0
2
4
6
8
97
0
2
4
6
8
103
0
2
4
6
8
109
0
2
4
6
8
115
0
2
4
6
8
121
0
2
4
6
8
127
0
2
4
6
8
133
0
2
4
6
8
139
0
2
4
6
8
145
0
2
4
6
8
151
0
2
4
6
8
157
0
2
4
6
8
163
0
2
4
6
8
169
0
2
4
6
8
175
0
2
4
6
8
181
0
2
4
6
8
187
0
2
4
6
8
193
0
2
4
6
8
199
0
2
4
6
8
205
0
2
4
6
8
211
0
2
4
6
8
217
0
2
4
6
8
223
0
2
4
6
8
229
0
2
4
6
8
235
0
2
4
6
8
241
0
2
4
6
8
247
0
2
4
6
8
253
0
2
4
6
8
259
0
2
4
6
8
265
0
2
4
6
8
271
0
2
4
6
8
277
0
2
4
6
8
283
0
2
4
6
8
289
0
2
4
6
8
295
0
2
4
6
8
301
0
2
4
6
8
307
0
2
4
6
8
313
0
2
4
6
8
319
0
2
4
6
8
325
0
2
4
6
8
331
0
2
4
6
8
337
0
2
4
6
8
343
0
2
4
6
8
349
0
2
4
6
8
355
0
2
4
6
8
361
0
2
4
6
8
367
0
2
4
6
8
373
0
2
4
6
8
379
0
2
4
6
8
385
0
2
4
6
8
391
0
2
4
6
8
397
0
2
4
6
8
403
0
2
4
6
8
409
0
2
4
6
8
415
0
2
4
6
8
421
0
2
4
6
8
427
0
2
4
6
8
433
0
2
4
6
8
439
0
2
4
6
8
445
0
2
4
6
8
451
0
2
4
6
8
457
0
2
4
6
8
463
0
2
4
6
8
469
0
2
4
6
8
475
0
2
4
6
8
481
0
2
4
6
8
487
0
2
4
6
8
493
0
2
4
6
8
499
0
2
4
6
8
505
0
2
4
6
8
511
0
2
4
6
8
517
0
2
4
6
8
523
0
2
4
6
8
529
0
2
4
6
8
535
0
2
4
6
8
541
0
2
4
6
8
547
0
2
4
6
8
553
0
2
4
6
8
559
0
2
4
6
8
565
0
2
4
6
8
571
0
2
4
6
8
577
0
2
4
6
8
583
0
2
4
6
8
589
0
2
4
6
8
595
0
2
4
6
8
601
0
2
4
6
8
607
0
2
4
6
8
613
0
2
4
6
8
619
0
2
4
6
8
625
0
2
4
6
8
631
0
2
4
6
8
637
0
2
4
6
8
643
0
2
4
6
8
649
0
2
4
6
8
655
0
2
4
6
8
661
0
2
4
6
8
667
0
2
4
6
8
673
0
2
4
6
8
679
0
2
4
6
8
685
0
2
4
6
8
691
0
2
4
6
8
697
0
2
4
6
8
703
0
2
4
6
8
709
0
2
4
6
8
715
0
2
4
6
8
721
0
2
4
6
8
727
0
2
4
6
8
733
0
2
4
6
8
739
0
2
4
6
8
745
0
2
4
6
8
751
0
2
4
6
8
757
0
2
4
6
8
763
0
2
4
6
8
769
0
2
4
6
8
775
0
2
4
6
8
781
0
2
4
6
8
787
0
2
4
6
8
793
0
2
4
6
8
799
0
2
4
6
8
805
0
2
4
6
8
811
0
2
4
6
8
817
0
2
4
6
8
823
0
2
4
6
8
829
0
2
4
6
8
835
0
2
4
6
8
841
0
2
4
6
8
847
0
2
4
6
8
853
0
2
4
6
8
859
0
2
4
6
8
865
0
2
4
6
8
871
0
2
4
6
8
877
0
2
4
6
8
883
0
2
4
6
8
889
0
2
4
6
8
895
0
2
4
6
8
901
0
2
4
6
8
907
0
2
4
6
8
913
0
2
4
6
8
919
0
2
4
6
8
925
0
2
4
6
8
931
0
2
4
6
8
937
0
2
4
6
8
943
0
2
4
6
8
949
0
2
4
6
8
955
0
2
4
6
8
961
0
2
4
6
8
967
0
2
4
6
8
973
0
2
4
6
8
979
0
2
4
6
8
985
0
2
4
6
8
991
0
2
4
6
8
997
0
2
218 ms. Memory: 871936K Free: 541526K (62%)
----------------- Invoking toplevel() on ptolemy.moml.MoMLSimpleApplication@73d10c22
----------------- Done invoking toplevel() on ptolemy.moml.MoMLSimpleApplication@73d10c22
reloadAllAccessors: .modalChangingParams

===========================================================================================
----------------- testing Wed Jan 30 07:44:30 UTC 2019 /home/travis/build/icyphy/ptII/ptolemy/domains/modal/test/auto/modalModel.xml
----------------- Instantiating /home/travis/build/icyphy/ptII/ptolemy/domains/modal/test/auto/modalModel.xml
5 ms. Memory: 871936K Free: 524039K (60%)
----------------- Invoking toplevel() on ptolemy.moml.MoMLSimpleApplication@7ec51ce7
----------------- Done invoking toplevel() on ptolemy.moml.MoMLSimpleApplication@7ec51ce7
reloadAllAccessors: .modalModel

===========================================================================================
----------------- testing Wed Jan 30 07:44:30 UTC 2019 /home/travis/build/icyphy/ptII/ptolemy/domains/modal/test/auto/modalModel2.xml
----------------- Instantiating /home/travis/build/icyphy/ptII/ptolemy/domains/modal/test/auto/modalModel2.xml
15 ms. Memory: 871936K Free: 508386K (58%)
----------------- Invoking toplevel() on ptolemy.moml.MoMLSimpleApplication@7e5a3521
----------------- Done invoking toplevel() on ptolemy.moml.MoMLSimpleApplication@7e5a3521
reloadAllAccessors: .modalModel2

===========================================================================================
----------------- testing Wed Jan 30 07:44:30 UTC 2019 /home/travis/build/icyphy/ptII/ptolemy/domains/modal/test/auto/modalModel3.xml
----------------- Instantiating /home/travis/build/icyphy/ptII/ptolemy/domains/modal/test/auto/modalModel3.xml
0	0	0
3	2	1
6	4	2
9	6	3
4	0	4
7	2	5
10	4	6
13	6	7
8	0	8
11	2	9
14	4	10
17	6	11
12	0	12
15	2	13
18	4	14
13 ms. Memory: 871936K Free: 490915K (56%)
----------------- Invoking toplevel() on ptolemy.moml.MoMLSimpleApplication@7bca686e
----------------- Done invoking toplevel() on ptolemy.moml.MoMLSimpleApplication@7bca686e
reloadAllAccessors: .modalModel3

===========================================================================================
----------------- testing Wed Jan 30 07:44:30 UTC 2019 /home/travis/build/icyphy/ptII/ptolemy/domains/modal/test/auto/model1.xml
----------------- Instantiating /home/travis/build/icyphy/ptII/ptolemy/domains/modal/test/auto/model1.xml
11 ms. Memory: 871936K Free: 480491K (55%)
----------------- Invoking toplevel() on ptolemy.moml.MoMLSimpleApplication@58df2220
----------------- Done invoking toplevel() on ptolemy.moml.MoMLSimpleApplication@58df2220
reloadAllAccessors: .model1

===========================================================================================
----------------- testing Wed Jan 30 07:44:30 UTC 2019 /home/travis/build/icyphy/ptII/ptolemy/domains/modal/test/auto/test-direct-in-out.xml
----------------- Instantiating /home/travis/build/icyphy/ptII/ptolemy/domains/modal/test/auto/test-direct-in-out.xml
4 ms. Memory: 871936K Free: 463004K (53%)
----------------- Invoking toplevel() on ptolemy.moml.MoMLSimpleApplication@36bc3ff1
----------------- Done invoking toplevel() on ptolemy.moml.MoMLSimpleApplication@36bc3ff1
reloadAllAccessors: .test-direct-in-out
AutoTests.java: About to close Vertx.
AutoTests.java: Vertx closed.
]]></system-out>
  <system-err><![CDATA[java.lang.RuntimeException: Execution failed
	at ptolemy.moml.MoMLSimpleApplication$UnloadThread.run(MoMLSimpleApplication.java:402)
Caused by: ptolemy.kernel.util.IllegalActionException: Unknown inputs remain. Possible causality loop:
L_model_1893289564i

  in .CannotAnalysisWithPreemption.model_1893289564_region_1 and .CannotAnalysisWithPreemption.model_1893289564_region_1.L_model_1893289564i
	at ptolemy.actor.sched.FixedPointDirector.postfire(FixedPointDirector.java:515)
	at ptolemy.domains.sr.kernel.SRDirector.postfire(SRDirector.java:417)
	at ptolemy.actor.CompositeActor.postfire(CompositeActor.java:1668)
	at ptolemy.actor.Manager.iterate(Manager.java:852)
	at ptolemy.actor.Manager.execute(Manager.java:369)
	at ptolemy.actor.Manager.run(Manager.java:1263)
	at ptolemy.actor.Manager$PtolemyRunThread.run(Manager.java:1915)
java.lang.reflect.InvocationTargetException
	at sun.reflect.NativeConstructorAccessorImpl.newInstance0(Native Method)
	at sun.reflect.NativeConstructorAccessorImpl.newInstance(NativeConstructorAccessorImpl.java:62)
	at sun.reflect.DelegatingConstructorAccessorImpl.newInstance(DelegatingConstructorAccessorImpl.java:45)
	at java.lang.reflect.Constructor.newInstance(Constructor.java:423)
	at ptolemy.util.test.junit.AutoKnownFailedTests.RunModel(AutoKnownFailedTests.java:105)
	at sun.reflect.NativeMethodAccessorImpl.invoke0(Native Method)
	at sun.reflect.NativeMethodAccessorImpl.invoke(NativeMethodAccessorImpl.java:62)
	at sun.reflect.DelegatingMethodAccessorImpl.invoke(DelegatingMethodAccessorImpl.java:43)
	at java.lang.reflect.Method.invoke(Method.java:498)
	at org.junit.runners.model.FrameworkMethod$1.runReflectiveCall(FrameworkMethod.java:44)
	at org.junit.internal.runners.model.ReflectiveCallable.run(ReflectiveCallable.java:15)
	at org.junit.runners.model.FrameworkMethod.invokeExplosively(FrameworkMethod.java:41)
	at junitparams.internal.InvokeParameterisedMethod.evaluate(InvokeParameterisedMethod.java:102)
	at org.junit.internal.runners.statements.FailOnTimeout$1.run(FailOnTimeout.java:28)
Caused by: ptolemy.kernel.util.IllegalActionException: Unknown inputs remain. Possible causality loop:
L_model_1893289564i

  in .CannotAnalysisWithPreemption.model_1893289564_region_1 and .CannotAnalysisWithPreemption.model_1893289564_region_1.L_model_1893289564i
	at ptolemy.actor.sched.FixedPointDirector.postfire(FixedPointDirector.java:515)
	at ptolemy.domains.sr.kernel.SRDirector.postfire(SRDirector.java:417)
	at ptolemy.actor.CompositeActor.postfire(CompositeActor.java:1668)
	at ptolemy.actor.Manager.iterate(Manager.java:852)
	at ptolemy.actor.Manager.execute(Manager.java:369)
	at ptolemy.actor.Manager.run(Manager.java:1263)
	at ptolemy.actor.Manager$PtolemyRunThread.run(Manager.java:1915)
]]></system-err>
</testsuite>
