<?xml version="1.0" encoding="UTF-8" ?>
<testsuite errors="0" failures="0" hostname="travis-job-13dacb5c-4419-49f8-8231-f0f7f6b9d164" name="ptolemy.domains.continuous.test.junit.JUnitTclTest" skipped="0" tests="156" time="75.464" timestamp="2019-02-10T03:31:34">
  <properties>
[...]
</properties>
  <testcase classname="ptolemy.util.test.junit.TclTests" name="[0] ThereAreNoTclTests (RunTclFile)" time="0.001" />
  <testcase classname="ptolemy.util.test.junit.AutoKnownFailedTests" name="[0] ThereAreNoKnowFailedTests (RunModel)" time="0.001" />
  <testcase classname="ptolemy.util.test.junit.AutoNameArchTests" name="[0] ThereAreNoAutoArchTests (RunModel)" time="0.001" />
  <testcase classname="ptolemy.util.test.junit.AutoTests" name="[0] /home/travis/build/icyphy/ptII/ptolemy/domains/continuous/test/auto/BouncingBall.xml (RunModel)" time="2.933" />
  <testcase classname="ptolemy.util.test.junit.AutoTests" name="[1] /home/travis/build/icyphy/ptII/ptolemy/domains/continuous/test/auto/BouncingBallWithoutGR.xml (RunModel)" time="0.891" />
  <testcase classname="ptolemy.util.test.junit.AutoTests" name="[2] /home/travis/build/icyphy/ptII/ptolemy/domains/continuous/test/auto/Brownian.xml (RunModel)" time="0.096" />
  <testcase classname="ptolemy.util.test.junit.AutoTests" name="[3] /home/travis/build/icyphy/ptII/ptolemy/domains/continuous/test/auto/CarTracking.xml (RunModel)" time="3.769" />
  <testcase classname="ptolemy.util.test.junit.AutoTests" name="[4] /home/travis/build/icyphy/ptII/ptolemy/domains/continuous/test/auto/CartPendulum.xml (RunModel)" time="0.519" />
  <testcase classname="ptolemy.util.test.junit.AutoTests" name="[5] /home/travis/build/icyphy/ptII/ptolemy/domains/continuous/test/auto/CausalityInterface10.xml (RunModel)" time="0.064" />
  <testcase classname="ptolemy.util.test.junit.AutoTests" name="[6] /home/travis/build/icyphy/ptII/ptolemy/domains/continuous/test/auto/CausalityInterface11.xml (RunModel)" time="0.039" />
  <testcase classname="ptolemy.util.test.junit.AutoTests" name="[7] /home/travis/build/icyphy/ptII/ptolemy/domains/continuous/test/auto/CausalityInterface12.xml (RunModel)" time="0.042" />
  <testcase classname="ptolemy.util.test.junit.AutoTests" name="[8] /home/travis/build/icyphy/ptII/ptolemy/domains/continuous/test/auto/CausalityInterface13.xml (RunModel)" time="0.029" />
  <testcase classname="ptolemy.util.test.junit.AutoTests" name="[9] /home/travis/build/icyphy/ptII/ptolemy/domains/continuous/test/auto/CausalityInterface14.xml (RunModel)" time="0.027" />
  <testcase classname="ptolemy.util.test.junit.AutoTests" name="[10] /home/travis/build/icyphy/ptII/ptolemy/domains/continuous/test/auto/CausalityInterface4.xml (RunModel)" time="0.029" />
  <testcase classname="ptolemy.util.test.junit.AutoTests" name="[11] /home/travis/build/icyphy/ptII/ptolemy/domains/continuous/test/auto/CausalityInterface5.xml (RunModel)" time="0.043" />
  <testcase classname="ptolemy.util.test.junit.AutoTests" name="[12] /home/travis/build/icyphy/ptII/ptolemy/domains/continuous/test/auto/CausalityInterface6.xml (RunModel)" time="0.017" />
  <testcase classname="ptolemy.util.test.junit.AutoTests" name="[13] /home/travis/build/icyphy/ptII/ptolemy/domains/continuous/test/auto/CausalityInterface7.xml (RunModel)" time="0.042" />
  <testcase classname="ptolemy.util.test.junit.AutoTests" name="[14] /home/travis/build/icyphy/ptII/ptolemy/domains/continuous/test/auto/CausalityInterface8.xml (RunModel)" time="0.044" />
  <testcase classname="ptolemy.util.test.junit.AutoTests" name="[15] /home/travis/build/icyphy/ptII/ptolemy/domains/continuous/test/auto/CausalityInterface9.xml (RunModel)" time="0.047" />
  <testcase classname="ptolemy.util.test.junit.AutoTests" name="[16] /home/travis/build/icyphy/ptII/ptolemy/domains/continuous/test/auto/CausalityInterfaceFeedback1.xml (RunModel)" time="0.034" />
  <testcase classname="ptolemy.util.test.junit.AutoTests" name="[17] /home/travis/build/icyphy/ptII/ptolemy/domains/continuous/test/auto/CausalityInterfaceFeedback2.xml (RunModel)" time="0.042" />
  <testcase classname="ptolemy.util.test.junit.AutoTests" name="[18] /home/travis/build/icyphy/ptII/ptolemy/domains/continuous/test/auto/CompareWithCurrentTime.xml (RunModel)" time="0.022" />
  <testcase classname="ptolemy.util.test.junit.AutoTests" name="[19] /home/travis/build/icyphy/ptII/ptolemy/domains/continuous/test/auto/ComparedClocks.xml (RunModel)" time="0.07" />
  <testcase classname="ptolemy.util.test.junit.AutoTests" name="[20] /home/travis/build/icyphy/ptII/ptolemy/domains/continuous/test/auto/ContinuousAOCClone.xml (RunModel)" time="2.931" />
  <testcase classname="ptolemy.util.test.junit.AutoTests" name="[21] /home/travis/build/icyphy/ptII/ptolemy/domains/continuous/test/auto/ContinuousClock.xml (RunModel)" time="0.089" />
  <testcase classname="ptolemy.util.test.junit.AutoTests" name="[22] /home/travis/build/icyphy/ptII/ptolemy/domains/continuous/test/auto/ContinuousInContinuous.xml (RunModel)" time="0.071" />
  <testcase classname="ptolemy.util.test.junit.AutoTests" name="[23] /home/travis/build/icyphy/ptII/ptolemy/domains/continuous/test/auto/ContinuousInContinuousInContinuous.xml (RunModel)" time="0.029" />
  <testcase classname="ptolemy.util.test.junit.AutoTests" name="[24] /home/travis/build/icyphy/ptII/ptolemy/domains/continuous/test/auto/ContinuousInDE.xml (RunModel)" time="0.136" />
  <testcase classname="ptolemy.util.test.junit.AutoTests" name="[25] /home/travis/build/icyphy/ptII/ptolemy/domains/continuous/test/auto/ContinuousInDE2.xml (RunModel)" time="0.066" />
  <testcase classname="ptolemy.util.test.junit.AutoTests" name="[26] /home/travis/build/icyphy/ptII/ptolemy/domains/continuous/test/auto/ContinuousInDE3.xml (RunModel)" time="0.069" />
  <testcase classname="ptolemy.util.test.junit.AutoTests" name="[27] /home/travis/build/icyphy/ptII/ptolemy/domains/continuous/test/auto/ContinuousInDE4.xml (RunModel)" time="0.043" />
  <testcase classname="ptolemy.util.test.junit.AutoTests" name="[28] /home/travis/build/icyphy/ptII/ptolemy/domains/continuous/test/auto/ContinuousInDEDifferentRefinements.xml (RunModel)" time="0.128" />
  <testcase classname="ptolemy.util.test.junit.AutoTests" name="[29] /home/travis/build/icyphy/ptII/ptolemy/domains/continuous/test/auto/ContinuousInDEDifferentRefinementsPreemptive.xml (RunModel)" time="0.092" />
  <testcase classname="ptolemy.util.test.junit.AutoTests" name="[30] /home/travis/build/icyphy/ptII/ptolemy/domains/continuous/test/auto/ContinuousInDEInContinuous2.xml (RunModel)" time="0.067" />
  <testcase classname="ptolemy.util.test.junit.AutoTests" name="[31] /home/travis/build/icyphy/ptII/ptolemy/domains/continuous/test/auto/ContinuousInDEInContinuous3.xml (RunModel)" time="0.063" />
  <testcase classname="ptolemy.util.test.junit.AutoTests" name="[32] /home/travis/build/icyphy/ptII/ptolemy/domains/continuous/test/auto/ContinuousInDEInput.xml (RunModel)" time="0.039" />
  <testcase classname="ptolemy.util.test.junit.AutoTests" name="[33] /home/travis/build/icyphy/ptII/ptolemy/domains/continuous/test/auto/ContinuousInDEInput2.xml (RunModel)" time="0.04" />
  <testcase classname="ptolemy.util.test.junit.AutoTests" name="[34] /home/travis/build/icyphy/ptII/ptolemy/domains/continuous/test/auto/ContinuousInDEInput3.xml (RunModel)" time="0.037" />
  <testcase classname="ptolemy.util.test.junit.AutoTests" name="[35] /home/travis/build/icyphy/ptII/ptolemy/domains/continuous/test/auto/ContinuousInDESharingRefinement.xml (RunModel)" time="0.196" />
  <testcase classname="ptolemy.util.test.junit.AutoTests" name="[36] /home/travis/build/icyphy/ptII/ptolemy/domains/continuous/test/auto/ContinuousInDEwithNoPorts.xml (RunModel)" time="0.021" />
  <testcase classname="ptolemy.util.test.junit.AutoTests" name="[37] /home/travis/build/icyphy/ptII/ptolemy/domains/continuous/test/auto/ContinuousInsideDE.xml (RunModel)" time="0.116" />
  <testcase classname="ptolemy.util.test.junit.AutoTests" name="[38] /home/travis/build/icyphy/ptII/ptolemy/domains/continuous/test/auto/ContinuousMerge1.xml (RunModel)" time="0.013" />
  <testcase classname="ptolemy.util.test.junit.AutoTests" name="[39] /home/travis/build/icyphy/ptII/ptolemy/domains/continuous/test/auto/ContinuousMerge2.xml (RunModel)" time="0.039" />
  <testcase classname="ptolemy.util.test.junit.AutoTests" name="[40] /home/travis/build/icyphy/ptII/ptolemy/domains/continuous/test/auto/ContinuousMerge3.xml (RunModel)" time="0.109" />
  <testcase classname="ptolemy.util.test.junit.AutoTests" name="[41] /home/travis/build/icyphy/ptII/ptolemy/domains/continuous/test/auto/ContinuousWithinContinuous.xml (RunModel)" time="0.06" />
  <testcase classname="ptolemy.util.test.junit.AutoTests" name="[42] /home/travis/build/icyphy/ptII/ptolemy/domains/continuous/test/auto/ContinuousWithinContinuous2.xml (RunModel)" time="0.083" />
  <testcase classname="ptolemy.util.test.junit.AutoTests" name="[43] /home/travis/build/icyphy/ptII/ptolemy/domains/continuous/test/auto/ContinuousWithinContinuous3.xml (RunModel)" time="0.036" />
  <testcase classname="ptolemy.util.test.junit.AutoTests" name="[44] /home/travis/build/icyphy/ptII/ptolemy/domains/continuous/test/auto/ContinuousWithinContinuous4.xml (RunModel)" time="0.083" />
  <testcase classname="ptolemy.util.test.junit.AutoTests" name="[45] /home/travis/build/icyphy/ptII/ptolemy/domains/continuous/test/auto/ContinuousWithinContinuous5.xml (RunModel)" time="0.034" />
  <testcase classname="ptolemy.util.test.junit.AutoTests" name="[46] /home/travis/build/icyphy/ptII/ptolemy/domains/continuous/test/auto/ContinuousWithinContinuous6.xml (RunModel)" time="0.027" />
  <testcase classname="ptolemy.util.test.junit.AutoTests" name="[47] /home/travis/build/icyphy/ptII/ptolemy/domains/continuous/test/auto/ContinuousWithinContinuous7.xml (RunModel)" time="0.072" />
  <testcase classname="ptolemy.util.test.junit.AutoTests" name="[48] /home/travis/build/icyphy/ptII/ptolemy/domains/continuous/test/auto/DCMotor.xml (RunModel)" time="13.295" />
  <testcase classname="ptolemy.util.test.junit.AutoTests" name="[49] /home/travis/build/icyphy/ptII/ptolemy/domains/continuous/test/auto/DEInContinuous.xml (RunModel)" time="0.022" />
  <testcase classname="ptolemy.util.test.junit.AutoTests" name="[50] /home/travis/build/icyphy/ptII/ptolemy/domains/continuous/test/auto/DEinContinuous2.xml (RunModel)" time="0.058" />
  <testcase classname="ptolemy.util.test.junit.AutoTests" name="[51] /home/travis/build/icyphy/ptII/ptolemy/domains/continuous/test/auto/Derivative.xml (RunModel)" time="0.235" />
  <testcase classname="ptolemy.util.test.junit.AutoTests" name="[52] /home/travis/build/icyphy/ptII/ptolemy/domains/continuous/test/auto/Derivative1.xml (RunModel)" time="0.043" />
  <testcase classname="ptolemy.util.test.junit.AutoTests" name="[53] /home/travis/build/icyphy/ptII/ptolemy/domains/continuous/test/auto/DiscreteClock.xml (RunModel)" time="0.018" />
  <testcase classname="ptolemy.util.test.junit.AutoTests" name="[54] /home/travis/build/icyphy/ptII/ptolemy/domains/continuous/test/auto/EfficiencyCurve.xml (RunModel)" time="0.105" />
  <testcase classname="ptolemy.util.test.junit.AutoTests" name="[55] /home/travis/build/icyphy/ptII/ptolemy/domains/continuous/test/auto/ExponentialResponse.xml (RunModel)" time="0.132" />
  <testcase classname="ptolemy.util.test.junit.AutoTests" name="[56] /home/travis/build/icyphy/ptII/ptolemy/domains/continuous/test/auto/ExponentialResponseRK45.xml (RunModel)" time="0.034" />
  <testcase classname="ptolemy.util.test.junit.AutoTests" name="[57] /home/travis/build/icyphy/ptII/ptolemy/domains/continuous/test/auto/Friction.xml (RunModel)" time="1.642" />
  <testcase classname="ptolemy.util.test.junit.AutoTests" name="[58] /home/travis/build/icyphy/ptII/ptolemy/domains/continuous/test/auto/FurutaPendulum.xml (RunModel)" time="3.909" />
  <testcase classname="ptolemy.util.test.junit.AutoTests" name="[59] /home/travis/build/icyphy/ptII/ptolemy/domains/continuous/test/auto/HierarchicalExecution.xml (RunModel)" time="2.816" />
  <testcase classname="ptolemy.util.test.junit.AutoTests" name="[60] /home/travis/build/icyphy/ptII/ptolemy/domains/continuous/test/auto/HybridPlant.xml (RunModel)" time="0.639" />
  <testcase classname="ptolemy.util.test.junit.AutoTests" name="[61] /home/travis/build/icyphy/ptII/ptolemy/domains/continuous/test/auto/Hysteresis.xml (RunModel)" time="0.185" />
  <testcase classname="ptolemy.util.test.junit.AutoTests" name="[62] /home/travis/build/icyphy/ptII/ptolemy/domains/continuous/test/auto/HysteresisWithRandomDelay.xml (RunModel)" time="0.225" />
  <testcase classname="ptolemy.util.test.junit.AutoTests" name="[63] /home/travis/build/icyphy/ptII/ptolemy/domains/continuous/test/auto/HysteresisWithRandomLosses.xml (RunModel)" time="2.461" />
  <testcase classname="ptolemy.util.test.junit.AutoTests" name="[64] /home/travis/build/icyphy/ptII/ptolemy/domains/continuous/test/auto/ImmediateTransitions.xml (RunModel)" time="0.024" />
  <testcase classname="ptolemy.util.test.junit.AutoTests" name="[65] /home/travis/build/icyphy/ptII/ptolemy/domains/continuous/test/auto/ImpulseFeedback.xml (RunModel)" time="0.018" />
  <testcase classname="ptolemy.util.test.junit.AutoTests" name="[66] /home/travis/build/icyphy/ptII/ptolemy/domains/continuous/test/auto/ImpulseFeedback2.xml (RunModel)" time="0.014" />
  <testcase classname="ptolemy.util.test.junit.AutoTests" name="[67] /home/travis/build/icyphy/ptII/ptolemy/domains/continuous/test/auto/IncreasingRatePoisson.xml (RunModel)" time="0.662" />
  <testcase classname="ptolemy.util.test.junit.AutoTests" name="[68] /home/travis/build/icyphy/ptII/ptolemy/domains/continuous/test/auto/InitialStateFeedback.xml (RunModel)" time="0.013" />
  <testcase classname="ptolemy.util.test.junit.AutoTests" name="[69] /home/travis/build/icyphy/ptII/ptolemy/domains/continuous/test/auto/Integration.xml (RunModel)" time="0.016" />
  <testcase classname="ptolemy.util.test.junit.AutoTests" name="[70] /home/travis/build/icyphy/ptII/ptolemy/domains/continuous/test/auto/Integration2.xml (RunModel)" time="0.129" />
  <testcase classname="ptolemy.util.test.junit.AutoTests" name="[71] /home/travis/build/icyphy/ptII/ptolemy/domains/continuous/test/auto/Integration3.xml (RunModel)" time="0.015" />
  <testcase classname="ptolemy.util.test.junit.AutoTests" name="[72] /home/travis/build/icyphy/ptII/ptolemy/domains/continuous/test/auto/Integration5.xml (RunModel)" time="0.01" />
  <testcase classname="ptolemy.util.test.junit.AutoTests" name="[73] /home/travis/build/icyphy/ptII/ptolemy/domains/continuous/test/auto/IntegratorImpulse.xml (RunModel)" time="0.009" />
  <testcase classname="ptolemy.util.test.junit.AutoTests" name="[74] /home/travis/build/icyphy/ptII/ptolemy/domains/continuous/test/auto/IntegratorImpulse2.xml (RunModel)" time="0.01" />
  <testcase classname="ptolemy.util.test.junit.AutoTests" name="[75] /home/travis/build/icyphy/ptII/ptolemy/domains/continuous/test/auto/LevelCrossing1.xml (RunModel)" time="0.011" />
  <testcase classname="ptolemy.util.test.junit.AutoTests" name="[76] /home/travis/build/icyphy/ptII/ptolemy/domains/continuous/test/auto/LevelCrossing2.xml (RunModel)" time="0.011" />
  <testcase classname="ptolemy.util.test.junit.AutoTests" name="[77] /home/travis/build/icyphy/ptII/ptolemy/domains/continuous/test/auto/LevelCrossing3.xml (RunModel)" time="0.012" />
  <testcase classname="ptolemy.util.test.junit.AutoTests" name="[78] /home/travis/build/icyphy/ptII/ptolemy/domains/continuous/test/auto/LevelCrossing4.xml (RunModel)" time="0.011" />
  <testcase classname="ptolemy.util.test.junit.AutoTests" name="[79] /home/travis/build/icyphy/ptII/ptolemy/domains/continuous/test/auto/LevelCrossing5.xml (RunModel)" time="0.011" />
  <testcase classname="ptolemy.util.test.junit.AutoTests" name="[80] /home/travis/build/icyphy/ptII/ptolemy/domains/continuous/test/auto/LevelCrossing6.xml (RunModel)" time="0.011" />
  <testcase classname="ptolemy.util.test.junit.AutoTests" name="[81] /home/travis/build/icyphy/ptII/ptolemy/domains/continuous/test/auto/LevelCrossingDetector.xml (RunModel)" time="0.032" />
  <testcase classname="ptolemy.util.test.junit.AutoTests" name="[82] /home/travis/build/icyphy/ptII/ptolemy/domains/continuous/test/auto/LevelCrossingDetectorDetectingDirections.xml (RunModel)" time="0.092" />
  <testcase classname="ptolemy.util.test.junit.AutoTests" name="[83] /home/travis/build/icyphy/ptII/ptolemy/domains/continuous/test/auto/LevelCrossingDetectorDetectsGlitches.xml (RunModel)" time="0.056" />
  <testcase classname="ptolemy.util.test.junit.AutoTests" name="[84] /home/travis/build/icyphy/ptII/ptolemy/domains/continuous/test/auto/LevelCrossingNoInitialOuput.xml (RunModel)" time="0.011" />
  <testcase classname="ptolemy.util.test.junit.AutoTests" name="[85] /home/travis/build/icyphy/ptII/ptolemy/domains/continuous/test/auto/LinearStateSpaceExample.xml (RunModel)" time="0.034" />
  <testcase classname="ptolemy.util.test.junit.AutoTests" name="[86] /home/travis/build/icyphy/ptII/ptolemy/domains/continuous/test/auto/Lorenz.xml (RunModel)" time="4.28" />
  <testcase classname="ptolemy.util.test.junit.AutoTests" name="[87] /home/travis/build/icyphy/ptII/ptolemy/domains/continuous/test/auto/LorenzDifferentialSystem.xml (RunModel)" time="0.965" />
  <testcase classname="ptolemy.util.test.junit.AutoTests" name="[88] /home/travis/build/icyphy/ptII/ptolemy/domains/continuous/test/auto/LorenzDifferentialSystemWithInput.xml (RunModel)" time="1.528" />
  <testcase classname="ptolemy.util.test.junit.AutoTests" name="[89] /home/travis/build/icyphy/ptII/ptolemy/domains/continuous/test/auto/LorenzDifferentialSystemWithTime.xml (RunModel)" time="0.722" />
  <testcase classname="ptolemy.util.test.junit.AutoTests" name="[90] /home/travis/build/icyphy/ptII/ptolemy/domains/continuous/test/auto/Microsteps.xml (RunModel)" time="0.021" />
  <testcase classname="ptolemy.util.test.junit.AutoTests" name="[91] /home/travis/build/icyphy/ptII/ptolemy/domains/continuous/test/auto/Modal1.xml (RunModel)" time="0.036" />
  <testcase classname="ptolemy.util.test.junit.AutoTests" name="[92] /home/travis/build/icyphy/ptII/ptolemy/domains/continuous/test/auto/Modal2.xml (RunModel)" time="0.034" />
  <testcase classname="ptolemy.util.test.junit.AutoTests" name="[93] /home/travis/build/icyphy/ptII/ptolemy/domains/continuous/test/auto/ModalTransitionGuardWithReset.xml (RunModel)" time="0.032" />
  <testcase classname="ptolemy.util.test.junit.AutoTests" name="[94] /home/travis/build/icyphy/ptII/ptolemy/domains/continuous/test/auto/ModalTransitionGuardWithResetUsingPreemptiveTransition.xml (RunModel)" time="0.03" />
  <testcase classname="ptolemy.util.test.junit.AutoTests" name="[95] /home/travis/build/icyphy/ptII/ptolemy/domains/continuous/test/auto/ModalTransitionGuardWithResetUsingPreemptiveTransition2.xml (RunModel)" time="0.023" />
  <testcase classname="ptolemy.util.test.junit.AutoTests" name="[96] /home/travis/build/icyphy/ptII/ptolemy/domains/continuous/test/auto/ModalTransitionGuardWithResetUsingPreemptiveTransition3.xml (RunModel)" time="0.024" />
  <testcase classname="ptolemy.util.test.junit.AutoTests" name="[97] /home/travis/build/icyphy/ptII/ptolemy/domains/continuous/test/auto/NewtonsCradle.xml (RunModel)" time="0.757" />
  <testcase classname="ptolemy.util.test.junit.AutoTests" name="[98] /home/travis/build/icyphy/ptII/ptolemy/domains/continuous/test/auto/NewtonsCradleAnimated.xml (RunModel)" time="1.248" />
  <testcase classname="ptolemy.util.test.junit.AutoTests" name="[99] /home/travis/build/icyphy/ptII/ptolemy/domains/continuous/test/auto/NewtonsCradleComplicated.xml (RunModel)" time="0.928" />
  <testcase classname="ptolemy.util.test.junit.AutoTests" name="[100] /home/travis/build/icyphy/ptII/ptolemy/domains/continuous/test/auto/NewtonsCradleNondeterministic.xml (RunModel)" time="0.666" />
  <testcase classname="ptolemy.util.test.junit.AutoTests" name="[101] /home/travis/build/icyphy/ptII/ptolemy/domains/continuous/test/auto/NewtonsCradlePerfectlyInelastic1.xml (RunModel)" time="1.198" />
  <testcase classname="ptolemy.util.test.junit.AutoTests" name="[102] /home/travis/build/icyphy/ptII/ptolemy/domains/continuous/test/auto/Noise.xml (RunModel)" time="0.16" />
  <testcase classname="ptolemy.util.test.junit.AutoTests" name="[103] /home/travis/build/icyphy/ptII/ptolemy/domains/continuous/test/auto/NoiseSpectrum.xml (RunModel)" time="0.815" />
  <testcase classname="ptolemy.util.test.junit.AutoTests" name="[104] /home/travis/build/icyphy/ptII/ptolemy/domains/continuous/test/auto/ParameterizedNewtonsCradleAnimated.xml (RunModel)" time="0.361" />
  <testcase classname="ptolemy.util.test.junit.AutoTests" name="[105] /home/travis/build/icyphy/ptII/ptolemy/domains/continuous/test/auto/ParameterizedNewtonsCradleAnimatedNondeterministic.xml (RunModel)" time="1.168" />
  <testcase classname="ptolemy.util.test.junit.AutoTests" name="[106] /home/travis/build/icyphy/ptII/ptolemy/domains/continuous/test/auto/Pendulum3D.xml (RunModel)" time="0.158" />
  <testcase classname="ptolemy.util.test.junit.AutoTests" name="[107] /home/travis/build/icyphy/ptII/ptolemy/domains/continuous/test/auto/PeriodicSampler.xml (RunModel)" time="0.012" />
  <testcase classname="ptolemy.util.test.junit.AutoTests" name="[108] /home/travis/build/icyphy/ptII/ptolemy/domains/continuous/test/auto/PeriodicSampler1.xml (RunModel)" time="0.038" />
  <testcase classname="ptolemy.util.test.junit.AutoTests" name="[109] /home/travis/build/icyphy/ptII/ptolemy/domains/continuous/test/auto/PeriodicSampler2.xml (RunModel)" time="0.066" />
  <testcase classname="ptolemy.util.test.junit.AutoTests" name="[110] /home/travis/build/icyphy/ptII/ptolemy/domains/continuous/test/auto/Poisson.xml (RunModel)" time="0.409" />
  <testcase classname="ptolemy.util.test.junit.AutoTests" name="[111] /home/travis/build/icyphy/ptII/ptolemy/domains/continuous/test/auto/PoissonClock.xml (RunModel)" time="0.01" />
  <testcase classname="ptolemy.util.test.junit.AutoTests" name="[112] /home/travis/build/icyphy/ptII/ptolemy/domains/continuous/test/auto/PoissonClock2.xml (RunModel)" time="0.014" />
  <testcase classname="ptolemy.util.test.junit.AutoTests" name="[113] /home/travis/build/icyphy/ptII/ptolemy/domains/continuous/test/auto/PortParameterHierarchy.xml (RunModel)" time="0.016" />
  <testcase classname="ptolemy.util.test.junit.AutoTests" name="[114] /home/travis/build/icyphy/ptII/ptolemy/domains/continuous/test/auto/RandomHybridPlant.xml (RunModel)" time="0.525" />
  <testcase classname="ptolemy.util.test.junit.AutoTests" name="[115] /home/travis/build/icyphy/ptII/ptolemy/domains/continuous/test/auto/ResetTransitionWithStartTime1.xml (RunModel)" time="0.029" />
  <testcase classname="ptolemy.util.test.junit.AutoTests" name="[116] /home/travis/build/icyphy/ptII/ptolemy/domains/continuous/test/auto/ResetTransitionWithStartTime2.xml (RunModel)" time="0.037" />
  <testcase classname="ptolemy.util.test.junit.AutoTests" name="[117] /home/travis/build/icyphy/ptII/ptolemy/domains/continuous/test/auto/ResetTransitionWithStartTime3.xml (RunModel)" time="0.038" />
  <testcase classname="ptolemy.util.test.junit.AutoTests" name="[118] /home/travis/build/icyphy/ptII/ptolemy/domains/continuous/test/auto/ResetTransitionWithStartTime4.xml (RunModel)" time="0.029" />
  <testcase classname="ptolemy.util.test.junit.AutoTests" name="[119] /home/travis/build/icyphy/ptII/ptolemy/domains/continuous/test/auto/ResetTransitionWithStartTime5.xml (RunModel)" time="0.032" />
  <testcase classname="ptolemy.util.test.junit.AutoTests" name="[120] /home/travis/build/icyphy/ptII/ptolemy/domains/continuous/test/auto/ResetTransitionWithStartTime6.xml (RunModel)" time="0.023" />
  <testcase classname="ptolemy.util.test.junit.AutoTests" name="[121] /home/travis/build/icyphy/ptII/ptolemy/domains/continuous/test/auto/SRinContinuous.xml (RunModel)" time="0.022" />
  <testcase classname="ptolemy.util.test.junit.AutoTests" name="[122] /home/travis/build/icyphy/ptII/ptolemy/domains/continuous/test/auto/SampledClocks.xml (RunModel)" time="0.03" />
  <testcase classname="ptolemy.util.test.junit.AutoTests" name="[123] /home/travis/build/icyphy/ptII/ptolemy/domains/continuous/test/auto/Satellite.xml (RunModel)" time="0.81" />
  <testcase classname="ptolemy.util.test.junit.AutoTests" name="[124] /home/travis/build/icyphy/ptII/ptolemy/domains/continuous/test/auto/SigmaDelta.xml (RunModel)" time="2.384" />
  <testcase classname="ptolemy.util.test.junit.AutoTests" name="[125] /home/travis/build/icyphy/ptII/ptolemy/domains/continuous/test/auto/SingleRefinement.xml (RunModel)" time="0.429" />
  <testcase classname="ptolemy.util.test.junit.AutoTests" name="[126] /home/travis/build/icyphy/ptII/ptolemy/domains/continuous/test/auto/SinuBouncingBall.xml (RunModel)" time="0.873" />
  <testcase classname="ptolemy.util.test.junit.AutoTests" name="[127] /home/travis/build/icyphy/ptII/ptolemy/domains/continuous/test/auto/Sinusoid.xml (RunModel)" time="0.016" />
  <testcase classname="ptolemy.util.test.junit.AutoTests" name="[128] /home/travis/build/icyphy/ptII/ptolemy/domains/continuous/test/auto/SinusoidInNoise.xml (RunModel)" time="1.058" />
  <testcase classname="ptolemy.util.test.junit.AutoTests" name="[129] /home/travis/build/icyphy/ptII/ptolemy/domains/continuous/test/auto/SinusoidRK45.xml (RunModel)" time="0.013" />
  <testcase classname="ptolemy.util.test.junit.AutoTests" name="[130] /home/travis/build/icyphy/ptII/ptolemy/domains/continuous/test/auto/SinusoidWithMultipleImpulses.xml (RunModel)" time="0.011" />
  <testcase classname="ptolemy.util.test.junit.AutoTests" name="[131] /home/travis/build/icyphy/ptII/ptolemy/domains/continuous/test/auto/SquareWave.xml (RunModel)" time="0.195" />
  <testcase classname="ptolemy.util.test.junit.AutoTests" name="[132] /home/travis/build/icyphy/ptII/ptolemy/domains/continuous/test/auto/Starmac.xml (RunModel)" time="3.35" />
  <testcase classname="ptolemy.util.test.junit.AutoTests" name="[133] /home/travis/build/icyphy/ptII/ptolemy/domains/continuous/test/auto/StaticUnits.xml (RunModel)" time="2.509" />
  <testcase classname="ptolemy.util.test.junit.AutoTests" name="[134] /home/travis/build/icyphy/ptII/ptolemy/domains/continuous/test/auto/StickyMasses.xml (RunModel)" time="0.195" />
  <testcase classname="ptolemy.util.test.junit.AutoTests" name="[135] /home/travis/build/icyphy/ptII/ptolemy/domains/continuous/test/auto/StopTime.xml (RunModel)" time="0.064" />
  <testcase classname="ptolemy.util.test.junit.AutoTests" name="[136] /home/travis/build/icyphy/ptII/ptolemy/domains/continuous/test/auto/StopTime2.xml (RunModel)" time="0.154" />
  <testcase classname="ptolemy.util.test.junit.AutoTests" name="[137] /home/travis/build/icyphy/ptII/ptolemy/domains/continuous/test/auto/Switch.xml (RunModel)" time="0.066" />
  <testcase classname="ptolemy.util.test.junit.AutoTests" name="[138] /home/travis/build/icyphy/ptII/ptolemy/domains/continuous/test/auto/Thermostat.xml (RunModel)" time="0.212" />
  <testcase classname="ptolemy.util.test.junit.AutoTests" name="[139] /home/travis/build/icyphy/ptII/ptolemy/domains/continuous/test/auto/TimeDelay.xml (RunModel)" time="0.02" />
  <testcase classname="ptolemy.util.test.junit.AutoTests" name="[140] /home/travis/build/icyphy/ptII/ptolemy/domains/continuous/test/auto/TimeDelay2.xml (RunModel)" time="0.036" />
  <testcase classname="ptolemy.util.test.junit.AutoTests" name="[141] /home/travis/build/icyphy/ptII/ptolemy/domains/continuous/test/auto/TimeDelay3.xml (RunModel)" time="0.014" />
  <testcase classname="ptolemy.util.test.junit.AutoTests" name="[142] /home/travis/build/icyphy/ptII/ptolemy/domains/continuous/test/auto/TransferAbsentToInside.xml (RunModel)" time="0.1" />
  <testcase classname="ptolemy.util.test.junit.AutoTests" name="[143] /home/travis/build/icyphy/ptII/ptolemy/domains/continuous/test/auto/Transmission.xml (RunModel)" time="0.8" />
  <testcase classname="ptolemy.util.test.junit.AutoTests" name="[144] /home/travis/build/icyphy/ptII/ptolemy/domains/continuous/test/auto/TriggeredContinuousClock.xml (RunModel)" time="0.064" />
  <testcase classname="ptolemy.util.test.junit.AutoTests" name="[145] /home/travis/build/icyphy/ptII/ptolemy/domains/continuous/test/auto/TwoMachineInfiniteBusControl.xml (RunModel)" time="3.08" />
  <testcase classname="ptolemy.util.test.junit.AutoTests" name="[146] /home/travis/build/icyphy/ptII/ptolemy/domains/continuous/test/auto/V2V.xml (RunModel)" time="0.763" />
  <testcase classname="ptolemy.util.test.junit.AutoTests" name="[147] /home/travis/build/icyphy/ptII/ptolemy/domains/continuous/test/auto/hierarchicalModalModel.xml (RunModel)" time="0.03" />
  <testcase classname="ptolemy.util.test.junit.AutoTests" name="[148] /home/travis/build/icyphy/ptII/ptolemy/domains/continuous/test/auto/hierarchicalModalModel1.xml (RunModel)" time="0.034" />
  <testcase classname="ptolemy.util.test.junit.AutoTests" name="[149] /home/travis/build/icyphy/ptII/ptolemy/domains/continuous/test/auto/hierarchicalModalModel2.xml (RunModel)" time="0.031" />
  <testcase classname="ptolemy.util.test.junit.AutoTests" name="[150] /home/travis/build/icyphy/ptII/ptolemy/domains/continuous/test/auto/hierarchicalModalModel3.xml (RunModel)" time="0.019" />
  <testcase classname="ptolemy.util.test.junit.AutoTests" name="[151] /home/travis/build/icyphy/ptII/ptolemy/domains/continuous/test/auto/hierarchicalModalModel4.xml (RunModel)" time="0.03" />
  <testcase classname="ptolemy.util.test.junit.AutoTests" name="[152] /home/travis/build/icyphy/ptII/ptolemy/domains/continuous/test/auto/junk.xml (RunModel)" time="0.151" />
  <system-out><![CDATA[No tcl tests in /home/travis/build/icyphy/ptII/ptolemy/domains/continuous/test
No auto/knownFailedTests/*.xml tests in /home/travis/build/icyphy/ptII/ptolemy/domains/continuous/test
No auto/linux-amd64/*.xml tests in /home/travis/build/icyphy/ptII/ptolemy/domains/continuous/test
AutoTests.java: About to close Vertx.
AutoTests.java: Vertx closed.

===========================================================================================
----------------- testing Sun Feb 10 03:31:35 UTC 2019 /home/travis/build/icyphy/ptII/ptolemy/domains/continuous/test/auto/BouncingBall.xml
----------------- Instantiating /home/travis/build/icyphy/ptII/ptolemy/domains/continuous/test/auto/BouncingBall.xml
2411 ms. Memory: 332288K Free: 263198K (79%)
----------------- Invoking toplevel() on ptolemy.moml.MoMLSimpleApplication@4fabfb87
----------------- Done invoking toplevel() on ptolemy.moml.MoMLSimpleApplication@4fabfb87
reloadAllAccessors: .BouncingBall

===========================================================================================
----------------- testing Sun Feb 10 03:31:38 UTC 2019 /home/travis/build/icyphy/ptII/ptolemy/domains/continuous/test/auto/BouncingBallWithoutGR.xml
----------------- Instantiating /home/travis/build/icyphy/ptII/ptolemy/domains/continuous/test/auto/BouncingBallWithoutGR.xml
764 ms. Memory: 332288K Free: 324033K (98%)
----------------- Invoking toplevel() on ptolemy.moml.MoMLSimpleApplication@e1ac64c
----------------- Done invoking toplevel() on ptolemy.moml.MoMLSimpleApplication@e1ac64c
reloadAllAccessors: .BouncingBallWithoutGR

===========================================================================================
----------------- testing Sun Feb 10 03:31:39 UTC 2019 /home/travis/build/icyphy/ptII/ptolemy/domains/continuous/test/auto/Brownian.xml
----------------- Instantiating /home/travis/build/icyphy/ptII/ptolemy/domains/continuous/test/auto/Brownian.xml
21 ms. Memory: 332288K Free: 310355K (93%)
----------------- Invoking toplevel() on ptolemy.moml.MoMLSimpleApplication@665f3f49
----------------- Done invoking toplevel() on ptolemy.moml.MoMLSimpleApplication@665f3f49
reloadAllAccessors: .Brownian

===========================================================================================
----------------- testing Sun Feb 10 03:31:39 UTC 2019 /home/travis/build/icyphy/ptII/ptolemy/domains/continuous/test/auto/CarTracking.xml
----------------- Instantiating /home/travis/build/icyphy/ptII/ptolemy/domains/continuous/test/auto/CarTracking.xml
3354 ms. Memory: 578560K Free: 483801K (84%)
----------------- Invoking toplevel() on ptolemy.moml.MoMLSimpleApplication@4cf693eb
----------------- Done invoking toplevel() on ptolemy.moml.MoMLSimpleApplication@4cf693eb
reloadAllAccessors: .CarTracking

===========================================================================================
----------------- testing Sun Feb 10 03:31:42 UTC 2019 /home/travis/build/icyphy/ptII/ptolemy/domains/continuous/test/auto/CartPendulum.xml
----------------- Instantiating /home/travis/build/icyphy/ptII/ptolemy/domains/continuous/test/auto/CartPendulum.xml
403 ms. Memory: 578560K Free: 379415K (66%)
----------------- Invoking toplevel() on ptolemy.moml.MoMLSimpleApplication@45b4f25
----------------- Done invoking toplevel() on ptolemy.moml.MoMLSimpleApplication@45b4f25
reloadAllAccessors: .CartPendulum

===========================================================================================
----------------- testing Sun Feb 10 03:31:43 UTC 2019 /home/travis/build/icyphy/ptII/ptolemy/domains/continuous/test/auto/CausalityInterface10.xml
----------------- Instantiating /home/travis/build/icyphy/ptII/ptolemy/domains/continuous/test/auto/CausalityInterface10.xml
13 ms. Memory: 578560K Free: 366299K (63%)
----------------- Invoking toplevel() on ptolemy.moml.MoMLSimpleApplication@35c6b96d
----------------- Done invoking toplevel() on ptolemy.moml.MoMLSimpleApplication@35c6b96d
reloadAllAccessors: .CausalityInterface10

===========================================================================================
----------------- testing Sun Feb 10 03:31:43 UTC 2019 /home/travis/build/icyphy/ptII/ptolemy/domains/continuous/test/auto/CausalityInterface11.xml
----------------- Instantiating /home/travis/build/icyphy/ptII/ptolemy/domains/continuous/test/auto/CausalityInterface11.xml
9 ms. Memory: 578560K Free: 356453K (62%)
----------------- Invoking toplevel() on ptolemy.moml.MoMLSimpleApplication@67c317fd
----------------- Done invoking toplevel() on ptolemy.moml.MoMLSimpleApplication@67c317fd
reloadAllAccessors: .CausalityInterface11

===========================================================================================
----------------- testing Sun Feb 10 03:31:43 UTC 2019 /home/travis/build/icyphy/ptII/ptolemy/domains/continuous/test/auto/CausalityInterface12.xml
----------------- Instantiating /home/travis/build/icyphy/ptII/ptolemy/domains/continuous/test/auto/CausalityInterface12.xml
6 ms. Memory: 578560K Free: 343723K (59%)
----------------- Invoking toplevel() on ptolemy.moml.MoMLSimpleApplication@7bb2aa67
----------------- Done invoking toplevel() on ptolemy.moml.MoMLSimpleApplication@7bb2aa67
reloadAllAccessors: .CausalityInterface12

===========================================================================================
----------------- testing Sun Feb 10 03:31:43 UTC 2019 /home/travis/build/icyphy/ptII/ptolemy/domains/continuous/test/auto/CausalityInterface13.xml
----------------- Instantiating /home/travis/build/icyphy/ptII/ptolemy/domains/continuous/test/auto/CausalityInterface13.xml
6 ms. Memory: 578560K Free: 333877K (58%)
----------------- Invoking toplevel() on ptolemy.moml.MoMLSimpleApplication@69d038b2
----------------- Done invoking toplevel() on ptolemy.moml.MoMLSimpleApplication@69d038b2
reloadAllAccessors: .CausalityInterface13

===========================================================================================
----------------- testing Sun Feb 10 03:31:43 UTC 2019 /home/travis/build/icyphy/ptII/ptolemy/domains/continuous/test/auto/CausalityInterface14.xml
----------------- Instantiating /home/travis/build/icyphy/ptII/ptolemy/domains/continuous/test/auto/CausalityInterface14.xml
3 ms. Memory: 578560K Free: 324030K (56%)
----------------- Invoking toplevel() on ptolemy.moml.MoMLSimpleApplication@62eac45c
----------------- Done invoking toplevel() on ptolemy.moml.MoMLSimpleApplication@62eac45c
reloadAllAccessors: .CausalityInterface14

===========================================================================================
----------------- testing Sun Feb 10 03:31:43 UTC 2019 /home/travis/build/icyphy/ptII/ptolemy/domains/continuous/test/auto/CausalityInterface4.xml
----------------- Instantiating /home/travis/build/icyphy/ptII/ptolemy/domains/continuous/test/auto/CausalityInterface4.xml
3 ms. Memory: 578560K Free: 314192K (54%)
----------------- Invoking toplevel() on ptolemy.moml.MoMLSimpleApplication@3928452c
----------------- Done invoking toplevel() on ptolemy.moml.MoMLSimpleApplication@3928452c
reloadAllAccessors: .CausalityInterface4

===========================================================================================
----------------- testing Sun Feb 10 03:31:43 UTC 2019 /home/travis/build/icyphy/ptII/ptolemy/domains/continuous/test/auto/CausalityInterface5.xml
----------------- Instantiating /home/travis/build/icyphy/ptII/ptolemy/domains/continuous/test/auto/CausalityInterface5.xml
3 ms. Memory: 578560K Free: 298169K (52%)
----------------- Invoking toplevel() on ptolemy.moml.MoMLSimpleApplication@3cc0822c
----------------- Done invoking toplevel() on ptolemy.moml.MoMLSimpleApplication@3cc0822c
reloadAllAccessors: .CausalityInterface5

===========================================================================================
----------------- testing Sun Feb 10 03:31:43 UTC 2019 /home/travis/build/icyphy/ptII/ptolemy/domains/continuous/test/auto/CausalityInterface6.xml
----------------- Instantiating /home/travis/build/icyphy/ptII/ptolemy/domains/continuous/test/auto/CausalityInterface6.xml
3 ms. Memory: 578560K Free: 278492K (48%)
----------------- Invoking toplevel() on ptolemy.moml.MoMLSimpleApplication@23b3b916
----------------- Done invoking toplevel() on ptolemy.moml.MoMLSimpleApplication@23b3b916
reloadAllAccessors: .CausalityInterface6

===========================================================================================
----------------- testing Sun Feb 10 03:31:43 UTC 2019 /home/travis/build/icyphy/ptII/ptolemy/domains/continuous/test/auto/CausalityInterface7.xml
----------------- Instantiating /home/travis/build/icyphy/ptII/ptolemy/domains/continuous/test/auto/CausalityInterface7.xml
14 ms. Memory: 578560K Free: 265377K (46%)
----------------- Invoking toplevel() on ptolemy.moml.MoMLSimpleApplication@69f51c0e
----------------- Done invoking toplevel() on ptolemy.moml.MoMLSimpleApplication@69f51c0e
reloadAllAccessors: .CausalityInterface7

===========================================================================================
----------------- testing Sun Feb 10 03:31:43 UTC 2019 /home/travis/build/icyphy/ptII/ptolemy/domains/continuous/test/auto/CausalityInterface8.xml
----------------- Instantiating /home/travis/build/icyphy/ptII/ptolemy/domains/continuous/test/auto/CausalityInterface8.xml
6 ms. Memory: 578560K Free: 252230K (44%)
----------------- Invoking toplevel() on ptolemy.moml.MoMLSimpleApplication@3e620433
----------------- Done invoking toplevel() on ptolemy.moml.MoMLSimpleApplication@3e620433
reloadAllAccessors: .CausalityInterface8

===========================================================================================
----------------- testing Sun Feb 10 03:31:43 UTC 2019 /home/travis/build/icyphy/ptII/ptolemy/domains/continuous/test/auto/CausalityInterface9.xml
----------------- Instantiating /home/travis/build/icyphy/ptII/ptolemy/domains/continuous/test/auto/CausalityInterface9.xml
8 ms. Memory: 578560K Free: 236223K (41%)
----------------- Invoking toplevel() on ptolemy.moml.MoMLSimpleApplication@33d0c486
----------------- Done invoking toplevel() on ptolemy.moml.MoMLSimpleApplication@33d0c486
reloadAllAccessors: .CausalityInterface9

===========================================================================================
----------------- testing Sun Feb 10 03:31:43 UTC 2019 /home/travis/build/icyphy/ptII/ptolemy/domains/continuous/test/auto/CausalityInterfaceFeedback1.xml
----------------- Instantiating /home/travis/build/icyphy/ptII/ptolemy/domains/continuous/test/auto/CausalityInterfaceFeedback1.xml
11 ms. Memory: 578560K Free: 226392K (39%)
----------------- Invoking toplevel() on ptolemy.moml.MoMLSimpleApplication@2120ea0a
----------------- Done invoking toplevel() on ptolemy.moml.MoMLSimpleApplication@2120ea0a
reloadAllAccessors: .CausalityInterfaceFeedback1

===========================================================================================
----------------- testing Sun Feb 10 03:31:43 UTC 2019 /home/travis/build/icyphy/ptII/ptolemy/domains/continuous/test/auto/CausalityInterfaceFeedback2.xml
----------------- Instantiating /home/travis/build/icyphy/ptII/ptolemy/domains/continuous/test/auto/CausalityInterfaceFeedback2.xml
7 ms. Memory: 578560K Free: 216562K (37%)
----------------- Invoking toplevel() on ptolemy.moml.MoMLSimpleApplication@72aac879
----------------- Done invoking toplevel() on ptolemy.moml.MoMLSimpleApplication@72aac879
reloadAllAccessors: .CausalityInterfaceFeedback2

===========================================================================================
----------------- testing Sun Feb 10 03:31:43 UTC 2019 /home/travis/build/icyphy/ptII/ptolemy/domains/continuous/test/auto/CompareWithCurrentTime.xml
----------------- Instantiating /home/travis/build/icyphy/ptII/ptolemy/domains/continuous/test/auto/CompareWithCurrentTime.xml
4 ms. Memory: 578560K Free: 207124K (36%)
----------------- Invoking toplevel() on ptolemy.moml.MoMLSimpleApplication@7776dcef
----------------- Done invoking toplevel() on ptolemy.moml.MoMLSimpleApplication@7776dcef
reloadAllAccessors: .CompareWithCurrentTime

===========================================================================================
----------------- testing Sun Feb 10 03:31:43 UTC 2019 /home/travis/build/icyphy/ptII/ptolemy/domains/continuous/test/auto/ComparedClocks.xml
----------------- Instantiating /home/travis/build/icyphy/ptII/ptolemy/domains/continuous/test/auto/ComparedClocks.xml
10 ms. Memory: 578560K Free: 187431K (32%)
----------------- Invoking toplevel() on ptolemy.moml.MoMLSimpleApplication@49f8f09c
----------------- Done invoking toplevel() on ptolemy.moml.MoMLSimpleApplication@49f8f09c
reloadAllAccessors: .ComparedClocks

===========================================================================================
----------------- testing Sun Feb 10 03:31:44 UTC 2019 /home/travis/build/icyphy/ptII/ptolemy/domains/continuous/test/auto/ContinuousAOCClone.xml
----------------- Instantiating /home/travis/build/icyphy/ptII/ptolemy/domains/continuous/test/auto/ContinuousAOCClone.xml
2738 ms. Memory: 872960K Free: 451844K (52%)
----------------- Invoking toplevel() on ptolemy.moml.MoMLSimpleApplication@402b5a6d
----------------- Done invoking toplevel() on ptolemy.moml.MoMLSimpleApplication@402b5a6d
reloadAllAccessors: .ContinuousAOCClone

===========================================================================================
----------------- testing Sun Feb 10 03:31:46 UTC 2019 /home/travis/build/icyphy/ptII/ptolemy/domains/continuous/test/auto/ContinuousClock.xml
----------------- Instantiating /home/travis/build/icyphy/ptII/ptolemy/domains/continuous/test/auto/ContinuousClock.xml
23 ms. Memory: 872960K Free: 417599K (48%)
----------------- Invoking toplevel() on ptolemy.moml.MoMLSimpleApplication@500ed29e
----------------- Done invoking toplevel() on ptolemy.moml.MoMLSimpleApplication@500ed29e
reloadAllAccessors: .ContinuousClock

===========================================================================================
----------------- testing Sun Feb 10 03:31:47 UTC 2019 /home/travis/build/icyphy/ptII/ptolemy/domains/continuous/test/auto/ContinuousInContinuous.xml
----------------- Instantiating /home/travis/build/icyphy/ptII/ptolemy/domains/continuous/test/auto/ContinuousInContinuous.xml
35 ms. Memory: 872960K Free: 390043K (45%)
----------------- Invoking toplevel() on ptolemy.moml.MoMLSimpleApplication@acbb2f1
----------------- Done invoking toplevel() on ptolemy.moml.MoMLSimpleApplication@acbb2f1
reloadAllAccessors: .ContinuousInContinuous

===========================================================================================
----------------- testing Sun Feb 10 03:31:47 UTC 2019 /home/travis/build/icyphy/ptII/ptolemy/domains/continuous/test/auto/ContinuousInContinuousInContinuous.xml
----------------- Instantiating /home/travis/build/icyphy/ptII/ptolemy/domains/continuous/test/auto/ContinuousInContinuousInContinuous.xml
10 ms. Memory: 872960K Free: 378238K (43%)
----------------- Invoking toplevel() on ptolemy.moml.MoMLSimpleApplication@15a9b55a
----------------- Done invoking toplevel() on ptolemy.moml.MoMLSimpleApplication@15a9b55a
reloadAllAccessors: .ContinuousInContinuousInContinuous

===========================================================================================
----------------- testing Sun Feb 10 03:31:47 UTC 2019 /home/travis/build/icyphy/ptII/ptolemy/domains/continuous/test/auto/ContinuousInDE.xml
----------------- Instantiating /home/travis/build/icyphy/ptII/ptolemy/domains/continuous/test/auto/ContinuousInDE.xml
111 ms. Memory: 872960K Free: 359378K (41%)
----------------- Invoking toplevel() on ptolemy.moml.MoMLSimpleApplication@4b3777a3
----------------- Done invoking toplevel() on ptolemy.moml.MoMLSimpleApplication@4b3777a3
reloadAllAccessors: .ContinuousInDE

===========================================================================================
----------------- testing Sun Feb 10 03:31:47 UTC 2019 /home/travis/build/icyphy/ptII/ptolemy/domains/continuous/test/auto/ContinuousInDE2.xml
----------------- Instantiating /home/travis/build/icyphy/ptII/ptolemy/domains/continuous/test/auto/ContinuousInDE2.xml
44 ms. Memory: 872960K Free: 347589K (40%)
----------------- Invoking toplevel() on ptolemy.moml.MoMLSimpleApplication@3ccb8632
----------------- Done invoking toplevel() on ptolemy.moml.MoMLSimpleApplication@3ccb8632
reloadAllAccessors: .ContinuousInDE2

===========================================================================================
----------------- testing Sun Feb 10 03:31:47 UTC 2019 /home/travis/build/icyphy/ptII/ptolemy/domains/continuous/test/auto/ContinuousInDE3.xml
----------------- Instantiating /home/travis/build/icyphy/ptII/ptolemy/domains/continuous/test/auto/ContinuousInDE3.xml
46 ms. Memory: 872960K Free: 335801K (38%)
----------------- Invoking toplevel() on ptolemy.moml.MoMLSimpleApplication@65d8024f
----------------- Done invoking toplevel() on ptolemy.moml.MoMLSimpleApplication@65d8024f
reloadAllAccessors: .ContinuousInDE3

===========================================================================================
----------------- testing Sun Feb 10 03:31:47 UTC 2019 /home/travis/build/icyphy/ptII/ptolemy/domains/continuous/test/auto/ContinuousInDE4.xml
----------------- Instantiating /home/travis/build/icyphy/ptII/ptolemy/domains/continuous/test/auto/ContinuousInDE4.xml
17 ms. Memory: 872960K Free: 327941K (38%)
----------------- Invoking toplevel() on ptolemy.moml.MoMLSimpleApplication@77399311
----------------- Done invoking toplevel() on ptolemy.moml.MoMLSimpleApplication@77399311
reloadAllAccessors: .ContinuousInDE4

===========================================================================================
----------------- testing Sun Feb 10 03:31:47 UTC 2019 /home/travis/build/icyphy/ptII/ptolemy/domains/continuous/test/auto/ContinuousInDEDifferentRefinements.xml
----------------- Instantiating /home/travis/build/icyphy/ptII/ptolemy/domains/continuous/test/auto/ContinuousInDEDifferentRefinements.xml
68 ms. Memory: 872960K Free: 289376K (33%)
----------------- Invoking toplevel() on ptolemy.moml.MoMLSimpleApplication@28c6c250
----------------- Done invoking toplevel() on ptolemy.moml.MoMLSimpleApplication@28c6c250
reloadAllAccessors: .ContinuousInDEDifferentRefinements

===========================================================================================
----------------- testing Sun Feb 10 03:31:47 UTC 2019 /home/travis/build/icyphy/ptII/ptolemy/domains/continuous/test/auto/ContinuousInDEDifferentRefinementsPreemptive.xml
----------------- Instantiating /home/travis/build/icyphy/ptII/ptolemy/domains/continuous/test/auto/ContinuousInDEDifferentRefinementsPreemptive.xml
46 ms. Memory: 872960K Free: 253945K (29%)
----------------- Invoking toplevel() on ptolemy.moml.MoMLSimpleApplication@6c25f5e
----------------- Done invoking toplevel() on ptolemy.moml.MoMLSimpleApplication@6c25f5e
reloadAllAccessors: .ContinuousInDEDifferentRefinementsPreemptive

===========================================================================================
----------------- testing Sun Feb 10 03:31:47 UTC 2019 /home/travis/build/icyphy/ptII/ptolemy/domains/continuous/test/auto/ContinuousInDEInContinuous2.xml
----------------- Instantiating /home/travis/build/icyphy/ptII/ptolemy/domains/continuous/test/auto/ContinuousInDEInContinuous2.xml
40 ms. Memory: 872960K Free: 238226K (27%)
----------------- Invoking toplevel() on ptolemy.moml.MoMLSimpleApplication@74bd0498
----------------- Done invoking toplevel() on ptolemy.moml.MoMLSimpleApplication@74bd0498
reloadAllAccessors: .ContinuousInDEInContinuous2

===========================================================================================
----------------- testing Sun Feb 10 03:31:47 UTC 2019 /home/travis/build/icyphy/ptII/ptolemy/domains/continuous/test/auto/ContinuousInDEInContinuous3.xml
----------------- Instantiating /home/travis/build/icyphy/ptII/ptolemy/domains/continuous/test/auto/ContinuousInDEInContinuous3.xml
40 ms. Memory: 872960K Free: 222492K (25%)
----------------- Invoking toplevel() on ptolemy.moml.MoMLSimpleApplication@d0e1087
----------------- Done invoking toplevel() on ptolemy.moml.MoMLSimpleApplication@d0e1087
reloadAllAccessors: .ContinuousInDEInContinuous3

===========================================================================================
----------------- testing Sun Feb 10 03:31:47 UTC 2019 /home/travis/build/icyphy/ptII/ptolemy/domains/continuous/test/auto/ContinuousInDEInput.xml
----------------- Instantiating /home/travis/build/icyphy/ptII/ptolemy/domains/continuous/test/auto/ContinuousInDEInput.xml
18 ms. Memory: 872960K Free: 207561K (24%)
----------------- Invoking toplevel() on ptolemy.moml.MoMLSimpleApplication@41a1ce85
----------------- Done invoking toplevel() on ptolemy.moml.MoMLSimpleApplication@41a1ce85
reloadAllAccessors: .ContinuousInDEInput

===========================================================================================
----------------- testing Sun Feb 10 03:31:47 UTC 2019 /home/travis/build/icyphy/ptII/ptolemy/domains/continuous/test/auto/ContinuousInDEInput2.xml
----------------- Instantiating /home/travis/build/icyphy/ptII/ptolemy/domains/continuous/test/auto/ContinuousInDEInput2.xml
20 ms. Memory: 872960K Free: 195756K (22%)
----------------- Invoking toplevel() on ptolemy.moml.MoMLSimpleApplication@59bf89f7
----------------- Done invoking toplevel() on ptolemy.moml.MoMLSimpleApplication@59bf89f7
reloadAllAccessors: .ContinuousInDEInput2

===========================================================================================
----------------- testing Sun Feb 10 03:31:47 UTC 2019 /home/travis/build/icyphy/ptII/ptolemy/domains/continuous/test/auto/ContinuousInDEInput3.xml
----------------- Instantiating /home/travis/build/icyphy/ptII/ptolemy/domains/continuous/test/auto/ContinuousInDEInput3.xml
15 ms. Memory: 872960K Free: 183959K (21%)
----------------- Invoking toplevel() on ptolemy.moml.MoMLSimpleApplication@45347ae5
----------------- Done invoking toplevel() on ptolemy.moml.MoMLSimpleApplication@45347ae5
reloadAllAccessors: .ContinuousInDEInput3

===========================================================================================
----------------- testing Sun Feb 10 03:31:47 UTC 2019 /home/travis/build/icyphy/ptII/ptolemy/domains/continuous/test/auto/ContinuousInDESharingRefinement.xml
----------------- Instantiating /home/travis/build/icyphy/ptII/ptolemy/domains/continuous/test/auto/ContinuousInDESharingRefinement.xml
164 ms. Memory: 872960K Free: 85495K (10%)
----------------- Invoking toplevel() on ptolemy.moml.MoMLSimpleApplication@153544c5
----------------- Done invoking toplevel() on ptolemy.moml.MoMLSimpleApplication@153544c5
reloadAllAccessors: .ContinuousInDESharingRefinement

===========================================================================================
----------------- testing Sun Feb 10 03:31:48 UTC 2019 /home/travis/build/icyphy/ptII/ptolemy/domains/continuous/test/auto/ContinuousInDEwithNoPorts.xml
----------------- Instantiating /home/travis/build/icyphy/ptII/ptolemy/domains/continuous/test/auto/ContinuousInDEwithNoPorts.xml
5 ms. Memory: 872960K Free: 74510K (9%)
----------------- Invoking toplevel() on ptolemy.moml.MoMLSimpleApplication@e7b77f9
----------------- Done invoking toplevel() on ptolemy.moml.MoMLSimpleApplication@e7b77f9
reloadAllAccessors: .ContinuousInDEwithNoPorts

===========================================================================================
----------------- testing Sun Feb 10 03:31:48 UTC 2019 /home/travis/build/icyphy/ptII/ptolemy/domains/continuous/test/auto/ContinuousInsideDE.xml
----------------- Instantiating /home/travis/build/icyphy/ptII/ptolemy/domains/continuous/test/auto/ContinuousInsideDE.xml
58 ms. Memory: 873472K Free: 847566K (97%)
----------------- Invoking toplevel() on ptolemy.moml.MoMLSimpleApplication@323f4f22
----------------- Done invoking toplevel() on ptolemy.moml.MoMLSimpleApplication@323f4f22
reloadAllAccessors: .ContinuousInsideDE

===========================================================================================
----------------- testing Sun Feb 10 03:31:48 UTC 2019 /home/travis/build/icyphy/ptII/ptolemy/domains/continuous/test/auto/ContinuousMerge1.xml
----------------- Instantiating /home/travis/build/icyphy/ptII/ptolemy/domains/continuous/test/auto/ContinuousMerge1.xml
2 ms. Memory: 873472K Free: 832991K (95%)
----------------- Invoking toplevel() on ptolemy.moml.MoMLSimpleApplication@2416b7d4
----------------- Done invoking toplevel() on ptolemy.moml.MoMLSimpleApplication@2416b7d4
reloadAllAccessors: .ContinuousMerge1

===========================================================================================
----------------- testing Sun Feb 10 03:31:48 UTC 2019 /home/travis/build/icyphy/ptII/ptolemy/domains/continuous/test/auto/ContinuousMerge2.xml
----------------- Instantiating /home/travis/build/icyphy/ptII/ptolemy/domains/continuous/test/auto/ContinuousMerge2.xml
15 ms. Memory: 873472K Free: 817109K (94%)
----------------- Invoking toplevel() on ptolemy.moml.MoMLSimpleApplication@61d30388
----------------- Done invoking toplevel() on ptolemy.moml.MoMLSimpleApplication@61d30388
reloadAllAccessors: .ContinuousMerge2

===========================================================================================
----------------- testing Sun Feb 10 03:31:48 UTC 2019 /home/travis/build/icyphy/ptII/ptolemy/domains/continuous/test/auto/ContinuousMerge3.xml
----------------- Instantiating /home/travis/build/icyphy/ptII/ptolemy/domains/continuous/test/auto/ContinuousMerge3.xml
49 ms. Memory: 873472K Free: 799260K (92%)
----------------- Invoking toplevel() on ptolemy.moml.MoMLSimpleApplication@23c1cf42
----------------- Done invoking toplevel() on ptolemy.moml.MoMLSimpleApplication@23c1cf42
reloadAllAccessors: .ContinuousMerge3

===========================================================================================
----------------- testing Sun Feb 10 03:31:48 UTC 2019 /home/travis/build/icyphy/ptII/ptolemy/domains/continuous/test/auto/ContinuousWithinContinuous.xml
----------------- Instantiating /home/travis/build/icyphy/ptII/ptolemy/domains/continuous/test/auto/ContinuousWithinContinuous.xml
43 ms. Memory: 873472K Free: 788781K (90%)
----------------- Invoking toplevel() on ptolemy.moml.MoMLSimpleApplication@20f47c91
----------------- Done invoking toplevel() on ptolemy.moml.MoMLSimpleApplication@20f47c91
reloadAllAccessors: .ContinuousWithinContinuous

===========================================================================================
----------------- testing Sun Feb 10 03:31:48 UTC 2019 /home/travis/build/icyphy/ptII/ptolemy/domains/continuous/test/auto/ContinuousWithinContinuous2.xml
----------------- Instantiating /home/travis/build/icyphy/ptII/ptolemy/domains/continuous/test/auto/ContinuousWithinContinuous2.xml
72 ms. Memory: 873472K Free: 773062K (89%)
----------------- Invoking toplevel() on ptolemy.moml.MoMLSimpleApplication@6657cbfd
----------------- Done invoking toplevel() on ptolemy.moml.MoMLSimpleApplication@6657cbfd
reloadAllAccessors: .ContinuousWithinContinuous2

===========================================================================================
----------------- testing Sun Feb 10 03:31:48 UTC 2019 /home/travis/build/icyphy/ptII/ptolemy/domains/continuous/test/auto/ContinuousWithinContinuous3.xml
----------------- Instantiating /home/travis/build/icyphy/ptII/ptolemy/domains/continuous/test/auto/ContinuousWithinContinuous3.xml
17 ms. Memory: 873472K Free: 760452K (87%)
----------------- Invoking toplevel() on ptolemy.moml.MoMLSimpleApplication@3f286e10
----------------- Done invoking toplevel() on ptolemy.moml.MoMLSimpleApplication@3f286e10
reloadAllAccessors: .ContinuousWithinContinuous3

===========================================================================================
----------------- testing Sun Feb 10 03:31:48 UTC 2019 /home/travis/build/icyphy/ptII/ptolemy/domains/continuous/test/auto/ContinuousWithinContinuous4.xml
----------------- Instantiating /home/travis/build/icyphy/ptII/ptolemy/domains/continuous/test/auto/ContinuousWithinContinuous4.xml
67 ms. Memory: 873472K Free: 744734K (85%)
----------------- Invoking toplevel() on ptolemy.moml.MoMLSimpleApplication@283f7d7f
----------------- Done invoking toplevel() on ptolemy.moml.MoMLSimpleApplication@283f7d7f
reloadAllAccessors: .ContinuousWithinContinuous4

===========================================================================================
----------------- testing Sun Feb 10 03:31:48 UTC 2019 /home/travis/build/icyphy/ptII/ptolemy/domains/continuous/test/auto/ContinuousWithinContinuous5.xml
----------------- Instantiating /home/travis/build/icyphy/ptII/ptolemy/domains/continuous/test/auto/ContinuousWithinContinuous5.xml
13 ms. Memory: 873472K Free: 732124K (84%)
----------------- Invoking toplevel() on ptolemy.moml.MoMLSimpleApplication@33139a53
----------------- Done invoking toplevel() on ptolemy.moml.MoMLSimpleApplication@33139a53
reloadAllAccessors: .ContinuousWithinContinuous5

===========================================================================================
----------------- testing Sun Feb 10 03:31:48 UTC 2019 /home/travis/build/icyphy/ptII/ptolemy/domains/continuous/test/auto/ContinuousWithinContinuous6.xml
----------------- Instantiating /home/travis/build/icyphy/ptII/ptolemy/domains/continuous/test/auto/ContinuousWithinContinuous6.xml
11 ms. Memory: 873472K Free: 721645K (83%)
----------------- Invoking toplevel() on ptolemy.moml.MoMLSimpleApplication@388c5306
----------------- Done invoking toplevel() on ptolemy.moml.MoMLSimpleApplication@388c5306
reloadAllAccessors: .ContinuousWithinContinuous6

===========================================================================================
----------------- testing Sun Feb 10 03:31:48 UTC 2019 /home/travis/build/icyphy/ptII/ptolemy/domains/continuous/test/auto/ContinuousWithinContinuous7.xml
----------------- Instantiating /home/travis/build/icyphy/ptII/ptolemy/domains/continuous/test/auto/ContinuousWithinContinuous7.xml
58 ms. Memory: 873472K Free: 705926K (81%)
----------------- Invoking toplevel() on ptolemy.moml.MoMLSimpleApplication@4bc42788
----------------- Done invoking toplevel() on ptolemy.moml.MoMLSimpleApplication@4bc42788
reloadAllAccessors: .ContinuousWithinContinuous7

===========================================================================================
----------------- testing Sun Feb 10 03:31:48 UTC 2019 /home/travis/build/icyphy/ptII/ptolemy/domains/continuous/test/auto/DCMotor.xml
----------------- Instantiating /home/travis/build/icyphy/ptII/ptolemy/domains/continuous/test/auto/DCMotor.xml
13224 ms. Memory: 734720K Free: 211554K (29%)
----------------- Invoking toplevel() on ptolemy.moml.MoMLSimpleApplication@3c573881
----------------- Done invoking toplevel() on ptolemy.moml.MoMLSimpleApplication@3c573881
reloadAllAccessors: .DCMotor

===========================================================================================
----------------- testing Sun Feb 10 03:32:02 UTC 2019 /home/travis/build/icyphy/ptII/ptolemy/domains/continuous/test/auto/DEInContinuous.xml
----------------- Instantiating /home/travis/build/icyphy/ptII/ptolemy/domains/continuous/test/auto/DEInContinuous.xml
9 ms. Memory: 734720K Free: 195055K (27%)
----------------- Invoking toplevel() on ptolemy.moml.MoMLSimpleApplication@5101ce66
----------------- Done invoking toplevel() on ptolemy.moml.MoMLSimpleApplication@5101ce66
reloadAllAccessors: .DEInContinuous

===========================================================================================
----------------- testing Sun Feb 10 03:32:02 UTC 2019 /home/travis/build/icyphy/ptII/ptolemy/domains/continuous/test/auto/DEinContinuous2.xml
----------------- Instantiating /home/travis/build/icyphy/ptII/ptolemy/domains/continuous/test/auto/DEinContinuous2.xml
13 ms. Memory: 734720K Free: 180926K (25%)
----------------- Invoking toplevel() on ptolemy.moml.MoMLSimpleApplication@36e4cc3d
----------------- Done invoking toplevel() on ptolemy.moml.MoMLSimpleApplication@36e4cc3d
reloadAllAccessors: .DEinContinuous2

===========================================================================================
----------------- testing Sun Feb 10 03:32:02 UTC 2019 /home/travis/build/icyphy/ptII/ptolemy/domains/continuous/test/auto/Derivative.xml
----------------- Instantiating /home/travis/build/icyphy/ptII/ptolemy/domains/continuous/test/auto/Derivative.xml
177 ms. Memory: 734720K Free: 140859K (19%)
----------------- Invoking toplevel() on ptolemy.moml.MoMLSimpleApplication@4a47d07c
----------------- Done invoking toplevel() on ptolemy.moml.MoMLSimpleApplication@4a47d07c
reloadAllAccessors: .Derivative2

===========================================================================================
----------------- testing Sun Feb 10 03:32:02 UTC 2019 /home/travis/build/icyphy/ptII/ptolemy/domains/continuous/test/auto/Derivative1.xml
----------------- Instantiating /home/travis/build/icyphy/ptII/ptolemy/domains/continuous/test/auto/Derivative1.xml
18 ms. Memory: 734720K Free: 121443K (17%)
----------------- Invoking toplevel() on ptolemy.moml.MoMLSimpleApplication@35e8794e
----------------- Done invoking toplevel() on ptolemy.moml.MoMLSimpleApplication@35e8794e
reloadAllAccessors: .Derivative1

===========================================================================================
----------------- testing Sun Feb 10 03:32:02 UTC 2019 /home/travis/build/icyphy/ptII/ptolemy/domains/continuous/test/auto/DiscreteClock.xml
----------------- Instantiating /home/travis/build/icyphy/ptII/ptolemy/domains/continuous/test/auto/DiscreteClock.xml
8 ms. Memory: 734720K Free: 107315K (15%)
----------------- Invoking toplevel() on ptolemy.moml.MoMLSimpleApplication@60450d
----------------- Done invoking toplevel() on ptolemy.moml.MoMLSimpleApplication@60450d
reloadAllAccessors: .DiscreteClock

===========================================================================================
----------------- testing Sun Feb 10 03:32:02 UTC 2019 /home/travis/build/icyphy/ptII/ptolemy/domains/continuous/test/auto/EfficiencyCurve.xml
----------------- Instantiating /home/travis/build/icyphy/ptII/ptolemy/domains/continuous/test/auto/EfficiencyCurve.xml
73 ms. Memory: 734720K Free: 93186K (13%)
----------------- Invoking toplevel() on ptolemy.moml.MoMLSimpleApplication@757b8622
----------------- Done invoking toplevel() on ptolemy.moml.MoMLSimpleApplication@757b8622
reloadAllAccessors: .EfficiencyCurve

===========================================================================================
----------------- testing Sun Feb 10 03:32:02 UTC 2019 /home/travis/build/icyphy/ptII/ptolemy/domains/continuous/test/auto/ExponentialResponse.xml
----------------- Instantiating /home/travis/build/icyphy/ptII/ptolemy/domains/continuous/test/auto/ExponentialResponse.xml
105 ms. Memory: 697344K Free: 680386K (98%)
----------------- Invoking toplevel() on ptolemy.moml.MoMLSimpleApplication@3bd8741
----------------- Done invoking toplevel() on ptolemy.moml.MoMLSimpleApplication@3bd8741
reloadAllAccessors: .ExponentialResponse

===========================================================================================
----------------- testing Sun Feb 10 03:32:02 UTC 2019 /home/travis/build/icyphy/ptII/ptolemy/domains/continuous/test/auto/ExponentialResponseRK45.xml
----------------- Instantiating /home/travis/build/icyphy/ptII/ptolemy/domains/continuous/test/auto/ExponentialResponseRK45.xml
23 ms. Memory: 697344K Free: 667550K (96%)
----------------- Invoking toplevel() on ptolemy.moml.MoMLSimpleApplication@2908dd0
----------------- Done invoking toplevel() on ptolemy.moml.MoMLSimpleApplication@2908dd0
reloadAllAccessors: .ExponentialResponseRK45

===========================================================================================
----------------- testing Sun Feb 10 03:32:02 UTC 2019 /home/travis/build/icyphy/ptII/ptolemy/domains/continuous/test/auto/Friction.xml
----------------- Instantiating /home/travis/build/icyphy/ptII/ptolemy/domains/continuous/test/auto/Friction.xml
1536 ms. Memory: 697344K Free: 224561K (32%)
----------------- Invoking toplevel() on ptolemy.moml.MoMLSimpleApplication@29f9b552
----------------- Done invoking toplevel() on ptolemy.moml.MoMLSimpleApplication@29f9b552
reloadAllAccessors: .Friction

===========================================================================================
----------------- testing Sun Feb 10 03:32:04 UTC 2019 /home/travis/build/icyphy/ptII/ptolemy/domains/continuous/test/auto/FurutaPendulum.xml
----------------- Instantiating /home/travis/build/icyphy/ptII/ptolemy/domains/continuous/test/auto/FurutaPendulum.xml
3735 ms. Memory: 674816K Free: 324811K (48%)
----------------- Invoking toplevel() on ptolemy.moml.MoMLSimpleApplication@152e73b
----------------- Done invoking toplevel() on ptolemy.moml.MoMLSimpleApplication@152e73b
reloadAllAccessors: .FurutaPendulum

===========================================================================================
----------------- testing Sun Feb 10 03:32:08 UTC 2019 /home/travis/build/icyphy/ptII/ptolemy/domains/continuous/test/auto/HierarchicalExecution.xml
----------------- Instantiating /home/travis/build/icyphy/ptII/ptolemy/domains/continuous/test/auto/HierarchicalExecution.xml
2427 ms. Memory: 647168K Free: 568217K (88%)
----------------- Invoking toplevel() on ptolemy.moml.MoMLSimpleApplication@73430885
----------------- Done invoking toplevel() on ptolemy.moml.MoMLSimpleApplication@73430885
reloadAllAccessors: .HierarchicalExecution

===========================================================================================
----------------- testing Sun Feb 10 03:32:11 UTC 2019 /home/travis/build/icyphy/ptII/ptolemy/domains/continuous/test/auto/HybridPlant.xml
----------------- Instantiating /home/travis/build/icyphy/ptII/ptolemy/domains/continuous/test/auto/HybridPlant.xml
566 ms. Memory: 647168K Free: 292482K (45%)
----------------- Invoking toplevel() on ptolemy.moml.MoMLSimpleApplication@3de57a3b
----------------- Done invoking toplevel() on ptolemy.moml.MoMLSimpleApplication@3de57a3b
reloadAllAccessors: .HybridPlant

===========================================================================================
----------------- testing Sun Feb 10 03:32:11 UTC 2019 /home/travis/build/icyphy/ptII/ptolemy/domains/continuous/test/auto/Hysteresis.xml
----------------- Instantiating /home/travis/build/icyphy/ptII/ptolemy/domains/continuous/test/auto/Hysteresis.xml
141 ms. Memory: 647168K Free: 224238K (35%)
----------------- Invoking toplevel() on ptolemy.moml.MoMLSimpleApplication@4a2a8b32
----------------- Done invoking toplevel() on ptolemy.moml.MoMLSimpleApplication@4a2a8b32
reloadAllAccessors: .Hysteresis

===========================================================================================
----------------- testing Sun Feb 10 03:32:12 UTC 2019 /home/travis/build/icyphy/ptII/ptolemy/domains/continuous/test/auto/HysteresisWithRandomDelay.xml
----------------- Instantiating /home/travis/build/icyphy/ptII/ptolemy/domains/continuous/test/auto/HysteresisWithRandomDelay.xml
172 ms. Memory: 647168K Free: 144825K (22%)
----------------- Invoking toplevel() on ptolemy.moml.MoMLSimpleApplication@3083c1d8
----------------- Done invoking toplevel() on ptolemy.moml.MoMLSimpleApplication@3083c1d8
reloadAllAccessors: .HysteresisWithRandomDelay

===========================================================================================
----------------- testing Sun Feb 10 03:32:12 UTC 2019 /home/travis/build/icyphy/ptII/ptolemy/domains/continuous/test/auto/HysteresisWithRandomLosses.xml
----------------- Instantiating /home/travis/build/icyphy/ptII/ptolemy/domains/continuous/test/auto/HysteresisWithRandomLosses.xml
2384 ms. Memory: 589312K Free: 411956K (70%)
----------------- Invoking toplevel() on ptolemy.moml.MoMLSimpleApplication@18334263
----------------- Done invoking toplevel() on ptolemy.moml.MoMLSimpleApplication@18334263
reloadAllAccessors: .HysteresisWithRandomLosses

===========================================================================================
----------------- testing Sun Feb 10 03:32:14 UTC 2019 /home/travis/build/icyphy/ptII/ptolemy/domains/continuous/test/auto/ImmediateTransitions.xml
----------------- Instantiating /home/travis/build/icyphy/ptII/ptolemy/domains/continuous/test/auto/ImmediateTransitions.xml
8 ms. Memory: 589312K Free: 399260K (68%)
----------------- Invoking toplevel() on ptolemy.moml.MoMLSimpleApplication@7f732c1f
----------------- Done invoking toplevel() on ptolemy.moml.MoMLSimpleApplication@7f732c1f
reloadAllAccessors: .ImmediateTransitions

===========================================================================================
----------------- testing Sun Feb 10 03:32:14 UTC 2019 /home/travis/build/icyphy/ptII/ptolemy/domains/continuous/test/auto/ImpulseFeedback.xml
----------------- Instantiating /home/travis/build/icyphy/ptII/ptolemy/domains/continuous/test/auto/ImpulseFeedback.xml
6 ms. Memory: 589312K Free: 388254K (66%)
----------------- Invoking toplevel() on ptolemy.moml.MoMLSimpleApplication@3ef6e6ba
----------------- Done invoking toplevel() on ptolemy.moml.MoMLSimpleApplication@3ef6e6ba
reloadAllAccessors: .ImpulseFeedback

===========================================================================================
----------------- testing Sun Feb 10 03:32:14 UTC 2019 /home/travis/build/icyphy/ptII/ptolemy/domains/continuous/test/auto/ImpulseFeedback2.xml
----------------- Instantiating /home/travis/build/icyphy/ptII/ptolemy/domains/continuous/test/auto/ImpulseFeedback2.xml
5 ms. Memory: 589312K Free: 377248K (64%)
----------------- Invoking toplevel() on ptolemy.moml.MoMLSimpleApplication@5c58856
----------------- Done invoking toplevel() on ptolemy.moml.MoMLSimpleApplication@5c58856
reloadAllAccessors: .ImpulseFeedback2

===========================================================================================
----------------- testing Sun Feb 10 03:32:14 UTC 2019 /home/travis/build/icyphy/ptII/ptolemy/domains/continuous/test/auto/IncreasingRatePoisson.xml
----------------- Instantiating /home/travis/build/icyphy/ptII/ptolemy/domains/continuous/test/auto/IncreasingRatePoisson.xml
637 ms. Memory: 574464K Free: 542090K (94%)
----------------- Invoking toplevel() on ptolemy.moml.MoMLSimpleApplication@68b5c80d
----------------- Done invoking toplevel() on ptolemy.moml.MoMLSimpleApplication@68b5c80d
reloadAllAccessors: .IncreasingRatePoisson

===========================================================================================
----------------- testing Sun Feb 10 03:32:15 UTC 2019 /home/travis/build/icyphy/ptII/ptolemy/domains/continuous/test/auto/InitialStateFeedback.xml
----------------- Instantiating /home/travis/build/icyphy/ptII/ptolemy/domains/continuous/test/auto/InitialStateFeedback.xml
4 ms. Memory: 574464K Free: 533047K (93%)
----------------- Invoking toplevel() on ptolemy.moml.MoMLSimpleApplication@417fd85b
----------------- Done invoking toplevel() on ptolemy.moml.MoMLSimpleApplication@417fd85b
reloadAllAccessors: .InitialStateFeedback

===========================================================================================
----------------- testing Sun Feb 10 03:32:15 UTC 2019 /home/travis/build/icyphy/ptII/ptolemy/domains/continuous/test/auto/Integration.xml
----------------- Instantiating /home/travis/build/icyphy/ptII/ptolemy/domains/continuous/test/auto/Integration.xml
7 ms. Memory: 574464K Free: 525681K (92%)
----------------- Invoking toplevel() on ptolemy.moml.MoMLSimpleApplication@4e9678c9
----------------- Done invoking toplevel() on ptolemy.moml.MoMLSimpleApplication@4e9678c9
reloadAllAccessors: .Integration

===========================================================================================
----------------- testing Sun Feb 10 03:32:15 UTC 2019 /home/travis/build/icyphy/ptII/ptolemy/domains/continuous/test/auto/Integration2.xml
----------------- Instantiating /home/travis/build/icyphy/ptII/ptolemy/domains/continuous/test/auto/Integration2.xml
106 ms. Memory: 574464K Free: 505535K (88%)
----------------- Invoking toplevel() on ptolemy.moml.MoMLSimpleApplication@57b13e78
----------------- Done invoking toplevel() on ptolemy.moml.MoMLSimpleApplication@57b13e78
reloadAllAccessors: .Integration2

===========================================================================================
----------------- testing Sun Feb 10 03:32:15 UTC 2019 /home/travis/build/icyphy/ptII/ptolemy/domains/continuous/test/auto/Integration3.xml
----------------- Instantiating /home/travis/build/icyphy/ptII/ptolemy/domains/continuous/test/auto/Integration3.xml
3 ms. Memory: 574464K Free: 498169K (87%)
----------------- Invoking toplevel() on ptolemy.moml.MoMLSimpleApplication@7c9936e2
----------------- Done invoking toplevel() on ptolemy.moml.MoMLSimpleApplication@7c9936e2
reloadAllAccessors: .Integration3

===========================================================================================
----------------- testing Sun Feb 10 03:32:15 UTC 2019 /home/travis/build/icyphy/ptII/ptolemy/domains/continuous/test/auto/Integration5.xml
----------------- Instantiating /home/travis/build/icyphy/ptII/ptolemy/domains/continuous/test/auto/Integration5.xml
2 ms. Memory: 574464K Free: 490804K (85%)
----------------- Invoking toplevel() on ptolemy.moml.MoMLSimpleApplication@60d1f0a1
----------------- Done invoking toplevel() on ptolemy.moml.MoMLSimpleApplication@60d1f0a1
reloadAllAccessors: .Integration5

===========================================================================================
----------------- testing Sun Feb 10 03:32:15 UTC 2019 /home/travis/build/icyphy/ptII/ptolemy/domains/continuous/test/auto/IntegratorImpulse.xml
----------------- Instantiating /home/travis/build/icyphy/ptII/ptolemy/domains/continuous/test/auto/IntegratorImpulse.xml
2 ms. Memory: 574464K Free: 483585K (84%)
----------------- Invoking toplevel() on ptolemy.moml.MoMLSimpleApplication@78ded2fb
----------------- Done invoking toplevel() on ptolemy.moml.MoMLSimpleApplication@78ded2fb
reloadAllAccessors: .IntegratorImpulse

===========================================================================================
----------------- testing Sun Feb 10 03:32:15 UTC 2019 /home/travis/build/icyphy/ptII/ptolemy/domains/continuous/test/auto/IntegratorImpulse2.xml
----------------- Instantiating /home/travis/build/icyphy/ptII/ptolemy/domains/continuous/test/auto/IntegratorImpulse2.xml
3 ms. Memory: 574464K Free: 476220K (83%)
----------------- Invoking toplevel() on ptolemy.moml.MoMLSimpleApplication@33cd3b84
----------------- Done invoking toplevel() on ptolemy.moml.MoMLSimpleApplication@33cd3b84
reloadAllAccessors: .IntegratorImpulse2

===========================================================================================
----------------- testing Sun Feb 10 03:32:15 UTC 2019 /home/travis/build/icyphy/ptII/ptolemy/domains/continuous/test/auto/LevelCrossing1.xml
----------------- Instantiating /home/travis/build/icyphy/ptII/ptolemy/domains/continuous/test/auto/LevelCrossing1.xml
2 ms. Memory: 574464K Free: 465625K (81%)
----------------- Invoking toplevel() on ptolemy.moml.MoMLSimpleApplication@3db231d7
----------------- Done invoking toplevel() on ptolemy.moml.MoMLSimpleApplication@3db231d7
reloadAllAccessors: .LevelCrossing1

===========================================================================================
----------------- testing Sun Feb 10 03:32:15 UTC 2019 /home/travis/build/icyphy/ptII/ptolemy/domains/continuous/test/auto/LevelCrossing2.xml
----------------- Instantiating /home/travis/build/icyphy/ptII/ptolemy/domains/continuous/test/auto/LevelCrossing2.xml
2 ms. Memory: 574464K Free: 455031K (79%)
----------------- Invoking toplevel() on ptolemy.moml.MoMLSimpleApplication@63d33d3c
----------------- Done invoking toplevel() on ptolemy.moml.MoMLSimpleApplication@63d33d3c
reloadAllAccessors: .LevelCrossing2

===========================================================================================
----------------- testing Sun Feb 10 03:32:15 UTC 2019 /home/travis/build/icyphy/ptII/ptolemy/domains/continuous/test/auto/LevelCrossing3.xml
----------------- Instantiating /home/travis/build/icyphy/ptII/ptolemy/domains/continuous/test/auto/LevelCrossing3.xml
3 ms. Memory: 574464K Free: 444587K (77%)
----------------- Invoking toplevel() on ptolemy.moml.MoMLSimpleApplication@4429b552
----------------- Done invoking toplevel() on ptolemy.moml.MoMLSimpleApplication@4429b552
reloadAllAccessors: .LevelCrossing3

===========================================================================================
----------------- testing Sun Feb 10 03:32:15 UTC 2019 /home/travis/build/icyphy/ptII/ptolemy/domains/continuous/test/auto/LevelCrossing4.xml
----------------- Instantiating /home/travis/build/icyphy/ptII/ptolemy/domains/continuous/test/auto/LevelCrossing4.xml
2 ms. Memory: 574464K Free: 433977K (76%)
----------------- Invoking toplevel() on ptolemy.moml.MoMLSimpleApplication@7ea535ce
----------------- Done invoking toplevel() on ptolemy.moml.MoMLSimpleApplication@7ea535ce
reloadAllAccessors: .LevelCrossing4

===========================================================================================
----------------- testing Sun Feb 10 03:32:15 UTC 2019 /home/travis/build/icyphy/ptII/ptolemy/domains/continuous/test/auto/LevelCrossing5.xml
----------------- Instantiating /home/travis/build/icyphy/ptII/ptolemy/domains/continuous/test/auto/LevelCrossing5.xml
2 ms. Memory: 574464K Free: 423366K (74%)
----------------- Invoking toplevel() on ptolemy.moml.MoMLSimpleApplication@4241079b
----------------- Done invoking toplevel() on ptolemy.moml.MoMLSimpleApplication@4241079b
reloadAllAccessors: .LevelCrossing5

===========================================================================================
[...]
----------------- testing Sun Feb 10 03:32:32 UTC 2019 /home/travis/build/icyphy/ptII/ptolemy/domains/continuous/test/auto/SRinContinuous.xml
----------------- Instantiating /home/travis/build/icyphy/ptII/ptolemy/domains/continuous/test/auto/SRinContinuous.xml
5 ms. Memory: 501248K Free: 405044K (81%)
----------------- Invoking toplevel() on ptolemy.moml.MoMLSimpleApplication@6ff95bb4
----------------- Done invoking toplevel() on ptolemy.moml.MoMLSimpleApplication@6ff95bb4
reloadAllAccessors: .SRinContinuous

===========================================================================================
----------------- testing Sun Feb 10 03:32:32 UTC 2019 /home/travis/build/icyphy/ptII/ptolemy/domains/continuous/test/auto/SampledClocks.xml
----------------- Instantiating /home/travis/build/icyphy/ptII/ptolemy/domains/continuous/test/auto/SampledClocks.xml
4 ms. Memory: 501248K Free: 389712K (78%)
----------------- Invoking toplevel() on ptolemy.moml.MoMLSimpleApplication@74b5e397
----------------- Done invoking toplevel() on ptolemy.moml.MoMLSimpleApplication@74b5e397
reloadAllAccessors: .SampledClocks

===========================================================================================
----------------- testing Sun Feb 10 03:32:32 UTC 2019 /home/travis/build/icyphy/ptII/ptolemy/domains/continuous/test/auto/Satellite.xml
----------------- Instantiating /home/travis/build/icyphy/ptII/ptolemy/domains/continuous/test/auto/Satellite.xml
790 ms. Memory: 501248K Free: 209642K (42%)
----------------- Invoking toplevel() on ptolemy.moml.MoMLSimpleApplication@1f7ddbb7
----------------- Done invoking toplevel() on ptolemy.moml.MoMLSimpleApplication@1f7ddbb7
reloadAllAccessors: .Satellite

===========================================================================================
----------------- testing Sun Feb 10 03:32:33 UTC 2019 /home/travis/build/icyphy/ptII/ptolemy/domains/continuous/test/auto/SigmaDelta.xml
----------------- Instantiating /home/travis/build/icyphy/ptII/ptolemy/domains/continuous/test/auto/SigmaDelta.xml
2244 ms. Memory: 481792K Free: 220353K (46%)
----------------- Invoking toplevel() on ptolemy.moml.MoMLSimpleApplication@65fc69df
----------------- Done invoking toplevel() on ptolemy.moml.MoMLSimpleApplication@65fc69df
reloadAllAccessors: .SigmaDelta

===========================================================================================
----------------- testing Sun Feb 10 03:32:35 UTC 2019 /home/travis/build/icyphy/ptII/ptolemy/domains/continuous/test/auto/SingleRefinement.xml
----------------- Instantiating /home/travis/build/icyphy/ptII/ptolemy/domains/continuous/test/auto/SingleRefinement.xml
284 ms. Memory: 481792K Free: 34306K (7%)
----------------- Invoking toplevel() on ptolemy.moml.MoMLSimpleApplication@62dd6e83
----------------- Done invoking toplevel() on ptolemy.moml.MoMLSimpleApplication@62dd6e83
reloadAllAccessors: .SingleRefinement

===========================================================================================
----------------- testing Sun Feb 10 03:32:36 UTC 2019 /home/travis/build/icyphy/ptII/ptolemy/domains/continuous/test/auto/SinuBouncingBall.xml
----------------- Instantiating /home/travis/build/icyphy/ptII/ptolemy/domains/continuous/test/auto/SinuBouncingBall.xml
778 ms. Memory: 456704K Free: 181632K (40%)
----------------- Invoking toplevel() on ptolemy.moml.MoMLSimpleApplication@41d43489
----------------- Done invoking toplevel() on ptolemy.moml.MoMLSimpleApplication@41d43489
reloadAllAccessors: .SinuBouncingBall

===========================================================================================
----------------- testing Sun Feb 10 03:32:37 UTC 2019 /home/travis/build/icyphy/ptII/ptolemy/domains/continuous/test/auto/Sinusoid.xml
----------------- Instantiating /home/travis/build/icyphy/ptII/ptolemy/domains/continuous/test/auto/Sinusoid.xml
4 ms. Memory: 456704K Free: 175503K (38%)
----------------- Invoking toplevel() on ptolemy.moml.MoMLSimpleApplication@7d35ddcd
----------------- Done invoking toplevel() on ptolemy.moml.MoMLSimpleApplication@7d35ddcd
reloadAllAccessors: .Sinusoid

===========================================================================================
----------------- testing Sun Feb 10 03:32:37 UTC 2019 /home/travis/build/icyphy/ptII/ptolemy/domains/continuous/test/auto/SinusoidInNoise.xml
----------------- Instantiating /home/travis/build/icyphy/ptII/ptolemy/domains/continuous/test/auto/SinusoidInNoise.xml
1018 ms. Memory: 441856K Free: 331366K (75%)
----------------- Invoking toplevel() on ptolemy.moml.MoMLSimpleApplication@dfc0eff
----------------- Done invoking toplevel() on ptolemy.moml.MoMLSimpleApplication@dfc0eff
reloadAllAccessors: .SinusoidInNoise

===========================================================================================
----------------- testing Sun Feb 10 03:32:38 UTC 2019 /home/travis/build/icyphy/ptII/ptolemy/domains/continuous/test/auto/SinusoidRK45.xml
----------------- Instantiating /home/travis/build/icyphy/ptII/ptolemy/domains/continuous/test/auto/SinusoidRK45.xml
2 ms. Memory: 441856K Free: 324338K (73%)
----------------- Invoking toplevel() on ptolemy.moml.MoMLSimpleApplication@fe46d8
----------------- Done invoking toplevel() on ptolemy.moml.MoMLSimpleApplication@fe46d8
reloadAllAccessors: .SinusoidRK45

===========================================================================================
----------------- testing Sun Feb 10 03:32:38 UTC 2019 /home/travis/build/icyphy/ptII/ptolemy/domains/continuous/test/auto/SinusoidWithMultipleImpulses.xml
----------------- Instantiating /home/travis/build/icyphy/ptII/ptolemy/domains/continuous/test/auto/SinusoidWithMultipleImpulses.xml
3 ms. Memory: 441856K Free: 316221K (72%)
----------------- Invoking toplevel() on ptolemy.moml.MoMLSimpleApplication@8ba0817
----------------- Done invoking toplevel() on ptolemy.moml.MoMLSimpleApplication@8ba0817
reloadAllAccessors: .SinusoidWithMultipleImpulses

===========================================================================================
----------------- testing Sun Feb 10 03:32:38 UTC 2019 /home/travis/build/icyphy/ptII/ptolemy/domains/continuous/test/auto/SquareWave.xml
----------------- Instantiating /home/travis/build/icyphy/ptII/ptolemy/domains/continuous/test/auto/SquareWave.xml
162 ms. Memory: 441856K Free: 281856K (64%)
----------------- Invoking toplevel() on ptolemy.moml.MoMLSimpleApplication@81021ff
----------------- Done invoking toplevel() on ptolemy.moml.MoMLSimpleApplication@81021ff
reloadAllAccessors: .SquareWave

===========================================================================================
----------------- testing Sun Feb 10 03:32:38 UTC 2019 /home/travis/build/icyphy/ptII/ptolemy/domains/continuous/test/auto/Starmac.xml
----------------- Instantiating /home/travis/build/icyphy/ptII/ptolemy/domains/continuous/test/auto/Starmac.xml
3055 ms. Memory: 427520K Free: 251361K (59%)
----------------- Invoking toplevel() on ptolemy.moml.MoMLSimpleApplication@2159958b
----------------- Done invoking toplevel() on ptolemy.moml.MoMLSimpleApplication@2159958b
reloadAllAccessors: .Starmac

===========================================================================================
----------------- testing Sun Feb 10 03:32:41 UTC 2019 /home/travis/build/icyphy/ptII/ptolemy/domains/continuous/test/auto/StaticUnits.xml
----------------- Instantiating /home/travis/build/icyphy/ptII/ptolemy/domains/continuous/test/auto/StaticUnits.xml
2130 ms. Memory: 412160K Free: 108278K (26%)
----------------- Invoking toplevel() on ptolemy.moml.MoMLSimpleApplication@4677f0c6
----------------- Done invoking toplevel() on ptolemy.moml.MoMLSimpleApplication@4677f0c6
reloadAllAccessors: .StaticUnits

===========================================================================================
----------------- testing Sun Feb 10 03:32:44 UTC 2019 /home/travis/build/icyphy/ptII/ptolemy/domains/continuous/test/auto/StickyMasses.xml
----------------- Instantiating /home/travis/build/icyphy/ptII/ptolemy/domains/continuous/test/auto/StickyMasses.xml
133 ms. Memory: 412160K Free: 51797K (13%)
----------------- Invoking toplevel() on ptolemy.moml.MoMLSimpleApplication@7ad1cc67
----------------- Done invoking toplevel() on ptolemy.moml.MoMLSimpleApplication@7ad1cc67
reloadAllAccessors: .StickyMasses

===========================================================================================
----------------- testing Sun Feb 10 03:32:44 UTC 2019 /home/travis/build/icyphy/ptII/ptolemy/domains/continuous/test/auto/StopTime.xml
----------------- Instantiating /home/travis/build/icyphy/ptII/ptolemy/domains/continuous/test/auto/StopTime.xml
43 ms. Memory: 412160K Free: 23029K (6%)
----------------- Invoking toplevel() on ptolemy.moml.MoMLSimpleApplication@6d5e8ea8
----------------- Done invoking toplevel() on ptolemy.moml.MoMLSimpleApplication@6d5e8ea8
reloadAllAccessors: .StopTime

===========================================================================================
----------------- testing Sun Feb 10 03:32:44 UTC 2019 /home/travis/build/icyphy/ptII/ptolemy/domains/continuous/test/auto/StopTime2.xml
----------------- Instantiating /home/travis/build/icyphy/ptII/ptolemy/domains/continuous/test/auto/StopTime2.xml
131 ms. Memory: 361984K Free: 338866K (94%)
----------------- Invoking toplevel() on ptolemy.moml.MoMLSimpleApplication@4f3476cb
----------------- Done invoking toplevel() on ptolemy.moml.MoMLSimpleApplication@4f3476cb
reloadAllAccessors: .StopTime2

===========================================================================================
----------------- testing Sun Feb 10 03:32:44 UTC 2019 /home/travis/build/icyphy/ptII/ptolemy/domains/continuous/test/auto/Switch.xml
----------------- Instantiating /home/travis/build/icyphy/ptII/ptolemy/domains/continuous/test/auto/Switch.xml
43 ms. Memory: 361984K Free: 310459K (86%)
----------------- Invoking toplevel() on ptolemy.moml.MoMLSimpleApplication@2d74576b
----------------- Done invoking toplevel() on ptolemy.moml.MoMLSimpleApplication@2d74576b
reloadAllAccessors: .Switch

===========================================================================================
----------------- testing Sun Feb 10 03:32:44 UTC 2019 /home/travis/build/icyphy/ptII/ptolemy/domains/continuous/test/auto/Thermostat.xml
----------------- Instantiating /home/travis/build/icyphy/ptII/ptolemy/domains/continuous/test/auto/Thermostat.xml
183 ms. Memory: 361984K Free: 234270K (65%)
----------------- Invoking toplevel() on ptolemy.moml.MoMLSimpleApplication@168e3587
----------------- Done invoking toplevel() on ptolemy.moml.MoMLSimpleApplication@168e3587
reloadAllAccessors: .Thermostat

===========================================================================================
----------------- testing Sun Feb 10 03:32:45 UTC 2019 /home/travis/build/icyphy/ptII/ptolemy/domains/continuous/test/auto/TimeDelay.xml
----------------- Instantiating /home/travis/build/icyphy/ptII/ptolemy/domains/continuous/test/auto/TimeDelay.xml
6 ms. Memory: 361984K Free: 227119K (63%)
----------------- Invoking toplevel() on ptolemy.moml.MoMLSimpleApplication@7d49c71b
----------------- Done invoking toplevel() on ptolemy.moml.MoMLSimpleApplication@7d49c71b
reloadAllAccessors: .TimeDelay

===========================================================================================
----------------- testing Sun Feb 10 03:32:45 UTC 2019 /home/travis/build/icyphy/ptII/ptolemy/domains/continuous/test/auto/TimeDelay2.xml
----------------- Instantiating /home/travis/build/icyphy/ptII/ptolemy/domains/continuous/test/auto/TimeDelay2.xml
9 ms. Memory: 361984K Free: 213664K (59%)
----------------- Invoking toplevel() on ptolemy.moml.MoMLSimpleApplication@323de7da
----------------- Done invoking toplevel() on ptolemy.moml.MoMLSimpleApplication@323de7da
reloadAllAccessors: .TimeDelay2

===========================================================================================
----------------- testing Sun Feb 10 03:32:45 UTC 2019 /home/travis/build/icyphy/ptII/ptolemy/domains/continuous/test/auto/TimeDelay3.xml
----------------- Instantiating /home/travis/build/icyphy/ptII/ptolemy/domains/continuous/test/auto/TimeDelay3.xml
7 ms. Memory: 361984K Free: 208057K (57%)
----------------- Invoking toplevel() on ptolemy.moml.MoMLSimpleApplication@71701a6b
----------------- Done invoking toplevel() on ptolemy.moml.MoMLSimpleApplication@71701a6b
reloadAllAccessors: .TimeDelay3

===========================================================================================
----------------- testing Sun Feb 10 03:32:45 UTC 2019 /home/travis/build/icyphy/ptII/ptolemy/domains/continuous/test/auto/TransferAbsentToInside.xml
----------------- Instantiating /home/travis/build/icyphy/ptII/ptolemy/domains/continuous/test/auto/TransferAbsentToInside.xml
25 ms. Memory: 361984K Free: 152303K (42%)
----------------- Invoking toplevel() on ptolemy.moml.MoMLSimpleApplication@43b62185
----------------- Done invoking toplevel() on ptolemy.moml.MoMLSimpleApplication@43b62185
reloadAllAccessors: .TransferAbsentToInside

===========================================================================================
----------------- testing Sun Feb 10 03:32:45 UTC 2019 /home/travis/build/icyphy/ptII/ptolemy/domains/continuous/test/auto/Transmission.xml
----------------- Instantiating /home/travis/build/icyphy/ptII/ptolemy/domains/continuous/test/auto/Transmission.xml
773 ms. Memory: 348672K Free: 212571K (61%)
----------------- Invoking toplevel() on ptolemy.moml.MoMLSimpleApplication@4414b38c
----------------- Done invoking toplevel() on ptolemy.moml.MoMLSimpleApplication@4414b38c
reloadAllAccessors: .Transmission

===========================================================================================
----------------- testing Sun Feb 10 03:32:45 UTC 2019 /home/travis/build/icyphy/ptII/ptolemy/domains/continuous/test/auto/TriggeredContinuousClock.xml
----------------- Instantiating /home/travis/build/icyphy/ptII/ptolemy/domains/continuous/test/auto/TriggeredContinuousClock.xml
35 ms. Memory: 348672K Free: 179411K (51%)
----------------- Invoking toplevel() on ptolemy.moml.MoMLSimpleApplication@133de01c
----------------- Done invoking toplevel() on ptolemy.moml.MoMLSimpleApplication@133de01c
reloadAllAccessors: .TriggeredContinuousClock

===========================================================================================
----------------- testing Sun Feb 10 03:32:46 UTC 2019 /home/travis/build/icyphy/ptII/ptolemy/domains/continuous/test/auto/TwoMachineInfiniteBusControl.xml
----------------- Instantiating /home/travis/build/icyphy/ptII/ptolemy/domains/continuous/test/auto/TwoMachineInfiniteBusControl.xml
2888 ms. Memory: 322048K Free: 184523K (57%)
----------------- Invoking toplevel() on ptolemy.moml.MoMLSimpleApplication@7a188a21
----------------- Done invoking toplevel() on ptolemy.moml.MoMLSimpleApplication@7a188a21
reloadAllAccessors: .TwoMachineInfiniteBusControl

===========================================================================================
----------------- testing Sun Feb 10 03:32:49 UTC 2019 /home/travis/build/icyphy/ptII/ptolemy/domains/continuous/test/auto/V2V.xml
----------------- Instantiating /home/travis/build/icyphy/ptII/ptolemy/domains/continuous/test/auto/V2V.xml
673 ms. Memory: 317952K Free: 253929K (80%)
----------------- Invoking toplevel() on ptolemy.moml.MoMLSimpleApplication@61b0372c
----------------- Done invoking toplevel() on ptolemy.moml.MoMLSimpleApplication@61b0372c
reloadAllAccessors: .V2V

===========================================================================================
----------------- testing Sun Feb 10 03:32:49 UTC 2019 /home/travis/build/icyphy/ptII/ptolemy/domains/continuous/test/auto/hierarchicalModalModel.xml
----------------- Instantiating /home/travis/build/icyphy/ptII/ptolemy/domains/continuous/test/auto/hierarchicalModalModel.xml
7 ms. Memory: 317952K Free: 236315K (74%)
----------------- Invoking toplevel() on ptolemy.moml.MoMLSimpleApplication@5b3eaf54
----------------- Done invoking toplevel() on ptolemy.moml.MoMLSimpleApplication@5b3eaf54
reloadAllAccessors: .hierarchicalModalModel

===========================================================================================
----------------- testing Sun Feb 10 03:32:49 UTC 2019 /home/travis/build/icyphy/ptII/ptolemy/domains/continuous/test/auto/hierarchicalModalModel1.xml
----------------- Instantiating /home/travis/build/icyphy/ptII/ptolemy/domains/continuous/test/auto/hierarchicalModalModel1.xml
6 ms. Memory: 317952K Free: 219720K (69%)
----------------- Invoking toplevel() on ptolemy.moml.MoMLSimpleApplication@72014d81
----------------- Done invoking toplevel() on ptolemy.moml.MoMLSimpleApplication@72014d81
reloadAllAccessors: .hierarchicalModalModel1

===========================================================================================
----------------- testing Sun Feb 10 03:32:49 UTC 2019 /home/travis/build/icyphy/ptII/ptolemy/domains/continuous/test/auto/hierarchicalModalModel2.xml
----------------- Instantiating /home/travis/build/icyphy/ptII/ptolemy/domains/continuous/test/auto/hierarchicalModalModel2.xml
6 ms. Memory: 317952K Free: 205704K (65%)
----------------- Invoking toplevel() on ptolemy.moml.MoMLSimpleApplication@6da1288e
----------------- Done invoking toplevel() on ptolemy.moml.MoMLSimpleApplication@6da1288e
reloadAllAccessors: .hierarchicalModalModel2

===========================================================================================
----------------- testing Sun Feb 10 03:32:49 UTC 2019 /home/travis/build/icyphy/ptII/ptolemy/domains/continuous/test/auto/hierarchicalModalModel3.xml
----------------- Instantiating /home/travis/build/icyphy/ptII/ptolemy/domains/continuous/test/auto/hierarchicalModalModel3.xml
4 ms. Memory: 317952K Free: 193003K (61%)
----------------- Invoking toplevel() on ptolemy.moml.MoMLSimpleApplication@7a663570
----------------- Done invoking toplevel() on ptolemy.moml.MoMLSimpleApplication@7a663570
reloadAllAccessors: .hierarchicalModalModel3

===========================================================================================
----------------- testing Sun Feb 10 03:32:50 UTC 2019 /home/travis/build/icyphy/ptII/ptolemy/domains/continuous/test/auto/hierarchicalModalModel4.xml
----------------- Instantiating /home/travis/build/icyphy/ptII/ptolemy/domains/continuous/test/auto/hierarchicalModalModel4.xml
9 ms. Memory: 317952K Free: 179013K (56%)
----------------- Invoking toplevel() on ptolemy.moml.MoMLSimpleApplication@62269e3b
----------------- Done invoking toplevel() on ptolemy.moml.MoMLSimpleApplication@62269e3b
reloadAllAccessors: .hierarchicalModalModel4

===========================================================================================
----------------- testing Sun Feb 10 03:32:50 UTC 2019 /home/travis/build/icyphy/ptII/ptolemy/domains/continuous/test/auto/junk.xml
----------------- Instantiating /home/travis/build/icyphy/ptII/ptolemy/domains/continuous/test/auto/junk.xml
135 ms. Memory: 317952K Free: 146865K (46%)
----------------- Invoking toplevel() on ptolemy.moml.MoMLSimpleApplication@3dd3d236
----------------- Done invoking toplevel() on ptolemy.moml.MoMLSimpleApplication@3dd3d236
reloadAllAccessors: .junk
AutoTests.java: About to close Vertx.
AutoTests.java: Vertx closed.
]]></system-out>
  <system-err><![CDATA[Warning: '.HysteresisWithRandomDelay.NonStrictTest' The test produced only 221 tokens, yet the correctValues parameter was expecting 222 tokens.
Warning: '.HysteresisWithRandomDelay.NonStrictTest2' The test produced only 220 tokens, yet the correctValues parameter was expecting 221 tokens.
Warning: '.Poisson.NonStrictTest' The test produced only 389 tokens, yet the correctValues parameter was expecting 430 tokens.
]]></system-err>
</testsuite>
