<?xml version="1.0" encoding="UTF-8" ?>
<testsuite errors="0" failures="0" hostname="travis-job-598a0a21-92ed-4d78-aaf0-4f6ba1d79f87" name="ptolemy.domains.de.test.junit.JUnitTclTest" skipped="0" tests="101" time="124.194" timestamp="2020-08-31T15:35:15">
  <properties>
[...]
</properties>
  <testcase classname="ptolemy.util.test.junit.TclTests" name="[0] /home/travis/build/icyphy/ptII/ptolemy/domains/de/test/DependencyLoop.tcl (RunTclFile)" time="1.046" />
  <testcase classname="ptolemy.util.test.junit.TclTests" name="[1] /home/travis/build/icyphy/ptII/ptolemy/domains/de/test/RunDETestsAsQSS.tcl (RunTclFile)" time="84.509" />
  <testcase classname="ptolemy.util.test.junit.AutoKnownFailedTests" name="[0] /home/travis/build/icyphy/ptII/ptolemy/domains/de/test/auto/knownFailedTests/DESDFClockTest.xml (RunModel)" time="2.042" />
  <testcase classname="ptolemy.util.test.junit.AutoKnownFailedTests" name="[1] /home/travis/build/icyphy/ptII/ptolemy/domains/de/test/auto/knownFailedTests/DirectFeedback.xml (RunModel)" time="0.016" />
  <testcase classname="ptolemy.util.test.junit.AutoKnownFailedTests" name="[2] /home/travis/build/icyphy/ptII/ptolemy/domains/de/test/auto/knownFailedTests/FSMSource.xml (RunModel)" time="0.033" />
  <testcase classname="ptolemy.util.test.junit.AutoKnownFailedTests" name="[3] /home/travis/build/icyphy/ptII/ptolemy/domains/de/test/auto/knownFailedTests/HierarchicalModel.xml (RunModel)" time="0.061" />
  <testcase classname="ptolemy.util.test.junit.AutoKnownFailedTests" name="[4] /home/travis/build/icyphy/ptII/ptolemy/domains/de/test/auto/knownFailedTests/dependencyLoop.xml (RunModel)" time="0.056" />
  <testcase classname="ptolemy.util.test.junit.AutoKnownFailedTests" name="[5] /home/travis/build/icyphy/ptII/ptolemy/domains/de/test/auto/knownFailedTests/dependencyLoop2.xml (RunModel)" time="0.045" />
  <testcase classname="ptolemy.util.test.junit.AutoNameArchTests" name="[0] ThereAreNoAutoArchTests (RunModel)" time="0.001" />
  <testcase classname="ptolemy.util.test.junit.AutoTests" name="[0] /home/travis/build/icyphy/ptII/ptolemy/domains/de/test/auto/ActorDepthCalculation_actorWithoutPorts.xml (RunModel)" time="0.019" />
  <testcase classname="ptolemy.util.test.junit.AutoTests" name="[1] /home/travis/build/icyphy/ptII/ptolemy/domains/de/test/auto/AssemblyLine.xml (RunModel)" time="0.019" />
  <testcase classname="ptolemy.util.test.junit.AutoTests" name="[2] /home/travis/build/icyphy/ptII/ptolemy/domains/de/test/auto/CQBug1.xml (RunModel)" time="0.01" />
  <testcase classname="ptolemy.util.test.junit.AutoTests" name="[3] /home/travis/build/icyphy/ptII/ptolemy/domains/de/test/auto/CancelFireAt.xml (RunModel)" time="0.014" />
  <testcase classname="ptolemy.util.test.junit.AutoTests" name="[4] /home/travis/build/icyphy/ptII/ptolemy/domains/de/test/auto/CausalityAndComposabilityAnalysis.xml (RunModel)" time="0.021" />
  <testcase classname="ptolemy.util.test.junit.AutoTests" name="[5] /home/travis/build/icyphy/ptII/ptolemy/domains/de/test/auto/CausalityInterface1.xml (RunModel)" time="0.015" />
  <testcase classname="ptolemy.util.test.junit.AutoTests" name="[6] /home/travis/build/icyphy/ptII/ptolemy/domains/de/test/auto/CausalityInterface15.xml (RunModel)" time="0.013" />
  <testcase classname="ptolemy.util.test.junit.AutoTests" name="[7] /home/travis/build/icyphy/ptII/ptolemy/domains/de/test/auto/CausalityInterface2.xml (RunModel)" time="0.015" />
  <testcase classname="ptolemy.util.test.junit.AutoTests" name="[8] /home/travis/build/icyphy/ptII/ptolemy/domains/de/test/auto/CausalityInterface3.xml (RunModel)" time="0.012" />
  <testcase classname="ptolemy.util.test.junit.AutoTests" name="[9] /home/travis/build/icyphy/ptII/ptolemy/domains/de/test/auto/ClockDrift.xml (RunModel)" time="0.038" />
  <testcase classname="ptolemy.util.test.junit.AutoTests" name="[10] /home/travis/build/icyphy/ptII/ptolemy/domains/de/test/auto/ClockDriftAndValueChange.xml (RunModel)" time="0.025" />
  <testcase classname="ptolemy.util.test.junit.AutoTests" name="[11] /home/travis/build/icyphy/ptII/ptolemy/domains/de/test/auto/ClockDriftChange.xml (RunModel)" time="0.024" />
  <testcase classname="ptolemy.util.test.junit.AutoTests" name="[12] /home/travis/build/icyphy/ptII/ptolemy/domains/de/test/auto/ComposableCausalityAnalysis.xml (RunModel)" time="0.011" />
  <testcase classname="ptolemy.util.test.junit.AutoTests" name="[13] /home/travis/build/icyphy/ptII/ptolemy/domains/de/test/auto/DEFixedPointLimitation.xml (RunModel)" time="0.008" />
  <testcase classname="ptolemy.util.test.junit.AutoTests" name="[14] /home/travis/build/icyphy/ptII/ptolemy/domains/de/test/auto/DEScheduleTest.xml (RunModel)" time="0.009" />
  <testcase classname="ptolemy.util.test.junit.AutoTests" name="[15] /home/travis/build/icyphy/ptII/ptolemy/domains/de/test/auto/DEinDEwithStartTimes.xml (RunModel)" time="0.01" />
  <testcase classname="ptolemy.util.test.junit.AutoTests" name="[16] /home/travis/build/icyphy/ptII/ptolemy/domains/de/test/auto/DEinDEwithStartTimes2.xml (RunModel)" time="0.013" />
  <testcase classname="ptolemy.util.test.junit.AutoTests" name="[17] /home/travis/build/icyphy/ptII/ptolemy/domains/de/test/auto/DateDemo.xml (RunModel)" time="0.028" />
  <testcase classname="ptolemy.util.test.junit.AutoTests" name="[18] /home/travis/build/icyphy/ptII/ptolemy/domains/de/test/auto/DateToEvent.xml (RunModel)" time="2.043" />
  <testcase classname="ptolemy.util.test.junit.AutoTests" name="[19] /home/travis/build/icyphy/ptII/ptolemy/domains/de/test/auto/DepthTest1.xml (RunModel)" time="0.01" />
  <testcase classname="ptolemy.util.test.junit.AutoTests" name="[20] /home/travis/build/icyphy/ptII/ptolemy/domains/de/test/auto/DepthTest2.xml (RunModel)" time="0.016" />
  <testcase classname="ptolemy.util.test.junit.AutoTests" name="[21] /home/travis/build/icyphy/ptII/ptolemy/domains/de/test/auto/DepthTest3.xml (RunModel)" time="0.008" />
  <testcase classname="ptolemy.util.test.junit.AutoTests" name="[22] /home/travis/build/icyphy/ptII/ptolemy/domains/de/test/auto/DepthTest4.xml (RunModel)" time="0.018" />
  <testcase classname="ptolemy.util.test.junit.AutoTests" name="[23] /home/travis/build/icyphy/ptII/ptolemy/domains/de/test/auto/DepthTest5.xml (RunModel)" time="0.018" />
  <testcase classname="ptolemy.util.test.junit.AutoTests" name="[24] /home/travis/build/icyphy/ptII/ptolemy/domains/de/test/auto/DepthTest6.xml (RunModel)" time="0.018" />
  <testcase classname="ptolemy.util.test.junit.AutoTests" name="[25] /home/travis/build/icyphy/ptII/ptolemy/domains/de/test/auto/DepthTest7.xml (RunModel)" time="0.013" />
  <testcase classname="ptolemy.util.test.junit.AutoTests" name="[26] /home/travis/build/icyphy/ptII/ptolemy/domains/de/test/auto/EventToDate.xml (RunModel)" time="3.032" />
  <testcase classname="ptolemy.util.test.junit.AutoTests" name="[27] /home/travis/build/icyphy/ptII/ptolemy/domains/de/test/auto/FSM1.xml (RunModel)" time="0.035" />
  <testcase classname="ptolemy.util.test.junit.AutoTests" name="[28] /home/travis/build/icyphy/ptII/ptolemy/domains/de/test/auto/FSM7.xml (RunModel)" time="0.038" />
  <testcase classname="ptolemy.util.test.junit.AutoTests" name="[29] /home/travis/build/icyphy/ptII/ptolemy/domains/de/test/auto/Inspection.xml (RunModel)" time="0.04" />
  <testcase classname="ptolemy.util.test.junit.AutoTests" name="[30] /home/travis/build/icyphy/ptII/ptolemy/domains/de/test/auto/Iteration.xml (RunModel)" time="0.024" />
  <testcase classname="ptolemy.util.test.junit.AutoTests" name="[31] /home/travis/build/icyphy/ptII/ptolemy/domains/de/test/auto/LineFault.xml (RunModel)" time="0.568" />
  <testcase classname="ptolemy.util.test.junit.AutoTests" name="[32] /home/travis/build/icyphy/ptII/ptolemy/domains/de/test/auto/MergeModel1Add.xml (RunModel)" time="0.05" />
  <testcase classname="ptolemy.util.test.junit.AutoTests" name="[33] /home/travis/build/icyphy/ptII/ptolemy/domains/de/test/auto/MergeModel2Add.xml (RunModel)" time="0.032" />
  <testcase classname="ptolemy.util.test.junit.AutoTests" name="[34] /home/travis/build/icyphy/ptII/ptolemy/domains/de/test/auto/MergeModel3Add.xml (RunModel)" time="0.039" />
  <testcase classname="ptolemy.util.test.junit.AutoTests" name="[35] /home/travis/build/icyphy/ptII/ptolemy/domains/de/test/auto/MergeWithoutDiscard.xml (RunModel)" time="0.011" />
  <testcase classname="ptolemy.util.test.junit.AutoTests" name="[36] /home/travis/build/icyphy/ptII/ptolemy/domains/de/test/auto/Modal1.xml (RunModel)" time="0.033" />
  <testcase classname="ptolemy.util.test.junit.AutoTests" name="[37] /home/travis/build/icyphy/ptII/ptolemy/domains/de/test/auto/Modal2.xml (RunModel)" time="0.027" />
  <testcase classname="ptolemy.util.test.junit.AutoTests" name="[38] /home/travis/build/icyphy/ptII/ptolemy/domains/de/test/auto/Modal3.xml (RunModel)" time="0.031" />
  <testcase classname="ptolemy.util.test.junit.AutoTests" name="[39] /home/travis/build/icyphy/ptII/ptolemy/domains/de/test/auto/Modal4.xml (RunModel)" time="0.028" />
  <testcase classname="ptolemy.util.test.junit.AutoTests" name="[40] /home/travis/build/icyphy/ptII/ptolemy/domains/de/test/auto/Modal5.xml (RunModel)" time="0.029" />
  <testcase classname="ptolemy.util.test.junit.AutoTests" name="[41] /home/travis/build/icyphy/ptII/ptolemy/domains/de/test/auto/Modal6.xml (RunModel)" time="0.025" />
  <testcase classname="ptolemy.util.test.junit.AutoTests" name="[42] /home/travis/build/icyphy/ptII/ptolemy/domains/de/test/auto/Modal7.xml (RunModel)" time="0.032" />
  <testcase classname="ptolemy.util.test.junit.AutoTests" name="[43] /home/travis/build/icyphy/ptII/ptolemy/domains/de/test/auto/ModalModel.xml (RunModel)" time="0.169" />
  <testcase classname="ptolemy.util.test.junit.AutoTests" name="[44] /home/travis/build/icyphy/ptII/ptolemy/domains/de/test/auto/ModalSource.xml (RunModel)" time="0.02" />
  <testcase classname="ptolemy.util.test.junit.AutoTests" name="[45] /home/travis/build/icyphy/ptII/ptolemy/domains/de/test/auto/NonInterruptibleTimerZeroDelay.xml (RunModel)" time="0.008" />
  <testcase classname="ptolemy.util.test.junit.AutoTests" name="[46] /home/travis/build/icyphy/ptII/ptolemy/domains/de/test/auto/OpenQueueingNetwork.xml (RunModel)" time="2.17" />
  <testcase classname="ptolemy.util.test.junit.AutoTests" name="[47] /home/travis/build/icyphy/ptII/ptolemy/domains/de/test/auto/OpenQueuingNetwork.xml (RunModel)" time="0.248" />
  <testcase classname="ptolemy.util.test.junit.AutoTests" name="[48] /home/travis/build/icyphy/ptII/ptolemy/domains/de/test/auto/PeriodicSampler.xml (RunModel)" time="0.008" />
  <testcase classname="ptolemy.util.test.junit.AutoTests" name="[49] /home/travis/build/icyphy/ptII/ptolemy/domains/de/test/auto/PersistentIO.xml (RunModel)" time="0.015" />
  <testcase classname="ptolemy.util.test.junit.AutoTests" name="[50] /home/travis/build/icyphy/ptII/ptolemy/domains/de/test/auto/PortParameterResetOnInitialize.xml (RunModel)" time="0.008" />
  <testcase classname="ptolemy.util.test.junit.AutoTests" name="[51] /home/travis/build/icyphy/ptII/ptolemy/domains/de/test/auto/PortParameterUpdates.xml (RunModel)" time="0.016" />
  <testcase classname="ptolemy.util.test.junit.AutoTests" name="[52] /home/travis/build/icyphy/ptII/ptolemy/domains/de/test/auto/QueueAndServer.xml (RunModel)" time="0.019" />
  <testcase classname="ptolemy.util.test.junit.AutoTests" name="[53] /home/travis/build/icyphy/ptII/ptolemy/domains/de/test/auto/Records.xml (RunModel)" time="0.012" />
  <testcase classname="ptolemy.util.test.junit.AutoTests" name="[54] /home/travis/build/icyphy/ptII/ptolemy/domains/de/test/auto/ResetTransitionWithStartTime1.xml (RunModel)" time="0.02" />
  <testcase classname="ptolemy.util.test.junit.AutoTests" name="[55] /home/travis/build/icyphy/ptII/ptolemy/domains/de/test/auto/ResetTransitionWithStartTime2.xml (RunModel)" time="0.017" />
  <testcase classname="ptolemy.util.test.junit.AutoTests" name="[56] /home/travis/build/icyphy/ptII/ptolemy/domains/de/test/auto/ResetTransitionWithStartTime3.xml (RunModel)" time="0.016" />
  <testcase classname="ptolemy.util.test.junit.AutoTests" name="[57] /home/travis/build/icyphy/ptII/ptolemy/domains/de/test/auto/ResetTransitionWithStartTime4.xml (RunModel)" time="0.014" />
  <testcase classname="ptolemy.util.test.junit.AutoTests" name="[58] /home/travis/build/icyphy/ptII/ptolemy/domains/de/test/auto/ResettableTimer1.xml (RunModel)" time="0.008" />
  <testcase classname="ptolemy.util.test.junit.AutoTests" name="[59] /home/travis/build/icyphy/ptII/ptolemy/domains/de/test/auto/ResettableTimer2.xml (RunModel)" time="0.008" />
  <testcase classname="ptolemy.util.test.junit.AutoTests" name="[60] /home/travis/build/icyphy/ptII/ptolemy/domains/de/test/auto/ResettableTimer3.xml (RunModel)" time="0.007" />
  <testcase classname="ptolemy.util.test.junit.AutoTests" name="[61] /home/travis/build/icyphy/ptII/ptolemy/domains/de/test/auto/ResettableTimer4.xml (RunModel)" time="0.008" />
  <testcase classname="ptolemy.util.test.junit.AutoTests" name="[62] /home/travis/build/icyphy/ptII/ptolemy/domains/de/test/auto/ResettableTimer5.xml (RunModel)" time="0.009" />
  <testcase classname="ptolemy.util.test.junit.AutoTests" name="[63] /home/travis/build/icyphy/ptII/ptolemy/domains/de/test/auto/ResettableTimer6.xml (RunModel)" time="0.015" />
  <testcase classname="ptolemy.util.test.junit.AutoTests" name="[64] /home/travis/build/icyphy/ptII/ptolemy/domains/de/test/auto/ServerZeroDelay.xml (RunModel)" time="0.008" />
  <testcase classname="ptolemy.util.test.junit.AutoTests" name="[65] /home/travis/build/icyphy/ptII/ptolemy/domains/de/test/auto/SmartSender.xml (RunModel)" time="3.009" />
  <testcase classname="ptolemy.util.test.junit.AutoTests" name="[66] /home/travis/build/icyphy/ptII/ptolemy/domains/de/test/auto/ThreadedComposite.xml (RunModel)" time="0.137" />
  <testcase classname="ptolemy.util.test.junit.AutoTests" name="[67] /home/travis/build/icyphy/ptII/ptolemy/domains/de/test/auto/Time.xml (RunModel)" time="0.356" />
  <testcase classname="ptolemy.util.test.junit.AutoTests" name="[68] /home/travis/build/icyphy/ptII/ptolemy/domains/de/test/auto/TimeDelayZeroDelay.xml (RunModel)" time="0.011" />
  <testcase classname="ptolemy.util.test.junit.AutoTests" name="[69] /home/travis/build/icyphy/ptII/ptolemy/domains/de/test/auto/TimerZeroDelay.xml (RunModel)" time="0.008" />
  <testcase classname="ptolemy.util.test.junit.AutoTests" name="[70] /home/travis/build/icyphy/ptII/ptolemy/domains/de/test/auto/TimingParadox.xml (RunModel)" time="0.295" />
  <testcase classname="ptolemy.util.test.junit.AutoTests" name="[71] /home/travis/build/icyphy/ptII/ptolemy/domains/de/test/auto/TransferInputs.xml (RunModel)" time="0.013" />
  <testcase classname="ptolemy.util.test.junit.AutoTests" name="[72] /home/travis/build/icyphy/ptII/ptolemy/domains/de/test/auto/TransferOutputs2.xml (RunModel)" time="0.014" />
  <testcase classname="ptolemy.util.test.junit.AutoTests" name="[73] /home/travis/build/icyphy/ptII/ptolemy/domains/de/test/auto/Trilateration.xml (RunModel)" time="10.736" />
  <testcase classname="ptolemy.util.test.junit.AutoTests" name="[74] /home/travis/build/icyphy/ptII/ptolemy/domains/de/test/auto/TwoSigmaDelta.xml (RunModel)" time="1.889" />
  <testcase classname="ptolemy.util.test.junit.AutoTests" name="[75] /home/travis/build/icyphy/ptII/ptolemy/domains/de/test/auto/VariableDelay.xml (RunModel)" time="0.015" />
  <testcase classname="ptolemy.util.test.junit.AutoTests" name="[76] /home/travis/build/icyphy/ptII/ptolemy/domains/de/test/auto/VariableDelay2.xml (RunModel)" time="0.008" />
  <testcase classname="ptolemy.util.test.junit.AutoTests" name="[77] /home/travis/build/icyphy/ptII/ptolemy/domains/de/test/auto/VariableDelayZeroDelay.xml (RunModel)" time="0.01" />
  <testcase classname="ptolemy.util.test.junit.AutoTests" name="[78] /home/travis/build/icyphy/ptII/ptolemy/domains/de/test/auto/VariableDelayZeroDelay2.xml (RunModel)" time="0.007" />
  <testcase classname="ptolemy.util.test.junit.AutoTests" name="[79] /home/travis/build/icyphy/ptII/ptolemy/domains/de/test/auto/deInCt.xml (RunModel)" time="0.012" />
  <testcase classname="ptolemy.util.test.junit.AutoTests" name="[80] /home/travis/build/icyphy/ptII/ptolemy/domains/de/test/auto/deInCt2.xml (RunModel)" time="0.017" />
  <testcase classname="ptolemy.util.test.junit.AutoTests" name="[81] /home/travis/build/icyphy/ptII/ptolemy/domains/de/test/auto/dynamicCausalityInterface1.xml (RunModel)" time="0.015" />
  <testcase classname="ptolemy.util.test.junit.AutoTests" name="[82] /home/travis/build/icyphy/ptII/ptolemy/domains/de/test/auto/fsm_de_test.xml (RunModel)" time="0.021" />
  <testcase classname="ptolemy.util.test.junit.AutoTests" name="[83] /home/travis/build/icyphy/ptII/ptolemy/domains/de/test/auto/functionDependencyReconstruction.xml (RunModel)" time="0.031" />
  <testcase classname="ptolemy.util.test.junit.AutoTests" name="[84] /home/travis/build/icyphy/ptII/ptolemy/domains/de/test/auto/multirate.xml (RunModel)" time="0.013" />
  <testcase classname="ptolemy.util.test.junit.AutoTests" name="[85] /home/travis/build/icyphy/ptII/ptolemy/domains/de/test/auto/multirate2.xml (RunModel)" time="0.015" />
  <testcase classname="ptolemy.util.test.junit.AutoTests" name="[86] /home/travis/build/icyphy/ptII/ptolemy/domains/de/test/auto/realtime.xml (RunModel)" time="10.01" />
  <testcase classname="ptolemy.util.test.junit.AutoTests" name="[87] /home/travis/build/icyphy/ptII/ptolemy/domains/de/test/auto/relationGroup.xml (RunModel)" time="0.007" />
  <testcase classname="ptolemy.util.test.junit.AutoTests" name="[88] /home/travis/build/icyphy/ptII/ptolemy/domains/de/test/auto/relationGroup2.xml (RunModel)" time="0.011" />
  <testcase classname="ptolemy.util.test.junit.AutoTests" name="[89] /home/travis/build/icyphy/ptII/ptolemy/domains/de/test/auto/sortWithOpaquePorts.xml (RunModel)" time="0.009" />
  <testcase classname="ptolemy.util.test.junit.AutoTests" name="[90] /home/travis/build/icyphy/ptII/ptolemy/domains/de/test/auto/transferInputsandOutputs.xml (RunModel)" time="0.017" />
  <testcase classname="ptolemy.util.test.junit.AutoTests" name="[91] /home/travis/build/icyphy/ptII/ptolemy/domains/de/test/auto/triggerType.xml (RunModel)" time="0.01" />
  <system-out><![CDATA[/home/travis/build/icyphy/ptII/ptolemy/domains/de/test/DependencyLoop.tcl
testDefs.tcl: setting time out to 9000 seconds at Mon Aug 31 15:35:15 UTC 2020
79 ms. Memory: 129024K Free: 78277K (61%)
27 ms. Memory: 129024K Free: 60869K (47%)
/home/travis/build/icyphy/ptII/ptolemy/domains/de/test/RunDETestsAsQSS.tcl
Run the DE tests using ptolemy.domains.qss.test.QSSDirectorTest, which extends QSSDirector and prints a message in the constructors.
------------------ testing $PTII/ptolemy/domains/de/test/auto/knownFailedTests/DirectFeedback.xml (Known Failure) 
52 ms. Memory: 129024K Free: 55239K (43%)


==== $PTIIhome/travis/build/icyphy/ptII/ptolemy/domains/de/test/../../../../: Auto Automatic test in file $PTII/ptolemy/domains/de/test/auto/knownFailedTests/DirectFeedback.xml
==== Contents of test case:

	    # FIXME: we should use $relativeFilename here, but it
	    # might have backslashes under Windows, which causes no end
	    # of trouble.
	    createAndExecute $file
	    list {}
	
.... Test generated KNOWN error:
    while executing
ptolemy.kernel.util.IllegalActionException: Test fails in iteration 1.
Value was: 1.0. Should have been: 2.0
  in .DirectFeedback.Test
	at ptolemy.actor.lib.Test.fire(Test.java:268)
	at ptolemy.domains.de.kernel.DEDirector._fire(DEDirector.java:1949)
	at ptolemy.domains.de.kernel.DEDirector.fire(DEDirector.java:502)
	at ptolemy.actor.CompositeActor.fire(CompositeActor.java:455)
	at ptolemy.actor.Manager.iterate(Manager.java:851)
	at ptolemy.actor.Manager.execute(Manager.java:369)
	at ptolemy.actor.Manager.run(Manager.java:1263)
	at ptolemy.actor.Manager$PtolemyRunThread.run(Manager.java:1933)

    while executing
ptolemy.kernel.util.IllegalActionException: Test fails in iteration 1.
Value was: 1.0. Should have been: 2.0
  in .DirectFeedback.Test
    while executing
"java::new ptolemy.moml.MoMLSimpleApplication $file
"
    (procedure "createAndExecute" line 2)
    invoked from within
"createAndExecute $file"
    ("uplevel" body line 5)
    invoked from within
"uplevel $contents_of_test"
------------------ testing $PTII/ptolemy/domains/de/test/auto/knownFailedTests/dependencyLoop.xml (Known Failure) 
10 ms. Memory: 129024K Free: 52167K (40%)


==== $PTIIhome/travis/build/icyphy/ptII/ptolemy/domains/de/test/../../../../: Auto Automatic test in file $PTII/ptolemy/domains/de/test/auto/knownFailedTests/dependencyLoop.xml
==== Contents of test case:

	    # FIXME: we should use $relativeFilename here, but it
	    # might have backslashes under Windows, which causes no end
	    # of trouble.
	    createAndExecute $file
	    list {}
	
.... Test generated KNOWN error:
    while executing
ptolemy.kernel.util.IllegalActionException: Found a zero delay loop containing .dependencyLoop.original
  in .dependencyLoop and .dependencyLoop.original
	at ptolemy.actor.util.CausalityInterfaceForComposites._computeOutputPortDepth(CausalityInterfaceForComposites.java:759)
	at ptolemy.actor.util.CausalityInterfaceForComposites._computeInputDepth(CausalityInterfaceForComposites.java:696)
	at ptolemy.actor.util.CausalityInterfaceForComposites._computeOutputPortDepth(CausalityInterfaceForComposites.java:765)
	at ptolemy.actor.util.CausalityInterfaceForComposites._computeInputDepth(CausalityInterfaceForComposites.java:696)
	at ptolemy.actor.util.CausalityInterfaceForComposites._computeOutputPortDepth(CausalityInterfaceForComposites.java:765)
	at ptolemy.actor.util.CausalityInterfaceForComposites._computeInputDepth(CausalityInterfaceForComposites.java:696)
	at ptolemy.actor.util.CausalityInterfaceForComposites._computeActorDepth(CausalityInterfaceForComposites.java:532)
	at ptolemy.actor.util.CausalityInterfaceForComposites.checkForCycles(CausalityInterfaceForComposites.java:96)
	at ptolemy.domains.de.kernel.DEDirector.preinitialize(DEDirector.java:1338)
	at ptolemy.actor.CompositeActor.preinitialize(CompositeActor.java:1828)
	at ptolemy.actor.Manager.preinitializeAndResolveTypes(Manager.java:1040)
	at ptolemy.actor.Manager.initialize(Manager.java:710)
	at ptolemy.actor.Manager.execute(Manager.java:356)
	at ptolemy.actor.Manager.run(Manager.java:1263)
	at ptolemy.actor.Manager$PtolemyRunThread.run(Manager.java:1933)

    while executing
ptolemy.kernel.util.IllegalActionException: Found a zero delay loop containing .dependencyLoop.original
  in .dependencyLoop and .dependencyLoop.original
    while executing
"java::new ptolemy.moml.MoMLSimpleApplication $file
"
    (procedure "createAndExecute" line 2)
    invoked from within
"createAndExecute $file"
    ("uplevel" body line 5)
    invoked from within
"uplevel $contents_of_test"
------------------ testing $PTII/ptolemy/domains/de/test/auto/knownFailedTests/FSMSource.xml (Known Failure) 
44 ms. Memory: 129024K Free: 110838K (86%)
!!!! Auto was marked as failing, but now passes
------------------ testing $PTII/ptolemy/domains/de/test/auto/knownFailedTests/HierarchicalModel.xml (Known Failure) 
6 ms. Memory: 129024K Free: 93438K (72%)


==== $PTIIhome/travis/build/icyphy/ptII/ptolemy/domains/de/test/../../../../: Auto Automatic test in file $PTII/ptolemy/domains/de/test/auto/knownFailedTests/HierarchicalModel.xml
==== Contents of test case:

	    # FIXME: we should use $relativeFilename here, but it
	    # might have backslashes under Windows, which causes no end
	    # of trouble.
	    createAndExecute $file
	    list {}
	
.... Test generated KNOWN error:
    while executing
ptolemy.kernel.util.IllegalActionException: Found a zero delay loop containing .HierarchicalModel.A
  in .HierarchicalModel and .HierarchicalModel.A
	at ptolemy.actor.util.CausalityInterfaceForComposites._computeOutputPortDepth(CausalityInterfaceForComposites.java:759)
	at ptolemy.actor.util.CausalityInterfaceForComposites._computeInputDepth(CausalityInterfaceForComposites.java:696)
	at ptolemy.actor.util.CausalityInterfaceForComposites._computeOutputPortDepth(CausalityInterfaceForComposites.java:765)
	at ptolemy.actor.util.CausalityInterfaceForComposites._computeInputDepth(CausalityInterfaceForComposites.java:696)
	at ptolemy.actor.util.CausalityInterfaceForComposites._computeOutputPortDepth(CausalityInterfaceForComposites.java:765)
	at ptolemy.actor.util.CausalityInterfaceForComposites._computeInputDepth(CausalityInterfaceForComposites.java:696)
	at ptolemy.actor.util.CausalityInterfaceForComposites._computeActorDepth(CausalityInterfaceForComposites.java:532)
	at ptolemy.actor.util.CausalityInterfaceForComposites.checkForCycles(CausalityInterfaceForComposites.java:96)
	at ptolemy.domains.de.kernel.DEDirector.preinitialize(DEDirector.java:1338)
	at ptolemy.actor.CompositeActor.preinitialize(CompositeActor.java:1828)
	at ptolemy.actor.Manager.preinitializeAndResolveTypes(Manager.java:1040)
	at ptolemy.actor.Manager.initialize(Manager.java:710)
	at ptolemy.actor.Manager.execute(Manager.java:356)
	at ptolemy.actor.Manager.run(Manager.java:1263)
	at ptolemy.actor.Manager$PtolemyRunThread.run(Manager.java:1933)

    while executing
ptolemy.kernel.util.IllegalActionException: Found a zero delay loop containing .HierarchicalModel.A
  in .HierarchicalModel and .HierarchicalModel.A
    while executing
"java::new ptolemy.moml.MoMLSimpleApplication $file
"
    (procedure "createAndExecute" line 2)
    invoked from within
"createAndExecute $file"
    ("uplevel" body line 5)
    invoked from within
"uplevel $contents_of_test"
------------------ testing $PTII/ptolemy/domains/de/test/auto/knownFailedTests/dependencyLoop2.xml (Known Failure) 
5 ms. Memory: 129024K Free: 77386K (60%)


==== $PTIIhome/travis/build/icyphy/ptII/ptolemy/domains/de/test/../../../../: Auto Automatic test in file $PTII/ptolemy/domains/de/test/auto/knownFailedTests/dependencyLoop2.xml
==== Contents of test case:

	    # FIXME: we should use $relativeFilename here, but it
	    # might have backslashes under Windows, which causes no end
	    # of trouble.
	    createAndExecute $file
	    list {}
	
.... Test generated KNOWN error:
    while executing
ptolemy.kernel.util.IllegalActionException: Found a zero delay loop containing .dependencyLoop2.original
  in .dependencyLoop2 and .dependencyLoop2.original
	at ptolemy.actor.util.CausalityInterfaceForComposites._computeOutputPortDepth(CausalityInterfaceForComposites.java:759)
	at ptolemy.actor.util.CausalityInterfaceForComposites._computeInputDepth(CausalityInterfaceForComposites.java:696)
	at ptolemy.actor.util.CausalityInterfaceForComposites._computeOutputPortDepth(CausalityInterfaceForComposites.java:765)
	at ptolemy.actor.util.CausalityInterfaceForComposites._computeInputDepth(CausalityInterfaceForComposites.java:696)
	at ptolemy.actor.util.CausalityInterfaceForComposites._computeOutputPortDepth(CausalityInterfaceForComposites.java:765)
	at ptolemy.actor.util.CausalityInterfaceForComposites._computeInputDepth(CausalityInterfaceForComposites.java:696)
	at ptolemy.actor.util.CausalityInterfaceForComposites._computeActorDepth(CausalityInterfaceForComposites.java:532)
	at ptolemy.actor.util.CausalityInterfaceForComposites.checkForCycles(CausalityInterfaceForComposites.java:96)
	at ptolemy.domains.de.kernel.DEDirector.preinitialize(DEDirector.java:1338)
	at ptolemy.actor.CompositeActor.preinitialize(CompositeActor.java:1828)
	at ptolemy.actor.Manager.preinitializeAndResolveTypes(Manager.java:1040)
	at ptolemy.actor.Manager.initialize(Manager.java:710)
	at ptolemy.actor.Manager.execute(Manager.java:356)
	at ptolemy.actor.Manager.run(Manager.java:1263)
	at ptolemy.actor.Manager$PtolemyRunThread.run(Manager.java:1933)

    while executing
ptolemy.kernel.util.IllegalActionException: Found a zero delay loop containing .dependencyLoop2.original
  in .dependencyLoop2 and .dependencyLoop2.original
    while executing
"java::new ptolemy.moml.MoMLSimpleApplication $file
"
    (procedure "createAndExecute" line 2)
    invoked from within
"createAndExecute $file"
    ("uplevel" body line 5)
    invoked from within
"uplevel $contents_of_test"
------------------ testing $PTII/ptolemy/domains/de/test/auto/knownFailedTests/DESDFClockTest.xml (Known Failure) 
2063 ms. Memory: 129024K Free: 107821K (84%)


==== $PTIIhome/travis/build/icyphy/ptII/ptolemy/domains/de/test/../../../../: Auto Automatic test in file $PTII/ptolemy/domains/de/test/auto/knownFailedTests/DESDFClockTest.xml
==== Contents of test case:

	    # FIXME: we should use $relativeFilename here, but it
	    # might have backslashes under Windows, which causes no end
	    # of trouble.
	    createAndExecute $file
	    list {}
	
.... Test generated KNOWN error:
    while executing
ptolemy.kernel.util.IllegalActionException: Actor is not ready to fire.  Perhaps UpSample.prefire() returned false? Try debugging the actor by selecting "Listen to Actor".  Also, for SDF check moml for tokenConsumptionRate on input.
  in .DESDFClockTest.Play Bell.Copy1:SDF Director and .DESDFClockTest.Play Bell.UpSample
	at ptolemy.actor.sched.StaticSchedulingDirector.fire(StaticSchedulingDirector.java:227)
	at ptolemy.domains.sdf.kernel.SDFDirector.fire(SDFDirector.java:500)
	at ptolemy.actor.CompositeActor.fire(CompositeActor.java:455)
	at ptolemy.domains.de.kernel.DEDirector._fire(DEDirector.java:1949)
	at ptolemy.domains.de.kernel.DEDirector.fire(DEDirector.java:502)
	at ptolemy.actor.CompositeActor.fire(CompositeActor.java:455)
	at ptolemy.actor.Manager.iterate(Manager.java:851)
	at ptolemy.actor.Manager.execute(Manager.java:369)
	at ptolemy.actor.Manager.run(Manager.java:1263)
	at ptolemy.actor.Manager$PtolemyRunThread.run(Manager.java:1933)

    while executing
ptolemy.kernel.util.IllegalActionException: Actor is not ready to fire.  Perhaps UpSample.prefire() returned false? Try debugging the actor by selecting "Listen to Actor".  Also, for SDF check moml for tokenConsumptionRate on input.
  in .DESDFClockTest.Play Bell.Copy1:SDF Director and .DESDFClockTest.Play Bell.UpSample
    while executing
"java::new ptolemy.moml.MoMLSimpleApplication $file
"
    (procedure "createAndExecute" line 2)
    invoked from within
"createAndExecute $file"
    ("uplevel" body line 5)
    invoked from within
"uplevel $contents_of_test"
------------------ testing $PTII/ptolemy/domains/de/test/auto/ActorDepthCalculation_actorWithoutPorts.xml
auto.tcl: Setting watchdog for 200 seconds at Mon Aug 31 15:35:19 UTC 2020
11 ms. Memory: 129024K Free: 100143K (78%)
ptolemy.util.test.WatchDog.cancel(): canceling Mon Aug 31 15:35:19 UTC 2020
auto.tcl: Setting watchdog for 200 seconds at Mon Aug 31 15:35:19 UTC 2020
5 ms. Memory: 129024K Free: 98591K (76%)
ptolemy.util.test.WatchDog.cancel(): canceling Mon Aug 31 15:35:19 UTC 2020
------------------ testing $PTII/ptolemy/domains/de/test/auto/AssemblyLine.xml
auto.tcl: Setting watchdog for 200 seconds at Mon Aug 31 15:35:19 UTC 2020
8 ms. Memory: 51200K Free: 27161K (53%)
ptolemy.util.test.WatchDog.cancel(): canceling Mon Aug 31 15:35:19 UTC 2020
auto.tcl: Setting watchdog for 200 seconds at Mon Aug 31 15:35:19 UTC 2020
10 ms. Memory: 51200K Free: 26734K (52%)
ptolemy.util.test.WatchDog.cancel(): canceling Mon Aug 31 15:35:19 UTC 2020
------------------ testing $PTII/ptolemy/domains/de/test/auto/CQBug1.xml
auto.tcl: Setting watchdog for 200 seconds at Mon Aug 31 15:35:19 UTC 2020
3 ms. Memory: 51200K Free: 33249K (65%)
ptolemy.util.test.WatchDog.cancel(): canceling Mon Aug 31 15:35:19 UTC 2020
auto.tcl: Setting watchdog for 200 seconds at Mon Aug 31 15:35:19 UTC 2020
3 ms. Memory: 51200K Free: 33249K (65%)
ptolemy.util.test.WatchDog.cancel(): canceling Mon Aug 31 15:35:19 UTC 2020
------------------ testing $PTII/ptolemy/domains/de/test/auto/CancelFireAt.xml
auto.tcl: Setting watchdog for 200 seconds at Mon Aug 31 15:35:19 UTC 2020
2 ms. Memory: 48128K Free: 31640K (66%)
ptolemy.util.test.WatchDog.cancel(): canceling Mon Aug 31 15:35:19 UTC 2020
auto.tcl: Setting watchdog for 200 seconds at Mon Aug 31 15:35:19 UTC 2020
2 ms. Memory: 48128K Free: 31199K (65%)
ptolemy.util.test.WatchDog.cancel(): canceling Mon Aug 31 15:35:19 UTC 2020
------------------ testing $PTII/ptolemy/domains/de/test/auto/CausalityAndComposabilityAnalysis.xml
auto.tcl: Setting watchdog for 200 seconds at Mon Aug 31 15:35:19 UTC 2020
7 ms. Memory: 48128K Free: 29409K (61%)
ptolemy.util.test.WatchDog.cancel(): canceling Mon Aug 31 15:35:20 UTC 2020
auto.tcl: Setting watchdog for 200 seconds at Mon Aug 31 15:35:20 UTC 2020
4 ms. Memory: 48128K Free: 28976K (60%)
ptolemy.util.test.WatchDog.cancel(): canceling Mon Aug 31 15:35:20 UTC 2020
------------------ testing $PTII/ptolemy/domains/de/test/auto/CausalityInterface1.xml
auto.tcl: Setting watchdog for 200 seconds at Mon Aug 31 15:35:20 UTC 2020
30 ms. Memory: 48128K Free: 28357K (59%)
ptolemy.util.test.WatchDog.cancel(): canceling Mon Aug 31 15:35:20 UTC 2020
auto.tcl: Setting watchdog for 200 seconds at Mon Aug 31 15:35:20 UTC 2020
4 ms. Memory: 48128K Free: 27359K (57%)
ptolemy.util.test.WatchDog.cancel(): canceling Mon Aug 31 15:35:20 UTC 2020
------------------ testing $PTII/ptolemy/domains/de/test/auto/CausalityInterface15.xml
auto.tcl: Setting watchdog for 200 seconds at Mon Aug 31 15:35:20 UTC 2020
10 ms. Memory: 48128K Free: 28285K (59%)
ptolemy.util.test.WatchDog.cancel(): canceling Mon Aug 31 15:35:20 UTC 2020
auto.tcl: Setting watchdog for 200 seconds at Mon Aug 31 15:35:20 UTC 2020
6 ms. Memory: 48128K Free: 27339K (57%)
ptolemy.util.test.WatchDog.cancel(): canceling Mon Aug 31 15:35:20 UTC 2020
------------------ testing $PTII/ptolemy/domains/de/test/auto/CausalityInterface2.xml
auto.tcl: Setting watchdog for 200 seconds at Mon Aug 31 15:35:20 UTC 2020
5 ms. Memory: 48128K Free: 29043K (60%)
ptolemy.util.test.WatchDog.cancel(): canceling Mon Aug 31 15:35:20 UTC 2020
auto.tcl: Setting watchdog for 200 seconds at Mon Aug 31 15:35:20 UTC 2020
3 ms. Memory: 48128K Free: 27934K (58%)
ptolemy.util.test.WatchDog.cancel(): canceling Mon Aug 31 15:35:20 UTC 2020
------------------ testing $PTII/ptolemy/domains/de/test/auto/CausalityInterface3.xml
auto.tcl: Setting watchdog for 200 seconds at Mon Aug 31 15:35:20 UTC 2020
3 ms. Memory: 48128K Free: 28540K (59%)
ptolemy.util.test.WatchDog.cancel(): canceling Mon Aug 31 15:35:20 UTC 2020
auto.tcl: Setting watchdog for 200 seconds at Mon Aug 31 15:35:20 UTC 2020
3 ms. Memory: 48128K Free: 28109K (58%)
ptolemy.util.test.WatchDog.cancel(): canceling Mon Aug 31 15:35:20 UTC 2020
------------------ testing $PTII/ptolemy/domains/de/test/auto/ClockDrift.xml
auto.tcl: Setting watchdog for 200 seconds at Mon Aug 31 15:35:20 UTC 2020
93 ms. Memory: 48128K Free: 21122K (44%)
ptolemy.util.test.WatchDog.cancel(): canceling Mon Aug 31 15:35:20 UTC 2020
auto.tcl: Setting watchdog for 200 seconds at Mon Aug 31 15:35:20 UTC 2020
55 ms. Memory: 48128K Free: 17691K (37%)
ptolemy.util.test.WatchDog.cancel(): canceling Mon Aug 31 15:35:20 UTC 2020
------------------ testing $PTII/ptolemy/domains/de/test/auto/ClockDriftAndValueChange.xml
auto.tcl: Setting watchdog for 200 seconds at Mon Aug 31 15:35:20 UTC 2020
43 ms. Memory: 48128K Free: 21202K (44%)
ptolemy.util.test.WatchDog.cancel(): canceling Mon Aug 31 15:35:20 UTC 2020
auto.tcl: Setting watchdog for 200 seconds at Mon Aug 31 15:35:20 UTC 2020
35 ms. Memory: 48128K Free: 18367K (38%)
ptolemy.util.test.WatchDog.cancel(): canceling Mon Aug 31 15:35:20 UTC 2020
------------------ testing $PTII/ptolemy/domains/de/test/auto/ClockDriftChange.xml
auto.tcl: Setting watchdog for 200 seconds at Mon Aug 31 15:35:20 UTC 2020
19 ms. Memory: 48128K Free: 23245K (48%)
ptolemy.util.test.WatchDog.cancel(): canceling Mon Aug 31 15:35:20 UTC 2020
auto.tcl: Setting watchdog for 200 seconds at Mon Aug 31 15:35:20 UTC 2020
20 ms. Memory: 48128K Free: 20666K (43%)
ptolemy.util.test.WatchDog.cancel(): canceling Mon Aug 31 15:35:20 UTC 2020
------------------ testing $PTII/ptolemy/domains/de/test/auto/ComposableCausalityAnalysis.xml
auto.tcl: Setting watchdog for 200 seconds at Mon Aug 31 15:35:20 UTC 2020
2 ms. Memory: 48128K Free: 27814K (58%)
ptolemy.util.test.WatchDog.cancel(): canceling Mon Aug 31 15:35:20 UTC 2020
auto.tcl: Setting watchdog for 200 seconds at Mon Aug 31 15:35:20 UTC 2020
5 ms. Memory: 48128K Free: 26594K (55%)
ptolemy.util.test.WatchDog.cancel(): canceling Mon Aug 31 15:35:20 UTC 2020
------------------ testing $PTII/ptolemy/domains/de/test/auto/DEFixedPointLimitation.xml
auto.tcl: Setting watchdog for 200 seconds at Mon Aug 31 15:35:21 UTC 2020
4 ms. Memory: 48128K Free: 29233K (61%)
ptolemy.util.test.WatchDog.cancel(): canceling Mon Aug 31 15:35:21 UTC 2020
auto.tcl: Setting watchdog for 200 seconds at Mon Aug 31 15:35:21 UTC 2020
1 ms. Memory: 48128K Free: 28308K (59%)
ptolemy.util.test.WatchDog.cancel(): canceling Mon Aug 31 15:35:21 UTC 2020
------------------ testing $PTII/ptolemy/domains/de/test/auto/DEScheduleTest.xml
auto.tcl: Setting watchdog for 200 seconds at Mon Aug 31 15:35:21 UTC 2020
4 ms. Memory: 48128K Free: 29532K (61%)
ptolemy.util.test.WatchDog.cancel(): canceling Mon Aug 31 15:35:21 UTC 2020
auto.tcl: Setting watchdog for 200 seconds at Mon Aug 31 15:35:21 UTC 2020
3 ms. Memory: 48128K Free: 28756K (60%)
ptolemy.util.test.WatchDog.cancel(): canceling Mon Aug 31 15:35:21 UTC 2020
------------------ testing $PTII/ptolemy/domains/de/test/auto/DEinDEwithStartTimes.xml
auto.tcl: Setting watchdog for 200 seconds at Mon Aug 31 15:35:21 UTC 2020
5 ms. Memory: 48128K Free: 27683K (58%)
ptolemy.util.test.WatchDog.cancel(): canceling Mon Aug 31 15:35:21 UTC 2020
auto.tcl: Setting watchdog for 200 seconds at Mon Aug 31 15:35:21 UTC 2020
2 ms. Memory: 48128K Free: 26659K (55%)
ptolemy.util.test.WatchDog.cancel(): canceling Mon Aug 31 15:35:21 UTC 2020
------------------ testing $PTII/ptolemy/domains/de/test/auto/DEinDEwithStartTimes2.xml
auto.tcl: Setting watchdog for 200 seconds at Mon Aug 31 15:35:21 UTC 2020
6 ms. Memory: 48128K Free: 26970K (56%)
ptolemy.util.test.WatchDog.cancel(): canceling Mon Aug 31 15:35:21 UTC 2020
auto.tcl: Setting watchdog for 200 seconds at Mon Aug 31 15:35:21 UTC 2020
4 ms. Memory: 48128K Free: 25614K (53%)
ptolemy.util.test.WatchDog.cancel(): canceling Mon Aug 31 15:35:21 UTC 2020
------------------ testing $PTII/ptolemy/domains/de/test/auto/DateDemo.xml
auto.tcl: Setting watchdog for 200 seconds at Mon Aug 31 15:35:21 UTC 2020
21 ms. Memory: 48128K Free: 21267K (44%)
ptolemy.util.test.WatchDog.cancel(): canceling Mon Aug 31 15:35:21 UTC 2020
auto.tcl: Setting watchdog for 200 seconds at Mon Aug 31 15:35:21 UTC 2020
7 ms. Memory: 48128K Free: 19702K (41%)
ptolemy.util.test.WatchDog.cancel(): canceling Mon Aug 31 15:35:21 UTC 2020
------------------ testing $PTII/ptolemy/domains/de/test/auto/DateToEvent.xml
auto.tcl: Setting watchdog for 200 seconds at Mon Aug 31 15:35:21 UTC 2020
2011 ms. Memory: 48128K Free: 16949K (35%)
ptolemy.util.test.WatchDog.cancel(): canceling Mon Aug 31 15:35:23 UTC 2020
auto.tcl: Setting watchdog for 200 seconds at Mon Aug 31 15:35:23 UTC 2020
2005 ms. Memory: 48128K Free: 16197K (34%)
ptolemy.util.test.WatchDog.cancel(): canceling Mon Aug 31 15:35:25 UTC 2020
------------------ testing $PTII/ptolemy/domains/de/test/auto/DepthTest1.xml
auto.tcl: Setting watchdog for 200 seconds at Mon Aug 31 15:35:25 UTC 2020
3 ms. Memory: 48128K Free: 30324K (63%)
ptolemy.util.test.WatchDog.cancel(): canceling Mon Aug 31 15:35:25 UTC 2020
auto.tcl: Setting watchdog for 200 seconds at Mon Aug 31 15:35:25 UTC 2020
1 ms. Memory: 48128K Free: 29909K (62%)
ptolemy.util.test.WatchDog.cancel(): canceling Mon Aug 31 15:35:25 UTC 2020
------------------ testing $PTII/ptolemy/domains/de/test/auto/DepthTest2.xml
auto.tcl: Setting watchdog for 200 seconds at Mon Aug 31 15:35:25 UTC 2020
3 ms. Memory: 48128K Free: 27145K (56%)
ptolemy.util.test.WatchDog.cancel(): canceling Mon Aug 31 15:35:25 UTC 2020
auto.tcl: Setting watchdog for 200 seconds at Mon Aug 31 15:35:25 UTC 2020
2 ms. Memory: 48128K Free: 26765K (56%)
ptolemy.util.test.WatchDog.cancel(): canceling Mon Aug 31 15:35:25 UTC 2020
------------------ testing $PTII/ptolemy/domains/de/test/auto/DepthTest3.xml
auto.tcl: Setting watchdog for 200 seconds at Mon Aug 31 15:35:25 UTC 2020
1 ms. Memory: 48128K Free: 30654K (64%)
ptolemy.util.test.WatchDog.cancel(): canceling Mon Aug 31 15:35:25 UTC 2020
auto.tcl: Setting watchdog for 200 seconds at Mon Aug 31 15:35:25 UTC 2020
2 ms. Memory: 48128K Free: 30225K (63%)
ptolemy.util.test.WatchDog.cancel(): canceling Mon Aug 31 15:35:25 UTC 2020
------------------ testing $PTII/ptolemy/domains/de/test/auto/DepthTest4.xml
auto.tcl: Setting watchdog for 200 seconds at Mon Aug 31 15:35:25 UTC 2020
9 ms. Memory: 48128K Free: 29004K (60%)
ptolemy.util.test.WatchDog.cancel(): canceling Mon Aug 31 15:35:25 UTC 2020
auto.tcl: Setting watchdog for 200 seconds at Mon Aug 31 15:35:25 UTC 2020
2 ms. Memory: 48128K Free: 28267K (59%)
ptolemy.util.test.WatchDog.cancel(): canceling Mon Aug 31 15:35:25 UTC 2020
------------------ testing $PTII/ptolemy/domains/de/test/auto/DepthTest5.xml
auto.tcl: Setting watchdog for 200 seconds at Mon Aug 31 15:35:25 UTC 2020
3 ms. Memory: 48128K Free: 28387K (59%)
ptolemy.util.test.WatchDog.cancel(): canceling Mon Aug 31 15:35:25 UTC 2020
auto.tcl: Setting watchdog for 200 seconds at Mon Aug 31 15:35:25 UTC 2020
2 ms. Memory: 48128K Free: 27615K (57%)
ptolemy.util.test.WatchDog.cancel(): canceling Mon Aug 31 15:35:25 UTC 2020
------------------ testing $PTII/ptolemy/domains/de/test/auto/DepthTest6.xml
auto.tcl: Setting watchdog for 200 seconds at Mon Aug 31 15:35:25 UTC 2020
3 ms. Memory: 48128K Free: 28113K (58%)
ptolemy.util.test.WatchDog.cancel(): canceling Mon Aug 31 15:35:26 UTC 2020
auto.tcl: Setting watchdog for 200 seconds at Mon Aug 31 15:35:26 UTC 2020
2 ms. Memory: 48128K Free: 27692K (58%)
ptolemy.util.test.WatchDog.cancel(): canceling Mon Aug 31 15:35:26 UTC 2020
------------------ testing $PTII/ptolemy/domains/de/test/auto/DepthTest7.xml
auto.tcl: Setting watchdog for 200 seconds at Mon Aug 31 15:35:26 UTC 2020
2 ms. Memory: 48128K Free: 28929K (60%)
ptolemy.util.test.WatchDog.cancel(): canceling Mon Aug 31 15:35:26 UTC 2020
auto.tcl: Setting watchdog for 200 seconds at Mon Aug 31 15:35:26 UTC 2020
2 ms. Memory: 48128K Free: 28214K (59%)
ptolemy.util.test.WatchDog.cancel(): canceling Mon Aug 31 15:35:26 UTC 2020
------------------ testing $PTII/ptolemy/domains/de/test/auto/EventToDate.xml
auto.tcl: Setting watchdog for 200 seconds at Mon Aug 31 15:35:26 UTC 2020
3016 ms. Memory: 48128K Free: 19694K (41%)
ptolemy.util.test.WatchDog.cancel(): canceling Mon Aug 31 15:35:29 UTC 2020
auto.tcl: Setting watchdog for 200 seconds at Mon Aug 31 15:35:29 UTC 2020
3004 ms. Memory: 48128K Free: 19036K (40%)
ptolemy.util.test.WatchDog.cancel(): canceling Mon Aug 31 15:35:32 UTC 2020
------------------ testing $PTII/ptolemy/domains/de/test/auto/FSM1.xml
auto.tcl: Setting watchdog for 200 seconds at Mon Aug 31 15:35:32 UTC 2020
47 ms. Memory: 48128K Free: 20931K (43%)
ptolemy.util.test.WatchDog.cancel(): canceling Mon Aug 31 15:35:32 UTC 2020
auto.tcl: Setting watchdog for 200 seconds at Mon Aug 31 15:35:32 UTC 2020
24 ms. Memory: 48128K Free: 17696K (37%)
ptolemy.util.test.WatchDog.cancel(): canceling Mon Aug 31 15:35:32 UTC 2020
------------------ testing $PTII/ptolemy/domains/de/test/auto/FSM7.xml
auto.tcl: Setting watchdog for 200 seconds at Mon Aug 31 15:35:32 UTC 2020
30 ms. Memory: 48128K Free: 20621K (43%)
ptolemy.util.test.WatchDog.cancel(): canceling Mon Aug 31 15:35:32 UTC 2020
auto.tcl: Setting watchdog for 200 seconds at Mon Aug 31 15:35:32 UTC 2020
26 ms. Memory: 48128K Free: 17489K (36%)
ptolemy.util.test.WatchDog.cancel(): canceling Mon Aug 31 15:35:32 UTC 2020
------------------ testing $PTII/ptolemy/domains/de/test/auto/Inspection.xml
auto.tcl: Setting watchdog for 200 seconds at Mon Aug 31 15:35:32 UTC 2020
25 ms. Memory: 48128K Free: 20668K (43%)
ptolemy.util.test.WatchDog.cancel(): canceling Mon Aug 31 15:35:32 UTC 2020
auto.tcl: Setting watchdog for 200 seconds at Mon Aug 31 15:35:32 UTC 2020
22 ms. Memory: 48128K Free: 18931K (39%)
ptolemy.util.test.WatchDog.cancel(): canceling Mon Aug 31 15:35:32 UTC 2020
------------------ testing $PTII/ptolemy/domains/de/test/auto/Iteration.xml
auto.tcl: Setting watchdog for 200 seconds at Mon Aug 31 15:35:32 UTC 2020
9 ms. Memory: 48128K Free: 26423K (55%)
ptolemy.util.test.WatchDog.cancel(): canceling Mon Aug 31 15:35:32 UTC 2020
auto.tcl: Setting watchdog for 200 seconds at Mon Aug 31 15:35:32 UTC 2020
5 ms. Memory: 48128K Free: 24986K (52%)
ptolemy.util.test.WatchDog.cancel(): canceling Mon Aug 31 15:35:32 UTC 2020
------------------ testing $PTII/ptolemy/domains/de/test/auto/LineFault.xml
auto.tcl: Setting watchdog for 200 seconds at Mon Aug 31 15:35:32 UTC 2020
540 ms. Memory: 48128K Free: 18615K (39%)
ptolemy.util.test.WatchDog.cancel(): canceling Mon Aug 31 15:35:33 UTC 2020
auto.tcl: Setting watchdog for 200 seconds at Mon Aug 31 15:35:33 UTC 2020
501 ms. Memory: 58368K Free: 37501K (64%)
ptolemy.util.test.WatchDog.cancel(): canceling Mon Aug 31 15:35:34 UTC 2020
------------------ testing $PTII/ptolemy/domains/de/test/auto/MergeModel1Add.xml
auto.tcl: Setting watchdog for 200 seconds at Mon Aug 31 15:35:34 UTC 2020
31 ms. Memory: 55296K Free: 19545K (35%)
ptolemy.util.test.WatchDog.cancel(): canceling Mon Aug 31 15:35:34 UTC 2020
auto.tcl: Setting watchdog for 200 seconds at Mon Aug 31 15:35:34 UTC 2020
11 ms. Memory: 55296K Free: 17910K (32%)
ptolemy.util.test.WatchDog.cancel(): canceling Mon Aug 31 15:35:34 UTC 2020
------------------ testing $PTII/ptolemy/domains/de/test/auto/MergeModel2Add.xml
auto.tcl: Setting watchdog for 200 seconds at Mon Aug 31 15:35:34 UTC 2020
8 ms. Memory: 55296K Free: 21596K (39%)
ptolemy.util.test.WatchDog.cancel(): canceling Mon Aug 31 15:35:34 UTC 2020
auto.tcl: Setting watchdog for 200 seconds at Mon Aug 31 15:35:34 UTC 2020
7 ms. Memory: 55296K Free: 19627K (35%)
ptolemy.util.test.WatchDog.cancel(): canceling Mon Aug 31 15:35:34 UTC 2020
------------------ testing $PTII/ptolemy/domains/de/test/auto/MergeModel3Add.xml
auto.tcl: Setting watchdog for 200 seconds at Mon Aug 31 15:35:34 UTC 2020
8 ms. Memory: 55296K Free: 21581K (39%)
ptolemy.util.test.WatchDog.cancel(): canceling Mon Aug 31 15:35:34 UTC 2020
auto.tcl: Setting watchdog for 200 seconds at Mon Aug 31 15:35:34 UTC 2020
6 ms. Memory: 55296K Free: 20073K (36%)
ptolemy.util.test.WatchDog.cancel(): canceling Mon Aug 31 15:35:34 UTC 2020
------------------ testing $PTII/ptolemy/domains/de/test/auto/MergeWithoutDiscard.xml
auto.tcl: Setting watchdog for 200 seconds at Mon Aug 31 15:35:34 UTC 2020
1 ms. Memory: 55296K Free: 35947K (65%)
ptolemy.util.test.WatchDog.cancel(): canceling Mon Aug 31 15:35:34 UTC 2020
auto.tcl: Setting watchdog for 200 seconds at Mon Aug 31 15:35:34 UTC 2020
1 ms. Memory: 55296K Free: 35513K (64%)
ptolemy.util.test.WatchDog.cancel(): canceling Mon Aug 31 15:35:34 UTC 2020
------------------ testing $PTII/ptolemy/domains/de/test/auto/Modal1.xml
auto.tcl: Setting watchdog for 200 seconds at Mon Aug 31 15:35:34 UTC 2020
14 ms. Memory: 55296K Free: 28057K (51%)
ptolemy.util.test.WatchDog.cancel(): canceling Mon Aug 31 15:35:34 UTC 2020
auto.tcl: Setting watchdog for 200 seconds at Mon Aug 31 15:35:34 UTC 2020
17 ms. Memory: 55296K Free: 24599K (44%)
ptolemy.util.test.WatchDog.cancel(): canceling Mon Aug 31 15:35:34 UTC 2020
------------------ testing $PTII/ptolemy/domains/de/test/auto/Modal2.xml
auto.tcl: Setting watchdog for 200 seconds at Mon Aug 31 15:35:34 UTC 2020
15 ms. Memory: 55296K Free: 28450K (51%)
ptolemy.util.test.WatchDog.cancel(): canceling Mon Aug 31 15:35:34 UTC 2020
auto.tcl: Setting watchdog for 200 seconds at Mon Aug 31 15:35:34 UTC 2020
17 ms. Memory: 55296K Free: 24964K (45%)
ptolemy.util.test.WatchDog.cancel(): canceling Mon Aug 31 15:35:34 UTC 2020
------------------ testing $PTII/ptolemy/domains/de/test/auto/Modal3.xml
auto.tcl: Setting watchdog for 200 seconds at Mon Aug 31 15:35:34 UTC 2020
12 ms. Memory: 55296K Free: 28170K (51%)
ptolemy.util.test.WatchDog.cancel(): canceling Mon Aug 31 15:35:34 UTC 2020
auto.tcl: Setting watchdog for 200 seconds at Mon Aug 31 15:35:34 UTC 2020
14 ms. Memory: 55296K Free: 24564K (44%)
ptolemy.util.test.WatchDog.cancel(): canceling Mon Aug 31 15:35:34 UTC 2020
------------------ testing $PTII/ptolemy/domains/de/test/auto/Modal4.xml
auto.tcl: Setting watchdog for 200 seconds at Mon Aug 31 15:35:34 UTC 2020
22 ms. Memory: 51200K Free: 22852K (45%)
ptolemy.util.test.WatchDog.cancel(): canceling Mon Aug 31 15:35:34 UTC 2020
auto.tcl: Setting watchdog for 200 seconds at Mon Aug 31 15:35:34 UTC 2020
15 ms. Memory: 51200K Free: 18821K (37%)
ptolemy.util.test.WatchDog.cancel(): canceling Mon Aug 31 15:35:34 UTC 2020
------------------ testing $PTII/ptolemy/domains/de/test/auto/Modal5.xml
auto.tcl: Setting watchdog for 200 seconds at Mon Aug 31 15:35:34 UTC 2020
12 ms. Memory: 51200K Free: 23035K (45%)
ptolemy.util.test.WatchDog.cancel(): canceling Mon Aug 31 15:35:34 UTC 2020
auto.tcl: Setting watchdog for 200 seconds at Mon Aug 31 15:35:34 UTC 2020
13 ms. Memory: 51200K Free: 19215K (38%)
ptolemy.util.test.WatchDog.cancel(): canceling Mon Aug 31 15:35:34 UTC 2020
------------------ testing $PTII/ptolemy/domains/de/test/auto/Modal6.xml
auto.tcl: Setting watchdog for 200 seconds at Mon Aug 31 15:35:34 UTC 2020
16 ms. Memory: 51200K Free: 23846K (47%)
ptolemy.util.test.WatchDog.cancel(): canceling Mon Aug 31 15:35:35 UTC 2020
auto.tcl: Setting watchdog for 200 seconds at Mon Aug 31 15:35:35 UTC 2020
16 ms. Memory: 51200K Free: 19847K (39%)
ptolemy.util.test.WatchDog.cancel(): canceling Mon Aug 31 15:35:35 UTC 2020
------------------ testing $PTII/ptolemy/domains/de/test/auto/Modal7.xml
auto.tcl: Setting watchdog for 200 seconds at Mon Aug 31 15:35:35 UTC 2020
13 ms. Memory: 51200K Free: 22830K (45%)
ptolemy.util.test.WatchDog.cancel(): canceling Mon Aug 31 15:35:35 UTC 2020
auto.tcl: Setting watchdog for 200 seconds at Mon Aug 31 15:35:35 UTC 2020
9 ms. Memory: 51200K Free: 19215K (38%)
ptolemy.util.test.WatchDog.cancel(): canceling Mon Aug 31 15:35:35 UTC 2020
------------------ testing $PTII/ptolemy/domains/de/test/auto/ModalModel.xml
auto.tcl: Setting watchdog for 200 seconds at Mon Aug 31 15:35:35 UTC 2020
165 ms. Memory: 51200K Free: 13152K (26%)
ptolemy.util.test.WatchDog.cancel(): canceling Mon Aug 31 15:35:35 UTC 2020
auto.tcl: Setting watchdog for 200 seconds at Mon Aug 31 15:35:35 UTC 2020
190 ms. Memory: 61440K Free: 44471K (72%)
ptolemy.util.test.WatchDog.cancel(): canceling Mon Aug 31 15:35:35 UTC 2020
------------------ testing $PTII/ptolemy/domains/de/test/auto/ModalSource.xml
auto.tcl: Setting watchdog for 200 seconds at Mon Aug 31 15:35:35 UTC 2020
8 ms. Memory: 55296K Free: 31985K (58%)
ptolemy.util.test.WatchDog.cancel(): canceling Mon Aug 31 15:35:35 UTC 2020
auto.tcl: Setting watchdog for 200 seconds at Mon Aug 31 15:35:35 UTC 2020
6 ms. Memory: 55296K Free: 29937K (54%)
ptolemy.util.test.WatchDog.cancel(): canceling Mon Aug 31 15:35:35 UTC 2020
------------------ testing $PTII/ptolemy/domains/de/test/auto/NonInterruptibleTimerZeroDelay.xml
auto.tcl: Setting watchdog for 200 seconds at Mon Aug 31 15:35:35 UTC 2020
3 ms. Memory: 51200K Free: 32833K (64%)
ptolemy.util.test.WatchDog.cancel(): canceling Mon Aug 31 15:35:35 UTC 2020
auto.tcl: Setting watchdog for 200 seconds at Mon Aug 31 15:35:35 UTC 2020
2 ms. Memory: 51200K Free: 32174K (63%)
ptolemy.util.test.WatchDog.cancel(): canceling Mon Aug 31 15:35:35 UTC 2020
------------------ testing $PTII/ptolemy/domains/de/test/auto/OpenQueueingNetwork.xml
auto.tcl: Setting watchdog for 200 seconds at Mon Aug 31 15:35:35 UTC 2020
2645 ms. Memory: 152576K Free: 108195K (71%)
ptolemy.util.test.WatchDog.cancel(): canceling Mon Aug 31 15:35:38 UTC 2020
auto.tcl: Setting watchdog for 200 seconds at Mon Aug 31 15:35:38 UTC 2020
2191 ms. Memory: 183296K Free: 127564K (70%)
ptolemy.util.test.WatchDog.cancel(): canceling Mon Aug 31 15:35:40 UTC 2020
------------------ testing $PTII/ptolemy/domains/de/test/auto/OpenQueuingNetwork.xml
auto.tcl: Setting watchdog for 200 seconds at Mon Aug 31 15:35:40 UTC 2020
238 ms. Memory: 66560K Free: 36622K (55%)
ptolemy.util.test.WatchDog.cancel(): canceling Mon Aug 31 15:35:41 UTC 2020
auto.tcl: Setting watchdog for 200 seconds at Mon Aug 31 15:35:41 UTC 2020
218 ms. Memory: 66560K Free: 22180K (33%)
ptolemy.util.test.WatchDog.cancel(): canceling Mon Aug 31 15:35:41 UTC 2020
------------------ testing $PTII/ptolemy/domains/de/test/auto/PeriodicSampler.xml
auto.tcl: Setting watchdog for 200 seconds at Mon Aug 31 15:35:41 UTC 2020
3 ms. Memory: 51200K Free: 32024K (63%)
ptolemy.util.test.WatchDog.cancel(): canceling Mon Aug 31 15:35:41 UTC 2020
auto.tcl: Setting watchdog for 200 seconds at Mon Aug 31 15:35:41 UTC 2020
2 ms. Memory: 51200K Free: 31504K (62%)
ptolemy.util.test.WatchDog.cancel(): canceling Mon Aug 31 15:35:41 UTC 2020
------------------ testing $PTII/ptolemy/domains/de/test/auto/PersistentIO.xml
auto.tcl: Setting watchdog for 200 seconds at Mon Aug 31 15:35:41 UTC 2020
5 ms. Memory: 51200K Free: 26948K (53%)
ptolemy.util.test.WatchDog.cancel(): canceling Mon Aug 31 15:35:41 UTC 2020
auto.tcl: Setting watchdog for 200 seconds at Mon Aug 31 15:35:41 UTC 2020
3 ms. Memory: 51200K Free: 25428K (50%)
ptolemy.util.test.WatchDog.cancel(): canceling Mon Aug 31 15:35:41 UTC 2020
------------------ testing $PTII/ptolemy/domains/de/test/auto/PortParameterResetOnInitialize.xml
auto.tcl: Setting watchdog for 200 seconds at Mon Aug 31 15:35:41 UTC 2020
8 ms. Memory: 51200K Free: 31914K (62%)
ptolemy.util.test.WatchDog.cancel(): canceling Mon Aug 31 15:35:41 UTC 2020
auto.tcl: Setting watchdog for 200 seconds at Mon Aug 31 15:35:41 UTC 2020
2 ms. Memory: 51200K Free: 31436K (61%)
ptolemy.util.test.WatchDog.cancel(): canceling Mon Aug 31 15:35:41 UTC 2020
------------------ testing $PTII/ptolemy/domains/de/test/auto/PortParameterUpdates.xml
auto.tcl: Setting watchdog for 200 seconds at Mon Aug 31 15:35:41 UTC 2020
3 ms. Memory: 51200K Free: 30031K (59%)
ptolemy.util.test.WatchDog.cancel(): canceling Mon Aug 31 15:35:41 UTC 2020
auto.tcl: Setting watchdog for 200 seconds at Mon Aug 31 15:35:41 UTC 2020
3 ms. Memory: 51200K Free: 29007K (57%)
ptolemy.util.test.WatchDog.cancel(): canceling Mon Aug 31 15:35:41 UTC 2020
------------------ testing $PTII/ptolemy/domains/de/test/auto/QueueAndServer.xml
auto.tcl: Setting watchdog for 200 seconds at Mon Aug 31 15:35:41 UTC 2020
17 ms. Memory: 51200K Free: 28889K (56%)
ptolemy.util.test.WatchDog.cancel(): canceling Mon Aug 31 15:35:41 UTC 2020
auto.tcl: Setting watchdog for 200 seconds at Mon Aug 31 15:35:41 UTC 2020
8 ms. Memory: 51200K Free: 27437K (54%)
ptolemy.util.test.WatchDog.cancel(): canceling Mon Aug 31 15:35:41 UTC 2020
------------------ testing $PTII/ptolemy/domains/de/test/auto/Records.xml
auto.tcl: Setting watchdog for 200 seconds at Mon Aug 31 15:35:41 UTC 2020
3 ms. Memory: 51200K Free: 31475K (61%)
ptolemy.util.test.WatchDog.cancel(): canceling Mon Aug 31 15:35:41 UTC 2020
auto.tcl: Setting watchdog for 200 seconds at Mon Aug 31 15:35:41 UTC 2020
2 ms. Memory: 51200K Free: 30938K (60%)
ptolemy.util.test.WatchDog.cancel(): canceling Mon Aug 31 15:35:41 UTC 2020
------------------ testing $PTII/ptolemy/domains/de/test/auto/ResetTransitionWithStartTime1.xml
auto.tcl: Setting watchdog for 200 seconds at Mon Aug 31 15:35:41 UTC 2020
13 ms. Memory: 51200K Free: 28432K (56%)
ptolemy.util.test.WatchDog.cancel(): canceling Mon Aug 31 15:35:41 UTC 2020
auto.tcl: Setting watchdog for 200 seconds at Mon Aug 31 15:35:41 UTC 2020
6 ms. Memory: 51200K Free: 26368K (52%)
ptolemy.util.test.WatchDog.cancel(): canceling Mon Aug 31 15:35:41 UTC 2020
------------------ testing $PTII/ptolemy/domains/de/test/auto/ResetTransitionWithStartTime2.xml
auto.tcl: Setting watchdog for 200 seconds at Mon Aug 31 15:35:41 UTC 2020
7 ms. Memory: 51200K Free: 28384K (55%)
ptolemy.util.test.WatchDog.cancel(): canceling Mon Aug 31 15:35:41 UTC 2020
auto.tcl: Setting watchdog for 200 seconds at Mon Aug 31 15:35:41 UTC 2020
7 ms. Memory: 51200K Free: 25822K (50%)
ptolemy.util.test.WatchDog.cancel(): canceling Mon Aug 31 15:35:41 UTC 2020
------------------ testing $PTII/ptolemy/domains/de/test/auto/ResetTransitionWithStartTime3.xml
auto.tcl: Setting watchdog for 200 seconds at Mon Aug 31 15:35:41 UTC 2020
11 ms. Memory: 51200K Free: 28384K (55%)
ptolemy.util.test.WatchDog.cancel(): canceling Mon Aug 31 15:35:42 UTC 2020
auto.tcl: Setting watchdog for 200 seconds at Mon Aug 31 15:35:42 UTC 2020
6 ms. Memory: 51200K Free: 26336K (51%)
ptolemy.util.test.WatchDog.cancel(): canceling Mon Aug 31 15:35:42 UTC 2020
------------------ testing $PTII/ptolemy/domains/de/test/auto/ResetTransitionWithStartTime4.xml
auto.tcl: Setting watchdog for 200 seconds at Mon Aug 31 15:35:42 UTC 2020
8 ms. Memory: 51200K Free: 28806K (56%)
ptolemy.util.test.WatchDog.cancel(): canceling Mon Aug 31 15:35:42 UTC 2020
auto.tcl: Setting watchdog for 200 seconds at Mon Aug 31 15:35:42 UTC 2020
3 ms. Memory: 51200K Free: 27368K (53%)
ptolemy.util.test.WatchDog.cancel(): canceling Mon Aug 31 15:35:42 UTC 2020
------------------ testing $PTII/ptolemy/domains/de/test/auto/ResettableTimer1.xml
auto.tcl: Setting watchdog for 200 seconds at Mon Aug 31 15:35:42 UTC 2020
3 ms. Memory: 51200K Free: 32596K (64%)
ptolemy.util.test.WatchDog.cancel(): canceling Mon Aug 31 15:35:42 UTC 2020
auto.tcl: Setting watchdog for 200 seconds at Mon Aug 31 15:35:42 UTC 2020
3 ms. Memory: 51200K Free: 31939K (62%)
ptolemy.util.test.WatchDog.cancel(): canceling Mon Aug 31 15:35:42 UTC 2020
------------------ testing $PTII/ptolemy/domains/de/test/auto/ResettableTimer2.xml
auto.tcl: Setting watchdog for 200 seconds at Mon Aug 31 15:35:42 UTC 2020
2 ms. Memory: 51200K Free: 32613K (64%)
ptolemy.util.test.WatchDog.cancel(): canceling Mon Aug 31 15:35:42 UTC 2020
auto.tcl: Setting watchdog for 200 seconds at Mon Aug 31 15:35:42 UTC 2020
2 ms. Memory: 51200K Free: 32000K (63%)
ptolemy.util.test.WatchDog.cancel(): canceling Mon Aug 31 15:35:42 UTC 2020
------------------ testing $PTII/ptolemy/domains/de/test/auto/ResettableTimer3.xml
auto.tcl: Setting watchdog for 200 seconds at Mon Aug 31 15:35:42 UTC 2020
1 ms. Memory: 51200K Free: 32513K (64%)
ptolemy.util.test.WatchDog.cancel(): canceling Mon Aug 31 15:35:42 UTC 2020
auto.tcl: Setting watchdog for 200 seconds at Mon Aug 31 15:35:42 UTC 2020
1 ms. Memory: 51200K Free: 32513K (64%)
ptolemy.util.test.WatchDog.cancel(): canceling Mon Aug 31 15:35:42 UTC 2020
------------------ testing $PTII/ptolemy/domains/de/test/auto/ResettableTimer4.xml
auto.tcl: Setting watchdog for 200 seconds at Mon Aug 31 15:35:42 UTC 2020
2 ms. Memory: 51200K Free: 32527K (64%)
ptolemy.util.test.WatchDog.cancel(): canceling Mon Aug 31 15:35:42 UTC 2020
auto.tcl: Setting watchdog for 200 seconds at Mon Aug 31 15:35:42 UTC 2020
1 ms. Memory: 51200K Free: 32013K (63%)
ptolemy.util.test.WatchDog.cancel(): canceling Mon Aug 31 15:35:42 UTC 2020
------------------ testing $PTII/ptolemy/domains/de/test/auto/ResettableTimer5.xml
auto.tcl: Setting watchdog for 200 seconds at Mon Aug 31 15:35:42 UTC 2020
2 ms. Memory: 51200K Free: 32011K (63%)
ptolemy.util.test.WatchDog.cancel(): canceling Mon Aug 31 15:35:42 UTC 2020
auto.tcl: Setting watchdog for 200 seconds at Mon Aug 31 15:35:42 UTC 2020
2 ms. Memory: 51200K Free: 31501K (62%)
ptolemy.util.test.WatchDog.cancel(): canceling Mon Aug 31 15:35:42 UTC 2020
------------------ testing $PTII/ptolemy/domains/de/test/auto/ResettableTimer6.xml
auto.tcl: Setting watchdog for 200 seconds at Mon Aug 31 15:35:42 UTC 2020
2 ms. Memory: 51200K Free: 32002K (63%)
ptolemy.util.test.WatchDog.cancel(): canceling Mon Aug 31 15:35:42 UTC 2020
auto.tcl: Setting watchdog for 200 seconds at Mon Aug 31 15:35:42 UTC 2020
2 ms. Memory: 51200K Free: 31492K (62%)
ptolemy.util.test.WatchDog.cancel(): canceling Mon Aug 31 15:35:42 UTC 2020
------------------ testing $PTII/ptolemy/domains/de/test/auto/ServerZeroDelay.xml
auto.tcl: Setting watchdog for 200 seconds at Mon Aug 31 15:35:42 UTC 2020
5 ms. Memory: 51200K Free: 32590K (64%)
ptolemy.util.test.WatchDog.cancel(): canceling Mon Aug 31 15:35:42 UTC 2020
auto.tcl: Setting watchdog for 200 seconds at Mon Aug 31 15:35:42 UTC 2020
5 ms. Memory: 51200K Free: 31483K (61%)
ptolemy.util.test.WatchDog.cancel(): canceling Mon Aug 31 15:35:42 UTC 2020
------------------ testing $PTII/ptolemy/domains/de/test/auto/SmartSender.xml
auto.tcl: Setting watchdog for 200 seconds at Mon Aug 31 15:35:42 UTC 2020
3002 ms. Memory: 51200K Free: 32502K (63%)
ptolemy.util.test.WatchDog.cancel(): canceling Mon Aug 31 15:35:45 UTC 2020
auto.tcl: Setting watchdog for 200 seconds at Mon Aug 31 15:35:45 UTC 2020
3003 ms. Memory: 51200K Free: 31991K (62%)
ptolemy.util.test.WatchDog.cancel(): canceling Mon Aug 31 15:35:48 UTC 2020
------------------ testing $PTII/ptolemy/domains/de/test/auto/ThreadedComposite.xml
auto.tcl: Setting watchdog for 200 seconds at Mon Aug 31 15:35:48 UTC 2020
370 ms. Memory: 51200K Free: 32123K (63%)
ptolemy.util.test.WatchDog.cancel(): canceling Mon Aug 31 15:35:49 UTC 2020
auto.tcl: Setting watchdog for 200 seconds at Mon Aug 31 15:35:49 UTC 2020
110 ms. Memory: 51200K Free: 18870K (37%)
ptolemy.util.test.WatchDog.cancel(): canceling Mon Aug 31 15:35:49 UTC 2020
------------------ testing $PTII/ptolemy/domains/de/test/auto/Time.xml
auto.tcl: Setting watchdog for 200 seconds at Mon Aug 31 15:35:49 UTC 2020
415 ms. Memory: 51200K Free: 35287K (69%)
ptolemy.util.test.WatchDog.cancel(): canceling Mon Aug 31 15:35:49 UTC 2020
auto.tcl: Setting watchdog for 200 seconds at Mon Aug 31 15:35:49 UTC 2020
389 ms. Memory: 51200K Free: 10589K (21%)
ptolemy.util.test.WatchDog.cancel(): canceling Mon Aug 31 15:35:49 UTC 2020
------------------ testing $PTII/ptolemy/domains/de/test/auto/TimeDelayZeroDelay.xml
auto.tcl: Setting watchdog for 200 seconds at Mon Aug 31 15:35:50 UTC 2020
2 ms. Memory: 51200K Free: 32428K (63%)
ptolemy.util.test.WatchDog.cancel(): canceling Mon Aug 31 15:35:50 UTC 2020
auto.tcl: Setting watchdog for 200 seconds at Mon Aug 31 15:35:50 UTC 2020
2 ms. Memory: 51200K Free: 31560K (62%)
ptolemy.util.test.WatchDog.cancel(): canceling Mon Aug 31 15:35:50 UTC 2020
------------------ testing $PTII/ptolemy/domains/de/test/auto/TimerZeroDelay.xml
auto.tcl: Setting watchdog for 200 seconds at Mon Aug 31 15:35:50 UTC 2020
3 ms. Memory: 51200K Free: 32920K (64%)
ptolemy.util.test.WatchDog.cancel(): canceling Mon Aug 31 15:35:50 UTC 2020
auto.tcl: Setting watchdog for 200 seconds at Mon Aug 31 15:35:50 UTC 2020
2 ms. Memory: 51200K Free: 32485K (63%)
ptolemy.util.test.WatchDog.cancel(): canceling Mon Aug 31 15:35:50 UTC 2020
------------------ testing $PTII/ptolemy/domains/de/test/auto/TimingParadox.xml
auto.tcl: Setting watchdog for 200 seconds at Mon Aug 31 15:35:50 UTC 2020
277 ms. Memory: 51200K Free: 19117K (37%)
ptolemy.util.test.WatchDog.cancel(): canceling Mon Aug 31 15:35:50 UTC 2020
auto.tcl: Setting watchdog for 200 seconds at Mon Aug 31 15:35:50 UTC 2020
270 ms. Memory: 51200K Free: 34973K (68%)
ptolemy.util.test.WatchDog.cancel(): canceling Mon Aug 31 15:35:50 UTC 2020
------------------ testing $PTII/ptolemy/domains/de/test/auto/TransferInputs.xml
auto.tcl: Setting watchdog for 200 seconds at Mon Aug 31 15:35:50 UTC 2020
2 ms. Memory: 51200K Free: 30953K (60%)
ptolemy.util.test.WatchDog.cancel(): canceling Mon Aug 31 15:35:50 UTC 2020
auto.tcl: Setting watchdog for 200 seconds at Mon Aug 31 15:35:50 UTC 2020
2 ms. Memory: 51200K Free: 30030K (59%)
ptolemy.util.test.WatchDog.cancel(): canceling Mon Aug 31 15:35:50 UTC 2020
------------------ testing $PTII/ptolemy/domains/de/test/auto/TransferOutputs2.xml
auto.tcl: Setting watchdog for 200 seconds at Mon Aug 31 15:35:50 UTC 2020
2 ms. Memory: 51200K Free: 28381K (55%)
ptolemy.util.test.WatchDog.cancel(): canceling Mon Aug 31 15:35:50 UTC 2020
auto.tcl: Setting watchdog for 200 seconds at Mon Aug 31 15:35:50 UTC 2020
3 ms. Memory: 51200K Free: 26975K (53%)
ptolemy.util.test.WatchDog.cancel(): canceling Mon Aug 31 15:35:50 UTC 2020
------------------ testing $PTII/ptolemy/domains/de/test/auto/Trilateration.xml
auto.tcl: Setting watchdog for 200 seconds at Mon Aug 31 15:35:50 UTC 2020
13682 ms. Memory: 529408K Free: 250430K (47%)
ptolemy.util.test.WatchDog.cancel(): canceling Mon Aug 31 15:36:05 UTC 2020
auto.tcl: Setting watchdog for 200 seconds at Mon Aug 31 15:36:05 UTC 2020
9637 ms. Memory: 529408K Free: 444444K (84%)
ptolemy.util.test.WatchDog.cancel(): canceling Mon Aug 31 15:36:15 UTC 2020
------------------ testing $PTII/ptolemy/domains/de/test/auto/TwoSigmaDelta.xml
auto.tcl: Setting watchdog for 200 seconds at Mon Aug 31 15:36:15 UTC 2020
2363 ms. Memory: 89088K Free: 22967K (26%)
ptolemy.util.test.WatchDog.cancel(): canceling Mon Aug 31 15:36:17 UTC 2020
auto.tcl: Setting watchdog for 200 seconds at Mon Aug 31 15:36:17 UTC 2020
1817 ms. Memory: 89088K Free: 21923K (25%)
ptolemy.util.test.WatchDog.cancel(): canceling Mon Aug 31 15:36:19 UTC 2020
------------------ testing $PTII/ptolemy/domains/de/test/auto/VariableDelay.xml
auto.tcl: Setting watchdog for 200 seconds at Mon Aug 31 15:36:19 UTC 2020
3 ms. Memory: 55296K Free: 35515K (64%)
ptolemy.util.test.WatchDog.cancel(): canceling Mon Aug 31 15:36:19 UTC 2020
auto.tcl: Setting watchdog for 200 seconds at Mon Aug 31 15:36:19 UTC 2020
2 ms. Memory: 55296K Free: 34507K (62%)
ptolemy.util.test.WatchDog.cancel(): canceling Mon Aug 31 15:36:19 UTC 2020
------------------ testing $PTII/ptolemy/domains/de/test/auto/VariableDelay2.xml
auto.tcl: Setting watchdog for 200 seconds at Mon Aug 31 15:36:19 UTC 2020
3 ms. Memory: 55296K Free: 36495K (66%)
ptolemy.util.test.WatchDog.cancel(): canceling Mon Aug 31 15:36:19 UTC 2020
auto.tcl: Setting watchdog for 200 seconds at Mon Aug 31 15:36:19 UTC 2020
2 ms. Memory: 55296K Free: 35433K (64%)
ptolemy.util.test.WatchDog.cancel(): canceling Mon Aug 31 15:36:19 UTC 2020
------------------ testing $PTII/ptolemy/domains/de/test/auto/VariableDelayZeroDelay.xml
auto.tcl: Setting watchdog for 200 seconds at Mon Aug 31 15:36:19 UTC 2020
2 ms. Memory: 51200K Free: 32360K (63%)
ptolemy.util.test.WatchDog.cancel(): canceling Mon Aug 31 15:36:19 UTC 2020
auto.tcl: Setting watchdog for 200 seconds at Mon Aug 31 15:36:19 UTC 2020
2 ms. Memory: 51200K Free: 31846K (62%)
ptolemy.util.test.WatchDog.cancel(): canceling Mon Aug 31 15:36:19 UTC 2020
------------------ testing $PTII/ptolemy/domains/de/test/auto/VariableDelayZeroDelay2.xml
auto.tcl: Setting watchdog for 200 seconds at Mon Aug 31 15:36:19 UTC 2020
3 ms. Memory: 51200K Free: 32513K (64%)
ptolemy.util.test.WatchDog.cancel(): canceling Mon Aug 31 15:36:19 UTC 2020
auto.tcl: Setting watchdog for 200 seconds at Mon Aug 31 15:36:19 UTC 2020
2 ms. Memory: 51200K Free: 31335K (61%)
ptolemy.util.test.WatchDog.cancel(): canceling Mon Aug 31 15:36:19 UTC 2020
------------------ testing $PTII/ptolemy/domains/de/test/auto/deInCt.xml
auto.tcl: Setting watchdog for 200 seconds at Mon Aug 31 15:36:20 UTC 2020
0
1
1
1
0
0
0
1
1
1
0
0
0
1
1
1
1
0
0
0
0
1
1
1
0
0
0
1
1
1
0
0
0
1
1
1
1
0
0
0
1
1
1
1
10 ms. Memory: 51200K Free: 31400K (61%)
ptolemy.util.test.WatchDog.cancel(): canceling Mon Aug 31 15:36:20 UTC 2020
auto.tcl: Setting watchdog for 200 seconds at Mon Aug 31 15:36:20 UTC 2020
0
1
1
1
0
0
0
0
0
0
1
1
1
0
0
0
0
1
1
1
1
0
0
0
1
1
1
0
0
1
1
1
0
0
1
1
1
0
0
0
0
5 ms. Memory: 51200K Free: 29803K (58%)
ptolemy.util.test.WatchDog.cancel(): canceling Mon Aug 31 15:36:20 UTC 2020
------------------ testing $PTII/ptolemy/domains/de/test/auto/deInCt2.xml
auto.tcl: Setting watchdog for 200 seconds at Mon Aug 31 15:36:20 UTC 2020
0
1
1
1
0
0
1
1
1
0
0
1
1
1
0
0
1
1
1
0
0
1
1
1
0
0
1
1
1
0
0
1
1
1
0
0
1
1
1
0
0
0
7 ms. Memory: 51200K Free: 31442K (61%)
ptolemy.util.test.WatchDog.cancel(): canceling Mon Aug 31 15:36:20 UTC 2020
auto.tcl: Setting watchdog for 200 seconds at Mon Aug 31 15:36:20 UTC 2020
0
1
1
1
0
0
1
1
1
0
0
1
1
1
0
0
1
1
1
0
0
1
1
1
0
0
1
1
1
0
0
1
1
1
0
0
1
1
1
0
0
0
5 ms. Memory: 51200K Free: 29806K (58%)
ptolemy.util.test.WatchDog.cancel(): canceling Mon Aug 31 15:36:20 UTC 2020
------------------ testing $PTII/ptolemy/domains/de/test/auto/dynamicCausalityInterface1.xml
auto.tcl: Setting watchdog for 200 seconds at Mon Aug 31 15:36:20 UTC 2020
1 ms. Memory: 51200K Free: 26650K (52%)
ptolemy.util.test.WatchDog.cancel(): canceling Mon Aug 31 15:36:20 UTC 2020
auto.tcl: Setting watchdog for 200 seconds at Mon Aug 31 15:36:20 UTC 2020
1 ms. Memory: 51200K Free: 26650K (52%)
ptolemy.util.test.WatchDog.cancel(): canceling Mon Aug 31 15:36:20 UTC 2020
------------------ testing $PTII/ptolemy/domains/de/test/auto/fsm_de_test.xml
auto.tcl: Setting watchdog for 200 seconds at Mon Aug 31 15:36:20 UTC 2020
13 ms. Memory: 51200K Free: 27255K (53%)
ptolemy.util.test.WatchDog.cancel(): canceling Mon Aug 31 15:36:20 UTC 2020
auto.tcl: Setting watchdog for 200 seconds at Mon Aug 31 15:36:20 UTC 2020
6 ms. Memory: 51200K Free: 25090K (49%)
ptolemy.util.test.WatchDog.cancel(): canceling Mon Aug 31 15:36:20 UTC 2020
------------------ testing $PTII/ptolemy/domains/de/test/auto/functionDependencyReconstruction.xml
auto.tcl: Setting watchdog for 200 seconds at Mon Aug 31 15:36:20 UTC 2020
3 ms. Memory: 51200K Free: 21067K (41%)
ptolemy.util.test.WatchDog.cancel(): canceling Mon Aug 31 15:36:20 UTC 2020
auto.tcl: Setting watchdog for 200 seconds at Mon Aug 31 15:36:20 UTC 2020
3 ms. Memory: 51200K Free: 18929K (37%)
ptolemy.util.test.WatchDog.cancel(): canceling Mon Aug 31 15:36:20 UTC 2020
------------------ testing $PTII/ptolemy/domains/de/test/auto/multirate.xml
auto.tcl: Setting watchdog for 200 seconds at Mon Aug 31 15:36:20 UTC 2020
7 ms. Memory: 51200K Free: 29705K (58%)
ptolemy.util.test.WatchDog.cancel(): canceling Mon Aug 31 15:36:20 UTC 2020
auto.tcl: Setting watchdog for 200 seconds at Mon Aug 31 15:36:20 UTC 2020
2 ms. Memory: 51200K Free: 28026K (55%)
ptolemy.util.test.WatchDog.cancel(): canceling Mon Aug 31 15:36:20 UTC 2020
------------------ testing $PTII/ptolemy/domains/de/test/auto/multirate2.xml
auto.tcl: Setting watchdog for 200 seconds at Mon Aug 31 15:36:20 UTC 2020
3 ms. Memory: 51200K Free: 29937K (58%)
ptolemy.util.test.WatchDog.cancel(): canceling Mon Aug 31 15:36:20 UTC 2020
auto.tcl: Setting watchdog for 200 seconds at Mon Aug 31 15:36:20 UTC 2020
2 ms. Memory: 51200K Free: 28689K (56%)
ptolemy.util.test.WatchDog.cancel(): canceling Mon Aug 31 15:36:20 UTC 2020
------------------ testing $PTII/ptolemy/domains/de/test/auto/realtime.xml
auto.tcl: Setting watchdog for 200 seconds at Mon Aug 31 15:36:20 UTC 2020
10001 ms. Memory: 51200K Free: 31976K (62%)
ptolemy.util.test.WatchDog.cancel(): canceling Mon Aug 31 15:36:30 UTC 2020
auto.tcl: Setting watchdog for 200 seconds at Mon Aug 31 15:36:30 UTC 2020
10001 ms. Memory: 51200K Free: 31278K (61%)
ptolemy.util.test.WatchDog.cancel(): canceling Mon Aug 31 15:36:40 UTC 2020
------------------ testing $PTII/ptolemy/domains/de/test/auto/relationGroup.xml
auto.tcl: Setting watchdog for 200 seconds at Mon Aug 31 15:36:40 UTC 2020
5 ms. Memory: 51200K Free: 33084K (65%)
ptolemy.util.test.WatchDog.cancel(): canceling Mon Aug 31 15:36:40 UTC 2020
auto.tcl: Setting watchdog for 200 seconds at Mon Aug 31 15:36:40 UTC 2020
2 ms. Memory: 51200K Free: 32359K (63%)
ptolemy.util.test.WatchDog.cancel(): canceling Mon Aug 31 15:36:40 UTC 2020
------------------ testing $PTII/ptolemy/domains/de/test/auto/relationGroup2.xml
auto.tcl: Setting watchdog for 200 seconds at Mon Aug 31 15:36:40 UTC 2020
1 ms. Memory: 51200K Free: 33110K (65%)
ptolemy.util.test.WatchDog.cancel(): canceling Mon Aug 31 15:36:40 UTC 2020
auto.tcl: Setting watchdog for 200 seconds at Mon Aug 31 15:36:40 UTC 2020
2 ms. Memory: 51200K Free: 32385K (63%)
ptolemy.util.test.WatchDog.cancel(): canceling Mon Aug 31 15:36:40 UTC 2020
------------------ testing $PTII/ptolemy/domains/de/test/auto/sortWithOpaquePorts.xml
auto.tcl: Setting watchdog for 200 seconds at Mon Aug 31 15:36:40 UTC 2020
2 ms. Memory: 51200K Free: 31858K (62%)
ptolemy.util.test.WatchDog.cancel(): canceling Mon Aug 31 15:36:40 UTC 2020
auto.tcl: Setting watchdog for 200 seconds at Mon Aug 31 15:36:40 UTC 2020
1 ms. Memory: 51200K Free: 30848K (60%)
ptolemy.util.test.WatchDog.cancel(): canceling Mon Aug 31 15:36:40 UTC 2020
------------------ testing $PTII/ptolemy/domains/de/test/auto/transferInputsandOutputs.xml
auto.tcl: Setting watchdog for 200 seconds at Mon Aug 31 15:36:40 UTC 2020
2 ms. Memory: 51200K Free: 29302K (57%)
ptolemy.util.test.WatchDog.cancel(): canceling Mon Aug 31 15:36:40 UTC 2020
auto.tcl: Setting watchdog for 200 seconds at Mon Aug 31 15:36:40 UTC 2020
3 ms. Memory: 51200K Free: 28278K (55%)
ptolemy.util.test.WatchDog.cancel(): canceling Mon Aug 31 15:36:40 UTC 2020
------------------ testing $PTII/ptolemy/domains/de/test/auto/triggerType.xml
auto.tcl: Setting watchdog for 200 seconds at Mon Aug 31 15:36:40 UTC 2020
1 ms. Memory: 51200K Free: 32326K (63%)
ptolemy.util.test.WatchDog.cancel(): canceling Mon Aug 31 15:36:40 UTC 2020
auto.tcl: Setting watchdog for 200 seconds at Mon Aug 31 15:36:40 UTC 2020
2 ms. Memory: 51200K Free: 31302K (61%)
ptolemy.util.test.WatchDog.cancel(): canceling Mon Aug 31 15:36:40 UTC 2020
08/31/20 03:36:40
Failed: 0  Total Tests: 192  ((Passed: 187, Newly Passed: 1)  Known Failed: 5) /home/travis/build/icyphy/ptII/ptolemy/domains/de/test
08/31/20 03:36:40
Failed: 0  Total Tests: 192  ((Passed: 187, Newly Passed: 1)  Known Failed: 5) /home/travis/build/icyphy/ptII/ptolemy/domains/de/test
----------------- testing (KnownFailure) /home/travis/build/icyphy/ptII/ptolemy/domains/de/test/auto/knownFailedTests/DESDFClockTest.xml
2010 ms. Memory: 51200K Free: 25211K (49%)
Known Failure: java.lang.reflect.InvocationTargetException
----------------- testing (KnownFailure) /home/travis/build/icyphy/ptII/ptolemy/domains/de/test/auto/knownFailedTests/DirectFeedback.xml
1 ms. Memory: 51200K Free: 21625K (42%)
Known Failure: java.lang.reflect.InvocationTargetException
----------------- testing (KnownFailure) /home/travis/build/icyphy/ptII/ptolemy/domains/de/test/auto/knownFailedTests/FSMSource.xml
19 ms. Memory: 51200K Free: 13947K (27%)
----------------- testing (KnownFailure) /home/travis/build/icyphy/ptII/ptolemy/domains/de/test/auto/knownFailedTests/HierarchicalModel.xml
2 ms. Memory: 51200K Free: 27174K (53%)
Known Failure: java.lang.reflect.InvocationTargetException
----------------- testing (KnownFailure) /home/travis/build/icyphy/ptII/ptolemy/domains/de/test/auto/knownFailedTests/dependencyLoop.xml
2 ms. Memory: 51200K Free: 11814K (23%)
Known Failure: java.lang.reflect.InvocationTargetException
----------------- testing (KnownFailure) /home/travis/build/icyphy/ptII/ptolemy/domains/de/test/auto/knownFailedTests/dependencyLoop2.xml
6 ms. Memory: 51200K Free: 25740K (50%)
Known Failure: java.lang.reflect.InvocationTargetException
No auto/linux-amd64/*.xml tests in /home/travis/build/icyphy/ptII/ptolemy/domains/de/test
AutoTests.java: About to close Vertx.
AutoTests.java: Vertx closed.

===========================================================================================
----------------- testing Mon Aug 31 15:36:43 UTC 2020 /home/travis/build/icyphy/ptII/ptolemy/domains/de/test/auto/ActorDepthCalculation_actorWithoutPorts.xml
----------------- Instantiating /home/travis/build/icyphy/ptII/ptolemy/domains/de/test/auto/ActorDepthCalculation_actorWithoutPorts.xml
3 ms. Memory: 51200K Free: 18958K (37%)
----------------- Invoking toplevel() on ptolemy.moml.MoMLSimpleApplication@67e411dd
----------------- Done invoking toplevel() on ptolemy.moml.MoMLSimpleApplication@67e411dd
reloadAllAccessors: .ActorDepthCalculation_actorWithoutPorts

===========================================================================================
----------------- testing Mon Aug 31 15:36:43 UTC 2020 /home/travis/build/icyphy/ptII/ptolemy/domains/de/test/auto/AssemblyLine.xml
----------------- Instantiating /home/travis/build/icyphy/ptII/ptolemy/domains/de/test/auto/AssemblyLine.xml
2 ms. Memory: 51200K Free: 11838K (23%)
----------------- Invoking toplevel() on ptolemy.moml.MoMLSimpleApplication@76f82d5
----------------- Done invoking toplevel() on ptolemy.moml.MoMLSimpleApplication@76f82d5
reloadAllAccessors: .AssemblyLine

===========================================================================================
----------------- testing Mon Aug 31 15:36:43 UTC 2020 /home/travis/build/icyphy/ptII/ptolemy/domains/de/test/auto/CQBug1.xml
----------------- Instantiating /home/travis/build/icyphy/ptII/ptolemy/domains/de/test/auto/CQBug1.xml
1 ms. Memory: 51200K Free: 8780K (17%)
----------------- Invoking toplevel() on ptolemy.moml.MoMLSimpleApplication@33cdd8d7
----------------- Done invoking toplevel() on ptolemy.moml.MoMLSimpleApplication@33cdd8d7
reloadAllAccessors: .CQBug1

===========================================================================================
----------------- testing Mon Aug 31 15:36:43 UTC 2020 /home/travis/build/icyphy/ptII/ptolemy/domains/de/test/auto/CancelFireAt.xml
----------------- Instantiating /home/travis/build/icyphy/ptII/ptolemy/domains/de/test/auto/CancelFireAt.xml
2 ms. Memory: 51200K Free: 35164K (69%)
----------------- Invoking toplevel() on ptolemy.moml.MoMLSimpleApplication@50278825
----------------- Done invoking toplevel() on ptolemy.moml.MoMLSimpleApplication@50278825
reloadAllAccessors: .CancelFireAt

===========================================================================================
----------------- testing Mon Aug 31 15:36:43 UTC 2020 /home/travis/build/icyphy/ptII/ptolemy/domains/de/test/auto/CausalityAndComposabilityAnalysis.xml
----------------- Instantiating /home/travis/build/icyphy/ptII/ptolemy/domains/de/test/auto/CausalityAndComposabilityAnalysis.xml
13 ms. Memory: 51200K Free: 30779K (60%)
----------------- Invoking toplevel() on ptolemy.moml.MoMLSimpleApplication@15193be9
----------------- Done invoking toplevel() on ptolemy.moml.MoMLSimpleApplication@15193be9
reloadAllAccessors: .CausalityAndComposabilityAnalysis

===========================================================================================
----------------- testing Mon Aug 31 15:36:43 UTC 2020 /home/travis/build/icyphy/ptII/ptolemy/domains/de/test/auto/CausalityInterface1.xml
----------------- Instantiating /home/travis/build/icyphy/ptII/ptolemy/domains/de/test/auto/CausalityInterface1.xml
4 ms. Memory: 51200K Free: 26032K (51%)
----------------- Invoking toplevel() on ptolemy.moml.MoMLSimpleApplication@e5a10fd
----------------- Done invoking toplevel() on ptolemy.moml.MoMLSimpleApplication@e5a10fd
reloadAllAccessors: .CausalityInterface1

===========================================================================================
----------------- testing Mon Aug 31 15:36:43 UTC 2020 /home/travis/build/icyphy/ptII/ptolemy/domains/de/test/auto/CausalityInterface15.xml
----------------- Instantiating /home/travis/build/icyphy/ptII/ptolemy/domains/de/test/auto/CausalityInterface15.xml
2 ms. Memory: 51200K Free: 20509K (40%)
----------------- Invoking toplevel() on ptolemy.moml.MoMLSimpleApplication@6c9efd32
----------------- Done invoking toplevel() on ptolemy.moml.MoMLSimpleApplication@6c9efd32
reloadAllAccessors: .CausalityInterface15

===========================================================================================
----------------- testing Mon Aug 31 15:36:43 UTC 2020 /home/travis/build/icyphy/ptII/ptolemy/domains/de/test/auto/CausalityInterface2.xml
----------------- Instantiating /home/travis/build/icyphy/ptII/ptolemy/domains/de/test/auto/CausalityInterface2.xml
1 ms. Memory: 51200K Free: 16062K (31%)
[...]
	at ptolemy.actor.Manager.run(Manager.java:1263)
	at ptolemy.actor.Manager$PtolemyRunThread.run(Manager.java:1933)
java.lang.RuntimeException: Execution failed
	at ptolemy.moml.MoMLSimpleApplication$UnloadThread.run(MoMLSimpleApplication.java:402)
Caused by: ptolemy.kernel.util.IllegalActionException: Actor is not ready to fire.  Perhaps UpSample.prefire() returned false? Try debugging the actor by selecting "Listen to Actor".  Also, for SDF check moml for tokenConsumptionRate on input.
  in .DESDFClockTest.Play Bell.Copy1:SDF Director and .DESDFClockTest.Play Bell.UpSample
	at ptolemy.actor.sched.StaticSchedulingDirector.fire(StaticSchedulingDirector.java:227)
	at ptolemy.domains.sdf.kernel.SDFDirector.fire(SDFDirector.java:500)
	at ptolemy.actor.CompositeActor.fire(CompositeActor.java:455)
	at ptolemy.domains.de.kernel.DEDirector._fire(DEDirector.java:1949)
	at ptolemy.domains.de.kernel.DEDirector.fire(DEDirector.java:502)
	at ptolemy.actor.CompositeActor.fire(CompositeActor.java:455)
	at ptolemy.actor.Manager.iterate(Manager.java:851)
	at ptolemy.actor.Manager.execute(Manager.java:369)
	at ptolemy.actor.Manager.run(Manager.java:1263)
	at ptolemy.actor.Manager$PtolemyRunThread.run(Manager.java:1933)
java.lang.reflect.InvocationTargetException
	at java.base/jdk.internal.reflect.NativeConstructorAccessorImpl.newInstance0(Native Method)
	at java.base/jdk.internal.reflect.NativeConstructorAccessorImpl.newInstance(NativeConstructorAccessorImpl.java:62)
	at java.base/jdk.internal.reflect.DelegatingConstructorAccessorImpl.newInstance(DelegatingConstructorAccessorImpl.java:45)
	at java.base/java.lang.reflect.Constructor.newInstance(Constructor.java:490)
	at ptolemy.util.test.junit.AutoKnownFailedTests.RunModel(AutoKnownFailedTests.java:105)
	at java.base/jdk.internal.reflect.NativeMethodAccessorImpl.invoke0(Native Method)
	at java.base/jdk.internal.reflect.NativeMethodAccessorImpl.invoke(NativeMethodAccessorImpl.java:62)
	at java.base/jdk.internal.reflect.DelegatingMethodAccessorImpl.invoke(DelegatingMethodAccessorImpl.java:43)
	at java.base/java.lang.reflect.Method.invoke(Method.java:566)
	at org.junit.runners.model.FrameworkMethod$1.runReflectiveCall(FrameworkMethod.java:44)
	at org.junit.internal.runners.model.ReflectiveCallable.run(ReflectiveCallable.java:15)
	at org.junit.runners.model.FrameworkMethod.invokeExplosively(FrameworkMethod.java:41)
	at junitparams.internal.InvokeParameterisedMethod.evaluate(InvokeParameterisedMethod.java:102)
	at org.junit.internal.runners.statements.FailOnTimeout$1.run(FailOnTimeout.java:28)
Caused by: ptolemy.kernel.util.IllegalActionException: Actor is not ready to fire.  Perhaps UpSample.prefire() returned false? Try debugging the actor by selecting "Listen to Actor".  Also, for SDF check moml for tokenConsumptionRate on input.
  in .DESDFClockTest.Play Bell.Copy1:SDF Director and .DESDFClockTest.Play Bell.UpSample
	at ptolemy.actor.sched.StaticSchedulingDirector.fire(StaticSchedulingDirector.java:227)
	at ptolemy.domains.sdf.kernel.SDFDirector.fire(SDFDirector.java:500)
	at ptolemy.actor.CompositeActor.fire(CompositeActor.java:455)
	at ptolemy.domains.de.kernel.DEDirector._fire(DEDirector.java:1949)
	at ptolemy.domains.de.kernel.DEDirector.fire(DEDirector.java:502)
	at ptolemy.actor.CompositeActor.fire(CompositeActor.java:455)
	at ptolemy.actor.Manager.iterate(Manager.java:851)
	at ptolemy.actor.Manager.execute(Manager.java:369)
	at ptolemy.actor.Manager.run(Manager.java:1263)
	at ptolemy.actor.Manager$PtolemyRunThread.run(Manager.java:1933)
java.lang.RuntimeException: Execution failed
	at ptolemy.moml.MoMLSimpleApplication$UnloadThread.run(MoMLSimpleApplication.java:402)
Caused by: ptolemy.kernel.util.IllegalActionException: Test fails in iteration 1.
Value was: 1.0. Should have been: 2.0
  in .DirectFeedback.Test
	at ptolemy.actor.lib.Test.fire(Test.java:268)
	at ptolemy.domains.de.kernel.DEDirector._fire(DEDirector.java:1949)
	at ptolemy.domains.de.kernel.DEDirector.fire(DEDirector.java:502)
	at ptolemy.actor.CompositeActor.fire(CompositeActor.java:455)
	at ptolemy.actor.Manager.iterate(Manager.java:851)
	at ptolemy.actor.Manager.execute(Manager.java:369)
	at ptolemy.actor.Manager.run(Manager.java:1263)
	at ptolemy.actor.Manager$PtolemyRunThread.run(Manager.java:1933)
java.lang.reflect.InvocationTargetException
	at java.base/jdk.internal.reflect.NativeConstructorAccessorImpl.newInstance0(Native Method)
	at java.base/jdk.internal.reflect.NativeConstructorAccessorImpl.newInstance(NativeConstructorAccessorImpl.java:62)
	at java.base/jdk.internal.reflect.DelegatingConstructorAccessorImpl.newInstance(DelegatingConstructorAccessorImpl.java:45)
	at java.base/java.lang.reflect.Constructor.newInstance(Constructor.java:490)
	at ptolemy.util.test.junit.AutoKnownFailedTests.RunModel(AutoKnownFailedTests.java:105)
	at java.base/jdk.internal.reflect.NativeMethodAccessorImpl.invoke0(Native Method)
	at java.base/jdk.internal.reflect.NativeMethodAccessorImpl.invoke(NativeMethodAccessorImpl.java:62)
	at java.base/jdk.internal.reflect.DelegatingMethodAccessorImpl.invoke(DelegatingMethodAccessorImpl.java:43)
	at java.base/java.lang.reflect.Method.invoke(Method.java:566)
	at org.junit.runners.model.FrameworkMethod$1.runReflectiveCall(FrameworkMethod.java:44)
	at org.junit.internal.runners.model.ReflectiveCallable.run(ReflectiveCallable.java:15)
	at org.junit.runners.model.FrameworkMethod.invokeExplosively(FrameworkMethod.java:41)
	at junitparams.internal.InvokeParameterisedMethod.evaluate(InvokeParameterisedMethod.java:102)
	at org.junit.internal.runners.statements.FailOnTimeout$1.run(FailOnTimeout.java:28)
Caused by: ptolemy.kernel.util.IllegalActionException: Test fails in iteration 1.
Value was: 1.0. Should have been: 2.0
  in .DirectFeedback.Test
	at ptolemy.actor.lib.Test.fire(Test.java:268)
	at ptolemy.domains.de.kernel.DEDirector._fire(DEDirector.java:1949)
	at ptolemy.domains.de.kernel.DEDirector.fire(DEDirector.java:502)
	at ptolemy.actor.CompositeActor.fire(CompositeActor.java:455)
	at ptolemy.actor.Manager.iterate(Manager.java:851)
	at ptolemy.actor.Manager.execute(Manager.java:369)
	at ptolemy.actor.Manager.run(Manager.java:1263)
	at ptolemy.actor.Manager$PtolemyRunThread.run(Manager.java:1933)
java.lang.RuntimeException: Execution failed
	at ptolemy.moml.MoMLSimpleApplication$UnloadThread.run(MoMLSimpleApplication.java:402)
Caused by: ptolemy.kernel.util.IllegalActionException: Found a zero delay loop containing .HierarchicalModel.A
  in .HierarchicalModel and .HierarchicalModel.A
	at ptolemy.actor.util.CausalityInterfaceForComposites._computeOutputPortDepth(CausalityInterfaceForComposites.java:759)
	at ptolemy.actor.util.CausalityInterfaceForComposites._computeInputDepth(CausalityInterfaceForComposites.java:696)
	at ptolemy.actor.util.CausalityInterfaceForComposites._computeOutputPortDepth(CausalityInterfaceForComposites.java:765)
	at ptolemy.actor.util.CausalityInterfaceForComposites._computeInputDepth(CausalityInterfaceForComposites.java:696)
	at ptolemy.actor.util.CausalityInterfaceForComposites._computeOutputPortDepth(CausalityInterfaceForComposites.java:765)
	at ptolemy.actor.util.CausalityInterfaceForComposites._computeInputDepth(CausalityInterfaceForComposites.java:696)
	at ptolemy.actor.util.CausalityInterfaceForComposites._computeActorDepth(CausalityInterfaceForComposites.java:532)
	at ptolemy.actor.util.CausalityInterfaceForComposites.checkForCycles(CausalityInterfaceForComposites.java:96)
	at ptolemy.domains.de.kernel.DEDirector.preinitialize(DEDirector.java:1338)
	at ptolemy.actor.CompositeActor.preinitialize(CompositeActor.java:1828)
	at ptolemy.actor.Manager.preinitializeAndResolveTypes(Manager.java:1040)
	at ptolemy.actor.Manager.initialize(Manager.java:710)
	at ptolemy.actor.Manager.execute(Manager.java:356)
	at ptolemy.actor.Manager.run(Manager.java:1263)
	at ptolemy.actor.Manager$PtolemyRunThread.run(Manager.java:1933)
java.lang.reflect.InvocationTargetException
	at java.base/jdk.internal.reflect.NativeConstructorAccessorImpl.newInstance0(Native Method)
	at java.base/jdk.internal.reflect.NativeConstructorAccessorImpl.newInstance(NativeConstructorAccessorImpl.java:62)
	at java.base/jdk.internal.reflect.DelegatingConstructorAccessorImpl.newInstance(DelegatingConstructorAccessorImpl.java:45)
	at java.base/java.lang.reflect.Constructor.newInstance(Constructor.java:490)
	at ptolemy.util.test.junit.AutoKnownFailedTests.RunModel(AutoKnownFailedTests.java:105)
	at java.base/jdk.internal.reflect.NativeMethodAccessorImpl.invoke0(Native Method)
	at java.base/jdk.internal.reflect.NativeMethodAccessorImpl.invoke(NativeMethodAccessorImpl.java:62)
	at java.base/jdk.internal.reflect.DelegatingMethodAccessorImpl.invoke(DelegatingMethodAccessorImpl.java:43)
	at java.base/java.lang.reflect.Method.invoke(Method.java:566)
	at org.junit.runners.model.FrameworkMethod$1.runReflectiveCall(FrameworkMethod.java:44)
	at org.junit.internal.runners.model.ReflectiveCallable.run(ReflectiveCallable.java:15)
	at org.junit.runners.model.FrameworkMethod.invokeExplosively(FrameworkMethod.java:41)
	at junitparams.internal.InvokeParameterisedMethod.evaluate(InvokeParameterisedMethod.java:102)
	at org.junit.internal.runners.statements.FailOnTimeout$1.run(FailOnTimeout.java:28)
Caused by: ptolemy.kernel.util.IllegalActionException: Found a zero delay loop containing .HierarchicalModel.A
  in .HierarchicalModel and .HierarchicalModel.A
	at ptolemy.actor.util.CausalityInterfaceForComposites._computeOutputPortDepth(CausalityInterfaceForComposites.java:759)
	at ptolemy.actor.util.CausalityInterfaceForComposites._computeInputDepth(CausalityInterfaceForComposites.java:696)
	at ptolemy.actor.util.CausalityInterfaceForComposites._computeOutputPortDepth(CausalityInterfaceForComposites.java:765)
	at ptolemy.actor.util.CausalityInterfaceForComposites._computeInputDepth(CausalityInterfaceForComposites.java:696)
	at ptolemy.actor.util.CausalityInterfaceForComposites._computeOutputPortDepth(CausalityInterfaceForComposites.java:765)
	at ptolemy.actor.util.CausalityInterfaceForComposites._computeInputDepth(CausalityInterfaceForComposites.java:696)
	at ptolemy.actor.util.CausalityInterfaceForComposites._computeActorDepth(CausalityInterfaceForComposites.java:532)
	at ptolemy.actor.util.CausalityInterfaceForComposites.checkForCycles(CausalityInterfaceForComposites.java:96)
	at ptolemy.domains.de.kernel.DEDirector.preinitialize(DEDirector.java:1338)
	at ptolemy.actor.CompositeActor.preinitialize(CompositeActor.java:1828)
	at ptolemy.actor.Manager.preinitializeAndResolveTypes(Manager.java:1040)
	at ptolemy.actor.Manager.initialize(Manager.java:710)
	at ptolemy.actor.Manager.execute(Manager.java:356)
	at ptolemy.actor.Manager.run(Manager.java:1263)
	at ptolemy.actor.Manager$PtolemyRunThread.run(Manager.java:1933)
java.lang.RuntimeException: Execution failed
	at ptolemy.moml.MoMLSimpleApplication$UnloadThread.run(MoMLSimpleApplication.java:402)
Caused by: ptolemy.kernel.util.IllegalActionException: Found a zero delay loop containing .dependencyLoop.original
  in .dependencyLoop and .dependencyLoop.original
	at ptolemy.actor.util.CausalityInterfaceForComposites._computeOutputPortDepth(CausalityInterfaceForComposites.java:759)
	at ptolemy.actor.util.CausalityInterfaceForComposites._computeInputDepth(CausalityInterfaceForComposites.java:696)
	at ptolemy.actor.util.CausalityInterfaceForComposites._computeOutputPortDepth(CausalityInterfaceForComposites.java:765)
	at ptolemy.actor.util.CausalityInterfaceForComposites._computeInputDepth(CausalityInterfaceForComposites.java:696)
	at ptolemy.actor.util.CausalityInterfaceForComposites._computeOutputPortDepth(CausalityInterfaceForComposites.java:765)
	at ptolemy.actor.util.CausalityInterfaceForComposites._computeInputDepth(CausalityInterfaceForComposites.java:696)
	at ptolemy.actor.util.CausalityInterfaceForComposites._computeActorDepth(CausalityInterfaceForComposites.java:532)
	at ptolemy.actor.util.CausalityInterfaceForComposites.checkForCycles(CausalityInterfaceForComposites.java:96)
	at ptolemy.domains.de.kernel.DEDirector.preinitialize(DEDirector.java:1338)
	at ptolemy.actor.CompositeActor.preinitialize(CompositeActor.java:1828)
	at ptolemy.actor.Manager.preinitializeAndResolveTypes(Manager.java:1040)
	at ptolemy.actor.Manager.initialize(Manager.java:710)
	at ptolemy.actor.Manager.execute(Manager.java:356)
	at ptolemy.actor.Manager.run(Manager.java:1263)
	at ptolemy.actor.Manager$PtolemyRunThread.run(Manager.java:1933)
java.lang.reflect.InvocationTargetException
	at java.base/jdk.internal.reflect.NativeConstructorAccessorImpl.newInstance0(Native Method)
	at java.base/jdk.internal.reflect.NativeConstructorAccessorImpl.newInstance(NativeConstructorAccessorImpl.java:62)
	at java.base/jdk.internal.reflect.DelegatingConstructorAccessorImpl.newInstance(DelegatingConstructorAccessorImpl.java:45)
	at java.base/java.lang.reflect.Constructor.newInstance(Constructor.java:490)
	at ptolemy.util.test.junit.AutoKnownFailedTests.RunModel(AutoKnownFailedTests.java:105)
	at java.base/jdk.internal.reflect.NativeMethodAccessorImpl.invoke0(Native Method)
	at java.base/jdk.internal.reflect.NativeMethodAccessorImpl.invoke(NativeMethodAccessorImpl.java:62)
	at java.base/jdk.internal.reflect.DelegatingMethodAccessorImpl.invoke(DelegatingMethodAccessorImpl.java:43)
	at java.base/java.lang.reflect.Method.invoke(Method.java:566)
	at org.junit.runners.model.FrameworkMethod$1.runReflectiveCall(FrameworkMethod.java:44)
	at org.junit.internal.runners.model.ReflectiveCallable.run(ReflectiveCallable.java:15)
	at org.junit.runners.model.FrameworkMethod.invokeExplosively(FrameworkMethod.java:41)
	at junitparams.internal.InvokeParameterisedMethod.evaluate(InvokeParameterisedMethod.java:102)
	at org.junit.internal.runners.statements.FailOnTimeout$1.run(FailOnTimeout.java:28)
Caused by: ptolemy.kernel.util.IllegalActionException: Found a zero delay loop containing .dependencyLoop.original
  in .dependencyLoop and .dependencyLoop.original
	at ptolemy.actor.util.CausalityInterfaceForComposites._computeOutputPortDepth(CausalityInterfaceForComposites.java:759)
	at ptolemy.actor.util.CausalityInterfaceForComposites._computeInputDepth(CausalityInterfaceForComposites.java:696)
	at ptolemy.actor.util.CausalityInterfaceForComposites._computeOutputPortDepth(CausalityInterfaceForComposites.java:765)
	at ptolemy.actor.util.CausalityInterfaceForComposites._computeInputDepth(CausalityInterfaceForComposites.java:696)
	at ptolemy.actor.util.CausalityInterfaceForComposites._computeOutputPortDepth(CausalityInterfaceForComposites.java:765)
	at ptolemy.actor.util.CausalityInterfaceForComposites._computeInputDepth(CausalityInterfaceForComposites.java:696)
	at ptolemy.actor.util.CausalityInterfaceForComposites._computeActorDepth(CausalityInterfaceForComposites.java:532)
	at ptolemy.actor.util.CausalityInterfaceForComposites.checkForCycles(CausalityInterfaceForComposites.java:96)
	at ptolemy.domains.de.kernel.DEDirector.preinitialize(DEDirector.java:1338)
	at ptolemy.actor.CompositeActor.preinitialize(CompositeActor.java:1828)
	at ptolemy.actor.Manager.preinitializeAndResolveTypes(Manager.java:1040)
	at ptolemy.actor.Manager.initialize(Manager.java:710)
	at ptolemy.actor.Manager.execute(Manager.java:356)
	at ptolemy.actor.Manager.run(Manager.java:1263)
	at ptolemy.actor.Manager$PtolemyRunThread.run(Manager.java:1933)
java.lang.RuntimeException: Execution failed
	at ptolemy.moml.MoMLSimpleApplication$UnloadThread.run(MoMLSimpleApplication.java:402)
Caused by: ptolemy.kernel.util.IllegalActionException: Found a zero delay loop containing .dependencyLoop2.original
  in .dependencyLoop2 and .dependencyLoop2.original
	at ptolemy.actor.util.CausalityInterfaceForComposites._computeOutputPortDepth(CausalityInterfaceForComposites.java:759)
	at ptolemy.actor.util.CausalityInterfaceForComposites._computeInputDepth(CausalityInterfaceForComposites.java:696)
	at ptolemy.actor.util.CausalityInterfaceForComposites._computeOutputPortDepth(CausalityInterfaceForComposites.java:765)
	at ptolemy.actor.util.CausalityInterfaceForComposites._computeInputDepth(CausalityInterfaceForComposites.java:696)
	at ptolemy.actor.util.CausalityInterfaceForComposites._computeOutputPortDepth(CausalityInterfaceForComposites.java:765)
	at ptolemy.actor.util.CausalityInterfaceForComposites._computeInputDepth(CausalityInterfaceForComposites.java:696)
	at ptolemy.actor.util.CausalityInterfaceForComposites._computeActorDepth(CausalityInterfaceForComposites.java:532)
	at ptolemy.actor.util.CausalityInterfaceForComposites.checkForCycles(CausalityInterfaceForComposites.java:96)
	at ptolemy.domains.de.kernel.DEDirector.preinitialize(DEDirector.java:1338)
	at ptolemy.actor.CompositeActor.preinitialize(CompositeActor.java:1828)
	at ptolemy.actor.Manager.preinitializeAndResolveTypes(Manager.java:1040)
	at ptolemy.actor.Manager.initialize(Manager.java:710)
	at ptolemy.actor.Manager.execute(Manager.java:356)
	at ptolemy.actor.Manager.run(Manager.java:1263)
	at ptolemy.actor.Manager$PtolemyRunThread.run(Manager.java:1933)
java.lang.reflect.InvocationTargetException
	at java.base/jdk.internal.reflect.NativeConstructorAccessorImpl.newInstance0(Native Method)
	at java.base/jdk.internal.reflect.NativeConstructorAccessorImpl.newInstance(NativeConstructorAccessorImpl.java:62)
	at java.base/jdk.internal.reflect.DelegatingConstructorAccessorImpl.newInstance(DelegatingConstructorAccessorImpl.java:45)
	at java.base/java.lang.reflect.Constructor.newInstance(Constructor.java:490)
	at ptolemy.util.test.junit.AutoKnownFailedTests.RunModel(AutoKnownFailedTests.java:105)
	at java.base/jdk.internal.reflect.NativeMethodAccessorImpl.invoke0(Native Method)
	at java.base/jdk.internal.reflect.NativeMethodAccessorImpl.invoke(NativeMethodAccessorImpl.java:62)
	at java.base/jdk.internal.reflect.DelegatingMethodAccessorImpl.invoke(DelegatingMethodAccessorImpl.java:43)
	at java.base/java.lang.reflect.Method.invoke(Method.java:566)
	at org.junit.runners.model.FrameworkMethod$1.runReflectiveCall(FrameworkMethod.java:44)
	at org.junit.internal.runners.model.ReflectiveCallable.run(ReflectiveCallable.java:15)
	at org.junit.runners.model.FrameworkMethod.invokeExplosively(FrameworkMethod.java:41)
	at junitparams.internal.InvokeParameterisedMethod.evaluate(InvokeParameterisedMethod.java:102)
	at org.junit.internal.runners.statements.FailOnTimeout$1.run(FailOnTimeout.java:28)
Caused by: ptolemy.kernel.util.IllegalActionException: Found a zero delay loop containing .dependencyLoop2.original
  in .dependencyLoop2 and .dependencyLoop2.original
	at ptolemy.actor.util.CausalityInterfaceForComposites._computeOutputPortDepth(CausalityInterfaceForComposites.java:759)
	at ptolemy.actor.util.CausalityInterfaceForComposites._computeInputDepth(CausalityInterfaceForComposites.java:696)
	at ptolemy.actor.util.CausalityInterfaceForComposites._computeOutputPortDepth(CausalityInterfaceForComposites.java:765)
	at ptolemy.actor.util.CausalityInterfaceForComposites._computeInputDepth(CausalityInterfaceForComposites.java:696)
	at ptolemy.actor.util.CausalityInterfaceForComposites._computeOutputPortDepth(CausalityInterfaceForComposites.java:765)
	at ptolemy.actor.util.CausalityInterfaceForComposites._computeInputDepth(CausalityInterfaceForComposites.java:696)
	at ptolemy.actor.util.CausalityInterfaceForComposites._computeActorDepth(CausalityInterfaceForComposites.java:532)
	at ptolemy.actor.util.CausalityInterfaceForComposites.checkForCycles(CausalityInterfaceForComposites.java:96)
	at ptolemy.domains.de.kernel.DEDirector.preinitialize(DEDirector.java:1338)
	at ptolemy.actor.CompositeActor.preinitialize(CompositeActor.java:1828)
	at ptolemy.actor.Manager.preinitializeAndResolveTypes(Manager.java:1040)
	at ptolemy.actor.Manager.initialize(Manager.java:710)
	at ptolemy.actor.Manager.execute(Manager.java:356)
	at ptolemy.actor.Manager.run(Manager.java:1263)
	at ptolemy.actor.Manager$PtolemyRunThread.run(Manager.java:1933)
]]></system-err>
</testsuite>
