<?xml version="1.0" encoding="UTF-8" ?>
<testsuite errors="0" failures="0" hostname="travis-job-c6caa71c-58cc-4a67-b387-238c878b35a5" name="ptolemy.domains.sdf.test.junit.JUnitTclTest" skipped="0" tests="66" time="19.725" timestamp="2019-02-05T03:32:30">
  <properties>
[...]
</properties>
  <testcase classname="ptolemy.util.test.junit.TclTests" name="[0] /home/travis/build/icyphy/ptII/ptolemy/domains/sdf/test/SDFSchedulerErrors.tcl (RunTclFile)" time="0.688" />
  <testcase classname="ptolemy.util.test.junit.TclTests" name="[1] /home/travis/build/icyphy/ptII/ptolemy/domains/sdf/test/composition.tcl (RunTclFile)" time="0.154" />
  <testcase classname="ptolemy.util.test.junit.TclTests" name="[2] /home/travis/build/icyphy/ptII/ptolemy/domains/sdf/test/cycle.tcl (RunTclFile)" time="0.025" />
  <testcase classname="ptolemy.util.test.junit.AutoKnownFailedTests" name="[0] ThereAreNoKnowFailedTests (RunModel)" time="0.0" />
  <testcase classname="ptolemy.util.test.junit.AutoNameArchTests" name="[0] ThereAreNoAutoArchTests (RunModel)" time="0.0" />
  <testcase classname="ptolemy.util.test.junit.AutoTests" name="[0] /home/travis/build/icyphy/ptII/ptolemy/domains/sdf/test/auto/Array.xml (RunModel)" time="0.242" />
  <testcase classname="ptolemy.util.test.junit.AutoTests" name="[1] /home/travis/build/icyphy/ptII/ptolemy/domains/sdf/test/auto/Butterfly.xml (RunModel)" time="0.16" />
  <testcase classname="ptolemy.util.test.junit.AutoTests" name="[2] /home/travis/build/icyphy/ptII/ptolemy/domains/sdf/test/auto/Expression.xml (RunModel)" time="0.12" />
  <testcase classname="ptolemy.util.test.junit.AutoTests" name="[3] /home/travis/build/icyphy/ptII/ptolemy/domains/sdf/test/auto/Eye.xml (RunModel)" time="0.267" />
  <testcase classname="ptolemy.util.test.junit.AutoTests" name="[4] /home/travis/build/icyphy/ptII/ptolemy/domains/sdf/test/auto/FixFIR.xml (RunModel)" time="0.328" />
  <testcase classname="ptolemy.util.test.junit.AutoTests" name="[5] /home/travis/build/icyphy/ptII/ptolemy/domains/sdf/test/auto/FixPoint.xml (RunModel)" time="0.031" />
  <testcase classname="ptolemy.util.test.junit.AutoTests" name="[6] /home/travis/build/icyphy/ptII/ptolemy/domains/sdf/test/auto/Gravitation.xml (RunModel)" time="3.264" />
  <testcase classname="ptolemy.util.test.junit.AutoTests" name="[7] /home/travis/build/icyphy/ptII/ptolemy/domains/sdf/test/auto/GravitationWithCollisionDetection.xml (RunModel)" time="6.506" />
  <testcase classname="ptolemy.util.test.junit.AutoTests" name="[8] /home/travis/build/icyphy/ptII/ptolemy/domains/sdf/test/auto/HDF.xml (RunModel)" time="0.106" />
  <testcase classname="ptolemy.util.test.junit.AutoTests" name="[9] /home/travis/build/icyphy/ptII/ptolemy/domains/sdf/test/auto/HDFwithTransientStates.xml (RunModel)" time="0.096" />
  <testcase classname="ptolemy.util.test.junit.AutoTests" name="[10] /home/travis/build/icyphy/ptII/ptolemy/domains/sdf/test/auto/HTVQ.xml (RunModel)" time="0.811" />
  <testcase classname="ptolemy.util.test.junit.AutoTests" name="[11] /home/travis/build/icyphy/ptII/ptolemy/domains/sdf/test/auto/InferInitProduction.xml (RunModel)" time="0.026" />
  <testcase classname="ptolemy.util.test.junit.AutoTests" name="[12] /home/travis/build/icyphy/ptII/ptolemy/domains/sdf/test/auto/InferInitProductionDeeper.xml (RunModel)" time="0.025" />
  <testcase classname="ptolemy.util.test.junit.AutoTests" name="[13] /home/travis/build/icyphy/ptII/ptolemy/domains/sdf/test/auto/LMSAdaptive.xml (RunModel)" time="0.088" />
  <testcase classname="ptolemy.util.test.junit.AutoTests" name="[14] /home/travis/build/icyphy/ptII/ptolemy/domains/sdf/test/auto/LogisticMap.xml (RunModel)" time="0.466" />
  <testcase classname="ptolemy.util.test.junit.AutoTests" name="[15] /home/travis/build/icyphy/ptII/ptolemy/domains/sdf/test/auto/MaximumEntropySpectrum.xml (RunModel)" time="0.247" />
  <testcase classname="ptolemy.util.test.junit.AutoTests" name="[16] /home/travis/build/icyphy/ptII/ptolemy/domains/sdf/test/auto/MultirateSDF.xml (RunModel)" time="0.058" />
  <testcase classname="ptolemy.util.test.junit.AutoTests" name="[17] /home/travis/build/icyphy/ptII/ptolemy/domains/sdf/test/auto/MultirateSDFwithTransientStates.xml (RunModel)" time="0.078" />
  <testcase classname="ptolemy.util.test.junit.AutoTests" name="[18] /home/travis/build/icyphy/ptII/ptolemy/domains/sdf/test/auto/NoisySinewave.xml (RunModel)" time="0.06" />
  <testcase classname="ptolemy.util.test.junit.AutoTests" name="[19] /home/travis/build/icyphy/ptII/ptolemy/domains/sdf/test/auto/Objects.xml (RunModel)" time="0.055" />
  <testcase classname="ptolemy.util.test.junit.AutoTests" name="[20] /home/travis/build/icyphy/ptII/ptolemy/domains/sdf/test/auto/OrthogonalCom.xml (RunModel)" time="0.04" />
  <testcase classname="ptolemy.util.test.junit.AutoTests" name="[21] /home/travis/build/icyphy/ptII/ptolemy/domains/sdf/test/auto/RijndaelEncryption.xml (RunModel)" time="0.488" />
  <testcase classname="ptolemy.util.test.junit.AutoTests" name="[22] /home/travis/build/icyphy/ptII/ptolemy/domains/sdf/test/auto/SDFEmptyIterations.xml (RunModel)" time="0.017" />
  <testcase classname="ptolemy.util.test.junit.AutoTests" name="[23] /home/travis/build/icyphy/ptII/ptolemy/domains/sdf/test/auto/Spectrum.xml (RunModel)" time="0.08" />
  <testcase classname="ptolemy.util.test.junit.AutoTests" name="[24] /home/travis/build/icyphy/ptII/ptolemy/domains/sdf/test/auto/de_inside_sdf.xml (RunModel)" time="0.023" />
  <testcase classname="ptolemy.util.test.junit.AutoTests" name="[25] /home/travis/build/icyphy/ptII/ptolemy/domains/sdf/test/auto/disconnectedHierarchicalSDF.xml (RunModel)" time="0.02" />
  <testcase classname="ptolemy.util.test.junit.AutoTests" name="[26] /home/travis/build/icyphy/ptII/ptolemy/domains/sdf/test/auto/disconnectedSDF.xml (RunModel)" time="0.018" />
  <testcase classname="ptolemy.util.test.junit.AutoTests" name="[27] /home/travis/build/icyphy/ptII/ptolemy/domains/sdf/test/auto/emptyRefinement.xml (RunModel)" time="0.014" />
  <testcase classname="ptolemy.util.test.junit.AutoTests" name="[28] /home/travis/build/icyphy/ptII/ptolemy/domains/sdf/test/auto/filePortParameter.xml (RunModel)" time="0.031" />
  <testcase classname="ptolemy.util.test.junit.AutoTests" name="[29] /home/travis/build/icyphy/ptII/ptolemy/domains/sdf/test/auto/inferRelationWidth1.xml (RunModel)" time="0.013" />
  <testcase classname="ptolemy.util.test.junit.AutoTests" name="[30] /home/travis/build/icyphy/ptII/ptolemy/domains/sdf/test/auto/initProductionInference.xml (RunModel)" time="0.015" />
  <testcase classname="ptolemy.util.test.junit.AutoTests" name="[31] /home/travis/build/icyphy/ptII/ptolemy/domains/sdf/test/auto/relationGroup.xml (RunModel)" time="0.013" />
  <testcase classname="ptolemy.util.test.junit.AutoTests" name="[32] /home/travis/build/icyphy/ptII/ptolemy/domains/sdf/test/auto/relationGroup10.xml (RunModel)" time="0.012" />
  <testcase classname="ptolemy.util.test.junit.AutoTests" name="[33] /home/travis/build/icyphy/ptII/ptolemy/domains/sdf/test/auto/relationGroup11.xml (RunModel)" time="0.013" />
  <testcase classname="ptolemy.util.test.junit.AutoTests" name="[34] /home/travis/build/icyphy/ptII/ptolemy/domains/sdf/test/auto/relationGroup12.xml (RunModel)" time="0.013" />
  <testcase classname="ptolemy.util.test.junit.AutoTests" name="[35] /home/travis/build/icyphy/ptII/ptolemy/domains/sdf/test/auto/relationGroup13.xml (RunModel)" time="0.014" />
  <testcase classname="ptolemy.util.test.junit.AutoTests" name="[36] /home/travis/build/icyphy/ptII/ptolemy/domains/sdf/test/auto/relationGroup14.xml (RunModel)" time="0.015" />
  <testcase classname="ptolemy.util.test.junit.AutoTests" name="[37] /home/travis/build/icyphy/ptII/ptolemy/domains/sdf/test/auto/relationGroup15.xml (RunModel)" time="0.014" />
  <testcase classname="ptolemy.util.test.junit.AutoTests" name="[38] /home/travis/build/icyphy/ptII/ptolemy/domains/sdf/test/auto/relationGroup2.xml (RunModel)" time="0.01" />
  <testcase classname="ptolemy.util.test.junit.AutoTests" name="[39] /home/travis/build/icyphy/ptII/ptolemy/domains/sdf/test/auto/relationGroup3.xml (RunModel)" time="0.009" />
  <testcase classname="ptolemy.util.test.junit.AutoTests" name="[40] /home/travis/build/icyphy/ptII/ptolemy/domains/sdf/test/auto/relationGroup4.xml (RunModel)" time="0.015" />
  <testcase classname="ptolemy.util.test.junit.AutoTests" name="[41] /home/travis/build/icyphy/ptII/ptolemy/domains/sdf/test/auto/relationGroup5.xml (RunModel)" time="0.011" />
  <testcase classname="ptolemy.util.test.junit.AutoTests" name="[42] /home/travis/build/icyphy/ptII/ptolemy/domains/sdf/test/auto/relationGroup6.xml (RunModel)" time="0.019" />
  <testcase classname="ptolemy.util.test.junit.AutoTests" name="[43] /home/travis/build/icyphy/ptII/ptolemy/domains/sdf/test/auto/relationGroup7.xml (RunModel)" time="0.015" />
  <testcase classname="ptolemy.util.test.junit.AutoTests" name="[44] /home/travis/build/icyphy/ptII/ptolemy/domains/sdf/test/auto/relationGroup8.xml (RunModel)" time="0.012" />
  <testcase classname="ptolemy.util.test.junit.AutoTests" name="[45] /home/travis/build/icyphy/ptII/ptolemy/domains/sdf/test/auto/relationGroup9.xml (RunModel)" time="0.015" />
  <testcase classname="ptolemy.util.test.junit.AutoTests" name="[46] /home/travis/build/icyphy/ptII/ptolemy/domains/sdf/test/auto/sdf_inside_de.xml (RunModel)" time="0.055" />
  <testcase classname="ptolemy.util.test.junit.AutoTests" name="[47] /home/travis/build/icyphy/ptII/ptolemy/domains/sdf/test/auto/sdf_inside_pn.xml (RunModel)" time="0.066" />
  <testcase classname="ptolemy.util.test.junit.AutoTests" name="[48] /home/travis/build/icyphy/ptII/ptolemy/domains/sdf/test/auto/sdf_sdf1.xml (RunModel)" time="0.019" />
  <testcase classname="ptolemy.util.test.junit.AutoTests" name="[49] /home/travis/build/icyphy/ptII/ptolemy/domains/sdf/test/auto/test1.xml (RunModel)" time="0.014" />
  <testcase classname="ptolemy.util.test.junit.AutoTests" name="[50] /home/travis/build/icyphy/ptII/ptolemy/domains/sdf/test/auto/time1.xml (RunModel)" time="0.012" />
  <testcase classname="ptolemy.util.test.junit.AutoTests" name="[51] /home/travis/build/icyphy/ptII/ptolemy/domains/sdf/test/auto/time2.xml (RunModel)" time="0.009" />
  <testcase classname="ptolemy.util.test.junit.AutoTests" name="[52] /home/travis/build/icyphy/ptII/ptolemy/domains/sdf/test/auto/time3.xml (RunModel)" time="0.028" />
  <testcase classname="ptolemy.util.test.junit.AutoTests" name="[53] /home/travis/build/icyphy/ptII/ptolemy/domains/sdf/test/auto/time4.xml (RunModel)" time="0.016" />
  <testcase classname="ptolemy.util.test.junit.AutoTests" name="[54] /home/travis/build/icyphy/ptII/ptolemy/domains/sdf/test/auto/time5.xml (RunModel)" time="4.008" />
  <testcase classname="ptolemy.util.test.junit.AutoTests" name="[55] /home/travis/build/icyphy/ptII/ptolemy/domains/sdf/test/auto/typeSystem_Const_Integer_smallest_Type.xml (RunModel)" time="0.04" />
  <testcase classname="ptolemy.util.test.junit.AutoTests" name="[56] /home/travis/build/icyphy/ptII/ptolemy/domains/sdf/test/auto/typeSystem_declared_Inports_OutportTypeException.xml (RunModel)" time="0.017" />
  <testcase classname="ptolemy.util.test.junit.AutoTests" name="[57] /home/travis/build/icyphy/ptII/ptolemy/domains/sdf/test/auto/typeSystem_oneDeclaredInportType_wrongTypeOutport.xml (RunModel)" time="0.016" />
  <testcase classname="ptolemy.util.test.junit.AutoTests" name="[58] /home/travis/build/icyphy/ptII/ptolemy/domains/sdf/test/auto/width.xml (RunModel)" time="0.021" />
  <testcase classname="ptolemy.util.test.junit.AutoTests" name="[59] /home/travis/build/icyphy/ptII/ptolemy/domains/sdf/test/auto/width2.xml (RunModel)" time="0.036" />
  <testcase classname="ptolemy.util.test.junit.AutoTests" name="[60] /home/travis/build/icyphy/ptII/ptolemy/domains/sdf/test/auto/width3.xml (RunModel)" time="0.036" />
  <system-out><![CDATA[/home/travis/build/icyphy/ptII/ptolemy/domains/sdf/test/SDFSchedulerErrors.tcl
testDefs.tcl: setting time out to 9000 seconds at Tue Feb 05 03:32:30 UTC 2019
18 ms. Memory: 116224K Free: 108692K (94%)
27 ms. Memory: 116224K Free: 101733K (88%)
4 ms. Memory: 116224K Free: 95348K (82%)
3 ms. Memory: 116224K Free: 92295K (79%)
/home/travis/build/icyphy/ptII/ptolemy/domains/sdf/test/composition.tcl
66 ms. Memory: 116224K Free: 88703K (76%)
6 ms. Memory: 116224K Free: 86912K (75%)
/home/travis/build/icyphy/ptII/ptolemy/domains/sdf/test/cycle.tcl
.Toplevel.Director Preinitializing ...
Invoking preinitialize():  .Toplevel.Actor1
Invoking preinitialize():  .Toplevel.Actor2
Invoking preinitialize():  .Toplevel.Delay
.Toplevel.Director Finished preinitialize().
### Schedule:
Execute Schedule{
Fire Actor ptolemy.domains.sdf.kernel.test.SDFTestDelay {.Toplevel.Actor1}
Fire Actor ptolemy.domains.sdf.kernel.test.SDFTestDelay {.Toplevel.Actor2}
Fire Actor ptolemy.domains.sdf.lib.SampleDelay {.Toplevel.Delay}
}
### End schedule
Called initialize().
Invoking initialize():  .Toplevel.Actor1
Initializing actor: .Toplevel.Actor1.
Invoking initialize():  .Toplevel.Actor2
Initializing actor: .Toplevel.Actor2.
Invoking initialize():  .Toplevel.Delay
Initializing actor: .Toplevel.Delay.
Director: Called prefire().
-- Setting current time to 0.0
Director prefire returns true.
The actor .Toplevel.Actor1 will be iterated.
The actor .Toplevel.Actor1 was iterated.
The actor .Toplevel.Actor2 will be iterated.
The actor .Toplevel.Actor2 was iterated.
The actor .Toplevel.Delay will be iterated.
The actor .Toplevel.Delay was iterated.
Director: Called postfire().
Postfire returns: true
Director: Called prefire().
-- Setting current time to 0.0
Director prefire returns true.
The actor .Toplevel.Actor1 will be iterated.
The actor .Toplevel.Actor1 was iterated.
The actor .Toplevel.Actor2 will be iterated.
The actor .Toplevel.Actor2 was iterated.
The actor .Toplevel.Delay will be iterated.
The actor .Toplevel.Delay was iterated.
Director: Called postfire().
Postfire returns: true
Director: Called prefire().
-- Setting current time to 0.0
Director prefire returns true.
The actor .Toplevel.Actor1 will be iterated.
The actor .Toplevel.Actor1 was iterated.
The actor .Toplevel.Actor2 will be iterated.
The actor .Toplevel.Actor2 was iterated.
The actor .Toplevel.Delay will be iterated.
The actor .Toplevel.Delay was iterated.
Director: Called postfire().
Postfire returns: true
Director: Called prefire().
-- Setting current time to 0.0
Director prefire returns true.
The actor .Toplevel.Actor1 will be iterated.
The actor .Toplevel.Actor1 was iterated.
The actor .Toplevel.Actor2 will be iterated.
The actor .Toplevel.Actor2 was iterated.
The actor .Toplevel.Delay will be iterated.
The actor .Toplevel.Delay was iterated.
Director: Called postfire().
Postfire returns: true
Director: Called prefire().
-- Setting current time to 0.0
Director prefire returns true.
The actor .Toplevel.Actor1 will be iterated.
The actor .Toplevel.Actor1 was iterated.
The actor .Toplevel.Actor2 will be iterated.
The actor .Toplevel.Actor2 was iterated.
The actor .Toplevel.Delay will be iterated.
The actor .Toplevel.Delay was iterated.
Director: Called postfire().
Postfire returns: true
Director: Called prefire().
-- Setting current time to 0.0
Director prefire returns true.
The actor .Toplevel.Actor1 will be iterated.
The actor .Toplevel.Actor1 was iterated.
The actor .Toplevel.Actor2 will be iterated.
The actor .Toplevel.Actor2 was iterated.
The actor .Toplevel.Delay will be iterated.
The actor .Toplevel.Delay was iterated.
Reached specified number of iterations: 6
Director: Called wrapup().
6 ms. Memory: 116224K Free: 84493K (73%)
02/05/19 03:32:31
Failed: 0  Total Tests: 8  ((Passed: 8, Newly Passed: 0)  Known Failed: 0) /home/travis/build/icyphy/ptII/ptolemy/domains/sdf/test
No auto/knownFailedTests/*.xml tests in /home/travis/build/icyphy/ptII/ptolemy/domains/sdf/test
No auto/linux-amd64/*.xml tests in /home/travis/build/icyphy/ptII/ptolemy/domains/sdf/test
AutoTests.java: About to close Vertx.
AutoTests.java: Vertx closed.

===========================================================================================
----------------- testing Tue Feb 05 03:32:31 UTC 2019 /home/travis/build/icyphy/ptII/ptolemy/domains/sdf/test/auto/Array.xml
----------------- Instantiating /home/travis/build/icyphy/ptII/ptolemy/domains/sdf/test/auto/Array.xml
54 ms. Memory: 146944K Free: 109209K (74%)
----------------- Invoking toplevel() on ptolemy.moml.MoMLSimpleApplication@247b5e24
----------------- Done invoking toplevel() on ptolemy.moml.MoMLSimpleApplication@247b5e24
reloadAllAccessors: .Array

===========================================================================================
----------------- testing Tue Feb 05 03:32:31 UTC 2019 /home/travis/build/icyphy/ptII/ptolemy/domains/sdf/test/auto/Butterfly.xml
----------------- Instantiating /home/travis/build/icyphy/ptII/ptolemy/domains/sdf/test/auto/Butterfly.xml
111 ms. Memory: 146944K Free: 103009K (70%)
----------------- Invoking toplevel() on ptolemy.moml.MoMLSimpleApplication@32f5455c
----------------- Done invoking toplevel() on ptolemy.moml.MoMLSimpleApplication@32f5455c
reloadAllAccessors: .Butterfly

===========================================================================================
----------------- testing Tue Feb 05 03:32:31 UTC 2019 /home/travis/build/icyphy/ptII/ptolemy/domains/sdf/test/auto/Expression.xml
----------------- Instantiating /home/travis/build/icyphy/ptII/ptolemy/domains/sdf/test/auto/Expression.xml
64 ms. Memory: 146944K Free: 98037K (67%)
----------------- Invoking toplevel() on ptolemy.moml.MoMLSimpleApplication@18f7a1c
----------------- Done invoking toplevel() on ptolemy.moml.MoMLSimpleApplication@18f7a1c
reloadAllAccessors: .Expression

===========================================================================================
----------------- testing Tue Feb 05 03:32:32 UTC 2019 /home/travis/build/icyphy/ptII/ptolemy/domains/sdf/test/auto/Eye.xml
----------------- Instantiating /home/travis/build/icyphy/ptII/ptolemy/domains/sdf/test/auto/Eye.xml
147 ms. Memory: 146944K Free: 130343K (89%)
----------------- Invoking toplevel() on ptolemy.moml.MoMLSimpleApplication@7d9a704b
----------------- Done invoking toplevel() on ptolemy.moml.MoMLSimpleApplication@7d9a704b
reloadAllAccessors: .Eye

===========================================================================================
----------------- testing Tue Feb 05 03:32:32 UTC 2019 /home/travis/build/icyphy/ptII/ptolemy/domains/sdf/test/auto/FixFIR.xml
----------------- Instantiating /home/travis/build/icyphy/ptII/ptolemy/domains/sdf/test/auto/FixFIR.xml
160 ms. Memory: 146944K Free: 92675K (63%)
----------------- Invoking toplevel() on ptolemy.moml.MoMLSimpleApplication@ee7069f
----------------- Done invoking toplevel() on ptolemy.moml.MoMLSimpleApplication@ee7069f
reloadAllAccessors: .FixFIR

===========================================================================================
----------------- testing Tue Feb 05 03:32:32 UTC 2019 /home/travis/build/icyphy/ptII/ptolemy/domains/sdf/test/auto/FixPoint.xml
----------------- Instantiating /home/travis/build/icyphy/ptII/ptolemy/domains/sdf/test/auto/FixPoint.xml
14 ms. Memory: 146944K Free: 88057K (60%)
----------------- Invoking toplevel() on ptolemy.moml.MoMLSimpleApplication@7a8ce98c
----------------- Done invoking toplevel() on ptolemy.moml.MoMLSimpleApplication@7a8ce98c
reloadAllAccessors: .FixPoint

===========================================================================================
----------------- testing Tue Feb 05 03:32:32 UTC 2019 /home/travis/build/icyphy/ptII/ptolemy/domains/sdf/test/auto/Gravitation.xml
----------------- Instantiating /home/travis/build/icyphy/ptII/ptolemy/domains/sdf/test/auto/Gravitation.xml
3152 ms. Memory: 208384K Free: 118566K (57%)
----------------- Invoking toplevel() on ptolemy.moml.MoMLSimpleApplication@7c1a322a
----------------- Done invoking toplevel() on ptolemy.moml.MoMLSimpleApplication@7c1a322a
reloadAllAccessors: .Gravitation

===========================================================================================
----------------- testing Tue Feb 05 03:32:36 UTC 2019 /home/travis/build/icyphy/ptII/ptolemy/domains/sdf/test/auto/GravitationWithCollisionDetection.xml
----------------- Instantiating /home/travis/build/icyphy/ptII/ptolemy/domains/sdf/test/auto/GravitationWithCollisionDetection.xml
6327 ms. Memory: 872448K Free: 341067K (39%)
----------------- Invoking toplevel() on ptolemy.moml.MoMLSimpleApplication@1a3ff622
----------------- Done invoking toplevel() on ptolemy.moml.MoMLSimpleApplication@1a3ff622
reloadAllAccessors: .GravitationWithCollisionDetection

===========================================================================================
----------------- testing Tue Feb 05 03:32:42 UTC 2019 /home/travis/build/icyphy/ptII/ptolemy/domains/sdf/test/auto/HDF.xml
----------------- Instantiating /home/travis/build/icyphy/ptII/ptolemy/domains/sdf/test/auto/HDF.xml
46 ms. Memory: 872448K Free: 309174K (35%)
----------------- Invoking toplevel() on ptolemy.moml.MoMLSimpleApplication@d933199
----------------- Done invoking toplevel() on ptolemy.moml.MoMLSimpleApplication@d933199
reloadAllAccessors: .HDF

===========================================================================================
----------------- testing Tue Feb 05 03:32:42 UTC 2019 /home/travis/build/icyphy/ptII/ptolemy/domains/sdf/test/auto/HDFwithTransientStates.xml
----------------- Instantiating /home/travis/build/icyphy/ptII/ptolemy/domains/sdf/test/auto/HDFwithTransientStates.xml
35 ms. Memory: 872448K Free: 285626K (33%)
----------------- Invoking toplevel() on ptolemy.moml.MoMLSimpleApplication@88b5e3
----------------- Done invoking toplevel() on ptolemy.moml.MoMLSimpleApplication@88b5e3
reloadAllAccessors: .HDFwithTransientStates

===========================================================================================
----------------- testing Tue Feb 05 03:32:42 UTC 2019 /home/travis/build/icyphy/ptII/ptolemy/domains/sdf/test/auto/HTVQ.xml
----------------- Instantiating /home/travis/build/icyphy/ptII/ptolemy/domains/sdf/test/auto/HTVQ.xml
775 ms. Memory: 872448K Free: 113045K (13%)
----------------- Invoking toplevel() on ptolemy.moml.MoMLSimpleApplication@99809df
----------------- Done invoking toplevel() on ptolemy.moml.MoMLSimpleApplication@99809df
reloadAllAccessors: .HTVQ

===========================================================================================
----------------- testing Tue Feb 05 03:32:43 UTC 2019 /home/travis/build/icyphy/ptII/ptolemy/domains/sdf/test/auto/InferInitProduction.xml
----------------- Instantiating /home/travis/build/icyphy/ptII/ptolemy/domains/sdf/test/auto/InferInitProduction.xml
5 ms. Memory: 872448K Free: 97357K (11%)
----------------- Invoking toplevel() on ptolemy.moml.MoMLSimpleApplication@546df255
----------------- Done invoking toplevel() on ptolemy.moml.MoMLSimpleApplication@546df255
reloadAllAccessors: .InferInitProduction

===========================================================================================
----------------- testing Tue Feb 05 03:32:43 UTC 2019 /home/travis/build/icyphy/ptII/ptolemy/domains/sdf/test/auto/InferInitProductionDeeper.xml
----------------- Instantiating /home/travis/build/icyphy/ptII/ptolemy/domains/sdf/test/auto/InferInitProductionDeeper.xml
4 ms. Memory: 872448K Free: 81669K (9%)
----------------- Invoking toplevel() on ptolemy.moml.MoMLSimpleApplication@31ca049
----------------- Done invoking toplevel() on ptolemy.moml.MoMLSimpleApplication@31ca049
reloadAllAccessors: .InferInitProductionDeeper

===========================================================================================
----------------- testing Tue Feb 05 03:32:43 UTC 2019 /home/travis/build/icyphy/ptII/ptolemy/domains/sdf/test/auto/LMSAdaptive.xml
----------------- Instantiating /home/travis/build/icyphy/ptII/ptolemy/domains/sdf/test/auto/LMSAdaptive.xml
15 ms. Memory: 872960K Free: 852483K (98%)
----------------- Invoking toplevel() on ptolemy.moml.MoMLSimpleApplication@3ec56026
----------------- Done invoking toplevel() on ptolemy.moml.MoMLSimpleApplication@3ec56026
reloadAllAccessors: .LMSAdaptive

===========================================================================================
----------------- testing Tue Feb 05 03:32:43 UTC 2019 /home/travis/build/icyphy/ptII/ptolemy/domains/sdf/test/auto/LogisticMap.xml
----------------- Instantiating /home/travis/build/icyphy/ptII/ptolemy/domains/sdf/test/auto/LogisticMap.xml
447 ms. Memory: 872960K Free: 838852K (96%)
----------------- Invoking toplevel() on ptolemy.moml.MoMLSimpleApplication@72a222e6
----------------- Done invoking toplevel() on ptolemy.moml.MoMLSimpleApplication@72a222e6
reloadAllAccessors: .LogisticMap

===========================================================================================
----------------- testing Tue Feb 05 03:32:44 UTC 2019 /home/travis/build/icyphy/ptII/ptolemy/domains/sdf/test/auto/MaximumEntropySpectrum.xml
----------------- Instantiating /home/travis/build/icyphy/ptII/ptolemy/domains/sdf/test/auto/MaximumEntropySpectrum.xml
71 ms. Memory: 872960K Free: 770752K (88%)
----------------- Invoking toplevel() on ptolemy.moml.MoMLSimpleApplication@7d59be71
----------------- Done invoking toplevel() on ptolemy.moml.MoMLSimpleApplication@7d59be71
reloadAllAccessors: .MaximumEntropySpectrum

===========================================================================================
----------------- testing Tue Feb 05 03:32:44 UTC 2019 /home/travis/build/icyphy/ptII/ptolemy/domains/sdf/test/auto/MultirateSDF.xml
----------------- Instantiating /home/travis/build/icyphy/ptII/ptolemy/domains/sdf/test/auto/MultirateSDF.xml
18 ms. Memory: 872960K Free: 749803K (86%)
----------------- Invoking toplevel() on ptolemy.moml.MoMLSimpleApplication@2c9ff87d
----------------- Done invoking toplevel() on ptolemy.moml.MoMLSimpleApplication@2c9ff87d
reloadAllAccessors: .MultirateSDF

===========================================================================================
----------------- testing Tue Feb 05 03:32:44 UTC 2019 /home/travis/build/icyphy/ptII/ptolemy/domains/sdf/test/auto/MultirateSDFwithTransientStates.xml
----------------- Instantiating /home/travis/build/icyphy/ptII/ptolemy/domains/sdf/test/auto/MultirateSDFwithTransientStates.xml
19 ms. Memory: 872960K Free: 728838K (83%)
----------------- Invoking toplevel() on ptolemy.moml.MoMLSimpleApplication@ede0536
----------------- Done invoking toplevel() on ptolemy.moml.MoMLSimpleApplication@ede0536
reloadAllAccessors: .MultirateSDFwithTransientStates

===========================================================================================
----------------- testing Tue Feb 05 03:32:44 UTC 2019 /home/travis/build/icyphy/ptII/ptolemy/domains/sdf/test/auto/NoisySinewave.xml
----------------- Instantiating /home/travis/build/icyphy/ptII/ptolemy/domains/sdf/test/auto/NoisySinewave.xml
15 ms. Memory: 872960K Free: 707921K (81%)
----------------- Invoking toplevel() on ptolemy.moml.MoMLSimpleApplication@2af11883
----------------- Done invoking toplevel() on ptolemy.moml.MoMLSimpleApplication@2af11883
reloadAllAccessors: .NoisySinewave

===========================================================================================
----------------- testing Tue Feb 05 03:32:44 UTC 2019 /home/travis/build/icyphy/ptII/ptolemy/domains/sdf/test/auto/Objects.xml
----------------- Instantiating /home/travis/build/icyphy/ptII/ptolemy/domains/sdf/test/auto/Objects.xml
2 ms. Memory: 872960K Free: 692233K (79%)
----------------- Invoking toplevel() on ptolemy.moml.MoMLSimpleApplication@3f9c8225
----------------- Done invoking toplevel() on ptolemy.moml.MoMLSimpleApplication@3f9c8225
reloadAllAccessors: .Objects

===========================================================================================
----------------- testing Tue Feb 05 03:32:44 UTC 2019 /home/travis/build/icyphy/ptII/ptolemy/domains/sdf/test/auto/OrthogonalCom.xml
----------------- Instantiating /home/travis/build/icyphy/ptII/ptolemy/domains/sdf/test/auto/OrthogonalCom.xml
6 ms. Memory: 872960K Free: 676537K (77%)
----------------- Invoking toplevel() on ptolemy.moml.MoMLSimpleApplication@876c9eb
----------------- Done invoking toplevel() on ptolemy.moml.MoMLSimpleApplication@876c9eb
reloadAllAccessors: .OrthogonalCom

===========================================================================================
----------------- testing Tue Feb 05 03:32:44 UTC 2019 /home/travis/build/icyphy/ptII/ptolemy/domains/sdf/test/auto/RijndaelEncryption.xml
----------------- Instantiating /home/travis/build/icyphy/ptII/ptolemy/domains/sdf/test/auto/RijndaelEncryption.xml
237 ms. Memory: 872960K Free: 519450K (60%)
----------------- Invoking toplevel() on ptolemy.moml.MoMLSimpleApplication@48ab61a4
----------------- Done invoking toplevel() on ptolemy.moml.MoMLSimpleApplication@48ab61a4
reloadAllAccessors: .RijndaelEncryption

===========================================================================================
----------------- testing Tue Feb 05 03:32:45 UTC 2019 /home/travis/build/icyphy/ptII/ptolemy/domains/sdf/test/auto/SDFEmptyIterations.xml
----------------- Instantiating /home/travis/build/icyphy/ptII/ptolemy/domains/sdf/test/auto/SDFEmptyIterations.xml
4 ms. Memory: 872960K Free: 508992K (58%)
----------------- Invoking toplevel() on ptolemy.moml.MoMLSimpleApplication@4f6069b0
----------------- Done invoking toplevel() on ptolemy.moml.MoMLSimpleApplication@4f6069b0
reloadAllAccessors: .SDFEmptyIterations

===========================================================================================
----------------- testing Tue Feb 05 03:32:45 UTC 2019 /home/travis/build/icyphy/ptII/ptolemy/domains/sdf/test/auto/Spectrum.xml
----------------- Instantiating /home/travis/build/icyphy/ptII/ptolemy/domains/sdf/test/auto/Spectrum.xml
32 ms. Memory: 872960K Free: 485145K (56%)
----------------- Invoking toplevel() on ptolemy.moml.MoMLSimpleApplication@1839dc06
----------------- Done invoking toplevel() on ptolemy.moml.MoMLSimpleApplication@1839dc06
reloadAllAccessors: .Spectrum

===========================================================================================
----------------- testing Tue Feb 05 03:32:45 UTC 2019 /home/travis/build/icyphy/ptII/ptolemy/domains/sdf/test/auto/de_inside_sdf.xml
----------------- Instantiating /home/travis/build/icyphy/ptII/ptolemy/domains/sdf/test/auto/de_inside_sdf.xml
7 ms. Memory: 872960K Free: 474686K (54%)
----------------- Invoking toplevel() on ptolemy.moml.MoMLSimpleApplication@4eacc76c
----------------- Done invoking toplevel() on ptolemy.moml.MoMLSimpleApplication@4eacc76c
reloadAllAccessors: .de_inside_sdf

===========================================================================================
----------------- testing Tue Feb 05 03:32:45 UTC 2019 /home/travis/build/icyphy/ptII/ptolemy/domains/sdf/test/auto/disconnectedHierarchicalSDF.xml
----------------- Instantiating /home/travis/build/icyphy/ptII/ptolemy/domains/sdf/test/auto/disconnectedHierarchicalSDF.xml
4 ms. Memory: 872960K Free: 464228K (53%)
----------------- Invoking toplevel() on ptolemy.moml.MoMLSimpleApplication@162ad2bd
----------------- Done invoking toplevel() on ptolemy.moml.MoMLSimpleApplication@162ad2bd
reloadAllAccessors: .disconnectedHierarchicalSDF

===========================================================================================
----------------- testing Tue Feb 05 03:32:45 UTC 2019 /home/travis/build/icyphy/ptII/ptolemy/domains/sdf/test/auto/disconnectedSDF.xml
----------------- Instantiating /home/travis/build/icyphy/ptII/ptolemy/domains/sdf/test/auto/disconnectedSDF.xml
2 ms. Memory: 872960K Free: 453769K (52%)
----------------- Invoking toplevel() on ptolemy.moml.MoMLSimpleApplication@58b2f2a9
----------------- Done invoking toplevel() on ptolemy.moml.MoMLSimpleApplication@58b2f2a9
reloadAllAccessors: .disconnectedSDF

===========================================================================================
----------------- testing Tue Feb 05 03:32:45 UTC 2019 /home/travis/build/icyphy/ptII/ptolemy/domains/sdf/test/auto/emptyRefinement.xml
----------------- Instantiating /home/travis/build/icyphy/ptII/ptolemy/domains/sdf/test/auto/emptyRefinement.xml
3 ms. Memory: 872960K Free: 443311K (51%)
----------------- Invoking toplevel() on ptolemy.moml.MoMLSimpleApplication@263de33e
----------------- Done invoking toplevel() on ptolemy.moml.MoMLSimpleApplication@263de33e
reloadAllAccessors: .emptyRefinement

===========================================================================================
----------------- testing Tue Feb 05 03:32:45 UTC 2019 /home/travis/build/icyphy/ptII/ptolemy/domains/sdf/test/auto/filePortParameter.xml
----------------- Instantiating /home/travis/build/icyphy/ptII/ptolemy/domains/sdf/test/auto/filePortParameter.xml
7 ms. Memory: 872960K Free: 427607K (49%)
----------------- Invoking toplevel() on ptolemy.moml.MoMLSimpleApplication@3540e62f
----------------- Done invoking toplevel() on ptolemy.moml.MoMLSimpleApplication@3540e62f
reloadAllAccessors: .filePortParameter

===========================================================================================
----------------- testing Tue Feb 05 03:32:45 UTC 2019 /home/travis/build/icyphy/ptII/ptolemy/domains/sdf/test/auto/inferRelationWidth1.xml
----------------- Instantiating /home/travis/build/icyphy/ptII/ptolemy/domains/sdf/test/auto/inferRelationWidth1.xml
1 ms. Memory: 872960K Free: 417148K (48%)
----------------- Invoking toplevel() on ptolemy.moml.MoMLSimpleApplication@1cbbd4ef
----------------- Done invoking toplevel() on ptolemy.moml.MoMLSimpleApplication@1cbbd4ef
reloadAllAccessors: .inferRelationWidth1

===========================================================================================
----------------- testing Tue Feb 05 03:32:45 UTC 2019 /home/travis/build/icyphy/ptII/ptolemy/domains/sdf/test/auto/initProductionInference.xml
----------------- Instantiating /home/travis/build/icyphy/ptII/ptolemy/domains/sdf/test/auto/initProductionInference.xml
3 ms. Memory: 872960K Free: 406690K (47%)
----------------- Invoking toplevel() on ptolemy.moml.MoMLSimpleApplication@63ad141e
----------------- Done invoking toplevel() on ptolemy.moml.MoMLSimpleApplication@63ad141e
reloadAllAccessors: .initProductionInference

===========================================================================================
----------------- testing Tue Feb 05 03:32:45 UTC 2019 /home/travis/build/icyphy/ptII/ptolemy/domains/sdf/test/auto/relationGroup.xml
----------------- Instantiating /home/travis/build/icyphy/ptII/ptolemy/domains/sdf/test/auto/relationGroup.xml
2 ms. Memory: 872960K Free: 393309K (45%)
----------------- Invoking toplevel() on ptolemy.moml.MoMLSimpleApplication@561dfe6f
----------------- Done invoking toplevel() on ptolemy.moml.MoMLSimpleApplication@561dfe6f
reloadAllAccessors: .relationGroup

===========================================================================================
----------------- testing Tue Feb 05 03:32:45 UTC 2019 /home/travis/build/icyphy/ptII/ptolemy/domains/sdf/test/auto/relationGroup10.xml
----------------- Instantiating /home/travis/build/icyphy/ptII/ptolemy/domains/sdf/test/auto/relationGroup10.xml
2 ms. Memory: 872960K Free: 382851K (44%)
----------------- Invoking toplevel() on ptolemy.moml.MoMLSimpleApplication@30b7d65c
----------------- Done invoking toplevel() on ptolemy.moml.MoMLSimpleApplication@30b7d65c
reloadAllAccessors: .relationGroup10

===========================================================================================
----------------- testing Tue Feb 05 03:32:45 UTC 2019 /home/travis/build/icyphy/ptII/ptolemy/domains/sdf/test/auto/relationGroup11.xml
----------------- Instantiating /home/travis/build/icyphy/ptII/ptolemy/domains/sdf/test/auto/relationGroup11.xml
2 ms. Memory: 872960K Free: 372392K (43%)
----------------- Invoking toplevel() on ptolemy.moml.MoMLSimpleApplication@42a14410
----------------- Done invoking toplevel() on ptolemy.moml.MoMLSimpleApplication@42a14410
reloadAllAccessors: .relationGroup11

===========================================================================================
----------------- testing Tue Feb 05 03:32:45 UTC 2019 /home/travis/build/icyphy/ptII/ptolemy/domains/sdf/test/auto/relationGroup12.xml
----------------- Instantiating /home/travis/build/icyphy/ptII/ptolemy/domains/sdf/test/auto/relationGroup12.xml
2 ms. Memory: 872960K Free: 361934K (41%)
----------------- Invoking toplevel() on ptolemy.moml.MoMLSimpleApplication@28a6a5c0
----------------- Done invoking toplevel() on ptolemy.moml.MoMLSimpleApplication@28a6a5c0
reloadAllAccessors: .relationGroup12

===========================================================================================
----------------- testing Tue Feb 05 03:32:45 UTC 2019 /home/travis/build/icyphy/ptII/ptolemy/domains/sdf/test/auto/relationGroup13.xml
----------------- Instantiating /home/travis/build/icyphy/ptII/ptolemy/domains/sdf/test/auto/relationGroup13.xml
3 ms. Memory: 872960K Free: 351475K (40%)
----------------- Invoking toplevel() on ptolemy.moml.MoMLSimpleApplication@5daf01a1
----------------- Done invoking toplevel() on ptolemy.moml.MoMLSimpleApplication@5daf01a1
reloadAllAccessors: .relationGroup13

===========================================================================================
----------------- testing Tue Feb 05 03:32:45 UTC 2019 /home/travis/build/icyphy/ptII/ptolemy/domains/sdf/test/auto/relationGroup14.xml
----------------- Instantiating /home/travis/build/icyphy/ptII/ptolemy/domains/sdf/test/auto/relationGroup14.xml
3 ms. Memory: 872960K Free: 341017K (39%)
----------------- Invoking toplevel() on ptolemy.moml.MoMLSimpleApplication@8acc9ef
----------------- Done invoking toplevel() on ptolemy.moml.MoMLSimpleApplication@8acc9ef
reloadAllAccessors: .relationGroup14

===========================================================================================
----------------- testing Tue Feb 05 03:32:45 UTC 2019 /home/travis/build/icyphy/ptII/ptolemy/domains/sdf/test/auto/relationGroup15.xml
----------------- Instantiating /home/travis/build/icyphy/ptII/ptolemy/domains/sdf/test/auto/relationGroup15.xml
1 ms. Memory: 872960K Free: 330558K (38%)
----------------- Invoking toplevel() on ptolemy.moml.MoMLSimpleApplication@7e16d730
----------------- Done invoking toplevel() on ptolemy.moml.MoMLSimpleApplication@7e16d730
reloadAllAccessors: .relationGroup15

===========================================================================================
----------------- testing Tue Feb 05 03:32:45 UTC 2019 /home/travis/build/icyphy/ptII/ptolemy/domains/sdf/test/auto/relationGroup2.xml
----------------- Instantiating /home/travis/build/icyphy/ptII/ptolemy/domains/sdf/test/auto/relationGroup2.xml
2 ms. Memory: 872960K Free: 320100K (37%)
----------------- Invoking toplevel() on ptolemy.moml.MoMLSimpleApplication@102af208
----------------- Done invoking toplevel() on ptolemy.moml.MoMLSimpleApplication@102af208
reloadAllAccessors: .relationGroup2

===========================================================================================
----------------- testing Tue Feb 05 03:32:45 UTC 2019 /home/travis/build/icyphy/ptII/ptolemy/domains/sdf/test/auto/relationGroup3.xml
----------------- Instantiating /home/travis/build/icyphy/ptII/ptolemy/domains/sdf/test/auto/relationGroup3.xml
2 ms. Memory: 872960K Free: 309642K (35%)
----------------- Invoking toplevel() on ptolemy.moml.MoMLSimpleApplication@3c4f5956
----------------- Done invoking toplevel() on ptolemy.moml.MoMLSimpleApplication@3c4f5956
reloadAllAccessors: .relationGroup3

===========================================================================================
----------------- testing Tue Feb 05 03:32:45 UTC 2019 /home/travis/build/icyphy/ptII/ptolemy/domains/sdf/test/auto/relationGroup4.xml
----------------- Instantiating /home/travis/build/icyphy/ptII/ptolemy/domains/sdf/test/auto/relationGroup4.xml
5 ms. Memory: 872960K Free: 296261K (34%)
----------------- Invoking toplevel() on ptolemy.moml.MoMLSimpleApplication@3f214195
----------------- Done invoking toplevel() on ptolemy.moml.MoMLSimpleApplication@3f214195
reloadAllAccessors: .relationGroup4

===========================================================================================
----------------- testing Tue Feb 05 03:32:45 UTC 2019 /home/travis/build/icyphy/ptII/ptolemy/domains/sdf/test/auto/relationGroup5.xml
----------------- Instantiating /home/travis/build/icyphy/ptII/ptolemy/domains/sdf/test/auto/relationGroup5.xml
2 ms. Memory: 872960K Free: 285803K (33%)
----------------- Invoking toplevel() on ptolemy.moml.MoMLSimpleApplication@3ca1b9bd
----------------- Done invoking toplevel() on ptolemy.moml.MoMLSimpleApplication@3ca1b9bd
reloadAllAccessors: .relationGroup5

===========================================================================================
----------------- testing Tue Feb 05 03:32:45 UTC 2019 /home/travis/build/icyphy/ptII/ptolemy/domains/sdf/test/auto/relationGroup6.xml
----------------- Instantiating /home/travis/build/icyphy/ptII/ptolemy/domains/sdf/test/auto/relationGroup6.xml
2 ms. Memory: 872960K Free: 275344K (32%)
----------------- Invoking toplevel() on ptolemy.moml.MoMLSimpleApplication@6e1e781b
----------------- Done invoking toplevel() on ptolemy.moml.MoMLSimpleApplication@6e1e781b
reloadAllAccessors: .relationGroup6

===========================================================================================
----------------- testing Tue Feb 05 03:32:45 UTC 2019 /home/travis/build/icyphy/ptII/ptolemy/domains/sdf/test/auto/relationGroup7.xml
----------------- Instantiating /home/travis/build/icyphy/ptII/ptolemy/domains/sdf/test/auto/relationGroup7.xml
1 ms. Memory: 872960K Free: 264886K (30%)
----------------- Invoking toplevel() on ptolemy.moml.MoMLSimpleApplication@5a60621f
----------------- Done invoking toplevel() on ptolemy.moml.MoMLSimpleApplication@5a60621f
reloadAllAccessors: .relationGroup7

===========================================================================================
----------------- testing Tue Feb 05 03:32:45 UTC 2019 /home/travis/build/icyphy/ptII/ptolemy/domains/sdf/test/auto/relationGroup8.xml
----------------- Instantiating /home/travis/build/icyphy/ptII/ptolemy/domains/sdf/test/auto/relationGroup8.xml
5 ms. Memory: 872960K Free: 254427K (29%)
----------------- Invoking toplevel() on ptolemy.moml.MoMLSimpleApplication@505ec20c
----------------- Done invoking toplevel() on ptolemy.moml.MoMLSimpleApplication@505ec20c
reloadAllAccessors: .relationGroup8

===========================================================================================
----------------- testing Tue Feb 05 03:32:45 UTC 2019 /home/travis/build/icyphy/ptII/ptolemy/domains/sdf/test/auto/relationGroup9.xml
----------------- Instantiating /home/travis/build/icyphy/ptII/ptolemy/domains/sdf/test/auto/relationGroup9.xml
4 ms. Memory: 872960K Free: 243969K (28%)
----------------- Invoking toplevel() on ptolemy.moml.MoMLSimpleApplication@4dc82763
----------------- Done invoking toplevel() on ptolemy.moml.MoMLSimpleApplication@4dc82763
reloadAllAccessors: .relationGroup9

===========================================================================================
----------------- testing Tue Feb 05 03:32:45 UTC 2019 /home/travis/build/icyphy/ptII/ptolemy/domains/sdf/test/auto/sdf_inside_de.xml
----------------- Instantiating /home/travis/build/icyphy/ptII/ptolemy/domains/sdf/test/auto/sdf_inside_de.xml
14 ms. Memory: 872960K Free: 228265K (26%)
----------------- Invoking toplevel() on ptolemy.moml.MoMLSimpleApplication@4b46c11a
----------------- Done invoking toplevel() on ptolemy.moml.MoMLSimpleApplication@4b46c11a
reloadAllAccessors: .sdf_inside_de

===========================================================================================
----------------- testing Tue Feb 05 03:32:45 UTC 2019 /home/travis/build/icyphy/ptII/ptolemy/domains/sdf/test/auto/sdf_inside_pn.xml
----------------- Instantiating /home/travis/build/icyphy/ptII/ptolemy/domains/sdf/test/auto/sdf_inside_pn.xml
42 ms. Memory: 872960K Free: 191660K (22%)
----------------- Invoking toplevel() on ptolemy.moml.MoMLSimpleApplication@103ba8d9
----------------- Done invoking toplevel() on ptolemy.moml.MoMLSimpleApplication@103ba8d9
reloadAllAccessors: .sdf_inside_pn

===========================================================================================
----------------- testing Tue Feb 05 03:32:45 UTC 2019 /home/travis/build/icyphy/ptII/ptolemy/domains/sdf/test/auto/sdf_sdf1.xml
----------------- Instantiating /home/travis/build/icyphy/ptII/ptolemy/domains/sdf/test/auto/sdf_sdf1.xml
5 ms. Memory: 872960K Free: 178280K (20%)
----------------- Invoking toplevel() on ptolemy.moml.MoMLSimpleApplication@1ad00ffe
----------------- Done invoking toplevel() on ptolemy.moml.MoMLSimpleApplication@1ad00ffe
reloadAllAccessors: .sdf_sdf1

===========================================================================================
----------------- testing Tue Feb 05 03:32:45 UTC 2019 /home/travis/build/icyphy/ptII/ptolemy/domains/sdf/test/auto/test1.xml
----------------- Instantiating /home/travis/build/icyphy/ptII/ptolemy/domains/sdf/test/auto/test1.xml
2 ms. Memory: 872960K Free: 167821K (19%)
----------------- Invoking toplevel() on ptolemy.moml.MoMLSimpleApplication@708339bd
----------------- Done invoking toplevel() on ptolemy.moml.MoMLSimpleApplication@708339bd
reloadAllAccessors: .test1

===========================================================================================
----------------- testing Tue Feb 05 03:32:45 UTC 2019 /home/travis/build/icyphy/ptII/ptolemy/domains/sdf/test/auto/time1.xml
----------------- Instantiating /home/travis/build/icyphy/ptII/ptolemy/domains/sdf/test/auto/time1.xml
1 ms. Memory: 872960K Free: 157363K (18%)
----------------- Invoking toplevel() on ptolemy.moml.MoMLSimpleApplication@30a31bb3
----------------- Done invoking toplevel() on ptolemy.moml.MoMLSimpleApplication@30a31bb3
reloadAllAccessors: .time1

===========================================================================================
----------------- testing Tue Feb 05 03:32:45 UTC 2019 /home/travis/build/icyphy/ptII/ptolemy/domains/sdf/test/auto/time2.xml
----------------- Instantiating /home/travis/build/icyphy/ptII/ptolemy/domains/sdf/test/auto/time2.xml
2 ms. Memory: 872960K Free: 146904K (17%)
----------------- Invoking toplevel() on ptolemy.moml.MoMLSimpleApplication@39f66d77
----------------- Done invoking toplevel() on ptolemy.moml.MoMLSimpleApplication@39f66d77
reloadAllAccessors: .time2

===========================================================================================
----------------- testing Tue Feb 05 03:32:45 UTC 2019 /home/travis/build/icyphy/ptII/ptolemy/domains/sdf/test/auto/time3.xml
----------------- Instantiating /home/travis/build/icyphy/ptII/ptolemy/domains/sdf/test/auto/time3.xml
5 ms. Memory: 872960K Free: 136446K (16%)
----------------- Invoking toplevel() on ptolemy.moml.MoMLSimpleApplication@49d8fe4b
----------------- Done invoking toplevel() on ptolemy.moml.MoMLSimpleApplication@49d8fe4b
reloadAllAccessors: .time3

===========================================================================================
----------------- testing Tue Feb 05 03:32:45 UTC 2019 /home/travis/build/icyphy/ptII/ptolemy/domains/sdf/test/auto/time4.xml
----------------- Instantiating /home/travis/build/icyphy/ptII/ptolemy/domains/sdf/test/auto/time4.xml
4 ms. Memory: 872960K Free: 125987K (14%)
----------------- Invoking toplevel() on ptolemy.moml.MoMLSimpleApplication@7698eaa8
----------------- Done invoking toplevel() on ptolemy.moml.MoMLSimpleApplication@7698eaa8
reloadAllAccessors: .time4

===========================================================================================
----------------- testing Tue Feb 05 03:32:45 UTC 2019 /home/travis/build/icyphy/ptII/ptolemy/domains/sdf/test/auto/time5.xml
----------------- Instantiating /home/travis/build/icyphy/ptII/ptolemy/domains/sdf/test/auto/time5.xml
4002 ms. Memory: 872960K Free: 115529K (13%)
----------------- Invoking toplevel() on ptolemy.moml.MoMLSimpleApplication@72e95870
----------------- Done invoking toplevel() on ptolemy.moml.MoMLSimpleApplication@72e95870
reloadAllAccessors: .time5

===========================================================================================
----------------- testing Tue Feb 05 03:32:49 UTC 2019 /home/travis/build/icyphy/ptII/ptolemy/domains/sdf/test/auto/typeSystem_Const_Integer_smallest_Type.xml
----------------- Instantiating /home/travis/build/icyphy/ptII/ptolemy/domains/sdf/test/auto/typeSystem_Const_Integer_smallest_Type.xml
3 ms. Memory: 872960K Free: 105070K (12%)
----------------- Invoking toplevel() on ptolemy.moml.MoMLSimpleApplication@2017959a
----------------- Done invoking toplevel() on ptolemy.moml.MoMLSimpleApplication@2017959a
reloadAllAccessors: .typeSystem_Const_Integer_smallest_Type

===========================================================================================
----------------- testing Tue Feb 05 03:32:49 UTC 2019 /home/travis/build/icyphy/ptII/ptolemy/domains/sdf/test/auto/typeSystem_declared_Inports_OutportTypeException.xml
----------------- Instantiating /home/travis/build/icyphy/ptII/ptolemy/domains/sdf/test/auto/typeSystem_declared_Inports_OutportTypeException.xml
.typeSystem_declared_Inports_OutportTypeException.TestExceptionAttribute: initialize() was not invoked, but wrapup() was.  This is unusual, but not always a problem.  For example, exporting JNLP will do this.
3 ms. Memory: 872960K Free: 91690K (11%)
----------------- Invoking toplevel() on ptolemy.moml.MoMLSimpleApplication@2465740e
----------------- Done invoking toplevel() on ptolemy.moml.MoMLSimpleApplication@2465740e
reloadAllAccessors: .typeSystem_declared_Inports_OutportTypeException

===========================================================================================
----------------- testing Tue Feb 05 03:32:49 UTC 2019 /home/travis/build/icyphy/ptII/ptolemy/domains/sdf/test/auto/typeSystem_oneDeclaredInportType_wrongTypeOutport.xml
----------------- Instantiating /home/travis/build/icyphy/ptII/ptolemy/domains/sdf/test/auto/typeSystem_oneDeclaredInportType_wrongTypeOutport.xml
3 ms. Memory: 872960K Free: 81231K (9%)
----------------- Invoking toplevel() on ptolemy.moml.MoMLSimpleApplication@35b9413d
----------------- Done invoking toplevel() on ptolemy.moml.MoMLSimpleApplication@35b9413d
reloadAllAccessors: .typeSystem_oneDeclaredInportType_wrongTypeOutport

===========================================================================================
----------------- testing Tue Feb 05 03:32:49 UTC 2019 /home/travis/build/icyphy/ptII/ptolemy/domains/sdf/test/auto/width.xml
----------------- Instantiating /home/travis/build/icyphy/ptII/ptolemy/domains/sdf/test/auto/width.xml
11 ms. Memory: 829440K Free: 814468K (98%)
----------------- Invoking toplevel() on ptolemy.moml.MoMLSimpleApplication@43c5cba2
----------------- Done invoking toplevel() on ptolemy.moml.MoMLSimpleApplication@43c5cba2
reloadAllAccessors: .width

===========================================================================================
----------------- testing Tue Feb 05 03:32:49 UTC 2019 /home/travis/build/icyphy/ptII/ptolemy/domains/sdf/test/auto/width2.xml
----------------- Instantiating /home/travis/build/icyphy/ptII/ptolemy/domains/sdf/test/auto/width2.xml
26 ms. Memory: 829440K Free: 800099K (96%)
----------------- Invoking toplevel() on ptolemy.moml.MoMLSimpleApplication@b31c464
----------------- Done invoking toplevel() on ptolemy.moml.MoMLSimpleApplication@b31c464
reloadAllAccessors: .width2

===========================================================================================
----------------- testing Tue Feb 05 03:32:50 UTC 2019 /home/travis/build/icyphy/ptII/ptolemy/domains/sdf/test/auto/width3.xml
----------------- Instantiating /home/travis/build/icyphy/ptII/ptolemy/domains/sdf/test/auto/width3.xml
25 ms. Memory: 829440K Free: 790139K (95%)
----------------- Invoking toplevel() on ptolemy.moml.MoMLSimpleApplication@105f707b
----------------- Done invoking toplevel() on ptolemy.moml.MoMLSimpleApplication@105f707b
reloadAllAccessors: .width3
AutoTests.java: About to close Vertx.
AutoTests.java: Vertx closed.
]]></system-out>
  <system-err><![CDATA[java.lang.RuntimeException: Execution failed
	at ptolemy.moml.MoMLSimpleApplication$UnloadThread.run(MoMLSimpleApplication.java:402)
Caused by: ptolemy.actor.sched.NotSchedulableException: No solution exists for the balance equations.
Graph is not consistent under the SDF domain detected on external port .rateConsistency.actor.port2
  in .rateConsistency.SDF Director.Scheduler
	at ptolemy.domains.sdf.kernel.SDFScheduler._propagatePort(SDFScheduler.java:1425)
	at ptolemy.domains.sdf.kernel.SDFScheduler._solveBalanceEquations(SDFScheduler.java:710)
	at ptolemy.domains.sdf.kernel.SDFScheduler._getSchedule(SDFScheduler.java:566)
	at ptolemy.actor.sched.Scheduler.getSchedule(Scheduler.java:189)
	at ptolemy.domains.sdf.kernel.SDFDirector.createSchedule(SDFDirector.java:408)
	at ptolemy.domains.sdf.kernel.SDFDirector.preinitialize(SDFDirector.java:764)
	at ptolemy.actor.CompositeActor.preinitialize(CompositeActor.java:1828)
	at ptolemy.actor.Manager.preinitializeAndResolveTypes(Manager.java:1040)
	at ptolemy.actor.Manager.initialize(Manager.java:710)
	at ptolemy.actor.Manager.execute(Manager.java:356)
	at ptolemy.actor.Manager.run(Manager.java:1263)
	at ptolemy.actor.Manager$PtolemyRunThread.run(Manager.java:1915)
java.lang.RuntimeException: Execution failed
	at ptolemy.moml.MoMLSimpleApplication$UnloadThread.run(MoMLSimpleApplication.java:402)
Caused by: ptolemy.kernel.util.IllegalActionException: Failed to compute schedule:
  in .badRateChanges.typed composite actor.SDF Director
Because:
The SDF rate parameter may change. This is not allowed in SDF models that will be run through the code generator.  If you don't care about code generation, then you might consider setting the allowRateChanges parameter of the SDF director to false.
  in .badRateChanges.typed composite actor.Repeat.output.tokenProductionRate
	at ptolemy.domains.sdf.kernel.SDFDirector.createSchedule(SDFDirector.java:418)
	at ptolemy.domains.sdf.kernel.SDFDirector.preinitialize(SDFDirector.java:764)
	at ptolemy.actor.CompositeActor.preinitialize(CompositeActor.java:1828)
	at ptolemy.actor.Director.preinitialize(Director.java:1302)
	at ptolemy.actor.Director.preinitialize(Director.java:1257)
	at ptolemy.domains.sdf.kernel.SDFDirector.preinitialize(SDFDirector.java:763)
	at ptolemy.actor.CompositeActor.preinitialize(CompositeActor.java:1828)
	at ptolemy.actor.Manager.preinitializeAndResolveTypes(Manager.java:1040)
	at ptolemy.actor.Manager.initialize(Manager.java:710)
	at ptolemy.actor.Manager.execute(Manager.java:356)
	at ptolemy.actor.Manager.run(Manager.java:1263)
	at ptolemy.actor.Manager$PtolemyRunThread.run(Manager.java:1915)
Caused by: ptolemy.kernel.util.IllegalActionException: The SDF rate parameter may change. This is not allowed in SDF models that will be run through the code generator.  If you don't care about code generation, then you might consider setting the allowRateChanges parameter of the SDF director to false.
  in .badRateChanges.typed composite actor.Repeat.output.tokenProductionRate
	at ptolemy.domains.sdf.kernel.SDFScheduler._assertDynamicRateVariable(SDFScheduler.java:931)
	at ptolemy.domains.sdf.kernel.SDFScheduler._checkDynamicRateVariables(SDFScheduler.java:339)
	at ptolemy.domains.sdf.kernel.SDFScheduler._getSchedule(SDFScheduler.java:527)
	at ptolemy.actor.sched.Scheduler.getSchedule(Scheduler.java:189)
	at ptolemy.domains.sdf.kernel.SDFDirector.createSchedule(SDFDirector.java:408)
	... 11 more
java.lang.RuntimeException: Execution failed
	at ptolemy.moml.MoMLSimpleApplication$UnloadThread.run(MoMLSimpleApplication.java:402)
Caused by: ptolemy.kernel.util.IllegalActionException: Failed to compute schedule:
  in .badRateChanges2.typed composite actor.SDF Director
Because:
The SDF rate parameter may change. This is not allowed in SDF models that will be run through the code generator.  If you don't care about code generation, then you might consider setting the allowRateChanges parameter of the SDF director to false.
  in .badRateChanges2.typed composite actor.Repeat.output.tokenProductionRate
	at ptolemy.domains.sdf.kernel.SDFDirector.createSchedule(SDFDirector.java:418)
	at ptolemy.domains.sdf.kernel.SDFDirector.preinitialize(SDFDirector.java:764)
	at ptolemy.actor.CompositeActor.preinitialize(CompositeActor.java:1828)
	at ptolemy.actor.Director.preinitialize(Director.java:1302)
	at ptolemy.actor.Director.preinitialize(Director.java:1257)
	at ptolemy.domains.sdf.kernel.SDFDirector.preinitialize(SDFDirector.java:763)
	at ptolemy.actor.CompositeActor.preinitialize(CompositeActor.java:1828)
	at ptolemy.actor.Manager.preinitializeAndResolveTypes(Manager.java:1040)
	at ptolemy.actor.Manager.initialize(Manager.java:710)
	at ptolemy.actor.Manager.execute(Manager.java:356)
	at ptolemy.actor.Manager.run(Manager.java:1263)
	at ptolemy.actor.Manager$PtolemyRunThread.run(Manager.java:1915)
Caused by: ptolemy.kernel.util.IllegalActionException: The SDF rate parameter may change. This is not allowed in SDF models that will be run through the code generator.  If you don't care about code generation, then you might consider setting the allowRateChanges parameter of the SDF director to false.
  in .badRateChanges2.typed composite actor.Repeat.output.tokenProductionRate
	at ptolemy.domains.sdf.kernel.SDFScheduler._assertDynamicRateVariable(SDFScheduler.java:931)
	at ptolemy.domains.sdf.kernel.SDFScheduler._checkDynamicRateVariables(SDFScheduler.java:339)
	at ptolemy.domains.sdf.kernel.SDFScheduler._getSchedule(SDFScheduler.java:527)
	at ptolemy.actor.sched.Scheduler.getSchedule(Scheduler.java:189)
	at ptolemy.domains.sdf.kernel.SDFDirector.createSchedule(SDFDirector.java:408)
	... 11 more
java.lang.RuntimeException: Execution failed
	at ptolemy.moml.MoMLSimpleApplication$UnloadThread.run(MoMLSimpleApplication.java:402)
Caused by: ptolemy.actor.sched.NotSchedulableException: Actors remain that cannot be scheduled!

There are several possible reasons:
* SDF Graphs with feedback loops should have an actor with a delay in the loop, such as a SampleDelay.
* The SDF director has an "allowDisconnectedGraphs"parameter, which, when true, permits disconnected SDF graphs.
* The token consumption rate and production rates might be mismatched.
Usually, actors produce one token or consume one token on a port.  To produce or consume multiple tokens per firing, add a "tokenConsumptionRate" or "tokenProductionRate" parameter to the appropriate port.
Unscheduled actors:
.partiallyConnected.Const2 
Scheduled actors:
.partiallyConnected.Const 
  in .partiallyConnected.SDF Director.Scheduler
	at ptolemy.domains.sdf.kernel.SDFScheduler._scheduleConnectedActors(SDFScheduler.java:1828)
	at ptolemy.domains.sdf.kernel.SDFScheduler._getSchedule(SDFScheduler.java:587)
	at ptolemy.actor.sched.Scheduler.getSchedule(Scheduler.java:189)
	at ptolemy.domains.sdf.kernel.SDFDirector.createSchedule(SDFDirector.java:408)
	at ptolemy.domains.sdf.kernel.SDFDirector.preinitialize(SDFDirector.java:764)
	at ptolemy.actor.CompositeActor.preinitialize(CompositeActor.java:1828)
	at ptolemy.actor.Manager.preinitializeAndResolveTypes(Manager.java:1040)
	at ptolemy.actor.Manager.initialize(Manager.java:710)
	at ptolemy.actor.Manager.execute(Manager.java:356)
	at ptolemy.actor.Manager.run(Manager.java:1263)
	at ptolemy.actor.Manager$PtolemyRunThread.run(Manager.java:1915)
]]></system-err>
</testsuite>
