<?xml version="1.0" encoding="UTF-8" ?>
<testsuite errors="0" failures="0" hostname="travis-job-c1a853b6-e39f-416e-9002-58d07b79973f" name="ptolemy.domains.modal.test.junit.JUnitTclTest" skipped="0" tests="148" time="12.243" timestamp="2018-06-30T01:34:01">
  <properties>
[...]
</properties>
  <testcase classname="ptolemy.util.test.junit.TclTests" name="[0] /home/travis/build/icyphy/ptII/ptolemy/domains/modal/test/SystemLevelType.tcl (RunTclFile)" time="2.239" />
  <testcase classname="ptolemy.util.test.junit.AutoKnownFailedTests" name="[0] /home/travis/build/icyphy/ptII/ptolemy/domains/modal/test/auto/knownFailedTests/CannotAnalysisWithPreemption.xml (RunModel)" time="0.199" />
  <testcase classname="ptolemy.util.test.junit.AutoNameArchTests" name="[0] ThereAreNoAutoArchTests (RunModel)" time="0.009" />
  <testcase classname="ptolemy.util.test.junit.AutoTests" name="[0] /home/travis/build/icyphy/ptII/ptolemy/domains/modal/test/auto/ABPTest.xml (RunModel)" time="0.867" />
  <testcase classname="ptolemy.util.test.junit.AutoTests" name="[1] /home/travis/build/icyphy/ptII/ptolemy/domains/modal/test/auto/ABROFlat.xml (RunModel)" time="0.124" />
  <testcase classname="ptolemy.util.test.junit.AutoTests" name="[2] /home/travis/build/icyphy/ptII/ptolemy/domains/modal/test/auto/ABROFlat2.xml (RunModel)" time="0.106" />
  <testcase classname="ptolemy.util.test.junit.AutoTests" name="[3] /home/travis/build/icyphy/ptII/ptolemy/domains/modal/test/auto/ABRO_present_hmm.xml (RunModel)" time="0.212" />
  <testcase classname="ptolemy.util.test.junit.AutoTests" name="[4] /home/travis/build/icyphy/ptII/ptolemy/domains/modal/test/auto/AMICoderExample.xml (RunModel)" time="0.087" />
  <testcase classname="ptolemy.util.test.junit.AutoTests" name="[5] /home/travis/build/icyphy/ptII/ptolemy/domains/modal/test/auto/AbsentToPresent.xml (RunModel)" time="0.033" />
  <testcase classname="ptolemy.util.test.junit.AutoTests" name="[6] /home/travis/build/icyphy/ptII/ptolemy/domains/modal/test/auto/Blending.xml (RunModel)" time="0.242" />
  <testcase classname="ptolemy.util.test.junit.AutoTests" name="[7] /home/travis/build/icyphy/ptII/ptolemy/domains/modal/test/auto/Broadcast.xml (RunModel)" time="0.043" />
  <testcase classname="ptolemy.util.test.junit.AutoTests" name="[8] /home/travis/build/icyphy/ptII/ptolemy/domains/modal/test/auto/BroadcastHierarchy.xml (RunModel)" time="0.063" />
  <testcase classname="ptolemy.util.test.junit.AutoTests" name="[9] /home/travis/build/icyphy/ptII/ptolemy/domains/modal/test/auto/BroadcastHierarchy2.xml (RunModel)" time="0.159" />
  <testcase classname="ptolemy.util.test.junit.AutoTests" name="[10] /home/travis/build/icyphy/ptII/ptolemy/domains/modal/test/auto/BroadcastHierarchy3.xml (RunModel)" time="0.155" />
  <testcase classname="ptolemy.util.test.junit.AutoTests" name="[11] /home/travis/build/icyphy/ptII/ptolemy/domains/modal/test/auto/BroadcastHierarchy4.xml (RunModel)" time="0.124" />
  <testcase classname="ptolemy.util.test.junit.AutoTests" name="[12] /home/travis/build/icyphy/ptII/ptolemy/domains/modal/test/auto/CannotAnalysisWithPreemption2.xml (RunModel)" time="0.046" />
  <testcase classname="ptolemy.util.test.junit.AutoTests" name="[13] /home/travis/build/icyphy/ptII/ptolemy/domains/modal/test/auto/CannotAnalysisWithPreemption3.xml (RunModel)" time="0.063" />
  <testcase classname="ptolemy.util.test.junit.AutoTests" name="[14] /home/travis/build/icyphy/ptII/ptolemy/domains/modal/test/auto/CannotProduce.xml (RunModel)" time="0.044" />
  <testcase classname="ptolemy.util.test.junit.AutoTests" name="[15] /home/travis/build/icyphy/ptII/ptolemy/domains/modal/test/auto/CannotProduceModal.xml (RunModel)" time="0.036" />
  <testcase classname="ptolemy.util.test.junit.AutoTests" name="[16] /home/travis/build/icyphy/ptII/ptolemy/domains/modal/test/auto/Case.xml (RunModel)" time="0.092" />
  <testcase classname="ptolemy.util.test.junit.AutoTests" name="[17] /home/travis/build/icyphy/ptII/ptolemy/domains/modal/test/auto/Case1.xml (RunModel)" time="0.038" />
  <testcase classname="ptolemy.util.test.junit.AutoTests" name="[18] /home/travis/build/icyphy/ptII/ptolemy/domains/modal/test/auto/Case2.xml (RunModel)" time="0.06" />
  <testcase classname="ptolemy.util.test.junit.AutoTests" name="[19] /home/travis/build/icyphy/ptII/ptolemy/domains/modal/test/auto/CausalityInterface1.xml (RunModel)" time="0.034" />
  <testcase classname="ptolemy.util.test.junit.AutoTests" name="[20] /home/travis/build/icyphy/ptII/ptolemy/domains/modal/test/auto/CausalityInterface10.xml (RunModel)" time="0.056" />
  <testcase classname="ptolemy.util.test.junit.AutoTests" name="[21] /home/travis/build/icyphy/ptII/ptolemy/domains/modal/test/auto/CausalityInterface11.xml (RunModel)" time="0.06" />
  <testcase classname="ptolemy.util.test.junit.AutoTests" name="[22] /home/travis/build/icyphy/ptII/ptolemy/domains/modal/test/auto/CausalityInterface12.xml (RunModel)" time="0.055" />
  <testcase classname="ptolemy.util.test.junit.AutoTests" name="[23] /home/travis/build/icyphy/ptII/ptolemy/domains/modal/test/auto/CausalityInterface13.xml (RunModel)" time="0.069" />
  <testcase classname="ptolemy.util.test.junit.AutoTests" name="[24] /home/travis/build/icyphy/ptII/ptolemy/domains/modal/test/auto/CausalityInterface14.xml (RunModel)" time="0.069" />
  <testcase classname="ptolemy.util.test.junit.AutoTests" name="[25] /home/travis/build/icyphy/ptII/ptolemy/domains/modal/test/auto/CausalityInterface2.xml (RunModel)" time="0.038" />
  <testcase classname="ptolemy.util.test.junit.AutoTests" name="[26] /home/travis/build/icyphy/ptII/ptolemy/domains/modal/test/auto/CausalityInterface3.xml (RunModel)" time="0.047" />
  <testcase classname="ptolemy.util.test.junit.AutoTests" name="[27] /home/travis/build/icyphy/ptII/ptolemy/domains/modal/test/auto/CausalityInterface4.xml (RunModel)" time="0.04" />
  <testcase classname="ptolemy.util.test.junit.AutoTests" name="[28] /home/travis/build/icyphy/ptII/ptolemy/domains/modal/test/auto/CausalityInterface5.xml (RunModel)" time="0.043" />
  <testcase classname="ptolemy.util.test.junit.AutoTests" name="[29] /home/travis/build/icyphy/ptII/ptolemy/domains/modal/test/auto/CausalityInterface6.xml (RunModel)" time="0.032" />
  <testcase classname="ptolemy.util.test.junit.AutoTests" name="[30] /home/travis/build/icyphy/ptII/ptolemy/domains/modal/test/auto/CausalityInterface7.xml (RunModel)" time="0.044" />
  <testcase classname="ptolemy.util.test.junit.AutoTests" name="[31] /home/travis/build/icyphy/ptII/ptolemy/domains/modal/test/auto/CausalityInterface8.xml (RunModel)" time="0.037" />
  <testcase classname="ptolemy.util.test.junit.AutoTests" name="[32] /home/travis/build/icyphy/ptII/ptolemy/domains/modal/test/auto/CausalityInterface9.xml (RunModel)" time="0.043" />
  <testcase classname="ptolemy.util.test.junit.AutoTests" name="[33] /home/travis/build/icyphy/ptII/ptolemy/domains/modal/test/auto/ChainedTransitions.xml (RunModel)" time="0.125" />
  <testcase classname="ptolemy.util.test.junit.AutoTests" name="[34] /home/travis/build/icyphy/ptII/ptolemy/domains/modal/test/auto/CycleOfImmediateTransitionsFSM.xml (RunModel)" time="0.019" />
  <testcase classname="ptolemy.util.test.junit.AutoTests" name="[35] /home/travis/build/icyphy/ptII/ptolemy/domains/modal/test/auto/CycleOfImmediateTransitionsModal.xml (RunModel)" time="0.031" />
  <testcase classname="ptolemy.util.test.junit.AutoTests" name="[36] /home/travis/build/icyphy/ptII/ptolemy/domains/modal/test/auto/CycleOfImmediateTransitionsModal2.xml (RunModel)" time="0.033" />
  <testcase classname="ptolemy.util.test.junit.AutoTests" name="[37] /home/travis/build/icyphy/ptII/ptolemy/domains/modal/test/auto/CycleOfImmediateTransitionsModal3.xml (RunModel)" time="0.093" />
  <testcase classname="ptolemy.util.test.junit.AutoTests" name="[38] /home/travis/build/icyphy/ptII/ptolemy/domains/modal/test/auto/DeepModal1.xml (RunModel)" time="0.056" />
  <testcase classname="ptolemy.util.test.junit.AutoTests" name="[39] /home/travis/build/icyphy/ptII/ptolemy/domains/modal/test/auto/DeepModal2.xml (RunModel)" time="0.105" />
  <testcase classname="ptolemy.util.test.junit.AutoTests" name="[40] /home/travis/build/icyphy/ptII/ptolemy/domains/modal/test/auto/DeepModal3.xml (RunModel)" time="0.094" />
  <testcase classname="ptolemy.util.test.junit.AutoTests" name="[41] /home/travis/build/icyphy/ptII/ptolemy/domains/modal/test/auto/DeepModal4.xml (RunModel)" time="0.102" />
  <testcase classname="ptolemy.util.test.junit.AutoTests" name="[42] /home/travis/build/icyphy/ptII/ptolemy/domains/modal/test/auto/Default1.xml (RunModel)" time="0.02" />
  <testcase classname="ptolemy.util.test.junit.AutoTests" name="[43] /home/travis/build/icyphy/ptII/ptolemy/domains/modal/test/auto/Default2.xml (RunModel)" time="0.017" />
  <testcase classname="ptolemy.util.test.junit.AutoTests" name="[44] /home/travis/build/icyphy/ptII/ptolemy/domains/modal/test/auto/Default3.xml (RunModel)" time="0.02" />
  <testcase classname="ptolemy.util.test.junit.AutoTests" name="[45] /home/travis/build/icyphy/ptII/ptolemy/domains/modal/test/auto/Default4.xml (RunModel)" time="0.019" />
  <testcase classname="ptolemy.util.test.junit.AutoTests" name="[46] /home/travis/build/icyphy/ptII/ptolemy/domains/modal/test/auto/Default5.xml (RunModel)" time="0.028" />
  <testcase classname="ptolemy.util.test.junit.AutoTests" name="[47] /home/travis/build/icyphy/ptII/ptolemy/domains/modal/test/auto/EmptyGuard.xml (RunModel)" time="0.027" />
  <testcase classname="ptolemy.util.test.junit.AutoTests" name="[48] /home/travis/build/icyphy/ptII/ptolemy/domains/modal/test/auto/ErrorTransition1.xml (RunModel)" time="0.035" />
  <testcase classname="ptolemy.util.test.junit.AutoTests" name="[49] /home/travis/build/icyphy/ptII/ptolemy/domains/modal/test/auto/ErrorTransition10.xml (RunModel)" time="0.043" />
  <testcase classname="ptolemy.util.test.junit.AutoTests" name="[50] /home/travis/build/icyphy/ptII/ptolemy/domains/modal/test/auto/ErrorTransition11.xml (RunModel)" time="0.039" />
  <testcase classname="ptolemy.util.test.junit.AutoTests" name="[51] /home/travis/build/icyphy/ptII/ptolemy/domains/modal/test/auto/ErrorTransition2.xml (RunModel)" time="0.028" />
  <testcase classname="ptolemy.util.test.junit.AutoTests" name="[52] /home/travis/build/icyphy/ptII/ptolemy/domains/modal/test/auto/ErrorTransition3.xml (RunModel)" time="0.033" />
  <testcase classname="ptolemy.util.test.junit.AutoTests" name="[53] /home/travis/build/icyphy/ptII/ptolemy/domains/modal/test/auto/ErrorTransition4.xml (RunModel)" time="0.04" />
  <testcase classname="ptolemy.util.test.junit.AutoTests" name="[54] /home/travis/build/icyphy/ptII/ptolemy/domains/modal/test/auto/ErrorTransition5.xml (RunModel)" time="0.031" />
  <testcase classname="ptolemy.util.test.junit.AutoTests" name="[55] /home/travis/build/icyphy/ptII/ptolemy/domains/modal/test/auto/ErrorTransition6.xml (RunModel)" time="0.036" />
  <testcase classname="ptolemy.util.test.junit.AutoTests" name="[56] /home/travis/build/icyphy/ptII/ptolemy/domains/modal/test/auto/ErrorTransition7.xml (RunModel)" time="0.04" />
  <testcase classname="ptolemy.util.test.junit.AutoTests" name="[57] /home/travis/build/icyphy/ptII/ptolemy/domains/modal/test/auto/ErrorTransition8.xml (RunModel)" time="0.056" />
  <testcase classname="ptolemy.util.test.junit.AutoTests" name="[58] /home/travis/build/icyphy/ptII/ptolemy/domains/modal/test/auto/ErrorTransition9.xml (RunModel)" time="0.046" />
  <testcase classname="ptolemy.util.test.junit.AutoTests" name="[59] /home/travis/build/icyphy/ptII/ptolemy/domains/modal/test/auto/ExtendedFSM.xml (RunModel)" time="0.024" />
  <testcase classname="ptolemy.util.test.junit.AutoTests" name="[60] /home/travis/build/icyphy/ptII/ptolemy/domains/modal/test/auto/FinalStates.xml (RunModel)" time="0.029" />
  <testcase classname="ptolemy.util.test.junit.AutoTests" name="[61] /home/travis/build/icyphy/ptII/ptolemy/domains/modal/test/auto/FixedPointFSM.xml (RunModel)" time="0.056" />
  <testcase classname="ptolemy.util.test.junit.AutoTests" name="[62] /home/travis/build/icyphy/ptII/ptolemy/domains/modal/test/auto/FixedPointIterationFSMActor.xml (RunModel)" time="0.039" />
  <testcase classname="ptolemy.util.test.junit.AutoTests" name="[63] /home/travis/build/icyphy/ptII/ptolemy/domains/modal/test/auto/FixedPointIterationFSMActor2.xml (RunModel)" time="0.049" />
  <testcase classname="ptolemy.util.test.junit.AutoTests" name="[64] /home/travis/build/icyphy/ptII/ptolemy/domains/modal/test/auto/ForbiddenInstantanousLoop.xml (RunModel)" time="0.04" />
  <testcase classname="ptolemy.util.test.junit.AutoTests" name="[65] /home/travis/build/icyphy/ptII/ptolemy/domains/modal/test/auto/FunctionDependencyOfFSMActorTest.xml (RunModel)" time="0.032" />
  <testcase classname="ptolemy.util.test.junit.AutoTests" name="[66] /home/travis/build/icyphy/ptII/ptolemy/domains/modal/test/auto/GuardExpression.xml (RunModel)" time="0.023" />
  <testcase classname="ptolemy.util.test.junit.AutoTests" name="[67] /home/travis/build/icyphy/ptII/ptolemy/domains/modal/test/auto/GuardNotEvaluated.xml (RunModel)" time="0.037" />
  <testcase classname="ptolemy.util.test.junit.AutoTests" name="[68] /home/travis/build/icyphy/ptII/ptolemy/domains/modal/test/auto/GuardNotEvaluated2.xml (RunModel)" time="0.033" />
  <testcase classname="ptolemy.util.test.junit.AutoTests" name="[69] /home/travis/build/icyphy/ptII/ptolemy/domains/modal/test/auto/GuardOnAbsent.xml (RunModel)" time="0.031" />
  <testcase classname="ptolemy.util.test.junit.AutoTests" name="[70] /home/travis/build/icyphy/ptII/ptolemy/domains/modal/test/auto/HierarchicalFSMTypeInference.xml (RunModel)" time="0.035" />
  <testcase classname="ptolemy.util.test.junit.AutoTests" name="[71] /home/travis/build/icyphy/ptII/ptolemy/domains/modal/test/auto/Hysteresis.xml (RunModel)" time="0.049" />
  <testcase classname="ptolemy.util.test.junit.AutoTests" name="[72] /home/travis/build/icyphy/ptII/ptolemy/domains/modal/test/auto/HysteresisWithDefault.xml (RunModel)" time="0.087" />
  <testcase classname="ptolemy.util.test.junit.AutoTests" name="[73] /home/travis/build/icyphy/ptII/ptolemy/domains/modal/test/auto/HysteresisWithDefault2.xml (RunModel)" time="0.105" />
  <testcase classname="ptolemy.util.test.junit.AutoTests" name="[74] /home/travis/build/icyphy/ptII/ptolemy/domains/modal/test/auto/ImmediateNonConstructiveness.xml (RunModel)" time="0.023" />
  <testcase classname="ptolemy.util.test.junit.AutoTests" name="[75] /home/travis/build/icyphy/ptII/ptolemy/domains/modal/test/auto/ImmediateNonConstructiveness2.xml (RunModel)" time="0.022" />
  <testcase classname="ptolemy.util.test.junit.AutoTests" name="[76] /home/travis/build/icyphy/ptII/ptolemy/domains/modal/test/auto/ImmediateTransitionReset.xml (RunModel)" time="0.052" />
  <testcase classname="ptolemy.util.test.junit.AutoTests" name="[77] /home/travis/build/icyphy/ptII/ptolemy/domains/modal/test/auto/ImmediateTransitions1.xml (RunModel)" time="0.016" />
  <testcase classname="ptolemy.util.test.junit.AutoTests" name="[78] /home/travis/build/icyphy/ptII/ptolemy/domains/modal/test/auto/ImmediateTransitionsInstantaneousCommunication.xml (RunModel)" time="0.045" />
  <testcase classname="ptolemy.util.test.junit.AutoTests" name="[79] /home/travis/build/icyphy/ptII/ptolemy/domains/modal/test/auto/InitialImmediateTransition.xml (RunModel)" time="0.021" />
  <testcase classname="ptolemy.util.test.junit.AutoTests" name="[80] /home/travis/build/icyphy/ptII/ptolemy/domains/modal/test/auto/InitialOutputs.xml (RunModel)" time="0.019" />
  <testcase classname="ptolemy.util.test.junit.AutoTests" name="[81] /home/travis/build/icyphy/ptII/ptolemy/domains/modal/test/auto/InitialStateTransition1.xml (RunModel)" time="0.026" />
  <testcase classname="ptolemy.util.test.junit.AutoTests" name="[82] /home/travis/build/icyphy/ptII/ptolemy/domains/modal/test/auto/InitialStateTransition2.xml (RunModel)" time="0.031" />
  <testcase classname="ptolemy.util.test.junit.AutoTests" name="[83] /home/travis/build/icyphy/ptII/ptolemy/domains/modal/test/auto/InitialStateTransition3.xml (RunModel)" time="0.03" />
  <testcase classname="ptolemy.util.test.junit.AutoTests" name="[84] /home/travis/build/icyphy/ptII/ptolemy/domains/modal/test/auto/InitialStateTransition4.xml (RunModel)" time="0.031" />
  <testcase classname="ptolemy.util.test.junit.AutoTests" name="[85] /home/travis/build/icyphy/ptII/ptolemy/domains/modal/test/auto/MalformedGuardExpressionNotCaught.xml (RunModel)" time="0.022" />
  <testcase classname="ptolemy.util.test.junit.AutoTests" name="[86] /home/travis/build/icyphy/ptII/ptolemy/domains/modal/test/auto/ModalBSC.xml (RunModel)" time="0.111" />
  <testcase classname="ptolemy.util.test.junit.AutoTests" name="[87] /home/travis/build/icyphy/ptII/ptolemy/domains/modal/test/auto/ModalClocks.xml (RunModel)" time="0.105" />
  <testcase classname="ptolemy.util.test.junit.AutoTests" name="[88] /home/travis/build/icyphy/ptII/ptolemy/domains/modal/test/auto/ModalDelay.xml (RunModel)" time="0.064" />
  <testcase classname="ptolemy.util.test.junit.AutoTests" name="[89] /home/travis/build/icyphy/ptII/ptolemy/domains/modal/test/auto/ModalDelay2.xml (RunModel)" time="0.056" />
  <testcase classname="ptolemy.util.test.junit.AutoTests" name="[90] /home/travis/build/icyphy/ptII/ptolemy/domains/modal/test/auto/ModalModelFromMemo.xml (RunModel)" time="0.078" />
  <testcase classname="ptolemy.util.test.junit.AutoTests" name="[91] /home/travis/build/icyphy/ptII/ptolemy/domains/modal/test/auto/ModalModelWithMultirateTransient.xml (RunModel)" time="0.057" />
  <testcase classname="ptolemy.util.test.junit.AutoTests" name="[92] /home/travis/build/icyphy/ptII/ptolemy/domains/modal/test/auto/ModalModelWithReset.xml (RunModel)" time="0.059" />
  <testcase classname="ptolemy.util.test.junit.AutoTests" name="[93] /home/travis/build/icyphy/ptII/ptolemy/domains/modal/test/auto/MouseClickFSM.xml (RunModel)" time="0.067" />
  <testcase classname="ptolemy.util.test.junit.AutoTests" name="[94] /home/travis/build/icyphy/ptII/ptolemy/domains/modal/test/auto/MouseClickFSMModal.xml (RunModel)" time="0.043" />
  <testcase classname="ptolemy.util.test.junit.AutoTests" name="[95] /home/travis/build/icyphy/ptII/ptolemy/domains/modal/test/auto/NonStrictFSM_FeedbackLoop.xml (RunModel)" time="0.056" />
  <testcase classname="ptolemy.util.test.junit.AutoTests" name="[96] /home/travis/build/icyphy/ptII/ptolemy/domains/modal/test/auto/NonStrictFSM_FeedbackLoop_Refinement.xml (RunModel)" time="0.073" />
  <testcase classname="ptolemy.util.test.junit.AutoTests" name="[97] /home/travis/build/icyphy/ptII/ptolemy/domains/modal/test/auto/NonStrictFSM_FeedbackLoop_preemptive.xml (RunModel)" time="0.054" />
  <testcase classname="ptolemy.util.test.junit.AutoTests" name="[98] /home/travis/build/icyphy/ptII/ptolemy/domains/modal/test/auto/NormalTermination.xml (RunModel)" time="0.066" />
  <testcase classname="ptolemy.util.test.junit.AutoTests" name="[99] /home/travis/build/icyphy/ptII/ptolemy/domains/modal/test/auto/Pong.xml (RunModel)" time="0.064" />
  <testcase classname="ptolemy.util.test.junit.AutoTests" name="[100] /home/travis/build/icyphy/ptII/ptolemy/domains/modal/test/auto/Pong_test.xml (RunModel)" time="0.134" />
  <testcase classname="ptolemy.util.test.junit.AutoTests" name="[101] /home/travis/build/icyphy/ptII/ptolemy/domains/modal/test/auto/PreemptionHierarchy.xml (RunModel)" time="0.03" />
  <testcase classname="ptolemy.util.test.junit.AutoTests" name="[102] /home/travis/build/icyphy/ptII/ptolemy/domains/modal/test/auto/PreemptionHierarchy2.xml (RunModel)" time="0.039" />
  <testcase classname="ptolemy.util.test.junit.AutoTests" name="[103] /home/travis/build/icyphy/ptII/ptolemy/domains/modal/test/auto/PreemptiveTransition.xml (RunModel)" time="0.025" />
  <testcase classname="ptolemy.util.test.junit.AutoTests" name="[104] /home/travis/build/icyphy/ptII/ptolemy/domains/modal/test/auto/Priorities.xml (RunModel)" time="0.106" />
  <testcase classname="ptolemy.util.test.junit.AutoTests" name="[105] /home/travis/build/icyphy/ptII/ptolemy/domains/modal/test/auto/ResetFinal.xml (RunModel)" time="0.046" />
  <testcase classname="ptolemy.util.test.junit.AutoTests" name="[106] /home/travis/build/icyphy/ptII/ptolemy/domains/modal/test/auto/ResetFinal2.xml (RunModel)" time="0.037" />
  <testcase classname="ptolemy.util.test.junit.AutoTests" name="[107] /home/travis/build/icyphy/ptII/ptolemy/domains/modal/test/auto/ResetTransitionWithStartTime.xml (RunModel)" time="0.039" />
  <testcase classname="ptolemy.util.test.junit.AutoTests" name="[108] /home/travis/build/icyphy/ptII/ptolemy/domains/modal/test/auto/SDF-FSMComposite.xml (RunModel)" time="0.027" />
  <testcase classname="ptolemy.util.test.junit.AutoTests" name="[109] /home/travis/build/icyphy/ptII/ptolemy/domains/modal/test/auto/SeeminglyNondeterminate.xml (RunModel)" time="0.095" />
  <testcase classname="ptolemy.util.test.junit.AutoTests" name="[110] /home/travis/build/icyphy/ptII/ptolemy/domains/modal/test/auto/SeeminglyNondeterminate2.xml (RunModel)" time="0.087" />
  <testcase classname="ptolemy.util.test.junit.AutoTests" name="[111] /home/travis/build/icyphy/ptII/ptolemy/domains/modal/test/auto/SpontaneousFSM.xml (RunModel)" time="0.05" />
  <testcase classname="ptolemy.util.test.junit.AutoTests" name="[112] /home/travis/build/icyphy/ptII/ptolemy/domains/modal/test/auto/SpontaneousFSM2.xml (RunModel)" time="0.037" />
  <testcase classname="ptolemy.util.test.junit.AutoTests" name="[113] /home/travis/build/icyphy/ptII/ptolemy/domains/modal/test/auto/SpontaneousFSM3.xml (RunModel)" time="0.05" />
  <testcase classname="ptolemy.util.test.junit.AutoTests" name="[114] /home/travis/build/icyphy/ptII/ptolemy/domains/modal/test/auto/SpontaneousFSM4.xml (RunModel)" time="0.055" />
  <testcase classname="ptolemy.util.test.junit.AutoTests" name="[115] /home/travis/build/icyphy/ptII/ptolemy/domains/modal/test/auto/StateTrackerTest.xml (RunModel)" time="0.072" />
  <testcase classname="ptolemy.util.test.junit.AutoTests" name="[116] /home/travis/build/icyphy/ptII/ptolemy/domains/modal/test/auto/StrongImmediateTransition.xml (RunModel)" time="0.031" />
  <testcase classname="ptolemy.util.test.junit.AutoTests" name="[117] /home/travis/build/icyphy/ptII/ptolemy/domains/modal/test/auto/SustainHierarchy.xml (RunModel)" time="0.041" />
  <testcase classname="ptolemy.util.test.junit.AutoTests" name="[118] /home/travis/build/icyphy/ptII/ptolemy/domains/modal/test/auto/TerminationTransition1.xml (RunModel)" time="0.026" />
  <testcase classname="ptolemy.util.test.junit.AutoTests" name="[119] /home/travis/build/icyphy/ptII/ptolemy/domains/modal/test/auto/TerminationTransition2.xml (RunModel)" time="0.037" />
  <testcase classname="ptolemy.util.test.junit.AutoTests" name="[120] /home/travis/build/icyphy/ptII/ptolemy/domains/modal/test/auto/TerminationTransition3.xml (RunModel)" time="0.033" />
  <testcase classname="ptolemy.util.test.junit.AutoTests" name="[121] /home/travis/build/icyphy/ptII/ptolemy/domains/modal/test/auto/TerminationTransition4.xml (RunModel)" time="0.05" />
  <testcase classname="ptolemy.util.test.junit.AutoTests" name="[122] /home/travis/build/icyphy/ptII/ptolemy/domains/modal/test/auto/TerminationTransition5.xml (RunModel)" time="0.047" />
  <testcase classname="ptolemy.util.test.junit.AutoTests" name="[123] /home/travis/build/icyphy/ptII/ptolemy/domains/modal/test/auto/TerminationTransition6.xml (RunModel)" time="0.034" />
  <testcase classname="ptolemy.util.test.junit.AutoTests" name="[124] /home/travis/build/icyphy/ptII/ptolemy/domains/modal/test/auto/TerminationTransition7.xml (RunModel)" time="0.028" />
  <testcase classname="ptolemy.util.test.junit.AutoTests" name="[125] /home/travis/build/icyphy/ptII/ptolemy/domains/modal/test/auto/TerminationTransition8.xml (RunModel)" time="0.032" />
  <testcase classname="ptolemy.util.test.junit.AutoTests" name="[126] /home/travis/build/icyphy/ptII/ptolemy/domains/modal/test/auto/Thermostat_NoHysteresis.xml (RunModel)" time="0.09" />
  <testcase classname="ptolemy.util.test.junit.AutoTests" name="[127] /home/travis/build/icyphy/ptII/ptolemy/domains/modal/test/auto/TimedFSM.xml (RunModel)" time="0.042" />
  <testcase classname="ptolemy.util.test.junit.AutoTests" name="[128] /home/travis/build/icyphy/ptII/ptolemy/domains/modal/test/auto/Timeout1.xml (RunModel)" time="0.016" />
  <testcase classname="ptolemy.util.test.junit.AutoTests" name="[129] /home/travis/build/icyphy/ptII/ptolemy/domains/modal/test/auto/Timeout2.xml (RunModel)" time="0.024" />
  <testcase classname="ptolemy.util.test.junit.AutoTests" name="[130] /home/travis/build/icyphy/ptII/ptolemy/domains/modal/test/auto/Timeout3.xml (RunModel)" time="0.018" />
  <testcase classname="ptolemy.util.test.junit.AutoTests" name="[131] /home/travis/build/icyphy/ptII/ptolemy/domains/modal/test/auto/Timeout4.xml (RunModel)" time="0.013" />
  <testcase classname="ptolemy.util.test.junit.AutoTests" name="[132] /home/travis/build/icyphy/ptII/ptolemy/domains/modal/test/auto/TransientstateModelAdvanced.xml (RunModel)" time="0.034" />
  <testcase classname="ptolemy.util.test.junit.AutoTests" name="[133] /home/travis/build/icyphy/ptII/ptolemy/domains/modal/test/auto/TransientstateModelAdvanced2.xml (RunModel)" time="0.037" />
  <testcase classname="ptolemy.util.test.junit.AutoTests" name="[134] /home/travis/build/icyphy/ptII/ptolemy/domains/modal/test/auto/TransitionRefinements.xml (RunModel)" time="0.03" />
  <testcase classname="ptolemy.util.test.junit.AutoTests" name="[135] /home/travis/build/icyphy/ptII/ptolemy/domains/modal/test/auto/TwoRefinements1.xml (RunModel)" time="0.029" />
  <testcase classname="ptolemy.util.test.junit.AutoTests" name="[136] /home/travis/build/icyphy/ptII/ptolemy/domains/modal/test/auto/TwoRefinements2.xml (RunModel)" time="0.029" />
  <testcase classname="ptolemy.util.test.junit.AutoTests" name="[137] /home/travis/build/icyphy/ptII/ptolemy/domains/modal/test/auto/WeakImmediateTransition.xml (RunModel)" time="0.025" />
  <testcase classname="ptolemy.util.test.junit.AutoTests" name="[138] /home/travis/build/icyphy/ptII/ptolemy/domains/modal/test/auto/booleanSelect.xml (RunModel)" time="0.064" />
  <testcase classname="ptolemy.util.test.junit.AutoTests" name="[139] /home/travis/build/icyphy/ptII/ptolemy/domains/modal/test/auto/modalChangingParams.xml (RunModel)" time="0.366" />
  <testcase classname="ptolemy.util.test.junit.AutoTests" name="[140] /home/travis/build/icyphy/ptII/ptolemy/domains/modal/test/auto/modalModel.xml (RunModel)" time="0.036" />
  <testcase classname="ptolemy.util.test.junit.AutoTests" name="[141] /home/travis/build/icyphy/ptII/ptolemy/domains/modal/test/auto/modalModel2.xml (RunModel)" time="0.045" />
  <testcase classname="ptolemy.util.test.junit.AutoTests" name="[142] /home/travis/build/icyphy/ptII/ptolemy/domains/modal/test/auto/modalModel3.xml (RunModel)" time="0.048" />
  <testcase classname="ptolemy.util.test.junit.AutoTests" name="[143] /home/travis/build/icyphy/ptII/ptolemy/domains/modal/test/auto/model1.xml (RunModel)" time="0.023" />
  <testcase classname="ptolemy.util.test.junit.AutoTests" name="[144] /home/travis/build/icyphy/ptII/ptolemy/domains/modal/test/auto/test-direct-in-out.xml (RunModel)" time="0.024" />
  <system-out><![CDATA[/home/travis/build/icyphy/ptII/ptolemy/domains/modal/test/SystemLevelType.tcl
testDefs.tcl: setting time out to 9000 seconds at Sat Jun 30 01:34:01 UTC 2018
06/30/18 01:34:03
Failed: 0  Total Tests: 1  ((Passed: 1, Newly Passed: 0)  Known Failed: 0) /home/travis/build/icyphy/ptII/ptolemy/domains/modal/test
----------------- testing (KnownFailure) /home/travis/build/icyphy/ptII/ptolemy/domains/modal/test/auto/knownFailedTests/CannotAnalysisWithPreemption.xml
70 ms. Memory: 208384K Free: 185799K (89%)
Known Failure: java.lang.reflect.InvocationTargetException
No auto/linux-amd64/*.xml tests in /home/travis/build/icyphy/ptII/ptolemy/domains/modal/test
AutoTests.java: About to close Vertx.
AutoTests.java: Vertx closed.

===========================================================================================
----------------- testing Sat Jun 30 01:34:04 UTC 2018 /home/travis/build/icyphy/ptII/ptolemy/domains/modal/test/auto/ABPTest.xml
----------------- Instantiating /home/travis/build/icyphy/ptII/ptolemy/domains/modal/test/auto/ABPTest.xml
416 ms. Memory: 332288K Free: 291726K (88%)
----------------- Invoking toplevel() on ptolemy.moml.MoMLSimpleApplication@63402c67
----------------- Done invoking toplevel() on ptolemy.moml.MoMLSimpleApplication@63402c67
reloadAllAccessors: .ABPTest

===========================================================================================
----------------- testing Sat Jun 30 01:34:05 UTC 2018 /home/travis/build/icyphy/ptII/ptolemy/domains/modal/test/auto/ABROFlat.xml
----------------- Instantiating /home/travis/build/icyphy/ptII/ptolemy/domains/modal/test/auto/ABROFlat.xml
29 ms. Memory: 332288K Free: 269439K (81%)
----------------- Invoking toplevel() on ptolemy.moml.MoMLSimpleApplication@7886910a
----------------- Done invoking toplevel() on ptolemy.moml.MoMLSimpleApplication@7886910a
reloadAllAccessors: .ABROFlat

===========================================================================================
----------------- testing Sat Jun 30 01:34:05 UTC 2018 /home/travis/build/icyphy/ptII/ptolemy/domains/modal/test/auto/ABROFlat2.xml
----------------- Instantiating /home/travis/build/icyphy/ptII/ptolemy/domains/modal/test/auto/ABROFlat2.xml
23 ms. Memory: 332288K Free: 251449K (76%)
----------------- Invoking toplevel() on ptolemy.moml.MoMLSimpleApplication@43105b9
----------------- Done invoking toplevel() on ptolemy.moml.MoMLSimpleApplication@43105b9
reloadAllAccessors: .ABROFlat2

===========================================================================================
----------------- testing Sat Jun 30 01:34:05 UTC 2018 /home/travis/build/icyphy/ptII/ptolemy/domains/modal/test/auto/ABRO_present_hmm.xml
----------------- Instantiating /home/travis/build/icyphy/ptII/ptolemy/domains/modal/test/auto/ABRO_present_hmm.xml
40 ms. Memory: 332288K Free: 218780K (66%)
----------------- Invoking toplevel() on ptolemy.moml.MoMLSimpleApplication@34580250
----------------- Done invoking toplevel() on ptolemy.moml.MoMLSimpleApplication@34580250
reloadAllAccessors: .ABRO_present_hmm

===========================================================================================
----------------- testing Sat Jun 30 01:34:05 UTC 2018 /home/travis/build/icyphy/ptII/ptolemy/domains/modal/test/auto/AMICoderExample.xml
----------------- Instantiating /home/travis/build/icyphy/ptII/ptolemy/domains/modal/test/auto/AMICoderExample.xml
29 ms. Memory: 332288K Free: 207335K (62%)
----------------- Invoking toplevel() on ptolemy.moml.MoMLSimpleApplication@13d8478a
----------------- Done invoking toplevel() on ptolemy.moml.MoMLSimpleApplication@13d8478a
reloadAllAccessors: .AMICoderExample

===========================================================================================
----------------- testing Sat Jun 30 01:34:05 UTC 2018 /home/travis/build/icyphy/ptII/ptolemy/domains/modal/test/auto/AbsentToPresent.xml
----------------- Instantiating /home/travis/build/icyphy/ptII/ptolemy/domains/modal/test/auto/AbsentToPresent.xml
6 ms. Memory: 332288K Free: 197342K (59%)
----------------- Invoking toplevel() on ptolemy.moml.MoMLSimpleApplication@6301a7b7
----------------- Done invoking toplevel() on ptolemy.moml.MoMLSimpleApplication@6301a7b7
reloadAllAccessors: .AbsentToPresent

===========================================================================================
----------------- testing Sat Jun 30 01:34:05 UTC 2018 /home/travis/build/icyphy/ptII/ptolemy/domains/modal/test/auto/Blending.xml
----------------- Instantiating /home/travis/build/icyphy/ptII/ptolemy/domains/modal/test/auto/Blending.xml
114 ms. Memory: 332288K Free: 146588K (44%)
----------------- Invoking toplevel() on ptolemy.moml.MoMLSimpleApplication@4b8bce07
----------------- Done invoking toplevel() on ptolemy.moml.MoMLSimpleApplication@4b8bce07
reloadAllAccessors: .Blending

===========================================================================================
----------------- testing Sat Jun 30 01:34:05 UTC 2018 /home/travis/build/icyphy/ptII/ptolemy/domains/modal/test/auto/Broadcast.xml
----------------- Instantiating /home/travis/build/icyphy/ptII/ptolemy/domains/modal/test/auto/Broadcast.xml
7 ms. Memory: 332288K Free: 133515K (40%)
----------------- Invoking toplevel() on ptolemy.moml.MoMLSimpleApplication@e6e74e5
----------------- Done invoking toplevel() on ptolemy.moml.MoMLSimpleApplication@e6e74e5
reloadAllAccessors: .Broadcast

===========================================================================================
----------------- testing Sat Jun 30 01:34:05 UTC 2018 /home/travis/build/icyphy/ptII/ptolemy/domains/modal/test/auto/BroadcastHierarchy.xml
----------------- Instantiating /home/travis/build/icyphy/ptII/ptolemy/domains/modal/test/auto/BroadcastHierarchy.xml
9 ms. Memory: 332288K Free: 115556K (35%)
----------------- Invoking toplevel() on ptolemy.moml.MoMLSimpleApplication@19d0a76c
----------------- Done invoking toplevel() on ptolemy.moml.MoMLSimpleApplication@19d0a76c
reloadAllAccessors: .BroadcastHierarchy

===========================================================================================
----------------- testing Sat Jun 30 01:34:05 UTC 2018 /home/travis/build/icyphy/ptII/ptolemy/domains/modal/test/auto/BroadcastHierarchy2.xml
----------------- Instantiating /home/travis/build/icyphy/ptII/ptolemy/domains/modal/test/auto/BroadcastHierarchy2.xml
35 ms. Memory: 332288K Free: 79592K (24%)
----------------- Invoking toplevel() on ptolemy.moml.MoMLSimpleApplication@776fd310
----------------- Done invoking toplevel() on ptolemy.moml.MoMLSimpleApplication@776fd310
reloadAllAccessors: .BroadcastHierarchy2

===========================================================================================
----------------- testing Sat Jun 30 01:34:06 UTC 2018 /home/travis/build/icyphy/ptII/ptolemy/domains/modal/test/auto/BroadcastHierarchy3.xml
----------------- Instantiating /home/travis/build/icyphy/ptII/ptolemy/domains/modal/test/auto/BroadcastHierarchy3.xml
17 ms. Memory: 333824K Free: 297809K (89%)
----------------- Invoking toplevel() on ptolemy.moml.MoMLSimpleApplication@6091b4cb
----------------- Done invoking toplevel() on ptolemy.moml.MoMLSimpleApplication@6091b4cb
reloadAllAccessors: .BroadcastHierarchy3

===========================================================================================
----------------- testing Sat Jun 30 01:34:06 UTC 2018 /home/travis/build/icyphy/ptII/ptolemy/domains/modal/test/auto/BroadcastHierarchy4.xml
----------------- Instantiating /home/travis/build/icyphy/ptII/ptolemy/domains/modal/test/auto/BroadcastHierarchy4.xml
20 ms. Memory: 333824K Free: 264484K (79%)
----------------- Invoking toplevel() on ptolemy.moml.MoMLSimpleApplication@2f1248f
----------------- Done invoking toplevel() on ptolemy.moml.MoMLSimpleApplication@2f1248f
reloadAllAccessors: .BroadcastHierarchy4

===========================================================================================
----------------- testing Sat Jun 30 01:34:06 UTC 2018 /home/travis/build/icyphy/ptII/ptolemy/domains/modal/test/auto/CannotAnalysisWithPreemption2.xml
----------------- Instantiating /home/travis/build/icyphy/ptII/ptolemy/domains/modal/test/auto/CannotAnalysisWithPreemption2.xml
5 ms. Memory: 333824K Free: 254683K (76%)
----------------- Invoking toplevel() on ptolemy.moml.MoMLSimpleApplication@18aaef8f
----------------- Done invoking toplevel() on ptolemy.moml.MoMLSimpleApplication@18aaef8f
reloadAllAccessors: .CannotAnalysisWithPreemption2

===========================================================================================
----------------- testing Sat Jun 30 01:34:06 UTC 2018 /home/travis/build/icyphy/ptII/ptolemy/domains/modal/test/auto/CannotAnalysisWithPreemption3.xml
----------------- Instantiating /home/travis/build/icyphy/ptII/ptolemy/domains/modal/test/auto/CannotAnalysisWithPreemption3.xml
6 ms. Memory: 333824K Free: 241625K (72%)
----------------- Invoking toplevel() on ptolemy.moml.MoMLSimpleApplication@305ea7f
----------------- Done invoking toplevel() on ptolemy.moml.MoMLSimpleApplication@305ea7f
reloadAllAccessors: .CannotAnalysisWithPreemption3

===========================================================================================
----------------- testing Sat Jun 30 01:34:06 UTC 2018 /home/travis/build/icyphy/ptII/ptolemy/domains/modal/test/auto/CannotProduce.xml
----------------- Instantiating /home/travis/build/icyphy/ptII/ptolemy/domains/modal/test/auto/CannotProduce.xml
19 ms. Memory: 333824K Free: 232795K (70%)
----------------- Invoking toplevel() on ptolemy.moml.MoMLSimpleApplication@58733b2f
----------------- Done invoking toplevel() on ptolemy.moml.MoMLSimpleApplication@58733b2f
reloadAllAccessors: .CannotProduce

===========================================================================================
----------------- testing Sat Jun 30 01:34:06 UTC 2018 /home/travis/build/icyphy/ptII/ptolemy/domains/modal/test/auto/CannotProduceModal.xml
----------------- Instantiating /home/travis/build/icyphy/ptII/ptolemy/domains/modal/test/auto/CannotProduceModal.xml
7 ms. Memory: 333824K Free: 224622K (67%)
----------------- Invoking toplevel() on ptolemy.moml.MoMLSimpleApplication@6c98fe49
----------------- Done invoking toplevel() on ptolemy.moml.MoMLSimpleApplication@6c98fe49
reloadAllAccessors: .CannotProduceModal

===========================================================================================
----------------- testing Sat Jun 30 01:34:06 UTC 2018 /home/travis/build/icyphy/ptII/ptolemy/domains/modal/test/auto/Case.xml
----------------- Instantiating /home/travis/build/icyphy/ptII/ptolemy/domains/modal/test/auto/Case.xml
47 ms. Memory: 333824K Free: 211548K (63%)
----------------- Invoking toplevel() on ptolemy.moml.MoMLSimpleApplication@768a481e
----------------- Done invoking toplevel() on ptolemy.moml.MoMLSimpleApplication@768a481e
reloadAllAccessors: .Case

===========================================================================================
----------------- testing Sat Jun 30 01:34:06 UTC 2018 /home/travis/build/icyphy/ptII/ptolemy/domains/modal/test/auto/Case1.xml
----------------- Instantiating /home/travis/build/icyphy/ptII/ptolemy/domains/modal/test/auto/Case1.xml
10 ms. Memory: 333824K Free: 201067K (60%)
----------------- Invoking toplevel() on ptolemy.moml.MoMLSimpleApplication@12dbf7f3
----------------- Done invoking toplevel() on ptolemy.moml.MoMLSimpleApplication@12dbf7f3
reloadAllAccessors: .Case1

===========================================================================================
----------------- testing Sat Jun 30 01:34:06 UTC 2018 /home/travis/build/icyphy/ptII/ptolemy/domains/modal/test/auto/Case2.xml
----------------- Instantiating /home/travis/build/icyphy/ptII/ptolemy/domains/modal/test/auto/Case2.xml
28 ms. Memory: 333824K Free: 189637K (57%)
----------------- Invoking toplevel() on ptolemy.moml.MoMLSimpleApplication@17433dbb
----------------- Done invoking toplevel() on ptolemy.moml.MoMLSimpleApplication@17433dbb
reloadAllAccessors: .Case2

===========================================================================================
----------------- testing Sat Jun 30 01:34:06 UTC 2018 /home/travis/build/icyphy/ptII/ptolemy/domains/modal/test/auto/CausalityInterface1.xml
----------------- Instantiating /home/travis/build/icyphy/ptII/ptolemy/domains/modal/test/auto/CausalityInterface1.xml
4 ms. Memory: 333824K Free: 183116K (55%)
----------------- Invoking toplevel() on ptolemy.moml.MoMLSimpleApplication@530e4043
----------------- Done invoking toplevel() on ptolemy.moml.MoMLSimpleApplication@530e4043
reloadAllAccessors: .CausalityInterface1

===========================================================================================
----------------- testing Sat Jun 30 01:34:06 UTC 2018 /home/travis/build/icyphy/ptII/ptolemy/domains/modal/test/auto/CausalityInterface10.xml
----------------- Instantiating /home/travis/build/icyphy/ptII/ptolemy/domains/modal/test/auto/CausalityInterface10.xml
7 ms. Memory: 333824K Free: 164470K (49%)
----------------- Invoking toplevel() on ptolemy.moml.MoMLSimpleApplication@3ba83db0
----------------- Done invoking toplevel() on ptolemy.moml.MoMLSimpleApplication@3ba83db0
reloadAllAccessors: .CausalityInterface10

===========================================================================================
----------------- testing Sat Jun 30 01:34:06 UTC 2018 /home/travis/build/icyphy/ptII/ptolemy/domains/modal/test/auto/CausalityInterface11.xml
----------------- Instantiating /home/travis/build/icyphy/ptII/ptolemy/domains/modal/test/auto/CausalityInterface11.xml
8 ms. Memory: 333824K Free: 148156K (44%)
----------------- Invoking toplevel() on ptolemy.moml.MoMLSimpleApplication@3ee77aa9
----------------- Done invoking toplevel() on ptolemy.moml.MoMLSimpleApplication@3ee77aa9
reloadAllAccessors: .CausalityInterface11

===========================================================================================
----------------- testing Sat Jun 30 01:34:06 UTC 2018 /home/travis/build/icyphy/ptII/ptolemy/domains/modal/test/auto/CausalityInterface12.xml
----------------- Instantiating /home/travis/build/icyphy/ptII/ptolemy/domains/modal/test/auto/CausalityInterface12.xml
10 ms. Memory: 333824K Free: 131826K (39%)
----------------- Invoking toplevel() on ptolemy.moml.MoMLSimpleApplication@1f2432eb
----------------- Done invoking toplevel() on ptolemy.moml.MoMLSimpleApplication@1f2432eb
reloadAllAccessors: .CausalityInterface12

===========================================================================================
----------------- testing Sat Jun 30 01:34:07 UTC 2018 /home/travis/build/icyphy/ptII/ptolemy/domains/modal/test/auto/CausalityInterface13.xml
----------------- Instantiating /home/travis/build/icyphy/ptII/ptolemy/domains/modal/test/auto/CausalityInterface13.xml
14 ms. Memory: 333824K Free: 113179K (34%)
----------------- Invoking toplevel() on ptolemy.moml.MoMLSimpleApplication@7f102583
----------------- Done invoking toplevel() on ptolemy.moml.MoMLSimpleApplication@7f102583
reloadAllAccessors: .CausalityInterface13

===========================================================================================
----------------- testing Sat Jun 30 01:34:07 UTC 2018 /home/travis/build/icyphy/ptII/ptolemy/domains/modal/test/auto/CausalityInterface14.xml
----------------- Instantiating /home/travis/build/icyphy/ptII/ptolemy/domains/modal/test/auto/CausalityInterface14.xml
13 ms. Memory: 333824K Free: 96857K (29%)
----------------- Invoking toplevel() on ptolemy.moml.MoMLSimpleApplication@1c868809
----------------- Done invoking toplevel() on ptolemy.moml.MoMLSimpleApplication@1c868809
reloadAllAccessors: .CausalityInterface14

===========================================================================================
----------------- testing Sat Jun 30 01:34:07 UTC 2018 /home/travis/build/icyphy/ptII/ptolemy/domains/modal/test/auto/CausalityInterface2.xml
----------------- Instantiating /home/travis/build/icyphy/ptII/ptolemy/domains/modal/test/auto/CausalityInterface2.xml
6 ms. Memory: 333824K Free: 88684K (27%)
----------------- Invoking toplevel() on ptolemy.moml.MoMLSimpleApplication@3fe8de9
----------------- Done invoking toplevel() on ptolemy.moml.MoMLSimpleApplication@3fe8de9
reloadAllAccessors: .CausalityInterface2

===========================================================================================
----------------- testing Sat Jun 30 01:34:07 UTC 2018 /home/travis/build/icyphy/ptII/ptolemy/domains/modal/test/auto/CausalityInterface3.xml
----------------- Instantiating /home/travis/build/icyphy/ptII/ptolemy/domains/modal/test/auto/CausalityInterface3.xml
20 ms. Memory: 577536K Free: 565991K (98%)
----------------- Invoking toplevel() on ptolemy.moml.MoMLSimpleApplication@33a7cf4
----------------- Done invoking toplevel() on ptolemy.moml.MoMLSimpleApplication@33a7cf4
reloadAllAccessors: .CausalityInterface3

===========================================================================================
----------------- testing Sat Jun 30 01:34:07 UTC 2018 /home/travis/build/icyphy/ptII/ptolemy/domains/modal/test/auto/CausalityInterface4.xml
----------------- Instantiating /home/travis/build/icyphy/ptII/ptolemy/domains/modal/test/auto/CausalityInterface4.xml
4 ms. Memory: 577536K Free: 551101K (95%)
----------------- Invoking toplevel() on ptolemy.moml.MoMLSimpleApplication@1cf157f4
----------------- Done invoking toplevel() on ptolemy.moml.MoMLSimpleApplication@1cf157f4
reloadAllAccessors: .CausalityInterface4

===========================================================================================
----------------- testing Sat Jun 30 01:34:07 UTC 2018 /home/travis/build/icyphy/ptII/ptolemy/domains/modal/test/auto/CausalityInterface5.xml
----------------- Instantiating /home/travis/build/icyphy/ptII/ptolemy/domains/modal/test/auto/CausalityInterface5.xml
6 ms. Memory: 577536K Free: 538081K (93%)
----------------- Invoking toplevel() on ptolemy.moml.MoMLSimpleApplication@5493da80
----------------- Done invoking toplevel() on ptolemy.moml.MoMLSimpleApplication@5493da80
reloadAllAccessors: .CausalityInterface5

===========================================================================================
----------------- testing Sat Jun 30 01:34:07 UTC 2018 /home/travis/build/icyphy/ptII/ptolemy/domains/modal/test/auto/CausalityInterface6.xml
----------------- Instantiating /home/travis/build/icyphy/ptII/ptolemy/domains/modal/test/auto/CausalityInterface6.xml
3 ms. Memory: 577536K Free: 525069K (91%)
----------------- Invoking toplevel() on ptolemy.moml.MoMLSimpleApplication@7e47357d
----------------- Done invoking toplevel() on ptolemy.moml.MoMLSimpleApplication@7e47357d
reloadAllAccessors: .CausalityInterface6

===========================================================================================
----------------- testing Sat Jun 30 01:34:07 UTC 2018 /home/travis/build/icyphy/ptII/ptolemy/domains/modal/test/auto/CausalityInterface7.xml
----------------- Instantiating /home/travis/build/icyphy/ptII/ptolemy/domains/modal/test/auto/CausalityInterface7.xml
8 ms. Memory: 577536K Free: 512049K (89%)
----------------- Invoking toplevel() on ptolemy.moml.MoMLSimpleApplication@65b9c6ca
----------------- Done invoking toplevel() on ptolemy.moml.MoMLSimpleApplication@65b9c6ca
reloadAllAccessors: .CausalityInterface7

===========================================================================================
----------------- testing Sat Jun 30 01:34:07 UTC 2018 /home/travis/build/icyphy/ptII/ptolemy/domains/modal/test/auto/CausalityInterface8.xml
----------------- Instantiating /home/travis/build/icyphy/ptII/ptolemy/domains/modal/test/auto/CausalityInterface8.xml
5 ms. Memory: 577536K Free: 495871K (86%)
----------------- Invoking toplevel() on ptolemy.moml.MoMLSimpleApplication@57d1b18f
----------------- Done invoking toplevel() on ptolemy.moml.MoMLSimpleApplication@57d1b18f
reloadAllAccessors: .CausalityInterface8

===========================================================================================
----------------- testing Sat Jun 30 01:34:07 UTC 2018 /home/travis/build/icyphy/ptII/ptolemy/domains/modal/test/auto/CausalityInterface9.xml
----------------- Instantiating /home/travis/build/icyphy/ptII/ptolemy/domains/modal/test/auto/CausalityInterface9.xml
9 ms. Memory: 577536K Free: 482843K (84%)
----------------- Invoking toplevel() on ptolemy.moml.MoMLSimpleApplication@30c20df0
----------------- Done invoking toplevel() on ptolemy.moml.MoMLSimpleApplication@30c20df0
reloadAllAccessors: .CausalityInterface9

===========================================================================================
----------------- testing Sat Jun 30 01:34:07 UTC 2018 /home/travis/build/icyphy/ptII/ptolemy/domains/modal/test/auto/ChainedTransitions.xml
----------------- Instantiating /home/travis/build/icyphy/ptII/ptolemy/domains/modal/test/auto/ChainedTransitions.xml
69 ms. Memory: 577536K Free: 453518K (79%)
----------------- Invoking toplevel() on ptolemy.moml.MoMLSimpleApplication@3a548d0a
----------------- Done invoking toplevel() on ptolemy.moml.MoMLSimpleApplication@3a548d0a
reloadAllAccessors: .ChainedTransitions

===========================================================================================
----------------- testing Sat Jun 30 01:34:07 UTC 2018 /home/travis/build/icyphy/ptII/ptolemy/domains/modal/test/auto/CycleOfImmediateTransitionsFSM.xml
----------------- Instantiating /home/travis/build/icyphy/ptII/ptolemy/domains/modal/test/auto/CycleOfImmediateTransitionsFSM.xml
2 ms. Memory: 577536K Free: 443760K (77%)
----------------- Invoking toplevel() on ptolemy.moml.MoMLSimpleApplication@163579e
----------------- Done invoking toplevel() on ptolemy.moml.MoMLSimpleApplication@163579e
reloadAllAccessors: .CycleOfImmediateTransitionsFSM

===========================================================================================
----------------- testing Sat Jun 30 01:34:07 UTC 2018 /home/travis/build/icyphy/ptII/ptolemy/domains/modal/test/auto/CycleOfImmediateTransitionsModal.xml
----------------- Instantiating /home/travis/build/icyphy/ptII/ptolemy/domains/modal/test/auto/CycleOfImmediateTransitionsModal.xml
5 ms. Memory: 577536K Free: 430834K (75%)
----------------- Invoking toplevel() on ptolemy.moml.MoMLSimpleApplication@6fd78f3a
----------------- Done invoking toplevel() on ptolemy.moml.MoMLSimpleApplication@6fd78f3a
reloadAllAccessors: .CycleOfImmediateTransitionsModal

===========================================================================================
----------------- testing Sat Jun 30 01:34:07 UTC 2018 /home/travis/build/icyphy/ptII/ptolemy/domains/modal/test/auto/CycleOfImmediateTransitionsModal2.xml
----------------- Instantiating /home/travis/build/icyphy/ptII/ptolemy/domains/modal/test/auto/CycleOfImmediateTransitionsModal2.xml
4 ms. Memory: 577536K Free: 421059K (73%)
----------------- Invoking toplevel() on ptolemy.moml.MoMLSimpleApplication@793d5088
----------------- Done invoking toplevel() on ptolemy.moml.MoMLSimpleApplication@793d5088
reloadAllAccessors: .CycleOfImmediateTransitionsModal2

===========================================================================================
----------------- testing Sat Jun 30 01:34:07 UTC 2018 /home/travis/build/icyphy/ptII/ptolemy/domains/modal/test/auto/CycleOfImmediateTransitionsModal3.xml
----------------- Instantiating /home/travis/build/icyphy/ptII/ptolemy/domains/modal/test/auto/CycleOfImmediateTransitionsModal3.xml
11 ms. Memory: 577536K Free: 391719K (68%)
----------------- Invoking toplevel() on ptolemy.moml.MoMLSimpleApplication@2a9b27cd
----------------- Done invoking toplevel() on ptolemy.moml.MoMLSimpleApplication@2a9b27cd
reloadAllAccessors: .CycleOfImmediateTransitionsModal3

===========================================================================================
----------------- testing Sat Jun 30 01:34:07 UTC 2018 /home/travis/build/icyphy/ptII/ptolemy/domains/modal/test/auto/DeepModal1.xml
----------------- Instantiating /home/travis/build/icyphy/ptII/ptolemy/domains/modal/test/auto/DeepModal1.xml
26 ms. Memory: 577536K Free: 372153K (64%)
----------------- Invoking toplevel() on ptolemy.moml.MoMLSimpleApplication@425ee12d
----------------- Done invoking toplevel() on ptolemy.moml.MoMLSimpleApplication@425ee12d
reloadAllAccessors: .DeepModal1

===========================================================================================
----------------- testing Sat Jun 30 01:34:07 UTC 2018 /home/travis/build/icyphy/ptII/ptolemy/domains/modal/test/auto/DeepModal2.xml
----------------- Instantiating /home/travis/build/icyphy/ptII/ptolemy/domains/modal/test/auto/DeepModal2.xml
27 ms. Memory: 577536K Free: 346199K (60%)
----------------- Invoking toplevel() on ptolemy.moml.MoMLSimpleApplication@4268d5df
----------------- Done invoking toplevel() on ptolemy.moml.MoMLSimpleApplication@4268d5df
reloadAllAccessors: .DeepModal2

===========================================================================================
----------------- testing Sat Jun 30 01:34:08 UTC 2018 /home/travis/build/icyphy/ptII/ptolemy/domains/modal/test/auto/DeepModal3.xml
----------------- Instantiating /home/travis/build/icyphy/ptII/ptolemy/domains/modal/test/auto/DeepModal3.xml
43 ms. Memory: 577536K Free: 323405K (56%)
----------------- Invoking toplevel() on ptolemy.moml.MoMLSimpleApplication@57e6c316
----------------- Done invoking toplevel() on ptolemy.moml.MoMLSimpleApplication@57e6c316
reloadAllAccessors: .DeepModal3

===========================================================================================
----------------- testing Sat Jun 30 01:34:08 UTC 2018 /home/travis/build/icyphy/ptII/ptolemy/domains/modal/test/auto/DeepModal4.xml
----------------- Instantiating /home/travis/build/icyphy/ptII/ptolemy/domains/modal/test/auto/DeepModal4.xml
37 ms. Memory: 577536K Free: 300594K (52%)
----------------- Invoking toplevel() on ptolemy.moml.MoMLSimpleApplication@3bea5d41
----------------- Done invoking toplevel() on ptolemy.moml.MoMLSimpleApplication@3bea5d41
reloadAllAccessors: .DeepModal4

===========================================================================================
----------------- testing Sat Jun 30 01:34:08 UTC 2018 /home/travis/build/icyphy/ptII/ptolemy/domains/modal/test/auto/Default1.xml
----------------- Instantiating /home/travis/build/icyphy/ptII/ptolemy/domains/modal/test/auto/Default1.xml
3 ms. Memory: 577536K Free: 290827K (50%)
----------------- Invoking toplevel() on ptolemy.moml.MoMLSimpleApplication@23c7bf51
----------------- Done invoking toplevel() on ptolemy.moml.MoMLSimpleApplication@23c7bf51
reloadAllAccessors: .Default1

===========================================================================================
----------------- testing Sat Jun 30 01:34:08 UTC 2018 /home/travis/build/icyphy/ptII/ptolemy/domains/modal/test/auto/Default2.xml
----------------- Instantiating /home/travis/build/icyphy/ptII/ptolemy/domains/modal/test/auto/Default2.xml
2 ms. Memory: 577536K Free: 277917K (48%)
----------------- Invoking toplevel() on ptolemy.moml.MoMLSimpleApplication@e98e92d
----------------- Done invoking toplevel() on ptolemy.moml.MoMLSimpleApplication@e98e92d
reloadAllAccessors: .Default2

===========================================================================================
----------------- testing Sat Jun 30 01:34:08 UTC 2018 /home/travis/build/icyphy/ptII/ptolemy/domains/modal/test/auto/Default3.xml
----------------- Instantiating /home/travis/build/icyphy/ptII/ptolemy/domains/modal/test/auto/Default3.xml
3 ms. Memory: 577536K Free: 268143K (46%)
----------------- Invoking toplevel() on ptolemy.moml.MoMLSimpleApplication@6ae2344c
----------------- Done invoking toplevel() on ptolemy.moml.MoMLSimpleApplication@6ae2344c
reloadAllAccessors: .Default3

===========================================================================================
----------------- testing Sat Jun 30 01:34:08 UTC 2018 /home/travis/build/icyphy/ptII/ptolemy/domains/modal/test/auto/Default4.xml
----------------- Instantiating /home/travis/build/icyphy/ptII/ptolemy/domains/modal/test/auto/Default4.xml
4 ms. Memory: 577536K Free: 258368K (45%)
----------------- Invoking toplevel() on ptolemy.moml.MoMLSimpleApplication@2862fa60
----------------- Done invoking toplevel() on ptolemy.moml.MoMLSimpleApplication@2862fa60
reloadAllAccessors: .Default4

===========================================================================================
----------------- testing Sat Jun 30 01:34:08 UTC 2018 /home/travis/build/icyphy/ptII/ptolemy/domains/modal/test/auto/Default5.xml
----------------- Instantiating /home/travis/build/icyphy/ptII/ptolemy/domains/modal/test/auto/Default5.xml
3 ms. Memory: 577536K Free: 245340K (42%)
----------------- Invoking toplevel() on ptolemy.moml.MoMLSimpleApplication@7acd2c01
----------------- Done invoking toplevel() on ptolemy.moml.MoMLSimpleApplication@7acd2c01
reloadAllAccessors: .Default5

===========================================================================================
----------------- testing Sat Jun 30 01:34:08 UTC 2018 /home/travis/build/icyphy/ptII/ptolemy/domains/modal/test/auto/EmptyGuard.xml
----------------- Instantiating /home/travis/build/icyphy/ptII/ptolemy/domains/modal/test/auto/EmptyGuard.xml
5 ms. Memory: 577536K Free: 235565K (41%)
----------------- Invoking toplevel() on ptolemy.moml.MoMLSimpleApplication@d44aae2
----------------- Done invoking toplevel() on ptolemy.moml.MoMLSimpleApplication@d44aae2
reloadAllAccessors: .EmptyGuard

===========================================================================================
----------------- testing Sat Jun 30 01:34:08 UTC 2018 /home/travis/build/icyphy/ptII/ptolemy/domains/modal/test/auto/ErrorTransition1.xml
----------------- Instantiating /home/travis/build/icyphy/ptII/ptolemy/domains/modal/test/auto/ErrorTransition1.xml
5 ms. Memory: 577536K Free: 219371K (38%)
----------------- Invoking toplevel() on ptolemy.moml.MoMLSimpleApplication@67c472be
----------------- Done invoking toplevel() on ptolemy.moml.MoMLSimpleApplication@67c472be
reloadAllAccessors: .ErrorTransition1

===========================================================================================
----------------- testing Sat Jun 30 01:34:08 UTC 2018 /home/travis/build/icyphy/ptII/ptolemy/domains/modal/test/auto/ErrorTransition10.xml
----------------- Instantiating /home/travis/build/icyphy/ptII/ptolemy/domains/modal/test/auto/ErrorTransition10.xml
8 ms. Memory: 577536K Free: 203082K (35%)
----------------- Invoking toplevel() on ptolemy.moml.MoMLSimpleApplication@60de914b
----------------- Done invoking toplevel() on ptolemy.moml.MoMLSimpleApplication@60de914b
reloadAllAccessors: .ErrorTransition10

===========================================================================================
----------------- testing Sat Jun 30 01:34:08 UTC 2018 /home/travis/build/icyphy/ptII/ptolemy/domains/modal/test/auto/ErrorTransition11.xml
----------------- Instantiating /home/travis/build/icyphy/ptII/ptolemy/domains/modal/test/auto/ErrorTransition11.xml
5 ms. Memory: 577536K Free: 186786K (32%)
----------------- Invoking toplevel() on ptolemy.moml.MoMLSimpleApplication@7b4efe6b
----------------- Done invoking toplevel() on ptolemy.moml.MoMLSimpleApplication@7b4efe6b
reloadAllAccessors: .ErrorTransition11

===========================================================================================
----------------- testing Sat Jun 30 01:34:08 UTC 2018 /home/travis/build/icyphy/ptII/ptolemy/domains/modal/test/auto/ErrorTransition2.xml
----------------- Instantiating /home/travis/build/icyphy/ptII/ptolemy/domains/modal/test/auto/ErrorTransition2.xml
6 ms. Memory: 577536K Free: 173742K (30%)
----------------- Invoking toplevel() on ptolemy.moml.MoMLSimpleApplication@3d2dc814
----------------- Done invoking toplevel() on ptolemy.moml.MoMLSimpleApplication@3d2dc814
reloadAllAccessors: .ErrorTransition2

===========================================================================================
----------------- testing Sat Jun 30 01:34:08 UTC 2018 /home/travis/build/icyphy/ptII/ptolemy/domains/modal/test/auto/ErrorTransition3.xml
----------------- Instantiating /home/travis/build/icyphy/ptII/ptolemy/domains/modal/test/auto/ErrorTransition3.xml
6 ms. Memory: 577536K Free: 157571K (27%)
----------------- Invoking toplevel() on ptolemy.moml.MoMLSimpleApplication@98abe7e
----------------- Done invoking toplevel() on ptolemy.moml.MoMLSimpleApplication@98abe7e
reloadAllAccessors: .ErrorTransition3

===========================================================================================
----------------- testing Sat Jun 30 01:34:08 UTC 2018 /home/travis/build/icyphy/ptII/ptolemy/domains/modal/test/auto/ErrorTransition4.xml
----------------- Instantiating /home/travis/build/icyphy/ptII/ptolemy/domains/modal/test/auto/ErrorTransition4.xml
11 ms. Memory: 577536K Free: 144543K (25%)
----------------- Invoking toplevel() on ptolemy.moml.MoMLSimpleApplication@71e9f28
----------------- Done invoking toplevel() on ptolemy.moml.MoMLSimpleApplication@71e9f28
reloadAllAccessors: .ErrorTransition4

===========================================================================================
----------------- testing Sat Jun 30 01:34:08 UTC 2018 /home/travis/build/icyphy/ptII/ptolemy/domains/modal/test/auto/ErrorTransition5.xml
----------------- Instantiating /home/travis/build/icyphy/ptII/ptolemy/domains/modal/test/auto/ErrorTransition5.xml
6 ms. Memory: 577536K Free: 131532K (23%)
----------------- Invoking toplevel() on ptolemy.moml.MoMLSimpleApplication@53afdca7
----------------- Done invoking toplevel() on ptolemy.moml.MoMLSimpleApplication@53afdca7
reloadAllAccessors: .ErrorTransition5

===========================================================================================
----------------- testing Sat Jun 30 01:34:08 UTC 2018 /home/travis/build/icyphy/ptII/ptolemy/domains/modal/test/auto/ErrorTransition6.xml
----------------- Instantiating /home/travis/build/icyphy/ptII/ptolemy/domains/modal/test/auto/ErrorTransition6.xml
8 ms. Memory: 577536K Free: 118519K (21%)
----------------- Invoking toplevel() on ptolemy.moml.MoMLSimpleApplication@35878341
----------------- Done invoking toplevel() on ptolemy.moml.MoMLSimpleApplication@35878341
reloadAllAccessors: .ErrorTransition6

===========================================================================================
----------------- testing Sat Jun 30 01:34:08 UTC 2018 /home/travis/build/icyphy/ptII/ptolemy/domains/modal/test/auto/ErrorTransition7.xml
----------------- Instantiating /home/travis/build/icyphy/ptII/ptolemy/domains/modal/test/auto/ErrorTransition7.xml
10 ms. Memory: 577536K Free: 99095K (17%)
----------------- Invoking toplevel() on ptolemy.moml.MoMLSimpleApplication@3e1c124e
----------------- Done invoking toplevel() on ptolemy.moml.MoMLSimpleApplication@3e1c124e
reloadAllAccessors: .ErrorTransition7

===========================================================================================
----------------- testing Sat Jun 30 01:34:08 UTC 2018 /home/travis/build/icyphy/ptII/ptolemy/domains/modal/test/auto/ErrorTransition8.xml
----------------- Instantiating /home/travis/build/icyphy/ptII/ptolemy/domains/modal/test/auto/ErrorTransition8.xml
27 ms. Memory: 577536K Free: 82799K (14%)
----------------- Invoking toplevel() on ptolemy.moml.MoMLSimpleApplication@76341fe1
----------------- Done invoking toplevel() on ptolemy.moml.MoMLSimpleApplication@76341fe1
reloadAllAccessors: .ErrorTransition8

===========================================================================================
----------------- testing Sat Jun 30 01:34:08 UTC 2018 /home/travis/build/icyphy/ptII/ptolemy/domains/modal/test/auto/ErrorTransition9.xml
----------------- Instantiating /home/travis/build/icyphy/ptII/ptolemy/domains/modal/test/auto/ErrorTransition9.xml
9 ms. Memory: 578048K Free: 555570K (96%)
----------------- Invoking toplevel() on ptolemy.moml.MoMLSimpleApplication@1eb86aa0
----------------- Done invoking toplevel() on ptolemy.moml.MoMLSimpleApplication@1eb86aa0
reloadAllAccessors: .ErrorTransition9

===========================================================================================
----------------- testing Sat Jun 30 01:34:08 UTC 2018 /home/travis/build/icyphy/ptII/ptolemy/domains/modal/test/auto/ExtendedFSM.xml
----------------- Instantiating /home/travis/build/icyphy/ptII/ptolemy/domains/modal/test/auto/ExtendedFSM.xml
6 ms. Memory: 578048K Free: 543608K (94%)
----------------- Invoking toplevel() on ptolemy.moml.MoMLSimpleApplication@1bf75ccd
----------------- Done invoking toplevel() on ptolemy.moml.MoMLSimpleApplication@1bf75ccd
reloadAllAccessors: .ExtendedFSM

===========================================================================================
----------------- testing Sat Jun 30 01:34:08 UTC 2018 /home/travis/build/icyphy/ptII/ptolemy/domains/modal/test/auto/FinalStates.xml
----------------- Instantiating /home/travis/build/icyphy/ptII/ptolemy/domains/modal/test/auto/FinalStates.xml
12 ms. Memory: 578048K Free: 533841K (92%)
----------------- Invoking toplevel() on ptolemy.moml.MoMLSimpleApplication@49661acd
----------------- Done invoking toplevel() on ptolemy.moml.MoMLSimpleApplication@49661acd
reloadAllAccessors: .FinalStates

===========================================================================================
----------------- testing Sat Jun 30 01:34:08 UTC 2018 /home/travis/build/icyphy/ptII/ptolemy/domains/modal/test/auto/FixedPointFSM.xml
----------------- Instantiating /home/travis/build/icyphy/ptII/ptolemy/domains/modal/test/auto/FixedPointFSM.xml
25 ms. Memory: 578048K Free: 511924K (89%)
----------------- Invoking toplevel() on ptolemy.moml.MoMLSimpleApplication@4899ca7b
----------------- Done invoking toplevel() on ptolemy.moml.MoMLSimpleApplication@4899ca7b
reloadAllAccessors: .FixedPointFSM

===========================================================================================
----------------- testing Sat Jun 30 01:34:08 UTC 2018 /home/travis/build/icyphy/ptII/ptolemy/domains/modal/test/auto/FixedPointIterationFSMActor.xml
----------------- Instantiating /home/travis/build/icyphy/ptII/ptolemy/domains/modal/test/auto/FixedPointIterationFSMActor.xml
8 ms. Memory: 578048K Free: 498913K (86%)
----------------- Invoking toplevel() on ptolemy.moml.MoMLSimpleApplication@4f960fb0
----------------- Done invoking toplevel() on ptolemy.moml.MoMLSimpleApplication@4f960fb0
reloadAllAccessors: .FixedPointIterationFSMActor

===========================================================================================
----------------- testing Sat Jun 30 01:34:09 UTC 2018 /home/travis/build/icyphy/ptII/ptolemy/domains/modal/test/auto/FixedPointIterationFSMActor2.xml
----------------- Instantiating /home/travis/build/icyphy/ptII/ptolemy/domains/modal/test/auto/FixedPointIterationFSMActor2.xml
16 ms. Memory: 578048K Free: 482640K (83%)
----------------- Invoking toplevel() on ptolemy.moml.MoMLSimpleApplication@6a3006b2
----------------- Done invoking toplevel() on ptolemy.moml.MoMLSimpleApplication@6a3006b2
reloadAllAccessors: .FixedPointIterationFSMActor2

===========================================================================================
----------------- testing Sat Jun 30 01:34:09 UTC 2018 /home/travis/build/icyphy/ptII/ptolemy/domains/modal/test/auto/ForbiddenInstantanousLoop.xml
----------------- Instantiating /home/travis/build/icyphy/ptII/ptolemy/domains/modal/test/auto/ForbiddenInstantanousLoop.xml
6 ms. Memory: 578048K Free: 464140K (80%)
----------------- Invoking toplevel() on ptolemy.moml.MoMLSimpleApplication@2e9fa101
----------------- Done invoking toplevel() on ptolemy.moml.MoMLSimpleApplication@2e9fa101
reloadAllAccessors: .ForbiddenInstantanousLoop

===========================================================================================
----------------- testing Sat Jun 30 01:34:09 UTC 2018 /home/travis/build/icyphy/ptII/ptolemy/domains/modal/test/auto/FunctionDependencyOfFSMActorTest.xml
----------------- Instantiating /home/travis/build/icyphy/ptII/ptolemy/domains/modal/test/auto/FunctionDependencyOfFSMActorTest.xml
15 ms. Memory: 578048K Free: 454365K (79%)
----------------- Invoking toplevel() on ptolemy.moml.MoMLSimpleApplication@26032885
----------------- Done invoking toplevel() on ptolemy.moml.MoMLSimpleApplication@26032885
reloadAllAccessors: .FunctionDependencyOfFSMActorTest

===========================================================================================
----------------- testing Sat Jun 30 01:34:09 UTC 2018 /home/travis/build/icyphy/ptII/ptolemy/domains/modal/test/auto/GuardExpression.xml
----------------- Instantiating /home/travis/build/icyphy/ptII/ptolemy/domains/modal/test/auto/GuardExpression.xml
2 ms. Memory: 578048K Free: 444591K (77%)
----------------- Invoking toplevel() on ptolemy.moml.MoMLSimpleApplication@2398690d
----------------- Done invoking toplevel() on ptolemy.moml.MoMLSimpleApplication@2398690d
reloadAllAccessors: .GuardExpression

===========================================================================================
----------------- testing Sat Jun 30 01:34:09 UTC 2018 /home/travis/build/icyphy/ptII/ptolemy/domains/modal/test/auto/GuardNotEvaluated.xml
----------------- Instantiating /home/travis/build/icyphy/ptII/ptolemy/domains/modal/test/auto/GuardNotEvaluated.xml
9 ms. Memory: 578048K Free: 429360K (74%)
----------------- Invoking toplevel() on ptolemy.moml.MoMLSimpleApplication@9e6347e
----------------- Done invoking toplevel() on ptolemy.moml.MoMLSimpleApplication@9e6347e
reloadAllAccessors: .GuardNotEvaluated

===========================================================================================
----------------- testing Sat Jun 30 01:34:09 UTC 2018 /home/travis/build/icyphy/ptII/ptolemy/domains/modal/test/auto/GuardNotEvaluated2.xml
----------------- Instantiating /home/travis/build/icyphy/ptII/ptolemy/domains/modal/test/auto/GuardNotEvaluated2.xml
9 ms. Memory: 578048K Free: 416332K (72%)
----------------- Invoking toplevel() on ptolemy.moml.MoMLSimpleApplication@2ca851b1
----------------- Done invoking toplevel() on ptolemy.moml.MoMLSimpleApplication@2ca851b1
reloadAllAccessors: .GuardNotEvaluated2

===========================================================================================
----------------- testing Sat Jun 30 01:34:09 UTC 2018 /home/travis/build/icyphy/ptII/ptolemy/domains/modal/test/auto/GuardOnAbsent.xml
----------------- Instantiating /home/travis/build/icyphy/ptII/ptolemy/domains/modal/test/auto/GuardOnAbsent.xml
13 ms. Memory: 578048K Free: 406565K (70%)
----------------- Invoking toplevel() on ptolemy.moml.MoMLSimpleApplication@57747566
----------------- Done invoking toplevel() on ptolemy.moml.MoMLSimpleApplication@57747566
reloadAllAccessors: .GuardOnAbsent

===========================================================================================
----------------- testing Sat Jun 30 01:34:09 UTC 2018 /home/travis/build/icyphy/ptII/ptolemy/domains/modal/test/auto/HierarchicalFSMTypeInference.xml
----------------- Instantiating /home/travis/build/icyphy/ptII/ptolemy/domains/modal/test/auto/HierarchicalFSMTypeInference.xml
5 ms. Memory: 578048K Free: 388065K (67%)
----------------- Invoking toplevel() on ptolemy.moml.MoMLSimpleApplication@3dc3921b
----------------- Done invoking toplevel() on ptolemy.moml.MoMLSimpleApplication@3dc3921b
reloadAllAccessors: .HierarchicalFSMTypeInference

===========================================================================================
----------------- testing Sat Jun 30 01:34:09 UTC 2018 /home/travis/build/icyphy/ptII/ptolemy/domains/modal/test/auto/Hysteresis.xml
----------------- Instantiating /home/travis/build/icyphy/ptII/ptolemy/domains/modal/test/auto/Hysteresis.xml
14 ms. Memory: 578048K Free: 368500K (64%)
----------------- Invoking toplevel() on ptolemy.moml.MoMLSimpleApplication@2784081b
----------------- Done invoking toplevel() on ptolemy.moml.MoMLSimpleApplication@2784081b
reloadAllAccessors: .Hysteresis

===========================================================================================
----------------- testing Sat Jun 30 01:34:09 UTC 2018 /home/travis/build/icyphy/ptII/ptolemy/domains/modal/test/auto/HysteresisWithDefault.xml
----------------- Instantiating /home/travis/build/icyphy/ptII/ptolemy/domains/modal/test/auto/HysteresisWithDefault.xml
51 ms. Memory: 578048K Free: 340193K (59%)
----------------- Invoking toplevel() on ptolemy.moml.MoMLSimpleApplication@632f612b
----------------- Done invoking toplevel() on ptolemy.moml.MoMLSimpleApplication@632f612b
reloadAllAccessors: .HysteresisWithDefault

===========================================================================================
----------------- testing Sat Jun 30 01:34:09 UTC 2018 /home/travis/build/icyphy/ptII/ptolemy/domains/modal/test/auto/HysteresisWithDefault2.xml
----------------- Instantiating /home/travis/build/icyphy/ptII/ptolemy/domains/modal/test/auto/HysteresisWithDefault2.xml
65 ms. Memory: 578048K Free: 307584K (53%)
----------------- Invoking toplevel() on ptolemy.moml.MoMLSimpleApplication@48c84cb2
----------------- Done invoking toplevel() on ptolemy.moml.MoMLSimpleApplication@48c84cb2
reloadAllAccessors: .HysteresisWithDefault2

===========================================================================================
----------------- testing Sat Jun 30 01:34:09 UTC 2018 /home/travis/build/icyphy/ptII/ptolemy/domains/modal/test/auto/ImmediateNonConstructiveness.xml
----------------- Instantiating /home/travis/build/icyphy/ptII/ptolemy/domains/modal/test/auto/ImmediateNonConstructiveness.xml
4 ms. Memory: 578048K Free: 297809K (52%)
----------------- Invoking toplevel() on ptolemy.moml.MoMLSimpleApplication@5ab09c6c
----------------- Done invoking toplevel() on ptolemy.moml.MoMLSimpleApplication@5ab09c6c
reloadAllAccessors: .ImmediateNonConstructiveness

===========================================================================================
----------------- testing Sat Jun 30 01:34:09 UTC 2018 /home/travis/build/icyphy/ptII/ptolemy/domains/modal/test/auto/ImmediateNonConstructiveness2.xml
----------------- Instantiating /home/travis/build/icyphy/ptII/ptolemy/domains/modal/test/auto/ImmediateNonConstructiveness2.xml
2 ms. Memory: 578048K Free: 285839K (49%)
----------------- Invoking toplevel() on ptolemy.moml.MoMLSimpleApplication@1dc733bd
----------------- Done invoking toplevel() on ptolemy.moml.MoMLSimpleApplication@1dc733bd
reloadAllAccessors: .ImmediateNonConstructiveness2

===========================================================================================
----------------- testing Sat Jun 30 01:34:09 UTC 2018 /home/travis/build/icyphy/ptII/ptolemy/domains/modal/test/auto/ImmediateTransitionReset.xml
----------------- Instantiating /home/travis/build/icyphy/ptII/ptolemy/domains/modal/test/auto/ImmediateTransitionReset.xml
7 ms. Memory: 578048K Free: 269543K (47%)
----------------- Invoking toplevel() on ptolemy.moml.MoMLSimpleApplication@6cc58eed
----------------- Done invoking toplevel() on ptolemy.moml.MoMLSimpleApplication@6cc58eed
reloadAllAccessors: .ImmediateTransitionReset

===========================================================================================
----------------- testing Sat Jun 30 01:34:09 UTC 2018 /home/travis/build/icyphy/ptII/ptolemy/domains/modal/test/auto/ImmediateTransitions1.xml
----------------- Instantiating /home/travis/build/icyphy/ptII/ptolemy/domains/modal/test/auto/ImmediateTransitions1.xml
2 ms. Memory: 578048K Free: 259776K (45%)
----------------- Invoking toplevel() on ptolemy.moml.MoMLSimpleApplication@3dd4ce37
----------------- Done invoking toplevel() on ptolemy.moml.MoMLSimpleApplication@3dd4ce37
reloadAllAccessors: .ImmediateTransitions1

===========================================================================================
----------------- testing Sat Jun 30 01:34:09 UTC 2018 /home/travis/build/icyphy/ptII/ptolemy/domains/modal/test/auto/ImmediateTransitionsInstantaneousCommunication.xml
----------------- Instantiating /home/travis/build/icyphy/ptII/ptolemy/domains/modal/test/auto/ImmediateTransitionsInstantaneousCommunication.xml
5 ms. Memory: 578048K Free: 241284K (42%)
----------------- Invoking toplevel() on ptolemy.moml.MoMLSimpleApplication@28905f9
----------------- Done invoking toplevel() on ptolemy.moml.MoMLSimpleApplication@28905f9
reloadAllAccessors: .ImmediateTransitionsInstantaneousCommunication

===========================================================================================
----------------- testing Sat Jun 30 01:34:09 UTC 2018 /home/travis/build/icyphy/ptII/ptolemy/domains/modal/test/auto/InitialImmediateTransition.xml
----------------- Instantiating /home/travis/build/icyphy/ptII/ptolemy/domains/modal/test/auto/InitialImmediateTransition.xml
4 ms. Memory: 578048K Free: 231525K (40%)
----------------- Invoking toplevel() on ptolemy.moml.MoMLSimpleApplication@4ab1c0a7
----------------- Done invoking toplevel() on ptolemy.moml.MoMLSimpleApplication@4ab1c0a7
reloadAllAccessors: .InitialImmediateTransition

===========================================================================================
----------------- testing Sat Jun 30 01:34:09 UTC 2018 /home/travis/build/icyphy/ptII/ptolemy/domains/modal/test/auto/InitialOutputs.xml
----------------- Instantiating /home/travis/build/icyphy/ptII/ptolemy/domains/modal/test/auto/InitialOutputs.xml
4 ms. Memory: 578048K Free: 221751K (38%)
----------------- Invoking toplevel() on ptolemy.moml.MoMLSimpleApplication@6f0cc579
----------------- Done invoking toplevel() on ptolemy.moml.MoMLSimpleApplication@6f0cc579
reloadAllAccessors: .InitialOutputs

===========================================================================================
----------------- testing Sat Jun 30 01:34:09 UTC 2018 /home/travis/build/icyphy/ptII/ptolemy/domains/modal/test/auto/InitialStateTransition1.xml
----------------- Instantiating /home/travis/build/icyphy/ptII/ptolemy/domains/modal/test/auto/InitialStateTransition1.xml
3 ms. Memory: 578048K Free: 206520K (36%)
----------------- Invoking toplevel() on ptolemy.moml.MoMLSimpleApplication@755b890e
----------------- Done invoking toplevel() on ptolemy.moml.MoMLSimpleApplication@755b890e
reloadAllAccessors: .InitialStateTransition1

===========================================================================================
----------------- testing Sat Jun 30 01:34:09 UTC 2018 /home/travis/build/icyphy/ptII/ptolemy/domains/modal/test/auto/InitialStateTransition2.xml
----------------- Instantiating /home/travis/build/icyphy/ptII/ptolemy/domains/modal/test/auto/InitialStateTransition2.xml
.InitialStateTransition2.TestExceptionAttributeNonConstructive: initialize() was not invoked, but wrapup() was.  This is unusual, but not always a problem.  For example, exporting JNLP will do this.
1 ms. Memory: 578048K Free: 193492K (33%)
----------------- Invoking toplevel() on ptolemy.moml.MoMLSimpleApplication@1e3cfae0
----------------- Done invoking toplevel() on ptolemy.moml.MoMLSimpleApplication@1e3cfae0
reloadAllAccessors: .InitialStateTransition2

===========================================================================================
----------------- testing Sat Jun 30 01:34:09 UTC 2018 /home/travis/build/icyphy/ptII/ptolemy/domains/modal/test/auto/InitialStateTransition3.xml
----------------- Instantiating /home/travis/build/icyphy/ptII/ptolemy/domains/modal/test/auto/InitialStateTransition3.xml
4 ms. Memory: 578048K Free: 178261K (31%)
----------------- Invoking toplevel() on ptolemy.moml.MoMLSimpleApplication@4edccc22
----------------- Done invoking toplevel() on ptolemy.moml.MoMLSimpleApplication@4edccc22
reloadAllAccessors: .InitialStateTransition3

===========================================================================================
----------------- testing Sat Jun 30 01:34:09 UTC 2018 /home/travis/build/icyphy/ptII/ptolemy/domains/modal/test/auto/InitialStateTransition4.xml
----------------- Instantiating /home/travis/build/icyphy/ptII/ptolemy/domains/modal/test/auto/InitialStateTransition4.xml
3 ms. Memory: 578048K Free: 165241K (29%)
----------------- Invoking toplevel() on ptolemy.moml.MoMLSimpleApplication@624f7fcd
----------------- Done invoking toplevel() on ptolemy.moml.MoMLSimpleApplication@624f7fcd
[...]
----------------- Done invoking toplevel() on ptolemy.moml.MoMLSimpleApplication@2420c83d
reloadAllAccessors: .TerminationTransition3

===========================================================================================
----------------- testing Sat Jun 30 01:34:12 UTC 2018 /home/travis/build/icyphy/ptII/ptolemy/domains/modal/test/auto/TerminationTransition4.xml
----------------- Instantiating /home/travis/build/icyphy/ptII/ptolemy/domains/modal/test/auto/TerminationTransition4.xml
8 ms. Memory: 870912K Free: 107150K (12%)
----------------- Invoking toplevel() on ptolemy.moml.MoMLSimpleApplication@56d5c900
----------------- Done invoking toplevel() on ptolemy.moml.MoMLSimpleApplication@56d5c900
reloadAllAccessors: .TerminationTransition4

===========================================================================================
----------------- testing Sat Jun 30 01:34:12 UTC 2018 /home/travis/build/icyphy/ptII/ptolemy/domains/modal/test/auto/TerminationTransition5.xml
----------------- Instantiating /home/travis/build/icyphy/ptII/ptolemy/domains/modal/test/auto/TerminationTransition5.xml
3 ms. Memory: 870912K Free: 85052K (10%)
----------------- Invoking toplevel() on ptolemy.moml.MoMLSimpleApplication@32ef19af
----------------- Done invoking toplevel() on ptolemy.moml.MoMLSimpleApplication@32ef19af
reloadAllAccessors: .TerminationTransition5

===========================================================================================
----------------- testing Sat Jun 30 01:34:12 UTC 2018 /home/travis/build/icyphy/ptII/ptolemy/domains/modal/test/auto/TerminationTransition6.xml
----------------- Instantiating /home/travis/build/icyphy/ptII/ptolemy/domains/modal/test/auto/TerminationTransition6.xml
2 ms. Memory: 870912K Free: 851558K (98%)
----------------- Invoking toplevel() on ptolemy.moml.MoMLSimpleApplication@578b0a9d
----------------- Done invoking toplevel() on ptolemy.moml.MoMLSimpleApplication@578b0a9d
reloadAllAccessors: .TerminationTransition6

===========================================================================================
----------------- testing Sat Jun 30 01:34:12 UTC 2018 /home/travis/build/icyphy/ptII/ptolemy/domains/modal/test/auto/TerminationTransition7.xml
----------------- Instantiating /home/travis/build/icyphy/ptII/ptolemy/domains/modal/test/auto/TerminationTransition7.xml
4 ms. Memory: 870912K Free: 833944K (96%)
----------------- Invoking toplevel() on ptolemy.moml.MoMLSimpleApplication@2ddb978e
----------------- Done invoking toplevel() on ptolemy.moml.MoMLSimpleApplication@2ddb978e
reloadAllAccessors: .TerminationTransition7

===========================================================================================
----------------- testing Sat Jun 30 01:34:12 UTC 2018 /home/travis/build/icyphy/ptII/ptolemy/domains/modal/test/auto/TerminationTransition8.xml
----------------- Instantiating /home/travis/build/icyphy/ptII/ptolemy/domains/modal/test/auto/TerminationTransition8.xml
2 ms. Memory: 870912K Free: 818312K (94%)
----------------- Invoking toplevel() on ptolemy.moml.MoMLSimpleApplication@74c26e76
----------------- Done invoking toplevel() on ptolemy.moml.MoMLSimpleApplication@74c26e76
reloadAllAccessors: .TerminationTransition8

===========================================================================================
----------------- testing Sat Jun 30 01:34:12 UTC 2018 /home/travis/build/icyphy/ptII/ptolemy/domains/modal/test/auto/Thermostat_NoHysteresis.xml
----------------- Instantiating /home/travis/build/icyphy/ptII/ptolemy/domains/modal/test/auto/Thermostat_NoHysteresis.xml
40 ms. Memory: 870912K Free: 785140K (90%)
----------------- Invoking toplevel() on ptolemy.moml.MoMLSimpleApplication@d4637f6
----------------- Done invoking toplevel() on ptolemy.moml.MoMLSimpleApplication@d4637f6
reloadAllAccessors: .Thermostat_NoHysteresis

===========================================================================================
----------------- testing Sat Jun 30 01:34:12 UTC 2018 /home/travis/build/icyphy/ptII/ptolemy/domains/modal/test/auto/TimedFSM.xml
----------------- Instantiating /home/travis/build/icyphy/ptII/ptolemy/domains/modal/test/auto/TimedFSM.xml
10 ms. Memory: 870912K Free: 769523K (88%)
----------------- Invoking toplevel() on ptolemy.moml.MoMLSimpleApplication@4945cea
----------------- Done invoking toplevel() on ptolemy.moml.MoMLSimpleApplication@4945cea
reloadAllAccessors: .TimedFSM

===========================================================================================
----------------- testing Sat Jun 30 01:34:12 UTC 2018 /home/travis/build/icyphy/ptII/ptolemy/domains/modal/test/auto/Timeout1.xml
----------------- Instantiating /home/travis/build/icyphy/ptII/ptolemy/domains/modal/test/auto/Timeout1.xml
4 ms. Memory: 870912K Free: 759839K (87%)
----------------- Invoking toplevel() on ptolemy.moml.MoMLSimpleApplication@186df313
----------------- Done invoking toplevel() on ptolemy.moml.MoMLSimpleApplication@186df313
reloadAllAccessors: .Timeout1

===========================================================================================
----------------- testing Sat Jun 30 01:34:12 UTC 2018 /home/travis/build/icyphy/ptII/ptolemy/domains/modal/test/auto/Timeout2.xml
----------------- Instantiating /home/travis/build/icyphy/ptII/ptolemy/domains/modal/test/auto/Timeout2.xml
6 ms. Memory: 870912K Free: 748111K (86%)
----------------- Invoking toplevel() on ptolemy.moml.MoMLSimpleApplication@480f236c
----------------- Done invoking toplevel() on ptolemy.moml.MoMLSimpleApplication@480f236c
reloadAllAccessors: .Timeout2

===========================================================================================
----------------- testing Sat Jun 30 01:34:12 UTC 2018 /home/travis/build/icyphy/ptII/ptolemy/domains/modal/test/auto/Timeout3.xml
----------------- Instantiating /home/travis/build/icyphy/ptII/ptolemy/domains/modal/test/auto/Timeout3.xml
6 ms. Memory: 870912K Free: 738427K (85%)
----------------- Invoking toplevel() on ptolemy.moml.MoMLSimpleApplication@467546f
----------------- Done invoking toplevel() on ptolemy.moml.MoMLSimpleApplication@467546f
reloadAllAccessors: .Timeout3

===========================================================================================
----------------- testing Sat Jun 30 01:34:12 UTC 2018 /home/travis/build/icyphy/ptII/ptolemy/domains/modal/test/auto/Timeout4.xml
----------------- Instantiating /home/travis/build/icyphy/ptII/ptolemy/domains/modal/test/auto/Timeout4.xml
2 ms. Memory: 870912K Free: 730619K (84%)
----------------- Invoking toplevel() on ptolemy.moml.MoMLSimpleApplication@1bd47f0c
----------------- Done invoking toplevel() on ptolemy.moml.MoMLSimpleApplication@1bd47f0c
reloadAllAccessors: .Timeout4

===========================================================================================
----------------- testing Sat Jun 30 01:34:12 UTC 2018 /home/travis/build/icyphy/ptII/ptolemy/domains/modal/test/auto/TransientstateModelAdvanced.xml
----------------- Instantiating /home/travis/build/icyphy/ptII/ptolemy/domains/modal/test/auto/TransientstateModelAdvanced.xml
3 ms. Memory: 870912K Free: 709199K (81%)
----------------- Invoking toplevel() on ptolemy.moml.MoMLSimpleApplication@3f0ce8fe
----------------- Done invoking toplevel() on ptolemy.moml.MoMLSimpleApplication@3f0ce8fe
reloadAllAccessors: .TransientstateModelAdvanced

===========================================================================================
----------------- testing Sat Jun 30 01:34:12 UTC 2018 /home/travis/build/icyphy/ptII/ptolemy/domains/modal/test/auto/TransientstateModelAdvanced2.xml
----------------- Instantiating /home/travis/build/icyphy/ptII/ptolemy/domains/modal/test/auto/TransientstateModelAdvanced2.xml
3 ms. Memory: 870912K Free: 689647K (79%)
----------------- Invoking toplevel() on ptolemy.moml.MoMLSimpleApplication@2f27b3f8
----------------- Done invoking toplevel() on ptolemy.moml.MoMLSimpleApplication@2f27b3f8
reloadAllAccessors: .transientstatemodelAdvanced

===========================================================================================
----------------- testing Sat Jun 30 01:34:12 UTC 2018 /home/travis/build/icyphy/ptII/ptolemy/domains/modal/test/auto/TransitionRefinements.xml
----------------- Instantiating /home/travis/build/icyphy/ptII/ptolemy/domains/modal/test/auto/TransitionRefinements.xml
10 ms. Memory: 870912K Free: 676043K (78%)
----------------- Invoking toplevel() on ptolemy.moml.MoMLSimpleApplication@29afc685
----------------- Done invoking toplevel() on ptolemy.moml.MoMLSimpleApplication@29afc685
reloadAllAccessors: .TransitionRefinements

===========================================================================================
----------------- testing Sat Jun 30 01:34:12 UTC 2018 /home/travis/build/icyphy/ptII/ptolemy/domains/modal/test/auto/TwoRefinements1.xml
----------------- Instantiating /home/travis/build/icyphy/ptII/ptolemy/domains/modal/test/auto/TwoRefinements1.xml
3 ms. Memory: 870912K Free: 660419K (76%)
----------------- Invoking toplevel() on ptolemy.moml.MoMLSimpleApplication@1f8bbf19
----------------- Done invoking toplevel() on ptolemy.moml.MoMLSimpleApplication@1f8bbf19
reloadAllAccessors: .TwoRefinements1

===========================================================================================
----------------- testing Sat Jun 30 01:34:12 UTC 2018 /home/travis/build/icyphy/ptII/ptolemy/domains/modal/test/auto/TwoRefinements2.xml
----------------- Instantiating /home/travis/build/icyphy/ptII/ptolemy/domains/modal/test/auto/TwoRefinements2.xml
3 ms. Memory: 870912K Free: 642926K (74%)
----------------- Invoking toplevel() on ptolemy.moml.MoMLSimpleApplication@61c880bb
----------------- Done invoking toplevel() on ptolemy.moml.MoMLSimpleApplication@61c880bb
reloadAllAccessors: .TwoRefinements2

===========================================================================================
----------------- testing Sat Jun 30 01:34:12 UTC 2018 /home/travis/build/icyphy/ptII/ptolemy/domains/modal/test/auto/WeakImmediateTransition.xml
----------------- Instantiating /home/travis/build/icyphy/ptII/ptolemy/domains/modal/test/auto/WeakImmediateTransition.xml
3 ms. Memory: 870912K Free: 627302K (72%)
----------------- Invoking toplevel() on ptolemy.moml.MoMLSimpleApplication@23c80ca7
----------------- Done invoking toplevel() on ptolemy.moml.MoMLSimpleApplication@23c80ca7
reloadAllAccessors: .WeakImmediateTransition

===========================================================================================
----------------- testing Sat Jun 30 01:34:12 UTC 2018 /home/travis/build/icyphy/ptII/ptolemy/domains/modal/test/auto/booleanSelect.xml
----------------- Instantiating /home/travis/build/icyphy/ptII/ptolemy/domains/modal/test/auto/booleanSelect.xml
35 ms. Memory: 870912K Free: 605874K (70%)
----------------- Invoking toplevel() on ptolemy.moml.MoMLSimpleApplication@1c88599e
----------------- Done invoking toplevel() on ptolemy.moml.MoMLSimpleApplication@1c88599e
reloadAllAccessors: .booleanSelect

===========================================================================================
----------------- testing Sat Jun 30 01:34:12 UTC 2018 /home/travis/build/icyphy/ptII/ptolemy/domains/modal/test/auto/modalChangingParams.xml
----------------- Instantiating /home/travis/build/icyphy/ptII/ptolemy/domains/modal/test/auto/modalChangingParams.xml
0
1
0
2
4
6
8
7
0
2
4
6
8
13
0
2
4
6
8
19
0
2
4
6
8
25
0
2
4
6
8
31
0
2
4
6
8
37
0
2
4
6
8
43
0
2
4
6
8
49
0
2
4
6
8
55
0
2
4
6
8
61
0
2
4
6
8
67
0
2
4
6
8
73
0
2
4
6
8
79
0
2
4
6
8
85
0
2
4
6
8
91
0
2
4
6
8
97
0
2
4
6
8
103
0
2
4
6
8
109
0
2
4
6
8
115
0
2
4
6
8
121
0
2
4
6
8
127
0
2
4
6
8
133
0
2
4
6
8
139
0
2
4
6
8
145
0
2
4
6
8
151
0
2
4
6
8
157
0
2
4
6
8
163
0
2
4
6
8
169
0
2
4
6
8
175
0
2
4
6
8
181
0
2
4
6
8
187
0
2
4
6
8
193
0
2
4
6
8
199
0
2
4
6
8
205
0
2
4
6
8
211
0
2
4
6
8
217
0
2
4
6
8
223
0
2
4
6
8
229
0
2
4
6
8
235
0
2
4
6
8
241
0
2
4
6
8
247
0
2
4
6
8
253
0
2
4
6
8
259
0
2
4
6
8
265
0
2
4
6
8
271
0
2
4
6
8
277
0
2
4
6
8
283
0
2
4
6
8
289
0
2
4
6
8
295
0
2
4
6
8
301
0
2
4
6
8
307
0
2
4
6
8
313
0
2
4
6
8
319
0
2
4
6
8
325
0
2
4
6
8
331
0
2
4
6
8
337
0
2
4
6
8
343
0
2
4
6
8
349
0
2
4
6
8
355
0
2
4
6
8
361
0
2
4
6
8
367
0
2
4
6
8
373
0
2
4
6
8
379
0
2
4
6
8
385
0
2
4
6
8
391
0
2
4
6
8
397
0
2
4
6
8
403
0
2
4
6
8
409
0
2
4
6
8
415
0
2
4
6
8
421
0
2
4
6
8
427
0
2
4
6
8
433
0
2
4
6
8
439
0
2
4
6
8
445
0
2
4
6
8
451
0
2
4
6
8
457
0
2
4
6
8
463
0
2
4
6
8
469
0
2
4
6
8
475
0
2
4
6
8
481
0
2
4
6
8
487
0
2
4
6
8
493
0
2
4
6
8
499
0
2
4
6
8
505
0
2
4
6
8
511
0
2
4
6
8
517
0
2
4
6
8
523
0
2
4
6
8
529
0
2
4
6
8
535
0
2
4
6
8
541
0
2
4
6
8
547
0
2
4
6
8
553
0
2
4
6
8
559
0
2
4
6
8
565
0
2
4
6
8
571
0
2
4
6
8
577
0
2
4
6
8
583
0
2
4
6
8
589
0
2
4
6
8
595
0
2
4
6
8
601
0
2
4
6
8
607
0
2
4
6
8
613
0
2
4
6
8
619
0
2
4
6
8
625
0
2
4
6
8
631
0
2
4
6
8
637
0
2
4
6
8
643
0
2
4
6
8
649
0
2
4
6
8
655
0
2
4
6
8
661
0
2
4
6
8
667
0
2
4
6
8
673
0
2
4
6
8
679
0
2
4
6
8
685
0
2
4
6
8
691
0
2
4
6
8
697
0
2
4
6
8
703
0
2
4
6
8
709
0
2
4
6
8
715
0
2
4
6
8
721
0
2
4
6
8
727
0
2
4
6
8
733
0
2
4
6
8
739
0
2
4
6
8
745
0
2
4
6
8
751
0
2
4
6
8
757
0
2
4
6
8
763
0
2
4
6
8
769
0
2
4
6
8
775
0
2
4
6
8
781
0
2
4
6
8
787
0
2
4
6
8
793
0
2
4
6
8
799
0
2
4
6
8
805
0
2
4
6
8
811
0
2
4
6
8
817
0
2
4
6
8
823
0
2
4
6
8
829
0
2
4
6
8
835
0
2
4
6
8
841
0
2
4
6
8
847
0
2
4
6
8
853
0
2
4
6
8
859
0
2
4
6
8
865
0
2
4
6
8
871
0
2
4
6
8
877
0
2
4
6
8
883
0
2
4
6
8
889
0
2
4
6
8
895
0
2
4
6
8
901
0
2
4
6
8
907
0
2
4
6
8
913
0
2
4
6
8
919
0
2
4
6
8
925
0
2
4
6
8
931
0
2
4
6
8
937
0
2
4
6
8
943
0
2
4
6
8
949
0
2
4
6
8
955
0
2
4
6
8
961
0
2
4
6
8
967
0
2
4
6
8
973
0
2
4
6
8
979
0
2
4
6
8
985
0
2
4
6
8
991
0
2
4
6
8
997
0
2
313 ms. Memory: 870912K Free: 488497K (56%)
----------------- Invoking toplevel() on ptolemy.moml.MoMLSimpleApplication@563cc7dc
----------------- Done invoking toplevel() on ptolemy.moml.MoMLSimpleApplication@563cc7dc
reloadAllAccessors: .modalChangingParams

===========================================================================================
----------------- testing Sat Jun 30 01:34:13 UTC 2018 /home/travis/build/icyphy/ptII/ptolemy/domains/modal/test/auto/modalModel.xml
----------------- Instantiating /home/travis/build/icyphy/ptII/ptolemy/domains/modal/test/auto/modalModel.xml
15 ms. Memory: 870912K Free: 476769K (55%)
----------------- Invoking toplevel() on ptolemy.moml.MoMLSimpleApplication@557d7d89
----------------- Done invoking toplevel() on ptolemy.moml.MoMLSimpleApplication@557d7d89
reloadAllAccessors: .modalModel

===========================================================================================
----------------- testing Sat Jun 30 01:34:13 UTC 2018 /home/travis/build/icyphy/ptII/ptolemy/domains/modal/test/auto/modalModel2.xml
----------------- Instantiating /home/travis/build/icyphy/ptII/ptolemy/domains/modal/test/auto/modalModel2.xml
14 ms. Memory: 870912K Free: 459245K (53%)
----------------- Invoking toplevel() on ptolemy.moml.MoMLSimpleApplication@7bdfae4d
----------------- Done invoking toplevel() on ptolemy.moml.MoMLSimpleApplication@7bdfae4d
reloadAllAccessors: .modalModel2

===========================================================================================
----------------- testing Sat Jun 30 01:34:13 UTC 2018 /home/travis/build/icyphy/ptII/ptolemy/domains/modal/test/auto/modalModel3.xml
----------------- Instantiating /home/travis/build/icyphy/ptII/ptolemy/domains/modal/test/auto/modalModel3.xml
0	0	0
1	0	1
4	2	2
7	4	3
10	6	4
5	0	5
8	2	6
11	4	7
14	6	8
9	0	9
12	2	10
15	4	11
18	6	12
13	0	13
16	2	14
17 ms. Memory: 870912K Free: 439693K (50%)
----------------- Invoking toplevel() on ptolemy.moml.MoMLSimpleApplication@2a33f551
----------------- Done invoking toplevel() on ptolemy.moml.MoMLSimpleApplication@2a33f551
reloadAllAccessors: .modalModel3

===========================================================================================
----------------- testing Sat Jun 30 01:34:13 UTC 2018 /home/travis/build/icyphy/ptII/ptolemy/domains/modal/test/auto/model1.xml
----------------- Instantiating /home/travis/build/icyphy/ptII/ptolemy/domains/modal/test/auto/model1.xml
12 ms. Memory: 870912K Free: 430008K (49%)
----------------- Invoking toplevel() on ptolemy.moml.MoMLSimpleApplication@59e8b8f7
----------------- Done invoking toplevel() on ptolemy.moml.MoMLSimpleApplication@59e8b8f7
reloadAllAccessors: .model1

===========================================================================================
----------------- testing Sat Jun 30 01:34:13 UTC 2018 /home/travis/build/icyphy/ptII/ptolemy/domains/modal/test/auto/test-direct-in-out.xml
----------------- Instantiating /home/travis/build/icyphy/ptII/ptolemy/domains/modal/test/auto/test-direct-in-out.xml
5 ms. Memory: 870912K Free: 418280K (48%)
----------------- Invoking toplevel() on ptolemy.moml.MoMLSimpleApplication@1f074ad3
----------------- Done invoking toplevel() on ptolemy.moml.MoMLSimpleApplication@1f074ad3
reloadAllAccessors: .test-direct-in-out
AutoTests.java: About to close Vertx.
AutoTests.java: Vertx closed.
]]></system-out>
  <system-err><![CDATA[java.lang.RuntimeException: Execution failed
	at ptolemy.moml.MoMLSimpleApplication$UnloadThread.run(MoMLSimpleApplication.java:402)
Caused by: ptolemy.kernel.util.IllegalActionException: Unknown inputs remain. Possible causality loop:
L_model_1893289564i

  in .CannotAnalysisWithPreemption.model_1893289564_region_1 and .CannotAnalysisWithPreemption.model_1893289564_region_1.L_model_1893289564i
	at ptolemy.actor.sched.FixedPointDirector.postfire(FixedPointDirector.java:515)
	at ptolemy.domains.sr.kernel.SRDirector.postfire(SRDirector.java:417)
	at ptolemy.actor.CompositeActor.postfire(CompositeActor.java:1668)
	at ptolemy.actor.Manager.iterate(Manager.java:852)
	at ptolemy.actor.Manager.execute(Manager.java:369)
	at ptolemy.actor.Manager.run(Manager.java:1263)
	at ptolemy.actor.Manager$PtolemyRunThread.run(Manager.java:1915)
java.lang.reflect.InvocationTargetException
	at sun.reflect.NativeConstructorAccessorImpl.newInstance0(Native Method)
	at sun.reflect.NativeConstructorAccessorImpl.newInstance(NativeConstructorAccessorImpl.java:62)
	at sun.reflect.DelegatingConstructorAccessorImpl.newInstance(DelegatingConstructorAccessorImpl.java:45)
	at java.lang.reflect.Constructor.newInstance(Constructor.java:423)
	at ptolemy.util.test.junit.AutoKnownFailedTests.RunModel(AutoKnownFailedTests.java:107)
	at sun.reflect.NativeMethodAccessorImpl.invoke0(Native Method)
	at sun.reflect.NativeMethodAccessorImpl.invoke(NativeMethodAccessorImpl.java:62)
	at sun.reflect.DelegatingMethodAccessorImpl.invoke(DelegatingMethodAccessorImpl.java:43)
	at java.lang.reflect.Method.invoke(Method.java:498)
	at org.junit.runners.model.FrameworkMethod$1.runReflectiveCall(FrameworkMethod.java:44)
	at org.junit.internal.runners.model.ReflectiveCallable.run(ReflectiveCallable.java:15)
	at org.junit.runners.model.FrameworkMethod.invokeExplosively(FrameworkMethod.java:41)
	at junitparams.internal.InvokeParameterisedMethod.evaluate(InvokeParameterisedMethod.java:102)
	at org.junit.internal.runners.statements.FailOnTimeout$1.run(FailOnTimeout.java:28)
Caused by: ptolemy.kernel.util.IllegalActionException: Unknown inputs remain. Possible causality loop:
L_model_1893289564i

  in .CannotAnalysisWithPreemption.model_1893289564_region_1 and .CannotAnalysisWithPreemption.model_1893289564_region_1.L_model_1893289564i
	at ptolemy.actor.sched.FixedPointDirector.postfire(FixedPointDirector.java:515)
	at ptolemy.domains.sr.kernel.SRDirector.postfire(SRDirector.java:417)
	at ptolemy.actor.CompositeActor.postfire(CompositeActor.java:1668)
	at ptolemy.actor.Manager.iterate(Manager.java:852)
	at ptolemy.actor.Manager.execute(Manager.java:369)
	at ptolemy.actor.Manager.run(Manager.java:1263)
	at ptolemy.actor.Manager$PtolemyRunThread.run(Manager.java:1915)
]]></system-err>
</testsuite>
