<?xml version="1.0" encoding="UTF-8" ?>
<testsuite errors="0" failures="0" hostname="travis-job-f17f719a-027e-43e3-8300-006df999a19c" name="ptolemy.domains.de.test.junit.JUnitTclTest" skipped="0" tests="101" time="130.199" timestamp="2019-03-25T22:42:30">
  <properties>
[...]
</properties>
  <testcase classname="ptolemy.util.test.junit.TclTests" name="[0] /home/travis/build/icyphy/ptII/ptolemy/domains/de/test/DependencyLoop.tcl (RunTclFile)" time="0.731" />
  <testcase classname="ptolemy.util.test.junit.TclTests" name="[1] /home/travis/build/icyphy/ptII/ptolemy/domains/de/test/RunDETestsAsQSS.tcl (RunTclFile)" time="88.997" />
  <testcase classname="ptolemy.util.test.junit.AutoKnownFailedTests" name="[0] /home/travis/build/icyphy/ptII/ptolemy/domains/de/test/auto/knownFailedTests/DESDFClockTest.xml (RunModel)" time="2.034" />
  <testcase classname="ptolemy.util.test.junit.AutoKnownFailedTests" name="[1] /home/travis/build/icyphy/ptII/ptolemy/domains/de/test/auto/knownFailedTests/DirectFeedback.xml (RunModel)" time="0.02" />
  <testcase classname="ptolemy.util.test.junit.AutoKnownFailedTests" name="[2] /home/travis/build/icyphy/ptII/ptolemy/domains/de/test/auto/knownFailedTests/FSMSource.xml (RunModel)" time="0.032" />
  <testcase classname="ptolemy.util.test.junit.AutoKnownFailedTests" name="[3] /home/travis/build/icyphy/ptII/ptolemy/domains/de/test/auto/knownFailedTests/HierarchicalModel.xml (RunModel)" time="0.05" />
  <testcase classname="ptolemy.util.test.junit.AutoKnownFailedTests" name="[4] /home/travis/build/icyphy/ptII/ptolemy/domains/de/test/auto/knownFailedTests/dependencyLoop.xml (RunModel)" time="0.053" />
  <testcase classname="ptolemy.util.test.junit.AutoKnownFailedTests" name="[5] /home/travis/build/icyphy/ptII/ptolemy/domains/de/test/auto/knownFailedTests/dependencyLoop2.xml (RunModel)" time="0.039" />
  <testcase classname="ptolemy.util.test.junit.AutoNameArchTests" name="[0] ThereAreNoAutoArchTests (RunModel)" time="0.001" />
  <testcase classname="ptolemy.util.test.junit.AutoTests" name="[0] /home/travis/build/icyphy/ptII/ptolemy/domains/de/test/auto/ActorDepthCalculation_actorWithoutPorts.xml (RunModel)" time="0.019" />
  <testcase classname="ptolemy.util.test.junit.AutoTests" name="[1] /home/travis/build/icyphy/ptII/ptolemy/domains/de/test/auto/AssemblyLine.xml (RunModel)" time="0.02" />
  <testcase classname="ptolemy.util.test.junit.AutoTests" name="[2] /home/travis/build/icyphy/ptII/ptolemy/domains/de/test/auto/CQBug1.xml (RunModel)" time="0.01" />
  <testcase classname="ptolemy.util.test.junit.AutoTests" name="[3] /home/travis/build/icyphy/ptII/ptolemy/domains/de/test/auto/CancelFireAt.xml (RunModel)" time="0.007" />
  <testcase classname="ptolemy.util.test.junit.AutoTests" name="[4] /home/travis/build/icyphy/ptII/ptolemy/domains/de/test/auto/CausalityAndComposabilityAnalysis.xml (RunModel)" time="0.014" />
  <testcase classname="ptolemy.util.test.junit.AutoTests" name="[5] /home/travis/build/icyphy/ptII/ptolemy/domains/de/test/auto/CausalityInterface1.xml (RunModel)" time="0.015" />
  <testcase classname="ptolemy.util.test.junit.AutoTests" name="[6] /home/travis/build/icyphy/ptII/ptolemy/domains/de/test/auto/CausalityInterface15.xml (RunModel)" time="0.015" />
  <testcase classname="ptolemy.util.test.junit.AutoTests" name="[7] /home/travis/build/icyphy/ptII/ptolemy/domains/de/test/auto/CausalityInterface2.xml (RunModel)" time="0.013" />
  <testcase classname="ptolemy.util.test.junit.AutoTests" name="[8] /home/travis/build/icyphy/ptII/ptolemy/domains/de/test/auto/CausalityInterface3.xml (RunModel)" time="0.014" />
  <testcase classname="ptolemy.util.test.junit.AutoTests" name="[9] /home/travis/build/icyphy/ptII/ptolemy/domains/de/test/auto/ClockDrift.xml (RunModel)" time="0.041" />
  <testcase classname="ptolemy.util.test.junit.AutoTests" name="[10] /home/travis/build/icyphy/ptII/ptolemy/domains/de/test/auto/ClockDriftAndValueChange.xml (RunModel)" time="0.035" />
  <testcase classname="ptolemy.util.test.junit.AutoTests" name="[11] /home/travis/build/icyphy/ptII/ptolemy/domains/de/test/auto/ClockDriftChange.xml (RunModel)" time="0.031" />
  <testcase classname="ptolemy.util.test.junit.AutoTests" name="[12] /home/travis/build/icyphy/ptII/ptolemy/domains/de/test/auto/ComposableCausalityAnalysis.xml (RunModel)" time="0.021" />
  <testcase classname="ptolemy.util.test.junit.AutoTests" name="[13] /home/travis/build/icyphy/ptII/ptolemy/domains/de/test/auto/DEFixedPointLimitation.xml (RunModel)" time="0.012" />
  <testcase classname="ptolemy.util.test.junit.AutoTests" name="[14] /home/travis/build/icyphy/ptII/ptolemy/domains/de/test/auto/DEScheduleTest.xml (RunModel)" time="0.015" />
  <testcase classname="ptolemy.util.test.junit.AutoTests" name="[15] /home/travis/build/icyphy/ptII/ptolemy/domains/de/test/auto/DEinDEwithStartTimes.xml (RunModel)" time="0.016" />
  <testcase classname="ptolemy.util.test.junit.AutoTests" name="[16] /home/travis/build/icyphy/ptII/ptolemy/domains/de/test/auto/DEinDEwithStartTimes2.xml (RunModel)" time="0.017" />
  <testcase classname="ptolemy.util.test.junit.AutoTests" name="[17] /home/travis/build/icyphy/ptII/ptolemy/domains/de/test/auto/DateDemo.xml (RunModel)" time="0.035" />
  <testcase classname="ptolemy.util.test.junit.AutoTests" name="[18] /home/travis/build/icyphy/ptII/ptolemy/domains/de/test/auto/DateToEvent.xml (RunModel)" time="2.047" />
  <testcase classname="ptolemy.util.test.junit.AutoTests" name="[19] /home/travis/build/icyphy/ptII/ptolemy/domains/de/test/auto/DepthTest1.xml (RunModel)" time="0.008" />
  <testcase classname="ptolemy.util.test.junit.AutoTests" name="[20] /home/travis/build/icyphy/ptII/ptolemy/domains/de/test/auto/DepthTest2.xml (RunModel)" time="0.018" />
  <testcase classname="ptolemy.util.test.junit.AutoTests" name="[21] /home/travis/build/icyphy/ptII/ptolemy/domains/de/test/auto/DepthTest3.xml (RunModel)" time="0.007" />
  <testcase classname="ptolemy.util.test.junit.AutoTests" name="[22] /home/travis/build/icyphy/ptII/ptolemy/domains/de/test/auto/DepthTest4.xml (RunModel)" time="0.012" />
  <testcase classname="ptolemy.util.test.junit.AutoTests" name="[23] /home/travis/build/icyphy/ptII/ptolemy/domains/de/test/auto/DepthTest5.xml (RunModel)" time="0.014" />
  <testcase classname="ptolemy.util.test.junit.AutoTests" name="[24] /home/travis/build/icyphy/ptII/ptolemy/domains/de/test/auto/DepthTest6.xml (RunModel)" time="0.012" />
  <testcase classname="ptolemy.util.test.junit.AutoTests" name="[25] /home/travis/build/icyphy/ptII/ptolemy/domains/de/test/auto/DepthTest7.xml (RunModel)" time="0.011" />
  <testcase classname="ptolemy.util.test.junit.AutoTests" name="[26] /home/travis/build/icyphy/ptII/ptolemy/domains/de/test/auto/EventToDate.xml (RunModel)" time="3.035" />
  <testcase classname="ptolemy.util.test.junit.AutoTests" name="[27] /home/travis/build/icyphy/ptII/ptolemy/domains/de/test/auto/FSM1.xml (RunModel)" time="0.031" />
  <testcase classname="ptolemy.util.test.junit.AutoTests" name="[28] /home/travis/build/icyphy/ptII/ptolemy/domains/de/test/auto/FSM7.xml (RunModel)" time="0.044" />
  <testcase classname="ptolemy.util.test.junit.AutoTests" name="[29] /home/travis/build/icyphy/ptII/ptolemy/domains/de/test/auto/Inspection.xml (RunModel)" time="0.039" />
  <testcase classname="ptolemy.util.test.junit.AutoTests" name="[30] /home/travis/build/icyphy/ptII/ptolemy/domains/de/test/auto/Iteration.xml (RunModel)" time="0.018" />
  <testcase classname="ptolemy.util.test.junit.AutoTests" name="[31] /home/travis/build/icyphy/ptII/ptolemy/domains/de/test/auto/LineFault.xml (RunModel)" time="0.597" />
  <testcase classname="ptolemy.util.test.junit.AutoTests" name="[32] /home/travis/build/icyphy/ptII/ptolemy/domains/de/test/auto/MergeModel1Add.xml (RunModel)" time="0.04" />
  <testcase classname="ptolemy.util.test.junit.AutoTests" name="[33] /home/travis/build/icyphy/ptII/ptolemy/domains/de/test/auto/MergeModel2Add.xml (RunModel)" time="0.035" />
  <testcase classname="ptolemy.util.test.junit.AutoTests" name="[34] /home/travis/build/icyphy/ptII/ptolemy/domains/de/test/auto/MergeModel3Add.xml (RunModel)" time="0.042" />
  <testcase classname="ptolemy.util.test.junit.AutoTests" name="[35] /home/travis/build/icyphy/ptII/ptolemy/domains/de/test/auto/MergeWithoutDiscard.xml (RunModel)" time="0.016" />
  <testcase classname="ptolemy.util.test.junit.AutoTests" name="[36] /home/travis/build/icyphy/ptII/ptolemy/domains/de/test/auto/Modal1.xml (RunModel)" time="0.034" />
  <testcase classname="ptolemy.util.test.junit.AutoTests" name="[37] /home/travis/build/icyphy/ptII/ptolemy/domains/de/test/auto/Modal2.xml (RunModel)" time="0.029" />
  <testcase classname="ptolemy.util.test.junit.AutoTests" name="[38] /home/travis/build/icyphy/ptII/ptolemy/domains/de/test/auto/Modal3.xml (RunModel)" time="0.027" />
  <testcase classname="ptolemy.util.test.junit.AutoTests" name="[39] /home/travis/build/icyphy/ptII/ptolemy/domains/de/test/auto/Modal4.xml (RunModel)" time="0.032" />
  <testcase classname="ptolemy.util.test.junit.AutoTests" name="[40] /home/travis/build/icyphy/ptII/ptolemy/domains/de/test/auto/Modal5.xml (RunModel)" time="0.027" />
  <testcase classname="ptolemy.util.test.junit.AutoTests" name="[41] /home/travis/build/icyphy/ptII/ptolemy/domains/de/test/auto/Modal6.xml (RunModel)" time="0.024" />
  <testcase classname="ptolemy.util.test.junit.AutoTests" name="[42] /home/travis/build/icyphy/ptII/ptolemy/domains/de/test/auto/Modal7.xml (RunModel)" time="0.025" />
  <testcase classname="ptolemy.util.test.junit.AutoTests" name="[43] /home/travis/build/icyphy/ptII/ptolemy/domains/de/test/auto/ModalModel.xml (RunModel)" time="0.148" />
  <testcase classname="ptolemy.util.test.junit.AutoTests" name="[44] /home/travis/build/icyphy/ptII/ptolemy/domains/de/test/auto/ModalSource.xml (RunModel)" time="0.016" />
  <testcase classname="ptolemy.util.test.junit.AutoTests" name="[45] /home/travis/build/icyphy/ptII/ptolemy/domains/de/test/auto/NonInterruptibleTimerZeroDelay.xml (RunModel)" time="0.01" />
  <testcase classname="ptolemy.util.test.junit.AutoTests" name="[46] /home/travis/build/icyphy/ptII/ptolemy/domains/de/test/auto/OpenQueueingNetwork.xml (RunModel)" time="2.285" />
  <testcase classname="ptolemy.util.test.junit.AutoTests" name="[47] /home/travis/build/icyphy/ptII/ptolemy/domains/de/test/auto/OpenQueuingNetwork.xml (RunModel)" time="0.262" />
  <testcase classname="ptolemy.util.test.junit.AutoTests" name="[48] /home/travis/build/icyphy/ptII/ptolemy/domains/de/test/auto/PeriodicSampler.xml (RunModel)" time="0.008" />
  <testcase classname="ptolemy.util.test.junit.AutoTests" name="[49] /home/travis/build/icyphy/ptII/ptolemy/domains/de/test/auto/PersistentIO.xml (RunModel)" time="0.017" />
  <testcase classname="ptolemy.util.test.junit.AutoTests" name="[50] /home/travis/build/icyphy/ptII/ptolemy/domains/de/test/auto/PortParameterResetOnInitialize.xml (RunModel)" time="0.009" />
  <testcase classname="ptolemy.util.test.junit.AutoTests" name="[51] /home/travis/build/icyphy/ptII/ptolemy/domains/de/test/auto/PortParameterUpdates.xml (RunModel)" time="0.012" />
  <testcase classname="ptolemy.util.test.junit.AutoTests" name="[52] /home/travis/build/icyphy/ptII/ptolemy/domains/de/test/auto/QueueAndServer.xml (RunModel)" time="0.02" />
  <testcase classname="ptolemy.util.test.junit.AutoTests" name="[53] /home/travis/build/icyphy/ptII/ptolemy/domains/de/test/auto/Records.xml (RunModel)" time="0.02" />
  <testcase classname="ptolemy.util.test.junit.AutoTests" name="[54] /home/travis/build/icyphy/ptII/ptolemy/domains/de/test/auto/ResetTransitionWithStartTime1.xml (RunModel)" time="0.02" />
  <testcase classname="ptolemy.util.test.junit.AutoTests" name="[55] /home/travis/build/icyphy/ptII/ptolemy/domains/de/test/auto/ResetTransitionWithStartTime2.xml (RunModel)" time="0.019" />
  <testcase classname="ptolemy.util.test.junit.AutoTests" name="[56] /home/travis/build/icyphy/ptII/ptolemy/domains/de/test/auto/ResetTransitionWithStartTime3.xml (RunModel)" time="0.019" />
  <testcase classname="ptolemy.util.test.junit.AutoTests" name="[57] /home/travis/build/icyphy/ptII/ptolemy/domains/de/test/auto/ResetTransitionWithStartTime4.xml (RunModel)" time="0.02" />
  <testcase classname="ptolemy.util.test.junit.AutoTests" name="[58] /home/travis/build/icyphy/ptII/ptolemy/domains/de/test/auto/ResettableTimer1.xml (RunModel)" time="0.009" />
  <testcase classname="ptolemy.util.test.junit.AutoTests" name="[59] /home/travis/build/icyphy/ptII/ptolemy/domains/de/test/auto/ResettableTimer2.xml (RunModel)" time="0.008" />
  <testcase classname="ptolemy.util.test.junit.AutoTests" name="[60] /home/travis/build/icyphy/ptII/ptolemy/domains/de/test/auto/ResettableTimer3.xml (RunModel)" time="0.008" />
  <testcase classname="ptolemy.util.test.junit.AutoTests" name="[61] /home/travis/build/icyphy/ptII/ptolemy/domains/de/test/auto/ResettableTimer4.xml (RunModel)" time="0.01" />
  <testcase classname="ptolemy.util.test.junit.AutoTests" name="[62] /home/travis/build/icyphy/ptII/ptolemy/domains/de/test/auto/ResettableTimer5.xml (RunModel)" time="0.008" />
  <testcase classname="ptolemy.util.test.junit.AutoTests" name="[63] /home/travis/build/icyphy/ptII/ptolemy/domains/de/test/auto/ResettableTimer6.xml (RunModel)" time="0.018" />
  <testcase classname="ptolemy.util.test.junit.AutoTests" name="[64] /home/travis/build/icyphy/ptII/ptolemy/domains/de/test/auto/ServerZeroDelay.xml (RunModel)" time="0.01" />
  <testcase classname="ptolemy.util.test.junit.AutoTests" name="[65] /home/travis/build/icyphy/ptII/ptolemy/domains/de/test/auto/SmartSender.xml (RunModel)" time="3.007" />
  <testcase classname="ptolemy.util.test.junit.AutoTests" name="[66] /home/travis/build/icyphy/ptII/ptolemy/domains/de/test/auto/ThreadedComposite.xml (RunModel)" time="0.447" />
  <testcase classname="ptolemy.util.test.junit.AutoTests" name="[67] /home/travis/build/icyphy/ptII/ptolemy/domains/de/test/auto/Time.xml (RunModel)" time="0.426" />
  <testcase classname="ptolemy.util.test.junit.AutoTests" name="[68] /home/travis/build/icyphy/ptII/ptolemy/domains/de/test/auto/TimeDelayZeroDelay.xml (RunModel)" time="0.011" />
  <testcase classname="ptolemy.util.test.junit.AutoTests" name="[69] /home/travis/build/icyphy/ptII/ptolemy/domains/de/test/auto/TimerZeroDelay.xml (RunModel)" time="0.009" />
  <testcase classname="ptolemy.util.test.junit.AutoTests" name="[70] /home/travis/build/icyphy/ptII/ptolemy/domains/de/test/auto/TimingParadox.xml (RunModel)" time="0.342" />
  <testcase classname="ptolemy.util.test.junit.AutoTests" name="[71] /home/travis/build/icyphy/ptII/ptolemy/domains/de/test/auto/TransferInputs.xml (RunModel)" time="0.012" />
  <testcase classname="ptolemy.util.test.junit.AutoTests" name="[72] /home/travis/build/icyphy/ptII/ptolemy/domains/de/test/auto/TransferOutputs2.xml (RunModel)" time="0.015" />
  <testcase classname="ptolemy.util.test.junit.AutoTests" name="[73] /home/travis/build/icyphy/ptII/ptolemy/domains/de/test/auto/Trilateration.xml (RunModel)" time="12.037" />
  <testcase classname="ptolemy.util.test.junit.AutoTests" name="[74] /home/travis/build/icyphy/ptII/ptolemy/domains/de/test/auto/TwoSigmaDelta.xml (RunModel)" time="1.869" />
  <testcase classname="ptolemy.util.test.junit.AutoTests" name="[75] /home/travis/build/icyphy/ptII/ptolemy/domains/de/test/auto/VariableDelay.xml (RunModel)" time="0.013" />
  <testcase classname="ptolemy.util.test.junit.AutoTests" name="[76] /home/travis/build/icyphy/ptII/ptolemy/domains/de/test/auto/VariableDelay2.xml (RunModel)" time="0.009" />
  <testcase classname="ptolemy.util.test.junit.AutoTests" name="[77] /home/travis/build/icyphy/ptII/ptolemy/domains/de/test/auto/VariableDelayZeroDelay.xml (RunModel)" time="0.012" />
  <testcase classname="ptolemy.util.test.junit.AutoTests" name="[78] /home/travis/build/icyphy/ptII/ptolemy/domains/de/test/auto/VariableDelayZeroDelay2.xml (RunModel)" time="0.014" />
  <testcase classname="ptolemy.util.test.junit.AutoTests" name="[79] /home/travis/build/icyphy/ptII/ptolemy/domains/de/test/auto/deInCt.xml (RunModel)" time="0.015" />
  <testcase classname="ptolemy.util.test.junit.AutoTests" name="[80] /home/travis/build/icyphy/ptII/ptolemy/domains/de/test/auto/deInCt2.xml (RunModel)" time="0.015" />
  <testcase classname="ptolemy.util.test.junit.AutoTests" name="[81] /home/travis/build/icyphy/ptII/ptolemy/domains/de/test/auto/dynamicCausalityInterface1.xml (RunModel)" time="0.016" />
  <testcase classname="ptolemy.util.test.junit.AutoTests" name="[82] /home/travis/build/icyphy/ptII/ptolemy/domains/de/test/auto/fsm_de_test.xml (RunModel)" time="0.023" />
  <testcase classname="ptolemy.util.test.junit.AutoTests" name="[83] /home/travis/build/icyphy/ptII/ptolemy/domains/de/test/auto/functionDependencyReconstruction.xml (RunModel)" time="0.037" />
  <testcase classname="ptolemy.util.test.junit.AutoTests" name="[84] /home/travis/build/icyphy/ptII/ptolemy/domains/de/test/auto/multirate.xml (RunModel)" time="0.014" />
  <testcase classname="ptolemy.util.test.junit.AutoTests" name="[85] /home/travis/build/icyphy/ptII/ptolemy/domains/de/test/auto/multirate2.xml (RunModel)" time="0.014" />
  <testcase classname="ptolemy.util.test.junit.AutoTests" name="[86] /home/travis/build/icyphy/ptII/ptolemy/domains/de/test/auto/realtime.xml (RunModel)" time="10.009" />
  <testcase classname="ptolemy.util.test.junit.AutoTests" name="[87] /home/travis/build/icyphy/ptII/ptolemy/domains/de/test/auto/relationGroup.xml (RunModel)" time="0.01" />
  <testcase classname="ptolemy.util.test.junit.AutoTests" name="[88] /home/travis/build/icyphy/ptII/ptolemy/domains/de/test/auto/relationGroup2.xml (RunModel)" time="0.008" />
  <testcase classname="ptolemy.util.test.junit.AutoTests" name="[89] /home/travis/build/icyphy/ptII/ptolemy/domains/de/test/auto/sortWithOpaquePorts.xml (RunModel)" time="0.009" />
  <testcase classname="ptolemy.util.test.junit.AutoTests" name="[90] /home/travis/build/icyphy/ptII/ptolemy/domains/de/test/auto/transferInputsandOutputs.xml (RunModel)" time="0.015" />
  <testcase classname="ptolemy.util.test.junit.AutoTests" name="[91] /home/travis/build/icyphy/ptII/ptolemy/domains/de/test/auto/triggerType.xml (RunModel)" time="0.009" />
  <system-out><![CDATA[/home/travis/build/icyphy/ptII/ptolemy/domains/de/test/DependencyLoop.tcl
testDefs.tcl: setting time out to 9000 seconds at Mon Mar 25 22:42:30 UTC 2019
17 ms. Memory: 116224K Free: 97594K (84%)
16 ms. Memory: 146944K Free: 141182K (96%)
/home/travis/build/icyphy/ptII/ptolemy/domains/de/test/RunDETestsAsQSS.tcl
Run the DE tests using ptolemy.domains.qss.test.QSSDirectorTest, which extends QSSDirector and prints a message in the constructors.
------------------ testing $PTII/ptolemy/domains/de/test/auto/knownFailedTests/dependencyLoop.xml (Known Failure) 
6 ms. Memory: 146944K Free: 136936K (93%)


==== $PTIIhome/travis/build/icyphy/ptII/ptolemy/domains/de/test/../../../../: Auto Automatic test in file $PTII/ptolemy/domains/de/test/auto/knownFailedTests/dependencyLoop.xml
==== Contents of test case:

	    # FIXME: we should use $relativeFilename here, but it
	    # might have backslashes under Windows, which causes no end
	    # of trouble.
	    createAndExecute $file
	    list {}
	
.... Test generated KNOWN error:
    while executing
ptolemy.kernel.util.IllegalActionException: Found a zero delay loop containing .dependencyLoop.original
  in .dependencyLoop and .dependencyLoop.original
	at ptolemy.actor.util.CausalityInterfaceForComposites._computeOutputPortDepth(CausalityInterfaceForComposites.java:759)
	at ptolemy.actor.util.CausalityInterfaceForComposites._computeInputDepth(CausalityInterfaceForComposites.java:696)
	at ptolemy.actor.util.CausalityInterfaceForComposites._computeOutputPortDepth(CausalityInterfaceForComposites.java:765)
	at ptolemy.actor.util.CausalityInterfaceForComposites._computeInputDepth(CausalityInterfaceForComposites.java:696)
	at ptolemy.actor.util.CausalityInterfaceForComposites._computeOutputPortDepth(CausalityInterfaceForComposites.java:765)
	at ptolemy.actor.util.CausalityInterfaceForComposites._computeInputDepth(CausalityInterfaceForComposites.java:696)
	at ptolemy.actor.util.CausalityInterfaceForComposites._computeActorDepth(CausalityInterfaceForComposites.java:532)
	at ptolemy.actor.util.CausalityInterfaceForComposites.checkForCycles(CausalityInterfaceForComposites.java:96)
	at ptolemy.domains.de.kernel.DEDirector.preinitialize(DEDirector.java:1338)
	at ptolemy.actor.CompositeActor.preinitialize(CompositeActor.java:1828)
	at ptolemy.actor.Manager.preinitializeAndResolveTypes(Manager.java:1040)
	at ptolemy.actor.Manager.initialize(Manager.java:710)
	at ptolemy.actor.Manager.execute(Manager.java:356)
	at ptolemy.actor.Manager.run(Manager.java:1263)
	at ptolemy.actor.Manager$PtolemyRunThread.run(Manager.java:1915)

    while executing
ptolemy.kernel.util.IllegalActionException: Found a zero delay loop containing .dependencyLoop.original
  in .dependencyLoop and .dependencyLoop.original
    while executing
"java::new ptolemy.moml.MoMLSimpleApplication $file
"
    (procedure "createAndExecute" line 2)
    invoked from within
"createAndExecute $file"
    ("uplevel" body line 5)
    invoked from within
"uplevel $contents_of_test"
------------------ testing $PTII/ptolemy/domains/de/test/auto/knownFailedTests/DESDFClockTest.xml (Known Failure) 
2057 ms. Memory: 146944K Free: 121373K (83%)


==== $PTIIhome/travis/build/icyphy/ptII/ptolemy/domains/de/test/../../../../: Auto Automatic test in file $PTII/ptolemy/domains/de/test/auto/knownFailedTests/DESDFClockTest.xml
==== Contents of test case:

	    # FIXME: we should use $relativeFilename here, but it
	    # might have backslashes under Windows, which causes no end
	    # of trouble.
	    createAndExecute $file
	    list {}
	
.... Test generated KNOWN error:
    while executing
ptolemy.kernel.util.IllegalActionException: Actor is not ready to fire.  Perhaps UpSample.prefire() returned false? Try debugging the actor by selecting "Listen to Actor".  Also, for SDF check moml for tokenConsumptionRate on input.
  in .DESDFClockTest.Play Bell.Copy1:SDF Director and .DESDFClockTest.Play Bell.UpSample
	at ptolemy.actor.sched.StaticSchedulingDirector.fire(StaticSchedulingDirector.java:227)
	at ptolemy.domains.sdf.kernel.SDFDirector.fire(SDFDirector.java:500)
	at ptolemy.actor.CompositeActor.fire(CompositeActor.java:455)
	at ptolemy.domains.de.kernel.DEDirector._fire(DEDirector.java:1949)
	at ptolemy.domains.de.kernel.DEDirector.fire(DEDirector.java:502)
	at ptolemy.actor.CompositeActor.fire(CompositeActor.java:455)
	at ptolemy.actor.Manager.iterate(Manager.java:851)
	at ptolemy.actor.Manager.execute(Manager.java:369)
	at ptolemy.actor.Manager.run(Manager.java:1263)
	at ptolemy.actor.Manager$PtolemyRunThread.run(Manager.java:1915)

    while executing
ptolemy.kernel.util.IllegalActionException: Actor is not ready to fire.  Perhaps UpSample.prefire() returned false? Try debugging the actor by selecting "Listen to Actor".  Also, for SDF check moml for tokenConsumptionRate on input.
  in .DESDFClockTest.Play Bell.Copy1:SDF Director and .DESDFClockTest.Play Bell.UpSample
    while executing
"java::new ptolemy.moml.MoMLSimpleApplication $file
"
    (procedure "createAndExecute" line 2)
    invoked from within
"createAndExecute $file"
    ("uplevel" body line 5)
    invoked from within
"uplevel $contents_of_test"
------------------ testing $PTII/ptolemy/domains/de/test/auto/knownFailedTests/FSMSource.xml (Known Failure) 
31 ms. Memory: 146944K Free: 112514K (77%)
!!!! Auto was marked as failing, but now passes
------------------ testing $PTII/ptolemy/domains/de/test/auto/knownFailedTests/dependencyLoop2.xml (Known Failure) 
11 ms. Memory: 146944K Free: 110639K (75%)


==== $PTIIhome/travis/build/icyphy/ptII/ptolemy/domains/de/test/../../../../: Auto Automatic test in file $PTII/ptolemy/domains/de/test/auto/knownFailedTests/dependencyLoop2.xml
==== Contents of test case:

	    # FIXME: we should use $relativeFilename here, but it
	    # might have backslashes under Windows, which causes no end
	    # of trouble.
	    createAndExecute $file
	    list {}
	
.... Test generated KNOWN error:
    while executing
ptolemy.kernel.util.IllegalActionException: Found a zero delay loop containing .dependencyLoop2.original
  in .dependencyLoop2 and .dependencyLoop2.original
	at ptolemy.actor.util.CausalityInterfaceForComposites._computeOutputPortDepth(CausalityInterfaceForComposites.java:759)
	at ptolemy.actor.util.CausalityInterfaceForComposites._computeInputDepth(CausalityInterfaceForComposites.java:696)
	at ptolemy.actor.util.CausalityInterfaceForComposites._computeOutputPortDepth(CausalityInterfaceForComposites.java:765)
	at ptolemy.actor.util.CausalityInterfaceForComposites._computeInputDepth(CausalityInterfaceForComposites.java:696)
	at ptolemy.actor.util.CausalityInterfaceForComposites._computeOutputPortDepth(CausalityInterfaceForComposites.java:765)
	at ptolemy.actor.util.CausalityInterfaceForComposites._computeInputDepth(CausalityInterfaceForComposites.java:696)
	at ptolemy.actor.util.CausalityInterfaceForComposites._computeActorDepth(CausalityInterfaceForComposites.java:532)
	at ptolemy.actor.util.CausalityInterfaceForComposites.checkForCycles(CausalityInterfaceForComposites.java:96)
	at ptolemy.domains.de.kernel.DEDirector.preinitialize(DEDirector.java:1338)
	at ptolemy.actor.CompositeActor.preinitialize(CompositeActor.java:1828)
	at ptolemy.actor.Manager.preinitializeAndResolveTypes(Manager.java:1040)
	at ptolemy.actor.Manager.initialize(Manager.java:710)
	at ptolemy.actor.Manager.execute(Manager.java:356)
	at ptolemy.actor.Manager.run(Manager.java:1263)
	at ptolemy.actor.Manager$PtolemyRunThread.run(Manager.java:1915)

    while executing
ptolemy.kernel.util.IllegalActionException: Found a zero delay loop containing .dependencyLoop2.original
  in .dependencyLoop2 and .dependencyLoop2.original
    while executing
"java::new ptolemy.moml.MoMLSimpleApplication $file
"
    (procedure "createAndExecute" line 2)
    invoked from within
"createAndExecute $file"
    ("uplevel" body line 5)
    invoked from within
"uplevel $contents_of_test"
------------------ testing $PTII/ptolemy/domains/de/test/auto/knownFailedTests/HierarchicalModel.xml (Known Failure) 
11 ms. Memory: 146944K Free: 90551K (62%)


==== $PTIIhome/travis/build/icyphy/ptII/ptolemy/domains/de/test/../../../../: Auto Automatic test in file $PTII/ptolemy/domains/de/test/auto/knownFailedTests/HierarchicalModel.xml
==== Contents of test case:

	    # FIXME: we should use $relativeFilename here, but it
	    # might have backslashes under Windows, which causes no end
	    # of trouble.
	    createAndExecute $file
	    list {}
	
.... Test generated KNOWN error:
    while executing
ptolemy.kernel.util.IllegalActionException: Found a zero delay loop containing .HierarchicalModel.A
  in .HierarchicalModel and .HierarchicalModel.A
	at ptolemy.actor.util.CausalityInterfaceForComposites._computeOutputPortDepth(CausalityInterfaceForComposites.java:759)
	at ptolemy.actor.util.CausalityInterfaceForComposites._computeInputDepth(CausalityInterfaceForComposites.java:696)
	at ptolemy.actor.util.CausalityInterfaceForComposites._computeOutputPortDepth(CausalityInterfaceForComposites.java:765)
	at ptolemy.actor.util.CausalityInterfaceForComposites._computeInputDepth(CausalityInterfaceForComposites.java:696)
	at ptolemy.actor.util.CausalityInterfaceForComposites._computeOutputPortDepth(CausalityInterfaceForComposites.java:765)
	at ptolemy.actor.util.CausalityInterfaceForComposites._computeInputDepth(CausalityInterfaceForComposites.java:696)
	at ptolemy.actor.util.CausalityInterfaceForComposites._computeActorDepth(CausalityInterfaceForComposites.java:532)
	at ptolemy.actor.util.CausalityInterfaceForComposites.checkForCycles(CausalityInterfaceForComposites.java:96)
	at ptolemy.domains.de.kernel.DEDirector.preinitialize(DEDirector.java:1338)
	at ptolemy.actor.CompositeActor.preinitialize(CompositeActor.java:1828)
	at ptolemy.actor.Manager.preinitializeAndResolveTypes(Manager.java:1040)
	at ptolemy.actor.Manager.initialize(Manager.java:710)
	at ptolemy.actor.Manager.execute(Manager.java:356)
	at ptolemy.actor.Manager.run(Manager.java:1263)
	at ptolemy.actor.Manager$PtolemyRunThread.run(Manager.java:1915)

    while executing
ptolemy.kernel.util.IllegalActionException: Found a zero delay loop containing .HierarchicalModel.A
  in .HierarchicalModel and .HierarchicalModel.A
    while executing
"java::new ptolemy.moml.MoMLSimpleApplication $file
"
    (procedure "createAndExecute" line 2)
    invoked from within
"createAndExecute $file"
    ("uplevel" body line 5)
    invoked from within
"uplevel $contents_of_test"
------------------ testing $PTII/ptolemy/domains/de/test/auto/knownFailedTests/DirectFeedback.xml (Known Failure) 
9 ms. Memory: 146944K Free: 86440K (59%)


==== $PTIIhome/travis/build/icyphy/ptII/ptolemy/domains/de/test/../../../../: Auto Automatic test in file $PTII/ptolemy/domains/de/test/auto/knownFailedTests/DirectFeedback.xml
==== Contents of test case:

	    # FIXME: we should use $relativeFilename here, but it
	    # might have backslashes under Windows, which causes no end
	    # of trouble.
	    createAndExecute $file
	    list {}
	
.... Test generated KNOWN error:
    while executing
ptolemy.kernel.util.IllegalActionException: Test fails in iteration 1.
Value was: 1.0. Should have been: 2.0
  in .DirectFeedback.Test
	at ptolemy.actor.lib.Test.fire(Test.java:268)
	at ptolemy.domains.de.kernel.DEDirector._fire(DEDirector.java:1949)
	at ptolemy.domains.de.kernel.DEDirector.fire(DEDirector.java:502)
	at ptolemy.actor.CompositeActor.fire(CompositeActor.java:455)
	at ptolemy.actor.Manager.iterate(Manager.java:851)
	at ptolemy.actor.Manager.execute(Manager.java:369)
	at ptolemy.actor.Manager.run(Manager.java:1263)
	at ptolemy.actor.Manager$PtolemyRunThread.run(Manager.java:1915)

    while executing
ptolemy.kernel.util.IllegalActionException: Test fails in iteration 1.
Value was: 1.0. Should have been: 2.0
  in .DirectFeedback.Test
    while executing
"java::new ptolemy.moml.MoMLSimpleApplication $file
"
    (procedure "createAndExecute" line 2)
    invoked from within
"createAndExecute $file"
    ("uplevel" body line 5)
    invoked from within
"uplevel $contents_of_test"
------------------ testing $PTII/ptolemy/domains/de/test/auto/ActorDepthCalculation_actorWithoutPorts.xml
auto.tcl: Setting watchdog for 200 seconds at Mon Mar 25 22:42:33 UTC 2019
6 ms. Memory: 146944K Free: 138672K (94%)
ptolemy.util.test.WatchDog.cancel(): canceling Mon Mar 25 22:42:33 UTC 2019
auto.tcl: Setting watchdog for 200 seconds at Mon Mar 25 22:42:33 UTC 2019
4 ms. Memory: 146944K Free: 137657K (94%)
ptolemy.util.test.WatchDog.cancel(): canceling Mon Mar 25 22:42:33 UTC 2019
------------------ testing $PTII/ptolemy/domains/de/test/auto/AssemblyLine.xml
auto.tcl: Setting watchdog for 200 seconds at Mon Mar 25 22:42:33 UTC 2019
15 ms. Memory: 208384K Free: 183444K (88%)
ptolemy.util.test.WatchDog.cancel(): canceling Mon Mar 25 22:42:34 UTC 2019
auto.tcl: Setting watchdog for 200 seconds at Mon Mar 25 22:42:34 UTC 2019
7 ms. Memory: 208384K Free: 183444K (88%)
ptolemy.util.test.WatchDog.cancel(): canceling Mon Mar 25 22:42:34 UTC 2019
------------------ testing $PTII/ptolemy/domains/de/test/auto/CQBug1.xml
auto.tcl: Setting watchdog for 200 seconds at Mon Mar 25 22:42:34 UTC 2019
8 ms. Memory: 208384K Free: 197928K (95%)
ptolemy.util.test.WatchDog.cancel(): canceling Mon Mar 25 22:42:34 UTC 2019
auto.tcl: Setting watchdog for 200 seconds at Mon Mar 25 22:42:34 UTC 2019
2 ms. Memory: 208384K Free: 197928K (95%)
ptolemy.util.test.WatchDog.cancel(): canceling Mon Mar 25 22:42:34 UTC 2019
------------------ testing $PTII/ptolemy/domains/de/test/auto/CancelFireAt.xml
auto.tcl: Setting watchdog for 200 seconds at Mon Mar 25 22:42:34 UTC 2019
15 ms. Memory: 208384K Free: 201578K (97%)
ptolemy.util.test.WatchDog.cancel(): canceling Mon Mar 25 22:42:34 UTC 2019
auto.tcl: Setting watchdog for 200 seconds at Mon Mar 25 22:42:34 UTC 2019
7 ms. Memory: 208384K Free: 199548K (96%)
ptolemy.util.test.WatchDog.cancel(): canceling Mon Mar 25 22:42:34 UTC 2019
------------------ testing $PTII/ptolemy/domains/de/test/auto/CausalityAndComposabilityAnalysis.xml
auto.tcl: Setting watchdog for 200 seconds at Mon Mar 25 22:42:34 UTC 2019
28 ms. Memory: 208384K Free: 198627K (95%)
ptolemy.util.test.WatchDog.cancel(): canceling Mon Mar 25 22:42:34 UTC 2019
auto.tcl: Setting watchdog for 200 seconds at Mon Mar 25 22:42:34 UTC 2019
8 ms. Memory: 208384K Free: 196597K (94%)
ptolemy.util.test.WatchDog.cancel(): canceling Mon Mar 25 22:42:34 UTC 2019
------------------ testing $PTII/ptolemy/domains/de/test/auto/CausalityInterface1.xml
auto.tcl: Setting watchdog for 200 seconds at Mon Mar 25 22:42:34 UTC 2019
13 ms. Memory: 208384K Free: 196534K (94%)
ptolemy.util.test.WatchDog.cancel(): canceling Mon Mar 25 22:42:34 UTC 2019
auto.tcl: Setting watchdog for 200 seconds at Mon Mar 25 22:42:34 UTC 2019
4 ms. Memory: 208384K Free: 196534K (94%)
ptolemy.util.test.WatchDog.cancel(): canceling Mon Mar 25 22:42:34 UTC 2019
------------------ testing $PTII/ptolemy/domains/de/test/auto/CausalityInterface15.xml
auto.tcl: Setting watchdog for 200 seconds at Mon Mar 25 22:42:34 UTC 2019
13 ms. Memory: 208384K Free: 196490K (94%)
ptolemy.util.test.WatchDog.cancel(): canceling Mon Mar 25 22:42:34 UTC 2019
auto.tcl: Setting watchdog for 200 seconds at Mon Mar 25 22:42:34 UTC 2019
6 ms. Memory: 208384K Free: 196490K (94%)
ptolemy.util.test.WatchDog.cancel(): canceling Mon Mar 25 22:42:34 UTC 2019
------------------ testing $PTII/ptolemy/domains/de/test/auto/CausalityInterface2.xml
auto.tcl: Setting watchdog for 200 seconds at Mon Mar 25 22:42:34 UTC 2019
10 ms. Memory: 208384K Free: 196506K (94%)
ptolemy.util.test.WatchDog.cancel(): canceling Mon Mar 25 22:42:34 UTC 2019
auto.tcl: Setting watchdog for 200 seconds at Mon Mar 25 22:42:34 UTC 2019
3 ms. Memory: 208384K Free: 196506K (94%)
ptolemy.util.test.WatchDog.cancel(): canceling Mon Mar 25 22:42:34 UTC 2019
------------------ testing $PTII/ptolemy/domains/de/test/auto/CausalityInterface3.xml
auto.tcl: Setting watchdog for 200 seconds at Mon Mar 25 22:42:34 UTC 2019
4 ms. Memory: 208384K Free: 196518K (94%)
ptolemy.util.test.WatchDog.cancel(): canceling Mon Mar 25 22:42:34 UTC 2019
auto.tcl: Setting watchdog for 200 seconds at Mon Mar 25 22:42:34 UTC 2019
3 ms. Memory: 208384K Free: 196518K (94%)
ptolemy.util.test.WatchDog.cancel(): canceling Mon Mar 25 22:42:34 UTC 2019
------------------ testing $PTII/ptolemy/domains/de/test/auto/ClockDrift.xml
auto.tcl: Setting watchdog for 200 seconds at Mon Mar 25 22:42:34 UTC 2019
97 ms. Memory: 208384K Free: 187961K (90%)
ptolemy.util.test.WatchDog.cancel(): canceling Mon Mar 25 22:42:35 UTC 2019
auto.tcl: Setting watchdog for 200 seconds at Mon Mar 25 22:42:35 UTC 2019
54 ms. Memory: 208384K Free: 185931K (89%)
ptolemy.util.test.WatchDog.cancel(): canceling Mon Mar 25 22:42:35 UTC 2019
------------------ testing $PTII/ptolemy/domains/de/test/auto/ClockDriftAndValueChange.xml
auto.tcl: Setting watchdog for 200 seconds at Mon Mar 25 22:42:35 UTC 2019
42 ms. Memory: 208384K Free: 187795K (90%)
ptolemy.util.test.WatchDog.cancel(): canceling Mon Mar 25 22:42:35 UTC 2019
auto.tcl: Setting watchdog for 200 seconds at Mon Mar 25 22:42:35 UTC 2019
36 ms. Memory: 208384K Free: 185765K (89%)
ptolemy.util.test.WatchDog.cancel(): canceling Mon Mar 25 22:42:35 UTC 2019
------------------ testing $PTII/ptolemy/domains/de/test/auto/ClockDriftChange.xml
auto.tcl: Setting watchdog for 200 seconds at Mon Mar 25 22:42:35 UTC 2019
33 ms. Memory: 208384K Free: 191046K (92%)
ptolemy.util.test.WatchDog.cancel(): canceling Mon Mar 25 22:42:35 UTC 2019
auto.tcl: Setting watchdog for 200 seconds at Mon Mar 25 22:42:35 UTC 2019
26 ms. Memory: 208384K Free: 189016K (91%)
ptolemy.util.test.WatchDog.cancel(): canceling Mon Mar 25 22:42:35 UTC 2019
------------------ testing $PTII/ptolemy/domains/de/test/auto/ComposableCausalityAnalysis.xml
auto.tcl: Setting watchdog for 200 seconds at Mon Mar 25 22:42:35 UTC 2019
4 ms. Memory: 208384K Free: 196373K (94%)
ptolemy.util.test.WatchDog.cancel(): canceling Mon Mar 25 22:42:35 UTC 2019
auto.tcl: Setting watchdog for 200 seconds at Mon Mar 25 22:42:35 UTC 2019
2 ms. Memory: 208384K Free: 194343K (93%)
ptolemy.util.test.WatchDog.cancel(): canceling Mon Mar 25 22:42:35 UTC 2019
------------------ testing $PTII/ptolemy/domains/de/test/auto/DEFixedPointLimitation.xml
auto.tcl: Setting watchdog for 200 seconds at Mon Mar 25 22:42:35 UTC 2019
1 ms. Memory: 208384K Free: 196454K (94%)
ptolemy.util.test.WatchDog.cancel(): canceling Mon Mar 25 22:42:35 UTC 2019
auto.tcl: Setting watchdog for 200 seconds at Mon Mar 25 22:42:35 UTC 2019
1 ms. Memory: 208384K Free: 196454K (94%)
ptolemy.util.test.WatchDog.cancel(): canceling Mon Mar 25 22:42:35 UTC 2019
------------------ testing $PTII/ptolemy/domains/de/test/auto/DEScheduleTest.xml
auto.tcl: Setting watchdog for 200 seconds at Mon Mar 25 22:42:35 UTC 2019
8 ms. Memory: 208384K Free: 198519K (95%)
ptolemy.util.test.WatchDog.cancel(): canceling Mon Mar 25 22:42:35 UTC 2019
auto.tcl: Setting watchdog for 200 seconds at Mon Mar 25 22:42:35 UTC 2019
5 ms. Memory: 208384K Free: 196489K (94%)
ptolemy.util.test.WatchDog.cancel(): canceling Mon Mar 25 22:42:35 UTC 2019
------------------ testing $PTII/ptolemy/domains/de/test/auto/DEinDEwithStartTimes.xml
auto.tcl: Setting watchdog for 200 seconds at Mon Mar 25 22:42:35 UTC 2019
7 ms. Memory: 208384K Free: 196459K (94%)
ptolemy.util.test.WatchDog.cancel(): canceling Mon Mar 25 22:42:35 UTC 2019
auto.tcl: Setting watchdog for 200 seconds at Mon Mar 25 22:42:35 UTC 2019
4 ms. Memory: 208384K Free: 194429K (93%)
ptolemy.util.test.WatchDog.cancel(): canceling Mon Mar 25 22:42:35 UTC 2019
------------------ testing $PTII/ptolemy/domains/de/test/auto/DEinDEwithStartTimes2.xml
auto.tcl: Setting watchdog for 200 seconds at Mon Mar 25 22:42:35 UTC 2019
8 ms. Memory: 208384K Free: 196438K (94%)
ptolemy.util.test.WatchDog.cancel(): canceling Mon Mar 25 22:42:35 UTC 2019
auto.tcl: Setting watchdog for 200 seconds at Mon Mar 25 22:42:35 UTC 2019
4 ms. Memory: 208384K Free: 194409K (93%)
ptolemy.util.test.WatchDog.cancel(): canceling Mon Mar 25 22:42:35 UTC 2019
------------------ testing $PTII/ptolemy/domains/de/test/auto/DateDemo.xml
auto.tcl: Setting watchdog for 200 seconds at Mon Mar 25 22:42:35 UTC 2019
16 ms. Memory: 208384K Free: 189079K (91%)
ptolemy.util.test.WatchDog.cancel(): canceling Mon Mar 25 22:42:35 UTC 2019
auto.tcl: Setting watchdog for 200 seconds at Mon Mar 25 22:42:35 UTC 2019
8 ms. Memory: 208384K Free: 187049K (90%)
ptolemy.util.test.WatchDog.cancel(): canceling Mon Mar 25 22:42:35 UTC 2019
------------------ testing $PTII/ptolemy/domains/de/test/auto/DateToEvent.xml
auto.tcl: Setting watchdog for 200 seconds at Mon Mar 25 22:42:36 UTC 2019
2019 ms. Memory: 208384K Free: 183995K (88%)
ptolemy.util.test.WatchDog.cancel(): canceling Mon Mar 25 22:42:38 UTC 2019
auto.tcl: Setting watchdog for 200 seconds at Mon Mar 25 22:42:38 UTC 2019
2008 ms. Memory: 208384K Free: 183995K (88%)
ptolemy.util.test.WatchDog.cancel(): canceling Mon Mar 25 22:42:40 UTC 2019
------------------ testing $PTII/ptolemy/domains/de/test/auto/DepthTest1.xml
auto.tcl: Setting watchdog for 200 seconds at Mon Mar 25 22:42:40 UTC 2019
7 ms. Memory: 208384K Free: 197722K (95%)
ptolemy.util.test.WatchDog.cancel(): canceling Mon Mar 25 22:42:40 UTC 2019
auto.tcl: Setting watchdog for 200 seconds at Mon Mar 25 22:42:40 UTC 2019
6 ms. Memory: 208384K Free: 197722K (95%)
ptolemy.util.test.WatchDog.cancel(): canceling Mon Mar 25 22:42:40 UTC 2019
------------------ testing $PTII/ptolemy/domains/de/test/auto/DepthTest2.xml
auto.tcl: Setting watchdog for 200 seconds at Mon Mar 25 22:42:40 UTC 2019
3 ms. Memory: 208384K Free: 194094K (93%)
ptolemy.util.test.WatchDog.cancel(): canceling Mon Mar 25 22:42:40 UTC 2019
auto.tcl: Setting watchdog for 200 seconds at Mon Mar 25 22:42:40 UTC 2019
5 ms. Memory: 208384K Free: 194094K (93%)
ptolemy.util.test.WatchDog.cancel(): canceling Mon Mar 25 22:42:40 UTC 2019
------------------ testing $PTII/ptolemy/domains/de/test/auto/DepthTest3.xml
auto.tcl: Setting watchdog for 200 seconds at Mon Mar 25 22:42:40 UTC 2019
2 ms. Memory: 208384K Free: 198056K (95%)
ptolemy.util.test.WatchDog.cancel(): canceling Mon Mar 25 22:42:40 UTC 2019
auto.tcl: Setting watchdog for 200 seconds at Mon Mar 25 22:42:40 UTC 2019
2 ms. Memory: 208384K Free: 198056K (95%)
ptolemy.util.test.WatchDog.cancel(): canceling Mon Mar 25 22:42:40 UTC 2019
------------------ testing $PTII/ptolemy/domains/de/test/auto/DepthTest4.xml
auto.tcl: Setting watchdog for 200 seconds at Mon Mar 25 22:42:40 UTC 2019
6 ms. Memory: 208384K Free: 196113K (94%)
ptolemy.util.test.WatchDog.cancel(): canceling Mon Mar 25 22:42:40 UTC 2019
auto.tcl: Setting watchdog for 200 seconds at Mon Mar 25 22:42:40 UTC 2019
2 ms. Memory: 208384K Free: 196113K (94%)
ptolemy.util.test.WatchDog.cancel(): canceling Mon Mar 25 22:42:40 UTC 2019
------------------ testing $PTII/ptolemy/domains/de/test/auto/DepthTest5.xml
auto.tcl: Setting watchdog for 200 seconds at Mon Mar 25 22:42:40 UTC 2019
3 ms. Memory: 208384K Free: 196060K (94%)
ptolemy.util.test.WatchDog.cancel(): canceling Mon Mar 25 22:42:40 UTC 2019
auto.tcl: Setting watchdog for 200 seconds at Mon Mar 25 22:42:40 UTC 2019
3 ms. Memory: 208384K Free: 196060K (94%)
ptolemy.util.test.WatchDog.cancel(): canceling Mon Mar 25 22:42:40 UTC 2019
------------------ testing $PTII/ptolemy/domains/de/test/auto/DepthTest6.xml
auto.tcl: Setting watchdog for 200 seconds at Mon Mar 25 22:42:40 UTC 2019
6 ms. Memory: 208384K Free: 196555K (94%)
ptolemy.util.test.WatchDog.cancel(): canceling Mon Mar 25 22:42:40 UTC 2019
auto.tcl: Setting watchdog for 200 seconds at Mon Mar 25 22:42:40 UTC 2019
3 ms. Memory: 208384K Free: 196555K (94%)
ptolemy.util.test.WatchDog.cancel(): canceling Mon Mar 25 22:42:40 UTC 2019
------------------ testing $PTII/ptolemy/domains/de/test/auto/DepthTest7.xml
auto.tcl: Setting watchdog for 200 seconds at Mon Mar 25 22:42:40 UTC 2019
4 ms. Memory: 208384K Free: 196018K (94%)
ptolemy.util.test.WatchDog.cancel(): canceling Mon Mar 25 22:42:40 UTC 2019
auto.tcl: Setting watchdog for 200 seconds at Mon Mar 25 22:42:40 UTC 2019
2 ms. Memory: 208384K Free: 196018K (94%)
ptolemy.util.test.WatchDog.cancel(): canceling Mon Mar 25 22:42:40 UTC 2019
------------------ testing $PTII/ptolemy/domains/de/test/auto/EventToDate.xml
auto.tcl: Setting watchdog for 200 seconds at Mon Mar 25 22:42:40 UTC 2019
3005 ms. Memory: 208384K Free: 183433K (88%)
ptolemy.util.test.WatchDog.cancel(): canceling Mon Mar 25 22:42:43 UTC 2019
auto.tcl: Setting watchdog for 200 seconds at Mon Mar 25 22:42:43 UTC 2019
3006 ms. Memory: 208384K Free: 183433K (88%)
ptolemy.util.test.WatchDog.cancel(): canceling Mon Mar 25 22:42:46 UTC 2019
------------------ testing $PTII/ptolemy/domains/de/test/auto/FSM1.xml
auto.tcl: Setting watchdog for 200 seconds at Mon Mar 25 22:42:46 UTC 2019
18 ms. Memory: 208384K Free: 189210K (91%)
ptolemy.util.test.WatchDog.cancel(): canceling Mon Mar 25 22:42:46 UTC 2019
auto.tcl: Setting watchdog for 200 seconds at Mon Mar 25 22:42:46 UTC 2019
15 ms. Memory: 208384K Free: 185150K (89%)
ptolemy.util.test.WatchDog.cancel(): canceling Mon Mar 25 22:42:46 UTC 2019
------------------ testing $PTII/ptolemy/domains/de/test/auto/FSM7.xml
auto.tcl: Setting watchdog for 200 seconds at Mon Mar 25 22:42:46 UTC 2019
25 ms. Memory: 208384K Free: 187384K (90%)
ptolemy.util.test.WatchDog.cancel(): canceling Mon Mar 25 22:42:47 UTC 2019
auto.tcl: Setting watchdog for 200 seconds at Mon Mar 25 22:42:47 UTC 2019
14 ms. Memory: 208384K Free: 185355K (89%)
ptolemy.util.test.WatchDog.cancel(): canceling Mon Mar 25 22:42:47 UTC 2019
------------------ testing $PTII/ptolemy/domains/de/test/auto/Inspection.xml
auto.tcl: Setting watchdog for 200 seconds at Mon Mar 25 22:42:47 UTC 2019
36 ms. Memory: 208384K Free: 189116K (91%)
ptolemy.util.test.WatchDog.cancel(): canceling Mon Mar 25 22:42:47 UTC 2019
auto.tcl: Setting watchdog for 200 seconds at Mon Mar 25 22:42:47 UTC 2019
24 ms. Memory: 208384K Free: 187086K (90%)
ptolemy.util.test.WatchDog.cancel(): canceling Mon Mar 25 22:42:47 UTC 2019
------------------ testing $PTII/ptolemy/domains/de/test/auto/Iteration.xml
auto.tcl: Setting watchdog for 200 seconds at Mon Mar 25 22:42:47 UTC 2019
7 ms. Memory: 208384K Free: 196344K (94%)
ptolemy.util.test.WatchDog.cancel(): canceling Mon Mar 25 22:42:47 UTC 2019
auto.tcl: Setting watchdog for 200 seconds at Mon Mar 25 22:42:47 UTC 2019
7 ms. Memory: 208384K Free: 193794K (93%)
ptolemy.util.test.WatchDog.cancel(): canceling Mon Mar 25 22:42:47 UTC 2019
------------------ testing $PTII/ptolemy/domains/de/test/auto/LineFault.xml
auto.tcl: Setting watchdog for 200 seconds at Mon Mar 25 22:42:47 UTC 2019
683 ms. Memory: 208384K Free: 200747K (96%)
ptolemy.util.test.WatchDog.cancel(): canceling Mon Mar 25 22:42:48 UTC 2019
auto.tcl: Setting watchdog for 200 seconds at Mon Mar 25 22:42:48 UTC 2019
633 ms. Memory: 208384K Free: 143652K (69%)
ptolemy.util.test.WatchDog.cancel(): canceling Mon Mar 25 22:42:48 UTC 2019
------------------ testing $PTII/ptolemy/domains/de/test/auto/MergeModel1Add.xml
auto.tcl: Setting watchdog for 200 seconds at Mon Mar 25 22:42:48 UTC 2019
24 ms. Memory: 331264K Free: 300606K (91%)
ptolemy.util.test.WatchDog.cancel(): canceling Mon Mar 25 22:42:49 UTC 2019
auto.tcl: Setting watchdog for 200 seconds at Mon Mar 25 22:42:49 UTC 2019
11 ms. Memory: 331264K Free: 300606K (91%)
ptolemy.util.test.WatchDog.cancel(): canceling Mon Mar 25 22:42:49 UTC 2019
------------------ testing $PTII/ptolemy/domains/de/test/auto/MergeModel2Add.xml
auto.tcl: Setting watchdog for 200 seconds at Mon Mar 25 22:42:49 UTC 2019
11 ms. Memory: 331264K Free: 305508K (92%)
ptolemy.util.test.WatchDog.cancel(): canceling Mon Mar 25 22:42:49 UTC 2019
auto.tcl: Setting watchdog for 200 seconds at Mon Mar 25 22:42:49 UTC 2019
8 ms. Memory: 331264K Free: 301961K (91%)
ptolemy.util.test.WatchDog.cancel(): canceling Mon Mar 25 22:42:49 UTC 2019
------------------ testing $PTII/ptolemy/domains/de/test/auto/MergeModel3Add.xml
auto.tcl: Setting watchdog for 200 seconds at Mon Mar 25 22:42:49 UTC 2019
10 ms. Memory: 331264K Free: 305486K (92%)
ptolemy.util.test.WatchDog.cancel(): canceling Mon Mar 25 22:42:49 UTC 2019
auto.tcl: Setting watchdog for 200 seconds at Mon Mar 25 22:42:49 UTC 2019
6 ms. Memory: 331264K Free: 301938K (91%)
ptolemy.util.test.WatchDog.cancel(): canceling Mon Mar 25 22:42:49 UTC 2019
------------------ testing $PTII/ptolemy/domains/de/test/auto/MergeWithoutDiscard.xml
auto.tcl: Setting watchdog for 200 seconds at Mon Mar 25 22:42:49 UTC 2019
8 ms. Memory: 331264K Free: 316157K (95%)
ptolemy.util.test.WatchDog.cancel(): canceling Mon Mar 25 22:42:49 UTC 2019
auto.tcl: Setting watchdog for 200 seconds at Mon Mar 25 22:42:49 UTC 2019
1 ms. Memory: 331264K Free: 316157K (95%)
ptolemy.util.test.WatchDog.cancel(): canceling Mon Mar 25 22:42:49 UTC 2019
------------------ testing $PTII/ptolemy/domains/de/test/auto/Modal1.xml
auto.tcl: Setting watchdog for 200 seconds at Mon Mar 25 22:42:49 UTC 2019
16 ms. Memory: 331264K Free: 310467K (94%)
ptolemy.util.test.WatchDog.cancel(): canceling Mon Mar 25 22:42:49 UTC 2019
auto.tcl: Setting watchdog for 200 seconds at Mon Mar 25 22:42:49 UTC 2019
24 ms. Memory: 331264K Free: 306919K (93%)
ptolemy.util.test.WatchDog.cancel(): canceling Mon Mar 25 22:42:49 UTC 2019
------------------ testing $PTII/ptolemy/domains/de/test/auto/Modal2.xml
auto.tcl: Setting watchdog for 200 seconds at Mon Mar 25 22:42:49 UTC 2019
12 ms. Memory: 331264K Free: 310338K (94%)
ptolemy.util.test.WatchDog.cancel(): canceling Mon Mar 25 22:42:49 UTC 2019
auto.tcl: Setting watchdog for 200 seconds at Mon Mar 25 22:42:49 UTC 2019
11 ms. Memory: 331264K Free: 306790K (93%)
ptolemy.util.test.WatchDog.cancel(): canceling Mon Mar 25 22:42:49 UTC 2019
------------------ testing $PTII/ptolemy/domains/de/test/auto/Modal3.xml
auto.tcl: Setting watchdog for 200 seconds at Mon Mar 25 22:42:49 UTC 2019
11 ms. Memory: 331264K Free: 310322K (94%)
ptolemy.util.test.WatchDog.cancel(): canceling Mon Mar 25 22:42:49 UTC 2019
auto.tcl: Setting watchdog for 200 seconds at Mon Mar 25 22:42:49 UTC 2019
11 ms. Memory: 331264K Free: 306775K (93%)
ptolemy.util.test.WatchDog.cancel(): canceling Mon Mar 25 22:42:49 UTC 2019
------------------ testing $PTII/ptolemy/domains/de/test/auto/Modal4.xml
auto.tcl: Setting watchdog for 200 seconds at Mon Mar 25 22:42:49 UTC 2019
31 ms. Memory: 331264K Free: 310335K (94%)
ptolemy.util.test.WatchDog.cancel(): canceling Mon Mar 25 22:42:49 UTC 2019
auto.tcl: Setting watchdog for 200 seconds at Mon Mar 25 22:42:49 UTC 2019
18 ms. Memory: 331264K Free: 306788K (93%)
ptolemy.util.test.WatchDog.cancel(): canceling Mon Mar 25 22:42:49 UTC 2019
------------------ testing $PTII/ptolemy/domains/de/test/auto/Modal5.xml
auto.tcl: Setting watchdog for 200 seconds at Mon Mar 25 22:42:49 UTC 2019
16 ms. Memory: 331264K Free: 310323K (94%)
ptolemy.util.test.WatchDog.cancel(): canceling Mon Mar 25 22:42:49 UTC 2019
auto.tcl: Setting watchdog for 200 seconds at Mon Mar 25 22:42:49 UTC 2019
13 ms. Memory: 331264K Free: 306775K (93%)
ptolemy.util.test.WatchDog.cancel(): canceling Mon Mar 25 22:42:49 UTC 2019
------------------ testing $PTII/ptolemy/domains/de/test/auto/Modal6.xml
auto.tcl: Setting watchdog for 200 seconds at Mon Mar 25 22:42:49 UTC 2019
13 ms. Memory: 331264K Free: 310319K (94%)
ptolemy.util.test.WatchDog.cancel(): canceling Mon Mar 25 22:42:50 UTC 2019
auto.tcl: Setting watchdog for 200 seconds at Mon Mar 25 22:42:50 UTC 2019
21 ms. Memory: 331264K Free: 306772K (93%)
ptolemy.util.test.WatchDog.cancel(): canceling Mon Mar 25 22:42:50 UTC 2019
------------------ testing $PTII/ptolemy/domains/de/test/auto/Modal7.xml
auto.tcl: Setting watchdog for 200 seconds at Mon Mar 25 22:42:50 UTC 2019
10 ms. Memory: 331264K Free: 306773K (93%)
ptolemy.util.test.WatchDog.cancel(): canceling Mon Mar 25 22:42:50 UTC 2019
auto.tcl: Setting watchdog for 200 seconds at Mon Mar 25 22:42:50 UTC 2019
12 ms. Memory: 331264K Free: 303225K (92%)
ptolemy.util.test.WatchDog.cancel(): canceling Mon Mar 25 22:42:50 UTC 2019
------------------ testing $PTII/ptolemy/domains/de/test/auto/ModalModel.xml
auto.tcl: Setting watchdog for 200 seconds at Mon Mar 25 22:42:50 UTC 2019
168 ms. Memory: 331264K Free: 248036K (75%)
ptolemy.util.test.WatchDog.cancel(): canceling Mon Mar 25 22:42:50 UTC 2019
auto.tcl: Setting watchdog for 200 seconds at Mon Mar 25 22:42:50 UTC 2019
182 ms. Memory: 331264K Free: 191279K (58%)
ptolemy.util.test.WatchDog.cancel(): canceling Mon Mar 25 22:42:50 UTC 2019
------------------ testing $PTII/ptolemy/domains/de/test/auto/ModalSource.xml
auto.tcl: Setting watchdog for 200 seconds at Mon Mar 25 22:42:50 UTC 2019
9 ms. Memory: 331264K Free: 316568K (96%)
ptolemy.util.test.WatchDog.cancel(): canceling Mon Mar 25 22:42:50 UTC 2019
auto.tcl: Setting watchdog for 200 seconds at Mon Mar 25 22:42:50 UTC 2019
6 ms. Memory: 331264K Free: 313316K (95%)
ptolemy.util.test.WatchDog.cancel(): canceling Mon Mar 25 22:42:50 UTC 2019
------------------ testing $PTII/ptolemy/domains/de/test/auto/NonInterruptibleTimerZeroDelay.xml
auto.tcl: Setting watchdog for 200 seconds at Mon Mar 25 22:42:50 UTC 2019
4 ms. Memory: 331264K Free: 320911K (97%)
ptolemy.util.test.WatchDog.cancel(): canceling Mon Mar 25 22:42:50 UTC 2019
auto.tcl: Setting watchdog for 200 seconds at Mon Mar 25 22:42:50 UTC 2019
2 ms. Memory: 331264K Free: 317659K (96%)
ptolemy.util.test.WatchDog.cancel(): canceling Mon Mar 25 22:42:50 UTC 2019
------------------ testing $PTII/ptolemy/domains/de/test/auto/OpenQueueingNetwork.xml
auto.tcl: Setting watchdog for 200 seconds at Mon Mar 25 22:42:50 UTC 2019
2814 ms. Memory: 307712K Free: 142575K (46%)
ptolemy.util.test.WatchDog.cancel(): canceling Mon Mar 25 22:42:53 UTC 2019
auto.tcl: Setting watchdog for 200 seconds at Mon Mar 25 22:42:53 UTC 2019
2210 ms. Memory: 278528K Free: 197711K (71%)
ptolemy.util.test.WatchDog.cancel(): canceling Mon Mar 25 22:42:55 UTC 2019
------------------ testing $PTII/ptolemy/domains/de/test/auto/OpenQueuingNetwork.xml
auto.tcl: Setting watchdog for 200 seconds at Mon Mar 25 22:42:56 UTC 2019
227 ms. Memory: 278528K Free: 179093K (64%)
ptolemy.util.test.WatchDog.cancel(): canceling Mon Mar 25 22:42:56 UTC 2019
auto.tcl: Setting watchdog for 200 seconds at Mon Mar 25 22:42:56 UTC 2019
227 ms. Memory: 278528K Free: 119610K (43%)
ptolemy.util.test.WatchDog.cancel(): canceling Mon Mar 25 22:42:56 UTC 2019
------------------ testing $PTII/ptolemy/domains/de/test/auto/PeriodicSampler.xml
auto.tcl: Setting watchdog for 200 seconds at Mon Mar 25 22:42:56 UTC 2019
4 ms. Memory: 281088K Free: 266293K (95%)
ptolemy.util.test.WatchDog.cancel(): canceling Mon Mar 25 22:42:56 UTC 2019
auto.tcl: Setting watchdog for 200 seconds at Mon Mar 25 22:42:56 UTC 2019
2 ms. Memory: 281088K Free: 266293K (95%)
ptolemy.util.test.WatchDog.cancel(): canceling Mon Mar 25 22:42:56 UTC 2019
------------------ testing $PTII/ptolemy/domains/de/test/auto/PersistentIO.xml
auto.tcl: Setting watchdog for 200 seconds at Mon Mar 25 22:42:56 UTC 2019
8 ms. Memory: 278528K Free: 260987K (94%)
ptolemy.util.test.WatchDog.cancel(): canceling Mon Mar 25 22:42:56 UTC 2019
auto.tcl: Setting watchdog for 200 seconds at Mon Mar 25 22:42:56 UTC 2019
4 ms. Memory: 278528K Free: 260987K (94%)
ptolemy.util.test.WatchDog.cancel(): canceling Mon Mar 25 22:42:56 UTC 2019
------------------ testing $PTII/ptolemy/domains/de/test/auto/PortParameterResetOnInitialize.xml
auto.tcl: Setting watchdog for 200 seconds at Mon Mar 25 22:42:56 UTC 2019
2 ms. Memory: 280576K Free: 266375K (95%)
ptolemy.util.test.WatchDog.cancel(): canceling Mon Mar 25 22:42:56 UTC 2019
auto.tcl: Setting watchdog for 200 seconds at Mon Mar 25 22:42:56 UTC 2019
2 ms. Memory: 280576K Free: 266375K (95%)
ptolemy.util.test.WatchDog.cancel(): canceling Mon Mar 25 22:42:56 UTC 2019
------------------ testing $PTII/ptolemy/domains/de/test/auto/PortParameterUpdates.xml
auto.tcl: Setting watchdog for 200 seconds at Mon Mar 25 22:42:56 UTC 2019
6 ms. Memory: 278528K Free: 264469K (95%)
ptolemy.util.test.WatchDog.cancel(): canceling Mon Mar 25 22:42:56 UTC 2019
auto.tcl: Setting watchdog for 200 seconds at Mon Mar 25 22:42:56 UTC 2019
4 ms. Memory: 278528K Free: 261728K (94%)
ptolemy.util.test.WatchDog.cancel(): canceling Mon Mar 25 22:42:56 UTC 2019
------------------ testing $PTII/ptolemy/domains/de/test/auto/QueueAndServer.xml
auto.tcl: Setting watchdog for 200 seconds at Mon Mar 25 22:42:56 UTC 2019
17 ms. Memory: 280576K Free: 265562K (95%)
ptolemy.util.test.WatchDog.cancel(): canceling Mon Mar 25 22:42:56 UTC 2019
auto.tcl: Setting watchdog for 200 seconds at Mon Mar 25 22:42:56 UTC 2019
6 ms. Memory: 280576K Free: 265562K (95%)
ptolemy.util.test.WatchDog.cancel(): canceling Mon Mar 25 22:42:56 UTC 2019
------------------ testing $PTII/ptolemy/domains/de/test/auto/Records.xml
auto.tcl: Setting watchdog for 200 seconds at Mon Mar 25 22:42:57 UTC 2019
13 ms. Memory: 278528K Free: 266197K (96%)
ptolemy.util.test.WatchDog.cancel(): canceling Mon Mar 25 22:42:57 UTC 2019
auto.tcl: Setting watchdog for 200 seconds at Mon Mar 25 22:42:57 UTC 2019
2 ms. Memory: 278528K Free: 266197K (96%)
ptolemy.util.test.WatchDog.cancel(): canceling Mon Mar 25 22:42:57 UTC 2019
------------------ testing $PTII/ptolemy/domains/de/test/auto/ResetTransitionWithStartTime1.xml
auto.tcl: Setting watchdog for 200 seconds at Mon Mar 25 22:42:57 UTC 2019
10 ms. Memory: 280064K Free: 263170K (94%)
ptolemy.util.test.WatchDog.cancel(): canceling Mon Mar 25 22:42:57 UTC 2019
auto.tcl: Setting watchdog for 200 seconds at Mon Mar 25 22:42:57 UTC 2019
11 ms. Memory: 280064K Free: 260280K (93%)
ptolemy.util.test.WatchDog.cancel(): canceling Mon Mar 25 22:42:57 UTC 2019
------------------ testing $PTII/ptolemy/domains/de/test/auto/ResetTransitionWithStartTime2.xml
auto.tcl: Setting watchdog for 200 seconds at Mon Mar 25 22:42:57 UTC 2019
6 ms. Memory: 278528K Free: 261642K (94%)
ptolemy.util.test.WatchDog.cancel(): canceling Mon Mar 25 22:42:57 UTC 2019
auto.tcl: Setting watchdog for 200 seconds at Mon Mar 25 22:42:57 UTC 2019
7 ms. Memory: 278528K Free: 258917K (93%)
ptolemy.util.test.WatchDog.cancel(): canceling Mon Mar 25 22:42:57 UTC 2019
------------------ testing $PTII/ptolemy/domains/de/test/auto/ResetTransitionWithStartTime3.xml
auto.tcl: Setting watchdog for 200 seconds at Mon Mar 25 22:42:57 UTC 2019
5 ms. Memory: 280064K Free: 263012K (94%)
ptolemy.util.test.WatchDog.cancel(): canceling Mon Mar 25 22:42:57 UTC 2019
auto.tcl: Setting watchdog for 200 seconds at Mon Mar 25 22:42:57 UTC 2019
6 ms. Memory: 280064K Free: 260279K (93%)
ptolemy.util.test.WatchDog.cancel(): canceling Mon Mar 25 22:42:57 UTC 2019
------------------ testing $PTII/ptolemy/domains/de/test/auto/ResetTransitionWithStartTime4.xml
auto.tcl: Setting watchdog for 200 seconds at Mon Mar 25 22:42:57 UTC 2019
5 ms. Memory: 278528K Free: 263485K (95%)
ptolemy.util.test.WatchDog.cancel(): canceling Mon Mar 25 22:42:57 UTC 2019
auto.tcl: Setting watchdog for 200 seconds at Mon Mar 25 22:42:57 UTC 2019
4 ms. Memory: 278528K Free: 263485K (95%)
ptolemy.util.test.WatchDog.cancel(): canceling Mon Mar 25 22:42:57 UTC 2019
------------------ testing $PTII/ptolemy/domains/de/test/auto/ResettableTimer1.xml
auto.tcl: Setting watchdog for 200 seconds at Mon Mar 25 22:42:57 UTC 2019
3 ms. Memory: 280064K Free: 267733K (96%)
ptolemy.util.test.WatchDog.cancel(): canceling Mon Mar 25 22:42:57 UTC 2019
auto.tcl: Setting watchdog for 200 seconds at Mon Mar 25 22:42:57 UTC 2019
2 ms. Memory: 280064K Free: 263791K (94%)
ptolemy.util.test.WatchDog.cancel(): canceling Mon Mar 25 22:42:57 UTC 2019
------------------ testing $PTII/ptolemy/domains/de/test/auto/ResettableTimer2.xml
auto.tcl: Setting watchdog for 200 seconds at Mon Mar 25 22:42:57 UTC 2019
3 ms. Memory: 278528K Free: 266404K (96%)
ptolemy.util.test.WatchDog.cancel(): canceling Mon Mar 25 22:42:57 UTC 2019
auto.tcl: Setting watchdog for 200 seconds at Mon Mar 25 22:42:57 UTC 2019
2 ms. Memory: 278528K Free: 266404K (96%)
ptolemy.util.test.WatchDog.cancel(): canceling Mon Mar 25 22:42:57 UTC 2019
------------------ testing $PTII/ptolemy/domains/de/test/auto/ResettableTimer3.xml
auto.tcl: Setting watchdog for 200 seconds at Mon Mar 25 22:42:57 UTC 2019
2 ms. Memory: 279552K Free: 267278K (96%)
ptolemy.util.test.WatchDog.cancel(): canceling Mon Mar 25 22:42:57 UTC 2019
auto.tcl: Setting watchdog for 200 seconds at Mon Mar 25 22:42:57 UTC 2019
1 ms. Memory: 279552K Free: 267278K (96%)
ptolemy.util.test.WatchDog.cancel(): canceling Mon Mar 25 22:42:57 UTC 2019
------------------ testing $PTII/ptolemy/domains/de/test/auto/ResettableTimer4.xml
auto.tcl: Setting watchdog for 200 seconds at Mon Mar 25 22:42:57 UTC 2019
2 ms. Memory: 278528K Free: 266417K (96%)
ptolemy.util.test.WatchDog.cancel(): canceling Mon Mar 25 22:42:57 UTC 2019
auto.tcl: Setting watchdog for 200 seconds at Mon Mar 25 22:42:57 UTC 2019
1 ms. Memory: 278528K Free: 266417K (96%)
ptolemy.util.test.WatchDog.cancel(): canceling Mon Mar 25 22:42:57 UTC 2019
------------------ testing $PTII/ptolemy/domains/de/test/auto/ResettableTimer5.xml
auto.tcl: Setting watchdog for 200 seconds at Mon Mar 25 22:42:57 UTC 2019
2 ms. Memory: 279552K Free: 267290K (96%)
ptolemy.util.test.WatchDog.cancel(): canceling Mon Mar 25 22:42:57 UTC 2019
auto.tcl: Setting watchdog for 200 seconds at Mon Mar 25 22:42:57 UTC 2019
1 ms. Memory: 279552K Free: 267290K (96%)
ptolemy.util.test.WatchDog.cancel(): canceling Mon Mar 25 22:42:57 UTC 2019
------------------ testing $PTII/ptolemy/domains/de/test/auto/ResettableTimer6.xml
auto.tcl: Setting watchdog for 200 seconds at Mon Mar 25 22:42:57 UTC 2019
1 ms. Memory: 278528K Free: 266223K (96%)
ptolemy.util.test.WatchDog.cancel(): canceling Mon Mar 25 22:42:57 UTC 2019
auto.tcl: Setting watchdog for 200 seconds at Mon Mar 25 22:42:57 UTC 2019
1 ms. Memory: 278528K Free: 266223K (96%)
ptolemy.util.test.WatchDog.cancel(): canceling Mon Mar 25 22:42:57 UTC 2019
------------------ testing $PTII/ptolemy/domains/de/test/auto/ServerZeroDelay.xml
auto.tcl: Setting watchdog for 200 seconds at Mon Mar 25 22:42:57 UTC 2019
2 ms. Memory: 279552K Free: 267378K (96%)
ptolemy.util.test.WatchDog.cancel(): canceling Mon Mar 25 22:42:57 UTC 2019
auto.tcl: Setting watchdog for 200 seconds at Mon Mar 25 22:42:57 UTC 2019
3 ms. Memory: 279552K Free: 267378K (96%)
ptolemy.util.test.WatchDog.cancel(): canceling Mon Mar 25 22:42:57 UTC 2019
------------------ testing $PTII/ptolemy/domains/de/test/auto/SmartSender.xml
auto.tcl: Setting watchdog for 200 seconds at Mon Mar 25 22:42:57 UTC 2019
3001 ms. Memory: 278528K Free: 266366K (96%)
ptolemy.util.test.WatchDog.cancel(): canceling Mon Mar 25 22:43:00 UTC 2019
auto.tcl: Setting watchdog for 200 seconds at Mon Mar 25 22:43:00 UTC 2019
3002 ms. Memory: 278528K Free: 266366K (96%)
ptolemy.util.test.WatchDog.cancel(): canceling Mon Mar 25 22:43:03 UTC 2019
------------------ testing $PTII/ptolemy/domains/de/test/auto/ThreadedComposite.xml
auto.tcl: Setting watchdog for 200 seconds at Mon Mar 25 22:43:03 UTC 2019
291 ms. Memory: 279552K Free: 241323K (86%)
ptolemy.util.test.WatchDog.cancel(): canceling Mon Mar 25 22:43:04 UTC 2019
auto.tcl: Setting watchdog for 200 seconds at Mon Mar 25 22:43:04 UTC 2019
172 ms. Memory: 279552K Free: 224046K (80%)
ptolemy.util.test.WatchDog.cancel(): canceling Mon Mar 25 22:43:04 UTC 2019
------------------ testing $PTII/ptolemy/domains/de/test/auto/Time.xml
auto.tcl: Setting watchdog for 200 seconds at Mon Mar 25 22:43:04 UTC 2019
503 ms. Memory: 278528K Free: 214682K (77%)
ptolemy.util.test.WatchDog.cancel(): canceling Mon Mar 25 22:43:05 UTC 2019
auto.tcl: Setting watchdog for 200 seconds at Mon Mar 25 22:43:05 UTC 2019
469 ms. Memory: 278528K Free: 162909K (58%)
ptolemy.util.test.WatchDog.cancel(): canceling Mon Mar 25 22:43:05 UTC 2019
------------------ testing $PTII/ptolemy/domains/de/test/auto/TimeDelayZeroDelay.xml
auto.tcl: Setting watchdog for 200 seconds at Mon Mar 25 22:43:05 UTC 2019
3 ms. Memory: 279040K Free: 267241K (96%)
ptolemy.util.test.WatchDog.cancel(): canceling Mon Mar 25 22:43:05 UTC 2019
auto.tcl: Setting watchdog for 200 seconds at Mon Mar 25 22:43:05 UTC 2019
2 ms. Memory: 279040K Free: 267241K (96%)
ptolemy.util.test.WatchDog.cancel(): canceling Mon Mar 25 22:43:05 UTC 2019
------------------ testing $PTII/ptolemy/domains/de/test/auto/TimerZeroDelay.xml
auto.tcl: Setting watchdog for 200 seconds at Mon Mar 25 22:43:05 UTC 2019
4 ms. Memory: 278528K Free: 266861K (96%)
ptolemy.util.test.WatchDog.cancel(): canceling Mon Mar 25 22:43:05 UTC 2019
auto.tcl: Setting watchdog for 200 seconds at Mon Mar 25 22:43:05 UTC 2019
2 ms. Memory: 278528K Free: 266861K (96%)
ptolemy.util.test.WatchDog.cancel(): canceling Mon Mar 25 22:43:05 UTC 2019
------------------ testing $PTII/ptolemy/domains/de/test/auto/TimingParadox.xml
auto.tcl: Setting watchdog for 200 seconds at Mon Mar 25 22:43:05 UTC 2019
371 ms. Memory: 279040K Free: 204279K (73%)
ptolemy.util.test.WatchDog.cancel(): canceling Mon Mar 25 22:43:06 UTC 2019
auto.tcl: Setting watchdog for 200 seconds at Mon Mar 25 22:43:06 UTC 2019
366 ms. Memory: 279040K Free: 167511K (60%)
ptolemy.util.test.WatchDog.cancel(): canceling Mon Mar 25 22:43:06 UTC 2019
------------------ testing $PTII/ptolemy/domains/de/test/auto/TransferInputs.xml
auto.tcl: Setting watchdog for 200 seconds at Mon Mar 25 22:43:06 UTC 2019
2 ms. Memory: 279040K Free: 266284K (95%)
ptolemy.util.test.WatchDog.cancel(): canceling Mon Mar 25 22:43:06 UTC 2019
auto.tcl: Setting watchdog for 200 seconds at Mon Mar 25 22:43:06 UTC 2019
1 ms. Memory: 279040K Free: 266284K (95%)
ptolemy.util.test.WatchDog.cancel(): canceling Mon Mar 25 22:43:06 UTC 2019
------------------ testing $PTII/ptolemy/domains/de/test/auto/TransferOutputs2.xml
auto.tcl: Setting watchdog for 200 seconds at Mon Mar 25 22:43:06 UTC 2019
3 ms. Memory: 278528K Free: 262413K (94%)
ptolemy.util.test.WatchDog.cancel(): canceling Mon Mar 25 22:43:06 UTC 2019
auto.tcl: Setting watchdog for 200 seconds at Mon Mar 25 22:43:06 UTC 2019
3 ms. Memory: 278528K Free: 259924K (93%)
ptolemy.util.test.WatchDog.cancel(): canceling Mon Mar 25 22:43:06 UTC 2019
------------------ testing $PTII/ptolemy/domains/de/test/auto/Trilateration.xml
auto.tcl: Setting watchdog for 200 seconds at Mon Mar 25 22:43:06 UTC 2019
14276 ms. Memory: 542720K Free: 194948K (36%)
ptolemy.util.test.WatchDog.cancel(): canceling Mon Mar 25 22:43:21 UTC 2019
auto.tcl: Setting watchdog for 200 seconds at Mon Mar 25 22:43:21 UTC 2019
11289 ms. Memory: 411136K Free: 361287K (88%)
ptolemy.util.test.WatchDog.cancel(): canceling Mon Mar 25 22:43:33 UTC 2019
------------------ testing $PTII/ptolemy/domains/de/test/auto/TwoSigmaDelta.xml
auto.tcl: Setting watchdog for 200 seconds at Mon Mar 25 22:43:33 UTC 2019
3003 ms. Memory: 414208K Free: 94872K (23%)
ptolemy.util.test.WatchDog.cancel(): canceling Mon Mar 25 22:43:36 UTC 2019
auto.tcl: Setting watchdog for 200 seconds at Mon Mar 25 22:43:36 UTC 2019
2259 ms. Memory: 396800K Free: 176505K (44%)
ptolemy.util.test.WatchDog.cancel(): canceling Mon Mar 25 22:43:38 UTC 2019
------------------ testing $PTII/ptolemy/domains/de/test/auto/VariableDelay.xml
auto.tcl: Setting watchdog for 200 seconds at Mon Mar 25 22:43:38 UTC 2019
2 ms. Memory: 396288K Free: 379770K (96%)
ptolemy.util.test.WatchDog.cancel(): canceling Mon Mar 25 22:43:38 UTC 2019
auto.tcl: Setting watchdog for 200 seconds at Mon Mar 25 22:43:38 UTC 2019
1 ms. Memory: 396288K Free: 379770K (96%)
ptolemy.util.test.WatchDog.cancel(): canceling Mon Mar 25 22:43:38 UTC 2019
------------------ testing $PTII/ptolemy/domains/de/test/auto/VariableDelay2.xml
auto.tcl: Setting watchdog for 200 seconds at Mon Mar 25 22:43:38 UTC 2019
2 ms. Memory: 396288K Free: 383323K (97%)
ptolemy.util.test.WatchDog.cancel(): canceling Mon Mar 25 22:43:38 UTC 2019
auto.tcl: Setting watchdog for 200 seconds at Mon Mar 25 22:43:38 UTC 2019
2 ms. Memory: 396288K Free: 383323K (97%)
ptolemy.util.test.WatchDog.cancel(): canceling Mon Mar 25 22:43:38 UTC 2019
------------------ testing $PTII/ptolemy/domains/de/test/auto/VariableDelayZeroDelay.xml
auto.tcl: Setting watchdog for 200 seconds at Mon Mar 25 22:43:38 UTC 2019
2 ms. Memory: 398336K Free: 385378K (97%)
ptolemy.util.test.WatchDog.cancel(): canceling Mon Mar 25 22:43:38 UTC 2019
auto.tcl: Setting watchdog for 200 seconds at Mon Mar 25 22:43:38 UTC 2019
2 ms. Memory: 398336K Free: 385378K (97%)
ptolemy.util.test.WatchDog.cancel(): canceling Mon Mar 25 22:43:38 UTC 2019
------------------ testing $PTII/ptolemy/domains/de/test/auto/VariableDelayZeroDelay2.xml
auto.tcl: Setting watchdog for 200 seconds at Mon Mar 25 22:43:38 UTC 2019
5 ms. Memory: 396288K Free: 380179K (96%)
ptolemy.util.test.WatchDog.cancel(): canceling Mon Mar 25 22:43:38 UTC 2019
auto.tcl: Setting watchdog for 200 seconds at Mon Mar 25 22:43:38 UTC 2019
2 ms. Memory: 396288K Free: 380179K (96%)
ptolemy.util.test.WatchDog.cancel(): canceling Mon Mar 25 22:43:38 UTC 2019
------------------ testing $PTII/ptolemy/domains/de/test/auto/deInCt.xml
auto.tcl: Setting watchdog for 200 seconds at Mon Mar 25 22:43:38 UTC 2019
0
1
1
1
0
0
0
0
0
0
1
1
1
1
0
0
0
0
1
1
1
1
0
0
1
1
1
1
1
8 ms. Memory: 398336K Free: 382216K (96%)
ptolemy.util.test.WatchDog.cancel(): canceling Mon Mar 25 22:43:39 UTC 2019
auto.tcl: Setting watchdog for 200 seconds at Mon Mar 25 22:43:39 UTC 2019
0
1
1
0
0
0
0
1
1
1
1
1
0
0
0
1
1
1
0
0
1
1
1
0
0
1
1
1
0
0
0
1
1
1
0
0
0
0
1
1
1
1
0
0
0
0
7 ms. Memory: 398336K Free: 377251K (95%)
ptolemy.util.test.WatchDog.cancel(): canceling Mon Mar 25 22:43:39 UTC 2019
------------------ testing $PTII/ptolemy/domains/de/test/auto/deInCt2.xml
auto.tcl: Setting watchdog for 200 seconds at Mon Mar 25 22:43:39 UTC 2019
0
1
1
1
0
0
1
1
1
0
0
1
1
1
0
0
1
1
1
0
0
1
1
1
0
0
1
1
1
0
0
1
1
1
0
0
1
1
1
0
0
0
12 ms. Memory: 396288K Free: 383316K (97%)
ptolemy.util.test.WatchDog.cancel(): canceling Mon Mar 25 22:43:39 UTC 2019
auto.tcl: Setting watchdog for 200 seconds at Mon Mar 25 22:43:39 UTC 2019
0
1
1
1
0
0
1
1
1
0
0
1
1
1
0
0
1
1
1
0
0
1
1
1
0
0
1
1
1
0
0
1
1
1
0
0
1
1
1
0
0
0
4 ms. Memory: 396288K Free: 378352K (95%)
ptolemy.util.test.WatchDog.cancel(): canceling Mon Mar 25 22:43:39 UTC 2019
------------------ testing $PTII/ptolemy/domains/de/test/auto/dynamicCausalityInterface1.xml
auto.tcl: Setting watchdog for 200 seconds at Mon Mar 25 22:43:39 UTC 2019
1 ms. Memory: 397824K Free: 379873K (95%)
ptolemy.util.test.WatchDog.cancel(): canceling Mon Mar 25 22:43:39 UTC 2019
auto.tcl: Setting watchdog for 200 seconds at Mon Mar 25 22:43:39 UTC 2019
1 ms. Memory: 397824K Free: 379873K (95%)
ptolemy.util.test.WatchDog.cancel(): canceling Mon Mar 25 22:43:39 UTC 2019
------------------ testing $PTII/ptolemy/domains/de/test/auto/fsm_de_test.xml
auto.tcl: Setting watchdog for 200 seconds at Mon Mar 25 22:43:39 UTC 2019
6 ms. Memory: 396288K Free: 375099K (95%)
ptolemy.util.test.WatchDog.cancel(): canceling Mon Mar 25 22:43:39 UTC 2019
auto.tcl: Setting watchdog for 200 seconds at Mon Mar 25 22:43:39 UTC 2019
5 ms. Memory: 396288K Free: 375099K (95%)
ptolemy.util.test.WatchDog.cancel(): canceling Mon Mar 25 22:43:39 UTC 2019
------------------ testing $PTII/ptolemy/domains/de/test/auto/functionDependencyReconstruction.xml
auto.tcl: Setting watchdog for 200 seconds at Mon Mar 25 22:43:39 UTC 2019
3 ms. Memory: 397824K Free: 371661K (93%)
ptolemy.util.test.WatchDog.cancel(): canceling Mon Mar 25 22:43:39 UTC 2019
auto.tcl: Setting watchdog for 200 seconds at Mon Mar 25 22:43:39 UTC 2019
2 ms. Memory: 397824K Free: 366680K (92%)
ptolemy.util.test.WatchDog.cancel(): canceling Mon Mar 25 22:43:39 UTC 2019
------------------ testing $PTII/ptolemy/domains/de/test/auto/multirate.xml
auto.tcl: Setting watchdog for 200 seconds at Mon Mar 25 22:43:39 UTC 2019
3 ms. Memory: 396288K Free: 374949K (95%)
ptolemy.util.test.WatchDog.cancel(): canceling Mon Mar 25 22:43:39 UTC 2019
auto.tcl: Setting watchdog for 200 seconds at Mon Mar 25 22:43:39 UTC 2019
2 ms. Memory: 396288K Free: 374941K (95%)
ptolemy.util.test.WatchDog.cancel(): canceling Mon Mar 25 22:43:39 UTC 2019
------------------ testing $PTII/ptolemy/domains/de/test/auto/multirate2.xml
auto.tcl: Setting watchdog for 200 seconds at Mon Mar 25 22:43:39 UTC 2019
7 ms. Memory: 397312K Free: 376177K (95%)
ptolemy.util.test.WatchDog.cancel(): canceling Mon Mar 25 22:43:39 UTC 2019
auto.tcl: Setting watchdog for 200 seconds at Mon Mar 25 22:43:39 UTC 2019
3 ms. Memory: 397312K Free: 376177K (95%)
ptolemy.util.test.WatchDog.cancel(): canceling Mon Mar 25 22:43:39 UTC 2019
------------------ testing $PTII/ptolemy/domains/de/test/auto/realtime.xml
auto.tcl: Setting watchdog for 200 seconds at Mon Mar 25 22:43:39 UTC 2019
10003 ms. Memory: 396288K Free: 380109K (96%)
ptolemy.util.test.WatchDog.cancel(): canceling Mon Mar 25 22:43:49 UTC 2019
auto.tcl: Setting watchdog for 200 seconds at Mon Mar 25 22:43:49 UTC 2019
10001 ms. Memory: 396288K Free: 380109K (96%)
ptolemy.util.test.WatchDog.cancel(): canceling Mon Mar 25 22:43:59 UTC 2019
------------------ testing $PTII/ptolemy/domains/de/test/auto/relationGroup.xml
auto.tcl: Setting watchdog for 200 seconds at Mon Mar 25 22:43:59 UTC 2019
2 ms. Memory: 397312K Free: 384314K (97%)
ptolemy.util.test.WatchDog.cancel(): canceling Mon Mar 25 22:43:59 UTC 2019
auto.tcl: Setting watchdog for 200 seconds at Mon Mar 25 22:43:59 UTC 2019
1 ms. Memory: 397312K Free: 384314K (97%)
ptolemy.util.test.WatchDog.cancel(): canceling Mon Mar 25 22:43:59 UTC 2019
------------------ testing $PTII/ptolemy/domains/de/test/auto/relationGroup2.xml
auto.tcl: Setting watchdog for 200 seconds at Mon Mar 25 22:43:59 UTC 2019
2 ms. Memory: 396288K Free: 380168K (96%)
ptolemy.util.test.WatchDog.cancel(): canceling Mon Mar 25 22:43:59 UTC 2019
auto.tcl: Setting watchdog for 200 seconds at Mon Mar 25 22:43:59 UTC 2019
1 ms. Memory: 396288K Free: 380168K (96%)
ptolemy.util.test.WatchDog.cancel(): canceling Mon Mar 25 22:43:59 UTC 2019
------------------ testing $PTII/ptolemy/domains/de/test/auto/sortWithOpaquePorts.xml
auto.tcl: Setting watchdog for 200 seconds at Mon Mar 25 22:43:59 UTC 2019
2 ms. Memory: 397312K Free: 381192K (96%)
ptolemy.util.test.WatchDog.cancel(): canceling Mon Mar 25 22:43:59 UTC 2019
auto.tcl: Setting watchdog for 200 seconds at Mon Mar 25 22:43:59 UTC 2019
2 ms. Memory: 397312K Free: 381192K (96%)
ptolemy.util.test.WatchDog.cancel(): canceling Mon Mar 25 22:43:59 UTC 2019
------------------ testing $PTII/ptolemy/domains/de/test/auto/transferInputsandOutputs.xml
auto.tcl: Setting watchdog for 200 seconds at Mon Mar 25 22:43:59 UTC 2019
2 ms. Memory: 396288K Free: 375174K (95%)
ptolemy.util.test.WatchDog.cancel(): canceling Mon Mar 25 22:43:59 UTC 2019
auto.tcl: Setting watchdog for 200 seconds at Mon Mar 25 22:43:59 UTC 2019
2 ms. Memory: 396288K Free: 375174K (95%)
ptolemy.util.test.WatchDog.cancel(): canceling Mon Mar 25 22:43:59 UTC 2019
------------------ testing $PTII/ptolemy/domains/de/test/auto/triggerType.xml
auto.tcl: Setting watchdog for 200 seconds at Mon Mar 25 22:43:59 UTC 2019
2 ms. Memory: 396800K Free: 380618K (96%)
ptolemy.util.test.WatchDog.cancel(): canceling Mon Mar 25 22:43:59 UTC 2019
auto.tcl: Setting watchdog for 200 seconds at Mon Mar 25 22:43:59 UTC 2019
2 ms. Memory: 396800K Free: 380618K (96%)
ptolemy.util.test.WatchDog.cancel(): canceling Mon Mar 25 22:43:59 UTC 2019
03/25/19 10:43:59
Failed: 0  Total Tests: 192  ((Passed: 187, Newly Passed: 1)  Known Failed: 5) /home/travis/build/icyphy/ptII/ptolemy/domains/de/test
03/25/19 10:43:59
Failed: 0  Total Tests: 192  ((Passed: 187, Newly Passed: 1)  Known Failed: 5) /home/travis/build/icyphy/ptII/ptolemy/domains/de/test
----------------- testing (KnownFailure) /home/travis/build/icyphy/ptII/ptolemy/domains/de/test/auto/knownFailedTests/DESDFClockTest.xml
2010 ms. Memory: 396288K Free: 367549K (93%)
Known Failure: java.lang.reflect.InvocationTargetException
----------------- testing (KnownFailure) /home/travis/build/icyphy/ptII/ptolemy/domains/de/test/auto/knownFailedTests/DirectFeedback.xml
2 ms. Memory: 396288K Free: 342358K (86%)
Known Failure: java.lang.reflect.InvocationTargetException
----------------- testing (KnownFailure) /home/travis/build/icyphy/ptII/ptolemy/domains/de/test/auto/knownFailedTests/FSMSource.xml
17 ms. Memory: 396288K Free: 317167K (80%)
----------------- testing (KnownFailure) /home/travis/build/icyphy/ptII/ptolemy/domains/de/test/auto/knownFailedTests/HierarchicalModel.xml
3 ms. Memory: 396288K Free: 291961K (74%)
Known Failure: java.lang.reflect.InvocationTargetException
----------------- testing (KnownFailure) /home/travis/build/icyphy/ptII/ptolemy/domains/de/test/auto/knownFailedTests/dependencyLoop.xml
3 ms. Memory: 396288K Free: 254159K (64%)
Known Failure: java.lang.reflect.InvocationTargetException
----------------- testing (KnownFailure) /home/travis/build/icyphy/ptII/ptolemy/domains/de/test/auto/knownFailedTests/dependencyLoop2.xml
3 ms. Memory: 396288K Free: 216357K (55%)
Known Failure: java.lang.reflect.InvocationTargetException
No auto/linux-amd64/*.xml tests in /home/travis/build/icyphy/ptII/ptolemy/domains/de/test
AutoTests.java: About to close Vertx.
AutoTests.java: Vertx closed.

===========================================================================================
----------------- testing Mon Mar 25 22:44:02 UTC 2019 /home/travis/build/icyphy/ptII/ptolemy/domains/de/test/auto/ActorDepthCalculation_actorWithoutPorts.xml
----------------- Instantiating /home/travis/build/icyphy/ptII/ptolemy/domains/de/test/auto/ActorDepthCalculation_actorWithoutPorts.xml
2 ms. Memory: 396288K Free: 184869K (47%)
----------------- Invoking toplevel() on ptolemy.moml.MoMLSimpleApplication@4597d37c
----------------- Done invoking toplevel() on ptolemy.moml.MoMLSimpleApplication@4597d37c
reloadAllAccessors: .ActorDepthCalculation_actorWithoutPorts

===========================================================================================
----------------- testing Mon Mar 25 22:44:02 UTC 2019 /home/travis/build/icyphy/ptII/ptolemy/domains/de/test/auto/AssemblyLine.xml
----------------- Instantiating /home/travis/build/icyphy/ptII/ptolemy/domains/de/test/auto/AssemblyLine.xml
2 ms. Memory: 396288K Free: 165960K (42%)
----------------- Invoking toplevel() on ptolemy.moml.MoMLSimpleApplication@6ad557fc
----------------- Done invoking toplevel() on ptolemy.moml.MoMLSimpleApplication@6ad557fc
reloadAllAccessors: .AssemblyLine

===========================================================================================
----------------- testing Mon Mar 25 22:44:02 UTC 2019 /home/travis/build/icyphy/ptII/ptolemy/domains/de/test/auto/CQBug1.xml
----------------- Instantiating /home/travis/build/icyphy/ptII/ptolemy/domains/de/test/auto/CQBug1.xml
1 ms. Memory: 396288K Free: 153365K (39%)
----------------- Invoking toplevel() on ptolemy.moml.MoMLSimpleApplication@5cca4c0c
----------------- Done invoking toplevel() on ptolemy.moml.MoMLSimpleApplication@5cca4c0c
reloadAllAccessors: .CQBug1

===========================================================================================
----------------- testing Mon Mar 25 22:44:02 UTC 2019 /home/travis/build/icyphy/ptII/ptolemy/domains/de/test/auto/CancelFireAt.xml
----------------- Instantiating /home/travis/build/icyphy/ptII/ptolemy/domains/de/test/auto/CancelFireAt.xml
1 ms. Memory: 396288K Free: 140769K (36%)
----------------- Invoking toplevel() on ptolemy.moml.MoMLSimpleApplication@98cb0bd
----------------- Done invoking toplevel() on ptolemy.moml.MoMLSimpleApplication@98cb0bd
reloadAllAccessors: .CancelFireAt

===========================================================================================
----------------- testing Mon Mar 25 22:44:02 UTC 2019 /home/travis/build/icyphy/ptII/ptolemy/domains/de/test/auto/CausalityAndComposabilityAnalysis.xml
----------------- Instantiating /home/travis/build/icyphy/ptII/ptolemy/domains/de/test/auto/CausalityAndComposabilityAnalysis.xml
2 ms. Memory: 396288K Free: 128174K (32%)
----------------- Invoking toplevel() on ptolemy.moml.MoMLSimpleApplication@15cda1a7
----------------- Done invoking toplevel() on ptolemy.moml.MoMLSimpleApplication@15cda1a7
reloadAllAccessors: .CausalityAndComposabilityAnalysis

===========================================================================================
----------------- testing Mon Mar 25 22:44:02 UTC 2019 /home/travis/build/icyphy/ptII/ptolemy/domains/de/test/auto/CausalityInterface1.xml
----------------- Instantiating /home/travis/build/icyphy/ptII/ptolemy/domains/de/test/auto/CausalityInterface1.xml
5 ms. Memory: 396288K Free: 115579K (29%)
----------------- Invoking toplevel() on ptolemy.moml.MoMLSimpleApplication@1e36ca7f
----------------- Done invoking toplevel() on ptolemy.moml.MoMLSimpleApplication@1e36ca7f
reloadAllAccessors: .CausalityInterface1

===========================================================================================
----------------- testing Mon Mar 25 22:44:02 UTC 2019 /home/travis/build/icyphy/ptII/ptolemy/domains/de/test/auto/CausalityInterface15.xml
----------------- Instantiating /home/travis/build/icyphy/ptII/ptolemy/domains/de/test/auto/CausalityInterface15.xml
2 ms. Memory: 396288K Free: 102984K (26%)
----------------- Invoking toplevel() on ptolemy.moml.MoMLSimpleApplication@4e7cce6
----------------- Done invoking toplevel() on ptolemy.moml.MoMLSimpleApplication@4e7cce6
reloadAllAccessors: .CausalityInterface15

[...]
java.lang.RuntimeException: Execution failed
	at ptolemy.moml.MoMLSimpleApplication$UnloadThread.run(MoMLSimpleApplication.java:402)
Caused by: ptolemy.kernel.util.IllegalActionException: Test fails in iteration 1.
Value was: 1.0. Should have been: 2.0
  in .DirectFeedback.Test
	at ptolemy.actor.lib.Test.fire(Test.java:268)
	at ptolemy.domains.de.kernel.DEDirector._fire(DEDirector.java:1949)
	at ptolemy.domains.de.kernel.DEDirector.fire(DEDirector.java:502)
	at ptolemy.actor.CompositeActor.fire(CompositeActor.java:455)
	at ptolemy.actor.Manager.iterate(Manager.java:851)
	at ptolemy.actor.Manager.execute(Manager.java:369)
	at ptolemy.actor.Manager.run(Manager.java:1263)
	at ptolemy.actor.Manager$PtolemyRunThread.run(Manager.java:1915)
java.lang.RuntimeException: Execution failed
	at ptolemy.moml.MoMLSimpleApplication$UnloadThread.run(MoMLSimpleApplication.java:402)
Caused by: ptolemy.kernel.util.IllegalActionException: Actor is not ready to fire.  Perhaps UpSample.prefire() returned false? Try debugging the actor by selecting "Listen to Actor".  Also, for SDF check moml for tokenConsumptionRate on input.
  in .DESDFClockTest.Play Bell.Copy1:SDF Director and .DESDFClockTest.Play Bell.UpSample
	at ptolemy.actor.sched.StaticSchedulingDirector.fire(StaticSchedulingDirector.java:227)
	at ptolemy.domains.sdf.kernel.SDFDirector.fire(SDFDirector.java:500)
	at ptolemy.actor.CompositeActor.fire(CompositeActor.java:455)
	at ptolemy.domains.de.kernel.DEDirector._fire(DEDirector.java:1949)
	at ptolemy.domains.de.kernel.DEDirector.fire(DEDirector.java:502)
	at ptolemy.actor.CompositeActor.fire(CompositeActor.java:455)
	at ptolemy.actor.Manager.iterate(Manager.java:851)
	at ptolemy.actor.Manager.execute(Manager.java:369)
	at ptolemy.actor.Manager.run(Manager.java:1263)
	at ptolemy.actor.Manager$PtolemyRunThread.run(Manager.java:1915)
java.lang.reflect.InvocationTargetException
	at sun.reflect.NativeConstructorAccessorImpl.newInstance0(Native Method)
	at sun.reflect.NativeConstructorAccessorImpl.newInstance(NativeConstructorAccessorImpl.java:62)
	at sun.reflect.DelegatingConstructorAccessorImpl.newInstance(DelegatingConstructorAccessorImpl.java:45)
	at java.lang.reflect.Constructor.newInstance(Constructor.java:423)
	at ptolemy.util.test.junit.AutoKnownFailedTests.RunModel(AutoKnownFailedTests.java:105)
	at sun.reflect.NativeMethodAccessorImpl.invoke0(Native Method)
	at sun.reflect.NativeMethodAccessorImpl.invoke(NativeMethodAccessorImpl.java:62)
	at sun.reflect.DelegatingMethodAccessorImpl.invoke(DelegatingMethodAccessorImpl.java:43)
	at java.lang.reflect.Method.invoke(Method.java:498)
	at org.junit.runners.model.FrameworkMethod$1.runReflectiveCall(FrameworkMethod.java:44)
	at org.junit.internal.runners.model.ReflectiveCallable.run(ReflectiveCallable.java:15)
	at org.junit.runners.model.FrameworkMethod.invokeExplosively(FrameworkMethod.java:41)
	at junitparams.internal.InvokeParameterisedMethod.evaluate(InvokeParameterisedMethod.java:102)
	at org.junit.internal.runners.statements.FailOnTimeout$1.run(FailOnTimeout.java:28)
Caused by: ptolemy.kernel.util.IllegalActionException: Actor is not ready to fire.  Perhaps UpSample.prefire() returned false? Try debugging the actor by selecting "Listen to Actor".  Also, for SDF check moml for tokenConsumptionRate on input.
  in .DESDFClockTest.Play Bell.Copy1:SDF Director and .DESDFClockTest.Play Bell.UpSample
	at ptolemy.actor.sched.StaticSchedulingDirector.fire(StaticSchedulingDirector.java:227)
	at ptolemy.domains.sdf.kernel.SDFDirector.fire(SDFDirector.java:500)
	at ptolemy.actor.CompositeActor.fire(CompositeActor.java:455)
	at ptolemy.domains.de.kernel.DEDirector._fire(DEDirector.java:1949)
	at ptolemy.domains.de.kernel.DEDirector.fire(DEDirector.java:502)
	at ptolemy.actor.CompositeActor.fire(CompositeActor.java:455)
	at ptolemy.actor.Manager.iterate(Manager.java:851)
	at ptolemy.actor.Manager.execute(Manager.java:369)
	at ptolemy.actor.Manager.run(Manager.java:1263)
	at ptolemy.actor.Manager$PtolemyRunThread.run(Manager.java:1915)
java.lang.RuntimeException: Execution failed
	at ptolemy.moml.MoMLSimpleApplication$UnloadThread.run(MoMLSimpleApplication.java:402)
Caused by: ptolemy.kernel.util.IllegalActionException: Test fails in iteration 1.
Value was: 1.0. Should have been: 2.0
  in .DirectFeedback.Test
	at ptolemy.actor.lib.Test.fire(Test.java:268)
	at ptolemy.domains.de.kernel.DEDirector._fire(DEDirector.java:1949)
	at ptolemy.domains.de.kernel.DEDirector.fire(DEDirector.java:502)
	at ptolemy.actor.CompositeActor.fire(CompositeActor.java:455)
	at ptolemy.actor.Manager.iterate(Manager.java:851)
	at ptolemy.actor.Manager.execute(Manager.java:369)
	at ptolemy.actor.Manager.run(Manager.java:1263)
	at ptolemy.actor.Manager$PtolemyRunThread.run(Manager.java:1915)
java.lang.reflect.InvocationTargetException
	at sun.reflect.NativeConstructorAccessorImpl.newInstance0(Native Method)
	at sun.reflect.NativeConstructorAccessorImpl.newInstance(NativeConstructorAccessorImpl.java:62)
	at sun.reflect.DelegatingConstructorAccessorImpl.newInstance(DelegatingConstructorAccessorImpl.java:45)
	at java.lang.reflect.Constructor.newInstance(Constructor.java:423)
	at ptolemy.util.test.junit.AutoKnownFailedTests.RunModel(AutoKnownFailedTests.java:105)
	at sun.reflect.NativeMethodAccessorImpl.invoke0(Native Method)
	at sun.reflect.NativeMethodAccessorImpl.invoke(NativeMethodAccessorImpl.java:62)
	at sun.reflect.DelegatingMethodAccessorImpl.invoke(DelegatingMethodAccessorImpl.java:43)
	at java.lang.reflect.Method.invoke(Method.java:498)
	at org.junit.runners.model.FrameworkMethod$1.runReflectiveCall(FrameworkMethod.java:44)
	at org.junit.internal.runners.model.ReflectiveCallable.run(ReflectiveCallable.java:15)
	at org.junit.runners.model.FrameworkMethod.invokeExplosively(FrameworkMethod.java:41)
	at junitparams.internal.InvokeParameterisedMethod.evaluate(InvokeParameterisedMethod.java:102)
	at org.junit.internal.runners.statements.FailOnTimeout$1.run(FailOnTimeout.java:28)
Caused by: ptolemy.kernel.util.IllegalActionException: Test fails in iteration 1.
Value was: 1.0. Should have been: 2.0
  in .DirectFeedback.Test
	at ptolemy.actor.lib.Test.fire(Test.java:268)
	at ptolemy.domains.de.kernel.DEDirector._fire(DEDirector.java:1949)
	at ptolemy.domains.de.kernel.DEDirector.fire(DEDirector.java:502)
	at ptolemy.actor.CompositeActor.fire(CompositeActor.java:455)
	at ptolemy.actor.Manager.iterate(Manager.java:851)
	at ptolemy.actor.Manager.execute(Manager.java:369)
	at ptolemy.actor.Manager.run(Manager.java:1263)
	at ptolemy.actor.Manager$PtolemyRunThread.run(Manager.java:1915)
java.lang.RuntimeException: Execution failed
	at ptolemy.moml.MoMLSimpleApplication$UnloadThread.run(MoMLSimpleApplication.java:402)
Caused by: ptolemy.kernel.util.IllegalActionException: Found a zero delay loop containing .HierarchicalModel.A
  in .HierarchicalModel and .HierarchicalModel.A
	at ptolemy.actor.util.CausalityInterfaceForComposites._computeOutputPortDepth(CausalityInterfaceForComposites.java:759)
	at ptolemy.actor.util.CausalityInterfaceForComposites._computeInputDepth(CausalityInterfaceForComposites.java:696)
	at ptolemy.actor.util.CausalityInterfaceForComposites._computeOutputPortDepth(CausalityInterfaceForComposites.java:765)
	at ptolemy.actor.util.CausalityInterfaceForComposites._computeInputDepth(CausalityInterfaceForComposites.java:696)
	at ptolemy.actor.util.CausalityInterfaceForComposites._computeOutputPortDepth(CausalityInterfaceForComposites.java:765)
	at ptolemy.actor.util.CausalityInterfaceForComposites._computeInputDepth(CausalityInterfaceForComposites.java:696)
	at ptolemy.actor.util.CausalityInterfaceForComposites._computeActorDepth(CausalityInterfaceForComposites.java:532)
	at ptolemy.actor.util.CausalityInterfaceForComposites.checkForCycles(CausalityInterfaceForComposites.java:96)
	at ptolemy.domains.de.kernel.DEDirector.preinitialize(DEDirector.java:1338)
	at ptolemy.actor.CompositeActor.preinitialize(CompositeActor.java:1828)
	at ptolemy.actor.Manager.preinitializeAndResolveTypes(Manager.java:1040)
	at ptolemy.actor.Manager.initialize(Manager.java:710)
	at ptolemy.actor.Manager.execute(Manager.java:356)
	at ptolemy.actor.Manager.run(Manager.java:1263)
	at ptolemy.actor.Manager$PtolemyRunThread.run(Manager.java:1915)
java.lang.reflect.InvocationTargetException
	at sun.reflect.NativeConstructorAccessorImpl.newInstance0(Native Method)
	at sun.reflect.NativeConstructorAccessorImpl.newInstance(NativeConstructorAccessorImpl.java:62)
	at sun.reflect.DelegatingConstructorAccessorImpl.newInstance(DelegatingConstructorAccessorImpl.java:45)
	at java.lang.reflect.Constructor.newInstance(Constructor.java:423)
	at ptolemy.util.test.junit.AutoKnownFailedTests.RunModel(AutoKnownFailedTests.java:105)
	at sun.reflect.NativeMethodAccessorImpl.invoke0(Native Method)
	at sun.reflect.NativeMethodAccessorImpl.invoke(NativeMethodAccessorImpl.java:62)
	at sun.reflect.DelegatingMethodAccessorImpl.invoke(DelegatingMethodAccessorImpl.java:43)
	at java.lang.reflect.Method.invoke(Method.java:498)
	at org.junit.runners.model.FrameworkMethod$1.runReflectiveCall(FrameworkMethod.java:44)
	at org.junit.internal.runners.model.ReflectiveCallable.run(ReflectiveCallable.java:15)
	at org.junit.runners.model.FrameworkMethod.invokeExplosively(FrameworkMethod.java:41)
	at junitparams.internal.InvokeParameterisedMethod.evaluate(InvokeParameterisedMethod.java:102)
	at org.junit.internal.runners.statements.FailOnTimeout$1.run(FailOnTimeout.java:28)
Caused by: ptolemy.kernel.util.IllegalActionException: Found a zero delay loop containing .HierarchicalModel.A
  in .HierarchicalModel and .HierarchicalModel.A
	at ptolemy.actor.util.CausalityInterfaceForComposites._computeOutputPortDepth(CausalityInterfaceForComposites.java:759)
	at ptolemy.actor.util.CausalityInterfaceForComposites._computeInputDepth(CausalityInterfaceForComposites.java:696)
	at ptolemy.actor.util.CausalityInterfaceForComposites._computeOutputPortDepth(CausalityInterfaceForComposites.java:765)
	at ptolemy.actor.util.CausalityInterfaceForComposites._computeInputDepth(CausalityInterfaceForComposites.java:696)
	at ptolemy.actor.util.CausalityInterfaceForComposites._computeOutputPortDepth(CausalityInterfaceForComposites.java:765)
	at ptolemy.actor.util.CausalityInterfaceForComposites._computeInputDepth(CausalityInterfaceForComposites.java:696)
	at ptolemy.actor.util.CausalityInterfaceForComposites._computeActorDepth(CausalityInterfaceForComposites.java:532)
	at ptolemy.actor.util.CausalityInterfaceForComposites.checkForCycles(CausalityInterfaceForComposites.java:96)
	at ptolemy.domains.de.kernel.DEDirector.preinitialize(DEDirector.java:1338)
	at ptolemy.actor.CompositeActor.preinitialize(CompositeActor.java:1828)
	at ptolemy.actor.Manager.preinitializeAndResolveTypes(Manager.java:1040)
	at ptolemy.actor.Manager.initialize(Manager.java:710)
	at ptolemy.actor.Manager.execute(Manager.java:356)
	at ptolemy.actor.Manager.run(Manager.java:1263)
	at ptolemy.actor.Manager$PtolemyRunThread.run(Manager.java:1915)
java.lang.RuntimeException: Execution failed
	at ptolemy.moml.MoMLSimpleApplication$UnloadThread.run(MoMLSimpleApplication.java:402)
Caused by: ptolemy.kernel.util.IllegalActionException: Found a zero delay loop containing .dependencyLoop.original
  in .dependencyLoop and .dependencyLoop.original
	at ptolemy.actor.util.CausalityInterfaceForComposites._computeOutputPortDepth(CausalityInterfaceForComposites.java:759)
	at ptolemy.actor.util.CausalityInterfaceForComposites._computeInputDepth(CausalityInterfaceForComposites.java:696)
	at ptolemy.actor.util.CausalityInterfaceForComposites._computeOutputPortDepth(CausalityInterfaceForComposites.java:765)
	at ptolemy.actor.util.CausalityInterfaceForComposites._computeInputDepth(CausalityInterfaceForComposites.java:696)
	at ptolemy.actor.util.CausalityInterfaceForComposites._computeOutputPortDepth(CausalityInterfaceForComposites.java:765)
	at ptolemy.actor.util.CausalityInterfaceForComposites._computeInputDepth(CausalityInterfaceForComposites.java:696)
	at ptolemy.actor.util.CausalityInterfaceForComposites._computeActorDepth(CausalityInterfaceForComposites.java:532)
	at ptolemy.actor.util.CausalityInterfaceForComposites.checkForCycles(CausalityInterfaceForComposites.java:96)
	at ptolemy.domains.de.kernel.DEDirector.preinitialize(DEDirector.java:1338)
	at ptolemy.actor.CompositeActor.preinitialize(CompositeActor.java:1828)
	at ptolemy.actor.Manager.preinitializeAndResolveTypes(Manager.java:1040)
	at ptolemy.actor.Manager.initialize(Manager.java:710)
	at ptolemy.actor.Manager.execute(Manager.java:356)
	at ptolemy.actor.Manager.run(Manager.java:1263)
	at ptolemy.actor.Manager$PtolemyRunThread.run(Manager.java:1915)
java.lang.reflect.InvocationTargetException
	at sun.reflect.NativeConstructorAccessorImpl.newInstance0(Native Method)
	at sun.reflect.NativeConstructorAccessorImpl.newInstance(NativeConstructorAccessorImpl.java:62)
	at sun.reflect.DelegatingConstructorAccessorImpl.newInstance(DelegatingConstructorAccessorImpl.java:45)
	at java.lang.reflect.Constructor.newInstance(Constructor.java:423)
	at ptolemy.util.test.junit.AutoKnownFailedTests.RunModel(AutoKnownFailedTests.java:105)
	at sun.reflect.NativeMethodAccessorImpl.invoke0(Native Method)
	at sun.reflect.NativeMethodAccessorImpl.invoke(NativeMethodAccessorImpl.java:62)
	at sun.reflect.DelegatingMethodAccessorImpl.invoke(DelegatingMethodAccessorImpl.java:43)
	at java.lang.reflect.Method.invoke(Method.java:498)
	at org.junit.runners.model.FrameworkMethod$1.runReflectiveCall(FrameworkMethod.java:44)
	at org.junit.internal.runners.model.ReflectiveCallable.run(ReflectiveCallable.java:15)
	at org.junit.runners.model.FrameworkMethod.invokeExplosively(FrameworkMethod.java:41)
	at junitparams.internal.InvokeParameterisedMethod.evaluate(InvokeParameterisedMethod.java:102)
	at org.junit.internal.runners.statements.FailOnTimeout$1.run(FailOnTimeout.java:28)
Caused by: ptolemy.kernel.util.IllegalActionException: Found a zero delay loop containing .dependencyLoop.original
  in .dependencyLoop and .dependencyLoop.original
	at ptolemy.actor.util.CausalityInterfaceForComposites._computeOutputPortDepth(CausalityInterfaceForComposites.java:759)
	at ptolemy.actor.util.CausalityInterfaceForComposites._computeInputDepth(CausalityInterfaceForComposites.java:696)
	at ptolemy.actor.util.CausalityInterfaceForComposites._computeOutputPortDepth(CausalityInterfaceForComposites.java:765)
	at ptolemy.actor.util.CausalityInterfaceForComposites._computeInputDepth(CausalityInterfaceForComposites.java:696)
	at ptolemy.actor.util.CausalityInterfaceForComposites._computeOutputPortDepth(CausalityInterfaceForComposites.java:765)
	at ptolemy.actor.util.CausalityInterfaceForComposites._computeInputDepth(CausalityInterfaceForComposites.java:696)
	at ptolemy.actor.util.CausalityInterfaceForComposites._computeActorDepth(CausalityInterfaceForComposites.java:532)
	at ptolemy.actor.util.CausalityInterfaceForComposites.checkForCycles(CausalityInterfaceForComposites.java:96)
	at ptolemy.domains.de.kernel.DEDirector.preinitialize(DEDirector.java:1338)
	at ptolemy.actor.CompositeActor.preinitialize(CompositeActor.java:1828)
	at ptolemy.actor.Manager.preinitializeAndResolveTypes(Manager.java:1040)
	at ptolemy.actor.Manager.initialize(Manager.java:710)
	at ptolemy.actor.Manager.execute(Manager.java:356)
	at ptolemy.actor.Manager.run(Manager.java:1263)
	at ptolemy.actor.Manager$PtolemyRunThread.run(Manager.java:1915)
java.lang.RuntimeException: Execution failed
	at ptolemy.moml.MoMLSimpleApplication$UnloadThread.run(MoMLSimpleApplication.java:402)
Caused by: ptolemy.kernel.util.IllegalActionException: Found a zero delay loop containing .dependencyLoop2.original
  in .dependencyLoop2 and .dependencyLoop2.original
	at ptolemy.actor.util.CausalityInterfaceForComposites._computeOutputPortDepth(CausalityInterfaceForComposites.java:759)
	at ptolemy.actor.util.CausalityInterfaceForComposites._computeInputDepth(CausalityInterfaceForComposites.java:696)
	at ptolemy.actor.util.CausalityInterfaceForComposites._computeOutputPortDepth(CausalityInterfaceForComposites.java:765)
	at ptolemy.actor.util.CausalityInterfaceForComposites._computeInputDepth(CausalityInterfaceForComposites.java:696)
	at ptolemy.actor.util.CausalityInterfaceForComposites._computeOutputPortDepth(CausalityInterfaceForComposites.java:765)
	at ptolemy.actor.util.CausalityInterfaceForComposites._computeInputDepth(CausalityInterfaceForComposites.java:696)
	at ptolemy.actor.util.CausalityInterfaceForComposites._computeActorDepth(CausalityInterfaceForComposites.java:532)
	at ptolemy.actor.util.CausalityInterfaceForComposites.checkForCycles(CausalityInterfaceForComposites.java:96)
	at ptolemy.domains.de.kernel.DEDirector.preinitialize(DEDirector.java:1338)
	at ptolemy.actor.CompositeActor.preinitialize(CompositeActor.java:1828)
	at ptolemy.actor.Manager.preinitializeAndResolveTypes(Manager.java:1040)
	at ptolemy.actor.Manager.initialize(Manager.java:710)
	at ptolemy.actor.Manager.execute(Manager.java:356)
	at ptolemy.actor.Manager.run(Manager.java:1263)
	at ptolemy.actor.Manager$PtolemyRunThread.run(Manager.java:1915)
java.lang.reflect.InvocationTargetException
	at sun.reflect.NativeConstructorAccessorImpl.newInstance0(Native Method)
	at sun.reflect.NativeConstructorAccessorImpl.newInstance(NativeConstructorAccessorImpl.java:62)
	at sun.reflect.DelegatingConstructorAccessorImpl.newInstance(DelegatingConstructorAccessorImpl.java:45)
	at java.lang.reflect.Constructor.newInstance(Constructor.java:423)
	at ptolemy.util.test.junit.AutoKnownFailedTests.RunModel(AutoKnownFailedTests.java:105)
	at sun.reflect.NativeMethodAccessorImpl.invoke0(Native Method)
	at sun.reflect.NativeMethodAccessorImpl.invoke(NativeMethodAccessorImpl.java:62)
	at sun.reflect.DelegatingMethodAccessorImpl.invoke(DelegatingMethodAccessorImpl.java:43)
	at java.lang.reflect.Method.invoke(Method.java:498)
	at org.junit.runners.model.FrameworkMethod$1.runReflectiveCall(FrameworkMethod.java:44)
	at org.junit.internal.runners.model.ReflectiveCallable.run(ReflectiveCallable.java:15)
	at org.junit.runners.model.FrameworkMethod.invokeExplosively(FrameworkMethod.java:41)
	at junitparams.internal.InvokeParameterisedMethod.evaluate(InvokeParameterisedMethod.java:102)
	at org.junit.internal.runners.statements.FailOnTimeout$1.run(FailOnTimeout.java:28)
Caused by: ptolemy.kernel.util.IllegalActionException: Found a zero delay loop containing .dependencyLoop2.original
  in .dependencyLoop2 and .dependencyLoop2.original
	at ptolemy.actor.util.CausalityInterfaceForComposites._computeOutputPortDepth(CausalityInterfaceForComposites.java:759)
	at ptolemy.actor.util.CausalityInterfaceForComposites._computeInputDepth(CausalityInterfaceForComposites.java:696)
	at ptolemy.actor.util.CausalityInterfaceForComposites._computeOutputPortDepth(CausalityInterfaceForComposites.java:765)
	at ptolemy.actor.util.CausalityInterfaceForComposites._computeInputDepth(CausalityInterfaceForComposites.java:696)
	at ptolemy.actor.util.CausalityInterfaceForComposites._computeOutputPortDepth(CausalityInterfaceForComposites.java:765)
	at ptolemy.actor.util.CausalityInterfaceForComposites._computeInputDepth(CausalityInterfaceForComposites.java:696)
	at ptolemy.actor.util.CausalityInterfaceForComposites._computeActorDepth(CausalityInterfaceForComposites.java:532)
	at ptolemy.actor.util.CausalityInterfaceForComposites.checkForCycles(CausalityInterfaceForComposites.java:96)
	at ptolemy.domains.de.kernel.DEDirector.preinitialize(DEDirector.java:1338)
	at ptolemy.actor.CompositeActor.preinitialize(CompositeActor.java:1828)
	at ptolemy.actor.Manager.preinitializeAndResolveTypes(Manager.java:1040)
	at ptolemy.actor.Manager.initialize(Manager.java:710)
	at ptolemy.actor.Manager.execute(Manager.java:356)
	at ptolemy.actor.Manager.run(Manager.java:1263)
	at ptolemy.actor.Manager$PtolemyRunThread.run(Manager.java:1915)
]]></system-err>
</testsuite>
