<?xml version="1.0" encoding="UTF-8" ?>
<testsuite errors="0" failures="0" hostname="travis-job-5d2ef04d-b525-48e8-a724-266dd783cd30" name="ptolemy.domains.continuous.test.junit.JUnitTclTest" skipped="0" tests="156" time="66.588" timestamp="2020-03-19T07:12:36">
  <properties>
[...]
</properties>
  <testcase classname="ptolemy.util.test.junit.TclTests" name="[0] ThereAreNoTclTests (RunTclFile)" time="0.008" />
  <testcase classname="ptolemy.util.test.junit.AutoKnownFailedTests" name="[0] ThereAreNoKnowFailedTests (RunModel)" time="0.003" />
  <testcase classname="ptolemy.util.test.junit.AutoNameArchTests" name="[0] ThereAreNoAutoArchTests (RunModel)" time="0.008" />
  <testcase classname="ptolemy.util.test.junit.AutoTests" name="[0] /home/travis/build/icyphy/ptII/ptolemy/domains/continuous/test/auto/BouncingBall.xml (RunModel)" time="2.789" />
  <testcase classname="ptolemy.util.test.junit.AutoTests" name="[1] /home/travis/build/icyphy/ptII/ptolemy/domains/continuous/test/auto/BouncingBallWithoutGR.xml (RunModel)" time="0.838" />
  <testcase classname="ptolemy.util.test.junit.AutoTests" name="[2] /home/travis/build/icyphy/ptII/ptolemy/domains/continuous/test/auto/Brownian.xml (RunModel)" time="0.076" />
  <testcase classname="ptolemy.util.test.junit.AutoTests" name="[3] /home/travis/build/icyphy/ptII/ptolemy/domains/continuous/test/auto/CarTracking.xml (RunModel)" time="3.854" />
  <testcase classname="ptolemy.util.test.junit.AutoTests" name="[4] /home/travis/build/icyphy/ptII/ptolemy/domains/continuous/test/auto/CartPendulum.xml (RunModel)" time="0.56" />
  <testcase classname="ptolemy.util.test.junit.AutoTests" name="[5] /home/travis/build/icyphy/ptII/ptolemy/domains/continuous/test/auto/CausalityInterface10.xml (RunModel)" time="0.051" />
  <testcase classname="ptolemy.util.test.junit.AutoTests" name="[6] /home/travis/build/icyphy/ptII/ptolemy/domains/continuous/test/auto/CausalityInterface11.xml (RunModel)" time="0.026" />
  <testcase classname="ptolemy.util.test.junit.AutoTests" name="[7] /home/travis/build/icyphy/ptII/ptolemy/domains/continuous/test/auto/CausalityInterface12.xml (RunModel)" time="0.031" />
  <testcase classname="ptolemy.util.test.junit.AutoTests" name="[8] /home/travis/build/icyphy/ptII/ptolemy/domains/continuous/test/auto/CausalityInterface13.xml (RunModel)" time="0.045" />
  <testcase classname="ptolemy.util.test.junit.AutoTests" name="[9] /home/travis/build/icyphy/ptII/ptolemy/domains/continuous/test/auto/CausalityInterface14.xml (RunModel)" time="0.044" />
  <testcase classname="ptolemy.util.test.junit.AutoTests" name="[10] /home/travis/build/icyphy/ptII/ptolemy/domains/continuous/test/auto/CausalityInterface4.xml (RunModel)" time="0.047" />
  <testcase classname="ptolemy.util.test.junit.AutoTests" name="[11] /home/travis/build/icyphy/ptII/ptolemy/domains/continuous/test/auto/CausalityInterface5.xml (RunModel)" time="0.034" />
  <testcase classname="ptolemy.util.test.junit.AutoTests" name="[12] /home/travis/build/icyphy/ptII/ptolemy/domains/continuous/test/auto/CausalityInterface6.xml (RunModel)" time="0.023" />
  <testcase classname="ptolemy.util.test.junit.AutoTests" name="[13] /home/travis/build/icyphy/ptII/ptolemy/domains/continuous/test/auto/CausalityInterface7.xml (RunModel)" time="0.031" />
  <testcase classname="ptolemy.util.test.junit.AutoTests" name="[14] /home/travis/build/icyphy/ptII/ptolemy/domains/continuous/test/auto/CausalityInterface8.xml (RunModel)" time="0.041" />
  <testcase classname="ptolemy.util.test.junit.AutoTests" name="[15] /home/travis/build/icyphy/ptII/ptolemy/domains/continuous/test/auto/CausalityInterface9.xml (RunModel)" time="0.04" />
  <testcase classname="ptolemy.util.test.junit.AutoTests" name="[16] /home/travis/build/icyphy/ptII/ptolemy/domains/continuous/test/auto/CausalityInterfaceFeedback1.xml (RunModel)" time="0.024" />
  <testcase classname="ptolemy.util.test.junit.AutoTests" name="[17] /home/travis/build/icyphy/ptII/ptolemy/domains/continuous/test/auto/CausalityInterfaceFeedback2.xml (RunModel)" time="0.028" />
  <testcase classname="ptolemy.util.test.junit.AutoTests" name="[18] /home/travis/build/icyphy/ptII/ptolemy/domains/continuous/test/auto/CompareWithCurrentTime.xml (RunModel)" time="0.015" />
  <testcase classname="ptolemy.util.test.junit.AutoTests" name="[19] /home/travis/build/icyphy/ptII/ptolemy/domains/continuous/test/auto/ComparedClocks.xml (RunModel)" time="0.066" />
  <testcase classname="ptolemy.util.test.junit.AutoTests" name="[20] /home/travis/build/icyphy/ptII/ptolemy/domains/continuous/test/auto/ContinuousAOCClone.xml (RunModel)" time="2.392" />
  <testcase classname="ptolemy.util.test.junit.AutoTests" name="[21] /home/travis/build/icyphy/ptII/ptolemy/domains/continuous/test/auto/ContinuousClock.xml (RunModel)" time="0.097" />
  <testcase classname="ptolemy.util.test.junit.AutoTests" name="[22] /home/travis/build/icyphy/ptII/ptolemy/domains/continuous/test/auto/ContinuousInContinuous.xml (RunModel)" time="0.081" />
  <testcase classname="ptolemy.util.test.junit.AutoTests" name="[23] /home/travis/build/icyphy/ptII/ptolemy/domains/continuous/test/auto/ContinuousInContinuousInContinuous.xml (RunModel)" time="0.023" />
  <testcase classname="ptolemy.util.test.junit.AutoTests" name="[24] /home/travis/build/icyphy/ptII/ptolemy/domains/continuous/test/auto/ContinuousInDE.xml (RunModel)" time="0.09" />
  <testcase classname="ptolemy.util.test.junit.AutoTests" name="[25] /home/travis/build/icyphy/ptII/ptolemy/domains/continuous/test/auto/ContinuousInDE2.xml (RunModel)" time="0.039" />
  <testcase classname="ptolemy.util.test.junit.AutoTests" name="[26] /home/travis/build/icyphy/ptII/ptolemy/domains/continuous/test/auto/ContinuousInDE3.xml (RunModel)" time="0.043" />
  <testcase classname="ptolemy.util.test.junit.AutoTests" name="[27] /home/travis/build/icyphy/ptII/ptolemy/domains/continuous/test/auto/ContinuousInDE4.xml (RunModel)" time="0.027" />
  <testcase classname="ptolemy.util.test.junit.AutoTests" name="[28] /home/travis/build/icyphy/ptII/ptolemy/domains/continuous/test/auto/ContinuousInDEDifferentRefinements.xml (RunModel)" time="0.086" />
  <testcase classname="ptolemy.util.test.junit.AutoTests" name="[29] /home/travis/build/icyphy/ptII/ptolemy/domains/continuous/test/auto/ContinuousInDEDifferentRefinementsPreemptive.xml (RunModel)" time="0.084" />
  <testcase classname="ptolemy.util.test.junit.AutoTests" name="[30] /home/travis/build/icyphy/ptII/ptolemy/domains/continuous/test/auto/ContinuousInDEInContinuous2.xml (RunModel)" time="0.054" />
  <testcase classname="ptolemy.util.test.junit.AutoTests" name="[31] /home/travis/build/icyphy/ptII/ptolemy/domains/continuous/test/auto/ContinuousInDEInContinuous3.xml (RunModel)" time="0.052" />
  <testcase classname="ptolemy.util.test.junit.AutoTests" name="[32] /home/travis/build/icyphy/ptII/ptolemy/domains/continuous/test/auto/ContinuousInDEInput.xml (RunModel)" time="0.028" />
  <testcase classname="ptolemy.util.test.junit.AutoTests" name="[33] /home/travis/build/icyphy/ptII/ptolemy/domains/continuous/test/auto/ContinuousInDEInput2.xml (RunModel)" time="0.028" />
  <testcase classname="ptolemy.util.test.junit.AutoTests" name="[34] /home/travis/build/icyphy/ptII/ptolemy/domains/continuous/test/auto/ContinuousInDEInput3.xml (RunModel)" time="0.028" />
  <testcase classname="ptolemy.util.test.junit.AutoTests" name="[35] /home/travis/build/icyphy/ptII/ptolemy/domains/continuous/test/auto/ContinuousInDESharingRefinement.xml (RunModel)" time="0.181" />
  <testcase classname="ptolemy.util.test.junit.AutoTests" name="[36] /home/travis/build/icyphy/ptII/ptolemy/domains/continuous/test/auto/ContinuousInDEwithNoPorts.xml (RunModel)" time="0.022" />
  <testcase classname="ptolemy.util.test.junit.AutoTests" name="[37] /home/travis/build/icyphy/ptII/ptolemy/domains/continuous/test/auto/ContinuousInsideDE.xml (RunModel)" time="0.078" />
  <testcase classname="ptolemy.util.test.junit.AutoTests" name="[38] /home/travis/build/icyphy/ptII/ptolemy/domains/continuous/test/auto/ContinuousMerge1.xml (RunModel)" time="0.011" />
  <testcase classname="ptolemy.util.test.junit.AutoTests" name="[39] /home/travis/build/icyphy/ptII/ptolemy/domains/continuous/test/auto/ContinuousMerge2.xml (RunModel)" time="0.048" />
  <testcase classname="ptolemy.util.test.junit.AutoTests" name="[40] /home/travis/build/icyphy/ptII/ptolemy/domains/continuous/test/auto/ContinuousMerge3.xml (RunModel)" time="0.056" />
  <testcase classname="ptolemy.util.test.junit.AutoTests" name="[41] /home/travis/build/icyphy/ptII/ptolemy/domains/continuous/test/auto/ContinuousWithinContinuous.xml (RunModel)" time="0.047" />
  <testcase classname="ptolemy.util.test.junit.AutoTests" name="[42] /home/travis/build/icyphy/ptII/ptolemy/domains/continuous/test/auto/ContinuousWithinContinuous2.xml (RunModel)" time="0.067" />
  <testcase classname="ptolemy.util.test.junit.AutoTests" name="[43] /home/travis/build/icyphy/ptII/ptolemy/domains/continuous/test/auto/ContinuousWithinContinuous3.xml (RunModel)" time="0.029" />
  <testcase classname="ptolemy.util.test.junit.AutoTests" name="[44] /home/travis/build/icyphy/ptII/ptolemy/domains/continuous/test/auto/ContinuousWithinContinuous4.xml (RunModel)" time="0.069" />
  <testcase classname="ptolemy.util.test.junit.AutoTests" name="[45] /home/travis/build/icyphy/ptII/ptolemy/domains/continuous/test/auto/ContinuousWithinContinuous5.xml (RunModel)" time="0.028" />
  <testcase classname="ptolemy.util.test.junit.AutoTests" name="[46] /home/travis/build/icyphy/ptII/ptolemy/domains/continuous/test/auto/ContinuousWithinContinuous6.xml (RunModel)" time="0.034" />
  <testcase classname="ptolemy.util.test.junit.AutoTests" name="[47] /home/travis/build/icyphy/ptII/ptolemy/domains/continuous/test/auto/ContinuousWithinContinuous7.xml (RunModel)" time="0.063" />
  <testcase classname="ptolemy.util.test.junit.AutoTests" name="[48] /home/travis/build/icyphy/ptII/ptolemy/domains/continuous/test/auto/DCMotor.xml (RunModel)" time="12.285" />
  <testcase classname="ptolemy.util.test.junit.AutoTests" name="[49] /home/travis/build/icyphy/ptII/ptolemy/domains/continuous/test/auto/DEInContinuous.xml (RunModel)" time="0.028" />
  <testcase classname="ptolemy.util.test.junit.AutoTests" name="[50] /home/travis/build/icyphy/ptII/ptolemy/domains/continuous/test/auto/DEinContinuous2.xml (RunModel)" time="0.033" />
  <testcase classname="ptolemy.util.test.junit.AutoTests" name="[51] /home/travis/build/icyphy/ptII/ptolemy/domains/continuous/test/auto/Derivative.xml (RunModel)" time="0.169" />
  <testcase classname="ptolemy.util.test.junit.AutoTests" name="[52] /home/travis/build/icyphy/ptII/ptolemy/domains/continuous/test/auto/Derivative1.xml (RunModel)" time="0.05" />
  <testcase classname="ptolemy.util.test.junit.AutoTests" name="[53] /home/travis/build/icyphy/ptII/ptolemy/domains/continuous/test/auto/DiscreteClock.xml (RunModel)" time="0.017" />
  <testcase classname="ptolemy.util.test.junit.AutoTests" name="[54] /home/travis/build/icyphy/ptII/ptolemy/domains/continuous/test/auto/EfficiencyCurve.xml (RunModel)" time="0.074" />
  <testcase classname="ptolemy.util.test.junit.AutoTests" name="[55] /home/travis/build/icyphy/ptII/ptolemy/domains/continuous/test/auto/ExponentialResponse.xml (RunModel)" time="0.088" />
  <testcase classname="ptolemy.util.test.junit.AutoTests" name="[56] /home/travis/build/icyphy/ptII/ptolemy/domains/continuous/test/auto/ExponentialResponseRK45.xml (RunModel)" time="0.026" />
  <testcase classname="ptolemy.util.test.junit.AutoTests" name="[57] /home/travis/build/icyphy/ptII/ptolemy/domains/continuous/test/auto/Friction.xml (RunModel)" time="1.55" />
  <testcase classname="ptolemy.util.test.junit.AutoTests" name="[58] /home/travis/build/icyphy/ptII/ptolemy/domains/continuous/test/auto/FurutaPendulum.xml (RunModel)" time="2.896" />
  <testcase classname="ptolemy.util.test.junit.AutoTests" name="[59] /home/travis/build/icyphy/ptII/ptolemy/domains/continuous/test/auto/HierarchicalExecution.xml (RunModel)" time="1.806" />
  <testcase classname="ptolemy.util.test.junit.AutoTests" name="[60] /home/travis/build/icyphy/ptII/ptolemy/domains/continuous/test/auto/HybridPlant.xml (RunModel)" time="0.599" />
  <testcase classname="ptolemy.util.test.junit.AutoTests" name="[61] /home/travis/build/icyphy/ptII/ptolemy/domains/continuous/test/auto/Hysteresis.xml (RunModel)" time="0.204" />
  <testcase classname="ptolemy.util.test.junit.AutoTests" name="[62] /home/travis/build/icyphy/ptII/ptolemy/domains/continuous/test/auto/HysteresisWithRandomDelay.xml (RunModel)" time="0.248" />
  <testcase classname="ptolemy.util.test.junit.AutoTests" name="[63] /home/travis/build/icyphy/ptII/ptolemy/domains/continuous/test/auto/HysteresisWithRandomLosses.xml (RunModel)" time="2.186" />
  <testcase classname="ptolemy.util.test.junit.AutoTests" name="[64] /home/travis/build/icyphy/ptII/ptolemy/domains/continuous/test/auto/ImmediateTransitions.xml (RunModel)" time="0.03" />
  <testcase classname="ptolemy.util.test.junit.AutoTests" name="[65] /home/travis/build/icyphy/ptII/ptolemy/domains/continuous/test/auto/ImpulseFeedback.xml (RunModel)" time="0.016" />
  <testcase classname="ptolemy.util.test.junit.AutoTests" name="[66] /home/travis/build/icyphy/ptII/ptolemy/domains/continuous/test/auto/ImpulseFeedback2.xml (RunModel)" time="0.012" />
  <testcase classname="ptolemy.util.test.junit.AutoTests" name="[67] /home/travis/build/icyphy/ptII/ptolemy/domains/continuous/test/auto/IncreasingRatePoisson.xml (RunModel)" time="0.615" />
  <testcase classname="ptolemy.util.test.junit.AutoTests" name="[68] /home/travis/build/icyphy/ptII/ptolemy/domains/continuous/test/auto/InitialStateFeedback.xml (RunModel)" time="0.011" />
  <testcase classname="ptolemy.util.test.junit.AutoTests" name="[69] /home/travis/build/icyphy/ptII/ptolemy/domains/continuous/test/auto/Integration.xml (RunModel)" time="0.008" />
  <testcase classname="ptolemy.util.test.junit.AutoTests" name="[70] /home/travis/build/icyphy/ptII/ptolemy/domains/continuous/test/auto/Integration2.xml (RunModel)" time="0.076" />
  <testcase classname="ptolemy.util.test.junit.AutoTests" name="[71] /home/travis/build/icyphy/ptII/ptolemy/domains/continuous/test/auto/Integration3.xml (RunModel)" time="0.025" />
  <testcase classname="ptolemy.util.test.junit.AutoTests" name="[72] /home/travis/build/icyphy/ptII/ptolemy/domains/continuous/test/auto/Integration5.xml (RunModel)" time="0.008" />
  <testcase classname="ptolemy.util.test.junit.AutoTests" name="[73] /home/travis/build/icyphy/ptII/ptolemy/domains/continuous/test/auto/IntegratorImpulse.xml (RunModel)" time="0.011" />
  <testcase classname="ptolemy.util.test.junit.AutoTests" name="[74] /home/travis/build/icyphy/ptII/ptolemy/domains/continuous/test/auto/IntegratorImpulse2.xml (RunModel)" time="0.009" />
  <testcase classname="ptolemy.util.test.junit.AutoTests" name="[75] /home/travis/build/icyphy/ptII/ptolemy/domains/continuous/test/auto/LevelCrossing1.xml (RunModel)" time="0.009" />
  <testcase classname="ptolemy.util.test.junit.AutoTests" name="[76] /home/travis/build/icyphy/ptII/ptolemy/domains/continuous/test/auto/LevelCrossing2.xml (RunModel)" time="0.01" />
  <testcase classname="ptolemy.util.test.junit.AutoTests" name="[77] /home/travis/build/icyphy/ptII/ptolemy/domains/continuous/test/auto/LevelCrossing3.xml (RunModel)" time="0.009" />
  <testcase classname="ptolemy.util.test.junit.AutoTests" name="[78] /home/travis/build/icyphy/ptII/ptolemy/domains/continuous/test/auto/LevelCrossing4.xml (RunModel)" time="0.01" />
  <testcase classname="ptolemy.util.test.junit.AutoTests" name="[79] /home/travis/build/icyphy/ptII/ptolemy/domains/continuous/test/auto/LevelCrossing5.xml (RunModel)" time="0.012" />
  <testcase classname="ptolemy.util.test.junit.AutoTests" name="[80] /home/travis/build/icyphy/ptII/ptolemy/domains/continuous/test/auto/LevelCrossing6.xml (RunModel)" time="0.01" />
  <testcase classname="ptolemy.util.test.junit.AutoTests" name="[81] /home/travis/build/icyphy/ptII/ptolemy/domains/continuous/test/auto/LevelCrossingDetector.xml (RunModel)" time="0.03" />
  <testcase classname="ptolemy.util.test.junit.AutoTests" name="[82] /home/travis/build/icyphy/ptII/ptolemy/domains/continuous/test/auto/LevelCrossingDetectorDetectingDirections.xml (RunModel)" time="0.089" />
  <testcase classname="ptolemy.util.test.junit.AutoTests" name="[83] /home/travis/build/icyphy/ptII/ptolemy/domains/continuous/test/auto/LevelCrossingDetectorDetectsGlitches.xml (RunModel)" time="0.057" />
  <testcase classname="ptolemy.util.test.junit.AutoTests" name="[84] /home/travis/build/icyphy/ptII/ptolemy/domains/continuous/test/auto/LevelCrossingNoInitialOuput.xml (RunModel)" time="0.01" />
  <testcase classname="ptolemy.util.test.junit.AutoTests" name="[85] /home/travis/build/icyphy/ptII/ptolemy/domains/continuous/test/auto/LinearStateSpaceExample.xml (RunModel)" time="0.052" />
  <testcase classname="ptolemy.util.test.junit.AutoTests" name="[86] /home/travis/build/icyphy/ptII/ptolemy/domains/continuous/test/auto/Lorenz.xml (RunModel)" time="3.119" />
  <testcase classname="ptolemy.util.test.junit.AutoTests" name="[87] /home/travis/build/icyphy/ptII/ptolemy/domains/continuous/test/auto/LorenzDifferentialSystem.xml (RunModel)" time="0.898" />
  <testcase classname="ptolemy.util.test.junit.AutoTests" name="[88] /home/travis/build/icyphy/ptII/ptolemy/domains/continuous/test/auto/LorenzDifferentialSystemWithInput.xml (RunModel)" time="1.097" />
  <testcase classname="ptolemy.util.test.junit.AutoTests" name="[89] /home/travis/build/icyphy/ptII/ptolemy/domains/continuous/test/auto/LorenzDifferentialSystemWithTime.xml (RunModel)" time="0.611" />
  <testcase classname="ptolemy.util.test.junit.AutoTests" name="[90] /home/travis/build/icyphy/ptII/ptolemy/domains/continuous/test/auto/Microsteps.xml (RunModel)" time="0.029" />
  <testcase classname="ptolemy.util.test.junit.AutoTests" name="[91] /home/travis/build/icyphy/ptII/ptolemy/domains/continuous/test/auto/Modal1.xml (RunModel)" time="0.039" />
  <testcase classname="ptolemy.util.test.junit.AutoTests" name="[92] /home/travis/build/icyphy/ptII/ptolemy/domains/continuous/test/auto/Modal2.xml (RunModel)" time="0.039" />
  <testcase classname="ptolemy.util.test.junit.AutoTests" name="[93] /home/travis/build/icyphy/ptII/ptolemy/domains/continuous/test/auto/ModalTransitionGuardWithReset.xml (RunModel)" time="0.04" />
  <testcase classname="ptolemy.util.test.junit.AutoTests" name="[94] /home/travis/build/icyphy/ptII/ptolemy/domains/continuous/test/auto/ModalTransitionGuardWithResetUsingPreemptiveTransition.xml (RunModel)" time="0.044" />
  <testcase classname="ptolemy.util.test.junit.AutoTests" name="[95] /home/travis/build/icyphy/ptII/ptolemy/domains/continuous/test/auto/ModalTransitionGuardWithResetUsingPreemptiveTransition2.xml (RunModel)" time="0.021" />
  <testcase classname="ptolemy.util.test.junit.AutoTests" name="[96] /home/travis/build/icyphy/ptII/ptolemy/domains/continuous/test/auto/ModalTransitionGuardWithResetUsingPreemptiveTransition3.xml (RunModel)" time="0.026" />
  <testcase classname="ptolemy.util.test.junit.AutoTests" name="[97] /home/travis/build/icyphy/ptII/ptolemy/domains/continuous/test/auto/NewtonsCradle.xml (RunModel)" time="0.782" />
  <testcase classname="ptolemy.util.test.junit.AutoTests" name="[98] /home/travis/build/icyphy/ptII/ptolemy/domains/continuous/test/auto/NewtonsCradleAnimated.xml (RunModel)" time="1.167" />
  <testcase classname="ptolemy.util.test.junit.AutoTests" name="[99] /home/travis/build/icyphy/ptII/ptolemy/domains/continuous/test/auto/NewtonsCradleComplicated.xml (RunModel)" time="0.817" />
  <testcase classname="ptolemy.util.test.junit.AutoTests" name="[100] /home/travis/build/icyphy/ptII/ptolemy/domains/continuous/test/auto/NewtonsCradleNondeterministic.xml (RunModel)" time="0.567" />
  <testcase classname="ptolemy.util.test.junit.AutoTests" name="[101] /home/travis/build/icyphy/ptII/ptolemy/domains/continuous/test/auto/NewtonsCradlePerfectlyInelastic1.xml (RunModel)" time="0.994" />
  <testcase classname="ptolemy.util.test.junit.AutoTests" name="[102] /home/travis/build/icyphy/ptII/ptolemy/domains/continuous/test/auto/Noise.xml (RunModel)" time="0.183" />
  <testcase classname="ptolemy.util.test.junit.AutoTests" name="[103] /home/travis/build/icyphy/ptII/ptolemy/domains/continuous/test/auto/NoiseSpectrum.xml (RunModel)" time="0.75" />
  <testcase classname="ptolemy.util.test.junit.AutoTests" name="[104] /home/travis/build/icyphy/ptII/ptolemy/domains/continuous/test/auto/ParameterizedNewtonsCradleAnimated.xml (RunModel)" time="0.372" />
  <testcase classname="ptolemy.util.test.junit.AutoTests" name="[105] /home/travis/build/icyphy/ptII/ptolemy/domains/continuous/test/auto/ParameterizedNewtonsCradleAnimatedNondeterministic.xml (RunModel)" time="1.112" />
  <testcase classname="ptolemy.util.test.junit.AutoTests" name="[106] /home/travis/build/icyphy/ptII/ptolemy/domains/continuous/test/auto/Pendulum3D.xml (RunModel)" time="0.193" />
  <testcase classname="ptolemy.util.test.junit.AutoTests" name="[107] /home/travis/build/icyphy/ptII/ptolemy/domains/continuous/test/auto/PeriodicSampler.xml (RunModel)" time="0.011" />
  <testcase classname="ptolemy.util.test.junit.AutoTests" name="[108] /home/travis/build/icyphy/ptII/ptolemy/domains/continuous/test/auto/PeriodicSampler1.xml (RunModel)" time="0.071" />
  <testcase classname="ptolemy.util.test.junit.AutoTests" name="[109] /home/travis/build/icyphy/ptII/ptolemy/domains/continuous/test/auto/PeriodicSampler2.xml (RunModel)" time="0.082" />
  <testcase classname="ptolemy.util.test.junit.AutoTests" name="[110] /home/travis/build/icyphy/ptII/ptolemy/domains/continuous/test/auto/Poisson.xml (RunModel)" time="0.423" />
  <testcase classname="ptolemy.util.test.junit.AutoTests" name="[111] /home/travis/build/icyphy/ptII/ptolemy/domains/continuous/test/auto/PoissonClock.xml (RunModel)" time="0.015" />
  <testcase classname="ptolemy.util.test.junit.AutoTests" name="[112] /home/travis/build/icyphy/ptII/ptolemy/domains/continuous/test/auto/PoissonClock2.xml (RunModel)" time="0.011" />
  <testcase classname="ptolemy.util.test.junit.AutoTests" name="[113] /home/travis/build/icyphy/ptII/ptolemy/domains/continuous/test/auto/PortParameterHierarchy.xml (RunModel)" time="0.024" />
  <testcase classname="ptolemy.util.test.junit.AutoTests" name="[114] /home/travis/build/icyphy/ptII/ptolemy/domains/continuous/test/auto/RandomHybridPlant.xml (RunModel)" time="0.538" />
  <testcase classname="ptolemy.util.test.junit.AutoTests" name="[115] /home/travis/build/icyphy/ptII/ptolemy/domains/continuous/test/auto/ResetTransitionWithStartTime1.xml (RunModel)" time="0.028" />
  <testcase classname="ptolemy.util.test.junit.AutoTests" name="[116] /home/travis/build/icyphy/ptII/ptolemy/domains/continuous/test/auto/ResetTransitionWithStartTime2.xml (RunModel)" time="0.031" />
  <testcase classname="ptolemy.util.test.junit.AutoTests" name="[117] /home/travis/build/icyphy/ptII/ptolemy/domains/continuous/test/auto/ResetTransitionWithStartTime3.xml (RunModel)" time="0.042" />
  <testcase classname="ptolemy.util.test.junit.AutoTests" name="[118] /home/travis/build/icyphy/ptII/ptolemy/domains/continuous/test/auto/ResetTransitionWithStartTime4.xml (RunModel)" time="0.023" />
  <testcase classname="ptolemy.util.test.junit.AutoTests" name="[119] /home/travis/build/icyphy/ptII/ptolemy/domains/continuous/test/auto/ResetTransitionWithStartTime5.xml (RunModel)" time="0.031" />
  <testcase classname="ptolemy.util.test.junit.AutoTests" name="[120] /home/travis/build/icyphy/ptII/ptolemy/domains/continuous/test/auto/ResetTransitionWithStartTime6.xml (RunModel)" time="0.02" />
  <testcase classname="ptolemy.util.test.junit.AutoTests" name="[121] /home/travis/build/icyphy/ptII/ptolemy/domains/continuous/test/auto/SRinContinuous.xml (RunModel)" time="0.016" />
  <testcase classname="ptolemy.util.test.junit.AutoTests" name="[122] /home/travis/build/icyphy/ptII/ptolemy/domains/continuous/test/auto/SampledClocks.xml (RunModel)" time="0.026" />
  <testcase classname="ptolemy.util.test.junit.AutoTests" name="[123] /home/travis/build/icyphy/ptII/ptolemy/domains/continuous/test/auto/Satellite.xml (RunModel)" time="0.601" />
  <testcase classname="ptolemy.util.test.junit.AutoTests" name="[124] /home/travis/build/icyphy/ptII/ptolemy/domains/continuous/test/auto/SigmaDelta.xml (RunModel)" time="1.934" />
  <testcase classname="ptolemy.util.test.junit.AutoTests" name="[125] /home/travis/build/icyphy/ptII/ptolemy/domains/continuous/test/auto/SingleRefinement.xml (RunModel)" time="0.403" />
  <testcase classname="ptolemy.util.test.junit.AutoTests" name="[126] /home/travis/build/icyphy/ptII/ptolemy/domains/continuous/test/auto/SinuBouncingBall.xml (RunModel)" time="0.829" />
  <testcase classname="ptolemy.util.test.junit.AutoTests" name="[127] /home/travis/build/icyphy/ptII/ptolemy/domains/continuous/test/auto/Sinusoid.xml (RunModel)" time="0.012" />
  <testcase classname="ptolemy.util.test.junit.AutoTests" name="[128] /home/travis/build/icyphy/ptII/ptolemy/domains/continuous/test/auto/SinusoidInNoise.xml (RunModel)" time="0.742" />
  <testcase classname="ptolemy.util.test.junit.AutoTests" name="[129] /home/travis/build/icyphy/ptII/ptolemy/domains/continuous/test/auto/SinusoidRK45.xml (RunModel)" time="0.016" />
  <testcase classname="ptolemy.util.test.junit.AutoTests" name="[130] /home/travis/build/icyphy/ptII/ptolemy/domains/continuous/test/auto/SinusoidWithMultipleImpulses.xml (RunModel)" time="0.013" />
  <testcase classname="ptolemy.util.test.junit.AutoTests" name="[131] /home/travis/build/icyphy/ptII/ptolemy/domains/continuous/test/auto/SquareWave.xml (RunModel)" time="0.161" />
  <testcase classname="ptolemy.util.test.junit.AutoTests" name="[132] /home/travis/build/icyphy/ptII/ptolemy/domains/continuous/test/auto/Starmac.xml (RunModel)" time="3.324" />
  <testcase classname="ptolemy.util.test.junit.AutoTests" name="[133] /home/travis/build/icyphy/ptII/ptolemy/domains/continuous/test/auto/StaticUnits.xml (RunModel)" time="2.599" />
  <testcase classname="ptolemy.util.test.junit.AutoTests" name="[134] /home/travis/build/icyphy/ptII/ptolemy/domains/continuous/test/auto/StickyMasses.xml (RunModel)" time="0.177" />
  <testcase classname="ptolemy.util.test.junit.AutoTests" name="[135] /home/travis/build/icyphy/ptII/ptolemy/domains/continuous/test/auto/StopTime.xml (RunModel)" time="0.06" />
  <testcase classname="ptolemy.util.test.junit.AutoTests" name="[136] /home/travis/build/icyphy/ptII/ptolemy/domains/continuous/test/auto/StopTime2.xml (RunModel)" time="0.061" />
  <testcase classname="ptolemy.util.test.junit.AutoTests" name="[137] /home/travis/build/icyphy/ptII/ptolemy/domains/continuous/test/auto/Switch.xml (RunModel)" time="0.057" />
  <testcase classname="ptolemy.util.test.junit.AutoTests" name="[138] /home/travis/build/icyphy/ptII/ptolemy/domains/continuous/test/auto/Thermostat.xml (RunModel)" time="0.184" />
  <testcase classname="ptolemy.util.test.junit.AutoTests" name="[139] /home/travis/build/icyphy/ptII/ptolemy/domains/continuous/test/auto/TimeDelay.xml (RunModel)" time="0.012" />
  <testcase classname="ptolemy.util.test.junit.AutoTests" name="[140] /home/travis/build/icyphy/ptII/ptolemy/domains/continuous/test/auto/TimeDelay2.xml (RunModel)" time="0.021" />
  <testcase classname="ptolemy.util.test.junit.AutoTests" name="[141] /home/travis/build/icyphy/ptII/ptolemy/domains/continuous/test/auto/TimeDelay3.xml (RunModel)" time="0.008" />
  <testcase classname="ptolemy.util.test.junit.AutoTests" name="[142] /home/travis/build/icyphy/ptII/ptolemy/domains/continuous/test/auto/TransferAbsentToInside.xml (RunModel)" time="0.092" />
  <testcase classname="ptolemy.util.test.junit.AutoTests" name="[143] /home/travis/build/icyphy/ptII/ptolemy/domains/continuous/test/auto/Transmission.xml (RunModel)" time="0.723" />
  <testcase classname="ptolemy.util.test.junit.AutoTests" name="[144] /home/travis/build/icyphy/ptII/ptolemy/domains/continuous/test/auto/TriggeredContinuousClock.xml (RunModel)" time="0.06" />
  <testcase classname="ptolemy.util.test.junit.AutoTests" name="[145] /home/travis/build/icyphy/ptII/ptolemy/domains/continuous/test/auto/TwoMachineInfiniteBusControl.xml (RunModel)" time="2.213" />
  <testcase classname="ptolemy.util.test.junit.AutoTests" name="[146] /home/travis/build/icyphy/ptII/ptolemy/domains/continuous/test/auto/V2V.xml (RunModel)" time="0.739" />
  <testcase classname="ptolemy.util.test.junit.AutoTests" name="[147] /home/travis/build/icyphy/ptII/ptolemy/domains/continuous/test/auto/hierarchicalModalModel.xml (RunModel)" time="0.031" />
  <testcase classname="ptolemy.util.test.junit.AutoTests" name="[148] /home/travis/build/icyphy/ptII/ptolemy/domains/continuous/test/auto/hierarchicalModalModel1.xml (RunModel)" time="0.027" />
  <testcase classname="ptolemy.util.test.junit.AutoTests" name="[149] /home/travis/build/icyphy/ptII/ptolemy/domains/continuous/test/auto/hierarchicalModalModel2.xml (RunModel)" time="0.028" />
  <testcase classname="ptolemy.util.test.junit.AutoTests" name="[150] /home/travis/build/icyphy/ptII/ptolemy/domains/continuous/test/auto/hierarchicalModalModel3.xml (RunModel)" time="0.02" />
  <testcase classname="ptolemy.util.test.junit.AutoTests" name="[151] /home/travis/build/icyphy/ptII/ptolemy/domains/continuous/test/auto/hierarchicalModalModel4.xml (RunModel)" time="0.02" />
  <testcase classname="ptolemy.util.test.junit.AutoTests" name="[152] /home/travis/build/icyphy/ptII/ptolemy/domains/continuous/test/auto/junk.xml (RunModel)" time="0.128" />
  <system-out><![CDATA[No tcl tests in /home/travis/build/icyphy/ptII/ptolemy/domains/continuous/test
No auto/knownFailedTests/*.xml tests in /home/travis/build/icyphy/ptII/ptolemy/domains/continuous/test
No auto/linux-amd64/*.xml tests in /home/travis/build/icyphy/ptII/ptolemy/domains/continuous/test
AutoTests.java: About to close Vertx.
AutoTests.java: Vertx closed.

===========================================================================================
----------------- testing Thu Mar 19 07:12:37 UTC 2020 /home/travis/build/icyphy/ptII/ptolemy/domains/continuous/test/auto/BouncingBall.xml
----------------- Instantiating /home/travis/build/icyphy/ptII/ptolemy/domains/continuous/test/auto/BouncingBall.xml
2146 ms. Memory: 155648K Free: 132292K (85%)
----------------- Invoking toplevel() on ptolemy.moml.MoMLSimpleApplication@5a20bfcf
----------------- Done invoking toplevel() on ptolemy.moml.MoMLSimpleApplication@5a20bfcf
reloadAllAccessors: .BouncingBall

===========================================================================================
----------------- testing Thu Mar 19 07:12:40 UTC 2020 /home/travis/build/icyphy/ptII/ptolemy/domains/continuous/test/auto/BouncingBallWithoutGR.xml
----------------- Instantiating /home/travis/build/icyphy/ptII/ptolemy/domains/continuous/test/auto/BouncingBallWithoutGR.xml
719 ms. Memory: 155648K Free: 132872K (85%)
----------------- Invoking toplevel() on ptolemy.moml.MoMLSimpleApplication@8f3aac7
----------------- Done invoking toplevel() on ptolemy.moml.MoMLSimpleApplication@8f3aac7
reloadAllAccessors: .BouncingBallWithoutGR

===========================================================================================
----------------- testing Thu Mar 19 07:12:41 UTC 2020 /home/travis/build/icyphy/ptII/ptolemy/domains/continuous/test/auto/Brownian.xml
----------------- Instantiating /home/travis/build/icyphy/ptII/ptolemy/domains/continuous/test/auto/Brownian.xml
20 ms. Memory: 155648K Free: 124166K (80%)
----------------- Invoking toplevel() on ptolemy.moml.MoMLSimpleApplication@608c9621
----------------- Done invoking toplevel() on ptolemy.moml.MoMLSimpleApplication@608c9621
reloadAllAccessors: .Brownian

===========================================================================================
----------------- testing Thu Mar 19 07:12:41 UTC 2020 /home/travis/build/icyphy/ptII/ptolemy/domains/continuous/test/auto/CarTracking.xml
----------------- Instantiating /home/travis/build/icyphy/ptII/ptolemy/domains/continuous/test/auto/CarTracking.xml
3343 ms. Memory: 225280K Free: 77688K (34%)
----------------- Invoking toplevel() on ptolemy.moml.MoMLSimpleApplication@392fa261
----------------- Done invoking toplevel() on ptolemy.moml.MoMLSimpleApplication@392fa261
reloadAllAccessors: .CarTracking

===========================================================================================
----------------- testing Thu Mar 19 07:12:44 UTC 2020 /home/travis/build/icyphy/ptII/ptolemy/domains/continuous/test/auto/CartPendulum.xml
----------------- Instantiating /home/travis/build/icyphy/ptII/ptolemy/domains/continuous/test/auto/CartPendulum.xml
399 ms. Memory: 225280K Free: 114546K (51%)
----------------- Invoking toplevel() on ptolemy.moml.MoMLSimpleApplication@2a32cf17
----------------- Done invoking toplevel() on ptolemy.moml.MoMLSimpleApplication@2a32cf17
reloadAllAccessors: .CartPendulum

===========================================================================================
----------------- testing Thu Mar 19 07:12:45 UTC 2020 /home/travis/build/icyphy/ptII/ptolemy/domains/continuous/test/auto/CausalityInterface10.xml
----------------- Instantiating /home/travis/build/icyphy/ptII/ptolemy/domains/continuous/test/auto/CausalityInterface10.xml
8 ms. Memory: 225280K Free: 104306K (46%)
----------------- Invoking toplevel() on ptolemy.moml.MoMLSimpleApplication@46bc623c
----------------- Done invoking toplevel() on ptolemy.moml.MoMLSimpleApplication@46bc623c
reloadAllAccessors: .CausalityInterface10

===========================================================================================
----------------- testing Thu Mar 19 07:12:45 UTC 2020 /home/travis/build/icyphy/ptII/ptolemy/domains/continuous/test/auto/CausalityInterface11.xml
----------------- Instantiating /home/travis/build/icyphy/ptII/ptolemy/domains/continuous/test/auto/CausalityInterface11.xml
6 ms. Memory: 225280K Free: 98162K (44%)
----------------- Invoking toplevel() on ptolemy.moml.MoMLSimpleApplication@1b69bfa5
----------------- Done invoking toplevel() on ptolemy.moml.MoMLSimpleApplication@1b69bfa5
reloadAllAccessors: .CausalityInterface11

===========================================================================================
----------------- testing Thu Mar 19 07:12:45 UTC 2020 /home/travis/build/icyphy/ptII/ptolemy/domains/continuous/test/auto/CausalityInterface12.xml
----------------- Instantiating /home/travis/build/icyphy/ptII/ptolemy/domains/continuous/test/auto/CausalityInterface12.xml
7 ms. Memory: 225280K Free: 92018K (41%)
----------------- Invoking toplevel() on ptolemy.moml.MoMLSimpleApplication@7d7d29c4
----------------- Done invoking toplevel() on ptolemy.moml.MoMLSimpleApplication@7d7d29c4
reloadAllAccessors: .CausalityInterface12

===========================================================================================
----------------- testing Thu Mar 19 07:12:45 UTC 2020 /home/travis/build/icyphy/ptII/ptolemy/domains/continuous/test/auto/CausalityInterface13.xml
----------------- Instantiating /home/travis/build/icyphy/ptII/ptolemy/domains/continuous/test/auto/CausalityInterface13.xml
3 ms. Memory: 225280K Free: 85874K (38%)
----------------- Invoking toplevel() on ptolemy.moml.MoMLSimpleApplication@d8272a0
----------------- Done invoking toplevel() on ptolemy.moml.MoMLSimpleApplication@d8272a0
reloadAllAccessors: .CausalityInterface13

===========================================================================================
----------------- testing Thu Mar 19 07:12:45 UTC 2020 /home/travis/build/icyphy/ptII/ptolemy/domains/continuous/test/auto/CausalityInterface14.xml
----------------- Instantiating /home/travis/build/icyphy/ptII/ptolemy/domains/continuous/test/auto/CausalityInterface14.xml
2 ms. Memory: 225280K Free: 80225K (36%)
----------------- Invoking toplevel() on ptolemy.moml.MoMLSimpleApplication@72799cdf
----------------- Done invoking toplevel() on ptolemy.moml.MoMLSimpleApplication@72799cdf
reloadAllAccessors: .CausalityInterface14

===========================================================================================
----------------- testing Thu Mar 19 07:12:45 UTC 2020 /home/travis/build/icyphy/ptII/ptolemy/domains/continuous/test/auto/CausalityInterface4.xml
----------------- Instantiating /home/travis/build/icyphy/ptII/ptolemy/domains/continuous/test/auto/CausalityInterface4.xml
5 ms. Memory: 225280K Free: 206734K (92%)
----------------- Invoking toplevel() on ptolemy.moml.MoMLSimpleApplication@48272284
----------------- Done invoking toplevel() on ptolemy.moml.MoMLSimpleApplication@48272284
reloadAllAccessors: .CausalityInterface4

===========================================================================================
----------------- testing Thu Mar 19 07:12:45 UTC 2020 /home/travis/build/icyphy/ptII/ptolemy/domains/continuous/test/auto/CausalityInterface5.xml
----------------- Instantiating /home/travis/build/icyphy/ptII/ptolemy/domains/continuous/test/auto/CausalityInterface5.xml
9 ms. Memory: 225280K Free: 198542K (88%)
----------------- Invoking toplevel() on ptolemy.moml.MoMLSimpleApplication@4a5ea97
----------------- Done invoking toplevel() on ptolemy.moml.MoMLSimpleApplication@4a5ea97
reloadAllAccessors: .CausalityInterface5

===========================================================================================
----------------- testing Thu Mar 19 07:12:45 UTC 2020 /home/travis/build/icyphy/ptII/ptolemy/domains/continuous/test/auto/CausalityInterface6.xml
----------------- Instantiating /home/travis/build/icyphy/ptII/ptolemy/domains/continuous/test/auto/CausalityInterface6.xml
8 ms. Memory: 225280K Free: 192912K (86%)
----------------- Invoking toplevel() on ptolemy.moml.MoMLSimpleApplication@50d14efc
----------------- Done invoking toplevel() on ptolemy.moml.MoMLSimpleApplication@50d14efc
reloadAllAccessors: .CausalityInterface6

===========================================================================================
----------------- testing Thu Mar 19 07:12:45 UTC 2020 /home/travis/build/icyphy/ptII/ptolemy/domains/continuous/test/auto/CausalityInterface7.xml
----------------- Instantiating /home/travis/build/icyphy/ptII/ptolemy/domains/continuous/test/auto/CausalityInterface7.xml
8 ms. Memory: 225280K Free: 184206K (82%)
----------------- Invoking toplevel() on ptolemy.moml.MoMLSimpleApplication@5a68696d
----------------- Done invoking toplevel() on ptolemy.moml.MoMLSimpleApplication@5a68696d
reloadAllAccessors: .CausalityInterface7

===========================================================================================
----------------- testing Thu Mar 19 07:12:45 UTC 2020 /home/travis/build/icyphy/ptII/ptolemy/domains/continuous/test/auto/CausalityInterface8.xml
----------------- Instantiating /home/travis/build/icyphy/ptII/ptolemy/domains/continuous/test/auto/CausalityInterface8.xml
5 ms. Memory: 225280K Free: 174990K (78%)
----------------- Invoking toplevel() on ptolemy.moml.MoMLSimpleApplication@3310a03e
----------------- Done invoking toplevel() on ptolemy.moml.MoMLSimpleApplication@3310a03e
reloadAllAccessors: .CausalityInterface8

===========================================================================================
----------------- testing Thu Mar 19 07:12:45 UTC 2020 /home/travis/build/icyphy/ptII/ptolemy/domains/continuous/test/auto/CausalityInterface9.xml
----------------- Instantiating /home/travis/build/icyphy/ptII/ptolemy/domains/continuous/test/auto/CausalityInterface9.xml
7 ms. Memory: 225280K Free: 164240K (73%)
----------------- Invoking toplevel() on ptolemy.moml.MoMLSimpleApplication@1319a6fb
----------------- Done invoking toplevel() on ptolemy.moml.MoMLSimpleApplication@1319a6fb
reloadAllAccessors: .CausalityInterface9

===========================================================================================
----------------- testing Thu Mar 19 07:12:45 UTC 2020 /home/travis/build/icyphy/ptII/ptolemy/domains/continuous/test/auto/CausalityInterfaceFeedback1.xml
----------------- Instantiating /home/travis/build/icyphy/ptII/ptolemy/domains/continuous/test/auto/CausalityInterfaceFeedback1.xml
5 ms. Memory: 225280K Free: 157567K (70%)
----------------- Invoking toplevel() on ptolemy.moml.MoMLSimpleApplication@1cea980c
----------------- Done invoking toplevel() on ptolemy.moml.MoMLSimpleApplication@1cea980c
reloadAllAccessors: .CausalityInterfaceFeedback1

===========================================================================================
----------------- testing Thu Mar 19 07:12:45 UTC 2020 /home/travis/build/icyphy/ptII/ptolemy/domains/continuous/test/auto/CausalityInterfaceFeedback2.xml
----------------- Instantiating /home/travis/build/icyphy/ptII/ptolemy/domains/continuous/test/auto/CausalityInterfaceFeedback2.xml
3 ms. Memory: 225280K Free: 150928K (67%)
----------------- Invoking toplevel() on ptolemy.moml.MoMLSimpleApplication@288e53b7
----------------- Done invoking toplevel() on ptolemy.moml.MoMLSimpleApplication@288e53b7
reloadAllAccessors: .CausalityInterfaceFeedback2

===========================================================================================
----------------- testing Thu Mar 19 07:12:45 UTC 2020 /home/travis/build/icyphy/ptII/ptolemy/domains/continuous/test/auto/CompareWithCurrentTime.xml
----------------- Instantiating /home/travis/build/icyphy/ptII/ptolemy/domains/continuous/test/auto/CompareWithCurrentTime.xml
2 ms. Memory: 225280K Free: 146832K (65%)
----------------- Invoking toplevel() on ptolemy.moml.MoMLSimpleApplication@7275278a
----------------- Done invoking toplevel() on ptolemy.moml.MoMLSimpleApplication@7275278a
reloadAllAccessors: .CompareWithCurrentTime

===========================================================================================
----------------- testing Thu Mar 19 07:12:46 UTC 2020 /home/travis/build/icyphy/ptII/ptolemy/domains/continuous/test/auto/ComparedClocks.xml
----------------- Instantiating /home/travis/build/icyphy/ptII/ptolemy/domains/continuous/test/auto/ComparedClocks.xml
6 ms. Memory: 225280K Free: 131472K (58%)
----------------- Invoking toplevel() on ptolemy.moml.MoMLSimpleApplication@37137f2f
----------------- Done invoking toplevel() on ptolemy.moml.MoMLSimpleApplication@37137f2f
reloadAllAccessors: .ComparedClocks

===========================================================================================
----------------- testing Thu Mar 19 07:12:46 UTC 2020 /home/travis/build/icyphy/ptII/ptolemy/domains/continuous/test/auto/ContinuousAOCClone.xml
----------------- Instantiating /home/travis/build/icyphy/ptII/ptolemy/domains/continuous/test/auto/ContinuousAOCClone.xml
2213 ms. Memory: 270336K Free: 205103K (76%)
----------------- Invoking toplevel() on ptolemy.moml.MoMLSimpleApplication@6c8004c0
----------------- Done invoking toplevel() on ptolemy.moml.MoMLSimpleApplication@6c8004c0
reloadAllAccessors: .ContinuousAOCClone

===========================================================================================
----------------- testing Thu Mar 19 07:12:48 UTC 2020 /home/travis/build/icyphy/ptII/ptolemy/domains/continuous/test/auto/ContinuousClock.xml
----------------- Instantiating /home/travis/build/icyphy/ptII/ptolemy/domains/continuous/test/auto/ContinuousClock.xml
24 ms. Memory: 270336K Free: 183120K (68%)
----------------- Invoking toplevel() on ptolemy.moml.MoMLSimpleApplication@7370383e
----------------- Done invoking toplevel() on ptolemy.moml.MoMLSimpleApplication@7370383e
reloadAllAccessors: .ContinuousClock

===========================================================================================
----------------- testing Thu Mar 19 07:12:48 UTC 2020 /home/travis/build/icyphy/ptII/ptolemy/domains/continuous/test/auto/ContinuousInContinuous.xml
----------------- Instantiating /home/travis/build/icyphy/ptII/ptolemy/domains/continuous/test/auto/ContinuousInContinuous.xml
43 ms. Memory: 270336K Free: 159568K (59%)
----------------- Invoking toplevel() on ptolemy.moml.MoMLSimpleApplication@5bdefc7d
----------------- Done invoking toplevel() on ptolemy.moml.MoMLSimpleApplication@5bdefc7d
reloadAllAccessors: .ContinuousInContinuous

===========================================================================================
----------------- testing Thu Mar 19 07:12:48 UTC 2020 /home/travis/build/icyphy/ptII/ptolemy/domains/continuous/test/auto/ContinuousInContinuousInContinuous.xml
----------------- Instantiating /home/travis/build/icyphy/ptII/ptolemy/domains/continuous/test/auto/ContinuousInContinuousInContinuous.xml
7 ms. Memory: 270336K Free: 151886K (56%)
----------------- Invoking toplevel() on ptolemy.moml.MoMLSimpleApplication@189e3ab1
----------------- Done invoking toplevel() on ptolemy.moml.MoMLSimpleApplication@189e3ab1
reloadAllAccessors: .ContinuousInContinuousInContinuous

===========================================================================================
----------------- testing Thu Mar 19 07:12:48 UTC 2020 /home/travis/build/icyphy/ptII/ptolemy/domains/continuous/test/auto/ContinuousInDE.xml
----------------- Instantiating /home/travis/build/icyphy/ptII/ptolemy/domains/continuous/test/auto/ContinuousInDE.xml
67 ms. Memory: 270336K Free: 141136K (52%)
----------------- Invoking toplevel() on ptolemy.moml.MoMLSimpleApplication@39d3180e
----------------- Done invoking toplevel() on ptolemy.moml.MoMLSimpleApplication@39d3180e
reloadAllAccessors: .ContinuousInDE

===========================================================================================
----------------- testing Thu Mar 19 07:12:48 UTC 2020 /home/travis/build/icyphy/ptII/ptolemy/domains/continuous/test/auto/ContinuousInDE2.xml
----------------- Instantiating /home/travis/build/icyphy/ptII/ptolemy/domains/continuous/test/auto/ContinuousInDE2.xml
29 ms. Memory: 270336K Free: 131406K (49%)
----------------- Invoking toplevel() on ptolemy.moml.MoMLSimpleApplication@5cbef2cd
----------------- Done invoking toplevel() on ptolemy.moml.MoMLSimpleApplication@5cbef2cd
reloadAllAccessors: .ContinuousInDE2

===========================================================================================
----------------- testing Thu Mar 19 07:12:48 UTC 2020 /home/travis/build/icyphy/ptII/ptolemy/domains/continuous/test/auto/ContinuousInDE3.xml
----------------- Instantiating /home/travis/build/icyphy/ptII/ptolemy/domains/continuous/test/auto/ContinuousInDE3.xml
30 ms. Memory: 270336K Free: 121680K (45%)
----------------- Invoking toplevel() on ptolemy.moml.MoMLSimpleApplication@7c962238
----------------- Done invoking toplevel() on ptolemy.moml.MoMLSimpleApplication@7c962238
reloadAllAccessors: .ContinuousInDE3

===========================================================================================
----------------- testing Thu Mar 19 07:12:48 UTC 2020 /home/travis/build/icyphy/ptII/ptolemy/domains/continuous/test/auto/ContinuousInDE4.xml
----------------- Instantiating /home/travis/build/icyphy/ptII/ptolemy/domains/continuous/test/auto/ContinuousInDE4.xml
11 ms. Memory: 270336K Free: 115536K (43%)
----------------- Invoking toplevel() on ptolemy.moml.MoMLSimpleApplication@441d8115
----------------- Done invoking toplevel() on ptolemy.moml.MoMLSimpleApplication@441d8115
reloadAllAccessors: .ContinuousInDE4

===========================================================================================
----------------- testing Thu Mar 19 07:12:48 UTC 2020 /home/travis/build/icyphy/ptII/ptolemy/domains/continuous/test/auto/ContinuousInDEDifferentRefinements.xml
----------------- Instantiating /home/travis/build/icyphy/ptII/ptolemy/domains/continuous/test/auto/ContinuousInDEDifferentRefinements.xml
48 ms. Memory: 270336K Free: 244707K (91%)
----------------- Invoking toplevel() on ptolemy.moml.MoMLSimpleApplication@5d5c9b24
----------------- Done invoking toplevel() on ptolemy.moml.MoMLSimpleApplication@5d5c9b24
reloadAllAccessors: .ContinuousInDEDifferentRefinements

===========================================================================================
----------------- testing Thu Mar 19 07:12:48 UTC 2020 /home/travis/build/icyphy/ptII/ptolemy/domains/continuous/test/auto/ContinuousInDEDifferentRefinementsPreemptive.xml
----------------- Instantiating /home/travis/build/icyphy/ptII/ptolemy/domains/continuous/test/auto/ContinuousInDEDifferentRefinementsPreemptive.xml
49 ms. Memory: 270336K Free: 213317K (79%)
----------------- Invoking toplevel() on ptolemy.moml.MoMLSimpleApplication@4048e6a6
----------------- Done invoking toplevel() on ptolemy.moml.MoMLSimpleApplication@4048e6a6
reloadAllAccessors: .ContinuousInDEDifferentRefinementsPreemptive

===========================================================================================
----------------- testing Thu Mar 19 07:12:49 UTC 2020 /home/travis/build/icyphy/ptII/ptolemy/domains/continuous/test/auto/ContinuousInDEInContinuous2.xml
----------------- Instantiating /home/travis/build/icyphy/ptII/ptolemy/domains/continuous/test/auto/ContinuousInDEInContinuous2.xml
34 ms. Memory: 270336K Free: 202053K (75%)
----------------- Invoking toplevel() on ptolemy.moml.MoMLSimpleApplication@6ee2cc65
----------------- Done invoking toplevel() on ptolemy.moml.MoMLSimpleApplication@6ee2cc65
reloadAllAccessors: .ContinuousInDEInContinuous2

===========================================================================================
----------------- testing Thu Mar 19 07:12:49 UTC 2020 /home/travis/build/icyphy/ptII/ptolemy/domains/continuous/test/auto/ContinuousInDEInContinuous3.xml
----------------- Instantiating /home/travis/build/icyphy/ptII/ptolemy/domains/continuous/test/auto/ContinuousInDEInContinuous3.xml
33 ms. Memory: 270336K Free: 189765K (70%)
----------------- Invoking toplevel() on ptolemy.moml.MoMLSimpleApplication@2119353e
----------------- Done invoking toplevel() on ptolemy.moml.MoMLSimpleApplication@2119353e
reloadAllAccessors: .ContinuousInDEInContinuous3

===========================================================================================
----------------- testing Thu Mar 19 07:12:49 UTC 2020 /home/travis/build/icyphy/ptII/ptolemy/domains/continuous/test/auto/ContinuousInDEInput.xml
----------------- Instantiating /home/travis/build/icyphy/ptII/ptolemy/domains/continuous/test/auto/ContinuousInDEInput.xml
13 ms. Memory: 270336K Free: 182083K (67%)
----------------- Invoking toplevel() on ptolemy.moml.MoMLSimpleApplication@478d5612
----------------- Done invoking toplevel() on ptolemy.moml.MoMLSimpleApplication@478d5612
reloadAllAccessors: .ContinuousInDEInput

===========================================================================================
----------------- testing Thu Mar 19 07:12:49 UTC 2020 /home/travis/build/icyphy/ptII/ptolemy/domains/continuous/test/auto/ContinuousInDEInput2.xml
----------------- Instantiating /home/travis/build/icyphy/ptII/ptolemy/domains/continuous/test/auto/ContinuousInDEInput2.xml
11 ms. Memory: 270336K Free: 174915K (65%)
----------------- Invoking toplevel() on ptolemy.moml.MoMLSimpleApplication@46f3cc76
----------------- Done invoking toplevel() on ptolemy.moml.MoMLSimpleApplication@46f3cc76
reloadAllAccessors: .ContinuousInDEInput2

===========================================================================================
----------------- testing Thu Mar 19 07:12:49 UTC 2020 /home/travis/build/icyphy/ptII/ptolemy/domains/continuous/test/auto/ContinuousInDEInput3.xml
----------------- Instantiating /home/travis/build/icyphy/ptII/ptolemy/domains/continuous/test/auto/ContinuousInDEInput3.xml
10 ms. Memory: 270336K Free: 167747K (62%)
----------------- Invoking toplevel() on ptolemy.moml.MoMLSimpleApplication@187a89b0
----------------- Done invoking toplevel() on ptolemy.moml.MoMLSimpleApplication@187a89b0
reloadAllAccessors: .ContinuousInDEInput3

===========================================================================================
----------------- testing Thu Mar 19 07:12:49 UTC 2020 /home/travis/build/icyphy/ptII/ptolemy/domains/continuous/test/auto/ContinuousInDESharingRefinement.xml
----------------- Instantiating /home/travis/build/icyphy/ptII/ptolemy/domains/continuous/test/auto/ContinuousInDESharingRefinement.xml
156 ms. Memory: 270336K Free: 233745K (86%)
----------------- Invoking toplevel() on ptolemy.moml.MoMLSimpleApplication@16fd198a
----------------- Done invoking toplevel() on ptolemy.moml.MoMLSimpleApplication@16fd198a
reloadAllAccessors: .ContinuousInDESharingRefinement

===========================================================================================
----------------- testing Thu Mar 19 07:12:49 UTC 2020 /home/travis/build/icyphy/ptII/ptolemy/domains/continuous/test/auto/ContinuousInDEwithNoPorts.xml
----------------- Instantiating /home/travis/build/icyphy/ptII/ptolemy/domains/continuous/test/auto/ContinuousInDEwithNoPorts.xml
5 ms. Memory: 270336K Free: 229105K (85%)
----------------- Invoking toplevel() on ptolemy.moml.MoMLSimpleApplication@65e70c46
----------------- Done invoking toplevel() on ptolemy.moml.MoMLSimpleApplication@65e70c46
reloadAllAccessors: .ContinuousInDEwithNoPorts

===========================================================================================
----------------- testing Thu Mar 19 07:12:49 UTC 2020 /home/travis/build/icyphy/ptII/ptolemy/domains/continuous/test/auto/ContinuousInsideDE.xml
----------------- Instantiating /home/travis/build/icyphy/ptII/ptolemy/domains/continuous/test/auto/ContinuousInsideDE.xml
32 ms. Memory: 270336K Free: 217871K (81%)
----------------- Invoking toplevel() on ptolemy.moml.MoMLSimpleApplication@46ba115f
----------------- Done invoking toplevel() on ptolemy.moml.MoMLSimpleApplication@46ba115f
reloadAllAccessors: .ContinuousInsideDE

===========================================================================================
----------------- testing Thu Mar 19 07:12:49 UTC 2020 /home/travis/build/icyphy/ptII/ptolemy/domains/continuous/test/auto/ContinuousMerge1.xml
----------------- Instantiating /home/travis/build/icyphy/ptII/ptolemy/domains/continuous/test/auto/ContinuousMerge1.xml
3 ms. Memory: 270336K Free: 213265K (79%)
----------------- Invoking toplevel() on ptolemy.moml.MoMLSimpleApplication@6bb12b01
----------------- Done invoking toplevel() on ptolemy.moml.MoMLSimpleApplication@6bb12b01
reloadAllAccessors: .ContinuousMerge1

===========================================================================================
----------------- testing Thu Mar 19 07:12:49 UTC 2020 /home/travis/build/icyphy/ptII/ptolemy/domains/continuous/test/auto/ContinuousMerge2.xml
----------------- Instantiating /home/travis/build/icyphy/ptII/ptolemy/domains/continuous/test/auto/ContinuousMerge2.xml
10 ms. Memory: 270336K Free: 202511K (75%)
----------------- Invoking toplevel() on ptolemy.moml.MoMLSimpleApplication@fa22e7b
----------------- Done invoking toplevel() on ptolemy.moml.MoMLSimpleApplication@fa22e7b
reloadAllAccessors: .ContinuousMerge2

===========================================================================================
----------------- testing Thu Mar 19 07:12:49 UTC 2020 /home/travis/build/icyphy/ptII/ptolemy/domains/continuous/test/auto/ContinuousMerge3.xml
----------------- Instantiating /home/travis/build/icyphy/ptII/ptolemy/domains/continuous/test/auto/ContinuousMerge3.xml
36 ms. Memory: 270336K Free: 191761K (71%)
----------------- Invoking toplevel() on ptolemy.moml.MoMLSimpleApplication@5c2c8083
----------------- Done invoking toplevel() on ptolemy.moml.MoMLSimpleApplication@5c2c8083
reloadAllAccessors: .ContinuousMerge3

===========================================================================================
----------------- testing Thu Mar 19 07:12:49 UTC 2020 /home/travis/build/icyphy/ptII/ptolemy/domains/continuous/test/auto/ContinuousWithinContinuous.xml
----------------- Instantiating /home/travis/build/icyphy/ptII/ptolemy/domains/continuous/test/auto/ContinuousWithinContinuous.xml
28 ms. Memory: 270336K Free: 182545K (68%)
----------------- Invoking toplevel() on ptolemy.moml.MoMLSimpleApplication@2cc44a84
----------------- Done invoking toplevel() on ptolemy.moml.MoMLSimpleApplication@2cc44a84
reloadAllAccessors: .ContinuousWithinContinuous

===========================================================================================
----------------- testing Thu Mar 19 07:12:49 UTC 2020 /home/travis/build/icyphy/ptII/ptolemy/domains/continuous/test/auto/ContinuousWithinContinuous2.xml
----------------- Instantiating /home/travis/build/icyphy/ptII/ptolemy/domains/continuous/test/auto/ContinuousWithinContinuous2.xml
56 ms. Memory: 270336K Free: 172305K (64%)
----------------- Invoking toplevel() on ptolemy.moml.MoMLSimpleApplication@7ff0d0c3
----------------- Done invoking toplevel() on ptolemy.moml.MoMLSimpleApplication@7ff0d0c3
reloadAllAccessors: .ContinuousWithinContinuous2

===========================================================================================
----------------- testing Thu Mar 19 07:12:49 UTC 2020 /home/travis/build/icyphy/ptII/ptolemy/domains/continuous/test/auto/ContinuousWithinContinuous3.xml
----------------- Instantiating /home/travis/build/icyphy/ptII/ptolemy/domains/continuous/test/auto/ContinuousWithinContinuous3.xml
11 ms. Memory: 270336K Free: 165137K (61%)
----------------- Invoking toplevel() on ptolemy.moml.MoMLSimpleApplication@1d352238
----------------- Done invoking toplevel() on ptolemy.moml.MoMLSimpleApplication@1d352238
reloadAllAccessors: .ContinuousWithinContinuous3

===========================================================================================
----------------- testing Thu Mar 19 07:12:50 UTC 2020 /home/travis/build/icyphy/ptII/ptolemy/domains/continuous/test/auto/ContinuousWithinContinuous4.xml
----------------- Instantiating /home/travis/build/icyphy/ptII/ptolemy/domains/continuous/test/auto/ContinuousWithinContinuous4.xml
57 ms. Memory: 270336K Free: 152849K (57%)
----------------- Invoking toplevel() on ptolemy.moml.MoMLSimpleApplication@5b4472c1
----------------- Done invoking toplevel() on ptolemy.moml.MoMLSimpleApplication@5b4472c1
reloadAllAccessors: .ContinuousWithinContinuous4

===========================================================================================
----------------- testing Thu Mar 19 07:12:50 UTC 2020 /home/travis/build/icyphy/ptII/ptolemy/domains/continuous/test/auto/ContinuousWithinContinuous5.xml
----------------- Instantiating /home/travis/build/icyphy/ptII/ptolemy/domains/continuous/test/auto/ContinuousWithinContinuous5.xml
13 ms. Memory: 270336K Free: 145681K (54%)
----------------- Invoking toplevel() on ptolemy.moml.MoMLSimpleApplication@289e527
----------------- Done invoking toplevel() on ptolemy.moml.MoMLSimpleApplication@289e527
reloadAllAccessors: .ContinuousWithinContinuous5

===========================================================================================
----------------- testing Thu Mar 19 07:12:50 UTC 2020 /home/travis/build/icyphy/ptII/ptolemy/domains/continuous/test/auto/ContinuousWithinContinuous6.xml
----------------- Instantiating /home/travis/build/icyphy/ptII/ptolemy/domains/continuous/test/auto/ContinuousWithinContinuous6.xml
10 ms. Memory: 270336K Free: 139023K (51%)
----------------- Invoking toplevel() on ptolemy.moml.MoMLSimpleApplication@345aab5b
----------------- Done invoking toplevel() on ptolemy.moml.MoMLSimpleApplication@345aab5b
reloadAllAccessors: .ContinuousWithinContinuous6

===========================================================================================
----------------- testing Thu Mar 19 07:12:50 UTC 2020 /home/travis/build/icyphy/ptII/ptolemy/domains/continuous/test/auto/ContinuousWithinContinuous7.xml
----------------- Instantiating /home/travis/build/icyphy/ptII/ptolemy/domains/continuous/test/auto/ContinuousWithinContinuous7.xml
51 ms. Memory: 270336K Free: 128273K (47%)
----------------- Invoking toplevel() on ptolemy.moml.MoMLSimpleApplication@37918c98
----------------- Done invoking toplevel() on ptolemy.moml.MoMLSimpleApplication@37918c98
reloadAllAccessors: .ContinuousWithinContinuous7

===========================================================================================
----------------- testing Thu Mar 19 07:12:50 UTC 2020 /home/travis/build/icyphy/ptII/ptolemy/domains/continuous/test/auto/DCMotor.xml
----------------- Instantiating /home/travis/build/icyphy/ptII/ptolemy/domains/continuous/test/auto/DCMotor.xml
12209 ms. Memory: 270336K Free: 107934K (40%)
----------------- Invoking toplevel() on ptolemy.moml.MoMLSimpleApplication@384b32c8
----------------- Done invoking toplevel() on ptolemy.moml.MoMLSimpleApplication@384b32c8
reloadAllAccessors: .DCMotor

===========================================================================================
----------------- testing Thu Mar 19 07:13:02 UTC 2020 /home/travis/build/icyphy/ptII/ptolemy/domains/continuous/test/auto/DEInContinuous.xml
----------------- Instantiating /home/travis/build/icyphy/ptII/ptolemy/domains/continuous/test/auto/DEInContinuous.xml
15 ms. Memory: 270336K Free: 101280K (37%)
----------------- Invoking toplevel() on ptolemy.moml.MoMLSimpleApplication@70645060
----------------- Done invoking toplevel() on ptolemy.moml.MoMLSimpleApplication@70645060
reloadAllAccessors: .DEInContinuous

===========================================================================================
----------------- testing Thu Mar 19 07:13:02 UTC 2020 /home/travis/build/icyphy/ptII/ptolemy/domains/continuous/test/auto/DEinContinuous2.xml
----------------- Instantiating /home/travis/build/icyphy/ptII/ptolemy/domains/continuous/test/auto/DEinContinuous2.xml
10 ms. Memory: 270336K Free: 254362K (94%)
----------------- Invoking toplevel() on ptolemy.moml.MoMLSimpleApplication@6703ac14
----------------- Done invoking toplevel() on ptolemy.moml.MoMLSimpleApplication@6703ac14
reloadAllAccessors: .DEinContinuous2

===========================================================================================
----------------- testing Thu Mar 19 07:13:02 UTC 2020 /home/travis/build/icyphy/ptII/ptolemy/domains/continuous/test/auto/Derivative.xml
----------------- Instantiating /home/travis/build/icyphy/ptII/ptolemy/domains/continuous/test/auto/Derivative.xml
127 ms. Memory: 270336K Free: 224948K (83%)
----------------- Invoking toplevel() on ptolemy.moml.MoMLSimpleApplication@5dd41b6e
----------------- Done invoking toplevel() on ptolemy.moml.MoMLSimpleApplication@5dd41b6e
reloadAllAccessors: .Derivative2

===========================================================================================
----------------- testing Thu Mar 19 07:13:02 UTC 2020 /home/travis/build/icyphy/ptII/ptolemy/domains/continuous/test/auto/Derivative1.xml
----------------- Instantiating /home/travis/build/icyphy/ptII/ptolemy/domains/continuous/test/auto/Derivative1.xml
22 ms. Memory: 270336K Free: 210612K (78%)
----------------- Invoking toplevel() on ptolemy.moml.MoMLSimpleApplication@1d47070a
----------------- Done invoking toplevel() on ptolemy.moml.MoMLSimpleApplication@1d47070a
reloadAllAccessors: .Derivative1

===========================================================================================
----------------- testing Thu Mar 19 07:13:02 UTC 2020 /home/travis/build/icyphy/ptII/ptolemy/domains/continuous/test/auto/DiscreteClock.xml
----------------- Instantiating /home/travis/build/icyphy/ptII/ptolemy/domains/continuous/test/auto/DiscreteClock.xml
3 ms. Memory: 270336K Free: 204978K (76%)
----------------- Invoking toplevel() on ptolemy.moml.MoMLSimpleApplication@aaeff7
----------------- Done invoking toplevel() on ptolemy.moml.MoMLSimpleApplication@aaeff7
reloadAllAccessors: .DiscreteClock

===========================================================================================
----------------- testing Thu Mar 19 07:13:02 UTC 2020 /home/travis/build/icyphy/ptII/ptolemy/domains/continuous/test/auto/EfficiencyCurve.xml
----------------- Instantiating /home/travis/build/icyphy/ptII/ptolemy/domains/continuous/test/auto/EfficiencyCurve.xml
52 ms. Memory: 270336K Free: 196276K (73%)
----------------- Invoking toplevel() on ptolemy.moml.MoMLSimpleApplication@620f72c4
----------------- Done invoking toplevel() on ptolemy.moml.MoMLSimpleApplication@620f72c4
reloadAllAccessors: .EfficiencyCurve

===========================================================================================
----------------- testing Thu Mar 19 07:13:02 UTC 2020 /home/travis/build/icyphy/ptII/ptolemy/domains/continuous/test/auto/ExponentialResponse.xml
----------------- Instantiating /home/travis/build/icyphy/ptII/ptolemy/domains/continuous/test/auto/ExponentialResponse.xml
80 ms. Memory: 270336K Free: 180916K (67%)
----------------- Invoking toplevel() on ptolemy.moml.MoMLSimpleApplication@af5c07
----------------- Done invoking toplevel() on ptolemy.moml.MoMLSimpleApplication@af5c07
reloadAllAccessors: .ExponentialResponse

===========================================================================================
----------------- testing Thu Mar 19 07:13:02 UTC 2020 /home/travis/build/icyphy/ptII/ptolemy/domains/continuous/test/auto/ExponentialResponseRK45.xml
----------------- Instantiating /home/travis/build/icyphy/ptII/ptolemy/domains/continuous/test/auto/ExponentialResponseRK45.xml
19 ms. Memory: 270336K Free: 174258K (64%)
----------------- Invoking toplevel() on ptolemy.moml.MoMLSimpleApplication@40fee473
----------------- Done invoking toplevel() on ptolemy.moml.MoMLSimpleApplication@40fee473
reloadAllAccessors: .ExponentialResponseRK45

===========================================================================================
----------------- testing Thu Mar 19 07:13:03 UTC 2020 /home/travis/build/icyphy/ptII/ptolemy/domains/continuous/test/auto/Friction.xml
----------------- Instantiating /home/travis/build/icyphy/ptII/ptolemy/domains/continuous/test/auto/Friction.xml
1447 ms. Memory: 270336K Free: 230082K (85%)
----------------- Invoking toplevel() on ptolemy.moml.MoMLSimpleApplication@2bcb76c6
----------------- Done invoking toplevel() on ptolemy.moml.MoMLSimpleApplication@2bcb76c6
reloadAllAccessors: .Friction

===========================================================================================
----------------- testing Thu Mar 19 07:13:04 UTC 2020 /home/travis/build/icyphy/ptII/ptolemy/domains/continuous/test/auto/FurutaPendulum.xml
----------------- Instantiating /home/travis/build/icyphy/ptII/ptolemy/domains/continuous/test/auto/FurutaPendulum.xml
2750 ms. Memory: 270336K Free: 211740K (78%)
----------------- Invoking toplevel() on ptolemy.moml.MoMLSimpleApplication@63fd894e
----------------- Done invoking toplevel() on ptolemy.moml.MoMLSimpleApplication@63fd894e
reloadAllAccessors: .FurutaPendulum

===========================================================================================
----------------- testing Thu Mar 19 07:13:07 UTC 2020 /home/travis/build/icyphy/ptII/ptolemy/domains/continuous/test/auto/HierarchicalExecution.xml
----------------- Instantiating /home/travis/build/icyphy/ptII/ptolemy/domains/continuous/test/auto/HierarchicalExecution.xml
1525 ms. Memory: 270336K Free: 94984K (35%)
----------------- Invoking toplevel() on ptolemy.moml.MoMLSimpleApplication@23bb4110
----------------- Done invoking toplevel() on ptolemy.moml.MoMLSimpleApplication@23bb4110
reloadAllAccessors: .HierarchicalExecution

===========================================================================================
----------------- testing Thu Mar 19 07:13:09 UTC 2020 /home/travis/build/icyphy/ptII/ptolemy/domains/continuous/test/auto/HybridPlant.xml
----------------- Instantiating /home/travis/build/icyphy/ptII/ptolemy/domains/continuous/test/auto/HybridPlant.xml
532 ms. Memory: 324608K Free: 240007K (74%)
----------------- Invoking toplevel() on ptolemy.moml.MoMLSimpleApplication@51d3b79e
----------------- Done invoking toplevel() on ptolemy.moml.MoMLSimpleApplication@51d3b79e
reloadAllAccessors: .HybridPlant

===========================================================================================
----------------- testing Thu Mar 19 07:13:09 UTC 2020 /home/travis/build/icyphy/ptII/ptolemy/domains/continuous/test/auto/Hysteresis.xml
----------------- Instantiating /home/travis/build/icyphy/ptII/ptolemy/domains/continuous/test/auto/Hysteresis.xml
159 ms. Memory: 324608K Free: 177558K (55%)
----------------- Invoking toplevel() on ptolemy.moml.MoMLSimpleApplication@3097d866
----------------- Done invoking toplevel() on ptolemy.moml.MoMLSimpleApplication@3097d866
reloadAllAccessors: .Hysteresis

===========================================================================================
----------------- testing Thu Mar 19 07:13:10 UTC 2020 /home/travis/build/icyphy/ptII/ptolemy/domains/continuous/test/auto/HysteresisWithRandomDelay.xml
----------------- Instantiating /home/travis/build/icyphy/ptII/ptolemy/domains/continuous/test/auto/HysteresisWithRandomDelay.xml
188 ms. Memory: 324608K Free: 299498K (92%)
----------------- Invoking toplevel() on ptolemy.moml.MoMLSimpleApplication@14f4e7af
----------------- Done invoking toplevel() on ptolemy.moml.MoMLSimpleApplication@14f4e7af
reloadAllAccessors: .HysteresisWithRandomDelay

===========================================================================================
----------------- testing Thu Mar 19 07:13:10 UTC 2020 /home/travis/build/icyphy/ptII/ptolemy/domains/continuous/test/auto/HysteresisWithRandomLosses.xml
----------------- Instantiating /home/travis/build/icyphy/ptII/ptolemy/domains/continuous/test/auto/HysteresisWithRandomLosses.xml
2110 ms. Memory: 324608K Free: 140900K (43%)
----------------- Invoking toplevel() on ptolemy.moml.MoMLSimpleApplication@1e2be88a
----------------- Done invoking toplevel() on ptolemy.moml.MoMLSimpleApplication@1e2be88a
reloadAllAccessors: .HysteresisWithRandomLosses

===========================================================================================
----------------- testing Thu Mar 19 07:13:12 UTC 2020 /home/travis/build/icyphy/ptII/ptolemy/domains/continuous/test/auto/ImmediateTransitions.xml
----------------- Instantiating /home/travis/build/icyphy/ptII/ptolemy/domains/continuous/test/auto/ImmediateTransitions.xml
8 ms. Memory: 324608K Free: 130132K (40%)
----------------- Invoking toplevel() on ptolemy.moml.MoMLSimpleApplication@193cfcaa
----------------- Done invoking toplevel() on ptolemy.moml.MoMLSimpleApplication@193cfcaa
reloadAllAccessors: .ImmediateTransitions

===========================================================================================
----------------- testing Thu Mar 19 07:13:12 UTC 2020 /home/travis/build/icyphy/ptII/ptolemy/domains/continuous/test/auto/ImpulseFeedback.xml
----------------- Instantiating /home/travis/build/icyphy/ptII/ptolemy/domains/continuous/test/auto/ImpulseFeedback.xml
7 ms. Memory: 324608K Free: 124002K (38%)
----------------- Invoking toplevel() on ptolemy.moml.MoMLSimpleApplication@5f52ec34
----------------- Done invoking toplevel() on ptolemy.moml.MoMLSimpleApplication@5f52ec34
reloadAllAccessors: .ImpulseFeedback

===========================================================================================
----------------- testing Thu Mar 19 07:13:12 UTC 2020 /home/travis/build/icyphy/ptII/ptolemy/domains/continuous/test/auto/ImpulseFeedback2.xml
----------------- Instantiating /home/travis/build/icyphy/ptII/ptolemy/domains/continuous/test/auto/ImpulseFeedback2.xml
5 ms. Memory: 324608K Free: 118372K (36%)
----------------- Invoking toplevel() on ptolemy.moml.MoMLSimpleApplication@64e60c65
----------------- Done invoking toplevel() on ptolemy.moml.MoMLSimpleApplication@64e60c65
reloadAllAccessors: .ImpulseFeedback2

===========================================================================================
----------------- testing Thu Mar 19 07:13:12 UTC 2020 /home/travis/build/icyphy/ptII/ptolemy/domains/continuous/test/auto/IncreasingRatePoisson.xml
----------------- Instantiating /home/travis/build/icyphy/ptII/ptolemy/domains/continuous/test/auto/IncreasingRatePoisson.xml
594 ms. Memory: 324608K Free: 230639K (71%)
----------------- Invoking toplevel() on ptolemy.moml.MoMLSimpleApplication@535356aa
----------------- Done invoking toplevel() on ptolemy.moml.MoMLSimpleApplication@535356aa
reloadAllAccessors: .IncreasingRatePoisson

===========================================================================================
----------------- testing Thu Mar 19 07:13:13 UTC 2020 /home/travis/build/icyphy/ptII/ptolemy/domains/continuous/test/auto/InitialStateFeedback.xml
----------------- Instantiating /home/travis/build/icyphy/ptII/ptolemy/domains/continuous/test/auto/InitialStateFeedback.xml
3 ms. Memory: 324608K Free: 226029K (70%)
----------------- Invoking toplevel() on ptolemy.moml.MoMLSimpleApplication@4296d9d3
----------------- Done invoking toplevel() on ptolemy.moml.MoMLSimpleApplication@4296d9d3
reloadAllAccessors: .InitialStateFeedback

===========================================================================================
----------------- testing Thu Mar 19 07:13:13 UTC 2020 /home/travis/build/icyphy/ptII/ptolemy/domains/continuous/test/auto/Integration.xml
----------------- Instantiating /home/travis/build/icyphy/ptII/ptolemy/domains/continuous/test/auto/Integration.xml
3 ms. Memory: 324608K Free: 221933K (68%)
----------------- Invoking toplevel() on ptolemy.moml.MoMLSimpleApplication@eb00db0
----------------- Done invoking toplevel() on ptolemy.moml.MoMLSimpleApplication@eb00db0
reloadAllAccessors: .Integration

===========================================================================================
----------------- testing Thu Mar 19 07:13:13 UTC 2020 /home/travis/build/icyphy/ptII/ptolemy/domains/continuous/test/auto/Integration2.xml
----------------- Instantiating /home/travis/build/icyphy/ptII/ptolemy/domains/continuous/test/auto/Integration2.xml
65 ms. Memory: 324608K Free: 208111K (64%)
----------------- Invoking toplevel() on ptolemy.moml.MoMLSimpleApplication@744924b1
----------------- Done invoking toplevel() on ptolemy.moml.MoMLSimpleApplication@744924b1
reloadAllAccessors: .Integration2

===========================================================================================
----------------- testing Thu Mar 19 07:13:13 UTC 2020 /home/travis/build/icyphy/ptII/ptolemy/domains/continuous/test/auto/Integration3.xml
----------------- Instantiating /home/travis/build/icyphy/ptII/ptolemy/domains/continuous/test/auto/Integration3.xml
1 ms. Memory: 324608K Free: 203501K (63%)
----------------- Invoking toplevel() on ptolemy.moml.MoMLSimpleApplication@378a5e1c
----------------- Done invoking toplevel() on ptolemy.moml.MoMLSimpleApplication@378a5e1c
reloadAllAccessors: .Integration3

===========================================================================================
----------------- testing Thu Mar 19 07:13:13 UTC 2020 /home/travis/build/icyphy/ptII/ptolemy/domains/continuous/test/auto/Integration5.xml
----------------- Instantiating /home/travis/build/icyphy/ptII/ptolemy/domains/continuous/test/auto/Integration5.xml
1 ms. Memory: 324608K Free: 199405K (61%)
----------------- Invoking toplevel() on ptolemy.moml.MoMLSimpleApplication@6df117ab
----------------- Done invoking toplevel() on ptolemy.moml.MoMLSimpleApplication@6df117ab
reloadAllAccessors: .Integration5

===========================================================================================
----------------- testing Thu Mar 19 07:13:13 UTC 2020 /home/travis/build/icyphy/ptII/ptolemy/domains/continuous/test/auto/IntegratorImpulse.xml
----------------- Instantiating /home/travis/build/icyphy/ptII/ptolemy/domains/continuous/test/auto/IntegratorImpulse.xml
2 ms. Memory: 324608K Free: 195295K (60%)
----------------- Invoking toplevel() on ptolemy.moml.MoMLSimpleApplication@3b37bfda
----------------- Done invoking toplevel() on ptolemy.moml.MoMLSimpleApplication@3b37bfda
reloadAllAccessors: .IntegratorImpulse

===========================================================================================
----------------- testing Thu Mar 19 07:13:13 UTC 2020 /home/travis/build/icyphy/ptII/ptolemy/domains/continuous/test/auto/IntegratorImpulse2.xml
----------------- Instantiating /home/travis/build/icyphy/ptII/ptolemy/domains/continuous/test/auto/IntegratorImpulse2.xml
3 ms. Memory: 324608K Free: 190703K (59%)
----------------- Invoking toplevel() on ptolemy.moml.MoMLSimpleApplication@73642d56
----------------- Done invoking toplevel() on ptolemy.moml.MoMLSimpleApplication@73642d56
reloadAllAccessors: .IntegratorImpulse2

===========================================================================================
----------------- testing Thu Mar 19 07:13:13 UTC 2020 /home/travis/build/icyphy/ptII/ptolemy/domains/continuous/test/auto/LevelCrossing1.xml
----------------- Instantiating /home/travis/build/icyphy/ptII/ptolemy/domains/continuous/test/auto/LevelCrossing1.xml
2 ms. Memory: 324608K Free: 185583K (57%)
----------------- Invoking toplevel() on ptolemy.moml.MoMLSimpleApplication@5f0d56ff
----------------- Done invoking toplevel() on ptolemy.moml.MoMLSimpleApplication@5f0d56ff
reloadAllAccessors: .LevelCrossing1

===========================================================================================
----------------- testing Thu Mar 19 07:13:13 UTC 2020 /home/travis/build/icyphy/ptII/ptolemy/domains/continuous/test/auto/LevelCrossing2.xml
----------------- Instantiating /home/travis/build/icyphy/ptII/ptolemy/domains/continuous/test/auto/LevelCrossing2.xml
3 ms. Memory: 324608K Free: 180463K (56%)
----------------- Invoking toplevel() on ptolemy.moml.MoMLSimpleApplication@2b594a6a
----------------- Done invoking toplevel() on ptolemy.moml.MoMLSimpleApplication@2b594a6a
reloadAllAccessors: .LevelCrossing2

===========================================================================================
----------------- testing Thu Mar 19 07:13:13 UTC 2020 /home/travis/build/icyphy/ptII/ptolemy/domains/continuous/test/auto/LevelCrossing3.xml
----------------- Instantiating /home/travis/build/icyphy/ptII/ptolemy/domains/continuous/test/auto/LevelCrossing3.xml
2 ms. Memory: 324608K Free: 175343K (54%)
----------------- Invoking toplevel() on ptolemy.moml.MoMLSimpleApplication@5d27beb8
----------------- Done invoking toplevel() on ptolemy.moml.MoMLSimpleApplication@5d27beb8
reloadAllAccessors: .LevelCrossing3

===========================================================================================
----------------- testing Thu Mar 19 07:13:13 UTC 2020 /home/travis/build/icyphy/ptII/ptolemy/domains/continuous/test/auto/LevelCrossing4.xml
----------------- Instantiating /home/travis/build/icyphy/ptII/ptolemy/domains/continuous/test/auto/LevelCrossing4.xml
2 ms. Memory: 324608K Free: 170223K (52%)
----------------- Invoking toplevel() on ptolemy.moml.MoMLSimpleApplication@1268ff2c
----------------- Done invoking toplevel() on ptolemy.moml.MoMLSimpleApplication@1268ff2c
reloadAllAccessors: .LevelCrossing4

===========================================================================================
----------------- testing Thu Mar 19 07:13:13 UTC 2020 /home/travis/build/icyphy/ptII/ptolemy/domains/continuous/test/auto/LevelCrossing5.xml
----------------- Instantiating /home/travis/build/icyphy/ptII/ptolemy/domains/continuous/test/auto/LevelCrossing5.xml
3 ms. Memory: 324608K Free: 165103K (51%)
----------------- Invoking toplevel() on ptolemy.moml.MoMLSimpleApplication@45337af5
----------------- Done invoking toplevel() on ptolemy.moml.MoMLSimpleApplication@45337af5
reloadAllAccessors: .LevelCrossing5

===========================================================================================
[...]
----------------- Done invoking toplevel() on ptolemy.moml.MoMLSimpleApplication@3b4c9992
reloadAllAccessors: .ResetTransitionWithStartTime6

===========================================================================================
----------------- testing Thu Mar 19 07:13:28 UTC 2020 /home/travis/build/icyphy/ptII/ptolemy/domains/continuous/test/auto/SRinContinuous.xml
----------------- Instantiating /home/travis/build/icyphy/ptII/ptolemy/domains/continuous/test/auto/SRinContinuous.xml
3 ms. Memory: 324608K Free: 282477K (87%)
----------------- Invoking toplevel() on ptolemy.moml.MoMLSimpleApplication@507cc442
----------------- Done invoking toplevel() on ptolemy.moml.MoMLSimpleApplication@507cc442
reloadAllAccessors: .SRinContinuous

===========================================================================================
----------------- testing Thu Mar 19 07:13:28 UTC 2020 /home/travis/build/icyphy/ptII/ptolemy/domains/continuous/test/auto/SampledClocks.xml
----------------- Instantiating /home/travis/build/icyphy/ptII/ptolemy/domains/continuous/test/auto/SampledClocks.xml
6 ms. Memory: 324608K Free: 270189K (83%)
----------------- Invoking toplevel() on ptolemy.moml.MoMLSimpleApplication@6560fb
----------------- Done invoking toplevel() on ptolemy.moml.MoMLSimpleApplication@6560fb
reloadAllAccessors: .SampledClocks

===========================================================================================
----------------- testing Thu Mar 19 07:13:28 UTC 2020 /home/travis/build/icyphy/ptII/ptolemy/domains/continuous/test/auto/Satellite.xml
----------------- Instantiating /home/travis/build/icyphy/ptII/ptolemy/domains/continuous/test/auto/Satellite.xml
584 ms. Memory: 324608K Free: 269954K (83%)
----------------- Invoking toplevel() on ptolemy.moml.MoMLSimpleApplication@d97389a
----------------- Done invoking toplevel() on ptolemy.moml.MoMLSimpleApplication@d97389a
reloadAllAccessors: .Satellite

===========================================================================================
----------------- testing Thu Mar 19 07:13:28 UTC 2020 /home/travis/build/icyphy/ptII/ptolemy/domains/continuous/test/auto/SigmaDelta.xml
----------------- Instantiating /home/travis/build/icyphy/ptII/ptolemy/domains/continuous/test/auto/SigmaDelta.xml
1804 ms. Memory: 324608K Free: 201470K (62%)
----------------- Invoking toplevel() on ptolemy.moml.MoMLSimpleApplication@2ff3a17a
----------------- Done invoking toplevel() on ptolemy.moml.MoMLSimpleApplication@2ff3a17a
reloadAllAccessors: .SigmaDelta

===========================================================================================
----------------- testing Thu Mar 19 07:13:30 UTC 2020 /home/travis/build/icyphy/ptII/ptolemy/domains/continuous/test/auto/SingleRefinement.xml
----------------- Instantiating /home/travis/build/icyphy/ptII/ptolemy/domains/continuous/test/auto/SingleRefinement.xml
297 ms. Memory: 324608K Free: 213244K (66%)
----------------- Invoking toplevel() on ptolemy.moml.MoMLSimpleApplication@53355377
----------------- Done invoking toplevel() on ptolemy.moml.MoMLSimpleApplication@53355377
reloadAllAccessors: .SingleRefinement

===========================================================================================
----------------- testing Thu Mar 19 07:13:30 UTC 2020 /home/travis/build/icyphy/ptII/ptolemy/domains/continuous/test/auto/SinuBouncingBall.xml
----------------- Instantiating /home/travis/build/icyphy/ptII/ptolemy/domains/continuous/test/auto/SinuBouncingBall.xml
750 ms. Memory: 324608K Free: 191324K (59%)
----------------- Invoking toplevel() on ptolemy.moml.MoMLSimpleApplication@332c149b
----------------- Done invoking toplevel() on ptolemy.moml.MoMLSimpleApplication@332c149b
reloadAllAccessors: .SinuBouncingBall

===========================================================================================
----------------- testing Thu Mar 19 07:13:31 UTC 2020 /home/travis/build/icyphy/ptII/ptolemy/domains/continuous/test/auto/Sinusoid.xml
----------------- Instantiating /home/travis/build/icyphy/ptII/ptolemy/domains/continuous/test/auto/Sinusoid.xml
4 ms. Memory: 324608K Free: 186732K (58%)
----------------- Invoking toplevel() on ptolemy.moml.MoMLSimpleApplication@bb4b089
----------------- Done invoking toplevel() on ptolemy.moml.MoMLSimpleApplication@bb4b089
reloadAllAccessors: .Sinusoid

===========================================================================================
----------------- testing Thu Mar 19 07:13:31 UTC 2020 /home/travis/build/icyphy/ptII/ptolemy/domains/continuous/test/auto/SinusoidInNoise.xml
----------------- Instantiating /home/travis/build/icyphy/ptII/ptolemy/domains/continuous/test/auto/SinusoidInNoise.xml
707 ms. Memory: 324608K Free: 243798K (75%)
----------------- Invoking toplevel() on ptolemy.moml.MoMLSimpleApplication@7d1d6487
----------------- Done invoking toplevel() on ptolemy.moml.MoMLSimpleApplication@7d1d6487
reloadAllAccessors: .SinusoidInNoise

===========================================================================================
----------------- testing Thu Mar 19 07:13:32 UTC 2020 /home/travis/build/icyphy/ptII/ptolemy/domains/continuous/test/auto/SinusoidRK45.xml
----------------- Instantiating /home/travis/build/icyphy/ptII/ptolemy/domains/continuous/test/auto/SinusoidRK45.xml
2 ms. Memory: 324608K Free: 239174K (74%)
----------------- Invoking toplevel() on ptolemy.moml.MoMLSimpleApplication@7e3dfe70
----------------- Done invoking toplevel() on ptolemy.moml.MoMLSimpleApplication@7e3dfe70
reloadAllAccessors: .SinusoidRK45

===========================================================================================
----------------- testing Thu Mar 19 07:13:32 UTC 2020 /home/travis/build/icyphy/ptII/ptolemy/domains/continuous/test/auto/SinusoidWithMultipleImpulses.xml
----------------- Instantiating /home/travis/build/icyphy/ptII/ptolemy/domains/continuous/test/auto/SinusoidWithMultipleImpulses.xml
2 ms. Memory: 324608K Free: 234582K (72%)
----------------- Invoking toplevel() on ptolemy.moml.MoMLSimpleApplication@7bea783a
----------------- Done invoking toplevel() on ptolemy.moml.MoMLSimpleApplication@7bea783a
reloadAllAccessors: .SinusoidWithMultipleImpulses

===========================================================================================
----------------- testing Thu Mar 19 07:13:32 UTC 2020 /home/travis/build/icyphy/ptII/ptolemy/domains/continuous/test/auto/SquareWave.xml
----------------- Instantiating /home/travis/build/icyphy/ptII/ptolemy/domains/continuous/test/auto/SquareWave.xml
132 ms. Memory: 324608K Free: 206934K (64%)
----------------- Invoking toplevel() on ptolemy.moml.MoMLSimpleApplication@11011a79
----------------- Done invoking toplevel() on ptolemy.moml.MoMLSimpleApplication@11011a79
reloadAllAccessors: .SquareWave

===========================================================================================
----------------- testing Thu Mar 19 07:13:32 UTC 2020 /home/travis/build/icyphy/ptII/ptolemy/domains/continuous/test/auto/Starmac.xml
----------------- Instantiating /home/travis/build/icyphy/ptII/ptolemy/domains/continuous/test/auto/Starmac.xml
3062 ms. Memory: 324608K Free: 279272K (86%)
----------------- Invoking toplevel() on ptolemy.moml.MoMLSimpleApplication@692a7af
----------------- Done invoking toplevel() on ptolemy.moml.MoMLSimpleApplication@692a7af
reloadAllAccessors: .Starmac

===========================================================================================
----------------- testing Thu Mar 19 07:13:36 UTC 2020 /home/travis/build/icyphy/ptII/ptolemy/domains/continuous/test/auto/StaticUnits.xml
----------------- Instantiating /home/travis/build/icyphy/ptII/ptolemy/domains/continuous/test/auto/StaticUnits.xml
1956 ms. Memory: 324608K Free: 196811K (61%)
----------------- Invoking toplevel() on ptolemy.moml.MoMLSimpleApplication@345ffe51
----------------- Done invoking toplevel() on ptolemy.moml.MoMLSimpleApplication@345ffe51
reloadAllAccessors: .StaticUnits

===========================================================================================
----------------- testing Thu Mar 19 07:13:38 UTC 2020 /home/travis/build/icyphy/ptII/ptolemy/domains/continuous/test/auto/StickyMasses.xml
----------------- Instantiating /home/travis/build/icyphy/ptII/ptolemy/domains/continuous/test/auto/StickyMasses.xml
125 ms. Memory: 324608K Free: 147149K (45%)
----------------- Invoking toplevel() on ptolemy.moml.MoMLSimpleApplication@b699a8d
----------------- Done invoking toplevel() on ptolemy.moml.MoMLSimpleApplication@b699a8d
reloadAllAccessors: .StickyMasses

===========================================================================================
----------------- testing Thu Mar 19 07:13:38 UTC 2020 /home/travis/build/icyphy/ptII/ptolemy/domains/continuous/test/auto/StopTime.xml
----------------- Instantiating /home/travis/build/icyphy/ptII/ptolemy/domains/continuous/test/auto/StopTime.xml
37 ms. Memory: 324608K Free: 122573K (38%)
----------------- Invoking toplevel() on ptolemy.moml.MoMLSimpleApplication@6f94b709
----------------- Done invoking toplevel() on ptolemy.moml.MoMLSimpleApplication@6f94b709
reloadAllAccessors: .StopTime

===========================================================================================
----------------- testing Thu Mar 19 07:13:38 UTC 2020 /home/travis/build/icyphy/ptII/ptolemy/domains/continuous/test/auto/StopTime2.xml
----------------- Instantiating /home/travis/build/icyphy/ptII/ptolemy/domains/continuous/test/auto/StopTime2.xml
45 ms. Memory: 324608K Free: 289918K (89%)
----------------- Invoking toplevel() on ptolemy.moml.MoMLSimpleApplication@4957d83d
----------------- Done invoking toplevel() on ptolemy.moml.MoMLSimpleApplication@4957d83d
reloadAllAccessors: .StopTime2

===========================================================================================
----------------- testing Thu Mar 19 07:13:39 UTC 2020 /home/travis/build/icyphy/ptII/ptolemy/domains/continuous/test/auto/Switch.xml
----------------- Instantiating /home/travis/build/icyphy/ptII/ptolemy/domains/continuous/test/auto/Switch.xml
39 ms. Memory: 324608K Free: 264846K (82%)
----------------- Invoking toplevel() on ptolemy.moml.MoMLSimpleApplication@6b298af
----------------- Done invoking toplevel() on ptolemy.moml.MoMLSimpleApplication@6b298af
reloadAllAccessors: .Switch

===========================================================================================
----------------- testing Thu Mar 19 07:13:39 UTC 2020 /home/travis/build/icyphy/ptII/ptolemy/domains/continuous/test/auto/Thermostat.xml
----------------- Instantiating /home/travis/build/icyphy/ptII/ptolemy/domains/continuous/test/auto/Thermostat.xml
163 ms. Memory: 324608K Free: 192622K (59%)
----------------- Invoking toplevel() on ptolemy.moml.MoMLSimpleApplication@22370ae3
----------------- Done invoking toplevel() on ptolemy.moml.MoMLSimpleApplication@22370ae3
reloadAllAccessors: .Thermostat

===========================================================================================
----------------- testing Thu Mar 19 07:13:39 UTC 2020 /home/travis/build/icyphy/ptII/ptolemy/domains/continuous/test/auto/TimeDelay.xml
----------------- Instantiating /home/travis/build/icyphy/ptII/ptolemy/domains/continuous/test/auto/TimeDelay.xml
4 ms. Memory: 324608K Free: 188046K (58%)
----------------- Invoking toplevel() on ptolemy.moml.MoMLSimpleApplication@cee862b
----------------- Done invoking toplevel() on ptolemy.moml.MoMLSimpleApplication@cee862b
reloadAllAccessors: .TimeDelay

===========================================================================================
----------------- testing Thu Mar 19 07:13:39 UTC 2020 /home/travis/build/icyphy/ptII/ptolemy/domains/continuous/test/auto/TimeDelay2.xml
----------------- Instantiating /home/travis/build/icyphy/ptII/ptolemy/domains/continuous/test/auto/TimeDelay2.xml
6 ms. Memory: 324608K Free: 178316K (55%)
----------------- Invoking toplevel() on ptolemy.moml.MoMLSimpleApplication@36b68b3f
----------------- Done invoking toplevel() on ptolemy.moml.MoMLSimpleApplication@36b68b3f
reloadAllAccessors: .TimeDelay2

===========================================================================================
----------------- testing Thu Mar 19 07:13:39 UTC 2020 /home/travis/build/icyphy/ptII/ptolemy/domains/continuous/test/auto/TimeDelay3.xml
----------------- Instantiating /home/travis/build/icyphy/ptII/ptolemy/domains/continuous/test/auto/TimeDelay3.xml
2 ms. Memory: 324608K Free: 173710K (54%)
----------------- Invoking toplevel() on ptolemy.moml.MoMLSimpleApplication@69b189ff
----------------- Done invoking toplevel() on ptolemy.moml.MoMLSimpleApplication@69b189ff
reloadAllAccessors: .TimeDelay3

===========================================================================================
----------------- testing Thu Mar 19 07:13:39 UTC 2020 /home/travis/build/icyphy/ptII/ptolemy/domains/continuous/test/auto/TransferAbsentToInside.xml
----------------- Instantiating /home/travis/build/icyphy/ptII/ptolemy/domains/continuous/test/auto/TransferAbsentToInside.xml
25 ms. Memory: 324608K Free: 120958K (37%)
----------------- Invoking toplevel() on ptolemy.moml.MoMLSimpleApplication@7efe3614
----------------- Done invoking toplevel() on ptolemy.moml.MoMLSimpleApplication@7efe3614
reloadAllAccessors: .TransferAbsentToInside

===========================================================================================
----------------- testing Thu Mar 19 07:13:39 UTC 2020 /home/travis/build/icyphy/ptII/ptolemy/domains/continuous/test/auto/Transmission.xml
----------------- Instantiating /home/travis/build/icyphy/ptII/ptolemy/domains/continuous/test/auto/Transmission.xml
687 ms. Memory: 324608K Free: 267883K (83%)
----------------- Invoking toplevel() on ptolemy.moml.MoMLSimpleApplication@38fae86f
----------------- Done invoking toplevel() on ptolemy.moml.MoMLSimpleApplication@38fae86f
reloadAllAccessors: .Transmission

===========================================================================================
----------------- testing Thu Mar 19 07:13:40 UTC 2020 /home/travis/build/icyphy/ptII/ptolemy/domains/continuous/test/auto/TriggeredContinuousClock.xml
----------------- Instantiating /home/travis/build/icyphy/ptII/ptolemy/domains/continuous/test/auto/TriggeredContinuousClock.xml
32 ms. Memory: 324608K Free: 238715K (74%)
----------------- Invoking toplevel() on ptolemy.moml.MoMLSimpleApplication@1314637f
----------------- Done invoking toplevel() on ptolemy.moml.MoMLSimpleApplication@1314637f
reloadAllAccessors: .TriggeredContinuousClock

===========================================================================================
----------------- testing Thu Mar 19 07:13:40 UTC 2020 /home/travis/build/icyphy/ptII/ptolemy/domains/continuous/test/auto/TwoMachineInfiniteBusControl.xml
----------------- Instantiating /home/travis/build/icyphy/ptII/ptolemy/domains/continuous/test/auto/TwoMachineInfiniteBusControl.xml
2103 ms. Memory: 324608K Free: 239706K (74%)
----------------- Invoking toplevel() on ptolemy.moml.MoMLSimpleApplication@86499ff
----------------- Done invoking toplevel() on ptolemy.moml.MoMLSimpleApplication@86499ff
reloadAllAccessors: .TwoMachineInfiniteBusControl

===========================================================================================
----------------- testing Thu Mar 19 07:13:42 UTC 2020 /home/travis/build/icyphy/ptII/ptolemy/domains/continuous/test/auto/V2V.xml
----------------- Instantiating /home/travis/build/icyphy/ptII/ptolemy/domains/continuous/test/auto/V2V.xml
674 ms. Memory: 324608K Free: 240199K (74%)
----------------- Invoking toplevel() on ptolemy.moml.MoMLSimpleApplication@17d75de9
----------------- Done invoking toplevel() on ptolemy.moml.MoMLSimpleApplication@17d75de9
reloadAllAccessors: .V2V

===========================================================================================
----------------- testing Thu Mar 19 07:13:43 UTC 2020 /home/travis/build/icyphy/ptII/ptolemy/domains/continuous/test/auto/hierarchicalModalModel.xml
----------------- Instantiating /home/travis/build/icyphy/ptII/ptolemy/domains/continuous/test/auto/hierarchicalModalModel.xml
7 ms. Memory: 324608K Free: 225863K (70%)
----------------- Invoking toplevel() on ptolemy.moml.MoMLSimpleApplication@6cd7b395
----------------- Done invoking toplevel() on ptolemy.moml.MoMLSimpleApplication@6cd7b395
reloadAllAccessors: .hierarchicalModalModel

===========================================================================================
----------------- testing Thu Mar 19 07:13:43 UTC 2020 /home/travis/build/icyphy/ptII/ptolemy/domains/continuous/test/auto/hierarchicalModalModel1.xml
----------------- Instantiating /home/travis/build/icyphy/ptII/ptolemy/domains/continuous/test/auto/hierarchicalModalModel1.xml
7 ms. Memory: 324608K Free: 211527K (65%)
----------------- Invoking toplevel() on ptolemy.moml.MoMLSimpleApplication@6b6381e6
----------------- Done invoking toplevel() on ptolemy.moml.MoMLSimpleApplication@6b6381e6
reloadAllAccessors: .hierarchicalModalModel1

===========================================================================================
----------------- testing Thu Mar 19 07:13:43 UTC 2020 /home/travis/build/icyphy/ptII/ptolemy/domains/continuous/test/auto/hierarchicalModalModel2.xml
----------------- Instantiating /home/travis/build/icyphy/ptII/ptolemy/domains/continuous/test/auto/hierarchicalModalModel2.xml
7 ms. Memory: 324608K Free: 199239K (61%)
----------------- Invoking toplevel() on ptolemy.moml.MoMLSimpleApplication@7c178387
----------------- Done invoking toplevel() on ptolemy.moml.MoMLSimpleApplication@7c178387
reloadAllAccessors: .hierarchicalModalModel2

===========================================================================================
----------------- testing Thu Mar 19 07:13:43 UTC 2020 /home/travis/build/icyphy/ptII/ptolemy/domains/continuous/test/auto/hierarchicalModalModel3.xml
----------------- Instantiating /home/travis/build/icyphy/ptII/ptolemy/domains/continuous/test/auto/hierarchicalModalModel3.xml
5 ms. Memory: 324608K Free: 188485K (58%)
----------------- Invoking toplevel() on ptolemy.moml.MoMLSimpleApplication@1e0644cc
----------------- Done invoking toplevel() on ptolemy.moml.MoMLSimpleApplication@1e0644cc
reloadAllAccessors: .hierarchicalModalModel3

===========================================================================================
----------------- testing Thu Mar 19 07:13:43 UTC 2020 /home/travis/build/icyphy/ptII/ptolemy/domains/continuous/test/auto/hierarchicalModalModel4.xml
----------------- Instantiating /home/travis/build/icyphy/ptII/ptolemy/domains/continuous/test/auto/hierarchicalModalModel4.xml
4 ms. Memory: 324608K Free: 176711K (54%)
----------------- Invoking toplevel() on ptolemy.moml.MoMLSimpleApplication@6a1217a1
----------------- Done invoking toplevel() on ptolemy.moml.MoMLSimpleApplication@6a1217a1
reloadAllAccessors: .hierarchicalModalModel4

===========================================================================================
----------------- testing Thu Mar 19 07:13:43 UTC 2020 /home/travis/build/icyphy/ptII/ptolemy/domains/continuous/test/auto/junk.xml
----------------- Instantiating /home/travis/build/icyphy/ptII/ptolemy/domains/continuous/test/auto/junk.xml
116 ms. Memory: 324608K Free: 151621K (47%)
----------------- Invoking toplevel() on ptolemy.moml.MoMLSimpleApplication@76e9ad14
----------------- Done invoking toplevel() on ptolemy.moml.MoMLSimpleApplication@76e9ad14
reloadAllAccessors: .junk
AutoTests.java: About to close Vertx.
AutoTests.java: Vertx closed.
]]></system-out>
  <system-err><![CDATA[Warning: '.IncreasingRatePoisson.NonStrictTest' The test produced only 345 tokens, yet the correctValues parameter was expecting 402 tokens.
Warning: '.Poisson.NonStrictTest' The test produced only 405 tokens, yet the correctValues parameter was expecting 430 tokens.
]]></system-err>
</testsuite>
