<?xml version="1.0" encoding="UTF-8" ?>
<testsuite errors="0" failures="0" hostname="travis-job-cdb9932e-3cca-4883-9057-227530586794" name="ptolemy.domains.continuous.test.junit.JUnitTclTest" skipped="0" tests="156" time="81.326" timestamp="2019-11-16T06:15:03">
  <properties>
[...]
</properties>
  <testcase classname="ptolemy.util.test.junit.TclTests" name="[0] ThereAreNoTclTests (RunTclFile)" time="0.01" />
  <testcase classname="ptolemy.util.test.junit.AutoKnownFailedTests" name="[0] ThereAreNoKnowFailedTests (RunModel)" time="0.006" />
  <testcase classname="ptolemy.util.test.junit.AutoNameArchTests" name="[0] ThereAreNoAutoArchTests (RunModel)" time="0.029" />
  <testcase classname="ptolemy.util.test.junit.AutoTests" name="[0] /home/travis/build/icyphy/ptII/ptolemy/domains/continuous/test/auto/BouncingBall.xml (RunModel)" time="3.448" />
  <testcase classname="ptolemy.util.test.junit.AutoTests" name="[1] /home/travis/build/icyphy/ptII/ptolemy/domains/continuous/test/auto/BouncingBallWithoutGR.xml (RunModel)" time="0.955" />
  <testcase classname="ptolemy.util.test.junit.AutoTests" name="[2] /home/travis/build/icyphy/ptII/ptolemy/domains/continuous/test/auto/Brownian.xml (RunModel)" time="0.145" />
  <testcase classname="ptolemy.util.test.junit.AutoTests" name="[3] /home/travis/build/icyphy/ptII/ptolemy/domains/continuous/test/auto/CarTracking.xml (RunModel)" time="4.195" />
  <testcase classname="ptolemy.util.test.junit.AutoTests" name="[4] /home/travis/build/icyphy/ptII/ptolemy/domains/continuous/test/auto/CartPendulum.xml (RunModel)" time="0.646" />
  <testcase classname="ptolemy.util.test.junit.AutoTests" name="[5] /home/travis/build/icyphy/ptII/ptolemy/domains/continuous/test/auto/CausalityInterface10.xml (RunModel)" time="0.072" />
  <testcase classname="ptolemy.util.test.junit.AutoTests" name="[6] /home/travis/build/icyphy/ptII/ptolemy/domains/continuous/test/auto/CausalityInterface11.xml (RunModel)" time="0.04" />
  <testcase classname="ptolemy.util.test.junit.AutoTests" name="[7] /home/travis/build/icyphy/ptII/ptolemy/domains/continuous/test/auto/CausalityInterface12.xml (RunModel)" time="0.029" />
  <testcase classname="ptolemy.util.test.junit.AutoTests" name="[8] /home/travis/build/icyphy/ptII/ptolemy/domains/continuous/test/auto/CausalityInterface13.xml (RunModel)" time="0.047" />
  <testcase classname="ptolemy.util.test.junit.AutoTests" name="[9] /home/travis/build/icyphy/ptII/ptolemy/domains/continuous/test/auto/CausalityInterface14.xml (RunModel)" time="0.03" />
  <testcase classname="ptolemy.util.test.junit.AutoTests" name="[10] /home/travis/build/icyphy/ptII/ptolemy/domains/continuous/test/auto/CausalityInterface4.xml (RunModel)" time="0.042" />
  <testcase classname="ptolemy.util.test.junit.AutoTests" name="[11] /home/travis/build/icyphy/ptII/ptolemy/domains/continuous/test/auto/CausalityInterface5.xml (RunModel)" time="0.036" />
  <testcase classname="ptolemy.util.test.junit.AutoTests" name="[12] /home/travis/build/icyphy/ptII/ptolemy/domains/continuous/test/auto/CausalityInterface6.xml (RunModel)" time="0.049" />
  <testcase classname="ptolemy.util.test.junit.AutoTests" name="[13] /home/travis/build/icyphy/ptII/ptolemy/domains/continuous/test/auto/CausalityInterface7.xml (RunModel)" time="0.1" />
  <testcase classname="ptolemy.util.test.junit.AutoTests" name="[14] /home/travis/build/icyphy/ptII/ptolemy/domains/continuous/test/auto/CausalityInterface8.xml (RunModel)" time="0.095" />
  <testcase classname="ptolemy.util.test.junit.AutoTests" name="[15] /home/travis/build/icyphy/ptII/ptolemy/domains/continuous/test/auto/CausalityInterface9.xml (RunModel)" time="0.044" />
  <testcase classname="ptolemy.util.test.junit.AutoTests" name="[16] /home/travis/build/icyphy/ptII/ptolemy/domains/continuous/test/auto/CausalityInterfaceFeedback1.xml (RunModel)" time="0.029" />
  <testcase classname="ptolemy.util.test.junit.AutoTests" name="[17] /home/travis/build/icyphy/ptII/ptolemy/domains/continuous/test/auto/CausalityInterfaceFeedback2.xml (RunModel)" time="0.027" />
  <testcase classname="ptolemy.util.test.junit.AutoTests" name="[18] /home/travis/build/icyphy/ptII/ptolemy/domains/continuous/test/auto/CompareWithCurrentTime.xml (RunModel)" time="0.028" />
  <testcase classname="ptolemy.util.test.junit.AutoTests" name="[19] /home/travis/build/icyphy/ptII/ptolemy/domains/continuous/test/auto/ComparedClocks.xml (RunModel)" time="0.11" />
  <testcase classname="ptolemy.util.test.junit.AutoTests" name="[20] /home/travis/build/icyphy/ptII/ptolemy/domains/continuous/test/auto/ContinuousAOCClone.xml (RunModel)" time="2.864" />
  <testcase classname="ptolemy.util.test.junit.AutoTests" name="[21] /home/travis/build/icyphy/ptII/ptolemy/domains/continuous/test/auto/ContinuousClock.xml (RunModel)" time="0.135" />
  <testcase classname="ptolemy.util.test.junit.AutoTests" name="[22] /home/travis/build/icyphy/ptII/ptolemy/domains/continuous/test/auto/ContinuousInContinuous.xml (RunModel)" time="0.112" />
  <testcase classname="ptolemy.util.test.junit.AutoTests" name="[23] /home/travis/build/icyphy/ptII/ptolemy/domains/continuous/test/auto/ContinuousInContinuousInContinuous.xml (RunModel)" time="0.03" />
  <testcase classname="ptolemy.util.test.junit.AutoTests" name="[24] /home/travis/build/icyphy/ptII/ptolemy/domains/continuous/test/auto/ContinuousInDE.xml (RunModel)" time="0.135" />
  <testcase classname="ptolemy.util.test.junit.AutoTests" name="[25] /home/travis/build/icyphy/ptII/ptolemy/domains/continuous/test/auto/ContinuousInDE2.xml (RunModel)" time="0.075" />
  <testcase classname="ptolemy.util.test.junit.AutoTests" name="[26] /home/travis/build/icyphy/ptII/ptolemy/domains/continuous/test/auto/ContinuousInDE3.xml (RunModel)" time="0.082" />
  <testcase classname="ptolemy.util.test.junit.AutoTests" name="[27] /home/travis/build/icyphy/ptII/ptolemy/domains/continuous/test/auto/ContinuousInDE4.xml (RunModel)" time="0.035" />
  <testcase classname="ptolemy.util.test.junit.AutoTests" name="[28] /home/travis/build/icyphy/ptII/ptolemy/domains/continuous/test/auto/ContinuousInDEDifferentRefinements.xml (RunModel)" time="0.097" />
  <testcase classname="ptolemy.util.test.junit.AutoTests" name="[29] /home/travis/build/icyphy/ptII/ptolemy/domains/continuous/test/auto/ContinuousInDEDifferentRefinementsPreemptive.xml (RunModel)" time="0.097" />
  <testcase classname="ptolemy.util.test.junit.AutoTests" name="[30] /home/travis/build/icyphy/ptII/ptolemy/domains/continuous/test/auto/ContinuousInDEInContinuous2.xml (RunModel)" time="0.069" />
  <testcase classname="ptolemy.util.test.junit.AutoTests" name="[31] /home/travis/build/icyphy/ptII/ptolemy/domains/continuous/test/auto/ContinuousInDEInContinuous3.xml (RunModel)" time="0.065" />
  <testcase classname="ptolemy.util.test.junit.AutoTests" name="[32] /home/travis/build/icyphy/ptII/ptolemy/domains/continuous/test/auto/ContinuousInDEInput.xml (RunModel)" time="0.039" />
  <testcase classname="ptolemy.util.test.junit.AutoTests" name="[33] /home/travis/build/icyphy/ptII/ptolemy/domains/continuous/test/auto/ContinuousInDEInput2.xml (RunModel)" time="0.042" />
  <testcase classname="ptolemy.util.test.junit.AutoTests" name="[34] /home/travis/build/icyphy/ptII/ptolemy/domains/continuous/test/auto/ContinuousInDEInput3.xml (RunModel)" time="0.045" />
  <testcase classname="ptolemy.util.test.junit.AutoTests" name="[35] /home/travis/build/icyphy/ptII/ptolemy/domains/continuous/test/auto/ContinuousInDESharingRefinement.xml (RunModel)" time="0.212" />
  <testcase classname="ptolemy.util.test.junit.AutoTests" name="[36] /home/travis/build/icyphy/ptII/ptolemy/domains/continuous/test/auto/ContinuousInDEwithNoPorts.xml (RunModel)" time="0.027" />
  <testcase classname="ptolemy.util.test.junit.AutoTests" name="[37] /home/travis/build/icyphy/ptII/ptolemy/domains/continuous/test/auto/ContinuousInsideDE.xml (RunModel)" time="0.097" />
  <testcase classname="ptolemy.util.test.junit.AutoTests" name="[38] /home/travis/build/icyphy/ptII/ptolemy/domains/continuous/test/auto/ContinuousMerge1.xml (RunModel)" time="0.02" />
  <testcase classname="ptolemy.util.test.junit.AutoTests" name="[39] /home/travis/build/icyphy/ptII/ptolemy/domains/continuous/test/auto/ContinuousMerge2.xml (RunModel)" time="0.05" />
  <testcase classname="ptolemy.util.test.junit.AutoTests" name="[40] /home/travis/build/icyphy/ptII/ptolemy/domains/continuous/test/auto/ContinuousMerge3.xml (RunModel)" time="0.073" />
  <testcase classname="ptolemy.util.test.junit.AutoTests" name="[41] /home/travis/build/icyphy/ptII/ptolemy/domains/continuous/test/auto/ContinuousWithinContinuous.xml (RunModel)" time="0.059" />
  <testcase classname="ptolemy.util.test.junit.AutoTests" name="[42] /home/travis/build/icyphy/ptII/ptolemy/domains/continuous/test/auto/ContinuousWithinContinuous2.xml (RunModel)" time="0.093" />
  <testcase classname="ptolemy.util.test.junit.AutoTests" name="[43] /home/travis/build/icyphy/ptII/ptolemy/domains/continuous/test/auto/ContinuousWithinContinuous3.xml (RunModel)" time="0.039" />
  <testcase classname="ptolemy.util.test.junit.AutoTests" name="[44] /home/travis/build/icyphy/ptII/ptolemy/domains/continuous/test/auto/ContinuousWithinContinuous4.xml (RunModel)" time="0.103" />
  <testcase classname="ptolemy.util.test.junit.AutoTests" name="[45] /home/travis/build/icyphy/ptII/ptolemy/domains/continuous/test/auto/ContinuousWithinContinuous5.xml (RunModel)" time="0.039" />
  <testcase classname="ptolemy.util.test.junit.AutoTests" name="[46] /home/travis/build/icyphy/ptII/ptolemy/domains/continuous/test/auto/ContinuousWithinContinuous6.xml (RunModel)" time="0.046" />
  <testcase classname="ptolemy.util.test.junit.AutoTests" name="[47] /home/travis/build/icyphy/ptII/ptolemy/domains/continuous/test/auto/ContinuousWithinContinuous7.xml (RunModel)" time="0.082" />
  <testcase classname="ptolemy.util.test.junit.AutoTests" name="[48] /home/travis/build/icyphy/ptII/ptolemy/domains/continuous/test/auto/DCMotor.xml (RunModel)" time="14.591" />
  <testcase classname="ptolemy.util.test.junit.AutoTests" name="[49] /home/travis/build/icyphy/ptII/ptolemy/domains/continuous/test/auto/DEInContinuous.xml (RunModel)" time="0.026" />
  <testcase classname="ptolemy.util.test.junit.AutoTests" name="[50] /home/travis/build/icyphy/ptII/ptolemy/domains/continuous/test/auto/DEinContinuous2.xml (RunModel)" time="0.034" />
  <testcase classname="ptolemy.util.test.junit.AutoTests" name="[51] /home/travis/build/icyphy/ptII/ptolemy/domains/continuous/test/auto/Derivative.xml (RunModel)" time="0.222" />
  <testcase classname="ptolemy.util.test.junit.AutoTests" name="[52] /home/travis/build/icyphy/ptII/ptolemy/domains/continuous/test/auto/Derivative1.xml (RunModel)" time="0.067" />
  <testcase classname="ptolemy.util.test.junit.AutoTests" name="[53] /home/travis/build/icyphy/ptII/ptolemy/domains/continuous/test/auto/DiscreteClock.xml (RunModel)" time="0.015" />
  <testcase classname="ptolemy.util.test.junit.AutoTests" name="[54] /home/travis/build/icyphy/ptII/ptolemy/domains/continuous/test/auto/EfficiencyCurve.xml (RunModel)" time="0.115" />
  <testcase classname="ptolemy.util.test.junit.AutoTests" name="[55] /home/travis/build/icyphy/ptII/ptolemy/domains/continuous/test/auto/ExponentialResponse.xml (RunModel)" time="0.128" />
  <testcase classname="ptolemy.util.test.junit.AutoTests" name="[56] /home/travis/build/icyphy/ptII/ptolemy/domains/continuous/test/auto/ExponentialResponseRK45.xml (RunModel)" time="0.038" />
  <testcase classname="ptolemy.util.test.junit.AutoTests" name="[57] /home/travis/build/icyphy/ptII/ptolemy/domains/continuous/test/auto/Friction.xml (RunModel)" time="1.783" />
  <testcase classname="ptolemy.util.test.junit.AutoTests" name="[58] /home/travis/build/icyphy/ptII/ptolemy/domains/continuous/test/auto/FurutaPendulum.xml (RunModel)" time="3.888" />
  <testcase classname="ptolemy.util.test.junit.AutoTests" name="[59] /home/travis/build/icyphy/ptII/ptolemy/domains/continuous/test/auto/HierarchicalExecution.xml (RunModel)" time="2.428" />
  <testcase classname="ptolemy.util.test.junit.AutoTests" name="[60] /home/travis/build/icyphy/ptII/ptolemy/domains/continuous/test/auto/HybridPlant.xml (RunModel)" time="0.645" />
  <testcase classname="ptolemy.util.test.junit.AutoTests" name="[61] /home/travis/build/icyphy/ptII/ptolemy/domains/continuous/test/auto/Hysteresis.xml (RunModel)" time="0.208" />
  <testcase classname="ptolemy.util.test.junit.AutoTests" name="[62] /home/travis/build/icyphy/ptII/ptolemy/domains/continuous/test/auto/HysteresisWithRandomDelay.xml (RunModel)" time="0.259" />
  <testcase classname="ptolemy.util.test.junit.AutoTests" name="[63] /home/travis/build/icyphy/ptII/ptolemy/domains/continuous/test/auto/HysteresisWithRandomLosses.xml (RunModel)" time="2.579" />
  <testcase classname="ptolemy.util.test.junit.AutoTests" name="[64] /home/travis/build/icyphy/ptII/ptolemy/domains/continuous/test/auto/ImmediateTransitions.xml (RunModel)" time="0.036" />
  <testcase classname="ptolemy.util.test.junit.AutoTests" name="[65] /home/travis/build/icyphy/ptII/ptolemy/domains/continuous/test/auto/ImpulseFeedback.xml (RunModel)" time="0.026" />
  <testcase classname="ptolemy.util.test.junit.AutoTests" name="[66] /home/travis/build/icyphy/ptII/ptolemy/domains/continuous/test/auto/ImpulseFeedback2.xml (RunModel)" time="0.021" />
  <testcase classname="ptolemy.util.test.junit.AutoTests" name="[67] /home/travis/build/icyphy/ptII/ptolemy/domains/continuous/test/auto/IncreasingRatePoisson.xml (RunModel)" time="0.789" />
  <testcase classname="ptolemy.util.test.junit.AutoTests" name="[68] /home/travis/build/icyphy/ptII/ptolemy/domains/continuous/test/auto/InitialStateFeedback.xml (RunModel)" time="0.024" />
  <testcase classname="ptolemy.util.test.junit.AutoTests" name="[69] /home/travis/build/icyphy/ptII/ptolemy/domains/continuous/test/auto/Integration.xml (RunModel)" time="0.029" />
  <testcase classname="ptolemy.util.test.junit.AutoTests" name="[70] /home/travis/build/icyphy/ptII/ptolemy/domains/continuous/test/auto/Integration2.xml (RunModel)" time="0.099" />
  <testcase classname="ptolemy.util.test.junit.AutoTests" name="[71] /home/travis/build/icyphy/ptII/ptolemy/domains/continuous/test/auto/Integration3.xml (RunModel)" time="0.021" />
  <testcase classname="ptolemy.util.test.junit.AutoTests" name="[72] /home/travis/build/icyphy/ptII/ptolemy/domains/continuous/test/auto/Integration5.xml (RunModel)" time="0.015" />
  <testcase classname="ptolemy.util.test.junit.AutoTests" name="[73] /home/travis/build/icyphy/ptII/ptolemy/domains/continuous/test/auto/IntegratorImpulse.xml (RunModel)" time="0.014" />
  <testcase classname="ptolemy.util.test.junit.AutoTests" name="[74] /home/travis/build/icyphy/ptII/ptolemy/domains/continuous/test/auto/IntegratorImpulse2.xml (RunModel)" time="0.014" />
  <testcase classname="ptolemy.util.test.junit.AutoTests" name="[75] /home/travis/build/icyphy/ptII/ptolemy/domains/continuous/test/auto/LevelCrossing1.xml (RunModel)" time="0.016" />
  <testcase classname="ptolemy.util.test.junit.AutoTests" name="[76] /home/travis/build/icyphy/ptII/ptolemy/domains/continuous/test/auto/LevelCrossing2.xml (RunModel)" time="0.017" />
  <testcase classname="ptolemy.util.test.junit.AutoTests" name="[77] /home/travis/build/icyphy/ptII/ptolemy/domains/continuous/test/auto/LevelCrossing3.xml (RunModel)" time="0.018" />
  <testcase classname="ptolemy.util.test.junit.AutoTests" name="[78] /home/travis/build/icyphy/ptII/ptolemy/domains/continuous/test/auto/LevelCrossing4.xml (RunModel)" time="0.017" />
  <testcase classname="ptolemy.util.test.junit.AutoTests" name="[79] /home/travis/build/icyphy/ptII/ptolemy/domains/continuous/test/auto/LevelCrossing5.xml (RunModel)" time="0.018" />
  <testcase classname="ptolemy.util.test.junit.AutoTests" name="[80] /home/travis/build/icyphy/ptII/ptolemy/domains/continuous/test/auto/LevelCrossing6.xml (RunModel)" time="0.019" />
  <testcase classname="ptolemy.util.test.junit.AutoTests" name="[81] /home/travis/build/icyphy/ptII/ptolemy/domains/continuous/test/auto/LevelCrossingDetector.xml (RunModel)" time="0.044" />
  <testcase classname="ptolemy.util.test.junit.AutoTests" name="[82] /home/travis/build/icyphy/ptII/ptolemy/domains/continuous/test/auto/LevelCrossingDetectorDetectingDirections.xml (RunModel)" time="0.101" />
  <testcase classname="ptolemy.util.test.junit.AutoTests" name="[83] /home/travis/build/icyphy/ptII/ptolemy/domains/continuous/test/auto/LevelCrossingDetectorDetectsGlitches.xml (RunModel)" time="0.067" />
  <testcase classname="ptolemy.util.test.junit.AutoTests" name="[84] /home/travis/build/icyphy/ptII/ptolemy/domains/continuous/test/auto/LevelCrossingNoInitialOuput.xml (RunModel)" time="0.026" />
  <testcase classname="ptolemy.util.test.junit.AutoTests" name="[85] /home/travis/build/icyphy/ptII/ptolemy/domains/continuous/test/auto/LinearStateSpaceExample.xml (RunModel)" time="0.077" />
  <testcase classname="ptolemy.util.test.junit.AutoTests" name="[86] /home/travis/build/icyphy/ptII/ptolemy/domains/continuous/test/auto/Lorenz.xml (RunModel)" time="4.315" />
  <testcase classname="ptolemy.util.test.junit.AutoTests" name="[87] /home/travis/build/icyphy/ptII/ptolemy/domains/continuous/test/auto/LorenzDifferentialSystem.xml (RunModel)" time="1.043" />
  <testcase classname="ptolemy.util.test.junit.AutoTests" name="[88] /home/travis/build/icyphy/ptII/ptolemy/domains/continuous/test/auto/LorenzDifferentialSystemWithInput.xml (RunModel)" time="1.422" />
  <testcase classname="ptolemy.util.test.junit.AutoTests" name="[89] /home/travis/build/icyphy/ptII/ptolemy/domains/continuous/test/auto/LorenzDifferentialSystemWithTime.xml (RunModel)" time="0.787" />
  <testcase classname="ptolemy.util.test.junit.AutoTests" name="[90] /home/travis/build/icyphy/ptII/ptolemy/domains/continuous/test/auto/Microsteps.xml (RunModel)" time="0.033" />
  <testcase classname="ptolemy.util.test.junit.AutoTests" name="[91] /home/travis/build/icyphy/ptII/ptolemy/domains/continuous/test/auto/Modal1.xml (RunModel)" time="0.057" />
  <testcase classname="ptolemy.util.test.junit.AutoTests" name="[92] /home/travis/build/icyphy/ptII/ptolemy/domains/continuous/test/auto/Modal2.xml (RunModel)" time="0.056" />
  <testcase classname="ptolemy.util.test.junit.AutoTests" name="[93] /home/travis/build/icyphy/ptII/ptolemy/domains/continuous/test/auto/ModalTransitionGuardWithReset.xml (RunModel)" time="0.027" />
  <testcase classname="ptolemy.util.test.junit.AutoTests" name="[94] /home/travis/build/icyphy/ptII/ptolemy/domains/continuous/test/auto/ModalTransitionGuardWithResetUsingPreemptiveTransition.xml (RunModel)" time="0.031" />
  <testcase classname="ptolemy.util.test.junit.AutoTests" name="[95] /home/travis/build/icyphy/ptII/ptolemy/domains/continuous/test/auto/ModalTransitionGuardWithResetUsingPreemptiveTransition2.xml (RunModel)" time="0.031" />
  <testcase classname="ptolemy.util.test.junit.AutoTests" name="[96] /home/travis/build/icyphy/ptII/ptolemy/domains/continuous/test/auto/ModalTransitionGuardWithResetUsingPreemptiveTransition3.xml (RunModel)" time="0.04" />
  <testcase classname="ptolemy.util.test.junit.AutoTests" name="[97] /home/travis/build/icyphy/ptII/ptolemy/domains/continuous/test/auto/NewtonsCradle.xml (RunModel)" time="0.87" />
  <testcase classname="ptolemy.util.test.junit.AutoTests" name="[98] /home/travis/build/icyphy/ptII/ptolemy/domains/continuous/test/auto/NewtonsCradleAnimated.xml (RunModel)" time="1.439" />
  <testcase classname="ptolemy.util.test.junit.AutoTests" name="[99] /home/travis/build/icyphy/ptII/ptolemy/domains/continuous/test/auto/NewtonsCradleComplicated.xml (RunModel)" time="1.001" />
  <testcase classname="ptolemy.util.test.junit.AutoTests" name="[100] /home/travis/build/icyphy/ptII/ptolemy/domains/continuous/test/auto/NewtonsCradleNondeterministic.xml (RunModel)" time="0.773" />
  <testcase classname="ptolemy.util.test.junit.AutoTests" name="[101] /home/travis/build/icyphy/ptII/ptolemy/domains/continuous/test/auto/NewtonsCradlePerfectlyInelastic1.xml (RunModel)" time="1.399" />
  <testcase classname="ptolemy.util.test.junit.AutoTests" name="[102] /home/travis/build/icyphy/ptII/ptolemy/domains/continuous/test/auto/Noise.xml (RunModel)" time="0.209" />
  <testcase classname="ptolemy.util.test.junit.AutoTests" name="[103] /home/travis/build/icyphy/ptII/ptolemy/domains/continuous/test/auto/NoiseSpectrum.xml (RunModel)" time="0.776" />
  <testcase classname="ptolemy.util.test.junit.AutoTests" name="[104] /home/travis/build/icyphy/ptII/ptolemy/domains/continuous/test/auto/ParameterizedNewtonsCradleAnimated.xml (RunModel)" time="0.415" />
  <testcase classname="ptolemy.util.test.junit.AutoTests" name="[105] /home/travis/build/icyphy/ptII/ptolemy/domains/continuous/test/auto/ParameterizedNewtonsCradleAnimatedNondeterministic.xml (RunModel)" time="1.295" />
  <testcase classname="ptolemy.util.test.junit.AutoTests" name="[106] /home/travis/build/icyphy/ptII/ptolemy/domains/continuous/test/auto/Pendulum3D.xml (RunModel)" time="0.19" />
  <testcase classname="ptolemy.util.test.junit.AutoTests" name="[107] /home/travis/build/icyphy/ptII/ptolemy/domains/continuous/test/auto/PeriodicSampler.xml (RunModel)" time="0.013" />
  <testcase classname="ptolemy.util.test.junit.AutoTests" name="[108] /home/travis/build/icyphy/ptII/ptolemy/domains/continuous/test/auto/PeriodicSampler1.xml (RunModel)" time="0.05" />
  <testcase classname="ptolemy.util.test.junit.AutoTests" name="[109] /home/travis/build/icyphy/ptII/ptolemy/domains/continuous/test/auto/PeriodicSampler2.xml (RunModel)" time="0.1" />
  <testcase classname="ptolemy.util.test.junit.AutoTests" name="[110] /home/travis/build/icyphy/ptII/ptolemy/domains/continuous/test/auto/Poisson.xml (RunModel)" time="0.518" />
  <testcase classname="ptolemy.util.test.junit.AutoTests" name="[111] /home/travis/build/icyphy/ptII/ptolemy/domains/continuous/test/auto/PoissonClock.xml (RunModel)" time="0.013" />
  <testcase classname="ptolemy.util.test.junit.AutoTests" name="[112] /home/travis/build/icyphy/ptII/ptolemy/domains/continuous/test/auto/PoissonClock2.xml (RunModel)" time="0.014" />
  <testcase classname="ptolemy.util.test.junit.AutoTests" name="[113] /home/travis/build/icyphy/ptII/ptolemy/domains/continuous/test/auto/PortParameterHierarchy.xml (RunModel)" time="0.025" />
  <testcase classname="ptolemy.util.test.junit.AutoTests" name="[114] /home/travis/build/icyphy/ptII/ptolemy/domains/continuous/test/auto/RandomHybridPlant.xml (RunModel)" time="0.61" />
  <testcase classname="ptolemy.util.test.junit.AutoTests" name="[115] /home/travis/build/icyphy/ptII/ptolemy/domains/continuous/test/auto/ResetTransitionWithStartTime1.xml (RunModel)" time="0.037" />
  <testcase classname="ptolemy.util.test.junit.AutoTests" name="[116] /home/travis/build/icyphy/ptII/ptolemy/domains/continuous/test/auto/ResetTransitionWithStartTime2.xml (RunModel)" time="0.041" />
  <testcase classname="ptolemy.util.test.junit.AutoTests" name="[117] /home/travis/build/icyphy/ptII/ptolemy/domains/continuous/test/auto/ResetTransitionWithStartTime3.xml (RunModel)" time="0.042" />
  <testcase classname="ptolemy.util.test.junit.AutoTests" name="[118] /home/travis/build/icyphy/ptII/ptolemy/domains/continuous/test/auto/ResetTransitionWithStartTime4.xml (RunModel)" time="0.027" />
  <testcase classname="ptolemy.util.test.junit.AutoTests" name="[119] /home/travis/build/icyphy/ptII/ptolemy/domains/continuous/test/auto/ResetTransitionWithStartTime5.xml (RunModel)" time="0.034" />
  <testcase classname="ptolemy.util.test.junit.AutoTests" name="[120] /home/travis/build/icyphy/ptII/ptolemy/domains/continuous/test/auto/ResetTransitionWithStartTime6.xml (RunModel)" time="0.025" />
  <testcase classname="ptolemy.util.test.junit.AutoTests" name="[121] /home/travis/build/icyphy/ptII/ptolemy/domains/continuous/test/auto/SRinContinuous.xml (RunModel)" time="0.022" />
  <testcase classname="ptolemy.util.test.junit.AutoTests" name="[122] /home/travis/build/icyphy/ptII/ptolemy/domains/continuous/test/auto/SampledClocks.xml (RunModel)" time="0.035" />
  <testcase classname="ptolemy.util.test.junit.AutoTests" name="[123] /home/travis/build/icyphy/ptII/ptolemy/domains/continuous/test/auto/Satellite.xml (RunModel)" time="0.949" />
  <testcase classname="ptolemy.util.test.junit.AutoTests" name="[124] /home/travis/build/icyphy/ptII/ptolemy/domains/continuous/test/auto/SigmaDelta.xml (RunModel)" time="2.671" />
  <testcase classname="ptolemy.util.test.junit.AutoTests" name="[125] /home/travis/build/icyphy/ptII/ptolemy/domains/continuous/test/auto/SingleRefinement.xml (RunModel)" time="0.53" />
  <testcase classname="ptolemy.util.test.junit.AutoTests" name="[126] /home/travis/build/icyphy/ptII/ptolemy/domains/continuous/test/auto/SinuBouncingBall.xml (RunModel)" time="0.878" />
  <testcase classname="ptolemy.util.test.junit.AutoTests" name="[127] /home/travis/build/icyphy/ptII/ptolemy/domains/continuous/test/auto/Sinusoid.xml (RunModel)" time="0.015" />
  <testcase classname="ptolemy.util.test.junit.AutoTests" name="[128] /home/travis/build/icyphy/ptII/ptolemy/domains/continuous/test/auto/SinusoidInNoise.xml (RunModel)" time="1.071" />
  <testcase classname="ptolemy.util.test.junit.AutoTests" name="[129] /home/travis/build/icyphy/ptII/ptolemy/domains/continuous/test/auto/SinusoidRK45.xml (RunModel)" time="0.015" />
  <testcase classname="ptolemy.util.test.junit.AutoTests" name="[130] /home/travis/build/icyphy/ptII/ptolemy/domains/continuous/test/auto/SinusoidWithMultipleImpulses.xml (RunModel)" time="0.028" />
  <testcase classname="ptolemy.util.test.junit.AutoTests" name="[131] /home/travis/build/icyphy/ptII/ptolemy/domains/continuous/test/auto/SquareWave.xml (RunModel)" time="0.192" />
  <testcase classname="ptolemy.util.test.junit.AutoTests" name="[132] /home/travis/build/icyphy/ptII/ptolemy/domains/continuous/test/auto/Starmac.xml (RunModel)" time="3.434" />
  <testcase classname="ptolemy.util.test.junit.AutoTests" name="[133] /home/travis/build/icyphy/ptII/ptolemy/domains/continuous/test/auto/StaticUnits.xml (RunModel)" time="3.062" />
  <testcase classname="ptolemy.util.test.junit.AutoTests" name="[134] /home/travis/build/icyphy/ptII/ptolemy/domains/continuous/test/auto/StickyMasses.xml (RunModel)" time="0.214" />
  <testcase classname="ptolemy.util.test.junit.AutoTests" name="[135] /home/travis/build/icyphy/ptII/ptolemy/domains/continuous/test/auto/StopTime.xml (RunModel)" time="0.075" />
  <testcase classname="ptolemy.util.test.junit.AutoTests" name="[136] /home/travis/build/icyphy/ptII/ptolemy/domains/continuous/test/auto/StopTime2.xml (RunModel)" time="0.076" />
  <testcase classname="ptolemy.util.test.junit.AutoTests" name="[137] /home/travis/build/icyphy/ptII/ptolemy/domains/continuous/test/auto/Switch.xml (RunModel)" time="0.065" />
  <testcase classname="ptolemy.util.test.junit.AutoTests" name="[138] /home/travis/build/icyphy/ptII/ptolemy/domains/continuous/test/auto/Thermostat.xml (RunModel)" time="0.229" />
  <testcase classname="ptolemy.util.test.junit.AutoTests" name="[139] /home/travis/build/icyphy/ptII/ptolemy/domains/continuous/test/auto/TimeDelay.xml (RunModel)" time="0.016" />
  <testcase classname="ptolemy.util.test.junit.AutoTests" name="[140] /home/travis/build/icyphy/ptII/ptolemy/domains/continuous/test/auto/TimeDelay2.xml (RunModel)" time="0.028" />
  <testcase classname="ptolemy.util.test.junit.AutoTests" name="[141] /home/travis/build/icyphy/ptII/ptolemy/domains/continuous/test/auto/TimeDelay3.xml (RunModel)" time="0.015" />
  <testcase classname="ptolemy.util.test.junit.AutoTests" name="[142] /home/travis/build/icyphy/ptII/ptolemy/domains/continuous/test/auto/TransferAbsentToInside.xml (RunModel)" time="0.121" />
  <testcase classname="ptolemy.util.test.junit.AutoTests" name="[143] /home/travis/build/icyphy/ptII/ptolemy/domains/continuous/test/auto/Transmission.xml (RunModel)" time="0.816" />
  <testcase classname="ptolemy.util.test.junit.AutoTests" name="[144] /home/travis/build/icyphy/ptII/ptolemy/domains/continuous/test/auto/TriggeredContinuousClock.xml (RunModel)" time="0.103" />
  <testcase classname="ptolemy.util.test.junit.AutoTests" name="[145] /home/travis/build/icyphy/ptII/ptolemy/domains/continuous/test/auto/TwoMachineInfiniteBusControl.xml (RunModel)" time="2.871" />
  <testcase classname="ptolemy.util.test.junit.AutoTests" name="[146] /home/travis/build/icyphy/ptII/ptolemy/domains/continuous/test/auto/V2V.xml (RunModel)" time="0.934" />
  <testcase classname="ptolemy.util.test.junit.AutoTests" name="[147] /home/travis/build/icyphy/ptII/ptolemy/domains/continuous/test/auto/hierarchicalModalModel.xml (RunModel)" time="0.063" />
  <testcase classname="ptolemy.util.test.junit.AutoTests" name="[148] /home/travis/build/icyphy/ptII/ptolemy/domains/continuous/test/auto/hierarchicalModalModel1.xml (RunModel)" time="0.037" />
  <testcase classname="ptolemy.util.test.junit.AutoTests" name="[149] /home/travis/build/icyphy/ptII/ptolemy/domains/continuous/test/auto/hierarchicalModalModel2.xml (RunModel)" time="0.032" />
  <testcase classname="ptolemy.util.test.junit.AutoTests" name="[150] /home/travis/build/icyphy/ptII/ptolemy/domains/continuous/test/auto/hierarchicalModalModel3.xml (RunModel)" time="0.035" />
  <testcase classname="ptolemy.util.test.junit.AutoTests" name="[151] /home/travis/build/icyphy/ptII/ptolemy/domains/continuous/test/auto/hierarchicalModalModel4.xml (RunModel)" time="0.05" />
  <testcase classname="ptolemy.util.test.junit.AutoTests" name="[152] /home/travis/build/icyphy/ptII/ptolemy/domains/continuous/test/auto/junk.xml (RunModel)" time="0.17" />
  <system-out><![CDATA[No tcl tests in /home/travis/build/icyphy/ptII/ptolemy/domains/continuous/test
No auto/knownFailedTests/*.xml tests in /home/travis/build/icyphy/ptII/ptolemy/domains/continuous/test
No auto/linux-amd64/*.xml tests in /home/travis/build/icyphy/ptII/ptolemy/domains/continuous/test
AutoTests.java: About to close Vertx.
AutoTests.java: Vertx closed.

===========================================================================================
----------------- testing Sat Nov 16 06:15:03 UTC 2019 /home/travis/build/icyphy/ptII/ptolemy/domains/continuous/test/auto/BouncingBall.xml
----------------- Instantiating /home/travis/build/icyphy/ptII/ptolemy/domains/continuous/test/auto/BouncingBall.xml
2674 ms. Memory: 120832K Free: 80135K (66%)
----------------- Invoking toplevel() on ptolemy.moml.MoMLSimpleApplication@37b78901
----------------- Done invoking toplevel() on ptolemy.moml.MoMLSimpleApplication@37b78901
reloadAllAccessors: .BouncingBall

===========================================================================================
----------------- testing Sat Nov 16 06:15:07 UTC 2019 /home/travis/build/icyphy/ptII/ptolemy/domains/continuous/test/auto/BouncingBallWithoutGR.xml
----------------- Instantiating /home/travis/build/icyphy/ptII/ptolemy/domains/continuous/test/auto/BouncingBallWithoutGR.xml
866 ms. Memory: 145408K Free: 65391K (45%)
----------------- Invoking toplevel() on ptolemy.moml.MoMLSimpleApplication@35bf7fd5
----------------- Done invoking toplevel() on ptolemy.moml.MoMLSimpleApplication@35bf7fd5
reloadAllAccessors: .BouncingBallWithoutGR

===========================================================================================
----------------- testing Sat Nov 16 06:15:08 UTC 2019 /home/travis/build/icyphy/ptII/ptolemy/domains/continuous/test/auto/Brownian.xml
----------------- Instantiating /home/travis/build/icyphy/ptII/ptolemy/domains/continuous/test/auto/Brownian.xml
35 ms. Memory: 145408K Free: 56685K (39%)
----------------- Invoking toplevel() on ptolemy.moml.MoMLSimpleApplication@5063307b
----------------- Done invoking toplevel() on ptolemy.moml.MoMLSimpleApplication@5063307b
reloadAllAccessors: .Brownian

===========================================================================================
----------------- testing Sat Nov 16 06:15:08 UTC 2019 /home/travis/build/icyphy/ptII/ptolemy/domains/continuous/test/auto/CarTracking.xml
----------------- Instantiating /home/travis/build/icyphy/ptII/ptolemy/domains/continuous/test/auto/CarTracking.xml
3600 ms. Memory: 210944K Free: 145370K (69%)
----------------- Invoking toplevel() on ptolemy.moml.MoMLSimpleApplication@4a76fb75
----------------- Done invoking toplevel() on ptolemy.moml.MoMLSimpleApplication@4a76fb75
reloadAllAccessors: .CarTracking

===========================================================================================
----------------- testing Sat Nov 16 06:15:12 UTC 2019 /home/travis/build/icyphy/ptII/ptolemy/domains/continuous/test/auto/CartPendulum.xml
----------------- Instantiating /home/travis/build/icyphy/ptII/ptolemy/domains/continuous/test/auto/CartPendulum.xml
464 ms. Memory: 210944K Free: 178074K (84%)
----------------- Invoking toplevel() on ptolemy.moml.MoMLSimpleApplication@4cb85127
----------------- Done invoking toplevel() on ptolemy.moml.MoMLSimpleApplication@4cb85127
reloadAllAccessors: .CartPendulum

===========================================================================================
----------------- testing Sat Nov 16 06:15:13 UTC 2019 /home/travis/build/icyphy/ptII/ptolemy/domains/continuous/test/auto/CausalityInterface10.xml
----------------- Instantiating /home/travis/build/icyphy/ptII/ptolemy/domains/continuous/test/auto/CausalityInterface10.xml
17 ms. Memory: 210944K Free: 167324K (79%)
----------------- Invoking toplevel() on ptolemy.moml.MoMLSimpleApplication@33ba0866
----------------- Done invoking toplevel() on ptolemy.moml.MoMLSimpleApplication@33ba0866
reloadAllAccessors: .CausalityInterface10

===========================================================================================
----------------- testing Sat Nov 16 06:15:13 UTC 2019 /home/travis/build/icyphy/ptII/ptolemy/domains/continuous/test/auto/CausalityInterface11.xml
----------------- Instantiating /home/travis/build/icyphy/ptII/ptolemy/domains/continuous/test/auto/CausalityInterface11.xml
11 ms. Memory: 210944K Free: 161180K (76%)
----------------- Invoking toplevel() on ptolemy.moml.MoMLSimpleApplication@2970e19a
----------------- Done invoking toplevel() on ptolemy.moml.MoMLSimpleApplication@2970e19a
reloadAllAccessors: .CausalityInterface11

===========================================================================================
----------------- testing Sat Nov 16 06:15:13 UTC 2019 /home/travis/build/icyphy/ptII/ptolemy/domains/continuous/test/auto/CausalityInterface12.xml
----------------- Instantiating /home/travis/build/icyphy/ptII/ptolemy/domains/continuous/test/auto/CausalityInterface12.xml
5 ms. Memory: 210944K Free: 155036K (73%)
----------------- Invoking toplevel() on ptolemy.moml.MoMLSimpleApplication@6e6527fc
----------------- Done invoking toplevel() on ptolemy.moml.MoMLSimpleApplication@6e6527fc
reloadAllAccessors: .CausalityInterface12

===========================================================================================
----------------- testing Sat Nov 16 06:15:13 UTC 2019 /home/travis/build/icyphy/ptII/ptolemy/domains/continuous/test/auto/CausalityInterface13.xml
----------------- Instantiating /home/travis/build/icyphy/ptII/ptolemy/domains/continuous/test/auto/CausalityInterface13.xml
10 ms. Memory: 210944K Free: 148892K (71%)
----------------- Invoking toplevel() on ptolemy.moml.MoMLSimpleApplication@683ecce2
----------------- Done invoking toplevel() on ptolemy.moml.MoMLSimpleApplication@683ecce2
reloadAllAccessors: .CausalityInterface13

===========================================================================================
----------------- testing Sat Nov 16 06:15:13 UTC 2019 /home/travis/build/icyphy/ptII/ptolemy/domains/continuous/test/auto/CausalityInterface14.xml
----------------- Instantiating /home/travis/build/icyphy/ptII/ptolemy/domains/continuous/test/auto/CausalityInterface14.xml
4 ms. Memory: 210944K Free: 143244K (68%)
----------------- Invoking toplevel() on ptolemy.moml.MoMLSimpleApplication@c987879
----------------- Done invoking toplevel() on ptolemy.moml.MoMLSimpleApplication@c987879
reloadAllAccessors: .CausalityInterface14

===========================================================================================
----------------- testing Sat Nov 16 06:15:13 UTC 2019 /home/travis/build/icyphy/ptII/ptolemy/domains/continuous/test/auto/CausalityInterface4.xml
----------------- Instantiating /home/travis/build/icyphy/ptII/ptolemy/domains/continuous/test/auto/CausalityInterface4.xml
7 ms. Memory: 210944K Free: 136076K (65%)
----------------- Invoking toplevel() on ptolemy.moml.MoMLSimpleApplication@345296
----------------- Done invoking toplevel() on ptolemy.moml.MoMLSimpleApplication@345296
reloadAllAccessors: .CausalityInterface4

===========================================================================================
----------------- testing Sat Nov 16 06:15:13 UTC 2019 /home/travis/build/icyphy/ptII/ptolemy/domains/continuous/test/auto/CausalityInterface5.xml
----------------- Instantiating /home/travis/build/icyphy/ptII/ptolemy/domains/continuous/test/auto/CausalityInterface5.xml
4 ms. Memory: 210944K Free: 127898K (61%)
----------------- Invoking toplevel() on ptolemy.moml.MoMLSimpleApplication@d491f9c
----------------- Done invoking toplevel() on ptolemy.moml.MoMLSimpleApplication@d491f9c
reloadAllAccessors: .CausalityInterface5

===========================================================================================
----------------- testing Sat Nov 16 06:15:13 UTC 2019 /home/travis/build/icyphy/ptII/ptolemy/domains/continuous/test/auto/CausalityInterface6.xml
----------------- Instantiating /home/travis/build/icyphy/ptII/ptolemy/domains/continuous/test/auto/CausalityInterface6.xml
4 ms. Memory: 210944K Free: 122764K (58%)
----------------- Invoking toplevel() on ptolemy.moml.MoMLSimpleApplication@34041625
----------------- Done invoking toplevel() on ptolemy.moml.MoMLSimpleApplication@34041625
reloadAllAccessors: .CausalityInterface6

===========================================================================================
----------------- testing Sat Nov 16 06:15:13 UTC 2019 /home/travis/build/icyphy/ptII/ptolemy/domains/continuous/test/auto/CausalityInterface7.xml
----------------- Instantiating /home/travis/build/icyphy/ptII/ptolemy/domains/continuous/test/auto/CausalityInterface7.xml
8 ms. Memory: 210944K Free: 114076K (54%)
----------------- Invoking toplevel() on ptolemy.moml.MoMLSimpleApplication@4e710a30
----------------- Done invoking toplevel() on ptolemy.moml.MoMLSimpleApplication@4e710a30
reloadAllAccessors: .CausalityInterface7

===========================================================================================
----------------- testing Sat Nov 16 06:15:13 UTC 2019 /home/travis/build/icyphy/ptII/ptolemy/domains/continuous/test/auto/CausalityInterface8.xml
----------------- Instantiating /home/travis/build/icyphy/ptII/ptolemy/domains/continuous/test/auto/CausalityInterface8.xml
11 ms. Memory: 210944K Free: 104860K (50%)
----------------- Invoking toplevel() on ptolemy.moml.MoMLSimpleApplication@126788d2
----------------- Done invoking toplevel() on ptolemy.moml.MoMLSimpleApplication@126788d2
reloadAllAccessors: .CausalityInterface8

===========================================================================================
----------------- testing Sat Nov 16 06:15:13 UTC 2019 /home/travis/build/icyphy/ptII/ptolemy/domains/continuous/test/auto/CausalityInterface9.xml
----------------- Instantiating /home/travis/build/icyphy/ptII/ptolemy/domains/continuous/test/auto/CausalityInterface9.xml
5 ms. Memory: 210944K Free: 94106K (45%)
----------------- Invoking toplevel() on ptolemy.moml.MoMLSimpleApplication@5a0b697
----------------- Done invoking toplevel() on ptolemy.moml.MoMLSimpleApplication@5a0b697
reloadAllAccessors: .CausalityInterface9

===========================================================================================
----------------- testing Sat Nov 16 06:15:13 UTC 2019 /home/travis/build/icyphy/ptII/ptolemy/domains/continuous/test/auto/CausalityInterfaceFeedback1.xml
----------------- Instantiating /home/travis/build/icyphy/ptII/ptolemy/domains/continuous/test/auto/CausalityInterfaceFeedback1.xml
4 ms. Memory: 210944K Free: 87452K (41%)
----------------- Invoking toplevel() on ptolemy.moml.MoMLSimpleApplication@36500ec0
----------------- Done invoking toplevel() on ptolemy.moml.MoMLSimpleApplication@36500ec0
reloadAllAccessors: .CausalityInterfaceFeedback1

===========================================================================================
----------------- testing Sat Nov 16 06:15:13 UTC 2019 /home/travis/build/icyphy/ptII/ptolemy/domains/continuous/test/auto/CausalityInterfaceFeedback2.xml
----------------- Instantiating /home/travis/build/icyphy/ptII/ptolemy/domains/continuous/test/auto/CausalityInterfaceFeedback2.xml
4 ms. Memory: 210944K Free: 80780K (38%)
----------------- Invoking toplevel() on ptolemy.moml.MoMLSimpleApplication@44b3b5a
----------------- Done invoking toplevel() on ptolemy.moml.MoMLSimpleApplication@44b3b5a
reloadAllAccessors: .CausalityInterfaceFeedback2

===========================================================================================
----------------- testing Sat Nov 16 06:15:13 UTC 2019 /home/travis/build/icyphy/ptII/ptolemy/domains/continuous/test/auto/CompareWithCurrentTime.xml
----------------- Instantiating /home/travis/build/icyphy/ptII/ptolemy/domains/continuous/test/auto/CompareWithCurrentTime.xml
5 ms. Memory: 210944K Free: 76698K (36%)
----------------- Invoking toplevel() on ptolemy.moml.MoMLSimpleApplication@5f5158ae
----------------- Done invoking toplevel() on ptolemy.moml.MoMLSimpleApplication@5f5158ae
reloadAllAccessors: .CompareWithCurrentTime

===========================================================================================
----------------- testing Sat Nov 16 06:15:14 UTC 2019 /home/travis/build/icyphy/ptII/ptolemy/domains/continuous/test/auto/ComparedClocks.xml
----------------- Instantiating /home/travis/build/icyphy/ptII/ptolemy/domains/continuous/test/auto/ComparedClocks.xml
9 ms. Memory: 210944K Free: 186507K (88%)
----------------- Invoking toplevel() on ptolemy.moml.MoMLSimpleApplication@1f3eb6fa
----------------- Done invoking toplevel() on ptolemy.moml.MoMLSimpleApplication@1f3eb6fa
reloadAllAccessors: .ComparedClocks

===========================================================================================
----------------- testing Sat Nov 16 06:15:14 UTC 2019 /home/travis/build/icyphy/ptII/ptolemy/domains/continuous/test/auto/ContinuousAOCClone.xml
----------------- Instantiating /home/travis/build/icyphy/ptII/ptolemy/domains/continuous/test/auto/ContinuousAOCClone.xml
2597 ms. Memory: 253952K Free: 194344K (77%)
----------------- Invoking toplevel() on ptolemy.moml.MoMLSimpleApplication@60137f36
----------------- Done invoking toplevel() on ptolemy.moml.MoMLSimpleApplication@60137f36
reloadAllAccessors: .ContinuousAOCClone

===========================================================================================
----------------- testing Sat Nov 16 06:15:16 UTC 2019 /home/travis/build/icyphy/ptII/ptolemy/domains/continuous/test/auto/ContinuousClock.xml
----------------- Instantiating /home/travis/build/icyphy/ptII/ptolemy/domains/continuous/test/auto/ContinuousClock.xml
34 ms. Memory: 253952K Free: 172295K (68%)
----------------- Invoking toplevel() on ptolemy.moml.MoMLSimpleApplication@285acad5
----------------- Done invoking toplevel() on ptolemy.moml.MoMLSimpleApplication@285acad5
reloadAllAccessors: .ContinuousClock

===========================================================================================
----------------- testing Sat Nov 16 06:15:17 UTC 2019 /home/travis/build/icyphy/ptII/ptolemy/domains/continuous/test/auto/ContinuousInContinuous.xml
----------------- Instantiating /home/travis/build/icyphy/ptII/ptolemy/domains/continuous/test/auto/ContinuousInContinuous.xml
52 ms. Memory: 253952K Free: 148759K (59%)
----------------- Invoking toplevel() on ptolemy.moml.MoMLSimpleApplication@61d77f41
----------------- Done invoking toplevel() on ptolemy.moml.MoMLSimpleApplication@61d77f41
reloadAllAccessors: .ContinuousInContinuous

===========================================================================================
----------------- testing Sat Nov 16 06:15:17 UTC 2019 /home/travis/build/icyphy/ptII/ptolemy/domains/continuous/test/auto/ContinuousInContinuousInContinuous.xml
----------------- Instantiating /home/travis/build/icyphy/ptII/ptolemy/domains/continuous/test/auto/ContinuousInContinuousInContinuous.xml
7 ms. Memory: 253952K Free: 140582K (55%)
----------------- Invoking toplevel() on ptolemy.moml.MoMLSimpleApplication@671b8a83
----------------- Done invoking toplevel() on ptolemy.moml.MoMLSimpleApplication@671b8a83
reloadAllAccessors: .ContinuousInContinuousInContinuous

===========================================================================================
----------------- testing Sat Nov 16 06:15:17 UTC 2019 /home/travis/build/icyphy/ptII/ptolemy/domains/continuous/test/auto/ContinuousInDE.xml
----------------- Instantiating /home/travis/build/icyphy/ptII/ptolemy/domains/continuous/test/auto/ContinuousInDE.xml
108 ms. Memory: 253952K Free: 129832K (51%)
----------------- Invoking toplevel() on ptolemy.moml.MoMLSimpleApplication@20a4f2a8
----------------- Done invoking toplevel() on ptolemy.moml.MoMLSimpleApplication@20a4f2a8
reloadAllAccessors: .ContinuousInDE

===========================================================================================
----------------- testing Sat Nov 16 06:15:17 UTC 2019 /home/travis/build/icyphy/ptII/ptolemy/domains/continuous/test/auto/ContinuousInDE2.xml
----------------- Instantiating /home/travis/build/icyphy/ptII/ptolemy/domains/continuous/test/auto/ContinuousInDE2.xml
42 ms. Memory: 253952K Free: 120102K (47%)
----------------- Invoking toplevel() on ptolemy.moml.MoMLSimpleApplication@b8f15b9
----------------- Done invoking toplevel() on ptolemy.moml.MoMLSimpleApplication@b8f15b9
reloadAllAccessors: .ContinuousInDE2

===========================================================================================
----------------- testing Sat Nov 16 06:15:17 UTC 2019 /home/travis/build/icyphy/ptII/ptolemy/domains/continuous/test/auto/ContinuousInDE3.xml
----------------- Instantiating /home/travis/build/icyphy/ptII/ptolemy/domains/continuous/test/auto/ContinuousInDE3.xml
48 ms. Memory: 253952K Free: 110376K (43%)
----------------- Invoking toplevel() on ptolemy.moml.MoMLSimpleApplication@57a3a6dc
----------------- Done invoking toplevel() on ptolemy.moml.MoMLSimpleApplication@57a3a6dc
reloadAllAccessors: .ContinuousInDE3

===========================================================================================
----------------- testing Sat Nov 16 06:15:17 UTC 2019 /home/travis/build/icyphy/ptII/ptolemy/domains/continuous/test/auto/ContinuousInDE4.xml
----------------- Instantiating /home/travis/build/icyphy/ptII/ptolemy/domains/continuous/test/auto/ContinuousInDE4.xml
14 ms. Memory: 253952K Free: 103718K (41%)
----------------- Invoking toplevel() on ptolemy.moml.MoMLSimpleApplication@236bf1c8
----------------- Done invoking toplevel() on ptolemy.moml.MoMLSimpleApplication@236bf1c8
reloadAllAccessors: .ContinuousInDE4

===========================================================================================
----------------- testing Sat Nov 16 06:15:17 UTC 2019 /home/travis/build/icyphy/ptII/ptolemy/domains/continuous/test/auto/ContinuousInDEDifferentRefinements.xml
----------------- Instantiating /home/travis/build/icyphy/ptII/ptolemy/domains/continuous/test/auto/ContinuousInDEDifferentRefinements.xml
59 ms. Memory: 253952K Free: 222653K (88%)
----------------- Invoking toplevel() on ptolemy.moml.MoMLSimpleApplication@552bd10f
----------------- Done invoking toplevel() on ptolemy.moml.MoMLSimpleApplication@552bd10f
reloadAllAccessors: .ContinuousInDEDifferentRefinements

===========================================================================================
----------------- testing Sat Nov 16 06:15:17 UTC 2019 /home/travis/build/icyphy/ptII/ptolemy/domains/continuous/test/auto/ContinuousInDEDifferentRefinementsPreemptive.xml
----------------- Instantiating /home/travis/build/icyphy/ptII/ptolemy/domains/continuous/test/auto/ContinuousInDEDifferentRefinementsPreemptive.xml
53 ms. Memory: 253952K Free: 191777K (76%)
----------------- Invoking toplevel() on ptolemy.moml.MoMLSimpleApplication@4c9fb1df
----------------- Done invoking toplevel() on ptolemy.moml.MoMLSimpleApplication@4c9fb1df
reloadAllAccessors: .ContinuousInDEDifferentRefinementsPreemptive

===========================================================================================
----------------- testing Sat Nov 16 06:15:17 UTC 2019 /home/travis/build/icyphy/ptII/ptolemy/domains/continuous/test/auto/ContinuousInDEInContinuous2.xml
----------------- Instantiating /home/travis/build/icyphy/ptII/ptolemy/domains/continuous/test/auto/ContinuousInDEInContinuous2.xml
43 ms. Memory: 253952K Free: 180513K (71%)
----------------- Invoking toplevel() on ptolemy.moml.MoMLSimpleApplication@7c83fc14
----------------- Done invoking toplevel() on ptolemy.moml.MoMLSimpleApplication@7c83fc14
reloadAllAccessors: .ContinuousInDEInContinuous2

===========================================================================================
----------------- testing Sat Nov 16 06:15:17 UTC 2019 /home/travis/build/icyphy/ptII/ptolemy/domains/continuous/test/auto/ContinuousInDEInContinuous3.xml
----------------- Instantiating /home/travis/build/icyphy/ptII/ptolemy/domains/continuous/test/auto/ContinuousInDEInContinuous3.xml
39 ms. Memory: 253952K Free: 168225K (66%)
----------------- Invoking toplevel() on ptolemy.moml.MoMLSimpleApplication@5bc45adf
----------------- Done invoking toplevel() on ptolemy.moml.MoMLSimpleApplication@5bc45adf
reloadAllAccessors: .ContinuousInDEInContinuous3

===========================================================================================
----------------- testing Sat Nov 16 06:15:17 UTC 2019 /home/travis/build/icyphy/ptII/ptolemy/domains/continuous/test/auto/ContinuousInDEInput.xml
----------------- Instantiating /home/travis/build/icyphy/ptII/ptolemy/domains/continuous/test/auto/ContinuousInDEInput.xml
17 ms. Memory: 253952K Free: 161057K (63%)
----------------- Invoking toplevel() on ptolemy.moml.MoMLSimpleApplication@1381d58
----------------- Done invoking toplevel() on ptolemy.moml.MoMLSimpleApplication@1381d58
reloadAllAccessors: .ContinuousInDEInput

===========================================================================================
----------------- testing Sat Nov 16 06:15:17 UTC 2019 /home/travis/build/icyphy/ptII/ptolemy/domains/continuous/test/auto/ContinuousInDEInput2.xml
----------------- Instantiating /home/travis/build/icyphy/ptII/ptolemy/domains/continuous/test/auto/ContinuousInDEInput2.xml
14 ms. Memory: 253952K Free: 153889K (61%)
----------------- Invoking toplevel() on ptolemy.moml.MoMLSimpleApplication@8bfe075
----------------- Done invoking toplevel() on ptolemy.moml.MoMLSimpleApplication@8bfe075
reloadAllAccessors: .ContinuousInDEInput2

===========================================================================================
----------------- testing Sat Nov 16 06:15:18 UTC 2019 /home/travis/build/icyphy/ptII/ptolemy/domains/continuous/test/auto/ContinuousInDEInput3.xml
----------------- Instantiating /home/travis/build/icyphy/ptII/ptolemy/domains/continuous/test/auto/ContinuousInDEInput3.xml
15 ms. Memory: 253952K Free: 146721K (58%)
----------------- Invoking toplevel() on ptolemy.moml.MoMLSimpleApplication@1b1426df
----------------- Done invoking toplevel() on ptolemy.moml.MoMLSimpleApplication@1b1426df
reloadAllAccessors: .ContinuousInDEInput3

===========================================================================================
----------------- testing Sat Nov 16 06:15:18 UTC 2019 /home/travis/build/icyphy/ptII/ptolemy/domains/continuous/test/auto/ContinuousInDESharingRefinement.xml
----------------- Instantiating /home/travis/build/icyphy/ptII/ptolemy/domains/continuous/test/auto/ContinuousInDESharingRefinement.xml
178 ms. Memory: 253952K Free: 202769K (80%)
----------------- Invoking toplevel() on ptolemy.moml.MoMLSimpleApplication@10b0f68
----------------- Done invoking toplevel() on ptolemy.moml.MoMLSimpleApplication@10b0f68
reloadAllAccessors: .ContinuousInDESharingRefinement

===========================================================================================
----------------- testing Sat Nov 16 06:15:18 UTC 2019 /home/travis/build/icyphy/ptII/ptolemy/domains/continuous/test/auto/ContinuousInDEwithNoPorts.xml
----------------- Instantiating /home/travis/build/icyphy/ptII/ptolemy/domains/continuous/test/auto/ContinuousInDEwithNoPorts.xml
6 ms. Memory: 253952K Free: 198163K (78%)
----------------- Invoking toplevel() on ptolemy.moml.MoMLSimpleApplication@4a1c1a2d
----------------- Done invoking toplevel() on ptolemy.moml.MoMLSimpleApplication@4a1c1a2d
reloadAllAccessors: .ContinuousInDEwithNoPorts

===========================================================================================
----------------- testing Sat Nov 16 06:15:18 UTC 2019 /home/travis/build/icyphy/ptII/ptolemy/domains/continuous/test/auto/ContinuousInsideDE.xml
----------------- Instantiating /home/travis/build/icyphy/ptII/ptolemy/domains/continuous/test/auto/ContinuousInsideDE.xml
44 ms. Memory: 253952K Free: 186899K (74%)
----------------- Invoking toplevel() on ptolemy.moml.MoMLSimpleApplication@5cb14be5
----------------- Done invoking toplevel() on ptolemy.moml.MoMLSimpleApplication@5cb14be5
reloadAllAccessors: .ContinuousInsideDE

===========================================================================================
----------------- testing Sat Nov 16 06:15:18 UTC 2019 /home/travis/build/icyphy/ptII/ptolemy/domains/continuous/test/auto/ContinuousMerge1.xml
----------------- Instantiating /home/travis/build/icyphy/ptII/ptolemy/domains/continuous/test/auto/ContinuousMerge1.xml
4 ms. Memory: 253952K Free: 182803K (72%)
----------------- Invoking toplevel() on ptolemy.moml.MoMLSimpleApplication@331c20d3
----------------- Done invoking toplevel() on ptolemy.moml.MoMLSimpleApplication@331c20d3
reloadAllAccessors: .ContinuousMerge1

===========================================================================================
----------------- testing Sat Nov 16 06:15:18 UTC 2019 /home/travis/build/icyphy/ptII/ptolemy/domains/continuous/test/auto/ContinuousMerge2.xml
----------------- Instantiating /home/travis/build/icyphy/ptII/ptolemy/domains/continuous/test/auto/ContinuousMerge2.xml
16 ms. Memory: 253952K Free: 172563K (68%)
----------------- Invoking toplevel() on ptolemy.moml.MoMLSimpleApplication@6a58d7c4
----------------- Done invoking toplevel() on ptolemy.moml.MoMLSimpleApplication@6a58d7c4
reloadAllAccessors: .ContinuousMerge2

===========================================================================================
----------------- testing Sat Nov 16 06:15:18 UTC 2019 /home/travis/build/icyphy/ptII/ptolemy/domains/continuous/test/auto/ContinuousMerge3.xml
----------------- Instantiating /home/travis/build/icyphy/ptII/ptolemy/domains/continuous/test/auto/ContinuousMerge3.xml
50 ms. Memory: 253952K Free: 161809K (64%)
----------------- Invoking toplevel() on ptolemy.moml.MoMLSimpleApplication@6140e4bd
----------------- Done invoking toplevel() on ptolemy.moml.MoMLSimpleApplication@6140e4bd
reloadAllAccessors: .ContinuousMerge3

===========================================================================================
----------------- testing Sat Nov 16 06:15:18 UTC 2019 /home/travis/build/icyphy/ptII/ptolemy/domains/continuous/test/auto/ContinuousWithinContinuous.xml
----------------- Instantiating /home/travis/build/icyphy/ptII/ptolemy/domains/continuous/test/auto/ContinuousWithinContinuous.xml
38 ms. Memory: 253952K Free: 152593K (60%)
----------------- Invoking toplevel() on ptolemy.moml.MoMLSimpleApplication@619f63d3
----------------- Done invoking toplevel() on ptolemy.moml.MoMLSimpleApplication@619f63d3
reloadAllAccessors: .ContinuousWithinContinuous

===========================================================================================
----------------- testing Sat Nov 16 06:15:18 UTC 2019 /home/travis/build/icyphy/ptII/ptolemy/domains/continuous/test/auto/ContinuousWithinContinuous2.xml
----------------- Instantiating /home/travis/build/icyphy/ptII/ptolemy/domains/continuous/test/auto/ContinuousWithinContinuous2.xml
78 ms. Memory: 253952K Free: 141329K (56%)
----------------- Invoking toplevel() on ptolemy.moml.MoMLSimpleApplication@34d908d5
----------------- Done invoking toplevel() on ptolemy.moml.MoMLSimpleApplication@34d908d5
reloadAllAccessors: .ContinuousWithinContinuous2

===========================================================================================
----------------- testing Sat Nov 16 06:15:18 UTC 2019 /home/travis/build/icyphy/ptII/ptolemy/domains/continuous/test/auto/ContinuousWithinContinuous3.xml
----------------- Instantiating /home/travis/build/icyphy/ptII/ptolemy/domains/continuous/test/auto/ContinuousWithinContinuous3.xml
14 ms. Memory: 253952K Free: 134161K (53%)
----------------- Invoking toplevel() on ptolemy.moml.MoMLSimpleApplication@3f5ac760
----------------- Done invoking toplevel() on ptolemy.moml.MoMLSimpleApplication@3f5ac760
reloadAllAccessors: .ContinuousWithinContinuous3

===========================================================================================
----------------- testing Sat Nov 16 06:15:18 UTC 2019 /home/travis/build/icyphy/ptII/ptolemy/domains/continuous/test/auto/ContinuousWithinContinuous4.xml
----------------- Instantiating /home/travis/build/icyphy/ptII/ptolemy/domains/continuous/test/auto/ContinuousWithinContinuous4.xml
76 ms. Memory: 253952K Free: 121873K (48%)
----------------- Invoking toplevel() on ptolemy.moml.MoMLSimpleApplication@63e6b082
----------------- Done invoking toplevel() on ptolemy.moml.MoMLSimpleApplication@63e6b082
reloadAllAccessors: .ContinuousWithinContinuous4

===========================================================================================
----------------- testing Sat Nov 16 06:15:18 UTC 2019 /home/travis/build/icyphy/ptII/ptolemy/domains/continuous/test/auto/ContinuousWithinContinuous5.xml
----------------- Instantiating /home/travis/build/icyphy/ptII/ptolemy/domains/continuous/test/auto/ContinuousWithinContinuous5.xml
18 ms. Memory: 253952K Free: 114705K (45%)
----------------- Invoking toplevel() on ptolemy.moml.MoMLSimpleApplication@22064c5f
----------------- Done invoking toplevel() on ptolemy.moml.MoMLSimpleApplication@22064c5f
reloadAllAccessors: .ContinuousWithinContinuous5

===========================================================================================
----------------- testing Sat Nov 16 06:15:18 UTC 2019 /home/travis/build/icyphy/ptII/ptolemy/domains/continuous/test/auto/ContinuousWithinContinuous6.xml
----------------- Instantiating /home/travis/build/icyphy/ptII/ptolemy/domains/continuous/test/auto/ContinuousWithinContinuous6.xml
14 ms. Memory: 253952K Free: 108051K (43%)
----------------- Invoking toplevel() on ptolemy.moml.MoMLSimpleApplication@78397f3d
----------------- Done invoking toplevel() on ptolemy.moml.MoMLSimpleApplication@78397f3d
reloadAllAccessors: .ContinuousWithinContinuous6

===========================================================================================
----------------- testing Sat Nov 16 06:15:18 UTC 2019 /home/travis/build/icyphy/ptII/ptolemy/domains/continuous/test/auto/ContinuousWithinContinuous7.xml
----------------- Instantiating /home/travis/build/icyphy/ptII/ptolemy/domains/continuous/test/auto/ContinuousWithinContinuous7.xml
65 ms. Memory: 253952K Free: 97297K (38%)
----------------- Invoking toplevel() on ptolemy.moml.MoMLSimpleApplication@4a36b33c
----------------- Done invoking toplevel() on ptolemy.moml.MoMLSimpleApplication@4a36b33c
reloadAllAccessors: .ContinuousWithinContinuous7

===========================================================================================
----------------- testing Sat Nov 16 06:15:19 UTC 2019 /home/travis/build/icyphy/ptII/ptolemy/domains/continuous/test/auto/DCMotor.xml
----------------- Instantiating /home/travis/build/icyphy/ptII/ptolemy/domains/continuous/test/auto/DCMotor.xml
14482 ms. Memory: 253952K Free: 174609K (69%)
----------------- Invoking toplevel() on ptolemy.moml.MoMLSimpleApplication@1d9b103
----------------- Done invoking toplevel() on ptolemy.moml.MoMLSimpleApplication@1d9b103
reloadAllAccessors: .DCMotor

===========================================================================================
----------------- testing Sat Nov 16 06:15:33 UTC 2019 /home/travis/build/icyphy/ptII/ptolemy/domains/continuous/test/auto/DEInContinuous.xml
----------------- Instantiating /home/travis/build/icyphy/ptII/ptolemy/domains/continuous/test/auto/DEInContinuous.xml
9 ms. Memory: 253952K Free: 168479K (66%)
----------------- Invoking toplevel() on ptolemy.moml.MoMLSimpleApplication@7c351630
----------------- Done invoking toplevel() on ptolemy.moml.MoMLSimpleApplication@7c351630
reloadAllAccessors: .DEInContinuous

===========================================================================================
----------------- testing Sat Nov 16 06:15:33 UTC 2019 /home/travis/build/icyphy/ptII/ptolemy/domains/continuous/test/auto/DEinContinuous2.xml
----------------- Instantiating /home/travis/build/icyphy/ptII/ptolemy/domains/continuous/test/auto/DEinContinuous2.xml
10 ms. Memory: 253952K Free: 160801K (63%)
----------------- Invoking toplevel() on ptolemy.moml.MoMLSimpleApplication@2271e489
----------------- Done invoking toplevel() on ptolemy.moml.MoMLSimpleApplication@2271e489
reloadAllAccessors: .DEinContinuous2

===========================================================================================
----------------- testing Sat Nov 16 06:15:33 UTC 2019 /home/travis/build/icyphy/ptII/ptolemy/domains/continuous/test/auto/Derivative.xml
----------------- Instantiating /home/travis/build/icyphy/ptII/ptolemy/domains/continuous/test/auto/Derivative.xml
163 ms. Memory: 253952K Free: 131615K (52%)
----------------- Invoking toplevel() on ptolemy.moml.MoMLSimpleApplication@371b6999
----------------- Done invoking toplevel() on ptolemy.moml.MoMLSimpleApplication@371b6999
reloadAllAccessors: .Derivative2

===========================================================================================
----------------- testing Sat Nov 16 06:15:33 UTC 2019 /home/travis/build/icyphy/ptII/ptolemy/domains/continuous/test/auto/Derivative1.xml
----------------- Instantiating /home/travis/build/icyphy/ptII/ptolemy/domains/continuous/test/auto/Derivative1.xml
34 ms. Memory: 253952K Free: 117279K (46%)
----------------- Invoking toplevel() on ptolemy.moml.MoMLSimpleApplication@430ae450
----------------- Done invoking toplevel() on ptolemy.moml.MoMLSimpleApplication@430ae450
reloadAllAccessors: .Derivative1

===========================================================================================
----------------- testing Sat Nov 16 06:15:34 UTC 2019 /home/travis/build/icyphy/ptII/ptolemy/domains/continuous/test/auto/DiscreteClock.xml
----------------- Instantiating /home/travis/build/icyphy/ptII/ptolemy/domains/continuous/test/auto/DiscreteClock.xml
4 ms. Memory: 253952K Free: 112159K (44%)
----------------- Invoking toplevel() on ptolemy.moml.MoMLSimpleApplication@3823038d
----------------- Done invoking toplevel() on ptolemy.moml.MoMLSimpleApplication@3823038d
reloadAllAccessors: .DiscreteClock

===========================================================================================
----------------- testing Sat Nov 16 06:15:34 UTC 2019 /home/travis/build/icyphy/ptII/ptolemy/domains/continuous/test/auto/EfficiencyCurve.xml
----------------- Instantiating /home/travis/build/icyphy/ptII/ptolemy/domains/continuous/test/auto/EfficiencyCurve.xml
68 ms. Memory: 253952K Free: 102943K (41%)
----------------- Invoking toplevel() on ptolemy.moml.MoMLSimpleApplication@2a716337
----------------- Done invoking toplevel() on ptolemy.moml.MoMLSimpleApplication@2a716337
reloadAllAccessors: .EfficiencyCurve

===========================================================================================
----------------- testing Sat Nov 16 06:15:34 UTC 2019 /home/travis/build/icyphy/ptII/ptolemy/domains/continuous/test/auto/ExponentialResponse.xml
----------------- Instantiating /home/travis/build/icyphy/ptII/ptolemy/domains/continuous/test/auto/ExponentialResponse.xml
112 ms. Memory: 253952K Free: 237722K (94%)
----------------- Invoking toplevel() on ptolemy.moml.MoMLSimpleApplication@42866eab
----------------- Done invoking toplevel() on ptolemy.moml.MoMLSimpleApplication@42866eab
reloadAllAccessors: .ExponentialResponse

===========================================================================================
----------------- testing Sat Nov 16 06:15:34 UTC 2019 /home/travis/build/icyphy/ptII/ptolemy/domains/continuous/test/auto/ExponentialResponseRK45.xml
----------------- Instantiating /home/travis/build/icyphy/ptII/ptolemy/domains/continuous/test/auto/ExponentialResponseRK45.xml
27 ms. Memory: 253952K Free: 230769K (91%)
----------------- Invoking toplevel() on ptolemy.moml.MoMLSimpleApplication@155115a
----------------- Done invoking toplevel() on ptolemy.moml.MoMLSimpleApplication@155115a
reloadAllAccessors: .ExponentialResponseRK45

===========================================================================================
----------------- testing Sat Nov 16 06:15:34 UTC 2019 /home/travis/build/icyphy/ptII/ptolemy/domains/continuous/test/auto/Friction.xml
----------------- Instantiating /home/travis/build/icyphy/ptII/ptolemy/domains/continuous/test/auto/Friction.xml
1634 ms. Memory: 253952K Free: 103669K (41%)
----------------- Invoking toplevel() on ptolemy.moml.MoMLSimpleApplication@5cd2d06d
----------------- Done invoking toplevel() on ptolemy.moml.MoMLSimpleApplication@5cd2d06d
reloadAllAccessors: .Friction

===========================================================================================
----------------- testing Sat Nov 16 06:15:36 UTC 2019 /home/travis/build/icyphy/ptII/ptolemy/domains/continuous/test/auto/FurutaPendulum.xml
----------------- Instantiating /home/travis/build/icyphy/ptII/ptolemy/domains/continuous/test/auto/FurutaPendulum.xml
3698 ms. Memory: 253952K Free: 187811K (74%)
----------------- Invoking toplevel() on ptolemy.moml.MoMLSimpleApplication@70e09d43
----------------- Done invoking toplevel() on ptolemy.moml.MoMLSimpleApplication@70e09d43
reloadAllAccessors: .FurutaPendulum

===========================================================================================
----------------- testing Sat Nov 16 06:15:39 UTC 2019 /home/travis/build/icyphy/ptII/ptolemy/domains/continuous/test/auto/HierarchicalExecution.xml
----------------- Instantiating /home/travis/build/icyphy/ptII/ptolemy/domains/continuous/test/auto/HierarchicalExecution.xml
1902 ms. Memory: 305152K Free: 256159K (84%)
----------------- Invoking toplevel() on ptolemy.moml.MoMLSimpleApplication@229f6c75
----------------- Done invoking toplevel() on ptolemy.moml.MoMLSimpleApplication@229f6c75
reloadAllAccessors: .HierarchicalExecution

===========================================================================================
----------------- testing Sat Nov 16 06:15:42 UTC 2019 /home/travis/build/icyphy/ptII/ptolemy/domains/continuous/test/auto/HybridPlant.xml
----------------- Instantiating /home/travis/build/icyphy/ptII/ptolemy/domains/continuous/test/auto/HybridPlant.xml
550 ms. Memory: 305152K Free: 172568K (57%)
----------------- Invoking toplevel() on ptolemy.moml.MoMLSimpleApplication@59280423
----------------- Done invoking toplevel() on ptolemy.moml.MoMLSimpleApplication@59280423
reloadAllAccessors: .HybridPlant

===========================================================================================
----------------- testing Sat Nov 16 06:15:43 UTC 2019 /home/travis/build/icyphy/ptII/ptolemy/domains/continuous/test/auto/Hysteresis.xml
----------------- Instantiating /home/travis/build/icyphy/ptII/ptolemy/domains/continuous/test/auto/Hysteresis.xml
150 ms. Memory: 305152K Free: 110104K (36%)
----------------- Invoking toplevel() on ptolemy.moml.MoMLSimpleApplication@372b0129
----------------- Done invoking toplevel() on ptolemy.moml.MoMLSimpleApplication@372b0129
reloadAllAccessors: .Hysteresis

===========================================================================================
----------------- testing Sat Nov 16 06:15:43 UTC 2019 /home/travis/build/icyphy/ptII/ptolemy/domains/continuous/test/auto/HysteresisWithRandomDelay.xml
----------------- Instantiating /home/travis/build/icyphy/ptII/ptolemy/domains/continuous/test/auto/HysteresisWithRandomDelay.xml
188 ms. Memory: 305152K Free: 216982K (71%)
----------------- Invoking toplevel() on ptolemy.moml.MoMLSimpleApplication@39f7c2d5
----------------- Done invoking toplevel() on ptolemy.moml.MoMLSimpleApplication@39f7c2d5
reloadAllAccessors: .HysteresisWithRandomDelay

===========================================================================================
----------------- testing Sat Nov 16 06:15:43 UTC 2019 /home/travis/build/icyphy/ptII/ptolemy/domains/continuous/test/auto/HysteresisWithRandomLosses.xml
----------------- Instantiating /home/travis/build/icyphy/ptII/ptolemy/domains/continuous/test/auto/HysteresisWithRandomLosses.xml
2506 ms. Memory: 305152K Free: 200581K (66%)
----------------- Invoking toplevel() on ptolemy.moml.MoMLSimpleApplication@225f7cc6
----------------- Done invoking toplevel() on ptolemy.moml.MoMLSimpleApplication@225f7cc6
reloadAllAccessors: .HysteresisWithRandomLosses

===========================================================================================
----------------- testing Sat Nov 16 06:15:46 UTC 2019 /home/travis/build/icyphy/ptII/ptolemy/domains/continuous/test/auto/ImmediateTransitions.xml
----------------- Instantiating /home/travis/build/icyphy/ptII/ptolemy/domains/continuous/test/auto/ImmediateTransitions.xml
11 ms. Memory: 305152K Free: 189831K (62%)
----------------- Invoking toplevel() on ptolemy.moml.MoMLSimpleApplication@4313ab5c
----------------- Done invoking toplevel() on ptolemy.moml.MoMLSimpleApplication@4313ab5c
reloadAllAccessors: .ImmediateTransitions

===========================================================================================
----------------- testing Sat Nov 16 06:15:46 UTC 2019 /home/travis/build/icyphy/ptII/ptolemy/domains/continuous/test/auto/ImpulseFeedback.xml
----------------- Instantiating /home/travis/build/icyphy/ptII/ptolemy/domains/continuous/test/auto/ImpulseFeedback.xml
10 ms. Memory: 305152K Free: 184197K (60%)
----------------- Invoking toplevel() on ptolemy.moml.MoMLSimpleApplication@7ab1662c
----------------- Done invoking toplevel() on ptolemy.moml.MoMLSimpleApplication@7ab1662c
reloadAllAccessors: .ImpulseFeedback

===========================================================================================
----------------- testing Sat Nov 16 06:15:46 UTC 2019 /home/travis/build/icyphy/ptII/ptolemy/domains/continuous/test/auto/ImpulseFeedback2.xml
----------------- Instantiating /home/travis/build/icyphy/ptII/ptolemy/domains/continuous/test/auto/ImpulseFeedback2.xml
6 ms. Memory: 305152K Free: 178567K (59%)
----------------- Invoking toplevel() on ptolemy.moml.MoMLSimpleApplication@48fdd185
----------------- Done invoking toplevel() on ptolemy.moml.MoMLSimpleApplication@48fdd185
reloadAllAccessors: .ImpulseFeedback2

===========================================================================================
----------------- testing Sat Nov 16 06:15:46 UTC 2019 /home/travis/build/icyphy/ptII/ptolemy/domains/continuous/test/auto/IncreasingRatePoisson.xml
----------------- Instantiating /home/travis/build/icyphy/ptII/ptolemy/domains/continuous/test/auto/IncreasingRatePoisson.xml
764 ms. Memory: 305152K Free: 234357K (77%)
----------------- Invoking toplevel() on ptolemy.moml.MoMLSimpleApplication@22bbebc1
----------------- Done invoking toplevel() on ptolemy.moml.MoMLSimpleApplication@22bbebc1
reloadAllAccessors: .IncreasingRatePoisson

===========================================================================================
----------------- testing Sat Nov 16 06:15:47 UTC 2019 /home/travis/build/icyphy/ptII/ptolemy/domains/continuous/test/auto/InitialStateFeedback.xml
----------------- Instantiating /home/travis/build/icyphy/ptII/ptolemy/domains/continuous/test/auto/InitialStateFeedback.xml
7 ms. Memory: 305152K Free: 229751K (75%)
----------------- Invoking toplevel() on ptolemy.moml.MoMLSimpleApplication@60fba38f
----------------- Done invoking toplevel() on ptolemy.moml.MoMLSimpleApplication@60fba38f
reloadAllAccessors: .InitialStateFeedback

===========================================================================================
----------------- testing Sat Nov 16 06:15:47 UTC 2019 /home/travis/build/icyphy/ptII/ptolemy/domains/continuous/test/auto/Integration.xml
----------------- Instantiating /home/travis/build/icyphy/ptII/ptolemy/domains/continuous/test/auto/Integration.xml
3 ms. Memory: 305152K Free: 225655K (74%)
----------------- Invoking toplevel() on ptolemy.moml.MoMLSimpleApplication@68c5111
----------------- Done invoking toplevel() on ptolemy.moml.MoMLSimpleApplication@68c5111
reloadAllAccessors: .Integration

===========================================================================================
----------------- testing Sat Nov 16 06:15:47 UTC 2019 /home/travis/build/icyphy/ptII/ptolemy/domains/continuous/test/auto/Integration2.xml
----------------- Instantiating /home/travis/build/icyphy/ptII/ptolemy/domains/continuous/test/auto/Integration2.xml
86 ms. Memory: 305152K Free: 211319K (69%)
----------------- Invoking toplevel() on ptolemy.moml.MoMLSimpleApplication@56876d37
----------------- Done invoking toplevel() on ptolemy.moml.MoMLSimpleApplication@56876d37
reloadAllAccessors: .Integration2

===========================================================================================
----------------- testing Sat Nov 16 06:15:47 UTC 2019 /home/travis/build/icyphy/ptII/ptolemy/domains/continuous/test/auto/Integration3.xml
----------------- Instantiating /home/travis/build/icyphy/ptII/ptolemy/domains/continuous/test/auto/Integration3.xml
7 ms. Memory: 305152K Free: 206709K (68%)
----------------- Invoking toplevel() on ptolemy.moml.MoMLSimpleApplication@1c102eaf
----------------- Done invoking toplevel() on ptolemy.moml.MoMLSimpleApplication@1c102eaf
reloadAllAccessors: .Integration3

===========================================================================================
----------------- testing Sat Nov 16 06:15:47 UTC 2019 /home/travis/build/icyphy/ptII/ptolemy/domains/continuous/test/auto/Integration5.xml
----------------- Instantiating /home/travis/build/icyphy/ptII/ptolemy/domains/continuous/test/auto/Integration5.xml
3 ms. Memory: 305152K Free: 202613K (66%)
----------------- Invoking toplevel() on ptolemy.moml.MoMLSimpleApplication@2156e957
----------------- Done invoking toplevel() on ptolemy.moml.MoMLSimpleApplication@2156e957
reloadAllAccessors: .Integration5

===========================================================================================
----------------- testing Sat Nov 16 06:15:47 UTC 2019 /home/travis/build/icyphy/ptII/ptolemy/domains/continuous/test/auto/IntegratorImpulse.xml
----------------- Instantiating /home/travis/build/icyphy/ptII/ptolemy/domains/continuous/test/auto/IntegratorImpulse.xml
3 ms. Memory: 305152K Free: 198517K (65%)
----------------- Invoking toplevel() on ptolemy.moml.MoMLSimpleApplication@3ff46e3c
----------------- Done invoking toplevel() on ptolemy.moml.MoMLSimpleApplication@3ff46e3c
reloadAllAccessors: .IntegratorImpulse

===========================================================================================
----------------- testing Sat Nov 16 06:15:47 UTC 2019 /home/travis/build/icyphy/ptII/ptolemy/domains/continuous/test/auto/IntegratorImpulse2.xml
----------------- Instantiating /home/travis/build/icyphy/ptII/ptolemy/domains/continuous/test/auto/IntegratorImpulse2.xml
4 ms. Memory: 305152K Free: 193911K (64%)
----------------- Invoking toplevel() on ptolemy.moml.MoMLSimpleApplication@5655bf6f
----------------- Done invoking toplevel() on ptolemy.moml.MoMLSimpleApplication@5655bf6f
reloadAllAccessors: .IntegratorImpulse2

===========================================================================================
----------------- testing Sat Nov 16 06:15:47 UTC 2019 /home/travis/build/icyphy/ptII/ptolemy/domains/continuous/test/auto/LevelCrossing1.xml
----------------- Instantiating /home/travis/build/icyphy/ptII/ptolemy/domains/continuous/test/auto/LevelCrossing1.xml
3 ms. Memory: 305152K Free: 188791K (62%)
----------------- Invoking toplevel() on ptolemy.moml.MoMLSimpleApplication@7caae0e5
----------------- Done invoking toplevel() on ptolemy.moml.MoMLSimpleApplication@7caae0e5
reloadAllAccessors: .LevelCrossing1

===========================================================================================
----------------- testing Sat Nov 16 06:15:47 UTC 2019 /home/travis/build/icyphy/ptII/ptolemy/domains/continuous/test/auto/LevelCrossing2.xml
----------------- Instantiating /home/travis/build/icyphy/ptII/ptolemy/domains/continuous/test/auto/LevelCrossing2.xml
4 ms. Memory: 305152K Free: 183671K (60%)
----------------- Invoking toplevel() on ptolemy.moml.MoMLSimpleApplication@2ec79ee6
----------------- Done invoking toplevel() on ptolemy.moml.MoMLSimpleApplication@2ec79ee6
reloadAllAccessors: .LevelCrossing2

===========================================================================================
----------------- testing Sat Nov 16 06:15:47 UTC 2019 /home/travis/build/icyphy/ptII/ptolemy/domains/continuous/test/auto/LevelCrossing3.xml
----------------- Instantiating /home/travis/build/icyphy/ptII/ptolemy/domains/continuous/test/auto/LevelCrossing3.xml
4 ms. Memory: 305152K Free: 178551K (59%)
----------------- Invoking toplevel() on ptolemy.moml.MoMLSimpleApplication@28e2c84a
----------------- Done invoking toplevel() on ptolemy.moml.MoMLSimpleApplication@28e2c84a
reloadAllAccessors: .LevelCrossing3

===========================================================================================
----------------- testing Sat Nov 16 06:15:47 UTC 2019 /home/travis/build/icyphy/ptII/ptolemy/domains/continuous/test/auto/LevelCrossing4.xml
----------------- Instantiating /home/travis/build/icyphy/ptII/ptolemy/domains/continuous/test/auto/LevelCrossing4.xml
4 ms. Memory: 305152K Free: 173431K (57%)
----------------- Invoking toplevel() on ptolemy.moml.MoMLSimpleApplication@cd3520d
----------------- Done invoking toplevel() on ptolemy.moml.MoMLSimpleApplication@cd3520d
reloadAllAccessors: .LevelCrossing4

===========================================================================================
----------------- testing Sat Nov 16 06:15:47 UTC 2019 /home/travis/build/icyphy/ptII/ptolemy/domains/continuous/test/auto/LevelCrossing5.xml
----------------- Instantiating /home/travis/build/icyphy/ptII/ptolemy/domains/continuous/test/auto/LevelCrossing5.xml
6 ms. Memory: 305152K Free: 168311K (55%)
----------------- Invoking toplevel() on ptolemy.moml.MoMLSimpleApplication@3d3cd5b
----------------- Done invoking toplevel() on ptolemy.moml.MoMLSimpleApplication@3d3cd5b
reloadAllAccessors: .LevelCrossing5

===========================================================================================
[...]
----------------- testing Sat Nov 16 06:16:05 UTC 2019 /home/travis/build/icyphy/ptII/ptolemy/domains/continuous/test/auto/SRinContinuous.xml
----------------- Instantiating /home/travis/build/icyphy/ptII/ptolemy/domains/continuous/test/auto/SRinContinuous.xml
5 ms. Memory: 305152K Free: 198791K (65%)
----------------- Invoking toplevel() on ptolemy.moml.MoMLSimpleApplication@50b1cbbc
----------------- Done invoking toplevel() on ptolemy.moml.MoMLSimpleApplication@50b1cbbc
reloadAllAccessors: .SRinContinuous

===========================================================================================
----------------- testing Sat Nov 16 06:16:05 UTC 2019 /home/travis/build/icyphy/ptII/ptolemy/domains/continuous/test/auto/SampledClocks.xml
----------------- Instantiating /home/travis/build/icyphy/ptII/ptolemy/domains/continuous/test/auto/SampledClocks.xml
7 ms. Memory: 305152K Free: 185993K (61%)
----------------- Invoking toplevel() on ptolemy.moml.MoMLSimpleApplication@3648add2
----------------- Done invoking toplevel() on ptolemy.moml.MoMLSimpleApplication@3648add2
reloadAllAccessors: .SampledClocks

===========================================================================================
----------------- testing Sat Nov 16 06:16:05 UTC 2019 /home/travis/build/icyphy/ptII/ptolemy/domains/continuous/test/auto/Satellite.xml
----------------- Instantiating /home/travis/build/icyphy/ptII/ptolemy/domains/continuous/test/auto/Satellite.xml
929 ms. Memory: 305152K Free: 165544K (54%)
----------------- Invoking toplevel() on ptolemy.moml.MoMLSimpleApplication@54fd5b3b
----------------- Done invoking toplevel() on ptolemy.moml.MoMLSimpleApplication@54fd5b3b
reloadAllAccessors: .Satellite

===========================================================================================
----------------- testing Sat Nov 16 06:16:06 UTC 2019 /home/travis/build/icyphy/ptII/ptolemy/domains/continuous/test/auto/SigmaDelta.xml
----------------- Instantiating /home/travis/build/icyphy/ptII/ptolemy/domains/continuous/test/auto/SigmaDelta.xml
2523 ms. Memory: 305152K Free: 258944K (85%)
----------------- Invoking toplevel() on ptolemy.moml.MoMLSimpleApplication@6324d5b9
----------------- Done invoking toplevel() on ptolemy.moml.MoMLSimpleApplication@6324d5b9
reloadAllAccessors: .SigmaDelta

===========================================================================================
----------------- testing Sat Nov 16 06:16:09 UTC 2019 /home/travis/build/icyphy/ptII/ptolemy/domains/continuous/test/auto/SingleRefinement.xml
----------------- Instantiating /home/travis/build/icyphy/ptII/ptolemy/domains/continuous/test/auto/SingleRefinement.xml
386 ms. Memory: 305152K Free: 255354K (84%)
----------------- Invoking toplevel() on ptolemy.moml.MoMLSimpleApplication@6825db63
----------------- Done invoking toplevel() on ptolemy.moml.MoMLSimpleApplication@6825db63
reloadAllAccessors: .SingleRefinement

===========================================================================================
----------------- testing Sat Nov 16 06:16:09 UTC 2019 /home/travis/build/icyphy/ptII/ptolemy/domains/continuous/test/auto/SinuBouncingBall.xml
----------------- Instantiating /home/travis/build/icyphy/ptII/ptolemy/domains/continuous/test/auto/SinuBouncingBall.xml
795 ms. Memory: 305152K Free: 216440K (71%)
----------------- Invoking toplevel() on ptolemy.moml.MoMLSimpleApplication@72af9dda
----------------- Done invoking toplevel() on ptolemy.moml.MoMLSimpleApplication@72af9dda
reloadAllAccessors: .SinuBouncingBall

===========================================================================================
----------------- testing Sat Nov 16 06:16:10 UTC 2019 /home/travis/build/icyphy/ptII/ptolemy/domains/continuous/test/auto/Sinusoid.xml
----------------- Instantiating /home/travis/build/icyphy/ptII/ptolemy/domains/continuous/test/auto/Sinusoid.xml
5 ms. Memory: 305152K Free: 211815K (69%)
----------------- Invoking toplevel() on ptolemy.moml.MoMLSimpleApplication@2e00ee47
----------------- Done invoking toplevel() on ptolemy.moml.MoMLSimpleApplication@2e00ee47
reloadAllAccessors: .Sinusoid

===========================================================================================
----------------- testing Sat Nov 16 06:16:10 UTC 2019 /home/travis/build/icyphy/ptII/ptolemy/domains/continuous/test/auto/SinusoidInNoise.xml
----------------- Instantiating /home/travis/build/icyphy/ptII/ptolemy/domains/continuous/test/auto/SinusoidInNoise.xml
1027 ms. Memory: 305152K Free: 257237K (84%)
----------------- Invoking toplevel() on ptolemy.moml.MoMLSimpleApplication@26dbb1bf
----------------- Done invoking toplevel() on ptolemy.moml.MoMLSimpleApplication@26dbb1bf
reloadAllAccessors: .SinusoidInNoise

===========================================================================================
----------------- testing Sat Nov 16 06:16:11 UTC 2019 /home/travis/build/icyphy/ptII/ptolemy/domains/continuous/test/auto/SinusoidRK45.xml
----------------- Instantiating /home/travis/build/icyphy/ptII/ptolemy/domains/continuous/test/auto/SinusoidRK45.xml
2 ms. Memory: 305152K Free: 252613K (83%)
----------------- Invoking toplevel() on ptolemy.moml.MoMLSimpleApplication@753ebcfd
----------------- Done invoking toplevel() on ptolemy.moml.MoMLSimpleApplication@753ebcfd
reloadAllAccessors: .SinusoidRK45

===========================================================================================
----------------- testing Sat Nov 16 06:16:11 UTC 2019 /home/travis/build/icyphy/ptII/ptolemy/domains/continuous/test/auto/SinusoidWithMultipleImpulses.xml
----------------- Instantiating /home/travis/build/icyphy/ptII/ptolemy/domains/continuous/test/auto/SinusoidWithMultipleImpulses.xml
5 ms. Memory: 305152K Free: 248021K (81%)
----------------- Invoking toplevel() on ptolemy.moml.MoMLSimpleApplication@658453fa
----------------- Done invoking toplevel() on ptolemy.moml.MoMLSimpleApplication@658453fa
reloadAllAccessors: .SinusoidWithMultipleImpulses

===========================================================================================
----------------- testing Sat Nov 16 06:16:11 UTC 2019 /home/travis/build/icyphy/ptII/ptolemy/domains/continuous/test/auto/SquareWave.xml
----------------- Instantiating /home/travis/build/icyphy/ptII/ptolemy/domains/continuous/test/auto/SquareWave.xml
144 ms. Memory: 305152K Free: 220373K (72%)
----------------- Invoking toplevel() on ptolemy.moml.MoMLSimpleApplication@1e4a8c71
----------------- Done invoking toplevel() on ptolemy.moml.MoMLSimpleApplication@1e4a8c71
reloadAllAccessors: .SquareWave

===========================================================================================
----------------- testing Sat Nov 16 06:16:11 UTC 2019 /home/travis/build/icyphy/ptII/ptolemy/domains/continuous/test/auto/Starmac.xml
----------------- Instantiating /home/travis/build/icyphy/ptII/ptolemy/domains/continuous/test/auto/Starmac.xml
3067 ms. Memory: 305152K Free: 260652K (85%)
----------------- Invoking toplevel() on ptolemy.moml.MoMLSimpleApplication@197c0124
----------------- Done invoking toplevel() on ptolemy.moml.MoMLSimpleApplication@197c0124
reloadAllAccessors: .Starmac

===========================================================================================
----------------- testing Sat Nov 16 06:16:15 UTC 2019 /home/travis/build/icyphy/ptII/ptolemy/domains/continuous/test/auto/StaticUnits.xml
----------------- Instantiating /home/travis/build/icyphy/ptII/ptolemy/domains/continuous/test/auto/StaticUnits.xml
2252 ms. Memory: 366592K Free: 211220K (58%)
----------------- Invoking toplevel() on ptolemy.moml.MoMLSimpleApplication@699e282e
----------------- Done invoking toplevel() on ptolemy.moml.MoMLSimpleApplication@699e282e
reloadAllAccessors: .StaticUnits

===========================================================================================
----------------- testing Sat Nov 16 06:16:18 UTC 2019 /home/travis/build/icyphy/ptII/ptolemy/domains/continuous/test/auto/StickyMasses.xml
----------------- Instantiating /home/travis/build/icyphy/ptII/ptolemy/domains/continuous/test/auto/StickyMasses.xml
156 ms. Memory: 366592K Free: 161554K (44%)
----------------- Invoking toplevel() on ptolemy.moml.MoMLSimpleApplication@75b941e8
----------------- Done invoking toplevel() on ptolemy.moml.MoMLSimpleApplication@75b941e8
reloadAllAccessors: .StickyMasses

===========================================================================================
----------------- testing Sat Nov 16 06:16:18 UTC 2019 /home/travis/build/icyphy/ptII/ptolemy/domains/continuous/test/auto/StopTime.xml
----------------- Instantiating /home/travis/build/icyphy/ptII/ptolemy/domains/continuous/test/auto/StopTime.xml
51 ms. Memory: 366592K Free: 136468K (37%)
----------------- Invoking toplevel() on ptolemy.moml.MoMLSimpleApplication@6b4bfe44
----------------- Done invoking toplevel() on ptolemy.moml.MoMLSimpleApplication@6b4bfe44
reloadAllAccessors: .StopTime

===========================================================================================
----------------- testing Sat Nov 16 06:16:18 UTC 2019 /home/travis/build/icyphy/ptII/ptolemy/domains/continuous/test/auto/StopTime2.xml
----------------- Instantiating /home/travis/build/icyphy/ptII/ptolemy/domains/continuous/test/auto/StopTime2.xml
34 ms. Memory: 366592K Free: 328457K (90%)
----------------- Invoking toplevel() on ptolemy.moml.MoMLSimpleApplication@9d4acca
----------------- Done invoking toplevel() on ptolemy.moml.MoMLSimpleApplication@9d4acca
reloadAllAccessors: .StopTime2

===========================================================================================
----------------- testing Sat Nov 16 06:16:18 UTC 2019 /home/travis/build/icyphy/ptII/ptolemy/domains/continuous/test/auto/Switch.xml
----------------- Instantiating /home/travis/build/icyphy/ptII/ptolemy/domains/continuous/test/auto/Switch.xml
41 ms. Memory: 366592K Free: 303887K (83%)
----------------- Invoking toplevel() on ptolemy.moml.MoMLSimpleApplication@5c496cfd
----------------- Done invoking toplevel() on ptolemy.moml.MoMLSimpleApplication@5c496cfd
reloadAllAccessors: .Switch

===========================================================================================
----------------- testing Sat Nov 16 06:16:18 UTC 2019 /home/travis/build/icyphy/ptII/ptolemy/domains/continuous/test/auto/Thermostat.xml
----------------- Instantiating /home/travis/build/icyphy/ptII/ptolemy/domains/continuous/test/auto/Thermostat.xml
199 ms. Memory: 366592K Free: 231697K (63%)
----------------- Invoking toplevel() on ptolemy.moml.MoMLSimpleApplication@77c74158
----------------- Done invoking toplevel() on ptolemy.moml.MoMLSimpleApplication@77c74158
reloadAllAccessors: .Thermostat

===========================================================================================
----------------- testing Sat Nov 16 06:16:19 UTC 2019 /home/travis/build/icyphy/ptII/ptolemy/domains/continuous/test/auto/TimeDelay.xml
----------------- Instantiating /home/travis/build/icyphy/ptII/ptolemy/domains/continuous/test/auto/TimeDelay.xml
7 ms. Memory: 366592K Free: 227073K (62%)
----------------- Invoking toplevel() on ptolemy.moml.MoMLSimpleApplication@72970abf
----------------- Done invoking toplevel() on ptolemy.moml.MoMLSimpleApplication@72970abf
reloadAllAccessors: .TimeDelay

===========================================================================================
----------------- testing Sat Nov 16 06:16:19 UTC 2019 /home/travis/build/icyphy/ptII/ptolemy/domains/continuous/test/auto/TimeDelay2.xml
----------------- Instantiating /home/travis/build/icyphy/ptII/ptolemy/domains/continuous/test/auto/TimeDelay2.xml
8 ms. Memory: 366592K Free: 217361K (59%)
----------------- Invoking toplevel() on ptolemy.moml.MoMLSimpleApplication@123c6f68
----------------- Done invoking toplevel() on ptolemy.moml.MoMLSimpleApplication@123c6f68
reloadAllAccessors: .TimeDelay2

===========================================================================================
----------------- testing Sat Nov 16 06:16:19 UTC 2019 /home/travis/build/icyphy/ptII/ptolemy/domains/continuous/test/auto/TimeDelay3.xml
----------------- Instantiating /home/travis/build/icyphy/ptII/ptolemy/domains/continuous/test/auto/TimeDelay3.xml
5 ms. Memory: 366592K Free: 212718K (58%)
----------------- Invoking toplevel() on ptolemy.moml.MoMLSimpleApplication@3c82b816
----------------- Done invoking toplevel() on ptolemy.moml.MoMLSimpleApplication@3c82b816
reloadAllAccessors: .TimeDelay3

===========================================================================================
----------------- testing Sat Nov 16 06:16:19 UTC 2019 /home/travis/build/icyphy/ptII/ptolemy/domains/continuous/test/auto/TransferAbsentToInside.xml
----------------- Instantiating /home/travis/build/icyphy/ptII/ptolemy/domains/continuous/test/auto/TransferAbsentToInside.xml
31 ms. Memory: 366592K Free: 160017K (44%)
----------------- Invoking toplevel() on ptolemy.moml.MoMLSimpleApplication@1cb51e41
----------------- Done invoking toplevel() on ptolemy.moml.MoMLSimpleApplication@1cb51e41
reloadAllAccessors: .TransferAbsentToInside

===========================================================================================
----------------- testing Sat Nov 16 06:16:19 UTC 2019 /home/travis/build/icyphy/ptII/ptolemy/domains/continuous/test/auto/Transmission.xml
----------------- Instantiating /home/travis/build/icyphy/ptII/ptolemy/domains/continuous/test/auto/Transmission.xml
782 ms. Memory: 366592K Free: 141571K (39%)
----------------- Invoking toplevel() on ptolemy.moml.MoMLSimpleApplication@30bf447c
----------------- Done invoking toplevel() on ptolemy.moml.MoMLSimpleApplication@30bf447c
reloadAllAccessors: .Transmission

===========================================================================================
----------------- testing Sat Nov 16 06:16:20 UTC 2019 /home/travis/build/icyphy/ptII/ptolemy/domains/continuous/test/auto/TriggeredContinuousClock.xml
----------------- Instantiating /home/travis/build/icyphy/ptII/ptolemy/domains/continuous/test/auto/TriggeredContinuousClock.xml
46 ms. Memory: 366592K Free: 325870K (89%)
----------------- Invoking toplevel() on ptolemy.moml.MoMLSimpleApplication@7d2783c0
----------------- Done invoking toplevel() on ptolemy.moml.MoMLSimpleApplication@7d2783c0
reloadAllAccessors: .TriggeredContinuousClock

===========================================================================================
----------------- testing Sat Nov 16 06:16:20 UTC 2019 /home/travis/build/icyphy/ptII/ptolemy/domains/continuous/test/auto/TwoMachineInfiniteBusControl.xml
----------------- Instantiating /home/travis/build/icyphy/ptII/ptolemy/domains/continuous/test/auto/TwoMachineInfiniteBusControl.xml
2735 ms. Memory: 366592K Free: 161517K (44%)
----------------- Invoking toplevel() on ptolemy.moml.MoMLSimpleApplication@9c1a34d
----------------- Done invoking toplevel() on ptolemy.moml.MoMLSimpleApplication@9c1a34d
reloadAllAccessors: .TwoMachineInfiniteBusControl

===========================================================================================
----------------- testing Sat Nov 16 06:16:23 UTC 2019 /home/travis/build/icyphy/ptII/ptolemy/domains/continuous/test/auto/V2V.xml
----------------- Instantiating /home/travis/build/icyphy/ptII/ptolemy/domains/continuous/test/auto/V2V.xml
816 ms. Memory: 366592K Free: 186046K (51%)
----------------- Invoking toplevel() on ptolemy.moml.MoMLSimpleApplication@27730d11
----------------- Done invoking toplevel() on ptolemy.moml.MoMLSimpleApplication@27730d11
reloadAllAccessors: .V2V

===========================================================================================
----------------- testing Sat Nov 16 06:16:24 UTC 2019 /home/travis/build/icyphy/ptII/ptolemy/domains/continuous/test/auto/hierarchicalModalModel.xml
----------------- Instantiating /home/travis/build/icyphy/ptII/ptolemy/domains/continuous/test/auto/hierarchicalModalModel.xml
20 ms. Memory: 366592K Free: 172238K (47%)
----------------- Invoking toplevel() on ptolemy.moml.MoMLSimpleApplication@7dd6d393
----------------- Done invoking toplevel() on ptolemy.moml.MoMLSimpleApplication@7dd6d393
reloadAllAccessors: .hierarchicalModalModel

===========================================================================================
----------------- testing Sat Nov 16 06:16:24 UTC 2019 /home/travis/build/icyphy/ptII/ptolemy/domains/continuous/test/auto/hierarchicalModalModel1.xml
----------------- Instantiating /home/travis/build/icyphy/ptII/ptolemy/domains/continuous/test/auto/hierarchicalModalModel1.xml
10 ms. Memory: 366592K Free: 157902K (43%)
----------------- Invoking toplevel() on ptolemy.moml.MoMLSimpleApplication@34f6e2cc
----------------- Done invoking toplevel() on ptolemy.moml.MoMLSimpleApplication@34f6e2cc
reloadAllAccessors: .hierarchicalModalModel1

===========================================================================================
----------------- testing Sat Nov 16 06:16:24 UTC 2019 /home/travis/build/icyphy/ptII/ptolemy/domains/continuous/test/auto/hierarchicalModalModel2.xml
----------------- Instantiating /home/travis/build/icyphy/ptII/ptolemy/domains/continuous/test/auto/hierarchicalModalModel2.xml
7 ms. Memory: 366592K Free: 145614K (40%)
----------------- Invoking toplevel() on ptolemy.moml.MoMLSimpleApplication@7a9332a4
----------------- Done invoking toplevel() on ptolemy.moml.MoMLSimpleApplication@7a9332a4
reloadAllAccessors: .hierarchicalModalModel2

===========================================================================================
----------------- testing Sat Nov 16 06:16:24 UTC 2019 /home/travis/build/icyphy/ptII/ptolemy/domains/continuous/test/auto/hierarchicalModalModel3.xml
----------------- Instantiating /home/travis/build/icyphy/ptII/ptolemy/domains/continuous/test/auto/hierarchicalModalModel3.xml
11 ms. Memory: 366592K Free: 134860K (37%)
----------------- Invoking toplevel() on ptolemy.moml.MoMLSimpleApplication@5f2db50f
----------------- Done invoking toplevel() on ptolemy.moml.MoMLSimpleApplication@5f2db50f
reloadAllAccessors: .hierarchicalModalModel3

===========================================================================================
----------------- testing Sat Nov 16 06:16:24 UTC 2019 /home/travis/build/icyphy/ptII/ptolemy/domains/continuous/test/auto/hierarchicalModalModel4.xml
----------------- Instantiating /home/travis/build/icyphy/ptII/ptolemy/domains/continuous/test/auto/hierarchicalModalModel4.xml
5 ms. Memory: 366592K Free: 336066K (92%)
----------------- Invoking toplevel() on ptolemy.moml.MoMLSimpleApplication@561e1945
----------------- Done invoking toplevel() on ptolemy.moml.MoMLSimpleApplication@561e1945
reloadAllAccessors: .hierarchicalModalModel4

===========================================================================================
----------------- testing Sat Nov 16 06:16:24 UTC 2019 /home/travis/build/icyphy/ptII/ptolemy/domains/continuous/test/auto/junk.xml
----------------- Instantiating /home/travis/build/icyphy/ptII/ptolemy/domains/continuous/test/auto/junk.xml
144 ms. Memory: 366592K Free: 307394K (84%)
----------------- Invoking toplevel() on ptolemy.moml.MoMLSimpleApplication@5d5e0e07
----------------- Done invoking toplevel() on ptolemy.moml.MoMLSimpleApplication@5d5e0e07
reloadAllAccessors: .junk
AutoTests.java: About to close Vertx.
AutoTests.java: Vertx closed.
]]></system-out>
  <system-err><![CDATA[Warning: '.HysteresisWithRandomDelay.NonStrictTest3' The test produced only 27 tokens, yet the correctValues parameter was expecting 30 tokens.
Warning: '.IncreasingRatePoisson.NonStrictTest' The test produced only 397 tokens, yet the correctValues parameter was expecting 402 tokens.
Warning: '.Poisson.NonStrictTest' The test produced only 411 tokens, yet the correctValues parameter was expecting 430 tokens.
]]></system-err>
</testsuite>
