<?xml version="1.0" encoding="UTF-8" ?>
<testsuite errors="0" failures="0" hostname="travis-job-537ef4be-1a13-490f-9b2e-2b0103a7f5d4" name="ptolemy.domains.de.test.junit.JUnitTclTest" skipped="0" tests="101" time="127.363" timestamp="2018-08-03T01:47:10">
  <properties>
[...]
</properties>
  <testcase classname="ptolemy.util.test.junit.TclTests" name="[0] /home/travis/build/icyphy/ptII/ptolemy/domains/de/test/DependencyLoop.tcl (RunTclFile)" time="0.653" />
  <testcase classname="ptolemy.util.test.junit.TclTests" name="[1] /home/travis/build/icyphy/ptII/ptolemy/domains/de/test/RunDETestsAsQSS.tcl (RunTclFile)" time="87.024" />
  <testcase classname="ptolemy.util.test.junit.AutoKnownFailedTests" name="[0] /home/travis/build/icyphy/ptII/ptolemy/domains/de/test/auto/knownFailedTests/DESDFClockTest.xml (RunModel)" time="2.027" />
  <testcase classname="ptolemy.util.test.junit.AutoKnownFailedTests" name="[1] /home/travis/build/icyphy/ptII/ptolemy/domains/de/test/auto/knownFailedTests/DirectFeedback.xml (RunModel)" time="0.015" />
  <testcase classname="ptolemy.util.test.junit.AutoKnownFailedTests" name="[2] /home/travis/build/icyphy/ptII/ptolemy/domains/de/test/auto/knownFailedTests/FSMSource.xml (RunModel)" time="0.024" />
  <testcase classname="ptolemy.util.test.junit.AutoKnownFailedTests" name="[3] /home/travis/build/icyphy/ptII/ptolemy/domains/de/test/auto/knownFailedTests/HierarchicalModel.xml (RunModel)" time="0.053" />
  <testcase classname="ptolemy.util.test.junit.AutoKnownFailedTests" name="[4] /home/travis/build/icyphy/ptII/ptolemy/domains/de/test/auto/knownFailedTests/dependencyLoop.xml (RunModel)" time="0.047" />
  <testcase classname="ptolemy.util.test.junit.AutoKnownFailedTests" name="[5] /home/travis/build/icyphy/ptII/ptolemy/domains/de/test/auto/knownFailedTests/dependencyLoop2.xml (RunModel)" time="0.041" />
  <testcase classname="ptolemy.util.test.junit.AutoNameArchTests" name="[0] ThereAreNoAutoArchTests (RunModel)" time="0.0" />
  <testcase classname="ptolemy.util.test.junit.AutoTests" name="[0] /home/travis/build/icyphy/ptII/ptolemy/domains/de/test/auto/ActorDepthCalculation_actorWithoutPorts.xml (RunModel)" time="0.015" />
  <testcase classname="ptolemy.util.test.junit.AutoTests" name="[1] /home/travis/build/icyphy/ptII/ptolemy/domains/de/test/auto/AssemblyLine.xml (RunModel)" time="0.015" />
  <testcase classname="ptolemy.util.test.junit.AutoTests" name="[2] /home/travis/build/icyphy/ptII/ptolemy/domains/de/test/auto/CQBug1.xml (RunModel)" time="0.007" />
  <testcase classname="ptolemy.util.test.junit.AutoTests" name="[3] /home/travis/build/icyphy/ptII/ptolemy/domains/de/test/auto/CancelFireAt.xml (RunModel)" time="0.006" />
  <testcase classname="ptolemy.util.test.junit.AutoTests" name="[4] /home/travis/build/icyphy/ptII/ptolemy/domains/de/test/auto/CausalityAndComposabilityAnalysis.xml (RunModel)" time="0.011" />
  <testcase classname="ptolemy.util.test.junit.AutoTests" name="[5] /home/travis/build/icyphy/ptII/ptolemy/domains/de/test/auto/CausalityInterface1.xml (RunModel)" time="0.012" />
  <testcase classname="ptolemy.util.test.junit.AutoTests" name="[6] /home/travis/build/icyphy/ptII/ptolemy/domains/de/test/auto/CausalityInterface15.xml (RunModel)" time="0.017" />
  <testcase classname="ptolemy.util.test.junit.AutoTests" name="[7] /home/travis/build/icyphy/ptII/ptolemy/domains/de/test/auto/CausalityInterface2.xml (RunModel)" time="0.011" />
  <testcase classname="ptolemy.util.test.junit.AutoTests" name="[8] /home/travis/build/icyphy/ptII/ptolemy/domains/de/test/auto/CausalityInterface3.xml (RunModel)" time="0.011" />
  <testcase classname="ptolemy.util.test.junit.AutoTests" name="[9] /home/travis/build/icyphy/ptII/ptolemy/domains/de/test/auto/ClockDrift.xml (RunModel)" time="0.032" />
  <testcase classname="ptolemy.util.test.junit.AutoTests" name="[10] /home/travis/build/icyphy/ptII/ptolemy/domains/de/test/auto/ClockDriftAndValueChange.xml (RunModel)" time="0.028" />
  <testcase classname="ptolemy.util.test.junit.AutoTests" name="[11] /home/travis/build/icyphy/ptII/ptolemy/domains/de/test/auto/ClockDriftChange.xml (RunModel)" time="0.025" />
  <testcase classname="ptolemy.util.test.junit.AutoTests" name="[12] /home/travis/build/icyphy/ptII/ptolemy/domains/de/test/auto/ComposableCausalityAnalysis.xml (RunModel)" time="0.016" />
  <testcase classname="ptolemy.util.test.junit.AutoTests" name="[13] /home/travis/build/icyphy/ptII/ptolemy/domains/de/test/auto/DEFixedPointLimitation.xml (RunModel)" time="0.009" />
  <testcase classname="ptolemy.util.test.junit.AutoTests" name="[14] /home/travis/build/icyphy/ptII/ptolemy/domains/de/test/auto/DEScheduleTest.xml (RunModel)" time="0.011" />
  <testcase classname="ptolemy.util.test.junit.AutoTests" name="[15] /home/travis/build/icyphy/ptII/ptolemy/domains/de/test/auto/DEinDEwithStartTimes.xml (RunModel)" time="0.013" />
  <testcase classname="ptolemy.util.test.junit.AutoTests" name="[16] /home/travis/build/icyphy/ptII/ptolemy/domains/de/test/auto/DEinDEwithStartTimes2.xml (RunModel)" time="0.013" />
  <testcase classname="ptolemy.util.test.junit.AutoTests" name="[17] /home/travis/build/icyphy/ptII/ptolemy/domains/de/test/auto/DateDemo.xml (RunModel)" time="0.026" />
  <testcase classname="ptolemy.util.test.junit.AutoTests" name="[18] /home/travis/build/icyphy/ptII/ptolemy/domains/de/test/auto/DateToEvent.xml (RunModel)" time="2.038" />
  <testcase classname="ptolemy.util.test.junit.AutoTests" name="[19] /home/travis/build/icyphy/ptII/ptolemy/domains/de/test/auto/DepthTest1.xml (RunModel)" time="0.01" />
  <testcase classname="ptolemy.util.test.junit.AutoTests" name="[20] /home/travis/build/icyphy/ptII/ptolemy/domains/de/test/auto/DepthTest2.xml (RunModel)" time="0.02" />
  <testcase classname="ptolemy.util.test.junit.AutoTests" name="[21] /home/travis/build/icyphy/ptII/ptolemy/domains/de/test/auto/DepthTest3.xml (RunModel)" time="0.006" />
  <testcase classname="ptolemy.util.test.junit.AutoTests" name="[22] /home/travis/build/icyphy/ptII/ptolemy/domains/de/test/auto/DepthTest4.xml (RunModel)" time="0.011" />
  <testcase classname="ptolemy.util.test.junit.AutoTests" name="[23] /home/travis/build/icyphy/ptII/ptolemy/domains/de/test/auto/DepthTest5.xml (RunModel)" time="0.012" />
  <testcase classname="ptolemy.util.test.junit.AutoTests" name="[24] /home/travis/build/icyphy/ptII/ptolemy/domains/de/test/auto/DepthTest6.xml (RunModel)" time="0.012" />
  <testcase classname="ptolemy.util.test.junit.AutoTests" name="[25] /home/travis/build/icyphy/ptII/ptolemy/domains/de/test/auto/DepthTest7.xml (RunModel)" time="0.011" />
  <testcase classname="ptolemy.util.test.junit.AutoTests" name="[26] /home/travis/build/icyphy/ptII/ptolemy/domains/de/test/auto/EventToDate.xml (RunModel)" time="3.036" />
  <testcase classname="ptolemy.util.test.junit.AutoTests" name="[27] /home/travis/build/icyphy/ptII/ptolemy/domains/de/test/auto/FSM1.xml (RunModel)" time="0.039" />
  <testcase classname="ptolemy.util.test.junit.AutoTests" name="[28] /home/travis/build/icyphy/ptII/ptolemy/domains/de/test/auto/FSM7.xml (RunModel)" time="0.037" />
  <testcase classname="ptolemy.util.test.junit.AutoTests" name="[29] /home/travis/build/icyphy/ptII/ptolemy/domains/de/test/auto/Inspection.xml (RunModel)" time="0.035" />
  <testcase classname="ptolemy.util.test.junit.AutoTests" name="[30] /home/travis/build/icyphy/ptII/ptolemy/domains/de/test/auto/Iteration.xml (RunModel)" time="0.023" />
  <testcase classname="ptolemy.util.test.junit.AutoTests" name="[31] /home/travis/build/icyphy/ptII/ptolemy/domains/de/test/auto/LineFault.xml (RunModel)" time="0.556" />
  <testcase classname="ptolemy.util.test.junit.AutoTests" name="[32] /home/travis/build/icyphy/ptII/ptolemy/domains/de/test/auto/MergeModel1Add.xml (RunModel)" time="0.037" />
  <testcase classname="ptolemy.util.test.junit.AutoTests" name="[33] /home/travis/build/icyphy/ptII/ptolemy/domains/de/test/auto/MergeModel2Add.xml (RunModel)" time="0.035" />
  <testcase classname="ptolemy.util.test.junit.AutoTests" name="[34] /home/travis/build/icyphy/ptII/ptolemy/domains/de/test/auto/MergeModel3Add.xml (RunModel)" time="0.041" />
  <testcase classname="ptolemy.util.test.junit.AutoTests" name="[35] /home/travis/build/icyphy/ptII/ptolemy/domains/de/test/auto/MergeWithoutDiscard.xml (RunModel)" time="0.011" />
  <testcase classname="ptolemy.util.test.junit.AutoTests" name="[36] /home/travis/build/icyphy/ptII/ptolemy/domains/de/test/auto/Modal1.xml (RunModel)" time="0.028" />
  <testcase classname="ptolemy.util.test.junit.AutoTests" name="[37] /home/travis/build/icyphy/ptII/ptolemy/domains/de/test/auto/Modal2.xml (RunModel)" time="0.026" />
  <testcase classname="ptolemy.util.test.junit.AutoTests" name="[38] /home/travis/build/icyphy/ptII/ptolemy/domains/de/test/auto/Modal3.xml (RunModel)" time="0.027" />
  <testcase classname="ptolemy.util.test.junit.AutoTests" name="[39] /home/travis/build/icyphy/ptII/ptolemy/domains/de/test/auto/Modal4.xml (RunModel)" time="0.032" />
  <testcase classname="ptolemy.util.test.junit.AutoTests" name="[40] /home/travis/build/icyphy/ptII/ptolemy/domains/de/test/auto/Modal5.xml (RunModel)" time="0.025" />
  <testcase classname="ptolemy.util.test.junit.AutoTests" name="[41] /home/travis/build/icyphy/ptII/ptolemy/domains/de/test/auto/Modal6.xml (RunModel)" time="0.025" />
  <testcase classname="ptolemy.util.test.junit.AutoTests" name="[42] /home/travis/build/icyphy/ptII/ptolemy/domains/de/test/auto/Modal7.xml (RunModel)" time="0.028" />
  <testcase classname="ptolemy.util.test.junit.AutoTests" name="[43] /home/travis/build/icyphy/ptII/ptolemy/domains/de/test/auto/ModalModel.xml (RunModel)" time="0.166" />
  <testcase classname="ptolemy.util.test.junit.AutoTests" name="[44] /home/travis/build/icyphy/ptII/ptolemy/domains/de/test/auto/ModalSource.xml (RunModel)" time="0.018" />
  <testcase classname="ptolemy.util.test.junit.AutoTests" name="[45] /home/travis/build/icyphy/ptII/ptolemy/domains/de/test/auto/NonInterruptibleTimerZeroDelay.xml (RunModel)" time="0.01" />
  <testcase classname="ptolemy.util.test.junit.AutoTests" name="[46] /home/travis/build/icyphy/ptII/ptolemy/domains/de/test/auto/OpenQueueingNetwork.xml (RunModel)" time="2.065" />
  <testcase classname="ptolemy.util.test.junit.AutoTests" name="[47] /home/travis/build/icyphy/ptII/ptolemy/domains/de/test/auto/OpenQueuingNetwork.xml (RunModel)" time="0.252" />
  <testcase classname="ptolemy.util.test.junit.AutoTests" name="[48] /home/travis/build/icyphy/ptII/ptolemy/domains/de/test/auto/PeriodicSampler.xml (RunModel)" time="0.007" />
  <testcase classname="ptolemy.util.test.junit.AutoTests" name="[49] /home/travis/build/icyphy/ptII/ptolemy/domains/de/test/auto/PersistentIO.xml (RunModel)" time="0.021" />
  <testcase classname="ptolemy.util.test.junit.AutoTests" name="[50] /home/travis/build/icyphy/ptII/ptolemy/domains/de/test/auto/PortParameterResetOnInitialize.xml (RunModel)" time="0.008" />
  <testcase classname="ptolemy.util.test.junit.AutoTests" name="[51] /home/travis/build/icyphy/ptII/ptolemy/domains/de/test/auto/PortParameterUpdates.xml (RunModel)" time="0.014" />
  <testcase classname="ptolemy.util.test.junit.AutoTests" name="[52] /home/travis/build/icyphy/ptII/ptolemy/domains/de/test/auto/QueueAndServer.xml (RunModel)" time="0.021" />
  <testcase classname="ptolemy.util.test.junit.AutoTests" name="[53] /home/travis/build/icyphy/ptII/ptolemy/domains/de/test/auto/Records.xml (RunModel)" time="0.014" />
  <testcase classname="ptolemy.util.test.junit.AutoTests" name="[54] /home/travis/build/icyphy/ptII/ptolemy/domains/de/test/auto/ResetTransitionWithStartTime1.xml (RunModel)" time="0.021" />
  <testcase classname="ptolemy.util.test.junit.AutoTests" name="[55] /home/travis/build/icyphy/ptII/ptolemy/domains/de/test/auto/ResetTransitionWithStartTime2.xml (RunModel)" time="0.017" />
  <testcase classname="ptolemy.util.test.junit.AutoTests" name="[56] /home/travis/build/icyphy/ptII/ptolemy/domains/de/test/auto/ResetTransitionWithStartTime3.xml (RunModel)" time="0.021" />
  <testcase classname="ptolemy.util.test.junit.AutoTests" name="[57] /home/travis/build/icyphy/ptII/ptolemy/domains/de/test/auto/ResetTransitionWithStartTime4.xml (RunModel)" time="0.02" />
  <testcase classname="ptolemy.util.test.junit.AutoTests" name="[58] /home/travis/build/icyphy/ptII/ptolemy/domains/de/test/auto/ResettableTimer1.xml (RunModel)" time="0.01" />
  <testcase classname="ptolemy.util.test.junit.AutoTests" name="[59] /home/travis/build/icyphy/ptII/ptolemy/domains/de/test/auto/ResettableTimer2.xml (RunModel)" time="0.01" />
  <testcase classname="ptolemy.util.test.junit.AutoTests" name="[60] /home/travis/build/icyphy/ptII/ptolemy/domains/de/test/auto/ResettableTimer3.xml (RunModel)" time="0.009" />
  <testcase classname="ptolemy.util.test.junit.AutoTests" name="[61] /home/travis/build/icyphy/ptII/ptolemy/domains/de/test/auto/ResettableTimer4.xml (RunModel)" time="0.01" />
  <testcase classname="ptolemy.util.test.junit.AutoTests" name="[62] /home/travis/build/icyphy/ptII/ptolemy/domains/de/test/auto/ResettableTimer5.xml (RunModel)" time="0.009" />
  <testcase classname="ptolemy.util.test.junit.AutoTests" name="[63] /home/travis/build/icyphy/ptII/ptolemy/domains/de/test/auto/ResettableTimer6.xml (RunModel)" time="0.016" />
  <testcase classname="ptolemy.util.test.junit.AutoTests" name="[64] /home/travis/build/icyphy/ptII/ptolemy/domains/de/test/auto/ServerZeroDelay.xml (RunModel)" time="0.016" />
  <testcase classname="ptolemy.util.test.junit.AutoTests" name="[65] /home/travis/build/icyphy/ptII/ptolemy/domains/de/test/auto/SmartSender.xml (RunModel)" time="3.016" />
  <testcase classname="ptolemy.util.test.junit.AutoTests" name="[66] /home/travis/build/icyphy/ptII/ptolemy/domains/de/test/auto/ThreadedComposite.xml (RunModel)" time="0.94" />
  <testcase classname="ptolemy.util.test.junit.AutoTests" name="[67] /home/travis/build/icyphy/ptII/ptolemy/domains/de/test/auto/Time.xml (RunModel)" time="0.432" />
  <testcase classname="ptolemy.util.test.junit.AutoTests" name="[68] /home/travis/build/icyphy/ptII/ptolemy/domains/de/test/auto/TimeDelayZeroDelay.xml (RunModel)" time="0.014" />
  <testcase classname="ptolemy.util.test.junit.AutoTests" name="[69] /home/travis/build/icyphy/ptII/ptolemy/domains/de/test/auto/TimerZeroDelay.xml (RunModel)" time="0.015" />
  <testcase classname="ptolemy.util.test.junit.AutoTests" name="[70] /home/travis/build/icyphy/ptII/ptolemy/domains/de/test/auto/TimingParadox.xml (RunModel)" time="0.337" />
  <testcase classname="ptolemy.util.test.junit.AutoTests" name="[71] /home/travis/build/icyphy/ptII/ptolemy/domains/de/test/auto/TransferInputs.xml (RunModel)" time="0.013" />
  <testcase classname="ptolemy.util.test.junit.AutoTests" name="[72] /home/travis/build/icyphy/ptII/ptolemy/domains/de/test/auto/TransferOutputs2.xml (RunModel)" time="0.018" />
  <testcase classname="ptolemy.util.test.junit.AutoTests" name="[73] /home/travis/build/icyphy/ptII/ptolemy/domains/de/test/auto/Trilateration.xml (RunModel)" time="11.174" />
  <testcase classname="ptolemy.util.test.junit.AutoTests" name="[74] /home/travis/build/icyphy/ptII/ptolemy/domains/de/test/auto/TwoSigmaDelta.xml (RunModel)" time="1.846" />
  <testcase classname="ptolemy.util.test.junit.AutoTests" name="[75] /home/travis/build/icyphy/ptII/ptolemy/domains/de/test/auto/VariableDelay.xml (RunModel)" time="0.016" />
  <testcase classname="ptolemy.util.test.junit.AutoTests" name="[76] /home/travis/build/icyphy/ptII/ptolemy/domains/de/test/auto/VariableDelay2.xml (RunModel)" time="0.01" />
  <testcase classname="ptolemy.util.test.junit.AutoTests" name="[77] /home/travis/build/icyphy/ptII/ptolemy/domains/de/test/auto/VariableDelayZeroDelay.xml (RunModel)" time="0.011" />
  <testcase classname="ptolemy.util.test.junit.AutoTests" name="[78] /home/travis/build/icyphy/ptII/ptolemy/domains/de/test/auto/VariableDelayZeroDelay2.xml (RunModel)" time="0.008" />
  <testcase classname="ptolemy.util.test.junit.AutoTests" name="[79] /home/travis/build/icyphy/ptII/ptolemy/domains/de/test/auto/deInCt.xml (RunModel)" time="0.015" />
  <testcase classname="ptolemy.util.test.junit.AutoTests" name="[80] /home/travis/build/icyphy/ptII/ptolemy/domains/de/test/auto/deInCt2.xml (RunModel)" time="0.02" />
  <testcase classname="ptolemy.util.test.junit.AutoTests" name="[81] /home/travis/build/icyphy/ptII/ptolemy/domains/de/test/auto/dynamicCausalityInterface1.xml (RunModel)" time="0.017" />
  <testcase classname="ptolemy.util.test.junit.AutoTests" name="[82] /home/travis/build/icyphy/ptII/ptolemy/domains/de/test/auto/fsm_de_test.xml (RunModel)" time="0.024" />
  <testcase classname="ptolemy.util.test.junit.AutoTests" name="[83] /home/travis/build/icyphy/ptII/ptolemy/domains/de/test/auto/functionDependencyReconstruction.xml (RunModel)" time="0.034" />
  <testcase classname="ptolemy.util.test.junit.AutoTests" name="[84] /home/travis/build/icyphy/ptII/ptolemy/domains/de/test/auto/multirate.xml (RunModel)" time="0.016" />
  <testcase classname="ptolemy.util.test.junit.AutoTests" name="[85] /home/travis/build/icyphy/ptII/ptolemy/domains/de/test/auto/multirate2.xml (RunModel)" time="0.016" />
  <testcase classname="ptolemy.util.test.junit.AutoTests" name="[86] /home/travis/build/icyphy/ptII/ptolemy/domains/de/test/auto/realtime.xml (RunModel)" time="10.011" />
  <testcase classname="ptolemy.util.test.junit.AutoTests" name="[87] /home/travis/build/icyphy/ptII/ptolemy/domains/de/test/auto/relationGroup.xml (RunModel)" time="0.007" />
  <testcase classname="ptolemy.util.test.junit.AutoTests" name="[88] /home/travis/build/icyphy/ptII/ptolemy/domains/de/test/auto/relationGroup2.xml (RunModel)" time="0.006" />
  <testcase classname="ptolemy.util.test.junit.AutoTests" name="[89] /home/travis/build/icyphy/ptII/ptolemy/domains/de/test/auto/sortWithOpaquePorts.xml (RunModel)" time="0.008" />
  <testcase classname="ptolemy.util.test.junit.AutoTests" name="[90] /home/travis/build/icyphy/ptII/ptolemy/domains/de/test/auto/transferInputsandOutputs.xml (RunModel)" time="0.013" />
  <testcase classname="ptolemy.util.test.junit.AutoTests" name="[91] /home/travis/build/icyphy/ptII/ptolemy/domains/de/test/auto/triggerType.xml (RunModel)" time="0.008" />
  <system-out><![CDATA[/home/travis/build/icyphy/ptII/ptolemy/domains/de/test/DependencyLoop.tcl
testDefs.tcl: setting time out to 9000 seconds at Fri Aug 03 01:47:10 UTC 2018
14 ms. Memory: 116224K Free: 93849K (81%)
8 ms. Memory: 146944K Free: 135088K (92%)
/home/travis/build/icyphy/ptII/ptolemy/domains/de/test/RunDETestsAsQSS.tcl
Run the DE tests using ptolemy.domains.qss.test.QSSDirectorTest, which extends QSSDirector and prints a message in the constructors.
------------------ testing $PTII/ptolemy/domains/de/test/auto/knownFailedTests/dependencyLoop.xml (Known Failure) 
6 ms. Memory: 146944K Free: 131976K (90%)


==== $PTIIhome/travis/build/icyphy/ptII/ptolemy/domains/de/test/../../../../: Auto Automatic test in file $PTII/ptolemy/domains/de/test/auto/knownFailedTests/dependencyLoop.xml
==== Contents of test case:

	    # FIXME: we should use $relativeFilename here, but it
	    # might have backslashes under Windows, which causes no end
	    # of trouble.
	    createAndExecute $file
	    list {}
	
.... Test generated KNOWN error:
    while executing
ptolemy.kernel.util.IllegalActionException: Found a zero delay loop containing .dependencyLoop.original
  in .dependencyLoop and .dependencyLoop.original
	at ptolemy.actor.util.CausalityInterfaceForComposites._computeOutputPortDepth(CausalityInterfaceForComposites.java:759)
	at ptolemy.actor.util.CausalityInterfaceForComposites._computeInputDepth(CausalityInterfaceForComposites.java:696)
	at ptolemy.actor.util.CausalityInterfaceForComposites._computeOutputPortDepth(CausalityInterfaceForComposites.java:765)
	at ptolemy.actor.util.CausalityInterfaceForComposites._computeInputDepth(CausalityInterfaceForComposites.java:696)
	at ptolemy.actor.util.CausalityInterfaceForComposites._computeOutputPortDepth(CausalityInterfaceForComposites.java:765)
	at ptolemy.actor.util.CausalityInterfaceForComposites._computeInputDepth(CausalityInterfaceForComposites.java:696)
	at ptolemy.actor.util.CausalityInterfaceForComposites._computeActorDepth(CausalityInterfaceForComposites.java:532)
	at ptolemy.actor.util.CausalityInterfaceForComposites.checkForCycles(CausalityInterfaceForComposites.java:96)
	at ptolemy.domains.de.kernel.DEDirector.preinitialize(DEDirector.java:1338)
	at ptolemy.actor.CompositeActor.preinitialize(CompositeActor.java:1828)
	at ptolemy.actor.Manager.preinitializeAndResolveTypes(Manager.java:1040)
	at ptolemy.actor.Manager.initialize(Manager.java:710)
	at ptolemy.actor.Manager.execute(Manager.java:356)
	at ptolemy.actor.Manager.run(Manager.java:1263)
	at ptolemy.actor.Manager$PtolemyRunThread.run(Manager.java:1915)

    while executing
ptolemy.kernel.util.IllegalActionException: Found a zero delay loop containing .dependencyLoop.original
  in .dependencyLoop and .dependencyLoop.original
    while executing
"java::new ptolemy.moml.MoMLSimpleApplication $file
"
    (procedure "createAndExecute" line 2)
    invoked from within
"createAndExecute $file"
    ("uplevel" body line 5)
    invoked from within
"uplevel $contents_of_test"
------------------ testing $PTII/ptolemy/domains/de/test/auto/knownFailedTests/DESDFClockTest.xml (Known Failure) 
2055 ms. Memory: 146944K Free: 116460K (79%)


==== $PTIIhome/travis/build/icyphy/ptII/ptolemy/domains/de/test/../../../../: Auto Automatic test in file $PTII/ptolemy/domains/de/test/auto/knownFailedTests/DESDFClockTest.xml
==== Contents of test case:

	    # FIXME: we should use $relativeFilename here, but it
	    # might have backslashes under Windows, which causes no end
	    # of trouble.
	    createAndExecute $file
	    list {}
	
.... Test generated KNOWN error:
    while executing
ptolemy.kernel.util.IllegalActionException: Actor is not ready to fire.  Perhaps UpSample.prefire() returned false? Try debugging the actor by selecting "Listen to Actor".  Also, for SDF check moml for tokenConsumptionRate on input.
  in .DESDFClockTest.Play Bell.Copy1:SDF Director and .DESDFClockTest.Play Bell.UpSample
	at ptolemy.actor.sched.StaticSchedulingDirector.fire(StaticSchedulingDirector.java:227)
	at ptolemy.domains.sdf.kernel.SDFDirector.fire(SDFDirector.java:500)
	at ptolemy.actor.CompositeActor.fire(CompositeActor.java:455)
	at ptolemy.domains.de.kernel.DEDirector._fire(DEDirector.java:1949)
	at ptolemy.domains.de.kernel.DEDirector.fire(DEDirector.java:502)
	at ptolemy.actor.CompositeActor.fire(CompositeActor.java:455)
	at ptolemy.actor.Manager.iterate(Manager.java:851)
	at ptolemy.actor.Manager.execute(Manager.java:369)
	at ptolemy.actor.Manager.run(Manager.java:1263)
	at ptolemy.actor.Manager$PtolemyRunThread.run(Manager.java:1915)

    while executing
ptolemy.kernel.util.IllegalActionException: Actor is not ready to fire.  Perhaps UpSample.prefire() returned false? Try debugging the actor by selecting "Listen to Actor".  Also, for SDF check moml for tokenConsumptionRate on input.
  in .DESDFClockTest.Play Bell.Copy1:SDF Director and .DESDFClockTest.Play Bell.UpSample
    while executing
"java::new ptolemy.moml.MoMLSimpleApplication $file
"
    (procedure "createAndExecute" line 2)
    invoked from within
"createAndExecute $file"
    ("uplevel" body line 5)
    invoked from within
"uplevel $contents_of_test"
------------------ testing $PTII/ptolemy/domains/de/test/auto/knownFailedTests/FSMSource.xml (Known Failure) 
21 ms. Memory: 146944K Free: 107418K (73%)
!!!! Auto was marked as failing, but now passes
------------------ testing $PTII/ptolemy/domains/de/test/auto/knownFailedTests/dependencyLoop2.xml (Known Failure) 
5 ms. Memory: 146944K Free: 105535K (72%)


==== $PTIIhome/travis/build/icyphy/ptII/ptolemy/domains/de/test/../../../../: Auto Automatic test in file $PTII/ptolemy/domains/de/test/auto/knownFailedTests/dependencyLoop2.xml
==== Contents of test case:

	    # FIXME: we should use $relativeFilename here, but it
	    # might have backslashes under Windows, which causes no end
	    # of trouble.
	    createAndExecute $file
	    list {}
	
.... Test generated KNOWN error:
    while executing
ptolemy.kernel.util.IllegalActionException: Found a zero delay loop containing .dependencyLoop2.original
  in .dependencyLoop2 and .dependencyLoop2.original
	at ptolemy.actor.util.CausalityInterfaceForComposites._computeOutputPortDepth(CausalityInterfaceForComposites.java:759)
	at ptolemy.actor.util.CausalityInterfaceForComposites._computeInputDepth(CausalityInterfaceForComposites.java:696)
	at ptolemy.actor.util.CausalityInterfaceForComposites._computeOutputPortDepth(CausalityInterfaceForComposites.java:765)
	at ptolemy.actor.util.CausalityInterfaceForComposites._computeInputDepth(CausalityInterfaceForComposites.java:696)
	at ptolemy.actor.util.CausalityInterfaceForComposites._computeOutputPortDepth(CausalityInterfaceForComposites.java:765)
	at ptolemy.actor.util.CausalityInterfaceForComposites._computeInputDepth(CausalityInterfaceForComposites.java:696)
	at ptolemy.actor.util.CausalityInterfaceForComposites._computeActorDepth(CausalityInterfaceForComposites.java:532)
	at ptolemy.actor.util.CausalityInterfaceForComposites.checkForCycles(CausalityInterfaceForComposites.java:96)
	at ptolemy.domains.de.kernel.DEDirector.preinitialize(DEDirector.java:1338)
	at ptolemy.actor.CompositeActor.preinitialize(CompositeActor.java:1828)
	at ptolemy.actor.Manager.preinitializeAndResolveTypes(Manager.java:1040)
	at ptolemy.actor.Manager.initialize(Manager.java:710)
	at ptolemy.actor.Manager.execute(Manager.java:356)
	at ptolemy.actor.Manager.run(Manager.java:1263)
	at ptolemy.actor.Manager$PtolemyRunThread.run(Manager.java:1915)

    while executing
ptolemy.kernel.util.IllegalActionException: Found a zero delay loop containing .dependencyLoop2.original
  in .dependencyLoop2 and .dependencyLoop2.original
    while executing
"java::new ptolemy.moml.MoMLSimpleApplication $file
"
    (procedure "createAndExecute" line 2)
    invoked from within
"createAndExecute $file"
    ("uplevel" body line 5)
    invoked from within
"uplevel $contents_of_test"
------------------ testing $PTII/ptolemy/domains/de/test/auto/knownFailedTests/HierarchicalModel.xml (Known Failure) 
5 ms. Memory: 146944K Free: 84898K (58%)


==== $PTIIhome/travis/build/icyphy/ptII/ptolemy/domains/de/test/../../../../: Auto Automatic test in file $PTII/ptolemy/domains/de/test/auto/knownFailedTests/HierarchicalModel.xml
==== Contents of test case:

	    # FIXME: we should use $relativeFilename here, but it
	    # might have backslashes under Windows, which causes no end
	    # of trouble.
	    createAndExecute $file
	    list {}
	
.... Test generated KNOWN error:
    while executing
ptolemy.kernel.util.IllegalActionException: Found a zero delay loop containing .HierarchicalModel.A
  in .HierarchicalModel and .HierarchicalModel.A
	at ptolemy.actor.util.CausalityInterfaceForComposites._computeOutputPortDepth(CausalityInterfaceForComposites.java:759)
	at ptolemy.actor.util.CausalityInterfaceForComposites._computeInputDepth(CausalityInterfaceForComposites.java:696)
	at ptolemy.actor.util.CausalityInterfaceForComposites._computeOutputPortDepth(CausalityInterfaceForComposites.java:765)
	at ptolemy.actor.util.CausalityInterfaceForComposites._computeInputDepth(CausalityInterfaceForComposites.java:696)
	at ptolemy.actor.util.CausalityInterfaceForComposites._computeOutputPortDepth(CausalityInterfaceForComposites.java:765)
	at ptolemy.actor.util.CausalityInterfaceForComposites._computeInputDepth(CausalityInterfaceForComposites.java:696)
	at ptolemy.actor.util.CausalityInterfaceForComposites._computeActorDepth(CausalityInterfaceForComposites.java:532)
	at ptolemy.actor.util.CausalityInterfaceForComposites.checkForCycles(CausalityInterfaceForComposites.java:96)
	at ptolemy.domains.de.kernel.DEDirector.preinitialize(DEDirector.java:1338)
	at ptolemy.actor.CompositeActor.preinitialize(CompositeActor.java:1828)
	at ptolemy.actor.Manager.preinitializeAndResolveTypes(Manager.java:1040)
	at ptolemy.actor.Manager.initialize(Manager.java:710)
	at ptolemy.actor.Manager.execute(Manager.java:356)
	at ptolemy.actor.Manager.run(Manager.java:1263)
	at ptolemy.actor.Manager$PtolemyRunThread.run(Manager.java:1915)

    while executing
ptolemy.kernel.util.IllegalActionException: Found a zero delay loop containing .HierarchicalModel.A
  in .HierarchicalModel and .HierarchicalModel.A
    while executing
"java::new ptolemy.moml.MoMLSimpleApplication $file
"
    (procedure "createAndExecute" line 2)
    invoked from within
"createAndExecute $file"
    ("uplevel" body line 5)
    invoked from within
"uplevel $contents_of_test"
------------------ testing $PTII/ptolemy/domains/de/test/auto/knownFailedTests/DirectFeedback.xml (Known Failure) 
8 ms. Memory: 146944K Free: 141107K (96%)


==== $PTIIhome/travis/build/icyphy/ptII/ptolemy/domains/de/test/../../../../: Auto Automatic test in file $PTII/ptolemy/domains/de/test/auto/knownFailedTests/DirectFeedback.xml
==== Contents of test case:

	    # FIXME: we should use $relativeFilename here, but it
	    # might have backslashes under Windows, which causes no end
	    # of trouble.
	    createAndExecute $file
	    list {}
	
.... Test generated KNOWN error:
    while executing
ptolemy.kernel.util.IllegalActionException: Test fails in iteration 1.
Value was: 1.0. Should have been: 2.0
  in .DirectFeedback.Test
	at ptolemy.actor.lib.Test.fire(Test.java:268)
	at ptolemy.domains.de.kernel.DEDirector._fire(DEDirector.java:1949)
	at ptolemy.domains.de.kernel.DEDirector.fire(DEDirector.java:502)
	at ptolemy.actor.CompositeActor.fire(CompositeActor.java:455)
	at ptolemy.actor.Manager.iterate(Manager.java:851)
	at ptolemy.actor.Manager.execute(Manager.java:369)
	at ptolemy.actor.Manager.run(Manager.java:1263)
	at ptolemy.actor.Manager$PtolemyRunThread.run(Manager.java:1915)

    while executing
ptolemy.kernel.util.IllegalActionException: Test fails in iteration 1.
Value was: 1.0. Should have been: 2.0
  in .DirectFeedback.Test
    while executing
"java::new ptolemy.moml.MoMLSimpleApplication $file
"
    (procedure "createAndExecute" line 2)
    invoked from within
"createAndExecute $file"
    ("uplevel" body line 5)
    invoked from within
"uplevel $contents_of_test"
------------------ testing $PTII/ptolemy/domains/de/test/auto/ActorDepthCalculation_actorWithoutPorts.xml
auto.tcl: Setting watchdog for 200 seconds at Fri Aug 03 01:47:13 UTC 2018
4 ms. Memory: 146944K Free: 133371K (91%)
ptolemy.util.test.WatchDog.cancel(): canceling Fri Aug 03 01:47:13 UTC 2018
auto.tcl: Setting watchdog for 200 seconds at Fri Aug 03 01:47:13 UTC 2018
4 ms. Memory: 146944K Free: 131260K (89%)
ptolemy.util.test.WatchDog.cancel(): canceling Fri Aug 03 01:47:13 UTC 2018
------------------ testing $PTII/ptolemy/domains/de/test/auto/AssemblyLine.xml
auto.tcl: Setting watchdog for 200 seconds at Fri Aug 03 01:47:13 UTC 2018
15 ms. Memory: 208384K Free: 182760K (88%)
ptolemy.util.test.WatchDog.cancel(): canceling Fri Aug 03 01:47:13 UTC 2018
auto.tcl: Setting watchdog for 200 seconds at Fri Aug 03 01:47:13 UTC 2018
6 ms. Memory: 208384K Free: 182760K (88%)
ptolemy.util.test.WatchDog.cancel(): canceling Fri Aug 03 01:47:13 UTC 2018
------------------ testing $PTII/ptolemy/domains/de/test/auto/CQBug1.xml
auto.tcl: Setting watchdog for 200 seconds at Fri Aug 03 01:47:13 UTC 2018
12 ms. Memory: 208384K Free: 197674K (95%)
ptolemy.util.test.WatchDog.cancel(): canceling Fri Aug 03 01:47:13 UTC 2018
auto.tcl: Setting watchdog for 200 seconds at Fri Aug 03 01:47:13 UTC 2018
2 ms. Memory: 208384K Free: 197674K (95%)
ptolemy.util.test.WatchDog.cancel(): canceling Fri Aug 03 01:47:13 UTC 2018
------------------ testing $PTII/ptolemy/domains/de/test/auto/CancelFireAt.xml
auto.tcl: Setting watchdog for 200 seconds at Fri Aug 03 01:47:14 UTC 2018
3 ms. Memory: 208384K Free: 201414K (97%)
ptolemy.util.test.WatchDog.cancel(): canceling Fri Aug 03 01:47:14 UTC 2018
auto.tcl: Setting watchdog for 200 seconds at Fri Aug 03 01:47:14 UTC 2018
1 ms. Memory: 208384K Free: 199294K (96%)
ptolemy.util.test.WatchDog.cancel(): canceling Fri Aug 03 01:47:14 UTC 2018
------------------ testing $PTII/ptolemy/domains/de/test/auto/CausalityAndComposabilityAnalysis.xml
auto.tcl: Setting watchdog for 200 seconds at Fri Aug 03 01:47:14 UTC 2018
13 ms. Memory: 208384K Free: 198555K (95%)
ptolemy.util.test.WatchDog.cancel(): canceling Fri Aug 03 01:47:14 UTC 2018
auto.tcl: Setting watchdog for 200 seconds at Fri Aug 03 01:47:14 UTC 2018
5 ms. Memory: 208384K Free: 196432K (94%)
ptolemy.util.test.WatchDog.cancel(): canceling Fri Aug 03 01:47:14 UTC 2018
------------------ testing $PTII/ptolemy/domains/de/test/auto/CausalityInterface1.xml
auto.tcl: Setting watchdog for 200 seconds at Fri Aug 03 01:47:14 UTC 2018
7 ms. Memory: 208384K Free: 196372K (94%)
ptolemy.util.test.WatchDog.cancel(): canceling Fri Aug 03 01:47:14 UTC 2018
auto.tcl: Setting watchdog for 200 seconds at Fri Aug 03 01:47:14 UTC 2018
4 ms. Memory: 208384K Free: 196372K (94%)
ptolemy.util.test.WatchDog.cancel(): canceling Fri Aug 03 01:47:14 UTC 2018
------------------ testing $PTII/ptolemy/domains/de/test/auto/CausalityInterface15.xml
auto.tcl: Setting watchdog for 200 seconds at Fri Aug 03 01:47:14 UTC 2018
5 ms. Memory: 208384K Free: 196363K (94%)
ptolemy.util.test.WatchDog.cancel(): canceling Fri Aug 03 01:47:14 UTC 2018
auto.tcl: Setting watchdog for 200 seconds at Fri Aug 03 01:47:14 UTC 2018
4 ms. Memory: 208384K Free: 196363K (94%)
ptolemy.util.test.WatchDog.cancel(): canceling Fri Aug 03 01:47:14 UTC 2018
------------------ testing $PTII/ptolemy/domains/de/test/auto/CausalityInterface2.xml
auto.tcl: Setting watchdog for 200 seconds at Fri Aug 03 01:47:14 UTC 2018
6 ms. Memory: 208384K Free: 196346K (94%)
ptolemy.util.test.WatchDog.cancel(): canceling Fri Aug 03 01:47:14 UTC 2018
auto.tcl: Setting watchdog for 200 seconds at Fri Aug 03 01:47:14 UTC 2018
6 ms. Memory: 208384K Free: 196346K (94%)
ptolemy.util.test.WatchDog.cancel(): canceling Fri Aug 03 01:47:14 UTC 2018
------------------ testing $PTII/ptolemy/domains/de/test/auto/CausalityInterface3.xml
auto.tcl: Setting watchdog for 200 seconds at Fri Aug 03 01:47:14 UTC 2018
7 ms. Memory: 208384K Free: 196358K (94%)
ptolemy.util.test.WatchDog.cancel(): canceling Fri Aug 03 01:47:14 UTC 2018
auto.tcl: Setting watchdog for 200 seconds at Fri Aug 03 01:47:14 UTC 2018
4 ms. Memory: 208384K Free: 196358K (94%)
ptolemy.util.test.WatchDog.cancel(): canceling Fri Aug 03 01:47:14 UTC 2018
------------------ testing $PTII/ptolemy/domains/de/test/auto/ClockDrift.xml
auto.tcl: Setting watchdog for 200 seconds at Fri Aug 03 01:47:14 UTC 2018
96 ms. Memory: 208384K Free: 187531K (90%)
ptolemy.util.test.WatchDog.cancel(): canceling Fri Aug 03 01:47:14 UTC 2018
auto.tcl: Setting watchdog for 200 seconds at Fri Aug 03 01:47:14 UTC 2018
65 ms. Memory: 208384K Free: 185412K (89%)
ptolemy.util.test.WatchDog.cancel(): canceling Fri Aug 03 01:47:14 UTC 2018
------------------ testing $PTII/ptolemy/domains/de/test/auto/ClockDriftAndValueChange.xml
auto.tcl: Setting watchdog for 200 seconds at Fri Aug 03 01:47:14 UTC 2018
37 ms. Memory: 208384K Free: 187365K (90%)
ptolemy.util.test.WatchDog.cancel(): canceling Fri Aug 03 01:47:15 UTC 2018
auto.tcl: Setting watchdog for 200 seconds at Fri Aug 03 01:47:15 UTC 2018
41 ms. Memory: 208384K Free: 185245K (89%)
ptolemy.util.test.WatchDog.cancel(): canceling Fri Aug 03 01:47:15 UTC 2018
------------------ testing $PTII/ptolemy/domains/de/test/auto/ClockDriftChange.xml
auto.tcl: Setting watchdog for 200 seconds at Fri Aug 03 01:47:15 UTC 2018
30 ms. Memory: 208384K Free: 190709K (92%)
ptolemy.util.test.WatchDog.cancel(): canceling Fri Aug 03 01:47:15 UTC 2018
auto.tcl: Setting watchdog for 200 seconds at Fri Aug 03 01:47:15 UTC 2018
19 ms. Memory: 208384K Free: 188589K (91%)
ptolemy.util.test.WatchDog.cancel(): canceling Fri Aug 03 01:47:15 UTC 2018
------------------ testing $PTII/ptolemy/domains/de/test/auto/ComposableCausalityAnalysis.xml
auto.tcl: Setting watchdog for 200 seconds at Fri Aug 03 01:47:15 UTC 2018
1 ms. Memory: 208384K Free: 196552K (94%)
ptolemy.util.test.WatchDog.cancel(): canceling Fri Aug 03 01:47:15 UTC 2018
auto.tcl: Setting watchdog for 200 seconds at Fri Aug 03 01:47:15 UTC 2018
2 ms. Memory: 208384K Free: 194432K (93%)
ptolemy.util.test.WatchDog.cancel(): canceling Fri Aug 03 01:47:15 UTC 2018
------------------ testing $PTII/ptolemy/domains/de/test/auto/DEFixedPointLimitation.xml
auto.tcl: Setting watchdog for 200 seconds at Fri Aug 03 01:47:15 UTC 2018
1 ms. Memory: 208384K Free: 198212K (95%)
ptolemy.util.test.WatchDog.cancel(): canceling Fri Aug 03 01:47:15 UTC 2018
auto.tcl: Setting watchdog for 200 seconds at Fri Aug 03 01:47:15 UTC 2018
1 ms. Memory: 208384K Free: 196091K (94%)
ptolemy.util.test.WatchDog.cancel(): canceling Fri Aug 03 01:47:15 UTC 2018
------------------ testing $PTII/ptolemy/domains/de/test/auto/DEScheduleTest.xml
auto.tcl: Setting watchdog for 200 seconds at Fri Aug 03 01:47:15 UTC 2018
3 ms. Memory: 208384K Free: 198247K (95%)
ptolemy.util.test.WatchDog.cancel(): canceling Fri Aug 03 01:47:15 UTC 2018
auto.tcl: Setting watchdog for 200 seconds at Fri Aug 03 01:47:15 UTC 2018
3 ms. Memory: 208384K Free: 196127K (94%)
ptolemy.util.test.WatchDog.cancel(): canceling Fri Aug 03 01:47:15 UTC 2018
------------------ testing $PTII/ptolemy/domains/de/test/auto/DEinDEwithStartTimes.xml
auto.tcl: Setting watchdog for 200 seconds at Fri Aug 03 01:47:15 UTC 2018
8 ms. Memory: 208384K Free: 196097K (94%)
ptolemy.util.test.WatchDog.cancel(): canceling Fri Aug 03 01:47:15 UTC 2018
auto.tcl: Setting watchdog for 200 seconds at Fri Aug 03 01:47:15 UTC 2018
2 ms. Memory: 208384K Free: 193977K (93%)
ptolemy.util.test.WatchDog.cancel(): canceling Fri Aug 03 01:47:15 UTC 2018
------------------ testing $PTII/ptolemy/domains/de/test/auto/DEinDEwithStartTimes2.xml
auto.tcl: Setting watchdog for 200 seconds at Fri Aug 03 01:47:15 UTC 2018
4 ms. Memory: 208384K Free: 196076K (94%)
ptolemy.util.test.WatchDog.cancel(): canceling Fri Aug 03 01:47:15 UTC 2018
auto.tcl: Setting watchdog for 200 seconds at Fri Aug 03 01:47:15 UTC 2018
7 ms. Memory: 208384K Free: 193957K (93%)
ptolemy.util.test.WatchDog.cancel(): canceling Fri Aug 03 01:47:15 UTC 2018
------------------ testing $PTII/ptolemy/domains/de/test/auto/DateDemo.xml
auto.tcl: Setting watchdog for 200 seconds at Fri Aug 03 01:47:15 UTC 2018
11 ms. Memory: 208384K Free: 188462K (90%)
ptolemy.util.test.WatchDog.cancel(): canceling Fri Aug 03 01:47:15 UTC 2018
auto.tcl: Setting watchdog for 200 seconds at Fri Aug 03 01:47:15 UTC 2018
5 ms. Memory: 208384K Free: 186342K (89%)
ptolemy.util.test.WatchDog.cancel(): canceling Fri Aug 03 01:47:15 UTC 2018
------------------ testing $PTII/ptolemy/domains/de/test/auto/DateToEvent.xml
auto.tcl: Setting watchdog for 200 seconds at Fri Aug 03 01:47:15 UTC 2018
2017 ms. Memory: 208384K Free: 183093K (88%)
ptolemy.util.test.WatchDog.cancel(): canceling Fri Aug 03 01:47:17 UTC 2018
auto.tcl: Setting watchdog for 200 seconds at Fri Aug 03 01:47:17 UTC 2018
2004 ms. Memory: 208384K Free: 180635K (87%)
ptolemy.util.test.WatchDog.cancel(): canceling Fri Aug 03 01:47:19 UTC 2018
------------------ testing $PTII/ptolemy/domains/de/test/auto/DepthTest1.xml
auto.tcl: Setting watchdog for 200 seconds at Fri Aug 03 01:47:19 UTC 2018
4 ms. Memory: 208384K Free: 197774K (95%)
ptolemy.util.test.WatchDog.cancel(): canceling Fri Aug 03 01:47:19 UTC 2018
auto.tcl: Setting watchdog for 200 seconds at Fri Aug 03 01:47:19 UTC 2018
2 ms. Memory: 208384K Free: 197774K (95%)
ptolemy.util.test.WatchDog.cancel(): canceling Fri Aug 03 01:47:19 UTC 2018
------------------ testing $PTII/ptolemy/domains/de/test/auto/DepthTest2.xml
auto.tcl: Setting watchdog for 200 seconds at Fri Aug 03 01:47:19 UTC 2018
3 ms. Memory: 208384K Free: 193936K (93%)
ptolemy.util.test.WatchDog.cancel(): canceling Fri Aug 03 01:47:19 UTC 2018
auto.tcl: Setting watchdog for 200 seconds at Fri Aug 03 01:47:19 UTC 2018
3 ms. Memory: 208384K Free: 193936K (93%)
ptolemy.util.test.WatchDog.cancel(): canceling Fri Aug 03 01:47:20 UTC 2018
------------------ testing $PTII/ptolemy/domains/de/test/auto/DepthTest3.xml
auto.tcl: Setting watchdog for 200 seconds at Fri Aug 03 01:47:20 UTC 2018
1 ms. Memory: 208384K Free: 198109K (95%)
ptolemy.util.test.WatchDog.cancel(): canceling Fri Aug 03 01:47:20 UTC 2018
auto.tcl: Setting watchdog for 200 seconds at Fri Aug 03 01:47:20 UTC 2018
1 ms. Memory: 208384K Free: 198109K (95%)
ptolemy.util.test.WatchDog.cancel(): canceling Fri Aug 03 01:47:20 UTC 2018
------------------ testing $PTII/ptolemy/domains/de/test/auto/DepthTest4.xml
auto.tcl: Setting watchdog for 200 seconds at Fri Aug 03 01:47:20 UTC 2018
3 ms. Memory: 208384K Free: 196077K (94%)
ptolemy.util.test.WatchDog.cancel(): canceling Fri Aug 03 01:47:20 UTC 2018
auto.tcl: Setting watchdog for 200 seconds at Fri Aug 03 01:47:20 UTC 2018
2 ms. Memory: 208384K Free: 196077K (94%)
ptolemy.util.test.WatchDog.cancel(): canceling Fri Aug 03 01:47:20 UTC 2018
------------------ testing $PTII/ptolemy/domains/de/test/auto/DepthTest5.xml
auto.tcl: Setting watchdog for 200 seconds at Fri Aug 03 01:47:20 UTC 2018
8 ms. Memory: 208384K Free: 196024K (94%)
ptolemy.util.test.WatchDog.cancel(): canceling Fri Aug 03 01:47:20 UTC 2018
auto.tcl: Setting watchdog for 200 seconds at Fri Aug 03 01:47:20 UTC 2018
2 ms. Memory: 208384K Free: 196024K (94%)
ptolemy.util.test.WatchDog.cancel(): canceling Fri Aug 03 01:47:20 UTC 2018
------------------ testing $PTII/ptolemy/domains/de/test/auto/DepthTest6.xml
auto.tcl: Setting watchdog for 200 seconds at Fri Aug 03 01:47:20 UTC 2018
6 ms. Memory: 208384K Free: 196321K (94%)
ptolemy.util.test.WatchDog.cancel(): canceling Fri Aug 03 01:47:20 UTC 2018
auto.tcl: Setting watchdog for 200 seconds at Fri Aug 03 01:47:20 UTC 2018
2 ms. Memory: 208384K Free: 196321K (94%)
ptolemy.util.test.WatchDog.cancel(): canceling Fri Aug 03 01:47:20 UTC 2018
------------------ testing $PTII/ptolemy/domains/de/test/auto/DepthTest7.xml
auto.tcl: Setting watchdog for 200 seconds at Fri Aug 03 01:47:20 UTC 2018
3 ms. Memory: 208384K Free: 195981K (94%)
ptolemy.util.test.WatchDog.cancel(): canceling Fri Aug 03 01:47:20 UTC 2018
auto.tcl: Setting watchdog for 200 seconds at Fri Aug 03 01:47:20 UTC 2018
2 ms. Memory: 208384K Free: 195981K (94%)
ptolemy.util.test.WatchDog.cancel(): canceling Fri Aug 03 01:47:20 UTC 2018
------------------ testing $PTII/ptolemy/domains/de/test/auto/EventToDate.xml
auto.tcl: Setting watchdog for 200 seconds at Fri Aug 03 01:47:20 UTC 2018
3009 ms. Memory: 208384K Free: 185403K (89%)
ptolemy.util.test.WatchDog.cancel(): canceling Fri Aug 03 01:47:23 UTC 2018
auto.tcl: Setting watchdog for 200 seconds at Fri Aug 03 01:47:23 UTC 2018
3004 ms. Memory: 208384K Free: 185403K (89%)
ptolemy.util.test.WatchDog.cancel(): canceling Fri Aug 03 01:47:26 UTC 2018
------------------ testing $PTII/ptolemy/domains/de/test/auto/FSM1.xml
auto.tcl: Setting watchdog for 200 seconds at Fri Aug 03 01:47:26 UTC 2018
38 ms. Memory: 208384K Free: 188993K (91%)
ptolemy.util.test.WatchDog.cancel(): canceling Fri Aug 03 01:47:26 UTC 2018
auto.tcl: Setting watchdog for 200 seconds at Fri Aug 03 01:47:26 UTC 2018
20 ms. Memory: 208384K Free: 184753K (89%)
ptolemy.util.test.WatchDog.cancel(): canceling Fri Aug 03 01:47:26 UTC 2018
------------------ testing $PTII/ptolemy/domains/de/test/auto/FSM7.xml
auto.tcl: Setting watchdog for 200 seconds at Fri Aug 03 01:47:26 UTC 2018
14 ms. Memory: 208384K Free: 187357K (90%)
ptolemy.util.test.WatchDog.cancel(): canceling Fri Aug 03 01:47:26 UTC 2018
auto.tcl: Setting watchdog for 200 seconds at Fri Aug 03 01:47:26 UTC 2018
17 ms. Memory: 208384K Free: 184884K (89%)
ptolemy.util.test.WatchDog.cancel(): canceling Fri Aug 03 01:47:26 UTC 2018
------------------ testing $PTII/ptolemy/domains/de/test/auto/Inspection.xml
auto.tcl: Setting watchdog for 200 seconds at Fri Aug 03 01:47:26 UTC 2018
26 ms. Memory: 208384K Free: 188594K (91%)
ptolemy.util.test.WatchDog.cancel(): canceling Fri Aug 03 01:47:26 UTC 2018
auto.tcl: Setting watchdog for 200 seconds at Fri Aug 03 01:47:26 UTC 2018
20 ms. Memory: 208384K Free: 186459K (89%)
ptolemy.util.test.WatchDog.cancel(): canceling Fri Aug 03 01:47:26 UTC 2018
------------------ testing $PTII/ptolemy/domains/de/test/auto/Iteration.xml
auto.tcl: Setting watchdog for 200 seconds at Fri Aug 03 01:47:26 UTC 2018
9 ms. Memory: 208384K Free: 196124K (94%)
ptolemy.util.test.WatchDog.cancel(): canceling Fri Aug 03 01:47:26 UTC 2018
auto.tcl: Setting watchdog for 200 seconds at Fri Aug 03 01:47:26 UTC 2018
8 ms. Memory: 208384K Free: 193988K (93%)
ptolemy.util.test.WatchDog.cancel(): canceling Fri Aug 03 01:47:26 UTC 2018
------------------ testing $PTII/ptolemy/domains/de/test/auto/LineFault.xml
auto.tcl: Setting watchdog for 200 seconds at Fri Aug 03 01:47:27 UTC 2018
674 ms. Memory: 208384K Free: 194790K (93%)
ptolemy.util.test.WatchDog.cancel(): canceling Fri Aug 03 01:47:27 UTC 2018
auto.tcl: Setting watchdog for 200 seconds at Fri Aug 03 01:47:27 UTC 2018
539 ms. Memory: 208384K Free: 138696K (67%)
ptolemy.util.test.WatchDog.cancel(): canceling Fri Aug 03 01:47:28 UTC 2018
------------------ testing $PTII/ptolemy/domains/de/test/auto/MergeModel1Add.xml
auto.tcl: Setting watchdog for 200 seconds at Fri Aug 03 01:47:28 UTC 2018
21 ms. Memory: 331264K Free: 298784K (90%)
ptolemy.util.test.WatchDog.cancel(): canceling Fri Aug 03 01:47:28 UTC 2018
auto.tcl: Setting watchdog for 200 seconds at Fri Aug 03 01:47:28 UTC 2018
9 ms. Memory: 331264K Free: 298784K (90%)
ptolemy.util.test.WatchDog.cancel(): canceling Fri Aug 03 01:47:28 UTC 2018
------------------ testing $PTII/ptolemy/domains/de/test/auto/MergeModel2Add.xml
auto.tcl: Setting watchdog for 200 seconds at Fri Aug 03 01:47:28 UTC 2018
8 ms. Memory: 331264K Free: 304043K (92%)
ptolemy.util.test.WatchDog.cancel(): canceling Fri Aug 03 01:47:28 UTC 2018
auto.tcl: Setting watchdog for 200 seconds at Fri Aug 03 01:47:28 UTC 2018
13 ms. Memory: 331264K Free: 300122K (91%)
ptolemy.util.test.WatchDog.cancel(): canceling Fri Aug 03 01:47:28 UTC 2018
------------------ testing $PTII/ptolemy/domains/de/test/auto/MergeModel3Add.xml
auto.tcl: Setting watchdog for 200 seconds at Fri Aug 03 01:47:28 UTC 2018
11 ms. Memory: 331264K Free: 304061K (92%)
ptolemy.util.test.WatchDog.cancel(): canceling Fri Aug 03 01:47:28 UTC 2018
auto.tcl: Setting watchdog for 200 seconds at Fri Aug 03 01:47:28 UTC 2018
8 ms. Memory: 331264K Free: 300140K (91%)
ptolemy.util.test.WatchDog.cancel(): canceling Fri Aug 03 01:47:28 UTC 2018
------------------ testing $PTII/ptolemy/domains/de/test/auto/MergeWithoutDiscard.xml
auto.tcl: Setting watchdog for 200 seconds at Fri Aug 03 01:47:28 UTC 2018
2 ms. Memory: 331264K Free: 320053K (97%)
ptolemy.util.test.WatchDog.cancel(): canceling Fri Aug 03 01:47:29 UTC 2018
auto.tcl: Setting watchdog for 200 seconds at Fri Aug 03 01:47:29 UTC 2018
1 ms. Memory: 331264K Free: 316132K (95%)
ptolemy.util.test.WatchDog.cancel(): canceling Fri Aug 03 01:47:29 UTC 2018
------------------ testing $PTII/ptolemy/domains/de/test/auto/Modal1.xml
auto.tcl: Setting watchdog for 200 seconds at Fri Aug 03 01:47:29 UTC 2018
10 ms. Memory: 331264K Free: 309758K (94%)
ptolemy.util.test.WatchDog.cancel(): canceling Fri Aug 03 01:47:29 UTC 2018
auto.tcl: Setting watchdog for 200 seconds at Fri Aug 03 01:47:29 UTC 2018
10 ms. Memory: 331264K Free: 305837K (92%)
ptolemy.util.test.WatchDog.cancel(): canceling Fri Aug 03 01:47:29 UTC 2018
------------------ testing $PTII/ptolemy/domains/de/test/auto/Modal2.xml
auto.tcl: Setting watchdog for 200 seconds at Fri Aug 03 01:47:29 UTC 2018
18 ms. Memory: 331264K Free: 304709K (92%)
ptolemy.util.test.WatchDog.cancel(): canceling Fri Aug 03 01:47:29 UTC 2018
auto.tcl: Setting watchdog for 200 seconds at Fri Aug 03 01:47:29 UTC 2018
14 ms. Memory: 331264K Free: 300780K (91%)
ptolemy.util.test.WatchDog.cancel(): canceling Fri Aug 03 01:47:29 UTC 2018
------------------ testing $PTII/ptolemy/domains/de/test/auto/Modal3.xml
auto.tcl: Setting watchdog for 200 seconds at Fri Aug 03 01:47:29 UTC 2018
10 ms. Memory: 331264K Free: 309639K (93%)
ptolemy.util.test.WatchDog.cancel(): canceling Fri Aug 03 01:47:29 UTC 2018
auto.tcl: Setting watchdog for 200 seconds at Fri Aug 03 01:47:29 UTC 2018
9 ms. Memory: 331264K Free: 305718K (92%)
ptolemy.util.test.WatchDog.cancel(): canceling Fri Aug 03 01:47:29 UTC 2018
------------------ testing $PTII/ptolemy/domains/de/test/auto/Modal4.xml
auto.tcl: Setting watchdog for 200 seconds at Fri Aug 03 01:47:29 UTC 2018
25 ms. Memory: 331264K Free: 309636K (93%)
ptolemy.util.test.WatchDog.cancel(): canceling Fri Aug 03 01:47:29 UTC 2018
auto.tcl: Setting watchdog for 200 seconds at Fri Aug 03 01:47:29 UTC 2018
18 ms. Memory: 331264K Free: 305699K (92%)
ptolemy.util.test.WatchDog.cancel(): canceling Fri Aug 03 01:47:29 UTC 2018
------------------ testing $PTII/ptolemy/domains/de/test/auto/Modal5.xml
auto.tcl: Setting watchdog for 200 seconds at Fri Aug 03 01:47:29 UTC 2018
18 ms. Memory: 331264K Free: 309624K (93%)
ptolemy.util.test.WatchDog.cancel(): canceling Fri Aug 03 01:47:29 UTC 2018
auto.tcl: Setting watchdog for 200 seconds at Fri Aug 03 01:47:29 UTC 2018
10 ms. Memory: 331264K Free: 305687K (92%)
ptolemy.util.test.WatchDog.cancel(): canceling Fri Aug 03 01:47:29 UTC 2018
------------------ testing $PTII/ptolemy/domains/de/test/auto/Modal6.xml
auto.tcl: Setting watchdog for 200 seconds at Fri Aug 03 01:47:29 UTC 2018
9 ms. Memory: 331264K Free: 309628K (93%)
ptolemy.util.test.WatchDog.cancel(): canceling Fri Aug 03 01:47:29 UTC 2018
auto.tcl: Setting watchdog for 200 seconds at Fri Aug 03 01:47:29 UTC 2018
12 ms. Memory: 331264K Free: 305691K (92%)
ptolemy.util.test.WatchDog.cancel(): canceling Fri Aug 03 01:47:29 UTC 2018
------------------ testing $PTII/ptolemy/domains/de/test/auto/Modal7.xml
auto.tcl: Setting watchdog for 200 seconds at Fri Aug 03 01:47:29 UTC 2018
17 ms. Memory: 331264K Free: 305699K (92%)
ptolemy.util.test.WatchDog.cancel(): canceling Fri Aug 03 01:47:29 UTC 2018
auto.tcl: Setting watchdog for 200 seconds at Fri Aug 03 01:47:29 UTC 2018
9 ms. Memory: 331264K Free: 305699K (92%)
ptolemy.util.test.WatchDog.cancel(): canceling Fri Aug 03 01:47:29 UTC 2018
------------------ testing $PTII/ptolemy/domains/de/test/auto/ModalModel.xml
auto.tcl: Setting watchdog for 200 seconds at Fri Aug 03 01:47:29 UTC 2018
148 ms. Memory: 331264K Free: 248479K (75%)
ptolemy.util.test.WatchDog.cancel(): canceling Fri Aug 03 01:47:29 UTC 2018
auto.tcl: Setting watchdog for 200 seconds at Fri Aug 03 01:47:29 UTC 2018
153 ms. Memory: 331264K Free: 193447K (58%)
ptolemy.util.test.WatchDog.cancel(): canceling Fri Aug 03 01:47:30 UTC 2018
------------------ testing $PTII/ptolemy/domains/de/test/auto/ModalSource.xml
auto.tcl: Setting watchdog for 200 seconds at Fri Aug 03 01:47:30 UTC 2018
9 ms. Memory: 331264K Free: 316519K (96%)
ptolemy.util.test.WatchDog.cancel(): canceling Fri Aug 03 01:47:30 UTC 2018
auto.tcl: Setting watchdog for 200 seconds at Fri Aug 03 01:47:30 UTC 2018
5 ms. Memory: 331264K Free: 312991K (94%)
ptolemy.util.test.WatchDog.cancel(): canceling Fri Aug 03 01:47:30 UTC 2018
------------------ testing $PTII/ptolemy/domains/de/test/auto/NonInterruptibleTimerZeroDelay.xml
auto.tcl: Setting watchdog for 200 seconds at Fri Aug 03 01:47:30 UTC 2018
4 ms. Memory: 331264K Free: 320700K (97%)
ptolemy.util.test.WatchDog.cancel(): canceling Fri Aug 03 01:47:30 UTC 2018
auto.tcl: Setting watchdog for 200 seconds at Fri Aug 03 01:47:30 UTC 2018
3 ms. Memory: 331264K Free: 317172K (96%)
ptolemy.util.test.WatchDog.cancel(): canceling Fri Aug 03 01:47:30 UTC 2018
------------------ testing $PTII/ptolemy/domains/de/test/auto/OpenQueueingNetwork.xml
auto.tcl: Setting watchdog for 200 seconds at Fri Aug 03 01:47:30 UTC 2018
2444 ms. Memory: 573952K Free: 419237K (73%)
ptolemy.util.test.WatchDog.cancel(): canceling Fri Aug 03 01:47:32 UTC 2018
auto.tcl: Setting watchdog for 200 seconds at Fri Aug 03 01:47:32 UTC 2018
2434 ms. Memory: 550912K Free: 310173K (56%)
ptolemy.util.test.WatchDog.cancel(): canceling Fri Aug 03 01:47:35 UTC 2018
------------------ testing $PTII/ptolemy/domains/de/test/auto/OpenQueuingNetwork.xml
auto.tcl: Setting watchdog for 200 seconds at Fri Aug 03 01:47:35 UTC 2018
227 ms. Memory: 549888K Free: 444386K (81%)
ptolemy.util.test.WatchDog.cancel(): canceling Fri Aug 03 01:47:35 UTC 2018
auto.tcl: Setting watchdog for 200 seconds at Fri Aug 03 01:47:35 UTC 2018
214 ms. Memory: 549888K Free: 383715K (70%)
ptolemy.util.test.WatchDog.cancel(): canceling Fri Aug 03 01:47:35 UTC 2018
------------------ testing $PTII/ptolemy/domains/de/test/auto/PeriodicSampler.xml
auto.tcl: Setting watchdog for 200 seconds at Fri Aug 03 01:47:35 UTC 2018
3 ms. Memory: 551936K Free: 530400K (96%)
ptolemy.util.test.WatchDog.cancel(): canceling Fri Aug 03 01:47:35 UTC 2018
auto.tcl: Setting watchdog for 200 seconds at Fri Aug 03 01:47:35 UTC 2018
2 ms. Memory: 551936K Free: 530400K (96%)
ptolemy.util.test.WatchDog.cancel(): canceling Fri Aug 03 01:47:35 UTC 2018
------------------ testing $PTII/ptolemy/domains/de/test/auto/PersistentIO.xml
auto.tcl: Setting watchdog for 200 seconds at Fri Aug 03 01:47:36 UTC 2018
5 ms. Memory: 549376K Free: 521911K (95%)
ptolemy.util.test.WatchDog.cancel(): canceling Fri Aug 03 01:47:36 UTC 2018
auto.tcl: Setting watchdog for 200 seconds at Fri Aug 03 01:47:36 UTC 2018
4 ms. Memory: 549376K Free: 521911K (95%)
ptolemy.util.test.WatchDog.cancel(): canceling Fri Aug 03 01:47:36 UTC 2018
------------------ testing $PTII/ptolemy/domains/de/test/auto/PortParameterResetOnInitialize.xml
auto.tcl: Setting watchdog for 200 seconds at Fri Aug 03 01:47:36 UTC 2018
1 ms. Memory: 551424K Free: 530578K (96%)
ptolemy.util.test.WatchDog.cancel(): canceling Fri Aug 03 01:47:36 UTC 2018
auto.tcl: Setting watchdog for 200 seconds at Fri Aug 03 01:47:36 UTC 2018
1 ms. Memory: 551424K Free: 530578K (96%)
ptolemy.util.test.WatchDog.cancel(): canceling Fri Aug 03 01:47:36 UTC 2018
------------------ testing $PTII/ptolemy/domains/de/test/auto/PortParameterUpdates.xml
auto.tcl: Setting watchdog for 200 seconds at Fri Aug 03 01:47:36 UTC 2018
2 ms. Memory: 549376K Free: 528664K (96%)
ptolemy.util.test.WatchDog.cancel(): canceling Fri Aug 03 01:47:36 UTC 2018
auto.tcl: Setting watchdog for 200 seconds at Fri Aug 03 01:47:36 UTC 2018
3 ms. Memory: 549376K Free: 528664K (96%)
ptolemy.util.test.WatchDog.cancel(): canceling Fri Aug 03 01:47:36 UTC 2018
------------------ testing $PTII/ptolemy/domains/de/test/auto/QueueAndServer.xml
auto.tcl: Setting watchdog for 200 seconds at Fri Aug 03 01:47:36 UTC 2018
18 ms. Memory: 551424K Free: 530446K (96%)
ptolemy.util.test.WatchDog.cancel(): canceling Fri Aug 03 01:47:36 UTC 2018
auto.tcl: Setting watchdog for 200 seconds at Fri Aug 03 01:47:36 UTC 2018
6 ms. Memory: 551424K Free: 523689K (95%)
ptolemy.util.test.WatchDog.cancel(): canceling Fri Aug 03 01:47:36 UTC 2018
------------------ testing $PTII/ptolemy/domains/de/test/auto/Records.xml
auto.tcl: Setting watchdog for 200 seconds at Fri Aug 03 01:47:36 UTC 2018
5 ms. Memory: 549376K Free: 528338K (96%)
ptolemy.util.test.WatchDog.cancel(): canceling Fri Aug 03 01:47:36 UTC 2018
auto.tcl: Setting watchdog for 200 seconds at Fri Aug 03 01:47:36 UTC 2018
2 ms. Memory: 549376K Free: 528338K (96%)
ptolemy.util.test.WatchDog.cancel(): canceling Fri Aug 03 01:47:36 UTC 2018
------------------ testing $PTII/ptolemy/domains/de/test/auto/ResetTransitionWithStartTime1.xml
auto.tcl: Setting watchdog for 200 seconds at Fri Aug 03 01:47:36 UTC 2018
8 ms. Memory: 551424K Free: 535091K (97%)
ptolemy.util.test.WatchDog.cancel(): canceling Fri Aug 03 01:47:36 UTC 2018
auto.tcl: Setting watchdog for 200 seconds at Fri Aug 03 01:47:36 UTC 2018
5 ms. Memory: 551424K Free: 528350K (96%)
ptolemy.util.test.WatchDog.cancel(): canceling Fri Aug 03 01:47:36 UTC 2018
------------------ testing $PTII/ptolemy/domains/de/test/auto/ResetTransitionWithStartTime2.xml
auto.tcl: Setting watchdog for 200 seconds at Fri Aug 03 01:47:36 UTC 2018
6 ms. Memory: 549376K Free: 526522K (96%)
ptolemy.util.test.WatchDog.cancel(): canceling Fri Aug 03 01:47:36 UTC 2018
auto.tcl: Setting watchdog for 200 seconds at Fri Aug 03 01:47:36 UTC 2018
6 ms. Memory: 549376K Free: 526522K (96%)
ptolemy.util.test.WatchDog.cancel(): canceling Fri Aug 03 01:47:36 UTC 2018
------------------ testing $PTII/ptolemy/domains/de/test/auto/ResetTransitionWithStartTime3.xml
auto.tcl: Setting watchdog for 200 seconds at Fri Aug 03 01:47:36 UTC 2018
7 ms. Memory: 550912K Free: 529889K (96%)
ptolemy.util.test.WatchDog.cancel(): canceling Fri Aug 03 01:47:36 UTC 2018
auto.tcl: Setting watchdog for 200 seconds at Fri Aug 03 01:47:36 UTC 2018
5 ms. Memory: 550912K Free: 523148K (95%)
ptolemy.util.test.WatchDog.cancel(): canceling Fri Aug 03 01:47:36 UTC 2018
------------------ testing $PTII/ptolemy/domains/de/test/auto/ResetTransitionWithStartTime4.xml
auto.tcl: Setting watchdog for 200 seconds at Fri Aug 03 01:47:36 UTC 2018
5 ms. Memory: 549376K Free: 526282K (96%)
ptolemy.util.test.WatchDog.cancel(): canceling Fri Aug 03 01:47:36 UTC 2018
auto.tcl: Setting watchdog for 200 seconds at Fri Aug 03 01:47:36 UTC 2018
3 ms. Memory: 549376K Free: 526282K (96%)
ptolemy.util.test.WatchDog.cancel(): canceling Fri Aug 03 01:47:36 UTC 2018
------------------ testing $PTII/ptolemy/domains/de/test/auto/ResettableTimer1.xml
auto.tcl: Setting watchdog for 200 seconds at Fri Aug 03 01:47:36 UTC 2018
3 ms. Memory: 550912K Free: 534562K (97%)
ptolemy.util.test.WatchDog.cancel(): canceling Fri Aug 03 01:47:36 UTC 2018
auto.tcl: Setting watchdog for 200 seconds at Fri Aug 03 01:47:36 UTC 2018
1 ms. Memory: 550912K Free: 534562K (97%)
ptolemy.util.test.WatchDog.cancel(): canceling Fri Aug 03 01:47:36 UTC 2018
------------------ testing $PTII/ptolemy/domains/de/test/auto/ResettableTimer2.xml
auto.tcl: Setting watchdog for 200 seconds at Fri Aug 03 01:47:36 UTC 2018
2 ms. Memory: 549376K Free: 533315K (97%)
ptolemy.util.test.WatchDog.cancel(): canceling Fri Aug 03 01:47:36 UTC 2018
auto.tcl: Setting watchdog for 200 seconds at Fri Aug 03 01:47:36 UTC 2018
2 ms. Memory: 549376K Free: 533315K (97%)
ptolemy.util.test.WatchDog.cancel(): canceling Fri Aug 03 01:47:36 UTC 2018
------------------ testing $PTII/ptolemy/domains/de/test/auto/ResettableTimer3.xml
auto.tcl: Setting watchdog for 200 seconds at Fri Aug 03 01:47:36 UTC 2018
1 ms. Memory: 550912K Free: 534620K (97%)
ptolemy.util.test.WatchDog.cancel(): canceling Fri Aug 03 01:47:36 UTC 2018
auto.tcl: Setting watchdog for 200 seconds at Fri Aug 03 01:47:36 UTC 2018
1 ms. Memory: 550912K Free: 534620K (97%)
ptolemy.util.test.WatchDog.cancel(): canceling Fri Aug 03 01:47:36 UTC 2018
------------------ testing $PTII/ptolemy/domains/de/test/auto/ResettableTimer4.xml
auto.tcl: Setting watchdog for 200 seconds at Fri Aug 03 01:47:36 UTC 2018
1 ms. Memory: 549376K Free: 533328K (97%)
ptolemy.util.test.WatchDog.cancel(): canceling Fri Aug 03 01:47:36 UTC 2018
auto.tcl: Setting watchdog for 200 seconds at Fri Aug 03 01:47:36 UTC 2018
1 ms. Memory: 549376K Free: 533328K (97%)
ptolemy.util.test.WatchDog.cancel(): canceling Fri Aug 03 01:47:36 UTC 2018
------------------ testing $PTII/ptolemy/domains/de/test/auto/ResettableTimer5.xml
auto.tcl: Setting watchdog for 200 seconds at Fri Aug 03 01:47:36 UTC 2018
2 ms. Memory: 550400K Free: 529670K (96%)
ptolemy.util.test.WatchDog.cancel(): canceling Fri Aug 03 01:47:36 UTC 2018
auto.tcl: Setting watchdog for 200 seconds at Fri Aug 03 01:47:36 UTC 2018
1 ms. Memory: 550400K Free: 529670K (96%)
ptolemy.util.test.WatchDog.cancel(): canceling Fri Aug 03 01:47:36 UTC 2018
------------------ testing $PTII/ptolemy/domains/de/test/auto/ResettableTimer6.xml
auto.tcl: Setting watchdog for 200 seconds at Fri Aug 03 01:47:36 UTC 2018
1 ms. Memory: 549376K Free: 528365K (96%)
ptolemy.util.test.WatchDog.cancel(): canceling Fri Aug 03 01:47:36 UTC 2018
auto.tcl: Setting watchdog for 200 seconds at Fri Aug 03 01:47:36 UTC 2018
1 ms. Memory: 549376K Free: 528365K (96%)
ptolemy.util.test.WatchDog.cancel(): canceling Fri Aug 03 01:47:36 UTC 2018
------------------ testing $PTII/ptolemy/domains/de/test/auto/ServerZeroDelay.xml
auto.tcl: Setting watchdog for 200 seconds at Fri Aug 03 01:47:36 UTC 2018
3 ms. Memory: 550400K Free: 534290K (97%)
ptolemy.util.test.WatchDog.cancel(): canceling Fri Aug 03 01:47:36 UTC 2018
auto.tcl: Setting watchdog for 200 seconds at Fri Aug 03 01:47:36 UTC 2018
2 ms. Memory: 550400K Free: 534290K (97%)
ptolemy.util.test.WatchDog.cancel(): canceling Fri Aug 03 01:47:36 UTC 2018
------------------ testing $PTII/ptolemy/domains/de/test/auto/SmartSender.xml
auto.tcl: Setting watchdog for 200 seconds at Fri Aug 03 01:47:37 UTC 2018
3001 ms. Memory: 549376K Free: 528581K (96%)
ptolemy.util.test.WatchDog.cancel(): canceling Fri Aug 03 01:47:40 UTC 2018
auto.tcl: Setting watchdog for 200 seconds at Fri Aug 03 01:47:40 UTC 2018
3001 ms. Memory: 549376K Free: 528581K (96%)
ptolemy.util.test.WatchDog.cancel(): canceling Fri Aug 03 01:47:43 UTC 2018
------------------ testing $PTII/ptolemy/domains/de/test/auto/ThreadedComposite.xml
auto.tcl: Setting watchdog for 200 seconds at Fri Aug 03 01:47:43 UTC 2018
239 ms. Memory: 550400K Free: 513289K (93%)
ptolemy.util.test.WatchDog.cancel(): canceling Fri Aug 03 01:47:43 UTC 2018
auto.tcl: Setting watchdog for 200 seconds at Fri Aug 03 01:47:43 UTC 2018
138 ms. Memory: 550400K Free: 497172K (90%)
ptolemy.util.test.WatchDog.cancel(): canceling Fri Aug 03 01:47:43 UTC 2018
------------------ testing $PTII/ptolemy/domains/de/test/auto/Time.xml
auto.tcl: Setting watchdog for 200 seconds at Fri Aug 03 01:47:43 UTC 2018
476 ms. Memory: 549376K Free: 481279K (88%)
ptolemy.util.test.WatchDog.cancel(): canceling Fri Aug 03 01:47:44 UTC 2018
auto.tcl: Setting watchdog for 200 seconds at Fri Aug 03 01:47:44 UTC 2018
452 ms. Memory: 549376K Free: 427350K (78%)
ptolemy.util.test.WatchDog.cancel(): canceling Fri Aug 03 01:47:44 UTC 2018
------------------ testing $PTII/ptolemy/domains/de/test/auto/TimeDelayZeroDelay.xml
auto.tcl: Setting watchdog for 200 seconds at Fri Aug 03 01:47:44 UTC 2018
2 ms. Memory: 550400K Free: 533977K (97%)
ptolemy.util.test.WatchDog.cancel(): canceling Fri Aug 03 01:47:44 UTC 2018
auto.tcl: Setting watchdog for 200 seconds at Fri Aug 03 01:47:44 UTC 2018
1 ms. Memory: 550400K Free: 533977K (97%)
ptolemy.util.test.WatchDog.cancel(): canceling Fri Aug 03 01:47:44 UTC 2018
------------------ testing $PTII/ptolemy/domains/de/test/auto/TimerZeroDelay.xml
auto.tcl: Setting watchdog for 200 seconds at Fri Aug 03 01:47:44 UTC 2018
2 ms. Memory: 549376K Free: 533226K (97%)
ptolemy.util.test.WatchDog.cancel(): canceling Fri Aug 03 01:47:44 UTC 2018
auto.tcl: Setting watchdog for 200 seconds at Fri Aug 03 01:47:44 UTC 2018
2 ms. Memory: 549376K Free: 533226K (97%)
ptolemy.util.test.WatchDog.cancel(): canceling Fri Aug 03 01:47:44 UTC 2018
------------------ testing $PTII/ptolemy/domains/de/test/auto/TimingParadox.xml
auto.tcl: Setting watchdog for 200 seconds at Fri Aug 03 01:47:44 UTC 2018
304 ms. Memory: 549888K Free: 467005K (85%)
ptolemy.util.test.WatchDog.cancel(): canceling Fri Aug 03 01:47:45 UTC 2018
auto.tcl: Setting watchdog for 200 seconds at Fri Aug 03 01:47:45 UTC 2018
305 ms. Memory: 549888K Free: 433299K (79%)
ptolemy.util.test.WatchDog.cancel(): canceling Fri Aug 03 01:47:45 UTC 2018
------------------ testing $PTII/ptolemy/domains/de/test/auto/TransferInputs.xml
auto.tcl: Setting watchdog for 200 seconds at Fri Aug 03 01:47:45 UTC 2018
2 ms. Memory: 549888K Free: 532643K (97%)
ptolemy.util.test.WatchDog.cancel(): canceling Fri Aug 03 01:47:45 UTC 2018
auto.tcl: Setting watchdog for 200 seconds at Fri Aug 03 01:47:45 UTC 2018
1 ms. Memory: 549888K Free: 532643K (97%)
ptolemy.util.test.WatchDog.cancel(): canceling Fri Aug 03 01:47:45 UTC 2018
------------------ testing $PTII/ptolemy/domains/de/test/auto/TransferOutputs2.xml
auto.tcl: Setting watchdog for 200 seconds at Fri Aug 03 01:47:45 UTC 2018
5 ms. Memory: 549376K Free: 521796K (95%)
ptolemy.util.test.WatchDog.cancel(): canceling Fri Aug 03 01:47:45 UTC 2018
auto.tcl: Setting watchdog for 200 seconds at Fri Aug 03 01:47:45 UTC 2018
3 ms. Memory: 549376K Free: 521796K (95%)
ptolemy.util.test.WatchDog.cancel(): canceling Fri Aug 03 01:47:45 UTC 2018
------------------ testing $PTII/ptolemy/domains/de/test/auto/Trilateration.xml
auto.tcl: Setting watchdog for 200 seconds at Fri Aug 03 01:47:45 UTC 2018
13691 ms. Memory: 453632K Free: 103787K (23%)
ptolemy.util.test.WatchDog.cancel(): canceling Fri Aug 03 01:48:00 UTC 2018
auto.tcl: Setting watchdog for 200 seconds at Fri Aug 03 01:48:00 UTC 2018
11452 ms. Memory: 331264K Free: 201657K (61%)
ptolemy.util.test.WatchDog.cancel(): canceling Fri Aug 03 01:48:11 UTC 2018
------------------ testing $PTII/ptolemy/domains/de/test/auto/TwoSigmaDelta.xml
auto.tcl: Setting watchdog for 200 seconds at Fri Aug 03 01:48:11 UTC 2018
2704 ms. Memory: 320000K Free: 266628K (83%)
ptolemy.util.test.WatchDog.cancel(): canceling Fri Aug 03 01:48:14 UTC 2018
auto.tcl: Setting watchdog for 200 seconds at Fri Aug 03 01:48:14 UTC 2018
2055 ms. Memory: 307712K Free: 257178K (84%)
ptolemy.util.test.WatchDog.cancel(): canceling Fri Aug 03 01:48:16 UTC 2018
------------------ testing $PTII/ptolemy/domains/de/test/auto/VariableDelay.xml
auto.tcl: Setting watchdog for 200 seconds at Fri Aug 03 01:48:16 UTC 2018
2 ms. Memory: 309760K Free: 293315K (95%)
ptolemy.util.test.WatchDog.cancel(): canceling Fri Aug 03 01:48:16 UTC 2018
auto.tcl: Setting watchdog for 200 seconds at Fri Aug 03 01:48:16 UTC 2018
2 ms. Memory: 309760K Free: 293315K (95%)
ptolemy.util.test.WatchDog.cancel(): canceling Fri Aug 03 01:48:16 UTC 2018
------------------ testing $PTII/ptolemy/domains/de/test/auto/VariableDelay2.xml
auto.tcl: Setting watchdog for 200 seconds at Fri Aug 03 01:48:16 UTC 2018
6 ms. Memory: 307712K Free: 293945K (96%)
ptolemy.util.test.WatchDog.cancel(): canceling Fri Aug 03 01:48:16 UTC 2018
auto.tcl: Setting watchdog for 200 seconds at Fri Aug 03 01:48:16 UTC 2018
1 ms. Memory: 307712K Free: 293945K (96%)
ptolemy.util.test.WatchDog.cancel(): canceling Fri Aug 03 01:48:16 UTC 2018
------------------ testing $PTII/ptolemy/domains/de/test/auto/VariableDelayZeroDelay.xml
auto.tcl: Setting watchdog for 200 seconds at Fri Aug 03 01:48:16 UTC 2018
2 ms. Memory: 309248K Free: 296551K (96%)
ptolemy.util.test.WatchDog.cancel(): canceling Fri Aug 03 01:48:16 UTC 2018
auto.tcl: Setting watchdog for 200 seconds at Fri Aug 03 01:48:16 UTC 2018
2 ms. Memory: 309248K Free: 293217K (95%)
ptolemy.util.test.WatchDog.cancel(): canceling Fri Aug 03 01:48:16 UTC 2018
------------------ testing $PTII/ptolemy/domains/de/test/auto/VariableDelayZeroDelay2.xml
auto.tcl: Setting watchdog for 200 seconds at Fri Aug 03 01:48:16 UTC 2018
1 ms. Memory: 307712K Free: 291695K (95%)
ptolemy.util.test.WatchDog.cancel(): canceling Fri Aug 03 01:48:16 UTC 2018
auto.tcl: Setting watchdog for 200 seconds at Fri Aug 03 01:48:16 UTC 2018
2 ms. Memory: 307712K Free: 291695K (95%)
ptolemy.util.test.WatchDog.cancel(): canceling Fri Aug 03 01:48:16 UTC 2018
------------------ testing $PTII/ptolemy/domains/de/test/auto/deInCt.xml
auto.tcl: Setting watchdog for 200 seconds at Fri Aug 03 01:48:16 UTC 2018
0
1
1
1
1
0
0
0
1
1
1
0
0
0
1
1
1
1
0
0
1
1
1
0
0
0
0
1
1
1
1
0
0
0
1
1
1
0
0
0
0
0
11 ms. Memory: 309248K Free: 293204K (95%)
ptolemy.util.test.WatchDog.cancel(): canceling Fri Aug 03 01:48:16 UTC 2018
auto.tcl: Setting watchdog for 200 seconds at Fri Aug 03 01:48:16 UTC 2018
0
1
1
1
1
0
0
0
0
1
1
0
0
0
1
1
0
0
0
1
1
1
1
1
0
0
0
0
1
1
1
0
0
0
0
4 ms. Memory: 309248K Free: 293204K (95%)
ptolemy.util.test.WatchDog.cancel(): canceling Fri Aug 03 01:48:17 UTC 2018
------------------ testing $PTII/ptolemy/domains/de/test/auto/deInCt2.xml
auto.tcl: Setting watchdog for 200 seconds at Fri Aug 03 01:48:17 UTC 2018
0
1
1
1
0
0
1
1
1
0
0
1
1
1
0
0
1
1
1
0
0
1
1
1
0
0
1
1
1
0
0
1
1
1
0
0
1
1
1
0
0
0
18 ms. Memory: 307712K Free: 291668K (95%)
ptolemy.util.test.WatchDog.cancel(): canceling Fri Aug 03 01:48:17 UTC 2018
auto.tcl: Setting watchdog for 200 seconds at Fri Aug 03 01:48:17 UTC 2018
0
1
1
1
0
0
1
1
1
0
0
1
1
1
0
0
1
1
1
0
0
1
1
1
0
0
1
1
1
0
0
1
1
1
0
0
1
1
1
0
0
0
5 ms. Memory: 307712K Free: 291668K (95%)
ptolemy.util.test.WatchDog.cancel(): canceling Fri Aug 03 01:48:17 UTC 2018
------------------ testing $PTII/ptolemy/domains/de/test/auto/dynamicCausalityInterface1.xml
auto.tcl: Setting watchdog for 200 seconds at Fri Aug 03 01:48:17 UTC 2018
3 ms. Memory: 308736K Free: 291654K (94%)
ptolemy.util.test.WatchDog.cancel(): canceling Fri Aug 03 01:48:17 UTC 2018
auto.tcl: Setting watchdog for 200 seconds at Fri Aug 03 01:48:17 UTC 2018
0 ms. Memory: 308736K Free: 288319K (93%)
ptolemy.util.test.WatchDog.cancel(): canceling Fri Aug 03 01:48:17 UTC 2018
------------------ testing $PTII/ptolemy/domains/de/test/auto/fsm_de_test.xml
auto.tcl: Setting watchdog for 200 seconds at Fri Aug 03 01:48:17 UTC 2018
6 ms. Memory: 307712K Free: 288247K (94%)
ptolemy.util.test.WatchDog.cancel(): canceling Fri Aug 03 01:48:17 UTC 2018
auto.tcl: Setting watchdog for 200 seconds at Fri Aug 03 01:48:17 UTC 2018
4 ms. Memory: 307712K Free: 284928K (93%)
ptolemy.util.test.WatchDog.cancel(): canceling Fri Aug 03 01:48:17 UTC 2018
------------------ testing $PTII/ptolemy/domains/de/test/auto/functionDependencyReconstruction.xml
auto.tcl: Setting watchdog for 200 seconds at Fri Aug 03 01:48:17 UTC 2018
2 ms. Memory: 308736K Free: 282633K (92%)
ptolemy.util.test.WatchDog.cancel(): canceling Fri Aug 03 01:48:17 UTC 2018
auto.tcl: Setting watchdog for 200 seconds at Fri Aug 03 01:48:17 UTC 2018
2 ms. Memory: 308736K Free: 279298K (90%)
ptolemy.util.test.WatchDog.cancel(): canceling Fri Aug 03 01:48:17 UTC 2018
------------------ testing $PTII/ptolemy/domains/de/test/auto/multirate.xml
auto.tcl: Setting watchdog for 200 seconds at Fri Aug 03 01:48:17 UTC 2018
3 ms. Memory: 307712K Free: 291432K (95%)
ptolemy.util.test.WatchDog.cancel(): canceling Fri Aug 03 01:48:17 UTC 2018
auto.tcl: Setting watchdog for 200 seconds at Fri Aug 03 01:48:17 UTC 2018
3 ms. Memory: 307712K Free: 288114K (94%)
ptolemy.util.test.WatchDog.cancel(): canceling Fri Aug 03 01:48:17 UTC 2018
------------------ testing $PTII/ptolemy/domains/de/test/auto/multirate2.xml
auto.tcl: Setting watchdog for 200 seconds at Fri Aug 03 01:48:17 UTC 2018
2 ms. Memory: 308736K Free: 292652K (95%)
ptolemy.util.test.WatchDog.cancel(): canceling Fri Aug 03 01:48:17 UTC 2018
auto.tcl: Setting watchdog for 200 seconds at Fri Aug 03 01:48:17 UTC 2018
2 ms. Memory: 308736K Free: 289318K (94%)
ptolemy.util.test.WatchDog.cancel(): canceling Fri Aug 03 01:48:17 UTC 2018
------------------ testing $PTII/ptolemy/domains/de/test/auto/realtime.xml
auto.tcl: Setting watchdog for 200 seconds at Fri Aug 03 01:48:17 UTC 2018
10001 ms. Memory: 307712K Free: 291618K (95%)
ptolemy.util.test.WatchDog.cancel(): canceling Fri Aug 03 01:48:27 UTC 2018
auto.tcl: Setting watchdog for 200 seconds at Fri Aug 03 01:48:27 UTC 2018
10001 ms. Memory: 307712K Free: 291618K (95%)
ptolemy.util.test.WatchDog.cancel(): canceling Fri Aug 03 01:48:37 UTC 2018
------------------ testing $PTII/ptolemy/domains/de/test/auto/relationGroup.xml
auto.tcl: Setting watchdog for 200 seconds at Fri Aug 03 01:48:37 UTC 2018
2 ms. Memory: 308224K Free: 295491K (96%)
ptolemy.util.test.WatchDog.cancel(): canceling Fri Aug 03 01:48:37 UTC 2018
auto.tcl: Setting watchdog for 200 seconds at Fri Aug 03 01:48:37 UTC 2018
1 ms. Memory: 308224K Free: 295491K (96%)
ptolemy.util.test.WatchDog.cancel(): canceling Fri Aug 03 01:48:37 UTC 2018
------------------ testing $PTII/ptolemy/domains/de/test/auto/relationGroup2.xml
auto.tcl: Setting watchdog for 200 seconds at Fri Aug 03 01:48:37 UTC 2018
1 ms. Memory: 307712K Free: 295005K (96%)
ptolemy.util.test.WatchDog.cancel(): canceling Fri Aug 03 01:48:37 UTC 2018
auto.tcl: Setting watchdog for 200 seconds at Fri Aug 03 01:48:37 UTC 2018
1 ms. Memory: 307712K Free: 295005K (96%)
ptolemy.util.test.WatchDog.cancel(): canceling Fri Aug 03 01:48:37 UTC 2018
------------------ testing $PTII/ptolemy/domains/de/test/auto/sortWithOpaquePorts.xml
auto.tcl: Setting watchdog for 200 seconds at Fri Aug 03 01:48:37 UTC 2018
1 ms. Memory: 308224K Free: 292191K (95%)
ptolemy.util.test.WatchDog.cancel(): canceling Fri Aug 03 01:48:37 UTC 2018
auto.tcl: Setting watchdog for 200 seconds at Fri Aug 03 01:48:37 UTC 2018
1 ms. Memory: 308224K Free: 292191K (95%)
ptolemy.util.test.WatchDog.cancel(): canceling Fri Aug 03 01:48:37 UTC 2018
------------------ testing $PTII/ptolemy/domains/de/test/auto/transferInputsandOutputs.xml
auto.tcl: Setting watchdog for 200 seconds at Fri Aug 03 01:48:37 UTC 2018
1 ms. Memory: 307712K Free: 291659K (95%)
ptolemy.util.test.WatchDog.cancel(): canceling Fri Aug 03 01:48:37 UTC 2018
auto.tcl: Setting watchdog for 200 seconds at Fri Aug 03 01:48:37 UTC 2018
3 ms. Memory: 307712K Free: 288325K (94%)
ptolemy.util.test.WatchDog.cancel(): canceling Fri Aug 03 01:48:37 UTC 2018
------------------ testing $PTII/ptolemy/domains/de/test/auto/triggerType.xml
auto.tcl: Setting watchdog for 200 seconds at Fri Aug 03 01:48:37 UTC 2018
1 ms. Memory: 308224K Free: 295456K (96%)
ptolemy.util.test.WatchDog.cancel(): canceling Fri Aug 03 01:48:37 UTC 2018
auto.tcl: Setting watchdog for 200 seconds at Fri Aug 03 01:48:37 UTC 2018
1 ms. Memory: 308224K Free: 292136K (95%)
ptolemy.util.test.WatchDog.cancel(): canceling Fri Aug 03 01:48:37 UTC 2018
08/03/18 01:48:37
Failed: 0  Total Tests: 192  ((Passed: 187, Newly Passed: 1)  Known Failed: 5) /home/travis/build/icyphy/ptII/ptolemy/domains/de/test
08/03/18 01:48:37
Failed: 0  Total Tests: 192  ((Passed: 187, Newly Passed: 1)  Known Failed: 5) /home/travis/build/icyphy/ptII/ptolemy/domains/de/test
----------------- testing (KnownFailure) /home/travis/build/icyphy/ptII/ptolemy/domains/de/test/auto/knownFailedTests/DESDFClockTest.xml
2008 ms. Memory: 307712K Free: 285921K (93%)
Known Failure: java.lang.reflect.InvocationTargetException
----------------- testing (KnownFailure) /home/travis/build/icyphy/ptII/ptolemy/domains/de/test/auto/knownFailedTests/DirectFeedback.xml
2 ms. Memory: 307712K Free: 267816K (87%)
Known Failure: java.lang.reflect.InvocationTargetException
----------------- testing (KnownFailure) /home/travis/build/icyphy/ptII/ptolemy/domains/de/test/auto/knownFailedTests/FSMSource.xml
6 ms. Memory: 307712K Free: 245169K (80%)
----------------- testing (KnownFailure) /home/travis/build/icyphy/ptII/ptolemy/domains/de/test/auto/knownFailedTests/HierarchicalModel.xml
4 ms. Memory: 307712K Free: 222531K (72%)
Known Failure: java.lang.reflect.InvocationTargetException
----------------- testing (KnownFailure) /home/travis/build/icyphy/ptII/ptolemy/domains/de/test/auto/knownFailedTests/dependencyLoop.xml
2 ms. Memory: 307712K Free: 190832K (62%)
Known Failure: java.lang.reflect.InvocationTargetException
----------------- testing (KnownFailure) /home/travis/build/icyphy/ptII/ptolemy/domains/de/test/auto/knownFailedTests/dependencyLoop2.xml
3 ms. Memory: 307712K Free: 159117K (52%)
Known Failure: java.lang.reflect.InvocationTargetException
No auto/linux-amd64/*.xml tests in /home/travis/build/icyphy/ptII/ptolemy/domains/de/test
AutoTests.java: About to close Vertx.
AutoTests.java: Vertx closed.

===========================================================================================
----------------- testing Fri Aug 03 01:48:40 UTC 2018 /home/travis/build/icyphy/ptII/ptolemy/domains/de/test/auto/ActorDepthCalculation_actorWithoutPorts.xml
----------------- Instantiating /home/travis/build/icyphy/ptII/ptolemy/domains/de/test/auto/ActorDepthCalculation_actorWithoutPorts.xml
1 ms. Memory: 307712K Free: 131944K (43%)
----------------- Invoking toplevel() on ptolemy.moml.MoMLSimpleApplication@2a942525
----------------- Done invoking toplevel() on ptolemy.moml.MoMLSimpleApplication@2a942525
reloadAllAccessors: .ActorDepthCalculation_actorWithoutPorts

===========================================================================================
----------------- testing Fri Aug 03 01:48:40 UTC 2018 /home/travis/build/icyphy/ptII/ptolemy/domains/de/test/auto/AssemblyLine.xml
----------------- Instantiating /home/travis/build/icyphy/ptII/ptolemy/domains/de/test/auto/AssemblyLine.xml
2 ms. Memory: 307712K Free: 118350K (38%)
----------------- Invoking toplevel() on ptolemy.moml.MoMLSimpleApplication@31b869db
----------------- Done invoking toplevel() on ptolemy.moml.MoMLSimpleApplication@31b869db
reloadAllAccessors: .AssemblyLine

===========================================================================================
----------------- testing Fri Aug 03 01:48:40 UTC 2018 /home/travis/build/icyphy/ptII/ptolemy/domains/de/test/auto/CQBug1.xml
----------------- Instantiating /home/travis/build/icyphy/ptII/ptolemy/domains/de/test/auto/CQBug1.xml
0 ms. Memory: 307712K Free: 109297K (36%)
----------------- Invoking toplevel() on ptolemy.moml.MoMLSimpleApplication@15155c51
----------------- Done invoking toplevel() on ptolemy.moml.MoMLSimpleApplication@15155c51
reloadAllAccessors: .CQBug1

===========================================================================================
----------------- testing Fri Aug 03 01:48:40 UTC 2018 /home/travis/build/icyphy/ptII/ptolemy/domains/de/test/auto/CancelFireAt.xml
----------------- Instantiating /home/travis/build/icyphy/ptII/ptolemy/domains/de/test/auto/CancelFireAt.xml
0 ms. Memory: 307712K Free: 100245K (33%)
----------------- Invoking toplevel() on ptolemy.moml.MoMLSimpleApplication@33501f36
----------------- Done invoking toplevel() on ptolemy.moml.MoMLSimpleApplication@33501f36
reloadAllAccessors: .CancelFireAt

===========================================================================================
----------------- testing Fri Aug 03 01:48:40 UTC 2018 /home/travis/build/icyphy/ptII/ptolemy/domains/de/test/auto/CausalityAndComposabilityAnalysis.xml
----------------- Instantiating /home/travis/build/icyphy/ptII/ptolemy/domains/de/test/auto/CausalityAndComposabilityAnalysis.xml
2 ms. Memory: 307712K Free: 91193K (30%)
----------------- Invoking toplevel() on ptolemy.moml.MoMLSimpleApplication@60c5628d
----------------- Done invoking toplevel() on ptolemy.moml.MoMLSimpleApplication@60c5628d
reloadAllAccessors: .CausalityAndComposabilityAnalysis

===========================================================================================
----------------- testing Fri Aug 03 01:48:40 UTC 2018 /home/travis/build/icyphy/ptII/ptolemy/domains/de/test/auto/CausalityInterface1.xml
----------------- Instantiating /home/travis/build/icyphy/ptII/ptolemy/domains/de/test/auto/CausalityInterface1.xml
4 ms. Memory: 307712K Free: 78823K (26%)
----------------- Invoking toplevel() on ptolemy.moml.MoMLSimpleApplication@5811e32f
----------------- Done invoking toplevel() on ptolemy.moml.MoMLSimpleApplication@5811e32f
reloadAllAccessors: .CausalityInterface1

===========================================================================================
----------------- testing Fri Aug 03 01:48:40 UTC 2018 /home/travis/build/icyphy/ptII/ptolemy/domains/de/test/auto/CausalityInterface15.xml
----------------- Instantiating /home/travis/build/icyphy/ptII/ptolemy/domains/de/test/auto/CausalityInterface15.xml
2 ms. Memory: 298496K Free: 286614K (96%)
----------------- Invoking toplevel() on ptolemy.moml.MoMLSimpleApplication@5c23ff75
----------------- Done invoking toplevel() on ptolemy.moml.MoMLSimpleApplication@5c23ff75
reloadAllAccessors: .CausalityInterface15

[...]
java.lang.RuntimeException: Execution failed
	at ptolemy.moml.MoMLSimpleApplication$UnloadThread.run(MoMLSimpleApplication.java:402)
Caused by: ptolemy.kernel.util.IllegalActionException: Test fails in iteration 1.
Value was: 1.0. Should have been: 2.0
  in .DirectFeedback.Test
	at ptolemy.actor.lib.Test.fire(Test.java:268)
	at ptolemy.domains.de.kernel.DEDirector._fire(DEDirector.java:1949)
	at ptolemy.domains.de.kernel.DEDirector.fire(DEDirector.java:502)
	at ptolemy.actor.CompositeActor.fire(CompositeActor.java:455)
	at ptolemy.actor.Manager.iterate(Manager.java:851)
	at ptolemy.actor.Manager.execute(Manager.java:369)
	at ptolemy.actor.Manager.run(Manager.java:1263)
	at ptolemy.actor.Manager$PtolemyRunThread.run(Manager.java:1915)
java.lang.RuntimeException: Execution failed
	at ptolemy.moml.MoMLSimpleApplication$UnloadThread.run(MoMLSimpleApplication.java:402)
Caused by: ptolemy.kernel.util.IllegalActionException: Actor is not ready to fire.  Perhaps UpSample.prefire() returned false? Try debugging the actor by selecting "Listen to Actor".  Also, for SDF check moml for tokenConsumptionRate on input.
  in .DESDFClockTest.Play Bell.Copy1:SDF Director and .DESDFClockTest.Play Bell.UpSample
	at ptolemy.actor.sched.StaticSchedulingDirector.fire(StaticSchedulingDirector.java:227)
	at ptolemy.domains.sdf.kernel.SDFDirector.fire(SDFDirector.java:500)
	at ptolemy.actor.CompositeActor.fire(CompositeActor.java:455)
	at ptolemy.domains.de.kernel.DEDirector._fire(DEDirector.java:1949)
	at ptolemy.domains.de.kernel.DEDirector.fire(DEDirector.java:502)
	at ptolemy.actor.CompositeActor.fire(CompositeActor.java:455)
	at ptolemy.actor.Manager.iterate(Manager.java:851)
	at ptolemy.actor.Manager.execute(Manager.java:369)
	at ptolemy.actor.Manager.run(Manager.java:1263)
	at ptolemy.actor.Manager$PtolemyRunThread.run(Manager.java:1915)
java.lang.reflect.InvocationTargetException
	at sun.reflect.NativeConstructorAccessorImpl.newInstance0(Native Method)
	at sun.reflect.NativeConstructorAccessorImpl.newInstance(NativeConstructorAccessorImpl.java:62)
	at sun.reflect.DelegatingConstructorAccessorImpl.newInstance(DelegatingConstructorAccessorImpl.java:45)
	at java.lang.reflect.Constructor.newInstance(Constructor.java:423)
	at ptolemy.util.test.junit.AutoKnownFailedTests.RunModel(AutoKnownFailedTests.java:107)
	at sun.reflect.NativeMethodAccessorImpl.invoke0(Native Method)
	at sun.reflect.NativeMethodAccessorImpl.invoke(NativeMethodAccessorImpl.java:62)
	at sun.reflect.DelegatingMethodAccessorImpl.invoke(DelegatingMethodAccessorImpl.java:43)
	at java.lang.reflect.Method.invoke(Method.java:498)
	at org.junit.runners.model.FrameworkMethod$1.runReflectiveCall(FrameworkMethod.java:44)
	at org.junit.internal.runners.model.ReflectiveCallable.run(ReflectiveCallable.java:15)
	at org.junit.runners.model.FrameworkMethod.invokeExplosively(FrameworkMethod.java:41)
	at junitparams.internal.InvokeParameterisedMethod.evaluate(InvokeParameterisedMethod.java:102)
	at org.junit.internal.runners.statements.FailOnTimeout$1.run(FailOnTimeout.java:28)
Caused by: ptolemy.kernel.util.IllegalActionException: Actor is not ready to fire.  Perhaps UpSample.prefire() returned false? Try debugging the actor by selecting "Listen to Actor".  Also, for SDF check moml for tokenConsumptionRate on input.
  in .DESDFClockTest.Play Bell.Copy1:SDF Director and .DESDFClockTest.Play Bell.UpSample
	at ptolemy.actor.sched.StaticSchedulingDirector.fire(StaticSchedulingDirector.java:227)
	at ptolemy.domains.sdf.kernel.SDFDirector.fire(SDFDirector.java:500)
	at ptolemy.actor.CompositeActor.fire(CompositeActor.java:455)
	at ptolemy.domains.de.kernel.DEDirector._fire(DEDirector.java:1949)
	at ptolemy.domains.de.kernel.DEDirector.fire(DEDirector.java:502)
	at ptolemy.actor.CompositeActor.fire(CompositeActor.java:455)
	at ptolemy.actor.Manager.iterate(Manager.java:851)
	at ptolemy.actor.Manager.execute(Manager.java:369)
	at ptolemy.actor.Manager.run(Manager.java:1263)
	at ptolemy.actor.Manager$PtolemyRunThread.run(Manager.java:1915)
java.lang.RuntimeException: Execution failed
	at ptolemy.moml.MoMLSimpleApplication$UnloadThread.run(MoMLSimpleApplication.java:402)
Caused by: ptolemy.kernel.util.IllegalActionException: Test fails in iteration 1.
Value was: 1.0. Should have been: 2.0
  in .DirectFeedback.Test
	at ptolemy.actor.lib.Test.fire(Test.java:268)
	at ptolemy.domains.de.kernel.DEDirector._fire(DEDirector.java:1949)
	at ptolemy.domains.de.kernel.DEDirector.fire(DEDirector.java:502)
	at ptolemy.actor.CompositeActor.fire(CompositeActor.java:455)
	at ptolemy.actor.Manager.iterate(Manager.java:851)
	at ptolemy.actor.Manager.execute(Manager.java:369)
	at ptolemy.actor.Manager.run(Manager.java:1263)
	at ptolemy.actor.Manager$PtolemyRunThread.run(Manager.java:1915)
java.lang.reflect.InvocationTargetException
	at sun.reflect.NativeConstructorAccessorImpl.newInstance0(Native Method)
	at sun.reflect.NativeConstructorAccessorImpl.newInstance(NativeConstructorAccessorImpl.java:62)
	at sun.reflect.DelegatingConstructorAccessorImpl.newInstance(DelegatingConstructorAccessorImpl.java:45)
	at java.lang.reflect.Constructor.newInstance(Constructor.java:423)
	at ptolemy.util.test.junit.AutoKnownFailedTests.RunModel(AutoKnownFailedTests.java:107)
	at sun.reflect.NativeMethodAccessorImpl.invoke0(Native Method)
	at sun.reflect.NativeMethodAccessorImpl.invoke(NativeMethodAccessorImpl.java:62)
	at sun.reflect.DelegatingMethodAccessorImpl.invoke(DelegatingMethodAccessorImpl.java:43)
	at java.lang.reflect.Method.invoke(Method.java:498)
	at org.junit.runners.model.FrameworkMethod$1.runReflectiveCall(FrameworkMethod.java:44)
	at org.junit.internal.runners.model.ReflectiveCallable.run(ReflectiveCallable.java:15)
	at org.junit.runners.model.FrameworkMethod.invokeExplosively(FrameworkMethod.java:41)
	at junitparams.internal.InvokeParameterisedMethod.evaluate(InvokeParameterisedMethod.java:102)
	at org.junit.internal.runners.statements.FailOnTimeout$1.run(FailOnTimeout.java:28)
Caused by: ptolemy.kernel.util.IllegalActionException: Test fails in iteration 1.
Value was: 1.0. Should have been: 2.0
  in .DirectFeedback.Test
	at ptolemy.actor.lib.Test.fire(Test.java:268)
	at ptolemy.domains.de.kernel.DEDirector._fire(DEDirector.java:1949)
	at ptolemy.domains.de.kernel.DEDirector.fire(DEDirector.java:502)
	at ptolemy.actor.CompositeActor.fire(CompositeActor.java:455)
	at ptolemy.actor.Manager.iterate(Manager.java:851)
	at ptolemy.actor.Manager.execute(Manager.java:369)
	at ptolemy.actor.Manager.run(Manager.java:1263)
	at ptolemy.actor.Manager$PtolemyRunThread.run(Manager.java:1915)
java.lang.RuntimeException: Execution failed
	at ptolemy.moml.MoMLSimpleApplication$UnloadThread.run(MoMLSimpleApplication.java:402)
Caused by: ptolemy.kernel.util.IllegalActionException: Found a zero delay loop containing .HierarchicalModel.A
  in .HierarchicalModel and .HierarchicalModel.A
	at ptolemy.actor.util.CausalityInterfaceForComposites._computeOutputPortDepth(CausalityInterfaceForComposites.java:759)
	at ptolemy.actor.util.CausalityInterfaceForComposites._computeInputDepth(CausalityInterfaceForComposites.java:696)
	at ptolemy.actor.util.CausalityInterfaceForComposites._computeOutputPortDepth(CausalityInterfaceForComposites.java:765)
	at ptolemy.actor.util.CausalityInterfaceForComposites._computeInputDepth(CausalityInterfaceForComposites.java:696)
	at ptolemy.actor.util.CausalityInterfaceForComposites._computeOutputPortDepth(CausalityInterfaceForComposites.java:765)
	at ptolemy.actor.util.CausalityInterfaceForComposites._computeInputDepth(CausalityInterfaceForComposites.java:696)
	at ptolemy.actor.util.CausalityInterfaceForComposites._computeActorDepth(CausalityInterfaceForComposites.java:532)
	at ptolemy.actor.util.CausalityInterfaceForComposites.checkForCycles(CausalityInterfaceForComposites.java:96)
	at ptolemy.domains.de.kernel.DEDirector.preinitialize(DEDirector.java:1338)
	at ptolemy.actor.CompositeActor.preinitialize(CompositeActor.java:1828)
	at ptolemy.actor.Manager.preinitializeAndResolveTypes(Manager.java:1040)
	at ptolemy.actor.Manager.initialize(Manager.java:710)
	at ptolemy.actor.Manager.execute(Manager.java:356)
	at ptolemy.actor.Manager.run(Manager.java:1263)
	at ptolemy.actor.Manager$PtolemyRunThread.run(Manager.java:1915)
java.lang.reflect.InvocationTargetException
	at sun.reflect.NativeConstructorAccessorImpl.newInstance0(Native Method)
	at sun.reflect.NativeConstructorAccessorImpl.newInstance(NativeConstructorAccessorImpl.java:62)
	at sun.reflect.DelegatingConstructorAccessorImpl.newInstance(DelegatingConstructorAccessorImpl.java:45)
	at java.lang.reflect.Constructor.newInstance(Constructor.java:423)
	at ptolemy.util.test.junit.AutoKnownFailedTests.RunModel(AutoKnownFailedTests.java:107)
	at sun.reflect.NativeMethodAccessorImpl.invoke0(Native Method)
	at sun.reflect.NativeMethodAccessorImpl.invoke(NativeMethodAccessorImpl.java:62)
	at sun.reflect.DelegatingMethodAccessorImpl.invoke(DelegatingMethodAccessorImpl.java:43)
	at java.lang.reflect.Method.invoke(Method.java:498)
	at org.junit.runners.model.FrameworkMethod$1.runReflectiveCall(FrameworkMethod.java:44)
	at org.junit.internal.runners.model.ReflectiveCallable.run(ReflectiveCallable.java:15)
	at org.junit.runners.model.FrameworkMethod.invokeExplosively(FrameworkMethod.java:41)
	at junitparams.internal.InvokeParameterisedMethod.evaluate(InvokeParameterisedMethod.java:102)
	at org.junit.internal.runners.statements.FailOnTimeout$1.run(FailOnTimeout.java:28)
Caused by: ptolemy.kernel.util.IllegalActionException: Found a zero delay loop containing .HierarchicalModel.A
  in .HierarchicalModel and .HierarchicalModel.A
	at ptolemy.actor.util.CausalityInterfaceForComposites._computeOutputPortDepth(CausalityInterfaceForComposites.java:759)
	at ptolemy.actor.util.CausalityInterfaceForComposites._computeInputDepth(CausalityInterfaceForComposites.java:696)
	at ptolemy.actor.util.CausalityInterfaceForComposites._computeOutputPortDepth(CausalityInterfaceForComposites.java:765)
	at ptolemy.actor.util.CausalityInterfaceForComposites._computeInputDepth(CausalityInterfaceForComposites.java:696)
	at ptolemy.actor.util.CausalityInterfaceForComposites._computeOutputPortDepth(CausalityInterfaceForComposites.java:765)
	at ptolemy.actor.util.CausalityInterfaceForComposites._computeInputDepth(CausalityInterfaceForComposites.java:696)
	at ptolemy.actor.util.CausalityInterfaceForComposites._computeActorDepth(CausalityInterfaceForComposites.java:532)
	at ptolemy.actor.util.CausalityInterfaceForComposites.checkForCycles(CausalityInterfaceForComposites.java:96)
	at ptolemy.domains.de.kernel.DEDirector.preinitialize(DEDirector.java:1338)
	at ptolemy.actor.CompositeActor.preinitialize(CompositeActor.java:1828)
	at ptolemy.actor.Manager.preinitializeAndResolveTypes(Manager.java:1040)
	at ptolemy.actor.Manager.initialize(Manager.java:710)
	at ptolemy.actor.Manager.execute(Manager.java:356)
	at ptolemy.actor.Manager.run(Manager.java:1263)
	at ptolemy.actor.Manager$PtolemyRunThread.run(Manager.java:1915)
java.lang.RuntimeException: Execution failed
	at ptolemy.moml.MoMLSimpleApplication$UnloadThread.run(MoMLSimpleApplication.java:402)
Caused by: ptolemy.kernel.util.IllegalActionException: Found a zero delay loop containing .dependencyLoop.original
  in .dependencyLoop and .dependencyLoop.original
	at ptolemy.actor.util.CausalityInterfaceForComposites._computeOutputPortDepth(CausalityInterfaceForComposites.java:759)
	at ptolemy.actor.util.CausalityInterfaceForComposites._computeInputDepth(CausalityInterfaceForComposites.java:696)
	at ptolemy.actor.util.CausalityInterfaceForComposites._computeOutputPortDepth(CausalityInterfaceForComposites.java:765)
	at ptolemy.actor.util.CausalityInterfaceForComposites._computeInputDepth(CausalityInterfaceForComposites.java:696)
	at ptolemy.actor.util.CausalityInterfaceForComposites._computeOutputPortDepth(CausalityInterfaceForComposites.java:765)
	at ptolemy.actor.util.CausalityInterfaceForComposites._computeInputDepth(CausalityInterfaceForComposites.java:696)
	at ptolemy.actor.util.CausalityInterfaceForComposites._computeActorDepth(CausalityInterfaceForComposites.java:532)
	at ptolemy.actor.util.CausalityInterfaceForComposites.checkForCycles(CausalityInterfaceForComposites.java:96)
	at ptolemy.domains.de.kernel.DEDirector.preinitialize(DEDirector.java:1338)
	at ptolemy.actor.CompositeActor.preinitialize(CompositeActor.java:1828)
	at ptolemy.actor.Manager.preinitializeAndResolveTypes(Manager.java:1040)
	at ptolemy.actor.Manager.initialize(Manager.java:710)
	at ptolemy.actor.Manager.execute(Manager.java:356)
	at ptolemy.actor.Manager.run(Manager.java:1263)
	at ptolemy.actor.Manager$PtolemyRunThread.run(Manager.java:1915)
java.lang.reflect.InvocationTargetException
	at sun.reflect.NativeConstructorAccessorImpl.newInstance0(Native Method)
	at sun.reflect.NativeConstructorAccessorImpl.newInstance(NativeConstructorAccessorImpl.java:62)
	at sun.reflect.DelegatingConstructorAccessorImpl.newInstance(DelegatingConstructorAccessorImpl.java:45)
	at java.lang.reflect.Constructor.newInstance(Constructor.java:423)
	at ptolemy.util.test.junit.AutoKnownFailedTests.RunModel(AutoKnownFailedTests.java:107)
	at sun.reflect.NativeMethodAccessorImpl.invoke0(Native Method)
	at sun.reflect.NativeMethodAccessorImpl.invoke(NativeMethodAccessorImpl.java:62)
	at sun.reflect.DelegatingMethodAccessorImpl.invoke(DelegatingMethodAccessorImpl.java:43)
	at java.lang.reflect.Method.invoke(Method.java:498)
	at org.junit.runners.model.FrameworkMethod$1.runReflectiveCall(FrameworkMethod.java:44)
	at org.junit.internal.runners.model.ReflectiveCallable.run(ReflectiveCallable.java:15)
	at org.junit.runners.model.FrameworkMethod.invokeExplosively(FrameworkMethod.java:41)
	at junitparams.internal.InvokeParameterisedMethod.evaluate(InvokeParameterisedMethod.java:102)
	at org.junit.internal.runners.statements.FailOnTimeout$1.run(FailOnTimeout.java:28)
Caused by: ptolemy.kernel.util.IllegalActionException: Found a zero delay loop containing .dependencyLoop.original
  in .dependencyLoop and .dependencyLoop.original
	at ptolemy.actor.util.CausalityInterfaceForComposites._computeOutputPortDepth(CausalityInterfaceForComposites.java:759)
	at ptolemy.actor.util.CausalityInterfaceForComposites._computeInputDepth(CausalityInterfaceForComposites.java:696)
	at ptolemy.actor.util.CausalityInterfaceForComposites._computeOutputPortDepth(CausalityInterfaceForComposites.java:765)
	at ptolemy.actor.util.CausalityInterfaceForComposites._computeInputDepth(CausalityInterfaceForComposites.java:696)
	at ptolemy.actor.util.CausalityInterfaceForComposites._computeOutputPortDepth(CausalityInterfaceForComposites.java:765)
	at ptolemy.actor.util.CausalityInterfaceForComposites._computeInputDepth(CausalityInterfaceForComposites.java:696)
	at ptolemy.actor.util.CausalityInterfaceForComposites._computeActorDepth(CausalityInterfaceForComposites.java:532)
	at ptolemy.actor.util.CausalityInterfaceForComposites.checkForCycles(CausalityInterfaceForComposites.java:96)
	at ptolemy.domains.de.kernel.DEDirector.preinitialize(DEDirector.java:1338)
	at ptolemy.actor.CompositeActor.preinitialize(CompositeActor.java:1828)
	at ptolemy.actor.Manager.preinitializeAndResolveTypes(Manager.java:1040)
	at ptolemy.actor.Manager.initialize(Manager.java:710)
	at ptolemy.actor.Manager.execute(Manager.java:356)
	at ptolemy.actor.Manager.run(Manager.java:1263)
	at ptolemy.actor.Manager$PtolemyRunThread.run(Manager.java:1915)
java.lang.RuntimeException: Execution failed
	at ptolemy.moml.MoMLSimpleApplication$UnloadThread.run(MoMLSimpleApplication.java:402)
Caused by: ptolemy.kernel.util.IllegalActionException: Found a zero delay loop containing .dependencyLoop2.original
  in .dependencyLoop2 and .dependencyLoop2.original
	at ptolemy.actor.util.CausalityInterfaceForComposites._computeOutputPortDepth(CausalityInterfaceForComposites.java:759)
	at ptolemy.actor.util.CausalityInterfaceForComposites._computeInputDepth(CausalityInterfaceForComposites.java:696)
	at ptolemy.actor.util.CausalityInterfaceForComposites._computeOutputPortDepth(CausalityInterfaceForComposites.java:765)
	at ptolemy.actor.util.CausalityInterfaceForComposites._computeInputDepth(CausalityInterfaceForComposites.java:696)
	at ptolemy.actor.util.CausalityInterfaceForComposites._computeOutputPortDepth(CausalityInterfaceForComposites.java:765)
	at ptolemy.actor.util.CausalityInterfaceForComposites._computeInputDepth(CausalityInterfaceForComposites.java:696)
	at ptolemy.actor.util.CausalityInterfaceForComposites._computeActorDepth(CausalityInterfaceForComposites.java:532)
	at ptolemy.actor.util.CausalityInterfaceForComposites.checkForCycles(CausalityInterfaceForComposites.java:96)
	at ptolemy.domains.de.kernel.DEDirector.preinitialize(DEDirector.java:1338)
	at ptolemy.actor.CompositeActor.preinitialize(CompositeActor.java:1828)
	at ptolemy.actor.Manager.preinitializeAndResolveTypes(Manager.java:1040)
	at ptolemy.actor.Manager.initialize(Manager.java:710)
	at ptolemy.actor.Manager.execute(Manager.java:356)
	at ptolemy.actor.Manager.run(Manager.java:1263)
	at ptolemy.actor.Manager$PtolemyRunThread.run(Manager.java:1915)
java.lang.reflect.InvocationTargetException
	at sun.reflect.NativeConstructorAccessorImpl.newInstance0(Native Method)
	at sun.reflect.NativeConstructorAccessorImpl.newInstance(NativeConstructorAccessorImpl.java:62)
	at sun.reflect.DelegatingConstructorAccessorImpl.newInstance(DelegatingConstructorAccessorImpl.java:45)
	at java.lang.reflect.Constructor.newInstance(Constructor.java:423)
	at ptolemy.util.test.junit.AutoKnownFailedTests.RunModel(AutoKnownFailedTests.java:107)
	at sun.reflect.NativeMethodAccessorImpl.invoke0(Native Method)
	at sun.reflect.NativeMethodAccessorImpl.invoke(NativeMethodAccessorImpl.java:62)
	at sun.reflect.DelegatingMethodAccessorImpl.invoke(DelegatingMethodAccessorImpl.java:43)
	at java.lang.reflect.Method.invoke(Method.java:498)
	at org.junit.runners.model.FrameworkMethod$1.runReflectiveCall(FrameworkMethod.java:44)
	at org.junit.internal.runners.model.ReflectiveCallable.run(ReflectiveCallable.java:15)
	at org.junit.runners.model.FrameworkMethod.invokeExplosively(FrameworkMethod.java:41)
	at junitparams.internal.InvokeParameterisedMethod.evaluate(InvokeParameterisedMethod.java:102)
	at org.junit.internal.runners.statements.FailOnTimeout$1.run(FailOnTimeout.java:28)
Caused by: ptolemy.kernel.util.IllegalActionException: Found a zero delay loop containing .dependencyLoop2.original
  in .dependencyLoop2 and .dependencyLoop2.original
	at ptolemy.actor.util.CausalityInterfaceForComposites._computeOutputPortDepth(CausalityInterfaceForComposites.java:759)
	at ptolemy.actor.util.CausalityInterfaceForComposites._computeInputDepth(CausalityInterfaceForComposites.java:696)
	at ptolemy.actor.util.CausalityInterfaceForComposites._computeOutputPortDepth(CausalityInterfaceForComposites.java:765)
	at ptolemy.actor.util.CausalityInterfaceForComposites._computeInputDepth(CausalityInterfaceForComposites.java:696)
	at ptolemy.actor.util.CausalityInterfaceForComposites._computeOutputPortDepth(CausalityInterfaceForComposites.java:765)
	at ptolemy.actor.util.CausalityInterfaceForComposites._computeInputDepth(CausalityInterfaceForComposites.java:696)
	at ptolemy.actor.util.CausalityInterfaceForComposites._computeActorDepth(CausalityInterfaceForComposites.java:532)
	at ptolemy.actor.util.CausalityInterfaceForComposites.checkForCycles(CausalityInterfaceForComposites.java:96)
	at ptolemy.domains.de.kernel.DEDirector.preinitialize(DEDirector.java:1338)
	at ptolemy.actor.CompositeActor.preinitialize(CompositeActor.java:1828)
	at ptolemy.actor.Manager.preinitializeAndResolveTypes(Manager.java:1040)
	at ptolemy.actor.Manager.initialize(Manager.java:710)
	at ptolemy.actor.Manager.execute(Manager.java:356)
	at ptolemy.actor.Manager.run(Manager.java:1263)
	at ptolemy.actor.Manager$PtolemyRunThread.run(Manager.java:1915)
]]></system-err>
</testsuite>
