<?xml version="1.0" encoding="UTF-8" ?>
<testsuite errors="0" failures="0" hostname="travis-job-f099ea09-a828-4b4e-a11a-18b81091c044" name="ptolemy.domains.de.test.junit.JUnitTclTest" skipped="0" tests="101" time="134.277" timestamp="2019-10-12T06:05:14">
  <properties>
[...]
</properties>
  <testcase classname="ptolemy.util.test.junit.TclTests" name="[0] /home/travis/build/icyphy/ptII/ptolemy/domains/de/test/DependencyLoop.tcl (RunTclFile)" time="1.035" />
  <testcase classname="ptolemy.util.test.junit.TclTests" name="[1] /home/travis/build/icyphy/ptII/ptolemy/domains/de/test/RunDETestsAsQSS.tcl (RunTclFile)" time="90.845" />
  <testcase classname="ptolemy.util.test.junit.AutoKnownFailedTests" name="[0] /home/travis/build/icyphy/ptII/ptolemy/domains/de/test/auto/knownFailedTests/DESDFClockTest.xml (RunModel)" time="2.038" />
  <testcase classname="ptolemy.util.test.junit.AutoKnownFailedTests" name="[1] /home/travis/build/icyphy/ptII/ptolemy/domains/de/test/auto/knownFailedTests/DirectFeedback.xml (RunModel)" time="0.023" />
  <testcase classname="ptolemy.util.test.junit.AutoKnownFailedTests" name="[2] /home/travis/build/icyphy/ptII/ptolemy/domains/de/test/auto/knownFailedTests/FSMSource.xml (RunModel)" time="0.032" />
  <testcase classname="ptolemy.util.test.junit.AutoKnownFailedTests" name="[3] /home/travis/build/icyphy/ptII/ptolemy/domains/de/test/auto/knownFailedTests/HierarchicalModel.xml (RunModel)" time="0.055" />
  <testcase classname="ptolemy.util.test.junit.AutoKnownFailedTests" name="[4] /home/travis/build/icyphy/ptII/ptolemy/domains/de/test/auto/knownFailedTests/dependencyLoop.xml (RunModel)" time="0.042" />
  <testcase classname="ptolemy.util.test.junit.AutoKnownFailedTests" name="[5] /home/travis/build/icyphy/ptII/ptolemy/domains/de/test/auto/knownFailedTests/dependencyLoop2.xml (RunModel)" time="0.046" />
  <testcase classname="ptolemy.util.test.junit.AutoNameArchTests" name="[0] ThereAreNoAutoArchTests (RunModel)" time="0.001" />
  <testcase classname="ptolemy.util.test.junit.AutoTests" name="[0] /home/travis/build/icyphy/ptII/ptolemy/domains/de/test/auto/ActorDepthCalculation_actorWithoutPorts.xml (RunModel)" time="0.014" />
  <testcase classname="ptolemy.util.test.junit.AutoTests" name="[1] /home/travis/build/icyphy/ptII/ptolemy/domains/de/test/auto/AssemblyLine.xml (RunModel)" time="0.026" />
  <testcase classname="ptolemy.util.test.junit.AutoTests" name="[2] /home/travis/build/icyphy/ptII/ptolemy/domains/de/test/auto/CQBug1.xml (RunModel)" time="0.01" />
  <testcase classname="ptolemy.util.test.junit.AutoTests" name="[3] /home/travis/build/icyphy/ptII/ptolemy/domains/de/test/auto/CancelFireAt.xml (RunModel)" time="0.014" />
  <testcase classname="ptolemy.util.test.junit.AutoTests" name="[4] /home/travis/build/icyphy/ptII/ptolemy/domains/de/test/auto/CausalityAndComposabilityAnalysis.xml (RunModel)" time="0.023" />
  <testcase classname="ptolemy.util.test.junit.AutoTests" name="[5] /home/travis/build/icyphy/ptII/ptolemy/domains/de/test/auto/CausalityInterface1.xml (RunModel)" time="0.029" />
  <testcase classname="ptolemy.util.test.junit.AutoTests" name="[6] /home/travis/build/icyphy/ptII/ptolemy/domains/de/test/auto/CausalityInterface15.xml (RunModel)" time="0.02" />
  <testcase classname="ptolemy.util.test.junit.AutoTests" name="[7] /home/travis/build/icyphy/ptII/ptolemy/domains/de/test/auto/CausalityInterface2.xml (RunModel)" time="0.014" />
  <testcase classname="ptolemy.util.test.junit.AutoTests" name="[8] /home/travis/build/icyphy/ptII/ptolemy/domains/de/test/auto/CausalityInterface3.xml (RunModel)" time="0.015" />
  <testcase classname="ptolemy.util.test.junit.AutoTests" name="[9] /home/travis/build/icyphy/ptII/ptolemy/domains/de/test/auto/ClockDrift.xml (RunModel)" time="0.06" />
  <testcase classname="ptolemy.util.test.junit.AutoTests" name="[10] /home/travis/build/icyphy/ptII/ptolemy/domains/de/test/auto/ClockDriftAndValueChange.xml (RunModel)" time="0.039" />
  <testcase classname="ptolemy.util.test.junit.AutoTests" name="[11] /home/travis/build/icyphy/ptII/ptolemy/domains/de/test/auto/ClockDriftChange.xml (RunModel)" time="0.031" />
  <testcase classname="ptolemy.util.test.junit.AutoTests" name="[12] /home/travis/build/icyphy/ptII/ptolemy/domains/de/test/auto/ComposableCausalityAnalysis.xml (RunModel)" time="0.015" />
  <testcase classname="ptolemy.util.test.junit.AutoTests" name="[13] /home/travis/build/icyphy/ptII/ptolemy/domains/de/test/auto/DEFixedPointLimitation.xml (RunModel)" time="0.015" />
  <testcase classname="ptolemy.util.test.junit.AutoTests" name="[14] /home/travis/build/icyphy/ptII/ptolemy/domains/de/test/auto/DEScheduleTest.xml (RunModel)" time="0.014" />
  <testcase classname="ptolemy.util.test.junit.AutoTests" name="[15] /home/travis/build/icyphy/ptII/ptolemy/domains/de/test/auto/DEinDEwithStartTimes.xml (RunModel)" time="0.016" />
  <testcase classname="ptolemy.util.test.junit.AutoTests" name="[16] /home/travis/build/icyphy/ptII/ptolemy/domains/de/test/auto/DEinDEwithStartTimes2.xml (RunModel)" time="0.019" />
  <testcase classname="ptolemy.util.test.junit.AutoTests" name="[17] /home/travis/build/icyphy/ptII/ptolemy/domains/de/test/auto/DateDemo.xml (RunModel)" time="0.03" />
  <testcase classname="ptolemy.util.test.junit.AutoTests" name="[18] /home/travis/build/icyphy/ptII/ptolemy/domains/de/test/auto/DateToEvent.xml (RunModel)" time="2.055" />
  <testcase classname="ptolemy.util.test.junit.AutoTests" name="[19] /home/travis/build/icyphy/ptII/ptolemy/domains/de/test/auto/DepthTest1.xml (RunModel)" time="0.013" />
  <testcase classname="ptolemy.util.test.junit.AutoTests" name="[20] /home/travis/build/icyphy/ptII/ptolemy/domains/de/test/auto/DepthTest2.xml (RunModel)" time="0.021" />
  <testcase classname="ptolemy.util.test.junit.AutoTests" name="[21] /home/travis/build/icyphy/ptII/ptolemy/domains/de/test/auto/DepthTest3.xml (RunModel)" time="0.016" />
  <testcase classname="ptolemy.util.test.junit.AutoTests" name="[22] /home/travis/build/icyphy/ptII/ptolemy/domains/de/test/auto/DepthTest4.xml (RunModel)" time="0.025" />
  <testcase classname="ptolemy.util.test.junit.AutoTests" name="[23] /home/travis/build/icyphy/ptII/ptolemy/domains/de/test/auto/DepthTest5.xml (RunModel)" time="0.013" />
  <testcase classname="ptolemy.util.test.junit.AutoTests" name="[24] /home/travis/build/icyphy/ptII/ptolemy/domains/de/test/auto/DepthTest6.xml (RunModel)" time="0.014" />
  <testcase classname="ptolemy.util.test.junit.AutoTests" name="[25] /home/travis/build/icyphy/ptII/ptolemy/domains/de/test/auto/DepthTest7.xml (RunModel)" time="0.015" />
  <testcase classname="ptolemy.util.test.junit.AutoTests" name="[26] /home/travis/build/icyphy/ptII/ptolemy/domains/de/test/auto/EventToDate.xml (RunModel)" time="3.049" />
  <testcase classname="ptolemy.util.test.junit.AutoTests" name="[27] /home/travis/build/icyphy/ptII/ptolemy/domains/de/test/auto/FSM1.xml (RunModel)" time="0.031" />
  <testcase classname="ptolemy.util.test.junit.AutoTests" name="[28] /home/travis/build/icyphy/ptII/ptolemy/domains/de/test/auto/FSM7.xml (RunModel)" time="0.04" />
  <testcase classname="ptolemy.util.test.junit.AutoTests" name="[29] /home/travis/build/icyphy/ptII/ptolemy/domains/de/test/auto/Inspection.xml (RunModel)" time="0.053" />
  <testcase classname="ptolemy.util.test.junit.AutoTests" name="[30] /home/travis/build/icyphy/ptII/ptolemy/domains/de/test/auto/Iteration.xml (RunModel)" time="0.061" />
  <testcase classname="ptolemy.util.test.junit.AutoTests" name="[31] /home/travis/build/icyphy/ptII/ptolemy/domains/de/test/auto/LineFault.xml (RunModel)" time="0.577" />
  <testcase classname="ptolemy.util.test.junit.AutoTests" name="[32] /home/travis/build/icyphy/ptII/ptolemy/domains/de/test/auto/MergeModel1Add.xml (RunModel)" time="0.058" />
  <testcase classname="ptolemy.util.test.junit.AutoTests" name="[33] /home/travis/build/icyphy/ptII/ptolemy/domains/de/test/auto/MergeModel2Add.xml (RunModel)" time="0.047" />
  <testcase classname="ptolemy.util.test.junit.AutoTests" name="[34] /home/travis/build/icyphy/ptII/ptolemy/domains/de/test/auto/MergeModel3Add.xml (RunModel)" time="0.046" />
  <testcase classname="ptolemy.util.test.junit.AutoTests" name="[35] /home/travis/build/icyphy/ptII/ptolemy/domains/de/test/auto/MergeWithoutDiscard.xml (RunModel)" time="0.016" />
  <testcase classname="ptolemy.util.test.junit.AutoTests" name="[36] /home/travis/build/icyphy/ptII/ptolemy/domains/de/test/auto/Modal1.xml (RunModel)" time="0.035" />
  <testcase classname="ptolemy.util.test.junit.AutoTests" name="[37] /home/travis/build/icyphy/ptII/ptolemy/domains/de/test/auto/Modal2.xml (RunModel)" time="0.033" />
  <testcase classname="ptolemy.util.test.junit.AutoTests" name="[38] /home/travis/build/icyphy/ptII/ptolemy/domains/de/test/auto/Modal3.xml (RunModel)" time="0.034" />
  <testcase classname="ptolemy.util.test.junit.AutoTests" name="[39] /home/travis/build/icyphy/ptII/ptolemy/domains/de/test/auto/Modal4.xml (RunModel)" time="0.036" />
  <testcase classname="ptolemy.util.test.junit.AutoTests" name="[40] /home/travis/build/icyphy/ptII/ptolemy/domains/de/test/auto/Modal5.xml (RunModel)" time="0.038" />
  <testcase classname="ptolemy.util.test.junit.AutoTests" name="[41] /home/travis/build/icyphy/ptII/ptolemy/domains/de/test/auto/Modal6.xml (RunModel)" time="0.03" />
  <testcase classname="ptolemy.util.test.junit.AutoTests" name="[42] /home/travis/build/icyphy/ptII/ptolemy/domains/de/test/auto/Modal7.xml (RunModel)" time="0.03" />
  <testcase classname="ptolemy.util.test.junit.AutoTests" name="[43] /home/travis/build/icyphy/ptII/ptolemy/domains/de/test/auto/ModalModel.xml (RunModel)" time="0.202" />
  <testcase classname="ptolemy.util.test.junit.AutoTests" name="[44] /home/travis/build/icyphy/ptII/ptolemy/domains/de/test/auto/ModalSource.xml (RunModel)" time="0.02" />
  <testcase classname="ptolemy.util.test.junit.AutoTests" name="[45] /home/travis/build/icyphy/ptII/ptolemy/domains/de/test/auto/NonInterruptibleTimerZeroDelay.xml (RunModel)" time="0.015" />
  <testcase classname="ptolemy.util.test.junit.AutoTests" name="[46] /home/travis/build/icyphy/ptII/ptolemy/domains/de/test/auto/OpenQueueingNetwork.xml (RunModel)" time="2.542" />
  <testcase classname="ptolemy.util.test.junit.AutoTests" name="[47] /home/travis/build/icyphy/ptII/ptolemy/domains/de/test/auto/OpenQueuingNetwork.xml (RunModel)" time="0.341" />
  <testcase classname="ptolemy.util.test.junit.AutoTests" name="[48] /home/travis/build/icyphy/ptII/ptolemy/domains/de/test/auto/PeriodicSampler.xml (RunModel)" time="0.008" />
  <testcase classname="ptolemy.util.test.junit.AutoTests" name="[49] /home/travis/build/icyphy/ptII/ptolemy/domains/de/test/auto/PersistentIO.xml (RunModel)" time="0.026" />
  <testcase classname="ptolemy.util.test.junit.AutoTests" name="[50] /home/travis/build/icyphy/ptII/ptolemy/domains/de/test/auto/PortParameterResetOnInitialize.xml (RunModel)" time="0.014" />
  <testcase classname="ptolemy.util.test.junit.AutoTests" name="[51] /home/travis/build/icyphy/ptII/ptolemy/domains/de/test/auto/PortParameterUpdates.xml (RunModel)" time="0.015" />
  <testcase classname="ptolemy.util.test.junit.AutoTests" name="[52] /home/travis/build/icyphy/ptII/ptolemy/domains/de/test/auto/QueueAndServer.xml (RunModel)" time="0.023" />
  <testcase classname="ptolemy.util.test.junit.AutoTests" name="[53] /home/travis/build/icyphy/ptII/ptolemy/domains/de/test/auto/Records.xml (RunModel)" time="0.019" />
  <testcase classname="ptolemy.util.test.junit.AutoTests" name="[54] /home/travis/build/icyphy/ptII/ptolemy/domains/de/test/auto/ResetTransitionWithStartTime1.xml (RunModel)" time="0.024" />
  <testcase classname="ptolemy.util.test.junit.AutoTests" name="[55] /home/travis/build/icyphy/ptII/ptolemy/domains/de/test/auto/ResetTransitionWithStartTime2.xml (RunModel)" time="0.02" />
  <testcase classname="ptolemy.util.test.junit.AutoTests" name="[56] /home/travis/build/icyphy/ptII/ptolemy/domains/de/test/auto/ResetTransitionWithStartTime3.xml (RunModel)" time="0.018" />
  <testcase classname="ptolemy.util.test.junit.AutoTests" name="[57] /home/travis/build/icyphy/ptII/ptolemy/domains/de/test/auto/ResetTransitionWithStartTime4.xml (RunModel)" time="0.021" />
  <testcase classname="ptolemy.util.test.junit.AutoTests" name="[58] /home/travis/build/icyphy/ptII/ptolemy/domains/de/test/auto/ResettableTimer1.xml (RunModel)" time="0.01" />
  <testcase classname="ptolemy.util.test.junit.AutoTests" name="[59] /home/travis/build/icyphy/ptII/ptolemy/domains/de/test/auto/ResettableTimer2.xml (RunModel)" time="0.011" />
  <testcase classname="ptolemy.util.test.junit.AutoTests" name="[60] /home/travis/build/icyphy/ptII/ptolemy/domains/de/test/auto/ResettableTimer3.xml (RunModel)" time="0.01" />
  <testcase classname="ptolemy.util.test.junit.AutoTests" name="[61] /home/travis/build/icyphy/ptII/ptolemy/domains/de/test/auto/ResettableTimer4.xml (RunModel)" time="0.01" />
  <testcase classname="ptolemy.util.test.junit.AutoTests" name="[62] /home/travis/build/icyphy/ptII/ptolemy/domains/de/test/auto/ResettableTimer5.xml (RunModel)" time="0.01" />
  <testcase classname="ptolemy.util.test.junit.AutoTests" name="[63] /home/travis/build/icyphy/ptII/ptolemy/domains/de/test/auto/ResettableTimer6.xml (RunModel)" time="0.018" />
  <testcase classname="ptolemy.util.test.junit.AutoTests" name="[64] /home/travis/build/icyphy/ptII/ptolemy/domains/de/test/auto/ServerZeroDelay.xml (RunModel)" time="0.009" />
  <testcase classname="ptolemy.util.test.junit.AutoTests" name="[65] /home/travis/build/icyphy/ptII/ptolemy/domains/de/test/auto/SmartSender.xml (RunModel)" time="3.008" />
  <testcase classname="ptolemy.util.test.junit.AutoTests" name="[66] /home/travis/build/icyphy/ptII/ptolemy/domains/de/test/auto/ThreadedComposite.xml (RunModel)" time="0.152" />
  <testcase classname="ptolemy.util.test.junit.AutoTests" name="[67] /home/travis/build/icyphy/ptII/ptolemy/domains/de/test/auto/Time.xml (RunModel)" time="0.462" />
  <testcase classname="ptolemy.util.test.junit.AutoTests" name="[68] /home/travis/build/icyphy/ptII/ptolemy/domains/de/test/auto/TimeDelayZeroDelay.xml (RunModel)" time="0.015" />
  <testcase classname="ptolemy.util.test.junit.AutoTests" name="[69] /home/travis/build/icyphy/ptII/ptolemy/domains/de/test/auto/TimerZeroDelay.xml (RunModel)" time="0.014" />
  <testcase classname="ptolemy.util.test.junit.AutoTests" name="[70] /home/travis/build/icyphy/ptII/ptolemy/domains/de/test/auto/TimingParadox.xml (RunModel)" time="0.384" />
  <testcase classname="ptolemy.util.test.junit.AutoTests" name="[71] /home/travis/build/icyphy/ptII/ptolemy/domains/de/test/auto/TransferInputs.xml (RunModel)" time="0.017" />
  <testcase classname="ptolemy.util.test.junit.AutoTests" name="[72] /home/travis/build/icyphy/ptII/ptolemy/domains/de/test/auto/TransferOutputs2.xml (RunModel)" time="0.016" />
  <testcase classname="ptolemy.util.test.junit.AutoTests" name="[73] /home/travis/build/icyphy/ptII/ptolemy/domains/de/test/auto/Trilateration.xml (RunModel)" time="13.007" />
  <testcase classname="ptolemy.util.test.junit.AutoTests" name="[74] /home/travis/build/icyphy/ptII/ptolemy/domains/de/test/auto/TwoSigmaDelta.xml (RunModel)" time="2.205" />
  <testcase classname="ptolemy.util.test.junit.AutoTests" name="[75] /home/travis/build/icyphy/ptII/ptolemy/domains/de/test/auto/VariableDelay.xml (RunModel)" time="0.015" />
  <testcase classname="ptolemy.util.test.junit.AutoTests" name="[76] /home/travis/build/icyphy/ptII/ptolemy/domains/de/test/auto/VariableDelay2.xml (RunModel)" time="0.011" />
  <testcase classname="ptolemy.util.test.junit.AutoTests" name="[77] /home/travis/build/icyphy/ptII/ptolemy/domains/de/test/auto/VariableDelayZeroDelay.xml (RunModel)" time="0.014" />
  <testcase classname="ptolemy.util.test.junit.AutoTests" name="[78] /home/travis/build/icyphy/ptII/ptolemy/domains/de/test/auto/VariableDelayZeroDelay2.xml (RunModel)" time="0.01" />
  <testcase classname="ptolemy.util.test.junit.AutoTests" name="[79] /home/travis/build/icyphy/ptII/ptolemy/domains/de/test/auto/deInCt.xml (RunModel)" time="0.017" />
  <testcase classname="ptolemy.util.test.junit.AutoTests" name="[80] /home/travis/build/icyphy/ptII/ptolemy/domains/de/test/auto/deInCt2.xml (RunModel)" time="0.017" />
  <testcase classname="ptolemy.util.test.junit.AutoTests" name="[81] /home/travis/build/icyphy/ptII/ptolemy/domains/de/test/auto/dynamicCausalityInterface1.xml (RunModel)" time="0.022" />
  <testcase classname="ptolemy.util.test.junit.AutoTests" name="[82] /home/travis/build/icyphy/ptII/ptolemy/domains/de/test/auto/fsm_de_test.xml (RunModel)" time="0.022" />
  <testcase classname="ptolemy.util.test.junit.AutoTests" name="[83] /home/travis/build/icyphy/ptII/ptolemy/domains/de/test/auto/functionDependencyReconstruction.xml (RunModel)" time="0.031" />
  <testcase classname="ptolemy.util.test.junit.AutoTests" name="[84] /home/travis/build/icyphy/ptII/ptolemy/domains/de/test/auto/multirate.xml (RunModel)" time="0.017" />
  <testcase classname="ptolemy.util.test.junit.AutoTests" name="[85] /home/travis/build/icyphy/ptII/ptolemy/domains/de/test/auto/multirate2.xml (RunModel)" time="0.015" />
  <testcase classname="ptolemy.util.test.junit.AutoTests" name="[86] /home/travis/build/icyphy/ptII/ptolemy/domains/de/test/auto/realtime.xml (RunModel)" time="10.01" />
  <testcase classname="ptolemy.util.test.junit.AutoTests" name="[87] /home/travis/build/icyphy/ptII/ptolemy/domains/de/test/auto/relationGroup.xml (RunModel)" time="0.011" />
  <testcase classname="ptolemy.util.test.junit.AutoTests" name="[88] /home/travis/build/icyphy/ptII/ptolemy/domains/de/test/auto/relationGroup2.xml (RunModel)" time="0.008" />
  <testcase classname="ptolemy.util.test.junit.AutoTests" name="[89] /home/travis/build/icyphy/ptII/ptolemy/domains/de/test/auto/sortWithOpaquePorts.xml (RunModel)" time="0.017" />
  <testcase classname="ptolemy.util.test.junit.AutoTests" name="[90] /home/travis/build/icyphy/ptII/ptolemy/domains/de/test/auto/transferInputsandOutputs.xml (RunModel)" time="0.025" />
  <testcase classname="ptolemy.util.test.junit.AutoTests" name="[91] /home/travis/build/icyphy/ptII/ptolemy/domains/de/test/auto/triggerType.xml (RunModel)" time="0.034" />
  <system-out><![CDATA[/home/travis/build/icyphy/ptII/ptolemy/domains/de/test/DependencyLoop.tcl
testDefs.tcl: setting time out to 9000 seconds at Sat Oct 12 06:05:14 UTC 2019
76 ms. Memory: 120832K Free: 72012K (60%)
23 ms. Memory: 120832K Free: 54589K (45%)
/home/travis/build/icyphy/ptII/ptolemy/domains/de/test/RunDETestsAsQSS.tcl
Run the DE tests using ptolemy.domains.qss.test.QSSDirectorTest, which extends QSSDirector and prints a message in the constructors.
------------------ testing $PTII/ptolemy/domains/de/test/auto/knownFailedTests/DirectFeedback.xml (Known Failure) 
51 ms. Memory: 120832K Free: 48974K (41%)


==== $PTIIhome/travis/build/icyphy/ptII/ptolemy/domains/de/test/../../../../: Auto Automatic test in file $PTII/ptolemy/domains/de/test/auto/knownFailedTests/DirectFeedback.xml
==== Contents of test case:

	    # FIXME: we should use $relativeFilename here, but it
	    # might have backslashes under Windows, which causes no end
	    # of trouble.
	    createAndExecute $file
	    list {}
	
.... Test generated KNOWN error:
    while executing
ptolemy.kernel.util.IllegalActionException: Test fails in iteration 1.
Value was: 1.0. Should have been: 2.0
  in .DirectFeedback.Test
	at ptolemy.actor.lib.Test.fire(Test.java:268)
	at ptolemy.domains.de.kernel.DEDirector._fire(DEDirector.java:1949)
	at ptolemy.domains.de.kernel.DEDirector.fire(DEDirector.java:502)
	at ptolemy.actor.CompositeActor.fire(CompositeActor.java:455)
	at ptolemy.actor.Manager.iterate(Manager.java:851)
	at ptolemy.actor.Manager.execute(Manager.java:369)
	at ptolemy.actor.Manager.run(Manager.java:1263)
	at ptolemy.actor.Manager$PtolemyRunThread.run(Manager.java:1933)

    while executing
ptolemy.kernel.util.IllegalActionException: Test fails in iteration 1.
Value was: 1.0. Should have been: 2.0
  in .DirectFeedback.Test
    while executing
"java::new ptolemy.moml.MoMLSimpleApplication $file
"
    (procedure "createAndExecute" line 2)
    invoked from within
"createAndExecute $file"
    ("uplevel" body line 5)
    invoked from within
"uplevel $contents_of_test"
------------------ testing $PTII/ptolemy/domains/de/test/auto/knownFailedTests/dependencyLoop.xml (Known Failure) 
17 ms. Memory: 120832K Free: 45902K (38%)


==== $PTIIhome/travis/build/icyphy/ptII/ptolemy/domains/de/test/../../../../: Auto Automatic test in file $PTII/ptolemy/domains/de/test/auto/knownFailedTests/dependencyLoop.xml
==== Contents of test case:

	    # FIXME: we should use $relativeFilename here, but it
	    # might have backslashes under Windows, which causes no end
	    # of trouble.
	    createAndExecute $file
	    list {}
	
.... Test generated KNOWN error:
    while executing
ptolemy.kernel.util.IllegalActionException: Found a zero delay loop containing .dependencyLoop.original
  in .dependencyLoop and .dependencyLoop.original
	at ptolemy.actor.util.CausalityInterfaceForComposites._computeOutputPortDepth(CausalityInterfaceForComposites.java:759)
	at ptolemy.actor.util.CausalityInterfaceForComposites._computeInputDepth(CausalityInterfaceForComposites.java:696)
	at ptolemy.actor.util.CausalityInterfaceForComposites._computeOutputPortDepth(CausalityInterfaceForComposites.java:765)
	at ptolemy.actor.util.CausalityInterfaceForComposites._computeInputDepth(CausalityInterfaceForComposites.java:696)
	at ptolemy.actor.util.CausalityInterfaceForComposites._computeOutputPortDepth(CausalityInterfaceForComposites.java:765)
	at ptolemy.actor.util.CausalityInterfaceForComposites._computeInputDepth(CausalityInterfaceForComposites.java:696)
	at ptolemy.actor.util.CausalityInterfaceForComposites._computeActorDepth(CausalityInterfaceForComposites.java:532)
	at ptolemy.actor.util.CausalityInterfaceForComposites.checkForCycles(CausalityInterfaceForComposites.java:96)
	at ptolemy.domains.de.kernel.DEDirector.preinitialize(DEDirector.java:1338)
	at ptolemy.actor.CompositeActor.preinitialize(CompositeActor.java:1828)
	at ptolemy.actor.Manager.preinitializeAndResolveTypes(Manager.java:1040)
	at ptolemy.actor.Manager.initialize(Manager.java:710)
	at ptolemy.actor.Manager.execute(Manager.java:356)
	at ptolemy.actor.Manager.run(Manager.java:1263)
	at ptolemy.actor.Manager$PtolemyRunThread.run(Manager.java:1933)

    while executing
ptolemy.kernel.util.IllegalActionException: Found a zero delay loop containing .dependencyLoop.original
  in .dependencyLoop and .dependencyLoop.original
    while executing
"java::new ptolemy.moml.MoMLSimpleApplication $file
"
    (procedure "createAndExecute" line 2)
    invoked from within
"createAndExecute $file"
    ("uplevel" body line 5)
    invoked from within
"uplevel $contents_of_test"
------------------ testing $PTII/ptolemy/domains/de/test/auto/knownFailedTests/FSMSource.xml (Known Failure) 
45 ms. Memory: 120832K Free: 99654K (82%)
!!!! Auto was marked as failing, but now passes
------------------ testing $PTII/ptolemy/domains/de/test/auto/knownFailedTests/HierarchicalModel.xml (Known Failure) 
5 ms. Memory: 120832K Free: 82276K (68%)


==== $PTIIhome/travis/build/icyphy/ptII/ptolemy/domains/de/test/../../../../: Auto Automatic test in file $PTII/ptolemy/domains/de/test/auto/knownFailedTests/HierarchicalModel.xml
==== Contents of test case:

	    # FIXME: we should use $relativeFilename here, but it
	    # might have backslashes under Windows, which causes no end
	    # of trouble.
	    createAndExecute $file
	    list {}
	
.... Test generated KNOWN error:
    while executing
ptolemy.kernel.util.IllegalActionException: Found a zero delay loop containing .HierarchicalModel.A
  in .HierarchicalModel and .HierarchicalModel.A
	at ptolemy.actor.util.CausalityInterfaceForComposites._computeOutputPortDepth(CausalityInterfaceForComposites.java:759)
	at ptolemy.actor.util.CausalityInterfaceForComposites._computeInputDepth(CausalityInterfaceForComposites.java:696)
	at ptolemy.actor.util.CausalityInterfaceForComposites._computeOutputPortDepth(CausalityInterfaceForComposites.java:765)
	at ptolemy.actor.util.CausalityInterfaceForComposites._computeInputDepth(CausalityInterfaceForComposites.java:696)
	at ptolemy.actor.util.CausalityInterfaceForComposites._computeOutputPortDepth(CausalityInterfaceForComposites.java:765)
	at ptolemy.actor.util.CausalityInterfaceForComposites._computeInputDepth(CausalityInterfaceForComposites.java:696)
	at ptolemy.actor.util.CausalityInterfaceForComposites._computeActorDepth(CausalityInterfaceForComposites.java:532)
	at ptolemy.actor.util.CausalityInterfaceForComposites.checkForCycles(CausalityInterfaceForComposites.java:96)
	at ptolemy.domains.de.kernel.DEDirector.preinitialize(DEDirector.java:1338)
	at ptolemy.actor.CompositeActor.preinitialize(CompositeActor.java:1828)
	at ptolemy.actor.Manager.preinitializeAndResolveTypes(Manager.java:1040)
	at ptolemy.actor.Manager.initialize(Manager.java:710)
	at ptolemy.actor.Manager.execute(Manager.java:356)
	at ptolemy.actor.Manager.run(Manager.java:1263)
	at ptolemy.actor.Manager$PtolemyRunThread.run(Manager.java:1933)

    while executing
ptolemy.kernel.util.IllegalActionException: Found a zero delay loop containing .HierarchicalModel.A
  in .HierarchicalModel and .HierarchicalModel.A
    while executing
"java::new ptolemy.moml.MoMLSimpleApplication $file
"
    (procedure "createAndExecute" line 2)
    invoked from within
"createAndExecute $file"
    ("uplevel" body line 5)
    invoked from within
"uplevel $contents_of_test"
------------------ testing $PTII/ptolemy/domains/de/test/auto/knownFailedTests/dependencyLoop2.xml (Known Failure) 
12 ms. Memory: 120832K Free: 66332K (55%)


==== $PTIIhome/travis/build/icyphy/ptII/ptolemy/domains/de/test/../../../../: Auto Automatic test in file $PTII/ptolemy/domains/de/test/auto/knownFailedTests/dependencyLoop2.xml
==== Contents of test case:

	    # FIXME: we should use $relativeFilename here, but it
	    # might have backslashes under Windows, which causes no end
	    # of trouble.
	    createAndExecute $file
	    list {}
	
.... Test generated KNOWN error:
    while executing
ptolemy.kernel.util.IllegalActionException: Found a zero delay loop containing .dependencyLoop2.original
  in .dependencyLoop2 and .dependencyLoop2.original
	at ptolemy.actor.util.CausalityInterfaceForComposites._computeOutputPortDepth(CausalityInterfaceForComposites.java:759)
	at ptolemy.actor.util.CausalityInterfaceForComposites._computeInputDepth(CausalityInterfaceForComposites.java:696)
	at ptolemy.actor.util.CausalityInterfaceForComposites._computeOutputPortDepth(CausalityInterfaceForComposites.java:765)
	at ptolemy.actor.util.CausalityInterfaceForComposites._computeInputDepth(CausalityInterfaceForComposites.java:696)
	at ptolemy.actor.util.CausalityInterfaceForComposites._computeOutputPortDepth(CausalityInterfaceForComposites.java:765)
	at ptolemy.actor.util.CausalityInterfaceForComposites._computeInputDepth(CausalityInterfaceForComposites.java:696)
	at ptolemy.actor.util.CausalityInterfaceForComposites._computeActorDepth(CausalityInterfaceForComposites.java:532)
	at ptolemy.actor.util.CausalityInterfaceForComposites.checkForCycles(CausalityInterfaceForComposites.java:96)
	at ptolemy.domains.de.kernel.DEDirector.preinitialize(DEDirector.java:1338)
	at ptolemy.actor.CompositeActor.preinitialize(CompositeActor.java:1828)
	at ptolemy.actor.Manager.preinitializeAndResolveTypes(Manager.java:1040)
	at ptolemy.actor.Manager.initialize(Manager.java:710)
	at ptolemy.actor.Manager.execute(Manager.java:356)
	at ptolemy.actor.Manager.run(Manager.java:1263)
	at ptolemy.actor.Manager$PtolemyRunThread.run(Manager.java:1933)

    while executing
ptolemy.kernel.util.IllegalActionException: Found a zero delay loop containing .dependencyLoop2.original
  in .dependencyLoop2 and .dependencyLoop2.original
    while executing
"java::new ptolemy.moml.MoMLSimpleApplication $file
"
    (procedure "createAndExecute" line 2)
    invoked from within
"createAndExecute $file"
    ("uplevel" body line 5)
    invoked from within
"uplevel $contents_of_test"
------------------ testing $PTII/ptolemy/domains/de/test/auto/knownFailedTests/DESDFClockTest.xml (Known Failure) 
2043 ms. Memory: 120832K Free: 95993K (79%)


==== $PTIIhome/travis/build/icyphy/ptII/ptolemy/domains/de/test/../../../../: Auto Automatic test in file $PTII/ptolemy/domains/de/test/auto/knownFailedTests/DESDFClockTest.xml
==== Contents of test case:

	    # FIXME: we should use $relativeFilename here, but it
	    # might have backslashes under Windows, which causes no end
	    # of trouble.
	    createAndExecute $file
	    list {}
	
.... Test generated KNOWN error:
    while executing
ptolemy.kernel.util.IllegalActionException: Actor is not ready to fire.  Perhaps UpSample.prefire() returned false? Try debugging the actor by selecting "Listen to Actor".  Also, for SDF check moml for tokenConsumptionRate on input.
  in .DESDFClockTest.Play Bell.Copy1:SDF Director and .DESDFClockTest.Play Bell.UpSample
	at ptolemy.actor.sched.StaticSchedulingDirector.fire(StaticSchedulingDirector.java:227)
	at ptolemy.domains.sdf.kernel.SDFDirector.fire(SDFDirector.java:500)
	at ptolemy.actor.CompositeActor.fire(CompositeActor.java:455)
	at ptolemy.domains.de.kernel.DEDirector._fire(DEDirector.java:1949)
	at ptolemy.domains.de.kernel.DEDirector.fire(DEDirector.java:502)
	at ptolemy.actor.CompositeActor.fire(CompositeActor.java:455)
	at ptolemy.actor.Manager.iterate(Manager.java:851)
	at ptolemy.actor.Manager.execute(Manager.java:369)
	at ptolemy.actor.Manager.run(Manager.java:1263)
	at ptolemy.actor.Manager$PtolemyRunThread.run(Manager.java:1933)

    while executing
ptolemy.kernel.util.IllegalActionException: Actor is not ready to fire.  Perhaps UpSample.prefire() returned false? Try debugging the actor by selecting "Listen to Actor".  Also, for SDF check moml for tokenConsumptionRate on input.
  in .DESDFClockTest.Play Bell.Copy1:SDF Director and .DESDFClockTest.Play Bell.UpSample
    while executing
"java::new ptolemy.moml.MoMLSimpleApplication $file
"
    (procedure "createAndExecute" line 2)
    invoked from within
"createAndExecute $file"
    ("uplevel" body line 5)
    invoked from within
"uplevel $contents_of_test"
------------------ testing $PTII/ptolemy/domains/de/test/auto/ActorDepthCalculation_actorWithoutPorts.xml
auto.tcl: Setting watchdog for 200 seconds at Sat Oct 12 06:05:18 UTC 2019
8 ms. Memory: 120832K Free: 88825K (74%)
ptolemy.util.test.WatchDog.cancel(): canceling Sat Oct 12 06:05:18 UTC 2019
auto.tcl: Setting watchdog for 200 seconds at Sat Oct 12 06:05:18 UTC 2019
4 ms. Memory: 120832K Free: 87273K (72%)
ptolemy.util.test.WatchDog.cancel(): canceling Sat Oct 12 06:05:18 UTC 2019
------------------ testing $PTII/ptolemy/domains/de/test/auto/AssemblyLine.xml
auto.tcl: Setting watchdog for 200 seconds at Sat Oct 12 06:05:18 UTC 2019
10 ms. Memory: 48128K Free: 26546K (55%)
ptolemy.util.test.WatchDog.cancel(): canceling Sat Oct 12 06:05:18 UTC 2019
auto.tcl: Setting watchdog for 200 seconds at Sat Oct 12 06:05:18 UTC 2019
10 ms. Memory: 48128K Free: 24860K (52%)
ptolemy.util.test.WatchDog.cancel(): canceling Sat Oct 12 06:05:18 UTC 2019
------------------ testing $PTII/ptolemy/domains/de/test/auto/CQBug1.xml
auto.tcl: Setting watchdog for 200 seconds at Sat Oct 12 06:05:18 UTC 2019
10 ms. Memory: 48128K Free: 31553K (66%)
ptolemy.util.test.WatchDog.cancel(): canceling Sat Oct 12 06:05:18 UTC 2019
auto.tcl: Setting watchdog for 200 seconds at Sat Oct 12 06:05:18 UTC 2019
2 ms. Memory: 48128K Free: 31118K (65%)
ptolemy.util.test.WatchDog.cancel(): canceling Sat Oct 12 06:05:18 UTC 2019
------------------ testing $PTII/ptolemy/domains/de/test/auto/CancelFireAt.xml
auto.tcl: Setting watchdog for 200 seconds at Sat Oct 12 06:05:18 UTC 2019
5 ms. Memory: 48128K Free: 32672K (68%)
ptolemy.util.test.WatchDog.cancel(): canceling Sat Oct 12 06:05:18 UTC 2019
auto.tcl: Setting watchdog for 200 seconds at Sat Oct 12 06:05:18 UTC 2019
2 ms. Memory: 48128K Free: 32236K (67%)
ptolemy.util.test.WatchDog.cancel(): canceling Sat Oct 12 06:05:18 UTC 2019
------------------ testing $PTII/ptolemy/domains/de/test/auto/CausalityAndComposabilityAnalysis.xml
auto.tcl: Setting watchdog for 200 seconds at Sat Oct 12 06:05:18 UTC 2019
6 ms. Memory: 48128K Free: 30427K (63%)
ptolemy.util.test.WatchDog.cancel(): canceling Sat Oct 12 06:05:18 UTC 2019
auto.tcl: Setting watchdog for 200 seconds at Sat Oct 12 06:05:18 UTC 2019
6 ms. Memory: 48128K Free: 29992K (62%)
ptolemy.util.test.WatchDog.cancel(): canceling Sat Oct 12 06:05:19 UTC 2019
------------------ testing $PTII/ptolemy/domains/de/test/auto/CausalityInterface1.xml
auto.tcl: Setting watchdog for 200 seconds at Sat Oct 12 06:05:19 UTC 2019
17 ms. Memory: 48128K Free: 29315K (61%)
ptolemy.util.test.WatchDog.cancel(): canceling Sat Oct 12 06:05:19 UTC 2019
auto.tcl: Setting watchdog for 200 seconds at Sat Oct 12 06:05:19 UTC 2019
4 ms. Memory: 48128K Free: 28422K (59%)
ptolemy.util.test.WatchDog.cancel(): canceling Sat Oct 12 06:05:19 UTC 2019
------------------ testing $PTII/ptolemy/domains/de/test/auto/CausalityInterface15.xml
auto.tcl: Setting watchdog for 200 seconds at Sat Oct 12 06:05:19 UTC 2019
9 ms. Memory: 48128K Free: 29077K (60%)
ptolemy.util.test.WatchDog.cancel(): canceling Sat Oct 12 06:05:19 UTC 2019
auto.tcl: Setting watchdog for 200 seconds at Sat Oct 12 06:05:19 UTC 2019
7 ms. Memory: 48128K Free: 28388K (59%)
ptolemy.util.test.WatchDog.cancel(): canceling Sat Oct 12 06:05:19 UTC 2019
------------------ testing $PTII/ptolemy/domains/de/test/auto/CausalityInterface2.xml
auto.tcl: Setting watchdog for 200 seconds at Sat Oct 12 06:05:19 UTC 2019
6 ms. Memory: 48128K Free: 30070K (62%)
ptolemy.util.test.WatchDog.cancel(): canceling Sat Oct 12 06:05:19 UTC 2019
auto.tcl: Setting watchdog for 200 seconds at Sat Oct 12 06:05:19 UTC 2019
3 ms. Memory: 48128K Free: 28976K (60%)
ptolemy.util.test.WatchDog.cancel(): canceling Sat Oct 12 06:05:19 UTC 2019
------------------ testing $PTII/ptolemy/domains/de/test/auto/CausalityInterface3.xml
auto.tcl: Setting watchdog for 200 seconds at Sat Oct 12 06:05:19 UTC 2019
5 ms. Memory: 48128K Free: 29597K (61%)
ptolemy.util.test.WatchDog.cancel(): canceling Sat Oct 12 06:05:19 UTC 2019
auto.tcl: Setting watchdog for 200 seconds at Sat Oct 12 06:05:19 UTC 2019
2 ms. Memory: 48128K Free: 28835K (60%)
ptolemy.util.test.WatchDog.cancel(): canceling Sat Oct 12 06:05:19 UTC 2019
------------------ testing $PTII/ptolemy/domains/de/test/auto/ClockDrift.xml
auto.tcl: Setting watchdog for 200 seconds at Sat Oct 12 06:05:19 UTC 2019
97 ms. Memory: 45056K Free: 18661K (41%)
ptolemy.util.test.WatchDog.cancel(): canceling Sat Oct 12 06:05:19 UTC 2019
auto.tcl: Setting watchdog for 200 seconds at Sat Oct 12 06:05:19 UTC 2019
60 ms. Memory: 45056K Free: 15698K (35%)
ptolemy.util.test.WatchDog.cancel(): canceling Sat Oct 12 06:05:19 UTC 2019
------------------ testing $PTII/ptolemy/domains/de/test/auto/ClockDriftAndValueChange.xml
auto.tcl: Setting watchdog for 200 seconds at Sat Oct 12 06:05:19 UTC 2019
24 ms. Memory: 45056K Free: 19470K (43%)
ptolemy.util.test.WatchDog.cancel(): canceling Sat Oct 12 06:05:19 UTC 2019
auto.tcl: Setting watchdog for 200 seconds at Sat Oct 12 06:05:19 UTC 2019
24 ms. Memory: 45056K Free: 16277K (36%)
ptolemy.util.test.WatchDog.cancel(): canceling Sat Oct 12 06:05:19 UTC 2019
------------------ testing $PTII/ptolemy/domains/de/test/auto/ClockDriftChange.xml
auto.tcl: Setting watchdog for 200 seconds at Sat Oct 12 06:05:19 UTC 2019
26 ms. Memory: 45056K Free: 21169K (47%)
ptolemy.util.test.WatchDog.cancel(): canceling Sat Oct 12 06:05:19 UTC 2019
auto.tcl: Setting watchdog for 200 seconds at Sat Oct 12 06:05:19 UTC 2019
28 ms. Memory: 45056K Free: 18602K (41%)
ptolemy.util.test.WatchDog.cancel(): canceling Sat Oct 12 06:05:19 UTC 2019
------------------ testing $PTII/ptolemy/domains/de/test/auto/ComposableCausalityAnalysis.xml
auto.tcl: Setting watchdog for 200 seconds at Sat Oct 12 06:05:19 UTC 2019
2 ms. Memory: 45056K Free: 25796K (57%)
ptolemy.util.test.WatchDog.cancel(): canceling Sat Oct 12 06:05:20 UTC 2019
auto.tcl: Setting watchdog for 200 seconds at Sat Oct 12 06:05:20 UTC 2019
6 ms. Memory: 45056K Free: 24775K (55%)
ptolemy.util.test.WatchDog.cancel(): canceling Sat Oct 12 06:05:20 UTC 2019
------------------ testing $PTII/ptolemy/domains/de/test/auto/DEFixedPointLimitation.xml
auto.tcl: Setting watchdog for 200 seconds at Sat Oct 12 06:05:20 UTC 2019
2 ms. Memory: 45056K Free: 27084K (60%)
ptolemy.util.test.WatchDog.cancel(): canceling Sat Oct 12 06:05:20 UTC 2019
auto.tcl: Setting watchdog for 200 seconds at Sat Oct 12 06:05:20 UTC 2019
1 ms. Memory: 45056K Free: 26253K (58%)
ptolemy.util.test.WatchDog.cancel(): canceling Sat Oct 12 06:05:20 UTC 2019
------------------ testing $PTII/ptolemy/domains/de/test/auto/DEScheduleTest.xml
auto.tcl: Setting watchdog for 200 seconds at Sat Oct 12 06:05:20 UTC 2019
7 ms. Memory: 45056K Free: 27463K (61%)
ptolemy.util.test.WatchDog.cancel(): canceling Sat Oct 12 06:05:20 UTC 2019
auto.tcl: Setting watchdog for 200 seconds at Sat Oct 12 06:05:20 UTC 2019
3 ms. Memory: 45056K Free: 26666K (59%)
ptolemy.util.test.WatchDog.cancel(): canceling Sat Oct 12 06:05:20 UTC 2019
------------------ testing $PTII/ptolemy/domains/de/test/auto/DEinDEwithStartTimes.xml
auto.tcl: Setting watchdog for 200 seconds at Sat Oct 12 06:05:20 UTC 2019
4 ms. Memory: 45056K Free: 25604K (57%)
ptolemy.util.test.WatchDog.cancel(): canceling Sat Oct 12 06:05:20 UTC 2019
auto.tcl: Setting watchdog for 200 seconds at Sat Oct 12 06:05:20 UTC 2019
4 ms. Memory: 45056K Free: 24199K (54%)
ptolemy.util.test.WatchDog.cancel(): canceling Sat Oct 12 06:05:20 UTC 2019
------------------ testing $PTII/ptolemy/domains/de/test/auto/DEinDEwithStartTimes2.xml
auto.tcl: Setting watchdog for 200 seconds at Sat Oct 12 06:05:20 UTC 2019
7 ms. Memory: 45056K Free: 24855K (55%)
ptolemy.util.test.WatchDog.cancel(): canceling Sat Oct 12 06:05:20 UTC 2019
auto.tcl: Setting watchdog for 200 seconds at Sat Oct 12 06:05:20 UTC 2019
4 ms. Memory: 45056K Free: 23525K (52%)
ptolemy.util.test.WatchDog.cancel(): canceling Sat Oct 12 06:05:20 UTC 2019
------------------ testing $PTII/ptolemy/domains/de/test/auto/DateDemo.xml
auto.tcl: Setting watchdog for 200 seconds at Sat Oct 12 06:05:20 UTC 2019
25 ms. Memory: 45056K Free: 19764K (44%)
ptolemy.util.test.WatchDog.cancel(): canceling Sat Oct 12 06:05:20 UTC 2019
auto.tcl: Setting watchdog for 200 seconds at Sat Oct 12 06:05:20 UTC 2019
7 ms. Memory: 45056K Free: 18026K (40%)
ptolemy.util.test.WatchDog.cancel(): canceling Sat Oct 12 06:05:20 UTC 2019
------------------ testing $PTII/ptolemy/domains/de/test/auto/DateToEvent.xml
auto.tcl: Setting watchdog for 200 seconds at Sat Oct 12 06:05:20 UTC 2019
2013 ms. Memory: 45056K Free: 14656K (33%)
ptolemy.util.test.WatchDog.cancel(): canceling Sat Oct 12 06:05:22 UTC 2019
auto.tcl: Setting watchdog for 200 seconds at Sat Oct 12 06:05:22 UTC 2019
2005 ms. Memory: 45056K Free: 14263K (32%)
ptolemy.util.test.WatchDog.cancel(): canceling Sat Oct 12 06:05:24 UTC 2019
------------------ testing $PTII/ptolemy/domains/de/test/auto/DepthTest1.xml
auto.tcl: Setting watchdog for 200 seconds at Sat Oct 12 06:05:24 UTC 2019
3 ms. Memory: 45056K Free: 28228K (63%)
ptolemy.util.test.WatchDog.cancel(): canceling Sat Oct 12 06:05:24 UTC 2019
auto.tcl: Setting watchdog for 200 seconds at Sat Oct 12 06:05:24 UTC 2019
2 ms. Memory: 45056K Free: 27847K (62%)
ptolemy.util.test.WatchDog.cancel(): canceling Sat Oct 12 06:05:24 UTC 2019
------------------ testing $PTII/ptolemy/domains/de/test/auto/DepthTest2.xml
auto.tcl: Setting watchdog for 200 seconds at Sat Oct 12 06:05:24 UTC 2019
4 ms. Memory: 45056K Free: 25120K (56%)
ptolemy.util.test.WatchDog.cancel(): canceling Sat Oct 12 06:05:24 UTC 2019
auto.tcl: Setting watchdog for 200 seconds at Sat Oct 12 06:05:24 UTC 2019
2 ms. Memory: 45056K Free: 24559K (55%)
ptolemy.util.test.WatchDog.cancel(): canceling Sat Oct 12 06:05:24 UTC 2019
------------------ testing $PTII/ptolemy/domains/de/test/auto/DepthTest3.xml
auto.tcl: Setting watchdog for 200 seconds at Sat Oct 12 06:05:24 UTC 2019
4 ms. Memory: 45056K Free: 28703K (64%)
ptolemy.util.test.WatchDog.cancel(): canceling Sat Oct 12 06:05:24 UTC 2019
auto.tcl: Setting watchdog for 200 seconds at Sat Oct 12 06:05:24 UTC 2019
2 ms. Memory: 45056K Free: 28166K (63%)
ptolemy.util.test.WatchDog.cancel(): canceling Sat Oct 12 06:05:24 UTC 2019
------------------ testing $PTII/ptolemy/domains/de/test/auto/DepthTest4.xml
auto.tcl: Setting watchdog for 200 seconds at Sat Oct 12 06:05:24 UTC 2019
6 ms. Memory: 45056K Free: 26925K (60%)
ptolemy.util.test.WatchDog.cancel(): canceling Sat Oct 12 06:05:24 UTC 2019
auto.tcl: Setting watchdog for 200 seconds at Sat Oct 12 06:05:24 UTC 2019
3 ms. Memory: 45056K Free: 26193K (58%)
ptolemy.util.test.WatchDog.cancel(): canceling Sat Oct 12 06:05:24 UTC 2019
------------------ testing $PTII/ptolemy/domains/de/test/auto/DepthTest5.xml
auto.tcl: Setting watchdog for 200 seconds at Sat Oct 12 06:05:24 UTC 2019
5 ms. Memory: 45056K Free: 26329K (58%)
ptolemy.util.test.WatchDog.cancel(): canceling Sat Oct 12 06:05:25 UTC 2019
auto.tcl: Setting watchdog for 200 seconds at Sat Oct 12 06:05:25 UTC 2019
3 ms. Memory: 45056K Free: 25602K (57%)
ptolemy.util.test.WatchDog.cancel(): canceling Sat Oct 12 06:05:25 UTC 2019
------------------ testing $PTII/ptolemy/domains/de/test/auto/DepthTest6.xml
auto.tcl: Setting watchdog for 200 seconds at Sat Oct 12 06:05:25 UTC 2019
4 ms. Memory: 45056K Free: 26013K (58%)
ptolemy.util.test.WatchDog.cancel(): canceling Sat Oct 12 06:05:25 UTC 2019
auto.tcl: Setting watchdog for 200 seconds at Sat Oct 12 06:05:25 UTC 2019
3 ms. Memory: 45056K Free: 25499K (57%)
ptolemy.util.test.WatchDog.cancel(): canceling Sat Oct 12 06:05:25 UTC 2019
------------------ testing $PTII/ptolemy/domains/de/test/auto/DepthTest7.xml
auto.tcl: Setting watchdog for 200 seconds at Sat Oct 12 06:05:25 UTC 2019
3 ms. Memory: 45056K Free: 26520K (59%)
ptolemy.util.test.WatchDog.cancel(): canceling Sat Oct 12 06:05:25 UTC 2019
auto.tcl: Setting watchdog for 200 seconds at Sat Oct 12 06:05:25 UTC 2019
2 ms. Memory: 45056K Free: 26155K (58%)
ptolemy.util.test.WatchDog.cancel(): canceling Sat Oct 12 06:05:25 UTC 2019
------------------ testing $PTII/ptolemy/domains/de/test/auto/EventToDate.xml
auto.tcl: Setting watchdog for 200 seconds at Sat Oct 12 06:05:25 UTC 2019
3006 ms. Memory: 45056K Free: 17663K (39%)
ptolemy.util.test.WatchDog.cancel(): canceling Sat Oct 12 06:05:28 UTC 2019
auto.tcl: Setting watchdog for 200 seconds at Sat Oct 12 06:05:28 UTC 2019
3004 ms. Memory: 45056K Free: 16945K (38%)
ptolemy.util.test.WatchDog.cancel(): canceling Sat Oct 12 06:05:31 UTC 2019
------------------ testing $PTII/ptolemy/domains/de/test/auto/FSM1.xml
auto.tcl: Setting watchdog for 200 seconds at Sat Oct 12 06:05:31 UTC 2019
46 ms. Memory: 45056K Free: 18323K (41%)
ptolemy.util.test.WatchDog.cancel(): canceling Sat Oct 12 06:05:31 UTC 2019
auto.tcl: Setting watchdog for 200 seconds at Sat Oct 12 06:05:31 UTC 2019
26 ms. Memory: 45056K Free: 15225K (34%)
ptolemy.util.test.WatchDog.cancel(): canceling Sat Oct 12 06:05:31 UTC 2019
------------------ testing $PTII/ptolemy/domains/de/test/auto/FSM7.xml
auto.tcl: Setting watchdog for 200 seconds at Sat Oct 12 06:05:31 UTC 2019
15 ms. Memory: 45056K Free: 18571K (41%)
ptolemy.util.test.WatchDog.cancel(): canceling Sat Oct 12 06:05:31 UTC 2019
auto.tcl: Setting watchdog for 200 seconds at Sat Oct 12 06:05:31 UTC 2019
22 ms. Memory: 45056K Free: 15438K (34%)
ptolemy.util.test.WatchDog.cancel(): canceling Sat Oct 12 06:05:31 UTC 2019
------------------ testing $PTII/ptolemy/domains/de/test/auto/Inspection.xml
auto.tcl: Setting watchdog for 200 seconds at Sat Oct 12 06:05:31 UTC 2019
38 ms. Memory: 45056K Free: 18391K (41%)
ptolemy.util.test.WatchDog.cancel(): canceling Sat Oct 12 06:05:31 UTC 2019
auto.tcl: Setting watchdog for 200 seconds at Sat Oct 12 06:05:31 UTC 2019
33 ms. Memory: 45056K Free: 16511K (37%)
ptolemy.util.test.WatchDog.cancel(): canceling Sat Oct 12 06:05:31 UTC 2019
------------------ testing $PTII/ptolemy/domains/de/test/auto/Iteration.xml
auto.tcl: Setting watchdog for 200 seconds at Sat Oct 12 06:05:31 UTC 2019
11 ms. Memory: 45056K Free: 24288K (54%)
ptolemy.util.test.WatchDog.cancel(): canceling Sat Oct 12 06:05:31 UTC 2019
auto.tcl: Setting watchdog for 200 seconds at Sat Oct 12 06:05:31 UTC 2019
8 ms. Memory: 45056K Free: 23264K (52%)
ptolemy.util.test.WatchDog.cancel(): canceling Sat Oct 12 06:05:31 UTC 2019
------------------ testing $PTII/ptolemy/domains/de/test/auto/LineFault.xml
auto.tcl: Setting watchdog for 200 seconds at Sat Oct 12 06:05:31 UTC 2019
683 ms. Memory: 45056K Free: 11761K (26%)
ptolemy.util.test.WatchDog.cancel(): canceling Sat Oct 12 06:05:32 UTC 2019
auto.tcl: Setting watchdog for 200 seconds at Sat Oct 12 06:05:32 UTC 2019
613 ms. Memory: 59392K Free: 34004K (57%)
ptolemy.util.test.WatchDog.cancel(): canceling Sat Oct 12 06:05:33 UTC 2019
------------------ testing $PTII/ptolemy/domains/de/test/auto/MergeModel1Add.xml
auto.tcl: Setting watchdog for 200 seconds at Sat Oct 12 06:05:33 UTC 2019
17 ms. Memory: 55296K Free: 20259K (37%)
ptolemy.util.test.WatchDog.cancel(): canceling Sat Oct 12 06:05:33 UTC 2019
auto.tcl: Setting watchdog for 200 seconds at Sat Oct 12 06:05:33 UTC 2019
11 ms. Memory: 55296K Free: 18719K (34%)
ptolemy.util.test.WatchDog.cancel(): canceling Sat Oct 12 06:05:33 UTC 2019
------------------ testing $PTII/ptolemy/domains/de/test/auto/MergeModel2Add.xml
auto.tcl: Setting watchdog for 200 seconds at Sat Oct 12 06:05:33 UTC 2019
9 ms. Memory: 51200K Free: 18752K (37%)
ptolemy.util.test.WatchDog.cancel(): canceling Sat Oct 12 06:05:33 UTC 2019
auto.tcl: Setting watchdog for 200 seconds at Sat Oct 12 06:05:33 UTC 2019
8 ms. Memory: 51200K Free: 17123K (33%)
ptolemy.util.test.WatchDog.cancel(): canceling Sat Oct 12 06:05:33 UTC 2019
------------------ testing $PTII/ptolemy/domains/de/test/auto/MergeModel3Add.xml
auto.tcl: Setting watchdog for 200 seconds at Sat Oct 12 06:05:33 UTC 2019
7 ms. Memory: 51200K Free: 18511K (36%)
ptolemy.util.test.WatchDog.cancel(): canceling Sat Oct 12 06:05:33 UTC 2019
auto.tcl: Setting watchdog for 200 seconds at Sat Oct 12 06:05:33 UTC 2019
7 ms. Memory: 51200K Free: 17154K (34%)
ptolemy.util.test.WatchDog.cancel(): canceling Sat Oct 12 06:05:33 UTC 2019
------------------ testing $PTII/ptolemy/domains/de/test/auto/MergeWithoutDiscard.xml
auto.tcl: Setting watchdog for 200 seconds at Sat Oct 12 06:05:33 UTC 2019
1 ms. Memory: 51200K Free: 33419K (65%)
ptolemy.util.test.WatchDog.cancel(): canceling Sat Oct 12 06:05:33 UTC 2019
auto.tcl: Setting watchdog for 200 seconds at Sat Oct 12 06:05:33 UTC 2019
2 ms. Memory: 51200K Free: 32898K (64%)
ptolemy.util.test.WatchDog.cancel(): canceling Sat Oct 12 06:05:33 UTC 2019
------------------ testing $PTII/ptolemy/domains/de/test/auto/Modal1.xml
auto.tcl: Setting watchdog for 200 seconds at Sat Oct 12 06:05:33 UTC 2019
17 ms. Memory: 48128K Free: 21926K (46%)
ptolemy.util.test.WatchDog.cancel(): canceling Sat Oct 12 06:05:34 UTC 2019
auto.tcl: Setting watchdog for 200 seconds at Sat Oct 12 06:05:34 UTC 2019
22 ms. Memory: 48128K Free: 18504K (38%)
ptolemy.util.test.WatchDog.cancel(): canceling Sat Oct 12 06:05:34 UTC 2019
------------------ testing $PTII/ptolemy/domains/de/test/auto/Modal2.xml
auto.tcl: Setting watchdog for 200 seconds at Sat Oct 12 06:05:34 UTC 2019
11 ms. Memory: 48128K Free: 22028K (46%)
ptolemy.util.test.WatchDog.cancel(): canceling Sat Oct 12 06:05:34 UTC 2019
auto.tcl: Setting watchdog for 200 seconds at Sat Oct 12 06:05:34 UTC 2019
10 ms. Memory: 48128K Free: 18803K (39%)
ptolemy.util.test.WatchDog.cancel(): canceling Sat Oct 12 06:05:34 UTC 2019
------------------ testing $PTII/ptolemy/domains/de/test/auto/Modal3.xml
auto.tcl: Setting watchdog for 200 seconds at Sat Oct 12 06:05:34 UTC 2019
17 ms. Memory: 48128K Free: 21748K (45%)
ptolemy.util.test.WatchDog.cancel(): canceling Sat Oct 12 06:05:34 UTC 2019
auto.tcl: Setting watchdog for 200 seconds at Sat Oct 12 06:05:34 UTC 2019
14 ms. Memory: 48128K Free: 18428K (38%)
ptolemy.util.test.WatchDog.cancel(): canceling Sat Oct 12 06:05:34 UTC 2019
------------------ testing $PTII/ptolemy/domains/de/test/auto/Modal4.xml
auto.tcl: Setting watchdog for 200 seconds at Sat Oct 12 06:05:34 UTC 2019
21 ms. Memory: 48128K Free: 20986K (44%)
ptolemy.util.test.WatchDog.cancel(): canceling Sat Oct 12 06:05:34 UTC 2019
auto.tcl: Setting watchdog for 200 seconds at Sat Oct 12 06:05:34 UTC 2019
17 ms. Memory: 48128K Free: 17131K (36%)
ptolemy.util.test.WatchDog.cancel(): canceling Sat Oct 12 06:05:34 UTC 2019
------------------ testing $PTII/ptolemy/domains/de/test/auto/Modal5.xml
auto.tcl: Setting watchdog for 200 seconds at Sat Oct 12 06:05:34 UTC 2019
14 ms. Memory: 48128K Free: 20965K (44%)
ptolemy.util.test.WatchDog.cancel(): canceling Sat Oct 12 06:05:34 UTC 2019
auto.tcl: Setting watchdog for 200 seconds at Sat Oct 12 06:05:34 UTC 2019
14 ms. Memory: 48128K Free: 17118K (36%)
ptolemy.util.test.WatchDog.cancel(): canceling Sat Oct 12 06:05:34 UTC 2019
------------------ testing $PTII/ptolemy/domains/de/test/auto/Modal6.xml
auto.tcl: Setting watchdog for 200 seconds at Sat Oct 12 06:05:34 UTC 2019
11 ms. Memory: 48128K Free: 21737K (45%)
ptolemy.util.test.WatchDog.cancel(): canceling Sat Oct 12 06:05:34 UTC 2019
auto.tcl: Setting watchdog for 200 seconds at Sat Oct 12 06:05:34 UTC 2019
13 ms. Memory: 48128K Free: 17795K (37%)
ptolemy.util.test.WatchDog.cancel(): canceling Sat Oct 12 06:05:34 UTC 2019
------------------ testing $PTII/ptolemy/domains/de/test/auto/Modal7.xml
auto.tcl: Setting watchdog for 200 seconds at Sat Oct 12 06:05:34 UTC 2019
17 ms. Memory: 48128K Free: 20739K (43%)
ptolemy.util.test.WatchDog.cancel(): canceling Sat Oct 12 06:05:34 UTC 2019
auto.tcl: Setting watchdog for 200 seconds at Sat Oct 12 06:05:34 UTC 2019
12 ms. Memory: 48128K Free: 17132K (36%)
ptolemy.util.test.WatchDog.cancel(): canceling Sat Oct 12 06:05:34 UTC 2019
------------------ testing $PTII/ptolemy/domains/de/test/auto/ModalModel.xml
auto.tcl: Setting watchdog for 200 seconds at Sat Oct 12 06:05:34 UTC 2019
217 ms. Memory: 68608K Free: 49575K (72%)
ptolemy.util.test.WatchDog.cancel(): canceling Sat Oct 12 06:05:35 UTC 2019
auto.tcl: Setting watchdog for 200 seconds at Sat Oct 12 06:05:35 UTC 2019
236 ms. Memory: 68608K Free: 52061K (76%)
ptolemy.util.test.WatchDog.cancel(): canceling Sat Oct 12 06:05:35 UTC 2019
------------------ testing $PTII/ptolemy/domains/de/test/auto/ModalSource.xml
auto.tcl: Setting watchdog for 200 seconds at Sat Oct 12 06:05:35 UTC 2019
7 ms. Memory: 48128K Free: 25825K (54%)
ptolemy.util.test.WatchDog.cancel(): canceling Sat Oct 12 06:05:35 UTC 2019
auto.tcl: Setting watchdog for 200 seconds at Sat Oct 12 06:05:35 UTC 2019
6 ms. Memory: 48128K Free: 23743K (49%)
ptolemy.util.test.WatchDog.cancel(): canceling Sat Oct 12 06:05:35 UTC 2019
------------------ testing $PTII/ptolemy/domains/de/test/auto/NonInterruptibleTimerZeroDelay.xml
auto.tcl: Setting watchdog for 200 seconds at Sat Oct 12 06:05:35 UTC 2019
3 ms. Memory: 48128K Free: 30819K (64%)
ptolemy.util.test.WatchDog.cancel(): canceling Sat Oct 12 06:05:35 UTC 2019
auto.tcl: Setting watchdog for 200 seconds at Sat Oct 12 06:05:35 UTC 2019
2 ms. Memory: 48128K Free: 30065K (62%)
ptolemy.util.test.WatchDog.cancel(): canceling Sat Oct 12 06:05:35 UTC 2019
------------------ testing $PTII/ptolemy/domains/de/test/auto/OpenQueueingNetwork.xml
auto.tcl: Setting watchdog for 200 seconds at Sat Oct 12 06:05:35 UTC 2019
3303 ms. Memory: 97280K Free: 32774K (34%)
ptolemy.util.test.WatchDog.cancel(): canceling Sat Oct 12 06:05:38 UTC 2019
auto.tcl: Setting watchdog for 200 seconds at Sat Oct 12 06:05:38 UTC 2019
2716 ms. Memory: 116736K Free: 34391K (29%)
ptolemy.util.test.WatchDog.cancel(): canceling Sat Oct 12 06:05:41 UTC 2019
------------------ testing $PTII/ptolemy/domains/de/test/auto/OpenQueuingNetwork.xml
auto.tcl: Setting watchdog for 200 seconds at Sat Oct 12 06:05:41 UTC 2019
278 ms. Memory: 51200K Free: 16284K (32%)
ptolemy.util.test.WatchDog.cancel(): canceling Sat Oct 12 06:05:42 UTC 2019
auto.tcl: Setting watchdog for 200 seconds at Sat Oct 12 06:05:42 UTC 2019
277 ms. Memory: 61440K Free: 31875K (52%)
ptolemy.util.test.WatchDog.cancel(): canceling Sat Oct 12 06:05:42 UTC 2019
------------------ testing $PTII/ptolemy/domains/de/test/auto/PeriodicSampler.xml
auto.tcl: Setting watchdog for 200 seconds at Sat Oct 12 06:05:42 UTC 2019
2 ms. Memory: 48128K Free: 29923K (62%)
ptolemy.util.test.WatchDog.cancel(): canceling Sat Oct 12 06:05:42 UTC 2019
auto.tcl: Setting watchdog for 200 seconds at Sat Oct 12 06:05:42 UTC 2019
2 ms. Memory: 48128K Free: 28986K (60%)
ptolemy.util.test.WatchDog.cancel(): canceling Sat Oct 12 06:05:42 UTC 2019
------------------ testing $PTII/ptolemy/domains/de/test/auto/PersistentIO.xml
auto.tcl: Setting watchdog for 200 seconds at Sat Oct 12 06:05:42 UTC 2019
6 ms. Memory: 48128K Free: 24848K (52%)
ptolemy.util.test.WatchDog.cancel(): canceling Sat Oct 12 06:05:42 UTC 2019
auto.tcl: Setting watchdog for 200 seconds at Sat Oct 12 06:05:42 UTC 2019
4 ms. Memory: 48128K Free: 23422K (49%)
ptolemy.util.test.WatchDog.cancel(): canceling Sat Oct 12 06:05:42 UTC 2019
------------------ testing $PTII/ptolemy/domains/de/test/auto/PortParameterResetOnInitialize.xml
auto.tcl: Setting watchdog for 200 seconds at Sat Oct 12 06:05:42 UTC 2019
2 ms. Memory: 48128K Free: 29831K (62%)
ptolemy.util.test.WatchDog.cancel(): canceling Sat Oct 12 06:05:42 UTC 2019
auto.tcl: Setting watchdog for 200 seconds at Sat Oct 12 06:05:42 UTC 2019
2 ms. Memory: 48128K Free: 29395K (61%)
ptolemy.util.test.WatchDog.cancel(): canceling Sat Oct 12 06:05:42 UTC 2019
------------------ testing $PTII/ptolemy/domains/de/test/auto/PortParameterUpdates.xml
auto.tcl: Setting watchdog for 200 seconds at Sat Oct 12 06:05:42 UTC 2019
4 ms. Memory: 48128K Free: 28175K (59%)
ptolemy.util.test.WatchDog.cancel(): canceling Sat Oct 12 06:05:42 UTC 2019
auto.tcl: Setting watchdog for 200 seconds at Sat Oct 12 06:05:42 UTC 2019
4 ms. Memory: 48128K Free: 26948K (56%)
ptolemy.util.test.WatchDog.cancel(): canceling Sat Oct 12 06:05:42 UTC 2019
------------------ testing $PTII/ptolemy/domains/de/test/auto/QueueAndServer.xml
auto.tcl: Setting watchdog for 200 seconds at Sat Oct 12 06:05:42 UTC 2019
14 ms. Memory: 48128K Free: 27116K (56%)
ptolemy.util.test.WatchDog.cancel(): canceling Sat Oct 12 06:05:42 UTC 2019
auto.tcl: Setting watchdog for 200 seconds at Sat Oct 12 06:05:42 UTC 2019
7 ms. Memory: 48128K Free: 25471K (53%)
ptolemy.util.test.WatchDog.cancel(): canceling Sat Oct 12 06:05:42 UTC 2019
------------------ testing $PTII/ptolemy/domains/de/test/auto/Records.xml
auto.tcl: Setting watchdog for 200 seconds at Sat Oct 12 06:05:42 UTC 2019
3 ms. Memory: 48128K Free: 29412K (61%)
ptolemy.util.test.WatchDog.cancel(): canceling Sat Oct 12 06:05:42 UTC 2019
auto.tcl: Setting watchdog for 200 seconds at Sat Oct 12 06:05:42 UTC 2019
2 ms. Memory: 48128K Free: 28923K (60%)
ptolemy.util.test.WatchDog.cancel(): canceling Sat Oct 12 06:05:42 UTC 2019
------------------ testing $PTII/ptolemy/domains/de/test/auto/ResetTransitionWithStartTime1.xml
auto.tcl: Setting watchdog for 200 seconds at Sat Oct 12 06:05:42 UTC 2019
10 ms. Memory: 48128K Free: 26492K (55%)
ptolemy.util.test.WatchDog.cancel(): canceling Sat Oct 12 06:05:42 UTC 2019
auto.tcl: Setting watchdog for 200 seconds at Sat Oct 12 06:05:42 UTC 2019
6 ms. Memory: 48128K Free: 24283K (50%)
ptolemy.util.test.WatchDog.cancel(): canceling Sat Oct 12 06:05:42 UTC 2019
------------------ testing $PTII/ptolemy/domains/de/test/auto/ResetTransitionWithStartTime2.xml
auto.tcl: Setting watchdog for 200 seconds at Sat Oct 12 06:05:43 UTC 2019
7 ms. Memory: 48128K Free: 26285K (55%)
ptolemy.util.test.WatchDog.cancel(): canceling Sat Oct 12 06:05:43 UTC 2019
auto.tcl: Setting watchdog for 200 seconds at Sat Oct 12 06:05:43 UTC 2019
8 ms. Memory: 48128K Free: 23785K (49%)
ptolemy.util.test.WatchDog.cancel(): canceling Sat Oct 12 06:05:43 UTC 2019
------------------ testing $PTII/ptolemy/domains/de/test/auto/ResetTransitionWithStartTime3.xml
auto.tcl: Setting watchdog for 200 seconds at Sat Oct 12 06:05:43 UTC 2019
10 ms. Memory: 48128K Free: 26284K (55%)
ptolemy.util.test.WatchDog.cancel(): canceling Sat Oct 12 06:05:43 UTC 2019
auto.tcl: Setting watchdog for 200 seconds at Sat Oct 12 06:05:43 UTC 2019
6 ms. Memory: 48128K Free: 23798K (49%)
ptolemy.util.test.WatchDog.cancel(): canceling Sat Oct 12 06:05:43 UTC 2019
------------------ testing $PTII/ptolemy/domains/de/test/auto/ResetTransitionWithStartTime4.xml
auto.tcl: Setting watchdog for 200 seconds at Sat Oct 12 06:05:43 UTC 2019
9 ms. Memory: 48128K Free: 26773K (56%)
ptolemy.util.test.WatchDog.cancel(): canceling Sat Oct 12 06:05:43 UTC 2019
auto.tcl: Setting watchdog for 200 seconds at Sat Oct 12 06:05:43 UTC 2019
3 ms. Memory: 48128K Free: 25400K (53%)
ptolemy.util.test.WatchDog.cancel(): canceling Sat Oct 12 06:05:43 UTC 2019
------------------ testing $PTII/ptolemy/domains/de/test/auto/ResettableTimer1.xml
auto.tcl: Setting watchdog for 200 seconds at Sat Oct 12 06:05:43 UTC 2019
3 ms. Memory: 48128K Free: 30789K (64%)
ptolemy.util.test.WatchDog.cancel(): canceling Sat Oct 12 06:05:43 UTC 2019
auto.tcl: Setting watchdog for 200 seconds at Sat Oct 12 06:05:43 UTC 2019
4 ms. Memory: 48128K Free: 29923K (62%)
ptolemy.util.test.WatchDog.cancel(): canceling Sat Oct 12 06:05:43 UTC 2019
------------------ testing $PTII/ptolemy/domains/de/test/auto/ResettableTimer2.xml
auto.tcl: Setting watchdog for 200 seconds at Sat Oct 12 06:05:43 UTC 2019
3 ms. Memory: 48128K Free: 30418K (63%)
ptolemy.util.test.WatchDog.cancel(): canceling Sat Oct 12 06:05:43 UTC 2019
auto.tcl: Setting watchdog for 200 seconds at Sat Oct 12 06:05:43 UTC 2019
4 ms. Memory: 48128K Free: 29527K (61%)
ptolemy.util.test.WatchDog.cancel(): canceling Sat Oct 12 06:05:43 UTC 2019
------------------ testing $PTII/ptolemy/domains/de/test/auto/ResettableTimer3.xml
auto.tcl: Setting watchdog for 200 seconds at Sat Oct 12 06:05:43 UTC 2019
1 ms. Memory: 48128K Free: 30927K (64%)
ptolemy.util.test.WatchDog.cancel(): canceling Sat Oct 12 06:05:43 UTC 2019
auto.tcl: Setting watchdog for 200 seconds at Sat Oct 12 06:05:43 UTC 2019
2 ms. Memory: 48128K Free: 30474K (63%)
ptolemy.util.test.WatchDog.cancel(): canceling Sat Oct 12 06:05:43 UTC 2019
------------------ testing $PTII/ptolemy/domains/de/test/auto/ResettableTimer4.xml
auto.tcl: Setting watchdog for 200 seconds at Sat Oct 12 06:05:43 UTC 2019
1 ms. Memory: 48128K Free: 30927K (64%)
ptolemy.util.test.WatchDog.cancel(): canceling Sat Oct 12 06:05:43 UTC 2019
auto.tcl: Setting watchdog for 200 seconds at Sat Oct 12 06:05:43 UTC 2019
2 ms. Memory: 48128K Free: 30431K (63%)
ptolemy.util.test.WatchDog.cancel(): canceling Sat Oct 12 06:05:43 UTC 2019
------------------ testing $PTII/ptolemy/domains/de/test/auto/ResettableTimer5.xml
auto.tcl: Setting watchdog for 200 seconds at Sat Oct 12 06:05:43 UTC 2019
2 ms. Memory: 48128K Free: 29901K (62%)
ptolemy.util.test.WatchDog.cancel(): canceling Sat Oct 12 06:05:43 UTC 2019
auto.tcl: Setting watchdog for 200 seconds at Sat Oct 12 06:05:43 UTC 2019
1 ms. Memory: 48128K Free: 29432K (61%)
ptolemy.util.test.WatchDog.cancel(): canceling Sat Oct 12 06:05:43 UTC 2019
------------------ testing $PTII/ptolemy/domains/de/test/auto/ResettableTimer6.xml
auto.tcl: Setting watchdog for 200 seconds at Sat Oct 12 06:05:43 UTC 2019
1 ms. Memory: 48128K Free: 29891K (62%)
ptolemy.util.test.WatchDog.cancel(): canceling Sat Oct 12 06:05:43 UTC 2019
auto.tcl: Setting watchdog for 200 seconds at Sat Oct 12 06:05:43 UTC 2019
2 ms. Memory: 48128K Free: 29439K (61%)
ptolemy.util.test.WatchDog.cancel(): canceling Sat Oct 12 06:05:43 UTC 2019
------------------ testing $PTII/ptolemy/domains/de/test/auto/ServerZeroDelay.xml
auto.tcl: Setting watchdog for 200 seconds at Sat Oct 12 06:05:43 UTC 2019
3 ms. Memory: 48128K Free: 30410K (63%)
ptolemy.util.test.WatchDog.cancel(): canceling Sat Oct 12 06:05:43 UTC 2019
auto.tcl: Setting watchdog for 200 seconds at Sat Oct 12 06:05:43 UTC 2019
4 ms. Memory: 48128K Free: 29519K (61%)
ptolemy.util.test.WatchDog.cancel(): canceling Sat Oct 12 06:05:43 UTC 2019
------------------ testing $PTII/ptolemy/domains/de/test/auto/SmartSender.xml
auto.tcl: Setting watchdog for 200 seconds at Sat Oct 12 06:05:43 UTC 2019
3002 ms. Memory: 48128K Free: 30464K (63%)
ptolemy.util.test.WatchDog.cancel(): canceling Sat Oct 12 06:05:46 UTC 2019
auto.tcl: Setting watchdog for 200 seconds at Sat Oct 12 06:05:46 UTC 2019
3002 ms. Memory: 48128K Free: 29966K (62%)
ptolemy.util.test.WatchDog.cancel(): canceling Sat Oct 12 06:05:49 UTC 2019
------------------ testing $PTII/ptolemy/domains/de/test/auto/ThreadedComposite.xml
auto.tcl: Setting watchdog for 200 seconds at Sat Oct 12 06:05:49 UTC 2019
945 ms. Memory: 48128K Free: 14761K (31%)
ptolemy.util.test.WatchDog.cancel(): canceling Sat Oct 12 06:05:50 UTC 2019
auto.tcl: Setting watchdog for 200 seconds at Sat Oct 12 06:05:50 UTC 2019
150 ms. Memory: 48128K Free: 27673K (57%)
ptolemy.util.test.WatchDog.cancel(): canceling Sat Oct 12 06:05:50 UTC 2019
------------------ testing $PTII/ptolemy/domains/de/test/auto/Time.xml
auto.tcl: Setting watchdog for 200 seconds at Sat Oct 12 06:05:51 UTC 2019
556 ms. Memory: 48128K Free: 30202K (63%)
ptolemy.util.test.WatchDog.cancel(): canceling Sat Oct 12 06:05:51 UTC 2019
auto.tcl: Setting watchdog for 200 seconds at Sat Oct 12 06:05:51 UTC 2019
507 ms. Memory: 48128K Free: 30278K (63%)
ptolemy.util.test.WatchDog.cancel(): canceling Sat Oct 12 06:05:52 UTC 2019
------------------ testing $PTII/ptolemy/domains/de/test/auto/TimeDelayZeroDelay.xml
auto.tcl: Setting watchdog for 200 seconds at Sat Oct 12 06:05:52 UTC 2019
2 ms. Memory: 48128K Free: 30832K (64%)
ptolemy.util.test.WatchDog.cancel(): canceling Sat Oct 12 06:05:52 UTC 2019
auto.tcl: Setting watchdog for 200 seconds at Sat Oct 12 06:05:52 UTC 2019
3 ms. Memory: 48128K Free: 29934K (62%)
ptolemy.util.test.WatchDog.cancel(): canceling Sat Oct 12 06:05:52 UTC 2019
------------------ testing $PTII/ptolemy/domains/de/test/auto/TimerZeroDelay.xml
auto.tcl: Setting watchdog for 200 seconds at Sat Oct 12 06:05:52 UTC 2019
3 ms. Memory: 48128K Free: 30822K (64%)
ptolemy.util.test.WatchDog.cancel(): canceling Sat Oct 12 06:05:52 UTC 2019
auto.tcl: Setting watchdog for 200 seconds at Sat Oct 12 06:05:52 UTC 2019
2 ms. Memory: 48128K Free: 29977K (62%)
ptolemy.util.test.WatchDog.cancel(): canceling Sat Oct 12 06:05:52 UTC 2019
------------------ testing $PTII/ptolemy/domains/de/test/auto/TimingParadox.xml
auto.tcl: Setting watchdog for 200 seconds at Sat Oct 12 06:05:52 UTC 2019
376 ms. Memory: 48128K Free: 13859K (29%)
ptolemy.util.test.WatchDog.cancel(): canceling Sat Oct 12 06:05:52 UTC 2019
auto.tcl: Setting watchdog for 200 seconds at Sat Oct 12 06:05:52 UTC 2019
385 ms. Memory: 92160K Free: 70208K (76%)
ptolemy.util.test.WatchDog.cancel(): canceling Sat Oct 12 06:05:53 UTC 2019
------------------ testing $PTII/ptolemy/domains/de/test/auto/TransferInputs.xml
auto.tcl: Setting watchdog for 200 seconds at Sat Oct 12 06:05:53 UTC 2019
2 ms. Memory: 51200K Free: 31927K (62%)
ptolemy.util.test.WatchDog.cancel(): canceling Sat Oct 12 06:05:53 UTC 2019
auto.tcl: Setting watchdog for 200 seconds at Sat Oct 12 06:05:53 UTC 2019
2 ms. Memory: 51200K Free: 31012K (61%)
ptolemy.util.test.WatchDog.cancel(): canceling Sat Oct 12 06:05:53 UTC 2019
------------------ testing $PTII/ptolemy/domains/de/test/auto/TransferOutputs2.xml
auto.tcl: Setting watchdog for 200 seconds at Sat Oct 12 06:05:53 UTC 2019
4 ms. Memory: 48128K Free: 26289K (55%)
ptolemy.util.test.WatchDog.cancel(): canceling Sat Oct 12 06:05:53 UTC 2019
auto.tcl: Setting watchdog for 200 seconds at Sat Oct 12 06:05:53 UTC 2019
2 ms. Memory: 48128K Free: 24897K (52%)
ptolemy.util.test.WatchDog.cancel(): canceling Sat Oct 12 06:05:53 UTC 2019
------------------ testing $PTII/ptolemy/domains/de/test/auto/Trilateration.xml
auto.tcl: Setting watchdog for 200 seconds at Sat Oct 12 06:05:53 UTC 2019
14241 ms. Memory: 434176K Free: 187081K (43%)
ptolemy.util.test.WatchDog.cancel(): canceling Sat Oct 12 06:06:08 UTC 2019
auto.tcl: Setting watchdog for 200 seconds at Sat Oct 12 06:06:08 UTC 2019
10916 ms. Memory: 434176K Free: 394066K (91%)
ptolemy.util.test.WatchDog.cancel(): canceling Sat Oct 12 06:06:19 UTC 2019
------------------ testing $PTII/ptolemy/domains/de/test/auto/TwoSigmaDelta.xml
auto.tcl: Setting watchdog for 200 seconds at Sat Oct 12 06:06:19 UTC 2019
2702 ms. Memory: 89088K Free: 25486K (29%)
ptolemy.util.test.WatchDog.cancel(): canceling Sat Oct 12 06:06:22 UTC 2019
auto.tcl: Setting watchdog for 200 seconds at Sat Oct 12 06:06:22 UTC 2019
2105 ms. Memory: 89088K Free: 25465K (29%)
ptolemy.util.test.WatchDog.cancel(): canceling Sat Oct 12 06:06:24 UTC 2019
------------------ testing $PTII/ptolemy/domains/de/test/auto/VariableDelay.xml
auto.tcl: Setting watchdog for 200 seconds at Sat Oct 12 06:06:24 UTC 2019
2 ms. Memory: 51200K Free: 32399K (63%)
ptolemy.util.test.WatchDog.cancel(): canceling Sat Oct 12 06:06:24 UTC 2019
auto.tcl: Setting watchdog for 200 seconds at Sat Oct 12 06:06:24 UTC 2019
2 ms. Memory: 51200K Free: 31405K (61%)
ptolemy.util.test.WatchDog.cancel(): canceling Sat Oct 12 06:06:24 UTC 2019
------------------ testing $PTII/ptolemy/domains/de/test/auto/VariableDelay2.xml
auto.tcl: Setting watchdog for 200 seconds at Sat Oct 12 06:06:24 UTC 2019
6 ms. Memory: 51200K Free: 33425K (65%)
ptolemy.util.test.WatchDog.cancel(): canceling Sat Oct 12 06:06:24 UTC 2019
auto.tcl: Setting watchdog for 200 seconds at Sat Oct 12 06:06:24 UTC 2019
1 ms. Memory: 51200K Free: 32318K (63%)
ptolemy.util.test.WatchDog.cancel(): canceling Sat Oct 12 06:06:24 UTC 2019
------------------ testing $PTII/ptolemy/domains/de/test/auto/VariableDelayZeroDelay.xml
auto.tcl: Setting watchdog for 200 seconds at Sat Oct 12 06:06:24 UTC 2019
2 ms. Memory: 51200K Free: 33341K (65%)
ptolemy.util.test.WatchDog.cancel(): canceling Sat Oct 12 06:06:25 UTC 2019
auto.tcl: Setting watchdog for 200 seconds at Sat Oct 12 06:06:25 UTC 2019
2 ms. Memory: 51200K Free: 32813K (64%)
ptolemy.util.test.WatchDog.cancel(): canceling Sat Oct 12 06:06:25 UTC 2019
------------------ testing $PTII/ptolemy/domains/de/test/auto/VariableDelayZeroDelay2.xml
auto.tcl: Setting watchdog for 200 seconds at Sat Oct 12 06:06:25 UTC 2019
2 ms. Memory: 51200K Free: 33340K (65%)
ptolemy.util.test.WatchDog.cancel(): canceling Sat Oct 12 06:06:25 UTC 2019
auto.tcl: Setting watchdog for 200 seconds at Sat Oct 12 06:06:25 UTC 2019
2 ms. Memory: 51200K Free: 32316K (63%)
ptolemy.util.test.WatchDog.cancel(): canceling Sat Oct 12 06:06:25 UTC 2019
------------------ testing $PTII/ptolemy/domains/de/test/auto/deInCt.xml
auto.tcl: Setting watchdog for 200 seconds at Sat Oct 12 06:06:25 UTC 2019
0
1
1
1
0
0
0
1
1
1
0
0
0
0
0
0
1
1
1
1
0
0
0
1
1
1
0
0
0
1
1
1
1
0
0
0
0
9 ms. Memory: 51200K Free: 32313K (63%)
ptolemy.util.test.WatchDog.cancel(): canceling Sat Oct 12 06:06:25 UTC 2019
auto.tcl: Setting watchdog for 200 seconds at Sat Oct 12 06:06:25 UTC 2019
0
1
1
1
0
0
0
0
1
1
1
0
0
0
1
1
1
0
0
0
1
1
1
0
0
0
0
1
1
1
1
0
0
1
1
1
1
0
0
0
1
1
1
0
0
0
0
6 ms. Memory: 51200K Free: 30775K (60%)
ptolemy.util.test.WatchDog.cancel(): canceling Sat Oct 12 06:06:25 UTC 2019
------------------ testing $PTII/ptolemy/domains/de/test/auto/deInCt2.xml
auto.tcl: Setting watchdog for 200 seconds at Sat Oct 12 06:06:25 UTC 2019
0
1
1
1
0
0
1
1
1
0
0
1
1
1
0
0
1
1
1
0
0
1
1
1
0
0
1
1
1
0
0
1
1
1
0
0
1
1
1
0
0
0
11 ms. Memory: 51200K Free: 32315K (63%)
ptolemy.util.test.WatchDog.cancel(): canceling Sat Oct 12 06:06:25 UTC 2019
auto.tcl: Setting watchdog for 200 seconds at Sat Oct 12 06:06:25 UTC 2019
0
1
1
1
0
0
1
1
1
0
0
1
1
1
0
0
1
1
1
0
0
1
1
1
0
0
1
1
1
0
0
1
1
1
0
0
1
1
1
0
0
0
9 ms. Memory: 51200K Free: 30763K (60%)
ptolemy.util.test.WatchDog.cancel(): canceling Sat Oct 12 06:06:25 UTC 2019
------------------ testing $PTII/ptolemy/domains/de/test/auto/dynamicCausalityInterface1.xml
auto.tcl: Setting watchdog for 200 seconds at Sat Oct 12 06:06:25 UTC 2019
2 ms. Memory: 51200K Free: 28214K (55%)
ptolemy.util.test.WatchDog.cancel(): canceling Sat Oct 12 06:06:25 UTC 2019
auto.tcl: Setting watchdog for 200 seconds at Sat Oct 12 06:06:25 UTC 2019
1 ms. Memory: 51200K Free: 27700K (54%)
ptolemy.util.test.WatchDog.cancel(): canceling Sat Oct 12 06:06:25 UTC 2019
------------------ testing $PTII/ptolemy/domains/de/test/auto/fsm_de_test.xml
auto.tcl: Setting watchdog for 200 seconds at Sat Oct 12 06:06:25 UTC 2019
6 ms. Memory: 51200K Free: 28112K (55%)
ptolemy.util.test.WatchDog.cancel(): canceling Sat Oct 12 06:06:25 UTC 2019
auto.tcl: Setting watchdog for 200 seconds at Sat Oct 12 06:06:25 UTC 2019
7 ms. Memory: 51200K Free: 26064K (51%)
ptolemy.util.test.WatchDog.cancel(): canceling Sat Oct 12 06:06:25 UTC 2019
------------------ testing $PTII/ptolemy/domains/de/test/auto/functionDependencyReconstruction.xml
auto.tcl: Setting watchdog for 200 seconds at Sat Oct 12 06:06:25 UTC 2019
3 ms. Memory: 51200K Free: 22081K (43%)
ptolemy.util.test.WatchDog.cancel(): canceling Sat Oct 12 06:06:25 UTC 2019
auto.tcl: Setting watchdog for 200 seconds at Sat Oct 12 06:06:25 UTC 2019
2 ms. Memory: 51200K Free: 19910K (39%)
ptolemy.util.test.WatchDog.cancel(): canceling Sat Oct 12 06:06:25 UTC 2019
------------------ testing $PTII/ptolemy/domains/de/test/auto/multirate.xml
auto.tcl: Setting watchdog for 200 seconds at Sat Oct 12 06:06:25 UTC 2019
3 ms. Memory: 51200K Free: 30687K (60%)
ptolemy.util.test.WatchDog.cancel(): canceling Sat Oct 12 06:06:25 UTC 2019
auto.tcl: Setting watchdog for 200 seconds at Sat Oct 12 06:06:25 UTC 2019
4 ms. Memory: 51200K Free: 29008K (57%)
ptolemy.util.test.WatchDog.cancel(): canceling Sat Oct 12 06:06:25 UTC 2019
------------------ testing $PTII/ptolemy/domains/de/test/auto/multirate2.xml
auto.tcl: Setting watchdog for 200 seconds at Sat Oct 12 06:06:25 UTC 2019
6 ms. Memory: 51200K Free: 30908K (60%)
ptolemy.util.test.WatchDog.cancel(): canceling Sat Oct 12 06:06:25 UTC 2019
auto.tcl: Setting watchdog for 200 seconds at Sat Oct 12 06:06:25 UTC 2019
3 ms. Memory: 51200K Free: 29669K (58%)
ptolemy.util.test.WatchDog.cancel(): canceling Sat Oct 12 06:06:25 UTC 2019
------------------ testing $PTII/ptolemy/domains/de/test/auto/realtime.xml
auto.tcl: Setting watchdog for 200 seconds at Sat Oct 12 06:06:25 UTC 2019
10001 ms. Memory: 51200K Free: 32985K (64%)
ptolemy.util.test.WatchDog.cancel(): canceling Sat Oct 12 06:06:35 UTC 2019
auto.tcl: Setting watchdog for 200 seconds at Sat Oct 12 06:06:35 UTC 2019
10003 ms. Memory: 51200K Free: 32260K (63%)
ptolemy.util.test.WatchDog.cancel(): canceling Sat Oct 12 06:06:45 UTC 2019
------------------ testing $PTII/ptolemy/domains/de/test/auto/relationGroup.xml
auto.tcl: Setting watchdog for 200 seconds at Sat Oct 12 06:06:45 UTC 2019
1 ms. Memory: 51200K Free: 34066K (67%)
ptolemy.util.test.WatchDog.cancel(): canceling Sat Oct 12 06:06:45 UTC 2019
auto.tcl: Setting watchdog for 200 seconds at Sat Oct 12 06:06:45 UTC 2019
1 ms. Memory: 51200K Free: 33341K (65%)
ptolemy.util.test.WatchDog.cancel(): canceling Sat Oct 12 06:06:45 UTC 2019
------------------ testing $PTII/ptolemy/domains/de/test/auto/relationGroup2.xml
auto.tcl: Setting watchdog for 200 seconds at Sat Oct 12 06:06:45 UTC 2019
2 ms. Memory: 48128K Free: 31040K (64%)
ptolemy.util.test.WatchDog.cancel(): canceling Sat Oct 12 06:06:45 UTC 2019
auto.tcl: Setting watchdog for 200 seconds at Sat Oct 12 06:06:45 UTC 2019
2 ms. Memory: 48128K Free: 30294K (63%)
ptolemy.util.test.WatchDog.cancel(): canceling Sat Oct 12 06:06:45 UTC 2019
------------------ testing $PTII/ptolemy/domains/de/test/auto/sortWithOpaquePorts.xml
auto.tcl: Setting watchdog for 200 seconds at Sat Oct 12 06:06:45 UTC 2019
1 ms. Memory: 48128K Free: 29767K (62%)
ptolemy.util.test.WatchDog.cancel(): canceling Sat Oct 12 06:06:45 UTC 2019
auto.tcl: Setting watchdog for 200 seconds at Sat Oct 12 06:06:45 UTC 2019
2 ms. Memory: 48128K Free: 28787K (60%)
ptolemy.util.test.WatchDog.cancel(): canceling Sat Oct 12 06:06:45 UTC 2019
------------------ testing $PTII/ptolemy/domains/de/test/auto/transferInputsandOutputs.xml
auto.tcl: Setting watchdog for 200 seconds at Sat Oct 12 06:06:45 UTC 2019
3 ms. Memory: 48128K Free: 27211K (57%)
ptolemy.util.test.WatchDog.cancel(): canceling Sat Oct 12 06:06:45 UTC 2019
auto.tcl: Setting watchdog for 200 seconds at Sat Oct 12 06:06:45 UTC 2019
3 ms. Memory: 48128K Free: 26236K (55%)
ptolemy.util.test.WatchDog.cancel(): canceling Sat Oct 12 06:06:45 UTC 2019
------------------ testing $PTII/ptolemy/domains/de/test/auto/triggerType.xml
auto.tcl: Setting watchdog for 200 seconds at Sat Oct 12 06:06:46 UTC 2019
2 ms. Memory: 48128K Free: 30236K (63%)
ptolemy.util.test.WatchDog.cancel(): canceling Sat Oct 12 06:06:46 UTC 2019
auto.tcl: Setting watchdog for 200 seconds at Sat Oct 12 06:06:46 UTC 2019
2 ms. Memory: 48128K Free: 29232K (61%)
ptolemy.util.test.WatchDog.cancel(): canceling Sat Oct 12 06:06:46 UTC 2019
10/12/19 06:06:46
Failed: 0  Total Tests: 192  ((Passed: 187, Newly Passed: 1)  Known Failed: 5) /home/travis/build/icyphy/ptII/ptolemy/domains/de/test
10/12/19 06:06:46
Failed: 0  Total Tests: 192  ((Passed: 187, Newly Passed: 1)  Known Failed: 5) /home/travis/build/icyphy/ptII/ptolemy/domains/de/test
----------------- testing (KnownFailure) /home/travis/build/icyphy/ptII/ptolemy/domains/de/test/auto/knownFailedTests/DESDFClockTest.xml
2012 ms. Memory: 48128K Free: 23121K (48%)
Known Failure: java.lang.reflect.InvocationTargetException
----------------- testing (KnownFailure) /home/travis/build/icyphy/ptII/ptolemy/domains/de/test/auto/knownFailedTests/DirectFeedback.xml
1 ms. Memory: 48128K Free: 19535K (41%)
Known Failure: java.lang.reflect.InvocationTargetException
----------------- testing (KnownFailure) /home/travis/build/icyphy/ptII/ptolemy/domains/de/test/auto/knownFailedTests/FSMSource.xml
17 ms. Memory: 48128K Free: 11857K (25%)
----------------- testing (KnownFailure) /home/travis/build/icyphy/ptII/ptolemy/domains/de/test/auto/knownFailedTests/HierarchicalModel.xml
7 ms. Memory: 48128K Free: 22750K (47%)
Known Failure: java.lang.reflect.InvocationTargetException
----------------- testing (KnownFailure) /home/travis/build/icyphy/ptII/ptolemy/domains/de/test/auto/knownFailedTests/dependencyLoop.xml
2 ms. Memory: 48128K Free: 7680K (16%)
Known Failure: java.lang.reflect.InvocationTargetException
----------------- testing (KnownFailure) /home/travis/build/icyphy/ptII/ptolemy/domains/de/test/auto/knownFailedTests/dependencyLoop2.xml
3 ms. Memory: 48128K Free: 19134K (40%)
Known Failure: java.lang.reflect.InvocationTargetException
No auto/linux-amd64/*.xml tests in /home/travis/build/icyphy/ptII/ptolemy/domains/de/test
AutoTests.java: About to close Vertx.
AutoTests.java: Vertx closed.

===========================================================================================
----------------- testing Sat Oct 12 06:06:48 UTC 2019 /home/travis/build/icyphy/ptII/ptolemy/domains/de/test/auto/ActorDepthCalculation_actorWithoutPorts.xml
----------------- Instantiating /home/travis/build/icyphy/ptII/ptolemy/domains/de/test/auto/ActorDepthCalculation_actorWithoutPorts.xml
2 ms. Memory: 48128K Free: 12729K (26%)
----------------- Invoking toplevel() on ptolemy.moml.MoMLSimpleApplication@125ac775
----------------- Done invoking toplevel() on ptolemy.moml.MoMLSimpleApplication@125ac775
reloadAllAccessors: .ActorDepthCalculation_actorWithoutPorts

===========================================================================================
----------------- testing Sat Oct 12 06:06:48 UTC 2019 /home/travis/build/icyphy/ptII/ptolemy/domains/de/test/auto/AssemblyLine.xml
----------------- Instantiating /home/travis/build/icyphy/ptII/ptolemy/domains/de/test/auto/AssemblyLine.xml
2 ms. Memory: 48128K Free: 32351K (67%)
----------------- Invoking toplevel() on ptolemy.moml.MoMLSimpleApplication@4c21b793
----------------- Done invoking toplevel() on ptolemy.moml.MoMLSimpleApplication@4c21b793
reloadAllAccessors: .AssemblyLine

===========================================================================================
----------------- testing Sat Oct 12 06:06:48 UTC 2019 /home/travis/build/icyphy/ptII/ptolemy/domains/de/test/auto/CQBug1.xml
----------------- Instantiating /home/travis/build/icyphy/ptII/ptolemy/domains/de/test/auto/CQBug1.xml
2 ms. Memory: 48128K Free: 29325K (61%)
----------------- Invoking toplevel() on ptolemy.moml.MoMLSimpleApplication@481c5137
----------------- Done invoking toplevel() on ptolemy.moml.MoMLSimpleApplication@481c5137
reloadAllAccessors: .CQBug1

===========================================================================================
----------------- testing Sat Oct 12 06:06:48 UTC 2019 /home/travis/build/icyphy/ptII/ptolemy/domains/de/test/auto/CancelFireAt.xml
----------------- Instantiating /home/travis/build/icyphy/ptII/ptolemy/domains/de/test/auto/CancelFireAt.xml
1 ms. Memory: 48128K Free: 27045K (56%)
----------------- Invoking toplevel() on ptolemy.moml.MoMLSimpleApplication@19bb0f7e
----------------- Done invoking toplevel() on ptolemy.moml.MoMLSimpleApplication@19bb0f7e
reloadAllAccessors: .CancelFireAt

===========================================================================================
----------------- testing Sat Oct 12 06:06:48 UTC 2019 /home/travis/build/icyphy/ptII/ptolemy/domains/de/test/auto/CausalityAndComposabilityAnalysis.xml
----------------- Instantiating /home/travis/build/icyphy/ptII/ptolemy/domains/de/test/auto/CausalityAndComposabilityAnalysis.xml
11 ms. Memory: 48128K Free: 22970K (48%)
----------------- Invoking toplevel() on ptolemy.moml.MoMLSimpleApplication@5a057b4a
----------------- Done invoking toplevel() on ptolemy.moml.MoMLSimpleApplication@5a057b4a
reloadAllAccessors: .CausalityAndComposabilityAnalysis

===========================================================================================
----------------- testing Sat Oct 12 06:06:48 UTC 2019 /home/travis/build/icyphy/ptII/ptolemy/domains/de/test/auto/CausalityInterface1.xml
----------------- Instantiating /home/travis/build/icyphy/ptII/ptolemy/domains/de/test/auto/CausalityInterface1.xml
5 ms. Memory: 48128K Free: 18085K (38%)
----------------- Invoking toplevel() on ptolemy.moml.MoMLSimpleApplication@22a1a435
----------------- Done invoking toplevel() on ptolemy.moml.MoMLSimpleApplication@22a1a435
reloadAllAccessors: .CausalityInterface1

===========================================================================================
----------------- testing Sat Oct 12 06:06:48 UTC 2019 /home/travis/build/icyphy/ptII/ptolemy/domains/de/test/auto/CausalityInterface15.xml
----------------- Instantiating /home/travis/build/icyphy/ptII/ptolemy/domains/de/test/auto/CausalityInterface15.xml
3 ms. Memory: 48128K Free: 12588K (26%)
----------------- Invoking toplevel() on ptolemy.moml.MoMLSimpleApplication@29e34d70
----------------- Done invoking toplevel() on ptolemy.moml.MoMLSimpleApplication@29e34d70
reloadAllAccessors: .CausalityInterface15

===========================================================================================
----------------- testing Sat Oct 12 06:06:48 UTC 2019 /home/travis/build/icyphy/ptII/ptolemy/domains/de/test/auto/CausalityInterface2.xml
----------------- Instantiating /home/travis/build/icyphy/ptII/ptolemy/domains/de/test/auto/CausalityInterface2.xml
2 ms. Memory: 48128K Free: 7807K (16%)
[...]
	at ptolemy.actor.Manager.run(Manager.java:1263)
	at ptolemy.actor.Manager$PtolemyRunThread.run(Manager.java:1933)
java.lang.RuntimeException: Execution failed
	at ptolemy.moml.MoMLSimpleApplication$UnloadThread.run(MoMLSimpleApplication.java:402)
Caused by: ptolemy.kernel.util.IllegalActionException: Actor is not ready to fire.  Perhaps UpSample.prefire() returned false? Try debugging the actor by selecting "Listen to Actor".  Also, for SDF check moml for tokenConsumptionRate on input.
  in .DESDFClockTest.Play Bell.Copy1:SDF Director and .DESDFClockTest.Play Bell.UpSample
	at ptolemy.actor.sched.StaticSchedulingDirector.fire(StaticSchedulingDirector.java:227)
	at ptolemy.domains.sdf.kernel.SDFDirector.fire(SDFDirector.java:500)
	at ptolemy.actor.CompositeActor.fire(CompositeActor.java:455)
	at ptolemy.domains.de.kernel.DEDirector._fire(DEDirector.java:1949)
	at ptolemy.domains.de.kernel.DEDirector.fire(DEDirector.java:502)
	at ptolemy.actor.CompositeActor.fire(CompositeActor.java:455)
	at ptolemy.actor.Manager.iterate(Manager.java:851)
	at ptolemy.actor.Manager.execute(Manager.java:369)
	at ptolemy.actor.Manager.run(Manager.java:1263)
	at ptolemy.actor.Manager$PtolemyRunThread.run(Manager.java:1933)
java.lang.reflect.InvocationTargetException
	at java.base/jdk.internal.reflect.NativeConstructorAccessorImpl.newInstance0(Native Method)
	at java.base/jdk.internal.reflect.NativeConstructorAccessorImpl.newInstance(NativeConstructorAccessorImpl.java:62)
	at java.base/jdk.internal.reflect.DelegatingConstructorAccessorImpl.newInstance(DelegatingConstructorAccessorImpl.java:45)
	at java.base/java.lang.reflect.Constructor.newInstance(Constructor.java:490)
	at ptolemy.util.test.junit.AutoKnownFailedTests.RunModel(AutoKnownFailedTests.java:105)
	at java.base/jdk.internal.reflect.NativeMethodAccessorImpl.invoke0(Native Method)
	at java.base/jdk.internal.reflect.NativeMethodAccessorImpl.invoke(NativeMethodAccessorImpl.java:62)
	at java.base/jdk.internal.reflect.DelegatingMethodAccessorImpl.invoke(DelegatingMethodAccessorImpl.java:43)
	at java.base/java.lang.reflect.Method.invoke(Method.java:566)
	at org.junit.runners.model.FrameworkMethod$1.runReflectiveCall(FrameworkMethod.java:44)
	at org.junit.internal.runners.model.ReflectiveCallable.run(ReflectiveCallable.java:15)
	at org.junit.runners.model.FrameworkMethod.invokeExplosively(FrameworkMethod.java:41)
	at junitparams.internal.InvokeParameterisedMethod.evaluate(InvokeParameterisedMethod.java:102)
	at org.junit.internal.runners.statements.FailOnTimeout$1.run(FailOnTimeout.java:28)
Caused by: ptolemy.kernel.util.IllegalActionException: Actor is not ready to fire.  Perhaps UpSample.prefire() returned false? Try debugging the actor by selecting "Listen to Actor".  Also, for SDF check moml for tokenConsumptionRate on input.
  in .DESDFClockTest.Play Bell.Copy1:SDF Director and .DESDFClockTest.Play Bell.UpSample
	at ptolemy.actor.sched.StaticSchedulingDirector.fire(StaticSchedulingDirector.java:227)
	at ptolemy.domains.sdf.kernel.SDFDirector.fire(SDFDirector.java:500)
	at ptolemy.actor.CompositeActor.fire(CompositeActor.java:455)
	at ptolemy.domains.de.kernel.DEDirector._fire(DEDirector.java:1949)
	at ptolemy.domains.de.kernel.DEDirector.fire(DEDirector.java:502)
	at ptolemy.actor.CompositeActor.fire(CompositeActor.java:455)
	at ptolemy.actor.Manager.iterate(Manager.java:851)
	at ptolemy.actor.Manager.execute(Manager.java:369)
	at ptolemy.actor.Manager.run(Manager.java:1263)
	at ptolemy.actor.Manager$PtolemyRunThread.run(Manager.java:1933)
java.lang.RuntimeException: Execution failed
	at ptolemy.moml.MoMLSimpleApplication$UnloadThread.run(MoMLSimpleApplication.java:402)
Caused by: ptolemy.kernel.util.IllegalActionException: Test fails in iteration 1.
Value was: 1.0. Should have been: 2.0
  in .DirectFeedback.Test
	at ptolemy.actor.lib.Test.fire(Test.java:268)
	at ptolemy.domains.de.kernel.DEDirector._fire(DEDirector.java:1949)
	at ptolemy.domains.de.kernel.DEDirector.fire(DEDirector.java:502)
	at ptolemy.actor.CompositeActor.fire(CompositeActor.java:455)
	at ptolemy.actor.Manager.iterate(Manager.java:851)
	at ptolemy.actor.Manager.execute(Manager.java:369)
	at ptolemy.actor.Manager.run(Manager.java:1263)
	at ptolemy.actor.Manager$PtolemyRunThread.run(Manager.java:1933)
java.lang.reflect.InvocationTargetException
	at java.base/jdk.internal.reflect.NativeConstructorAccessorImpl.newInstance0(Native Method)
	at java.base/jdk.internal.reflect.NativeConstructorAccessorImpl.newInstance(NativeConstructorAccessorImpl.java:62)
	at java.base/jdk.internal.reflect.DelegatingConstructorAccessorImpl.newInstance(DelegatingConstructorAccessorImpl.java:45)
	at java.base/java.lang.reflect.Constructor.newInstance(Constructor.java:490)
	at ptolemy.util.test.junit.AutoKnownFailedTests.RunModel(AutoKnownFailedTests.java:105)
	at java.base/jdk.internal.reflect.NativeMethodAccessorImpl.invoke0(Native Method)
	at java.base/jdk.internal.reflect.NativeMethodAccessorImpl.invoke(NativeMethodAccessorImpl.java:62)
	at java.base/jdk.internal.reflect.DelegatingMethodAccessorImpl.invoke(DelegatingMethodAccessorImpl.java:43)
	at java.base/java.lang.reflect.Method.invoke(Method.java:566)
	at org.junit.runners.model.FrameworkMethod$1.runReflectiveCall(FrameworkMethod.java:44)
	at org.junit.internal.runners.model.ReflectiveCallable.run(ReflectiveCallable.java:15)
	at org.junit.runners.model.FrameworkMethod.invokeExplosively(FrameworkMethod.java:41)
	at junitparams.internal.InvokeParameterisedMethod.evaluate(InvokeParameterisedMethod.java:102)
	at org.junit.internal.runners.statements.FailOnTimeout$1.run(FailOnTimeout.java:28)
Caused by: ptolemy.kernel.util.IllegalActionException: Test fails in iteration 1.
Value was: 1.0. Should have been: 2.0
  in .DirectFeedback.Test
	at ptolemy.actor.lib.Test.fire(Test.java:268)
	at ptolemy.domains.de.kernel.DEDirector._fire(DEDirector.java:1949)
	at ptolemy.domains.de.kernel.DEDirector.fire(DEDirector.java:502)
	at ptolemy.actor.CompositeActor.fire(CompositeActor.java:455)
	at ptolemy.actor.Manager.iterate(Manager.java:851)
	at ptolemy.actor.Manager.execute(Manager.java:369)
	at ptolemy.actor.Manager.run(Manager.java:1263)
	at ptolemy.actor.Manager$PtolemyRunThread.run(Manager.java:1933)
java.lang.RuntimeException: Execution failed
	at ptolemy.moml.MoMLSimpleApplication$UnloadThread.run(MoMLSimpleApplication.java:402)
Caused by: ptolemy.kernel.util.IllegalActionException: Found a zero delay loop containing .HierarchicalModel.A
  in .HierarchicalModel and .HierarchicalModel.A
	at ptolemy.actor.util.CausalityInterfaceForComposites._computeOutputPortDepth(CausalityInterfaceForComposites.java:759)
	at ptolemy.actor.util.CausalityInterfaceForComposites._computeInputDepth(CausalityInterfaceForComposites.java:696)
	at ptolemy.actor.util.CausalityInterfaceForComposites._computeOutputPortDepth(CausalityInterfaceForComposites.java:765)
	at ptolemy.actor.util.CausalityInterfaceForComposites._computeInputDepth(CausalityInterfaceForComposites.java:696)
	at ptolemy.actor.util.CausalityInterfaceForComposites._computeOutputPortDepth(CausalityInterfaceForComposites.java:765)
	at ptolemy.actor.util.CausalityInterfaceForComposites._computeInputDepth(CausalityInterfaceForComposites.java:696)
	at ptolemy.actor.util.CausalityInterfaceForComposites._computeActorDepth(CausalityInterfaceForComposites.java:532)
	at ptolemy.actor.util.CausalityInterfaceForComposites.checkForCycles(CausalityInterfaceForComposites.java:96)
	at ptolemy.domains.de.kernel.DEDirector.preinitialize(DEDirector.java:1338)
	at ptolemy.actor.CompositeActor.preinitialize(CompositeActor.java:1828)
	at ptolemy.actor.Manager.preinitializeAndResolveTypes(Manager.java:1040)
	at ptolemy.actor.Manager.initialize(Manager.java:710)
	at ptolemy.actor.Manager.execute(Manager.java:356)
	at ptolemy.actor.Manager.run(Manager.java:1263)
	at ptolemy.actor.Manager$PtolemyRunThread.run(Manager.java:1933)
java.lang.reflect.InvocationTargetException
	at java.base/jdk.internal.reflect.NativeConstructorAccessorImpl.newInstance0(Native Method)
	at java.base/jdk.internal.reflect.NativeConstructorAccessorImpl.newInstance(NativeConstructorAccessorImpl.java:62)
	at java.base/jdk.internal.reflect.DelegatingConstructorAccessorImpl.newInstance(DelegatingConstructorAccessorImpl.java:45)
	at java.base/java.lang.reflect.Constructor.newInstance(Constructor.java:490)
	at ptolemy.util.test.junit.AutoKnownFailedTests.RunModel(AutoKnownFailedTests.java:105)
	at java.base/jdk.internal.reflect.NativeMethodAccessorImpl.invoke0(Native Method)
	at java.base/jdk.internal.reflect.NativeMethodAccessorImpl.invoke(NativeMethodAccessorImpl.java:62)
	at java.base/jdk.internal.reflect.DelegatingMethodAccessorImpl.invoke(DelegatingMethodAccessorImpl.java:43)
	at java.base/java.lang.reflect.Method.invoke(Method.java:566)
	at org.junit.runners.model.FrameworkMethod$1.runReflectiveCall(FrameworkMethod.java:44)
	at org.junit.internal.runners.model.ReflectiveCallable.run(ReflectiveCallable.java:15)
	at org.junit.runners.model.FrameworkMethod.invokeExplosively(FrameworkMethod.java:41)
	at junitparams.internal.InvokeParameterisedMethod.evaluate(InvokeParameterisedMethod.java:102)
	at org.junit.internal.runners.statements.FailOnTimeout$1.run(FailOnTimeout.java:28)
Caused by: ptolemy.kernel.util.IllegalActionException: Found a zero delay loop containing .HierarchicalModel.A
  in .HierarchicalModel and .HierarchicalModel.A
	at ptolemy.actor.util.CausalityInterfaceForComposites._computeOutputPortDepth(CausalityInterfaceForComposites.java:759)
	at ptolemy.actor.util.CausalityInterfaceForComposites._computeInputDepth(CausalityInterfaceForComposites.java:696)
	at ptolemy.actor.util.CausalityInterfaceForComposites._computeOutputPortDepth(CausalityInterfaceForComposites.java:765)
	at ptolemy.actor.util.CausalityInterfaceForComposites._computeInputDepth(CausalityInterfaceForComposites.java:696)
	at ptolemy.actor.util.CausalityInterfaceForComposites._computeOutputPortDepth(CausalityInterfaceForComposites.java:765)
	at ptolemy.actor.util.CausalityInterfaceForComposites._computeInputDepth(CausalityInterfaceForComposites.java:696)
	at ptolemy.actor.util.CausalityInterfaceForComposites._computeActorDepth(CausalityInterfaceForComposites.java:532)
	at ptolemy.actor.util.CausalityInterfaceForComposites.checkForCycles(CausalityInterfaceForComposites.java:96)
	at ptolemy.domains.de.kernel.DEDirector.preinitialize(DEDirector.java:1338)
	at ptolemy.actor.CompositeActor.preinitialize(CompositeActor.java:1828)
	at ptolemy.actor.Manager.preinitializeAndResolveTypes(Manager.java:1040)
	at ptolemy.actor.Manager.initialize(Manager.java:710)
	at ptolemy.actor.Manager.execute(Manager.java:356)
	at ptolemy.actor.Manager.run(Manager.java:1263)
	at ptolemy.actor.Manager$PtolemyRunThread.run(Manager.java:1933)
java.lang.RuntimeException: Execution failed
	at ptolemy.moml.MoMLSimpleApplication$UnloadThread.run(MoMLSimpleApplication.java:402)
Caused by: ptolemy.kernel.util.IllegalActionException: Found a zero delay loop containing .dependencyLoop.original
  in .dependencyLoop and .dependencyLoop.original
	at ptolemy.actor.util.CausalityInterfaceForComposites._computeOutputPortDepth(CausalityInterfaceForComposites.java:759)
	at ptolemy.actor.util.CausalityInterfaceForComposites._computeInputDepth(CausalityInterfaceForComposites.java:696)
	at ptolemy.actor.util.CausalityInterfaceForComposites._computeOutputPortDepth(CausalityInterfaceForComposites.java:765)
	at ptolemy.actor.util.CausalityInterfaceForComposites._computeInputDepth(CausalityInterfaceForComposites.java:696)
	at ptolemy.actor.util.CausalityInterfaceForComposites._computeOutputPortDepth(CausalityInterfaceForComposites.java:765)
	at ptolemy.actor.util.CausalityInterfaceForComposites._computeInputDepth(CausalityInterfaceForComposites.java:696)
	at ptolemy.actor.util.CausalityInterfaceForComposites._computeActorDepth(CausalityInterfaceForComposites.java:532)
	at ptolemy.actor.util.CausalityInterfaceForComposites.checkForCycles(CausalityInterfaceForComposites.java:96)
	at ptolemy.domains.de.kernel.DEDirector.preinitialize(DEDirector.java:1338)
	at ptolemy.actor.CompositeActor.preinitialize(CompositeActor.java:1828)
	at ptolemy.actor.Manager.preinitializeAndResolveTypes(Manager.java:1040)
	at ptolemy.actor.Manager.initialize(Manager.java:710)
	at ptolemy.actor.Manager.execute(Manager.java:356)
	at ptolemy.actor.Manager.run(Manager.java:1263)
	at ptolemy.actor.Manager$PtolemyRunThread.run(Manager.java:1933)
java.lang.reflect.InvocationTargetException
	at java.base/jdk.internal.reflect.NativeConstructorAccessorImpl.newInstance0(Native Method)
	at java.base/jdk.internal.reflect.NativeConstructorAccessorImpl.newInstance(NativeConstructorAccessorImpl.java:62)
	at java.base/jdk.internal.reflect.DelegatingConstructorAccessorImpl.newInstance(DelegatingConstructorAccessorImpl.java:45)
	at java.base/java.lang.reflect.Constructor.newInstance(Constructor.java:490)
	at ptolemy.util.test.junit.AutoKnownFailedTests.RunModel(AutoKnownFailedTests.java:105)
	at java.base/jdk.internal.reflect.NativeMethodAccessorImpl.invoke0(Native Method)
	at java.base/jdk.internal.reflect.NativeMethodAccessorImpl.invoke(NativeMethodAccessorImpl.java:62)
	at java.base/jdk.internal.reflect.DelegatingMethodAccessorImpl.invoke(DelegatingMethodAccessorImpl.java:43)
	at java.base/java.lang.reflect.Method.invoke(Method.java:566)
	at org.junit.runners.model.FrameworkMethod$1.runReflectiveCall(FrameworkMethod.java:44)
	at org.junit.internal.runners.model.ReflectiveCallable.run(ReflectiveCallable.java:15)
	at org.junit.runners.model.FrameworkMethod.invokeExplosively(FrameworkMethod.java:41)
	at junitparams.internal.InvokeParameterisedMethod.evaluate(InvokeParameterisedMethod.java:102)
	at org.junit.internal.runners.statements.FailOnTimeout$1.run(FailOnTimeout.java:28)
Caused by: ptolemy.kernel.util.IllegalActionException: Found a zero delay loop containing .dependencyLoop.original
  in .dependencyLoop and .dependencyLoop.original
	at ptolemy.actor.util.CausalityInterfaceForComposites._computeOutputPortDepth(CausalityInterfaceForComposites.java:759)
	at ptolemy.actor.util.CausalityInterfaceForComposites._computeInputDepth(CausalityInterfaceForComposites.java:696)
	at ptolemy.actor.util.CausalityInterfaceForComposites._computeOutputPortDepth(CausalityInterfaceForComposites.java:765)
	at ptolemy.actor.util.CausalityInterfaceForComposites._computeInputDepth(CausalityInterfaceForComposites.java:696)
	at ptolemy.actor.util.CausalityInterfaceForComposites._computeOutputPortDepth(CausalityInterfaceForComposites.java:765)
	at ptolemy.actor.util.CausalityInterfaceForComposites._computeInputDepth(CausalityInterfaceForComposites.java:696)
	at ptolemy.actor.util.CausalityInterfaceForComposites._computeActorDepth(CausalityInterfaceForComposites.java:532)
	at ptolemy.actor.util.CausalityInterfaceForComposites.checkForCycles(CausalityInterfaceForComposites.java:96)
	at ptolemy.domains.de.kernel.DEDirector.preinitialize(DEDirector.java:1338)
	at ptolemy.actor.CompositeActor.preinitialize(CompositeActor.java:1828)
	at ptolemy.actor.Manager.preinitializeAndResolveTypes(Manager.java:1040)
	at ptolemy.actor.Manager.initialize(Manager.java:710)
	at ptolemy.actor.Manager.execute(Manager.java:356)
	at ptolemy.actor.Manager.run(Manager.java:1263)
	at ptolemy.actor.Manager$PtolemyRunThread.run(Manager.java:1933)
java.lang.RuntimeException: Execution failed
	at ptolemy.moml.MoMLSimpleApplication$UnloadThread.run(MoMLSimpleApplication.java:402)
Caused by: ptolemy.kernel.util.IllegalActionException: Found a zero delay loop containing .dependencyLoop2.original
  in .dependencyLoop2 and .dependencyLoop2.original
	at ptolemy.actor.util.CausalityInterfaceForComposites._computeOutputPortDepth(CausalityInterfaceForComposites.java:759)
	at ptolemy.actor.util.CausalityInterfaceForComposites._computeInputDepth(CausalityInterfaceForComposites.java:696)
	at ptolemy.actor.util.CausalityInterfaceForComposites._computeOutputPortDepth(CausalityInterfaceForComposites.java:765)
	at ptolemy.actor.util.CausalityInterfaceForComposites._computeInputDepth(CausalityInterfaceForComposites.java:696)
	at ptolemy.actor.util.CausalityInterfaceForComposites._computeOutputPortDepth(CausalityInterfaceForComposites.java:765)
	at ptolemy.actor.util.CausalityInterfaceForComposites._computeInputDepth(CausalityInterfaceForComposites.java:696)
	at ptolemy.actor.util.CausalityInterfaceForComposites._computeActorDepth(CausalityInterfaceForComposites.java:532)
	at ptolemy.actor.util.CausalityInterfaceForComposites.checkForCycles(CausalityInterfaceForComposites.java:96)
	at ptolemy.domains.de.kernel.DEDirector.preinitialize(DEDirector.java:1338)
	at ptolemy.actor.CompositeActor.preinitialize(CompositeActor.java:1828)
	at ptolemy.actor.Manager.preinitializeAndResolveTypes(Manager.java:1040)
	at ptolemy.actor.Manager.initialize(Manager.java:710)
	at ptolemy.actor.Manager.execute(Manager.java:356)
	at ptolemy.actor.Manager.run(Manager.java:1263)
	at ptolemy.actor.Manager$PtolemyRunThread.run(Manager.java:1933)
java.lang.reflect.InvocationTargetException
	at java.base/jdk.internal.reflect.NativeConstructorAccessorImpl.newInstance0(Native Method)
	at java.base/jdk.internal.reflect.NativeConstructorAccessorImpl.newInstance(NativeConstructorAccessorImpl.java:62)
	at java.base/jdk.internal.reflect.DelegatingConstructorAccessorImpl.newInstance(DelegatingConstructorAccessorImpl.java:45)
	at java.base/java.lang.reflect.Constructor.newInstance(Constructor.java:490)
	at ptolemy.util.test.junit.AutoKnownFailedTests.RunModel(AutoKnownFailedTests.java:105)
	at java.base/jdk.internal.reflect.NativeMethodAccessorImpl.invoke0(Native Method)
	at java.base/jdk.internal.reflect.NativeMethodAccessorImpl.invoke(NativeMethodAccessorImpl.java:62)
	at java.base/jdk.internal.reflect.DelegatingMethodAccessorImpl.invoke(DelegatingMethodAccessorImpl.java:43)
	at java.base/java.lang.reflect.Method.invoke(Method.java:566)
	at org.junit.runners.model.FrameworkMethod$1.runReflectiveCall(FrameworkMethod.java:44)
	at org.junit.internal.runners.model.ReflectiveCallable.run(ReflectiveCallable.java:15)
	at org.junit.runners.model.FrameworkMethod.invokeExplosively(FrameworkMethod.java:41)
	at junitparams.internal.InvokeParameterisedMethod.evaluate(InvokeParameterisedMethod.java:102)
	at org.junit.internal.runners.statements.FailOnTimeout$1.run(FailOnTimeout.java:28)
Caused by: ptolemy.kernel.util.IllegalActionException: Found a zero delay loop containing .dependencyLoop2.original
  in .dependencyLoop2 and .dependencyLoop2.original
	at ptolemy.actor.util.CausalityInterfaceForComposites._computeOutputPortDepth(CausalityInterfaceForComposites.java:759)
	at ptolemy.actor.util.CausalityInterfaceForComposites._computeInputDepth(CausalityInterfaceForComposites.java:696)
	at ptolemy.actor.util.CausalityInterfaceForComposites._computeOutputPortDepth(CausalityInterfaceForComposites.java:765)
	at ptolemy.actor.util.CausalityInterfaceForComposites._computeInputDepth(CausalityInterfaceForComposites.java:696)
	at ptolemy.actor.util.CausalityInterfaceForComposites._computeOutputPortDepth(CausalityInterfaceForComposites.java:765)
	at ptolemy.actor.util.CausalityInterfaceForComposites._computeInputDepth(CausalityInterfaceForComposites.java:696)
	at ptolemy.actor.util.CausalityInterfaceForComposites._computeActorDepth(CausalityInterfaceForComposites.java:532)
	at ptolemy.actor.util.CausalityInterfaceForComposites.checkForCycles(CausalityInterfaceForComposites.java:96)
	at ptolemy.domains.de.kernel.DEDirector.preinitialize(DEDirector.java:1338)
	at ptolemy.actor.CompositeActor.preinitialize(CompositeActor.java:1828)
	at ptolemy.actor.Manager.preinitializeAndResolveTypes(Manager.java:1040)
	at ptolemy.actor.Manager.initialize(Manager.java:710)
	at ptolemy.actor.Manager.execute(Manager.java:356)
	at ptolemy.actor.Manager.run(Manager.java:1263)
	at ptolemy.actor.Manager$PtolemyRunThread.run(Manager.java:1933)
]]></system-err>
</testsuite>
