<?xml version="1.0" encoding="UTF-8" ?>
<testsuite errors="0" failures="0" hostname="travis-job-82ee32fc-03c6-4bff-bdb2-08b2e18bb008" name="ptolemy.domains.de.test.junit.JUnitTclTest" skipped="0" tests="101" time="128.138" timestamp="2020-10-07T15:44:08">
  <properties>
[...]
</properties>
  <testcase classname="ptolemy.util.test.junit.TclTests" name="[0] /home/travis/build/icyphy/ptII/ptolemy/domains/de/test/DependencyLoop.tcl (RunTclFile)" time="1.008" />
  <testcase classname="ptolemy.util.test.junit.TclTests" name="[1] /home/travis/build/icyphy/ptII/ptolemy/domains/de/test/RunDETestsAsQSS.tcl (RunTclFile)" time="87.488" />
  <testcase classname="ptolemy.util.test.junit.AutoKnownFailedTests" name="[0] /home/travis/build/icyphy/ptII/ptolemy/domains/de/test/auto/knownFailedTests/DESDFClockTest.xml (RunModel)" time="2.047" />
  <testcase classname="ptolemy.util.test.junit.AutoKnownFailedTests" name="[1] /home/travis/build/icyphy/ptII/ptolemy/domains/de/test/auto/knownFailedTests/DirectFeedback.xml (RunModel)" time="0.01" />
  <testcase classname="ptolemy.util.test.junit.AutoKnownFailedTests" name="[2] /home/travis/build/icyphy/ptII/ptolemy/domains/de/test/auto/knownFailedTests/FSMSource.xml (RunModel)" time="0.046" />
  <testcase classname="ptolemy.util.test.junit.AutoKnownFailedTests" name="[3] /home/travis/build/icyphy/ptII/ptolemy/domains/de/test/auto/knownFailedTests/HierarchicalModel.xml (RunModel)" time="0.038" />
  <testcase classname="ptolemy.util.test.junit.AutoKnownFailedTests" name="[4] /home/travis/build/icyphy/ptII/ptolemy/domains/de/test/auto/knownFailedTests/dependencyLoop.xml (RunModel)" time="0.041" />
  <testcase classname="ptolemy.util.test.junit.AutoKnownFailedTests" name="[5] /home/travis/build/icyphy/ptII/ptolemy/domains/de/test/auto/knownFailedTests/dependencyLoop2.xml (RunModel)" time="0.047" />
  <testcase classname="ptolemy.util.test.junit.AutoNameArchTests" name="[0] ThereAreNoAutoArchTests (RunModel)" time="0.001" />
  <testcase classname="ptolemy.util.test.junit.AutoTests" name="[0] /home/travis/build/icyphy/ptII/ptolemy/domains/de/test/auto/ActorDepthCalculation_actorWithoutPorts.xml (RunModel)" time="0.021" />
  <testcase classname="ptolemy.util.test.junit.AutoTests" name="[1] /home/travis/build/icyphy/ptII/ptolemy/domains/de/test/auto/AssemblyLine.xml (RunModel)" time="0.026" />
  <testcase classname="ptolemy.util.test.junit.AutoTests" name="[2] /home/travis/build/icyphy/ptII/ptolemy/domains/de/test/auto/CQBug1.xml (RunModel)" time="0.012" />
  <testcase classname="ptolemy.util.test.junit.AutoTests" name="[3] /home/travis/build/icyphy/ptII/ptolemy/domains/de/test/auto/CancelFireAt.xml (RunModel)" time="0.021" />
  <testcase classname="ptolemy.util.test.junit.AutoTests" name="[4] /home/travis/build/icyphy/ptII/ptolemy/domains/de/test/auto/CausalityAndComposabilityAnalysis.xml (RunModel)" time="0.024" />
  <testcase classname="ptolemy.util.test.junit.AutoTests" name="[5] /home/travis/build/icyphy/ptII/ptolemy/domains/de/test/auto/CausalityInterface1.xml (RunModel)" time="0.018" />
  <testcase classname="ptolemy.util.test.junit.AutoTests" name="[6] /home/travis/build/icyphy/ptII/ptolemy/domains/de/test/auto/CausalityInterface15.xml (RunModel)" time="0.012" />
  <testcase classname="ptolemy.util.test.junit.AutoTests" name="[7] /home/travis/build/icyphy/ptII/ptolemy/domains/de/test/auto/CausalityInterface2.xml (RunModel)" time="0.014" />
  <testcase classname="ptolemy.util.test.junit.AutoTests" name="[8] /home/travis/build/icyphy/ptII/ptolemy/domains/de/test/auto/CausalityInterface3.xml (RunModel)" time="0.012" />
  <testcase classname="ptolemy.util.test.junit.AutoTests" name="[9] /home/travis/build/icyphy/ptII/ptolemy/domains/de/test/auto/ClockDrift.xml (RunModel)" time="0.038" />
  <testcase classname="ptolemy.util.test.junit.AutoTests" name="[10] /home/travis/build/icyphy/ptII/ptolemy/domains/de/test/auto/ClockDriftAndValueChange.xml (RunModel)" time="0.029" />
  <testcase classname="ptolemy.util.test.junit.AutoTests" name="[11] /home/travis/build/icyphy/ptII/ptolemy/domains/de/test/auto/ClockDriftChange.xml (RunModel)" time="0.031" />
  <testcase classname="ptolemy.util.test.junit.AutoTests" name="[12] /home/travis/build/icyphy/ptII/ptolemy/domains/de/test/auto/ComposableCausalityAnalysis.xml (RunModel)" time="0.014" />
  <testcase classname="ptolemy.util.test.junit.AutoTests" name="[13] /home/travis/build/icyphy/ptII/ptolemy/domains/de/test/auto/DEFixedPointLimitation.xml (RunModel)" time="0.009" />
  <testcase classname="ptolemy.util.test.junit.AutoTests" name="[14] /home/travis/build/icyphy/ptII/ptolemy/domains/de/test/auto/DEScheduleTest.xml (RunModel)" time="0.01" />
  <testcase classname="ptolemy.util.test.junit.AutoTests" name="[15] /home/travis/build/icyphy/ptII/ptolemy/domains/de/test/auto/DEinDEwithStartTimes.xml (RunModel)" time="0.012" />
  <testcase classname="ptolemy.util.test.junit.AutoTests" name="[16] /home/travis/build/icyphy/ptII/ptolemy/domains/de/test/auto/DEinDEwithStartTimes2.xml (RunModel)" time="0.018" />
  <testcase classname="ptolemy.util.test.junit.AutoTests" name="[17] /home/travis/build/icyphy/ptII/ptolemy/domains/de/test/auto/DateDemo.xml (RunModel)" time="0.03" />
  <testcase classname="ptolemy.util.test.junit.AutoTests" name="[18] /home/travis/build/icyphy/ptII/ptolemy/domains/de/test/auto/DateToEvent.xml (RunModel)" time="2.04" />
  <testcase classname="ptolemy.util.test.junit.AutoTests" name="[19] /home/travis/build/icyphy/ptII/ptolemy/domains/de/test/auto/DepthTest1.xml (RunModel)" time="0.008" />
  <testcase classname="ptolemy.util.test.junit.AutoTests" name="[20] /home/travis/build/icyphy/ptII/ptolemy/domains/de/test/auto/DepthTest2.xml (RunModel)" time="0.02" />
  <testcase classname="ptolemy.util.test.junit.AutoTests" name="[21] /home/travis/build/icyphy/ptII/ptolemy/domains/de/test/auto/DepthTest3.xml (RunModel)" time="0.009" />
  <testcase classname="ptolemy.util.test.junit.AutoTests" name="[22] /home/travis/build/icyphy/ptII/ptolemy/domains/de/test/auto/DepthTest4.xml (RunModel)" time="0.023" />
  <testcase classname="ptolemy.util.test.junit.AutoTests" name="[23] /home/travis/build/icyphy/ptII/ptolemy/domains/de/test/auto/DepthTest5.xml (RunModel)" time="0.018" />
  <testcase classname="ptolemy.util.test.junit.AutoTests" name="[24] /home/travis/build/icyphy/ptII/ptolemy/domains/de/test/auto/DepthTest6.xml (RunModel)" time="0.02" />
  <testcase classname="ptolemy.util.test.junit.AutoTests" name="[25] /home/travis/build/icyphy/ptII/ptolemy/domains/de/test/auto/DepthTest7.xml (RunModel)" time="0.012" />
  <testcase classname="ptolemy.util.test.junit.AutoTests" name="[26] /home/travis/build/icyphy/ptII/ptolemy/domains/de/test/auto/EventToDate.xml (RunModel)" time="3.035" />
  <testcase classname="ptolemy.util.test.junit.AutoTests" name="[27] /home/travis/build/icyphy/ptII/ptolemy/domains/de/test/auto/FSM1.xml (RunModel)" time="0.041" />
  <testcase classname="ptolemy.util.test.junit.AutoTests" name="[28] /home/travis/build/icyphy/ptII/ptolemy/domains/de/test/auto/FSM7.xml (RunModel)" time="0.04" />
  <testcase classname="ptolemy.util.test.junit.AutoTests" name="[29] /home/travis/build/icyphy/ptII/ptolemy/domains/de/test/auto/Inspection.xml (RunModel)" time="0.046" />
  <testcase classname="ptolemy.util.test.junit.AutoTests" name="[30] /home/travis/build/icyphy/ptII/ptolemy/domains/de/test/auto/Iteration.xml (RunModel)" time="0.028" />
  <testcase classname="ptolemy.util.test.junit.AutoTests" name="[31] /home/travis/build/icyphy/ptII/ptolemy/domains/de/test/auto/LineFault.xml (RunModel)" time="0.65" />
  <testcase classname="ptolemy.util.test.junit.AutoTests" name="[32] /home/travis/build/icyphy/ptII/ptolemy/domains/de/test/auto/MergeModel1Add.xml (RunModel)" time="0.056" />
  <testcase classname="ptolemy.util.test.junit.AutoTests" name="[33] /home/travis/build/icyphy/ptII/ptolemy/domains/de/test/auto/MergeModel2Add.xml (RunModel)" time="0.034" />
  <testcase classname="ptolemy.util.test.junit.AutoTests" name="[34] /home/travis/build/icyphy/ptII/ptolemy/domains/de/test/auto/MergeModel3Add.xml (RunModel)" time="0.046" />
  <testcase classname="ptolemy.util.test.junit.AutoTests" name="[35] /home/travis/build/icyphy/ptII/ptolemy/domains/de/test/auto/MergeWithoutDiscard.xml (RunModel)" time="0.015" />
  <testcase classname="ptolemy.util.test.junit.AutoTests" name="[36] /home/travis/build/icyphy/ptII/ptolemy/domains/de/test/auto/Modal1.xml (RunModel)" time="0.036" />
  <testcase classname="ptolemy.util.test.junit.AutoTests" name="[37] /home/travis/build/icyphy/ptII/ptolemy/domains/de/test/auto/Modal2.xml (RunModel)" time="0.035" />
  <testcase classname="ptolemy.util.test.junit.AutoTests" name="[38] /home/travis/build/icyphy/ptII/ptolemy/domains/de/test/auto/Modal3.xml (RunModel)" time="0.027" />
  <testcase classname="ptolemy.util.test.junit.AutoTests" name="[39] /home/travis/build/icyphy/ptII/ptolemy/domains/de/test/auto/Modal4.xml (RunModel)" time="0.037" />
  <testcase classname="ptolemy.util.test.junit.AutoTests" name="[40] /home/travis/build/icyphy/ptII/ptolemy/domains/de/test/auto/Modal5.xml (RunModel)" time="0.029" />
  <testcase classname="ptolemy.util.test.junit.AutoTests" name="[41] /home/travis/build/icyphy/ptII/ptolemy/domains/de/test/auto/Modal6.xml (RunModel)" time="0.027" />
  <testcase classname="ptolemy.util.test.junit.AutoTests" name="[42] /home/travis/build/icyphy/ptII/ptolemy/domains/de/test/auto/Modal7.xml (RunModel)" time="0.031" />
  <testcase classname="ptolemy.util.test.junit.AutoTests" name="[43] /home/travis/build/icyphy/ptII/ptolemy/domains/de/test/auto/ModalModel.xml (RunModel)" time="0.17" />
  <testcase classname="ptolemy.util.test.junit.AutoTests" name="[44] /home/travis/build/icyphy/ptII/ptolemy/domains/de/test/auto/ModalSource.xml (RunModel)" time="0.019" />
  <testcase classname="ptolemy.util.test.junit.AutoTests" name="[45] /home/travis/build/icyphy/ptII/ptolemy/domains/de/test/auto/NonInterruptibleTimerZeroDelay.xml (RunModel)" time="0.011" />
  <testcase classname="ptolemy.util.test.junit.AutoTests" name="[46] /home/travis/build/icyphy/ptII/ptolemy/domains/de/test/auto/OpenQueueingNetwork.xml (RunModel)" time="2.367" />
  <testcase classname="ptolemy.util.test.junit.AutoTests" name="[47] /home/travis/build/icyphy/ptII/ptolemy/domains/de/test/auto/OpenQueuingNetwork.xml (RunModel)" time="0.257" />
  <testcase classname="ptolemy.util.test.junit.AutoTests" name="[48] /home/travis/build/icyphy/ptII/ptolemy/domains/de/test/auto/PeriodicSampler.xml (RunModel)" time="0.011" />
  <testcase classname="ptolemy.util.test.junit.AutoTests" name="[49] /home/travis/build/icyphy/ptII/ptolemy/domains/de/test/auto/PersistentIO.xml (RunModel)" time="0.023" />
  <testcase classname="ptolemy.util.test.junit.AutoTests" name="[50] /home/travis/build/icyphy/ptII/ptolemy/domains/de/test/auto/PortParameterResetOnInitialize.xml (RunModel)" time="0.011" />
  <testcase classname="ptolemy.util.test.junit.AutoTests" name="[51] /home/travis/build/icyphy/ptII/ptolemy/domains/de/test/auto/PortParameterUpdates.xml (RunModel)" time="0.017" />
  <testcase classname="ptolemy.util.test.junit.AutoTests" name="[52] /home/travis/build/icyphy/ptII/ptolemy/domains/de/test/auto/QueueAndServer.xml (RunModel)" time="0.022" />
  <testcase classname="ptolemy.util.test.junit.AutoTests" name="[53] /home/travis/build/icyphy/ptII/ptolemy/domains/de/test/auto/Records.xml (RunModel)" time="0.013" />
  <testcase classname="ptolemy.util.test.junit.AutoTests" name="[54] /home/travis/build/icyphy/ptII/ptolemy/domains/de/test/auto/ResetTransitionWithStartTime1.xml (RunModel)" time="0.018" />
  <testcase classname="ptolemy.util.test.junit.AutoTests" name="[55] /home/travis/build/icyphy/ptII/ptolemy/domains/de/test/auto/ResetTransitionWithStartTime2.xml (RunModel)" time="0.019" />
  <testcase classname="ptolemy.util.test.junit.AutoTests" name="[56] /home/travis/build/icyphy/ptII/ptolemy/domains/de/test/auto/ResetTransitionWithStartTime3.xml (RunModel)" time="0.02" />
  <testcase classname="ptolemy.util.test.junit.AutoTests" name="[57] /home/travis/build/icyphy/ptII/ptolemy/domains/de/test/auto/ResetTransitionWithStartTime4.xml (RunModel)" time="0.02" />
  <testcase classname="ptolemy.util.test.junit.AutoTests" name="[58] /home/travis/build/icyphy/ptII/ptolemy/domains/de/test/auto/ResettableTimer1.xml (RunModel)" time="0.009" />
  <testcase classname="ptolemy.util.test.junit.AutoTests" name="[59] /home/travis/build/icyphy/ptII/ptolemy/domains/de/test/auto/ResettableTimer2.xml (RunModel)" time="0.009" />
  <testcase classname="ptolemy.util.test.junit.AutoTests" name="[60] /home/travis/build/icyphy/ptII/ptolemy/domains/de/test/auto/ResettableTimer3.xml (RunModel)" time="0.009" />
  <testcase classname="ptolemy.util.test.junit.AutoTests" name="[61] /home/travis/build/icyphy/ptII/ptolemy/domains/de/test/auto/ResettableTimer4.xml (RunModel)" time="0.01" />
  <testcase classname="ptolemy.util.test.junit.AutoTests" name="[62] /home/travis/build/icyphy/ptII/ptolemy/domains/de/test/auto/ResettableTimer5.xml (RunModel)" time="0.01" />
  <testcase classname="ptolemy.util.test.junit.AutoTests" name="[63] /home/travis/build/icyphy/ptII/ptolemy/domains/de/test/auto/ResettableTimer6.xml (RunModel)" time="0.016" />
  <testcase classname="ptolemy.util.test.junit.AutoTests" name="[64] /home/travis/build/icyphy/ptII/ptolemy/domains/de/test/auto/ServerZeroDelay.xml (RunModel)" time="0.009" />
  <testcase classname="ptolemy.util.test.junit.AutoTests" name="[65] /home/travis/build/icyphy/ptII/ptolemy/domains/de/test/auto/SmartSender.xml (RunModel)" time="3.008" />
  <testcase classname="ptolemy.util.test.junit.AutoTests" name="[66] /home/travis/build/icyphy/ptII/ptolemy/domains/de/test/auto/ThreadedComposite.xml (RunModel)" time="0.279" />
  <testcase classname="ptolemy.util.test.junit.AutoTests" name="[67] /home/travis/build/icyphy/ptII/ptolemy/domains/de/test/auto/Time.xml (RunModel)" time="0.355" />
  <testcase classname="ptolemy.util.test.junit.AutoTests" name="[68] /home/travis/build/icyphy/ptII/ptolemy/domains/de/test/auto/TimeDelayZeroDelay.xml (RunModel)" time="0.011" />
  <testcase classname="ptolemy.util.test.junit.AutoTests" name="[69] /home/travis/build/icyphy/ptII/ptolemy/domains/de/test/auto/TimerZeroDelay.xml (RunModel)" time="0.009" />
  <testcase classname="ptolemy.util.test.junit.AutoTests" name="[70] /home/travis/build/icyphy/ptII/ptolemy/domains/de/test/auto/TimingParadox.xml (RunModel)" time="0.276" />
  <testcase classname="ptolemy.util.test.junit.AutoTests" name="[71] /home/travis/build/icyphy/ptII/ptolemy/domains/de/test/auto/TransferInputs.xml (RunModel)" time="0.015" />
  <testcase classname="ptolemy.util.test.junit.AutoTests" name="[72] /home/travis/build/icyphy/ptII/ptolemy/domains/de/test/auto/TransferOutputs2.xml (RunModel)" time="0.019" />
  <testcase classname="ptolemy.util.test.junit.AutoTests" name="[73] /home/travis/build/icyphy/ptII/ptolemy/domains/de/test/auto/Trilateration.xml (RunModel)" time="11.136" />
  <testcase classname="ptolemy.util.test.junit.AutoTests" name="[74] /home/travis/build/icyphy/ptII/ptolemy/domains/de/test/auto/TwoSigmaDelta.xml (RunModel)" time="1.918" />
  <testcase classname="ptolemy.util.test.junit.AutoTests" name="[75] /home/travis/build/icyphy/ptII/ptolemy/domains/de/test/auto/VariableDelay.xml (RunModel)" time="0.01" />
  <testcase classname="ptolemy.util.test.junit.AutoTests" name="[76] /home/travis/build/icyphy/ptII/ptolemy/domains/de/test/auto/VariableDelay2.xml (RunModel)" time="0.008" />
  <testcase classname="ptolemy.util.test.junit.AutoTests" name="[77] /home/travis/build/icyphy/ptII/ptolemy/domains/de/test/auto/VariableDelayZeroDelay.xml (RunModel)" time="0.022" />
  <testcase classname="ptolemy.util.test.junit.AutoTests" name="[78] /home/travis/build/icyphy/ptII/ptolemy/domains/de/test/auto/VariableDelayZeroDelay2.xml (RunModel)" time="0.019" />
  <testcase classname="ptolemy.util.test.junit.AutoTests" name="[79] /home/travis/build/icyphy/ptII/ptolemy/domains/de/test/auto/deInCt.xml (RunModel)" time="0.015" />
  <testcase classname="ptolemy.util.test.junit.AutoTests" name="[80] /home/travis/build/icyphy/ptII/ptolemy/domains/de/test/auto/deInCt2.xml (RunModel)" time="0.013" />
  <testcase classname="ptolemy.util.test.junit.AutoTests" name="[81] /home/travis/build/icyphy/ptII/ptolemy/domains/de/test/auto/dynamicCausalityInterface1.xml (RunModel)" time="0.018" />
  <testcase classname="ptolemy.util.test.junit.AutoTests" name="[82] /home/travis/build/icyphy/ptII/ptolemy/domains/de/test/auto/fsm_de_test.xml (RunModel)" time="0.023" />
  <testcase classname="ptolemy.util.test.junit.AutoTests" name="[83] /home/travis/build/icyphy/ptII/ptolemy/domains/de/test/auto/functionDependencyReconstruction.xml (RunModel)" time="0.032" />
  <testcase classname="ptolemy.util.test.junit.AutoTests" name="[84] /home/travis/build/icyphy/ptII/ptolemy/domains/de/test/auto/multirate.xml (RunModel)" time="0.014" />
  <testcase classname="ptolemy.util.test.junit.AutoTests" name="[85] /home/travis/build/icyphy/ptII/ptolemy/domains/de/test/auto/multirate2.xml (RunModel)" time="0.014" />
  <testcase classname="ptolemy.util.test.junit.AutoTests" name="[86] /home/travis/build/icyphy/ptII/ptolemy/domains/de/test/auto/realtime.xml (RunModel)" time="10.009" />
  <testcase classname="ptolemy.util.test.junit.AutoTests" name="[87] /home/travis/build/icyphy/ptII/ptolemy/domains/de/test/auto/relationGroup.xml (RunModel)" time="0.007" />
  <testcase classname="ptolemy.util.test.junit.AutoTests" name="[88] /home/travis/build/icyphy/ptII/ptolemy/domains/de/test/auto/relationGroup2.xml (RunModel)" time="0.01" />
  <testcase classname="ptolemy.util.test.junit.AutoTests" name="[89] /home/travis/build/icyphy/ptII/ptolemy/domains/de/test/auto/sortWithOpaquePorts.xml (RunModel)" time="0.015" />
  <testcase classname="ptolemy.util.test.junit.AutoTests" name="[90] /home/travis/build/icyphy/ptII/ptolemy/domains/de/test/auto/transferInputsandOutputs.xml (RunModel)" time="0.018" />
  <testcase classname="ptolemy.util.test.junit.AutoTests" name="[91] /home/travis/build/icyphy/ptII/ptolemy/domains/de/test/auto/triggerType.xml (RunModel)" time="0.012" />
  <system-out><![CDATA[/home/travis/build/icyphy/ptII/ptolemy/domains/de/test/DependencyLoop.tcl
testDefs.tcl: setting time out to 9000 seconds at Wed Oct 07 15:44:08 UTC 2020
92 ms. Memory: 129024K Free: 78788K (61%)
26 ms. Memory: 129024K Free: 61859K (48%)
/home/travis/build/icyphy/ptII/ptolemy/domains/de/test/RunDETestsAsQSS.tcl
Run the DE tests using ptolemy.domains.qss.test.QSSDirectorTest, which extends QSSDirector and prints a message in the constructors.
------------------ testing $PTII/ptolemy/domains/de/test/auto/knownFailedTests/DirectFeedback.xml (Known Failure) 
31 ms. Memory: 129024K Free: 55746K (43%)


==== $PTIIhome/travis/build/icyphy/ptII/ptolemy/domains/de/test/../../../../: Auto Automatic test in file $PTII/ptolemy/domains/de/test/auto/knownFailedTests/DirectFeedback.xml
==== Contents of test case:

	    # FIXME: we should use $relativeFilename here, but it
	    # might have backslashes under Windows, which causes no end
	    # of trouble.
	    createAndExecute $file
	    list {}
	
.... Test generated KNOWN error:
    while executing
ptolemy.kernel.util.IllegalActionException: Test fails in iteration 1.
Value was: 1.0. Should have been: 2.0
  in .DirectFeedback.Test
	at ptolemy.actor.lib.Test.fire(Test.java:268)
	at ptolemy.domains.de.kernel.DEDirector._fire(DEDirector.java:1949)
	at ptolemy.domains.de.kernel.DEDirector.fire(DEDirector.java:502)
	at ptolemy.actor.CompositeActor.fire(CompositeActor.java:455)
	at ptolemy.actor.Manager.iterate(Manager.java:851)
	at ptolemy.actor.Manager.execute(Manager.java:369)
	at ptolemy.actor.Manager.run(Manager.java:1263)
	at ptolemy.actor.Manager$PtolemyRunThread.run(Manager.java:1933)

    while executing
ptolemy.kernel.util.IllegalActionException: Test fails in iteration 1.
Value was: 1.0. Should have been: 2.0
  in .DirectFeedback.Test
    while executing
"java::new ptolemy.moml.MoMLSimpleApplication $file
"
    (procedure "createAndExecute" line 2)
    invoked from within
"createAndExecute $file"
    ("uplevel" body line 5)
    invoked from within
"uplevel $contents_of_test"
------------------ testing $PTII/ptolemy/domains/de/test/auto/knownFailedTests/dependencyLoop.xml (Known Failure) 
17 ms. Memory: 129024K Free: 52164K (40%)


==== $PTIIhome/travis/build/icyphy/ptII/ptolemy/domains/de/test/../../../../: Auto Automatic test in file $PTII/ptolemy/domains/de/test/auto/knownFailedTests/dependencyLoop.xml
==== Contents of test case:

	    # FIXME: we should use $relativeFilename here, but it
	    # might have backslashes under Windows, which causes no end
	    # of trouble.
	    createAndExecute $file
	    list {}
	
.... Test generated KNOWN error:
    while executing
ptolemy.kernel.util.IllegalActionException: Found a zero delay loop containing .dependencyLoop.original
  in .dependencyLoop and .dependencyLoop.original
	at ptolemy.actor.util.CausalityInterfaceForComposites._computeOutputPortDepth(CausalityInterfaceForComposites.java:759)
	at ptolemy.actor.util.CausalityInterfaceForComposites._computeInputDepth(CausalityInterfaceForComposites.java:696)
	at ptolemy.actor.util.CausalityInterfaceForComposites._computeOutputPortDepth(CausalityInterfaceForComposites.java:765)
	at ptolemy.actor.util.CausalityInterfaceForComposites._computeInputDepth(CausalityInterfaceForComposites.java:696)
	at ptolemy.actor.util.CausalityInterfaceForComposites._computeOutputPortDepth(CausalityInterfaceForComposites.java:765)
	at ptolemy.actor.util.CausalityInterfaceForComposites._computeInputDepth(CausalityInterfaceForComposites.java:696)
	at ptolemy.actor.util.CausalityInterfaceForComposites._computeActorDepth(CausalityInterfaceForComposites.java:532)
	at ptolemy.actor.util.CausalityInterfaceForComposites.checkForCycles(CausalityInterfaceForComposites.java:96)
	at ptolemy.domains.de.kernel.DEDirector.preinitialize(DEDirector.java:1338)
	at ptolemy.actor.CompositeActor.preinitialize(CompositeActor.java:1828)
	at ptolemy.actor.Manager.preinitializeAndResolveTypes(Manager.java:1040)
	at ptolemy.actor.Manager.initialize(Manager.java:710)
	at ptolemy.actor.Manager.execute(Manager.java:356)
	at ptolemy.actor.Manager.run(Manager.java:1263)
	at ptolemy.actor.Manager$PtolemyRunThread.run(Manager.java:1933)

    while executing
ptolemy.kernel.util.IllegalActionException: Found a zero delay loop containing .dependencyLoop.original
  in .dependencyLoop and .dependencyLoop.original
    while executing
"java::new ptolemy.moml.MoMLSimpleApplication $file
"
    (procedure "createAndExecute" line 2)
    invoked from within
"createAndExecute $file"
    ("uplevel" body line 5)
    invoked from within
"uplevel $contents_of_test"
------------------ testing $PTII/ptolemy/domains/de/test/auto/knownFailedTests/FSMSource.xml (Known Failure) 
57 ms. Memory: 129024K Free: 110997K (86%)
!!!! Auto was marked as failing, but now passes
------------------ testing $PTII/ptolemy/domains/de/test/auto/knownFailedTests/HierarchicalModel.xml (Known Failure) 
12 ms. Memory: 129024K Free: 93581K (73%)


==== $PTIIhome/travis/build/icyphy/ptII/ptolemy/domains/de/test/../../../../: Auto Automatic test in file $PTII/ptolemy/domains/de/test/auto/knownFailedTests/HierarchicalModel.xml
==== Contents of test case:

	    # FIXME: we should use $relativeFilename here, but it
	    # might have backslashes under Windows, which causes no end
	    # of trouble.
	    createAndExecute $file
	    list {}
	
.... Test generated KNOWN error:
    while executing
ptolemy.kernel.util.IllegalActionException: Found a zero delay loop containing .HierarchicalModel.A
  in .HierarchicalModel and .HierarchicalModel.A
	at ptolemy.actor.util.CausalityInterfaceForComposites._computeOutputPortDepth(CausalityInterfaceForComposites.java:759)
	at ptolemy.actor.util.CausalityInterfaceForComposites._computeInputDepth(CausalityInterfaceForComposites.java:696)
	at ptolemy.actor.util.CausalityInterfaceForComposites._computeOutputPortDepth(CausalityInterfaceForComposites.java:765)
	at ptolemy.actor.util.CausalityInterfaceForComposites._computeInputDepth(CausalityInterfaceForComposites.java:696)
	at ptolemy.actor.util.CausalityInterfaceForComposites._computeOutputPortDepth(CausalityInterfaceForComposites.java:765)
	at ptolemy.actor.util.CausalityInterfaceForComposites._computeInputDepth(CausalityInterfaceForComposites.java:696)
	at ptolemy.actor.util.CausalityInterfaceForComposites._computeActorDepth(CausalityInterfaceForComposites.java:532)
	at ptolemy.actor.util.CausalityInterfaceForComposites.checkForCycles(CausalityInterfaceForComposites.java:96)
	at ptolemy.domains.de.kernel.DEDirector.preinitialize(DEDirector.java:1338)
	at ptolemy.actor.CompositeActor.preinitialize(CompositeActor.java:1828)
	at ptolemy.actor.Manager.preinitializeAndResolveTypes(Manager.java:1040)
	at ptolemy.actor.Manager.initialize(Manager.java:710)
	at ptolemy.actor.Manager.execute(Manager.java:356)
	at ptolemy.actor.Manager.run(Manager.java:1263)
	at ptolemy.actor.Manager$PtolemyRunThread.run(Manager.java:1933)

    while executing
ptolemy.kernel.util.IllegalActionException: Found a zero delay loop containing .HierarchicalModel.A
  in .HierarchicalModel and .HierarchicalModel.A
    while executing
"java::new ptolemy.moml.MoMLSimpleApplication $file
"
    (procedure "createAndExecute" line 2)
    invoked from within
"createAndExecute $file"
    ("uplevel" body line 5)
    invoked from within
"uplevel $contents_of_test"
------------------ testing $PTII/ptolemy/domains/de/test/auto/knownFailedTests/dependencyLoop2.xml (Known Failure) 
9 ms. Memory: 129024K Free: 77227K (60%)


==== $PTIIhome/travis/build/icyphy/ptII/ptolemy/domains/de/test/../../../../: Auto Automatic test in file $PTII/ptolemy/domains/de/test/auto/knownFailedTests/dependencyLoop2.xml
==== Contents of test case:

	    # FIXME: we should use $relativeFilename here, but it
	    # might have backslashes under Windows, which causes no end
	    # of trouble.
	    createAndExecute $file
	    list {}
	
.... Test generated KNOWN error:
    while executing
ptolemy.kernel.util.IllegalActionException: Found a zero delay loop containing .dependencyLoop2.original
  in .dependencyLoop2 and .dependencyLoop2.original
	at ptolemy.actor.util.CausalityInterfaceForComposites._computeOutputPortDepth(CausalityInterfaceForComposites.java:759)
	at ptolemy.actor.util.CausalityInterfaceForComposites._computeInputDepth(CausalityInterfaceForComposites.java:696)
	at ptolemy.actor.util.CausalityInterfaceForComposites._computeOutputPortDepth(CausalityInterfaceForComposites.java:765)
	at ptolemy.actor.util.CausalityInterfaceForComposites._computeInputDepth(CausalityInterfaceForComposites.java:696)
	at ptolemy.actor.util.CausalityInterfaceForComposites._computeOutputPortDepth(CausalityInterfaceForComposites.java:765)
	at ptolemy.actor.util.CausalityInterfaceForComposites._computeInputDepth(CausalityInterfaceForComposites.java:696)
	at ptolemy.actor.util.CausalityInterfaceForComposites._computeActorDepth(CausalityInterfaceForComposites.java:532)
	at ptolemy.actor.util.CausalityInterfaceForComposites.checkForCycles(CausalityInterfaceForComposites.java:96)
	at ptolemy.domains.de.kernel.DEDirector.preinitialize(DEDirector.java:1338)
	at ptolemy.actor.CompositeActor.preinitialize(CompositeActor.java:1828)
	at ptolemy.actor.Manager.preinitializeAndResolveTypes(Manager.java:1040)
	at ptolemy.actor.Manager.initialize(Manager.java:710)
	at ptolemy.actor.Manager.execute(Manager.java:356)
	at ptolemy.actor.Manager.run(Manager.java:1263)
	at ptolemy.actor.Manager$PtolemyRunThread.run(Manager.java:1933)

    while executing
ptolemy.kernel.util.IllegalActionException: Found a zero delay loop containing .dependencyLoop2.original
  in .dependencyLoop2 and .dependencyLoop2.original
    while executing
"java::new ptolemy.moml.MoMLSimpleApplication $file
"
    (procedure "createAndExecute" line 2)
    invoked from within
"createAndExecute $file"
    ("uplevel" body line 5)
    invoked from within
"uplevel $contents_of_test"
------------------ testing $PTII/ptolemy/domains/de/test/auto/knownFailedTests/DESDFClockTest.xml (Known Failure) 
2059 ms. Memory: 129024K Free: 107149K (83%)


==== $PTIIhome/travis/build/icyphy/ptII/ptolemy/domains/de/test/../../../../: Auto Automatic test in file $PTII/ptolemy/domains/de/test/auto/knownFailedTests/DESDFClockTest.xml
==== Contents of test case:

	    # FIXME: we should use $relativeFilename here, but it
	    # might have backslashes under Windows, which causes no end
	    # of trouble.
	    createAndExecute $file
	    list {}
	
.... Test generated KNOWN error:
    while executing
ptolemy.kernel.util.IllegalActionException: Actor is not ready to fire.  Perhaps UpSample.prefire() returned false? Try debugging the actor by selecting "Listen to Actor".  Also, for SDF check moml for tokenConsumptionRate on input.
  in .DESDFClockTest.Play Bell.Copy1:SDF Director and .DESDFClockTest.Play Bell.UpSample
	at ptolemy.actor.sched.StaticSchedulingDirector.fire(StaticSchedulingDirector.java:227)
	at ptolemy.domains.sdf.kernel.SDFDirector.fire(SDFDirector.java:500)
	at ptolemy.actor.CompositeActor.fire(CompositeActor.java:455)
	at ptolemy.domains.de.kernel.DEDirector._fire(DEDirector.java:1949)
	at ptolemy.domains.de.kernel.DEDirector.fire(DEDirector.java:502)
	at ptolemy.actor.CompositeActor.fire(CompositeActor.java:455)
	at ptolemy.actor.Manager.iterate(Manager.java:851)
	at ptolemy.actor.Manager.execute(Manager.java:369)
	at ptolemy.actor.Manager.run(Manager.java:1263)
	at ptolemy.actor.Manager$PtolemyRunThread.run(Manager.java:1933)

    while executing
ptolemy.kernel.util.IllegalActionException: Actor is not ready to fire.  Perhaps UpSample.prefire() returned false? Try debugging the actor by selecting "Listen to Actor".  Also, for SDF check moml for tokenConsumptionRate on input.
  in .DESDFClockTest.Play Bell.Copy1:SDF Director and .DESDFClockTest.Play Bell.UpSample
    while executing
"java::new ptolemy.moml.MoMLSimpleApplication $file
"
    (procedure "createAndExecute" line 2)
    invoked from within
"createAndExecute $file"
    ("uplevel" body line 5)
    invoked from within
"uplevel $contents_of_test"
------------------ testing $PTII/ptolemy/domains/de/test/auto/ActorDepthCalculation_actorWithoutPorts.xml
auto.tcl: Setting watchdog for 200 seconds at Wed Oct 07 15:44:11 UTC 2020
8 ms. Memory: 129024K Free: 99453K (77%)
ptolemy.util.test.WatchDog.cancel(): canceling Wed Oct 07 15:44:12 UTC 2020
auto.tcl: Setting watchdog for 200 seconds at Wed Oct 07 15:44:12 UTC 2020
11 ms. Memory: 129024K Free: 97933K (76%)
ptolemy.util.test.WatchDog.cancel(): canceling Wed Oct 07 15:44:12 UTC 2020
------------------ testing $PTII/ptolemy/domains/de/test/auto/AssemblyLine.xml
auto.tcl: Setting watchdog for 200 seconds at Wed Oct 07 15:44:12 UTC 2020
17 ms. Memory: 51200K Free: 27928K (55%)
ptolemy.util.test.WatchDog.cancel(): canceling Wed Oct 07 15:44:12 UTC 2020
auto.tcl: Setting watchdog for 200 seconds at Wed Oct 07 15:44:12 UTC 2020
6 ms. Memory: 51200K Free: 27276K (53%)
ptolemy.util.test.WatchDog.cancel(): canceling Wed Oct 07 15:44:12 UTC 2020
------------------ testing $PTII/ptolemy/domains/de/test/auto/CQBug1.xml
auto.tcl: Setting watchdog for 200 seconds at Wed Oct 07 15:44:12 UTC 2020
2 ms. Memory: 51200K Free: 33258K (65%)
ptolemy.util.test.WatchDog.cancel(): canceling Wed Oct 07 15:44:12 UTC 2020
auto.tcl: Setting watchdog for 200 seconds at Wed Oct 07 15:44:12 UTC 2020
2 ms. Memory: 51200K Free: 33258K (65%)
ptolemy.util.test.WatchDog.cancel(): canceling Wed Oct 07 15:44:12 UTC 2020
------------------ testing $PTII/ptolemy/domains/de/test/auto/CancelFireAt.xml
auto.tcl: Setting watchdog for 200 seconds at Wed Oct 07 15:44:12 UTC 2020
8 ms. Memory: 48128K Free: 31641K (66%)
ptolemy.util.test.WatchDog.cancel(): canceling Wed Oct 07 15:44:12 UTC 2020
auto.tcl: Setting watchdog for 200 seconds at Wed Oct 07 15:44:12 UTC 2020
2 ms. Memory: 48128K Free: 31177K (65%)
ptolemy.util.test.WatchDog.cancel(): canceling Wed Oct 07 15:44:12 UTC 2020
------------------ testing $PTII/ptolemy/domains/de/test/auto/CausalityAndComposabilityAnalysis.xml
auto.tcl: Setting watchdog for 200 seconds at Wed Oct 07 15:44:12 UTC 2020
16 ms. Memory: 48128K Free: 29394K (61%)
ptolemy.util.test.WatchDog.cancel(): canceling Wed Oct 07 15:44:12 UTC 2020
auto.tcl: Setting watchdog for 200 seconds at Wed Oct 07 15:44:12 UTC 2020
4 ms. Memory: 48128K Free: 28962K (60%)
ptolemy.util.test.WatchDog.cancel(): canceling Wed Oct 07 15:44:12 UTC 2020
------------------ testing $PTII/ptolemy/domains/de/test/auto/CausalityInterface1.xml
auto.tcl: Setting watchdog for 200 seconds at Wed Oct 07 15:44:12 UTC 2020
27 ms. Memory: 48128K Free: 28360K (59%)
ptolemy.util.test.WatchDog.cancel(): canceling Wed Oct 07 15:44:13 UTC 2020
auto.tcl: Setting watchdog for 200 seconds at Wed Oct 07 15:44:13 UTC 2020
9 ms. Memory: 48128K Free: 27364K (57%)
ptolemy.util.test.WatchDog.cancel(): canceling Wed Oct 07 15:44:13 UTC 2020
------------------ testing $PTII/ptolemy/domains/de/test/auto/CausalityInterface15.xml
auto.tcl: Setting watchdog for 200 seconds at Wed Oct 07 15:44:13 UTC 2020
11 ms. Memory: 48128K Free: 28515K (59%)
ptolemy.util.test.WatchDog.cancel(): canceling Wed Oct 07 15:44:13 UTC 2020
auto.tcl: Setting watchdog for 200 seconds at Wed Oct 07 15:44:13 UTC 2020
4 ms. Memory: 48128K Free: 27321K (57%)
ptolemy.util.test.WatchDog.cancel(): canceling Wed Oct 07 15:44:13 UTC 2020
------------------ testing $PTII/ptolemy/domains/de/test/auto/CausalityInterface2.xml
auto.tcl: Setting watchdog for 200 seconds at Wed Oct 07 15:44:13 UTC 2020
6 ms. Memory: 48128K Free: 29019K (60%)
ptolemy.util.test.WatchDog.cancel(): canceling Wed Oct 07 15:44:13 UTC 2020
auto.tcl: Setting watchdog for 200 seconds at Wed Oct 07 15:44:13 UTC 2020
3 ms. Memory: 48128K Free: 28351K (59%)
ptolemy.util.test.WatchDog.cancel(): canceling Wed Oct 07 15:44:13 UTC 2020
------------------ testing $PTII/ptolemy/domains/de/test/auto/CausalityInterface3.xml
auto.tcl: Setting watchdog for 200 seconds at Wed Oct 07 15:44:13 UTC 2020
4 ms. Memory: 48128K Free: 28541K (59%)
ptolemy.util.test.WatchDog.cancel(): canceling Wed Oct 07 15:44:13 UTC 2020
auto.tcl: Setting watchdog for 200 seconds at Wed Oct 07 15:44:13 UTC 2020
3 ms. Memory: 48128K Free: 28111K (58%)
ptolemy.util.test.WatchDog.cancel(): canceling Wed Oct 07 15:44:13 UTC 2020
------------------ testing $PTII/ptolemy/domains/de/test/auto/ClockDrift.xml
auto.tcl: Setting watchdog for 200 seconds at Wed Oct 07 15:44:13 UTC 2020
62 ms. Memory: 48128K Free: 21125K (44%)
ptolemy.util.test.WatchDog.cancel(): canceling Wed Oct 07 15:44:13 UTC 2020
auto.tcl: Setting watchdog for 200 seconds at Wed Oct 07 15:44:13 UTC 2020
50 ms. Memory: 48128K Free: 18110K (38%)
ptolemy.util.test.WatchDog.cancel(): canceling Wed Oct 07 15:44:13 UTC 2020
------------------ testing $PTII/ptolemy/domains/de/test/auto/ClockDriftAndValueChange.xml
auto.tcl: Setting watchdog for 200 seconds at Wed Oct 07 15:44:13 UTC 2020
40 ms. Memory: 48128K Free: 21520K (45%)
ptolemy.util.test.WatchDog.cancel(): canceling Wed Oct 07 15:44:13 UTC 2020
auto.tcl: Setting watchdog for 200 seconds at Wed Oct 07 15:44:13 UTC 2020
29 ms. Memory: 48128K Free: 18369K (38%)
ptolemy.util.test.WatchDog.cancel(): canceling Wed Oct 07 15:44:13 UTC 2020
------------------ testing $PTII/ptolemy/domains/de/test/auto/ClockDriftChange.xml
auto.tcl: Setting watchdog for 200 seconds at Wed Oct 07 15:44:13 UTC 2020
17 ms. Memory: 48128K Free: 23250K (48%)
ptolemy.util.test.WatchDog.cancel(): canceling Wed Oct 07 15:44:13 UTC 2020
auto.tcl: Setting watchdog for 200 seconds at Wed Oct 07 15:44:13 UTC 2020
27 ms. Memory: 48128K Free: 20675K (43%)
ptolemy.util.test.WatchDog.cancel(): canceling Wed Oct 07 15:44:13 UTC 2020
------------------ testing $PTII/ptolemy/domains/de/test/auto/ComposableCausalityAnalysis.xml
auto.tcl: Setting watchdog for 200 seconds at Wed Oct 07 15:44:13 UTC 2020
2 ms. Memory: 48128K Free: 27917K (58%)
ptolemy.util.test.WatchDog.cancel(): canceling Wed Oct 07 15:44:13 UTC 2020
auto.tcl: Setting watchdog for 200 seconds at Wed Oct 07 15:44:13 UTC 2020
4 ms. Memory: 48128K Free: 26854K (56%)
ptolemy.util.test.WatchDog.cancel(): canceling Wed Oct 07 15:44:13 UTC 2020
------------------ testing $PTII/ptolemy/domains/de/test/auto/DEFixedPointLimitation.xml
auto.tcl: Setting watchdog for 200 seconds at Wed Oct 07 15:44:13 UTC 2020
2 ms. Memory: 48128K Free: 29177K (61%)
ptolemy.util.test.WatchDog.cancel(): canceling Wed Oct 07 15:44:13 UTC 2020
auto.tcl: Setting watchdog for 200 seconds at Wed Oct 07 15:44:13 UTC 2020
1 ms. Memory: 48128K Free: 28315K (59%)
ptolemy.util.test.WatchDog.cancel(): canceling Wed Oct 07 15:44:13 UTC 2020
------------------ testing $PTII/ptolemy/domains/de/test/auto/DEScheduleTest.xml
auto.tcl: Setting watchdog for 200 seconds at Wed Oct 07 15:44:13 UTC 2020
7 ms. Memory: 48128K Free: 29464K (61%)
ptolemy.util.test.WatchDog.cancel(): canceling Wed Oct 07 15:44:14 UTC 2020
auto.tcl: Setting watchdog for 200 seconds at Wed Oct 07 15:44:14 UTC 2020
5 ms. Memory: 48128K Free: 28755K (60%)
ptolemy.util.test.WatchDog.cancel(): canceling Wed Oct 07 15:44:14 UTC 2020
------------------ testing $PTII/ptolemy/domains/de/test/auto/DEinDEwithStartTimes.xml
auto.tcl: Setting watchdog for 200 seconds at Wed Oct 07 15:44:14 UTC 2020
4 ms. Memory: 48128K Free: 27708K (58%)
ptolemy.util.test.WatchDog.cancel(): canceling Wed Oct 07 15:44:14 UTC 2020
auto.tcl: Setting watchdog for 200 seconds at Wed Oct 07 15:44:14 UTC 2020
3 ms. Memory: 48128K Free: 26658K (55%)
ptolemy.util.test.WatchDog.cancel(): canceling Wed Oct 07 15:44:14 UTC 2020
------------------ testing $PTII/ptolemy/domains/de/test/auto/DEinDEwithStartTimes2.xml
auto.tcl: Setting watchdog for 200 seconds at Wed Oct 07 15:44:14 UTC 2020
5 ms. Memory: 48128K Free: 26953K (56%)
ptolemy.util.test.WatchDog.cancel(): canceling Wed Oct 07 15:44:14 UTC 2020
auto.tcl: Setting watchdog for 200 seconds at Wed Oct 07 15:44:14 UTC 2020
4 ms. Memory: 48128K Free: 25875K (54%)
ptolemy.util.test.WatchDog.cancel(): canceling Wed Oct 07 15:44:14 UTC 2020
------------------ testing $PTII/ptolemy/domains/de/test/auto/DateDemo.xml
auto.tcl: Setting watchdog for 200 seconds at Wed Oct 07 15:44:14 UTC 2020
19 ms. Memory: 48128K Free: 21556K (45%)
ptolemy.util.test.WatchDog.cancel(): canceling Wed Oct 07 15:44:14 UTC 2020
auto.tcl: Setting watchdog for 200 seconds at Wed Oct 07 15:44:14 UTC 2020
7 ms. Memory: 48128K Free: 19681K (41%)
ptolemy.util.test.WatchDog.cancel(): canceling Wed Oct 07 15:44:14 UTC 2020
------------------ testing $PTII/ptolemy/domains/de/test/auto/DateToEvent.xml
auto.tcl: Setting watchdog for 200 seconds at Wed Oct 07 15:44:14 UTC 2020
2010 ms. Memory: 48128K Free: 17177K (36%)
ptolemy.util.test.WatchDog.cancel(): canceling Wed Oct 07 15:44:16 UTC 2020
auto.tcl: Setting watchdog for 200 seconds at Wed Oct 07 15:44:16 UTC 2020
2006 ms. Memory: 48128K Free: 16369K (34%)
ptolemy.util.test.WatchDog.cancel(): canceling Wed Oct 07 15:44:18 UTC 2020
------------------ testing $PTII/ptolemy/domains/de/test/auto/DepthTest1.xml
auto.tcl: Setting watchdog for 200 seconds at Wed Oct 07 15:44:18 UTC 2020
2 ms. Memory: 48128K Free: 30325K (63%)
ptolemy.util.test.WatchDog.cancel(): canceling Wed Oct 07 15:44:18 UTC 2020
auto.tcl: Setting watchdog for 200 seconds at Wed Oct 07 15:44:18 UTC 2020
2 ms. Memory: 48128K Free: 29906K (62%)
ptolemy.util.test.WatchDog.cancel(): canceling Wed Oct 07 15:44:18 UTC 2020
------------------ testing $PTII/ptolemy/domains/de/test/auto/DepthTest2.xml
auto.tcl: Setting watchdog for 200 seconds at Wed Oct 07 15:44:18 UTC 2020
3 ms. Memory: 48128K Free: 27205K (57%)
ptolemy.util.test.WatchDog.cancel(): canceling Wed Oct 07 15:44:18 UTC 2020
auto.tcl: Setting watchdog for 200 seconds at Wed Oct 07 15:44:18 UTC 2020
3 ms. Memory: 48128K Free: 26803K (56%)
ptolemy.util.test.WatchDog.cancel(): canceling Wed Oct 07 15:44:18 UTC 2020
------------------ testing $PTII/ptolemy/domains/de/test/auto/DepthTest3.xml
auto.tcl: Setting watchdog for 200 seconds at Wed Oct 07 15:44:18 UTC 2020
2 ms. Memory: 48128K Free: 30656K (64%)
ptolemy.util.test.WatchDog.cancel(): canceling Wed Oct 07 15:44:18 UTC 2020
auto.tcl: Setting watchdog for 200 seconds at Wed Oct 07 15:44:18 UTC 2020
1 ms. Memory: 48128K Free: 30223K (63%)
ptolemy.util.test.WatchDog.cancel(): canceling Wed Oct 07 15:44:18 UTC 2020
------------------ testing $PTII/ptolemy/domains/de/test/auto/DepthTest4.xml
auto.tcl: Setting watchdog for 200 seconds at Wed Oct 07 15:44:18 UTC 2020
8 ms. Memory: 48128K Free: 29007K (60%)
ptolemy.util.test.WatchDog.cancel(): canceling Wed Oct 07 15:44:18 UTC 2020
auto.tcl: Setting watchdog for 200 seconds at Wed Oct 07 15:44:18 UTC 2020
3 ms. Memory: 48128K Free: 28274K (59%)
ptolemy.util.test.WatchDog.cancel(): canceling Wed Oct 07 15:44:18 UTC 2020
------------------ testing $PTII/ptolemy/domains/de/test/auto/DepthTest5.xml
auto.tcl: Setting watchdog for 200 seconds at Wed Oct 07 15:44:18 UTC 2020
4 ms. Memory: 48128K Free: 28403K (59%)
ptolemy.util.test.WatchDog.cancel(): canceling Wed Oct 07 15:44:18 UTC 2020
auto.tcl: Setting watchdog for 200 seconds at Wed Oct 07 15:44:18 UTC 2020
2 ms. Memory: 48128K Free: 27617K (57%)
ptolemy.util.test.WatchDog.cancel(): canceling Wed Oct 07 15:44:18 UTC 2020
------------------ testing $PTII/ptolemy/domains/de/test/auto/DepthTest6.xml
auto.tcl: Setting watchdog for 200 seconds at Wed Oct 07 15:44:18 UTC 2020
3 ms. Memory: 48128K Free: 28123K (58%)
ptolemy.util.test.WatchDog.cancel(): canceling Wed Oct 07 15:44:18 UTC 2020
auto.tcl: Setting watchdog for 200 seconds at Wed Oct 07 15:44:18 UTC 2020
3 ms. Memory: 48128K Free: 27705K (58%)
ptolemy.util.test.WatchDog.cancel(): canceling Wed Oct 07 15:44:18 UTC 2020
------------------ testing $PTII/ptolemy/domains/de/test/auto/DepthTest7.xml
auto.tcl: Setting watchdog for 200 seconds at Wed Oct 07 15:44:18 UTC 2020
6 ms. Memory: 48128K Free: 28930K (60%)
ptolemy.util.test.WatchDog.cancel(): canceling Wed Oct 07 15:44:18 UTC 2020
auto.tcl: Setting watchdog for 200 seconds at Wed Oct 07 15:44:18 UTC 2020
2 ms. Memory: 48128K Free: 28181K (59%)
ptolemy.util.test.WatchDog.cancel(): canceling Wed Oct 07 15:44:18 UTC 2020
------------------ testing $PTII/ptolemy/domains/de/test/auto/EventToDate.xml
auto.tcl: Setting watchdog for 200 seconds at Wed Oct 07 15:44:18 UTC 2020
3011 ms. Memory: 48128K Free: 19499K (41%)
ptolemy.util.test.WatchDog.cancel(): canceling Wed Oct 07 15:44:22 UTC 2020
auto.tcl: Setting watchdog for 200 seconds at Wed Oct 07 15:44:22 UTC 2020
3004 ms. Memory: 48128K Free: 19015K (40%)
ptolemy.util.test.WatchDog.cancel(): canceling Wed Oct 07 15:44:25 UTC 2020
------------------ testing $PTII/ptolemy/domains/de/test/auto/FSM1.xml
auto.tcl: Setting watchdog for 200 seconds at Wed Oct 07 15:44:25 UTC 2020
19 ms. Memory: 48128K Free: 20918K (43%)
ptolemy.util.test.WatchDog.cancel(): canceling Wed Oct 07 15:44:25 UTC 2020
auto.tcl: Setting watchdog for 200 seconds at Wed Oct 07 15:44:25 UTC 2020
31 ms. Memory: 48128K Free: 17666K (37%)
ptolemy.util.test.WatchDog.cancel(): canceling Wed Oct 07 15:44:25 UTC 2020
------------------ testing $PTII/ptolemy/domains/de/test/auto/FSM7.xml
auto.tcl: Setting watchdog for 200 seconds at Wed Oct 07 15:44:25 UTC 2020
15 ms. Memory: 48128K Free: 20653K (43%)
ptolemy.util.test.WatchDog.cancel(): canceling Wed Oct 07 15:44:25 UTC 2020
auto.tcl: Setting watchdog for 200 seconds at Wed Oct 07 15:44:25 UTC 2020
20 ms. Memory: 48128K Free: 17530K (36%)
ptolemy.util.test.WatchDog.cancel(): canceling Wed Oct 07 15:44:25 UTC 2020
------------------ testing $PTII/ptolemy/domains/de/test/auto/Inspection.xml
auto.tcl: Setting watchdog for 200 seconds at Wed Oct 07 15:44:25 UTC 2020
19 ms. Memory: 48128K Free: 20669K (43%)
ptolemy.util.test.WatchDog.cancel(): canceling Wed Oct 07 15:44:25 UTC 2020
auto.tcl: Setting watchdog for 200 seconds at Wed Oct 07 15:44:25 UTC 2020
26 ms. Memory: 48128K Free: 18931K (39%)
ptolemy.util.test.WatchDog.cancel(): canceling Wed Oct 07 15:44:25 UTC 2020
------------------ testing $PTII/ptolemy/domains/de/test/auto/Iteration.xml
auto.tcl: Setting watchdog for 200 seconds at Wed Oct 07 15:44:25 UTC 2020
9 ms. Memory: 48128K Free: 26416K (55%)
ptolemy.util.test.WatchDog.cancel(): canceling Wed Oct 07 15:44:25 UTC 2020
auto.tcl: Setting watchdog for 200 seconds at Wed Oct 07 15:44:25 UTC 2020
6 ms. Memory: 48128K Free: 25358K (53%)
ptolemy.util.test.WatchDog.cancel(): canceling Wed Oct 07 15:44:25 UTC 2020
------------------ testing $PTII/ptolemy/domains/de/test/auto/LineFault.xml
auto.tcl: Setting watchdog for 200 seconds at Wed Oct 07 15:44:25 UTC 2020
660 ms. Memory: 48128K Free: 18904K (39%)
ptolemy.util.test.WatchDog.cancel(): canceling Wed Oct 07 15:44:26 UTC 2020
auto.tcl: Setting watchdog for 200 seconds at Wed Oct 07 15:44:26 UTC 2020
534 ms. Memory: 61440K Free: 41561K (68%)
ptolemy.util.test.WatchDog.cancel(): canceling Wed Oct 07 15:44:26 UTC 2020
------------------ testing $PTII/ptolemy/domains/de/test/auto/MergeModel1Add.xml
auto.tcl: Setting watchdog for 200 seconds at Wed Oct 07 15:44:26 UTC 2020
21 ms. Memory: 58368K Free: 22607K (39%)
ptolemy.util.test.WatchDog.cancel(): canceling Wed Oct 07 15:44:27 UTC 2020
auto.tcl: Setting watchdog for 200 seconds at Wed Oct 07 15:44:27 UTC 2020
8 ms. Memory: 58368K Free: 20946K (36%)
ptolemy.util.test.WatchDog.cancel(): canceling Wed Oct 07 15:44:27 UTC 2020
------------------ testing $PTII/ptolemy/domains/de/test/auto/MergeModel2Add.xml
auto.tcl: Setting watchdog for 200 seconds at Wed Oct 07 15:44:27 UTC 2020
7 ms. Memory: 51200K Free: 17500K (34%)
ptolemy.util.test.WatchDog.cancel(): canceling Wed Oct 07 15:44:27 UTC 2020
auto.tcl: Setting watchdog for 200 seconds at Wed Oct 07 15:44:27 UTC 2020
7 ms. Memory: 51200K Free: 15967K (31%)
ptolemy.util.test.WatchDog.cancel(): canceling Wed Oct 07 15:44:27 UTC 2020
------------------ testing $PTII/ptolemy/domains/de/test/auto/MergeModel3Add.xml
auto.tcl: Setting watchdog for 200 seconds at Wed Oct 07 15:44:27 UTC 2020
10 ms. Memory: 51200K Free: 17529K (34%)
ptolemy.util.test.WatchDog.cancel(): canceling Wed Oct 07 15:44:27 UTC 2020
auto.tcl: Setting watchdog for 200 seconds at Wed Oct 07 15:44:27 UTC 2020
10 ms. Memory: 51200K Free: 16157K (32%)
ptolemy.util.test.WatchDog.cancel(): canceling Wed Oct 07 15:44:27 UTC 2020
------------------ testing $PTII/ptolemy/domains/de/test/auto/MergeWithoutDiscard.xml
auto.tcl: Setting watchdog for 200 seconds at Wed Oct 07 15:44:27 UTC 2020
4 ms. Memory: 51200K Free: 31871K (62%)
ptolemy.util.test.WatchDog.cancel(): canceling Wed Oct 07 15:44:27 UTC 2020
auto.tcl: Setting watchdog for 200 seconds at Wed Oct 07 15:44:27 UTC 2020
1 ms. Memory: 51200K Free: 31439K (61%)
ptolemy.util.test.WatchDog.cancel(): canceling Wed Oct 07 15:44:27 UTC 2020
------------------ testing $PTII/ptolemy/domains/de/test/auto/Modal1.xml
auto.tcl: Setting watchdog for 200 seconds at Wed Oct 07 15:44:27 UTC 2020
27 ms. Memory: 51200K Free: 23969K (47%)
ptolemy.util.test.WatchDog.cancel(): canceling Wed Oct 07 15:44:27 UTC 2020
auto.tcl: Setting watchdog for 200 seconds at Wed Oct 07 15:44:27 UTC 2020
20 ms. Memory: 51200K Free: 20533K (40%)
ptolemy.util.test.WatchDog.cancel(): canceling Wed Oct 07 15:44:27 UTC 2020
------------------ testing $PTII/ptolemy/domains/de/test/auto/Modal2.xml
auto.tcl: Setting watchdog for 200 seconds at Wed Oct 07 15:44:27 UTC 2020
10 ms. Memory: 51200K Free: 24392K (48%)
ptolemy.util.test.WatchDog.cancel(): canceling Wed Oct 07 15:44:27 UTC 2020
auto.tcl: Setting watchdog for 200 seconds at Wed Oct 07 15:44:27 UTC 2020
15 ms. Memory: 51200K Free: 20870K (41%)
ptolemy.util.test.WatchDog.cancel(): canceling Wed Oct 07 15:44:27 UTC 2020
------------------ testing $PTII/ptolemy/domains/de/test/auto/Modal3.xml
auto.tcl: Setting watchdog for 200 seconds at Wed Oct 07 15:44:27 UTC 2020
14 ms. Memory: 51200K Free: 24104K (47%)
ptolemy.util.test.WatchDog.cancel(): canceling Wed Oct 07 15:44:27 UTC 2020
auto.tcl: Setting watchdog for 200 seconds at Wed Oct 07 15:44:27 UTC 2020
14 ms. Memory: 51200K Free: 20848K (41%)
ptolemy.util.test.WatchDog.cancel(): canceling Wed Oct 07 15:44:27 UTC 2020
------------------ testing $PTII/ptolemy/domains/de/test/auto/Modal4.xml
auto.tcl: Setting watchdog for 200 seconds at Wed Oct 07 15:44:27 UTC 2020
29 ms. Memory: 51200K Free: 23049K (45%)
ptolemy.util.test.WatchDog.cancel(): canceling Wed Oct 07 15:44:27 UTC 2020
auto.tcl: Setting watchdog for 200 seconds at Wed Oct 07 15:44:27 UTC 2020
19 ms. Memory: 51200K Free: 19229K (38%)
ptolemy.util.test.WatchDog.cancel(): canceling Wed Oct 07 15:44:27 UTC 2020
------------------ testing $PTII/ptolemy/domains/de/test/auto/Modal5.xml
auto.tcl: Setting watchdog for 200 seconds at Wed Oct 07 15:44:27 UTC 2020
13 ms. Memory: 51200K Free: 23035K (45%)
ptolemy.util.test.WatchDog.cancel(): canceling Wed Oct 07 15:44:27 UTC 2020
auto.tcl: Setting watchdog for 200 seconds at Wed Oct 07 15:44:27 UTC 2020
14 ms. Memory: 51200K Free: 19215K (38%)
ptolemy.util.test.WatchDog.cancel(): canceling Wed Oct 07 15:44:27 UTC 2020
------------------ testing $PTII/ptolemy/domains/de/test/auto/Modal6.xml
auto.tcl: Setting watchdog for 200 seconds at Wed Oct 07 15:44:27 UTC 2020
17 ms. Memory: 51200K Free: 23806K (46%)
ptolemy.util.test.WatchDog.cancel(): canceling Wed Oct 07 15:44:27 UTC 2020
auto.tcl: Setting watchdog for 200 seconds at Wed Oct 07 15:44:27 UTC 2020
13 ms. Memory: 51200K Free: 19842K (39%)
ptolemy.util.test.WatchDog.cancel(): canceling Wed Oct 07 15:44:27 UTC 2020
------------------ testing $PTII/ptolemy/domains/de/test/auto/Modal7.xml
auto.tcl: Setting watchdog for 200 seconds at Wed Oct 07 15:44:28 UTC 2020
14 ms. Memory: 51200K Free: 22779K (44%)
ptolemy.util.test.WatchDog.cancel(): canceling Wed Oct 07 15:44:28 UTC 2020
auto.tcl: Setting watchdog for 200 seconds at Wed Oct 07 15:44:28 UTC 2020
17 ms. Memory: 51200K Free: 19481K (38%)
ptolemy.util.test.WatchDog.cancel(): canceling Wed Oct 07 15:44:28 UTC 2020
------------------ testing $PTII/ptolemy/domains/de/test/auto/ModalModel.xml
auto.tcl: Setting watchdog for 200 seconds at Wed Oct 07 15:44:28 UTC 2020
176 ms. Memory: 51200K Free: 13959K (27%)
ptolemy.util.test.WatchDog.cancel(): canceling Wed Oct 07 15:44:28 UTC 2020
auto.tcl: Setting watchdog for 200 seconds at Wed Oct 07 15:44:28 UTC 2020
206 ms. Memory: 68608K Free: 28117K (41%)
ptolemy.util.test.WatchDog.cancel(): canceling Wed Oct 07 15:44:28 UTC 2020
------------------ testing $PTII/ptolemy/domains/de/test/auto/ModalSource.xml
auto.tcl: Setting watchdog for 200 seconds at Wed Oct 07 15:44:28 UTC 2020
6 ms. Memory: 55296K Free: 31985K (58%)
ptolemy.util.test.WatchDog.cancel(): canceling Wed Oct 07 15:44:28 UTC 2020
auto.tcl: Setting watchdog for 200 seconds at Wed Oct 07 15:44:28 UTC 2020
4 ms. Memory: 55296K Free: 29937K (54%)
ptolemy.util.test.WatchDog.cancel(): canceling Wed Oct 07 15:44:28 UTC 2020
------------------ testing $PTII/ptolemy/domains/de/test/auto/NonInterruptibleTimerZeroDelay.xml
auto.tcl: Setting watchdog for 200 seconds at Wed Oct 07 15:44:28 UTC 2020
3 ms. Memory: 51200K Free: 32847K (64%)
ptolemy.util.test.WatchDog.cancel(): canceling Wed Oct 07 15:44:28 UTC 2020
auto.tcl: Setting watchdog for 200 seconds at Wed Oct 07 15:44:28 UTC 2020
2 ms. Memory: 51200K Free: 32185K (63%)
ptolemy.util.test.WatchDog.cancel(): canceling Wed Oct 07 15:44:28 UTC 2020
------------------ testing $PTII/ptolemy/domains/de/test/auto/OpenQueueingNetwork.xml
auto.tcl: Setting watchdog for 200 seconds at Wed Oct 07 15:44:28 UTC 2020
2801 ms. Memory: 107520K Free: 67736K (63%)
ptolemy.util.test.WatchDog.cancel(): canceling Wed Oct 07 15:44:31 UTC 2020
auto.tcl: Setting watchdog for 200 seconds at Wed Oct 07 15:44:31 UTC 2020
2606 ms. Memory: 129024K Free: 103097K (80%)
ptolemy.util.test.WatchDog.cancel(): canceling Wed Oct 07 15:44:34 UTC 2020
------------------ testing $PTII/ptolemy/domains/de/test/auto/OpenQueuingNetwork.xml
auto.tcl: Setting watchdog for 200 seconds at Wed Oct 07 15:44:34 UTC 2020
244 ms. Memory: 58368K Free: 30603K (52%)
ptolemy.util.test.WatchDog.cancel(): canceling Wed Oct 07 15:44:34 UTC 2020
auto.tcl: Setting watchdog for 200 seconds at Wed Oct 07 15:44:34 UTC 2020
231 ms. Memory: 58368K Free: 10903K (19%)
ptolemy.util.test.WatchDog.cancel(): canceling Wed Oct 07 15:44:34 UTC 2020
------------------ testing $PTII/ptolemy/domains/de/test/auto/PeriodicSampler.xml
auto.tcl: Setting watchdog for 200 seconds at Wed Oct 07 15:44:34 UTC 2020
3 ms. Memory: 51200K Free: 32026K (63%)
ptolemy.util.test.WatchDog.cancel(): canceling Wed Oct 07 15:44:34 UTC 2020
auto.tcl: Setting watchdog for 200 seconds at Wed Oct 07 15:44:34 UTC 2020
2 ms. Memory: 51200K Free: 31498K (62%)
ptolemy.util.test.WatchDog.cancel(): canceling Wed Oct 07 15:44:34 UTC 2020
------------------ testing $PTII/ptolemy/domains/de/test/auto/PersistentIO.xml
auto.tcl: Setting watchdog for 200 seconds at Wed Oct 07 15:44:35 UTC 2020
5 ms. Memory: 51200K Free: 26950K (53%)
ptolemy.util.test.WatchDog.cancel(): canceling Wed Oct 07 15:44:35 UTC 2020
auto.tcl: Setting watchdog for 200 seconds at Wed Oct 07 15:44:35 UTC 2020
3 ms. Memory: 51200K Free: 25447K (50%)
ptolemy.util.test.WatchDog.cancel(): canceling Wed Oct 07 15:44:35 UTC 2020
------------------ testing $PTII/ptolemy/domains/de/test/auto/PortParameterResetOnInitialize.xml
auto.tcl: Setting watchdog for 200 seconds at Wed Oct 07 15:44:35 UTC 2020
2 ms. Memory: 51200K Free: 31915K (62%)
ptolemy.util.test.WatchDog.cancel(): canceling Wed Oct 07 15:44:35 UTC 2020
auto.tcl: Setting watchdog for 200 seconds at Wed Oct 07 15:44:35 UTC 2020
2 ms. Memory: 51200K Free: 31438K (61%)
ptolemy.util.test.WatchDog.cancel(): canceling Wed Oct 07 15:44:35 UTC 2020
------------------ testing $PTII/ptolemy/domains/de/test/auto/PortParameterUpdates.xml
auto.tcl: Setting watchdog for 200 seconds at Wed Oct 07 15:44:35 UTC 2020
5 ms. Memory: 51200K Free: 30243K (59%)
ptolemy.util.test.WatchDog.cancel(): canceling Wed Oct 07 15:44:35 UTC 2020
auto.tcl: Setting watchdog for 200 seconds at Wed Oct 07 15:44:35 UTC 2020
5 ms. Memory: 51200K Free: 29008K (57%)
ptolemy.util.test.WatchDog.cancel(): canceling Wed Oct 07 15:44:35 UTC 2020
------------------ testing $PTII/ptolemy/domains/de/test/auto/QueueAndServer.xml
auto.tcl: Setting watchdog for 200 seconds at Wed Oct 07 15:44:35 UTC 2020
15 ms. Memory: 51200K Free: 28889K (56%)
ptolemy.util.test.WatchDog.cancel(): canceling Wed Oct 07 15:44:35 UTC 2020
auto.tcl: Setting watchdog for 200 seconds at Wed Oct 07 15:44:35 UTC 2020
10 ms. Memory: 51200K Free: 27437K (54%)
ptolemy.util.test.WatchDog.cancel(): canceling Wed Oct 07 15:44:35 UTC 2020
------------------ testing $PTII/ptolemy/domains/de/test/auto/Records.xml
auto.tcl: Setting watchdog for 200 seconds at Wed Oct 07 15:44:35 UTC 2020
7 ms. Memory: 51200K Free: 31183K (61%)
ptolemy.util.test.WatchDog.cancel(): canceling Wed Oct 07 15:44:35 UTC 2020
auto.tcl: Setting watchdog for 200 seconds at Wed Oct 07 15:44:35 UTC 2020
2 ms. Memory: 51200K Free: 30687K (60%)
ptolemy.util.test.WatchDog.cancel(): canceling Wed Oct 07 15:44:35 UTC 2020
------------------ testing $PTII/ptolemy/domains/de/test/auto/ResetTransitionWithStartTime1.xml
auto.tcl: Setting watchdog for 200 seconds at Wed Oct 07 15:44:35 UTC 2020
6 ms. Memory: 51200K Free: 28430K (56%)
ptolemy.util.test.WatchDog.cancel(): canceling Wed Oct 07 15:44:35 UTC 2020
auto.tcl: Setting watchdog for 200 seconds at Wed Oct 07 15:44:35 UTC 2020
6 ms. Memory: 51200K Free: 26382K (52%)
ptolemy.util.test.WatchDog.cancel(): canceling Wed Oct 07 15:44:35 UTC 2020
------------------ testing $PTII/ptolemy/domains/de/test/auto/ResetTransitionWithStartTime2.xml
auto.tcl: Setting watchdog for 200 seconds at Wed Oct 07 15:44:35 UTC 2020
7 ms. Memory: 51200K Free: 28386K (55%)
ptolemy.util.test.WatchDog.cancel(): canceling Wed Oct 07 15:44:35 UTC 2020
auto.tcl: Setting watchdog for 200 seconds at Wed Oct 07 15:44:35 UTC 2020
5 ms. Memory: 51200K Free: 26338K (51%)
ptolemy.util.test.WatchDog.cancel(): canceling Wed Oct 07 15:44:35 UTC 2020
------------------ testing $PTII/ptolemy/domains/de/test/auto/ResetTransitionWithStartTime3.xml
auto.tcl: Setting watchdog for 200 seconds at Wed Oct 07 15:44:35 UTC 2020
6 ms. Memory: 51200K Free: 28384K (55%)
ptolemy.util.test.WatchDog.cancel(): canceling Wed Oct 07 15:44:35 UTC 2020
auto.tcl: Setting watchdog for 200 seconds at Wed Oct 07 15:44:35 UTC 2020
6 ms. Memory: 51200K Free: 26359K (51%)
ptolemy.util.test.WatchDog.cancel(): canceling Wed Oct 07 15:44:35 UTC 2020
------------------ testing $PTII/ptolemy/domains/de/test/auto/ResetTransitionWithStartTime4.xml
auto.tcl: Setting watchdog for 200 seconds at Wed Oct 07 15:44:35 UTC 2020
8 ms. Memory: 51200K Free: 28808K (56%)
ptolemy.util.test.WatchDog.cancel(): canceling Wed Oct 07 15:44:35 UTC 2020
auto.tcl: Setting watchdog for 200 seconds at Wed Oct 07 15:44:35 UTC 2020
3 ms. Memory: 51200K Free: 27366K (53%)
ptolemy.util.test.WatchDog.cancel(): canceling Wed Oct 07 15:44:35 UTC 2020
------------------ testing $PTII/ptolemy/domains/de/test/auto/ResettableTimer1.xml
auto.tcl: Setting watchdog for 200 seconds at Wed Oct 07 15:44:35 UTC 2020
3 ms. Memory: 51200K Free: 32599K (64%)
ptolemy.util.test.WatchDog.cancel(): canceling Wed Oct 07 15:44:35 UTC 2020
auto.tcl: Setting watchdog for 200 seconds at Wed Oct 07 15:44:35 UTC 2020
2 ms. Memory: 51200K Free: 31949K (62%)
ptolemy.util.test.WatchDog.cancel(): canceling Wed Oct 07 15:44:35 UTC 2020
------------------ testing $PTII/ptolemy/domains/de/test/auto/ResettableTimer2.xml
auto.tcl: Setting watchdog for 200 seconds at Wed Oct 07 15:44:35 UTC 2020
2 ms. Memory: 51200K Free: 32625K (64%)
ptolemy.util.test.WatchDog.cancel(): canceling Wed Oct 07 15:44:35 UTC 2020
auto.tcl: Setting watchdog for 200 seconds at Wed Oct 07 15:44:35 UTC 2020
2 ms. Memory: 51200K Free: 31989K (62%)
ptolemy.util.test.WatchDog.cancel(): canceling Wed Oct 07 15:44:35 UTC 2020
------------------ testing $PTII/ptolemy/domains/de/test/auto/ResettableTimer3.xml
auto.tcl: Setting watchdog for 200 seconds at Wed Oct 07 15:44:35 UTC 2020
1 ms. Memory: 51200K Free: 32516K (64%)
ptolemy.util.test.WatchDog.cancel(): canceling Wed Oct 07 15:44:35 UTC 2020
auto.tcl: Setting watchdog for 200 seconds at Wed Oct 07 15:44:35 UTC 2020
1 ms. Memory: 51200K Free: 32516K (64%)
ptolemy.util.test.WatchDog.cancel(): canceling Wed Oct 07 15:44:35 UTC 2020
------------------ testing $PTII/ptolemy/domains/de/test/auto/ResettableTimer4.xml
auto.tcl: Setting watchdog for 200 seconds at Wed Oct 07 15:44:35 UTC 2020
1 ms. Memory: 51200K Free: 32529K (64%)
ptolemy.util.test.WatchDog.cancel(): canceling Wed Oct 07 15:44:35 UTC 2020
auto.tcl: Setting watchdog for 200 seconds at Wed Oct 07 15:44:35 UTC 2020
1 ms. Memory: 51200K Free: 32015K (63%)
ptolemy.util.test.WatchDog.cancel(): canceling Wed Oct 07 15:44:35 UTC 2020
------------------ testing $PTII/ptolemy/domains/de/test/auto/ResettableTimer5.xml
auto.tcl: Setting watchdog for 200 seconds at Wed Oct 07 15:44:35 UTC 2020
1 ms. Memory: 51200K Free: 32014K (63%)
ptolemy.util.test.WatchDog.cancel(): canceling Wed Oct 07 15:44:35 UTC 2020
auto.tcl: Setting watchdog for 200 seconds at Wed Oct 07 15:44:35 UTC 2020
1 ms. Memory: 51200K Free: 31518K (62%)
ptolemy.util.test.WatchDog.cancel(): canceling Wed Oct 07 15:44:35 UTC 2020
------------------ testing $PTII/ptolemy/domains/de/test/auto/ResettableTimer6.xml
auto.tcl: Setting watchdog for 200 seconds at Wed Oct 07 15:44:35 UTC 2020
1 ms. Memory: 51200K Free: 32004K (63%)
ptolemy.util.test.WatchDog.cancel(): canceling Wed Oct 07 15:44:35 UTC 2020
auto.tcl: Setting watchdog for 200 seconds at Wed Oct 07 15:44:35 UTC 2020
1 ms. Memory: 51200K Free: 31494K (62%)
ptolemy.util.test.WatchDog.cancel(): canceling Wed Oct 07 15:44:35 UTC 2020
------------------ testing $PTII/ptolemy/domains/de/test/auto/ServerZeroDelay.xml
auto.tcl: Setting watchdog for 200 seconds at Wed Oct 07 15:44:36 UTC 2020
2 ms. Memory: 51200K Free: 32510K (63%)
ptolemy.util.test.WatchDog.cancel(): canceling Wed Oct 07 15:44:36 UTC 2020
auto.tcl: Setting watchdog for 200 seconds at Wed Oct 07 15:44:36 UTC 2020
2 ms. Memory: 51200K Free: 31486K (61%)
ptolemy.util.test.WatchDog.cancel(): canceling Wed Oct 07 15:44:36 UTC 2020
------------------ testing $PTII/ptolemy/domains/de/test/auto/SmartSender.xml
auto.tcl: Setting watchdog for 200 seconds at Wed Oct 07 15:44:36 UTC 2020
3001 ms. Memory: 51200K Free: 32504K (63%)
ptolemy.util.test.WatchDog.cancel(): canceling Wed Oct 07 15:44:39 UTC 2020
auto.tcl: Setting watchdog for 200 seconds at Wed Oct 07 15:44:39 UTC 2020
3001 ms. Memory: 51200K Free: 31976K (62%)
ptolemy.util.test.WatchDog.cancel(): canceling Wed Oct 07 15:44:42 UTC 2020
------------------ testing $PTII/ptolemy/domains/de/test/auto/ThreadedComposite.xml
auto.tcl: Setting watchdog for 200 seconds at Wed Oct 07 15:44:42 UTC 2020
735 ms. Memory: 51200K Free: 28024K (55%)
ptolemy.util.test.WatchDog.cancel(): canceling Wed Oct 07 15:44:42 UTC 2020
auto.tcl: Setting watchdog for 200 seconds at Wed Oct 07 15:44:42 UTC 2020
104 ms. Memory: 51200K Free: 15414K (30%)
ptolemy.util.test.WatchDog.cancel(): canceling Wed Oct 07 15:44:43 UTC 2020
------------------ testing $PTII/ptolemy/domains/de/test/auto/Time.xml
auto.tcl: Setting watchdog for 200 seconds at Wed Oct 07 15:44:43 UTC 2020
438 ms. Memory: 75776K Free: 32567K (43%)
ptolemy.util.test.WatchDog.cancel(): canceling Wed Oct 07 15:44:43 UTC 2020
auto.tcl: Setting watchdog for 200 seconds at Wed Oct 07 15:44:43 UTC 2020
370 ms. Memory: 75776K Free: 21520K (28%)
ptolemy.util.test.WatchDog.cancel(): canceling Wed Oct 07 15:44:43 UTC 2020
------------------ testing $PTII/ptolemy/domains/de/test/auto/TimeDelayZeroDelay.xml
auto.tcl: Setting watchdog for 200 seconds at Wed Oct 07 15:44:43 UTC 2020
2 ms. Memory: 55296K Free: 36881K (67%)
ptolemy.util.test.WatchDog.cancel(): canceling Wed Oct 07 15:44:43 UTC 2020
auto.tcl: Setting watchdog for 200 seconds at Wed Oct 07 15:44:43 UTC 2020
3 ms. Memory: 55296K Free: 36153K (65%)
ptolemy.util.test.WatchDog.cancel(): canceling Wed Oct 07 15:44:43 UTC 2020
------------------ testing $PTII/ptolemy/domains/de/test/auto/TimerZeroDelay.xml
auto.tcl: Setting watchdog for 200 seconds at Wed Oct 07 15:44:44 UTC 2020
2 ms. Memory: 55296K Free: 36948K (67%)
ptolemy.util.test.WatchDog.cancel(): canceling Wed Oct 07 15:44:44 UTC 2020
auto.tcl: Setting watchdog for 200 seconds at Wed Oct 07 15:44:44 UTC 2020
2 ms. Memory: 55296K Free: 36210K (65%)
ptolemy.util.test.WatchDog.cancel(): canceling Wed Oct 07 15:44:44 UTC 2020
------------------ testing $PTII/ptolemy/domains/de/test/auto/TimingParadox.xml
auto.tcl: Setting watchdog for 200 seconds at Wed Oct 07 15:44:44 UTC 2020
305 ms. Memory: 51200K Free: 18540K (36%)
ptolemy.util.test.WatchDog.cancel(): canceling Wed Oct 07 15:44:44 UTC 2020
auto.tcl: Setting watchdog for 200 seconds at Wed Oct 07 15:44:44 UTC 2020
301 ms. Memory: 51200K Free: 34308K (67%)
ptolemy.util.test.WatchDog.cancel(): canceling Wed Oct 07 15:44:44 UTC 2020
------------------ testing $PTII/ptolemy/domains/de/test/auto/TransferInputs.xml
auto.tcl: Setting watchdog for 200 seconds at Wed Oct 07 15:44:44 UTC 2020
2 ms. Memory: 51200K Free: 30956K (60%)
ptolemy.util.test.WatchDog.cancel(): canceling Wed Oct 07 15:44:44 UTC 2020
auto.tcl: Setting watchdog for 200 seconds at Wed Oct 07 15:44:44 UTC 2020
2 ms. Memory: 51200K Free: 30065K (59%)
ptolemy.util.test.WatchDog.cancel(): canceling Wed Oct 07 15:44:44 UTC 2020
------------------ testing $PTII/ptolemy/domains/de/test/auto/TransferOutputs2.xml
auto.tcl: Setting watchdog for 200 seconds at Wed Oct 07 15:44:44 UTC 2020
3 ms. Memory: 51200K Free: 28385K (55%)
ptolemy.util.test.WatchDog.cancel(): canceling Wed Oct 07 15:44:44 UTC 2020
auto.tcl: Setting watchdog for 200 seconds at Wed Oct 07 15:44:44 UTC 2020
3 ms. Memory: 51200K Free: 26980K (53%)
ptolemy.util.test.WatchDog.cancel(): canceling Wed Oct 07 15:44:44 UTC 2020
------------------ testing $PTII/ptolemy/domains/de/test/auto/Trilateration.xml
auto.tcl: Setting watchdog for 200 seconds at Wed Oct 07 15:44:44 UTC 2020
14574 ms. Memory: 571392K Free: 322664K (56%)
ptolemy.util.test.WatchDog.cancel(): canceling Wed Oct 07 15:45:00 UTC 2020
auto.tcl: Setting watchdog for 200 seconds at Wed Oct 07 15:45:00 UTC 2020
10181 ms. Memory: 571392K Free: 335564K (59%)
ptolemy.util.test.WatchDog.cancel(): canceling Wed Oct 07 15:45:10 UTC 2020
------------------ testing $PTII/ptolemy/domains/de/test/auto/TwoSigmaDelta.xml
auto.tcl: Setting watchdog for 200 seconds at Wed Oct 07 15:45:10 UTC 2020
2464 ms. Memory: 92160K Free: 64889K (70%)
ptolemy.util.test.WatchDog.cancel(): canceling Wed Oct 07 15:45:13 UTC 2020
auto.tcl: Setting watchdog for 200 seconds at Wed Oct 07 15:45:13 UTC 2020
1954 ms. Memory: 92160K Free: 57762K (63%)
ptolemy.util.test.WatchDog.cancel(): canceling Wed Oct 07 15:45:15 UTC 2020
------------------ testing $PTII/ptolemy/domains/de/test/auto/VariableDelay.xml
auto.tcl: Setting watchdog for 200 seconds at Wed Oct 07 15:45:15 UTC 2020
3 ms. Memory: 55296K Free: 35514K (64%)
ptolemy.util.test.WatchDog.cancel(): canceling Wed Oct 07 15:45:15 UTC 2020
auto.tcl: Setting watchdog for 200 seconds at Wed Oct 07 15:45:15 UTC 2020
2 ms. Memory: 55296K Free: 34490K (62%)
ptolemy.util.test.WatchDog.cancel(): canceling Wed Oct 07 15:45:15 UTC 2020
------------------ testing $PTII/ptolemy/domains/de/test/auto/VariableDelay2.xml
auto.tcl: Setting watchdog for 200 seconds at Wed Oct 07 15:45:15 UTC 2020
1 ms. Memory: 55296K Free: 35937K (65%)
ptolemy.util.test.WatchDog.cancel(): canceling Wed Oct 07 15:45:15 UTC 2020
auto.tcl: Setting watchdog for 200 seconds at Wed Oct 07 15:45:15 UTC 2020
1 ms. Memory: 55296K Free: 35433K (64%)
ptolemy.util.test.WatchDog.cancel(): canceling Wed Oct 07 15:45:15 UTC 2020
------------------ testing $PTII/ptolemy/domains/de/test/auto/VariableDelayZeroDelay.xml
auto.tcl: Setting watchdog for 200 seconds at Wed Oct 07 15:45:15 UTC 2020
2 ms. Memory: 55296K Free: 36457K (66%)
ptolemy.util.test.WatchDog.cancel(): canceling Wed Oct 07 15:45:15 UTC 2020
auto.tcl: Setting watchdog for 200 seconds at Wed Oct 07 15:45:15 UTC 2020
2 ms. Memory: 55296K Free: 35943K (65%)
ptolemy.util.test.WatchDog.cancel(): canceling Wed Oct 07 15:45:15 UTC 2020
------------------ testing $PTII/ptolemy/domains/de/test/auto/VariableDelayZeroDelay2.xml
auto.tcl: Setting watchdog for 200 seconds at Wed Oct 07 15:45:15 UTC 2020
2 ms. Memory: 55296K Free: 36456K (66%)
ptolemy.util.test.WatchDog.cancel(): canceling Wed Oct 07 15:45:15 UTC 2020
auto.tcl: Setting watchdog for 200 seconds at Wed Oct 07 15:45:15 UTC 2020
2 ms. Memory: 55296K Free: 35432K (64%)
ptolemy.util.test.WatchDog.cancel(): canceling Wed Oct 07 15:45:15 UTC 2020
------------------ testing $PTII/ptolemy/domains/de/test/auto/deInCt.xml
auto.tcl: Setting watchdog for 200 seconds at Wed Oct 07 15:45:15 UTC 2020
0
1
1
1
0
0
0
1
1
1
1
0
0
0
1
1
1
1
1
1
1
0
0
0
1
1
1
0
0
0
0
10 ms. Memory: 55296K Free: 35429K (64%)
ptolemy.util.test.WatchDog.cancel(): canceling Wed Oct 07 15:45:15 UTC 2020
auto.tcl: Setting watchdog for 200 seconds at Wed Oct 07 15:45:15 UTC 2020
0
1
1
1
0
0
0
0
0
1
1
1
0
0
0
1
1
1
0
0
0
0
1
1
1
0
0
0
1
1
1
0
0
0
1
1
1
0
0
0
0
1
1
1
1
9 ms. Memory: 55296K Free: 33891K (61%)
ptolemy.util.test.WatchDog.cancel(): canceling Wed Oct 07 15:45:15 UTC 2020
------------------ testing $PTII/ptolemy/domains/de/test/auto/deInCt2.xml
auto.tcl: Setting watchdog for 200 seconds at Wed Oct 07 15:45:15 UTC 2020
0
1
1
1
0
0
1
1
1
0
0
1
1
1
0
0
1
1
1
0
0
1
1
1
0
0
1
1
1
0
0
1
1
1
0
0
1
1
1
0
0
0
10 ms. Memory: 51200K Free: 31335K (61%)
ptolemy.util.test.WatchDog.cancel(): canceling Wed Oct 07 15:45:15 UTC 2020
auto.tcl: Setting watchdog for 200 seconds at Wed Oct 07 15:45:15 UTC 2020
0
1
1
1
0
0
1
1
1
0
0
1
1
1
0
0
1
1
1
0
0
1
1
1
0
0
1
1
1
0
0
1
1
1
0
0
1
1
1
0
0
0
5 ms. Memory: 51200K Free: 29797K (58%)
ptolemy.util.test.WatchDog.cancel(): canceling Wed Oct 07 15:45:15 UTC 2020
------------------ testing $PTII/ptolemy/domains/de/test/auto/dynamicCausalityInterface1.xml
auto.tcl: Setting watchdog for 200 seconds at Wed Oct 07 15:45:15 UTC 2020
2 ms. Memory: 51200K Free: 27233K (53%)
ptolemy.util.test.WatchDog.cancel(): canceling Wed Oct 07 15:45:15 UTC 2020
auto.tcl: Setting watchdog for 200 seconds at Wed Oct 07 15:45:15 UTC 2020
1 ms. Memory: 51200K Free: 26719K (52%)
ptolemy.util.test.WatchDog.cancel(): canceling Wed Oct 07 15:45:15 UTC 2020
------------------ testing $PTII/ptolemy/domains/de/test/auto/fsm_de_test.xml
auto.tcl: Setting watchdog for 200 seconds at Wed Oct 07 15:45:16 UTC 2020
9 ms. Memory: 51200K Free: 27132K (53%)
ptolemy.util.test.WatchDog.cancel(): canceling Wed Oct 07 15:45:16 UTC 2020
auto.tcl: Setting watchdog for 200 seconds at Wed Oct 07 15:45:16 UTC 2020
7 ms. Memory: 51200K Free: 25082K (49%)
ptolemy.util.test.WatchDog.cancel(): canceling Wed Oct 07 15:45:16 UTC 2020
------------------ testing $PTII/ptolemy/domains/de/test/auto/functionDependencyReconstruction.xml
auto.tcl: Setting watchdog for 200 seconds at Wed Oct 07 15:45:16 UTC 2020
3 ms. Memory: 51200K Free: 21100K (41%)
ptolemy.util.test.WatchDog.cancel(): canceling Wed Oct 07 15:45:16 UTC 2020
auto.tcl: Setting watchdog for 200 seconds at Wed Oct 07 15:45:16 UTC 2020
3 ms. Memory: 51200K Free: 18929K (37%)
ptolemy.util.test.WatchDog.cancel(): canceling Wed Oct 07 15:45:16 UTC 2020
------------------ testing $PTII/ptolemy/domains/de/test/auto/multirate.xml
auto.tcl: Setting watchdog for 200 seconds at Wed Oct 07 15:45:16 UTC 2020
3 ms. Memory: 51200K Free: 29773K (58%)
ptolemy.util.test.WatchDog.cancel(): canceling Wed Oct 07 15:45:16 UTC 2020
auto.tcl: Setting watchdog for 200 seconds at Wed Oct 07 15:45:16 UTC 2020
2 ms. Memory: 51200K Free: 28507K (56%)
ptolemy.util.test.WatchDog.cancel(): canceling Wed Oct 07 15:45:16 UTC 2020
------------------ testing $PTII/ptolemy/domains/de/test/auto/multirate2.xml
auto.tcl: Setting watchdog for 200 seconds at Wed Oct 07 15:45:16 UTC 2020
3 ms. Memory: 51200K Free: 29729K (58%)
ptolemy.util.test.WatchDog.cancel(): canceling Wed Oct 07 15:45:16 UTC 2020
auto.tcl: Setting watchdog for 200 seconds at Wed Oct 07 15:45:16 UTC 2020
3 ms. Memory: 51200K Free: 28209K (55%)
ptolemy.util.test.WatchDog.cancel(): canceling Wed Oct 07 15:45:16 UTC 2020
------------------ testing $PTII/ptolemy/domains/de/test/auto/realtime.xml
auto.tcl: Setting watchdog for 200 seconds at Wed Oct 07 15:45:16 UTC 2020
10001 ms. Memory: 51200K Free: 32004K (63%)
ptolemy.util.test.WatchDog.cancel(): canceling Wed Oct 07 15:45:26 UTC 2020
auto.tcl: Setting watchdog for 200 seconds at Wed Oct 07 15:45:26 UTC 2020
10001 ms. Memory: 51200K Free: 31279K (61%)
ptolemy.util.test.WatchDog.cancel(): canceling Wed Oct 07 15:45:36 UTC 2020
------------------ testing $PTII/ptolemy/domains/de/test/auto/relationGroup.xml
auto.tcl: Setting watchdog for 200 seconds at Wed Oct 07 15:45:36 UTC 2020
2 ms. Memory: 51200K Free: 33094K (65%)
ptolemy.util.test.WatchDog.cancel(): canceling Wed Oct 07 15:45:36 UTC 2020
auto.tcl: Setting watchdog for 200 seconds at Wed Oct 07 15:45:36 UTC 2020
1 ms. Memory: 51200K Free: 32582K (64%)
ptolemy.util.test.WatchDog.cancel(): canceling Wed Oct 07 15:45:36 UTC 2020
------------------ testing $PTII/ptolemy/domains/de/test/auto/relationGroup2.xml
auto.tcl: Setting watchdog for 200 seconds at Wed Oct 07 15:45:36 UTC 2020
1 ms. Memory: 51200K Free: 33121K (65%)
ptolemy.util.test.WatchDog.cancel(): canceling Wed Oct 07 15:45:36 UTC 2020
auto.tcl: Setting watchdog for 200 seconds at Wed Oct 07 15:45:36 UTC 2020
1 ms. Memory: 51200K Free: 32609K (64%)
ptolemy.util.test.WatchDog.cancel(): canceling Wed Oct 07 15:45:36 UTC 2020
------------------ testing $PTII/ptolemy/domains/de/test/auto/sortWithOpaquePorts.xml
auto.tcl: Setting watchdog for 200 seconds at Wed Oct 07 15:45:36 UTC 2020
1 ms. Memory: 51200K Free: 32386K (63%)
ptolemy.util.test.WatchDog.cancel(): canceling Wed Oct 07 15:45:36 UTC 2020
auto.tcl: Setting watchdog for 200 seconds at Wed Oct 07 15:45:36 UTC 2020
1 ms. Memory: 51200K Free: 30848K (60%)
ptolemy.util.test.WatchDog.cancel(): canceling Wed Oct 07 15:45:36 UTC 2020
------------------ testing $PTII/ptolemy/domains/de/test/auto/transferInputsandOutputs.xml
auto.tcl: Setting watchdog for 200 seconds at Wed Oct 07 15:45:36 UTC 2020
4 ms. Memory: 51200K Free: 29302K (57%)
ptolemy.util.test.WatchDog.cancel(): canceling Wed Oct 07 15:45:36 UTC 2020
auto.tcl: Setting watchdog for 200 seconds at Wed Oct 07 15:45:36 UTC 2020
2 ms. Memory: 51200K Free: 28278K (55%)
ptolemy.util.test.WatchDog.cancel(): canceling Wed Oct 07 15:45:36 UTC 2020
------------------ testing $PTII/ptolemy/domains/de/test/auto/triggerType.xml
auto.tcl: Setting watchdog for 200 seconds at Wed Oct 07 15:45:36 UTC 2020
1 ms. Memory: 51200K Free: 32326K (63%)
ptolemy.util.test.WatchDog.cancel(): canceling Wed Oct 07 15:45:36 UTC 2020
auto.tcl: Setting watchdog for 200 seconds at Wed Oct 07 15:45:36 UTC 2020
2 ms. Memory: 51200K Free: 31302K (61%)
ptolemy.util.test.WatchDog.cancel(): canceling Wed Oct 07 15:45:36 UTC 2020
10/07/20 03:45:36
Failed: 0  Total Tests: 192  ((Passed: 187, Newly Passed: 1)  Known Failed: 5) /home/travis/build/icyphy/ptII/ptolemy/domains/de/test
10/07/20 03:45:36
Failed: 0  Total Tests: 192  ((Passed: 187, Newly Passed: 1)  Known Failed: 5) /home/travis/build/icyphy/ptII/ptolemy/domains/de/test
----------------- testing (KnownFailure) /home/travis/build/icyphy/ptII/ptolemy/domains/de/test/auto/knownFailedTests/DESDFClockTest.xml
2014 ms. Memory: 51200K Free: 25211K (49%)
Known Failure: java.lang.reflect.InvocationTargetException
----------------- testing (KnownFailure) /home/travis/build/icyphy/ptII/ptolemy/domains/de/test/auto/knownFailedTests/DirectFeedback.xml
2 ms. Memory: 51200K Free: 21625K (42%)
Known Failure: java.lang.reflect.InvocationTargetException
----------------- testing (KnownFailure) /home/travis/build/icyphy/ptII/ptolemy/domains/de/test/auto/knownFailedTests/FSMSource.xml
14 ms. Memory: 51200K Free: 13419K (26%)
----------------- testing (KnownFailure) /home/travis/build/icyphy/ptII/ptolemy/domains/de/test/auto/knownFailedTests/HierarchicalModel.xml
3 ms. Memory: 51200K Free: 26757K (52%)
Known Failure: java.lang.reflect.InvocationTargetException
----------------- testing (KnownFailure) /home/travis/build/icyphy/ptII/ptolemy/domains/de/test/auto/knownFailedTests/dependencyLoop.xml
2 ms. Memory: 51200K Free: 11727K (23%)
Known Failure: java.lang.reflect.InvocationTargetException
----------------- testing (KnownFailure) /home/travis/build/icyphy/ptII/ptolemy/domains/de/test/auto/knownFailedTests/dependencyLoop2.xml
7 ms. Memory: 51200K Free: 25349K (50%)
Known Failure: java.lang.reflect.InvocationTargetException
No auto/linux-amd64/*.xml tests in /home/travis/build/icyphy/ptII/ptolemy/domains/de/test
AutoTests.java: About to close Vertx.
AutoTests.java: Vertx closed.

===========================================================================================
----------------- testing Wed Oct 07 15:45:38 UTC 2020 /home/travis/build/icyphy/ptII/ptolemy/domains/de/test/auto/ActorDepthCalculation_actorWithoutPorts.xml
----------------- Instantiating /home/travis/build/icyphy/ptII/ptolemy/domains/de/test/auto/ActorDepthCalculation_actorWithoutPorts.xml
2 ms. Memory: 51200K Free: 18623K (36%)
----------------- Invoking toplevel() on ptolemy.moml.MoMLSimpleApplication@4778bd00
----------------- Done invoking toplevel() on ptolemy.moml.MoMLSimpleApplication@4778bd00
reloadAllAccessors: .ActorDepthCalculation_actorWithoutPorts

===========================================================================================
----------------- testing Wed Oct 07 15:45:38 UTC 2020 /home/travis/build/icyphy/ptII/ptolemy/domains/de/test/auto/AssemblyLine.xml
----------------- Instantiating /home/travis/build/icyphy/ptII/ptolemy/domains/de/test/auto/AssemblyLine.xml
3 ms. Memory: 51200K Free: 11525K (23%)
----------------- Invoking toplevel() on ptolemy.moml.MoMLSimpleApplication@30c83094
----------------- Done invoking toplevel() on ptolemy.moml.MoMLSimpleApplication@30c83094
reloadAllAccessors: .AssemblyLine

===========================================================================================
----------------- testing Wed Oct 07 15:45:38 UTC 2020 /home/travis/build/icyphy/ptII/ptolemy/domains/de/test/auto/CQBug1.xml
----------------- Instantiating /home/travis/build/icyphy/ptII/ptolemy/domains/de/test/auto/CQBug1.xml
1 ms. Memory: 51200K Free: 8718K (17%)
----------------- Invoking toplevel() on ptolemy.moml.MoMLSimpleApplication@361857b8
----------------- Done invoking toplevel() on ptolemy.moml.MoMLSimpleApplication@361857b8
reloadAllAccessors: .CQBug1

===========================================================================================
----------------- testing Wed Oct 07 15:45:38 UTC 2020 /home/travis/build/icyphy/ptII/ptolemy/domains/de/test/auto/CancelFireAt.xml
----------------- Instantiating /home/travis/build/icyphy/ptII/ptolemy/domains/de/test/auto/CancelFireAt.xml
8 ms. Memory: 51200K Free: 34806K (68%)
----------------- Invoking toplevel() on ptolemy.moml.MoMLSimpleApplication@19bb0f7e
----------------- Done invoking toplevel() on ptolemy.moml.MoMLSimpleApplication@19bb0f7e
reloadAllAccessors: .CancelFireAt

===========================================================================================
----------------- testing Wed Oct 07 15:45:39 UTC 2020 /home/travis/build/icyphy/ptII/ptolemy/domains/de/test/auto/CausalityAndComposabilityAnalysis.xml
----------------- Instantiating /home/travis/build/icyphy/ptII/ptolemy/domains/de/test/auto/CausalityAndComposabilityAnalysis.xml
2 ms. Memory: 51200K Free: 30402K (59%)
----------------- Invoking toplevel() on ptolemy.moml.MoMLSimpleApplication@5a057b4a
----------------- Done invoking toplevel() on ptolemy.moml.MoMLSimpleApplication@5a057b4a
reloadAllAccessors: .CausalityAndComposabilityAnalysis

===========================================================================================
----------------- testing Wed Oct 07 15:45:39 UTC 2020 /home/travis/build/icyphy/ptII/ptolemy/domains/de/test/auto/CausalityInterface1.xml
----------------- Instantiating /home/travis/build/icyphy/ptII/ptolemy/domains/de/test/auto/CausalityInterface1.xml
5 ms. Memory: 51200K Free: 25298K (49%)
----------------- Invoking toplevel() on ptolemy.moml.MoMLSimpleApplication@22a1a435
----------------- Done invoking toplevel() on ptolemy.moml.MoMLSimpleApplication@22a1a435
reloadAllAccessors: .CausalityInterface1

===========================================================================================
----------------- testing Wed Oct 07 15:45:39 UTC 2020 /home/travis/build/icyphy/ptII/ptolemy/domains/de/test/auto/CausalityInterface15.xml
----------------- Instantiating /home/travis/build/icyphy/ptII/ptolemy/domains/de/test/auto/CausalityInterface15.xml
3 ms. Memory: 51200K Free: 19827K (39%)
----------------- Invoking toplevel() on ptolemy.moml.MoMLSimpleApplication@29e34d70
----------------- Done invoking toplevel() on ptolemy.moml.MoMLSimpleApplication@29e34d70
reloadAllAccessors: .CausalityInterface15

===========================================================================================
----------------- testing Wed Oct 07 15:45:39 UTC 2020 /home/travis/build/icyphy/ptII/ptolemy/domains/de/test/auto/CausalityInterface2.xml
----------------- Instantiating /home/travis/build/icyphy/ptII/ptolemy/domains/de/test/auto/CausalityInterface2.xml
2 ms. Memory: 51200K Free: 15034K (29%)
[...]
	at ptolemy.actor.Manager.run(Manager.java:1263)
	at ptolemy.actor.Manager$PtolemyRunThread.run(Manager.java:1933)
java.lang.RuntimeException: Execution failed
	at ptolemy.moml.MoMLSimpleApplication$UnloadThread.run(MoMLSimpleApplication.java:402)
Caused by: ptolemy.kernel.util.IllegalActionException: Actor is not ready to fire.  Perhaps UpSample.prefire() returned false? Try debugging the actor by selecting "Listen to Actor".  Also, for SDF check moml for tokenConsumptionRate on input.
  in .DESDFClockTest.Play Bell.Copy1:SDF Director and .DESDFClockTest.Play Bell.UpSample
	at ptolemy.actor.sched.StaticSchedulingDirector.fire(StaticSchedulingDirector.java:227)
	at ptolemy.domains.sdf.kernel.SDFDirector.fire(SDFDirector.java:500)
	at ptolemy.actor.CompositeActor.fire(CompositeActor.java:455)
	at ptolemy.domains.de.kernel.DEDirector._fire(DEDirector.java:1949)
	at ptolemy.domains.de.kernel.DEDirector.fire(DEDirector.java:502)
	at ptolemy.actor.CompositeActor.fire(CompositeActor.java:455)
	at ptolemy.actor.Manager.iterate(Manager.java:851)
	at ptolemy.actor.Manager.execute(Manager.java:369)
	at ptolemy.actor.Manager.run(Manager.java:1263)
	at ptolemy.actor.Manager$PtolemyRunThread.run(Manager.java:1933)
java.lang.reflect.InvocationTargetException
	at java.base/jdk.internal.reflect.NativeConstructorAccessorImpl.newInstance0(Native Method)
	at java.base/jdk.internal.reflect.NativeConstructorAccessorImpl.newInstance(NativeConstructorAccessorImpl.java:62)
	at java.base/jdk.internal.reflect.DelegatingConstructorAccessorImpl.newInstance(DelegatingConstructorAccessorImpl.java:45)
	at java.base/java.lang.reflect.Constructor.newInstance(Constructor.java:490)
	at ptolemy.util.test.junit.AutoKnownFailedTests.RunModel(AutoKnownFailedTests.java:105)
	at java.base/jdk.internal.reflect.NativeMethodAccessorImpl.invoke0(Native Method)
	at java.base/jdk.internal.reflect.NativeMethodAccessorImpl.invoke(NativeMethodAccessorImpl.java:62)
	at java.base/jdk.internal.reflect.DelegatingMethodAccessorImpl.invoke(DelegatingMethodAccessorImpl.java:43)
	at java.base/java.lang.reflect.Method.invoke(Method.java:566)
	at org.junit.runners.model.FrameworkMethod$1.runReflectiveCall(FrameworkMethod.java:44)
	at org.junit.internal.runners.model.ReflectiveCallable.run(ReflectiveCallable.java:15)
	at org.junit.runners.model.FrameworkMethod.invokeExplosively(FrameworkMethod.java:41)
	at junitparams.internal.InvokeParameterisedMethod.evaluate(InvokeParameterisedMethod.java:102)
	at org.junit.internal.runners.statements.FailOnTimeout$1.run(FailOnTimeout.java:28)
Caused by: ptolemy.kernel.util.IllegalActionException: Actor is not ready to fire.  Perhaps UpSample.prefire() returned false? Try debugging the actor by selecting "Listen to Actor".  Also, for SDF check moml for tokenConsumptionRate on input.
  in .DESDFClockTest.Play Bell.Copy1:SDF Director and .DESDFClockTest.Play Bell.UpSample
	at ptolemy.actor.sched.StaticSchedulingDirector.fire(StaticSchedulingDirector.java:227)
	at ptolemy.domains.sdf.kernel.SDFDirector.fire(SDFDirector.java:500)
	at ptolemy.actor.CompositeActor.fire(CompositeActor.java:455)
	at ptolemy.domains.de.kernel.DEDirector._fire(DEDirector.java:1949)
	at ptolemy.domains.de.kernel.DEDirector.fire(DEDirector.java:502)
	at ptolemy.actor.CompositeActor.fire(CompositeActor.java:455)
	at ptolemy.actor.Manager.iterate(Manager.java:851)
	at ptolemy.actor.Manager.execute(Manager.java:369)
	at ptolemy.actor.Manager.run(Manager.java:1263)
	at ptolemy.actor.Manager$PtolemyRunThread.run(Manager.java:1933)
java.lang.RuntimeException: Execution failed
	at ptolemy.moml.MoMLSimpleApplication$UnloadThread.run(MoMLSimpleApplication.java:402)
Caused by: ptolemy.kernel.util.IllegalActionException: Test fails in iteration 1.
Value was: 1.0. Should have been: 2.0
  in .DirectFeedback.Test
	at ptolemy.actor.lib.Test.fire(Test.java:268)
	at ptolemy.domains.de.kernel.DEDirector._fire(DEDirector.java:1949)
	at ptolemy.domains.de.kernel.DEDirector.fire(DEDirector.java:502)
	at ptolemy.actor.CompositeActor.fire(CompositeActor.java:455)
	at ptolemy.actor.Manager.iterate(Manager.java:851)
	at ptolemy.actor.Manager.execute(Manager.java:369)
	at ptolemy.actor.Manager.run(Manager.java:1263)
	at ptolemy.actor.Manager$PtolemyRunThread.run(Manager.java:1933)
java.lang.reflect.InvocationTargetException
	at java.base/jdk.internal.reflect.NativeConstructorAccessorImpl.newInstance0(Native Method)
	at java.base/jdk.internal.reflect.NativeConstructorAccessorImpl.newInstance(NativeConstructorAccessorImpl.java:62)
	at java.base/jdk.internal.reflect.DelegatingConstructorAccessorImpl.newInstance(DelegatingConstructorAccessorImpl.java:45)
	at java.base/java.lang.reflect.Constructor.newInstance(Constructor.java:490)
	at ptolemy.util.test.junit.AutoKnownFailedTests.RunModel(AutoKnownFailedTests.java:105)
	at java.base/jdk.internal.reflect.NativeMethodAccessorImpl.invoke0(Native Method)
	at java.base/jdk.internal.reflect.NativeMethodAccessorImpl.invoke(NativeMethodAccessorImpl.java:62)
	at java.base/jdk.internal.reflect.DelegatingMethodAccessorImpl.invoke(DelegatingMethodAccessorImpl.java:43)
	at java.base/java.lang.reflect.Method.invoke(Method.java:566)
	at org.junit.runners.model.FrameworkMethod$1.runReflectiveCall(FrameworkMethod.java:44)
	at org.junit.internal.runners.model.ReflectiveCallable.run(ReflectiveCallable.java:15)
	at org.junit.runners.model.FrameworkMethod.invokeExplosively(FrameworkMethod.java:41)
	at junitparams.internal.InvokeParameterisedMethod.evaluate(InvokeParameterisedMethod.java:102)
	at org.junit.internal.runners.statements.FailOnTimeout$1.run(FailOnTimeout.java:28)
Caused by: ptolemy.kernel.util.IllegalActionException: Test fails in iteration 1.
Value was: 1.0. Should have been: 2.0
  in .DirectFeedback.Test
	at ptolemy.actor.lib.Test.fire(Test.java:268)
	at ptolemy.domains.de.kernel.DEDirector._fire(DEDirector.java:1949)
	at ptolemy.domains.de.kernel.DEDirector.fire(DEDirector.java:502)
	at ptolemy.actor.CompositeActor.fire(CompositeActor.java:455)
	at ptolemy.actor.Manager.iterate(Manager.java:851)
	at ptolemy.actor.Manager.execute(Manager.java:369)
	at ptolemy.actor.Manager.run(Manager.java:1263)
	at ptolemy.actor.Manager$PtolemyRunThread.run(Manager.java:1933)
java.lang.RuntimeException: Execution failed
	at ptolemy.moml.MoMLSimpleApplication$UnloadThread.run(MoMLSimpleApplication.java:402)
Caused by: ptolemy.kernel.util.IllegalActionException: Found a zero delay loop containing .HierarchicalModel.A
  in .HierarchicalModel and .HierarchicalModel.A
	at ptolemy.actor.util.CausalityInterfaceForComposites._computeOutputPortDepth(CausalityInterfaceForComposites.java:759)
	at ptolemy.actor.util.CausalityInterfaceForComposites._computeInputDepth(CausalityInterfaceForComposites.java:696)
	at ptolemy.actor.util.CausalityInterfaceForComposites._computeOutputPortDepth(CausalityInterfaceForComposites.java:765)
	at ptolemy.actor.util.CausalityInterfaceForComposites._computeInputDepth(CausalityInterfaceForComposites.java:696)
	at ptolemy.actor.util.CausalityInterfaceForComposites._computeOutputPortDepth(CausalityInterfaceForComposites.java:765)
	at ptolemy.actor.util.CausalityInterfaceForComposites._computeInputDepth(CausalityInterfaceForComposites.java:696)
	at ptolemy.actor.util.CausalityInterfaceForComposites._computeActorDepth(CausalityInterfaceForComposites.java:532)
	at ptolemy.actor.util.CausalityInterfaceForComposites.checkForCycles(CausalityInterfaceForComposites.java:96)
	at ptolemy.domains.de.kernel.DEDirector.preinitialize(DEDirector.java:1338)
	at ptolemy.actor.CompositeActor.preinitialize(CompositeActor.java:1828)
	at ptolemy.actor.Manager.preinitializeAndResolveTypes(Manager.java:1040)
	at ptolemy.actor.Manager.initialize(Manager.java:710)
	at ptolemy.actor.Manager.execute(Manager.java:356)
	at ptolemy.actor.Manager.run(Manager.java:1263)
	at ptolemy.actor.Manager$PtolemyRunThread.run(Manager.java:1933)
java.lang.reflect.InvocationTargetException
	at java.base/jdk.internal.reflect.NativeConstructorAccessorImpl.newInstance0(Native Method)
	at java.base/jdk.internal.reflect.NativeConstructorAccessorImpl.newInstance(NativeConstructorAccessorImpl.java:62)
	at java.base/jdk.internal.reflect.DelegatingConstructorAccessorImpl.newInstance(DelegatingConstructorAccessorImpl.java:45)
	at java.base/java.lang.reflect.Constructor.newInstance(Constructor.java:490)
	at ptolemy.util.test.junit.AutoKnownFailedTests.RunModel(AutoKnownFailedTests.java:105)
	at java.base/jdk.internal.reflect.NativeMethodAccessorImpl.invoke0(Native Method)
	at java.base/jdk.internal.reflect.NativeMethodAccessorImpl.invoke(NativeMethodAccessorImpl.java:62)
	at java.base/jdk.internal.reflect.DelegatingMethodAccessorImpl.invoke(DelegatingMethodAccessorImpl.java:43)
	at java.base/java.lang.reflect.Method.invoke(Method.java:566)
	at org.junit.runners.model.FrameworkMethod$1.runReflectiveCall(FrameworkMethod.java:44)
	at org.junit.internal.runners.model.ReflectiveCallable.run(ReflectiveCallable.java:15)
	at org.junit.runners.model.FrameworkMethod.invokeExplosively(FrameworkMethod.java:41)
	at junitparams.internal.InvokeParameterisedMethod.evaluate(InvokeParameterisedMethod.java:102)
	at org.junit.internal.runners.statements.FailOnTimeout$1.run(FailOnTimeout.java:28)
Caused by: ptolemy.kernel.util.IllegalActionException: Found a zero delay loop containing .HierarchicalModel.A
  in .HierarchicalModel and .HierarchicalModel.A
	at ptolemy.actor.util.CausalityInterfaceForComposites._computeOutputPortDepth(CausalityInterfaceForComposites.java:759)
	at ptolemy.actor.util.CausalityInterfaceForComposites._computeInputDepth(CausalityInterfaceForComposites.java:696)
	at ptolemy.actor.util.CausalityInterfaceForComposites._computeOutputPortDepth(CausalityInterfaceForComposites.java:765)
	at ptolemy.actor.util.CausalityInterfaceForComposites._computeInputDepth(CausalityInterfaceForComposites.java:696)
	at ptolemy.actor.util.CausalityInterfaceForComposites._computeOutputPortDepth(CausalityInterfaceForComposites.java:765)
	at ptolemy.actor.util.CausalityInterfaceForComposites._computeInputDepth(CausalityInterfaceForComposites.java:696)
	at ptolemy.actor.util.CausalityInterfaceForComposites._computeActorDepth(CausalityInterfaceForComposites.java:532)
	at ptolemy.actor.util.CausalityInterfaceForComposites.checkForCycles(CausalityInterfaceForComposites.java:96)
	at ptolemy.domains.de.kernel.DEDirector.preinitialize(DEDirector.java:1338)
	at ptolemy.actor.CompositeActor.preinitialize(CompositeActor.java:1828)
	at ptolemy.actor.Manager.preinitializeAndResolveTypes(Manager.java:1040)
	at ptolemy.actor.Manager.initialize(Manager.java:710)
	at ptolemy.actor.Manager.execute(Manager.java:356)
	at ptolemy.actor.Manager.run(Manager.java:1263)
	at ptolemy.actor.Manager$PtolemyRunThread.run(Manager.java:1933)
java.lang.RuntimeException: Execution failed
	at ptolemy.moml.MoMLSimpleApplication$UnloadThread.run(MoMLSimpleApplication.java:402)
Caused by: ptolemy.kernel.util.IllegalActionException: Found a zero delay loop containing .dependencyLoop.original
  in .dependencyLoop and .dependencyLoop.original
	at ptolemy.actor.util.CausalityInterfaceForComposites._computeOutputPortDepth(CausalityInterfaceForComposites.java:759)
	at ptolemy.actor.util.CausalityInterfaceForComposites._computeInputDepth(CausalityInterfaceForComposites.java:696)
	at ptolemy.actor.util.CausalityInterfaceForComposites._computeOutputPortDepth(CausalityInterfaceForComposites.java:765)
	at ptolemy.actor.util.CausalityInterfaceForComposites._computeInputDepth(CausalityInterfaceForComposites.java:696)
	at ptolemy.actor.util.CausalityInterfaceForComposites._computeOutputPortDepth(CausalityInterfaceForComposites.java:765)
	at ptolemy.actor.util.CausalityInterfaceForComposites._computeInputDepth(CausalityInterfaceForComposites.java:696)
	at ptolemy.actor.util.CausalityInterfaceForComposites._computeActorDepth(CausalityInterfaceForComposites.java:532)
	at ptolemy.actor.util.CausalityInterfaceForComposites.checkForCycles(CausalityInterfaceForComposites.java:96)
	at ptolemy.domains.de.kernel.DEDirector.preinitialize(DEDirector.java:1338)
	at ptolemy.actor.CompositeActor.preinitialize(CompositeActor.java:1828)
	at ptolemy.actor.Manager.preinitializeAndResolveTypes(Manager.java:1040)
	at ptolemy.actor.Manager.initialize(Manager.java:710)
	at ptolemy.actor.Manager.execute(Manager.java:356)
	at ptolemy.actor.Manager.run(Manager.java:1263)
	at ptolemy.actor.Manager$PtolemyRunThread.run(Manager.java:1933)
java.lang.reflect.InvocationTargetException
	at java.base/jdk.internal.reflect.NativeConstructorAccessorImpl.newInstance0(Native Method)
	at java.base/jdk.internal.reflect.NativeConstructorAccessorImpl.newInstance(NativeConstructorAccessorImpl.java:62)
	at java.base/jdk.internal.reflect.DelegatingConstructorAccessorImpl.newInstance(DelegatingConstructorAccessorImpl.java:45)
	at java.base/java.lang.reflect.Constructor.newInstance(Constructor.java:490)
	at ptolemy.util.test.junit.AutoKnownFailedTests.RunModel(AutoKnownFailedTests.java:105)
	at java.base/jdk.internal.reflect.NativeMethodAccessorImpl.invoke0(Native Method)
	at java.base/jdk.internal.reflect.NativeMethodAccessorImpl.invoke(NativeMethodAccessorImpl.java:62)
	at java.base/jdk.internal.reflect.DelegatingMethodAccessorImpl.invoke(DelegatingMethodAccessorImpl.java:43)
	at java.base/java.lang.reflect.Method.invoke(Method.java:566)
	at org.junit.runners.model.FrameworkMethod$1.runReflectiveCall(FrameworkMethod.java:44)
	at org.junit.internal.runners.model.ReflectiveCallable.run(ReflectiveCallable.java:15)
	at org.junit.runners.model.FrameworkMethod.invokeExplosively(FrameworkMethod.java:41)
	at junitparams.internal.InvokeParameterisedMethod.evaluate(InvokeParameterisedMethod.java:102)
	at org.junit.internal.runners.statements.FailOnTimeout$1.run(FailOnTimeout.java:28)
Caused by: ptolemy.kernel.util.IllegalActionException: Found a zero delay loop containing .dependencyLoop.original
  in .dependencyLoop and .dependencyLoop.original
	at ptolemy.actor.util.CausalityInterfaceForComposites._computeOutputPortDepth(CausalityInterfaceForComposites.java:759)
	at ptolemy.actor.util.CausalityInterfaceForComposites._computeInputDepth(CausalityInterfaceForComposites.java:696)
	at ptolemy.actor.util.CausalityInterfaceForComposites._computeOutputPortDepth(CausalityInterfaceForComposites.java:765)
	at ptolemy.actor.util.CausalityInterfaceForComposites._computeInputDepth(CausalityInterfaceForComposites.java:696)
	at ptolemy.actor.util.CausalityInterfaceForComposites._computeOutputPortDepth(CausalityInterfaceForComposites.java:765)
	at ptolemy.actor.util.CausalityInterfaceForComposites._computeInputDepth(CausalityInterfaceForComposites.java:696)
	at ptolemy.actor.util.CausalityInterfaceForComposites._computeActorDepth(CausalityInterfaceForComposites.java:532)
	at ptolemy.actor.util.CausalityInterfaceForComposites.checkForCycles(CausalityInterfaceForComposites.java:96)
	at ptolemy.domains.de.kernel.DEDirector.preinitialize(DEDirector.java:1338)
	at ptolemy.actor.CompositeActor.preinitialize(CompositeActor.java:1828)
	at ptolemy.actor.Manager.preinitializeAndResolveTypes(Manager.java:1040)
	at ptolemy.actor.Manager.initialize(Manager.java:710)
	at ptolemy.actor.Manager.execute(Manager.java:356)
	at ptolemy.actor.Manager.run(Manager.java:1263)
	at ptolemy.actor.Manager$PtolemyRunThread.run(Manager.java:1933)
java.lang.RuntimeException: Execution failed
	at ptolemy.moml.MoMLSimpleApplication$UnloadThread.run(MoMLSimpleApplication.java:402)
Caused by: ptolemy.kernel.util.IllegalActionException: Found a zero delay loop containing .dependencyLoop2.original
  in .dependencyLoop2 and .dependencyLoop2.original
	at ptolemy.actor.util.CausalityInterfaceForComposites._computeOutputPortDepth(CausalityInterfaceForComposites.java:759)
	at ptolemy.actor.util.CausalityInterfaceForComposites._computeInputDepth(CausalityInterfaceForComposites.java:696)
	at ptolemy.actor.util.CausalityInterfaceForComposites._computeOutputPortDepth(CausalityInterfaceForComposites.java:765)
	at ptolemy.actor.util.CausalityInterfaceForComposites._computeInputDepth(CausalityInterfaceForComposites.java:696)
	at ptolemy.actor.util.CausalityInterfaceForComposites._computeOutputPortDepth(CausalityInterfaceForComposites.java:765)
	at ptolemy.actor.util.CausalityInterfaceForComposites._computeInputDepth(CausalityInterfaceForComposites.java:696)
	at ptolemy.actor.util.CausalityInterfaceForComposites._computeActorDepth(CausalityInterfaceForComposites.java:532)
	at ptolemy.actor.util.CausalityInterfaceForComposites.checkForCycles(CausalityInterfaceForComposites.java:96)
	at ptolemy.domains.de.kernel.DEDirector.preinitialize(DEDirector.java:1338)
	at ptolemy.actor.CompositeActor.preinitialize(CompositeActor.java:1828)
	at ptolemy.actor.Manager.preinitializeAndResolveTypes(Manager.java:1040)
	at ptolemy.actor.Manager.initialize(Manager.java:710)
	at ptolemy.actor.Manager.execute(Manager.java:356)
	at ptolemy.actor.Manager.run(Manager.java:1263)
	at ptolemy.actor.Manager$PtolemyRunThread.run(Manager.java:1933)
java.lang.reflect.InvocationTargetException
	at java.base/jdk.internal.reflect.NativeConstructorAccessorImpl.newInstance0(Native Method)
	at java.base/jdk.internal.reflect.NativeConstructorAccessorImpl.newInstance(NativeConstructorAccessorImpl.java:62)
	at java.base/jdk.internal.reflect.DelegatingConstructorAccessorImpl.newInstance(DelegatingConstructorAccessorImpl.java:45)
	at java.base/java.lang.reflect.Constructor.newInstance(Constructor.java:490)
	at ptolemy.util.test.junit.AutoKnownFailedTests.RunModel(AutoKnownFailedTests.java:105)
	at java.base/jdk.internal.reflect.NativeMethodAccessorImpl.invoke0(Native Method)
	at java.base/jdk.internal.reflect.NativeMethodAccessorImpl.invoke(NativeMethodAccessorImpl.java:62)
	at java.base/jdk.internal.reflect.DelegatingMethodAccessorImpl.invoke(DelegatingMethodAccessorImpl.java:43)
	at java.base/java.lang.reflect.Method.invoke(Method.java:566)
	at org.junit.runners.model.FrameworkMethod$1.runReflectiveCall(FrameworkMethod.java:44)
	at org.junit.internal.runners.model.ReflectiveCallable.run(ReflectiveCallable.java:15)
	at org.junit.runners.model.FrameworkMethod.invokeExplosively(FrameworkMethod.java:41)
	at junitparams.internal.InvokeParameterisedMethod.evaluate(InvokeParameterisedMethod.java:102)
	at org.junit.internal.runners.statements.FailOnTimeout$1.run(FailOnTimeout.java:28)
Caused by: ptolemy.kernel.util.IllegalActionException: Found a zero delay loop containing .dependencyLoop2.original
  in .dependencyLoop2 and .dependencyLoop2.original
	at ptolemy.actor.util.CausalityInterfaceForComposites._computeOutputPortDepth(CausalityInterfaceForComposites.java:759)
	at ptolemy.actor.util.CausalityInterfaceForComposites._computeInputDepth(CausalityInterfaceForComposites.java:696)
	at ptolemy.actor.util.CausalityInterfaceForComposites._computeOutputPortDepth(CausalityInterfaceForComposites.java:765)
	at ptolemy.actor.util.CausalityInterfaceForComposites._computeInputDepth(CausalityInterfaceForComposites.java:696)
	at ptolemy.actor.util.CausalityInterfaceForComposites._computeOutputPortDepth(CausalityInterfaceForComposites.java:765)
	at ptolemy.actor.util.CausalityInterfaceForComposites._computeInputDepth(CausalityInterfaceForComposites.java:696)
	at ptolemy.actor.util.CausalityInterfaceForComposites._computeActorDepth(CausalityInterfaceForComposites.java:532)
	at ptolemy.actor.util.CausalityInterfaceForComposites.checkForCycles(CausalityInterfaceForComposites.java:96)
	at ptolemy.domains.de.kernel.DEDirector.preinitialize(DEDirector.java:1338)
	at ptolemy.actor.CompositeActor.preinitialize(CompositeActor.java:1828)
	at ptolemy.actor.Manager.preinitializeAndResolveTypes(Manager.java:1040)
	at ptolemy.actor.Manager.initialize(Manager.java:710)
	at ptolemy.actor.Manager.execute(Manager.java:356)
	at ptolemy.actor.Manager.run(Manager.java:1263)
	at ptolemy.actor.Manager$PtolemyRunThread.run(Manager.java:1933)
]]></system-err>
</testsuite>
