<?xml version="1.0" encoding="UTF-8" ?>
<testsuite errors="0" failures="0" hostname="travis-job-7dbf3bea-7abf-457d-8ede-6fc1a7188f5c" name="ptolemy.domains.modal.test.junit.JUnitTclTest" skipped="0" tests="148" time="10.762" timestamp="2019-09-19T05:44:53">
  <properties>
[...]
</properties>
  <testcase classname="ptolemy.util.test.junit.TclTests" name="[0] /home/travis/build/icyphy/ptII/ptolemy/domains/modal/test/SystemLevelType.tcl (RunTclFile)" time="1.97" />
  <testcase classname="ptolemy.util.test.junit.AutoKnownFailedTests" name="[0] /home/travis/build/icyphy/ptII/ptolemy/domains/modal/test/auto/knownFailedTests/CannotAnalysisWithPreemption.xml (RunModel)" time="0.223" />
  <testcase classname="ptolemy.util.test.junit.AutoNameArchTests" name="[0] ThereAreNoAutoArchTests (RunModel)" time="0.006" />
  <testcase classname="ptolemy.util.test.junit.AutoTests" name="[0] /home/travis/build/icyphy/ptII/ptolemy/domains/modal/test/auto/ABPTest.xml (RunModel)" time="0.726" />
  <testcase classname="ptolemy.util.test.junit.AutoTests" name="[1] /home/travis/build/icyphy/ptII/ptolemy/domains/modal/test/auto/ABROFlat.xml (RunModel)" time="0.1" />
  <testcase classname="ptolemy.util.test.junit.AutoTests" name="[2] /home/travis/build/icyphy/ptII/ptolemy/domains/modal/test/auto/ABROFlat2.xml (RunModel)" time="0.069" />
  <testcase classname="ptolemy.util.test.junit.AutoTests" name="[3] /home/travis/build/icyphy/ptII/ptolemy/domains/modal/test/auto/ABRO_present_hmm.xml (RunModel)" time="0.113" />
  <testcase classname="ptolemy.util.test.junit.AutoTests" name="[4] /home/travis/build/icyphy/ptII/ptolemy/domains/modal/test/auto/AMICoderExample.xml (RunModel)" time="0.087" />
  <testcase classname="ptolemy.util.test.junit.AutoTests" name="[5] /home/travis/build/icyphy/ptII/ptolemy/domains/modal/test/auto/AbsentToPresent.xml (RunModel)" time="0.044" />
  <testcase classname="ptolemy.util.test.junit.AutoTests" name="[6] /home/travis/build/icyphy/ptII/ptolemy/domains/modal/test/auto/Blending.xml (RunModel)" time="0.296" />
  <testcase classname="ptolemy.util.test.junit.AutoTests" name="[7] /home/travis/build/icyphy/ptII/ptolemy/domains/modal/test/auto/Broadcast.xml (RunModel)" time="0.063" />
  <testcase classname="ptolemy.util.test.junit.AutoTests" name="[8] /home/travis/build/icyphy/ptII/ptolemy/domains/modal/test/auto/BroadcastHierarchy.xml (RunModel)" time="0.081" />
  <testcase classname="ptolemy.util.test.junit.AutoTests" name="[9] /home/travis/build/icyphy/ptII/ptolemy/domains/modal/test/auto/BroadcastHierarchy2.xml (RunModel)" time="0.113" />
  <testcase classname="ptolemy.util.test.junit.AutoTests" name="[10] /home/travis/build/icyphy/ptII/ptolemy/domains/modal/test/auto/BroadcastHierarchy3.xml (RunModel)" time="0.072" />
  <testcase classname="ptolemy.util.test.junit.AutoTests" name="[11] /home/travis/build/icyphy/ptII/ptolemy/domains/modal/test/auto/BroadcastHierarchy4.xml (RunModel)" time="0.098" />
  <testcase classname="ptolemy.util.test.junit.AutoTests" name="[12] /home/travis/build/icyphy/ptII/ptolemy/domains/modal/test/auto/CannotAnalysisWithPreemption2.xml (RunModel)" time="0.038" />
  <testcase classname="ptolemy.util.test.junit.AutoTests" name="[13] /home/travis/build/icyphy/ptII/ptolemy/domains/modal/test/auto/CannotAnalysisWithPreemption3.xml (RunModel)" time="0.039" />
  <testcase classname="ptolemy.util.test.junit.AutoTests" name="[14] /home/travis/build/icyphy/ptII/ptolemy/domains/modal/test/auto/CannotProduce.xml (RunModel)" time="0.033" />
  <testcase classname="ptolemy.util.test.junit.AutoTests" name="[15] /home/travis/build/icyphy/ptII/ptolemy/domains/modal/test/auto/CannotProduceModal.xml (RunModel)" time="0.058" />
  <testcase classname="ptolemy.util.test.junit.AutoTests" name="[16] /home/travis/build/icyphy/ptII/ptolemy/domains/modal/test/auto/Case.xml (RunModel)" time="0.078" />
  <testcase classname="ptolemy.util.test.junit.AutoTests" name="[17] /home/travis/build/icyphy/ptII/ptolemy/domains/modal/test/auto/Case1.xml (RunModel)" time="0.035" />
  <testcase classname="ptolemy.util.test.junit.AutoTests" name="[18] /home/travis/build/icyphy/ptII/ptolemy/domains/modal/test/auto/Case2.xml (RunModel)" time="0.062" />
  <testcase classname="ptolemy.util.test.junit.AutoTests" name="[19] /home/travis/build/icyphy/ptII/ptolemy/domains/modal/test/auto/CausalityInterface1.xml (RunModel)" time="0.043" />
  <testcase classname="ptolemy.util.test.junit.AutoTests" name="[20] /home/travis/build/icyphy/ptII/ptolemy/domains/modal/test/auto/CausalityInterface10.xml (RunModel)" time="0.06" />
  <testcase classname="ptolemy.util.test.junit.AutoTests" name="[21] /home/travis/build/icyphy/ptII/ptolemy/domains/modal/test/auto/CausalityInterface11.xml (RunModel)" time="0.066" />
  <testcase classname="ptolemy.util.test.junit.AutoTests" name="[22] /home/travis/build/icyphy/ptII/ptolemy/domains/modal/test/auto/CausalityInterface12.xml (RunModel)" time="0.051" />
  <testcase classname="ptolemy.util.test.junit.AutoTests" name="[23] /home/travis/build/icyphy/ptII/ptolemy/domains/modal/test/auto/CausalityInterface13.xml (RunModel)" time="0.064" />
  <testcase classname="ptolemy.util.test.junit.AutoTests" name="[24] /home/travis/build/icyphy/ptII/ptolemy/domains/modal/test/auto/CausalityInterface14.xml (RunModel)" time="0.057" />
  <testcase classname="ptolemy.util.test.junit.AutoTests" name="[25] /home/travis/build/icyphy/ptII/ptolemy/domains/modal/test/auto/CausalityInterface2.xml (RunModel)" time="0.031" />
  <testcase classname="ptolemy.util.test.junit.AutoTests" name="[26] /home/travis/build/icyphy/ptII/ptolemy/domains/modal/test/auto/CausalityInterface3.xml (RunModel)" time="0.042" />
  <testcase classname="ptolemy.util.test.junit.AutoTests" name="[27] /home/travis/build/icyphy/ptII/ptolemy/domains/modal/test/auto/CausalityInterface4.xml (RunModel)" time="0.024" />
  <testcase classname="ptolemy.util.test.junit.AutoTests" name="[28] /home/travis/build/icyphy/ptII/ptolemy/domains/modal/test/auto/CausalityInterface5.xml (RunModel)" time="0.022" />
  <testcase classname="ptolemy.util.test.junit.AutoTests" name="[29] /home/travis/build/icyphy/ptII/ptolemy/domains/modal/test/auto/CausalityInterface6.xml (RunModel)" time="0.032" />
  <testcase classname="ptolemy.util.test.junit.AutoTests" name="[30] /home/travis/build/icyphy/ptII/ptolemy/domains/modal/test/auto/CausalityInterface7.xml (RunModel)" time="0.034" />
  <testcase classname="ptolemy.util.test.junit.AutoTests" name="[31] /home/travis/build/icyphy/ptII/ptolemy/domains/modal/test/auto/CausalityInterface8.xml (RunModel)" time="0.042" />
  <testcase classname="ptolemy.util.test.junit.AutoTests" name="[32] /home/travis/build/icyphy/ptII/ptolemy/domains/modal/test/auto/CausalityInterface9.xml (RunModel)" time="0.041" />
  <testcase classname="ptolemy.util.test.junit.AutoTests" name="[33] /home/travis/build/icyphy/ptII/ptolemy/domains/modal/test/auto/ChainedTransitions.xml (RunModel)" time="0.175" />
  <testcase classname="ptolemy.util.test.junit.AutoTests" name="[34] /home/travis/build/icyphy/ptII/ptolemy/domains/modal/test/auto/CycleOfImmediateTransitionsFSM.xml (RunModel)" time="0.022" />
  <testcase classname="ptolemy.util.test.junit.AutoTests" name="[35] /home/travis/build/icyphy/ptII/ptolemy/domains/modal/test/auto/CycleOfImmediateTransitionsModal.xml (RunModel)" time="0.021" />
  <testcase classname="ptolemy.util.test.junit.AutoTests" name="[36] /home/travis/build/icyphy/ptII/ptolemy/domains/modal/test/auto/CycleOfImmediateTransitionsModal2.xml (RunModel)" time="0.027" />
  <testcase classname="ptolemy.util.test.junit.AutoTests" name="[37] /home/travis/build/icyphy/ptII/ptolemy/domains/modal/test/auto/CycleOfImmediateTransitionsModal3.xml (RunModel)" time="0.082" />
  <testcase classname="ptolemy.util.test.junit.AutoTests" name="[38] /home/travis/build/icyphy/ptII/ptolemy/domains/modal/test/auto/DeepModal1.xml (RunModel)" time="0.06" />
  <testcase classname="ptolemy.util.test.junit.AutoTests" name="[39] /home/travis/build/icyphy/ptII/ptolemy/domains/modal/test/auto/DeepModal2.xml (RunModel)" time="0.058" />
  <testcase classname="ptolemy.util.test.junit.AutoTests" name="[40] /home/travis/build/icyphy/ptII/ptolemy/domains/modal/test/auto/DeepModal3.xml (RunModel)" time="0.077" />
  <testcase classname="ptolemy.util.test.junit.AutoTests" name="[41] /home/travis/build/icyphy/ptII/ptolemy/domains/modal/test/auto/DeepModal4.xml (RunModel)" time="0.066" />
  <testcase classname="ptolemy.util.test.junit.AutoTests" name="[42] /home/travis/build/icyphy/ptII/ptolemy/domains/modal/test/auto/Default1.xml (RunModel)" time="0.016" />
  <testcase classname="ptolemy.util.test.junit.AutoTests" name="[43] /home/travis/build/icyphy/ptII/ptolemy/domains/modal/test/auto/Default2.xml (RunModel)" time="0.019" />
  <testcase classname="ptolemy.util.test.junit.AutoTests" name="[44] /home/travis/build/icyphy/ptII/ptolemy/domains/modal/test/auto/Default3.xml (RunModel)" time="0.02" />
  <testcase classname="ptolemy.util.test.junit.AutoTests" name="[45] /home/travis/build/icyphy/ptII/ptolemy/domains/modal/test/auto/Default4.xml (RunModel)" time="0.022" />
  <testcase classname="ptolemy.util.test.junit.AutoTests" name="[46] /home/travis/build/icyphy/ptII/ptolemy/domains/modal/test/auto/Default5.xml (RunModel)" time="0.022" />
  <testcase classname="ptolemy.util.test.junit.AutoTests" name="[47] /home/travis/build/icyphy/ptII/ptolemy/domains/modal/test/auto/EmptyGuard.xml (RunModel)" time="0.034" />
  <testcase classname="ptolemy.util.test.junit.AutoTests" name="[48] /home/travis/build/icyphy/ptII/ptolemy/domains/modal/test/auto/ErrorTransition1.xml (RunModel)" time="0.037" />
  <testcase classname="ptolemy.util.test.junit.AutoTests" name="[49] /home/travis/build/icyphy/ptII/ptolemy/domains/modal/test/auto/ErrorTransition10.xml (RunModel)" time="0.041" />
  <testcase classname="ptolemy.util.test.junit.AutoTests" name="[50] /home/travis/build/icyphy/ptII/ptolemy/domains/modal/test/auto/ErrorTransition11.xml (RunModel)" time="0.04" />
  <testcase classname="ptolemy.util.test.junit.AutoTests" name="[51] /home/travis/build/icyphy/ptII/ptolemy/domains/modal/test/auto/ErrorTransition2.xml (RunModel)" time="0.032" />
  <testcase classname="ptolemy.util.test.junit.AutoTests" name="[52] /home/travis/build/icyphy/ptII/ptolemy/domains/modal/test/auto/ErrorTransition3.xml (RunModel)" time="0.05" />
  <testcase classname="ptolemy.util.test.junit.AutoTests" name="[53] /home/travis/build/icyphy/ptII/ptolemy/domains/modal/test/auto/ErrorTransition4.xml (RunModel)" time="0.04" />
  <testcase classname="ptolemy.util.test.junit.AutoTests" name="[54] /home/travis/build/icyphy/ptII/ptolemy/domains/modal/test/auto/ErrorTransition5.xml (RunModel)" time="0.026" />
  <testcase classname="ptolemy.util.test.junit.AutoTests" name="[55] /home/travis/build/icyphy/ptII/ptolemy/domains/modal/test/auto/ErrorTransition6.xml (RunModel)" time="0.03" />
  <testcase classname="ptolemy.util.test.junit.AutoTests" name="[56] /home/travis/build/icyphy/ptII/ptolemy/domains/modal/test/auto/ErrorTransition7.xml (RunModel)" time="0.046" />
  <testcase classname="ptolemy.util.test.junit.AutoTests" name="[57] /home/travis/build/icyphy/ptII/ptolemy/domains/modal/test/auto/ErrorTransition8.xml (RunModel)" time="0.052" />
  <testcase classname="ptolemy.util.test.junit.AutoTests" name="[58] /home/travis/build/icyphy/ptII/ptolemy/domains/modal/test/auto/ErrorTransition9.xml (RunModel)" time="0.034" />
  <testcase classname="ptolemy.util.test.junit.AutoTests" name="[59] /home/travis/build/icyphy/ptII/ptolemy/domains/modal/test/auto/ExtendedFSM.xml (RunModel)" time="0.02" />
  <testcase classname="ptolemy.util.test.junit.AutoTests" name="[60] /home/travis/build/icyphy/ptII/ptolemy/domains/modal/test/auto/FinalStates.xml (RunModel)" time="0.019" />
  <testcase classname="ptolemy.util.test.junit.AutoTests" name="[61] /home/travis/build/icyphy/ptII/ptolemy/domains/modal/test/auto/FixedPointFSM.xml (RunModel)" time="0.056" />
  <testcase classname="ptolemy.util.test.junit.AutoTests" name="[62] /home/travis/build/icyphy/ptII/ptolemy/domains/modal/test/auto/FixedPointIterationFSMActor.xml (RunModel)" time="0.031" />
  <testcase classname="ptolemy.util.test.junit.AutoTests" name="[63] /home/travis/build/icyphy/ptII/ptolemy/domains/modal/test/auto/FixedPointIterationFSMActor2.xml (RunModel)" time="0.038" />
  <testcase classname="ptolemy.util.test.junit.AutoTests" name="[64] /home/travis/build/icyphy/ptII/ptolemy/domains/modal/test/auto/ForbiddenInstantanousLoop.xml (RunModel)" time="0.028" />
  <testcase classname="ptolemy.util.test.junit.AutoTests" name="[65] /home/travis/build/icyphy/ptII/ptolemy/domains/modal/test/auto/FunctionDependencyOfFSMActorTest.xml (RunModel)" time="0.027" />
  <testcase classname="ptolemy.util.test.junit.AutoTests" name="[66] /home/travis/build/icyphy/ptII/ptolemy/domains/modal/test/auto/GuardExpression.xml (RunModel)" time="0.025" />
  <testcase classname="ptolemy.util.test.junit.AutoTests" name="[67] /home/travis/build/icyphy/ptII/ptolemy/domains/modal/test/auto/GuardNotEvaluated.xml (RunModel)" time="0.033" />
  <testcase classname="ptolemy.util.test.junit.AutoTests" name="[68] /home/travis/build/icyphy/ptII/ptolemy/domains/modal/test/auto/GuardNotEvaluated2.xml (RunModel)" time="0.025" />
  <testcase classname="ptolemy.util.test.junit.AutoTests" name="[69] /home/travis/build/icyphy/ptII/ptolemy/domains/modal/test/auto/GuardOnAbsent.xml (RunModel)" time="0.024" />
  <testcase classname="ptolemy.util.test.junit.AutoTests" name="[70] /home/travis/build/icyphy/ptII/ptolemy/domains/modal/test/auto/HierarchicalFSMTypeInference.xml (RunModel)" time="0.028" />
  <testcase classname="ptolemy.util.test.junit.AutoTests" name="[71] /home/travis/build/icyphy/ptII/ptolemy/domains/modal/test/auto/Hysteresis.xml (RunModel)" time="0.042" />
  <testcase classname="ptolemy.util.test.junit.AutoTests" name="[72] /home/travis/build/icyphy/ptII/ptolemy/domains/modal/test/auto/HysteresisWithDefault.xml (RunModel)" time="0.066" />
  <testcase classname="ptolemy.util.test.junit.AutoTests" name="[73] /home/travis/build/icyphy/ptII/ptolemy/domains/modal/test/auto/HysteresisWithDefault2.xml (RunModel)" time="0.093" />
  <testcase classname="ptolemy.util.test.junit.AutoTests" name="[74] /home/travis/build/icyphy/ptII/ptolemy/domains/modal/test/auto/ImmediateNonConstructiveness.xml (RunModel)" time="0.036" />
  <testcase classname="ptolemy.util.test.junit.AutoTests" name="[75] /home/travis/build/icyphy/ptII/ptolemy/domains/modal/test/auto/ImmediateNonConstructiveness2.xml (RunModel)" time="0.019" />
  <testcase classname="ptolemy.util.test.junit.AutoTests" name="[76] /home/travis/build/icyphy/ptII/ptolemy/domains/modal/test/auto/ImmediateTransitionReset.xml (RunModel)" time="0.038" />
  <testcase classname="ptolemy.util.test.junit.AutoTests" name="[77] /home/travis/build/icyphy/ptII/ptolemy/domains/modal/test/auto/ImmediateTransitions1.xml (RunModel)" time="0.013" />
  <testcase classname="ptolemy.util.test.junit.AutoTests" name="[78] /home/travis/build/icyphy/ptII/ptolemy/domains/modal/test/auto/ImmediateTransitionsInstantaneousCommunication.xml (RunModel)" time="0.032" />
  <testcase classname="ptolemy.util.test.junit.AutoTests" name="[79] /home/travis/build/icyphy/ptII/ptolemy/domains/modal/test/auto/InitialImmediateTransition.xml (RunModel)" time="0.016" />
  <testcase classname="ptolemy.util.test.junit.AutoTests" name="[80] /home/travis/build/icyphy/ptII/ptolemy/domains/modal/test/auto/InitialOutputs.xml (RunModel)" time="0.016" />
  <testcase classname="ptolemy.util.test.junit.AutoTests" name="[81] /home/travis/build/icyphy/ptII/ptolemy/domains/modal/test/auto/InitialStateTransition1.xml (RunModel)" time="0.02" />
  <testcase classname="ptolemy.util.test.junit.AutoTests" name="[82] /home/travis/build/icyphy/ptII/ptolemy/domains/modal/test/auto/InitialStateTransition2.xml (RunModel)" time="0.027" />
  <testcase classname="ptolemy.util.test.junit.AutoTests" name="[83] /home/travis/build/icyphy/ptII/ptolemy/domains/modal/test/auto/InitialStateTransition3.xml (RunModel)" time="0.024" />
  <testcase classname="ptolemy.util.test.junit.AutoTests" name="[84] /home/travis/build/icyphy/ptII/ptolemy/domains/modal/test/auto/InitialStateTransition4.xml (RunModel)" time="0.026" />
  <testcase classname="ptolemy.util.test.junit.AutoTests" name="[85] /home/travis/build/icyphy/ptII/ptolemy/domains/modal/test/auto/MalformedGuardExpressionNotCaught.xml (RunModel)" time="0.025" />
  <testcase classname="ptolemy.util.test.junit.AutoTests" name="[86] /home/travis/build/icyphy/ptII/ptolemy/domains/modal/test/auto/ModalBSC.xml (RunModel)" time="0.089" />
  <testcase classname="ptolemy.util.test.junit.AutoTests" name="[87] /home/travis/build/icyphy/ptII/ptolemy/domains/modal/test/auto/ModalClocks.xml (RunModel)" time="0.096" />
  <testcase classname="ptolemy.util.test.junit.AutoTests" name="[88] /home/travis/build/icyphy/ptII/ptolemy/domains/modal/test/auto/ModalDelay.xml (RunModel)" time="0.045" />
  <testcase classname="ptolemy.util.test.junit.AutoTests" name="[89] /home/travis/build/icyphy/ptII/ptolemy/domains/modal/test/auto/ModalDelay2.xml (RunModel)" time="0.043" />
  <testcase classname="ptolemy.util.test.junit.AutoTests" name="[90] /home/travis/build/icyphy/ptII/ptolemy/domains/modal/test/auto/ModalModelFromMemo.xml (RunModel)" time="0.056" />
  <testcase classname="ptolemy.util.test.junit.AutoTests" name="[91] /home/travis/build/icyphy/ptII/ptolemy/domains/modal/test/auto/ModalModelWithMultirateTransient.xml (RunModel)" time="0.055" />
  <testcase classname="ptolemy.util.test.junit.AutoTests" name="[92] /home/travis/build/icyphy/ptII/ptolemy/domains/modal/test/auto/ModalModelWithReset.xml (RunModel)" time="0.058" />
  <testcase classname="ptolemy.util.test.junit.AutoTests" name="[93] /home/travis/build/icyphy/ptII/ptolemy/domains/modal/test/auto/MouseClickFSM.xml (RunModel)" time="0.048" />
  <testcase classname="ptolemy.util.test.junit.AutoTests" name="[94] /home/travis/build/icyphy/ptII/ptolemy/domains/modal/test/auto/MouseClickFSMModal.xml (RunModel)" time="0.056" />
  <testcase classname="ptolemy.util.test.junit.AutoTests" name="[95] /home/travis/build/icyphy/ptII/ptolemy/domains/modal/test/auto/NonStrictFSM_FeedbackLoop.xml (RunModel)" time="0.043" />
  <testcase classname="ptolemy.util.test.junit.AutoTests" name="[96] /home/travis/build/icyphy/ptII/ptolemy/domains/modal/test/auto/NonStrictFSM_FeedbackLoop_Refinement.xml (RunModel)" time="0.111" />
  <testcase classname="ptolemy.util.test.junit.AutoTests" name="[97] /home/travis/build/icyphy/ptII/ptolemy/domains/modal/test/auto/NonStrictFSM_FeedbackLoop_preemptive.xml (RunModel)" time="0.056" />
  <testcase classname="ptolemy.util.test.junit.AutoTests" name="[98] /home/travis/build/icyphy/ptII/ptolemy/domains/modal/test/auto/NormalTermination.xml (RunModel)" time="0.047" />
  <testcase classname="ptolemy.util.test.junit.AutoTests" name="[99] /home/travis/build/icyphy/ptII/ptolemy/domains/modal/test/auto/Pong.xml (RunModel)" time="0.074" />
  <testcase classname="ptolemy.util.test.junit.AutoTests" name="[100] /home/travis/build/icyphy/ptII/ptolemy/domains/modal/test/auto/Pong_test.xml (RunModel)" time="0.1" />
  <testcase classname="ptolemy.util.test.junit.AutoTests" name="[101] /home/travis/build/icyphy/ptII/ptolemy/domains/modal/test/auto/PreemptionHierarchy.xml (RunModel)" time="0.029" />
  <testcase classname="ptolemy.util.test.junit.AutoTests" name="[102] /home/travis/build/icyphy/ptII/ptolemy/domains/modal/test/auto/PreemptionHierarchy2.xml (RunModel)" time="0.032" />
  <testcase classname="ptolemy.util.test.junit.AutoTests" name="[103] /home/travis/build/icyphy/ptII/ptolemy/domains/modal/test/auto/PreemptiveTransition.xml (RunModel)" time="0.023" />
  <testcase classname="ptolemy.util.test.junit.AutoTests" name="[104] /home/travis/build/icyphy/ptII/ptolemy/domains/modal/test/auto/Priorities.xml (RunModel)" time="0.082" />
  <testcase classname="ptolemy.util.test.junit.AutoTests" name="[105] /home/travis/build/icyphy/ptII/ptolemy/domains/modal/test/auto/ResetFinal.xml (RunModel)" time="0.059" />
  <testcase classname="ptolemy.util.test.junit.AutoTests" name="[106] /home/travis/build/icyphy/ptII/ptolemy/domains/modal/test/auto/ResetFinal2.xml (RunModel)" time="0.031" />
  <testcase classname="ptolemy.util.test.junit.AutoTests" name="[107] /home/travis/build/icyphy/ptII/ptolemy/domains/modal/test/auto/ResetTransitionWithStartTime.xml (RunModel)" time="0.03" />
  <testcase classname="ptolemy.util.test.junit.AutoTests" name="[108] /home/travis/build/icyphy/ptII/ptolemy/domains/modal/test/auto/SDF-FSMComposite.xml (RunModel)" time="0.022" />
  <testcase classname="ptolemy.util.test.junit.AutoTests" name="[109] /home/travis/build/icyphy/ptII/ptolemy/domains/modal/test/auto/SeeminglyNondeterminate.xml (RunModel)" time="0.071" />
  <testcase classname="ptolemy.util.test.junit.AutoTests" name="[110] /home/travis/build/icyphy/ptII/ptolemy/domains/modal/test/auto/SeeminglyNondeterminate2.xml (RunModel)" time="0.071" />
  <testcase classname="ptolemy.util.test.junit.AutoTests" name="[111] /home/travis/build/icyphy/ptII/ptolemy/domains/modal/test/auto/SpontaneousFSM.xml (RunModel)" time="0.053" />
  <testcase classname="ptolemy.util.test.junit.AutoTests" name="[112] /home/travis/build/icyphy/ptII/ptolemy/domains/modal/test/auto/SpontaneousFSM2.xml (RunModel)" time="0.027" />
  <testcase classname="ptolemy.util.test.junit.AutoTests" name="[113] /home/travis/build/icyphy/ptII/ptolemy/domains/modal/test/auto/SpontaneousFSM3.xml (RunModel)" time="0.041" />
  <testcase classname="ptolemy.util.test.junit.AutoTests" name="[114] /home/travis/build/icyphy/ptII/ptolemy/domains/modal/test/auto/SpontaneousFSM4.xml (RunModel)" time="0.046" />
  <testcase classname="ptolemy.util.test.junit.AutoTests" name="[115] /home/travis/build/icyphy/ptII/ptolemy/domains/modal/test/auto/StateTrackerTest.xml (RunModel)" time="0.069" />
  <testcase classname="ptolemy.util.test.junit.AutoTests" name="[116] /home/travis/build/icyphy/ptII/ptolemy/domains/modal/test/auto/StrongImmediateTransition.xml (RunModel)" time="0.031" />
  <testcase classname="ptolemy.util.test.junit.AutoTests" name="[117] /home/travis/build/icyphy/ptII/ptolemy/domains/modal/test/auto/SustainHierarchy.xml (RunModel)" time="0.032" />
  <testcase classname="ptolemy.util.test.junit.AutoTests" name="[118] /home/travis/build/icyphy/ptII/ptolemy/domains/modal/test/auto/TerminationTransition1.xml (RunModel)" time="0.017" />
  <testcase classname="ptolemy.util.test.junit.AutoTests" name="[119] /home/travis/build/icyphy/ptII/ptolemy/domains/modal/test/auto/TerminationTransition2.xml (RunModel)" time="0.025" />
  <testcase classname="ptolemy.util.test.junit.AutoTests" name="[120] /home/travis/build/icyphy/ptII/ptolemy/domains/modal/test/auto/TerminationTransition3.xml (RunModel)" time="0.021" />
  <testcase classname="ptolemy.util.test.junit.AutoTests" name="[121] /home/travis/build/icyphy/ptII/ptolemy/domains/modal/test/auto/TerminationTransition4.xml (RunModel)" time="0.033" />
  <testcase classname="ptolemy.util.test.junit.AutoTests" name="[122] /home/travis/build/icyphy/ptII/ptolemy/domains/modal/test/auto/TerminationTransition5.xml (RunModel)" time="0.03" />
  <testcase classname="ptolemy.util.test.junit.AutoTests" name="[123] /home/travis/build/icyphy/ptII/ptolemy/domains/modal/test/auto/TerminationTransition6.xml (RunModel)" time="0.019" />
  <testcase classname="ptolemy.util.test.junit.AutoTests" name="[124] /home/travis/build/icyphy/ptII/ptolemy/domains/modal/test/auto/TerminationTransition7.xml (RunModel)" time="0.02" />
  <testcase classname="ptolemy.util.test.junit.AutoTests" name="[125] /home/travis/build/icyphy/ptII/ptolemy/domains/modal/test/auto/TerminationTransition8.xml (RunModel)" time="0.022" />
  <testcase classname="ptolemy.util.test.junit.AutoTests" name="[126] /home/travis/build/icyphy/ptII/ptolemy/domains/modal/test/auto/Thermostat_NoHysteresis.xml (RunModel)" time="0.07" />
  <testcase classname="ptolemy.util.test.junit.AutoTests" name="[127] /home/travis/build/icyphy/ptII/ptolemy/domains/modal/test/auto/TimedFSM.xml (RunModel)" time="0.028" />
  <testcase classname="ptolemy.util.test.junit.AutoTests" name="[128] /home/travis/build/icyphy/ptII/ptolemy/domains/modal/test/auto/Timeout1.xml (RunModel)" time="0.014" />
  <testcase classname="ptolemy.util.test.junit.AutoTests" name="[129] /home/travis/build/icyphy/ptII/ptolemy/domains/modal/test/auto/Timeout2.xml (RunModel)" time="0.018" />
  <testcase classname="ptolemy.util.test.junit.AutoTests" name="[130] /home/travis/build/icyphy/ptII/ptolemy/domains/modal/test/auto/Timeout3.xml (RunModel)" time="0.01" />
  <testcase classname="ptolemy.util.test.junit.AutoTests" name="[131] /home/travis/build/icyphy/ptII/ptolemy/domains/modal/test/auto/Timeout4.xml (RunModel)" time="0.012" />
  <testcase classname="ptolemy.util.test.junit.AutoTests" name="[132] /home/travis/build/icyphy/ptII/ptolemy/domains/modal/test/auto/TransientstateModelAdvanced.xml (RunModel)" time="0.025" />
  <testcase classname="ptolemy.util.test.junit.AutoTests" name="[133] /home/travis/build/icyphy/ptII/ptolemy/domains/modal/test/auto/TransientstateModelAdvanced2.xml (RunModel)" time="0.055" />
  <testcase classname="ptolemy.util.test.junit.AutoTests" name="[134] /home/travis/build/icyphy/ptII/ptolemy/domains/modal/test/auto/TransitionRefinements.xml (RunModel)" time="0.028" />
  <testcase classname="ptolemy.util.test.junit.AutoTests" name="[135] /home/travis/build/icyphy/ptII/ptolemy/domains/modal/test/auto/TwoRefinements1.xml (RunModel)" time="0.026" />
  <testcase classname="ptolemy.util.test.junit.AutoTests" name="[136] /home/travis/build/icyphy/ptII/ptolemy/domains/modal/test/auto/TwoRefinements2.xml (RunModel)" time="0.024" />
  <testcase classname="ptolemy.util.test.junit.AutoTests" name="[137] /home/travis/build/icyphy/ptII/ptolemy/domains/modal/test/auto/WeakImmediateTransition.xml (RunModel)" time="0.027" />
  <testcase classname="ptolemy.util.test.junit.AutoTests" name="[138] /home/travis/build/icyphy/ptII/ptolemy/domains/modal/test/auto/booleanSelect.xml (RunModel)" time="0.077" />
  <testcase classname="ptolemy.util.test.junit.AutoTests" name="[139] /home/travis/build/icyphy/ptII/ptolemy/domains/modal/test/auto/modalChangingParams.xml (RunModel)" time="0.3" />
  <testcase classname="ptolemy.util.test.junit.AutoTests" name="[140] /home/travis/build/icyphy/ptII/ptolemy/domains/modal/test/auto/modalModel.xml (RunModel)" time="0.044" />
  <testcase classname="ptolemy.util.test.junit.AutoTests" name="[141] /home/travis/build/icyphy/ptII/ptolemy/domains/modal/test/auto/modalModel2.xml (RunModel)" time="0.035" />
  <testcase classname="ptolemy.util.test.junit.AutoTests" name="[142] /home/travis/build/icyphy/ptII/ptolemy/domains/modal/test/auto/modalModel3.xml (RunModel)" time="0.046" />
  <testcase classname="ptolemy.util.test.junit.AutoTests" name="[143] /home/travis/build/icyphy/ptII/ptolemy/domains/modal/test/auto/model1.xml (RunModel)" time="0.023" />
  <testcase classname="ptolemy.util.test.junit.AutoTests" name="[144] /home/travis/build/icyphy/ptII/ptolemy/domains/modal/test/auto/test-direct-in-out.xml (RunModel)" time="0.033" />
  <system-out><![CDATA[/home/travis/build/icyphy/ptII/ptolemy/domains/modal/test/SystemLevelType.tcl
testDefs.tcl: setting time out to 9000 seconds at Thu Sep 19 05:44:53 UTC 2019
09/19/19 05:44:55
Failed: 0  Total Tests: 1  ((Passed: 1, Newly Passed: 0)  Known Failed: 0) /home/travis/build/icyphy/ptII/ptolemy/domains/modal/test
----------------- testing (KnownFailure) /home/travis/build/icyphy/ptII/ptolemy/domains/modal/test/auto/knownFailedTests/CannotAnalysisWithPreemption.xml
126 ms. Memory: 120832K Free: 47633K (39%)
Known Failure: java.lang.reflect.InvocationTargetException
No auto/linux-amd64/*.xml tests in /home/travis/build/icyphy/ptII/ptolemy/domains/modal/test
AutoTests.java: About to close Vertx.
AutoTests.java: Vertx closed.

===========================================================================================
----------------- testing Thu Sep 19 05:44:56 UTC 2019 /home/travis/build/icyphy/ptII/ptolemy/domains/modal/test/auto/ABPTest.xml
----------------- Instantiating /home/travis/build/icyphy/ptII/ptolemy/domains/modal/test/auto/ABPTest.xml
283 ms. Memory: 161792K Free: 107948K (67%)
----------------- Invoking toplevel() on ptolemy.moml.MoMLSimpleApplication@e8918f3
----------------- Done invoking toplevel() on ptolemy.moml.MoMLSimpleApplication@e8918f3
reloadAllAccessors: .ABPTest

===========================================================================================
----------------- testing Thu Sep 19 05:44:56 UTC 2019 /home/travis/build/icyphy/ptII/ptolemy/domains/modal/test/auto/ABROFlat.xml
----------------- Instantiating /home/travis/build/icyphy/ptII/ptolemy/domains/modal/test/auto/ABROFlat.xml
27 ms. Memory: 161792K Free: 92412K (57%)
----------------- Invoking toplevel() on ptolemy.moml.MoMLSimpleApplication@74f81e74
----------------- Done invoking toplevel() on ptolemy.moml.MoMLSimpleApplication@74f81e74
reloadAllAccessors: .ABROFlat

===========================================================================================
----------------- testing Thu Sep 19 05:44:56 UTC 2019 /home/travis/build/icyphy/ptII/ptolemy/domains/modal/test/auto/ABROFlat2.xml
----------------- Instantiating /home/travis/build/icyphy/ptII/ptolemy/domains/modal/test/auto/ABROFlat2.xml
14 ms. Memory: 161792K Free: 75540K (47%)
----------------- Invoking toplevel() on ptolemy.moml.MoMLSimpleApplication@5595d772
----------------- Done invoking toplevel() on ptolemy.moml.MoMLSimpleApplication@5595d772
reloadAllAccessors: .ABROFlat2

===========================================================================================
----------------- testing Thu Sep 19 05:44:57 UTC 2019 /home/travis/build/icyphy/ptII/ptolemy/domains/modal/test/auto/ABRO_present_hmm.xml
----------------- Instantiating /home/travis/build/icyphy/ptII/ptolemy/domains/modal/test/auto/ABRO_present_hmm.xml
20 ms. Memory: 161792K Free: 125369K (77%)
----------------- Invoking toplevel() on ptolemy.moml.MoMLSimpleApplication@569a655a
----------------- Done invoking toplevel() on ptolemy.moml.MoMLSimpleApplication@569a655a
reloadAllAccessors: .ABRO_present_hmm

===========================================================================================
----------------- testing Thu Sep 19 05:44:57 UTC 2019 /home/travis/build/icyphy/ptII/ptolemy/domains/modal/test/auto/AMICoderExample.xml
----------------- Instantiating /home/travis/build/icyphy/ptII/ptolemy/domains/modal/test/auto/AMICoderExample.xml
45 ms. Memory: 161792K Free: 115115K (71%)
----------------- Invoking toplevel() on ptolemy.moml.MoMLSimpleApplication@3c160d25
----------------- Done invoking toplevel() on ptolemy.moml.MoMLSimpleApplication@3c160d25
reloadAllAccessors: .AMICoderExample

===========================================================================================
----------------- testing Thu Sep 19 05:44:57 UTC 2019 /home/travis/build/icyphy/ptII/ptolemy/domains/modal/test/auto/AbsentToPresent.xml
----------------- Instantiating /home/travis/build/icyphy/ptII/ptolemy/domains/modal/test/auto/AbsentToPresent.xml
6 ms. Memory: 161792K Free: 110595K (68%)
----------------- Invoking toplevel() on ptolemy.moml.MoMLSimpleApplication@16aa07d1
----------------- Done invoking toplevel() on ptolemy.moml.MoMLSimpleApplication@16aa07d1
reloadAllAccessors: .AbsentToPresent

===========================================================================================
----------------- testing Thu Sep 19 05:44:57 UTC 2019 /home/travis/build/icyphy/ptII/ptolemy/domains/modal/test/auto/Blending.xml
----------------- Instantiating /home/travis/build/icyphy/ptII/ptolemy/domains/modal/test/auto/Blending.xml
195 ms. Memory: 161792K Free: 65509K (40%)
----------------- Invoking toplevel() on ptolemy.moml.MoMLSimpleApplication@92d5ac6
----------------- Done invoking toplevel() on ptolemy.moml.MoMLSimpleApplication@92d5ac6
reloadAllAccessors: .Blending

===========================================================================================
----------------- testing Thu Sep 19 05:44:57 UTC 2019 /home/travis/build/icyphy/ptII/ptolemy/domains/modal/test/auto/Broadcast.xml
----------------- Instantiating /home/travis/build/icyphy/ptII/ptolemy/domains/modal/test/auto/Broadcast.xml
16 ms. Memory: 201728K Free: 182109K (90%)
----------------- Invoking toplevel() on ptolemy.moml.MoMLSimpleApplication@1abddaaf
----------------- Done invoking toplevel() on ptolemy.moml.MoMLSimpleApplication@1abddaaf
reloadAllAccessors: .Broadcast

===========================================================================================
----------------- testing Thu Sep 19 05:44:57 UTC 2019 /home/travis/build/icyphy/ptII/ptolemy/domains/modal/test/auto/BroadcastHierarchy.xml
----------------- Instantiating /home/travis/build/icyphy/ptII/ptolemy/domains/modal/test/auto/BroadcastHierarchy.xml
19 ms. Memory: 201728K Free: 168301K (83%)
----------------- Invoking toplevel() on ptolemy.moml.MoMLSimpleApplication@3b2fccc8
----------------- Done invoking toplevel() on ptolemy.moml.MoMLSimpleApplication@3b2fccc8
reloadAllAccessors: .BroadcastHierarchy

===========================================================================================
----------------- testing Thu Sep 19 05:44:57 UTC 2019 /home/travis/build/icyphy/ptII/ptolemy/domains/modal/test/auto/BroadcastHierarchy2.xml
----------------- Instantiating /home/travis/build/icyphy/ptII/ptolemy/domains/modal/test/auto/BroadcastHierarchy2.xml
17 ms. Memory: 201728K Free: 141133K (70%)
----------------- Invoking toplevel() on ptolemy.moml.MoMLSimpleApplication@4440e8bf
----------------- Done invoking toplevel() on ptolemy.moml.MoMLSimpleApplication@4440e8bf
reloadAllAccessors: .BroadcastHierarchy2

===========================================================================================
----------------- testing Thu Sep 19 05:44:57 UTC 2019 /home/travis/build/icyphy/ptII/ptolemy/domains/modal/test/auto/BroadcastHierarchy3.xml
----------------- Instantiating /home/travis/build/icyphy/ptII/ptolemy/domains/modal/test/auto/BroadcastHierarchy3.xml
13 ms. Memory: 201728K Free: 120683K (60%)
----------------- Invoking toplevel() on ptolemy.moml.MoMLSimpleApplication@58408064
----------------- Done invoking toplevel() on ptolemy.moml.MoMLSimpleApplication@58408064
reloadAllAccessors: .BroadcastHierarchy3

===========================================================================================
----------------- testing Thu Sep 19 05:44:57 UTC 2019 /home/travis/build/icyphy/ptII/ptolemy/domains/modal/test/auto/BroadcastHierarchy4.xml
----------------- Instantiating /home/travis/build/icyphy/ptII/ptolemy/domains/modal/test/auto/BroadcastHierarchy4.xml
20 ms. Memory: 201728K Free: 96107K (48%)
----------------- Invoking toplevel() on ptolemy.moml.MoMLSimpleApplication@84fc9be
----------------- Done invoking toplevel() on ptolemy.moml.MoMLSimpleApplication@84fc9be
reloadAllAccessors: .BroadcastHierarchy4

===========================================================================================
----------------- testing Thu Sep 19 05:44:58 UTC 2019 /home/travis/build/icyphy/ptII/ptolemy/domains/modal/test/auto/CannotAnalysisWithPreemption2.xml
----------------- Instantiating /home/travis/build/icyphy/ptII/ptolemy/domains/modal/test/auto/CannotAnalysisWithPreemption2.xml
7 ms. Memory: 201728K Free: 88925K (44%)
----------------- Invoking toplevel() on ptolemy.moml.MoMLSimpleApplication@6e66c23d
----------------- Done invoking toplevel() on ptolemy.moml.MoMLSimpleApplication@6e66c23d
reloadAllAccessors: .CannotAnalysisWithPreemption2

===========================================================================================
----------------- testing Thu Sep 19 05:44:58 UTC 2019 /home/travis/build/icyphy/ptII/ptolemy/domains/modal/test/auto/CannotAnalysisWithPreemption3.xml
----------------- Instantiating /home/travis/build/icyphy/ptII/ptolemy/domains/modal/test/auto/CannotAnalysisWithPreemption3.xml
5 ms. Memory: 201728K Free: 79213K (39%)
----------------- Invoking toplevel() on ptolemy.moml.MoMLSimpleApplication@7e203339
----------------- Done invoking toplevel() on ptolemy.moml.MoMLSimpleApplication@7e203339
reloadAllAccessors: .CannotAnalysisWithPreemption3

===========================================================================================
----------------- testing Thu Sep 19 05:44:58 UTC 2019 /home/travis/build/icyphy/ptII/ptolemy/domains/modal/test/auto/CannotProduce.xml
----------------- Instantiating /home/travis/build/icyphy/ptII/ptolemy/domains/modal/test/auto/CannotProduce.xml
14 ms. Memory: 201728K Free: 72555K (36%)
----------------- Invoking toplevel() on ptolemy.moml.MoMLSimpleApplication@24905688
----------------- Done invoking toplevel() on ptolemy.moml.MoMLSimpleApplication@24905688
reloadAllAccessors: .CannotProduce

===========================================================================================
----------------- testing Thu Sep 19 05:44:58 UTC 2019 /home/travis/build/icyphy/ptII/ptolemy/domains/modal/test/auto/CannotProduceModal.xml
----------------- Instantiating /home/travis/build/icyphy/ptII/ptolemy/domains/modal/test/auto/CannotProduceModal.xml
9 ms. Memory: 201728K Free: 181159K (90%)
----------------- Invoking toplevel() on ptolemy.moml.MoMLSimpleApplication@1663d449
----------------- Done invoking toplevel() on ptolemy.moml.MoMLSimpleApplication@1663d449
reloadAllAccessors: .CannotProduceModal

===========================================================================================
----------------- testing Thu Sep 19 05:44:58 UTC 2019 /home/travis/build/icyphy/ptII/ptolemy/domains/modal/test/auto/Case.xml
----------------- Instantiating /home/travis/build/icyphy/ptII/ptolemy/domains/modal/test/auto/Case.xml
32 ms. Memory: 201728K Free: 169901K (84%)
----------------- Invoking toplevel() on ptolemy.moml.MoMLSimpleApplication@6194e76d
----------------- Done invoking toplevel() on ptolemy.moml.MoMLSimpleApplication@6194e76d
reloadAllAccessors: .Case

===========================================================================================
----------------- testing Thu Sep 19 05:44:58 UTC 2019 /home/travis/build/icyphy/ptII/ptolemy/domains/modal/test/auto/Case1.xml
----------------- Instantiating /home/travis/build/icyphy/ptII/ptolemy/domains/modal/test/auto/Case1.xml
10 ms. Memory: 201728K Free: 162733K (81%)
----------------- Invoking toplevel() on ptolemy.moml.MoMLSimpleApplication@2c3c6b7c
----------------- Done invoking toplevel() on ptolemy.moml.MoMLSimpleApplication@2c3c6b7c
reloadAllAccessors: .Case1

===========================================================================================
----------------- testing Thu Sep 19 05:44:58 UTC 2019 /home/travis/build/icyphy/ptII/ptolemy/domains/modal/test/auto/Case2.xml
----------------- Instantiating /home/travis/build/icyphy/ptII/ptolemy/domains/modal/test/auto/Case2.xml
29 ms. Memory: 201728K Free: 151469K (75%)
----------------- Invoking toplevel() on ptolemy.moml.MoMLSimpleApplication@6c74eda0
----------------- Done invoking toplevel() on ptolemy.moml.MoMLSimpleApplication@6c74eda0
reloadAllAccessors: .Case2

===========================================================================================
----------------- testing Thu Sep 19 05:44:58 UTC 2019 /home/travis/build/icyphy/ptII/ptolemy/domains/modal/test/auto/CausalityInterface1.xml
----------------- Instantiating /home/travis/build/icyphy/ptII/ptolemy/domains/modal/test/auto/CausalityInterface1.xml
8 ms. Memory: 201728K Free: 146349K (73%)
----------------- Invoking toplevel() on ptolemy.moml.MoMLSimpleApplication@53d6a1c6
----------------- Done invoking toplevel() on ptolemy.moml.MoMLSimpleApplication@53d6a1c6
reloadAllAccessors: .CausalityInterface1

===========================================================================================
----------------- testing Thu Sep 19 05:44:58 UTC 2019 /home/travis/build/icyphy/ptII/ptolemy/domains/modal/test/auto/CausalityInterface10.xml
----------------- Instantiating /home/travis/build/icyphy/ptII/ptolemy/domains/modal/test/auto/CausalityInterface10.xml
13 ms. Memory: 201728K Free: 133023K (66%)
----------------- Invoking toplevel() on ptolemy.moml.MoMLSimpleApplication@4bb622a7
----------------- Done invoking toplevel() on ptolemy.moml.MoMLSimpleApplication@4bb622a7
reloadAllAccessors: .CausalityInterface10

===========================================================================================
----------------- testing Thu Sep 19 05:44:58 UTC 2019 /home/travis/build/icyphy/ptII/ptolemy/domains/modal/test/auto/CausalityInterface11.xml
----------------- Instantiating /home/travis/build/icyphy/ptII/ptolemy/domains/modal/test/auto/CausalityInterface11.xml
9 ms. Memory: 201728K Free: 119695K (59%)
----------------- Invoking toplevel() on ptolemy.moml.MoMLSimpleApplication@179c1505
----------------- Done invoking toplevel() on ptolemy.moml.MoMLSimpleApplication@179c1505
reloadAllAccessors: .CausalityInterface11

===========================================================================================
----------------- testing Thu Sep 19 05:44:58 UTC 2019 /home/travis/build/icyphy/ptII/ptolemy/domains/modal/test/auto/CausalityInterface12.xml
----------------- Instantiating /home/travis/build/icyphy/ptII/ptolemy/domains/modal/test/auto/CausalityInterface12.xml
9 ms. Memory: 201728K Free: 106383K (53%)
----------------- Invoking toplevel() on ptolemy.moml.MoMLSimpleApplication@27bdcb9a
----------------- Done invoking toplevel() on ptolemy.moml.MoMLSimpleApplication@27bdcb9a
reloadAllAccessors: .CausalityInterface12

===========================================================================================
----------------- testing Thu Sep 19 05:44:58 UTC 2019 /home/travis/build/icyphy/ptII/ptolemy/domains/modal/test/auto/CausalityInterface13.xml
----------------- Instantiating /home/travis/build/icyphy/ptII/ptolemy/domains/modal/test/auto/CausalityInterface13.xml
9 ms. Memory: 201728K Free: 92591K (46%)
----------------- Invoking toplevel() on ptolemy.moml.MoMLSimpleApplication@25b18350
----------------- Done invoking toplevel() on ptolemy.moml.MoMLSimpleApplication@25b18350
reloadAllAccessors: .CausalityInterface13

===========================================================================================
----------------- testing Thu Sep 19 05:44:58 UTC 2019 /home/travis/build/icyphy/ptII/ptolemy/domains/modal/test/auto/CausalityInterface14.xml
----------------- Instantiating /home/travis/build/icyphy/ptII/ptolemy/domains/modal/test/auto/CausalityInterface14.xml
14 ms. Memory: 201728K Free: 78751K (39%)
----------------- Invoking toplevel() on ptolemy.moml.MoMLSimpleApplication@c635635
----------------- Done invoking toplevel() on ptolemy.moml.MoMLSimpleApplication@c635635
reloadAllAccessors: .CausalityInterface14

===========================================================================================
----------------- testing Thu Sep 19 05:44:58 UTC 2019 /home/travis/build/icyphy/ptII/ptolemy/domains/modal/test/auto/CausalityInterface2.xml
----------------- Instantiating /home/travis/build/icyphy/ptII/ptolemy/domains/modal/test/auto/CausalityInterface2.xml
8 ms. Memory: 201728K Free: 72621K (36%)
----------------- Invoking toplevel() on ptolemy.moml.MoMLSimpleApplication@6d5db03d
----------------- Done invoking toplevel() on ptolemy.moml.MoMLSimpleApplication@6d5db03d
reloadAllAccessors: .CausalityInterface2

===========================================================================================
----------------- testing Thu Sep 19 05:44:58 UTC 2019 /home/travis/build/icyphy/ptII/ptolemy/domains/modal/test/auto/CausalityInterface3.xml
----------------- Instantiating /home/travis/build/icyphy/ptII/ptolemy/domains/modal/test/auto/CausalityInterface3.xml
4 ms. Memory: 201728K Free: 182206K (90%)
----------------- Invoking toplevel() on ptolemy.moml.MoMLSimpleApplication@2dc087eb
----------------- Done invoking toplevel() on ptolemy.moml.MoMLSimpleApplication@2dc087eb
reloadAllAccessors: .CausalityInterface3

===========================================================================================
----------------- testing Thu Sep 19 05:44:58 UTC 2019 /home/travis/build/icyphy/ptII/ptolemy/domains/modal/test/auto/CausalityInterface4.xml
----------------- Instantiating /home/travis/build/icyphy/ptII/ptolemy/domains/modal/test/auto/CausalityInterface4.xml
3 ms. Memory: 201728K Free: 175558K (87%)
----------------- Invoking toplevel() on ptolemy.moml.MoMLSimpleApplication@508107eb
----------------- Done invoking toplevel() on ptolemy.moml.MoMLSimpleApplication@508107eb
reloadAllAccessors: .CausalityInterface4

===========================================================================================
----------------- testing Thu Sep 19 05:44:58 UTC 2019 /home/travis/build/icyphy/ptII/ptolemy/domains/modal/test/auto/CausalityInterface5.xml
----------------- Instantiating /home/travis/build/icyphy/ptII/ptolemy/domains/modal/test/auto/CausalityInterface5.xml
3 ms. Memory: 201728K Free: 166852K (83%)
----------------- Invoking toplevel() on ptolemy.moml.MoMLSimpleApplication@777ce8e
----------------- Done invoking toplevel() on ptolemy.moml.MoMLSimpleApplication@777ce8e
reloadAllAccessors: .CausalityInterface5

===========================================================================================
----------------- testing Thu Sep 19 05:44:58 UTC 2019 /home/travis/build/icyphy/ptII/ptolemy/domains/modal/test/auto/CausalityInterface6.xml
----------------- Instantiating /home/travis/build/icyphy/ptII/ptolemy/domains/modal/test/auto/CausalityInterface6.xml
6 ms. Memory: 201728K Free: 158660K (79%)
----------------- Invoking toplevel() on ptolemy.moml.MoMLSimpleApplication@a718efb
----------------- Done invoking toplevel() on ptolemy.moml.MoMLSimpleApplication@a718efb
reloadAllAccessors: .CausalityInterface6

===========================================================================================
----------------- testing Thu Sep 19 05:44:58 UTC 2019 /home/travis/build/icyphy/ptII/ptolemy/domains/modal/test/auto/CausalityInterface7.xml
----------------- Instantiating /home/travis/build/icyphy/ptII/ptolemy/domains/modal/test/auto/CausalityInterface7.xml
6 ms. Memory: 201728K Free: 150468K (75%)
----------------- Invoking toplevel() on ptolemy.moml.MoMLSimpleApplication@4e826ee0
----------------- Done invoking toplevel() on ptolemy.moml.MoMLSimpleApplication@4e826ee0
reloadAllAccessors: .CausalityInterface7

===========================================================================================
----------------- testing Thu Sep 19 05:44:58 UTC 2019 /home/travis/build/icyphy/ptII/ptolemy/domains/modal/test/auto/CausalityInterface8.xml
----------------- Instantiating /home/travis/build/icyphy/ptII/ptolemy/domains/modal/test/auto/CausalityInterface8.xml
12 ms. Memory: 201728K Free: 141766K (70%)
----------------- Invoking toplevel() on ptolemy.moml.MoMLSimpleApplication@5e66db64
----------------- Done invoking toplevel() on ptolemy.moml.MoMLSimpleApplication@5e66db64
reloadAllAccessors: .CausalityInterface8

===========================================================================================
----------------- testing Thu Sep 19 05:44:59 UTC 2019 /home/travis/build/icyphy/ptII/ptolemy/domains/modal/test/auto/CausalityInterface9.xml
----------------- Instantiating /home/travis/build/icyphy/ptII/ptolemy/domains/modal/test/auto/CausalityInterface9.xml
6 ms. Memory: 201728K Free: 132036K (65%)
----------------- Invoking toplevel() on ptolemy.moml.MoMLSimpleApplication@33236e9b
----------------- Done invoking toplevel() on ptolemy.moml.MoMLSimpleApplication@33236e9b
reloadAllAccessors: .CausalityInterface9

===========================================================================================
----------------- testing Thu Sep 19 05:44:59 UTC 2019 /home/travis/build/icyphy/ptII/ptolemy/domains/modal/test/auto/ChainedTransitions.xml
----------------- Instantiating /home/travis/build/icyphy/ptII/ptolemy/domains/modal/test/auto/ChainedTransitions.xml
103 ms. Memory: 201728K Free: 107446K (53%)
----------------- Invoking toplevel() on ptolemy.moml.MoMLSimpleApplication@2f7ad51
----------------- Done invoking toplevel() on ptolemy.moml.MoMLSimpleApplication@2f7ad51
reloadAllAccessors: .ChainedTransitions

===========================================================================================
----------------- testing Thu Sep 19 05:44:59 UTC 2019 /home/travis/build/icyphy/ptII/ptolemy/domains/modal/test/auto/CycleOfImmediateTransitionsFSM.xml
----------------- Instantiating /home/travis/build/icyphy/ptII/ptolemy/domains/modal/test/auto/CycleOfImmediateTransitionsFSM.xml
4 ms. Memory: 201728K Free: 101830K (50%)
----------------- Invoking toplevel() on ptolemy.moml.MoMLSimpleApplication@1bdacc02
----------------- Done invoking toplevel() on ptolemy.moml.MoMLSimpleApplication@1bdacc02
reloadAllAccessors: .CycleOfImmediateTransitionsFSM

===========================================================================================
----------------- testing Thu Sep 19 05:44:59 UTC 2019 /home/travis/build/icyphy/ptII/ptolemy/domains/modal/test/auto/CycleOfImmediateTransitionsModal.xml
----------------- Instantiating /home/travis/build/icyphy/ptII/ptolemy/domains/modal/test/auto/CycleOfImmediateTransitionsModal.xml
3 ms. Memory: 201728K Free: 95686K (47%)
----------------- Invoking toplevel() on ptolemy.moml.MoMLSimpleApplication@1242a4b6
----------------- Done invoking toplevel() on ptolemy.moml.MoMLSimpleApplication@1242a4b6
reloadAllAccessors: .CycleOfImmediateTransitionsModal

===========================================================================================
----------------- testing Thu Sep 19 05:44:59 UTC 2019 /home/travis/build/icyphy/ptII/ptolemy/domains/modal/test/auto/CycleOfImmediateTransitionsModal2.xml
----------------- Instantiating /home/travis/build/icyphy/ptII/ptolemy/domains/modal/test/auto/CycleOfImmediateTransitionsModal2.xml
2 ms. Memory: 201728K Free: 89542K (44%)
----------------- Invoking toplevel() on ptolemy.moml.MoMLSimpleApplication@3bc576e1
----------------- Done invoking toplevel() on ptolemy.moml.MoMLSimpleApplication@3bc576e1
reloadAllAccessors: .CycleOfImmediateTransitionsModal2

===========================================================================================
----------------- testing Thu Sep 19 05:44:59 UTC 2019 /home/travis/build/icyphy/ptII/ptolemy/domains/modal/test/auto/CycleOfImmediateTransitionsModal3.xml
----------------- Instantiating /home/travis/build/icyphy/ptII/ptolemy/domains/modal/test/auto/CycleOfImmediateTransitionsModal3.xml
23 ms. Memory: 201728K Free: 182105K (90%)
----------------- Invoking toplevel() on ptolemy.moml.MoMLSimpleApplication@47032c14
----------------- Done invoking toplevel() on ptolemy.moml.MoMLSimpleApplication@47032c14
reloadAllAccessors: .CycleOfImmediateTransitionsModal3

===========================================================================================
----------------- testing Thu Sep 19 05:44:59 UTC 2019 /home/travis/build/icyphy/ptII/ptolemy/domains/modal/test/auto/DeepModal1.xml
----------------- Instantiating /home/travis/build/icyphy/ptII/ptolemy/domains/modal/test/auto/DeepModal1.xml
32 ms. Memory: 201728K Free: 167753K (83%)
----------------- Invoking toplevel() on ptolemy.moml.MoMLSimpleApplication@52fac24d
----------------- Done invoking toplevel() on ptolemy.moml.MoMLSimpleApplication@52fac24d
reloadAllAccessors: .DeepModal1

===========================================================================================
----------------- testing Thu Sep 19 05:44:59 UTC 2019 /home/travis/build/icyphy/ptII/ptolemy/domains/modal/test/auto/DeepModal2.xml
----------------- Instantiating /home/travis/build/icyphy/ptII/ptolemy/domains/modal/test/auto/DeepModal2.xml
24 ms. Memory: 201728K Free: 148841K (74%)
----------------- Invoking toplevel() on ptolemy.moml.MoMLSimpleApplication@113c4699
----------------- Done invoking toplevel() on ptolemy.moml.MoMLSimpleApplication@113c4699
reloadAllAccessors: .DeepModal2

===========================================================================================
----------------- testing Thu Sep 19 05:44:59 UTC 2019 /home/travis/build/icyphy/ptII/ptolemy/domains/modal/test/auto/DeepModal3.xml
----------------- Instantiating /home/travis/build/icyphy/ptII/ptolemy/domains/modal/test/auto/DeepModal3.xml
27 ms. Memory: 201728K Free: 129385K (64%)
----------------- Invoking toplevel() on ptolemy.moml.MoMLSimpleApplication@134589a7
----------------- Done invoking toplevel() on ptolemy.moml.MoMLSimpleApplication@134589a7
reloadAllAccessors: .DeepModal3

===========================================================================================
----------------- testing Thu Sep 19 05:44:59 UTC 2019 /home/travis/build/icyphy/ptII/ptolemy/domains/modal/test/auto/DeepModal4.xml
----------------- Instantiating /home/travis/build/icyphy/ptII/ptolemy/domains/modal/test/auto/DeepModal4.xml
26 ms. Memory: 201728K Free: 109929K (54%)
----------------- Invoking toplevel() on ptolemy.moml.MoMLSimpleApplication@39b5d8e9
----------------- Done invoking toplevel() on ptolemy.moml.MoMLSimpleApplication@39b5d8e9
reloadAllAccessors: .DeepModal4

===========================================================================================
----------------- testing Thu Sep 19 05:44:59 UTC 2019 /home/travis/build/icyphy/ptII/ptolemy/domains/modal/test/auto/Default1.xml
----------------- Instantiating /home/travis/build/icyphy/ptII/ptolemy/domains/modal/test/auto/Default1.xml
2 ms. Memory: 201728K Free: 103785K (51%)
----------------- Invoking toplevel() on ptolemy.moml.MoMLSimpleApplication@17176f4d
----------------- Done invoking toplevel() on ptolemy.moml.MoMLSimpleApplication@17176f4d
reloadAllAccessors: .Default1

===========================================================================================
----------------- testing Thu Sep 19 05:44:59 UTC 2019 /home/travis/build/icyphy/ptII/ptolemy/domains/modal/test/auto/Default2.xml
----------------- Instantiating /home/travis/build/icyphy/ptII/ptolemy/domains/modal/test/auto/Default2.xml
8 ms. Memory: 201728K Free: 98151K (49%)
----------------- Invoking toplevel() on ptolemy.moml.MoMLSimpleApplication@1e38caab
----------------- Done invoking toplevel() on ptolemy.moml.MoMLSimpleApplication@1e38caab
reloadAllAccessors: .Default2

===========================================================================================
----------------- testing Thu Sep 19 05:44:59 UTC 2019 /home/travis/build/icyphy/ptII/ptolemy/domains/modal/test/auto/Default3.xml
----------------- Instantiating /home/travis/build/icyphy/ptII/ptolemy/domains/modal/test/auto/Default3.xml
5 ms. Memory: 201728K Free: 92007K (46%)
----------------- Invoking toplevel() on ptolemy.moml.MoMLSimpleApplication@4573468f
----------------- Done invoking toplevel() on ptolemy.moml.MoMLSimpleApplication@4573468f
reloadAllAccessors: .Default3

===========================================================================================
----------------- testing Thu Sep 19 05:44:59 UTC 2019 /home/travis/build/icyphy/ptII/ptolemy/domains/modal/test/auto/Default4.xml
----------------- Instantiating /home/travis/build/icyphy/ptII/ptolemy/domains/modal/test/auto/Default4.xml
2 ms. Memory: 201728K Free: 85863K (43%)
----------------- Invoking toplevel() on ptolemy.moml.MoMLSimpleApplication@4ba617ce
----------------- Done invoking toplevel() on ptolemy.moml.MoMLSimpleApplication@4ba617ce
reloadAllAccessors: .Default4

===========================================================================================
----------------- testing Thu Sep 19 05:44:59 UTC 2019 /home/travis/build/icyphy/ptII/ptolemy/domains/modal/test/auto/Default5.xml
----------------- Instantiating /home/travis/build/icyphy/ptII/ptolemy/domains/modal/test/auto/Default5.xml
5 ms. Memory: 201728K Free: 77671K (39%)
----------------- Invoking toplevel() on ptolemy.moml.MoMLSimpleApplication@5449f2f4
----------------- Done invoking toplevel() on ptolemy.moml.MoMLSimpleApplication@5449f2f4
reloadAllAccessors: .Default5

===========================================================================================
----------------- testing Thu Sep 19 05:44:59 UTC 2019 /home/travis/build/icyphy/ptII/ptolemy/domains/modal/test/auto/EmptyGuard.xml
----------------- Instantiating /home/travis/build/icyphy/ptII/ptolemy/domains/modal/test/auto/EmptyGuard.xml
11 ms. Memory: 201728K Free: 69993K (35%)
----------------- Invoking toplevel() on ptolemy.moml.MoMLSimpleApplication@40ee8815
----------------- Done invoking toplevel() on ptolemy.moml.MoMLSimpleApplication@40ee8815
reloadAllAccessors: .EmptyGuard

===========================================================================================
----------------- testing Thu Sep 19 05:44:59 UTC 2019 /home/travis/build/icyphy/ptII/ptolemy/domains/modal/test/auto/ErrorTransition1.xml
----------------- Instantiating /home/travis/build/icyphy/ptII/ptolemy/domains/modal/test/auto/ErrorTransition1.xml
7 ms. Memory: 247808K Free: 223079K (90%)
----------------- Invoking toplevel() on ptolemy.moml.MoMLSimpleApplication@4c07cd71
----------------- Done invoking toplevel() on ptolemy.moml.MoMLSimpleApplication@4c07cd71
reloadAllAccessors: .ErrorTransition1

===========================================================================================
----------------- testing Thu Sep 19 05:44:59 UTC 2019 /home/travis/build/icyphy/ptII/ptolemy/domains/modal/test/auto/ErrorTransition10.xml
----------------- Instantiating /home/travis/build/icyphy/ptII/ptolemy/domains/modal/test/auto/ErrorTransition10.xml
11 ms. Memory: 247808K Free: 209257K (84%)
----------------- Invoking toplevel() on ptolemy.moml.MoMLSimpleApplication@5d26dbd
----------------- Done invoking toplevel() on ptolemy.moml.MoMLSimpleApplication@5d26dbd
reloadAllAccessors: .ErrorTransition10

===========================================================================================
----------------- testing Thu Sep 19 05:44:59 UTC 2019 /home/travis/build/icyphy/ptII/ptolemy/domains/modal/test/auto/ErrorTransition11.xml
----------------- Instantiating /home/travis/build/icyphy/ptII/ptolemy/domains/modal/test/auto/ErrorTransition11.xml
4 ms. Memory: 247808K Free: 197993K (80%)
----------------- Invoking toplevel() on ptolemy.moml.MoMLSimpleApplication@f9a9e4e
----------------- Done invoking toplevel() on ptolemy.moml.MoMLSimpleApplication@f9a9e4e
reloadAllAccessors: .ErrorTransition11

===========================================================================================
----------------- testing Thu Sep 19 05:44:59 UTC 2019 /home/travis/build/icyphy/ptII/ptolemy/domains/modal/test/auto/ErrorTransition2.xml
----------------- Instantiating /home/travis/build/icyphy/ptII/ptolemy/domains/modal/test/auto/ErrorTransition2.xml
10 ms. Memory: 247808K Free: 189287K (76%)
----------------- Invoking toplevel() on ptolemy.moml.MoMLSimpleApplication@cbeeced
----------------- Done invoking toplevel() on ptolemy.moml.MoMLSimpleApplication@cbeeced
reloadAllAccessors: .ErrorTransition2

===========================================================================================
----------------- testing Thu Sep 19 05:44:59 UTC 2019 /home/travis/build/icyphy/ptII/ptolemy/domains/modal/test/auto/ErrorTransition3.xml
----------------- Instantiating /home/travis/build/icyphy/ptII/ptolemy/domains/modal/test/auto/ErrorTransition3.xml
27 ms. Memory: 247808K Free: 179561K (72%)
----------------- Invoking toplevel() on ptolemy.moml.MoMLSimpleApplication@3e7ee6ed
----------------- Done invoking toplevel() on ptolemy.moml.MoMLSimpleApplication@3e7ee6ed
reloadAllAccessors: .ErrorTransition3

===========================================================================================
----------------- testing Thu Sep 19 05:45:00 UTC 2019 /home/travis/build/icyphy/ptII/ptolemy/domains/modal/test/auto/ErrorTransition4.xml
----------------- Instantiating /home/travis/build/icyphy/ptII/ptolemy/domains/modal/test/auto/ErrorTransition4.xml
14 ms. Memory: 247808K Free: 168297K (68%)
----------------- Invoking toplevel() on ptolemy.moml.MoMLSimpleApplication@43e2bbd7
----------------- Done invoking toplevel() on ptolemy.moml.MoMLSimpleApplication@43e2bbd7
reloadAllAccessors: .ErrorTransition4

===========================================================================================
----------------- testing Thu Sep 19 05:45:00 UTC 2019 /home/travis/build/icyphy/ptII/ptolemy/domains/modal/test/auto/ErrorTransition5.xml
----------------- Instantiating /home/travis/build/icyphy/ptII/ptolemy/domains/modal/test/auto/ErrorTransition5.xml
8 ms. Memory: 247808K Free: 158057K (64%)
----------------- Invoking toplevel() on ptolemy.moml.MoMLSimpleApplication@2375ca84
----------------- Done invoking toplevel() on ptolemy.moml.MoMLSimpleApplication@2375ca84
reloadAllAccessors: .ErrorTransition5

===========================================================================================
----------------- testing Thu Sep 19 05:45:00 UTC 2019 /home/travis/build/icyphy/ptII/ptolemy/domains/modal/test/auto/ErrorTransition6.xml
----------------- Instantiating /home/travis/build/icyphy/ptII/ptolemy/domains/modal/test/auto/ErrorTransition6.xml
10 ms. Memory: 247808K Free: 147303K (59%)
----------------- Invoking toplevel() on ptolemy.moml.MoMLSimpleApplication@6b4cd499
----------------- Done invoking toplevel() on ptolemy.moml.MoMLSimpleApplication@6b4cd499
reloadAllAccessors: .ErrorTransition6

===========================================================================================
----------------- testing Thu Sep 19 05:45:00 UTC 2019 /home/travis/build/icyphy/ptII/ptolemy/domains/modal/test/auto/ErrorTransition7.xml
----------------- Instantiating /home/travis/build/icyphy/ptII/ptolemy/domains/modal/test/auto/ErrorTransition7.xml
19 ms. Memory: 247808K Free: 134505K (54%)
----------------- Invoking toplevel() on ptolemy.moml.MoMLSimpleApplication@18f0eef1
----------------- Done invoking toplevel() on ptolemy.moml.MoMLSimpleApplication@18f0eef1
reloadAllAccessors: .ErrorTransition7

===========================================================================================
----------------- testing Thu Sep 19 05:45:00 UTC 2019 /home/travis/build/icyphy/ptII/ptolemy/domains/modal/test/auto/ErrorTransition8.xml
----------------- Instantiating /home/travis/build/icyphy/ptII/ptolemy/domains/modal/test/auto/ErrorTransition8.xml
28 ms. Memory: 247808K Free: 121193K (49%)
----------------- Invoking toplevel() on ptolemy.moml.MoMLSimpleApplication@531f00ab
----------------- Done invoking toplevel() on ptolemy.moml.MoMLSimpleApplication@531f00ab
reloadAllAccessors: .ErrorTransition8

===========================================================================================
----------------- testing Thu Sep 19 05:45:00 UTC 2019 /home/travis/build/icyphy/ptII/ptolemy/domains/modal/test/auto/ErrorTransition9.xml
----------------- Instantiating /home/travis/build/icyphy/ptII/ptolemy/domains/modal/test/auto/ErrorTransition9.xml
11 ms. Memory: 247808K Free: 107881K (44%)
----------------- Invoking toplevel() on ptolemy.moml.MoMLSimpleApplication@3d73883a
----------------- Done invoking toplevel() on ptolemy.moml.MoMLSimpleApplication@3d73883a
reloadAllAccessors: .ErrorTransition9

===========================================================================================
----------------- testing Thu Sep 19 05:45:00 UTC 2019 /home/travis/build/icyphy/ptII/ptolemy/domains/modal/test/auto/ExtendedFSM.xml
----------------- Instantiating /home/travis/build/icyphy/ptII/ptolemy/domains/modal/test/auto/ExtendedFSM.xml
6 ms. Memory: 247808K Free: 99161K (40%)
----------------- Invoking toplevel() on ptolemy.moml.MoMLSimpleApplication@2fb81b38
----------------- Done invoking toplevel() on ptolemy.moml.MoMLSimpleApplication@2fb81b38
reloadAllAccessors: .ExtendedFSM

===========================================================================================
----------------- testing Thu Sep 19 05:45:00 UTC 2019 /home/travis/build/icyphy/ptII/ptolemy/domains/modal/test/auto/FinalStates.xml
----------------- Instantiating /home/travis/build/icyphy/ptII/ptolemy/domains/modal/test/auto/FinalStates.xml
7 ms. Memory: 247808K Free: 90969K (37%)
----------------- Invoking toplevel() on ptolemy.moml.MoMLSimpleApplication@28a6f40d
----------------- Done invoking toplevel() on ptolemy.moml.MoMLSimpleApplication@28a6f40d
reloadAllAccessors: .FinalStates

===========================================================================================
----------------- testing Thu Sep 19 05:45:00 UTC 2019 /home/travis/build/icyphy/ptII/ptolemy/domains/modal/test/auto/FixedPointFSM.xml
----------------- Instantiating /home/travis/build/icyphy/ptII/ptolemy/domains/modal/test/auto/FixedPointFSM.xml
21 ms. Memory: 247808K Free: 219012K (88%)
----------------- Invoking toplevel() on ptolemy.moml.MoMLSimpleApplication@77ff487f
----------------- Done invoking toplevel() on ptolemy.moml.MoMLSimpleApplication@77ff487f
reloadAllAccessors: .FixedPointFSM

===========================================================================================
----------------- testing Thu Sep 19 05:45:00 UTC 2019 /home/travis/build/icyphy/ptII/ptolemy/domains/modal/test/auto/FixedPointIterationFSMActor.xml
----------------- Instantiating /home/travis/build/icyphy/ptII/ptolemy/domains/modal/test/auto/FixedPointIterationFSMActor.xml
8 ms. Memory: 247808K Free: 208252K (84%)
----------------- Invoking toplevel() on ptolemy.moml.MoMLSimpleApplication@19637ad9
----------------- Done invoking toplevel() on ptolemy.moml.MoMLSimpleApplication@19637ad9
reloadAllAccessors: .FixedPointIterationFSMActor

===========================================================================================
----------------- testing Thu Sep 19 05:45:00 UTC 2019 /home/travis/build/icyphy/ptII/ptolemy/domains/modal/test/auto/FixedPointIterationFSMActor2.xml
----------------- Instantiating /home/travis/build/icyphy/ptII/ptolemy/domains/modal/test/auto/FixedPointIterationFSMActor2.xml
12 ms. Memory: 247808K Free: 195964K (79%)
----------------- Invoking toplevel() on ptolemy.moml.MoMLSimpleApplication@3634676f
----------------- Done invoking toplevel() on ptolemy.moml.MoMLSimpleApplication@3634676f
reloadAllAccessors: .FixedPointIterationFSMActor2

===========================================================================================
----------------- testing Thu Sep 19 05:45:00 UTC 2019 /home/travis/build/icyphy/ptII/ptolemy/domains/modal/test/auto/ForbiddenInstantanousLoop.xml
----------------- Instantiating /home/travis/build/icyphy/ptII/ptolemy/domains/modal/test/auto/ForbiddenInstantanousLoop.xml
7 ms. Memory: 247808K Free: 183676K (74%)
----------------- Invoking toplevel() on ptolemy.moml.MoMLSimpleApplication@190c6607
----------------- Done invoking toplevel() on ptolemy.moml.MoMLSimpleApplication@190c6607
reloadAllAccessors: .ForbiddenInstantanousLoop

===========================================================================================
----------------- testing Thu Sep 19 05:45:00 UTC 2019 /home/travis/build/icyphy/ptII/ptolemy/domains/modal/test/auto/FunctionDependencyOfFSMActorTest.xml
----------------- Instantiating /home/travis/build/icyphy/ptII/ptolemy/domains/modal/test/auto/FunctionDependencyOfFSMActorTest.xml
14 ms. Memory: 247808K Free: 176500K (71%)
----------------- Invoking toplevel() on ptolemy.moml.MoMLSimpleApplication@2761963c
----------------- Done invoking toplevel() on ptolemy.moml.MoMLSimpleApplication@2761963c
reloadAllAccessors: .FunctionDependencyOfFSMActorTest

===========================================================================================
----------------- testing Thu Sep 19 05:45:00 UTC 2019 /home/travis/build/icyphy/ptII/ptolemy/domains/modal/test/auto/GuardExpression.xml
----------------- Instantiating /home/travis/build/icyphy/ptII/ptolemy/domains/modal/test/auto/GuardExpression.xml
2 ms. Memory: 247808K Free: 171394K (69%)
----------------- Invoking toplevel() on ptolemy.moml.MoMLSimpleApplication@2c81ceec
----------------- Done invoking toplevel() on ptolemy.moml.MoMLSimpleApplication@2c81ceec
reloadAllAccessors: .GuardExpression

===========================================================================================
----------------- testing Thu Sep 19 05:45:00 UTC 2019 /home/travis/build/icyphy/ptII/ptolemy/domains/modal/test/auto/GuardNotEvaluated.xml
----------------- Instantiating /home/travis/build/icyphy/ptII/ptolemy/domains/modal/test/auto/GuardNotEvaluated.xml
6 ms. Memory: 247808K Free: 162692K (66%)
----------------- Invoking toplevel() on ptolemy.moml.MoMLSimpleApplication@67e43d6f
----------------- Done invoking toplevel() on ptolemy.moml.MoMLSimpleApplication@67e43d6f
reloadAllAccessors: .GuardNotEvaluated

===========================================================================================
----------------- testing Thu Sep 19 05:45:00 UTC 2019 /home/travis/build/icyphy/ptII/ptolemy/domains/modal/test/auto/GuardNotEvaluated2.xml
----------------- Instantiating /home/travis/build/icyphy/ptII/ptolemy/domains/modal/test/auto/GuardNotEvaluated2.xml
8 ms. Memory: 247808K Free: 152962K (62%)
----------------- Invoking toplevel() on ptolemy.moml.MoMLSimpleApplication@2014bf9
----------------- Done invoking toplevel() on ptolemy.moml.MoMLSimpleApplication@2014bf9
reloadAllAccessors: .GuardNotEvaluated2

===========================================================================================
----------------- testing Thu Sep 19 05:45:00 UTC 2019 /home/travis/build/icyphy/ptII/ptolemy/domains/modal/test/auto/GuardOnAbsent.xml
----------------- Instantiating /home/travis/build/icyphy/ptII/ptolemy/domains/modal/test/auto/GuardOnAbsent.xml
10 ms. Memory: 247808K Free: 145284K (59%)
----------------- Invoking toplevel() on ptolemy.moml.MoMLSimpleApplication@4c1a2e64
----------------- Done invoking toplevel() on ptolemy.moml.MoMLSimpleApplication@4c1a2e64
reloadAllAccessors: .GuardOnAbsent

===========================================================================================
----------------- testing Thu Sep 19 05:45:00 UTC 2019 /home/travis/build/icyphy/ptII/ptolemy/domains/modal/test/auto/HierarchicalFSMTypeInference.xml
----------------- Instantiating /home/travis/build/icyphy/ptII/ptolemy/domains/modal/test/auto/HierarchicalFSMTypeInference.xml
5 ms. Memory: 247808K Free: 135044K (54%)
----------------- Invoking toplevel() on ptolemy.moml.MoMLSimpleApplication@2a56ee13
----------------- Done invoking toplevel() on ptolemy.moml.MoMLSimpleApplication@2a56ee13
reloadAllAccessors: .HierarchicalFSMTypeInference

===========================================================================================
----------------- testing Thu Sep 19 05:45:00 UTC 2019 /home/travis/build/icyphy/ptII/ptolemy/domains/modal/test/auto/Hysteresis.xml
----------------- Instantiating /home/travis/build/icyphy/ptII/ptolemy/domains/modal/test/auto/Hysteresis.xml
13 ms. Memory: 247808K Free: 121732K (49%)
----------------- Invoking toplevel() on ptolemy.moml.MoMLSimpleApplication@549934ac
----------------- Done invoking toplevel() on ptolemy.moml.MoMLSimpleApplication@549934ac
reloadAllAccessors: .Hysteresis

===========================================================================================
----------------- testing Thu Sep 19 05:45:00 UTC 2019 /home/travis/build/icyphy/ptII/ptolemy/domains/modal/test/auto/HysteresisWithDefault.xml
----------------- Instantiating /home/travis/build/icyphy/ptII/ptolemy/domains/modal/test/auto/HysteresisWithDefault.xml
38 ms. Memory: 247808K Free: 98676K (40%)
----------------- Invoking toplevel() on ptolemy.moml.MoMLSimpleApplication@400f1c9c
----------------- Done invoking toplevel() on ptolemy.moml.MoMLSimpleApplication@400f1c9c
reloadAllAccessors: .HysteresisWithDefault

===========================================================================================
----------------- testing Thu Sep 19 05:45:00 UTC 2019 /home/travis/build/icyphy/ptII/ptolemy/domains/modal/test/auto/HysteresisWithDefault2.xml
----------------- Instantiating /home/travis/build/icyphy/ptII/ptolemy/domains/modal/test/auto/HysteresisWithDefault2.xml
65 ms. Memory: 247808K Free: 211305K (85%)
----------------- Invoking toplevel() on ptolemy.moml.MoMLSimpleApplication@16c789d
----------------- Done invoking toplevel() on ptolemy.moml.MoMLSimpleApplication@16c789d
reloadAllAccessors: .HysteresisWithDefault2

===========================================================================================
----------------- testing Thu Sep 19 05:45:00 UTC 2019 /home/travis/build/icyphy/ptII/ptolemy/domains/modal/test/auto/ImmediateNonConstructiveness.xml
----------------- Instantiating /home/travis/build/icyphy/ptII/ptolemy/domains/modal/test/auto/ImmediateNonConstructiveness.xml
3 ms. Memory: 247808K Free: 204137K (82%)
----------------- Invoking toplevel() on ptolemy.moml.MoMLSimpleApplication@3e5d7a03
----------------- Done invoking toplevel() on ptolemy.moml.MoMLSimpleApplication@3e5d7a03
reloadAllAccessors: .ImmediateNonConstructiveness

===========================================================================================
----------------- testing Thu Sep 19 05:45:00 UTC 2019 /home/travis/build/icyphy/ptII/ptolemy/domains/modal/test/auto/ImmediateNonConstructiveness2.xml
----------------- Instantiating /home/travis/build/icyphy/ptII/ptolemy/domains/modal/test/auto/ImmediateNonConstructiveness2.xml
3 ms. Memory: 247808K Free: 197479K (80%)
----------------- Invoking toplevel() on ptolemy.moml.MoMLSimpleApplication@65b8eb8f
----------------- Done invoking toplevel() on ptolemy.moml.MoMLSimpleApplication@65b8eb8f
reloadAllAccessors: .ImmediateNonConstructiveness2

===========================================================================================
----------------- testing Thu Sep 19 05:45:00 UTC 2019 /home/travis/build/icyphy/ptII/ptolemy/domains/modal/test/auto/ImmediateTransitionReset.xml
----------------- Instantiating /home/travis/build/icyphy/ptII/ptolemy/domains/modal/test/auto/ImmediateTransitionReset.xml
7 ms. Memory: 247808K Free: 185705K (75%)
----------------- Invoking toplevel() on ptolemy.moml.MoMLSimpleApplication@4e7d3db5
----------------- Done invoking toplevel() on ptolemy.moml.MoMLSimpleApplication@4e7d3db5
reloadAllAccessors: .ImmediateTransitionReset

===========================================================================================
----------------- testing Thu Sep 19 05:45:00 UTC 2019 /home/travis/build/icyphy/ptII/ptolemy/domains/modal/test/auto/ImmediateTransitions1.xml
----------------- Instantiating /home/travis/build/icyphy/ptII/ptolemy/domains/modal/test/auto/ImmediateTransitions1.xml
2 ms. Memory: 247808K Free: 180585K (73%)
----------------- Invoking toplevel() on ptolemy.moml.MoMLSimpleApplication@24f2f303
----------------- Done invoking toplevel() on ptolemy.moml.MoMLSimpleApplication@24f2f303
reloadAllAccessors: .ImmediateTransitions1

===========================================================================================
----------------- testing Thu Sep 19 05:45:00 UTC 2019 /home/travis/build/icyphy/ptII/ptolemy/domains/modal/test/auto/ImmediateTransitionsInstantaneousCommunication.xml
----------------- Instantiating /home/travis/build/icyphy/ptII/ptolemy/domains/modal/test/auto/ImmediateTransitionsInstantaneousCommunication.xml
3 ms. Memory: 247808K Free: 168297K (68%)
----------------- Invoking toplevel() on ptolemy.moml.MoMLSimpleApplication@49f38061
----------------- Done invoking toplevel() on ptolemy.moml.MoMLSimpleApplication@49f38061
reloadAllAccessors: .ImmediateTransitionsInstantaneousCommunication

===========================================================================================
----------------- testing Thu Sep 19 05:45:01 UTC 2019 /home/travis/build/icyphy/ptII/ptolemy/domains/modal/test/auto/InitialImmediateTransition.xml
----------------- Instantiating /home/travis/build/icyphy/ptII/ptolemy/domains/modal/test/auto/InitialImmediateTransition.xml
3 ms. Memory: 247808K Free: 161129K (65%)
----------------- Invoking toplevel() on ptolemy.moml.MoMLSimpleApplication@6d86a3ad
----------------- Done invoking toplevel() on ptolemy.moml.MoMLSimpleApplication@6d86a3ad
reloadAllAccessors: .InitialImmediateTransition

===========================================================================================
----------------- testing Thu Sep 19 05:45:01 UTC 2019 /home/travis/build/icyphy/ptII/ptolemy/domains/modal/test/auto/InitialOutputs.xml
----------------- Instantiating /home/travis/build/icyphy/ptII/ptolemy/domains/modal/test/auto/InitialOutputs.xml
3 ms. Memory: 247808K Free: 154471K (62%)
----------------- Invoking toplevel() on ptolemy.moml.MoMLSimpleApplication@6931832a
----------------- Done invoking toplevel() on ptolemy.moml.MoMLSimpleApplication@6931832a
reloadAllAccessors: .InitialOutputs

===========================================================================================
----------------- testing Thu Sep 19 05:45:01 UTC 2019 /home/travis/build/icyphy/ptII/ptolemy/domains/modal/test/auto/InitialStateTransition1.xml
----------------- Instantiating /home/travis/build/icyphy/ptII/ptolemy/domains/modal/test/auto/InitialStateTransition1.xml
2 ms. Memory: 247808K Free: 147303K (59%)
----------------- Invoking toplevel() on ptolemy.moml.MoMLSimpleApplication@55abe5c4
----------------- Done invoking toplevel() on ptolemy.moml.MoMLSimpleApplication@55abe5c4
reloadAllAccessors: .InitialStateTransition1

===========================================================================================
----------------- testing Thu Sep 19 05:45:01 UTC 2019 /home/travis/build/icyphy/ptII/ptolemy/domains/modal/test/auto/InitialStateTransition2.xml
----------------- Instantiating /home/travis/build/icyphy/ptII/ptolemy/domains/modal/test/auto/InitialStateTransition2.xml
.InitialStateTransition2.TestExceptionAttributeNonConstructive: initialize() was not invoked, but wrapup() was.  This is unusual, but not always a problem.  For example, exporting JNLP will do this.
6 ms. Memory: 247808K Free: 139625K (56%)
----------------- Invoking toplevel() on ptolemy.moml.MoMLSimpleApplication@41e9ead3
----------------- Done invoking toplevel() on ptolemy.moml.MoMLSimpleApplication@41e9ead3
reloadAllAccessors: .InitialStateTransition2

===========================================================================================
----------------- testing Thu Sep 19 05:45:01 UTC 2019 /home/travis/build/icyphy/ptII/ptolemy/domains/modal/test/auto/InitialStateTransition3.xml
----------------- Instantiating /home/travis/build/icyphy/ptII/ptolemy/domains/modal/test/auto/InitialStateTransition3.xml
4 ms. Memory: 247808K Free: 130919K (53%)
----------------- Invoking toplevel() on ptolemy.moml.MoMLSimpleApplication@46b21b68
----------------- Done invoking toplevel() on ptolemy.moml.MoMLSimpleApplication@46b21b68
reloadAllAccessors: .InitialStateTransition3

===========================================================================================
----------------- testing Thu Sep 19 05:45:01 UTC 2019 /home/travis/build/icyphy/ptII/ptolemy/domains/modal/test/auto/InitialStateTransition4.xml
----------------- Instantiating /home/travis/build/icyphy/ptII/ptolemy/domains/modal/test/auto/InitialStateTransition4.xml
5 ms. Memory: 247808K Free: 121193K (49%)
----------------- Invoking toplevel() on ptolemy.moml.MoMLSimpleApplication@adca23b
----------------- Done invoking toplevel() on ptolemy.moml.MoMLSimpleApplication@adca23b
[...]
reloadAllAccessors: .TerminationTransition3

===========================================================================================
----------------- testing Thu Sep 19 05:45:03 UTC 2019 /home/travis/build/icyphy/ptII/ptolemy/domains/modal/test/auto/TerminationTransition4.xml
----------------- Instantiating /home/travis/build/icyphy/ptII/ptolemy/domains/modal/test/auto/TerminationTransition4.xml
6 ms. Memory: 305152K Free: 232250K (76%)
----------------- Invoking toplevel() on ptolemy.moml.MoMLSimpleApplication@5bb5c996
----------------- Done invoking toplevel() on ptolemy.moml.MoMLSimpleApplication@5bb5c996
reloadAllAccessors: .TerminationTransition4

===========================================================================================
----------------- testing Thu Sep 19 05:45:03 UTC 2019 /home/travis/build/icyphy/ptII/ptolemy/domains/modal/test/auto/TerminationTransition5.xml
----------------- Instantiating /home/travis/build/icyphy/ptII/ptolemy/domains/modal/test/auto/TerminationTransition5.xml
3 ms. Memory: 305152K Free: 218428K (72%)
----------------- Invoking toplevel() on ptolemy.moml.MoMLSimpleApplication@2e2f7d5f
----------------- Done invoking toplevel() on ptolemy.moml.MoMLSimpleApplication@2e2f7d5f
reloadAllAccessors: .TerminationTransition5

===========================================================================================
----------------- testing Thu Sep 19 05:45:03 UTC 2019 /home/travis/build/icyphy/ptII/ptolemy/domains/modal/test/auto/TerminationTransition6.xml
----------------- Instantiating /home/travis/build/icyphy/ptII/ptolemy/domains/modal/test/auto/TerminationTransition6.xml
1 ms. Memory: 305152K Free: 209722K (69%)
----------------- Invoking toplevel() on ptolemy.moml.MoMLSimpleApplication@24d8b66c
----------------- Done invoking toplevel() on ptolemy.moml.MoMLSimpleApplication@24d8b66c
reloadAllAccessors: .TerminationTransition6

===========================================================================================
----------------- testing Thu Sep 19 05:45:03 UTC 2019 /home/travis/build/icyphy/ptII/ptolemy/domains/modal/test/auto/TerminationTransition7.xml
----------------- Instantiating /home/travis/build/icyphy/ptII/ptolemy/domains/modal/test/auto/TerminationTransition7.xml
2 ms. Memory: 305152K Free: 200492K (66%)
----------------- Invoking toplevel() on ptolemy.moml.MoMLSimpleApplication@7d2622d3
----------------- Done invoking toplevel() on ptolemy.moml.MoMLSimpleApplication@7d2622d3
reloadAllAccessors: .TerminationTransition7

===========================================================================================
----------------- testing Thu Sep 19 05:45:03 UTC 2019 /home/travis/build/icyphy/ptII/ptolemy/domains/modal/test/auto/TerminationTransition8.xml
----------------- Instantiating /home/travis/build/icyphy/ptII/ptolemy/domains/modal/test/auto/TerminationTransition8.xml
2 ms. Memory: 305152K Free: 191290K (63%)
----------------- Invoking toplevel() on ptolemy.moml.MoMLSimpleApplication@345a7855
----------------- Done invoking toplevel() on ptolemy.moml.MoMLSimpleApplication@345a7855
reloadAllAccessors: .TerminationTransition8

===========================================================================================
----------------- testing Thu Sep 19 05:45:03 UTC 2019 /home/travis/build/icyphy/ptII/ptolemy/domains/modal/test/auto/Thermostat_NoHysteresis.xml
----------------- Instantiating /home/travis/build/icyphy/ptII/ptolemy/domains/modal/test/auto/Thermostat_NoHysteresis.xml
34 ms. Memory: 305152K Free: 166714K (55%)
----------------- Invoking toplevel() on ptolemy.moml.MoMLSimpleApplication@1110fbd7
----------------- Done invoking toplevel() on ptolemy.moml.MoMLSimpleApplication@1110fbd7
reloadAllAccessors: .Thermostat_NoHysteresis

===========================================================================================
----------------- testing Thu Sep 19 05:45:03 UTC 2019 /home/travis/build/icyphy/ptII/ptolemy/domains/modal/test/auto/TimedFSM.xml
----------------- Instantiating /home/travis/build/icyphy/ptII/ptolemy/domains/modal/test/auto/TimedFSM.xml
7 ms. Memory: 305152K Free: 154940K (51%)
----------------- Invoking toplevel() on ptolemy.moml.MoMLSimpleApplication@a1f5913
----------------- Done invoking toplevel() on ptolemy.moml.MoMLSimpleApplication@a1f5913
reloadAllAccessors: .TimedFSM

===========================================================================================
----------------- testing Thu Sep 19 05:45:03 UTC 2019 /home/travis/build/icyphy/ptII/ptolemy/domains/modal/test/auto/Timeout1.xml
----------------- Instantiating /home/travis/build/icyphy/ptII/ptolemy/domains/modal/test/auto/Timeout1.xml
4 ms. Memory: 305152K Free: 149292K (49%)
----------------- Invoking toplevel() on ptolemy.moml.MoMLSimpleApplication@72875034
----------------- Done invoking toplevel() on ptolemy.moml.MoMLSimpleApplication@72875034
reloadAllAccessors: .Timeout1

===========================================================================================
----------------- testing Thu Sep 19 05:45:03 UTC 2019 /home/travis/build/icyphy/ptII/ptolemy/domains/modal/test/auto/Timeout2.xml
----------------- Instantiating /home/travis/build/icyphy/ptII/ptolemy/domains/modal/test/auto/Timeout2.xml
6 ms. Memory: 305152K Free: 140604K (46%)
----------------- Invoking toplevel() on ptolemy.moml.MoMLSimpleApplication@6bde71bd
----------------- Done invoking toplevel() on ptolemy.moml.MoMLSimpleApplication@6bde71bd
reloadAllAccessors: .Timeout2

===========================================================================================
----------------- testing Thu Sep 19 05:45:03 UTC 2019 /home/travis/build/icyphy/ptII/ptolemy/domains/modal/test/auto/Timeout3.xml
----------------- Instantiating /home/travis/build/icyphy/ptII/ptolemy/domains/modal/test/auto/Timeout3.xml
2 ms. Memory: 305152K Free: 135484K (44%)
----------------- Invoking toplevel() on ptolemy.moml.MoMLSimpleApplication@7d65234d
----------------- Done invoking toplevel() on ptolemy.moml.MoMLSimpleApplication@7d65234d
reloadAllAccessors: .Timeout3

===========================================================================================
----------------- testing Thu Sep 19 05:45:03 UTC 2019 /home/travis/build/icyphy/ptII/ptolemy/domains/modal/test/auto/Timeout4.xml
----------------- Instantiating /home/travis/build/icyphy/ptII/ptolemy/domains/modal/test/auto/Timeout4.xml
2 ms. Memory: 305152K Free: 130364K (43%)
----------------- Invoking toplevel() on ptolemy.moml.MoMLSimpleApplication@37500815
----------------- Done invoking toplevel() on ptolemy.moml.MoMLSimpleApplication@37500815
reloadAllAccessors: .Timeout4

===========================================================================================
----------------- testing Thu Sep 19 05:45:03 UTC 2019 /home/travis/build/icyphy/ptII/ptolemy/domains/modal/test/auto/TransientstateModelAdvanced.xml
----------------- Instantiating /home/travis/build/icyphy/ptII/ptolemy/domains/modal/test/auto/TransientstateModelAdvanced.xml
3 ms. Memory: 305152K Free: 118076K (39%)
----------------- Invoking toplevel() on ptolemy.moml.MoMLSimpleApplication@7edeca6d
----------------- Done invoking toplevel() on ptolemy.moml.MoMLSimpleApplication@7edeca6d
reloadAllAccessors: .TransientstateModelAdvanced

===========================================================================================
----------------- testing Thu Sep 19 05:45:03 UTC 2019 /home/travis/build/icyphy/ptII/ptolemy/domains/modal/test/auto/TransientstateModelAdvanced2.xml
----------------- Instantiating /home/travis/build/icyphy/ptII/ptolemy/domains/modal/test/auto/TransientstateModelAdvanced2.xml
3 ms. Memory: 305152K Free: 281649K (92%)
----------------- Invoking toplevel() on ptolemy.moml.MoMLSimpleApplication@9b5ce52
----------------- Done invoking toplevel() on ptolemy.moml.MoMLSimpleApplication@9b5ce52
reloadAllAccessors: .transientstatemodelAdvanced

===========================================================================================
----------------- testing Thu Sep 19 05:45:03 UTC 2019 /home/travis/build/icyphy/ptII/ptolemy/domains/modal/test/auto/TransitionRefinements.xml
----------------- Instantiating /home/travis/build/icyphy/ptII/ptolemy/domains/modal/test/auto/TransitionRefinements.xml
9 ms. Memory: 305152K Free: 271905K (89%)
----------------- Invoking toplevel() on ptolemy.moml.MoMLSimpleApplication@470d3006
----------------- Done invoking toplevel() on ptolemy.moml.MoMLSimpleApplication@470d3006
reloadAllAccessors: .TransitionRefinements

===========================================================================================
----------------- testing Thu Sep 19 05:45:03 UTC 2019 /home/travis/build/icyphy/ptII/ptolemy/domains/modal/test/auto/TwoRefinements1.xml
----------------- Instantiating /home/travis/build/icyphy/ptII/ptolemy/domains/modal/test/auto/TwoRefinements1.xml
3 ms. Memory: 305152K Free: 261679K (86%)
----------------- Invoking toplevel() on ptolemy.moml.MoMLSimpleApplication@1d2dbb48
----------------- Done invoking toplevel() on ptolemy.moml.MoMLSimpleApplication@1d2dbb48
reloadAllAccessors: .TwoRefinements1

===========================================================================================
----------------- testing Thu Sep 19 05:45:03 UTC 2019 /home/travis/build/icyphy/ptII/ptolemy/domains/modal/test/auto/TwoRefinements2.xml
----------------- Instantiating /home/travis/build/icyphy/ptII/ptolemy/domains/modal/test/auto/TwoRefinements2.xml
3 ms. Memory: 305152K Free: 251953K (83%)
----------------- Invoking toplevel() on ptolemy.moml.MoMLSimpleApplication@3549dc87
----------------- Done invoking toplevel() on ptolemy.moml.MoMLSimpleApplication@3549dc87
reloadAllAccessors: .TwoRefinements2

===========================================================================================
----------------- testing Thu Sep 19 05:45:03 UTC 2019 /home/travis/build/icyphy/ptII/ptolemy/domains/modal/test/auto/WeakImmediateTransition.xml
----------------- Instantiating /home/travis/build/icyphy/ptII/ptolemy/domains/modal/test/auto/WeakImmediateTransition.xml
3 ms. Memory: 305152K Free: 243247K (80%)
----------------- Invoking toplevel() on ptolemy.moml.MoMLSimpleApplication@6e5dea26
----------------- Done invoking toplevel() on ptolemy.moml.MoMLSimpleApplication@6e5dea26
reloadAllAccessors: .WeakImmediateTransition

===========================================================================================
----------------- testing Thu Sep 19 05:45:03 UTC 2019 /home/travis/build/icyphy/ptII/ptolemy/domains/modal/test/auto/booleanSelect.xml
----------------- Instantiating /home/travis/build/icyphy/ptII/ptolemy/domains/modal/test/auto/booleanSelect.xml
37 ms. Memory: 305152K Free: 224815K (74%)
----------------- Invoking toplevel() on ptolemy.moml.MoMLSimpleApplication@662528a5
----------------- Done invoking toplevel() on ptolemy.moml.MoMLSimpleApplication@662528a5
reloadAllAccessors: .booleanSelect

===========================================================================================
----------------- testing Thu Sep 19 05:45:03 UTC 2019 /home/travis/build/icyphy/ptII/ptolemy/domains/modal/test/auto/modalChangingParams.xml
----------------- Instantiating /home/travis/build/icyphy/ptII/ptolemy/domains/modal/test/auto/modalChangingParams.xml
0
1
0
2
4
6
8
7
0
2
4
6
8
13
0
2
4
6
8
19
0
2
4
6
8
25
0
2
4
6
8
31
0
2
4
6
8
37
0
2
4
6
8
43
0
2
4
6
8
49
0
2
4
6
8
55
0
2
4
6
8
61
0
2
4
6
8
67
0
2
4
6
8
73
0
2
4
6
8
79
0
2
4
6
8
85
0
2
4
6
8
91
0
2
4
6
8
97
0
2
4
6
8
103
0
2
4
6
8
109
0
2
4
6
8
115
0
2
4
6
8
121
0
2
4
6
8
127
0
2
4
6
8
133
0
2
4
6
8
139
0
2
4
6
8
145
0
2
4
6
8
151
0
2
4
6
8
157
0
2
4
6
8
163
0
2
4
6
8
169
0
2
4
6
8
175
0
2
4
6
8
181
0
2
4
6
8
187
0
2
4
6
8
193
0
2
4
6
8
199
0
2
4
6
8
205
0
2
4
6
8
211
0
2
4
6
8
217
0
2
4
6
8
223
0
2
4
6
8
229
0
2
4
6
8
235
0
2
4
6
8
241
0
2
4
6
8
247
0
2
4
6
8
253
0
2
4
6
8
259
0
2
4
6
8
265
0
2
4
6
8
271
0
2
4
6
8
277
0
2
4
6
8
283
0
2
4
6
8
289
0
2
4
6
8
295
0
2
4
6
8
301
0
2
4
6
8
307
0
2
4
6
8
313
0
2
4
6
8
319
0
2
4
6
8
325
0
2
4
6
8
331
0
2
4
6
8
337
0
2
4
6
8
343
0
2
4
6
8
349
0
2
4
6
8
355
0
2
4
6
8
361
0
2
4
6
8
367
0
2
4
6
8
373
0
2
4
6
8
379
0
2
4
6
8
385
0
2
4
6
8
391
0
2
4
6
8
397
0
2
4
6
8
403
0
2
4
6
8
409
0
2
4
6
8
415
0
2
4
6
8
421
0
2
4
6
8
427
0
2
4
6
8
433
0
2
4
6
8
439
0
2
4
6
8
445
0
2
4
6
8
451
0
2
4
6
8
457
0
2
4
6
8
463
0
2
4
6
8
469
0
2
4
6
8
475
0
2
4
6
8
481
0
2
4
6
8
487
0
2
4
6
8
493
0
2
4
6
8
499
0
2
4
6
8
505
0
2
4
6
8
511
0
2
4
6
8
517
0
2
4
6
8
523
0
2
4
6
8
529
0
2
4
6
8
535
0
2
4
6
8
541
0
2
4
6
8
547
0
2
4
6
8
553
0
2
4
6
8
559
0
2
4
6
8
565
0
2
4
6
8
571
0
2
4
6
8
577
0
2
4
6
8
583
0
2
4
6
8
589
0
2
4
6
8
595
0
2
4
6
8
601
0
2
4
6
8
607
0
2
4
6
8
613
0
2
4
6
8
619
0
2
4
6
8
625
0
2
4
6
8
631
0
2
4
6
8
637
0
2
4
6
8
643
0
2
4
6
8
649
0
2
4
6
8
655
0
2
4
6
8
661
0
2
4
6
8
667
0
2
4
6
8
673
0
2
4
6
8
679
0
2
4
6
8
685
0
2
4
6
8
691
0
2
4
6
8
697
0
2
4
6
8
703
0
2
4
6
8
709
0
2
4
6
8
715
0
2
4
6
8
721
0
2
4
6
8
727
0
2
4
6
8
733
0
2
4
6
8
739
0
2
4
6
8
745
0
2
4
6
8
751
0
2
4
6
8
757
0
2
4
6
8
763
0
2
4
6
8
769
0
2
4
6
8
775
0
2
4
6
8
781
0
2
4
6
8
787
0
2
4
6
8
793
0
2
4
6
8
799
0
2
4
6
8
805
0
2
4
6
8
811
0
2
4
6
8
817
0
2
4
6
8
823
0
2
4
6
8
829
0
2
4
6
8
835
0
2
4
6
8
841
0
2
4
6
8
847
0
2
4
6
8
853
0
2
4
6
8
859
0
2
4
6
8
865
0
2
4
6
8
871
0
2
4
6
8
877
0
2
4
6
8
883
0
2
4
6
8
889
0
2
4
6
8
895
0
2
4
6
8
901
0
2
4
6
8
907
0
2
4
6
8
913
0
2
4
6
8
919
0
2
4
6
8
925
0
2
4
6
8
931
0
2
4
6
8
937
0
2
4
6
8
943
0
2
4
6
8
949
0
2
4
6
8
955
0
2
4
6
8
961
0
2
4
6
8
967
0
2
4
6
8
973
0
2
4
6
8
979
0
2
4
6
8
985
0
2
4
6
8
991
0
2
4
6
8
997
0
2
272 ms. Memory: 305152K Free: 110127K (36%)
----------------- Invoking toplevel() on ptolemy.moml.MoMLSimpleApplication@1b0201ef
----------------- Done invoking toplevel() on ptolemy.moml.MoMLSimpleApplication@1b0201ef
reloadAllAccessors: .modalChangingParams

===========================================================================================
----------------- testing Thu Sep 19 05:45:03 UTC 2019 /home/travis/build/icyphy/ptII/ptolemy/domains/modal/test/auto/modalModel.xml
----------------- Instantiating /home/travis/build/icyphy/ptII/ptolemy/domains/modal/test/auto/modalModel.xml
14 ms. Memory: 375808K Free: 351233K (93%)
----------------- Invoking toplevel() on ptolemy.moml.MoMLSimpleApplication@667c5f9d
----------------- Done invoking toplevel() on ptolemy.moml.MoMLSimpleApplication@667c5f9d
reloadAllAccessors: .modalModel

===========================================================================================
----------------- testing Thu Sep 19 05:45:03 UTC 2019 /home/travis/build/icyphy/ptII/ptolemy/domains/modal/test/auto/modalModel2.xml
----------------- Instantiating /home/travis/build/icyphy/ptII/ptolemy/domains/modal/test/auto/modalModel2.xml
8 ms. Memory: 375808K Free: 340465K (91%)
----------------- Invoking toplevel() on ptolemy.moml.MoMLSimpleApplication@5cf4f5d4
----------------- Done invoking toplevel() on ptolemy.moml.MoMLSimpleApplication@5cf4f5d4
reloadAllAccessors: .modalModel2

===========================================================================================
----------------- testing Thu Sep 19 05:45:04 UTC 2019 /home/travis/build/icyphy/ptII/ptolemy/domains/modal/test/auto/modalModel3.xml
----------------- Instantiating /home/travis/build/icyphy/ptII/ptolemy/domains/modal/test/auto/modalModel3.xml
0	0	0
3	2	1
6	4	2
9	6	3
4	0	4
7	2	5
10	4	6
13	6	7
8	0	8
11	2	9
14	4	10
17	6	11
12	0	12
15	2	13
18	4	14
19 ms. Memory: 375808K Free: 325633K (87%)
----------------- Invoking toplevel() on ptolemy.moml.MoMLSimpleApplication@7fc479ec
----------------- Done invoking toplevel() on ptolemy.moml.MoMLSimpleApplication@7fc479ec
reloadAllAccessors: .modalModel3

===========================================================================================
----------------- testing Thu Sep 19 05:45:04 UTC 2019 /home/travis/build/icyphy/ptII/ptolemy/domains/modal/test/auto/model1.xml
----------------- Instantiating /home/travis/build/icyphy/ptII/ptolemy/domains/modal/test/auto/model1.xml
13 ms. Memory: 375808K Free: 319999K (85%)
----------------- Invoking toplevel() on ptolemy.moml.MoMLSimpleApplication@71babefd
----------------- Done invoking toplevel() on ptolemy.moml.MoMLSimpleApplication@71babefd
reloadAllAccessors: .model1

===========================================================================================
----------------- testing Thu Sep 19 05:45:04 UTC 2019 /home/travis/build/icyphy/ptII/ptolemy/domains/modal/test/auto/test-direct-in-out.xml
----------------- Instantiating /home/travis/build/icyphy/ptII/ptolemy/domains/modal/test/auto/test-direct-in-out.xml
9 ms. Memory: 375808K Free: 312321K (83%)
----------------- Invoking toplevel() on ptolemy.moml.MoMLSimpleApplication@1e74752a
----------------- Done invoking toplevel() on ptolemy.moml.MoMLSimpleApplication@1e74752a
reloadAllAccessors: .test-direct-in-out
AutoTests.java: About to close Vertx.
AutoTests.java: Vertx closed.
]]></system-out>
  <system-err><![CDATA[java.lang.RuntimeException: Execution failed
	at ptolemy.moml.MoMLSimpleApplication$UnloadThread.run(MoMLSimpleApplication.java:402)
Caused by: ptolemy.kernel.util.IllegalActionException: Unknown inputs remain. Possible causality loop:
L_model_1893289564i

  in .CannotAnalysisWithPreemption.model_1893289564_region_1 and .CannotAnalysisWithPreemption.model_1893289564_region_1.L_model_1893289564i
	at ptolemy.actor.sched.FixedPointDirector.postfire(FixedPointDirector.java:515)
	at ptolemy.domains.sr.kernel.SRDirector.postfire(SRDirector.java:417)
	at ptolemy.actor.CompositeActor.postfire(CompositeActor.java:1668)
	at ptolemy.actor.Manager.iterate(Manager.java:852)
	at ptolemy.actor.Manager.execute(Manager.java:369)
	at ptolemy.actor.Manager.run(Manager.java:1263)
	at ptolemy.actor.Manager$PtolemyRunThread.run(Manager.java:1933)
java.lang.reflect.InvocationTargetException
	at java.base/jdk.internal.reflect.NativeConstructorAccessorImpl.newInstance0(Native Method)
	at java.base/jdk.internal.reflect.NativeConstructorAccessorImpl.newInstance(NativeConstructorAccessorImpl.java:62)
	at java.base/jdk.internal.reflect.DelegatingConstructorAccessorImpl.newInstance(DelegatingConstructorAccessorImpl.java:45)
	at java.base/java.lang.reflect.Constructor.newInstance(Constructor.java:490)
	at ptolemy.util.test.junit.AutoKnownFailedTests.RunModel(AutoKnownFailedTests.java:105)
	at java.base/jdk.internal.reflect.NativeMethodAccessorImpl.invoke0(Native Method)
	at java.base/jdk.internal.reflect.NativeMethodAccessorImpl.invoke(NativeMethodAccessorImpl.java:62)
	at java.base/jdk.internal.reflect.DelegatingMethodAccessorImpl.invoke(DelegatingMethodAccessorImpl.java:43)
	at java.base/java.lang.reflect.Method.invoke(Method.java:566)
	at org.junit.runners.model.FrameworkMethod$1.runReflectiveCall(FrameworkMethod.java:44)
	at org.junit.internal.runners.model.ReflectiveCallable.run(ReflectiveCallable.java:15)
	at org.junit.runners.model.FrameworkMethod.invokeExplosively(FrameworkMethod.java:41)
	at junitparams.internal.InvokeParameterisedMethod.evaluate(InvokeParameterisedMethod.java:102)
	at org.junit.internal.runners.statements.FailOnTimeout$1.run(FailOnTimeout.java:28)
Caused by: ptolemy.kernel.util.IllegalActionException: Unknown inputs remain. Possible causality loop:
L_model_1893289564i

  in .CannotAnalysisWithPreemption.model_1893289564_region_1 and .CannotAnalysisWithPreemption.model_1893289564_region_1.L_model_1893289564i
	at ptolemy.actor.sched.FixedPointDirector.postfire(FixedPointDirector.java:515)
	at ptolemy.domains.sr.kernel.SRDirector.postfire(SRDirector.java:417)
	at ptolemy.actor.CompositeActor.postfire(CompositeActor.java:1668)
	at ptolemy.actor.Manager.iterate(Manager.java:852)
	at ptolemy.actor.Manager.execute(Manager.java:369)
	at ptolemy.actor.Manager.run(Manager.java:1263)
	at ptolemy.actor.Manager$PtolemyRunThread.run(Manager.java:1933)
]]></system-err>
</testsuite>
