<?xml version="1.0" encoding="UTF-8" ?>
<testsuite errors="0" failures="0" hostname="travis-job-7c621245-61c2-4f89-b474-95d6663b8f82" name="ptolemy.domains.sdf.lib.test.junit.JUnitTclTest" skipped="0" tests="82" time="9.162" timestamp="2019-07-11T02:09:10">
  <properties>
[...]
</properties>
  <testcase classname="ptolemy.util.test.junit.TclTests" name="[0] /home/travis/build/icyphy/ptII/ptolemy/domains/sdf/lib/test/ArrayToSequence.tcl (RunTclFile)" time="0.568" />
  <testcase classname="ptolemy.util.test.junit.TclTests" name="[1] /home/travis/build/icyphy/ptII/ptolemy/domains/sdf/lib/test/BitsToInt.tcl (RunTclFile)" time="0.094" />
  <testcase classname="ptolemy.util.test.junit.TclTests" name="[2] /home/travis/build/icyphy/ptII/ptolemy/domains/sdf/lib/test/DelayLine.tcl (RunTclFile)" time="0.051" />
  <testcase classname="ptolemy.util.test.junit.TclTests" name="[3] /home/travis/build/icyphy/ptII/ptolemy/domains/sdf/lib/test/FFT.tcl (RunTclFile)" time="0.017" />
  <testcase classname="ptolemy.util.test.junit.TclTests" name="[4] /home/travis/build/icyphy/ptII/ptolemy/domains/sdf/lib/test/FIR.tcl (RunTclFile)" time="0.201" />
  <testcase classname="ptolemy.util.test.junit.TclTests" name="[5] /home/travis/build/icyphy/ptII/ptolemy/domains/sdf/lib/test/IntToBits.tcl (RunTclFile)" time="0.028" />
  <testcase classname="ptolemy.util.test.junit.TclTests" name="[6] /home/travis/build/icyphy/ptII/ptolemy/domains/sdf/lib/test/MaximumEntropySpectrum.tcl (RunTclFile)" time="0.37" />
  <testcase classname="ptolemy.util.test.junit.TclTests" name="[7] /home/travis/build/icyphy/ptII/ptolemy/domains/sdf/lib/test/Repeat.tcl (RunTclFile)" time="0.034" />
  <testcase classname="ptolemy.util.test.junit.TclTests" name="[8] /home/travis/build/icyphy/ptII/ptolemy/domains/sdf/lib/test/SampleDelay.tcl (RunTclFile)" time="0.08" />
  <testcase classname="ptolemy.util.test.junit.TclTests" name="[9] /home/travis/build/icyphy/ptII/ptolemy/domains/sdf/lib/test/SequenceToArray.tcl (RunTclFile)" time="0.05" />
  <testcase classname="ptolemy.util.test.junit.AutoKnownFailedTests" name="[0] ThereAreNoKnowFailedTests (RunModel)" time="0.016" />
  <testcase classname="ptolemy.util.test.junit.AutoNameArchTests" name="[0] ThereAreNoAutoArchTests (RunModel)" time="0.011" />
  <testcase classname="ptolemy.util.test.junit.AutoTests" name="[0] /home/travis/build/icyphy/ptII/ptolemy/domains/sdf/lib/test/auto/ArrayToSequence.xml (RunModel)" time="0.228" />
  <testcase classname="ptolemy.util.test.junit.AutoTests" name="[1] /home/travis/build/icyphy/ptII/ptolemy/domains/sdf/lib/test/auto/ArrayToSequenceTest.xml (RunModel)" time="0.084" />
  <testcase classname="ptolemy.util.test.junit.AutoTests" name="[2] /home/travis/build/icyphy/ptII/ptolemy/domains/sdf/lib/test/auto/Autocorrelation.xml (RunModel)" time="0.036" />
  <testcase classname="ptolemy.util.test.junit.AutoTests" name="[3] /home/travis/build/icyphy/ptII/ptolemy/domains/sdf/lib/test/auto/Autocorrelation2.xml (RunModel)" time="0.03" />
  <testcase classname="ptolemy.util.test.junit.AutoTests" name="[4] /home/travis/build/icyphy/ptII/ptolemy/domains/sdf/lib/test/auto/Autocorrelation3.xml (RunModel)" time="0.027" />
  <testcase classname="ptolemy.util.test.junit.AutoTests" name="[5] /home/travis/build/icyphy/ptII/ptolemy/domains/sdf/lib/test/auto/Autocorrelation4.xml (RunModel)" time="0.068" />
  <testcase classname="ptolemy.util.test.junit.AutoTests" name="[6] /home/travis/build/icyphy/ptII/ptolemy/domains/sdf/lib/test/auto/Autocorrelation5.xml (RunModel)" time="0.118" />
  <testcase classname="ptolemy.util.test.junit.AutoTests" name="[7] /home/travis/build/icyphy/ptII/ptolemy/domains/sdf/lib/test/auto/BitsToInt.xml (RunModel)" time="0.051" />
  <testcase classname="ptolemy.util.test.junit.AutoTests" name="[8] /home/travis/build/icyphy/ptII/ptolemy/domains/sdf/lib/test/auto/BooleanJoin.xml (RunModel)" time="0.057" />
  <testcase classname="ptolemy.util.test.junit.AutoTests" name="[9] /home/travis/build/icyphy/ptII/ptolemy/domains/sdf/lib/test/auto/BootstrapSampleDelay.xml (RunModel)" time="0.028" />
  <testcase classname="ptolemy.util.test.junit.AutoTests" name="[10] /home/travis/build/icyphy/ptII/ptolemy/domains/sdf/lib/test/auto/Chop.xml (RunModel)" time="0.031" />
  <testcase classname="ptolemy.util.test.junit.AutoTests" name="[11] /home/travis/build/icyphy/ptII/ptolemy/domains/sdf/lib/test/auto/Chop2.xml (RunModel)" time="0.05" />
  <testcase classname="ptolemy.util.test.junit.AutoTests" name="[12] /home/travis/build/icyphy/ptII/ptolemy/domains/sdf/lib/test/auto/ComplexJoin.xml (RunModel)" time="0.057" />
  <testcase classname="ptolemy.util.test.junit.AutoTests" name="[13] /home/travis/build/icyphy/ptII/ptolemy/domains/sdf/lib/test/auto/CountTrues.xml (RunModel)" time="0.015" />
  <testcase classname="ptolemy.util.test.junit.AutoTests" name="[14] /home/travis/build/icyphy/ptII/ptolemy/domains/sdf/lib/test/auto/DelayLine.xml (RunModel)" time="0.048" />
  <testcase classname="ptolemy.util.test.junit.AutoTests" name="[15] /home/travis/build/icyphy/ptII/ptolemy/domains/sdf/lib/test/auto/DotProduct.xml (RunModel)" time="0.034" />
  <testcase classname="ptolemy.util.test.junit.AutoTests" name="[16] /home/travis/build/icyphy/ptII/ptolemy/domains/sdf/lib/test/auto/DotProductMatrix.xml (RunModel)" time="0.023" />
  <testcase classname="ptolemy.util.test.junit.AutoTests" name="[17] /home/travis/build/icyphy/ptII/ptolemy/domains/sdf/lib/test/auto/DownSample1.xml (RunModel)" time="0.021" />
  <testcase classname="ptolemy.util.test.junit.AutoTests" name="[18] /home/travis/build/icyphy/ptII/ptolemy/domains/sdf/lib/test/auto/DynamicRateChange.xml (RunModel)" time="0.031" />
  <testcase classname="ptolemy.util.test.junit.AutoTests" name="[19] /home/travis/build/icyphy/ptII/ptolemy/domains/sdf/lib/test/auto/DynamicRates.xml (RunModel)" time="0.042" />
  <testcase classname="ptolemy.util.test.junit.AutoTests" name="[20] /home/travis/build/icyphy/ptII/ptolemy/domains/sdf/lib/test/auto/FFT1.xml (RunModel)" time="0.048" />
  <testcase classname="ptolemy.util.test.junit.AutoTests" name="[21] /home/travis/build/icyphy/ptII/ptolemy/domains/sdf/lib/test/auto/FIR1.xml (RunModel)" time="0.054" />
  <testcase classname="ptolemy.util.test.junit.AutoTests" name="[22] /home/travis/build/icyphy/ptII/ptolemy/domains/sdf/lib/test/auto/FIR2.xml (RunModel)" time="0.032" />
  <testcase classname="ptolemy.util.test.junit.AutoTests" name="[23] /home/travis/build/icyphy/ptII/ptolemy/domains/sdf/lib/test/auto/FIR4.xml (RunModel)" time="0.052" />
  <testcase classname="ptolemy.util.test.junit.AutoTests" name="[24] /home/travis/build/icyphy/ptII/ptolemy/domains/sdf/lib/test/auto/FixJoin.xml (RunModel)" time="0.034" />
  <testcase classname="ptolemy.util.test.junit.AutoTests" name="[25] /home/travis/build/icyphy/ptII/ptolemy/domains/sdf/lib/test/auto/IntJoin1.xml (RunModel)" time="0.023" />
  <testcase classname="ptolemy.util.test.junit.AutoTests" name="[26] /home/travis/build/icyphy/ptII/ptolemy/domains/sdf/lib/test/auto/IntJoin2.xml (RunModel)" time="0.023" />
  <testcase classname="ptolemy.util.test.junit.AutoTests" name="[27] /home/travis/build/icyphy/ptII/ptolemy/domains/sdf/lib/test/auto/IntJoin3.xml (RunModel)" time="0.029" />
  <testcase classname="ptolemy.util.test.junit.AutoTests" name="[28] /home/travis/build/icyphy/ptII/ptolemy/domains/sdf/lib/test/auto/IntJoin4.xml (RunModel)" time="0.029" />
  <testcase classname="ptolemy.util.test.junit.AutoTests" name="[29] /home/travis/build/icyphy/ptII/ptolemy/domains/sdf/lib/test/auto/IntJoin5.xml (RunModel)" time="0.033" />
  <testcase classname="ptolemy.util.test.junit.AutoTests" name="[30] /home/travis/build/icyphy/ptII/ptolemy/domains/sdf/lib/test/auto/IntToBits.xml (RunModel)" time="0.023" />
  <testcase classname="ptolemy.util.test.junit.AutoTests" name="[31] /home/travis/build/icyphy/ptII/ptolemy/domains/sdf/lib/test/auto/LMSAdaptive.xml (RunModel)" time="0.072" />
  <testcase classname="ptolemy.util.test.junit.AutoTests" name="[32] /home/travis/build/icyphy/ptII/ptolemy/domains/sdf/lib/test/auto/LMSAdaptiveFIR.xml (RunModel)" time="0.386" />
  <testcase classname="ptolemy.util.test.junit.AutoTests" name="[33] /home/travis/build/icyphy/ptII/ptolemy/domains/sdf/lib/test/auto/LMSAdaptiveFIR2.xml (RunModel)" time="0.473" />
  <testcase classname="ptolemy.util.test.junit.AutoTests" name="[34] /home/travis/build/icyphy/ptII/ptolemy/domains/sdf/lib/test/auto/LongJoin.xml (RunModel)" time="0.045" />
  <testcase classname="ptolemy.util.test.junit.AutoTests" name="[35] /home/travis/build/icyphy/ptII/ptolemy/domains/sdf/lib/test/auto/Matrix1.xml (RunModel)" time="0.019" />
  <testcase classname="ptolemy.util.test.junit.AutoTests" name="[36] /home/travis/build/icyphy/ptII/ptolemy/domains/sdf/lib/test/auto/Matrix2.xml (RunModel)" time="0.022" />
  <testcase classname="ptolemy.util.test.junit.AutoTests" name="[37] /home/travis/build/icyphy/ptII/ptolemy/domains/sdf/lib/test/auto/MatrixJoin1.xml (RunModel)" time="0.038" />
  <testcase classname="ptolemy.util.test.junit.AutoTests" name="[38] /home/travis/build/icyphy/ptII/ptolemy/domains/sdf/lib/test/auto/MatrixJoin2.xml (RunModel)" time="0.051" />
  <testcase classname="ptolemy.util.test.junit.AutoTests" name="[39] /home/travis/build/icyphy/ptII/ptolemy/domains/sdf/lib/test/auto/MatrixJoin3.xml (RunModel)" time="0.026" />
  <testcase classname="ptolemy.util.test.junit.AutoTests" name="[40] /home/travis/build/icyphy/ptII/ptolemy/domains/sdf/lib/test/auto/MatrixJoin4.xml (RunModel)" time="0.017" />
  <testcase classname="ptolemy.util.test.junit.AutoTests" name="[41] /home/travis/build/icyphy/ptII/ptolemy/domains/sdf/lib/test/auto/MatrixJoin5.xml (RunModel)" time="0.016" />
  <testcase classname="ptolemy.util.test.junit.AutoTests" name="[42] /home/travis/build/icyphy/ptII/ptolemy/domains/sdf/lib/test/auto/MatrixSplit1.xml (RunModel)" time="0.028" />
  <testcase classname="ptolemy.util.test.junit.AutoTests" name="[43] /home/travis/build/icyphy/ptII/ptolemy/domains/sdf/lib/test/auto/MatrixSplit10.xml (RunModel)" time="0.02" />
  <testcase classname="ptolemy.util.test.junit.AutoTests" name="[44] /home/travis/build/icyphy/ptII/ptolemy/domains/sdf/lib/test/auto/MatrixSplit11.xml (RunModel)" time="0.012" />
  <testcase classname="ptolemy.util.test.junit.AutoTests" name="[45] /home/travis/build/icyphy/ptII/ptolemy/domains/sdf/lib/test/auto/MatrixSplit12.xml (RunModel)" time="0.018" />
  <testcase classname="ptolemy.util.test.junit.AutoTests" name="[46] /home/travis/build/icyphy/ptII/ptolemy/domains/sdf/lib/test/auto/MatrixSplit13.xml (RunModel)" time="0.032" />
  <testcase classname="ptolemy.util.test.junit.AutoTests" name="[47] /home/travis/build/icyphy/ptII/ptolemy/domains/sdf/lib/test/auto/MatrixSplit14.xml (RunModel)" time="0.018" />
  <testcase classname="ptolemy.util.test.junit.AutoTests" name="[48] /home/travis/build/icyphy/ptII/ptolemy/domains/sdf/lib/test/auto/MatrixSplit2.xml (RunModel)" time="0.014" />
  <testcase classname="ptolemy.util.test.junit.AutoTests" name="[49] /home/travis/build/icyphy/ptII/ptolemy/domains/sdf/lib/test/auto/MatrixSplit3.xml (RunModel)" time="0.02" />
  <testcase classname="ptolemy.util.test.junit.AutoTests" name="[50] /home/travis/build/icyphy/ptII/ptolemy/domains/sdf/lib/test/auto/MatrixSplit4.xml (RunModel)" time="0.018" />
  <testcase classname="ptolemy.util.test.junit.AutoTests" name="[51] /home/travis/build/icyphy/ptII/ptolemy/domains/sdf/lib/test/auto/MatrixSplit5.xml (RunModel)" time="0.026" />
  <testcase classname="ptolemy.util.test.junit.AutoTests" name="[52] /home/travis/build/icyphy/ptII/ptolemy/domains/sdf/lib/test/auto/MatrixSplit6.xml (RunModel)" time="0.018" />
  <testcase classname="ptolemy.util.test.junit.AutoTests" name="[53] /home/travis/build/icyphy/ptII/ptolemy/domains/sdf/lib/test/auto/MatrixSplit7.xml (RunModel)" time="0.016" />
  <testcase classname="ptolemy.util.test.junit.AutoTests" name="[54] /home/travis/build/icyphy/ptII/ptolemy/domains/sdf/lib/test/auto/MatrixSplit8.xml (RunModel)" time="0.018" />
  <testcase classname="ptolemy.util.test.junit.AutoTests" name="[55] /home/travis/build/icyphy/ptII/ptolemy/domains/sdf/lib/test/auto/MatrixSplit9.xml (RunModel)" time="0.032" />
  <testcase classname="ptolemy.util.test.junit.AutoTests" name="[56] /home/travis/build/icyphy/ptII/ptolemy/domains/sdf/lib/test/auto/MatrixToSequence.xml (RunModel)" time="0.036" />
  <testcase classname="ptolemy.util.test.junit.AutoTests" name="[57] /home/travis/build/icyphy/ptII/ptolemy/domains/sdf/lib/test/auto/MaximumEntropySpectrum.xml (RunModel)" time="0.075" />
  <testcase classname="ptolemy.util.test.junit.AutoTests" name="[58] /home/travis/build/icyphy/ptII/ptolemy/domains/sdf/lib/test/auto/SampleDelayConversion.xml (RunModel)" time="0.019" />
  <testcase classname="ptolemy.util.test.junit.AutoTests" name="[59] /home/travis/build/icyphy/ptII/ptolemy/domains/sdf/lib/test/auto/SequenceToArray.xml (RunModel)" time="0.038" />
  <testcase classname="ptolemy.util.test.junit.AutoTests" name="[60] /home/travis/build/icyphy/ptII/ptolemy/domains/sdf/lib/test/auto/SequenceToMatrix.xml (RunModel)" time="3.581" />
  <testcase classname="ptolemy.util.test.junit.AutoTests" name="[61] /home/travis/build/icyphy/ptII/ptolemy/domains/sdf/lib/test/auto/SmoothedPeriodogram.xml (RunModel)" time="0.06" />
  <testcase classname="ptolemy.util.test.junit.AutoTests" name="[62] /home/travis/build/icyphy/ptII/ptolemy/domains/sdf/lib/test/auto/UpDownSample1.xml (RunModel)" time="0.018" />
  <testcase classname="ptolemy.util.test.junit.AutoTests" name="[63] /home/travis/build/icyphy/ptII/ptolemy/domains/sdf/lib/test/auto/UpSample1.xml (RunModel)" time="0.018" />
  <testcase classname="ptolemy.util.test.junit.AutoTests" name="[64] /home/travis/build/icyphy/ptII/ptolemy/domains/sdf/lib/test/auto/VariableFIR.xml (RunModel)" time="0.022" />
  <testcase classname="ptolemy.util.test.junit.AutoTests" name="[65] /home/travis/build/icyphy/ptII/ptolemy/domains/sdf/lib/test/auto/VariableFIR2.xml (RunModel)" time="0.023" />
  <testcase classname="ptolemy.util.test.junit.AutoTests" name="[66] /home/travis/build/icyphy/ptII/ptolemy/domains/sdf/lib/test/auto/VariableLattice.xml (RunModel)" time="0.028" />
  <testcase classname="ptolemy.util.test.junit.AutoTests" name="[67] /home/travis/build/icyphy/ptII/ptolemy/domains/sdf/lib/test/auto/VariableLattice2.xml (RunModel)" time="0.017" />
  <testcase classname="ptolemy.util.test.junit.AutoTests" name="[68] /home/travis/build/icyphy/ptII/ptolemy/domains/sdf/lib/test/auto/VariableRecursiveLattice.xml (RunModel)" time="0.014" />
  <testcase classname="ptolemy.util.test.junit.AutoTests" name="[69] /home/travis/build/icyphy/ptII/ptolemy/domains/sdf/lib/test/auto/VariableRecursiveLattice2.xml (RunModel)" time="0.012" />
  <system-out><![CDATA[/home/travis/build/icyphy/ptII/ptolemy/domains/sdf/lib/test/ArrayToSequence.tcl
testDefs.tcl: setting time out to 9000 seconds at Thu Jul 11 02:09:10 UTC 2019
65 ms. Memory: 120832K Free: 100451K (83%)
11 ms. Memory: 120832K Free: 98100K (81%)
13 ms. Memory: 120832K Free: 96363K (80%)
31 ms. Memory: 120832K Free: 94993K (79%)
/home/travis/build/icyphy/ptII/ptolemy/domains/sdf/lib/test/BitsToInt.tcl
27 ms. Memory: 120832K Free: 106988K (89%)
17 ms. Memory: 120832K Free: 105453K (87%)
/home/travis/build/icyphy/ptII/ptolemy/domains/sdf/lib/test/DelayLine.tcl
16 ms. Memory: 120832K Free: 103419K (86%)
/home/travis/build/icyphy/ptII/ptolemy/domains/sdf/lib/test/FFT.tcl
5 ms. Memory: 120832K Free: 101817K (84%)
/home/travis/build/icyphy/ptII/ptolemy/domains/sdf/lib/test/FIR.tcl
17 ms. Memory: 120832K Free: 99889K (83%)
104 ms. Memory: 120832K Free: 95227K (79%)
ptolemy.kernel.util.IllegalActionException: multiplyReverse method not supported between ptolemy.data.FixToken 'fix(-0.0625,6,2)' and ptolemy.data.IntToken '1' because the types are incomparable.
  in .top.FIRclone
Because:
multiplyReverse method not supported between ptolemy.data.FixToken 'fix(-0.0625,6,2)' and ptolemy.data.IntToken '1' because the types are incomparable.
18 ms. Memory: 120832K Free: 92735K (77%)
/home/travis/build/icyphy/ptII/ptolemy/domains/sdf/lib/test/IntToBits.tcl
4 ms. Memory: 120832K Free: 91577K (76%)
5 ms. Memory: 120832K Free: 89650K (74%)
/home/travis/build/icyphy/ptII/ptolemy/domains/sdf/lib/test/MaximumEntropySpectrum.tcl
/home/travis/build/icyphy/ptII/ptolemy/domains/sdf/lib/test/Repeat.tcl
7 ms. Memory: 178176K Free: 146713K (82%)
/home/travis/build/icyphy/ptII/ptolemy/domains/sdf/lib/test/SampleDelay.tcl
5 ms. Memory: 178176K Free: 144665K (81%)
7 ms. Memory: 178176K Free: 144137K (81%)
8 ms. Memory: 178176K Free: 143127K (80%)
8 ms. Memory: 178176K Free: 142617K (80%)
8 ms. Memory: 178176K Free: 142073K (80%)
3 ms. Memory: 178176K Free: 141593K (79%)
/home/travis/build/icyphy/ptII/ptolemy/domains/sdf/lib/test/SequenceToArray.tcl
6 ms. Memory: 178176K Free: 139545K (78%)
5 ms. Memory: 178176K Free: 138521K (78%)
6 ms. Memory: 178176K Free: 136969K (77%)
6 ms. Memory: 178176K Free: 135945K (76%)
07/11/19 02:09:11
Failed: 0  Total Tests: 41  ((Passed: 41, Newly Passed: 0)  Known Failed: 0) /home/travis/build/icyphy/ptII/ptolemy/domains/sdf/lib/test
No auto/knownFailedTests/*.xml tests in /home/travis/build/icyphy/ptII/ptolemy/domains/sdf/lib/test
No auto/linux-amd64/*.xml tests in /home/travis/build/icyphy/ptII/ptolemy/domains/sdf/lib/test
AutoTests.java: About to close Vertx.
AutoTests.java: Vertx closed.

===========================================================================================
----------------- testing Thu Jul 11 02:09:12 UTC 2019 /home/travis/build/icyphy/ptII/ptolemy/domains/sdf/lib/test/auto/ArrayToSequence.xml
----------------- Instantiating /home/travis/build/icyphy/ptII/ptolemy/domains/sdf/lib/test/auto/ArrayToSequence.xml
31 ms. Memory: 178176K Free: 141809K (80%)
----------------- Invoking toplevel() on ptolemy.moml.MoMLSimpleApplication@62bec15d
----------------- Done invoking toplevel() on ptolemy.moml.MoMLSimpleApplication@62bec15d
reloadAllAccessors: .ArrayToSequence

===========================================================================================
----------------- testing Thu Jul 11 02:09:12 UTC 2019 /home/travis/build/icyphy/ptII/ptolemy/domains/sdf/lib/test/auto/ArrayToSequenceTest.xml
----------------- Instantiating /home/travis/build/icyphy/ptII/ptolemy/domains/sdf/lib/test/auto/ArrayToSequenceTest.xml
19 ms. Memory: 178176K Free: 135151K (76%)
----------------- Invoking toplevel() on ptolemy.moml.MoMLSimpleApplication@478b311d
----------------- Done invoking toplevel() on ptolemy.moml.MoMLSimpleApplication@478b311d
reloadAllAccessors: .ArrayToSequenceTest

===========================================================================================
----------------- testing Thu Jul 11 02:09:12 UTC 2019 /home/travis/build/icyphy/ptII/ptolemy/domains/sdf/lib/test/auto/Autocorrelation.xml
----------------- Instantiating /home/travis/build/icyphy/ptII/ptolemy/domains/sdf/lib/test/auto/Autocorrelation.xml
5 ms. Memory: 178176K Free: 131055K (74%)
----------------- Invoking toplevel() on ptolemy.moml.MoMLSimpleApplication@7472ecd0
----------------- Done invoking toplevel() on ptolemy.moml.MoMLSimpleApplication@7472ecd0
reloadAllAccessors: .Autocorrelation

===========================================================================================
----------------- testing Thu Jul 11 02:09:12 UTC 2019 /home/travis/build/icyphy/ptII/ptolemy/domains/sdf/lib/test/auto/Autocorrelation2.xml
----------------- Instantiating /home/travis/build/icyphy/ptII/ptolemy/domains/sdf/lib/test/auto/Autocorrelation2.xml
5 ms. Memory: 178176K Free: 126959K (71%)
----------------- Invoking toplevel() on ptolemy.moml.MoMLSimpleApplication@44afb0eb
----------------- Done invoking toplevel() on ptolemy.moml.MoMLSimpleApplication@44afb0eb
reloadAllAccessors: .Autocorrelation2

===========================================================================================
----------------- testing Thu Jul 11 02:09:12 UTC 2019 /home/travis/build/icyphy/ptII/ptolemy/domains/sdf/lib/test/auto/Autocorrelation3.xml
----------------- Instantiating /home/travis/build/icyphy/ptII/ptolemy/domains/sdf/lib/test/auto/Autocorrelation3.xml
7 ms. Memory: 178176K Free: 122863K (69%)
----------------- Invoking toplevel() on ptolemy.moml.MoMLSimpleApplication@95e0158
----------------- Done invoking toplevel() on ptolemy.moml.MoMLSimpleApplication@95e0158
reloadAllAccessors: .Autocorrelation3

===========================================================================================
----------------- testing Thu Jul 11 02:09:12 UTC 2019 /home/travis/build/icyphy/ptII/ptolemy/domains/sdf/lib/test/auto/Autocorrelation4.xml
----------------- Instantiating /home/travis/build/icyphy/ptII/ptolemy/domains/sdf/lib/test/auto/Autocorrelation4.xml
10 ms. Memory: 178176K Free: 118767K (67%)
----------------- Invoking toplevel() on ptolemy.moml.MoMLSimpleApplication@16c26fae
----------------- Done invoking toplevel() on ptolemy.moml.MoMLSimpleApplication@16c26fae
reloadAllAccessors: .Autocorrelation4

===========================================================================================
----------------- testing Thu Jul 11 02:09:12 UTC 2019 /home/travis/build/icyphy/ptII/ptolemy/domains/sdf/lib/test/auto/Autocorrelation5.xml
----------------- Instantiating /home/travis/build/icyphy/ptII/ptolemy/domains/sdf/lib/test/auto/Autocorrelation5.xml
52 ms. Memory: 178176K Free: 111599K (63%)
----------------- Invoking toplevel() on ptolemy.moml.MoMLSimpleApplication@728e1084
----------------- Done invoking toplevel() on ptolemy.moml.MoMLSimpleApplication@728e1084
reloadAllAccessors: .Autocorrelation5

===========================================================================================
----------------- testing Thu Jul 11 02:09:12 UTC 2019 /home/travis/build/icyphy/ptII/ptolemy/domains/sdf/lib/test/auto/BitsToInt.xml
----------------- Instantiating /home/travis/build/icyphy/ptII/ptolemy/domains/sdf/lib/test/auto/BitsToInt.xml
3 ms. Memory: 178176K Free: 108017K (61%)
----------------- Invoking toplevel() on ptolemy.moml.MoMLSimpleApplication@67c93dd4
----------------- Done invoking toplevel() on ptolemy.moml.MoMLSimpleApplication@67c93dd4
reloadAllAccessors: .BitsToInt

===========================================================================================
----------------- testing Thu Jul 11 02:09:12 UTC 2019 /home/travis/build/icyphy/ptII/ptolemy/domains/sdf/lib/test/auto/BooleanJoin.xml
----------------- Instantiating /home/travis/build/icyphy/ptII/ptolemy/domains/sdf/lib/test/auto/BooleanJoin.xml
4 ms. Memory: 178176K Free: 103921K (58%)
----------------- Invoking toplevel() on ptolemy.moml.MoMLSimpleApplication@2211953b
----------------- Done invoking toplevel() on ptolemy.moml.MoMLSimpleApplication@2211953b
reloadAllAccessors: .BooleanJoin

===========================================================================================
----------------- testing Thu Jul 11 02:09:12 UTC 2019 /home/travis/build/icyphy/ptII/ptolemy/domains/sdf/lib/test/auto/BootstrapSampleDelay.xml
----------------- Instantiating /home/travis/build/icyphy/ptII/ptolemy/domains/sdf/lib/test/auto/BootstrapSampleDelay.xml
6 ms. Memory: 178176K Free: 99825K (56%)
----------------- Invoking toplevel() on ptolemy.moml.MoMLSimpleApplication@28563c88
----------------- Done invoking toplevel() on ptolemy.moml.MoMLSimpleApplication@28563c88
reloadAllAccessors: .BootstrapSampleDelay

===========================================================================================
----------------- testing Thu Jul 11 02:09:12 UTC 2019 /home/travis/build/icyphy/ptII/ptolemy/domains/sdf/lib/test/auto/Chop.xml
----------------- Instantiating /home/travis/build/icyphy/ptII/ptolemy/domains/sdf/lib/test/auto/Chop.xml
5 ms. Memory: 178176K Free: 92657K (52%)
----------------- Invoking toplevel() on ptolemy.moml.MoMLSimpleApplication@3a5c6687
----------------- Done invoking toplevel() on ptolemy.moml.MoMLSimpleApplication@3a5c6687
reloadAllAccessors: .Chop

===========================================================================================
----------------- testing Thu Jul 11 02:09:12 UTC 2019 /home/travis/build/icyphy/ptII/ptolemy/domains/sdf/lib/test/auto/Chop2.xml
----------------- Instantiating /home/travis/build/icyphy/ptII/ptolemy/domains/sdf/lib/test/auto/Chop2.xml
10 ms. Memory: 178176K Free: 85999K (48%)
----------------- Invoking toplevel() on ptolemy.moml.MoMLSimpleApplication@71577aa0
----------------- Done invoking toplevel() on ptolemy.moml.MoMLSimpleApplication@71577aa0
reloadAllAccessors: .Chop2

===========================================================================================
----------------- testing Thu Jul 11 02:09:12 UTC 2019 /home/travis/build/icyphy/ptII/ptolemy/domains/sdf/lib/test/auto/ComplexJoin.xml
----------------- Instantiating /home/travis/build/icyphy/ptII/ptolemy/domains/sdf/lib/test/auto/ComplexJoin.xml
3 ms. Memory: 178176K Free: 160680K (90%)
----------------- Invoking toplevel() on ptolemy.moml.MoMLSimpleApplication@3ab51aa2
----------------- Done invoking toplevel() on ptolemy.moml.MoMLSimpleApplication@3ab51aa2
reloadAllAccessors: .ComplexJoin

===========================================================================================
----------------- testing Thu Jul 11 02:09:12 UTC 2019 /home/travis/build/icyphy/ptII/ptolemy/domains/sdf/lib/test/auto/CountTrues.xml
----------------- Instantiating /home/travis/build/icyphy/ptII/ptolemy/domains/sdf/lib/test/auto/CountTrues.xml
2 ms. Memory: 178176K Free: 157098K (88%)
----------------- Invoking toplevel() on ptolemy.moml.MoMLSimpleApplication@2ba96b2c
----------------- Done invoking toplevel() on ptolemy.moml.MoMLSimpleApplication@2ba96b2c
reloadAllAccessors: .CountTrues

===========================================================================================
----------------- testing Thu Jul 11 02:09:12 UTC 2019 /home/travis/build/icyphy/ptII/ptolemy/domains/sdf/lib/test/auto/DelayLine.xml
----------------- Instantiating /home/travis/build/icyphy/ptII/ptolemy/domains/sdf/lib/test/auto/DelayLine.xml
9 ms. Memory: 178176K Free: 151978K (85%)
----------------- Invoking toplevel() on ptolemy.moml.MoMLSimpleApplication@41d7518f
----------------- Done invoking toplevel() on ptolemy.moml.MoMLSimpleApplication@41d7518f
reloadAllAccessors: .DelayLine

===========================================================================================
----------------- testing Thu Jul 11 02:09:13 UTC 2019 /home/travis/build/icyphy/ptII/ptolemy/domains/sdf/lib/test/auto/DotProduct.xml
----------------- Instantiating /home/travis/build/icyphy/ptII/ptolemy/domains/sdf/lib/test/auto/DotProduct.xml
6 ms. Memory: 178176K Free: 148392K (83%)
----------------- Invoking toplevel() on ptolemy.moml.MoMLSimpleApplication@f092ee1
----------------- Done invoking toplevel() on ptolemy.moml.MoMLSimpleApplication@f092ee1
reloadAllAccessors: .DotProduct

===========================================================================================
----------------- testing Thu Jul 11 02:09:13 UTC 2019 /home/travis/build/icyphy/ptII/ptolemy/domains/sdf/lib/test/auto/DotProductMatrix.xml
----------------- Instantiating /home/travis/build/icyphy/ptII/ptolemy/domains/sdf/lib/test/auto/DotProductMatrix.xml
2 ms. Memory: 178176K Free: 145834K (82%)
----------------- Invoking toplevel() on ptolemy.moml.MoMLSimpleApplication@104691ca
----------------- Done invoking toplevel() on ptolemy.moml.MoMLSimpleApplication@104691ca
reloadAllAccessors: .DotProductMatrix

===========================================================================================
----------------- testing Thu Jul 11 02:09:13 UTC 2019 /home/travis/build/icyphy/ptII/ptolemy/domains/sdf/lib/test/auto/DownSample1.xml
----------------- Instantiating /home/travis/build/icyphy/ptII/ptolemy/domains/sdf/lib/test/auto/DownSample1.xml
3 ms. Memory: 178176K Free: 142248K (80%)
----------------- Invoking toplevel() on ptolemy.moml.MoMLSimpleApplication@72b56b26
----------------- Done invoking toplevel() on ptolemy.moml.MoMLSimpleApplication@72b56b26
reloadAllAccessors: .DownSample1

===========================================================================================
----------------- testing Thu Jul 11 02:09:13 UTC 2019 /home/travis/build/icyphy/ptII/ptolemy/domains/sdf/lib/test/auto/DynamicRateChange.xml
----------------- Instantiating /home/travis/build/icyphy/ptII/ptolemy/domains/sdf/lib/test/auto/DynamicRateChange.xml
14 ms. Memory: 178176K Free: 136618K (77%)
----------------- Invoking toplevel() on ptolemy.moml.MoMLSimpleApplication@25fcdd4
----------------- Done invoking toplevel() on ptolemy.moml.MoMLSimpleApplication@25fcdd4
reloadAllAccessors: .DynamicRateChange

===========================================================================================
----------------- testing Thu Jul 11 02:09:13 UTC 2019 /home/travis/build/icyphy/ptII/ptolemy/domains/sdf/lib/test/auto/DynamicRates.xml
----------------- Instantiating /home/travis/build/icyphy/ptII/ptolemy/domains/sdf/lib/test/auto/DynamicRates.xml
7 ms. Memory: 178176K Free: 130984K (74%)
----------------- Invoking toplevel() on ptolemy.moml.MoMLSimpleApplication@6a50bc0b
----------------- Done invoking toplevel() on ptolemy.moml.MoMLSimpleApplication@6a50bc0b
reloadAllAccessors: .DynamicRates

===========================================================================================
----------------- testing Thu Jul 11 02:09:13 UTC 2019 /home/travis/build/icyphy/ptII/ptolemy/domains/sdf/lib/test/auto/FFT1.xml
----------------- Instantiating /home/travis/build/icyphy/ptII/ptolemy/domains/sdf/lib/test/auto/FFT1.xml
7 ms. Memory: 178176K Free: 126378K (71%)
----------------- Invoking toplevel() on ptolemy.moml.MoMLSimpleApplication@6cd32f45
----------------- Done invoking toplevel() on ptolemy.moml.MoMLSimpleApplication@6cd32f45
reloadAllAccessors: .FFT1

===========================================================================================
----------------- testing Thu Jul 11 02:09:13 UTC 2019 /home/travis/build/icyphy/ptII/ptolemy/domains/sdf/lib/test/auto/FIR1.xml
----------------- Instantiating /home/travis/build/icyphy/ptII/ptolemy/domains/sdf/lib/test/auto/FIR1.xml
20 ms. Memory: 178176K Free: 119720K (67%)
----------------- Invoking toplevel() on ptolemy.moml.MoMLSimpleApplication@10d765a9
----------------- Done invoking toplevel() on ptolemy.moml.MoMLSimpleApplication@10d765a9
reloadAllAccessors: .FIR1

===========================================================================================
----------------- testing Thu Jul 11 02:09:13 UTC 2019 /home/travis/build/icyphy/ptII/ptolemy/domains/sdf/lib/test/auto/FIR2.xml
----------------- Instantiating /home/travis/build/icyphy/ptII/ptolemy/domains/sdf/lib/test/auto/FIR2.xml
5 ms. Memory: 178176K Free: 116138K (65%)
----------------- Invoking toplevel() on ptolemy.moml.MoMLSimpleApplication@23d20fbf
----------------- Done invoking toplevel() on ptolemy.moml.MoMLSimpleApplication@23d20fbf
reloadAllAccessors: .FIR2

===========================================================================================
----------------- testing Thu Jul 11 02:09:13 UTC 2019 /home/travis/build/icyphy/ptII/ptolemy/domains/sdf/lib/test/auto/FIR4.xml
----------------- Instantiating /home/travis/build/icyphy/ptII/ptolemy/domains/sdf/lib/test/auto/FIR4.xml
8 ms. Memory: 178176K Free: 108970K (61%)
----------------- Invoking toplevel() on ptolemy.moml.MoMLSimpleApplication@6fcae327
----------------- Done invoking toplevel() on ptolemy.moml.MoMLSimpleApplication@6fcae327
reloadAllAccessors: .FIR4

===========================================================================================
----------------- testing Thu Jul 11 02:09:13 UTC 2019 /home/travis/build/icyphy/ptII/ptolemy/domains/sdf/lib/test/auto/FixJoin.xml
----------------- Instantiating /home/travis/build/icyphy/ptII/ptolemy/domains/sdf/lib/test/auto/FixJoin.xml
3 ms. Memory: 178176K Free: 104360K (59%)
----------------- Invoking toplevel() on ptolemy.moml.MoMLSimpleApplication@3f522a43
----------------- Done invoking toplevel() on ptolemy.moml.MoMLSimpleApplication@3f522a43
reloadAllAccessors: .FixJoin

===========================================================================================
----------------- testing Thu Jul 11 02:09:13 UTC 2019 /home/travis/build/icyphy/ptII/ptolemy/domains/sdf/lib/test/auto/IntJoin1.xml
----------------- Instantiating /home/travis/build/icyphy/ptII/ptolemy/domains/sdf/lib/test/auto/IntJoin1.xml
3 ms. Memory: 178176K Free: 100264K (56%)
----------------- Invoking toplevel() on ptolemy.moml.MoMLSimpleApplication@4c8fc41d
----------------- Done invoking toplevel() on ptolemy.moml.MoMLSimpleApplication@4c8fc41d
reloadAllAccessors: .IntJoin1

===========================================================================================
----------------- testing Thu Jul 11 02:09:13 UTC 2019 /home/travis/build/icyphy/ptII/ptolemy/domains/sdf/lib/test/auto/IntJoin2.xml
----------------- Instantiating /home/travis/build/icyphy/ptII/ptolemy/domains/sdf/lib/test/auto/IntJoin2.xml
3 ms. Memory: 178176K Free: 95658K (54%)
----------------- Invoking toplevel() on ptolemy.moml.MoMLSimpleApplication@30b66f3d
----------------- Done invoking toplevel() on ptolemy.moml.MoMLSimpleApplication@30b66f3d
reloadAllAccessors: .IntJoin2

===========================================================================================
----------------- testing Thu Jul 11 02:09:13 UTC 2019 /home/travis/build/icyphy/ptII/ptolemy/domains/sdf/lib/test/auto/IntJoin3.xml
----------------- Instantiating /home/travis/build/icyphy/ptII/ptolemy/domains/sdf/lib/test/auto/IntJoin3.xml
6 ms. Memory: 178176K Free: 91562K (51%)
----------------- Invoking toplevel() on ptolemy.moml.MoMLSimpleApplication@4d9bbcab
----------------- Done invoking toplevel() on ptolemy.moml.MoMLSimpleApplication@4d9bbcab
reloadAllAccessors: .IntJoin3

===========================================================================================
----------------- testing Thu Jul 11 02:09:13 UTC 2019 /home/travis/build/icyphy/ptII/ptolemy/domains/sdf/lib/test/auto/IntJoin4.xml
----------------- Instantiating /home/travis/build/icyphy/ptII/ptolemy/domains/sdf/lib/test/auto/IntJoin4.xml
8 ms. Memory: 178176K Free: 86952K (49%)
----------------- Invoking toplevel() on ptolemy.moml.MoMLSimpleApplication@6f9ffc5b
----------------- Done invoking toplevel() on ptolemy.moml.MoMLSimpleApplication@6f9ffc5b
reloadAllAccessors: .IntJoin4

===========================================================================================
----------------- testing Thu Jul 11 02:09:13 UTC 2019 /home/travis/build/icyphy/ptII/ptolemy/domains/sdf/lib/test/auto/IntJoin5.xml
----------------- Instantiating /home/travis/build/icyphy/ptII/ptolemy/domains/sdf/lib/test/auto/IntJoin5.xml
4 ms. Memory: 178176K Free: 82856K (47%)
----------------- Invoking toplevel() on ptolemy.moml.MoMLSimpleApplication@65418b68
----------------- Done invoking toplevel() on ptolemy.moml.MoMLSimpleApplication@65418b68
reloadAllAccessors: .IntJoin5

===========================================================================================
----------------- testing Thu Jul 11 02:09:13 UTC 2019 /home/travis/build/icyphy/ptII/ptolemy/domains/sdf/lib/test/auto/IntToBits.xml
----------------- Instantiating /home/travis/build/icyphy/ptII/ptolemy/domains/sdf/lib/test/auto/IntToBits.xml
8 ms. Memory: 178176K Free: 79274K (44%)
----------------- Invoking toplevel() on ptolemy.moml.MoMLSimpleApplication@6a9e7095
----------------- Done invoking toplevel() on ptolemy.moml.MoMLSimpleApplication@6a9e7095
reloadAllAccessors: .IntToBits

===========================================================================================
----------------- testing Thu Jul 11 02:09:13 UTC 2019 /home/travis/build/icyphy/ptII/ptolemy/domains/sdf/lib/test/auto/LMSAdaptive.xml
----------------- Instantiating /home/travis/build/icyphy/ptII/ptolemy/domains/sdf/lib/test/auto/LMSAdaptive.xml
14 ms. Memory: 178176K Free: 71082K (40%)
----------------- Invoking toplevel() on ptolemy.moml.MoMLSimpleApplication@3eb4fbe6
----------------- Done invoking toplevel() on ptolemy.moml.MoMLSimpleApplication@3eb4fbe6
reloadAllAccessors: .LMSAdaptive

===========================================================================================
----------------- testing Thu Jul 11 02:09:13 UTC 2019 /home/travis/build/icyphy/ptII/ptolemy/domains/sdf/lib/test/auto/LMSAdaptiveFIR.xml
----------------- Instantiating /home/travis/build/icyphy/ptII/ptolemy/domains/sdf/lib/test/auto/LMSAdaptiveFIR.xml
265 ms. Memory: 178176K Free: 136518K (77%)
----------------- Invoking toplevel() on ptolemy.moml.MoMLSimpleApplication@68963741
----------------- Done invoking toplevel() on ptolemy.moml.MoMLSimpleApplication@68963741
reloadAllAccessors: .LMSAdaptiveFIR

===========================================================================================
----------------- testing Thu Jul 11 02:09:14 UTC 2019 /home/travis/build/icyphy/ptII/ptolemy/domains/sdf/lib/test/auto/LMSAdaptiveFIR2.xml
----------------- Instantiating /home/travis/build/icyphy/ptII/ptolemy/domains/sdf/lib/test/auto/LMSAdaptiveFIR2.xml
393 ms. Memory: 178176K Free: 78150K (44%)
----------------- Invoking toplevel() on ptolemy.moml.MoMLSimpleApplication@63fc80a0
----------------- Done invoking toplevel() on ptolemy.moml.MoMLSimpleApplication@63fc80a0
reloadAllAccessors: .LMSAdaptiveFIR2

===========================================================================================
----------------- testing Thu Jul 11 02:09:14 UTC 2019 /home/travis/build/icyphy/ptII/ptolemy/domains/sdf/lib/test/auto/LongJoin.xml
----------------- Instantiating /home/travis/build/icyphy/ptII/ptolemy/domains/sdf/lib/test/auto/LongJoin.xml
3 ms. Memory: 178176K Free: 74054K (42%)
----------------- Invoking toplevel() on ptolemy.moml.MoMLSimpleApplication@529b70ba
----------------- Done invoking toplevel() on ptolemy.moml.MoMLSimpleApplication@529b70ba
reloadAllAccessors: .LongJoin

===========================================================================================
----------------- testing Thu Jul 11 02:09:14 UTC 2019 /home/travis/build/icyphy/ptII/ptolemy/domains/sdf/lib/test/auto/Matrix1.xml
----------------- Instantiating /home/travis/build/icyphy/ptII/ptolemy/domains/sdf/lib/test/auto/Matrix1.xml
3 ms. Memory: 178176K Free: 69958K (39%)
----------------- Invoking toplevel() on ptolemy.moml.MoMLSimpleApplication@20a1fccb
----------------- Done invoking toplevel() on ptolemy.moml.MoMLSimpleApplication@20a1fccb
reloadAllAccessors: .Matrix1

===========================================================================================
----------------- testing Thu Jul 11 02:09:14 UTC 2019 /home/travis/build/icyphy/ptII/ptolemy/domains/sdf/lib/test/auto/Matrix2.xml
----------------- Instantiating /home/travis/build/icyphy/ptII/ptolemy/domains/sdf/lib/test/auto/Matrix2.xml
6 ms. Memory: 178176K Free: 66372K (37%)
----------------- Invoking toplevel() on ptolemy.moml.MoMLSimpleApplication@d4e54da
----------------- Done invoking toplevel() on ptolemy.moml.MoMLSimpleApplication@d4e54da
reloadAllAccessors: .Matrix2

===========================================================================================
----------------- testing Thu Jul 11 02:09:14 UTC 2019 /home/travis/build/icyphy/ptII/ptolemy/domains/sdf/lib/test/auto/MatrixJoin1.xml
----------------- Instantiating /home/travis/build/icyphy/ptII/ptolemy/domains/sdf/lib/test/auto/MatrixJoin1.xml
2 ms. Memory: 178176K Free: 61766K (35%)
----------------- Invoking toplevel() on ptolemy.moml.MoMLSimpleApplication@5172f160
----------------- Done invoking toplevel() on ptolemy.moml.MoMLSimpleApplication@5172f160
reloadAllAccessors: .MatrixJoin1

===========================================================================================
----------------- testing Thu Jul 11 02:09:14 UTC 2019 /home/travis/build/icyphy/ptII/ptolemy/domains/sdf/lib/test/auto/MatrixJoin2.xml
----------------- Instantiating /home/travis/build/icyphy/ptII/ptolemy/domains/sdf/lib/test/auto/MatrixJoin2.xml
3 ms. Memory: 262144K Free: 242537K (93%)
----------------- Invoking toplevel() on ptolemy.moml.MoMLSimpleApplication@3d4293e8
----------------- Done invoking toplevel() on ptolemy.moml.MoMLSimpleApplication@3d4293e8
reloadAllAccessors: .MatrixJoin2

===========================================================================================
----------------- testing Thu Jul 11 02:09:14 UTC 2019 /home/travis/build/icyphy/ptII/ptolemy/domains/sdf/lib/test/auto/MatrixJoin3.xml
----------------- Instantiating /home/travis/build/icyphy/ptII/ptolemy/domains/sdf/lib/test/auto/MatrixJoin3.xml
7 ms. Memory: 262144K Free: 237857K (91%)
----------------- Invoking toplevel() on ptolemy.moml.MoMLSimpleApplication@6dd64185
----------------- Done invoking toplevel() on ptolemy.moml.MoMLSimpleApplication@6dd64185
reloadAllAccessors: .MatrixJoin3

===========================================================================================
----------------- testing Thu Jul 11 02:09:14 UTC 2019 /home/travis/build/icyphy/ptII/ptolemy/domains/sdf/lib/test/auto/MatrixJoin4.xml
----------------- Instantiating /home/travis/build/icyphy/ptII/ptolemy/domains/sdf/lib/test/auto/MatrixJoin4.xml
2 ms. Memory: 262144K Free: 233761K (89%)
----------------- Invoking toplevel() on ptolemy.moml.MoMLSimpleApplication@196ff54f
----------------- Done invoking toplevel() on ptolemy.moml.MoMLSimpleApplication@196ff54f
reloadAllAccessors: .MatrixJoin4

===========================================================================================
----------------- testing Thu Jul 11 02:09:14 UTC 2019 /home/travis/build/icyphy/ptII/ptolemy/domains/sdf/lib/test/auto/MatrixJoin5.xml
----------------- Instantiating /home/travis/build/icyphy/ptII/ptolemy/domains/sdf/lib/test/auto/MatrixJoin5.xml
2 ms. Memory: 262144K Free: 229155K (87%)
----------------- Invoking toplevel() on ptolemy.moml.MoMLSimpleApplication@62b3c8db
----------------- Done invoking toplevel() on ptolemy.moml.MoMLSimpleApplication@62b3c8db
reloadAllAccessors: .MatrixJoin5

===========================================================================================
----------------- testing Thu Jul 11 02:09:14 UTC 2019 /home/travis/build/icyphy/ptII/ptolemy/domains/sdf/lib/test/auto/MatrixSplit1.xml
----------------- Instantiating /home/travis/build/icyphy/ptII/ptolemy/domains/sdf/lib/test/auto/MatrixSplit1.xml
4 ms. Memory: 262144K Free: 224545K (86%)
----------------- Invoking toplevel() on ptolemy.moml.MoMLSimpleApplication@6f763ba1
----------------- Done invoking toplevel() on ptolemy.moml.MoMLSimpleApplication@6f763ba1
reloadAllAccessors: .MatrixSplit1

===========================================================================================
----------------- testing Thu Jul 11 02:09:14 UTC 2019 /home/travis/build/icyphy/ptII/ptolemy/domains/sdf/lib/test/auto/MatrixSplit10.xml
----------------- Instantiating /home/travis/build/icyphy/ptII/ptolemy/domains/sdf/lib/test/auto/MatrixSplit10.xml
3 ms. Memory: 262144K Free: 220963K (84%)
----------------- Invoking toplevel() on ptolemy.moml.MoMLSimpleApplication@703681bb
----------------- Done invoking toplevel() on ptolemy.moml.MoMLSimpleApplication@703681bb
reloadAllAccessors: .MatrixSplit10

===========================================================================================
----------------- testing Thu Jul 11 02:09:14 UTC 2019 /home/travis/build/icyphy/ptII/ptolemy/domains/sdf/lib/test/auto/MatrixSplit11.xml
----------------- Instantiating /home/travis/build/icyphy/ptII/ptolemy/domains/sdf/lib/test/auto/MatrixSplit11.xml
1 ms. Memory: 262144K Free: 217891K (83%)
----------------- Invoking toplevel() on ptolemy.moml.MoMLSimpleApplication@30093bcd
----------------- Done invoking toplevel() on ptolemy.moml.MoMLSimpleApplication@30093bcd
reloadAllAccessors: .MatrixSplit11

===========================================================================================
----------------- testing Thu Jul 11 02:09:14 UTC 2019 /home/travis/build/icyphy/ptII/ptolemy/domains/sdf/lib/test/auto/MatrixSplit12.xml
----------------- Instantiating /home/travis/build/icyphy/ptII/ptolemy/domains/sdf/lib/test/auto/MatrixSplit12.xml
2 ms. Memory: 262144K Free: 214305K (82%)
----------------- Invoking toplevel() on ptolemy.moml.MoMLSimpleApplication@2633bea6
----------------- Done invoking toplevel() on ptolemy.moml.MoMLSimpleApplication@2633bea6
reloadAllAccessors: .MatrixSplit12

===========================================================================================
----------------- testing Thu Jul 11 02:09:14 UTC 2019 /home/travis/build/icyphy/ptII/ptolemy/domains/sdf/lib/test/auto/MatrixSplit13.xml
----------------- Instantiating /home/travis/build/icyphy/ptII/ptolemy/domains/sdf/lib/test/auto/MatrixSplit13.xml
4 ms. Memory: 262144K Free: 211233K (81%)
----------------- Invoking toplevel() on ptolemy.moml.MoMLSimpleApplication@1f794c42
----------------- Done invoking toplevel() on ptolemy.moml.MoMLSimpleApplication@1f794c42
reloadAllAccessors: .MatrixSplit13

===========================================================================================
----------------- testing Thu Jul 11 02:09:14 UTC 2019 /home/travis/build/icyphy/ptII/ptolemy/domains/sdf/lib/test/auto/MatrixSplit14.xml
----------------- Instantiating /home/travis/build/icyphy/ptII/ptolemy/domains/sdf/lib/test/auto/MatrixSplit14.xml
2 ms. Memory: 262144K Free: 207651K (79%)
----------------- Invoking toplevel() on ptolemy.moml.MoMLSimpleApplication@1accf38f
----------------- Done invoking toplevel() on ptolemy.moml.MoMLSimpleApplication@1accf38f
reloadAllAccessors: .MatrixSplit14

===========================================================================================
----------------- testing Thu Jul 11 02:09:14 UTC 2019 /home/travis/build/icyphy/ptII/ptolemy/domains/sdf/lib/test/auto/MatrixSplit2.xml
----------------- Instantiating /home/travis/build/icyphy/ptII/ptolemy/domains/sdf/lib/test/auto/MatrixSplit2.xml
3 ms. Memory: 262144K Free: 204579K (78%)
----------------- Invoking toplevel() on ptolemy.moml.MoMLSimpleApplication@66d88138
----------------- Done invoking toplevel() on ptolemy.moml.MoMLSimpleApplication@66d88138
reloadAllAccessors: .MatrixSplit2

===========================================================================================
----------------- testing Thu Jul 11 02:09:14 UTC 2019 /home/travis/build/icyphy/ptII/ptolemy/domains/sdf/lib/test/auto/MatrixSplit3.xml
----------------- Instantiating /home/travis/build/icyphy/ptII/ptolemy/domains/sdf/lib/test/auto/MatrixSplit3.xml
4 ms. Memory: 262144K Free: 200993K (77%)
----------------- Invoking toplevel() on ptolemy.moml.MoMLSimpleApplication@3e1920eb
----------------- Done invoking toplevel() on ptolemy.moml.MoMLSimpleApplication@3e1920eb
reloadAllAccessors: .MatrixSplit3

===========================================================================================
----------------- testing Thu Jul 11 02:09:14 UTC 2019 /home/travis/build/icyphy/ptII/ptolemy/domains/sdf/lib/test/auto/MatrixSplit4.xml
----------------- Instantiating /home/travis/build/icyphy/ptII/ptolemy/domains/sdf/lib/test/auto/MatrixSplit4.xml
3 ms. Memory: 262144K Free: 197921K (76%)
----------------- Invoking toplevel() on ptolemy.moml.MoMLSimpleApplication@693e4925
----------------- Done invoking toplevel() on ptolemy.moml.MoMLSimpleApplication@693e4925
reloadAllAccessors: .MatrixSplit4

===========================================================================================
----------------- testing Thu Jul 11 02:09:14 UTC 2019 /home/travis/build/icyphy/ptII/ptolemy/domains/sdf/lib/test/auto/MatrixSplit5.xml
----------------- Instantiating /home/travis/build/icyphy/ptII/ptolemy/domains/sdf/lib/test/auto/MatrixSplit5.xml
11 ms. Memory: 262144K Free: 194339K (74%)
----------------- Invoking toplevel() on ptolemy.moml.MoMLSimpleApplication@3c339116
----------------- Done invoking toplevel() on ptolemy.moml.MoMLSimpleApplication@3c339116
reloadAllAccessors: .MatrixSplit5

===========================================================================================
----------------- testing Thu Jul 11 02:09:15 UTC 2019 /home/travis/build/icyphy/ptII/ptolemy/domains/sdf/lib/test/auto/MatrixSplit6.xml
----------------- Instantiating /home/travis/build/icyphy/ptII/ptolemy/domains/sdf/lib/test/auto/MatrixSplit6.xml
2 ms. Memory: 262144K Free: 190753K (73%)
----------------- Invoking toplevel() on ptolemy.moml.MoMLSimpleApplication@4081663e
----------------- Done invoking toplevel() on ptolemy.moml.MoMLSimpleApplication@4081663e
reloadAllAccessors: .MatrixSplit6

===========================================================================================
----------------- testing Thu Jul 11 02:09:15 UTC 2019 /home/travis/build/icyphy/ptII/ptolemy/domains/sdf/lib/test/auto/MatrixSplit7.xml
----------------- Instantiating /home/travis/build/icyphy/ptII/ptolemy/domains/sdf/lib/test/auto/MatrixSplit7.xml
1 ms. Memory: 262144K Free: 187681K (72%)
----------------- Invoking toplevel() on ptolemy.moml.MoMLSimpleApplication@9a76925
----------------- Done invoking toplevel() on ptolemy.moml.MoMLSimpleApplication@9a76925
reloadAllAccessors: .MatrixSplit7

===========================================================================================
----------------- testing Thu Jul 11 02:09:15 UTC 2019 /home/travis/build/icyphy/ptII/ptolemy/domains/sdf/lib/test/auto/MatrixSplit8.xml
----------------- Instantiating /home/travis/build/icyphy/ptII/ptolemy/domains/sdf/lib/test/auto/MatrixSplit8.xml
2 ms. Memory: 262144K Free: 184099K (70%)
----------------- Invoking toplevel() on ptolemy.moml.MoMLSimpleApplication@50c88ebc
----------------- Done invoking toplevel() on ptolemy.moml.MoMLSimpleApplication@50c88ebc
reloadAllAccessors: .MatrixSplit8

===========================================================================================
----------------- testing Thu Jul 11 02:09:15 UTC 2019 /home/travis/build/icyphy/ptII/ptolemy/domains/sdf/lib/test/auto/MatrixSplit9.xml
----------------- Instantiating /home/travis/build/icyphy/ptII/ptolemy/domains/sdf/lib/test/auto/MatrixSplit9.xml
2 ms. Memory: 262144K Free: 181027K (69%)
----------------- Invoking toplevel() on ptolemy.moml.MoMLSimpleApplication@3358abb5
----------------- Done invoking toplevel() on ptolemy.moml.MoMLSimpleApplication@3358abb5
reloadAllAccessors: .MatrixSplit9

===========================================================================================
----------------- testing Thu Jul 11 02:09:15 UTC 2019 /home/travis/build/icyphy/ptII/ptolemy/domains/sdf/lib/test/auto/MatrixToSequence.xml
----------------- Instantiating /home/travis/build/icyphy/ptII/ptolemy/domains/sdf/lib/test/auto/MatrixToSequence.xml
5 ms. Memory: 262144K Free: 171811K (66%)
----------------- Invoking toplevel() on ptolemy.moml.MoMLSimpleApplication@6fb14853
----------------- Done invoking toplevel() on ptolemy.moml.MoMLSimpleApplication@6fb14853
reloadAllAccessors: .MatrixToSequence

===========================================================================================
----------------- testing Thu Jul 11 02:09:15 UTC 2019 /home/travis/build/icyphy/ptII/ptolemy/domains/sdf/lib/test/auto/MaximumEntropySpectrum.xml
----------------- Instantiating /home/travis/build/icyphy/ptII/ptolemy/domains/sdf/lib/test/auto/MaximumEntropySpectrum.xml
12 ms. Memory: 262144K Free: 151331K (58%)
----------------- Invoking toplevel() on ptolemy.moml.MoMLSimpleApplication@524ed7f3
----------------- Done invoking toplevel() on ptolemy.moml.MoMLSimpleApplication@524ed7f3
reloadAllAccessors: .MaximumEntropySpectrum

===========================================================================================
----------------- testing Thu Jul 11 02:09:15 UTC 2019 /home/travis/build/icyphy/ptII/ptolemy/domains/sdf/lib/test/auto/SampleDelayConversion.xml
----------------- Instantiating /home/travis/build/icyphy/ptII/ptolemy/domains/sdf/lib/test/auto/SampleDelayConversion.xml
2 ms. Memory: 262144K Free: 147235K (56%)
----------------- Invoking toplevel() on ptolemy.moml.MoMLSimpleApplication@119da7a4
----------------- Done invoking toplevel() on ptolemy.moml.MoMLSimpleApplication@119da7a4
reloadAllAccessors: .SampleDelayConversion

===========================================================================================
----------------- testing Thu Jul 11 02:09:15 UTC 2019 /home/travis/build/icyphy/ptII/ptolemy/domains/sdf/lib/test/auto/SequenceToArray.xml
----------------- Instantiating /home/travis/build/icyphy/ptII/ptolemy/domains/sdf/lib/test/auto/SequenceToArray.xml
10 ms. Memory: 262144K Free: 136451K (52%)
----------------- Invoking toplevel() on ptolemy.moml.MoMLSimpleApplication@507caf8c
----------------- Done invoking toplevel() on ptolemy.moml.MoMLSimpleApplication@507caf8c
reloadAllAccessors: .SequenceToArray

===========================================================================================
----------------- testing Thu Jul 11 02:09:15 UTC 2019 /home/travis/build/icyphy/ptII/ptolemy/domains/sdf/lib/test/auto/SequenceToMatrix.xml
----------------- Instantiating /home/travis/build/icyphy/ptII/ptolemy/domains/sdf/lib/test/auto/SequenceToMatrix.xml
3558 ms. Memory: 262144K Free: 215867K (82%)
----------------- Invoking toplevel() on ptolemy.moml.MoMLSimpleApplication@737ca619
----------------- Done invoking toplevel() on ptolemy.moml.MoMLSimpleApplication@737ca619
reloadAllAccessors: .SequenceToMatrix

===========================================================================================
----------------- testing Thu Jul 11 02:09:18 UTC 2019 /home/travis/build/icyphy/ptII/ptolemy/domains/sdf/lib/test/auto/SmoothedPeriodogram.xml
----------------- Instantiating /home/travis/build/icyphy/ptII/ptolemy/domains/sdf/lib/test/auto/SmoothedPeriodogram.xml
21 ms. Memory: 262144K Free: 199993K (76%)
----------------- Invoking toplevel() on ptolemy.moml.MoMLSimpleApplication@70cc4916
----------------- Done invoking toplevel() on ptolemy.moml.MoMLSimpleApplication@70cc4916
reloadAllAccessors: .SmoothedPeriodogram

===========================================================================================
----------------- testing Thu Jul 11 02:09:18 UTC 2019 /home/travis/build/icyphy/ptII/ptolemy/domains/sdf/lib/test/auto/UpDownSample1.xml
----------------- Instantiating /home/travis/build/icyphy/ptII/ptolemy/domains/sdf/lib/test/auto/UpDownSample1.xml
5 ms. Memory: 262144K Free: 195387K (75%)
----------------- Invoking toplevel() on ptolemy.moml.MoMLSimpleApplication@3d2a5d12
----------------- Done invoking toplevel() on ptolemy.moml.MoMLSimpleApplication@3d2a5d12
reloadAllAccessors: .UpDownSample1

===========================================================================================
----------------- testing Thu Jul 11 02:09:18 UTC 2019 /home/travis/build/icyphy/ptII/ptolemy/domains/sdf/lib/test/auto/UpSample1.xml
----------------- Instantiating /home/travis/build/icyphy/ptII/ptolemy/domains/sdf/lib/test/auto/UpSample1.xml
1 ms. Memory: 262144K Free: 192315K (73%)
----------------- Invoking toplevel() on ptolemy.moml.MoMLSimpleApplication@1c6bbcc5
----------------- Done invoking toplevel() on ptolemy.moml.MoMLSimpleApplication@1c6bbcc5
reloadAllAccessors: .UpSample1

===========================================================================================
----------------- testing Thu Jul 11 02:09:18 UTC 2019 /home/travis/build/icyphy/ptII/ptolemy/domains/sdf/lib/test/auto/VariableFIR.xml
----------------- Instantiating /home/travis/build/icyphy/ptII/ptolemy/domains/sdf/lib/test/auto/VariableFIR.xml
4 ms. Memory: 262144K Free: 186681K (71%)
----------------- Invoking toplevel() on ptolemy.moml.MoMLSimpleApplication@59541f84
----------------- Done invoking toplevel() on ptolemy.moml.MoMLSimpleApplication@59541f84
reloadAllAccessors: .VariableFIR

===========================================================================================
----------------- testing Thu Jul 11 02:09:18 UTC 2019 /home/travis/build/icyphy/ptII/ptolemy/domains/sdf/lib/test/auto/VariableFIR2.xml
----------------- Instantiating /home/travis/build/icyphy/ptII/ptolemy/domains/sdf/lib/test/auto/VariableFIR2.xml
7 ms. Memory: 262144K Free: 181531K (69%)
----------------- Invoking toplevel() on ptolemy.moml.MoMLSimpleApplication@1e8b8c8a
----------------- Done invoking toplevel() on ptolemy.moml.MoMLSimpleApplication@1e8b8c8a
reloadAllAccessors: .VariableFIR2

===========================================================================================
----------------- testing Thu Jul 11 02:09:19 UTC 2019 /home/travis/build/icyphy/ptII/ptolemy/domains/sdf/lib/test/auto/VariableLattice.xml
----------------- Instantiating /home/travis/build/icyphy/ptII/ptolemy/domains/sdf/lib/test/auto/VariableLattice.xml
6 ms. Memory: 262144K Free: 174907K (67%)
----------------- Invoking toplevel() on ptolemy.moml.MoMLSimpleApplication@49df1240
----------------- Done invoking toplevel() on ptolemy.moml.MoMLSimpleApplication@49df1240
reloadAllAccessors: .VariableLattice

===========================================================================================
----------------- testing Thu Jul 11 02:09:19 UTC 2019 /home/travis/build/icyphy/ptII/ptolemy/domains/sdf/lib/test/auto/VariableLattice2.xml
----------------- Instantiating /home/travis/build/icyphy/ptII/ptolemy/domains/sdf/lib/test/auto/VariableLattice2.xml
1.0
-1.999999602036
1.9099998677481
-0.9099996420674
0.205
0.0
0.0
1.0
-0.25
-0.5
0.0
0.0
0.0
0.0
4 ms. Memory: 262144K Free: 170297K (65%)
----------------- Invoking toplevel() on ptolemy.moml.MoMLSimpleApplication@23f351ac
----------------- Done invoking toplevel() on ptolemy.moml.MoMLSimpleApplication@23f351ac
reloadAllAccessors: .VariableLattice2

===========================================================================================
----------------- testing Thu Jul 11 02:09:19 UTC 2019 /home/travis/build/icyphy/ptII/ptolemy/domains/sdf/lib/test/auto/VariableRecursiveLattice.xml
----------------- Instantiating /home/travis/build/icyphy/ptII/ptolemy/domains/sdf/lib/test/auto/VariableRecursiveLattice.xml
3 ms. Memory: 262144K Free: 166201K (63%)
----------------- Invoking toplevel() on ptolemy.moml.MoMLSimpleApplication@848ab66
----------------- Done invoking toplevel() on ptolemy.moml.MoMLSimpleApplication@848ab66
reloadAllAccessors: .VariableRecursiveLattice

===========================================================================================
----------------- testing Thu Jul 11 02:09:19 UTC 2019 /home/travis/build/icyphy/ptII/ptolemy/domains/sdf/lib/test/auto/VariableRecursiveLattice2.xml
----------------- Instantiating /home/travis/build/icyphy/ptII/ptolemy/domains/sdf/lib/test/auto/VariableRecursiveLattice2.xml
2 ms. Memory: 262144K Free: 162105K (62%)
----------------- Invoking toplevel() on ptolemy.moml.MoMLSimpleApplication@65e7d57f
----------------- Done invoking toplevel() on ptolemy.moml.MoMLSimpleApplication@65e7d57f
reloadAllAccessors: .VariableRecursiveLattice2
AutoTests.java: About to close Vertx.
AutoTests.java: Vertx closed.
]]></system-out>
  <system-err><![CDATA[]]></system-err>
</testsuite>
