<?xml version="1.0" encoding="UTF-8" ?>
<testsuite errors="0" failures="0" hostname="travis-job-51cbbe17-77c5-46cc-8eaa-22c39e51d777" name="ptolemy.vergil.basic.export.test.junit.ExportModelJUnitTestBatch7" skipped="0" tests="53" time="800.228" timestamp="2020-10-20T16:35:37">
  <properties>
[...]
</properties>
  <testcase classname="ptolemy.vergil.basic.export.test.junit.ExportModelJUnitTestBatch7" name="[0] ptolemy/domains/sr/demo/TokenRing/TokenRing.xml (RunExportModel)" time="8.465" />
  <testcase classname="ptolemy.vergil.basic.export.test.junit.ExportModelJUnitTestBatch7" name="[1] ptolemy/domains/sr/demo/TrafficLight/TrafficLight.xml (RunExportModel)" time="36.407" />
  <testcase classname="ptolemy.vergil.basic.export.test.junit.ExportModelJUnitTestBatch7" name="[2] ptolemy/domains/sr/demo/TrafficLight/WirelessDeployment.xml (RunExportModel)" time="36.881" />
  <testcase classname="ptolemy.vergil.basic.export.test.junit.ExportModelJUnitTestBatch7" name="[3] ptolemy/domains/taskpt/demo/SharedMemory/SharedMemory.xml (RunExportModel)" time="4.393" />
  <testcase classname="ptolemy.vergil.basic.export.test.junit.ExportModelJUnitTestBatch7" name="[4] ptolemy/domains/taskpt/demo/Task/Task.xml (RunExportModel)" time="4.334" />
  <testcase classname="ptolemy.vergil.basic.export.test.junit.ExportModelJUnitTestBatch7" name="[5] ptolemy/domains/tcs/demo/TCS/TCS.xml (RunExportModel)" time="35.575" />
  <testcase classname="ptolemy.vergil.basic.export.test.junit.ExportModelJUnitTestBatch7" name="[6] ptolemy/domains/tm/demo/Controllers/Controllers.xml (RunExportModel)" time="6.356" />
  <testcase classname="ptolemy.vergil.basic.export.test.junit.ExportModelJUnitTestBatch7" name="[7] ptolemy/domains/tm/demo/FFT/FFT.xml (RunExportModel)" time="14.489" />
  <testcase classname="ptolemy.vergil.basic.export.test.junit.ExportModelJUnitTestBatch7" name="[8] ptolemy/domains/tm/demo/MergedEvents/MergedEvents.xml (RunExportModel)" time="34.41" />
  <testcase classname="ptolemy.vergil.basic.export.test.junit.ExportModelJUnitTestBatch7" name="[9] ptolemy/domains/tm/demo/SimpleTasks/SimpleTasks.xml (RunExportModel)" time="4.258" />
  <testcase classname="ptolemy.vergil.basic.export.test.junit.ExportModelJUnitTestBatch7" name="[10] ptolemy/domains/wireless/demo/AntennaPattern/AntennaGainTest.xml (RunExportModel)" time="4.965" />
  <testcase classname="ptolemy.vergil.basic.export.test.junit.ExportModelJUnitTestBatch7" name="[11] ptolemy/domains/wireless/demo/AntennaPattern/AntennaModel.xml (RunExportModel)" time="3.461" />
  <testcase classname="ptolemy.vergil.basic.export.test.junit.ExportModelJUnitTestBatch7" name="[12] ptolemy/domains/wireless/demo/AntennaPattern/AntennaPattern.xml (RunExportModel)" time="3.231" />
  <testcase classname="ptolemy.vergil.basic.export.test.junit.ExportModelJUnitTestBatch7" name="[13] ptolemy/domains/wireless/demo/AntennaPattern/ReceiveAntennaPattern.xml (RunExportModel)" time="3.906" />
  <testcase classname="ptolemy.vergil.basic.export.test.junit.ExportModelJUnitTestBatch7" name="[14] ptolemy/domains/wireless/demo/AntennaPattern/TransmitAntennaPattern.xml (RunExportModel)" time="3.754" />
  <testcase classname="ptolemy.vergil.basic.export.test.junit.ExportModelJUnitTestBatch7" name="[15] ptolemy/domains/wireless/demo/CircularRange/CircularRange.xml (RunExportModel)" time="34.534" />
  <testcase classname="ptolemy.vergil.basic.export.test.junit.ExportModelJUnitTestBatch7" name="[16] ptolemy/domains/wireless/demo/Collisions/Collisions.xml (RunExportModel)" time="24.828" />
  <testcase classname="ptolemy.vergil.basic.export.test.junit.ExportModelJUnitTestBatch7" name="[17] ptolemy/domains/wireless/demo/Collisions/CollisionsDeterministic.xml (RunExportModel)" time="4.694" />
  <testcase classname="ptolemy.vergil.basic.export.test.junit.ExportModelJUnitTestBatch7" name="[18] ptolemy/domains/wireless/demo/EvaderAndPursuer/EvaderAndPursuer.xml (RunExportModel)" time="34.897" />
  <testcase classname="ptolemy.vergil.basic.export.test.junit.ExportModelJUnitTestBatch7" name="[19] ptolemy/domains/wireless/demo/Intersections/Intersections.xml (RunExportModel)" time="77.081" />
  <testcase classname="ptolemy.vergil.basic.export.test.junit.ExportModelJUnitTestBatch7" name="[20] ptolemy/domains/wireless/demo/LinkVisualizer/LinkVisualizer.xml (RunExportModel)" time="24.344" />
  <testcase classname="ptolemy.vergil.basic.export.test.junit.ExportModelJUnitTestBatch7" name="[21] ptolemy/domains/wireless/demo/MatlabWirelessSoundDetection/MatlabWirelessSoundDetection.xml (RunExportModel)" time="3.404" />
  <testcase classname="ptolemy.vergil.basic.export.test.junit.ExportModelJUnitTestBatch7" name="[22] ptolemy/domains/wireless/demo/PowerVariability/PowerVariability.xml (RunExportModel)" time="29.403" />
  <testcase classname="ptolemy.vergil.basic.export.test.junit.ExportModelJUnitTestBatch7" name="[23] ptolemy/domains/wireless/demo/SmallWorld/SmallWorld.xml (RunExportModel)" time="5.46" />
  <testcase classname="ptolemy.vergil.basic.export.test.junit.ExportModelJUnitTestBatch7" name="[24] ptolemy/domains/wireless/demo/SmartParking/SmartParking.xml (RunExportModel)" time="34.932" />
  <testcase classname="ptolemy.vergil.basic.export.test.junit.ExportModelJUnitTestBatch7" name="[25] ptolemy/domains/wireless/demo/TerrainModel/TerrainModel.xml (RunExportModel)" time="34.262" />
  <testcase classname="ptolemy.vergil.basic.export.test.junit.ExportModelJUnitTestBatch7" name="[26] ptolemy/domains/wireless/demo/WirelessSoundDetection/WirelessSoundDetection.xml (RunExportModel)" time="34.359" />
  <testcase classname="ptolemy.vergil.basic.export.test.junit.ExportModelJUnitTestBatch7" name="[27] ptolemy/domains/wireless/demo/Zigbee/Zigbee.xml (RunExportModel)" time="36.149" />
  <testcase classname="ptolemy.vergil.basic.export.test.junit.ExportModelJUnitTestBatch7" name="[28] ptolemy/matlab/demo/MatlabContinuous/MatlabContinuous.xml (RunExportModel)" time="3.12" />
  <testcase classname="ptolemy.vergil.basic.export.test.junit.ExportModelJUnitTestBatch7" name="[29] ptolemy/matlab/demo/MatlabExpression/MatlabExpression.xml (RunExportModel)" time="3.138" />
  <testcase classname="ptolemy.vergil.basic.export.test.junit.ExportModelJUnitTestBatch7" name="[30] ptolemy/moml/demo/Networked/Networked.xml (RunExportModel)" time="6.627" />
  <testcase classname="ptolemy.vergil.basic.export.test.junit.ExportModelJUnitTestBatch7" name="[31] ptolemy/vergil/basic/export/html/demo/ExportExamples/ExportExample1.xml (RunExportModel)" time="3.236" />
  <testcase classname="ptolemy.vergil.basic.export.test.junit.ExportModelJUnitTestBatch7" name="[32] ptolemy/vergil/basic/export/html/demo/ExportExamples/ExportExample2.xml (RunExportModel)" time="4.223" />
  <testcase classname="ptolemy.vergil.basic.export.test.junit.ExportModelJUnitTestBatch7" name="[33] ptolemy/vergil/basic/export/html/demo/ExportExamples/ExportExample3.xml (RunExportModel)" time="3.307" />
  <testcase classname="ptolemy.vergil.basic.export.test.junit.ExportModelJUnitTestBatch7" name="[34] ptolemy/vergil/basic/export/html/demo/ExportExamples/ExportExample4.xml (RunExportModel)" time="3.177" />
  <testcase classname="ptolemy.vergil.basic.export.test.junit.ExportModelJUnitTestBatch7" name="[35] ptolemy/vergil/basic/export/html/demo/ExportExamples/ExportExample5.xml (RunExportModel)" time="4.237" />
  <testcase classname="ptolemy.vergil.basic.export.test.junit.ExportModelJUnitTestBatch7" name="[36] ptolemy/vergil/basic/export/html/demo/ExportExamples/ExportExamples.xml (RunExportModel)" time="3.181" />
  <testcase classname="ptolemy.vergil.basic.export.test.junit.ExportModelJUnitTestBatch7" name="[37] ptolemy/vergil/basic/export/html/demo/PageAssembler/PageAssembler.xml (RunExportModel)" time="3.162" />
  <testcase classname="ptolemy.vergil.basic.export.test.junit.ExportModelJUnitTestBatch7" name="[38] ptolemy/vergil/basic/imprt/g4ltl/demo/Arbitor/Arbitor.xml (RunExportModel)" time="3.188" />
  <testcase classname="ptolemy.vergil.basic.export.test.junit.ExportModelJUnitTestBatch7" name="[39] ptolemy/vergil/basic/imprt/g4ltl/demo/AutomaticDoor/AutomaticDoor.xml (RunExportModel)" time="3.157" />
  <testcase classname="ptolemy.vergil.basic.export.test.junit.ExportModelJUnitTestBatch7" name="[40] ptolemy/vergil/basic/imprt/g4ltl/demo/ErrorHandling/ErrorHandling.xml (RunExportModel)" time="3.298" />
  <testcase classname="ptolemy.vergil.basic.export.test.junit.ExportModelJUnitTestBatch7" name="[41] ptolemy/vergil/basic/imprt/g4ltl/demo/ErrorHandling/ErrorHandlingSynthesized.xml (RunExportModel)" time="3.692" />
  <testcase classname="ptolemy.vergil.basic.export.test.junit.ExportModelJUnitTestBatch7" name="[42] ptolemy/vergil/basic/imprt/g4ltl/demo/HydraulicRamp/HydraulicRamp.xml (RunExportModel)" time="3.215" />
  <testcase classname="ptolemy.vergil.basic.export.test.junit.ExportModelJUnitTestBatch7" name="[43] ptolemy/vergil/basic/imprt/g4ltl/demo/Numerical/Numerical.xml (RunExportModel)" time="3.434" />
  <testcase classname="ptolemy.vergil.basic.export.test.junit.ExportModelJUnitTestBatch7" name="[44] ptolemy/vergil/basic/imprt/g4ltl/demo/PriorityArbitor/PriorityArbitor.xml (RunExportModel)" time="3.178" />
  <testcase classname="ptolemy.vergil.basic.export.test.junit.ExportModelJUnitTestBatch7" name="[45] ptolemy/vergil/kernel/attributes/demo/AnimateVergil/AnimateVergil.xml (RunExportModel)" time="6.158" />
  <testcase classname="ptolemy.vergil.basic.export.test.junit.ExportModelJUnitTestBatch7" name="[46] ptolemy/verification/demo/iRobotHillClimbing/iRobotCreateVerification.xml (RunExportModel)" time="5.263" />
  <testcase classname="ptolemy.vergil.basic.export.test.junit.ExportModelJUnitTestBatch7" name="[47] ptolemy/verification/demo/RailroadControl/RailroadControl.xml (RunExportModel)" time="34.364" />
  <testcase classname="ptolemy.vergil.basic.export.test.junit.ExportModelJUnitTestBatch7" name="[48] ptolemy/verification/demo/SimpleTrafficLight/SimpleTrafficLight.xml (RunExportModel)" time="34.245" />
  <testcase classname="ptolemy.vergil.basic.export.test.junit.ExportModelJUnitTestBatch7" name="[49] ptolemy/verification/demo/SimpleTrafficLight/SimpleTrafficLightDECTA.xml (RunExportModel)" time="34.247" />
  <testcase classname="ptolemy.vergil.basic.export.test.junit.ExportModelJUnitTestBatch7" name="[50] ptolemy/verification/demo/SimpleTrafficLight/SimpleTrafficLightGraphicalSpec.xml (RunExportModel)" time="34.199" />
  <testcase classname="ptolemy.vergil.basic.export.test.junit.ExportModelJUnitTestBatch7" name="[51] ptolemy/verification/demo/SimpleTrafficLight/SimpleTrafficLightRTMaudeCG.xml (RunExportModel)" time="4.434" />
  <testcase classname="ptolemy.vergil.basic.export.test.junit.ExportModelJUnitTestBatch7" name="[52] ptolemy/verification/demo/SimpleTrafficLight/SimpleTrafficLightSMVModule.xml (RunExportModel)" time="3.235" />
  <system-out><![CDATA[ExportModeJUnitTestBatch: There are 744 demos. Exporting demos: 691 to 830.
ExportModeJUnitTestBatch: There are 744 demos, which is less than the end index 691. Setting the end index to 743
####### 1 Tue Oct 20 16:35:37 UTC 2020 $PTII/bin/ptinvoke ptolemy.vergil.basic.export.ExportModel -force htm -run -openComposites -timeOut 30000 -whiteBackground ptolemy/domains/sr/demo/TokenRing/TokenRing.xml $PTII/ptolemy/domains/sr/demo/TokenRing/TokenRing
Running .TokenRing
161 ms. Memory: 155648K Free: 130530K (84%)
Exported /home/travis/build/icyphy/ptII/ptolemy/domains/sr/demo/TokenRing/TokenRing/index.html
8369 ms. Memory: 187392K Free: 141839K (76%)
####### 2 Tue Oct 20 16:35:45 UTC 2020 $PTII/bin/ptinvoke ptolemy.vergil.basic.export.ExportModel -force htm -run -openComposites -timeOut 30000 -whiteBackground ptolemy/domains/sr/demo/TrafficLight/TrafficLight.xml $PTII/ptolemy/domains/sr/demo/TrafficLight/TrafficLight
Running .TrafficLight
ExportHTMLTimer went off after 30000 ms., calling getDirector().finish and getDirector().stopFire()
30000 ms. Memory: 187392K Free: 107620K (57%)
Exported /home/travis/build/icyphy/ptII/ptolemy/domains/sr/demo/TrafficLight/TrafficLight/index.html
36405 ms. Memory: 187392K Free: 138522K (74%)
####### 3 Tue Oct 20 16:36:22 UTC 2020 $PTII/bin/ptinvoke ptolemy.vergil.basic.export.ExportModel -force htm -run -openComposites -timeOut 30000 -whiteBackground ptolemy/domains/sr/demo/TrafficLight/WirelessDeployment.xml $PTII/ptolemy/domains/sr/demo/TrafficLight/WirelessDeployment
Running .WirelessDeployment
ExportHTMLTimer went off after 30000 ms., calling getDirector().finish and getDirector().stopFire()
30001 ms. Memory: 187392K Free: 136597K (73%)
Exported /home/travis/build/icyphy/ptII/ptolemy/domains/sr/demo/TrafficLight/WirelessDeployment/index.html
36879 ms. Memory: 187392K Free: 53085K (28%)
####### 4 Tue Oct 20 16:36:58 UTC 2020 $PTII/bin/ptinvoke ptolemy.vergil.basic.export.ExportModel -force htm -run -openComposites -timeOut 30000 -whiteBackground ptolemy/domains/taskpt/demo/SharedMemory/SharedMemory.xml $PTII/ptolemy/domains/taskpt/demo/SharedMemory/SharedMemory
Running .SharedMemory
71 ms. Memory: 187392K Free: 65962K (35%)
Exported /home/travis/build/icyphy/ptII/ptolemy/domains/taskpt/demo/SharedMemory/SharedMemory/index.html
4392 ms. Memory: 187392K Free: 108897K (58%)
####### 5 Tue Oct 20 16:37:03 UTC 2020 $PTII/bin/ptinvoke ptolemy.vergil.basic.export.ExportModel -force htm -run -openComposites -timeOut 30000 -whiteBackground ptolemy/domains/taskpt/demo/Task/Task.xml $PTII/ptolemy/domains/taskpt/demo/Task/Task
Running .Task
36 ms. Memory: 187392K Free: 116122K (62%)
Exported /home/travis/build/icyphy/ptII/ptolemy/domains/taskpt/demo/Task/Task/index.html
4333 ms. Memory: 187392K Free: 64385K (34%)
####### 6 Tue Oct 20 16:37:07 UTC 2020 $PTII/bin/ptinvoke ptolemy.vergil.basic.export.ExportModel -force htm -run -openComposites -timeOut 30000 -whiteBackground ptolemy/domains/tcs/demo/TCS/TCS.xml $PTII/ptolemy/domains/tcs/demo/TCS/TCS
Running .TCS
ExportHTMLTimer went off after 30000 ms., calling getDirector().finish and getDirector().stopFire()
30001 ms. Memory: 225280K Free: 42769K (19%)
Exported /home/travis/build/icyphy/ptII/ptolemy/domains/tcs/demo/TCS/TCS/index.html
35575 ms. Memory: 270336K Free: 141760K (52%)
####### 7 Tue Oct 20 16:37:43 UTC 2020 $PTII/bin/ptinvoke ptolemy.vergil.basic.export.ExportModel -force htm -run -openComposites -timeOut 30000 -whiteBackground ptolemy/domains/tm/demo/Controllers/Controllers.xml $PTII/ptolemy/domains/tm/demo/Controllers/Controllers
Running .Controllers
1541 ms. Memory: 270336K Free: 71627K (26%)
Exported /home/travis/build/icyphy/ptII/ptolemy/domains/tm/demo/Controllers/Controllers/index.html
6356 ms. Memory: 270336K Free: 106881K (40%)
####### 8 Tue Oct 20 16:37:49 UTC 2020 $PTII/bin/ptinvoke ptolemy.vergil.basic.export.ExportModel -force htm -run -openComposites -timeOut 30000 -whiteBackground ptolemy/domains/tm/demo/FFT/FFT.xml $PTII/ptolemy/domains/tm/demo/FFT/FFT
Running .FFT
10071 ms. Memory: 270336K Free: 128928K (48%)
Exported /home/travis/build/icyphy/ptII/ptolemy/domains/tm/demo/FFT/FFT/index.html
14489 ms. Memory: 270336K Free: 158647K (59%)
####### 9 Tue Oct 20 16:38:04 UTC 2020 $PTII/bin/ptinvoke ptolemy.vergil.basic.export.ExportModel -force htm -run -openComposites -timeOut 30000 -whiteBackground ptolemy/domains/tm/demo/MergedEvents/MergedEvents.xml $PTII/ptolemy/domains/tm/demo/MergedEvents/MergedEvents
Running .MergedEvents
ExportHTMLTimer went off after 30000 ms., calling getDirector().finish and getDirector().stopFire()
30033 ms. Memory: 270336K Free: 64000K (24%)
Exported /home/travis/build/icyphy/ptII/ptolemy/domains/tm/demo/MergedEvents/MergedEvents/index.html
34409 ms. Memory: 270336K Free: 117723K (44%)
####### 10 Tue Oct 20 16:38:38 UTC 2020 $PTII/bin/ptinvoke ptolemy.vergil.basic.export.ExportModel -force htm -run -openComposites -timeOut 30000 -whiteBackground ptolemy/domains/tm/demo/SimpleTasks/SimpleTasks.xml $PTII/ptolemy/domains/tm/demo/SimpleTasks/SimpleTasks
Running .SimpleTasks
53 ms. Memory: 270336K Free: 193300K (72%)
Exported /home/travis/build/icyphy/ptII/ptolemy/domains/tm/demo/SimpleTasks/SimpleTasks/index.html
4257 ms. Memory: 270336K Free: 152854K (57%)
####### 11 Tue Oct 20 16:38:42 UTC 2020 $PTII/bin/ptinvoke ptolemy.vergil.basic.export.ExportModel -force htm -run -openComposites -timeOut 30000 -whiteBackground ptolemy/domains/wireless/demo/AntennaPattern/AntennaGainTest.xml $PTII/ptolemy/domains/wireless/demo/AntennaPattern/AntennaGainTest
Running .AntennaGainTest
371 ms. Memory: 270336K Free: 48640K (18%)
Exported /home/travis/build/icyphy/ptII/ptolemy/domains/wireless/demo/AntennaPattern/AntennaGainTest/index.html
4965 ms. Memory: 270336K Free: 56299K (21%)
####### 12 Tue Oct 20 16:38:47 UTC 2020 $PTII/bin/ptinvoke ptolemy.vergil.basic.export.ExportModel -force htm  -openComposites -timeOut 30000 -whiteBackground ptolemy/domains/wireless/demo/AntennaPattern/AntennaModel.xml $PTII/ptolemy/domains/wireless/demo/AntennaPattern/AntennaModel
Warning: not running ptolemy/domains/wireless/demo/AntennaPattern/AntennaModel.xml. See ptolemy/vergil/basic/export/test/junit/ExportModelJUnitTest.java
Exported /home/travis/build/icyphy/ptII/ptolemy/domains/wireless/demo/AntennaPattern/AntennaModel/index.html
3460 ms. Memory: 270336K Free: 119780K (44%)
####### 13 Tue Oct 20 16:38:51 UTC 2020 $PTII/bin/ptinvoke ptolemy.vergil.basic.export.ExportModel -force htm  -openComposites -timeOut 30000 -whiteBackground ptolemy/domains/wireless/demo/AntennaPattern/AntennaPattern.xml $PTII/ptolemy/domains/wireless/demo/AntennaPattern/AntennaPattern
Warning: not running ptolemy/domains/wireless/demo/AntennaPattern/AntennaPattern.xml. See ptolemy/vergil/basic/export/test/junit/ExportModelJUnitTest.java
Exported /home/travis/build/icyphy/ptII/ptolemy/domains/wireless/demo/AntennaPattern/AntennaPattern/index.html
3230 ms. Memory: 270336K Free: 167272K (62%)
####### 14 Tue Oct 20 16:38:54 UTC 2020 $PTII/bin/ptinvoke ptolemy.vergil.basic.export.ExportModel -force htm  -openComposites -timeOut 30000 -whiteBackground ptolemy/domains/wireless/demo/AntennaPattern/ReceiveAntennaPattern.xml $PTII/ptolemy/domains/wireless/demo/AntennaPattern/ReceiveAntennaPattern
Warning: not running ptolemy/domains/wireless/demo/AntennaPattern/ReceiveAntennaPattern.xml. See ptolemy/vergil/basic/export/test/junit/ExportModelJUnitTest.java
Exported /home/travis/build/icyphy/ptII/ptolemy/domains/wireless/demo/AntennaPattern/ReceiveAntennaPattern/index.html
3904 ms. Memory: 270336K Free: 128237K (47%)
####### 15 Tue Oct 20 16:38:58 UTC 2020 $PTII/bin/ptinvoke ptolemy.vergil.basic.export.ExportModel -force htm  -openComposites -timeOut 30000 -whiteBackground ptolemy/domains/wireless/demo/AntennaPattern/TransmitAntennaPattern.xml $PTII/ptolemy/domains/wireless/demo/AntennaPattern/TransmitAntennaPattern
Warning: not running ptolemy/domains/wireless/demo/AntennaPattern/TransmitAntennaPattern.xml. See ptolemy/vergil/basic/export/test/junit/ExportModelJUnitTest.java
Exported /home/travis/build/icyphy/ptII/ptolemy/domains/wireless/demo/AntennaPattern/TransmitAntennaPattern/index.html
3753 ms. Memory: 270336K Free: 88194K (33%)
####### 16 Tue Oct 20 16:39:02 UTC 2020 $PTII/bin/ptinvoke ptolemy.vergil.basic.export.ExportModel -force htm -run -openComposites -timeOut 30000 -whiteBackground ptolemy/domains/wireless/demo/CircularRange/CircularRange.xml $PTII/ptolemy/domains/wireless/demo/CircularRange/CircularRange
Running .CircularRange
ExportHTMLTimer went off after 30000 ms., calling getDirector().finish and getDirector().stopFire()
30000 ms. Memory: 270336K Free: 101181K (37%)
Exported /home/travis/build/icyphy/ptII/ptolemy/domains/wireless/demo/CircularRange/CircularRange/index.html
34532 ms. Memory: 270336K Free: 72527K (27%)
####### 17 Tue Oct 20 16:39:36 UTC 2020 $PTII/bin/ptinvoke ptolemy.vergil.basic.export.ExportModel -force htm -run -openComposites -timeOut 30000 -whiteBackground ptolemy/domains/wireless/demo/Collisions/Collisions.xml $PTII/ptolemy/domains/wireless/demo/Collisions/Collisions
Running .Collisions
20057 ms. Memory: 270336K Free: 42757K (16%)
Exported /home/travis/build/icyphy/ptII/ptolemy/domains/wireless/demo/Collisions/Collisions/index.html
24827 ms. Memory: 270336K Free: 124659K (46%)
####### 18 Tue Oct 20 16:40:01 UTC 2020 $PTII/bin/ptinvoke ptolemy.vergil.basic.export.ExportModel -force htm -run -openComposites -timeOut 30000 -whiteBackground ptolemy/domains/wireless/demo/Collisions/CollisionsDeterministic.xml $PTII/ptolemy/domains/wireless/demo/Collisions/CollisionsDeterministic
Running .CollisionsDeterministic
42 ms. Memory: 270336K Free: 155333K (57%)
Exported /home/travis/build/icyphy/ptII/ptolemy/domains/wireless/demo/Collisions/CollisionsDeterministic/index.html
4693 ms. Memory: 270336K Free: 90055K (33%)
####### 19 Tue Oct 20 16:40:06 UTC 2020 $PTII/bin/ptinvoke ptolemy.vergil.basic.export.ExportModel -force htm -run -openComposites -timeOut 30000 -whiteBackground ptolemy/domains/wireless/demo/EvaderAndPursuer/EvaderAndPursuer.xml $PTII/ptolemy/domains/wireless/demo/EvaderAndPursuer/EvaderAndPursuer
Running .EvaderAndPursuer
ExportHTMLTimer went off after 30000 ms., calling getDirector().finish and getDirector().stopFire()
30000 ms. Memory: 270336K Free: 66280K (25%)
Exported /home/travis/build/icyphy/ptII/ptolemy/domains/wireless/demo/EvaderAndPursuer/EvaderAndPursuer/index.html
34897 ms. Memory: 270336K Free: 88705K (33%)
####### 20 Tue Oct 20 16:40:41 UTC 2020 $PTII/bin/ptinvoke ptolemy.vergil.basic.export.ExportModel -force htm -run -openComposites -timeOut 30000 -whiteBackground ptolemy/domains/wireless/demo/Intersections/Intersections.xml $PTII/ptolemy/domains/wireless/demo/Intersections/Intersections
Running .Intersections
ExportHTMLTimer went off after 30000 ms., calling getDirector().finish and getDirector().stopFire()
30003 ms. Memory: 1388544K Free: 880737K (63%)
Exported /home/travis/build/icyphy/ptII/ptolemy/domains/wireless/demo/Intersections/Intersections/index.html
77080 ms. Memory: 1388544K Free: 217600K (16%)
####### 21 Tue Oct 20 16:41:58 UTC 2020 $PTII/bin/ptinvoke ptolemy.vergil.basic.export.ExportModel -force htm -run -openComposites -timeOut 30000 -whiteBackground ptolemy/domains/wireless/demo/LinkVisualizer/LinkVisualizer.xml $PTII/ptolemy/domains/wireless/demo/LinkVisualizer/LinkVisualizer
Running .LinkVisualizer
20020 ms. Memory: 1388544K Free: 743424K (54%)
Exported /home/travis/build/icyphy/ptII/ptolemy/domains/wireless/demo/LinkVisualizer/LinkVisualizer/index.html
24344 ms. Memory: 1388544K Free: 605669K (44%)
####### 22 Tue Oct 20 16:42:22 UTC 2020 $PTII/bin/ptinvoke ptolemy.vergil.basic.export.ExportModel -force htm  -openComposites -timeOut 30000 -whiteBackground ptolemy/domains/wireless/demo/MatlabWirelessSoundDetection/MatlabWirelessSoundDetection.xml $PTII/ptolemy/domains/wireless/demo/MatlabWirelessSoundDetection/MatlabWirelessSoundDetection
Warning: not running ptolemy/domains/wireless/demo/MatlabWirelessSoundDetection/MatlabWirelessSoundDetection.xml. See ptolemy/vergil/basic/export/test/junit/ExportModelJUnitTest.java
Exported /home/travis/build/icyphy/ptII/ptolemy/domains/wireless/demo/MatlabWirelessSoundDetection/MatlabWirelessSoundDetection/index.html
3403 ms. Memory: 1388544K Free: 310765K (22%)
####### 23 Tue Oct 20 16:42:25 UTC 2020 $PTII/bin/ptinvoke ptolemy.vergil.basic.export.ExportModel -force htm -run -openComposites -timeOut 30000 -whiteBackground ptolemy/domains/wireless/demo/PowerVariability/PowerVariability.xml $PTII/ptolemy/domains/wireless/demo/PowerVariability/PowerVariability
Running .PowerVariability
25015 ms. Memory: 1388544K Free: 1079808K (78%)
Exported /home/travis/build/icyphy/ptII/ptolemy/domains/wireless/demo/PowerVariability/PowerVariability/index.html
29402 ms. Memory: 1388544K Free: 906169K (65%)
####### 24 Tue Oct 20 16:42:55 UTC 2020 $PTII/bin/ptinvoke ptolemy.vergil.basic.export.ExportModel -force htm -run -openComposites -timeOut 30000 -whiteBackground ptolemy/domains/wireless/demo/SmallWorld/SmallWorld.xml $PTII/ptolemy/domains/wireless/demo/SmallWorld/SmallWorld
Running .SmallWorld
158 ms. Memory: 1388544K Free: 785918K (57%)
Exported /home/travis/build/icyphy/ptII/ptolemy/domains/wireless/demo/SmallWorld/SmallWorld/index.html
5459 ms. Memory: 1388544K Free: 663545K (48%)
####### 25 Tue Oct 20 16:43:00 UTC 2020 $PTII/bin/ptinvoke ptolemy.vergil.basic.export.ExportModel -force htm -run -openComposites -timeOut 30000 -whiteBackground ptolemy/domains/wireless/demo/SmartParking/SmartParking.xml $PTII/ptolemy/domains/wireless/demo/SmartParking/SmartParking
Running .SmartParking
ExportHTMLTimer went off after 30000 ms., calling getDirector().finish and getDirector().stopFire()
30001 ms. Memory: 1388544K Free: 722988K (52%)
Exported /home/travis/build/icyphy/ptII/ptolemy/domains/wireless/demo/SmartParking/SmartParking/index.html
34931 ms. Memory: 1388544K Free: 566310K (41%)
####### 26 Tue Oct 20 16:43:35 UTC 2020 $PTII/bin/ptinvoke ptolemy.vergil.basic.export.ExportModel -force htm -run -openComposites -timeOut 30000 -whiteBackground ptolemy/domains/wireless/demo/TerrainModel/TerrainModel.xml $PTII/ptolemy/domains/wireless/demo/TerrainModel/TerrainModel
Running .TerrainModel
ExportHTMLTimer went off after 30000 ms., calling getDirector().finish and getDirector().stopFire()
30001 ms. Memory: 1388544K Free: 456746K (33%)
Exported /home/travis/build/icyphy/ptII/ptolemy/domains/wireless/demo/TerrainModel/TerrainModel/index.html
34261 ms. Memory: 1388544K Free: 341030K (25%)
####### 27 Tue Oct 20 16:44:09 UTC 2020 $PTII/bin/ptinvoke ptolemy.vergil.basic.export.ExportModel -force htm -run -openComposites -timeOut 30000 -whiteBackground ptolemy/domains/wireless/demo/WirelessSoundDetection/WirelessSoundDetection.xml $PTII/ptolemy/domains/wireless/demo/WirelessSoundDetection/WirelessSoundDetection
Running .WirelessSoundDetection
ExportHTMLTimer went off after 30000 ms., calling getDirector().finish and getDirector().stopFire()
30001 ms. Memory: 1388544K Free: 990505K (71%)
Exported /home/travis/build/icyphy/ptII/ptolemy/domains/wireless/demo/WirelessSoundDetection/WirelessSoundDetection/index.html
34358 ms. Memory: 1388544K Free: 858896K (62%)
####### 28 Tue Oct 20 16:44:44 UTC 2020 $PTII/bin/ptinvoke ptolemy.vergil.basic.export.ExportModel -force htm -run -openComposites -timeOut 30000 -whiteBackground ptolemy/domains/wireless/demo/Zigbee/Zigbee.xml $PTII/ptolemy/domains/wireless/demo/Zigbee/Zigbee
Running .Zigbee
3746 ms. Memory: 1388544K Free: 1060335K (76%)
Exported /home/travis/build/icyphy/ptII/ptolemy/domains/wireless/demo/Zigbee/Zigbee/index.html
36149 ms. Memory: 1388544K Free: 594706K (43%)
####### 29 Tue Oct 20 16:45:20 UTC 2020 $PTII/bin/ptinvoke ptolemy.vergil.basic.export.ExportModel -force htm  -openComposites -timeOut 30000 -whiteBackground ptolemy/matlab/demo/MatlabContinuous/MatlabContinuous.xml $PTII/ptolemy/matlab/demo/MatlabContinuous/MatlabContinuous
Warning: not running ptolemy/matlab/demo/MatlabContinuous/MatlabContinuous.xml. See ptolemy/vergil/basic/export/test/junit/ExportModelJUnitTest.java
Exported /home/travis/build/icyphy/ptII/ptolemy/matlab/demo/MatlabContinuous/MatlabContinuous/index.html
3119 ms. Memory: 1388544K Free: 435464K (31%)
####### 30 Tue Oct 20 16:45:23 UTC 2020 $PTII/bin/ptinvoke ptolemy.vergil.basic.export.ExportModel -force htm  -openComposites -timeOut 30000 -whiteBackground ptolemy/matlab/demo/MatlabExpression/MatlabExpression.xml $PTII/ptolemy/matlab/demo/MatlabExpression/MatlabExpression
Warning: not running ptolemy/matlab/demo/MatlabExpression/MatlabExpression.xml. See ptolemy/vergil/basic/export/test/junit/ExportModelJUnitTest.java
Exported /home/travis/build/icyphy/ptII/ptolemy/matlab/demo/MatlabExpression/MatlabExpression/index.html
3137 ms. Memory: 1388544K Free: 275715K (20%)
####### 31 Tue Oct 20 16:45:26 UTC 2020 $PTII/bin/ptinvoke ptolemy.vergil.basic.export.ExportModel -force htm -run -openComposites -timeOut 30000 -whiteBackground ptolemy/moml/demo/Networked/Networked.xml $PTII/ptolemy/moml/demo/Networked/Networked
Running .Networked
41 ms. Memory: 1388544K Free: 951055K (68%)
Exported /home/travis/build/icyphy/ptII/ptolemy/moml/demo/Networked/Networked/index.html
6626 ms. Memory: 1388544K Free: 856836K (62%)
####### 32 Tue Oct 20 16:45:33 UTC 2020 $PTII/bin/ptinvoke ptolemy.vergil.basic.export.ExportModel -force htm -run -openComposites -timeOut 30000 -whiteBackground ptolemy/vergil/basic/export/html/demo/ExportExamples/ExportExample1.xml $PTII/ptolemy/vergil/basic/export/html/demo/ExportExamples/ExportExample1
Model ".ExportExample1" contains actors such cannot be run  as part of the export process from ExportModel or it has a WebExportParameters value that runBeforeExport set to false. To export run this model and export it, use vergil.
Exported /home/travis/build/icyphy/ptII/ptolemy/vergil/basic/export/html/demo/ExportExamples/ExportExample1/index.html
3235 ms. Memory: 1388544K Free: 719116K (52%)
####### 33 Tue Oct 20 16:45:36 UTC 2020 $PTII/bin/ptinvoke ptolemy.vergil.basic.export.ExportModel -force htm -run -openComposites -timeOut 30000 -whiteBackground ptolemy/vergil/basic/export/html/demo/ExportExamples/ExportExample2.xml $PTII/ptolemy/vergil/basic/export/html/demo/ExportExamples/ExportExample2
Running .ExportExample2
6 ms. Memory: 1388544K Free: 606977K (44%)
Exported /home/travis/build/icyphy/ptII/ptolemy/vergil/basic/export/html/demo/ExportExamples/ExportExample2/index.html
4222 ms. Memory: 1388544K Free: 570567K (41%)
####### 34 Tue Oct 20 16:45:40 UTC 2020 $PTII/bin/ptinvoke ptolemy.vergil.basic.export.ExportModel -force htm -run -openComposites -timeOut 30000 -whiteBackground ptolemy/vergil/basic/export/html/demo/ExportExamples/ExportExample3.xml $PTII/ptolemy/vergil/basic/export/html/demo/ExportExamples/ExportExample3
Model ".ExportExample3" contains actors such cannot be run  as part of the export process from ExportModel or it has a WebExportParameters value that runBeforeExport set to false. To export run this model and export it, use vergil.
Exported /home/travis/build/icyphy/ptII/ptolemy/vergil/basic/export/html/demo/ExportExamples/ExportExample3/index.html
3306 ms. Memory: 1388544K Free: 460552K (33%)
####### 35 Tue Oct 20 16:45:44 UTC 2020 $PTII/bin/ptinvoke ptolemy.vergil.basic.export.ExportModel -force htm -run -openComposites -timeOut 30000 -whiteBackground ptolemy/vergil/basic/export/html/demo/ExportExamples/ExportExample4.xml $PTII/ptolemy/vergil/basic/export/html/demo/ExportExamples/ExportExample4
Model ".ExportExample4" contains actors such cannot be run  as part of the export process from ExportModel or it has a WebExportParameters value that runBeforeExport set to false. To export run this model and export it, use vergil.
Exported /home/travis/build/icyphy/ptII/ptolemy/vergil/basic/export/html/demo/ExportExamples/ExportExample4/index.html
3176 ms. Memory: 1388544K Free: 349954K (25%)
####### 36 Tue Oct 20 16:45:47 UTC 2020 $PTII/bin/ptinvoke ptolemy.vergil.basic.export.ExportModel -force htm -run -openComposites -timeOut 30000 -whiteBackground ptolemy/vergil/basic/export/html/demo/ExportExamples/ExportExample5.xml $PTII/ptolemy/vergil/basic/export/html/demo/ExportExamples/ExportExample5
Running .ExportExample5
28 ms. Memory: 1388544K Free: 258321K (19%)
Exported /home/travis/build/icyphy/ptII/ptolemy/vergil/basic/export/html/demo/ExportExamples/ExportExample5/index.html
4236 ms. Memory: 1388544K Free: 994846K (72%)
####### 37 Tue Oct 20 16:45:51 UTC 2020 $PTII/bin/ptinvoke ptolemy.vergil.basic.export.ExportModel -force htm  -openComposites -timeOut 30000 -whiteBackground ptolemy/vergil/basic/export/html/demo/ExportExamples/ExportExamples.xml $PTII/ptolemy/vergil/basic/export/html/demo/ExportExamples/ExportExamples
Warning: not running ptolemy/vergil/basic/export/html/demo/ExportExamples/ExportExamples.xml. See ptolemy/vergil/basic/export/test/junit/ExportModelJUnitTest.java
Exported /home/travis/build/icyphy/ptII/ptolemy/vergil/basic/export/html/demo/ExportExamples/ExportExamples/index.html
3180 ms. Memory: 1388544K Free: 878640K (63%)
####### 38 Tue Oct 20 16:45:54 UTC 2020 $PTII/bin/ptinvoke ptolemy.vergil.basic.export.ExportModel -force htm  -openComposites -timeOut 30000 -whiteBackground ptolemy/vergil/basic/export/html/demo/PageAssembler/PageAssembler.xml $PTII/ptolemy/vergil/basic/export/html/demo/PageAssembler/PageAssembler
Warning: not running ptolemy/vergil/basic/export/html/demo/PageAssembler/PageAssembler.xml. See ptolemy/vergil/basic/export/test/junit/ExportModelJUnitTest.java
Exported /home/travis/build/icyphy/ptII/ptolemy/vergil/basic/export/html/demo/PageAssembler/PageAssembler/index.html
3162 ms. Memory: 1388544K Free: 723002K (52%)
####### 39 Tue Oct 20 16:45:57 UTC 2020 $PTII/bin/ptinvoke ptolemy.vergil.basic.export.ExportModel -force htm  -openComposites -timeOut 30000 -whiteBackground ptolemy/vergil/basic/imprt/g4ltl/demo/Arbitor/Arbitor.xml $PTII/ptolemy/vergil/basic/imprt/g4ltl/demo/Arbitor/Arbitor
Warning: not running ptolemy/vergil/basic/imprt/g4ltl/demo/Arbitor/Arbitor.xml. See ptolemy/vergil/basic/export/test/junit/ExportModelJUnitTest.java
Exported /home/travis/build/icyphy/ptII/ptolemy/vergil/basic/imprt/g4ltl/demo/Arbitor/Arbitor/index.html
3188 ms. Memory: 1388544K Free: 550970K (40%)
####### 40 Tue Oct 20 16:46:01 UTC 2020 $PTII/bin/ptinvoke ptolemy.vergil.basic.export.ExportModel -force htm  -openComposites -timeOut 30000 -whiteBackground ptolemy/vergil/basic/imprt/g4ltl/demo/AutomaticDoor/AutomaticDoor.xml $PTII/ptolemy/vergil/basic/imprt/g4ltl/demo/AutomaticDoor/AutomaticDoor
Warning: not running ptolemy/vergil/basic/imprt/g4ltl/demo/AutomaticDoor/AutomaticDoor.xml. See ptolemy/vergil/basic/export/test/junit/ExportModelJUnitTest.java
Exported /home/travis/build/icyphy/ptII/ptolemy/vergil/basic/imprt/g4ltl/demo/AutomaticDoor/AutomaticDoor/index.html
3157 ms. Memory: 1388544K Free: 300090K (22%)
####### 41 Tue Oct 20 16:46:04 UTC 2020 $PTII/bin/ptinvoke ptolemy.vergil.basic.export.ExportModel -force htm  -openComposites -timeOut 30000 -whiteBackground ptolemy/vergil/basic/imprt/g4ltl/demo/ErrorHandling/ErrorHandling.xml $PTII/ptolemy/vergil/basic/imprt/g4ltl/demo/ErrorHandling/ErrorHandling
Warning: not running ptolemy/vergil/basic/imprt/g4ltl/demo/ErrorHandling/ErrorHandling.xml. See ptolemy/vergil/basic/export/test/junit/ExportModelJUnitTest.java
Exported /home/travis/build/icyphy/ptII/ptolemy/vergil/basic/imprt/g4ltl/demo/ErrorHandling/ErrorHandling/index.html
3298 ms. Memory: 1388544K Free: 865842K (62%)
####### 42 Tue Oct 20 16:46:07 UTC 2020 $PTII/bin/ptinvoke ptolemy.vergil.basic.export.ExportModel -force htm  -openComposites -timeOut 30000 -whiteBackground ptolemy/vergil/basic/imprt/g4ltl/demo/ErrorHandling/ErrorHandlingSynthesized.xml $PTII/ptolemy/vergil/basic/imprt/g4ltl/demo/ErrorHandling/ErrorHandlingSynthesized
Warning: not running ptolemy/vergil/basic/imprt/g4ltl/demo/ErrorHandling/ErrorHandlingSynthesized.xml. See ptolemy/vergil/basic/export/test/junit/ExportModelJUnitTest.java
Exported /home/travis/build/icyphy/ptII/ptolemy/vergil/basic/imprt/g4ltl/demo/ErrorHandling/ErrorHandlingSynthesized/index.html
3692 ms. Memory: 1388544K Free: 286255K (21%)
####### 43 Tue Oct 20 16:46:11 UTC 2020 $PTII/bin/ptinvoke ptolemy.vergil.basic.export.ExportModel -force htm  -openComposites -timeOut 30000 -whiteBackground ptolemy/vergil/basic/imprt/g4ltl/demo/HydraulicRamp/HydraulicRamp.xml $PTII/ptolemy/vergil/basic/imprt/g4ltl/demo/HydraulicRamp/HydraulicRamp
Warning: not running ptolemy/vergil/basic/imprt/g4ltl/demo/HydraulicRamp/HydraulicRamp.xml. See ptolemy/vergil/basic/export/test/junit/ExportModelJUnitTest.java
Exported /home/travis/build/icyphy/ptII/ptolemy/vergil/basic/imprt/g4ltl/demo/HydraulicRamp/HydraulicRamp/index.html
3214 ms. Memory: 1388544K Free: 861248K (62%)
####### 44 Tue Oct 20 16:46:14 UTC 2020 $PTII/bin/ptinvoke ptolemy.vergil.basic.export.ExportModel -force htm  -openComposites -timeOut 30000 -whiteBackground ptolemy/vergil/basic/imprt/g4ltl/demo/Numerical/Numerical.xml $PTII/ptolemy/vergil/basic/imprt/g4ltl/demo/Numerical/Numerical
Warning: not running ptolemy/vergil/basic/imprt/g4ltl/demo/Numerical/Numerical.xml. See ptolemy/vergil/basic/export/test/junit/ExportModelJUnitTest.java
Exported /home/travis/build/icyphy/ptII/ptolemy/vergil/basic/imprt/g4ltl/demo/Numerical/Numerical/index.html
3432 ms. Memory: 1388544K Free: 386091K (28%)
####### 45 Tue Oct 20 16:46:17 UTC 2020 $PTII/bin/ptinvoke ptolemy.vergil.basic.export.ExportModel -force htm  -openComposites -timeOut 30000 -whiteBackground ptolemy/vergil/basic/imprt/g4ltl/demo/PriorityArbitor/PriorityArbitor.xml $PTII/ptolemy/vergil/basic/imprt/g4ltl/demo/PriorityArbitor/PriorityArbitor
Warning: not running ptolemy/vergil/basic/imprt/g4ltl/demo/PriorityArbitor/PriorityArbitor.xml. See ptolemy/vergil/basic/export/test/junit/ExportModelJUnitTest.java
Exported /home/travis/build/icyphy/ptII/ptolemy/vergil/basic/imprt/g4ltl/demo/PriorityArbitor/PriorityArbitor/index.html
3177 ms. Memory: 1388544K Free: 1007549K (73%)
####### 46 Tue Oct 20 16:46:21 UTC 2020 $PTII/bin/ptinvoke ptolemy.vergil.basic.export.ExportModel -force htm -run -openComposites -timeOut 30000 -whiteBackground ptolemy/vergil/kernel/attributes/demo/AnimateVergil/AnimateVergil.xml $PTII/ptolemy/vergil/kernel/attributes/demo/AnimateVergil/AnimateVergil
Running .AnimateVergil
2015 ms. Memory: 1388544K Free: 907726K (65%)
Exported /home/travis/build/icyphy/ptII/ptolemy/vergil/kernel/attributes/demo/AnimateVergil/AnimateVergil/index.html
6157 ms. Memory: 1388544K Free: 881095K (63%)
####### 47 Tue Oct 20 16:46:27 UTC 2020 $PTII/bin/ptinvoke ptolemy.vergil.basic.export.ExportModel -force htm  -openComposites -timeOut 30000 -whiteBackground ptolemy/verification/demo/iRobotHillClimbing/iRobotCreateVerification.xml $PTII/ptolemy/verification/demo/iRobotHillClimbing/iRobotCreateVerification
Warning: not running ptolemy/verification/demo/iRobotHillClimbing/iRobotCreateVerification.xml. See ptolemy/vergil/basic/export/test/junit/ExportModelJUnitTest.java
Exported /home/travis/build/icyphy/ptII/ptolemy/verification/demo/iRobotHillClimbing/iRobotCreateVerification/index.html
5262 ms. Memory: 1388544K Free: 445126K (32%)
####### 48 Tue Oct 20 16:46:32 UTC 2020 $PTII/bin/ptinvoke ptolemy.vergil.basic.export.ExportModel -force htm -run -openComposites -timeOut 30000 -whiteBackground ptolemy/verification/demo/RailroadControl/RailroadControl.xml $PTII/ptolemy/verification/demo/RailroadControl/RailroadControl
Running .RailroadControl
ExportHTMLTimer went off after 30000 ms., calling getDirector().finish and getDirector().stopFire()
30001 ms. Memory: 1388544K Free: 809483K (58%)
Exported /home/travis/build/icyphy/ptII/ptolemy/verification/demo/RailroadControl/RailroadControl/index.html
34364 ms. Memory: 1388544K Free: 620523K (45%)
####### 49 Tue Oct 20 16:47:06 UTC 2020 $PTII/bin/ptinvoke ptolemy.vergil.basic.export.ExportModel -force htm -run -openComposites -timeOut 30000 -whiteBackground ptolemy/verification/demo/SimpleTrafficLight/SimpleTrafficLight.xml $PTII/ptolemy/verification/demo/SimpleTrafficLight/SimpleTrafficLight
Running .SimpleTrafficLight
ExportHTMLTimer went off after 30000 ms., calling getDirector().finish and getDirector().stopFire()
30004 ms. Memory: 1388544K Free: 484875K (35%)
Exported /home/travis/build/icyphy/ptII/ptolemy/verification/demo/SimpleTrafficLight/SimpleTrafficLight/index.html
34243 ms. Memory: 1388544K Free: 388591K (28%)
####### 50 Tue Oct 20 16:47:41 UTC 2020 $PTII/bin/ptinvoke ptolemy.vergil.basic.export.ExportModel -force htm -run -openComposites -timeOut 30000 -whiteBackground ptolemy/verification/demo/SimpleTrafficLight/SimpleTrafficLightDECTA.xml $PTII/ptolemy/verification/demo/SimpleTrafficLight/SimpleTrafficLightDECTA
Running .SimpleTrafficLightDECTA
ExportHTMLTimer went off after 30000 ms., calling getDirector().finish and getDirector().stopFire()
30009 ms. Memory: 1388544K Free: 750901K (54%)
Exported /home/travis/build/icyphy/ptII/ptolemy/verification/demo/SimpleTrafficLight/SimpleTrafficLightDECTA/index.html
34245 ms. Memory: 1388544K Free: 405776K (29%)
####### 51 Tue Oct 20 16:48:15 UTC 2020 $PTII/bin/ptinvoke ptolemy.vergil.basic.export.ExportModel -force htm -run -openComposites -timeOut 30000 -whiteBackground ptolemy/verification/demo/SimpleTrafficLight/SimpleTrafficLightGraphicalSpec.xml $PTII/ptolemy/verification/demo/SimpleTrafficLight/SimpleTrafficLightGraphicalSpec
Running .SimpleTrafficLightGraphicalSpec
ExportHTMLTimer went off after 30000 ms., calling getDirector().finish and getDirector().stopFire()
30002 ms. Memory: 1388544K Free: 263472K (19%)
Exported /home/travis/build/icyphy/ptII/ptolemy/verification/demo/SimpleTrafficLight/SimpleTrafficLightGraphicalSpec/index.html
34199 ms. Memory: 1388544K Free: 169750K (12%)
####### 52 Tue Oct 20 16:48:49 UTC 2020 $PTII/bin/ptinvoke ptolemy.vergil.basic.export.ExportModel -force htm -run -openComposites -timeOut 30000 -whiteBackground ptolemy/verification/demo/SimpleTrafficLight/SimpleTrafficLightRTMaudeCG.xml $PTII/ptolemy/verification/demo/SimpleTrafficLight/SimpleTrafficLightRTMaudeCG
Running .SimpleTrafficLightRTMaudeCG
72 ms. Memory: 1388544K Free: 884421K (64%)
Exported /home/travis/build/icyphy/ptII/ptolemy/verification/demo/SimpleTrafficLight/SimpleTrafficLightRTMaudeCG/index.html
4433 ms. Memory: 1388544K Free: 720532K (52%)
####### 53 Tue Oct 20 16:48:54 UTC 2020 $PTII/bin/ptinvoke ptolemy.vergil.basic.export.ExportModel -force htm  -openComposites -timeOut 30000 -whiteBackground ptolemy/verification/demo/SimpleTrafficLight/SimpleTrafficLightSMVModule.xml $PTII/ptolemy/verification/demo/SimpleTrafficLight/SimpleTrafficLightSMVModule
Warning: not running ptolemy/verification/demo/SimpleTrafficLight/SimpleTrafficLightSMVModule.xml. See ptolemy/vergil/basic/export/test/junit/ExportModelJUnitTest.java
Exported /home/travis/build/icyphy/ptII/ptolemy/verification/demo/SimpleTrafficLight/SimpleTrafficLightSMVModule/index.html
3234 ms. Memory: 1388544K Free: 532165K (38%)
]]></system-out>
  <system-err><![CDATA[Oct 20, 2020 4:43:34 PM sun.awt.X11.XToolkit processException
WARNING: Exception on Toolkit thread
java.lang.NullPointerException
	at java.desktop/java.awt.Component$BltBufferStrategy.contentsLost(Component.java:4584)
	at java.desktop/java.awt.Component$BltSubRegionBufferStrategy.showIfNotLost(Component.java:4647)
	at java.desktop/javax.swing.BufferStrategyPaintManager.show(BufferStrategyPaintManager.java:208)
	at java.desktop/javax.swing.RepaintManager.show(RepaintManager.java:1430)
	at java.desktop/javax.swing.SwingPaintEventDispatcher.createPaintEvent(SwingPaintEventDispatcher.java:61)
	at java.desktop/sun.awt.X11.XWindow.postPaintEvent(XWindow.java:568)
	at java.desktop/sun.awt.X11.XContentWindow.postPaintEvent(XContentWindow.java:180)
	at java.desktop/sun.awt.X11.XWindow.handleExposeEvent(XWindow.java:562)
	at java.desktop/sun.awt.X11.XContentWindow.handleExposeEvent(XContentWindow.java:151)
	at java.desktop/sun.awt.X11.XBaseWindow.dispatchEvent(XBaseWindow.java:1132)
	at java.desktop/sun.awt.X11.XBaseWindow.dispatchToWindow(XBaseWindow.java:1108)
	at java.desktop/sun.awt.X11.XToolkit.dispatchEvent(XToolkit.java:621)
	at java.desktop/sun.awt.X11.XToolkit.run(XToolkit.java:736)
	at java.desktop/sun.awt.X11.XToolkit.run(XToolkit.java:652)
	at java.base/java.lang.Thread.run(Thread.java:834)

Unable to export to web.
java.util.ConcurrentModificationException
	at java.base/java.util.LinkedList$ListItr.checkForComodification(LinkedList.java:970)
	at java.base/java.util.LinkedList$ListItr.next(LinkedList.java:892)
	at java.base/java.util.Collections$UnmodifiableCollection$1.next(Collections.java:1045)
	at ptolemy.vergil.basic.export.web.DefaultIconScript._provideAttributes(DefaultIconScript.java:196)
	at ptolemy.vergil.basic.export.web.WebContent.provideContent(WebContent.java:176)
	at ptolemy.vergil.basic.export.html.ExportHTMLAction.writeHTML(ExportHTMLAction.java:745)
	at ptolemy.vergil.basic.BasicGraphFrame.writeHTML(BasicGraphFrame.java:1657)
	at ptolemy.vergil.basic.export.html.ExportHTMLAction$1$1.run(ExportHTMLAction.java:559)
	at java.desktop/java.awt.event.InvocationEvent.dispatch(InvocationEvent.java:313)
	at java.desktop/java.awt.EventQueue.dispatchEventImpl(EventQueue.java:770)
	at java.desktop/java.awt.EventQueue$4.run(EventQueue.java:721)
	at java.desktop/java.awt.EventQueue$4.run(EventQueue.java:715)
	at java.base/java.security.AccessController.doPrivileged(Native Method)
	at java.base/java.security.ProtectionDomain$JavaSecurityAccessImpl.doIntersectionPrivilege(ProtectionDomain.java:85)
	at java.desktop/java.awt.EventQueue.dispatchEvent(EventQueue.java:740)
	at java.desktop/java.awt.EventDispatchThread.pumpOneEventForFilters(EventDispatchThread.java:203)
	at java.desktop/java.awt.EventDispatchThread.pumpEventsForFilter(EventDispatchThread.java:124)
	at java.desktop/java.awt.EventDispatchThread.pumpEventsForHierarchy(EventDispatchThread.java:113)
	at java.desktop/java.awt.EventDispatchThread.pumpEvents(EventDispatchThread.java:109)
	at java.desktop/java.awt.EventDispatchThread.pumpEvents(EventDispatchThread.java:101)
	at java.desktop/java.awt.EventDispatchThread.run(EventDispatchThread.java:90)
Oct 20, 2020 4:45:39 PM sun.awt.X11.XToolkit processException
WARNING: Exception on Toolkit thread
java.lang.NullPointerException
	at java.desktop/java.awt.Component$BltBufferStrategy.contentsLost(Component.java:4584)
	at java.desktop/java.awt.Component$BltSubRegionBufferStrategy.showIfNotLost(Component.java:4647)
	at java.desktop/javax.swing.BufferStrategyPaintManager.show(BufferStrategyPaintManager.java:208)
	at java.desktop/javax.swing.RepaintManager.show(RepaintManager.java:1430)
	at java.desktop/javax.swing.SwingPaintEventDispatcher.createPaintEvent(SwingPaintEventDispatcher.java:61)
	at java.desktop/sun.awt.X11.XWindow.postPaintEvent(XWindow.java:568)
	at java.desktop/sun.awt.X11.XContentWindow.postPaintEvent(XContentWindow.java:180)
	at java.desktop/sun.awt.X11.XWindow.handleExposeEvent(XWindow.java:562)
	at java.desktop/sun.awt.X11.XContentWindow.handleExposeEvent(XContentWindow.java:151)
	at java.desktop/sun.awt.X11.XBaseWindow.dispatchEvent(XBaseWindow.java:1132)
	at java.desktop/sun.awt.X11.XBaseWindow.dispatchToWindow(XBaseWindow.java:1108)
	at java.desktop/sun.awt.X11.XToolkit.dispatchEvent(XToolkit.java:621)
	at java.desktop/sun.awt.X11.XToolkit.run(XToolkit.java:736)
	at java.desktop/sun.awt.X11.XToolkit.run(XToolkit.java:652)
	at java.base/java.lang.Thread.run(Thread.java:834)

]]></system-err>
</testsuite>
