<?xml version="1.0" encoding="UTF-8" ?>
<testsuite errors="0" failures="0" hostname="travis-job-e0b994e4-c954-4aa5-9b69-1fa9e1f92a9f" name="ptolemy.domains.continuous.test.junit.JUnitTclTest" skipped="0" tests="156" time="71.081" timestamp="2020-04-08T13:45:20">
  <properties>
[...]
</properties>
  <testcase classname="ptolemy.util.test.junit.TclTests" name="[0] ThereAreNoTclTests (RunTclFile)" time="0.009" />
  <testcase classname="ptolemy.util.test.junit.AutoKnownFailedTests" name="[0] ThereAreNoKnowFailedTests (RunModel)" time="0.01" />
  <testcase classname="ptolemy.util.test.junit.AutoNameArchTests" name="[0] ThereAreNoAutoArchTests (RunModel)" time="0.027" />
  <testcase classname="ptolemy.util.test.junit.AutoTests" name="[0] /home/travis/build/icyphy/ptII/ptolemy/domains/continuous/test/auto/BouncingBall.xml (RunModel)" time="3.056" />
  <testcase classname="ptolemy.util.test.junit.AutoTests" name="[1] /home/travis/build/icyphy/ptII/ptolemy/domains/continuous/test/auto/BouncingBallWithoutGR.xml (RunModel)" time="1.006" />
  <testcase classname="ptolemy.util.test.junit.AutoTests" name="[2] /home/travis/build/icyphy/ptII/ptolemy/domains/continuous/test/auto/Brownian.xml (RunModel)" time="0.123" />
  <testcase classname="ptolemy.util.test.junit.AutoTests" name="[3] /home/travis/build/icyphy/ptII/ptolemy/domains/continuous/test/auto/CarTracking.xml (RunModel)" time="4.292" />
  <testcase classname="ptolemy.util.test.junit.AutoTests" name="[4] /home/travis/build/icyphy/ptII/ptolemy/domains/continuous/test/auto/CartPendulum.xml (RunModel)" time="0.51" />
  <testcase classname="ptolemy.util.test.junit.AutoTests" name="[5] /home/travis/build/icyphy/ptII/ptolemy/domains/continuous/test/auto/CausalityInterface10.xml (RunModel)" time="0.04" />
  <testcase classname="ptolemy.util.test.junit.AutoTests" name="[6] /home/travis/build/icyphy/ptII/ptolemy/domains/continuous/test/auto/CausalityInterface11.xml (RunModel)" time="0.037" />
  <testcase classname="ptolemy.util.test.junit.AutoTests" name="[7] /home/travis/build/icyphy/ptII/ptolemy/domains/continuous/test/auto/CausalityInterface12.xml (RunModel)" time="0.066" />
  <testcase classname="ptolemy.util.test.junit.AutoTests" name="[8] /home/travis/build/icyphy/ptII/ptolemy/domains/continuous/test/auto/CausalityInterface13.xml (RunModel)" time="0.026" />
  <testcase classname="ptolemy.util.test.junit.AutoTests" name="[9] /home/travis/build/icyphy/ptII/ptolemy/domains/continuous/test/auto/CausalityInterface14.xml (RunModel)" time="0.02" />
  <testcase classname="ptolemy.util.test.junit.AutoTests" name="[10] /home/travis/build/icyphy/ptII/ptolemy/domains/continuous/test/auto/CausalityInterface4.xml (RunModel)" time="0.027" />
  <testcase classname="ptolemy.util.test.junit.AutoTests" name="[11] /home/travis/build/icyphy/ptII/ptolemy/domains/continuous/test/auto/CausalityInterface5.xml (RunModel)" time="0.038" />
  <testcase classname="ptolemy.util.test.junit.AutoTests" name="[12] /home/travis/build/icyphy/ptII/ptolemy/domains/continuous/test/auto/CausalityInterface6.xml (RunModel)" time="0.025" />
  <testcase classname="ptolemy.util.test.junit.AutoTests" name="[13] /home/travis/build/icyphy/ptII/ptolemy/domains/continuous/test/auto/CausalityInterface7.xml (RunModel)" time="0.05" />
  <testcase classname="ptolemy.util.test.junit.AutoTests" name="[14] /home/travis/build/icyphy/ptII/ptolemy/domains/continuous/test/auto/CausalityInterface8.xml (RunModel)" time="0.038" />
  <testcase classname="ptolemy.util.test.junit.AutoTests" name="[15] /home/travis/build/icyphy/ptII/ptolemy/domains/continuous/test/auto/CausalityInterface9.xml (RunModel)" time="0.062" />
  <testcase classname="ptolemy.util.test.junit.AutoTests" name="[16] /home/travis/build/icyphy/ptII/ptolemy/domains/continuous/test/auto/CausalityInterfaceFeedback1.xml (RunModel)" time="0.034" />
  <testcase classname="ptolemy.util.test.junit.AutoTests" name="[17] /home/travis/build/icyphy/ptII/ptolemy/domains/continuous/test/auto/CausalityInterfaceFeedback2.xml (RunModel)" time="0.026" />
  <testcase classname="ptolemy.util.test.junit.AutoTests" name="[18] /home/travis/build/icyphy/ptII/ptolemy/domains/continuous/test/auto/CompareWithCurrentTime.xml (RunModel)" time="0.017" />
  <testcase classname="ptolemy.util.test.junit.AutoTests" name="[19] /home/travis/build/icyphy/ptII/ptolemy/domains/continuous/test/auto/ComparedClocks.xml (RunModel)" time="0.081" />
  <testcase classname="ptolemy.util.test.junit.AutoTests" name="[20] /home/travis/build/icyphy/ptII/ptolemy/domains/continuous/test/auto/ContinuousAOCClone.xml (RunModel)" time="2.783" />
  <testcase classname="ptolemy.util.test.junit.AutoTests" name="[21] /home/travis/build/icyphy/ptII/ptolemy/domains/continuous/test/auto/ContinuousClock.xml (RunModel)" time="0.093" />
  <testcase classname="ptolemy.util.test.junit.AutoTests" name="[22] /home/travis/build/icyphy/ptII/ptolemy/domains/continuous/test/auto/ContinuousInContinuous.xml (RunModel)" time="0.077" />
  <testcase classname="ptolemy.util.test.junit.AutoTests" name="[23] /home/travis/build/icyphy/ptII/ptolemy/domains/continuous/test/auto/ContinuousInContinuousInContinuous.xml (RunModel)" time="0.023" />
  <testcase classname="ptolemy.util.test.junit.AutoTests" name="[24] /home/travis/build/icyphy/ptII/ptolemy/domains/continuous/test/auto/ContinuousInDE.xml (RunModel)" time="0.106" />
  <testcase classname="ptolemy.util.test.junit.AutoTests" name="[25] /home/travis/build/icyphy/ptII/ptolemy/domains/continuous/test/auto/ContinuousInDE2.xml (RunModel)" time="0.043" />
  <testcase classname="ptolemy.util.test.junit.AutoTests" name="[26] /home/travis/build/icyphy/ptII/ptolemy/domains/continuous/test/auto/ContinuousInDE3.xml (RunModel)" time="0.053" />
  <testcase classname="ptolemy.util.test.junit.AutoTests" name="[27] /home/travis/build/icyphy/ptII/ptolemy/domains/continuous/test/auto/ContinuousInDE4.xml (RunModel)" time="0.032" />
  <testcase classname="ptolemy.util.test.junit.AutoTests" name="[28] /home/travis/build/icyphy/ptII/ptolemy/domains/continuous/test/auto/ContinuousInDEDifferentRefinements.xml (RunModel)" time="0.111" />
  <testcase classname="ptolemy.util.test.junit.AutoTests" name="[29] /home/travis/build/icyphy/ptII/ptolemy/domains/continuous/test/auto/ContinuousInDEDifferentRefinementsPreemptive.xml (RunModel)" time="0.093" />
  <testcase classname="ptolemy.util.test.junit.AutoTests" name="[30] /home/travis/build/icyphy/ptII/ptolemy/domains/continuous/test/auto/ContinuousInDEInContinuous2.xml (RunModel)" time="0.058" />
  <testcase classname="ptolemy.util.test.junit.AutoTests" name="[31] /home/travis/build/icyphy/ptII/ptolemy/domains/continuous/test/auto/ContinuousInDEInContinuous3.xml (RunModel)" time="0.057" />
  <testcase classname="ptolemy.util.test.junit.AutoTests" name="[32] /home/travis/build/icyphy/ptII/ptolemy/domains/continuous/test/auto/ContinuousInDEInput.xml (RunModel)" time="0.031" />
  <testcase classname="ptolemy.util.test.junit.AutoTests" name="[33] /home/travis/build/icyphy/ptII/ptolemy/domains/continuous/test/auto/ContinuousInDEInput2.xml (RunModel)" time="0.036" />
  <testcase classname="ptolemy.util.test.junit.AutoTests" name="[34] /home/travis/build/icyphy/ptII/ptolemy/domains/continuous/test/auto/ContinuousInDEInput3.xml (RunModel)" time="0.03" />
  <testcase classname="ptolemy.util.test.junit.AutoTests" name="[35] /home/travis/build/icyphy/ptII/ptolemy/domains/continuous/test/auto/ContinuousInDESharingRefinement.xml (RunModel)" time="0.177" />
  <testcase classname="ptolemy.util.test.junit.AutoTests" name="[36] /home/travis/build/icyphy/ptII/ptolemy/domains/continuous/test/auto/ContinuousInDEwithNoPorts.xml (RunModel)" time="0.018" />
  <testcase classname="ptolemy.util.test.junit.AutoTests" name="[37] /home/travis/build/icyphy/ptII/ptolemy/domains/continuous/test/auto/ContinuousInsideDE.xml (RunModel)" time="0.096" />
  <testcase classname="ptolemy.util.test.junit.AutoTests" name="[38] /home/travis/build/icyphy/ptII/ptolemy/domains/continuous/test/auto/ContinuousMerge1.xml (RunModel)" time="0.016" />
  <testcase classname="ptolemy.util.test.junit.AutoTests" name="[39] /home/travis/build/icyphy/ptII/ptolemy/domains/continuous/test/auto/ContinuousMerge2.xml (RunModel)" time="0.054" />
  <testcase classname="ptolemy.util.test.junit.AutoTests" name="[40] /home/travis/build/icyphy/ptII/ptolemy/domains/continuous/test/auto/ContinuousMerge3.xml (RunModel)" time="0.055" />
  <testcase classname="ptolemy.util.test.junit.AutoTests" name="[41] /home/travis/build/icyphy/ptII/ptolemy/domains/continuous/test/auto/ContinuousWithinContinuous.xml (RunModel)" time="0.05" />
  <testcase classname="ptolemy.util.test.junit.AutoTests" name="[42] /home/travis/build/icyphy/ptII/ptolemy/domains/continuous/test/auto/ContinuousWithinContinuous2.xml (RunModel)" time="0.067" />
  <testcase classname="ptolemy.util.test.junit.AutoTests" name="[43] /home/travis/build/icyphy/ptII/ptolemy/domains/continuous/test/auto/ContinuousWithinContinuous3.xml (RunModel)" time="0.029" />
  <testcase classname="ptolemy.util.test.junit.AutoTests" name="[44] /home/travis/build/icyphy/ptII/ptolemy/domains/continuous/test/auto/ContinuousWithinContinuous4.xml (RunModel)" time="0.076" />
  <testcase classname="ptolemy.util.test.junit.AutoTests" name="[45] /home/travis/build/icyphy/ptII/ptolemy/domains/continuous/test/auto/ContinuousWithinContinuous5.xml (RunModel)" time="0.027" />
  <testcase classname="ptolemy.util.test.junit.AutoTests" name="[46] /home/travis/build/icyphy/ptII/ptolemy/domains/continuous/test/auto/ContinuousWithinContinuous6.xml (RunModel)" time="0.03" />
  <testcase classname="ptolemy.util.test.junit.AutoTests" name="[47] /home/travis/build/icyphy/ptII/ptolemy/domains/continuous/test/auto/ContinuousWithinContinuous7.xml (RunModel)" time="0.062" />
  <testcase classname="ptolemy.util.test.junit.AutoTests" name="[48] /home/travis/build/icyphy/ptII/ptolemy/domains/continuous/test/auto/DCMotor.xml (RunModel)" time="13.858" />
  <testcase classname="ptolemy.util.test.junit.AutoTests" name="[49] /home/travis/build/icyphy/ptII/ptolemy/domains/continuous/test/auto/DEInContinuous.xml (RunModel)" time="0.028" />
  <testcase classname="ptolemy.util.test.junit.AutoTests" name="[50] /home/travis/build/icyphy/ptII/ptolemy/domains/continuous/test/auto/DEinContinuous2.xml (RunModel)" time="0.03" />
  <testcase classname="ptolemy.util.test.junit.AutoTests" name="[51] /home/travis/build/icyphy/ptII/ptolemy/domains/continuous/test/auto/Derivative.xml (RunModel)" time="0.153" />
  <testcase classname="ptolemy.util.test.junit.AutoTests" name="[52] /home/travis/build/icyphy/ptII/ptolemy/domains/continuous/test/auto/Derivative1.xml (RunModel)" time="0.041" />
  <testcase classname="ptolemy.util.test.junit.AutoTests" name="[53] /home/travis/build/icyphy/ptII/ptolemy/domains/continuous/test/auto/DiscreteClock.xml (RunModel)" time="0.012" />
  <testcase classname="ptolemy.util.test.junit.AutoTests" name="[54] /home/travis/build/icyphy/ptII/ptolemy/domains/continuous/test/auto/EfficiencyCurve.xml (RunModel)" time="0.068" />
  <testcase classname="ptolemy.util.test.junit.AutoTests" name="[55] /home/travis/build/icyphy/ptII/ptolemy/domains/continuous/test/auto/ExponentialResponse.xml (RunModel)" time="0.101" />
  <testcase classname="ptolemy.util.test.junit.AutoTests" name="[56] /home/travis/build/icyphy/ptII/ptolemy/domains/continuous/test/auto/ExponentialResponseRK45.xml (RunModel)" time="0.032" />
  <testcase classname="ptolemy.util.test.junit.AutoTests" name="[57] /home/travis/build/icyphy/ptII/ptolemy/domains/continuous/test/auto/Friction.xml (RunModel)" time="1.627" />
  <testcase classname="ptolemy.util.test.junit.AutoTests" name="[58] /home/travis/build/icyphy/ptII/ptolemy/domains/continuous/test/auto/FurutaPendulum.xml (RunModel)" time="3.028" />
  <testcase classname="ptolemy.util.test.junit.AutoTests" name="[59] /home/travis/build/icyphy/ptII/ptolemy/domains/continuous/test/auto/HierarchicalExecution.xml (RunModel)" time="1.795" />
  <testcase classname="ptolemy.util.test.junit.AutoTests" name="[60] /home/travis/build/icyphy/ptII/ptolemy/domains/continuous/test/auto/HybridPlant.xml (RunModel)" time="0.552" />
  <testcase classname="ptolemy.util.test.junit.AutoTests" name="[61] /home/travis/build/icyphy/ptII/ptolemy/domains/continuous/test/auto/Hysteresis.xml (RunModel)" time="0.181" />
  <testcase classname="ptolemy.util.test.junit.AutoTests" name="[62] /home/travis/build/icyphy/ptII/ptolemy/domains/continuous/test/auto/HysteresisWithRandomDelay.xml (RunModel)" time="0.212" />
  <testcase classname="ptolemy.util.test.junit.AutoTests" name="[63] /home/travis/build/icyphy/ptII/ptolemy/domains/continuous/test/auto/HysteresisWithRandomLosses.xml (RunModel)" time="2.294" />
  <testcase classname="ptolemy.util.test.junit.AutoTests" name="[64] /home/travis/build/icyphy/ptII/ptolemy/domains/continuous/test/auto/ImmediateTransitions.xml (RunModel)" time="0.037" />
  <testcase classname="ptolemy.util.test.junit.AutoTests" name="[65] /home/travis/build/icyphy/ptII/ptolemy/domains/continuous/test/auto/ImpulseFeedback.xml (RunModel)" time="0.018" />
  <testcase classname="ptolemy.util.test.junit.AutoTests" name="[66] /home/travis/build/icyphy/ptII/ptolemy/domains/continuous/test/auto/ImpulseFeedback2.xml (RunModel)" time="0.016" />
  <testcase classname="ptolemy.util.test.junit.AutoTests" name="[67] /home/travis/build/icyphy/ptII/ptolemy/domains/continuous/test/auto/IncreasingRatePoisson.xml (RunModel)" time="0.676" />
  <testcase classname="ptolemy.util.test.junit.AutoTests" name="[68] /home/travis/build/icyphy/ptII/ptolemy/domains/continuous/test/auto/InitialStateFeedback.xml (RunModel)" time="0.013" />
  <testcase classname="ptolemy.util.test.junit.AutoTests" name="[69] /home/travis/build/icyphy/ptII/ptolemy/domains/continuous/test/auto/Integration.xml (RunModel)" time="0.011" />
  <testcase classname="ptolemy.util.test.junit.AutoTests" name="[70] /home/travis/build/icyphy/ptII/ptolemy/domains/continuous/test/auto/Integration2.xml (RunModel)" time="0.079" />
  <testcase classname="ptolemy.util.test.junit.AutoTests" name="[71] /home/travis/build/icyphy/ptII/ptolemy/domains/continuous/test/auto/Integration3.xml (RunModel)" time="0.019" />
  <testcase classname="ptolemy.util.test.junit.AutoTests" name="[72] /home/travis/build/icyphy/ptII/ptolemy/domains/continuous/test/auto/Integration5.xml (RunModel)" time="0.011" />
  <testcase classname="ptolemy.util.test.junit.AutoTests" name="[73] /home/travis/build/icyphy/ptII/ptolemy/domains/continuous/test/auto/IntegratorImpulse.xml (RunModel)" time="0.012" />
  <testcase classname="ptolemy.util.test.junit.AutoTests" name="[74] /home/travis/build/icyphy/ptII/ptolemy/domains/continuous/test/auto/IntegratorImpulse2.xml (RunModel)" time="0.017" />
  <testcase classname="ptolemy.util.test.junit.AutoTests" name="[75] /home/travis/build/icyphy/ptII/ptolemy/domains/continuous/test/auto/LevelCrossing1.xml (RunModel)" time="0.013" />
  <testcase classname="ptolemy.util.test.junit.AutoTests" name="[76] /home/travis/build/icyphy/ptII/ptolemy/domains/continuous/test/auto/LevelCrossing2.xml (RunModel)" time="0.012" />
  <testcase classname="ptolemy.util.test.junit.AutoTests" name="[77] /home/travis/build/icyphy/ptII/ptolemy/domains/continuous/test/auto/LevelCrossing3.xml (RunModel)" time="0.016" />
  <testcase classname="ptolemy.util.test.junit.AutoTests" name="[78] /home/travis/build/icyphy/ptII/ptolemy/domains/continuous/test/auto/LevelCrossing4.xml (RunModel)" time="0.013" />
  <testcase classname="ptolemy.util.test.junit.AutoTests" name="[79] /home/travis/build/icyphy/ptII/ptolemy/domains/continuous/test/auto/LevelCrossing5.xml (RunModel)" time="0.016" />
  <testcase classname="ptolemy.util.test.junit.AutoTests" name="[80] /home/travis/build/icyphy/ptII/ptolemy/domains/continuous/test/auto/LevelCrossing6.xml (RunModel)" time="0.012" />
  <testcase classname="ptolemy.util.test.junit.AutoTests" name="[81] /home/travis/build/icyphy/ptII/ptolemy/domains/continuous/test/auto/LevelCrossingDetector.xml (RunModel)" time="0.045" />
  <testcase classname="ptolemy.util.test.junit.AutoTests" name="[82] /home/travis/build/icyphy/ptII/ptolemy/domains/continuous/test/auto/LevelCrossingDetectorDetectingDirections.xml (RunModel)" time="0.085" />
  <testcase classname="ptolemy.util.test.junit.AutoTests" name="[83] /home/travis/build/icyphy/ptII/ptolemy/domains/continuous/test/auto/LevelCrossingDetectorDetectsGlitches.xml (RunModel)" time="0.061" />
  <testcase classname="ptolemy.util.test.junit.AutoTests" name="[84] /home/travis/build/icyphy/ptII/ptolemy/domains/continuous/test/auto/LevelCrossingNoInitialOuput.xml (RunModel)" time="0.012" />
  <testcase classname="ptolemy.util.test.junit.AutoTests" name="[85] /home/travis/build/icyphy/ptII/ptolemy/domains/continuous/test/auto/LinearStateSpaceExample.xml (RunModel)" time="0.079" />
  <testcase classname="ptolemy.util.test.junit.AutoTests" name="[86] /home/travis/build/icyphy/ptII/ptolemy/domains/continuous/test/auto/Lorenz.xml (RunModel)" time="3.332" />
  <testcase classname="ptolemy.util.test.junit.AutoTests" name="[87] /home/travis/build/icyphy/ptII/ptolemy/domains/continuous/test/auto/LorenzDifferentialSystem.xml (RunModel)" time="0.956" />
  <testcase classname="ptolemy.util.test.junit.AutoTests" name="[88] /home/travis/build/icyphy/ptII/ptolemy/domains/continuous/test/auto/LorenzDifferentialSystemWithInput.xml (RunModel)" time="1.141" />
  <testcase classname="ptolemy.util.test.junit.AutoTests" name="[89] /home/travis/build/icyphy/ptII/ptolemy/domains/continuous/test/auto/LorenzDifferentialSystemWithTime.xml (RunModel)" time="0.706" />
  <testcase classname="ptolemy.util.test.junit.AutoTests" name="[90] /home/travis/build/icyphy/ptII/ptolemy/domains/continuous/test/auto/Microsteps.xml (RunModel)" time="0.015" />
  <testcase classname="ptolemy.util.test.junit.AutoTests" name="[91] /home/travis/build/icyphy/ptII/ptolemy/domains/continuous/test/auto/Modal1.xml (RunModel)" time="0.044" />
  <testcase classname="ptolemy.util.test.junit.AutoTests" name="[92] /home/travis/build/icyphy/ptII/ptolemy/domains/continuous/test/auto/Modal2.xml (RunModel)" time="0.065" />
  <testcase classname="ptolemy.util.test.junit.AutoTests" name="[93] /home/travis/build/icyphy/ptII/ptolemy/domains/continuous/test/auto/ModalTransitionGuardWithReset.xml (RunModel)" time="0.027" />
  <testcase classname="ptolemy.util.test.junit.AutoTests" name="[94] /home/travis/build/icyphy/ptII/ptolemy/domains/continuous/test/auto/ModalTransitionGuardWithResetUsingPreemptiveTransition.xml (RunModel)" time="0.029" />
  <testcase classname="ptolemy.util.test.junit.AutoTests" name="[95] /home/travis/build/icyphy/ptII/ptolemy/domains/continuous/test/auto/ModalTransitionGuardWithResetUsingPreemptiveTransition2.xml (RunModel)" time="0.03" />
  <testcase classname="ptolemy.util.test.junit.AutoTests" name="[96] /home/travis/build/icyphy/ptII/ptolemy/domains/continuous/test/auto/ModalTransitionGuardWithResetUsingPreemptiveTransition3.xml (RunModel)" time="0.027" />
  <testcase classname="ptolemy.util.test.junit.AutoTests" name="[97] /home/travis/build/icyphy/ptII/ptolemy/domains/continuous/test/auto/NewtonsCradle.xml (RunModel)" time="0.768" />
  <testcase classname="ptolemy.util.test.junit.AutoTests" name="[98] /home/travis/build/icyphy/ptII/ptolemy/domains/continuous/test/auto/NewtonsCradleAnimated.xml (RunModel)" time="1.254" />
  <testcase classname="ptolemy.util.test.junit.AutoTests" name="[99] /home/travis/build/icyphy/ptII/ptolemy/domains/continuous/test/auto/NewtonsCradleComplicated.xml (RunModel)" time="0.845" />
  <testcase classname="ptolemy.util.test.junit.AutoTests" name="[100] /home/travis/build/icyphy/ptII/ptolemy/domains/continuous/test/auto/NewtonsCradleNondeterministic.xml (RunModel)" time="0.663" />
  <testcase classname="ptolemy.util.test.junit.AutoTests" name="[101] /home/travis/build/icyphy/ptII/ptolemy/domains/continuous/test/auto/NewtonsCradlePerfectlyInelastic1.xml (RunModel)" time="1.124" />
  <testcase classname="ptolemy.util.test.junit.AutoTests" name="[102] /home/travis/build/icyphy/ptII/ptolemy/domains/continuous/test/auto/Noise.xml (RunModel)" time="0.179" />
  <testcase classname="ptolemy.util.test.junit.AutoTests" name="[103] /home/travis/build/icyphy/ptII/ptolemy/domains/continuous/test/auto/NoiseSpectrum.xml (RunModel)" time="0.646" />
  <testcase classname="ptolemy.util.test.junit.AutoTests" name="[104] /home/travis/build/icyphy/ptII/ptolemy/domains/continuous/test/auto/ParameterizedNewtonsCradleAnimated.xml (RunModel)" time="0.366" />
  <testcase classname="ptolemy.util.test.junit.AutoTests" name="[105] /home/travis/build/icyphy/ptII/ptolemy/domains/continuous/test/auto/ParameterizedNewtonsCradleAnimatedNondeterministic.xml (RunModel)" time="1.119" />
  <testcase classname="ptolemy.util.test.junit.AutoTests" name="[106] /home/travis/build/icyphy/ptII/ptolemy/domains/continuous/test/auto/Pendulum3D.xml (RunModel)" time="0.156" />
  <testcase classname="ptolemy.util.test.junit.AutoTests" name="[107] /home/travis/build/icyphy/ptII/ptolemy/domains/continuous/test/auto/PeriodicSampler.xml (RunModel)" time="0.015" />
  <testcase classname="ptolemy.util.test.junit.AutoTests" name="[108] /home/travis/build/icyphy/ptII/ptolemy/domains/continuous/test/auto/PeriodicSampler1.xml (RunModel)" time="0.04" />
  <testcase classname="ptolemy.util.test.junit.AutoTests" name="[109] /home/travis/build/icyphy/ptII/ptolemy/domains/continuous/test/auto/PeriodicSampler2.xml (RunModel)" time="0.069" />
  <testcase classname="ptolemy.util.test.junit.AutoTests" name="[110] /home/travis/build/icyphy/ptII/ptolemy/domains/continuous/test/auto/Poisson.xml (RunModel)" time="0.468" />
  <testcase classname="ptolemy.util.test.junit.AutoTests" name="[111] /home/travis/build/icyphy/ptII/ptolemy/domains/continuous/test/auto/PoissonClock.xml (RunModel)" time="0.01" />
  <testcase classname="ptolemy.util.test.junit.AutoTests" name="[112] /home/travis/build/icyphy/ptII/ptolemy/domains/continuous/test/auto/PoissonClock2.xml (RunModel)" time="0.014" />
  <testcase classname="ptolemy.util.test.junit.AutoTests" name="[113] /home/travis/build/icyphy/ptII/ptolemy/domains/continuous/test/auto/PortParameterHierarchy.xml (RunModel)" time="0.026" />
  <testcase classname="ptolemy.util.test.junit.AutoTests" name="[114] /home/travis/build/icyphy/ptII/ptolemy/domains/continuous/test/auto/RandomHybridPlant.xml (RunModel)" time="0.51" />
  <testcase classname="ptolemy.util.test.junit.AutoTests" name="[115] /home/travis/build/icyphy/ptII/ptolemy/domains/continuous/test/auto/ResetTransitionWithStartTime1.xml (RunModel)" time="0.032" />
  <testcase classname="ptolemy.util.test.junit.AutoTests" name="[116] /home/travis/build/icyphy/ptII/ptolemy/domains/continuous/test/auto/ResetTransitionWithStartTime2.xml (RunModel)" time="0.039" />
  <testcase classname="ptolemy.util.test.junit.AutoTests" name="[117] /home/travis/build/icyphy/ptII/ptolemy/domains/continuous/test/auto/ResetTransitionWithStartTime3.xml (RunModel)" time="0.039" />
  <testcase classname="ptolemy.util.test.junit.AutoTests" name="[118] /home/travis/build/icyphy/ptII/ptolemy/domains/continuous/test/auto/ResetTransitionWithStartTime4.xml (RunModel)" time="0.026" />
  <testcase classname="ptolemy.util.test.junit.AutoTests" name="[119] /home/travis/build/icyphy/ptII/ptolemy/domains/continuous/test/auto/ResetTransitionWithStartTime5.xml (RunModel)" time="0.046" />
  <testcase classname="ptolemy.util.test.junit.AutoTests" name="[120] /home/travis/build/icyphy/ptII/ptolemy/domains/continuous/test/auto/ResetTransitionWithStartTime6.xml (RunModel)" time="0.027" />
  <testcase classname="ptolemy.util.test.junit.AutoTests" name="[121] /home/travis/build/icyphy/ptII/ptolemy/domains/continuous/test/auto/SRinContinuous.xml (RunModel)" time="0.022" />
  <testcase classname="ptolemy.util.test.junit.AutoTests" name="[122] /home/travis/build/icyphy/ptII/ptolemy/domains/continuous/test/auto/SampledClocks.xml (RunModel)" time="0.035" />
  <testcase classname="ptolemy.util.test.junit.AutoTests" name="[123] /home/travis/build/icyphy/ptII/ptolemy/domains/continuous/test/auto/Satellite.xml (RunModel)" time="0.737" />
  <testcase classname="ptolemy.util.test.junit.AutoTests" name="[124] /home/travis/build/icyphy/ptII/ptolemy/domains/continuous/test/auto/SigmaDelta.xml (RunModel)" time="1.924" />
  <testcase classname="ptolemy.util.test.junit.AutoTests" name="[125] /home/travis/build/icyphy/ptII/ptolemy/domains/continuous/test/auto/SingleRefinement.xml (RunModel)" time="0.376" />
  <testcase classname="ptolemy.util.test.junit.AutoTests" name="[126] /home/travis/build/icyphy/ptII/ptolemy/domains/continuous/test/auto/SinuBouncingBall.xml (RunModel)" time="0.796" />
  <testcase classname="ptolemy.util.test.junit.AutoTests" name="[127] /home/travis/build/icyphy/ptII/ptolemy/domains/continuous/test/auto/Sinusoid.xml (RunModel)" time="0.019" />
  <testcase classname="ptolemy.util.test.junit.AutoTests" name="[128] /home/travis/build/icyphy/ptII/ptolemy/domains/continuous/test/auto/SinusoidInNoise.xml (RunModel)" time="0.816" />
  <testcase classname="ptolemy.util.test.junit.AutoTests" name="[129] /home/travis/build/icyphy/ptII/ptolemy/domains/continuous/test/auto/SinusoidRK45.xml (RunModel)" time="0.009" />
  <testcase classname="ptolemy.util.test.junit.AutoTests" name="[130] /home/travis/build/icyphy/ptII/ptolemy/domains/continuous/test/auto/SinusoidWithMultipleImpulses.xml (RunModel)" time="0.01" />
  <testcase classname="ptolemy.util.test.junit.AutoTests" name="[131] /home/travis/build/icyphy/ptII/ptolemy/domains/continuous/test/auto/SquareWave.xml (RunModel)" time="0.167" />
  <testcase classname="ptolemy.util.test.junit.AutoTests" name="[132] /home/travis/build/icyphy/ptII/ptolemy/domains/continuous/test/auto/Starmac.xml (RunModel)" time="3.383" />
  <testcase classname="ptolemy.util.test.junit.AutoTests" name="[133] /home/travis/build/icyphy/ptII/ptolemy/domains/continuous/test/auto/StaticUnits.xml (RunModel)" time="2.459" />
  <testcase classname="ptolemy.util.test.junit.AutoTests" name="[134] /home/travis/build/icyphy/ptII/ptolemy/domains/continuous/test/auto/StickyMasses.xml (RunModel)" time="0.17" />
  <testcase classname="ptolemy.util.test.junit.AutoTests" name="[135] /home/travis/build/icyphy/ptII/ptolemy/domains/continuous/test/auto/StopTime.xml (RunModel)" time="0.061" />
  <testcase classname="ptolemy.util.test.junit.AutoTests" name="[136] /home/travis/build/icyphy/ptII/ptolemy/domains/continuous/test/auto/StopTime2.xml (RunModel)" time="0.057" />
  <testcase classname="ptolemy.util.test.junit.AutoTests" name="[137] /home/travis/build/icyphy/ptII/ptolemy/domains/continuous/test/auto/Switch.xml (RunModel)" time="0.148" />
  <testcase classname="ptolemy.util.test.junit.AutoTests" name="[138] /home/travis/build/icyphy/ptII/ptolemy/domains/continuous/test/auto/Thermostat.xml (RunModel)" time="0.298" />
  <testcase classname="ptolemy.util.test.junit.AutoTests" name="[139] /home/travis/build/icyphy/ptII/ptolemy/domains/continuous/test/auto/TimeDelay.xml (RunModel)" time="0.017" />
  <testcase classname="ptolemy.util.test.junit.AutoTests" name="[140] /home/travis/build/icyphy/ptII/ptolemy/domains/continuous/test/auto/TimeDelay2.xml (RunModel)" time="0.025" />
  <testcase classname="ptolemy.util.test.junit.AutoTests" name="[141] /home/travis/build/icyphy/ptII/ptolemy/domains/continuous/test/auto/TimeDelay3.xml (RunModel)" time="0.011" />
  <testcase classname="ptolemy.util.test.junit.AutoTests" name="[142] /home/travis/build/icyphy/ptII/ptolemy/domains/continuous/test/auto/TransferAbsentToInside.xml (RunModel)" time="0.099" />
  <testcase classname="ptolemy.util.test.junit.AutoTests" name="[143] /home/travis/build/icyphy/ptII/ptolemy/domains/continuous/test/auto/Transmission.xml (RunModel)" time="0.763" />
  <testcase classname="ptolemy.util.test.junit.AutoTests" name="[144] /home/travis/build/icyphy/ptII/ptolemy/domains/continuous/test/auto/TriggeredContinuousClock.xml (RunModel)" time="0.064" />
  <testcase classname="ptolemy.util.test.junit.AutoTests" name="[145] /home/travis/build/icyphy/ptII/ptolemy/domains/continuous/test/auto/TwoMachineInfiniteBusControl.xml (RunModel)" time="2.591" />
  <testcase classname="ptolemy.util.test.junit.AutoTests" name="[146] /home/travis/build/icyphy/ptII/ptolemy/domains/continuous/test/auto/V2V.xml (RunModel)" time="0.684" />
  <testcase classname="ptolemy.util.test.junit.AutoTests" name="[147] /home/travis/build/icyphy/ptII/ptolemy/domains/continuous/test/auto/hierarchicalModalModel.xml (RunModel)" time="0.037" />
  <testcase classname="ptolemy.util.test.junit.AutoTests" name="[148] /home/travis/build/icyphy/ptII/ptolemy/domains/continuous/test/auto/hierarchicalModalModel1.xml (RunModel)" time="0.037" />
  <testcase classname="ptolemy.util.test.junit.AutoTests" name="[149] /home/travis/build/icyphy/ptII/ptolemy/domains/continuous/test/auto/hierarchicalModalModel2.xml (RunModel)" time="0.046" />
  <testcase classname="ptolemy.util.test.junit.AutoTests" name="[150] /home/travis/build/icyphy/ptII/ptolemy/domains/continuous/test/auto/hierarchicalModalModel3.xml (RunModel)" time="0.022" />
  <testcase classname="ptolemy.util.test.junit.AutoTests" name="[151] /home/travis/build/icyphy/ptII/ptolemy/domains/continuous/test/auto/hierarchicalModalModel4.xml (RunModel)" time="0.025" />
  <testcase classname="ptolemy.util.test.junit.AutoTests" name="[152] /home/travis/build/icyphy/ptII/ptolemy/domains/continuous/test/auto/junk.xml (RunModel)" time="0.134" />
  <system-out><![CDATA[No tcl tests in /home/travis/build/icyphy/ptII/ptolemy/domains/continuous/test
No auto/knownFailedTests/*.xml tests in /home/travis/build/icyphy/ptII/ptolemy/domains/continuous/test
No auto/linux-amd64/*.xml tests in /home/travis/build/icyphy/ptII/ptolemy/domains/continuous/test
AutoTests.java: About to close Vertx.
AutoTests.java: Vertx closed.

===========================================================================================
----------------- testing Wed Apr 08 13:45:21 UTC 2020 /home/travis/build/icyphy/ptII/ptolemy/domains/continuous/test/auto/BouncingBall.xml
----------------- Instantiating /home/travis/build/icyphy/ptII/ptolemy/domains/continuous/test/auto/BouncingBall.xml
2363 ms. Memory: 161792K Free: 113475K (70%)
----------------- Invoking toplevel() on ptolemy.moml.MoMLSimpleApplication@7d9e5add
----------------- Done invoking toplevel() on ptolemy.moml.MoMLSimpleApplication@7d9e5add
reloadAllAccessors: .BouncingBall

===========================================================================================
----------------- testing Wed Apr 08 13:45:23 UTC 2020 /home/travis/build/icyphy/ptII/ptolemy/domains/continuous/test/auto/BouncingBallWithoutGR.xml
----------------- Instantiating /home/travis/build/icyphy/ptII/ptolemy/domains/continuous/test/auto/BouncingBallWithoutGR.xml
870 ms. Memory: 194560K Free: 155923K (80%)
----------------- Invoking toplevel() on ptolemy.moml.MoMLSimpleApplication@72c94760
----------------- Done invoking toplevel() on ptolemy.moml.MoMLSimpleApplication@72c94760
reloadAllAccessors: .BouncingBallWithoutGR

===========================================================================================
----------------- testing Wed Apr 08 13:45:25 UTC 2020 /home/travis/build/icyphy/ptII/ptolemy/domains/continuous/test/auto/Brownian.xml
----------------- Instantiating /home/travis/build/icyphy/ptII/ptolemy/domains/continuous/test/auto/Brownian.xml
34 ms. Memory: 194560K Free: 147217K (76%)
----------------- Invoking toplevel() on ptolemy.moml.MoMLSimpleApplication@1f5d01fd
----------------- Done invoking toplevel() on ptolemy.moml.MoMLSimpleApplication@1f5d01fd
reloadAllAccessors: .Brownian

===========================================================================================
----------------- testing Wed Apr 08 13:45:25 UTC 2020 /home/travis/build/icyphy/ptII/ptolemy/domains/continuous/test/auto/CarTracking.xml
----------------- Instantiating /home/travis/build/icyphy/ptII/ptolemy/domains/continuous/test/auto/CarTracking.xml
3878 ms. Memory: 233472K Free: 188843K (81%)
----------------- Invoking toplevel() on ptolemy.moml.MoMLSimpleApplication@5c4f99d1
----------------- Done invoking toplevel() on ptolemy.moml.MoMLSimpleApplication@5c4f99d1
reloadAllAccessors: .CarTracking

===========================================================================================
----------------- testing Wed Apr 08 13:45:29 UTC 2020 /home/travis/build/icyphy/ptII/ptolemy/domains/continuous/test/auto/CartPendulum.xml
----------------- Instantiating /home/travis/build/icyphy/ptII/ptolemy/domains/continuous/test/auto/CartPendulum.xml
400 ms. Memory: 233472K Free: 97707K (42%)
----------------- Invoking toplevel() on ptolemy.moml.MoMLSimpleApplication@f7ccafd
----------------- Done invoking toplevel() on ptolemy.moml.MoMLSimpleApplication@f7ccafd
reloadAllAccessors: .CartPendulum

===========================================================================================
----------------- testing Wed Apr 08 13:45:29 UTC 2020 /home/travis/build/icyphy/ptII/ptolemy/domains/continuous/test/auto/CausalityInterface10.xml
----------------- Instantiating /home/travis/build/icyphy/ptII/ptolemy/domains/continuous/test/auto/CausalityInterface10.xml
7 ms. Memory: 233472K Free: 87467K (37%)
----------------- Invoking toplevel() on ptolemy.moml.MoMLSimpleApplication@5ef20c4
----------------- Done invoking toplevel() on ptolemy.moml.MoMLSimpleApplication@5ef20c4
reloadAllAccessors: .CausalityInterface10

===========================================================================================
----------------- testing Wed Apr 08 13:45:29 UTC 2020 /home/travis/build/icyphy/ptII/ptolemy/domains/continuous/test/auto/CausalityInterface11.xml
----------------- Instantiating /home/travis/build/icyphy/ptII/ptolemy/domains/continuous/test/auto/CausalityInterface11.xml
8 ms. Memory: 233472K Free: 81323K (35%)
----------------- Invoking toplevel() on ptolemy.moml.MoMLSimpleApplication@5114aff3
----------------- Done invoking toplevel() on ptolemy.moml.MoMLSimpleApplication@5114aff3
reloadAllAccessors: .CausalityInterface11

===========================================================================================
----------------- testing Wed Apr 08 13:45:30 UTC 2020 /home/travis/build/icyphy/ptII/ptolemy/domains/continuous/test/auto/CausalityInterface12.xml
----------------- Instantiating /home/travis/build/icyphy/ptII/ptolemy/domains/continuous/test/auto/CausalityInterface12.xml
7 ms. Memory: 233472K Free: 212039K (91%)
----------------- Invoking toplevel() on ptolemy.moml.MoMLSimpleApplication@2ccaa93a
----------------- Done invoking toplevel() on ptolemy.moml.MoMLSimpleApplication@2ccaa93a
reloadAllAccessors: .CausalityInterface12

===========================================================================================
----------------- testing Wed Apr 08 13:45:30 UTC 2020 /home/travis/build/icyphy/ptII/ptolemy/domains/continuous/test/auto/CausalityInterface13.xml
----------------- Instantiating /home/travis/build/icyphy/ptII/ptolemy/domains/continuous/test/auto/CausalityInterface13.xml
4 ms. Memory: 233472K Free: 205895K (88%)
----------------- Invoking toplevel() on ptolemy.moml.MoMLSimpleApplication@81afaf2
----------------- Done invoking toplevel() on ptolemy.moml.MoMLSimpleApplication@81afaf2
reloadAllAccessors: .CausalityInterface13

===========================================================================================
----------------- testing Wed Apr 08 13:45:30 UTC 2020 /home/travis/build/icyphy/ptII/ptolemy/domains/continuous/test/auto/CausalityInterface14.xml
----------------- Instantiating /home/travis/build/icyphy/ptII/ptolemy/domains/continuous/test/auto/CausalityInterface14.xml
3 ms. Memory: 233472K Free: 200261K (86%)
----------------- Invoking toplevel() on ptolemy.moml.MoMLSimpleApplication@5b3186f6
----------------- Done invoking toplevel() on ptolemy.moml.MoMLSimpleApplication@5b3186f6
reloadAllAccessors: .CausalityInterface14

===========================================================================================
----------------- testing Wed Apr 08 13:45:30 UTC 2020 /home/travis/build/icyphy/ptII/ptolemy/domains/continuous/test/auto/CausalityInterface4.xml
----------------- Instantiating /home/travis/build/icyphy/ptII/ptolemy/domains/continuous/test/auto/CausalityInterface4.xml
4 ms. Memory: 233472K Free: 193607K (83%)
----------------- Invoking toplevel() on ptolemy.moml.MoMLSimpleApplication@188d3a3e
----------------- Done invoking toplevel() on ptolemy.moml.MoMLSimpleApplication@188d3a3e
reloadAllAccessors: .CausalityInterface4

===========================================================================================
----------------- testing Wed Apr 08 13:45:30 UTC 2020 /home/travis/build/icyphy/ptII/ptolemy/domains/continuous/test/auto/CausalityInterface5.xml
----------------- Instantiating /home/travis/build/icyphy/ptII/ptolemy/domains/continuous/test/auto/CausalityInterface5.xml
7 ms. Memory: 233472K Free: 185925K (80%)
----------------- Invoking toplevel() on ptolemy.moml.MoMLSimpleApplication@2a535af5
----------------- Done invoking toplevel() on ptolemy.moml.MoMLSimpleApplication@2a535af5
reloadAllAccessors: .CausalityInterface5

===========================================================================================
----------------- testing Wed Apr 08 13:45:30 UTC 2020 /home/travis/build/icyphy/ptII/ptolemy/domains/continuous/test/auto/CausalityInterface6.xml
----------------- Instantiating /home/travis/build/icyphy/ptII/ptolemy/domains/continuous/test/auto/CausalityInterface6.xml
5 ms. Memory: 233472K Free: 180295K (77%)
----------------- Invoking toplevel() on ptolemy.moml.MoMLSimpleApplication@69eafa95
----------------- Done invoking toplevel() on ptolemy.moml.MoMLSimpleApplication@69eafa95
reloadAllAccessors: .CausalityInterface6

===========================================================================================
----------------- testing Wed Apr 08 13:45:30 UTC 2020 /home/travis/build/icyphy/ptII/ptolemy/domains/continuous/test/auto/CausalityInterface7.xml
----------------- Instantiating /home/travis/build/icyphy/ptII/ptolemy/domains/continuous/test/auto/CausalityInterface7.xml
10 ms. Memory: 233472K Free: 171589K (73%)
----------------- Invoking toplevel() on ptolemy.moml.MoMLSimpleApplication@fd45412
----------------- Done invoking toplevel() on ptolemy.moml.MoMLSimpleApplication@fd45412
reloadAllAccessors: .CausalityInterface7

===========================================================================================
----------------- testing Wed Apr 08 13:45:30 UTC 2020 /home/travis/build/icyphy/ptII/ptolemy/domains/continuous/test/auto/CausalityInterface8.xml
----------------- Instantiating /home/travis/build/icyphy/ptII/ptolemy/domains/continuous/test/auto/CausalityInterface8.xml
6 ms. Memory: 233472K Free: 162373K (70%)
----------------- Invoking toplevel() on ptolemy.moml.MoMLSimpleApplication@f894036
----------------- Done invoking toplevel() on ptolemy.moml.MoMLSimpleApplication@f894036
reloadAllAccessors: .CausalityInterface8

===========================================================================================
----------------- testing Wed Apr 08 13:45:30 UTC 2020 /home/travis/build/icyphy/ptII/ptolemy/domains/continuous/test/auto/CausalityInterface9.xml
----------------- Instantiating /home/travis/build/icyphy/ptII/ptolemy/domains/continuous/test/auto/CausalityInterface9.xml
11 ms. Memory: 233472K Free: 151623K (65%)
----------------- Invoking toplevel() on ptolemy.moml.MoMLSimpleApplication@24db066
----------------- Done invoking toplevel() on ptolemy.moml.MoMLSimpleApplication@24db066
reloadAllAccessors: .CausalityInterface9

===========================================================================================
----------------- testing Wed Apr 08 13:45:30 UTC 2020 /home/travis/build/icyphy/ptII/ptolemy/domains/continuous/test/auto/CausalityInterfaceFeedback1.xml
----------------- Instantiating /home/travis/build/icyphy/ptII/ptolemy/domains/continuous/test/auto/CausalityInterfaceFeedback1.xml
7 ms. Memory: 233472K Free: 144951K (62%)
----------------- Invoking toplevel() on ptolemy.moml.MoMLSimpleApplication@69996a66
----------------- Done invoking toplevel() on ptolemy.moml.MoMLSimpleApplication@69996a66
reloadAllAccessors: .CausalityInterfaceFeedback1

===========================================================================================
----------------- testing Wed Apr 08 13:45:30 UTC 2020 /home/travis/build/icyphy/ptII/ptolemy/domains/continuous/test/auto/CausalityInterfaceFeedback2.xml
----------------- Instantiating /home/travis/build/icyphy/ptII/ptolemy/domains/continuous/test/auto/CausalityInterfaceFeedback2.xml
3 ms. Memory: 233472K Free: 138311K (59%)
----------------- Invoking toplevel() on ptolemy.moml.MoMLSimpleApplication@677bdeb6
----------------- Done invoking toplevel() on ptolemy.moml.MoMLSimpleApplication@677bdeb6
reloadAllAccessors: .CausalityInterfaceFeedback2

===========================================================================================
----------------- testing Wed Apr 08 13:45:30 UTC 2020 /home/travis/build/icyphy/ptII/ptolemy/domains/continuous/test/auto/CompareWithCurrentTime.xml
----------------- Instantiating /home/travis/build/icyphy/ptII/ptolemy/domains/continuous/test/auto/CompareWithCurrentTime.xml
3 ms. Memory: 233472K Free: 134215K (57%)
----------------- Invoking toplevel() on ptolemy.moml.MoMLSimpleApplication@238cd09
----------------- Done invoking toplevel() on ptolemy.moml.MoMLSimpleApplication@238cd09
reloadAllAccessors: .CompareWithCurrentTime

===========================================================================================
----------------- testing Wed Apr 08 13:45:30 UTC 2020 /home/travis/build/icyphy/ptII/ptolemy/domains/continuous/test/auto/ComparedClocks.xml
----------------- Instantiating /home/travis/build/icyphy/ptII/ptolemy/domains/continuous/test/auto/ComparedClocks.xml
7 ms. Memory: 233472K Free: 118855K (51%)
----------------- Invoking toplevel() on ptolemy.moml.MoMLSimpleApplication@642e5f70
----------------- Done invoking toplevel() on ptolemy.moml.MoMLSimpleApplication@642e5f70
reloadAllAccessors: .ComparedClocks

===========================================================================================
----------------- testing Wed Apr 08 13:45:30 UTC 2020 /home/travis/build/icyphy/ptII/ptolemy/domains/continuous/test/auto/ContinuousAOCClone.xml
----------------- Instantiating /home/travis/build/icyphy/ptII/ptolemy/domains/continuous/test/auto/ContinuousAOCClone.xml
2479 ms. Memory: 280576K Free: 245035K (87%)
----------------- Invoking toplevel() on ptolemy.moml.MoMLSimpleApplication@115f5c7e
----------------- Done invoking toplevel() on ptolemy.moml.MoMLSimpleApplication@115f5c7e
reloadAllAccessors: .ContinuousAOCClone

===========================================================================================
----------------- testing Wed Apr 08 13:45:33 UTC 2020 /home/travis/build/icyphy/ptII/ptolemy/domains/continuous/test/auto/ContinuousClock.xml
----------------- Instantiating /home/travis/build/icyphy/ptII/ptolemy/domains/continuous/test/auto/ContinuousClock.xml
35 ms. Memory: 280576K Free: 224011K (80%)
----------------- Invoking toplevel() on ptolemy.moml.MoMLSimpleApplication@4e430044
----------------- Done invoking toplevel() on ptolemy.moml.MoMLSimpleApplication@4e430044
reloadAllAccessors: .ContinuousClock

===========================================================================================
----------------- testing Wed Apr 08 13:45:33 UTC 2020 /home/travis/build/icyphy/ptII/ptolemy/domains/continuous/test/auto/ContinuousInContinuous.xml
----------------- Instantiating /home/travis/build/icyphy/ptII/ptolemy/domains/continuous/test/auto/ContinuousInContinuous.xml
38 ms. Memory: 280576K Free: 200489K (71%)
----------------- Invoking toplevel() on ptolemy.moml.MoMLSimpleApplication@3fc0be0f
----------------- Done invoking toplevel() on ptolemy.moml.MoMLSimpleApplication@3fc0be0f
reloadAllAccessors: .ContinuousInContinuous

===========================================================================================
----------------- testing Wed Apr 08 13:45:33 UTC 2020 /home/travis/build/icyphy/ptII/ptolemy/domains/continuous/test/auto/ContinuousInContinuousInContinuous.xml
----------------- Instantiating /home/travis/build/icyphy/ptII/ptolemy/domains/continuous/test/auto/ContinuousInContinuousInContinuous.xml
6 ms. Memory: 280576K Free: 192297K (69%)
----------------- Invoking toplevel() on ptolemy.moml.MoMLSimpleApplication@1bea7caa
----------------- Done invoking toplevel() on ptolemy.moml.MoMLSimpleApplication@1bea7caa
reloadAllAccessors: .ContinuousInContinuousInContinuous

===========================================================================================
----------------- testing Wed Apr 08 13:45:33 UTC 2020 /home/travis/build/icyphy/ptII/ptolemy/domains/continuous/test/auto/ContinuousInDE.xml
----------------- Instantiating /home/travis/build/icyphy/ptII/ptolemy/domains/continuous/test/auto/ContinuousInDE.xml
84 ms. Memory: 280576K Free: 181547K (65%)
----------------- Invoking toplevel() on ptolemy.moml.MoMLSimpleApplication@6a3d8da0
----------------- Done invoking toplevel() on ptolemy.moml.MoMLSimpleApplication@6a3d8da0
reloadAllAccessors: .ContinuousInDE

===========================================================================================
----------------- testing Wed Apr 08 13:45:33 UTC 2020 /home/travis/build/icyphy/ptII/ptolemy/domains/continuous/test/auto/ContinuousInDE2.xml
----------------- Instantiating /home/travis/build/icyphy/ptII/ptolemy/domains/continuous/test/auto/ContinuousInDE2.xml
30 ms. Memory: 280576K Free: 171817K (61%)
----------------- Invoking toplevel() on ptolemy.moml.MoMLSimpleApplication@604ec76
----------------- Done invoking toplevel() on ptolemy.moml.MoMLSimpleApplication@604ec76
reloadAllAccessors: .ContinuousInDE2

===========================================================================================
----------------- testing Wed Apr 08 13:45:33 UTC 2020 /home/travis/build/icyphy/ptII/ptolemy/domains/continuous/test/auto/ContinuousInDE3.xml
----------------- Instantiating /home/travis/build/icyphy/ptII/ptolemy/domains/continuous/test/auto/ContinuousInDE3.xml
40 ms. Memory: 280576K Free: 162091K (58%)
----------------- Invoking toplevel() on ptolemy.moml.MoMLSimpleApplication@70831b2c
----------------- Done invoking toplevel() on ptolemy.moml.MoMLSimpleApplication@70831b2c
reloadAllAccessors: .ContinuousInDE3

===========================================================================================
----------------- testing Wed Apr 08 13:45:33 UTC 2020 /home/travis/build/icyphy/ptII/ptolemy/domains/continuous/test/auto/ContinuousInDE4.xml
----------------- Instantiating /home/travis/build/icyphy/ptII/ptolemy/domains/continuous/test/auto/ContinuousInDE4.xml
14 ms. Memory: 280576K Free: 155947K (56%)
----------------- Invoking toplevel() on ptolemy.moml.MoMLSimpleApplication@10710eb4
----------------- Done invoking toplevel() on ptolemy.moml.MoMLSimpleApplication@10710eb4
reloadAllAccessors: .ContinuousInDE4

===========================================================================================
----------------- testing Wed Apr 08 13:45:33 UTC 2020 /home/travis/build/icyphy/ptII/ptolemy/domains/continuous/test/auto/ContinuousInDEDifferentRefinements.xml
----------------- Instantiating /home/travis/build/icyphy/ptII/ptolemy/domains/continuous/test/auto/ContinuousInDEDifferentRefinements.xml
58 ms. Memory: 280576K Free: 125227K (45%)
----------------- Invoking toplevel() on ptolemy.moml.MoMLSimpleApplication@1765a35a
----------------- Done invoking toplevel() on ptolemy.moml.MoMLSimpleApplication@1765a35a
reloadAllAccessors: .ContinuousInDEDifferentRefinements

===========================================================================================
----------------- testing Wed Apr 08 13:45:33 UTC 2020 /home/travis/build/icyphy/ptII/ptolemy/domains/continuous/test/auto/ContinuousInDEDifferentRefinementsPreemptive.xml
----------------- Instantiating /home/travis/build/icyphy/ptII/ptolemy/domains/continuous/test/auto/ContinuousInDEDifferentRefinementsPreemptive.xml
50 ms. Memory: 280576K Free: 261071K (93%)
----------------- Invoking toplevel() on ptolemy.moml.MoMLSimpleApplication@1c3f402c
----------------- Done invoking toplevel() on ptolemy.moml.MoMLSimpleApplication@1c3f402c
reloadAllAccessors: .ContinuousInDEDifferentRefinementsPreemptive

===========================================================================================
----------------- testing Wed Apr 08 13:45:34 UTC 2020 /home/travis/build/icyphy/ptII/ptolemy/domains/continuous/test/auto/ContinuousInDEInContinuous2.xml
----------------- Instantiating /home/travis/build/icyphy/ptII/ptolemy/domains/continuous/test/auto/ContinuousInDEInContinuous2.xml
32 ms. Memory: 280576K Free: 249127K (89%)
----------------- Invoking toplevel() on ptolemy.moml.MoMLSimpleApplication@41c59180
----------------- Done invoking toplevel() on ptolemy.moml.MoMLSimpleApplication@41c59180
reloadAllAccessors: .ContinuousInDEInContinuous2

===========================================================================================
----------------- testing Wed Apr 08 13:45:34 UTC 2020 /home/travis/build/icyphy/ptII/ptolemy/domains/continuous/test/auto/ContinuousInDEInContinuous3.xml
----------------- Instantiating /home/travis/build/icyphy/ptII/ptolemy/domains/continuous/test/auto/ContinuousInDEInContinuous3.xml
33 ms. Memory: 280576K Free: 237353K (85%)
----------------- Invoking toplevel() on ptolemy.moml.MoMLSimpleApplication@69cf510b
----------------- Done invoking toplevel() on ptolemy.moml.MoMLSimpleApplication@69cf510b
reloadAllAccessors: .ContinuousInDEInContinuous3

===========================================================================================
----------------- testing Wed Apr 08 13:45:34 UTC 2020 /home/travis/build/icyphy/ptII/ptolemy/domains/continuous/test/auto/ContinuousInDEInput.xml
----------------- Instantiating /home/travis/build/icyphy/ptII/ptolemy/domains/continuous/test/auto/ContinuousInDEInput.xml
14 ms. Memory: 280576K Free: 230185K (82%)
----------------- Invoking toplevel() on ptolemy.moml.MoMLSimpleApplication@6983e650
----------------- Done invoking toplevel() on ptolemy.moml.MoMLSimpleApplication@6983e650
reloadAllAccessors: .ContinuousInDEInput

===========================================================================================
----------------- testing Wed Apr 08 13:45:34 UTC 2020 /home/travis/build/icyphy/ptII/ptolemy/domains/continuous/test/auto/ContinuousInDEInput2.xml
----------------- Instantiating /home/travis/build/icyphy/ptII/ptolemy/domains/continuous/test/auto/ContinuousInDEInput2.xml
11 ms. Memory: 280576K Free: 223017K (79%)
----------------- Invoking toplevel() on ptolemy.moml.MoMLSimpleApplication@69b357b
----------------- Done invoking toplevel() on ptolemy.moml.MoMLSimpleApplication@69b357b
reloadAllAccessors: .ContinuousInDEInput2

===========================================================================================
----------------- testing Wed Apr 08 13:45:34 UTC 2020 /home/travis/build/icyphy/ptII/ptolemy/domains/continuous/test/auto/ContinuousInDEInput3.xml
----------------- Instantiating /home/travis/build/icyphy/ptII/ptolemy/domains/continuous/test/auto/ContinuousInDEInput3.xml
14 ms. Memory: 280576K Free: 215849K (77%)
----------------- Invoking toplevel() on ptolemy.moml.MoMLSimpleApplication@5c8bebd3
----------------- Done invoking toplevel() on ptolemy.moml.MoMLSimpleApplication@5c8bebd3
reloadAllAccessors: .ContinuousInDEInput3

===========================================================================================
----------------- testing Wed Apr 08 13:45:34 UTC 2020 /home/travis/build/icyphy/ptII/ptolemy/domains/continuous/test/auto/ContinuousInDESharingRefinement.xml
----------------- Instantiating /home/travis/build/icyphy/ptII/ptolemy/domains/continuous/test/auto/ContinuousInDESharingRefinement.xml
147 ms. Memory: 280576K Free: 121127K (43%)
----------------- Invoking toplevel() on ptolemy.moml.MoMLSimpleApplication@4d3dc34d
----------------- Done invoking toplevel() on ptolemy.moml.MoMLSimpleApplication@4d3dc34d
reloadAllAccessors: .ContinuousInDESharingRefinement

===========================================================================================
----------------- testing Wed Apr 08 13:45:34 UTC 2020 /home/travis/build/icyphy/ptII/ptolemy/domains/continuous/test/auto/ContinuousInDEwithNoPorts.xml
----------------- Instantiating /home/travis/build/icyphy/ptII/ptolemy/domains/continuous/test/auto/ContinuousInDEwithNoPorts.xml
5 ms. Memory: 280576K Free: 117016K (42%)
----------------- Invoking toplevel() on ptolemy.moml.MoMLSimpleApplication@5a221a1f
----------------- Done invoking toplevel() on ptolemy.moml.MoMLSimpleApplication@5a221a1f
reloadAllAccessors: .ContinuousInDEwithNoPorts

===========================================================================================
----------------- testing Wed Apr 08 13:45:34 UTC 2020 /home/travis/build/icyphy/ptII/ptolemy/domains/continuous/test/auto/ContinuousInsideDE.xml
----------------- Instantiating /home/travis/build/icyphy/ptII/ptolemy/domains/continuous/test/auto/ContinuousInsideDE.xml
31 ms. Memory: 280576K Free: 105767K (38%)
----------------- Invoking toplevel() on ptolemy.moml.MoMLSimpleApplication@5af4c92e
----------------- Done invoking toplevel() on ptolemy.moml.MoMLSimpleApplication@5af4c92e
reloadAllAccessors: .ContinuousInsideDE

===========================================================================================
----------------- testing Wed Apr 08 13:45:34 UTC 2020 /home/travis/build/icyphy/ptII/ptolemy/domains/continuous/test/auto/ContinuousMerge1.xml
----------------- Instantiating /home/travis/build/icyphy/ptII/ptolemy/domains/continuous/test/auto/ContinuousMerge1.xml
3 ms. Memory: 280576K Free: 101161K (36%)
----------------- Invoking toplevel() on ptolemy.moml.MoMLSimpleApplication@448e9e43
----------------- Done invoking toplevel() on ptolemy.moml.MoMLSimpleApplication@448e9e43
reloadAllAccessors: .ContinuousMerge1

===========================================================================================
----------------- testing Wed Apr 08 13:45:34 UTC 2020 /home/travis/build/icyphy/ptII/ptolemy/domains/continuous/test/auto/ContinuousMerge2.xml
----------------- Instantiating /home/travis/build/icyphy/ptII/ptolemy/domains/continuous/test/auto/ContinuousMerge2.xml
11 ms. Memory: 280576K Free: 257316K (92%)
----------------- Invoking toplevel() on ptolemy.moml.MoMLSimpleApplication@34f64acf
----------------- Done invoking toplevel() on ptolemy.moml.MoMLSimpleApplication@34f64acf
reloadAllAccessors: .ContinuousMerge2

===========================================================================================
----------------- testing Wed Apr 08 13:45:34 UTC 2020 /home/travis/build/icyphy/ptII/ptolemy/domains/continuous/test/auto/ContinuousMerge3.xml
----------------- Instantiating /home/travis/build/icyphy/ptII/ptolemy/domains/continuous/test/auto/ContinuousMerge3.xml
35 ms. Memory: 280576K Free: 246566K (88%)
----------------- Invoking toplevel() on ptolemy.moml.MoMLSimpleApplication@276cedf2
----------------- Done invoking toplevel() on ptolemy.moml.MoMLSimpleApplication@276cedf2
reloadAllAccessors: .ContinuousMerge3

===========================================================================================
----------------- testing Wed Apr 08 13:45:34 UTC 2020 /home/travis/build/icyphy/ptII/ptolemy/domains/continuous/test/auto/ContinuousWithinContinuous.xml
----------------- Instantiating /home/travis/build/icyphy/ptII/ptolemy/domains/continuous/test/auto/ContinuousWithinContinuous.xml
28 ms. Memory: 280576K Free: 236836K (84%)
----------------- Invoking toplevel() on ptolemy.moml.MoMLSimpleApplication@131917f4
----------------- Done invoking toplevel() on ptolemy.moml.MoMLSimpleApplication@131917f4
reloadAllAccessors: .ContinuousWithinContinuous

===========================================================================================
----------------- testing Wed Apr 08 13:45:34 UTC 2020 /home/travis/build/icyphy/ptII/ptolemy/domains/continuous/test/auto/ContinuousWithinContinuous2.xml
----------------- Instantiating /home/travis/build/icyphy/ptII/ptolemy/domains/continuous/test/auto/ContinuousWithinContinuous2.xml
55 ms. Memory: 280576K Free: 225572K (80%)
----------------- Invoking toplevel() on ptolemy.moml.MoMLSimpleApplication@433458da
----------------- Done invoking toplevel() on ptolemy.moml.MoMLSimpleApplication@433458da
reloadAllAccessors: .ContinuousWithinContinuous2

===========================================================================================
----------------- testing Wed Apr 08 13:45:34 UTC 2020 /home/travis/build/icyphy/ptII/ptolemy/domains/continuous/test/auto/ContinuousWithinContinuous3.xml
----------------- Instantiating /home/travis/build/icyphy/ptII/ptolemy/domains/continuous/test/auto/ContinuousWithinContinuous3.xml
11 ms. Memory: 280576K Free: 218404K (78%)
----------------- Invoking toplevel() on ptolemy.moml.MoMLSimpleApplication@7b77eae0
----------------- Done invoking toplevel() on ptolemy.moml.MoMLSimpleApplication@7b77eae0
reloadAllAccessors: .ContinuousWithinContinuous3

===========================================================================================
----------------- testing Wed Apr 08 13:45:34 UTC 2020 /home/travis/build/icyphy/ptII/ptolemy/domains/continuous/test/auto/ContinuousWithinContinuous4.xml
----------------- Instantiating /home/travis/build/icyphy/ptII/ptolemy/domains/continuous/test/auto/ContinuousWithinContinuous4.xml
56 ms. Memory: 280576K Free: 206116K (73%)
----------------- Invoking toplevel() on ptolemy.moml.MoMLSimpleApplication@23c8c68e
----------------- Done invoking toplevel() on ptolemy.moml.MoMLSimpleApplication@23c8c68e
reloadAllAccessors: .ContinuousWithinContinuous4

===========================================================================================
----------------- testing Wed Apr 08 13:45:34 UTC 2020 /home/travis/build/icyphy/ptII/ptolemy/domains/continuous/test/auto/ContinuousWithinContinuous5.xml
----------------- Instantiating /home/travis/build/icyphy/ptII/ptolemy/domains/continuous/test/auto/ContinuousWithinContinuous5.xml
10 ms. Memory: 280576K Free: 198948K (71%)
----------------- Invoking toplevel() on ptolemy.moml.MoMLSimpleApplication@19e5c6ea
----------------- Done invoking toplevel() on ptolemy.moml.MoMLSimpleApplication@19e5c6ea
reloadAllAccessors: .ContinuousWithinContinuous5

===========================================================================================
----------------- testing Wed Apr 08 13:45:34 UTC 2020 /home/travis/build/icyphy/ptII/ptolemy/domains/continuous/test/auto/ContinuousWithinContinuous6.xml
----------------- Instantiating /home/travis/build/icyphy/ptII/ptolemy/domains/continuous/test/auto/ContinuousWithinContinuous6.xml
9 ms. Memory: 280576K Free: 191780K (68%)
----------------- Invoking toplevel() on ptolemy.moml.MoMLSimpleApplication@408dbe4
----------------- Done invoking toplevel() on ptolemy.moml.MoMLSimpleApplication@408dbe4
reloadAllAccessors: .ContinuousWithinContinuous6

===========================================================================================
----------------- testing Wed Apr 08 13:45:34 UTC 2020 /home/travis/build/icyphy/ptII/ptolemy/domains/continuous/test/auto/ContinuousWithinContinuous7.xml
----------------- Instantiating /home/travis/build/icyphy/ptII/ptolemy/domains/continuous/test/auto/ContinuousWithinContinuous7.xml
46 ms. Memory: 280576K Free: 180516K (64%)
----------------- Invoking toplevel() on ptolemy.moml.MoMLSimpleApplication@1dc90301
----------------- Done invoking toplevel() on ptolemy.moml.MoMLSimpleApplication@1dc90301
reloadAllAccessors: .ContinuousWithinContinuous7

===========================================================================================
----------------- testing Wed Apr 08 13:45:35 UTC 2020 /home/travis/build/icyphy/ptII/ptolemy/domains/continuous/test/auto/DCMotor.xml
----------------- Instantiating /home/travis/build/icyphy/ptII/ptolemy/domains/continuous/test/auto/DCMotor.xml
13765 ms. Memory: 280576K Free: 255395K (91%)
----------------- Invoking toplevel() on ptolemy.moml.MoMLSimpleApplication@aa10e6d
----------------- Done invoking toplevel() on ptolemy.moml.MoMLSimpleApplication@aa10e6d
reloadAllAccessors: .DCMotor

===========================================================================================
----------------- testing Wed Apr 08 13:45:48 UTC 2020 /home/travis/build/icyphy/ptII/ptolemy/domains/continuous/test/auto/DEInContinuous.xml
----------------- Instantiating /home/travis/build/icyphy/ptII/ptolemy/domains/continuous/test/auto/DEInContinuous.xml
15 ms. Memory: 280576K Free: 249251K (89%)
----------------- Invoking toplevel() on ptolemy.moml.MoMLSimpleApplication@3249c78a
----------------- Done invoking toplevel() on ptolemy.moml.MoMLSimpleApplication@3249c78a
reloadAllAccessors: .DEInContinuous

===========================================================================================
----------------- testing Wed Apr 08 13:45:48 UTC 2020 /home/travis/build/icyphy/ptII/ptolemy/domains/continuous/test/auto/DEinContinuous2.xml
----------------- Instantiating /home/travis/build/icyphy/ptII/ptolemy/domains/continuous/test/auto/DEinContinuous2.xml
8 ms. Memory: 280576K Free: 241059K (86%)
----------------- Invoking toplevel() on ptolemy.moml.MoMLSimpleApplication@6f41ce68
----------------- Done invoking toplevel() on ptolemy.moml.MoMLSimpleApplication@6f41ce68
reloadAllAccessors: .DEinContinuous2

===========================================================================================
----------------- testing Wed Apr 08 13:45:48 UTC 2020 /home/travis/build/icyphy/ptII/ptolemy/domains/continuous/test/auto/Derivative.xml
----------------- Instantiating /home/travis/build/icyphy/ptII/ptolemy/domains/continuous/test/auto/Derivative.xml
109 ms. Memory: 280576K Free: 211873K (76%)
----------------- Invoking toplevel() on ptolemy.moml.MoMLSimpleApplication@7c283d2e
----------------- Done invoking toplevel() on ptolemy.moml.MoMLSimpleApplication@7c283d2e
reloadAllAccessors: .Derivative2

===========================================================================================
----------------- testing Wed Apr 08 13:45:49 UTC 2020 /home/travis/build/icyphy/ptII/ptolemy/domains/continuous/test/auto/Derivative1.xml
----------------- Instantiating /home/travis/build/icyphy/ptII/ptolemy/domains/continuous/test/auto/Derivative1.xml
17 ms. Memory: 280576K Free: 197537K (70%)
----------------- Invoking toplevel() on ptolemy.moml.MoMLSimpleApplication@6c20064c
----------------- Done invoking toplevel() on ptolemy.moml.MoMLSimpleApplication@6c20064c
reloadAllAccessors: .Derivative1

===========================================================================================
----------------- testing Wed Apr 08 13:45:49 UTC 2020 /home/travis/build/icyphy/ptII/ptolemy/domains/continuous/test/auto/DiscreteClock.xml
----------------- Instantiating /home/travis/build/icyphy/ptII/ptolemy/domains/continuous/test/auto/DiscreteClock.xml
4 ms. Memory: 280576K Free: 192417K (69%)
----------------- Invoking toplevel() on ptolemy.moml.MoMLSimpleApplication@6e07d063
----------------- Done invoking toplevel() on ptolemy.moml.MoMLSimpleApplication@6e07d063
reloadAllAccessors: .DiscreteClock

===========================================================================================
----------------- testing Wed Apr 08 13:45:49 UTC 2020 /home/travis/build/icyphy/ptII/ptolemy/domains/continuous/test/auto/EfficiencyCurve.xml
----------------- Instantiating /home/travis/build/icyphy/ptII/ptolemy/domains/continuous/test/auto/EfficiencyCurve.xml
46 ms. Memory: 280576K Free: 183201K (65%)
----------------- Invoking toplevel() on ptolemy.moml.MoMLSimpleApplication@118f4c71
----------------- Done invoking toplevel() on ptolemy.moml.MoMLSimpleApplication@118f4c71
reloadAllAccessors: .EfficiencyCurve

===========================================================================================
----------------- testing Wed Apr 08 13:45:49 UTC 2020 /home/travis/build/icyphy/ptII/ptolemy/domains/continuous/test/auto/ExponentialResponse.xml
----------------- Instantiating /home/travis/build/icyphy/ptII/ptolemy/domains/continuous/test/auto/ExponentialResponse.xml
93 ms. Memory: 280576K Free: 167841K (60%)
----------------- Invoking toplevel() on ptolemy.moml.MoMLSimpleApplication@265c645a
----------------- Done invoking toplevel() on ptolemy.moml.MoMLSimpleApplication@265c645a
reloadAllAccessors: .ExponentialResponse

===========================================================================================
----------------- testing Wed Apr 08 13:45:49 UTC 2020 /home/travis/build/icyphy/ptII/ptolemy/domains/continuous/test/auto/ExponentialResponseRK45.xml
----------------- Instantiating /home/travis/build/icyphy/ptII/ptolemy/domains/continuous/test/auto/ExponentialResponseRK45.xml
23 ms. Memory: 280576K Free: 161187K (57%)
----------------- Invoking toplevel() on ptolemy.moml.MoMLSimpleApplication@237a8798
----------------- Done invoking toplevel() on ptolemy.moml.MoMLSimpleApplication@237a8798
reloadAllAccessors: .ExponentialResponseRK45

===========================================================================================
----------------- testing Wed Apr 08 13:45:49 UTC 2020 /home/travis/build/icyphy/ptII/ptolemy/domains/continuous/test/auto/Friction.xml
----------------- Instantiating /home/travis/build/icyphy/ptII/ptolemy/domains/continuous/test/auto/Friction.xml
1498 ms. Memory: 280576K Free: 240378K (86%)
----------------- Invoking toplevel() on ptolemy.moml.MoMLSimpleApplication@9377a2a
----------------- Done invoking toplevel() on ptolemy.moml.MoMLSimpleApplication@9377a2a
reloadAllAccessors: .Friction

===========================================================================================
----------------- testing Wed Apr 08 13:45:51 UTC 2020 /home/travis/build/icyphy/ptII/ptolemy/domains/continuous/test/auto/FurutaPendulum.xml
----------------- Instantiating /home/travis/build/icyphy/ptII/ptolemy/domains/continuous/test/auto/FurutaPendulum.xml
2876 ms. Memory: 280576K Free: 245055K (87%)
----------------- Invoking toplevel() on ptolemy.moml.MoMLSimpleApplication@6c19a403
----------------- Done invoking toplevel() on ptolemy.moml.MoMLSimpleApplication@6c19a403
reloadAllAccessors: .FurutaPendulum

===========================================================================================
----------------- testing Wed Apr 08 13:45:54 UTC 2020 /home/travis/build/icyphy/ptII/ptolemy/domains/continuous/test/auto/HierarchicalExecution.xml
----------------- Instantiating /home/travis/build/icyphy/ptII/ptolemy/domains/continuous/test/auto/HierarchicalExecution.xml
1539 ms. Memory: 280576K Free: 128629K (46%)
----------------- Invoking toplevel() on ptolemy.moml.MoMLSimpleApplication@70148b58
----------------- Done invoking toplevel() on ptolemy.moml.MoMLSimpleApplication@70148b58
reloadAllAccessors: .HierarchicalExecution

===========================================================================================
----------------- testing Wed Apr 08 13:45:55 UTC 2020 /home/travis/build/icyphy/ptII/ptolemy/domains/continuous/test/auto/HybridPlant.xml
----------------- Instantiating /home/travis/build/icyphy/ptII/ptolemy/domains/continuous/test/auto/HybridPlant.xml
491 ms. Memory: 280576K Free: 198075K (71%)
----------------- Invoking toplevel() on ptolemy.moml.MoMLSimpleApplication@3a5b404d
----------------- Done invoking toplevel() on ptolemy.moml.MoMLSimpleApplication@3a5b404d
reloadAllAccessors: .HybridPlant

===========================================================================================
----------------- testing Wed Apr 08 13:45:56 UTC 2020 /home/travis/build/icyphy/ptII/ptolemy/domains/continuous/test/auto/Hysteresis.xml
----------------- Instantiating /home/travis/build/icyphy/ptII/ptolemy/domains/continuous/test/auto/Hysteresis.xml
131 ms. Memory: 280576K Free: 136114K (49%)
----------------- Invoking toplevel() on ptolemy.moml.MoMLSimpleApplication@7130e4fa
----------------- Done invoking toplevel() on ptolemy.moml.MoMLSimpleApplication@7130e4fa
reloadAllAccessors: .Hysteresis

===========================================================================================
----------------- testing Wed Apr 08 13:45:56 UTC 2020 /home/travis/build/icyphy/ptII/ptolemy/domains/continuous/test/auto/HysteresisWithRandomDelay.xml
----------------- Instantiating /home/travis/build/icyphy/ptII/ptolemy/domains/continuous/test/auto/HysteresisWithRandomDelay.xml
164 ms. Memory: 280576K Free: 231946K (83%)
----------------- Invoking toplevel() on ptolemy.moml.MoMLSimpleApplication@4e22f58a
----------------- Done invoking toplevel() on ptolemy.moml.MoMLSimpleApplication@4e22f58a
reloadAllAccessors: .HysteresisWithRandomDelay

===========================================================================================
----------------- testing Wed Apr 08 13:45:56 UTC 2020 /home/travis/build/icyphy/ptII/ptolemy/domains/continuous/test/auto/HysteresisWithRandomLosses.xml
----------------- Instantiating /home/travis/build/icyphy/ptII/ptolemy/domains/continuous/test/auto/HysteresisWithRandomLosses.xml
2219 ms. Memory: 280576K Free: 158009K (56%)
----------------- Invoking toplevel() on ptolemy.moml.MoMLSimpleApplication@28f43e3
----------------- Done invoking toplevel() on ptolemy.moml.MoMLSimpleApplication@28f43e3
reloadAllAccessors: .HysteresisWithRandomLosses

===========================================================================================
----------------- testing Wed Apr 08 13:45:59 UTC 2020 /home/travis/build/icyphy/ptII/ptolemy/domains/continuous/test/auto/ImmediateTransitions.xml
----------------- Instantiating /home/travis/build/icyphy/ptII/ptolemy/domains/continuous/test/auto/ImmediateTransitions.xml
10 ms. Memory: 280576K Free: 147273K (52%)
----------------- Invoking toplevel() on ptolemy.moml.MoMLSimpleApplication@38ec2801
----------------- Done invoking toplevel() on ptolemy.moml.MoMLSimpleApplication@38ec2801
reloadAllAccessors: .ImmediateTransitions

===========================================================================================
----------------- testing Wed Apr 08 13:45:59 UTC 2020 /home/travis/build/icyphy/ptII/ptolemy/domains/continuous/test/auto/ImpulseFeedback.xml
----------------- Instantiating /home/travis/build/icyphy/ptII/ptolemy/domains/continuous/test/auto/ImpulseFeedback.xml
8 ms. Memory: 280576K Free: 141639K (50%)
----------------- Invoking toplevel() on ptolemy.moml.MoMLSimpleApplication@763b8bdb
----------------- Done invoking toplevel() on ptolemy.moml.MoMLSimpleApplication@763b8bdb
reloadAllAccessors: .ImpulseFeedback

===========================================================================================
----------------- testing Wed Apr 08 13:45:59 UTC 2020 /home/travis/build/icyphy/ptII/ptolemy/domains/continuous/test/auto/ImpulseFeedback2.xml
----------------- Instantiating /home/travis/build/icyphy/ptII/ptolemy/domains/continuous/test/auto/ImpulseFeedback2.xml
6 ms. Memory: 280576K Free: 136009K (48%)
----------------- Invoking toplevel() on ptolemy.moml.MoMLSimpleApplication@2656bce
----------------- Done invoking toplevel() on ptolemy.moml.MoMLSimpleApplication@2656bce
reloadAllAccessors: .ImpulseFeedback2

===========================================================================================
----------------- testing Wed Apr 08 13:45:59 UTC 2020 /home/travis/build/icyphy/ptII/ptolemy/domains/continuous/test/auto/IncreasingRatePoisson.xml
----------------- Instantiating /home/travis/build/icyphy/ptII/ptolemy/domains/continuous/test/auto/IncreasingRatePoisson.xml
651 ms. Memory: 280576K Free: 177413K (63%)
----------------- Invoking toplevel() on ptolemy.moml.MoMLSimpleApplication@2df0c2
----------------- Done invoking toplevel() on ptolemy.moml.MoMLSimpleApplication@2df0c2
reloadAllAccessors: .IncreasingRatePoisson

===========================================================================================
----------------- testing Wed Apr 08 13:45:59 UTC 2020 /home/travis/build/icyphy/ptII/ptolemy/domains/continuous/test/auto/InitialStateFeedback.xml
----------------- Instantiating /home/travis/build/icyphy/ptII/ptolemy/domains/continuous/test/auto/InitialStateFeedback.xml
4 ms. Memory: 280576K Free: 172821K (62%)
----------------- Invoking toplevel() on ptolemy.moml.MoMLSimpleApplication@29dc9d48
----------------- Done invoking toplevel() on ptolemy.moml.MoMLSimpleApplication@29dc9d48
reloadAllAccessors: .InitialStateFeedback

===========================================================================================
----------------- testing Wed Apr 08 13:45:59 UTC 2020 /home/travis/build/icyphy/ptII/ptolemy/domains/continuous/test/auto/Integration.xml
----------------- Instantiating /home/travis/build/icyphy/ptII/ptolemy/domains/continuous/test/auto/Integration.xml
4 ms. Memory: 280576K Free: 168725K (60%)
----------------- Invoking toplevel() on ptolemy.moml.MoMLSimpleApplication@1796bf87
----------------- Done invoking toplevel() on ptolemy.moml.MoMLSimpleApplication@1796bf87
reloadAllAccessors: .Integration

===========================================================================================
----------------- testing Wed Apr 08 13:45:59 UTC 2020 /home/travis/build/icyphy/ptII/ptolemy/domains/continuous/test/auto/Integration2.xml
----------------- Instantiating /home/travis/build/icyphy/ptII/ptolemy/domains/continuous/test/auto/Integration2.xml
69 ms. Memory: 280576K Free: 154389K (55%)
----------------- Invoking toplevel() on ptolemy.moml.MoMLSimpleApplication@20a11a1a
----------------- Done invoking toplevel() on ptolemy.moml.MoMLSimpleApplication@20a11a1a
reloadAllAccessors: .Integration2

===========================================================================================
----------------- testing Wed Apr 08 13:45:59 UTC 2020 /home/travis/build/icyphy/ptII/ptolemy/domains/continuous/test/auto/Integration3.xml
----------------- Instantiating /home/travis/build/icyphy/ptII/ptolemy/domains/continuous/test/auto/Integration3.xml
3 ms. Memory: 280576K Free: 149779K (53%)
----------------- Invoking toplevel() on ptolemy.moml.MoMLSimpleApplication@550915d5
----------------- Done invoking toplevel() on ptolemy.moml.MoMLSimpleApplication@550915d5
reloadAllAccessors: .Integration3

===========================================================================================
----------------- testing Wed Apr 08 13:45:59 UTC 2020 /home/travis/build/icyphy/ptII/ptolemy/domains/continuous/test/auto/Integration5.xml
----------------- Instantiating /home/travis/build/icyphy/ptII/ptolemy/domains/continuous/test/auto/Integration5.xml
2 ms. Memory: 280576K Free: 145683K (52%)
----------------- Invoking toplevel() on ptolemy.moml.MoMLSimpleApplication@781a8f57
----------------- Done invoking toplevel() on ptolemy.moml.MoMLSimpleApplication@781a8f57
reloadAllAccessors: .Integration5

===========================================================================================
----------------- testing Wed Apr 08 13:45:59 UTC 2020 /home/travis/build/icyphy/ptII/ptolemy/domains/continuous/test/auto/IntegratorImpulse.xml
----------------- Instantiating /home/travis/build/icyphy/ptII/ptolemy/domains/continuous/test/auto/IntegratorImpulse.xml
2 ms. Memory: 280576K Free: 141587K (50%)
----------------- Invoking toplevel() on ptolemy.moml.MoMLSimpleApplication@7d635ac9
----------------- Done invoking toplevel() on ptolemy.moml.MoMLSimpleApplication@7d635ac9
reloadAllAccessors: .IntegratorImpulse

===========================================================================================
----------------- testing Wed Apr 08 13:45:59 UTC 2020 /home/travis/build/icyphy/ptII/ptolemy/domains/continuous/test/auto/IntegratorImpulse2.xml
----------------- Instantiating /home/travis/build/icyphy/ptII/ptolemy/domains/continuous/test/auto/IntegratorImpulse2.xml
5 ms. Memory: 280576K Free: 136981K (49%)
----------------- Invoking toplevel() on ptolemy.moml.MoMLSimpleApplication@4e322f41
----------------- Done invoking toplevel() on ptolemy.moml.MoMLSimpleApplication@4e322f41
reloadAllAccessors: .IntegratorImpulse2

===========================================================================================
----------------- testing Wed Apr 08 13:46:00 UTC 2020 /home/travis/build/icyphy/ptII/ptolemy/domains/continuous/test/auto/LevelCrossing1.xml
----------------- Instantiating /home/travis/build/icyphy/ptII/ptolemy/domains/continuous/test/auto/LevelCrossing1.xml
2 ms. Memory: 280576K Free: 131861K (47%)
----------------- Invoking toplevel() on ptolemy.moml.MoMLSimpleApplication@72534a8f
----------------- Done invoking toplevel() on ptolemy.moml.MoMLSimpleApplication@72534a8f
reloadAllAccessors: .LevelCrossing1

===========================================================================================
----------------- testing Wed Apr 08 13:46:00 UTC 2020 /home/travis/build/icyphy/ptII/ptolemy/domains/continuous/test/auto/LevelCrossing2.xml
----------------- Instantiating /home/travis/build/icyphy/ptII/ptolemy/domains/continuous/test/auto/LevelCrossing2.xml
3 ms. Memory: 280576K Free: 126741K (45%)
----------------- Invoking toplevel() on ptolemy.moml.MoMLSimpleApplication@7a591883
----------------- Done invoking toplevel() on ptolemy.moml.MoMLSimpleApplication@7a591883
reloadAllAccessors: .LevelCrossing2

===========================================================================================
----------------- testing Wed Apr 08 13:46:00 UTC 2020 /home/travis/build/icyphy/ptII/ptolemy/domains/continuous/test/auto/LevelCrossing3.xml
----------------- Instantiating /home/travis/build/icyphy/ptII/ptolemy/domains/continuous/test/auto/LevelCrossing3.xml
2 ms. Memory: 280576K Free: 121621K (43%)
----------------- Invoking toplevel() on ptolemy.moml.MoMLSimpleApplication@410bac1e
----------------- Done invoking toplevel() on ptolemy.moml.MoMLSimpleApplication@410bac1e
reloadAllAccessors: .LevelCrossing3

===========================================================================================
----------------- testing Wed Apr 08 13:46:00 UTC 2020 /home/travis/build/icyphy/ptII/ptolemy/domains/continuous/test/auto/LevelCrossing4.xml
----------------- Instantiating /home/travis/build/icyphy/ptII/ptolemy/domains/continuous/test/auto/LevelCrossing4.xml
3 ms. Memory: 280576K Free: 116501K (42%)
----------------- Invoking toplevel() on ptolemy.moml.MoMLSimpleApplication@b3c289e
----------------- Done invoking toplevel() on ptolemy.moml.MoMLSimpleApplication@b3c289e
reloadAllAccessors: .LevelCrossing4

===========================================================================================
----------------- testing Wed Apr 08 13:46:00 UTC 2020 /home/travis/build/icyphy/ptII/ptolemy/domains/continuous/test/auto/LevelCrossing5.xml
----------------- Instantiating /home/travis/build/icyphy/ptII/ptolemy/domains/continuous/test/auto/LevelCrossing5.xml
3 ms. Memory: 280576K Free: 111381K (40%)
----------------- Invoking toplevel() on ptolemy.moml.MoMLSimpleApplication@2236c765
----------------- Done invoking toplevel() on ptolemy.moml.MoMLSimpleApplication@2236c765
reloadAllAccessors: .LevelCrossing5

===========================================================================================
[...]
----------------- testing Wed Apr 08 13:46:15 UTC 2020 /home/travis/build/icyphy/ptII/ptolemy/domains/continuous/test/auto/SRinContinuous.xml
----------------- Instantiating /home/travis/build/icyphy/ptII/ptolemy/domains/continuous/test/auto/SRinContinuous.xml
5 ms. Memory: 280576K Free: 203129K (72%)
----------------- Invoking toplevel() on ptolemy.moml.MoMLSimpleApplication@7c7054e8
----------------- Done invoking toplevel() on ptolemy.moml.MoMLSimpleApplication@7c7054e8
reloadAllAccessors: .SRinContinuous

===========================================================================================
----------------- testing Wed Apr 08 13:46:15 UTC 2020 /home/travis/build/icyphy/ptII/ptolemy/domains/continuous/test/auto/SampledClocks.xml
----------------- Instantiating /home/travis/build/icyphy/ptII/ptolemy/domains/continuous/test/auto/SampledClocks.xml
10 ms. Memory: 280576K Free: 190327K (68%)
----------------- Invoking toplevel() on ptolemy.moml.MoMLSimpleApplication@79229308
----------------- Done invoking toplevel() on ptolemy.moml.MoMLSimpleApplication@79229308
reloadAllAccessors: .SampledClocks

===========================================================================================
----------------- testing Wed Apr 08 13:46:15 UTC 2020 /home/travis/build/icyphy/ptII/ptolemy/domains/continuous/test/auto/Satellite.xml
----------------- Instantiating /home/travis/build/icyphy/ptII/ptolemy/domains/continuous/test/auto/Satellite.xml
720 ms. Memory: 280576K Free: 161367K (58%)
----------------- Invoking toplevel() on ptolemy.moml.MoMLSimpleApplication@152e7f3f
----------------- Done invoking toplevel() on ptolemy.moml.MoMLSimpleApplication@152e7f3f
reloadAllAccessors: .Satellite

===========================================================================================
----------------- testing Wed Apr 08 13:46:16 UTC 2020 /home/travis/build/icyphy/ptII/ptolemy/domains/continuous/test/auto/SigmaDelta.xml
----------------- Instantiating /home/travis/build/icyphy/ptII/ptolemy/domains/continuous/test/auto/SigmaDelta.xml
1798 ms. Memory: 280576K Free: 225554K (80%)
----------------- Invoking toplevel() on ptolemy.moml.MoMLSimpleApplication@3c230d7e
----------------- Done invoking toplevel() on ptolemy.moml.MoMLSimpleApplication@3c230d7e
reloadAllAccessors: .SigmaDelta

===========================================================================================
----------------- testing Wed Apr 08 13:46:18 UTC 2020 /home/travis/build/icyphy/ptII/ptolemy/domains/continuous/test/auto/SingleRefinement.xml
----------------- Instantiating /home/travis/build/icyphy/ptII/ptolemy/domains/continuous/test/auto/SingleRefinement.xml
278 ms. Memory: 280576K Free: 209669K (75%)
----------------- Invoking toplevel() on ptolemy.moml.MoMLSimpleApplication@32468ccf
----------------- Done invoking toplevel() on ptolemy.moml.MoMLSimpleApplication@32468ccf
reloadAllAccessors: .SingleRefinement

===========================================================================================
----------------- testing Wed Apr 08 13:46:18 UTC 2020 /home/travis/build/icyphy/ptII/ptolemy/domains/continuous/test/auto/SinuBouncingBall.xml
----------------- Instantiating /home/travis/build/icyphy/ptII/ptolemy/domains/continuous/test/auto/SinuBouncingBall.xml
731 ms. Memory: 280576K Free: 162281K (58%)
----------------- Invoking toplevel() on ptolemy.moml.MoMLSimpleApplication@349a1507
----------------- Done invoking toplevel() on ptolemy.moml.MoMLSimpleApplication@349a1507
reloadAllAccessors: .SinuBouncingBall

===========================================================================================
----------------- testing Wed Apr 08 13:46:19 UTC 2020 /home/travis/build/icyphy/ptII/ptolemy/domains/continuous/test/auto/Sinusoid.xml
----------------- Instantiating /home/travis/build/icyphy/ptII/ptolemy/domains/continuous/test/auto/Sinusoid.xml
4 ms. Memory: 280576K Free: 157675K (56%)
----------------- Invoking toplevel() on ptolemy.moml.MoMLSimpleApplication@102c1348
----------------- Done invoking toplevel() on ptolemy.moml.MoMLSimpleApplication@102c1348
reloadAllAccessors: .Sinusoid

===========================================================================================
----------------- testing Wed Apr 08 13:46:19 UTC 2020 /home/travis/build/icyphy/ptII/ptolemy/domains/continuous/test/auto/SinusoidInNoise.xml
----------------- Instantiating /home/travis/build/icyphy/ptII/ptolemy/domains/continuous/test/auto/SinusoidInNoise.xml
777 ms. Memory: 280576K Free: 189178K (67%)
----------------- Invoking toplevel() on ptolemy.moml.MoMLSimpleApplication@569f718e
----------------- Done invoking toplevel() on ptolemy.moml.MoMLSimpleApplication@569f718e
reloadAllAccessors: .SinusoidInNoise

===========================================================================================
----------------- testing Wed Apr 08 13:46:20 UTC 2020 /home/travis/build/icyphy/ptII/ptolemy/domains/continuous/test/auto/SinusoidRK45.xml
----------------- Instantiating /home/travis/build/icyphy/ptII/ptolemy/domains/continuous/test/auto/SinusoidRK45.xml
2 ms. Memory: 280576K Free: 184538K (66%)
----------------- Invoking toplevel() on ptolemy.moml.MoMLSimpleApplication@5b6357e8
----------------- Done invoking toplevel() on ptolemy.moml.MoMLSimpleApplication@5b6357e8
reloadAllAccessors: .SinusoidRK45

===========================================================================================
----------------- testing Wed Apr 08 13:46:20 UTC 2020 /home/travis/build/icyphy/ptII/ptolemy/domains/continuous/test/auto/SinusoidWithMultipleImpulses.xml
----------------- Instantiating /home/travis/build/icyphy/ptII/ptolemy/domains/continuous/test/auto/SinusoidWithMultipleImpulses.xml
2 ms. Memory: 280576K Free: 179962K (64%)
----------------- Invoking toplevel() on ptolemy.moml.MoMLSimpleApplication@14286d2f
----------------- Done invoking toplevel() on ptolemy.moml.MoMLSimpleApplication@14286d2f
reloadAllAccessors: .SinusoidWithMultipleImpulses

===========================================================================================
----------------- testing Wed Apr 08 13:46:20 UTC 2020 /home/travis/build/icyphy/ptII/ptolemy/domains/continuous/test/auto/SquareWave.xml
----------------- Instantiating /home/travis/build/icyphy/ptII/ptolemy/domains/continuous/test/auto/SquareWave.xml
139 ms. Memory: 280576K Free: 152314K (54%)
----------------- Invoking toplevel() on ptolemy.moml.MoMLSimpleApplication@690dfa82
----------------- Done invoking toplevel() on ptolemy.moml.MoMLSimpleApplication@690dfa82
reloadAllAccessors: .SquareWave

===========================================================================================
----------------- testing Wed Apr 08 13:46:20 UTC 2020 /home/travis/build/icyphy/ptII/ptolemy/domains/continuous/test/auto/Starmac.xml
----------------- Instantiating /home/travis/build/icyphy/ptII/ptolemy/domains/continuous/test/auto/Starmac.xml
3087 ms. Memory: 280576K Free: 168677K (60%)
----------------- Invoking toplevel() on ptolemy.moml.MoMLSimpleApplication@1f56bf0e
----------------- Done invoking toplevel() on ptolemy.moml.MoMLSimpleApplication@1f56bf0e
reloadAllAccessors: .Starmac

===========================================================================================
----------------- testing Wed Apr 08 13:46:23 UTC 2020 /home/travis/build/icyphy/ptII/ptolemy/domains/continuous/test/auto/StaticUnits.xml
----------------- Instantiating /home/travis/build/icyphy/ptII/ptolemy/domains/continuous/test/auto/StaticUnits.xml
1812 ms. Memory: 336896K Free: 253079K (75%)
----------------- Invoking toplevel() on ptolemy.moml.MoMLSimpleApplication@5a2b76b4
----------------- Done invoking toplevel() on ptolemy.moml.MoMLSimpleApplication@5a2b76b4
reloadAllAccessors: .StaticUnits

===========================================================================================
----------------- testing Wed Apr 08 13:46:26 UTC 2020 /home/travis/build/icyphy/ptII/ptolemy/domains/continuous/test/auto/StickyMasses.xml
----------------- Instantiating /home/travis/build/icyphy/ptII/ptolemy/domains/continuous/test/auto/StickyMasses.xml
124 ms. Memory: 336896K Free: 203927K (61%)
----------------- Invoking toplevel() on ptolemy.moml.MoMLSimpleApplication@3c3e8d98
----------------- Done invoking toplevel() on ptolemy.moml.MoMLSimpleApplication@3c3e8d98
reloadAllAccessors: .StickyMasses

===========================================================================================
----------------- testing Wed Apr 08 13:46:26 UTC 2020 /home/travis/build/icyphy/ptII/ptolemy/domains/continuous/test/auto/StopTime.xml
----------------- Instantiating /home/travis/build/icyphy/ptII/ptolemy/domains/continuous/test/auto/StopTime.xml
36 ms. Memory: 336896K Free: 178841K (53%)
----------------- Invoking toplevel() on ptolemy.moml.MoMLSimpleApplication@22972f3b
----------------- Done invoking toplevel() on ptolemy.moml.MoMLSimpleApplication@22972f3b
reloadAllAccessors: .StopTime

===========================================================================================
----------------- testing Wed Apr 08 13:46:26 UTC 2020 /home/travis/build/icyphy/ptII/ptolemy/domains/continuous/test/auto/StopTime2.xml
----------------- Instantiating /home/travis/build/icyphy/ptII/ptolemy/domains/continuous/test/auto/StopTime2.xml
36 ms. Memory: 336896K Free: 156809K (47%)
----------------- Invoking toplevel() on ptolemy.moml.MoMLSimpleApplication@6f56936f
----------------- Done invoking toplevel() on ptolemy.moml.MoMLSimpleApplication@6f56936f
reloadAllAccessors: .StopTime2

===========================================================================================
----------------- testing Wed Apr 08 13:46:26 UTC 2020 /home/travis/build/icyphy/ptII/ptolemy/domains/continuous/test/auto/Switch.xml
----------------- Instantiating /home/travis/build/icyphy/ptII/ptolemy/domains/continuous/test/auto/Switch.xml
91 ms. Memory: 336896K Free: 132241K (39%)
----------------- Invoking toplevel() on ptolemy.moml.MoMLSimpleApplication@320ee7fd
----------------- Done invoking toplevel() on ptolemy.moml.MoMLSimpleApplication@320ee7fd
reloadAllAccessors: .Switch

===========================================================================================
----------------- testing Wed Apr 08 13:46:26 UTC 2020 /home/travis/build/icyphy/ptII/ptolemy/domains/continuous/test/auto/Thermostat.xml
----------------- Instantiating /home/travis/build/icyphy/ptII/ptolemy/domains/continuous/test/auto/Thermostat.xml
251 ms. Memory: 336896K Free: 257266K (76%)
----------------- Invoking toplevel() on ptolemy.moml.MoMLSimpleApplication@22a3d8fa
----------------- Done invoking toplevel() on ptolemy.moml.MoMLSimpleApplication@22a3d8fa
reloadAllAccessors: .Thermostat

===========================================================================================
----------------- testing Wed Apr 08 13:46:26 UTC 2020 /home/travis/build/icyphy/ptII/ptolemy/domains/continuous/test/auto/TimeDelay.xml
----------------- Instantiating /home/travis/build/icyphy/ptII/ptolemy/domains/continuous/test/auto/TimeDelay.xml
5 ms. Memory: 336896K Free: 252544K (75%)
----------------- Invoking toplevel() on ptolemy.moml.MoMLSimpleApplication@2b6b0ee
----------------- Done invoking toplevel() on ptolemy.moml.MoMLSimpleApplication@2b6b0ee
reloadAllAccessors: .TimeDelay

===========================================================================================
----------------- testing Wed Apr 08 13:46:26 UTC 2020 /home/travis/build/icyphy/ptII/ptolemy/domains/continuous/test/auto/TimeDelay2.xml
----------------- Instantiating /home/travis/build/icyphy/ptII/ptolemy/domains/continuous/test/auto/TimeDelay2.xml
6 ms. Memory: 336896K Free: 242825K (72%)
----------------- Invoking toplevel() on ptolemy.moml.MoMLSimpleApplication@44fb2dee
----------------- Done invoking toplevel() on ptolemy.moml.MoMLSimpleApplication@44fb2dee
reloadAllAccessors: .TimeDelay2

===========================================================================================
----------------- testing Wed Apr 08 13:46:26 UTC 2020 /home/travis/build/icyphy/ptII/ptolemy/domains/continuous/test/auto/TimeDelay3.xml
----------------- Instantiating /home/travis/build/icyphy/ptII/ptolemy/domains/continuous/test/auto/TimeDelay3.xml
4 ms. Memory: 336896K Free: 238198K (71%)
----------------- Invoking toplevel() on ptolemy.moml.MoMLSimpleApplication@68f5050b
----------------- Done invoking toplevel() on ptolemy.moml.MoMLSimpleApplication@68f5050b
reloadAllAccessors: .TimeDelay3

===========================================================================================
----------------- testing Wed Apr 08 13:46:26 UTC 2020 /home/travis/build/icyphy/ptII/ptolemy/domains/continuous/test/auto/TransferAbsentToInside.xml
----------------- Instantiating /home/travis/build/icyphy/ptII/ptolemy/domains/continuous/test/auto/TransferAbsentToInside.xml
27 ms. Memory: 336896K Free: 184952K (55%)
----------------- Invoking toplevel() on ptolemy.moml.MoMLSimpleApplication@67af39f7
----------------- Done invoking toplevel() on ptolemy.moml.MoMLSimpleApplication@67af39f7
reloadAllAccessors: .TransferAbsentToInside

===========================================================================================
----------------- testing Wed Apr 08 13:46:26 UTC 2020 /home/travis/build/icyphy/ptII/ptolemy/domains/continuous/test/auto/Transmission.xml
----------------- Instantiating /home/travis/build/icyphy/ptII/ptolemy/domains/continuous/test/auto/Transmission.xml
735 ms. Memory: 336896K Free: 149639K (44%)
----------------- Invoking toplevel() on ptolemy.moml.MoMLSimpleApplication@6ed98bf7
----------------- Done invoking toplevel() on ptolemy.moml.MoMLSimpleApplication@6ed98bf7
reloadAllAccessors: .Transmission

===========================================================================================
----------------- testing Wed Apr 08 13:46:27 UTC 2020 /home/travis/build/icyphy/ptII/ptolemy/domains/continuous/test/auto/TriggeredContinuousClock.xml
----------------- Instantiating /home/travis/build/icyphy/ptII/ptolemy/domains/continuous/test/auto/TriggeredContinuousClock.xml
33 ms. Memory: 336896K Free: 120457K (36%)
----------------- Invoking toplevel() on ptolemy.moml.MoMLSimpleApplication@1340d882
----------------- Done invoking toplevel() on ptolemy.moml.MoMLSimpleApplication@1340d882
reloadAllAccessors: .TriggeredContinuousClock

===========================================================================================
----------------- testing Wed Apr 08 13:46:27 UTC 2020 /home/travis/build/icyphy/ptII/ptolemy/domains/continuous/test/auto/TwoMachineInfiniteBusControl.xml
----------------- Instantiating /home/travis/build/icyphy/ptII/ptolemy/domains/continuous/test/auto/TwoMachineInfiniteBusControl.xml
2461 ms. Memory: 336896K Free: 140885K (42%)
----------------- Invoking toplevel() on ptolemy.moml.MoMLSimpleApplication@69c94156
----------------- Done invoking toplevel() on ptolemy.moml.MoMLSimpleApplication@69c94156
reloadAllAccessors: .TwoMachineInfiniteBusControl

===========================================================================================
----------------- testing Wed Apr 08 13:46:30 UTC 2020 /home/travis/build/icyphy/ptII/ptolemy/domains/continuous/test/auto/V2V.xml
----------------- Instantiating /home/travis/build/icyphy/ptII/ptolemy/domains/continuous/test/auto/V2V.xml
602 ms. Memory: 336896K Free: 150092K (45%)
----------------- Invoking toplevel() on ptolemy.moml.MoMLSimpleApplication@2aadde38
----------------- Done invoking toplevel() on ptolemy.moml.MoMLSimpleApplication@2aadde38
reloadAllAccessors: .V2V

===========================================================================================
----------------- testing Wed Apr 08 13:46:31 UTC 2020 /home/travis/build/icyphy/ptII/ptolemy/domains/continuous/test/auto/hierarchicalModalModel.xml
----------------- Instantiating /home/travis/build/icyphy/ptII/ptolemy/domains/continuous/test/auto/hierarchicalModalModel.xml
13 ms. Memory: 336896K Free: 136252K (40%)
----------------- Invoking toplevel() on ptolemy.moml.MoMLSimpleApplication@551a21b3
----------------- Done invoking toplevel() on ptolemy.moml.MoMLSimpleApplication@551a21b3
reloadAllAccessors: .hierarchicalModalModel

===========================================================================================
----------------- testing Wed Apr 08 13:46:31 UTC 2020 /home/travis/build/icyphy/ptII/ptolemy/domains/continuous/test/auto/hierarchicalModalModel1.xml
----------------- Instantiating /home/travis/build/icyphy/ptII/ptolemy/domains/continuous/test/auto/hierarchicalModalModel1.xml
9 ms. Memory: 336896K Free: 121930K (36%)
----------------- Invoking toplevel() on ptolemy.moml.MoMLSimpleApplication@4651fbc
----------------- Done invoking toplevel() on ptolemy.moml.MoMLSimpleApplication@4651fbc
reloadAllAccessors: .hierarchicalModalModel1

===========================================================================================
----------------- testing Wed Apr 08 13:46:31 UTC 2020 /home/travis/build/icyphy/ptII/ptolemy/domains/continuous/test/auto/hierarchicalModalModel2.xml
----------------- Instantiating /home/travis/build/icyphy/ptII/ptolemy/domains/continuous/test/auto/hierarchicalModalModel2.xml
6 ms. Memory: 336896K Free: 305209K (91%)
----------------- Invoking toplevel() on ptolemy.moml.MoMLSimpleApplication@e725a2
----------------- Done invoking toplevel() on ptolemy.moml.MoMLSimpleApplication@e725a2
reloadAllAccessors: .hierarchicalModalModel2

===========================================================================================
----------------- testing Wed Apr 08 13:46:31 UTC 2020 /home/travis/build/icyphy/ptII/ptolemy/domains/continuous/test/auto/hierarchicalModalModel3.xml
----------------- Instantiating /home/travis/build/icyphy/ptII/ptolemy/domains/continuous/test/auto/hierarchicalModalModel3.xml
5 ms. Memory: 336896K Free: 294474K (87%)
----------------- Invoking toplevel() on ptolemy.moml.MoMLSimpleApplication@4fc6d5b6
----------------- Done invoking toplevel() on ptolemy.moml.MoMLSimpleApplication@4fc6d5b6
reloadAllAccessors: .hierarchicalModalModel3

===========================================================================================
----------------- testing Wed Apr 08 13:46:31 UTC 2020 /home/travis/build/icyphy/ptII/ptolemy/domains/continuous/test/auto/hierarchicalModalModel4.xml
----------------- Instantiating /home/travis/build/icyphy/ptII/ptolemy/domains/continuous/test/auto/hierarchicalModalModel4.xml
5 ms. Memory: 336896K Free: 282696K (84%)
----------------- Invoking toplevel() on ptolemy.moml.MoMLSimpleApplication@5be5cb93
----------------- Done invoking toplevel() on ptolemy.moml.MoMLSimpleApplication@5be5cb93
reloadAllAccessors: .hierarchicalModalModel4

===========================================================================================
----------------- testing Wed Apr 08 13:46:31 UTC 2020 /home/travis/build/icyphy/ptII/ptolemy/domains/continuous/test/auto/junk.xml
----------------- Instantiating /home/travis/build/icyphy/ptII/ptolemy/domains/continuous/test/auto/junk.xml
110 ms. Memory: 336896K Free: 255048K (76%)
----------------- Invoking toplevel() on ptolemy.moml.MoMLSimpleApplication@299487ea
----------------- Done invoking toplevel() on ptolemy.moml.MoMLSimpleApplication@299487ea
reloadAllAccessors: .junk
AutoTests.java: About to close Vertx.
AutoTests.java: Vertx closed.
]]></system-out>
  <system-err><![CDATA[Warning: '.HysteresisWithRandomDelay.NonStrictTest3' The test produced only 15 tokens, yet the correctValues parameter was expecting 30 tokens.
Warning: '.IncreasingRatePoisson.NonStrictTest' The test produced only 375 tokens, yet the correctValues parameter was expecting 402 tokens.
Warning: '.Poisson.NonStrictTest' The test produced only 423 tokens, yet the correctValues parameter was expecting 430 tokens.
]]></system-err>
</testsuite>
