<?xml version="1.0" encoding="UTF-8" ?>
<testsuite errors="0" failures="0" hostname="travis-job-bcb375b0-ab96-4265-8ebb-8a32541e48ea" name="ptolemy.domains.de.test.junit.JUnitTclTest" skipped="0" tests="101" time="124.413" timestamp="2020-09-16T15:42:34">
  <properties>
[...]
</properties>
  <testcase classname="ptolemy.util.test.junit.TclTests" name="[0] /home/travis/build/icyphy/ptII/ptolemy/domains/de/test/DependencyLoop.tcl (RunTclFile)" time="1.047" />
  <testcase classname="ptolemy.util.test.junit.TclTests" name="[1] /home/travis/build/icyphy/ptII/ptolemy/domains/de/test/RunDETestsAsQSS.tcl (RunTclFile)" time="83.929" />
  <testcase classname="ptolemy.util.test.junit.AutoKnownFailedTests" name="[0] /home/travis/build/icyphy/ptII/ptolemy/domains/de/test/auto/knownFailedTests/DESDFClockTest.xml (RunModel)" time="2.039" />
  <testcase classname="ptolemy.util.test.junit.AutoKnownFailedTests" name="[1] /home/travis/build/icyphy/ptII/ptolemy/domains/de/test/auto/knownFailedTests/DirectFeedback.xml (RunModel)" time="0.039" />
  <testcase classname="ptolemy.util.test.junit.AutoKnownFailedTests" name="[2] /home/travis/build/icyphy/ptII/ptolemy/domains/de/test/auto/knownFailedTests/FSMSource.xml (RunModel)" time="0.024" />
  <testcase classname="ptolemy.util.test.junit.AutoKnownFailedTests" name="[3] /home/travis/build/icyphy/ptII/ptolemy/domains/de/test/auto/knownFailedTests/HierarchicalModel.xml (RunModel)" time="0.042" />
  <testcase classname="ptolemy.util.test.junit.AutoKnownFailedTests" name="[4] /home/travis/build/icyphy/ptII/ptolemy/domains/de/test/auto/knownFailedTests/dependencyLoop.xml (RunModel)" time="0.043" />
  <testcase classname="ptolemy.util.test.junit.AutoKnownFailedTests" name="[5] /home/travis/build/icyphy/ptII/ptolemy/domains/de/test/auto/knownFailedTests/dependencyLoop2.xml (RunModel)" time="0.046" />
  <testcase classname="ptolemy.util.test.junit.AutoNameArchTests" name="[0] ThereAreNoAutoArchTests (RunModel)" time="0.001" />
  <testcase classname="ptolemy.util.test.junit.AutoTests" name="[0] /home/travis/build/icyphy/ptII/ptolemy/domains/de/test/auto/ActorDepthCalculation_actorWithoutPorts.xml (RunModel)" time="0.023" />
  <testcase classname="ptolemy.util.test.junit.AutoTests" name="[1] /home/travis/build/icyphy/ptII/ptolemy/domains/de/test/auto/AssemblyLine.xml (RunModel)" time="0.027" />
  <testcase classname="ptolemy.util.test.junit.AutoTests" name="[2] /home/travis/build/icyphy/ptII/ptolemy/domains/de/test/auto/CQBug1.xml (RunModel)" time="0.012" />
  <testcase classname="ptolemy.util.test.junit.AutoTests" name="[3] /home/travis/build/icyphy/ptII/ptolemy/domains/de/test/auto/CancelFireAt.xml (RunModel)" time="0.013" />
  <testcase classname="ptolemy.util.test.junit.AutoTests" name="[4] /home/travis/build/icyphy/ptII/ptolemy/domains/de/test/auto/CausalityAndComposabilityAnalysis.xml (RunModel)" time="0.013" />
  <testcase classname="ptolemy.util.test.junit.AutoTests" name="[5] /home/travis/build/icyphy/ptII/ptolemy/domains/de/test/auto/CausalityInterface1.xml (RunModel)" time="0.017" />
  <testcase classname="ptolemy.util.test.junit.AutoTests" name="[6] /home/travis/build/icyphy/ptII/ptolemy/domains/de/test/auto/CausalityInterface15.xml (RunModel)" time="0.024" />
  <testcase classname="ptolemy.util.test.junit.AutoTests" name="[7] /home/travis/build/icyphy/ptII/ptolemy/domains/de/test/auto/CausalityInterface2.xml (RunModel)" time="0.02" />
  <testcase classname="ptolemy.util.test.junit.AutoTests" name="[8] /home/travis/build/icyphy/ptII/ptolemy/domains/de/test/auto/CausalityInterface3.xml (RunModel)" time="0.019" />
  <testcase classname="ptolemy.util.test.junit.AutoTests" name="[9] /home/travis/build/icyphy/ptII/ptolemy/domains/de/test/auto/ClockDrift.xml (RunModel)" time="0.039" />
  <testcase classname="ptolemy.util.test.junit.AutoTests" name="[10] /home/travis/build/icyphy/ptII/ptolemy/domains/de/test/auto/ClockDriftAndValueChange.xml (RunModel)" time="0.034" />
  <testcase classname="ptolemy.util.test.junit.AutoTests" name="[11] /home/travis/build/icyphy/ptII/ptolemy/domains/de/test/auto/ClockDriftChange.xml (RunModel)" time="0.036" />
  <testcase classname="ptolemy.util.test.junit.AutoTests" name="[12] /home/travis/build/icyphy/ptII/ptolemy/domains/de/test/auto/ComposableCausalityAnalysis.xml (RunModel)" time="0.018" />
  <testcase classname="ptolemy.util.test.junit.AutoTests" name="[13] /home/travis/build/icyphy/ptII/ptolemy/domains/de/test/auto/DEFixedPointLimitation.xml (RunModel)" time="0.009" />
  <testcase classname="ptolemy.util.test.junit.AutoTests" name="[14] /home/travis/build/icyphy/ptII/ptolemy/domains/de/test/auto/DEScheduleTest.xml (RunModel)" time="0.017" />
  <testcase classname="ptolemy.util.test.junit.AutoTests" name="[15] /home/travis/build/icyphy/ptII/ptolemy/domains/de/test/auto/DEinDEwithStartTimes.xml (RunModel)" time="0.016" />
  <testcase classname="ptolemy.util.test.junit.AutoTests" name="[16] /home/travis/build/icyphy/ptII/ptolemy/domains/de/test/auto/DEinDEwithStartTimes2.xml (RunModel)" time="0.026" />
  <testcase classname="ptolemy.util.test.junit.AutoTests" name="[17] /home/travis/build/icyphy/ptII/ptolemy/domains/de/test/auto/DateDemo.xml (RunModel)" time="0.038" />
  <testcase classname="ptolemy.util.test.junit.AutoTests" name="[18] /home/travis/build/icyphy/ptII/ptolemy/domains/de/test/auto/DateToEvent.xml (RunModel)" time="2.043" />
  <testcase classname="ptolemy.util.test.junit.AutoTests" name="[19] /home/travis/build/icyphy/ptII/ptolemy/domains/de/test/auto/DepthTest1.xml (RunModel)" time="0.012" />
  <testcase classname="ptolemy.util.test.junit.AutoTests" name="[20] /home/travis/build/icyphy/ptII/ptolemy/domains/de/test/auto/DepthTest2.xml (RunModel)" time="0.02" />
  <testcase classname="ptolemy.util.test.junit.AutoTests" name="[21] /home/travis/build/icyphy/ptII/ptolemy/domains/de/test/auto/DepthTest3.xml (RunModel)" time="0.01" />
  <testcase classname="ptolemy.util.test.junit.AutoTests" name="[22] /home/travis/build/icyphy/ptII/ptolemy/domains/de/test/auto/DepthTest4.xml (RunModel)" time="0.021" />
  <testcase classname="ptolemy.util.test.junit.AutoTests" name="[23] /home/travis/build/icyphy/ptII/ptolemy/domains/de/test/auto/DepthTest5.xml (RunModel)" time="0.019" />
  <testcase classname="ptolemy.util.test.junit.AutoTests" name="[24] /home/travis/build/icyphy/ptII/ptolemy/domains/de/test/auto/DepthTest6.xml (RunModel)" time="0.015" />
  <testcase classname="ptolemy.util.test.junit.AutoTests" name="[25] /home/travis/build/icyphy/ptII/ptolemy/domains/de/test/auto/DepthTest7.xml (RunModel)" time="0.013" />
  <testcase classname="ptolemy.util.test.junit.AutoTests" name="[26] /home/travis/build/icyphy/ptII/ptolemy/domains/de/test/auto/EventToDate.xml (RunModel)" time="3.035" />
  <testcase classname="ptolemy.util.test.junit.AutoTests" name="[27] /home/travis/build/icyphy/ptII/ptolemy/domains/de/test/auto/FSM1.xml (RunModel)" time="0.057" />
  <testcase classname="ptolemy.util.test.junit.AutoTests" name="[28] /home/travis/build/icyphy/ptII/ptolemy/domains/de/test/auto/FSM7.xml (RunModel)" time="0.047" />
  <testcase classname="ptolemy.util.test.junit.AutoTests" name="[29] /home/travis/build/icyphy/ptII/ptolemy/domains/de/test/auto/Inspection.xml (RunModel)" time="0.04" />
  <testcase classname="ptolemy.util.test.junit.AutoTests" name="[30] /home/travis/build/icyphy/ptII/ptolemy/domains/de/test/auto/Iteration.xml (RunModel)" time="0.026" />
  <testcase classname="ptolemy.util.test.junit.AutoTests" name="[31] /home/travis/build/icyphy/ptII/ptolemy/domains/de/test/auto/LineFault.xml (RunModel)" time="0.54" />
  <testcase classname="ptolemy.util.test.junit.AutoTests" name="[32] /home/travis/build/icyphy/ptII/ptolemy/domains/de/test/auto/MergeModel1Add.xml (RunModel)" time="0.049" />
  <testcase classname="ptolemy.util.test.junit.AutoTests" name="[33] /home/travis/build/icyphy/ptII/ptolemy/domains/de/test/auto/MergeModel2Add.xml (RunModel)" time="0.037" />
  <testcase classname="ptolemy.util.test.junit.AutoTests" name="[34] /home/travis/build/icyphy/ptII/ptolemy/domains/de/test/auto/MergeModel3Add.xml (RunModel)" time="0.046" />
  <testcase classname="ptolemy.util.test.junit.AutoTests" name="[35] /home/travis/build/icyphy/ptII/ptolemy/domains/de/test/auto/MergeWithoutDiscard.xml (RunModel)" time="0.011" />
  <testcase classname="ptolemy.util.test.junit.AutoTests" name="[36] /home/travis/build/icyphy/ptII/ptolemy/domains/de/test/auto/Modal1.xml (RunModel)" time="0.035" />
  <testcase classname="ptolemy.util.test.junit.AutoTests" name="[37] /home/travis/build/icyphy/ptII/ptolemy/domains/de/test/auto/Modal2.xml (RunModel)" time="0.027" />
  <testcase classname="ptolemy.util.test.junit.AutoTests" name="[38] /home/travis/build/icyphy/ptII/ptolemy/domains/de/test/auto/Modal3.xml (RunModel)" time="0.034" />
  <testcase classname="ptolemy.util.test.junit.AutoTests" name="[39] /home/travis/build/icyphy/ptII/ptolemy/domains/de/test/auto/Modal4.xml (RunModel)" time="0.032" />
  <testcase classname="ptolemy.util.test.junit.AutoTests" name="[40] /home/travis/build/icyphy/ptII/ptolemy/domains/de/test/auto/Modal5.xml (RunModel)" time="0.028" />
  <testcase classname="ptolemy.util.test.junit.AutoTests" name="[41] /home/travis/build/icyphy/ptII/ptolemy/domains/de/test/auto/Modal6.xml (RunModel)" time="0.028" />
  <testcase classname="ptolemy.util.test.junit.AutoTests" name="[42] /home/travis/build/icyphy/ptII/ptolemy/domains/de/test/auto/Modal7.xml (RunModel)" time="0.03" />
  <testcase classname="ptolemy.util.test.junit.AutoTests" name="[43] /home/travis/build/icyphy/ptII/ptolemy/domains/de/test/auto/ModalModel.xml (RunModel)" time="0.188" />
  <testcase classname="ptolemy.util.test.junit.AutoTests" name="[44] /home/travis/build/icyphy/ptII/ptolemy/domains/de/test/auto/ModalSource.xml (RunModel)" time="0.021" />
  <testcase classname="ptolemy.util.test.junit.AutoTests" name="[45] /home/travis/build/icyphy/ptII/ptolemy/domains/de/test/auto/NonInterruptibleTimerZeroDelay.xml (RunModel)" time="0.01" />
  <testcase classname="ptolemy.util.test.junit.AutoTests" name="[46] /home/travis/build/icyphy/ptII/ptolemy/domains/de/test/auto/OpenQueueingNetwork.xml (RunModel)" time="2.301" />
  <testcase classname="ptolemy.util.test.junit.AutoTests" name="[47] /home/travis/build/icyphy/ptII/ptolemy/domains/de/test/auto/OpenQueuingNetwork.xml (RunModel)" time="0.264" />
  <testcase classname="ptolemy.util.test.junit.AutoTests" name="[48] /home/travis/build/icyphy/ptII/ptolemy/domains/de/test/auto/PeriodicSampler.xml (RunModel)" time="0.009" />
  <testcase classname="ptolemy.util.test.junit.AutoTests" name="[49] /home/travis/build/icyphy/ptII/ptolemy/domains/de/test/auto/PersistentIO.xml (RunModel)" time="0.031" />
  <testcase classname="ptolemy.util.test.junit.AutoTests" name="[50] /home/travis/build/icyphy/ptII/ptolemy/domains/de/test/auto/PortParameterResetOnInitialize.xml (RunModel)" time="0.012" />
  <testcase classname="ptolemy.util.test.junit.AutoTests" name="[51] /home/travis/build/icyphy/ptII/ptolemy/domains/de/test/auto/PortParameterUpdates.xml (RunModel)" time="0.014" />
  <testcase classname="ptolemy.util.test.junit.AutoTests" name="[52] /home/travis/build/icyphy/ptII/ptolemy/domains/de/test/auto/QueueAndServer.xml (RunModel)" time="0.02" />
  <testcase classname="ptolemy.util.test.junit.AutoTests" name="[53] /home/travis/build/icyphy/ptII/ptolemy/domains/de/test/auto/Records.xml (RunModel)" time="0.015" />
  <testcase classname="ptolemy.util.test.junit.AutoTests" name="[54] /home/travis/build/icyphy/ptII/ptolemy/domains/de/test/auto/ResetTransitionWithStartTime1.xml (RunModel)" time="0.024" />
  <testcase classname="ptolemy.util.test.junit.AutoTests" name="[55] /home/travis/build/icyphy/ptII/ptolemy/domains/de/test/auto/ResetTransitionWithStartTime2.xml (RunModel)" time="0.024" />
  <testcase classname="ptolemy.util.test.junit.AutoTests" name="[56] /home/travis/build/icyphy/ptII/ptolemy/domains/de/test/auto/ResetTransitionWithStartTime3.xml (RunModel)" time="0.019" />
  <testcase classname="ptolemy.util.test.junit.AutoTests" name="[57] /home/travis/build/icyphy/ptII/ptolemy/domains/de/test/auto/ResetTransitionWithStartTime4.xml (RunModel)" time="0.021" />
  <testcase classname="ptolemy.util.test.junit.AutoTests" name="[58] /home/travis/build/icyphy/ptII/ptolemy/domains/de/test/auto/ResettableTimer1.xml (RunModel)" time="0.011" />
  <testcase classname="ptolemy.util.test.junit.AutoTests" name="[59] /home/travis/build/icyphy/ptII/ptolemy/domains/de/test/auto/ResettableTimer2.xml (RunModel)" time="0.015" />
  <testcase classname="ptolemy.util.test.junit.AutoTests" name="[60] /home/travis/build/icyphy/ptII/ptolemy/domains/de/test/auto/ResettableTimer3.xml (RunModel)" time="0.011" />
  <testcase classname="ptolemy.util.test.junit.AutoTests" name="[61] /home/travis/build/icyphy/ptII/ptolemy/domains/de/test/auto/ResettableTimer4.xml (RunModel)" time="0.015" />
  <testcase classname="ptolemy.util.test.junit.AutoTests" name="[62] /home/travis/build/icyphy/ptII/ptolemy/domains/de/test/auto/ResettableTimer5.xml (RunModel)" time="0.011" />
  <testcase classname="ptolemy.util.test.junit.AutoTests" name="[63] /home/travis/build/icyphy/ptII/ptolemy/domains/de/test/auto/ResettableTimer6.xml (RunModel)" time="0.018" />
  <testcase classname="ptolemy.util.test.junit.AutoTests" name="[64] /home/travis/build/icyphy/ptII/ptolemy/domains/de/test/auto/ServerZeroDelay.xml (RunModel)" time="0.011" />
  <testcase classname="ptolemy.util.test.junit.AutoTests" name="[65] /home/travis/build/icyphy/ptII/ptolemy/domains/de/test/auto/SmartSender.xml (RunModel)" time="3.009" />
  <testcase classname="ptolemy.util.test.junit.AutoTests" name="[66] /home/travis/build/icyphy/ptII/ptolemy/domains/de/test/auto/ThreadedComposite.xml (RunModel)" time="0.122" />
  <testcase classname="ptolemy.util.test.junit.AutoTests" name="[67] /home/travis/build/icyphy/ptII/ptolemy/domains/de/test/auto/Time.xml (RunModel)" time="0.369" />
  <testcase classname="ptolemy.util.test.junit.AutoTests" name="[68] /home/travis/build/icyphy/ptII/ptolemy/domains/de/test/auto/TimeDelayZeroDelay.xml (RunModel)" time="0.013" />
  <testcase classname="ptolemy.util.test.junit.AutoTests" name="[69] /home/travis/build/icyphy/ptII/ptolemy/domains/de/test/auto/TimerZeroDelay.xml (RunModel)" time="0.016" />
  <testcase classname="ptolemy.util.test.junit.AutoTests" name="[70] /home/travis/build/icyphy/ptII/ptolemy/domains/de/test/auto/TimingParadox.xml (RunModel)" time="0.381" />
  <testcase classname="ptolemy.util.test.junit.AutoTests" name="[71] /home/travis/build/icyphy/ptII/ptolemy/domains/de/test/auto/TransferInputs.xml (RunModel)" time="0.014" />
  <testcase classname="ptolemy.util.test.junit.AutoTests" name="[72] /home/travis/build/icyphy/ptII/ptolemy/domains/de/test/auto/TransferOutputs2.xml (RunModel)" time="0.016" />
  <testcase classname="ptolemy.util.test.junit.AutoTests" name="[73] /home/travis/build/icyphy/ptII/ptolemy/domains/de/test/auto/Trilateration.xml (RunModel)" time="11.027" />
  <testcase classname="ptolemy.util.test.junit.AutoTests" name="[74] /home/travis/build/icyphy/ptII/ptolemy/domains/de/test/auto/TwoSigmaDelta.xml (RunModel)" time="1.846" />
  <testcase classname="ptolemy.util.test.junit.AutoTests" name="[75] /home/travis/build/icyphy/ptII/ptolemy/domains/de/test/auto/VariableDelay.xml (RunModel)" time="0.014" />
  <testcase classname="ptolemy.util.test.junit.AutoTests" name="[76] /home/travis/build/icyphy/ptII/ptolemy/domains/de/test/auto/VariableDelay2.xml (RunModel)" time="0.013" />
  <testcase classname="ptolemy.util.test.junit.AutoTests" name="[77] /home/travis/build/icyphy/ptII/ptolemy/domains/de/test/auto/VariableDelayZeroDelay.xml (RunModel)" time="0.011" />
  <testcase classname="ptolemy.util.test.junit.AutoTests" name="[78] /home/travis/build/icyphy/ptII/ptolemy/domains/de/test/auto/VariableDelayZeroDelay2.xml (RunModel)" time="0.008" />
  <testcase classname="ptolemy.util.test.junit.AutoTests" name="[79] /home/travis/build/icyphy/ptII/ptolemy/domains/de/test/auto/deInCt.xml (RunModel)" time="0.015" />
  <testcase classname="ptolemy.util.test.junit.AutoTests" name="[80] /home/travis/build/icyphy/ptII/ptolemy/domains/de/test/auto/deInCt2.xml (RunModel)" time="0.017" />
  <testcase classname="ptolemy.util.test.junit.AutoTests" name="[81] /home/travis/build/icyphy/ptII/ptolemy/domains/de/test/auto/dynamicCausalityInterface1.xml (RunModel)" time="0.017" />
  <testcase classname="ptolemy.util.test.junit.AutoTests" name="[82] /home/travis/build/icyphy/ptII/ptolemy/domains/de/test/auto/fsm_de_test.xml (RunModel)" time="0.039" />
  <testcase classname="ptolemy.util.test.junit.AutoTests" name="[83] /home/travis/build/icyphy/ptII/ptolemy/domains/de/test/auto/functionDependencyReconstruction.xml (RunModel)" time="0.032" />
  <testcase classname="ptolemy.util.test.junit.AutoTests" name="[84] /home/travis/build/icyphy/ptII/ptolemy/domains/de/test/auto/multirate.xml (RunModel)" time="0.016" />
  <testcase classname="ptolemy.util.test.junit.AutoTests" name="[85] /home/travis/build/icyphy/ptII/ptolemy/domains/de/test/auto/multirate2.xml (RunModel)" time="0.02" />
  <testcase classname="ptolemy.util.test.junit.AutoTests" name="[86] /home/travis/build/icyphy/ptII/ptolemy/domains/de/test/auto/realtime.xml (RunModel)" time="10.011" />
  <testcase classname="ptolemy.util.test.junit.AutoTests" name="[87] /home/travis/build/icyphy/ptII/ptolemy/domains/de/test/auto/relationGroup.xml (RunModel)" time="0.023" />
  <testcase classname="ptolemy.util.test.junit.AutoTests" name="[88] /home/travis/build/icyphy/ptII/ptolemy/domains/de/test/auto/relationGroup2.xml (RunModel)" time="0.009" />
  <testcase classname="ptolemy.util.test.junit.AutoTests" name="[89] /home/travis/build/icyphy/ptII/ptolemy/domains/de/test/auto/sortWithOpaquePorts.xml (RunModel)" time="0.015" />
  <testcase classname="ptolemy.util.test.junit.AutoTests" name="[90] /home/travis/build/icyphy/ptII/ptolemy/domains/de/test/auto/transferInputsandOutputs.xml (RunModel)" time="0.023" />
  <testcase classname="ptolemy.util.test.junit.AutoTests" name="[91] /home/travis/build/icyphy/ptII/ptolemy/domains/de/test/auto/triggerType.xml (RunModel)" time="0.013" />
  <system-out><![CDATA[/home/travis/build/icyphy/ptII/ptolemy/domains/de/test/DependencyLoop.tcl
testDefs.tcl: setting time out to 9000 seconds at Wed Sep 16 15:42:34 UTC 2020
72 ms. Memory: 129024K Free: 78667K (61%)
26 ms. Memory: 129024K Free: 61754K (48%)
/home/travis/build/icyphy/ptII/ptolemy/domains/de/test/RunDETestsAsQSS.tcl
Run the DE tests using ptolemy.domains.qss.test.QSSDirectorTest, which extends QSSDirector and prints a message in the constructors.
------------------ testing $PTII/ptolemy/domains/de/test/auto/knownFailedTests/DirectFeedback.xml (Known Failure) 
62 ms. Memory: 129024K Free: 55625K (43%)


==== $PTIIhome/travis/build/icyphy/ptII/ptolemy/domains/de/test/../../../../: Auto Automatic test in file $PTII/ptolemy/domains/de/test/auto/knownFailedTests/DirectFeedback.xml
==== Contents of test case:

	    # FIXME: we should use $relativeFilename here, but it
	    # might have backslashes under Windows, which causes no end
	    # of trouble.
	    createAndExecute $file
	    list {}
	
.... Test generated KNOWN error:
    while executing
ptolemy.kernel.util.IllegalActionException: Test fails in iteration 1.
Value was: 1.0. Should have been: 2.0
  in .DirectFeedback.Test
	at ptolemy.actor.lib.Test.fire(Test.java:268)
	at ptolemy.domains.de.kernel.DEDirector._fire(DEDirector.java:1949)
	at ptolemy.domains.de.kernel.DEDirector.fire(DEDirector.java:502)
	at ptolemy.actor.CompositeActor.fire(CompositeActor.java:455)
	at ptolemy.actor.Manager.iterate(Manager.java:851)
	at ptolemy.actor.Manager.execute(Manager.java:369)
	at ptolemy.actor.Manager.run(Manager.java:1263)
	at ptolemy.actor.Manager$PtolemyRunThread.run(Manager.java:1933)

    while executing
ptolemy.kernel.util.IllegalActionException: Test fails in iteration 1.
Value was: 1.0. Should have been: 2.0
  in .DirectFeedback.Test
    while executing
"java::new ptolemy.moml.MoMLSimpleApplication $file
"
    (procedure "createAndExecute" line 2)
    invoked from within
"createAndExecute $file"
    ("uplevel" body line 5)
    invoked from within
"uplevel $contents_of_test"
------------------ testing $PTII/ptolemy/domains/de/test/auto/knownFailedTests/dependencyLoop.xml (Known Failure) 
17 ms. Memory: 129024K Free: 52553K (41%)


==== $PTIIhome/travis/build/icyphy/ptII/ptolemy/domains/de/test/../../../../: Auto Automatic test in file $PTII/ptolemy/domains/de/test/auto/knownFailedTests/dependencyLoop.xml
==== Contents of test case:

	    # FIXME: we should use $relativeFilename here, but it
	    # might have backslashes under Windows, which causes no end
	    # of trouble.
	    createAndExecute $file
	    list {}
	
.... Test generated KNOWN error:
    while executing
ptolemy.kernel.util.IllegalActionException: Found a zero delay loop containing .dependencyLoop.original
  in .dependencyLoop and .dependencyLoop.original
	at ptolemy.actor.util.CausalityInterfaceForComposites._computeOutputPortDepth(CausalityInterfaceForComposites.java:759)
	at ptolemy.actor.util.CausalityInterfaceForComposites._computeInputDepth(CausalityInterfaceForComposites.java:696)
	at ptolemy.actor.util.CausalityInterfaceForComposites._computeOutputPortDepth(CausalityInterfaceForComposites.java:765)
	at ptolemy.actor.util.CausalityInterfaceForComposites._computeInputDepth(CausalityInterfaceForComposites.java:696)
	at ptolemy.actor.util.CausalityInterfaceForComposites._computeOutputPortDepth(CausalityInterfaceForComposites.java:765)
	at ptolemy.actor.util.CausalityInterfaceForComposites._computeInputDepth(CausalityInterfaceForComposites.java:696)
	at ptolemy.actor.util.CausalityInterfaceForComposites._computeActorDepth(CausalityInterfaceForComposites.java:532)
	at ptolemy.actor.util.CausalityInterfaceForComposites.checkForCycles(CausalityInterfaceForComposites.java:96)
	at ptolemy.domains.de.kernel.DEDirector.preinitialize(DEDirector.java:1338)
	at ptolemy.actor.CompositeActor.preinitialize(CompositeActor.java:1828)
	at ptolemy.actor.Manager.preinitializeAndResolveTypes(Manager.java:1040)
	at ptolemy.actor.Manager.initialize(Manager.java:710)
	at ptolemy.actor.Manager.execute(Manager.java:356)
	at ptolemy.actor.Manager.run(Manager.java:1263)
	at ptolemy.actor.Manager$PtolemyRunThread.run(Manager.java:1933)

    while executing
ptolemy.kernel.util.IllegalActionException: Found a zero delay loop containing .dependencyLoop.original
  in .dependencyLoop and .dependencyLoop.original
    while executing
"java::new ptolemy.moml.MoMLSimpleApplication $file
"
    (procedure "createAndExecute" line 2)
    invoked from within
"createAndExecute $file"
    ("uplevel" body line 5)
    invoked from within
"uplevel $contents_of_test"
------------------ testing $PTII/ptolemy/domains/de/test/auto/knownFailedTests/FSMSource.xml (Known Failure) 
76 ms. Memory: 129024K Free: 110671K (86%)
!!!! Auto was marked as failing, but now passes
------------------ testing $PTII/ptolemy/domains/de/test/auto/knownFailedTests/HierarchicalModel.xml (Known Failure) 
8 ms. Memory: 129024K Free: 93321K (72%)


==== $PTIIhome/travis/build/icyphy/ptII/ptolemy/domains/de/test/../../../../: Auto Automatic test in file $PTII/ptolemy/domains/de/test/auto/knownFailedTests/HierarchicalModel.xml
==== Contents of test case:

	    # FIXME: we should use $relativeFilename here, but it
	    # might have backslashes under Windows, which causes no end
	    # of trouble.
	    createAndExecute $file
	    list {}
	
.... Test generated KNOWN error:
    while executing
ptolemy.kernel.util.IllegalActionException: Found a zero delay loop containing .HierarchicalModel.A
  in .HierarchicalModel and .HierarchicalModel.A
	at ptolemy.actor.util.CausalityInterfaceForComposites._computeOutputPortDepth(CausalityInterfaceForComposites.java:759)
	at ptolemy.actor.util.CausalityInterfaceForComposites._computeInputDepth(CausalityInterfaceForComposites.java:696)
	at ptolemy.actor.util.CausalityInterfaceForComposites._computeOutputPortDepth(CausalityInterfaceForComposites.java:765)
	at ptolemy.actor.util.CausalityInterfaceForComposites._computeInputDepth(CausalityInterfaceForComposites.java:696)
	at ptolemy.actor.util.CausalityInterfaceForComposites._computeOutputPortDepth(CausalityInterfaceForComposites.java:765)
	at ptolemy.actor.util.CausalityInterfaceForComposites._computeInputDepth(CausalityInterfaceForComposites.java:696)
	at ptolemy.actor.util.CausalityInterfaceForComposites._computeActorDepth(CausalityInterfaceForComposites.java:532)
	at ptolemy.actor.util.CausalityInterfaceForComposites.checkForCycles(CausalityInterfaceForComposites.java:96)
	at ptolemy.domains.de.kernel.DEDirector.preinitialize(DEDirector.java:1338)
	at ptolemy.actor.CompositeActor.preinitialize(CompositeActor.java:1828)
	at ptolemy.actor.Manager.preinitializeAndResolveTypes(Manager.java:1040)
	at ptolemy.actor.Manager.initialize(Manager.java:710)
	at ptolemy.actor.Manager.execute(Manager.java:356)
	at ptolemy.actor.Manager.run(Manager.java:1263)
	at ptolemy.actor.Manager$PtolemyRunThread.run(Manager.java:1933)

    while executing
ptolemy.kernel.util.IllegalActionException: Found a zero delay loop containing .HierarchicalModel.A
  in .HierarchicalModel and .HierarchicalModel.A
    while executing
"java::new ptolemy.moml.MoMLSimpleApplication $file
"
    (procedure "createAndExecute" line 2)
    invoked from within
"createAndExecute $file"
    ("uplevel" body line 5)
    invoked from within
"uplevel $contents_of_test"
------------------ testing $PTII/ptolemy/domains/de/test/auto/knownFailedTests/dependencyLoop2.xml (Known Failure) 
6 ms. Memory: 129024K Free: 77363K (60%)


==== $PTIIhome/travis/build/icyphy/ptII/ptolemy/domains/de/test/../../../../: Auto Automatic test in file $PTII/ptolemy/domains/de/test/auto/knownFailedTests/dependencyLoop2.xml
==== Contents of test case:

	    # FIXME: we should use $relativeFilename here, but it
	    # might have backslashes under Windows, which causes no end
	    # of trouble.
	    createAndExecute $file
	    list {}
	
.... Test generated KNOWN error:
    while executing
ptolemy.kernel.util.IllegalActionException: Found a zero delay loop containing .dependencyLoop2.original
  in .dependencyLoop2 and .dependencyLoop2.original
	at ptolemy.actor.util.CausalityInterfaceForComposites._computeOutputPortDepth(CausalityInterfaceForComposites.java:759)
	at ptolemy.actor.util.CausalityInterfaceForComposites._computeInputDepth(CausalityInterfaceForComposites.java:696)
	at ptolemy.actor.util.CausalityInterfaceForComposites._computeOutputPortDepth(CausalityInterfaceForComposites.java:765)
	at ptolemy.actor.util.CausalityInterfaceForComposites._computeInputDepth(CausalityInterfaceForComposites.java:696)
	at ptolemy.actor.util.CausalityInterfaceForComposites._computeOutputPortDepth(CausalityInterfaceForComposites.java:765)
	at ptolemy.actor.util.CausalityInterfaceForComposites._computeInputDepth(CausalityInterfaceForComposites.java:696)
	at ptolemy.actor.util.CausalityInterfaceForComposites._computeActorDepth(CausalityInterfaceForComposites.java:532)
	at ptolemy.actor.util.CausalityInterfaceForComposites.checkForCycles(CausalityInterfaceForComposites.java:96)
	at ptolemy.domains.de.kernel.DEDirector.preinitialize(DEDirector.java:1338)
	at ptolemy.actor.CompositeActor.preinitialize(CompositeActor.java:1828)
	at ptolemy.actor.Manager.preinitializeAndResolveTypes(Manager.java:1040)
	at ptolemy.actor.Manager.initialize(Manager.java:710)
	at ptolemy.actor.Manager.execute(Manager.java:356)
	at ptolemy.actor.Manager.run(Manager.java:1263)
	at ptolemy.actor.Manager$PtolemyRunThread.run(Manager.java:1933)

    while executing
ptolemy.kernel.util.IllegalActionException: Found a zero delay loop containing .dependencyLoop2.original
  in .dependencyLoop2 and .dependencyLoop2.original
    while executing
"java::new ptolemy.moml.MoMLSimpleApplication $file
"
    (procedure "createAndExecute" line 2)
    invoked from within
"createAndExecute $file"
    ("uplevel" body line 5)
    invoked from within
"uplevel $contents_of_test"
------------------ testing $PTII/ptolemy/domains/de/test/auto/knownFailedTests/DESDFClockTest.xml (Known Failure) 
2045 ms. Memory: 129024K Free: 106603K (83%)


==== $PTIIhome/travis/build/icyphy/ptII/ptolemy/domains/de/test/../../../../: Auto Automatic test in file $PTII/ptolemy/domains/de/test/auto/knownFailedTests/DESDFClockTest.xml
==== Contents of test case:

	    # FIXME: we should use $relativeFilename here, but it
	    # might have backslashes under Windows, which causes no end
	    # of trouble.
	    createAndExecute $file
	    list {}
	
.... Test generated KNOWN error:
    while executing
ptolemy.kernel.util.IllegalActionException: Actor is not ready to fire.  Perhaps UpSample.prefire() returned false? Try debugging the actor by selecting "Listen to Actor".  Also, for SDF check moml for tokenConsumptionRate on input.
  in .DESDFClockTest.Play Bell.Copy1:SDF Director and .DESDFClockTest.Play Bell.UpSample
	at ptolemy.actor.sched.StaticSchedulingDirector.fire(StaticSchedulingDirector.java:227)
	at ptolemy.domains.sdf.kernel.SDFDirector.fire(SDFDirector.java:500)
	at ptolemy.actor.CompositeActor.fire(CompositeActor.java:455)
	at ptolemy.domains.de.kernel.DEDirector._fire(DEDirector.java:1949)
	at ptolemy.domains.de.kernel.DEDirector.fire(DEDirector.java:502)
	at ptolemy.actor.CompositeActor.fire(CompositeActor.java:455)
	at ptolemy.actor.Manager.iterate(Manager.java:851)
	at ptolemy.actor.Manager.execute(Manager.java:369)
	at ptolemy.actor.Manager.run(Manager.java:1263)
	at ptolemy.actor.Manager$PtolemyRunThread.run(Manager.java:1933)

    while executing
ptolemy.kernel.util.IllegalActionException: Actor is not ready to fire.  Perhaps UpSample.prefire() returned false? Try debugging the actor by selecting "Listen to Actor".  Also, for SDF check moml for tokenConsumptionRate on input.
  in .DESDFClockTest.Play Bell.Copy1:SDF Director and .DESDFClockTest.Play Bell.UpSample
    while executing
"java::new ptolemy.moml.MoMLSimpleApplication $file
"
    (procedure "createAndExecute" line 2)
    invoked from within
"createAndExecute $file"
    ("uplevel" body line 5)
    invoked from within
"uplevel $contents_of_test"
------------------ testing $PTII/ptolemy/domains/de/test/auto/ActorDepthCalculation_actorWithoutPorts.xml
auto.tcl: Setting watchdog for 200 seconds at Wed Sep 16 15:42:38 UTC 2020
11 ms. Memory: 129024K Free: 99421K (77%)
ptolemy.util.test.WatchDog.cancel(): canceling Wed Sep 16 15:42:38 UTC 2020
auto.tcl: Setting watchdog for 200 seconds at Wed Sep 16 15:42:38 UTC 2020
4 ms. Memory: 129024K Free: 97901K (76%)
ptolemy.util.test.WatchDog.cancel(): canceling Wed Sep 16 15:42:38 UTC 2020
------------------ testing $PTII/ptolemy/domains/de/test/auto/AssemblyLine.xml
auto.tcl: Setting watchdog for 200 seconds at Wed Sep 16 15:42:38 UTC 2020
19 ms. Memory: 55296K Free: 32591K (59%)
ptolemy.util.test.WatchDog.cancel(): canceling Wed Sep 16 15:42:38 UTC 2020
auto.tcl: Setting watchdog for 200 seconds at Wed Sep 16 15:42:38 UTC 2020
6 ms. Memory: 55296K Free: 31856K (58%)
ptolemy.util.test.WatchDog.cancel(): canceling Wed Sep 16 15:42:38 UTC 2020
------------------ testing $PTII/ptolemy/domains/de/test/auto/CQBug1.xml
auto.tcl: Setting watchdog for 200 seconds at Wed Sep 16 15:42:38 UTC 2020
12 ms. Memory: 55296K Free: 36907K (67%)
ptolemy.util.test.WatchDog.cancel(): canceling Wed Sep 16 15:42:38 UTC 2020
auto.tcl: Setting watchdog for 200 seconds at Wed Sep 16 15:42:38 UTC 2020
3 ms. Memory: 55296K Free: 36383K (66%)
ptolemy.util.test.WatchDog.cancel(): canceling Wed Sep 16 15:42:38 UTC 2020
------------------ testing $PTII/ptolemy/domains/de/test/auto/CancelFireAt.xml
auto.tcl: Setting watchdog for 200 seconds at Wed Sep 16 15:42:38 UTC 2020
3 ms. Memory: 55296K Free: 38022K (69%)
ptolemy.util.test.WatchDog.cancel(): canceling Wed Sep 16 15:42:38 UTC 2020
auto.tcl: Setting watchdog for 200 seconds at Wed Sep 16 15:42:38 UTC 2020
2 ms. Memory: 55296K Free: 37478K (68%)
ptolemy.util.test.WatchDog.cancel(): canceling Wed Sep 16 15:42:38 UTC 2020
------------------ testing $PTII/ptolemy/domains/de/test/auto/CausalityAndComposabilityAnalysis.xml
auto.tcl: Setting watchdog for 200 seconds at Wed Sep 16 15:42:38 UTC 2020
6 ms. Memory: 55296K Free: 36500K (66%)
ptolemy.util.test.WatchDog.cancel(): canceling Wed Sep 16 15:42:38 UTC 2020
auto.tcl: Setting watchdog for 200 seconds at Wed Sep 16 15:42:38 UTC 2020
4 ms. Memory: 55296K Free: 36060K (65%)
ptolemy.util.test.WatchDog.cancel(): canceling Wed Sep 16 15:42:38 UTC 2020
------------------ testing $PTII/ptolemy/domains/de/test/auto/CausalityInterface1.xml
auto.tcl: Setting watchdog for 200 seconds at Wed Sep 16 15:42:39 UTC 2020
17 ms. Memory: 55296K Free: 35424K (64%)
ptolemy.util.test.WatchDog.cancel(): canceling Wed Sep 16 15:42:39 UTC 2020
auto.tcl: Setting watchdog for 200 seconds at Wed Sep 16 15:42:39 UTC 2020
2 ms. Memory: 55296K Free: 34465K (62%)
ptolemy.util.test.WatchDog.cancel(): canceling Wed Sep 16 15:42:39 UTC 2020
------------------ testing $PTII/ptolemy/domains/de/test/auto/CausalityInterface15.xml
auto.tcl: Setting watchdog for 200 seconds at Wed Sep 16 15:42:39 UTC 2020
12 ms. Memory: 51200K Free: 31280K (61%)
ptolemy.util.test.WatchDog.cancel(): canceling Wed Sep 16 15:42:39 UTC 2020
auto.tcl: Setting watchdog for 200 seconds at Wed Sep 16 15:42:39 UTC 2020
7 ms. Memory: 51200K Free: 30334K (59%)
ptolemy.util.test.WatchDog.cancel(): canceling Wed Sep 16 15:42:39 UTC 2020
------------------ testing $PTII/ptolemy/domains/de/test/auto/CausalityInterface2.xml
auto.tcl: Setting watchdog for 200 seconds at Wed Sep 16 15:42:39 UTC 2020
4 ms. Memory: 51200K Free: 32063K (63%)
ptolemy.util.test.WatchDog.cancel(): canceling Wed Sep 16 15:42:39 UTC 2020
auto.tcl: Setting watchdog for 200 seconds at Wed Sep 16 15:42:39 UTC 2020
3 ms. Memory: 51200K Free: 31362K (61%)
ptolemy.util.test.WatchDog.cancel(): canceling Wed Sep 16 15:42:39 UTC 2020
------------------ testing $PTII/ptolemy/domains/de/test/auto/CausalityInterface3.xml
auto.tcl: Setting watchdog for 200 seconds at Wed Sep 16 15:42:39 UTC 2020
6 ms. Memory: 51200K Free: 31560K (62%)
ptolemy.util.test.WatchDog.cancel(): canceling Wed Sep 16 15:42:39 UTC 2020
auto.tcl: Setting watchdog for 200 seconds at Wed Sep 16 15:42:39 UTC 2020
3 ms. Memory: 51200K Free: 31073K (61%)
ptolemy.util.test.WatchDog.cancel(): canceling Wed Sep 16 15:42:39 UTC 2020
------------------ testing $PTII/ptolemy/domains/de/test/auto/ClockDrift.xml
auto.tcl: Setting watchdog for 200 seconds at Wed Sep 16 15:42:39 UTC 2020
90 ms. Memory: 51200K Free: 23645K (46%)
ptolemy.util.test.WatchDog.cancel(): canceling Wed Sep 16 15:42:39 UTC 2020
auto.tcl: Setting watchdog for 200 seconds at Wed Sep 16 15:42:39 UTC 2020
36 ms. Memory: 51200K Free: 20688K (40%)
ptolemy.util.test.WatchDog.cancel(): canceling Wed Sep 16 15:42:39 UTC 2020
------------------ testing $PTII/ptolemy/domains/de/test/auto/ClockDriftAndValueChange.xml
auto.tcl: Setting watchdog for 200 seconds at Wed Sep 16 15:42:39 UTC 2020
37 ms. Memory: 51200K Free: 24758K (48%)
ptolemy.util.test.WatchDog.cancel(): canceling Wed Sep 16 15:42:39 UTC 2020
auto.tcl: Setting watchdog for 200 seconds at Wed Sep 16 15:42:39 UTC 2020
18 ms. Memory: 51200K Free: 21584K (42%)
ptolemy.util.test.WatchDog.cancel(): canceling Wed Sep 16 15:42:39 UTC 2020
------------------ testing $PTII/ptolemy/domains/de/test/auto/ClockDriftChange.xml
auto.tcl: Setting watchdog for 200 seconds at Wed Sep 16 15:42:39 UTC 2020
23 ms. Memory: 51200K Free: 25794K (50%)
ptolemy.util.test.WatchDog.cancel(): canceling Wed Sep 16 15:42:39 UTC 2020
auto.tcl: Setting watchdog for 200 seconds at Wed Sep 16 15:42:39 UTC 2020
25 ms. Memory: 51200K Free: 23400K (46%)
ptolemy.util.test.WatchDog.cancel(): canceling Wed Sep 16 15:42:39 UTC 2020
------------------ testing $PTII/ptolemy/domains/de/test/auto/ComposableCausalityAnalysis.xml
auto.tcl: Setting watchdog for 200 seconds at Wed Sep 16 15:42:39 UTC 2020
2 ms. Memory: 51200K Free: 30544K (60%)
ptolemy.util.test.WatchDog.cancel(): canceling Wed Sep 16 15:42:39 UTC 2020
auto.tcl: Setting watchdog for 200 seconds at Wed Sep 16 15:42:39 UTC 2020
5 ms. Memory: 51200K Free: 29572K (58%)
ptolemy.util.test.WatchDog.cancel(): canceling Wed Sep 16 15:42:39 UTC 2020
------------------ testing $PTII/ptolemy/domains/de/test/auto/DEFixedPointLimitation.xml
auto.tcl: Setting watchdog for 200 seconds at Wed Sep 16 15:42:39 UTC 2020
5 ms. Memory: 51200K Free: 31757K (62%)
ptolemy.util.test.WatchDog.cancel(): canceling Wed Sep 16 15:42:39 UTC 2020
auto.tcl: Setting watchdog for 200 seconds at Wed Sep 16 15:42:39 UTC 2020
2 ms. Memory: 51200K Free: 31124K (61%)
ptolemy.util.test.WatchDog.cancel(): canceling Wed Sep 16 15:42:39 UTC 2020
------------------ testing $PTII/ptolemy/domains/de/test/auto/DEScheduleTest.xml
auto.tcl: Setting watchdog for 200 seconds at Wed Sep 16 15:42:40 UTC 2020
7 ms. Memory: 51200K Free: 32345K (63%)
ptolemy.util.test.WatchDog.cancel(): canceling Wed Sep 16 15:42:40 UTC 2020
auto.tcl: Setting watchdog for 200 seconds at Wed Sep 16 15:42:40 UTC 2020
3 ms. Memory: 51200K Free: 31579K (62%)
ptolemy.util.test.WatchDog.cancel(): canceling Wed Sep 16 15:42:40 UTC 2020
------------------ testing $PTII/ptolemy/domains/de/test/auto/DEinDEwithStartTimes.xml
auto.tcl: Setting watchdog for 200 seconds at Wed Sep 16 15:42:40 UTC 2020
6 ms. Memory: 51200K Free: 30505K (60%)
ptolemy.util.test.WatchDog.cancel(): canceling Wed Sep 16 15:42:40 UTC 2020
auto.tcl: Setting watchdog for 200 seconds at Wed Sep 16 15:42:40 UTC 2020
3 ms. Memory: 51200K Free: 29580K (58%)
ptolemy.util.test.WatchDog.cancel(): canceling Wed Sep 16 15:42:40 UTC 2020
------------------ testing $PTII/ptolemy/domains/de/test/auto/DEinDEwithStartTimes2.xml
auto.tcl: Setting watchdog for 200 seconds at Wed Sep 16 15:42:40 UTC 2020
7 ms. Memory: 51200K Free: 29629K (58%)
ptolemy.util.test.WatchDog.cancel(): canceling Wed Sep 16 15:42:40 UTC 2020
auto.tcl: Setting watchdog for 200 seconds at Wed Sep 16 15:42:40 UTC 2020
4 ms. Memory: 51200K Free: 28437K (56%)
ptolemy.util.test.WatchDog.cancel(): canceling Wed Sep 16 15:42:40 UTC 2020
------------------ testing $PTII/ptolemy/domains/de/test/auto/DateDemo.xml
auto.tcl: Setting watchdog for 200 seconds at Wed Sep 16 15:42:40 UTC 2020
13 ms. Memory: 51200K Free: 24546K (48%)
ptolemy.util.test.WatchDog.cancel(): canceling Wed Sep 16 15:42:40 UTC 2020
auto.tcl: Setting watchdog for 200 seconds at Wed Sep 16 15:42:40 UTC 2020
7 ms. Memory: 51200K Free: 22873K (45%)
ptolemy.util.test.WatchDog.cancel(): canceling Wed Sep 16 15:42:40 UTC 2020
------------------ testing $PTII/ptolemy/domains/de/test/auto/DateToEvent.xml
auto.tcl: Setting watchdog for 200 seconds at Wed Sep 16 15:42:40 UTC 2020
2016 ms. Memory: 51200K Free: 19487K (38%)
ptolemy.util.test.WatchDog.cancel(): canceling Wed Sep 16 15:42:42 UTC 2020
auto.tcl: Setting watchdog for 200 seconds at Wed Sep 16 15:42:42 UTC 2020
2005 ms. Memory: 51200K Free: 19053K (37%)
ptolemy.util.test.WatchDog.cancel(): canceling Wed Sep 16 15:42:44 UTC 2020
------------------ testing $PTII/ptolemy/domains/de/test/auto/DepthTest1.xml
auto.tcl: Setting watchdog for 200 seconds at Wed Sep 16 15:42:44 UTC 2020
3 ms. Memory: 51200K Free: 33149K (65%)
ptolemy.util.test.WatchDog.cancel(): canceling Wed Sep 16 15:42:44 UTC 2020
auto.tcl: Setting watchdog for 200 seconds at Wed Sep 16 15:42:44 UTC 2020
2 ms. Memory: 51200K Free: 32685K (64%)
ptolemy.util.test.WatchDog.cancel(): canceling Wed Sep 16 15:42:44 UTC 2020
------------------ testing $PTII/ptolemy/domains/de/test/auto/DepthTest2.xml
auto.tcl: Setting watchdog for 200 seconds at Wed Sep 16 15:42:44 UTC 2020
3 ms. Memory: 51200K Free: 29950K (58%)
ptolemy.util.test.WatchDog.cancel(): canceling Wed Sep 16 15:42:44 UTC 2020
auto.tcl: Setting watchdog for 200 seconds at Wed Sep 16 15:42:44 UTC 2020
2 ms. Memory: 51200K Free: 29478K (58%)
ptolemy.util.test.WatchDog.cancel(): canceling Wed Sep 16 15:42:44 UTC 2020
------------------ testing $PTII/ptolemy/domains/de/test/auto/DepthTest3.xml
auto.tcl: Setting watchdog for 200 seconds at Wed Sep 16 15:42:44 UTC 2020
3 ms. Memory: 51200K Free: 33504K (65%)
ptolemy.util.test.WatchDog.cancel(): canceling Wed Sep 16 15:42:44 UTC 2020
auto.tcl: Setting watchdog for 200 seconds at Wed Sep 16 15:42:44 UTC 2020
2 ms. Memory: 51200K Free: 33016K (64%)
ptolemy.util.test.WatchDog.cancel(): canceling Wed Sep 16 15:42:44 UTC 2020
------------------ testing $PTII/ptolemy/domains/de/test/auto/DepthTest4.xml
auto.tcl: Setting watchdog for 200 seconds at Wed Sep 16 15:42:44 UTC 2020
5 ms. Memory: 51200K Free: 31728K (62%)
ptolemy.util.test.WatchDog.cancel(): canceling Wed Sep 16 15:42:44 UTC 2020
auto.tcl: Setting watchdog for 200 seconds at Wed Sep 16 15:42:44 UTC 2020
3 ms. Memory: 51200K Free: 31060K (61%)
ptolemy.util.test.WatchDog.cancel(): canceling Wed Sep 16 15:42:44 UTC 2020
------------------ testing $PTII/ptolemy/domains/de/test/auto/DepthTest5.xml
auto.tcl: Setting watchdog for 200 seconds at Wed Sep 16 15:42:44 UTC 2020
5 ms. Memory: 51200K Free: 31205K (61%)
ptolemy.util.test.WatchDog.cancel(): canceling Wed Sep 16 15:42:44 UTC 2020
auto.tcl: Setting watchdog for 200 seconds at Wed Sep 16 15:42:44 UTC 2020
2 ms. Memory: 51200K Free: 30439K (59%)
ptolemy.util.test.WatchDog.cancel(): canceling Wed Sep 16 15:42:44 UTC 2020
------------------ testing $PTII/ptolemy/domains/de/test/auto/DepthTest6.xml
auto.tcl: Setting watchdog for 200 seconds at Wed Sep 16 15:42:44 UTC 2020
3 ms. Memory: 51200K Free: 30868K (60%)
ptolemy.util.test.WatchDog.cancel(): canceling Wed Sep 16 15:42:44 UTC 2020
auto.tcl: Setting watchdog for 200 seconds at Wed Sep 16 15:42:44 UTC 2020
2 ms. Memory: 51200K Free: 30417K (59%)
ptolemy.util.test.WatchDog.cancel(): canceling Wed Sep 16 15:42:44 UTC 2020
------------------ testing $PTII/ptolemy/domains/de/test/auto/DepthTest7.xml
auto.tcl: Setting watchdog for 200 seconds at Wed Sep 16 15:42:45 UTC 2020
2 ms. Memory: 51200K Free: 31169K (61%)
ptolemy.util.test.WatchDog.cancel(): canceling Wed Sep 16 15:42:45 UTC 2020
auto.tcl: Setting watchdog for 200 seconds at Wed Sep 16 15:42:45 UTC 2020
2 ms. Memory: 51200K Free: 30689K (60%)
ptolemy.util.test.WatchDog.cancel(): canceling Wed Sep 16 15:42:45 UTC 2020
------------------ testing $PTII/ptolemy/domains/de/test/auto/EventToDate.xml
auto.tcl: Setting watchdog for 200 seconds at Wed Sep 16 15:42:45 UTC 2020
3009 ms. Memory: 51200K Free: 22242K (43%)
ptolemy.util.test.WatchDog.cancel(): canceling Wed Sep 16 15:42:48 UTC 2020
auto.tcl: Setting watchdog for 200 seconds at Wed Sep 16 15:42:48 UTC 2020
3004 ms. Memory: 51200K Free: 21379K (42%)
ptolemy.util.test.WatchDog.cancel(): canceling Wed Sep 16 15:42:51 UTC 2020
------------------ testing $PTII/ptolemy/domains/de/test/auto/FSM1.xml
auto.tcl: Setting watchdog for 200 seconds at Wed Sep 16 15:42:51 UTC 2020
18 ms. Memory: 51200K Free: 23724K (46%)
ptolemy.util.test.WatchDog.cancel(): canceling Wed Sep 16 15:42:51 UTC 2020
auto.tcl: Setting watchdog for 200 seconds at Wed Sep 16 15:42:51 UTC 2020
23 ms. Memory: 51200K Free: 20430K (40%)
ptolemy.util.test.WatchDog.cancel(): canceling Wed Sep 16 15:42:51 UTC 2020
------------------ testing $PTII/ptolemy/domains/de/test/auto/FSM7.xml
auto.tcl: Setting watchdog for 200 seconds at Wed Sep 16 15:42:51 UTC 2020
16 ms. Memory: 51200K Free: 23375K (46%)
ptolemy.util.test.WatchDog.cancel(): canceling Wed Sep 16 15:42:51 UTC 2020
auto.tcl: Setting watchdog for 200 seconds at Wed Sep 16 15:42:51 UTC 2020
13 ms. Memory: 51200K Free: 20233K (40%)
ptolemy.util.test.WatchDog.cancel(): canceling Wed Sep 16 15:42:51 UTC 2020
------------------ testing $PTII/ptolemy/domains/de/test/auto/Inspection.xml
auto.tcl: Setting watchdog for 200 seconds at Wed Sep 16 15:42:51 UTC 2020
30 ms. Memory: 51200K Free: 23401K (46%)
ptolemy.util.test.WatchDog.cancel(): canceling Wed Sep 16 15:42:51 UTC 2020
auto.tcl: Setting watchdog for 200 seconds at Wed Sep 16 15:42:51 UTC 2020
16 ms. Memory: 51200K Free: 21296K (42%)
ptolemy.util.test.WatchDog.cancel(): canceling Wed Sep 16 15:42:51 UTC 2020
------------------ testing $PTII/ptolemy/domains/de/test/auto/Iteration.xml
auto.tcl: Setting watchdog for 200 seconds at Wed Sep 16 15:42:51 UTC 2020
11 ms. Memory: 51200K Free: 28938K (57%)
ptolemy.util.test.WatchDog.cancel(): canceling Wed Sep 16 15:42:51 UTC 2020
auto.tcl: Setting watchdog for 200 seconds at Wed Sep 16 15:42:51 UTC 2020
7 ms. Memory: 51200K Free: 27742K (54%)
ptolemy.util.test.WatchDog.cancel(): canceling Wed Sep 16 15:42:51 UTC 2020
------------------ testing $PTII/ptolemy/domains/de/test/auto/LineFault.xml
auto.tcl: Setting watchdog for 200 seconds at Wed Sep 16 15:42:51 UTC 2020
532 ms. Memory: 51200K Free: 12489K (24%)
ptolemy.util.test.WatchDog.cancel(): canceling Wed Sep 16 15:42:52 UTC 2020
auto.tcl: Setting watchdog for 200 seconds at Wed Sep 16 15:42:52 UTC 2020
482 ms. Memory: 61440K Free: 36194K (59%)
ptolemy.util.test.WatchDog.cancel(): canceling Wed Sep 16 15:42:52 UTC 2020
------------------ testing $PTII/ptolemy/domains/de/test/auto/MergeModel1Add.xml
auto.tcl: Setting watchdog for 200 seconds at Wed Sep 16 15:42:52 UTC 2020
22 ms. Memory: 58368K Free: 22070K (38%)
ptolemy.util.test.WatchDog.cancel(): canceling Wed Sep 16 15:42:53 UTC 2020
auto.tcl: Setting watchdog for 200 seconds at Wed Sep 16 15:42:53 UTC 2020
10 ms. Memory: 58368K Free: 20571K (35%)
ptolemy.util.test.WatchDog.cancel(): canceling Wed Sep 16 15:42:53 UTC 2020
------------------ testing $PTII/ptolemy/domains/de/test/auto/MergeModel2Add.xml
auto.tcl: Setting watchdog for 200 seconds at Wed Sep 16 15:42:53 UTC 2020
11 ms. Memory: 55296K Free: 21606K (39%)
ptolemy.util.test.WatchDog.cancel(): canceling Wed Sep 16 15:42:53 UTC 2020
auto.tcl: Setting watchdog for 200 seconds at Wed Sep 16 15:42:53 UTC 2020
10 ms. Memory: 55296K Free: 19972K (36%)
ptolemy.util.test.WatchDog.cancel(): canceling Wed Sep 16 15:42:53 UTC 2020
------------------ testing $PTII/ptolemy/domains/de/test/auto/MergeModel3Add.xml
auto.tcl: Setting watchdog for 200 seconds at Wed Sep 16 15:42:53 UTC 2020
7 ms. Memory: 55296K Free: 21359K (39%)
ptolemy.util.test.WatchDog.cancel(): canceling Wed Sep 16 15:42:53 UTC 2020
auto.tcl: Setting watchdog for 200 seconds at Wed Sep 16 15:42:53 UTC 2020
5 ms. Memory: 55296K Free: 19982K (36%)
ptolemy.util.test.WatchDog.cancel(): canceling Wed Sep 16 15:42:53 UTC 2020
------------------ testing $PTII/ptolemy/domains/de/test/auto/MergeWithoutDiscard.xml
auto.tcl: Setting watchdog for 200 seconds at Wed Sep 16 15:42:53 UTC 2020
2 ms. Memory: 55296K Free: 36208K (65%)
ptolemy.util.test.WatchDog.cancel(): canceling Wed Sep 16 15:42:53 UTC 2020
auto.tcl: Setting watchdog for 200 seconds at Wed Sep 16 15:42:53 UTC 2020
1 ms. Memory: 55296K Free: 35311K (64%)
ptolemy.util.test.WatchDog.cancel(): canceling Wed Sep 16 15:42:53 UTC 2020
------------------ testing $PTII/ptolemy/domains/de/test/auto/Modal1.xml
auto.tcl: Setting watchdog for 200 seconds at Wed Sep 16 15:42:53 UTC 2020
12 ms. Memory: 55296K Free: 27797K (50%)
ptolemy.util.test.WatchDog.cancel(): canceling Wed Sep 16 15:42:53 UTC 2020
auto.tcl: Setting watchdog for 200 seconds at Wed Sep 16 15:42:53 UTC 2020
12 ms. Memory: 55296K Free: 24326K (44%)
ptolemy.util.test.WatchDog.cancel(): canceling Wed Sep 16 15:42:53 UTC 2020
------------------ testing $PTII/ptolemy/domains/de/test/auto/Modal2.xml
auto.tcl: Setting watchdog for 200 seconds at Wed Sep 16 15:42:53 UTC 2020
11 ms. Memory: 55296K Free: 27931K (51%)
ptolemy.util.test.WatchDog.cancel(): canceling Wed Sep 16 15:42:53 UTC 2020
auto.tcl: Setting watchdog for 200 seconds at Wed Sep 16 15:42:53 UTC 2020
12 ms. Memory: 55296K Free: 24704K (45%)
ptolemy.util.test.WatchDog.cancel(): canceling Wed Sep 16 15:42:53 UTC 2020
------------------ testing $PTII/ptolemy/domains/de/test/auto/Modal3.xml
auto.tcl: Setting watchdog for 200 seconds at Wed Sep 16 15:42:53 UTC 2020
11 ms. Memory: 55296K Free: 27666K (50%)
ptolemy.util.test.WatchDog.cancel(): canceling Wed Sep 16 15:42:53 UTC 2020
auto.tcl: Setting watchdog for 200 seconds at Wed Sep 16 15:42:53 UTC 2020
12 ms. Memory: 55296K Free: 24712K (45%)
ptolemy.util.test.WatchDog.cancel(): canceling Wed Sep 16 15:42:53 UTC 2020
------------------ testing $PTII/ptolemy/domains/de/test/auto/Modal4.xml
auto.tcl: Setting watchdog for 200 seconds at Wed Sep 16 15:42:53 UTC 2020
26 ms. Memory: 55296K Free: 26916K (49%)
ptolemy.util.test.WatchDog.cancel(): canceling Wed Sep 16 15:42:53 UTC 2020
auto.tcl: Setting watchdog for 200 seconds at Wed Sep 16 15:42:53 UTC 2020
23 ms. Memory: 55296K Free: 23078K (42%)
ptolemy.util.test.WatchDog.cancel(): canceling Wed Sep 16 15:42:53 UTC 2020
------------------ testing $PTII/ptolemy/domains/de/test/auto/Modal5.xml
auto.tcl: Setting watchdog for 200 seconds at Wed Sep 16 15:42:53 UTC 2020
23 ms. Memory: 55296K Free: 26873K (49%)
ptolemy.util.test.WatchDog.cancel(): canceling Wed Sep 16 15:42:53 UTC 2020
auto.tcl: Setting watchdog for 200 seconds at Wed Sep 16 15:42:53 UTC 2020
12 ms. Memory: 55296K Free: 23065K (42%)
ptolemy.util.test.WatchDog.cancel(): canceling Wed Sep 16 15:42:53 UTC 2020
------------------ testing $PTII/ptolemy/domains/de/test/auto/Modal6.xml
auto.tcl: Setting watchdog for 200 seconds at Wed Sep 16 15:42:53 UTC 2020
12 ms. Memory: 55296K Free: 27631K (50%)
ptolemy.util.test.WatchDog.cancel(): canceling Wed Sep 16 15:42:53 UTC 2020
auto.tcl: Setting watchdog for 200 seconds at Wed Sep 16 15:42:53 UTC 2020
13 ms. Memory: 55296K Free: 23696K (43%)
ptolemy.util.test.WatchDog.cancel(): canceling Wed Sep 16 15:42:53 UTC 2020
------------------ testing $PTII/ptolemy/domains/de/test/auto/Modal7.xml
auto.tcl: Setting watchdog for 200 seconds at Wed Sep 16 15:42:54 UTC 2020
10 ms. Memory: 51200K Free: 22548K (44%)
ptolemy.util.test.WatchDog.cancel(): canceling Wed Sep 16 15:42:54 UTC 2020
auto.tcl: Setting watchdog for 200 seconds at Wed Sep 16 15:42:54 UTC 2020
10 ms. Memory: 51200K Free: 19188K (37%)
ptolemy.util.test.WatchDog.cancel(): canceling Wed Sep 16 15:42:54 UTC 2020
------------------ testing $PTII/ptolemy/domains/de/test/auto/ModalModel.xml
auto.tcl: Setting watchdog for 200 seconds at Wed Sep 16 15:42:54 UTC 2020
208 ms. Memory: 51200K Free: 14296K (28%)
ptolemy.util.test.WatchDog.cancel(): canceling Wed Sep 16 15:42:54 UTC 2020
auto.tcl: Setting watchdog for 200 seconds at Wed Sep 16 15:42:54 UTC 2020
193 ms. Memory: 61440K Free: 44776K (73%)
ptolemy.util.test.WatchDog.cancel(): canceling Wed Sep 16 15:42:54 UTC 2020
------------------ testing $PTII/ptolemy/domains/de/test/auto/ModalSource.xml
auto.tcl: Setting watchdog for 200 seconds at Wed Sep 16 15:42:54 UTC 2020
8 ms. Memory: 55296K Free: 31738K (57%)
ptolemy.util.test.WatchDog.cancel(): canceling Wed Sep 16 15:42:54 UTC 2020
auto.tcl: Setting watchdog for 200 seconds at Wed Sep 16 15:42:54 UTC 2020
6 ms. Memory: 55296K Free: 29690K (54%)
ptolemy.util.test.WatchDog.cancel(): canceling Wed Sep 16 15:42:54 UTC 2020
------------------ testing $PTII/ptolemy/domains/de/test/auto/NonInterruptibleTimerZeroDelay.xml
auto.tcl: Setting watchdog for 200 seconds at Wed Sep 16 15:42:54 UTC 2020
4 ms. Memory: 55296K Free: 36620K (66%)
ptolemy.util.test.WatchDog.cancel(): canceling Wed Sep 16 15:42:54 UTC 2020
auto.tcl: Setting watchdog for 200 seconds at Wed Sep 16 15:42:54 UTC 2020
2 ms. Memory: 55296K Free: 36023K (65%)
ptolemy.util.test.WatchDog.cancel(): canceling Wed Sep 16 15:42:54 UTC 2020
------------------ testing $PTII/ptolemy/domains/de/test/auto/OpenQueueingNetwork.xml
auto.tcl: Setting watchdog for 200 seconds at Wed Sep 16 15:42:54 UTC 2020
2742 ms. Memory: 125952K Free: 58376K (46%)
ptolemy.util.test.WatchDog.cancel(): canceling Wed Sep 16 15:42:57 UTC 2020
auto.tcl: Setting watchdog for 200 seconds at Wed Sep 16 15:42:57 UTC 2020
2406 ms. Memory: 151552K Free: 66045K (44%)
ptolemy.util.test.WatchDog.cancel(): canceling Wed Sep 16 15:43:00 UTC 2020
------------------ testing $PTII/ptolemy/domains/de/test/auto/OpenQueuingNetwork.xml
auto.tcl: Setting watchdog for 200 seconds at Wed Sep 16 15:43:00 UTC 2020
240 ms. Memory: 58368K Free: 29290K (50%)
ptolemy.util.test.WatchDog.cancel(): canceling Wed Sep 16 15:43:00 UTC 2020
auto.tcl: Setting watchdog for 200 seconds at Wed Sep 16 15:43:00 UTC 2020
214 ms. Memory: 58368K Free: 9615K (16%)
ptolemy.util.test.WatchDog.cancel(): canceling Wed Sep 16 15:43:00 UTC 2020
------------------ testing $PTII/ptolemy/domains/de/test/auto/PeriodicSampler.xml
auto.tcl: Setting watchdog for 200 seconds at Wed Sep 16 15:43:00 UTC 2020
3 ms. Memory: 55296K Free: 35870K (65%)
ptolemy.util.test.WatchDog.cancel(): canceling Wed Sep 16 15:43:00 UTC 2020
auto.tcl: Setting watchdog for 200 seconds at Wed Sep 16 15:43:00 UTC 2020
2 ms. Memory: 55296K Free: 35350K (64%)
ptolemy.util.test.WatchDog.cancel(): canceling Wed Sep 16 15:43:00 UTC 2020
------------------ testing $PTII/ptolemy/domains/de/test/auto/PersistentIO.xml
auto.tcl: Setting watchdog for 200 seconds at Wed Sep 16 15:43:00 UTC 2020
5 ms. Memory: 55296K Free: 30793K (56%)
ptolemy.util.test.WatchDog.cancel(): canceling Wed Sep 16 15:43:00 UTC 2020
auto.tcl: Setting watchdog for 200 seconds at Wed Sep 16 15:43:00 UTC 2020
4 ms. Memory: 55296K Free: 29274K (53%)
ptolemy.util.test.WatchDog.cancel(): canceling Wed Sep 16 15:43:00 UTC 2020
------------------ testing $PTII/ptolemy/domains/de/test/auto/PortParameterResetOnInitialize.xml
auto.tcl: Setting watchdog for 200 seconds at Wed Sep 16 15:43:00 UTC 2020
7 ms. Memory: 55296K Free: 35790K (65%)
ptolemy.util.test.WatchDog.cancel(): canceling Wed Sep 16 15:43:00 UTC 2020
auto.tcl: Setting watchdog for 200 seconds at Wed Sep 16 15:43:00 UTC 2020
2 ms. Memory: 55296K Free: 35280K (64%)
ptolemy.util.test.WatchDog.cancel(): canceling Wed Sep 16 15:43:00 UTC 2020
------------------ testing $PTII/ptolemy/domains/de/test/auto/PortParameterUpdates.xml
auto.tcl: Setting watchdog for 200 seconds at Wed Sep 16 15:43:00 UTC 2020
5 ms. Memory: 55296K Free: 33861K (61%)
ptolemy.util.test.WatchDog.cancel(): canceling Wed Sep 16 15:43:00 UTC 2020
auto.tcl: Setting watchdog for 200 seconds at Wed Sep 16 15:43:00 UTC 2020
5 ms. Memory: 55296K Free: 32848K (59%)
ptolemy.util.test.WatchDog.cancel(): canceling Wed Sep 16 15:43:00 UTC 2020
------------------ testing $PTII/ptolemy/domains/de/test/auto/QueueAndServer.xml
auto.tcl: Setting watchdog for 200 seconds at Wed Sep 16 15:43:01 UTC 2020
12 ms. Memory: 51200K Free: 28933K (57%)
ptolemy.util.test.WatchDog.cancel(): canceling Wed Sep 16 15:43:01 UTC 2020
auto.tcl: Setting watchdog for 200 seconds at Wed Sep 16 15:43:01 UTC 2020
8 ms. Memory: 51200K Free: 27688K (54%)
ptolemy.util.test.WatchDog.cancel(): canceling Wed Sep 16 15:43:01 UTC 2020
------------------ testing $PTII/ptolemy/domains/de/test/auto/Records.xml
auto.tcl: Setting watchdog for 200 seconds at Wed Sep 16 15:43:01 UTC 2020
6 ms. Memory: 51200K Free: 30934K (60%)
ptolemy.util.test.WatchDog.cancel(): canceling Wed Sep 16 15:43:01 UTC 2020
auto.tcl: Setting watchdog for 200 seconds at Wed Sep 16 15:43:01 UTC 2020
4 ms. Memory: 51200K Free: 30422K (59%)
ptolemy.util.test.WatchDog.cancel(): canceling Wed Sep 16 15:43:01 UTC 2020
------------------ testing $PTII/ptolemy/domains/de/test/auto/ResetTransitionWithStartTime1.xml
auto.tcl: Setting watchdog for 200 seconds at Wed Sep 16 15:43:01 UTC 2020
7 ms. Memory: 51200K Free: 28180K (55%)
ptolemy.util.test.WatchDog.cancel(): canceling Wed Sep 16 15:43:01 UTC 2020
auto.tcl: Setting watchdog for 200 seconds at Wed Sep 16 15:43:01 UTC 2020
5 ms. Memory: 51200K Free: 25604K (50%)
ptolemy.util.test.WatchDog.cancel(): canceling Wed Sep 16 15:43:01 UTC 2020
------------------ testing $PTII/ptolemy/domains/de/test/auto/ResetTransitionWithStartTime2.xml
auto.tcl: Setting watchdog for 200 seconds at Wed Sep 16 15:43:01 UTC 2020
6 ms. Memory: 51200K Free: 28136K (55%)
ptolemy.util.test.WatchDog.cancel(): canceling Wed Sep 16 15:43:01 UTC 2020
auto.tcl: Setting watchdog for 200 seconds at Wed Sep 16 15:43:01 UTC 2020
5 ms. Memory: 51200K Free: 26096K (51%)
ptolemy.util.test.WatchDog.cancel(): canceling Wed Sep 16 15:43:01 UTC 2020
------------------ testing $PTII/ptolemy/domains/de/test/auto/ResetTransitionWithStartTime3.xml
auto.tcl: Setting watchdog for 200 seconds at Wed Sep 16 15:43:01 UTC 2020
10 ms. Memory: 51200K Free: 28134K (55%)
ptolemy.util.test.WatchDog.cancel(): canceling Wed Sep 16 15:43:01 UTC 2020
auto.tcl: Setting watchdog for 200 seconds at Wed Sep 16 15:43:01 UTC 2020
6 ms. Memory: 51200K Free: 25558K (50%)
ptolemy.util.test.WatchDog.cancel(): canceling Wed Sep 16 15:43:01 UTC 2020
------------------ testing $PTII/ptolemy/domains/de/test/auto/ResetTransitionWithStartTime4.xml
auto.tcl: Setting watchdog for 200 seconds at Wed Sep 16 15:43:01 UTC 2020
9 ms. Memory: 51200K Free: 28561K (56%)
ptolemy.util.test.WatchDog.cancel(): canceling Wed Sep 16 15:43:01 UTC 2020
auto.tcl: Setting watchdog for 200 seconds at Wed Sep 16 15:43:01 UTC 2020
4 ms. Memory: 51200K Free: 27109K (53%)
ptolemy.util.test.WatchDog.cancel(): canceling Wed Sep 16 15:43:01 UTC 2020
------------------ testing $PTII/ptolemy/domains/de/test/auto/ResettableTimer1.xml
auto.tcl: Setting watchdog for 200 seconds at Wed Sep 16 15:43:01 UTC 2020
2 ms. Memory: 51200K Free: 32311K (63%)
ptolemy.util.test.WatchDog.cancel(): canceling Wed Sep 16 15:43:01 UTC 2020
auto.tcl: Setting watchdog for 200 seconds at Wed Sep 16 15:43:01 UTC 2020
2 ms. Memory: 51200K Free: 31680K (62%)
ptolemy.util.test.WatchDog.cancel(): canceling Wed Sep 16 15:43:01 UTC 2020
------------------ testing $PTII/ptolemy/domains/de/test/auto/ResettableTimer2.xml
auto.tcl: Setting watchdog for 200 seconds at Wed Sep 16 15:43:01 UTC 2020
2 ms. Memory: 51200K Free: 32406K (63%)
ptolemy.util.test.WatchDog.cancel(): canceling Wed Sep 16 15:43:01 UTC 2020
auto.tcl: Setting watchdog for 200 seconds at Wed Sep 16 15:43:01 UTC 2020
2 ms. Memory: 51200K Free: 31748K (62%)
ptolemy.util.test.WatchDog.cancel(): canceling Wed Sep 16 15:43:01 UTC 2020
------------------ testing $PTII/ptolemy/domains/de/test/auto/ResettableTimer3.xml
auto.tcl: Setting watchdog for 200 seconds at Wed Sep 16 15:43:01 UTC 2020
1 ms. Memory: 51200K Free: 32708K (64%)
ptolemy.util.test.WatchDog.cancel(): canceling Wed Sep 16 15:43:01 UTC 2020
auto.tcl: Setting watchdog for 200 seconds at Wed Sep 16 15:43:01 UTC 2020
1 ms. Memory: 51200K Free: 32268K (63%)
ptolemy.util.test.WatchDog.cancel(): canceling Wed Sep 16 15:43:01 UTC 2020
------------------ testing $PTII/ptolemy/domains/de/test/auto/ResettableTimer4.xml
auto.tcl: Setting watchdog for 200 seconds at Wed Sep 16 15:43:01 UTC 2020
1 ms. Memory: 51200K Free: 32281K (63%)
ptolemy.util.test.WatchDog.cancel(): canceling Wed Sep 16 15:43:01 UTC 2020
auto.tcl: Setting watchdog for 200 seconds at Wed Sep 16 15:43:01 UTC 2020
1 ms. Memory: 51200K Free: 32281K (63%)
ptolemy.util.test.WatchDog.cancel(): canceling Wed Sep 16 15:43:01 UTC 2020
------------------ testing $PTII/ptolemy/domains/de/test/auto/ResettableTimer5.xml
auto.tcl: Setting watchdog for 200 seconds at Wed Sep 16 15:43:01 UTC 2020
2 ms. Memory: 51200K Free: 32279K (63%)
ptolemy.util.test.WatchDog.cancel(): canceling Wed Sep 16 15:43:01 UTC 2020
auto.tcl: Setting watchdog for 200 seconds at Wed Sep 16 15:43:01 UTC 2020
1 ms. Memory: 51200K Free: 31765K (62%)
ptolemy.util.test.WatchDog.cancel(): canceling Wed Sep 16 15:43:01 UTC 2020
------------------ testing $PTII/ptolemy/domains/de/test/auto/ResettableTimer6.xml
auto.tcl: Setting watchdog for 200 seconds at Wed Sep 16 15:43:01 UTC 2020
1 ms. Memory: 51200K Free: 31756K (62%)
ptolemy.util.test.WatchDog.cancel(): canceling Wed Sep 16 15:43:01 UTC 2020
auto.tcl: Setting watchdog for 200 seconds at Wed Sep 16 15:43:01 UTC 2020
1 ms. Memory: 51200K Free: 31246K (61%)
ptolemy.util.test.WatchDog.cancel(): canceling Wed Sep 16 15:43:01 UTC 2020
------------------ testing $PTII/ptolemy/domains/de/test/auto/ServerZeroDelay.xml
auto.tcl: Setting watchdog for 200 seconds at Wed Sep 16 15:43:01 UTC 2020
2 ms. Memory: 51200K Free: 32261K (63%)
ptolemy.util.test.WatchDog.cancel(): canceling Wed Sep 16 15:43:01 UTC 2020
auto.tcl: Setting watchdog for 200 seconds at Wed Sep 16 15:43:01 UTC 2020
2 ms. Memory: 51200K Free: 31237K (61%)
ptolemy.util.test.WatchDog.cancel(): canceling Wed Sep 16 15:43:01 UTC 2020
------------------ testing $PTII/ptolemy/domains/de/test/auto/SmartSender.xml
auto.tcl: Setting watchdog for 200 seconds at Wed Sep 16 15:43:01 UTC 2020
3002 ms. Memory: 51200K Free: 32255K (63%)
ptolemy.util.test.WatchDog.cancel(): canceling Wed Sep 16 15:43:05 UTC 2020
auto.tcl: Setting watchdog for 200 seconds at Wed Sep 16 15:43:05 UTC 2020
3002 ms. Memory: 51200K Free: 31741K (62%)
ptolemy.util.test.WatchDog.cancel(): canceling Wed Sep 16 15:43:08 UTC 2020
------------------ testing $PTII/ptolemy/domains/de/test/auto/ThreadedComposite.xml
auto.tcl: Setting watchdog for 200 seconds at Wed Sep 16 15:43:08 UTC 2020
213 ms. Memory: 51200K Free: 13323K (26%)
ptolemy.util.test.WatchDog.cancel(): canceling Wed Sep 16 15:43:08 UTC 2020
auto.tcl: Setting watchdog for 200 seconds at Wed Sep 16 15:43:08 UTC 2020
128 ms. Memory: 51200K Free: 27777K (54%)
ptolemy.util.test.WatchDog.cancel(): canceling Wed Sep 16 15:43:08 UTC 2020
------------------ testing $PTII/ptolemy/domains/de/test/auto/Time.xml
auto.tcl: Setting watchdog for 200 seconds at Wed Sep 16 15:43:08 UTC 2020
424 ms. Memory: 51200K Free: 32993K (64%)
ptolemy.util.test.WatchDog.cancel(): canceling Wed Sep 16 15:43:08 UTC 2020
auto.tcl: Setting watchdog for 200 seconds at Wed Sep 16 15:43:08 UTC 2020
391 ms. Memory: 51200K Free: 34058K (67%)
ptolemy.util.test.WatchDog.cancel(): canceling Wed Sep 16 15:43:09 UTC 2020
------------------ testing $PTII/ptolemy/domains/de/test/auto/TimeDelayZeroDelay.xml
auto.tcl: Setting watchdog for 200 seconds at Wed Sep 16 15:43:09 UTC 2020
2 ms. Memory: 51200K Free: 32186K (63%)
ptolemy.util.test.WatchDog.cancel(): canceling Wed Sep 16 15:43:09 UTC 2020
auto.tcl: Setting watchdog for 200 seconds at Wed Sep 16 15:43:09 UTC 2020
1 ms. Memory: 51200K Free: 31718K (62%)
ptolemy.util.test.WatchDog.cancel(): canceling Wed Sep 16 15:43:09 UTC 2020
------------------ testing $PTII/ptolemy/domains/de/test/auto/TimerZeroDelay.xml
auto.tcl: Setting watchdog for 200 seconds at Wed Sep 16 15:43:09 UTC 2020
3 ms. Memory: 51200K Free: 32229K (63%)
ptolemy.util.test.WatchDog.cancel(): canceling Wed Sep 16 15:43:09 UTC 2020
auto.tcl: Setting watchdog for 200 seconds at Wed Sep 16 15:43:09 UTC 2020
2 ms. Memory: 51200K Free: 31761K (62%)
ptolemy.util.test.WatchDog.cancel(): canceling Wed Sep 16 15:43:09 UTC 2020
------------------ testing $PTII/ptolemy/domains/de/test/auto/TimingParadox.xml
auto.tcl: Setting watchdog for 200 seconds at Wed Sep 16 15:43:09 UTC 2020
319 ms. Memory: 51200K Free: 17305K (34%)
ptolemy.util.test.WatchDog.cancel(): canceling Wed Sep 16 15:43:09 UTC 2020
auto.tcl: Setting watchdog for 200 seconds at Wed Sep 16 15:43:09 UTC 2020
302 ms. Memory: 51200K Free: 34347K (67%)
ptolemy.util.test.WatchDog.cancel(): canceling Wed Sep 16 15:43:10 UTC 2020
------------------ testing $PTII/ptolemy/domains/de/test/auto/TransferInputs.xml
auto.tcl: Setting watchdog for 200 seconds at Wed Sep 16 15:43:10 UTC 2020
2 ms. Memory: 51200K Free: 30711K (60%)
ptolemy.util.test.WatchDog.cancel(): canceling Wed Sep 16 15:43:10 UTC 2020
auto.tcl: Setting watchdog for 200 seconds at Wed Sep 16 15:43:10 UTC 2020
2 ms. Memory: 51200K Free: 29802K (58%)
ptolemy.util.test.WatchDog.cancel(): canceling Wed Sep 16 15:43:10 UTC 2020
------------------ testing $PTII/ptolemy/domains/de/test/auto/TransferOutputs2.xml
auto.tcl: Setting watchdog for 200 seconds at Wed Sep 16 15:43:10 UTC 2020
3 ms. Memory: 51200K Free: 28139K (55%)
ptolemy.util.test.WatchDog.cancel(): canceling Wed Sep 16 15:43:10 UTC 2020
auto.tcl: Setting watchdog for 200 seconds at Wed Sep 16 15:43:10 UTC 2020
3 ms. Memory: 51200K Free: 26716K (52%)
ptolemy.util.test.WatchDog.cancel(): canceling Wed Sep 16 15:43:10 UTC 2020
------------------ testing $PTII/ptolemy/domains/de/test/auto/Trilateration.xml
auto.tcl: Setting watchdog for 200 seconds at Wed Sep 16 15:43:10 UTC 2020
12378 ms. Memory: 491520K Free: 367599K (75%)
ptolemy.util.test.WatchDog.cancel(): canceling Wed Sep 16 15:43:24 UTC 2020
auto.tcl: Setting watchdog for 200 seconds at Wed Sep 16 15:43:24 UTC 2020
9552 ms. Memory: 491520K Free: 340135K (69%)
ptolemy.util.test.WatchDog.cancel(): canceling Wed Sep 16 15:43:33 UTC 2020
------------------ testing $PTII/ptolemy/domains/de/test/auto/TwoSigmaDelta.xml
auto.tcl: Setting watchdog for 200 seconds at Wed Sep 16 15:43:33 UTC 2020
2195 ms. Memory: 92160K Free: 14028K (15%)
ptolemy.util.test.WatchDog.cancel(): canceling Wed Sep 16 15:43:35 UTC 2020
auto.tcl: Setting watchdog for 200 seconds at Wed Sep 16 15:43:35 UTC 2020
1829 ms. Memory: 92160K Free: 13534K (15%)
ptolemy.util.test.WatchDog.cancel(): canceling Wed Sep 16 15:43:37 UTC 2020
------------------ testing $PTII/ptolemy/domains/de/test/auto/VariableDelay.xml
auto.tcl: Setting watchdog for 200 seconds at Wed Sep 16 15:43:37 UTC 2020
3 ms. Memory: 55296K Free: 35292K (64%)
ptolemy.util.test.WatchDog.cancel(): canceling Wed Sep 16 15:43:37 UTC 2020
auto.tcl: Setting watchdog for 200 seconds at Wed Sep 16 15:43:37 UTC 2020
2 ms. Memory: 55296K Free: 34282K (62%)
ptolemy.util.test.WatchDog.cancel(): canceling Wed Sep 16 15:43:37 UTC 2020
------------------ testing $PTII/ptolemy/domains/de/test/auto/VariableDelay2.xml
auto.tcl: Setting watchdog for 200 seconds at Wed Sep 16 15:43:37 UTC 2020
2 ms. Memory: 55296K Free: 36224K (66%)
ptolemy.util.test.WatchDog.cancel(): canceling Wed Sep 16 15:43:37 UTC 2020
auto.tcl: Setting watchdog for 200 seconds at Wed Sep 16 15:43:37 UTC 2020
2 ms. Memory: 55296K Free: 35194K (64%)
ptolemy.util.test.WatchDog.cancel(): canceling Wed Sep 16 15:43:37 UTC 2020
------------------ testing $PTII/ptolemy/domains/de/test/auto/VariableDelayZeroDelay.xml
auto.tcl: Setting watchdog for 200 seconds at Wed Sep 16 15:43:38 UTC 2020
3 ms. Memory: 55296K Free: 36217K (65%)
ptolemy.util.test.WatchDog.cancel(): canceling Wed Sep 16 15:43:38 UTC 2020
auto.tcl: Setting watchdog for 200 seconds at Wed Sep 16 15:43:38 UTC 2020
2 ms. Memory: 55296K Free: 35689K (65%)
ptolemy.util.test.WatchDog.cancel(): canceling Wed Sep 16 15:43:38 UTC 2020
------------------ testing $PTII/ptolemy/domains/de/test/auto/VariableDelayZeroDelay2.xml
auto.tcl: Setting watchdog for 200 seconds at Wed Sep 16 15:43:38 UTC 2020
4 ms. Memory: 51200K Free: 32121K (63%)
ptolemy.util.test.WatchDog.cancel(): canceling Wed Sep 16 15:43:38 UTC 2020
auto.tcl: Setting watchdog for 200 seconds at Wed Sep 16 15:43:38 UTC 2020
2 ms. Memory: 51200K Free: 31097K (61%)
ptolemy.util.test.WatchDog.cancel(): canceling Wed Sep 16 15:43:38 UTC 2020
------------------ testing $PTII/ptolemy/domains/de/test/auto/deInCt.xml
auto.tcl: Setting watchdog for 200 seconds at Wed Sep 16 15:43:38 UTC 2020
0
1
1
1
0
0
0
0
0
1
1
1
1
1
1
0
0
0
0
0
1
1
1
1
1
7 ms. Memory: 51200K Free: 31094K (61%)
ptolemy.util.test.WatchDog.cancel(): canceling Wed Sep 16 15:43:38 UTC 2020
auto.tcl: Setting watchdog for 200 seconds at Wed Sep 16 15:43:38 UTC 2020
0
1
1
1
0
0
0
0
1
1
1
0
0
0
1
1
1
0
0
0
1
1
1
0
0
0
1
1
1
0
0
0
1
1
1
0
0
0
1
1
1
1
0
0
0
0
1
1
1
1
6 ms. Memory: 51200K Free: 29575K (58%)
ptolemy.util.test.WatchDog.cancel(): canceling Wed Sep 16 15:43:38 UTC 2020
------------------ testing $PTII/ptolemy/domains/de/test/auto/deInCt2.xml
auto.tcl: Setting watchdog for 200 seconds at Wed Sep 16 15:43:38 UTC 2020
0
1
1
1
0
0
1
1
1
0
0
1
1
1
0
0
1
1
1
0
0
1
1
1
0
0
1
1
1
0
0
1
1
1
0
0
1
1
1
0
0
0
10 ms. Memory: 51200K Free: 31095K (61%)
ptolemy.util.test.WatchDog.cancel(): canceling Wed Sep 16 15:43:38 UTC 2020
auto.tcl: Setting watchdog for 200 seconds at Wed Sep 16 15:43:38 UTC 2020
0
1
1
1
0
0
1
1
1
0
0
1
1
1
0
0
1
1
1
0
0
1
1
1
0
0
1
1
1
0
0
1
1
1
0
0
1
1
1
0
0
0
8 ms. Memory: 51200K Free: 29575K (58%)
ptolemy.util.test.WatchDog.cancel(): canceling Wed Sep 16 15:43:38 UTC 2020
------------------ testing $PTII/ptolemy/domains/de/test/auto/dynamicCausalityInterface1.xml
auto.tcl: Setting watchdog for 200 seconds at Wed Sep 16 15:43:38 UTC 2020
1 ms. Memory: 51200K Free: 26993K (53%)
ptolemy.util.test.WatchDog.cancel(): canceling Wed Sep 16 15:43:38 UTC 2020
auto.tcl: Setting watchdog for 200 seconds at Wed Sep 16 15:43:38 UTC 2020
1 ms. Memory: 51200K Free: 26498K (52%)
ptolemy.util.test.WatchDog.cancel(): canceling Wed Sep 16 15:43:38 UTC 2020
------------------ testing $PTII/ptolemy/domains/de/test/auto/fsm_de_test.xml
auto.tcl: Setting watchdog for 200 seconds at Wed Sep 16 15:43:38 UTC 2020
9 ms. Memory: 51200K Free: 26892K (53%)
ptolemy.util.test.WatchDog.cancel(): canceling Wed Sep 16 15:43:38 UTC 2020
auto.tcl: Setting watchdog for 200 seconds at Wed Sep 16 15:43:38 UTC 2020
7 ms. Memory: 51200K Free: 24871K (49%)
ptolemy.util.test.WatchDog.cancel(): canceling Wed Sep 16 15:43:38 UTC 2020
------------------ testing $PTII/ptolemy/domains/de/test/auto/functionDependencyReconstruction.xml
auto.tcl: Setting watchdog for 200 seconds at Wed Sep 16 15:43:38 UTC 2020
4 ms. Memory: 51200K Free: 20737K (41%)
ptolemy.util.test.WatchDog.cancel(): canceling Wed Sep 16 15:43:38 UTC 2020
auto.tcl: Setting watchdog for 200 seconds at Wed Sep 16 15:43:38 UTC 2020
3 ms. Memory: 51200K Free: 18689K (37%)
ptolemy.util.test.WatchDog.cancel(): canceling Wed Sep 16 15:43:38 UTC 2020
------------------ testing $PTII/ptolemy/domains/de/test/auto/multirate.xml
auto.tcl: Setting watchdog for 200 seconds at Wed Sep 16 15:43:38 UTC 2020
8 ms. Memory: 51200K Free: 29524K (58%)
ptolemy.util.test.WatchDog.cancel(): canceling Wed Sep 16 15:43:38 UTC 2020
auto.tcl: Setting watchdog for 200 seconds at Wed Sep 16 15:43:38 UTC 2020
3 ms. Memory: 51200K Free: 27796K (54%)
ptolemy.util.test.WatchDog.cancel(): canceling Wed Sep 16 15:43:38 UTC 2020
------------------ testing $PTII/ptolemy/domains/de/test/auto/multirate2.xml
auto.tcl: Setting watchdog for 200 seconds at Wed Sep 16 15:43:38 UTC 2020
6 ms. Memory: 51200K Free: 29727K (58%)
ptolemy.util.test.WatchDog.cancel(): canceling Wed Sep 16 15:43:38 UTC 2020
auto.tcl: Setting watchdog for 200 seconds at Wed Sep 16 15:43:38 UTC 2020
3 ms. Memory: 51200K Free: 27994K (55%)
ptolemy.util.test.WatchDog.cancel(): canceling Wed Sep 16 15:43:38 UTC 2020
------------------ testing $PTII/ptolemy/domains/de/test/auto/realtime.xml
auto.tcl: Setting watchdog for 200 seconds at Wed Sep 16 15:43:38 UTC 2020
10001 ms. Memory: 51200K Free: 31753K (62%)
ptolemy.util.test.WatchDog.cancel(): canceling Wed Sep 16 15:43:48 UTC 2020
auto.tcl: Setting watchdog for 200 seconds at Wed Sep 16 15:43:48 UTC 2020
10001 ms. Memory: 51200K Free: 31039K (61%)
ptolemy.util.test.WatchDog.cancel(): canceling Wed Sep 16 15:43:58 UTC 2020
------------------ testing $PTII/ptolemy/domains/de/test/auto/relationGroup.xml
auto.tcl: Setting watchdog for 200 seconds at Wed Sep 16 15:43:58 UTC 2020
2 ms. Memory: 51200K Free: 32853K (64%)
ptolemy.util.test.WatchDog.cancel(): canceling Wed Sep 16 15:43:58 UTC 2020
auto.tcl: Setting watchdog for 200 seconds at Wed Sep 16 15:43:58 UTC 2020
1 ms. Memory: 51200K Free: 32117K (63%)
ptolemy.util.test.WatchDog.cancel(): canceling Wed Sep 16 15:43:58 UTC 2020
------------------ testing $PTII/ptolemy/domains/de/test/auto/relationGroup2.xml
auto.tcl: Setting watchdog for 200 seconds at Wed Sep 16 15:43:58 UTC 2020
1 ms. Memory: 51200K Free: 32878K (64%)
ptolemy.util.test.WatchDog.cancel(): canceling Wed Sep 16 15:43:58 UTC 2020
auto.tcl: Setting watchdog for 200 seconds at Wed Sep 16 15:43:58 UTC 2020
2 ms. Memory: 51200K Free: 32142K (63%)
ptolemy.util.test.WatchDog.cancel(): canceling Wed Sep 16 15:43:58 UTC 2020
------------------ testing $PTII/ptolemy/domains/de/test/auto/sortWithOpaquePorts.xml
auto.tcl: Setting watchdog for 200 seconds at Wed Sep 16 15:43:58 UTC 2020
2 ms. Memory: 51200K Free: 31626K (62%)
ptolemy.util.test.WatchDog.cancel(): canceling Wed Sep 16 15:43:58 UTC 2020
auto.tcl: Setting watchdog for 200 seconds at Wed Sep 16 15:43:58 UTC 2020
2 ms. Memory: 51200K Free: 30609K (60%)
ptolemy.util.test.WatchDog.cancel(): canceling Wed Sep 16 15:43:58 UTC 2020
------------------ testing $PTII/ptolemy/domains/de/test/auto/transferInputsandOutputs.xml
auto.tcl: Setting watchdog for 200 seconds at Wed Sep 16 15:43:58 UTC 2020
2 ms. Memory: 51200K Free: 29058K (57%)
ptolemy.util.test.WatchDog.cancel(): canceling Wed Sep 16 15:43:58 UTC 2020
auto.tcl: Setting watchdog for 200 seconds at Wed Sep 16 15:43:58 UTC 2020
2 ms. Memory: 51200K Free: 28074K (55%)
ptolemy.util.test.WatchDog.cancel(): canceling Wed Sep 16 15:43:58 UTC 2020
------------------ testing $PTII/ptolemy/domains/de/test/auto/triggerType.xml
auto.tcl: Setting watchdog for 200 seconds at Wed Sep 16 15:43:59 UTC 2020
2 ms. Memory: 51200K Free: 32083K (63%)
ptolemy.util.test.WatchDog.cancel(): canceling Wed Sep 16 15:43:59 UTC 2020
auto.tcl: Setting watchdog for 200 seconds at Wed Sep 16 15:43:59 UTC 2020
2 ms. Memory: 51200K Free: 31059K (61%)
ptolemy.util.test.WatchDog.cancel(): canceling Wed Sep 16 15:43:59 UTC 2020
09/16/20 03:43:59
Failed: 0  Total Tests: 192  ((Passed: 187, Newly Passed: 1)  Known Failed: 5) /home/travis/build/icyphy/ptII/ptolemy/domains/de/test
09/16/20 03:43:59
Failed: 0  Total Tests: 192  ((Passed: 187, Newly Passed: 1)  Known Failed: 5) /home/travis/build/icyphy/ptII/ptolemy/domains/de/test
----------------- testing (KnownFailure) /home/travis/build/icyphy/ptII/ptolemy/domains/de/test/auto/knownFailedTests/DESDFClockTest.xml
2010 ms. Memory: 51200K Free: 25478K (50%)
Known Failure: java.lang.reflect.InvocationTargetException
----------------- testing (KnownFailure) /home/travis/build/icyphy/ptII/ptolemy/domains/de/test/auto/knownFailedTests/DirectFeedback.xml
2 ms. Memory: 51200K Free: 21382K (42%)
Known Failure: java.lang.reflect.InvocationTargetException
----------------- testing (KnownFailure) /home/travis/build/icyphy/ptII/ptolemy/domains/de/test/auto/knownFailedTests/FSMSource.xml
10 ms. Memory: 51200K Free: 13704K (27%)
----------------- testing (KnownFailure) /home/travis/build/icyphy/ptII/ptolemy/domains/de/test/auto/knownFailedTests/HierarchicalModel.xml
3 ms. Memory: 51200K Free: 25903K (51%)
Known Failure: java.lang.reflect.InvocationTargetException
----------------- testing (KnownFailure) /home/travis/build/icyphy/ptII/ptolemy/domains/de/test/auto/knownFailedTests/dependencyLoop.xml
2 ms. Memory: 51200K Free: 10607K (21%)
Known Failure: java.lang.reflect.InvocationTargetException
----------------- testing (KnownFailure) /home/travis/build/icyphy/ptII/ptolemy/domains/de/test/auto/knownFailedTests/dependencyLoop2.xml
7 ms. Memory: 51200K Free: 23452K (46%)
Known Failure: java.lang.reflect.InvocationTargetException
No auto/linux-amd64/*.xml tests in /home/travis/build/icyphy/ptII/ptolemy/domains/de/test
AutoTests.java: About to close Vertx.
AutoTests.java: Vertx closed.

===========================================================================================
----------------- testing Wed Sep 16 15:44:01 UTC 2020 /home/travis/build/icyphy/ptII/ptolemy/domains/de/test/auto/ActorDepthCalculation_actorWithoutPorts.xml
----------------- Instantiating /home/travis/build/icyphy/ptII/ptolemy/domains/de/test/auto/ActorDepthCalculation_actorWithoutPorts.xml
2 ms. Memory: 51200K Free: 16999K (33%)
----------------- Invoking toplevel() on ptolemy.moml.MoMLSimpleApplication@72fbec0d
----------------- Done invoking toplevel() on ptolemy.moml.MoMLSimpleApplication@72fbec0d
reloadAllAccessors: .ActorDepthCalculation_actorWithoutPorts

===========================================================================================
----------------- testing Wed Sep 16 15:44:01 UTC 2020 /home/travis/build/icyphy/ptII/ptolemy/domains/de/test/auto/AssemblyLine.xml
----------------- Instantiating /home/travis/build/icyphy/ptII/ptolemy/domains/de/test/auto/AssemblyLine.xml
3 ms. Memory: 51200K Free: 9847K (19%)
----------------- Invoking toplevel() on ptolemy.moml.MoMLSimpleApplication@41ea0363
----------------- Done invoking toplevel() on ptolemy.moml.MoMLSimpleApplication@41ea0363
reloadAllAccessors: .AssemblyLine

===========================================================================================
----------------- testing Wed Sep 16 15:44:01 UTC 2020 /home/travis/build/icyphy/ptII/ptolemy/domains/de/test/auto/CQBug1.xml
----------------- Instantiating /home/travis/build/icyphy/ptII/ptolemy/domains/de/test/auto/CQBug1.xml
1 ms. Memory: 51200K Free: 34618K (68%)
----------------- Invoking toplevel() on ptolemy.moml.MoMLSimpleApplication@5f6700ef
----------------- Done invoking toplevel() on ptolemy.moml.MoMLSimpleApplication@5f6700ef
reloadAllAccessors: .CQBug1

===========================================================================================
----------------- testing Wed Sep 16 15:44:01 UTC 2020 /home/travis/build/icyphy/ptII/ptolemy/domains/de/test/auto/CancelFireAt.xml
----------------- Instantiating /home/travis/build/icyphy/ptII/ptolemy/domains/de/test/auto/CancelFireAt.xml
2 ms. Memory: 51200K Free: 31979K (62%)
----------------- Invoking toplevel() on ptolemy.moml.MoMLSimpleApplication@5ff15fc9
----------------- Done invoking toplevel() on ptolemy.moml.MoMLSimpleApplication@5ff15fc9
reloadAllAccessors: .CancelFireAt

===========================================================================================
----------------- testing Wed Sep 16 15:44:01 UTC 2020 /home/travis/build/icyphy/ptII/ptolemy/domains/de/test/auto/CausalityAndComposabilityAnalysis.xml
----------------- Instantiating /home/travis/build/icyphy/ptII/ptolemy/domains/de/test/auto/CausalityAndComposabilityAnalysis.xml
1 ms. Memory: 51200K Free: 27851K (54%)
----------------- Invoking toplevel() on ptolemy.moml.MoMLSimpleApplication@302509b0
----------------- Done invoking toplevel() on ptolemy.moml.MoMLSimpleApplication@302509b0
reloadAllAccessors: .CausalityAndComposabilityAnalysis

===========================================================================================
----------------- testing Wed Sep 16 15:44:01 UTC 2020 /home/travis/build/icyphy/ptII/ptolemy/domains/de/test/auto/CausalityInterface1.xml
----------------- Instantiating /home/travis/build/icyphy/ptII/ptolemy/domains/de/test/auto/CausalityInterface1.xml
6 ms. Memory: 51200K Free: 22747K (44%)
----------------- Invoking toplevel() on ptolemy.moml.MoMLSimpleApplication@2c7111f4
----------------- Done invoking toplevel() on ptolemy.moml.MoMLSimpleApplication@2c7111f4
reloadAllAccessors: .CausalityInterface1

===========================================================================================
----------------- testing Wed Sep 16 15:44:01 UTC 2020 /home/travis/build/icyphy/ptII/ptolemy/domains/de/test/auto/CausalityInterface15.xml
----------------- Instantiating /home/travis/build/icyphy/ptII/ptolemy/domains/de/test/auto/CausalityInterface15.xml
11 ms. Memory: 51200K Free: 17178K (34%)
----------------- Invoking toplevel() on ptolemy.moml.MoMLSimpleApplication@94726ad
----------------- Done invoking toplevel() on ptolemy.moml.MoMLSimpleApplication@94726ad
reloadAllAccessors: .CausalityInterface15

===========================================================================================
----------------- testing Wed Sep 16 15:44:01 UTC 2020 /home/travis/build/icyphy/ptII/ptolemy/domains/de/test/auto/CausalityInterface2.xml
----------------- Instantiating /home/travis/build/icyphy/ptII/ptolemy/domains/de/test/auto/CausalityInterface2.xml
1 ms. Memory: 51200K Free: 12537K (24%)
[...]
	at ptolemy.actor.Manager.run(Manager.java:1263)
	at ptolemy.actor.Manager$PtolemyRunThread.run(Manager.java:1933)
java.lang.RuntimeException: Execution failed
	at ptolemy.moml.MoMLSimpleApplication$UnloadThread.run(MoMLSimpleApplication.java:402)
Caused by: ptolemy.kernel.util.IllegalActionException: Actor is not ready to fire.  Perhaps UpSample.prefire() returned false? Try debugging the actor by selecting "Listen to Actor".  Also, for SDF check moml for tokenConsumptionRate on input.
  in .DESDFClockTest.Play Bell.Copy1:SDF Director and .DESDFClockTest.Play Bell.UpSample
	at ptolemy.actor.sched.StaticSchedulingDirector.fire(StaticSchedulingDirector.java:227)
	at ptolemy.domains.sdf.kernel.SDFDirector.fire(SDFDirector.java:500)
	at ptolemy.actor.CompositeActor.fire(CompositeActor.java:455)
	at ptolemy.domains.de.kernel.DEDirector._fire(DEDirector.java:1949)
	at ptolemy.domains.de.kernel.DEDirector.fire(DEDirector.java:502)
	at ptolemy.actor.CompositeActor.fire(CompositeActor.java:455)
	at ptolemy.actor.Manager.iterate(Manager.java:851)
	at ptolemy.actor.Manager.execute(Manager.java:369)
	at ptolemy.actor.Manager.run(Manager.java:1263)
	at ptolemy.actor.Manager$PtolemyRunThread.run(Manager.java:1933)
java.lang.reflect.InvocationTargetException
	at java.base/jdk.internal.reflect.NativeConstructorAccessorImpl.newInstance0(Native Method)
	at java.base/jdk.internal.reflect.NativeConstructorAccessorImpl.newInstance(NativeConstructorAccessorImpl.java:62)
	at java.base/jdk.internal.reflect.DelegatingConstructorAccessorImpl.newInstance(DelegatingConstructorAccessorImpl.java:45)
	at java.base/java.lang.reflect.Constructor.newInstance(Constructor.java:490)
	at ptolemy.util.test.junit.AutoKnownFailedTests.RunModel(AutoKnownFailedTests.java:105)
	at java.base/jdk.internal.reflect.NativeMethodAccessorImpl.invoke0(Native Method)
	at java.base/jdk.internal.reflect.NativeMethodAccessorImpl.invoke(NativeMethodAccessorImpl.java:62)
	at java.base/jdk.internal.reflect.DelegatingMethodAccessorImpl.invoke(DelegatingMethodAccessorImpl.java:43)
	at java.base/java.lang.reflect.Method.invoke(Method.java:566)
	at org.junit.runners.model.FrameworkMethod$1.runReflectiveCall(FrameworkMethod.java:44)
	at org.junit.internal.runners.model.ReflectiveCallable.run(ReflectiveCallable.java:15)
	at org.junit.runners.model.FrameworkMethod.invokeExplosively(FrameworkMethod.java:41)
	at junitparams.internal.InvokeParameterisedMethod.evaluate(InvokeParameterisedMethod.java:102)
	at org.junit.internal.runners.statements.FailOnTimeout$1.run(FailOnTimeout.java:28)
Caused by: ptolemy.kernel.util.IllegalActionException: Actor is not ready to fire.  Perhaps UpSample.prefire() returned false? Try debugging the actor by selecting "Listen to Actor".  Also, for SDF check moml for tokenConsumptionRate on input.
  in .DESDFClockTest.Play Bell.Copy1:SDF Director and .DESDFClockTest.Play Bell.UpSample
	at ptolemy.actor.sched.StaticSchedulingDirector.fire(StaticSchedulingDirector.java:227)
	at ptolemy.domains.sdf.kernel.SDFDirector.fire(SDFDirector.java:500)
	at ptolemy.actor.CompositeActor.fire(CompositeActor.java:455)
	at ptolemy.domains.de.kernel.DEDirector._fire(DEDirector.java:1949)
	at ptolemy.domains.de.kernel.DEDirector.fire(DEDirector.java:502)
	at ptolemy.actor.CompositeActor.fire(CompositeActor.java:455)
	at ptolemy.actor.Manager.iterate(Manager.java:851)
	at ptolemy.actor.Manager.execute(Manager.java:369)
	at ptolemy.actor.Manager.run(Manager.java:1263)
	at ptolemy.actor.Manager$PtolemyRunThread.run(Manager.java:1933)
java.lang.RuntimeException: Execution failed
	at ptolemy.moml.MoMLSimpleApplication$UnloadThread.run(MoMLSimpleApplication.java:402)
Caused by: ptolemy.kernel.util.IllegalActionException: Test fails in iteration 1.
Value was: 1.0. Should have been: 2.0
  in .DirectFeedback.Test
	at ptolemy.actor.lib.Test.fire(Test.java:268)
	at ptolemy.domains.de.kernel.DEDirector._fire(DEDirector.java:1949)
	at ptolemy.domains.de.kernel.DEDirector.fire(DEDirector.java:502)
	at ptolemy.actor.CompositeActor.fire(CompositeActor.java:455)
	at ptolemy.actor.Manager.iterate(Manager.java:851)
	at ptolemy.actor.Manager.execute(Manager.java:369)
	at ptolemy.actor.Manager.run(Manager.java:1263)
	at ptolemy.actor.Manager$PtolemyRunThread.run(Manager.java:1933)
java.lang.reflect.InvocationTargetException
	at java.base/jdk.internal.reflect.NativeConstructorAccessorImpl.newInstance0(Native Method)
	at java.base/jdk.internal.reflect.NativeConstructorAccessorImpl.newInstance(NativeConstructorAccessorImpl.java:62)
	at java.base/jdk.internal.reflect.DelegatingConstructorAccessorImpl.newInstance(DelegatingConstructorAccessorImpl.java:45)
	at java.base/java.lang.reflect.Constructor.newInstance(Constructor.java:490)
	at ptolemy.util.test.junit.AutoKnownFailedTests.RunModel(AutoKnownFailedTests.java:105)
	at java.base/jdk.internal.reflect.NativeMethodAccessorImpl.invoke0(Native Method)
	at java.base/jdk.internal.reflect.NativeMethodAccessorImpl.invoke(NativeMethodAccessorImpl.java:62)
	at java.base/jdk.internal.reflect.DelegatingMethodAccessorImpl.invoke(DelegatingMethodAccessorImpl.java:43)
	at java.base/java.lang.reflect.Method.invoke(Method.java:566)
	at org.junit.runners.model.FrameworkMethod$1.runReflectiveCall(FrameworkMethod.java:44)
	at org.junit.internal.runners.model.ReflectiveCallable.run(ReflectiveCallable.java:15)
	at org.junit.runners.model.FrameworkMethod.invokeExplosively(FrameworkMethod.java:41)
	at junitparams.internal.InvokeParameterisedMethod.evaluate(InvokeParameterisedMethod.java:102)
	at org.junit.internal.runners.statements.FailOnTimeout$1.run(FailOnTimeout.java:28)
Caused by: ptolemy.kernel.util.IllegalActionException: Test fails in iteration 1.
Value was: 1.0. Should have been: 2.0
  in .DirectFeedback.Test
	at ptolemy.actor.lib.Test.fire(Test.java:268)
	at ptolemy.domains.de.kernel.DEDirector._fire(DEDirector.java:1949)
	at ptolemy.domains.de.kernel.DEDirector.fire(DEDirector.java:502)
	at ptolemy.actor.CompositeActor.fire(CompositeActor.java:455)
	at ptolemy.actor.Manager.iterate(Manager.java:851)
	at ptolemy.actor.Manager.execute(Manager.java:369)
	at ptolemy.actor.Manager.run(Manager.java:1263)
	at ptolemy.actor.Manager$PtolemyRunThread.run(Manager.java:1933)
java.lang.RuntimeException: Execution failed
	at ptolemy.moml.MoMLSimpleApplication$UnloadThread.run(MoMLSimpleApplication.java:402)
Caused by: ptolemy.kernel.util.IllegalActionException: Found a zero delay loop containing .HierarchicalModel.A
  in .HierarchicalModel and .HierarchicalModel.A
	at ptolemy.actor.util.CausalityInterfaceForComposites._computeOutputPortDepth(CausalityInterfaceForComposites.java:759)
	at ptolemy.actor.util.CausalityInterfaceForComposites._computeInputDepth(CausalityInterfaceForComposites.java:696)
	at ptolemy.actor.util.CausalityInterfaceForComposites._computeOutputPortDepth(CausalityInterfaceForComposites.java:765)
	at ptolemy.actor.util.CausalityInterfaceForComposites._computeInputDepth(CausalityInterfaceForComposites.java:696)
	at ptolemy.actor.util.CausalityInterfaceForComposites._computeOutputPortDepth(CausalityInterfaceForComposites.java:765)
	at ptolemy.actor.util.CausalityInterfaceForComposites._computeInputDepth(CausalityInterfaceForComposites.java:696)
	at ptolemy.actor.util.CausalityInterfaceForComposites._computeActorDepth(CausalityInterfaceForComposites.java:532)
	at ptolemy.actor.util.CausalityInterfaceForComposites.checkForCycles(CausalityInterfaceForComposites.java:96)
	at ptolemy.domains.de.kernel.DEDirector.preinitialize(DEDirector.java:1338)
	at ptolemy.actor.CompositeActor.preinitialize(CompositeActor.java:1828)
	at ptolemy.actor.Manager.preinitializeAndResolveTypes(Manager.java:1040)
	at ptolemy.actor.Manager.initialize(Manager.java:710)
	at ptolemy.actor.Manager.execute(Manager.java:356)
	at ptolemy.actor.Manager.run(Manager.java:1263)
	at ptolemy.actor.Manager$PtolemyRunThread.run(Manager.java:1933)
java.lang.reflect.InvocationTargetException
	at java.base/jdk.internal.reflect.NativeConstructorAccessorImpl.newInstance0(Native Method)
	at java.base/jdk.internal.reflect.NativeConstructorAccessorImpl.newInstance(NativeConstructorAccessorImpl.java:62)
	at java.base/jdk.internal.reflect.DelegatingConstructorAccessorImpl.newInstance(DelegatingConstructorAccessorImpl.java:45)
	at java.base/java.lang.reflect.Constructor.newInstance(Constructor.java:490)
	at ptolemy.util.test.junit.AutoKnownFailedTests.RunModel(AutoKnownFailedTests.java:105)
	at java.base/jdk.internal.reflect.NativeMethodAccessorImpl.invoke0(Native Method)
	at java.base/jdk.internal.reflect.NativeMethodAccessorImpl.invoke(NativeMethodAccessorImpl.java:62)
	at java.base/jdk.internal.reflect.DelegatingMethodAccessorImpl.invoke(DelegatingMethodAccessorImpl.java:43)
	at java.base/java.lang.reflect.Method.invoke(Method.java:566)
	at org.junit.runners.model.FrameworkMethod$1.runReflectiveCall(FrameworkMethod.java:44)
	at org.junit.internal.runners.model.ReflectiveCallable.run(ReflectiveCallable.java:15)
	at org.junit.runners.model.FrameworkMethod.invokeExplosively(FrameworkMethod.java:41)
	at junitparams.internal.InvokeParameterisedMethod.evaluate(InvokeParameterisedMethod.java:102)
	at org.junit.internal.runners.statements.FailOnTimeout$1.run(FailOnTimeout.java:28)
Caused by: ptolemy.kernel.util.IllegalActionException: Found a zero delay loop containing .HierarchicalModel.A
  in .HierarchicalModel and .HierarchicalModel.A
	at ptolemy.actor.util.CausalityInterfaceForComposites._computeOutputPortDepth(CausalityInterfaceForComposites.java:759)
	at ptolemy.actor.util.CausalityInterfaceForComposites._computeInputDepth(CausalityInterfaceForComposites.java:696)
	at ptolemy.actor.util.CausalityInterfaceForComposites._computeOutputPortDepth(CausalityInterfaceForComposites.java:765)
	at ptolemy.actor.util.CausalityInterfaceForComposites._computeInputDepth(CausalityInterfaceForComposites.java:696)
	at ptolemy.actor.util.CausalityInterfaceForComposites._computeOutputPortDepth(CausalityInterfaceForComposites.java:765)
	at ptolemy.actor.util.CausalityInterfaceForComposites._computeInputDepth(CausalityInterfaceForComposites.java:696)
	at ptolemy.actor.util.CausalityInterfaceForComposites._computeActorDepth(CausalityInterfaceForComposites.java:532)
	at ptolemy.actor.util.CausalityInterfaceForComposites.checkForCycles(CausalityInterfaceForComposites.java:96)
	at ptolemy.domains.de.kernel.DEDirector.preinitialize(DEDirector.java:1338)
	at ptolemy.actor.CompositeActor.preinitialize(CompositeActor.java:1828)
	at ptolemy.actor.Manager.preinitializeAndResolveTypes(Manager.java:1040)
	at ptolemy.actor.Manager.initialize(Manager.java:710)
	at ptolemy.actor.Manager.execute(Manager.java:356)
	at ptolemy.actor.Manager.run(Manager.java:1263)
	at ptolemy.actor.Manager$PtolemyRunThread.run(Manager.java:1933)
java.lang.RuntimeException: Execution failed
	at ptolemy.moml.MoMLSimpleApplication$UnloadThread.run(MoMLSimpleApplication.java:402)
Caused by: ptolemy.kernel.util.IllegalActionException: Found a zero delay loop containing .dependencyLoop.original
  in .dependencyLoop and .dependencyLoop.original
	at ptolemy.actor.util.CausalityInterfaceForComposites._computeOutputPortDepth(CausalityInterfaceForComposites.java:759)
	at ptolemy.actor.util.CausalityInterfaceForComposites._computeInputDepth(CausalityInterfaceForComposites.java:696)
	at ptolemy.actor.util.CausalityInterfaceForComposites._computeOutputPortDepth(CausalityInterfaceForComposites.java:765)
	at ptolemy.actor.util.CausalityInterfaceForComposites._computeInputDepth(CausalityInterfaceForComposites.java:696)
	at ptolemy.actor.util.CausalityInterfaceForComposites._computeOutputPortDepth(CausalityInterfaceForComposites.java:765)
	at ptolemy.actor.util.CausalityInterfaceForComposites._computeInputDepth(CausalityInterfaceForComposites.java:696)
	at ptolemy.actor.util.CausalityInterfaceForComposites._computeActorDepth(CausalityInterfaceForComposites.java:532)
	at ptolemy.actor.util.CausalityInterfaceForComposites.checkForCycles(CausalityInterfaceForComposites.java:96)
	at ptolemy.domains.de.kernel.DEDirector.preinitialize(DEDirector.java:1338)
	at ptolemy.actor.CompositeActor.preinitialize(CompositeActor.java:1828)
	at ptolemy.actor.Manager.preinitializeAndResolveTypes(Manager.java:1040)
	at ptolemy.actor.Manager.initialize(Manager.java:710)
	at ptolemy.actor.Manager.execute(Manager.java:356)
	at ptolemy.actor.Manager.run(Manager.java:1263)
	at ptolemy.actor.Manager$PtolemyRunThread.run(Manager.java:1933)
java.lang.reflect.InvocationTargetException
	at java.base/jdk.internal.reflect.NativeConstructorAccessorImpl.newInstance0(Native Method)
	at java.base/jdk.internal.reflect.NativeConstructorAccessorImpl.newInstance(NativeConstructorAccessorImpl.java:62)
	at java.base/jdk.internal.reflect.DelegatingConstructorAccessorImpl.newInstance(DelegatingConstructorAccessorImpl.java:45)
	at java.base/java.lang.reflect.Constructor.newInstance(Constructor.java:490)
	at ptolemy.util.test.junit.AutoKnownFailedTests.RunModel(AutoKnownFailedTests.java:105)
	at java.base/jdk.internal.reflect.NativeMethodAccessorImpl.invoke0(Native Method)
	at java.base/jdk.internal.reflect.NativeMethodAccessorImpl.invoke(NativeMethodAccessorImpl.java:62)
	at java.base/jdk.internal.reflect.DelegatingMethodAccessorImpl.invoke(DelegatingMethodAccessorImpl.java:43)
	at java.base/java.lang.reflect.Method.invoke(Method.java:566)
	at org.junit.runners.model.FrameworkMethod$1.runReflectiveCall(FrameworkMethod.java:44)
	at org.junit.internal.runners.model.ReflectiveCallable.run(ReflectiveCallable.java:15)
	at org.junit.runners.model.FrameworkMethod.invokeExplosively(FrameworkMethod.java:41)
	at junitparams.internal.InvokeParameterisedMethod.evaluate(InvokeParameterisedMethod.java:102)
	at org.junit.internal.runners.statements.FailOnTimeout$1.run(FailOnTimeout.java:28)
Caused by: ptolemy.kernel.util.IllegalActionException: Found a zero delay loop containing .dependencyLoop.original
  in .dependencyLoop and .dependencyLoop.original
	at ptolemy.actor.util.CausalityInterfaceForComposites._computeOutputPortDepth(CausalityInterfaceForComposites.java:759)
	at ptolemy.actor.util.CausalityInterfaceForComposites._computeInputDepth(CausalityInterfaceForComposites.java:696)
	at ptolemy.actor.util.CausalityInterfaceForComposites._computeOutputPortDepth(CausalityInterfaceForComposites.java:765)
	at ptolemy.actor.util.CausalityInterfaceForComposites._computeInputDepth(CausalityInterfaceForComposites.java:696)
	at ptolemy.actor.util.CausalityInterfaceForComposites._computeOutputPortDepth(CausalityInterfaceForComposites.java:765)
	at ptolemy.actor.util.CausalityInterfaceForComposites._computeInputDepth(CausalityInterfaceForComposites.java:696)
	at ptolemy.actor.util.CausalityInterfaceForComposites._computeActorDepth(CausalityInterfaceForComposites.java:532)
	at ptolemy.actor.util.CausalityInterfaceForComposites.checkForCycles(CausalityInterfaceForComposites.java:96)
	at ptolemy.domains.de.kernel.DEDirector.preinitialize(DEDirector.java:1338)
	at ptolemy.actor.CompositeActor.preinitialize(CompositeActor.java:1828)
	at ptolemy.actor.Manager.preinitializeAndResolveTypes(Manager.java:1040)
	at ptolemy.actor.Manager.initialize(Manager.java:710)
	at ptolemy.actor.Manager.execute(Manager.java:356)
	at ptolemy.actor.Manager.run(Manager.java:1263)
	at ptolemy.actor.Manager$PtolemyRunThread.run(Manager.java:1933)
java.lang.RuntimeException: Execution failed
	at ptolemy.moml.MoMLSimpleApplication$UnloadThread.run(MoMLSimpleApplication.java:402)
Caused by: ptolemy.kernel.util.IllegalActionException: Found a zero delay loop containing .dependencyLoop2.original
  in .dependencyLoop2 and .dependencyLoop2.original
	at ptolemy.actor.util.CausalityInterfaceForComposites._computeOutputPortDepth(CausalityInterfaceForComposites.java:759)
	at ptolemy.actor.util.CausalityInterfaceForComposites._computeInputDepth(CausalityInterfaceForComposites.java:696)
	at ptolemy.actor.util.CausalityInterfaceForComposites._computeOutputPortDepth(CausalityInterfaceForComposites.java:765)
	at ptolemy.actor.util.CausalityInterfaceForComposites._computeInputDepth(CausalityInterfaceForComposites.java:696)
	at ptolemy.actor.util.CausalityInterfaceForComposites._computeOutputPortDepth(CausalityInterfaceForComposites.java:765)
	at ptolemy.actor.util.CausalityInterfaceForComposites._computeInputDepth(CausalityInterfaceForComposites.java:696)
	at ptolemy.actor.util.CausalityInterfaceForComposites._computeActorDepth(CausalityInterfaceForComposites.java:532)
	at ptolemy.actor.util.CausalityInterfaceForComposites.checkForCycles(CausalityInterfaceForComposites.java:96)
	at ptolemy.domains.de.kernel.DEDirector.preinitialize(DEDirector.java:1338)
	at ptolemy.actor.CompositeActor.preinitialize(CompositeActor.java:1828)
	at ptolemy.actor.Manager.preinitializeAndResolveTypes(Manager.java:1040)
	at ptolemy.actor.Manager.initialize(Manager.java:710)
	at ptolemy.actor.Manager.execute(Manager.java:356)
	at ptolemy.actor.Manager.run(Manager.java:1263)
	at ptolemy.actor.Manager$PtolemyRunThread.run(Manager.java:1933)
java.lang.reflect.InvocationTargetException
	at java.base/jdk.internal.reflect.NativeConstructorAccessorImpl.newInstance0(Native Method)
	at java.base/jdk.internal.reflect.NativeConstructorAccessorImpl.newInstance(NativeConstructorAccessorImpl.java:62)
	at java.base/jdk.internal.reflect.DelegatingConstructorAccessorImpl.newInstance(DelegatingConstructorAccessorImpl.java:45)
	at java.base/java.lang.reflect.Constructor.newInstance(Constructor.java:490)
	at ptolemy.util.test.junit.AutoKnownFailedTests.RunModel(AutoKnownFailedTests.java:105)
	at java.base/jdk.internal.reflect.NativeMethodAccessorImpl.invoke0(Native Method)
	at java.base/jdk.internal.reflect.NativeMethodAccessorImpl.invoke(NativeMethodAccessorImpl.java:62)
	at java.base/jdk.internal.reflect.DelegatingMethodAccessorImpl.invoke(DelegatingMethodAccessorImpl.java:43)
	at java.base/java.lang.reflect.Method.invoke(Method.java:566)
	at org.junit.runners.model.FrameworkMethod$1.runReflectiveCall(FrameworkMethod.java:44)
	at org.junit.internal.runners.model.ReflectiveCallable.run(ReflectiveCallable.java:15)
	at org.junit.runners.model.FrameworkMethod.invokeExplosively(FrameworkMethod.java:41)
	at junitparams.internal.InvokeParameterisedMethod.evaluate(InvokeParameterisedMethod.java:102)
	at org.junit.internal.runners.statements.FailOnTimeout$1.run(FailOnTimeout.java:28)
Caused by: ptolemy.kernel.util.IllegalActionException: Found a zero delay loop containing .dependencyLoop2.original
  in .dependencyLoop2 and .dependencyLoop2.original
	at ptolemy.actor.util.CausalityInterfaceForComposites._computeOutputPortDepth(CausalityInterfaceForComposites.java:759)
	at ptolemy.actor.util.CausalityInterfaceForComposites._computeInputDepth(CausalityInterfaceForComposites.java:696)
	at ptolemy.actor.util.CausalityInterfaceForComposites._computeOutputPortDepth(CausalityInterfaceForComposites.java:765)
	at ptolemy.actor.util.CausalityInterfaceForComposites._computeInputDepth(CausalityInterfaceForComposites.java:696)
	at ptolemy.actor.util.CausalityInterfaceForComposites._computeOutputPortDepth(CausalityInterfaceForComposites.java:765)
	at ptolemy.actor.util.CausalityInterfaceForComposites._computeInputDepth(CausalityInterfaceForComposites.java:696)
	at ptolemy.actor.util.CausalityInterfaceForComposites._computeActorDepth(CausalityInterfaceForComposites.java:532)
	at ptolemy.actor.util.CausalityInterfaceForComposites.checkForCycles(CausalityInterfaceForComposites.java:96)
	at ptolemy.domains.de.kernel.DEDirector.preinitialize(DEDirector.java:1338)
	at ptolemy.actor.CompositeActor.preinitialize(CompositeActor.java:1828)
	at ptolemy.actor.Manager.preinitializeAndResolveTypes(Manager.java:1040)
	at ptolemy.actor.Manager.initialize(Manager.java:710)
	at ptolemy.actor.Manager.execute(Manager.java:356)
	at ptolemy.actor.Manager.run(Manager.java:1263)
	at ptolemy.actor.Manager$PtolemyRunThread.run(Manager.java:1933)
]]></system-err>
</testsuite>
