<?xml version="1.0" encoding="UTF-8" ?>
<testsuite errors="0" failures="0" hostname="travis-job-859dc46a-61ba-416c-a58b-f27720277ffd" name="ptolemy.domains.de.test.junit.JUnitTclTest" skipped="0" tests="101" time="128.768" timestamp="2018-07-04T01:33:12">
  <properties>
[...]
</properties>
  <testcase classname="ptolemy.util.test.junit.TclTests" name="[0] /home/travis/build/icyphy/ptII/ptolemy/domains/de/test/DependencyLoop.tcl (RunTclFile)" time="0.715" />
  <testcase classname="ptolemy.util.test.junit.TclTests" name="[1] /home/travis/build/icyphy/ptII/ptolemy/domains/de/test/RunDETestsAsQSS.tcl (RunTclFile)" time="88.391" />
  <testcase classname="ptolemy.util.test.junit.AutoKnownFailedTests" name="[0] /home/travis/build/icyphy/ptII/ptolemy/domains/de/test/auto/knownFailedTests/DESDFClockTest.xml (RunModel)" time="2.025" />
  <testcase classname="ptolemy.util.test.junit.AutoKnownFailedTests" name="[1] /home/travis/build/icyphy/ptII/ptolemy/domains/de/test/auto/knownFailedTests/DirectFeedback.xml (RunModel)" time="0.011" />
  <testcase classname="ptolemy.util.test.junit.AutoKnownFailedTests" name="[2] /home/travis/build/icyphy/ptII/ptolemy/domains/de/test/auto/knownFailedTests/FSMSource.xml (RunModel)" time="0.011" />
  <testcase classname="ptolemy.util.test.junit.AutoKnownFailedTests" name="[3] /home/travis/build/icyphy/ptII/ptolemy/domains/de/test/auto/knownFailedTests/HierarchicalModel.xml (RunModel)" time="0.027" />
  <testcase classname="ptolemy.util.test.junit.AutoKnownFailedTests" name="[4] /home/travis/build/icyphy/ptII/ptolemy/domains/de/test/auto/knownFailedTests/dependencyLoop.xml (RunModel)" time="0.033" />
  <testcase classname="ptolemy.util.test.junit.AutoKnownFailedTests" name="[5] /home/travis/build/icyphy/ptII/ptolemy/domains/de/test/auto/knownFailedTests/dependencyLoop2.xml (RunModel)" time="0.032" />
  <testcase classname="ptolemy.util.test.junit.AutoNameArchTests" name="[0] ThereAreNoAutoArchTests (RunModel)" time="0.001" />
  <testcase classname="ptolemy.util.test.junit.AutoTests" name="[0] /home/travis/build/icyphy/ptII/ptolemy/domains/de/test/auto/ActorDepthCalculation_actorWithoutPorts.xml (RunModel)" time="0.018" />
  <testcase classname="ptolemy.util.test.junit.AutoTests" name="[1] /home/travis/build/icyphy/ptII/ptolemy/domains/de/test/auto/AssemblyLine.xml (RunModel)" time="0.012" />
  <testcase classname="ptolemy.util.test.junit.AutoTests" name="[2] /home/travis/build/icyphy/ptII/ptolemy/domains/de/test/auto/CQBug1.xml (RunModel)" time="0.008" />
  <testcase classname="ptolemy.util.test.junit.AutoTests" name="[3] /home/travis/build/icyphy/ptII/ptolemy/domains/de/test/auto/CancelFireAt.xml (RunModel)" time="0.009" />
  <testcase classname="ptolemy.util.test.junit.AutoTests" name="[4] /home/travis/build/icyphy/ptII/ptolemy/domains/de/test/auto/CausalityAndComposabilityAnalysis.xml (RunModel)" time="0.013" />
  <testcase classname="ptolemy.util.test.junit.AutoTests" name="[5] /home/travis/build/icyphy/ptII/ptolemy/domains/de/test/auto/CausalityInterface1.xml (RunModel)" time="0.01" />
  <testcase classname="ptolemy.util.test.junit.AutoTests" name="[6] /home/travis/build/icyphy/ptII/ptolemy/domains/de/test/auto/CausalityInterface15.xml (RunModel)" time="0.014" />
  <testcase classname="ptolemy.util.test.junit.AutoTests" name="[7] /home/travis/build/icyphy/ptII/ptolemy/domains/de/test/auto/CausalityInterface2.xml (RunModel)" time="0.01" />
  <testcase classname="ptolemy.util.test.junit.AutoTests" name="[8] /home/travis/build/icyphy/ptII/ptolemy/domains/de/test/auto/CausalityInterface3.xml (RunModel)" time="0.008" />
  <testcase classname="ptolemy.util.test.junit.AutoTests" name="[9] /home/travis/build/icyphy/ptII/ptolemy/domains/de/test/auto/ClockDrift.xml (RunModel)" time="0.032" />
  <testcase classname="ptolemy.util.test.junit.AutoTests" name="[10] /home/travis/build/icyphy/ptII/ptolemy/domains/de/test/auto/ClockDriftAndValueChange.xml (RunModel)" time="0.022" />
  <testcase classname="ptolemy.util.test.junit.AutoTests" name="[11] /home/travis/build/icyphy/ptII/ptolemy/domains/de/test/auto/ClockDriftChange.xml (RunModel)" time="0.026" />
  <testcase classname="ptolemy.util.test.junit.AutoTests" name="[12] /home/travis/build/icyphy/ptII/ptolemy/domains/de/test/auto/ComposableCausalityAnalysis.xml (RunModel)" time="0.009" />
  <testcase classname="ptolemy.util.test.junit.AutoTests" name="[13] /home/travis/build/icyphy/ptII/ptolemy/domains/de/test/auto/DEFixedPointLimitation.xml (RunModel)" time="0.006" />
  <testcase classname="ptolemy.util.test.junit.AutoTests" name="[14] /home/travis/build/icyphy/ptII/ptolemy/domains/de/test/auto/DEScheduleTest.xml (RunModel)" time="0.006" />
  <testcase classname="ptolemy.util.test.junit.AutoTests" name="[15] /home/travis/build/icyphy/ptII/ptolemy/domains/de/test/auto/DEinDEwithStartTimes.xml (RunModel)" time="0.009" />
  <testcase classname="ptolemy.util.test.junit.AutoTests" name="[16] /home/travis/build/icyphy/ptII/ptolemy/domains/de/test/auto/DEinDEwithStartTimes2.xml (RunModel)" time="0.009" />
  <testcase classname="ptolemy.util.test.junit.AutoTests" name="[17] /home/travis/build/icyphy/ptII/ptolemy/domains/de/test/auto/DateDemo.xml (RunModel)" time="0.017" />
  <testcase classname="ptolemy.util.test.junit.AutoTests" name="[18] /home/travis/build/icyphy/ptII/ptolemy/domains/de/test/auto/DateToEvent.xml (RunModel)" time="2.027" />
  <testcase classname="ptolemy.util.test.junit.AutoTests" name="[19] /home/travis/build/icyphy/ptII/ptolemy/domains/de/test/auto/DepthTest1.xml (RunModel)" time="0.014" />
  <testcase classname="ptolemy.util.test.junit.AutoTests" name="[20] /home/travis/build/icyphy/ptII/ptolemy/domains/de/test/auto/DepthTest2.xml (RunModel)" time="0.02" />
  <testcase classname="ptolemy.util.test.junit.AutoTests" name="[21] /home/travis/build/icyphy/ptII/ptolemy/domains/de/test/auto/DepthTest3.xml (RunModel)" time="0.007" />
  <testcase classname="ptolemy.util.test.junit.AutoTests" name="[22] /home/travis/build/icyphy/ptII/ptolemy/domains/de/test/auto/DepthTest4.xml (RunModel)" time="0.012" />
  <testcase classname="ptolemy.util.test.junit.AutoTests" name="[23] /home/travis/build/icyphy/ptII/ptolemy/domains/de/test/auto/DepthTest5.xml (RunModel)" time="0.013" />
  <testcase classname="ptolemy.util.test.junit.AutoTests" name="[24] /home/travis/build/icyphy/ptII/ptolemy/domains/de/test/auto/DepthTest6.xml (RunModel)" time="0.012" />
  <testcase classname="ptolemy.util.test.junit.AutoTests" name="[25] /home/travis/build/icyphy/ptII/ptolemy/domains/de/test/auto/DepthTest7.xml (RunModel)" time="0.011" />
  <testcase classname="ptolemy.util.test.junit.AutoTests" name="[26] /home/travis/build/icyphy/ptII/ptolemy/domains/de/test/auto/EventToDate.xml (RunModel)" time="3.036" />
  <testcase classname="ptolemy.util.test.junit.AutoTests" name="[27] /home/travis/build/icyphy/ptII/ptolemy/domains/de/test/auto/FSM1.xml (RunModel)" time="0.033" />
  <testcase classname="ptolemy.util.test.junit.AutoTests" name="[28] /home/travis/build/icyphy/ptII/ptolemy/domains/de/test/auto/FSM7.xml (RunModel)" time="0.03" />
  <testcase classname="ptolemy.util.test.junit.AutoTests" name="[29] /home/travis/build/icyphy/ptII/ptolemy/domains/de/test/auto/Inspection.xml (RunModel)" time="0.039" />
  <testcase classname="ptolemy.util.test.junit.AutoTests" name="[30] /home/travis/build/icyphy/ptII/ptolemy/domains/de/test/auto/Iteration.xml (RunModel)" time="0.019" />
  <testcase classname="ptolemy.util.test.junit.AutoTests" name="[31] /home/travis/build/icyphy/ptII/ptolemy/domains/de/test/auto/LineFault.xml (RunModel)" time="0.568" />
  <testcase classname="ptolemy.util.test.junit.AutoTests" name="[32] /home/travis/build/icyphy/ptII/ptolemy/domains/de/test/auto/MergeModel1Add.xml (RunModel)" time="0.044" />
  <testcase classname="ptolemy.util.test.junit.AutoTests" name="[33] /home/travis/build/icyphy/ptII/ptolemy/domains/de/test/auto/MergeModel2Add.xml (RunModel)" time="0.037" />
  <testcase classname="ptolemy.util.test.junit.AutoTests" name="[34] /home/travis/build/icyphy/ptII/ptolemy/domains/de/test/auto/MergeModel3Add.xml (RunModel)" time="0.038" />
  <testcase classname="ptolemy.util.test.junit.AutoTests" name="[35] /home/travis/build/icyphy/ptII/ptolemy/domains/de/test/auto/MergeWithoutDiscard.xml (RunModel)" time="0.01" />
  <testcase classname="ptolemy.util.test.junit.AutoTests" name="[36] /home/travis/build/icyphy/ptII/ptolemy/domains/de/test/auto/Modal1.xml (RunModel)" time="0.026" />
  <testcase classname="ptolemy.util.test.junit.AutoTests" name="[37] /home/travis/build/icyphy/ptII/ptolemy/domains/de/test/auto/Modal2.xml (RunModel)" time="0.032" />
  <testcase classname="ptolemy.util.test.junit.AutoTests" name="[38] /home/travis/build/icyphy/ptII/ptolemy/domains/de/test/auto/Modal3.xml (RunModel)" time="0.025" />
  <testcase classname="ptolemy.util.test.junit.AutoTests" name="[39] /home/travis/build/icyphy/ptII/ptolemy/domains/de/test/auto/Modal4.xml (RunModel)" time="0.029" />
  <testcase classname="ptolemy.util.test.junit.AutoTests" name="[40] /home/travis/build/icyphy/ptII/ptolemy/domains/de/test/auto/Modal5.xml (RunModel)" time="0.031" />
  <testcase classname="ptolemy.util.test.junit.AutoTests" name="[41] /home/travis/build/icyphy/ptII/ptolemy/domains/de/test/auto/Modal6.xml (RunModel)" time="0.029" />
  <testcase classname="ptolemy.util.test.junit.AutoTests" name="[42] /home/travis/build/icyphy/ptII/ptolemy/domains/de/test/auto/Modal7.xml (RunModel)" time="0.029" />
  <testcase classname="ptolemy.util.test.junit.AutoTests" name="[43] /home/travis/build/icyphy/ptII/ptolemy/domains/de/test/auto/ModalModel.xml (RunModel)" time="0.184" />
  <testcase classname="ptolemy.util.test.junit.AutoTests" name="[44] /home/travis/build/icyphy/ptII/ptolemy/domains/de/test/auto/ModalSource.xml (RunModel)" time="0.021" />
  <testcase classname="ptolemy.util.test.junit.AutoTests" name="[45] /home/travis/build/icyphy/ptII/ptolemy/domains/de/test/auto/NonInterruptibleTimerZeroDelay.xml (RunModel)" time="0.01" />
  <testcase classname="ptolemy.util.test.junit.AutoTests" name="[46] /home/travis/build/icyphy/ptII/ptolemy/domains/de/test/auto/OpenQueueingNetwork.xml (RunModel)" time="2.519" />
  <testcase classname="ptolemy.util.test.junit.AutoTests" name="[47] /home/travis/build/icyphy/ptII/ptolemy/domains/de/test/auto/OpenQueuingNetwork.xml (RunModel)" time="0.305" />
  <testcase classname="ptolemy.util.test.junit.AutoTests" name="[48] /home/travis/build/icyphy/ptII/ptolemy/domains/de/test/auto/PeriodicSampler.xml (RunModel)" time="0.01" />
  <testcase classname="ptolemy.util.test.junit.AutoTests" name="[49] /home/travis/build/icyphy/ptII/ptolemy/domains/de/test/auto/PersistentIO.xml (RunModel)" time="0.023" />
  <testcase classname="ptolemy.util.test.junit.AutoTests" name="[50] /home/travis/build/icyphy/ptII/ptolemy/domains/de/test/auto/PortParameterResetOnInitialize.xml (RunModel)" time="0.009" />
  <testcase classname="ptolemy.util.test.junit.AutoTests" name="[51] /home/travis/build/icyphy/ptII/ptolemy/domains/de/test/auto/PortParameterUpdates.xml (RunModel)" time="0.018" />
  <testcase classname="ptolemy.util.test.junit.AutoTests" name="[52] /home/travis/build/icyphy/ptII/ptolemy/domains/de/test/auto/QueueAndServer.xml (RunModel)" time="0.021" />
  <testcase classname="ptolemy.util.test.junit.AutoTests" name="[53] /home/travis/build/icyphy/ptII/ptolemy/domains/de/test/auto/Records.xml (RunModel)" time="0.023" />
  <testcase classname="ptolemy.util.test.junit.AutoTests" name="[54] /home/travis/build/icyphy/ptII/ptolemy/domains/de/test/auto/ResetTransitionWithStartTime1.xml (RunModel)" time="0.021" />
  <testcase classname="ptolemy.util.test.junit.AutoTests" name="[55] /home/travis/build/icyphy/ptII/ptolemy/domains/de/test/auto/ResetTransitionWithStartTime2.xml (RunModel)" time="0.017" />
  <testcase classname="ptolemy.util.test.junit.AutoTests" name="[56] /home/travis/build/icyphy/ptII/ptolemy/domains/de/test/auto/ResetTransitionWithStartTime3.xml (RunModel)" time="0.018" />
  <testcase classname="ptolemy.util.test.junit.AutoTests" name="[57] /home/travis/build/icyphy/ptII/ptolemy/domains/de/test/auto/ResetTransitionWithStartTime4.xml (RunModel)" time="0.024" />
  <testcase classname="ptolemy.util.test.junit.AutoTests" name="[58] /home/travis/build/icyphy/ptII/ptolemy/domains/de/test/auto/ResettableTimer1.xml (RunModel)" time="0.017" />
  <testcase classname="ptolemy.util.test.junit.AutoTests" name="[59] /home/travis/build/icyphy/ptII/ptolemy/domains/de/test/auto/ResettableTimer2.xml (RunModel)" time="0.01" />
  <testcase classname="ptolemy.util.test.junit.AutoTests" name="[60] /home/travis/build/icyphy/ptII/ptolemy/domains/de/test/auto/ResettableTimer3.xml (RunModel)" time="0.009" />
  <testcase classname="ptolemy.util.test.junit.AutoTests" name="[61] /home/travis/build/icyphy/ptII/ptolemy/domains/de/test/auto/ResettableTimer4.xml (RunModel)" time="0.012" />
  <testcase classname="ptolemy.util.test.junit.AutoTests" name="[62] /home/travis/build/icyphy/ptII/ptolemy/domains/de/test/auto/ResettableTimer5.xml (RunModel)" time="0.009" />
  <testcase classname="ptolemy.util.test.junit.AutoTests" name="[63] /home/travis/build/icyphy/ptII/ptolemy/domains/de/test/auto/ResettableTimer6.xml (RunModel)" time="0.023" />
  <testcase classname="ptolemy.util.test.junit.AutoTests" name="[64] /home/travis/build/icyphy/ptII/ptolemy/domains/de/test/auto/ServerZeroDelay.xml (RunModel)" time="0.017" />
  <testcase classname="ptolemy.util.test.junit.AutoTests" name="[65] /home/travis/build/icyphy/ptII/ptolemy/domains/de/test/auto/SmartSender.xml (RunModel)" time="3.009" />
  <testcase classname="ptolemy.util.test.junit.AutoTests" name="[66] /home/travis/build/icyphy/ptII/ptolemy/domains/de/test/auto/ThreadedComposite.xml (RunModel)" time="0.139" />
  <testcase classname="ptolemy.util.test.junit.AutoTests" name="[67] /home/travis/build/icyphy/ptII/ptolemy/domains/de/test/auto/Time.xml (RunModel)" time="0.469" />
  <testcase classname="ptolemy.util.test.junit.AutoTests" name="[68] /home/travis/build/icyphy/ptII/ptolemy/domains/de/test/auto/TimeDelayZeroDelay.xml (RunModel)" time="0.01" />
  <testcase classname="ptolemy.util.test.junit.AutoTests" name="[69] /home/travis/build/icyphy/ptII/ptolemy/domains/de/test/auto/TimerZeroDelay.xml (RunModel)" time="0.008" />
  <testcase classname="ptolemy.util.test.junit.AutoTests" name="[70] /home/travis/build/icyphy/ptII/ptolemy/domains/de/test/auto/TimingParadox.xml (RunModel)" time="0.366" />
  <testcase classname="ptolemy.util.test.junit.AutoTests" name="[71] /home/travis/build/icyphy/ptII/ptolemy/domains/de/test/auto/TransferInputs.xml (RunModel)" time="0.009" />
  <testcase classname="ptolemy.util.test.junit.AutoTests" name="[72] /home/travis/build/icyphy/ptII/ptolemy/domains/de/test/auto/TransferOutputs2.xml (RunModel)" time="0.015" />
  <testcase classname="ptolemy.util.test.junit.AutoTests" name="[73] /home/travis/build/icyphy/ptII/ptolemy/domains/de/test/auto/Trilateration.xml (RunModel)" time="11.022" />
  <testcase classname="ptolemy.util.test.junit.AutoTests" name="[74] /home/travis/build/icyphy/ptII/ptolemy/domains/de/test/auto/TwoSigmaDelta.xml (RunModel)" time="2.271" />
  <testcase classname="ptolemy.util.test.junit.AutoTests" name="[75] /home/travis/build/icyphy/ptII/ptolemy/domains/de/test/auto/VariableDelay.xml (RunModel)" time="0.016" />
  <testcase classname="ptolemy.util.test.junit.AutoTests" name="[76] /home/travis/build/icyphy/ptII/ptolemy/domains/de/test/auto/VariableDelay2.xml (RunModel)" time="0.008" />
  <testcase classname="ptolemy.util.test.junit.AutoTests" name="[77] /home/travis/build/icyphy/ptII/ptolemy/domains/de/test/auto/VariableDelayZeroDelay.xml (RunModel)" time="0.01" />
  <testcase classname="ptolemy.util.test.junit.AutoTests" name="[78] /home/travis/build/icyphy/ptII/ptolemy/domains/de/test/auto/VariableDelayZeroDelay2.xml (RunModel)" time="0.008" />
  <testcase classname="ptolemy.util.test.junit.AutoTests" name="[79] /home/travis/build/icyphy/ptII/ptolemy/domains/de/test/auto/deInCt.xml (RunModel)" time="0.012" />
  <testcase classname="ptolemy.util.test.junit.AutoTests" name="[80] /home/travis/build/icyphy/ptII/ptolemy/domains/de/test/auto/deInCt2.xml (RunModel)" time="0.015" />
  <testcase classname="ptolemy.util.test.junit.AutoTests" name="[81] /home/travis/build/icyphy/ptII/ptolemy/domains/de/test/auto/dynamicCausalityInterface1.xml (RunModel)" time="0.022" />
  <testcase classname="ptolemy.util.test.junit.AutoTests" name="[82] /home/travis/build/icyphy/ptII/ptolemy/domains/de/test/auto/fsm_de_test.xml (RunModel)" time="0.029" />
  <testcase classname="ptolemy.util.test.junit.AutoTests" name="[83] /home/travis/build/icyphy/ptII/ptolemy/domains/de/test/auto/functionDependencyReconstruction.xml (RunModel)" time="0.034" />
  <testcase classname="ptolemy.util.test.junit.AutoTests" name="[84] /home/travis/build/icyphy/ptII/ptolemy/domains/de/test/auto/multirate.xml (RunModel)" time="0.015" />
  <testcase classname="ptolemy.util.test.junit.AutoTests" name="[85] /home/travis/build/icyphy/ptII/ptolemy/domains/de/test/auto/multirate2.xml (RunModel)" time="0.017" />
  <testcase classname="ptolemy.util.test.junit.AutoTests" name="[86] /home/travis/build/icyphy/ptII/ptolemy/domains/de/test/auto/realtime.xml (RunModel)" time="10.009" />
  <testcase classname="ptolemy.util.test.junit.AutoTests" name="[87] /home/travis/build/icyphy/ptII/ptolemy/domains/de/test/auto/relationGroup.xml (RunModel)" time="0.009" />
  <testcase classname="ptolemy.util.test.junit.AutoTests" name="[88] /home/travis/build/icyphy/ptII/ptolemy/domains/de/test/auto/relationGroup2.xml (RunModel)" time="0.006" />
  <testcase classname="ptolemy.util.test.junit.AutoTests" name="[89] /home/travis/build/icyphy/ptII/ptolemy/domains/de/test/auto/sortWithOpaquePorts.xml (RunModel)" time="0.009" />
  <testcase classname="ptolemy.util.test.junit.AutoTests" name="[90] /home/travis/build/icyphy/ptII/ptolemy/domains/de/test/auto/transferInputsandOutputs.xml (RunModel)" time="0.014" />
  <testcase classname="ptolemy.util.test.junit.AutoTests" name="[91] /home/travis/build/icyphy/ptII/ptolemy/domains/de/test/auto/triggerType.xml (RunModel)" time="0.009" />
  <system-out><![CDATA[/home/travis/build/icyphy/ptII/ptolemy/domains/de/test/DependencyLoop.tcl
testDefs.tcl: setting time out to 9000 seconds at Wed Jul 04 01:33:12 UTC 2018
20 ms. Memory: 116224K Free: 93428K (80%)
10 ms. Memory: 146944K Free: 135090K (92%)
/home/travis/build/icyphy/ptII/ptolemy/domains/de/test/RunDETestsAsQSS.tcl
Run the DE tests using ptolemy.domains.qss.test.QSSDirectorTest, which extends QSSDirector and prints a message in the constructors.
------------------ testing $PTII/ptolemy/domains/de/test/auto/knownFailedTests/dependencyLoop.xml (Known Failure) 
15 ms. Memory: 146944K Free: 131978K (90%)


==== $PTIIhome/travis/build/icyphy/ptII/ptolemy/domains/de/test/../../../../: Auto Automatic test in file $PTII/ptolemy/domains/de/test/auto/knownFailedTests/dependencyLoop.xml
==== Contents of test case:

	    # FIXME: we should use $relativeFilename here, but it
	    # might have backslashes under Windows, which causes no end
	    # of trouble.
	    createAndExecute $file
	    list {}
	
.... Test generated KNOWN error:
    while executing
ptolemy.kernel.util.IllegalActionException: Found a zero delay loop containing .dependencyLoop.original
  in .dependencyLoop and .dependencyLoop.original
	at ptolemy.actor.util.CausalityInterfaceForComposites._computeOutputPortDepth(CausalityInterfaceForComposites.java:759)
	at ptolemy.actor.util.CausalityInterfaceForComposites._computeInputDepth(CausalityInterfaceForComposites.java:696)
	at ptolemy.actor.util.CausalityInterfaceForComposites._computeOutputPortDepth(CausalityInterfaceForComposites.java:765)
	at ptolemy.actor.util.CausalityInterfaceForComposites._computeInputDepth(CausalityInterfaceForComposites.java:696)
	at ptolemy.actor.util.CausalityInterfaceForComposites._computeOutputPortDepth(CausalityInterfaceForComposites.java:765)
	at ptolemy.actor.util.CausalityInterfaceForComposites._computeInputDepth(CausalityInterfaceForComposites.java:696)
	at ptolemy.actor.util.CausalityInterfaceForComposites._computeActorDepth(CausalityInterfaceForComposites.java:532)
	at ptolemy.actor.util.CausalityInterfaceForComposites.checkForCycles(CausalityInterfaceForComposites.java:96)
	at ptolemy.domains.de.kernel.DEDirector.preinitialize(DEDirector.java:1338)
	at ptolemy.actor.CompositeActor.preinitialize(CompositeActor.java:1828)
	at ptolemy.actor.Manager.preinitializeAndResolveTypes(Manager.java:1040)
	at ptolemy.actor.Manager.initialize(Manager.java:710)
	at ptolemy.actor.Manager.execute(Manager.java:356)
	at ptolemy.actor.Manager.run(Manager.java:1263)
	at ptolemy.actor.Manager$PtolemyRunThread.run(Manager.java:1915)

    while executing
ptolemy.kernel.util.IllegalActionException: Found a zero delay loop containing .dependencyLoop.original
  in .dependencyLoop and .dependencyLoop.original
    while executing
"java::new ptolemy.moml.MoMLSimpleApplication $file
"
    (procedure "createAndExecute" line 2)
    invoked from within
"createAndExecute $file"
    ("uplevel" body line 5)
    invoked from within
"uplevel $contents_of_test"
------------------ testing $PTII/ptolemy/domains/de/test/auto/knownFailedTests/DESDFClockTest.xml (Known Failure) 
2063 ms. Memory: 146944K Free: 116649K (79%)


==== $PTIIhome/travis/build/icyphy/ptII/ptolemy/domains/de/test/../../../../: Auto Automatic test in file $PTII/ptolemy/domains/de/test/auto/knownFailedTests/DESDFClockTest.xml
==== Contents of test case:

	    # FIXME: we should use $relativeFilename here, but it
	    # might have backslashes under Windows, which causes no end
	    # of trouble.
	    createAndExecute $file
	    list {}
	
.... Test generated KNOWN error:
    while executing
ptolemy.kernel.util.IllegalActionException: Actor is not ready to fire.  Perhaps UpSample.prefire() returned false? Try debugging the actor by selecting "Listen to Actor".  Also, for SDF check moml for tokenConsumptionRate on input.
  in .DESDFClockTest.Play Bell.Copy1:SDF Director and .DESDFClockTest.Play Bell.UpSample
	at ptolemy.actor.sched.StaticSchedulingDirector.fire(StaticSchedulingDirector.java:227)
	at ptolemy.domains.sdf.kernel.SDFDirector.fire(SDFDirector.java:500)
	at ptolemy.actor.CompositeActor.fire(CompositeActor.java:455)
	at ptolemy.domains.de.kernel.DEDirector._fire(DEDirector.java:1949)
	at ptolemy.domains.de.kernel.DEDirector.fire(DEDirector.java:502)
	at ptolemy.actor.CompositeActor.fire(CompositeActor.java:455)
	at ptolemy.actor.Manager.iterate(Manager.java:851)
	at ptolemy.actor.Manager.execute(Manager.java:369)
	at ptolemy.actor.Manager.run(Manager.java:1263)
	at ptolemy.actor.Manager$PtolemyRunThread.run(Manager.java:1915)

    while executing
ptolemy.kernel.util.IllegalActionException: Actor is not ready to fire.  Perhaps UpSample.prefire() returned false? Try debugging the actor by selecting "Listen to Actor".  Also, for SDF check moml for tokenConsumptionRate on input.
  in .DESDFClockTest.Play Bell.Copy1:SDF Director and .DESDFClockTest.Play Bell.UpSample
    while executing
"java::new ptolemy.moml.MoMLSimpleApplication $file
"
    (procedure "createAndExecute" line 2)
    invoked from within
"createAndExecute $file"
    ("uplevel" body line 5)
    invoked from within
"uplevel $contents_of_test"
------------------ testing $PTII/ptolemy/domains/de/test/auto/knownFailedTests/FSMSource.xml (Known Failure) 
43 ms. Memory: 146944K Free: 107720K (73%)
!!!! Auto was marked as failing, but now passes
------------------ testing $PTII/ptolemy/domains/de/test/auto/knownFailedTests/dependencyLoop2.xml (Known Failure) 
6 ms. Memory: 146944K Free: 105844K (72%)


==== $PTIIhome/travis/build/icyphy/ptII/ptolemy/domains/de/test/../../../../: Auto Automatic test in file $PTII/ptolemy/domains/de/test/auto/knownFailedTests/dependencyLoop2.xml
==== Contents of test case:

	    # FIXME: we should use $relativeFilename here, but it
	    # might have backslashes under Windows, which causes no end
	    # of trouble.
	    createAndExecute $file
	    list {}
	
.... Test generated KNOWN error:
    while executing
ptolemy.kernel.util.IllegalActionException: Found a zero delay loop containing .dependencyLoop2.original
  in .dependencyLoop2 and .dependencyLoop2.original
	at ptolemy.actor.util.CausalityInterfaceForComposites._computeOutputPortDepth(CausalityInterfaceForComposites.java:759)
	at ptolemy.actor.util.CausalityInterfaceForComposites._computeInputDepth(CausalityInterfaceForComposites.java:696)
	at ptolemy.actor.util.CausalityInterfaceForComposites._computeOutputPortDepth(CausalityInterfaceForComposites.java:765)
	at ptolemy.actor.util.CausalityInterfaceForComposites._computeInputDepth(CausalityInterfaceForComposites.java:696)
	at ptolemy.actor.util.CausalityInterfaceForComposites._computeOutputPortDepth(CausalityInterfaceForComposites.java:765)
	at ptolemy.actor.util.CausalityInterfaceForComposites._computeInputDepth(CausalityInterfaceForComposites.java:696)
	at ptolemy.actor.util.CausalityInterfaceForComposites._computeActorDepth(CausalityInterfaceForComposites.java:532)
	at ptolemy.actor.util.CausalityInterfaceForComposites.checkForCycles(CausalityInterfaceForComposites.java:96)
	at ptolemy.domains.de.kernel.DEDirector.preinitialize(DEDirector.java:1338)
	at ptolemy.actor.CompositeActor.preinitialize(CompositeActor.java:1828)
	at ptolemy.actor.Manager.preinitializeAndResolveTypes(Manager.java:1040)
	at ptolemy.actor.Manager.initialize(Manager.java:710)
	at ptolemy.actor.Manager.execute(Manager.java:356)
	at ptolemy.actor.Manager.run(Manager.java:1263)
	at ptolemy.actor.Manager$PtolemyRunThread.run(Manager.java:1915)

    while executing
ptolemy.kernel.util.IllegalActionException: Found a zero delay loop containing .dependencyLoop2.original
  in .dependencyLoop2 and .dependencyLoop2.original
    while executing
"java::new ptolemy.moml.MoMLSimpleApplication $file
"
    (procedure "createAndExecute" line 2)
    invoked from within
"createAndExecute $file"
    ("uplevel" body line 5)
    invoked from within
"uplevel $contents_of_test"
------------------ testing $PTII/ptolemy/domains/de/test/auto/knownFailedTests/HierarchicalModel.xml (Known Failure) 
14 ms. Memory: 146944K Free: 84269K (57%)


==== $PTIIhome/travis/build/icyphy/ptII/ptolemy/domains/de/test/../../../../: Auto Automatic test in file $PTII/ptolemy/domains/de/test/auto/knownFailedTests/HierarchicalModel.xml
==== Contents of test case:

	    # FIXME: we should use $relativeFilename here, but it
	    # might have backslashes under Windows, which causes no end
	    # of trouble.
	    createAndExecute $file
	    list {}
	
.... Test generated KNOWN error:
    while executing
ptolemy.kernel.util.IllegalActionException: Found a zero delay loop containing .HierarchicalModel.A
  in .HierarchicalModel and .HierarchicalModel.A
	at ptolemy.actor.util.CausalityInterfaceForComposites._computeOutputPortDepth(CausalityInterfaceForComposites.java:759)
	at ptolemy.actor.util.CausalityInterfaceForComposites._computeInputDepth(CausalityInterfaceForComposites.java:696)
	at ptolemy.actor.util.CausalityInterfaceForComposites._computeOutputPortDepth(CausalityInterfaceForComposites.java:765)
	at ptolemy.actor.util.CausalityInterfaceForComposites._computeInputDepth(CausalityInterfaceForComposites.java:696)
	at ptolemy.actor.util.CausalityInterfaceForComposites._computeOutputPortDepth(CausalityInterfaceForComposites.java:765)
	at ptolemy.actor.util.CausalityInterfaceForComposites._computeInputDepth(CausalityInterfaceForComposites.java:696)
	at ptolemy.actor.util.CausalityInterfaceForComposites._computeActorDepth(CausalityInterfaceForComposites.java:532)
	at ptolemy.actor.util.CausalityInterfaceForComposites.checkForCycles(CausalityInterfaceForComposites.java:96)
	at ptolemy.domains.de.kernel.DEDirector.preinitialize(DEDirector.java:1338)
	at ptolemy.actor.CompositeActor.preinitialize(CompositeActor.java:1828)
	at ptolemy.actor.Manager.preinitializeAndResolveTypes(Manager.java:1040)
	at ptolemy.actor.Manager.initialize(Manager.java:710)
	at ptolemy.actor.Manager.execute(Manager.java:356)
	at ptolemy.actor.Manager.run(Manager.java:1263)
	at ptolemy.actor.Manager$PtolemyRunThread.run(Manager.java:1915)

    while executing
ptolemy.kernel.util.IllegalActionException: Found a zero delay loop containing .HierarchicalModel.A
  in .HierarchicalModel and .HierarchicalModel.A
    while executing
"java::new ptolemy.moml.MoMLSimpleApplication $file
"
    (procedure "createAndExecute" line 2)
    invoked from within
"createAndExecute $file"
    ("uplevel" body line 5)
    invoked from within
"uplevel $contents_of_test"
------------------ testing $PTII/ptolemy/domains/de/test/auto/knownFailedTests/DirectFeedback.xml (Known Failure) 
4 ms. Memory: 146944K Free: 141402K (96%)


==== $PTIIhome/travis/build/icyphy/ptII/ptolemy/domains/de/test/../../../../: Auto Automatic test in file $PTII/ptolemy/domains/de/test/auto/knownFailedTests/DirectFeedback.xml
==== Contents of test case:

	    # FIXME: we should use $relativeFilename here, but it
	    # might have backslashes under Windows, which causes no end
	    # of trouble.
	    createAndExecute $file
	    list {}
	
.... Test generated KNOWN error:
    while executing
ptolemy.kernel.util.IllegalActionException: Test fails in iteration 1.
Value was: 1.0. Should have been: 2.0
  in .DirectFeedback.Test
	at ptolemy.actor.lib.Test.fire(Test.java:268)
	at ptolemy.domains.de.kernel.DEDirector._fire(DEDirector.java:1949)
	at ptolemy.domains.de.kernel.DEDirector.fire(DEDirector.java:502)
	at ptolemy.actor.CompositeActor.fire(CompositeActor.java:455)
	at ptolemy.actor.Manager.iterate(Manager.java:851)
	at ptolemy.actor.Manager.execute(Manager.java:369)
	at ptolemy.actor.Manager.run(Manager.java:1263)
	at ptolemy.actor.Manager$PtolemyRunThread.run(Manager.java:1915)

    while executing
ptolemy.kernel.util.IllegalActionException: Test fails in iteration 1.
Value was: 1.0. Should have been: 2.0
  in .DirectFeedback.Test
    while executing
"java::new ptolemy.moml.MoMLSimpleApplication $file
"
    (procedure "createAndExecute" line 2)
    invoked from within
"createAndExecute $file"
    ("uplevel" body line 5)
    invoked from within
"uplevel $contents_of_test"
------------------ testing $PTII/ptolemy/domains/de/test/auto/ActorDepthCalculation_actorWithoutPorts.xml
auto.tcl: Setting watchdog for 200 seconds at Wed Jul 04 01:33:15 UTC 2018
7 ms. Memory: 146944K Free: 132438K (90%)
ptolemy.util.test.WatchDog.cancel(): canceling Wed Jul 04 01:33:15 UTC 2018
auto.tcl: Setting watchdog for 200 seconds at Wed Jul 04 01:33:15 UTC 2018
5 ms. Memory: 146944K Free: 131397K (89%)
ptolemy.util.test.WatchDog.cancel(): canceling Wed Jul 04 01:33:15 UTC 2018
------------------ testing $PTII/ptolemy/domains/de/test/auto/AssemblyLine.xml
auto.tcl: Setting watchdog for 200 seconds at Wed Jul 04 01:33:16 UTC 2018
13 ms. Memory: 208384K Free: 186363K (89%)
ptolemy.util.test.WatchDog.cancel(): canceling Wed Jul 04 01:33:16 UTC 2018
auto.tcl: Setting watchdog for 200 seconds at Wed Jul 04 01:33:16 UTC 2018
16 ms. Memory: 208384K Free: 186363K (89%)
ptolemy.util.test.WatchDog.cancel(): canceling Wed Jul 04 01:33:16 UTC 2018
------------------ testing $PTII/ptolemy/domains/de/test/auto/CQBug1.xml
auto.tcl: Setting watchdog for 200 seconds at Wed Jul 04 01:33:16 UTC 2018
11 ms. Memory: 208384K Free: 197736K (95%)
ptolemy.util.test.WatchDog.cancel(): canceling Wed Jul 04 01:33:16 UTC 2018
auto.tcl: Setting watchdog for 200 seconds at Wed Jul 04 01:33:16 UTC 2018
2 ms. Memory: 208384K Free: 197736K (95%)
ptolemy.util.test.WatchDog.cancel(): canceling Wed Jul 04 01:33:16 UTC 2018
------------------ testing $PTII/ptolemy/domains/de/test/auto/CancelFireAt.xml
auto.tcl: Setting watchdog for 200 seconds at Wed Jul 04 01:33:16 UTC 2018
11 ms. Memory: 208384K Free: 201447K (97%)
ptolemy.util.test.WatchDog.cancel(): canceling Wed Jul 04 01:33:16 UTC 2018
auto.tcl: Setting watchdog for 200 seconds at Wed Jul 04 01:33:16 UTC 2018
7 ms. Memory: 208384K Free: 199356K (96%)
ptolemy.util.test.WatchDog.cancel(): canceling Wed Jul 04 01:33:16 UTC 2018
------------------ testing $PTII/ptolemy/domains/de/test/auto/CausalityAndComposabilityAnalysis.xml
auto.tcl: Setting watchdog for 200 seconds at Wed Jul 04 01:33:16 UTC 2018
15 ms. Memory: 208384K Free: 196526K (94%)
ptolemy.util.test.WatchDog.cancel(): canceling Wed Jul 04 01:33:16 UTC 2018
auto.tcl: Setting watchdog for 200 seconds at Wed Jul 04 01:33:16 UTC 2018
6 ms. Memory: 208384K Free: 196526K (94%)
ptolemy.util.test.WatchDog.cancel(): canceling Wed Jul 04 01:33:16 UTC 2018
------------------ testing $PTII/ptolemy/domains/de/test/auto/CausalityInterface1.xml
auto.tcl: Setting watchdog for 200 seconds at Wed Jul 04 01:33:16 UTC 2018
13 ms. Memory: 208384K Free: 196463K (94%)
ptolemy.util.test.WatchDog.cancel(): canceling Wed Jul 04 01:33:16 UTC 2018
auto.tcl: Setting watchdog for 200 seconds at Wed Jul 04 01:33:16 UTC 2018
3 ms. Memory: 208384K Free: 196463K (94%)
ptolemy.util.test.WatchDog.cancel(): canceling Wed Jul 04 01:33:16 UTC 2018
------------------ testing $PTII/ptolemy/domains/de/test/auto/CausalityInterface15.xml
auto.tcl: Setting watchdog for 200 seconds at Wed Jul 04 01:33:16 UTC 2018
15 ms. Memory: 208384K Free: 196455K (94%)
ptolemy.util.test.WatchDog.cancel(): canceling Wed Jul 04 01:33:16 UTC 2018
auto.tcl: Setting watchdog for 200 seconds at Wed Jul 04 01:33:16 UTC 2018
4 ms. Memory: 208384K Free: 194364K (93%)
ptolemy.util.test.WatchDog.cancel(): canceling Wed Jul 04 01:33:16 UTC 2018
------------------ testing $PTII/ptolemy/domains/de/test/auto/CausalityInterface2.xml
auto.tcl: Setting watchdog for 200 seconds at Wed Jul 04 01:33:16 UTC 2018
4 ms. Memory: 208384K Free: 196438K (94%)
ptolemy.util.test.WatchDog.cancel(): canceling Wed Jul 04 01:33:16 UTC 2018
auto.tcl: Setting watchdog for 200 seconds at Wed Jul 04 01:33:16 UTC 2018
3 ms. Memory: 208384K Free: 196438K (94%)
ptolemy.util.test.WatchDog.cancel(): canceling Wed Jul 04 01:33:16 UTC 2018
------------------ testing $PTII/ptolemy/domains/de/test/auto/CausalityInterface3.xml
auto.tcl: Setting watchdog for 200 seconds at Wed Jul 04 01:33:16 UTC 2018
6 ms. Memory: 208384K Free: 196451K (94%)
ptolemy.util.test.WatchDog.cancel(): canceling Wed Jul 04 01:33:17 UTC 2018
auto.tcl: Setting watchdog for 200 seconds at Wed Jul 04 01:33:17 UTC 2018
6 ms. Memory: 208384K Free: 196451K (94%)
ptolemy.util.test.WatchDog.cancel(): canceling Wed Jul 04 01:33:17 UTC 2018
------------------ testing $PTII/ptolemy/domains/de/test/auto/ClockDrift.xml
auto.tcl: Setting watchdog for 200 seconds at Wed Jul 04 01:33:17 UTC 2018
113 ms. Memory: 208384K Free: 187711K (90%)
ptolemy.util.test.WatchDog.cancel(): canceling Wed Jul 04 01:33:17 UTC 2018
auto.tcl: Setting watchdog for 200 seconds at Wed Jul 04 01:33:17 UTC 2018
53 ms. Memory: 208384K Free: 185621K (89%)
ptolemy.util.test.WatchDog.cancel(): canceling Wed Jul 04 01:33:17 UTC 2018
------------------ testing $PTII/ptolemy/domains/de/test/auto/ClockDriftAndValueChange.xml
auto.tcl: Setting watchdog for 200 seconds at Wed Jul 04 01:33:17 UTC 2018
60 ms. Memory: 208384K Free: 187544K (90%)
ptolemy.util.test.WatchDog.cancel(): canceling Wed Jul 04 01:33:17 UTC 2018
auto.tcl: Setting watchdog for 200 seconds at Wed Jul 04 01:33:17 UTC 2018
41 ms. Memory: 208384K Free: 185454K (89%)
ptolemy.util.test.WatchDog.cancel(): canceling Wed Jul 04 01:33:17 UTC 2018
------------------ testing $PTII/ptolemy/domains/de/test/auto/ClockDriftChange.xml
auto.tcl: Setting watchdog for 200 seconds at Wed Jul 04 01:33:17 UTC 2018
22 ms. Memory: 208384K Free: 190857K (92%)
ptolemy.util.test.WatchDog.cancel(): canceling Wed Jul 04 01:33:17 UTC 2018
auto.tcl: Setting watchdog for 200 seconds at Wed Jul 04 01:33:17 UTC 2018
22 ms. Memory: 208384K Free: 188766K (91%)
ptolemy.util.test.WatchDog.cancel(): canceling Wed Jul 04 01:33:17 UTC 2018
------------------ testing $PTII/ptolemy/domains/de/test/auto/ComposableCausalityAnalysis.xml
auto.tcl: Setting watchdog for 200 seconds at Wed Jul 04 01:33:17 UTC 2018
2 ms. Memory: 208384K Free: 196306K (94%)
ptolemy.util.test.WatchDog.cancel(): canceling Wed Jul 04 01:33:17 UTC 2018
auto.tcl: Setting watchdog for 200 seconds at Wed Jul 04 01:33:17 UTC 2018
2 ms. Memory: 208384K Free: 194215K (93%)
ptolemy.util.test.WatchDog.cancel(): canceling Wed Jul 04 01:33:17 UTC 2018
------------------ testing $PTII/ptolemy/domains/de/test/auto/DEFixedPointLimitation.xml
auto.tcl: Setting watchdog for 200 seconds at Wed Jul 04 01:33:17 UTC 2018
2 ms. Memory: 208384K Free: 196386K (94%)
ptolemy.util.test.WatchDog.cancel(): canceling Wed Jul 04 01:33:17 UTC 2018
auto.tcl: Setting watchdog for 200 seconds at Wed Jul 04 01:33:17 UTC 2018
1 ms. Memory: 208384K Free: 196386K (94%)
ptolemy.util.test.WatchDog.cancel(): canceling Wed Jul 04 01:33:17 UTC 2018
------------------ testing $PTII/ptolemy/domains/de/test/auto/DEScheduleTest.xml
auto.tcl: Setting watchdog for 200 seconds at Wed Jul 04 01:33:17 UTC 2018
5 ms. Memory: 208384K Free: 198513K (95%)
ptolemy.util.test.WatchDog.cancel(): canceling Wed Jul 04 01:33:17 UTC 2018
auto.tcl: Setting watchdog for 200 seconds at Wed Jul 04 01:33:17 UTC 2018
4 ms. Memory: 208384K Free: 196422K (94%)
ptolemy.util.test.WatchDog.cancel(): canceling Wed Jul 04 01:33:17 UTC 2018
------------------ testing $PTII/ptolemy/domains/de/test/auto/DEinDEwithStartTimes.xml
auto.tcl: Setting watchdog for 200 seconds at Wed Jul 04 01:33:17 UTC 2018
7 ms. Memory: 208384K Free: 196392K (94%)
ptolemy.util.test.WatchDog.cancel(): canceling Wed Jul 04 01:33:17 UTC 2018
auto.tcl: Setting watchdog for 200 seconds at Wed Jul 04 01:33:17 UTC 2018
5 ms. Memory: 208384K Free: 194301K (93%)
ptolemy.util.test.WatchDog.cancel(): canceling Wed Jul 04 01:33:17 UTC 2018
------------------ testing $PTII/ptolemy/domains/de/test/auto/DEinDEwithStartTimes2.xml
auto.tcl: Setting watchdog for 200 seconds at Wed Jul 04 01:33:18 UTC 2018
9 ms. Memory: 208384K Free: 196709K (94%)
ptolemy.util.test.WatchDog.cancel(): canceling Wed Jul 04 01:33:18 UTC 2018
auto.tcl: Setting watchdog for 200 seconds at Wed Jul 04 01:33:18 UTC 2018
6 ms. Memory: 208384K Free: 194281K (93%)
ptolemy.util.test.WatchDog.cancel(): canceling Wed Jul 04 01:33:18 UTC 2018
------------------ testing $PTII/ptolemy/domains/de/test/auto/DateDemo.xml
auto.tcl: Setting watchdog for 200 seconds at Wed Jul 04 01:33:18 UTC 2018
15 ms. Memory: 208384K Free: 188838K (91%)
ptolemy.util.test.WatchDog.cancel(): canceling Wed Jul 04 01:33:18 UTC 2018
auto.tcl: Setting watchdog for 200 seconds at Wed Jul 04 01:33:18 UTC 2018
8 ms. Memory: 208384K Free: 186747K (90%)
ptolemy.util.test.WatchDog.cancel(): canceling Wed Jul 04 01:33:18 UTC 2018
------------------ testing $PTII/ptolemy/domains/de/test/auto/DateToEvent.xml
auto.tcl: Setting watchdog for 200 seconds at Wed Jul 04 01:33:18 UTC 2018
2018 ms. Memory: 208384K Free: 183580K (88%)
ptolemy.util.test.WatchDog.cancel(): canceling Wed Jul 04 01:33:20 UTC 2018
auto.tcl: Setting watchdog for 200 seconds at Wed Jul 04 01:33:20 UTC 2018
2004 ms. Memory: 208384K Free: 183580K (88%)
ptolemy.util.test.WatchDog.cancel(): canceling Wed Jul 04 01:33:22 UTC 2018
------------------ testing $PTII/ptolemy/domains/de/test/auto/DepthTest1.xml
auto.tcl: Setting watchdog for 200 seconds at Wed Jul 04 01:33:22 UTC 2018
10 ms. Memory: 208384K Free: 195583K (94%)
ptolemy.util.test.WatchDog.cancel(): canceling Wed Jul 04 01:33:22 UTC 2018
auto.tcl: Setting watchdog for 200 seconds at Wed Jul 04 01:33:22 UTC 2018
1 ms. Memory: 208384K Free: 195583K (94%)
ptolemy.util.test.WatchDog.cancel(): canceling Wed Jul 04 01:33:22 UTC 2018
------------------ testing $PTII/ptolemy/domains/de/test/auto/DepthTest2.xml
auto.tcl: Setting watchdog for 200 seconds at Wed Jul 04 01:33:22 UTC 2018
7 ms. Memory: 208384K Free: 194259K (93%)
ptolemy.util.test.WatchDog.cancel(): canceling Wed Jul 04 01:33:22 UTC 2018
auto.tcl: Setting watchdog for 200 seconds at Wed Jul 04 01:33:22 UTC 2018
3 ms. Memory: 208384K Free: 194259K (93%)
ptolemy.util.test.WatchDog.cancel(): canceling Wed Jul 04 01:33:22 UTC 2018
------------------ testing $PTII/ptolemy/domains/de/test/auto/DepthTest3.xml
auto.tcl: Setting watchdog for 200 seconds at Wed Jul 04 01:33:22 UTC 2018
2 ms. Memory: 208384K Free: 198373K (95%)
ptolemy.util.test.WatchDog.cancel(): canceling Wed Jul 04 01:33:22 UTC 2018
auto.tcl: Setting watchdog for 200 seconds at Wed Jul 04 01:33:22 UTC 2018
1 ms. Memory: 208384K Free: 198373K (95%)
ptolemy.util.test.WatchDog.cancel(): canceling Wed Jul 04 01:33:22 UTC 2018
------------------ testing $PTII/ptolemy/domains/de/test/auto/DepthTest4.xml
auto.tcl: Setting watchdog for 200 seconds at Wed Jul 04 01:33:22 UTC 2018
3 ms. Memory: 208384K Free: 196370K (94%)
ptolemy.util.test.WatchDog.cancel(): canceling Wed Jul 04 01:33:22 UTC 2018
auto.tcl: Setting watchdog for 200 seconds at Wed Jul 04 01:33:22 UTC 2018
3 ms. Memory: 208384K Free: 196370K (94%)
ptolemy.util.test.WatchDog.cancel(): canceling Wed Jul 04 01:33:22 UTC 2018
------------------ testing $PTII/ptolemy/domains/de/test/auto/DepthTest5.xml
auto.tcl: Setting watchdog for 200 seconds at Wed Jul 04 01:33:22 UTC 2018
5 ms. Memory: 208384K Free: 196317K (94%)
ptolemy.util.test.WatchDog.cancel(): canceling Wed Jul 04 01:33:22 UTC 2018
auto.tcl: Setting watchdog for 200 seconds at Wed Jul 04 01:33:22 UTC 2018
2 ms. Memory: 208384K Free: 196317K (94%)
ptolemy.util.test.WatchDog.cancel(): canceling Wed Jul 04 01:33:22 UTC 2018
------------------ testing $PTII/ptolemy/domains/de/test/auto/DepthTest6.xml
auto.tcl: Setting watchdog for 200 seconds at Wed Jul 04 01:33:22 UTC 2018
6 ms. Memory: 208384K Free: 196632K (94%)
ptolemy.util.test.WatchDog.cancel(): canceling Wed Jul 04 01:33:22 UTC 2018
auto.tcl: Setting watchdog for 200 seconds at Wed Jul 04 01:33:22 UTC 2018
2 ms. Memory: 208384K Free: 196632K (94%)
ptolemy.util.test.WatchDog.cancel(): canceling Wed Jul 04 01:33:22 UTC 2018
------------------ testing $PTII/ptolemy/domains/de/test/auto/DepthTest7.xml
auto.tcl: Setting watchdog for 200 seconds at Wed Jul 04 01:33:22 UTC 2018
3 ms. Memory: 208384K Free: 196274K (94%)
ptolemy.util.test.WatchDog.cancel(): canceling Wed Jul 04 01:33:22 UTC 2018
auto.tcl: Setting watchdog for 200 seconds at Wed Jul 04 01:33:22 UTC 2018
2 ms. Memory: 208384K Free: 196274K (94%)
ptolemy.util.test.WatchDog.cancel(): canceling Wed Jul 04 01:33:22 UTC 2018
------------------ testing $PTII/ptolemy/domains/de/test/auto/EventToDate.xml
auto.tcl: Setting watchdog for 200 seconds at Wed Jul 04 01:33:22 UTC 2018
3007 ms. Memory: 208384K Free: 185843K (89%)
ptolemy.util.test.WatchDog.cancel(): canceling Wed Jul 04 01:33:26 UTC 2018
auto.tcl: Setting watchdog for 200 seconds at Wed Jul 04 01:33:26 UTC 2018
3004 ms. Memory: 208384K Free: 185843K (89%)
ptolemy.util.test.WatchDog.cancel(): canceling Wed Jul 04 01:33:29 UTC 2018
------------------ testing $PTII/ptolemy/domains/de/test/auto/FSM1.xml
auto.tcl: Setting watchdog for 200 seconds at Wed Jul 04 01:33:29 UTC 2018
34 ms. Memory: 208384K Free: 189345K (91%)
ptolemy.util.test.WatchDog.cancel(): canceling Wed Jul 04 01:33:29 UTC 2018
auto.tcl: Setting watchdog for 200 seconds at Wed Jul 04 01:33:29 UTC 2018
14 ms. Memory: 208384K Free: 185163K (89%)
ptolemy.util.test.WatchDog.cancel(): canceling Wed Jul 04 01:33:29 UTC 2018
------------------ testing $PTII/ptolemy/domains/de/test/auto/FSM7.xml
auto.tcl: Setting watchdog for 200 seconds at Wed Jul 04 01:33:29 UTC 2018
16 ms. Memory: 208384K Free: 187458K (90%)
ptolemy.util.test.WatchDog.cancel(): canceling Wed Jul 04 01:33:29 UTC 2018
auto.tcl: Setting watchdog for 200 seconds at Wed Jul 04 01:33:29 UTC 2018
14 ms. Memory: 208384K Free: 185367K (89%)
ptolemy.util.test.WatchDog.cancel(): canceling Wed Jul 04 01:33:29 UTC 2018
------------------ testing $PTII/ptolemy/domains/de/test/auto/Inspection.xml
auto.tcl: Setting watchdog for 200 seconds at Wed Jul 04 01:33:29 UTC 2018
55 ms. Memory: 208384K Free: 189010K (91%)
ptolemy.util.test.WatchDog.cancel(): canceling Wed Jul 04 01:33:29 UTC 2018
auto.tcl: Setting watchdog for 200 seconds at Wed Jul 04 01:33:29 UTC 2018
33 ms. Memory: 208384K Free: 186919K (90%)
ptolemy.util.test.WatchDog.cancel(): canceling Wed Jul 04 01:33:29 UTC 2018
------------------ testing $PTII/ptolemy/domains/de/test/auto/Iteration.xml
auto.tcl: Setting watchdog for 200 seconds at Wed Jul 04 01:33:29 UTC 2018
9 ms. Memory: 208384K Free: 196420K (94%)
ptolemy.util.test.WatchDog.cancel(): canceling Wed Jul 04 01:33:29 UTC 2018
auto.tcl: Setting watchdog for 200 seconds at Wed Jul 04 01:33:29 UTC 2018
8 ms. Memory: 208384K Free: 194329K (93%)
ptolemy.util.test.WatchDog.cancel(): canceling Wed Jul 04 01:33:29 UTC 2018
------------------ testing $PTII/ptolemy/domains/de/test/auto/LineFault.xml
auto.tcl: Setting watchdog for 200 seconds at Wed Jul 04 01:33:29 UTC 2018
843 ms. Memory: 208384K Free: 196151K (94%)
ptolemy.util.test.WatchDog.cancel(): canceling Wed Jul 04 01:33:30 UTC 2018
auto.tcl: Setting watchdog for 200 seconds at Wed Jul 04 01:33:30 UTC 2018
712 ms. Memory: 208384K Free: 139070K (67%)
ptolemy.util.test.WatchDog.cancel(): canceling Wed Jul 04 01:33:31 UTC 2018
------------------ testing $PTII/ptolemy/domains/de/test/auto/MergeModel1Add.xml
auto.tcl: Setting watchdog for 200 seconds at Wed Jul 04 01:33:31 UTC 2018
19 ms. Memory: 331264K Free: 298908K (90%)
ptolemy.util.test.WatchDog.cancel(): canceling Wed Jul 04 01:33:31 UTC 2018
auto.tcl: Setting watchdog for 200 seconds at Wed Jul 04 01:33:31 UTC 2018
11 ms. Memory: 331264K Free: 298908K (90%)
ptolemy.util.test.WatchDog.cancel(): canceling Wed Jul 04 01:33:31 UTC 2018
------------------ testing $PTII/ptolemy/domains/de/test/auto/MergeModel2Add.xml
auto.tcl: Setting watchdog for 200 seconds at Wed Jul 04 01:33:31 UTC 2018
16 ms. Memory: 331264K Free: 304187K (92%)
ptolemy.util.test.WatchDog.cancel(): canceling Wed Jul 04 01:33:31 UTC 2018
auto.tcl: Setting watchdog for 200 seconds at Wed Jul 04 01:33:31 UTC 2018
19 ms. Memory: 331264K Free: 300246K (91%)
ptolemy.util.test.WatchDog.cancel(): canceling Wed Jul 04 01:33:31 UTC 2018
------------------ testing $PTII/ptolemy/domains/de/test/auto/MergeModel3Add.xml
auto.tcl: Setting watchdog for 200 seconds at Wed Jul 04 01:33:31 UTC 2018
12 ms. Memory: 331264K Free: 304197K (92%)
ptolemy.util.test.WatchDog.cancel(): canceling Wed Jul 04 01:33:31 UTC 2018
auto.tcl: Setting watchdog for 200 seconds at Wed Jul 04 01:33:31 UTC 2018
8 ms. Memory: 331264K Free: 300256K (91%)
ptolemy.util.test.WatchDog.cancel(): canceling Wed Jul 04 01:33:31 UTC 2018
------------------ testing $PTII/ptolemy/domains/de/test/auto/MergeWithoutDiscard.xml
auto.tcl: Setting watchdog for 200 seconds at Wed Jul 04 01:33:31 UTC 2018
4 ms. Memory: 331264K Free: 319957K (97%)
ptolemy.util.test.WatchDog.cancel(): canceling Wed Jul 04 01:33:31 UTC 2018
auto.tcl: Setting watchdog for 200 seconds at Wed Jul 04 01:33:31 UTC 2018
2 ms. Memory: 331264K Free: 316017K (95%)
ptolemy.util.test.WatchDog.cancel(): canceling Wed Jul 04 01:33:31 UTC 2018
------------------ testing $PTII/ptolemy/domains/de/test/auto/Modal1.xml
auto.tcl: Setting watchdog for 200 seconds at Wed Jul 04 01:33:31 UTC 2018
12 ms. Memory: 331264K Free: 309916K (94%)
ptolemy.util.test.WatchDog.cancel(): canceling Wed Jul 04 01:33:32 UTC 2018
auto.tcl: Setting watchdog for 200 seconds at Wed Jul 04 01:33:32 UTC 2018
13 ms. Memory: 331264K Free: 305975K (92%)
ptolemy.util.test.WatchDog.cancel(): canceling Wed Jul 04 01:33:32 UTC 2018
------------------ testing $PTII/ptolemy/domains/de/test/auto/Modal2.xml
auto.tcl: Setting watchdog for 200 seconds at Wed Jul 04 01:33:32 UTC 2018
12 ms. Memory: 331264K Free: 309798K (94%)
ptolemy.util.test.WatchDog.cancel(): canceling Wed Jul 04 01:33:32 UTC 2018
auto.tcl: Setting watchdog for 200 seconds at Wed Jul 04 01:33:32 UTC 2018
13 ms. Memory: 331264K Free: 305857K (92%)
ptolemy.util.test.WatchDog.cancel(): canceling Wed Jul 04 01:33:32 UTC 2018
------------------ testing $PTII/ptolemy/domains/de/test/auto/Modal3.xml
auto.tcl: Setting watchdog for 200 seconds at Wed Jul 04 01:33:32 UTC 2018
15 ms. Memory: 331264K Free: 309788K (94%)
ptolemy.util.test.WatchDog.cancel(): canceling Wed Jul 04 01:33:32 UTC 2018
auto.tcl: Setting watchdog for 200 seconds at Wed Jul 04 01:33:32 UTC 2018
16 ms. Memory: 331264K Free: 305847K (92%)
ptolemy.util.test.WatchDog.cancel(): canceling Wed Jul 04 01:33:32 UTC 2018
------------------ testing $PTII/ptolemy/domains/de/test/auto/Modal4.xml
auto.tcl: Setting watchdog for 200 seconds at Wed Jul 04 01:33:32 UTC 2018
30 ms. Memory: 331264K Free: 309801K (94%)
ptolemy.util.test.WatchDog.cancel(): canceling Wed Jul 04 01:33:32 UTC 2018
auto.tcl: Setting watchdog for 200 seconds at Wed Jul 04 01:33:32 UTC 2018
22 ms. Memory: 331264K Free: 305860K (92%)
ptolemy.util.test.WatchDog.cancel(): canceling Wed Jul 04 01:33:32 UTC 2018
------------------ testing $PTII/ptolemy/domains/de/test/auto/Modal5.xml
auto.tcl: Setting watchdog for 200 seconds at Wed Jul 04 01:33:32 UTC 2018
15 ms. Memory: 331264K Free: 309788K (94%)
ptolemy.util.test.WatchDog.cancel(): canceling Wed Jul 04 01:33:32 UTC 2018
auto.tcl: Setting watchdog for 200 seconds at Wed Jul 04 01:33:32 UTC 2018
15 ms. Memory: 331264K Free: 305847K (92%)
ptolemy.util.test.WatchDog.cancel(): canceling Wed Jul 04 01:33:32 UTC 2018
------------------ testing $PTII/ptolemy/domains/de/test/auto/Modal6.xml
auto.tcl: Setting watchdog for 200 seconds at Wed Jul 04 01:33:32 UTC 2018
17 ms. Memory: 331264K Free: 309786K (94%)
ptolemy.util.test.WatchDog.cancel(): canceling Wed Jul 04 01:33:32 UTC 2018
auto.tcl: Setting watchdog for 200 seconds at Wed Jul 04 01:33:32 UTC 2018
19 ms. Memory: 331264K Free: 305845K (92%)
ptolemy.util.test.WatchDog.cancel(): canceling Wed Jul 04 01:33:32 UTC 2018
------------------ testing $PTII/ptolemy/domains/de/test/auto/Modal7.xml
auto.tcl: Setting watchdog for 200 seconds at Wed Jul 04 01:33:32 UTC 2018
10 ms. Memory: 331264K Free: 309786K (94%)
ptolemy.util.test.WatchDog.cancel(): canceling Wed Jul 04 01:33:32 UTC 2018
auto.tcl: Setting watchdog for 200 seconds at Wed Jul 04 01:33:32 UTC 2018
11 ms. Memory: 331264K Free: 305845K (92%)
ptolemy.util.test.WatchDog.cancel(): canceling Wed Jul 04 01:33:32 UTC 2018
------------------ testing $PTII/ptolemy/domains/de/test/auto/ModalModel.xml
auto.tcl: Setting watchdog for 200 seconds at Wed Jul 04 01:33:32 UTC 2018
193 ms. Memory: 331264K Free: 246322K (74%)
ptolemy.util.test.WatchDog.cancel(): canceling Wed Jul 04 01:33:33 UTC 2018
auto.tcl: Setting watchdog for 200 seconds at Wed Jul 04 01:33:33 UTC 2018
218 ms. Memory: 331264K Free: 191087K (58%)
ptolemy.util.test.WatchDog.cancel(): canceling Wed Jul 04 01:33:33 UTC 2018
------------------ testing $PTII/ptolemy/domains/de/test/auto/ModalSource.xml
auto.tcl: Setting watchdog for 200 seconds at Wed Jul 04 01:33:33 UTC 2018
7 ms. Memory: 331264K Free: 316731K (96%)
ptolemy.util.test.WatchDog.cancel(): canceling Wed Jul 04 01:33:33 UTC 2018
auto.tcl: Setting watchdog for 200 seconds at Wed Jul 04 01:33:33 UTC 2018
7 ms. Memory: 331264K Free: 313204K (95%)
ptolemy.util.test.WatchDog.cancel(): canceling Wed Jul 04 01:33:33 UTC 2018
------------------ testing $PTII/ptolemy/domains/de/test/auto/NonInterruptibleTimerZeroDelay.xml
auto.tcl: Setting watchdog for 200 seconds at Wed Jul 04 01:33:33 UTC 2018
4 ms. Memory: 331264K Free: 320910K (97%)
ptolemy.util.test.WatchDog.cancel(): canceling Wed Jul 04 01:33:33 UTC 2018
auto.tcl: Setting watchdog for 200 seconds at Wed Jul 04 01:33:33 UTC 2018
2 ms. Memory: 331264K Free: 317384K (96%)
ptolemy.util.test.WatchDog.cancel(): canceling Wed Jul 04 01:33:33 UTC 2018
------------------ testing $PTII/ptolemy/domains/de/test/auto/OpenQueueingNetwork.xml
auto.tcl: Setting watchdog for 200 seconds at Wed Jul 04 01:33:33 UTC 2018
3181 ms. Memory: 307712K Free: 148360K (48%)
ptolemy.util.test.WatchDog.cancel(): canceling Wed Jul 04 01:33:36 UTC 2018
auto.tcl: Setting watchdog for 200 seconds at Wed Jul 04 01:33:36 UTC 2018
2556 ms. Memory: 278528K Free: 202560K (73%)
ptolemy.util.test.WatchDog.cancel(): canceling Wed Jul 04 01:33:39 UTC 2018
------------------ testing $PTII/ptolemy/domains/de/test/auto/OpenQueuingNetwork.xml
auto.tcl: Setting watchdog for 200 seconds at Wed Jul 04 01:33:39 UTC 2018
258 ms. Memory: 278528K Free: 179006K (64%)
ptolemy.util.test.WatchDog.cancel(): canceling Wed Jul 04 01:33:39 UTC 2018
auto.tcl: Setting watchdog for 200 seconds at Wed Jul 04 01:33:39 UTC 2018
252 ms. Memory: 278528K Free: 118366K (42%)
ptolemy.util.test.WatchDog.cancel(): canceling Wed Jul 04 01:33:40 UTC 2018
------------------ testing $PTII/ptolemy/domains/de/test/auto/PeriodicSampler.xml
auto.tcl: Setting watchdog for 200 seconds at Wed Jul 04 01:33:40 UTC 2018
3 ms. Memory: 281088K Free: 266618K (95%)
ptolemy.util.test.WatchDog.cancel(): canceling Wed Jul 04 01:33:40 UTC 2018
auto.tcl: Setting watchdog for 200 seconds at Wed Jul 04 01:33:40 UTC 2018
2 ms. Memory: 281088K Free: 266618K (95%)
ptolemy.util.test.WatchDog.cancel(): canceling Wed Jul 04 01:33:40 UTC 2018
------------------ testing $PTII/ptolemy/domains/de/test/auto/PersistentIO.xml
auto.tcl: Setting watchdog for 200 seconds at Wed Jul 04 01:33:40 UTC 2018
5 ms. Memory: 278528K Free: 259117K (93%)
ptolemy.util.test.WatchDog.cancel(): canceling Wed Jul 04 01:33:40 UTC 2018
auto.tcl: Setting watchdog for 200 seconds at Wed Jul 04 01:33:40 UTC 2018
5 ms. Memory: 278528K Free: 259117K (93%)
ptolemy.util.test.WatchDog.cancel(): canceling Wed Jul 04 01:33:40 UTC 2018
------------------ testing $PTII/ptolemy/domains/de/test/auto/PortParameterResetOnInitialize.xml
auto.tcl: Setting watchdog for 200 seconds at Wed Jul 04 01:33:40 UTC 2018
3 ms. Memory: 280576K Free: 266477K (95%)
ptolemy.util.test.WatchDog.cancel(): canceling Wed Jul 04 01:33:40 UTC 2018
auto.tcl: Setting watchdog for 200 seconds at Wed Jul 04 01:33:40 UTC 2018
2 ms. Memory: 280576K Free: 266477K (95%)
ptolemy.util.test.WatchDog.cancel(): canceling Wed Jul 04 01:33:40 UTC 2018
------------------ testing $PTII/ptolemy/domains/de/test/auto/PortParameterUpdates.xml
auto.tcl: Setting watchdog for 200 seconds at Wed Jul 04 01:33:40 UTC 2018
6 ms. Memory: 278528K Free: 264546K (95%)
ptolemy.util.test.WatchDog.cancel(): canceling Wed Jul 04 01:33:40 UTC 2018
auto.tcl: Setting watchdog for 200 seconds at Wed Jul 04 01:33:40 UTC 2018
3 ms. Memory: 278528K Free: 261788K (94%)
ptolemy.util.test.WatchDog.cancel(): canceling Wed Jul 04 01:33:40 UTC 2018
------------------ testing $PTII/ptolemy/domains/de/test/auto/QueueAndServer.xml
auto.tcl: Setting watchdog for 200 seconds at Wed Jul 04 01:33:40 UTC 2018
7 ms. Memory: 280576K Free: 265763K (95%)
ptolemy.util.test.WatchDog.cancel(): canceling Wed Jul 04 01:33:40 UTC 2018
auto.tcl: Setting watchdog for 200 seconds at Wed Jul 04 01:33:40 UTC 2018
7 ms. Memory: 280576K Free: 265763K (95%)
ptolemy.util.test.WatchDog.cancel(): canceling Wed Jul 04 01:33:40 UTC 2018
------------------ testing $PTII/ptolemy/domains/de/test/auto/Records.xml
auto.tcl: Setting watchdog for 200 seconds at Wed Jul 04 01:33:40 UTC 2018
7 ms. Memory: 278528K Free: 266535K (96%)
ptolemy.util.test.WatchDog.cancel(): canceling Wed Jul 04 01:33:40 UTC 2018
auto.tcl: Setting watchdog for 200 seconds at Wed Jul 04 01:33:40 UTC 2018
2 ms. Memory: 278528K Free: 266535K (96%)
ptolemy.util.test.WatchDog.cancel(): canceling Wed Jul 04 01:33:40 UTC 2018
------------------ testing $PTII/ptolemy/domains/de/test/auto/ResetTransitionWithStartTime1.xml
auto.tcl: Setting watchdog for 200 seconds at Wed Jul 04 01:33:40 UTC 2018
8 ms. Memory: 280064K Free: 263256K (94%)
ptolemy.util.test.WatchDog.cancel(): canceling Wed Jul 04 01:33:40 UTC 2018
auto.tcl: Setting watchdog for 200 seconds at Wed Jul 04 01:33:40 UTC 2018
7 ms. Memory: 280064K Free: 260490K (93%)
ptolemy.util.test.WatchDog.cancel(): canceling Wed Jul 04 01:33:40 UTC 2018
------------------ testing $PTII/ptolemy/domains/de/test/auto/ResetTransitionWithStartTime2.xml
auto.tcl: Setting watchdog for 200 seconds at Wed Jul 04 01:33:40 UTC 2018
10 ms. Memory: 278528K Free: 261791K (94%)
ptolemy.util.test.WatchDog.cancel(): canceling Wed Jul 04 01:33:40 UTC 2018
auto.tcl: Setting watchdog for 200 seconds at Wed Jul 04 01:33:40 UTC 2018
9 ms. Memory: 278528K Free: 259026K (93%)
ptolemy.util.test.WatchDog.cancel(): canceling Wed Jul 04 01:33:40 UTC 2018
------------------ testing $PTII/ptolemy/domains/de/test/auto/ResetTransitionWithStartTime3.xml
auto.tcl: Setting watchdog for 200 seconds at Wed Jul 04 01:33:40 UTC 2018
10 ms. Memory: 280064K Free: 263245K (94%)
ptolemy.util.test.WatchDog.cancel(): canceling Wed Jul 04 01:33:40 UTC 2018
auto.tcl: Setting watchdog for 200 seconds at Wed Jul 04 01:33:40 UTC 2018
9 ms. Memory: 280064K Free: 260480K (93%)
ptolemy.util.test.WatchDog.cancel(): canceling Wed Jul 04 01:33:40 UTC 2018
------------------ testing $PTII/ptolemy/domains/de/test/auto/ResetTransitionWithStartTime4.xml
auto.tcl: Setting watchdog for 200 seconds at Wed Jul 04 01:33:40 UTC 2018
4 ms. Memory: 278528K Free: 263695K (95%)
ptolemy.util.test.WatchDog.cancel(): canceling Wed Jul 04 01:33:40 UTC 2018
auto.tcl: Setting watchdog for 200 seconds at Wed Jul 04 01:33:40 UTC 2018
4 ms. Memory: 278528K Free: 263695K (95%)
ptolemy.util.test.WatchDog.cancel(): canceling Wed Jul 04 01:33:40 UTC 2018
------------------ testing $PTII/ptolemy/domains/de/test/auto/ResettableTimer1.xml
auto.tcl: Setting watchdog for 200 seconds at Wed Jul 04 01:33:40 UTC 2018
3 ms. Memory: 280064K Free: 267967K (96%)
ptolemy.util.test.WatchDog.cancel(): canceling Wed Jul 04 01:33:40 UTC 2018
auto.tcl: Setting watchdog for 200 seconds at Wed Jul 04 01:33:40 UTC 2018
2 ms. Memory: 280064K Free: 267967K (96%)
ptolemy.util.test.WatchDog.cancel(): canceling Wed Jul 04 01:33:40 UTC 2018
------------------ testing $PTII/ptolemy/domains/de/test/auto/ResettableTimer2.xml
auto.tcl: Setting watchdog for 200 seconds at Wed Jul 04 01:33:40 UTC 2018
3 ms. Memory: 278528K Free: 266594K (96%)
ptolemy.util.test.WatchDog.cancel(): canceling Wed Jul 04 01:33:40 UTC 2018
auto.tcl: Setting watchdog for 200 seconds at Wed Jul 04 01:33:40 UTC 2018
2 ms. Memory: 278528K Free: 266594K (96%)
ptolemy.util.test.WatchDog.cancel(): canceling Wed Jul 04 01:33:40 UTC 2018
------------------ testing $PTII/ptolemy/domains/de/test/auto/ResettableTimer3.xml
auto.tcl: Setting watchdog for 200 seconds at Wed Jul 04 01:33:41 UTC 2018
2 ms. Memory: 279552K Free: 267513K (96%)
ptolemy.util.test.WatchDog.cancel(): canceling Wed Jul 04 01:33:41 UTC 2018
auto.tcl: Setting watchdog for 200 seconds at Wed Jul 04 01:33:41 UTC 2018
1 ms. Memory: 279552K Free: 267513K (96%)
ptolemy.util.test.WatchDog.cancel(): canceling Wed Jul 04 01:33:41 UTC 2018
------------------ testing $PTII/ptolemy/domains/de/test/auto/ResettableTimer4.xml
auto.tcl: Setting watchdog for 200 seconds at Wed Jul 04 01:33:41 UTC 2018
6 ms. Memory: 278528K Free: 266599K (96%)
ptolemy.util.test.WatchDog.cancel(): canceling Wed Jul 04 01:33:41 UTC 2018
auto.tcl: Setting watchdog for 200 seconds at Wed Jul 04 01:33:41 UTC 2018
1 ms. Memory: 278528K Free: 266599K (96%)
ptolemy.util.test.WatchDog.cancel(): canceling Wed Jul 04 01:33:41 UTC 2018
------------------ testing $PTII/ptolemy/domains/de/test/auto/ResettableTimer5.xml
auto.tcl: Setting watchdog for 200 seconds at Wed Jul 04 01:33:41 UTC 2018
4 ms. Memory: 279552K Free: 267637K (96%)
ptolemy.util.test.WatchDog.cancel(): canceling Wed Jul 04 01:33:41 UTC 2018
auto.tcl: Setting watchdog for 200 seconds at Wed Jul 04 01:33:41 UTC 2018
1 ms. Memory: 279552K Free: 267637K (96%)
ptolemy.util.test.WatchDog.cancel(): canceling Wed Jul 04 01:33:41 UTC 2018
------------------ testing $PTII/ptolemy/domains/de/test/auto/ResettableTimer6.xml
auto.tcl: Setting watchdog for 200 seconds at Wed Jul 04 01:33:41 UTC 2018
1 ms. Memory: 278528K Free: 266450K (96%)
ptolemy.util.test.WatchDog.cancel(): canceling Wed Jul 04 01:33:41 UTC 2018
auto.tcl: Setting watchdog for 200 seconds at Wed Jul 04 01:33:41 UTC 2018
1 ms. Memory: 278528K Free: 266450K (96%)
ptolemy.util.test.WatchDog.cancel(): canceling Wed Jul 04 01:33:41 UTC 2018
------------------ testing $PTII/ptolemy/domains/de/test/auto/ServerZeroDelay.xml
auto.tcl: Setting watchdog for 200 seconds at Wed Jul 04 01:33:41 UTC 2018
7 ms. Memory: 279552K Free: 267561K (96%)
ptolemy.util.test.WatchDog.cancel(): canceling Wed Jul 04 01:33:41 UTC 2018
auto.tcl: Setting watchdog for 200 seconds at Wed Jul 04 01:33:41 UTC 2018
2 ms. Memory: 279552K Free: 267561K (96%)
ptolemy.util.test.WatchDog.cancel(): canceling Wed Jul 04 01:33:41 UTC 2018
------------------ testing $PTII/ptolemy/domains/de/test/auto/SmartSender.xml
auto.tcl: Setting watchdog for 200 seconds at Wed Jul 04 01:33:41 UTC 2018
3002 ms. Memory: 278528K Free: 260635K (94%)
ptolemy.util.test.WatchDog.cancel(): canceling Wed Jul 04 01:33:44 UTC 2018
auto.tcl: Setting watchdog for 200 seconds at Wed Jul 04 01:33:44 UTC 2018
3002 ms. Memory: 278528K Free: 260635K (94%)
ptolemy.util.test.WatchDog.cancel(): canceling Wed Jul 04 01:33:47 UTC 2018
------------------ testing $PTII/ptolemy/domains/de/test/auto/ThreadedComposite.xml
auto.tcl: Setting watchdog for 200 seconds at Wed Jul 04 01:33:47 UTC 2018
236 ms. Memory: 279552K Free: 247341K (88%)
ptolemy.util.test.WatchDog.cancel(): canceling Wed Jul 04 01:33:47 UTC 2018
auto.tcl: Setting watchdog for 200 seconds at Wed Jul 04 01:33:47 UTC 2018
219 ms. Memory: 279552K Free: 231969K (83%)
ptolemy.util.test.WatchDog.cancel(): canceling Wed Jul 04 01:33:47 UTC 2018
------------------ testing $PTII/ptolemy/domains/de/test/auto/Time.xml
auto.tcl: Setting watchdog for 200 seconds at Wed Jul 04 01:33:47 UTC 2018
650 ms. Memory: 278528K Free: 214917K (77%)
ptolemy.util.test.WatchDog.cancel(): canceling Wed Jul 04 01:33:48 UTC 2018
auto.tcl: Setting watchdog for 200 seconds at Wed Jul 04 01:33:48 UTC 2018
524 ms. Memory: 278528K Free: 162521K (58%)
ptolemy.util.test.WatchDog.cancel(): canceling Wed Jul 04 01:33:49 UTC 2018
------------------ testing $PTII/ptolemy/domains/de/test/auto/TimeDelayZeroDelay.xml
auto.tcl: Setting watchdog for 200 seconds at Wed Jul 04 01:33:49 UTC 2018
2 ms. Memory: 279040K Free: 267466K (96%)
ptolemy.util.test.WatchDog.cancel(): canceling Wed Jul 04 01:33:49 UTC 2018
auto.tcl: Setting watchdog for 200 seconds at Wed Jul 04 01:33:49 UTC 2018
2 ms. Memory: 279040K Free: 267466K (96%)
ptolemy.util.test.WatchDog.cancel(): canceling Wed Jul 04 01:33:49 UTC 2018
------------------ testing $PTII/ptolemy/domains/de/test/auto/TimerZeroDelay.xml
auto.tcl: Setting watchdog for 200 seconds at Wed Jul 04 01:33:49 UTC 2018
2 ms. Memory: 278528K Free: 267061K (96%)
ptolemy.util.test.WatchDog.cancel(): canceling Wed Jul 04 01:33:49 UTC 2018
auto.tcl: Setting watchdog for 200 seconds at Wed Jul 04 01:33:49 UTC 2018
2 ms. Memory: 278528K Free: 267061K (96%)
ptolemy.util.test.WatchDog.cancel(): canceling Wed Jul 04 01:33:49 UTC 2018
------------------ testing $PTII/ptolemy/domains/de/test/auto/TimingParadox.xml
auto.tcl: Setting watchdog for 200 seconds at Wed Jul 04 01:33:49 UTC 2018
365 ms. Memory: 279040K Free: 201747K (72%)
ptolemy.util.test.WatchDog.cancel(): canceling Wed Jul 04 01:33:49 UTC 2018
auto.tcl: Setting watchdog for 200 seconds at Wed Jul 04 01:33:49 UTC 2018
355 ms. Memory: 279040K Free: 167073K (60%)
ptolemy.util.test.WatchDog.cancel(): canceling Wed Jul 04 01:33:50 UTC 2018
------------------ testing $PTII/ptolemy/domains/de/test/auto/TransferInputs.xml
auto.tcl: Setting watchdog for 200 seconds at Wed Jul 04 01:33:50 UTC 2018
2 ms. Memory: 279040K Free: 266437K (95%)
ptolemy.util.test.WatchDog.cancel(): canceling Wed Jul 04 01:33:50 UTC 2018
auto.tcl: Setting watchdog for 200 seconds at Wed Jul 04 01:33:50 UTC 2018
2 ms. Memory: 279040K Free: 266437K (95%)
ptolemy.util.test.WatchDog.cancel(): canceling Wed Jul 04 01:33:50 UTC 2018
------------------ testing $PTII/ptolemy/domains/de/test/auto/TransferOutputs2.xml
auto.tcl: Setting watchdog for 200 seconds at Wed Jul 04 01:33:50 UTC 2018
3 ms. Memory: 278528K Free: 264517K (95%)
ptolemy.util.test.WatchDog.cancel(): canceling Wed Jul 04 01:33:50 UTC 2018
auto.tcl: Setting watchdog for 200 seconds at Wed Jul 04 01:33:50 UTC 2018
3 ms. Memory: 278528K Free: 262000K (94%)
ptolemy.util.test.WatchDog.cancel(): canceling Wed Jul 04 01:33:50 UTC 2018
------------------ testing $PTII/ptolemy/domains/de/test/auto/Trilateration.xml
auto.tcl: Setting watchdog for 200 seconds at Wed Jul 04 01:33:50 UTC 2018
13000 ms. Memory: 521728K Free: 79085K (15%)
ptolemy.util.test.WatchDog.cancel(): canceling Wed Jul 04 01:34:04 UTC 2018
auto.tcl: Setting watchdog for 200 seconds at Wed Jul 04 01:34:04 UTC 2018
10380 ms. Memory: 385024K Free: 343871K (89%)
ptolemy.util.test.WatchDog.cancel(): canceling Wed Jul 04 01:34:14 UTC 2018
------------------ testing $PTII/ptolemy/domains/de/test/auto/TwoSigmaDelta.xml
auto.tcl: Setting watchdog for 200 seconds at Wed Jul 04 01:34:15 UTC 2018
2912 ms. Memory: 381952K Free: 83404K (22%)
ptolemy.util.test.WatchDog.cancel(): canceling Wed Jul 04 01:34:18 UTC 2018
auto.tcl: Setting watchdog for 200 seconds at Wed Jul 04 01:34:18 UTC 2018
2272 ms. Memory: 371200K Free: 141960K (38%)
ptolemy.util.test.WatchDog.cancel(): canceling Wed Jul 04 01:34:20 UTC 2018
------------------ testing $PTII/ptolemy/domains/de/test/auto/VariableDelay.xml
auto.tcl: Setting watchdog for 200 seconds at Wed Jul 04 01:34:20 UTC 2018
2 ms. Memory: 368640K Free: 353306K (96%)
ptolemy.util.test.WatchDog.cancel(): canceling Wed Jul 04 01:34:20 UTC 2018
auto.tcl: Setting watchdog for 200 seconds at Wed Jul 04 01:34:20 UTC 2018
1 ms. Memory: 368640K Free: 353306K (96%)
ptolemy.util.test.WatchDog.cancel(): canceling Wed Jul 04 01:34:20 UTC 2018
------------------ testing $PTII/ptolemy/domains/de/test/auto/VariableDelay2.xml
auto.tcl: Setting watchdog for 200 seconds at Wed Jul 04 01:34:20 UTC 2018
6 ms. Memory: 370688K Free: 358634K (97%)
ptolemy.util.test.WatchDog.cancel(): canceling Wed Jul 04 01:34:20 UTC 2018
auto.tcl: Setting watchdog for 200 seconds at Wed Jul 04 01:34:20 UTC 2018
2 ms. Memory: 370688K Free: 358634K (97%)
ptolemy.util.test.WatchDog.cancel(): canceling Wed Jul 04 01:34:20 UTC 2018
------------------ testing $PTII/ptolemy/domains/de/test/auto/VariableDelayZeroDelay.xml
auto.tcl: Setting watchdog for 200 seconds at Wed Jul 04 01:34:20 UTC 2018
2 ms. Memory: 368640K Free: 353713K (96%)
ptolemy.util.test.WatchDog.cancel(): canceling Wed Jul 04 01:34:20 UTC 2018
auto.tcl: Setting watchdog for 200 seconds at Wed Jul 04 01:34:20 UTC 2018
2 ms. Memory: 368640K Free: 353713K (96%)
ptolemy.util.test.WatchDog.cancel(): canceling Wed Jul 04 01:34:20 UTC 2018
------------------ testing $PTII/ptolemy/domains/de/test/auto/VariableDelayZeroDelay2.xml
auto.tcl: Setting watchdog for 200 seconds at Wed Jul 04 01:34:20 UTC 2018
2 ms. Memory: 370688K Free: 355759K (96%)
ptolemy.util.test.WatchDog.cancel(): canceling Wed Jul 04 01:34:20 UTC 2018
auto.tcl: Setting watchdog for 200 seconds at Wed Jul 04 01:34:20 UTC 2018
2 ms. Memory: 370688K Free: 355759K (96%)
ptolemy.util.test.WatchDog.cancel(): canceling Wed Jul 04 01:34:20 UTC 2018
------------------ testing $PTII/ptolemy/domains/de/test/auto/deInCt.xml
auto.tcl: Setting watchdog for 200 seconds at Wed Jul 04 01:34:20 UTC 2018
0
1
1
1
0
0
0
0
1
1
0
0
0
1
1
1
0
0
0
1
1
1
0
0
0
0
1
1
1
0
0
0
1
1
1
1
0
0
0
0
1
1
1
1
18 ms. Memory: 368640K Free: 353706K (96%)
ptolemy.util.test.WatchDog.cancel(): canceling Wed Jul 04 01:34:20 UTC 2018
auto.tcl: Setting watchdog for 200 seconds at Wed Jul 04 01:34:20 UTC 2018
0
1
1
1
0
0
0
1
1
1
0
0
0
0
1
1
1
0
0
0
0
1
1
1
1
0
0
1
1
1
1
0
0
1
1
1
0
0
0
0
7 ms. Memory: 368640K Free: 349164K (95%)
ptolemy.util.test.WatchDog.cancel(): canceling Wed Jul 04 01:34:20 UTC 2018
------------------ testing $PTII/ptolemy/domains/de/test/auto/deInCt2.xml
auto.tcl: Setting watchdog for 200 seconds at Wed Jul 04 01:34:20 UTC 2018
0
1
1
1
0
0
1
1
1
0
0
1
1
1
0
0
1
1
1
0
0
1
1
1
0
0
1
1
1
0
0
1
1
1
0
0
1
1
1
0
0
0
6 ms. Memory: 370176K Free: 355244K (96%)
ptolemy.util.test.WatchDog.cancel(): canceling Wed Jul 04 01:34:20 UTC 2018
auto.tcl: Setting watchdog for 200 seconds at Wed Jul 04 01:34:20 UTC 2018
0
1
1
1
0
0
1
1
1
0
0
1
1
1
0
0
1
1
1
0
0
1
1
1
0
0
1
1
1
0
0
1
1
1
0
0
1
1
1
0
0
0
11 ms. Memory: 370176K Free: 350703K (95%)
ptolemy.util.test.WatchDog.cancel(): canceling Wed Jul 04 01:34:20 UTC 2018
------------------ testing $PTII/ptolemy/domains/de/test/auto/dynamicCausalityInterface1.xml
auto.tcl: Setting watchdog for 200 seconds at Wed Jul 04 01:34:20 UTC 2018
1 ms. Memory: 368640K Free: 344621K (93%)
ptolemy.util.test.WatchDog.cancel(): canceling Wed Jul 04 01:34:20 UTC 2018
auto.tcl: Setting watchdog for 200 seconds at Wed Jul 04 01:34:20 UTC 2018
1 ms. Memory: 368640K Free: 344621K (93%)
ptolemy.util.test.WatchDog.cancel(): canceling Wed Jul 04 01:34:20 UTC 2018
------------------ testing $PTII/ptolemy/domains/de/test/auto/fsm_de_test.xml
auto.tcl: Setting watchdog for 200 seconds at Wed Jul 04 01:34:20 UTC 2018
16 ms. Memory: 370176K Free: 350593K (95%)
ptolemy.util.test.WatchDog.cancel(): canceling Wed Jul 04 01:34:20 UTC 2018
auto.tcl: Setting watchdog for 200 seconds at Wed Jul 04 01:34:20 UTC 2018
6 ms. Memory: 370176K Free: 346059K (93%)
ptolemy.util.test.WatchDog.cancel(): canceling Wed Jul 04 01:34:20 UTC 2018
------------------ testing $PTII/ptolemy/domains/de/test/auto/functionDependencyReconstruction.xml
auto.tcl: Setting watchdog for 200 seconds at Wed Jul 04 01:34:20 UTC 2018
2 ms. Memory: 368640K Free: 339981K (92%)
ptolemy.util.test.WatchDog.cancel(): canceling Wed Jul 04 01:34:21 UTC 2018
auto.tcl: Setting watchdog for 200 seconds at Wed Jul 04 01:34:21 UTC 2018
3 ms. Memory: 368640K Free: 339981K (92%)
ptolemy.util.test.WatchDog.cancel(): canceling Wed Jul 04 01:34:21 UTC 2018
------------------ testing $PTII/ptolemy/domains/de/test/auto/multirate.xml
auto.tcl: Setting watchdog for 200 seconds at Wed Jul 04 01:34:21 UTC 2018
3 ms. Memory: 369664K Free: 349956K (95%)
ptolemy.util.test.WatchDog.cancel(): canceling Wed Jul 04 01:34:21 UTC 2018
auto.tcl: Setting watchdog for 200 seconds at Wed Jul 04 01:34:21 UTC 2018
3 ms. Memory: 369664K Free: 349956K (95%)
ptolemy.util.test.WatchDog.cancel(): canceling Wed Jul 04 01:34:21 UTC 2018
------------------ testing $PTII/ptolemy/domains/de/test/auto/multirate2.xml
auto.tcl: Setting watchdog for 200 seconds at Wed Jul 04 01:34:21 UTC 2018
3 ms. Memory: 368640K Free: 349118K (95%)
ptolemy.util.test.WatchDog.cancel(): canceling Wed Jul 04 01:34:21 UTC 2018
auto.tcl: Setting watchdog for 200 seconds at Wed Jul 04 01:34:21 UTC 2018
2 ms. Memory: 368640K Free: 349118K (95%)
ptolemy.util.test.WatchDog.cancel(): canceling Wed Jul 04 01:34:21 UTC 2018
------------------ testing $PTII/ptolemy/domains/de/test/auto/realtime.xml
auto.tcl: Setting watchdog for 200 seconds at Wed Jul 04 01:34:21 UTC 2018
10001 ms. Memory: 369664K Free: 354674K (96%)
ptolemy.util.test.WatchDog.cancel(): canceling Wed Jul 04 01:34:31 UTC 2018
auto.tcl: Setting watchdog for 200 seconds at Wed Jul 04 01:34:31 UTC 2018
10001 ms. Memory: 369664K Free: 350132K (95%)
ptolemy.util.test.WatchDog.cancel(): canceling Wed Jul 04 01:34:41 UTC 2018
------------------ testing $PTII/ptolemy/domains/de/test/auto/relationGroup.xml
auto.tcl: Setting watchdog for 200 seconds at Wed Jul 04 01:34:41 UTC 2018
1 ms. Memory: 368640K Free: 356551K (97%)
ptolemy.util.test.WatchDog.cancel(): canceling Wed Jul 04 01:34:41 UTC 2018
auto.tcl: Setting watchdog for 200 seconds at Wed Jul 04 01:34:41 UTC 2018
1 ms. Memory: 368640K Free: 356551K (97%)
ptolemy.util.test.WatchDog.cancel(): canceling Wed Jul 04 01:34:41 UTC 2018
------------------ testing $PTII/ptolemy/domains/de/test/auto/relationGroup2.xml
auto.tcl: Setting watchdog for 200 seconds at Wed Jul 04 01:34:41 UTC 2018
1 ms. Memory: 369664K Free: 354729K (96%)
ptolemy.util.test.WatchDog.cancel(): canceling Wed Jul 04 01:34:41 UTC 2018
auto.tcl: Setting watchdog for 200 seconds at Wed Jul 04 01:34:41 UTC 2018
1 ms. Memory: 369664K Free: 354729K (96%)
ptolemy.util.test.WatchDog.cancel(): canceling Wed Jul 04 01:34:41 UTC 2018
------------------ testing $PTII/ptolemy/domains/de/test/auto/sortWithOpaquePorts.xml
auto.tcl: Setting watchdog for 200 seconds at Wed Jul 04 01:34:41 UTC 2018
1 ms. Memory: 368640K Free: 353706K (96%)
ptolemy.util.test.WatchDog.cancel(): canceling Wed Jul 04 01:34:41 UTC 2018
auto.tcl: Setting watchdog for 200 seconds at Wed Jul 04 01:34:41 UTC 2018
1 ms. Memory: 368640K Free: 349164K (95%)
ptolemy.util.test.WatchDog.cancel(): canceling Wed Jul 04 01:34:41 UTC 2018
------------------ testing $PTII/ptolemy/domains/de/test/auto/transferInputsandOutputs.xml
auto.tcl: Setting watchdog for 200 seconds at Wed Jul 04 01:34:41 UTC 2018
2 ms. Memory: 369152K Free: 349662K (95%)
ptolemy.util.test.WatchDog.cancel(): canceling Wed Jul 04 01:34:41 UTC 2018
auto.tcl: Setting watchdog for 200 seconds at Wed Jul 04 01:34:41 UTC 2018
1 ms. Memory: 369152K Free: 349662K (95%)
ptolemy.util.test.WatchDog.cancel(): canceling Wed Jul 04 01:34:41 UTC 2018
------------------ testing $PTII/ptolemy/domains/de/test/auto/triggerType.xml
auto.tcl: Setting watchdog for 200 seconds at Wed Jul 04 01:34:41 UTC 2018
1 ms. Memory: 368640K Free: 353643K (96%)
ptolemy.util.test.WatchDog.cancel(): canceling Wed Jul 04 01:34:41 UTC 2018
auto.tcl: Setting watchdog for 200 seconds at Wed Jul 04 01:34:41 UTC 2018
1 ms. Memory: 368640K Free: 353643K (96%)
ptolemy.util.test.WatchDog.cancel(): canceling Wed Jul 04 01:34:41 UTC 2018
07/04/18 01:34:41
Failed: 0  Total Tests: 192  ((Passed: 187, Newly Passed: 1)  Known Failed: 5) /home/travis/build/icyphy/ptII/ptolemy/domains/de/test
07/04/18 01:34:41
Failed: 0  Total Tests: 192  ((Passed: 187, Newly Passed: 1)  Known Failed: 5) /home/travis/build/icyphy/ptII/ptolemy/domains/de/test
----------------- testing (KnownFailure) /home/travis/build/icyphy/ptII/ptolemy/domains/de/test/auto/knownFailedTests/DESDFClockTest.xml
2006 ms. Memory: 369152K Free: 342708K (93%)
Known Failure: java.lang.reflect.InvocationTargetException
----------------- testing (KnownFailure) /home/travis/build/icyphy/ptII/ptolemy/domains/de/test/auto/knownFailedTests/DirectFeedback.xml
1 ms. Memory: 369152K Free: 319729K (87%)
Known Failure: java.lang.reflect.InvocationTargetException
----------------- testing (KnownFailure) /home/travis/build/icyphy/ptII/ptolemy/domains/de/test/auto/knownFailedTests/FSMSource.xml
4 ms. Memory: 369152K Free: 296751K (80%)
----------------- testing (KnownFailure) /home/travis/build/icyphy/ptII/ptolemy/domains/de/test/auto/knownFailedTests/HierarchicalModel.xml
2 ms. Memory: 369152K Free: 273756K (74%)
Known Failure: java.lang.reflect.InvocationTargetException
----------------- testing (KnownFailure) /home/travis/build/icyphy/ptII/ptolemy/domains/de/test/auto/knownFailedTests/dependencyLoop.xml
2 ms. Memory: 369152K Free: 239280K (65%)
Known Failure: java.lang.reflect.InvocationTargetException
----------------- testing (KnownFailure) /home/travis/build/icyphy/ptII/ptolemy/domains/de/test/auto/knownFailedTests/dependencyLoop2.xml
3 ms. Memory: 369152K Free: 204811K (55%)
Known Failure: java.lang.reflect.InvocationTargetException
No auto/linux-amd64/*.xml tests in /home/travis/build/icyphy/ptII/ptolemy/domains/de/test
AutoTests.java: About to close Vertx.
AutoTests.java: Vertx closed.

===========================================================================================
----------------- testing Wed Jul 04 01:34:43 UTC 2018 /home/travis/build/icyphy/ptII/ptolemy/domains/de/test/auto/ActorDepthCalculation_actorWithoutPorts.xml
----------------- Instantiating /home/travis/build/icyphy/ptII/ptolemy/domains/de/test/auto/ActorDepthCalculation_actorWithoutPorts.xml
1 ms. Memory: 369152K Free: 176088K (48%)
----------------- Invoking toplevel() on ptolemy.moml.MoMLSimpleApplication@75ba1c5d
----------------- Done invoking toplevel() on ptolemy.moml.MoMLSimpleApplication@75ba1c5d
reloadAllAccessors: .ActorDepthCalculation_actorWithoutPorts

===========================================================================================
----------------- testing Wed Jul 04 01:34:43 UTC 2018 /home/travis/build/icyphy/ptII/ptolemy/domains/de/test/auto/AssemblyLine.xml
----------------- Instantiating /home/travis/build/icyphy/ptII/ptolemy/domains/de/test/auto/AssemblyLine.xml
2 ms. Memory: 369152K Free: 158838K (43%)
----------------- Invoking toplevel() on ptolemy.moml.MoMLSimpleApplication@31b869db
----------------- Done invoking toplevel() on ptolemy.moml.MoMLSimpleApplication@31b869db
reloadAllAccessors: .AssemblyLine

===========================================================================================
----------------- testing Wed Jul 04 01:34:43 UTC 2018 /home/travis/build/icyphy/ptII/ptolemy/domains/de/test/auto/CQBug1.xml
----------------- Instantiating /home/travis/build/icyphy/ptII/ptolemy/domains/de/test/auto/CQBug1.xml
0 ms. Memory: 369152K Free: 147349K (40%)
----------------- Invoking toplevel() on ptolemy.moml.MoMLSimpleApplication@2663f5e1
----------------- Done invoking toplevel() on ptolemy.moml.MoMLSimpleApplication@2663f5e1
reloadAllAccessors: .CQBug1

===========================================================================================
----------------- testing Wed Jul 04 01:34:43 UTC 2018 /home/travis/build/icyphy/ptII/ptolemy/domains/de/test/auto/CancelFireAt.xml
----------------- Instantiating /home/travis/build/icyphy/ptII/ptolemy/domains/de/test/auto/CancelFireAt.xml
1 ms. Memory: 369152K Free: 135859K (37%)
----------------- Invoking toplevel() on ptolemy.moml.MoMLSimpleApplication@33501f36
----------------- Done invoking toplevel() on ptolemy.moml.MoMLSimpleApplication@33501f36
reloadAllAccessors: .CancelFireAt

===========================================================================================
----------------- testing Wed Jul 04 01:34:43 UTC 2018 /home/travis/build/icyphy/ptII/ptolemy/domains/de/test/auto/CausalityAndComposabilityAnalysis.xml
----------------- Instantiating /home/travis/build/icyphy/ptII/ptolemy/domains/de/test/auto/CausalityAndComposabilityAnalysis.xml
1 ms. Memory: 369152K Free: 124370K (34%)
----------------- Invoking toplevel() on ptolemy.moml.MoMLSimpleApplication@60c5628d
----------------- Done invoking toplevel() on ptolemy.moml.MoMLSimpleApplication@60c5628d
reloadAllAccessors: .CausalityAndComposabilityAnalysis

===========================================================================================
----------------- testing Wed Jul 04 01:34:43 UTC 2018 /home/travis/build/icyphy/ptII/ptolemy/domains/de/test/auto/CausalityInterface1.xml
----------------- Instantiating /home/travis/build/icyphy/ptII/ptolemy/domains/de/test/auto/CausalityInterface1.xml
3 ms. Memory: 369152K Free: 112881K (31%)
----------------- Invoking toplevel() on ptolemy.moml.MoMLSimpleApplication@5811e32f
----------------- Done invoking toplevel() on ptolemy.moml.MoMLSimpleApplication@5811e32f
reloadAllAccessors: .CausalityInterface1

===========================================================================================
----------------- testing Wed Jul 04 01:34:43 UTC 2018 /home/travis/build/icyphy/ptII/ptolemy/domains/de/test/auto/CausalityInterface15.xml
----------------- Instantiating /home/travis/build/icyphy/ptII/ptolemy/domains/de/test/auto/CausalityInterface15.xml
2 ms. Memory: 369152K Free: 101392K (27%)
----------------- Invoking toplevel() on ptolemy.moml.MoMLSimpleApplication@5c23ff75
----------------- Done invoking toplevel() on ptolemy.moml.MoMLSimpleApplication@5c23ff75
reloadAllAccessors: .CausalityInterface15

[...]
java.lang.RuntimeException: Execution failed
	at ptolemy.moml.MoMLSimpleApplication$UnloadThread.run(MoMLSimpleApplication.java:402)
Caused by: ptolemy.kernel.util.IllegalActionException: Test fails in iteration 1.
Value was: 1.0. Should have been: 2.0
  in .DirectFeedback.Test
	at ptolemy.actor.lib.Test.fire(Test.java:268)
	at ptolemy.domains.de.kernel.DEDirector._fire(DEDirector.java:1949)
	at ptolemy.domains.de.kernel.DEDirector.fire(DEDirector.java:502)
	at ptolemy.actor.CompositeActor.fire(CompositeActor.java:455)
	at ptolemy.actor.Manager.iterate(Manager.java:851)
	at ptolemy.actor.Manager.execute(Manager.java:369)
	at ptolemy.actor.Manager.run(Manager.java:1263)
	at ptolemy.actor.Manager$PtolemyRunThread.run(Manager.java:1915)
java.lang.RuntimeException: Execution failed
	at ptolemy.moml.MoMLSimpleApplication$UnloadThread.run(MoMLSimpleApplication.java:402)
Caused by: ptolemy.kernel.util.IllegalActionException: Actor is not ready to fire.  Perhaps UpSample.prefire() returned false? Try debugging the actor by selecting "Listen to Actor".  Also, for SDF check moml for tokenConsumptionRate on input.
  in .DESDFClockTest.Play Bell.Copy1:SDF Director and .DESDFClockTest.Play Bell.UpSample
	at ptolemy.actor.sched.StaticSchedulingDirector.fire(StaticSchedulingDirector.java:227)
	at ptolemy.domains.sdf.kernel.SDFDirector.fire(SDFDirector.java:500)
	at ptolemy.actor.CompositeActor.fire(CompositeActor.java:455)
	at ptolemy.domains.de.kernel.DEDirector._fire(DEDirector.java:1949)
	at ptolemy.domains.de.kernel.DEDirector.fire(DEDirector.java:502)
	at ptolemy.actor.CompositeActor.fire(CompositeActor.java:455)
	at ptolemy.actor.Manager.iterate(Manager.java:851)
	at ptolemy.actor.Manager.execute(Manager.java:369)
	at ptolemy.actor.Manager.run(Manager.java:1263)
	at ptolemy.actor.Manager$PtolemyRunThread.run(Manager.java:1915)
java.lang.reflect.InvocationTargetException
	at sun.reflect.NativeConstructorAccessorImpl.newInstance0(Native Method)
	at sun.reflect.NativeConstructorAccessorImpl.newInstance(NativeConstructorAccessorImpl.java:62)
	at sun.reflect.DelegatingConstructorAccessorImpl.newInstance(DelegatingConstructorAccessorImpl.java:45)
	at java.lang.reflect.Constructor.newInstance(Constructor.java:423)
	at ptolemy.util.test.junit.AutoKnownFailedTests.RunModel(AutoKnownFailedTests.java:107)
	at sun.reflect.NativeMethodAccessorImpl.invoke0(Native Method)
	at sun.reflect.NativeMethodAccessorImpl.invoke(NativeMethodAccessorImpl.java:62)
	at sun.reflect.DelegatingMethodAccessorImpl.invoke(DelegatingMethodAccessorImpl.java:43)
	at java.lang.reflect.Method.invoke(Method.java:498)
	at org.junit.runners.model.FrameworkMethod$1.runReflectiveCall(FrameworkMethod.java:44)
	at org.junit.internal.runners.model.ReflectiveCallable.run(ReflectiveCallable.java:15)
	at org.junit.runners.model.FrameworkMethod.invokeExplosively(FrameworkMethod.java:41)
	at junitparams.internal.InvokeParameterisedMethod.evaluate(InvokeParameterisedMethod.java:102)
	at org.junit.internal.runners.statements.FailOnTimeout$1.run(FailOnTimeout.java:28)
Caused by: ptolemy.kernel.util.IllegalActionException: Actor is not ready to fire.  Perhaps UpSample.prefire() returned false? Try debugging the actor by selecting "Listen to Actor".  Also, for SDF check moml for tokenConsumptionRate on input.
  in .DESDFClockTest.Play Bell.Copy1:SDF Director and .DESDFClockTest.Play Bell.UpSample
	at ptolemy.actor.sched.StaticSchedulingDirector.fire(StaticSchedulingDirector.java:227)
	at ptolemy.domains.sdf.kernel.SDFDirector.fire(SDFDirector.java:500)
	at ptolemy.actor.CompositeActor.fire(CompositeActor.java:455)
	at ptolemy.domains.de.kernel.DEDirector._fire(DEDirector.java:1949)
	at ptolemy.domains.de.kernel.DEDirector.fire(DEDirector.java:502)
	at ptolemy.actor.CompositeActor.fire(CompositeActor.java:455)
	at ptolemy.actor.Manager.iterate(Manager.java:851)
	at ptolemy.actor.Manager.execute(Manager.java:369)
	at ptolemy.actor.Manager.run(Manager.java:1263)
	at ptolemy.actor.Manager$PtolemyRunThread.run(Manager.java:1915)
java.lang.RuntimeException: Execution failed
	at ptolemy.moml.MoMLSimpleApplication$UnloadThread.run(MoMLSimpleApplication.java:402)
Caused by: ptolemy.kernel.util.IllegalActionException: Test fails in iteration 1.
Value was: 1.0. Should have been: 2.0
  in .DirectFeedback.Test
	at ptolemy.actor.lib.Test.fire(Test.java:268)
	at ptolemy.domains.de.kernel.DEDirector._fire(DEDirector.java:1949)
	at ptolemy.domains.de.kernel.DEDirector.fire(DEDirector.java:502)
	at ptolemy.actor.CompositeActor.fire(CompositeActor.java:455)
	at ptolemy.actor.Manager.iterate(Manager.java:851)
	at ptolemy.actor.Manager.execute(Manager.java:369)
	at ptolemy.actor.Manager.run(Manager.java:1263)
	at ptolemy.actor.Manager$PtolemyRunThread.run(Manager.java:1915)
java.lang.reflect.InvocationTargetException
	at sun.reflect.NativeConstructorAccessorImpl.newInstance0(Native Method)
	at sun.reflect.NativeConstructorAccessorImpl.newInstance(NativeConstructorAccessorImpl.java:62)
	at sun.reflect.DelegatingConstructorAccessorImpl.newInstance(DelegatingConstructorAccessorImpl.java:45)
	at java.lang.reflect.Constructor.newInstance(Constructor.java:423)
	at ptolemy.util.test.junit.AutoKnownFailedTests.RunModel(AutoKnownFailedTests.java:107)
	at sun.reflect.NativeMethodAccessorImpl.invoke0(Native Method)
	at sun.reflect.NativeMethodAccessorImpl.invoke(NativeMethodAccessorImpl.java:62)
	at sun.reflect.DelegatingMethodAccessorImpl.invoke(DelegatingMethodAccessorImpl.java:43)
	at java.lang.reflect.Method.invoke(Method.java:498)
	at org.junit.runners.model.FrameworkMethod$1.runReflectiveCall(FrameworkMethod.java:44)
	at org.junit.internal.runners.model.ReflectiveCallable.run(ReflectiveCallable.java:15)
	at org.junit.runners.model.FrameworkMethod.invokeExplosively(FrameworkMethod.java:41)
	at junitparams.internal.InvokeParameterisedMethod.evaluate(InvokeParameterisedMethod.java:102)
	at org.junit.internal.runners.statements.FailOnTimeout$1.run(FailOnTimeout.java:28)
Caused by: ptolemy.kernel.util.IllegalActionException: Test fails in iteration 1.
Value was: 1.0. Should have been: 2.0
  in .DirectFeedback.Test
	at ptolemy.actor.lib.Test.fire(Test.java:268)
	at ptolemy.domains.de.kernel.DEDirector._fire(DEDirector.java:1949)
	at ptolemy.domains.de.kernel.DEDirector.fire(DEDirector.java:502)
	at ptolemy.actor.CompositeActor.fire(CompositeActor.java:455)
	at ptolemy.actor.Manager.iterate(Manager.java:851)
	at ptolemy.actor.Manager.execute(Manager.java:369)
	at ptolemy.actor.Manager.run(Manager.java:1263)
	at ptolemy.actor.Manager$PtolemyRunThread.run(Manager.java:1915)
java.lang.RuntimeException: Execution failed
	at ptolemy.moml.MoMLSimpleApplication$UnloadThread.run(MoMLSimpleApplication.java:402)
Caused by: ptolemy.kernel.util.IllegalActionException: Found a zero delay loop containing .HierarchicalModel.A
  in .HierarchicalModel and .HierarchicalModel.A
	at ptolemy.actor.util.CausalityInterfaceForComposites._computeOutputPortDepth(CausalityInterfaceForComposites.java:759)
	at ptolemy.actor.util.CausalityInterfaceForComposites._computeInputDepth(CausalityInterfaceForComposites.java:696)
	at ptolemy.actor.util.CausalityInterfaceForComposites._computeOutputPortDepth(CausalityInterfaceForComposites.java:765)
	at ptolemy.actor.util.CausalityInterfaceForComposites._computeInputDepth(CausalityInterfaceForComposites.java:696)
	at ptolemy.actor.util.CausalityInterfaceForComposites._computeOutputPortDepth(CausalityInterfaceForComposites.java:765)
	at ptolemy.actor.util.CausalityInterfaceForComposites._computeInputDepth(CausalityInterfaceForComposites.java:696)
	at ptolemy.actor.util.CausalityInterfaceForComposites._computeActorDepth(CausalityInterfaceForComposites.java:532)
	at ptolemy.actor.util.CausalityInterfaceForComposites.checkForCycles(CausalityInterfaceForComposites.java:96)
	at ptolemy.domains.de.kernel.DEDirector.preinitialize(DEDirector.java:1338)
	at ptolemy.actor.CompositeActor.preinitialize(CompositeActor.java:1828)
	at ptolemy.actor.Manager.preinitializeAndResolveTypes(Manager.java:1040)
	at ptolemy.actor.Manager.initialize(Manager.java:710)
	at ptolemy.actor.Manager.execute(Manager.java:356)
	at ptolemy.actor.Manager.run(Manager.java:1263)
	at ptolemy.actor.Manager$PtolemyRunThread.run(Manager.java:1915)
java.lang.reflect.InvocationTargetException
	at sun.reflect.NativeConstructorAccessorImpl.newInstance0(Native Method)
	at sun.reflect.NativeConstructorAccessorImpl.newInstance(NativeConstructorAccessorImpl.java:62)
	at sun.reflect.DelegatingConstructorAccessorImpl.newInstance(DelegatingConstructorAccessorImpl.java:45)
	at java.lang.reflect.Constructor.newInstance(Constructor.java:423)
	at ptolemy.util.test.junit.AutoKnownFailedTests.RunModel(AutoKnownFailedTests.java:107)
	at sun.reflect.NativeMethodAccessorImpl.invoke0(Native Method)
	at sun.reflect.NativeMethodAccessorImpl.invoke(NativeMethodAccessorImpl.java:62)
	at sun.reflect.DelegatingMethodAccessorImpl.invoke(DelegatingMethodAccessorImpl.java:43)
	at java.lang.reflect.Method.invoke(Method.java:498)
	at org.junit.runners.model.FrameworkMethod$1.runReflectiveCall(FrameworkMethod.java:44)
	at org.junit.internal.runners.model.ReflectiveCallable.run(ReflectiveCallable.java:15)
	at org.junit.runners.model.FrameworkMethod.invokeExplosively(FrameworkMethod.java:41)
	at junitparams.internal.InvokeParameterisedMethod.evaluate(InvokeParameterisedMethod.java:102)
	at org.junit.internal.runners.statements.FailOnTimeout$1.run(FailOnTimeout.java:28)
Caused by: ptolemy.kernel.util.IllegalActionException: Found a zero delay loop containing .HierarchicalModel.A
  in .HierarchicalModel and .HierarchicalModel.A
	at ptolemy.actor.util.CausalityInterfaceForComposites._computeOutputPortDepth(CausalityInterfaceForComposites.java:759)
	at ptolemy.actor.util.CausalityInterfaceForComposites._computeInputDepth(CausalityInterfaceForComposites.java:696)
	at ptolemy.actor.util.CausalityInterfaceForComposites._computeOutputPortDepth(CausalityInterfaceForComposites.java:765)
	at ptolemy.actor.util.CausalityInterfaceForComposites._computeInputDepth(CausalityInterfaceForComposites.java:696)
	at ptolemy.actor.util.CausalityInterfaceForComposites._computeOutputPortDepth(CausalityInterfaceForComposites.java:765)
	at ptolemy.actor.util.CausalityInterfaceForComposites._computeInputDepth(CausalityInterfaceForComposites.java:696)
	at ptolemy.actor.util.CausalityInterfaceForComposites._computeActorDepth(CausalityInterfaceForComposites.java:532)
	at ptolemy.actor.util.CausalityInterfaceForComposites.checkForCycles(CausalityInterfaceForComposites.java:96)
	at ptolemy.domains.de.kernel.DEDirector.preinitialize(DEDirector.java:1338)
	at ptolemy.actor.CompositeActor.preinitialize(CompositeActor.java:1828)
	at ptolemy.actor.Manager.preinitializeAndResolveTypes(Manager.java:1040)
	at ptolemy.actor.Manager.initialize(Manager.java:710)
	at ptolemy.actor.Manager.execute(Manager.java:356)
	at ptolemy.actor.Manager.run(Manager.java:1263)
	at ptolemy.actor.Manager$PtolemyRunThread.run(Manager.java:1915)
java.lang.RuntimeException: Execution failed
	at ptolemy.moml.MoMLSimpleApplication$UnloadThread.run(MoMLSimpleApplication.java:402)
Caused by: ptolemy.kernel.util.IllegalActionException: Found a zero delay loop containing .dependencyLoop.original
  in .dependencyLoop and .dependencyLoop.original
	at ptolemy.actor.util.CausalityInterfaceForComposites._computeOutputPortDepth(CausalityInterfaceForComposites.java:759)
	at ptolemy.actor.util.CausalityInterfaceForComposites._computeInputDepth(CausalityInterfaceForComposites.java:696)
	at ptolemy.actor.util.CausalityInterfaceForComposites._computeOutputPortDepth(CausalityInterfaceForComposites.java:765)
	at ptolemy.actor.util.CausalityInterfaceForComposites._computeInputDepth(CausalityInterfaceForComposites.java:696)
	at ptolemy.actor.util.CausalityInterfaceForComposites._computeOutputPortDepth(CausalityInterfaceForComposites.java:765)
	at ptolemy.actor.util.CausalityInterfaceForComposites._computeInputDepth(CausalityInterfaceForComposites.java:696)
	at ptolemy.actor.util.CausalityInterfaceForComposites._computeActorDepth(CausalityInterfaceForComposites.java:532)
	at ptolemy.actor.util.CausalityInterfaceForComposites.checkForCycles(CausalityInterfaceForComposites.java:96)
	at ptolemy.domains.de.kernel.DEDirector.preinitialize(DEDirector.java:1338)
	at ptolemy.actor.CompositeActor.preinitialize(CompositeActor.java:1828)
	at ptolemy.actor.Manager.preinitializeAndResolveTypes(Manager.java:1040)
	at ptolemy.actor.Manager.initialize(Manager.java:710)
	at ptolemy.actor.Manager.execute(Manager.java:356)
	at ptolemy.actor.Manager.run(Manager.java:1263)
	at ptolemy.actor.Manager$PtolemyRunThread.run(Manager.java:1915)
java.lang.reflect.InvocationTargetException
	at sun.reflect.NativeConstructorAccessorImpl.newInstance0(Native Method)
	at sun.reflect.NativeConstructorAccessorImpl.newInstance(NativeConstructorAccessorImpl.java:62)
	at sun.reflect.DelegatingConstructorAccessorImpl.newInstance(DelegatingConstructorAccessorImpl.java:45)
	at java.lang.reflect.Constructor.newInstance(Constructor.java:423)
	at ptolemy.util.test.junit.AutoKnownFailedTests.RunModel(AutoKnownFailedTests.java:107)
	at sun.reflect.NativeMethodAccessorImpl.invoke0(Native Method)
	at sun.reflect.NativeMethodAccessorImpl.invoke(NativeMethodAccessorImpl.java:62)
	at sun.reflect.DelegatingMethodAccessorImpl.invoke(DelegatingMethodAccessorImpl.java:43)
	at java.lang.reflect.Method.invoke(Method.java:498)
	at org.junit.runners.model.FrameworkMethod$1.runReflectiveCall(FrameworkMethod.java:44)
	at org.junit.internal.runners.model.ReflectiveCallable.run(ReflectiveCallable.java:15)
	at org.junit.runners.model.FrameworkMethod.invokeExplosively(FrameworkMethod.java:41)
	at junitparams.internal.InvokeParameterisedMethod.evaluate(InvokeParameterisedMethod.java:102)
	at org.junit.internal.runners.statements.FailOnTimeout$1.run(FailOnTimeout.java:28)
Caused by: ptolemy.kernel.util.IllegalActionException: Found a zero delay loop containing .dependencyLoop.original
  in .dependencyLoop and .dependencyLoop.original
	at ptolemy.actor.util.CausalityInterfaceForComposites._computeOutputPortDepth(CausalityInterfaceForComposites.java:759)
	at ptolemy.actor.util.CausalityInterfaceForComposites._computeInputDepth(CausalityInterfaceForComposites.java:696)
	at ptolemy.actor.util.CausalityInterfaceForComposites._computeOutputPortDepth(CausalityInterfaceForComposites.java:765)
	at ptolemy.actor.util.CausalityInterfaceForComposites._computeInputDepth(CausalityInterfaceForComposites.java:696)
	at ptolemy.actor.util.CausalityInterfaceForComposites._computeOutputPortDepth(CausalityInterfaceForComposites.java:765)
	at ptolemy.actor.util.CausalityInterfaceForComposites._computeInputDepth(CausalityInterfaceForComposites.java:696)
	at ptolemy.actor.util.CausalityInterfaceForComposites._computeActorDepth(CausalityInterfaceForComposites.java:532)
	at ptolemy.actor.util.CausalityInterfaceForComposites.checkForCycles(CausalityInterfaceForComposites.java:96)
	at ptolemy.domains.de.kernel.DEDirector.preinitialize(DEDirector.java:1338)
	at ptolemy.actor.CompositeActor.preinitialize(CompositeActor.java:1828)
	at ptolemy.actor.Manager.preinitializeAndResolveTypes(Manager.java:1040)
	at ptolemy.actor.Manager.initialize(Manager.java:710)
	at ptolemy.actor.Manager.execute(Manager.java:356)
	at ptolemy.actor.Manager.run(Manager.java:1263)
	at ptolemy.actor.Manager$PtolemyRunThread.run(Manager.java:1915)
java.lang.RuntimeException: Execution failed
	at ptolemy.moml.MoMLSimpleApplication$UnloadThread.run(MoMLSimpleApplication.java:402)
Caused by: ptolemy.kernel.util.IllegalActionException: Found a zero delay loop containing .dependencyLoop2.original
  in .dependencyLoop2 and .dependencyLoop2.original
	at ptolemy.actor.util.CausalityInterfaceForComposites._computeOutputPortDepth(CausalityInterfaceForComposites.java:759)
	at ptolemy.actor.util.CausalityInterfaceForComposites._computeInputDepth(CausalityInterfaceForComposites.java:696)
	at ptolemy.actor.util.CausalityInterfaceForComposites._computeOutputPortDepth(CausalityInterfaceForComposites.java:765)
	at ptolemy.actor.util.CausalityInterfaceForComposites._computeInputDepth(CausalityInterfaceForComposites.java:696)
	at ptolemy.actor.util.CausalityInterfaceForComposites._computeOutputPortDepth(CausalityInterfaceForComposites.java:765)
	at ptolemy.actor.util.CausalityInterfaceForComposites._computeInputDepth(CausalityInterfaceForComposites.java:696)
	at ptolemy.actor.util.CausalityInterfaceForComposites._computeActorDepth(CausalityInterfaceForComposites.java:532)
	at ptolemy.actor.util.CausalityInterfaceForComposites.checkForCycles(CausalityInterfaceForComposites.java:96)
	at ptolemy.domains.de.kernel.DEDirector.preinitialize(DEDirector.java:1338)
	at ptolemy.actor.CompositeActor.preinitialize(CompositeActor.java:1828)
	at ptolemy.actor.Manager.preinitializeAndResolveTypes(Manager.java:1040)
	at ptolemy.actor.Manager.initialize(Manager.java:710)
	at ptolemy.actor.Manager.execute(Manager.java:356)
	at ptolemy.actor.Manager.run(Manager.java:1263)
	at ptolemy.actor.Manager$PtolemyRunThread.run(Manager.java:1915)
java.lang.reflect.InvocationTargetException
	at sun.reflect.NativeConstructorAccessorImpl.newInstance0(Native Method)
	at sun.reflect.NativeConstructorAccessorImpl.newInstance(NativeConstructorAccessorImpl.java:62)
	at sun.reflect.DelegatingConstructorAccessorImpl.newInstance(DelegatingConstructorAccessorImpl.java:45)
	at java.lang.reflect.Constructor.newInstance(Constructor.java:423)
	at ptolemy.util.test.junit.AutoKnownFailedTests.RunModel(AutoKnownFailedTests.java:107)
	at sun.reflect.NativeMethodAccessorImpl.invoke0(Native Method)
	at sun.reflect.NativeMethodAccessorImpl.invoke(NativeMethodAccessorImpl.java:62)
	at sun.reflect.DelegatingMethodAccessorImpl.invoke(DelegatingMethodAccessorImpl.java:43)
	at java.lang.reflect.Method.invoke(Method.java:498)
	at org.junit.runners.model.FrameworkMethod$1.runReflectiveCall(FrameworkMethod.java:44)
	at org.junit.internal.runners.model.ReflectiveCallable.run(ReflectiveCallable.java:15)
	at org.junit.runners.model.FrameworkMethod.invokeExplosively(FrameworkMethod.java:41)
	at junitparams.internal.InvokeParameterisedMethod.evaluate(InvokeParameterisedMethod.java:102)
	at org.junit.internal.runners.statements.FailOnTimeout$1.run(FailOnTimeout.java:28)
Caused by: ptolemy.kernel.util.IllegalActionException: Found a zero delay loop containing .dependencyLoop2.original
  in .dependencyLoop2 and .dependencyLoop2.original
	at ptolemy.actor.util.CausalityInterfaceForComposites._computeOutputPortDepth(CausalityInterfaceForComposites.java:759)
	at ptolemy.actor.util.CausalityInterfaceForComposites._computeInputDepth(CausalityInterfaceForComposites.java:696)
	at ptolemy.actor.util.CausalityInterfaceForComposites._computeOutputPortDepth(CausalityInterfaceForComposites.java:765)
	at ptolemy.actor.util.CausalityInterfaceForComposites._computeInputDepth(CausalityInterfaceForComposites.java:696)
	at ptolemy.actor.util.CausalityInterfaceForComposites._computeOutputPortDepth(CausalityInterfaceForComposites.java:765)
	at ptolemy.actor.util.CausalityInterfaceForComposites._computeInputDepth(CausalityInterfaceForComposites.java:696)
	at ptolemy.actor.util.CausalityInterfaceForComposites._computeActorDepth(CausalityInterfaceForComposites.java:532)
	at ptolemy.actor.util.CausalityInterfaceForComposites.checkForCycles(CausalityInterfaceForComposites.java:96)
	at ptolemy.domains.de.kernel.DEDirector.preinitialize(DEDirector.java:1338)
	at ptolemy.actor.CompositeActor.preinitialize(CompositeActor.java:1828)
	at ptolemy.actor.Manager.preinitializeAndResolveTypes(Manager.java:1040)
	at ptolemy.actor.Manager.initialize(Manager.java:710)
	at ptolemy.actor.Manager.execute(Manager.java:356)
	at ptolemy.actor.Manager.run(Manager.java:1263)
	at ptolemy.actor.Manager$PtolemyRunThread.run(Manager.java:1915)
]]></system-err>
</testsuite>
