<?xml version="1.0" encoding="UTF-8" ?>
<testsuite errors="0" failures="0" hostname="travis-job-b02612a6-e8f5-4fb2-8586-6c4a90b1a6fd" name="ptolemy.domains.de.test.junit.JUnitTclTest" skipped="0" tests="101" time="129.335" timestamp="2019-05-20T04:25:25">
  <properties>
[...]
</properties>
  <testcase classname="ptolemy.util.test.junit.TclTests" name="[0] /home/travis/build/icyphy/ptII/ptolemy/domains/de/test/DependencyLoop.tcl (RunTclFile)" time="0.765" />
  <testcase classname="ptolemy.util.test.junit.TclTests" name="[1] /home/travis/build/icyphy/ptII/ptolemy/domains/de/test/RunDETestsAsQSS.tcl (RunTclFile)" time="88.077" />
  <testcase classname="ptolemy.util.test.junit.AutoKnownFailedTests" name="[0] /home/travis/build/icyphy/ptII/ptolemy/domains/de/test/auto/knownFailedTests/DESDFClockTest.xml (RunModel)" time="2.041" />
  <testcase classname="ptolemy.util.test.junit.AutoKnownFailedTests" name="[1] /home/travis/build/icyphy/ptII/ptolemy/domains/de/test/auto/knownFailedTests/DirectFeedback.xml (RunModel)" time="0.018" />
  <testcase classname="ptolemy.util.test.junit.AutoKnownFailedTests" name="[2] /home/travis/build/icyphy/ptII/ptolemy/domains/de/test/auto/knownFailedTests/FSMSource.xml (RunModel)" time="0.019" />
  <testcase classname="ptolemy.util.test.junit.AutoKnownFailedTests" name="[3] /home/travis/build/icyphy/ptII/ptolemy/domains/de/test/auto/knownFailedTests/HierarchicalModel.xml (RunModel)" time="0.059" />
  <testcase classname="ptolemy.util.test.junit.AutoKnownFailedTests" name="[4] /home/travis/build/icyphy/ptII/ptolemy/domains/de/test/auto/knownFailedTests/dependencyLoop.xml (RunModel)" time="0.049" />
  <testcase classname="ptolemy.util.test.junit.AutoKnownFailedTests" name="[5] /home/travis/build/icyphy/ptII/ptolemy/domains/de/test/auto/knownFailedTests/dependencyLoop2.xml (RunModel)" time="0.038" />
  <testcase classname="ptolemy.util.test.junit.AutoNameArchTests" name="[0] ThereAreNoAutoArchTests (RunModel)" time="0.006" />
  <testcase classname="ptolemy.util.test.junit.AutoTests" name="[0] /home/travis/build/icyphy/ptII/ptolemy/domains/de/test/auto/ActorDepthCalculation_actorWithoutPorts.xml (RunModel)" time="0.018" />
  <testcase classname="ptolemy.util.test.junit.AutoTests" name="[1] /home/travis/build/icyphy/ptII/ptolemy/domains/de/test/auto/AssemblyLine.xml (RunModel)" time="0.019" />
  <testcase classname="ptolemy.util.test.junit.AutoTests" name="[2] /home/travis/build/icyphy/ptII/ptolemy/domains/de/test/auto/CQBug1.xml (RunModel)" time="0.008" />
  <testcase classname="ptolemy.util.test.junit.AutoTests" name="[3] /home/travis/build/icyphy/ptII/ptolemy/domains/de/test/auto/CancelFireAt.xml (RunModel)" time="0.007" />
  <testcase classname="ptolemy.util.test.junit.AutoTests" name="[4] /home/travis/build/icyphy/ptII/ptolemy/domains/de/test/auto/CausalityAndComposabilityAnalysis.xml (RunModel)" time="0.011" />
  <testcase classname="ptolemy.util.test.junit.AutoTests" name="[5] /home/travis/build/icyphy/ptII/ptolemy/domains/de/test/auto/CausalityInterface1.xml (RunModel)" time="0.014" />
  <testcase classname="ptolemy.util.test.junit.AutoTests" name="[6] /home/travis/build/icyphy/ptII/ptolemy/domains/de/test/auto/CausalityInterface15.xml (RunModel)" time="0.014" />
  <testcase classname="ptolemy.util.test.junit.AutoTests" name="[7] /home/travis/build/icyphy/ptII/ptolemy/domains/de/test/auto/CausalityInterface2.xml (RunModel)" time="0.011" />
  <testcase classname="ptolemy.util.test.junit.AutoTests" name="[8] /home/travis/build/icyphy/ptII/ptolemy/domains/de/test/auto/CausalityInterface3.xml (RunModel)" time="0.012" />
  <testcase classname="ptolemy.util.test.junit.AutoTests" name="[9] /home/travis/build/icyphy/ptII/ptolemy/domains/de/test/auto/ClockDrift.xml (RunModel)" time="0.037" />
  <testcase classname="ptolemy.util.test.junit.AutoTests" name="[10] /home/travis/build/icyphy/ptII/ptolemy/domains/de/test/auto/ClockDriftAndValueChange.xml (RunModel)" time="0.031" />
  <testcase classname="ptolemy.util.test.junit.AutoTests" name="[11] /home/travis/build/icyphy/ptII/ptolemy/domains/de/test/auto/ClockDriftChange.xml (RunModel)" time="0.026" />
  <testcase classname="ptolemy.util.test.junit.AutoTests" name="[12] /home/travis/build/icyphy/ptII/ptolemy/domains/de/test/auto/ComposableCausalityAnalysis.xml (RunModel)" time="0.017" />
  <testcase classname="ptolemy.util.test.junit.AutoTests" name="[13] /home/travis/build/icyphy/ptII/ptolemy/domains/de/test/auto/DEFixedPointLimitation.xml (RunModel)" time="0.009" />
  <testcase classname="ptolemy.util.test.junit.AutoTests" name="[14] /home/travis/build/icyphy/ptII/ptolemy/domains/de/test/auto/DEScheduleTest.xml (RunModel)" time="0.012" />
  <testcase classname="ptolemy.util.test.junit.AutoTests" name="[15] /home/travis/build/icyphy/ptII/ptolemy/domains/de/test/auto/DEinDEwithStartTimes.xml (RunModel)" time="0.013" />
  <testcase classname="ptolemy.util.test.junit.AutoTests" name="[16] /home/travis/build/icyphy/ptII/ptolemy/domains/de/test/auto/DEinDEwithStartTimes2.xml (RunModel)" time="0.013" />
  <testcase classname="ptolemy.util.test.junit.AutoTests" name="[17] /home/travis/build/icyphy/ptII/ptolemy/domains/de/test/auto/DateDemo.xml (RunModel)" time="0.033" />
  <testcase classname="ptolemy.util.test.junit.AutoTests" name="[18] /home/travis/build/icyphy/ptII/ptolemy/domains/de/test/auto/DateToEvent.xml (RunModel)" time="2.042" />
  <testcase classname="ptolemy.util.test.junit.AutoTests" name="[19] /home/travis/build/icyphy/ptII/ptolemy/domains/de/test/auto/DepthTest1.xml (RunModel)" time="0.022" />
  <testcase classname="ptolemy.util.test.junit.AutoTests" name="[20] /home/travis/build/icyphy/ptII/ptolemy/domains/de/test/auto/DepthTest2.xml (RunModel)" time="0.027" />
  <testcase classname="ptolemy.util.test.junit.AutoTests" name="[21] /home/travis/build/icyphy/ptII/ptolemy/domains/de/test/auto/DepthTest3.xml (RunModel)" time="0.011" />
  <testcase classname="ptolemy.util.test.junit.AutoTests" name="[22] /home/travis/build/icyphy/ptII/ptolemy/domains/de/test/auto/DepthTest4.xml (RunModel)" time="0.013" />
  <testcase classname="ptolemy.util.test.junit.AutoTests" name="[23] /home/travis/build/icyphy/ptII/ptolemy/domains/de/test/auto/DepthTest5.xml (RunModel)" time="0.015" />
  <testcase classname="ptolemy.util.test.junit.AutoTests" name="[24] /home/travis/build/icyphy/ptII/ptolemy/domains/de/test/auto/DepthTest6.xml (RunModel)" time="0.013" />
  <testcase classname="ptolemy.util.test.junit.AutoTests" name="[25] /home/travis/build/icyphy/ptII/ptolemy/domains/de/test/auto/DepthTest7.xml (RunModel)" time="0.02" />
  <testcase classname="ptolemy.util.test.junit.AutoTests" name="[26] /home/travis/build/icyphy/ptII/ptolemy/domains/de/test/auto/EventToDate.xml (RunModel)" time="3.045" />
  <testcase classname="ptolemy.util.test.junit.AutoTests" name="[27] /home/travis/build/icyphy/ptII/ptolemy/domains/de/test/auto/FSM1.xml (RunModel)" time="0.032" />
  <testcase classname="ptolemy.util.test.junit.AutoTests" name="[28] /home/travis/build/icyphy/ptII/ptolemy/domains/de/test/auto/FSM7.xml (RunModel)" time="0.033" />
  <testcase classname="ptolemy.util.test.junit.AutoTests" name="[29] /home/travis/build/icyphy/ptII/ptolemy/domains/de/test/auto/Inspection.xml (RunModel)" time="0.036" />
  <testcase classname="ptolemy.util.test.junit.AutoTests" name="[30] /home/travis/build/icyphy/ptII/ptolemy/domains/de/test/auto/Iteration.xml (RunModel)" time="0.019" />
  <testcase classname="ptolemy.util.test.junit.AutoTests" name="[31] /home/travis/build/icyphy/ptII/ptolemy/domains/de/test/auto/LineFault.xml (RunModel)" time="0.516" />
  <testcase classname="ptolemy.util.test.junit.AutoTests" name="[32] /home/travis/build/icyphy/ptII/ptolemy/domains/de/test/auto/MergeModel1Add.xml (RunModel)" time="0.041" />
  <testcase classname="ptolemy.util.test.junit.AutoTests" name="[33] /home/travis/build/icyphy/ptII/ptolemy/domains/de/test/auto/MergeModel2Add.xml (RunModel)" time="0.035" />
  <testcase classname="ptolemy.util.test.junit.AutoTests" name="[34] /home/travis/build/icyphy/ptII/ptolemy/domains/de/test/auto/MergeModel3Add.xml (RunModel)" time="0.033" />
  <testcase classname="ptolemy.util.test.junit.AutoTests" name="[35] /home/travis/build/icyphy/ptII/ptolemy/domains/de/test/auto/MergeWithoutDiscard.xml (RunModel)" time="0.01" />
  <testcase classname="ptolemy.util.test.junit.AutoTests" name="[36] /home/travis/build/icyphy/ptII/ptolemy/domains/de/test/auto/Modal1.xml (RunModel)" time="0.025" />
  <testcase classname="ptolemy.util.test.junit.AutoTests" name="[37] /home/travis/build/icyphy/ptII/ptolemy/domains/de/test/auto/Modal2.xml (RunModel)" time="0.026" />
  <testcase classname="ptolemy.util.test.junit.AutoTests" name="[38] /home/travis/build/icyphy/ptII/ptolemy/domains/de/test/auto/Modal3.xml (RunModel)" time="0.027" />
  <testcase classname="ptolemy.util.test.junit.AutoTests" name="[39] /home/travis/build/icyphy/ptII/ptolemy/domains/de/test/auto/Modal4.xml (RunModel)" time="0.032" />
  <testcase classname="ptolemy.util.test.junit.AutoTests" name="[40] /home/travis/build/icyphy/ptII/ptolemy/domains/de/test/auto/Modal5.xml (RunModel)" time="0.027" />
  <testcase classname="ptolemy.util.test.junit.AutoTests" name="[41] /home/travis/build/icyphy/ptII/ptolemy/domains/de/test/auto/Modal6.xml (RunModel)" time="0.026" />
  <testcase classname="ptolemy.util.test.junit.AutoTests" name="[42] /home/travis/build/icyphy/ptII/ptolemy/domains/de/test/auto/Modal7.xml (RunModel)" time="0.026" />
  <testcase classname="ptolemy.util.test.junit.AutoTests" name="[43] /home/travis/build/icyphy/ptII/ptolemy/domains/de/test/auto/ModalModel.xml (RunModel)" time="0.153" />
  <testcase classname="ptolemy.util.test.junit.AutoTests" name="[44] /home/travis/build/icyphy/ptII/ptolemy/domains/de/test/auto/ModalSource.xml (RunModel)" time="0.019" />
  <testcase classname="ptolemy.util.test.junit.AutoTests" name="[45] /home/travis/build/icyphy/ptII/ptolemy/domains/de/test/auto/NonInterruptibleTimerZeroDelay.xml (RunModel)" time="0.009" />
  <testcase classname="ptolemy.util.test.junit.AutoTests" name="[46] /home/travis/build/icyphy/ptII/ptolemy/domains/de/test/auto/OpenQueueingNetwork.xml (RunModel)" time="2.198" />
  <testcase classname="ptolemy.util.test.junit.AutoTests" name="[47] /home/travis/build/icyphy/ptII/ptolemy/domains/de/test/auto/OpenQueuingNetwork.xml (RunModel)" time="0.266" />
  <testcase classname="ptolemy.util.test.junit.AutoTests" name="[48] /home/travis/build/icyphy/ptII/ptolemy/domains/de/test/auto/PeriodicSampler.xml (RunModel)" time="0.008" />
  <testcase classname="ptolemy.util.test.junit.AutoTests" name="[49] /home/travis/build/icyphy/ptII/ptolemy/domains/de/test/auto/PersistentIO.xml (RunModel)" time="0.017" />
  <testcase classname="ptolemy.util.test.junit.AutoTests" name="[50] /home/travis/build/icyphy/ptII/ptolemy/domains/de/test/auto/PortParameterResetOnInitialize.xml (RunModel)" time="0.013" />
  <testcase classname="ptolemy.util.test.junit.AutoTests" name="[51] /home/travis/build/icyphy/ptII/ptolemy/domains/de/test/auto/PortParameterUpdates.xml (RunModel)" time="0.015" />
  <testcase classname="ptolemy.util.test.junit.AutoTests" name="[52] /home/travis/build/icyphy/ptII/ptolemy/domains/de/test/auto/QueueAndServer.xml (RunModel)" time="0.02" />
  <testcase classname="ptolemy.util.test.junit.AutoTests" name="[53] /home/travis/build/icyphy/ptII/ptolemy/domains/de/test/auto/Records.xml (RunModel)" time="0.018" />
  <testcase classname="ptolemy.util.test.junit.AutoTests" name="[54] /home/travis/build/icyphy/ptII/ptolemy/domains/de/test/auto/ResetTransitionWithStartTime1.xml (RunModel)" time="0.02" />
  <testcase classname="ptolemy.util.test.junit.AutoTests" name="[55] /home/travis/build/icyphy/ptII/ptolemy/domains/de/test/auto/ResetTransitionWithStartTime2.xml (RunModel)" time="0.019" />
  <testcase classname="ptolemy.util.test.junit.AutoTests" name="[56] /home/travis/build/icyphy/ptII/ptolemy/domains/de/test/auto/ResetTransitionWithStartTime3.xml (RunModel)" time="0.02" />
  <testcase classname="ptolemy.util.test.junit.AutoTests" name="[57] /home/travis/build/icyphy/ptII/ptolemy/domains/de/test/auto/ResetTransitionWithStartTime4.xml (RunModel)" time="0.021" />
  <testcase classname="ptolemy.util.test.junit.AutoTests" name="[58] /home/travis/build/icyphy/ptII/ptolemy/domains/de/test/auto/ResettableTimer1.xml (RunModel)" time="0.011" />
  <testcase classname="ptolemy.util.test.junit.AutoTests" name="[59] /home/travis/build/icyphy/ptII/ptolemy/domains/de/test/auto/ResettableTimer2.xml (RunModel)" time="0.01" />
  <testcase classname="ptolemy.util.test.junit.AutoTests" name="[60] /home/travis/build/icyphy/ptII/ptolemy/domains/de/test/auto/ResettableTimer3.xml (RunModel)" time="0.01" />
  <testcase classname="ptolemy.util.test.junit.AutoTests" name="[61] /home/travis/build/icyphy/ptII/ptolemy/domains/de/test/auto/ResettableTimer4.xml (RunModel)" time="0.012" />
  <testcase classname="ptolemy.util.test.junit.AutoTests" name="[62] /home/travis/build/icyphy/ptII/ptolemy/domains/de/test/auto/ResettableTimer5.xml (RunModel)" time="0.01" />
  <testcase classname="ptolemy.util.test.junit.AutoTests" name="[63] /home/travis/build/icyphy/ptII/ptolemy/domains/de/test/auto/ResettableTimer6.xml (RunModel)" time="0.018" />
  <testcase classname="ptolemy.util.test.junit.AutoTests" name="[64] /home/travis/build/icyphy/ptII/ptolemy/domains/de/test/auto/ServerZeroDelay.xml (RunModel)" time="0.013" />
  <testcase classname="ptolemy.util.test.junit.AutoTests" name="[65] /home/travis/build/icyphy/ptII/ptolemy/domains/de/test/auto/SmartSender.xml (RunModel)" time="3.008" />
  <testcase classname="ptolemy.util.test.junit.AutoTests" name="[66] /home/travis/build/icyphy/ptII/ptolemy/domains/de/test/auto/ThreadedComposite.xml (RunModel)" time="0.13" />
  <testcase classname="ptolemy.util.test.junit.AutoTests" name="[67] /home/travis/build/icyphy/ptII/ptolemy/domains/de/test/auto/Time.xml (RunModel)" time="0.447" />
  <testcase classname="ptolemy.util.test.junit.AutoTests" name="[68] /home/travis/build/icyphy/ptII/ptolemy/domains/de/test/auto/TimeDelayZeroDelay.xml (RunModel)" time="0.012" />
  <testcase classname="ptolemy.util.test.junit.AutoTests" name="[69] /home/travis/build/icyphy/ptII/ptolemy/domains/de/test/auto/TimerZeroDelay.xml (RunModel)" time="0.01" />
  <testcase classname="ptolemy.util.test.junit.AutoTests" name="[70] /home/travis/build/icyphy/ptII/ptolemy/domains/de/test/auto/TimingParadox.xml (RunModel)" time="0.381" />
  <testcase classname="ptolemy.util.test.junit.AutoTests" name="[71] /home/travis/build/icyphy/ptII/ptolemy/domains/de/test/auto/TransferInputs.xml (RunModel)" time="0.013" />
  <testcase classname="ptolemy.util.test.junit.AutoTests" name="[72] /home/travis/build/icyphy/ptII/ptolemy/domains/de/test/auto/TransferOutputs2.xml (RunModel)" time="0.017" />
  <testcase classname="ptolemy.util.test.junit.AutoTests" name="[73] /home/travis/build/icyphy/ptII/ptolemy/domains/de/test/auto/Trilateration.xml (RunModel)" time="12.156" />
  <testcase classname="ptolemy.util.test.junit.AutoTests" name="[74] /home/travis/build/icyphy/ptII/ptolemy/domains/de/test/auto/TwoSigmaDelta.xml (RunModel)" time="2.205" />
  <testcase classname="ptolemy.util.test.junit.AutoTests" name="[75] /home/travis/build/icyphy/ptII/ptolemy/domains/de/test/auto/VariableDelay.xml (RunModel)" time="0.011" />
  <testcase classname="ptolemy.util.test.junit.AutoTests" name="[76] /home/travis/build/icyphy/ptII/ptolemy/domains/de/test/auto/VariableDelay2.xml (RunModel)" time="0.01" />
  <testcase classname="ptolemy.util.test.junit.AutoTests" name="[77] /home/travis/build/icyphy/ptII/ptolemy/domains/de/test/auto/VariableDelayZeroDelay.xml (RunModel)" time="0.014" />
  <testcase classname="ptolemy.util.test.junit.AutoTests" name="[78] /home/travis/build/icyphy/ptII/ptolemy/domains/de/test/auto/VariableDelayZeroDelay2.xml (RunModel)" time="0.01" />
  <testcase classname="ptolemy.util.test.junit.AutoTests" name="[79] /home/travis/build/icyphy/ptII/ptolemy/domains/de/test/auto/deInCt.xml (RunModel)" time="0.015" />
  <testcase classname="ptolemy.util.test.junit.AutoTests" name="[80] /home/travis/build/icyphy/ptII/ptolemy/domains/de/test/auto/deInCt2.xml (RunModel)" time="0.022" />
  <testcase classname="ptolemy.util.test.junit.AutoTests" name="[81] /home/travis/build/icyphy/ptII/ptolemy/domains/de/test/auto/dynamicCausalityInterface1.xml (RunModel)" time="0.019" />
  <testcase classname="ptolemy.util.test.junit.AutoTests" name="[82] /home/travis/build/icyphy/ptII/ptolemy/domains/de/test/auto/fsm_de_test.xml (RunModel)" time="0.027" />
  <testcase classname="ptolemy.util.test.junit.AutoTests" name="[83] /home/travis/build/icyphy/ptII/ptolemy/domains/de/test/auto/functionDependencyReconstruction.xml (RunModel)" time="0.033" />
  <testcase classname="ptolemy.util.test.junit.AutoTests" name="[84] /home/travis/build/icyphy/ptII/ptolemy/domains/de/test/auto/multirate.xml (RunModel)" time="0.016" />
  <testcase classname="ptolemy.util.test.junit.AutoTests" name="[85] /home/travis/build/icyphy/ptII/ptolemy/domains/de/test/auto/multirate2.xml (RunModel)" time="0.018" />
  <testcase classname="ptolemy.util.test.junit.AutoTests" name="[86] /home/travis/build/icyphy/ptII/ptolemy/domains/de/test/auto/realtime.xml (RunModel)" time="10.01" />
  <testcase classname="ptolemy.util.test.junit.AutoTests" name="[87] /home/travis/build/icyphy/ptII/ptolemy/domains/de/test/auto/relationGroup.xml (RunModel)" time="0.009" />
  <testcase classname="ptolemy.util.test.junit.AutoTests" name="[88] /home/travis/build/icyphy/ptII/ptolemy/domains/de/test/auto/relationGroup2.xml (RunModel)" time="0.007" />
  <testcase classname="ptolemy.util.test.junit.AutoTests" name="[89] /home/travis/build/icyphy/ptII/ptolemy/domains/de/test/auto/sortWithOpaquePorts.xml (RunModel)" time="0.008" />
  <testcase classname="ptolemy.util.test.junit.AutoTests" name="[90] /home/travis/build/icyphy/ptII/ptolemy/domains/de/test/auto/transferInputsandOutputs.xml (RunModel)" time="0.014" />
  <testcase classname="ptolemy.util.test.junit.AutoTests" name="[91] /home/travis/build/icyphy/ptII/ptolemy/domains/de/test/auto/triggerType.xml (RunModel)" time="0.006" />
  <system-out><![CDATA[/home/travis/build/icyphy/ptII/ptolemy/domains/de/test/DependencyLoop.tcl
testDefs.tcl: setting time out to 9000 seconds at Mon May 20 04:25:25 UTC 2019
16 ms. Memory: 116224K Free: 97392K (84%)
14 ms. Memory: 146944K Free: 140939K (96%)
/home/travis/build/icyphy/ptII/ptolemy/domains/de/test/RunDETestsAsQSS.tcl
Run the DE tests using ptolemy.domains.qss.test.QSSDirectorTest, which extends QSSDirector and prints a message in the constructors.
------------------ testing $PTII/ptolemy/domains/de/test/auto/knownFailedTests/dependencyLoop.xml (Known Failure) 
9 ms. Memory: 146944K Free: 136681K (93%)


==== $PTIIhome/travis/build/icyphy/ptII/ptolemy/domains/de/test/../../../../: Auto Automatic test in file $PTII/ptolemy/domains/de/test/auto/knownFailedTests/dependencyLoop.xml
==== Contents of test case:

	    # FIXME: we should use $relativeFilename here, but it
	    # might have backslashes under Windows, which causes no end
	    # of trouble.
	    createAndExecute $file
	    list {}
	
.... Test generated KNOWN error:
    while executing
ptolemy.kernel.util.IllegalActionException: Found a zero delay loop containing .dependencyLoop.original
  in .dependencyLoop and .dependencyLoop.original
	at ptolemy.actor.util.CausalityInterfaceForComposites._computeOutputPortDepth(CausalityInterfaceForComposites.java:759)
	at ptolemy.actor.util.CausalityInterfaceForComposites._computeInputDepth(CausalityInterfaceForComposites.java:696)
	at ptolemy.actor.util.CausalityInterfaceForComposites._computeOutputPortDepth(CausalityInterfaceForComposites.java:765)
	at ptolemy.actor.util.CausalityInterfaceForComposites._computeInputDepth(CausalityInterfaceForComposites.java:696)
	at ptolemy.actor.util.CausalityInterfaceForComposites._computeOutputPortDepth(CausalityInterfaceForComposites.java:765)
	at ptolemy.actor.util.CausalityInterfaceForComposites._computeInputDepth(CausalityInterfaceForComposites.java:696)
	at ptolemy.actor.util.CausalityInterfaceForComposites._computeActorDepth(CausalityInterfaceForComposites.java:532)
	at ptolemy.actor.util.CausalityInterfaceForComposites.checkForCycles(CausalityInterfaceForComposites.java:96)
	at ptolemy.domains.de.kernel.DEDirector.preinitialize(DEDirector.java:1338)
	at ptolemy.actor.CompositeActor.preinitialize(CompositeActor.java:1828)
	at ptolemy.actor.Manager.preinitializeAndResolveTypes(Manager.java:1040)
	at ptolemy.actor.Manager.initialize(Manager.java:710)
	at ptolemy.actor.Manager.execute(Manager.java:356)
	at ptolemy.actor.Manager.run(Manager.java:1263)
	at ptolemy.actor.Manager$PtolemyRunThread.run(Manager.java:1915)

    while executing
ptolemy.kernel.util.IllegalActionException: Found a zero delay loop containing .dependencyLoop.original
  in .dependencyLoop and .dependencyLoop.original
    while executing
"java::new ptolemy.moml.MoMLSimpleApplication $file
"
    (procedure "createAndExecute" line 2)
    invoked from within
"createAndExecute $file"
    ("uplevel" body line 5)
    invoked from within
"uplevel $contents_of_test"
------------------ testing $PTII/ptolemy/domains/de/test/auto/knownFailedTests/DESDFClockTest.xml (Known Failure) 
2093 ms. Memory: 146944K Free: 120994K (82%)


==== $PTIIhome/travis/build/icyphy/ptII/ptolemy/domains/de/test/../../../../: Auto Automatic test in file $PTII/ptolemy/domains/de/test/auto/knownFailedTests/DESDFClockTest.xml
==== Contents of test case:

	    # FIXME: we should use $relativeFilename here, but it
	    # might have backslashes under Windows, which causes no end
	    # of trouble.
	    createAndExecute $file
	    list {}
	
.... Test generated KNOWN error:
    while executing
ptolemy.kernel.util.IllegalActionException: Actor is not ready to fire.  Perhaps UpSample.prefire() returned false? Try debugging the actor by selecting "Listen to Actor".  Also, for SDF check moml for tokenConsumptionRate on input.
  in .DESDFClockTest.Play Bell.Copy1:SDF Director and .DESDFClockTest.Play Bell.UpSample
	at ptolemy.actor.sched.StaticSchedulingDirector.fire(StaticSchedulingDirector.java:227)
	at ptolemy.domains.sdf.kernel.SDFDirector.fire(SDFDirector.java:500)
	at ptolemy.actor.CompositeActor.fire(CompositeActor.java:455)
	at ptolemy.domains.de.kernel.DEDirector._fire(DEDirector.java:1949)
	at ptolemy.domains.de.kernel.DEDirector.fire(DEDirector.java:502)
	at ptolemy.actor.CompositeActor.fire(CompositeActor.java:455)
	at ptolemy.actor.Manager.iterate(Manager.java:851)
	at ptolemy.actor.Manager.execute(Manager.java:369)
	at ptolemy.actor.Manager.run(Manager.java:1263)
	at ptolemy.actor.Manager$PtolemyRunThread.run(Manager.java:1915)

    while executing
ptolemy.kernel.util.IllegalActionException: Actor is not ready to fire.  Perhaps UpSample.prefire() returned false? Try debugging the actor by selecting "Listen to Actor".  Also, for SDF check moml for tokenConsumptionRate on input.
  in .DESDFClockTest.Play Bell.Copy1:SDF Director and .DESDFClockTest.Play Bell.UpSample
    while executing
"java::new ptolemy.moml.MoMLSimpleApplication $file
"
    (procedure "createAndExecute" line 2)
    invoked from within
"createAndExecute $file"
    ("uplevel" body line 5)
    invoked from within
"uplevel $contents_of_test"
------------------ testing $PTII/ptolemy/domains/de/test/auto/knownFailedTests/FSMSource.xml (Known Failure) 
50 ms. Memory: 146944K Free: 111533K (76%)
!!!! Auto was marked as failing, but now passes
------------------ testing $PTII/ptolemy/domains/de/test/auto/knownFailedTests/dependencyLoop2.xml (Known Failure) 
5 ms. Memory: 146944K Free: 109674K (75%)


==== $PTIIhome/travis/build/icyphy/ptII/ptolemy/domains/de/test/../../../../: Auto Automatic test in file $PTII/ptolemy/domains/de/test/auto/knownFailedTests/dependencyLoop2.xml
==== Contents of test case:

	    # FIXME: we should use $relativeFilename here, but it
	    # might have backslashes under Windows, which causes no end
	    # of trouble.
	    createAndExecute $file
	    list {}
	
.... Test generated KNOWN error:
    while executing
ptolemy.kernel.util.IllegalActionException: Found a zero delay loop containing .dependencyLoop2.original
  in .dependencyLoop2 and .dependencyLoop2.original
	at ptolemy.actor.util.CausalityInterfaceForComposites._computeOutputPortDepth(CausalityInterfaceForComposites.java:759)
	at ptolemy.actor.util.CausalityInterfaceForComposites._computeInputDepth(CausalityInterfaceForComposites.java:696)
	at ptolemy.actor.util.CausalityInterfaceForComposites._computeOutputPortDepth(CausalityInterfaceForComposites.java:765)
	at ptolemy.actor.util.CausalityInterfaceForComposites._computeInputDepth(CausalityInterfaceForComposites.java:696)
	at ptolemy.actor.util.CausalityInterfaceForComposites._computeOutputPortDepth(CausalityInterfaceForComposites.java:765)
	at ptolemy.actor.util.CausalityInterfaceForComposites._computeInputDepth(CausalityInterfaceForComposites.java:696)
	at ptolemy.actor.util.CausalityInterfaceForComposites._computeActorDepth(CausalityInterfaceForComposites.java:532)
	at ptolemy.actor.util.CausalityInterfaceForComposites.checkForCycles(CausalityInterfaceForComposites.java:96)
	at ptolemy.domains.de.kernel.DEDirector.preinitialize(DEDirector.java:1338)
	at ptolemy.actor.CompositeActor.preinitialize(CompositeActor.java:1828)
	at ptolemy.actor.Manager.preinitializeAndResolveTypes(Manager.java:1040)
	at ptolemy.actor.Manager.initialize(Manager.java:710)
	at ptolemy.actor.Manager.execute(Manager.java:356)
	at ptolemy.actor.Manager.run(Manager.java:1263)
	at ptolemy.actor.Manager$PtolemyRunThread.run(Manager.java:1915)

    while executing
ptolemy.kernel.util.IllegalActionException: Found a zero delay loop containing .dependencyLoop2.original
  in .dependencyLoop2 and .dependencyLoop2.original
    while executing
"java::new ptolemy.moml.MoMLSimpleApplication $file
"
    (procedure "createAndExecute" line 2)
    invoked from within
"createAndExecute $file"
    ("uplevel" body line 5)
    invoked from within
"uplevel $contents_of_test"
------------------ testing $PTII/ptolemy/domains/de/test/auto/knownFailedTests/HierarchicalModel.xml (Known Failure) 
6 ms. Memory: 146944K Free: 89358K (61%)


==== $PTIIhome/travis/build/icyphy/ptII/ptolemy/domains/de/test/../../../../: Auto Automatic test in file $PTII/ptolemy/domains/de/test/auto/knownFailedTests/HierarchicalModel.xml
==== Contents of test case:

	    # FIXME: we should use $relativeFilename here, but it
	    # might have backslashes under Windows, which causes no end
	    # of trouble.
	    createAndExecute $file
	    list {}
	
.... Test generated KNOWN error:
    while executing
ptolemy.kernel.util.IllegalActionException: Found a zero delay loop containing .HierarchicalModel.A
  in .HierarchicalModel and .HierarchicalModel.A
	at ptolemy.actor.util.CausalityInterfaceForComposites._computeOutputPortDepth(CausalityInterfaceForComposites.java:759)
	at ptolemy.actor.util.CausalityInterfaceForComposites._computeInputDepth(CausalityInterfaceForComposites.java:696)
	at ptolemy.actor.util.CausalityInterfaceForComposites._computeOutputPortDepth(CausalityInterfaceForComposites.java:765)
	at ptolemy.actor.util.CausalityInterfaceForComposites._computeInputDepth(CausalityInterfaceForComposites.java:696)
	at ptolemy.actor.util.CausalityInterfaceForComposites._computeOutputPortDepth(CausalityInterfaceForComposites.java:765)
	at ptolemy.actor.util.CausalityInterfaceForComposites._computeInputDepth(CausalityInterfaceForComposites.java:696)
	at ptolemy.actor.util.CausalityInterfaceForComposites._computeActorDepth(CausalityInterfaceForComposites.java:532)
	at ptolemy.actor.util.CausalityInterfaceForComposites.checkForCycles(CausalityInterfaceForComposites.java:96)
	at ptolemy.domains.de.kernel.DEDirector.preinitialize(DEDirector.java:1338)
	at ptolemy.actor.CompositeActor.preinitialize(CompositeActor.java:1828)
	at ptolemy.actor.Manager.preinitializeAndResolveTypes(Manager.java:1040)
	at ptolemy.actor.Manager.initialize(Manager.java:710)
	at ptolemy.actor.Manager.execute(Manager.java:356)
	at ptolemy.actor.Manager.run(Manager.java:1263)
	at ptolemy.actor.Manager$PtolemyRunThread.run(Manager.java:1915)

    while executing
ptolemy.kernel.util.IllegalActionException: Found a zero delay loop containing .HierarchicalModel.A
  in .HierarchicalModel and .HierarchicalModel.A
    while executing
"java::new ptolemy.moml.MoMLSimpleApplication $file
"
    (procedure "createAndExecute" line 2)
    invoked from within
"createAndExecute $file"
    ("uplevel" body line 5)
    invoked from within
"uplevel $contents_of_test"
------------------ testing $PTII/ptolemy/domains/de/test/auto/knownFailedTests/DirectFeedback.xml (Known Failure) 
8 ms. Memory: 146944K Free: 85224K (58%)


==== $PTIIhome/travis/build/icyphy/ptII/ptolemy/domains/de/test/../../../../: Auto Automatic test in file $PTII/ptolemy/domains/de/test/auto/knownFailedTests/DirectFeedback.xml
==== Contents of test case:

	    # FIXME: we should use $relativeFilename here, but it
	    # might have backslashes under Windows, which causes no end
	    # of trouble.
	    createAndExecute $file
	    list {}
	
.... Test generated KNOWN error:
    while executing
ptolemy.kernel.util.IllegalActionException: Test fails in iteration 1.
Value was: 1.0. Should have been: 2.0
  in .DirectFeedback.Test
	at ptolemy.actor.lib.Test.fire(Test.java:268)
	at ptolemy.domains.de.kernel.DEDirector._fire(DEDirector.java:1949)
	at ptolemy.domains.de.kernel.DEDirector.fire(DEDirector.java:502)
	at ptolemy.actor.CompositeActor.fire(CompositeActor.java:455)
	at ptolemy.actor.Manager.iterate(Manager.java:851)
	at ptolemy.actor.Manager.execute(Manager.java:369)
	at ptolemy.actor.Manager.run(Manager.java:1263)
	at ptolemy.actor.Manager$PtolemyRunThread.run(Manager.java:1915)

    while executing
ptolemy.kernel.util.IllegalActionException: Test fails in iteration 1.
Value was: 1.0. Should have been: 2.0
  in .DirectFeedback.Test
    while executing
"java::new ptolemy.moml.MoMLSimpleApplication $file
"
    (procedure "createAndExecute" line 2)
    invoked from within
"createAndExecute $file"
    ("uplevel" body line 5)
    invoked from within
"uplevel $contents_of_test"
------------------ testing $PTII/ptolemy/domains/de/test/auto/ActorDepthCalculation_actorWithoutPorts.xml
auto.tcl: Setting watchdog for 200 seconds at Mon May 20 04:25:28 UTC 2019
7 ms. Memory: 146944K Free: 137775K (94%)
ptolemy.util.test.WatchDog.cancel(): canceling Mon May 20 04:25:28 UTC 2019
auto.tcl: Setting watchdog for 200 seconds at Mon May 20 04:25:28 UTC 2019
4 ms. Memory: 146944K Free: 136760K (93%)
ptolemy.util.test.WatchDog.cancel(): canceling Mon May 20 04:25:28 UTC 2019
------------------ testing $PTII/ptolemy/domains/de/test/auto/AssemblyLine.xml
auto.tcl: Setting watchdog for 200 seconds at Mon May 20 04:25:29 UTC 2019
20 ms. Memory: 208384K Free: 183448K (88%)
ptolemy.util.test.WatchDog.cancel(): canceling Mon May 20 04:25:29 UTC 2019
auto.tcl: Setting watchdog for 200 seconds at Mon May 20 04:25:29 UTC 2019
17 ms. Memory: 208384K Free: 183448K (88%)
ptolemy.util.test.WatchDog.cancel(): canceling Mon May 20 04:25:29 UTC 2019
------------------ testing $PTII/ptolemy/domains/de/test/auto/CQBug1.xml
auto.tcl: Setting watchdog for 200 seconds at Mon May 20 04:25:29 UTC 2019
12 ms. Memory: 208384K Free: 197928K (95%)
ptolemy.util.test.WatchDog.cancel(): canceling Mon May 20 04:25:29 UTC 2019
auto.tcl: Setting watchdog for 200 seconds at Mon May 20 04:25:29 UTC 2019
2 ms. Memory: 208384K Free: 197928K (95%)
ptolemy.util.test.WatchDog.cancel(): canceling Mon May 20 04:25:29 UTC 2019
------------------ testing $PTII/ptolemy/domains/de/test/auto/CancelFireAt.xml
auto.tcl: Setting watchdog for 200 seconds at Mon May 20 04:25:29 UTC 2019
12 ms. Memory: 208384K Free: 200914K (96%)
ptolemy.util.test.WatchDog.cancel(): canceling Mon May 20 04:25:29 UTC 2019
auto.tcl: Setting watchdog for 200 seconds at Mon May 20 04:25:29 UTC 2019
4 ms. Memory: 208384K Free: 198876K (95%)
ptolemy.util.test.WatchDog.cancel(): canceling Mon May 20 04:25:29 UTC 2019
------------------ testing $PTII/ptolemy/domains/de/test/auto/CausalityAndComposabilityAnalysis.xml
auto.tcl: Setting watchdog for 200 seconds at Mon May 20 04:25:29 UTC 2019
14 ms. Memory: 208384K Free: 198473K (95%)
ptolemy.util.test.WatchDog.cancel(): canceling Mon May 20 04:25:29 UTC 2019
auto.tcl: Setting watchdog for 200 seconds at Mon May 20 04:25:29 UTC 2019
13 ms. Memory: 208384K Free: 196427K (94%)
ptolemy.util.test.WatchDog.cancel(): canceling Mon May 20 04:25:29 UTC 2019
------------------ testing $PTII/ptolemy/domains/de/test/auto/CausalityInterface1.xml
auto.tcl: Setting watchdog for 200 seconds at Mon May 20 04:25:29 UTC 2019
12 ms. Memory: 208384K Free: 196365K (94%)
ptolemy.util.test.WatchDog.cancel(): canceling Mon May 20 04:25:29 UTC 2019
auto.tcl: Setting watchdog for 200 seconds at Mon May 20 04:25:29 UTC 2019
9 ms. Memory: 208384K Free: 196365K (94%)
ptolemy.util.test.WatchDog.cancel(): canceling Mon May 20 04:25:29 UTC 2019
------------------ testing $PTII/ptolemy/domains/de/test/auto/CausalityInterface15.xml
auto.tcl: Setting watchdog for 200 seconds at Mon May 20 04:25:29 UTC 2019
13 ms. Memory: 208384K Free: 196348K (94%)
ptolemy.util.test.WatchDog.cancel(): canceling Mon May 20 04:25:30 UTC 2019
auto.tcl: Setting watchdog for 200 seconds at Mon May 20 04:25:30 UTC 2019
4 ms. Memory: 208384K Free: 196348K (94%)
ptolemy.util.test.WatchDog.cancel(): canceling Mon May 20 04:25:30 UTC 2019
------------------ testing $PTII/ptolemy/domains/de/test/auto/CausalityInterface2.xml
auto.tcl: Setting watchdog for 200 seconds at Mon May 20 04:25:30 UTC 2019
8 ms. Memory: 208384K Free: 196332K (94%)
ptolemy.util.test.WatchDog.cancel(): canceling Mon May 20 04:25:30 UTC 2019
auto.tcl: Setting watchdog for 200 seconds at Mon May 20 04:25:30 UTC 2019
3 ms. Memory: 208384K Free: 196332K (94%)
ptolemy.util.test.WatchDog.cancel(): canceling Mon May 20 04:25:30 UTC 2019
------------------ testing $PTII/ptolemy/domains/de/test/auto/CausalityInterface3.xml
auto.tcl: Setting watchdog for 200 seconds at Mon May 20 04:25:30 UTC 2019
7 ms. Memory: 208384K Free: 196377K (94%)
ptolemy.util.test.WatchDog.cancel(): canceling Mon May 20 04:25:30 UTC 2019
auto.tcl: Setting watchdog for 200 seconds at Mon May 20 04:25:30 UTC 2019
3 ms. Memory: 208384K Free: 196377K (94%)
ptolemy.util.test.WatchDog.cancel(): canceling Mon May 20 04:25:30 UTC 2019
------------------ testing $PTII/ptolemy/domains/de/test/auto/ClockDrift.xml
auto.tcl: Setting watchdog for 200 seconds at Mon May 20 04:25:30 UTC 2019
102 ms. Memory: 208384K Free: 187786K (90%)
ptolemy.util.test.WatchDog.cancel(): canceling Mon May 20 04:25:30 UTC 2019
auto.tcl: Setting watchdog for 200 seconds at Mon May 20 04:25:30 UTC 2019
40 ms. Memory: 208384K Free: 185756K (89%)
ptolemy.util.test.WatchDog.cancel(): canceling Mon May 20 04:25:30 UTC 2019
------------------ testing $PTII/ptolemy/domains/de/test/auto/ClockDriftAndValueChange.xml
auto.tcl: Setting watchdog for 200 seconds at Mon May 20 04:25:30 UTC 2019
53 ms. Memory: 208384K Free: 187597K (90%)
ptolemy.util.test.WatchDog.cancel(): canceling Mon May 20 04:25:30 UTC 2019
auto.tcl: Setting watchdog for 200 seconds at Mon May 20 04:25:30 UTC 2019
35 ms. Memory: 208384K Free: 185568K (89%)
ptolemy.util.test.WatchDog.cancel(): canceling Mon May 20 04:25:30 UTC 2019
------------------ testing $PTII/ptolemy/domains/de/test/auto/ClockDriftChange.xml
auto.tcl: Setting watchdog for 200 seconds at Mon May 20 04:25:30 UTC 2019
39 ms. Memory: 208384K Free: 190875K (92%)
ptolemy.util.test.WatchDog.cancel(): canceling Mon May 20 04:25:30 UTC 2019
auto.tcl: Setting watchdog for 200 seconds at Mon May 20 04:25:30 UTC 2019
28 ms. Memory: 208384K Free: 188845K (91%)
ptolemy.util.test.WatchDog.cancel(): canceling Mon May 20 04:25:30 UTC 2019
------------------ testing $PTII/ptolemy/domains/de/test/auto/ComposableCausalityAnalysis.xml
auto.tcl: Setting watchdog for 200 seconds at Mon May 20 04:25:30 UTC 2019
4 ms. Memory: 208384K Free: 196215K (94%)
ptolemy.util.test.WatchDog.cancel(): canceling Mon May 20 04:25:30 UTC 2019
auto.tcl: Setting watchdog for 200 seconds at Mon May 20 04:25:30 UTC 2019
2 ms. Memory: 208384K Free: 194178K (93%)
ptolemy.util.test.WatchDog.cancel(): canceling Mon May 20 04:25:30 UTC 2019
------------------ testing $PTII/ptolemy/domains/de/test/auto/DEFixedPointLimitation.xml
auto.tcl: Setting watchdog for 200 seconds at Mon May 20 04:25:31 UTC 2019
3 ms. Memory: 208384K Free: 196109K (94%)
ptolemy.util.test.WatchDog.cancel(): canceling Mon May 20 04:25:31 UTC 2019
auto.tcl: Setting watchdog for 200 seconds at Mon May 20 04:25:31 UTC 2019
2 ms. Memory: 208384K Free: 196109K (94%)
ptolemy.util.test.WatchDog.cancel(): canceling Mon May 20 04:25:31 UTC 2019
------------------ testing $PTII/ptolemy/domains/de/test/auto/DEScheduleTest.xml
auto.tcl: Setting watchdog for 200 seconds at Mon May 20 04:25:31 UTC 2019
3 ms. Memory: 208384K Free: 198157K (95%)
ptolemy.util.test.WatchDog.cancel(): canceling Mon May 20 04:25:31 UTC 2019
auto.tcl: Setting watchdog for 200 seconds at Mon May 20 04:25:31 UTC 2019
7 ms. Memory: 208384K Free: 196111K (94%)
ptolemy.util.test.WatchDog.cancel(): canceling Mon May 20 04:25:31 UTC 2019
------------------ testing $PTII/ptolemy/domains/de/test/auto/DEinDEwithStartTimes.xml
auto.tcl: Setting watchdog for 200 seconds at Mon May 20 04:25:31 UTC 2019
4 ms. Memory: 208384K Free: 196081K (94%)
ptolemy.util.test.WatchDog.cancel(): canceling Mon May 20 04:25:31 UTC 2019
auto.tcl: Setting watchdog for 200 seconds at Mon May 20 04:25:31 UTC 2019
4 ms. Memory: 208384K Free: 194051K (93%)
ptolemy.util.test.WatchDog.cancel(): canceling Mon May 20 04:25:31 UTC 2019
------------------ testing $PTII/ptolemy/domains/de/test/auto/DEinDEwithStartTimes2.xml
auto.tcl: Setting watchdog for 200 seconds at Mon May 20 04:25:31 UTC 2019
7 ms. Memory: 208384K Free: 196596K (94%)
ptolemy.util.test.WatchDog.cancel(): canceling Mon May 20 04:25:31 UTC 2019
auto.tcl: Setting watchdog for 200 seconds at Mon May 20 04:25:31 UTC 2019
5 ms. Memory: 208384K Free: 194031K (93%)
ptolemy.util.test.WatchDog.cancel(): canceling Mon May 20 04:25:31 UTC 2019
------------------ testing $PTII/ptolemy/domains/de/test/auto/DateDemo.xml
auto.tcl: Setting watchdog for 200 seconds at Mon May 20 04:25:31 UTC 2019
19 ms. Memory: 208384K Free: 188694K (91%)
ptolemy.util.test.WatchDog.cancel(): canceling Mon May 20 04:25:31 UTC 2019
auto.tcl: Setting watchdog for 200 seconds at Mon May 20 04:25:31 UTC 2019
16 ms. Memory: 208384K Free: 186664K (90%)
ptolemy.util.test.WatchDog.cancel(): canceling Mon May 20 04:25:31 UTC 2019
------------------ testing $PTII/ptolemy/domains/de/test/auto/DateToEvent.xml
auto.tcl: Setting watchdog for 200 seconds at Mon May 20 04:25:31 UTC 2019
2017 ms. Memory: 208384K Free: 183603K (88%)
ptolemy.util.test.WatchDog.cancel(): canceling Mon May 20 04:25:33 UTC 2019
auto.tcl: Setting watchdog for 200 seconds at Mon May 20 04:25:33 UTC 2019
2007 ms. Memory: 208384K Free: 183603K (88%)
ptolemy.util.test.WatchDog.cancel(): canceling Mon May 20 04:25:35 UTC 2019
------------------ testing $PTII/ptolemy/domains/de/test/auto/DepthTest1.xml
auto.tcl: Setting watchdog for 200 seconds at Mon May 20 04:25:35 UTC 2019
3 ms. Memory: 208384K Free: 197361K (95%)
ptolemy.util.test.WatchDog.cancel(): canceling Mon May 20 04:25:35 UTC 2019
auto.tcl: Setting watchdog for 200 seconds at Mon May 20 04:25:35 UTC 2019
2 ms. Memory: 208384K Free: 197361K (95%)
ptolemy.util.test.WatchDog.cancel(): canceling Mon May 20 04:25:35 UTC 2019
------------------ testing $PTII/ptolemy/domains/de/test/auto/DepthTest2.xml
auto.tcl: Setting watchdog for 200 seconds at Mon May 20 04:25:35 UTC 2019
8 ms. Memory: 208384K Free: 194221K (93%)
ptolemy.util.test.WatchDog.cancel(): canceling Mon May 20 04:25:35 UTC 2019
auto.tcl: Setting watchdog for 200 seconds at Mon May 20 04:25:35 UTC 2019
6 ms. Memory: 208384K Free: 194221K (93%)
ptolemy.util.test.WatchDog.cancel(): canceling Mon May 20 04:25:35 UTC 2019
------------------ testing $PTII/ptolemy/domains/de/test/auto/DepthTest3.xml
auto.tcl: Setting watchdog for 200 seconds at Mon May 20 04:25:35 UTC 2019
7 ms. Memory: 208384K Free: 197710K (95%)
ptolemy.util.test.WatchDog.cancel(): canceling Mon May 20 04:25:35 UTC 2019
auto.tcl: Setting watchdog for 200 seconds at Mon May 20 04:25:35 UTC 2019
2 ms. Memory: 208384K Free: 197710K (95%)
ptolemy.util.test.WatchDog.cancel(): canceling Mon May 20 04:25:35 UTC 2019
------------------ testing $PTII/ptolemy/domains/de/test/auto/DepthTest4.xml
auto.tcl: Setting watchdog for 200 seconds at Mon May 20 04:25:35 UTC 2019
14 ms. Memory: 208384K Free: 195736K (94%)
ptolemy.util.test.WatchDog.cancel(): canceling Mon May 20 04:25:35 UTC 2019
auto.tcl: Setting watchdog for 200 seconds at Mon May 20 04:25:35 UTC 2019
3 ms. Memory: 208384K Free: 195736K (94%)
ptolemy.util.test.WatchDog.cancel(): canceling Mon May 20 04:25:35 UTC 2019
------------------ testing $PTII/ptolemy/domains/de/test/auto/DepthTest5.xml
auto.tcl: Setting watchdog for 200 seconds at Mon May 20 04:25:36 UTC 2019
3 ms. Memory: 208384K Free: 196226K (94%)
ptolemy.util.test.WatchDog.cancel(): canceling Mon May 20 04:25:36 UTC 2019
auto.tcl: Setting watchdog for 200 seconds at Mon May 20 04:25:36 UTC 2019
2 ms. Memory: 208384K Free: 196226K (94%)
ptolemy.util.test.WatchDog.cancel(): canceling Mon May 20 04:25:36 UTC 2019
------------------ testing $PTII/ptolemy/domains/de/test/auto/DepthTest6.xml
auto.tcl: Setting watchdog for 200 seconds at Mon May 20 04:25:36 UTC 2019
7 ms. Memory: 208384K Free: 196211K (94%)
ptolemy.util.test.WatchDog.cancel(): canceling Mon May 20 04:25:36 UTC 2019
auto.tcl: Setting watchdog for 200 seconds at Mon May 20 04:25:36 UTC 2019
2 ms. Memory: 208384K Free: 196211K (94%)
ptolemy.util.test.WatchDog.cancel(): canceling Mon May 20 04:25:36 UTC 2019
------------------ testing $PTII/ptolemy/domains/de/test/auto/DepthTest7.xml
auto.tcl: Setting watchdog for 200 seconds at Mon May 20 04:25:36 UTC 2019
2 ms. Memory: 208384K Free: 194428K (93%)
ptolemy.util.test.WatchDog.cancel(): canceling Mon May 20 04:25:36 UTC 2019
auto.tcl: Setting watchdog for 200 seconds at Mon May 20 04:25:36 UTC 2019
2 ms. Memory: 208384K Free: 194428K (93%)
ptolemy.util.test.WatchDog.cancel(): canceling Mon May 20 04:25:36 UTC 2019
------------------ testing $PTII/ptolemy/domains/de/test/auto/EventToDate.xml
auto.tcl: Setting watchdog for 200 seconds at Mon May 20 04:25:36 UTC 2019
3007 ms. Memory: 208384K Free: 187520K (90%)
ptolemy.util.test.WatchDog.cancel(): canceling Mon May 20 04:25:39 UTC 2019
auto.tcl: Setting watchdog for 200 seconds at Mon May 20 04:25:39 UTC 2019
3005 ms. Memory: 208384K Free: 185487K (89%)
ptolemy.util.test.WatchDog.cancel(): canceling Mon May 20 04:25:42 UTC 2019
------------------ testing $PTII/ptolemy/domains/de/test/auto/FSM1.xml
auto.tcl: Setting watchdog for 200 seconds at Mon May 20 04:25:42 UTC 2019
28 ms. Memory: 208384K Free: 188809K (91%)
ptolemy.util.test.WatchDog.cancel(): canceling Mon May 20 04:25:42 UTC 2019
auto.tcl: Setting watchdog for 200 seconds at Mon May 20 04:25:42 UTC 2019
15 ms. Memory: 208384K Free: 184718K (89%)
ptolemy.util.test.WatchDog.cancel(): canceling Mon May 20 04:25:42 UTC 2019
------------------ testing $PTII/ptolemy/domains/de/test/auto/FSM7.xml
auto.tcl: Setting watchdog for 200 seconds at Mon May 20 04:25:42 UTC 2019
31 ms. Memory: 208384K Free: 189053K (91%)
ptolemy.util.test.WatchDog.cancel(): canceling Mon May 20 04:25:42 UTC 2019
auto.tcl: Setting watchdog for 200 seconds at Mon May 20 04:25:42 UTC 2019
23 ms. Memory: 208384K Free: 184977K (89%)
ptolemy.util.test.WatchDog.cancel(): canceling Mon May 20 04:25:42 UTC 2019
------------------ testing $PTII/ptolemy/domains/de/test/auto/Inspection.xml
auto.tcl: Setting watchdog for 200 seconds at Mon May 20 04:25:42 UTC 2019
26 ms. Memory: 208384K Free: 188234K (90%)
ptolemy.util.test.WatchDog.cancel(): canceling Mon May 20 04:25:42 UTC 2019
auto.tcl: Setting watchdog for 200 seconds at Mon May 20 04:25:42 UTC 2019
25 ms. Memory: 208384K Free: 186188K (89%)
ptolemy.util.test.WatchDog.cancel(): canceling Mon May 20 04:25:42 UTC 2019
------------------ testing $PTII/ptolemy/domains/de/test/auto/Iteration.xml
auto.tcl: Setting watchdog for 200 seconds at Mon May 20 04:25:42 UTC 2019
8 ms. Memory: 208384K Free: 195989K (94%)
ptolemy.util.test.WatchDog.cancel(): canceling Mon May 20 04:25:42 UTC 2019
auto.tcl: Setting watchdog for 200 seconds at Mon May 20 04:25:42 UTC 2019
6 ms. Memory: 208384K Free: 193440K (93%)
ptolemy.util.test.WatchDog.cancel(): canceling Mon May 20 04:25:42 UTC 2019
------------------ testing $PTII/ptolemy/domains/de/test/auto/LineFault.xml
auto.tcl: Setting watchdog for 200 seconds at Mon May 20 04:25:42 UTC 2019
767 ms. Memory: 208384K Free: 199217K (96%)
ptolemy.util.test.WatchDog.cancel(): canceling Mon May 20 04:25:43 UTC 2019
auto.tcl: Setting watchdog for 200 seconds at Mon May 20 04:25:43 UTC 2019
593 ms. Memory: 208384K Free: 142031K (68%)
ptolemy.util.test.WatchDog.cancel(): canceling Mon May 20 04:25:44 UTC 2019
------------------ testing $PTII/ptolemy/domains/de/test/auto/MergeModel1Add.xml
auto.tcl: Setting watchdog for 200 seconds at Mon May 20 04:25:44 UTC 2019
30 ms. Memory: 331264K Free: 300194K (91%)
ptolemy.util.test.WatchDog.cancel(): canceling Mon May 20 04:25:44 UTC 2019
auto.tcl: Setting watchdog for 200 seconds at Mon May 20 04:25:44 UTC 2019
14 ms. Memory: 331264K Free: 300194K (91%)
ptolemy.util.test.WatchDog.cancel(): canceling Mon May 20 04:25:44 UTC 2019
------------------ testing $PTII/ptolemy/domains/de/test/auto/MergeModel2Add.xml
auto.tcl: Setting watchdog for 200 seconds at Mon May 20 04:25:44 UTC 2019
8 ms. Memory: 331264K Free: 305116K (92%)
ptolemy.util.test.WatchDog.cancel(): canceling Mon May 20 04:25:44 UTC 2019
auto.tcl: Setting watchdog for 200 seconds at Mon May 20 04:25:44 UTC 2019
7 ms. Memory: 331264K Free: 301549K (91%)
ptolemy.util.test.WatchDog.cancel(): canceling Mon May 20 04:25:44 UTC 2019
------------------ testing $PTII/ptolemy/domains/de/test/auto/MergeModel3Add.xml
auto.tcl: Setting watchdog for 200 seconds at Mon May 20 04:25:45 UTC 2019
10 ms. Memory: 331264K Free: 305109K (92%)
ptolemy.util.test.WatchDog.cancel(): canceling Mon May 20 04:25:45 UTC 2019
auto.tcl: Setting watchdog for 200 seconds at Mon May 20 04:25:45 UTC 2019
8 ms. Memory: 331264K Free: 301543K (91%)
ptolemy.util.test.WatchDog.cancel(): canceling Mon May 20 04:25:45 UTC 2019
------------------ testing $PTII/ptolemy/domains/de/test/auto/MergeWithoutDiscard.xml
auto.tcl: Setting watchdog for 200 seconds at Mon May 20 04:25:45 UTC 2019
3 ms. Memory: 331264K Free: 316464K (96%)
ptolemy.util.test.WatchDog.cancel(): canceling Mon May 20 04:25:45 UTC 2019
auto.tcl: Setting watchdog for 200 seconds at Mon May 20 04:25:45 UTC 2019
2 ms. Memory: 331264K Free: 316464K (96%)
ptolemy.util.test.WatchDog.cancel(): canceling Mon May 20 04:25:45 UTC 2019
------------------ testing $PTII/ptolemy/domains/de/test/auto/Modal1.xml
auto.tcl: Setting watchdog for 200 seconds at Mon May 20 04:25:45 UTC 2019
13 ms. Memory: 331264K Free: 310063K (94%)
ptolemy.util.test.WatchDog.cancel(): canceling Mon May 20 04:25:45 UTC 2019
auto.tcl: Setting watchdog for 200 seconds at Mon May 20 04:25:45 UTC 2019
19 ms. Memory: 331264K Free: 306497K (93%)
ptolemy.util.test.WatchDog.cancel(): canceling Mon May 20 04:25:45 UTC 2019
------------------ testing $PTII/ptolemy/domains/de/test/auto/Modal2.xml
auto.tcl: Setting watchdog for 200 seconds at Mon May 20 04:25:45 UTC 2019
14 ms. Memory: 331264K Free: 309937K (94%)
ptolemy.util.test.WatchDog.cancel(): canceling Mon May 20 04:25:45 UTC 2019
auto.tcl: Setting watchdog for 200 seconds at Mon May 20 04:25:45 UTC 2019
12 ms. Memory: 331264K Free: 306371K (92%)
ptolemy.util.test.WatchDog.cancel(): canceling Mon May 20 04:25:45 UTC 2019
------------------ testing $PTII/ptolemy/domains/de/test/auto/Modal3.xml
auto.tcl: Setting watchdog for 200 seconds at Mon May 20 04:25:45 UTC 2019
17 ms. Memory: 331264K Free: 310627K (94%)
ptolemy.util.test.WatchDog.cancel(): canceling Mon May 20 04:25:45 UTC 2019
auto.tcl: Setting watchdog for 200 seconds at Mon May 20 04:25:45 UTC 2019
18 ms. Memory: 331264K Free: 306401K (92%)
ptolemy.util.test.WatchDog.cancel(): canceling Mon May 20 04:25:45 UTC 2019
------------------ testing $PTII/ptolemy/domains/de/test/auto/Modal4.xml
auto.tcl: Setting watchdog for 200 seconds at Mon May 20 04:25:45 UTC 2019
24 ms. Memory: 331264K Free: 309958K (94%)
ptolemy.util.test.WatchDog.cancel(): canceling Mon May 20 04:25:45 UTC 2019
auto.tcl: Setting watchdog for 200 seconds at Mon May 20 04:25:45 UTC 2019
28 ms. Memory: 331264K Free: 306392K (92%)
ptolemy.util.test.WatchDog.cancel(): canceling Mon May 20 04:25:45 UTC 2019
------------------ testing $PTII/ptolemy/domains/de/test/auto/Modal5.xml
auto.tcl: Setting watchdog for 200 seconds at Mon May 20 04:25:45 UTC 2019
19 ms. Memory: 331264K Free: 309952K (94%)
ptolemy.util.test.WatchDog.cancel(): canceling Mon May 20 04:25:45 UTC 2019
auto.tcl: Setting watchdog for 200 seconds at Mon May 20 04:25:45 UTC 2019
14 ms. Memory: 331264K Free: 306386K (92%)
ptolemy.util.test.WatchDog.cancel(): canceling Mon May 20 04:25:45 UTC 2019
------------------ testing $PTII/ptolemy/domains/de/test/auto/Modal6.xml
auto.tcl: Setting watchdog for 200 seconds at Mon May 20 04:25:45 UTC 2019
14 ms. Memory: 331264K Free: 309948K (94%)
ptolemy.util.test.WatchDog.cancel(): canceling Mon May 20 04:25:45 UTC 2019
auto.tcl: Setting watchdog for 200 seconds at Mon May 20 04:25:45 UTC 2019
18 ms. Memory: 331264K Free: 306398K (92%)
ptolemy.util.test.WatchDog.cancel(): canceling Mon May 20 04:25:45 UTC 2019
------------------ testing $PTII/ptolemy/domains/de/test/auto/Modal7.xml
auto.tcl: Setting watchdog for 200 seconds at Mon May 20 04:25:45 UTC 2019
29 ms. Memory: 331264K Free: 306375K (92%)
ptolemy.util.test.WatchDog.cancel(): canceling Mon May 20 04:25:46 UTC 2019
auto.tcl: Setting watchdog for 200 seconds at Mon May 20 04:25:46 UTC 2019
17 ms. Memory: 331264K Free: 302825K (91%)
ptolemy.util.test.WatchDog.cancel(): canceling Mon May 20 04:25:46 UTC 2019
------------------ testing $PTII/ptolemy/domains/de/test/auto/ModalModel.xml
auto.tcl: Setting watchdog for 200 seconds at Mon May 20 04:25:46 UTC 2019
212 ms. Memory: 331264K Free: 247345K (75%)
ptolemy.util.test.WatchDog.cancel(): canceling Mon May 20 04:25:46 UTC 2019
auto.tcl: Setting watchdog for 200 seconds at Mon May 20 04:25:46 UTC 2019
197 ms. Memory: 331264K Free: 190384K (57%)
ptolemy.util.test.WatchDog.cancel(): canceling Mon May 20 04:25:46 UTC 2019
------------------ testing $PTII/ptolemy/domains/de/test/auto/ModalSource.xml
auto.tcl: Setting watchdog for 200 seconds at Mon May 20 04:25:46 UTC 2019
7 ms. Memory: 331264K Free: 316205K (95%)
ptolemy.util.test.WatchDog.cancel(): canceling Mon May 20 04:25:46 UTC 2019
auto.tcl: Setting watchdog for 200 seconds at Mon May 20 04:25:46 UTC 2019
6 ms. Memory: 331264K Free: 312951K (94%)
ptolemy.util.test.WatchDog.cancel(): canceling Mon May 20 04:25:46 UTC 2019
------------------ testing $PTII/ptolemy/domains/de/test/auto/NonInterruptibleTimerZeroDelay.xml
auto.tcl: Setting watchdog for 200 seconds at Mon May 20 04:25:46 UTC 2019
4 ms. Memory: 331264K Free: 320565K (97%)
ptolemy.util.test.WatchDog.cancel(): canceling Mon May 20 04:25:46 UTC 2019
auto.tcl: Setting watchdog for 200 seconds at Mon May 20 04:25:46 UTC 2019
2 ms. Memory: 331264K Free: 317296K (96%)
ptolemy.util.test.WatchDog.cancel(): canceling Mon May 20 04:25:46 UTC 2019
------------------ testing $PTII/ptolemy/domains/de/test/auto/OpenQueueingNetwork.xml
auto.tcl: Setting watchdog for 200 seconds at Mon May 20 04:25:46 UTC 2019
2547 ms. Memory: 307712K Free: 142270K (46%)
ptolemy.util.test.WatchDog.cancel(): canceling Mon May 20 04:25:49 UTC 2019
auto.tcl: Setting watchdog for 200 seconds at Mon May 20 04:25:49 UTC 2019
2212 ms. Memory: 278528K Free: 191390K (69%)
ptolemy.util.test.WatchDog.cancel(): canceling Mon May 20 04:25:51 UTC 2019
------------------ testing $PTII/ptolemy/domains/de/test/auto/OpenQueuingNetwork.xml
auto.tcl: Setting watchdog for 200 seconds at Mon May 20 04:25:51 UTC 2019
233 ms. Memory: 278528K Free: 178729K (64%)
ptolemy.util.test.WatchDog.cancel(): canceling Mon May 20 04:25:52 UTC 2019
auto.tcl: Setting watchdog for 200 seconds at Mon May 20 04:25:52 UTC 2019
214 ms. Memory: 278528K Free: 119241K (43%)
ptolemy.util.test.WatchDog.cancel(): canceling Mon May 20 04:25:52 UTC 2019
------------------ testing $PTII/ptolemy/domains/de/test/auto/PeriodicSampler.xml
auto.tcl: Setting watchdog for 200 seconds at Mon May 20 04:25:52 UTC 2019
3 ms. Memory: 281088K Free: 265964K (95%)
ptolemy.util.test.WatchDog.cancel(): canceling Mon May 20 04:25:52 UTC 2019
auto.tcl: Setting watchdog for 200 seconds at Mon May 20 04:25:52 UTC 2019
2 ms. Memory: 281088K Free: 265964K (95%)
ptolemy.util.test.WatchDog.cancel(): canceling Mon May 20 04:25:52 UTC 2019
------------------ testing $PTII/ptolemy/domains/de/test/auto/PersistentIO.xml
auto.tcl: Setting watchdog for 200 seconds at Mon May 20 04:25:52 UTC 2019
11 ms. Memory: 278528K Free: 260681K (94%)
ptolemy.util.test.WatchDog.cancel(): canceling Mon May 20 04:25:52 UTC 2019
auto.tcl: Setting watchdog for 200 seconds at Mon May 20 04:25:52 UTC 2019
4 ms. Memory: 278528K Free: 260681K (94%)
ptolemy.util.test.WatchDog.cancel(): canceling Mon May 20 04:25:52 UTC 2019
------------------ testing $PTII/ptolemy/domains/de/test/auto/PortParameterResetOnInitialize.xml
auto.tcl: Setting watchdog for 200 seconds at Mon May 20 04:25:52 UTC 2019
3 ms. Memory: 280576K Free: 266046K (95%)
ptolemy.util.test.WatchDog.cancel(): canceling Mon May 20 04:25:52 UTC 2019
auto.tcl: Setting watchdog for 200 seconds at Mon May 20 04:25:52 UTC 2019
2 ms. Memory: 280576K Free: 266046K (95%)
ptolemy.util.test.WatchDog.cancel(): canceling Mon May 20 04:25:52 UTC 2019
------------------ testing $PTII/ptolemy/domains/de/test/auto/PortParameterUpdates.xml
auto.tcl: Setting watchdog for 200 seconds at Mon May 20 04:25:52 UTC 2019
5 ms. Memory: 278528K Free: 266103K (96%)
ptolemy.util.test.WatchDog.cancel(): canceling Mon May 20 04:25:52 UTC 2019
auto.tcl: Setting watchdog for 200 seconds at Mon May 20 04:25:52 UTC 2019
3 ms. Memory: 278528K Free: 263373K (95%)
ptolemy.util.test.WatchDog.cancel(): canceling Mon May 20 04:25:52 UTC 2019
------------------ testing $PTII/ptolemy/domains/de/test/auto/QueueAndServer.xml
auto.tcl: Setting watchdog for 200 seconds at Mon May 20 04:25:52 UTC 2019
22 ms. Memory: 280576K Free: 265236K (95%)
ptolemy.util.test.WatchDog.cancel(): canceling Mon May 20 04:25:52 UTC 2019
auto.tcl: Setting watchdog for 200 seconds at Mon May 20 04:25:52 UTC 2019
6 ms. Memory: 280576K Free: 265236K (95%)
ptolemy.util.test.WatchDog.cancel(): canceling Mon May 20 04:25:52 UTC 2019
------------------ testing $PTII/ptolemy/domains/de/test/auto/Records.xml
auto.tcl: Setting watchdog for 200 seconds at Mon May 20 04:25:52 UTC 2019
5 ms. Memory: 278528K Free: 265859K (95%)
ptolemy.util.test.WatchDog.cancel(): canceling Mon May 20 04:25:52 UTC 2019
auto.tcl: Setting watchdog for 200 seconds at Mon May 20 04:25:52 UTC 2019
2 ms. Memory: 278528K Free: 265859K (95%)
ptolemy.util.test.WatchDog.cancel(): canceling Mon May 20 04:25:52 UTC 2019
------------------ testing $PTII/ptolemy/domains/de/test/auto/ResetTransitionWithStartTime1.xml
auto.tcl: Setting watchdog for 200 seconds at Mon May 20 04:25:52 UTC 2019
15 ms. Memory: 280064K Free: 262867K (94%)
ptolemy.util.test.WatchDog.cancel(): canceling Mon May 20 04:25:52 UTC 2019
auto.tcl: Setting watchdog for 200 seconds at Mon May 20 04:25:52 UTC 2019
8 ms. Memory: 280064K Free: 259989K (93%)
ptolemy.util.test.WatchDog.cancel(): canceling Mon May 20 04:25:52 UTC 2019
------------------ testing $PTII/ptolemy/domains/de/test/auto/ResetTransitionWithStartTime2.xml
auto.tcl: Setting watchdog for 200 seconds at Mon May 20 04:25:52 UTC 2019
8 ms. Memory: 278528K Free: 261323K (94%)
ptolemy.util.test.WatchDog.cancel(): canceling Mon May 20 04:25:52 UTC 2019
auto.tcl: Setting watchdog for 200 seconds at Mon May 20 04:25:52 UTC 2019
5 ms. Memory: 278528K Free: 258609K (93%)
ptolemy.util.test.WatchDog.cancel(): canceling Mon May 20 04:25:52 UTC 2019
------------------ testing $PTII/ptolemy/domains/de/test/auto/ResetTransitionWithStartTime3.xml
auto.tcl: Setting watchdog for 200 seconds at Mon May 20 04:25:53 UTC 2019
8 ms. Memory: 280064K Free: 262554K (94%)
ptolemy.util.test.WatchDog.cancel(): canceling Mon May 20 04:25:53 UTC 2019
auto.tcl: Setting watchdog for 200 seconds at Mon May 20 04:25:53 UTC 2019
7 ms. Memory: 280064K Free: 259840K (93%)
ptolemy.util.test.WatchDog.cancel(): canceling Mon May 20 04:25:53 UTC 2019
------------------ testing $PTII/ptolemy/domains/de/test/auto/ResetTransitionWithStartTime4.xml
auto.tcl: Setting watchdog for 200 seconds at Mon May 20 04:25:53 UTC 2019
4 ms. Memory: 278528K Free: 263004K (94%)
ptolemy.util.test.WatchDog.cancel(): canceling Mon May 20 04:25:53 UTC 2019
auto.tcl: Setting watchdog for 200 seconds at Mon May 20 04:25:53 UTC 2019
4 ms. Memory: 278528K Free: 263004K (94%)
ptolemy.util.test.WatchDog.cancel(): canceling Mon May 20 04:25:53 UTC 2019
------------------ testing $PTII/ptolemy/domains/de/test/auto/ResettableTimer1.xml
auto.tcl: Setting watchdog for 200 seconds at Mon May 20 04:25:53 UTC 2019
3 ms. Memory: 280064K Free: 267265K (95%)
ptolemy.util.test.WatchDog.cancel(): canceling Mon May 20 04:25:53 UTC 2019
auto.tcl: Setting watchdog for 200 seconds at Mon May 20 04:25:53 UTC 2019
2 ms. Memory: 280064K Free: 267265K (95%)
ptolemy.util.test.WatchDog.cancel(): canceling Mon May 20 04:25:53 UTC 2019
------------------ testing $PTII/ptolemy/domains/de/test/auto/ResettableTimer2.xml
auto.tcl: Setting watchdog for 200 seconds at Mon May 20 04:25:53 UTC 2019
2 ms. Memory: 278528K Free: 265952K (95%)
ptolemy.util.test.WatchDog.cancel(): canceling Mon May 20 04:25:53 UTC 2019
auto.tcl: Setting watchdog for 200 seconds at Mon May 20 04:25:53 UTC 2019
2 ms. Memory: 278528K Free: 265952K (95%)
ptolemy.util.test.WatchDog.cancel(): canceling Mon May 20 04:25:53 UTC 2019
------------------ testing $PTII/ptolemy/domains/de/test/auto/ResettableTimer3.xml
auto.tcl: Setting watchdog for 200 seconds at Mon May 20 04:25:53 UTC 2019
1 ms. Memory: 279552K Free: 266825K (95%)
ptolemy.util.test.WatchDog.cancel(): canceling Mon May 20 04:25:53 UTC 2019
auto.tcl: Setting watchdog for 200 seconds at Mon May 20 04:25:53 UTC 2019
1 ms. Memory: 279552K Free: 266825K (95%)
ptolemy.util.test.WatchDog.cancel(): canceling Mon May 20 04:25:53 UTC 2019
------------------ testing $PTII/ptolemy/domains/de/test/auto/ResettableTimer4.xml
auto.tcl: Setting watchdog for 200 seconds at Mon May 20 04:25:53 UTC 2019
3 ms. Memory: 278528K Free: 265946K (95%)
ptolemy.util.test.WatchDog.cancel(): canceling Mon May 20 04:25:53 UTC 2019
auto.tcl: Setting watchdog for 200 seconds at Mon May 20 04:25:53 UTC 2019
2 ms. Memory: 278528K Free: 265946K (95%)
ptolemy.util.test.WatchDog.cancel(): canceling Mon May 20 04:25:53 UTC 2019
------------------ testing $PTII/ptolemy/domains/de/test/auto/ResettableTimer5.xml
auto.tcl: Setting watchdog for 200 seconds at Mon May 20 04:25:53 UTC 2019
5 ms. Memory: 279552K Free: 266820K (95%)
ptolemy.util.test.WatchDog.cancel(): canceling Mon May 20 04:25:53 UTC 2019
auto.tcl: Setting watchdog for 200 seconds at Mon May 20 04:25:53 UTC 2019
2 ms. Memory: 279552K Free: 266820K (95%)
ptolemy.util.test.WatchDog.cancel(): canceling Mon May 20 04:25:53 UTC 2019
------------------ testing $PTII/ptolemy/domains/de/test/auto/ResettableTimer6.xml
auto.tcl: Setting watchdog for 200 seconds at Mon May 20 04:25:53 UTC 2019
2 ms. Memory: 278528K Free: 265745K (95%)
ptolemy.util.test.WatchDog.cancel(): canceling Mon May 20 04:25:53 UTC 2019
auto.tcl: Setting watchdog for 200 seconds at Mon May 20 04:25:53 UTC 2019
2 ms. Memory: 278528K Free: 265745K (95%)
ptolemy.util.test.WatchDog.cancel(): canceling Mon May 20 04:25:53 UTC 2019
------------------ testing $PTII/ptolemy/domains/de/test/auto/ServerZeroDelay.xml
auto.tcl: Setting watchdog for 200 seconds at Mon May 20 04:25:53 UTC 2019
4 ms. Memory: 279552K Free: 266909K (95%)
ptolemy.util.test.WatchDog.cancel(): canceling Mon May 20 04:25:53 UTC 2019
auto.tcl: Setting watchdog for 200 seconds at Mon May 20 04:25:53 UTC 2019
2 ms. Memory: 279552K Free: 266909K (95%)
ptolemy.util.test.WatchDog.cancel(): canceling Mon May 20 04:25:53 UTC 2019
------------------ testing $PTII/ptolemy/domains/de/test/auto/SmartSender.xml
auto.tcl: Setting watchdog for 200 seconds at Mon May 20 04:25:53 UTC 2019
3001 ms. Memory: 278528K Free: 261937K (94%)
ptolemy.util.test.WatchDog.cancel(): canceling Mon May 20 04:25:56 UTC 2019
auto.tcl: Setting watchdog for 200 seconds at Mon May 20 04:25:56 UTC 2019
3003 ms. Memory: 278528K Free: 261937K (94%)
ptolemy.util.test.WatchDog.cancel(): canceling Mon May 20 04:25:59 UTC 2019
------------------ testing $PTII/ptolemy/domains/de/test/auto/ThreadedComposite.xml
auto.tcl: Setting watchdog for 200 seconds at Mon May 20 04:25:59 UTC 2019
180 ms. Memory: 279552K Free: 246784K (88%)
ptolemy.util.test.WatchDog.cancel(): canceling Mon May 20 04:25:59 UTC 2019
auto.tcl: Setting watchdog for 200 seconds at Mon May 20 04:25:59 UTC 2019
140 ms. Memory: 279552K Free: 231500K (83%)
ptolemy.util.test.WatchDog.cancel(): canceling Mon May 20 04:26:00 UTC 2019
------------------ testing $PTII/ptolemy/domains/de/test/auto/Time.xml
auto.tcl: Setting watchdog for 200 seconds at Mon May 20 04:26:00 UTC 2019
506 ms. Memory: 278528K Free: 214203K (77%)
ptolemy.util.test.WatchDog.cancel(): canceling Mon May 20 04:26:00 UTC 2019
auto.tcl: Setting watchdog for 200 seconds at Mon May 20 04:26:00 UTC 2019
498 ms. Memory: 278528K Free: 159932K (57%)
ptolemy.util.test.WatchDog.cancel(): canceling Mon May 20 04:26:01 UTC 2019
------------------ testing $PTII/ptolemy/domains/de/test/auto/TimeDelayZeroDelay.xml
auto.tcl: Setting watchdog for 200 seconds at Mon May 20 04:26:01 UTC 2019
2 ms. Memory: 279040K Free: 266726K (96%)
ptolemy.util.test.WatchDog.cancel(): canceling Mon May 20 04:26:01 UTC 2019
auto.tcl: Setting watchdog for 200 seconds at Mon May 20 04:26:01 UTC 2019
2 ms. Memory: 279040K Free: 266726K (96%)
ptolemy.util.test.WatchDog.cancel(): canceling Mon May 20 04:26:01 UTC 2019
------------------ testing $PTII/ptolemy/domains/de/test/auto/TimerZeroDelay.xml
auto.tcl: Setting watchdog for 200 seconds at Mon May 20 04:26:01 UTC 2019
2 ms. Memory: 278528K Free: 266354K (96%)
ptolemy.util.test.WatchDog.cancel(): canceling Mon May 20 04:26:01 UTC 2019
auto.tcl: Setting watchdog for 200 seconds at Mon May 20 04:26:01 UTC 2019
3 ms. Memory: 278528K Free: 266354K (96%)
ptolemy.util.test.WatchDog.cancel(): canceling Mon May 20 04:26:01 UTC 2019
------------------ testing $PTII/ptolemy/domains/de/test/auto/TimingParadox.xml
auto.tcl: Setting watchdog for 200 seconds at Mon May 20 04:26:01 UTC 2019
389 ms. Memory: 279040K Free: 201696K (72%)
ptolemy.util.test.WatchDog.cancel(): canceling Mon May 20 04:26:01 UTC 2019
auto.tcl: Setting watchdog for 200 seconds at Mon May 20 04:26:01 UTC 2019
375 ms. Memory: 279040K Free: 164791K (59%)
ptolemy.util.test.WatchDog.cancel(): canceling Mon May 20 04:26:02 UTC 2019
------------------ testing $PTII/ptolemy/domains/de/test/auto/TransferInputs.xml
auto.tcl: Setting watchdog for 200 seconds at Mon May 20 04:26:02 UTC 2019
2 ms. Memory: 279040K Free: 265813K (95%)
ptolemy.util.test.WatchDog.cancel(): canceling Mon May 20 04:26:02 UTC 2019
auto.tcl: Setting watchdog for 200 seconds at Mon May 20 04:26:02 UTC 2019
1 ms. Memory: 279040K Free: 265813K (95%)
ptolemy.util.test.WatchDog.cancel(): canceling Mon May 20 04:26:02 UTC 2019
------------------ testing $PTII/ptolemy/domains/de/test/auto/TransferOutputs2.xml
auto.tcl: Setting watchdog for 200 seconds at Mon May 20 04:26:02 UTC 2019
3 ms. Memory: 278528K Free: 263939K (95%)
ptolemy.util.test.WatchDog.cancel(): canceling Mon May 20 04:26:02 UTC 2019
auto.tcl: Setting watchdog for 200 seconds at Mon May 20 04:26:02 UTC 2019
3 ms. Memory: 278528K Free: 261468K (94%)
ptolemy.util.test.WatchDog.cancel(): canceling Mon May 20 04:26:02 UTC 2019
------------------ testing $PTII/ptolemy/domains/de/test/auto/Trilateration.xml
auto.tcl: Setting watchdog for 200 seconds at Mon May 20 04:26:02 UTC 2019
13707 ms. Memory: 542720K Free: 152412K (28%)
ptolemy.util.test.WatchDog.cancel(): canceling Mon May 20 04:26:17 UTC 2019
auto.tcl: Setting watchdog for 200 seconds at Mon May 20 04:26:17 UTC 2019
10445 ms. Memory: 411136K Free: 233385K (57%)
ptolemy.util.test.WatchDog.cancel(): canceling Mon May 20 04:26:27 UTC 2019
------------------ testing $PTII/ptolemy/domains/de/test/auto/TwoSigmaDelta.xml
auto.tcl: Setting watchdog for 200 seconds at Mon May 20 04:26:27 UTC 2019
2976 ms. Memory: 414208K Free: 101090K (24%)
ptolemy.util.test.WatchDog.cancel(): canceling Mon May 20 04:26:30 UTC 2019
auto.tcl: Setting watchdog for 200 seconds at Mon May 20 04:26:30 UTC 2019
2116 ms. Memory: 396800K Free: 187774K (47%)
ptolemy.util.test.WatchDog.cancel(): canceling Mon May 20 04:26:33 UTC 2019
------------------ testing $PTII/ptolemy/domains/de/test/auto/VariableDelay.xml
auto.tcl: Setting watchdog for 200 seconds at Mon May 20 04:26:33 UTC 2019
2 ms. Memory: 396288K Free: 379267K (96%)
ptolemy.util.test.WatchDog.cancel(): canceling Mon May 20 04:26:33 UTC 2019
auto.tcl: Setting watchdog for 200 seconds at Mon May 20 04:26:33 UTC 2019
2 ms. Memory: 396288K Free: 379267K (96%)
ptolemy.util.test.WatchDog.cancel(): canceling Mon May 20 04:26:33 UTC 2019
------------------ testing $PTII/ptolemy/domains/de/test/auto/VariableDelay2.xml
auto.tcl: Setting watchdog for 200 seconds at Mon May 20 04:26:33 UTC 2019
1 ms. Memory: 396288K Free: 382828K (97%)
ptolemy.util.test.WatchDog.cancel(): canceling Mon May 20 04:26:33 UTC 2019
auto.tcl: Setting watchdog for 200 seconds at Mon May 20 04:26:33 UTC 2019
2 ms. Memory: 396288K Free: 382828K (97%)
ptolemy.util.test.WatchDog.cancel(): canceling Mon May 20 04:26:33 UTC 2019
------------------ testing $PTII/ptolemy/domains/de/test/auto/VariableDelayZeroDelay.xml
auto.tcl: Setting watchdog for 200 seconds at Mon May 20 04:26:33 UTC 2019
2 ms. Memory: 398336K Free: 381726K (96%)
ptolemy.util.test.WatchDog.cancel(): canceling Mon May 20 04:26:33 UTC 2019
auto.tcl: Setting watchdog for 200 seconds at Mon May 20 04:26:33 UTC 2019
2 ms. Memory: 398336K Free: 381726K (96%)
ptolemy.util.test.WatchDog.cancel(): canceling Mon May 20 04:26:33 UTC 2019
------------------ testing $PTII/ptolemy/domains/de/test/auto/VariableDelayZeroDelay2.xml
auto.tcl: Setting watchdog for 200 seconds at Mon May 20 04:26:33 UTC 2019
2 ms. Memory: 396288K Free: 379677K (96%)
ptolemy.util.test.WatchDog.cancel(): canceling Mon May 20 04:26:33 UTC 2019
auto.tcl: Setting watchdog for 200 seconds at Mon May 20 04:26:33 UTC 2019
3 ms. Memory: 396288K Free: 379677K (96%)
ptolemy.util.test.WatchDog.cancel(): canceling Mon May 20 04:26:33 UTC 2019
------------------ testing $PTII/ptolemy/domains/de/test/auto/deInCt.xml
auto.tcl: Setting watchdog for 200 seconds at Mon May 20 04:26:33 UTC 2019
0
1
1
1
1
1
0
0
0
1
1
1
1
1
1
0
0
1
1
1
0
0
0
0
0
1
1
1
0
0
0
1
1
1
1
7 ms. Memory: 398336K Free: 381721K (96%)
ptolemy.util.test.WatchDog.cancel(): canceling Mon May 20 04:26:33 UTC 2019
auto.tcl: Setting watchdog for 200 seconds at Mon May 20 04:26:33 UTC 2019
0
1
1
1
1
0
0
0
0
0
1
1
1
1
0
0
1
1
1
1
0
0
0
1
1
1
0
0
0
1
1
1
0
0
0
1
1
1
1
1
19 ms. Memory: 398336K Free: 376744K (95%)
ptolemy.util.test.WatchDog.cancel(): canceling Mon May 20 04:26:33 UTC 2019
------------------ testing $PTII/ptolemy/domains/de/test/auto/deInCt2.xml
auto.tcl: Setting watchdog for 200 seconds at Mon May 20 04:26:33 UTC 2019
0
1
1
1
0
0
1
1
1
0
0
1
1
1
0
0
1
1
1
0
0
1
1
1
0
0
1
1
1
0
0
1
1
1
0
0
1
1
1
0
0
0
9 ms. Memory: 396288K Free: 379665K (96%)
ptolemy.util.test.WatchDog.cancel(): canceling Mon May 20 04:26:33 UTC 2019
auto.tcl: Setting watchdog for 200 seconds at Mon May 20 04:26:33 UTC 2019
0
1
1
1
0
0
1
1
1
0
0
1
1
1
0
0
1
1
1
0
0
1
1
1
0
0
1
1
1
0
0
1
1
1
0
0
1
1
1
0
0
0
6 ms. Memory: 396288K Free: 374671K (95%)
ptolemy.util.test.WatchDog.cancel(): canceling Mon May 20 04:26:33 UTC 2019
------------------ testing $PTII/ptolemy/domains/de/test/auto/dynamicCausalityInterface1.xml
auto.tcl: Setting watchdog for 200 seconds at Mon May 20 04:26:33 UTC 2019
1 ms. Memory: 397824K Free: 376210K (95%)
ptolemy.util.test.WatchDog.cancel(): canceling Mon May 20 04:26:33 UTC 2019
auto.tcl: Setting watchdog for 200 seconds at Mon May 20 04:26:33 UTC 2019
1 ms. Memory: 397824K Free: 376210K (95%)
ptolemy.util.test.WatchDog.cancel(): canceling Mon May 20 04:26:33 UTC 2019
------------------ testing $PTII/ptolemy/domains/de/test/auto/fsm_de_test.xml
auto.tcl: Setting watchdog for 200 seconds at Mon May 20 04:26:33 UTC 2019
5 ms. Memory: 396288K Free: 374585K (95%)
ptolemy.util.test.WatchDog.cancel(): canceling Mon May 20 04:26:33 UTC 2019
auto.tcl: Setting watchdog for 200 seconds at Mon May 20 04:26:33 UTC 2019
4 ms. Memory: 396288K Free: 374585K (95%)
ptolemy.util.test.WatchDog.cancel(): canceling Mon May 20 04:26:33 UTC 2019
------------------ testing $PTII/ptolemy/domains/de/test/auto/functionDependencyReconstruction.xml
auto.tcl: Setting watchdog for 200 seconds at Mon May 20 04:26:33 UTC 2019
3 ms. Memory: 397824K Free: 371118K (93%)
ptolemy.util.test.WatchDog.cancel(): canceling Mon May 20 04:26:33 UTC 2019
auto.tcl: Setting watchdog for 200 seconds at Mon May 20 04:26:33 UTC 2019
3 ms. Memory: 397824K Free: 366124K (92%)
ptolemy.util.test.WatchDog.cancel(): canceling Mon May 20 04:26:33 UTC 2019
------------------ testing $PTII/ptolemy/domains/de/test/auto/multirate.xml
auto.tcl: Setting watchdog for 200 seconds at Mon May 20 04:26:33 UTC 2019
3 ms. Memory: 396288K Free: 374436K (94%)
ptolemy.util.test.WatchDog.cancel(): canceling Mon May 20 04:26:33 UTC 2019
auto.tcl: Setting watchdog for 200 seconds at Mon May 20 04:26:33 UTC 2019
3 ms. Memory: 396288K Free: 374436K (94%)
ptolemy.util.test.WatchDog.cancel(): canceling Mon May 20 04:26:33 UTC 2019
------------------ testing $PTII/ptolemy/domains/de/test/auto/multirate2.xml
auto.tcl: Setting watchdog for 200 seconds at Mon May 20 04:26:33 UTC 2019
3 ms. Memory: 397312K Free: 375648K (95%)
ptolemy.util.test.WatchDog.cancel(): canceling Mon May 20 04:26:33 UTC 2019
auto.tcl: Setting watchdog for 200 seconds at Mon May 20 04:26:33 UTC 2019
3 ms. Memory: 397312K Free: 375648K (95%)
ptolemy.util.test.WatchDog.cancel(): canceling Mon May 20 04:26:33 UTC 2019
------------------ testing $PTII/ptolemy/domains/de/test/auto/realtime.xml
auto.tcl: Setting watchdog for 200 seconds at Mon May 20 04:26:33 UTC 2019
10001 ms. Memory: 396288K Free: 379609K (96%)
ptolemy.util.test.WatchDog.cancel(): canceling Mon May 20 04:26:43 UTC 2019
auto.tcl: Setting watchdog for 200 seconds at Mon May 20 04:26:43 UTC 2019
10003 ms. Memory: 396288K Free: 379609K (96%)
ptolemy.util.test.WatchDog.cancel(): canceling Mon May 20 04:26:53 UTC 2019
------------------ testing $PTII/ptolemy/domains/de/test/auto/relationGroup.xml
auto.tcl: Setting watchdog for 200 seconds at Mon May 20 04:26:53 UTC 2019
1 ms. Memory: 397312K Free: 380666K (96%)
ptolemy.util.test.WatchDog.cancel(): canceling Mon May 20 04:26:53 UTC 2019
auto.tcl: Setting watchdog for 200 seconds at Mon May 20 04:26:53 UTC 2019
2 ms. Memory: 397312K Free: 380666K (96%)
ptolemy.util.test.WatchDog.cancel(): canceling Mon May 20 04:26:53 UTC 2019
------------------ testing $PTII/ptolemy/domains/de/test/auto/relationGroup2.xml
auto.tcl: Setting watchdog for 200 seconds at Mon May 20 04:26:54 UTC 2019
2 ms. Memory: 396288K Free: 379668K (96%)
ptolemy.util.test.WatchDog.cancel(): canceling Mon May 20 04:26:54 UTC 2019
auto.tcl: Setting watchdog for 200 seconds at Mon May 20 04:26:54 UTC 2019
2 ms. Memory: 396288K Free: 379668K (96%)
ptolemy.util.test.WatchDog.cancel(): canceling Mon May 20 04:26:54 UTC 2019
------------------ testing $PTII/ptolemy/domains/de/test/auto/sortWithOpaquePorts.xml
auto.tcl: Setting watchdog for 200 seconds at Mon May 20 04:26:54 UTC 2019
2 ms. Memory: 397312K Free: 380692K (96%)
ptolemy.util.test.WatchDog.cancel(): canceling Mon May 20 04:26:54 UTC 2019
auto.tcl: Setting watchdog for 200 seconds at Mon May 20 04:26:54 UTC 2019
2 ms. Memory: 397312K Free: 380692K (96%)
ptolemy.util.test.WatchDog.cancel(): canceling Mon May 20 04:26:54 UTC 2019
------------------ testing $PTII/ptolemy/domains/de/test/auto/transferInputsandOutputs.xml
auto.tcl: Setting watchdog for 200 seconds at Mon May 20 04:26:54 UTC 2019
4 ms. Memory: 396288K Free: 374678K (95%)
ptolemy.util.test.WatchDog.cancel(): canceling Mon May 20 04:26:54 UTC 2019
auto.tcl: Setting watchdog for 200 seconds at Mon May 20 04:26:54 UTC 2019
3 ms. Memory: 396288K Free: 374678K (95%)
ptolemy.util.test.WatchDog.cancel(): canceling Mon May 20 04:26:54 UTC 2019
------------------ testing $PTII/ptolemy/domains/de/test/auto/triggerType.xml
auto.tcl: Setting watchdog for 200 seconds at Mon May 20 04:26:54 UTC 2019
2 ms. Memory: 396800K Free: 380119K (96%)
ptolemy.util.test.WatchDog.cancel(): canceling Mon May 20 04:26:54 UTC 2019
auto.tcl: Setting watchdog for 200 seconds at Mon May 20 04:26:54 UTC 2019
2 ms. Memory: 396800K Free: 380119K (96%)
ptolemy.util.test.WatchDog.cancel(): canceling Mon May 20 04:26:54 UTC 2019
05/20/19 04:26:54
Failed: 0  Total Tests: 192  ((Passed: 187, Newly Passed: 1)  Known Failed: 5) /home/travis/build/icyphy/ptII/ptolemy/domains/de/test
05/20/19 04:26:54
Failed: 0  Total Tests: 192  ((Passed: 187, Newly Passed: 1)  Known Failed: 5) /home/travis/build/icyphy/ptII/ptolemy/domains/de/test
----------------- testing (KnownFailure) /home/travis/build/icyphy/ptII/ptolemy/domains/de/test/auto/knownFailedTests/DESDFClockTest.xml
2012 ms. Memory: 396288K Free: 367048K (93%)
Known Failure: java.lang.reflect.InvocationTargetException
----------------- testing (KnownFailure) /home/travis/build/icyphy/ptII/ptolemy/domains/de/test/auto/knownFailedTests/DirectFeedback.xml
2 ms. Memory: 396288K Free: 341858K (86%)
Known Failure: java.lang.reflect.InvocationTargetException
----------------- testing (KnownFailure) /home/travis/build/icyphy/ptII/ptolemy/domains/de/test/auto/knownFailedTests/FSMSource.xml
6 ms. Memory: 396288K Free: 316667K (80%)
----------------- testing (KnownFailure) /home/travis/build/icyphy/ptII/ptolemy/domains/de/test/auto/knownFailedTests/HierarchicalModel.xml
4 ms. Memory: 396288K Free: 291461K (74%)
Known Failure: java.lang.reflect.InvocationTargetException
----------------- testing (KnownFailure) /home/travis/build/icyphy/ptII/ptolemy/domains/de/test/auto/knownFailedTests/dependencyLoop.xml
2 ms. Memory: 396288K Free: 253651K (64%)
Known Failure: java.lang.reflect.InvocationTargetException
----------------- testing (KnownFailure) /home/travis/build/icyphy/ptII/ptolemy/domains/de/test/auto/knownFailedTests/dependencyLoop2.xml
4 ms. Memory: 396288K Free: 215849K (54%)
Known Failure: java.lang.reflect.InvocationTargetException
No auto/linux-amd64/*.xml tests in /home/travis/build/icyphy/ptII/ptolemy/domains/de/test
AutoTests.java: About to close Vertx.
AutoTests.java: Vertx closed.

===========================================================================================
----------------- testing Mon May 20 04:26:56 UTC 2019 /home/travis/build/icyphy/ptII/ptolemy/domains/de/test/auto/ActorDepthCalculation_actorWithoutPorts.xml
----------------- Instantiating /home/travis/build/icyphy/ptII/ptolemy/domains/de/test/auto/ActorDepthCalculation_actorWithoutPorts.xml
2 ms. Memory: 396288K Free: 184360K (47%)
----------------- Invoking toplevel() on ptolemy.moml.MoMLSimpleApplication@4e757303
----------------- Done invoking toplevel() on ptolemy.moml.MoMLSimpleApplication@4e757303
reloadAllAccessors: .ActorDepthCalculation_actorWithoutPorts

===========================================================================================
----------------- testing Mon May 20 04:26:56 UTC 2019 /home/travis/build/icyphy/ptII/ptolemy/domains/de/test/auto/AssemblyLine.xml
----------------- Instantiating /home/travis/build/icyphy/ptII/ptolemy/domains/de/test/auto/AssemblyLine.xml
2 ms. Memory: 396288K Free: 165460K (42%)
----------------- Invoking toplevel() on ptolemy.moml.MoMLSimpleApplication@67ef71c4
----------------- Done invoking toplevel() on ptolemy.moml.MoMLSimpleApplication@67ef71c4
reloadAllAccessors: .AssemblyLine

===========================================================================================
----------------- testing Mon May 20 04:26:56 UTC 2019 /home/travis/build/icyphy/ptII/ptolemy/domains/de/test/auto/CQBug1.xml
----------------- Instantiating /home/travis/build/icyphy/ptII/ptolemy/domains/de/test/auto/CQBug1.xml
1 ms. Memory: 396288K Free: 152864K (39%)
----------------- Invoking toplevel() on ptolemy.moml.MoMLSimpleApplication@4454d6d7
----------------- Done invoking toplevel() on ptolemy.moml.MoMLSimpleApplication@4454d6d7
reloadAllAccessors: .CQBug1

===========================================================================================
----------------- testing Mon May 20 04:26:56 UTC 2019 /home/travis/build/icyphy/ptII/ptolemy/domains/de/test/auto/CancelFireAt.xml
----------------- Instantiating /home/travis/build/icyphy/ptII/ptolemy/domains/de/test/auto/CancelFireAt.xml
1 ms. Memory: 396288K Free: 140269K (35%)
----------------- Invoking toplevel() on ptolemy.moml.MoMLSimpleApplication@471ab58b
----------------- Done invoking toplevel() on ptolemy.moml.MoMLSimpleApplication@471ab58b
reloadAllAccessors: .CancelFireAt

===========================================================================================
----------------- testing Mon May 20 04:26:56 UTC 2019 /home/travis/build/icyphy/ptII/ptolemy/domains/de/test/auto/CausalityAndComposabilityAnalysis.xml
----------------- Instantiating /home/travis/build/icyphy/ptII/ptolemy/domains/de/test/auto/CausalityAndComposabilityAnalysis.xml
1 ms. Memory: 396288K Free: 127674K (32%)
----------------- Invoking toplevel() on ptolemy.moml.MoMLSimpleApplication@e4cccf7
----------------- Done invoking toplevel() on ptolemy.moml.MoMLSimpleApplication@e4cccf7
reloadAllAccessors: .CausalityAndComposabilityAnalysis

===========================================================================================
----------------- testing Mon May 20 04:26:56 UTC 2019 /home/travis/build/icyphy/ptII/ptolemy/domains/de/test/auto/CausalityInterface1.xml
----------------- Instantiating /home/travis/build/icyphy/ptII/ptolemy/domains/de/test/auto/CausalityInterface1.xml
4 ms. Memory: 396288K Free: 115079K (29%)
----------------- Invoking toplevel() on ptolemy.moml.MoMLSimpleApplication@46eb1c1d
----------------- Done invoking toplevel() on ptolemy.moml.MoMLSimpleApplication@46eb1c1d
reloadAllAccessors: .CausalityInterface1

===========================================================================================
----------------- testing Mon May 20 04:26:56 UTC 2019 /home/travis/build/icyphy/ptII/ptolemy/domains/de/test/auto/CausalityInterface15.xml
----------------- Instantiating /home/travis/build/icyphy/ptII/ptolemy/domains/de/test/auto/CausalityInterface15.xml
2 ms. Memory: 396288K Free: 102483K (26%)
----------------- Invoking toplevel() on ptolemy.moml.MoMLSimpleApplication@14eab87d
----------------- Done invoking toplevel() on ptolemy.moml.MoMLSimpleApplication@14eab87d
reloadAllAccessors: .CausalityInterface15

[...]
java.lang.RuntimeException: Execution failed
	at ptolemy.moml.MoMLSimpleApplication$UnloadThread.run(MoMLSimpleApplication.java:402)
Caused by: ptolemy.kernel.util.IllegalActionException: Test fails in iteration 1.
Value was: 1.0. Should have been: 2.0
  in .DirectFeedback.Test
	at ptolemy.actor.lib.Test.fire(Test.java:268)
	at ptolemy.domains.de.kernel.DEDirector._fire(DEDirector.java:1949)
	at ptolemy.domains.de.kernel.DEDirector.fire(DEDirector.java:502)
	at ptolemy.actor.CompositeActor.fire(CompositeActor.java:455)
	at ptolemy.actor.Manager.iterate(Manager.java:851)
	at ptolemy.actor.Manager.execute(Manager.java:369)
	at ptolemy.actor.Manager.run(Manager.java:1263)
	at ptolemy.actor.Manager$PtolemyRunThread.run(Manager.java:1915)
java.lang.RuntimeException: Execution failed
	at ptolemy.moml.MoMLSimpleApplication$UnloadThread.run(MoMLSimpleApplication.java:402)
Caused by: ptolemy.kernel.util.IllegalActionException: Actor is not ready to fire.  Perhaps UpSample.prefire() returned false? Try debugging the actor by selecting "Listen to Actor".  Also, for SDF check moml for tokenConsumptionRate on input.
  in .DESDFClockTest.Play Bell.Copy1:SDF Director and .DESDFClockTest.Play Bell.UpSample
	at ptolemy.actor.sched.StaticSchedulingDirector.fire(StaticSchedulingDirector.java:227)
	at ptolemy.domains.sdf.kernel.SDFDirector.fire(SDFDirector.java:500)
	at ptolemy.actor.CompositeActor.fire(CompositeActor.java:455)
	at ptolemy.domains.de.kernel.DEDirector._fire(DEDirector.java:1949)
	at ptolemy.domains.de.kernel.DEDirector.fire(DEDirector.java:502)
	at ptolemy.actor.CompositeActor.fire(CompositeActor.java:455)
	at ptolemy.actor.Manager.iterate(Manager.java:851)
	at ptolemy.actor.Manager.execute(Manager.java:369)
	at ptolemy.actor.Manager.run(Manager.java:1263)
	at ptolemy.actor.Manager$PtolemyRunThread.run(Manager.java:1915)
java.lang.reflect.InvocationTargetException
	at sun.reflect.NativeConstructorAccessorImpl.newInstance0(Native Method)
	at sun.reflect.NativeConstructorAccessorImpl.newInstance(NativeConstructorAccessorImpl.java:62)
	at sun.reflect.DelegatingConstructorAccessorImpl.newInstance(DelegatingConstructorAccessorImpl.java:45)
	at java.lang.reflect.Constructor.newInstance(Constructor.java:423)
	at ptolemy.util.test.junit.AutoKnownFailedTests.RunModel(AutoKnownFailedTests.java:105)
	at sun.reflect.NativeMethodAccessorImpl.invoke0(Native Method)
	at sun.reflect.NativeMethodAccessorImpl.invoke(NativeMethodAccessorImpl.java:62)
	at sun.reflect.DelegatingMethodAccessorImpl.invoke(DelegatingMethodAccessorImpl.java:43)
	at java.lang.reflect.Method.invoke(Method.java:498)
	at org.junit.runners.model.FrameworkMethod$1.runReflectiveCall(FrameworkMethod.java:44)
	at org.junit.internal.runners.model.ReflectiveCallable.run(ReflectiveCallable.java:15)
	at org.junit.runners.model.FrameworkMethod.invokeExplosively(FrameworkMethod.java:41)
	at junitparams.internal.InvokeParameterisedMethod.evaluate(InvokeParameterisedMethod.java:102)
	at org.junit.internal.runners.statements.FailOnTimeout$1.run(FailOnTimeout.java:28)
Caused by: ptolemy.kernel.util.IllegalActionException: Actor is not ready to fire.  Perhaps UpSample.prefire() returned false? Try debugging the actor by selecting "Listen to Actor".  Also, for SDF check moml for tokenConsumptionRate on input.
  in .DESDFClockTest.Play Bell.Copy1:SDF Director and .DESDFClockTest.Play Bell.UpSample
	at ptolemy.actor.sched.StaticSchedulingDirector.fire(StaticSchedulingDirector.java:227)
	at ptolemy.domains.sdf.kernel.SDFDirector.fire(SDFDirector.java:500)
	at ptolemy.actor.CompositeActor.fire(CompositeActor.java:455)
	at ptolemy.domains.de.kernel.DEDirector._fire(DEDirector.java:1949)
	at ptolemy.domains.de.kernel.DEDirector.fire(DEDirector.java:502)
	at ptolemy.actor.CompositeActor.fire(CompositeActor.java:455)
	at ptolemy.actor.Manager.iterate(Manager.java:851)
	at ptolemy.actor.Manager.execute(Manager.java:369)
	at ptolemy.actor.Manager.run(Manager.java:1263)
	at ptolemy.actor.Manager$PtolemyRunThread.run(Manager.java:1915)
java.lang.RuntimeException: Execution failed
	at ptolemy.moml.MoMLSimpleApplication$UnloadThread.run(MoMLSimpleApplication.java:402)
Caused by: ptolemy.kernel.util.IllegalActionException: Test fails in iteration 1.
Value was: 1.0. Should have been: 2.0
  in .DirectFeedback.Test
	at ptolemy.actor.lib.Test.fire(Test.java:268)
	at ptolemy.domains.de.kernel.DEDirector._fire(DEDirector.java:1949)
	at ptolemy.domains.de.kernel.DEDirector.fire(DEDirector.java:502)
	at ptolemy.actor.CompositeActor.fire(CompositeActor.java:455)
	at ptolemy.actor.Manager.iterate(Manager.java:851)
	at ptolemy.actor.Manager.execute(Manager.java:369)
	at ptolemy.actor.Manager.run(Manager.java:1263)
	at ptolemy.actor.Manager$PtolemyRunThread.run(Manager.java:1915)
java.lang.reflect.InvocationTargetException
	at sun.reflect.NativeConstructorAccessorImpl.newInstance0(Native Method)
	at sun.reflect.NativeConstructorAccessorImpl.newInstance(NativeConstructorAccessorImpl.java:62)
	at sun.reflect.DelegatingConstructorAccessorImpl.newInstance(DelegatingConstructorAccessorImpl.java:45)
	at java.lang.reflect.Constructor.newInstance(Constructor.java:423)
	at ptolemy.util.test.junit.AutoKnownFailedTests.RunModel(AutoKnownFailedTests.java:105)
	at sun.reflect.NativeMethodAccessorImpl.invoke0(Native Method)
	at sun.reflect.NativeMethodAccessorImpl.invoke(NativeMethodAccessorImpl.java:62)
	at sun.reflect.DelegatingMethodAccessorImpl.invoke(DelegatingMethodAccessorImpl.java:43)
	at java.lang.reflect.Method.invoke(Method.java:498)
	at org.junit.runners.model.FrameworkMethod$1.runReflectiveCall(FrameworkMethod.java:44)
	at org.junit.internal.runners.model.ReflectiveCallable.run(ReflectiveCallable.java:15)
	at org.junit.runners.model.FrameworkMethod.invokeExplosively(FrameworkMethod.java:41)
	at junitparams.internal.InvokeParameterisedMethod.evaluate(InvokeParameterisedMethod.java:102)
	at org.junit.internal.runners.statements.FailOnTimeout$1.run(FailOnTimeout.java:28)
Caused by: ptolemy.kernel.util.IllegalActionException: Test fails in iteration 1.
Value was: 1.0. Should have been: 2.0
  in .DirectFeedback.Test
	at ptolemy.actor.lib.Test.fire(Test.java:268)
	at ptolemy.domains.de.kernel.DEDirector._fire(DEDirector.java:1949)
	at ptolemy.domains.de.kernel.DEDirector.fire(DEDirector.java:502)
	at ptolemy.actor.CompositeActor.fire(CompositeActor.java:455)
	at ptolemy.actor.Manager.iterate(Manager.java:851)
	at ptolemy.actor.Manager.execute(Manager.java:369)
	at ptolemy.actor.Manager.run(Manager.java:1263)
	at ptolemy.actor.Manager$PtolemyRunThread.run(Manager.java:1915)
java.lang.RuntimeException: Execution failed
	at ptolemy.moml.MoMLSimpleApplication$UnloadThread.run(MoMLSimpleApplication.java:402)
Caused by: ptolemy.kernel.util.IllegalActionException: Found a zero delay loop containing .HierarchicalModel.A
  in .HierarchicalModel and .HierarchicalModel.A
	at ptolemy.actor.util.CausalityInterfaceForComposites._computeOutputPortDepth(CausalityInterfaceForComposites.java:759)
	at ptolemy.actor.util.CausalityInterfaceForComposites._computeInputDepth(CausalityInterfaceForComposites.java:696)
	at ptolemy.actor.util.CausalityInterfaceForComposites._computeOutputPortDepth(CausalityInterfaceForComposites.java:765)
	at ptolemy.actor.util.CausalityInterfaceForComposites._computeInputDepth(CausalityInterfaceForComposites.java:696)
	at ptolemy.actor.util.CausalityInterfaceForComposites._computeOutputPortDepth(CausalityInterfaceForComposites.java:765)
	at ptolemy.actor.util.CausalityInterfaceForComposites._computeInputDepth(CausalityInterfaceForComposites.java:696)
	at ptolemy.actor.util.CausalityInterfaceForComposites._computeActorDepth(CausalityInterfaceForComposites.java:532)
	at ptolemy.actor.util.CausalityInterfaceForComposites.checkForCycles(CausalityInterfaceForComposites.java:96)
	at ptolemy.domains.de.kernel.DEDirector.preinitialize(DEDirector.java:1338)
	at ptolemy.actor.CompositeActor.preinitialize(CompositeActor.java:1828)
	at ptolemy.actor.Manager.preinitializeAndResolveTypes(Manager.java:1040)
	at ptolemy.actor.Manager.initialize(Manager.java:710)
	at ptolemy.actor.Manager.execute(Manager.java:356)
	at ptolemy.actor.Manager.run(Manager.java:1263)
	at ptolemy.actor.Manager$PtolemyRunThread.run(Manager.java:1915)
java.lang.reflect.InvocationTargetException
	at sun.reflect.NativeConstructorAccessorImpl.newInstance0(Native Method)
	at sun.reflect.NativeConstructorAccessorImpl.newInstance(NativeConstructorAccessorImpl.java:62)
	at sun.reflect.DelegatingConstructorAccessorImpl.newInstance(DelegatingConstructorAccessorImpl.java:45)
	at java.lang.reflect.Constructor.newInstance(Constructor.java:423)
	at ptolemy.util.test.junit.AutoKnownFailedTests.RunModel(AutoKnownFailedTests.java:105)
	at sun.reflect.NativeMethodAccessorImpl.invoke0(Native Method)
	at sun.reflect.NativeMethodAccessorImpl.invoke(NativeMethodAccessorImpl.java:62)
	at sun.reflect.DelegatingMethodAccessorImpl.invoke(DelegatingMethodAccessorImpl.java:43)
	at java.lang.reflect.Method.invoke(Method.java:498)
	at org.junit.runners.model.FrameworkMethod$1.runReflectiveCall(FrameworkMethod.java:44)
	at org.junit.internal.runners.model.ReflectiveCallable.run(ReflectiveCallable.java:15)
	at org.junit.runners.model.FrameworkMethod.invokeExplosively(FrameworkMethod.java:41)
	at junitparams.internal.InvokeParameterisedMethod.evaluate(InvokeParameterisedMethod.java:102)
	at org.junit.internal.runners.statements.FailOnTimeout$1.run(FailOnTimeout.java:28)
Caused by: ptolemy.kernel.util.IllegalActionException: Found a zero delay loop containing .HierarchicalModel.A
  in .HierarchicalModel and .HierarchicalModel.A
	at ptolemy.actor.util.CausalityInterfaceForComposites._computeOutputPortDepth(CausalityInterfaceForComposites.java:759)
	at ptolemy.actor.util.CausalityInterfaceForComposites._computeInputDepth(CausalityInterfaceForComposites.java:696)
	at ptolemy.actor.util.CausalityInterfaceForComposites._computeOutputPortDepth(CausalityInterfaceForComposites.java:765)
	at ptolemy.actor.util.CausalityInterfaceForComposites._computeInputDepth(CausalityInterfaceForComposites.java:696)
	at ptolemy.actor.util.CausalityInterfaceForComposites._computeOutputPortDepth(CausalityInterfaceForComposites.java:765)
	at ptolemy.actor.util.CausalityInterfaceForComposites._computeInputDepth(CausalityInterfaceForComposites.java:696)
	at ptolemy.actor.util.CausalityInterfaceForComposites._computeActorDepth(CausalityInterfaceForComposites.java:532)
	at ptolemy.actor.util.CausalityInterfaceForComposites.checkForCycles(CausalityInterfaceForComposites.java:96)
	at ptolemy.domains.de.kernel.DEDirector.preinitialize(DEDirector.java:1338)
	at ptolemy.actor.CompositeActor.preinitialize(CompositeActor.java:1828)
	at ptolemy.actor.Manager.preinitializeAndResolveTypes(Manager.java:1040)
	at ptolemy.actor.Manager.initialize(Manager.java:710)
	at ptolemy.actor.Manager.execute(Manager.java:356)
	at ptolemy.actor.Manager.run(Manager.java:1263)
	at ptolemy.actor.Manager$PtolemyRunThread.run(Manager.java:1915)
java.lang.RuntimeException: Execution failed
	at ptolemy.moml.MoMLSimpleApplication$UnloadThread.run(MoMLSimpleApplication.java:402)
Caused by: ptolemy.kernel.util.IllegalActionException: Found a zero delay loop containing .dependencyLoop.original
  in .dependencyLoop and .dependencyLoop.original
	at ptolemy.actor.util.CausalityInterfaceForComposites._computeOutputPortDepth(CausalityInterfaceForComposites.java:759)
	at ptolemy.actor.util.CausalityInterfaceForComposites._computeInputDepth(CausalityInterfaceForComposites.java:696)
	at ptolemy.actor.util.CausalityInterfaceForComposites._computeOutputPortDepth(CausalityInterfaceForComposites.java:765)
	at ptolemy.actor.util.CausalityInterfaceForComposites._computeInputDepth(CausalityInterfaceForComposites.java:696)
	at ptolemy.actor.util.CausalityInterfaceForComposites._computeOutputPortDepth(CausalityInterfaceForComposites.java:765)
	at ptolemy.actor.util.CausalityInterfaceForComposites._computeInputDepth(CausalityInterfaceForComposites.java:696)
	at ptolemy.actor.util.CausalityInterfaceForComposites._computeActorDepth(CausalityInterfaceForComposites.java:532)
	at ptolemy.actor.util.CausalityInterfaceForComposites.checkForCycles(CausalityInterfaceForComposites.java:96)
	at ptolemy.domains.de.kernel.DEDirector.preinitialize(DEDirector.java:1338)
	at ptolemy.actor.CompositeActor.preinitialize(CompositeActor.java:1828)
	at ptolemy.actor.Manager.preinitializeAndResolveTypes(Manager.java:1040)
	at ptolemy.actor.Manager.initialize(Manager.java:710)
	at ptolemy.actor.Manager.execute(Manager.java:356)
	at ptolemy.actor.Manager.run(Manager.java:1263)
	at ptolemy.actor.Manager$PtolemyRunThread.run(Manager.java:1915)
java.lang.reflect.InvocationTargetException
	at sun.reflect.NativeConstructorAccessorImpl.newInstance0(Native Method)
	at sun.reflect.NativeConstructorAccessorImpl.newInstance(NativeConstructorAccessorImpl.java:62)
	at sun.reflect.DelegatingConstructorAccessorImpl.newInstance(DelegatingConstructorAccessorImpl.java:45)
	at java.lang.reflect.Constructor.newInstance(Constructor.java:423)
	at ptolemy.util.test.junit.AutoKnownFailedTests.RunModel(AutoKnownFailedTests.java:105)
	at sun.reflect.NativeMethodAccessorImpl.invoke0(Native Method)
	at sun.reflect.NativeMethodAccessorImpl.invoke(NativeMethodAccessorImpl.java:62)
	at sun.reflect.DelegatingMethodAccessorImpl.invoke(DelegatingMethodAccessorImpl.java:43)
	at java.lang.reflect.Method.invoke(Method.java:498)
	at org.junit.runners.model.FrameworkMethod$1.runReflectiveCall(FrameworkMethod.java:44)
	at org.junit.internal.runners.model.ReflectiveCallable.run(ReflectiveCallable.java:15)
	at org.junit.runners.model.FrameworkMethod.invokeExplosively(FrameworkMethod.java:41)
	at junitparams.internal.InvokeParameterisedMethod.evaluate(InvokeParameterisedMethod.java:102)
	at org.junit.internal.runners.statements.FailOnTimeout$1.run(FailOnTimeout.java:28)
Caused by: ptolemy.kernel.util.IllegalActionException: Found a zero delay loop containing .dependencyLoop.original
  in .dependencyLoop and .dependencyLoop.original
	at ptolemy.actor.util.CausalityInterfaceForComposites._computeOutputPortDepth(CausalityInterfaceForComposites.java:759)
	at ptolemy.actor.util.CausalityInterfaceForComposites._computeInputDepth(CausalityInterfaceForComposites.java:696)
	at ptolemy.actor.util.CausalityInterfaceForComposites._computeOutputPortDepth(CausalityInterfaceForComposites.java:765)
	at ptolemy.actor.util.CausalityInterfaceForComposites._computeInputDepth(CausalityInterfaceForComposites.java:696)
	at ptolemy.actor.util.CausalityInterfaceForComposites._computeOutputPortDepth(CausalityInterfaceForComposites.java:765)
	at ptolemy.actor.util.CausalityInterfaceForComposites._computeInputDepth(CausalityInterfaceForComposites.java:696)
	at ptolemy.actor.util.CausalityInterfaceForComposites._computeActorDepth(CausalityInterfaceForComposites.java:532)
	at ptolemy.actor.util.CausalityInterfaceForComposites.checkForCycles(CausalityInterfaceForComposites.java:96)
	at ptolemy.domains.de.kernel.DEDirector.preinitialize(DEDirector.java:1338)
	at ptolemy.actor.CompositeActor.preinitialize(CompositeActor.java:1828)
	at ptolemy.actor.Manager.preinitializeAndResolveTypes(Manager.java:1040)
	at ptolemy.actor.Manager.initialize(Manager.java:710)
	at ptolemy.actor.Manager.execute(Manager.java:356)
	at ptolemy.actor.Manager.run(Manager.java:1263)
	at ptolemy.actor.Manager$PtolemyRunThread.run(Manager.java:1915)
java.lang.RuntimeException: Execution failed
	at ptolemy.moml.MoMLSimpleApplication$UnloadThread.run(MoMLSimpleApplication.java:402)
Caused by: ptolemy.kernel.util.IllegalActionException: Found a zero delay loop containing .dependencyLoop2.original
  in .dependencyLoop2 and .dependencyLoop2.original
	at ptolemy.actor.util.CausalityInterfaceForComposites._computeOutputPortDepth(CausalityInterfaceForComposites.java:759)
	at ptolemy.actor.util.CausalityInterfaceForComposites._computeInputDepth(CausalityInterfaceForComposites.java:696)
	at ptolemy.actor.util.CausalityInterfaceForComposites._computeOutputPortDepth(CausalityInterfaceForComposites.java:765)
	at ptolemy.actor.util.CausalityInterfaceForComposites._computeInputDepth(CausalityInterfaceForComposites.java:696)
	at ptolemy.actor.util.CausalityInterfaceForComposites._computeOutputPortDepth(CausalityInterfaceForComposites.java:765)
	at ptolemy.actor.util.CausalityInterfaceForComposites._computeInputDepth(CausalityInterfaceForComposites.java:696)
	at ptolemy.actor.util.CausalityInterfaceForComposites._computeActorDepth(CausalityInterfaceForComposites.java:532)
	at ptolemy.actor.util.CausalityInterfaceForComposites.checkForCycles(CausalityInterfaceForComposites.java:96)
	at ptolemy.domains.de.kernel.DEDirector.preinitialize(DEDirector.java:1338)
	at ptolemy.actor.CompositeActor.preinitialize(CompositeActor.java:1828)
	at ptolemy.actor.Manager.preinitializeAndResolveTypes(Manager.java:1040)
	at ptolemy.actor.Manager.initialize(Manager.java:710)
	at ptolemy.actor.Manager.execute(Manager.java:356)
	at ptolemy.actor.Manager.run(Manager.java:1263)
	at ptolemy.actor.Manager$PtolemyRunThread.run(Manager.java:1915)
java.lang.reflect.InvocationTargetException
	at sun.reflect.NativeConstructorAccessorImpl.newInstance0(Native Method)
	at sun.reflect.NativeConstructorAccessorImpl.newInstance(NativeConstructorAccessorImpl.java:62)
	at sun.reflect.DelegatingConstructorAccessorImpl.newInstance(DelegatingConstructorAccessorImpl.java:45)
	at java.lang.reflect.Constructor.newInstance(Constructor.java:423)
	at ptolemy.util.test.junit.AutoKnownFailedTests.RunModel(AutoKnownFailedTests.java:105)
	at sun.reflect.NativeMethodAccessorImpl.invoke0(Native Method)
	at sun.reflect.NativeMethodAccessorImpl.invoke(NativeMethodAccessorImpl.java:62)
	at sun.reflect.DelegatingMethodAccessorImpl.invoke(DelegatingMethodAccessorImpl.java:43)
	at java.lang.reflect.Method.invoke(Method.java:498)
	at org.junit.runners.model.FrameworkMethod$1.runReflectiveCall(FrameworkMethod.java:44)
	at org.junit.internal.runners.model.ReflectiveCallable.run(ReflectiveCallable.java:15)
	at org.junit.runners.model.FrameworkMethod.invokeExplosively(FrameworkMethod.java:41)
	at junitparams.internal.InvokeParameterisedMethod.evaluate(InvokeParameterisedMethod.java:102)
	at org.junit.internal.runners.statements.FailOnTimeout$1.run(FailOnTimeout.java:28)
Caused by: ptolemy.kernel.util.IllegalActionException: Found a zero delay loop containing .dependencyLoop2.original
  in .dependencyLoop2 and .dependencyLoop2.original
	at ptolemy.actor.util.CausalityInterfaceForComposites._computeOutputPortDepth(CausalityInterfaceForComposites.java:759)
	at ptolemy.actor.util.CausalityInterfaceForComposites._computeInputDepth(CausalityInterfaceForComposites.java:696)
	at ptolemy.actor.util.CausalityInterfaceForComposites._computeOutputPortDepth(CausalityInterfaceForComposites.java:765)
	at ptolemy.actor.util.CausalityInterfaceForComposites._computeInputDepth(CausalityInterfaceForComposites.java:696)
	at ptolemy.actor.util.CausalityInterfaceForComposites._computeOutputPortDepth(CausalityInterfaceForComposites.java:765)
	at ptolemy.actor.util.CausalityInterfaceForComposites._computeInputDepth(CausalityInterfaceForComposites.java:696)
	at ptolemy.actor.util.CausalityInterfaceForComposites._computeActorDepth(CausalityInterfaceForComposites.java:532)
	at ptolemy.actor.util.CausalityInterfaceForComposites.checkForCycles(CausalityInterfaceForComposites.java:96)
	at ptolemy.domains.de.kernel.DEDirector.preinitialize(DEDirector.java:1338)
	at ptolemy.actor.CompositeActor.preinitialize(CompositeActor.java:1828)
	at ptolemy.actor.Manager.preinitializeAndResolveTypes(Manager.java:1040)
	at ptolemy.actor.Manager.initialize(Manager.java:710)
	at ptolemy.actor.Manager.execute(Manager.java:356)
	at ptolemy.actor.Manager.run(Manager.java:1263)
	at ptolemy.actor.Manager$PtolemyRunThread.run(Manager.java:1915)
]]></system-err>
</testsuite>
