<?xml version="1.0" encoding="UTF-8" ?>
<testsuite errors="0" failures="0" hostname="travis-job-beab177b-60a6-4b1d-8dba-4e63422989de" name="ptolemy.domains.continuous.test.junit.JUnitTclTest" skipped="0" tests="156" time="73.132" timestamp="2020-07-15T15:07:12">
  <properties>
[...]
</properties>
  <testcase classname="ptolemy.util.test.junit.TclTests" name="[0] ThereAreNoTclTests (RunTclFile)" time="0.02" />
  <testcase classname="ptolemy.util.test.junit.AutoKnownFailedTests" name="[0] ThereAreNoKnowFailedTests (RunModel)" time="0.003" />
  <testcase classname="ptolemy.util.test.junit.AutoNameArchTests" name="[0] ThereAreNoAutoArchTests (RunModel)" time="0.027" />
  <testcase classname="ptolemy.util.test.junit.AutoTests" name="[0] /home/travis/build/icyphy/ptII/ptolemy/domains/continuous/test/auto/BouncingBall.xml (RunModel)" time="3.222" />
  <testcase classname="ptolemy.util.test.junit.AutoTests" name="[1] /home/travis/build/icyphy/ptII/ptolemy/domains/continuous/test/auto/BouncingBallWithoutGR.xml (RunModel)" time="0.939" />
  <testcase classname="ptolemy.util.test.junit.AutoTests" name="[2] /home/travis/build/icyphy/ptII/ptolemy/domains/continuous/test/auto/Brownian.xml (RunModel)" time="0.076" />
  <testcase classname="ptolemy.util.test.junit.AutoTests" name="[3] /home/travis/build/icyphy/ptII/ptolemy/domains/continuous/test/auto/CarTracking.xml (RunModel)" time="4.619" />
  <testcase classname="ptolemy.util.test.junit.AutoTests" name="[4] /home/travis/build/icyphy/ptII/ptolemy/domains/continuous/test/auto/CartPendulum.xml (RunModel)" time="0.581" />
  <testcase classname="ptolemy.util.test.junit.AutoTests" name="[5] /home/travis/build/icyphy/ptII/ptolemy/domains/continuous/test/auto/CausalityInterface10.xml (RunModel)" time="0.06" />
  <testcase classname="ptolemy.util.test.junit.AutoTests" name="[6] /home/travis/build/icyphy/ptII/ptolemy/domains/continuous/test/auto/CausalityInterface11.xml (RunModel)" time="0.037" />
  <testcase classname="ptolemy.util.test.junit.AutoTests" name="[7] /home/travis/build/icyphy/ptII/ptolemy/domains/continuous/test/auto/CausalityInterface12.xml (RunModel)" time="0.032" />
  <testcase classname="ptolemy.util.test.junit.AutoTests" name="[8] /home/travis/build/icyphy/ptII/ptolemy/domains/continuous/test/auto/CausalityInterface13.xml (RunModel)" time="0.039" />
  <testcase classname="ptolemy.util.test.junit.AutoTests" name="[9] /home/travis/build/icyphy/ptII/ptolemy/domains/continuous/test/auto/CausalityInterface14.xml (RunModel)" time="0.028" />
  <testcase classname="ptolemy.util.test.junit.AutoTests" name="[10] /home/travis/build/icyphy/ptII/ptolemy/domains/continuous/test/auto/CausalityInterface4.xml (RunModel)" time="0.035" />
  <testcase classname="ptolemy.util.test.junit.AutoTests" name="[11] /home/travis/build/icyphy/ptII/ptolemy/domains/continuous/test/auto/CausalityInterface5.xml (RunModel)" time="0.037" />
  <testcase classname="ptolemy.util.test.junit.AutoTests" name="[12] /home/travis/build/icyphy/ptII/ptolemy/domains/continuous/test/auto/CausalityInterface6.xml (RunModel)" time="0.03" />
  <testcase classname="ptolemy.util.test.junit.AutoTests" name="[13] /home/travis/build/icyphy/ptII/ptolemy/domains/continuous/test/auto/CausalityInterface7.xml (RunModel)" time="0.042" />
  <testcase classname="ptolemy.util.test.junit.AutoTests" name="[14] /home/travis/build/icyphy/ptII/ptolemy/domains/continuous/test/auto/CausalityInterface8.xml (RunModel)" time="0.044" />
  <testcase classname="ptolemy.util.test.junit.AutoTests" name="[15] /home/travis/build/icyphy/ptII/ptolemy/domains/continuous/test/auto/CausalityInterface9.xml (RunModel)" time="0.054" />
  <testcase classname="ptolemy.util.test.junit.AutoTests" name="[16] /home/travis/build/icyphy/ptII/ptolemy/domains/continuous/test/auto/CausalityInterfaceFeedback1.xml (RunModel)" time="0.033" />
  <testcase classname="ptolemy.util.test.junit.AutoTests" name="[17] /home/travis/build/icyphy/ptII/ptolemy/domains/continuous/test/auto/CausalityInterfaceFeedback2.xml (RunModel)" time="0.042" />
  <testcase classname="ptolemy.util.test.junit.AutoTests" name="[18] /home/travis/build/icyphy/ptII/ptolemy/domains/continuous/test/auto/CompareWithCurrentTime.xml (RunModel)" time="0.022" />
  <testcase classname="ptolemy.util.test.junit.AutoTests" name="[19] /home/travis/build/icyphy/ptII/ptolemy/domains/continuous/test/auto/ComparedClocks.xml (RunModel)" time="0.094" />
  <testcase classname="ptolemy.util.test.junit.AutoTests" name="[20] /home/travis/build/icyphy/ptII/ptolemy/domains/continuous/test/auto/ContinuousAOCClone.xml (RunModel)" time="2.745" />
  <testcase classname="ptolemy.util.test.junit.AutoTests" name="[21] /home/travis/build/icyphy/ptII/ptolemy/domains/continuous/test/auto/ContinuousClock.xml (RunModel)" time="0.079" />
  <testcase classname="ptolemy.util.test.junit.AutoTests" name="[22] /home/travis/build/icyphy/ptII/ptolemy/domains/continuous/test/auto/ContinuousInContinuous.xml (RunModel)" time="0.091" />
  <testcase classname="ptolemy.util.test.junit.AutoTests" name="[23] /home/travis/build/icyphy/ptII/ptolemy/domains/continuous/test/auto/ContinuousInContinuousInContinuous.xml (RunModel)" time="0.021" />
  <testcase classname="ptolemy.util.test.junit.AutoTests" name="[24] /home/travis/build/icyphy/ptII/ptolemy/domains/continuous/test/auto/ContinuousInDE.xml (RunModel)" time="0.081" />
  <testcase classname="ptolemy.util.test.junit.AutoTests" name="[25] /home/travis/build/icyphy/ptII/ptolemy/domains/continuous/test/auto/ContinuousInDE2.xml (RunModel)" time="0.054" />
  <testcase classname="ptolemy.util.test.junit.AutoTests" name="[26] /home/travis/build/icyphy/ptII/ptolemy/domains/continuous/test/auto/ContinuousInDE3.xml (RunModel)" time="0.056" />
  <testcase classname="ptolemy.util.test.junit.AutoTests" name="[27] /home/travis/build/icyphy/ptII/ptolemy/domains/continuous/test/auto/ContinuousInDE4.xml (RunModel)" time="0.031" />
  <testcase classname="ptolemy.util.test.junit.AutoTests" name="[28] /home/travis/build/icyphy/ptII/ptolemy/domains/continuous/test/auto/ContinuousInDEDifferentRefinements.xml (RunModel)" time="0.119" />
  <testcase classname="ptolemy.util.test.junit.AutoTests" name="[29] /home/travis/build/icyphy/ptII/ptolemy/domains/continuous/test/auto/ContinuousInDEDifferentRefinementsPreemptive.xml (RunModel)" time="0.099" />
  <testcase classname="ptolemy.util.test.junit.AutoTests" name="[30] /home/travis/build/icyphy/ptII/ptolemy/domains/continuous/test/auto/ContinuousInDEInContinuous2.xml (RunModel)" time="0.055" />
  <testcase classname="ptolemy.util.test.junit.AutoTests" name="[31] /home/travis/build/icyphy/ptII/ptolemy/domains/continuous/test/auto/ContinuousInDEInContinuous3.xml (RunModel)" time="0.063" />
  <testcase classname="ptolemy.util.test.junit.AutoTests" name="[32] /home/travis/build/icyphy/ptII/ptolemy/domains/continuous/test/auto/ContinuousInDEInput.xml (RunModel)" time="0.027" />
  <testcase classname="ptolemy.util.test.junit.AutoTests" name="[33] /home/travis/build/icyphy/ptII/ptolemy/domains/continuous/test/auto/ContinuousInDEInput2.xml (RunModel)" time="0.031" />
  <testcase classname="ptolemy.util.test.junit.AutoTests" name="[34] /home/travis/build/icyphy/ptII/ptolemy/domains/continuous/test/auto/ContinuousInDEInput3.xml (RunModel)" time="0.031" />
  <testcase classname="ptolemy.util.test.junit.AutoTests" name="[35] /home/travis/build/icyphy/ptII/ptolemy/domains/continuous/test/auto/ContinuousInDESharingRefinement.xml (RunModel)" time="0.208" />
  <testcase classname="ptolemy.util.test.junit.AutoTests" name="[36] /home/travis/build/icyphy/ptII/ptolemy/domains/continuous/test/auto/ContinuousInDEwithNoPorts.xml (RunModel)" time="0.023" />
  <testcase classname="ptolemy.util.test.junit.AutoTests" name="[37] /home/travis/build/icyphy/ptII/ptolemy/domains/continuous/test/auto/ContinuousInsideDE.xml (RunModel)" time="0.077" />
  <testcase classname="ptolemy.util.test.junit.AutoTests" name="[38] /home/travis/build/icyphy/ptII/ptolemy/domains/continuous/test/auto/ContinuousMerge1.xml (RunModel)" time="0.016" />
  <testcase classname="ptolemy.util.test.junit.AutoTests" name="[39] /home/travis/build/icyphy/ptII/ptolemy/domains/continuous/test/auto/ContinuousMerge2.xml (RunModel)" time="0.042" />
  <testcase classname="ptolemy.util.test.junit.AutoTests" name="[40] /home/travis/build/icyphy/ptII/ptolemy/domains/continuous/test/auto/ContinuousMerge3.xml (RunModel)" time="0.058" />
  <testcase classname="ptolemy.util.test.junit.AutoTests" name="[41] /home/travis/build/icyphy/ptII/ptolemy/domains/continuous/test/auto/ContinuousWithinContinuous.xml (RunModel)" time="0.047" />
  <testcase classname="ptolemy.util.test.junit.AutoTests" name="[42] /home/travis/build/icyphy/ptII/ptolemy/domains/continuous/test/auto/ContinuousWithinContinuous2.xml (RunModel)" time="0.077" />
  <testcase classname="ptolemy.util.test.junit.AutoTests" name="[43] /home/travis/build/icyphy/ptII/ptolemy/domains/continuous/test/auto/ContinuousWithinContinuous3.xml (RunModel)" time="0.035" />
  <testcase classname="ptolemy.util.test.junit.AutoTests" name="[44] /home/travis/build/icyphy/ptII/ptolemy/domains/continuous/test/auto/ContinuousWithinContinuous4.xml (RunModel)" time="0.091" />
  <testcase classname="ptolemy.util.test.junit.AutoTests" name="[45] /home/travis/build/icyphy/ptII/ptolemy/domains/continuous/test/auto/ContinuousWithinContinuous5.xml (RunModel)" time="0.037" />
  <testcase classname="ptolemy.util.test.junit.AutoTests" name="[46] /home/travis/build/icyphy/ptII/ptolemy/domains/continuous/test/auto/ContinuousWithinContinuous6.xml (RunModel)" time="0.031" />
  <testcase classname="ptolemy.util.test.junit.AutoTests" name="[47] /home/travis/build/icyphy/ptII/ptolemy/domains/continuous/test/auto/ContinuousWithinContinuous7.xml (RunModel)" time="0.059" />
  <testcase classname="ptolemy.util.test.junit.AutoTests" name="[48] /home/travis/build/icyphy/ptII/ptolemy/domains/continuous/test/auto/DCMotor.xml (RunModel)" time="13.938" />
  <testcase classname="ptolemy.util.test.junit.AutoTests" name="[49] /home/travis/build/icyphy/ptII/ptolemy/domains/continuous/test/auto/DEInContinuous.xml (RunModel)" time="0.033" />
  <testcase classname="ptolemy.util.test.junit.AutoTests" name="[50] /home/travis/build/icyphy/ptII/ptolemy/domains/continuous/test/auto/DEinContinuous2.xml (RunModel)" time="0.024" />
  <testcase classname="ptolemy.util.test.junit.AutoTests" name="[51] /home/travis/build/icyphy/ptII/ptolemy/domains/continuous/test/auto/Derivative.xml (RunModel)" time="0.161" />
  <testcase classname="ptolemy.util.test.junit.AutoTests" name="[52] /home/travis/build/icyphy/ptII/ptolemy/domains/continuous/test/auto/Derivative1.xml (RunModel)" time="0.044" />
  <testcase classname="ptolemy.util.test.junit.AutoTests" name="[53] /home/travis/build/icyphy/ptII/ptolemy/domains/continuous/test/auto/DiscreteClock.xml (RunModel)" time="0.013" />
  <testcase classname="ptolemy.util.test.junit.AutoTests" name="[54] /home/travis/build/icyphy/ptII/ptolemy/domains/continuous/test/auto/EfficiencyCurve.xml (RunModel)" time="0.088" />
  <testcase classname="ptolemy.util.test.junit.AutoTests" name="[55] /home/travis/build/icyphy/ptII/ptolemy/domains/continuous/test/auto/ExponentialResponse.xml (RunModel)" time="0.102" />
  <testcase classname="ptolemy.util.test.junit.AutoTests" name="[56] /home/travis/build/icyphy/ptII/ptolemy/domains/continuous/test/auto/ExponentialResponseRK45.xml (RunModel)" time="0.032" />
  <testcase classname="ptolemy.util.test.junit.AutoTests" name="[57] /home/travis/build/icyphy/ptII/ptolemy/domains/continuous/test/auto/Friction.xml (RunModel)" time="1.489" />
  <testcase classname="ptolemy.util.test.junit.AutoTests" name="[58] /home/travis/build/icyphy/ptII/ptolemy/domains/continuous/test/auto/FurutaPendulum.xml (RunModel)" time="3.127" />
  <testcase classname="ptolemy.util.test.junit.AutoTests" name="[59] /home/travis/build/icyphy/ptII/ptolemy/domains/continuous/test/auto/HierarchicalExecution.xml (RunModel)" time="2.211" />
  <testcase classname="ptolemy.util.test.junit.AutoTests" name="[60] /home/travis/build/icyphy/ptII/ptolemy/domains/continuous/test/auto/HybridPlant.xml (RunModel)" time="0.573" />
  <testcase classname="ptolemy.util.test.junit.AutoTests" name="[61] /home/travis/build/icyphy/ptII/ptolemy/domains/continuous/test/auto/Hysteresis.xml (RunModel)" time="0.193" />
  <testcase classname="ptolemy.util.test.junit.AutoTests" name="[62] /home/travis/build/icyphy/ptII/ptolemy/domains/continuous/test/auto/HysteresisWithRandomDelay.xml (RunModel)" time="0.223" />
  <testcase classname="ptolemy.util.test.junit.AutoTests" name="[63] /home/travis/build/icyphy/ptII/ptolemy/domains/continuous/test/auto/HysteresisWithRandomLosses.xml (RunModel)" time="2.448" />
  <testcase classname="ptolemy.util.test.junit.AutoTests" name="[64] /home/travis/build/icyphy/ptII/ptolemy/domains/continuous/test/auto/ImmediateTransitions.xml (RunModel)" time="0.038" />
  <testcase classname="ptolemy.util.test.junit.AutoTests" name="[65] /home/travis/build/icyphy/ptII/ptolemy/domains/continuous/test/auto/ImpulseFeedback.xml (RunModel)" time="0.028" />
  <testcase classname="ptolemy.util.test.junit.AutoTests" name="[66] /home/travis/build/icyphy/ptII/ptolemy/domains/continuous/test/auto/ImpulseFeedback2.xml (RunModel)" time="0.016" />
  <testcase classname="ptolemy.util.test.junit.AutoTests" name="[67] /home/travis/build/icyphy/ptII/ptolemy/domains/continuous/test/auto/IncreasingRatePoisson.xml (RunModel)" time="0.691" />
  <testcase classname="ptolemy.util.test.junit.AutoTests" name="[68] /home/travis/build/icyphy/ptII/ptolemy/domains/continuous/test/auto/InitialStateFeedback.xml (RunModel)" time="0.019" />
  <testcase classname="ptolemy.util.test.junit.AutoTests" name="[69] /home/travis/build/icyphy/ptII/ptolemy/domains/continuous/test/auto/Integration.xml (RunModel)" time="0.009" />
  <testcase classname="ptolemy.util.test.junit.AutoTests" name="[70] /home/travis/build/icyphy/ptII/ptolemy/domains/continuous/test/auto/Integration2.xml (RunModel)" time="0.072" />
  <testcase classname="ptolemy.util.test.junit.AutoTests" name="[71] /home/travis/build/icyphy/ptII/ptolemy/domains/continuous/test/auto/Integration3.xml (RunModel)" time="0.024" />
  <testcase classname="ptolemy.util.test.junit.AutoTests" name="[72] /home/travis/build/icyphy/ptII/ptolemy/domains/continuous/test/auto/Integration5.xml (RunModel)" time="0.011" />
  <testcase classname="ptolemy.util.test.junit.AutoTests" name="[73] /home/travis/build/icyphy/ptII/ptolemy/domains/continuous/test/auto/IntegratorImpulse.xml (RunModel)" time="0.008" />
  <testcase classname="ptolemy.util.test.junit.AutoTests" name="[74] /home/travis/build/icyphy/ptII/ptolemy/domains/continuous/test/auto/IntegratorImpulse2.xml (RunModel)" time="0.015" />
  <testcase classname="ptolemy.util.test.junit.AutoTests" name="[75] /home/travis/build/icyphy/ptII/ptolemy/domains/continuous/test/auto/LevelCrossing1.xml (RunModel)" time="0.011" />
  <testcase classname="ptolemy.util.test.junit.AutoTests" name="[76] /home/travis/build/icyphy/ptII/ptolemy/domains/continuous/test/auto/LevelCrossing2.xml (RunModel)" time="0.013" />
  <testcase classname="ptolemy.util.test.junit.AutoTests" name="[77] /home/travis/build/icyphy/ptII/ptolemy/domains/continuous/test/auto/LevelCrossing3.xml (RunModel)" time="0.016" />
  <testcase classname="ptolemy.util.test.junit.AutoTests" name="[78] /home/travis/build/icyphy/ptII/ptolemy/domains/continuous/test/auto/LevelCrossing4.xml (RunModel)" time="0.014" />
  <testcase classname="ptolemy.util.test.junit.AutoTests" name="[79] /home/travis/build/icyphy/ptII/ptolemy/domains/continuous/test/auto/LevelCrossing5.xml (RunModel)" time="0.017" />
  <testcase classname="ptolemy.util.test.junit.AutoTests" name="[80] /home/travis/build/icyphy/ptII/ptolemy/domains/continuous/test/auto/LevelCrossing6.xml (RunModel)" time="0.016" />
  <testcase classname="ptolemy.util.test.junit.AutoTests" name="[81] /home/travis/build/icyphy/ptII/ptolemy/domains/continuous/test/auto/LevelCrossingDetector.xml (RunModel)" time="0.033" />
  <testcase classname="ptolemy.util.test.junit.AutoTests" name="[82] /home/travis/build/icyphy/ptII/ptolemy/domains/continuous/test/auto/LevelCrossingDetectorDetectingDirections.xml (RunModel)" time="0.083" />
  <testcase classname="ptolemy.util.test.junit.AutoTests" name="[83] /home/travis/build/icyphy/ptII/ptolemy/domains/continuous/test/auto/LevelCrossingDetectorDetectsGlitches.xml (RunModel)" time="0.062" />
  <testcase classname="ptolemy.util.test.junit.AutoTests" name="[84] /home/travis/build/icyphy/ptII/ptolemy/domains/continuous/test/auto/LevelCrossingNoInitialOuput.xml (RunModel)" time="0.013" />
  <testcase classname="ptolemy.util.test.junit.AutoTests" name="[85] /home/travis/build/icyphy/ptII/ptolemy/domains/continuous/test/auto/LinearStateSpaceExample.xml (RunModel)" time="0.059" />
  <testcase classname="ptolemy.util.test.junit.AutoTests" name="[86] /home/travis/build/icyphy/ptII/ptolemy/domains/continuous/test/auto/Lorenz.xml (RunModel)" time="3.196" />
  <testcase classname="ptolemy.util.test.junit.AutoTests" name="[87] /home/travis/build/icyphy/ptII/ptolemy/domains/continuous/test/auto/LorenzDifferentialSystem.xml (RunModel)" time="0.896" />
  <testcase classname="ptolemy.util.test.junit.AutoTests" name="[88] /home/travis/build/icyphy/ptII/ptolemy/domains/continuous/test/auto/LorenzDifferentialSystemWithInput.xml (RunModel)" time="1.25" />
  <testcase classname="ptolemy.util.test.junit.AutoTests" name="[89] /home/travis/build/icyphy/ptII/ptolemy/domains/continuous/test/auto/LorenzDifferentialSystemWithTime.xml (RunModel)" time="0.616" />
  <testcase classname="ptolemy.util.test.junit.AutoTests" name="[90] /home/travis/build/icyphy/ptII/ptolemy/domains/continuous/test/auto/Microsteps.xml (RunModel)" time="0.025" />
  <testcase classname="ptolemy.util.test.junit.AutoTests" name="[91] /home/travis/build/icyphy/ptII/ptolemy/domains/continuous/test/auto/Modal1.xml (RunModel)" time="0.041" />
  <testcase classname="ptolemy.util.test.junit.AutoTests" name="[92] /home/travis/build/icyphy/ptII/ptolemy/domains/continuous/test/auto/Modal2.xml (RunModel)" time="0.043" />
  <testcase classname="ptolemy.util.test.junit.AutoTests" name="[93] /home/travis/build/icyphy/ptII/ptolemy/domains/continuous/test/auto/ModalTransitionGuardWithReset.xml (RunModel)" time="0.027" />
  <testcase classname="ptolemy.util.test.junit.AutoTests" name="[94] /home/travis/build/icyphy/ptII/ptolemy/domains/continuous/test/auto/ModalTransitionGuardWithResetUsingPreemptiveTransition.xml (RunModel)" time="0.029" />
  <testcase classname="ptolemy.util.test.junit.AutoTests" name="[95] /home/travis/build/icyphy/ptII/ptolemy/domains/continuous/test/auto/ModalTransitionGuardWithResetUsingPreemptiveTransition2.xml (RunModel)" time="0.03" />
  <testcase classname="ptolemy.util.test.junit.AutoTests" name="[96] /home/travis/build/icyphy/ptII/ptolemy/domains/continuous/test/auto/ModalTransitionGuardWithResetUsingPreemptiveTransition3.xml (RunModel)" time="0.032" />
  <testcase classname="ptolemy.util.test.junit.AutoTests" name="[97] /home/travis/build/icyphy/ptII/ptolemy/domains/continuous/test/auto/NewtonsCradle.xml (RunModel)" time="0.802" />
  <testcase classname="ptolemy.util.test.junit.AutoTests" name="[98] /home/travis/build/icyphy/ptII/ptolemy/domains/continuous/test/auto/NewtonsCradleAnimated.xml (RunModel)" time="1.198" />
  <testcase classname="ptolemy.util.test.junit.AutoTests" name="[99] /home/travis/build/icyphy/ptII/ptolemy/domains/continuous/test/auto/NewtonsCradleComplicated.xml (RunModel)" time="0.893" />
  <testcase classname="ptolemy.util.test.junit.AutoTests" name="[100] /home/travis/build/icyphy/ptII/ptolemy/domains/continuous/test/auto/NewtonsCradleNondeterministic.xml (RunModel)" time="0.731" />
  <testcase classname="ptolemy.util.test.junit.AutoTests" name="[101] /home/travis/build/icyphy/ptII/ptolemy/domains/continuous/test/auto/NewtonsCradlePerfectlyInelastic1.xml (RunModel)" time="1.245" />
  <testcase classname="ptolemy.util.test.junit.AutoTests" name="[102] /home/travis/build/icyphy/ptII/ptolemy/domains/continuous/test/auto/Noise.xml (RunModel)" time="0.177" />
  <testcase classname="ptolemy.util.test.junit.AutoTests" name="[103] /home/travis/build/icyphy/ptII/ptolemy/domains/continuous/test/auto/NoiseSpectrum.xml (RunModel)" time="0.675" />
  <testcase classname="ptolemy.util.test.junit.AutoTests" name="[104] /home/travis/build/icyphy/ptII/ptolemy/domains/continuous/test/auto/ParameterizedNewtonsCradleAnimated.xml (RunModel)" time="0.354" />
  <testcase classname="ptolemy.util.test.junit.AutoTests" name="[105] /home/travis/build/icyphy/ptII/ptolemy/domains/continuous/test/auto/ParameterizedNewtonsCradleAnimatedNondeterministic.xml (RunModel)" time="1.079" />
  <testcase classname="ptolemy.util.test.junit.AutoTests" name="[106] /home/travis/build/icyphy/ptII/ptolemy/domains/continuous/test/auto/Pendulum3D.xml (RunModel)" time="0.163" />
  <testcase classname="ptolemy.util.test.junit.AutoTests" name="[107] /home/travis/build/icyphy/ptII/ptolemy/domains/continuous/test/auto/PeriodicSampler.xml (RunModel)" time="0.015" />
  <testcase classname="ptolemy.util.test.junit.AutoTests" name="[108] /home/travis/build/icyphy/ptII/ptolemy/domains/continuous/test/auto/PeriodicSampler1.xml (RunModel)" time="0.039" />
  <testcase classname="ptolemy.util.test.junit.AutoTests" name="[109] /home/travis/build/icyphy/ptII/ptolemy/domains/continuous/test/auto/PeriodicSampler2.xml (RunModel)" time="0.075" />
  <testcase classname="ptolemy.util.test.junit.AutoTests" name="[110] /home/travis/build/icyphy/ptII/ptolemy/domains/continuous/test/auto/Poisson.xml (RunModel)" time="0.454" />
  <testcase classname="ptolemy.util.test.junit.AutoTests" name="[111] /home/travis/build/icyphy/ptII/ptolemy/domains/continuous/test/auto/PoissonClock.xml (RunModel)" time="0.018" />
  <testcase classname="ptolemy.util.test.junit.AutoTests" name="[112] /home/travis/build/icyphy/ptII/ptolemy/domains/continuous/test/auto/PoissonClock2.xml (RunModel)" time="0.013" />
  <testcase classname="ptolemy.util.test.junit.AutoTests" name="[113] /home/travis/build/icyphy/ptII/ptolemy/domains/continuous/test/auto/PortParameterHierarchy.xml (RunModel)" time="0.029" />
  <testcase classname="ptolemy.util.test.junit.AutoTests" name="[114] /home/travis/build/icyphy/ptII/ptolemy/domains/continuous/test/auto/RandomHybridPlant.xml (RunModel)" time="0.518" />
  <testcase classname="ptolemy.util.test.junit.AutoTests" name="[115] /home/travis/build/icyphy/ptII/ptolemy/domains/continuous/test/auto/ResetTransitionWithStartTime1.xml (RunModel)" time="0.028" />
  <testcase classname="ptolemy.util.test.junit.AutoTests" name="[116] /home/travis/build/icyphy/ptII/ptolemy/domains/continuous/test/auto/ResetTransitionWithStartTime2.xml (RunModel)" time="0.032" />
  <testcase classname="ptolemy.util.test.junit.AutoTests" name="[117] /home/travis/build/icyphy/ptII/ptolemy/domains/continuous/test/auto/ResetTransitionWithStartTime3.xml (RunModel)" time="0.035" />
  <testcase classname="ptolemy.util.test.junit.AutoTests" name="[118] /home/travis/build/icyphy/ptII/ptolemy/domains/continuous/test/auto/ResetTransitionWithStartTime4.xml (RunModel)" time="0.023" />
  <testcase classname="ptolemy.util.test.junit.AutoTests" name="[119] /home/travis/build/icyphy/ptII/ptolemy/domains/continuous/test/auto/ResetTransitionWithStartTime5.xml (RunModel)" time="0.031" />
  <testcase classname="ptolemy.util.test.junit.AutoTests" name="[120] /home/travis/build/icyphy/ptII/ptolemy/domains/continuous/test/auto/ResetTransitionWithStartTime6.xml (RunModel)" time="0.024" />
  <testcase classname="ptolemy.util.test.junit.AutoTests" name="[121] /home/travis/build/icyphy/ptII/ptolemy/domains/continuous/test/auto/SRinContinuous.xml (RunModel)" time="0.02" />
  <testcase classname="ptolemy.util.test.junit.AutoTests" name="[122] /home/travis/build/icyphy/ptII/ptolemy/domains/continuous/test/auto/SampledClocks.xml (RunModel)" time="0.032" />
  <testcase classname="ptolemy.util.test.junit.AutoTests" name="[123] /home/travis/build/icyphy/ptII/ptolemy/domains/continuous/test/auto/Satellite.xml (RunModel)" time="0.776" />
  <testcase classname="ptolemy.util.test.junit.AutoTests" name="[124] /home/travis/build/icyphy/ptII/ptolemy/domains/continuous/test/auto/SigmaDelta.xml (RunModel)" time="2.109" />
  <testcase classname="ptolemy.util.test.junit.AutoTests" name="[125] /home/travis/build/icyphy/ptII/ptolemy/domains/continuous/test/auto/SingleRefinement.xml (RunModel)" time="0.586" />
  <testcase classname="ptolemy.util.test.junit.AutoTests" name="[126] /home/travis/build/icyphy/ptII/ptolemy/domains/continuous/test/auto/SinuBouncingBall.xml (RunModel)" time="0.866" />
  <testcase classname="ptolemy.util.test.junit.AutoTests" name="[127] /home/travis/build/icyphy/ptII/ptolemy/domains/continuous/test/auto/Sinusoid.xml (RunModel)" time="0.015" />
  <testcase classname="ptolemy.util.test.junit.AutoTests" name="[128] /home/travis/build/icyphy/ptII/ptolemy/domains/continuous/test/auto/SinusoidInNoise.xml (RunModel)" time="0.905" />
  <testcase classname="ptolemy.util.test.junit.AutoTests" name="[129] /home/travis/build/icyphy/ptII/ptolemy/domains/continuous/test/auto/SinusoidRK45.xml (RunModel)" time="0.01" />
  <testcase classname="ptolemy.util.test.junit.AutoTests" name="[130] /home/travis/build/icyphy/ptII/ptolemy/domains/continuous/test/auto/SinusoidWithMultipleImpulses.xml (RunModel)" time="0.011" />
  <testcase classname="ptolemy.util.test.junit.AutoTests" name="[131] /home/travis/build/icyphy/ptII/ptolemy/domains/continuous/test/auto/SquareWave.xml (RunModel)" time="0.177" />
  <testcase classname="ptolemy.util.test.junit.AutoTests" name="[132] /home/travis/build/icyphy/ptII/ptolemy/domains/continuous/test/auto/Starmac.xml (RunModel)" time="3.373" />
  <testcase classname="ptolemy.util.test.junit.AutoTests" name="[133] /home/travis/build/icyphy/ptII/ptolemy/domains/continuous/test/auto/StaticUnits.xml (RunModel)" time="2.38" />
  <testcase classname="ptolemy.util.test.junit.AutoTests" name="[134] /home/travis/build/icyphy/ptII/ptolemy/domains/continuous/test/auto/StickyMasses.xml (RunModel)" time="0.185" />
  <testcase classname="ptolemy.util.test.junit.AutoTests" name="[135] /home/travis/build/icyphy/ptII/ptolemy/domains/continuous/test/auto/StopTime.xml (RunModel)" time="0.07" />
  <testcase classname="ptolemy.util.test.junit.AutoTests" name="[136] /home/travis/build/icyphy/ptII/ptolemy/domains/continuous/test/auto/StopTime2.xml (RunModel)" time="0.06" />
  <testcase classname="ptolemy.util.test.junit.AutoTests" name="[137] /home/travis/build/icyphy/ptII/ptolemy/domains/continuous/test/auto/Switch.xml (RunModel)" time="0.058" />
  <testcase classname="ptolemy.util.test.junit.AutoTests" name="[138] /home/travis/build/icyphy/ptII/ptolemy/domains/continuous/test/auto/Thermostat.xml (RunModel)" time="0.206" />
  <testcase classname="ptolemy.util.test.junit.AutoTests" name="[139] /home/travis/build/icyphy/ptII/ptolemy/domains/continuous/test/auto/TimeDelay.xml (RunModel)" time="0.014" />
  <testcase classname="ptolemy.util.test.junit.AutoTests" name="[140] /home/travis/build/icyphy/ptII/ptolemy/domains/continuous/test/auto/TimeDelay2.xml (RunModel)" time="0.023" />
  <testcase classname="ptolemy.util.test.junit.AutoTests" name="[141] /home/travis/build/icyphy/ptII/ptolemy/domains/continuous/test/auto/TimeDelay3.xml (RunModel)" time="0.01" />
  <testcase classname="ptolemy.util.test.junit.AutoTests" name="[142] /home/travis/build/icyphy/ptII/ptolemy/domains/continuous/test/auto/TransferAbsentToInside.xml (RunModel)" time="0.137" />
  <testcase classname="ptolemy.util.test.junit.AutoTests" name="[143] /home/travis/build/icyphy/ptII/ptolemy/domains/continuous/test/auto/Transmission.xml (RunModel)" time="0.777" />
  <testcase classname="ptolemy.util.test.junit.AutoTests" name="[144] /home/travis/build/icyphy/ptII/ptolemy/domains/continuous/test/auto/TriggeredContinuousClock.xml (RunModel)" time="0.065" />
  <testcase classname="ptolemy.util.test.junit.AutoTests" name="[145] /home/travis/build/icyphy/ptII/ptolemy/domains/continuous/test/auto/TwoMachineInfiniteBusControl.xml (RunModel)" time="2.915" />
  <testcase classname="ptolemy.util.test.junit.AutoTests" name="[146] /home/travis/build/icyphy/ptII/ptolemy/domains/continuous/test/auto/V2V.xml (RunModel)" time="0.817" />
  <testcase classname="ptolemy.util.test.junit.AutoTests" name="[147] /home/travis/build/icyphy/ptII/ptolemy/domains/continuous/test/auto/hierarchicalModalModel.xml (RunModel)" time="0.029" />
  <testcase classname="ptolemy.util.test.junit.AutoTests" name="[148] /home/travis/build/icyphy/ptII/ptolemy/domains/continuous/test/auto/hierarchicalModalModel1.xml (RunModel)" time="0.032" />
  <testcase classname="ptolemy.util.test.junit.AutoTests" name="[149] /home/travis/build/icyphy/ptII/ptolemy/domains/continuous/test/auto/hierarchicalModalModel2.xml (RunModel)" time="0.025" />
  <testcase classname="ptolemy.util.test.junit.AutoTests" name="[150] /home/travis/build/icyphy/ptII/ptolemy/domains/continuous/test/auto/hierarchicalModalModel3.xml (RunModel)" time="0.022" />
  <testcase classname="ptolemy.util.test.junit.AutoTests" name="[151] /home/travis/build/icyphy/ptII/ptolemy/domains/continuous/test/auto/hierarchicalModalModel4.xml (RunModel)" time="0.023" />
  <testcase classname="ptolemy.util.test.junit.AutoTests" name="[152] /home/travis/build/icyphy/ptII/ptolemy/domains/continuous/test/auto/junk.xml (RunModel)" time="0.126" />
  <system-out><![CDATA[No tcl tests in /home/travis/build/icyphy/ptII/ptolemy/domains/continuous/test
No auto/knownFailedTests/*.xml tests in /home/travis/build/icyphy/ptII/ptolemy/domains/continuous/test
No auto/linux-amd64/*.xml tests in /home/travis/build/icyphy/ptII/ptolemy/domains/continuous/test
AutoTests.java: About to close Vertx.
AutoTests.java: Vertx closed.

===========================================================================================
----------------- testing Wed Jul 15 15:07:12 UTC 2020 /home/travis/build/icyphy/ptII/ptolemy/domains/continuous/test/auto/BouncingBall.xml
----------------- Instantiating /home/travis/build/icyphy/ptII/ptolemy/domains/continuous/test/auto/BouncingBall.xml
2498 ms. Memory: 171008K Free: 117473K (69%)
----------------- Invoking toplevel() on ptolemy.moml.MoMLSimpleApplication@3becbc9d
----------------- Done invoking toplevel() on ptolemy.moml.MoMLSimpleApplication@3becbc9d
reloadAllAccessors: .BouncingBall

===========================================================================================
----------------- testing Wed Jul 15 15:07:15 UTC 2020 /home/travis/build/icyphy/ptII/ptolemy/domains/continuous/test/auto/BouncingBallWithoutGR.xml
----------------- Instantiating /home/travis/build/icyphy/ptII/ptolemy/domains/continuous/test/auto/BouncingBallWithoutGR.xml
763 ms. Memory: 171008K Free: 134341K (79%)
----------------- Invoking toplevel() on ptolemy.moml.MoMLSimpleApplication@5d8b554b
----------------- Done invoking toplevel() on ptolemy.moml.MoMLSimpleApplication@5d8b554b
reloadAllAccessors: .BouncingBallWithoutGR

===========================================================================================
----------------- testing Wed Jul 15 15:07:16 UTC 2020 /home/travis/build/icyphy/ptII/ptolemy/domains/continuous/test/auto/Brownian.xml
----------------- Instantiating /home/travis/build/icyphy/ptII/ptolemy/domains/continuous/test/auto/Brownian.xml
22 ms. Memory: 171008K Free: 125639K (73%)
----------------- Invoking toplevel() on ptolemy.moml.MoMLSimpleApplication@419dac1a
----------------- Done invoking toplevel() on ptolemy.moml.MoMLSimpleApplication@419dac1a
reloadAllAccessors: .Brownian

===========================================================================================
----------------- testing Wed Jul 15 15:07:16 UTC 2020 /home/travis/build/icyphy/ptII/ptolemy/domains/continuous/test/auto/CarTracking.xml
----------------- Instantiating /home/travis/build/icyphy/ptII/ptolemy/domains/continuous/test/auto/CarTracking.xml
4219 ms. Memory: 205824K Free: 162068K (79%)
----------------- Invoking toplevel() on ptolemy.moml.MoMLSimpleApplication@5eb09f49
----------------- Done invoking toplevel() on ptolemy.moml.MoMLSimpleApplication@5eb09f49
reloadAllAccessors: .CarTracking

===========================================================================================
----------------- testing Wed Jul 15 15:07:21 UTC 2020 /home/travis/build/icyphy/ptII/ptolemy/domains/continuous/test/auto/CartPendulum.xml
----------------- Instantiating /home/travis/build/icyphy/ptII/ptolemy/domains/continuous/test/auto/CartPendulum.xml
431 ms. Memory: 205824K Free: 189762K (92%)
----------------- Invoking toplevel() on ptolemy.moml.MoMLSimpleApplication@56e96727
----------------- Done invoking toplevel() on ptolemy.moml.MoMLSimpleApplication@56e96727
reloadAllAccessors: .CartPendulum

===========================================================================================
----------------- testing Wed Jul 15 15:07:22 UTC 2020 /home/travis/build/icyphy/ptII/ptolemy/domains/continuous/test/auto/CausalityInterface10.xml
----------------- Instantiating /home/travis/build/icyphy/ptII/ptolemy/domains/continuous/test/auto/CausalityInterface10.xml
11 ms. Memory: 205824K Free: 179001K (87%)
----------------- Invoking toplevel() on ptolemy.moml.MoMLSimpleApplication@442761e9
----------------- Done invoking toplevel() on ptolemy.moml.MoMLSimpleApplication@442761e9
reloadAllAccessors: .CausalityInterface10

===========================================================================================
----------------- testing Wed Jul 15 15:07:22 UTC 2020 /home/travis/build/icyphy/ptII/ptolemy/domains/continuous/test/auto/CausalityInterface11.xml
----------------- Instantiating /home/travis/build/icyphy/ptII/ptolemy/domains/continuous/test/auto/CausalityInterface11.xml
9 ms. Memory: 205824K Free: 172850K (84%)
----------------- Invoking toplevel() on ptolemy.moml.MoMLSimpleApplication@6c52a0d0
----------------- Done invoking toplevel() on ptolemy.moml.MoMLSimpleApplication@6c52a0d0
reloadAllAccessors: .CausalityInterface11

===========================================================================================
----------------- testing Wed Jul 15 15:07:22 UTC 2020 /home/travis/build/icyphy/ptII/ptolemy/domains/continuous/test/auto/CausalityInterface12.xml
----------------- Instantiating /home/travis/build/icyphy/ptII/ptolemy/domains/continuous/test/auto/CausalityInterface12.xml
4 ms. Memory: 205824K Free: 166706K (81%)
----------------- Invoking toplevel() on ptolemy.moml.MoMLSimpleApplication@47543ea6
----------------- Done invoking toplevel() on ptolemy.moml.MoMLSimpleApplication@47543ea6
reloadAllAccessors: .CausalityInterface12

===========================================================================================
----------------- testing Wed Jul 15 15:07:22 UTC 2020 /home/travis/build/icyphy/ptII/ptolemy/domains/continuous/test/auto/CausalityInterface13.xml
----------------- Instantiating /home/travis/build/icyphy/ptII/ptolemy/domains/continuous/test/auto/CausalityInterface13.xml
7 ms. Memory: 205824K Free: 160576K (78%)
----------------- Invoking toplevel() on ptolemy.moml.MoMLSimpleApplication@9e9beb8
----------------- Done invoking toplevel() on ptolemy.moml.MoMLSimpleApplication@9e9beb8
reloadAllAccessors: .CausalityInterface13

===========================================================================================
----------------- testing Wed Jul 15 15:07:22 UTC 2020 /home/travis/build/icyphy/ptII/ptolemy/domains/continuous/test/auto/CausalityInterface14.xml
----------------- Instantiating /home/travis/build/icyphy/ptII/ptolemy/domains/continuous/test/auto/CausalityInterface14.xml
4 ms. Memory: 205824K Free: 154946K (75%)
----------------- Invoking toplevel() on ptolemy.moml.MoMLSimpleApplication@7545db9a
----------------- Done invoking toplevel() on ptolemy.moml.MoMLSimpleApplication@7545db9a
reloadAllAccessors: .CausalityInterface14

===========================================================================================
----------------- testing Wed Jul 15 15:07:22 UTC 2020 /home/travis/build/icyphy/ptII/ptolemy/domains/continuous/test/auto/CausalityInterface4.xml
----------------- Instantiating /home/travis/build/icyphy/ptII/ptolemy/domains/continuous/test/auto/CausalityInterface4.xml
5 ms. Memory: 205824K Free: 147778K (72%)
----------------- Invoking toplevel() on ptolemy.moml.MoMLSimpleApplication@119e87f9
----------------- Done invoking toplevel() on ptolemy.moml.MoMLSimpleApplication@119e87f9
reloadAllAccessors: .CausalityInterface4

===========================================================================================
----------------- testing Wed Jul 15 15:07:22 UTC 2020 /home/travis/build/icyphy/ptII/ptolemy/domains/continuous/test/auto/CausalityInterface5.xml
----------------- Instantiating /home/travis/build/icyphy/ptII/ptolemy/domains/continuous/test/auto/CausalityInterface5.xml
4 ms. Memory: 205824K Free: 139586K (68%)
----------------- Invoking toplevel() on ptolemy.moml.MoMLSimpleApplication@6e9ffa79
----------------- Done invoking toplevel() on ptolemy.moml.MoMLSimpleApplication@6e9ffa79
reloadAllAccessors: .CausalityInterface5

===========================================================================================
----------------- testing Wed Jul 15 15:07:22 UTC 2020 /home/travis/build/icyphy/ptII/ptolemy/domains/continuous/test/auto/CausalityInterface6.xml
----------------- Instantiating /home/travis/build/icyphy/ptII/ptolemy/domains/continuous/test/auto/CausalityInterface6.xml
5 ms. Memory: 205824K Free: 134466K (65%)
----------------- Invoking toplevel() on ptolemy.moml.MoMLSimpleApplication@10de00aa
----------------- Done invoking toplevel() on ptolemy.moml.MoMLSimpleApplication@10de00aa
reloadAllAccessors: .CausalityInterface6

===========================================================================================
----------------- testing Wed Jul 15 15:07:22 UTC 2020 /home/travis/build/icyphy/ptII/ptolemy/domains/continuous/test/auto/CausalityInterface7.xml
----------------- Instantiating /home/travis/build/icyphy/ptII/ptolemy/domains/continuous/test/auto/CausalityInterface7.xml
11 ms. Memory: 205824K Free: 125760K (61%)
----------------- Invoking toplevel() on ptolemy.moml.MoMLSimpleApplication@577241eb
----------------- Done invoking toplevel() on ptolemy.moml.MoMLSimpleApplication@577241eb
reloadAllAccessors: .CausalityInterface7

===========================================================================================
----------------- testing Wed Jul 15 15:07:22 UTC 2020 /home/travis/build/icyphy/ptII/ptolemy/domains/continuous/test/auto/CausalityInterface8.xml
----------------- Instantiating /home/travis/build/icyphy/ptII/ptolemy/domains/continuous/test/auto/CausalityInterface8.xml
9 ms. Memory: 205824K Free: 116544K (57%)
----------------- Invoking toplevel() on ptolemy.moml.MoMLSimpleApplication@4fa64d43
----------------- Done invoking toplevel() on ptolemy.moml.MoMLSimpleApplication@4fa64d43
reloadAllAccessors: .CausalityInterface8

===========================================================================================
----------------- testing Wed Jul 15 15:07:22 UTC 2020 /home/travis/build/icyphy/ptII/ptolemy/domains/continuous/test/auto/CausalityInterface9.xml
----------------- Instantiating /home/travis/build/icyphy/ptII/ptolemy/domains/continuous/test/auto/CausalityInterface9.xml
10 ms. Memory: 205824K Free: 105794K (51%)
----------------- Invoking toplevel() on ptolemy.moml.MoMLSimpleApplication@311d7588
----------------- Done invoking toplevel() on ptolemy.moml.MoMLSimpleApplication@311d7588
reloadAllAccessors: .CausalityInterface9

===========================================================================================
----------------- testing Wed Jul 15 15:07:22 UTC 2020 /home/travis/build/icyphy/ptII/ptolemy/domains/continuous/test/auto/CausalityInterfaceFeedback1.xml
----------------- Instantiating /home/travis/build/icyphy/ptII/ptolemy/domains/continuous/test/auto/CausalityInterfaceFeedback1.xml
4 ms. Memory: 205824K Free: 99122K (48%)
----------------- Invoking toplevel() on ptolemy.moml.MoMLSimpleApplication@7b344906
----------------- Done invoking toplevel() on ptolemy.moml.MoMLSimpleApplication@7b344906
reloadAllAccessors: .CausalityInterfaceFeedback1

===========================================================================================
----------------- testing Wed Jul 15 15:07:22 UTC 2020 /home/travis/build/icyphy/ptII/ptolemy/domains/continuous/test/auto/CausalityInterfaceFeedback2.xml
----------------- Instantiating /home/travis/build/icyphy/ptII/ptolemy/domains/continuous/test/auto/CausalityInterfaceFeedback2.xml
5 ms. Memory: 205824K Free: 92482K (45%)
----------------- Invoking toplevel() on ptolemy.moml.MoMLSimpleApplication@2de6589e
----------------- Done invoking toplevel() on ptolemy.moml.MoMLSimpleApplication@2de6589e
reloadAllAccessors: .CausalityInterfaceFeedback2

===========================================================================================
----------------- testing Wed Jul 15 15:07:22 UTC 2020 /home/travis/build/icyphy/ptII/ptolemy/domains/continuous/test/auto/CompareWithCurrentTime.xml
----------------- Instantiating /home/travis/build/icyphy/ptII/ptolemy/domains/continuous/test/auto/CompareWithCurrentTime.xml
4 ms. Memory: 205824K Free: 88386K (43%)
----------------- Invoking toplevel() on ptolemy.moml.MoMLSimpleApplication@459b3434
----------------- Done invoking toplevel() on ptolemy.moml.MoMLSimpleApplication@459b3434
reloadAllAccessors: .CompareWithCurrentTime

===========================================================================================
----------------- testing Wed Jul 15 15:07:22 UTC 2020 /home/travis/build/icyphy/ptII/ptolemy/domains/continuous/test/auto/ComparedClocks.xml
----------------- Instantiating /home/travis/build/icyphy/ptII/ptolemy/domains/continuous/test/auto/ComparedClocks.xml
6 ms. Memory: 205824K Free: 73026K (35%)
----------------- Invoking toplevel() on ptolemy.moml.MoMLSimpleApplication@441479c9
----------------- Done invoking toplevel() on ptolemy.moml.MoMLSimpleApplication@441479c9
reloadAllAccessors: .ComparedClocks

===========================================================================================
----------------- testing Wed Jul 15 15:07:22 UTC 2020 /home/travis/build/icyphy/ptII/ptolemy/domains/continuous/test/auto/ContinuousAOCClone.xml
----------------- Instantiating /home/travis/build/icyphy/ptII/ptolemy/domains/continuous/test/auto/ContinuousAOCClone.xml
2475 ms. Memory: 247808K Free: 161524K (65%)
----------------- Invoking toplevel() on ptolemy.moml.MoMLSimpleApplication@46508e3
----------------- Done invoking toplevel() on ptolemy.moml.MoMLSimpleApplication@46508e3
reloadAllAccessors: .ContinuousAOCClone

===========================================================================================
----------------- testing Wed Jul 15 15:07:25 UTC 2020 /home/travis/build/icyphy/ptII/ptolemy/domains/continuous/test/auto/ContinuousClock.xml
----------------- Instantiating /home/travis/build/icyphy/ptII/ptolemy/domains/continuous/test/auto/ContinuousClock.xml
35 ms. Memory: 247808K Free: 139492K (56%)
----------------- Invoking toplevel() on ptolemy.moml.MoMLSimpleApplication@613e6394
----------------- Done invoking toplevel() on ptolemy.moml.MoMLSimpleApplication@613e6394
reloadAllAccessors: .ContinuousClock

===========================================================================================
----------------- testing Wed Jul 15 15:07:25 UTC 2020 /home/travis/build/icyphy/ptII/ptolemy/domains/continuous/test/auto/ContinuousInContinuous.xml
----------------- Instantiating /home/travis/build/icyphy/ptII/ptolemy/domains/continuous/test/auto/ContinuousInContinuous.xml
45 ms. Memory: 247808K Free: 115954K (47%)
----------------- Invoking toplevel() on ptolemy.moml.MoMLSimpleApplication@321111e1
----------------- Done invoking toplevel() on ptolemy.moml.MoMLSimpleApplication@321111e1
reloadAllAccessors: .ContinuousInContinuous

===========================================================================================
----------------- testing Wed Jul 15 15:07:25 UTC 2020 /home/travis/build/icyphy/ptII/ptolemy/domains/continuous/test/auto/ContinuousInContinuousInContinuous.xml
----------------- Instantiating /home/travis/build/icyphy/ptII/ptolemy/domains/continuous/test/auto/ContinuousInContinuousInContinuous.xml
5 ms. Memory: 247808K Free: 107762K (43%)
----------------- Invoking toplevel() on ptolemy.moml.MoMLSimpleApplication@7830038e
----------------- Done invoking toplevel() on ptolemy.moml.MoMLSimpleApplication@7830038e
reloadAllAccessors: .ContinuousInContinuousInContinuous

===========================================================================================
----------------- testing Wed Jul 15 15:07:25 UTC 2020 /home/travis/build/icyphy/ptII/ptolemy/domains/continuous/test/auto/ContinuousInDE.xml
----------------- Instantiating /home/travis/build/icyphy/ptII/ptolemy/domains/continuous/test/auto/ContinuousInDE.xml
59 ms. Memory: 247808K Free: 97012K (39%)
----------------- Invoking toplevel() on ptolemy.moml.MoMLSimpleApplication@4d976ec0
----------------- Done invoking toplevel() on ptolemy.moml.MoMLSimpleApplication@4d976ec0
reloadAllAccessors: .ContinuousInDE

===========================================================================================
----------------- testing Wed Jul 15 15:07:25 UTC 2020 /home/travis/build/icyphy/ptII/ptolemy/domains/continuous/test/auto/ContinuousInDE2.xml
----------------- Instantiating /home/travis/build/icyphy/ptII/ptolemy/domains/continuous/test/auto/ContinuousInDE2.xml
36 ms. Memory: 247808K Free: 87282K (35%)
----------------- Invoking toplevel() on ptolemy.moml.MoMLSimpleApplication@705b5e3d
----------------- Done invoking toplevel() on ptolemy.moml.MoMLSimpleApplication@705b5e3d
reloadAllAccessors: .ContinuousInDE2

===========================================================================================
----------------- testing Wed Jul 15 15:07:25 UTC 2020 /home/travis/build/icyphy/ptII/ptolemy/domains/continuous/test/auto/ContinuousInDE3.xml
----------------- Instantiating /home/travis/build/icyphy/ptII/ptolemy/domains/continuous/test/auto/ContinuousInDE3.xml
36 ms. Memory: 247808K Free: 224997K (91%)
----------------- Invoking toplevel() on ptolemy.moml.MoMLSimpleApplication@68e3d58a
----------------- Done invoking toplevel() on ptolemy.moml.MoMLSimpleApplication@68e3d58a
reloadAllAccessors: .ContinuousInDE3

===========================================================================================
----------------- testing Wed Jul 15 15:07:25 UTC 2020 /home/travis/build/icyphy/ptII/ptolemy/domains/continuous/test/auto/ContinuousInDE4.xml
----------------- Instantiating /home/travis/build/icyphy/ptII/ptolemy/domains/continuous/test/auto/ContinuousInDE4.xml
12 ms. Memory: 247808K Free: 218853K (88%)
----------------- Invoking toplevel() on ptolemy.moml.MoMLSimpleApplication@59a8947f
----------------- Done invoking toplevel() on ptolemy.moml.MoMLSimpleApplication@59a8947f
reloadAllAccessors: .ContinuousInDE4

===========================================================================================
----------------- testing Wed Jul 15 15:07:26 UTC 2020 /home/travis/build/icyphy/ptII/ptolemy/domains/continuous/test/auto/ContinuousInDEDifferentRefinements.xml
----------------- Instantiating /home/travis/build/icyphy/ptII/ptolemy/domains/continuous/test/auto/ContinuousInDEDifferentRefinements.xml
73 ms. Memory: 247808K Free: 187623K (76%)
----------------- Invoking toplevel() on ptolemy.moml.MoMLSimpleApplication@68e82106
----------------- Done invoking toplevel() on ptolemy.moml.MoMLSimpleApplication@68e82106
reloadAllAccessors: .ContinuousInDEDifferentRefinements

===========================================================================================
----------------- testing Wed Jul 15 15:07:26 UTC 2020 /home/travis/build/icyphy/ptII/ptolemy/domains/continuous/test/auto/ContinuousInDEDifferentRefinementsPreemptive.xml
----------------- Instantiating /home/travis/build/icyphy/ptII/ptolemy/domains/continuous/test/auto/ContinuousInDEDifferentRefinementsPreemptive.xml
48 ms. Memory: 247808K Free: 156903K (63%)
----------------- Invoking toplevel() on ptolemy.moml.MoMLSimpleApplication@534a18e8
----------------- Done invoking toplevel() on ptolemy.moml.MoMLSimpleApplication@534a18e8
reloadAllAccessors: .ContinuousInDEDifferentRefinementsPreemptive

===========================================================================================
----------------- testing Wed Jul 15 15:07:26 UTC 2020 /home/travis/build/icyphy/ptII/ptolemy/domains/continuous/test/auto/ContinuousInDEInContinuous2.xml
----------------- Instantiating /home/travis/build/icyphy/ptII/ptolemy/domains/continuous/test/auto/ContinuousInDEInContinuous2.xml
34 ms. Memory: 247808K Free: 145639K (59%)
----------------- Invoking toplevel() on ptolemy.moml.MoMLSimpleApplication@462a15b3
----------------- Done invoking toplevel() on ptolemy.moml.MoMLSimpleApplication@462a15b3
reloadAllAccessors: .ContinuousInDEInContinuous2

===========================================================================================
----------------- testing Wed Jul 15 15:07:26 UTC 2020 /home/travis/build/icyphy/ptII/ptolemy/domains/continuous/test/auto/ContinuousInDEInContinuous3.xml
----------------- Instantiating /home/travis/build/icyphy/ptII/ptolemy/domains/continuous/test/auto/ContinuousInDEInContinuous3.xml
39 ms. Memory: 247808K Free: 133861K (54%)
----------------- Invoking toplevel() on ptolemy.moml.MoMLSimpleApplication@641eefb3
----------------- Done invoking toplevel() on ptolemy.moml.MoMLSimpleApplication@641eefb3
reloadAllAccessors: .ContinuousInDEInContinuous3

===========================================================================================
----------------- testing Wed Jul 15 15:07:26 UTC 2020 /home/travis/build/icyphy/ptII/ptolemy/domains/continuous/test/auto/ContinuousInDEInput.xml
----------------- Instantiating /home/travis/build/icyphy/ptII/ptolemy/domains/continuous/test/auto/ContinuousInDEInput.xml
11 ms. Memory: 247808K Free: 126693K (51%)
----------------- Invoking toplevel() on ptolemy.moml.MoMLSimpleApplication@665f2356
----------------- Done invoking toplevel() on ptolemy.moml.MoMLSimpleApplication@665f2356
reloadAllAccessors: .ContinuousInDEInput

===========================================================================================
----------------- testing Wed Jul 15 15:07:26 UTC 2020 /home/travis/build/icyphy/ptII/ptolemy/domains/continuous/test/auto/ContinuousInDEInput2.xml
----------------- Instantiating /home/travis/build/icyphy/ptII/ptolemy/domains/continuous/test/auto/ContinuousInDEInput2.xml
10 ms. Memory: 247808K Free: 119015K (48%)
----------------- Invoking toplevel() on ptolemy.moml.MoMLSimpleApplication@3cfa21ba
----------------- Done invoking toplevel() on ptolemy.moml.MoMLSimpleApplication@3cfa21ba
reloadAllAccessors: .ContinuousInDEInput2

===========================================================================================
----------------- testing Wed Jul 15 15:07:26 UTC 2020 /home/travis/build/icyphy/ptII/ptolemy/domains/continuous/test/auto/ContinuousInDEInput3.xml
----------------- Instantiating /home/travis/build/icyphy/ptII/ptolemy/domains/continuous/test/auto/ContinuousInDEInput3.xml
11 ms. Memory: 247808K Free: 111333K (45%)
----------------- Invoking toplevel() on ptolemy.moml.MoMLSimpleApplication@12658922
----------------- Done invoking toplevel() on ptolemy.moml.MoMLSimpleApplication@12658922
reloadAllAccessors: .ContinuousInDEInput3

===========================================================================================
----------------- testing Wed Jul 15 15:07:26 UTC 2020 /home/travis/build/icyphy/ptII/ptolemy/domains/continuous/test/auto/ContinuousInDESharingRefinement.xml
----------------- Instantiating /home/travis/build/icyphy/ptII/ptolemy/domains/continuous/test/auto/ContinuousInDESharingRefinement.xml
182 ms. Memory: 247808K Free: 164383K (66%)
----------------- Invoking toplevel() on ptolemy.moml.MoMLSimpleApplication@94c00
----------------- Done invoking toplevel() on ptolemy.moml.MoMLSimpleApplication@94c00
reloadAllAccessors: .ContinuousInDESharingRefinement

===========================================================================================
----------------- testing Wed Jul 15 15:07:26 UTC 2020 /home/travis/build/icyphy/ptII/ptolemy/domains/continuous/test/auto/ContinuousInDEwithNoPorts.xml
----------------- Instantiating /home/travis/build/icyphy/ptII/ptolemy/domains/continuous/test/auto/ContinuousInDEwithNoPorts.xml
5 ms. Memory: 247808K Free: 160195K (65%)
----------------- Invoking toplevel() on ptolemy.moml.MoMLSimpleApplication@1c24d8e3
----------------- Done invoking toplevel() on ptolemy.moml.MoMLSimpleApplication@1c24d8e3
reloadAllAccessors: .ContinuousInDEwithNoPorts

===========================================================================================
----------------- testing Wed Jul 15 15:07:26 UTC 2020 /home/travis/build/icyphy/ptII/ptolemy/domains/continuous/test/auto/ContinuousInsideDE.xml
----------------- Instantiating /home/travis/build/icyphy/ptII/ptolemy/domains/continuous/test/auto/ContinuousInsideDE.xml
27 ms. Memory: 247808K Free: 148931K (60%)
----------------- Invoking toplevel() on ptolemy.moml.MoMLSimpleApplication@6427a30a
----------------- Done invoking toplevel() on ptolemy.moml.MoMLSimpleApplication@6427a30a
reloadAllAccessors: .ContinuousInsideDE

===========================================================================================
----------------- testing Wed Jul 15 15:07:26 UTC 2020 /home/travis/build/icyphy/ptII/ptolemy/domains/continuous/test/auto/ContinuousMerge1.xml
----------------- Instantiating /home/travis/build/icyphy/ptII/ptolemy/domains/continuous/test/auto/ContinuousMerge1.xml
3 ms. Memory: 247808K Free: 144307K (58%)
----------------- Invoking toplevel() on ptolemy.moml.MoMLSimpleApplication@58c35cc6
----------------- Done invoking toplevel() on ptolemy.moml.MoMLSimpleApplication@58c35cc6
reloadAllAccessors: .ContinuousMerge1

===========================================================================================
----------------- testing Wed Jul 15 15:07:26 UTC 2020 /home/travis/build/icyphy/ptII/ptolemy/domains/continuous/test/auto/ContinuousMerge2.xml
----------------- Instantiating /home/travis/build/icyphy/ptII/ptolemy/domains/continuous/test/auto/ContinuousMerge2.xml
14 ms. Memory: 247808K Free: 134081K (54%)
----------------- Invoking toplevel() on ptolemy.moml.MoMLSimpleApplication@3ca16389
----------------- Done invoking toplevel() on ptolemy.moml.MoMLSimpleApplication@3ca16389
reloadAllAccessors: .ContinuousMerge2

===========================================================================================
----------------- testing Wed Jul 15 15:07:26 UTC 2020 /home/travis/build/icyphy/ptII/ptolemy/domains/continuous/test/auto/ContinuousMerge3.xml
----------------- Instantiating /home/travis/build/icyphy/ptII/ptolemy/domains/continuous/test/auto/ContinuousMerge3.xml
36 ms. Memory: 247808K Free: 123331K (50%)
----------------- Invoking toplevel() on ptolemy.moml.MoMLSimpleApplication@1278d312
----------------- Done invoking toplevel() on ptolemy.moml.MoMLSimpleApplication@1278d312
reloadAllAccessors: .ContinuousMerge3

===========================================================================================
----------------- testing Wed Jul 15 15:07:26 UTC 2020 /home/travis/build/icyphy/ptII/ptolemy/domains/continuous/test/auto/ContinuousWithinContinuous.xml
----------------- Instantiating /home/travis/build/icyphy/ptII/ptolemy/domains/continuous/test/auto/ContinuousWithinContinuous.xml
27 ms. Memory: 247808K Free: 113601K (46%)
----------------- Invoking toplevel() on ptolemy.moml.MoMLSimpleApplication@2d803677
----------------- Done invoking toplevel() on ptolemy.moml.MoMLSimpleApplication@2d803677
reloadAllAccessors: .ContinuousWithinContinuous

===========================================================================================
----------------- testing Wed Jul 15 15:07:26 UTC 2020 /home/travis/build/icyphy/ptII/ptolemy/domains/continuous/test/auto/ContinuousWithinContinuous2.xml
----------------- Instantiating /home/travis/build/icyphy/ptII/ptolemy/domains/continuous/test/auto/ContinuousWithinContinuous2.xml
63 ms. Memory: 247808K Free: 102851K (42%)
----------------- Invoking toplevel() on ptolemy.moml.MoMLSimpleApplication@4a92b773
----------------- Done invoking toplevel() on ptolemy.moml.MoMLSimpleApplication@4a92b773
reloadAllAccessors: .ContinuousWithinContinuous2

===========================================================================================
----------------- testing Wed Jul 15 15:07:27 UTC 2020 /home/travis/build/icyphy/ptII/ptolemy/domains/continuous/test/auto/ContinuousWithinContinuous3.xml
----------------- Instantiating /home/travis/build/icyphy/ptII/ptolemy/domains/continuous/test/auto/ContinuousWithinContinuous3.xml
13 ms. Memory: 247808K Free: 95683K (39%)
----------------- Invoking toplevel() on ptolemy.moml.MoMLSimpleApplication@461983e2
----------------- Done invoking toplevel() on ptolemy.moml.MoMLSimpleApplication@461983e2
reloadAllAccessors: .ContinuousWithinContinuous3

===========================================================================================
----------------- testing Wed Jul 15 15:07:27 UTC 2020 /home/travis/build/icyphy/ptII/ptolemy/domains/continuous/test/auto/ContinuousWithinContinuous4.xml
----------------- Instantiating /home/travis/build/icyphy/ptII/ptolemy/domains/continuous/test/auto/ContinuousWithinContinuous4.xml
69 ms. Memory: 247808K Free: 230954K (93%)
----------------- Invoking toplevel() on ptolemy.moml.MoMLSimpleApplication@7b0a7d7c
----------------- Done invoking toplevel() on ptolemy.moml.MoMLSimpleApplication@7b0a7d7c
reloadAllAccessors: .ContinuousWithinContinuous4

===========================================================================================
----------------- testing Wed Jul 15 15:07:27 UTC 2020 /home/travis/build/icyphy/ptII/ptolemy/domains/continuous/test/auto/ContinuousWithinContinuous5.xml
----------------- Instantiating /home/travis/build/icyphy/ptII/ptolemy/domains/continuous/test/auto/ContinuousWithinContinuous5.xml
10 ms. Memory: 247808K Free: 223202K (90%)
----------------- Invoking toplevel() on ptolemy.moml.MoMLSimpleApplication@36509dc3
----------------- Done invoking toplevel() on ptolemy.moml.MoMLSimpleApplication@36509dc3
reloadAllAccessors: .ContinuousWithinContinuous5

===========================================================================================
----------------- testing Wed Jul 15 15:07:27 UTC 2020 /home/travis/build/icyphy/ptII/ptolemy/domains/continuous/test/auto/ContinuousWithinContinuous6.xml
----------------- Instantiating /home/travis/build/icyphy/ptII/ptolemy/domains/continuous/test/auto/ContinuousWithinContinuous6.xml
10 ms. Memory: 247808K Free: 216034K (87%)
----------------- Invoking toplevel() on ptolemy.moml.MoMLSimpleApplication@4deed42a
----------------- Done invoking toplevel() on ptolemy.moml.MoMLSimpleApplication@4deed42a
reloadAllAccessors: .ContinuousWithinContinuous6

===========================================================================================
----------------- testing Wed Jul 15 15:07:27 UTC 2020 /home/travis/build/icyphy/ptII/ptolemy/domains/continuous/test/auto/ContinuousWithinContinuous7.xml
----------------- Instantiating /home/travis/build/icyphy/ptII/ptolemy/domains/continuous/test/auto/ContinuousWithinContinuous7.xml
44 ms. Memory: 247808K Free: 204770K (83%)
----------------- Invoking toplevel() on ptolemy.moml.MoMLSimpleApplication@2426a3aa
----------------- Done invoking toplevel() on ptolemy.moml.MoMLSimpleApplication@2426a3aa
reloadAllAccessors: .ContinuousWithinContinuous7

===========================================================================================
----------------- testing Wed Jul 15 15:07:27 UTC 2020 /home/travis/build/icyphy/ptII/ptolemy/domains/continuous/test/auto/DCMotor.xml
----------------- Instantiating /home/travis/build/icyphy/ptII/ptolemy/domains/continuous/test/auto/DCMotor.xml
13845 ms. Memory: 247808K Free: 198527K (80%)
----------------- Invoking toplevel() on ptolemy.moml.MoMLSimpleApplication@59fddc7a
----------------- Done invoking toplevel() on ptolemy.moml.MoMLSimpleApplication@59fddc7a
reloadAllAccessors: .DCMotor

===========================================================================================
----------------- testing Wed Jul 15 15:07:41 UTC 2020 /home/travis/build/icyphy/ptII/ptolemy/domains/continuous/test/auto/DEInContinuous.xml
----------------- Instantiating /home/travis/build/icyphy/ptII/ptolemy/domains/continuous/test/auto/DEInContinuous.xml
19 ms. Memory: 247808K Free: 192383K (78%)
----------------- Invoking toplevel() on ptolemy.moml.MoMLSimpleApplication@7fed2bf1
----------------- Done invoking toplevel() on ptolemy.moml.MoMLSimpleApplication@7fed2bf1
reloadAllAccessors: .DEInContinuous

===========================================================================================
----------------- testing Wed Jul 15 15:07:41 UTC 2020 /home/travis/build/icyphy/ptII/ptolemy/domains/continuous/test/auto/DEinContinuous2.xml
----------------- Instantiating /home/travis/build/icyphy/ptII/ptolemy/domains/continuous/test/auto/DEinContinuous2.xml
5 ms. Memory: 247808K Free: 184191K (74%)
----------------- Invoking toplevel() on ptolemy.moml.MoMLSimpleApplication@31ebfcc3
----------------- Done invoking toplevel() on ptolemy.moml.MoMLSimpleApplication@31ebfcc3
reloadAllAccessors: .DEinContinuous2

===========================================================================================
----------------- testing Wed Jul 15 15:07:41 UTC 2020 /home/travis/build/icyphy/ptII/ptolemy/domains/continuous/test/auto/Derivative.xml
----------------- Instantiating /home/travis/build/icyphy/ptII/ptolemy/domains/continuous/test/auto/Derivative.xml
120 ms. Memory: 247808K Free: 155005K (63%)
----------------- Invoking toplevel() on ptolemy.moml.MoMLSimpleApplication@3d77136e
----------------- Done invoking toplevel() on ptolemy.moml.MoMLSimpleApplication@3d77136e
reloadAllAccessors: .Derivative2

===========================================================================================
----------------- testing Wed Jul 15 15:07:41 UTC 2020 /home/travis/build/icyphy/ptII/ptolemy/domains/continuous/test/auto/Derivative1.xml
----------------- Instantiating /home/travis/build/icyphy/ptII/ptolemy/domains/continuous/test/auto/Derivative1.xml
19 ms. Memory: 247808K Free: 140669K (57%)
----------------- Invoking toplevel() on ptolemy.moml.MoMLSimpleApplication@59bc4f23
----------------- Done invoking toplevel() on ptolemy.moml.MoMLSimpleApplication@59bc4f23
reloadAllAccessors: .Derivative1

===========================================================================================
----------------- testing Wed Jul 15 15:07:41 UTC 2020 /home/travis/build/icyphy/ptII/ptolemy/domains/continuous/test/auto/DiscreteClock.xml
----------------- Instantiating /home/travis/build/icyphy/ptII/ptolemy/domains/continuous/test/auto/DiscreteClock.xml
3 ms. Memory: 247808K Free: 135549K (55%)
----------------- Invoking toplevel() on ptolemy.moml.MoMLSimpleApplication@277642c1
----------------- Done invoking toplevel() on ptolemy.moml.MoMLSimpleApplication@277642c1
reloadAllAccessors: .DiscreteClock

===========================================================================================
----------------- testing Wed Jul 15 15:07:41 UTC 2020 /home/travis/build/icyphy/ptII/ptolemy/domains/continuous/test/auto/EfficiencyCurve.xml
----------------- Instantiating /home/travis/build/icyphy/ptII/ptolemy/domains/continuous/test/auto/EfficiencyCurve.xml
58 ms. Memory: 247808K Free: 125823K (51%)
----------------- Invoking toplevel() on ptolemy.moml.MoMLSimpleApplication@596e1488
----------------- Done invoking toplevel() on ptolemy.moml.MoMLSimpleApplication@596e1488
reloadAllAccessors: .EfficiencyCurve

===========================================================================================
----------------- testing Wed Jul 15 15:07:41 UTC 2020 /home/travis/build/icyphy/ptII/ptolemy/domains/continuous/test/auto/ExponentialResponse.xml
----------------- Instantiating /home/travis/build/icyphy/ptII/ptolemy/domains/continuous/test/auto/ExponentialResponse.xml
93 ms. Memory: 247808K Free: 109949K (44%)
----------------- Invoking toplevel() on ptolemy.moml.MoMLSimpleApplication@591d87f9
----------------- Done invoking toplevel() on ptolemy.moml.MoMLSimpleApplication@591d87f9
reloadAllAccessors: .ExponentialResponse

===========================================================================================
----------------- testing Wed Jul 15 15:07:41 UTC 2020 /home/travis/build/icyphy/ptII/ptolemy/domains/continuous/test/auto/ExponentialResponseRK45.xml
----------------- Instantiating /home/travis/build/icyphy/ptII/ptolemy/domains/continuous/test/auto/ExponentialResponseRK45.xml
23 ms. Memory: 247808K Free: 103295K (42%)
----------------- Invoking toplevel() on ptolemy.moml.MoMLSimpleApplication@10305f74
----------------- Done invoking toplevel() on ptolemy.moml.MoMLSimpleApplication@10305f74
reloadAllAccessors: .ExponentialResponseRK45

===========================================================================================
----------------- testing Wed Jul 15 15:07:41 UTC 2020 /home/travis/build/icyphy/ptII/ptolemy/domains/continuous/test/auto/Friction.xml
----------------- Instantiating /home/travis/build/icyphy/ptII/ptolemy/domains/continuous/test/auto/Friction.xml
1378 ms. Memory: 247808K Free: 122584K (49%)
----------------- Invoking toplevel() on ptolemy.moml.MoMLSimpleApplication@40b21ce4
----------------- Done invoking toplevel() on ptolemy.moml.MoMLSimpleApplication@40b21ce4
reloadAllAccessors: .Friction

===========================================================================================
----------------- testing Wed Jul 15 15:07:43 UTC 2020 /home/travis/build/icyphy/ptII/ptolemy/domains/continuous/test/auto/FurutaPendulum.xml
----------------- Instantiating /home/travis/build/icyphy/ptII/ptolemy/domains/continuous/test/auto/FurutaPendulum.xml
2970 ms. Memory: 247808K Free: 219382K (89%)
----------------- Invoking toplevel() on ptolemy.moml.MoMLSimpleApplication@52291328
----------------- Done invoking toplevel() on ptolemy.moml.MoMLSimpleApplication@52291328
reloadAllAccessors: .FurutaPendulum

===========================================================================================
----------------- testing Wed Jul 15 15:07:46 UTC 2020 /home/travis/build/icyphy/ptII/ptolemy/domains/continuous/test/auto/HierarchicalExecution.xml
----------------- Instantiating /home/travis/build/icyphy/ptII/ptolemy/domains/continuous/test/auto/HierarchicalExecution.xml
1593 ms. Memory: 247808K Free: 84704K (34%)
----------------- Invoking toplevel() on ptolemy.moml.MoMLSimpleApplication@61c9b852
----------------- Done invoking toplevel() on ptolemy.moml.MoMLSimpleApplication@61c9b852
reloadAllAccessors: .HierarchicalExecution

===========================================================================================
----------------- testing Wed Jul 15 15:07:48 UTC 2020 /home/travis/build/icyphy/ptII/ptolemy/domains/continuous/test/auto/HybridPlant.xml
----------------- Instantiating /home/travis/build/icyphy/ptII/ptolemy/domains/continuous/test/auto/HybridPlant.xml
508 ms. Memory: 247808K Free: 109934K (44%)
----------------- Invoking toplevel() on ptolemy.moml.MoMLSimpleApplication@5997b809
----------------- Done invoking toplevel() on ptolemy.moml.MoMLSimpleApplication@5997b809
reloadAllAccessors: .HybridPlant

===========================================================================================
----------------- testing Wed Jul 15 15:07:49 UTC 2020 /home/travis/build/icyphy/ptII/ptolemy/domains/continuous/test/auto/Hysteresis.xml
----------------- Instantiating /home/travis/build/icyphy/ptII/ptolemy/domains/continuous/test/auto/Hysteresis.xml
147 ms. Memory: 247808K Free: 195121K (79%)
----------------- Invoking toplevel() on ptolemy.moml.MoMLSimpleApplication@5a344fdb
----------------- Done invoking toplevel() on ptolemy.moml.MoMLSimpleApplication@5a344fdb
reloadAllAccessors: .Hysteresis

===========================================================================================
----------------- testing Wed Jul 15 15:07:49 UTC 2020 /home/travis/build/icyphy/ptII/ptolemy/domains/continuous/test/auto/HysteresisWithRandomDelay.xml
----------------- Instantiating /home/travis/build/icyphy/ptII/ptolemy/domains/continuous/test/auto/HysteresisWithRandomDelay.xml
175 ms. Memory: 247808K Free: 123791K (50%)
----------------- Invoking toplevel() on ptolemy.moml.MoMLSimpleApplication@37135dd6
----------------- Done invoking toplevel() on ptolemy.moml.MoMLSimpleApplication@37135dd6
reloadAllAccessors: .HysteresisWithRandomDelay

===========================================================================================
----------------- testing Wed Jul 15 15:07:49 UTC 2020 /home/travis/build/icyphy/ptII/ptolemy/domains/continuous/test/auto/HysteresisWithRandomLosses.xml
----------------- Instantiating /home/travis/build/icyphy/ptII/ptolemy/domains/continuous/test/auto/HysteresisWithRandomLosses.xml
2365 ms. Memory: 297984K Free: 228339K (77%)
----------------- Invoking toplevel() on ptolemy.moml.MoMLSimpleApplication@7dfc407e
----------------- Done invoking toplevel() on ptolemy.moml.MoMLSimpleApplication@7dfc407e
reloadAllAccessors: .HysteresisWithRandomLosses

===========================================================================================
----------------- testing Wed Jul 15 15:07:52 UTC 2020 /home/travis/build/icyphy/ptII/ptolemy/domains/continuous/test/auto/ImmediateTransitions.xml
----------------- Instantiating /home/travis/build/icyphy/ptII/ptolemy/domains/continuous/test/auto/ImmediateTransitions.xml
9 ms. Memory: 297984K Free: 217589K (73%)
----------------- Invoking toplevel() on ptolemy.moml.MoMLSimpleApplication@21c66c80
----------------- Done invoking toplevel() on ptolemy.moml.MoMLSimpleApplication@21c66c80
reloadAllAccessors: .ImmediateTransitions

===========================================================================================
----------------- testing Wed Jul 15 15:07:52 UTC 2020 /home/travis/build/icyphy/ptII/ptolemy/domains/continuous/test/auto/ImpulseFeedback.xml
----------------- Instantiating /home/travis/build/icyphy/ptII/ptolemy/domains/continuous/test/auto/ImpulseFeedback.xml
7 ms. Memory: 297984K Free: 211955K (71%)
----------------- Invoking toplevel() on ptolemy.moml.MoMLSimpleApplication@188911d9
----------------- Done invoking toplevel() on ptolemy.moml.MoMLSimpleApplication@188911d9
reloadAllAccessors: .ImpulseFeedback

===========================================================================================
----------------- testing Wed Jul 15 15:07:52 UTC 2020 /home/travis/build/icyphy/ptII/ptolemy/domains/continuous/test/auto/ImpulseFeedback2.xml
----------------- Instantiating /home/travis/build/icyphy/ptII/ptolemy/domains/continuous/test/auto/ImpulseFeedback2.xml
5 ms. Memory: 297984K Free: 206325K (69%)
----------------- Invoking toplevel() on ptolemy.moml.MoMLSimpleApplication@7f397d81
----------------- Done invoking toplevel() on ptolemy.moml.MoMLSimpleApplication@7f397d81
reloadAllAccessors: .ImpulseFeedback2

===========================================================================================
----------------- testing Wed Jul 15 15:07:52 UTC 2020 /home/travis/build/icyphy/ptII/ptolemy/domains/continuous/test/auto/IncreasingRatePoisson.xml
----------------- Instantiating /home/travis/build/icyphy/ptII/ptolemy/domains/continuous/test/auto/IncreasingRatePoisson.xml
665 ms. Memory: 297984K Free: 254084K (85%)
----------------- Invoking toplevel() on ptolemy.moml.MoMLSimpleApplication@7df0c8e
----------------- Done invoking toplevel() on ptolemy.moml.MoMLSimpleApplication@7df0c8e
reloadAllAccessors: .IncreasingRatePoisson

===========================================================================================
----------------- testing Wed Jul 15 15:07:52 UTC 2020 /home/travis/build/icyphy/ptII/ptolemy/domains/continuous/test/auto/InitialStateFeedback.xml
----------------- Instantiating /home/travis/build/icyphy/ptII/ptolemy/domains/continuous/test/auto/InitialStateFeedback.xml
6 ms. Memory: 297984K Free: 249474K (84%)
----------------- Invoking toplevel() on ptolemy.moml.MoMLSimpleApplication@102d40af
----------------- Done invoking toplevel() on ptolemy.moml.MoMLSimpleApplication@102d40af
reloadAllAccessors: .InitialStateFeedback

===========================================================================================
----------------- testing Wed Jul 15 15:07:52 UTC 2020 /home/travis/build/icyphy/ptII/ptolemy/domains/continuous/test/auto/Integration.xml
----------------- Instantiating /home/travis/build/icyphy/ptII/ptolemy/domains/continuous/test/auto/Integration.xml
2 ms. Memory: 297984K Free: 245378K (82%)
----------------- Invoking toplevel() on ptolemy.moml.MoMLSimpleApplication@7c19ee55
----------------- Done invoking toplevel() on ptolemy.moml.MoMLSimpleApplication@7c19ee55
reloadAllAccessors: .Integration

===========================================================================================
----------------- testing Wed Jul 15 15:07:52 UTC 2020 /home/travis/build/icyphy/ptII/ptolemy/domains/continuous/test/auto/Integration2.xml
----------------- Instantiating /home/travis/build/icyphy/ptII/ptolemy/domains/continuous/test/auto/Integration2.xml
62 ms. Memory: 297984K Free: 231042K (78%)
----------------- Invoking toplevel() on ptolemy.moml.MoMLSimpleApplication@47bf37e2
----------------- Done invoking toplevel() on ptolemy.moml.MoMLSimpleApplication@47bf37e2
reloadAllAccessors: .Integration2

===========================================================================================
----------------- testing Wed Jul 15 15:07:52 UTC 2020 /home/travis/build/icyphy/ptII/ptolemy/domains/continuous/test/auto/Integration3.xml
----------------- Instantiating /home/travis/build/icyphy/ptII/ptolemy/domains/continuous/test/auto/Integration3.xml
3 ms. Memory: 297984K Free: 226436K (76%)
----------------- Invoking toplevel() on ptolemy.moml.MoMLSimpleApplication@4a608751
----------------- Done invoking toplevel() on ptolemy.moml.MoMLSimpleApplication@4a608751
reloadAllAccessors: .Integration3

===========================================================================================
----------------- testing Wed Jul 15 15:07:52 UTC 2020 /home/travis/build/icyphy/ptII/ptolemy/domains/continuous/test/auto/Integration5.xml
----------------- Instantiating /home/travis/build/icyphy/ptII/ptolemy/domains/continuous/test/auto/Integration5.xml
2 ms. Memory: 297984K Free: 222340K (75%)
----------------- Invoking toplevel() on ptolemy.moml.MoMLSimpleApplication@2e0fb72d
----------------- Done invoking toplevel() on ptolemy.moml.MoMLSimpleApplication@2e0fb72d
reloadAllAccessors: .Integration5

===========================================================================================
----------------- testing Wed Jul 15 15:07:52 UTC 2020 /home/travis/build/icyphy/ptII/ptolemy/domains/continuous/test/auto/IntegratorImpulse.xml
----------------- Instantiating /home/travis/build/icyphy/ptII/ptolemy/domains/continuous/test/auto/IntegratorImpulse.xml
2 ms. Memory: 297984K Free: 218244K (73%)
----------------- Invoking toplevel() on ptolemy.moml.MoMLSimpleApplication@62601821
----------------- Done invoking toplevel() on ptolemy.moml.MoMLSimpleApplication@62601821
reloadAllAccessors: .IntegratorImpulse

===========================================================================================
----------------- testing Wed Jul 15 15:07:52 UTC 2020 /home/travis/build/icyphy/ptII/ptolemy/domains/continuous/test/auto/IntegratorImpulse2.xml
----------------- Instantiating /home/travis/build/icyphy/ptII/ptolemy/domains/continuous/test/auto/IntegratorImpulse2.xml
8 ms. Memory: 297984K Free: 213604K (72%)
----------------- Invoking toplevel() on ptolemy.moml.MoMLSimpleApplication@a5b68f7
----------------- Done invoking toplevel() on ptolemy.moml.MoMLSimpleApplication@a5b68f7
reloadAllAccessors: .IntegratorImpulse2

===========================================================================================
----------------- testing Wed Jul 15 15:07:52 UTC 2020 /home/travis/build/icyphy/ptII/ptolemy/domains/continuous/test/auto/LevelCrossing1.xml
----------------- Instantiating /home/travis/build/icyphy/ptII/ptolemy/domains/continuous/test/auto/LevelCrossing1.xml
2 ms. Memory: 297984K Free: 208514K (70%)
----------------- Invoking toplevel() on ptolemy.moml.MoMLSimpleApplication@61008e8c
----------------- Done invoking toplevel() on ptolemy.moml.MoMLSimpleApplication@61008e8c
reloadAllAccessors: .LevelCrossing1

===========================================================================================
----------------- testing Wed Jul 15 15:07:52 UTC 2020 /home/travis/build/icyphy/ptII/ptolemy/domains/continuous/test/auto/LevelCrossing2.xml
----------------- Instantiating /home/travis/build/icyphy/ptII/ptolemy/domains/continuous/test/auto/LevelCrossing2.xml
3 ms. Memory: 297984K Free: 203394K (68%)
----------------- Invoking toplevel() on ptolemy.moml.MoMLSimpleApplication@2ad43ff
----------------- Done invoking toplevel() on ptolemy.moml.MoMLSimpleApplication@2ad43ff
reloadAllAccessors: .LevelCrossing2

===========================================================================================
----------------- testing Wed Jul 15 15:07:53 UTC 2020 /home/travis/build/icyphy/ptII/ptolemy/domains/continuous/test/auto/LevelCrossing3.xml
----------------- Instantiating /home/travis/build/icyphy/ptII/ptolemy/domains/continuous/test/auto/LevelCrossing3.xml
3 ms. Memory: 297984K Free: 198274K (67%)
----------------- Invoking toplevel() on ptolemy.moml.MoMLSimpleApplication@3c57598d
----------------- Done invoking toplevel() on ptolemy.moml.MoMLSimpleApplication@3c57598d
reloadAllAccessors: .LevelCrossing3

===========================================================================================
----------------- testing Wed Jul 15 15:07:53 UTC 2020 /home/travis/build/icyphy/ptII/ptolemy/domains/continuous/test/auto/LevelCrossing4.xml
----------------- Instantiating /home/travis/build/icyphy/ptII/ptolemy/domains/continuous/test/auto/LevelCrossing4.xml
5 ms. Memory: 297984K Free: 193154K (65%)
----------------- Invoking toplevel() on ptolemy.moml.MoMLSimpleApplication@1c77d831
----------------- Done invoking toplevel() on ptolemy.moml.MoMLSimpleApplication@1c77d831
reloadAllAccessors: .LevelCrossing4

===========================================================================================
----------------- testing Wed Jul 15 15:07:53 UTC 2020 /home/travis/build/icyphy/ptII/ptolemy/domains/continuous/test/auto/LevelCrossing5.xml
----------------- Instantiating /home/travis/build/icyphy/ptII/ptolemy/domains/continuous/test/auto/LevelCrossing5.xml
3 ms. Memory: 297984K Free: 188034K (63%)
----------------- Invoking toplevel() on ptolemy.moml.MoMLSimpleApplication@21cc9af4
----------------- Done invoking toplevel() on ptolemy.moml.MoMLSimpleApplication@21cc9af4
reloadAllAccessors: .LevelCrossing5

===========================================================================================
[...]
reloadAllAccessors: .ResetTransitionWithStartTime6

===========================================================================================
----------------- testing Wed Jul 15 15:08:08 UTC 2020 /home/travis/build/icyphy/ptII/ptolemy/domains/continuous/test/auto/SRinContinuous.xml
----------------- Instantiating /home/travis/build/icyphy/ptII/ptolemy/domains/continuous/test/auto/SRinContinuous.xml
4 ms. Memory: 358400K Free: 206784K (58%)
----------------- Invoking toplevel() on ptolemy.moml.MoMLSimpleApplication@294b42fb
----------------- Done invoking toplevel() on ptolemy.moml.MoMLSimpleApplication@294b42fb
reloadAllAccessors: .SRinContinuous

===========================================================================================
----------------- testing Wed Jul 15 15:08:08 UTC 2020 /home/travis/build/icyphy/ptII/ptolemy/domains/continuous/test/auto/SampledClocks.xml
----------------- Instantiating /home/travis/build/icyphy/ptII/ptolemy/domains/continuous/test/auto/SampledClocks.xml
6 ms. Memory: 358400K Free: 193986K (54%)
----------------- Invoking toplevel() on ptolemy.moml.MoMLSimpleApplication@22b87f13
----------------- Done invoking toplevel() on ptolemy.moml.MoMLSimpleApplication@22b87f13
reloadAllAccessors: .SampledClocks

===========================================================================================
----------------- testing Wed Jul 15 15:08:08 UTC 2020 /home/travis/build/icyphy/ptII/ptolemy/domains/continuous/test/auto/Satellite.xml
----------------- Instantiating /home/travis/build/icyphy/ptII/ptolemy/domains/continuous/test/auto/Satellite.xml
757 ms. Memory: 358400K Free: 217125K (61%)
----------------- Invoking toplevel() on ptolemy.moml.MoMLSimpleApplication@613c032b
----------------- Done invoking toplevel() on ptolemy.moml.MoMLSimpleApplication@613c032b
reloadAllAccessors: .Satellite

===========================================================================================
----------------- testing Wed Jul 15 15:08:09 UTC 2020 /home/travis/build/icyphy/ptII/ptolemy/domains/continuous/test/auto/SigmaDelta.xml
----------------- Instantiating /home/travis/build/icyphy/ptII/ptolemy/domains/continuous/test/auto/SigmaDelta.xml
1993 ms. Memory: 358400K Free: 166428K (46%)
----------------- Invoking toplevel() on ptolemy.moml.MoMLSimpleApplication@78aec2d1
----------------- Done invoking toplevel() on ptolemy.moml.MoMLSimpleApplication@78aec2d1
reloadAllAccessors: .SigmaDelta

===========================================================================================
----------------- testing Wed Jul 15 15:08:11 UTC 2020 /home/travis/build/icyphy/ptII/ptolemy/domains/continuous/test/auto/SingleRefinement.xml
----------------- Instantiating /home/travis/build/icyphy/ptII/ptolemy/domains/continuous/test/auto/SingleRefinement.xml
393 ms. Memory: 358400K Free: 197351K (55%)
----------------- Invoking toplevel() on ptolemy.moml.MoMLSimpleApplication@6cc3e40
----------------- Done invoking toplevel() on ptolemy.moml.MoMLSimpleApplication@6cc3e40
reloadAllAccessors: .SingleRefinement

===========================================================================================
----------------- testing Wed Jul 15 15:08:11 UTC 2020 /home/travis/build/icyphy/ptII/ptolemy/domains/continuous/test/auto/SinuBouncingBall.xml
----------------- Instantiating /home/travis/build/icyphy/ptII/ptolemy/domains/continuous/test/auto/SinuBouncingBall.xml
796 ms. Memory: 358400K Free: 198712K (55%)
----------------- Invoking toplevel() on ptolemy.moml.MoMLSimpleApplication@48d9aec1
----------------- Done invoking toplevel() on ptolemy.moml.MoMLSimpleApplication@48d9aec1
reloadAllAccessors: .SinuBouncingBall

===========================================================================================
----------------- testing Wed Jul 15 15:08:12 UTC 2020 /home/travis/build/icyphy/ptII/ptolemy/domains/continuous/test/auto/Sinusoid.xml
----------------- Instantiating /home/travis/build/icyphy/ptII/ptolemy/domains/continuous/test/auto/Sinusoid.xml
4 ms. Memory: 358400K Free: 194106K (54%)
----------------- Invoking toplevel() on ptolemy.moml.MoMLSimpleApplication@4a3d6085
----------------- Done invoking toplevel() on ptolemy.moml.MoMLSimpleApplication@4a3d6085
reloadAllAccessors: .Sinusoid

===========================================================================================
----------------- testing Wed Jul 15 15:08:12 UTC 2020 /home/travis/build/icyphy/ptII/ptolemy/domains/continuous/test/auto/SinusoidInNoise.xml
----------------- Instantiating /home/travis/build/icyphy/ptII/ptolemy/domains/continuous/test/auto/SinusoidInNoise.xml
865 ms. Memory: 358400K Free: 272939K (76%)
----------------- Invoking toplevel() on ptolemy.moml.MoMLSimpleApplication@7efae3e7
----------------- Done invoking toplevel() on ptolemy.moml.MoMLSimpleApplication@7efae3e7
reloadAllAccessors: .SinusoidInNoise

===========================================================================================
----------------- testing Wed Jul 15 15:08:13 UTC 2020 /home/travis/build/icyphy/ptII/ptolemy/domains/continuous/test/auto/SinusoidRK45.xml
----------------- Instantiating /home/travis/build/icyphy/ptII/ptolemy/domains/continuous/test/auto/SinusoidRK45.xml
2 ms. Memory: 358400K Free: 268333K (75%)
----------------- Invoking toplevel() on ptolemy.moml.MoMLSimpleApplication@55021eb2
----------------- Done invoking toplevel() on ptolemy.moml.MoMLSimpleApplication@55021eb2
reloadAllAccessors: .SinusoidRK45

===========================================================================================
----------------- testing Wed Jul 15 15:08:13 UTC 2020 /home/travis/build/icyphy/ptII/ptolemy/domains/continuous/test/auto/SinusoidWithMultipleImpulses.xml
----------------- Instantiating /home/travis/build/icyphy/ptII/ptolemy/domains/continuous/test/auto/SinusoidWithMultipleImpulses.xml
3 ms. Memory: 358400K Free: 263723K (74%)
----------------- Invoking toplevel() on ptolemy.moml.MoMLSimpleApplication@13a6f661
----------------- Done invoking toplevel() on ptolemy.moml.MoMLSimpleApplication@13a6f661
reloadAllAccessors: .SinusoidWithMultipleImpulses

===========================================================================================
----------------- testing Wed Jul 15 15:08:13 UTC 2020 /home/travis/build/icyphy/ptII/ptolemy/domains/continuous/test/auto/SquareWave.xml
----------------- Instantiating /home/travis/build/icyphy/ptII/ptolemy/domains/continuous/test/auto/SquareWave.xml
148 ms. Memory: 358400K Free: 236075K (66%)
----------------- Invoking toplevel() on ptolemy.moml.MoMLSimpleApplication@507d248d
----------------- Done invoking toplevel() on ptolemy.moml.MoMLSimpleApplication@507d248d
reloadAllAccessors: .SquareWave

===========================================================================================
----------------- testing Wed Jul 15 15:08:13 UTC 2020 /home/travis/build/icyphy/ptII/ptolemy/domains/continuous/test/auto/Starmac.xml
----------------- Instantiating /home/travis/build/icyphy/ptII/ptolemy/domains/continuous/test/auto/Starmac.xml
3079 ms. Memory: 358400K Free: 135853K (38%)
----------------- Invoking toplevel() on ptolemy.moml.MoMLSimpleApplication@777154b9
----------------- Done invoking toplevel() on ptolemy.moml.MoMLSimpleApplication@777154b9
reloadAllAccessors: .Starmac

===========================================================================================
----------------- testing Wed Jul 15 15:08:17 UTC 2020 /home/travis/build/icyphy/ptII/ptolemy/domains/continuous/test/auto/StaticUnits.xml
----------------- Instantiating /home/travis/build/icyphy/ptII/ptolemy/domains/continuous/test/auto/StaticUnits.xml
1669 ms. Memory: 358400K Free: 311471K (87%)
----------------- Invoking toplevel() on ptolemy.moml.MoMLSimpleApplication@7a483ab8
----------------- Done invoking toplevel() on ptolemy.moml.MoMLSimpleApplication@7a483ab8
reloadAllAccessors: .StaticUnits

===========================================================================================
----------------- testing Wed Jul 15 15:08:19 UTC 2020 /home/travis/build/icyphy/ptII/ptolemy/domains/continuous/test/auto/StickyMasses.xml
----------------- Instantiating /home/travis/build/icyphy/ptII/ptolemy/domains/continuous/test/auto/StickyMasses.xml
135 ms. Memory: 358400K Free: 261809K (73%)
----------------- Invoking toplevel() on ptolemy.moml.MoMLSimpleApplication@32758d7b
----------------- Done invoking toplevel() on ptolemy.moml.MoMLSimpleApplication@32758d7b
reloadAllAccessors: .StickyMasses

===========================================================================================
----------------- testing Wed Jul 15 15:08:19 UTC 2020 /home/travis/build/icyphy/ptII/ptolemy/domains/continuous/test/auto/StopTime.xml
----------------- Instantiating /home/travis/build/icyphy/ptII/ptolemy/domains/continuous/test/auto/StopTime.xml
46 ms. Memory: 358400K Free: 237231K (66%)
----------------- Invoking toplevel() on ptolemy.moml.MoMLSimpleApplication@53bfce76
----------------- Done invoking toplevel() on ptolemy.moml.MoMLSimpleApplication@53bfce76
reloadAllAccessors: .StopTime

===========================================================================================
----------------- testing Wed Jul 15 15:08:19 UTC 2020 /home/travis/build/icyphy/ptII/ptolemy/domains/continuous/test/auto/StopTime2.xml
----------------- Instantiating /home/travis/build/icyphy/ptII/ptolemy/domains/continuous/test/auto/StopTime2.xml
36 ms. Memory: 358400K Free: 214705K (60%)
----------------- Invoking toplevel() on ptolemy.moml.MoMLSimpleApplication@20db4807
----------------- Done invoking toplevel() on ptolemy.moml.MoMLSimpleApplication@20db4807
reloadAllAccessors: .StopTime2

===========================================================================================
----------------- testing Wed Jul 15 15:08:19 UTC 2020 /home/travis/build/icyphy/ptII/ptolemy/domains/continuous/test/auto/Switch.xml
----------------- Instantiating /home/travis/build/icyphy/ptII/ptolemy/domains/continuous/test/auto/Switch.xml
38 ms. Memory: 358400K Free: 189601K (53%)
----------------- Invoking toplevel() on ptolemy.moml.MoMLSimpleApplication@238b1605
----------------- Done invoking toplevel() on ptolemy.moml.MoMLSimpleApplication@238b1605
reloadAllAccessors: .Switch

===========================================================================================
----------------- testing Wed Jul 15 15:08:19 UTC 2020 /home/travis/build/icyphy/ptII/ptolemy/domains/continuous/test/auto/Thermostat.xml
----------------- Instantiating /home/travis/build/icyphy/ptII/ptolemy/domains/continuous/test/auto/Thermostat.xml
182 ms. Memory: 358400K Free: 327319K (91%)
----------------- Invoking toplevel() on ptolemy.moml.MoMLSimpleApplication@4d95e8f
----------------- Done invoking toplevel() on ptolemy.moml.MoMLSimpleApplication@4d95e8f
reloadAllAccessors: .Thermostat

===========================================================================================
----------------- testing Wed Jul 15 15:08:20 UTC 2020 /home/travis/build/icyphy/ptII/ptolemy/domains/continuous/test/auto/TimeDelay.xml
----------------- Instantiating /home/travis/build/icyphy/ptII/ptolemy/domains/continuous/test/auto/TimeDelay.xml
5 ms. Memory: 358400K Free: 322199K (90%)
----------------- Invoking toplevel() on ptolemy.moml.MoMLSimpleApplication@58f071b3
----------------- Done invoking toplevel() on ptolemy.moml.MoMLSimpleApplication@58f071b3
reloadAllAccessors: .TimeDelay

===========================================================================================
----------------- testing Wed Jul 15 15:08:20 UTC 2020 /home/travis/build/icyphy/ptII/ptolemy/domains/continuous/test/auto/TimeDelay2.xml
----------------- Instantiating /home/travis/build/icyphy/ptII/ptolemy/domains/continuous/test/auto/TimeDelay2.xml
6 ms. Memory: 358400K Free: 312469K (87%)
----------------- Invoking toplevel() on ptolemy.moml.MoMLSimpleApplication@2ce3165d
----------------- Done invoking toplevel() on ptolemy.moml.MoMLSimpleApplication@2ce3165d
reloadAllAccessors: .TimeDelay2

===========================================================================================
----------------- testing Wed Jul 15 15:08:20 UTC 2020 /home/travis/build/icyphy/ptII/ptolemy/domains/continuous/test/auto/TimeDelay3.xml
----------------- Instantiating /home/travis/build/icyphy/ptII/ptolemy/domains/continuous/test/auto/TimeDelay3.xml
4 ms. Memory: 358400K Free: 307861K (86%)
----------------- Invoking toplevel() on ptolemy.moml.MoMLSimpleApplication@6b7b51cf
----------------- Done invoking toplevel() on ptolemy.moml.MoMLSimpleApplication@6b7b51cf
reloadAllAccessors: .TimeDelay3

===========================================================================================
----------------- testing Wed Jul 15 15:08:20 UTC 2020 /home/travis/build/icyphy/ptII/ptolemy/domains/continuous/test/auto/TransferAbsentToInside.xml
----------------- Instantiating /home/travis/build/icyphy/ptII/ptolemy/domains/continuous/test/auto/TransferAbsentToInside.xml
67 ms. Memory: 358400K Free: 254615K (71%)
----------------- Invoking toplevel() on ptolemy.moml.MoMLSimpleApplication@15ceedb
----------------- Done invoking toplevel() on ptolemy.moml.MoMLSimpleApplication@15ceedb
reloadAllAccessors: .TransferAbsentToInside

===========================================================================================
----------------- testing Wed Jul 15 15:08:20 UTC 2020 /home/travis/build/icyphy/ptII/ptolemy/domains/continuous/test/auto/Transmission.xml
----------------- Instantiating /home/travis/build/icyphy/ptII/ptolemy/domains/continuous/test/auto/Transmission.xml
735 ms. Memory: 358400K Free: 233018K (65%)
----------------- Invoking toplevel() on ptolemy.moml.MoMLSimpleApplication@58b1ffc1
----------------- Done invoking toplevel() on ptolemy.moml.MoMLSimpleApplication@58b1ffc1
reloadAllAccessors: .Transmission

===========================================================================================
----------------- testing Wed Jul 15 15:08:21 UTC 2020 /home/travis/build/icyphy/ptII/ptolemy/domains/continuous/test/auto/TriggeredContinuousClock.xml
----------------- Instantiating /home/travis/build/icyphy/ptII/ptolemy/domains/continuous/test/auto/TriggeredContinuousClock.xml
34 ms. Memory: 358400K Free: 203322K (57%)
----------------- Invoking toplevel() on ptolemy.moml.MoMLSimpleApplication@283f6ba1
----------------- Done invoking toplevel() on ptolemy.moml.MoMLSimpleApplication@283f6ba1
reloadAllAccessors: .TriggeredContinuousClock

===========================================================================================
----------------- testing Wed Jul 15 15:08:21 UTC 2020 /home/travis/build/icyphy/ptII/ptolemy/domains/continuous/test/auto/TwoMachineInfiniteBusControl.xml
----------------- Instantiating /home/travis/build/icyphy/ptII/ptolemy/domains/continuous/test/auto/TwoMachineInfiniteBusControl.xml
2777 ms. Memory: 358400K Free: 264251K (74%)
----------------- Invoking toplevel() on ptolemy.moml.MoMLSimpleApplication@c475099
----------------- Done invoking toplevel() on ptolemy.moml.MoMLSimpleApplication@c475099
reloadAllAccessors: .TwoMachineInfiniteBusControl

===========================================================================================
----------------- testing Wed Jul 15 15:08:24 UTC 2020 /home/travis/build/icyphy/ptII/ptolemy/domains/continuous/test/auto/V2V.xml
----------------- Instantiating /home/travis/build/icyphy/ptII/ptolemy/domains/continuous/test/auto/V2V.xml
736 ms. Memory: 358400K Free: 286264K (80%)
----------------- Invoking toplevel() on ptolemy.moml.MoMLSimpleApplication@510ee574
----------------- Done invoking toplevel() on ptolemy.moml.MoMLSimpleApplication@510ee574
reloadAllAccessors: .V2V

===========================================================================================
----------------- testing Wed Jul 15 15:08:24 UTC 2020 /home/travis/build/icyphy/ptII/ptolemy/domains/continuous/test/auto/hierarchicalModalModel.xml
----------------- Instantiating /home/travis/build/icyphy/ptII/ptolemy/domains/continuous/test/auto/hierarchicalModalModel.xml
8 ms. Memory: 358400K Free: 271928K (76%)
----------------- Invoking toplevel() on ptolemy.moml.MoMLSimpleApplication@2a86fc9d
----------------- Done invoking toplevel() on ptolemy.moml.MoMLSimpleApplication@2a86fc9d
reloadAllAccessors: .hierarchicalModalModel

===========================================================================================
----------------- testing Wed Jul 15 15:08:24 UTC 2020 /home/travis/build/icyphy/ptII/ptolemy/domains/continuous/test/auto/hierarchicalModalModel1.xml
----------------- Instantiating /home/travis/build/icyphy/ptII/ptolemy/domains/continuous/test/auto/hierarchicalModalModel1.xml
7 ms. Memory: 358400K Free: 257592K (72%)
----------------- Invoking toplevel() on ptolemy.moml.MoMLSimpleApplication@5eec1608
----------------- Done invoking toplevel() on ptolemy.moml.MoMLSimpleApplication@5eec1608
reloadAllAccessors: .hierarchicalModalModel1

===========================================================================================
----------------- testing Wed Jul 15 15:08:24 UTC 2020 /home/travis/build/icyphy/ptII/ptolemy/domains/continuous/test/auto/hierarchicalModalModel2.xml
----------------- Instantiating /home/travis/build/icyphy/ptII/ptolemy/domains/continuous/test/auto/hierarchicalModalModel2.xml
6 ms. Memory: 358400K Free: 245304K (68%)
----------------- Invoking toplevel() on ptolemy.moml.MoMLSimpleApplication@3139a157
----------------- Done invoking toplevel() on ptolemy.moml.MoMLSimpleApplication@3139a157
reloadAllAccessors: .hierarchicalModalModel2

===========================================================================================
----------------- testing Wed Jul 15 15:08:24 UTC 2020 /home/travis/build/icyphy/ptII/ptolemy/domains/continuous/test/auto/hierarchicalModalModel3.xml
----------------- Instantiating /home/travis/build/icyphy/ptII/ptolemy/domains/continuous/test/auto/hierarchicalModalModel3.xml
5 ms. Memory: 358400K Free: 234550K (65%)
----------------- Invoking toplevel() on ptolemy.moml.MoMLSimpleApplication@25015e63
----------------- Done invoking toplevel() on ptolemy.moml.MoMLSimpleApplication@25015e63
reloadAllAccessors: .hierarchicalModalModel3

===========================================================================================
----------------- testing Wed Jul 15 15:08:25 UTC 2020 /home/travis/build/icyphy/ptII/ptolemy/domains/continuous/test/auto/hierarchicalModalModel4.xml
----------------- Instantiating /home/travis/build/icyphy/ptII/ptolemy/domains/continuous/test/auto/hierarchicalModalModel4.xml
4 ms. Memory: 358400K Free: 222776K (62%)
----------------- Invoking toplevel() on ptolemy.moml.MoMLSimpleApplication@3cc19bf8
----------------- Done invoking toplevel() on ptolemy.moml.MoMLSimpleApplication@3cc19bf8
reloadAllAccessors: .hierarchicalModalModel4

===========================================================================================
----------------- testing Wed Jul 15 15:08:25 UTC 2020 /home/travis/build/icyphy/ptII/ptolemy/domains/continuous/test/auto/junk.xml
----------------- Instantiating /home/travis/build/icyphy/ptII/ptolemy/domains/continuous/test/auto/junk.xml
113 ms. Memory: 358400K Free: 197686K (55%)
----------------- Invoking toplevel() on ptolemy.moml.MoMLSimpleApplication@6267cf6b
----------------- Done invoking toplevel() on ptolemy.moml.MoMLSimpleApplication@6267cf6b
reloadAllAccessors: .junk
AutoTests.java: About to close Vertx.
AutoTests.java: Vertx closed.
]]></system-out>
  <system-err><![CDATA[Warning: '.IncreasingRatePoisson.NonStrictTest' The test produced only 393 tokens, yet the correctValues parameter was expecting 402 tokens.
Warning: '.Poisson.NonStrictTest' The test produced only 396 tokens, yet the correctValues parameter was expecting 430 tokens.
]]></system-err>
</testsuite>
