<?xml version="1.0" encoding="UTF-8" ?>
<testsuite errors="0" failures="0" hostname="travis-job-0069c683-e941-4ab1-99b3-5c5378370c70" name="ptolemy.actor.lib.hoc.test.junit.JUnitTclTest" skipped="0" tests="58" time="34.427" timestamp="2020-09-21T15:48:45">
  <properties>
[...]
</properties>
  <testcase classname="ptolemy.util.test.junit.TclTests" name="[0] /home/travis/build/icyphy/ptII/ptolemy/actor/lib/hoc/test/IterateOverArray.tcl (RunTclFile)" time="0.321" />
  <testcase classname="ptolemy.util.test.junit.AutoKnownFailedTests" name="[0] /home/travis/build/icyphy/ptII/ptolemy/actor/lib/hoc/test/auto/knownFailedTests/PreinitializeMustBeInvokedRunComposite.xml (RunModel)" time="0.487" />
  <testcase classname="ptolemy.util.test.junit.AutoNameArchTests" name="[0] ThereAreNoAutoArchTests (RunModel)" time="0.009" />
  <testcase classname="ptolemy.util.test.junit.AutoTests" name="[0] /home/travis/build/icyphy/ptII/ptolemy/actor/lib/hoc/test/auto/AllToAllMultiInstanceComposite.xml (RunModel)" time="0.449" />
  <testcase classname="ptolemy.util.test.junit.AutoTests" name="[1] /home/travis/build/icyphy/ptII/ptolemy/actor/lib/hoc/test/auto/ApplyFFTTest.xml (RunModel)" time="0.362" />
  <testcase classname="ptolemy.util.test.junit.AutoTests" name="[2] /home/travis/build/icyphy/ptII/ptolemy/actor/lib/hoc/test/auto/ApplyFunction.xml (RunModel)" time="0.082" />
  <testcase classname="ptolemy.util.test.junit.AutoTests" name="[3] /home/travis/build/icyphy/ptII/ptolemy/actor/lib/hoc/test/auto/BackgroundExecution.xml (RunModel)" time="0.754" />
  <testcase classname="ptolemy.util.test.junit.AutoTests" name="[4] /home/travis/build/icyphy/ptII/ptolemy/actor/lib/hoc/test/auto/Case.xml (RunModel)" time="0.068" />
  <testcase classname="ptolemy.util.test.junit.AutoTests" name="[5] /home/travis/build/icyphy/ptII/ptolemy/actor/lib/hoc/test/auto/Case1.xml (RunModel)" time="0.077" />
  <testcase classname="ptolemy.util.test.junit.AutoTests" name="[6] /home/travis/build/icyphy/ptII/ptolemy/actor/lib/hoc/test/auto/Case2.xml (RunModel)" time="0.123" />
  <testcase classname="ptolemy.util.test.junit.AutoTests" name="[7] /home/travis/build/icyphy/ptII/ptolemy/actor/lib/hoc/test/auto/Case3.xml (RunModel)" time="0.043" />
  <testcase classname="ptolemy.util.test.junit.AutoTests" name="[8] /home/travis/build/icyphy/ptII/ptolemy/actor/lib/hoc/test/auto/Case4.xml (RunModel)" time="0.07" />
  <testcase classname="ptolemy.util.test.junit.AutoTests" name="[9] /home/travis/build/icyphy/ptII/ptolemy/actor/lib/hoc/test/auto/Case5.xml (RunModel)" time="0.054" />
  <testcase classname="ptolemy.util.test.junit.AutoTests" name="[10] /home/travis/build/icyphy/ptII/ptolemy/actor/lib/hoc/test/auto/Case6.xml (RunModel)" time="0.157" />
  <testcase classname="ptolemy.util.test.junit.AutoTests" name="[11] /home/travis/build/icyphy/ptII/ptolemy/actor/lib/hoc/test/auto/CaseString2.xml (RunModel)" time="0.037" />
  <testcase classname="ptolemy.util.test.junit.AutoTests" name="[12] /home/travis/build/icyphy/ptII/ptolemy/actor/lib/hoc/test/auto/CatchUpComposite1.xml (RunModel)" time="0.093" />
  <testcase classname="ptolemy.util.test.junit.AutoTests" name="[13] /home/travis/build/icyphy/ptII/ptolemy/actor/lib/hoc/test/auto/CatchUpComposite2.xml (RunModel)" time="0.084" />
  <testcase classname="ptolemy.util.test.junit.AutoTests" name="[14] /home/travis/build/icyphy/ptII/ptolemy/actor/lib/hoc/test/auto/CatchUpComposite3.xml (RunModel)" time="0.066" />
  <testcase classname="ptolemy.util.test.junit.AutoTests" name="[15] /home/travis/build/icyphy/ptII/ptolemy/actor/lib/hoc/test/auto/CatchUpComposite4.xml (RunModel)" time="0.078" />
  <testcase classname="ptolemy.util.test.junit.AutoTests" name="[16] /home/travis/build/icyphy/ptII/ptolemy/actor/lib/hoc/test/auto/CatchUpComposite5.xml (RunModel)" time="0.062" />
  <testcase classname="ptolemy.util.test.junit.AutoTests" name="[17] /home/travis/build/icyphy/ptII/ptolemy/actor/lib/hoc/test/auto/CatchUpComposite6.xml (RunModel)" time="0.124" />
  <testcase classname="ptolemy.util.test.junit.AutoTests" name="[18] /home/travis/build/icyphy/ptII/ptolemy/actor/lib/hoc/test/auto/CatchUpComposite7.xml (RunModel)" time="0.098" />
  <testcase classname="ptolemy.util.test.junit.AutoTests" name="[19] /home/travis/build/icyphy/ptII/ptolemy/actor/lib/hoc/test/auto/ConcurrentExecutionTimeSDF.xml (RunModel)" time="1.429" />
  <testcase classname="ptolemy.util.test.junit.AutoTests" name="[20] /home/travis/build/icyphy/ptII/ptolemy/actor/lib/hoc/test/auto/ConcurrentSleep.xml (RunModel)" time="0.771" />
  <testcase classname="ptolemy.util.test.junit.AutoTests" name="[21] /home/travis/build/icyphy/ptII/ptolemy/actor/lib/hoc/test/auto/DEInPNInRunCompositeActor.xml (RunModel)" time="0.037" />
  <testcase classname="ptolemy.util.test.junit.AutoTests" name="[22] /home/travis/build/icyphy/ptII/ptolemy/actor/lib/hoc/test/auto/DFTSubSetTest.xml (RunModel)" time="0.346" />
  <testcase classname="ptolemy.util.test.junit.AutoTests" name="[23] /home/travis/build/icyphy/ptII/ptolemy/actor/lib/hoc/test/auto/HocDE.xml (RunModel)" time="0.201" />
  <testcase classname="ptolemy.util.test.junit.AutoTests" name="[24] /home/travis/build/icyphy/ptII/ptolemy/actor/lib/hoc/test/auto/IterateOverArray.xml (RunModel)" time="0.028" />
  <testcase classname="ptolemy.util.test.junit.AutoTests" name="[25] /home/travis/build/icyphy/ptII/ptolemy/actor/lib/hoc/test/auto/IterateOverArray10.xml (RunModel)" time="0.039" />
  <testcase classname="ptolemy.util.test.junit.AutoTests" name="[26] /home/travis/build/icyphy/ptII/ptolemy/actor/lib/hoc/test/auto/IterateOverArray11.xml (RunModel)" time="0.022" />
  <testcase classname="ptolemy.util.test.junit.AutoTests" name="[27] /home/travis/build/icyphy/ptII/ptolemy/actor/lib/hoc/test/auto/IterateOverArray12.xml (RunModel)" time="0.035" />
  <testcase classname="ptolemy.util.test.junit.AutoTests" name="[28] /home/travis/build/icyphy/ptII/ptolemy/actor/lib/hoc/test/auto/IterateOverArray13.xml (RunModel)" time="0.204" />
  <testcase classname="ptolemy.util.test.junit.AutoTests" name="[29] /home/travis/build/icyphy/ptII/ptolemy/actor/lib/hoc/test/auto/IterateOverArray14.xml (RunModel)" time="0.166" />
  <testcase classname="ptolemy.util.test.junit.AutoTests" name="[30] /home/travis/build/icyphy/ptII/ptolemy/actor/lib/hoc/test/auto/IterateOverArray2.xml (RunModel)" time="0.03" />
  <testcase classname="ptolemy.util.test.junit.AutoTests" name="[31] /home/travis/build/icyphy/ptII/ptolemy/actor/lib/hoc/test/auto/IterateOverArray3.xml (RunModel)" time="0.038" />
  <testcase classname="ptolemy.util.test.junit.AutoTests" name="[32] /home/travis/build/icyphy/ptII/ptolemy/actor/lib/hoc/test/auto/IterateOverArray4.xml (RunModel)" time="0.026" />
  <testcase classname="ptolemy.util.test.junit.AutoTests" name="[33] /home/travis/build/icyphy/ptII/ptolemy/actor/lib/hoc/test/auto/IterateOverArray5.xml (RunModel)" time="0.032" />
  <testcase classname="ptolemy.util.test.junit.AutoTests" name="[34] /home/travis/build/icyphy/ptII/ptolemy/actor/lib/hoc/test/auto/IterateOverArray6.xml (RunModel)" time="0.023" />
  <testcase classname="ptolemy.util.test.junit.AutoTests" name="[35] /home/travis/build/icyphy/ptII/ptolemy/actor/lib/hoc/test/auto/IterateOverArray7.xml (RunModel)" time="0.019" />
  <testcase classname="ptolemy.util.test.junit.AutoTests" name="[36] /home/travis/build/icyphy/ptII/ptolemy/actor/lib/hoc/test/auto/IterateOverArray8.xml (RunModel)" time="0.024" />
  <testcase classname="ptolemy.util.test.junit.AutoTests" name="[37] /home/travis/build/icyphy/ptII/ptolemy/actor/lib/hoc/test/auto/IterateOverArray9.xml (RunModel)" time="0.026" />
  <testcase classname="ptolemy.util.test.junit.AutoTests" name="[38] /home/travis/build/icyphy/ptII/ptolemy/actor/lib/hoc/test/auto/IterateOverArrayCoercedOutputType.xml (RunModel)" time="0.042" />
  <testcase classname="ptolemy.util.test.junit.AutoTests" name="[39] /home/travis/build/icyphy/ptII/ptolemy/actor/lib/hoc/test/auto/IterateOverArrayInferredOutputType.xml (RunModel)" time="0.027" />
  <testcase classname="ptolemy.util.test.junit.AutoTests" name="[40] /home/travis/build/icyphy/ptII/ptolemy/actor/lib/hoc/test/auto/MobileFunctionTest.xml (RunModel)" time="0.024" />
  <testcase classname="ptolemy.util.test.junit.AutoTests" name="[41] /home/travis/build/icyphy/ptII/ptolemy/actor/lib/hoc/test/auto/MobileModelTest.xml (RunModel)" time="0.235" />
  <testcase classname="ptolemy.util.test.junit.AutoTests" name="[42] /home/travis/build/icyphy/ptII/ptolemy/actor/lib/hoc/test/auto/ModelReference.xml (RunModel)" time="0.095" />
  <testcase classname="ptolemy.util.test.junit.AutoTests" name="[43] /home/travis/build/icyphy/ptII/ptolemy/actor/lib/hoc/test/auto/ModelReference3.xml (RunModel)" time="0.035" />
  <testcase classname="ptolemy.util.test.junit.AutoTests" name="[44] /home/travis/build/icyphy/ptII/ptolemy/actor/lib/hoc/test/auto/ModelReference4.xml (RunModel)" time="10.031" />
  <testcase classname="ptolemy.util.test.junit.AutoTests" name="[45] /home/travis/build/icyphy/ptII/ptolemy/actor/lib/hoc/test/auto/MultiInstanceComposite.xml (RunModel)" time="0.056" />
  <testcase classname="ptolemy.util.test.junit.AutoTests" name="[46] /home/travis/build/icyphy/ptII/ptolemy/actor/lib/hoc/test/auto/MultiInstanceComposite2.xml (RunModel)" time="0.041" />
  <testcase classname="ptolemy.util.test.junit.AutoTests" name="[47] /home/travis/build/icyphy/ptII/ptolemy/actor/lib/hoc/test/auto/MulticoreExecution.xml (RunModel)" time="1.062" />
  <testcase classname="ptolemy.util.test.junit.AutoTests" name="[48] /home/travis/build/icyphy/ptII/ptolemy/actor/lib/hoc/test/auto/ParallelExecution.xml (RunModel)" time="0.932" />
  <testcase classname="ptolemy.util.test.junit.AutoTests" name="[49] /home/travis/build/icyphy/ptII/ptolemy/actor/lib/hoc/test/auto/RunCompositeActor.xml (RunModel)" time="0.022" />
  <testcase classname="ptolemy.util.test.junit.AutoTests" name="[50] /home/travis/build/icyphy/ptII/ptolemy/actor/lib/hoc/test/auto/RunCompositeActor2.xml (RunModel)" time="0.031" />
  <testcase classname="ptolemy.util.test.junit.AutoTests" name="[51] /home/travis/build/icyphy/ptII/ptolemy/actor/lib/hoc/test/auto/RunCompositeActor3.xml (RunModel)" time="0.021" />
  <testcase classname="ptolemy.util.test.junit.AutoTests" name="[52] /home/travis/build/icyphy/ptII/ptolemy/actor/lib/hoc/test/auto/RunCompositeActor4.xml (RunModel)" time="0.025" />
  <testcase classname="ptolemy.util.test.junit.AutoTests" name="[53] /home/travis/build/icyphy/ptII/ptolemy/actor/lib/hoc/test/auto/RunCompositeIterateOverArray.xml (RunModel)" time="0.02" />
  <testcase classname="ptolemy.util.test.junit.AutoTests" name="[54] /home/travis/build/icyphy/ptII/ptolemy/actor/lib/hoc/test/auto/ThreadedJS.xml (RunModel)" time="13.775" />
  <system-out><![CDATA[/home/travis/build/icyphy/ptII/ptolemy/actor/lib/hoc/test/IterateOverArray.tcl
testDefs.tcl: setting time out to 9000 seconds at Mon Sep 21 15:48:45 UTC 2020
09/21/20 03:48:45
Failed: 0  Total Tests: 2  ((Passed: 2, Newly Passed: 0)  Known Failed: 0) /home/travis/build/icyphy/ptII/ptolemy/actor/lib/hoc/test
----------------- testing (KnownFailure) /home/travis/build/icyphy/ptII/ptolemy/actor/lib/hoc/test/auto/knownFailedTests/PreinitializeMustBeInvokedRunComposite.xml
129 ms. Memory: 129024K Free: 86466K (67%)
Known Failure: java.lang.reflect.InvocationTargetException
No auto/linux-amd64/*.xml tests in /home/travis/build/icyphy/ptII/ptolemy/actor/lib/hoc/test
AutoTests.java: About to close Vertx.
AutoTests.java: Vertx closed.

===========================================================================================
----------------- testing Mon Sep 21 15:48:46 UTC 2020 /home/travis/build/icyphy/ptII/ptolemy/actor/lib/hoc/test/auto/AllToAllMultiInstanceComposite.xml
----------------- Instantiating /home/travis/build/icyphy/ptII/ptolemy/actor/lib/hoc/test/auto/AllToAllMultiInstanceComposite.xml
199 ms. Memory: 129024K Free: 104767K (81%)
----------------- Invoking toplevel() on ptolemy.moml.MoMLSimpleApplication@1e4e0feb
----------------- Done invoking toplevel() on ptolemy.moml.MoMLSimpleApplication@1e4e0feb
reloadAllAccessors: .AllToAllMultiInstanceComposite

===========================================================================================
----------------- testing Mon Sep 21 15:48:47 UTC 2020 /home/travis/build/icyphy/ptII/ptolemy/actor/lib/hoc/test/auto/ApplyFFTTest.xml
----------------- Instantiating /home/travis/build/icyphy/ptII/ptolemy/actor/lib/hoc/test/auto/ApplyFFTTest.xml
139 ms. Memory: 129024K Free: 86288K (67%)
----------------- Invoking toplevel() on ptolemy.moml.MoMLSimpleApplication@b033dc6
----------------- Done invoking toplevel() on ptolemy.moml.MoMLSimpleApplication@b033dc6
reloadAllAccessors: .ApplyFFTTest

===========================================================================================
----------------- testing Mon Sep 21 15:48:47 UTC 2020 /home/travis/build/icyphy/ptII/ptolemy/actor/lib/hoc/test/auto/ApplyFunction.xml
----------------- Instantiating /home/travis/build/icyphy/ptII/ptolemy/actor/lib/hoc/test/auto/ApplyFunction.xml
6 ms. Memory: 129024K Free: 112308K (87%)
----------------- Invoking toplevel() on ptolemy.moml.MoMLSimpleApplication@6ce1c5ad
----------------- Done invoking toplevel() on ptolemy.moml.MoMLSimpleApplication@6ce1c5ad
reloadAllAccessors: .ApplyFunction

===========================================================================================
----------------- testing Mon Sep 21 15:48:47 UTC 2020 /home/travis/build/icyphy/ptII/ptolemy/actor/lib/hoc/test/auto/BackgroundExecution.xml
----------------- Instantiating /home/travis/build/icyphy/ptII/ptolemy/actor/lib/hoc/test/auto/BackgroundExecution.xml
636 ms. Memory: 129024K Free: 105122K (81%)
----------------- Invoking toplevel() on ptolemy.moml.MoMLSimpleApplication@6e806846
----------------- Done invoking toplevel() on ptolemy.moml.MoMLSimpleApplication@6e806846
reloadAllAccessors: .BackgroundExecution

===========================================================================================
----------------- testing Mon Sep 21 15:48:48 UTC 2020 /home/travis/build/icyphy/ptII/ptolemy/actor/lib/hoc/test/auto/Case.xml
----------------- Instantiating /home/travis/build/icyphy/ptII/ptolemy/actor/lib/hoc/test/auto/Case.xml
26 ms. Memory: 129024K Free: 98174K (76%)
----------------- Invoking toplevel() on ptolemy.moml.MoMLSimpleApplication@27bed4a4
----------------- Done invoking toplevel() on ptolemy.moml.MoMLSimpleApplication@27bed4a4
reloadAllAccessors: .Case

===========================================================================================
----------------- testing Mon Sep 21 15:48:48 UTC 2020 /home/travis/build/icyphy/ptII/ptolemy/actor/lib/hoc/test/auto/Case1.xml
----------------- Instantiating /home/travis/build/icyphy/ptII/ptolemy/actor/lib/hoc/test/auto/Case1.xml
20 ms. Memory: 129024K Free: 91796K (71%)
----------------- Invoking toplevel() on ptolemy.moml.MoMLSimpleApplication@2fe2dccb
----------------- Done invoking toplevel() on ptolemy.moml.MoMLSimpleApplication@2fe2dccb
reloadAllAccessors: .Case1

===========================================================================================
----------------- testing Mon Sep 21 15:48:48 UTC 2020 /home/travis/build/icyphy/ptII/ptolemy/actor/lib/hoc/test/auto/Case2.xml
----------------- Instantiating /home/travis/build/icyphy/ptII/ptolemy/actor/lib/hoc/test/auto/Case2.xml
42 ms. Memory: 129024K Free: 81628K (63%)
----------------- Invoking toplevel() on ptolemy.moml.MoMLSimpleApplication@60a901e7
----------------- Done invoking toplevel() on ptolemy.moml.MoMLSimpleApplication@60a901e7
reloadAllAccessors: .Case2

===========================================================================================
----------------- testing Mon Sep 21 15:48:48 UTC 2020 /home/travis/build/icyphy/ptII/ptolemy/actor/lib/hoc/test/auto/Case3.xml
----------------- Instantiating /home/travis/build/icyphy/ptII/ptolemy/actor/lib/hoc/test/auto/Case3.xml
12 ms. Memory: 129024K Free: 112836K (87%)
----------------- Invoking toplevel() on ptolemy.moml.MoMLSimpleApplication@13fddcab
----------------- Done invoking toplevel() on ptolemy.moml.MoMLSimpleApplication@13fddcab
reloadAllAccessors: .Case3

===========================================================================================
----------------- testing Mon Sep 21 15:48:48 UTC 2020 /home/travis/build/icyphy/ptII/ptolemy/actor/lib/hoc/test/auto/Case4.xml
----------------- Instantiating /home/travis/build/icyphy/ptII/ptolemy/actor/lib/hoc/test/auto/Case4.xml
17 ms. Memory: 129024K Free: 104810K (81%)
----------------- Invoking toplevel() on ptolemy.moml.MoMLSimpleApplication@3cdd0efe
----------------- Done invoking toplevel() on ptolemy.moml.MoMLSimpleApplication@3cdd0efe
reloadAllAccessors: .Case4

===========================================================================================
----------------- testing Mon Sep 21 15:48:48 UTC 2020 /home/travis/build/icyphy/ptII/ptolemy/actor/lib/hoc/test/auto/Case5.xml
----------------- Instantiating /home/travis/build/icyphy/ptII/ptolemy/actor/lib/hoc/test/auto/Case5.xml
33 ms. Memory: 129024K Free: 98369K (76%)
----------------- Invoking toplevel() on ptolemy.moml.MoMLSimpleApplication@463bb862
----------------- Done invoking toplevel() on ptolemy.moml.MoMLSimpleApplication@463bb862
reloadAllAccessors: .junk

===========================================================================================
----------------- testing Mon Sep 21 15:48:48 UTC 2020 /home/travis/build/icyphy/ptII/ptolemy/actor/lib/hoc/test/auto/Case6.xml
----------------- Instantiating /home/travis/build/icyphy/ptII/ptolemy/actor/lib/hoc/test/auto/Case6.xml
63 ms. Memory: 129024K Free: 86408K (67%)
----------------- Invoking toplevel() on ptolemy.moml.MoMLSimpleApplication@1f96c3bb
----------------- Done invoking toplevel() on ptolemy.moml.MoMLSimpleApplication@1f96c3bb
reloadAllAccessors: .Case6

===========================================================================================
----------------- testing Mon Sep 21 15:48:48 UTC 2020 /home/travis/build/icyphy/ptII/ptolemy/actor/lib/hoc/test/auto/CaseString2.xml
----------------- Instantiating /home/travis/build/icyphy/ptII/ptolemy/actor/lib/hoc/test/auto/CaseString2.xml
15 ms. Memory: 129024K Free: 78858K (61%)
----------------- Invoking toplevel() on ptolemy.moml.MoMLSimpleApplication@fffcece
----------------- Done invoking toplevel() on ptolemy.moml.MoMLSimpleApplication@fffcece
reloadAllAccessors: .CaseString2

===========================================================================================
----------------- testing Mon Sep 21 15:48:48 UTC 2020 /home/travis/build/icyphy/ptII/ptolemy/actor/lib/hoc/test/auto/CatchUpComposite1.xml
----------------- Instantiating /home/travis/build/icyphy/ptII/ptolemy/actor/lib/hoc/test/auto/CatchUpComposite1.xml
38 ms. Memory: 129024K Free: 69697K (54%)
----------------- Invoking toplevel() on ptolemy.moml.MoMLSimpleApplication@143ef175
----------------- Done invoking toplevel() on ptolemy.moml.MoMLSimpleApplication@143ef175
reloadAllAccessors: .CatchUpComposite1

===========================================================================================
----------------- testing Mon Sep 21 15:48:48 UTC 2020 /home/travis/build/icyphy/ptII/ptolemy/actor/lib/hoc/test/auto/CatchUpComposite2.xml
----------------- Instantiating /home/travis/build/icyphy/ptII/ptolemy/actor/lib/hoc/test/auto/CatchUpComposite2.xml
27 ms. Memory: 129024K Free: 110642K (86%)
----------------- Invoking toplevel() on ptolemy.moml.MoMLSimpleApplication@34f20ee
----------------- Done invoking toplevel() on ptolemy.moml.MoMLSimpleApplication@34f20ee
reloadAllAccessors: .CatchUpComposite2

===========================================================================================
----------------- testing Mon Sep 21 15:48:49 UTC 2020 /home/travis/build/icyphy/ptII/ptolemy/actor/lib/hoc/test/auto/CatchUpComposite3.xml
----------------- Instantiating /home/travis/build/icyphy/ptII/ptolemy/actor/lib/hoc/test/auto/CatchUpComposite3.xml
33 ms. Memory: 129024K Free: 102047K (79%)
----------------- Invoking toplevel() on ptolemy.moml.MoMLSimpleApplication@7324742f
----------------- Done invoking toplevel() on ptolemy.moml.MoMLSimpleApplication@7324742f
reloadAllAccessors: .CatchUpComposite3

===========================================================================================
----------------- testing Mon Sep 21 15:48:49 UTC 2020 /home/travis/build/icyphy/ptII/ptolemy/actor/lib/hoc/test/auto/CatchUpComposite4.xml
----------------- Instantiating /home/travis/build/icyphy/ptII/ptolemy/actor/lib/hoc/test/auto/CatchUpComposite4.xml
22 ms. Memory: 129024K Free: 94236K (73%)
----------------- Invoking toplevel() on ptolemy.moml.MoMLSimpleApplication@77e72913
----------------- Done invoking toplevel() on ptolemy.moml.MoMLSimpleApplication@77e72913
reloadAllAccessors: .CatchUpComposite4

===========================================================================================
----------------- testing Mon Sep 21 15:48:49 UTC 2020 /home/travis/build/icyphy/ptII/ptolemy/actor/lib/hoc/test/auto/CatchUpComposite5.xml
----------------- Instantiating /home/travis/build/icyphy/ptII/ptolemy/actor/lib/hoc/test/auto/CatchUpComposite5.xml
7 ms. Memory: 129024K Free: 86639K (67%)
----------------- Invoking toplevel() on ptolemy.moml.MoMLSimpleApplication@7ed84db1
----------------- Done invoking toplevel() on ptolemy.moml.MoMLSimpleApplication@7ed84db1
reloadAllAccessors: .CatchUpComposite5

===========================================================================================
----------------- testing Mon Sep 21 15:48:49 UTC 2020 /home/travis/build/icyphy/ptII/ptolemy/actor/lib/hoc/test/auto/CatchUpComposite6.xml
----------------- Instantiating /home/travis/build/icyphy/ptII/ptolemy/actor/lib/hoc/test/auto/CatchUpComposite6.xml
WARNING: The execution aspects in this model can influence the timing of actors by delaying the 
execution, potentially changing the behavior. There is no guarantee that actors fire at the 
time they request to be fired. 
Use Ptides for deterministic DE behavior that is not influenced by execution aspects. 

59 ms. Memory: 129024K Free: 71738K (56%)
----------------- Invoking toplevel() on ptolemy.moml.MoMLSimpleApplication@7eca1615
----------------- Done invoking toplevel() on ptolemy.moml.MoMLSimpleApplication@7eca1615
reloadAllAccessors: .CatchUpComposite6

===========================================================================================
----------------- testing Mon Sep 21 15:48:49 UTC 2020 /home/travis/build/icyphy/ptII/ptolemy/actor/lib/hoc/test/auto/CatchUpComposite7.xml
----------------- Instantiating /home/travis/build/icyphy/ptII/ptolemy/actor/lib/hoc/test/auto/CatchUpComposite7.xml
WARNING: The execution aspects in this model can influence the timing of actors by delaying the 
execution, potentially changing the behavior. There is no guarantee that actors fire at the 
time they request to be fired. 
Use Ptides for deterministic DE behavior that is not influenced by execution aspects. 

35 ms. Memory: 129024K Free: 58037K (45%)
----------------- Invoking toplevel() on ptolemy.moml.MoMLSimpleApplication@34369be6
----------------- Done invoking toplevel() on ptolemy.moml.MoMLSimpleApplication@34369be6
reloadAllAccessors: .CatchUpComposite7

===========================================================================================
----------------- testing Mon Sep 21 15:48:49 UTC 2020 /home/travis/build/icyphy/ptII/ptolemy/actor/lib/hoc/test/auto/ConcurrentExecutionTimeSDF.xml
----------------- Instantiating /home/travis/build/icyphy/ptII/ptolemy/actor/lib/hoc/test/auto/ConcurrentExecutionTimeSDF.xml
Fired ExecutionTime: 40400000
Fired ExecutionTime: 40400000
Fired ExecutionTime: 40400000
Fired ExecutionTime: 40400000
Fired ExecutionTime: 40400000
Fired ExecutionTime: 40400000
Fired ExecutionTime: 40400000
Fired ExecutionTime: 40400000
Fired ExecutionTime: 40400000
Fired ExecutionTime: 40400000
Fired ExecutionTime: 40400000
Fired ExecutionTime: 40400000
Fired ExecutionTime: 40400000
Fired ExecutionTime: 40400000
Fired ExecutionTime: 40400000
Fired ExecutionTime: 40400000
Fired ExecutionTime: 40400000
Fired ExecutionTime: 40400000
Fired ExecutionTime: 40400000
Fired ExecutionTime: 40400000
1392 ms. Memory: 129024K Free: 109355K (85%)
----------------- Invoking toplevel() on ptolemy.moml.MoMLSimpleApplication@2098e5a2
----------------- Done invoking toplevel() on ptolemy.moml.MoMLSimpleApplication@2098e5a2
reloadAllAccessors: .ConcurrentExecutionTimeSDF

===========================================================================================
----------------- testing Mon Sep 21 15:48:50 UTC 2020 /home/travis/build/icyphy/ptII/ptolemy/actor/lib/hoc/test/auto/ConcurrentSleep.xml
----------------- Instantiating /home/travis/build/icyphy/ptII/ptolemy/actor/lib/hoc/test/auto/ConcurrentSleep.xml
728 ms. Memory: 129024K Free: 98692K (76%)
----------------- Invoking toplevel() on ptolemy.moml.MoMLSimpleApplication@25859566
----------------- Done invoking toplevel() on ptolemy.moml.MoMLSimpleApplication@25859566
reloadAllAccessors: .ConcurrentSleep

===========================================================================================
----------------- testing Mon Sep 21 15:48:51 UTC 2020 /home/travis/build/icyphy/ptII/ptolemy/actor/lib/hoc/test/auto/DEInPNInRunCompositeActor.xml
----------------- Instantiating /home/travis/build/icyphy/ptII/ptolemy/actor/lib/hoc/test/auto/DEInPNInRunCompositeActor.xml
14 ms. Memory: 129024K Free: 93396K (72%)
----------------- Invoking toplevel() on ptolemy.moml.MoMLSimpleApplication@171ae6b
----------------- Done invoking toplevel() on ptolemy.moml.MoMLSimpleApplication@171ae6b
reloadAllAccessors: .DEInPNInRunCompositeActor

===========================================================================================
----------------- testing Mon Sep 21 15:48:51 UTC 2020 /home/travis/build/icyphy/ptII/ptolemy/actor/lib/hoc/test/auto/DFTSubSetTest.xml
----------------- Instantiating /home/travis/build/icyphy/ptII/ptolemy/actor/lib/hoc/test/auto/DFTSubSetTest.xml
211 ms. Memory: 129024K Free: 50987K (40%)
----------------- Invoking toplevel() on ptolemy.moml.MoMLSimpleApplication@26d0ea6
----------------- Done invoking toplevel() on ptolemy.moml.MoMLSimpleApplication@26d0ea6
reloadAllAccessors: .DFTSubSetTest

===========================================================================================
----------------- testing Mon Sep 21 15:48:52 UTC 2020 /home/travis/build/icyphy/ptII/ptolemy/actor/lib/hoc/test/auto/HocDE.xml
----------------- Instantiating /home/travis/build/icyphy/ptII/ptolemy/actor/lib/hoc/test/auto/HocDE.xml
139 ms. Memory: 129024K Free: 89502K (69%)
----------------- Invoking toplevel() on ptolemy.moml.MoMLSimpleApplication@31c409c2
----------------- Done invoking toplevel() on ptolemy.moml.MoMLSimpleApplication@31c409c2
reloadAllAccessors: .HocDE

===========================================================================================
----------------- testing Mon Sep 21 15:48:52 UTC 2020 /home/travis/build/icyphy/ptII/ptolemy/actor/lib/hoc/test/auto/IterateOverArray.xml
----------------- Instantiating /home/travis/build/icyphy/ptII/ptolemy/actor/lib/hoc/test/auto/IterateOverArray.xml
9 ms. Memory: 129024K Free: 84833K (66%)
----------------- Invoking toplevel() on ptolemy.moml.MoMLSimpleApplication@4edfca45
----------------- Done invoking toplevel() on ptolemy.moml.MoMLSimpleApplication@4edfca45
reloadAllAccessors: .IterateOverArray

===========================================================================================
----------------- testing Mon Sep 21 15:48:52 UTC 2020 /home/travis/build/icyphy/ptII/ptolemy/actor/lib/hoc/test/auto/IterateOverArray10.xml
----------------- Instantiating /home/travis/build/icyphy/ptII/ptolemy/actor/lib/hoc/test/auto/IterateOverArray10.xml
8 ms. Memory: 129024K Free: 81310K (63%)
----------------- Invoking toplevel() on ptolemy.moml.MoMLSimpleApplication@6224a61d
----------------- Done invoking toplevel() on ptolemy.moml.MoMLSimpleApplication@6224a61d
reloadAllAccessors: .IterateOverArray10

===========================================================================================
----------------- testing Mon Sep 21 15:48:52 UTC 2020 /home/travis/build/icyphy/ptII/ptolemy/actor/lib/hoc/test/auto/IterateOverArray11.xml
----------------- Instantiating /home/travis/build/icyphy/ptII/ptolemy/actor/lib/hoc/test/auto/IterateOverArray11.xml
5 ms. Memory: 129024K Free: 77192K (60%)
----------------- Invoking toplevel() on ptolemy.moml.MoMLSimpleApplication@65ad7a00
----------------- Done invoking toplevel() on ptolemy.moml.MoMLSimpleApplication@65ad7a00
reloadAllAccessors: .IterateOverArray11

===========================================================================================
----------------- testing Mon Sep 21 15:48:52 UTC 2020 /home/travis/build/icyphy/ptII/ptolemy/actor/lib/hoc/test/auto/IterateOverArray12.xml
----------------- Instantiating /home/travis/build/icyphy/ptII/ptolemy/actor/lib/hoc/test/auto/IterateOverArray12.xml
16 ms. Memory: 129024K Free: 71056K (55%)
----------------- Invoking toplevel() on ptolemy.moml.MoMLSimpleApplication@38aaf64c
----------------- Done invoking toplevel() on ptolemy.moml.MoMLSimpleApplication@38aaf64c
reloadAllAccessors: .IterateOverArray12

===========================================================================================
----------------- testing Mon Sep 21 15:48:52 UTC 2020 /home/travis/build/icyphy/ptII/ptolemy/actor/lib/hoc/test/auto/IterateOverArray13.xml
----------------- Instantiating /home/travis/build/icyphy/ptII/ptolemy/actor/lib/hoc/test/auto/IterateOverArray13.xml
99 ms. Memory: 155648K Free: 135652K (87%)
----------------- Invoking toplevel() on ptolemy.moml.MoMLSimpleApplication@7d80ce07
----------------- Done invoking toplevel() on ptolemy.moml.MoMLSimpleApplication@7d80ce07
reloadAllAccessors: .IterateOverArray13

===========================================================================================
----------------- testing Mon Sep 21 15:48:52 UTC 2020 /home/travis/build/icyphy/ptII/ptolemy/actor/lib/hoc/test/auto/IterateOverArray14.xml
----------------- Instantiating /home/travis/build/icyphy/ptII/ptolemy/actor/lib/hoc/test/auto/IterateOverArray14.xml
64 ms. Memory: 155648K Free: 102179K (66%)
----------------- Invoking toplevel() on ptolemy.moml.MoMLSimpleApplication@6a0fdf36
----------------- Done invoking toplevel() on ptolemy.moml.MoMLSimpleApplication@6a0fdf36
reloadAllAccessors: .IterateOverArray14

===========================================================================================
----------------- testing Mon Sep 21 15:48:52 UTC 2020 /home/travis/build/icyphy/ptII/ptolemy/actor/lib/hoc/test/auto/IterateOverArray2.xml
----------------- Instantiating /home/travis/build/icyphy/ptII/ptolemy/actor/lib/hoc/test/auto/IterateOverArray2.xml
10 ms. Memory: 155648K Free: 97569K (63%)
----------------- Invoking toplevel() on ptolemy.moml.MoMLSimpleApplication@35d3c6e
----------------- Done invoking toplevel() on ptolemy.moml.MoMLSimpleApplication@35d3c6e
reloadAllAccessors: .IterateOverArray2

===========================================================================================
----------------- testing Mon Sep 21 15:48:52 UTC 2020 /home/travis/build/icyphy/ptII/ptolemy/actor/lib/hoc/test/auto/IterateOverArray3.xml
----------------- Instantiating /home/travis/build/icyphy/ptII/ptolemy/actor/lib/hoc/test/auto/IterateOverArray3.xml
16 ms. Memory: 155648K Free: 91425K (59%)
----------------- Invoking toplevel() on ptolemy.moml.MoMLSimpleApplication@3588153
----------------- Done invoking toplevel() on ptolemy.moml.MoMLSimpleApplication@3588153
reloadAllAccessors: .IterateOverArray3

===========================================================================================
----------------- testing Mon Sep 21 15:48:52 UTC 2020 /home/travis/build/icyphy/ptII/ptolemy/actor/lib/hoc/test/auto/IterateOverArray4.xml
----------------- Instantiating /home/travis/build/icyphy/ptII/ptolemy/actor/lib/hoc/test/auto/IterateOverArray4.xml
5 ms. Memory: 155648K Free: 87329K (56%)
----------------- Invoking toplevel() on ptolemy.moml.MoMLSimpleApplication@6518e374
----------------- Done invoking toplevel() on ptolemy.moml.MoMLSimpleApplication@6518e374
reloadAllAccessors: .IterateOverArray4

===========================================================================================
----------------- testing Mon Sep 21 15:48:52 UTC 2020 /home/travis/build/icyphy/ptII/ptolemy/actor/lib/hoc/test/auto/IterateOverArray5.xml
----------------- Instantiating /home/travis/build/icyphy/ptII/ptolemy/actor/lib/hoc/test/auto/IterateOverArray5.xml
4 ms. Memory: 155648K Free: 83233K (53%)
----------------- Invoking toplevel() on ptolemy.moml.MoMLSimpleApplication@4e112ec1
----------------- Done invoking toplevel() on ptolemy.moml.MoMLSimpleApplication@4e112ec1
reloadAllAccessors: .IterateOverArray5

===========================================================================================
----------------- testing Mon Sep 21 15:48:52 UTC 2020 /home/travis/build/icyphy/ptII/ptolemy/actor/lib/hoc/test/auto/IterateOverArray6.xml
----------------- Instantiating /home/travis/build/icyphy/ptII/ptolemy/actor/lib/hoc/test/auto/IterateOverArray6.xml
4 ms. Memory: 155648K Free: 79651K (51%)
----------------- Invoking toplevel() on ptolemy.moml.MoMLSimpleApplication@569d7ec5
----------------- Done invoking toplevel() on ptolemy.moml.MoMLSimpleApplication@569d7ec5
reloadAllAccessors: .IterateOverArray6

===========================================================================================
----------------- testing Mon Sep 21 15:48:52 UTC 2020 /home/travis/build/icyphy/ptII/ptolemy/actor/lib/hoc/test/auto/IterateOverArray7.xml
----------------- Instantiating /home/travis/build/icyphy/ptII/ptolemy/actor/lib/hoc/test/auto/IterateOverArray7.xml
4 ms. Memory: 155648K Free: 75041K (48%)
----------------- Invoking toplevel() on ptolemy.moml.MoMLSimpleApplication@19070c1
----------------- Done invoking toplevel() on ptolemy.moml.MoMLSimpleApplication@19070c1
reloadAllAccessors: .IterateOverArray7

===========================================================================================
----------------- testing Mon Sep 21 15:48:53 UTC 2020 /home/travis/build/icyphy/ptII/ptolemy/actor/lib/hoc/test/auto/IterateOverArray8.xml
----------------- Instantiating /home/travis/build/icyphy/ptII/ptolemy/actor/lib/hoc/test/auto/IterateOverArray8.xml
5 ms. Memory: 155648K Free: 70945K (46%)
----------------- Invoking toplevel() on ptolemy.moml.MoMLSimpleApplication@3d99554f
----------------- Done invoking toplevel() on ptolemy.moml.MoMLSimpleApplication@3d99554f
reloadAllAccessors: .IterateOverArray8

===========================================================================================
----------------- testing Mon Sep 21 15:48:53 UTC 2020 /home/travis/build/icyphy/ptII/ptolemy/actor/lib/hoc/test/auto/IterateOverArray9.xml
----------------- Instantiating /home/travis/build/icyphy/ptII/ptolemy/actor/lib/hoc/test/auto/IterateOverArray9.xml
5 ms. Memory: 155648K Free: 66849K (43%)
----------------- Invoking toplevel() on ptolemy.moml.MoMLSimpleApplication@428121a5
----------------- Done invoking toplevel() on ptolemy.moml.MoMLSimpleApplication@428121a5
reloadAllAccessors: .IterateOverArray9

===========================================================================================
----------------- testing Mon Sep 21 15:48:53 UTC 2020 /home/travis/build/icyphy/ptII/ptolemy/actor/lib/hoc/test/auto/IterateOverArrayCoercedOutputType.xml
----------------- Instantiating /home/travis/build/icyphy/ptII/ptolemy/actor/lib/hoc/test/auto/IterateOverArrayCoercedOutputType.xml
14 ms. Memory: 155648K Free: 61729K (40%)
----------------- Invoking toplevel() on ptolemy.moml.MoMLSimpleApplication@27d18a20
----------------- Done invoking toplevel() on ptolemy.moml.MoMLSimpleApplication@27d18a20
reloadAllAccessors: .IterateOverArrayCoercedOutputType

===========================================================================================
----------------- testing Mon Sep 21 15:48:53 UTC 2020 /home/travis/build/icyphy/ptII/ptolemy/actor/lib/hoc/test/auto/IterateOverArrayInferredOutputType.xml
----------------- Instantiating /home/travis/build/icyphy/ptII/ptolemy/actor/lib/hoc/test/auto/IterateOverArrayInferredOutputType.xml
6 ms. Memory: 155648K Free: 136312K (88%)
----------------- Invoking toplevel() on ptolemy.moml.MoMLSimpleApplication@2353ddbc
----------------- Done invoking toplevel() on ptolemy.moml.MoMLSimpleApplication@2353ddbc
reloadAllAccessors: .IterateOverArrayInferredOutputType

===========================================================================================
----------------- testing Mon Sep 21 15:48:53 UTC 2020 /home/travis/build/icyphy/ptII/ptolemy/actor/lib/hoc/test/auto/MobileFunctionTest.xml
----------------- Instantiating /home/travis/build/icyphy/ptII/ptolemy/actor/lib/hoc/test/auto/MobileFunctionTest.xml
5 ms. Memory: 155648K Free: 131696K (85%)
----------------- Invoking toplevel() on ptolemy.moml.MoMLSimpleApplication@22950d00
----------------- Done invoking toplevel() on ptolemy.moml.MoMLSimpleApplication@22950d00
reloadAllAccessors: .MobileFunctionTest

===========================================================================================
----------------- testing Mon Sep 21 15:48:53 UTC 2020 /home/travis/build/icyphy/ptII/ptolemy/actor/lib/hoc/test/auto/MobileModelTest.xml
----------------- Instantiating /home/travis/build/icyphy/ptII/ptolemy/actor/lib/hoc/test/auto/MobileModelTest.xml
180 ms. Memory: 155648K Free: 110712K (71%)
----------------- Invoking toplevel() on ptolemy.moml.MoMLSimpleApplication@249ddc3d
----------------- Done invoking toplevel() on ptolemy.moml.MoMLSimpleApplication@249ddc3d
reloadAllAccessors: .MobileModelTest

===========================================================================================
----------------- testing Mon Sep 21 15:48:53 UTC 2020 /home/travis/build/icyphy/ptII/ptolemy/actor/lib/hoc/test/auto/ModelReference.xml
----------------- Instantiating /home/travis/build/icyphy/ptII/ptolemy/actor/lib/hoc/test/auto/ModelReference.xml
10 ms. Memory: 155648K Free: 104054K (67%)
5 ms. Memory: 155648K Free: 103544K (67%)
2 ms. Memory: 155648K Free: 102520K (66%)
2 ms. Memory: 155648K Free: 101976K (66%)
2 ms. Memory: 155648K Free: 100968K (65%)
2 ms. Memory: 155648K Free: 99958K (64%)
2 ms. Memory: 155648K Free: 99448K (64%)
3 ms. Memory: 155648K Free: 98424K (63%)
1 ms. Memory: 155648K Free: 97400K (63%)
1 ms. Memory: 155648K Free: 96886K (62%)
39 ms. Memory: 155648K Free: 96886K (62%)
----------------- Invoking toplevel() on ptolemy.moml.MoMLSimpleApplication@71fb9ba4
----------------- Done invoking toplevel() on ptolemy.moml.MoMLSimpleApplication@71fb9ba4
reloadAllAccessors: .ModelReference

===========================================================================================
----------------- testing Mon Sep 21 15:48:53 UTC 2020 /home/travis/build/icyphy/ptII/ptolemy/actor/lib/hoc/test/auto/ModelReference3.xml
----------------- Instantiating /home/travis/build/icyphy/ptII/ptolemy/actor/lib/hoc/test/auto/ModelReference3.xml
2 ms. Memory: 155648K Free: 91736K (59%)
3 ms. Memory: 155648K Free: 91256K (59%)
1 ms. Memory: 155648K Free: 90232K (58%)
1 ms. Memory: 155648K Free: 89688K (58%)
1 ms. Memory: 155648K Free: 88680K (57%)
2 ms. Memory: 155648K Free: 87656K (56%)
2 ms. Memory: 155648K Free: 87160K (56%)
1 ms. Memory: 155648K Free: 86136K (55%)
1 ms. Memory: 155648K Free: 85608K (55%)
1 ms. Memory: 155648K Free: 84598K (54%)
23 ms. Memory: 155648K Free: 84598K (54%)
----------------- Invoking toplevel() on ptolemy.moml.MoMLSimpleApplication@4053d8b9
----------------- Done invoking toplevel() on ptolemy.moml.MoMLSimpleApplication@4053d8b9
reloadAllAccessors: .ModelReference3

===========================================================================================
----------------- testing Mon Sep 21 15:48:53 UTC 2020 /home/travis/build/icyphy/ptII/ptolemy/actor/lib/hoc/test/auto/ModelReference4.xml
----------------- Instantiating /home/travis/build/icyphy/ptII/ptolemy/actor/lib/hoc/test/auto/ModelReference4.xml
5 ms. Memory: 155648K Free: 79992K (51%)
5 ms. Memory: 155648K Free: 78454K (50%)
2 ms. Memory: 155648K Free: 77400K (50%)
7 ms. Memory: 155648K Free: 76406K (49%)
2 ms. Memory: 155648K Free: 74872K (48%)
3 ms. Memory: 155648K Free: 73848K (47%)
7 ms. Memory: 155648K Free: 72304K (46%)
2 ms. Memory: 155648K Free: 71272K (46%)
4 ms. Memory: 155648K Free: 70256K (45%)
3 ms. Memory: 155648K Free: 68728K (44%)
10018 ms. Memory: 155648K Free: 68728K (44%)
----------------- Invoking toplevel() on ptolemy.moml.MoMLSimpleApplication@575fe3c0
----------------- Done invoking toplevel() on ptolemy.moml.MoMLSimpleApplication@575fe3c0
reloadAllAccessors: .ModelReference4

===========================================================================================
----------------- testing Mon Sep 21 15:49:03 UTC 2020 /home/travis/build/icyphy/ptII/ptolemy/actor/lib/hoc/test/auto/MultiInstanceComposite.xml
----------------- Instantiating /home/travis/build/icyphy/ptII/ptolemy/actor/lib/hoc/test/auto/MultiInstanceComposite.xml
28 ms. Memory: 155648K Free: 49782K (32%)
----------------- Invoking toplevel() on ptolemy.moml.MoMLSimpleApplication@480a6e01
----------------- Done invoking toplevel() on ptolemy.moml.MoMLSimpleApplication@480a6e01
reloadAllAccessors: .MultiInstanceComposite

===========================================================================================
----------------- testing Mon Sep 21 15:49:03 UTC 2020 /home/travis/build/icyphy/ptII/ptolemy/actor/lib/hoc/test/auto/MultiInstanceComposite2.xml
----------------- Instantiating /home/travis/build/icyphy/ptII/ptolemy/actor/lib/hoc/test/auto/MultiInstanceComposite2.xml
15 ms. Memory: 155648K Free: 129464K (83%)
----------------- Invoking toplevel() on ptolemy.moml.MoMLSimpleApplication@93585af
----------------- Done invoking toplevel() on ptolemy.moml.MoMLSimpleApplication@93585af
reloadAllAccessors: .MultiInstanceComposite2

===========================================================================================
----------------- testing Mon Sep 21 15:49:03 UTC 2020 /home/travis/build/icyphy/ptII/ptolemy/actor/lib/hoc/test/auto/MulticoreExecution.xml
----------------- Instantiating /home/travis/build/icyphy/ptII/ptolemy/actor/lib/hoc/test/auto/MulticoreExecution.xml
Fired ExecutionTime: 2400000
Fired ExecutionTime: 2400000
Fired ExecutionTime: 20400000
Fired ExecutionTime: 12800000
Fired ExecutionTime: 104400000
Fired ExecutionTime: 104400000
Fired ExecutionTime: 103200000
Fired ExecutionTime: 103600000
Fired ExecutionTime: 102400000
Fired ExecutionTime: 105200000
Fired ExecutionTime: 104800000
Fired ExecutionTime: 104000000
Fired ExecutionTime: 103200000
Fired ExecutionTime: 104000000
Fired ExecutionTime: 105600000
Fired ExecutionTime: 105600000
Fired ExecutionTime: 105200000
Fired ExecutionTime: 105200000
Fired ExecutionTime: 100800000
Fired ExecutionTime: 101600000
1037 ms. Memory: 155648K Free: 120248K (77%)
----------------- Invoking toplevel() on ptolemy.moml.MoMLSimpleApplication@1170c6aa
----------------- Done invoking toplevel() on ptolemy.moml.MoMLSimpleApplication@1170c6aa
reloadAllAccessors: .MulticoreExecution

===========================================================================================
----------------- testing Mon Sep 21 15:49:04 UTC 2020 /home/travis/build/icyphy/ptII/ptolemy/actor/lib/hoc/test/auto/ParallelExecution.xml
----------------- Instantiating /home/travis/build/icyphy/ptII/ptolemy/actor/lib/hoc/test/auto/ParallelExecution.xml
913 ms. Memory: 155648K Free: 112056K (72%)
----------------- Invoking toplevel() on ptolemy.moml.MoMLSimpleApplication@394c7f30
----------------- Done invoking toplevel() on ptolemy.moml.MoMLSimpleApplication@394c7f30
reloadAllAccessors: .ParallelExecution

===========================================================================================
----------------- testing Mon Sep 21 15:49:05 UTC 2020 /home/travis/build/icyphy/ptII/ptolemy/actor/lib/hoc/test/auto/RunCompositeActor.xml
----------------- Instantiating /home/travis/build/icyphy/ptII/ptolemy/actor/lib/hoc/test/auto/RunCompositeActor.xml
8 ms. Memory: 155648K Free: 104874K (67%)
----------------- Invoking toplevel() on ptolemy.moml.MoMLSimpleApplication@6d63360a
----------------- Done invoking toplevel() on ptolemy.moml.MoMLSimpleApplication@6d63360a
reloadAllAccessors: .RunCompositeActor

===========================================================================================
----------------- testing Mon Sep 21 15:49:05 UTC 2020 /home/travis/build/icyphy/ptII/ptolemy/actor/lib/hoc/test/auto/RunCompositeActor2.xml
----------------- Instantiating /home/travis/build/icyphy/ptII/ptolemy/actor/lib/hoc/test/auto/RunCompositeActor2.xml
13 ms. Memory: 155648K Free: 98730K (63%)
----------------- Invoking toplevel() on ptolemy.moml.MoMLSimpleApplication@54cba6f0
----------------- Done invoking toplevel() on ptolemy.moml.MoMLSimpleApplication@54cba6f0
reloadAllAccessors: .RunCompositeActor2

===========================================================================================
----------------- testing Mon Sep 21 15:49:05 UTC 2020 /home/travis/build/icyphy/ptII/ptolemy/actor/lib/hoc/test/auto/RunCompositeActor3.xml
----------------- Instantiating /home/travis/build/icyphy/ptII/ptolemy/actor/lib/hoc/test/auto/RunCompositeActor3.xml
3 ms. Memory: 155648K Free: 93114K (60%)
----------------- Invoking toplevel() on ptolemy.moml.MoMLSimpleApplication@4c19011f
----------------- Done invoking toplevel() on ptolemy.moml.MoMLSimpleApplication@4c19011f
reloadAllAccessors: .RunCompositeActor3

===========================================================================================
----------------- testing Mon Sep 21 15:49:05 UTC 2020 /home/travis/build/icyphy/ptII/ptolemy/actor/lib/hoc/test/auto/RunCompositeActor4.xml
----------------- Instantiating /home/travis/build/icyphy/ptII/ptolemy/actor/lib/hoc/test/auto/RunCompositeActor4.xml
10 ms. Memory: 155648K Free: 84922K (55%)
----------------- Invoking toplevel() on ptolemy.moml.MoMLSimpleApplication@40b9ad3c
----------------- Done invoking toplevel() on ptolemy.moml.MoMLSimpleApplication@40b9ad3c
reloadAllAccessors: .RunCompositeActor4

===========================================================================================
----------------- testing Mon Sep 21 15:49:05 UTC 2020 /home/travis/build/icyphy/ptII/ptolemy/actor/lib/hoc/test/auto/RunCompositeIterateOverArray.xml
----------------- Instantiating /home/travis/build/icyphy/ptII/ptolemy/actor/lib/hoc/test/auto/RunCompositeIterateOverArray.xml
3 ms. Memory: 155648K Free: 78778K (51%)
----------------- Invoking toplevel() on ptolemy.moml.MoMLSimpleApplication@4d6bf415
----------------- Done invoking toplevel() on ptolemy.moml.MoMLSimpleApplication@4d6bf415
reloadAllAccessors: .RunCompositeIterateOverArray

===========================================================================================
----------------- testing Mon Sep 21 15:49:05 UTC 2020 /home/travis/build/icyphy/ptII/ptolemy/actor/lib/hoc/test/auto/ThreadedJS.xml
----------------- Instantiating /home/travis/build/icyphy/ptII/ptolemy/actor/lib/hoc/test/auto/ThreadedJS.xml
6221 ms. Memory: 187392K Free: 55523K (30%)
----------------- Invoking toplevel() on ptolemy.moml.MoMLSimpleApplication@3eb64461
----------------- Done invoking toplevel() on ptolemy.moml.MoMLSimpleApplication@3eb64461
reloadAllAccessors: .ThreadedJS
AutoTests.java: About to close Vertx.
AutoTests.java: Vertx closed.
]]></system-out>
  <system-err><![CDATA[java.lang.RuntimeException: Execution failed
	at ptolemy.moml.MoMLSimpleApplication$UnloadThread.run(MoMLSimpleApplication.java:402)
Caused by: ptolemy.kernel.util.IllegalActionException: initialize() was called after wrapup() was called but preinitialize() was not called after wrapup().
	at ptolemy.actor.lib.hoc.test.PreinitializeMustBeInvoked.initialize(PreinitializeMustBeInvoked.java:78)
	at ptolemy.actor.Director.initialize(Director.java:938)
	at ptolemy.actor.Director.initialize(Director.java:907)
	at ptolemy.actor.sched.StaticSchedulingDirector.initialize(StaticSchedulingDirector.java:159)
	at ptolemy.domains.sdf.kernel.SDFDirector.initialize(SDFDirector.java:544)
	at ptolemy.actor.CompositeActor.initialize(CompositeActor.java:935)
	at ptolemy.actor.lib.hoc.LifeCycleManager._executeInsideModel(LifeCycleManager.java:339)
	at ptolemy.actor.lib.hoc.RunCompositeActor.fire(RunCompositeActor.java:205)
	at ptolemy.actor.CompositeActor.iterate(CompositeActor.java:1146)
	at ptolemy.actor.sched.StaticSchedulingDirector.fire(StaticSchedulingDirector.java:216)
	at ptolemy.domains.sdf.kernel.SDFDirector.fire(SDFDirector.java:500)
	at ptolemy.actor.CompositeActor.fire(CompositeActor.java:455)
	at ptolemy.actor.Manager.iterate(Manager.java:851)
	at ptolemy.actor.Manager.execute(Manager.java:369)
	at ptolemy.actor.Manager.run(Manager.java:1263)
	at ptolemy.actor.Manager$PtolemyRunThread.run(Manager.java:1933)
java.lang.reflect.InvocationTargetException
	at java.base/jdk.internal.reflect.NativeConstructorAccessorImpl.newInstance0(Native Method)
	at java.base/jdk.internal.reflect.NativeConstructorAccessorImpl.newInstance(NativeConstructorAccessorImpl.java:62)
	at java.base/jdk.internal.reflect.DelegatingConstructorAccessorImpl.newInstance(DelegatingConstructorAccessorImpl.java:45)
	at java.base/java.lang.reflect.Constructor.newInstance(Constructor.java:490)
	at ptolemy.util.test.junit.AutoKnownFailedTests.RunModel(AutoKnownFailedTests.java:105)
	at java.base/jdk.internal.reflect.NativeMethodAccessorImpl.invoke0(Native Method)
	at java.base/jdk.internal.reflect.NativeMethodAccessorImpl.invoke(NativeMethodAccessorImpl.java:62)
	at java.base/jdk.internal.reflect.DelegatingMethodAccessorImpl.invoke(DelegatingMethodAccessorImpl.java:43)
	at java.base/java.lang.reflect.Method.invoke(Method.java:566)
	at org.junit.runners.model.FrameworkMethod$1.runReflectiveCall(FrameworkMethod.java:44)
	at org.junit.internal.runners.model.ReflectiveCallable.run(ReflectiveCallable.java:15)
	at org.junit.runners.model.FrameworkMethod.invokeExplosively(FrameworkMethod.java:41)
	at junitparams.internal.InvokeParameterisedMethod.evaluate(InvokeParameterisedMethod.java:102)
	at org.junit.internal.runners.statements.FailOnTimeout$1.run(FailOnTimeout.java:28)
Caused by: ptolemy.kernel.util.IllegalActionException: initialize() was called after wrapup() was called but preinitialize() was not called after wrapup().
	at ptolemy.actor.lib.hoc.test.PreinitializeMustBeInvoked.initialize(PreinitializeMustBeInvoked.java:78)
	at ptolemy.actor.Director.initialize(Director.java:938)
	at ptolemy.actor.Director.initialize(Director.java:907)
	at ptolemy.actor.sched.StaticSchedulingDirector.initialize(StaticSchedulingDirector.java:159)
	at ptolemy.domains.sdf.kernel.SDFDirector.initialize(SDFDirector.java:544)
	at ptolemy.actor.CompositeActor.initialize(CompositeActor.java:935)
	at ptolemy.actor.lib.hoc.LifeCycleManager._executeInsideModel(LifeCycleManager.java:339)
	at ptolemy.actor.lib.hoc.RunCompositeActor.fire(RunCompositeActor.java:205)
	at ptolemy.actor.CompositeActor.iterate(CompositeActor.java:1146)
	at ptolemy.actor.sched.StaticSchedulingDirector.fire(StaticSchedulingDirector.java:216)
	at ptolemy.domains.sdf.kernel.SDFDirector.fire(SDFDirector.java:500)
	at ptolemy.actor.CompositeActor.fire(CompositeActor.java:455)
	at ptolemy.actor.Manager.iterate(Manager.java:851)
	at ptolemy.actor.Manager.execute(Manager.java:369)
	at ptolemy.actor.Manager.run(Manager.java:1263)
	at ptolemy.actor.Manager$PtolemyRunThread.run(Manager.java:1933)
Warning: Nashorn engine is planned to be removed from a future JDK release
Warning: Nashorn engine is planned to be removed from a future JDK release
Warning: Nashorn engine is planned to be removed from a future JDK release
Warning: Nashorn engine is planned to be removed from a future JDK release
Warning: Nashorn engine is planned to be removed from a future JDK release
Warning: Nashorn engine is planned to be removed from a future JDK release
Warning: Nashorn engine is planned to be removed from a future JDK release
Warning: Nashorn engine is planned to be removed from a future JDK release
]]></system-err>
</testsuite>
