<?xml version="1.0" encoding="UTF-8" ?>
<testsuite errors="0" failures="0" hostname="travis-job-7ece1b14-175e-4269-902c-3b76453e0f3f" name="ptolemy.domains.sdf.test.junit.JUnitTclTest" skipped="0" tests="66" time="22.395" timestamp="2019-07-15T17:07:53">
  <properties>
[...]
</properties>
  <testcase classname="ptolemy.util.test.junit.TclTests" name="[0] /home/travis/build/icyphy/ptII/ptolemy/domains/sdf/test/SDFSchedulerErrors.tcl (RunTclFile)" time="1.004" />
  <testcase classname="ptolemy.util.test.junit.TclTests" name="[1] /home/travis/build/icyphy/ptII/ptolemy/domains/sdf/test/composition.tcl (RunTclFile)" time="0.189" />
  <testcase classname="ptolemy.util.test.junit.TclTests" name="[2] /home/travis/build/icyphy/ptII/ptolemy/domains/sdf/test/cycle.tcl (RunTclFile)" time="0.043" />
  <testcase classname="ptolemy.util.test.junit.AutoKnownFailedTests" name="[0] ThereAreNoKnowFailedTests (RunModel)" time="0.008" />
  <testcase classname="ptolemy.util.test.junit.AutoNameArchTests" name="[0] ThereAreNoAutoArchTests (RunModel)" time="0.007" />
  <testcase classname="ptolemy.util.test.junit.AutoTests" name="[0] /home/travis/build/icyphy/ptII/ptolemy/domains/sdf/test/auto/Array.xml (RunModel)" time="0.293" />
  <testcase classname="ptolemy.util.test.junit.AutoTests" name="[1] /home/travis/build/icyphy/ptII/ptolemy/domains/sdf/test/auto/Butterfly.xml (RunModel)" time="0.135" />
  <testcase classname="ptolemy.util.test.junit.AutoTests" name="[2] /home/travis/build/icyphy/ptII/ptolemy/domains/sdf/test/auto/Expression.xml (RunModel)" time="0.126" />
  <testcase classname="ptolemy.util.test.junit.AutoTests" name="[3] /home/travis/build/icyphy/ptII/ptolemy/domains/sdf/test/auto/Eye.xml (RunModel)" time="0.337" />
  <testcase classname="ptolemy.util.test.junit.AutoTests" name="[4] /home/travis/build/icyphy/ptII/ptolemy/domains/sdf/test/auto/FixFIR.xml (RunModel)" time="0.38" />
  <testcase classname="ptolemy.util.test.junit.AutoTests" name="[5] /home/travis/build/icyphy/ptII/ptolemy/domains/sdf/test/auto/FixPoint.xml (RunModel)" time="0.027" />
  <testcase classname="ptolemy.util.test.junit.AutoTests" name="[6] /home/travis/build/icyphy/ptII/ptolemy/domains/sdf/test/auto/Gravitation.xml (RunModel)" time="3.303" />
  <testcase classname="ptolemy.util.test.junit.AutoTests" name="[7] /home/travis/build/icyphy/ptII/ptolemy/domains/sdf/test/auto/GravitationWithCollisionDetection.xml (RunModel)" time="7.639" />
  <testcase classname="ptolemy.util.test.junit.AutoTests" name="[8] /home/travis/build/icyphy/ptII/ptolemy/domains/sdf/test/auto/HDF.xml (RunModel)" time="0.094" />
  <testcase classname="ptolemy.util.test.junit.AutoTests" name="[9] /home/travis/build/icyphy/ptII/ptolemy/domains/sdf/test/auto/HDFwithTransientStates.xml (RunModel)" time="0.097" />
  <testcase classname="ptolemy.util.test.junit.AutoTests" name="[10] /home/travis/build/icyphy/ptII/ptolemy/domains/sdf/test/auto/HTVQ.xml (RunModel)" time="0.985" />
  <testcase classname="ptolemy.util.test.junit.AutoTests" name="[11] /home/travis/build/icyphy/ptII/ptolemy/domains/sdf/test/auto/InferInitProduction.xml (RunModel)" time="0.056" />
  <testcase classname="ptolemy.util.test.junit.AutoTests" name="[12] /home/travis/build/icyphy/ptII/ptolemy/domains/sdf/test/auto/InferInitProductionDeeper.xml (RunModel)" time="0.025" />
  <testcase classname="ptolemy.util.test.junit.AutoTests" name="[13] /home/travis/build/icyphy/ptII/ptolemy/domains/sdf/test/auto/LMSAdaptive.xml (RunModel)" time="0.096" />
  <testcase classname="ptolemy.util.test.junit.AutoTests" name="[14] /home/travis/build/icyphy/ptII/ptolemy/domains/sdf/test/auto/LogisticMap.xml (RunModel)" time="0.46" />
  <testcase classname="ptolemy.util.test.junit.AutoTests" name="[15] /home/travis/build/icyphy/ptII/ptolemy/domains/sdf/test/auto/MaximumEntropySpectrum.xml (RunModel)" time="0.306" />
  <testcase classname="ptolemy.util.test.junit.AutoTests" name="[16] /home/travis/build/icyphy/ptII/ptolemy/domains/sdf/test/auto/MultirateSDF.xml (RunModel)" time="0.072" />
  <testcase classname="ptolemy.util.test.junit.AutoTests" name="[17] /home/travis/build/icyphy/ptII/ptolemy/domains/sdf/test/auto/MultirateSDFwithTransientStates.xml (RunModel)" time="0.086" />
  <testcase classname="ptolemy.util.test.junit.AutoTests" name="[18] /home/travis/build/icyphy/ptII/ptolemy/domains/sdf/test/auto/NoisySinewave.xml (RunModel)" time="0.069" />
  <testcase classname="ptolemy.util.test.junit.AutoTests" name="[19] /home/travis/build/icyphy/ptII/ptolemy/domains/sdf/test/auto/Objects.xml (RunModel)" time="0.06" />
  <testcase classname="ptolemy.util.test.junit.AutoTests" name="[20] /home/travis/build/icyphy/ptII/ptolemy/domains/sdf/test/auto/OrthogonalCom.xml (RunModel)" time="0.053" />
  <testcase classname="ptolemy.util.test.junit.AutoTests" name="[21] /home/travis/build/icyphy/ptII/ptolemy/domains/sdf/test/auto/RijndaelEncryption.xml (RunModel)" time="0.691" />
  <testcase classname="ptolemy.util.test.junit.AutoTests" name="[22] /home/travis/build/icyphy/ptII/ptolemy/domains/sdf/test/auto/SDFEmptyIterations.xml (RunModel)" time="0.023" />
  <testcase classname="ptolemy.util.test.junit.AutoTests" name="[23] /home/travis/build/icyphy/ptII/ptolemy/domains/sdf/test/auto/Spectrum.xml (RunModel)" time="0.108" />
  <testcase classname="ptolemy.util.test.junit.AutoTests" name="[24] /home/travis/build/icyphy/ptII/ptolemy/domains/sdf/test/auto/de_inside_sdf.xml (RunModel)" time="0.02" />
  <testcase classname="ptolemy.util.test.junit.AutoTests" name="[25] /home/travis/build/icyphy/ptII/ptolemy/domains/sdf/test/auto/disconnectedHierarchicalSDF.xml (RunModel)" time="0.034" />
  <testcase classname="ptolemy.util.test.junit.AutoTests" name="[26] /home/travis/build/icyphy/ptII/ptolemy/domains/sdf/test/auto/disconnectedSDF.xml (RunModel)" time="0.024" />
  <testcase classname="ptolemy.util.test.junit.AutoTests" name="[27] /home/travis/build/icyphy/ptII/ptolemy/domains/sdf/test/auto/emptyRefinement.xml (RunModel)" time="0.024" />
  <testcase classname="ptolemy.util.test.junit.AutoTests" name="[28] /home/travis/build/icyphy/ptII/ptolemy/domains/sdf/test/auto/filePortParameter.xml (RunModel)" time="0.064" />
  <testcase classname="ptolemy.util.test.junit.AutoTests" name="[29] /home/travis/build/icyphy/ptII/ptolemy/domains/sdf/test/auto/inferRelationWidth1.xml (RunModel)" time="0.017" />
  <testcase classname="ptolemy.util.test.junit.AutoTests" name="[30] /home/travis/build/icyphy/ptII/ptolemy/domains/sdf/test/auto/initProductionInference.xml (RunModel)" time="0.027" />
  <testcase classname="ptolemy.util.test.junit.AutoTests" name="[31] /home/travis/build/icyphy/ptII/ptolemy/domains/sdf/test/auto/relationGroup.xml (RunModel)" time="0.023" />
  <testcase classname="ptolemy.util.test.junit.AutoTests" name="[32] /home/travis/build/icyphy/ptII/ptolemy/domains/sdf/test/auto/relationGroup10.xml (RunModel)" time="0.018" />
  <testcase classname="ptolemy.util.test.junit.AutoTests" name="[33] /home/travis/build/icyphy/ptII/ptolemy/domains/sdf/test/auto/relationGroup11.xml (RunModel)" time="0.015" />
  <testcase classname="ptolemy.util.test.junit.AutoTests" name="[34] /home/travis/build/icyphy/ptII/ptolemy/domains/sdf/test/auto/relationGroup12.xml (RunModel)" time="0.016" />
  <testcase classname="ptolemy.util.test.junit.AutoTests" name="[35] /home/travis/build/icyphy/ptII/ptolemy/domains/sdf/test/auto/relationGroup13.xml (RunModel)" time="0.02" />
  <testcase classname="ptolemy.util.test.junit.AutoTests" name="[36] /home/travis/build/icyphy/ptII/ptolemy/domains/sdf/test/auto/relationGroup14.xml (RunModel)" time="0.017" />
  <testcase classname="ptolemy.util.test.junit.AutoTests" name="[37] /home/travis/build/icyphy/ptII/ptolemy/domains/sdf/test/auto/relationGroup15.xml (RunModel)" time="0.015" />
  <testcase classname="ptolemy.util.test.junit.AutoTests" name="[38] /home/travis/build/icyphy/ptII/ptolemy/domains/sdf/test/auto/relationGroup2.xml (RunModel)" time="0.012" />
  <testcase classname="ptolemy.util.test.junit.AutoTests" name="[39] /home/travis/build/icyphy/ptII/ptolemy/domains/sdf/test/auto/relationGroup3.xml (RunModel)" time="0.016" />
  <testcase classname="ptolemy.util.test.junit.AutoTests" name="[40] /home/travis/build/icyphy/ptII/ptolemy/domains/sdf/test/auto/relationGroup4.xml (RunModel)" time="0.022" />
  <testcase classname="ptolemy.util.test.junit.AutoTests" name="[41] /home/travis/build/icyphy/ptII/ptolemy/domains/sdf/test/auto/relationGroup5.xml (RunModel)" time="0.017" />
  <testcase classname="ptolemy.util.test.junit.AutoTests" name="[42] /home/travis/build/icyphy/ptII/ptolemy/domains/sdf/test/auto/relationGroup6.xml (RunModel)" time="0.017" />
  <testcase classname="ptolemy.util.test.junit.AutoTests" name="[43] /home/travis/build/icyphy/ptII/ptolemy/domains/sdf/test/auto/relationGroup7.xml (RunModel)" time="0.01" />
  <testcase classname="ptolemy.util.test.junit.AutoTests" name="[44] /home/travis/build/icyphy/ptII/ptolemy/domains/sdf/test/auto/relationGroup8.xml (RunModel)" time="0.022" />
  <testcase classname="ptolemy.util.test.junit.AutoTests" name="[45] /home/travis/build/icyphy/ptII/ptolemy/domains/sdf/test/auto/relationGroup9.xml (RunModel)" time="0.015" />
  <testcase classname="ptolemy.util.test.junit.AutoTests" name="[46] /home/travis/build/icyphy/ptII/ptolemy/domains/sdf/test/auto/sdf_inside_de.xml (RunModel)" time="0.04" />
  <testcase classname="ptolemy.util.test.junit.AutoTests" name="[47] /home/travis/build/icyphy/ptII/ptolemy/domains/sdf/test/auto/sdf_inside_pn.xml (RunModel)" time="0.066" />
  <testcase classname="ptolemy.util.test.junit.AutoTests" name="[48] /home/travis/build/icyphy/ptII/ptolemy/domains/sdf/test/auto/sdf_sdf1.xml (RunModel)" time="0.02" />
  <testcase classname="ptolemy.util.test.junit.AutoTests" name="[49] /home/travis/build/icyphy/ptII/ptolemy/domains/sdf/test/auto/test1.xml (RunModel)" time="0.019" />
  <testcase classname="ptolemy.util.test.junit.AutoTests" name="[50] /home/travis/build/icyphy/ptII/ptolemy/domains/sdf/test/auto/time1.xml (RunModel)" time="0.014" />
  <testcase classname="ptolemy.util.test.junit.AutoTests" name="[51] /home/travis/build/icyphy/ptII/ptolemy/domains/sdf/test/auto/time2.xml (RunModel)" time="0.01" />
  <testcase classname="ptolemy.util.test.junit.AutoTests" name="[52] /home/travis/build/icyphy/ptII/ptolemy/domains/sdf/test/auto/time3.xml (RunModel)" time="0.024" />
  <testcase classname="ptolemy.util.test.junit.AutoTests" name="[53] /home/travis/build/icyphy/ptII/ptolemy/domains/sdf/test/auto/time4.xml (RunModel)" time="0.023" />
  <testcase classname="ptolemy.util.test.junit.AutoTests" name="[54] /home/travis/build/icyphy/ptII/ptolemy/domains/sdf/test/auto/time5.xml (RunModel)" time="4.01" />
  <testcase classname="ptolemy.util.test.junit.AutoTests" name="[55] /home/travis/build/icyphy/ptII/ptolemy/domains/sdf/test/auto/typeSystem_Const_Integer_smallest_Type.xml (RunModel)" time="0.031" />
  <testcase classname="ptolemy.util.test.junit.AutoTests" name="[56] /home/travis/build/icyphy/ptII/ptolemy/domains/sdf/test/auto/typeSystem_declared_Inports_OutportTypeException.xml (RunModel)" time="0.02" />
  <testcase classname="ptolemy.util.test.junit.AutoTests" name="[57] /home/travis/build/icyphy/ptII/ptolemy/domains/sdf/test/auto/typeSystem_oneDeclaredInportType_wrongTypeOutport.xml (RunModel)" time="0.021" />
  <testcase classname="ptolemy.util.test.junit.AutoTests" name="[58] /home/travis/build/icyphy/ptII/ptolemy/domains/sdf/test/auto/width.xml (RunModel)" time="0.013" />
  <testcase classname="ptolemy.util.test.junit.AutoTests" name="[59] /home/travis/build/icyphy/ptII/ptolemy/domains/sdf/test/auto/width2.xml (RunModel)" time="0.043" />
  <testcase classname="ptolemy.util.test.junit.AutoTests" name="[60] /home/travis/build/icyphy/ptII/ptolemy/domains/sdf/test/auto/width3.xml (RunModel)" time="0.046" />
  <system-out><![CDATA[/home/travis/build/icyphy/ptII/ptolemy/domains/sdf/test/SDFSchedulerErrors.tcl
testDefs.tcl: setting time out to 9000 seconds at Mon Jul 15 17:07:53 UTC 2019
78 ms. Memory: 120832K Free: 81349K (67%)
7 ms. Memory: 120832K Free: 73671K (61%)
13 ms. Memory: 120832K Free: 67527K (56%)
14 ms. Memory: 120832K Free: 64455K (53%)
/home/travis/build/icyphy/ptII/ptolemy/domains/sdf/test/composition.tcl
45 ms. Memory: 120832K Free: 60359K (50%)
7 ms. Memory: 120832K Free: 58311K (48%)
/home/travis/build/icyphy/ptII/ptolemy/domains/sdf/test/cycle.tcl
.Toplevel.Director Preinitializing ...
Invoking preinitialize():  .Toplevel.Actor1
Invoking preinitialize():  .Toplevel.Actor2
Invoking preinitialize():  .Toplevel.Delay
.Toplevel.Director Finished preinitialize().
### Schedule:
Execute Schedule{
Fire Actor ptolemy.domains.sdf.kernel.test.SDFTestDelay {.Toplevel.Actor1}
Fire Actor ptolemy.domains.sdf.kernel.test.SDFTestDelay {.Toplevel.Actor2}
Fire Actor ptolemy.domains.sdf.lib.SampleDelay {.Toplevel.Delay}
}
### End schedule
Called initialize().
Invoking initialize():  .Toplevel.Actor1
Initializing actor: .Toplevel.Actor1.
Invoking initialize():  .Toplevel.Actor2
Initializing actor: .Toplevel.Actor2.
Invoking initialize():  .Toplevel.Delay
Initializing actor: .Toplevel.Delay.
Director: Called prefire().
-- Setting current time to 0.0
Director prefire returns true.
The actor .Toplevel.Actor1 will be iterated.
The actor .Toplevel.Actor1 was iterated.
The actor .Toplevel.Actor2 will be iterated.
The actor .Toplevel.Actor2 was iterated.
The actor .Toplevel.Delay will be iterated.
The actor .Toplevel.Delay was iterated.
Director: Called postfire().
Postfire returns: true
Director: Called prefire().
-- Setting current time to 0.0
Director prefire returns true.
The actor .Toplevel.Actor1 will be iterated.
The actor .Toplevel.Actor1 was iterated.
The actor .Toplevel.Actor2 will be iterated.
The actor .Toplevel.Actor2 was iterated.
The actor .Toplevel.Delay will be iterated.
The actor .Toplevel.Delay was iterated.
Director: Called postfire().
Postfire returns: true
Director: Called prefire().
-- Setting current time to 0.0
Director prefire returns true.
The actor .Toplevel.Actor1 will be iterated.
The actor .Toplevel.Actor1 was iterated.
The actor .Toplevel.Actor2 will be iterated.
The actor .Toplevel.Actor2 was iterated.
The actor .Toplevel.Delay will be iterated.
The actor .Toplevel.Delay was iterated.
Director: Called postfire().
Postfire returns: true
Director: Called prefire().
-- Setting current time to 0.0
Director prefire returns true.
The actor .Toplevel.Actor1 will be iterated.
The actor .Toplevel.Actor1 was iterated.
The actor .Toplevel.Actor2 will be iterated.
The actor .Toplevel.Actor2 was iterated.
The actor .Toplevel.Delay will be iterated.
The actor .Toplevel.Delay was iterated.
Director: Called postfire().
Postfire returns: true
Director: Called prefire().
-- Setting current time to 0.0
Director prefire returns true.
The actor .Toplevel.Actor1 will be iterated.
The actor .Toplevel.Actor1 was iterated.
The actor .Toplevel.Actor2 will be iterated.
The actor .Toplevel.Actor2 was iterated.
The actor .Toplevel.Delay will be iterated.
The actor .Toplevel.Delay was iterated.
Director: Called postfire().
Postfire returns: true
Director: Called prefire().
-- Setting current time to 0.0
Director prefire returns true.
The actor .Toplevel.Actor1 will be iterated.
The actor .Toplevel.Actor1 was iterated.
The actor .Toplevel.Actor2 will be iterated.
The actor .Toplevel.Actor2 was iterated.
The actor .Toplevel.Delay will be iterated.
The actor .Toplevel.Delay was iterated.
Reached specified number of iterations: 6
Director: Called wrapup().
23 ms. Memory: 120832K Free: 55749K (46%)
07/15/19 05:07:55
Failed: 0  Total Tests: 8  ((Passed: 8, Newly Passed: 0)  Known Failed: 0) /home/travis/build/icyphy/ptII/ptolemy/domains/sdf/test
No auto/knownFailedTests/*.xml tests in /home/travis/build/icyphy/ptII/ptolemy/domains/sdf/test
No auto/linux-amd64/*.xml tests in /home/travis/build/icyphy/ptII/ptolemy/domains/sdf/test
AutoTests.java: About to close Vertx.
AutoTests.java: Vertx closed.

===========================================================================================
----------------- testing Mon Jul 15 17:07:55 UTC 2019 /home/travis/build/icyphy/ptII/ptolemy/domains/sdf/test/auto/Array.xml
----------------- Instantiating /home/travis/build/icyphy/ptII/ptolemy/domains/sdf/test/auto/Array.xml
67 ms. Memory: 120832K Free: 97926K (81%)
----------------- Invoking toplevel() on ptolemy.moml.MoMLSimpleApplication@57fbba16
----------------- Done invoking toplevel() on ptolemy.moml.MoMLSimpleApplication@57fbba16
reloadAllAccessors: .Array

===========================================================================================
----------------- testing Mon Jul 15 17:07:55 UTC 2019 /home/travis/build/icyphy/ptII/ptolemy/domains/sdf/test/auto/Butterfly.xml
----------------- Instantiating /home/travis/build/icyphy/ptII/ptolemy/domains/sdf/test/auto/Butterfly.xml
95 ms. Memory: 120832K Free: 92085K (76%)
----------------- Invoking toplevel() on ptolemy.moml.MoMLSimpleApplication@15dfc37c
----------------- Done invoking toplevel() on ptolemy.moml.MoMLSimpleApplication@15dfc37c
reloadAllAccessors: .Butterfly

===========================================================================================
----------------- testing Mon Jul 15 17:07:56 UTC 2019 /home/travis/build/icyphy/ptII/ptolemy/domains/sdf/test/auto/Expression.xml
----------------- Instantiating /home/travis/build/icyphy/ptII/ptolemy/domains/sdf/test/auto/Expression.xml
59 ms. Memory: 120832K Free: 87386K (72%)
----------------- Invoking toplevel() on ptolemy.moml.MoMLSimpleApplication@562195ff
----------------- Done invoking toplevel() on ptolemy.moml.MoMLSimpleApplication@562195ff
reloadAllAccessors: .Expression

===========================================================================================
----------------- testing Mon Jul 15 17:07:56 UTC 2019 /home/travis/build/icyphy/ptII/ptolemy/domains/sdf/test/auto/Eye.xml
----------------- Instantiating /home/travis/build/icyphy/ptII/ptolemy/domains/sdf/test/auto/Eye.xml
186 ms. Memory: 120832K Free: 84734K (70%)
----------------- Invoking toplevel() on ptolemy.moml.MoMLSimpleApplication@3a061dfe
----------------- Done invoking toplevel() on ptolemy.moml.MoMLSimpleApplication@3a061dfe
reloadAllAccessors: .Eye

===========================================================================================
----------------- testing Mon Jul 15 17:07:56 UTC 2019 /home/travis/build/icyphy/ptII/ptolemy/domains/sdf/test/auto/FixFIR.xml
----------------- Instantiating /home/travis/build/icyphy/ptII/ptolemy/domains/sdf/test/auto/FixFIR.xml
139 ms. Memory: 120832K Free: 84932K (70%)
----------------- Invoking toplevel() on ptolemy.moml.MoMLSimpleApplication@668b3459
----------------- Done invoking toplevel() on ptolemy.moml.MoMLSimpleApplication@668b3459
reloadAllAccessors: .FixFIR

===========================================================================================
----------------- testing Mon Jul 15 17:07:56 UTC 2019 /home/travis/build/icyphy/ptII/ptolemy/domains/sdf/test/auto/FixPoint.xml
----------------- Instantiating /home/travis/build/icyphy/ptII/ptolemy/domains/sdf/test/auto/FixPoint.xml
8 ms. Memory: 120832K Free: 80806K (67%)
----------------- Invoking toplevel() on ptolemy.moml.MoMLSimpleApplication@360511f6
----------------- Done invoking toplevel() on ptolemy.moml.MoMLSimpleApplication@360511f6
reloadAllAccessors: .FixPoint

===========================================================================================
----------------- testing Mon Jul 15 17:07:56 UTC 2019 /home/travis/build/icyphy/ptII/ptolemy/domains/sdf/test/auto/Gravitation.xml
----------------- Instantiating /home/travis/build/icyphy/ptII/ptolemy/domains/sdf/test/auto/Gravitation.xml
3209 ms. Memory: 156672K Free: 123174K (79%)
----------------- Invoking toplevel() on ptolemy.moml.MoMLSimpleApplication@423fbf6d
----------------- Done invoking toplevel() on ptolemy.moml.MoMLSimpleApplication@423fbf6d
reloadAllAccessors: .Gravitation

===========================================================================================
----------------- testing Mon Jul 15 17:08:00 UTC 2019 /home/travis/build/icyphy/ptII/ptolemy/domains/sdf/test/auto/GravitationWithCollisionDetection.xml
----------------- Instantiating /home/travis/build/icyphy/ptII/ptolemy/domains/sdf/test/auto/GravitationWithCollisionDetection.xml
7472 ms. Memory: 272384K Free: 246048K (90%)
----------------- Invoking toplevel() on ptolemy.moml.MoMLSimpleApplication@326e3fe0
----------------- Done invoking toplevel() on ptolemy.moml.MoMLSimpleApplication@326e3fe0
reloadAllAccessors: .GravitationWithCollisionDetection

===========================================================================================
----------------- testing Mon Jul 15 17:08:07 UTC 2019 /home/travis/build/icyphy/ptII/ptolemy/domains/sdf/test/auto/HDF.xml
----------------- Instantiating /home/travis/build/icyphy/ptII/ptolemy/domains/sdf/test/auto/HDF.xml
20 ms. Memory: 272384K Free: 230160K (84%)
----------------- Invoking toplevel() on ptolemy.moml.MoMLSimpleApplication@192e8a73
----------------- Done invoking toplevel() on ptolemy.moml.MoMLSimpleApplication@192e8a73
reloadAllAccessors: .HDF

===========================================================================================
----------------- testing Mon Jul 15 17:08:07 UTC 2019 /home/travis/build/icyphy/ptII/ptolemy/domains/sdf/test/auto/HDFwithTransientStates.xml
----------------- Instantiating /home/travis/build/icyphy/ptII/ptolemy/domains/sdf/test/auto/HDFwithTransientStates.xml
31 ms. Memory: 272384K Free: 211232K (78%)
----------------- Invoking toplevel() on ptolemy.moml.MoMLSimpleApplication@6b9cc194
----------------- Done invoking toplevel() on ptolemy.moml.MoMLSimpleApplication@6b9cc194
reloadAllAccessors: .HDFwithTransientStates

===========================================================================================
----------------- testing Mon Jul 15 17:08:08 UTC 2019 /home/travis/build/icyphy/ptII/ptolemy/domains/sdf/test/auto/HTVQ.xml
----------------- Instantiating /home/travis/build/icyphy/ptII/ptolemy/domains/sdf/test/auto/HTVQ.xml
943 ms. Memory: 327680K Free: 257137K (78%)
----------------- Invoking toplevel() on ptolemy.moml.MoMLSimpleApplication@382bf922
----------------- Done invoking toplevel() on ptolemy.moml.MoMLSimpleApplication@382bf922
reloadAllAccessors: .HTVQ

===========================================================================================
----------------- testing Mon Jul 15 17:08:09 UTC 2019 /home/travis/build/icyphy/ptII/ptolemy/domains/sdf/test/auto/InferInitProduction.xml
----------------- Instantiating /home/travis/build/icyphy/ptII/ptolemy/domains/sdf/test/auto/InferInitProduction.xml
6 ms. Memory: 327680K Free: 251078K (77%)
----------------- Invoking toplevel() on ptolemy.moml.MoMLSimpleApplication@5cd438dc
----------------- Done invoking toplevel() on ptolemy.moml.MoMLSimpleApplication@5cd438dc
reloadAllAccessors: .InferInitProduction

===========================================================================================
----------------- testing Mon Jul 15 17:08:09 UTC 2019 /home/travis/build/icyphy/ptII/ptolemy/domains/sdf/test/auto/InferInitProductionDeeper.xml
----------------- Instantiating /home/travis/build/icyphy/ptII/ptolemy/domains/sdf/test/auto/InferInitProductionDeeper.xml
4 ms. Memory: 327680K Free: 245966K (75%)
----------------- Invoking toplevel() on ptolemy.moml.MoMLSimpleApplication@9e60af5
----------------- Done invoking toplevel() on ptolemy.moml.MoMLSimpleApplication@9e60af5
reloadAllAccessors: .InferInitProductionDeeper

===========================================================================================
----------------- testing Mon Jul 15 17:08:09 UTC 2019 /home/travis/build/icyphy/ptII/ptolemy/domains/sdf/test/auto/LMSAdaptive.xml
----------------- Instantiating /home/travis/build/icyphy/ptII/ptolemy/domains/sdf/test/auto/LMSAdaptive.xml
13 ms. Memory: 327680K Free: 235732K (72%)
----------------- Invoking toplevel() on ptolemy.moml.MoMLSimpleApplication@22de3018
----------------- Done invoking toplevel() on ptolemy.moml.MoMLSimpleApplication@22de3018
reloadAllAccessors: .LMSAdaptive

===========================================================================================
----------------- testing Mon Jul 15 17:08:09 UTC 2019 /home/travis/build/icyphy/ptII/ptolemy/domains/sdf/test/auto/LogisticMap.xml
----------------- Instantiating /home/travis/build/icyphy/ptII/ptolemy/domains/sdf/test/auto/LogisticMap.xml
436 ms. Memory: 327680K Free: 230102K (70%)
----------------- Invoking toplevel() on ptolemy.moml.MoMLSimpleApplication@7d797c0f
----------------- Done invoking toplevel() on ptolemy.moml.MoMLSimpleApplication@7d797c0f
reloadAllAccessors: .LogisticMap

===========================================================================================
----------------- testing Mon Jul 15 17:08:09 UTC 2019 /home/travis/build/icyphy/ptII/ptolemy/domains/sdf/test/auto/MaximumEntropySpectrum.xml
----------------- Instantiating /home/travis/build/icyphy/ptII/ptolemy/domains/sdf/test/auto/MaximumEntropySpectrum.xml
89 ms. Memory: 327680K Free: 168148K (51%)
----------------- Invoking toplevel() on ptolemy.moml.MoMLSimpleApplication@6032505
----------------- Done invoking toplevel() on ptolemy.moml.MoMLSimpleApplication@6032505
reloadAllAccessors: .MaximumEntropySpectrum

===========================================================================================
----------------- testing Mon Jul 15 17:08:09 UTC 2019 /home/travis/build/icyphy/ptII/ptolemy/domains/sdf/test/auto/MultirateSDF.xml
----------------- Instantiating /home/travis/build/icyphy/ptII/ptolemy/domains/sdf/test/auto/MultirateSDF.xml
22 ms. Memory: 327680K Free: 153798K (47%)
----------------- Invoking toplevel() on ptolemy.moml.MoMLSimpleApplication@3b5901d
----------------- Done invoking toplevel() on ptolemy.moml.MoMLSimpleApplication@3b5901d
reloadAllAccessors: .MultirateSDF

===========================================================================================
----------------- testing Mon Jul 15 17:08:10 UTC 2019 /home/travis/build/icyphy/ptII/ptolemy/domains/sdf/test/auto/MultirateSDFwithTransientStates.xml
----------------- Instantiating /home/travis/build/icyphy/ptII/ptolemy/domains/sdf/test/auto/MultirateSDFwithTransientStates.xml
19 ms. Memory: 327680K Free: 134870K (41%)
----------------- Invoking toplevel() on ptolemy.moml.MoMLSimpleApplication@7d01be
----------------- Done invoking toplevel() on ptolemy.moml.MoMLSimpleApplication@7d01be
reloadAllAccessors: .MultirateSDFwithTransientStates

===========================================================================================
----------------- testing Mon Jul 15 17:08:10 UTC 2019 /home/travis/build/icyphy/ptII/ptolemy/domains/sdf/test/auto/NoisySinewave.xml
----------------- Instantiating /home/travis/build/icyphy/ptII/ptolemy/domains/sdf/test/auto/NoisySinewave.xml
13 ms. Memory: 327680K Free: 118486K (36%)
----------------- Invoking toplevel() on ptolemy.moml.MoMLSimpleApplication@43421eba
----------------- Done invoking toplevel() on ptolemy.moml.MoMLSimpleApplication@43421eba
reloadAllAccessors: .NoisySinewave

===========================================================================================
----------------- testing Mon Jul 15 17:08:10 UTC 2019 /home/travis/build/icyphy/ptII/ptolemy/domains/sdf/test/auto/Objects.xml
----------------- Instantiating /home/travis/build/icyphy/ptII/ptolemy/domains/sdf/test/auto/Objects.xml
5 ms. Memory: 327680K Free: 304538K (93%)
----------------- Invoking toplevel() on ptolemy.moml.MoMLSimpleApplication@530e74cb
----------------- Done invoking toplevel() on ptolemy.moml.MoMLSimpleApplication@530e74cb
reloadAllAccessors: .Objects

===========================================================================================
----------------- testing Mon Jul 15 17:08:10 UTC 2019 /home/travis/build/icyphy/ptII/ptolemy/domains/sdf/test/auto/OrthogonalCom.xml
----------------- Instantiating /home/travis/build/icyphy/ptII/ptolemy/domains/sdf/test/auto/OrthogonalCom.xml
8 ms. Memory: 327680K Free: 296866K (91%)
----------------- Invoking toplevel() on ptolemy.moml.MoMLSimpleApplication@34030d3a
----------------- Done invoking toplevel() on ptolemy.moml.MoMLSimpleApplication@34030d3a
reloadAllAccessors: .OrthogonalCom

===========================================================================================
----------------- testing Mon Jul 15 17:08:10 UTC 2019 /home/travis/build/icyphy/ptII/ptolemy/domains/sdf/test/auto/RijndaelEncryption.xml
----------------- Instantiating /home/travis/build/icyphy/ptII/ptolemy/domains/sdf/test/auto/RijndaelEncryption.xml
369 ms. Memory: 327680K Free: 151458K (46%)
----------------- Invoking toplevel() on ptolemy.moml.MoMLSimpleApplication@72c27e04
----------------- Done invoking toplevel() on ptolemy.moml.MoMLSimpleApplication@72c27e04
reloadAllAccessors: .RijndaelEncryption

===========================================================================================
----------------- testing Mon Jul 15 17:08:11 UTC 2019 /home/travis/build/icyphy/ptII/ptolemy/domains/sdf/test/auto/SDFEmptyIterations.xml
----------------- Instantiating /home/travis/build/icyphy/ptII/ptolemy/domains/sdf/test/auto/SDFEmptyIterations.xml
7 ms. Memory: 327680K Free: 146834K (45%)
----------------- Invoking toplevel() on ptolemy.moml.MoMLSimpleApplication@26982456
----------------- Done invoking toplevel() on ptolemy.moml.MoMLSimpleApplication@26982456
reloadAllAccessors: .SDFEmptyIterations

===========================================================================================
----------------- testing Mon Jul 15 17:08:11 UTC 2019 /home/travis/build/icyphy/ptII/ptolemy/domains/sdf/test/auto/Spectrum.xml
----------------- Instantiating /home/travis/build/icyphy/ptII/ptolemy/domains/sdf/test/auto/Spectrum.xml
27 ms. Memory: 327680K Free: 122272K (37%)
----------------- Invoking toplevel() on ptolemy.moml.MoMLSimpleApplication@5930aaf3
----------------- Done invoking toplevel() on ptolemy.moml.MoMLSimpleApplication@5930aaf3
reloadAllAccessors: .Spectrum

===========================================================================================
----------------- testing Mon Jul 15 17:08:11 UTC 2019 /home/travis/build/icyphy/ptII/ptolemy/domains/sdf/test/auto/de_inside_sdf.xml
----------------- Instantiating /home/travis/build/icyphy/ptII/ptolemy/domains/sdf/test/auto/de_inside_sdf.xml
6 ms. Memory: 327680K Free: 117122K (36%)
----------------- Invoking toplevel() on ptolemy.moml.MoMLSimpleApplication@1876c74e
----------------- Done invoking toplevel() on ptolemy.moml.MoMLSimpleApplication@1876c74e
reloadAllAccessors: .de_inside_sdf

===========================================================================================
----------------- testing Mon Jul 15 17:08:11 UTC 2019 /home/travis/build/icyphy/ptII/ptolemy/domains/sdf/test/auto/disconnectedHierarchicalSDF.xml
----------------- Instantiating /home/travis/build/icyphy/ptII/ptolemy/domains/sdf/test/auto/disconnectedHierarchicalSDF.xml
13 ms. Memory: 327680K Free: 305985K (93%)
----------------- Invoking toplevel() on ptolemy.moml.MoMLSimpleApplication@1035585d
----------------- Done invoking toplevel() on ptolemy.moml.MoMLSimpleApplication@1035585d
reloadAllAccessors: .disconnectedHierarchicalSDF

===========================================================================================
----------------- testing Mon Jul 15 17:08:11 UTC 2019 /home/travis/build/icyphy/ptII/ptolemy/domains/sdf/test/auto/disconnectedSDF.xml
----------------- Instantiating /home/travis/build/icyphy/ptII/ptolemy/domains/sdf/test/auto/disconnectedSDF.xml
3 ms. Memory: 327680K Free: 301889K (92%)
----------------- Invoking toplevel() on ptolemy.moml.MoMLSimpleApplication@261f243f
----------------- Done invoking toplevel() on ptolemy.moml.MoMLSimpleApplication@261f243f
reloadAllAccessors: .disconnectedSDF

===========================================================================================
----------------- testing Mon Jul 15 17:08:11 UTC 2019 /home/travis/build/icyphy/ptII/ptolemy/domains/sdf/test/auto/emptyRefinement.xml
----------------- Instantiating /home/travis/build/icyphy/ptII/ptolemy/domains/sdf/test/auto/emptyRefinement.xml
4 ms. Memory: 327680K Free: 297283K (91%)
----------------- Invoking toplevel() on ptolemy.moml.MoMLSimpleApplication@1a21b4ea
----------------- Done invoking toplevel() on ptolemy.moml.MoMLSimpleApplication@1a21b4ea
reloadAllAccessors: .emptyRefinement

===========================================================================================
----------------- testing Mon Jul 15 17:08:11 UTC 2019 /home/travis/build/icyphy/ptII/ptolemy/domains/sdf/test/auto/filePortParameter.xml
----------------- Instantiating /home/travis/build/icyphy/ptII/ptolemy/domains/sdf/test/auto/filePortParameter.xml
27 ms. Memory: 327680K Free: 290115K (89%)
----------------- Invoking toplevel() on ptolemy.moml.MoMLSimpleApplication@23c40c56
----------------- Done invoking toplevel() on ptolemy.moml.MoMLSimpleApplication@23c40c56
reloadAllAccessors: .filePortParameter

===========================================================================================
----------------- testing Mon Jul 15 17:08:11 UTC 2019 /home/travis/build/icyphy/ptII/ptolemy/domains/sdf/test/auto/inferRelationWidth1.xml
----------------- Instantiating /home/travis/build/icyphy/ptII/ptolemy/domains/sdf/test/auto/inferRelationWidth1.xml
3 ms. Memory: 327680K Free: 287043K (88%)
----------------- Invoking toplevel() on ptolemy.moml.MoMLSimpleApplication@5ec469c4
----------------- Done invoking toplevel() on ptolemy.moml.MoMLSimpleApplication@5ec469c4
reloadAllAccessors: .inferRelationWidth1

===========================================================================================
----------------- testing Mon Jul 15 17:08:11 UTC 2019 /home/travis/build/icyphy/ptII/ptolemy/domains/sdf/test/auto/initProductionInference.xml
----------------- Instantiating /home/travis/build/icyphy/ptII/ptolemy/domains/sdf/test/auto/initProductionInference.xml
8 ms. Memory: 327680K Free: 282947K (86%)
----------------- Invoking toplevel() on ptolemy.moml.MoMLSimpleApplication@60836092
----------------- Done invoking toplevel() on ptolemy.moml.MoMLSimpleApplication@60836092
reloadAllAccessors: .initProductionInference

===========================================================================================
----------------- testing Mon Jul 15 17:08:11 UTC 2019 /home/travis/build/icyphy/ptII/ptolemy/domains/sdf/test/auto/relationGroup.xml
----------------- Instantiating /home/travis/build/icyphy/ptII/ptolemy/domains/sdf/test/auto/relationGroup.xml
6 ms. Memory: 327680K Free: 279361K (85%)
----------------- Invoking toplevel() on ptolemy.moml.MoMLSimpleApplication@53968080
----------------- Done invoking toplevel() on ptolemy.moml.MoMLSimpleApplication@53968080
reloadAllAccessors: .relationGroup

===========================================================================================
----------------- testing Mon Jul 15 17:08:11 UTC 2019 /home/travis/build/icyphy/ptII/ptolemy/domains/sdf/test/auto/relationGroup10.xml
----------------- Instantiating /home/travis/build/icyphy/ptII/ptolemy/domains/sdf/test/auto/relationGroup10.xml
2 ms. Memory: 327680K Free: 275779K (84%)
----------------- Invoking toplevel() on ptolemy.moml.MoMLSimpleApplication@74029379
----------------- Done invoking toplevel() on ptolemy.moml.MoMLSimpleApplication@74029379
reloadAllAccessors: .relationGroup10

===========================================================================================
----------------- testing Mon Jul 15 17:08:11 UTC 2019 /home/travis/build/icyphy/ptII/ptolemy/domains/sdf/test/auto/relationGroup11.xml
----------------- Instantiating /home/travis/build/icyphy/ptII/ptolemy/domains/sdf/test/auto/relationGroup11.xml
2 ms. Memory: 327680K Free: 272193K (83%)
----------------- Invoking toplevel() on ptolemy.moml.MoMLSimpleApplication@2f68ec2e
----------------- Done invoking toplevel() on ptolemy.moml.MoMLSimpleApplication@2f68ec2e
reloadAllAccessors: .relationGroup11

===========================================================================================
----------------- testing Mon Jul 15 17:08:11 UTC 2019 /home/travis/build/icyphy/ptII/ptolemy/domains/sdf/test/auto/relationGroup12.xml
----------------- Instantiating /home/travis/build/icyphy/ptII/ptolemy/domains/sdf/test/auto/relationGroup12.xml
3 ms. Memory: 327680K Free: 268611K (82%)
----------------- Invoking toplevel() on ptolemy.moml.MoMLSimpleApplication@48219935
----------------- Done invoking toplevel() on ptolemy.moml.MoMLSimpleApplication@48219935
reloadAllAccessors: .relationGroup12

===========================================================================================
----------------- testing Mon Jul 15 17:08:11 UTC 2019 /home/travis/build/icyphy/ptII/ptolemy/domains/sdf/test/auto/relationGroup13.xml
----------------- Instantiating /home/travis/build/icyphy/ptII/ptolemy/domains/sdf/test/auto/relationGroup13.xml
9 ms. Memory: 327680K Free: 264001K (81%)
----------------- Invoking toplevel() on ptolemy.moml.MoMLSimpleApplication@7e230fdc
----------------- Done invoking toplevel() on ptolemy.moml.MoMLSimpleApplication@7e230fdc
reloadAllAccessors: .relationGroup13

===========================================================================================
----------------- testing Mon Jul 15 17:08:11 UTC 2019 /home/travis/build/icyphy/ptII/ptolemy/domains/sdf/test/auto/relationGroup14.xml
----------------- Instantiating /home/travis/build/icyphy/ptII/ptolemy/domains/sdf/test/auto/relationGroup14.xml
4 ms. Memory: 327680K Free: 259395K (79%)
----------------- Invoking toplevel() on ptolemy.moml.MoMLSimpleApplication@3e6cdf24
----------------- Done invoking toplevel() on ptolemy.moml.MoMLSimpleApplication@3e6cdf24
reloadAllAccessors: .relationGroup14

===========================================================================================
----------------- testing Mon Jul 15 17:08:11 UTC 2019 /home/travis/build/icyphy/ptII/ptolemy/domains/sdf/test/auto/relationGroup15.xml
----------------- Instantiating /home/travis/build/icyphy/ptII/ptolemy/domains/sdf/test/auto/relationGroup15.xml
2 ms. Memory: 327680K Free: 255809K (78%)
----------------- Invoking toplevel() on ptolemy.moml.MoMLSimpleApplication@4c559596
----------------- Done invoking toplevel() on ptolemy.moml.MoMLSimpleApplication@4c559596
reloadAllAccessors: .relationGroup15

===========================================================================================
----------------- testing Mon Jul 15 17:08:11 UTC 2019 /home/travis/build/icyphy/ptII/ptolemy/domains/sdf/test/auto/relationGroup2.xml
----------------- Instantiating /home/travis/build/icyphy/ptII/ptolemy/domains/sdf/test/auto/relationGroup2.xml
3 ms. Memory: 327680K Free: 252737K (77%)
----------------- Invoking toplevel() on ptolemy.moml.MoMLSimpleApplication@622bd9f1
----------------- Done invoking toplevel() on ptolemy.moml.MoMLSimpleApplication@622bd9f1
reloadAllAccessors: .relationGroup2

===========================================================================================
----------------- testing Mon Jul 15 17:08:11 UTC 2019 /home/travis/build/icyphy/ptII/ptolemy/domains/sdf/test/auto/relationGroup3.xml
----------------- Instantiating /home/travis/build/icyphy/ptII/ptolemy/domains/sdf/test/auto/relationGroup3.xml
1 ms. Memory: 327680K Free: 249665K (76%)
----------------- Invoking toplevel() on ptolemy.moml.MoMLSimpleApplication@57f14378
----------------- Done invoking toplevel() on ptolemy.moml.MoMLSimpleApplication@57f14378
reloadAllAccessors: .relationGroup3

===========================================================================================
----------------- testing Mon Jul 15 17:08:11 UTC 2019 /home/travis/build/icyphy/ptII/ptolemy/domains/sdf/test/auto/relationGroup4.xml
----------------- Instantiating /home/travis/build/icyphy/ptII/ptolemy/domains/sdf/test/auto/relationGroup4.xml
10 ms. Memory: 327680K Free: 245059K (75%)
----------------- Invoking toplevel() on ptolemy.moml.MoMLSimpleApplication@31bdde6f
----------------- Done invoking toplevel() on ptolemy.moml.MoMLSimpleApplication@31bdde6f
reloadAllAccessors: .relationGroup4

===========================================================================================
----------------- testing Mon Jul 15 17:08:11 UTC 2019 /home/travis/build/icyphy/ptII/ptolemy/domains/sdf/test/auto/relationGroup5.xml
----------------- Instantiating /home/travis/build/icyphy/ptII/ptolemy/domains/sdf/test/auto/relationGroup5.xml
4 ms. Memory: 327680K Free: 240449K (73%)
----------------- Invoking toplevel() on ptolemy.moml.MoMLSimpleApplication@7631d03
----------------- Done invoking toplevel() on ptolemy.moml.MoMLSimpleApplication@7631d03
reloadAllAccessors: .relationGroup5

===========================================================================================
----------------- testing Mon Jul 15 17:08:11 UTC 2019 /home/travis/build/icyphy/ptII/ptolemy/domains/sdf/test/auto/relationGroup6.xml
----------------- Instantiating /home/travis/build/icyphy/ptII/ptolemy/domains/sdf/test/auto/relationGroup6.xml
6 ms. Memory: 327680K Free: 236323K (72%)
----------------- Invoking toplevel() on ptolemy.moml.MoMLSimpleApplication@e2ee70f
----------------- Done invoking toplevel() on ptolemy.moml.MoMLSimpleApplication@e2ee70f
reloadAllAccessors: .relationGroup6

===========================================================================================
----------------- testing Mon Jul 15 17:08:11 UTC 2019 /home/travis/build/icyphy/ptII/ptolemy/domains/sdf/test/auto/relationGroup7.xml
----------------- Instantiating /home/travis/build/icyphy/ptII/ptolemy/domains/sdf/test/auto/relationGroup7.xml
2 ms. Memory: 327680K Free: 233281K (71%)
----------------- Invoking toplevel() on ptolemy.moml.MoMLSimpleApplication@6cce6e53
----------------- Done invoking toplevel() on ptolemy.moml.MoMLSimpleApplication@6cce6e53
reloadAllAccessors: .relationGroup7

===========================================================================================
----------------- testing Mon Jul 15 17:08:11 UTC 2019 /home/travis/build/icyphy/ptII/ptolemy/domains/sdf/test/auto/relationGroup8.xml
----------------- Instantiating /home/travis/build/icyphy/ptII/ptolemy/domains/sdf/test/auto/relationGroup8.xml
5 ms. Memory: 327680K Free: 230209K (70%)
----------------- Invoking toplevel() on ptolemy.moml.MoMLSimpleApplication@7e18766e
----------------- Done invoking toplevel() on ptolemy.moml.MoMLSimpleApplication@7e18766e
reloadAllAccessors: .relationGroup8

===========================================================================================
----------------- testing Mon Jul 15 17:08:11 UTC 2019 /home/travis/build/icyphy/ptII/ptolemy/domains/sdf/test/auto/relationGroup9.xml
----------------- Instantiating /home/travis/build/icyphy/ptII/ptolemy/domains/sdf/test/auto/relationGroup9.xml
6 ms. Memory: 327680K Free: 225603K (69%)
----------------- Invoking toplevel() on ptolemy.moml.MoMLSimpleApplication@1c0205d6
----------------- Done invoking toplevel() on ptolemy.moml.MoMLSimpleApplication@1c0205d6
reloadAllAccessors: .relationGroup9

===========================================================================================
----------------- testing Mon Jul 15 17:08:11 UTC 2019 /home/travis/build/icyphy/ptII/ptolemy/domains/sdf/test/auto/sdf_inside_de.xml
----------------- Instantiating /home/travis/build/icyphy/ptII/ptolemy/domains/sdf/test/auto/sdf_inside_de.xml
11 ms. Memory: 327680K Free: 216897K (66%)
----------------- Invoking toplevel() on ptolemy.moml.MoMLSimpleApplication@194aa49
----------------- Done invoking toplevel() on ptolemy.moml.MoMLSimpleApplication@194aa49
reloadAllAccessors: .sdf_inside_de

===========================================================================================
----------------- testing Mon Jul 15 17:08:11 UTC 2019 /home/travis/build/icyphy/ptII/ptolemy/domains/sdf/test/auto/sdf_inside_pn.xml
----------------- Instantiating /home/travis/build/icyphy/ptII/ptolemy/domains/sdf/test/auto/sdf_inside_pn.xml
44 ms. Memory: 327680K Free: 207681K (63%)
----------------- Invoking toplevel() on ptolemy.moml.MoMLSimpleApplication@60dd432b
----------------- Done invoking toplevel() on ptolemy.moml.MoMLSimpleApplication@60dd432b
reloadAllAccessors: .sdf_inside_pn

===========================================================================================
----------------- testing Mon Jul 15 17:08:11 UTC 2019 /home/travis/build/icyphy/ptII/ptolemy/domains/sdf/test/auto/sdf_sdf1.xml
----------------- Instantiating /home/travis/build/icyphy/ptII/ptolemy/domains/sdf/test/auto/sdf_sdf1.xml
3 ms. Memory: 327680K Free: 202051K (62%)
----------------- Invoking toplevel() on ptolemy.moml.MoMLSimpleApplication@7162368
----------------- Done invoking toplevel() on ptolemy.moml.MoMLSimpleApplication@7162368
reloadAllAccessors: .sdf_sdf1

===========================================================================================
----------------- testing Mon Jul 15 17:08:11 UTC 2019 /home/travis/build/icyphy/ptII/ptolemy/domains/sdf/test/auto/test1.xml
----------------- Instantiating /home/travis/build/icyphy/ptII/ptolemy/domains/sdf/test/auto/test1.xml
3 ms. Memory: 327680K Free: 196931K (60%)
----------------- Invoking toplevel() on ptolemy.moml.MoMLSimpleApplication@1bb80272
----------------- Done invoking toplevel() on ptolemy.moml.MoMLSimpleApplication@1bb80272
reloadAllAccessors: .test1

===========================================================================================
----------------- testing Mon Jul 15 17:08:11 UTC 2019 /home/travis/build/icyphy/ptII/ptolemy/domains/sdf/test/auto/time1.xml
----------------- Instantiating /home/travis/build/icyphy/ptII/ptolemy/domains/sdf/test/auto/time1.xml
3 ms. Memory: 327680K Free: 193345K (59%)
----------------- Invoking toplevel() on ptolemy.moml.MoMLSimpleApplication@7a27c94f
----------------- Done invoking toplevel() on ptolemy.moml.MoMLSimpleApplication@7a27c94f
reloadAllAccessors: .time1

===========================================================================================
----------------- testing Mon Jul 15 17:08:11 UTC 2019 /home/travis/build/icyphy/ptII/ptolemy/domains/sdf/test/auto/time2.xml
----------------- Instantiating /home/travis/build/icyphy/ptII/ptolemy/domains/sdf/test/auto/time2.xml
2 ms. Memory: 327680K Free: 189763K (58%)
----------------- Invoking toplevel() on ptolemy.moml.MoMLSimpleApplication@7419f5af
----------------- Done invoking toplevel() on ptolemy.moml.MoMLSimpleApplication@7419f5af
reloadAllAccessors: .time2

===========================================================================================
----------------- testing Mon Jul 15 17:08:11 UTC 2019 /home/travis/build/icyphy/ptII/ptolemy/domains/sdf/test/auto/time3.xml
----------------- Instantiating /home/travis/build/icyphy/ptII/ptolemy/domains/sdf/test/auto/time3.xml
6 ms. Memory: 327680K Free: 184643K (56%)
----------------- Invoking toplevel() on ptolemy.moml.MoMLSimpleApplication@3653baf9
----------------- Done invoking toplevel() on ptolemy.moml.MoMLSimpleApplication@3653baf9
reloadAllAccessors: .time3

===========================================================================================
----------------- testing Mon Jul 15 17:08:11 UTC 2019 /home/travis/build/icyphy/ptII/ptolemy/domains/sdf/test/auto/time4.xml
----------------- Instantiating /home/travis/build/icyphy/ptII/ptolemy/domains/sdf/test/auto/time4.xml
6 ms. Memory: 327680K Free: 179009K (55%)
----------------- Invoking toplevel() on ptolemy.moml.MoMLSimpleApplication@49d0a327
----------------- Done invoking toplevel() on ptolemy.moml.MoMLSimpleApplication@49d0a327
reloadAllAccessors: .time4

===========================================================================================
----------------- testing Mon Jul 15 17:08:11 UTC 2019 /home/travis/build/icyphy/ptII/ptolemy/domains/sdf/test/auto/time5.xml
----------------- Instantiating /home/travis/build/icyphy/ptII/ptolemy/domains/sdf/test/auto/time5.xml
4002 ms. Memory: 327680K Free: 175427K (54%)
----------------- Invoking toplevel() on ptolemy.moml.MoMLSimpleApplication@2ac07f93
----------------- Done invoking toplevel() on ptolemy.moml.MoMLSimpleApplication@2ac07f93
reloadAllAccessors: .time5

===========================================================================================
----------------- testing Mon Jul 15 17:08:15 UTC 2019 /home/travis/build/icyphy/ptII/ptolemy/domains/sdf/test/auto/typeSystem_Const_Integer_smallest_Type.xml
----------------- Instantiating /home/travis/build/icyphy/ptII/ptolemy/domains/sdf/test/auto/typeSystem_Const_Integer_smallest_Type.xml
10 ms. Memory: 327680K Free: 170817K (52%)
----------------- Invoking toplevel() on ptolemy.moml.MoMLSimpleApplication@56595868
----------------- Done invoking toplevel() on ptolemy.moml.MoMLSimpleApplication@56595868
reloadAllAccessors: .typeSystem_Const_Integer_smallest_Type

===========================================================================================
----------------- testing Mon Jul 15 17:08:15 UTC 2019 /home/travis/build/icyphy/ptII/ptolemy/domains/sdf/test/auto/typeSystem_declared_Inports_OutportTypeException.xml
----------------- Instantiating /home/travis/build/icyphy/ptII/ptolemy/domains/sdf/test/auto/typeSystem_declared_Inports_OutportTypeException.xml
.typeSystem_declared_Inports_OutportTypeException.TestExceptionAttribute: initialize() was not invoked, but wrapup() was.  This is unusual, but not always a problem.  For example, exporting JNLP will do this.
6 ms. Memory: 327680K Free: 166721K (51%)
----------------- Invoking toplevel() on ptolemy.moml.MoMLSimpleApplication@602f8b4e
----------------- Done invoking toplevel() on ptolemy.moml.MoMLSimpleApplication@602f8b4e
reloadAllAccessors: .typeSystem_declared_Inports_OutportTypeException

===========================================================================================
----------------- testing Mon Jul 15 17:08:15 UTC 2019 /home/travis/build/icyphy/ptII/ptolemy/domains/sdf/test/auto/typeSystem_oneDeclaredInportType_wrongTypeOutport.xml
----------------- Instantiating /home/travis/build/icyphy/ptII/ptolemy/domains/sdf/test/auto/typeSystem_oneDeclaredInportType_wrongTypeOutport.xml
4 ms. Memory: 327680K Free: 162625K (50%)
----------------- Invoking toplevel() on ptolemy.moml.MoMLSimpleApplication@5356d762
----------------- Done invoking toplevel() on ptolemy.moml.MoMLSimpleApplication@5356d762
reloadAllAccessors: .typeSystem_oneDeclaredInportType_wrongTypeOutport

===========================================================================================
----------------- testing Mon Jul 15 17:08:15 UTC 2019 /home/travis/build/icyphy/ptII/ptolemy/domains/sdf/test/auto/width.xml
----------------- Instantiating /home/travis/build/icyphy/ptII/ptolemy/domains/sdf/test/auto/width.xml
2 ms. Memory: 327680K Free: 159043K (49%)
----------------- Invoking toplevel() on ptolemy.moml.MoMLSimpleApplication@590a8367
----------------- Done invoking toplevel() on ptolemy.moml.MoMLSimpleApplication@590a8367
reloadAllAccessors: .width

===========================================================================================
----------------- testing Mon Jul 15 17:08:15 UTC 2019 /home/travis/build/icyphy/ptII/ptolemy/domains/sdf/test/auto/width2.xml
----------------- Instantiating /home/travis/build/icyphy/ptII/ptolemy/domains/sdf/test/auto/width2.xml
35 ms. Memory: 327680K Free: 153923K (47%)
----------------- Invoking toplevel() on ptolemy.moml.MoMLSimpleApplication@3ad547de
----------------- Done invoking toplevel() on ptolemy.moml.MoMLSimpleApplication@3ad547de
reloadAllAccessors: .width2

===========================================================================================
----------------- testing Mon Jul 15 17:08:16 UTC 2019 /home/travis/build/icyphy/ptII/ptolemy/domains/sdf/test/auto/width3.xml
----------------- Instantiating /home/travis/build/icyphy/ptII/ptolemy/domains/sdf/test/auto/width3.xml
34 ms. Memory: 327680K Free: 148803K (45%)
----------------- Invoking toplevel() on ptolemy.moml.MoMLSimpleApplication@41175adc
----------------- Done invoking toplevel() on ptolemy.moml.MoMLSimpleApplication@41175adc
reloadAllAccessors: .width3
AutoTests.java: About to close Vertx.
AutoTests.java: Vertx closed.
]]></system-out>
  <system-err><![CDATA[java.lang.RuntimeException: Execution failed
	at ptolemy.moml.MoMLSimpleApplication$UnloadThread.run(MoMLSimpleApplication.java:402)
Caused by: ptolemy.actor.sched.NotSchedulableException: No solution exists for the balance equations.
Graph is not consistent under the SDF domain detected on external port .rateConsistency.actor.port2
  in .rateConsistency.SDF Director.Scheduler
	at ptolemy.domains.sdf.kernel.SDFScheduler._propagatePort(SDFScheduler.java:1425)
	at ptolemy.domains.sdf.kernel.SDFScheduler._solveBalanceEquations(SDFScheduler.java:710)
	at ptolemy.domains.sdf.kernel.SDFScheduler._getSchedule(SDFScheduler.java:566)
	at ptolemy.actor.sched.Scheduler.getSchedule(Scheduler.java:189)
	at ptolemy.domains.sdf.kernel.SDFDirector.createSchedule(SDFDirector.java:408)
	at ptolemy.domains.sdf.kernel.SDFDirector.preinitialize(SDFDirector.java:764)
	at ptolemy.actor.CompositeActor.preinitialize(CompositeActor.java:1828)
	at ptolemy.actor.Manager.preinitializeAndResolveTypes(Manager.java:1040)
	at ptolemy.actor.Manager.initialize(Manager.java:710)
	at ptolemy.actor.Manager.execute(Manager.java:356)
	at ptolemy.actor.Manager.run(Manager.java:1263)
	at ptolemy.actor.Manager$PtolemyRunThread.run(Manager.java:1915)
java.lang.RuntimeException: Execution failed
	at ptolemy.moml.MoMLSimpleApplication$UnloadThread.run(MoMLSimpleApplication.java:402)
Caused by: ptolemy.kernel.util.IllegalActionException: Failed to compute schedule:
  in .badRateChanges.typed composite actor.SDF Director
Because:
The SDF rate parameter may change. This is not allowed in SDF models that will be run through the code generator.  If you don't care about code generation, then you might consider setting the allowRateChanges parameter of the SDF director to false.
  in .badRateChanges.typed composite actor.Repeat.output.tokenProductionRate
	at ptolemy.domains.sdf.kernel.SDFDirector.createSchedule(SDFDirector.java:418)
	at ptolemy.domains.sdf.kernel.SDFDirector.preinitialize(SDFDirector.java:764)
	at ptolemy.actor.CompositeActor.preinitialize(CompositeActor.java:1828)
	at ptolemy.actor.Director.preinitialize(Director.java:1302)
	at ptolemy.actor.Director.preinitialize(Director.java:1257)
	at ptolemy.domains.sdf.kernel.SDFDirector.preinitialize(SDFDirector.java:763)
	at ptolemy.actor.CompositeActor.preinitialize(CompositeActor.java:1828)
	at ptolemy.actor.Manager.preinitializeAndResolveTypes(Manager.java:1040)
	at ptolemy.actor.Manager.initialize(Manager.java:710)
	at ptolemy.actor.Manager.execute(Manager.java:356)
	at ptolemy.actor.Manager.run(Manager.java:1263)
	at ptolemy.actor.Manager$PtolemyRunThread.run(Manager.java:1915)
Caused by: ptolemy.kernel.util.IllegalActionException: The SDF rate parameter may change. This is not allowed in SDF models that will be run through the code generator.  If you don't care about code generation, then you might consider setting the allowRateChanges parameter of the SDF director to false.
  in .badRateChanges.typed composite actor.Repeat.output.tokenProductionRate
	at ptolemy.domains.sdf.kernel.SDFScheduler._assertDynamicRateVariable(SDFScheduler.java:931)
	at ptolemy.domains.sdf.kernel.SDFScheduler._checkDynamicRateVariables(SDFScheduler.java:339)
	at ptolemy.domains.sdf.kernel.SDFScheduler._getSchedule(SDFScheduler.java:527)
	at ptolemy.actor.sched.Scheduler.getSchedule(Scheduler.java:189)
	at ptolemy.domains.sdf.kernel.SDFDirector.createSchedule(SDFDirector.java:408)
	... 11 more
java.lang.RuntimeException: Execution failed
	at ptolemy.moml.MoMLSimpleApplication$UnloadThread.run(MoMLSimpleApplication.java:402)
Caused by: ptolemy.kernel.util.IllegalActionException: Failed to compute schedule:
  in .badRateChanges2.typed composite actor.SDF Director
Because:
The SDF rate parameter may change. This is not allowed in SDF models that will be run through the code generator.  If you don't care about code generation, then you might consider setting the allowRateChanges parameter of the SDF director to false.
  in .badRateChanges2.typed composite actor.Repeat.output.tokenProductionRate
	at ptolemy.domains.sdf.kernel.SDFDirector.createSchedule(SDFDirector.java:418)
	at ptolemy.domains.sdf.kernel.SDFDirector.preinitialize(SDFDirector.java:764)
	at ptolemy.actor.CompositeActor.preinitialize(CompositeActor.java:1828)
	at ptolemy.actor.Director.preinitialize(Director.java:1302)
	at ptolemy.actor.Director.preinitialize(Director.java:1257)
	at ptolemy.domains.sdf.kernel.SDFDirector.preinitialize(SDFDirector.java:763)
	at ptolemy.actor.CompositeActor.preinitialize(CompositeActor.java:1828)
	at ptolemy.actor.Manager.preinitializeAndResolveTypes(Manager.java:1040)
	at ptolemy.actor.Manager.initialize(Manager.java:710)
	at ptolemy.actor.Manager.execute(Manager.java:356)
	at ptolemy.actor.Manager.run(Manager.java:1263)
	at ptolemy.actor.Manager$PtolemyRunThread.run(Manager.java:1915)
Caused by: ptolemy.kernel.util.IllegalActionException: The SDF rate parameter may change. This is not allowed in SDF models that will be run through the code generator.  If you don't care about code generation, then you might consider setting the allowRateChanges parameter of the SDF director to false.
  in .badRateChanges2.typed composite actor.Repeat.output.tokenProductionRate
	at ptolemy.domains.sdf.kernel.SDFScheduler._assertDynamicRateVariable(SDFScheduler.java:931)
	at ptolemy.domains.sdf.kernel.SDFScheduler._checkDynamicRateVariables(SDFScheduler.java:339)
	at ptolemy.domains.sdf.kernel.SDFScheduler._getSchedule(SDFScheduler.java:527)
	at ptolemy.actor.sched.Scheduler.getSchedule(Scheduler.java:189)
	at ptolemy.domains.sdf.kernel.SDFDirector.createSchedule(SDFDirector.java:408)
	... 11 more
java.lang.RuntimeException: Execution failed
	at ptolemy.moml.MoMLSimpleApplication$UnloadThread.run(MoMLSimpleApplication.java:402)
Caused by: ptolemy.actor.sched.NotSchedulableException: Actors remain that cannot be scheduled!

There are several possible reasons:
* SDF Graphs with feedback loops should have an actor with a delay in the loop, such as a SampleDelay.
* The SDF director has an "allowDisconnectedGraphs"parameter, which, when true, permits disconnected SDF graphs.
* The token consumption rate and production rates might be mismatched.
Usually, actors produce one token or consume one token on a port.  To produce or consume multiple tokens per firing, add a "tokenConsumptionRate" or "tokenProductionRate" parameter to the appropriate port.
Unscheduled actors:
.partiallyConnected.Const2 
Scheduled actors:
.partiallyConnected.Const 
  in .partiallyConnected.SDF Director.Scheduler
	at ptolemy.domains.sdf.kernel.SDFScheduler._scheduleConnectedActors(SDFScheduler.java:1828)
	at ptolemy.domains.sdf.kernel.SDFScheduler._getSchedule(SDFScheduler.java:587)
	at ptolemy.actor.sched.Scheduler.getSchedule(Scheduler.java:189)
	at ptolemy.domains.sdf.kernel.SDFDirector.createSchedule(SDFDirector.java:408)
	at ptolemy.domains.sdf.kernel.SDFDirector.preinitialize(SDFDirector.java:764)
	at ptolemy.actor.CompositeActor.preinitialize(CompositeActor.java:1828)
	at ptolemy.actor.Manager.preinitializeAndResolveTypes(Manager.java:1040)
	at ptolemy.actor.Manager.initialize(Manager.java:710)
	at ptolemy.actor.Manager.execute(Manager.java:356)
	at ptolemy.actor.Manager.run(Manager.java:1263)
	at ptolemy.actor.Manager$PtolemyRunThread.run(Manager.java:1915)
]]></system-err>
</testsuite>
