<?xml version="1.0" encoding="UTF-8" ?>
<testsuite errors="0" failures="0" hostname="travis-job-ef6ec945-4023-4e14-b3ab-d3bd2dd9344b" name="ptolemy.domains.modal.test.junit.JUnitTclTest" skipped="0" tests="148" time="11.636" timestamp="2018-08-18T01:59:02">
  <properties>
[...]
</properties>
  <testcase classname="ptolemy.util.test.junit.TclTests" name="[0] /home/travis/build/icyphy/ptII/ptolemy/domains/modal/test/SystemLevelType.tcl (RunTclFile)" time="2.071" />
  <testcase classname="ptolemy.util.test.junit.AutoKnownFailedTests" name="[0] /home/travis/build/icyphy/ptII/ptolemy/domains/modal/test/auto/knownFailedTests/CannotAnalysisWithPreemption.xml (RunModel)" time="0.114" />
  <testcase classname="ptolemy.util.test.junit.AutoNameArchTests" name="[0] ThereAreNoAutoArchTests (RunModel)" time="0.0" />
  <testcase classname="ptolemy.util.test.junit.AutoTests" name="[0] /home/travis/build/icyphy/ptII/ptolemy/domains/modal/test/auto/ABPTest.xml (RunModel)" time="0.702" />
  <testcase classname="ptolemy.util.test.junit.AutoTests" name="[1] /home/travis/build/icyphy/ptII/ptolemy/domains/modal/test/auto/ABROFlat.xml (RunModel)" time="0.098" />
  <testcase classname="ptolemy.util.test.junit.AutoTests" name="[2] /home/travis/build/icyphy/ptII/ptolemy/domains/modal/test/auto/ABROFlat2.xml (RunModel)" time="0.096" />
  <testcase classname="ptolemy.util.test.junit.AutoTests" name="[3] /home/travis/build/icyphy/ptII/ptolemy/domains/modal/test/auto/ABRO_present_hmm.xml (RunModel)" time="0.171" />
  <testcase classname="ptolemy.util.test.junit.AutoTests" name="[4] /home/travis/build/icyphy/ptII/ptolemy/domains/modal/test/auto/AMICoderExample.xml (RunModel)" time="0.079" />
  <testcase classname="ptolemy.util.test.junit.AutoTests" name="[5] /home/travis/build/icyphy/ptII/ptolemy/domains/modal/test/auto/AbsentToPresent.xml (RunModel)" time="0.03" />
  <testcase classname="ptolemy.util.test.junit.AutoTests" name="[6] /home/travis/build/icyphy/ptII/ptolemy/domains/modal/test/auto/Blending.xml (RunModel)" time="0.309" />
  <testcase classname="ptolemy.util.test.junit.AutoTests" name="[7] /home/travis/build/icyphy/ptII/ptolemy/domains/modal/test/auto/Broadcast.xml (RunModel)" time="0.06" />
  <testcase classname="ptolemy.util.test.junit.AutoTests" name="[8] /home/travis/build/icyphy/ptII/ptolemy/domains/modal/test/auto/BroadcastHierarchy.xml (RunModel)" time="0.078" />
  <testcase classname="ptolemy.util.test.junit.AutoTests" name="[9] /home/travis/build/icyphy/ptII/ptolemy/domains/modal/test/auto/BroadcastHierarchy2.xml (RunModel)" time="0.154" />
  <testcase classname="ptolemy.util.test.junit.AutoTests" name="[10] /home/travis/build/icyphy/ptII/ptolemy/domains/modal/test/auto/BroadcastHierarchy3.xml (RunModel)" time="0.119" />
  <testcase classname="ptolemy.util.test.junit.AutoTests" name="[11] /home/travis/build/icyphy/ptII/ptolemy/domains/modal/test/auto/BroadcastHierarchy4.xml (RunModel)" time="0.111" />
  <testcase classname="ptolemy.util.test.junit.AutoTests" name="[12] /home/travis/build/icyphy/ptII/ptolemy/domains/modal/test/auto/CannotAnalysisWithPreemption2.xml (RunModel)" time="0.039" />
  <testcase classname="ptolemy.util.test.junit.AutoTests" name="[13] /home/travis/build/icyphy/ptII/ptolemy/domains/modal/test/auto/CannotAnalysisWithPreemption3.xml (RunModel)" time="0.044" />
  <testcase classname="ptolemy.util.test.junit.AutoTests" name="[14] /home/travis/build/icyphy/ptII/ptolemy/domains/modal/test/auto/CannotProduce.xml (RunModel)" time="0.033" />
  <testcase classname="ptolemy.util.test.junit.AutoTests" name="[15] /home/travis/build/icyphy/ptII/ptolemy/domains/modal/test/auto/CannotProduceModal.xml (RunModel)" time="0.031" />
  <testcase classname="ptolemy.util.test.junit.AutoTests" name="[16] /home/travis/build/icyphy/ptII/ptolemy/domains/modal/test/auto/Case.xml (RunModel)" time="0.079" />
  <testcase classname="ptolemy.util.test.junit.AutoTests" name="[17] /home/travis/build/icyphy/ptII/ptolemy/domains/modal/test/auto/Case1.xml (RunModel)" time="0.041" />
  <testcase classname="ptolemy.util.test.junit.AutoTests" name="[18] /home/travis/build/icyphy/ptII/ptolemy/domains/modal/test/auto/Case2.xml (RunModel)" time="0.073" />
  <testcase classname="ptolemy.util.test.junit.AutoTests" name="[19] /home/travis/build/icyphy/ptII/ptolemy/domains/modal/test/auto/CausalityInterface1.xml (RunModel)" time="0.033" />
  <testcase classname="ptolemy.util.test.junit.AutoTests" name="[20] /home/travis/build/icyphy/ptII/ptolemy/domains/modal/test/auto/CausalityInterface10.xml (RunModel)" time="0.076" />
  <testcase classname="ptolemy.util.test.junit.AutoTests" name="[21] /home/travis/build/icyphy/ptII/ptolemy/domains/modal/test/auto/CausalityInterface11.xml (RunModel)" time="0.078" />
  <testcase classname="ptolemy.util.test.junit.AutoTests" name="[22] /home/travis/build/icyphy/ptII/ptolemy/domains/modal/test/auto/CausalityInterface12.xml (RunModel)" time="0.06" />
  <testcase classname="ptolemy.util.test.junit.AutoTests" name="[23] /home/travis/build/icyphy/ptII/ptolemy/domains/modal/test/auto/CausalityInterface13.xml (RunModel)" time="0.073" />
  <testcase classname="ptolemy.util.test.junit.AutoTests" name="[24] /home/travis/build/icyphy/ptII/ptolemy/domains/modal/test/auto/CausalityInterface14.xml (RunModel)" time="0.067" />
  <testcase classname="ptolemy.util.test.junit.AutoTests" name="[25] /home/travis/build/icyphy/ptII/ptolemy/domains/modal/test/auto/CausalityInterface2.xml (RunModel)" time="0.035" />
  <testcase classname="ptolemy.util.test.junit.AutoTests" name="[26] /home/travis/build/icyphy/ptII/ptolemy/domains/modal/test/auto/CausalityInterface3.xml (RunModel)" time="0.03" />
  <testcase classname="ptolemy.util.test.junit.AutoTests" name="[27] /home/travis/build/icyphy/ptII/ptolemy/domains/modal/test/auto/CausalityInterface4.xml (RunModel)" time="0.049" />
  <testcase classname="ptolemy.util.test.junit.AutoTests" name="[28] /home/travis/build/icyphy/ptII/ptolemy/domains/modal/test/auto/CausalityInterface5.xml (RunModel)" time="0.037" />
  <testcase classname="ptolemy.util.test.junit.AutoTests" name="[29] /home/travis/build/icyphy/ptII/ptolemy/domains/modal/test/auto/CausalityInterface6.xml (RunModel)" time="0.043" />
  <testcase classname="ptolemy.util.test.junit.AutoTests" name="[30] /home/travis/build/icyphy/ptII/ptolemy/domains/modal/test/auto/CausalityInterface7.xml (RunModel)" time="0.059" />
  <testcase classname="ptolemy.util.test.junit.AutoTests" name="[31] /home/travis/build/icyphy/ptII/ptolemy/domains/modal/test/auto/CausalityInterface8.xml (RunModel)" time="0.032" />
  <testcase classname="ptolemy.util.test.junit.AutoTests" name="[32] /home/travis/build/icyphy/ptII/ptolemy/domains/modal/test/auto/CausalityInterface9.xml (RunModel)" time="0.042" />
  <testcase classname="ptolemy.util.test.junit.AutoTests" name="[33] /home/travis/build/icyphy/ptII/ptolemy/domains/modal/test/auto/ChainedTransitions.xml (RunModel)" time="0.175" />
  <testcase classname="ptolemy.util.test.junit.AutoTests" name="[34] /home/travis/build/icyphy/ptII/ptolemy/domains/modal/test/auto/CycleOfImmediateTransitionsFSM.xml (RunModel)" time="0.032" />
  <testcase classname="ptolemy.util.test.junit.AutoTests" name="[35] /home/travis/build/icyphy/ptII/ptolemy/domains/modal/test/auto/CycleOfImmediateTransitionsModal.xml (RunModel)" time="0.029" />
  <testcase classname="ptolemy.util.test.junit.AutoTests" name="[36] /home/travis/build/icyphy/ptII/ptolemy/domains/modal/test/auto/CycleOfImmediateTransitionsModal2.xml (RunModel)" time="0.033" />
  <testcase classname="ptolemy.util.test.junit.AutoTests" name="[37] /home/travis/build/icyphy/ptII/ptolemy/domains/modal/test/auto/CycleOfImmediateTransitionsModal3.xml (RunModel)" time="0.096" />
  <testcase classname="ptolemy.util.test.junit.AutoTests" name="[38] /home/travis/build/icyphy/ptII/ptolemy/domains/modal/test/auto/DeepModal1.xml (RunModel)" time="0.064" />
  <testcase classname="ptolemy.util.test.junit.AutoTests" name="[39] /home/travis/build/icyphy/ptII/ptolemy/domains/modal/test/auto/DeepModal2.xml (RunModel)" time="0.082" />
  <testcase classname="ptolemy.util.test.junit.AutoTests" name="[40] /home/travis/build/icyphy/ptII/ptolemy/domains/modal/test/auto/DeepModal3.xml (RunModel)" time="0.086" />
  <testcase classname="ptolemy.util.test.junit.AutoTests" name="[41] /home/travis/build/icyphy/ptII/ptolemy/domains/modal/test/auto/DeepModal4.xml (RunModel)" time="0.085" />
  <testcase classname="ptolemy.util.test.junit.AutoTests" name="[42] /home/travis/build/icyphy/ptII/ptolemy/domains/modal/test/auto/Default1.xml (RunModel)" time="0.028" />
  <testcase classname="ptolemy.util.test.junit.AutoTests" name="[43] /home/travis/build/icyphy/ptII/ptolemy/domains/modal/test/auto/Default2.xml (RunModel)" time="0.024" />
  <testcase classname="ptolemy.util.test.junit.AutoTests" name="[44] /home/travis/build/icyphy/ptII/ptolemy/domains/modal/test/auto/Default3.xml (RunModel)" time="0.02" />
  <testcase classname="ptolemy.util.test.junit.AutoTests" name="[45] /home/travis/build/icyphy/ptII/ptolemy/domains/modal/test/auto/Default4.xml (RunModel)" time="0.019" />
  <testcase classname="ptolemy.util.test.junit.AutoTests" name="[46] /home/travis/build/icyphy/ptII/ptolemy/domains/modal/test/auto/Default5.xml (RunModel)" time="0.031" />
  <testcase classname="ptolemy.util.test.junit.AutoTests" name="[47] /home/travis/build/icyphy/ptII/ptolemy/domains/modal/test/auto/EmptyGuard.xml (RunModel)" time="0.031" />
  <testcase classname="ptolemy.util.test.junit.AutoTests" name="[48] /home/travis/build/icyphy/ptII/ptolemy/domains/modal/test/auto/ErrorTransition1.xml (RunModel)" time="0.041" />
  <testcase classname="ptolemy.util.test.junit.AutoTests" name="[49] /home/travis/build/icyphy/ptII/ptolemy/domains/modal/test/auto/ErrorTransition10.xml (RunModel)" time="0.049" />
  <testcase classname="ptolemy.util.test.junit.AutoTests" name="[50] /home/travis/build/icyphy/ptII/ptolemy/domains/modal/test/auto/ErrorTransition11.xml (RunModel)" time="0.04" />
  <testcase classname="ptolemy.util.test.junit.AutoTests" name="[51] /home/travis/build/icyphy/ptII/ptolemy/domains/modal/test/auto/ErrorTransition2.xml (RunModel)" time="0.028" />
  <testcase classname="ptolemy.util.test.junit.AutoTests" name="[52] /home/travis/build/icyphy/ptII/ptolemy/domains/modal/test/auto/ErrorTransition3.xml (RunModel)" time="0.039" />
  <testcase classname="ptolemy.util.test.junit.AutoTests" name="[53] /home/travis/build/icyphy/ptII/ptolemy/domains/modal/test/auto/ErrorTransition4.xml (RunModel)" time="0.045" />
  <testcase classname="ptolemy.util.test.junit.AutoTests" name="[54] /home/travis/build/icyphy/ptII/ptolemy/domains/modal/test/auto/ErrorTransition5.xml (RunModel)" time="0.033" />
  <testcase classname="ptolemy.util.test.junit.AutoTests" name="[55] /home/travis/build/icyphy/ptII/ptolemy/domains/modal/test/auto/ErrorTransition6.xml (RunModel)" time="0.038" />
  <testcase classname="ptolemy.util.test.junit.AutoTests" name="[56] /home/travis/build/icyphy/ptII/ptolemy/domains/modal/test/auto/ErrorTransition7.xml (RunModel)" time="0.051" />
  <testcase classname="ptolemy.util.test.junit.AutoTests" name="[57] /home/travis/build/icyphy/ptII/ptolemy/domains/modal/test/auto/ErrorTransition8.xml (RunModel)" time="0.07" />
  <testcase classname="ptolemy.util.test.junit.AutoTests" name="[58] /home/travis/build/icyphy/ptII/ptolemy/domains/modal/test/auto/ErrorTransition9.xml (RunModel)" time="0.049" />
  <testcase classname="ptolemy.util.test.junit.AutoTests" name="[59] /home/travis/build/icyphy/ptII/ptolemy/domains/modal/test/auto/ExtendedFSM.xml (RunModel)" time="0.022" />
  <testcase classname="ptolemy.util.test.junit.AutoTests" name="[60] /home/travis/build/icyphy/ptII/ptolemy/domains/modal/test/auto/FinalStates.xml (RunModel)" time="0.025" />
  <testcase classname="ptolemy.util.test.junit.AutoTests" name="[61] /home/travis/build/icyphy/ptII/ptolemy/domains/modal/test/auto/FixedPointFSM.xml (RunModel)" time="0.047" />
  <testcase classname="ptolemy.util.test.junit.AutoTests" name="[62] /home/travis/build/icyphy/ptII/ptolemy/domains/modal/test/auto/FixedPointIterationFSMActor.xml (RunModel)" time="0.03" />
  <testcase classname="ptolemy.util.test.junit.AutoTests" name="[63] /home/travis/build/icyphy/ptII/ptolemy/domains/modal/test/auto/FixedPointIterationFSMActor2.xml (RunModel)" time="0.043" />
  <testcase classname="ptolemy.util.test.junit.AutoTests" name="[64] /home/travis/build/icyphy/ptII/ptolemy/domains/modal/test/auto/ForbiddenInstantanousLoop.xml (RunModel)" time="0.035" />
  <testcase classname="ptolemy.util.test.junit.AutoTests" name="[65] /home/travis/build/icyphy/ptII/ptolemy/domains/modal/test/auto/FunctionDependencyOfFSMActorTest.xml (RunModel)" time="0.029" />
  <testcase classname="ptolemy.util.test.junit.AutoTests" name="[66] /home/travis/build/icyphy/ptII/ptolemy/domains/modal/test/auto/GuardExpression.xml (RunModel)" time="0.017" />
  <testcase classname="ptolemy.util.test.junit.AutoTests" name="[67] /home/travis/build/icyphy/ptII/ptolemy/domains/modal/test/auto/GuardNotEvaluated.xml (RunModel)" time="0.028" />
  <testcase classname="ptolemy.util.test.junit.AutoTests" name="[68] /home/travis/build/icyphy/ptII/ptolemy/domains/modal/test/auto/GuardNotEvaluated2.xml (RunModel)" time="0.029" />
  <testcase classname="ptolemy.util.test.junit.AutoTests" name="[69] /home/travis/build/icyphy/ptII/ptolemy/domains/modal/test/auto/GuardOnAbsent.xml (RunModel)" time="0.027" />
  <testcase classname="ptolemy.util.test.junit.AutoTests" name="[70] /home/travis/build/icyphy/ptII/ptolemy/domains/modal/test/auto/HierarchicalFSMTypeInference.xml (RunModel)" time="0.035" />
  <testcase classname="ptolemy.util.test.junit.AutoTests" name="[71] /home/travis/build/icyphy/ptII/ptolemy/domains/modal/test/auto/Hysteresis.xml (RunModel)" time="0.047" />
  <testcase classname="ptolemy.util.test.junit.AutoTests" name="[72] /home/travis/build/icyphy/ptII/ptolemy/domains/modal/test/auto/HysteresisWithDefault.xml (RunModel)" time="0.15" />
  <testcase classname="ptolemy.util.test.junit.AutoTests" name="[73] /home/travis/build/icyphy/ptII/ptolemy/domains/modal/test/auto/HysteresisWithDefault2.xml (RunModel)" time="0.106" />
  <testcase classname="ptolemy.util.test.junit.AutoTests" name="[74] /home/travis/build/icyphy/ptII/ptolemy/domains/modal/test/auto/ImmediateNonConstructiveness.xml (RunModel)" time="0.023" />
  <testcase classname="ptolemy.util.test.junit.AutoTests" name="[75] /home/travis/build/icyphy/ptII/ptolemy/domains/modal/test/auto/ImmediateNonConstructiveness2.xml (RunModel)" time="0.026" />
  <testcase classname="ptolemy.util.test.junit.AutoTests" name="[76] /home/travis/build/icyphy/ptII/ptolemy/domains/modal/test/auto/ImmediateTransitionReset.xml (RunModel)" time="0.042" />
  <testcase classname="ptolemy.util.test.junit.AutoTests" name="[77] /home/travis/build/icyphy/ptII/ptolemy/domains/modal/test/auto/ImmediateTransitions1.xml (RunModel)" time="0.022" />
  <testcase classname="ptolemy.util.test.junit.AutoTests" name="[78] /home/travis/build/icyphy/ptII/ptolemy/domains/modal/test/auto/ImmediateTransitionsInstantaneousCommunication.xml (RunModel)" time="0.04" />
  <testcase classname="ptolemy.util.test.junit.AutoTests" name="[79] /home/travis/build/icyphy/ptII/ptolemy/domains/modal/test/auto/InitialImmediateTransition.xml (RunModel)" time="0.019" />
  <testcase classname="ptolemy.util.test.junit.AutoTests" name="[80] /home/travis/build/icyphy/ptII/ptolemy/domains/modal/test/auto/InitialOutputs.xml (RunModel)" time="0.018" />
  <testcase classname="ptolemy.util.test.junit.AutoTests" name="[81] /home/travis/build/icyphy/ptII/ptolemy/domains/modal/test/auto/InitialStateTransition1.xml (RunModel)" time="0.028" />
  <testcase classname="ptolemy.util.test.junit.AutoTests" name="[82] /home/travis/build/icyphy/ptII/ptolemy/domains/modal/test/auto/InitialStateTransition2.xml (RunModel)" time="0.025" />
  <testcase classname="ptolemy.util.test.junit.AutoTests" name="[83] /home/travis/build/icyphy/ptII/ptolemy/domains/modal/test/auto/InitialStateTransition3.xml (RunModel)" time="0.029" />
  <testcase classname="ptolemy.util.test.junit.AutoTests" name="[84] /home/travis/build/icyphy/ptII/ptolemy/domains/modal/test/auto/InitialStateTransition4.xml (RunModel)" time="0.033" />
  <testcase classname="ptolemy.util.test.junit.AutoTests" name="[85] /home/travis/build/icyphy/ptII/ptolemy/domains/modal/test/auto/MalformedGuardExpressionNotCaught.xml (RunModel)" time="0.023" />
  <testcase classname="ptolemy.util.test.junit.AutoTests" name="[86] /home/travis/build/icyphy/ptII/ptolemy/domains/modal/test/auto/ModalBSC.xml (RunModel)" time="0.099" />
  <testcase classname="ptolemy.util.test.junit.AutoTests" name="[87] /home/travis/build/icyphy/ptII/ptolemy/domains/modal/test/auto/ModalClocks.xml (RunModel)" time="0.091" />
  <testcase classname="ptolemy.util.test.junit.AutoTests" name="[88] /home/travis/build/icyphy/ptII/ptolemy/domains/modal/test/auto/ModalDelay.xml (RunModel)" time="0.062" />
  <testcase classname="ptolemy.util.test.junit.AutoTests" name="[89] /home/travis/build/icyphy/ptII/ptolemy/domains/modal/test/auto/ModalDelay2.xml (RunModel)" time="0.053" />
  <testcase classname="ptolemy.util.test.junit.AutoTests" name="[90] /home/travis/build/icyphy/ptII/ptolemy/domains/modal/test/auto/ModalModelFromMemo.xml (RunModel)" time="0.069" />
  <testcase classname="ptolemy.util.test.junit.AutoTests" name="[91] /home/travis/build/icyphy/ptII/ptolemy/domains/modal/test/auto/ModalModelWithMultirateTransient.xml (RunModel)" time="0.05" />
  <testcase classname="ptolemy.util.test.junit.AutoTests" name="[92] /home/travis/build/icyphy/ptII/ptolemy/domains/modal/test/auto/ModalModelWithReset.xml (RunModel)" time="0.074" />
  <testcase classname="ptolemy.util.test.junit.AutoTests" name="[93] /home/travis/build/icyphy/ptII/ptolemy/domains/modal/test/auto/MouseClickFSM.xml (RunModel)" time="0.056" />
  <testcase classname="ptolemy.util.test.junit.AutoTests" name="[94] /home/travis/build/icyphy/ptII/ptolemy/domains/modal/test/auto/MouseClickFSMModal.xml (RunModel)" time="0.046" />
  <testcase classname="ptolemy.util.test.junit.AutoTests" name="[95] /home/travis/build/icyphy/ptII/ptolemy/domains/modal/test/auto/NonStrictFSM_FeedbackLoop.xml (RunModel)" time="0.046" />
  <testcase classname="ptolemy.util.test.junit.AutoTests" name="[96] /home/travis/build/icyphy/ptII/ptolemy/domains/modal/test/auto/NonStrictFSM_FeedbackLoop_Refinement.xml (RunModel)" time="0.058" />
  <testcase classname="ptolemy.util.test.junit.AutoTests" name="[97] /home/travis/build/icyphy/ptII/ptolemy/domains/modal/test/auto/NonStrictFSM_FeedbackLoop_preemptive.xml (RunModel)" time="0.051" />
  <testcase classname="ptolemy.util.test.junit.AutoTests" name="[98] /home/travis/build/icyphy/ptII/ptolemy/domains/modal/test/auto/NormalTermination.xml (RunModel)" time="0.058" />
  <testcase classname="ptolemy.util.test.junit.AutoTests" name="[99] /home/travis/build/icyphy/ptII/ptolemy/domains/modal/test/auto/Pong.xml (RunModel)" time="0.088" />
  <testcase classname="ptolemy.util.test.junit.AutoTests" name="[100] /home/travis/build/icyphy/ptII/ptolemy/domains/modal/test/auto/Pong_test.xml (RunModel)" time="0.13" />
  <testcase classname="ptolemy.util.test.junit.AutoTests" name="[101] /home/travis/build/icyphy/ptII/ptolemy/domains/modal/test/auto/PreemptionHierarchy.xml (RunModel)" time="0.03" />
  <testcase classname="ptolemy.util.test.junit.AutoTests" name="[102] /home/travis/build/icyphy/ptII/ptolemy/domains/modal/test/auto/PreemptionHierarchy2.xml (RunModel)" time="0.037" />
  <testcase classname="ptolemy.util.test.junit.AutoTests" name="[103] /home/travis/build/icyphy/ptII/ptolemy/domains/modal/test/auto/PreemptiveTransition.xml (RunModel)" time="0.025" />
  <testcase classname="ptolemy.util.test.junit.AutoTests" name="[104] /home/travis/build/icyphy/ptII/ptolemy/domains/modal/test/auto/Priorities.xml (RunModel)" time="0.09" />
  <testcase classname="ptolemy.util.test.junit.AutoTests" name="[105] /home/travis/build/icyphy/ptII/ptolemy/domains/modal/test/auto/ResetFinal.xml (RunModel)" time="0.052" />
  <testcase classname="ptolemy.util.test.junit.AutoTests" name="[106] /home/travis/build/icyphy/ptII/ptolemy/domains/modal/test/auto/ResetFinal2.xml (RunModel)" time="0.036" />
  <testcase classname="ptolemy.util.test.junit.AutoTests" name="[107] /home/travis/build/icyphy/ptII/ptolemy/domains/modal/test/auto/ResetTransitionWithStartTime.xml (RunModel)" time="0.041" />
  <testcase classname="ptolemy.util.test.junit.AutoTests" name="[108] /home/travis/build/icyphy/ptII/ptolemy/domains/modal/test/auto/SDF-FSMComposite.xml (RunModel)" time="0.027" />
  <testcase classname="ptolemy.util.test.junit.AutoTests" name="[109] /home/travis/build/icyphy/ptII/ptolemy/domains/modal/test/auto/SeeminglyNondeterminate.xml (RunModel)" time="0.083" />
  <testcase classname="ptolemy.util.test.junit.AutoTests" name="[110] /home/travis/build/icyphy/ptII/ptolemy/domains/modal/test/auto/SeeminglyNondeterminate2.xml (RunModel)" time="0.087" />
  <testcase classname="ptolemy.util.test.junit.AutoTests" name="[111] /home/travis/build/icyphy/ptII/ptolemy/domains/modal/test/auto/SpontaneousFSM.xml (RunModel)" time="0.053" />
  <testcase classname="ptolemy.util.test.junit.AutoTests" name="[112] /home/travis/build/icyphy/ptII/ptolemy/domains/modal/test/auto/SpontaneousFSM2.xml (RunModel)" time="0.042" />
  <testcase classname="ptolemy.util.test.junit.AutoTests" name="[113] /home/travis/build/icyphy/ptII/ptolemy/domains/modal/test/auto/SpontaneousFSM3.xml (RunModel)" time="0.055" />
  <testcase classname="ptolemy.util.test.junit.AutoTests" name="[114] /home/travis/build/icyphy/ptII/ptolemy/domains/modal/test/auto/SpontaneousFSM4.xml (RunModel)" time="0.055" />
  <testcase classname="ptolemy.util.test.junit.AutoTests" name="[115] /home/travis/build/icyphy/ptII/ptolemy/domains/modal/test/auto/StateTrackerTest.xml (RunModel)" time="0.057" />
  <testcase classname="ptolemy.util.test.junit.AutoTests" name="[116] /home/travis/build/icyphy/ptII/ptolemy/domains/modal/test/auto/StrongImmediateTransition.xml (RunModel)" time="0.041" />
  <testcase classname="ptolemy.util.test.junit.AutoTests" name="[117] /home/travis/build/icyphy/ptII/ptolemy/domains/modal/test/auto/SustainHierarchy.xml (RunModel)" time="0.038" />
  <testcase classname="ptolemy.util.test.junit.AutoTests" name="[118] /home/travis/build/icyphy/ptII/ptolemy/domains/modal/test/auto/TerminationTransition1.xml (RunModel)" time="0.026" />
  <testcase classname="ptolemy.util.test.junit.AutoTests" name="[119] /home/travis/build/icyphy/ptII/ptolemy/domains/modal/test/auto/TerminationTransition2.xml (RunModel)" time="0.049" />
  <testcase classname="ptolemy.util.test.junit.AutoTests" name="[120] /home/travis/build/icyphy/ptII/ptolemy/domains/modal/test/auto/TerminationTransition3.xml (RunModel)" time="0.079" />
  <testcase classname="ptolemy.util.test.junit.AutoTests" name="[121] /home/travis/build/icyphy/ptII/ptolemy/domains/modal/test/auto/TerminationTransition4.xml (RunModel)" time="0.1" />
  <testcase classname="ptolemy.util.test.junit.AutoTests" name="[122] /home/travis/build/icyphy/ptII/ptolemy/domains/modal/test/auto/TerminationTransition5.xml (RunModel)" time="0.038" />
  <testcase classname="ptolemy.util.test.junit.AutoTests" name="[123] /home/travis/build/icyphy/ptII/ptolemy/domains/modal/test/auto/TerminationTransition6.xml (RunModel)" time="0.024" />
  <testcase classname="ptolemy.util.test.junit.AutoTests" name="[124] /home/travis/build/icyphy/ptII/ptolemy/domains/modal/test/auto/TerminationTransition7.xml (RunModel)" time="0.025" />
  <testcase classname="ptolemy.util.test.junit.AutoTests" name="[125] /home/travis/build/icyphy/ptII/ptolemy/domains/modal/test/auto/TerminationTransition8.xml (RunModel)" time="0.026" />
  <testcase classname="ptolemy.util.test.junit.AutoTests" name="[126] /home/travis/build/icyphy/ptII/ptolemy/domains/modal/test/auto/Thermostat_NoHysteresis.xml (RunModel)" time="0.068" />
  <testcase classname="ptolemy.util.test.junit.AutoTests" name="[127] /home/travis/build/icyphy/ptII/ptolemy/domains/modal/test/auto/TimedFSM.xml (RunModel)" time="0.035" />
  <testcase classname="ptolemy.util.test.junit.AutoTests" name="[128] /home/travis/build/icyphy/ptII/ptolemy/domains/modal/test/auto/Timeout1.xml (RunModel)" time="0.015" />
  <testcase classname="ptolemy.util.test.junit.AutoTests" name="[129] /home/travis/build/icyphy/ptII/ptolemy/domains/modal/test/auto/Timeout2.xml (RunModel)" time="0.021" />
  <testcase classname="ptolemy.util.test.junit.AutoTests" name="[130] /home/travis/build/icyphy/ptII/ptolemy/domains/modal/test/auto/Timeout3.xml (RunModel)" time="0.014" />
  <testcase classname="ptolemy.util.test.junit.AutoTests" name="[131] /home/travis/build/icyphy/ptII/ptolemy/domains/modal/test/auto/Timeout4.xml (RunModel)" time="0.016" />
  <testcase classname="ptolemy.util.test.junit.AutoTests" name="[132] /home/travis/build/icyphy/ptII/ptolemy/domains/modal/test/auto/TransientstateModelAdvanced.xml (RunModel)" time="0.032" />
  <testcase classname="ptolemy.util.test.junit.AutoTests" name="[133] /home/travis/build/icyphy/ptII/ptolemy/domains/modal/test/auto/TransientstateModelAdvanced2.xml (RunModel)" time="0.039" />
  <testcase classname="ptolemy.util.test.junit.AutoTests" name="[134] /home/travis/build/icyphy/ptII/ptolemy/domains/modal/test/auto/TransitionRefinements.xml (RunModel)" time="0.029" />
  <testcase classname="ptolemy.util.test.junit.AutoTests" name="[135] /home/travis/build/icyphy/ptII/ptolemy/domains/modal/test/auto/TwoRefinements1.xml (RunModel)" time="0.028" />
  <testcase classname="ptolemy.util.test.junit.AutoTests" name="[136] /home/travis/build/icyphy/ptII/ptolemy/domains/modal/test/auto/TwoRefinements2.xml (RunModel)" time="0.03" />
  <testcase classname="ptolemy.util.test.junit.AutoTests" name="[137] /home/travis/build/icyphy/ptII/ptolemy/domains/modal/test/auto/WeakImmediateTransition.xml (RunModel)" time="0.026" />
  <testcase classname="ptolemy.util.test.junit.AutoTests" name="[138] /home/travis/build/icyphy/ptII/ptolemy/domains/modal/test/auto/booleanSelect.xml (RunModel)" time="0.052" />
  <testcase classname="ptolemy.util.test.junit.AutoTests" name="[139] /home/travis/build/icyphy/ptII/ptolemy/domains/modal/test/auto/modalChangingParams.xml (RunModel)" time="0.302" />
  <testcase classname="ptolemy.util.test.junit.AutoTests" name="[140] /home/travis/build/icyphy/ptII/ptolemy/domains/modal/test/auto/modalModel.xml (RunModel)" time="0.023" />
  <testcase classname="ptolemy.util.test.junit.AutoTests" name="[141] /home/travis/build/icyphy/ptII/ptolemy/domains/modal/test/auto/modalModel2.xml (RunModel)" time="0.043" />
  <testcase classname="ptolemy.util.test.junit.AutoTests" name="[142] /home/travis/build/icyphy/ptII/ptolemy/domains/modal/test/auto/modalModel3.xml (RunModel)" time="0.04" />
  <testcase classname="ptolemy.util.test.junit.AutoTests" name="[143] /home/travis/build/icyphy/ptII/ptolemy/domains/modal/test/auto/model1.xml (RunModel)" time="0.02" />
  <testcase classname="ptolemy.util.test.junit.AutoTests" name="[144] /home/travis/build/icyphy/ptII/ptolemy/domains/modal/test/auto/test-direct-in-out.xml (RunModel)" time="0.029" />
  <system-out><![CDATA[/home/travis/build/icyphy/ptII/ptolemy/domains/modal/test/SystemLevelType.tcl
testDefs.tcl: setting time out to 9000 seconds at Sat Aug 18 01:59:02 UTC 2018
08/18/18 01:59:04
Failed: 0  Total Tests: 1  ((Passed: 1, Newly Passed: 0)  Known Failed: 0) /home/travis/build/icyphy/ptII/ptolemy/domains/modal/test
----------------- testing (KnownFailure) /home/travis/build/icyphy/ptII/ptolemy/domains/modal/test/auto/knownFailedTests/CannotAnalysisWithPreemption.xml
30 ms. Memory: 208384K Free: 185907K (89%)
Known Failure: java.lang.reflect.InvocationTargetException
No auto/linux-amd64/*.xml tests in /home/travis/build/icyphy/ptII/ptolemy/domains/modal/test
AutoTests.java: About to close Vertx.
AutoTests.java: Vertx closed.

===========================================================================================
----------------- testing Sat Aug 18 01:59:04 UTC 2018 /home/travis/build/icyphy/ptII/ptolemy/domains/modal/test/auto/ABPTest.xml
----------------- Instantiating /home/travis/build/icyphy/ptII/ptolemy/domains/modal/test/auto/ABPTest.xml
336 ms. Memory: 332288K Free: 293905K (88%)
----------------- Invoking toplevel() on ptolemy.moml.MoMLSimpleApplication@2177416b
----------------- Done invoking toplevel() on ptolemy.moml.MoMLSimpleApplication@2177416b
reloadAllAccessors: .ABPTest

===========================================================================================
----------------- testing Sat Aug 18 01:59:05 UTC 2018 /home/travis/build/icyphy/ptII/ptolemy/domains/modal/test/auto/ABROFlat.xml
----------------- Instantiating /home/travis/build/icyphy/ptII/ptolemy/domains/modal/test/auto/ABROFlat.xml
27 ms. Memory: 332288K Free: 271783K (82%)
----------------- Invoking toplevel() on ptolemy.moml.MoMLSimpleApplication@11b7c00f
----------------- Done invoking toplevel() on ptolemy.moml.MoMLSimpleApplication@11b7c00f
reloadAllAccessors: .ABROFlat

===========================================================================================
----------------- testing Sat Aug 18 01:59:05 UTC 2018 /home/travis/build/icyphy/ptII/ptolemy/domains/modal/test/auto/ABROFlat2.xml
----------------- Instantiating /home/travis/build/icyphy/ptII/ptolemy/domains/modal/test/auto/ABROFlat2.xml
16 ms. Memory: 332288K Free: 253873K (76%)
----------------- Invoking toplevel() on ptolemy.moml.MoMLSimpleApplication@4e7d4cfd
----------------- Done invoking toplevel() on ptolemy.moml.MoMLSimpleApplication@4e7d4cfd
reloadAllAccessors: .ABROFlat2

===========================================================================================
----------------- testing Sat Aug 18 01:59:05 UTC 2018 /home/travis/build/icyphy/ptII/ptolemy/domains/modal/test/auto/ABRO_present_hmm.xml
----------------- Instantiating /home/travis/build/icyphy/ptII/ptolemy/domains/modal/test/auto/ABRO_present_hmm.xml
45 ms. Memory: 332288K Free: 221309K (67%)
----------------- Invoking toplevel() on ptolemy.moml.MoMLSimpleApplication@6038191c
----------------- Done invoking toplevel() on ptolemy.moml.MoMLSimpleApplication@6038191c
reloadAllAccessors: .ABRO_present_hmm

===========================================================================================
----------------- testing Sat Aug 18 01:59:05 UTC 2018 /home/travis/build/icyphy/ptII/ptolemy/domains/modal/test/auto/AMICoderExample.xml
----------------- Instantiating /home/travis/build/icyphy/ptII/ptolemy/domains/modal/test/auto/AMICoderExample.xml
30 ms. Memory: 332288K Free: 209912K (63%)
----------------- Invoking toplevel() on ptolemy.moml.MoMLSimpleApplication@4c474fa8
----------------- Done invoking toplevel() on ptolemy.moml.MoMLSimpleApplication@4c474fa8
reloadAllAccessors: .AMICoderExample

===========================================================================================
----------------- testing Sat Aug 18 01:59:05 UTC 2018 /home/travis/build/icyphy/ptII/ptolemy/domains/modal/test/auto/AbsentToPresent.xml
----------------- Instantiating /home/travis/build/icyphy/ptII/ptolemy/domains/modal/test/auto/AbsentToPresent.xml
5 ms. Memory: 332288K Free: 199956K (60%)
----------------- Invoking toplevel() on ptolemy.moml.MoMLSimpleApplication@5ec8a6b7
----------------- Done invoking toplevel() on ptolemy.moml.MoMLSimpleApplication@5ec8a6b7
reloadAllAccessors: .AbsentToPresent

===========================================================================================
----------------- testing Sat Aug 18 01:59:05 UTC 2018 /home/travis/build/icyphy/ptII/ptolemy/domains/modal/test/auto/Blending.xml
----------------- Instantiating /home/travis/build/icyphy/ptII/ptolemy/domains/modal/test/auto/Blending.xml
153 ms. Memory: 332288K Free: 149482K (45%)
----------------- Invoking toplevel() on ptolemy.moml.MoMLSimpleApplication@48b6a603
----------------- Done invoking toplevel() on ptolemy.moml.MoMLSimpleApplication@48b6a603
reloadAllAccessors: .Blending

===========================================================================================
----------------- testing Sat Aug 18 01:59:06 UTC 2018 /home/travis/build/icyphy/ptII/ptolemy/domains/modal/test/auto/Broadcast.xml
----------------- Instantiating /home/travis/build/icyphy/ptII/ptolemy/domains/modal/test/auto/Broadcast.xml
9 ms. Memory: 332288K Free: 136457K (41%)
----------------- Invoking toplevel() on ptolemy.moml.MoMLSimpleApplication@5a77316d
----------------- Done invoking toplevel() on ptolemy.moml.MoMLSimpleApplication@5a77316d
reloadAllAccessors: .Broadcast

===========================================================================================
----------------- testing Sat Aug 18 01:59:06 UTC 2018 /home/travis/build/icyphy/ptII/ptolemy/domains/modal/test/auto/BroadcastHierarchy.xml
----------------- Instantiating /home/travis/build/icyphy/ptII/ptolemy/domains/modal/test/auto/BroadcastHierarchy.xml
6 ms. Memory: 332288K Free: 118547K (36%)
----------------- Invoking toplevel() on ptolemy.moml.MoMLSimpleApplication@301391ea
----------------- Done invoking toplevel() on ptolemy.moml.MoMLSimpleApplication@301391ea
reloadAllAccessors: .BroadcastHierarchy

===========================================================================================
----------------- testing Sat Aug 18 01:59:06 UTC 2018 /home/travis/build/icyphy/ptII/ptolemy/domains/modal/test/auto/BroadcastHierarchy2.xml
----------------- Instantiating /home/travis/build/icyphy/ptII/ptolemy/domains/modal/test/auto/BroadcastHierarchy2.xml
33 ms. Memory: 332288K Free: 82726K (25%)
----------------- Invoking toplevel() on ptolemy.moml.MoMLSimpleApplication@2117e72b
----------------- Done invoking toplevel() on ptolemy.moml.MoMLSimpleApplication@2117e72b
reloadAllAccessors: .BroadcastHierarchy2

===========================================================================================
----------------- testing Sat Aug 18 01:59:06 UTC 2018 /home/travis/build/icyphy/ptII/ptolemy/domains/modal/test/auto/BroadcastHierarchy3.xml
----------------- Instantiating /home/travis/build/icyphy/ptII/ptolemy/domains/modal/test/auto/BroadcastHierarchy3.xml
20 ms. Memory: 333824K Free: 300229K (90%)
----------------- Invoking toplevel() on ptolemy.moml.MoMLSimpleApplication@660d8fc9
----------------- Done invoking toplevel() on ptolemy.moml.MoMLSimpleApplication@660d8fc9
reloadAllAccessors: .BroadcastHierarchy3

===========================================================================================
----------------- testing Sat Aug 18 01:59:06 UTC 2018 /home/travis/build/icyphy/ptII/ptolemy/domains/modal/test/auto/BroadcastHierarchy4.xml
----------------- Instantiating /home/travis/build/icyphy/ptII/ptolemy/domains/modal/test/auto/BroadcastHierarchy4.xml
14 ms. Memory: 333824K Free: 265366K (79%)
----------------- Invoking toplevel() on ptolemy.moml.MoMLSimpleApplication@5e8cfe0b
----------------- Done invoking toplevel() on ptolemy.moml.MoMLSimpleApplication@5e8cfe0b
reloadAllAccessors: .BroadcastHierarchy4

===========================================================================================
----------------- testing Sat Aug 18 01:59:06 UTC 2018 /home/travis/build/icyphy/ptII/ptolemy/domains/modal/test/auto/CannotAnalysisWithPreemption2.xml
----------------- Instantiating /home/travis/build/icyphy/ptII/ptolemy/domains/modal/test/auto/CannotAnalysisWithPreemption2.xml
4 ms. Memory: 333824K Free: 255597K (77%)
----------------- Invoking toplevel() on ptolemy.moml.MoMLSimpleApplication@6c8b77e6
----------------- Done invoking toplevel() on ptolemy.moml.MoMLSimpleApplication@6c8b77e6
reloadAllAccessors: .CannotAnalysisWithPreemption2

===========================================================================================
----------------- testing Sat Aug 18 01:59:06 UTC 2018 /home/travis/build/icyphy/ptII/ptolemy/domains/modal/test/auto/CannotAnalysisWithPreemption3.xml
----------------- Instantiating /home/travis/build/icyphy/ptII/ptolemy/domains/modal/test/auto/CannotAnalysisWithPreemption3.xml
3 ms. Memory: 333824K Free: 242571K (73%)
----------------- Invoking toplevel() on ptolemy.moml.MoMLSimpleApplication@165d5b94
----------------- Done invoking toplevel() on ptolemy.moml.MoMLSimpleApplication@165d5b94
reloadAllAccessors: .CannotAnalysisWithPreemption3

===========================================================================================
----------------- testing Sat Aug 18 01:59:06 UTC 2018 /home/travis/build/icyphy/ptII/ptolemy/domains/modal/test/auto/CannotProduce.xml
----------------- Instantiating /home/travis/build/icyphy/ptII/ptolemy/domains/modal/test/auto/CannotProduce.xml
11 ms. Memory: 333824K Free: 233759K (70%)
----------------- Invoking toplevel() on ptolemy.moml.MoMLSimpleApplication@9b973a4
----------------- Done invoking toplevel() on ptolemy.moml.MoMLSimpleApplication@9b973a4
reloadAllAccessors: .CannotProduce

===========================================================================================
----------------- testing Sat Aug 18 01:59:06 UTC 2018 /home/travis/build/icyphy/ptII/ptolemy/domains/modal/test/auto/CannotProduceModal.xml
----------------- Instantiating /home/travis/build/icyphy/ptII/ptolemy/domains/modal/test/auto/CannotProduceModal.xml
4 ms. Memory: 333824K Free: 225602K (68%)
----------------- Invoking toplevel() on ptolemy.moml.MoMLSimpleApplication@6ec42d9c
----------------- Done invoking toplevel() on ptolemy.moml.MoMLSimpleApplication@6ec42d9c
reloadAllAccessors: .CannotProduceModal

===========================================================================================
----------------- testing Sat Aug 18 01:59:06 UTC 2018 /home/travis/build/icyphy/ptII/ptolemy/domains/modal/test/auto/Case.xml
----------------- Instantiating /home/travis/build/icyphy/ptII/ptolemy/domains/modal/test/auto/Case.xml
33 ms. Memory: 333824K Free: 212577K (64%)
----------------- Invoking toplevel() on ptolemy.moml.MoMLSimpleApplication@211693da
----------------- Done invoking toplevel() on ptolemy.moml.MoMLSimpleApplication@211693da
reloadAllAccessors: .Case

===========================================================================================
----------------- testing Sat Aug 18 01:59:07 UTC 2018 /home/travis/build/icyphy/ptII/ptolemy/domains/modal/test/auto/Case1.xml
----------------- Instantiating /home/travis/build/icyphy/ptII/ptolemy/domains/modal/test/auto/Case1.xml
11 ms. Memory: 333824K Free: 202137K (61%)
----------------- Invoking toplevel() on ptolemy.moml.MoMLSimpleApplication@2984515b
----------------- Done invoking toplevel() on ptolemy.moml.MoMLSimpleApplication@2984515b
reloadAllAccessors: .Case1

===========================================================================================
----------------- testing Sat Aug 18 01:59:07 UTC 2018 /home/travis/build/icyphy/ptII/ptolemy/domains/modal/test/auto/Case2.xml
----------------- Instantiating /home/travis/build/icyphy/ptII/ptolemy/domains/modal/test/auto/Case2.xml
30 ms. Memory: 333824K Free: 190739K (57%)
----------------- Invoking toplevel() on ptolemy.moml.MoMLSimpleApplication@3cc0627d
----------------- Done invoking toplevel() on ptolemy.moml.MoMLSimpleApplication@3cc0627d
reloadAllAccessors: .Case2

===========================================================================================
----------------- testing Sat Aug 18 01:59:07 UTC 2018 /home/travis/build/icyphy/ptII/ptolemy/domains/modal/test/auto/CausalityInterface1.xml
----------------- Instantiating /home/travis/build/icyphy/ptII/ptolemy/domains/modal/test/auto/CausalityInterface1.xml
5 ms. Memory: 333824K Free: 184227K (55%)
----------------- Invoking toplevel() on ptolemy.moml.MoMLSimpleApplication@38a7c84e
----------------- Done invoking toplevel() on ptolemy.moml.MoMLSimpleApplication@38a7c84e
reloadAllAccessors: .CausalityInterface1

===========================================================================================
----------------- testing Sat Aug 18 01:59:07 UTC 2018 /home/travis/build/icyphy/ptII/ptolemy/domains/modal/test/auto/CausalityInterface10.xml
----------------- Instantiating /home/travis/build/icyphy/ptII/ptolemy/domains/modal/test/auto/CausalityInterface10.xml
15 ms. Memory: 333824K Free: 165629K (50%)
----------------- Invoking toplevel() on ptolemy.moml.MoMLSimpleApplication@59c535a5
----------------- Done invoking toplevel() on ptolemy.moml.MoMLSimpleApplication@59c535a5
reloadAllAccessors: .CausalityInterface10

===========================================================================================
----------------- testing Sat Aug 18 01:59:07 UTC 2018 /home/travis/build/icyphy/ptII/ptolemy/domains/modal/test/auto/CausalityInterface11.xml
----------------- Instantiating /home/travis/build/icyphy/ptII/ptolemy/domains/modal/test/auto/CausalityInterface11.xml
10 ms. Memory: 333824K Free: 149347K (45%)
----------------- Invoking toplevel() on ptolemy.moml.MoMLSimpleApplication@281cebd
----------------- Done invoking toplevel() on ptolemy.moml.MoMLSimpleApplication@281cebd
reloadAllAccessors: .CausalityInterface11

===========================================================================================
----------------- testing Sat Aug 18 01:59:07 UTC 2018 /home/travis/build/icyphy/ptII/ptolemy/domains/modal/test/auto/CausalityInterface12.xml
----------------- Instantiating /home/travis/build/icyphy/ptII/ptolemy/domains/modal/test/auto/CausalityInterface12.xml
7 ms. Memory: 333824K Free: 133065K (40%)
----------------- Invoking toplevel() on ptolemy.moml.MoMLSimpleApplication@61ac5766
----------------- Done invoking toplevel() on ptolemy.moml.MoMLSimpleApplication@61ac5766
reloadAllAccessors: .CausalityInterface12

===========================================================================================
----------------- testing Sat Aug 18 01:59:07 UTC 2018 /home/travis/build/icyphy/ptII/ptolemy/domains/modal/test/auto/CausalityInterface13.xml
----------------- Instantiating /home/travis/build/icyphy/ptII/ptolemy/domains/modal/test/auto/CausalityInterface13.xml
14 ms. Memory: 333824K Free: 114484K (34%)
----------------- Invoking toplevel() on ptolemy.moml.MoMLSimpleApplication@3edbaa9f
----------------- Done invoking toplevel() on ptolemy.moml.MoMLSimpleApplication@3edbaa9f
reloadAllAccessors: .CausalityInterface13

===========================================================================================
----------------- testing Sat Aug 18 01:59:07 UTC 2018 /home/travis/build/icyphy/ptII/ptolemy/domains/modal/test/auto/CausalityInterface14.xml
----------------- Instantiating /home/travis/build/icyphy/ptII/ptolemy/domains/modal/test/auto/CausalityInterface14.xml
13 ms. Memory: 333824K Free: 98202K (29%)
----------------- Invoking toplevel() on ptolemy.moml.MoMLSimpleApplication@655c69aa
----------------- Done invoking toplevel() on ptolemy.moml.MoMLSimpleApplication@655c69aa
reloadAllAccessors: .CausalityInterface14

===========================================================================================
----------------- testing Sat Aug 18 01:59:07 UTC 2018 /home/travis/build/icyphy/ptII/ptolemy/domains/modal/test/auto/CausalityInterface2.xml
----------------- Instantiating /home/travis/build/icyphy/ptII/ptolemy/domains/modal/test/auto/CausalityInterface2.xml
4 ms. Memory: 333824K Free: 90061K (27%)
----------------- Invoking toplevel() on ptolemy.moml.MoMLSimpleApplication@3ae6611b
----------------- Done invoking toplevel() on ptolemy.moml.MoMLSimpleApplication@3ae6611b
reloadAllAccessors: .CausalityInterface2

===========================================================================================
----------------- testing Sat Aug 18 01:59:07 UTC 2018 /home/travis/build/icyphy/ptII/ptolemy/domains/modal/test/auto/CausalityInterface3.xml
----------------- Instantiating /home/travis/build/icyphy/ptII/ptolemy/domains/modal/test/auto/CausalityInterface3.xml
3 ms. Memory: 333824K Free: 79642K (24%)
----------------- Invoking toplevel() on ptolemy.moml.MoMLSimpleApplication@540ea05c
----------------- Done invoking toplevel() on ptolemy.moml.MoMLSimpleApplication@540ea05c
reloadAllAccessors: .CausalityInterface3

===========================================================================================
----------------- testing Sat Aug 18 01:59:07 UTC 2018 /home/travis/build/icyphy/ptII/ptolemy/domains/modal/test/auto/CausalityInterface4.xml
----------------- Instantiating /home/travis/build/icyphy/ptII/ptolemy/domains/modal/test/auto/CausalityInterface4.xml
3 ms. Memory: 578560K Free: 559018K (97%)
----------------- Invoking toplevel() on ptolemy.moml.MoMLSimpleApplication@196e5238
----------------- Done invoking toplevel() on ptolemy.moml.MoMLSimpleApplication@196e5238
reloadAllAccessors: .CausalityInterface4

===========================================================================================
----------------- testing Sat Aug 18 01:59:07 UTC 2018 /home/travis/build/icyphy/ptII/ptolemy/domains/modal/test/auto/CausalityInterface5.xml
----------------- Instantiating /home/travis/build/icyphy/ptII/ptolemy/domains/modal/test/auto/CausalityInterface5.xml
5 ms. Memory: 578560K Free: 542840K (94%)
----------------- Invoking toplevel() on ptolemy.moml.MoMLSimpleApplication@447a7bca
----------------- Done invoking toplevel() on ptolemy.moml.MoMLSimpleApplication@447a7bca
reloadAllAccessors: .CausalityInterface5

===========================================================================================
----------------- testing Sat Aug 18 01:59:07 UTC 2018 /home/travis/build/icyphy/ptII/ptolemy/domains/modal/test/auto/CausalityInterface6.xml
----------------- Instantiating /home/travis/build/icyphy/ptII/ptolemy/domains/modal/test/auto/CausalityInterface6.xml
4 ms. Memory: 578560K Free: 529815K (92%)
----------------- Invoking toplevel() on ptolemy.moml.MoMLSimpleApplication@745a0860
----------------- Done invoking toplevel() on ptolemy.moml.MoMLSimpleApplication@745a0860
reloadAllAccessors: .CausalityInterface6

===========================================================================================
----------------- testing Sat Aug 18 01:59:07 UTC 2018 /home/travis/build/icyphy/ptII/ptolemy/domains/modal/test/auto/CausalityInterface7.xml
----------------- Instantiating /home/travis/build/icyphy/ptII/ptolemy/domains/modal/test/auto/CausalityInterface7.xml
3 ms. Memory: 578560K Free: 516549K (89%)
----------------- Invoking toplevel() on ptolemy.moml.MoMLSimpleApplication@5a536d6b
----------------- Done invoking toplevel() on ptolemy.moml.MoMLSimpleApplication@5a536d6b
reloadAllAccessors: .CausalityInterface7

===========================================================================================
----------------- testing Sat Aug 18 01:59:07 UTC 2018 /home/travis/build/icyphy/ptII/ptolemy/domains/modal/test/auto/CausalityInterface8.xml
----------------- Instantiating /home/travis/build/icyphy/ptII/ptolemy/domains/modal/test/auto/CausalityInterface8.xml
6 ms. Memory: 578560K Free: 503524K (87%)
----------------- Invoking toplevel() on ptolemy.moml.MoMLSimpleApplication@160dca2b
----------------- Done invoking toplevel() on ptolemy.moml.MoMLSimpleApplication@160dca2b
reloadAllAccessors: .CausalityInterface8

===========================================================================================
----------------- testing Sat Aug 18 01:59:07 UTC 2018 /home/travis/build/icyphy/ptII/ptolemy/domains/modal/test/auto/CausalityInterface9.xml
----------------- Instantiating /home/travis/build/icyphy/ptII/ptolemy/domains/modal/test/auto/CausalityInterface9.xml
7 ms. Memory: 578560K Free: 487346K (84%)
----------------- Invoking toplevel() on ptolemy.moml.MoMLSimpleApplication@5623cbf2
----------------- Done invoking toplevel() on ptolemy.moml.MoMLSimpleApplication@5623cbf2
reloadAllAccessors: .CausalityInterface9

===========================================================================================
----------------- testing Sat Aug 18 01:59:07 UTC 2018 /home/travis/build/icyphy/ptII/ptolemy/domains/modal/test/auto/ChainedTransitions.xml
----------------- Instantiating /home/travis/build/icyphy/ptII/ptolemy/domains/modal/test/auto/ChainedTransitions.xml
110 ms. Memory: 578560K Free: 458039K (79%)
----------------- Invoking toplevel() on ptolemy.moml.MoMLSimpleApplication@22db48cc
----------------- Done invoking toplevel() on ptolemy.moml.MoMLSimpleApplication@22db48cc
reloadAllAccessors: .ChainedTransitions

===========================================================================================
----------------- testing Sat Aug 18 01:59:08 UTC 2018 /home/travis/build/icyphy/ptII/ptolemy/domains/modal/test/auto/CycleOfImmediateTransitionsFSM.xml
----------------- Instantiating /home/travis/build/icyphy/ptII/ptolemy/domains/modal/test/auto/CycleOfImmediateTransitionsFSM.xml
4 ms. Memory: 578560K Free: 448270K (77%)
----------------- Invoking toplevel() on ptolemy.moml.MoMLSimpleApplication@77038d83
----------------- Done invoking toplevel() on ptolemy.moml.MoMLSimpleApplication@77038d83
reloadAllAccessors: .CycleOfImmediateTransitionsFSM

===========================================================================================
----------------- testing Sat Aug 18 01:59:08 UTC 2018 /home/travis/build/icyphy/ptII/ptolemy/domains/modal/test/auto/CycleOfImmediateTransitionsModal.xml
----------------- Instantiating /home/travis/build/icyphy/ptII/ptolemy/domains/modal/test/auto/CycleOfImmediateTransitionsModal.xml
4 ms. Memory: 578560K Free: 438501K (76%)
----------------- Invoking toplevel() on ptolemy.moml.MoMLSimpleApplication@70e57a26
----------------- Done invoking toplevel() on ptolemy.moml.MoMLSimpleApplication@70e57a26
reloadAllAccessors: .CycleOfImmediateTransitionsModal

===========================================================================================
----------------- testing Sat Aug 18 01:59:08 UTC 2018 /home/travis/build/icyphy/ptII/ptolemy/domains/modal/test/auto/CycleOfImmediateTransitionsModal2.xml
----------------- Instantiating /home/travis/build/icyphy/ptII/ptolemy/domains/modal/test/auto/CycleOfImmediateTransitionsModal2.xml
4 ms. Memory: 578560K Free: 425580K (74%)
----------------- Invoking toplevel() on ptolemy.moml.MoMLSimpleApplication@2e2952e4
----------------- Done invoking toplevel() on ptolemy.moml.MoMLSimpleApplication@2e2952e4
reloadAllAccessors: .CycleOfImmediateTransitionsModal2

===========================================================================================
----------------- testing Sat Aug 18 01:59:08 UTC 2018 /home/travis/build/icyphy/ptII/ptolemy/domains/modal/test/auto/CycleOfImmediateTransitionsModal3.xml
----------------- Instantiating /home/travis/build/icyphy/ptII/ptolemy/domains/modal/test/auto/CycleOfImmediateTransitionsModal3.xml
12 ms. Memory: 578560K Free: 386504K (67%)
----------------- Invoking toplevel() on ptolemy.moml.MoMLSimpleApplication@7b00a724
----------------- Done invoking toplevel() on ptolemy.moml.MoMLSimpleApplication@7b00a724
reloadAllAccessors: .CycleOfImmediateTransitionsModal3

===========================================================================================
----------------- testing Sat Aug 18 01:59:08 UTC 2018 /home/travis/build/icyphy/ptII/ptolemy/domains/modal/test/auto/DeepModal1.xml
----------------- Instantiating /home/travis/build/icyphy/ptII/ptolemy/domains/modal/test/auto/DeepModal1.xml
28 ms. Memory: 578560K Free: 366966K (63%)
----------------- Invoking toplevel() on ptolemy.moml.MoMLSimpleApplication@437ffc87
----------------- Done invoking toplevel() on ptolemy.moml.MoMLSimpleApplication@437ffc87
reloadAllAccessors: .DeepModal1

===========================================================================================
----------------- testing Sat Aug 18 01:59:08 UTC 2018 /home/travis/build/icyphy/ptII/ptolemy/domains/modal/test/auto/DeepModal2.xml
----------------- Instantiating /home/travis/build/icyphy/ptII/ptolemy/domains/modal/test/auto/DeepModal2.xml
31 ms. Memory: 578560K Free: 344171K (59%)
----------------- Invoking toplevel() on ptolemy.moml.MoMLSimpleApplication@370da5c
----------------- Done invoking toplevel() on ptolemy.moml.MoMLSimpleApplication@370da5c
reloadAllAccessors: .DeepModal2

===========================================================================================
----------------- testing Sat Aug 18 01:59:08 UTC 2018 /home/travis/build/icyphy/ptII/ptolemy/domains/modal/test/auto/DeepModal3.xml
----------------- Instantiating /home/travis/build/icyphy/ptII/ptolemy/domains/modal/test/auto/DeepModal3.xml
31 ms. Memory: 578560K Free: 318225K (55%)
----------------- Invoking toplevel() on ptolemy.moml.MoMLSimpleApplication@5eff0ce9
----------------- Done invoking toplevel() on ptolemy.moml.MoMLSimpleApplication@5eff0ce9
reloadAllAccessors: .DeepModal3

===========================================================================================
----------------- testing Sat Aug 18 01:59:08 UTC 2018 /home/travis/build/icyphy/ptII/ptolemy/domains/modal/test/auto/DeepModal4.xml
----------------- Instantiating /home/travis/build/icyphy/ptII/ptolemy/domains/modal/test/auto/DeepModal4.xml
31 ms. Memory: 578560K Free: 295430K (51%)
----------------- Invoking toplevel() on ptolemy.moml.MoMLSimpleApplication@55e395de
----------------- Done invoking toplevel() on ptolemy.moml.MoMLSimpleApplication@55e395de
reloadAllAccessors: .DeepModal4

===========================================================================================
----------------- testing Sat Aug 18 01:59:08 UTC 2018 /home/travis/build/icyphy/ptII/ptolemy/domains/modal/test/auto/Default1.xml
----------------- Instantiating /home/travis/build/icyphy/ptII/ptolemy/domains/modal/test/auto/Default1.xml
7 ms. Memory: 578560K Free: 285661K (49%)
----------------- Invoking toplevel() on ptolemy.moml.MoMLSimpleApplication@2b6d9ee
----------------- Done invoking toplevel() on ptolemy.moml.MoMLSimpleApplication@2b6d9ee
reloadAllAccessors: .Default1

===========================================================================================
----------------- testing Sat Aug 18 01:59:08 UTC 2018 /home/travis/build/icyphy/ptII/ptolemy/domains/modal/test/auto/Default2.xml
----------------- Instantiating /home/travis/build/icyphy/ptII/ptolemy/domains/modal/test/auto/Default2.xml
7 ms. Memory: 578560K Free: 275892K (48%)
----------------- Invoking toplevel() on ptolemy.moml.MoMLSimpleApplication@5c989c70
----------------- Done invoking toplevel() on ptolemy.moml.MoMLSimpleApplication@5c989c70
reloadAllAccessors: .Default2

===========================================================================================
----------------- testing Sat Aug 18 01:59:08 UTC 2018 /home/travis/build/icyphy/ptII/ptolemy/domains/modal/test/auto/Default3.xml
----------------- Instantiating /home/travis/build/icyphy/ptII/ptolemy/domains/modal/test/auto/Default3.xml
3 ms. Memory: 578560K Free: 262971K (45%)
----------------- Invoking toplevel() on ptolemy.moml.MoMLSimpleApplication@452eb0cf
----------------- Done invoking toplevel() on ptolemy.moml.MoMLSimpleApplication@452eb0cf
reloadAllAccessors: .Default3

===========================================================================================
----------------- testing Sat Aug 18 01:59:08 UTC 2018 /home/travis/build/icyphy/ptII/ptolemy/domains/modal/test/auto/Default4.xml
----------------- Instantiating /home/travis/build/icyphy/ptII/ptolemy/domains/modal/test/auto/Default4.xml
2 ms. Memory: 578560K Free: 253202K (44%)
----------------- Invoking toplevel() on ptolemy.moml.MoMLSimpleApplication@79ec10b3
----------------- Done invoking toplevel() on ptolemy.moml.MoMLSimpleApplication@79ec10b3
reloadAllAccessors: .Default4

===========================================================================================
----------------- testing Sat Aug 18 01:59:08 UTC 2018 /home/travis/build/icyphy/ptII/ptolemy/domains/modal/test/auto/Default5.xml
----------------- Instantiating /home/travis/build/icyphy/ptII/ptolemy/domains/modal/test/auto/Default5.xml
8 ms. Memory: 578560K Free: 240177K (42%)
----------------- Invoking toplevel() on ptolemy.moml.MoMLSimpleApplication@75f1fda5
----------------- Done invoking toplevel() on ptolemy.moml.MoMLSimpleApplication@75f1fda5
reloadAllAccessors: .Default5

===========================================================================================
----------------- testing Sat Aug 18 01:59:08 UTC 2018 /home/travis/build/icyphy/ptII/ptolemy/domains/modal/test/auto/EmptyGuard.xml
----------------- Instantiating /home/travis/build/icyphy/ptII/ptolemy/domains/modal/test/auto/EmptyGuard.xml
11 ms. Memory: 578560K Free: 227152K (39%)
----------------- Invoking toplevel() on ptolemy.moml.MoMLSimpleApplication@52223f16
----------------- Done invoking toplevel() on ptolemy.moml.MoMLSimpleApplication@52223f16
reloadAllAccessors: .EmptyGuard

===========================================================================================
----------------- testing Sat Aug 18 01:59:08 UTC 2018 /home/travis/build/icyphy/ptII/ptolemy/domains/modal/test/auto/ErrorTransition1.xml
----------------- Instantiating /home/travis/build/icyphy/ptII/ptolemy/domains/modal/test/auto/ErrorTransition1.xml
8 ms. Memory: 578560K Free: 214126K (37%)
----------------- Invoking toplevel() on ptolemy.moml.MoMLSimpleApplication@748d159b
----------------- Done invoking toplevel() on ptolemy.moml.MoMLSimpleApplication@748d159b
reloadAllAccessors: .ErrorTransition1

===========================================================================================
----------------- testing Sat Aug 18 01:59:08 UTC 2018 /home/travis/build/icyphy/ptII/ptolemy/domains/modal/test/auto/ErrorTransition10.xml
----------------- Instantiating /home/travis/build/icyphy/ptII/ptolemy/domains/modal/test/auto/ErrorTransition10.xml
11 ms. Memory: 578560K Free: 194692K (34%)
----------------- Invoking toplevel() on ptolemy.moml.MoMLSimpleApplication@15cc45dc
----------------- Done invoking toplevel() on ptolemy.moml.MoMLSimpleApplication@15cc45dc
reloadAllAccessors: .ErrorTransition10

===========================================================================================
----------------- testing Sat Aug 18 01:59:08 UTC 2018 /home/travis/build/icyphy/ptII/ptolemy/domains/modal/test/auto/ErrorTransition11.xml
----------------- Instantiating /home/travis/build/icyphy/ptII/ptolemy/domains/modal/test/auto/ErrorTransition11.xml
5 ms. Memory: 578560K Free: 178411K (31%)
----------------- Invoking toplevel() on ptolemy.moml.MoMLSimpleApplication@4ce43b4e
----------------- Done invoking toplevel() on ptolemy.moml.MoMLSimpleApplication@4ce43b4e
reloadAllAccessors: .ErrorTransition11

===========================================================================================
----------------- testing Sat Aug 18 01:59:08 UTC 2018 /home/travis/build/icyphy/ptII/ptolemy/domains/modal/test/auto/ErrorTransition2.xml
----------------- Instantiating /home/travis/build/icyphy/ptII/ptolemy/domains/modal/test/auto/ErrorTransition2.xml
6 ms. Memory: 578560K Free: 165385K (29%)
----------------- Invoking toplevel() on ptolemy.moml.MoMLSimpleApplication@586bd482
----------------- Done invoking toplevel() on ptolemy.moml.MoMLSimpleApplication@586bd482
reloadAllAccessors: .ErrorTransition2

===========================================================================================
----------------- testing Sat Aug 18 01:59:08 UTC 2018 /home/travis/build/icyphy/ptII/ptolemy/domains/modal/test/auto/ErrorTransition3.xml
----------------- Instantiating /home/travis/build/icyphy/ptII/ptolemy/domains/modal/test/auto/ErrorTransition3.xml
11 ms. Memory: 578560K Free: 152360K (26%)
----------------- Invoking toplevel() on ptolemy.moml.MoMLSimpleApplication@7c16ea45
----------------- Done invoking toplevel() on ptolemy.moml.MoMLSimpleApplication@7c16ea45
reloadAllAccessors: .ErrorTransition3

===========================================================================================
----------------- testing Sat Aug 18 01:59:08 UTC 2018 /home/travis/build/icyphy/ptII/ptolemy/domains/modal/test/auto/ErrorTransition4.xml
----------------- Instantiating /home/travis/build/icyphy/ptII/ptolemy/domains/modal/test/auto/ErrorTransition4.xml
11 ms. Memory: 578560K Free: 136182K (24%)
----------------- Invoking toplevel() on ptolemy.moml.MoMLSimpleApplication@780b966
----------------- Done invoking toplevel() on ptolemy.moml.MoMLSimpleApplication@780b966
reloadAllAccessors: .ErrorTransition4

===========================================================================================
----------------- testing Sat Aug 18 01:59:09 UTC 2018 /home/travis/build/icyphy/ptII/ptolemy/domains/modal/test/auto/ErrorTransition5.xml
----------------- Instantiating /home/travis/build/icyphy/ptII/ptolemy/domains/modal/test/auto/ErrorTransition5.xml
7 ms. Memory: 578560K Free: 123157K (21%)
----------------- Invoking toplevel() on ptolemy.moml.MoMLSimpleApplication@1ea74d22
----------------- Done invoking toplevel() on ptolemy.moml.MoMLSimpleApplication@1ea74d22
reloadAllAccessors: .ErrorTransition5

===========================================================================================
----------------- testing Sat Aug 18 01:59:09 UTC 2018 /home/travis/build/icyphy/ptII/ptolemy/domains/modal/test/auto/ErrorTransition6.xml
----------------- Instantiating /home/travis/build/icyphy/ptII/ptolemy/domains/modal/test/auto/ErrorTransition6.xml
8 ms. Memory: 578560K Free: 110131K (19%)
----------------- Invoking toplevel() on ptolemy.moml.MoMLSimpleApplication@32e3016c
----------------- Done invoking toplevel() on ptolemy.moml.MoMLSimpleApplication@32e3016c
reloadAllAccessors: .ErrorTransition6

===========================================================================================
----------------- testing Sat Aug 18 01:59:09 UTC 2018 /home/travis/build/icyphy/ptII/ptolemy/domains/modal/test/auto/ErrorTransition7.xml
----------------- Instantiating /home/travis/build/icyphy/ptII/ptolemy/domains/modal/test/auto/ErrorTransition7.xml
14 ms. Memory: 578560K Free: 93850K (16%)
----------------- Invoking toplevel() on ptolemy.moml.MoMLSimpleApplication@2ef4a682
----------------- Done invoking toplevel() on ptolemy.moml.MoMLSimpleApplication@2ef4a682
reloadAllAccessors: .ErrorTransition7

===========================================================================================
----------------- testing Sat Aug 18 01:59:09 UTC 2018 /home/travis/build/icyphy/ptII/ptolemy/domains/modal/test/auto/ErrorTransition8.xml
----------------- Instantiating /home/travis/build/icyphy/ptII/ptolemy/domains/modal/test/auto/ErrorTransition8.xml
26 ms. Memory: 578560K Free: 563080K (97%)
----------------- Invoking toplevel() on ptolemy.moml.MoMLSimpleApplication@67edec8a
----------------- Done invoking toplevel() on ptolemy.moml.MoMLSimpleApplication@67edec8a
reloadAllAccessors: .ErrorTransition8

===========================================================================================
----------------- testing Sat Aug 18 01:59:09 UTC 2018 /home/travis/build/icyphy/ptII/ptolemy/domains/modal/test/auto/ErrorTransition9.xml
----------------- Instantiating /home/travis/build/icyphy/ptII/ptolemy/domains/modal/test/auto/ErrorTransition9.xml
13 ms. Memory: 578560K Free: 544589K (94%)
----------------- Invoking toplevel() on ptolemy.moml.MoMLSimpleApplication@6cf3e002
----------------- Done invoking toplevel() on ptolemy.moml.MoMLSimpleApplication@6cf3e002
reloadAllAccessors: .ErrorTransition9

===========================================================================================
----------------- testing Sat Aug 18 01:59:09 UTC 2018 /home/travis/build/icyphy/ptII/ptolemy/domains/modal/test/auto/ExtendedFSM.xml
----------------- Instantiating /home/travis/build/icyphy/ptII/ptolemy/domains/modal/test/auto/ExtendedFSM.xml
5 ms. Memory: 578560K Free: 531564K (92%)
----------------- Invoking toplevel() on ptolemy.moml.MoMLSimpleApplication@2c4bc7a9
----------------- Done invoking toplevel() on ptolemy.moml.MoMLSimpleApplication@2c4bc7a9
reloadAllAccessors: .ExtendedFSM

===========================================================================================
----------------- testing Sat Aug 18 01:59:09 UTC 2018 /home/travis/build/icyphy/ptII/ptolemy/domains/modal/test/auto/FinalStates.xml
----------------- Instantiating /home/travis/build/icyphy/ptII/ptolemy/domains/modal/test/auto/FinalStates.xml
5 ms. Memory: 578560K Free: 519586K (90%)
----------------- Invoking toplevel() on ptolemy.moml.MoMLSimpleApplication@69d400c9
----------------- Done invoking toplevel() on ptolemy.moml.MoMLSimpleApplication@69d400c9
reloadAllAccessors: .FinalStates

===========================================================================================
----------------- testing Sat Aug 18 01:59:09 UTC 2018 /home/travis/build/icyphy/ptII/ptolemy/domains/modal/test/auto/FixedPointFSM.xml
----------------- Instantiating /home/travis/build/icyphy/ptII/ptolemy/domains/modal/test/auto/FixedPointFSM.xml
14 ms. Memory: 578560K Free: 500048K (86%)
----------------- Invoking toplevel() on ptolemy.moml.MoMLSimpleApplication@606088ca
----------------- Done invoking toplevel() on ptolemy.moml.MoMLSimpleApplication@606088ca
reloadAllAccessors: .FixedPointFSM

===========================================================================================
----------------- testing Sat Aug 18 01:59:09 UTC 2018 /home/travis/build/icyphy/ptII/ptolemy/domains/modal/test/auto/FixedPointIterationFSMActor.xml
----------------- Instantiating /home/travis/build/icyphy/ptII/ptolemy/domains/modal/test/auto/FixedPointIterationFSMActor.xml
6 ms. Memory: 578560K Free: 487023K (84%)
----------------- Invoking toplevel() on ptolemy.moml.MoMLSimpleApplication@478d11fd
----------------- Done invoking toplevel() on ptolemy.moml.MoMLSimpleApplication@478d11fd
reloadAllAccessors: .FixedPointIterationFSMActor

===========================================================================================
----------------- testing Sat Aug 18 01:59:09 UTC 2018 /home/travis/build/icyphy/ptII/ptolemy/domains/modal/test/auto/FixedPointIterationFSMActor2.xml
----------------- Instantiating /home/travis/build/icyphy/ptII/ptolemy/domains/modal/test/auto/FixedPointIterationFSMActor2.xml
14 ms. Memory: 578560K Free: 468531K (81%)
----------------- Invoking toplevel() on ptolemy.moml.MoMLSimpleApplication@7c92aacc
----------------- Done invoking toplevel() on ptolemy.moml.MoMLSimpleApplication@7c92aacc
reloadAllAccessors: .FixedPointIterationFSMActor2

===========================================================================================
----------------- testing Sat Aug 18 01:59:09 UTC 2018 /home/travis/build/icyphy/ptII/ptolemy/domains/modal/test/auto/ForbiddenInstantanousLoop.xml
----------------- Instantiating /home/travis/build/icyphy/ptII/ptolemy/domains/modal/test/auto/ForbiddenInstantanousLoop.xml
6 ms. Memory: 578560K Free: 452250K (78%)
----------------- Invoking toplevel() on ptolemy.moml.MoMLSimpleApplication@251bc652
----------------- Done invoking toplevel() on ptolemy.moml.MoMLSimpleApplication@251bc652
reloadAllAccessors: .ForbiddenInstantanousLoop

===========================================================================================
----------------- testing Sat Aug 18 01:59:09 UTC 2018 /home/travis/build/icyphy/ptII/ptolemy/domains/modal/test/auto/FunctionDependencyOfFSMActorTest.xml
----------------- Instantiating /home/travis/build/icyphy/ptII/ptolemy/domains/modal/test/auto/FunctionDependencyOfFSMActorTest.xml
11 ms. Memory: 578560K Free: 442481K (76%)
----------------- Invoking toplevel() on ptolemy.moml.MoMLSimpleApplication@a320ae0
----------------- Done invoking toplevel() on ptolemy.moml.MoMLSimpleApplication@a320ae0
reloadAllAccessors: .FunctionDependencyOfFSMActorTest

===========================================================================================
----------------- testing Sat Aug 18 01:59:09 UTC 2018 /home/travis/build/icyphy/ptII/ptolemy/domains/modal/test/auto/GuardExpression.xml
----------------- Instantiating /home/travis/build/icyphy/ptII/ptolemy/domains/modal/test/auto/GuardExpression.xml
2 ms. Memory: 578560K Free: 430502K (74%)
----------------- Invoking toplevel() on ptolemy.moml.MoMLSimpleApplication@33bb99e1
----------------- Done invoking toplevel() on ptolemy.moml.MoMLSimpleApplication@33bb99e1
reloadAllAccessors: .GuardExpression

===========================================================================================
----------------- testing Sat Aug 18 01:59:09 UTC 2018 /home/travis/build/icyphy/ptII/ptolemy/domains/modal/test/auto/GuardNotEvaluated.xml
----------------- Instantiating /home/travis/build/icyphy/ptII/ptolemy/domains/modal/test/auto/GuardNotEvaluated.xml
9 ms. Memory: 578560K Free: 417477K (72%)
----------------- Invoking toplevel() on ptolemy.moml.MoMLSimpleApplication@42bcd3f7
----------------- Done invoking toplevel() on ptolemy.moml.MoMLSimpleApplication@42bcd3f7
reloadAllAccessors: .GuardNotEvaluated

===========================================================================================
----------------- testing Sat Aug 18 01:59:09 UTC 2018 /home/travis/build/icyphy/ptII/ptolemy/domains/modal/test/auto/GuardNotEvaluated2.xml
----------------- Instantiating /home/travis/build/icyphy/ptII/ptolemy/domains/modal/test/auto/GuardNotEvaluated2.xml
6 ms. Memory: 578560K Free: 404452K (70%)
----------------- Invoking toplevel() on ptolemy.moml.MoMLSimpleApplication@29812a19
----------------- Done invoking toplevel() on ptolemy.moml.MoMLSimpleApplication@29812a19
reloadAllAccessors: .GuardNotEvaluated2

===========================================================================================
----------------- testing Sat Aug 18 01:59:09 UTC 2018 /home/travis/build/icyphy/ptII/ptolemy/domains/modal/test/auto/GuardOnAbsent.xml
----------------- Instantiating /home/travis/build/icyphy/ptII/ptolemy/domains/modal/test/auto/GuardOnAbsent.xml
10 ms. Memory: 578560K Free: 392473K (68%)
----------------- Invoking toplevel() on ptolemy.moml.MoMLSimpleApplication@6314f22d
----------------- Done invoking toplevel() on ptolemy.moml.MoMLSimpleApplication@6314f22d
reloadAllAccessors: .GuardOnAbsent

===========================================================================================
----------------- testing Sat Aug 18 01:59:09 UTC 2018 /home/travis/build/icyphy/ptII/ptolemy/domains/modal/test/auto/HierarchicalFSMTypeInference.xml
----------------- Instantiating /home/travis/build/icyphy/ptII/ptolemy/domains/modal/test/auto/HierarchicalFSMTypeInference.xml
3 ms. Memory: 578560K Free: 376192K (65%)
----------------- Invoking toplevel() on ptolemy.moml.MoMLSimpleApplication@47d8e5fc
----------------- Done invoking toplevel() on ptolemy.moml.MoMLSimpleApplication@47d8e5fc
reloadAllAccessors: .HierarchicalFSMTypeInference

===========================================================================================
----------------- testing Sat Aug 18 01:59:09 UTC 2018 /home/travis/build/icyphy/ptII/ptolemy/domains/modal/test/auto/Hysteresis.xml
----------------- Instantiating /home/travis/build/icyphy/ptII/ptolemy/domains/modal/test/auto/Hysteresis.xml
10 ms. Memory: 578560K Free: 356654K (62%)
----------------- Invoking toplevel() on ptolemy.moml.MoMLSimpleApplication@3c5ac8c0
----------------- Done invoking toplevel() on ptolemy.moml.MoMLSimpleApplication@3c5ac8c0
reloadAllAccessors: .Hysteresis

===========================================================================================
----------------- testing Sat Aug 18 01:59:09 UTC 2018 /home/travis/build/icyphy/ptII/ptolemy/domains/modal/test/auto/HysteresisWithDefault.xml
----------------- Instantiating /home/travis/build/icyphy/ptII/ptolemy/domains/modal/test/auto/HysteresisWithDefault.xml
75 ms. Memory: 578560K Free: 328393K (57%)
----------------- Invoking toplevel() on ptolemy.moml.MoMLSimpleApplication@72e8faba
----------------- Done invoking toplevel() on ptolemy.moml.MoMLSimpleApplication@72e8faba
reloadAllAccessors: .HysteresisWithDefault

===========================================================================================
----------------- testing Sat Aug 18 01:59:09 UTC 2018 /home/travis/build/icyphy/ptII/ptolemy/domains/modal/test/auto/HysteresisWithDefault2.xml
----------------- Instantiating /home/travis/build/icyphy/ptII/ptolemy/domains/modal/test/auto/HysteresisWithDefault2.xml
42 ms. Memory: 578560K Free: 295830K (51%)
----------------- Invoking toplevel() on ptolemy.moml.MoMLSimpleApplication@5146f788
----------------- Done invoking toplevel() on ptolemy.moml.MoMLSimpleApplication@5146f788
reloadAllAccessors: .HysteresisWithDefault2

===========================================================================================
----------------- testing Sat Aug 18 01:59:09 UTC 2018 /home/travis/build/icyphy/ptII/ptolemy/domains/modal/test/auto/ImmediateNonConstructiveness.xml
----------------- Instantiating /home/travis/build/icyphy/ptII/ptolemy/domains/modal/test/auto/ImmediateNonConstructiveness.xml
3 ms. Memory: 578560K Free: 283852K (49%)
----------------- Invoking toplevel() on ptolemy.moml.MoMLSimpleApplication@583efb10
----------------- Done invoking toplevel() on ptolemy.moml.MoMLSimpleApplication@583efb10
reloadAllAccessors: .ImmediateNonConstructiveness

===========================================================================================
----------------- testing Sat Aug 18 01:59:10 UTC 2018 /home/travis/build/icyphy/ptII/ptolemy/domains/modal/test/auto/ImmediateNonConstructiveness2.xml
----------------- Instantiating /home/travis/build/icyphy/ptII/ptolemy/domains/modal/test/auto/ImmediateNonConstructiveness2.xml
2 ms. Memory: 578560K Free: 274083K (47%)
----------------- Invoking toplevel() on ptolemy.moml.MoMLSimpleApplication@6e9c318f
----------------- Done invoking toplevel() on ptolemy.moml.MoMLSimpleApplication@6e9c318f
reloadAllAccessors: .ImmediateNonConstructiveness2

===========================================================================================
----------------- testing Sat Aug 18 01:59:10 UTC 2018 /home/travis/build/icyphy/ptII/ptolemy/domains/modal/test/auto/ImmediateTransitionReset.xml
----------------- Instantiating /home/travis/build/icyphy/ptII/ptolemy/domains/modal/test/auto/ImmediateTransitionReset.xml
8 ms. Memory: 578560K Free: 257801K (45%)
----------------- Invoking toplevel() on ptolemy.moml.MoMLSimpleApplication@6f4946fd
----------------- Done invoking toplevel() on ptolemy.moml.MoMLSimpleApplication@6f4946fd
reloadAllAccessors: .ImmediateTransitionReset

===========================================================================================
----------------- testing Sat Aug 18 01:59:10 UTC 2018 /home/travis/build/icyphy/ptII/ptolemy/domains/modal/test/auto/ImmediateTransitions1.xml
----------------- Instantiating /home/travis/build/icyphy/ptII/ptolemy/domains/modal/test/auto/ImmediateTransitions1.xml
2 ms. Memory: 578560K Free: 245823K (42%)
----------------- Invoking toplevel() on ptolemy.moml.MoMLSimpleApplication@46222d9
----------------- Done invoking toplevel() on ptolemy.moml.MoMLSimpleApplication@46222d9
reloadAllAccessors: .ImmediateTransitions1

===========================================================================================
----------------- testing Sat Aug 18 01:59:10 UTC 2018 /home/travis/build/icyphy/ptII/ptolemy/domains/modal/test/auto/ImmediateTransitionsInstantaneousCommunication.xml
----------------- Instantiating /home/travis/build/icyphy/ptII/ptolemy/domains/modal/test/auto/ImmediateTransitionsInstantaneousCommunication.xml
4 ms. Memory: 578560K Free: 229541K (40%)
----------------- Invoking toplevel() on ptolemy.moml.MoMLSimpleApplication@1c4d57e5
----------------- Done invoking toplevel() on ptolemy.moml.MoMLSimpleApplication@1c4d57e5
reloadAllAccessors: .ImmediateTransitionsInstantaneousCommunication

===========================================================================================
----------------- testing Sat Aug 18 01:59:10 UTC 2018 /home/travis/build/icyphy/ptII/ptolemy/domains/modal/test/auto/InitialImmediateTransition.xml
----------------- Instantiating /home/travis/build/icyphy/ptII/ptolemy/domains/modal/test/auto/InitialImmediateTransition.xml
3 ms. Memory: 578560K Free: 219772K (38%)
----------------- Invoking toplevel() on ptolemy.moml.MoMLSimpleApplication@56ffb8f
----------------- Done invoking toplevel() on ptolemy.moml.MoMLSimpleApplication@56ffb8f
reloadAllAccessors: .InitialImmediateTransition

===========================================================================================
----------------- testing Sat Aug 18 01:59:10 UTC 2018 /home/travis/build/icyphy/ptII/ptolemy/domains/modal/test/auto/InitialOutputs.xml
----------------- Instantiating /home/travis/build/icyphy/ptII/ptolemy/domains/modal/test/auto/InitialOutputs.xml
3 ms. Memory: 578560K Free: 207794K (36%)
----------------- Invoking toplevel() on ptolemy.moml.MoMLSimpleApplication@54bf3549
----------------- Done invoking toplevel() on ptolemy.moml.MoMLSimpleApplication@54bf3549
reloadAllAccessors: .InitialOutputs

===========================================================================================
----------------- testing Sat Aug 18 01:59:10 UTC 2018 /home/travis/build/icyphy/ptII/ptolemy/domains/modal/test/auto/InitialStateTransition1.xml
----------------- Instantiating /home/travis/build/icyphy/ptII/ptolemy/domains/modal/test/auto/InitialStateTransition1.xml
3 ms. Memory: 578560K Free: 194769K (34%)
----------------- Invoking toplevel() on ptolemy.moml.MoMLSimpleApplication@6b7b6bf0
----------------- Done invoking toplevel() on ptolemy.moml.MoMLSimpleApplication@6b7b6bf0
reloadAllAccessors: .InitialStateTransition1

===========================================================================================
----------------- testing Sat Aug 18 01:59:10 UTC 2018 /home/travis/build/icyphy/ptII/ptolemy/domains/modal/test/auto/InitialStateTransition2.xml
----------------- Instantiating /home/travis/build/icyphy/ptII/ptolemy/domains/modal/test/auto/InitialStateTransition2.xml
.InitialStateTransition2.TestExceptionAttributeNonConstructive: initialize() was not invoked, but wrapup() was.  This is unusual, but not always a problem.  For example, exporting JNLP will do this.
1 ms. Memory: 578560K Free: 181743K (31%)
----------------- Invoking toplevel() on ptolemy.moml.MoMLSimpleApplication@5eade090
----------------- Done invoking toplevel() on ptolemy.moml.MoMLSimpleApplication@5eade090
reloadAllAccessors: .InitialStateTransition2

===========================================================================================
----------------- testing Sat Aug 18 01:59:10 UTC 2018 /home/travis/build/icyphy/ptII/ptolemy/domains/modal/test/auto/InitialStateTransition3.xml
----------------- Instantiating /home/travis/build/icyphy/ptII/ptolemy/domains/modal/test/auto/InitialStateTransition3.xml
5 ms. Memory: 578560K Free: 166509K (29%)
----------------- Invoking toplevel() on ptolemy.moml.MoMLSimpleApplication@550784ac
----------------- Done invoking toplevel() on ptolemy.moml.MoMLSimpleApplication@550784ac
reloadAllAccessors: .InitialStateTransition3

===========================================================================================
----------------- testing Sat Aug 18 01:59:10 UTC 2018 /home/travis/build/icyphy/ptII/ptolemy/domains/modal/test/auto/InitialStateTransition4.xml
----------------- Instantiating /home/travis/build/icyphy/ptII/ptolemy/domains/modal/test/auto/InitialStateTransition4.xml
3 ms. Memory: 578560K Free: 153483K (27%)
----------------- Invoking toplevel() on ptolemy.moml.MoMLSimpleApplication@20d9d83b
----------------- Done invoking toplevel() on ptolemy.moml.MoMLSimpleApplication@20d9d83b
[...]
----------------- Done invoking toplevel() on ptolemy.moml.MoMLSimpleApplication@5507d2df
reloadAllAccessors: .TerminationTransition3

===========================================================================================
----------------- testing Sat Aug 18 01:59:12 UTC 2018 /home/travis/build/icyphy/ptII/ptolemy/domains/modal/test/auto/TerminationTransition4.xml
----------------- Instantiating /home/travis/build/icyphy/ptII/ptolemy/domains/modal/test/auto/TerminationTransition4.xml
9 ms. Memory: 826368K Free: 785689K (95%)
----------------- Invoking toplevel() on ptolemy.moml.MoMLSimpleApplication@3ece7357
----------------- Done invoking toplevel() on ptolemy.moml.MoMLSimpleApplication@3ece7357
reloadAllAccessors: .TerminationTransition4

===========================================================================================
----------------- testing Sat Aug 18 01:59:12 UTC 2018 /home/travis/build/icyphy/ptII/ptolemy/domains/modal/test/auto/TerminationTransition5.xml
----------------- Instantiating /home/travis/build/icyphy/ptII/ptolemy/domains/modal/test/auto/TerminationTransition5.xml
2 ms. Memory: 826368K Free: 765837K (93%)
----------------- Invoking toplevel() on ptolemy.moml.MoMLSimpleApplication@6cfbf0ec
----------------- Done invoking toplevel() on ptolemy.moml.MoMLSimpleApplication@6cfbf0ec
reloadAllAccessors: .TerminationTransition5

===========================================================================================
----------------- testing Sat Aug 18 01:59:12 UTC 2018 /home/travis/build/icyphy/ptII/ptolemy/domains/modal/test/auto/TerminationTransition6.xml
----------------- Instantiating /home/travis/build/icyphy/ptII/ptolemy/domains/modal/test/auto/TerminationTransition6.xml
2 ms. Memory: 826368K Free: 749177K (91%)
----------------- Invoking toplevel() on ptolemy.moml.MoMLSimpleApplication@3cf6c566
----------------- Done invoking toplevel() on ptolemy.moml.MoMLSimpleApplication@3cf6c566
reloadAllAccessors: .TerminationTransition6

===========================================================================================
----------------- testing Sat Aug 18 01:59:12 UTC 2018 /home/travis/build/icyphy/ptII/ptolemy/domains/modal/test/auto/TerminationTransition7.xml
----------------- Instantiating /home/travis/build/icyphy/ptII/ptolemy/domains/modal/test/auto/TerminationTransition7.xml
4 ms. Memory: 826368K Free: 734288K (89%)
----------------- Invoking toplevel() on ptolemy.moml.MoMLSimpleApplication@135ecb52
----------------- Done invoking toplevel() on ptolemy.moml.MoMLSimpleApplication@135ecb52
reloadAllAccessors: .TerminationTransition7

===========================================================================================
----------------- testing Sat Aug 18 01:59:12 UTC 2018 /home/travis/build/icyphy/ptII/ptolemy/domains/modal/test/auto/TerminationTransition8.xml
----------------- Instantiating /home/travis/build/icyphy/ptII/ptolemy/domains/modal/test/auto/TerminationTransition8.xml
1 ms. Memory: 826368K Free: 717629K (87%)
----------------- Invoking toplevel() on ptolemy.moml.MoMLSimpleApplication@32de01f9
----------------- Done invoking toplevel() on ptolemy.moml.MoMLSimpleApplication@32de01f9
reloadAllAccessors: .TerminationTransition8

===========================================================================================
----------------- testing Sat Aug 18 01:59:12 UTC 2018 /home/travis/build/icyphy/ptII/ptolemy/domains/modal/test/auto/Thermostat_NoHysteresis.xml
----------------- Instantiating /home/travis/build/icyphy/ptII/ptolemy/domains/modal/test/auto/Thermostat_NoHysteresis.xml
28 ms. Memory: 826368K Free: 687851K (83%)
----------------- Invoking toplevel() on ptolemy.moml.MoMLSimpleApplication@311fbb2e
----------------- Done invoking toplevel() on ptolemy.moml.MoMLSimpleApplication@311fbb2e
reloadAllAccessors: .Thermostat_NoHysteresis

===========================================================================================
----------------- testing Sat Aug 18 01:59:12 UTC 2018 /home/travis/build/icyphy/ptII/ptolemy/domains/modal/test/auto/TimedFSM.xml
----------------- Instantiating /home/travis/build/icyphy/ptII/ptolemy/domains/modal/test/auto/TimedFSM.xml
8 ms. Memory: 826368K Free: 671192K (81%)
----------------- Invoking toplevel() on ptolemy.moml.MoMLSimpleApplication@643bc211
----------------- Done invoking toplevel() on ptolemy.moml.MoMLSimpleApplication@643bc211
reloadAllAccessors: .TimedFSM

===========================================================================================
----------------- testing Sat Aug 18 01:59:12 UTC 2018 /home/travis/build/icyphy/ptII/ptolemy/domains/modal/test/auto/Timeout1.xml
----------------- Instantiating /home/travis/build/icyphy/ptII/ptolemy/domains/modal/test/auto/Timeout1.xml
3 ms. Memory: 826368K Free: 661266K (80%)
----------------- Invoking toplevel() on ptolemy.moml.MoMLSimpleApplication@6a563cc
----------------- Done invoking toplevel() on ptolemy.moml.MoMLSimpleApplication@6a563cc
reloadAllAccessors: .Timeout1

===========================================================================================
----------------- testing Sat Aug 18 01:59:12 UTC 2018 /home/travis/build/icyphy/ptII/ptolemy/domains/modal/test/auto/Timeout2.xml
----------------- Instantiating /home/travis/build/icyphy/ptII/ptolemy/domains/modal/test/auto/Timeout2.xml
6 ms. Memory: 826368K Free: 644607K (78%)
----------------- Invoking toplevel() on ptolemy.moml.MoMLSimpleApplication@4af9978e
----------------- Done invoking toplevel() on ptolemy.moml.MoMLSimpleApplication@4af9978e
reloadAllAccessors: .Timeout2

===========================================================================================
----------------- testing Sat Aug 18 01:59:12 UTC 2018 /home/travis/build/icyphy/ptII/ptolemy/domains/modal/test/auto/Timeout3.xml
----------------- Instantiating /home/travis/build/icyphy/ptII/ptolemy/domains/modal/test/auto/Timeout3.xml
2 ms. Memory: 826368K Free: 634681K (77%)
----------------- Invoking toplevel() on ptolemy.moml.MoMLSimpleApplication@7dda05f6
----------------- Done invoking toplevel() on ptolemy.moml.MoMLSimpleApplication@7dda05f6
reloadAllAccessors: .Timeout3

===========================================================================================
----------------- testing Sat Aug 18 01:59:12 UTC 2018 /home/travis/build/icyphy/ptII/ptolemy/domains/modal/test/auto/Timeout4.xml
----------------- Instantiating /home/travis/build/icyphy/ptII/ptolemy/domains/modal/test/auto/Timeout4.xml
4 ms. Memory: 826368K Free: 622985K (75%)
----------------- Invoking toplevel() on ptolemy.moml.MoMLSimpleApplication@1c86731f
----------------- Done invoking toplevel() on ptolemy.moml.MoMLSimpleApplication@1c86731f
reloadAllAccessors: .Timeout4

===========================================================================================
----------------- testing Sat Aug 18 01:59:12 UTC 2018 /home/travis/build/icyphy/ptII/ptolemy/domains/modal/test/auto/TransientstateModelAdvanced.xml
----------------- Instantiating /home/travis/build/icyphy/ptII/ptolemy/domains/modal/test/auto/TransientstateModelAdvanced.xml
3 ms. Memory: 826368K Free: 603133K (73%)
----------------- Invoking toplevel() on ptolemy.moml.MoMLSimpleApplication@26cd2a2a
----------------- Done invoking toplevel() on ptolemy.moml.MoMLSimpleApplication@26cd2a2a
reloadAllAccessors: .TransientstateModelAdvanced

===========================================================================================
----------------- testing Sat Aug 18 01:59:12 UTC 2018 /home/travis/build/icyphy/ptII/ptolemy/domains/modal/test/auto/TransientstateModelAdvanced2.xml
----------------- Instantiating /home/travis/build/icyphy/ptII/ptolemy/domains/modal/test/auto/TransientstateModelAdvanced2.xml
5 ms. Memory: 826368K Free: 581511K (70%)
----------------- Invoking toplevel() on ptolemy.moml.MoMLSimpleApplication@4765c576
----------------- Done invoking toplevel() on ptolemy.moml.MoMLSimpleApplication@4765c576
reloadAllAccessors: .transientstatemodelAdvanced

===========================================================================================
----------------- testing Sat Aug 18 01:59:13 UTC 2018 /home/travis/build/icyphy/ptII/ptolemy/domains/modal/test/auto/TransitionRefinements.xml
----------------- Instantiating /home/travis/build/icyphy/ptII/ptolemy/domains/modal/test/auto/TransitionRefinements.xml
10 ms. Memory: 826368K Free: 566622K (69%)
----------------- Invoking toplevel() on ptolemy.moml.MoMLSimpleApplication@6298aafe
----------------- Done invoking toplevel() on ptolemy.moml.MoMLSimpleApplication@6298aafe
reloadAllAccessors: .TransitionRefinements

===========================================================================================
----------------- testing Sat Aug 18 01:59:13 UTC 2018 /home/travis/build/icyphy/ptII/ptolemy/domains/modal/test/auto/TwoRefinements1.xml
----------------- Instantiating /home/travis/build/icyphy/ptII/ptolemy/domains/modal/test/auto/TwoRefinements1.xml
2 ms. Memory: 826368K Free: 545000K (66%)
----------------- Invoking toplevel() on ptolemy.moml.MoMLSimpleApplication@61c880bb
----------------- Done invoking toplevel() on ptolemy.moml.MoMLSimpleApplication@61c880bb
reloadAllAccessors: .TwoRefinements1

===========================================================================================
----------------- testing Sat Aug 18 01:59:13 UTC 2018 /home/travis/build/icyphy/ptII/ptolemy/domains/modal/test/auto/TwoRefinements2.xml
----------------- Instantiating /home/travis/build/icyphy/ptII/ptolemy/domains/modal/test/auto/TwoRefinements2.xml
3 ms. Memory: 826368K Free: 525148K (64%)
----------------- Invoking toplevel() on ptolemy.moml.MoMLSimpleApplication@551f885b
----------------- Done invoking toplevel() on ptolemy.moml.MoMLSimpleApplication@551f885b
reloadAllAccessors: .TwoRefinements2

===========================================================================================
----------------- testing Sat Aug 18 01:59:13 UTC 2018 /home/travis/build/icyphy/ptII/ptolemy/domains/modal/test/auto/WeakImmediateTransition.xml
----------------- Instantiating /home/travis/build/icyphy/ptII/ptolemy/domains/modal/test/auto/WeakImmediateTransition.xml
3 ms. Memory: 826368K Free: 508489K (62%)
----------------- Invoking toplevel() on ptolemy.moml.MoMLSimpleApplication@125ada0c
----------------- Done invoking toplevel() on ptolemy.moml.MoMLSimpleApplication@125ada0c
reloadAllAccessors: .WeakImmediateTransition

===========================================================================================
----------------- testing Sat Aug 18 01:59:13 UTC 2018 /home/travis/build/icyphy/ptII/ptolemy/domains/modal/test/auto/booleanSelect.xml
----------------- Instantiating /home/travis/build/icyphy/ptII/ptolemy/domains/modal/test/auto/booleanSelect.xml
25 ms. Memory: 826368K Free: 483674K (59%)
----------------- Invoking toplevel() on ptolemy.moml.MoMLSimpleApplication@45574a67
----------------- Done invoking toplevel() on ptolemy.moml.MoMLSimpleApplication@45574a67
reloadAllAccessors: .booleanSelect

===========================================================================================
----------------- testing Sat Aug 18 01:59:13 UTC 2018 /home/travis/build/icyphy/ptII/ptolemy/domains/modal/test/auto/modalChangingParams.xml
----------------- Instantiating /home/travis/build/icyphy/ptII/ptolemy/domains/modal/test/auto/modalChangingParams.xml
0
1
0
2
4
6
8
7
0
2
4
6
8
13
0
2
4
6
8
19
0
2
4
6
8
25
0
2
4
6
8
31
0
2
4
6
8
37
0
2
4
6
8
43
0
2
4
6
8
49
0
2
4
6
8
55
0
2
4
6
8
61
0
2
4
6
8
67
0
2
4
6
8
73
0
2
4
6
8
79
0
2
4
6
8
85
0
2
4
6
8
91
0
2
4
6
8
97
0
2
4
6
8
103
0
2
4
6
8
109
0
2
4
6
8
115
0
2
4
6
8
121
0
2
4
6
8
127
0
2
4
6
8
133
0
2
4
6
8
139
0
2
4
6
8
145
0
2
4
6
8
151
0
2
4
6
8
157
0
2
4
6
8
163
0
2
4
6
8
169
0
2
4
6
8
175
0
2
4
6
8
181
0
2
4
6
8
187
0
2
4
6
8
193
0
2
4
6
8
199
0
2
4
6
8
205
0
2
4
6
8
211
0
2
4
6
8
217
0
2
4
6
8
223
0
2
4
6
8
229
0
2
4
6
8
235
0
2
4
6
8
241
0
2
4
6
8
247
0
2
4
6
8
253
0
2
4
6
8
259
0
2
4
6
8
265
0
2
4
6
8
271
0
2
4
6
8
277
0
2
4
6
8
283
0
2
4
6
8
289
0
2
4
6
8
295
0
2
4
6
8
301
0
2
4
6
8
307
0
2
4
6
8
313
0
2
4
6
8
319
0
2
4
6
8
325
0
2
4
6
8
331
0
2
4
6
8
337
0
2
4
6
8
343
0
2
4
6
8
349
0
2
4
6
8
355
0
2
4
6
8
361
0
2
4
6
8
367
0
2
4
6
8
373
0
2
4
6
8
379
0
2
4
6
8
385
0
2
4
6
8
391
0
2
4
6
8
397
0
2
4
6
8
403
0
2
4
6
8
409
0
2
4
6
8
415
0
2
4
6
8
421
0
2
4
6
8
427
0
2
4
6
8
433
0
2
4
6
8
439
0
2
4
6
8
445
0
2
4
6
8
451
0
2
4
6
8
457
0
2
4
6
8
463
0
2
4
6
8
469
0
2
4
6
8
475
0
2
4
6
8
481
0
2
4
6
8
487
0
2
4
6
8
493
0
2
4
6
8
499
0
2
4
6
8
505
0
2
4
6
8
511
0
2
4
6
8
517
0
2
4
6
8
523
0
2
4
6
8
529
0
2
4
6
8
535
0
2
4
6
8
541
0
2
4
6
8
547
0
2
4
6
8
553
0
2
4
6
8
559
0
2
4
6
8
565
0
2
4
6
8
571
0
2
4
6
8
577
0
2
4
6
8
583
0
2
4
6
8
589
0
2
4
6
8
595
0
2
4
6
8
601
0
2
4
6
8
607
0
2
4
6
8
613
0
2
4
6
8
619
0
2
4
6
8
625
0
2
4
6
8
631
0
2
4
6
8
637
0
2
4
6
8
643
0
2
4
6
8
649
0
2
4
6
8
655
0
2
4
6
8
661
0
2
4
6
8
667
0
2
4
6
8
673
0
2
4
6
8
679
0
2
4
6
8
685
0
2
4
6
8
691
0
2
4
6
8
697
0
2
4
6
8
703
0
2
4
6
8
709
0
2
4
6
8
715
0
2
4
6
8
721
0
2
4
6
8
727
0
2
4
6
8
733
0
2
4
6
8
739
0
2
4
6
8
745
0
2
4
6
8
751
0
2
4
6
8
757
0
2
4
6
8
763
0
2
4
6
8
769
0
2
4
6
8
775
0
2
4
6
8
781
0
2
4
6
8
787
0
2
4
6
8
793
0
2
4
6
8
799
0
2
4
6
8
805
0
2
4
6
8
811
0
2
4
6
8
817
0
2
4
6
8
823
0
2
4
6
8
829
0
2
4
6
8
835
0
2
4
6
8
841
0
2
4
6
8
847
0
2
4
6
8
853
0
2
4
6
8
859
0
2
4
6
8
865
0
2
4
6
8
871
0
2
4
6
8
877
0
2
4
6
8
883
0
2
4
6
8
889
0
2
4
6
8
895
0
2
4
6
8
901
0
2
4
6
8
907
0
2
4
6
8
913
0
2
4
6
8
919
0
2
4
6
8
925
0
2
4
6
8
931
0
2
4
6
8
937
0
2
4
6
8
943
0
2
4
6
8
949
0
2
4
6
8
955
0
2
4
6
8
961
0
2
4
6
8
967
0
2
4
6
8
973
0
2
4
6
8
979
0
2
4
6
8
985
0
2
4
6
8
991
0
2
4
6
8
997
0
2
269 ms. Memory: 826368K Free: 357829K (43%)
----------------- Invoking toplevel() on ptolemy.moml.MoMLSimpleApplication@73d10c22
----------------- Done invoking toplevel() on ptolemy.moml.MoMLSimpleApplication@73d10c22
reloadAllAccessors: .modalChangingParams

===========================================================================================
----------------- testing Sat Aug 18 01:59:13 UTC 2018 /home/travis/build/icyphy/ptII/ptolemy/domains/modal/test/auto/modalModel.xml
----------------- Instantiating /home/travis/build/icyphy/ptII/ptolemy/domains/modal/test/auto/modalModel.xml
6 ms. Memory: 826368K Free: 342940K (41%)
----------------- Invoking toplevel() on ptolemy.moml.MoMLSimpleApplication@7ec51ce7
----------------- Done invoking toplevel() on ptolemy.moml.MoMLSimpleApplication@7ec51ce7
reloadAllAccessors: .modalModel

===========================================================================================
----------------- testing Sat Aug 18 01:59:13 UTC 2018 /home/travis/build/icyphy/ptII/ptolemy/domains/modal/test/auto/modalModel2.xml
----------------- Instantiating /home/travis/build/icyphy/ptII/ptolemy/domains/modal/test/auto/modalModel2.xml
11 ms. Memory: 826368K Free: 326281K (39%)
----------------- Invoking toplevel() on ptolemy.moml.MoMLSimpleApplication@7e5a3521
----------------- Done invoking toplevel() on ptolemy.moml.MoMLSimpleApplication@7e5a3521
reloadAllAccessors: .modalModel2

===========================================================================================
----------------- testing Sat Aug 18 01:59:13 UTC 2018 /home/travis/build/icyphy/ptII/ptolemy/domains/modal/test/auto/modalModel3.xml
----------------- Instantiating /home/travis/build/icyphy/ptII/ptolemy/domains/modal/test/auto/modalModel3.xml
0	0	0
3	2	1
6	4	2
9	6	3
4	0	4
7	2	5
10	4	6
13	6	7
8	0	8
11	2	9
14	4	10
17	6	11
12	0	12
15	2	13
18	4	14
14 ms. Memory: 826368K Free: 306429K (37%)
----------------- Invoking toplevel() on ptolemy.moml.MoMLSimpleApplication@7bca686e
----------------- Done invoking toplevel() on ptolemy.moml.MoMLSimpleApplication@7bca686e
reloadAllAccessors: .modalModel3

===========================================================================================
----------------- testing Sat Aug 18 01:59:13 UTC 2018 /home/travis/build/icyphy/ptII/ptolemy/domains/modal/test/auto/model1.xml
----------------- Instantiating /home/travis/build/icyphy/ptII/ptolemy/domains/modal/test/auto/model1.xml
10 ms. Memory: 826368K Free: 289770K (35%)
----------------- Invoking toplevel() on ptolemy.moml.MoMLSimpleApplication@58df2220
----------------- Done invoking toplevel() on ptolemy.moml.MoMLSimpleApplication@58df2220
reloadAllAccessors: .model1

===========================================================================================
----------------- testing Sat Aug 18 01:59:13 UTC 2018 /home/travis/build/icyphy/ptII/ptolemy/domains/modal/test/auto/test-direct-in-out.xml
----------------- Instantiating /home/travis/build/icyphy/ptII/ptolemy/domains/modal/test/auto/test-direct-in-out.xml
10 ms. Memory: 826368K Free: 274881K (33%)
----------------- Invoking toplevel() on ptolemy.moml.MoMLSimpleApplication@36bc3ff1
----------------- Done invoking toplevel() on ptolemy.moml.MoMLSimpleApplication@36bc3ff1
reloadAllAccessors: .test-direct-in-out
AutoTests.java: About to close Vertx.
AutoTests.java: Vertx closed.
]]></system-out>
  <system-err><![CDATA[java.lang.RuntimeException: Execution failed
	at ptolemy.moml.MoMLSimpleApplication$UnloadThread.run(MoMLSimpleApplication.java:402)
Caused by: ptolemy.kernel.util.IllegalActionException: Unknown inputs remain. Possible causality loop:
L_model_1893289564i

  in .CannotAnalysisWithPreemption.model_1893289564_region_1 and .CannotAnalysisWithPreemption.model_1893289564_region_1.L_model_1893289564i
	at ptolemy.actor.sched.FixedPointDirector.postfire(FixedPointDirector.java:515)
	at ptolemy.domains.sr.kernel.SRDirector.postfire(SRDirector.java:417)
	at ptolemy.actor.CompositeActor.postfire(CompositeActor.java:1668)
	at ptolemy.actor.Manager.iterate(Manager.java:852)
	at ptolemy.actor.Manager.execute(Manager.java:369)
	at ptolemy.actor.Manager.run(Manager.java:1263)
	at ptolemy.actor.Manager$PtolemyRunThread.run(Manager.java:1915)
java.lang.reflect.InvocationTargetException
	at sun.reflect.NativeConstructorAccessorImpl.newInstance0(Native Method)
	at sun.reflect.NativeConstructorAccessorImpl.newInstance(NativeConstructorAccessorImpl.java:62)
	at sun.reflect.DelegatingConstructorAccessorImpl.newInstance(DelegatingConstructorAccessorImpl.java:45)
	at java.lang.reflect.Constructor.newInstance(Constructor.java:423)
	at ptolemy.util.test.junit.AutoKnownFailedTests.RunModel(AutoKnownFailedTests.java:107)
	at sun.reflect.NativeMethodAccessorImpl.invoke0(Native Method)
	at sun.reflect.NativeMethodAccessorImpl.invoke(NativeMethodAccessorImpl.java:62)
	at sun.reflect.DelegatingMethodAccessorImpl.invoke(DelegatingMethodAccessorImpl.java:43)
	at java.lang.reflect.Method.invoke(Method.java:498)
	at org.junit.runners.model.FrameworkMethod$1.runReflectiveCall(FrameworkMethod.java:44)
	at org.junit.internal.runners.model.ReflectiveCallable.run(ReflectiveCallable.java:15)
	at org.junit.runners.model.FrameworkMethod.invokeExplosively(FrameworkMethod.java:41)
	at junitparams.internal.InvokeParameterisedMethod.evaluate(InvokeParameterisedMethod.java:102)
	at org.junit.internal.runners.statements.FailOnTimeout$1.run(FailOnTimeout.java:28)
Caused by: ptolemy.kernel.util.IllegalActionException: Unknown inputs remain. Possible causality loop:
L_model_1893289564i

  in .CannotAnalysisWithPreemption.model_1893289564_region_1 and .CannotAnalysisWithPreemption.model_1893289564_region_1.L_model_1893289564i
	at ptolemy.actor.sched.FixedPointDirector.postfire(FixedPointDirector.java:515)
	at ptolemy.domains.sr.kernel.SRDirector.postfire(SRDirector.java:417)
	at ptolemy.actor.CompositeActor.postfire(CompositeActor.java:1668)
	at ptolemy.actor.Manager.iterate(Manager.java:852)
	at ptolemy.actor.Manager.execute(Manager.java:369)
	at ptolemy.actor.Manager.run(Manager.java:1263)
	at ptolemy.actor.Manager$PtolemyRunThread.run(Manager.java:1915)
]]></system-err>
</testsuite>
