<?xml version="1.0" encoding="UTF-8" ?>
<testsuite errors="0" failures="0" hostname="travis-job-69db0f22-08a6-455c-bda2-1cd6e1fb4002" name="ptolemy.domains.modal.test.junit.JUnitTclTest" skipped="0" tests="148" time="11.379" timestamp="2019-10-02T05:50:02">
  <properties>
[...]
</properties>
  <testcase classname="ptolemy.util.test.junit.TclTests" name="[0] /home/travis/build/icyphy/ptII/ptolemy/domains/modal/test/SystemLevelType.tcl (RunTclFile)" time="2.036" />
  <testcase classname="ptolemy.util.test.junit.AutoKnownFailedTests" name="[0] /home/travis/build/icyphy/ptII/ptolemy/domains/modal/test/auto/knownFailedTests/CannotAnalysisWithPreemption.xml (RunModel)" time="0.272" />
  <testcase classname="ptolemy.util.test.junit.AutoNameArchTests" name="[0] ThereAreNoAutoArchTests (RunModel)" time="0.008" />
  <testcase classname="ptolemy.util.test.junit.AutoTests" name="[0] /home/travis/build/icyphy/ptII/ptolemy/domains/modal/test/auto/ABPTest.xml (RunModel)" time="0.861" />
  <testcase classname="ptolemy.util.test.junit.AutoTests" name="[1] /home/travis/build/icyphy/ptII/ptolemy/domains/modal/test/auto/ABROFlat.xml (RunModel)" time="0.095" />
  <testcase classname="ptolemy.util.test.junit.AutoTests" name="[2] /home/travis/build/icyphy/ptII/ptolemy/domains/modal/test/auto/ABROFlat2.xml (RunModel)" time="0.091" />
  <testcase classname="ptolemy.util.test.junit.AutoTests" name="[3] /home/travis/build/icyphy/ptII/ptolemy/domains/modal/test/auto/ABRO_present_hmm.xml (RunModel)" time="0.181" />
  <testcase classname="ptolemy.util.test.junit.AutoTests" name="[4] /home/travis/build/icyphy/ptII/ptolemy/domains/modal/test/auto/AMICoderExample.xml (RunModel)" time="0.096" />
  <testcase classname="ptolemy.util.test.junit.AutoTests" name="[5] /home/travis/build/icyphy/ptII/ptolemy/domains/modal/test/auto/AbsentToPresent.xml (RunModel)" time="0.047" />
  <testcase classname="ptolemy.util.test.junit.AutoTests" name="[6] /home/travis/build/icyphy/ptII/ptolemy/domains/modal/test/auto/Blending.xml (RunModel)" time="0.293" />
  <testcase classname="ptolemy.util.test.junit.AutoTests" name="[7] /home/travis/build/icyphy/ptII/ptolemy/domains/modal/test/auto/Broadcast.xml (RunModel)" time="0.051" />
  <testcase classname="ptolemy.util.test.junit.AutoTests" name="[8] /home/travis/build/icyphy/ptII/ptolemy/domains/modal/test/auto/BroadcastHierarchy.xml (RunModel)" time="0.078" />
  <testcase classname="ptolemy.util.test.junit.AutoTests" name="[9] /home/travis/build/icyphy/ptII/ptolemy/domains/modal/test/auto/BroadcastHierarchy2.xml (RunModel)" time="0.146" />
  <testcase classname="ptolemy.util.test.junit.AutoTests" name="[10] /home/travis/build/icyphy/ptII/ptolemy/domains/modal/test/auto/BroadcastHierarchy3.xml (RunModel)" time="0.125" />
  <testcase classname="ptolemy.util.test.junit.AutoTests" name="[11] /home/travis/build/icyphy/ptII/ptolemy/domains/modal/test/auto/BroadcastHierarchy4.xml (RunModel)" time="0.098" />
  <testcase classname="ptolemy.util.test.junit.AutoTests" name="[12] /home/travis/build/icyphy/ptII/ptolemy/domains/modal/test/auto/CannotAnalysisWithPreemption2.xml (RunModel)" time="0.038" />
  <testcase classname="ptolemy.util.test.junit.AutoTests" name="[13] /home/travis/build/icyphy/ptII/ptolemy/domains/modal/test/auto/CannotAnalysisWithPreemption3.xml (RunModel)" time="0.04" />
  <testcase classname="ptolemy.util.test.junit.AutoTests" name="[14] /home/travis/build/icyphy/ptII/ptolemy/domains/modal/test/auto/CannotProduce.xml (RunModel)" time="0.037" />
  <testcase classname="ptolemy.util.test.junit.AutoTests" name="[15] /home/travis/build/icyphy/ptII/ptolemy/domains/modal/test/auto/CannotProduceModal.xml (RunModel)" time="0.034" />
  <testcase classname="ptolemy.util.test.junit.AutoTests" name="[16] /home/travis/build/icyphy/ptII/ptolemy/domains/modal/test/auto/Case.xml (RunModel)" time="0.103" />
  <testcase classname="ptolemy.util.test.junit.AutoTests" name="[17] /home/travis/build/icyphy/ptII/ptolemy/domains/modal/test/auto/Case1.xml (RunModel)" time="0.038" />
  <testcase classname="ptolemy.util.test.junit.AutoTests" name="[18] /home/travis/build/icyphy/ptII/ptolemy/domains/modal/test/auto/Case2.xml (RunModel)" time="0.06" />
  <testcase classname="ptolemy.util.test.junit.AutoTests" name="[19] /home/travis/build/icyphy/ptII/ptolemy/domains/modal/test/auto/CausalityInterface1.xml (RunModel)" time="0.038" />
  <testcase classname="ptolemy.util.test.junit.AutoTests" name="[20] /home/travis/build/icyphy/ptII/ptolemy/domains/modal/test/auto/CausalityInterface10.xml (RunModel)" time="0.053" />
  <testcase classname="ptolemy.util.test.junit.AutoTests" name="[21] /home/travis/build/icyphy/ptII/ptolemy/domains/modal/test/auto/CausalityInterface11.xml (RunModel)" time="0.045" />
  <testcase classname="ptolemy.util.test.junit.AutoTests" name="[22] /home/travis/build/icyphy/ptII/ptolemy/domains/modal/test/auto/CausalityInterface12.xml (RunModel)" time="0.047" />
  <testcase classname="ptolemy.util.test.junit.AutoTests" name="[23] /home/travis/build/icyphy/ptII/ptolemy/domains/modal/test/auto/CausalityInterface13.xml (RunModel)" time="0.064" />
  <testcase classname="ptolemy.util.test.junit.AutoTests" name="[24] /home/travis/build/icyphy/ptII/ptolemy/domains/modal/test/auto/CausalityInterface14.xml (RunModel)" time="0.064" />
  <testcase classname="ptolemy.util.test.junit.AutoTests" name="[25] /home/travis/build/icyphy/ptII/ptolemy/domains/modal/test/auto/CausalityInterface2.xml (RunModel)" time="0.032" />
  <testcase classname="ptolemy.util.test.junit.AutoTests" name="[26] /home/travis/build/icyphy/ptII/ptolemy/domains/modal/test/auto/CausalityInterface3.xml (RunModel)" time="0.028" />
  <testcase classname="ptolemy.util.test.junit.AutoTests" name="[27] /home/travis/build/icyphy/ptII/ptolemy/domains/modal/test/auto/CausalityInterface4.xml (RunModel)" time="0.045" />
  <testcase classname="ptolemy.util.test.junit.AutoTests" name="[28] /home/travis/build/icyphy/ptII/ptolemy/domains/modal/test/auto/CausalityInterface5.xml (RunModel)" time="0.028" />
  <testcase classname="ptolemy.util.test.junit.AutoTests" name="[29] /home/travis/build/icyphy/ptII/ptolemy/domains/modal/test/auto/CausalityInterface6.xml (RunModel)" time="0.031" />
  <testcase classname="ptolemy.util.test.junit.AutoTests" name="[30] /home/travis/build/icyphy/ptII/ptolemy/domains/modal/test/auto/CausalityInterface7.xml (RunModel)" time="0.043" />
  <testcase classname="ptolemy.util.test.junit.AutoTests" name="[31] /home/travis/build/icyphy/ptII/ptolemy/domains/modal/test/auto/CausalityInterface8.xml (RunModel)" time="0.033" />
  <testcase classname="ptolemy.util.test.junit.AutoTests" name="[32] /home/travis/build/icyphy/ptII/ptolemy/domains/modal/test/auto/CausalityInterface9.xml (RunModel)" time="0.057" />
  <testcase classname="ptolemy.util.test.junit.AutoTests" name="[33] /home/travis/build/icyphy/ptII/ptolemy/domains/modal/test/auto/ChainedTransitions.xml (RunModel)" time="0.118" />
  <testcase classname="ptolemy.util.test.junit.AutoTests" name="[34] /home/travis/build/icyphy/ptII/ptolemy/domains/modal/test/auto/CycleOfImmediateTransitionsFSM.xml (RunModel)" time="0.02" />
  <testcase classname="ptolemy.util.test.junit.AutoTests" name="[35] /home/travis/build/icyphy/ptII/ptolemy/domains/modal/test/auto/CycleOfImmediateTransitionsModal.xml (RunModel)" time="0.022" />
  <testcase classname="ptolemy.util.test.junit.AutoTests" name="[36] /home/travis/build/icyphy/ptII/ptolemy/domains/modal/test/auto/CycleOfImmediateTransitionsModal2.xml (RunModel)" time="0.021" />
  <testcase classname="ptolemy.util.test.junit.AutoTests" name="[37] /home/travis/build/icyphy/ptII/ptolemy/domains/modal/test/auto/CycleOfImmediateTransitionsModal3.xml (RunModel)" time="0.058" />
  <testcase classname="ptolemy.util.test.junit.AutoTests" name="[38] /home/travis/build/icyphy/ptII/ptolemy/domains/modal/test/auto/DeepModal1.xml (RunModel)" time="0.064" />
  <testcase classname="ptolemy.util.test.junit.AutoTests" name="[39] /home/travis/build/icyphy/ptII/ptolemy/domains/modal/test/auto/DeepModal2.xml (RunModel)" time="0.074" />
  <testcase classname="ptolemy.util.test.junit.AutoTests" name="[40] /home/travis/build/icyphy/ptII/ptolemy/domains/modal/test/auto/DeepModal3.xml (RunModel)" time="0.081" />
  <testcase classname="ptolemy.util.test.junit.AutoTests" name="[41] /home/travis/build/icyphy/ptII/ptolemy/domains/modal/test/auto/DeepModal4.xml (RunModel)" time="0.079" />
  <testcase classname="ptolemy.util.test.junit.AutoTests" name="[42] /home/travis/build/icyphy/ptII/ptolemy/domains/modal/test/auto/Default1.xml (RunModel)" time="0.019" />
  <testcase classname="ptolemy.util.test.junit.AutoTests" name="[43] /home/travis/build/icyphy/ptII/ptolemy/domains/modal/test/auto/Default2.xml (RunModel)" time="0.025" />
  <testcase classname="ptolemy.util.test.junit.AutoTests" name="[44] /home/travis/build/icyphy/ptII/ptolemy/domains/modal/test/auto/Default3.xml (RunModel)" time="0.02" />
  <testcase classname="ptolemy.util.test.junit.AutoTests" name="[45] /home/travis/build/icyphy/ptII/ptolemy/domains/modal/test/auto/Default4.xml (RunModel)" time="0.025" />
  <testcase classname="ptolemy.util.test.junit.AutoTests" name="[46] /home/travis/build/icyphy/ptII/ptolemy/domains/modal/test/auto/Default5.xml (RunModel)" time="0.026" />
  <testcase classname="ptolemy.util.test.junit.AutoTests" name="[47] /home/travis/build/icyphy/ptII/ptolemy/domains/modal/test/auto/EmptyGuard.xml (RunModel)" time="0.043" />
  <testcase classname="ptolemy.util.test.junit.AutoTests" name="[48] /home/travis/build/icyphy/ptII/ptolemy/domains/modal/test/auto/ErrorTransition1.xml (RunModel)" time="0.034" />
  <testcase classname="ptolemy.util.test.junit.AutoTests" name="[49] /home/travis/build/icyphy/ptII/ptolemy/domains/modal/test/auto/ErrorTransition10.xml (RunModel)" time="0.066" />
  <testcase classname="ptolemy.util.test.junit.AutoTests" name="[50] /home/travis/build/icyphy/ptII/ptolemy/domains/modal/test/auto/ErrorTransition11.xml (RunModel)" time="0.045" />
  <testcase classname="ptolemy.util.test.junit.AutoTests" name="[51] /home/travis/build/icyphy/ptII/ptolemy/domains/modal/test/auto/ErrorTransition2.xml (RunModel)" time="0.032" />
  <testcase classname="ptolemy.util.test.junit.AutoTests" name="[52] /home/travis/build/icyphy/ptII/ptolemy/domains/modal/test/auto/ErrorTransition3.xml (RunModel)" time="0.055" />
  <testcase classname="ptolemy.util.test.junit.AutoTests" name="[53] /home/travis/build/icyphy/ptII/ptolemy/domains/modal/test/auto/ErrorTransition4.xml (RunModel)" time="0.045" />
  <testcase classname="ptolemy.util.test.junit.AutoTests" name="[54] /home/travis/build/icyphy/ptII/ptolemy/domains/modal/test/auto/ErrorTransition5.xml (RunModel)" time="0.037" />
  <testcase classname="ptolemy.util.test.junit.AutoTests" name="[55] /home/travis/build/icyphy/ptII/ptolemy/domains/modal/test/auto/ErrorTransition6.xml (RunModel)" time="0.044" />
  <testcase classname="ptolemy.util.test.junit.AutoTests" name="[56] /home/travis/build/icyphy/ptII/ptolemy/domains/modal/test/auto/ErrorTransition7.xml (RunModel)" time="0.057" />
  <testcase classname="ptolemy.util.test.junit.AutoTests" name="[57] /home/travis/build/icyphy/ptII/ptolemy/domains/modal/test/auto/ErrorTransition8.xml (RunModel)" time="0.04" />
  <testcase classname="ptolemy.util.test.junit.AutoTests" name="[58] /home/travis/build/icyphy/ptII/ptolemy/domains/modal/test/auto/ErrorTransition9.xml (RunModel)" time="0.063" />
  <testcase classname="ptolemy.util.test.junit.AutoTests" name="[59] /home/travis/build/icyphy/ptII/ptolemy/domains/modal/test/auto/ExtendedFSM.xml (RunModel)" time="0.026" />
  <testcase classname="ptolemy.util.test.junit.AutoTests" name="[60] /home/travis/build/icyphy/ptII/ptolemy/domains/modal/test/auto/FinalStates.xml (RunModel)" time="0.024" />
  <testcase classname="ptolemy.util.test.junit.AutoTests" name="[61] /home/travis/build/icyphy/ptII/ptolemy/domains/modal/test/auto/FixedPointFSM.xml (RunModel)" time="0.046" />
  <testcase classname="ptolemy.util.test.junit.AutoTests" name="[62] /home/travis/build/icyphy/ptII/ptolemy/domains/modal/test/auto/FixedPointIterationFSMActor.xml (RunModel)" time="0.048" />
  <testcase classname="ptolemy.util.test.junit.AutoTests" name="[63] /home/travis/build/icyphy/ptII/ptolemy/domains/modal/test/auto/FixedPointIterationFSMActor2.xml (RunModel)" time="0.037" />
  <testcase classname="ptolemy.util.test.junit.AutoTests" name="[64] /home/travis/build/icyphy/ptII/ptolemy/domains/modal/test/auto/ForbiddenInstantanousLoop.xml (RunModel)" time="0.038" />
  <testcase classname="ptolemy.util.test.junit.AutoTests" name="[65] /home/travis/build/icyphy/ptII/ptolemy/domains/modal/test/auto/FunctionDependencyOfFSMActorTest.xml (RunModel)" time="0.027" />
  <testcase classname="ptolemy.util.test.junit.AutoTests" name="[66] /home/travis/build/icyphy/ptII/ptolemy/domains/modal/test/auto/GuardExpression.xml (RunModel)" time="0.017" />
  <testcase classname="ptolemy.util.test.junit.AutoTests" name="[67] /home/travis/build/icyphy/ptII/ptolemy/domains/modal/test/auto/GuardNotEvaluated.xml (RunModel)" time="0.032" />
  <testcase classname="ptolemy.util.test.junit.AutoTests" name="[68] /home/travis/build/icyphy/ptII/ptolemy/domains/modal/test/auto/GuardNotEvaluated2.xml (RunModel)" time="0.027" />
  <testcase classname="ptolemy.util.test.junit.AutoTests" name="[69] /home/travis/build/icyphy/ptII/ptolemy/domains/modal/test/auto/GuardOnAbsent.xml (RunModel)" time="0.026" />
  <testcase classname="ptolemy.util.test.junit.AutoTests" name="[70] /home/travis/build/icyphy/ptII/ptolemy/domains/modal/test/auto/HierarchicalFSMTypeInference.xml (RunModel)" time="0.033" />
  <testcase classname="ptolemy.util.test.junit.AutoTests" name="[71] /home/travis/build/icyphy/ptII/ptolemy/domains/modal/test/auto/Hysteresis.xml (RunModel)" time="0.044" />
  <testcase classname="ptolemy.util.test.junit.AutoTests" name="[72] /home/travis/build/icyphy/ptII/ptolemy/domains/modal/test/auto/HysteresisWithDefault.xml (RunModel)" time="0.071" />
  <testcase classname="ptolemy.util.test.junit.AutoTests" name="[73] /home/travis/build/icyphy/ptII/ptolemy/domains/modal/test/auto/HysteresisWithDefault2.xml (RunModel)" time="0.071" />
  <testcase classname="ptolemy.util.test.junit.AutoTests" name="[74] /home/travis/build/icyphy/ptII/ptolemy/domains/modal/test/auto/ImmediateNonConstructiveness.xml (RunModel)" time="0.041" />
  <testcase classname="ptolemy.util.test.junit.AutoTests" name="[75] /home/travis/build/icyphy/ptII/ptolemy/domains/modal/test/auto/ImmediateNonConstructiveness2.xml (RunModel)" time="0.02" />
  <testcase classname="ptolemy.util.test.junit.AutoTests" name="[76] /home/travis/build/icyphy/ptII/ptolemy/domains/modal/test/auto/ImmediateTransitionReset.xml (RunModel)" time="0.039" />
  <testcase classname="ptolemy.util.test.junit.AutoTests" name="[77] /home/travis/build/icyphy/ptII/ptolemy/domains/modal/test/auto/ImmediateTransitions1.xml (RunModel)" time="0.015" />
  <testcase classname="ptolemy.util.test.junit.AutoTests" name="[78] /home/travis/build/icyphy/ptII/ptolemy/domains/modal/test/auto/ImmediateTransitionsInstantaneousCommunication.xml (RunModel)" time="0.03" />
  <testcase classname="ptolemy.util.test.junit.AutoTests" name="[79] /home/travis/build/icyphy/ptII/ptolemy/domains/modal/test/auto/InitialImmediateTransition.xml (RunModel)" time="0.021" />
  <testcase classname="ptolemy.util.test.junit.AutoTests" name="[80] /home/travis/build/icyphy/ptII/ptolemy/domains/modal/test/auto/InitialOutputs.xml (RunModel)" time="0.016" />
  <testcase classname="ptolemy.util.test.junit.AutoTests" name="[81] /home/travis/build/icyphy/ptII/ptolemy/domains/modal/test/auto/InitialStateTransition1.xml (RunModel)" time="0.02" />
  <testcase classname="ptolemy.util.test.junit.AutoTests" name="[82] /home/travis/build/icyphy/ptII/ptolemy/domains/modal/test/auto/InitialStateTransition2.xml (RunModel)" time="0.026" />
  <testcase classname="ptolemy.util.test.junit.AutoTests" name="[83] /home/travis/build/icyphy/ptII/ptolemy/domains/modal/test/auto/InitialStateTransition3.xml (RunModel)" time="0.03" />
  <testcase classname="ptolemy.util.test.junit.AutoTests" name="[84] /home/travis/build/icyphy/ptII/ptolemy/domains/modal/test/auto/InitialStateTransition4.xml (RunModel)" time="0.029" />
  <testcase classname="ptolemy.util.test.junit.AutoTests" name="[85] /home/travis/build/icyphy/ptII/ptolemy/domains/modal/test/auto/MalformedGuardExpressionNotCaught.xml (RunModel)" time="0.03" />
  <testcase classname="ptolemy.util.test.junit.AutoTests" name="[86] /home/travis/build/icyphy/ptII/ptolemy/domains/modal/test/auto/ModalBSC.xml (RunModel)" time="0.103" />
  <testcase classname="ptolemy.util.test.junit.AutoTests" name="[87] /home/travis/build/icyphy/ptII/ptolemy/domains/modal/test/auto/ModalClocks.xml (RunModel)" time="0.076" />
  <testcase classname="ptolemy.util.test.junit.AutoTests" name="[88] /home/travis/build/icyphy/ptII/ptolemy/domains/modal/test/auto/ModalDelay.xml (RunModel)" time="0.069" />
  <testcase classname="ptolemy.util.test.junit.AutoTests" name="[89] /home/travis/build/icyphy/ptII/ptolemy/domains/modal/test/auto/ModalDelay2.xml (RunModel)" time="0.043" />
  <testcase classname="ptolemy.util.test.junit.AutoTests" name="[90] /home/travis/build/icyphy/ptII/ptolemy/domains/modal/test/auto/ModalModelFromMemo.xml (RunModel)" time="0.063" />
  <testcase classname="ptolemy.util.test.junit.AutoTests" name="[91] /home/travis/build/icyphy/ptII/ptolemy/domains/modal/test/auto/ModalModelWithMultirateTransient.xml (RunModel)" time="0.051" />
  <testcase classname="ptolemy.util.test.junit.AutoTests" name="[92] /home/travis/build/icyphy/ptII/ptolemy/domains/modal/test/auto/ModalModelWithReset.xml (RunModel)" time="0.06" />
  <testcase classname="ptolemy.util.test.junit.AutoTests" name="[93] /home/travis/build/icyphy/ptII/ptolemy/domains/modal/test/auto/MouseClickFSM.xml (RunModel)" time="0.048" />
  <testcase classname="ptolemy.util.test.junit.AutoTests" name="[94] /home/travis/build/icyphy/ptII/ptolemy/domains/modal/test/auto/MouseClickFSMModal.xml (RunModel)" time="0.033" />
  <testcase classname="ptolemy.util.test.junit.AutoTests" name="[95] /home/travis/build/icyphy/ptII/ptolemy/domains/modal/test/auto/NonStrictFSM_FeedbackLoop.xml (RunModel)" time="0.045" />
  <testcase classname="ptolemy.util.test.junit.AutoTests" name="[96] /home/travis/build/icyphy/ptII/ptolemy/domains/modal/test/auto/NonStrictFSM_FeedbackLoop_Refinement.xml (RunModel)" time="0.095" />
  <testcase classname="ptolemy.util.test.junit.AutoTests" name="[97] /home/travis/build/icyphy/ptII/ptolemy/domains/modal/test/auto/NonStrictFSM_FeedbackLoop_preemptive.xml (RunModel)" time="0.065" />
  <testcase classname="ptolemy.util.test.junit.AutoTests" name="[98] /home/travis/build/icyphy/ptII/ptolemy/domains/modal/test/auto/NormalTermination.xml (RunModel)" time="0.062" />
  <testcase classname="ptolemy.util.test.junit.AutoTests" name="[99] /home/travis/build/icyphy/ptII/ptolemy/domains/modal/test/auto/Pong.xml (RunModel)" time="0.087" />
  <testcase classname="ptolemy.util.test.junit.AutoTests" name="[100] /home/travis/build/icyphy/ptII/ptolemy/domains/modal/test/auto/Pong_test.xml (RunModel)" time="0.128" />
  <testcase classname="ptolemy.util.test.junit.AutoTests" name="[101] /home/travis/build/icyphy/ptII/ptolemy/domains/modal/test/auto/PreemptionHierarchy.xml (RunModel)" time="0.037" />
  <testcase classname="ptolemy.util.test.junit.AutoTests" name="[102] /home/travis/build/icyphy/ptII/ptolemy/domains/modal/test/auto/PreemptionHierarchy2.xml (RunModel)" time="0.036" />
  <testcase classname="ptolemy.util.test.junit.AutoTests" name="[103] /home/travis/build/icyphy/ptII/ptolemy/domains/modal/test/auto/PreemptiveTransition.xml (RunModel)" time="0.024" />
  <testcase classname="ptolemy.util.test.junit.AutoTests" name="[104] /home/travis/build/icyphy/ptII/ptolemy/domains/modal/test/auto/Priorities.xml (RunModel)" time="0.074" />
  <testcase classname="ptolemy.util.test.junit.AutoTests" name="[105] /home/travis/build/icyphy/ptII/ptolemy/domains/modal/test/auto/ResetFinal.xml (RunModel)" time="0.045" />
  <testcase classname="ptolemy.util.test.junit.AutoTests" name="[106] /home/travis/build/icyphy/ptII/ptolemy/domains/modal/test/auto/ResetFinal2.xml (RunModel)" time="0.028" />
  <testcase classname="ptolemy.util.test.junit.AutoTests" name="[107] /home/travis/build/icyphy/ptII/ptolemy/domains/modal/test/auto/ResetTransitionWithStartTime.xml (RunModel)" time="0.025" />
  <testcase classname="ptolemy.util.test.junit.AutoTests" name="[108] /home/travis/build/icyphy/ptII/ptolemy/domains/modal/test/auto/SDF-FSMComposite.xml (RunModel)" time="0.02" />
  <testcase classname="ptolemy.util.test.junit.AutoTests" name="[109] /home/travis/build/icyphy/ptII/ptolemy/domains/modal/test/auto/SeeminglyNondeterminate.xml (RunModel)" time="0.08" />
  <testcase classname="ptolemy.util.test.junit.AutoTests" name="[110] /home/travis/build/icyphy/ptII/ptolemy/domains/modal/test/auto/SeeminglyNondeterminate2.xml (RunModel)" time="0.065" />
  <testcase classname="ptolemy.util.test.junit.AutoTests" name="[111] /home/travis/build/icyphy/ptII/ptolemy/domains/modal/test/auto/SpontaneousFSM.xml (RunModel)" time="0.047" />
  <testcase classname="ptolemy.util.test.junit.AutoTests" name="[112] /home/travis/build/icyphy/ptII/ptolemy/domains/modal/test/auto/SpontaneousFSM2.xml (RunModel)" time="0.027" />
  <testcase classname="ptolemy.util.test.junit.AutoTests" name="[113] /home/travis/build/icyphy/ptII/ptolemy/domains/modal/test/auto/SpontaneousFSM3.xml (RunModel)" time="0.044" />
  <testcase classname="ptolemy.util.test.junit.AutoTests" name="[114] /home/travis/build/icyphy/ptII/ptolemy/domains/modal/test/auto/SpontaneousFSM4.xml (RunModel)" time="0.047" />
  <testcase classname="ptolemy.util.test.junit.AutoTests" name="[115] /home/travis/build/icyphy/ptII/ptolemy/domains/modal/test/auto/StateTrackerTest.xml (RunModel)" time="0.065" />
  <testcase classname="ptolemy.util.test.junit.AutoTests" name="[116] /home/travis/build/icyphy/ptII/ptolemy/domains/modal/test/auto/StrongImmediateTransition.xml (RunModel)" time="0.025" />
  <testcase classname="ptolemy.util.test.junit.AutoTests" name="[117] /home/travis/build/icyphy/ptII/ptolemy/domains/modal/test/auto/SustainHierarchy.xml (RunModel)" time="0.029" />
  <testcase classname="ptolemy.util.test.junit.AutoTests" name="[118] /home/travis/build/icyphy/ptII/ptolemy/domains/modal/test/auto/TerminationTransition1.xml (RunModel)" time="0.019" />
  <testcase classname="ptolemy.util.test.junit.AutoTests" name="[119] /home/travis/build/icyphy/ptII/ptolemy/domains/modal/test/auto/TerminationTransition2.xml (RunModel)" time="0.026" />
  <testcase classname="ptolemy.util.test.junit.AutoTests" name="[120] /home/travis/build/icyphy/ptII/ptolemy/domains/modal/test/auto/TerminationTransition3.xml (RunModel)" time="0.023" />
  <testcase classname="ptolemy.util.test.junit.AutoTests" name="[121] /home/travis/build/icyphy/ptII/ptolemy/domains/modal/test/auto/TerminationTransition4.xml (RunModel)" time="0.035" />
  <testcase classname="ptolemy.util.test.junit.AutoTests" name="[122] /home/travis/build/icyphy/ptII/ptolemy/domains/modal/test/auto/TerminationTransition5.xml (RunModel)" time="0.032" />
  <testcase classname="ptolemy.util.test.junit.AutoTests" name="[123] /home/travis/build/icyphy/ptII/ptolemy/domains/modal/test/auto/TerminationTransition6.xml (RunModel)" time="0.042" />
  <testcase classname="ptolemy.util.test.junit.AutoTests" name="[124] /home/travis/build/icyphy/ptII/ptolemy/domains/modal/test/auto/TerminationTransition7.xml (RunModel)" time="0.044" />
  <testcase classname="ptolemy.util.test.junit.AutoTests" name="[125] /home/travis/build/icyphy/ptII/ptolemy/domains/modal/test/auto/TerminationTransition8.xml (RunModel)" time="0.023" />
  <testcase classname="ptolemy.util.test.junit.AutoTests" name="[126] /home/travis/build/icyphy/ptII/ptolemy/domains/modal/test/auto/Thermostat_NoHysteresis.xml (RunModel)" time="0.054" />
  <testcase classname="ptolemy.util.test.junit.AutoTests" name="[127] /home/travis/build/icyphy/ptII/ptolemy/domains/modal/test/auto/TimedFSM.xml (RunModel)" time="0.034" />
  <testcase classname="ptolemy.util.test.junit.AutoTests" name="[128] /home/travis/build/icyphy/ptII/ptolemy/domains/modal/test/auto/Timeout1.xml (RunModel)" time="0.014" />
  <testcase classname="ptolemy.util.test.junit.AutoTests" name="[129] /home/travis/build/icyphy/ptII/ptolemy/domains/modal/test/auto/Timeout2.xml (RunModel)" time="0.021" />
  <testcase classname="ptolemy.util.test.junit.AutoTests" name="[130] /home/travis/build/icyphy/ptII/ptolemy/domains/modal/test/auto/Timeout3.xml (RunModel)" time="0.012" />
  <testcase classname="ptolemy.util.test.junit.AutoTests" name="[131] /home/travis/build/icyphy/ptII/ptolemy/domains/modal/test/auto/Timeout4.xml (RunModel)" time="0.013" />
  <testcase classname="ptolemy.util.test.junit.AutoTests" name="[132] /home/travis/build/icyphy/ptII/ptolemy/domains/modal/test/auto/TransientstateModelAdvanced.xml (RunModel)" time="0.026" />
  <testcase classname="ptolemy.util.test.junit.AutoTests" name="[133] /home/travis/build/icyphy/ptII/ptolemy/domains/modal/test/auto/TransientstateModelAdvanced2.xml (RunModel)" time="0.028" />
  <testcase classname="ptolemy.util.test.junit.AutoTests" name="[134] /home/travis/build/icyphy/ptII/ptolemy/domains/modal/test/auto/TransitionRefinements.xml (RunModel)" time="0.024" />
  <testcase classname="ptolemy.util.test.junit.AutoTests" name="[135] /home/travis/build/icyphy/ptII/ptolemy/domains/modal/test/auto/TwoRefinements1.xml (RunModel)" time="0.023" />
  <testcase classname="ptolemy.util.test.junit.AutoTests" name="[136] /home/travis/build/icyphy/ptII/ptolemy/domains/modal/test/auto/TwoRefinements2.xml (RunModel)" time="0.022" />
  <testcase classname="ptolemy.util.test.junit.AutoTests" name="[137] /home/travis/build/icyphy/ptII/ptolemy/domains/modal/test/auto/WeakImmediateTransition.xml (RunModel)" time="0.029" />
  <testcase classname="ptolemy.util.test.junit.AutoTests" name="[138] /home/travis/build/icyphy/ptII/ptolemy/domains/modal/test/auto/booleanSelect.xml (RunModel)" time="0.071" />
  <testcase classname="ptolemy.util.test.junit.AutoTests" name="[139] /home/travis/build/icyphy/ptII/ptolemy/domains/modal/test/auto/modalChangingParams.xml (RunModel)" time="0.304" />
  <testcase classname="ptolemy.util.test.junit.AutoTests" name="[140] /home/travis/build/icyphy/ptII/ptolemy/domains/modal/test/auto/modalModel.xml (RunModel)" time="0.027" />
  <testcase classname="ptolemy.util.test.junit.AutoTests" name="[141] /home/travis/build/icyphy/ptII/ptolemy/domains/modal/test/auto/modalModel2.xml (RunModel)" time="0.032" />
  <testcase classname="ptolemy.util.test.junit.AutoTests" name="[142] /home/travis/build/icyphy/ptII/ptolemy/domains/modal/test/auto/modalModel3.xml (RunModel)" time="0.038" />
  <testcase classname="ptolemy.util.test.junit.AutoTests" name="[143] /home/travis/build/icyphy/ptII/ptolemy/domains/modal/test/auto/model1.xml (RunModel)" time="0.021" />
  <testcase classname="ptolemy.util.test.junit.AutoTests" name="[144] /home/travis/build/icyphy/ptII/ptolemy/domains/modal/test/auto/test-direct-in-out.xml (RunModel)" time="0.022" />
  <system-out><![CDATA[/home/travis/build/icyphy/ptII/ptolemy/domains/modal/test/SystemLevelType.tcl
testDefs.tcl: setting time out to 9000 seconds at Wed Oct 02 05:50:02 UTC 2019
10/02/19 05:50:04
Failed: 0  Total Tests: 1  ((Passed: 1, Newly Passed: 0)  Known Failed: 0) /home/travis/build/icyphy/ptII/ptolemy/domains/modal/test
----------------- testing (KnownFailure) /home/travis/build/icyphy/ptII/ptolemy/domains/modal/test/auto/knownFailedTests/CannotAnalysisWithPreemption.xml
105 ms. Memory: 120832K Free: 41479K (34%)
Known Failure: java.lang.reflect.InvocationTargetException
No auto/linux-amd64/*.xml tests in /home/travis/build/icyphy/ptII/ptolemy/domains/modal/test
AutoTests.java: About to close Vertx.
AutoTests.java: Vertx closed.

===========================================================================================
----------------- testing Wed Oct 02 05:50:05 UTC 2019 /home/travis/build/icyphy/ptII/ptolemy/domains/modal/test/auto/ABPTest.xml
----------------- Instantiating /home/travis/build/icyphy/ptII/ptolemy/domains/modal/test/auto/ABPTest.xml
428 ms. Memory: 152576K Free: 109491K (72%)
----------------- Invoking toplevel() on ptolemy.moml.MoMLSimpleApplication@704a5826
----------------- Done invoking toplevel() on ptolemy.moml.MoMLSimpleApplication@704a5826
reloadAllAccessors: .ABPTest

===========================================================================================
----------------- testing Wed Oct 02 05:50:06 UTC 2019 /home/travis/build/icyphy/ptII/ptolemy/domains/modal/test/auto/ABROFlat.xml
----------------- Instantiating /home/travis/build/icyphy/ptII/ptolemy/domains/modal/test/auto/ABROFlat.xml
27 ms. Memory: 152576K Free: 93554K (61%)
----------------- Invoking toplevel() on ptolemy.moml.MoMLSimpleApplication@5089cb96
----------------- Done invoking toplevel() on ptolemy.moml.MoMLSimpleApplication@5089cb96
reloadAllAccessors: .ABROFlat

===========================================================================================
----------------- testing Wed Oct 02 05:50:06 UTC 2019 /home/travis/build/icyphy/ptII/ptolemy/domains/modal/test/auto/ABROFlat2.xml
----------------- Instantiating /home/travis/build/icyphy/ptII/ptolemy/domains/modal/test/auto/ABROFlat2.xml
25 ms. Memory: 152576K Free: 76656K (50%)
----------------- Invoking toplevel() on ptolemy.moml.MoMLSimpleApplication@403866df
----------------- Done invoking toplevel() on ptolemy.moml.MoMLSimpleApplication@403866df
reloadAllAccessors: .ABROFlat2

===========================================================================================
----------------- testing Wed Oct 02 05:50:06 UTC 2019 /home/travis/build/icyphy/ptII/ptolemy/domains/modal/test/auto/ABRO_present_hmm.xml
----------------- Instantiating /home/travis/build/icyphy/ptII/ptolemy/domains/modal/test/auto/ABRO_present_hmm.xml
55 ms. Memory: 152576K Free: 131991K (87%)
----------------- Invoking toplevel() on ptolemy.moml.MoMLSimpleApplication@5afbf0aa
----------------- Done invoking toplevel() on ptolemy.moml.MoMLSimpleApplication@5afbf0aa
reloadAllAccessors: .ABRO_present_hmm

===========================================================================================
----------------- testing Wed Oct 02 05:50:06 UTC 2019 /home/travis/build/icyphy/ptII/ptolemy/domains/modal/test/auto/AMICoderExample.xml
----------------- Instantiating /home/travis/build/icyphy/ptII/ptolemy/domains/modal/test/auto/AMICoderExample.xml
52 ms. Memory: 152576K Free: 121462K (80%)
----------------- Invoking toplevel() on ptolemy.moml.MoMLSimpleApplication@6ace2d40
----------------- Done invoking toplevel() on ptolemy.moml.MoMLSimpleApplication@6ace2d40
reloadAllAccessors: .AMICoderExample

===========================================================================================
----------------- testing Wed Oct 02 05:50:06 UTC 2019 /home/travis/build/icyphy/ptII/ptolemy/domains/modal/test/auto/AbsentToPresent.xml
----------------- Instantiating /home/travis/build/icyphy/ptII/ptolemy/domains/modal/test/auto/AbsentToPresent.xml
11 ms. Memory: 152576K Free: 116786K (77%)
----------------- Invoking toplevel() on ptolemy.moml.MoMLSimpleApplication@51cbabc7
----------------- Done invoking toplevel() on ptolemy.moml.MoMLSimpleApplication@51cbabc7
reloadAllAccessors: .AbsentToPresent

===========================================================================================
----------------- testing Wed Oct 02 05:50:06 UTC 2019 /home/travis/build/icyphy/ptII/ptolemy/domains/modal/test/auto/Blending.xml
----------------- Instantiating /home/travis/build/icyphy/ptII/ptolemy/domains/modal/test/auto/Blending.xml
199 ms. Memory: 152576K Free: 71708K (47%)
----------------- Invoking toplevel() on ptolemy.moml.MoMLSimpleApplication@31402df9
----------------- Done invoking toplevel() on ptolemy.moml.MoMLSimpleApplication@31402df9
reloadAllAccessors: .Blending

===========================================================================================
----------------- testing Wed Oct 02 05:50:07 UTC 2019 /home/travis/build/icyphy/ptII/ptolemy/domains/modal/test/auto/Broadcast.xml
----------------- Instantiating /home/travis/build/icyphy/ptII/ptolemy/domains/modal/test/auto/Broadcast.xml
11 ms. Memory: 152576K Free: 62070K (41%)
----------------- Invoking toplevel() on ptolemy.moml.MoMLSimpleApplication@5dfb0e59
----------------- Done invoking toplevel() on ptolemy.moml.MoMLSimpleApplication@5dfb0e59
reloadAllAccessors: .Broadcast

===========================================================================================
----------------- testing Wed Oct 02 05:50:07 UTC 2019 /home/travis/build/icyphy/ptII/ptolemy/domains/modal/test/auto/BroadcastHierarchy.xml
----------------- Instantiating /home/travis/build/icyphy/ptII/ptolemy/domains/modal/test/auto/BroadcastHierarchy.xml
26 ms. Memory: 208896K Free: 190623K (91%)
----------------- Invoking toplevel() on ptolemy.moml.MoMLSimpleApplication@31f8ca7a
----------------- Done invoking toplevel() on ptolemy.moml.MoMLSimpleApplication@31f8ca7a
reloadAllAccessors: .BroadcastHierarchy

===========================================================================================
----------------- testing Wed Oct 02 05:50:07 UTC 2019 /home/travis/build/icyphy/ptII/ptolemy/domains/modal/test/auto/BroadcastHierarchy2.xml
----------------- Instantiating /home/travis/build/icyphy/ptII/ptolemy/domains/modal/test/auto/BroadcastHierarchy2.xml
23 ms. Memory: 208896K Free: 162781K (78%)
----------------- Invoking toplevel() on ptolemy.moml.MoMLSimpleApplication@61b00069
----------------- Done invoking toplevel() on ptolemy.moml.MoMLSimpleApplication@61b00069
reloadAllAccessors: .BroadcastHierarchy2

===========================================================================================
----------------- testing Wed Oct 02 05:50:07 UTC 2019 /home/travis/build/icyphy/ptII/ptolemy/domains/modal/test/auto/BroadcastHierarchy3.xml
----------------- Instantiating /home/travis/build/icyphy/ptII/ptolemy/domains/modal/test/auto/BroadcastHierarchy3.xml
30 ms. Memory: 208896K Free: 142307K (68%)
----------------- Invoking toplevel() on ptolemy.moml.MoMLSimpleApplication@47e92b90
----------------- Done invoking toplevel() on ptolemy.moml.MoMLSimpleApplication@47e92b90
reloadAllAccessors: .BroadcastHierarchy3

===========================================================================================
----------------- testing Wed Oct 02 05:50:07 UTC 2019 /home/travis/build/icyphy/ptII/ptolemy/domains/modal/test/auto/BroadcastHierarchy4.xml
----------------- Instantiating /home/travis/build/icyphy/ptII/ptolemy/domains/modal/test/auto/BroadcastHierarchy4.xml
23 ms. Memory: 208896K Free: 118245K (57%)
----------------- Invoking toplevel() on ptolemy.moml.MoMLSimpleApplication@7b80e9a5
----------------- Done invoking toplevel() on ptolemy.moml.MoMLSimpleApplication@7b80e9a5
reloadAllAccessors: .BroadcastHierarchy4

===========================================================================================
----------------- testing Wed Oct 02 05:50:07 UTC 2019 /home/travis/build/icyphy/ptII/ptolemy/domains/modal/test/auto/CannotAnalysisWithPreemption2.xml
----------------- Instantiating /home/travis/build/icyphy/ptII/ptolemy/domains/modal/test/auto/CannotAnalysisWithPreemption2.xml
5 ms. Memory: 208896K Free: 111077K (53%)
----------------- Invoking toplevel() on ptolemy.moml.MoMLSimpleApplication@3ac1933b
----------------- Done invoking toplevel() on ptolemy.moml.MoMLSimpleApplication@3ac1933b
reloadAllAccessors: .CannotAnalysisWithPreemption2

===========================================================================================
----------------- testing Wed Oct 02 05:50:07 UTC 2019 /home/travis/build/icyphy/ptII/ptolemy/domains/modal/test/auto/CannotAnalysisWithPreemption3.xml
----------------- Instantiating /home/travis/build/icyphy/ptII/ptolemy/domains/modal/test/auto/CannotAnalysisWithPreemption3.xml
5 ms. Memory: 208896K Free: 100837K (48%)
----------------- Invoking toplevel() on ptolemy.moml.MoMLSimpleApplication@23258a0c
----------------- Done invoking toplevel() on ptolemy.moml.MoMLSimpleApplication@23258a0c
reloadAllAccessors: .CannotAnalysisWithPreemption3

===========================================================================================
----------------- testing Wed Oct 02 05:50:07 UTC 2019 /home/travis/build/icyphy/ptII/ptolemy/domains/modal/test/auto/CannotProduce.xml
----------------- Instantiating /home/travis/build/icyphy/ptII/ptolemy/domains/modal/test/auto/CannotProduce.xml
13 ms. Memory: 208896K Free: 94179K (45%)
----------------- Invoking toplevel() on ptolemy.moml.MoMLSimpleApplication@3b7643e3
----------------- Done invoking toplevel() on ptolemy.moml.MoMLSimpleApplication@3b7643e3
reloadAllAccessors: .CannotProduce

===========================================================================================
----------------- testing Wed Oct 02 05:50:07 UTC 2019 /home/travis/build/icyphy/ptII/ptolemy/domains/modal/test/auto/CannotProduceModal.xml
----------------- Instantiating /home/travis/build/icyphy/ptII/ptolemy/domains/modal/test/auto/CannotProduceModal.xml
11 ms. Memory: 208896K Free: 87525K (42%)
----------------- Invoking toplevel() on ptolemy.moml.MoMLSimpleApplication@198ea34c
----------------- Done invoking toplevel() on ptolemy.moml.MoMLSimpleApplication@198ea34c
reloadAllAccessors: .CannotProduceModal

===========================================================================================
----------------- testing Wed Oct 02 05:50:07 UTC 2019 /home/travis/build/icyphy/ptII/ptolemy/domains/modal/test/auto/Case.xml
----------------- Instantiating /home/travis/build/icyphy/ptII/ptolemy/domains/modal/test/auto/Case.xml
38 ms. Memory: 208896K Free: 182298K (87%)
----------------- Invoking toplevel() on ptolemy.moml.MoMLSimpleApplication@6f30e83
----------------- Done invoking toplevel() on ptolemy.moml.MoMLSimpleApplication@6f30e83
reloadAllAccessors: .Case

===========================================================================================
----------------- testing Wed Oct 02 05:50:07 UTC 2019 /home/travis/build/icyphy/ptII/ptolemy/domains/modal/test/auto/Case1.xml
----------------- Instantiating /home/travis/build/icyphy/ptII/ptolemy/domains/modal/test/auto/Case1.xml
10 ms. Memory: 208896K Free: 175130K (84%)
----------------- Invoking toplevel() on ptolemy.moml.MoMLSimpleApplication@240be620
----------------- Done invoking toplevel() on ptolemy.moml.MoMLSimpleApplication@240be620
reloadAllAccessors: .Case1

===========================================================================================
----------------- testing Wed Oct 02 05:50:08 UTC 2019 /home/travis/build/icyphy/ptII/ptolemy/domains/modal/test/auto/Case2.xml
----------------- Instantiating /home/travis/build/icyphy/ptII/ptolemy/domains/modal/test/auto/Case2.xml
26 ms. Memory: 208896K Free: 164380K (79%)
----------------- Invoking toplevel() on ptolemy.moml.MoMLSimpleApplication@1ecbdbba
----------------- Done invoking toplevel() on ptolemy.moml.MoMLSimpleApplication@1ecbdbba
reloadAllAccessors: .Case2

===========================================================================================
----------------- testing Wed Oct 02 05:50:08 UTC 2019 /home/travis/build/icyphy/ptII/ptolemy/domains/modal/test/auto/CausalityInterface1.xml
----------------- Instantiating /home/travis/build/icyphy/ptII/ptolemy/domains/modal/test/auto/CausalityInterface1.xml
7 ms. Memory: 208896K Free: 159260K (76%)
----------------- Invoking toplevel() on ptolemy.moml.MoMLSimpleApplication@225d5050
----------------- Done invoking toplevel() on ptolemy.moml.MoMLSimpleApplication@225d5050
reloadAllAccessors: .CausalityInterface1

===========================================================================================
----------------- testing Wed Oct 02 05:50:08 UTC 2019 /home/travis/build/icyphy/ptII/ptolemy/domains/modal/test/auto/CausalityInterface10.xml
----------------- Instantiating /home/travis/build/icyphy/ptII/ptolemy/domains/modal/test/auto/CausalityInterface10.xml
10 ms. Memory: 208896K Free: 145948K (70%)
----------------- Invoking toplevel() on ptolemy.moml.MoMLSimpleApplication@366e7dd4
----------------- Done invoking toplevel() on ptolemy.moml.MoMLSimpleApplication@366e7dd4
reloadAllAccessors: .CausalityInterface10

===========================================================================================
----------------- testing Wed Oct 02 05:50:08 UTC 2019 /home/travis/build/icyphy/ptII/ptolemy/domains/modal/test/auto/CausalityInterface11.xml
----------------- Instantiating /home/travis/build/icyphy/ptII/ptolemy/domains/modal/test/auto/CausalityInterface11.xml
6 ms. Memory: 208896K Free: 132636K (63%)
----------------- Invoking toplevel() on ptolemy.moml.MoMLSimpleApplication@7e503b26
----------------- Done invoking toplevel() on ptolemy.moml.MoMLSimpleApplication@7e503b26
reloadAllAccessors: .CausalityInterface11

===========================================================================================
----------------- testing Wed Oct 02 05:50:08 UTC 2019 /home/travis/build/icyphy/ptII/ptolemy/domains/modal/test/auto/CausalityInterface12.xml
----------------- Instantiating /home/travis/build/icyphy/ptII/ptolemy/domains/modal/test/auto/CausalityInterface12.xml
9 ms. Memory: 208896K Free: 119324K (57%)
----------------- Invoking toplevel() on ptolemy.moml.MoMLSimpleApplication@6e156e14
----------------- Done invoking toplevel() on ptolemy.moml.MoMLSimpleApplication@6e156e14
reloadAllAccessors: .CausalityInterface12

===========================================================================================
----------------- testing Wed Oct 02 05:50:08 UTC 2019 /home/travis/build/icyphy/ptII/ptolemy/domains/modal/test/auto/CausalityInterface13.xml
----------------- Instantiating /home/travis/build/icyphy/ptII/ptolemy/domains/modal/test/auto/CausalityInterface13.xml
13 ms. Memory: 208896K Free: 105484K (50%)
----------------- Invoking toplevel() on ptolemy.moml.MoMLSimpleApplication@6ba9cbe2
----------------- Done invoking toplevel() on ptolemy.moml.MoMLSimpleApplication@6ba9cbe2
reloadAllAccessors: .CausalityInterface13

===========================================================================================
----------------- testing Wed Oct 02 05:50:08 UTC 2019 /home/travis/build/icyphy/ptII/ptolemy/domains/modal/test/auto/CausalityInterface14.xml
----------------- Instantiating /home/travis/build/icyphy/ptII/ptolemy/domains/modal/test/auto/CausalityInterface14.xml
13 ms. Memory: 208896K Free: 91676K (44%)
----------------- Invoking toplevel() on ptolemy.moml.MoMLSimpleApplication@3647bb11
----------------- Done invoking toplevel() on ptolemy.moml.MoMLSimpleApplication@3647bb11
reloadAllAccessors: .CausalityInterface14

===========================================================================================
----------------- testing Wed Oct 02 05:50:08 UTC 2019 /home/travis/build/icyphy/ptII/ptolemy/domains/modal/test/auto/CausalityInterface2.xml
----------------- Instantiating /home/travis/build/icyphy/ptII/ptolemy/domains/modal/test/auto/CausalityInterface2.xml
6 ms. Memory: 208896K Free: 85004K (41%)
----------------- Invoking toplevel() on ptolemy.moml.MoMLSimpleApplication@2b5a99e7
----------------- Done invoking toplevel() on ptolemy.moml.MoMLSimpleApplication@2b5a99e7
reloadAllAccessors: .CausalityInterface2

===========================================================================================
----------------- testing Wed Oct 02 05:50:08 UTC 2019 /home/travis/build/icyphy/ptII/ptolemy/domains/modal/test/auto/CausalityInterface3.xml
----------------- Instantiating /home/travis/build/icyphy/ptII/ptolemy/domains/modal/test/auto/CausalityInterface3.xml
4 ms. Memory: 208896K Free: 78860K (38%)
----------------- Invoking toplevel() on ptolemy.moml.MoMLSimpleApplication@39d7261e
----------------- Done invoking toplevel() on ptolemy.moml.MoMLSimpleApplication@39d7261e
reloadAllAccessors: .CausalityInterface3

===========================================================================================
----------------- testing Wed Oct 02 05:50:08 UTC 2019 /home/travis/build/icyphy/ptII/ptolemy/domains/modal/test/auto/CausalityInterface4.xml
----------------- Instantiating /home/travis/build/icyphy/ptII/ptolemy/domains/modal/test/auto/CausalityInterface4.xml
4 ms. Memory: 208896K Free: 72220K (35%)
----------------- Invoking toplevel() on ptolemy.moml.MoMLSimpleApplication@6c4bf59f
----------------- Done invoking toplevel() on ptolemy.moml.MoMLSimpleApplication@6c4bf59f
reloadAllAccessors: .CausalityInterface4

===========================================================================================
----------------- testing Wed Oct 02 05:50:08 UTC 2019 /home/travis/build/icyphy/ptII/ptolemy/domains/modal/test/auto/CausalityInterface5.xml
----------------- Instantiating /home/travis/build/icyphy/ptII/ptolemy/domains/modal/test/auto/CausalityInterface5.xml
4 ms. Memory: 208896K Free: 183300K (88%)
----------------- Invoking toplevel() on ptolemy.moml.MoMLSimpleApplication@2c773ac0
----------------- Done invoking toplevel() on ptolemy.moml.MoMLSimpleApplication@2c773ac0
reloadAllAccessors: .CausalityInterface5

===========================================================================================
----------------- testing Wed Oct 02 05:50:08 UTC 2019 /home/travis/build/icyphy/ptII/ptolemy/domains/modal/test/auto/CausalityInterface6.xml
----------------- Instantiating /home/travis/build/icyphy/ptII/ptolemy/domains/modal/test/auto/CausalityInterface6.xml
4 ms. Memory: 208896K Free: 175108K (84%)
----------------- Invoking toplevel() on ptolemy.moml.MoMLSimpleApplication@32581f94
----------------- Done invoking toplevel() on ptolemy.moml.MoMLSimpleApplication@32581f94
reloadAllAccessors: .CausalityInterface6

===========================================================================================
----------------- testing Wed Oct 02 05:50:08 UTC 2019 /home/travis/build/icyphy/ptII/ptolemy/domains/modal/test/auto/CausalityInterface7.xml
----------------- Instantiating /home/travis/build/icyphy/ptII/ptolemy/domains/modal/test/auto/CausalityInterface7.xml
7 ms. Memory: 208896K Free: 166402K (80%)
----------------- Invoking toplevel() on ptolemy.moml.MoMLSimpleApplication@39689f82
----------------- Done invoking toplevel() on ptolemy.moml.MoMLSimpleApplication@39689f82
reloadAllAccessors: .CausalityInterface7

===========================================================================================
----------------- testing Wed Oct 02 05:50:08 UTC 2019 /home/travis/build/icyphy/ptII/ptolemy/domains/modal/test/auto/CausalityInterface8.xml
----------------- Instantiating /home/travis/build/icyphy/ptII/ptolemy/domains/modal/test/auto/CausalityInterface8.xml
6 ms. Memory: 208896K Free: 157700K (75%)
----------------- Invoking toplevel() on ptolemy.moml.MoMLSimpleApplication@1704e75e
----------------- Done invoking toplevel() on ptolemy.moml.MoMLSimpleApplication@1704e75e
reloadAllAccessors: .CausalityInterface8

===========================================================================================
----------------- testing Wed Oct 02 05:50:08 UTC 2019 /home/travis/build/icyphy/ptII/ptolemy/domains/modal/test/auto/CausalityInterface9.xml
----------------- Instantiating /home/travis/build/icyphy/ptII/ptolemy/domains/modal/test/auto/CausalityInterface9.xml
12 ms. Memory: 208896K Free: 148484K (71%)
----------------- Invoking toplevel() on ptolemy.moml.MoMLSimpleApplication@31817180
----------------- Done invoking toplevel() on ptolemy.moml.MoMLSimpleApplication@31817180
reloadAllAccessors: .CausalityInterface9

===========================================================================================
----------------- testing Wed Oct 02 05:50:08 UTC 2019 /home/travis/build/icyphy/ptII/ptolemy/domains/modal/test/auto/ChainedTransitions.xml
----------------- Instantiating /home/travis/build/icyphy/ptII/ptolemy/domains/modal/test/auto/ChainedTransitions.xml
64 ms. Memory: 208896K Free: 123394K (59%)
----------------- Invoking toplevel() on ptolemy.moml.MoMLSimpleApplication@78c7a45a
----------------- Done invoking toplevel() on ptolemy.moml.MoMLSimpleApplication@78c7a45a
reloadAllAccessors: .ChainedTransitions

===========================================================================================
----------------- testing Wed Oct 02 05:50:08 UTC 2019 /home/travis/build/icyphy/ptII/ptolemy/domains/modal/test/auto/CycleOfImmediateTransitionsFSM.xml
----------------- Instantiating /home/travis/build/icyphy/ptII/ptolemy/domains/modal/test/auto/CycleOfImmediateTransitionsFSM.xml
2 ms. Memory: 208896K Free: 117764K (56%)
----------------- Invoking toplevel() on ptolemy.moml.MoMLSimpleApplication@2196a585
----------------- Done invoking toplevel() on ptolemy.moml.MoMLSimpleApplication@2196a585
reloadAllAccessors: .CycleOfImmediateTransitionsFSM

===========================================================================================
----------------- testing Wed Oct 02 05:50:08 UTC 2019 /home/travis/build/icyphy/ptII/ptolemy/domains/modal/test/auto/CycleOfImmediateTransitionsModal.xml
----------------- Instantiating /home/travis/build/icyphy/ptII/ptolemy/domains/modal/test/auto/CycleOfImmediateTransitionsModal.xml
2 ms. Memory: 208896K Free: 111620K (53%)
----------------- Invoking toplevel() on ptolemy.moml.MoMLSimpleApplication@647633a7
----------------- Done invoking toplevel() on ptolemy.moml.MoMLSimpleApplication@647633a7
reloadAllAccessors: .CycleOfImmediateTransitionsModal

===========================================================================================
----------------- testing Wed Oct 02 05:50:08 UTC 2019 /home/travis/build/icyphy/ptII/ptolemy/domains/modal/test/auto/CycleOfImmediateTransitionsModal2.xml
----------------- Instantiating /home/travis/build/icyphy/ptII/ptolemy/domains/modal/test/auto/CycleOfImmediateTransitionsModal2.xml
2 ms. Memory: 208896K Free: 104962K (50%)
----------------- Invoking toplevel() on ptolemy.moml.MoMLSimpleApplication@6a30ce6a
----------------- Done invoking toplevel() on ptolemy.moml.MoMLSimpleApplication@6a30ce6a
reloadAllAccessors: .CycleOfImmediateTransitionsModal2

===========================================================================================
----------------- testing Wed Oct 02 05:50:08 UTC 2019 /home/travis/build/icyphy/ptII/ptolemy/domains/modal/test/auto/CycleOfImmediateTransitionsModal3.xml
----------------- Instantiating /home/travis/build/icyphy/ptII/ptolemy/domains/modal/test/auto/CycleOfImmediateTransitionsModal3.xml
7 ms. Memory: 208896K Free: 82420K (39%)
----------------- Invoking toplevel() on ptolemy.moml.MoMLSimpleApplication@5cb3adec
----------------- Done invoking toplevel() on ptolemy.moml.MoMLSimpleApplication@5cb3adec
reloadAllAccessors: .CycleOfImmediateTransitionsModal3

===========================================================================================
----------------- testing Wed Oct 02 05:50:08 UTC 2019 /home/travis/build/icyphy/ptII/ptolemy/domains/modal/test/auto/DeepModal1.xml
----------------- Instantiating /home/travis/build/icyphy/ptII/ptolemy/domains/modal/test/auto/DeepModal1.xml
40 ms. Memory: 208896K Free: 188082K (90%)
----------------- Invoking toplevel() on ptolemy.moml.MoMLSimpleApplication@227ef224
----------------- Done invoking toplevel() on ptolemy.moml.MoMLSimpleApplication@227ef224
reloadAllAccessors: .DeepModal1

===========================================================================================
----------------- testing Wed Oct 02 05:50:09 UTC 2019 /home/travis/build/icyphy/ptII/ptolemy/domains/modal/test/auto/DeepModal2.xml
----------------- Instantiating /home/travis/build/icyphy/ptII/ptolemy/domains/modal/test/auto/DeepModal2.xml
38 ms. Memory: 208896K Free: 168929K (81%)
----------------- Invoking toplevel() on ptolemy.moml.MoMLSimpleApplication@7458a463
----------------- Done invoking toplevel() on ptolemy.moml.MoMLSimpleApplication@7458a463
reloadAllAccessors: .DeepModal2

===========================================================================================
----------------- testing Wed Oct 02 05:50:09 UTC 2019 /home/travis/build/icyphy/ptII/ptolemy/domains/modal/test/auto/DeepModal3.xml
----------------- Instantiating /home/travis/build/icyphy/ptII/ptolemy/domains/modal/test/auto/DeepModal3.xml
38 ms. Memory: 208896K Free: 149473K (72%)
----------------- Invoking toplevel() on ptolemy.moml.MoMLSimpleApplication@245b95c1
----------------- Done invoking toplevel() on ptolemy.moml.MoMLSimpleApplication@245b95c1
reloadAllAccessors: .DeepModal3

===========================================================================================
----------------- testing Wed Oct 02 05:50:09 UTC 2019 /home/travis/build/icyphy/ptII/ptolemy/domains/modal/test/auto/DeepModal4.xml
----------------- Instantiating /home/travis/build/icyphy/ptII/ptolemy/domains/modal/test/auto/DeepModal4.xml
33 ms. Memory: 208896K Free: 130002K (62%)
----------------- Invoking toplevel() on ptolemy.moml.MoMLSimpleApplication@72cd3904
----------------- Done invoking toplevel() on ptolemy.moml.MoMLSimpleApplication@72cd3904
reloadAllAccessors: .DeepModal4

===========================================================================================
----------------- testing Wed Oct 02 05:50:09 UTC 2019 /home/travis/build/icyphy/ptII/ptolemy/domains/modal/test/auto/Default1.xml
----------------- Instantiating /home/travis/build/icyphy/ptII/ptolemy/domains/modal/test/auto/Default1.xml
3 ms. Memory: 208896K Free: 123873K (59%)
----------------- Invoking toplevel() on ptolemy.moml.MoMLSimpleApplication@1fcc1e4e
----------------- Done invoking toplevel() on ptolemy.moml.MoMLSimpleApplication@1fcc1e4e
reloadAllAccessors: .Default1

===========================================================================================
----------------- testing Wed Oct 02 05:50:09 UTC 2019 /home/travis/build/icyphy/ptII/ptolemy/domains/modal/test/auto/Default2.xml
----------------- Instantiating /home/travis/build/icyphy/ptII/ptolemy/domains/modal/test/auto/Default2.xml
10 ms. Memory: 208896K Free: 118243K (57%)
----------------- Invoking toplevel() on ptolemy.moml.MoMLSimpleApplication@4a39c139
----------------- Done invoking toplevel() on ptolemy.moml.MoMLSimpleApplication@4a39c139
reloadAllAccessors: .Default2

===========================================================================================
----------------- testing Wed Oct 02 05:50:09 UTC 2019 /home/travis/build/icyphy/ptII/ptolemy/domains/modal/test/auto/Default3.xml
----------------- Instantiating /home/travis/build/icyphy/ptII/ptolemy/domains/modal/test/auto/Default3.xml
6 ms. Memory: 208896K Free: 111585K (53%)
----------------- Invoking toplevel() on ptolemy.moml.MoMLSimpleApplication@4722de02
----------------- Done invoking toplevel() on ptolemy.moml.MoMLSimpleApplication@4722de02
reloadAllAccessors: .Default3

===========================================================================================
----------------- testing Wed Oct 02 05:50:09 UTC 2019 /home/travis/build/icyphy/ptII/ptolemy/domains/modal/test/auto/Default4.xml
----------------- Instantiating /home/travis/build/icyphy/ptII/ptolemy/domains/modal/test/auto/Default4.xml
3 ms. Memory: 208896K Free: 105441K (50%)
----------------- Invoking toplevel() on ptolemy.moml.MoMLSimpleApplication@2b94f8cb
----------------- Done invoking toplevel() on ptolemy.moml.MoMLSimpleApplication@2b94f8cb
reloadAllAccessors: .Default4

===========================================================================================
----------------- testing Wed Oct 02 05:50:09 UTC 2019 /home/travis/build/icyphy/ptII/ptolemy/domains/modal/test/auto/Default5.xml
----------------- Instantiating /home/travis/build/icyphy/ptII/ptolemy/domains/modal/test/auto/Default5.xml
7 ms. Memory: 208896K Free: 97249K (47%)
----------------- Invoking toplevel() on ptolemy.moml.MoMLSimpleApplication@3fe0b60e
----------------- Done invoking toplevel() on ptolemy.moml.MoMLSimpleApplication@3fe0b60e
reloadAllAccessors: .Default5

===========================================================================================
----------------- testing Wed Oct 02 05:50:09 UTC 2019 /home/travis/build/icyphy/ptII/ptolemy/domains/modal/test/auto/EmptyGuard.xml
----------------- Instantiating /home/travis/build/icyphy/ptII/ptolemy/domains/modal/test/auto/EmptyGuard.xml
16 ms. Memory: 208896K Free: 89050K (43%)
----------------- Invoking toplevel() on ptolemy.moml.MoMLSimpleApplication@7aa96454
----------------- Done invoking toplevel() on ptolemy.moml.MoMLSimpleApplication@7aa96454
reloadAllAccessors: .EmptyGuard

===========================================================================================
----------------- testing Wed Oct 02 05:50:09 UTC 2019 /home/travis/build/icyphy/ptII/ptolemy/domains/modal/test/auto/ErrorTransition1.xml
----------------- Instantiating /home/travis/build/icyphy/ptII/ptolemy/domains/modal/test/auto/ErrorTransition1.xml
7 ms. Memory: 208896K Free: 79841K (38%)
----------------- Invoking toplevel() on ptolemy.moml.MoMLSimpleApplication@bea110b
----------------- Done invoking toplevel() on ptolemy.moml.MoMLSimpleApplication@bea110b
reloadAllAccessors: .ErrorTransition1

===========================================================================================
----------------- testing Wed Oct 02 05:50:09 UTC 2019 /home/travis/build/icyphy/ptII/ptolemy/domains/modal/test/auto/ErrorTransition10.xml
----------------- Instantiating /home/travis/build/icyphy/ptII/ptolemy/domains/modal/test/auto/ErrorTransition10.xml
16 ms. Memory: 262144K Free: 238589K (91%)
----------------- Invoking toplevel() on ptolemy.moml.MoMLSimpleApplication@2edfe253
----------------- Done invoking toplevel() on ptolemy.moml.MoMLSimpleApplication@2edfe253
reloadAllAccessors: .ErrorTransition10

===========================================================================================
----------------- testing Wed Oct 02 05:50:09 UTC 2019 /home/travis/build/icyphy/ptII/ptolemy/domains/modal/test/auto/ErrorTransition11.xml
----------------- Instantiating /home/travis/build/icyphy/ptII/ptolemy/domains/modal/test/auto/ErrorTransition11.xml
4 ms. Memory: 262144K Free: 227325K (87%)
----------------- Invoking toplevel() on ptolemy.moml.MoMLSimpleApplication@60c4affe
----------------- Done invoking toplevel() on ptolemy.moml.MoMLSimpleApplication@60c4affe
reloadAllAccessors: .ErrorTransition11

===========================================================================================
----------------- testing Wed Oct 02 05:50:09 UTC 2019 /home/travis/build/icyphy/ptII/ptolemy/domains/modal/test/auto/ErrorTransition2.xml
----------------- Instantiating /home/travis/build/icyphy/ptII/ptolemy/domains/modal/test/auto/ErrorTransition2.xml
10 ms. Memory: 262144K Free: 218619K (83%)
----------------- Invoking toplevel() on ptolemy.moml.MoMLSimpleApplication@9214528
----------------- Done invoking toplevel() on ptolemy.moml.MoMLSimpleApplication@9214528
reloadAllAccessors: .ErrorTransition2

===========================================================================================
----------------- testing Wed Oct 02 05:50:09 UTC 2019 /home/travis/build/icyphy/ptII/ptolemy/domains/modal/test/auto/ErrorTransition3.xml
----------------- Instantiating /home/travis/build/icyphy/ptII/ptolemy/domains/modal/test/auto/ErrorTransition3.xml
24 ms. Memory: 262144K Free: 208893K (80%)
----------------- Invoking toplevel() on ptolemy.moml.MoMLSimpleApplication@a62e9b3
----------------- Done invoking toplevel() on ptolemy.moml.MoMLSimpleApplication@a62e9b3
reloadAllAccessors: .ErrorTransition3

===========================================================================================
----------------- testing Wed Oct 02 05:50:09 UTC 2019 /home/travis/build/icyphy/ptII/ptolemy/domains/modal/test/auto/ErrorTransition4.xml
----------------- Instantiating /home/travis/build/icyphy/ptII/ptolemy/domains/modal/test/auto/ErrorTransition4.xml
11 ms. Memory: 262144K Free: 197629K (75%)
----------------- Invoking toplevel() on ptolemy.moml.MoMLSimpleApplication@47ae1f9e
----------------- Done invoking toplevel() on ptolemy.moml.MoMLSimpleApplication@47ae1f9e
reloadAllAccessors: .ErrorTransition4

===========================================================================================
----------------- testing Wed Oct 02 05:50:09 UTC 2019 /home/travis/build/icyphy/ptII/ptolemy/domains/modal/test/auto/ErrorTransition5.xml
----------------- Instantiating /home/travis/build/icyphy/ptII/ptolemy/domains/modal/test/auto/ErrorTransition5.xml
6 ms. Memory: 262144K Free: 187389K (71%)
----------------- Invoking toplevel() on ptolemy.moml.MoMLSimpleApplication@2c903e2
----------------- Done invoking toplevel() on ptolemy.moml.MoMLSimpleApplication@2c903e2
reloadAllAccessors: .ErrorTransition5

===========================================================================================
----------------- testing Wed Oct 02 05:50:09 UTC 2019 /home/travis/build/icyphy/ptII/ptolemy/domains/modal/test/auto/ErrorTransition6.xml
----------------- Instantiating /home/travis/build/icyphy/ptII/ptolemy/domains/modal/test/auto/ErrorTransition6.xml
14 ms. Memory: 262144K Free: 176635K (67%)
----------------- Invoking toplevel() on ptolemy.moml.MoMLSimpleApplication@5edafe2a
----------------- Done invoking toplevel() on ptolemy.moml.MoMLSimpleApplication@5edafe2a
reloadAllAccessors: .ErrorTransition6

===========================================================================================
----------------- testing Wed Oct 02 05:50:09 UTC 2019 /home/travis/build/icyphy/ptII/ptolemy/domains/modal/test/auto/ErrorTransition7.xml
----------------- Instantiating /home/travis/build/icyphy/ptII/ptolemy/domains/modal/test/auto/ErrorTransition7.xml
24 ms. Memory: 262144K Free: 163837K (62%)
----------------- Invoking toplevel() on ptolemy.moml.MoMLSimpleApplication@5b4d73bf
----------------- Done invoking toplevel() on ptolemy.moml.MoMLSimpleApplication@5b4d73bf
reloadAllAccessors: .ErrorTransition7

===========================================================================================
----------------- testing Wed Oct 02 05:50:09 UTC 2019 /home/travis/build/icyphy/ptII/ptolemy/domains/modal/test/auto/ErrorTransition8.xml
----------------- Instantiating /home/travis/build/icyphy/ptII/ptolemy/domains/modal/test/auto/ErrorTransition8.xml
14 ms. Memory: 262144K Free: 150525K (57%)
----------------- Invoking toplevel() on ptolemy.moml.MoMLSimpleApplication@2b970f27
----------------- Done invoking toplevel() on ptolemy.moml.MoMLSimpleApplication@2b970f27
reloadAllAccessors: .ErrorTransition8

===========================================================================================
----------------- testing Wed Oct 02 05:50:09 UTC 2019 /home/travis/build/icyphy/ptII/ptolemy/domains/modal/test/auto/ErrorTransition9.xml
----------------- Instantiating /home/travis/build/icyphy/ptII/ptolemy/domains/modal/test/auto/ErrorTransition9.xml
20 ms. Memory: 262144K Free: 136684K (52%)
----------------- Invoking toplevel() on ptolemy.moml.MoMLSimpleApplication@681be607
----------------- Done invoking toplevel() on ptolemy.moml.MoMLSimpleApplication@681be607
reloadAllAccessors: .ErrorTransition9

===========================================================================================
----------------- testing Wed Oct 02 05:50:10 UTC 2019 /home/travis/build/icyphy/ptII/ptolemy/domains/modal/test/auto/ExtendedFSM.xml
----------------- Instantiating /home/travis/build/icyphy/ptII/ptolemy/domains/modal/test/auto/ExtendedFSM.xml
8 ms. Memory: 262144K Free: 127997K (49%)
----------------- Invoking toplevel() on ptolemy.moml.MoMLSimpleApplication@71591c5d
----------------- Done invoking toplevel() on ptolemy.moml.MoMLSimpleApplication@71591c5d
reloadAllAccessors: .ExtendedFSM

===========================================================================================
----------------- testing Wed Oct 02 05:50:10 UTC 2019 /home/travis/build/icyphy/ptII/ptolemy/domains/modal/test/auto/FinalStates.xml
----------------- Instantiating /home/travis/build/icyphy/ptII/ptolemy/domains/modal/test/auto/FinalStates.xml
8 ms. Memory: 262144K Free: 119805K (46%)
----------------- Invoking toplevel() on ptolemy.moml.MoMLSimpleApplication@1dd5d4b
----------------- Done invoking toplevel() on ptolemy.moml.MoMLSimpleApplication@1dd5d4b
reloadAllAccessors: .FinalStates

===========================================================================================
----------------- testing Wed Oct 02 05:50:10 UTC 2019 /home/travis/build/icyphy/ptII/ptolemy/domains/modal/test/auto/FixedPointFSM.xml
----------------- Instantiating /home/travis/build/icyphy/ptII/ptolemy/domains/modal/test/auto/FixedPointFSM.xml
21 ms. Memory: 262144K Free: 104940K (40%)
----------------- Invoking toplevel() on ptolemy.moml.MoMLSimpleApplication@56508d98
----------------- Done invoking toplevel() on ptolemy.moml.MoMLSimpleApplication@56508d98
reloadAllAccessors: .FixedPointFSM

===========================================================================================
----------------- testing Wed Oct 02 05:50:10 UTC 2019 /home/travis/build/icyphy/ptII/ptolemy/domains/modal/test/auto/FixedPointIterationFSMActor.xml
----------------- Instantiating /home/travis/build/icyphy/ptII/ptolemy/domains/modal/test/auto/FixedPointIterationFSMActor.xml
9 ms. Memory: 262144K Free: 240111K (92%)
----------------- Invoking toplevel() on ptolemy.moml.MoMLSimpleApplication@32be848a
----------------- Done invoking toplevel() on ptolemy.moml.MoMLSimpleApplication@32be848a
reloadAllAccessors: .FixedPointIterationFSMActor

===========================================================================================
----------------- testing Wed Oct 02 05:50:10 UTC 2019 /home/travis/build/icyphy/ptII/ptolemy/domains/modal/test/auto/FixedPointIterationFSMActor2.xml
----------------- Instantiating /home/travis/build/icyphy/ptII/ptolemy/domains/modal/test/auto/FixedPointIterationFSMActor2.xml
13 ms. Memory: 262144K Free: 227313K (87%)
----------------- Invoking toplevel() on ptolemy.moml.MoMLSimpleApplication@21b87d6a
----------------- Done invoking toplevel() on ptolemy.moml.MoMLSimpleApplication@21b87d6a
reloadAllAccessors: .FixedPointIterationFSMActor2

===========================================================================================
----------------- testing Wed Oct 02 05:50:10 UTC 2019 /home/travis/build/icyphy/ptII/ptolemy/domains/modal/test/auto/ForbiddenInstantanousLoop.xml
----------------- Instantiating /home/travis/build/icyphy/ptII/ptolemy/domains/modal/test/auto/ForbiddenInstantanousLoop.xml
10 ms. Memory: 262144K Free: 215025K (82%)
----------------- Invoking toplevel() on ptolemy.moml.MoMLSimpleApplication@33708bd8
----------------- Done invoking toplevel() on ptolemy.moml.MoMLSimpleApplication@33708bd8
reloadAllAccessors: .ForbiddenInstantanousLoop

===========================================================================================
----------------- testing Wed Oct 02 05:50:10 UTC 2019 /home/travis/build/icyphy/ptII/ptolemy/domains/modal/test/auto/FunctionDependencyOfFSMActorTest.xml
----------------- Instantiating /home/travis/build/icyphy/ptII/ptolemy/domains/modal/test/auto/FunctionDependencyOfFSMActorTest.xml
11 ms. Memory: 262144K Free: 207857K (79%)
----------------- Invoking toplevel() on ptolemy.moml.MoMLSimpleApplication@7680b634
----------------- Done invoking toplevel() on ptolemy.moml.MoMLSimpleApplication@7680b634
reloadAllAccessors: .FunctionDependencyOfFSMActorTest

===========================================================================================
----------------- testing Wed Oct 02 05:50:10 UTC 2019 /home/travis/build/icyphy/ptII/ptolemy/domains/modal/test/auto/GuardExpression.xml
----------------- Instantiating /home/travis/build/icyphy/ptII/ptolemy/domains/modal/test/auto/GuardExpression.xml
2 ms. Memory: 262144K Free: 202737K (77%)
----------------- Invoking toplevel() on ptolemy.moml.MoMLSimpleApplication@3d2dba84
----------------- Done invoking toplevel() on ptolemy.moml.MoMLSimpleApplication@3d2dba84
reloadAllAccessors: .GuardExpression

===========================================================================================
----------------- testing Wed Oct 02 05:50:10 UTC 2019 /home/travis/build/icyphy/ptII/ptolemy/domains/modal/test/auto/GuardNotEvaluated.xml
----------------- Instantiating /home/travis/build/icyphy/ptII/ptolemy/domains/modal/test/auto/GuardNotEvaluated.xml
7 ms. Memory: 262144K Free: 194017K (74%)
----------------- Invoking toplevel() on ptolemy.moml.MoMLSimpleApplication@720cc281
----------------- Done invoking toplevel() on ptolemy.moml.MoMLSimpleApplication@720cc281
reloadAllAccessors: .GuardNotEvaluated

===========================================================================================
----------------- testing Wed Oct 02 05:50:10 UTC 2019 /home/travis/build/icyphy/ptII/ptolemy/domains/modal/test/auto/GuardNotEvaluated2.xml
----------------- Instantiating /home/travis/build/icyphy/ptII/ptolemy/domains/modal/test/auto/GuardNotEvaluated2.xml
10 ms. Memory: 262144K Free: 184305K (70%)
----------------- Invoking toplevel() on ptolemy.moml.MoMLSimpleApplication@617c822a
----------------- Done invoking toplevel() on ptolemy.moml.MoMLSimpleApplication@617c822a
reloadAllAccessors: .GuardNotEvaluated2

===========================================================================================
----------------- testing Wed Oct 02 05:50:10 UTC 2019 /home/travis/build/icyphy/ptII/ptolemy/domains/modal/test/auto/GuardOnAbsent.xml
----------------- Instantiating /home/travis/build/icyphy/ptII/ptolemy/domains/modal/test/auto/GuardOnAbsent.xml
9 ms. Memory: 262144K Free: 176593K (67%)
----------------- Invoking toplevel() on ptolemy.moml.MoMLSimpleApplication@a56ee89
----------------- Done invoking toplevel() on ptolemy.moml.MoMLSimpleApplication@a56ee89
reloadAllAccessors: .GuardOnAbsent

===========================================================================================
----------------- testing Wed Oct 02 05:50:10 UTC 2019 /home/travis/build/icyphy/ptII/ptolemy/domains/modal/test/auto/HierarchicalFSMTypeInference.xml
----------------- Instantiating /home/travis/build/icyphy/ptII/ptolemy/domains/modal/test/auto/HierarchicalFSMTypeInference.xml
5 ms. Memory: 262144K Free: 165873K (63%)
----------------- Invoking toplevel() on ptolemy.moml.MoMLSimpleApplication@76832ae0
----------------- Done invoking toplevel() on ptolemy.moml.MoMLSimpleApplication@76832ae0
reloadAllAccessors: .HierarchicalFSMTypeInference

===========================================================================================
----------------- testing Wed Oct 02 05:50:10 UTC 2019 /home/travis/build/icyphy/ptII/ptolemy/domains/modal/test/auto/Hysteresis.xml
----------------- Instantiating /home/travis/build/icyphy/ptII/ptolemy/domains/modal/test/auto/Hysteresis.xml
13 ms. Memory: 262144K Free: 152033K (58%)
----------------- Invoking toplevel() on ptolemy.moml.MoMLSimpleApplication@6a63d9a3
----------------- Done invoking toplevel() on ptolemy.moml.MoMLSimpleApplication@6a63d9a3
reloadAllAccessors: .Hysteresis

===========================================================================================
----------------- testing Wed Oct 02 05:50:10 UTC 2019 /home/travis/build/icyphy/ptII/ptolemy/domains/modal/test/auto/HysteresisWithDefault.xml
----------------- Instantiating /home/travis/build/icyphy/ptII/ptolemy/domains/modal/test/auto/HysteresisWithDefault.xml
41 ms. Memory: 262144K Free: 129009K (49%)
----------------- Invoking toplevel() on ptolemy.moml.MoMLSimpleApplication@2f4f263e
----------------- Done invoking toplevel() on ptolemy.moml.MoMLSimpleApplication@2f4f263e
reloadAllAccessors: .HysteresisWithDefault

===========================================================================================
----------------- testing Wed Oct 02 05:50:10 UTC 2019 /home/travis/build/icyphy/ptII/ptolemy/domains/modal/test/auto/HysteresisWithDefault2.xml
----------------- Instantiating /home/travis/build/icyphy/ptII/ptolemy/domains/modal/test/auto/HysteresisWithDefault2.xml
44 ms. Memory: 262144K Free: 99313K (38%)
----------------- Invoking toplevel() on ptolemy.moml.MoMLSimpleApplication@5d397c63
----------------- Done invoking toplevel() on ptolemy.moml.MoMLSimpleApplication@5d397c63
reloadAllAccessors: .HysteresisWithDefault2

===========================================================================================
----------------- testing Wed Oct 02 05:50:10 UTC 2019 /home/travis/build/icyphy/ptII/ptolemy/domains/modal/test/auto/ImmediateNonConstructiveness.xml
----------------- Instantiating /home/travis/build/icyphy/ptII/ptolemy/domains/modal/test/auto/ImmediateNonConstructiveness.xml
24 ms. Memory: 262144K Free: 242878K (93%)
----------------- Invoking toplevel() on ptolemy.moml.MoMLSimpleApplication@11b90800
----------------- Done invoking toplevel() on ptolemy.moml.MoMLSimpleApplication@11b90800
reloadAllAccessors: .ImmediateNonConstructiveness

===========================================================================================
----------------- testing Wed Oct 02 05:50:10 UTC 2019 /home/travis/build/icyphy/ptII/ptolemy/domains/modal/test/auto/ImmediateNonConstructiveness2.xml
----------------- Instantiating /home/travis/build/icyphy/ptII/ptolemy/domains/modal/test/auto/ImmediateNonConstructiveness2.xml
2 ms. Memory: 262144K Free: 236003K (90%)
----------------- Invoking toplevel() on ptolemy.moml.MoMLSimpleApplication@5c11660
----------------- Done invoking toplevel() on ptolemy.moml.MoMLSimpleApplication@5c11660
reloadAllAccessors: .ImmediateNonConstructiveness2

===========================================================================================
----------------- testing Wed Oct 02 05:50:10 UTC 2019 /home/travis/build/icyphy/ptII/ptolemy/domains/modal/test/auto/ImmediateTransitionReset.xml
----------------- Instantiating /home/travis/build/icyphy/ptII/ptolemy/domains/modal/test/auto/ImmediateTransitionReset.xml
6 ms. Memory: 262144K Free: 224225K (86%)
----------------- Invoking toplevel() on ptolemy.moml.MoMLSimpleApplication@3ac3d72b
----------------- Done invoking toplevel() on ptolemy.moml.MoMLSimpleApplication@3ac3d72b
reloadAllAccessors: .ImmediateTransitionReset

===========================================================================================
----------------- testing Wed Oct 02 05:50:10 UTC 2019 /home/travis/build/icyphy/ptII/ptolemy/domains/modal/test/auto/ImmediateTransitions1.xml
----------------- Instantiating /home/travis/build/icyphy/ptII/ptolemy/domains/modal/test/auto/ImmediateTransitions1.xml
2 ms. Memory: 262144K Free: 219105K (84%)
----------------- Invoking toplevel() on ptolemy.moml.MoMLSimpleApplication@3670114d
----------------- Done invoking toplevel() on ptolemy.moml.MoMLSimpleApplication@3670114d
reloadAllAccessors: .ImmediateTransitions1

===========================================================================================
----------------- testing Wed Oct 02 05:50:10 UTC 2019 /home/travis/build/icyphy/ptII/ptolemy/domains/modal/test/auto/ImmediateTransitionsInstantaneousCommunication.xml
----------------- Instantiating /home/travis/build/icyphy/ptII/ptolemy/domains/modal/test/auto/ImmediateTransitionsInstantaneousCommunication.xml
4 ms. Memory: 262144K Free: 206802K (79%)
----------------- Invoking toplevel() on ptolemy.moml.MoMLSimpleApplication@ee2f598
----------------- Done invoking toplevel() on ptolemy.moml.MoMLSimpleApplication@ee2f598
reloadAllAccessors: .ImmediateTransitionsInstantaneousCommunication

===========================================================================================
----------------- testing Wed Oct 02 05:50:10 UTC 2019 /home/travis/build/icyphy/ptII/ptolemy/domains/modal/test/auto/InitialImmediateTransition.xml
----------------- Instantiating /home/travis/build/icyphy/ptII/ptolemy/domains/modal/test/auto/InitialImmediateTransition.xml
5 ms. Memory: 262144K Free: 199642K (76%)
----------------- Invoking toplevel() on ptolemy.moml.MoMLSimpleApplication@3cd04e6a
----------------- Done invoking toplevel() on ptolemy.moml.MoMLSimpleApplication@3cd04e6a
reloadAllAccessors: .InitialImmediateTransition

===========================================================================================
----------------- testing Wed Oct 02 05:50:10 UTC 2019 /home/travis/build/icyphy/ptII/ptolemy/domains/modal/test/auto/InitialOutputs.xml
----------------- Instantiating /home/travis/build/icyphy/ptII/ptolemy/domains/modal/test/auto/InitialOutputs.xml
4 ms. Memory: 262144K Free: 193498K (74%)
----------------- Invoking toplevel() on ptolemy.moml.MoMLSimpleApplication@28d060fe
----------------- Done invoking toplevel() on ptolemy.moml.MoMLSimpleApplication@28d060fe
reloadAllAccessors: .InitialOutputs

===========================================================================================
----------------- testing Wed Oct 02 05:50:10 UTC 2019 /home/travis/build/icyphy/ptII/ptolemy/domains/modal/test/auto/InitialStateTransition1.xml
----------------- Instantiating /home/travis/build/icyphy/ptII/ptolemy/domains/modal/test/auto/InitialStateTransition1.xml
2 ms. Memory: 262144K Free: 186337K (71%)
----------------- Invoking toplevel() on ptolemy.moml.MoMLSimpleApplication@d471768
----------------- Done invoking toplevel() on ptolemy.moml.MoMLSimpleApplication@d471768
reloadAllAccessors: .InitialStateTransition1

===========================================================================================
----------------- testing Wed Oct 02 05:50:10 UTC 2019 /home/travis/build/icyphy/ptII/ptolemy/domains/modal/test/auto/InitialStateTransition2.xml
----------------- Instantiating /home/travis/build/icyphy/ptII/ptolemy/domains/modal/test/auto/InitialStateTransition2.xml
.InitialStateTransition2.TestExceptionAttributeNonConstructive: initialize() was not invoked, but wrapup() was.  This is unusual, but not always a problem.  For example, exporting JNLP will do this.
4 ms. Memory: 262144K Free: 179165K (68%)
----------------- Invoking toplevel() on ptolemy.moml.MoMLSimpleApplication@526827f9
----------------- Done invoking toplevel() on ptolemy.moml.MoMLSimpleApplication@526827f9
reloadAllAccessors: .InitialStateTransition2

===========================================================================================
----------------- testing Wed Oct 02 05:50:10 UTC 2019 /home/travis/build/icyphy/ptII/ptolemy/domains/modal/test/auto/InitialStateTransition3.xml
----------------- Instantiating /home/travis/build/icyphy/ptII/ptolemy/domains/modal/test/auto/InitialStateTransition3.xml
6 ms. Memory: 262144K Free: 170977K (65%)
----------------- Invoking toplevel() on ptolemy.moml.MoMLSimpleApplication@696c2de5
----------------- Done invoking toplevel() on ptolemy.moml.MoMLSimpleApplication@696c2de5
reloadAllAccessors: .InitialStateTransition3

===========================================================================================
----------------- testing Wed Oct 02 05:50:10 UTC 2019 /home/travis/build/icyphy/ptII/ptolemy/domains/modal/test/auto/InitialStateTransition4.xml
----------------- Instantiating /home/travis/build/icyphy/ptII/ptolemy/domains/modal/test/auto/InitialStateTransition4.xml
4 ms. Memory: 262144K Free: 161251K (62%)
----------------- Invoking toplevel() on ptolemy.moml.MoMLSimpleApplication@15cbce0d
----------------- Done invoking toplevel() on ptolemy.moml.MoMLSimpleApplication@15cbce0d
[...]
reloadAllAccessors: .TerminationTransition3

===========================================================================================
----------------- testing Wed Oct 02 05:50:12 UTC 2019 /home/travis/build/icyphy/ptII/ptolemy/domains/modal/test/auto/TerminationTransition4.xml
----------------- Instantiating /home/travis/build/icyphy/ptII/ptolemy/domains/modal/test/auto/TerminationTransition4.xml
6 ms. Memory: 326656K Free: 133650K (41%)
----------------- Invoking toplevel() on ptolemy.moml.MoMLSimpleApplication@4cc6b623
----------------- Done invoking toplevel() on ptolemy.moml.MoMLSimpleApplication@4cc6b623
reloadAllAccessors: .TerminationTransition4

===========================================================================================
----------------- testing Wed Oct 02 05:50:12 UTC 2019 /home/travis/build/icyphy/ptII/ptolemy/domains/modal/test/auto/TerminationTransition5.xml
----------------- Instantiating /home/travis/build/icyphy/ptII/ptolemy/domains/modal/test/auto/TerminationTransition5.xml
3 ms. Memory: 326656K Free: 119828K (37%)
----------------- Invoking toplevel() on ptolemy.moml.MoMLSimpleApplication@30b3ca07
----------------- Done invoking toplevel() on ptolemy.moml.MoMLSimpleApplication@30b3ca07
reloadAllAccessors: .TerminationTransition5

===========================================================================================
----------------- testing Wed Oct 02 05:50:12 UTC 2019 /home/travis/build/icyphy/ptII/ptolemy/domains/modal/test/auto/TerminationTransition6.xml
----------------- Instantiating /home/travis/build/icyphy/ptII/ptolemy/domains/modal/test/auto/TerminationTransition6.xml
2 ms. Memory: 326656K Free: 301316K (92%)
----------------- Invoking toplevel() on ptolemy.moml.MoMLSimpleApplication@353b3398
----------------- Done invoking toplevel() on ptolemy.moml.MoMLSimpleApplication@353b3398
reloadAllAccessors: .TerminationTransition6

===========================================================================================
----------------- testing Wed Oct 02 05:50:13 UTC 2019 /home/travis/build/icyphy/ptII/ptolemy/domains/modal/test/auto/TerminationTransition7.xml
----------------- Instantiating /home/travis/build/icyphy/ptII/ptolemy/domains/modal/test/auto/TerminationTransition7.xml
3 ms. Memory: 326656K Free: 291586K (89%)
----------------- Invoking toplevel() on ptolemy.moml.MoMLSimpleApplication@49975be3
----------------- Done invoking toplevel() on ptolemy.moml.MoMLSimpleApplication@49975be3
reloadAllAccessors: .TerminationTransition7

===========================================================================================
----------------- testing Wed Oct 02 05:50:13 UTC 2019 /home/travis/build/icyphy/ptII/ptolemy/domains/modal/test/auto/TerminationTransition8.xml
----------------- Instantiating /home/travis/build/icyphy/ptII/ptolemy/domains/modal/test/auto/TerminationTransition8.xml
2 ms. Memory: 326656K Free: 282370K (86%)
----------------- Invoking toplevel() on ptolemy.moml.MoMLSimpleApplication@3feae40a
----------------- Done invoking toplevel() on ptolemy.moml.MoMLSimpleApplication@3feae40a
reloadAllAccessors: .TerminationTransition8

===========================================================================================
----------------- testing Wed Oct 02 05:50:13 UTC 2019 /home/travis/build/icyphy/ptII/ptolemy/domains/modal/test/auto/Thermostat_NoHysteresis.xml
----------------- Instantiating /home/travis/build/icyphy/ptII/ptolemy/domains/modal/test/auto/Thermostat_NoHysteresis.xml
23 ms. Memory: 326656K Free: 257787K (79%)
----------------- Invoking toplevel() on ptolemy.moml.MoMLSimpleApplication@412b2371
----------------- Done invoking toplevel() on ptolemy.moml.MoMLSimpleApplication@412b2371
reloadAllAccessors: .Thermostat_NoHysteresis

===========================================================================================
----------------- testing Wed Oct 02 05:50:13 UTC 2019 /home/travis/build/icyphy/ptII/ptolemy/domains/modal/test/auto/TimedFSM.xml
----------------- Instantiating /home/travis/build/icyphy/ptII/ptolemy/domains/modal/test/auto/TimedFSM.xml
9 ms. Memory: 326656K Free: 246020K (75%)
----------------- Invoking toplevel() on ptolemy.moml.MoMLSimpleApplication@9e60c28
----------------- Done invoking toplevel() on ptolemy.moml.MoMLSimpleApplication@9e60c28
reloadAllAccessors: .TimedFSM

===========================================================================================
----------------- testing Wed Oct 02 05:50:13 UTC 2019 /home/travis/build/icyphy/ptII/ptolemy/domains/modal/test/auto/Timeout1.xml
----------------- Instantiating /home/travis/build/icyphy/ptII/ptolemy/domains/modal/test/auto/Timeout1.xml
3 ms. Memory: 326656K Free: 240371K (74%)
----------------- Invoking toplevel() on ptolemy.moml.MoMLSimpleApplication@6fcebacf
----------------- Done invoking toplevel() on ptolemy.moml.MoMLSimpleApplication@6fcebacf
reloadAllAccessors: .Timeout1

===========================================================================================
----------------- testing Wed Oct 02 05:50:13 UTC 2019 /home/travis/build/icyphy/ptII/ptolemy/domains/modal/test/auto/Timeout2.xml
----------------- Instantiating /home/travis/build/icyphy/ptII/ptolemy/domains/modal/test/auto/Timeout2.xml
8 ms. Memory: 326656K Free: 231684K (71%)
----------------- Invoking toplevel() on ptolemy.moml.MoMLSimpleApplication@c73a374
----------------- Done invoking toplevel() on ptolemy.moml.MoMLSimpleApplication@c73a374
reloadAllAccessors: .Timeout2

===========================================================================================
----------------- testing Wed Oct 02 05:50:13 UTC 2019 /home/travis/build/icyphy/ptII/ptolemy/domains/modal/test/auto/Timeout3.xml
----------------- Instantiating /home/travis/build/icyphy/ptII/ptolemy/domains/modal/test/auto/Timeout3.xml
2 ms. Memory: 326656K Free: 226564K (69%)
----------------- Invoking toplevel() on ptolemy.moml.MoMLSimpleApplication@22346d1e
----------------- Done invoking toplevel() on ptolemy.moml.MoMLSimpleApplication@22346d1e
reloadAllAccessors: .Timeout3

===========================================================================================
----------------- testing Wed Oct 02 05:50:13 UTC 2019 /home/travis/build/icyphy/ptII/ptolemy/domains/modal/test/auto/Timeout4.xml
----------------- Instantiating /home/travis/build/icyphy/ptII/ptolemy/domains/modal/test/auto/Timeout4.xml
2 ms. Memory: 326656K Free: 221444K (68%)
----------------- Invoking toplevel() on ptolemy.moml.MoMLSimpleApplication@1602ee54
----------------- Done invoking toplevel() on ptolemy.moml.MoMLSimpleApplication@1602ee54
reloadAllAccessors: .Timeout4

===========================================================================================
----------------- testing Wed Oct 02 05:50:13 UTC 2019 /home/travis/build/icyphy/ptII/ptolemy/domains/modal/test/auto/TransientstateModelAdvanced.xml
----------------- Instantiating /home/travis/build/icyphy/ptII/ptolemy/domains/modal/test/auto/TransientstateModelAdvanced.xml
3 ms. Memory: 326656K Free: 209156K (64%)
----------------- Invoking toplevel() on ptolemy.moml.MoMLSimpleApplication@1ef40752
----------------- Done invoking toplevel() on ptolemy.moml.MoMLSimpleApplication@1ef40752
reloadAllAccessors: .TransientstateModelAdvanced

===========================================================================================
----------------- testing Wed Oct 02 05:50:13 UTC 2019 /home/travis/build/icyphy/ptII/ptolemy/domains/modal/test/auto/TransientstateModelAdvanced2.xml
----------------- Instantiating /home/travis/build/icyphy/ptII/ptolemy/domains/modal/test/auto/TransientstateModelAdvanced2.xml
2 ms. Memory: 326656K Free: 194820K (60%)
----------------- Invoking toplevel() on ptolemy.moml.MoMLSimpleApplication@4bb1c746
----------------- Done invoking toplevel() on ptolemy.moml.MoMLSimpleApplication@4bb1c746
reloadAllAccessors: .transientstatemodelAdvanced

===========================================================================================
----------------- testing Wed Oct 02 05:50:13 UTC 2019 /home/travis/build/icyphy/ptII/ptolemy/domains/modal/test/auto/TransitionRefinements.xml
----------------- Instantiating /home/travis/build/icyphy/ptII/ptolemy/domains/modal/test/auto/TransitionRefinements.xml
7 ms. Memory: 326656K Free: 185075K (57%)
----------------- Invoking toplevel() on ptolemy.moml.MoMLSimpleApplication@4cb77845
----------------- Done invoking toplevel() on ptolemy.moml.MoMLSimpleApplication@4cb77845
reloadAllAccessors: .TransitionRefinements

===========================================================================================
----------------- testing Wed Oct 02 05:50:13 UTC 2019 /home/travis/build/icyphy/ptII/ptolemy/domains/modal/test/auto/TwoRefinements1.xml
----------------- Instantiating /home/travis/build/icyphy/ptII/ptolemy/domains/modal/test/auto/TwoRefinements1.xml
3 ms. Memory: 326656K Free: 175364K (54%)
----------------- Invoking toplevel() on ptolemy.moml.MoMLSimpleApplication@7e0a329b
----------------- Done invoking toplevel() on ptolemy.moml.MoMLSimpleApplication@7e0a329b
reloadAllAccessors: .TwoRefinements1

===========================================================================================
----------------- testing Wed Oct 02 05:50:13 UTC 2019 /home/travis/build/icyphy/ptII/ptolemy/domains/modal/test/auto/TwoRefinements2.xml
----------------- Instantiating /home/travis/build/icyphy/ptII/ptolemy/domains/modal/test/auto/TwoRefinements2.xml
2 ms. Memory: 326656K Free: 165124K (51%)
----------------- Invoking toplevel() on ptolemy.moml.MoMLSimpleApplication@166c559
----------------- Done invoking toplevel() on ptolemy.moml.MoMLSimpleApplication@166c559
reloadAllAccessors: .TwoRefinements2

===========================================================================================
----------------- testing Wed Oct 02 05:50:13 UTC 2019 /home/travis/build/icyphy/ptII/ptolemy/domains/modal/test/auto/WeakImmediateTransition.xml
----------------- Instantiating /home/travis/build/icyphy/ptII/ptolemy/domains/modal/test/auto/WeakImmediateTransition.xml
7 ms. Memory: 326656K Free: 156418K (48%)
----------------- Invoking toplevel() on ptolemy.moml.MoMLSimpleApplication@4b1f826a
----------------- Done invoking toplevel() on ptolemy.moml.MoMLSimpleApplication@4b1f826a
reloadAllAccessors: .WeakImmediateTransition

===========================================================================================
----------------- testing Wed Oct 02 05:50:13 UTC 2019 /home/travis/build/icyphy/ptII/ptolemy/domains/modal/test/auto/booleanSelect.xml
----------------- Instantiating /home/travis/build/icyphy/ptII/ptolemy/domains/modal/test/auto/booleanSelect.xml
34 ms. Memory: 326656K Free: 138500K (42%)
----------------- Invoking toplevel() on ptolemy.moml.MoMLSimpleApplication@1681e3e4
----------------- Done invoking toplevel() on ptolemy.moml.MoMLSimpleApplication@1681e3e4
reloadAllAccessors: .booleanSelect

===========================================================================================
----------------- testing Wed Oct 02 05:50:13 UTC 2019 /home/travis/build/icyphy/ptII/ptolemy/domains/modal/test/auto/modalChangingParams.xml
----------------- Instantiating /home/travis/build/icyphy/ptII/ptolemy/domains/modal/test/auto/modalChangingParams.xml
0
1
0
2
4
6
8
7
0
2
4
6
8
13
0
2
4
6
8
19
0
2
4
6
8
25
0
2
4
6
8
31
0
2
4
6
8
37
0
2
4
6
8
43
0
2
4
6
8
49
0
2
4
6
8
55
0
2
4
6
8
61
0
2
4
6
8
67
0
2
4
6
8
73
0
2
4
6
8
79
0
2
4
6
8
85
0
2
4
6
8
91
0
2
4
6
8
97
0
2
4
6
8
103
0
2
4
6
8
109
0
2
4
6
8
115
0
2
4
6
8
121
0
2
4
6
8
127
0
2
4
6
8
133
0
2
4
6
8
139
0
2
4
6
8
145
0
2
4
6
8
151
0
2
4
6
8
157
0
2
4
6
8
163
0
2
4
6
8
169
0
2
4
6
8
175
0
2
4
6
8
181
0
2
4
6
8
187
0
2
4
6
8
193
0
2
4
6
8
199
0
2
4
6
8
205
0
2
4
6
8
211
0
2
4
6
8
217
0
2
4
6
8
223
0
2
4
6
8
229
0
2
4
6
8
235
0
2
4
6
8
241
0
2
4
6
8
247
0
2
4
6
8
253
0
2
4
6
8
259
0
2
4
6
8
265
0
2
4
6
8
271
0
2
4
6
8
277
0
2
4
6
8
283
0
2
4
6
8
289
0
2
4
6
8
295
0
2
4
6
8
301
0
2
4
6
8
307
0
2
4
6
8
313
0
2
4
6
8
319
0
2
4
6
8
325
0
2
4
6
8
331
0
2
4
6
8
337
0
2
4
6
8
343
0
2
4
6
8
349
0
2
4
6
8
355
0
2
4
6
8
361
0
2
4
6
8
367
0
2
4
6
8
373
0
2
4
6
8
379
0
2
4
6
8
385
0
2
4
6
8
391
0
2
4
6
8
397
0
2
4
6
8
403
0
2
4
6
8
409
0
2
4
6
8
415
0
2
4
6
8
421
0
2
4
6
8
427
0
2
4
6
8
433
0
2
4
6
8
439
0
2
4
6
8
445
0
2
4
6
8
451
0
2
4
6
8
457
0
2
4
6
8
463
0
2
4
6
8
469
0
2
4
6
8
475
0
2
4
6
8
481
0
2
4
6
8
487
0
2
4
6
8
493
0
2
4
6
8
499
0
2
4
6
8
505
0
2
4
6
8
511
0
2
4
6
8
517
0
2
4
6
8
523
0
2
4
6
8
529
0
2
4
6
8
535
0
2
4
6
8
541
0
2
4
6
8
547
0
2
4
6
8
553
0
2
4
6
8
559
0
2
4
6
8
565
0
2
4
6
8
571
0
2
4
6
8
577
0
2
4
6
8
583
0
2
4
6
8
589
0
2
4
6
8
595
0
2
4
6
8
601
0
2
4
6
8
607
0
2
4
6
8
613
0
2
4
6
8
619
0
2
4
6
8
625
0
2
4
6
8
631
0
2
4
6
8
637
0
2
4
6
8
643
0
2
4
6
8
649
0
2
4
6
8
655
0
2
4
6
8
661
0
2
4
6
8
667
0
2
4
6
8
673
0
2
4
6
8
679
0
2
4
6
8
685
0
2
4
6
8
691
0
2
4
6
8
697
0
2
4
6
8
703
0
2
4
6
8
709
0
2
4
6
8
715
0
2
4
6
8
721
0
2
4
6
8
727
0
2
4
6
8
733
0
2
4
6
8
739
0
2
4
6
8
745
0
2
4
6
8
751
0
2
4
6
8
757
0
2
4
6
8
763
0
2
4
6
8
769
0
2
4
6
8
775
0
2
4
6
8
781
0
2
4
6
8
787
0
2
4
6
8
793
0
2
4
6
8
799
0
2
4
6
8
805
0
2
4
6
8
811
0
2
4
6
8
817
0
2
4
6
8
823
0
2
4
6
8
829
0
2
4
6
8
835
0
2
4
6
8
841
0
2
4
6
8
847
0
2
4
6
8
853
0
2
4
6
8
859
0
2
4
6
8
865
0
2
4
6
8
871
0
2
4
6
8
877
0
2
4
6
8
883
0
2
4
6
8
889
0
2
4
6
8
895
0
2
4
6
8
901
0
2
4
6
8
907
0
2
4
6
8
913
0
2
4
6
8
919
0
2
4
6
8
925
0
2
4
6
8
931
0
2
4
6
8
937
0
2
4
6
8
943
0
2
4
6
8
949
0
2
4
6
8
955
0
2
4
6
8
961
0
2
4
6
8
967
0
2
4
6
8
973
0
2
4
6
8
979
0
2
4
6
8
985
0
2
4
6
8
991
0
2
4
6
8
997
0
2
277 ms. Memory: 326656K Free: 215716K (66%)
----------------- Invoking toplevel() on ptolemy.moml.MoMLSimpleApplication@7e4e434d
----------------- Done invoking toplevel() on ptolemy.moml.MoMLSimpleApplication@7e4e434d
reloadAllAccessors: .modalChangingParams

===========================================================================================
----------------- testing Wed Oct 02 05:50:13 UTC 2019 /home/travis/build/icyphy/ptII/ptolemy/domains/modal/test/auto/modalModel.xml
----------------- Instantiating /home/travis/build/icyphy/ptII/ptolemy/domains/modal/test/auto/modalModel.xml
7 ms. Memory: 326656K Free: 206777K (63%)
----------------- Invoking toplevel() on ptolemy.moml.MoMLSimpleApplication@113287a3
----------------- Done invoking toplevel() on ptolemy.moml.MoMLSimpleApplication@113287a3
reloadAllAccessors: .modalModel

===========================================================================================
----------------- testing Wed Oct 02 05:50:13 UTC 2019 /home/travis/build/icyphy/ptII/ptolemy/domains/modal/test/auto/modalModel2.xml
----------------- Instantiating /home/travis/build/icyphy/ptII/ptolemy/domains/modal/test/auto/modalModel2.xml
13 ms. Memory: 326656K Free: 196057K (60%)
----------------- Invoking toplevel() on ptolemy.moml.MoMLSimpleApplication@1b90d6b3
----------------- Done invoking toplevel() on ptolemy.moml.MoMLSimpleApplication@1b90d6b3
reloadAllAccessors: .modalModel2

===========================================================================================
----------------- testing Wed Oct 02 05:50:13 UTC 2019 /home/travis/build/icyphy/ptII/ptolemy/domains/modal/test/auto/modalModel3.xml
----------------- Instantiating /home/travis/build/icyphy/ptII/ptolemy/domains/modal/test/auto/modalModel3.xml
0	0	0
1	0	1
4	2	2
7	4	3
10	6	4
5	0	5
8	2	6
11	4	7
14	6	8
9	0	9
12	2	10
15	4	11
18	6	12
13	0	13
16	2	14
16 ms. Memory: 326656K Free: 181207K (55%)
----------------- Invoking toplevel() on ptolemy.moml.MoMLSimpleApplication@1dbdf846
----------------- Done invoking toplevel() on ptolemy.moml.MoMLSimpleApplication@1dbdf846
reloadAllAccessors: .modalModel3

===========================================================================================
----------------- testing Wed Oct 02 05:50:13 UTC 2019 /home/travis/build/icyphy/ptII/ptolemy/domains/modal/test/auto/model1.xml
----------------- Instantiating /home/travis/build/icyphy/ptII/ptolemy/domains/modal/test/auto/model1.xml
11 ms. Memory: 326656K Free: 175577K (54%)
----------------- Invoking toplevel() on ptolemy.moml.MoMLSimpleApplication@7aae4ac8
----------------- Done invoking toplevel() on ptolemy.moml.MoMLSimpleApplication@7aae4ac8
reloadAllAccessors: .model1

===========================================================================================
----------------- testing Wed Oct 02 05:50:13 UTC 2019 /home/travis/build/icyphy/ptII/ptolemy/domains/modal/test/auto/test-direct-in-out.xml
----------------- Instantiating /home/travis/build/icyphy/ptII/ptolemy/domains/modal/test/auto/test-direct-in-out.xml
5 ms. Memory: 326656K Free: 167879K (51%)
----------------- Invoking toplevel() on ptolemy.moml.MoMLSimpleApplication@786c0ce0
----------------- Done invoking toplevel() on ptolemy.moml.MoMLSimpleApplication@786c0ce0
reloadAllAccessors: .test-direct-in-out
AutoTests.java: About to close Vertx.
AutoTests.java: Vertx closed.
]]></system-out>
  <system-err><![CDATA[java.lang.RuntimeException: Execution failed
	at ptolemy.moml.MoMLSimpleApplication$UnloadThread.run(MoMLSimpleApplication.java:402)
Caused by: ptolemy.kernel.util.IllegalActionException: Unknown inputs remain. Possible causality loop:
L_model_1893289564i

  in .CannotAnalysisWithPreemption.model_1893289564_region_1 and .CannotAnalysisWithPreemption.model_1893289564_region_1.L_model_1893289564i
	at ptolemy.actor.sched.FixedPointDirector.postfire(FixedPointDirector.java:515)
	at ptolemy.domains.sr.kernel.SRDirector.postfire(SRDirector.java:417)
	at ptolemy.actor.CompositeActor.postfire(CompositeActor.java:1668)
	at ptolemy.actor.Manager.iterate(Manager.java:852)
	at ptolemy.actor.Manager.execute(Manager.java:369)
	at ptolemy.actor.Manager.run(Manager.java:1263)
	at ptolemy.actor.Manager$PtolemyRunThread.run(Manager.java:1933)
java.lang.reflect.InvocationTargetException
	at java.base/jdk.internal.reflect.NativeConstructorAccessorImpl.newInstance0(Native Method)
	at java.base/jdk.internal.reflect.NativeConstructorAccessorImpl.newInstance(NativeConstructorAccessorImpl.java:62)
	at java.base/jdk.internal.reflect.DelegatingConstructorAccessorImpl.newInstance(DelegatingConstructorAccessorImpl.java:45)
	at java.base/java.lang.reflect.Constructor.newInstance(Constructor.java:490)
	at ptolemy.util.test.junit.AutoKnownFailedTests.RunModel(AutoKnownFailedTests.java:105)
	at java.base/jdk.internal.reflect.NativeMethodAccessorImpl.invoke0(Native Method)
	at java.base/jdk.internal.reflect.NativeMethodAccessorImpl.invoke(NativeMethodAccessorImpl.java:62)
	at java.base/jdk.internal.reflect.DelegatingMethodAccessorImpl.invoke(DelegatingMethodAccessorImpl.java:43)
	at java.base/java.lang.reflect.Method.invoke(Method.java:566)
	at org.junit.runners.model.FrameworkMethod$1.runReflectiveCall(FrameworkMethod.java:44)
	at org.junit.internal.runners.model.ReflectiveCallable.run(ReflectiveCallable.java:15)
	at org.junit.runners.model.FrameworkMethod.invokeExplosively(FrameworkMethod.java:41)
	at junitparams.internal.InvokeParameterisedMethod.evaluate(InvokeParameterisedMethod.java:102)
	at org.junit.internal.runners.statements.FailOnTimeout$1.run(FailOnTimeout.java:28)
Caused by: ptolemy.kernel.util.IllegalActionException: Unknown inputs remain. Possible causality loop:
L_model_1893289564i

  in .CannotAnalysisWithPreemption.model_1893289564_region_1 and .CannotAnalysisWithPreemption.model_1893289564_region_1.L_model_1893289564i
	at ptolemy.actor.sched.FixedPointDirector.postfire(FixedPointDirector.java:515)
	at ptolemy.domains.sr.kernel.SRDirector.postfire(SRDirector.java:417)
	at ptolemy.actor.CompositeActor.postfire(CompositeActor.java:1668)
	at ptolemy.actor.Manager.iterate(Manager.java:852)
	at ptolemy.actor.Manager.execute(Manager.java:369)
	at ptolemy.actor.Manager.run(Manager.java:1263)
	at ptolemy.actor.Manager$PtolemyRunThread.run(Manager.java:1933)
]]></system-err>
</testsuite>
