<?xml version="1.0" encoding="UTF-8" ?>
<testsuite errors="0" failures="0" hostname="travis-job-046a6ebe-147c-4be1-9072-4c569a47e23b" name="ptolemy.domains.pn.test.junit.JUnitTclTest" skipped="0" tests="43" time="6.318" timestamp="2021-06-27T17:44:48">
  <properties>
[...]
</properties>
  <testcase classname="ptolemy.util.test.junit.TclTests" name="[0] /home/travis/build/icyphy/ptII/ptolemy/domains/pn/test/PNDirector.tcl (RunTclFile)" time="0.61" />
  <testcase classname="ptolemy.util.test.junit.TclTests" name="[1] /home/travis/build/icyphy/ptII/ptolemy/domains/pn/test/TimedPNDirector.tcl (RunTclFile)" time="0.019" />
  <testcase classname="ptolemy.util.test.junit.AutoKnownFailedTests" name="[0] ThereAreNoKnowFailedTests (RunModel)" time="0.011" />
  <testcase classname="ptolemy.util.test.junit.AutoNameArchTests" name="[0] ThereAreNoAutoArchTests (RunModel)" time="0.008" />
  <testcase classname="ptolemy.util.test.junit.AutoTests" name="[0] /home/travis/build/icyphy/ptII/ptolemy/domains/pn/test/auto/Branching-switch-PN-ptolemy-2.xml (RunModel)" time="0.214" />
  <testcase classname="ptolemy.util.test.junit.AutoTests" name="[1] /home/travis/build/icyphy/ptII/ptolemy/domains/pn/test/auto/Branching-switch-PN-ptolemy.xml (RunModel)" time="0.205" />
  <testcase classname="ptolemy.util.test.junit.AutoTests" name="[2] /home/travis/build/icyphy/ptII/ptolemy/domains/pn/test/auto/BrockAckermanTest.xml (RunModel)" time="0.423" />
  <testcase classname="ptolemy.util.test.junit.AutoTests" name="[3] /home/travis/build/icyphy/ptII/ptolemy/domains/pn/test/auto/CounterMachine.xml (RunModel)" time="1.273" />
  <testcase classname="ptolemy.util.test.junit.AutoTests" name="[4] /home/travis/build/icyphy/ptII/ptolemy/domains/pn/test/auto/CounterMachine1.xml (RunModel)" time="1.029" />
  <testcase classname="ptolemy.util.test.junit.AutoTests" name="[5] /home/travis/build/icyphy/ptII/ptolemy/domains/pn/test/auto/CounterMachineWithException.xml (RunModel)" time="0.647" />
  <testcase classname="ptolemy.util.test.junit.AutoTests" name="[6] /home/travis/build/icyphy/ptII/ptolemy/domains/pn/test/auto/FinalState.xml (RunModel)" time="0.075" />
  <testcase classname="ptolemy.util.test.junit.AutoTests" name="[7] /home/travis/build/icyphy/ptII/ptolemy/domains/pn/test/auto/FourExpressions.xml (RunModel)" time="0.037" />
  <testcase classname="ptolemy.util.test.junit.AutoTests" name="[8] /home/travis/build/icyphy/ptII/ptolemy/domains/pn/test/auto/Identity.xml (RunModel)" time="0.059" />
  <testcase classname="ptolemy.util.test.junit.AutoTests" name="[9] /home/travis/build/icyphy/ptII/ptolemy/domains/pn/test/auto/IdentityWithFeedback.xml (RunModel)" time="0.031" />
  <testcase classname="ptolemy.util.test.junit.AutoTests" name="[10] /home/travis/build/icyphy/ptII/ptolemy/domains/pn/test/auto/NondeterministicMergeTest.xml (RunModel)" time="0.055" />
  <testcase classname="ptolemy.util.test.junit.AutoTests" name="[11] /home/travis/build/icyphy/ptII/ptolemy/domains/pn/test/auto/OrderedMerge.xml (RunModel)" time="0.15" />
  <testcase classname="ptolemy.util.test.junit.AutoTests" name="[12] /home/travis/build/icyphy/ptII/ptolemy/domains/pn/test/auto/PNAbstractReceiverTest.xml (RunModel)" time="0.015" />
  <testcase classname="ptolemy.util.test.junit.AutoTests" name="[13] /home/travis/build/icyphy/ptII/ptolemy/domains/pn/test/auto/QR.xml (RunModel)" time="0.094" />
  <testcase classname="ptolemy.util.test.junit.AutoTests" name="[14] /home/travis/build/icyphy/ptII/ptolemy/domains/pn/test/auto/RemoveNilTokens.xml (RunModel)" time="0.072" />
  <testcase classname="ptolemy.util.test.junit.AutoTests" name="[15] /home/travis/build/icyphy/ptII/ptolemy/domains/pn/test/auto/Stack.xml (RunModel)" time="0.144" />
  <testcase classname="ptolemy.util.test.junit.AutoTests" name="[16] /home/travis/build/icyphy/ptII/ptolemy/domains/pn/test/auto/TestRemoveNilTokens.xml (RunModel)" time="0.036" />
  <testcase classname="ptolemy.util.test.junit.AutoTests" name="[17] /home/travis/build/icyphy/ptII/ptolemy/domains/pn/test/auto/TestSeq2Array.xml (RunModel)" time="0.031" />
  <testcase classname="ptolemy.util.test.junit.AutoTests" name="[18] /home/travis/build/icyphy/ptII/ptolemy/domains/pn/test/auto/TrivialIdentity.xml (RunModel)" time="0.027" />
  <testcase classname="ptolemy.util.test.junit.AutoTests" name="[19] /home/travis/build/icyphy/ptII/ptolemy/domains/pn/test/auto/WidthInferenceTest1.xml (RunModel)" time="0.036" />
  <testcase classname="ptolemy.util.test.junit.AutoTests" name="[20] /home/travis/build/icyphy/ptII/ptolemy/domains/pn/test/auto/WidthInferenceTest2.xml (RunModel)" time="0.025" />
  <testcase classname="ptolemy.util.test.junit.AutoTests" name="[21] /home/travis/build/icyphy/ptII/ptolemy/domains/pn/test/auto/WidthInferenceTest3.xml (RunModel)" time="0.059" />
  <testcase classname="ptolemy.util.test.junit.AutoTests" name="[22] /home/travis/build/icyphy/ptII/ptolemy/domains/pn/test/auto/WidthInferenceTest4.xml (RunModel)" time="0.069" />
  <testcase classname="ptolemy.util.test.junit.AutoTests" name="[23] /home/travis/build/icyphy/ptII/ptolemy/domains/pn/test/auto/WidthInferenceTest5.xml (RunModel)" time="0.052" />
  <testcase classname="ptolemy.util.test.junit.AutoTests" name="[24] /home/travis/build/icyphy/ptII/ptolemy/domains/pn/test/auto/controlled_kahnnet.xml (RunModel)" time="0.027" />
  <testcase classname="ptolemy.util.test.junit.AutoTests" name="[25] /home/travis/build/icyphy/ptII/ptolemy/domains/pn/test/auto/demandDriven.xml (RunModel)" time="0.019" />
  <testcase classname="ptolemy.util.test.junit.AutoTests" name="[26] /home/travis/build/icyphy/ptII/ptolemy/domains/pn/test/auto/feedback.xml (RunModel)" time="0.022" />
  <testcase classname="ptolemy.util.test.junit.AutoTests" name="[27] /home/travis/build/icyphy/ptII/ptolemy/domains/pn/test/auto/helloWorld.xml (RunModel)" time="0.017" />
  <testcase classname="ptolemy.util.test.junit.AutoTests" name="[28] /home/travis/build/icyphy/ptII/ptolemy/domains/pn/test/auto/helloWorld2.xml (RunModel)" time="0.03" />
  <testcase classname="ptolemy.util.test.junit.AutoTests" name="[29] /home/travis/build/icyphy/ptII/ptolemy/domains/pn/test/auto/noOutput.xml (RunModel)" time="0.043" />
  <testcase classname="ptolemy.util.test.junit.AutoTests" name="[30] /home/travis/build/icyphy/ptII/ptolemy/domains/pn/test/auto/relationGroup.xml (RunModel)" time="0.018" />
  <testcase classname="ptolemy.util.test.junit.AutoTests" name="[31] /home/travis/build/icyphy/ptII/ptolemy/domains/pn/test/auto/relationGroup2.xml (RunModel)" time="0.01" />
  <testcase classname="ptolemy.util.test.junit.AutoTests" name="[32] /home/travis/build/icyphy/ptII/ptolemy/domains/pn/test/auto/relationGroup3.xml (RunModel)" time="0.014" />
  <testcase classname="ptolemy.util.test.junit.AutoTests" name="[33] /home/travis/build/icyphy/ptII/ptolemy/domains/pn/test/auto/relationGroup4.xml (RunModel)" time="0.014" />
  <testcase classname="ptolemy.util.test.junit.AutoTests" name="[34] /home/travis/build/icyphy/ptII/ptolemy/domains/pn/test/auto/relationGroup5.xml (RunModel)" time="0.015" />
  <testcase classname="ptolemy.util.test.junit.AutoTests" name="[35] /home/travis/build/icyphy/ptII/ptolemy/domains/pn/test/auto/relationGroup6.xml (RunModel)" time="0.016" />
  <testcase classname="ptolemy.util.test.junit.AutoTests" name="[36] /home/travis/build/icyphy/ptII/ptolemy/domains/pn/test/auto/relationGroup7.xml (RunModel)" time="0.026" />
  <testcase classname="ptolemy.util.test.junit.AutoTests" name="[37] /home/travis/build/icyphy/ptII/ptolemy/domains/pn/test/auto/relationGroup8.xml (RunModel)" time="0.019" />
  <testcase classname="ptolemy.util.test.junit.AutoTests" name="[38] /home/travis/build/icyphy/ptII/ptolemy/domains/pn/test/auto/widthTest.xml (RunModel)" time="0.026" />
  <system-out><![CDATA[/home/travis/build/icyphy/ptII/ptolemy/domains/pn/test/PNDirector.tcl
testDefs.tcl: setting time out to 9000 seconds at Sun Jun 27 17:44:49 UTC 2021
81 ms. Memory: 129024K Free: 95681K (74%)
74 ms. Memory: 129024K Free: 88003K (68%)
/home/travis/build/icyphy/ptII/ptolemy/domains/pn/test/TimedPNDirector.tcl


==== $PTII/ptolemy/domains/pn/test/TimedPNDirector.tcl: TimedPNDirector-6.1 Test an application
==== Contents of test case:


    set e0 [java::new ptolemy.actor.TypedCompositeActor]
    set manager [java::new ptolemy.actor.Manager]
    set director [java::new ptolemy.domains.pn.kernel.TimedPNDirector]
    $e0 setDirector $director
    $e0 setName top
    $e0 setManager $manager

    # FIXME: why doesn't the getParameter option work.
    set ramp [java::new ptolemy.actor.lib.Ramp $e0 ramp]
    set param [java::cast ptolemy.data.expr.Parameter  [$ramp getAttribute  firingCountLimit]]
    $param setExpression 20

    set rec [java::new ptolemy.actor.lib.Recorder $e0 rec]
    $e0 connect  [java::field [java::cast ptolemy.actor.lib.Source $ramp] output]  [java::field [java::cast ptolemy.actor.lib.Sink $rec] input]

    error "Running this test sometimes causes an endless loop" 

#    [$e0 getManager] execute
#    enumToTokenValues [$rec getRecord 0]


.... Test generated KNOWN error:
Running this test sometimes causes an endless loop
    while executing
"error "Running this test sometimes causes an endless loop" "
    ("uplevel" body line 18)
    invoked from within
"uplevel $contents_of_test"
06/27/21 05:44:49
Failed: 0  Total Tests: 3  ((Passed: 2, Newly Passed: 0)  Known Failed: 1) /home/travis/build/icyphy/ptII/ptolemy/domains/pn/test
No auto/knownFailedTests/*.xml tests in /home/travis/build/icyphy/ptII/ptolemy/domains/pn/test
No auto/linux-amd64/*.xml tests in /home/travis/build/icyphy/ptII/ptolemy/domains/pn/test
AutoTests.java: About to close Vertx.
AutoTests.java: Vertx closed.

===========================================================================================
----------------- testing Sun Jun 27 17:44:49 UTC 2021 /home/travis/build/icyphy/ptII/ptolemy/domains/pn/test/auto/Branching-switch-PN-ptolemy-2.xml
----------------- Instantiating /home/travis/build/icyphy/ptII/ptolemy/domains/pn/test/auto/Branching-switch-PN-ptolemy-2.xml
54 ms. Memory: 129024K Free: 102909K (80%)
----------------- Invoking toplevel() on ptolemy.moml.MoMLSimpleApplication@3f513351
----------------- Done invoking toplevel() on ptolemy.moml.MoMLSimpleApplication@3f513351
reloadAllAccessors: .Branching-switch-PN-ptolemy-2

===========================================================================================
----------------- testing Sun Jun 27 17:44:50 UTC 2021 /home/travis/build/icyphy/ptII/ptolemy/domains/pn/test/auto/Branching-switch-PN-ptolemy.xml
----------------- Instantiating /home/travis/build/icyphy/ptII/ptolemy/domains/pn/test/auto/Branching-switch-PN-ptolemy.xml
93 ms. Memory: 129024K Free: 108369K (84%)
----------------- Invoking toplevel() on ptolemy.moml.MoMLSimpleApplication@434df598
----------------- Done invoking toplevel() on ptolemy.moml.MoMLSimpleApplication@434df598
reloadAllAccessors: .Branching-switch-PN-ptolemy

===========================================================================================
----------------- testing Sun Jun 27 17:44:50 UTC 2021 /home/travis/build/icyphy/ptII/ptolemy/domains/pn/test/auto/BrockAckermanTest.xml
----------------- Instantiating /home/travis/build/icyphy/ptII/ptolemy/domains/pn/test/auto/BrockAckermanTest.xml
240 ms. Memory: 129024K Free: 92517K (72%)
----------------- Invoking toplevel() on ptolemy.moml.MoMLSimpleApplication@7e025b25
----------------- Done invoking toplevel() on ptolemy.moml.MoMLSimpleApplication@7e025b25
reloadAllAccessors: .BrockAckermanTest

===========================================================================================
----------------- testing Sun Jun 27 17:44:50 UTC 2021 /home/travis/build/icyphy/ptII/ptolemy/domains/pn/test/auto/CounterMachine.xml
----------------- Instantiating /home/travis/build/icyphy/ptII/ptolemy/domains/pn/test/auto/CounterMachine.xml
797 ms. Memory: 155648K Free: 88161K (57%)
----------------- Invoking toplevel() on ptolemy.moml.MoMLSimpleApplication@3c4a8392
----------------- Done invoking toplevel() on ptolemy.moml.MoMLSimpleApplication@3c4a8392
reloadAllAccessors: .CounterMachine

===========================================================================================
----------------- testing Sun Jun 27 17:44:52 UTC 2021 /home/travis/build/icyphy/ptII/ptolemy/domains/pn/test/auto/CounterMachine1.xml
----------------- Instantiating /home/travis/build/icyphy/ptII/ptolemy/domains/pn/test/auto/CounterMachine1.xml
727 ms. Memory: 155648K Free: 116986K (75%)
----------------- Invoking toplevel() on ptolemy.moml.MoMLSimpleApplication@65069e5
----------------- Done invoking toplevel() on ptolemy.moml.MoMLSimpleApplication@65069e5
reloadAllAccessors: .CounterMachine1

===========================================================================================
----------------- testing Sun Jun 27 17:44:53 UTC 2021 /home/travis/build/icyphy/ptII/ptolemy/domains/pn/test/auto/CounterMachineWithException.xml
----------------- Instantiating /home/travis/build/icyphy/ptII/ptolemy/domains/pn/test/auto/CounterMachineWithException.xml
376 ms. Memory: 155648K Free: 89907K (58%)
----------------- Invoking toplevel() on ptolemy.moml.MoMLSimpleApplication@3f36c58c
----------------- Done invoking toplevel() on ptolemy.moml.MoMLSimpleApplication@3f36c58c
reloadAllAccessors: .CounterMachineWithException

===========================================================================================
----------------- testing Sun Jun 27 17:44:53 UTC 2021 /home/travis/build/icyphy/ptII/ptolemy/domains/pn/test/auto/FinalState.xml
----------------- Instantiating /home/travis/build/icyphy/ptII/ptolemy/domains/pn/test/auto/FinalState.xml
22 ms. Memory: 155648K Free: 83328K (54%)
----------------- Invoking toplevel() on ptolemy.moml.MoMLSimpleApplication@54e8738a
----------------- Done invoking toplevel() on ptolemy.moml.MoMLSimpleApplication@54e8738a
reloadAllAccessors: .FinalState

===========================================================================================
----------------- testing Sun Jun 27 17:44:53 UTC 2021 /home/travis/build/icyphy/ptII/ptolemy/domains/pn/test/auto/FourExpressions.xml
----------------- Instantiating /home/travis/build/icyphy/ptII/ptolemy/domains/pn/test/auto/FourExpressions.xml
20 ms. Memory: 155648K Free: 77764K (50%)
----------------- Invoking toplevel() on ptolemy.moml.MoMLSimpleApplication@577d2e1b
----------------- Done invoking toplevel() on ptolemy.moml.MoMLSimpleApplication@577d2e1b
reloadAllAccessors: .FourExpressions

===========================================================================================
----------------- testing Sun Jun 27 17:44:53 UTC 2021 /home/travis/build/icyphy/ptII/ptolemy/domains/pn/test/auto/Identity.xml
----------------- Instantiating /home/travis/build/icyphy/ptII/ptolemy/domains/pn/test/auto/Identity.xml
20 ms. Memory: 155648K Free: 72869K (47%)
----------------- Invoking toplevel() on ptolemy.moml.MoMLSimpleApplication@299d5b7c
----------------- Done invoking toplevel() on ptolemy.moml.MoMLSimpleApplication@299d5b7c
reloadAllAccessors: .Identity

===========================================================================================
----------------- testing Sun Jun 27 17:44:53 UTC 2021 /home/travis/build/icyphy/ptII/ptolemy/domains/pn/test/auto/IdentityWithFeedback.xml
----------------- Instantiating /home/travis/build/icyphy/ptII/ptolemy/domains/pn/test/auto/IdentityWithFeedback.xml
7 ms. Memory: 155648K Free: 69542K (45%)
----------------- Invoking toplevel() on ptolemy.moml.MoMLSimpleApplication@1b9da32b
----------------- Done invoking toplevel() on ptolemy.moml.MoMLSimpleApplication@1b9da32b
reloadAllAccessors: .IdentityWithFeedback

===========================================================================================
----------------- testing Sun Jun 27 17:44:53 UTC 2021 /home/travis/build/icyphy/ptII/ptolemy/domains/pn/test/auto/NondeterministicMergeTest.xml
----------------- Instantiating /home/travis/build/icyphy/ptII/ptolemy/domains/pn/test/auto/NondeterministicMergeTest.xml
25 ms. Memory: 155648K Free: 64691K (42%)
----------------- Invoking toplevel() on ptolemy.moml.MoMLSimpleApplication@78862d11
----------------- Done invoking toplevel() on ptolemy.moml.MoMLSimpleApplication@78862d11
reloadAllAccessors: .NondeterministicMergeTest

===========================================================================================
----------------- testing Sun Jun 27 17:44:54 UTC 2021 /home/travis/build/icyphy/ptII/ptolemy/domains/pn/test/auto/OrderedMerge.xml
----------------- Instantiating /home/travis/build/icyphy/ptII/ptolemy/domains/pn/test/auto/OrderedMerge.xml
117 ms. Memory: 155648K Free: 55900K (36%)
----------------- Invoking toplevel() on ptolemy.moml.MoMLSimpleApplication@48abfa76
----------------- Done invoking toplevel() on ptolemy.moml.MoMLSimpleApplication@48abfa76
reloadAllAccessors: .OrderedMerge

===========================================================================================
----------------- testing Sun Jun 27 17:44:54 UTC 2021 /home/travis/build/icyphy/ptII/ptolemy/domains/pn/test/auto/PNAbstractReceiverTest.xml
----------------- Instantiating /home/travis/build/icyphy/ptII/ptolemy/domains/pn/test/auto/PNAbstractReceiverTest.xml
5 ms. Memory: 155648K Free: 53188K (34%)
----------------- Invoking toplevel() on ptolemy.moml.MoMLSimpleApplication@52d3308b
----------------- Done invoking toplevel() on ptolemy.moml.MoMLSimpleApplication@52d3308b
reloadAllAccessors: .PNAbstractReceiverTest

===========================================================================================
----------------- testing Sun Jun 27 17:44:54 UTC 2021 /home/travis/build/icyphy/ptII/ptolemy/domains/pn/test/auto/QR.xml
----------------- Instantiating /home/travis/build/icyphy/ptII/ptolemy/domains/pn/test/auto/QR.xml
36 ms. Memory: 187392K Free: 166938K (89%)
----------------- Invoking toplevel() on ptolemy.moml.MoMLSimpleApplication@68869d5b
----------------- Done invoking toplevel() on ptolemy.moml.MoMLSimpleApplication@68869d5b
reloadAllAccessors: .QR

===========================================================================================
----------------- testing Sun Jun 27 17:44:54 UTC 2021 /home/travis/build/icyphy/ptII/ptolemy/domains/pn/test/auto/RemoveNilTokens.xml
----------------- Instantiating /home/travis/build/icyphy/ptII/ptolemy/domains/pn/test/auto/RemoveNilTokens.xml
25 ms. Memory: 187392K Free: 159112K (85%)
----------------- Invoking toplevel() on ptolemy.moml.MoMLSimpleApplication@43da9b5c
----------------- Done invoking toplevel() on ptolemy.moml.MoMLSimpleApplication@43da9b5c
reloadAllAccessors: .RemoveNilTokens

===========================================================================================
----------------- testing Sun Jun 27 17:44:54 UTC 2021 /home/travis/build/icyphy/ptII/ptolemy/domains/pn/test/auto/Stack.xml
----------------- Instantiating /home/travis/build/icyphy/ptII/ptolemy/domains/pn/test/auto/Stack.xml
61 ms. Memory: 187392K Free: 138632K (74%)
----------------- Invoking toplevel() on ptolemy.moml.MoMLSimpleApplication@5a1e6da5
----------------- Done invoking toplevel() on ptolemy.moml.MoMLSimpleApplication@5a1e6da5
reloadAllAccessors: .Stack

===========================================================================================
----------------- testing Sun Jun 27 17:44:54 UTC 2021 /home/travis/build/icyphy/ptII/ptolemy/domains/pn/test/auto/TestRemoveNilTokens.xml
----------------- Instantiating /home/travis/build/icyphy/ptII/ptolemy/domains/pn/test/auto/TestRemoveNilTokens.xml
14 ms. Memory: 187392K Free: 133148K (71%)
----------------- Invoking toplevel() on ptolemy.moml.MoMLSimpleApplication@6a7754fd
----------------- Done invoking toplevel() on ptolemy.moml.MoMLSimpleApplication@6a7754fd
reloadAllAccessors: .TestRemoveNilTokens

===========================================================================================
----------------- testing Sun Jun 27 17:44:54 UTC 2021 /home/travis/build/icyphy/ptII/ptolemy/domains/pn/test/auto/TestSeq2Array.xml
----------------- Instantiating /home/travis/build/icyphy/ptII/ptolemy/domains/pn/test/auto/TestSeq2Array.xml
9 ms. Memory: 187392K Free: 128449K (69%)
----------------- Invoking toplevel() on ptolemy.moml.MoMLSimpleApplication@5b8e1742
----------------- Done invoking toplevel() on ptolemy.moml.MoMLSimpleApplication@5b8e1742
reloadAllAccessors: .TestSeq2Array

===========================================================================================
----------------- testing Sun Jun 27 17:44:54 UTC 2021 /home/travis/build/icyphy/ptII/ptolemy/domains/pn/test/auto/TrivialIdentity.xml
----------------- Instantiating /home/travis/build/icyphy/ptII/ptolemy/domains/pn/test/auto/TrivialIdentity.xml
8 ms. Memory: 187392K Free: 124492K (66%)
----------------- Invoking toplevel() on ptolemy.moml.MoMLSimpleApplication@321667bc
----------------- Done invoking toplevel() on ptolemy.moml.MoMLSimpleApplication@321667bc
reloadAllAccessors: .TrivialIdentity

===========================================================================================
----------------- testing Sun Jun 27 17:44:54 UTC 2021 /home/travis/build/icyphy/ptII/ptolemy/domains/pn/test/auto/WidthInferenceTest1.xml
----------------- Instantiating /home/travis/build/icyphy/ptII/ptolemy/domains/pn/test/auto/WidthInferenceTest1.xml
11 ms. Memory: 187392K Free: 119594K (64%)
----------------- Invoking toplevel() on ptolemy.moml.MoMLSimpleApplication@fb42342
----------------- Done invoking toplevel() on ptolemy.moml.MoMLSimpleApplication@fb42342
reloadAllAccessors: .1

===========================================================================================
----------------- testing Sun Jun 27 17:44:54 UTC 2021 /home/travis/build/icyphy/ptII/ptolemy/domains/pn/test/auto/WidthInferenceTest2.xml
----------------- Instantiating /home/travis/build/icyphy/ptII/ptolemy/domains/pn/test/auto/WidthInferenceTest2.xml
8 ms. Memory: 187392K Free: 114836K (61%)
----------------- Invoking toplevel() on ptolemy.moml.MoMLSimpleApplication@39ff6f30
----------------- Done invoking toplevel() on ptolemy.moml.MoMLSimpleApplication@39ff6f30
reloadAllAccessors: .2

===========================================================================================
----------------- testing Sun Jun 27 17:44:54 UTC 2021 /home/travis/build/icyphy/ptII/ptolemy/domains/pn/test/auto/WidthInferenceTest3.xml
----------------- Instantiating /home/travis/build/icyphy/ptII/ptolemy/domains/pn/test/auto/WidthInferenceTest3.xml
17 ms. Memory: 187392K Free: 101825K (54%)
----------------- Invoking toplevel() on ptolemy.moml.MoMLSimpleApplication@251eac76
----------------- Done invoking toplevel() on ptolemy.moml.MoMLSimpleApplication@251eac76
reloadAllAccessors: .3

===========================================================================================
----------------- testing Sun Jun 27 17:44:54 UTC 2021 /home/travis/build/icyphy/ptII/ptolemy/domains/pn/test/auto/WidthInferenceTest4.xml
----------------- Instantiating /home/travis/build/icyphy/ptII/ptolemy/domains/pn/test/auto/WidthInferenceTest4.xml
19 ms. Memory: 187392K Free: 90381K (48%)
----------------- Invoking toplevel() on ptolemy.moml.MoMLSimpleApplication@6434b74c
----------------- Done invoking toplevel() on ptolemy.moml.MoMLSimpleApplication@6434b74c
reloadAllAccessors: .WidthInferenceTest4

===========================================================================================
----------------- testing Sun Jun 27 17:44:54 UTC 2021 /home/travis/build/icyphy/ptII/ptolemy/domains/pn/test/auto/WidthInferenceTest5.xml
----------------- Instantiating /home/travis/build/icyphy/ptII/ptolemy/domains/pn/test/auto/WidthInferenceTest5.xml
25 ms. Memory: 187392K Free: 79538K (42%)
----------------- Invoking toplevel() on ptolemy.moml.MoMLSimpleApplication@1a156afe
----------------- Done invoking toplevel() on ptolemy.moml.MoMLSimpleApplication@1a156afe
reloadAllAccessors: .WidthInferenceTest5

===========================================================================================
----------------- testing Sun Jun 27 17:44:54 UTC 2021 /home/travis/build/icyphy/ptII/ptolemy/domains/pn/test/auto/controlled_kahnnet.xml
----------------- Instantiating /home/travis/build/icyphy/ptII/ptolemy/domains/pn/test/auto/controlled_kahnnet.xml
11 ms. Memory: 187392K Free: 75683K (40%)
----------------- Invoking toplevel() on ptolemy.moml.MoMLSimpleApplication@1cd4847f
----------------- Done invoking toplevel() on ptolemy.moml.MoMLSimpleApplication@1cd4847f
reloadAllAccessors: .controlled_kahnnet

===========================================================================================
----------------- testing Sun Jun 27 17:44:54 UTC 2021 /home/travis/build/icyphy/ptII/ptolemy/domains/pn/test/auto/demandDriven.xml
----------------- Instantiating /home/travis/build/icyphy/ptII/ptolemy/domains/pn/test/auto/demandDriven.xml
6 ms. Memory: 187392K Free: 72490K (39%)
----------------- Invoking toplevel() on ptolemy.moml.MoMLSimpleApplication@1dc95d14
----------------- Done invoking toplevel() on ptolemy.moml.MoMLSimpleApplication@1dc95d14
reloadAllAccessors: .demandDriven

===========================================================================================
----------------- testing Sun Jun 27 17:44:54 UTC 2021 /home/travis/build/icyphy/ptII/ptolemy/domains/pn/test/auto/feedback.xml
----------------- Instantiating /home/travis/build/icyphy/ptII/ptolemy/domains/pn/test/auto/feedback.xml
11 ms. Memory: 187392K Free: 69298K (37%)
----------------- Invoking toplevel() on ptolemy.moml.MoMLSimpleApplication@1bc1fefa
----------------- Done invoking toplevel() on ptolemy.moml.MoMLSimpleApplication@1bc1fefa
reloadAllAccessors: .feedback

===========================================================================================
----------------- testing Sun Jun 27 17:44:54 UTC 2021 /home/travis/build/icyphy/ptII/ptolemy/domains/pn/test/auto/helloWorld.xml
----------------- Instantiating /home/travis/build/icyphy/ptII/ptolemy/domains/pn/test/auto/helloWorld.xml
5 ms. Memory: 187392K Free: 67732K (36%)
----------------- Invoking toplevel() on ptolemy.moml.MoMLSimpleApplication@2c79e9f
----------------- Done invoking toplevel() on ptolemy.moml.MoMLSimpleApplication@2c79e9f
reloadAllAccessors: .helloWorld

===========================================================================================
----------------- testing Sun Jun 27 17:44:54 UTC 2021 /home/travis/build/icyphy/ptII/ptolemy/domains/pn/test/auto/helloWorld2.xml
----------------- Instantiating /home/travis/build/icyphy/ptII/ptolemy/domains/pn/test/auto/helloWorld2.xml
9 ms. Memory: 187392K Free: 63743K (34%)
----------------- Invoking toplevel() on ptolemy.moml.MoMLSimpleApplication@2e6c8e4
----------------- Done invoking toplevel() on ptolemy.moml.MoMLSimpleApplication@2e6c8e4
reloadAllAccessors: .helloWorld2

===========================================================================================
----------------- testing Sun Jun 27 17:44:54 UTC 2021 /home/travis/build/icyphy/ptII/ptolemy/domains/pn/test/auto/noOutput.xml
----------------- Instantiating /home/travis/build/icyphy/ptII/ptolemy/domains/pn/test/auto/noOutput.xml
22 ms. Memory: 187392K Free: 169495K (90%)
----------------- Invoking toplevel() on ptolemy.moml.MoMLSimpleApplication@20d21d22
----------------- Done invoking toplevel() on ptolemy.moml.MoMLSimpleApplication@20d21d22
reloadAllAccessors: .noOutput

===========================================================================================
----------------- testing Sun Jun 27 17:44:55 UTC 2021 /home/travis/build/icyphy/ptII/ptolemy/domains/pn/test/auto/relationGroup.xml
----------------- Instantiating /home/travis/build/icyphy/ptII/ptolemy/domains/pn/test/auto/relationGroup.xml
4 ms. Memory: 187392K Free: 166971K (89%)
----------------- Invoking toplevel() on ptolemy.moml.MoMLSimpleApplication@42c1def5
----------------- Done invoking toplevel() on ptolemy.moml.MoMLSimpleApplication@42c1def5
reloadAllAccessors: .relationGroup

===========================================================================================
----------------- testing Sun Jun 27 17:44:55 UTC 2021 /home/travis/build/icyphy/ptII/ptolemy/domains/pn/test/auto/relationGroup2.xml
----------------- Instantiating /home/travis/build/icyphy/ptII/ptolemy/domains/pn/test/auto/relationGroup2.xml
2 ms. Memory: 187392K Free: 164719K (88%)
----------------- Invoking toplevel() on ptolemy.moml.MoMLSimpleApplication@7155fa8a
----------------- Done invoking toplevel() on ptolemy.moml.MoMLSimpleApplication@7155fa8a
reloadAllAccessors: .relationGroup2

===========================================================================================
----------------- testing Sun Jun 27 17:44:55 UTC 2021 /home/travis/build/icyphy/ptII/ptolemy/domains/pn/test/auto/relationGroup3.xml
----------------- Instantiating /home/travis/build/icyphy/ptII/ptolemy/domains/pn/test/auto/relationGroup3.xml
8 ms. Memory: 187392K Free: 162692K (87%)
----------------- Invoking toplevel() on ptolemy.moml.MoMLSimpleApplication@5b6d4e78
----------------- Done invoking toplevel() on ptolemy.moml.MoMLSimpleApplication@5b6d4e78
reloadAllAccessors: .relationGroup3

===========================================================================================
----------------- testing Sun Jun 27 17:44:55 UTC 2021 /home/travis/build/icyphy/ptII/ptolemy/domains/pn/test/auto/relationGroup4.xml
----------------- Instantiating /home/travis/build/icyphy/ptII/ptolemy/domains/pn/test/auto/relationGroup4.xml
9 ms. Memory: 187392K Free: 160645K (86%)
----------------- Invoking toplevel() on ptolemy.moml.MoMLSimpleApplication@41d6ea1f
----------------- Done invoking toplevel() on ptolemy.moml.MoMLSimpleApplication@41d6ea1f
reloadAllAccessors: .relationGroup4

===========================================================================================
----------------- testing Sun Jun 27 17:44:55 UTC 2021 /home/travis/build/icyphy/ptII/ptolemy/domains/pn/test/auto/relationGroup5.xml
----------------- Instantiating /home/travis/build/icyphy/ptII/ptolemy/domains/pn/test/auto/relationGroup5.xml
7 ms. Memory: 187392K Free: 158567K (85%)
----------------- Invoking toplevel() on ptolemy.moml.MoMLSimpleApplication@7f0e3c1
----------------- Done invoking toplevel() on ptolemy.moml.MoMLSimpleApplication@7f0e3c1
reloadAllAccessors: .relationGroup5

===========================================================================================
----------------- testing Sun Jun 27 17:44:55 UTC 2021 /home/travis/build/icyphy/ptII/ptolemy/domains/pn/test/auto/relationGroup6.xml
----------------- Instantiating /home/travis/build/icyphy/ptII/ptolemy/domains/pn/test/auto/relationGroup6.xml
7 ms. Memory: 187392K Free: 155860K (83%)
----------------- Invoking toplevel() on ptolemy.moml.MoMLSimpleApplication@701ffc09
----------------- Done invoking toplevel() on ptolemy.moml.MoMLSimpleApplication@701ffc09
reloadAllAccessors: .relationGroup6

===========================================================================================
----------------- testing Sun Jun 27 17:44:55 UTC 2021 /home/travis/build/icyphy/ptII/ptolemy/domains/pn/test/auto/relationGroup7.xml
----------------- Instantiating /home/travis/build/icyphy/ptII/ptolemy/domains/pn/test/auto/relationGroup7.xml
19 ms. Memory: 187392K Free: 153049K (82%)
----------------- Invoking toplevel() on ptolemy.moml.MoMLSimpleApplication@df92e7c
----------------- Done invoking toplevel() on ptolemy.moml.MoMLSimpleApplication@df92e7c
reloadAllAccessors: .relationGroup7

===========================================================================================
----------------- testing Sun Jun 27 17:44:55 UTC 2021 /home/travis/build/icyphy/ptII/ptolemy/domains/pn/test/auto/relationGroup8.xml
----------------- Instantiating /home/travis/build/icyphy/ptII/ptolemy/domains/pn/test/auto/relationGroup8.xml
13 ms. Memory: 187392K Free: 150405K (80%)
----------------- Invoking toplevel() on ptolemy.moml.MoMLSimpleApplication@6e6f3cbb
----------------- Done invoking toplevel() on ptolemy.moml.MoMLSimpleApplication@6e6f3cbb
reloadAllAccessors: .relationGroup8

===========================================================================================
----------------- testing Sun Jun 27 17:44:55 UTC 2021 /home/travis/build/icyphy/ptII/ptolemy/domains/pn/test/auto/widthTest.xml
----------------- Instantiating /home/travis/build/icyphy/ptII/ptolemy/domains/pn/test/auto/widthTest.xml
7 ms. Memory: 187392K Free: 146674K (78%)
----------------- Invoking toplevel() on ptolemy.moml.MoMLSimpleApplication@2b06bd4c
----------------- Done invoking toplevel() on ptolemy.moml.MoMLSimpleApplication@2b06bd4c
reloadAllAccessors: .widthTest
AutoTests.java: About to close Vertx.
AutoTests.java: Vertx closed.
]]></system-out>
  <system-err><![CDATA[java.lang.RuntimeException: Execution failed
	at ptolemy.moml.MoMLSimpleApplication$UnloadThread.run(MoMLSimpleApplication.java:402)
Caused by: ptolemy.kernel.util.IllegalActionException: At the current time, process-oriented domains (PN and CSP) cannot be nested inside firing-based domains (SDF, DE, CT, etc.).
  in .PNInsideDE.CompositeActor.port
Because:
class ptolemy.domains.de.kernel.DEReceiver cannot be cast to class ptolemy.actor.process.ProcessReceiver (ptolemy.domains.de.kernel.DEReceiver and ptolemy.actor.process.ProcessReceiver are in unnamed module of loader 'app')
	at ptolemy.actor.process.BranchController.addBranches(BranchController.java:182)
	at ptolemy.actor.process.CompositeProcessDirector.createBranchController(CompositeProcessDirector.java:221)
	at ptolemy.actor.process.CompositeProcessDirector.initialize(CompositeProcessDirector.java:289)
	at ptolemy.domains.pn.kernel.PNDirector.initialize(PNDirector.java:241)
	at ptolemy.actor.CompositeActor.initialize(CompositeActor.java:935)
	at ptolemy.actor.Director.initialize(Director.java:938)
	at ptolemy.actor.Director.initialize(Director.java:907)
	at ptolemy.domains.de.kernel.DEDirector.initialize(DEDirector.java:944)
	at ptolemy.actor.CompositeActor.initialize(CompositeActor.java:935)
	at ptolemy.actor.Manager.initialize(Manager.java:724)
	at ptolemy.actor.Manager.execute(Manager.java:356)
	at ptolemy.actor.Manager.run(Manager.java:1263)
	at ptolemy.actor.Manager$PtolemyRunThread.run(Manager.java:1933)
Caused by: java.lang.ClassCastException: class ptolemy.domains.de.kernel.DEReceiver cannot be cast to class ptolemy.actor.process.ProcessReceiver (ptolemy.domains.de.kernel.DEReceiver and ptolemy.actor.process.ProcessReceiver are in unnamed module of loader 'app')
	at ptolemy.actor.process.BranchController.addBranches(BranchController.java:178)
	... 12 more
Warning: '.RemoveNilTokens.Test2' The test produced only 7 tokens, yet the correctValues parameter was expecting 8 tokens.
Warning: '.RemoveNilTokens.Test' The test produced only 9 tokens, yet the correctValues parameter was expecting 13 tokens.
]]></system-err>
</testsuite>
