<?xml version="1.0" encoding="UTF-8" ?>
<testsuite errors="0" failures="0" hostname="travis-job-1e0da4ee-2e8a-4df6-938d-cf5ca712117d" name="ptolemy.domains.sdf.lib.test.junit.JUnitTclTest" skipped="0" tests="82" time="8.097" timestamp="2021-12-06T02:40:16">
  <properties>
[...]
</properties>
  <testcase classname="ptolemy.util.test.junit.TclTests" name="[0] /home/travis/build/icyphy/ptII/ptolemy/domains/sdf/lib/test/ArrayToSequence.tcl (RunTclFile)" time="0.57" />
  <testcase classname="ptolemy.util.test.junit.TclTests" name="[1] /home/travis/build/icyphy/ptII/ptolemy/domains/sdf/lib/test/BitsToInt.tcl (RunTclFile)" time="0.034" />
  <testcase classname="ptolemy.util.test.junit.TclTests" name="[2] /home/travis/build/icyphy/ptII/ptolemy/domains/sdf/lib/test/DelayLine.tcl (RunTclFile)" time="0.021" />
  <testcase classname="ptolemy.util.test.junit.TclTests" name="[3] /home/travis/build/icyphy/ptII/ptolemy/domains/sdf/lib/test/FFT.tcl (RunTclFile)" time="0.016" />
  <testcase classname="ptolemy.util.test.junit.TclTests" name="[4] /home/travis/build/icyphy/ptII/ptolemy/domains/sdf/lib/test/FIR.tcl (RunTclFile)" time="0.175" />
  <testcase classname="ptolemy.util.test.junit.TclTests" name="[5] /home/travis/build/icyphy/ptII/ptolemy/domains/sdf/lib/test/IntToBits.tcl (RunTclFile)" time="0.047" />
  <testcase classname="ptolemy.util.test.junit.TclTests" name="[6] /home/travis/build/icyphy/ptII/ptolemy/domains/sdf/lib/test/MaximumEntropySpectrum.tcl (RunTclFile)" time="0.329" />
  <testcase classname="ptolemy.util.test.junit.TclTests" name="[7] /home/travis/build/icyphy/ptII/ptolemy/domains/sdf/lib/test/Repeat.tcl (RunTclFile)" time="0.039" />
  <testcase classname="ptolemy.util.test.junit.TclTests" name="[8] /home/travis/build/icyphy/ptII/ptolemy/domains/sdf/lib/test/SampleDelay.tcl (RunTclFile)" time="0.082" />
  <testcase classname="ptolemy.util.test.junit.TclTests" name="[9] /home/travis/build/icyphy/ptII/ptolemy/domains/sdf/lib/test/SequenceToArray.tcl (RunTclFile)" time="0.056" />
  <testcase classname="ptolemy.util.test.junit.AutoKnownFailedTests" name="[0] ThereAreNoKnowFailedTests (RunModel)" time="0.005" />
  <testcase classname="ptolemy.util.test.junit.AutoNameArchTests" name="[0] ThereAreNoAutoArchTests (RunModel)" time="0.004" />
  <testcase classname="ptolemy.util.test.junit.AutoTests" name="[0] /home/travis/build/icyphy/ptII/ptolemy/domains/sdf/lib/test/auto/ArrayToSequence.xml (RunModel)" time="0.251" />
  <testcase classname="ptolemy.util.test.junit.AutoTests" name="[1] /home/travis/build/icyphy/ptII/ptolemy/domains/sdf/lib/test/auto/ArrayToSequenceTest.xml (RunModel)" time="0.095" />
  <testcase classname="ptolemy.util.test.junit.AutoTests" name="[2] /home/travis/build/icyphy/ptII/ptolemy/domains/sdf/lib/test/auto/Autocorrelation.xml (RunModel)" time="0.06" />
  <testcase classname="ptolemy.util.test.junit.AutoTests" name="[3] /home/travis/build/icyphy/ptII/ptolemy/domains/sdf/lib/test/auto/Autocorrelation2.xml (RunModel)" time="0.019" />
  <testcase classname="ptolemy.util.test.junit.AutoTests" name="[4] /home/travis/build/icyphy/ptII/ptolemy/domains/sdf/lib/test/auto/Autocorrelation3.xml (RunModel)" time="0.034" />
  <testcase classname="ptolemy.util.test.junit.AutoTests" name="[5] /home/travis/build/icyphy/ptII/ptolemy/domains/sdf/lib/test/auto/Autocorrelation4.xml (RunModel)" time="0.042" />
  <testcase classname="ptolemy.util.test.junit.AutoTests" name="[6] /home/travis/build/icyphy/ptII/ptolemy/domains/sdf/lib/test/auto/Autocorrelation5.xml (RunModel)" time="0.1" />
  <testcase classname="ptolemy.util.test.junit.AutoTests" name="[7] /home/travis/build/icyphy/ptII/ptolemy/domains/sdf/lib/test/auto/BitsToInt.xml (RunModel)" time="0.032" />
  <testcase classname="ptolemy.util.test.junit.AutoTests" name="[8] /home/travis/build/icyphy/ptII/ptolemy/domains/sdf/lib/test/auto/BooleanJoin.xml (RunModel)" time="0.052" />
  <testcase classname="ptolemy.util.test.junit.AutoTests" name="[9] /home/travis/build/icyphy/ptII/ptolemy/domains/sdf/lib/test/auto/BootstrapSampleDelay.xml (RunModel)" time="0.029" />
  <testcase classname="ptolemy.util.test.junit.AutoTests" name="[10] /home/travis/build/icyphy/ptII/ptolemy/domains/sdf/lib/test/auto/Chop.xml (RunModel)" time="0.065" />
  <testcase classname="ptolemy.util.test.junit.AutoTests" name="[11] /home/travis/build/icyphy/ptII/ptolemy/domains/sdf/lib/test/auto/Chop2.xml (RunModel)" time="0.053" />
  <testcase classname="ptolemy.util.test.junit.AutoTests" name="[12] /home/travis/build/icyphy/ptII/ptolemy/domains/sdf/lib/test/auto/ComplexJoin.xml (RunModel)" time="0.037" />
  <testcase classname="ptolemy.util.test.junit.AutoTests" name="[13] /home/travis/build/icyphy/ptII/ptolemy/domains/sdf/lib/test/auto/CountTrues.xml (RunModel)" time="0.027" />
  <testcase classname="ptolemy.util.test.junit.AutoTests" name="[14] /home/travis/build/icyphy/ptII/ptolemy/domains/sdf/lib/test/auto/DelayLine.xml (RunModel)" time="0.041" />
  <testcase classname="ptolemy.util.test.junit.AutoTests" name="[15] /home/travis/build/icyphy/ptII/ptolemy/domains/sdf/lib/test/auto/DotProduct.xml (RunModel)" time="0.025" />
  <testcase classname="ptolemy.util.test.junit.AutoTests" name="[16] /home/travis/build/icyphy/ptII/ptolemy/domains/sdf/lib/test/auto/DotProductMatrix.xml (RunModel)" time="0.017" />
  <testcase classname="ptolemy.util.test.junit.AutoTests" name="[17] /home/travis/build/icyphy/ptII/ptolemy/domains/sdf/lib/test/auto/DownSample1.xml (RunModel)" time="0.022" />
  <testcase classname="ptolemy.util.test.junit.AutoTests" name="[18] /home/travis/build/icyphy/ptII/ptolemy/domains/sdf/lib/test/auto/DynamicRateChange.xml (RunModel)" time="0.04" />
  <testcase classname="ptolemy.util.test.junit.AutoTests" name="[19] /home/travis/build/icyphy/ptII/ptolemy/domains/sdf/lib/test/auto/DynamicRates.xml (RunModel)" time="0.033" />
  <testcase classname="ptolemy.util.test.junit.AutoTests" name="[20] /home/travis/build/icyphy/ptII/ptolemy/domains/sdf/lib/test/auto/FFT1.xml (RunModel)" time="0.034" />
  <testcase classname="ptolemy.util.test.junit.AutoTests" name="[21] /home/travis/build/icyphy/ptII/ptolemy/domains/sdf/lib/test/auto/FIR1.xml (RunModel)" time="0.052" />
  <testcase classname="ptolemy.util.test.junit.AutoTests" name="[22] /home/travis/build/icyphy/ptII/ptolemy/domains/sdf/lib/test/auto/FIR2.xml (RunModel)" time="0.02" />
  <testcase classname="ptolemy.util.test.junit.AutoTests" name="[23] /home/travis/build/icyphy/ptII/ptolemy/domains/sdf/lib/test/auto/FIR4.xml (RunModel)" time="0.057" />
  <testcase classname="ptolemy.util.test.junit.AutoTests" name="[24] /home/travis/build/icyphy/ptII/ptolemy/domains/sdf/lib/test/auto/FixJoin.xml (RunModel)" time="0.04" />
  <testcase classname="ptolemy.util.test.junit.AutoTests" name="[25] /home/travis/build/icyphy/ptII/ptolemy/domains/sdf/lib/test/auto/IntJoin1.xml (RunModel)" time="0.019" />
  <testcase classname="ptolemy.util.test.junit.AutoTests" name="[26] /home/travis/build/icyphy/ptII/ptolemy/domains/sdf/lib/test/auto/IntJoin2.xml (RunModel)" time="0.025" />
  <testcase classname="ptolemy.util.test.junit.AutoTests" name="[27] /home/travis/build/icyphy/ptII/ptolemy/domains/sdf/lib/test/auto/IntJoin3.xml (RunModel)" time="0.038" />
  <testcase classname="ptolemy.util.test.junit.AutoTests" name="[28] /home/travis/build/icyphy/ptII/ptolemy/domains/sdf/lib/test/auto/IntJoin4.xml (RunModel)" time="0.025" />
  <testcase classname="ptolemy.util.test.junit.AutoTests" name="[29] /home/travis/build/icyphy/ptII/ptolemy/domains/sdf/lib/test/auto/IntJoin5.xml (RunModel)" time="0.031" />
  <testcase classname="ptolemy.util.test.junit.AutoTests" name="[30] /home/travis/build/icyphy/ptII/ptolemy/domains/sdf/lib/test/auto/IntToBits.xml (RunModel)" time="0.023" />
  <testcase classname="ptolemy.util.test.junit.AutoTests" name="[31] /home/travis/build/icyphy/ptII/ptolemy/domains/sdf/lib/test/auto/LMSAdaptive.xml (RunModel)" time="0.059" />
  <testcase classname="ptolemy.util.test.junit.AutoTests" name="[32] /home/travis/build/icyphy/ptII/ptolemy/domains/sdf/lib/test/auto/LMSAdaptiveFIR.xml (RunModel)" time="0.29" />
  <testcase classname="ptolemy.util.test.junit.AutoTests" name="[33] /home/travis/build/icyphy/ptII/ptolemy/domains/sdf/lib/test/auto/LMSAdaptiveFIR2.xml (RunModel)" time="0.386" />
  <testcase classname="ptolemy.util.test.junit.AutoTests" name="[34] /home/travis/build/icyphy/ptII/ptolemy/domains/sdf/lib/test/auto/LongJoin.xml (RunModel)" time="0.06" />
  <testcase classname="ptolemy.util.test.junit.AutoTests" name="[35] /home/travis/build/icyphy/ptII/ptolemy/domains/sdf/lib/test/auto/Matrix1.xml (RunModel)" time="0.052" />
  <testcase classname="ptolemy.util.test.junit.AutoTests" name="[36] /home/travis/build/icyphy/ptII/ptolemy/domains/sdf/lib/test/auto/Matrix2.xml (RunModel)" time="0.046" />
  <testcase classname="ptolemy.util.test.junit.AutoTests" name="[37] /home/travis/build/icyphy/ptII/ptolemy/domains/sdf/lib/test/auto/MatrixJoin1.xml (RunModel)" time="0.019" />
  <testcase classname="ptolemy.util.test.junit.AutoTests" name="[38] /home/travis/build/icyphy/ptII/ptolemy/domains/sdf/lib/test/auto/MatrixJoin2.xml (RunModel)" time="0.022" />
  <testcase classname="ptolemy.util.test.junit.AutoTests" name="[39] /home/travis/build/icyphy/ptII/ptolemy/domains/sdf/lib/test/auto/MatrixJoin3.xml (RunModel)" time="0.028" />
  <testcase classname="ptolemy.util.test.junit.AutoTests" name="[40] /home/travis/build/icyphy/ptII/ptolemy/domains/sdf/lib/test/auto/MatrixJoin4.xml (RunModel)" time="0.016" />
  <testcase classname="ptolemy.util.test.junit.AutoTests" name="[41] /home/travis/build/icyphy/ptII/ptolemy/domains/sdf/lib/test/auto/MatrixJoin5.xml (RunModel)" time="0.016" />
  <testcase classname="ptolemy.util.test.junit.AutoTests" name="[42] /home/travis/build/icyphy/ptII/ptolemy/domains/sdf/lib/test/auto/MatrixSplit1.xml (RunModel)" time="0.023" />
  <testcase classname="ptolemy.util.test.junit.AutoTests" name="[43] /home/travis/build/icyphy/ptII/ptolemy/domains/sdf/lib/test/auto/MatrixSplit10.xml (RunModel)" time="0.015" />
  <testcase classname="ptolemy.util.test.junit.AutoTests" name="[44] /home/travis/build/icyphy/ptII/ptolemy/domains/sdf/lib/test/auto/MatrixSplit11.xml (RunModel)" time="0.011" />
  <testcase classname="ptolemy.util.test.junit.AutoTests" name="[45] /home/travis/build/icyphy/ptII/ptolemy/domains/sdf/lib/test/auto/MatrixSplit12.xml (RunModel)" time="0.019" />
  <testcase classname="ptolemy.util.test.junit.AutoTests" name="[46] /home/travis/build/icyphy/ptII/ptolemy/domains/sdf/lib/test/auto/MatrixSplit13.xml (RunModel)" time="0.025" />
  <testcase classname="ptolemy.util.test.junit.AutoTests" name="[47] /home/travis/build/icyphy/ptII/ptolemy/domains/sdf/lib/test/auto/MatrixSplit14.xml (RunModel)" time="0.013" />
  <testcase classname="ptolemy.util.test.junit.AutoTests" name="[48] /home/travis/build/icyphy/ptII/ptolemy/domains/sdf/lib/test/auto/MatrixSplit2.xml (RunModel)" time="0.013" />
  <testcase classname="ptolemy.util.test.junit.AutoTests" name="[49] /home/travis/build/icyphy/ptII/ptolemy/domains/sdf/lib/test/auto/MatrixSplit3.xml (RunModel)" time="0.014" />
  <testcase classname="ptolemy.util.test.junit.AutoTests" name="[50] /home/travis/build/icyphy/ptII/ptolemy/domains/sdf/lib/test/auto/MatrixSplit4.xml (RunModel)" time="0.012" />
  <testcase classname="ptolemy.util.test.junit.AutoTests" name="[51] /home/travis/build/icyphy/ptII/ptolemy/domains/sdf/lib/test/auto/MatrixSplit5.xml (RunModel)" time="0.019" />
  <testcase classname="ptolemy.util.test.junit.AutoTests" name="[52] /home/travis/build/icyphy/ptII/ptolemy/domains/sdf/lib/test/auto/MatrixSplit6.xml (RunModel)" time="0.013" />
  <testcase classname="ptolemy.util.test.junit.AutoTests" name="[53] /home/travis/build/icyphy/ptII/ptolemy/domains/sdf/lib/test/auto/MatrixSplit7.xml (RunModel)" time="0.011" />
  <testcase classname="ptolemy.util.test.junit.AutoTests" name="[54] /home/travis/build/icyphy/ptII/ptolemy/domains/sdf/lib/test/auto/MatrixSplit8.xml (RunModel)" time="0.014" />
  <testcase classname="ptolemy.util.test.junit.AutoTests" name="[55] /home/travis/build/icyphy/ptII/ptolemy/domains/sdf/lib/test/auto/MatrixSplit9.xml (RunModel)" time="0.024" />
  <testcase classname="ptolemy.util.test.junit.AutoTests" name="[56] /home/travis/build/icyphy/ptII/ptolemy/domains/sdf/lib/test/auto/MatrixToSequence.xml (RunModel)" time="0.04" />
  <testcase classname="ptolemy.util.test.junit.AutoTests" name="[57] /home/travis/build/icyphy/ptII/ptolemy/domains/sdf/lib/test/auto/MaximumEntropySpectrum.xml (RunModel)" time="0.082" />
  <testcase classname="ptolemy.util.test.junit.AutoTests" name="[58] /home/travis/build/icyphy/ptII/ptolemy/domains/sdf/lib/test/auto/SampleDelayConversion.xml (RunModel)" time="0.021" />
  <testcase classname="ptolemy.util.test.junit.AutoTests" name="[59] /home/travis/build/icyphy/ptII/ptolemy/domains/sdf/lib/test/auto/SequenceToArray.xml (RunModel)" time="0.041" />
  <testcase classname="ptolemy.util.test.junit.AutoTests" name="[60] /home/travis/build/icyphy/ptII/ptolemy/domains/sdf/lib/test/auto/SequenceToMatrix.xml (RunModel)" time="3.048" />
  <testcase classname="ptolemy.util.test.junit.AutoTests" name="[61] /home/travis/build/icyphy/ptII/ptolemy/domains/sdf/lib/test/auto/SmoothedPeriodogram.xml (RunModel)" time="0.049" />
  <testcase classname="ptolemy.util.test.junit.AutoTests" name="[62] /home/travis/build/icyphy/ptII/ptolemy/domains/sdf/lib/test/auto/UpDownSample1.xml (RunModel)" time="0.017" />
  <testcase classname="ptolemy.util.test.junit.AutoTests" name="[63] /home/travis/build/icyphy/ptII/ptolemy/domains/sdf/lib/test/auto/UpSample1.xml (RunModel)" time="0.016" />
  <testcase classname="ptolemy.util.test.junit.AutoTests" name="[64] /home/travis/build/icyphy/ptII/ptolemy/domains/sdf/lib/test/auto/VariableFIR.xml (RunModel)" time="0.019" />
  <testcase classname="ptolemy.util.test.junit.AutoTests" name="[65] /home/travis/build/icyphy/ptII/ptolemy/domains/sdf/lib/test/auto/VariableFIR2.xml (RunModel)" time="0.018" />
  <testcase classname="ptolemy.util.test.junit.AutoTests" name="[66] /home/travis/build/icyphy/ptII/ptolemy/domains/sdf/lib/test/auto/VariableLattice.xml (RunModel)" time="0.022" />
  <testcase classname="ptolemy.util.test.junit.AutoTests" name="[67] /home/travis/build/icyphy/ptII/ptolemy/domains/sdf/lib/test/auto/VariableLattice2.xml (RunModel)" time="0.029" />
  <testcase classname="ptolemy.util.test.junit.AutoTests" name="[68] /home/travis/build/icyphy/ptII/ptolemy/domains/sdf/lib/test/auto/VariableRecursiveLattice.xml (RunModel)" time="0.015" />
  <testcase classname="ptolemy.util.test.junit.AutoTests" name="[69] /home/travis/build/icyphy/ptII/ptolemy/domains/sdf/lib/test/auto/VariableRecursiveLattice2.xml (RunModel)" time="0.015" />
  <system-out><![CDATA[/home/travis/build/icyphy/ptII/ptolemy/domains/sdf/lib/test/ArrayToSequence.tcl
testDefs.tcl: setting time out to 9000 seconds at Mon Dec 06 02:40:17 UTC 2021
97 ms. Memory: 129024K Free: 93582K (73%)
10 ms. Memory: 129024K Free: 91518K (71%)
24 ms. Memory: 129024K Free: 89501K (69%)
11 ms. Memory: 129024K Free: 88477K (69%)
/home/travis/build/icyphy/ptII/ptolemy/domains/sdf/lib/test/BitsToInt.tcl
9 ms. Memory: 129024K Free: 86429K (67%)
6 ms. Memory: 129024K Free: 84895K (66%)
/home/travis/build/icyphy/ptII/ptolemy/domains/sdf/lib/test/DelayLine.tcl
6 ms. Memory: 129024K Free: 82847K (64%)
/home/travis/build/icyphy/ptII/ptolemy/domains/sdf/lib/test/FFT.tcl
5 ms. Memory: 129024K Free: 81294K (63%)
/home/travis/build/icyphy/ptII/ptolemy/domains/sdf/lib/test/FIR.tcl
7 ms. Memory: 129024K Free: 79261K (61%)
87 ms. Memory: 129024K Free: 75165K (58%)
ptolemy.kernel.util.IllegalActionException: multiplyReverse method not supported between ptolemy.data.FixToken 'fix(-0.0625,6,2)' and ptolemy.data.IntToken '1' because the types are incomparable.
  in .top.FIRclone
Because:
multiplyReverse method not supported between ptolemy.data.FixToken 'fix(-0.0625,6,2)' and ptolemy.data.IntToken '1' because the types are incomparable.
32 ms. Memory: 129024K Free: 72607K (56%)
/home/travis/build/icyphy/ptII/ptolemy/domains/sdf/lib/test/IntToBits.tcl
9 ms. Memory: 129024K Free: 71069K (55%)
5 ms. Memory: 129024K Free: 69535K (54%)
/home/travis/build/icyphy/ptII/ptolemy/domains/sdf/lib/test/MaximumEntropySpectrum.tcl
/home/travis/build/icyphy/ptII/ptolemy/domains/sdf/lib/test/Repeat.tcl
12 ms. Memory: 129024K Free: 48541K (38%)
/home/travis/build/icyphy/ptII/ptolemy/domains/sdf/lib/test/SampleDelay.tcl
8 ms. Memory: 129024K Free: 112415K (87%)
7 ms. Memory: 129024K Free: 111887K (87%)
3 ms. Memory: 129024K Free: 110877K (86%)
12 ms. Memory: 129024K Free: 110367K (86%)
2 ms. Memory: 129024K Free: 109853K (85%)
6 ms. Memory: 129024K Free: 109343K (85%)
/home/travis/build/icyphy/ptII/ptolemy/domains/sdf/lib/test/SequenceToArray.tcl
10 ms. Memory: 129024K Free: 107295K (83%)
3 ms. Memory: 129024K Free: 106767K (83%)
10 ms. Memory: 129024K Free: 105247K (82%)
7 ms. Memory: 129024K Free: 104223K (81%)
12/06/21 02:40:18
Failed: 0  Total Tests: 41  ((Passed: 41, Newly Passed: 0)  Known Failed: 0) /home/travis/build/icyphy/ptII/ptolemy/domains/sdf/lib/test
No auto/knownFailedTests/*.xml tests in /home/travis/build/icyphy/ptII/ptolemy/domains/sdf/lib/test
No auto/linux-amd64/*.xml tests in /home/travis/build/icyphy/ptII/ptolemy/domains/sdf/lib/test
AutoTests.java: About to close Vertx.
AutoTests.java: Vertx closed.

===========================================================================================
----------------- testing Mon Dec 06 02:40:18 UTC 2021 /home/travis/build/icyphy/ptII/ptolemy/domains/sdf/lib/test/auto/ArrayToSequence.xml
----------------- Instantiating /home/travis/build/icyphy/ptII/ptolemy/domains/sdf/lib/test/auto/ArrayToSequence.xml
17 ms. Memory: 129024K Free: 92167K (71%)
----------------- Invoking toplevel() on ptolemy.moml.MoMLSimpleApplication@75c5e003
----------------- Done invoking toplevel() on ptolemy.moml.MoMLSimpleApplication@75c5e003
reloadAllAccessors: .ArrayToSequence

===========================================================================================
----------------- testing Mon Dec 06 02:40:19 UTC 2021 /home/travis/build/icyphy/ptII/ptolemy/domains/sdf/lib/test/auto/ArrayToSequenceTest.xml
----------------- Instantiating /home/travis/build/icyphy/ptII/ptolemy/domains/sdf/lib/test/auto/ArrayToSequenceTest.xml
24 ms. Memory: 129024K Free: 86037K (67%)
----------------- Invoking toplevel() on ptolemy.moml.MoMLSimpleApplication@2459ce10
----------------- Done invoking toplevel() on ptolemy.moml.MoMLSimpleApplication@2459ce10
reloadAllAccessors: .ArrayToSequenceTest

===========================================================================================
----------------- testing Mon Dec 06 02:40:19 UTC 2021 /home/travis/build/icyphy/ptII/ptolemy/domains/sdf/lib/test/auto/Autocorrelation.xml
----------------- Instantiating /home/travis/build/icyphy/ptII/ptolemy/domains/sdf/lib/test/auto/Autocorrelation.xml
4 ms. Memory: 129024K Free: 110150K (85%)
----------------- Invoking toplevel() on ptolemy.moml.MoMLSimpleApplication@4d466a52
----------------- Done invoking toplevel() on ptolemy.moml.MoMLSimpleApplication@4d466a52
reloadAllAccessors: .Autocorrelation

===========================================================================================
----------------- testing Mon Dec 06 02:40:19 UTC 2021 /home/travis/build/icyphy/ptII/ptolemy/domains/sdf/lib/test/auto/Autocorrelation2.xml
----------------- Instantiating /home/travis/build/icyphy/ptII/ptolemy/domains/sdf/lib/test/auto/Autocorrelation2.xml
3 ms. Memory: 129024K Free: 105751K (82%)
----------------- Invoking toplevel() on ptolemy.moml.MoMLSimpleApplication@1bf3643d
----------------- Done invoking toplevel() on ptolemy.moml.MoMLSimpleApplication@1bf3643d
reloadAllAccessors: .Autocorrelation2

===========================================================================================
----------------- testing Mon Dec 06 02:40:19 UTC 2021 /home/travis/build/icyphy/ptII/ptolemy/domains/sdf/lib/test/auto/Autocorrelation3.xml
----------------- Instantiating /home/travis/build/icyphy/ptII/ptolemy/domains/sdf/lib/test/auto/Autocorrelation3.xml
9 ms. Memory: 129024K Free: 101952K (79%)
----------------- Invoking toplevel() on ptolemy.moml.MoMLSimpleApplication@2c0d2455
----------------- Done invoking toplevel() on ptolemy.moml.MoMLSimpleApplication@2c0d2455
reloadAllAccessors: .Autocorrelation3

===========================================================================================
----------------- testing Mon Dec 06 02:40:19 UTC 2021 /home/travis/build/icyphy/ptII/ptolemy/domains/sdf/lib/test/auto/Autocorrelation4.xml
----------------- Instantiating /home/travis/build/icyphy/ptII/ptolemy/domains/sdf/lib/test/auto/Autocorrelation4.xml
4 ms. Memory: 129024K Free: 97551K (76%)
----------------- Invoking toplevel() on ptolemy.moml.MoMLSimpleApplication@3e047a9c
----------------- Done invoking toplevel() on ptolemy.moml.MoMLSimpleApplication@3e047a9c
reloadAllAccessors: .Autocorrelation4

===========================================================================================
----------------- testing Mon Dec 06 02:40:19 UTC 2021 /home/travis/build/icyphy/ptII/ptolemy/domains/sdf/lib/test/auto/Autocorrelation5.xml
----------------- Instantiating /home/travis/build/icyphy/ptII/ptolemy/domains/sdf/lib/test/auto/Autocorrelation5.xml
53 ms. Memory: 129024K Free: 90998K (71%)
----------------- Invoking toplevel() on ptolemy.moml.MoMLSimpleApplication@47f48615
----------------- Done invoking toplevel() on ptolemy.moml.MoMLSimpleApplication@47f48615
reloadAllAccessors: .Autocorrelation5

===========================================================================================
----------------- testing Mon Dec 06 02:40:19 UTC 2021 /home/travis/build/icyphy/ptII/ptolemy/domains/sdf/lib/test/auto/BitsToInt.xml
----------------- Instantiating /home/travis/build/icyphy/ptII/ptolemy/domains/sdf/lib/test/auto/BitsToInt.xml
4 ms. Memory: 129024K Free: 87646K (68%)
----------------- Invoking toplevel() on ptolemy.moml.MoMLSimpleApplication@54ad3c0a
----------------- Done invoking toplevel() on ptolemy.moml.MoMLSimpleApplication@54ad3c0a
reloadAllAccessors: .BitsToInt

===========================================================================================
----------------- testing Mon Dec 06 02:40:19 UTC 2021 /home/travis/build/icyphy/ptII/ptolemy/domains/sdf/lib/test/auto/BooleanJoin.xml
----------------- Instantiating /home/travis/build/icyphy/ptII/ptolemy/domains/sdf/lib/test/auto/BooleanJoin.xml
9 ms. Memory: 129024K Free: 83550K (65%)
----------------- Invoking toplevel() on ptolemy.moml.MoMLSimpleApplication@7301beb3
----------------- Done invoking toplevel() on ptolemy.moml.MoMLSimpleApplication@7301beb3
reloadAllAccessors: .BooleanJoin

===========================================================================================
----------------- testing Mon Dec 06 02:40:19 UTC 2021 /home/travis/build/icyphy/ptII/ptolemy/domains/sdf/lib/test/auto/BootstrapSampleDelay.xml
----------------- Instantiating /home/travis/build/icyphy/ptII/ptolemy/domains/sdf/lib/test/auto/BootstrapSampleDelay.xml
12 ms. Memory: 129024K Free: 79437K (62%)
----------------- Invoking toplevel() on ptolemy.moml.MoMLSimpleApplication@608c79f8
----------------- Done invoking toplevel() on ptolemy.moml.MoMLSimpleApplication@608c79f8
reloadAllAccessors: .BootstrapSampleDelay

===========================================================================================
----------------- testing Mon Dec 06 02:40:19 UTC 2021 /home/travis/build/icyphy/ptII/ptolemy/domains/sdf/lib/test/auto/Chop.xml
----------------- Instantiating /home/travis/build/icyphy/ptII/ptolemy/domains/sdf/lib/test/auto/Chop.xml
12 ms. Memory: 155648K Free: 138977K (89%)
----------------- Invoking toplevel() on ptolemy.moml.MoMLSimpleApplication@4b36bc4f
----------------- Done invoking toplevel() on ptolemy.moml.MoMLSimpleApplication@4b36bc4f
reloadAllAccessors: .Chop

===========================================================================================
----------------- testing Mon Dec 06 02:40:19 UTC 2021 /home/travis/build/icyphy/ptII/ptolemy/domains/sdf/lib/test/auto/Chop2.xml
----------------- Instantiating /home/travis/build/icyphy/ptII/ptolemy/domains/sdf/lib/test/auto/Chop2.xml
4 ms. Memory: 155648K Free: 132289K (85%)
----------------- Invoking toplevel() on ptolemy.moml.MoMLSimpleApplication@6a1bc35e
----------------- Done invoking toplevel() on ptolemy.moml.MoMLSimpleApplication@6a1bc35e
reloadAllAccessors: .Chop2

===========================================================================================
----------------- testing Mon Dec 06 02:40:19 UTC 2021 /home/travis/build/icyphy/ptII/ptolemy/domains/sdf/lib/test/auto/ComplexJoin.xml
----------------- Instantiating /home/travis/build/icyphy/ptII/ptolemy/domains/sdf/lib/test/auto/ComplexJoin.xml
5 ms. Memory: 155648K Free: 127936K (82%)
----------------- Invoking toplevel() on ptolemy.moml.MoMLSimpleApplication@1a09900a
----------------- Done invoking toplevel() on ptolemy.moml.MoMLSimpleApplication@1a09900a
reloadAllAccessors: .ComplexJoin

===========================================================================================
----------------- testing Mon Dec 06 02:40:19 UTC 2021 /home/travis/build/icyphy/ptII/ptolemy/domains/sdf/lib/test/auto/CountTrues.xml
----------------- Instantiating /home/travis/build/icyphy/ptII/ptolemy/domains/sdf/lib/test/auto/CountTrues.xml
5 ms. Memory: 155648K Free: 124458K (80%)
----------------- Invoking toplevel() on ptolemy.moml.MoMLSimpleApplication@52c98f79
----------------- Done invoking toplevel() on ptolemy.moml.MoMLSimpleApplication@52c98f79
reloadAllAccessors: .CountTrues

===========================================================================================
----------------- testing Mon Dec 06 02:40:19 UTC 2021 /home/travis/build/icyphy/ptII/ptolemy/domains/sdf/lib/test/auto/DelayLine.xml
----------------- Instantiating /home/travis/build/icyphy/ptII/ptolemy/domains/sdf/lib/test/auto/DelayLine.xml
8 ms. Memory: 155648K Free: 119360K (77%)
----------------- Invoking toplevel() on ptolemy.moml.MoMLSimpleApplication@3a22afd3
----------------- Done invoking toplevel() on ptolemy.moml.MoMLSimpleApplication@3a22afd3
reloadAllAccessors: .DelayLine

===========================================================================================
----------------- testing Mon Dec 06 02:40:19 UTC 2021 /home/travis/build/icyphy/ptII/ptolemy/domains/sdf/lib/test/auto/DotProduct.xml
----------------- Instantiating /home/travis/build/icyphy/ptII/ptolemy/domains/sdf/lib/test/auto/DotProduct.xml
4 ms. Memory: 155648K Free: 115906K (74%)
----------------- Invoking toplevel() on ptolemy.moml.MoMLSimpleApplication@3d4a059c
----------------- Done invoking toplevel() on ptolemy.moml.MoMLSimpleApplication@3d4a059c
reloadAllAccessors: .DotProduct

===========================================================================================
----------------- testing Mon Dec 06 02:40:19 UTC 2021 /home/travis/build/icyphy/ptII/ptolemy/domains/sdf/lib/test/auto/DotProductMatrix.xml
----------------- Instantiating /home/travis/build/icyphy/ptII/ptolemy/domains/sdf/lib/test/auto/DotProductMatrix.xml
2 ms. Memory: 155648K Free: 113194K (73%)
----------------- Invoking toplevel() on ptolemy.moml.MoMLSimpleApplication@4d872a9f
----------------- Done invoking toplevel() on ptolemy.moml.MoMLSimpleApplication@4d872a9f
reloadAllAccessors: .DotProductMatrix

===========================================================================================
----------------- testing Mon Dec 06 02:40:19 UTC 2021 /home/travis/build/icyphy/ptII/ptolemy/domains/sdf/lib/test/auto/DownSample1.xml
----------------- Instantiating /home/travis/build/icyphy/ptII/ptolemy/domains/sdf/lib/test/auto/DownSample1.xml
3 ms. Memory: 155648K Free: 110130K (71%)
----------------- Invoking toplevel() on ptolemy.moml.MoMLSimpleApplication@3e5fe1a1
----------------- Done invoking toplevel() on ptolemy.moml.MoMLSimpleApplication@3e5fe1a1
reloadAllAccessors: .DownSample1

===========================================================================================
----------------- testing Mon Dec 06 02:40:19 UTC 2021 /home/travis/build/icyphy/ptII/ptolemy/domains/sdf/lib/test/auto/DynamicRateChange.xml
----------------- Instantiating /home/travis/build/icyphy/ptII/ptolemy/domains/sdf/lib/test/auto/DynamicRateChange.xml
14 ms. Memory: 155648K Free: 104000K (67%)
----------------- Invoking toplevel() on ptolemy.moml.MoMLSimpleApplication@68812e02
----------------- Done invoking toplevel() on ptolemy.moml.MoMLSimpleApplication@68812e02
reloadAllAccessors: .DynamicRateChange

===========================================================================================
----------------- testing Mon Dec 06 02:40:19 UTC 2021 /home/travis/build/icyphy/ptII/ptolemy/domains/sdf/lib/test/auto/DynamicRates.xml
----------------- Instantiating /home/travis/build/icyphy/ptII/ptolemy/domains/sdf/lib/test/auto/DynamicRates.xml
10 ms. Memory: 155648K Free: 99874K (64%)
----------------- Invoking toplevel() on ptolemy.moml.MoMLSimpleApplication@5180d673
----------------- Done invoking toplevel() on ptolemy.moml.MoMLSimpleApplication@5180d673
reloadAllAccessors: .DynamicRates

===========================================================================================
----------------- testing Mon Dec 06 02:40:19 UTC 2021 /home/travis/build/icyphy/ptII/ptolemy/domains/sdf/lib/test/auto/FFT1.xml
----------------- Instantiating /home/travis/build/icyphy/ptII/ptolemy/domains/sdf/lib/test/auto/FFT1.xml
14 ms. Memory: 155648K Free: 95168K (61%)
----------------- Invoking toplevel() on ptolemy.moml.MoMLSimpleApplication@26d124c0
----------------- Done invoking toplevel() on ptolemy.moml.MoMLSimpleApplication@26d124c0
reloadAllAccessors: .FFT1

===========================================================================================
----------------- testing Mon Dec 06 02:40:19 UTC 2021 /home/travis/build/icyphy/ptII/ptolemy/domains/sdf/lib/test/auto/FIR1.xml
----------------- Instantiating /home/travis/build/icyphy/ptII/ptolemy/domains/sdf/lib/test/auto/FIR1.xml
17 ms. Memory: 155648K Free: 88271K (57%)
----------------- Invoking toplevel() on ptolemy.moml.MoMLSimpleApplication@45b530b0
----------------- Done invoking toplevel() on ptolemy.moml.MoMLSimpleApplication@45b530b0
reloadAllAccessors: .FIR1

===========================================================================================
----------------- testing Mon Dec 06 02:40:19 UTC 2021 /home/travis/build/icyphy/ptII/ptolemy/domains/sdf/lib/test/auto/FIR2.xml
----------------- Instantiating /home/travis/build/icyphy/ptII/ptolemy/domains/sdf/lib/test/auto/FIR2.xml
3 ms. Memory: 155648K Free: 84928K (55%)
----------------- Invoking toplevel() on ptolemy.moml.MoMLSimpleApplication@70543ff8
----------------- Done invoking toplevel() on ptolemy.moml.MoMLSimpleApplication@70543ff8
reloadAllAccessors: .FIR2

===========================================================================================
----------------- testing Mon Dec 06 02:40:20 UTC 2021 /home/travis/build/icyphy/ptII/ptolemy/domains/sdf/lib/test/auto/FIR4.xml
----------------- Instantiating /home/travis/build/icyphy/ptII/ptolemy/domains/sdf/lib/test/auto/FIR4.xml
7 ms. Memory: 155648K Free: 133864K (86%)
----------------- Invoking toplevel() on ptolemy.moml.MoMLSimpleApplication@3253520d
----------------- Done invoking toplevel() on ptolemy.moml.MoMLSimpleApplication@3253520d
reloadAllAccessors: .FIR4

===========================================================================================
----------------- testing Mon Dec 06 02:40:20 UTC 2021 /home/travis/build/icyphy/ptII/ptolemy/domains/sdf/lib/test/auto/FixJoin.xml
----------------- Instantiating /home/travis/build/icyphy/ptII/ptolemy/domains/sdf/lib/test/auto/FixJoin.xml
3 ms. Memory: 155648K Free: 129031K (83%)
----------------- Invoking toplevel() on ptolemy.moml.MoMLSimpleApplication@608b7920
----------------- Done invoking toplevel() on ptolemy.moml.MoMLSimpleApplication@608b7920
reloadAllAccessors: .FixJoin

===========================================================================================
----------------- testing Mon Dec 06 02:40:20 UTC 2021 /home/travis/build/icyphy/ptII/ptolemy/domains/sdf/lib/test/auto/IntJoin1.xml
----------------- Instantiating /home/travis/build/icyphy/ptII/ptolemy/domains/sdf/lib/test/auto/IntJoin1.xml
2 ms. Memory: 155648K Free: 124935K (80%)
----------------- Invoking toplevel() on ptolemy.moml.MoMLSimpleApplication@278f4fdb
----------------- Done invoking toplevel() on ptolemy.moml.MoMLSimpleApplication@278f4fdb
reloadAllAccessors: .IntJoin1

===========================================================================================
----------------- testing Mon Dec 06 02:40:20 UTC 2021 /home/travis/build/icyphy/ptII/ptolemy/domains/sdf/lib/test/auto/IntJoin2.xml
----------------- Instantiating /home/travis/build/icyphy/ptII/ptolemy/domains/sdf/lib/test/auto/IntJoin2.xml
5 ms. Memory: 155648K Free: 120554K (77%)
----------------- Invoking toplevel() on ptolemy.moml.MoMLSimpleApplication@31183630
----------------- Done invoking toplevel() on ptolemy.moml.MoMLSimpleApplication@31183630
reloadAllAccessors: .IntJoin2

===========================================================================================
----------------- testing Mon Dec 06 02:40:20 UTC 2021 /home/travis/build/icyphy/ptII/ptolemy/domains/sdf/lib/test/auto/IntJoin3.xml
----------------- Instantiating /home/travis/build/icyphy/ptII/ptolemy/domains/sdf/lib/test/auto/IntJoin3.xml
4 ms. Memory: 155648K Free: 116065K (75%)
----------------- Invoking toplevel() on ptolemy.moml.MoMLSimpleApplication@5b59cdf4
----------------- Done invoking toplevel() on ptolemy.moml.MoMLSimpleApplication@5b59cdf4
reloadAllAccessors: .IntJoin3

===========================================================================================
----------------- testing Mon Dec 06 02:40:20 UTC 2021 /home/travis/build/icyphy/ptII/ptolemy/domains/sdf/lib/test/auto/IntJoin4.xml
----------------- Instantiating /home/travis/build/icyphy/ptII/ptolemy/domains/sdf/lib/test/auto/IntJoin4.xml
2 ms. Memory: 155648K Free: 111969K (72%)
----------------- Invoking toplevel() on ptolemy.moml.MoMLSimpleApplication@79dbd548
----------------- Done invoking toplevel() on ptolemy.moml.MoMLSimpleApplication@79dbd548
reloadAllAccessors: .IntJoin4

===========================================================================================
----------------- testing Mon Dec 06 02:40:20 UTC 2021 /home/travis/build/icyphy/ptII/ptolemy/domains/sdf/lib/test/auto/IntJoin5.xml
----------------- Instantiating /home/travis/build/icyphy/ptII/ptolemy/domains/sdf/lib/test/auto/IntJoin5.xml
2 ms. Memory: 155648K Free: 107242K (69%)
----------------- Invoking toplevel() on ptolemy.moml.MoMLSimpleApplication@2cecfa3c
----------------- Done invoking toplevel() on ptolemy.moml.MoMLSimpleApplication@2cecfa3c
reloadAllAccessors: .IntJoin5

===========================================================================================
----------------- testing Mon Dec 06 02:40:20 UTC 2021 /home/travis/build/icyphy/ptII/ptolemy/domains/sdf/lib/test/auto/IntToBits.xml
----------------- Instantiating /home/travis/build/icyphy/ptII/ptolemy/domains/sdf/lib/test/auto/IntToBits.xml
6 ms. Memory: 155648K Free: 104170K (67%)
----------------- Invoking toplevel() on ptolemy.moml.MoMLSimpleApplication@362a5b7f
----------------- Done invoking toplevel() on ptolemy.moml.MoMLSimpleApplication@362a5b7f
reloadAllAccessors: .IntToBits

===========================================================================================
----------------- testing Mon Dec 06 02:40:20 UTC 2021 /home/travis/build/icyphy/ptII/ptolemy/domains/sdf/lib/test/auto/LMSAdaptive.xml
----------------- Instantiating /home/travis/build/icyphy/ptII/ptolemy/domains/sdf/lib/test/auto/LMSAdaptive.xml
12 ms. Memory: 155648K Free: 95978K (62%)
----------------- Invoking toplevel() on ptolemy.moml.MoMLSimpleApplication@633b1be2
----------------- Done invoking toplevel() on ptolemy.moml.MoMLSimpleApplication@633b1be2
reloadAllAccessors: .LMSAdaptive

===========================================================================================
----------------- testing Mon Dec 06 02:40:20 UTC 2021 /home/travis/build/icyphy/ptII/ptolemy/domains/sdf/lib/test/auto/LMSAdaptiveFIR.xml
----------------- Instantiating /home/travis/build/icyphy/ptII/ptolemy/domains/sdf/lib/test/auto/LMSAdaptiveFIR.xml
222 ms. Memory: 155648K Free: 134890K (87%)
----------------- Invoking toplevel() on ptolemy.moml.MoMLSimpleApplication@6cd478f4
----------------- Done invoking toplevel() on ptolemy.moml.MoMLSimpleApplication@6cd478f4
reloadAllAccessors: .LMSAdaptiveFIR

===========================================================================================
----------------- testing Mon Dec 06 02:40:20 UTC 2021 /home/travis/build/icyphy/ptII/ptolemy/domains/sdf/lib/test/auto/LMSAdaptiveFIR2.xml
----------------- Instantiating /home/travis/build/icyphy/ptII/ptolemy/domains/sdf/lib/test/auto/LMSAdaptiveFIR2.xml
315 ms. Memory: 155648K Free: 76528K (49%)
----------------- Invoking toplevel() on ptolemy.moml.MoMLSimpleApplication@7a0c4284
----------------- Done invoking toplevel() on ptolemy.moml.MoMLSimpleApplication@7a0c4284
reloadAllAccessors: .LMSAdaptiveFIR2

===========================================================================================
----------------- testing Mon Dec 06 02:40:21 UTC 2021 /home/travis/build/icyphy/ptII/ptolemy/domains/sdf/lib/test/auto/LongJoin.xml
----------------- Instantiating /home/travis/build/icyphy/ptII/ptolemy/domains/sdf/lib/test/auto/LongJoin.xml
2 ms. Memory: 155648K Free: 72042K (46%)
----------------- Invoking toplevel() on ptolemy.moml.MoMLSimpleApplication@19dc6237
----------------- Done invoking toplevel() on ptolemy.moml.MoMLSimpleApplication@19dc6237
reloadAllAccessors: .LongJoin

===========================================================================================
----------------- testing Mon Dec 06 02:40:21 UTC 2021 /home/travis/build/icyphy/ptII/ptolemy/domains/sdf/lib/test/auto/Matrix1.xml
----------------- Instantiating /home/travis/build/icyphy/ptII/ptolemy/domains/sdf/lib/test/auto/Matrix1.xml
2 ms. Memory: 155648K Free: 68711K (44%)
----------------- Invoking toplevel() on ptolemy.moml.MoMLSimpleApplication@667da68c
----------------- Done invoking toplevel() on ptolemy.moml.MoMLSimpleApplication@667da68c
reloadAllAccessors: .Matrix1

===========================================================================================
----------------- testing Mon Dec 06 02:40:21 UTC 2021 /home/travis/build/icyphy/ptII/ptolemy/domains/sdf/lib/test/auto/Matrix2.xml
----------------- Instantiating /home/travis/build/icyphy/ptII/ptolemy/domains/sdf/lib/test/auto/Matrix2.xml
4 ms. Memory: 155648K Free: 64834K (42%)
----------------- Invoking toplevel() on ptolemy.moml.MoMLSimpleApplication@277f7759
----------------- Done invoking toplevel() on ptolemy.moml.MoMLSimpleApplication@277f7759
reloadAllAccessors: .Matrix2

===========================================================================================
----------------- testing Mon Dec 06 02:40:21 UTC 2021 /home/travis/build/icyphy/ptII/ptolemy/domains/sdf/lib/test/auto/MatrixJoin1.xml
----------------- Instantiating /home/travis/build/icyphy/ptII/ptolemy/domains/sdf/lib/test/auto/MatrixJoin1.xml
2 ms. Memory: 155648K Free: 60535K (39%)
----------------- Invoking toplevel() on ptolemy.moml.MoMLSimpleApplication@4728552
----------------- Done invoking toplevel() on ptolemy.moml.MoMLSimpleApplication@4728552
reloadAllAccessors: .MatrixJoin1

===========================================================================================
----------------- testing Mon Dec 06 02:40:21 UTC 2021 /home/travis/build/icyphy/ptII/ptolemy/domains/sdf/lib/test/auto/MatrixJoin2.xml
----------------- Instantiating /home/travis/build/icyphy/ptII/ptolemy/domains/sdf/lib/test/auto/MatrixJoin2.xml
2 ms. Memory: 155648K Free: 134586K (86%)
----------------- Invoking toplevel() on ptolemy.moml.MoMLSimpleApplication@4c41c4d1
----------------- Done invoking toplevel() on ptolemy.moml.MoMLSimpleApplication@4c41c4d1
reloadAllAccessors: .MatrixJoin2

===========================================================================================
----------------- testing Mon Dec 06 02:40:21 UTC 2021 /home/travis/build/icyphy/ptII/ptolemy/domains/sdf/lib/test/auto/MatrixJoin3.xml
----------------- Instantiating /home/travis/build/icyphy/ptII/ptolemy/domains/sdf/lib/test/auto/MatrixJoin3.xml
9 ms. Memory: 155648K Free: 130490K (84%)
----------------- Invoking toplevel() on ptolemy.moml.MoMLSimpleApplication@501d2773
----------------- Done invoking toplevel() on ptolemy.moml.MoMLSimpleApplication@501d2773
reloadAllAccessors: .MatrixJoin3

===========================================================================================
----------------- testing Mon Dec 06 02:40:21 UTC 2021 /home/travis/build/icyphy/ptII/ptolemy/domains/sdf/lib/test/auto/MatrixJoin4.xml
----------------- Instantiating /home/travis/build/icyphy/ptII/ptolemy/domains/sdf/lib/test/auto/MatrixJoin4.xml
2 ms. Memory: 155648K Free: 126394K (81%)
----------------- Invoking toplevel() on ptolemy.moml.MoMLSimpleApplication@285dc411
----------------- Done invoking toplevel() on ptolemy.moml.MoMLSimpleApplication@285dc411
reloadAllAccessors: .MatrixJoin4

===========================================================================================
----------------- testing Mon Dec 06 02:40:21 UTC 2021 /home/travis/build/icyphy/ptII/ptolemy/domains/sdf/lib/test/auto/MatrixJoin5.xml
----------------- Instantiating /home/travis/build/icyphy/ptII/ptolemy/domains/sdf/lib/test/auto/MatrixJoin5.xml
1 ms. Memory: 155648K Free: 122284K (79%)
----------------- Invoking toplevel() on ptolemy.moml.MoMLSimpleApplication@5afda012
----------------- Done invoking toplevel() on ptolemy.moml.MoMLSimpleApplication@5afda012
reloadAllAccessors: .MatrixJoin5

===========================================================================================
----------------- testing Mon Dec 06 02:40:21 UTC 2021 /home/travis/build/icyphy/ptII/ptolemy/domains/sdf/lib/test/auto/MatrixSplit1.xml
----------------- Instantiating /home/travis/build/icyphy/ptII/ptolemy/domains/sdf/lib/test/auto/MatrixSplit1.xml
2 ms. Memory: 155648K Free: 117178K (75%)
----------------- Invoking toplevel() on ptolemy.moml.MoMLSimpleApplication@5eb6b342
----------------- Done invoking toplevel() on ptolemy.moml.MoMLSimpleApplication@5eb6b342
reloadAllAccessors: .MatrixSplit1

===========================================================================================
----------------- testing Mon Dec 06 02:40:21 UTC 2021 /home/travis/build/icyphy/ptII/ptolemy/domains/sdf/lib/test/auto/MatrixSplit10.xml
----------------- Instantiating /home/travis/build/icyphy/ptII/ptolemy/domains/sdf/lib/test/auto/MatrixSplit10.xml
3 ms. Memory: 155648K Free: 113596K (73%)
----------------- Invoking toplevel() on ptolemy.moml.MoMLSimpleApplication@21da96d9
----------------- Done invoking toplevel() on ptolemy.moml.MoMLSimpleApplication@21da96d9
reloadAllAccessors: .MatrixSplit10

===========================================================================================
----------------- testing Mon Dec 06 02:40:21 UTC 2021 /home/travis/build/icyphy/ptII/ptolemy/domains/sdf/lib/test/auto/MatrixSplit11.xml
----------------- Instantiating /home/travis/build/icyphy/ptII/ptolemy/domains/sdf/lib/test/auto/MatrixSplit11.xml
2 ms. Memory: 155648K Free: 110010K (71%)
----------------- Invoking toplevel() on ptolemy.moml.MoMLSimpleApplication@78cadc7e
----------------- Done invoking toplevel() on ptolemy.moml.MoMLSimpleApplication@78cadc7e
reloadAllAccessors: .MatrixSplit11

===========================================================================================
----------------- testing Mon Dec 06 02:40:21 UTC 2021 /home/travis/build/icyphy/ptII/ptolemy/domains/sdf/lib/test/auto/MatrixSplit12.xml
----------------- Instantiating /home/travis/build/icyphy/ptII/ptolemy/domains/sdf/lib/test/auto/MatrixSplit12.xml
2 ms. Memory: 155648K Free: 106428K (68%)
----------------- Invoking toplevel() on ptolemy.moml.MoMLSimpleApplication@45b0d43a
----------------- Done invoking toplevel() on ptolemy.moml.MoMLSimpleApplication@45b0d43a
reloadAllAccessors: .MatrixSplit12

===========================================================================================
----------------- testing Mon Dec 06 02:40:21 UTC 2021 /home/travis/build/icyphy/ptII/ptolemy/domains/sdf/lib/test/auto/MatrixSplit13.xml
----------------- Instantiating /home/travis/build/icyphy/ptII/ptolemy/domains/sdf/lib/test/auto/MatrixSplit13.xml
3 ms. Memory: 155648K Free: 102842K (66%)
----------------- Invoking toplevel() on ptolemy.moml.MoMLSimpleApplication@c434459
----------------- Done invoking toplevel() on ptolemy.moml.MoMLSimpleApplication@c434459
reloadAllAccessors: .MatrixSplit13

===========================================================================================
----------------- testing Mon Dec 06 02:40:21 UTC 2021 /home/travis/build/icyphy/ptII/ptolemy/domains/sdf/lib/test/auto/MatrixSplit14.xml
----------------- Instantiating /home/travis/build/icyphy/ptII/ptolemy/domains/sdf/lib/test/auto/MatrixSplit14.xml
2 ms. Memory: 155648K Free: 99260K (64%)
----------------- Invoking toplevel() on ptolemy.moml.MoMLSimpleApplication@26dc83bf
----------------- Done invoking toplevel() on ptolemy.moml.MoMLSimpleApplication@26dc83bf
reloadAllAccessors: .MatrixSplit14

===========================================================================================
----------------- testing Mon Dec 06 02:40:21 UTC 2021 /home/travis/build/icyphy/ptII/ptolemy/domains/sdf/lib/test/auto/MatrixSplit2.xml
----------------- Instantiating /home/travis/build/icyphy/ptII/ptolemy/domains/sdf/lib/test/auto/MatrixSplit2.xml
2 ms. Memory: 155648K Free: 95674K (61%)
----------------- Invoking toplevel() on ptolemy.moml.MoMLSimpleApplication@c1f96db
----------------- Done invoking toplevel() on ptolemy.moml.MoMLSimpleApplication@c1f96db
reloadAllAccessors: .MatrixSplit2

===========================================================================================
----------------- testing Mon Dec 06 02:40:21 UTC 2021 /home/travis/build/icyphy/ptII/ptolemy/domains/sdf/lib/test/auto/MatrixSplit3.xml
----------------- Instantiating /home/travis/build/icyphy/ptII/ptolemy/domains/sdf/lib/test/auto/MatrixSplit3.xml
3 ms. Memory: 155648K Free: 92092K (59%)
----------------- Invoking toplevel() on ptolemy.moml.MoMLSimpleApplication@575fbc09
----------------- Done invoking toplevel() on ptolemy.moml.MoMLSimpleApplication@575fbc09
reloadAllAccessors: .MatrixSplit3

===========================================================================================
----------------- testing Mon Dec 06 02:40:21 UTC 2021 /home/travis/build/icyphy/ptII/ptolemy/domains/sdf/lib/test/auto/MatrixSplit4.xml
----------------- Instantiating /home/travis/build/icyphy/ptII/ptolemy/domains/sdf/lib/test/auto/MatrixSplit4.xml
2 ms. Memory: 155648K Free: 88506K (57%)
----------------- Invoking toplevel() on ptolemy.moml.MoMLSimpleApplication@3f3b0d87
----------------- Done invoking toplevel() on ptolemy.moml.MoMLSimpleApplication@3f3b0d87
reloadAllAccessors: .MatrixSplit4

===========================================================================================
----------------- testing Mon Dec 06 02:40:21 UTC 2021 /home/travis/build/icyphy/ptII/ptolemy/domains/sdf/lib/test/auto/MatrixSplit5.xml
----------------- Instantiating /home/travis/build/icyphy/ptII/ptolemy/domains/sdf/lib/test/auto/MatrixSplit5.xml
8 ms. Memory: 155648K Free: 84924K (55%)
----------------- Invoking toplevel() on ptolemy.moml.MoMLSimpleApplication@16183ffb
----------------- Done invoking toplevel() on ptolemy.moml.MoMLSimpleApplication@16183ffb
reloadAllAccessors: .MatrixSplit5

===========================================================================================
----------------- testing Mon Dec 06 02:40:21 UTC 2021 /home/travis/build/icyphy/ptII/ptolemy/domains/sdf/lib/test/auto/MatrixSplit6.xml
----------------- Instantiating /home/travis/build/icyphy/ptII/ptolemy/domains/sdf/lib/test/auto/MatrixSplit6.xml
1 ms. Memory: 155648K Free: 81338K (52%)
----------------- Invoking toplevel() on ptolemy.moml.MoMLSimpleApplication@59638282
----------------- Done invoking toplevel() on ptolemy.moml.MoMLSimpleApplication@59638282
reloadAllAccessors: .MatrixSplit6

===========================================================================================
----------------- testing Mon Dec 06 02:40:21 UTC 2021 /home/travis/build/icyphy/ptII/ptolemy/domains/sdf/lib/test/auto/MatrixSplit7.xml
----------------- Instantiating /home/travis/build/icyphy/ptII/ptolemy/domains/sdf/lib/test/auto/MatrixSplit7.xml
2 ms. Memory: 155648K Free: 78252K (50%)
----------------- Invoking toplevel() on ptolemy.moml.MoMLSimpleApplication@3a07cdd4
----------------- Done invoking toplevel() on ptolemy.moml.MoMLSimpleApplication@3a07cdd4
reloadAllAccessors: .MatrixSplit7

===========================================================================================
----------------- testing Mon Dec 06 02:40:21 UTC 2021 /home/travis/build/icyphy/ptII/ptolemy/domains/sdf/lib/test/auto/MatrixSplit8.xml
----------------- Instantiating /home/travis/build/icyphy/ptII/ptolemy/domains/sdf/lib/test/auto/MatrixSplit8.xml
1 ms. Memory: 155648K Free: 74684K (48%)
----------------- Invoking toplevel() on ptolemy.moml.MoMLSimpleApplication@642a61d1
----------------- Done invoking toplevel() on ptolemy.moml.MoMLSimpleApplication@642a61d1
reloadAllAccessors: .MatrixSplit8

===========================================================================================
----------------- testing Mon Dec 06 02:40:21 UTC 2021 /home/travis/build/icyphy/ptII/ptolemy/domains/sdf/lib/test/auto/MatrixSplit9.xml
----------------- Instantiating /home/travis/build/icyphy/ptII/ptolemy/domains/sdf/lib/test/auto/MatrixSplit9.xml
4 ms. Memory: 155648K Free: 71098K (46%)
----------------- Invoking toplevel() on ptolemy.moml.MoMLSimpleApplication@62807eaa
----------------- Done invoking toplevel() on ptolemy.moml.MoMLSimpleApplication@62807eaa
reloadAllAccessors: .MatrixSplit9

===========================================================================================
----------------- testing Mon Dec 06 02:40:21 UTC 2021 /home/travis/build/icyphy/ptII/ptolemy/domains/sdf/lib/test/auto/MatrixToSequence.xml
----------------- Instantiating /home/travis/build/icyphy/ptII/ptolemy/domains/sdf/lib/test/auto/MatrixToSequence.xml
10 ms. Memory: 155648K Free: 61882K (40%)
----------------- Invoking toplevel() on ptolemy.moml.MoMLSimpleApplication@14e64f53
----------------- Done invoking toplevel() on ptolemy.moml.MoMLSimpleApplication@14e64f53
reloadAllAccessors: .MatrixToSequence

===========================================================================================
----------------- testing Mon Dec 06 02:40:21 UTC 2021 /home/travis/build/icyphy/ptII/ptolemy/domains/sdf/lib/test/auto/MaximumEntropySpectrum.xml
----------------- Instantiating /home/travis/build/icyphy/ptII/ptolemy/domains/sdf/lib/test/auto/MaximumEntropySpectrum.xml
11 ms. Memory: 155648K Free: 121274K (78%)
----------------- Invoking toplevel() on ptolemy.moml.MoMLSimpleApplication@711d468a
----------------- Done invoking toplevel() on ptolemy.moml.MoMLSimpleApplication@711d468a
reloadAllAccessors: .MaximumEntropySpectrum

===========================================================================================
----------------- testing Mon Dec 06 02:40:21 UTC 2021 /home/travis/build/icyphy/ptII/ptolemy/domains/sdf/lib/test/auto/SampleDelayConversion.xml
----------------- Instantiating /home/travis/build/icyphy/ptII/ptolemy/domains/sdf/lib/test/auto/SampleDelayConversion.xml
1 ms. Memory: 155648K Free: 117178K (75%)
----------------- Invoking toplevel() on ptolemy.moml.MoMLSimpleApplication@797c8382
----------------- Done invoking toplevel() on ptolemy.moml.MoMLSimpleApplication@797c8382
reloadAllAccessors: .SampleDelayConversion

===========================================================================================
----------------- testing Mon Dec 06 02:40:21 UTC 2021 /home/travis/build/icyphy/ptII/ptolemy/domains/sdf/lib/test/auto/SequenceToArray.xml
----------------- Instantiating /home/travis/build/icyphy/ptII/ptolemy/domains/sdf/lib/test/auto/SequenceToArray.xml
9 ms. Memory: 155648K Free: 106394K (68%)
----------------- Invoking toplevel() on ptolemy.moml.MoMLSimpleApplication@46c453b4
----------------- Done invoking toplevel() on ptolemy.moml.MoMLSimpleApplication@46c453b4
reloadAllAccessors: .SequenceToArray

===========================================================================================
----------------- testing Mon Dec 06 02:40:21 UTC 2021 /home/travis/build/icyphy/ptII/ptolemy/domains/sdf/lib/test/auto/SequenceToMatrix.xml
----------------- Instantiating /home/travis/build/icyphy/ptII/ptolemy/domains/sdf/lib/test/auto/SequenceToMatrix.xml
3027 ms. Memory: 155648K Free: 106595K (68%)
----------------- Invoking toplevel() on ptolemy.moml.MoMLSimpleApplication@3d9e2dd6
----------------- Done invoking toplevel() on ptolemy.moml.MoMLSimpleApplication@3d9e2dd6
reloadAllAccessors: .SequenceToMatrix

===========================================================================================
----------------- testing Mon Dec 06 02:40:24 UTC 2021 /home/travis/build/icyphy/ptII/ptolemy/domains/sdf/lib/test/auto/SmoothedPeriodogram.xml
----------------- Instantiating /home/travis/build/icyphy/ptII/ptolemy/domains/sdf/lib/test/auto/SmoothedPeriodogram.xml
7 ms. Memory: 155648K Free: 91235K (59%)
----------------- Invoking toplevel() on ptolemy.moml.MoMLSimpleApplication@38b8d9ee
----------------- Done invoking toplevel() on ptolemy.moml.MoMLSimpleApplication@38b8d9ee
reloadAllAccessors: .SmoothedPeriodogram

===========================================================================================
----------------- testing Mon Dec 06 02:40:24 UTC 2021 /home/travis/build/icyphy/ptII/ptolemy/domains/sdf/lib/test/auto/UpDownSample1.xml
----------------- Instantiating /home/travis/build/icyphy/ptII/ptolemy/domains/sdf/lib/test/auto/UpDownSample1.xml
6 ms. Memory: 155648K Free: 87139K (56%)
----------------- Invoking toplevel() on ptolemy.moml.MoMLSimpleApplication@4faa55d0
----------------- Done invoking toplevel() on ptolemy.moml.MoMLSimpleApplication@4faa55d0
reloadAllAccessors: .UpDownSample1

===========================================================================================
----------------- testing Mon Dec 06 02:40:24 UTC 2021 /home/travis/build/icyphy/ptII/ptolemy/domains/sdf/lib/test/auto/UpSample1.xml
----------------- Instantiating /home/travis/build/icyphy/ptII/ptolemy/domains/sdf/lib/test/auto/UpSample1.xml
2 ms. Memory: 155648K Free: 83557K (54%)
----------------- Invoking toplevel() on ptolemy.moml.MoMLSimpleApplication@6a22562
----------------- Done invoking toplevel() on ptolemy.moml.MoMLSimpleApplication@6a22562
reloadAllAccessors: .UpSample1

===========================================================================================
----------------- testing Mon Dec 06 02:40:24 UTC 2021 /home/travis/build/icyphy/ptII/ptolemy/domains/sdf/lib/test/auto/VariableFIR.xml
----------------- Instantiating /home/travis/build/icyphy/ptII/ptolemy/domains/sdf/lib/test/auto/VariableFIR.xml
3 ms. Memory: 155648K Free: 78437K (50%)
----------------- Invoking toplevel() on ptolemy.moml.MoMLSimpleApplication@1965fbe4
----------------- Done invoking toplevel() on ptolemy.moml.MoMLSimpleApplication@1965fbe4
reloadAllAccessors: .VariableFIR

===========================================================================================
----------------- testing Mon Dec 06 02:40:24 UTC 2021 /home/travis/build/icyphy/ptII/ptolemy/domains/sdf/lib/test/auto/VariableFIR2.xml
----------------- Instantiating /home/travis/build/icyphy/ptII/ptolemy/domains/sdf/lib/test/auto/VariableFIR2.xml
3 ms. Memory: 155648K Free: 73317K (47%)
----------------- Invoking toplevel() on ptolemy.moml.MoMLSimpleApplication@4250b9e7
----------------- Done invoking toplevel() on ptolemy.moml.MoMLSimpleApplication@4250b9e7
reloadAllAccessors: .VariableFIR2

===========================================================================================
----------------- testing Mon Dec 06 02:40:24 UTC 2021 /home/travis/build/icyphy/ptII/ptolemy/domains/sdf/lib/test/auto/VariableLattice.xml
----------------- Instantiating /home/travis/build/icyphy/ptII/ptolemy/domains/sdf/lib/test/auto/VariableLattice.xml
3 ms. Memory: 155648K Free: 67173K (43%)
----------------- Invoking toplevel() on ptolemy.moml.MoMLSimpleApplication@6e3b3a7d
----------------- Done invoking toplevel() on ptolemy.moml.MoMLSimpleApplication@6e3b3a7d
reloadAllAccessors: .VariableLattice

===========================================================================================
----------------- testing Mon Dec 06 02:40:24 UTC 2021 /home/travis/build/icyphy/ptII/ptolemy/domains/sdf/lib/test/auto/VariableLattice2.xml
----------------- Instantiating /home/travis/build/icyphy/ptII/ptolemy/domains/sdf/lib/test/auto/VariableLattice2.xml
1.0
-1.999999602036
1.9099998677481
-0.9099996420674
0.205
0.0
0.0
1.0
-0.25
-0.5
0.0
0.0
0.0
0.0
7 ms. Memory: 155648K Free: 62563K (40%)
----------------- Invoking toplevel() on ptolemy.moml.MoMLSimpleApplication@1436f7b2
----------------- Done invoking toplevel() on ptolemy.moml.MoMLSimpleApplication@1436f7b2
reloadAllAccessors: .VariableLattice2

===========================================================================================
----------------- testing Mon Dec 06 02:40:24 UTC 2021 /home/travis/build/icyphy/ptII/ptolemy/domains/sdf/lib/test/auto/VariableRecursiveLattice.xml
----------------- Instantiating /home/travis/build/icyphy/ptII/ptolemy/domains/sdf/lib/test/auto/VariableRecursiveLattice.xml
2 ms. Memory: 155648K Free: 57957K (37%)
----------------- Invoking toplevel() on ptolemy.moml.MoMLSimpleApplication@2af2bc71
----------------- Done invoking toplevel() on ptolemy.moml.MoMLSimpleApplication@2af2bc71
reloadAllAccessors: .VariableRecursiveLattice

===========================================================================================
----------------- testing Mon Dec 06 02:40:24 UTC 2021 /home/travis/build/icyphy/ptII/ptolemy/domains/sdf/lib/test/auto/VariableRecursiveLattice2.xml
----------------- Instantiating /home/travis/build/icyphy/ptII/ptolemy/domains/sdf/lib/test/auto/VariableRecursiveLattice2.xml
1 ms. Memory: 155648K Free: 53347K (34%)
----------------- Invoking toplevel() on ptolemy.moml.MoMLSimpleApplication@4d3313a7
----------------- Done invoking toplevel() on ptolemy.moml.MoMLSimpleApplication@4d3313a7
reloadAllAccessors: .VariableRecursiveLattice2
AutoTests.java: About to close Vertx.
AutoTests.java: Vertx closed.
]]></system-out>
  <system-err><![CDATA[]]></system-err>
</testsuite>
