<?xml version="1.0" encoding="UTF-8" ?>
<testsuite errors="0" failures="0" hostname="travis-job-9b39f689-d303-46f2-bd1c-a54cb34da938" name="ptolemy.domains.de.test.junit.JUnitTclTest" skipped="0" tests="101" time="127.624" timestamp="2019-03-01T03:41:43">
  <properties>
[...]
</properties>
  <testcase classname="ptolemy.util.test.junit.TclTests" name="[0] /home/travis/build/icyphy/ptII/ptolemy/domains/de/test/DependencyLoop.tcl (RunTclFile)" time="0.798" />
  <testcase classname="ptolemy.util.test.junit.TclTests" name="[1] /home/travis/build/icyphy/ptII/ptolemy/domains/de/test/RunDETestsAsQSS.tcl (RunTclFile)" time="87.979" />
  <testcase classname="ptolemy.util.test.junit.AutoKnownFailedTests" name="[0] /home/travis/build/icyphy/ptII/ptolemy/domains/de/test/auto/knownFailedTests/DESDFClockTest.xml (RunModel)" time="2.031" />
  <testcase classname="ptolemy.util.test.junit.AutoKnownFailedTests" name="[1] /home/travis/build/icyphy/ptII/ptolemy/domains/de/test/auto/knownFailedTests/DirectFeedback.xml (RunModel)" time="0.013" />
  <testcase classname="ptolemy.util.test.junit.AutoKnownFailedTests" name="[2] /home/travis/build/icyphy/ptII/ptolemy/domains/de/test/auto/knownFailedTests/FSMSource.xml (RunModel)" time="0.012" />
  <testcase classname="ptolemy.util.test.junit.AutoKnownFailedTests" name="[3] /home/travis/build/icyphy/ptII/ptolemy/domains/de/test/auto/knownFailedTests/HierarchicalModel.xml (RunModel)" time="0.026" />
  <testcase classname="ptolemy.util.test.junit.AutoKnownFailedTests" name="[4] /home/travis/build/icyphy/ptII/ptolemy/domains/de/test/auto/knownFailedTests/dependencyLoop.xml (RunModel)" time="0.024" />
  <testcase classname="ptolemy.util.test.junit.AutoKnownFailedTests" name="[5] /home/travis/build/icyphy/ptII/ptolemy/domains/de/test/auto/knownFailedTests/dependencyLoop2.xml (RunModel)" time="0.028" />
  <testcase classname="ptolemy.util.test.junit.AutoNameArchTests" name="[0] ThereAreNoAutoArchTests (RunModel)" time="0.003" />
  <testcase classname="ptolemy.util.test.junit.AutoTests" name="[0] /home/travis/build/icyphy/ptII/ptolemy/domains/de/test/auto/ActorDepthCalculation_actorWithoutPorts.xml (RunModel)" time="0.01" />
  <testcase classname="ptolemy.util.test.junit.AutoTests" name="[1] /home/travis/build/icyphy/ptII/ptolemy/domains/de/test/auto/AssemblyLine.xml (RunModel)" time="0.012" />
  <testcase classname="ptolemy.util.test.junit.AutoTests" name="[2] /home/travis/build/icyphy/ptII/ptolemy/domains/de/test/auto/CQBug1.xml (RunModel)" time="0.005" />
  <testcase classname="ptolemy.util.test.junit.AutoTests" name="[3] /home/travis/build/icyphy/ptII/ptolemy/domains/de/test/auto/CancelFireAt.xml (RunModel)" time="0.004" />
  <testcase classname="ptolemy.util.test.junit.AutoTests" name="[4] /home/travis/build/icyphy/ptII/ptolemy/domains/de/test/auto/CausalityAndComposabilityAnalysis.xml (RunModel)" time="0.008" />
  <testcase classname="ptolemy.util.test.junit.AutoTests" name="[5] /home/travis/build/icyphy/ptII/ptolemy/domains/de/test/auto/CausalityInterface1.xml (RunModel)" time="0.01" />
  <testcase classname="ptolemy.util.test.junit.AutoTests" name="[6] /home/travis/build/icyphy/ptII/ptolemy/domains/de/test/auto/CausalityInterface15.xml (RunModel)" time="0.021" />
  <testcase classname="ptolemy.util.test.junit.AutoTests" name="[7] /home/travis/build/icyphy/ptII/ptolemy/domains/de/test/auto/CausalityInterface2.xml (RunModel)" time="0.011" />
  <testcase classname="ptolemy.util.test.junit.AutoTests" name="[8] /home/travis/build/icyphy/ptII/ptolemy/domains/de/test/auto/CausalityInterface3.xml (RunModel)" time="0.009" />
  <testcase classname="ptolemy.util.test.junit.AutoTests" name="[9] /home/travis/build/icyphy/ptII/ptolemy/domains/de/test/auto/ClockDrift.xml (RunModel)" time="0.041" />
  <testcase classname="ptolemy.util.test.junit.AutoTests" name="[10] /home/travis/build/icyphy/ptII/ptolemy/domains/de/test/auto/ClockDriftAndValueChange.xml (RunModel)" time="0.023" />
  <testcase classname="ptolemy.util.test.junit.AutoTests" name="[11] /home/travis/build/icyphy/ptII/ptolemy/domains/de/test/auto/ClockDriftChange.xml (RunModel)" time="0.021" />
  <testcase classname="ptolemy.util.test.junit.AutoTests" name="[12] /home/travis/build/icyphy/ptII/ptolemy/domains/de/test/auto/ComposableCausalityAnalysis.xml (RunModel)" time="0.009" />
  <testcase classname="ptolemy.util.test.junit.AutoTests" name="[13] /home/travis/build/icyphy/ptII/ptolemy/domains/de/test/auto/DEFixedPointLimitation.xml (RunModel)" time="0.007" />
  <testcase classname="ptolemy.util.test.junit.AutoTests" name="[14] /home/travis/build/icyphy/ptII/ptolemy/domains/de/test/auto/DEScheduleTest.xml (RunModel)" time="0.008" />
  <testcase classname="ptolemy.util.test.junit.AutoTests" name="[15] /home/travis/build/icyphy/ptII/ptolemy/domains/de/test/auto/DEinDEwithStartTimes.xml (RunModel)" time="0.013" />
  <testcase classname="ptolemy.util.test.junit.AutoTests" name="[16] /home/travis/build/icyphy/ptII/ptolemy/domains/de/test/auto/DEinDEwithStartTimes2.xml (RunModel)" time="0.012" />
  <testcase classname="ptolemy.util.test.junit.AutoTests" name="[17] /home/travis/build/icyphy/ptII/ptolemy/domains/de/test/auto/DateDemo.xml (RunModel)" time="0.024" />
  <testcase classname="ptolemy.util.test.junit.AutoTests" name="[18] /home/travis/build/icyphy/ptII/ptolemy/domains/de/test/auto/DateToEvent.xml (RunModel)" time="2.031" />
  <testcase classname="ptolemy.util.test.junit.AutoTests" name="[19] /home/travis/build/icyphy/ptII/ptolemy/domains/de/test/auto/DepthTest1.xml (RunModel)" time="0.013" />
  <testcase classname="ptolemy.util.test.junit.AutoTests" name="[20] /home/travis/build/icyphy/ptII/ptolemy/domains/de/test/auto/DepthTest2.xml (RunModel)" time="0.027" />
  <testcase classname="ptolemy.util.test.junit.AutoTests" name="[21] /home/travis/build/icyphy/ptII/ptolemy/domains/de/test/auto/DepthTest3.xml (RunModel)" time="0.013" />
  <testcase classname="ptolemy.util.test.junit.AutoTests" name="[22] /home/travis/build/icyphy/ptII/ptolemy/domains/de/test/auto/DepthTest4.xml (RunModel)" time="0.012" />
  <testcase classname="ptolemy.util.test.junit.AutoTests" name="[23] /home/travis/build/icyphy/ptII/ptolemy/domains/de/test/auto/DepthTest5.xml (RunModel)" time="0.018" />
  <testcase classname="ptolemy.util.test.junit.AutoTests" name="[24] /home/travis/build/icyphy/ptII/ptolemy/domains/de/test/auto/DepthTest6.xml (RunModel)" time="0.013" />
  <testcase classname="ptolemy.util.test.junit.AutoTests" name="[25] /home/travis/build/icyphy/ptII/ptolemy/domains/de/test/auto/DepthTest7.xml (RunModel)" time="0.018" />
  <testcase classname="ptolemy.util.test.junit.AutoTests" name="[26] /home/travis/build/icyphy/ptII/ptolemy/domains/de/test/auto/EventToDate.xml (RunModel)" time="3.032" />
  <testcase classname="ptolemy.util.test.junit.AutoTests" name="[27] /home/travis/build/icyphy/ptII/ptolemy/domains/de/test/auto/FSM1.xml (RunModel)" time="0.032" />
  <testcase classname="ptolemy.util.test.junit.AutoTests" name="[28] /home/travis/build/icyphy/ptII/ptolemy/domains/de/test/auto/FSM7.xml (RunModel)" time="0.027" />
  <testcase classname="ptolemy.util.test.junit.AutoTests" name="[29] /home/travis/build/icyphy/ptII/ptolemy/domains/de/test/auto/Inspection.xml (RunModel)" time="0.036" />
  <testcase classname="ptolemy.util.test.junit.AutoTests" name="[30] /home/travis/build/icyphy/ptII/ptolemy/domains/de/test/auto/Iteration.xml (RunModel)" time="0.017" />
  <testcase classname="ptolemy.util.test.junit.AutoTests" name="[31] /home/travis/build/icyphy/ptII/ptolemy/domains/de/test/auto/LineFault.xml (RunModel)" time="0.523" />
  <testcase classname="ptolemy.util.test.junit.AutoTests" name="[32] /home/travis/build/icyphy/ptII/ptolemy/domains/de/test/auto/MergeModel1Add.xml (RunModel)" time="0.04" />
  <testcase classname="ptolemy.util.test.junit.AutoTests" name="[33] /home/travis/build/icyphy/ptII/ptolemy/domains/de/test/auto/MergeModel2Add.xml (RunModel)" time="0.047" />
  <testcase classname="ptolemy.util.test.junit.AutoTests" name="[34] /home/travis/build/icyphy/ptII/ptolemy/domains/de/test/auto/MergeModel3Add.xml (RunModel)" time="0.031" />
  <testcase classname="ptolemy.util.test.junit.AutoTests" name="[35] /home/travis/build/icyphy/ptII/ptolemy/domains/de/test/auto/MergeWithoutDiscard.xml (RunModel)" time="0.008" />
  <testcase classname="ptolemy.util.test.junit.AutoTests" name="[36] /home/travis/build/icyphy/ptII/ptolemy/domains/de/test/auto/Modal1.xml (RunModel)" time="0.023" />
  <testcase classname="ptolemy.util.test.junit.AutoTests" name="[37] /home/travis/build/icyphy/ptII/ptolemy/domains/de/test/auto/Modal2.xml (RunModel)" time="0.022" />
  <testcase classname="ptolemy.util.test.junit.AutoTests" name="[38] /home/travis/build/icyphy/ptII/ptolemy/domains/de/test/auto/Modal3.xml (RunModel)" time="0.023" />
  <testcase classname="ptolemy.util.test.junit.AutoTests" name="[39] /home/travis/build/icyphy/ptII/ptolemy/domains/de/test/auto/Modal4.xml (RunModel)" time="0.024" />
  <testcase classname="ptolemy.util.test.junit.AutoTests" name="[40] /home/travis/build/icyphy/ptII/ptolemy/domains/de/test/auto/Modal5.xml (RunModel)" time="0.026" />
  <testcase classname="ptolemy.util.test.junit.AutoTests" name="[41] /home/travis/build/icyphy/ptII/ptolemy/domains/de/test/auto/Modal6.xml (RunModel)" time="0.024" />
  <testcase classname="ptolemy.util.test.junit.AutoTests" name="[42] /home/travis/build/icyphy/ptII/ptolemy/domains/de/test/auto/Modal7.xml (RunModel)" time="0.025" />
  <testcase classname="ptolemy.util.test.junit.AutoTests" name="[43] /home/travis/build/icyphy/ptII/ptolemy/domains/de/test/auto/ModalModel.xml (RunModel)" time="0.145" />
  <testcase classname="ptolemy.util.test.junit.AutoTests" name="[44] /home/travis/build/icyphy/ptII/ptolemy/domains/de/test/auto/ModalSource.xml (RunModel)" time="0.022" />
  <testcase classname="ptolemy.util.test.junit.AutoTests" name="[45] /home/travis/build/icyphy/ptII/ptolemy/domains/de/test/auto/NonInterruptibleTimerZeroDelay.xml (RunModel)" time="0.009" />
  <testcase classname="ptolemy.util.test.junit.AutoTests" name="[46] /home/travis/build/icyphy/ptII/ptolemy/domains/de/test/auto/OpenQueueingNetwork.xml (RunModel)" time="2.154" />
  <testcase classname="ptolemy.util.test.junit.AutoTests" name="[47] /home/travis/build/icyphy/ptII/ptolemy/domains/de/test/auto/OpenQueuingNetwork.xml (RunModel)" time="0.236" />
  <testcase classname="ptolemy.util.test.junit.AutoTests" name="[48] /home/travis/build/icyphy/ptII/ptolemy/domains/de/test/auto/PeriodicSampler.xml (RunModel)" time="0.008" />
  <testcase classname="ptolemy.util.test.junit.AutoTests" name="[49] /home/travis/build/icyphy/ptII/ptolemy/domains/de/test/auto/PersistentIO.xml (RunModel)" time="0.02" />
  <testcase classname="ptolemy.util.test.junit.AutoTests" name="[50] /home/travis/build/icyphy/ptII/ptolemy/domains/de/test/auto/PortParameterResetOnInitialize.xml (RunModel)" time="0.011" />
  <testcase classname="ptolemy.util.test.junit.AutoTests" name="[51] /home/travis/build/icyphy/ptII/ptolemy/domains/de/test/auto/PortParameterUpdates.xml (RunModel)" time="0.013" />
  <testcase classname="ptolemy.util.test.junit.AutoTests" name="[52] /home/travis/build/icyphy/ptII/ptolemy/domains/de/test/auto/QueueAndServer.xml (RunModel)" time="0.019" />
  <testcase classname="ptolemy.util.test.junit.AutoTests" name="[53] /home/travis/build/icyphy/ptII/ptolemy/domains/de/test/auto/Records.xml (RunModel)" time="0.013" />
  <testcase classname="ptolemy.util.test.junit.AutoTests" name="[54] /home/travis/build/icyphy/ptII/ptolemy/domains/de/test/auto/ResetTransitionWithStartTime1.xml (RunModel)" time="0.016" />
  <testcase classname="ptolemy.util.test.junit.AutoTests" name="[55] /home/travis/build/icyphy/ptII/ptolemy/domains/de/test/auto/ResetTransitionWithStartTime2.xml (RunModel)" time="0.016" />
  <testcase classname="ptolemy.util.test.junit.AutoTests" name="[56] /home/travis/build/icyphy/ptII/ptolemy/domains/de/test/auto/ResetTransitionWithStartTime3.xml (RunModel)" time="0.017" />
  <testcase classname="ptolemy.util.test.junit.AutoTests" name="[57] /home/travis/build/icyphy/ptII/ptolemy/domains/de/test/auto/ResetTransitionWithStartTime4.xml (RunModel)" time="0.02" />
  <testcase classname="ptolemy.util.test.junit.AutoTests" name="[58] /home/travis/build/icyphy/ptII/ptolemy/domains/de/test/auto/ResettableTimer1.xml (RunModel)" time="0.01" />
  <testcase classname="ptolemy.util.test.junit.AutoTests" name="[59] /home/travis/build/icyphy/ptII/ptolemy/domains/de/test/auto/ResettableTimer2.xml (RunModel)" time="0.008" />
  <testcase classname="ptolemy.util.test.junit.AutoTests" name="[60] /home/travis/build/icyphy/ptII/ptolemy/domains/de/test/auto/ResettableTimer3.xml (RunModel)" time="0.01" />
  <testcase classname="ptolemy.util.test.junit.AutoTests" name="[61] /home/travis/build/icyphy/ptII/ptolemy/domains/de/test/auto/ResettableTimer4.xml (RunModel)" time="0.011" />
  <testcase classname="ptolemy.util.test.junit.AutoTests" name="[62] /home/travis/build/icyphy/ptII/ptolemy/domains/de/test/auto/ResettableTimer5.xml (RunModel)" time="0.008" />
  <testcase classname="ptolemy.util.test.junit.AutoTests" name="[63] /home/travis/build/icyphy/ptII/ptolemy/domains/de/test/auto/ResettableTimer6.xml (RunModel)" time="0.016" />
  <testcase classname="ptolemy.util.test.junit.AutoTests" name="[64] /home/travis/build/icyphy/ptII/ptolemy/domains/de/test/auto/ServerZeroDelay.xml (RunModel)" time="0.01" />
  <testcase classname="ptolemy.util.test.junit.AutoTests" name="[65] /home/travis/build/icyphy/ptII/ptolemy/domains/de/test/auto/SmartSender.xml (RunModel)" time="3.007" />
  <testcase classname="ptolemy.util.test.junit.AutoTests" name="[66] /home/travis/build/icyphy/ptII/ptolemy/domains/de/test/auto/ThreadedComposite.xml (RunModel)" time="0.11" />
  <testcase classname="ptolemy.util.test.junit.AutoTests" name="[67] /home/travis/build/icyphy/ptII/ptolemy/domains/de/test/auto/Time.xml (RunModel)" time="0.45" />
  <testcase classname="ptolemy.util.test.junit.AutoTests" name="[68] /home/travis/build/icyphy/ptII/ptolemy/domains/de/test/auto/TimeDelayZeroDelay.xml (RunModel)" time="0.013" />
  <testcase classname="ptolemy.util.test.junit.AutoTests" name="[69] /home/travis/build/icyphy/ptII/ptolemy/domains/de/test/auto/TimerZeroDelay.xml (RunModel)" time="0.01" />
  <testcase classname="ptolemy.util.test.junit.AutoTests" name="[70] /home/travis/build/icyphy/ptII/ptolemy/domains/de/test/auto/TimingParadox.xml (RunModel)" time="0.356" />
  <testcase classname="ptolemy.util.test.junit.AutoTests" name="[71] /home/travis/build/icyphy/ptII/ptolemy/domains/de/test/auto/TransferInputs.xml (RunModel)" time="0.014" />
  <testcase classname="ptolemy.util.test.junit.AutoTests" name="[72] /home/travis/build/icyphy/ptII/ptolemy/domains/de/test/auto/TransferOutputs2.xml (RunModel)" time="0.018" />
  <testcase classname="ptolemy.util.test.junit.AutoTests" name="[73] /home/travis/build/icyphy/ptII/ptolemy/domains/de/test/auto/Trilateration.xml (RunModel)" time="11.037" />
  <testcase classname="ptolemy.util.test.junit.AutoTests" name="[74] /home/travis/build/icyphy/ptII/ptolemy/domains/de/test/auto/TwoSigmaDelta.xml (RunModel)" time="2.038" />
  <testcase classname="ptolemy.util.test.junit.AutoTests" name="[75] /home/travis/build/icyphy/ptII/ptolemy/domains/de/test/auto/VariableDelay.xml (RunModel)" time="0.01" />
  <testcase classname="ptolemy.util.test.junit.AutoTests" name="[76] /home/travis/build/icyphy/ptII/ptolemy/domains/de/test/auto/VariableDelay2.xml (RunModel)" time="0.008" />
  <testcase classname="ptolemy.util.test.junit.AutoTests" name="[77] /home/travis/build/icyphy/ptII/ptolemy/domains/de/test/auto/VariableDelayZeroDelay.xml (RunModel)" time="0.021" />
  <testcase classname="ptolemy.util.test.junit.AutoTests" name="[78] /home/travis/build/icyphy/ptII/ptolemy/domains/de/test/auto/VariableDelayZeroDelay2.xml (RunModel)" time="0.009" />
  <testcase classname="ptolemy.util.test.junit.AutoTests" name="[79] /home/travis/build/icyphy/ptII/ptolemy/domains/de/test/auto/deInCt.xml (RunModel)" time="0.023" />
  <testcase classname="ptolemy.util.test.junit.AutoTests" name="[80] /home/travis/build/icyphy/ptII/ptolemy/domains/de/test/auto/deInCt2.xml (RunModel)" time="0.02" />
  <testcase classname="ptolemy.util.test.junit.AutoTests" name="[81] /home/travis/build/icyphy/ptII/ptolemy/domains/de/test/auto/dynamicCausalityInterface1.xml (RunModel)" time="0.017" />
  <testcase classname="ptolemy.util.test.junit.AutoTests" name="[82] /home/travis/build/icyphy/ptII/ptolemy/domains/de/test/auto/fsm_de_test.xml (RunModel)" time="0.031" />
  <testcase classname="ptolemy.util.test.junit.AutoTests" name="[83] /home/travis/build/icyphy/ptII/ptolemy/domains/de/test/auto/functionDependencyReconstruction.xml (RunModel)" time="0.034" />
  <testcase classname="ptolemy.util.test.junit.AutoTests" name="[84] /home/travis/build/icyphy/ptII/ptolemy/domains/de/test/auto/multirate.xml (RunModel)" time="0.016" />
  <testcase classname="ptolemy.util.test.junit.AutoTests" name="[85] /home/travis/build/icyphy/ptII/ptolemy/domains/de/test/auto/multirate2.xml (RunModel)" time="0.015" />
  <testcase classname="ptolemy.util.test.junit.AutoTests" name="[86] /home/travis/build/icyphy/ptII/ptolemy/domains/de/test/auto/realtime.xml (RunModel)" time="10.009" />
  <testcase classname="ptolemy.util.test.junit.AutoTests" name="[87] /home/travis/build/icyphy/ptII/ptolemy/domains/de/test/auto/relationGroup.xml (RunModel)" time="0.007" />
  <testcase classname="ptolemy.util.test.junit.AutoTests" name="[88] /home/travis/build/icyphy/ptII/ptolemy/domains/de/test/auto/relationGroup2.xml (RunModel)" time="0.005" />
  <testcase classname="ptolemy.util.test.junit.AutoTests" name="[89] /home/travis/build/icyphy/ptII/ptolemy/domains/de/test/auto/sortWithOpaquePorts.xml (RunModel)" time="0.009" />
  <testcase classname="ptolemy.util.test.junit.AutoTests" name="[90] /home/travis/build/icyphy/ptII/ptolemy/domains/de/test/auto/transferInputsandOutputs.xml (RunModel)" time="0.013" />
  <testcase classname="ptolemy.util.test.junit.AutoTests" name="[91] /home/travis/build/icyphy/ptII/ptolemy/domains/de/test/auto/triggerType.xml (RunModel)" time="0.008" />
  <system-out><![CDATA[/home/travis/build/icyphy/ptII/ptolemy/domains/de/test/DependencyLoop.tcl
testDefs.tcl: setting time out to 9000 seconds at Fri Mar 01 03:41:43 UTC 2019
17 ms. Memory: 116224K Free: 97643K (84%)
32 ms. Memory: 146944K Free: 142346K (97%)
/home/travis/build/icyphy/ptII/ptolemy/domains/de/test/RunDETestsAsQSS.tcl
Run the DE tests using ptolemy.domains.qss.test.QSSDirectorTest, which extends QSSDirector and prints a message in the constructors.
------------------ testing $PTII/ptolemy/domains/de/test/auto/knownFailedTests/dependencyLoop.xml (Known Failure) 
7 ms. Memory: 146944K Free: 136870K (93%)


==== $PTIIhome/travis/build/icyphy/ptII/ptolemy/domains/de/test/../../../../: Auto Automatic test in file $PTII/ptolemy/domains/de/test/auto/knownFailedTests/dependencyLoop.xml
==== Contents of test case:

	    # FIXME: we should use $relativeFilename here, but it
	    # might have backslashes under Windows, which causes no end
	    # of trouble.
	    createAndExecute $file
	    list {}
	
.... Test generated KNOWN error:
    while executing
ptolemy.kernel.util.IllegalActionException: Found a zero delay loop containing .dependencyLoop.original
  in .dependencyLoop and .dependencyLoop.original
	at ptolemy.actor.util.CausalityInterfaceForComposites._computeOutputPortDepth(CausalityInterfaceForComposites.java:759)
	at ptolemy.actor.util.CausalityInterfaceForComposites._computeInputDepth(CausalityInterfaceForComposites.java:696)
	at ptolemy.actor.util.CausalityInterfaceForComposites._computeOutputPortDepth(CausalityInterfaceForComposites.java:765)
	at ptolemy.actor.util.CausalityInterfaceForComposites._computeInputDepth(CausalityInterfaceForComposites.java:696)
	at ptolemy.actor.util.CausalityInterfaceForComposites._computeOutputPortDepth(CausalityInterfaceForComposites.java:765)
	at ptolemy.actor.util.CausalityInterfaceForComposites._computeInputDepth(CausalityInterfaceForComposites.java:696)
	at ptolemy.actor.util.CausalityInterfaceForComposites._computeActorDepth(CausalityInterfaceForComposites.java:532)
	at ptolemy.actor.util.CausalityInterfaceForComposites.checkForCycles(CausalityInterfaceForComposites.java:96)
	at ptolemy.domains.de.kernel.DEDirector.preinitialize(DEDirector.java:1338)
	at ptolemy.actor.CompositeActor.preinitialize(CompositeActor.java:1828)
	at ptolemy.actor.Manager.preinitializeAndResolveTypes(Manager.java:1040)
	at ptolemy.actor.Manager.initialize(Manager.java:710)
	at ptolemy.actor.Manager.execute(Manager.java:356)
	at ptolemy.actor.Manager.run(Manager.java:1263)
	at ptolemy.actor.Manager$PtolemyRunThread.run(Manager.java:1915)

    while executing
ptolemy.kernel.util.IllegalActionException: Found a zero delay loop containing .dependencyLoop.original
  in .dependencyLoop and .dependencyLoop.original
    while executing
"java::new ptolemy.moml.MoMLSimpleApplication $file
"
    (procedure "createAndExecute" line 2)
    invoked from within
"createAndExecute $file"
    ("uplevel" body line 5)
    invoked from within
"uplevel $contents_of_test"
------------------ testing $PTII/ptolemy/domains/de/test/auto/knownFailedTests/DESDFClockTest.xml (Known Failure) 
2074 ms. Memory: 146944K Free: 121284K (83%)


==== $PTIIhome/travis/build/icyphy/ptII/ptolemy/domains/de/test/../../../../: Auto Automatic test in file $PTII/ptolemy/domains/de/test/auto/knownFailedTests/DESDFClockTest.xml
==== Contents of test case:

	    # FIXME: we should use $relativeFilename here, but it
	    # might have backslashes under Windows, which causes no end
	    # of trouble.
	    createAndExecute $file
	    list {}
	
.... Test generated KNOWN error:
    while executing
ptolemy.kernel.util.IllegalActionException: Actor is not ready to fire.  Perhaps UpSample.prefire() returned false? Try debugging the actor by selecting "Listen to Actor".  Also, for SDF check moml for tokenConsumptionRate on input.
  in .DESDFClockTest.Play Bell.Copy1:SDF Director and .DESDFClockTest.Play Bell.UpSample
	at ptolemy.actor.sched.StaticSchedulingDirector.fire(StaticSchedulingDirector.java:227)
	at ptolemy.domains.sdf.kernel.SDFDirector.fire(SDFDirector.java:500)
	at ptolemy.actor.CompositeActor.fire(CompositeActor.java:455)
	at ptolemy.domains.de.kernel.DEDirector._fire(DEDirector.java:1949)
	at ptolemy.domains.de.kernel.DEDirector.fire(DEDirector.java:502)
	at ptolemy.actor.CompositeActor.fire(CompositeActor.java:455)
	at ptolemy.actor.Manager.iterate(Manager.java:851)
	at ptolemy.actor.Manager.execute(Manager.java:369)
	at ptolemy.actor.Manager.run(Manager.java:1263)
	at ptolemy.actor.Manager$PtolemyRunThread.run(Manager.java:1915)

    while executing
ptolemy.kernel.util.IllegalActionException: Actor is not ready to fire.  Perhaps UpSample.prefire() returned false? Try debugging the actor by selecting "Listen to Actor".  Also, for SDF check moml for tokenConsumptionRate on input.
  in .DESDFClockTest.Play Bell.Copy1:SDF Director and .DESDFClockTest.Play Bell.UpSample
    while executing
"java::new ptolemy.moml.MoMLSimpleApplication $file
"
    (procedure "createAndExecute" line 2)
    invoked from within
"createAndExecute $file"
    ("uplevel" body line 5)
    invoked from within
"uplevel $contents_of_test"
------------------ testing $PTII/ptolemy/domains/de/test/auto/knownFailedTests/FSMSource.xml (Known Failure) 
24 ms. Memory: 146944K Free: 112410K (76%)
!!!! Auto was marked as failing, but now passes
------------------ testing $PTII/ptolemy/domains/de/test/auto/knownFailedTests/dependencyLoop2.xml (Known Failure) 
14 ms. Memory: 146944K Free: 110527K (75%)


==== $PTIIhome/travis/build/icyphy/ptII/ptolemy/domains/de/test/../../../../: Auto Automatic test in file $PTII/ptolemy/domains/de/test/auto/knownFailedTests/dependencyLoop2.xml
==== Contents of test case:

	    # FIXME: we should use $relativeFilename here, but it
	    # might have backslashes under Windows, which causes no end
	    # of trouble.
	    createAndExecute $file
	    list {}
	
.... Test generated KNOWN error:
    while executing
ptolemy.kernel.util.IllegalActionException: Found a zero delay loop containing .dependencyLoop2.original
  in .dependencyLoop2 and .dependencyLoop2.original
	at ptolemy.actor.util.CausalityInterfaceForComposites._computeOutputPortDepth(CausalityInterfaceForComposites.java:759)
	at ptolemy.actor.util.CausalityInterfaceForComposites._computeInputDepth(CausalityInterfaceForComposites.java:696)
	at ptolemy.actor.util.CausalityInterfaceForComposites._computeOutputPortDepth(CausalityInterfaceForComposites.java:765)
	at ptolemy.actor.util.CausalityInterfaceForComposites._computeInputDepth(CausalityInterfaceForComposites.java:696)
	at ptolemy.actor.util.CausalityInterfaceForComposites._computeOutputPortDepth(CausalityInterfaceForComposites.java:765)
	at ptolemy.actor.util.CausalityInterfaceForComposites._computeInputDepth(CausalityInterfaceForComposites.java:696)
	at ptolemy.actor.util.CausalityInterfaceForComposites._computeActorDepth(CausalityInterfaceForComposites.java:532)
	at ptolemy.actor.util.CausalityInterfaceForComposites.checkForCycles(CausalityInterfaceForComposites.java:96)
	at ptolemy.domains.de.kernel.DEDirector.preinitialize(DEDirector.java:1338)
	at ptolemy.actor.CompositeActor.preinitialize(CompositeActor.java:1828)
	at ptolemy.actor.Manager.preinitializeAndResolveTypes(Manager.java:1040)
	at ptolemy.actor.Manager.initialize(Manager.java:710)
	at ptolemy.actor.Manager.execute(Manager.java:356)
	at ptolemy.actor.Manager.run(Manager.java:1263)
	at ptolemy.actor.Manager$PtolemyRunThread.run(Manager.java:1915)

    while executing
ptolemy.kernel.util.IllegalActionException: Found a zero delay loop containing .dependencyLoop2.original
  in .dependencyLoop2 and .dependencyLoop2.original
    while executing
"java::new ptolemy.moml.MoMLSimpleApplication $file
"
    (procedure "createAndExecute" line 2)
    invoked from within
"createAndExecute $file"
    ("uplevel" body line 5)
    invoked from within
"uplevel $contents_of_test"
------------------ testing $PTII/ptolemy/domains/de/test/auto/knownFailedTests/HierarchicalModel.xml (Known Failure) 
5 ms. Memory: 146944K Free: 90312K (61%)


==== $PTIIhome/travis/build/icyphy/ptII/ptolemy/domains/de/test/../../../../: Auto Automatic test in file $PTII/ptolemy/domains/de/test/auto/knownFailedTests/HierarchicalModel.xml
==== Contents of test case:

	    # FIXME: we should use $relativeFilename here, but it
	    # might have backslashes under Windows, which causes no end
	    # of trouble.
	    createAndExecute $file
	    list {}
	
.... Test generated KNOWN error:
    while executing
ptolemy.kernel.util.IllegalActionException: Found a zero delay loop containing .HierarchicalModel.A
  in .HierarchicalModel and .HierarchicalModel.A
	at ptolemy.actor.util.CausalityInterfaceForComposites._computeOutputPortDepth(CausalityInterfaceForComposites.java:759)
	at ptolemy.actor.util.CausalityInterfaceForComposites._computeInputDepth(CausalityInterfaceForComposites.java:696)
	at ptolemy.actor.util.CausalityInterfaceForComposites._computeOutputPortDepth(CausalityInterfaceForComposites.java:765)
	at ptolemy.actor.util.CausalityInterfaceForComposites._computeInputDepth(CausalityInterfaceForComposites.java:696)
	at ptolemy.actor.util.CausalityInterfaceForComposites._computeOutputPortDepth(CausalityInterfaceForComposites.java:765)
	at ptolemy.actor.util.CausalityInterfaceForComposites._computeInputDepth(CausalityInterfaceForComposites.java:696)
	at ptolemy.actor.util.CausalityInterfaceForComposites._computeActorDepth(CausalityInterfaceForComposites.java:532)
	at ptolemy.actor.util.CausalityInterfaceForComposites.checkForCycles(CausalityInterfaceForComposites.java:96)
	at ptolemy.domains.de.kernel.DEDirector.preinitialize(DEDirector.java:1338)
	at ptolemy.actor.CompositeActor.preinitialize(CompositeActor.java:1828)
	at ptolemy.actor.Manager.preinitializeAndResolveTypes(Manager.java:1040)
	at ptolemy.actor.Manager.initialize(Manager.java:710)
	at ptolemy.actor.Manager.execute(Manager.java:356)
	at ptolemy.actor.Manager.run(Manager.java:1263)
	at ptolemy.actor.Manager$PtolemyRunThread.run(Manager.java:1915)

    while executing
ptolemy.kernel.util.IllegalActionException: Found a zero delay loop containing .HierarchicalModel.A
  in .HierarchicalModel and .HierarchicalModel.A
    while executing
"java::new ptolemy.moml.MoMLSimpleApplication $file
"
    (procedure "createAndExecute" line 2)
    invoked from within
"createAndExecute $file"
    ("uplevel" body line 5)
    invoked from within
"uplevel $contents_of_test"
------------------ testing $PTII/ptolemy/domains/de/test/auto/knownFailedTests/DirectFeedback.xml (Known Failure) 
4 ms. Memory: 146944K Free: 86191K (59%)


==== $PTIIhome/travis/build/icyphy/ptII/ptolemy/domains/de/test/../../../../: Auto Automatic test in file $PTII/ptolemy/domains/de/test/auto/knownFailedTests/DirectFeedback.xml
==== Contents of test case:

	    # FIXME: we should use $relativeFilename here, but it
	    # might have backslashes under Windows, which causes no end
	    # of trouble.
	    createAndExecute $file
	    list {}
	
.... Test generated KNOWN error:
    while executing
ptolemy.kernel.util.IllegalActionException: Test fails in iteration 1.
Value was: 1.0. Should have been: 2.0
  in .DirectFeedback.Test
	at ptolemy.actor.lib.Test.fire(Test.java:268)
	at ptolemy.domains.de.kernel.DEDirector._fire(DEDirector.java:1949)
	at ptolemy.domains.de.kernel.DEDirector.fire(DEDirector.java:502)
	at ptolemy.actor.CompositeActor.fire(CompositeActor.java:455)
	at ptolemy.actor.Manager.iterate(Manager.java:851)
	at ptolemy.actor.Manager.execute(Manager.java:369)
	at ptolemy.actor.Manager.run(Manager.java:1263)
	at ptolemy.actor.Manager$PtolemyRunThread.run(Manager.java:1915)

    while executing
ptolemy.kernel.util.IllegalActionException: Test fails in iteration 1.
Value was: 1.0. Should have been: 2.0
  in .DirectFeedback.Test
    while executing
"java::new ptolemy.moml.MoMLSimpleApplication $file
"
    (procedure "createAndExecute" line 2)
    invoked from within
"createAndExecute $file"
    ("uplevel" body line 5)
    invoked from within
"uplevel $contents_of_test"
------------------ testing $PTII/ptolemy/domains/de/test/auto/ActorDepthCalculation_actorWithoutPorts.xml
auto.tcl: Setting watchdog for 200 seconds at Fri Mar 01 03:41:46 UTC 2019
7 ms. Memory: 146944K Free: 138923K (95%)
ptolemy.util.test.WatchDog.cancel(): canceling Fri Mar 01 03:41:46 UTC 2019
auto.tcl: Setting watchdog for 200 seconds at Fri Mar 01 03:41:46 UTC 2019
4 ms. Memory: 146944K Free: 137645K (94%)
ptolemy.util.test.WatchDog.cancel(): canceling Fri Mar 01 03:41:46 UTC 2019
------------------ testing $PTII/ptolemy/domains/de/test/auto/AssemblyLine.xml
auto.tcl: Setting watchdog for 200 seconds at Fri Mar 01 03:41:47 UTC 2019
17 ms. Memory: 208384K Free: 186280K (89%)
ptolemy.util.test.WatchDog.cancel(): canceling Fri Mar 01 03:41:47 UTC 2019
auto.tcl: Setting watchdog for 200 seconds at Fri Mar 01 03:41:47 UTC 2019
7 ms. Memory: 208384K Free: 186280K (89%)
ptolemy.util.test.WatchDog.cancel(): canceling Fri Mar 01 03:41:47 UTC 2019
------------------ testing $PTII/ptolemy/domains/de/test/auto/CQBug1.xml
auto.tcl: Setting watchdog for 200 seconds at Fri Mar 01 03:41:47 UTC 2019
4 ms. Memory: 208384K Free: 197910K (95%)
ptolemy.util.test.WatchDog.cancel(): canceling Fri Mar 01 03:41:47 UTC 2019
auto.tcl: Setting watchdog for 200 seconds at Fri Mar 01 03:41:47 UTC 2019
2 ms. Memory: 208384K Free: 197910K (95%)
ptolemy.util.test.WatchDog.cancel(): canceling Fri Mar 01 03:41:47 UTC 2019
------------------ testing $PTII/ptolemy/domains/de/test/auto/CancelFireAt.xml
auto.tcl: Setting watchdog for 200 seconds at Fri Mar 01 03:41:47 UTC 2019
12 ms. Memory: 208384K Free: 201049K (96%)
ptolemy.util.test.WatchDog.cancel(): canceling Fri Mar 01 03:41:47 UTC 2019
auto.tcl: Setting watchdog for 200 seconds at Fri Mar 01 03:41:47 UTC 2019
2 ms. Memory: 208384K Free: 199012K (96%)
ptolemy.util.test.WatchDog.cancel(): canceling Fri Mar 01 03:41:47 UTC 2019
------------------ testing $PTII/ptolemy/domains/de/test/auto/CausalityAndComposabilityAnalysis.xml
auto.tcl: Setting watchdog for 200 seconds at Fri Mar 01 03:41:47 UTC 2019
18 ms. Memory: 208384K Free: 198608K (95%)
ptolemy.util.test.WatchDog.cancel(): canceling Fri Mar 01 03:41:47 UTC 2019
auto.tcl: Setting watchdog for 200 seconds at Fri Mar 01 03:41:47 UTC 2019
5 ms. Memory: 208384K Free: 196571K (94%)
ptolemy.util.test.WatchDog.cancel(): canceling Fri Mar 01 03:41:47 UTC 2019
------------------ testing $PTII/ptolemy/domains/de/test/auto/CausalityInterface1.xml
auto.tcl: Setting watchdog for 200 seconds at Fri Mar 01 03:41:47 UTC 2019
20 ms. Memory: 208384K Free: 196508K (94%)
ptolemy.util.test.WatchDog.cancel(): canceling Fri Mar 01 03:41:47 UTC 2019
auto.tcl: Setting watchdog for 200 seconds at Fri Mar 01 03:41:47 UTC 2019
5 ms. Memory: 208384K Free: 196508K (94%)
ptolemy.util.test.WatchDog.cancel(): canceling Fri Mar 01 03:41:47 UTC 2019
------------------ testing $PTII/ptolemy/domains/de/test/auto/CausalityInterface15.xml
auto.tcl: Setting watchdog for 200 seconds at Fri Mar 01 03:41:48 UTC 2019
5 ms. Memory: 208384K Free: 196467K (94%)
ptolemy.util.test.WatchDog.cancel(): canceling Fri Mar 01 03:41:48 UTC 2019
auto.tcl: Setting watchdog for 200 seconds at Fri Mar 01 03:41:48 UTC 2019
4 ms. Memory: 208384K Free: 196467K (94%)
ptolemy.util.test.WatchDog.cancel(): canceling Fri Mar 01 03:41:48 UTC 2019
------------------ testing $PTII/ptolemy/domains/de/test/auto/CausalityInterface2.xml
auto.tcl: Setting watchdog for 200 seconds at Fri Mar 01 03:41:48 UTC 2019
8 ms. Memory: 208384K Free: 196483K (94%)
ptolemy.util.test.WatchDog.cancel(): canceling Fri Mar 01 03:41:48 UTC 2019
auto.tcl: Setting watchdog for 200 seconds at Fri Mar 01 03:41:48 UTC 2019
3 ms. Memory: 208384K Free: 196483K (94%)
ptolemy.util.test.WatchDog.cancel(): canceling Fri Mar 01 03:41:48 UTC 2019
------------------ testing $PTII/ptolemy/domains/de/test/auto/CausalityInterface3.xml
auto.tcl: Setting watchdog for 200 seconds at Fri Mar 01 03:41:48 UTC 2019
7 ms. Memory: 208384K Free: 196496K (94%)
ptolemy.util.test.WatchDog.cancel(): canceling Fri Mar 01 03:41:48 UTC 2019
auto.tcl: Setting watchdog for 200 seconds at Fri Mar 01 03:41:48 UTC 2019
5 ms. Memory: 208384K Free: 196496K (94%)
ptolemy.util.test.WatchDog.cancel(): canceling Fri Mar 01 03:41:48 UTC 2019
------------------ testing $PTII/ptolemy/domains/de/test/auto/ClockDrift.xml
auto.tcl: Setting watchdog for 200 seconds at Fri Mar 01 03:41:48 UTC 2019
95 ms. Memory: 208384K Free: 187915K (90%)
ptolemy.util.test.WatchDog.cancel(): canceling Fri Mar 01 03:41:48 UTC 2019
auto.tcl: Setting watchdog for 200 seconds at Fri Mar 01 03:41:48 UTC 2019
59 ms. Memory: 208384K Free: 185878K (89%)
ptolemy.util.test.WatchDog.cancel(): canceling Fri Mar 01 03:41:48 UTC 2019
------------------ testing $PTII/ptolemy/domains/de/test/auto/ClockDriftAndValueChange.xml
auto.tcl: Setting watchdog for 200 seconds at Fri Mar 01 03:41:48 UTC 2019
29 ms. Memory: 208384K Free: 187748K (90%)
ptolemy.util.test.WatchDog.cancel(): canceling Fri Mar 01 03:41:48 UTC 2019
auto.tcl: Setting watchdog for 200 seconds at Fri Mar 01 03:41:48 UTC 2019
22 ms. Memory: 208384K Free: 185711K (89%)
ptolemy.util.test.WatchDog.cancel(): canceling Fri Mar 01 03:41:48 UTC 2019
------------------ testing $PTII/ptolemy/domains/de/test/auto/ClockDriftChange.xml
auto.tcl: Setting watchdog for 200 seconds at Fri Mar 01 03:41:48 UTC 2019
36 ms. Memory: 208384K Free: 191010K (92%)
ptolemy.util.test.WatchDog.cancel(): canceling Fri Mar 01 03:41:48 UTC 2019
auto.tcl: Setting watchdog for 200 seconds at Fri Mar 01 03:41:48 UTC 2019
25 ms. Memory: 208384K Free: 188973K (91%)
ptolemy.util.test.WatchDog.cancel(): canceling Fri Mar 01 03:41:48 UTC 2019
------------------ testing $PTII/ptolemy/domains/de/test/auto/ComposableCausalityAnalysis.xml
auto.tcl: Setting watchdog for 200 seconds at Fri Mar 01 03:41:48 UTC 2019
3 ms. Memory: 208384K Free: 196350K (94%)
ptolemy.util.test.WatchDog.cancel(): canceling Fri Mar 01 03:41:48 UTC 2019
auto.tcl: Setting watchdog for 200 seconds at Fri Mar 01 03:41:48 UTC 2019
2 ms. Memory: 208384K Free: 194313K (93%)
ptolemy.util.test.WatchDog.cancel(): canceling Fri Mar 01 03:41:48 UTC 2019
------------------ testing $PTII/ptolemy/domains/de/test/auto/DEFixedPointLimitation.xml
auto.tcl: Setting watchdog for 200 seconds at Fri Mar 01 03:41:49 UTC 2019
1 ms. Memory: 208384K Free: 198468K (95%)
ptolemy.util.test.WatchDog.cancel(): canceling Fri Mar 01 03:41:49 UTC 2019
auto.tcl: Setting watchdog for 200 seconds at Fri Mar 01 03:41:49 UTC 2019
3 ms. Memory: 208384K Free: 196431K (94%)
ptolemy.util.test.WatchDog.cancel(): canceling Fri Mar 01 03:41:49 UTC 2019
------------------ testing $PTII/ptolemy/domains/de/test/auto/DEScheduleTest.xml
auto.tcl: Setting watchdog for 200 seconds at Fri Mar 01 03:41:49 UTC 2019
4 ms. Memory: 208384K Free: 199024K (96%)
ptolemy.util.test.WatchDog.cancel(): canceling Fri Mar 01 03:41:49 UTC 2019
auto.tcl: Setting watchdog for 200 seconds at Fri Mar 01 03:41:49 UTC 2019
7 ms. Memory: 208384K Free: 196467K (94%)
ptolemy.util.test.WatchDog.cancel(): canceling Fri Mar 01 03:41:49 UTC 2019
------------------ testing $PTII/ptolemy/domains/de/test/auto/DEinDEwithStartTimes.xml
auto.tcl: Setting watchdog for 200 seconds at Fri Mar 01 03:41:49 UTC 2019
9 ms. Memory: 208384K Free: 196437K (94%)
ptolemy.util.test.WatchDog.cancel(): canceling Fri Mar 01 03:41:49 UTC 2019
auto.tcl: Setting watchdog for 200 seconds at Fri Mar 01 03:41:49 UTC 2019
6 ms. Memory: 208384K Free: 194400K (93%)
ptolemy.util.test.WatchDog.cancel(): canceling Fri Mar 01 03:41:49 UTC 2019
------------------ testing $PTII/ptolemy/domains/de/test/auto/DEinDEwithStartTimes2.xml
auto.tcl: Setting watchdog for 200 seconds at Fri Mar 01 03:41:49 UTC 2019
9 ms. Memory: 208384K Free: 196416K (94%)
ptolemy.util.test.WatchDog.cancel(): canceling Fri Mar 01 03:41:49 UTC 2019
auto.tcl: Setting watchdog for 200 seconds at Fri Mar 01 03:41:49 UTC 2019
4 ms. Memory: 208384K Free: 194379K (93%)
ptolemy.util.test.WatchDog.cancel(): canceling Fri Mar 01 03:41:49 UTC 2019
------------------ testing $PTII/ptolemy/domains/de/test/auto/DateDemo.xml
auto.tcl: Setting watchdog for 200 seconds at Fri Mar 01 03:41:49 UTC 2019
16 ms. Memory: 208384K Free: 189033K (91%)
ptolemy.util.test.WatchDog.cancel(): canceling Fri Mar 01 03:41:49 UTC 2019
auto.tcl: Setting watchdog for 200 seconds at Fri Mar 01 03:41:49 UTC 2019
6 ms. Memory: 208384K Free: 186996K (90%)
ptolemy.util.test.WatchDog.cancel(): canceling Fri Mar 01 03:41:49 UTC 2019
------------------ testing $PTII/ptolemy/domains/de/test/auto/DateToEvent.xml
auto.tcl: Setting watchdog for 200 seconds at Fri Mar 01 03:41:49 UTC 2019
2017 ms. Memory: 208384K Free: 183927K (88%)
ptolemy.util.test.WatchDog.cancel(): canceling Fri Mar 01 03:41:51 UTC 2019
auto.tcl: Setting watchdog for 200 seconds at Fri Mar 01 03:41:51 UTC 2019
2006 ms. Memory: 208384K Free: 183927K (88%)
ptolemy.util.test.WatchDog.cancel(): canceling Fri Mar 01 03:41:53 UTC 2019
------------------ testing $PTII/ptolemy/domains/de/test/auto/DepthTest1.xml
auto.tcl: Setting watchdog for 200 seconds at Fri Mar 01 03:41:53 UTC 2019
4 ms. Memory: 208384K Free: 198551K (95%)
ptolemy.util.test.WatchDog.cancel(): canceling Fri Mar 01 03:41:53 UTC 2019
auto.tcl: Setting watchdog for 200 seconds at Fri Mar 01 03:41:53 UTC 2019
6 ms. Memory: 208384K Free: 198551K (95%)
ptolemy.util.test.WatchDog.cancel(): canceling Fri Mar 01 03:41:53 UTC 2019
------------------ testing $PTII/ptolemy/domains/de/test/auto/DepthTest2.xml
auto.tcl: Setting watchdog for 200 seconds at Fri Mar 01 03:41:53 UTC 2019
9 ms. Memory: 208384K Free: 194391K (93%)
ptolemy.util.test.WatchDog.cancel(): canceling Fri Mar 01 03:41:53 UTC 2019
auto.tcl: Setting watchdog for 200 seconds at Fri Mar 01 03:41:53 UTC 2019
3 ms. Memory: 208384K Free: 194391K (93%)
ptolemy.util.test.WatchDog.cancel(): canceling Fri Mar 01 03:41:53 UTC 2019
------------------ testing $PTII/ptolemy/domains/de/test/auto/DepthTest3.xml
auto.tcl: Setting watchdog for 200 seconds at Fri Mar 01 03:41:53 UTC 2019
3 ms. Memory: 208384K Free: 198367K (95%)
ptolemy.util.test.WatchDog.cancel(): canceling Fri Mar 01 03:41:53 UTC 2019
auto.tcl: Setting watchdog for 200 seconds at Fri Mar 01 03:41:53 UTC 2019
1 ms. Memory: 208384K Free: 198367K (95%)
ptolemy.util.test.WatchDog.cancel(): canceling Fri Mar 01 03:41:53 UTC 2019
------------------ testing $PTII/ptolemy/domains/de/test/auto/DepthTest4.xml
auto.tcl: Setting watchdog for 200 seconds at Fri Mar 01 03:41:53 UTC 2019
10 ms. Memory: 208384K Free: 196416K (94%)
ptolemy.util.test.WatchDog.cancel(): canceling Fri Mar 01 03:41:53 UTC 2019
auto.tcl: Setting watchdog for 200 seconds at Fri Mar 01 03:41:53 UTC 2019
2 ms. Memory: 208384K Free: 196416K (94%)
ptolemy.util.test.WatchDog.cancel(): canceling Fri Mar 01 03:41:53 UTC 2019
------------------ testing $PTII/ptolemy/domains/de/test/auto/DepthTest5.xml
auto.tcl: Setting watchdog for 200 seconds at Fri Mar 01 03:41:54 UTC 2019
6 ms. Memory: 208384K Free: 196364K (94%)
ptolemy.util.test.WatchDog.cancel(): canceling Fri Mar 01 03:41:54 UTC 2019
auto.tcl: Setting watchdog for 200 seconds at Fri Mar 01 03:41:54 UTC 2019
2 ms. Memory: 208384K Free: 196364K (94%)
ptolemy.util.test.WatchDog.cancel(): canceling Fri Mar 01 03:41:54 UTC 2019
------------------ testing $PTII/ptolemy/domains/de/test/auto/DepthTest6.xml
auto.tcl: Setting watchdog for 200 seconds at Fri Mar 01 03:41:54 UTC 2019
11 ms. Memory: 208384K Free: 196339K (94%)
ptolemy.util.test.WatchDog.cancel(): canceling Fri Mar 01 03:41:54 UTC 2019
auto.tcl: Setting watchdog for 200 seconds at Fri Mar 01 03:41:54 UTC 2019
3 ms. Memory: 208384K Free: 196339K (94%)
ptolemy.util.test.WatchDog.cancel(): canceling Fri Mar 01 03:41:54 UTC 2019
------------------ testing $PTII/ptolemy/domains/de/test/auto/DepthTest7.xml
auto.tcl: Setting watchdog for 200 seconds at Fri Mar 01 03:41:54 UTC 2019
3 ms. Memory: 208384K Free: 196321K (94%)
ptolemy.util.test.WatchDog.cancel(): canceling Fri Mar 01 03:41:54 UTC 2019
auto.tcl: Setting watchdog for 200 seconds at Fri Mar 01 03:41:54 UTC 2019
3 ms. Memory: 208384K Free: 196321K (94%)
ptolemy.util.test.WatchDog.cancel(): canceling Fri Mar 01 03:41:54 UTC 2019
------------------ testing $PTII/ptolemy/domains/de/test/auto/EventToDate.xml
auto.tcl: Setting watchdog for 200 seconds at Fri Mar 01 03:41:54 UTC 2019
3011 ms. Memory: 208384K Free: 183690K (88%)
ptolemy.util.test.WatchDog.cancel(): canceling Fri Mar 01 03:41:57 UTC 2019
auto.tcl: Setting watchdog for 200 seconds at Fri Mar 01 03:41:57 UTC 2019
3005 ms. Memory: 208384K Free: 183690K (88%)
ptolemy.util.test.WatchDog.cancel(): canceling Fri Mar 01 03:42:00 UTC 2019
------------------ testing $PTII/ptolemy/domains/de/test/auto/FSM1.xml
auto.tcl: Setting watchdog for 200 seconds at Fri Mar 01 03:42:00 UTC 2019
25 ms. Memory: 208384K Free: 189497K (91%)
ptolemy.util.test.WatchDog.cancel(): canceling Fri Mar 01 03:42:00 UTC 2019
auto.tcl: Setting watchdog for 200 seconds at Fri Mar 01 03:42:00 UTC 2019
20 ms. Memory: 208384K Free: 185422K (89%)
ptolemy.util.test.WatchDog.cancel(): canceling Fri Mar 01 03:42:00 UTC 2019
------------------ testing $PTII/ptolemy/domains/de/test/auto/FSM7.xml
auto.tcl: Setting watchdog for 200 seconds at Fri Mar 01 03:42:00 UTC 2019
19 ms. Memory: 208384K Free: 189700K (91%)
ptolemy.util.test.WatchDog.cancel(): canceling Fri Mar 01 03:42:00 UTC 2019
auto.tcl: Setting watchdog for 200 seconds at Fri Mar 01 03:42:00 UTC 2019
26 ms. Memory: 208384K Free: 185626K (89%)
ptolemy.util.test.WatchDog.cancel(): canceling Fri Mar 01 03:42:00 UTC 2019
------------------ testing $PTII/ptolemy/domains/de/test/auto/Inspection.xml
auto.tcl: Setting watchdog for 200 seconds at Fri Mar 01 03:42:00 UTC 2019
39 ms. Memory: 208384K Free: 189396K (91%)
ptolemy.util.test.WatchDog.cancel(): canceling Fri Mar 01 03:42:00 UTC 2019
auto.tcl: Setting watchdog for 200 seconds at Fri Mar 01 03:42:00 UTC 2019
31 ms. Memory: 208384K Free: 187359K (90%)
ptolemy.util.test.WatchDog.cancel(): canceling Fri Mar 01 03:42:00 UTC 2019
------------------ testing $PTII/ptolemy/domains/de/test/auto/Iteration.xml
auto.tcl: Setting watchdog for 200 seconds at Fri Mar 01 03:42:00 UTC 2019
8 ms. Memory: 208384K Free: 196126K (94%)
ptolemy.util.test.WatchDog.cancel(): canceling Fri Mar 01 03:42:00 UTC 2019
auto.tcl: Setting watchdog for 200 seconds at Fri Mar 01 03:42:00 UTC 2019
7 ms. Memory: 208384K Free: 194089K (93%)
ptolemy.util.test.WatchDog.cancel(): canceling Fri Mar 01 03:42:00 UTC 2019
------------------ testing $PTII/ptolemy/domains/de/test/auto/LineFault.xml
auto.tcl: Setting watchdog for 200 seconds at Fri Mar 01 03:42:00 UTC 2019
788 ms. Memory: 208384K Free: 199866K (96%)
ptolemy.util.test.WatchDog.cancel(): canceling Fri Mar 01 03:42:01 UTC 2019
auto.tcl: Setting watchdog for 200 seconds at Fri Mar 01 03:42:01 UTC 2019
624 ms. Memory: 208384K Free: 142558K (68%)
ptolemy.util.test.WatchDog.cancel(): canceling Fri Mar 01 03:42:02 UTC 2019
------------------ testing $PTII/ptolemy/domains/de/test/auto/MergeModel1Add.xml
auto.tcl: Setting watchdog for 200 seconds at Fri Mar 01 03:42:02 UTC 2019
17 ms. Memory: 331264K Free: 300849K (91%)
ptolemy.util.test.WatchDog.cancel(): canceling Fri Mar 01 03:42:02 UTC 2019
auto.tcl: Setting watchdog for 200 seconds at Fri Mar 01 03:42:02 UTC 2019
10 ms. Memory: 331264K Free: 300849K (91%)
ptolemy.util.test.WatchDog.cancel(): canceling Fri Mar 01 03:42:02 UTC 2019
------------------ testing $PTII/ptolemy/domains/de/test/auto/MergeModel2Add.xml
auto.tcl: Setting watchdog for 200 seconds at Fri Mar 01 03:42:02 UTC 2019
11 ms. Memory: 331264K Free: 305764K (92%)
ptolemy.util.test.WatchDog.cancel(): canceling Fri Mar 01 03:42:02 UTC 2019
auto.tcl: Setting watchdog for 200 seconds at Fri Mar 01 03:42:02 UTC 2019
11 ms. Memory: 331264K Free: 302204K (91%)
ptolemy.util.test.WatchDog.cancel(): canceling Fri Mar 01 03:42:02 UTC 2019
------------------ testing $PTII/ptolemy/domains/de/test/auto/MergeModel3Add.xml
auto.tcl: Setting watchdog for 200 seconds at Fri Mar 01 03:42:02 UTC 2019
10 ms. Memory: 331264K Free: 305743K (92%)
ptolemy.util.test.WatchDog.cancel(): canceling Fri Mar 01 03:42:03 UTC 2019
auto.tcl: Setting watchdog for 200 seconds at Fri Mar 01 03:42:03 UTC 2019
9 ms. Memory: 331264K Free: 302182K (91%)
ptolemy.util.test.WatchDog.cancel(): canceling Fri Mar 01 03:42:03 UTC 2019
------------------ testing $PTII/ptolemy/domains/de/test/auto/MergeWithoutDiscard.xml
auto.tcl: Setting watchdog for 200 seconds at Fri Mar 01 03:42:03 UTC 2019
3 ms. Memory: 331264K Free: 317129K (96%)
ptolemy.util.test.WatchDog.cancel(): canceling Fri Mar 01 03:42:03 UTC 2019
auto.tcl: Setting watchdog for 200 seconds at Fri Mar 01 03:42:03 UTC 2019
2 ms. Memory: 331264K Free: 317129K (96%)
ptolemy.util.test.WatchDog.cancel(): canceling Fri Mar 01 03:42:03 UTC 2019
------------------ testing $PTII/ptolemy/domains/de/test/auto/Modal1.xml
auto.tcl: Setting watchdog for 200 seconds at Fri Mar 01 03:42:03 UTC 2019
15 ms. Memory: 331264K Free: 310734K (94%)
ptolemy.util.test.WatchDog.cancel(): canceling Fri Mar 01 03:42:03 UTC 2019
auto.tcl: Setting watchdog for 200 seconds at Fri Mar 01 03:42:03 UTC 2019
12 ms. Memory: 331264K Free: 307173K (93%)
ptolemy.util.test.WatchDog.cancel(): canceling Fri Mar 01 03:42:03 UTC 2019
------------------ testing $PTII/ptolemy/domains/de/test/auto/Modal2.xml
auto.tcl: Setting watchdog for 200 seconds at Fri Mar 01 03:42:03 UTC 2019
21 ms. Memory: 331264K Free: 310619K (94%)
ptolemy.util.test.WatchDog.cancel(): canceling Fri Mar 01 03:42:03 UTC 2019
auto.tcl: Setting watchdog for 200 seconds at Fri Mar 01 03:42:03 UTC 2019
17 ms. Memory: 331264K Free: 307058K (93%)
ptolemy.util.test.WatchDog.cancel(): canceling Fri Mar 01 03:42:03 UTC 2019
------------------ testing $PTII/ptolemy/domains/de/test/auto/Modal3.xml
auto.tcl: Setting watchdog for 200 seconds at Fri Mar 01 03:42:03 UTC 2019
11 ms. Memory: 331264K Free: 311280K (94%)
ptolemy.util.test.WatchDog.cancel(): canceling Fri Mar 01 03:42:03 UTC 2019
auto.tcl: Setting watchdog for 200 seconds at Fri Mar 01 03:42:03 UTC 2019
11 ms. Memory: 331264K Free: 307044K (93%)
ptolemy.util.test.WatchDog.cancel(): canceling Fri Mar 01 03:42:03 UTC 2019
------------------ testing $PTII/ptolemy/domains/de/test/auto/Modal4.xml
auto.tcl: Setting watchdog for 200 seconds at Fri Mar 01 03:42:03 UTC 2019
16 ms. Memory: 331264K Free: 310615K (94%)
ptolemy.util.test.WatchDog.cancel(): canceling Fri Mar 01 03:42:03 UTC 2019
auto.tcl: Setting watchdog for 200 seconds at Fri Mar 01 03:42:03 UTC 2019
14 ms. Memory: 331264K Free: 307054K (93%)
ptolemy.util.test.WatchDog.cancel(): canceling Fri Mar 01 03:42:03 UTC 2019
------------------ testing $PTII/ptolemy/domains/de/test/auto/Modal5.xml
auto.tcl: Setting watchdog for 200 seconds at Fri Mar 01 03:42:03 UTC 2019
19 ms. Memory: 331264K Free: 310604K (94%)
ptolemy.util.test.WatchDog.cancel(): canceling Fri Mar 01 03:42:03 UTC 2019
auto.tcl: Setting watchdog for 200 seconds at Fri Mar 01 03:42:03 UTC 2019
15 ms. Memory: 331264K Free: 307043K (93%)
ptolemy.util.test.WatchDog.cancel(): canceling Fri Mar 01 03:42:03 UTC 2019
------------------ testing $PTII/ptolemy/domains/de/test/auto/Modal6.xml
auto.tcl: Setting watchdog for 200 seconds at Fri Mar 01 03:42:03 UTC 2019
16 ms. Memory: 331264K Free: 310599K (94%)
ptolemy.util.test.WatchDog.cancel(): canceling Fri Mar 01 03:42:03 UTC 2019
auto.tcl: Setting watchdog for 200 seconds at Fri Mar 01 03:42:03 UTC 2019
17 ms. Memory: 331264K Free: 307038K (93%)
ptolemy.util.test.WatchDog.cancel(): canceling Fri Mar 01 03:42:03 UTC 2019
------------------ testing $PTII/ptolemy/domains/de/test/auto/Modal7.xml
auto.tcl: Setting watchdog for 200 seconds at Fri Mar 01 03:42:03 UTC 2019
9 ms. Memory: 331264K Free: 307039K (93%)
ptolemy.util.test.WatchDog.cancel(): canceling Fri Mar 01 03:42:03 UTC 2019
auto.tcl: Setting watchdog for 200 seconds at Fri Mar 01 03:42:03 UTC 2019
10 ms. Memory: 331264K Free: 303478K (92%)
ptolemy.util.test.WatchDog.cancel(): canceling Fri Mar 01 03:42:03 UTC 2019
------------------ testing $PTII/ptolemy/domains/de/test/auto/ModalModel.xml
auto.tcl: Setting watchdog for 200 seconds at Fri Mar 01 03:42:03 UTC 2019
173 ms. Memory: 331264K Free: 248275K (75%)
ptolemy.util.test.WatchDog.cancel(): canceling Fri Mar 01 03:42:04 UTC 2019
auto.tcl: Setting watchdog for 200 seconds at Fri Mar 01 03:42:04 UTC 2019
189 ms. Memory: 331264K Free: 191306K (58%)
ptolemy.util.test.WatchDog.cancel(): canceling Fri Mar 01 03:42:04 UTC 2019
------------------ testing $PTII/ptolemy/domains/de/test/auto/ModalSource.xml
auto.tcl: Setting watchdog for 200 seconds at Fri Mar 01 03:42:04 UTC 2019
9 ms. Memory: 331264K Free: 316867K (96%)
ptolemy.util.test.WatchDog.cancel(): canceling Fri Mar 01 03:42:04 UTC 2019
auto.tcl: Setting watchdog for 200 seconds at Fri Mar 01 03:42:04 UTC 2019
9 ms. Memory: 331264K Free: 313604K (95%)
ptolemy.util.test.WatchDog.cancel(): canceling Fri Mar 01 03:42:04 UTC 2019
------------------ testing $PTII/ptolemy/domains/de/test/auto/NonInterruptibleTimerZeroDelay.xml
auto.tcl: Setting watchdog for 200 seconds at Fri Mar 01 03:42:04 UTC 2019
4 ms. Memory: 331264K Free: 321220K (97%)
ptolemy.util.test.WatchDog.cancel(): canceling Fri Mar 01 03:42:04 UTC 2019
auto.tcl: Setting watchdog for 200 seconds at Fri Mar 01 03:42:04 UTC 2019
2 ms. Memory: 331264K Free: 317958K (96%)
ptolemy.util.test.WatchDog.cancel(): canceling Fri Mar 01 03:42:04 UTC 2019
------------------ testing $PTII/ptolemy/domains/de/test/auto/OpenQueueingNetwork.xml
auto.tcl: Setting watchdog for 200 seconds at Fri Mar 01 03:42:04 UTC 2019
2676 ms. Memory: 573952K Free: 414088K (72%)
ptolemy.util.test.WatchDog.cancel(): canceling Fri Mar 01 03:42:07 UTC 2019
auto.tcl: Setting watchdog for 200 seconds at Fri Mar 01 03:42:07 UTC 2019
2476 ms. Memory: 550912K Free: 308654K (56%)
ptolemy.util.test.WatchDog.cancel(): canceling Fri Mar 01 03:42:09 UTC 2019
------------------ testing $PTII/ptolemy/domains/de/test/auto/OpenQueuingNetwork.xml
auto.tcl: Setting watchdog for 200 seconds at Fri Mar 01 03:42:09 UTC 2019
265 ms. Memory: 549888K Free: 444742K (81%)
ptolemy.util.test.WatchDog.cancel(): canceling Fri Mar 01 03:42:10 UTC 2019
auto.tcl: Setting watchdog for 200 seconds at Fri Mar 01 03:42:10 UTC 2019
273 ms. Memory: 549888K Free: 385209K (70%)
ptolemy.util.test.WatchDog.cancel(): canceling Fri Mar 01 03:42:10 UTC 2019
------------------ testing $PTII/ptolemy/domains/de/test/auto/PeriodicSampler.xml
auto.tcl: Setting watchdog for 200 seconds at Fri Mar 01 03:42:10 UTC 2019
2 ms. Memory: 551936K Free: 535708K (97%)
ptolemy.util.test.WatchDog.cancel(): canceling Fri Mar 01 03:42:10 UTC 2019
auto.tcl: Setting watchdog for 200 seconds at Fri Mar 01 03:42:10 UTC 2019
2 ms. Memory: 551936K Free: 535708K (97%)
ptolemy.util.test.WatchDog.cancel(): canceling Fri Mar 01 03:42:10 UTC 2019
------------------ testing $PTII/ptolemy/domains/de/test/auto/PersistentIO.xml
auto.tcl: Setting watchdog for 200 seconds at Fri Mar 01 03:42:10 UTC 2019
12 ms. Memory: 549376K Free: 522438K (95%)
ptolemy.util.test.WatchDog.cancel(): canceling Fri Mar 01 03:42:10 UTC 2019
auto.tcl: Setting watchdog for 200 seconds at Fri Mar 01 03:42:10 UTC 2019
4 ms. Memory: 549376K Free: 522438K (95%)
ptolemy.util.test.WatchDog.cancel(): canceling Fri Mar 01 03:42:10 UTC 2019
------------------ testing $PTII/ptolemy/domains/de/test/auto/PortParameterResetOnInitialize.xml
auto.tcl: Setting watchdog for 200 seconds at Fri Mar 01 03:42:10 UTC 2019
3 ms. Memory: 551424K Free: 521619K (95%)
ptolemy.util.test.WatchDog.cancel(): canceling Fri Mar 01 03:42:10 UTC 2019
auto.tcl: Setting watchdog for 200 seconds at Fri Mar 01 03:42:10 UTC 2019
2 ms. Memory: 551424K Free: 521619K (95%)
ptolemy.util.test.WatchDog.cancel(): canceling Fri Mar 01 03:42:10 UTC 2019
------------------ testing $PTII/ptolemy/domains/de/test/auto/PortParameterUpdates.xml
auto.tcl: Setting watchdog for 200 seconds at Fri Mar 01 03:42:10 UTC 2019
3 ms. Memory: 549376K Free: 533200K (97%)
ptolemy.util.test.WatchDog.cancel(): canceling Fri Mar 01 03:42:10 UTC 2019
auto.tcl: Setting watchdog for 200 seconds at Fri Mar 01 03:42:10 UTC 2019
3 ms. Memory: 549376K Free: 533200K (97%)
ptolemy.util.test.WatchDog.cancel(): canceling Fri Mar 01 03:42:10 UTC 2019
------------------ testing $PTII/ptolemy/domains/de/test/auto/QueueAndServer.xml
auto.tcl: Setting watchdog for 200 seconds at Fri Mar 01 03:42:10 UTC 2019
14 ms. Memory: 551424K Free: 535212K (97%)
ptolemy.util.test.WatchDog.cancel(): canceling Fri Mar 01 03:42:10 UTC 2019
auto.tcl: Setting watchdog for 200 seconds at Fri Mar 01 03:42:10 UTC 2019
6 ms. Memory: 551424K Free: 528597K (96%)
ptolemy.util.test.WatchDog.cancel(): canceling Fri Mar 01 03:42:10 UTC 2019
------------------ testing $PTII/ptolemy/domains/de/test/auto/Records.xml
auto.tcl: Setting watchdog for 200 seconds at Fri Mar 01 03:42:10 UTC 2019
4 ms. Memory: 549376K Free: 533105K (97%)
ptolemy.util.test.WatchDog.cancel(): canceling Fri Mar 01 03:42:10 UTC 2019
auto.tcl: Setting watchdog for 200 seconds at Fri Mar 01 03:42:10 UTC 2019
2 ms. Memory: 549376K Free: 533105K (97%)
ptolemy.util.test.WatchDog.cancel(): canceling Fri Mar 01 03:42:10 UTC 2019
------------------ testing $PTII/ptolemy/domains/de/test/auto/ResetTransitionWithStartTime1.xml
auto.tcl: Setting watchdog for 200 seconds at Fri Mar 01 03:42:11 UTC 2019
11 ms. Memory: 551424K Free: 535722K (97%)
ptolemy.util.test.WatchDog.cancel(): canceling Fri Mar 01 03:42:11 UTC 2019
auto.tcl: Setting watchdog for 200 seconds at Fri Mar 01 03:42:11 UTC 2019
6 ms. Memory: 551424K Free: 528548K (96%)
ptolemy.util.test.WatchDog.cancel(): canceling Fri Mar 01 03:42:11 UTC 2019
------------------ testing $PTII/ptolemy/domains/de/test/auto/ResetTransitionWithStartTime2.xml
auto.tcl: Setting watchdog for 200 seconds at Fri Mar 01 03:42:11 UTC 2019
5 ms. Memory: 549376K Free: 533665K (97%)
ptolemy.util.test.WatchDog.cancel(): canceling Fri Mar 01 03:42:11 UTC 2019
auto.tcl: Setting watchdog for 200 seconds at Fri Mar 01 03:42:11 UTC 2019
5 ms. Memory: 549376K Free: 527034K (96%)
ptolemy.util.test.WatchDog.cancel(): canceling Fri Mar 01 03:42:11 UTC 2019
------------------ testing $PTII/ptolemy/domains/de/test/auto/ResetTransitionWithStartTime3.xml
auto.tcl: Setting watchdog for 200 seconds at Fri Mar 01 03:42:11 UTC 2019
6 ms. Memory: 550912K Free: 534657K (97%)
ptolemy.util.test.WatchDog.cancel(): canceling Fri Mar 01 03:42:11 UTC 2019
auto.tcl: Setting watchdog for 200 seconds at Fri Mar 01 03:42:11 UTC 2019
6 ms. Memory: 550912K Free: 528026K (96%)
ptolemy.util.test.WatchDog.cancel(): canceling Fri Mar 01 03:42:11 UTC 2019
------------------ testing $PTII/ptolemy/domains/de/test/auto/ResetTransitionWithStartTime4.xml
auto.tcl: Setting watchdog for 200 seconds at Fri Mar 01 03:42:11 UTC 2019
5 ms. Memory: 549376K Free: 533118K (97%)
ptolemy.util.test.WatchDog.cancel(): canceling Fri Mar 01 03:42:11 UTC 2019
auto.tcl: Setting watchdog for 200 seconds at Fri Mar 01 03:42:11 UTC 2019
3 ms. Memory: 549376K Free: 526504K (96%)
ptolemy.util.test.WatchDog.cancel(): canceling Fri Mar 01 03:42:11 UTC 2019
------------------ testing $PTII/ptolemy/domains/de/test/auto/ResettableTimer1.xml
auto.tcl: Setting watchdog for 200 seconds at Fri Mar 01 03:42:11 UTC 2019
3 ms. Memory: 550912K Free: 534650K (97%)
ptolemy.util.test.WatchDog.cancel(): canceling Fri Mar 01 03:42:11 UTC 2019
auto.tcl: Setting watchdog for 200 seconds at Fri Mar 01 03:42:11 UTC 2019
2 ms. Memory: 550912K Free: 534650K (97%)
ptolemy.util.test.WatchDog.cancel(): canceling Fri Mar 01 03:42:11 UTC 2019
------------------ testing $PTII/ptolemy/domains/de/test/auto/ResettableTimer2.xml
auto.tcl: Setting watchdog for 200 seconds at Fri Mar 01 03:42:11 UTC 2019
3 ms. Memory: 549376K Free: 533715K (97%)
ptolemy.util.test.WatchDog.cancel(): canceling Fri Mar 01 03:42:11 UTC 2019
auto.tcl: Setting watchdog for 200 seconds at Fri Mar 01 03:42:11 UTC 2019
2 ms. Memory: 549376K Free: 533715K (97%)
ptolemy.util.test.WatchDog.cancel(): canceling Fri Mar 01 03:42:11 UTC 2019
------------------ testing $PTII/ptolemy/domains/de/test/auto/ResettableTimer3.xml
auto.tcl: Setting watchdog for 200 seconds at Fri Mar 01 03:42:11 UTC 2019
4 ms. Memory: 550912K Free: 534707K (97%)
ptolemy.util.test.WatchDog.cancel(): canceling Fri Mar 01 03:42:11 UTC 2019
auto.tcl: Setting watchdog for 200 seconds at Fri Mar 01 03:42:11 UTC 2019
2 ms. Memory: 550912K Free: 534707K (97%)
ptolemy.util.test.WatchDog.cancel(): canceling Fri Mar 01 03:42:11 UTC 2019
------------------ testing $PTII/ptolemy/domains/de/test/auto/ResettableTimer4.xml
auto.tcl: Setting watchdog for 200 seconds at Fri Mar 01 03:42:11 UTC 2019
2 ms. Memory: 549376K Free: 533727K (97%)
ptolemy.util.test.WatchDog.cancel(): canceling Fri Mar 01 03:42:11 UTC 2019
auto.tcl: Setting watchdog for 200 seconds at Fri Mar 01 03:42:11 UTC 2019
1 ms. Memory: 549376K Free: 533727K (97%)
ptolemy.util.test.WatchDog.cancel(): canceling Fri Mar 01 03:42:11 UTC 2019
------------------ testing $PTII/ptolemy/domains/de/test/auto/ResettableTimer5.xml
auto.tcl: Setting watchdog for 200 seconds at Fri Mar 01 03:42:11 UTC 2019
1 ms. Memory: 550400K Free: 530070K (96%)
ptolemy.util.test.WatchDog.cancel(): canceling Fri Mar 01 03:42:11 UTC 2019
auto.tcl: Setting watchdog for 200 seconds at Fri Mar 01 03:42:11 UTC 2019
1 ms. Memory: 550400K Free: 530070K (96%)
ptolemy.util.test.WatchDog.cancel(): canceling Fri Mar 01 03:42:11 UTC 2019
------------------ testing $PTII/ptolemy/domains/de/test/auto/ResettableTimer6.xml
auto.tcl: Setting watchdog for 200 seconds at Fri Mar 01 03:42:11 UTC 2019
2 ms. Memory: 549376K Free: 528452K (96%)
ptolemy.util.test.WatchDog.cancel(): canceling Fri Mar 01 03:42:11 UTC 2019
auto.tcl: Setting watchdog for 200 seconds at Fri Mar 01 03:42:11 UTC 2019
1 ms. Memory: 549376K Free: 528452K (96%)
ptolemy.util.test.WatchDog.cancel(): canceling Fri Mar 01 03:42:11 UTC 2019
------------------ testing $PTII/ptolemy/domains/de/test/auto/ServerZeroDelay.xml
auto.tcl: Setting watchdog for 200 seconds at Fri Mar 01 03:42:11 UTC 2019
5 ms. Memory: 550400K Free: 534690K (97%)
ptolemy.util.test.WatchDog.cancel(): canceling Fri Mar 01 03:42:11 UTC 2019
auto.tcl: Setting watchdog for 200 seconds at Fri Mar 01 03:42:11 UTC 2019
3 ms. Memory: 550400K Free: 534690K (97%)
ptolemy.util.test.WatchDog.cancel(): canceling Fri Mar 01 03:42:11 UTC 2019
------------------ testing $PTII/ptolemy/domains/de/test/auto/SmartSender.xml
auto.tcl: Setting watchdog for 200 seconds at Fri Mar 01 03:42:11 UTC 2019
3001 ms. Memory: 549376K Free: 528981K (96%)
ptolemy.util.test.WatchDog.cancel(): canceling Fri Mar 01 03:42:14 UTC 2019
auto.tcl: Setting watchdog for 200 seconds at Fri Mar 01 03:42:14 UTC 2019
3002 ms. Memory: 549376K Free: 528981K (96%)
ptolemy.util.test.WatchDog.cancel(): canceling Fri Mar 01 03:42:17 UTC 2019
------------------ testing $PTII/ptolemy/domains/de/test/auto/ThreadedComposite.xml
auto.tcl: Setting watchdog for 200 seconds at Fri Mar 01 03:42:17 UTC 2019
246 ms. Memory: 550400K Free: 513501K (93%)
ptolemy.util.test.WatchDog.cancel(): canceling Fri Mar 01 03:42:18 UTC 2019
auto.tcl: Setting watchdog for 200 seconds at Fri Mar 01 03:42:18 UTC 2019
147 ms. Memory: 550400K Free: 497511K (90%)
ptolemy.util.test.WatchDog.cancel(): canceling Fri Mar 01 03:42:18 UTC 2019
------------------ testing $PTII/ptolemy/domains/de/test/auto/Time.xml
auto.tcl: Setting watchdog for 200 seconds at Fri Mar 01 03:42:18 UTC 2019
507 ms. Memory: 549376K Free: 476687K (87%)
ptolemy.util.test.WatchDog.cancel(): canceling Fri Mar 01 03:42:18 UTC 2019
auto.tcl: Setting watchdog for 200 seconds at Fri Mar 01 03:42:18 UTC 2019
495 ms. Memory: 549376K Free: 417155K (76%)
ptolemy.util.test.WatchDog.cancel(): canceling Fri Mar 01 03:42:19 UTC 2019
------------------ testing $PTII/ptolemy/domains/de/test/auto/TimeDelayZeroDelay.xml
auto.tcl: Setting watchdog for 200 seconds at Fri Mar 01 03:42:19 UTC 2019
2 ms. Memory: 550400K Free: 534064K (97%)
ptolemy.util.test.WatchDog.cancel(): canceling Fri Mar 01 03:42:19 UTC 2019
auto.tcl: Setting watchdog for 200 seconds at Fri Mar 01 03:42:19 UTC 2019
2 ms. Memory: 550400K Free: 534064K (97%)
ptolemy.util.test.WatchDog.cancel(): canceling Fri Mar 01 03:42:19 UTC 2019
------------------ testing $PTII/ptolemy/domains/de/test/auto/TimerZeroDelay.xml
auto.tcl: Setting watchdog for 200 seconds at Fri Mar 01 03:42:19 UTC 2019
3 ms. Memory: 549376K Free: 533627K (97%)
ptolemy.util.test.WatchDog.cancel(): canceling Fri Mar 01 03:42:19 UTC 2019
auto.tcl: Setting watchdog for 200 seconds at Fri Mar 01 03:42:19 UTC 2019
1 ms. Memory: 549376K Free: 533627K (97%)
ptolemy.util.test.WatchDog.cancel(): canceling Fri Mar 01 03:42:19 UTC 2019
------------------ testing $PTII/ptolemy/domains/de/test/auto/TimingParadox.xml
auto.tcl: Setting watchdog for 200 seconds at Fri Mar 01 03:42:19 UTC 2019
393 ms. Memory: 549888K Free: 463077K (84%)
ptolemy.util.test.WatchDog.cancel(): canceling Fri Mar 01 03:42:19 UTC 2019
auto.tcl: Setting watchdog for 200 seconds at Fri Mar 01 03:42:19 UTC 2019
362 ms. Memory: 549888K Free: 430003K (78%)
ptolemy.util.test.WatchDog.cancel(): canceling Fri Mar 01 03:42:20 UTC 2019
------------------ testing $PTII/ptolemy/domains/de/test/auto/TransferInputs.xml
auto.tcl: Setting watchdog for 200 seconds at Fri Mar 01 03:42:20 UTC 2019
2 ms. Memory: 549888K Free: 533101K (97%)
ptolemy.util.test.WatchDog.cancel(): canceling Fri Mar 01 03:42:20 UTC 2019
auto.tcl: Setting watchdog for 200 seconds at Fri Mar 01 03:42:20 UTC 2019
2 ms. Memory: 549888K Free: 533101K (97%)
ptolemy.util.test.WatchDog.cancel(): canceling Fri Mar 01 03:42:20 UTC 2019
------------------ testing $PTII/ptolemy/domains/de/test/auto/TransferOutputs2.xml
auto.tcl: Setting watchdog for 200 seconds at Fri Mar 01 03:42:20 UTC 2019
4 ms. Memory: 549376K Free: 522380K (95%)
ptolemy.util.test.WatchDog.cancel(): canceling Fri Mar 01 03:42:20 UTC 2019
auto.tcl: Setting watchdog for 200 seconds at Fri Mar 01 03:42:20 UTC 2019
3 ms. Memory: 549376K Free: 522380K (95%)
ptolemy.util.test.WatchDog.cancel(): canceling Fri Mar 01 03:42:20 UTC 2019
------------------ testing $PTII/ptolemy/domains/de/test/auto/Trilateration.xml
auto.tcl: Setting watchdog for 200 seconds at Fri Mar 01 03:42:20 UTC 2019
13548 ms. Memory: 453632K Free: 95934K (21%)
ptolemy.util.test.WatchDog.cancel(): canceling Fri Mar 01 03:42:34 UTC 2019
auto.tcl: Setting watchdog for 200 seconds at Fri Mar 01 03:42:34 UTC 2019
10862 ms. Memory: 331264K Free: 187496K (57%)
ptolemy.util.test.WatchDog.cancel(): canceling Fri Mar 01 03:42:45 UTC 2019
------------------ testing $PTII/ptolemy/domains/de/test/auto/TwoSigmaDelta.xml
auto.tcl: Setting watchdog for 200 seconds at Fri Mar 01 03:42:46 UTC 2019
2799 ms. Memory: 320000K Free: 266990K (83%)
ptolemy.util.test.WatchDog.cancel(): canceling Fri Mar 01 03:42:48 UTC 2019
auto.tcl: Setting watchdog for 200 seconds at Fri Mar 01 03:42:48 UTC 2019
2144 ms. Memory: 307712K Free: 257732K (84%)
ptolemy.util.test.WatchDog.cancel(): canceling Fri Mar 01 03:42:51 UTC 2019
------------------ testing $PTII/ptolemy/domains/de/test/auto/VariableDelay.xml
auto.tcl: Setting watchdog for 200 seconds at Fri Mar 01 03:42:51 UTC 2019
3 ms. Memory: 309760K Free: 293677K (95%)
ptolemy.util.test.WatchDog.cancel(): canceling Fri Mar 01 03:42:51 UTC 2019
auto.tcl: Setting watchdog for 200 seconds at Fri Mar 01 03:42:51 UTC 2019
2 ms. Memory: 309760K Free: 293677K (95%)
ptolemy.util.test.WatchDog.cancel(): canceling Fri Mar 01 03:42:51 UTC 2019
------------------ testing $PTII/ptolemy/domains/de/test/auto/VariableDelay2.xml
auto.tcl: Setting watchdog for 200 seconds at Fri Mar 01 03:42:51 UTC 2019
9 ms. Memory: 307712K Free: 294318K (96%)
ptolemy.util.test.WatchDog.cancel(): canceling Fri Mar 01 03:42:51 UTC 2019
auto.tcl: Setting watchdog for 200 seconds at Fri Mar 01 03:42:51 UTC 2019
2 ms. Memory: 307712K Free: 294318K (96%)
ptolemy.util.test.WatchDog.cancel(): canceling Fri Mar 01 03:42:51 UTC 2019
------------------ testing $PTII/ptolemy/domains/de/test/auto/VariableDelayZeroDelay.xml
auto.tcl: Setting watchdog for 200 seconds at Fri Mar 01 03:42:51 UTC 2019
2 ms. Memory: 309248K Free: 296903K (96%)
ptolemy.util.test.WatchDog.cancel(): canceling Fri Mar 01 03:42:51 UTC 2019
auto.tcl: Setting watchdog for 200 seconds at Fri Mar 01 03:42:51 UTC 2019
2 ms. Memory: 309248K Free: 293605K (95%)
ptolemy.util.test.WatchDog.cancel(): canceling Fri Mar 01 03:42:51 UTC 2019
------------------ testing $PTII/ptolemy/domains/de/test/auto/VariableDelayZeroDelay2.xml
auto.tcl: Setting watchdog for 200 seconds at Fri Mar 01 03:42:51 UTC 2019
5 ms. Memory: 307712K Free: 295365K (96%)
ptolemy.util.test.WatchDog.cancel(): canceling Fri Mar 01 03:42:51 UTC 2019
auto.tcl: Setting watchdog for 200 seconds at Fri Mar 01 03:42:51 UTC 2019
2 ms. Memory: 307712K Free: 292051K (95%)
ptolemy.util.test.WatchDog.cancel(): canceling Fri Mar 01 03:42:51 UTC 2019
------------------ testing $PTII/ptolemy/domains/de/test/auto/deInCt.xml
auto.tcl: Setting watchdog for 200 seconds at Fri Mar 01 03:42:51 UTC 2019
0
1
1
1
1
1
0
0
0
1
1
1
1
0
0
0
1
1
1
0
0
0
1
1
0
0
0
1
1
1
0
0
0
1
1
1
1
1
1
19 ms. Memory: 309248K Free: 293581K (95%)
ptolemy.util.test.WatchDog.cancel(): canceling Fri Mar 01 03:42:51 UTC 2019
auto.tcl: Setting watchdog for 200 seconds at Fri Mar 01 03:42:51 UTC 2019
0
1
1
1
0
0
0
0
0
1
1
1
0
0
0
1
1
0
0
0
0
0
1
1
1
1
1
1
1
10 ms. Memory: 309248K Free: 293581K (95%)
ptolemy.util.test.WatchDog.cancel(): canceling Fri Mar 01 03:42:51 UTC 2019
------------------ testing $PTII/ptolemy/domains/de/test/auto/deInCt2.xml
auto.tcl: Setting watchdog for 200 seconds at Fri Mar 01 03:42:51 UTC 2019
0
1
1
1
0
0
1
1
1
0
0
1
1
1
0
0
1
1
1
0
0
1
1
1
0
0
1
1
1
0
0
1
1
1
0
0
1
1
1
0
0
0
7 ms. Memory: 307712K Free: 292028K (95%)
ptolemy.util.test.WatchDog.cancel(): canceling Fri Mar 01 03:42:51 UTC 2019
auto.tcl: Setting watchdog for 200 seconds at Fri Mar 01 03:42:51 UTC 2019
0
1
1
1
0
0
1
1
1
0
0
1
1
1
0
0
1
1
1
0
0
1
1
1
0
0
1
1
1
0
0
1
1
1
0
0
1
1
1
0
0
0
10 ms. Memory: 307712K Free: 292028K (95%)
ptolemy.util.test.WatchDog.cancel(): canceling Fri Mar 01 03:42:51 UTC 2019
------------------ testing $PTII/ptolemy/domains/de/test/auto/dynamicCausalityInterface1.xml
auto.tcl: Setting watchdog for 200 seconds at Fri Mar 01 03:42:51 UTC 2019
4 ms. Memory: 308736K Free: 292033K (95%)
ptolemy.util.test.WatchDog.cancel(): canceling Fri Mar 01 03:42:51 UTC 2019
auto.tcl: Setting watchdog for 200 seconds at Fri Mar 01 03:42:51 UTC 2019
1 ms. Memory: 308736K Free: 292033K (95%)
ptolemy.util.test.WatchDog.cancel(): canceling Fri Mar 01 03:42:51 UTC 2019
------------------ testing $PTII/ptolemy/domains/de/test/auto/fsm_de_test.xml
auto.tcl: Setting watchdog for 200 seconds at Fri Mar 01 03:42:51 UTC 2019
7 ms. Memory: 307712K Free: 288625K (94%)
ptolemy.util.test.WatchDog.cancel(): canceling Fri Mar 01 03:42:51 UTC 2019
auto.tcl: Setting watchdog for 200 seconds at Fri Mar 01 03:42:51 UTC 2019
5 ms. Memory: 307712K Free: 288625K (94%)
ptolemy.util.test.WatchDog.cancel(): canceling Fri Mar 01 03:42:51 UTC 2019
------------------ testing $PTII/ptolemy/domains/de/test/auto/functionDependencyReconstruction.xml
auto.tcl: Setting watchdog for 200 seconds at Fri Mar 01 03:42:51 UTC 2019
2 ms. Memory: 308736K Free: 283037K (92%)
ptolemy.util.test.WatchDog.cancel(): canceling Fri Mar 01 03:42:51 UTC 2019
auto.tcl: Setting watchdog for 200 seconds at Fri Mar 01 03:42:51 UTC 2019
3 ms. Memory: 308736K Free: 283037K (92%)
ptolemy.util.test.WatchDog.cancel(): canceling Fri Mar 01 03:42:51 UTC 2019
------------------ testing $PTII/ptolemy/domains/de/test/auto/multirate.xml
auto.tcl: Setting watchdog for 200 seconds at Fri Mar 01 03:42:51 UTC 2019
4 ms. Memory: 307712K Free: 291805K (95%)
ptolemy.util.test.WatchDog.cancel(): canceling Fri Mar 01 03:42:51 UTC 2019
auto.tcl: Setting watchdog for 200 seconds at Fri Mar 01 03:42:51 UTC 2019
3 ms. Memory: 307712K Free: 288492K (94%)
ptolemy.util.test.WatchDog.cancel(): canceling Fri Mar 01 03:42:51 UTC 2019
------------------ testing $PTII/ptolemy/domains/de/test/auto/multirate2.xml
auto.tcl: Setting watchdog for 200 seconds at Fri Mar 01 03:42:51 UTC 2019
4 ms. Memory: 308736K Free: 292997K (95%)
ptolemy.util.test.WatchDog.cancel(): canceling Fri Mar 01 03:42:51 UTC 2019
auto.tcl: Setting watchdog for 200 seconds at Fri Mar 01 03:42:51 UTC 2019
3 ms. Memory: 308736K Free: 289700K (94%)
ptolemy.util.test.WatchDog.cancel(): canceling Fri Mar 01 03:42:51 UTC 2019
------------------ testing $PTII/ptolemy/domains/de/test/auto/realtime.xml
auto.tcl: Setting watchdog for 200 seconds at Fri Mar 01 03:42:51 UTC 2019
10003 ms. Memory: 307712K Free: 291971K (95%)
ptolemy.util.test.WatchDog.cancel(): canceling Fri Mar 01 03:43:01 UTC 2019
auto.tcl: Setting watchdog for 200 seconds at Fri Mar 01 03:43:01 UTC 2019
10002 ms. Memory: 307712K Free: 291971K (95%)
ptolemy.util.test.WatchDog.cancel(): canceling Fri Mar 01 03:43:11 UTC 2019
------------------ testing $PTII/ptolemy/domains/de/test/auto/relationGroup.xml
auto.tcl: Setting watchdog for 200 seconds at Fri Mar 01 03:43:11 UTC 2019
9 ms. Memory: 308224K Free: 298105K (97%)
ptolemy.util.test.WatchDog.cancel(): canceling Fri Mar 01 03:43:11 UTC 2019
auto.tcl: Setting watchdog for 200 seconds at Fri Mar 01 03:43:11 UTC 2019
2 ms. Memory: 308224K Free: 298105K (97%)
ptolemy.util.test.WatchDog.cancel(): canceling Fri Mar 01 03:43:11 UTC 2019
------------------ testing $PTII/ptolemy/domains/de/test/auto/relationGroup2.xml
auto.tcl: Setting watchdog for 200 seconds at Fri Mar 01 03:43:12 UTC 2019
2 ms. Memory: 307712K Free: 295356K (96%)
ptolemy.util.test.WatchDog.cancel(): canceling Fri Mar 01 03:43:12 UTC 2019
auto.tcl: Setting watchdog for 200 seconds at Fri Mar 01 03:43:12 UTC 2019
1 ms. Memory: 307712K Free: 295356K (96%)
ptolemy.util.test.WatchDog.cancel(): canceling Fri Mar 01 03:43:12 UTC 2019
------------------ testing $PTII/ptolemy/domains/de/test/auto/sortWithOpaquePorts.xml
auto.tcl: Setting watchdog for 200 seconds at Fri Mar 01 03:43:12 UTC 2019
2 ms. Memory: 308224K Free: 292571K (95%)
ptolemy.util.test.WatchDog.cancel(): canceling Fri Mar 01 03:43:12 UTC 2019
auto.tcl: Setting watchdog for 200 seconds at Fri Mar 01 03:43:12 UTC 2019
1 ms. Memory: 308224K Free: 292571K (95%)
ptolemy.util.test.WatchDog.cancel(): canceling Fri Mar 01 03:43:12 UTC 2019
------------------ testing $PTII/ptolemy/domains/de/test/auto/transferInputsandOutputs.xml
auto.tcl: Setting watchdog for 200 seconds at Fri Mar 01 03:43:12 UTC 2019
2 ms. Memory: 307712K Free: 292046K (95%)
ptolemy.util.test.WatchDog.cancel(): canceling Fri Mar 01 03:43:12 UTC 2019
auto.tcl: Setting watchdog for 200 seconds at Fri Mar 01 03:43:12 UTC 2019
1 ms. Memory: 307712K Free: 288741K (94%)
ptolemy.util.test.WatchDog.cancel(): canceling Fri Mar 01 03:43:12 UTC 2019
------------------ testing $PTII/ptolemy/domains/de/test/auto/triggerType.xml
auto.tcl: Setting watchdog for 200 seconds at Fri Mar 01 03:43:12 UTC 2019
1 ms. Memory: 308224K Free: 295806K (96%)
ptolemy.util.test.WatchDog.cancel(): canceling Fri Mar 01 03:43:12 UTC 2019
auto.tcl: Setting watchdog for 200 seconds at Fri Mar 01 03:43:12 UTC 2019
2 ms. Memory: 308224K Free: 292493K (95%)
ptolemy.util.test.WatchDog.cancel(): canceling Fri Mar 01 03:43:12 UTC 2019
03/01/19 03:43:12
Failed: 0  Total Tests: 192  ((Passed: 187, Newly Passed: 1)  Known Failed: 5) /home/travis/build/icyphy/ptII/ptolemy/domains/de/test
03/01/19 03:43:12
Failed: 0  Total Tests: 192  ((Passed: 187, Newly Passed: 1)  Known Failed: 5) /home/travis/build/icyphy/ptII/ptolemy/domains/de/test
----------------- testing (KnownFailure) /home/travis/build/icyphy/ptII/ptolemy/domains/de/test/auto/knownFailedTests/DESDFClockTest.xml
2014 ms. Memory: 307712K Free: 286259K (93%)
Known Failure: java.lang.reflect.InvocationTargetException
----------------- testing (KnownFailure) /home/travis/build/icyphy/ptII/ptolemy/domains/de/test/auto/knownFailedTests/DirectFeedback.xml
2 ms. Memory: 307712K Free: 268155K (87%)
Known Failure: java.lang.reflect.InvocationTargetException
----------------- testing (KnownFailure) /home/travis/build/icyphy/ptII/ptolemy/domains/de/test/auto/knownFailedTests/FSMSource.xml
5 ms. Memory: 307712K Free: 245524K (80%)
----------------- testing (KnownFailure) /home/travis/build/icyphy/ptII/ptolemy/domains/de/test/auto/knownFailedTests/HierarchicalModel.xml
2 ms. Memory: 307712K Free: 222861K (72%)
Known Failure: java.lang.reflect.InvocationTargetException
----------------- testing (KnownFailure) /home/travis/build/icyphy/ptII/ptolemy/domains/de/test/auto/knownFailedTests/dependencyLoop.xml
2 ms. Memory: 307712K Free: 191162K (62%)
Known Failure: java.lang.reflect.InvocationTargetException
----------------- testing (KnownFailure) /home/travis/build/icyphy/ptII/ptolemy/domains/de/test/auto/knownFailedTests/dependencyLoop2.xml
1 ms. Memory: 307712K Free: 159471K (52%)
Known Failure: java.lang.reflect.InvocationTargetException
No auto/linux-amd64/*.xml tests in /home/travis/build/icyphy/ptII/ptolemy/domains/de/test
AutoTests.java: About to close Vertx.
AutoTests.java: Vertx closed.

===========================================================================================
----------------- testing Fri Mar 01 03:43:14 UTC 2019 /home/travis/build/icyphy/ptII/ptolemy/domains/de/test/auto/ActorDepthCalculation_actorWithoutPorts.xml
----------------- Instantiating /home/travis/build/icyphy/ptII/ptolemy/domains/de/test/auto/ActorDepthCalculation_actorWithoutPorts.xml
1 ms. Memory: 307712K Free: 136840K (44%)
----------------- Invoking toplevel() on ptolemy.moml.MoMLSimpleApplication@1ea5c58c
----------------- Done invoking toplevel() on ptolemy.moml.MoMLSimpleApplication@1ea5c58c
reloadAllAccessors: .ActorDepthCalculation_actorWithoutPorts

===========================================================================================
----------------- testing Fri Mar 01 03:43:14 UTC 2019 /home/travis/build/icyphy/ptII/ptolemy/domains/de/test/auto/AssemblyLine.xml
----------------- Instantiating /home/travis/build/icyphy/ptII/ptolemy/domains/de/test/auto/AssemblyLine.xml
2 ms. Memory: 307712K Free: 123254K (40%)
----------------- Invoking toplevel() on ptolemy.moml.MoMLSimpleApplication@4001b0df
----------------- Done invoking toplevel() on ptolemy.moml.MoMLSimpleApplication@4001b0df
reloadAllAccessors: .AssemblyLine

===========================================================================================
----------------- testing Fri Mar 01 03:43:14 UTC 2019 /home/travis/build/icyphy/ptII/ptolemy/domains/de/test/auto/CQBug1.xml
----------------- Instantiating /home/travis/build/icyphy/ptII/ptolemy/domains/de/test/auto/CQBug1.xml
1 ms. Memory: 307712K Free: 114202K (37%)
----------------- Invoking toplevel() on ptolemy.moml.MoMLSimpleApplication@62b55fa6
----------------- Done invoking toplevel() on ptolemy.moml.MoMLSimpleApplication@62b55fa6
reloadAllAccessors: .CQBug1

===========================================================================================
----------------- testing Fri Mar 01 03:43:14 UTC 2019 /home/travis/build/icyphy/ptII/ptolemy/domains/de/test/auto/CancelFireAt.xml
----------------- Instantiating /home/travis/build/icyphy/ptII/ptolemy/domains/de/test/auto/CancelFireAt.xml
1 ms. Memory: 307712K Free: 105149K (34%)
----------------- Invoking toplevel() on ptolemy.moml.MoMLSimpleApplication@1db57dfc
----------------- Done invoking toplevel() on ptolemy.moml.MoMLSimpleApplication@1db57dfc
reloadAllAccessors: .CancelFireAt

===========================================================================================
----------------- testing Fri Mar 01 03:43:14 UTC 2019 /home/travis/build/icyphy/ptII/ptolemy/domains/de/test/auto/CausalityAndComposabilityAnalysis.xml
----------------- Instantiating /home/travis/build/icyphy/ptII/ptolemy/domains/de/test/auto/CausalityAndComposabilityAnalysis.xml
1 ms. Memory: 307712K Free: 96097K (31%)
----------------- Invoking toplevel() on ptolemy.moml.MoMLSimpleApplication@507f00e1
----------------- Done invoking toplevel() on ptolemy.moml.MoMLSimpleApplication@507f00e1
reloadAllAccessors: .CausalityAndComposabilityAnalysis

===========================================================================================
----------------- testing Fri Mar 01 03:43:14 UTC 2019 /home/travis/build/icyphy/ptII/ptolemy/domains/de/test/auto/CausalityInterface1.xml
----------------- Instantiating /home/travis/build/icyphy/ptII/ptolemy/domains/de/test/auto/CausalityInterface1.xml
3 ms. Memory: 307712K Free: 83748K (27%)
----------------- Invoking toplevel() on ptolemy.moml.MoMLSimpleApplication@749f1ee6
----------------- Done invoking toplevel() on ptolemy.moml.MoMLSimpleApplication@749f1ee6
reloadAllAccessors: .CausalityInterface1

===========================================================================================
----------------- testing Fri Mar 01 03:43:14 UTC 2019 /home/travis/build/icyphy/ptII/ptolemy/domains/de/test/auto/CausalityInterface15.xml
----------------- Instantiating /home/travis/build/icyphy/ptII/ptolemy/domains/de/test/auto/CausalityInterface15.xml
12 ms. Memory: 298496K Free: 289250K (97%)
----------------- Invoking toplevel() on ptolemy.moml.MoMLSimpleApplication@3947668f
----------------- Done invoking toplevel() on ptolemy.moml.MoMLSimpleApplication@3947668f
reloadAllAccessors: .CausalityInterface15

[...]
java.lang.RuntimeException: Execution failed
	at ptolemy.moml.MoMLSimpleApplication$UnloadThread.run(MoMLSimpleApplication.java:402)
Caused by: ptolemy.kernel.util.IllegalActionException: Test fails in iteration 1.
Value was: 1.0. Should have been: 2.0
  in .DirectFeedback.Test
	at ptolemy.actor.lib.Test.fire(Test.java:268)
	at ptolemy.domains.de.kernel.DEDirector._fire(DEDirector.java:1949)
	at ptolemy.domains.de.kernel.DEDirector.fire(DEDirector.java:502)
	at ptolemy.actor.CompositeActor.fire(CompositeActor.java:455)
	at ptolemy.actor.Manager.iterate(Manager.java:851)
	at ptolemy.actor.Manager.execute(Manager.java:369)
	at ptolemy.actor.Manager.run(Manager.java:1263)
	at ptolemy.actor.Manager$PtolemyRunThread.run(Manager.java:1915)
java.lang.RuntimeException: Execution failed
	at ptolemy.moml.MoMLSimpleApplication$UnloadThread.run(MoMLSimpleApplication.java:402)
Caused by: ptolemy.kernel.util.IllegalActionException: Actor is not ready to fire.  Perhaps UpSample.prefire() returned false? Try debugging the actor by selecting "Listen to Actor".  Also, for SDF check moml for tokenConsumptionRate on input.
  in .DESDFClockTest.Play Bell.Copy1:SDF Director and .DESDFClockTest.Play Bell.UpSample
	at ptolemy.actor.sched.StaticSchedulingDirector.fire(StaticSchedulingDirector.java:227)
	at ptolemy.domains.sdf.kernel.SDFDirector.fire(SDFDirector.java:500)
	at ptolemy.actor.CompositeActor.fire(CompositeActor.java:455)
	at ptolemy.domains.de.kernel.DEDirector._fire(DEDirector.java:1949)
	at ptolemy.domains.de.kernel.DEDirector.fire(DEDirector.java:502)
	at ptolemy.actor.CompositeActor.fire(CompositeActor.java:455)
	at ptolemy.actor.Manager.iterate(Manager.java:851)
	at ptolemy.actor.Manager.execute(Manager.java:369)
	at ptolemy.actor.Manager.run(Manager.java:1263)
	at ptolemy.actor.Manager$PtolemyRunThread.run(Manager.java:1915)
java.lang.reflect.InvocationTargetException
	at sun.reflect.NativeConstructorAccessorImpl.newInstance0(Native Method)
	at sun.reflect.NativeConstructorAccessorImpl.newInstance(NativeConstructorAccessorImpl.java:62)
	at sun.reflect.DelegatingConstructorAccessorImpl.newInstance(DelegatingConstructorAccessorImpl.java:45)
	at java.lang.reflect.Constructor.newInstance(Constructor.java:423)
	at ptolemy.util.test.junit.AutoKnownFailedTests.RunModel(AutoKnownFailedTests.java:105)
	at sun.reflect.NativeMethodAccessorImpl.invoke0(Native Method)
	at sun.reflect.NativeMethodAccessorImpl.invoke(NativeMethodAccessorImpl.java:62)
	at sun.reflect.DelegatingMethodAccessorImpl.invoke(DelegatingMethodAccessorImpl.java:43)
	at java.lang.reflect.Method.invoke(Method.java:498)
	at org.junit.runners.model.FrameworkMethod$1.runReflectiveCall(FrameworkMethod.java:44)
	at org.junit.internal.runners.model.ReflectiveCallable.run(ReflectiveCallable.java:15)
	at org.junit.runners.model.FrameworkMethod.invokeExplosively(FrameworkMethod.java:41)
	at junitparams.internal.InvokeParameterisedMethod.evaluate(InvokeParameterisedMethod.java:102)
	at org.junit.internal.runners.statements.FailOnTimeout$1.run(FailOnTimeout.java:28)
Caused by: ptolemy.kernel.util.IllegalActionException: Actor is not ready to fire.  Perhaps UpSample.prefire() returned false? Try debugging the actor by selecting "Listen to Actor".  Also, for SDF check moml for tokenConsumptionRate on input.
  in .DESDFClockTest.Play Bell.Copy1:SDF Director and .DESDFClockTest.Play Bell.UpSample
	at ptolemy.actor.sched.StaticSchedulingDirector.fire(StaticSchedulingDirector.java:227)
	at ptolemy.domains.sdf.kernel.SDFDirector.fire(SDFDirector.java:500)
	at ptolemy.actor.CompositeActor.fire(CompositeActor.java:455)
	at ptolemy.domains.de.kernel.DEDirector._fire(DEDirector.java:1949)
	at ptolemy.domains.de.kernel.DEDirector.fire(DEDirector.java:502)
	at ptolemy.actor.CompositeActor.fire(CompositeActor.java:455)
	at ptolemy.actor.Manager.iterate(Manager.java:851)
	at ptolemy.actor.Manager.execute(Manager.java:369)
	at ptolemy.actor.Manager.run(Manager.java:1263)
	at ptolemy.actor.Manager$PtolemyRunThread.run(Manager.java:1915)
java.lang.RuntimeException: Execution failed
	at ptolemy.moml.MoMLSimpleApplication$UnloadThread.run(MoMLSimpleApplication.java:402)
Caused by: ptolemy.kernel.util.IllegalActionException: Test fails in iteration 1.
Value was: 1.0. Should have been: 2.0
  in .DirectFeedback.Test
	at ptolemy.actor.lib.Test.fire(Test.java:268)
	at ptolemy.domains.de.kernel.DEDirector._fire(DEDirector.java:1949)
	at ptolemy.domains.de.kernel.DEDirector.fire(DEDirector.java:502)
	at ptolemy.actor.CompositeActor.fire(CompositeActor.java:455)
	at ptolemy.actor.Manager.iterate(Manager.java:851)
	at ptolemy.actor.Manager.execute(Manager.java:369)
	at ptolemy.actor.Manager.run(Manager.java:1263)
	at ptolemy.actor.Manager$PtolemyRunThread.run(Manager.java:1915)
java.lang.reflect.InvocationTargetException
	at sun.reflect.NativeConstructorAccessorImpl.newInstance0(Native Method)
	at sun.reflect.NativeConstructorAccessorImpl.newInstance(NativeConstructorAccessorImpl.java:62)
	at sun.reflect.DelegatingConstructorAccessorImpl.newInstance(DelegatingConstructorAccessorImpl.java:45)
	at java.lang.reflect.Constructor.newInstance(Constructor.java:423)
	at ptolemy.util.test.junit.AutoKnownFailedTests.RunModel(AutoKnownFailedTests.java:105)
	at sun.reflect.NativeMethodAccessorImpl.invoke0(Native Method)
	at sun.reflect.NativeMethodAccessorImpl.invoke(NativeMethodAccessorImpl.java:62)
	at sun.reflect.DelegatingMethodAccessorImpl.invoke(DelegatingMethodAccessorImpl.java:43)
	at java.lang.reflect.Method.invoke(Method.java:498)
	at org.junit.runners.model.FrameworkMethod$1.runReflectiveCall(FrameworkMethod.java:44)
	at org.junit.internal.runners.model.ReflectiveCallable.run(ReflectiveCallable.java:15)
	at org.junit.runners.model.FrameworkMethod.invokeExplosively(FrameworkMethod.java:41)
	at junitparams.internal.InvokeParameterisedMethod.evaluate(InvokeParameterisedMethod.java:102)
	at org.junit.internal.runners.statements.FailOnTimeout$1.run(FailOnTimeout.java:28)
Caused by: ptolemy.kernel.util.IllegalActionException: Test fails in iteration 1.
Value was: 1.0. Should have been: 2.0
  in .DirectFeedback.Test
	at ptolemy.actor.lib.Test.fire(Test.java:268)
	at ptolemy.domains.de.kernel.DEDirector._fire(DEDirector.java:1949)
	at ptolemy.domains.de.kernel.DEDirector.fire(DEDirector.java:502)
	at ptolemy.actor.CompositeActor.fire(CompositeActor.java:455)
	at ptolemy.actor.Manager.iterate(Manager.java:851)
	at ptolemy.actor.Manager.execute(Manager.java:369)
	at ptolemy.actor.Manager.run(Manager.java:1263)
	at ptolemy.actor.Manager$PtolemyRunThread.run(Manager.java:1915)
java.lang.RuntimeException: Execution failed
	at ptolemy.moml.MoMLSimpleApplication$UnloadThread.run(MoMLSimpleApplication.java:402)
Caused by: ptolemy.kernel.util.IllegalActionException: Found a zero delay loop containing .HierarchicalModel.A
  in .HierarchicalModel and .HierarchicalModel.A
	at ptolemy.actor.util.CausalityInterfaceForComposites._computeOutputPortDepth(CausalityInterfaceForComposites.java:759)
	at ptolemy.actor.util.CausalityInterfaceForComposites._computeInputDepth(CausalityInterfaceForComposites.java:696)
	at ptolemy.actor.util.CausalityInterfaceForComposites._computeOutputPortDepth(CausalityInterfaceForComposites.java:765)
	at ptolemy.actor.util.CausalityInterfaceForComposites._computeInputDepth(CausalityInterfaceForComposites.java:696)
	at ptolemy.actor.util.CausalityInterfaceForComposites._computeOutputPortDepth(CausalityInterfaceForComposites.java:765)
	at ptolemy.actor.util.CausalityInterfaceForComposites._computeInputDepth(CausalityInterfaceForComposites.java:696)
	at ptolemy.actor.util.CausalityInterfaceForComposites._computeActorDepth(CausalityInterfaceForComposites.java:532)
	at ptolemy.actor.util.CausalityInterfaceForComposites.checkForCycles(CausalityInterfaceForComposites.java:96)
	at ptolemy.domains.de.kernel.DEDirector.preinitialize(DEDirector.java:1338)
	at ptolemy.actor.CompositeActor.preinitialize(CompositeActor.java:1828)
	at ptolemy.actor.Manager.preinitializeAndResolveTypes(Manager.java:1040)
	at ptolemy.actor.Manager.initialize(Manager.java:710)
	at ptolemy.actor.Manager.execute(Manager.java:356)
	at ptolemy.actor.Manager.run(Manager.java:1263)
	at ptolemy.actor.Manager$PtolemyRunThread.run(Manager.java:1915)
java.lang.reflect.InvocationTargetException
	at sun.reflect.NativeConstructorAccessorImpl.newInstance0(Native Method)
	at sun.reflect.NativeConstructorAccessorImpl.newInstance(NativeConstructorAccessorImpl.java:62)
	at sun.reflect.DelegatingConstructorAccessorImpl.newInstance(DelegatingConstructorAccessorImpl.java:45)
	at java.lang.reflect.Constructor.newInstance(Constructor.java:423)
	at ptolemy.util.test.junit.AutoKnownFailedTests.RunModel(AutoKnownFailedTests.java:105)
	at sun.reflect.NativeMethodAccessorImpl.invoke0(Native Method)
	at sun.reflect.NativeMethodAccessorImpl.invoke(NativeMethodAccessorImpl.java:62)
	at sun.reflect.DelegatingMethodAccessorImpl.invoke(DelegatingMethodAccessorImpl.java:43)
	at java.lang.reflect.Method.invoke(Method.java:498)
	at org.junit.runners.model.FrameworkMethod$1.runReflectiveCall(FrameworkMethod.java:44)
	at org.junit.internal.runners.model.ReflectiveCallable.run(ReflectiveCallable.java:15)
	at org.junit.runners.model.FrameworkMethod.invokeExplosively(FrameworkMethod.java:41)
	at junitparams.internal.InvokeParameterisedMethod.evaluate(InvokeParameterisedMethod.java:102)
	at org.junit.internal.runners.statements.FailOnTimeout$1.run(FailOnTimeout.java:28)
Caused by: ptolemy.kernel.util.IllegalActionException: Found a zero delay loop containing .HierarchicalModel.A
  in .HierarchicalModel and .HierarchicalModel.A
	at ptolemy.actor.util.CausalityInterfaceForComposites._computeOutputPortDepth(CausalityInterfaceForComposites.java:759)
	at ptolemy.actor.util.CausalityInterfaceForComposites._computeInputDepth(CausalityInterfaceForComposites.java:696)
	at ptolemy.actor.util.CausalityInterfaceForComposites._computeOutputPortDepth(CausalityInterfaceForComposites.java:765)
	at ptolemy.actor.util.CausalityInterfaceForComposites._computeInputDepth(CausalityInterfaceForComposites.java:696)
	at ptolemy.actor.util.CausalityInterfaceForComposites._computeOutputPortDepth(CausalityInterfaceForComposites.java:765)
	at ptolemy.actor.util.CausalityInterfaceForComposites._computeInputDepth(CausalityInterfaceForComposites.java:696)
	at ptolemy.actor.util.CausalityInterfaceForComposites._computeActorDepth(CausalityInterfaceForComposites.java:532)
	at ptolemy.actor.util.CausalityInterfaceForComposites.checkForCycles(CausalityInterfaceForComposites.java:96)
	at ptolemy.domains.de.kernel.DEDirector.preinitialize(DEDirector.java:1338)
	at ptolemy.actor.CompositeActor.preinitialize(CompositeActor.java:1828)
	at ptolemy.actor.Manager.preinitializeAndResolveTypes(Manager.java:1040)
	at ptolemy.actor.Manager.initialize(Manager.java:710)
	at ptolemy.actor.Manager.execute(Manager.java:356)
	at ptolemy.actor.Manager.run(Manager.java:1263)
	at ptolemy.actor.Manager$PtolemyRunThread.run(Manager.java:1915)
java.lang.RuntimeException: Execution failed
	at ptolemy.moml.MoMLSimpleApplication$UnloadThread.run(MoMLSimpleApplication.java:402)
Caused by: ptolemy.kernel.util.IllegalActionException: Found a zero delay loop containing .dependencyLoop.original
  in .dependencyLoop and .dependencyLoop.original
	at ptolemy.actor.util.CausalityInterfaceForComposites._computeOutputPortDepth(CausalityInterfaceForComposites.java:759)
	at ptolemy.actor.util.CausalityInterfaceForComposites._computeInputDepth(CausalityInterfaceForComposites.java:696)
	at ptolemy.actor.util.CausalityInterfaceForComposites._computeOutputPortDepth(CausalityInterfaceForComposites.java:765)
	at ptolemy.actor.util.CausalityInterfaceForComposites._computeInputDepth(CausalityInterfaceForComposites.java:696)
	at ptolemy.actor.util.CausalityInterfaceForComposites._computeOutputPortDepth(CausalityInterfaceForComposites.java:765)
	at ptolemy.actor.util.CausalityInterfaceForComposites._computeInputDepth(CausalityInterfaceForComposites.java:696)
	at ptolemy.actor.util.CausalityInterfaceForComposites._computeActorDepth(CausalityInterfaceForComposites.java:532)
	at ptolemy.actor.util.CausalityInterfaceForComposites.checkForCycles(CausalityInterfaceForComposites.java:96)
	at ptolemy.domains.de.kernel.DEDirector.preinitialize(DEDirector.java:1338)
	at ptolemy.actor.CompositeActor.preinitialize(CompositeActor.java:1828)
	at ptolemy.actor.Manager.preinitializeAndResolveTypes(Manager.java:1040)
	at ptolemy.actor.Manager.initialize(Manager.java:710)
	at ptolemy.actor.Manager.execute(Manager.java:356)
	at ptolemy.actor.Manager.run(Manager.java:1263)
	at ptolemy.actor.Manager$PtolemyRunThread.run(Manager.java:1915)
java.lang.reflect.InvocationTargetException
	at sun.reflect.NativeConstructorAccessorImpl.newInstance0(Native Method)
	at sun.reflect.NativeConstructorAccessorImpl.newInstance(NativeConstructorAccessorImpl.java:62)
	at sun.reflect.DelegatingConstructorAccessorImpl.newInstance(DelegatingConstructorAccessorImpl.java:45)
	at java.lang.reflect.Constructor.newInstance(Constructor.java:423)
	at ptolemy.util.test.junit.AutoKnownFailedTests.RunModel(AutoKnownFailedTests.java:105)
	at sun.reflect.NativeMethodAccessorImpl.invoke0(Native Method)
	at sun.reflect.NativeMethodAccessorImpl.invoke(NativeMethodAccessorImpl.java:62)
	at sun.reflect.DelegatingMethodAccessorImpl.invoke(DelegatingMethodAccessorImpl.java:43)
	at java.lang.reflect.Method.invoke(Method.java:498)
	at org.junit.runners.model.FrameworkMethod$1.runReflectiveCall(FrameworkMethod.java:44)
	at org.junit.internal.runners.model.ReflectiveCallable.run(ReflectiveCallable.java:15)
	at org.junit.runners.model.FrameworkMethod.invokeExplosively(FrameworkMethod.java:41)
	at junitparams.internal.InvokeParameterisedMethod.evaluate(InvokeParameterisedMethod.java:102)
	at org.junit.internal.runners.statements.FailOnTimeout$1.run(FailOnTimeout.java:28)
Caused by: ptolemy.kernel.util.IllegalActionException: Found a zero delay loop containing .dependencyLoop.original
  in .dependencyLoop and .dependencyLoop.original
	at ptolemy.actor.util.CausalityInterfaceForComposites._computeOutputPortDepth(CausalityInterfaceForComposites.java:759)
	at ptolemy.actor.util.CausalityInterfaceForComposites._computeInputDepth(CausalityInterfaceForComposites.java:696)
	at ptolemy.actor.util.CausalityInterfaceForComposites._computeOutputPortDepth(CausalityInterfaceForComposites.java:765)
	at ptolemy.actor.util.CausalityInterfaceForComposites._computeInputDepth(CausalityInterfaceForComposites.java:696)
	at ptolemy.actor.util.CausalityInterfaceForComposites._computeOutputPortDepth(CausalityInterfaceForComposites.java:765)
	at ptolemy.actor.util.CausalityInterfaceForComposites._computeInputDepth(CausalityInterfaceForComposites.java:696)
	at ptolemy.actor.util.CausalityInterfaceForComposites._computeActorDepth(CausalityInterfaceForComposites.java:532)
	at ptolemy.actor.util.CausalityInterfaceForComposites.checkForCycles(CausalityInterfaceForComposites.java:96)
	at ptolemy.domains.de.kernel.DEDirector.preinitialize(DEDirector.java:1338)
	at ptolemy.actor.CompositeActor.preinitialize(CompositeActor.java:1828)
	at ptolemy.actor.Manager.preinitializeAndResolveTypes(Manager.java:1040)
	at ptolemy.actor.Manager.initialize(Manager.java:710)
	at ptolemy.actor.Manager.execute(Manager.java:356)
	at ptolemy.actor.Manager.run(Manager.java:1263)
	at ptolemy.actor.Manager$PtolemyRunThread.run(Manager.java:1915)
java.lang.RuntimeException: Execution failed
	at ptolemy.moml.MoMLSimpleApplication$UnloadThread.run(MoMLSimpleApplication.java:402)
Caused by: ptolemy.kernel.util.IllegalActionException: Found a zero delay loop containing .dependencyLoop2.original
  in .dependencyLoop2 and .dependencyLoop2.original
	at ptolemy.actor.util.CausalityInterfaceForComposites._computeOutputPortDepth(CausalityInterfaceForComposites.java:759)
	at ptolemy.actor.util.CausalityInterfaceForComposites._computeInputDepth(CausalityInterfaceForComposites.java:696)
	at ptolemy.actor.util.CausalityInterfaceForComposites._computeOutputPortDepth(CausalityInterfaceForComposites.java:765)
	at ptolemy.actor.util.CausalityInterfaceForComposites._computeInputDepth(CausalityInterfaceForComposites.java:696)
	at ptolemy.actor.util.CausalityInterfaceForComposites._computeOutputPortDepth(CausalityInterfaceForComposites.java:765)
	at ptolemy.actor.util.CausalityInterfaceForComposites._computeInputDepth(CausalityInterfaceForComposites.java:696)
	at ptolemy.actor.util.CausalityInterfaceForComposites._computeActorDepth(CausalityInterfaceForComposites.java:532)
	at ptolemy.actor.util.CausalityInterfaceForComposites.checkForCycles(CausalityInterfaceForComposites.java:96)
	at ptolemy.domains.de.kernel.DEDirector.preinitialize(DEDirector.java:1338)
	at ptolemy.actor.CompositeActor.preinitialize(CompositeActor.java:1828)
	at ptolemy.actor.Manager.preinitializeAndResolveTypes(Manager.java:1040)
	at ptolemy.actor.Manager.initialize(Manager.java:710)
	at ptolemy.actor.Manager.execute(Manager.java:356)
	at ptolemy.actor.Manager.run(Manager.java:1263)
	at ptolemy.actor.Manager$PtolemyRunThread.run(Manager.java:1915)
java.lang.reflect.InvocationTargetException
	at sun.reflect.NativeConstructorAccessorImpl.newInstance0(Native Method)
	at sun.reflect.NativeConstructorAccessorImpl.newInstance(NativeConstructorAccessorImpl.java:62)
	at sun.reflect.DelegatingConstructorAccessorImpl.newInstance(DelegatingConstructorAccessorImpl.java:45)
	at java.lang.reflect.Constructor.newInstance(Constructor.java:423)
	at ptolemy.util.test.junit.AutoKnownFailedTests.RunModel(AutoKnownFailedTests.java:105)
	at sun.reflect.NativeMethodAccessorImpl.invoke0(Native Method)
	at sun.reflect.NativeMethodAccessorImpl.invoke(NativeMethodAccessorImpl.java:62)
	at sun.reflect.DelegatingMethodAccessorImpl.invoke(DelegatingMethodAccessorImpl.java:43)
	at java.lang.reflect.Method.invoke(Method.java:498)
	at org.junit.runners.model.FrameworkMethod$1.runReflectiveCall(FrameworkMethod.java:44)
	at org.junit.internal.runners.model.ReflectiveCallable.run(ReflectiveCallable.java:15)
	at org.junit.runners.model.FrameworkMethod.invokeExplosively(FrameworkMethod.java:41)
	at junitparams.internal.InvokeParameterisedMethod.evaluate(InvokeParameterisedMethod.java:102)
	at org.junit.internal.runners.statements.FailOnTimeout$1.run(FailOnTimeout.java:28)
Caused by: ptolemy.kernel.util.IllegalActionException: Found a zero delay loop containing .dependencyLoop2.original
  in .dependencyLoop2 and .dependencyLoop2.original
	at ptolemy.actor.util.CausalityInterfaceForComposites._computeOutputPortDepth(CausalityInterfaceForComposites.java:759)
	at ptolemy.actor.util.CausalityInterfaceForComposites._computeInputDepth(CausalityInterfaceForComposites.java:696)
	at ptolemy.actor.util.CausalityInterfaceForComposites._computeOutputPortDepth(CausalityInterfaceForComposites.java:765)
	at ptolemy.actor.util.CausalityInterfaceForComposites._computeInputDepth(CausalityInterfaceForComposites.java:696)
	at ptolemy.actor.util.CausalityInterfaceForComposites._computeOutputPortDepth(CausalityInterfaceForComposites.java:765)
	at ptolemy.actor.util.CausalityInterfaceForComposites._computeInputDepth(CausalityInterfaceForComposites.java:696)
	at ptolemy.actor.util.CausalityInterfaceForComposites._computeActorDepth(CausalityInterfaceForComposites.java:532)
	at ptolemy.actor.util.CausalityInterfaceForComposites.checkForCycles(CausalityInterfaceForComposites.java:96)
	at ptolemy.domains.de.kernel.DEDirector.preinitialize(DEDirector.java:1338)
	at ptolemy.actor.CompositeActor.preinitialize(CompositeActor.java:1828)
	at ptolemy.actor.Manager.preinitializeAndResolveTypes(Manager.java:1040)
	at ptolemy.actor.Manager.initialize(Manager.java:710)
	at ptolemy.actor.Manager.execute(Manager.java:356)
	at ptolemy.actor.Manager.run(Manager.java:1263)
	at ptolemy.actor.Manager$PtolemyRunThread.run(Manager.java:1915)
]]></system-err>
</testsuite>
