<?xml version="1.0" encoding="UTF-8" ?>
<testsuite errors="0" failures="0" hostname="travis-job-8063bc80-c73b-4954-98d2-d22b35245078" name="ptolemy.domains.continuous.test.junit.JUnitTclTest" skipped="0" tests="156" time="71.632" timestamp="2020-04-26T14:04:31">
  <properties>
[...]
</properties>
  <testcase classname="ptolemy.util.test.junit.TclTests" name="[0] ThereAreNoTclTests (RunTclFile)" time="0.013" />
  <testcase classname="ptolemy.util.test.junit.AutoKnownFailedTests" name="[0] ThereAreNoKnowFailedTests (RunModel)" time="0.002" />
  <testcase classname="ptolemy.util.test.junit.AutoNameArchTests" name="[0] ThereAreNoAutoArchTests (RunModel)" time="0.029" />
  <testcase classname="ptolemy.util.test.junit.AutoTests" name="[0] /home/travis/build/icyphy/ptII/ptolemy/domains/continuous/test/auto/BouncingBall.xml (RunModel)" time="3.035" />
  <testcase classname="ptolemy.util.test.junit.AutoTests" name="[1] /home/travis/build/icyphy/ptII/ptolemy/domains/continuous/test/auto/BouncingBallWithoutGR.xml (RunModel)" time="0.724" />
  <testcase classname="ptolemy.util.test.junit.AutoTests" name="[2] /home/travis/build/icyphy/ptII/ptolemy/domains/continuous/test/auto/Brownian.xml (RunModel)" time="0.089" />
  <testcase classname="ptolemy.util.test.junit.AutoTests" name="[3] /home/travis/build/icyphy/ptII/ptolemy/domains/continuous/test/auto/CarTracking.xml (RunModel)" time="4.421" />
  <testcase classname="ptolemy.util.test.junit.AutoTests" name="[4] /home/travis/build/icyphy/ptII/ptolemy/domains/continuous/test/auto/CartPendulum.xml (RunModel)" time="0.522" />
  <testcase classname="ptolemy.util.test.junit.AutoTests" name="[5] /home/travis/build/icyphy/ptII/ptolemy/domains/continuous/test/auto/CausalityInterface10.xml (RunModel)" time="0.052" />
  <testcase classname="ptolemy.util.test.junit.AutoTests" name="[6] /home/travis/build/icyphy/ptII/ptolemy/domains/continuous/test/auto/CausalityInterface11.xml (RunModel)" time="0.026" />
  <testcase classname="ptolemy.util.test.junit.AutoTests" name="[7] /home/travis/build/icyphy/ptII/ptolemy/domains/continuous/test/auto/CausalityInterface12.xml (RunModel)" time="0.027" />
  <testcase classname="ptolemy.util.test.junit.AutoTests" name="[8] /home/travis/build/icyphy/ptII/ptolemy/domains/continuous/test/auto/CausalityInterface13.xml (RunModel)" time="0.036" />
  <testcase classname="ptolemy.util.test.junit.AutoTests" name="[9] /home/travis/build/icyphy/ptII/ptolemy/domains/continuous/test/auto/CausalityInterface14.xml (RunModel)" time="0.039" />
  <testcase classname="ptolemy.util.test.junit.AutoTests" name="[10] /home/travis/build/icyphy/ptII/ptolemy/domains/continuous/test/auto/CausalityInterface4.xml (RunModel)" time="0.035" />
  <testcase classname="ptolemy.util.test.junit.AutoTests" name="[11] /home/travis/build/icyphy/ptII/ptolemy/domains/continuous/test/auto/CausalityInterface5.xml (RunModel)" time="0.06" />
  <testcase classname="ptolemy.util.test.junit.AutoTests" name="[12] /home/travis/build/icyphy/ptII/ptolemy/domains/continuous/test/auto/CausalityInterface6.xml (RunModel)" time="0.027" />
  <testcase classname="ptolemy.util.test.junit.AutoTests" name="[13] /home/travis/build/icyphy/ptII/ptolemy/domains/continuous/test/auto/CausalityInterface7.xml (RunModel)" time="0.039" />
  <testcase classname="ptolemy.util.test.junit.AutoTests" name="[14] /home/travis/build/icyphy/ptII/ptolemy/domains/continuous/test/auto/CausalityInterface8.xml (RunModel)" time="0.043" />
  <testcase classname="ptolemy.util.test.junit.AutoTests" name="[15] /home/travis/build/icyphy/ptII/ptolemy/domains/continuous/test/auto/CausalityInterface9.xml (RunModel)" time="0.052" />
  <testcase classname="ptolemy.util.test.junit.AutoTests" name="[16] /home/travis/build/icyphy/ptII/ptolemy/domains/continuous/test/auto/CausalityInterfaceFeedback1.xml (RunModel)" time="0.033" />
  <testcase classname="ptolemy.util.test.junit.AutoTests" name="[17] /home/travis/build/icyphy/ptII/ptolemy/domains/continuous/test/auto/CausalityInterfaceFeedback2.xml (RunModel)" time="0.036" />
  <testcase classname="ptolemy.util.test.junit.AutoTests" name="[18] /home/travis/build/icyphy/ptII/ptolemy/domains/continuous/test/auto/CompareWithCurrentTime.xml (RunModel)" time="0.026" />
  <testcase classname="ptolemy.util.test.junit.AutoTests" name="[19] /home/travis/build/icyphy/ptII/ptolemy/domains/continuous/test/auto/ComparedClocks.xml (RunModel)" time="0.087" />
  <testcase classname="ptolemy.util.test.junit.AutoTests" name="[20] /home/travis/build/icyphy/ptII/ptolemy/domains/continuous/test/auto/ContinuousAOCClone.xml (RunModel)" time="2.475" />
  <testcase classname="ptolemy.util.test.junit.AutoTests" name="[21] /home/travis/build/icyphy/ptII/ptolemy/domains/continuous/test/auto/ContinuousClock.xml (RunModel)" time="0.103" />
  <testcase classname="ptolemy.util.test.junit.AutoTests" name="[22] /home/travis/build/icyphy/ptII/ptolemy/domains/continuous/test/auto/ContinuousInContinuous.xml (RunModel)" time="0.076" />
  <testcase classname="ptolemy.util.test.junit.AutoTests" name="[23] /home/travis/build/icyphy/ptII/ptolemy/domains/continuous/test/auto/ContinuousInContinuousInContinuous.xml (RunModel)" time="0.033" />
  <testcase classname="ptolemy.util.test.junit.AutoTests" name="[24] /home/travis/build/icyphy/ptII/ptolemy/domains/continuous/test/auto/ContinuousInDE.xml (RunModel)" time="0.081" />
  <testcase classname="ptolemy.util.test.junit.AutoTests" name="[25] /home/travis/build/icyphy/ptII/ptolemy/domains/continuous/test/auto/ContinuousInDE2.xml (RunModel)" time="0.05" />
  <testcase classname="ptolemy.util.test.junit.AutoTests" name="[26] /home/travis/build/icyphy/ptII/ptolemy/domains/continuous/test/auto/ContinuousInDE3.xml (RunModel)" time="0.056" />
  <testcase classname="ptolemy.util.test.junit.AutoTests" name="[27] /home/travis/build/icyphy/ptII/ptolemy/domains/continuous/test/auto/ContinuousInDE4.xml (RunModel)" time="0.033" />
  <testcase classname="ptolemy.util.test.junit.AutoTests" name="[28] /home/travis/build/icyphy/ptII/ptolemy/domains/continuous/test/auto/ContinuousInDEDifferentRefinements.xml (RunModel)" time="0.111" />
  <testcase classname="ptolemy.util.test.junit.AutoTests" name="[29] /home/travis/build/icyphy/ptII/ptolemy/domains/continuous/test/auto/ContinuousInDEDifferentRefinementsPreemptive.xml (RunModel)" time="0.085" />
  <testcase classname="ptolemy.util.test.junit.AutoTests" name="[30] /home/travis/build/icyphy/ptII/ptolemy/domains/continuous/test/auto/ContinuousInDEInContinuous2.xml (RunModel)" time="0.065" />
  <testcase classname="ptolemy.util.test.junit.AutoTests" name="[31] /home/travis/build/icyphy/ptII/ptolemy/domains/continuous/test/auto/ContinuousInDEInContinuous3.xml (RunModel)" time="0.064" />
  <testcase classname="ptolemy.util.test.junit.AutoTests" name="[32] /home/travis/build/icyphy/ptII/ptolemy/domains/continuous/test/auto/ContinuousInDEInput.xml (RunModel)" time="0.034" />
  <testcase classname="ptolemy.util.test.junit.AutoTests" name="[33] /home/travis/build/icyphy/ptII/ptolemy/domains/continuous/test/auto/ContinuousInDEInput2.xml (RunModel)" time="0.035" />
  <testcase classname="ptolemy.util.test.junit.AutoTests" name="[34] /home/travis/build/icyphy/ptII/ptolemy/domains/continuous/test/auto/ContinuousInDEInput3.xml (RunModel)" time="0.029" />
  <testcase classname="ptolemy.util.test.junit.AutoTests" name="[35] /home/travis/build/icyphy/ptII/ptolemy/domains/continuous/test/auto/ContinuousInDESharingRefinement.xml (RunModel)" time="0.178" />
  <testcase classname="ptolemy.util.test.junit.AutoTests" name="[36] /home/travis/build/icyphy/ptII/ptolemy/domains/continuous/test/auto/ContinuousInDEwithNoPorts.xml (RunModel)" time="0.017" />
  <testcase classname="ptolemy.util.test.junit.AutoTests" name="[37] /home/travis/build/icyphy/ptII/ptolemy/domains/continuous/test/auto/ContinuousInsideDE.xml (RunModel)" time="0.083" />
  <testcase classname="ptolemy.util.test.junit.AutoTests" name="[38] /home/travis/build/icyphy/ptII/ptolemy/domains/continuous/test/auto/ContinuousMerge1.xml (RunModel)" time="0.015" />
  <testcase classname="ptolemy.util.test.junit.AutoTests" name="[39] /home/travis/build/icyphy/ptII/ptolemy/domains/continuous/test/auto/ContinuousMerge2.xml (RunModel)" time="0.051" />
  <testcase classname="ptolemy.util.test.junit.AutoTests" name="[40] /home/travis/build/icyphy/ptII/ptolemy/domains/continuous/test/auto/ContinuousMerge3.xml (RunModel)" time="0.09" />
  <testcase classname="ptolemy.util.test.junit.AutoTests" name="[41] /home/travis/build/icyphy/ptII/ptolemy/domains/continuous/test/auto/ContinuousWithinContinuous.xml (RunModel)" time="0.068" />
  <testcase classname="ptolemy.util.test.junit.AutoTests" name="[42] /home/travis/build/icyphy/ptII/ptolemy/domains/continuous/test/auto/ContinuousWithinContinuous2.xml (RunModel)" time="0.114" />
  <testcase classname="ptolemy.util.test.junit.AutoTests" name="[43] /home/travis/build/icyphy/ptII/ptolemy/domains/continuous/test/auto/ContinuousWithinContinuous3.xml (RunModel)" time="0.038" />
  <testcase classname="ptolemy.util.test.junit.AutoTests" name="[44] /home/travis/build/icyphy/ptII/ptolemy/domains/continuous/test/auto/ContinuousWithinContinuous4.xml (RunModel)" time="0.099" />
  <testcase classname="ptolemy.util.test.junit.AutoTests" name="[45] /home/travis/build/icyphy/ptII/ptolemy/domains/continuous/test/auto/ContinuousWithinContinuous5.xml (RunModel)" time="0.035" />
  <testcase classname="ptolemy.util.test.junit.AutoTests" name="[46] /home/travis/build/icyphy/ptII/ptolemy/domains/continuous/test/auto/ContinuousWithinContinuous6.xml (RunModel)" time="0.032" />
  <testcase classname="ptolemy.util.test.junit.AutoTests" name="[47] /home/travis/build/icyphy/ptII/ptolemy/domains/continuous/test/auto/ContinuousWithinContinuous7.xml (RunModel)" time="0.076" />
  <testcase classname="ptolemy.util.test.junit.AutoTests" name="[48] /home/travis/build/icyphy/ptII/ptolemy/domains/continuous/test/auto/DCMotor.xml (RunModel)" time="13.1" />
  <testcase classname="ptolemy.util.test.junit.AutoTests" name="[49] /home/travis/build/icyphy/ptII/ptolemy/domains/continuous/test/auto/DEInContinuous.xml (RunModel)" time="0.041" />
  <testcase classname="ptolemy.util.test.junit.AutoTests" name="[50] /home/travis/build/icyphy/ptII/ptolemy/domains/continuous/test/auto/DEinContinuous2.xml (RunModel)" time="0.039" />
  <testcase classname="ptolemy.util.test.junit.AutoTests" name="[51] /home/travis/build/icyphy/ptII/ptolemy/domains/continuous/test/auto/Derivative.xml (RunModel)" time="0.207" />
  <testcase classname="ptolemy.util.test.junit.AutoTests" name="[52] /home/travis/build/icyphy/ptII/ptolemy/domains/continuous/test/auto/Derivative1.xml (RunModel)" time="0.046" />
  <testcase classname="ptolemy.util.test.junit.AutoTests" name="[53] /home/travis/build/icyphy/ptII/ptolemy/domains/continuous/test/auto/DiscreteClock.xml (RunModel)" time="0.015" />
  <testcase classname="ptolemy.util.test.junit.AutoTests" name="[54] /home/travis/build/icyphy/ptII/ptolemy/domains/continuous/test/auto/EfficiencyCurve.xml (RunModel)" time="0.07" />
  <testcase classname="ptolemy.util.test.junit.AutoTests" name="[55] /home/travis/build/icyphy/ptII/ptolemy/domains/continuous/test/auto/ExponentialResponse.xml (RunModel)" time="0.094" />
  <testcase classname="ptolemy.util.test.junit.AutoTests" name="[56] /home/travis/build/icyphy/ptII/ptolemy/domains/continuous/test/auto/ExponentialResponseRK45.xml (RunModel)" time="0.031" />
  <testcase classname="ptolemy.util.test.junit.AutoTests" name="[57] /home/travis/build/icyphy/ptII/ptolemy/domains/continuous/test/auto/Friction.xml (RunModel)" time="1.649" />
  <testcase classname="ptolemy.util.test.junit.AutoTests" name="[58] /home/travis/build/icyphy/ptII/ptolemy/domains/continuous/test/auto/FurutaPendulum.xml (RunModel)" time="3.16" />
  <testcase classname="ptolemy.util.test.junit.AutoTests" name="[59] /home/travis/build/icyphy/ptII/ptolemy/domains/continuous/test/auto/HierarchicalExecution.xml (RunModel)" time="2.001" />
  <testcase classname="ptolemy.util.test.junit.AutoTests" name="[60] /home/travis/build/icyphy/ptII/ptolemy/domains/continuous/test/auto/HybridPlant.xml (RunModel)" time="0.568" />
  <testcase classname="ptolemy.util.test.junit.AutoTests" name="[61] /home/travis/build/icyphy/ptII/ptolemy/domains/continuous/test/auto/Hysteresis.xml (RunModel)" time="0.181" />
  <testcase classname="ptolemy.util.test.junit.AutoTests" name="[62] /home/travis/build/icyphy/ptII/ptolemy/domains/continuous/test/auto/HysteresisWithRandomDelay.xml (RunModel)" time="0.21" />
  <testcase classname="ptolemy.util.test.junit.AutoTests" name="[63] /home/travis/build/icyphy/ptII/ptolemy/domains/continuous/test/auto/HysteresisWithRandomLosses.xml (RunModel)" time="2.256" />
  <testcase classname="ptolemy.util.test.junit.AutoTests" name="[64] /home/travis/build/icyphy/ptII/ptolemy/domains/continuous/test/auto/ImmediateTransitions.xml (RunModel)" time="0.036" />
  <testcase classname="ptolemy.util.test.junit.AutoTests" name="[65] /home/travis/build/icyphy/ptII/ptolemy/domains/continuous/test/auto/ImpulseFeedback.xml (RunModel)" time="0.02" />
  <testcase classname="ptolemy.util.test.junit.AutoTests" name="[66] /home/travis/build/icyphy/ptII/ptolemy/domains/continuous/test/auto/ImpulseFeedback2.xml (RunModel)" time="0.017" />
  <testcase classname="ptolemy.util.test.junit.AutoTests" name="[67] /home/travis/build/icyphy/ptII/ptolemy/domains/continuous/test/auto/IncreasingRatePoisson.xml (RunModel)" time="0.715" />
  <testcase classname="ptolemy.util.test.junit.AutoTests" name="[68] /home/travis/build/icyphy/ptII/ptolemy/domains/continuous/test/auto/InitialStateFeedback.xml (RunModel)" time="0.015" />
  <testcase classname="ptolemy.util.test.junit.AutoTests" name="[69] /home/travis/build/icyphy/ptII/ptolemy/domains/continuous/test/auto/Integration.xml (RunModel)" time="0.009" />
  <testcase classname="ptolemy.util.test.junit.AutoTests" name="[70] /home/travis/build/icyphy/ptII/ptolemy/domains/continuous/test/auto/Integration2.xml (RunModel)" time="0.095" />
  <testcase classname="ptolemy.util.test.junit.AutoTests" name="[71] /home/travis/build/icyphy/ptII/ptolemy/domains/continuous/test/auto/Integration3.xml (RunModel)" time="0.014" />
  <testcase classname="ptolemy.util.test.junit.AutoTests" name="[72] /home/travis/build/icyphy/ptII/ptolemy/domains/continuous/test/auto/Integration5.xml (RunModel)" time="0.01" />
  <testcase classname="ptolemy.util.test.junit.AutoTests" name="[73] /home/travis/build/icyphy/ptII/ptolemy/domains/continuous/test/auto/IntegratorImpulse.xml (RunModel)" time="0.014" />
  <testcase classname="ptolemy.util.test.junit.AutoTests" name="[74] /home/travis/build/icyphy/ptII/ptolemy/domains/continuous/test/auto/IntegratorImpulse2.xml (RunModel)" time="0.011" />
  <testcase classname="ptolemy.util.test.junit.AutoTests" name="[75] /home/travis/build/icyphy/ptII/ptolemy/domains/continuous/test/auto/LevelCrossing1.xml (RunModel)" time="0.018" />
  <testcase classname="ptolemy.util.test.junit.AutoTests" name="[76] /home/travis/build/icyphy/ptII/ptolemy/domains/continuous/test/auto/LevelCrossing2.xml (RunModel)" time="0.016" />
  <testcase classname="ptolemy.util.test.junit.AutoTests" name="[77] /home/travis/build/icyphy/ptII/ptolemy/domains/continuous/test/auto/LevelCrossing3.xml (RunModel)" time="0.011" />
  <testcase classname="ptolemy.util.test.junit.AutoTests" name="[78] /home/travis/build/icyphy/ptII/ptolemy/domains/continuous/test/auto/LevelCrossing4.xml (RunModel)" time="0.015" />
  <testcase classname="ptolemy.util.test.junit.AutoTests" name="[79] /home/travis/build/icyphy/ptII/ptolemy/domains/continuous/test/auto/LevelCrossing5.xml (RunModel)" time="0.014" />
  <testcase classname="ptolemy.util.test.junit.AutoTests" name="[80] /home/travis/build/icyphy/ptII/ptolemy/domains/continuous/test/auto/LevelCrossing6.xml (RunModel)" time="0.012" />
  <testcase classname="ptolemy.util.test.junit.AutoTests" name="[81] /home/travis/build/icyphy/ptII/ptolemy/domains/continuous/test/auto/LevelCrossingDetector.xml (RunModel)" time="0.038" />
  <testcase classname="ptolemy.util.test.junit.AutoTests" name="[82] /home/travis/build/icyphy/ptII/ptolemy/domains/continuous/test/auto/LevelCrossingDetectorDetectingDirections.xml (RunModel)" time="0.09" />
  <testcase classname="ptolemy.util.test.junit.AutoTests" name="[83] /home/travis/build/icyphy/ptII/ptolemy/domains/continuous/test/auto/LevelCrossingDetectorDetectsGlitches.xml (RunModel)" time="0.062" />
  <testcase classname="ptolemy.util.test.junit.AutoTests" name="[84] /home/travis/build/icyphy/ptII/ptolemy/domains/continuous/test/auto/LevelCrossingNoInitialOuput.xml (RunModel)" time="0.016" />
  <testcase classname="ptolemy.util.test.junit.AutoTests" name="[85] /home/travis/build/icyphy/ptII/ptolemy/domains/continuous/test/auto/LinearStateSpaceExample.xml (RunModel)" time="0.064" />
  <testcase classname="ptolemy.util.test.junit.AutoTests" name="[86] /home/travis/build/icyphy/ptII/ptolemy/domains/continuous/test/auto/Lorenz.xml (RunModel)" time="3.934" />
  <testcase classname="ptolemy.util.test.junit.AutoTests" name="[87] /home/travis/build/icyphy/ptII/ptolemy/domains/continuous/test/auto/LorenzDifferentialSystem.xml (RunModel)" time="1.049" />
  <testcase classname="ptolemy.util.test.junit.AutoTests" name="[88] /home/travis/build/icyphy/ptII/ptolemy/domains/continuous/test/auto/LorenzDifferentialSystemWithInput.xml (RunModel)" time="1.277" />
  <testcase classname="ptolemy.util.test.junit.AutoTests" name="[89] /home/travis/build/icyphy/ptII/ptolemy/domains/continuous/test/auto/LorenzDifferentialSystemWithTime.xml (RunModel)" time="0.672" />
  <testcase classname="ptolemy.util.test.junit.AutoTests" name="[90] /home/travis/build/icyphy/ptII/ptolemy/domains/continuous/test/auto/Microsteps.xml (RunModel)" time="0.025" />
  <testcase classname="ptolemy.util.test.junit.AutoTests" name="[91] /home/travis/build/icyphy/ptII/ptolemy/domains/continuous/test/auto/Modal1.xml (RunModel)" time="0.03" />
  <testcase classname="ptolemy.util.test.junit.AutoTests" name="[92] /home/travis/build/icyphy/ptII/ptolemy/domains/continuous/test/auto/Modal2.xml (RunModel)" time="0.038" />
  <testcase classname="ptolemy.util.test.junit.AutoTests" name="[93] /home/travis/build/icyphy/ptII/ptolemy/domains/continuous/test/auto/ModalTransitionGuardWithReset.xml (RunModel)" time="0.03" />
  <testcase classname="ptolemy.util.test.junit.AutoTests" name="[94] /home/travis/build/icyphy/ptII/ptolemy/domains/continuous/test/auto/ModalTransitionGuardWithResetUsingPreemptiveTransition.xml (RunModel)" time="0.03" />
  <testcase classname="ptolemy.util.test.junit.AutoTests" name="[95] /home/travis/build/icyphy/ptII/ptolemy/domains/continuous/test/auto/ModalTransitionGuardWithResetUsingPreemptiveTransition2.xml (RunModel)" time="0.029" />
  <testcase classname="ptolemy.util.test.junit.AutoTests" name="[96] /home/travis/build/icyphy/ptII/ptolemy/domains/continuous/test/auto/ModalTransitionGuardWithResetUsingPreemptiveTransition3.xml (RunModel)" time="0.022" />
  <testcase classname="ptolemy.util.test.junit.AutoTests" name="[97] /home/travis/build/icyphy/ptII/ptolemy/domains/continuous/test/auto/NewtonsCradle.xml (RunModel)" time="0.76" />
  <testcase classname="ptolemy.util.test.junit.AutoTests" name="[98] /home/travis/build/icyphy/ptII/ptolemy/domains/continuous/test/auto/NewtonsCradleAnimated.xml (RunModel)" time="1.287" />
  <testcase classname="ptolemy.util.test.junit.AutoTests" name="[99] /home/travis/build/icyphy/ptII/ptolemy/domains/continuous/test/auto/NewtonsCradleComplicated.xml (RunModel)" time="0.886" />
  <testcase classname="ptolemy.util.test.junit.AutoTests" name="[100] /home/travis/build/icyphy/ptII/ptolemy/domains/continuous/test/auto/NewtonsCradleNondeterministic.xml (RunModel)" time="0.632" />
  <testcase classname="ptolemy.util.test.junit.AutoTests" name="[101] /home/travis/build/icyphy/ptII/ptolemy/domains/continuous/test/auto/NewtonsCradlePerfectlyInelastic1.xml (RunModel)" time="1.174" />
  <testcase classname="ptolemy.util.test.junit.AutoTests" name="[102] /home/travis/build/icyphy/ptII/ptolemy/domains/continuous/test/auto/Noise.xml (RunModel)" time="0.17" />
  <testcase classname="ptolemy.util.test.junit.AutoTests" name="[103] /home/travis/build/icyphy/ptII/ptolemy/domains/continuous/test/auto/NoiseSpectrum.xml (RunModel)" time="0.621" />
  <testcase classname="ptolemy.util.test.junit.AutoTests" name="[104] /home/travis/build/icyphy/ptII/ptolemy/domains/continuous/test/auto/ParameterizedNewtonsCradleAnimated.xml (RunModel)" time="0.349" />
  <testcase classname="ptolemy.util.test.junit.AutoTests" name="[105] /home/travis/build/icyphy/ptII/ptolemy/domains/continuous/test/auto/ParameterizedNewtonsCradleAnimatedNondeterministic.xml (RunModel)" time="1.083" />
  <testcase classname="ptolemy.util.test.junit.AutoTests" name="[106] /home/travis/build/icyphy/ptII/ptolemy/domains/continuous/test/auto/Pendulum3D.xml (RunModel)" time="0.171" />
  <testcase classname="ptolemy.util.test.junit.AutoTests" name="[107] /home/travis/build/icyphy/ptII/ptolemy/domains/continuous/test/auto/PeriodicSampler.xml (RunModel)" time="0.009" />
  <testcase classname="ptolemy.util.test.junit.AutoTests" name="[108] /home/travis/build/icyphy/ptII/ptolemy/domains/continuous/test/auto/PeriodicSampler1.xml (RunModel)" time="0.036" />
  <testcase classname="ptolemy.util.test.junit.AutoTests" name="[109] /home/travis/build/icyphy/ptII/ptolemy/domains/continuous/test/auto/PeriodicSampler2.xml (RunModel)" time="0.07" />
  <testcase classname="ptolemy.util.test.junit.AutoTests" name="[110] /home/travis/build/icyphy/ptII/ptolemy/domains/continuous/test/auto/Poisson.xml (RunModel)" time="0.424" />
  <testcase classname="ptolemy.util.test.junit.AutoTests" name="[111] /home/travis/build/icyphy/ptII/ptolemy/domains/continuous/test/auto/PoissonClock.xml (RunModel)" time="0.012" />
  <testcase classname="ptolemy.util.test.junit.AutoTests" name="[112] /home/travis/build/icyphy/ptII/ptolemy/domains/continuous/test/auto/PoissonClock2.xml (RunModel)" time="0.015" />
  <testcase classname="ptolemy.util.test.junit.AutoTests" name="[113] /home/travis/build/icyphy/ptII/ptolemy/domains/continuous/test/auto/PortParameterHierarchy.xml (RunModel)" time="0.03" />
  <testcase classname="ptolemy.util.test.junit.AutoTests" name="[114] /home/travis/build/icyphy/ptII/ptolemy/domains/continuous/test/auto/RandomHybridPlant.xml (RunModel)" time="0.524" />
  <testcase classname="ptolemy.util.test.junit.AutoTests" name="[115] /home/travis/build/icyphy/ptII/ptolemy/domains/continuous/test/auto/ResetTransitionWithStartTime1.xml (RunModel)" time="0.029" />
  <testcase classname="ptolemy.util.test.junit.AutoTests" name="[116] /home/travis/build/icyphy/ptII/ptolemy/domains/continuous/test/auto/ResetTransitionWithStartTime2.xml (RunModel)" time="0.034" />
  <testcase classname="ptolemy.util.test.junit.AutoTests" name="[117] /home/travis/build/icyphy/ptII/ptolemy/domains/continuous/test/auto/ResetTransitionWithStartTime3.xml (RunModel)" time="0.036" />
  <testcase classname="ptolemy.util.test.junit.AutoTests" name="[118] /home/travis/build/icyphy/ptII/ptolemy/domains/continuous/test/auto/ResetTransitionWithStartTime4.xml (RunModel)" time="0.032" />
  <testcase classname="ptolemy.util.test.junit.AutoTests" name="[119] /home/travis/build/icyphy/ptII/ptolemy/domains/continuous/test/auto/ResetTransitionWithStartTime5.xml (RunModel)" time="0.033" />
  <testcase classname="ptolemy.util.test.junit.AutoTests" name="[120] /home/travis/build/icyphy/ptII/ptolemy/domains/continuous/test/auto/ResetTransitionWithStartTime6.xml (RunModel)" time="0.024" />
  <testcase classname="ptolemy.util.test.junit.AutoTests" name="[121] /home/travis/build/icyphy/ptII/ptolemy/domains/continuous/test/auto/SRinContinuous.xml (RunModel)" time="0.023" />
  <testcase classname="ptolemy.util.test.junit.AutoTests" name="[122] /home/travis/build/icyphy/ptII/ptolemy/domains/continuous/test/auto/SampledClocks.xml (RunModel)" time="0.033" />
  <testcase classname="ptolemy.util.test.junit.AutoTests" name="[123] /home/travis/build/icyphy/ptII/ptolemy/domains/continuous/test/auto/Satellite.xml (RunModel)" time="0.764" />
  <testcase classname="ptolemy.util.test.junit.AutoTests" name="[124] /home/travis/build/icyphy/ptII/ptolemy/domains/continuous/test/auto/SigmaDelta.xml (RunModel)" time="2.139" />
  <testcase classname="ptolemy.util.test.junit.AutoTests" name="[125] /home/travis/build/icyphy/ptII/ptolemy/domains/continuous/test/auto/SingleRefinement.xml (RunModel)" time="0.438" />
  <testcase classname="ptolemy.util.test.junit.AutoTests" name="[126] /home/travis/build/icyphy/ptII/ptolemy/domains/continuous/test/auto/SinuBouncingBall.xml (RunModel)" time="0.777" />
  <testcase classname="ptolemy.util.test.junit.AutoTests" name="[127] /home/travis/build/icyphy/ptII/ptolemy/domains/continuous/test/auto/Sinusoid.xml (RunModel)" time="0.017" />
  <testcase classname="ptolemy.util.test.junit.AutoTests" name="[128] /home/travis/build/icyphy/ptII/ptolemy/domains/continuous/test/auto/SinusoidInNoise.xml (RunModel)" time="0.845" />
  <testcase classname="ptolemy.util.test.junit.AutoTests" name="[129] /home/travis/build/icyphy/ptII/ptolemy/domains/continuous/test/auto/SinusoidRK45.xml (RunModel)" time="0.011" />
  <testcase classname="ptolemy.util.test.junit.AutoTests" name="[130] /home/travis/build/icyphy/ptII/ptolemy/domains/continuous/test/auto/SinusoidWithMultipleImpulses.xml (RunModel)" time="0.012" />
  <testcase classname="ptolemy.util.test.junit.AutoTests" name="[131] /home/travis/build/icyphy/ptII/ptolemy/domains/continuous/test/auto/SquareWave.xml (RunModel)" time="0.177" />
  <testcase classname="ptolemy.util.test.junit.AutoTests" name="[132] /home/travis/build/icyphy/ptII/ptolemy/domains/continuous/test/auto/Starmac.xml (RunModel)" time="3.371" />
  <testcase classname="ptolemy.util.test.junit.AutoTests" name="[133] /home/travis/build/icyphy/ptII/ptolemy/domains/continuous/test/auto/StaticUnits.xml (RunModel)" time="2.356" />
  <testcase classname="ptolemy.util.test.junit.AutoTests" name="[134] /home/travis/build/icyphy/ptII/ptolemy/domains/continuous/test/auto/StickyMasses.xml (RunModel)" time="0.234" />
  <testcase classname="ptolemy.util.test.junit.AutoTests" name="[135] /home/travis/build/icyphy/ptII/ptolemy/domains/continuous/test/auto/StopTime.xml (RunModel)" time="0.06" />
  <testcase classname="ptolemy.util.test.junit.AutoTests" name="[136] /home/travis/build/icyphy/ptII/ptolemy/domains/continuous/test/auto/StopTime2.xml (RunModel)" time="0.059" />
  <testcase classname="ptolemy.util.test.junit.AutoTests" name="[137] /home/travis/build/icyphy/ptII/ptolemy/domains/continuous/test/auto/Switch.xml (RunModel)" time="0.058" />
  <testcase classname="ptolemy.util.test.junit.AutoTests" name="[138] /home/travis/build/icyphy/ptII/ptolemy/domains/continuous/test/auto/Thermostat.xml (RunModel)" time="0.203" />
  <testcase classname="ptolemy.util.test.junit.AutoTests" name="[139] /home/travis/build/icyphy/ptII/ptolemy/domains/continuous/test/auto/TimeDelay.xml (RunModel)" time="0.014" />
  <testcase classname="ptolemy.util.test.junit.AutoTests" name="[140] /home/travis/build/icyphy/ptII/ptolemy/domains/continuous/test/auto/TimeDelay2.xml (RunModel)" time="0.025" />
  <testcase classname="ptolemy.util.test.junit.AutoTests" name="[141] /home/travis/build/icyphy/ptII/ptolemy/domains/continuous/test/auto/TimeDelay3.xml (RunModel)" time="0.012" />
  <testcase classname="ptolemy.util.test.junit.AutoTests" name="[142] /home/travis/build/icyphy/ptII/ptolemy/domains/continuous/test/auto/TransferAbsentToInside.xml (RunModel)" time="0.105" />
  <testcase classname="ptolemy.util.test.junit.AutoTests" name="[143] /home/travis/build/icyphy/ptII/ptolemy/domains/continuous/test/auto/Transmission.xml (RunModel)" time="0.753" />
  <testcase classname="ptolemy.util.test.junit.AutoTests" name="[144] /home/travis/build/icyphy/ptII/ptolemy/domains/continuous/test/auto/TriggeredContinuousClock.xml (RunModel)" time="0.062" />
  <testcase classname="ptolemy.util.test.junit.AutoTests" name="[145] /home/travis/build/icyphy/ptII/ptolemy/domains/continuous/test/auto/TwoMachineInfiniteBusControl.xml (RunModel)" time="2.804" />
  <testcase classname="ptolemy.util.test.junit.AutoTests" name="[146] /home/travis/build/icyphy/ptII/ptolemy/domains/continuous/test/auto/V2V.xml (RunModel)" time="0.815" />
  <testcase classname="ptolemy.util.test.junit.AutoTests" name="[147] /home/travis/build/icyphy/ptII/ptolemy/domains/continuous/test/auto/hierarchicalModalModel.xml (RunModel)" time="0.061" />
  <testcase classname="ptolemy.util.test.junit.AutoTests" name="[148] /home/travis/build/icyphy/ptII/ptolemy/domains/continuous/test/auto/hierarchicalModalModel1.xml (RunModel)" time="0.03" />
  <testcase classname="ptolemy.util.test.junit.AutoTests" name="[149] /home/travis/build/icyphy/ptII/ptolemy/domains/continuous/test/auto/hierarchicalModalModel2.xml (RunModel)" time="0.032" />
  <testcase classname="ptolemy.util.test.junit.AutoTests" name="[150] /home/travis/build/icyphy/ptII/ptolemy/domains/continuous/test/auto/hierarchicalModalModel3.xml (RunModel)" time="0.038" />
  <testcase classname="ptolemy.util.test.junit.AutoTests" name="[151] /home/travis/build/icyphy/ptII/ptolemy/domains/continuous/test/auto/hierarchicalModalModel4.xml (RunModel)" time="0.025" />
  <testcase classname="ptolemy.util.test.junit.AutoTests" name="[152] /home/travis/build/icyphy/ptII/ptolemy/domains/continuous/test/auto/junk.xml (RunModel)" time="0.133" />
  <system-out><![CDATA[No tcl tests in /home/travis/build/icyphy/ptII/ptolemy/domains/continuous/test
No auto/knownFailedTests/*.xml tests in /home/travis/build/icyphy/ptII/ptolemy/domains/continuous/test
No auto/linux-amd64/*.xml tests in /home/travis/build/icyphy/ptII/ptolemy/domains/continuous/test
AutoTests.java: About to close Vertx.
AutoTests.java: Vertx closed.

===========================================================================================
----------------- testing Sun Apr 26 14:04:31 UTC 2020 /home/travis/build/icyphy/ptII/ptolemy/domains/continuous/test/auto/BouncingBall.xml
----------------- Instantiating /home/travis/build/icyphy/ptII/ptolemy/domains/continuous/test/auto/BouncingBall.xml
2412 ms. Memory: 129024K Free: 75385K (58%)
----------------- Invoking toplevel() on ptolemy.moml.MoMLSimpleApplication@4d476c8b
----------------- Done invoking toplevel() on ptolemy.moml.MoMLSimpleApplication@4d476c8b
reloadAllAccessors: .BouncingBall

===========================================================================================
----------------- testing Sun Apr 26 14:04:34 UTC 2020 /home/travis/build/icyphy/ptII/ptolemy/domains/continuous/test/auto/BouncingBallWithoutGR.xml
----------------- Instantiating /home/travis/build/icyphy/ptII/ptolemy/domains/continuous/test/auto/BouncingBallWithoutGR.xml
647 ms. Memory: 129024K Free: 45169K (35%)
----------------- Invoking toplevel() on ptolemy.moml.MoMLSimpleApplication@4036d20
----------------- Done invoking toplevel() on ptolemy.moml.MoMLSimpleApplication@4036d20
reloadAllAccessors: .BouncingBallWithoutGR

===========================================================================================
----------------- testing Sun Apr 26 14:04:35 UTC 2020 /home/travis/build/icyphy/ptII/ptolemy/domains/continuous/test/auto/Brownian.xml
----------------- Instantiating /home/travis/build/icyphy/ptII/ptolemy/domains/continuous/test/auto/Brownian.xml
30 ms. Memory: 155648K Free: 137571K (88%)
----------------- Invoking toplevel() on ptolemy.moml.MoMLSimpleApplication@647122fc
----------------- Done invoking toplevel() on ptolemy.moml.MoMLSimpleApplication@647122fc
reloadAllAccessors: .Brownian

===========================================================================================
----------------- testing Sun Apr 26 14:04:35 UTC 2020 /home/travis/build/icyphy/ptII/ptolemy/domains/continuous/test/auto/CarTracking.xml
----------------- Instantiating /home/travis/build/icyphy/ptII/ptolemy/domains/continuous/test/auto/CarTracking.xml
3831 ms. Memory: 196608K Free: 158370K (81%)
----------------- Invoking toplevel() on ptolemy.moml.MoMLSimpleApplication@238787d5
----------------- Done invoking toplevel() on ptolemy.moml.MoMLSimpleApplication@238787d5
reloadAllAccessors: .CarTracking

===========================================================================================
----------------- testing Sun Apr 26 14:04:40 UTC 2020 /home/travis/build/icyphy/ptII/ptolemy/domains/continuous/test/auto/CartPendulum.xml
----------------- Instantiating /home/travis/build/icyphy/ptII/ptolemy/domains/continuous/test/auto/CartPendulum.xml
370 ms. Memory: 196608K Free: 67234K (34%)
----------------- Invoking toplevel() on ptolemy.moml.MoMLSimpleApplication@7320155a
----------------- Done invoking toplevel() on ptolemy.moml.MoMLSimpleApplication@7320155a
reloadAllAccessors: .CartPendulum

===========================================================================================
----------------- testing Sun Apr 26 14:04:40 UTC 2020 /home/travis/build/icyphy/ptII/ptolemy/domains/continuous/test/auto/CausalityInterface10.xml
----------------- Instantiating /home/travis/build/icyphy/ptII/ptolemy/domains/continuous/test/auto/CausalityInterface10.xml
7 ms. Memory: 236544K Free: 212907K (90%)
----------------- Invoking toplevel() on ptolemy.moml.MoMLSimpleApplication@7f1f595b
----------------- Done invoking toplevel() on ptolemy.moml.MoMLSimpleApplication@7f1f595b
reloadAllAccessors: .CausalityInterface10

===========================================================================================
----------------- testing Sun Apr 26 14:04:40 UTC 2020 /home/travis/build/icyphy/ptII/ptolemy/domains/continuous/test/auto/CausalityInterface11.xml
----------------- Instantiating /home/travis/build/icyphy/ptII/ptolemy/domains/continuous/test/auto/CausalityInterface11.xml
5 ms. Memory: 236544K Free: 206754K (87%)
----------------- Invoking toplevel() on ptolemy.moml.MoMLSimpleApplication@499ae476
----------------- Done invoking toplevel() on ptolemy.moml.MoMLSimpleApplication@499ae476
reloadAllAccessors: .CausalityInterface11

===========================================================================================
----------------- testing Sun Apr 26 14:04:40 UTC 2020 /home/travis/build/icyphy/ptII/ptolemy/domains/continuous/test/auto/CausalityInterface12.xml
----------------- Instantiating /home/travis/build/icyphy/ptII/ptolemy/domains/continuous/test/auto/CausalityInterface12.xml
5 ms. Memory: 236544K Free: 200624K (85%)
----------------- Invoking toplevel() on ptolemy.moml.MoMLSimpleApplication@bcf71cc
----------------- Done invoking toplevel() on ptolemy.moml.MoMLSimpleApplication@bcf71cc
reloadAllAccessors: .CausalityInterface12

===========================================================================================
----------------- testing Sun Apr 26 14:04:40 UTC 2020 /home/travis/build/icyphy/ptII/ptolemy/domains/continuous/test/auto/CausalityInterface13.xml
----------------- Instantiating /home/travis/build/icyphy/ptII/ptolemy/domains/continuous/test/auto/CausalityInterface13.xml
7 ms. Memory: 236544K Free: 194466K (82%)
----------------- Invoking toplevel() on ptolemy.moml.MoMLSimpleApplication@7237bd6d
----------------- Done invoking toplevel() on ptolemy.moml.MoMLSimpleApplication@7237bd6d
reloadAllAccessors: .CausalityInterface13

===========================================================================================
----------------- testing Sun Apr 26 14:04:40 UTC 2020 /home/travis/build/icyphy/ptII/ptolemy/domains/continuous/test/auto/CausalityInterface14.xml
----------------- Instantiating /home/travis/build/icyphy/ptII/ptolemy/domains/continuous/test/auto/CausalityInterface14.xml
5 ms. Memory: 236544K Free: 188850K (80%)
----------------- Invoking toplevel() on ptolemy.moml.MoMLSimpleApplication@6ddf4ba9
----------------- Done invoking toplevel() on ptolemy.moml.MoMLSimpleApplication@6ddf4ba9
reloadAllAccessors: .CausalityInterface14

===========================================================================================
----------------- testing Sun Apr 26 14:04:40 UTC 2020 /home/travis/build/icyphy/ptII/ptolemy/domains/continuous/test/auto/CausalityInterface4.xml
----------------- Instantiating /home/travis/build/icyphy/ptII/ptolemy/domains/continuous/test/auto/CausalityInterface4.xml
5 ms. Memory: 236544K Free: 182192K (77%)
----------------- Invoking toplevel() on ptolemy.moml.MoMLSimpleApplication@726ced5e
----------------- Done invoking toplevel() on ptolemy.moml.MoMLSimpleApplication@726ced5e
reloadAllAccessors: .CausalityInterface4

===========================================================================================
----------------- testing Sun Apr 26 14:04:40 UTC 2020 /home/travis/build/icyphy/ptII/ptolemy/domains/continuous/test/auto/CausalityInterface5.xml
----------------- Instantiating /home/travis/build/icyphy/ptII/ptolemy/domains/continuous/test/auto/CausalityInterface5.xml
10 ms. Memory: 236544K Free: 174000K (74%)
----------------- Invoking toplevel() on ptolemy.moml.MoMLSimpleApplication@623d3a5e
----------------- Done invoking toplevel() on ptolemy.moml.MoMLSimpleApplication@623d3a5e
reloadAllAccessors: .CausalityInterface5

===========================================================================================
----------------- testing Sun Apr 26 14:04:40 UTC 2020 /home/travis/build/icyphy/ptII/ptolemy/domains/continuous/test/auto/CausalityInterface6.xml
----------------- Instantiating /home/travis/build/icyphy/ptII/ptolemy/domains/continuous/test/auto/CausalityInterface6.xml
7 ms. Memory: 236544K Free: 168370K (71%)
----------------- Invoking toplevel() on ptolemy.moml.MoMLSimpleApplication@71ebdf2f
----------------- Done invoking toplevel() on ptolemy.moml.MoMLSimpleApplication@71ebdf2f
reloadAllAccessors: .CausalityInterface6

===========================================================================================
----------------- testing Sun Apr 26 14:04:40 UTC 2020 /home/travis/build/icyphy/ptII/ptolemy/domains/continuous/test/auto/CausalityInterface7.xml
----------------- Instantiating /home/travis/build/icyphy/ptII/ptolemy/domains/continuous/test/auto/CausalityInterface7.xml
7 ms. Memory: 236544K Free: 159664K (67%)
----------------- Invoking toplevel() on ptolemy.moml.MoMLSimpleApplication@55eebf78
----------------- Done invoking toplevel() on ptolemy.moml.MoMLSimpleApplication@55eebf78
reloadAllAccessors: .CausalityInterface7

===========================================================================================
----------------- testing Sun Apr 26 14:04:40 UTC 2020 /home/travis/build/icyphy/ptII/ptolemy/domains/continuous/test/auto/CausalityInterface8.xml
----------------- Instantiating /home/travis/build/icyphy/ptII/ptolemy/domains/continuous/test/auto/CausalityInterface8.xml
8 ms. Memory: 236544K Free: 150448K (64%)
----------------- Invoking toplevel() on ptolemy.moml.MoMLSimpleApplication@266ae42b
----------------- Done invoking toplevel() on ptolemy.moml.MoMLSimpleApplication@266ae42b
reloadAllAccessors: .CausalityInterface8

===========================================================================================
----------------- testing Sun Apr 26 14:04:41 UTC 2020 /home/travis/build/icyphy/ptII/ptolemy/domains/continuous/test/auto/CausalityInterface9.xml
----------------- Instantiating /home/travis/build/icyphy/ptII/ptolemy/domains/continuous/test/auto/CausalityInterface9.xml
10 ms. Memory: 236544K Free: 139698K (59%)
----------------- Invoking toplevel() on ptolemy.moml.MoMLSimpleApplication@712cfa8a
----------------- Done invoking toplevel() on ptolemy.moml.MoMLSimpleApplication@712cfa8a
reloadAllAccessors: .CausalityInterface9

===========================================================================================
----------------- testing Sun Apr 26 14:04:41 UTC 2020 /home/travis/build/icyphy/ptII/ptolemy/domains/continuous/test/auto/CausalityInterfaceFeedback1.xml
----------------- Instantiating /home/travis/build/icyphy/ptII/ptolemy/domains/continuous/test/auto/CausalityInterfaceFeedback1.xml
5 ms. Memory: 236544K Free: 133026K (56%)
----------------- Invoking toplevel() on ptolemy.moml.MoMLSimpleApplication@169c1230
----------------- Done invoking toplevel() on ptolemy.moml.MoMLSimpleApplication@169c1230
reloadAllAccessors: .CausalityInterfaceFeedback1

===========================================================================================
----------------- testing Sun Apr 26 14:04:41 UTC 2020 /home/travis/build/icyphy/ptII/ptolemy/domains/continuous/test/auto/CausalityInterfaceFeedback2.xml
----------------- Instantiating /home/travis/build/icyphy/ptII/ptolemy/domains/continuous/test/auto/CausalityInterfaceFeedback2.xml
4 ms. Memory: 236544K Free: 126386K (53%)
----------------- Invoking toplevel() on ptolemy.moml.MoMLSimpleApplication@5ac39bae
----------------- Done invoking toplevel() on ptolemy.moml.MoMLSimpleApplication@5ac39bae
reloadAllAccessors: .CausalityInterfaceFeedback2

===========================================================================================
----------------- testing Sun Apr 26 14:04:41 UTC 2020 /home/travis/build/icyphy/ptII/ptolemy/domains/continuous/test/auto/CompareWithCurrentTime.xml
----------------- Instantiating /home/travis/build/icyphy/ptII/ptolemy/domains/continuous/test/auto/CompareWithCurrentTime.xml
3 ms. Memory: 236544K Free: 122290K (52%)
----------------- Invoking toplevel() on ptolemy.moml.MoMLSimpleApplication@76284f22
----------------- Done invoking toplevel() on ptolemy.moml.MoMLSimpleApplication@76284f22
reloadAllAccessors: .CompareWithCurrentTime

===========================================================================================
----------------- testing Sun Apr 26 14:04:41 UTC 2020 /home/travis/build/icyphy/ptII/ptolemy/domains/continuous/test/auto/ComparedClocks.xml
----------------- Instantiating /home/travis/build/icyphy/ptII/ptolemy/domains/continuous/test/auto/ComparedClocks.xml
7 ms. Memory: 236544K Free: 106930K (45%)
----------------- Invoking toplevel() on ptolemy.moml.MoMLSimpleApplication@2dd99276
----------------- Done invoking toplevel() on ptolemy.moml.MoMLSimpleApplication@2dd99276
reloadAllAccessors: .ComparedClocks

===========================================================================================
----------------- testing Sun Apr 26 14:04:41 UTC 2020 /home/travis/build/icyphy/ptII/ptolemy/domains/continuous/test/auto/ContinuousAOCClone.xml
----------------- Instantiating /home/travis/build/icyphy/ptII/ptolemy/domains/continuous/test/auto/ContinuousAOCClone.xml
2282 ms. Memory: 236544K Free: 144986K (61%)
----------------- Invoking toplevel() on ptolemy.moml.MoMLSimpleApplication@3d715421
----------------- Done invoking toplevel() on ptolemy.moml.MoMLSimpleApplication@3d715421
reloadAllAccessors: .ContinuousAOCClone

===========================================================================================
----------------- testing Sun Apr 26 14:04:43 UTC 2020 /home/travis/build/icyphy/ptII/ptolemy/domains/continuous/test/auto/ContinuousClock.xml
----------------- Instantiating /home/travis/build/icyphy/ptII/ptolemy/domains/continuous/test/auto/ContinuousClock.xml
28 ms. Memory: 236544K Free: 123482K (52%)
----------------- Invoking toplevel() on ptolemy.moml.MoMLSimpleApplication@301d454f
----------------- Done invoking toplevel() on ptolemy.moml.MoMLSimpleApplication@301d454f
reloadAllAccessors: .ContinuousClock

===========================================================================================
----------------- testing Sun Apr 26 14:04:43 UTC 2020 /home/travis/build/icyphy/ptII/ptolemy/domains/continuous/test/auto/ContinuousInContinuous.xml
----------------- Instantiating /home/travis/build/icyphy/ptII/ptolemy/domains/continuous/test/auto/ContinuousInContinuous.xml
40 ms. Memory: 236544K Free: 99402K (42%)
----------------- Invoking toplevel() on ptolemy.moml.MoMLSimpleApplication@269429a8
----------------- Done invoking toplevel() on ptolemy.moml.MoMLSimpleApplication@269429a8
reloadAllAccessors: .ContinuousInContinuous

===========================================================================================
----------------- testing Sun Apr 26 14:04:43 UTC 2020 /home/travis/build/icyphy/ptII/ptolemy/domains/continuous/test/auto/ContinuousInContinuousInContinuous.xml
----------------- Instantiating /home/travis/build/icyphy/ptII/ptolemy/domains/continuous/test/auto/ContinuousInContinuousInContinuous.xml
9 ms. Memory: 236544K Free: 92234K (39%)
----------------- Invoking toplevel() on ptolemy.moml.MoMLSimpleApplication@35656493
----------------- Done invoking toplevel() on ptolemy.moml.MoMLSimpleApplication@35656493
reloadAllAccessors: .ContinuousInContinuousInContinuous

===========================================================================================
----------------- testing Sun Apr 26 14:04:43 UTC 2020 /home/travis/build/icyphy/ptII/ptolemy/domains/continuous/test/auto/ContinuousInDE.xml
----------------- Instantiating /home/travis/build/icyphy/ptII/ptolemy/domains/continuous/test/auto/ContinuousInDE.xml
57 ms. Memory: 236544K Free: 81498K (34%)
----------------- Invoking toplevel() on ptolemy.moml.MoMLSimpleApplication@700af182
----------------- Done invoking toplevel() on ptolemy.moml.MoMLSimpleApplication@700af182
reloadAllAccessors: .ContinuousInDE

===========================================================================================
----------------- testing Sun Apr 26 14:04:44 UTC 2020 /home/travis/build/icyphy/ptII/ptolemy/domains/continuous/test/auto/ContinuousInDE2.xml
----------------- Instantiating /home/travis/build/icyphy/ptII/ptolemy/domains/continuous/test/auto/ContinuousInDE2.xml
37 ms. Memory: 236544K Free: 211439K (89%)
----------------- Invoking toplevel() on ptolemy.moml.MoMLSimpleApplication@7c788525
----------------- Done invoking toplevel() on ptolemy.moml.MoMLSimpleApplication@7c788525
reloadAllAccessors: .ContinuousInDE2

===========================================================================================
----------------- testing Sun Apr 26 14:04:44 UTC 2020 /home/travis/build/icyphy/ptII/ptolemy/domains/continuous/test/auto/ContinuousInDE3.xml
----------------- Instantiating /home/travis/build/icyphy/ptII/ptolemy/domains/continuous/test/auto/ContinuousInDE3.xml
34 ms. Memory: 236544K Free: 201713K (85%)
----------------- Invoking toplevel() on ptolemy.moml.MoMLSimpleApplication@4e10f992
----------------- Done invoking toplevel() on ptolemy.moml.MoMLSimpleApplication@4e10f992
reloadAllAccessors: .ContinuousInDE3

===========================================================================================
----------------- testing Sun Apr 26 14:04:44 UTC 2020 /home/travis/build/icyphy/ptII/ptolemy/domains/continuous/test/auto/ContinuousInDE4.xml
----------------- Instantiating /home/travis/build/icyphy/ptII/ptolemy/domains/continuous/test/auto/ContinuousInDE4.xml
15 ms. Memory: 236544K Free: 195569K (83%)
----------------- Invoking toplevel() on ptolemy.moml.MoMLSimpleApplication@f2cd838
----------------- Done invoking toplevel() on ptolemy.moml.MoMLSimpleApplication@f2cd838
reloadAllAccessors: .ContinuousInDE4

===========================================================================================
----------------- testing Sun Apr 26 14:04:44 UTC 2020 /home/travis/build/icyphy/ptII/ptolemy/domains/continuous/test/auto/ContinuousInDEDifferentRefinements.xml
----------------- Instantiating /home/travis/build/icyphy/ptII/ptolemy/domains/continuous/test/auto/ContinuousInDEDifferentRefinements.xml
64 ms. Memory: 236544K Free: 164321K (69%)
----------------- Invoking toplevel() on ptolemy.moml.MoMLSimpleApplication@d53a709
----------------- Done invoking toplevel() on ptolemy.moml.MoMLSimpleApplication@d53a709
reloadAllAccessors: .ContinuousInDEDifferentRefinements

===========================================================================================
----------------- testing Sun Apr 26 14:04:44 UTC 2020 /home/travis/build/icyphy/ptII/ptolemy/domains/continuous/test/auto/ContinuousInDEDifferentRefinementsPreemptive.xml
----------------- Instantiating /home/travis/build/icyphy/ptII/ptolemy/domains/continuous/test/auto/ContinuousInDEDifferentRefinementsPreemptive.xml
45 ms. Memory: 236544K Free: 133585K (56%)
----------------- Invoking toplevel() on ptolemy.moml.MoMLSimpleApplication@3e3fea36
----------------- Done invoking toplevel() on ptolemy.moml.MoMLSimpleApplication@3e3fea36
reloadAllAccessors: .ContinuousInDEDifferentRefinementsPreemptive

===========================================================================================
----------------- testing Sun Apr 26 14:04:44 UTC 2020 /home/travis/build/icyphy/ptII/ptolemy/domains/continuous/test/auto/ContinuousInDEInContinuous2.xml
----------------- Instantiating /home/travis/build/icyphy/ptII/ptolemy/domains/continuous/test/auto/ContinuousInDEInContinuous2.xml
39 ms. Memory: 236544K Free: 122351K (52%)
----------------- Invoking toplevel() on ptolemy.moml.MoMLSimpleApplication@5351c36e
----------------- Done invoking toplevel() on ptolemy.moml.MoMLSimpleApplication@5351c36e
reloadAllAccessors: .ContinuousInDEInContinuous2

===========================================================================================
----------------- testing Sun Apr 26 14:04:44 UTC 2020 /home/travis/build/icyphy/ptII/ptolemy/domains/continuous/test/auto/ContinuousInDEInContinuous3.xml
----------------- Instantiating /home/travis/build/icyphy/ptII/ptolemy/domains/continuous/test/auto/ContinuousInDEInContinuous3.xml
38 ms. Memory: 236544K Free: 110063K (47%)
----------------- Invoking toplevel() on ptolemy.moml.MoMLSimpleApplication@7e4c6b80
----------------- Done invoking toplevel() on ptolemy.moml.MoMLSimpleApplication@7e4c6b80
reloadAllAccessors: .ContinuousInDEInContinuous3

===========================================================================================
----------------- testing Sun Apr 26 14:04:44 UTC 2020 /home/travis/build/icyphy/ptII/ptolemy/domains/continuous/test/auto/ContinuousInDEInput.xml
----------------- Instantiating /home/travis/build/icyphy/ptII/ptolemy/domains/continuous/test/auto/ContinuousInDEInput.xml
15 ms. Memory: 236544K Free: 102895K (43%)
----------------- Invoking toplevel() on ptolemy.moml.MoMLSimpleApplication@37c31aec
----------------- Done invoking toplevel() on ptolemy.moml.MoMLSimpleApplication@37c31aec
reloadAllAccessors: .ContinuousInDEInput

===========================================================================================
----------------- testing Sun Apr 26 14:04:44 UTC 2020 /home/travis/build/icyphy/ptII/ptolemy/domains/continuous/test/auto/ContinuousInDEInput2.xml
----------------- Instantiating /home/travis/build/icyphy/ptII/ptolemy/domains/continuous/test/auto/ContinuousInDEInput2.xml
13 ms. Memory: 236544K Free: 95727K (40%)
----------------- Invoking toplevel() on ptolemy.moml.MoMLSimpleApplication@4f7dad10
----------------- Done invoking toplevel() on ptolemy.moml.MoMLSimpleApplication@4f7dad10
reloadAllAccessors: .ContinuousInDEInput2

===========================================================================================
----------------- testing Sun Apr 26 14:04:44 UTC 2020 /home/travis/build/icyphy/ptII/ptolemy/domains/continuous/test/auto/ContinuousInDEInput3.xml
----------------- Instantiating /home/travis/build/icyphy/ptII/ptolemy/domains/continuous/test/auto/ContinuousInDEInput3.xml
12 ms. Memory: 236544K Free: 88559K (37%)
----------------- Invoking toplevel() on ptolemy.moml.MoMLSimpleApplication@6558d0cb
----------------- Done invoking toplevel() on ptolemy.moml.MoMLSimpleApplication@6558d0cb
reloadAllAccessors: .ContinuousInDEInput3

===========================================================================================
----------------- testing Sun Apr 26 14:04:44 UTC 2020 /home/travis/build/icyphy/ptII/ptolemy/domains/continuous/test/auto/ContinuousInDESharingRefinement.xml
----------------- Instantiating /home/travis/build/icyphy/ptII/ptolemy/domains/continuous/test/auto/ContinuousInDESharingRefinement.xml
144 ms. Memory: 236544K Free: 134864K (57%)
----------------- Invoking toplevel() on ptolemy.moml.MoMLSimpleApplication@2268621f
----------------- Done invoking toplevel() on ptolemy.moml.MoMLSimpleApplication@2268621f
reloadAllAccessors: .ContinuousInDESharingRefinement

===========================================================================================
----------------- testing Sun Apr 26 14:04:44 UTC 2020 /home/travis/build/icyphy/ptII/ptolemy/domains/continuous/test/auto/ContinuousInDEwithNoPorts.xml
----------------- Instantiating /home/travis/build/icyphy/ptII/ptolemy/domains/continuous/test/auto/ContinuousInDEwithNoPorts.xml
6 ms. Memory: 236544K Free: 130752K (55%)
----------------- Invoking toplevel() on ptolemy.moml.MoMLSimpleApplication@3edfae30
----------------- Done invoking toplevel() on ptolemy.moml.MoMLSimpleApplication@3edfae30
reloadAllAccessors: .ContinuousInDEwithNoPorts

===========================================================================================
----------------- testing Sun Apr 26 14:04:44 UTC 2020 /home/travis/build/icyphy/ptII/ptolemy/domains/continuous/test/auto/ContinuousInsideDE.xml
----------------- Instantiating /home/travis/build/icyphy/ptII/ptolemy/domains/continuous/test/auto/ContinuousInsideDE.xml
42 ms. Memory: 236544K Free: 119518K (51%)
----------------- Invoking toplevel() on ptolemy.moml.MoMLSimpleApplication@261188cd
----------------- Done invoking toplevel() on ptolemy.moml.MoMLSimpleApplication@261188cd
reloadAllAccessors: .ContinuousInsideDE

===========================================================================================
----------------- testing Sun Apr 26 14:04:44 UTC 2020 /home/travis/build/icyphy/ptII/ptolemy/domains/continuous/test/auto/ContinuousMerge1.xml
----------------- Instantiating /home/travis/build/icyphy/ptII/ptolemy/domains/continuous/test/auto/ContinuousMerge1.xml
3 ms. Memory: 236544K Free: 115408K (49%)
----------------- Invoking toplevel() on ptolemy.moml.MoMLSimpleApplication@7652378b
----------------- Done invoking toplevel() on ptolemy.moml.MoMLSimpleApplication@7652378b
reloadAllAccessors: .ContinuousMerge1

===========================================================================================
----------------- testing Sun Apr 26 14:04:44 UTC 2020 /home/travis/build/icyphy/ptII/ptolemy/domains/continuous/test/auto/ContinuousMerge2.xml
----------------- Instantiating /home/travis/build/icyphy/ptII/ptolemy/domains/continuous/test/auto/ContinuousMerge2.xml
15 ms. Memory: 236544K Free: 105182K (44%)
----------------- Invoking toplevel() on ptolemy.moml.MoMLSimpleApplication@7cf0482b
----------------- Done invoking toplevel() on ptolemy.moml.MoMLSimpleApplication@7cf0482b
reloadAllAccessors: .ContinuousMerge2

===========================================================================================
----------------- testing Sun Apr 26 14:04:44 UTC 2020 /home/travis/build/icyphy/ptII/ptolemy/domains/continuous/test/auto/ContinuousMerge3.xml
----------------- Instantiating /home/travis/build/icyphy/ptII/ptolemy/domains/continuous/test/auto/ContinuousMerge3.xml
58 ms. Memory: 236544K Free: 94432K (40%)
----------------- Invoking toplevel() on ptolemy.moml.MoMLSimpleApplication@50bce694
----------------- Done invoking toplevel() on ptolemy.moml.MoMLSimpleApplication@50bce694
reloadAllAccessors: .ContinuousMerge3

===========================================================================================
----------------- testing Sun Apr 26 14:04:45 UTC 2020 /home/travis/build/icyphy/ptII/ptolemy/domains/continuous/test/auto/ContinuousWithinContinuous.xml
----------------- Instantiating /home/travis/build/icyphy/ptII/ptolemy/domains/continuous/test/auto/ContinuousWithinContinuous.xml
49 ms. Memory: 236544K Free: 84702K (36%)
----------------- Invoking toplevel() on ptolemy.moml.MoMLSimpleApplication@6447255e
----------------- Done invoking toplevel() on ptolemy.moml.MoMLSimpleApplication@6447255e
reloadAllAccessors: .ContinuousWithinContinuous

===========================================================================================
----------------- testing Sun Apr 26 14:04:45 UTC 2020 /home/travis/build/icyphy/ptII/ptolemy/domains/continuous/test/auto/ContinuousWithinContinuous2.xml
----------------- Instantiating /home/travis/build/icyphy/ptII/ptolemy/domains/continuous/test/auto/ContinuousWithinContinuous2.xml
101 ms. Memory: 236544K Free: 214364K (91%)
----------------- Invoking toplevel() on ptolemy.moml.MoMLSimpleApplication@14a77d16
----------------- Done invoking toplevel() on ptolemy.moml.MoMLSimpleApplication@14a77d16
reloadAllAccessors: .ContinuousWithinContinuous2

===========================================================================================
----------------- testing Sun Apr 26 14:04:45 UTC 2020 /home/travis/build/icyphy/ptII/ptolemy/domains/continuous/test/auto/ContinuousWithinContinuous3.xml
----------------- Instantiating /home/travis/build/icyphy/ptII/ptolemy/domains/continuous/test/auto/ContinuousWithinContinuous3.xml
18 ms. Memory: 236544K Free: 207196K (88%)
----------------- Invoking toplevel() on ptolemy.moml.MoMLSimpleApplication@1478435f
----------------- Done invoking toplevel() on ptolemy.moml.MoMLSimpleApplication@1478435f
reloadAllAccessors: .ContinuousWithinContinuous3

===========================================================================================
----------------- testing Sun Apr 26 14:04:45 UTC 2020 /home/travis/build/icyphy/ptII/ptolemy/domains/continuous/test/auto/ContinuousWithinContinuous4.xml
----------------- Instantiating /home/travis/build/icyphy/ptII/ptolemy/domains/continuous/test/auto/ContinuousWithinContinuous4.xml
84 ms. Memory: 236544K Free: 194908K (82%)
----------------- Invoking toplevel() on ptolemy.moml.MoMLSimpleApplication@5d6eac44
----------------- Done invoking toplevel() on ptolemy.moml.MoMLSimpleApplication@5d6eac44
reloadAllAccessors: .ContinuousWithinContinuous4

===========================================================================================
----------------- testing Sun Apr 26 14:04:45 UTC 2020 /home/travis/build/icyphy/ptII/ptolemy/domains/continuous/test/auto/ContinuousWithinContinuous5.xml
----------------- Instantiating /home/travis/build/icyphy/ptII/ptolemy/domains/continuous/test/auto/ContinuousWithinContinuous5.xml
15 ms. Memory: 236544K Free: 187226K (79%)
----------------- Invoking toplevel() on ptolemy.moml.MoMLSimpleApplication@7e0a1f55
----------------- Done invoking toplevel() on ptolemy.moml.MoMLSimpleApplication@7e0a1f55
reloadAllAccessors: .ContinuousWithinContinuous5

===========================================================================================
----------------- testing Sun Apr 26 14:04:45 UTC 2020 /home/travis/build/icyphy/ptII/ptolemy/domains/continuous/test/auto/ContinuousWithinContinuous6.xml
----------------- Instantiating /home/travis/build/icyphy/ptII/ptolemy/domains/continuous/test/auto/ContinuousWithinContinuous6.xml
15 ms. Memory: 236544K Free: 180058K (76%)
----------------- Invoking toplevel() on ptolemy.moml.MoMLSimpleApplication@7f15b547
----------------- Done invoking toplevel() on ptolemy.moml.MoMLSimpleApplication@7f15b547
reloadAllAccessors: .ContinuousWithinContinuous6

===========================================================================================
----------------- testing Sun Apr 26 14:04:45 UTC 2020 /home/travis/build/icyphy/ptII/ptolemy/domains/continuous/test/auto/ContinuousWithinContinuous7.xml
----------------- Instantiating /home/travis/build/icyphy/ptII/ptolemy/domains/continuous/test/auto/ContinuousWithinContinuous7.xml
63 ms. Memory: 236544K Free: 168794K (71%)
----------------- Invoking toplevel() on ptolemy.moml.MoMLSimpleApplication@3d7bf0e7
----------------- Done invoking toplevel() on ptolemy.moml.MoMLSimpleApplication@3d7bf0e7
reloadAllAccessors: .ContinuousWithinContinuous7

===========================================================================================
----------------- testing Sun Apr 26 14:04:45 UTC 2020 /home/travis/build/icyphy/ptII/ptolemy/domains/continuous/test/auto/DCMotor.xml
----------------- Instantiating /home/travis/build/icyphy/ptII/ptolemy/domains/continuous/test/auto/DCMotor.xml
13009 ms. Memory: 236544K Free: 163558K (69%)
----------------- Invoking toplevel() on ptolemy.moml.MoMLSimpleApplication@55877819
----------------- Done invoking toplevel() on ptolemy.moml.MoMLSimpleApplication@55877819
reloadAllAccessors: .DCMotor

===========================================================================================
----------------- testing Sun Apr 26 14:04:58 UTC 2020 /home/travis/build/icyphy/ptII/ptolemy/domains/continuous/test/auto/DEInContinuous.xml
----------------- Instantiating /home/travis/build/icyphy/ptII/ptolemy/domains/continuous/test/auto/DEInContinuous.xml
12 ms. Memory: 236544K Free: 157414K (67%)
----------------- Invoking toplevel() on ptolemy.moml.MoMLSimpleApplication@b71b3aa
----------------- Done invoking toplevel() on ptolemy.moml.MoMLSimpleApplication@b71b3aa
reloadAllAccessors: .DEInContinuous

===========================================================================================
----------------- testing Sun Apr 26 14:04:58 UTC 2020 /home/travis/build/icyphy/ptII/ptolemy/domains/continuous/test/auto/DEinContinuous2.xml
----------------- Instantiating /home/travis/build/icyphy/ptII/ptolemy/domains/continuous/test/auto/DEinContinuous2.xml
8 ms. Memory: 236544K Free: 149732K (63%)
----------------- Invoking toplevel() on ptolemy.moml.MoMLSimpleApplication@6b2736b6
----------------- Done invoking toplevel() on ptolemy.moml.MoMLSimpleApplication@6b2736b6
reloadAllAccessors: .DEinContinuous2

===========================================================================================
----------------- testing Sun Apr 26 14:04:58 UTC 2020 /home/travis/build/icyphy/ptII/ptolemy/domains/continuous/test/auto/Derivative.xml
----------------- Instantiating /home/travis/build/icyphy/ptII/ptolemy/domains/continuous/test/auto/Derivative.xml
156 ms. Memory: 236544K Free: 120550K (51%)
----------------- Invoking toplevel() on ptolemy.moml.MoMLSimpleApplication@3541e32b
----------------- Done invoking toplevel() on ptolemy.moml.MoMLSimpleApplication@3541e32b
reloadAllAccessors: .Derivative2

===========================================================================================
----------------- testing Sun Apr 26 14:04:58 UTC 2020 /home/travis/build/icyphy/ptII/ptolemy/domains/continuous/test/auto/Derivative1.xml
----------------- Instantiating /home/travis/build/icyphy/ptII/ptolemy/domains/continuous/test/auto/Derivative1.xml
19 ms. Memory: 236544K Free: 106214K (45%)
----------------- Invoking toplevel() on ptolemy.moml.MoMLSimpleApplication@5c2df31e
----------------- Done invoking toplevel() on ptolemy.moml.MoMLSimpleApplication@5c2df31e
reloadAllAccessors: .Derivative1

===========================================================================================
----------------- testing Sun Apr 26 14:04:59 UTC 2020 /home/travis/build/icyphy/ptII/ptolemy/domains/continuous/test/auto/DiscreteClock.xml
----------------- Instantiating /home/travis/build/icyphy/ptII/ptolemy/domains/continuous/test/auto/DiscreteClock.xml
3 ms. Memory: 236544K Free: 101094K (43%)
----------------- Invoking toplevel() on ptolemy.moml.MoMLSimpleApplication@34350784
----------------- Done invoking toplevel() on ptolemy.moml.MoMLSimpleApplication@34350784
reloadAllAccessors: .DiscreteClock

===========================================================================================
----------------- testing Sun Apr 26 14:04:59 UTC 2020 /home/travis/build/icyphy/ptII/ptolemy/domains/continuous/test/auto/EfficiencyCurve.xml
----------------- Instantiating /home/travis/build/icyphy/ptII/ptolemy/domains/continuous/test/auto/EfficiencyCurve.xml
47 ms. Memory: 236544K Free: 91878K (39%)
----------------- Invoking toplevel() on ptolemy.moml.MoMLSimpleApplication@2e8be119
----------------- Done invoking toplevel() on ptolemy.moml.MoMLSimpleApplication@2e8be119
reloadAllAccessors: .EfficiencyCurve

===========================================================================================
----------------- testing Sun Apr 26 14:04:59 UTC 2020 /home/travis/build/icyphy/ptII/ptolemy/domains/continuous/test/auto/ExponentialResponse.xml
----------------- Instantiating /home/travis/build/icyphy/ptII/ptolemy/domains/continuous/test/auto/ExponentialResponse.xml
85 ms. Memory: 236544K Free: 216286K (91%)
----------------- Invoking toplevel() on ptolemy.moml.MoMLSimpleApplication@20dc75ef
----------------- Done invoking toplevel() on ptolemy.moml.MoMLSimpleApplication@20dc75ef
reloadAllAccessors: .ExponentialResponse

===========================================================================================
----------------- testing Sun Apr 26 14:04:59 UTC 2020 /home/travis/build/icyphy/ptII/ptolemy/domains/continuous/test/auto/ExponentialResponseRK45.xml
----------------- Instantiating /home/travis/build/icyphy/ptII/ptolemy/domains/continuous/test/auto/ExponentialResponseRK45.xml
22 ms. Memory: 236544K Free: 209458K (89%)
----------------- Invoking toplevel() on ptolemy.moml.MoMLSimpleApplication@68052328
----------------- Done invoking toplevel() on ptolemy.moml.MoMLSimpleApplication@68052328
reloadAllAccessors: .ExponentialResponseRK45

===========================================================================================
----------------- testing Sun Apr 26 14:04:59 UTC 2020 /home/travis/build/icyphy/ptII/ptolemy/domains/continuous/test/auto/Friction.xml
----------------- Instantiating /home/travis/build/icyphy/ptII/ptolemy/domains/continuous/test/auto/Friction.xml
1495 ms. Memory: 236544K Free: 203657K (86%)
----------------- Invoking toplevel() on ptolemy.moml.MoMLSimpleApplication@14775b3a
----------------- Done invoking toplevel() on ptolemy.moml.MoMLSimpleApplication@14775b3a
reloadAllAccessors: .Friction

===========================================================================================
----------------- testing Sun Apr 26 14:05:00 UTC 2020 /home/travis/build/icyphy/ptII/ptolemy/domains/continuous/test/auto/FurutaPendulum.xml
----------------- Instantiating /home/travis/build/icyphy/ptII/ptolemy/domains/continuous/test/auto/FurutaPendulum.xml
2991 ms. Memory: 236544K Free: 126056K (53%)
----------------- Invoking toplevel() on ptolemy.moml.MoMLSimpleApplication@3c8ed0cc
----------------- Done invoking toplevel() on ptolemy.moml.MoMLSimpleApplication@3c8ed0cc
reloadAllAccessors: .FurutaPendulum

===========================================================================================
----------------- testing Sun Apr 26 14:05:04 UTC 2020 /home/travis/build/icyphy/ptII/ptolemy/domains/continuous/test/auto/HierarchicalExecution.xml
----------------- Instantiating /home/travis/build/icyphy/ptII/ptolemy/domains/continuous/test/auto/HierarchicalExecution.xml
1526 ms. Memory: 236544K Free: 118950K (50%)
----------------- Invoking toplevel() on ptolemy.moml.MoMLSimpleApplication@24ab7971
----------------- Done invoking toplevel() on ptolemy.moml.MoMLSimpleApplication@24ab7971
reloadAllAccessors: .HierarchicalExecution

===========================================================================================
----------------- testing Sun Apr 26 14:05:06 UTC 2020 /home/travis/build/icyphy/ptII/ptolemy/domains/continuous/test/auto/HybridPlant.xml
----------------- Instantiating /home/travis/build/icyphy/ptII/ptolemy/domains/continuous/test/auto/HybridPlant.xml
511 ms. Memory: 284672K Free: 211466K (74%)
----------------- Invoking toplevel() on ptolemy.moml.MoMLSimpleApplication@5a75033f
----------------- Done invoking toplevel() on ptolemy.moml.MoMLSimpleApplication@5a75033f
reloadAllAccessors: .HybridPlant

===========================================================================================
----------------- testing Sun Apr 26 14:05:06 UTC 2020 /home/travis/build/icyphy/ptII/ptolemy/domains/continuous/test/auto/Hysteresis.xml
----------------- Instantiating /home/travis/build/icyphy/ptII/ptolemy/domains/continuous/test/auto/Hysteresis.xml
132 ms. Memory: 284672K Free: 149002K (52%)
----------------- Invoking toplevel() on ptolemy.moml.MoMLSimpleApplication@118794ce
----------------- Done invoking toplevel() on ptolemy.moml.MoMLSimpleApplication@118794ce
reloadAllAccessors: .Hysteresis

===========================================================================================
----------------- testing Sun Apr 26 14:05:06 UTC 2020 /home/travis/build/icyphy/ptII/ptolemy/domains/continuous/test/auto/HysteresisWithRandomDelay.xml
----------------- Instantiating /home/travis/build/icyphy/ptII/ptolemy/domains/continuous/test/auto/HysteresisWithRandomDelay.xml
164 ms. Memory: 284672K Free: 245479K (86%)
----------------- Invoking toplevel() on ptolemy.moml.MoMLSimpleApplication@6f30ac1d
----------------- Done invoking toplevel() on ptolemy.moml.MoMLSimpleApplication@6f30ac1d
reloadAllAccessors: .HysteresisWithRandomDelay

===========================================================================================
----------------- testing Sun Apr 26 14:05:07 UTC 2020 /home/travis/build/icyphy/ptII/ptolemy/domains/continuous/test/auto/HysteresisWithRandomLosses.xml
----------------- Instantiating /home/travis/build/icyphy/ptII/ptolemy/domains/continuous/test/auto/HysteresisWithRandomLosses.xml
2197 ms. Memory: 284672K Free: 179030K (63%)
----------------- Invoking toplevel() on ptolemy.moml.MoMLSimpleApplication@71e2e609
----------------- Done invoking toplevel() on ptolemy.moml.MoMLSimpleApplication@71e2e609
reloadAllAccessors: .HysteresisWithRandomLosses

===========================================================================================
----------------- testing Sun Apr 26 14:05:09 UTC 2020 /home/travis/build/icyphy/ptII/ptolemy/domains/continuous/test/auto/ImmediateTransitions.xml
----------------- Instantiating /home/travis/build/icyphy/ptII/ptolemy/domains/continuous/test/auto/ImmediateTransitions.xml
10 ms. Memory: 284672K Free: 168294K (59%)
----------------- Invoking toplevel() on ptolemy.moml.MoMLSimpleApplication@2e196a7f
----------------- Done invoking toplevel() on ptolemy.moml.MoMLSimpleApplication@2e196a7f
reloadAllAccessors: .ImmediateTransitions

===========================================================================================
----------------- testing Sun Apr 26 14:05:09 UTC 2020 /home/travis/build/icyphy/ptII/ptolemy/domains/continuous/test/auto/ImpulseFeedback.xml
----------------- Instantiating /home/travis/build/icyphy/ptII/ptolemy/domains/continuous/test/auto/ImpulseFeedback.xml
8 ms. Memory: 284672K Free: 162660K (57%)
----------------- Invoking toplevel() on ptolemy.moml.MoMLSimpleApplication@5b732779
----------------- Done invoking toplevel() on ptolemy.moml.MoMLSimpleApplication@5b732779
reloadAllAccessors: .ImpulseFeedback

===========================================================================================
----------------- testing Sun Apr 26 14:05:09 UTC 2020 /home/travis/build/icyphy/ptII/ptolemy/domains/continuous/test/auto/ImpulseFeedback2.xml
----------------- Instantiating /home/travis/build/icyphy/ptII/ptolemy/domains/continuous/test/auto/ImpulseFeedback2.xml
5 ms. Memory: 284672K Free: 157030K (55%)
----------------- Invoking toplevel() on ptolemy.moml.MoMLSimpleApplication@66747886
----------------- Done invoking toplevel() on ptolemy.moml.MoMLSimpleApplication@66747886
reloadAllAccessors: .ImpulseFeedback2

===========================================================================================
----------------- testing Sun Apr 26 14:05:09 UTC 2020 /home/travis/build/icyphy/ptII/ptolemy/domains/continuous/test/auto/IncreasingRatePoisson.xml
----------------- Instantiating /home/travis/build/icyphy/ptII/ptolemy/domains/continuous/test/auto/IncreasingRatePoisson.xml
694 ms. Memory: 284672K Free: 182343K (64%)
----------------- Invoking toplevel() on ptolemy.moml.MoMLSimpleApplication@6ab6d227
----------------- Done invoking toplevel() on ptolemy.moml.MoMLSimpleApplication@6ab6d227
reloadAllAccessors: .IncreasingRatePoisson

===========================================================================================
----------------- testing Sun Apr 26 14:05:10 UTC 2020 /home/travis/build/icyphy/ptII/ptolemy/domains/continuous/test/auto/InitialStateFeedback.xml
----------------- Instantiating /home/travis/build/icyphy/ptII/ptolemy/domains/continuous/test/auto/InitialStateFeedback.xml
6 ms. Memory: 284672K Free: 177733K (62%)
----------------- Invoking toplevel() on ptolemy.moml.MoMLSimpleApplication@674e6588
----------------- Done invoking toplevel() on ptolemy.moml.MoMLSimpleApplication@674e6588
reloadAllAccessors: .InitialStateFeedback

===========================================================================================
----------------- testing Sun Apr 26 14:05:10 UTC 2020 /home/travis/build/icyphy/ptII/ptolemy/domains/continuous/test/auto/Integration.xml
----------------- Instantiating /home/travis/build/icyphy/ptII/ptolemy/domains/continuous/test/auto/Integration.xml
2 ms. Memory: 284672K Free: 173637K (61%)
----------------- Invoking toplevel() on ptolemy.moml.MoMLSimpleApplication@4613c18e
----------------- Done invoking toplevel() on ptolemy.moml.MoMLSimpleApplication@4613c18e
reloadAllAccessors: .Integration

===========================================================================================
----------------- testing Sun Apr 26 14:05:10 UTC 2020 /home/travis/build/icyphy/ptII/ptolemy/domains/continuous/test/auto/Integration2.xml
----------------- Instantiating /home/travis/build/icyphy/ptII/ptolemy/domains/continuous/test/auto/Integration2.xml
66 ms. Memory: 284672K Free: 159301K (56%)
----------------- Invoking toplevel() on ptolemy.moml.MoMLSimpleApplication@68f4cee9
----------------- Done invoking toplevel() on ptolemy.moml.MoMLSimpleApplication@68f4cee9
reloadAllAccessors: .Integration2

===========================================================================================
----------------- testing Sun Apr 26 14:05:10 UTC 2020 /home/travis/build/icyphy/ptII/ptolemy/domains/continuous/test/auto/Integration3.xml
----------------- Instantiating /home/travis/build/icyphy/ptII/ptolemy/domains/continuous/test/auto/Integration3.xml
2 ms. Memory: 284672K Free: 154695K (54%)
----------------- Invoking toplevel() on ptolemy.moml.MoMLSimpleApplication@6fe08902
----------------- Done invoking toplevel() on ptolemy.moml.MoMLSimpleApplication@6fe08902
reloadAllAccessors: .Integration3

===========================================================================================
----------------- testing Sun Apr 26 14:05:10 UTC 2020 /home/travis/build/icyphy/ptII/ptolemy/domains/continuous/test/auto/Integration5.xml
----------------- Instantiating /home/travis/build/icyphy/ptII/ptolemy/domains/continuous/test/auto/Integration5.xml
2 ms. Memory: 284672K Free: 150599K (53%)
----------------- Invoking toplevel() on ptolemy.moml.MoMLSimpleApplication@58d11741
----------------- Done invoking toplevel() on ptolemy.moml.MoMLSimpleApplication@58d11741
reloadAllAccessors: .Integration5

===========================================================================================
----------------- testing Sun Apr 26 14:05:10 UTC 2020 /home/travis/build/icyphy/ptII/ptolemy/domains/continuous/test/auto/IntegratorImpulse.xml
----------------- Instantiating /home/travis/build/icyphy/ptII/ptolemy/domains/continuous/test/auto/IntegratorImpulse.xml
2 ms. Memory: 284672K Free: 146503K (51%)
----------------- Invoking toplevel() on ptolemy.moml.MoMLSimpleApplication@61cd2336
----------------- Done invoking toplevel() on ptolemy.moml.MoMLSimpleApplication@61cd2336
reloadAllAccessors: .IntegratorImpulse

===========================================================================================
----------------- testing Sun Apr 26 14:05:10 UTC 2020 /home/travis/build/icyphy/ptII/ptolemy/domains/continuous/test/auto/IntegratorImpulse2.xml
----------------- Instantiating /home/travis/build/icyphy/ptII/ptolemy/domains/continuous/test/auto/IntegratorImpulse2.xml
3 ms. Memory: 284672K Free: 141887K (50%)
----------------- Invoking toplevel() on ptolemy.moml.MoMLSimpleApplication@a88feca
----------------- Done invoking toplevel() on ptolemy.moml.MoMLSimpleApplication@a88feca
reloadAllAccessors: .IntegratorImpulse2

===========================================================================================
----------------- testing Sun Apr 26 14:05:10 UTC 2020 /home/travis/build/icyphy/ptII/ptolemy/domains/continuous/test/auto/LevelCrossing1.xml
----------------- Instantiating /home/travis/build/icyphy/ptII/ptolemy/domains/continuous/test/auto/LevelCrossing1.xml
2 ms. Memory: 284672K Free: 136773K (48%)
----------------- Invoking toplevel() on ptolemy.moml.MoMLSimpleApplication@4f94abaf
----------------- Done invoking toplevel() on ptolemy.moml.MoMLSimpleApplication@4f94abaf
reloadAllAccessors: .LevelCrossing1

===========================================================================================
----------------- testing Sun Apr 26 14:05:10 UTC 2020 /home/travis/build/icyphy/ptII/ptolemy/domains/continuous/test/auto/LevelCrossing2.xml
----------------- Instantiating /home/travis/build/icyphy/ptII/ptolemy/domains/continuous/test/auto/LevelCrossing2.xml
3 ms. Memory: 284672K Free: 131639K (46%)
----------------- Invoking toplevel() on ptolemy.moml.MoMLSimpleApplication@6ff51259
----------------- Done invoking toplevel() on ptolemy.moml.MoMLSimpleApplication@6ff51259
reloadAllAccessors: .LevelCrossing2

===========================================================================================
----------------- testing Sun Apr 26 14:05:10 UTC 2020 /home/travis/build/icyphy/ptII/ptolemy/domains/continuous/test/auto/LevelCrossing3.xml
----------------- Instantiating /home/travis/build/icyphy/ptII/ptolemy/domains/continuous/test/auto/LevelCrossing3.xml
3 ms. Memory: 284672K Free: 126533K (44%)
----------------- Invoking toplevel() on ptolemy.moml.MoMLSimpleApplication@36a8caa3
----------------- Done invoking toplevel() on ptolemy.moml.MoMLSimpleApplication@36a8caa3
reloadAllAccessors: .LevelCrossing3

===========================================================================================
----------------- testing Sun Apr 26 14:05:10 UTC 2020 /home/travis/build/icyphy/ptII/ptolemy/domains/continuous/test/auto/LevelCrossing4.xml
----------------- Instantiating /home/travis/build/icyphy/ptII/ptolemy/domains/continuous/test/auto/LevelCrossing4.xml
4 ms. Memory: 284672K Free: 121413K (43%)
----------------- Invoking toplevel() on ptolemy.moml.MoMLSimpleApplication@2281637
----------------- Done invoking toplevel() on ptolemy.moml.MoMLSimpleApplication@2281637
reloadAllAccessors: .LevelCrossing4

===========================================================================================
----------------- testing Sun Apr 26 14:05:10 UTC 2020 /home/travis/build/icyphy/ptII/ptolemy/domains/continuous/test/auto/LevelCrossing5.xml
----------------- Instantiating /home/travis/build/icyphy/ptII/ptolemy/domains/continuous/test/auto/LevelCrossing5.xml
3 ms. Memory: 284672K Free: 116293K (41%)
----------------- Invoking toplevel() on ptolemy.moml.MoMLSimpleApplication@7532dfc7
----------------- Done invoking toplevel() on ptolemy.moml.MoMLSimpleApplication@7532dfc7
reloadAllAccessors: .LevelCrossing5

===========================================================================================
[...]
11 ms. Memory: 284672K Free: 239689K (84%)
----------------- Invoking toplevel() on ptolemy.moml.MoMLSimpleApplication@5352ce01
----------------- Done invoking toplevel() on ptolemy.moml.MoMLSimpleApplication@5352ce01
reloadAllAccessors: .ResetTransitionWithStartTime6

===========================================================================================
----------------- testing Sun Apr 26 14:05:26 UTC 2020 /home/travis/build/icyphy/ptII/ptolemy/domains/continuous/test/auto/SRinContinuous.xml
----------------- Instantiating /home/travis/build/icyphy/ptII/ptolemy/domains/continuous/test/auto/SRinContinuous.xml
4 ms. Memory: 284672K Free: 232025K (82%)
----------------- Invoking toplevel() on ptolemy.moml.MoMLSimpleApplication@75d1791c
----------------- Done invoking toplevel() on ptolemy.moml.MoMLSimpleApplication@75d1791c
reloadAllAccessors: .SRinContinuous

===========================================================================================
----------------- testing Sun Apr 26 14:05:26 UTC 2020 /home/travis/build/icyphy/ptII/ptolemy/domains/continuous/test/auto/SampledClocks.xml
----------------- Instantiating /home/travis/build/icyphy/ptII/ptolemy/domains/continuous/test/auto/SampledClocks.xml
6 ms. Memory: 284672K Free: 219223K (77%)
----------------- Invoking toplevel() on ptolemy.moml.MoMLSimpleApplication@5ea89ca4
----------------- Done invoking toplevel() on ptolemy.moml.MoMLSimpleApplication@5ea89ca4
reloadAllAccessors: .SampledClocks

===========================================================================================
----------------- testing Sun Apr 26 14:05:26 UTC 2020 /home/travis/build/icyphy/ptII/ptolemy/domains/continuous/test/auto/Satellite.xml
----------------- Instantiating /home/travis/build/icyphy/ptII/ptolemy/domains/continuous/test/auto/Satellite.xml
745 ms. Memory: 284672K Free: 197035K (69%)
----------------- Invoking toplevel() on ptolemy.moml.MoMLSimpleApplication@68fd7aaa
----------------- Done invoking toplevel() on ptolemy.moml.MoMLSimpleApplication@68fd7aaa
reloadAllAccessors: .Satellite

===========================================================================================
----------------- testing Sun Apr 26 14:05:27 UTC 2020 /home/travis/build/icyphy/ptII/ptolemy/domains/continuous/test/auto/SigmaDelta.xml
----------------- Instantiating /home/travis/build/icyphy/ptII/ptolemy/domains/continuous/test/auto/SigmaDelta.xml
2000 ms. Memory: 284672K Free: 101443K (36%)
----------------- Invoking toplevel() on ptolemy.moml.MoMLSimpleApplication@7dbf535c
----------------- Done invoking toplevel() on ptolemy.moml.MoMLSimpleApplication@7dbf535c
reloadAllAccessors: .SigmaDelta

===========================================================================================
----------------- testing Sun Apr 26 14:05:29 UTC 2020 /home/travis/build/icyphy/ptII/ptolemy/domains/continuous/test/auto/SingleRefinement.xml
----------------- Instantiating /home/travis/build/icyphy/ptII/ptolemy/domains/continuous/test/auto/SingleRefinement.xml
328 ms. Memory: 284672K Free: 257613K (90%)
----------------- Invoking toplevel() on ptolemy.moml.MoMLSimpleApplication@cf24328
----------------- Done invoking toplevel() on ptolemy.moml.MoMLSimpleApplication@cf24328
reloadAllAccessors: .SingleRefinement

===========================================================================================
----------------- testing Sun Apr 26 14:05:29 UTC 2020 /home/travis/build/icyphy/ptII/ptolemy/domains/continuous/test/auto/SinuBouncingBall.xml
----------------- Instantiating /home/travis/build/icyphy/ptII/ptolemy/domains/continuous/test/auto/SinuBouncingBall.xml
704 ms. Memory: 284672K Free: 212859K (75%)
----------------- Invoking toplevel() on ptolemy.moml.MoMLSimpleApplication@4b67780d
----------------- Done invoking toplevel() on ptolemy.moml.MoMLSimpleApplication@4b67780d
reloadAllAccessors: .SinuBouncingBall

===========================================================================================
----------------- testing Sun Apr 26 14:05:30 UTC 2020 /home/travis/build/icyphy/ptII/ptolemy/domains/continuous/test/auto/Sinusoid.xml
----------------- Instantiating /home/travis/build/icyphy/ptII/ptolemy/domains/continuous/test/auto/Sinusoid.xml
5 ms. Memory: 284672K Free: 208253K (73%)
----------------- Invoking toplevel() on ptolemy.moml.MoMLSimpleApplication@2b832257
----------------- Done invoking toplevel() on ptolemy.moml.MoMLSimpleApplication@2b832257
reloadAllAccessors: .Sinusoid

===========================================================================================
----------------- testing Sun Apr 26 14:05:30 UTC 2020 /home/travis/build/icyphy/ptII/ptolemy/domains/continuous/test/auto/SinusoidInNoise.xml
----------------- Instantiating /home/travis/build/icyphy/ptII/ptolemy/domains/continuous/test/auto/SinusoidInNoise.xml
803 ms. Memory: 284672K Free: 239665K (84%)
----------------- Invoking toplevel() on ptolemy.moml.MoMLSimpleApplication@3f193d0b
----------------- Done invoking toplevel() on ptolemy.moml.MoMLSimpleApplication@3f193d0b
reloadAllAccessors: .SinusoidInNoise

===========================================================================================
----------------- testing Sun Apr 26 14:05:31 UTC 2020 /home/travis/build/icyphy/ptII/ptolemy/domains/continuous/test/auto/SinusoidRK45.xml
----------------- Instantiating /home/travis/build/icyphy/ptII/ptolemy/domains/continuous/test/auto/SinusoidRK45.xml
2 ms. Memory: 284672K Free: 235049K (83%)
----------------- Invoking toplevel() on ptolemy.moml.MoMLSimpleApplication@5f93dbbf
----------------- Done invoking toplevel() on ptolemy.moml.MoMLSimpleApplication@5f93dbbf
reloadAllAccessors: .SinusoidRK45

===========================================================================================
----------------- testing Sun Apr 26 14:05:31 UTC 2020 /home/travis/build/icyphy/ptII/ptolemy/domains/continuous/test/auto/SinusoidWithMultipleImpulses.xml
----------------- Instantiating /home/travis/build/icyphy/ptII/ptolemy/domains/continuous/test/auto/SinusoidWithMultipleImpulses.xml
3 ms. Memory: 284672K Free: 230449K (81%)
----------------- Invoking toplevel() on ptolemy.moml.MoMLSimpleApplication@762224c0
----------------- Done invoking toplevel() on ptolemy.moml.MoMLSimpleApplication@762224c0
reloadAllAccessors: .SinusoidWithMultipleImpulses

===========================================================================================
----------------- testing Sun Apr 26 14:05:31 UTC 2020 /home/travis/build/icyphy/ptII/ptolemy/domains/continuous/test/auto/SquareWave.xml
----------------- Instantiating /home/travis/build/icyphy/ptII/ptolemy/domains/continuous/test/auto/SquareWave.xml
149 ms. Memory: 284672K Free: 202801K (71%)
----------------- Invoking toplevel() on ptolemy.moml.MoMLSimpleApplication@6094ea7a
----------------- Done invoking toplevel() on ptolemy.moml.MoMLSimpleApplication@6094ea7a
reloadAllAccessors: .SquareWave

===========================================================================================
----------------- testing Sun Apr 26 14:05:31 UTC 2020 /home/travis/build/icyphy/ptII/ptolemy/domains/continuous/test/auto/Starmac.xml
----------------- Instantiating /home/travis/build/icyphy/ptII/ptolemy/domains/continuous/test/auto/Starmac.xml
3074 ms. Memory: 284672K Free: 221926K (78%)
----------------- Invoking toplevel() on ptolemy.moml.MoMLSimpleApplication@5c47f249
----------------- Done invoking toplevel() on ptolemy.moml.MoMLSimpleApplication@5c47f249
reloadAllAccessors: .Starmac

===========================================================================================
----------------- testing Sun Apr 26 14:05:34 UTC 2020 /home/travis/build/icyphy/ptII/ptolemy/domains/continuous/test/auto/StaticUnits.xml
----------------- Instantiating /home/travis/build/icyphy/ptII/ptolemy/domains/continuous/test/auto/StaticUnits.xml
1652 ms. Memory: 284672K Free: 99281K (35%)
----------------- Invoking toplevel() on ptolemy.moml.MoMLSimpleApplication@2450aa2b
----------------- Done invoking toplevel() on ptolemy.moml.MoMLSimpleApplication@2450aa2b
reloadAllAccessors: .StaticUnits

===========================================================================================
----------------- testing Sun Apr 26 14:05:37 UTC 2020 /home/travis/build/icyphy/ptII/ptolemy/domains/continuous/test/auto/StickyMasses.xml
----------------- Instantiating /home/travis/build/icyphy/ptII/ptolemy/domains/continuous/test/auto/StickyMasses.xml
138 ms. Memory: 284672K Free: 214479K (75%)
----------------- Invoking toplevel() on ptolemy.moml.MoMLSimpleApplication@18ead6ed
----------------- Done invoking toplevel() on ptolemy.moml.MoMLSimpleApplication@18ead6ed
reloadAllAccessors: .StickyMasses

===========================================================================================
----------------- testing Sun Apr 26 14:05:37 UTC 2020 /home/travis/build/icyphy/ptII/ptolemy/domains/continuous/test/auto/StopTime.xml
----------------- Instantiating /home/travis/build/icyphy/ptII/ptolemy/domains/continuous/test/auto/StopTime.xml
41 ms. Memory: 284672K Free: 189903K (67%)
----------------- Invoking toplevel() on ptolemy.moml.MoMLSimpleApplication@291eafeb
----------------- Done invoking toplevel() on ptolemy.moml.MoMLSimpleApplication@291eafeb
reloadAllAccessors: .StopTime

===========================================================================================
----------------- testing Sun Apr 26 14:05:37 UTC 2020 /home/travis/build/icyphy/ptII/ptolemy/domains/continuous/test/auto/StopTime2.xml
----------------- Instantiating /home/travis/build/icyphy/ptII/ptolemy/domains/continuous/test/auto/StopTime2.xml
33 ms. Memory: 284672K Free: 167885K (59%)
----------------- Invoking toplevel() on ptolemy.moml.MoMLSimpleApplication@348fc8d8
----------------- Done invoking toplevel() on ptolemy.moml.MoMLSimpleApplication@348fc8d8
reloadAllAccessors: .StopTime2

===========================================================================================
----------------- testing Sun Apr 26 14:05:37 UTC 2020 /home/travis/build/icyphy/ptII/ptolemy/domains/continuous/test/auto/Switch.xml
----------------- Instantiating /home/travis/build/icyphy/ptII/ptolemy/domains/continuous/test/auto/Switch.xml
36 ms. Memory: 284672K Free: 143294K (50%)
----------------- Invoking toplevel() on ptolemy.moml.MoMLSimpleApplication@3a43e3f7
----------------- Done invoking toplevel() on ptolemy.moml.MoMLSimpleApplication@3a43e3f7
reloadAllAccessors: .Switch

===========================================================================================
----------------- testing Sun Apr 26 14:05:37 UTC 2020 /home/travis/build/icyphy/ptII/ptolemy/domains/continuous/test/auto/Thermostat.xml
----------------- Instantiating /home/travis/build/icyphy/ptII/ptolemy/domains/continuous/test/auto/Thermostat.xml
179 ms. Memory: 284672K Free: 234432K (82%)
----------------- Invoking toplevel() on ptolemy.moml.MoMLSimpleApplication@145473f7
----------------- Done invoking toplevel() on ptolemy.moml.MoMLSimpleApplication@145473f7
reloadAllAccessors: .Thermostat

===========================================================================================
----------------- testing Sun Apr 26 14:05:37 UTC 2020 /home/travis/build/icyphy/ptII/ptolemy/domains/continuous/test/auto/TimeDelay.xml
----------------- Instantiating /home/travis/build/icyphy/ptII/ptolemy/domains/continuous/test/auto/TimeDelay.xml
5 ms. Memory: 284672K Free: 229312K (81%)
----------------- Invoking toplevel() on ptolemy.moml.MoMLSimpleApplication@2c2765b2
----------------- Done invoking toplevel() on ptolemy.moml.MoMLSimpleApplication@2c2765b2
reloadAllAccessors: .TimeDelay

===========================================================================================
----------------- testing Sun Apr 26 14:05:37 UTC 2020 /home/travis/build/icyphy/ptII/ptolemy/domains/continuous/test/auto/TimeDelay2.xml
----------------- Instantiating /home/travis/build/icyphy/ptII/ptolemy/domains/continuous/test/auto/TimeDelay2.xml
7 ms. Memory: 284672K Free: 219582K (77%)
----------------- Invoking toplevel() on ptolemy.moml.MoMLSimpleApplication@6b08dd8a
----------------- Done invoking toplevel() on ptolemy.moml.MoMLSimpleApplication@6b08dd8a
reloadAllAccessors: .TimeDelay2

===========================================================================================
----------------- testing Sun Apr 26 14:05:37 UTC 2020 /home/travis/build/icyphy/ptII/ptolemy/domains/continuous/test/auto/TimeDelay3.xml
----------------- Instantiating /home/travis/build/icyphy/ptII/ptolemy/domains/continuous/test/auto/TimeDelay3.xml
4 ms. Memory: 284672K Free: 214974K (76%)
----------------- Invoking toplevel() on ptolemy.moml.MoMLSimpleApplication@6b5ccd2
----------------- Done invoking toplevel() on ptolemy.moml.MoMLSimpleApplication@6b5ccd2
reloadAllAccessors: .TimeDelay3

===========================================================================================
----------------- testing Sun Apr 26 14:05:37 UTC 2020 /home/travis/build/icyphy/ptII/ptolemy/domains/continuous/test/auto/TransferAbsentToInside.xml
----------------- Instantiating /home/travis/build/icyphy/ptII/ptolemy/domains/continuous/test/auto/TransferAbsentToInside.xml
29 ms. Memory: 284672K Free: 162232K (57%)
----------------- Invoking toplevel() on ptolemy.moml.MoMLSimpleApplication@47e87a2c
----------------- Done invoking toplevel() on ptolemy.moml.MoMLSimpleApplication@47e87a2c
reloadAllAccessors: .TransferAbsentToInside

===========================================================================================
----------------- testing Sun Apr 26 14:05:38 UTC 2020 /home/travis/build/icyphy/ptII/ptolemy/domains/continuous/test/auto/Transmission.xml
----------------- Instantiating /home/travis/build/icyphy/ptII/ptolemy/domains/continuous/test/auto/Transmission.xml
724 ms. Memory: 284672K Free: 260015K (91%)
----------------- Invoking toplevel() on ptolemy.moml.MoMLSimpleApplication@7b7de043
----------------- Done invoking toplevel() on ptolemy.moml.MoMLSimpleApplication@7b7de043
reloadAllAccessors: .Transmission

===========================================================================================
----------------- testing Sun Apr 26 14:05:38 UTC 2020 /home/travis/build/icyphy/ptII/ptolemy/domains/continuous/test/auto/TriggeredContinuousClock.xml
----------------- Instantiating /home/travis/build/icyphy/ptII/ptolemy/domains/continuous/test/auto/TriggeredContinuousClock.xml
36 ms. Memory: 284672K Free: 230319K (81%)
----------------- Invoking toplevel() on ptolemy.moml.MoMLSimpleApplication@dad9d65
----------------- Done invoking toplevel() on ptolemy.moml.MoMLSimpleApplication@dad9d65
reloadAllAccessors: .TriggeredContinuousClock

===========================================================================================
----------------- testing Sun Apr 26 14:05:38 UTC 2020 /home/travis/build/icyphy/ptII/ptolemy/domains/continuous/test/auto/TwoMachineInfiniteBusControl.xml
----------------- Instantiating /home/travis/build/icyphy/ptII/ptolemy/domains/continuous/test/auto/TwoMachineInfiniteBusControl.xml
2671 ms. Memory: 284672K Free: 167294K (59%)
----------------- Invoking toplevel() on ptolemy.moml.MoMLSimpleApplication@1e300fa7
----------------- Done invoking toplevel() on ptolemy.moml.MoMLSimpleApplication@1e300fa7
reloadAllAccessors: .TwoMachineInfiniteBusControl

===========================================================================================
----------------- testing Sun Apr 26 14:05:41 UTC 2020 /home/travis/build/icyphy/ptII/ptolemy/domains/continuous/test/auto/V2V.xml
----------------- Instantiating /home/travis/build/icyphy/ptII/ptolemy/domains/continuous/test/auto/V2V.xml
746 ms. Memory: 284672K Free: 143193K (50%)
----------------- Invoking toplevel() on ptolemy.moml.MoMLSimpleApplication@8808e0c
----------------- Done invoking toplevel() on ptolemy.moml.MoMLSimpleApplication@8808e0c
reloadAllAccessors: .V2V

===========================================================================================
----------------- testing Sun Apr 26 14:05:42 UTC 2020 /home/travis/build/icyphy/ptII/ptolemy/domains/continuous/test/auto/hierarchicalModalModel.xml
----------------- Instantiating /home/travis/build/icyphy/ptII/ptolemy/domains/continuous/test/auto/hierarchicalModalModel.xml
24 ms. Memory: 284672K Free: 128873K (45%)
----------------- Invoking toplevel() on ptolemy.moml.MoMLSimpleApplication@573a72a5
----------------- Done invoking toplevel() on ptolemy.moml.MoMLSimpleApplication@573a72a5
reloadAllAccessors: .hierarchicalModalModel

===========================================================================================
----------------- testing Sun Apr 26 14:05:42 UTC 2020 /home/travis/build/icyphy/ptII/ptolemy/domains/continuous/test/auto/hierarchicalModalModel1.xml
----------------- Instantiating /home/travis/build/icyphy/ptII/ptolemy/domains/continuous/test/auto/hierarchicalModalModel1.xml
9 ms. Memory: 284672K Free: 114551K (40%)
----------------- Invoking toplevel() on ptolemy.moml.MoMLSimpleApplication@56258d2b
----------------- Done invoking toplevel() on ptolemy.moml.MoMLSimpleApplication@56258d2b
reloadAllAccessors: .hierarchicalModalModel1

===========================================================================================
----------------- testing Sun Apr 26 14:05:42 UTC 2020 /home/travis/build/icyphy/ptII/ptolemy/domains/continuous/test/auto/hierarchicalModalModel2.xml
----------------- Instantiating /home/travis/build/icyphy/ptII/ptolemy/domains/continuous/test/auto/hierarchicalModalModel2.xml
6 ms. Memory: 284672K Free: 102249K (36%)
----------------- Invoking toplevel() on ptolemy.moml.MoMLSimpleApplication@779eb8fb
----------------- Done invoking toplevel() on ptolemy.moml.MoMLSimpleApplication@779eb8fb
reloadAllAccessors: .hierarchicalModalModel2

===========================================================================================
----------------- testing Sun Apr 26 14:05:42 UTC 2020 /home/travis/build/icyphy/ptII/ptolemy/domains/continuous/test/auto/hierarchicalModalModel3.xml
----------------- Instantiating /home/travis/build/icyphy/ptII/ptolemy/domains/continuous/test/auto/hierarchicalModalModel3.xml
6 ms. Memory: 284672K Free: 254835K (90%)
----------------- Invoking toplevel() on ptolemy.moml.MoMLSimpleApplication@32299aa2
----------------- Done invoking toplevel() on ptolemy.moml.MoMLSimpleApplication@32299aa2
reloadAllAccessors: .hierarchicalModalModel3

===========================================================================================
----------------- testing Sun Apr 26 14:05:42 UTC 2020 /home/travis/build/icyphy/ptII/ptolemy/domains/continuous/test/auto/hierarchicalModalModel4.xml
----------------- Instantiating /home/travis/build/icyphy/ptII/ptolemy/domains/continuous/test/auto/hierarchicalModalModel4.xml
7 ms. Memory: 284672K Free: 243057K (85%)
----------------- Invoking toplevel() on ptolemy.moml.MoMLSimpleApplication@45d9478e
----------------- Done invoking toplevel() on ptolemy.moml.MoMLSimpleApplication@45d9478e
reloadAllAccessors: .hierarchicalModalModel4

===========================================================================================
----------------- testing Sun Apr 26 14:05:42 UTC 2020 /home/travis/build/icyphy/ptII/ptolemy/domains/continuous/test/auto/junk.xml
----------------- Instantiating /home/travis/build/icyphy/ptII/ptolemy/domains/continuous/test/auto/junk.xml
113 ms. Memory: 284672K Free: 214899K (75%)
----------------- Invoking toplevel() on ptolemy.moml.MoMLSimpleApplication@6efc849
----------------- Done invoking toplevel() on ptolemy.moml.MoMLSimpleApplication@6efc849
reloadAllAccessors: .junk
AutoTests.java: About to close Vertx.
AutoTests.java: Vertx closed.
]]></system-out>
  <system-err><![CDATA[Warning: '.Poisson.NonStrictTest' The test produced only 417 tokens, yet the correctValues parameter was expecting 430 tokens.
]]></system-err>
</testsuite>
