<?xml version="1.0" encoding="UTF-8" ?>
<testsuite errors="0" failures="0" hostname="travis-job-e3b149f3-9216-45ab-b3ea-9b36c6bbcfc6" name="ptolemy.domains.sdf.lib.test.junit.JUnitTclTest" skipped="0" tests="82" time="8.317" timestamp="2019-12-25T07:05:51">
  <properties>
[...]
</properties>
  <testcase classname="ptolemy.util.test.junit.TclTests" name="[0] /home/travis/build/icyphy/ptII/ptolemy/domains/sdf/lib/test/ArrayToSequence.tcl (RunTclFile)" time="0.504" />
  <testcase classname="ptolemy.util.test.junit.TclTests" name="[1] /home/travis/build/icyphy/ptII/ptolemy/domains/sdf/lib/test/BitsToInt.tcl (RunTclFile)" time="0.037" />
  <testcase classname="ptolemy.util.test.junit.TclTests" name="[2] /home/travis/build/icyphy/ptII/ptolemy/domains/sdf/lib/test/DelayLine.tcl (RunTclFile)" time="0.021" />
  <testcase classname="ptolemy.util.test.junit.TclTests" name="[3] /home/travis/build/icyphy/ptII/ptolemy/domains/sdf/lib/test/FFT.tcl (RunTclFile)" time="0.017" />
  <testcase classname="ptolemy.util.test.junit.TclTests" name="[4] /home/travis/build/icyphy/ptII/ptolemy/domains/sdf/lib/test/FIR.tcl (RunTclFile)" time="0.223" />
  <testcase classname="ptolemy.util.test.junit.TclTests" name="[5] /home/travis/build/icyphy/ptII/ptolemy/domains/sdf/lib/test/IntToBits.tcl (RunTclFile)" time="0.058" />
  <testcase classname="ptolemy.util.test.junit.TclTests" name="[6] /home/travis/build/icyphy/ptII/ptolemy/domains/sdf/lib/test/MaximumEntropySpectrum.tcl (RunTclFile)" time="0.34" />
  <testcase classname="ptolemy.util.test.junit.TclTests" name="[7] /home/travis/build/icyphy/ptII/ptolemy/domains/sdf/lib/test/Repeat.tcl (RunTclFile)" time="0.024" />
  <testcase classname="ptolemy.util.test.junit.TclTests" name="[8] /home/travis/build/icyphy/ptII/ptolemy/domains/sdf/lib/test/SampleDelay.tcl (RunTclFile)" time="0.098" />
  <testcase classname="ptolemy.util.test.junit.TclTests" name="[9] /home/travis/build/icyphy/ptII/ptolemy/domains/sdf/lib/test/SequenceToArray.tcl (RunTclFile)" time="0.065" />
  <testcase classname="ptolemy.util.test.junit.AutoKnownFailedTests" name="[0] ThereAreNoKnowFailedTests (RunModel)" time="0.006" />
  <testcase classname="ptolemy.util.test.junit.AutoNameArchTests" name="[0] ThereAreNoAutoArchTests (RunModel)" time="0.001" />
  <testcase classname="ptolemy.util.test.junit.AutoTests" name="[0] /home/travis/build/icyphy/ptII/ptolemy/domains/sdf/lib/test/auto/ArrayToSequence.xml (RunModel)" time="0.245" />
  <testcase classname="ptolemy.util.test.junit.AutoTests" name="[1] /home/travis/build/icyphy/ptII/ptolemy/domains/sdf/lib/test/auto/ArrayToSequenceTest.xml (RunModel)" time="0.073" />
  <testcase classname="ptolemy.util.test.junit.AutoTests" name="[2] /home/travis/build/icyphy/ptII/ptolemy/domains/sdf/lib/test/auto/Autocorrelation.xml (RunModel)" time="0.063" />
  <testcase classname="ptolemy.util.test.junit.AutoTests" name="[3] /home/travis/build/icyphy/ptII/ptolemy/domains/sdf/lib/test/auto/Autocorrelation2.xml (RunModel)" time="0.075" />
  <testcase classname="ptolemy.util.test.junit.AutoTests" name="[4] /home/travis/build/icyphy/ptII/ptolemy/domains/sdf/lib/test/auto/Autocorrelation3.xml (RunModel)" time="0.041" />
  <testcase classname="ptolemy.util.test.junit.AutoTests" name="[5] /home/travis/build/icyphy/ptII/ptolemy/domains/sdf/lib/test/auto/Autocorrelation4.xml (RunModel)" time="0.021" />
  <testcase classname="ptolemy.util.test.junit.AutoTests" name="[6] /home/travis/build/icyphy/ptII/ptolemy/domains/sdf/lib/test/auto/Autocorrelation5.xml (RunModel)" time="0.077" />
  <testcase classname="ptolemy.util.test.junit.AutoTests" name="[7] /home/travis/build/icyphy/ptII/ptolemy/domains/sdf/lib/test/auto/BitsToInt.xml (RunModel)" time="0.041" />
  <testcase classname="ptolemy.util.test.junit.AutoTests" name="[8] /home/travis/build/icyphy/ptII/ptolemy/domains/sdf/lib/test/auto/BooleanJoin.xml (RunModel)" time="0.053" />
  <testcase classname="ptolemy.util.test.junit.AutoTests" name="[9] /home/travis/build/icyphy/ptII/ptolemy/domains/sdf/lib/test/auto/BootstrapSampleDelay.xml (RunModel)" time="0.052" />
  <testcase classname="ptolemy.util.test.junit.AutoTests" name="[10] /home/travis/build/icyphy/ptII/ptolemy/domains/sdf/lib/test/auto/Chop.xml (RunModel)" time="0.071" />
  <testcase classname="ptolemy.util.test.junit.AutoTests" name="[11] /home/travis/build/icyphy/ptII/ptolemy/domains/sdf/lib/test/auto/Chop2.xml (RunModel)" time="0.032" />
  <testcase classname="ptolemy.util.test.junit.AutoTests" name="[12] /home/travis/build/icyphy/ptII/ptolemy/domains/sdf/lib/test/auto/ComplexJoin.xml (RunModel)" time="0.04" />
  <testcase classname="ptolemy.util.test.junit.AutoTests" name="[13] /home/travis/build/icyphy/ptII/ptolemy/domains/sdf/lib/test/auto/CountTrues.xml (RunModel)" time="0.032" />
  <testcase classname="ptolemy.util.test.junit.AutoTests" name="[14] /home/travis/build/icyphy/ptII/ptolemy/domains/sdf/lib/test/auto/DelayLine.xml (RunModel)" time="0.042" />
  <testcase classname="ptolemy.util.test.junit.AutoTests" name="[15] /home/travis/build/icyphy/ptII/ptolemy/domains/sdf/lib/test/auto/DotProduct.xml (RunModel)" time="0.035" />
  <testcase classname="ptolemy.util.test.junit.AutoTests" name="[16] /home/travis/build/icyphy/ptII/ptolemy/domains/sdf/lib/test/auto/DotProductMatrix.xml (RunModel)" time="0.022" />
  <testcase classname="ptolemy.util.test.junit.AutoTests" name="[17] /home/travis/build/icyphy/ptII/ptolemy/domains/sdf/lib/test/auto/DownSample1.xml (RunModel)" time="0.028" />
  <testcase classname="ptolemy.util.test.junit.AutoTests" name="[18] /home/travis/build/icyphy/ptII/ptolemy/domains/sdf/lib/test/auto/DynamicRateChange.xml (RunModel)" time="0.035" />
  <testcase classname="ptolemy.util.test.junit.AutoTests" name="[19] /home/travis/build/icyphy/ptII/ptolemy/domains/sdf/lib/test/auto/DynamicRates.xml (RunModel)" time="0.033" />
  <testcase classname="ptolemy.util.test.junit.AutoTests" name="[20] /home/travis/build/icyphy/ptII/ptolemy/domains/sdf/lib/test/auto/FFT1.xml (RunModel)" time="0.035" />
  <testcase classname="ptolemy.util.test.junit.AutoTests" name="[21] /home/travis/build/icyphy/ptII/ptolemy/domains/sdf/lib/test/auto/FIR1.xml (RunModel)" time="0.06" />
  <testcase classname="ptolemy.util.test.junit.AutoTests" name="[22] /home/travis/build/icyphy/ptII/ptolemy/domains/sdf/lib/test/auto/FIR2.xml (RunModel)" time="0.024" />
  <testcase classname="ptolemy.util.test.junit.AutoTests" name="[23] /home/travis/build/icyphy/ptII/ptolemy/domains/sdf/lib/test/auto/FIR4.xml (RunModel)" time="0.059" />
  <testcase classname="ptolemy.util.test.junit.AutoTests" name="[24] /home/travis/build/icyphy/ptII/ptolemy/domains/sdf/lib/test/auto/FixJoin.xml (RunModel)" time="0.042" />
  <testcase classname="ptolemy.util.test.junit.AutoTests" name="[25] /home/travis/build/icyphy/ptII/ptolemy/domains/sdf/lib/test/auto/IntJoin1.xml (RunModel)" time="0.024" />
  <testcase classname="ptolemy.util.test.junit.AutoTests" name="[26] /home/travis/build/icyphy/ptII/ptolemy/domains/sdf/lib/test/auto/IntJoin2.xml (RunModel)" time="0.025" />
  <testcase classname="ptolemy.util.test.junit.AutoTests" name="[27] /home/travis/build/icyphy/ptII/ptolemy/domains/sdf/lib/test/auto/IntJoin3.xml (RunModel)" time="0.018" />
  <testcase classname="ptolemy.util.test.junit.AutoTests" name="[28] /home/travis/build/icyphy/ptII/ptolemy/domains/sdf/lib/test/auto/IntJoin4.xml (RunModel)" time="0.021" />
  <testcase classname="ptolemy.util.test.junit.AutoTests" name="[29] /home/travis/build/icyphy/ptII/ptolemy/domains/sdf/lib/test/auto/IntJoin5.xml (RunModel)" time="0.018" />
  <testcase classname="ptolemy.util.test.junit.AutoTests" name="[30] /home/travis/build/icyphy/ptII/ptolemy/domains/sdf/lib/test/auto/IntToBits.xml (RunModel)" time="0.012" />
  <testcase classname="ptolemy.util.test.junit.AutoTests" name="[31] /home/travis/build/icyphy/ptII/ptolemy/domains/sdf/lib/test/auto/LMSAdaptive.xml (RunModel)" time="0.057" />
  <testcase classname="ptolemy.util.test.junit.AutoTests" name="[32] /home/travis/build/icyphy/ptII/ptolemy/domains/sdf/lib/test/auto/LMSAdaptiveFIR.xml (RunModel)" time="0.368" />
  <testcase classname="ptolemy.util.test.junit.AutoTests" name="[33] /home/travis/build/icyphy/ptII/ptolemy/domains/sdf/lib/test/auto/LMSAdaptiveFIR2.xml (RunModel)" time="0.44" />
  <testcase classname="ptolemy.util.test.junit.AutoTests" name="[34] /home/travis/build/icyphy/ptII/ptolemy/domains/sdf/lib/test/auto/LongJoin.xml (RunModel)" time="0.031" />
  <testcase classname="ptolemy.util.test.junit.AutoTests" name="[35] /home/travis/build/icyphy/ptII/ptolemy/domains/sdf/lib/test/auto/Matrix1.xml (RunModel)" time="0.026" />
  <testcase classname="ptolemy.util.test.junit.AutoTests" name="[36] /home/travis/build/icyphy/ptII/ptolemy/domains/sdf/lib/test/auto/Matrix2.xml (RunModel)" time="0.04" />
  <testcase classname="ptolemy.util.test.junit.AutoTests" name="[37] /home/travis/build/icyphy/ptII/ptolemy/domains/sdf/lib/test/auto/MatrixJoin1.xml (RunModel)" time="0.035" />
  <testcase classname="ptolemy.util.test.junit.AutoTests" name="[38] /home/travis/build/icyphy/ptII/ptolemy/domains/sdf/lib/test/auto/MatrixJoin2.xml (RunModel)" time="0.026" />
  <testcase classname="ptolemy.util.test.junit.AutoTests" name="[39] /home/travis/build/icyphy/ptII/ptolemy/domains/sdf/lib/test/auto/MatrixJoin3.xml (RunModel)" time="0.027" />
  <testcase classname="ptolemy.util.test.junit.AutoTests" name="[40] /home/travis/build/icyphy/ptII/ptolemy/domains/sdf/lib/test/auto/MatrixJoin4.xml (RunModel)" time="0.021" />
  <testcase classname="ptolemy.util.test.junit.AutoTests" name="[41] /home/travis/build/icyphy/ptII/ptolemy/domains/sdf/lib/test/auto/MatrixJoin5.xml (RunModel)" time="0.02" />
  <testcase classname="ptolemy.util.test.junit.AutoTests" name="[42] /home/travis/build/icyphy/ptII/ptolemy/domains/sdf/lib/test/auto/MatrixSplit1.xml (RunModel)" time="0.023" />
  <testcase classname="ptolemy.util.test.junit.AutoTests" name="[43] /home/travis/build/icyphy/ptII/ptolemy/domains/sdf/lib/test/auto/MatrixSplit10.xml (RunModel)" time="0.015" />
  <testcase classname="ptolemy.util.test.junit.AutoTests" name="[44] /home/travis/build/icyphy/ptII/ptolemy/domains/sdf/lib/test/auto/MatrixSplit11.xml (RunModel)" time="0.014" />
  <testcase classname="ptolemy.util.test.junit.AutoTests" name="[45] /home/travis/build/icyphy/ptII/ptolemy/domains/sdf/lib/test/auto/MatrixSplit12.xml (RunModel)" time="0.017" />
  <testcase classname="ptolemy.util.test.junit.AutoTests" name="[46] /home/travis/build/icyphy/ptII/ptolemy/domains/sdf/lib/test/auto/MatrixSplit13.xml (RunModel)" time="0.021" />
  <testcase classname="ptolemy.util.test.junit.AutoTests" name="[47] /home/travis/build/icyphy/ptII/ptolemy/domains/sdf/lib/test/auto/MatrixSplit14.xml (RunModel)" time="0.013" />
  <testcase classname="ptolemy.util.test.junit.AutoTests" name="[48] /home/travis/build/icyphy/ptII/ptolemy/domains/sdf/lib/test/auto/MatrixSplit2.xml (RunModel)" time="0.011" />
  <testcase classname="ptolemy.util.test.junit.AutoTests" name="[49] /home/travis/build/icyphy/ptII/ptolemy/domains/sdf/lib/test/auto/MatrixSplit3.xml (RunModel)" time="0.014" />
  <testcase classname="ptolemy.util.test.junit.AutoTests" name="[50] /home/travis/build/icyphy/ptII/ptolemy/domains/sdf/lib/test/auto/MatrixSplit4.xml (RunModel)" time="0.011" />
  <testcase classname="ptolemy.util.test.junit.AutoTests" name="[51] /home/travis/build/icyphy/ptII/ptolemy/domains/sdf/lib/test/auto/MatrixSplit5.xml (RunModel)" time="0.017" />
  <testcase classname="ptolemy.util.test.junit.AutoTests" name="[52] /home/travis/build/icyphy/ptII/ptolemy/domains/sdf/lib/test/auto/MatrixSplit6.xml (RunModel)" time="0.012" />
  <testcase classname="ptolemy.util.test.junit.AutoTests" name="[53] /home/travis/build/icyphy/ptII/ptolemy/domains/sdf/lib/test/auto/MatrixSplit7.xml (RunModel)" time="0.014" />
  <testcase classname="ptolemy.util.test.junit.AutoTests" name="[54] /home/travis/build/icyphy/ptII/ptolemy/domains/sdf/lib/test/auto/MatrixSplit8.xml (RunModel)" time="0.014" />
  <testcase classname="ptolemy.util.test.junit.AutoTests" name="[55] /home/travis/build/icyphy/ptII/ptolemy/domains/sdf/lib/test/auto/MatrixSplit9.xml (RunModel)" time="0.025" />
  <testcase classname="ptolemy.util.test.junit.AutoTests" name="[56] /home/travis/build/icyphy/ptII/ptolemy/domains/sdf/lib/test/auto/MatrixToSequence.xml (RunModel)" time="0.035" />
  <testcase classname="ptolemy.util.test.junit.AutoTests" name="[57] /home/travis/build/icyphy/ptII/ptolemy/domains/sdf/lib/test/auto/MaximumEntropySpectrum.xml (RunModel)" time="0.084" />
  <testcase classname="ptolemy.util.test.junit.AutoTests" name="[58] /home/travis/build/icyphy/ptII/ptolemy/domains/sdf/lib/test/auto/SampleDelayConversion.xml (RunModel)" time="0.017" />
  <testcase classname="ptolemy.util.test.junit.AutoTests" name="[59] /home/travis/build/icyphy/ptII/ptolemy/domains/sdf/lib/test/auto/SequenceToArray.xml (RunModel)" time="0.048" />
  <testcase classname="ptolemy.util.test.junit.AutoTests" name="[60] /home/travis/build/icyphy/ptII/ptolemy/domains/sdf/lib/test/auto/SequenceToMatrix.xml (RunModel)" time="3.12" />
  <testcase classname="ptolemy.util.test.junit.AutoTests" name="[61] /home/travis/build/icyphy/ptII/ptolemy/domains/sdf/lib/test/auto/SmoothedPeriodogram.xml (RunModel)" time="0.059" />
  <testcase classname="ptolemy.util.test.junit.AutoTests" name="[62] /home/travis/build/icyphy/ptII/ptolemy/domains/sdf/lib/test/auto/UpDownSample1.xml (RunModel)" time="0.011" />
  <testcase classname="ptolemy.util.test.junit.AutoTests" name="[63] /home/travis/build/icyphy/ptII/ptolemy/domains/sdf/lib/test/auto/UpSample1.xml (RunModel)" time="0.008" />
  <testcase classname="ptolemy.util.test.junit.AutoTests" name="[64] /home/travis/build/icyphy/ptII/ptolemy/domains/sdf/lib/test/auto/VariableFIR.xml (RunModel)" time="0.016" />
  <testcase classname="ptolemy.util.test.junit.AutoTests" name="[65] /home/travis/build/icyphy/ptII/ptolemy/domains/sdf/lib/test/auto/VariableFIR2.xml (RunModel)" time="0.02" />
  <testcase classname="ptolemy.util.test.junit.AutoTests" name="[66] /home/travis/build/icyphy/ptII/ptolemy/domains/sdf/lib/test/auto/VariableLattice.xml (RunModel)" time="0.024" />
  <testcase classname="ptolemy.util.test.junit.AutoTests" name="[67] /home/travis/build/icyphy/ptII/ptolemy/domains/sdf/lib/test/auto/VariableLattice2.xml (RunModel)" time="0.018" />
  <testcase classname="ptolemy.util.test.junit.AutoTests" name="[68] /home/travis/build/icyphy/ptII/ptolemy/domains/sdf/lib/test/auto/VariableRecursiveLattice.xml (RunModel)" time="0.018" />
  <testcase classname="ptolemy.util.test.junit.AutoTests" name="[69] /home/travis/build/icyphy/ptII/ptolemy/domains/sdf/lib/test/auto/VariableRecursiveLattice2.xml (RunModel)" time="0.02" />
  <system-out><![CDATA[/home/travis/build/icyphy/ptII/ptolemy/domains/sdf/lib/test/ArrayToSequence.tcl
testDefs.tcl: setting time out to 9000 seconds at Wed Dec 25 07:05:51 UTC 2019
55 ms. Memory: 129024K Free: 95686K (74%)
10 ms. Memory: 129024K Free: 93638K (73%)
19 ms. Memory: 129024K Free: 91575K (71%)
11 ms. Memory: 129024K Free: 90056K (70%)
/home/travis/build/icyphy/ptII/ptolemy/domains/sdf/lib/test/BitsToInt.tcl
9 ms. Memory: 129024K Free: 88487K (69%)
7 ms. Memory: 129024K Free: 86439K (67%)
/home/travis/build/icyphy/ptII/ptolemy/domains/sdf/lib/test/DelayLine.tcl
7 ms. Memory: 129024K Free: 84936K (66%)
/home/travis/build/icyphy/ptII/ptolemy/domains/sdf/lib/test/FFT.tcl
5 ms. Memory: 129024K Free: 82888K (64%)
/home/travis/build/icyphy/ptII/ptolemy/domains/sdf/lib/test/FIR.tcl
11 ms. Memory: 129024K Free: 81350K (63%)
105 ms. Memory: 129024K Free: 76744K (59%)
ptolemy.kernel.util.IllegalActionException: multiplyReverse method not supported between ptolemy.data.FixToken 'fix(-0.0625,6,2)' and ptolemy.data.IntToken '1' because the types are incomparable.
  in .top.FIRclone
Because:
multiplyReverse method not supported between ptolemy.data.FixToken 'fix(-0.0625,6,2)' and ptolemy.data.IntToken '1' because the types are incomparable.
30 ms. Memory: 129024K Free: 74696K (58%)
/home/travis/build/icyphy/ptII/ptolemy/domains/sdf/lib/test/IntToBits.tcl
9 ms. Memory: 129024K Free: 73158K (57%)
13 ms. Memory: 129024K Free: 71624K (56%)
/home/travis/build/icyphy/ptII/ptolemy/domains/sdf/lib/test/MaximumEntropySpectrum.tcl
/home/travis/build/icyphy/ptII/ptolemy/domains/sdf/lib/test/Repeat.tcl
7 ms. Memory: 129024K Free: 50120K (39%)
/home/travis/build/icyphy/ptII/ptolemy/domains/sdf/lib/test/SampleDelay.tcl
35 ms. Memory: 129024K Free: 114632K (89%)
6 ms. Memory: 129024K Free: 113930K (88%)
10 ms. Memory: 129024K Free: 113094K (88%)
11 ms. Memory: 129024K Free: 112039K (87%)
2 ms. Memory: 129024K Free: 111560K (86%)
10 ms. Memory: 129024K Free: 111015K (86%)
/home/travis/build/icyphy/ptII/ptolemy/domains/sdf/lib/test/SequenceToArray.tcl
12 ms. Memory: 129024K Free: 109512K (85%)
12 ms. Memory: 129024K Free: 108488K (84%)
15 ms. Memory: 129024K Free: 106950K (83%)
6 ms. Memory: 129024K Free: 105911K (82%)
12/25/19 07:05:53
Failed: 0  Total Tests: 41  ((Passed: 41, Newly Passed: 0)  Known Failed: 0) /home/travis/build/icyphy/ptII/ptolemy/domains/sdf/lib/test
No auto/knownFailedTests/*.xml tests in /home/travis/build/icyphy/ptII/ptolemy/domains/sdf/lib/test
No auto/linux-amd64/*.xml tests in /home/travis/build/icyphy/ptII/ptolemy/domains/sdf/lib/test
AutoTests.java: About to close Vertx.
AutoTests.java: Vertx closed.

===========================================================================================
----------------- testing Wed Dec 25 07:05:53 UTC 2019 /home/travis/build/icyphy/ptII/ptolemy/domains/sdf/lib/test/auto/ArrayToSequence.xml
----------------- Instantiating /home/travis/build/icyphy/ptII/ptolemy/domains/sdf/lib/test/auto/ArrayToSequence.xml
33 ms. Memory: 129024K Free: 93519K (72%)
----------------- Invoking toplevel() on ptolemy.moml.MoMLSimpleApplication@7a853793
----------------- Done invoking toplevel() on ptolemy.moml.MoMLSimpleApplication@7a853793
reloadAllAccessors: .ArrayToSequence

===========================================================================================
----------------- testing Wed Dec 25 07:05:53 UTC 2019 /home/travis/build/icyphy/ptII/ptolemy/domains/sdf/lib/test/auto/ArrayToSequenceTest.xml
----------------- Instantiating /home/travis/build/icyphy/ptII/ptolemy/domains/sdf/lib/test/auto/ArrayToSequenceTest.xml
17 ms. Memory: 129024K Free: 87632K (68%)
----------------- Invoking toplevel() on ptolemy.moml.MoMLSimpleApplication@5ad1bec0
----------------- Done invoking toplevel() on ptolemy.moml.MoMLSimpleApplication@5ad1bec0
reloadAllAccessors: .ArrayToSequenceTest

===========================================================================================
----------------- testing Wed Dec 25 07:05:53 UTC 2019 /home/travis/build/icyphy/ptII/ptolemy/domains/sdf/lib/test/auto/Autocorrelation.xml
----------------- Instantiating /home/travis/build/icyphy/ptII/ptolemy/domains/sdf/lib/test/auto/Autocorrelation.xml
5 ms. Memory: 129024K Free: 111648K (87%)
----------------- Invoking toplevel() on ptolemy.moml.MoMLSimpleApplication@7dccbb5a
----------------- Done invoking toplevel() on ptolemy.moml.MoMLSimpleApplication@7dccbb5a
reloadAllAccessors: .Autocorrelation

===========================================================================================
----------------- testing Wed Dec 25 07:05:53 UTC 2019 /home/travis/build/icyphy/ptII/ptolemy/domains/sdf/lib/test/auto/Autocorrelation2.xml
----------------- Instantiating /home/travis/build/icyphy/ptII/ptolemy/domains/sdf/lib/test/auto/Autocorrelation2.xml
10 ms. Memory: 129024K Free: 106839K (83%)
----------------- Invoking toplevel() on ptolemy.moml.MoMLSimpleApplication@6a93a34a
----------------- Done invoking toplevel() on ptolemy.moml.MoMLSimpleApplication@6a93a34a
reloadAllAccessors: .Autocorrelation2

===========================================================================================
----------------- testing Wed Dec 25 07:05:53 UTC 2019 /home/travis/build/icyphy/ptII/ptolemy/domains/sdf/lib/test/auto/Autocorrelation3.xml
----------------- Instantiating /home/travis/build/icyphy/ptII/ptolemy/domains/sdf/lib/test/auto/Autocorrelation3.xml
8 ms. Memory: 129024K Free: 103401K (80%)
----------------- Invoking toplevel() on ptolemy.moml.MoMLSimpleApplication@1afcbb4e
----------------- Done invoking toplevel() on ptolemy.moml.MoMLSimpleApplication@1afcbb4e
reloadAllAccessors: .Autocorrelation3

===========================================================================================
----------------- testing Wed Dec 25 07:05:53 UTC 2019 /home/travis/build/icyphy/ptII/ptolemy/domains/sdf/lib/test/auto/Autocorrelation4.xml
----------------- Instantiating /home/travis/build/icyphy/ptII/ptolemy/domains/sdf/lib/test/auto/Autocorrelation4.xml
8 ms. Memory: 129024K Free: 99281K (77%)
----------------- Invoking toplevel() on ptolemy.moml.MoMLSimpleApplication@560c6353
----------------- Done invoking toplevel() on ptolemy.moml.MoMLSimpleApplication@560c6353
reloadAllAccessors: .Autocorrelation4

===========================================================================================
----------------- testing Wed Dec 25 07:05:54 UTC 2019 /home/travis/build/icyphy/ptII/ptolemy/domains/sdf/lib/test/auto/Autocorrelation5.xml
----------------- Instantiating /home/travis/build/icyphy/ptII/ptolemy/domains/sdf/lib/test/auto/Autocorrelation5.xml
29 ms. Memory: 129024K Free: 92041K (71%)
----------------- Invoking toplevel() on ptolemy.moml.MoMLSimpleApplication@3e072838
----------------- Done invoking toplevel() on ptolemy.moml.MoMLSimpleApplication@3e072838
reloadAllAccessors: .Autocorrelation5

===========================================================================================
----------------- testing Wed Dec 25 07:05:54 UTC 2019 /home/travis/build/icyphy/ptII/ptolemy/domains/sdf/lib/test/auto/BitsToInt.xml
----------------- Instantiating /home/travis/build/icyphy/ptII/ptolemy/domains/sdf/lib/test/auto/BitsToInt.xml
10 ms. Memory: 129024K Free: 89081K (69%)
----------------- Invoking toplevel() on ptolemy.moml.MoMLSimpleApplication@63c3f58d
----------------- Done invoking toplevel() on ptolemy.moml.MoMLSimpleApplication@63c3f58d
reloadAllAccessors: .BitsToInt

===========================================================================================
----------------- testing Wed Dec 25 07:05:54 UTC 2019 /home/travis/build/icyphy/ptII/ptolemy/domains/sdf/lib/test/auto/BooleanJoin.xml
----------------- Instantiating /home/travis/build/icyphy/ptII/ptolemy/domains/sdf/lib/test/auto/BooleanJoin.xml
11 ms. Memory: 129024K Free: 84591K (66%)
----------------- Invoking toplevel() on ptolemy.moml.MoMLSimpleApplication@351bd8d8
----------------- Done invoking toplevel() on ptolemy.moml.MoMLSimpleApplication@351bd8d8
reloadAllAccessors: .BooleanJoin

===========================================================================================
----------------- testing Wed Dec 25 07:05:54 UTC 2019 /home/travis/build/icyphy/ptII/ptolemy/domains/sdf/lib/test/auto/BootstrapSampleDelay.xml
----------------- Instantiating /home/travis/build/icyphy/ptII/ptolemy/domains/sdf/lib/test/auto/BootstrapSampleDelay.xml
20 ms. Memory: 129024K Free: 80494K (62%)
----------------- Invoking toplevel() on ptolemy.moml.MoMLSimpleApplication@6779e9b9
----------------- Done invoking toplevel() on ptolemy.moml.MoMLSimpleApplication@6779e9b9
reloadAllAccessors: .BootstrapSampleDelay

===========================================================================================
----------------- testing Wed Dec 25 07:05:54 UTC 2019 /home/travis/build/icyphy/ptII/ptolemy/domains/sdf/lib/test/auto/Chop.xml
----------------- Instantiating /home/travis/build/icyphy/ptII/ptolemy/domains/sdf/lib/test/auto/Chop.xml
12 ms. Memory: 162816K Free: 146625K (90%)
----------------- Invoking toplevel() on ptolemy.moml.MoMLSimpleApplication@2694a1a9
----------------- Done invoking toplevel() on ptolemy.moml.MoMLSimpleApplication@2694a1a9
reloadAllAccessors: .Chop

===========================================================================================
----------------- testing Wed Dec 25 07:05:54 UTC 2019 /home/travis/build/icyphy/ptII/ptolemy/domains/sdf/lib/test/auto/Chop2.xml
----------------- Instantiating /home/travis/build/icyphy/ptII/ptolemy/domains/sdf/lib/test/auto/Chop2.xml
4 ms. Memory: 162816K Free: 140107K (86%)
----------------- Invoking toplevel() on ptolemy.moml.MoMLSimpleApplication@2c6f67ae
----------------- Done invoking toplevel() on ptolemy.moml.MoMLSimpleApplication@2c6f67ae
reloadAllAccessors: .Chop2

===========================================================================================
----------------- testing Wed Dec 25 07:05:54 UTC 2019 /home/travis/build/icyphy/ptII/ptolemy/domains/sdf/lib/test/auto/ComplexJoin.xml
----------------- Instantiating /home/travis/build/icyphy/ptII/ptolemy/domains/sdf/lib/test/auto/ComplexJoin.xml
7 ms. Memory: 162816K Free: 135754K (83%)
----------------- Invoking toplevel() on ptolemy.moml.MoMLSimpleApplication@18f1cad
----------------- Done invoking toplevel() on ptolemy.moml.MoMLSimpleApplication@18f1cad
reloadAllAccessors: .ComplexJoin

===========================================================================================
----------------- testing Wed Dec 25 07:05:54 UTC 2019 /home/travis/build/icyphy/ptII/ptolemy/domains/sdf/lib/test/auto/CountTrues.xml
----------------- Instantiating /home/travis/build/icyphy/ptII/ptolemy/domains/sdf/lib/test/auto/CountTrues.xml
6 ms. Memory: 162816K Free: 132187K (81%)
----------------- Invoking toplevel() on ptolemy.moml.MoMLSimpleApplication@19a12ae9
----------------- Done invoking toplevel() on ptolemy.moml.MoMLSimpleApplication@19a12ae9
reloadAllAccessors: .CountTrues

===========================================================================================
----------------- testing Wed Dec 25 07:05:54 UTC 2019 /home/travis/build/icyphy/ptII/ptolemy/domains/sdf/lib/test/auto/DelayLine.xml
----------------- Instantiating /home/travis/build/icyphy/ptII/ptolemy/domains/sdf/lib/test/auto/DelayLine.xml
6 ms. Memory: 162816K Free: 127177K (78%)
----------------- Invoking toplevel() on ptolemy.moml.MoMLSimpleApplication@6852704c
----------------- Done invoking toplevel() on ptolemy.moml.MoMLSimpleApplication@6852704c
reloadAllAccessors: .DelayLine

===========================================================================================
----------------- testing Wed Dec 25 07:05:54 UTC 2019 /home/travis/build/icyphy/ptII/ptolemy/domains/sdf/lib/test/auto/DotProduct.xml
----------------- Instantiating /home/travis/build/icyphy/ptII/ptolemy/domains/sdf/lib/test/auto/DotProduct.xml
6 ms. Memory: 162816K Free: 123723K (76%)
----------------- Invoking toplevel() on ptolemy.moml.MoMLSimpleApplication@38d1c3d2
----------------- Done invoking toplevel() on ptolemy.moml.MoMLSimpleApplication@38d1c3d2
reloadAllAccessors: .DotProduct

===========================================================================================
----------------- testing Wed Dec 25 07:05:54 UTC 2019 /home/travis/build/icyphy/ptII/ptolemy/domains/sdf/lib/test/auto/DotProductMatrix.xml
----------------- Instantiating /home/travis/build/icyphy/ptII/ptolemy/domains/sdf/lib/test/auto/DotProductMatrix.xml
3 ms. Memory: 162816K Free: 121026K (74%)
----------------- Invoking toplevel() on ptolemy.moml.MoMLSimpleApplication@2d49a2d2
----------------- Done invoking toplevel() on ptolemy.moml.MoMLSimpleApplication@2d49a2d2
reloadAllAccessors: .DotProductMatrix

===========================================================================================
----------------- testing Wed Dec 25 07:05:54 UTC 2019 /home/travis/build/icyphy/ptII/ptolemy/domains/sdf/lib/test/auto/DownSample1.xml
----------------- Instantiating /home/travis/build/icyphy/ptII/ptolemy/domains/sdf/lib/test/auto/DownSample1.xml
4 ms. Memory: 162816K Free: 117968K (72%)
----------------- Invoking toplevel() on ptolemy.moml.MoMLSimpleApplication@255f3f4
----------------- Done invoking toplevel() on ptolemy.moml.MoMLSimpleApplication@255f3f4
reloadAllAccessors: .DownSample1

===========================================================================================
----------------- testing Wed Dec 25 07:05:54 UTC 2019 /home/travis/build/icyphy/ptII/ptolemy/domains/sdf/lib/test/auto/DynamicRateChange.xml
----------------- Instantiating /home/travis/build/icyphy/ptII/ptolemy/domains/sdf/lib/test/auto/DynamicRateChange.xml
11 ms. Memory: 162816K Free: 111824K (69%)
----------------- Invoking toplevel() on ptolemy.moml.MoMLSimpleApplication@15a43ca
----------------- Done invoking toplevel() on ptolemy.moml.MoMLSimpleApplication@15a43ca
reloadAllAccessors: .DynamicRateChange

===========================================================================================
----------------- testing Wed Dec 25 07:05:54 UTC 2019 /home/travis/build/icyphy/ptII/ptolemy/domains/sdf/lib/test/auto/DynamicRates.xml
----------------- Instantiating /home/travis/build/icyphy/ptII/ptolemy/domains/sdf/lib/test/auto/DynamicRates.xml
8 ms. Memory: 162816K Free: 107082K (66%)
----------------- Invoking toplevel() on ptolemy.moml.MoMLSimpleApplication@1481bd8d
----------------- Done invoking toplevel() on ptolemy.moml.MoMLSimpleApplication@1481bd8d
reloadAllAccessors: .DynamicRates

===========================================================================================
----------------- testing Wed Dec 25 07:05:54 UTC 2019 /home/travis/build/icyphy/ptII/ptolemy/domains/sdf/lib/test/auto/FFT1.xml
----------------- Instantiating /home/travis/build/icyphy/ptII/ptolemy/domains/sdf/lib/test/auto/FFT1.xml
7 ms. Memory: 162816K Free: 102232K (63%)
----------------- Invoking toplevel() on ptolemy.moml.MoMLSimpleApplication@99d9ea8
----------------- Done invoking toplevel() on ptolemy.moml.MoMLSimpleApplication@99d9ea8
reloadAllAccessors: .FFT1

===========================================================================================
----------------- testing Wed Dec 25 07:05:54 UTC 2019 /home/travis/build/icyphy/ptII/ptolemy/domains/sdf/lib/test/auto/FIR1.xml
----------------- Instantiating /home/travis/build/icyphy/ptII/ptolemy/domains/sdf/lib/test/auto/FIR1.xml
25 ms. Memory: 162816K Free: 95440K (59%)
----------------- Invoking toplevel() on ptolemy.moml.MoMLSimpleApplication@1ed235c
----------------- Done invoking toplevel() on ptolemy.moml.MoMLSimpleApplication@1ed235c
reloadAllAccessors: .FIR1

===========================================================================================
----------------- testing Wed Dec 25 07:05:54 UTC 2019 /home/travis/build/icyphy/ptII/ptolemy/domains/sdf/lib/test/auto/FIR2.xml
----------------- Instantiating /home/travis/build/icyphy/ptII/ptolemy/domains/sdf/lib/test/auto/FIR2.xml
2 ms. Memory: 162816K Free: 91722K (56%)
----------------- Invoking toplevel() on ptolemy.moml.MoMLSimpleApplication@57666b4f
----------------- Done invoking toplevel() on ptolemy.moml.MoMLSimpleApplication@57666b4f
reloadAllAccessors: .FIR2

===========================================================================================
----------------- testing Wed Dec 25 07:05:54 UTC 2019 /home/travis/build/icyphy/ptII/ptolemy/domains/sdf/lib/test/auto/FIR4.xml
----------------- Instantiating /home/travis/build/icyphy/ptII/ptolemy/domains/sdf/lib/test/auto/FIR4.xml
7 ms. Memory: 162816K Free: 140910K (87%)
----------------- Invoking toplevel() on ptolemy.moml.MoMLSimpleApplication@2d353a59
----------------- Done invoking toplevel() on ptolemy.moml.MoMLSimpleApplication@2d353a59
reloadAllAccessors: .FIR4

===========================================================================================
----------------- testing Wed Dec 25 07:05:54 UTC 2019 /home/travis/build/icyphy/ptII/ptolemy/domains/sdf/lib/test/auto/FixJoin.xml
----------------- Instantiating /home/travis/build/icyphy/ptII/ptolemy/domains/sdf/lib/test/auto/FixJoin.xml
3 ms. Memory: 162816K Free: 136327K (84%)
----------------- Invoking toplevel() on ptolemy.moml.MoMLSimpleApplication@6dfc8abb
----------------- Done invoking toplevel() on ptolemy.moml.MoMLSimpleApplication@6dfc8abb
reloadAllAccessors: .FixJoin

===========================================================================================
----------------- testing Wed Dec 25 07:05:54 UTC 2019 /home/travis/build/icyphy/ptII/ptolemy/domains/sdf/lib/test/auto/IntJoin1.xml
----------------- Instantiating /home/travis/build/icyphy/ptII/ptolemy/domains/sdf/lib/test/auto/IntJoin1.xml
2 ms. Memory: 162816K Free: 131746K (81%)
----------------- Invoking toplevel() on ptolemy.moml.MoMLSimpleApplication@34704987
----------------- Done invoking toplevel() on ptolemy.moml.MoMLSimpleApplication@34704987
reloadAllAccessors: .IntJoin1

===========================================================================================
----------------- testing Wed Dec 25 07:05:54 UTC 2019 /home/travis/build/icyphy/ptII/ptolemy/domains/sdf/lib/test/auto/IntJoin2.xml
----------------- Instantiating /home/travis/build/icyphy/ptII/ptolemy/domains/sdf/lib/test/auto/IntJoin2.xml
4 ms. Memory: 162816K Free: 127089K (78%)
----------------- Invoking toplevel() on ptolemy.moml.MoMLSimpleApplication@7a22c05b
----------------- Done invoking toplevel() on ptolemy.moml.MoMLSimpleApplication@7a22c05b
reloadAllAccessors: .IntJoin2

===========================================================================================
----------------- testing Wed Dec 25 07:05:54 UTC 2019 /home/travis/build/icyphy/ptII/ptolemy/domains/sdf/lib/test/auto/IntJoin3.xml
----------------- Instantiating /home/travis/build/icyphy/ptII/ptolemy/domains/sdf/lib/test/auto/IntJoin3.xml
2 ms. Memory: 162816K Free: 123001K (76%)
----------------- Invoking toplevel() on ptolemy.moml.MoMLSimpleApplication@5684d938
----------------- Done invoking toplevel() on ptolemy.moml.MoMLSimpleApplication@5684d938
reloadAllAccessors: .IntJoin3

===========================================================================================
----------------- testing Wed Dec 25 07:05:54 UTC 2019 /home/travis/build/icyphy/ptII/ptolemy/domains/sdf/lib/test/auto/IntJoin4.xml
----------------- Instantiating /home/travis/build/icyphy/ptII/ptolemy/domains/sdf/lib/test/auto/IntJoin4.xml
2 ms. Memory: 162816K Free: 118404K (73%)
----------------- Invoking toplevel() on ptolemy.moml.MoMLSimpleApplication@6bd632bd
----------------- Done invoking toplevel() on ptolemy.moml.MoMLSimpleApplication@6bd632bd
reloadAllAccessors: .IntJoin4

===========================================================================================
----------------- testing Wed Dec 25 07:05:54 UTC 2019 /home/travis/build/icyphy/ptII/ptolemy/domains/sdf/lib/test/auto/IntJoin5.xml
----------------- Instantiating /home/travis/build/icyphy/ptII/ptolemy/domains/sdf/lib/test/auto/IntJoin5.xml
2 ms. Memory: 162816K Free: 114316K (70%)
----------------- Invoking toplevel() on ptolemy.moml.MoMLSimpleApplication@7155bd4b
----------------- Done invoking toplevel() on ptolemy.moml.MoMLSimpleApplication@7155bd4b
reloadAllAccessors: .IntJoin5

===========================================================================================
----------------- testing Wed Dec 25 07:05:54 UTC 2019 /home/travis/build/icyphy/ptII/ptolemy/domains/sdf/lib/test/auto/IntToBits.xml
----------------- Instantiating /home/travis/build/icyphy/ptII/ptolemy/domains/sdf/lib/test/auto/IntToBits.xml
2 ms. Memory: 162816K Free: 110689K (68%)
----------------- Invoking toplevel() on ptolemy.moml.MoMLSimpleApplication@3741d5d0
----------------- Done invoking toplevel() on ptolemy.moml.MoMLSimpleApplication@3741d5d0
reloadAllAccessors: .IntToBits

===========================================================================================
----------------- testing Wed Dec 25 07:05:54 UTC 2019 /home/travis/build/icyphy/ptII/ptolemy/domains/sdf/lib/test/auto/LMSAdaptive.xml
----------------- Instantiating /home/travis/build/icyphy/ptII/ptolemy/domains/sdf/lib/test/auto/LMSAdaptive.xml
10 ms. Memory: 162816K Free: 102520K (63%)
----------------- Invoking toplevel() on ptolemy.moml.MoMLSimpleApplication@4d0bdc40
----------------- Done invoking toplevel() on ptolemy.moml.MoMLSimpleApplication@4d0bdc40
reloadAllAccessors: .LMSAdaptive

===========================================================================================
----------------- testing Wed Dec 25 07:05:55 UTC 2019 /home/travis/build/icyphy/ptII/ptolemy/domains/sdf/lib/test/auto/LMSAdaptiveFIR.xml
----------------- Instantiating /home/travis/build/icyphy/ptII/ptolemy/domains/sdf/lib/test/auto/LMSAdaptiveFIR.xml
276 ms. Memory: 162816K Free: 139189K (85%)
----------------- Invoking toplevel() on ptolemy.moml.MoMLSimpleApplication@544a1e77
----------------- Done invoking toplevel() on ptolemy.moml.MoMLSimpleApplication@544a1e77
reloadAllAccessors: .LMSAdaptiveFIR

===========================================================================================
----------------- testing Wed Dec 25 07:05:55 UTC 2019 /home/travis/build/icyphy/ptII/ptolemy/domains/sdf/lib/test/auto/LMSAdaptiveFIR2.xml
----------------- Instantiating /home/travis/build/icyphy/ptII/ptolemy/domains/sdf/lib/test/auto/LMSAdaptiveFIR2.xml
351 ms. Memory: 162816K Free: 80153K (49%)
----------------- Invoking toplevel() on ptolemy.moml.MoMLSimpleApplication@2fb193ec
----------------- Done invoking toplevel() on ptolemy.moml.MoMLSimpleApplication@2fb193ec
reloadAllAccessors: .LMSAdaptiveFIR2

===========================================================================================
----------------- testing Wed Dec 25 07:05:55 UTC 2019 /home/travis/build/icyphy/ptII/ptolemy/domains/sdf/lib/test/auto/LongJoin.xml
----------------- Instantiating /home/travis/build/icyphy/ptII/ptolemy/domains/sdf/lib/test/auto/LongJoin.xml
3 ms. Memory: 162816K Free: 75547K (46%)
----------------- Invoking toplevel() on ptolemy.moml.MoMLSimpleApplication@5bd7dccd
----------------- Done invoking toplevel() on ptolemy.moml.MoMLSimpleApplication@5bd7dccd
reloadAllAccessors: .LongJoin

===========================================================================================
----------------- testing Wed Dec 25 07:05:55 UTC 2019 /home/travis/build/icyphy/ptII/ptolemy/domains/sdf/lib/test/auto/Matrix1.xml
----------------- Instantiating /home/travis/build/icyphy/ptII/ptolemy/domains/sdf/lib/test/auto/Matrix1.xml
11 ms. Memory: 162816K Free: 71961K (44%)
----------------- Invoking toplevel() on ptolemy.moml.MoMLSimpleApplication@2b6669e3
----------------- Done invoking toplevel() on ptolemy.moml.MoMLSimpleApplication@2b6669e3
reloadAllAccessors: .Matrix1

===========================================================================================
----------------- testing Wed Dec 25 07:05:55 UTC 2019 /home/travis/build/icyphy/ptII/ptolemy/domains/sdf/lib/test/auto/Matrix2.xml
----------------- Instantiating /home/travis/build/icyphy/ptII/ptolemy/domains/sdf/lib/test/auto/Matrix2.xml
3 ms. Memory: 162816K Free: 67865K (42%)
----------------- Invoking toplevel() on ptolemy.moml.MoMLSimpleApplication@1e90d66c
----------------- Done invoking toplevel() on ptolemy.moml.MoMLSimpleApplication@1e90d66c
reloadAllAccessors: .Matrix2

===========================================================================================
----------------- testing Wed Dec 25 07:05:55 UTC 2019 /home/travis/build/icyphy/ptII/ptolemy/domains/sdf/lib/test/auto/MatrixJoin1.xml
----------------- Instantiating /home/travis/build/icyphy/ptII/ptolemy/domains/sdf/lib/test/auto/MatrixJoin1.xml
2 ms. Memory: 162816K Free: 146121K (90%)
----------------- Invoking toplevel() on ptolemy.moml.MoMLSimpleApplication@71d212bf
----------------- Done invoking toplevel() on ptolemy.moml.MoMLSimpleApplication@71d212bf
reloadAllAccessors: .MatrixJoin1

===========================================================================================
----------------- testing Wed Dec 25 07:05:55 UTC 2019 /home/travis/build/icyphy/ptII/ptolemy/domains/sdf/lib/test/auto/MatrixJoin2.xml
----------------- Instantiating /home/travis/build/icyphy/ptII/ptolemy/domains/sdf/lib/test/auto/MatrixJoin2.xml
3 ms. Memory: 162816K Free: 141322K (87%)
----------------- Invoking toplevel() on ptolemy.moml.MoMLSimpleApplication@69b9626c
----------------- Done invoking toplevel() on ptolemy.moml.MoMLSimpleApplication@69b9626c
reloadAllAccessors: .MatrixJoin2

===========================================================================================
----------------- testing Wed Dec 25 07:05:56 UTC 2019 /home/travis/build/icyphy/ptII/ptolemy/domains/sdf/lib/test/auto/MatrixJoin3.xml
----------------- Instantiating /home/travis/build/icyphy/ptII/ptolemy/domains/sdf/lib/test/auto/MatrixJoin3.xml
7 ms. Memory: 162816K Free: 136716K (84%)
----------------- Invoking toplevel() on ptolemy.moml.MoMLSimpleApplication@791148c7
----------------- Done invoking toplevel() on ptolemy.moml.MoMLSimpleApplication@791148c7
reloadAllAccessors: .MatrixJoin3

===========================================================================================
----------------- testing Wed Dec 25 07:05:56 UTC 2019 /home/travis/build/icyphy/ptII/ptolemy/domains/sdf/lib/test/auto/MatrixJoin4.xml
----------------- Instantiating /home/travis/build/icyphy/ptII/ptolemy/domains/sdf/lib/test/auto/MatrixJoin4.xml
2 ms. Memory: 162816K Free: 132620K (81%)
----------------- Invoking toplevel() on ptolemy.moml.MoMLSimpleApplication@142ebc76
----------------- Done invoking toplevel() on ptolemy.moml.MoMLSimpleApplication@142ebc76
reloadAllAccessors: .MatrixJoin4

===========================================================================================
----------------- testing Wed Dec 25 07:05:56 UTC 2019 /home/travis/build/icyphy/ptII/ptolemy/domains/sdf/lib/test/auto/MatrixJoin5.xml
----------------- Instantiating /home/travis/build/icyphy/ptII/ptolemy/domains/sdf/lib/test/auto/MatrixJoin5.xml
1 ms. Memory: 162816K Free: 128524K (79%)
----------------- Invoking toplevel() on ptolemy.moml.MoMLSimpleApplication@66d5b8a4
----------------- Done invoking toplevel() on ptolemy.moml.MoMLSimpleApplication@66d5b8a4
reloadAllAccessors: .MatrixJoin5

===========================================================================================
----------------- testing Wed Dec 25 07:05:56 UTC 2019 /home/travis/build/icyphy/ptII/ptolemy/domains/sdf/lib/test/auto/MatrixSplit1.xml
----------------- Instantiating /home/travis/build/icyphy/ptII/ptolemy/domains/sdf/lib/test/auto/MatrixSplit1.xml
2 ms. Memory: 162816K Free: 122890K (75%)
----------------- Invoking toplevel() on ptolemy.moml.MoMLSimpleApplication@106a1001
----------------- Done invoking toplevel() on ptolemy.moml.MoMLSimpleApplication@106a1001
reloadAllAccessors: .MatrixSplit1

===========================================================================================
----------------- testing Wed Dec 25 07:05:56 UTC 2019 /home/travis/build/icyphy/ptII/ptolemy/domains/sdf/lib/test/auto/MatrixSplit10.xml
----------------- Instantiating /home/travis/build/icyphy/ptII/ptolemy/domains/sdf/lib/test/auto/MatrixSplit10.xml
2 ms. Memory: 162816K Free: 119818K (74%)
----------------- Invoking toplevel() on ptolemy.moml.MoMLSimpleApplication@7f5d0349
----------------- Done invoking toplevel() on ptolemy.moml.MoMLSimpleApplication@7f5d0349
reloadAllAccessors: .MatrixSplit10

===========================================================================================
----------------- testing Wed Dec 25 07:05:56 UTC 2019 /home/travis/build/icyphy/ptII/ptolemy/domains/sdf/lib/test/auto/MatrixSplit11.xml
----------------- Instantiating /home/travis/build/icyphy/ptII/ptolemy/domains/sdf/lib/test/auto/MatrixSplit11.xml
3 ms. Memory: 162816K Free: 116236K (71%)
----------------- Invoking toplevel() on ptolemy.moml.MoMLSimpleApplication@31bd16ad
----------------- Done invoking toplevel() on ptolemy.moml.MoMLSimpleApplication@31bd16ad
reloadAllAccessors: .MatrixSplit11

===========================================================================================
----------------- testing Wed Dec 25 07:05:56 UTC 2019 /home/travis/build/icyphy/ptII/ptolemy/domains/sdf/lib/test/auto/MatrixSplit12.xml
----------------- Instantiating /home/travis/build/icyphy/ptII/ptolemy/domains/sdf/lib/test/auto/MatrixSplit12.xml
2 ms. Memory: 162816K Free: 112650K (69%)
----------------- Invoking toplevel() on ptolemy.moml.MoMLSimpleApplication@61208a52
----------------- Done invoking toplevel() on ptolemy.moml.MoMLSimpleApplication@61208a52
reloadAllAccessors: .MatrixSplit12

===========================================================================================
----------------- testing Wed Dec 25 07:05:56 UTC 2019 /home/travis/build/icyphy/ptII/ptolemy/domains/sdf/lib/test/auto/MatrixSplit13.xml
----------------- Instantiating /home/travis/build/icyphy/ptII/ptolemy/domains/sdf/lib/test/auto/MatrixSplit13.xml
2 ms. Memory: 162816K Free: 109068K (67%)
----------------- Invoking toplevel() on ptolemy.moml.MoMLSimpleApplication@6a53b364
----------------- Done invoking toplevel() on ptolemy.moml.MoMLSimpleApplication@6a53b364
reloadAllAccessors: .MatrixSplit13

===========================================================================================
----------------- testing Wed Dec 25 07:05:56 UTC 2019 /home/travis/build/icyphy/ptII/ptolemy/domains/sdf/lib/test/auto/MatrixSplit14.xml
----------------- Instantiating /home/travis/build/icyphy/ptII/ptolemy/domains/sdf/lib/test/auto/MatrixSplit14.xml
2 ms. Memory: 162816K Free: 105482K (65%)
----------------- Invoking toplevel() on ptolemy.moml.MoMLSimpleApplication@5bedec7e
----------------- Done invoking toplevel() on ptolemy.moml.MoMLSimpleApplication@5bedec7e
reloadAllAccessors: .MatrixSplit14

===========================================================================================
----------------- testing Wed Dec 25 07:05:56 UTC 2019 /home/travis/build/icyphy/ptII/ptolemy/domains/sdf/lib/test/auto/MatrixSplit2.xml
----------------- Instantiating /home/travis/build/icyphy/ptII/ptolemy/domains/sdf/lib/test/auto/MatrixSplit2.xml
2 ms. Memory: 162816K Free: 101900K (63%)
----------------- Invoking toplevel() on ptolemy.moml.MoMLSimpleApplication@6d52168f
----------------- Done invoking toplevel() on ptolemy.moml.MoMLSimpleApplication@6d52168f
reloadAllAccessors: .MatrixSplit2

===========================================================================================
----------------- testing Wed Dec 25 07:05:56 UTC 2019 /home/travis/build/icyphy/ptII/ptolemy/domains/sdf/lib/test/auto/MatrixSplit3.xml
----------------- Instantiating /home/travis/build/icyphy/ptII/ptolemy/domains/sdf/lib/test/auto/MatrixSplit3.xml
2 ms. Memory: 162816K Free: 98314K (60%)
----------------- Invoking toplevel() on ptolemy.moml.MoMLSimpleApplication@b45cbf6
----------------- Done invoking toplevel() on ptolemy.moml.MoMLSimpleApplication@b45cbf6
reloadAllAccessors: .MatrixSplit3

===========================================================================================
----------------- testing Wed Dec 25 07:05:56 UTC 2019 /home/travis/build/icyphy/ptII/ptolemy/domains/sdf/lib/test/auto/MatrixSplit4.xml
----------------- Instantiating /home/travis/build/icyphy/ptII/ptolemy/domains/sdf/lib/test/auto/MatrixSplit4.xml
2 ms. Memory: 162816K Free: 94732K (58%)
----------------- Invoking toplevel() on ptolemy.moml.MoMLSimpleApplication@505ed3f5
----------------- Done invoking toplevel() on ptolemy.moml.MoMLSimpleApplication@505ed3f5
reloadAllAccessors: .MatrixSplit4

===========================================================================================
----------------- testing Wed Dec 25 07:05:56 UTC 2019 /home/travis/build/icyphy/ptII/ptolemy/domains/sdf/lib/test/auto/MatrixSplit5.xml
----------------- Instantiating /home/travis/build/icyphy/ptII/ptolemy/domains/sdf/lib/test/auto/MatrixSplit5.xml
7 ms. Memory: 162816K Free: 91146K (56%)
----------------- Invoking toplevel() on ptolemy.moml.MoMLSimpleApplication@1619a909
----------------- Done invoking toplevel() on ptolemy.moml.MoMLSimpleApplication@1619a909
reloadAllAccessors: .MatrixSplit5

===========================================================================================
----------------- testing Wed Dec 25 07:05:56 UTC 2019 /home/travis/build/icyphy/ptII/ptolemy/domains/sdf/lib/test/auto/MatrixSplit6.xml
----------------- Instantiating /home/travis/build/icyphy/ptII/ptolemy/domains/sdf/lib/test/auto/MatrixSplit6.xml
2 ms. Memory: 162816K Free: 87564K (54%)
----------------- Invoking toplevel() on ptolemy.moml.MoMLSimpleApplication@4e2493fe
----------------- Done invoking toplevel() on ptolemy.moml.MoMLSimpleApplication@4e2493fe
reloadAllAccessors: .MatrixSplit6

===========================================================================================
----------------- testing Wed Dec 25 07:05:56 UTC 2019 /home/travis/build/icyphy/ptII/ptolemy/domains/sdf/lib/test/auto/MatrixSplit7.xml
----------------- Instantiating /home/travis/build/icyphy/ptII/ptolemy/domains/sdf/lib/test/auto/MatrixSplit7.xml
2 ms. Memory: 162816K Free: 83978K (52%)
----------------- Invoking toplevel() on ptolemy.moml.MoMLSimpleApplication@721b183d
----------------- Done invoking toplevel() on ptolemy.moml.MoMLSimpleApplication@721b183d
reloadAllAccessors: .MatrixSplit7

===========================================================================================
----------------- testing Wed Dec 25 07:05:56 UTC 2019 /home/travis/build/icyphy/ptII/ptolemy/domains/sdf/lib/test/auto/MatrixSplit8.xml
----------------- Instantiating /home/travis/build/icyphy/ptII/ptolemy/domains/sdf/lib/test/auto/MatrixSplit8.xml
2 ms. Memory: 162816K Free: 80396K (49%)
----------------- Invoking toplevel() on ptolemy.moml.MoMLSimpleApplication@2c855e7f
----------------- Done invoking toplevel() on ptolemy.moml.MoMLSimpleApplication@2c855e7f
reloadAllAccessors: .MatrixSplit8

===========================================================================================
----------------- testing Wed Dec 25 07:05:56 UTC 2019 /home/travis/build/icyphy/ptII/ptolemy/domains/sdf/lib/test/auto/MatrixSplit9.xml
----------------- Instantiating /home/travis/build/icyphy/ptII/ptolemy/domains/sdf/lib/test/auto/MatrixSplit9.xml
4 ms. Memory: 162816K Free: 76810K (47%)
----------------- Invoking toplevel() on ptolemy.moml.MoMLSimpleApplication@743d6d7b
----------------- Done invoking toplevel() on ptolemy.moml.MoMLSimpleApplication@743d6d7b
reloadAllAccessors: .MatrixSplit9

===========================================================================================
----------------- testing Wed Dec 25 07:05:56 UTC 2019 /home/travis/build/icyphy/ptII/ptolemy/domains/sdf/lib/test/auto/MatrixToSequence.xml
----------------- Instantiating /home/travis/build/icyphy/ptII/ptolemy/domains/sdf/lib/test/auto/MatrixToSequence.xml
11 ms. Memory: 162816K Free: 67594K (42%)
----------------- Invoking toplevel() on ptolemy.moml.MoMLSimpleApplication@1ee9b658
----------------- Done invoking toplevel() on ptolemy.moml.MoMLSimpleApplication@1ee9b658
reloadAllAccessors: .MatrixToSequence

===========================================================================================
----------------- testing Wed Dec 25 07:05:56 UTC 2019 /home/travis/build/icyphy/ptII/ptolemy/domains/sdf/lib/test/auto/MaximumEntropySpectrum.xml
----------------- Instantiating /home/travis/build/icyphy/ptII/ptolemy/domains/sdf/lib/test/auto/MaximumEntropySpectrum.xml
10 ms. Memory: 162816K Free: 134157K (82%)
----------------- Invoking toplevel() on ptolemy.moml.MoMLSimpleApplication@951d3a5
----------------- Done invoking toplevel() on ptolemy.moml.MoMLSimpleApplication@951d3a5
reloadAllAccessors: .MaximumEntropySpectrum

===========================================================================================
----------------- testing Wed Dec 25 07:05:56 UTC 2019 /home/travis/build/icyphy/ptII/ptolemy/domains/sdf/lib/test/auto/SampleDelayConversion.xml
----------------- Instantiating /home/travis/build/icyphy/ptII/ptolemy/domains/sdf/lib/test/auto/SampleDelayConversion.xml
2 ms. Memory: 162816K Free: 130061K (80%)
----------------- Invoking toplevel() on ptolemy.moml.MoMLSimpleApplication@17844cc5
----------------- Done invoking toplevel() on ptolemy.moml.MoMLSimpleApplication@17844cc5
reloadAllAccessors: .SampleDelayConversion

===========================================================================================
----------------- testing Wed Dec 25 07:05:56 UTC 2019 /home/travis/build/icyphy/ptII/ptolemy/domains/sdf/lib/test/auto/SequenceToArray.xml
----------------- Instantiating /home/travis/build/icyphy/ptII/ptolemy/domains/sdf/lib/test/auto/SequenceToArray.xml
8 ms. Memory: 162816K Free: 119277K (73%)
----------------- Invoking toplevel() on ptolemy.moml.MoMLSimpleApplication@4d251e3b
----------------- Done invoking toplevel() on ptolemy.moml.MoMLSimpleApplication@4d251e3b
reloadAllAccessors: .SequenceToArray

===========================================================================================
----------------- testing Wed Dec 25 07:05:56 UTC 2019 /home/travis/build/icyphy/ptII/ptolemy/domains/sdf/lib/test/auto/SequenceToMatrix.xml
----------------- Instantiating /home/travis/build/icyphy/ptII/ptolemy/domains/sdf/lib/test/auto/SequenceToMatrix.xml
3096 ms. Memory: 162816K Free: 61630K (38%)
----------------- Invoking toplevel() on ptolemy.moml.MoMLSimpleApplication@110ca700
----------------- Done invoking toplevel() on ptolemy.moml.MoMLSimpleApplication@110ca700
reloadAllAccessors: .SequenceToMatrix

===========================================================================================
----------------- testing Wed Dec 25 07:05:59 UTC 2019 /home/travis/build/icyphy/ptII/ptolemy/domains/sdf/lib/test/auto/SmoothedPeriodogram.xml
----------------- Instantiating /home/travis/build/icyphy/ptII/ptolemy/domains/sdf/lib/test/auto/SmoothedPeriodogram.xml
8 ms. Memory: 162816K Free: 142012K (87%)
----------------- Invoking toplevel() on ptolemy.moml.MoMLSimpleApplication@5a608505
----------------- Done invoking toplevel() on ptolemy.moml.MoMLSimpleApplication@5a608505
reloadAllAccessors: .SmoothedPeriodogram

===========================================================================================
----------------- testing Wed Dec 25 07:05:59 UTC 2019 /home/travis/build/icyphy/ptII/ptolemy/domains/sdf/lib/test/auto/UpDownSample1.xml
----------------- Instantiating /home/travis/build/icyphy/ptII/ptolemy/domains/sdf/lib/test/auto/UpDownSample1.xml
2 ms. Memory: 162816K Free: 137916K (85%)
----------------- Invoking toplevel() on ptolemy.moml.MoMLSimpleApplication@6bdf299d
----------------- Done invoking toplevel() on ptolemy.moml.MoMLSimpleApplication@6bdf299d
reloadAllAccessors: .UpDownSample1

===========================================================================================
----------------- testing Wed Dec 25 07:05:59 UTC 2019 /home/travis/build/icyphy/ptII/ptolemy/domains/sdf/lib/test/auto/UpSample1.xml
----------------- Instantiating /home/travis/build/icyphy/ptII/ptolemy/domains/sdf/lib/test/auto/UpSample1.xml
2 ms. Memory: 162816K Free: 134334K (83%)
----------------- Invoking toplevel() on ptolemy.moml.MoMLSimpleApplication@1476928e
----------------- Done invoking toplevel() on ptolemy.moml.MoMLSimpleApplication@1476928e
reloadAllAccessors: .UpSample1

===========================================================================================
----------------- testing Wed Dec 25 07:05:59 UTC 2019 /home/travis/build/icyphy/ptII/ptolemy/domains/sdf/lib/test/auto/VariableFIR.xml
----------------- Instantiating /home/travis/build/icyphy/ptII/ptolemy/domains/sdf/lib/test/auto/VariableFIR.xml
3 ms. Memory: 162816K Free: 129214K (79%)
----------------- Invoking toplevel() on ptolemy.moml.MoMLSimpleApplication@2e6760b4
----------------- Done invoking toplevel() on ptolemy.moml.MoMLSimpleApplication@2e6760b4
reloadAllAccessors: .VariableFIR

===========================================================================================
----------------- testing Wed Dec 25 07:05:59 UTC 2019 /home/travis/build/icyphy/ptII/ptolemy/domains/sdf/lib/test/auto/VariableFIR2.xml
----------------- Instantiating /home/travis/build/icyphy/ptII/ptolemy/domains/sdf/lib/test/auto/VariableFIR2.xml
2 ms. Memory: 162816K Free: 124094K (76%)
----------------- Invoking toplevel() on ptolemy.moml.MoMLSimpleApplication@119fd4e8
----------------- Done invoking toplevel() on ptolemy.moml.MoMLSimpleApplication@119fd4e8
reloadAllAccessors: .VariableFIR2

===========================================================================================
----------------- testing Wed Dec 25 07:05:59 UTC 2019 /home/travis/build/icyphy/ptII/ptolemy/domains/sdf/lib/test/auto/VariableLattice.xml
----------------- Instantiating /home/travis/build/icyphy/ptII/ptolemy/domains/sdf/lib/test/auto/VariableLattice.xml
3 ms. Memory: 162816K Free: 117950K (72%)
----------------- Invoking toplevel() on ptolemy.moml.MoMLSimpleApplication@77d01d2d
----------------- Done invoking toplevel() on ptolemy.moml.MoMLSimpleApplication@77d01d2d
reloadAllAccessors: .VariableLattice

===========================================================================================
----------------- testing Wed Dec 25 07:05:59 UTC 2019 /home/travis/build/icyphy/ptII/ptolemy/domains/sdf/lib/test/auto/VariableLattice2.xml
----------------- Instantiating /home/travis/build/icyphy/ptII/ptolemy/domains/sdf/lib/test/auto/VariableLattice2.xml
1.0
-1.999999602036
1.9099998677481
-0.9099996420674
0.205
0.0
0.0
1.0
-0.25
-0.5
0.0
0.0
0.0
0.0
4 ms. Memory: 162816K Free: 113340K (70%)
----------------- Invoking toplevel() on ptolemy.moml.MoMLSimpleApplication@3ab518f9
----------------- Done invoking toplevel() on ptolemy.moml.MoMLSimpleApplication@3ab518f9
reloadAllAccessors: .VariableLattice2

===========================================================================================
----------------- testing Wed Dec 25 07:05:59 UTC 2019 /home/travis/build/icyphy/ptII/ptolemy/domains/sdf/lib/test/auto/VariableRecursiveLattice.xml
----------------- Instantiating /home/travis/build/icyphy/ptII/ptolemy/domains/sdf/lib/test/auto/VariableRecursiveLattice.xml
2 ms. Memory: 162816K Free: 108734K (67%)
----------------- Invoking toplevel() on ptolemy.moml.MoMLSimpleApplication@38e6f02a
----------------- Done invoking toplevel() on ptolemy.moml.MoMLSimpleApplication@38e6f02a
reloadAllAccessors: .VariableRecursiveLattice

===========================================================================================
----------------- testing Wed Dec 25 07:05:59 UTC 2019 /home/travis/build/icyphy/ptII/ptolemy/domains/sdf/lib/test/auto/VariableRecursiveLattice2.xml
----------------- Instantiating /home/travis/build/icyphy/ptII/ptolemy/domains/sdf/lib/test/auto/VariableRecursiveLattice2.xml
3 ms. Memory: 162816K Free: 105117K (65%)
----------------- Invoking toplevel() on ptolemy.moml.MoMLSimpleApplication@4aedde53
----------------- Done invoking toplevel() on ptolemy.moml.MoMLSimpleApplication@4aedde53
reloadAllAccessors: .VariableRecursiveLattice2
AutoTests.java: About to close Vertx.
AutoTests.java: Vertx closed.
]]></system-out>
  <system-err><![CDATA[]]></system-err>
</testsuite>
