<?xml version="1.0" encoding="UTF-8" ?>
<testsuite errors="0" failures="0" hostname="travis-job-d50f9a7a-c810-4a23-93e2-574e59981a5c" name="ptolemy.domains.de.test.junit.JUnitTclTest" skipped="0" tests="101" time="128.787" timestamp="2018-06-18T13:36:18">
  <properties>
[...]
</properties>
  <testcase classname="ptolemy.util.test.junit.TclTests" name="[0] /home/travis/build/icyphy/ptII/ptolemy/domains/de/test/DependencyLoop.tcl (RunTclFile)" time="0.724" />
  <testcase classname="ptolemy.util.test.junit.TclTests" name="[1] /home/travis/build/icyphy/ptII/ptolemy/domains/de/test/RunDETestsAsQSS.tcl (RunTclFile)" time="88.234" />
  <testcase classname="ptolemy.util.test.junit.AutoKnownFailedTests" name="[0] /home/travis/build/icyphy/ptII/ptolemy/domains/de/test/auto/knownFailedTests/DESDFClockTest.xml (RunModel)" time="2.036" />
  <testcase classname="ptolemy.util.test.junit.AutoKnownFailedTests" name="[1] /home/travis/build/icyphy/ptII/ptolemy/domains/de/test/auto/knownFailedTests/DirectFeedback.xml (RunModel)" time="0.015" />
  <testcase classname="ptolemy.util.test.junit.AutoKnownFailedTests" name="[2] /home/travis/build/icyphy/ptII/ptolemy/domains/de/test/auto/knownFailedTests/FSMSource.xml (RunModel)" time="0.026" />
  <testcase classname="ptolemy.util.test.junit.AutoKnownFailedTests" name="[3] /home/travis/build/icyphy/ptII/ptolemy/domains/de/test/auto/knownFailedTests/HierarchicalModel.xml (RunModel)" time="0.036" />
  <testcase classname="ptolemy.util.test.junit.AutoKnownFailedTests" name="[4] /home/travis/build/icyphy/ptII/ptolemy/domains/de/test/auto/knownFailedTests/dependencyLoop.xml (RunModel)" time="0.036" />
  <testcase classname="ptolemy.util.test.junit.AutoKnownFailedTests" name="[5] /home/travis/build/icyphy/ptII/ptolemy/domains/de/test/auto/knownFailedTests/dependencyLoop2.xml (RunModel)" time="0.038" />
  <testcase classname="ptolemy.util.test.junit.AutoNameArchTests" name="[0] ThereAreNoAutoArchTests (RunModel)" time="0.0" />
  <testcase classname="ptolemy.util.test.junit.AutoTests" name="[0] /home/travis/build/icyphy/ptII/ptolemy/domains/de/test/auto/ActorDepthCalculation_actorWithoutPorts.xml (RunModel)" time="0.012" />
  <testcase classname="ptolemy.util.test.junit.AutoTests" name="[1] /home/travis/build/icyphy/ptII/ptolemy/domains/de/test/auto/AssemblyLine.xml (RunModel)" time="0.016" />
  <testcase classname="ptolemy.util.test.junit.AutoTests" name="[2] /home/travis/build/icyphy/ptII/ptolemy/domains/de/test/auto/CQBug1.xml (RunModel)" time="0.007" />
  <testcase classname="ptolemy.util.test.junit.AutoTests" name="[3] /home/travis/build/icyphy/ptII/ptolemy/domains/de/test/auto/CancelFireAt.xml (RunModel)" time="0.006" />
  <testcase classname="ptolemy.util.test.junit.AutoTests" name="[4] /home/travis/build/icyphy/ptII/ptolemy/domains/de/test/auto/CausalityAndComposabilityAnalysis.xml (RunModel)" time="0.011" />
  <testcase classname="ptolemy.util.test.junit.AutoTests" name="[5] /home/travis/build/icyphy/ptII/ptolemy/domains/de/test/auto/CausalityInterface1.xml (RunModel)" time="0.013" />
  <testcase classname="ptolemy.util.test.junit.AutoTests" name="[6] /home/travis/build/icyphy/ptII/ptolemy/domains/de/test/auto/CausalityInterface15.xml (RunModel)" time="0.012" />
  <testcase classname="ptolemy.util.test.junit.AutoTests" name="[7] /home/travis/build/icyphy/ptII/ptolemy/domains/de/test/auto/CausalityInterface2.xml (RunModel)" time="0.01" />
  <testcase classname="ptolemy.util.test.junit.AutoTests" name="[8] /home/travis/build/icyphy/ptII/ptolemy/domains/de/test/auto/CausalityInterface3.xml (RunModel)" time="0.011" />
  <testcase classname="ptolemy.util.test.junit.AutoTests" name="[9] /home/travis/build/icyphy/ptII/ptolemy/domains/de/test/auto/ClockDrift.xml (RunModel)" time="0.033" />
  <testcase classname="ptolemy.util.test.junit.AutoTests" name="[10] /home/travis/build/icyphy/ptII/ptolemy/domains/de/test/auto/ClockDriftAndValueChange.xml (RunModel)" time="0.031" />
  <testcase classname="ptolemy.util.test.junit.AutoTests" name="[11] /home/travis/build/icyphy/ptII/ptolemy/domains/de/test/auto/ClockDriftChange.xml (RunModel)" time="0.019" />
  <testcase classname="ptolemy.util.test.junit.AutoTests" name="[12] /home/travis/build/icyphy/ptII/ptolemy/domains/de/test/auto/ComposableCausalityAnalysis.xml (RunModel)" time="0.017" />
  <testcase classname="ptolemy.util.test.junit.AutoTests" name="[13] /home/travis/build/icyphy/ptII/ptolemy/domains/de/test/auto/DEFixedPointLimitation.xml (RunModel)" time="0.007" />
  <testcase classname="ptolemy.util.test.junit.AutoTests" name="[14] /home/travis/build/icyphy/ptII/ptolemy/domains/de/test/auto/DEScheduleTest.xml (RunModel)" time="0.008" />
  <testcase classname="ptolemy.util.test.junit.AutoTests" name="[15] /home/travis/build/icyphy/ptII/ptolemy/domains/de/test/auto/DEinDEwithStartTimes.xml (RunModel)" time="0.01" />
  <testcase classname="ptolemy.util.test.junit.AutoTests" name="[16] /home/travis/build/icyphy/ptII/ptolemy/domains/de/test/auto/DEinDEwithStartTimes2.xml (RunModel)" time="0.01" />
  <testcase classname="ptolemy.util.test.junit.AutoTests" name="[17] /home/travis/build/icyphy/ptII/ptolemy/domains/de/test/auto/DateDemo.xml (RunModel)" time="0.019" />
  <testcase classname="ptolemy.util.test.junit.AutoTests" name="[18] /home/travis/build/icyphy/ptII/ptolemy/domains/de/test/auto/DateToEvent.xml (RunModel)" time="2.027" />
  <testcase classname="ptolemy.util.test.junit.AutoTests" name="[19] /home/travis/build/icyphy/ptII/ptolemy/domains/de/test/auto/DepthTest1.xml (RunModel)" time="0.005" />
  <testcase classname="ptolemy.util.test.junit.AutoTests" name="[20] /home/travis/build/icyphy/ptII/ptolemy/domains/de/test/auto/DepthTest2.xml (RunModel)" time="0.011" />
  <testcase classname="ptolemy.util.test.junit.AutoTests" name="[21] /home/travis/build/icyphy/ptII/ptolemy/domains/de/test/auto/DepthTest3.xml (RunModel)" time="0.005" />
  <testcase classname="ptolemy.util.test.junit.AutoTests" name="[22] /home/travis/build/icyphy/ptII/ptolemy/domains/de/test/auto/DepthTest4.xml (RunModel)" time="0.007" />
  <testcase classname="ptolemy.util.test.junit.AutoTests" name="[23] /home/travis/build/icyphy/ptII/ptolemy/domains/de/test/auto/DepthTest5.xml (RunModel)" time="0.008" />
  <testcase classname="ptolemy.util.test.junit.AutoTests" name="[24] /home/travis/build/icyphy/ptII/ptolemy/domains/de/test/auto/DepthTest6.xml (RunModel)" time="0.008" />
  <testcase classname="ptolemy.util.test.junit.AutoTests" name="[25] /home/travis/build/icyphy/ptII/ptolemy/domains/de/test/auto/DepthTest7.xml (RunModel)" time="0.007" />
  <testcase classname="ptolemy.util.test.junit.AutoTests" name="[26] /home/travis/build/icyphy/ptII/ptolemy/domains/de/test/auto/EventToDate.xml (RunModel)" time="3.023" />
  <testcase classname="ptolemy.util.test.junit.AutoTests" name="[27] /home/travis/build/icyphy/ptII/ptolemy/domains/de/test/auto/FSM1.xml (RunModel)" time="0.025" />
  <testcase classname="ptolemy.util.test.junit.AutoTests" name="[28] /home/travis/build/icyphy/ptII/ptolemy/domains/de/test/auto/FSM7.xml (RunModel)" time="0.034" />
  <testcase classname="ptolemy.util.test.junit.AutoTests" name="[29] /home/travis/build/icyphy/ptII/ptolemy/domains/de/test/auto/Inspection.xml (RunModel)" time="0.029" />
  <testcase classname="ptolemy.util.test.junit.AutoTests" name="[30] /home/travis/build/icyphy/ptII/ptolemy/domains/de/test/auto/Iteration.xml (RunModel)" time="0.014" />
  <testcase classname="ptolemy.util.test.junit.AutoTests" name="[31] /home/travis/build/icyphy/ptII/ptolemy/domains/de/test/auto/LineFault.xml (RunModel)" time="0.47" />
  <testcase classname="ptolemy.util.test.junit.AutoTests" name="[32] /home/travis/build/icyphy/ptII/ptolemy/domains/de/test/auto/MergeModel1Add.xml (RunModel)" time="0.048" />
  <testcase classname="ptolemy.util.test.junit.AutoTests" name="[33] /home/travis/build/icyphy/ptII/ptolemy/domains/de/test/auto/MergeModel2Add.xml (RunModel)" time="0.036" />
  <testcase classname="ptolemy.util.test.junit.AutoTests" name="[34] /home/travis/build/icyphy/ptII/ptolemy/domains/de/test/auto/MergeModel3Add.xml (RunModel)" time="0.045" />
  <testcase classname="ptolemy.util.test.junit.AutoTests" name="[35] /home/travis/build/icyphy/ptII/ptolemy/domains/de/test/auto/MergeWithoutDiscard.xml (RunModel)" time="0.011" />
  <testcase classname="ptolemy.util.test.junit.AutoTests" name="[36] /home/travis/build/icyphy/ptII/ptolemy/domains/de/test/auto/Modal1.xml (RunModel)" time="0.036" />
  <testcase classname="ptolemy.util.test.junit.AutoTests" name="[37] /home/travis/build/icyphy/ptII/ptolemy/domains/de/test/auto/Modal2.xml (RunModel)" time="0.033" />
  <testcase classname="ptolemy.util.test.junit.AutoTests" name="[38] /home/travis/build/icyphy/ptII/ptolemy/domains/de/test/auto/Modal3.xml (RunModel)" time="0.023" />
  <testcase classname="ptolemy.util.test.junit.AutoTests" name="[39] /home/travis/build/icyphy/ptII/ptolemy/domains/de/test/auto/Modal4.xml (RunModel)" time="0.023" />
  <testcase classname="ptolemy.util.test.junit.AutoTests" name="[40] /home/travis/build/icyphy/ptII/ptolemy/domains/de/test/auto/Modal5.xml (RunModel)" time="0.023" />
  <testcase classname="ptolemy.util.test.junit.AutoTests" name="[41] /home/travis/build/icyphy/ptII/ptolemy/domains/de/test/auto/Modal6.xml (RunModel)" time="0.022" />
  <testcase classname="ptolemy.util.test.junit.AutoTests" name="[42] /home/travis/build/icyphy/ptII/ptolemy/domains/de/test/auto/Modal7.xml (RunModel)" time="0.023" />
  <testcase classname="ptolemy.util.test.junit.AutoTests" name="[43] /home/travis/build/icyphy/ptII/ptolemy/domains/de/test/auto/ModalModel.xml (RunModel)" time="0.128" />
  <testcase classname="ptolemy.util.test.junit.AutoTests" name="[44] /home/travis/build/icyphy/ptII/ptolemy/domains/de/test/auto/ModalSource.xml (RunModel)" time="0.019" />
  <testcase classname="ptolemy.util.test.junit.AutoTests" name="[45] /home/travis/build/icyphy/ptII/ptolemy/domains/de/test/auto/NonInterruptibleTimerZeroDelay.xml (RunModel)" time="0.011" />
  <testcase classname="ptolemy.util.test.junit.AutoTests" name="[46] /home/travis/build/icyphy/ptII/ptolemy/domains/de/test/auto/OpenQueueingNetwork.xml (RunModel)" time="1.899" />
  <testcase classname="ptolemy.util.test.junit.AutoTests" name="[47] /home/travis/build/icyphy/ptII/ptolemy/domains/de/test/auto/OpenQueuingNetwork.xml (RunModel)" time="0.265" />
  <testcase classname="ptolemy.util.test.junit.AutoTests" name="[48] /home/travis/build/icyphy/ptII/ptolemy/domains/de/test/auto/PeriodicSampler.xml (RunModel)" time="0.012" />
  <testcase classname="ptolemy.util.test.junit.AutoTests" name="[49] /home/travis/build/icyphy/ptII/ptolemy/domains/de/test/auto/PersistentIO.xml (RunModel)" time="0.018" />
  <testcase classname="ptolemy.util.test.junit.AutoTests" name="[50] /home/travis/build/icyphy/ptII/ptolemy/domains/de/test/auto/PortParameterResetOnInitialize.xml (RunModel)" time="0.01" />
  <testcase classname="ptolemy.util.test.junit.AutoTests" name="[51] /home/travis/build/icyphy/ptII/ptolemy/domains/de/test/auto/PortParameterUpdates.xml (RunModel)" time="0.019" />
  <testcase classname="ptolemy.util.test.junit.AutoTests" name="[52] /home/travis/build/icyphy/ptII/ptolemy/domains/de/test/auto/QueueAndServer.xml (RunModel)" time="0.022" />
  <testcase classname="ptolemy.util.test.junit.AutoTests" name="[53] /home/travis/build/icyphy/ptII/ptolemy/domains/de/test/auto/Records.xml (RunModel)" time="0.018" />
  <testcase classname="ptolemy.util.test.junit.AutoTests" name="[54] /home/travis/build/icyphy/ptII/ptolemy/domains/de/test/auto/ResetTransitionWithStartTime1.xml (RunModel)" time="0.018" />
  <testcase classname="ptolemy.util.test.junit.AutoTests" name="[55] /home/travis/build/icyphy/ptII/ptolemy/domains/de/test/auto/ResetTransitionWithStartTime2.xml (RunModel)" time="0.016" />
  <testcase classname="ptolemy.util.test.junit.AutoTests" name="[56] /home/travis/build/icyphy/ptII/ptolemy/domains/de/test/auto/ResetTransitionWithStartTime3.xml (RunModel)" time="0.016" />
  <testcase classname="ptolemy.util.test.junit.AutoTests" name="[57] /home/travis/build/icyphy/ptII/ptolemy/domains/de/test/auto/ResetTransitionWithStartTime4.xml (RunModel)" time="0.019" />
  <testcase classname="ptolemy.util.test.junit.AutoTests" name="[58] /home/travis/build/icyphy/ptII/ptolemy/domains/de/test/auto/ResettableTimer1.xml (RunModel)" time="0.01" />
  <testcase classname="ptolemy.util.test.junit.AutoTests" name="[59] /home/travis/build/icyphy/ptII/ptolemy/domains/de/test/auto/ResettableTimer2.xml (RunModel)" time="0.01" />
  <testcase classname="ptolemy.util.test.junit.AutoTests" name="[60] /home/travis/build/icyphy/ptII/ptolemy/domains/de/test/auto/ResettableTimer3.xml (RunModel)" time="0.01" />
  <testcase classname="ptolemy.util.test.junit.AutoTests" name="[61] /home/travis/build/icyphy/ptII/ptolemy/domains/de/test/auto/ResettableTimer4.xml (RunModel)" time="0.011" />
  <testcase classname="ptolemy.util.test.junit.AutoTests" name="[62] /home/travis/build/icyphy/ptII/ptolemy/domains/de/test/auto/ResettableTimer5.xml (RunModel)" time="0.011" />
  <testcase classname="ptolemy.util.test.junit.AutoTests" name="[63] /home/travis/build/icyphy/ptII/ptolemy/domains/de/test/auto/ResettableTimer6.xml (RunModel)" time="0.019" />
  <testcase classname="ptolemy.util.test.junit.AutoTests" name="[64] /home/travis/build/icyphy/ptII/ptolemy/domains/de/test/auto/ServerZeroDelay.xml (RunModel)" time="0.012" />
  <testcase classname="ptolemy.util.test.junit.AutoTests" name="[65] /home/travis/build/icyphy/ptII/ptolemy/domains/de/test/auto/SmartSender.xml (RunModel)" time="3.007" />
  <testcase classname="ptolemy.util.test.junit.AutoTests" name="[66] /home/travis/build/icyphy/ptII/ptolemy/domains/de/test/auto/ThreadedComposite.xml (RunModel)" time="0.161" />
  <testcase classname="ptolemy.util.test.junit.AutoTests" name="[67] /home/travis/build/icyphy/ptII/ptolemy/domains/de/test/auto/Time.xml (RunModel)" time="0.414" />
  <testcase classname="ptolemy.util.test.junit.AutoTests" name="[68] /home/travis/build/icyphy/ptII/ptolemy/domains/de/test/auto/TimeDelayZeroDelay.xml (RunModel)" time="0.01" />
  <testcase classname="ptolemy.util.test.junit.AutoTests" name="[69] /home/travis/build/icyphy/ptII/ptolemy/domains/de/test/auto/TimerZeroDelay.xml (RunModel)" time="0.01" />
  <testcase classname="ptolemy.util.test.junit.AutoTests" name="[70] /home/travis/build/icyphy/ptII/ptolemy/domains/de/test/auto/TimingParadox.xml (RunModel)" time="0.345" />
  <testcase classname="ptolemy.util.test.junit.AutoTests" name="[71] /home/travis/build/icyphy/ptII/ptolemy/domains/de/test/auto/TransferInputs.xml (RunModel)" time="0.015" />
  <testcase classname="ptolemy.util.test.junit.AutoTests" name="[72] /home/travis/build/icyphy/ptII/ptolemy/domains/de/test/auto/TransferOutputs2.xml (RunModel)" time="0.016" />
  <testcase classname="ptolemy.util.test.junit.AutoTests" name="[73] /home/travis/build/icyphy/ptII/ptolemy/domains/de/test/auto/Trilateration.xml (RunModel)" time="12.272" />
  <testcase classname="ptolemy.util.test.junit.AutoTests" name="[74] /home/travis/build/icyphy/ptII/ptolemy/domains/de/test/auto/TwoSigmaDelta.xml (RunModel)" time="2.036" />
  <testcase classname="ptolemy.util.test.junit.AutoTests" name="[75] /home/travis/build/icyphy/ptII/ptolemy/domains/de/test/auto/VariableDelay.xml (RunModel)" time="0.011" />
  <testcase classname="ptolemy.util.test.junit.AutoTests" name="[76] /home/travis/build/icyphy/ptII/ptolemy/domains/de/test/auto/VariableDelay2.xml (RunModel)" time="0.01" />
  <testcase classname="ptolemy.util.test.junit.AutoTests" name="[77] /home/travis/build/icyphy/ptII/ptolemy/domains/de/test/auto/VariableDelayZeroDelay.xml (RunModel)" time="0.012" />
  <testcase classname="ptolemy.util.test.junit.AutoTests" name="[78] /home/travis/build/icyphy/ptII/ptolemy/domains/de/test/auto/VariableDelayZeroDelay2.xml (RunModel)" time="0.011" />
  <testcase classname="ptolemy.util.test.junit.AutoTests" name="[79] /home/travis/build/icyphy/ptII/ptolemy/domains/de/test/auto/deInCt.xml (RunModel)" time="0.014" />
  <testcase classname="ptolemy.util.test.junit.AutoTests" name="[80] /home/travis/build/icyphy/ptII/ptolemy/domains/de/test/auto/deInCt2.xml (RunModel)" time="0.019" />
  <testcase classname="ptolemy.util.test.junit.AutoTests" name="[81] /home/travis/build/icyphy/ptII/ptolemy/domains/de/test/auto/dynamicCausalityInterface1.xml (RunModel)" time="0.019" />
  <testcase classname="ptolemy.util.test.junit.AutoTests" name="[82] /home/travis/build/icyphy/ptII/ptolemy/domains/de/test/auto/fsm_de_test.xml (RunModel)" time="0.026" />
  <testcase classname="ptolemy.util.test.junit.AutoTests" name="[83] /home/travis/build/icyphy/ptII/ptolemy/domains/de/test/auto/functionDependencyReconstruction.xml (RunModel)" time="0.034" />
  <testcase classname="ptolemy.util.test.junit.AutoTests" name="[84] /home/travis/build/icyphy/ptII/ptolemy/domains/de/test/auto/multirate.xml (RunModel)" time="0.017" />
  <testcase classname="ptolemy.util.test.junit.AutoTests" name="[85] /home/travis/build/icyphy/ptII/ptolemy/domains/de/test/auto/multirate2.xml (RunModel)" time="0.015" />
  <testcase classname="ptolemy.util.test.junit.AutoTests" name="[86] /home/travis/build/icyphy/ptII/ptolemy/domains/de/test/auto/realtime.xml (RunModel)" time="10.011" />
  <testcase classname="ptolemy.util.test.junit.AutoTests" name="[87] /home/travis/build/icyphy/ptII/ptolemy/domains/de/test/auto/relationGroup.xml (RunModel)" time="0.029" />
  <testcase classname="ptolemy.util.test.junit.AutoTests" name="[88] /home/travis/build/icyphy/ptII/ptolemy/domains/de/test/auto/relationGroup2.xml (RunModel)" time="0.008" />
  <testcase classname="ptolemy.util.test.junit.AutoTests" name="[89] /home/travis/build/icyphy/ptII/ptolemy/domains/de/test/auto/sortWithOpaquePorts.xml (RunModel)" time="0.008" />
  <testcase classname="ptolemy.util.test.junit.AutoTests" name="[90] /home/travis/build/icyphy/ptII/ptolemy/domains/de/test/auto/transferInputsandOutputs.xml (RunModel)" time="0.018" />
  <testcase classname="ptolemy.util.test.junit.AutoTests" name="[91] /home/travis/build/icyphy/ptII/ptolemy/domains/de/test/auto/triggerType.xml (RunModel)" time="0.009" />
  <system-out><![CDATA[/home/travis/build/icyphy/ptII/ptolemy/domains/de/test/DependencyLoop.tcl
testDefs.tcl: setting time out to 9000 seconds at Mon Jun 18 13:36:18 UTC 2018
14 ms. Memory: 116224K Free: 93890K (81%)
7 ms. Memory: 146944K Free: 135424K (92%)
/home/travis/build/icyphy/ptII/ptolemy/domains/de/test/RunDETestsAsQSS.tcl
Run the DE tests using ptolemy.domains.qss.test.QSSDirectorTest, which extends QSSDirector and prints a message in the constructors.
------------------ testing $PTII/ptolemy/domains/de/test/auto/knownFailedTests/dependencyLoop.xml (Known Failure) 
6 ms. Memory: 146944K Free: 132312K (90%)


==== $PTIIhome/travis/build/icyphy/ptII/ptolemy/domains/de/test/../../../../: Auto Automatic test in file $PTII/ptolemy/domains/de/test/auto/knownFailedTests/dependencyLoop.xml
==== Contents of test case:

	    # FIXME: we should use $relativeFilename here, but it
	    # might have backslashes under Windows, which causes no end
	    # of trouble.
	    createAndExecute $file
	    list {}
	
.... Test generated KNOWN error:
    while executing
ptolemy.kernel.util.IllegalActionException: Found a zero delay loop containing .dependencyLoop.original
  in .dependencyLoop and .dependencyLoop.original
	at ptolemy.actor.util.CausalityInterfaceForComposites._computeOutputPortDepth(CausalityInterfaceForComposites.java:759)
	at ptolemy.actor.util.CausalityInterfaceForComposites._computeInputDepth(CausalityInterfaceForComposites.java:696)
	at ptolemy.actor.util.CausalityInterfaceForComposites._computeOutputPortDepth(CausalityInterfaceForComposites.java:765)
	at ptolemy.actor.util.CausalityInterfaceForComposites._computeInputDepth(CausalityInterfaceForComposites.java:696)
	at ptolemy.actor.util.CausalityInterfaceForComposites._computeOutputPortDepth(CausalityInterfaceForComposites.java:765)
	at ptolemy.actor.util.CausalityInterfaceForComposites._computeInputDepth(CausalityInterfaceForComposites.java:696)
	at ptolemy.actor.util.CausalityInterfaceForComposites._computeActorDepth(CausalityInterfaceForComposites.java:532)
	at ptolemy.actor.util.CausalityInterfaceForComposites.checkForCycles(CausalityInterfaceForComposites.java:96)
	at ptolemy.domains.de.kernel.DEDirector.preinitialize(DEDirector.java:1338)
	at ptolemy.actor.CompositeActor.preinitialize(CompositeActor.java:1828)
	at ptolemy.actor.Manager.preinitializeAndResolveTypes(Manager.java:1040)
	at ptolemy.actor.Manager.initialize(Manager.java:710)
	at ptolemy.actor.Manager.execute(Manager.java:356)
	at ptolemy.actor.Manager.run(Manager.java:1263)
	at ptolemy.actor.Manager$PtolemyRunThread.run(Manager.java:1915)

    while executing
ptolemy.kernel.util.IllegalActionException: Found a zero delay loop containing .dependencyLoop.original
  in .dependencyLoop and .dependencyLoop.original
    while executing
"java::new ptolemy.moml.MoMLSimpleApplication $file
"
    (procedure "createAndExecute" line 2)
    invoked from within
"createAndExecute $file"
    ("uplevel" body line 5)
    invoked from within
"uplevel $contents_of_test"
------------------ testing $PTII/ptolemy/domains/de/test/auto/knownFailedTests/DESDFClockTest.xml (Known Failure) 
2062 ms. Memory: 146944K Free: 116396K (79%)


==== $PTIIhome/travis/build/icyphy/ptII/ptolemy/domains/de/test/../../../../: Auto Automatic test in file $PTII/ptolemy/domains/de/test/auto/knownFailedTests/DESDFClockTest.xml
==== Contents of test case:

	    # FIXME: we should use $relativeFilename here, but it
	    # might have backslashes under Windows, which causes no end
	    # of trouble.
	    createAndExecute $file
	    list {}
	
.... Test generated KNOWN error:
    while executing
ptolemy.kernel.util.IllegalActionException: Actor is not ready to fire.  Perhaps UpSample.prefire() returned false? Try debugging the actor by selecting "Listen to Actor".  Also, for SDF check moml for tokenConsumptionRate on input.
  in .DESDFClockTest.Play Bell.Copy1:SDF Director and .DESDFClockTest.Play Bell.UpSample
	at ptolemy.actor.sched.StaticSchedulingDirector.fire(StaticSchedulingDirector.java:227)
	at ptolemy.domains.sdf.kernel.SDFDirector.fire(SDFDirector.java:500)
	at ptolemy.actor.CompositeActor.fire(CompositeActor.java:455)
	at ptolemy.domains.de.kernel.DEDirector._fire(DEDirector.java:1949)
	at ptolemy.domains.de.kernel.DEDirector.fire(DEDirector.java:502)
	at ptolemy.actor.CompositeActor.fire(CompositeActor.java:455)
	at ptolemy.actor.Manager.iterate(Manager.java:851)
	at ptolemy.actor.Manager.execute(Manager.java:369)
	at ptolemy.actor.Manager.run(Manager.java:1263)
	at ptolemy.actor.Manager$PtolemyRunThread.run(Manager.java:1915)

    while executing
ptolemy.kernel.util.IllegalActionException: Actor is not ready to fire.  Perhaps UpSample.prefire() returned false? Try debugging the actor by selecting "Listen to Actor".  Also, for SDF check moml for tokenConsumptionRate on input.
  in .DESDFClockTest.Play Bell.Copy1:SDF Director and .DESDFClockTest.Play Bell.UpSample
    while executing
"java::new ptolemy.moml.MoMLSimpleApplication $file
"
    (procedure "createAndExecute" line 2)
    invoked from within
"createAndExecute $file"
    ("uplevel" body line 5)
    invoked from within
"uplevel $contents_of_test"
------------------ testing $PTII/ptolemy/domains/de/test/auto/knownFailedTests/FSMSource.xml (Known Failure) 
52 ms. Memory: 146944K Free: 107339K (73%)
!!!! Auto was marked as failing, but now passes
------------------ testing $PTII/ptolemy/domains/de/test/auto/knownFailedTests/dependencyLoop2.xml (Known Failure) 
19 ms. Memory: 146944K Free: 105456K (72%)


==== $PTIIhome/travis/build/icyphy/ptII/ptolemy/domains/de/test/../../../../: Auto Automatic test in file $PTII/ptolemy/domains/de/test/auto/knownFailedTests/dependencyLoop2.xml
==== Contents of test case:

	    # FIXME: we should use $relativeFilename here, but it
	    # might have backslashes under Windows, which causes no end
	    # of trouble.
	    createAndExecute $file
	    list {}
	
.... Test generated KNOWN error:
    while executing
ptolemy.kernel.util.IllegalActionException: Found a zero delay loop containing .dependencyLoop2.original
  in .dependencyLoop2 and .dependencyLoop2.original
	at ptolemy.actor.util.CausalityInterfaceForComposites._computeOutputPortDepth(CausalityInterfaceForComposites.java:759)
	at ptolemy.actor.util.CausalityInterfaceForComposites._computeInputDepth(CausalityInterfaceForComposites.java:696)
	at ptolemy.actor.util.CausalityInterfaceForComposites._computeOutputPortDepth(CausalityInterfaceForComposites.java:765)
	at ptolemy.actor.util.CausalityInterfaceForComposites._computeInputDepth(CausalityInterfaceForComposites.java:696)
	at ptolemy.actor.util.CausalityInterfaceForComposites._computeOutputPortDepth(CausalityInterfaceForComposites.java:765)
	at ptolemy.actor.util.CausalityInterfaceForComposites._computeInputDepth(CausalityInterfaceForComposites.java:696)
	at ptolemy.actor.util.CausalityInterfaceForComposites._computeActorDepth(CausalityInterfaceForComposites.java:532)
	at ptolemy.actor.util.CausalityInterfaceForComposites.checkForCycles(CausalityInterfaceForComposites.java:96)
	at ptolemy.domains.de.kernel.DEDirector.preinitialize(DEDirector.java:1338)
	at ptolemy.actor.CompositeActor.preinitialize(CompositeActor.java:1828)
	at ptolemy.actor.Manager.preinitializeAndResolveTypes(Manager.java:1040)
	at ptolemy.actor.Manager.initialize(Manager.java:710)
	at ptolemy.actor.Manager.execute(Manager.java:356)
	at ptolemy.actor.Manager.run(Manager.java:1263)
	at ptolemy.actor.Manager$PtolemyRunThread.run(Manager.java:1915)

    while executing
ptolemy.kernel.util.IllegalActionException: Found a zero delay loop containing .dependencyLoop2.original
  in .dependencyLoop2 and .dependencyLoop2.original
    while executing
"java::new ptolemy.moml.MoMLSimpleApplication $file
"
    (procedure "createAndExecute" line 2)
    invoked from within
"createAndExecute $file"
    ("uplevel" body line 5)
    invoked from within
"uplevel $contents_of_test"
------------------ testing $PTII/ptolemy/domains/de/test/auto/knownFailedTests/HierarchicalModel.xml (Known Failure) 
5 ms. Memory: 146944K Free: 84788K (58%)


==== $PTIIhome/travis/build/icyphy/ptII/ptolemy/domains/de/test/../../../../: Auto Automatic test in file $PTII/ptolemy/domains/de/test/auto/knownFailedTests/HierarchicalModel.xml
==== Contents of test case:

	    # FIXME: we should use $relativeFilename here, but it
	    # might have backslashes under Windows, which causes no end
	    # of trouble.
	    createAndExecute $file
	    list {}
	
.... Test generated KNOWN error:
    while executing
ptolemy.kernel.util.IllegalActionException: Found a zero delay loop containing .HierarchicalModel.A
  in .HierarchicalModel and .HierarchicalModel.A
	at ptolemy.actor.util.CausalityInterfaceForComposites._computeOutputPortDepth(CausalityInterfaceForComposites.java:759)
	at ptolemy.actor.util.CausalityInterfaceForComposites._computeInputDepth(CausalityInterfaceForComposites.java:696)
	at ptolemy.actor.util.CausalityInterfaceForComposites._computeOutputPortDepth(CausalityInterfaceForComposites.java:765)
	at ptolemy.actor.util.CausalityInterfaceForComposites._computeInputDepth(CausalityInterfaceForComposites.java:696)
	at ptolemy.actor.util.CausalityInterfaceForComposites._computeOutputPortDepth(CausalityInterfaceForComposites.java:765)
	at ptolemy.actor.util.CausalityInterfaceForComposites._computeInputDepth(CausalityInterfaceForComposites.java:696)
	at ptolemy.actor.util.CausalityInterfaceForComposites._computeActorDepth(CausalityInterfaceForComposites.java:532)
	at ptolemy.actor.util.CausalityInterfaceForComposites.checkForCycles(CausalityInterfaceForComposites.java:96)
	at ptolemy.domains.de.kernel.DEDirector.preinitialize(DEDirector.java:1338)
	at ptolemy.actor.CompositeActor.preinitialize(CompositeActor.java:1828)
	at ptolemy.actor.Manager.preinitializeAndResolveTypes(Manager.java:1040)
	at ptolemy.actor.Manager.initialize(Manager.java:710)
	at ptolemy.actor.Manager.execute(Manager.java:356)
	at ptolemy.actor.Manager.run(Manager.java:1263)
	at ptolemy.actor.Manager$PtolemyRunThread.run(Manager.java:1915)

    while executing
ptolemy.kernel.util.IllegalActionException: Found a zero delay loop containing .HierarchicalModel.A
  in .HierarchicalModel and .HierarchicalModel.A
    while executing
"java::new ptolemy.moml.MoMLSimpleApplication $file
"
    (procedure "createAndExecute" line 2)
    invoked from within
"createAndExecute $file"
    ("uplevel" body line 5)
    invoked from within
"uplevel $contents_of_test"
------------------ testing $PTII/ptolemy/domains/de/test/auto/knownFailedTests/DirectFeedback.xml (Known Failure) 
4 ms. Memory: 146944K Free: 141375K (96%)


==== $PTIIhome/travis/build/icyphy/ptII/ptolemy/domains/de/test/../../../../: Auto Automatic test in file $PTII/ptolemy/domains/de/test/auto/knownFailedTests/DirectFeedback.xml
==== Contents of test case:

	    # FIXME: we should use $relativeFilename here, but it
	    # might have backslashes under Windows, which causes no end
	    # of trouble.
	    createAndExecute $file
	    list {}
	
.... Test generated KNOWN error:
    while executing
ptolemy.kernel.util.IllegalActionException: Test fails in iteration 1.
Value was: 1.0. Should have been: 2.0
  in .DirectFeedback.Test
	at ptolemy.actor.lib.Test.fire(Test.java:268)
	at ptolemy.domains.de.kernel.DEDirector._fire(DEDirector.java:1949)
	at ptolemy.domains.de.kernel.DEDirector.fire(DEDirector.java:502)
	at ptolemy.actor.CompositeActor.fire(CompositeActor.java:455)
	at ptolemy.actor.Manager.iterate(Manager.java:851)
	at ptolemy.actor.Manager.execute(Manager.java:369)
	at ptolemy.actor.Manager.run(Manager.java:1263)
	at ptolemy.actor.Manager$PtolemyRunThread.run(Manager.java:1915)

    while executing
ptolemy.kernel.util.IllegalActionException: Test fails in iteration 1.
Value was: 1.0. Should have been: 2.0
  in .DirectFeedback.Test
    while executing
"java::new ptolemy.moml.MoMLSimpleApplication $file
"
    (procedure "createAndExecute" line 2)
    invoked from within
"createAndExecute $file"
    ("uplevel" body line 5)
    invoked from within
"uplevel $contents_of_test"
------------------ testing $PTII/ptolemy/domains/de/test/auto/ActorDepthCalculation_actorWithoutPorts.xml
auto.tcl: Setting watchdog for 200 seconds at Mon Jun 18 13:36:21 UTC 2018
4 ms. Memory: 146944K Free: 132325K (90%)
ptolemy.util.test.WatchDog.cancel(): canceling Mon Jun 18 13:36:21 UTC 2018
auto.tcl: Setting watchdog for 200 seconds at Mon Jun 18 13:36:21 UTC 2018
8 ms. Memory: 146944K Free: 131270K (89%)
ptolemy.util.test.WatchDog.cancel(): canceling Mon Jun 18 13:36:21 UTC 2018
------------------ testing $PTII/ptolemy/domains/de/test/auto/AssemblyLine.xml
auto.tcl: Setting watchdog for 200 seconds at Mon Jun 18 13:36:21 UTC 2018
19 ms. Memory: 208384K Free: 186280K (89%)
ptolemy.util.test.WatchDog.cancel(): canceling Mon Jun 18 13:36:22 UTC 2018
auto.tcl: Setting watchdog for 200 seconds at Mon Jun 18 13:36:22 UTC 2018
10 ms. Memory: 208384K Free: 186280K (89%)
ptolemy.util.test.WatchDog.cancel(): canceling Mon Jun 18 13:36:22 UTC 2018
------------------ testing $PTII/ptolemy/domains/de/test/auto/CQBug1.xml
auto.tcl: Setting watchdog for 200 seconds at Mon Jun 18 13:36:22 UTC 2018
4 ms. Memory: 208384K Free: 197700K (95%)
ptolemy.util.test.WatchDog.cancel(): canceling Mon Jun 18 13:36:22 UTC 2018
auto.tcl: Setting watchdog for 200 seconds at Mon Jun 18 13:36:22 UTC 2018
3 ms. Memory: 208384K Free: 197700K (95%)
ptolemy.util.test.WatchDog.cancel(): canceling Mon Jun 18 13:36:22 UTC 2018
------------------ testing $PTII/ptolemy/domains/de/test/auto/CancelFireAt.xml
auto.tcl: Setting watchdog for 200 seconds at Mon Jun 18 13:36:22 UTC 2018
9 ms. Memory: 208384K Free: 199319K (96%)
ptolemy.util.test.WatchDog.cancel(): canceling Mon Jun 18 13:36:22 UTC 2018
auto.tcl: Setting watchdog for 200 seconds at Mon Jun 18 13:36:22 UTC 2018
2 ms. Memory: 208384K Free: 198981K (95%)
ptolemy.util.test.WatchDog.cancel(): canceling Mon Jun 18 13:36:22 UTC 2018
------------------ testing $PTII/ptolemy/domains/de/test/auto/CausalityAndComposabilityAnalysis.xml
auto.tcl: Setting watchdog for 200 seconds at Mon Jun 18 13:36:22 UTC 2018
11 ms. Memory: 208384K Free: 198579K (95%)
ptolemy.util.test.WatchDog.cancel(): canceling Mon Jun 18 13:36:22 UTC 2018
auto.tcl: Setting watchdog for 200 seconds at Mon Jun 18 13:36:22 UTC 2018
7 ms. Memory: 208384K Free: 196468K (94%)
ptolemy.util.test.WatchDog.cancel(): canceling Mon Jun 18 13:36:22 UTC 2018
------------------ testing $PTII/ptolemy/domains/de/test/auto/CausalityInterface1.xml
auto.tcl: Setting watchdog for 200 seconds at Mon Jun 18 13:36:22 UTC 2018
14 ms. Memory: 208384K Free: 196404K (94%)
ptolemy.util.test.WatchDog.cancel(): canceling Mon Jun 18 13:36:22 UTC 2018
auto.tcl: Setting watchdog for 200 seconds at Mon Jun 18 13:36:22 UTC 2018
4 ms. Memory: 208384K Free: 196404K (94%)
ptolemy.util.test.WatchDog.cancel(): canceling Mon Jun 18 13:36:22 UTC 2018
------------------ testing $PTII/ptolemy/domains/de/test/auto/CausalityInterface15.xml
auto.tcl: Setting watchdog for 200 seconds at Mon Jun 18 13:36:22 UTC 2018
11 ms. Memory: 208384K Free: 196395K (94%)
ptolemy.util.test.WatchDog.cancel(): canceling Mon Jun 18 13:36:22 UTC 2018
auto.tcl: Setting watchdog for 200 seconds at Mon Jun 18 13:36:22 UTC 2018
9 ms. Memory: 208384K Free: 196395K (94%)
ptolemy.util.test.WatchDog.cancel(): canceling Mon Jun 18 13:36:22 UTC 2018
------------------ testing $PTII/ptolemy/domains/de/test/auto/CausalityInterface2.xml
auto.tcl: Setting watchdog for 200 seconds at Mon Jun 18 13:36:22 UTC 2018
4 ms. Memory: 208384K Free: 196380K (94%)
ptolemy.util.test.WatchDog.cancel(): canceling Mon Jun 18 13:36:22 UTC 2018
auto.tcl: Setting watchdog for 200 seconds at Mon Jun 18 13:36:22 UTC 2018
3 ms. Memory: 208384K Free: 196380K (94%)
ptolemy.util.test.WatchDog.cancel(): canceling Mon Jun 18 13:36:22 UTC 2018
------------------ testing $PTII/ptolemy/domains/de/test/auto/CausalityInterface3.xml
auto.tcl: Setting watchdog for 200 seconds at Mon Jun 18 13:36:22 UTC 2018
3 ms. Memory: 208384K Free: 196391K (94%)
ptolemy.util.test.WatchDog.cancel(): canceling Mon Jun 18 13:36:22 UTC 2018
auto.tcl: Setting watchdog for 200 seconds at Mon Jun 18 13:36:22 UTC 2018
8 ms. Memory: 208384K Free: 196391K (94%)
ptolemy.util.test.WatchDog.cancel(): canceling Mon Jun 18 13:36:22 UTC 2018
------------------ testing $PTII/ptolemy/domains/de/test/auto/ClockDrift.xml
auto.tcl: Setting watchdog for 200 seconds at Mon Jun 18 13:36:22 UTC 2018
88 ms. Memory: 208384K Free: 187589K (90%)
ptolemy.util.test.WatchDog.cancel(): canceling Mon Jun 18 13:36:23 UTC 2018
auto.tcl: Setting watchdog for 200 seconds at Mon Jun 18 13:36:23 UTC 2018
49 ms. Memory: 208384K Free: 185478K (89%)
ptolemy.util.test.WatchDog.cancel(): canceling Mon Jun 18 13:36:23 UTC 2018
------------------ testing $PTII/ptolemy/domains/de/test/auto/ClockDriftAndValueChange.xml
auto.tcl: Setting watchdog for 200 seconds at Mon Jun 18 13:36:23 UTC 2018
45 ms. Memory: 208384K Free: 187424K (90%)
ptolemy.util.test.WatchDog.cancel(): canceling Mon Jun 18 13:36:23 UTC 2018
auto.tcl: Setting watchdog for 200 seconds at Mon Jun 18 13:36:23 UTC 2018
35 ms. Memory: 208384K Free: 185313K (89%)
ptolemy.util.test.WatchDog.cancel(): canceling Mon Jun 18 13:36:23 UTC 2018
------------------ testing $PTII/ptolemy/domains/de/test/auto/ClockDriftChange.xml
auto.tcl: Setting watchdog for 200 seconds at Mon Jun 18 13:36:23 UTC 2018
31 ms. Memory: 208384K Free: 190758K (92%)
ptolemy.util.test.WatchDog.cancel(): canceling Mon Jun 18 13:36:23 UTC 2018
auto.tcl: Setting watchdog for 200 seconds at Mon Jun 18 13:36:23 UTC 2018
27 ms. Memory: 208384K Free: 188647K (91%)
ptolemy.util.test.WatchDog.cancel(): canceling Mon Jun 18 13:36:23 UTC 2018
------------------ testing $PTII/ptolemy/domains/de/test/auto/ComposableCausalityAnalysis.xml
auto.tcl: Setting watchdog for 200 seconds at Mon Jun 18 13:36:23 UTC 2018
2 ms. Memory: 208384K Free: 196247K (94%)
ptolemy.util.test.WatchDog.cancel(): canceling Mon Jun 18 13:36:23 UTC 2018
auto.tcl: Setting watchdog for 200 seconds at Mon Jun 18 13:36:23 UTC 2018
2 ms. Memory: 208384K Free: 194136K (93%)
ptolemy.util.test.WatchDog.cancel(): canceling Mon Jun 18 13:36:23 UTC 2018
------------------ testing $PTII/ptolemy/domains/de/test/auto/DEFixedPointLimitation.xml
auto.tcl: Setting watchdog for 200 seconds at Mon Jun 18 13:36:23 UTC 2018
2 ms. Memory: 208384K Free: 198235K (95%)
ptolemy.util.test.WatchDog.cancel(): canceling Mon Jun 18 13:36:23 UTC 2018
auto.tcl: Setting watchdog for 200 seconds at Mon Jun 18 13:36:23 UTC 2018
2 ms. Memory: 208384K Free: 196124K (94%)
ptolemy.util.test.WatchDog.cancel(): canceling Mon Jun 18 13:36:23 UTC 2018
------------------ testing $PTII/ptolemy/domains/de/test/auto/DEScheduleTest.xml
auto.tcl: Setting watchdog for 200 seconds at Mon Jun 18 13:36:23 UTC 2018
3 ms. Memory: 208384K Free: 198270K (95%)
ptolemy.util.test.WatchDog.cancel(): canceling Mon Jun 18 13:36:23 UTC 2018
auto.tcl: Setting watchdog for 200 seconds at Mon Jun 18 13:36:23 UTC 2018
4 ms. Memory: 208384K Free: 196159K (94%)
ptolemy.util.test.WatchDog.cancel(): canceling Mon Jun 18 13:36:23 UTC 2018
------------------ testing $PTII/ptolemy/domains/de/test/auto/DEinDEwithStartTimes.xml
auto.tcl: Setting watchdog for 200 seconds at Mon Jun 18 13:36:23 UTC 2018
4 ms. Memory: 208384K Free: 196128K (94%)
ptolemy.util.test.WatchDog.cancel(): canceling Mon Jun 18 13:36:23 UTC 2018
auto.tcl: Setting watchdog for 200 seconds at Mon Jun 18 13:36:23 UTC 2018
4 ms. Memory: 208384K Free: 194017K (93%)
ptolemy.util.test.WatchDog.cancel(): canceling Mon Jun 18 13:36:23 UTC 2018
------------------ testing $PTII/ptolemy/domains/de/test/auto/DEinDEwithStartTimes2.xml
auto.tcl: Setting watchdog for 200 seconds at Mon Jun 18 13:36:23 UTC 2018
10 ms. Memory: 208384K Free: 196108K (94%)
ptolemy.util.test.WatchDog.cancel(): canceling Mon Jun 18 13:36:23 UTC 2018
auto.tcl: Setting watchdog for 200 seconds at Mon Jun 18 13:36:23 UTC 2018
4 ms. Memory: 208384K Free: 193997K (93%)
ptolemy.util.test.WatchDog.cancel(): canceling Mon Jun 18 13:36:23 UTC 2018
------------------ testing $PTII/ptolemy/domains/de/test/auto/DateDemo.xml
auto.tcl: Setting watchdog for 200 seconds at Mon Jun 18 13:36:24 UTC 2018
17 ms. Memory: 208384K Free: 188503K (90%)
ptolemy.util.test.WatchDog.cancel(): canceling Mon Jun 18 13:36:24 UTC 2018
auto.tcl: Setting watchdog for 200 seconds at Mon Jun 18 13:36:24 UTC 2018
12 ms. Memory: 208384K Free: 186393K (89%)
ptolemy.util.test.WatchDog.cancel(): canceling Mon Jun 18 13:36:24 UTC 2018
------------------ testing $PTII/ptolemy/domains/de/test/auto/DateToEvent.xml
auto.tcl: Setting watchdog for 200 seconds at Mon Jun 18 13:36:24 UTC 2018
2010 ms. Memory: 208384K Free: 183177K (88%)
ptolemy.util.test.WatchDog.cancel(): canceling Mon Jun 18 13:36:26 UTC 2018
auto.tcl: Setting watchdog for 200 seconds at Mon Jun 18 13:36:26 UTC 2018
2004 ms. Memory: 208384K Free: 180719K (87%)
ptolemy.util.test.WatchDog.cancel(): canceling Mon Jun 18 13:36:28 UTC 2018
------------------ testing $PTII/ptolemy/domains/de/test/auto/DepthTest1.xml
auto.tcl: Setting watchdog for 200 seconds at Mon Jun 18 13:36:28 UTC 2018
4 ms. Memory: 208384K Free: 198135K (95%)
ptolemy.util.test.WatchDog.cancel(): canceling Mon Jun 18 13:36:28 UTC 2018
auto.tcl: Setting watchdog for 200 seconds at Mon Jun 18 13:36:28 UTC 2018
2 ms. Memory: 208384K Free: 198135K (95%)
ptolemy.util.test.WatchDog.cancel(): canceling Mon Jun 18 13:36:28 UTC 2018
------------------ testing $PTII/ptolemy/domains/de/test/auto/DepthTest2.xml
auto.tcl: Setting watchdog for 200 seconds at Mon Jun 18 13:36:28 UTC 2018
8 ms. Memory: 208384K Free: 193977K (93%)
ptolemy.util.test.WatchDog.cancel(): canceling Mon Jun 18 13:36:28 UTC 2018
auto.tcl: Setting watchdog for 200 seconds at Mon Jun 18 13:36:28 UTC 2018
3 ms. Memory: 208384K Free: 193977K (93%)
ptolemy.util.test.WatchDog.cancel(): canceling Mon Jun 18 13:36:28 UTC 2018
------------------ testing $PTII/ptolemy/domains/de/test/auto/DepthTest3.xml
auto.tcl: Setting watchdog for 200 seconds at Mon Jun 18 13:36:28 UTC 2018
2 ms. Memory: 208384K Free: 198133K (95%)
ptolemy.util.test.WatchDog.cancel(): canceling Mon Jun 18 13:36:28 UTC 2018
auto.tcl: Setting watchdog for 200 seconds at Mon Jun 18 13:36:28 UTC 2018
2 ms. Memory: 208384K Free: 198133K (95%)
ptolemy.util.test.WatchDog.cancel(): canceling Mon Jun 18 13:36:28 UTC 2018
------------------ testing $PTII/ptolemy/domains/de/test/auto/DepthTest4.xml
auto.tcl: Setting watchdog for 200 seconds at Mon Jun 18 13:36:28 UTC 2018
4 ms. Memory: 208384K Free: 196445K (94%)
ptolemy.util.test.WatchDog.cancel(): canceling Mon Jun 18 13:36:28 UTC 2018
auto.tcl: Setting watchdog for 200 seconds at Mon Jun 18 13:36:28 UTC 2018
3 ms. Memory: 208384K Free: 196445K (94%)
ptolemy.util.test.WatchDog.cancel(): canceling Mon Jun 18 13:36:28 UTC 2018
------------------ testing $PTII/ptolemy/domains/de/test/auto/DepthTest5.xml
auto.tcl: Setting watchdog for 200 seconds at Mon Jun 18 13:36:28 UTC 2018
3 ms. Memory: 208384K Free: 196394K (94%)
ptolemy.util.test.WatchDog.cancel(): canceling Mon Jun 18 13:36:28 UTC 2018
auto.tcl: Setting watchdog for 200 seconds at Mon Jun 18 13:36:28 UTC 2018
2 ms. Memory: 208384K Free: 196394K (94%)
ptolemy.util.test.WatchDog.cancel(): canceling Mon Jun 18 13:36:28 UTC 2018
------------------ testing $PTII/ptolemy/domains/de/test/auto/DepthTest6.xml
auto.tcl: Setting watchdog for 200 seconds at Mon Jun 18 13:36:28 UTC 2018
19 ms. Memory: 208384K Free: 195134K (94%)
ptolemy.util.test.WatchDog.cancel(): canceling Mon Jun 18 13:36:28 UTC 2018
auto.tcl: Setting watchdog for 200 seconds at Mon Jun 18 13:36:28 UTC 2018
3 ms. Memory: 208384K Free: 195134K (94%)
ptolemy.util.test.WatchDog.cancel(): canceling Mon Jun 18 13:36:28 UTC 2018
------------------ testing $PTII/ptolemy/domains/de/test/auto/DepthTest7.xml
auto.tcl: Setting watchdog for 200 seconds at Mon Jun 18 13:36:28 UTC 2018
6 ms. Memory: 208384K Free: 196013K (94%)
ptolemy.util.test.WatchDog.cancel(): canceling Mon Jun 18 13:36:28 UTC 2018
auto.tcl: Setting watchdog for 200 seconds at Mon Jun 18 13:36:28 UTC 2018
2 ms. Memory: 208384K Free: 196013K (94%)
ptolemy.util.test.WatchDog.cancel(): canceling Mon Jun 18 13:36:28 UTC 2018
------------------ testing $PTII/ptolemy/domains/de/test/auto/EventToDate.xml
auto.tcl: Setting watchdog for 200 seconds at Mon Jun 18 13:36:28 UTC 2018
3007 ms. Memory: 208384K Free: 185480K (89%)
ptolemy.util.test.WatchDog.cancel(): canceling Mon Jun 18 13:36:31 UTC 2018
auto.tcl: Setting watchdog for 200 seconds at Mon Jun 18 13:36:31 UTC 2018
3005 ms. Memory: 208384K Free: 185480K (89%)
ptolemy.util.test.WatchDog.cancel(): canceling Mon Jun 18 13:36:34 UTC 2018
------------------ testing $PTII/ptolemy/domains/de/test/auto/FSM1.xml
auto.tcl: Setting watchdog for 200 seconds at Mon Jun 18 13:36:34 UTC 2018
52 ms. Memory: 208384K Free: 189044K (91%)
ptolemy.util.test.WatchDog.cancel(): canceling Mon Jun 18 13:36:35 UTC 2018
auto.tcl: Setting watchdog for 200 seconds at Mon Jun 18 13:36:35 UTC 2018
16 ms. Memory: 208384K Free: 184822K (89%)
ptolemy.util.test.WatchDog.cancel(): canceling Mon Jun 18 13:36:35 UTC 2018
------------------ testing $PTII/ptolemy/domains/de/test/auto/FSM7.xml
auto.tcl: Setting watchdog for 200 seconds at Mon Jun 18 13:36:35 UTC 2018
32 ms. Memory: 208384K Free: 187135K (90%)
ptolemy.util.test.WatchDog.cancel(): canceling Mon Jun 18 13:36:35 UTC 2018
auto.tcl: Setting watchdog for 200 seconds at Mon Jun 18 13:36:35 UTC 2018
23 ms. Memory: 208384K Free: 185025K (89%)
ptolemy.util.test.WatchDog.cancel(): canceling Mon Jun 18 13:36:35 UTC 2018
------------------ testing $PTII/ptolemy/domains/de/test/auto/Inspection.xml
auto.tcl: Setting watchdog for 200 seconds at Mon Jun 18 13:36:35 UTC 2018
24 ms. Memory: 208384K Free: 188685K (91%)
ptolemy.util.test.WatchDog.cancel(): canceling Mon Jun 18 13:36:35 UTC 2018
auto.tcl: Setting watchdog for 200 seconds at Mon Jun 18 13:36:35 UTC 2018
32 ms. Memory: 208384K Free: 186574K (90%)
ptolemy.util.test.WatchDog.cancel(): canceling Mon Jun 18 13:36:35 UTC 2018
------------------ testing $PTII/ptolemy/domains/de/test/auto/Iteration.xml
auto.tcl: Setting watchdog for 200 seconds at Mon Jun 18 13:36:35 UTC 2018
6 ms. Memory: 208384K Free: 194044K (93%)
ptolemy.util.test.WatchDog.cancel(): canceling Mon Jun 18 13:36:35 UTC 2018
auto.tcl: Setting watchdog for 200 seconds at Mon Jun 18 13:36:35 UTC 2018
6 ms. Memory: 208384K Free: 194044K (93%)
ptolemy.util.test.WatchDog.cancel(): canceling Mon Jun 18 13:36:35 UTC 2018
------------------ testing $PTII/ptolemy/domains/de/test/auto/LineFault.xml
auto.tcl: Setting watchdog for 200 seconds at Mon Jun 18 13:36:35 UTC 2018
706 ms. Memory: 208384K Free: 194643K (93%)
ptolemy.util.test.WatchDog.cancel(): canceling Mon Jun 18 13:36:36 UTC 2018
auto.tcl: Setting watchdog for 200 seconds at Mon Jun 18 13:36:36 UTC 2018
607 ms. Memory: 208384K Free: 138871K (67%)
ptolemy.util.test.WatchDog.cancel(): canceling Mon Jun 18 13:36:37 UTC 2018
------------------ testing $PTII/ptolemy/domains/de/test/auto/MergeModel1Add.xml
auto.tcl: Setting watchdog for 200 seconds at Mon Jun 18 13:36:37 UTC 2018
31 ms. Memory: 331264K Free: 302749K (91%)
ptolemy.util.test.WatchDog.cancel(): canceling Mon Jun 18 13:36:37 UTC 2018
auto.tcl: Setting watchdog for 200 seconds at Mon Jun 18 13:36:37 UTC 2018
10 ms. Memory: 331264K Free: 298828K (90%)
ptolemy.util.test.WatchDog.cancel(): canceling Mon Jun 18 13:36:37 UTC 2018
------------------ testing $PTII/ptolemy/domains/de/test/auto/MergeModel2Add.xml
auto.tcl: Setting watchdog for 200 seconds at Mon Jun 18 13:36:37 UTC 2018
17 ms. Memory: 331264K Free: 304087K (92%)
ptolemy.util.test.WatchDog.cancel(): canceling Mon Jun 18 13:36:37 UTC 2018
auto.tcl: Setting watchdog for 200 seconds at Mon Jun 18 13:36:37 UTC 2018
12 ms. Memory: 331264K Free: 300166K (91%)
ptolemy.util.test.WatchDog.cancel(): canceling Mon Jun 18 13:36:37 UTC 2018
------------------ testing $PTII/ptolemy/domains/de/test/auto/MergeModel3Add.xml
auto.tcl: Setting watchdog for 200 seconds at Mon Jun 18 13:36:37 UTC 2018
10 ms. Memory: 331264K Free: 304097K (92%)
ptolemy.util.test.WatchDog.cancel(): canceling Mon Jun 18 13:36:37 UTC 2018
auto.tcl: Setting watchdog for 200 seconds at Mon Jun 18 13:36:37 UTC 2018
9 ms. Memory: 331264K Free: 300177K (91%)
ptolemy.util.test.WatchDog.cancel(): canceling Mon Jun 18 13:36:37 UTC 2018
------------------ testing $PTII/ptolemy/domains/de/test/auto/MergeWithoutDiscard.xml
auto.tcl: Setting watchdog for 200 seconds at Mon Jun 18 13:36:37 UTC 2018
6 ms. Memory: 331264K Free: 315855K (95%)
ptolemy.util.test.WatchDog.cancel(): canceling Mon Jun 18 13:36:37 UTC 2018
auto.tcl: Setting watchdog for 200 seconds at Mon Jun 18 13:36:37 UTC 2018
2 ms. Memory: 331264K Free: 315855K (95%)
ptolemy.util.test.WatchDog.cancel(): canceling Mon Jun 18 13:36:37 UTC 2018
------------------ testing $PTII/ptolemy/domains/de/test/auto/Modal1.xml
auto.tcl: Setting watchdog for 200 seconds at Mon Jun 18 13:36:37 UTC 2018
20 ms. Memory: 331264K Free: 309783K (94%)
ptolemy.util.test.WatchDog.cancel(): canceling Mon Jun 18 13:36:37 UTC 2018
auto.tcl: Setting watchdog for 200 seconds at Mon Jun 18 13:36:37 UTC 2018
29 ms. Memory: 331264K Free: 300948K (91%)
ptolemy.util.test.WatchDog.cancel(): canceling Mon Jun 18 13:36:37 UTC 2018
------------------ testing $PTII/ptolemy/domains/de/test/auto/Modal2.xml
auto.tcl: Setting watchdog for 200 seconds at Mon Jun 18 13:36:37 UTC 2018
15 ms. Memory: 331264K Free: 309655K (93%)
ptolemy.util.test.WatchDog.cancel(): canceling Mon Jun 18 13:36:37 UTC 2018
auto.tcl: Setting watchdog for 200 seconds at Mon Jun 18 13:36:37 UTC 2018
19 ms. Memory: 331264K Free: 305735K (92%)
ptolemy.util.test.WatchDog.cancel(): canceling Mon Jun 18 13:36:37 UTC 2018
------------------ testing $PTII/ptolemy/domains/de/test/auto/Modal3.xml
auto.tcl: Setting watchdog for 200 seconds at Mon Jun 18 13:36:37 UTC 2018
17 ms. Memory: 331264K Free: 309654K (93%)
ptolemy.util.test.WatchDog.cancel(): canceling Mon Jun 18 13:36:38 UTC 2018
auto.tcl: Setting watchdog for 200 seconds at Mon Jun 18 13:36:38 UTC 2018
10 ms. Memory: 331264K Free: 305733K (92%)
ptolemy.util.test.WatchDog.cancel(): canceling Mon Jun 18 13:36:38 UTC 2018
------------------ testing $PTII/ptolemy/domains/de/test/auto/Modal4.xml
auto.tcl: Setting watchdog for 200 seconds at Mon Jun 18 13:36:38 UTC 2018
28 ms. Memory: 331264K Free: 309659K (93%)
ptolemy.util.test.WatchDog.cancel(): canceling Mon Jun 18 13:36:38 UTC 2018
auto.tcl: Setting watchdog for 200 seconds at Mon Jun 18 13:36:38 UTC 2018
13 ms. Memory: 331264K Free: 305739K (92%)
ptolemy.util.test.WatchDog.cancel(): canceling Mon Jun 18 13:36:38 UTC 2018
------------------ testing $PTII/ptolemy/domains/de/test/auto/Modal5.xml
auto.tcl: Setting watchdog for 200 seconds at Mon Jun 18 13:36:38 UTC 2018
16 ms. Memory: 331264K Free: 309647K (93%)
ptolemy.util.test.WatchDog.cancel(): canceling Mon Jun 18 13:36:38 UTC 2018
auto.tcl: Setting watchdog for 200 seconds at Mon Jun 18 13:36:38 UTC 2018
12 ms. Memory: 331264K Free: 305726K (92%)
ptolemy.util.test.WatchDog.cancel(): canceling Mon Jun 18 13:36:38 UTC 2018
------------------ testing $PTII/ptolemy/domains/de/test/auto/Modal6.xml
auto.tcl: Setting watchdog for 200 seconds at Mon Jun 18 13:36:38 UTC 2018
14 ms. Memory: 331264K Free: 309644K (93%)
ptolemy.util.test.WatchDog.cancel(): canceling Mon Jun 18 13:36:38 UTC 2018
auto.tcl: Setting watchdog for 200 seconds at Mon Jun 18 13:36:38 UTC 2018
18 ms. Memory: 331264K Free: 305724K (92%)
ptolemy.util.test.WatchDog.cancel(): canceling Mon Jun 18 13:36:38 UTC 2018
------------------ testing $PTII/ptolemy/domains/de/test/auto/Modal7.xml
auto.tcl: Setting watchdog for 200 seconds at Mon Jun 18 13:36:38 UTC 2018
20 ms. Memory: 331264K Free: 309644K (93%)
ptolemy.util.test.WatchDog.cancel(): canceling Mon Jun 18 13:36:38 UTC 2018
auto.tcl: Setting watchdog for 200 seconds at Mon Jun 18 13:36:38 UTC 2018
10 ms. Memory: 331264K Free: 305724K (92%)
ptolemy.util.test.WatchDog.cancel(): canceling Mon Jun 18 13:36:38 UTC 2018
------------------ testing $PTII/ptolemy/domains/de/test/auto/ModalModel.xml
auto.tcl: Setting watchdog for 200 seconds at Mon Jun 18 13:36:38 UTC 2018
210 ms. Memory: 331264K Free: 246241K (74%)
ptolemy.util.test.WatchDog.cancel(): canceling Mon Jun 18 13:36:38 UTC 2018
auto.tcl: Setting watchdog for 200 seconds at Mon Jun 18 13:36:38 UTC 2018
172 ms. Memory: 331264K Free: 191356K (58%)
ptolemy.util.test.WatchDog.cancel(): canceling Mon Jun 18 13:36:39 UTC 2018
------------------ testing $PTII/ptolemy/domains/de/test/auto/ModalSource.xml
auto.tcl: Setting watchdog for 200 seconds at Mon Jun 18 13:36:39 UTC 2018
10 ms. Memory: 331264K Free: 316390K (96%)
ptolemy.util.test.WatchDog.cancel(): canceling Mon Jun 18 13:36:39 UTC 2018
auto.tcl: Setting watchdog for 200 seconds at Mon Jun 18 13:36:39 UTC 2018
4 ms. Memory: 331264K Free: 312880K (94%)
ptolemy.util.test.WatchDog.cancel(): canceling Mon Jun 18 13:36:39 UTC 2018
------------------ testing $PTII/ptolemy/domains/de/test/auto/NonInterruptibleTimerZeroDelay.xml
auto.tcl: Setting watchdog for 200 seconds at Mon Jun 18 13:36:39 UTC 2018
4 ms. Memory: 331264K Free: 320723K (97%)
ptolemy.util.test.WatchDog.cancel(): canceling Mon Jun 18 13:36:39 UTC 2018
auto.tcl: Setting watchdog for 200 seconds at Mon Jun 18 13:36:39 UTC 2018
2 ms. Memory: 331264K Free: 317228K (96%)
ptolemy.util.test.WatchDog.cancel(): canceling Mon Jun 18 13:36:39 UTC 2018
------------------ testing $PTII/ptolemy/domains/de/test/auto/OpenQueueingNetwork.xml
auto.tcl: Setting watchdog for 200 seconds at Mon Jun 18 13:36:39 UTC 2018
2719 ms. Memory: 573952K Free: 421230K (73%)
ptolemy.util.test.WatchDog.cancel(): canceling Mon Jun 18 13:36:42 UTC 2018
auto.tcl: Setting watchdog for 200 seconds at Mon Jun 18 13:36:42 UTC 2018
2404 ms. Memory: 550912K Free: 310320K (56%)
ptolemy.util.test.WatchDog.cancel(): canceling Mon Jun 18 13:36:44 UTC 2018
------------------ testing $PTII/ptolemy/domains/de/test/auto/OpenQueuingNetwork.xml
auto.tcl: Setting watchdog for 200 seconds at Mon Jun 18 13:36:44 UTC 2018
230 ms. Memory: 549888K Free: 444403K (81%)
ptolemy.util.test.WatchDog.cancel(): canceling Mon Jun 18 13:36:44 UTC 2018
auto.tcl: Setting watchdog for 200 seconds at Mon Jun 18 13:36:44 UTC 2018
223 ms. Memory: 549888K Free: 383749K (70%)
ptolemy.util.test.WatchDog.cancel(): canceling Mon Jun 18 13:36:45 UTC 2018
------------------ testing $PTII/ptolemy/domains/de/test/auto/PeriodicSampler.xml
auto.tcl: Setting watchdog for 200 seconds at Mon Jun 18 13:36:45 UTC 2018
3 ms. Memory: 551936K Free: 530639K (96%)
ptolemy.util.test.WatchDog.cancel(): canceling Mon Jun 18 13:36:45 UTC 2018
auto.tcl: Setting watchdog for 200 seconds at Mon Jun 18 13:36:45 UTC 2018
2 ms. Memory: 551936K Free: 530639K (96%)
ptolemy.util.test.WatchDog.cancel(): canceling Mon Jun 18 13:36:45 UTC 2018
------------------ testing $PTII/ptolemy/domains/de/test/auto/PersistentIO.xml
auto.tcl: Setting watchdog for 200 seconds at Mon Jun 18 13:36:45 UTC 2018
12 ms. Memory: 549376K Free: 521938K (95%)
ptolemy.util.test.WatchDog.cancel(): canceling Mon Jun 18 13:36:45 UTC 2018
auto.tcl: Setting watchdog for 200 seconds at Mon Jun 18 13:36:45 UTC 2018
4 ms. Memory: 549376K Free: 521938K (95%)
ptolemy.util.test.WatchDog.cancel(): canceling Mon Jun 18 13:36:45 UTC 2018
------------------ testing $PTII/ptolemy/domains/de/test/auto/PortParameterResetOnInitialize.xml
auto.tcl: Setting watchdog for 200 seconds at Mon Jun 18 13:36:45 UTC 2018
2 ms. Memory: 551424K Free: 530358K (96%)
ptolemy.util.test.WatchDog.cancel(): canceling Mon Jun 18 13:36:45 UTC 2018
auto.tcl: Setting watchdog for 200 seconds at Mon Jun 18 13:36:45 UTC 2018
2 ms. Memory: 551424K Free: 530358K (96%)
ptolemy.util.test.WatchDog.cancel(): canceling Mon Jun 18 13:36:45 UTC 2018
------------------ testing $PTII/ptolemy/domains/de/test/auto/PortParameterUpdates.xml
auto.tcl: Setting watchdog for 200 seconds at Mon Jun 18 13:36:45 UTC 2018
3 ms. Memory: 549376K Free: 528443K (96%)
ptolemy.util.test.WatchDog.cancel(): canceling Mon Jun 18 13:36:45 UTC 2018
auto.tcl: Setting watchdog for 200 seconds at Mon Jun 18 13:36:45 UTC 2018
3 ms. Memory: 549376K Free: 521704K (95%)
ptolemy.util.test.WatchDog.cancel(): canceling Mon Jun 18 13:36:45 UTC 2018
------------------ testing $PTII/ptolemy/domains/de/test/auto/QueueAndServer.xml
auto.tcl: Setting watchdog for 200 seconds at Mon Jun 18 13:36:45 UTC 2018
11 ms. Memory: 551424K Free: 535134K (97%)
ptolemy.util.test.WatchDog.cancel(): canceling Mon Jun 18 13:36:45 UTC 2018
auto.tcl: Setting watchdog for 200 seconds at Mon Jun 18 13:36:45 UTC 2018
8 ms. Memory: 551424K Free: 528395K (96%)
ptolemy.util.test.WatchDog.cancel(): canceling Mon Jun 18 13:36:45 UTC 2018
------------------ testing $PTII/ptolemy/domains/de/test/auto/Records.xml
auto.tcl: Setting watchdog for 200 seconds at Mon Jun 18 13:36:45 UTC 2018
5 ms. Memory: 549376K Free: 533028K (97%)
ptolemy.util.test.WatchDog.cancel(): canceling Mon Jun 18 13:36:45 UTC 2018
auto.tcl: Setting watchdog for 200 seconds at Mon Jun 18 13:36:45 UTC 2018
2 ms. Memory: 549376K Free: 533028K (97%)
ptolemy.util.test.WatchDog.cancel(): canceling Mon Jun 18 13:36:45 UTC 2018
------------------ testing $PTII/ptolemy/domains/de/test/auto/ResetTransitionWithStartTime1.xml
auto.tcl: Setting watchdog for 200 seconds at Mon Jun 18 13:36:45 UTC 2018
13 ms. Memory: 551424K Free: 535330K (97%)
ptolemy.util.test.WatchDog.cancel(): canceling Mon Jun 18 13:36:45 UTC 2018
auto.tcl: Setting watchdog for 200 seconds at Mon Jun 18 13:36:45 UTC 2018
4 ms. Memory: 551424K Free: 528361K (96%)
ptolemy.util.test.WatchDog.cancel(): canceling Mon Jun 18 13:36:45 UTC 2018
------------------ testing $PTII/ptolemy/domains/de/test/auto/ResetTransitionWithStartTime2.xml
auto.tcl: Setting watchdog for 200 seconds at Mon Jun 18 13:36:45 UTC 2018
5 ms. Memory: 549376K Free: 526535K (96%)
ptolemy.util.test.WatchDog.cancel(): canceling Mon Jun 18 13:36:45 UTC 2018
auto.tcl: Setting watchdog for 200 seconds at Mon Jun 18 13:36:45 UTC 2018
5 ms. Memory: 549376K Free: 526535K (96%)
ptolemy.util.test.WatchDog.cancel(): canceling Mon Jun 18 13:36:45 UTC 2018
------------------ testing $PTII/ptolemy/domains/de/test/auto/ResetTransitionWithStartTime3.xml
auto.tcl: Setting watchdog for 200 seconds at Mon Jun 18 13:36:45 UTC 2018
12 ms. Memory: 550912K Free: 534579K (97%)
ptolemy.util.test.WatchDog.cancel(): canceling Mon Jun 18 13:36:45 UTC 2018
auto.tcl: Setting watchdog for 200 seconds at Mon Jun 18 13:36:45 UTC 2018
5 ms. Memory: 550912K Free: 527824K (96%)
ptolemy.util.test.WatchDog.cancel(): canceling Mon Jun 18 13:36:45 UTC 2018
------------------ testing $PTII/ptolemy/domains/de/test/auto/ResetTransitionWithStartTime4.xml
auto.tcl: Setting watchdog for 200 seconds at Mon Jun 18 13:36:45 UTC 2018
5 ms. Memory: 549376K Free: 526302K (96%)
ptolemy.util.test.WatchDog.cancel(): canceling Mon Jun 18 13:36:45 UTC 2018
auto.tcl: Setting watchdog for 200 seconds at Mon Jun 18 13:36:45 UTC 2018
3 ms. Memory: 549376K Free: 526302K (96%)
ptolemy.util.test.WatchDog.cancel(): canceling Mon Jun 18 13:36:45 UTC 2018
------------------ testing $PTII/ptolemy/domains/de/test/auto/ResettableTimer1.xml
auto.tcl: Setting watchdog for 200 seconds at Mon Jun 18 13:36:45 UTC 2018
2 ms. Memory: 550912K Free: 534573K (97%)
ptolemy.util.test.WatchDog.cancel(): canceling Mon Jun 18 13:36:46 UTC 2018
auto.tcl: Setting watchdog for 200 seconds at Mon Jun 18 13:36:46 UTC 2018
2 ms. Memory: 550912K Free: 534573K (97%)
ptolemy.util.test.WatchDog.cancel(): canceling Mon Jun 18 13:36:46 UTC 2018
------------------ testing $PTII/ptolemy/domains/de/test/auto/ResettableTimer2.xml
auto.tcl: Setting watchdog for 200 seconds at Mon Jun 18 13:36:46 UTC 2018
2 ms. Memory: 549376K Free: 533325K (97%)
ptolemy.util.test.WatchDog.cancel(): canceling Mon Jun 18 13:36:46 UTC 2018
auto.tcl: Setting watchdog for 200 seconds at Mon Jun 18 13:36:46 UTC 2018
2 ms. Memory: 549376K Free: 533325K (97%)
ptolemy.util.test.WatchDog.cancel(): canceling Mon Jun 18 13:36:46 UTC 2018
------------------ testing $PTII/ptolemy/domains/de/test/auto/ResettableTimer3.xml
auto.tcl: Setting watchdog for 200 seconds at Mon Jun 18 13:36:46 UTC 2018
2 ms. Memory: 550912K Free: 534629K (97%)
ptolemy.util.test.WatchDog.cancel(): canceling Mon Jun 18 13:36:46 UTC 2018
auto.tcl: Setting watchdog for 200 seconds at Mon Jun 18 13:36:46 UTC 2018
1 ms. Memory: 550912K Free: 534629K (97%)
ptolemy.util.test.WatchDog.cancel(): canceling Mon Jun 18 13:36:46 UTC 2018
------------------ testing $PTII/ptolemy/domains/de/test/auto/ResettableTimer4.xml
auto.tcl: Setting watchdog for 200 seconds at Mon Jun 18 13:36:46 UTC 2018
1 ms. Memory: 549376K Free: 533336K (97%)
ptolemy.util.test.WatchDog.cancel(): canceling Mon Jun 18 13:36:46 UTC 2018
auto.tcl: Setting watchdog for 200 seconds at Mon Jun 18 13:36:46 UTC 2018
2 ms. Memory: 549376K Free: 533336K (97%)
ptolemy.util.test.WatchDog.cancel(): canceling Mon Jun 18 13:36:46 UTC 2018
------------------ testing $PTII/ptolemy/domains/de/test/auto/ResettableTimer5.xml
auto.tcl: Setting watchdog for 200 seconds at Mon Jun 18 13:36:46 UTC 2018
1 ms. Memory: 550400K Free: 529678K (96%)
ptolemy.util.test.WatchDog.cancel(): canceling Mon Jun 18 13:36:46 UTC 2018
auto.tcl: Setting watchdog for 200 seconds at Mon Jun 18 13:36:46 UTC 2018
2 ms. Memory: 550400K Free: 529678K (96%)
ptolemy.util.test.WatchDog.cancel(): canceling Mon Jun 18 13:36:46 UTC 2018
------------------ testing $PTII/ptolemy/domains/de/test/auto/ResettableTimer6.xml
auto.tcl: Setting watchdog for 200 seconds at Mon Jun 18 13:36:46 UTC 2018
1 ms. Memory: 549376K Free: 528374K (96%)
ptolemy.util.test.WatchDog.cancel(): canceling Mon Jun 18 13:36:46 UTC 2018
auto.tcl: Setting watchdog for 200 seconds at Mon Jun 18 13:36:46 UTC 2018
2 ms. Memory: 549376K Free: 528374K (96%)
ptolemy.util.test.WatchDog.cancel(): canceling Mon Jun 18 13:36:46 UTC 2018
------------------ testing $PTII/ptolemy/domains/de/test/auto/ServerZeroDelay.xml
auto.tcl: Setting watchdog for 200 seconds at Mon Jun 18 13:36:46 UTC 2018
3 ms. Memory: 550400K Free: 534298K (97%)
ptolemy.util.test.WatchDog.cancel(): canceling Mon Jun 18 13:36:46 UTC 2018
auto.tcl: Setting watchdog for 200 seconds at Mon Jun 18 13:36:46 UTC 2018
2 ms. Memory: 550400K Free: 534298K (97%)
ptolemy.util.test.WatchDog.cancel(): canceling Mon Jun 18 13:36:46 UTC 2018
------------------ testing $PTII/ptolemy/domains/de/test/auto/SmartSender.xml
auto.tcl: Setting watchdog for 200 seconds at Mon Jun 18 13:36:46 UTC 2018
3003 ms. Memory: 549376K Free: 528589K (96%)
ptolemy.util.test.WatchDog.cancel(): canceling Mon Jun 18 13:36:49 UTC 2018
auto.tcl: Setting watchdog for 200 seconds at Mon Jun 18 13:36:49 UTC 2018
3001 ms. Memory: 549376K Free: 528589K (96%)
ptolemy.util.test.WatchDog.cancel(): canceling Mon Jun 18 13:36:52 UTC 2018
------------------ testing $PTII/ptolemy/domains/de/test/auto/ThreadedComposite.xml
auto.tcl: Setting watchdog for 200 seconds at Mon Jun 18 13:36:52 UTC 2018
224 ms. Memory: 550400K Free: 513299K (93%)
ptolemy.util.test.WatchDog.cancel(): canceling Mon Jun 18 13:36:52 UTC 2018
auto.tcl: Setting watchdog for 200 seconds at Mon Jun 18 13:36:52 UTC 2018
143 ms. Memory: 550400K Free: 487825K (89%)
ptolemy.util.test.WatchDog.cancel(): canceling Mon Jun 18 13:36:52 UTC 2018
------------------ testing $PTII/ptolemy/domains/de/test/auto/Time.xml
auto.tcl: Setting watchdog for 200 seconds at Mon Jun 18 13:36:52 UTC 2018
491 ms. Memory: 549376K Free: 481288K (88%)
ptolemy.util.test.WatchDog.cancel(): canceling Mon Jun 18 13:36:53 UTC 2018
auto.tcl: Setting watchdog for 200 seconds at Mon Jun 18 13:36:53 UTC 2018
476 ms. Memory: 549376K Free: 427374K (78%)
ptolemy.util.test.WatchDog.cancel(): canceling Mon Jun 18 13:36:53 UTC 2018
------------------ testing $PTII/ptolemy/domains/de/test/auto/TimeDelayZeroDelay.xml
auto.tcl: Setting watchdog for 200 seconds at Mon Jun 18 13:36:54 UTC 2018
2 ms. Memory: 550400K Free: 533986K (97%)
ptolemy.util.test.WatchDog.cancel(): canceling Mon Jun 18 13:36:54 UTC 2018
auto.tcl: Setting watchdog for 200 seconds at Mon Jun 18 13:36:54 UTC 2018
1 ms. Memory: 550400K Free: 533986K (97%)
ptolemy.util.test.WatchDog.cancel(): canceling Mon Jun 18 13:36:54 UTC 2018
------------------ testing $PTII/ptolemy/domains/de/test/auto/TimerZeroDelay.xml
auto.tcl: Setting watchdog for 200 seconds at Mon Jun 18 13:36:54 UTC 2018
2 ms. Memory: 549376K Free: 533236K (97%)
ptolemy.util.test.WatchDog.cancel(): canceling Mon Jun 18 13:36:54 UTC 2018
auto.tcl: Setting watchdog for 200 seconds at Mon Jun 18 13:36:54 UTC 2018
2 ms. Memory: 549376K Free: 533236K (97%)
ptolemy.util.test.WatchDog.cancel(): canceling Mon Jun 18 13:36:54 UTC 2018
------------------ testing $PTII/ptolemy/domains/de/test/auto/TimingParadox.xml
auto.tcl: Setting watchdog for 200 seconds at Mon Jun 18 13:36:54 UTC 2018
355 ms. Memory: 549888K Free: 467023K (85%)
ptolemy.util.test.WatchDog.cancel(): canceling Mon Jun 18 13:36:54 UTC 2018
auto.tcl: Setting watchdog for 200 seconds at Mon Jun 18 13:36:54 UTC 2018
346 ms. Memory: 549888K Free: 433327K (79%)
ptolemy.util.test.WatchDog.cancel(): canceling Mon Jun 18 13:36:54 UTC 2018
------------------ testing $PTII/ptolemy/domains/de/test/auto/TransferInputs.xml
auto.tcl: Setting watchdog for 200 seconds at Mon Jun 18 13:36:54 UTC 2018
1 ms. Memory: 549888K Free: 532652K (97%)
ptolemy.util.test.WatchDog.cancel(): canceling Mon Jun 18 13:36:54 UTC 2018
auto.tcl: Setting watchdog for 200 seconds at Mon Jun 18 13:36:54 UTC 2018
2 ms. Memory: 549888K Free: 532652K (97%)
ptolemy.util.test.WatchDog.cancel(): canceling Mon Jun 18 13:36:54 UTC 2018
------------------ testing $PTII/ptolemy/domains/de/test/auto/TransferOutputs2.xml
auto.tcl: Setting watchdog for 200 seconds at Mon Jun 18 13:36:55 UTC 2018
7 ms. Memory: 549376K Free: 521806K (95%)
ptolemy.util.test.WatchDog.cancel(): canceling Mon Jun 18 13:36:55 UTC 2018
auto.tcl: Setting watchdog for 200 seconds at Mon Jun 18 13:36:55 UTC 2018
3 ms. Memory: 549376K Free: 521806K (95%)
ptolemy.util.test.WatchDog.cancel(): canceling Mon Jun 18 13:36:55 UTC 2018
------------------ testing $PTII/ptolemy/domains/de/test/auto/Trilateration.xml
auto.tcl: Setting watchdog for 200 seconds at Mon Jun 18 13:36:55 UTC 2018
13703 ms. Memory: 766976K Free: 227155K (30%)
ptolemy.util.test.WatchDog.cancel(): canceling Mon Jun 18 13:37:09 UTC 2018
auto.tcl: Setting watchdog for 200 seconds at Mon Jun 18 13:37:09 UTC 2018
11048 ms. Memory: 646144K Free: 79440K (12%)
ptolemy.util.test.WatchDog.cancel(): canceling Mon Jun 18 13:37:20 UTC 2018
------------------ testing $PTII/ptolemy/domains/de/test/auto/TwoSigmaDelta.xml
auto.tcl: Setting watchdog for 200 seconds at Mon Jun 18 13:37:21 UTC 2018
2621 ms. Memory: 649728K Free: 330680K (51%)
ptolemy.util.test.WatchDog.cancel(): canceling Mon Jun 18 13:37:23 UTC 2018
auto.tcl: Setting watchdog for 200 seconds at Mon Jun 18 13:37:23 UTC 2018
1929 ms. Memory: 649728K Free: 102583K (16%)
ptolemy.util.test.WatchDog.cancel(): canceling Mon Jun 18 13:37:25 UTC 2018
------------------ testing $PTII/ptolemy/domains/de/test/auto/VariableDelay.xml
auto.tcl: Setting watchdog for 200 seconds at Mon Jun 18 13:37:25 UTC 2018
3 ms. Memory: 646656K Free: 627121K (97%)
ptolemy.util.test.WatchDog.cancel(): canceling Mon Jun 18 13:37:25 UTC 2018
auto.tcl: Setting watchdog for 200 seconds at Mon Jun 18 13:37:25 UTC 2018
2 ms. Memory: 646656K Free: 627121K (97%)
ptolemy.util.test.WatchDog.cancel(): canceling Mon Jun 18 13:37:25 UTC 2018
------------------ testing $PTII/ptolemy/domains/de/test/auto/VariableDelay2.xml
auto.tcl: Setting watchdog for 200 seconds at Mon Jun 18 13:37:25 UTC 2018
2 ms. Memory: 646144K Free: 627055K (97%)
ptolemy.util.test.WatchDog.cancel(): canceling Mon Jun 18 13:37:25 UTC 2018
auto.tcl: Setting watchdog for 200 seconds at Mon Jun 18 13:37:25 UTC 2018
1 ms. Memory: 646144K Free: 627055K (97%)
ptolemy.util.test.WatchDog.cancel(): canceling Mon Jun 18 13:37:25 UTC 2018
------------------ testing $PTII/ptolemy/domains/de/test/auto/VariableDelayZeroDelay.xml
auto.tcl: Setting watchdog for 200 seconds at Mon Jun 18 13:37:25 UTC 2018
2 ms. Memory: 646144K Free: 621406K (96%)
ptolemy.util.test.WatchDog.cancel(): canceling Mon Jun 18 13:37:25 UTC 2018
auto.tcl: Setting watchdog for 200 seconds at Mon Jun 18 13:37:25 UTC 2018
3 ms. Memory: 646144K Free: 621406K (96%)
ptolemy.util.test.WatchDog.cancel(): canceling Mon Jun 18 13:37:25 UTC 2018
------------------ testing $PTII/ptolemy/domains/de/test/auto/VariableDelayZeroDelay2.xml
auto.tcl: Setting watchdog for 200 seconds at Mon Jun 18 13:37:25 UTC 2018
2 ms. Memory: 649216K Free: 624477K (96%)
ptolemy.util.test.WatchDog.cancel(): canceling Mon Jun 18 13:37:25 UTC 2018
auto.tcl: Setting watchdog for 200 seconds at Mon Jun 18 13:37:25 UTC 2018
2 ms. Memory: 649216K Free: 624477K (96%)
ptolemy.util.test.WatchDog.cancel(): canceling Mon Jun 18 13:37:25 UTC 2018
------------------ testing $PTII/ptolemy/domains/de/test/auto/deInCt.xml
auto.tcl: Setting watchdog for 200 seconds at Mon Jun 18 13:37:26 UTC 2018
0
1
1
1
0
0
0
0
0
1
1
1
0
0
0
1
1
1
1
1
0
0
0
1
1
1
0
0
0
0
0
15 ms. Memory: 646144K Free: 621401K (96%)
ptolemy.util.test.WatchDog.cancel(): canceling Mon Jun 18 13:37:26 UTC 2018
auto.tcl: Setting watchdog for 200 seconds at Mon Jun 18 13:37:26 UTC 2018
0
1
1
1
0
0
0
1
1
1
0
0
0
1
1
1
0
0
0
0
1
1
1
1
1
0
0
0
0
0
0
0
9 ms. Memory: 646144K Free: 621401K (96%)
ptolemy.util.test.WatchDog.cancel(): canceling Mon Jun 18 13:37:26 UTC 2018
------------------ testing $PTII/ptolemy/domains/de/test/auto/deInCt2.xml
auto.tcl: Setting watchdog for 200 seconds at Mon Jun 18 13:37:26 UTC 2018
0
1
1
1
0
0
1
1
1
0
0
1
1
1
0
0
1
1
1
0
0
1
1
1
0
0
1
1
1
0
0
1
1
1
0
0
1
1
1
0
0
0
12 ms. Memory: 648704K Free: 623962K (96%)
ptolemy.util.test.WatchDog.cancel(): canceling Mon Jun 18 13:37:26 UTC 2018
auto.tcl: Setting watchdog for 200 seconds at Mon Jun 18 13:37:26 UTC 2018
0
1
1
1
0
0
1
1
1
0
0
1
1
1
0
0
1
1
1
0
0
1
1
1
0
0
1
1
1
0
0
1
1
1
0
0
1
1
1
0
0
0
4 ms. Memory: 648704K Free: 623962K (96%)
ptolemy.util.test.WatchDog.cancel(): canceling Mon Jun 18 13:37:26 UTC 2018
------------------ testing $PTII/ptolemy/domains/de/test/auto/dynamicCausalityInterface1.xml
auto.tcl: Setting watchdog for 200 seconds at Mon Jun 18 13:37:26 UTC 2018
3 ms. Memory: 646144K Free: 612787K (95%)
ptolemy.util.test.WatchDog.cancel(): canceling Mon Jun 18 13:37:26 UTC 2018
auto.tcl: Setting watchdog for 200 seconds at Mon Jun 18 13:37:26 UTC 2018
1 ms. Memory: 646144K Free: 612787K (95%)
ptolemy.util.test.WatchDog.cancel(): canceling Mon Jun 18 13:37:26 UTC 2018
------------------ testing $PTII/ptolemy/domains/de/test/auto/fsm_de_test.xml
auto.tcl: Setting watchdog for 200 seconds at Mon Jun 18 13:37:26 UTC 2018
8 ms. Memory: 648192K Free: 623341K (96%)
ptolemy.util.test.WatchDog.cancel(): canceling Mon Jun 18 13:37:26 UTC 2018
auto.tcl: Setting watchdog for 200 seconds at Mon Jun 18 13:37:26 UTC 2018
5 ms. Memory: 648192K Free: 614739K (95%)
ptolemy.util.test.WatchDog.cancel(): canceling Mon Jun 18 13:37:26 UTC 2018
------------------ testing $PTII/ptolemy/domains/de/test/auto/functionDependencyReconstruction.xml
auto.tcl: Setting watchdog for 200 seconds at Mon Jun 18 13:37:26 UTC 2018
3 ms. Memory: 646144K Free: 612673K (95%)
ptolemy.util.test.WatchDog.cancel(): canceling Mon Jun 18 13:37:26 UTC 2018
auto.tcl: Setting watchdog for 200 seconds at Mon Jun 18 13:37:26 UTC 2018
3 ms. Memory: 646144K Free: 612673K (95%)
ptolemy.util.test.WatchDog.cancel(): canceling Mon Jun 18 13:37:26 UTC 2018
------------------ testing $PTII/ptolemy/domains/de/test/auto/multirate.xml
auto.tcl: Setting watchdog for 200 seconds at Mon Jun 18 13:37:26 UTC 2018
5 ms. Memory: 648192K Free: 623207K (96%)
ptolemy.util.test.WatchDog.cancel(): canceling Mon Jun 18 13:37:26 UTC 2018
auto.tcl: Setting watchdog for 200 seconds at Mon Jun 18 13:37:26 UTC 2018
3 ms. Memory: 648192K Free: 623207K (96%)
ptolemy.util.test.WatchDog.cancel(): canceling Mon Jun 18 13:37:26 UTC 2018
------------------ testing $PTII/ptolemy/domains/de/test/auto/multirate2.xml
auto.tcl: Setting watchdog for 200 seconds at Mon Jun 18 13:37:26 UTC 2018
7 ms. Memory: 646144K Free: 621348K (96%)
ptolemy.util.test.WatchDog.cancel(): canceling Mon Jun 18 13:37:26 UTC 2018
auto.tcl: Setting watchdog for 200 seconds at Mon Jun 18 13:37:26 UTC 2018
3 ms. Memory: 646144K Free: 621348K (96%)
ptolemy.util.test.WatchDog.cancel(): canceling Mon Jun 18 13:37:26 UTC 2018
------------------ testing $PTII/ptolemy/domains/de/test/auto/realtime.xml
auto.tcl: Setting watchdog for 200 seconds at Mon Jun 18 13:37:26 UTC 2018
10002 ms. Memory: 647680K Free: 622850K (96%)
ptolemy.util.test.WatchDog.cancel(): canceling Mon Jun 18 13:37:36 UTC 2018
auto.tcl: Setting watchdog for 200 seconds at Mon Jun 18 13:37:36 UTC 2018
10001 ms. Memory: 647680K Free: 622850K (96%)
ptolemy.util.test.WatchDog.cancel(): canceling Mon Jun 18 13:37:46 UTC 2018
------------------ testing $PTII/ptolemy/domains/de/test/auto/relationGroup.xml
auto.tcl: Setting watchdog for 200 seconds at Mon Jun 18 13:37:46 UTC 2018
2 ms. Memory: 646144K Free: 621372K (96%)
ptolemy.util.test.WatchDog.cancel(): canceling Mon Jun 18 13:37:46 UTC 2018
auto.tcl: Setting watchdog for 200 seconds at Mon Jun 18 13:37:46 UTC 2018
2 ms. Memory: 646144K Free: 621372K (96%)
ptolemy.util.test.WatchDog.cancel(): canceling Mon Jun 18 13:37:46 UTC 2018
------------------ testing $PTII/ptolemy/domains/de/test/auto/relationGroup2.xml
auto.tcl: Setting watchdog for 200 seconds at Mon Jun 18 13:37:46 UTC 2018
1 ms. Memory: 647680K Free: 622935K (96%)
ptolemy.util.test.WatchDog.cancel(): canceling Mon Jun 18 13:37:46 UTC 2018
auto.tcl: Setting watchdog for 200 seconds at Mon Jun 18 13:37:46 UTC 2018
2 ms. Memory: 647680K Free: 622935K (96%)
ptolemy.util.test.WatchDog.cancel(): canceling Mon Jun 18 13:37:46 UTC 2018
------------------ testing $PTII/ptolemy/domains/de/test/auto/sortWithOpaquePorts.xml
auto.tcl: Setting watchdog for 200 seconds at Mon Jun 18 13:37:46 UTC 2018
1 ms. Memory: 646144K Free: 621399K (96%)
ptolemy.util.test.WatchDog.cancel(): canceling Mon Jun 18 13:37:46 UTC 2018
auto.tcl: Setting watchdog for 200 seconds at Mon Jun 18 13:37:46 UTC 2018
1 ms. Memory: 646144K Free: 621399K (96%)
ptolemy.util.test.WatchDog.cancel(): canceling Mon Jun 18 13:37:46 UTC 2018
------------------ testing $PTII/ptolemy/domains/de/test/auto/transferInputsandOutputs.xml
auto.tcl: Setting watchdog for 200 seconds at Mon Jun 18 13:37:46 UTC 2018
4 ms. Memory: 647168K Free: 622411K (96%)
ptolemy.util.test.WatchDog.cancel(): canceling Mon Jun 18 13:37:46 UTC 2018
auto.tcl: Setting watchdog for 200 seconds at Mon Jun 18 13:37:46 UTC 2018
3 ms. Memory: 647168K Free: 622411K (96%)
ptolemy.util.test.WatchDog.cancel(): canceling Mon Jun 18 13:37:46 UTC 2018
------------------ testing $PTII/ptolemy/domains/de/test/auto/triggerType.xml
auto.tcl: Setting watchdog for 200 seconds at Mon Jun 18 13:37:46 UTC 2018
2 ms. Memory: 646144K Free: 621338K (96%)
ptolemy.util.test.WatchDog.cancel(): canceling Mon Jun 18 13:37:46 UTC 2018
auto.tcl: Setting watchdog for 200 seconds at Mon Jun 18 13:37:46 UTC 2018
2 ms. Memory: 646144K Free: 621338K (96%)
ptolemy.util.test.WatchDog.cancel(): canceling Mon Jun 18 13:37:46 UTC 2018
06/18/18 01:37:47
Failed: 0  Total Tests: 192  ((Passed: 187, Newly Passed: 1)  Known Failed: 5) /home/travis/build/icyphy/ptII/ptolemy/domains/de/test
06/18/18 01:37:47
Failed: 0  Total Tests: 192  ((Passed: 187, Newly Passed: 1)  Known Failed: 5) /home/travis/build/icyphy/ptII/ptolemy/domains/de/test
----------------- testing (KnownFailure) /home/travis/build/icyphy/ptII/ptolemy/domains/de/test/auto/knownFailedTests/DESDFClockTest.xml
2015 ms. Memory: 647168K Free: 611120K (94%)
Known Failure: java.lang.reflect.InvocationTargetException
----------------- testing (KnownFailure) /home/travis/build/icyphy/ptII/ptolemy/domains/de/test/auto/knownFailedTests/DirectFeedback.xml
4 ms. Memory: 647168K Free: 565941K (87%)
Known Failure: java.lang.reflect.InvocationTargetException
----------------- testing (KnownFailure) /home/travis/build/icyphy/ptII/ptolemy/domains/de/test/auto/knownFailedTests/FSMSource.xml
11 ms. Memory: 647168K Free: 520762K (80%)
----------------- testing (KnownFailure) /home/travis/build/icyphy/ptII/ptolemy/domains/de/test/auto/knownFailedTests/HierarchicalModel.xml
2 ms. Memory: 647168K Free: 486830K (75%)
Known Failure: java.lang.reflect.InvocationTargetException
----------------- testing (KnownFailure) /home/travis/build/icyphy/ptII/ptolemy/domains/de/test/auto/knownFailedTests/dependencyLoop.xml
2 ms. Memory: 647168K Free: 430356K (66%)
Known Failure: java.lang.reflect.InvocationTargetException
----------------- testing (KnownFailure) /home/travis/build/icyphy/ptII/ptolemy/domains/de/test/auto/knownFailedTests/dependencyLoop2.xml
1 ms. Memory: 647168K Free: 373866K (58%)
Known Failure: java.lang.reflect.InvocationTargetException
No auto/linux-amd64/*.xml tests in /home/travis/build/icyphy/ptII/ptolemy/domains/de/test
AutoTests.java: About to close Vertx.
AutoTests.java: Vertx closed.

===========================================================================================
----------------- testing Mon Jun 18 13:37:49 UTC 2018 /home/travis/build/icyphy/ptII/ptolemy/domains/de/test/auto/ActorDepthCalculation_actorWithoutPorts.xml
----------------- Instantiating /home/travis/build/icyphy/ptII/ptolemy/domains/de/test/auto/ActorDepthCalculation_actorWithoutPorts.xml
1 ms. Memory: 647168K Free: 317392K (49%)
----------------- Invoking toplevel() on ptolemy.moml.MoMLSimpleApplication@44fe6473
----------------- Done invoking toplevel() on ptolemy.moml.MoMLSimpleApplication@44fe6473
reloadAllAccessors: .ActorDepthCalculation_actorWithoutPorts

===========================================================================================
----------------- testing Mon Jun 18 13:37:49 UTC 2018 /home/travis/build/icyphy/ptII/ptolemy/domains/de/test/auto/AssemblyLine.xml
----------------- Instantiating /home/travis/build/icyphy/ptII/ptolemy/domains/de/test/auto/AssemblyLine.xml
2 ms. Memory: 647168K Free: 294802K (46%)
----------------- Invoking toplevel() on ptolemy.moml.MoMLSimpleApplication@4a4424e6
----------------- Done invoking toplevel() on ptolemy.moml.MoMLSimpleApplication@4a4424e6
reloadAllAccessors: .AssemblyLine

===========================================================================================
----------------- testing Mon Jun 18 13:37:49 UTC 2018 /home/travis/build/icyphy/ptII/ptolemy/domains/de/test/auto/CQBug1.xml
----------------- Instantiating /home/travis/build/icyphy/ptII/ptolemy/domains/de/test/auto/CQBug1.xml
1 ms. Memory: 647168K Free: 272213K (42%)
----------------- Invoking toplevel() on ptolemy.moml.MoMLSimpleApplication@4a175b61
----------------- Done invoking toplevel() on ptolemy.moml.MoMLSimpleApplication@4a175b61
reloadAllAccessors: .CQBug1

===========================================================================================
----------------- testing Mon Jun 18 13:37:49 UTC 2018 /home/travis/build/icyphy/ptII/ptolemy/domains/de/test/auto/CancelFireAt.xml
----------------- Instantiating /home/travis/build/icyphy/ptII/ptolemy/domains/de/test/auto/CancelFireAt.xml
1 ms. Memory: 647168K Free: 249623K (39%)
----------------- Invoking toplevel() on ptolemy.moml.MoMLSimpleApplication@4f91cde5
----------------- Done invoking toplevel() on ptolemy.moml.MoMLSimpleApplication@4f91cde5
reloadAllAccessors: .CancelFireAt

===========================================================================================
----------------- testing Mon Jun 18 13:37:49 UTC 2018 /home/travis/build/icyphy/ptII/ptolemy/domains/de/test/auto/CausalityAndComposabilityAnalysis.xml
----------------- Instantiating /home/travis/build/icyphy/ptII/ptolemy/domains/de/test/auto/CausalityAndComposabilityAnalysis.xml
2 ms. Memory: 647168K Free: 227034K (35%)
----------------- Invoking toplevel() on ptolemy.moml.MoMLSimpleApplication@16bc04f4
----------------- Done invoking toplevel() on ptolemy.moml.MoMLSimpleApplication@16bc04f4
reloadAllAccessors: .CausalityAndComposabilityAnalysis

===========================================================================================
----------------- testing Mon Jun 18 13:37:49 UTC 2018 /home/travis/build/icyphy/ptII/ptolemy/domains/de/test/auto/CausalityInterface1.xml
----------------- Instantiating /home/travis/build/icyphy/ptII/ptolemy/domains/de/test/auto/CausalityInterface1.xml
3 ms. Memory: 647168K Free: 204444K (32%)
----------------- Invoking toplevel() on ptolemy.moml.MoMLSimpleApplication@11150b12
----------------- Done invoking toplevel() on ptolemy.moml.MoMLSimpleApplication@11150b12
reloadAllAccessors: .CausalityInterface1

===========================================================================================
----------------- testing Mon Jun 18 13:37:49 UTC 2018 /home/travis/build/icyphy/ptII/ptolemy/domains/de/test/auto/CausalityInterface15.xml
----------------- Instantiating /home/travis/build/icyphy/ptII/ptolemy/domains/de/test/auto/CausalityInterface15.xml
2 ms. Memory: 647168K Free: 181855K (28%)
----------------- Invoking toplevel() on ptolemy.moml.MoMLSimpleApplication@2ebb5751
----------------- Done invoking toplevel() on ptolemy.moml.MoMLSimpleApplication@2ebb5751
reloadAllAccessors: .CausalityInterface15

[...]
java.lang.RuntimeException: Execution failed
	at ptolemy.moml.MoMLSimpleApplication$UnloadThread.run(MoMLSimpleApplication.java:402)
Caused by: ptolemy.kernel.util.IllegalActionException: Test fails in iteration 1.
Value was: 1.0. Should have been: 2.0
  in .DirectFeedback.Test
	at ptolemy.actor.lib.Test.fire(Test.java:268)
	at ptolemy.domains.de.kernel.DEDirector._fire(DEDirector.java:1949)
	at ptolemy.domains.de.kernel.DEDirector.fire(DEDirector.java:502)
	at ptolemy.actor.CompositeActor.fire(CompositeActor.java:455)
	at ptolemy.actor.Manager.iterate(Manager.java:851)
	at ptolemy.actor.Manager.execute(Manager.java:369)
	at ptolemy.actor.Manager.run(Manager.java:1263)
	at ptolemy.actor.Manager$PtolemyRunThread.run(Manager.java:1915)
java.lang.RuntimeException: Execution failed
	at ptolemy.moml.MoMLSimpleApplication$UnloadThread.run(MoMLSimpleApplication.java:402)
Caused by: ptolemy.kernel.util.IllegalActionException: Actor is not ready to fire.  Perhaps UpSample.prefire() returned false? Try debugging the actor by selecting "Listen to Actor".  Also, for SDF check moml for tokenConsumptionRate on input.
  in .DESDFClockTest.Play Bell.Copy1:SDF Director and .DESDFClockTest.Play Bell.UpSample
	at ptolemy.actor.sched.StaticSchedulingDirector.fire(StaticSchedulingDirector.java:227)
	at ptolemy.domains.sdf.kernel.SDFDirector.fire(SDFDirector.java:500)
	at ptolemy.actor.CompositeActor.fire(CompositeActor.java:455)
	at ptolemy.domains.de.kernel.DEDirector._fire(DEDirector.java:1949)
	at ptolemy.domains.de.kernel.DEDirector.fire(DEDirector.java:502)
	at ptolemy.actor.CompositeActor.fire(CompositeActor.java:455)
	at ptolemy.actor.Manager.iterate(Manager.java:851)
	at ptolemy.actor.Manager.execute(Manager.java:369)
	at ptolemy.actor.Manager.run(Manager.java:1263)
	at ptolemy.actor.Manager$PtolemyRunThread.run(Manager.java:1915)
java.lang.reflect.InvocationTargetException
	at sun.reflect.NativeConstructorAccessorImpl.newInstance0(Native Method)
	at sun.reflect.NativeConstructorAccessorImpl.newInstance(NativeConstructorAccessorImpl.java:62)
	at sun.reflect.DelegatingConstructorAccessorImpl.newInstance(DelegatingConstructorAccessorImpl.java:45)
	at java.lang.reflect.Constructor.newInstance(Constructor.java:423)
	at ptolemy.util.test.junit.AutoKnownFailedTests.RunModel(AutoKnownFailedTests.java:107)
	at sun.reflect.NativeMethodAccessorImpl.invoke0(Native Method)
	at sun.reflect.NativeMethodAccessorImpl.invoke(NativeMethodAccessorImpl.java:62)
	at sun.reflect.DelegatingMethodAccessorImpl.invoke(DelegatingMethodAccessorImpl.java:43)
	at java.lang.reflect.Method.invoke(Method.java:498)
	at org.junit.runners.model.FrameworkMethod$1.runReflectiveCall(FrameworkMethod.java:44)
	at org.junit.internal.runners.model.ReflectiveCallable.run(ReflectiveCallable.java:15)
	at org.junit.runners.model.FrameworkMethod.invokeExplosively(FrameworkMethod.java:41)
	at junitparams.internal.InvokeParameterisedMethod.evaluate(InvokeParameterisedMethod.java:102)
	at org.junit.internal.runners.statements.FailOnTimeout$1.run(FailOnTimeout.java:28)
Caused by: ptolemy.kernel.util.IllegalActionException: Actor is not ready to fire.  Perhaps UpSample.prefire() returned false? Try debugging the actor by selecting "Listen to Actor".  Also, for SDF check moml for tokenConsumptionRate on input.
  in .DESDFClockTest.Play Bell.Copy1:SDF Director and .DESDFClockTest.Play Bell.UpSample
	at ptolemy.actor.sched.StaticSchedulingDirector.fire(StaticSchedulingDirector.java:227)
	at ptolemy.domains.sdf.kernel.SDFDirector.fire(SDFDirector.java:500)
	at ptolemy.actor.CompositeActor.fire(CompositeActor.java:455)
	at ptolemy.domains.de.kernel.DEDirector._fire(DEDirector.java:1949)
	at ptolemy.domains.de.kernel.DEDirector.fire(DEDirector.java:502)
	at ptolemy.actor.CompositeActor.fire(CompositeActor.java:455)
	at ptolemy.actor.Manager.iterate(Manager.java:851)
	at ptolemy.actor.Manager.execute(Manager.java:369)
	at ptolemy.actor.Manager.run(Manager.java:1263)
	at ptolemy.actor.Manager$PtolemyRunThread.run(Manager.java:1915)
java.lang.RuntimeException: Execution failed
	at ptolemy.moml.MoMLSimpleApplication$UnloadThread.run(MoMLSimpleApplication.java:402)
Caused by: ptolemy.kernel.util.IllegalActionException: Test fails in iteration 1.
Value was: 1.0. Should have been: 2.0
  in .DirectFeedback.Test
	at ptolemy.actor.lib.Test.fire(Test.java:268)
	at ptolemy.domains.de.kernel.DEDirector._fire(DEDirector.java:1949)
	at ptolemy.domains.de.kernel.DEDirector.fire(DEDirector.java:502)
	at ptolemy.actor.CompositeActor.fire(CompositeActor.java:455)
	at ptolemy.actor.Manager.iterate(Manager.java:851)
	at ptolemy.actor.Manager.execute(Manager.java:369)
	at ptolemy.actor.Manager.run(Manager.java:1263)
	at ptolemy.actor.Manager$PtolemyRunThread.run(Manager.java:1915)
java.lang.reflect.InvocationTargetException
	at sun.reflect.NativeConstructorAccessorImpl.newInstance0(Native Method)
	at sun.reflect.NativeConstructorAccessorImpl.newInstance(NativeConstructorAccessorImpl.java:62)
	at sun.reflect.DelegatingConstructorAccessorImpl.newInstance(DelegatingConstructorAccessorImpl.java:45)
	at java.lang.reflect.Constructor.newInstance(Constructor.java:423)
	at ptolemy.util.test.junit.AutoKnownFailedTests.RunModel(AutoKnownFailedTests.java:107)
	at sun.reflect.NativeMethodAccessorImpl.invoke0(Native Method)
	at sun.reflect.NativeMethodAccessorImpl.invoke(NativeMethodAccessorImpl.java:62)
	at sun.reflect.DelegatingMethodAccessorImpl.invoke(DelegatingMethodAccessorImpl.java:43)
	at java.lang.reflect.Method.invoke(Method.java:498)
	at org.junit.runners.model.FrameworkMethod$1.runReflectiveCall(FrameworkMethod.java:44)
	at org.junit.internal.runners.model.ReflectiveCallable.run(ReflectiveCallable.java:15)
	at org.junit.runners.model.FrameworkMethod.invokeExplosively(FrameworkMethod.java:41)
	at junitparams.internal.InvokeParameterisedMethod.evaluate(InvokeParameterisedMethod.java:102)
	at org.junit.internal.runners.statements.FailOnTimeout$1.run(FailOnTimeout.java:28)
Caused by: ptolemy.kernel.util.IllegalActionException: Test fails in iteration 1.
Value was: 1.0. Should have been: 2.0
  in .DirectFeedback.Test
	at ptolemy.actor.lib.Test.fire(Test.java:268)
	at ptolemy.domains.de.kernel.DEDirector._fire(DEDirector.java:1949)
	at ptolemy.domains.de.kernel.DEDirector.fire(DEDirector.java:502)
	at ptolemy.actor.CompositeActor.fire(CompositeActor.java:455)
	at ptolemy.actor.Manager.iterate(Manager.java:851)
	at ptolemy.actor.Manager.execute(Manager.java:369)
	at ptolemy.actor.Manager.run(Manager.java:1263)
	at ptolemy.actor.Manager$PtolemyRunThread.run(Manager.java:1915)
java.lang.RuntimeException: Execution failed
	at ptolemy.moml.MoMLSimpleApplication$UnloadThread.run(MoMLSimpleApplication.java:402)
Caused by: ptolemy.kernel.util.IllegalActionException: Found a zero delay loop containing .HierarchicalModel.A
  in .HierarchicalModel and .HierarchicalModel.A
	at ptolemy.actor.util.CausalityInterfaceForComposites._computeOutputPortDepth(CausalityInterfaceForComposites.java:759)
	at ptolemy.actor.util.CausalityInterfaceForComposites._computeInputDepth(CausalityInterfaceForComposites.java:696)
	at ptolemy.actor.util.CausalityInterfaceForComposites._computeOutputPortDepth(CausalityInterfaceForComposites.java:765)
	at ptolemy.actor.util.CausalityInterfaceForComposites._computeInputDepth(CausalityInterfaceForComposites.java:696)
	at ptolemy.actor.util.CausalityInterfaceForComposites._computeOutputPortDepth(CausalityInterfaceForComposites.java:765)
	at ptolemy.actor.util.CausalityInterfaceForComposites._computeInputDepth(CausalityInterfaceForComposites.java:696)
	at ptolemy.actor.util.CausalityInterfaceForComposites._computeActorDepth(CausalityInterfaceForComposites.java:532)
	at ptolemy.actor.util.CausalityInterfaceForComposites.checkForCycles(CausalityInterfaceForComposites.java:96)
	at ptolemy.domains.de.kernel.DEDirector.preinitialize(DEDirector.java:1338)
	at ptolemy.actor.CompositeActor.preinitialize(CompositeActor.java:1828)
	at ptolemy.actor.Manager.preinitializeAndResolveTypes(Manager.java:1040)
	at ptolemy.actor.Manager.initialize(Manager.java:710)
	at ptolemy.actor.Manager.execute(Manager.java:356)
	at ptolemy.actor.Manager.run(Manager.java:1263)
	at ptolemy.actor.Manager$PtolemyRunThread.run(Manager.java:1915)
java.lang.reflect.InvocationTargetException
	at sun.reflect.NativeConstructorAccessorImpl.newInstance0(Native Method)
	at sun.reflect.NativeConstructorAccessorImpl.newInstance(NativeConstructorAccessorImpl.java:62)
	at sun.reflect.DelegatingConstructorAccessorImpl.newInstance(DelegatingConstructorAccessorImpl.java:45)
	at java.lang.reflect.Constructor.newInstance(Constructor.java:423)
	at ptolemy.util.test.junit.AutoKnownFailedTests.RunModel(AutoKnownFailedTests.java:107)
	at sun.reflect.NativeMethodAccessorImpl.invoke0(Native Method)
	at sun.reflect.NativeMethodAccessorImpl.invoke(NativeMethodAccessorImpl.java:62)
	at sun.reflect.DelegatingMethodAccessorImpl.invoke(DelegatingMethodAccessorImpl.java:43)
	at java.lang.reflect.Method.invoke(Method.java:498)
	at org.junit.runners.model.FrameworkMethod$1.runReflectiveCall(FrameworkMethod.java:44)
	at org.junit.internal.runners.model.ReflectiveCallable.run(ReflectiveCallable.java:15)
	at org.junit.runners.model.FrameworkMethod.invokeExplosively(FrameworkMethod.java:41)
	at junitparams.internal.InvokeParameterisedMethod.evaluate(InvokeParameterisedMethod.java:102)
	at org.junit.internal.runners.statements.FailOnTimeout$1.run(FailOnTimeout.java:28)
Caused by: ptolemy.kernel.util.IllegalActionException: Found a zero delay loop containing .HierarchicalModel.A
  in .HierarchicalModel and .HierarchicalModel.A
	at ptolemy.actor.util.CausalityInterfaceForComposites._computeOutputPortDepth(CausalityInterfaceForComposites.java:759)
	at ptolemy.actor.util.CausalityInterfaceForComposites._computeInputDepth(CausalityInterfaceForComposites.java:696)
	at ptolemy.actor.util.CausalityInterfaceForComposites._computeOutputPortDepth(CausalityInterfaceForComposites.java:765)
	at ptolemy.actor.util.CausalityInterfaceForComposites._computeInputDepth(CausalityInterfaceForComposites.java:696)
	at ptolemy.actor.util.CausalityInterfaceForComposites._computeOutputPortDepth(CausalityInterfaceForComposites.java:765)
	at ptolemy.actor.util.CausalityInterfaceForComposites._computeInputDepth(CausalityInterfaceForComposites.java:696)
	at ptolemy.actor.util.CausalityInterfaceForComposites._computeActorDepth(CausalityInterfaceForComposites.java:532)
	at ptolemy.actor.util.CausalityInterfaceForComposites.checkForCycles(CausalityInterfaceForComposites.java:96)
	at ptolemy.domains.de.kernel.DEDirector.preinitialize(DEDirector.java:1338)
	at ptolemy.actor.CompositeActor.preinitialize(CompositeActor.java:1828)
	at ptolemy.actor.Manager.preinitializeAndResolveTypes(Manager.java:1040)
	at ptolemy.actor.Manager.initialize(Manager.java:710)
	at ptolemy.actor.Manager.execute(Manager.java:356)
	at ptolemy.actor.Manager.run(Manager.java:1263)
	at ptolemy.actor.Manager$PtolemyRunThread.run(Manager.java:1915)
java.lang.RuntimeException: Execution failed
	at ptolemy.moml.MoMLSimpleApplication$UnloadThread.run(MoMLSimpleApplication.java:402)
Caused by: ptolemy.kernel.util.IllegalActionException: Found a zero delay loop containing .dependencyLoop.original
  in .dependencyLoop and .dependencyLoop.original
	at ptolemy.actor.util.CausalityInterfaceForComposites._computeOutputPortDepth(CausalityInterfaceForComposites.java:759)
	at ptolemy.actor.util.CausalityInterfaceForComposites._computeInputDepth(CausalityInterfaceForComposites.java:696)
	at ptolemy.actor.util.CausalityInterfaceForComposites._computeOutputPortDepth(CausalityInterfaceForComposites.java:765)
	at ptolemy.actor.util.CausalityInterfaceForComposites._computeInputDepth(CausalityInterfaceForComposites.java:696)
	at ptolemy.actor.util.CausalityInterfaceForComposites._computeOutputPortDepth(CausalityInterfaceForComposites.java:765)
	at ptolemy.actor.util.CausalityInterfaceForComposites._computeInputDepth(CausalityInterfaceForComposites.java:696)
	at ptolemy.actor.util.CausalityInterfaceForComposites._computeActorDepth(CausalityInterfaceForComposites.java:532)
	at ptolemy.actor.util.CausalityInterfaceForComposites.checkForCycles(CausalityInterfaceForComposites.java:96)
	at ptolemy.domains.de.kernel.DEDirector.preinitialize(DEDirector.java:1338)
	at ptolemy.actor.CompositeActor.preinitialize(CompositeActor.java:1828)
	at ptolemy.actor.Manager.preinitializeAndResolveTypes(Manager.java:1040)
	at ptolemy.actor.Manager.initialize(Manager.java:710)
	at ptolemy.actor.Manager.execute(Manager.java:356)
	at ptolemy.actor.Manager.run(Manager.java:1263)
	at ptolemy.actor.Manager$PtolemyRunThread.run(Manager.java:1915)
java.lang.reflect.InvocationTargetException
	at sun.reflect.NativeConstructorAccessorImpl.newInstance0(Native Method)
	at sun.reflect.NativeConstructorAccessorImpl.newInstance(NativeConstructorAccessorImpl.java:62)
	at sun.reflect.DelegatingConstructorAccessorImpl.newInstance(DelegatingConstructorAccessorImpl.java:45)
	at java.lang.reflect.Constructor.newInstance(Constructor.java:423)
	at ptolemy.util.test.junit.AutoKnownFailedTests.RunModel(AutoKnownFailedTests.java:107)
	at sun.reflect.NativeMethodAccessorImpl.invoke0(Native Method)
	at sun.reflect.NativeMethodAccessorImpl.invoke(NativeMethodAccessorImpl.java:62)
	at sun.reflect.DelegatingMethodAccessorImpl.invoke(DelegatingMethodAccessorImpl.java:43)
	at java.lang.reflect.Method.invoke(Method.java:498)
	at org.junit.runners.model.FrameworkMethod$1.runReflectiveCall(FrameworkMethod.java:44)
	at org.junit.internal.runners.model.ReflectiveCallable.run(ReflectiveCallable.java:15)
	at org.junit.runners.model.FrameworkMethod.invokeExplosively(FrameworkMethod.java:41)
	at junitparams.internal.InvokeParameterisedMethod.evaluate(InvokeParameterisedMethod.java:102)
	at org.junit.internal.runners.statements.FailOnTimeout$1.run(FailOnTimeout.java:28)
Caused by: ptolemy.kernel.util.IllegalActionException: Found a zero delay loop containing .dependencyLoop.original
  in .dependencyLoop and .dependencyLoop.original
	at ptolemy.actor.util.CausalityInterfaceForComposites._computeOutputPortDepth(CausalityInterfaceForComposites.java:759)
	at ptolemy.actor.util.CausalityInterfaceForComposites._computeInputDepth(CausalityInterfaceForComposites.java:696)
	at ptolemy.actor.util.CausalityInterfaceForComposites._computeOutputPortDepth(CausalityInterfaceForComposites.java:765)
	at ptolemy.actor.util.CausalityInterfaceForComposites._computeInputDepth(CausalityInterfaceForComposites.java:696)
	at ptolemy.actor.util.CausalityInterfaceForComposites._computeOutputPortDepth(CausalityInterfaceForComposites.java:765)
	at ptolemy.actor.util.CausalityInterfaceForComposites._computeInputDepth(CausalityInterfaceForComposites.java:696)
	at ptolemy.actor.util.CausalityInterfaceForComposites._computeActorDepth(CausalityInterfaceForComposites.java:532)
	at ptolemy.actor.util.CausalityInterfaceForComposites.checkForCycles(CausalityInterfaceForComposites.java:96)
	at ptolemy.domains.de.kernel.DEDirector.preinitialize(DEDirector.java:1338)
	at ptolemy.actor.CompositeActor.preinitialize(CompositeActor.java:1828)
	at ptolemy.actor.Manager.preinitializeAndResolveTypes(Manager.java:1040)
	at ptolemy.actor.Manager.initialize(Manager.java:710)
	at ptolemy.actor.Manager.execute(Manager.java:356)
	at ptolemy.actor.Manager.run(Manager.java:1263)
	at ptolemy.actor.Manager$PtolemyRunThread.run(Manager.java:1915)
java.lang.RuntimeException: Execution failed
	at ptolemy.moml.MoMLSimpleApplication$UnloadThread.run(MoMLSimpleApplication.java:402)
Caused by: ptolemy.kernel.util.IllegalActionException: Found a zero delay loop containing .dependencyLoop2.original
  in .dependencyLoop2 and .dependencyLoop2.original
	at ptolemy.actor.util.CausalityInterfaceForComposites._computeOutputPortDepth(CausalityInterfaceForComposites.java:759)
	at ptolemy.actor.util.CausalityInterfaceForComposites._computeInputDepth(CausalityInterfaceForComposites.java:696)
	at ptolemy.actor.util.CausalityInterfaceForComposites._computeOutputPortDepth(CausalityInterfaceForComposites.java:765)
	at ptolemy.actor.util.CausalityInterfaceForComposites._computeInputDepth(CausalityInterfaceForComposites.java:696)
	at ptolemy.actor.util.CausalityInterfaceForComposites._computeOutputPortDepth(CausalityInterfaceForComposites.java:765)
	at ptolemy.actor.util.CausalityInterfaceForComposites._computeInputDepth(CausalityInterfaceForComposites.java:696)
	at ptolemy.actor.util.CausalityInterfaceForComposites._computeActorDepth(CausalityInterfaceForComposites.java:532)
	at ptolemy.actor.util.CausalityInterfaceForComposites.checkForCycles(CausalityInterfaceForComposites.java:96)
	at ptolemy.domains.de.kernel.DEDirector.preinitialize(DEDirector.java:1338)
	at ptolemy.actor.CompositeActor.preinitialize(CompositeActor.java:1828)
	at ptolemy.actor.Manager.preinitializeAndResolveTypes(Manager.java:1040)
	at ptolemy.actor.Manager.initialize(Manager.java:710)
	at ptolemy.actor.Manager.execute(Manager.java:356)
	at ptolemy.actor.Manager.run(Manager.java:1263)
	at ptolemy.actor.Manager$PtolemyRunThread.run(Manager.java:1915)
java.lang.reflect.InvocationTargetException
	at sun.reflect.NativeConstructorAccessorImpl.newInstance0(Native Method)
	at sun.reflect.NativeConstructorAccessorImpl.newInstance(NativeConstructorAccessorImpl.java:62)
	at sun.reflect.DelegatingConstructorAccessorImpl.newInstance(DelegatingConstructorAccessorImpl.java:45)
	at java.lang.reflect.Constructor.newInstance(Constructor.java:423)
	at ptolemy.util.test.junit.AutoKnownFailedTests.RunModel(AutoKnownFailedTests.java:107)
	at sun.reflect.NativeMethodAccessorImpl.invoke0(Native Method)
	at sun.reflect.NativeMethodAccessorImpl.invoke(NativeMethodAccessorImpl.java:62)
	at sun.reflect.DelegatingMethodAccessorImpl.invoke(DelegatingMethodAccessorImpl.java:43)
	at java.lang.reflect.Method.invoke(Method.java:498)
	at org.junit.runners.model.FrameworkMethod$1.runReflectiveCall(FrameworkMethod.java:44)
	at org.junit.internal.runners.model.ReflectiveCallable.run(ReflectiveCallable.java:15)
	at org.junit.runners.model.FrameworkMethod.invokeExplosively(FrameworkMethod.java:41)
	at junitparams.internal.InvokeParameterisedMethod.evaluate(InvokeParameterisedMethod.java:102)
	at org.junit.internal.runners.statements.FailOnTimeout$1.run(FailOnTimeout.java:28)
Caused by: ptolemy.kernel.util.IllegalActionException: Found a zero delay loop containing .dependencyLoop2.original
  in .dependencyLoop2 and .dependencyLoop2.original
	at ptolemy.actor.util.CausalityInterfaceForComposites._computeOutputPortDepth(CausalityInterfaceForComposites.java:759)
	at ptolemy.actor.util.CausalityInterfaceForComposites._computeInputDepth(CausalityInterfaceForComposites.java:696)
	at ptolemy.actor.util.CausalityInterfaceForComposites._computeOutputPortDepth(CausalityInterfaceForComposites.java:765)
	at ptolemy.actor.util.CausalityInterfaceForComposites._computeInputDepth(CausalityInterfaceForComposites.java:696)
	at ptolemy.actor.util.CausalityInterfaceForComposites._computeOutputPortDepth(CausalityInterfaceForComposites.java:765)
	at ptolemy.actor.util.CausalityInterfaceForComposites._computeInputDepth(CausalityInterfaceForComposites.java:696)
	at ptolemy.actor.util.CausalityInterfaceForComposites._computeActorDepth(CausalityInterfaceForComposites.java:532)
	at ptolemy.actor.util.CausalityInterfaceForComposites.checkForCycles(CausalityInterfaceForComposites.java:96)
	at ptolemy.domains.de.kernel.DEDirector.preinitialize(DEDirector.java:1338)
	at ptolemy.actor.CompositeActor.preinitialize(CompositeActor.java:1828)
	at ptolemy.actor.Manager.preinitializeAndResolveTypes(Manager.java:1040)
	at ptolemy.actor.Manager.initialize(Manager.java:710)
	at ptolemy.actor.Manager.execute(Manager.java:356)
	at ptolemy.actor.Manager.run(Manager.java:1263)
	at ptolemy.actor.Manager$PtolemyRunThread.run(Manager.java:1915)
]]></system-err>
</testsuite>
