<?xml version="1.0" encoding="UTF-8" ?>
<testsuite errors="0" failures="0" hostname="travis-job-bf1e55b4-3d9a-4635-b81e-3dea94560f21" name="ptolemy.domains.continuous.test.junit.JUnitTclTest" skipped="0" tests="156" time="77.256" timestamp="2019-04-14T03:59:48">
  <properties>
[...]
</properties>
  <testcase classname="ptolemy.util.test.junit.TclTests" name="[0] ThereAreNoTclTests (RunTclFile)" time="0.001" />
  <testcase classname="ptolemy.util.test.junit.AutoKnownFailedTests" name="[0] ThereAreNoKnowFailedTests (RunModel)" time="0.001" />
  <testcase classname="ptolemy.util.test.junit.AutoNameArchTests" name="[0] ThereAreNoAutoArchTests (RunModel)" time="0.005" />
  <testcase classname="ptolemy.util.test.junit.AutoTests" name="[0] /home/travis/build/icyphy/ptII/ptolemy/domains/continuous/test/auto/BouncingBall.xml (RunModel)" time="2.913" />
  <testcase classname="ptolemy.util.test.junit.AutoTests" name="[1] /home/travis/build/icyphy/ptII/ptolemy/domains/continuous/test/auto/BouncingBallWithoutGR.xml (RunModel)" time="0.973" />
  <testcase classname="ptolemy.util.test.junit.AutoTests" name="[2] /home/travis/build/icyphy/ptII/ptolemy/domains/continuous/test/auto/Brownian.xml (RunModel)" time="0.125" />
  <testcase classname="ptolemy.util.test.junit.AutoTests" name="[3] /home/travis/build/icyphy/ptII/ptolemy/domains/continuous/test/auto/CarTracking.xml (RunModel)" time="3.56" />
  <testcase classname="ptolemy.util.test.junit.AutoTests" name="[4] /home/travis/build/icyphy/ptII/ptolemy/domains/continuous/test/auto/CartPendulum.xml (RunModel)" time="0.535" />
  <testcase classname="ptolemy.util.test.junit.AutoTests" name="[5] /home/travis/build/icyphy/ptII/ptolemy/domains/continuous/test/auto/CausalityInterface10.xml (RunModel)" time="0.052" />
  <testcase classname="ptolemy.util.test.junit.AutoTests" name="[6] /home/travis/build/icyphy/ptII/ptolemy/domains/continuous/test/auto/CausalityInterface11.xml (RunModel)" time="0.052" />
  <testcase classname="ptolemy.util.test.junit.AutoTests" name="[7] /home/travis/build/icyphy/ptII/ptolemy/domains/continuous/test/auto/CausalityInterface12.xml (RunModel)" time="0.043" />
  <testcase classname="ptolemy.util.test.junit.AutoTests" name="[8] /home/travis/build/icyphy/ptII/ptolemy/domains/continuous/test/auto/CausalityInterface13.xml (RunModel)" time="0.033" />
  <testcase classname="ptolemy.util.test.junit.AutoTests" name="[9] /home/travis/build/icyphy/ptII/ptolemy/domains/continuous/test/auto/CausalityInterface14.xml (RunModel)" time="0.028" />
  <testcase classname="ptolemy.util.test.junit.AutoTests" name="[10] /home/travis/build/icyphy/ptII/ptolemy/domains/continuous/test/auto/CausalityInterface4.xml (RunModel)" time="0.032" />
  <testcase classname="ptolemy.util.test.junit.AutoTests" name="[11] /home/travis/build/icyphy/ptII/ptolemy/domains/continuous/test/auto/CausalityInterface5.xml (RunModel)" time="0.039" />
  <testcase classname="ptolemy.util.test.junit.AutoTests" name="[12] /home/travis/build/icyphy/ptII/ptolemy/domains/continuous/test/auto/CausalityInterface6.xml (RunModel)" time="0.028" />
  <testcase classname="ptolemy.util.test.junit.AutoTests" name="[13] /home/travis/build/icyphy/ptII/ptolemy/domains/continuous/test/auto/CausalityInterface7.xml (RunModel)" time="0.043" />
  <testcase classname="ptolemy.util.test.junit.AutoTests" name="[14] /home/travis/build/icyphy/ptII/ptolemy/domains/continuous/test/auto/CausalityInterface8.xml (RunModel)" time="0.032" />
  <testcase classname="ptolemy.util.test.junit.AutoTests" name="[15] /home/travis/build/icyphy/ptII/ptolemy/domains/continuous/test/auto/CausalityInterface9.xml (RunModel)" time="0.045" />
  <testcase classname="ptolemy.util.test.junit.AutoTests" name="[16] /home/travis/build/icyphy/ptII/ptolemy/domains/continuous/test/auto/CausalityInterfaceFeedback1.xml (RunModel)" time="0.031" />
  <testcase classname="ptolemy.util.test.junit.AutoTests" name="[17] /home/travis/build/icyphy/ptII/ptolemy/domains/continuous/test/auto/CausalityInterfaceFeedback2.xml (RunModel)" time="0.037" />
  <testcase classname="ptolemy.util.test.junit.AutoTests" name="[18] /home/travis/build/icyphy/ptII/ptolemy/domains/continuous/test/auto/CompareWithCurrentTime.xml (RunModel)" time="0.024" />
  <testcase classname="ptolemy.util.test.junit.AutoTests" name="[19] /home/travis/build/icyphy/ptII/ptolemy/domains/continuous/test/auto/ComparedClocks.xml (RunModel)" time="0.08" />
  <testcase classname="ptolemy.util.test.junit.AutoTests" name="[20] /home/travis/build/icyphy/ptII/ptolemy/domains/continuous/test/auto/ContinuousAOCClone.xml (RunModel)" time="2.817" />
  <testcase classname="ptolemy.util.test.junit.AutoTests" name="[21] /home/travis/build/icyphy/ptII/ptolemy/domains/continuous/test/auto/ContinuousClock.xml (RunModel)" time="0.093" />
  <testcase classname="ptolemy.util.test.junit.AutoTests" name="[22] /home/travis/build/icyphy/ptII/ptolemy/domains/continuous/test/auto/ContinuousInContinuous.xml (RunModel)" time="0.096" />
  <testcase classname="ptolemy.util.test.junit.AutoTests" name="[23] /home/travis/build/icyphy/ptII/ptolemy/domains/continuous/test/auto/ContinuousInContinuousInContinuous.xml (RunModel)" time="0.03" />
  <testcase classname="ptolemy.util.test.junit.AutoTests" name="[24] /home/travis/build/icyphy/ptII/ptolemy/domains/continuous/test/auto/ContinuousInDE.xml (RunModel)" time="0.115" />
  <testcase classname="ptolemy.util.test.junit.AutoTests" name="[25] /home/travis/build/icyphy/ptII/ptolemy/domains/continuous/test/auto/ContinuousInDE2.xml (RunModel)" time="0.062" />
  <testcase classname="ptolemy.util.test.junit.AutoTests" name="[26] /home/travis/build/icyphy/ptII/ptolemy/domains/continuous/test/auto/ContinuousInDE3.xml (RunModel)" time="0.062" />
  <testcase classname="ptolemy.util.test.junit.AutoTests" name="[27] /home/travis/build/icyphy/ptII/ptolemy/domains/continuous/test/auto/ContinuousInDE4.xml (RunModel)" time="0.046" />
  <testcase classname="ptolemy.util.test.junit.AutoTests" name="[28] /home/travis/build/icyphy/ptII/ptolemy/domains/continuous/test/auto/ContinuousInDEDifferentRefinements.xml (RunModel)" time="0.127" />
  <testcase classname="ptolemy.util.test.junit.AutoTests" name="[29] /home/travis/build/icyphy/ptII/ptolemy/domains/continuous/test/auto/ContinuousInDEDifferentRefinementsPreemptive.xml (RunModel)" time="0.093" />
  <testcase classname="ptolemy.util.test.junit.AutoTests" name="[30] /home/travis/build/icyphy/ptII/ptolemy/domains/continuous/test/auto/ContinuousInDEInContinuous2.xml (RunModel)" time="0.067" />
  <testcase classname="ptolemy.util.test.junit.AutoTests" name="[31] /home/travis/build/icyphy/ptII/ptolemy/domains/continuous/test/auto/ContinuousInDEInContinuous3.xml (RunModel)" time="0.082" />
  <testcase classname="ptolemy.util.test.junit.AutoTests" name="[32] /home/travis/build/icyphy/ptII/ptolemy/domains/continuous/test/auto/ContinuousInDEInput.xml (RunModel)" time="0.036" />
  <testcase classname="ptolemy.util.test.junit.AutoTests" name="[33] /home/travis/build/icyphy/ptII/ptolemy/domains/continuous/test/auto/ContinuousInDEInput2.xml (RunModel)" time="0.038" />
  <testcase classname="ptolemy.util.test.junit.AutoTests" name="[34] /home/travis/build/icyphy/ptII/ptolemy/domains/continuous/test/auto/ContinuousInDEInput3.xml (RunModel)" time="0.026" />
  <testcase classname="ptolemy.util.test.junit.AutoTests" name="[35] /home/travis/build/icyphy/ptII/ptolemy/domains/continuous/test/auto/ContinuousInDESharingRefinement.xml (RunModel)" time="0.198" />
  <testcase classname="ptolemy.util.test.junit.AutoTests" name="[36] /home/travis/build/icyphy/ptII/ptolemy/domains/continuous/test/auto/ContinuousInDEwithNoPorts.xml (RunModel)" time="0.032" />
  <testcase classname="ptolemy.util.test.junit.AutoTests" name="[37] /home/travis/build/icyphy/ptII/ptolemy/domains/continuous/test/auto/ContinuousInsideDE.xml (RunModel)" time="0.081" />
  <testcase classname="ptolemy.util.test.junit.AutoTests" name="[38] /home/travis/build/icyphy/ptII/ptolemy/domains/continuous/test/auto/ContinuousMerge1.xml (RunModel)" time="0.021" />
  <testcase classname="ptolemy.util.test.junit.AutoTests" name="[39] /home/travis/build/icyphy/ptII/ptolemy/domains/continuous/test/auto/ContinuousMerge2.xml (RunModel)" time="0.056" />
  <testcase classname="ptolemy.util.test.junit.AutoTests" name="[40] /home/travis/build/icyphy/ptII/ptolemy/domains/continuous/test/auto/ContinuousMerge3.xml (RunModel)" time="0.076" />
  <testcase classname="ptolemy.util.test.junit.AutoTests" name="[41] /home/travis/build/icyphy/ptII/ptolemy/domains/continuous/test/auto/ContinuousWithinContinuous.xml (RunModel)" time="0.077" />
  <testcase classname="ptolemy.util.test.junit.AutoTests" name="[42] /home/travis/build/icyphy/ptII/ptolemy/domains/continuous/test/auto/ContinuousWithinContinuous2.xml (RunModel)" time="0.1" />
  <testcase classname="ptolemy.util.test.junit.AutoTests" name="[43] /home/travis/build/icyphy/ptII/ptolemy/domains/continuous/test/auto/ContinuousWithinContinuous3.xml (RunModel)" time="0.043" />
  <testcase classname="ptolemy.util.test.junit.AutoTests" name="[44] /home/travis/build/icyphy/ptII/ptolemy/domains/continuous/test/auto/ContinuousWithinContinuous4.xml (RunModel)" time="0.094" />
  <testcase classname="ptolemy.util.test.junit.AutoTests" name="[45] /home/travis/build/icyphy/ptII/ptolemy/domains/continuous/test/auto/ContinuousWithinContinuous5.xml (RunModel)" time="0.033" />
  <testcase classname="ptolemy.util.test.junit.AutoTests" name="[46] /home/travis/build/icyphy/ptII/ptolemy/domains/continuous/test/auto/ContinuousWithinContinuous6.xml (RunModel)" time="0.031" />
  <testcase classname="ptolemy.util.test.junit.AutoTests" name="[47] /home/travis/build/icyphy/ptII/ptolemy/domains/continuous/test/auto/ContinuousWithinContinuous7.xml (RunModel)" time="0.079" />
  <testcase classname="ptolemy.util.test.junit.AutoTests" name="[48] /home/travis/build/icyphy/ptII/ptolemy/domains/continuous/test/auto/DCMotor.xml (RunModel)" time="14.794" />
  <testcase classname="ptolemy.util.test.junit.AutoTests" name="[49] /home/travis/build/icyphy/ptII/ptolemy/domains/continuous/test/auto/DEInContinuous.xml (RunModel)" time="0.019" />
  <testcase classname="ptolemy.util.test.junit.AutoTests" name="[50] /home/travis/build/icyphy/ptII/ptolemy/domains/continuous/test/auto/DEinContinuous2.xml (RunModel)" time="0.022" />
  <testcase classname="ptolemy.util.test.junit.AutoTests" name="[51] /home/travis/build/icyphy/ptII/ptolemy/domains/continuous/test/auto/Derivative.xml (RunModel)" time="0.177" />
  <testcase classname="ptolemy.util.test.junit.AutoTests" name="[52] /home/travis/build/icyphy/ptII/ptolemy/domains/continuous/test/auto/Derivative1.xml (RunModel)" time="0.039" />
  <testcase classname="ptolemy.util.test.junit.AutoTests" name="[53] /home/travis/build/icyphy/ptII/ptolemy/domains/continuous/test/auto/DiscreteClock.xml (RunModel)" time="0.018" />
  <testcase classname="ptolemy.util.test.junit.AutoTests" name="[54] /home/travis/build/icyphy/ptII/ptolemy/domains/continuous/test/auto/EfficiencyCurve.xml (RunModel)" time="0.088" />
  <testcase classname="ptolemy.util.test.junit.AutoTests" name="[55] /home/travis/build/icyphy/ptII/ptolemy/domains/continuous/test/auto/ExponentialResponse.xml (RunModel)" time="0.126" />
  <testcase classname="ptolemy.util.test.junit.AutoTests" name="[56] /home/travis/build/icyphy/ptII/ptolemy/domains/continuous/test/auto/ExponentialResponseRK45.xml (RunModel)" time="0.038" />
  <testcase classname="ptolemy.util.test.junit.AutoTests" name="[57] /home/travis/build/icyphy/ptII/ptolemy/domains/continuous/test/auto/Friction.xml (RunModel)" time="1.566" />
  <testcase classname="ptolemy.util.test.junit.AutoTests" name="[58] /home/travis/build/icyphy/ptII/ptolemy/domains/continuous/test/auto/FurutaPendulum.xml (RunModel)" time="3.659" />
  <testcase classname="ptolemy.util.test.junit.AutoTests" name="[59] /home/travis/build/icyphy/ptII/ptolemy/domains/continuous/test/auto/HierarchicalExecution.xml (RunModel)" time="1.95" />
  <testcase classname="ptolemy.util.test.junit.AutoTests" name="[60] /home/travis/build/icyphy/ptII/ptolemy/domains/continuous/test/auto/HybridPlant.xml (RunModel)" time="0.552" />
  <testcase classname="ptolemy.util.test.junit.AutoTests" name="[61] /home/travis/build/icyphy/ptII/ptolemy/domains/continuous/test/auto/Hysteresis.xml (RunModel)" time="0.196" />
  <testcase classname="ptolemy.util.test.junit.AutoTests" name="[62] /home/travis/build/icyphy/ptII/ptolemy/domains/continuous/test/auto/HysteresisWithRandomDelay.xml (RunModel)" time="0.249" />
  <testcase classname="ptolemy.util.test.junit.AutoTests" name="[63] /home/travis/build/icyphy/ptII/ptolemy/domains/continuous/test/auto/HysteresisWithRandomLosses.xml (RunModel)" time="2.306" />
  <testcase classname="ptolemy.util.test.junit.AutoTests" name="[64] /home/travis/build/icyphy/ptII/ptolemy/domains/continuous/test/auto/ImmediateTransitions.xml (RunModel)" time="0.036" />
  <testcase classname="ptolemy.util.test.junit.AutoTests" name="[65] /home/travis/build/icyphy/ptII/ptolemy/domains/continuous/test/auto/ImpulseFeedback.xml (RunModel)" time="0.024" />
  <testcase classname="ptolemy.util.test.junit.AutoTests" name="[66] /home/travis/build/icyphy/ptII/ptolemy/domains/continuous/test/auto/ImpulseFeedback2.xml (RunModel)" time="0.022" />
  <testcase classname="ptolemy.util.test.junit.AutoTests" name="[67] /home/travis/build/icyphy/ptII/ptolemy/domains/continuous/test/auto/IncreasingRatePoisson.xml (RunModel)" time="0.724" />
  <testcase classname="ptolemy.util.test.junit.AutoTests" name="[68] /home/travis/build/icyphy/ptII/ptolemy/domains/continuous/test/auto/InitialStateFeedback.xml (RunModel)" time="0.022" />
  <testcase classname="ptolemy.util.test.junit.AutoTests" name="[69] /home/travis/build/icyphy/ptII/ptolemy/domains/continuous/test/auto/Integration.xml (RunModel)" time="0.011" />
  <testcase classname="ptolemy.util.test.junit.AutoTests" name="[70] /home/travis/build/icyphy/ptII/ptolemy/domains/continuous/test/auto/Integration2.xml (RunModel)" time="0.094" />
  <testcase classname="ptolemy.util.test.junit.AutoTests" name="[71] /home/travis/build/icyphy/ptII/ptolemy/domains/continuous/test/auto/Integration3.xml (RunModel)" time="0.022" />
  <testcase classname="ptolemy.util.test.junit.AutoTests" name="[72] /home/travis/build/icyphy/ptII/ptolemy/domains/continuous/test/auto/Integration5.xml (RunModel)" time="0.02" />
  <testcase classname="ptolemy.util.test.junit.AutoTests" name="[73] /home/travis/build/icyphy/ptII/ptolemy/domains/continuous/test/auto/IntegratorImpulse.xml (RunModel)" time="0.011" />
  <testcase classname="ptolemy.util.test.junit.AutoTests" name="[74] /home/travis/build/icyphy/ptII/ptolemy/domains/continuous/test/auto/IntegratorImpulse2.xml (RunModel)" time="0.012" />
  <testcase classname="ptolemy.util.test.junit.AutoTests" name="[75] /home/travis/build/icyphy/ptII/ptolemy/domains/continuous/test/auto/LevelCrossing1.xml (RunModel)" time="0.011" />
  <testcase classname="ptolemy.util.test.junit.AutoTests" name="[76] /home/travis/build/icyphy/ptII/ptolemy/domains/continuous/test/auto/LevelCrossing2.xml (RunModel)" time="0.013" />
  <testcase classname="ptolemy.util.test.junit.AutoTests" name="[77] /home/travis/build/icyphy/ptII/ptolemy/domains/continuous/test/auto/LevelCrossing3.xml (RunModel)" time="0.012" />
  <testcase classname="ptolemy.util.test.junit.AutoTests" name="[78] /home/travis/build/icyphy/ptII/ptolemy/domains/continuous/test/auto/LevelCrossing4.xml (RunModel)" time="0.013" />
  <testcase classname="ptolemy.util.test.junit.AutoTests" name="[79] /home/travis/build/icyphy/ptII/ptolemy/domains/continuous/test/auto/LevelCrossing5.xml (RunModel)" time="0.013" />
  <testcase classname="ptolemy.util.test.junit.AutoTests" name="[80] /home/travis/build/icyphy/ptII/ptolemy/domains/continuous/test/auto/LevelCrossing6.xml (RunModel)" time="0.014" />
  <testcase classname="ptolemy.util.test.junit.AutoTests" name="[81] /home/travis/build/icyphy/ptII/ptolemy/domains/continuous/test/auto/LevelCrossingDetector.xml (RunModel)" time="0.048" />
  <testcase classname="ptolemy.util.test.junit.AutoTests" name="[82] /home/travis/build/icyphy/ptII/ptolemy/domains/continuous/test/auto/LevelCrossingDetectorDetectingDirections.xml (RunModel)" time="0.087" />
  <testcase classname="ptolemy.util.test.junit.AutoTests" name="[83] /home/travis/build/icyphy/ptII/ptolemy/domains/continuous/test/auto/LevelCrossingDetectorDetectsGlitches.xml (RunModel)" time="0.06" />
  <testcase classname="ptolemy.util.test.junit.AutoTests" name="[84] /home/travis/build/icyphy/ptII/ptolemy/domains/continuous/test/auto/LevelCrossingNoInitialOuput.xml (RunModel)" time="0.016" />
  <testcase classname="ptolemy.util.test.junit.AutoTests" name="[85] /home/travis/build/icyphy/ptII/ptolemy/domains/continuous/test/auto/LinearStateSpaceExample.xml (RunModel)" time="0.056" />
  <testcase classname="ptolemy.util.test.junit.AutoTests" name="[86] /home/travis/build/icyphy/ptII/ptolemy/domains/continuous/test/auto/Lorenz.xml (RunModel)" time="3.937" />
  <testcase classname="ptolemy.util.test.junit.AutoTests" name="[87] /home/travis/build/icyphy/ptII/ptolemy/domains/continuous/test/auto/LorenzDifferentialSystem.xml (RunModel)" time="1.266" />
  <testcase classname="ptolemy.util.test.junit.AutoTests" name="[88] /home/travis/build/icyphy/ptII/ptolemy/domains/continuous/test/auto/LorenzDifferentialSystemWithInput.xml (RunModel)" time="1.52" />
  <testcase classname="ptolemy.util.test.junit.AutoTests" name="[89] /home/travis/build/icyphy/ptII/ptolemy/domains/continuous/test/auto/LorenzDifferentialSystemWithTime.xml (RunModel)" time="0.705" />
  <testcase classname="ptolemy.util.test.junit.AutoTests" name="[90] /home/travis/build/icyphy/ptII/ptolemy/domains/continuous/test/auto/Microsteps.xml (RunModel)" time="0.026" />
  <testcase classname="ptolemy.util.test.junit.AutoTests" name="[91] /home/travis/build/icyphy/ptII/ptolemy/domains/continuous/test/auto/Modal1.xml (RunModel)" time="0.056" />
  <testcase classname="ptolemy.util.test.junit.AutoTests" name="[92] /home/travis/build/icyphy/ptII/ptolemy/domains/continuous/test/auto/Modal2.xml (RunModel)" time="0.046" />
  <testcase classname="ptolemy.util.test.junit.AutoTests" name="[93] /home/travis/build/icyphy/ptII/ptolemy/domains/continuous/test/auto/ModalTransitionGuardWithReset.xml (RunModel)" time="0.027" />
  <testcase classname="ptolemy.util.test.junit.AutoTests" name="[94] /home/travis/build/icyphy/ptII/ptolemy/domains/continuous/test/auto/ModalTransitionGuardWithResetUsingPreemptiveTransition.xml (RunModel)" time="0.035" />
  <testcase classname="ptolemy.util.test.junit.AutoTests" name="[95] /home/travis/build/icyphy/ptII/ptolemy/domains/continuous/test/auto/ModalTransitionGuardWithResetUsingPreemptiveTransition2.xml (RunModel)" time="0.037" />
  <testcase classname="ptolemy.util.test.junit.AutoTests" name="[96] /home/travis/build/icyphy/ptII/ptolemy/domains/continuous/test/auto/ModalTransitionGuardWithResetUsingPreemptiveTransition3.xml (RunModel)" time="0.033" />
  <testcase classname="ptolemy.util.test.junit.AutoTests" name="[97] /home/travis/build/icyphy/ptII/ptolemy/domains/continuous/test/auto/NewtonsCradle.xml (RunModel)" time="0.774" />
  <testcase classname="ptolemy.util.test.junit.AutoTests" name="[98] /home/travis/build/icyphy/ptII/ptolemy/domains/continuous/test/auto/NewtonsCradleAnimated.xml (RunModel)" time="1.4" />
  <testcase classname="ptolemy.util.test.junit.AutoTests" name="[99] /home/travis/build/icyphy/ptII/ptolemy/domains/continuous/test/auto/NewtonsCradleComplicated.xml (RunModel)" time="1.159" />
  <testcase classname="ptolemy.util.test.junit.AutoTests" name="[100] /home/travis/build/icyphy/ptII/ptolemy/domains/continuous/test/auto/NewtonsCradleNondeterministic.xml (RunModel)" time="0.802" />
  <testcase classname="ptolemy.util.test.junit.AutoTests" name="[101] /home/travis/build/icyphy/ptII/ptolemy/domains/continuous/test/auto/NewtonsCradlePerfectlyInelastic1.xml (RunModel)" time="1.483" />
  <testcase classname="ptolemy.util.test.junit.AutoTests" name="[102] /home/travis/build/icyphy/ptII/ptolemy/domains/continuous/test/auto/Noise.xml (RunModel)" time="0.205" />
  <testcase classname="ptolemy.util.test.junit.AutoTests" name="[103] /home/travis/build/icyphy/ptII/ptolemy/domains/continuous/test/auto/NoiseSpectrum.xml (RunModel)" time="0.869" />
  <testcase classname="ptolemy.util.test.junit.AutoTests" name="[104] /home/travis/build/icyphy/ptII/ptolemy/domains/continuous/test/auto/ParameterizedNewtonsCradleAnimated.xml (RunModel)" time="0.402" />
  <testcase classname="ptolemy.util.test.junit.AutoTests" name="[105] /home/travis/build/icyphy/ptII/ptolemy/domains/continuous/test/auto/ParameterizedNewtonsCradleAnimatedNondeterministic.xml (RunModel)" time="1.265" />
  <testcase classname="ptolemy.util.test.junit.AutoTests" name="[106] /home/travis/build/icyphy/ptII/ptolemy/domains/continuous/test/auto/Pendulum3D.xml (RunModel)" time="0.229" />
  <testcase classname="ptolemy.util.test.junit.AutoTests" name="[107] /home/travis/build/icyphy/ptII/ptolemy/domains/continuous/test/auto/PeriodicSampler.xml (RunModel)" time="0.01" />
  <testcase classname="ptolemy.util.test.junit.AutoTests" name="[108] /home/travis/build/icyphy/ptII/ptolemy/domains/continuous/test/auto/PeriodicSampler1.xml (RunModel)" time="0.048" />
  <testcase classname="ptolemy.util.test.junit.AutoTests" name="[109] /home/travis/build/icyphy/ptII/ptolemy/domains/continuous/test/auto/PeriodicSampler2.xml (RunModel)" time="0.076" />
  <testcase classname="ptolemy.util.test.junit.AutoTests" name="[110] /home/travis/build/icyphy/ptII/ptolemy/domains/continuous/test/auto/Poisson.xml (RunModel)" time="0.478" />
  <testcase classname="ptolemy.util.test.junit.AutoTests" name="[111] /home/travis/build/icyphy/ptII/ptolemy/domains/continuous/test/auto/PoissonClock.xml (RunModel)" time="0.015" />
  <testcase classname="ptolemy.util.test.junit.AutoTests" name="[112] /home/travis/build/icyphy/ptII/ptolemy/domains/continuous/test/auto/PoissonClock2.xml (RunModel)" time="0.014" />
  <testcase classname="ptolemy.util.test.junit.AutoTests" name="[113] /home/travis/build/icyphy/ptII/ptolemy/domains/continuous/test/auto/PortParameterHierarchy.xml (RunModel)" time="0.022" />
  <testcase classname="ptolemy.util.test.junit.AutoTests" name="[114] /home/travis/build/icyphy/ptII/ptolemy/domains/continuous/test/auto/RandomHybridPlant.xml (RunModel)" time="0.538" />
  <testcase classname="ptolemy.util.test.junit.AutoTests" name="[115] /home/travis/build/icyphy/ptII/ptolemy/domains/continuous/test/auto/ResetTransitionWithStartTime1.xml (RunModel)" time="0.034" />
  <testcase classname="ptolemy.util.test.junit.AutoTests" name="[116] /home/travis/build/icyphy/ptII/ptolemy/domains/continuous/test/auto/ResetTransitionWithStartTime2.xml (RunModel)" time="0.036" />
  <testcase classname="ptolemy.util.test.junit.AutoTests" name="[117] /home/travis/build/icyphy/ptII/ptolemy/domains/continuous/test/auto/ResetTransitionWithStartTime3.xml (RunModel)" time="0.038" />
  <testcase classname="ptolemy.util.test.junit.AutoTests" name="[118] /home/travis/build/icyphy/ptII/ptolemy/domains/continuous/test/auto/ResetTransitionWithStartTime4.xml (RunModel)" time="0.026" />
  <testcase classname="ptolemy.util.test.junit.AutoTests" name="[119] /home/travis/build/icyphy/ptII/ptolemy/domains/continuous/test/auto/ResetTransitionWithStartTime5.xml (RunModel)" time="0.035" />
  <testcase classname="ptolemy.util.test.junit.AutoTests" name="[120] /home/travis/build/icyphy/ptII/ptolemy/domains/continuous/test/auto/ResetTransitionWithStartTime6.xml (RunModel)" time="0.026" />
  <testcase classname="ptolemy.util.test.junit.AutoTests" name="[121] /home/travis/build/icyphy/ptII/ptolemy/domains/continuous/test/auto/SRinContinuous.xml (RunModel)" time="0.022" />
  <testcase classname="ptolemy.util.test.junit.AutoTests" name="[122] /home/travis/build/icyphy/ptII/ptolemy/domains/continuous/test/auto/SampledClocks.xml (RunModel)" time="0.039" />
  <testcase classname="ptolemy.util.test.junit.AutoTests" name="[123] /home/travis/build/icyphy/ptII/ptolemy/domains/continuous/test/auto/Satellite.xml (RunModel)" time="0.845" />
  <testcase classname="ptolemy.util.test.junit.AutoTests" name="[124] /home/travis/build/icyphy/ptII/ptolemy/domains/continuous/test/auto/SigmaDelta.xml (RunModel)" time="2.408" />
  <testcase classname="ptolemy.util.test.junit.AutoTests" name="[125] /home/travis/build/icyphy/ptII/ptolemy/domains/continuous/test/auto/SingleRefinement.xml (RunModel)" time="0.609" />
  <testcase classname="ptolemy.util.test.junit.AutoTests" name="[126] /home/travis/build/icyphy/ptII/ptolemy/domains/continuous/test/auto/SinuBouncingBall.xml (RunModel)" time="0.828" />
  <testcase classname="ptolemy.util.test.junit.AutoTests" name="[127] /home/travis/build/icyphy/ptII/ptolemy/domains/continuous/test/auto/Sinusoid.xml (RunModel)" time="0.014" />
  <testcase classname="ptolemy.util.test.junit.AutoTests" name="[128] /home/travis/build/icyphy/ptII/ptolemy/domains/continuous/test/auto/SinusoidInNoise.xml (RunModel)" time="1.025" />
  <testcase classname="ptolemy.util.test.junit.AutoTests" name="[129] /home/travis/build/icyphy/ptII/ptolemy/domains/continuous/test/auto/SinusoidRK45.xml (RunModel)" time="0.016" />
  <testcase classname="ptolemy.util.test.junit.AutoTests" name="[130] /home/travis/build/icyphy/ptII/ptolemy/domains/continuous/test/auto/SinusoidWithMultipleImpulses.xml (RunModel)" time="0.016" />
  <testcase classname="ptolemy.util.test.junit.AutoTests" name="[131] /home/travis/build/icyphy/ptII/ptolemy/domains/continuous/test/auto/SquareWave.xml (RunModel)" time="0.174" />
  <testcase classname="ptolemy.util.test.junit.AutoTests" name="[132] /home/travis/build/icyphy/ptII/ptolemy/domains/continuous/test/auto/Starmac.xml (RunModel)" time="3.439" />
  <testcase classname="ptolemy.util.test.junit.AutoTests" name="[133] /home/travis/build/icyphy/ptII/ptolemy/domains/continuous/test/auto/StaticUnits.xml (RunModel)" time="2.662" />
  <testcase classname="ptolemy.util.test.junit.AutoTests" name="[134] /home/travis/build/icyphy/ptII/ptolemy/domains/continuous/test/auto/StickyMasses.xml (RunModel)" time="0.184" />
  <testcase classname="ptolemy.util.test.junit.AutoTests" name="[135] /home/travis/build/icyphy/ptII/ptolemy/domains/continuous/test/auto/StopTime.xml (RunModel)" time="0.07" />
  <testcase classname="ptolemy.util.test.junit.AutoTests" name="[136] /home/travis/build/icyphy/ptII/ptolemy/domains/continuous/test/auto/StopTime2.xml (RunModel)" time="0.062" />
  <testcase classname="ptolemy.util.test.junit.AutoTests" name="[137] /home/travis/build/icyphy/ptII/ptolemy/domains/continuous/test/auto/Switch.xml (RunModel)" time="0.056" />
  <testcase classname="ptolemy.util.test.junit.AutoTests" name="[138] /home/travis/build/icyphy/ptII/ptolemy/domains/continuous/test/auto/Thermostat.xml (RunModel)" time="0.2" />
  <testcase classname="ptolemy.util.test.junit.AutoTests" name="[139] /home/travis/build/icyphy/ptII/ptolemy/domains/continuous/test/auto/TimeDelay.xml (RunModel)" time="0.014" />
  <testcase classname="ptolemy.util.test.junit.AutoTests" name="[140] /home/travis/build/icyphy/ptII/ptolemy/domains/continuous/test/auto/TimeDelay2.xml (RunModel)" time="0.024" />
  <testcase classname="ptolemy.util.test.junit.AutoTests" name="[141] /home/travis/build/icyphy/ptII/ptolemy/domains/continuous/test/auto/TimeDelay3.xml (RunModel)" time="0.016" />
  <testcase classname="ptolemy.util.test.junit.AutoTests" name="[142] /home/travis/build/icyphy/ptII/ptolemy/domains/continuous/test/auto/TransferAbsentToInside.xml (RunModel)" time="0.11" />
  <testcase classname="ptolemy.util.test.junit.AutoTests" name="[143] /home/travis/build/icyphy/ptII/ptolemy/domains/continuous/test/auto/Transmission.xml (RunModel)" time="0.781" />
  <testcase classname="ptolemy.util.test.junit.AutoTests" name="[144] /home/travis/build/icyphy/ptII/ptolemy/domains/continuous/test/auto/TriggeredContinuousClock.xml (RunModel)" time="0.064" />
  <testcase classname="ptolemy.util.test.junit.AutoTests" name="[145] /home/travis/build/icyphy/ptII/ptolemy/domains/continuous/test/auto/TwoMachineInfiniteBusControl.xml (RunModel)" time="3.314" />
  <testcase classname="ptolemy.util.test.junit.AutoTests" name="[146] /home/travis/build/icyphy/ptII/ptolemy/domains/continuous/test/auto/V2V.xml (RunModel)" time="0.862" />
  <testcase classname="ptolemy.util.test.junit.AutoTests" name="[147] /home/travis/build/icyphy/ptII/ptolemy/domains/continuous/test/auto/hierarchicalModalModel.xml (RunModel)" time="0.034" />
  <testcase classname="ptolemy.util.test.junit.AutoTests" name="[148] /home/travis/build/icyphy/ptII/ptolemy/domains/continuous/test/auto/hierarchicalModalModel1.xml (RunModel)" time="0.033" />
  <testcase classname="ptolemy.util.test.junit.AutoTests" name="[149] /home/travis/build/icyphy/ptII/ptolemy/domains/continuous/test/auto/hierarchicalModalModel2.xml (RunModel)" time="0.027" />
  <testcase classname="ptolemy.util.test.junit.AutoTests" name="[150] /home/travis/build/icyphy/ptII/ptolemy/domains/continuous/test/auto/hierarchicalModalModel3.xml (RunModel)" time="0.028" />
  <testcase classname="ptolemy.util.test.junit.AutoTests" name="[151] /home/travis/build/icyphy/ptII/ptolemy/domains/continuous/test/auto/hierarchicalModalModel4.xml (RunModel)" time="0.026" />
  <testcase classname="ptolemy.util.test.junit.AutoTests" name="[152] /home/travis/build/icyphy/ptII/ptolemy/domains/continuous/test/auto/junk.xml (RunModel)" time="0.16" />
  <system-out><![CDATA[No tcl tests in /home/travis/build/icyphy/ptII/ptolemy/domains/continuous/test
No auto/knownFailedTests/*.xml tests in /home/travis/build/icyphy/ptII/ptolemy/domains/continuous/test
No auto/linux-amd64/*.xml tests in /home/travis/build/icyphy/ptII/ptolemy/domains/continuous/test
AutoTests.java: About to close Vertx.
AutoTests.java: Vertx closed.

===========================================================================================
----------------- testing Sun Apr 14 03:59:48 UTC 2019 /home/travis/build/icyphy/ptII/ptolemy/domains/continuous/test/auto/BouncingBall.xml
----------------- Instantiating /home/travis/build/icyphy/ptII/ptolemy/domains/continuous/test/auto/BouncingBall.xml
2430 ms. Memory: 331264K Free: 262336K (79%)
----------------- Invoking toplevel() on ptolemy.moml.MoMLSimpleApplication@1cc4a36f
----------------- Done invoking toplevel() on ptolemy.moml.MoMLSimpleApplication@1cc4a36f
reloadAllAccessors: .BouncingBall

===========================================================================================
----------------- testing Sun Apr 14 03:59:51 UTC 2019 /home/travis/build/icyphy/ptII/ptolemy/domains/continuous/test/auto/BouncingBallWithoutGR.xml
----------------- Instantiating /home/travis/build/icyphy/ptII/ptolemy/domains/continuous/test/auto/BouncingBallWithoutGR.xml
827 ms. Memory: 331776K Free: 315426K (95%)
----------------- Invoking toplevel() on ptolemy.moml.MoMLSimpleApplication@2abd6446
----------------- Done invoking toplevel() on ptolemy.moml.MoMLSimpleApplication@2abd6446
reloadAllAccessors: .BouncingBallWithoutGR

===========================================================================================
----------------- testing Sun Apr 14 03:59:52 UTC 2019 /home/travis/build/icyphy/ptII/ptolemy/domains/continuous/test/auto/Brownian.xml
----------------- Instantiating /home/travis/build/icyphy/ptII/ptolemy/domains/continuous/test/auto/Brownian.xml
47 ms. Memory: 331776K Free: 301733K (91%)
----------------- Invoking toplevel() on ptolemy.moml.MoMLSimpleApplication@28539dc3
----------------- Done invoking toplevel() on ptolemy.moml.MoMLSimpleApplication@28539dc3
reloadAllAccessors: .Brownian

===========================================================================================
----------------- testing Sun Apr 14 03:59:52 UTC 2019 /home/travis/build/icyphy/ptII/ptolemy/domains/continuous/test/auto/CarTracking.xml
----------------- Instantiating /home/travis/build/icyphy/ptII/ptolemy/domains/continuous/test/auto/CarTracking.xml
3222 ms. Memory: 578560K Free: 478799K (83%)
----------------- Invoking toplevel() on ptolemy.moml.MoMLSimpleApplication@360e461c
----------------- Done invoking toplevel() on ptolemy.moml.MoMLSimpleApplication@360e461c
reloadAllAccessors: .CarTracking

===========================================================================================
----------------- testing Sun Apr 14 03:59:56 UTC 2019 /home/travis/build/icyphy/ptII/ptolemy/domains/continuous/test/auto/CartPendulum.xml
----------------- Instantiating /home/travis/build/icyphy/ptII/ptolemy/domains/continuous/test/auto/CartPendulum.xml
409 ms. Memory: 578560K Free: 374512K (65%)
----------------- Invoking toplevel() on ptolemy.moml.MoMLSimpleApplication@45b4f25
----------------- Done invoking toplevel() on ptolemy.moml.MoMLSimpleApplication@45b4f25
reloadAllAccessors: .CartPendulum

===========================================================================================
----------------- testing Sun Apr 14 03:59:57 UTC 2019 /home/travis/build/icyphy/ptII/ptolemy/domains/continuous/test/auto/CausalityInterface10.xml
----------------- Instantiating /home/travis/build/icyphy/ptII/ptolemy/domains/continuous/test/auto/CausalityInterface10.xml
13 ms. Memory: 578560K Free: 361396K (62%)
----------------- Invoking toplevel() on ptolemy.moml.MoMLSimpleApplication@364c7252
----------------- Done invoking toplevel() on ptolemy.moml.MoMLSimpleApplication@364c7252
reloadAllAccessors: .CausalityInterface10

===========================================================================================
----------------- testing Sun Apr 14 03:59:57 UTC 2019 /home/travis/build/icyphy/ptII/ptolemy/domains/continuous/test/auto/CausalityInterface11.xml
----------------- Instantiating /home/travis/build/icyphy/ptII/ptolemy/domains/continuous/test/auto/CausalityInterface11.xml
18 ms. Memory: 578560K Free: 351550K (61%)
----------------- Invoking toplevel() on ptolemy.moml.MoMLSimpleApplication@4b932f36
----------------- Done invoking toplevel() on ptolemy.moml.MoMLSimpleApplication@4b932f36
reloadAllAccessors: .CausalityInterface11

===========================================================================================
----------------- testing Sun Apr 14 03:59:57 UTC 2019 /home/travis/build/icyphy/ptII/ptolemy/domains/continuous/test/auto/CausalityInterface12.xml
----------------- Instantiating /home/travis/build/icyphy/ptII/ptolemy/domains/continuous/test/auto/CausalityInterface12.xml
10 ms. Memory: 578560K Free: 338820K (59%)
----------------- Invoking toplevel() on ptolemy.moml.MoMLSimpleApplication@7bb2aa67
----------------- Done invoking toplevel() on ptolemy.moml.MoMLSimpleApplication@7bb2aa67
reloadAllAccessors: .CausalityInterface12

===========================================================================================
----------------- testing Sun Apr 14 03:59:57 UTC 2019 /home/travis/build/icyphy/ptII/ptolemy/domains/continuous/test/auto/CausalityInterface13.xml
----------------- Instantiating /home/travis/build/icyphy/ptII/ptolemy/domains/continuous/test/auto/CausalityInterface13.xml
7 ms. Memory: 578560K Free: 328974K (57%)
----------------- Invoking toplevel() on ptolemy.moml.MoMLSimpleApplication@2bdaa35e
----------------- Done invoking toplevel() on ptolemy.moml.MoMLSimpleApplication@2bdaa35e
reloadAllAccessors: .CausalityInterface13

===========================================================================================
----------------- testing Sun Apr 14 03:59:57 UTC 2019 /home/travis/build/icyphy/ptII/ptolemy/domains/continuous/test/auto/CausalityInterface14.xml
----------------- Instantiating /home/travis/build/icyphy/ptII/ptolemy/domains/continuous/test/auto/CausalityInterface14.xml
5 ms. Memory: 578560K Free: 319127K (55%)
----------------- Invoking toplevel() on ptolemy.moml.MoMLSimpleApplication@19be338
----------------- Done invoking toplevel() on ptolemy.moml.MoMLSimpleApplication@19be338
reloadAllAccessors: .CausalityInterface14

===========================================================================================
----------------- testing Sun Apr 14 03:59:57 UTC 2019 /home/travis/build/icyphy/ptII/ptolemy/domains/continuous/test/auto/CausalityInterface4.xml
----------------- Instantiating /home/travis/build/icyphy/ptII/ptolemy/domains/continuous/test/auto/CausalityInterface4.xml
5 ms. Memory: 578560K Free: 309297K (53%)
----------------- Invoking toplevel() on ptolemy.moml.MoMLSimpleApplication@6f61d293
----------------- Done invoking toplevel() on ptolemy.moml.MoMLSimpleApplication@6f61d293
reloadAllAccessors: .CausalityInterface4

===========================================================================================
----------------- testing Sun Apr 14 03:59:57 UTC 2019 /home/travis/build/icyphy/ptII/ptolemy/domains/continuous/test/auto/CausalityInterface5.xml
----------------- Instantiating /home/travis/build/icyphy/ptII/ptolemy/domains/continuous/test/auto/CausalityInterface5.xml
8 ms. Memory: 578560K Free: 293283K (51%)
----------------- Invoking toplevel() on ptolemy.moml.MoMLSimpleApplication@25cad1fc
----------------- Done invoking toplevel() on ptolemy.moml.MoMLSimpleApplication@25cad1fc
reloadAllAccessors: .CausalityInterface5

===========================================================================================
----------------- testing Sun Apr 14 03:59:57 UTC 2019 /home/travis/build/icyphy/ptII/ptolemy/domains/continuous/test/auto/CausalityInterface6.xml
----------------- Instantiating /home/travis/build/icyphy/ptII/ptolemy/domains/continuous/test/auto/CausalityInterface6.xml
8 ms. Memory: 578560K Free: 283437K (49%)
----------------- Invoking toplevel() on ptolemy.moml.MoMLSimpleApplication@24a7714b
----------------- Done invoking toplevel() on ptolemy.moml.MoMLSimpleApplication@24a7714b
reloadAllAccessors: .CausalityInterface6

===========================================================================================
----------------- testing Sun Apr 14 03:59:57 UTC 2019 /home/travis/build/icyphy/ptII/ptolemy/domains/continuous/test/auto/CausalityInterface7.xml
----------------- Instantiating /home/travis/build/icyphy/ptII/ptolemy/domains/continuous/test/auto/CausalityInterface7.xml
14 ms. Memory: 578560K Free: 270313K (47%)
----------------- Invoking toplevel() on ptolemy.moml.MoMLSimpleApplication@bb64d3d
----------------- Done invoking toplevel() on ptolemy.moml.MoMLSimpleApplication@bb64d3d
reloadAllAccessors: .CausalityInterface7

===========================================================================================
----------------- testing Sun Apr 14 03:59:57 UTC 2019 /home/travis/build/icyphy/ptII/ptolemy/domains/continuous/test/auto/CausalityInterface8.xml
----------------- Instantiating /home/travis/build/icyphy/ptII/ptolemy/domains/continuous/test/auto/CausalityInterface8.xml
3 ms. Memory: 578560K Free: 257158K (44%)
----------------- Invoking toplevel() on ptolemy.moml.MoMLSimpleApplication@4ae1d48f
----------------- Done invoking toplevel() on ptolemy.moml.MoMLSimpleApplication@4ae1d48f
reloadAllAccessors: .CausalityInterface8

===========================================================================================
----------------- testing Sun Apr 14 03:59:57 UTC 2019 /home/travis/build/icyphy/ptII/ptolemy/domains/continuous/test/auto/CausalityInterface9.xml
----------------- Instantiating /home/travis/build/icyphy/ptII/ptolemy/domains/continuous/test/auto/CausalityInterface9.xml
4 ms. Memory: 578560K Free: 241151K (42%)
----------------- Invoking toplevel() on ptolemy.moml.MoMLSimpleApplication@69e5234f
----------------- Done invoking toplevel() on ptolemy.moml.MoMLSimpleApplication@69e5234f
reloadAllAccessors: .CausalityInterface9

===========================================================================================
----------------- testing Sun Apr 14 03:59:57 UTC 2019 /home/travis/build/icyphy/ptII/ptolemy/domains/continuous/test/auto/CausalityInterfaceFeedback1.xml
----------------- Instantiating /home/travis/build/icyphy/ptII/ptolemy/domains/continuous/test/auto/CausalityInterfaceFeedback1.xml
5 ms. Memory: 578560K Free: 231320K (40%)
----------------- Invoking toplevel() on ptolemy.moml.MoMLSimpleApplication@67d41f96
----------------- Done invoking toplevel() on ptolemy.moml.MoMLSimpleApplication@67d41f96
reloadAllAccessors: .CausalityInterfaceFeedback1

===========================================================================================
----------------- testing Sun Apr 14 03:59:57 UTC 2019 /home/travis/build/icyphy/ptII/ptolemy/domains/continuous/test/auto/CausalityInterfaceFeedback2.xml
----------------- Instantiating /home/travis/build/icyphy/ptII/ptolemy/domains/continuous/test/auto/CausalityInterfaceFeedback2.xml
6 ms. Memory: 578560K Free: 221474K (38%)
----------------- Invoking toplevel() on ptolemy.moml.MoMLSimpleApplication@45051e64
----------------- Done invoking toplevel() on ptolemy.moml.MoMLSimpleApplication@45051e64
reloadAllAccessors: .CausalityInterfaceFeedback2

===========================================================================================
----------------- testing Sun Apr 14 03:59:57 UTC 2019 /home/travis/build/icyphy/ptII/ptolemy/domains/continuous/test/auto/CompareWithCurrentTime.xml
----------------- Instantiating /home/travis/build/icyphy/ptII/ptolemy/domains/continuous/test/auto/CompareWithCurrentTime.xml
3 ms. Memory: 578560K Free: 212037K (37%)
----------------- Invoking toplevel() on ptolemy.moml.MoMLSimpleApplication@7e2b118
----------------- Done invoking toplevel() on ptolemy.moml.MoMLSimpleApplication@7e2b118
reloadAllAccessors: .CompareWithCurrentTime

===========================================================================================
----------------- testing Sun Apr 14 03:59:57 UTC 2019 /home/travis/build/icyphy/ptII/ptolemy/domains/continuous/test/auto/ComparedClocks.xml
----------------- Instantiating /home/travis/build/icyphy/ptII/ptolemy/domains/continuous/test/auto/ComparedClocks.xml
9 ms. Memory: 578560K Free: 192344K (33%)
----------------- Invoking toplevel() on ptolemy.moml.MoMLSimpleApplication@5b0e95b2
----------------- Done invoking toplevel() on ptolemy.moml.MoMLSimpleApplication@5b0e95b2
reloadAllAccessors: .ComparedClocks

===========================================================================================
----------------- testing Sun Apr 14 03:59:57 UTC 2019 /home/travis/build/icyphy/ptII/ptolemy/domains/continuous/test/auto/ContinuousAOCClone.xml
----------------- Instantiating /home/travis/build/icyphy/ptII/ptolemy/domains/continuous/test/auto/ContinuousAOCClone.xml
2608 ms. Memory: 872960K Free: 445483K (51%)
----------------- Invoking toplevel() on ptolemy.moml.MoMLSimpleApplication@5a640f5d
----------------- Done invoking toplevel() on ptolemy.moml.MoMLSimpleApplication@5a640f5d
reloadAllAccessors: .ContinuousAOCClone

===========================================================================================
----------------- testing Sun Apr 14 04:00:00 UTC 2019 /home/travis/build/icyphy/ptII/ptolemy/domains/continuous/test/auto/ContinuousClock.xml
----------------- Instantiating /home/travis/build/icyphy/ptII/ptolemy/domains/continuous/test/auto/ContinuousClock.xml
28 ms. Memory: 872960K Free: 412625K (47%)
----------------- Invoking toplevel() on ptolemy.moml.MoMLSimpleApplication@29835807
----------------- Done invoking toplevel() on ptolemy.moml.MoMLSimpleApplication@29835807
reloadAllAccessors: .ContinuousClock

===========================================================================================
----------------- testing Sun Apr 14 04:00:00 UTC 2019 /home/travis/build/icyphy/ptII/ptolemy/domains/continuous/test/auto/ContinuousInContinuous.xml
----------------- Instantiating /home/travis/build/icyphy/ptII/ptolemy/domains/continuous/test/auto/ContinuousInContinuous.xml
48 ms. Memory: 872960K Free: 381143K (44%)
----------------- Invoking toplevel() on ptolemy.moml.MoMLSimpleApplication@34e6d712
----------------- Done invoking toplevel() on ptolemy.moml.MoMLSimpleApplication@34e6d712
reloadAllAccessors: .ContinuousInContinuous

===========================================================================================
----------------- testing Sun Apr 14 04:00:00 UTC 2019 /home/travis/build/icyphy/ptII/ptolemy/domains/continuous/test/auto/ContinuousInContinuousInContinuous.xml
----------------- Instantiating /home/travis/build/icyphy/ptII/ptolemy/domains/continuous/test/auto/ContinuousInContinuousInContinuous.xml
8 ms. Memory: 872960K Free: 365425K (42%)
----------------- Invoking toplevel() on ptolemy.moml.MoMLSimpleApplication@70280e2a
----------------- Done invoking toplevel() on ptolemy.moml.MoMLSimpleApplication@70280e2a
reloadAllAccessors: .ContinuousInContinuousInContinuous

===========================================================================================
----------------- testing Sun Apr 14 04:00:00 UTC 2019 /home/travis/build/icyphy/ptII/ptolemy/domains/continuous/test/auto/ContinuousInDE.xml
----------------- Instantiating /home/travis/build/icyphy/ptII/ptolemy/domains/continuous/test/auto/ContinuousInDE.xml
90 ms. Memory: 872960K Free: 346581K (40%)
----------------- Invoking toplevel() on ptolemy.moml.MoMLSimpleApplication@2bac504e
----------------- Done invoking toplevel() on ptolemy.moml.MoMLSimpleApplication@2bac504e
reloadAllAccessors: .ContinuousInDE

===========================================================================================
----------------- testing Sun Apr 14 04:00:00 UTC 2019 /home/travis/build/icyphy/ptII/ptolemy/domains/continuous/test/auto/ContinuousInDE2.xml
----------------- Instantiating /home/travis/build/icyphy/ptII/ptolemy/domains/continuous/test/auto/ContinuousInDE2.xml
45 ms. Memory: 872960K Free: 330863K (38%)
----------------- Invoking toplevel() on ptolemy.moml.MoMLSimpleApplication@4b717f5f
----------------- Done invoking toplevel() on ptolemy.moml.MoMLSimpleApplication@4b717f5f
reloadAllAccessors: .ContinuousInDE2

===========================================================================================
----------------- testing Sun Apr 14 04:00:00 UTC 2019 /home/travis/build/icyphy/ptII/ptolemy/domains/continuous/test/auto/ContinuousInDE3.xml
----------------- Instantiating /home/travis/build/icyphy/ptII/ptolemy/domains/continuous/test/auto/ContinuousInDE3.xml
45 ms. Memory: 872960K Free: 315144K (36%)
----------------- Invoking toplevel() on ptolemy.moml.MoMLSimpleApplication@631435af
----------------- Done invoking toplevel() on ptolemy.moml.MoMLSimpleApplication@631435af
reloadAllAccessors: .ContinuousInDE3

===========================================================================================
----------------- testing Sun Apr 14 04:00:00 UTC 2019 /home/travis/build/icyphy/ptII/ptolemy/domains/continuous/test/auto/ContinuousInDE4.xml
----------------- Instantiating /home/travis/build/icyphy/ptII/ptolemy/domains/continuous/test/auto/ContinuousInDE4.xml
23 ms. Memory: 872960K Free: 304666K (35%)
----------------- Invoking toplevel() on ptolemy.moml.MoMLSimpleApplication@6483c0d2
----------------- Done invoking toplevel() on ptolemy.moml.MoMLSimpleApplication@6483c0d2
reloadAllAccessors: .ContinuousInDE4

===========================================================================================
----------------- testing Sun Apr 14 04:00:00 UTC 2019 /home/travis/build/icyphy/ptII/ptolemy/domains/continuous/test/auto/ContinuousInDEDifferentRefinements.xml
----------------- Instantiating /home/travis/build/icyphy/ptII/ptolemy/domains/continuous/test/auto/ContinuousInDEDifferentRefinements.xml
64 ms. Memory: 872960K Free: 264816K (30%)
----------------- Invoking toplevel() on ptolemy.moml.MoMLSimpleApplication@12c07e74
----------------- Done invoking toplevel() on ptolemy.moml.MoMLSimpleApplication@12c07e74
reloadAllAccessors: .ContinuousInDEDifferentRefinements

===========================================================================================
----------------- testing Sun Apr 14 04:00:01 UTC 2019 /home/travis/build/icyphy/ptII/ptolemy/domains/continuous/test/auto/ContinuousInDEDifferentRefinementsPreemptive.xml
----------------- Instantiating /home/travis/build/icyphy/ptII/ptolemy/domains/continuous/test/auto/ContinuousInDEDifferentRefinementsPreemptive.xml
50 ms. Memory: 872960K Free: 228099K (26%)
----------------- Invoking toplevel() on ptolemy.moml.MoMLSimpleApplication@3d9f5fa4
----------------- Done invoking toplevel() on ptolemy.moml.MoMLSimpleApplication@3d9f5fa4
reloadAllAccessors: .ContinuousInDEDifferentRefinementsPreemptive

===========================================================================================
----------------- testing Sun Apr 14 04:00:01 UTC 2019 /home/travis/build/icyphy/ptII/ptolemy/domains/continuous/test/auto/ContinuousInDEInContinuous2.xml
----------------- Instantiating /home/travis/build/icyphy/ptII/ptolemy/domains/continuous/test/auto/ContinuousInDEInContinuous2.xml
39 ms. Memory: 872960K Free: 212365K (24%)
----------------- Invoking toplevel() on ptolemy.moml.MoMLSimpleApplication@4cee8755
----------------- Done invoking toplevel() on ptolemy.moml.MoMLSimpleApplication@4cee8755
reloadAllAccessors: .ContinuousInDEInContinuous2

===========================================================================================
----------------- testing Sun Apr 14 04:00:01 UTC 2019 /home/travis/build/icyphy/ptII/ptolemy/domains/continuous/test/auto/ContinuousInDEInContinuous3.xml
----------------- Instantiating /home/travis/build/icyphy/ptII/ptolemy/domains/continuous/test/auto/ContinuousInDEInContinuous3.xml
40 ms. Memory: 872960K Free: 191399K (22%)
----------------- Invoking toplevel() on ptolemy.moml.MoMLSimpleApplication@6ca5b283
----------------- Done invoking toplevel() on ptolemy.moml.MoMLSimpleApplication@6ca5b283
reloadAllAccessors: .ContinuousInDEInContinuous3

===========================================================================================
----------------- testing Sun Apr 14 04:00:01 UTC 2019 /home/travis/build/icyphy/ptII/ptolemy/domains/continuous/test/auto/ContinuousInDEInput.xml
----------------- Instantiating /home/travis/build/icyphy/ptII/ptolemy/domains/continuous/test/auto/ContinuousInDEInput.xml
15 ms. Memory: 872960K Free: 177795K (20%)
----------------- Invoking toplevel() on ptolemy.moml.MoMLSimpleApplication@46b283b4
----------------- Done invoking toplevel() on ptolemy.moml.MoMLSimpleApplication@46b283b4
reloadAllAccessors: .ContinuousInDEInput

===========================================================================================
----------------- testing Sun Apr 14 04:00:01 UTC 2019 /home/travis/build/icyphy/ptII/ptolemy/domains/continuous/test/auto/ContinuousInDEInput2.xml
----------------- Instantiating /home/travis/build/icyphy/ptII/ptolemy/domains/continuous/test/auto/ContinuousInDEInput2.xml
16 ms. Memory: 872960K Free: 167316K (19%)
----------------- Invoking toplevel() on ptolemy.moml.MoMLSimpleApplication@4ff8168e
----------------- Done invoking toplevel() on ptolemy.moml.MoMLSimpleApplication@4ff8168e
reloadAllAccessors: .ContinuousInDEInput2

===========================================================================================
----------------- testing Sun Apr 14 04:00:01 UTC 2019 /home/travis/build/icyphy/ptII/ptolemy/domains/continuous/test/auto/ContinuousInDEInput3.xml
----------------- Instantiating /home/travis/build/icyphy/ptII/ptolemy/domains/continuous/test/auto/ContinuousInDEInput3.xml
12 ms. Memory: 872960K Free: 156837K (18%)
----------------- Invoking toplevel() on ptolemy.moml.MoMLSimpleApplication@10eab2b2
----------------- Done invoking toplevel() on ptolemy.moml.MoMLSimpleApplication@10eab2b2
reloadAllAccessors: .ContinuousInDEInput3

===========================================================================================
----------------- testing Sun Apr 14 04:00:01 UTC 2019 /home/travis/build/icyphy/ptII/ptolemy/domains/continuous/test/auto/ContinuousInDESharingRefinement.xml
----------------- Instantiating /home/travis/build/icyphy/ptII/ptolemy/domains/continuous/test/auto/ContinuousInDESharingRefinement.xml
166 ms. Memory: 873472K Free: 843949K (97%)
----------------- Invoking toplevel() on ptolemy.moml.MoMLSimpleApplication@49703216
----------------- Done invoking toplevel() on ptolemy.moml.MoMLSimpleApplication@49703216
reloadAllAccessors: .ContinuousInDESharingRefinement

===========================================================================================
----------------- testing Sun Apr 14 04:00:01 UTC 2019 /home/travis/build/icyphy/ptII/ptolemy/domains/continuous/test/auto/ContinuousInDEwithNoPorts.xml
----------------- Instantiating /home/travis/build/icyphy/ptII/ptolemy/domains/continuous/test/auto/ContinuousInDEwithNoPorts.xml
10 ms. Memory: 873472K Free: 831309K (95%)
----------------- Invoking toplevel() on ptolemy.moml.MoMLSimpleApplication@456026c4
----------------- Done invoking toplevel() on ptolemy.moml.MoMLSimpleApplication@456026c4
reloadAllAccessors: .ContinuousInDEwithNoPorts

===========================================================================================
----------------- testing Sun Apr 14 04:00:01 UTC 2019 /home/travis/build/icyphy/ptII/ptolemy/domains/continuous/test/auto/ContinuousInsideDE.xml
----------------- Instantiating /home/travis/build/icyphy/ptII/ptolemy/domains/continuous/test/auto/ContinuousInsideDE.xml
41 ms. Memory: 873472K Free: 811645K (93%)
----------------- Invoking toplevel() on ptolemy.moml.MoMLSimpleApplication@1c42a736
----------------- Done invoking toplevel() on ptolemy.moml.MoMLSimpleApplication@1c42a736
reloadAllAccessors: .ContinuousInsideDE

===========================================================================================
----------------- testing Sun Apr 14 04:00:01 UTC 2019 /home/travis/build/icyphy/ptII/ptolemy/domains/continuous/test/auto/ContinuousMerge1.xml
----------------- Instantiating /home/travis/build/icyphy/ptII/ptolemy/domains/continuous/test/auto/ContinuousMerge1.xml
4 ms. Memory: 873472K Free: 801677K (92%)
----------------- Invoking toplevel() on ptolemy.moml.MoMLSimpleApplication@18f8cad1
----------------- Done invoking toplevel() on ptolemy.moml.MoMLSimpleApplication@18f8cad1
reloadAllAccessors: .ContinuousMerge1

===========================================================================================
----------------- testing Sun Apr 14 04:00:01 UTC 2019 /home/travis/build/icyphy/ptII/ptolemy/domains/continuous/test/auto/ContinuousMerge2.xml
----------------- Instantiating /home/travis/build/icyphy/ptII/ptolemy/domains/continuous/test/auto/ContinuousMerge2.xml
17 ms. Memory: 873472K Free: 785771K (90%)
----------------- Invoking toplevel() on ptolemy.moml.MoMLSimpleApplication@27cc1c74
----------------- Done invoking toplevel() on ptolemy.moml.MoMLSimpleApplication@27cc1c74
reloadAllAccessors: .ContinuousMerge2

===========================================================================================
----------------- testing Sun Apr 14 04:00:01 UTC 2019 /home/travis/build/icyphy/ptII/ptolemy/domains/continuous/test/auto/ContinuousMerge3.xml
----------------- Instantiating /home/travis/build/icyphy/ptII/ptolemy/domains/continuous/test/auto/ContinuousMerge3.xml
46 ms. Memory: 873472K Free: 770037K (88%)
----------------- Invoking toplevel() on ptolemy.moml.MoMLSimpleApplication@40065fc2
----------------- Done invoking toplevel() on ptolemy.moml.MoMLSimpleApplication@40065fc2
reloadAllAccessors: .ContinuousMerge3

===========================================================================================
----------------- testing Sun Apr 14 04:00:01 UTC 2019 /home/travis/build/icyphy/ptII/ptolemy/domains/continuous/test/auto/ContinuousWithinContinuous.xml
----------------- Instantiating /home/travis/build/icyphy/ptII/ptolemy/domains/continuous/test/auto/ContinuousWithinContinuous.xml
46 ms. Memory: 873472K Free: 752193K (86%)
----------------- Invoking toplevel() on ptolemy.moml.MoMLSimpleApplication@5c86f2
----------------- Done invoking toplevel() on ptolemy.moml.MoMLSimpleApplication@5c86f2
reloadAllAccessors: .ContinuousWithinContinuous

===========================================================================================
----------------- testing Sun Apr 14 04:00:02 UTC 2019 /home/travis/build/icyphy/ptII/ptolemy/domains/continuous/test/auto/ContinuousWithinContinuous2.xml
----------------- Instantiating /home/travis/build/icyphy/ptII/ptolemy/domains/continuous/test/auto/ContinuousWithinContinuous2.xml
82 ms. Memory: 873472K Free: 740404K (85%)
----------------- Invoking toplevel() on ptolemy.moml.MoMLSimpleApplication@36756963
----------------- Done invoking toplevel() on ptolemy.moml.MoMLSimpleApplication@36756963
reloadAllAccessors: .ContinuousWithinContinuous2

===========================================================================================
----------------- testing Sun Apr 14 04:00:02 UTC 2019 /home/travis/build/icyphy/ptII/ptolemy/domains/continuous/test/auto/ContinuousWithinContinuous3.xml
----------------- Instantiating /home/travis/build/icyphy/ptII/ptolemy/domains/continuous/test/auto/ContinuousWithinContinuous3.xml
22 ms. Memory: 873472K Free: 726490K (83%)
----------------- Invoking toplevel() on ptolemy.moml.MoMLSimpleApplication@630fa3a1
----------------- Done invoking toplevel() on ptolemy.moml.MoMLSimpleApplication@630fa3a1
reloadAllAccessors: .ContinuousWithinContinuous3

===========================================================================================
----------------- testing Sun Apr 14 04:00:02 UTC 2019 /home/travis/build/icyphy/ptII/ptolemy/domains/continuous/test/auto/ContinuousWithinContinuous4.xml
----------------- Instantiating /home/travis/build/icyphy/ptII/ptolemy/domains/continuous/test/auto/ContinuousWithinContinuous4.xml
76 ms. Memory: 873472K Free: 710772K (81%)
----------------- Invoking toplevel() on ptolemy.moml.MoMLSimpleApplication@55949c2a
----------------- Done invoking toplevel() on ptolemy.moml.MoMLSimpleApplication@55949c2a
reloadAllAccessors: .ContinuousWithinContinuous4

===========================================================================================
----------------- testing Sun Apr 14 04:00:02 UTC 2019 /home/travis/build/icyphy/ptII/ptolemy/domains/continuous/test/auto/ContinuousWithinContinuous5.xml
----------------- Instantiating /home/travis/build/icyphy/ptII/ptolemy/domains/continuous/test/auto/ContinuousWithinContinuous5.xml
15 ms. Memory: 873472K Free: 698975K (80%)
----------------- Invoking toplevel() on ptolemy.moml.MoMLSimpleApplication@6afa03b4
----------------- Done invoking toplevel() on ptolemy.moml.MoMLSimpleApplication@6afa03b4
reloadAllAccessors: .ContinuousWithinContinuous5

===========================================================================================
----------------- testing Sun Apr 14 04:00:02 UTC 2019 /home/travis/build/icyphy/ptII/ptolemy/domains/continuous/test/auto/ContinuousWithinContinuous6.xml
----------------- Instantiating /home/travis/build/icyphy/ptII/ptolemy/domains/continuous/test/auto/ContinuousWithinContinuous6.xml
13 ms. Memory: 873472K Free: 685077K (78%)
----------------- Invoking toplevel() on ptolemy.moml.MoMLSimpleApplication@750fe9cd
----------------- Done invoking toplevel() on ptolemy.moml.MoMLSimpleApplication@750fe9cd
reloadAllAccessors: .ContinuousWithinContinuous6

===========================================================================================
----------------- testing Sun Apr 14 04:00:02 UTC 2019 /home/travis/build/icyphy/ptII/ptolemy/domains/continuous/test/auto/ContinuousWithinContinuous7.xml
----------------- Instantiating /home/travis/build/icyphy/ptII/ptolemy/domains/continuous/test/auto/ContinuousWithinContinuous7.xml
63 ms. Memory: 873472K Free: 673289K (77%)
----------------- Invoking toplevel() on ptolemy.moml.MoMLSimpleApplication@77080dd1
----------------- Done invoking toplevel() on ptolemy.moml.MoMLSimpleApplication@77080dd1
reloadAllAccessors: .ContinuousWithinContinuous7

===========================================================================================
----------------- testing Sun Apr 14 04:00:02 UTC 2019 /home/travis/build/icyphy/ptII/ptolemy/domains/continuous/test/auto/DCMotor.xml
----------------- Instantiating /home/travis/build/icyphy/ptII/ptolemy/domains/continuous/test/auto/DCMotor.xml
14698 ms. Memory: 734720K Free: 88279K (12%)
----------------- Invoking toplevel() on ptolemy.moml.MoMLSimpleApplication@58c68403
----------------- Done invoking toplevel() on ptolemy.moml.MoMLSimpleApplication@58c68403
reloadAllAccessors: .DCMotor

===========================================================================================
----------------- testing Sun Apr 14 04:00:17 UTC 2019 /home/travis/build/icyphy/ptII/ptolemy/domains/continuous/test/auto/DEInContinuous.xml
----------------- Instantiating /home/travis/build/icyphy/ptII/ptolemy/domains/continuous/test/auto/DEInContinuous.xml
7 ms. Memory: 734720K Free: 74566K (10%)
----------------- Invoking toplevel() on ptolemy.moml.MoMLSimpleApplication@2326c3b9
----------------- Done invoking toplevel() on ptolemy.moml.MoMLSimpleApplication@2326c3b9
reloadAllAccessors: .DEInContinuous

===========================================================================================
----------------- testing Sun Apr 14 04:00:17 UTC 2019 /home/travis/build/icyphy/ptII/ptolemy/domains/continuous/test/auto/DEinContinuous2.xml
----------------- Instantiating /home/travis/build/icyphy/ptII/ptolemy/domains/continuous/test/auto/DEinContinuous2.xml
6 ms. Memory: 697344K Free: 670574K (96%)
----------------- Invoking toplevel() on ptolemy.moml.MoMLSimpleApplication@4a2d85d9
----------------- Done invoking toplevel() on ptolemy.moml.MoMLSimpleApplication@4a2d85d9
reloadAllAccessors: .DEinContinuous2

===========================================================================================
----------------- testing Sun Apr 14 04:00:17 UTC 2019 /home/travis/build/icyphy/ptII/ptolemy/domains/continuous/test/auto/Derivative.xml
----------------- Instantiating /home/travis/build/icyphy/ptII/ptolemy/domains/continuous/test/auto/Derivative.xml
130 ms. Memory: 697344K Free: 632794K (91%)
----------------- Invoking toplevel() on ptolemy.moml.MoMLSimpleApplication@7935437b
----------------- Done invoking toplevel() on ptolemy.moml.MoMLSimpleApplication@7935437b
reloadAllAccessors: .Derivative2

===========================================================================================
----------------- testing Sun Apr 14 04:00:17 UTC 2019 /home/travis/build/icyphy/ptII/ptolemy/domains/continuous/test/auto/Derivative1.xml
----------------- Instantiating /home/travis/build/icyphy/ptII/ptolemy/domains/continuous/test/auto/Derivative1.xml
13 ms. Memory: 697344K Free: 613563K (88%)
----------------- Invoking toplevel() on ptolemy.moml.MoMLSimpleApplication@175ed01a
----------------- Done invoking toplevel() on ptolemy.moml.MoMLSimpleApplication@175ed01a
reloadAllAccessors: .Derivative1

===========================================================================================
----------------- testing Sun Apr 14 04:00:17 UTC 2019 /home/travis/build/icyphy/ptII/ptolemy/domains/continuous/test/auto/DiscreteClock.xml
----------------- Instantiating /home/travis/build/icyphy/ptII/ptolemy/domains/continuous/test/auto/DiscreteClock.xml
9 ms. Memory: 697344K Free: 600491K (86%)
----------------- Invoking toplevel() on ptolemy.moml.MoMLSimpleApplication@4e2775bf
----------------- Done invoking toplevel() on ptolemy.moml.MoMLSimpleApplication@4e2775bf
reloadAllAccessors: .DiscreteClock

===========================================================================================
----------------- testing Sun Apr 14 04:00:17 UTC 2019 /home/travis/build/icyphy/ptII/ptolemy/domains/continuous/test/auto/EfficiencyCurve.xml
----------------- Instantiating /home/travis/build/icyphy/ptII/ptolemy/domains/continuous/test/auto/EfficiencyCurve.xml
56 ms. Memory: 697344K Free: 586658K (84%)
----------------- Invoking toplevel() on ptolemy.moml.MoMLSimpleApplication@7a828605
----------------- Done invoking toplevel() on ptolemy.moml.MoMLSimpleApplication@7a828605
reloadAllAccessors: .EfficiencyCurve

===========================================================================================
----------------- testing Sun Apr 14 04:00:17 UTC 2019 /home/travis/build/icyphy/ptII/ptolemy/domains/continuous/test/auto/ExponentialResponse.xml
----------------- Instantiating /home/travis/build/icyphy/ptII/ptolemy/domains/continuous/test/auto/ExponentialResponse.xml
108 ms. Memory: 697344K Free: 561267K (80%)
----------------- Invoking toplevel() on ptolemy.moml.MoMLSimpleApplication@769940ed
----------------- Done invoking toplevel() on ptolemy.moml.MoMLSimpleApplication@769940ed
reloadAllAccessors: .ExponentialResponse

===========================================================================================
----------------- testing Sun Apr 14 04:00:17 UTC 2019 /home/travis/build/icyphy/ptII/ptolemy/domains/continuous/test/auto/ExponentialResponseRK45.xml
----------------- Instantiating /home/travis/build/icyphy/ptII/ptolemy/domains/continuous/test/auto/ExponentialResponseRK45.xml
27 ms. Memory: 697344K Free: 548195K (79%)
----------------- Invoking toplevel() on ptolemy.moml.MoMLSimpleApplication@4b58d6a5
----------------- Done invoking toplevel() on ptolemy.moml.MoMLSimpleApplication@4b58d6a5
reloadAllAccessors: .ExponentialResponseRK45

===========================================================================================
----------------- testing Sun Apr 14 04:00:17 UTC 2019 /home/travis/build/icyphy/ptII/ptolemy/domains/continuous/test/auto/Friction.xml
----------------- Instantiating /home/travis/build/icyphy/ptII/ptolemy/domains/continuous/test/auto/Friction.xml
1464 ms. Memory: 697344K Free: 97215K (14%)
----------------- Invoking toplevel() on ptolemy.moml.MoMLSimpleApplication@78acec66
----------------- Done invoking toplevel() on ptolemy.moml.MoMLSimpleApplication@78acec66
reloadAllAccessors: .Friction

===========================================================================================
----------------- testing Sun Apr 14 04:00:19 UTC 2019 /home/travis/build/icyphy/ptII/ptolemy/domains/continuous/test/auto/FurutaPendulum.xml
----------------- Instantiating /home/travis/build/icyphy/ptII/ptolemy/domains/continuous/test/auto/FurutaPendulum.xml
3493 ms. Memory: 674816K Free: 179488K (27%)
----------------- Invoking toplevel() on ptolemy.moml.MoMLSimpleApplication@7324979c
----------------- Done invoking toplevel() on ptolemy.moml.MoMLSimpleApplication@7324979c
reloadAllAccessors: .FurutaPendulum

===========================================================================================
----------------- testing Sun Apr 14 04:00:23 UTC 2019 /home/travis/build/icyphy/ptII/ptolemy/domains/continuous/test/auto/HierarchicalExecution.xml
----------------- Instantiating /home/travis/build/icyphy/ptII/ptolemy/domains/continuous/test/auto/HierarchicalExecution.xml
1679 ms. Memory: 646656K Free: 440915K (68%)
----------------- Invoking toplevel() on ptolemy.moml.MoMLSimpleApplication@49e4a526
----------------- Done invoking toplevel() on ptolemy.moml.MoMLSimpleApplication@49e4a526
reloadAllAccessors: .HierarchicalExecution

===========================================================================================
----------------- testing Sun Apr 14 04:00:24 UTC 2019 /home/travis/build/icyphy/ptII/ptolemy/domains/continuous/test/auto/HybridPlant.xml
----------------- Instantiating /home/travis/build/icyphy/ptII/ptolemy/domains/continuous/test/auto/HybridPlant.xml
488 ms. Memory: 646656K Free: 164495K (25%)
----------------- Invoking toplevel() on ptolemy.moml.MoMLSimpleApplication@2b7776b0
----------------- Done invoking toplevel() on ptolemy.moml.MoMLSimpleApplication@2b7776b0
reloadAllAccessors: .HybridPlant

===========================================================================================
----------------- testing Sun Apr 14 04:00:25 UTC 2019 /home/travis/build/icyphy/ptII/ptolemy/domains/continuous/test/auto/Hysteresis.xml
----------------- Instantiating /home/travis/build/icyphy/ptII/ptolemy/domains/continuous/test/auto/Hysteresis.xml
144 ms. Memory: 646656K Free: 96258K (15%)
----------------- Invoking toplevel() on ptolemy.moml.MoMLSimpleApplication@1f3dce47
----------------- Done invoking toplevel() on ptolemy.moml.MoMLSimpleApplication@1f3dce47
reloadAllAccessors: .Hysteresis

===========================================================================================
----------------- testing Sun Apr 14 04:00:25 UTC 2019 /home/travis/build/icyphy/ptII/ptolemy/domains/continuous/test/auto/HysteresisWithRandomDelay.xml
----------------- Instantiating /home/travis/build/icyphy/ptII/ptolemy/domains/continuous/test/auto/HysteresisWithRandomDelay.xml
187 ms. Memory: 615424K Free: 546552K (89%)
----------------- Invoking toplevel() on ptolemy.moml.MoMLSimpleApplication@42eb115f
----------------- Done invoking toplevel() on ptolemy.moml.MoMLSimpleApplication@42eb115f
reloadAllAccessors: .HysteresisWithRandomDelay

===========================================================================================
----------------- testing Sun Apr 14 04:00:25 UTC 2019 /home/travis/build/icyphy/ptII/ptolemy/domains/continuous/test/auto/HysteresisWithRandomLosses.xml
----------------- Instantiating /home/travis/build/icyphy/ptII/ptolemy/domains/continuous/test/auto/HysteresisWithRandomLosses.xml
2236 ms. Memory: 591872K Free: 292124K (49%)
----------------- Invoking toplevel() on ptolemy.moml.MoMLSimpleApplication@43eb2622
----------------- Done invoking toplevel() on ptolemy.moml.MoMLSimpleApplication@43eb2622
reloadAllAccessors: .HysteresisWithRandomLosses

===========================================================================================
----------------- testing Sun Apr 14 04:00:28 UTC 2019 /home/travis/build/icyphy/ptII/ptolemy/domains/continuous/test/auto/ImmediateTransitions.xml
----------------- Instantiating /home/travis/build/icyphy/ptII/ptolemy/domains/continuous/test/auto/ImmediateTransitions.xml
10 ms. Memory: 591872K Free: 279465K (47%)
----------------- Invoking toplevel() on ptolemy.moml.MoMLSimpleApplication@2e3cb611
----------------- Done invoking toplevel() on ptolemy.moml.MoMLSimpleApplication@2e3cb611
reloadAllAccessors: .ImmediateTransitions

===========================================================================================
----------------- testing Sun Apr 14 04:00:28 UTC 2019 /home/travis/build/icyphy/ptII/ptolemy/domains/continuous/test/auto/ImpulseFeedback.xml
----------------- Instantiating /home/travis/build/icyphy/ptII/ptolemy/domains/continuous/test/auto/ImpulseFeedback.xml
8 ms. Memory: 591872K Free: 268567K (45%)
----------------- Invoking toplevel() on ptolemy.moml.MoMLSimpleApplication@5b94e1de
----------------- Done invoking toplevel() on ptolemy.moml.MoMLSimpleApplication@5b94e1de
reloadAllAccessors: .ImpulseFeedback

===========================================================================================
----------------- testing Sun Apr 14 04:00:28 UTC 2019 /home/travis/build/icyphy/ptII/ptolemy/domains/continuous/test/auto/ImpulseFeedback2.xml
----------------- Instantiating /home/travis/build/icyphy/ptII/ptolemy/domains/continuous/test/auto/ImpulseFeedback2.xml
6 ms. Memory: 591872K Free: 257548K (44%)
----------------- Invoking toplevel() on ptolemy.moml.MoMLSimpleApplication@732c5082
----------------- Done invoking toplevel() on ptolemy.moml.MoMLSimpleApplication@732c5082
reloadAllAccessors: .ImpulseFeedback2

===========================================================================================
----------------- testing Sun Apr 14 04:00:28 UTC 2019 /home/travis/build/icyphy/ptII/ptolemy/domains/continuous/test/auto/IncreasingRatePoisson.xml
----------------- Instantiating /home/travis/build/icyphy/ptII/ptolemy/domains/continuous/test/auto/IncreasingRatePoisson.xml
696 ms. Memory: 565760K Free: 423831K (75%)
----------------- Invoking toplevel() on ptolemy.moml.MoMLSimpleApplication@347d7c79
----------------- Done invoking toplevel() on ptolemy.moml.MoMLSimpleApplication@347d7c79
reloadAllAccessors: .IncreasingRatePoisson

===========================================================================================
----------------- testing Sun Apr 14 04:00:29 UTC 2019 /home/travis/build/icyphy/ptII/ptolemy/domains/continuous/test/auto/InitialStateFeedback.xml
----------------- Instantiating /home/travis/build/icyphy/ptII/ptolemy/domains/continuous/test/auto/InitialStateFeedback.xml
8 ms. Memory: 565760K Free: 413973K (73%)
----------------- Invoking toplevel() on ptolemy.moml.MoMLSimpleApplication@37672c58
----------------- Done invoking toplevel() on ptolemy.moml.MoMLSimpleApplication@37672c58
reloadAllAccessors: .InitialStateFeedback

===========================================================================================
----------------- testing Sun Apr 14 04:00:29 UTC 2019 /home/travis/build/icyphy/ptII/ptolemy/domains/continuous/test/auto/Integration.xml
----------------- Instantiating /home/travis/build/icyphy/ptII/ptolemy/domains/continuous/test/auto/Integration.xml
2 ms. Memory: 565760K Free: 405802K (72%)
----------------- Invoking toplevel() on ptolemy.moml.MoMLSimpleApplication@417fd85b
----------------- Done invoking toplevel() on ptolemy.moml.MoMLSimpleApplication@417fd85b
reloadAllAccessors: .Integration

===========================================================================================
----------------- testing Sun Apr 14 04:00:29 UTC 2019 /home/travis/build/icyphy/ptII/ptolemy/domains/continuous/test/auto/Integration2.xml
----------------- Instantiating /home/travis/build/icyphy/ptII/ptolemy/domains/continuous/test/auto/Integration2.xml
78 ms. Memory: 565760K Free: 388063K (69%)
----------------- Invoking toplevel() on ptolemy.moml.MoMLSimpleApplication@7820fc3d
----------------- Done invoking toplevel() on ptolemy.moml.MoMLSimpleApplication@7820fc3d
reloadAllAccessors: .Integration2

===========================================================================================
----------------- testing Sun Apr 14 04:00:29 UTC 2019 /home/travis/build/icyphy/ptII/ptolemy/domains/continuous/test/auto/Integration3.xml
----------------- Instantiating /home/travis/build/icyphy/ptII/ptolemy/domains/continuous/test/auto/Integration3.xml
2 ms. Memory: 565760K Free: 379907K (67%)
----------------- Invoking toplevel() on ptolemy.moml.MoMLSimpleApplication@1904b509
----------------- Done invoking toplevel() on ptolemy.moml.MoMLSimpleApplication@1904b509
reloadAllAccessors: .Integration3

===========================================================================================
----------------- testing Sun Apr 14 04:00:29 UTC 2019 /home/travis/build/icyphy/ptII/ptolemy/domains/continuous/test/auto/Integration5.xml
----------------- Instantiating /home/travis/build/icyphy/ptII/ptolemy/domains/continuous/test/auto/Integration5.xml
2 ms. Memory: 565760K Free: 371736K (66%)
----------------- Invoking toplevel() on ptolemy.moml.MoMLSimpleApplication@3901401d
----------------- Done invoking toplevel() on ptolemy.moml.MoMLSimpleApplication@3901401d
reloadAllAccessors: .Integration5

===========================================================================================
----------------- testing Sun Apr 14 04:00:29 UTC 2019 /home/travis/build/icyphy/ptII/ptolemy/domains/continuous/test/auto/IntegratorImpulse.xml
----------------- Instantiating /home/travis/build/icyphy/ptII/ptolemy/domains/continuous/test/auto/IntegratorImpulse.xml
2 ms. Memory: 565760K Free: 363565K (64%)
----------------- Invoking toplevel() on ptolemy.moml.MoMLSimpleApplication@4a2f68dc
----------------- Done invoking toplevel() on ptolemy.moml.MoMLSimpleApplication@4a2f68dc
reloadAllAccessors: .IntegratorImpulse

===========================================================================================
----------------- testing Sun Apr 14 04:00:29 UTC 2019 /home/travis/build/icyphy/ptII/ptolemy/domains/continuous/test/auto/IntegratorImpulse2.xml
----------------- Instantiating /home/travis/build/icyphy/ptII/ptolemy/domains/continuous/test/auto/IntegratorImpulse2.xml
3 ms. Memory: 565760K Free: 355504K (63%)
----------------- Invoking toplevel() on ptolemy.moml.MoMLSimpleApplication@b50a6e1
----------------- Done invoking toplevel() on ptolemy.moml.MoMLSimpleApplication@b50a6e1
reloadAllAccessors: .IntegratorImpulse2

===========================================================================================
----------------- testing Sun Apr 14 04:00:29 UTC 2019 /home/travis/build/icyphy/ptII/ptolemy/domains/continuous/test/auto/LevelCrossing1.xml
----------------- Instantiating /home/travis/build/icyphy/ptII/ptolemy/domains/continuous/test/auto/LevelCrossing1.xml
2 ms. Memory: 565760K Free: 347332K (61%)
----------------- Invoking toplevel() on ptolemy.moml.MoMLSimpleApplication@686c2133
----------------- Done invoking toplevel() on ptolemy.moml.MoMLSimpleApplication@686c2133
reloadAllAccessors: .LevelCrossing1

===========================================================================================
----------------- testing Sun Apr 14 04:00:29 UTC 2019 /home/travis/build/icyphy/ptII/ptolemy/domains/continuous/test/auto/LevelCrossing2.xml
----------------- Instantiating /home/travis/build/icyphy/ptII/ptolemy/domains/continuous/test/auto/LevelCrossing2.xml
3 ms. Memory: 565760K Free: 339160K (60%)
----------------- Invoking toplevel() on ptolemy.moml.MoMLSimpleApplication@3db231d7
----------------- Done invoking toplevel() on ptolemy.moml.MoMLSimpleApplication@3db231d7
reloadAllAccessors: .LevelCrossing2

===========================================================================================
----------------- testing Sun Apr 14 04:00:29 UTC 2019 /home/travis/build/icyphy/ptII/ptolemy/domains/continuous/test/auto/LevelCrossing3.xml
----------------- Instantiating /home/travis/build/icyphy/ptII/ptolemy/domains/continuous/test/auto/LevelCrossing3.xml
3 ms. Memory: 565760K Free: 330988K (59%)
----------------- Invoking toplevel() on ptolemy.moml.MoMLSimpleApplication@63d33d3c
----------------- Done invoking toplevel() on ptolemy.moml.MoMLSimpleApplication@63d33d3c
reloadAllAccessors: .LevelCrossing3

===========================================================================================
----------------- testing Sun Apr 14 04:00:29 UTC 2019 /home/travis/build/icyphy/ptII/ptolemy/domains/continuous/test/auto/LevelCrossing4.xml
----------------- Instantiating /home/travis/build/icyphy/ptII/ptolemy/domains/continuous/test/auto/LevelCrossing4.xml
3 ms. Memory: 565760K Free: 322937K (57%)
----------------- Invoking toplevel() on ptolemy.moml.MoMLSimpleApplication@19728b28
----------------- Done invoking toplevel() on ptolemy.moml.MoMLSimpleApplication@19728b28
reloadAllAccessors: .LevelCrossing4

===========================================================================================
----------------- testing Sun Apr 14 04:00:29 UTC 2019 /home/travis/build/icyphy/ptII/ptolemy/domains/continuous/test/auto/LevelCrossing5.xml
----------------- Instantiating /home/travis/build/icyphy/ptII/ptolemy/domains/continuous/test/auto/LevelCrossing5.xml
3 ms. Memory: 565760K Free: 314765K (56%)
----------------- Invoking toplevel() on ptolemy.moml.MoMLSimpleApplication@52b737db
----------------- Done invoking toplevel() on ptolemy.moml.MoMLSimpleApplication@52b737db
reloadAllAccessors: .LevelCrossing5

===========================================================================================
[...]
4 ms. Memory: 371200K Free: 227925K (61%)
----------------- Invoking toplevel() on ptolemy.moml.MoMLSimpleApplication@50e96767
----------------- Done invoking toplevel() on ptolemy.moml.MoMLSimpleApplication@50e96767
reloadAllAccessors: .SRinContinuous

===========================================================================================
----------------- testing Sun Apr 14 04:00:47 UTC 2019 /home/travis/build/icyphy/ptII/ptolemy/domains/continuous/test/auto/SampledClocks.xml
----------------- Instantiating /home/travis/build/icyphy/ptII/ptolemy/domains/continuous/test/auto/SampledClocks.xml
8 ms. Memory: 371200K Free: 211482K (57%)
----------------- Invoking toplevel() on ptolemy.moml.MoMLSimpleApplication@260fe66f
----------------- Done invoking toplevel() on ptolemy.moml.MoMLSimpleApplication@260fe66f
reloadAllAccessors: .SampledClocks

===========================================================================================
----------------- testing Sun Apr 14 04:00:47 UTC 2019 /home/travis/build/icyphy/ptII/ptolemy/domains/continuous/test/auto/Satellite.xml
----------------- Instantiating /home/travis/build/icyphy/ptII/ptolemy/domains/continuous/test/auto/Satellite.xml
819 ms. Memory: 365056K Free: 311820K (85%)
----------------- Invoking toplevel() on ptolemy.moml.MoMLSimpleApplication@6bb93e33
----------------- Done invoking toplevel() on ptolemy.moml.MoMLSimpleApplication@6bb93e33
reloadAllAccessors: .Satellite

===========================================================================================
----------------- testing Sun Apr 14 04:00:48 UTC 2019 /home/travis/build/icyphy/ptII/ptolemy/domains/continuous/test/auto/SigmaDelta.xml
----------------- Instantiating /home/travis/build/icyphy/ptII/ptolemy/domains/continuous/test/auto/SigmaDelta.xml
2269 ms. Memory: 352768K Free: 193780K (55%)
----------------- Invoking toplevel() on ptolemy.moml.MoMLSimpleApplication@e427542
----------------- Done invoking toplevel() on ptolemy.moml.MoMLSimpleApplication@e427542
reloadAllAccessors: .SigmaDelta

===========================================================================================
----------------- testing Sun Apr 14 04:00:50 UTC 2019 /home/travis/build/icyphy/ptII/ptolemy/domains/continuous/test/auto/SingleRefinement.xml
----------------- Instantiating /home/travis/build/icyphy/ptII/ptolemy/domains/continuous/test/auto/SingleRefinement.xml
509 ms. Memory: 335360K Free: 255250K (76%)
----------------- Invoking toplevel() on ptolemy.moml.MoMLSimpleApplication@62dd6e83
----------------- Done invoking toplevel() on ptolemy.moml.MoMLSimpleApplication@62dd6e83
reloadAllAccessors: .SingleRefinement

===========================================================================================
----------------- testing Sun Apr 14 04:00:51 UTC 2019 /home/travis/build/icyphy/ptII/ptolemy/domains/continuous/test/auto/SinuBouncingBall.xml
----------------- Instantiating /home/travis/build/icyphy/ptII/ptolemy/domains/continuous/test/auto/SinuBouncingBall.xml
754 ms. Memory: 335360K Free: 34858K (10%)
----------------- Invoking toplevel() on ptolemy.moml.MoMLSimpleApplication@30b4f9b7
----------------- Done invoking toplevel() on ptolemy.moml.MoMLSimpleApplication@30b4f9b7
reloadAllAccessors: .SinuBouncingBall

===========================================================================================
----------------- testing Sun Apr 14 04:00:52 UTC 2019 /home/travis/build/icyphy/ptII/ptolemy/domains/continuous/test/auto/Sinusoid.xml
----------------- Instantiating /home/travis/build/icyphy/ptII/ptolemy/domains/continuous/test/auto/Sinusoid.xml
4 ms. Memory: 335360K Free: 28871K (9%)
----------------- Invoking toplevel() on ptolemy.moml.MoMLSimpleApplication@4409225b
----------------- Done invoking toplevel() on ptolemy.moml.MoMLSimpleApplication@4409225b
reloadAllAccessors: .Sinusoid

===========================================================================================
----------------- testing Sun Apr 14 04:00:52 UTC 2019 /home/travis/build/icyphy/ptII/ptolemy/domains/continuous/test/auto/SinusoidInNoise.xml
----------------- Instantiating /home/travis/build/icyphy/ptII/ptolemy/domains/continuous/test/auto/SinusoidInNoise.xml
981 ms. Memory: 324096K Free: 72111K (22%)
----------------- Invoking toplevel() on ptolemy.moml.MoMLSimpleApplication@79d37ca0
----------------- Done invoking toplevel() on ptolemy.moml.MoMLSimpleApplication@79d37ca0
reloadAllAccessors: .SinusoidInNoise

===========================================================================================
----------------- testing Sun Apr 14 04:00:53 UTC 2019 /home/travis/build/icyphy/ptII/ptolemy/domains/continuous/test/auto/SinusoidRK45.xml
----------------- Instantiating /home/travis/build/icyphy/ptII/ptolemy/domains/continuous/test/auto/SinusoidRK45.xml
6 ms. Memory: 324096K Free: 66290K (20%)
----------------- Invoking toplevel() on ptolemy.moml.MoMLSimpleApplication@5b64fc1e
----------------- Done invoking toplevel() on ptolemy.moml.MoMLSimpleApplication@5b64fc1e
reloadAllAccessors: .SinusoidRK45

===========================================================================================
----------------- testing Sun Apr 14 04:00:53 UTC 2019 /home/travis/build/icyphy/ptII/ptolemy/domains/continuous/test/auto/SinusoidWithMultipleImpulses.xml
----------------- Instantiating /home/travis/build/icyphy/ptII/ptolemy/domains/continuous/test/auto/SinusoidWithMultipleImpulses.xml
3 ms. Memory: 324096K Free: 60513K (19%)
----------------- Invoking toplevel() on ptolemy.moml.MoMLSimpleApplication@370b2bee
----------------- Done invoking toplevel() on ptolemy.moml.MoMLSimpleApplication@370b2bee
reloadAllAccessors: .SinusoidWithMultipleImpulses

===========================================================================================
----------------- testing Sun Apr 14 04:00:53 UTC 2019 /home/travis/build/icyphy/ptII/ptolemy/domains/continuous/test/auto/SquareWave.xml
----------------- Instantiating /home/travis/build/icyphy/ptII/ptolemy/domains/continuous/test/auto/SquareWave.xml
139 ms. Memory: 324096K Free: 27339K (8%)
----------------- Invoking toplevel() on ptolemy.moml.MoMLSimpleApplication@166bd760
----------------- Done invoking toplevel() on ptolemy.moml.MoMLSimpleApplication@166bd760
reloadAllAccessors: .SquareWave

===========================================================================================
----------------- testing Sun Apr 14 04:00:53 UTC 2019 /home/travis/build/icyphy/ptII/ptolemy/domains/continuous/test/auto/Starmac.xml
----------------- Instantiating /home/travis/build/icyphy/ptII/ptolemy/domains/continuous/test/auto/Starmac.xml
3084 ms. Memory: 307200K Free: 127197K (41%)
----------------- Invoking toplevel() on ptolemy.moml.MoMLSimpleApplication@13bb0f28
----------------- Done invoking toplevel() on ptolemy.moml.MoMLSimpleApplication@13bb0f28
reloadAllAccessors: .Starmac

===========================================================================================
----------------- testing Sun Apr 14 04:00:56 UTC 2019 /home/travis/build/icyphy/ptII/ptolemy/domains/continuous/test/auto/StaticUnits.xml
----------------- Instantiating /home/travis/build/icyphy/ptII/ptolemy/domains/continuous/test/auto/StaticUnits.xml
2221 ms. Memory: 284160K Free: 88222K (31%)
----------------- Invoking toplevel() on ptolemy.moml.MoMLSimpleApplication@4efb464
----------------- Done invoking toplevel() on ptolemy.moml.MoMLSimpleApplication@4efb464
reloadAllAccessors: .StaticUnits

===========================================================================================
----------------- testing Sun Apr 14 04:00:59 UTC 2019 /home/travis/build/icyphy/ptII/ptolemy/domains/continuous/test/auto/StickyMasses.xml
----------------- Instantiating /home/travis/build/icyphy/ptII/ptolemy/domains/continuous/test/auto/StickyMasses.xml
133 ms. Memory: 284160K Free: 34186K (12%)
----------------- Invoking toplevel() on ptolemy.moml.MoMLSimpleApplication@3ad61965
----------------- Done invoking toplevel() on ptolemy.moml.MoMLSimpleApplication@3ad61965
reloadAllAccessors: .StickyMasses

===========================================================================================
----------------- testing Sun Apr 14 04:00:59 UTC 2019 /home/travis/build/icyphy/ptII/ptolemy/domains/continuous/test/auto/StopTime.xml
----------------- Instantiating /home/travis/build/icyphy/ptII/ptolemy/domains/continuous/test/auto/StopTime.xml
46 ms. Memory: 283136K Free: 207800K (73%)
----------------- Invoking toplevel() on ptolemy.moml.MoMLSimpleApplication@57b19759
----------------- Done invoking toplevel() on ptolemy.moml.MoMLSimpleApplication@57b19759
reloadAllAccessors: .StopTime

===========================================================================================
----------------- testing Sun Apr 14 04:00:59 UTC 2019 /home/travis/build/icyphy/ptII/ptolemy/domains/continuous/test/auto/StopTime2.xml
----------------- Instantiating /home/travis/build/icyphy/ptII/ptolemy/domains/continuous/test/auto/StopTime2.xml
39 ms. Memory: 283136K Free: 182645K (65%)
----------------- Invoking toplevel() on ptolemy.moml.MoMLSimpleApplication@2e5a3263
----------------- Done invoking toplevel() on ptolemy.moml.MoMLSimpleApplication@2e5a3263
reloadAllAccessors: .StopTime2

===========================================================================================
----------------- testing Sun Apr 14 04:00:59 UTC 2019 /home/travis/build/icyphy/ptII/ptolemy/domains/continuous/test/auto/Switch.xml
----------------- Instantiating /home/travis/build/icyphy/ptII/ptolemy/domains/continuous/test/auto/Switch.xml
34 ms. Memory: 283136K Free: 155685K (55%)
----------------- Invoking toplevel() on ptolemy.moml.MoMLSimpleApplication@6b249336
----------------- Done invoking toplevel() on ptolemy.moml.MoMLSimpleApplication@6b249336
reloadAllAccessors: .Switch

===========================================================================================
----------------- testing Sun Apr 14 04:00:59 UTC 2019 /home/travis/build/icyphy/ptII/ptolemy/domains/continuous/test/auto/Thermostat.xml
----------------- Instantiating /home/travis/build/icyphy/ptII/ptolemy/domains/continuous/test/auto/Thermostat.xml
174 ms. Memory: 283136K Free: 80542K (28%)
----------------- Invoking toplevel() on ptolemy.moml.MoMLSimpleApplication@37b26b1b
----------------- Done invoking toplevel() on ptolemy.moml.MoMLSimpleApplication@37b26b1b
reloadAllAccessors: .Thermostat

===========================================================================================
----------------- testing Sun Apr 14 04:01:00 UTC 2019 /home/travis/build/icyphy/ptII/ptolemy/domains/continuous/test/auto/TimeDelay.xml
----------------- Instantiating /home/travis/build/icyphy/ptII/ptolemy/domains/continuous/test/auto/TimeDelay.xml
6 ms. Memory: 283136K Free: 74406K (26%)
----------------- Invoking toplevel() on ptolemy.moml.MoMLSimpleApplication@35c51e
----------------- Done invoking toplevel() on ptolemy.moml.MoMLSimpleApplication@35c51e
reloadAllAccessors: .TimeDelay

===========================================================================================
----------------- testing Sun Apr 14 04:01:00 UTC 2019 /home/travis/build/icyphy/ptII/ptolemy/domains/continuous/test/auto/TimeDelay2.xml
----------------- Instantiating /home/travis/build/icyphy/ptII/ptolemy/domains/continuous/test/auto/TimeDelay2.xml
10 ms. Memory: 283136K Free: 65672K (23%)
----------------- Invoking toplevel() on ptolemy.moml.MoMLSimpleApplication@38d2ff44
----------------- Done invoking toplevel() on ptolemy.moml.MoMLSimpleApplication@38d2ff44
reloadAllAccessors: .TimeDelay2

===========================================================================================
----------------- testing Sun Apr 14 04:01:00 UTC 2019 /home/travis/build/icyphy/ptII/ptolemy/domains/continuous/test/auto/TimeDelay3.xml
----------------- Instantiating /home/travis/build/icyphy/ptII/ptolemy/domains/continuous/test/auto/TimeDelay3.xml
7 ms. Memory: 283136K Free: 59535K (21%)
----------------- Invoking toplevel() on ptolemy.moml.MoMLSimpleApplication@f970041
----------------- Done invoking toplevel() on ptolemy.moml.MoMLSimpleApplication@f970041
reloadAllAccessors: .TimeDelay3

===========================================================================================
----------------- testing Sun Apr 14 04:01:00 UTC 2019 /home/travis/build/icyphy/ptII/ptolemy/domains/continuous/test/auto/TransferAbsentToInside.xml
----------------- Instantiating /home/travis/build/icyphy/ptII/ptolemy/domains/continuous/test/auto/TransferAbsentToInside.xml
24 ms. Memory: 268288K Free: 181600K (68%)
----------------- Invoking toplevel() on ptolemy.moml.MoMLSimpleApplication@6d50b161
----------------- Done invoking toplevel() on ptolemy.moml.MoMLSimpleApplication@6d50b161
reloadAllAccessors: .TransferAbsentToInside

===========================================================================================
----------------- testing Sun Apr 14 04:01:00 UTC 2019 /home/travis/build/icyphy/ptII/ptolemy/domains/continuous/test/auto/Transmission.xml
----------------- Instantiating /home/travis/build/icyphy/ptII/ptolemy/domains/continuous/test/auto/Transmission.xml
746 ms. Memory: 260096K Free: 122216K (47%)
----------------- Invoking toplevel() on ptolemy.moml.MoMLSimpleApplication@41849200
----------------- Done invoking toplevel() on ptolemy.moml.MoMLSimpleApplication@41849200
reloadAllAccessors: .Transmission

===========================================================================================
----------------- testing Sun Apr 14 04:01:01 UTC 2019 /home/travis/build/icyphy/ptII/ptolemy/domains/continuous/test/auto/TriggeredContinuousClock.xml
----------------- Instantiating /home/travis/build/icyphy/ptII/ptolemy/domains/continuous/test/auto/TriggeredContinuousClock.xml
34 ms. Memory: 260096K Free: 89430K (34%)
----------------- Invoking toplevel() on ptolemy.moml.MoMLSimpleApplication@5c0051be
----------------- Done invoking toplevel() on ptolemy.moml.MoMLSimpleApplication@5c0051be
reloadAllAccessors: .TriggeredContinuousClock

===========================================================================================
----------------- testing Sun Apr 14 04:01:01 UTC 2019 /home/travis/build/icyphy/ptII/ptolemy/domains/continuous/test/auto/TwoMachineInfiniteBusControl.xml
----------------- Instantiating /home/travis/build/icyphy/ptII/ptolemy/domains/continuous/test/auto/TwoMachineInfiniteBusControl.xml
3174 ms. Memory: 335360K Free: 256865K (77%)
----------------- Invoking toplevel() on ptolemy.moml.MoMLSimpleApplication@8a06fc4
----------------- Done invoking toplevel() on ptolemy.moml.MoMLSimpleApplication@8a06fc4
reloadAllAccessors: .TwoMachineInfiniteBusControl

===========================================================================================
----------------- testing Sun Apr 14 04:01:04 UTC 2019 /home/travis/build/icyphy/ptII/ptolemy/domains/continuous/test/auto/V2V.xml
----------------- Instantiating /home/travis/build/icyphy/ptII/ptolemy/domains/continuous/test/auto/V2V.xml
789 ms. Memory: 335360K Free: 63883K (19%)
----------------- Invoking toplevel() on ptolemy.moml.MoMLSimpleApplication@2362c1e7
----------------- Done invoking toplevel() on ptolemy.moml.MoMLSimpleApplication@2362c1e7
reloadAllAccessors: .V2V

===========================================================================================
----------------- testing Sun Apr 14 04:01:05 UTC 2019 /home/travis/build/icyphy/ptII/ptolemy/domains/continuous/test/auto/hierarchicalModalModel.xml
----------------- Instantiating /home/travis/build/icyphy/ptII/ptolemy/domains/continuous/test/auto/hierarchicalModalModel.xml
8 ms. Memory: 335360K Free: 47669K (14%)
----------------- Invoking toplevel() on ptolemy.moml.MoMLSimpleApplication@39fe73d9
----------------- Done invoking toplevel() on ptolemy.moml.MoMLSimpleApplication@39fe73d9
reloadAllAccessors: .hierarchicalModalModel

===========================================================================================
----------------- testing Sun Apr 14 04:01:05 UTC 2019 /home/travis/build/icyphy/ptII/ptolemy/domains/continuous/test/auto/hierarchicalModalModel1.xml
----------------- Instantiating /home/travis/build/icyphy/ptII/ptolemy/domains/continuous/test/auto/hierarchicalModalModel1.xml
9 ms. Memory: 335360K Free: 31407K (9%)
----------------- Invoking toplevel() on ptolemy.moml.MoMLSimpleApplication@701a21c2
----------------- Done invoking toplevel() on ptolemy.moml.MoMLSimpleApplication@701a21c2
reloadAllAccessors: .hierarchicalModalModel1

===========================================================================================
----------------- testing Sun Apr 14 04:01:05 UTC 2019 /home/travis/build/icyphy/ptII/ptolemy/domains/continuous/test/auto/hierarchicalModalModel2.xml
----------------- Instantiating /home/travis/build/icyphy/ptII/ptolemy/domains/continuous/test/auto/hierarchicalModalModel2.xml
6 ms. Memory: 335360K Free: 16814K (5%)
----------------- Invoking toplevel() on ptolemy.moml.MoMLSimpleApplication@323f890c
----------------- Done invoking toplevel() on ptolemy.moml.MoMLSimpleApplication@323f890c
reloadAllAccessors: .hierarchicalModalModel2

===========================================================================================
----------------- testing Sun Apr 14 04:01:05 UTC 2019 /home/travis/build/icyphy/ptII/ptolemy/domains/continuous/test/auto/hierarchicalModalModel3.xml
----------------- Instantiating /home/travis/build/icyphy/ptII/ptolemy/domains/continuous/test/auto/hierarchicalModalModel3.xml
9 ms. Memory: 330240K Free: 252697K (77%)
----------------- Invoking toplevel() on ptolemy.moml.MoMLSimpleApplication@45a73075
----------------- Done invoking toplevel() on ptolemy.moml.MoMLSimpleApplication@45a73075
reloadAllAccessors: .hierarchicalModalModel3

===========================================================================================
----------------- testing Sun Apr 14 04:01:05 UTC 2019 /home/travis/build/icyphy/ptII/ptolemy/domains/continuous/test/auto/hierarchicalModalModel4.xml
----------------- Instantiating /home/travis/build/icyphy/ptII/ptolemy/domains/continuous/test/auto/hierarchicalModalModel4.xml
5 ms. Memory: 330240K Free: 236219K (72%)
----------------- Invoking toplevel() on ptolemy.moml.MoMLSimpleApplication@143289bb
----------------- Done invoking toplevel() on ptolemy.moml.MoMLSimpleApplication@143289bb
reloadAllAccessors: .hierarchicalModalModel4

===========================================================================================
----------------- testing Sun Apr 14 04:01:05 UTC 2019 /home/travis/build/icyphy/ptII/ptolemy/domains/continuous/test/auto/junk.xml
----------------- Instantiating /home/travis/build/icyphy/ptII/ptolemy/domains/continuous/test/auto/junk.xml
144 ms. Memory: 330240K Free: 204522K (62%)
----------------- Invoking toplevel() on ptolemy.moml.MoMLSimpleApplication@210f9dc0
----------------- Done invoking toplevel() on ptolemy.moml.MoMLSimpleApplication@210f9dc0
reloadAllAccessors: .junk
AutoTests.java: About to close Vertx.
AutoTests.java: Vertx closed.
]]></system-out>
  <system-err><![CDATA[Warning: '.HysteresisWithRandomDelay.NonStrictTest' The test produced only 221 tokens, yet the correctValues parameter was expecting 222 tokens.
Warning: '.HysteresisWithRandomDelay.NonStrictTest2' The test produced only 220 tokens, yet the correctValues parameter was expecting 221 tokens.
Warning: '.HysteresisWithRandomDelay.NonStrictTest3' The test produced only 22 tokens, yet the correctValues parameter was expecting 30 tokens.
Warning: '.IncreasingRatePoisson.NonStrictTest' The test produced only 392 tokens, yet the correctValues parameter was expecting 402 tokens.
Warning: '.Poisson.NonStrictTest' The test produced only 418 tokens, yet the correctValues parameter was expecting 430 tokens.
]]></system-err>
</testsuite>
