<?xml version="1.0" encoding="UTF-8" ?>
<testsuite errors="0" failures="0" hostname="travis-job-a7f28780-b486-4ee5-b55f-b320f6c04b23" name="ptolemy.domains.sdf.test.junit.JUnitTclTest" skipped="0" tests="66" time="20.0" timestamp="2020-04-14T14:15:00">
  <properties>
[...]
</properties>
  <testcase classname="ptolemy.util.test.junit.TclTests" name="[0] /home/travis/build/icyphy/ptII/ptolemy/domains/sdf/test/SDFSchedulerErrors.tcl (RunTclFile)" time="0.995" />
  <testcase classname="ptolemy.util.test.junit.TclTests" name="[1] /home/travis/build/icyphy/ptII/ptolemy/domains/sdf/test/composition.tcl (RunTclFile)" time="0.19" />
  <testcase classname="ptolemy.util.test.junit.TclTests" name="[2] /home/travis/build/icyphy/ptII/ptolemy/domains/sdf/test/cycle.tcl (RunTclFile)" time="0.069" />
  <testcase classname="ptolemy.util.test.junit.AutoKnownFailedTests" name="[0] ThereAreNoKnowFailedTests (RunModel)" time="0.001" />
  <testcase classname="ptolemy.util.test.junit.AutoNameArchTests" name="[0] ThereAreNoAutoArchTests (RunModel)" time="0.002" />
  <testcase classname="ptolemy.util.test.junit.AutoTests" name="[0] /home/travis/build/icyphy/ptII/ptolemy/domains/sdf/test/auto/Array.xml (RunModel)" time="0.303" />
  <testcase classname="ptolemy.util.test.junit.AutoTests" name="[1] /home/travis/build/icyphy/ptII/ptolemy/domains/sdf/test/auto/Butterfly.xml (RunModel)" time="0.163" />
  <testcase classname="ptolemy.util.test.junit.AutoTests" name="[2] /home/travis/build/icyphy/ptII/ptolemy/domains/sdf/test/auto/Expression.xml (RunModel)" time="0.122" />
  <testcase classname="ptolemy.util.test.junit.AutoTests" name="[3] /home/travis/build/icyphy/ptII/ptolemy/domains/sdf/test/auto/Eye.xml (RunModel)" time="0.263" />
  <testcase classname="ptolemy.util.test.junit.AutoTests" name="[4] /home/travis/build/icyphy/ptII/ptolemy/domains/sdf/test/auto/FixFIR.xml (RunModel)" time="0.357" />
  <testcase classname="ptolemy.util.test.junit.AutoTests" name="[5] /home/travis/build/icyphy/ptII/ptolemy/domains/sdf/test/auto/FixPoint.xml (RunModel)" time="0.053" />
  <testcase classname="ptolemy.util.test.junit.AutoTests" name="[6] /home/travis/build/icyphy/ptII/ptolemy/domains/sdf/test/auto/Gravitation.xml (RunModel)" time="3.222" />
  <testcase classname="ptolemy.util.test.junit.AutoTests" name="[7] /home/travis/build/icyphy/ptII/ptolemy/domains/sdf/test/auto/GravitationWithCollisionDetection.xml (RunModel)" time="6.041" />
  <testcase classname="ptolemy.util.test.junit.AutoTests" name="[8] /home/travis/build/icyphy/ptII/ptolemy/domains/sdf/test/auto/HDF.xml (RunModel)" time="0.109" />
  <testcase classname="ptolemy.util.test.junit.AutoTests" name="[9] /home/travis/build/icyphy/ptII/ptolemy/domains/sdf/test/auto/HDFwithTransientStates.xml (RunModel)" time="0.081" />
  <testcase classname="ptolemy.util.test.junit.AutoTests" name="[10] /home/travis/build/icyphy/ptII/ptolemy/domains/sdf/test/auto/HTVQ.xml (RunModel)" time="0.791" />
  <testcase classname="ptolemy.util.test.junit.AutoTests" name="[11] /home/travis/build/icyphy/ptII/ptolemy/domains/sdf/test/auto/InferInitProduction.xml (RunModel)" time="0.035" />
  <testcase classname="ptolemy.util.test.junit.AutoTests" name="[12] /home/travis/build/icyphy/ptII/ptolemy/domains/sdf/test/auto/InferInitProductionDeeper.xml (RunModel)" time="0.028" />
  <testcase classname="ptolemy.util.test.junit.AutoTests" name="[13] /home/travis/build/icyphy/ptII/ptolemy/domains/sdf/test/auto/LMSAdaptive.xml (RunModel)" time="0.062" />
  <testcase classname="ptolemy.util.test.junit.AutoTests" name="[14] /home/travis/build/icyphy/ptII/ptolemy/domains/sdf/test/auto/LogisticMap.xml (RunModel)" time="0.485" />
  <testcase classname="ptolemy.util.test.junit.AutoTests" name="[15] /home/travis/build/icyphy/ptII/ptolemy/domains/sdf/test/auto/MaximumEntropySpectrum.xml (RunModel)" time="0.264" />
  <testcase classname="ptolemy.util.test.junit.AutoTests" name="[16] /home/travis/build/icyphy/ptII/ptolemy/domains/sdf/test/auto/MultirateSDF.xml (RunModel)" time="0.067" />
  <testcase classname="ptolemy.util.test.junit.AutoTests" name="[17] /home/travis/build/icyphy/ptII/ptolemy/domains/sdf/test/auto/MultirateSDFwithTransientStates.xml (RunModel)" time="0.084" />
  <testcase classname="ptolemy.util.test.junit.AutoTests" name="[18] /home/travis/build/icyphy/ptII/ptolemy/domains/sdf/test/auto/NoisySinewave.xml (RunModel)" time="0.056" />
  <testcase classname="ptolemy.util.test.junit.AutoTests" name="[19] /home/travis/build/icyphy/ptII/ptolemy/domains/sdf/test/auto/Objects.xml (RunModel)" time="0.04" />
  <testcase classname="ptolemy.util.test.junit.AutoTests" name="[20] /home/travis/build/icyphy/ptII/ptolemy/domains/sdf/test/auto/OrthogonalCom.xml (RunModel)" time="0.053" />
  <testcase classname="ptolemy.util.test.junit.AutoTests" name="[21] /home/travis/build/icyphy/ptII/ptolemy/domains/sdf/test/auto/RijndaelEncryption.xml (RunModel)" time="0.566" />
  <testcase classname="ptolemy.util.test.junit.AutoTests" name="[22] /home/travis/build/icyphy/ptII/ptolemy/domains/sdf/test/auto/SDFEmptyIterations.xml (RunModel)" time="0.019" />
  <testcase classname="ptolemy.util.test.junit.AutoTests" name="[23] /home/travis/build/icyphy/ptII/ptolemy/domains/sdf/test/auto/Spectrum.xml (RunModel)" time="0.078" />
  <testcase classname="ptolemy.util.test.junit.AutoTests" name="[24] /home/travis/build/icyphy/ptII/ptolemy/domains/sdf/test/auto/de_inside_sdf.xml (RunModel)" time="0.021" />
  <testcase classname="ptolemy.util.test.junit.AutoTests" name="[25] /home/travis/build/icyphy/ptII/ptolemy/domains/sdf/test/auto/disconnectedHierarchicalSDF.xml (RunModel)" time="0.022" />
  <testcase classname="ptolemy.util.test.junit.AutoTests" name="[26] /home/travis/build/icyphy/ptII/ptolemy/domains/sdf/test/auto/disconnectedSDF.xml (RunModel)" time="0.017" />
  <testcase classname="ptolemy.util.test.junit.AutoTests" name="[27] /home/travis/build/icyphy/ptII/ptolemy/domains/sdf/test/auto/emptyRefinement.xml (RunModel)" time="0.016" />
  <testcase classname="ptolemy.util.test.junit.AutoTests" name="[28] /home/travis/build/icyphy/ptII/ptolemy/domains/sdf/test/auto/filePortParameter.xml (RunModel)" time="0.037" />
  <testcase classname="ptolemy.util.test.junit.AutoTests" name="[29] /home/travis/build/icyphy/ptII/ptolemy/domains/sdf/test/auto/inferRelationWidth1.xml (RunModel)" time="0.023" />
  <testcase classname="ptolemy.util.test.junit.AutoTests" name="[30] /home/travis/build/icyphy/ptII/ptolemy/domains/sdf/test/auto/initProductionInference.xml (RunModel)" time="0.022" />
  <testcase classname="ptolemy.util.test.junit.AutoTests" name="[31] /home/travis/build/icyphy/ptII/ptolemy/domains/sdf/test/auto/relationGroup.xml (RunModel)" time="0.017" />
  <testcase classname="ptolemy.util.test.junit.AutoTests" name="[32] /home/travis/build/icyphy/ptII/ptolemy/domains/sdf/test/auto/relationGroup10.xml (RunModel)" time="0.013" />
  <testcase classname="ptolemy.util.test.junit.AutoTests" name="[33] /home/travis/build/icyphy/ptII/ptolemy/domains/sdf/test/auto/relationGroup11.xml (RunModel)" time="0.015" />
  <testcase classname="ptolemy.util.test.junit.AutoTests" name="[34] /home/travis/build/icyphy/ptII/ptolemy/domains/sdf/test/auto/relationGroup12.xml (RunModel)" time="0.013" />
  <testcase classname="ptolemy.util.test.junit.AutoTests" name="[35] /home/travis/build/icyphy/ptII/ptolemy/domains/sdf/test/auto/relationGroup13.xml (RunModel)" time="0.019" />
  <testcase classname="ptolemy.util.test.junit.AutoTests" name="[36] /home/travis/build/icyphy/ptII/ptolemy/domains/sdf/test/auto/relationGroup14.xml (RunModel)" time="0.014" />
  <testcase classname="ptolemy.util.test.junit.AutoTests" name="[37] /home/travis/build/icyphy/ptII/ptolemy/domains/sdf/test/auto/relationGroup15.xml (RunModel)" time="0.013" />
  <testcase classname="ptolemy.util.test.junit.AutoTests" name="[38] /home/travis/build/icyphy/ptII/ptolemy/domains/sdf/test/auto/relationGroup2.xml (RunModel)" time="0.021" />
  <testcase classname="ptolemy.util.test.junit.AutoTests" name="[39] /home/travis/build/icyphy/ptII/ptolemy/domains/sdf/test/auto/relationGroup3.xml (RunModel)" time="0.009" />
  <testcase classname="ptolemy.util.test.junit.AutoTests" name="[40] /home/travis/build/icyphy/ptII/ptolemy/domains/sdf/test/auto/relationGroup4.xml (RunModel)" time="0.018" />
  <testcase classname="ptolemy.util.test.junit.AutoTests" name="[41] /home/travis/build/icyphy/ptII/ptolemy/domains/sdf/test/auto/relationGroup5.xml (RunModel)" time="0.019" />
  <testcase classname="ptolemy.util.test.junit.AutoTests" name="[42] /home/travis/build/icyphy/ptII/ptolemy/domains/sdf/test/auto/relationGroup6.xml (RunModel)" time="0.014" />
  <testcase classname="ptolemy.util.test.junit.AutoTests" name="[43] /home/travis/build/icyphy/ptII/ptolemy/domains/sdf/test/auto/relationGroup7.xml (RunModel)" time="0.008" />
  <testcase classname="ptolemy.util.test.junit.AutoTests" name="[44] /home/travis/build/icyphy/ptII/ptolemy/domains/sdf/test/auto/relationGroup8.xml (RunModel)" time="0.008" />
  <testcase classname="ptolemy.util.test.junit.AutoTests" name="[45] /home/travis/build/icyphy/ptII/ptolemy/domains/sdf/test/auto/relationGroup9.xml (RunModel)" time="0.01" />
  <testcase classname="ptolemy.util.test.junit.AutoTests" name="[46] /home/travis/build/icyphy/ptII/ptolemy/domains/sdf/test/auto/sdf_inside_de.xml (RunModel)" time="0.033" />
  <testcase classname="ptolemy.util.test.junit.AutoTests" name="[47] /home/travis/build/icyphy/ptII/ptolemy/domains/sdf/test/auto/sdf_inside_pn.xml (RunModel)" time="0.065" />
  <testcase classname="ptolemy.util.test.junit.AutoTests" name="[48] /home/travis/build/icyphy/ptII/ptolemy/domains/sdf/test/auto/sdf_sdf1.xml (RunModel)" time="0.03" />
  <testcase classname="ptolemy.util.test.junit.AutoTests" name="[49] /home/travis/build/icyphy/ptII/ptolemy/domains/sdf/test/auto/test1.xml (RunModel)" time="0.016" />
  <testcase classname="ptolemy.util.test.junit.AutoTests" name="[50] /home/travis/build/icyphy/ptII/ptolemy/domains/sdf/test/auto/time1.xml (RunModel)" time="0.011" />
  <testcase classname="ptolemy.util.test.junit.AutoTests" name="[51] /home/travis/build/icyphy/ptII/ptolemy/domains/sdf/test/auto/time2.xml (RunModel)" time="0.01" />
  <testcase classname="ptolemy.util.test.junit.AutoTests" name="[52] /home/travis/build/icyphy/ptII/ptolemy/domains/sdf/test/auto/time3.xml (RunModel)" time="0.021" />
  <testcase classname="ptolemy.util.test.junit.AutoTests" name="[53] /home/travis/build/icyphy/ptII/ptolemy/domains/sdf/test/auto/time4.xml (RunModel)" time="0.017" />
  <testcase classname="ptolemy.util.test.junit.AutoTests" name="[54] /home/travis/build/icyphy/ptII/ptolemy/domains/sdf/test/auto/time5.xml (RunModel)" time="4.009" />
  <testcase classname="ptolemy.util.test.junit.AutoTests" name="[55] /home/travis/build/icyphy/ptII/ptolemy/domains/sdf/test/auto/typeSystem_Const_Integer_smallest_Type.xml (RunModel)" time="0.034" />
  <testcase classname="ptolemy.util.test.junit.AutoTests" name="[56] /home/travis/build/icyphy/ptII/ptolemy/domains/sdf/test/auto/typeSystem_declared_Inports_OutportTypeException.xml (RunModel)" time="0.021" />
  <testcase classname="ptolemy.util.test.junit.AutoTests" name="[57] /home/travis/build/icyphy/ptII/ptolemy/domains/sdf/test/auto/typeSystem_oneDeclaredInportType_wrongTypeOutport.xml (RunModel)" time="0.014" />
  <testcase classname="ptolemy.util.test.junit.AutoTests" name="[58] /home/travis/build/icyphy/ptII/ptolemy/domains/sdf/test/auto/width.xml (RunModel)" time="0.021" />
  <testcase classname="ptolemy.util.test.junit.AutoTests" name="[59] /home/travis/build/icyphy/ptII/ptolemy/domains/sdf/test/auto/width2.xml (RunModel)" time="0.052" />
  <testcase classname="ptolemy.util.test.junit.AutoTests" name="[60] /home/travis/build/icyphy/ptII/ptolemy/domains/sdf/test/auto/width3.xml (RunModel)" time="0.044" />
  <system-out><![CDATA[/home/travis/build/icyphy/ptII/ptolemy/domains/sdf/test/SDFSchedulerErrors.tcl
testDefs.tcl: setting time out to 9000 seconds at Tue Apr 14 14:15:00 UTC 2020
118 ms. Memory: 129024K Free: 89031K (69%)
18 ms. Memory: 129024K Free: 81342K (63%)
18 ms. Memory: 129024K Free: 75190K (58%)
5 ms. Memory: 129024K Free: 72133K (56%)
/home/travis/build/icyphy/ptII/ptolemy/domains/sdf/test/composition.tcl
25 ms. Memory: 129024K Free: 68022K (53%)
14 ms. Memory: 129024K Free: 65974K (51%)
/home/travis/build/icyphy/ptII/ptolemy/domains/sdf/test/cycle.tcl
.Toplevel.Director Preinitializing ...
Invoking preinitialize():  .Toplevel.Actor1
Invoking preinitialize():  .Toplevel.Actor2
Invoking preinitialize():  .Toplevel.Delay
.Toplevel.Director Finished preinitialize().
### Schedule:
Execute Schedule{
Fire Actor ptolemy.domains.sdf.kernel.test.SDFTestDelay {.Toplevel.Actor1}
Fire Actor ptolemy.domains.sdf.kernel.test.SDFTestDelay {.Toplevel.Actor2}
Fire Actor ptolemy.domains.sdf.lib.SampleDelay {.Toplevel.Delay}
}
### End schedule
Called initialize().
Invoking initialize():  .Toplevel.Actor1
Initializing actor: .Toplevel.Actor1.
Invoking initialize():  .Toplevel.Actor2
Initializing actor: .Toplevel.Actor2.
Invoking initialize():  .Toplevel.Delay
Initializing actor: .Toplevel.Delay.
Director: Called prefire().
-- Setting current time to 0.0
Director prefire returns true.
The actor .Toplevel.Actor1 will be iterated.
The actor .Toplevel.Actor1 was iterated.
The actor .Toplevel.Actor2 will be iterated.
The actor .Toplevel.Actor2 was iterated.
The actor .Toplevel.Delay will be iterated.
The actor .Toplevel.Delay was iterated.
Director: Called postfire().
Postfire returns: true
Director: Called prefire().
-- Setting current time to 0.0
Director prefire returns true.
The actor .Toplevel.Actor1 will be iterated.
The actor .Toplevel.Actor1 was iterated.
The actor .Toplevel.Actor2 will be iterated.
The actor .Toplevel.Actor2 was iterated.
The actor .Toplevel.Delay will be iterated.
The actor .Toplevel.Delay was iterated.
Director: Called postfire().
Postfire returns: true
Director: Called prefire().
-- Setting current time to 0.0
Director prefire returns true.
The actor .Toplevel.Actor1 will be iterated.
The actor .Toplevel.Actor1 was iterated.
The actor .Toplevel.Actor2 will be iterated.
The actor .Toplevel.Actor2 was iterated.
The actor .Toplevel.Delay will be iterated.
The actor .Toplevel.Delay was iterated.
Director: Called postfire().
Postfire returns: true
Director: Called prefire().
-- Setting current time to 0.0
Director prefire returns true.
The actor .Toplevel.Actor1 will be iterated.
The actor .Toplevel.Actor1 was iterated.
The actor .Toplevel.Actor2 will be iterated.
The actor .Toplevel.Actor2 was iterated.
The actor .Toplevel.Delay will be iterated.
The actor .Toplevel.Delay was iterated.
Director: Called postfire().
Postfire returns: true
Director: Called prefire().
-- Setting current time to 0.0
Director prefire returns true.
The actor .Toplevel.Actor1 will be iterated.
The actor .Toplevel.Actor1 was iterated.
The actor .Toplevel.Actor2 will be iterated.
The actor .Toplevel.Actor2 was iterated.
The actor .Toplevel.Delay will be iterated.
The actor .Toplevel.Delay was iterated.
Director: Called postfire().
Postfire returns: true
Director: Called prefire().
-- Setting current time to 0.0
Director prefire returns true.
The actor .Toplevel.Actor1 will be iterated.
The actor .Toplevel.Actor1 was iterated.
The actor .Toplevel.Actor2 will be iterated.
The actor .Toplevel.Actor2 was iterated.
The actor .Toplevel.Delay will be iterated.
The actor .Toplevel.Delay was iterated.
Reached specified number of iterations: 6
Director: Called wrapup().
48 ms. Memory: 129024K Free: 62917K (49%)
04/14/20 02:15:01
Failed: 0  Total Tests: 8  ((Passed: 8, Newly Passed: 0)  Known Failed: 0) /home/travis/build/icyphy/ptII/ptolemy/domains/sdf/test
No auto/knownFailedTests/*.xml tests in /home/travis/build/icyphy/ptII/ptolemy/domains/sdf/test
No auto/linux-amd64/*.xml tests in /home/travis/build/icyphy/ptII/ptolemy/domains/sdf/test
AutoTests.java: About to close Vertx.
AutoTests.java: Vertx closed.

===========================================================================================
----------------- testing Tue Apr 14 14:15:02 UTC 2020 /home/travis/build/icyphy/ptII/ptolemy/domains/sdf/test/auto/Array.xml
----------------- Instantiating /home/travis/build/icyphy/ptII/ptolemy/domains/sdf/test/auto/Array.xml
42 ms. Memory: 129024K Free: 108111K (84%)
----------------- Invoking toplevel() on ptolemy.moml.MoMLSimpleApplication@4b8b8c96
----------------- Done invoking toplevel() on ptolemy.moml.MoMLSimpleApplication@4b8b8c96
reloadAllAccessors: .Array

===========================================================================================
----------------- testing Tue Apr 14 14:15:02 UTC 2020 /home/travis/build/icyphy/ptII/ptolemy/domains/sdf/test/auto/Butterfly.xml
----------------- Instantiating /home/travis/build/icyphy/ptII/ptolemy/domains/sdf/test/auto/Butterfly.xml
96 ms. Memory: 129024K Free: 101967K (79%)
----------------- Invoking toplevel() on ptolemy.moml.MoMLSimpleApplication@37d6953d
----------------- Done invoking toplevel() on ptolemy.moml.MoMLSimpleApplication@37d6953d
reloadAllAccessors: .Butterfly

===========================================================================================
----------------- testing Tue Apr 14 14:15:02 UTC 2020 /home/travis/build/icyphy/ptII/ptolemy/domains/sdf/test/auto/Expression.xml
----------------- Instantiating /home/travis/build/icyphy/ptII/ptolemy/domains/sdf/test/auto/Expression.xml
70 ms. Memory: 129024K Free: 97153K (75%)
----------------- Invoking toplevel() on ptolemy.moml.MoMLSimpleApplication@3e85d303
----------------- Done invoking toplevel() on ptolemy.moml.MoMLSimpleApplication@3e85d303
reloadAllAccessors: .Expression

===========================================================================================
----------------- testing Tue Apr 14 14:15:02 UTC 2020 /home/travis/build/icyphy/ptII/ptolemy/domains/sdf/test/auto/Eye.xml
----------------- Instantiating /home/travis/build/icyphy/ptII/ptolemy/domains/sdf/test/auto/Eye.xml
144 ms. Memory: 129024K Free: 106784K (83%)
----------------- Invoking toplevel() on ptolemy.moml.MoMLSimpleApplication@7de15669
----------------- Done invoking toplevel() on ptolemy.moml.MoMLSimpleApplication@7de15669
reloadAllAccessors: .Eye

===========================================================================================
----------------- testing Tue Apr 14 14:15:02 UTC 2020 /home/travis/build/icyphy/ptII/ptolemy/domains/sdf/test/auto/FixFIR.xml
----------------- Instantiating /home/travis/build/icyphy/ptII/ptolemy/domains/sdf/test/auto/FixFIR.xml
145 ms. Memory: 129024K Free: 73634K (57%)
----------------- Invoking toplevel() on ptolemy.moml.MoMLSimpleApplication@874c646
----------------- Done invoking toplevel() on ptolemy.moml.MoMLSimpleApplication@874c646
reloadAllAccessors: .FixFIR

===========================================================================================
----------------- testing Tue Apr 14 14:15:03 UTC 2020 /home/travis/build/icyphy/ptII/ptolemy/domains/sdf/test/auto/FixPoint.xml
----------------- Instantiating /home/travis/build/icyphy/ptII/ptolemy/domains/sdf/test/auto/FixPoint.xml
8 ms. Memory: 129024K Free: 69803K (54%)
----------------- Invoking toplevel() on ptolemy.moml.MoMLSimpleApplication@389c1580
----------------- Done invoking toplevel() on ptolemy.moml.MoMLSimpleApplication@389c1580
reloadAllAccessors: .FixPoint

===========================================================================================
----------------- testing Tue Apr 14 14:15:03 UTC 2020 /home/travis/build/icyphy/ptII/ptolemy/domains/sdf/test/auto/Gravitation.xml
----------------- Instantiating /home/travis/build/icyphy/ptII/ptolemy/domains/sdf/test/auto/Gravitation.xml
3123 ms. Memory: 155648K Free: 100540K (65%)
----------------- Invoking toplevel() on ptolemy.moml.MoMLSimpleApplication@1a9c57be
----------------- Done invoking toplevel() on ptolemy.moml.MoMLSimpleApplication@1a9c57be
reloadAllAccessors: .Gravitation

===========================================================================================
----------------- testing Tue Apr 14 14:15:06 UTC 2020 /home/travis/build/icyphy/ptII/ptolemy/domains/sdf/test/auto/GravitationWithCollisionDetection.xml
----------------- Instantiating /home/travis/build/icyphy/ptII/ptolemy/domains/sdf/test/auto/GravitationWithCollisionDetection.xml
5912 ms. Memory: 313344K Free: 115676K (37%)
----------------- Invoking toplevel() on ptolemy.moml.MoMLSimpleApplication@4fa404ea
----------------- Done invoking toplevel() on ptolemy.moml.MoMLSimpleApplication@4fa404ea
reloadAllAccessors: .GravitationWithCollisionDetection

===========================================================================================
----------------- testing Tue Apr 14 14:15:12 UTC 2020 /home/travis/build/icyphy/ptII/ptolemy/domains/sdf/test/auto/HDF.xml
----------------- Instantiating /home/travis/build/icyphy/ptII/ptolemy/domains/sdf/test/auto/HDF.xml
37 ms. Memory: 313344K Free: 282623K (90%)
----------------- Invoking toplevel() on ptolemy.moml.MoMLSimpleApplication@40986f43
----------------- Done invoking toplevel() on ptolemy.moml.MoMLSimpleApplication@40986f43
reloadAllAccessors: .HDF

===========================================================================================
----------------- testing Tue Apr 14 14:15:12 UTC 2020 /home/travis/build/icyphy/ptII/ptolemy/domains/sdf/test/auto/HDFwithTransientStates.xml
----------------- Instantiating /home/travis/build/icyphy/ptII/ptolemy/domains/sdf/test/auto/HDFwithTransientStates.xml
28 ms. Memory: 313344K Free: 263167K (84%)
----------------- Invoking toplevel() on ptolemy.moml.MoMLSimpleApplication@3f3b6ee
----------------- Done invoking toplevel() on ptolemy.moml.MoMLSimpleApplication@3f3b6ee
reloadAllAccessors: .HDFwithTransientStates

===========================================================================================
----------------- testing Tue Apr 14 14:15:12 UTC 2020 /home/travis/build/icyphy/ptII/ptolemy/domains/sdf/test/auto/HTVQ.xml
----------------- Instantiating /home/travis/build/icyphy/ptII/ptolemy/domains/sdf/test/auto/HTVQ.xml
750 ms. Memory: 313344K Free: 281063K (90%)
----------------- Invoking toplevel() on ptolemy.moml.MoMLSimpleApplication@6b3064ec
----------------- Done invoking toplevel() on ptolemy.moml.MoMLSimpleApplication@6b3064ec
reloadAllAccessors: .HTVQ

===========================================================================================
----------------- testing Tue Apr 14 14:15:13 UTC 2020 /home/travis/build/icyphy/ptII/ptolemy/domains/sdf/test/auto/InferInitProduction.xml
----------------- Instantiating /home/travis/build/icyphy/ptII/ptolemy/domains/sdf/test/auto/InferInitProduction.xml
8 ms. Memory: 313344K Free: 275532K (88%)
----------------- Invoking toplevel() on ptolemy.moml.MoMLSimpleApplication@1f5f8418
----------------- Done invoking toplevel() on ptolemy.moml.MoMLSimpleApplication@1f5f8418
reloadAllAccessors: .InferInitProduction

===========================================================================================
----------------- testing Tue Apr 14 14:15:13 UTC 2020 /home/travis/build/icyphy/ptII/ptolemy/domains/sdf/test/auto/InferInitProductionDeeper.xml
----------------- Instantiating /home/travis/build/icyphy/ptII/ptolemy/domains/sdf/test/auto/InferInitProductionDeeper.xml
6 ms. Memory: 313344K Free: 269884K (86%)
----------------- Invoking toplevel() on ptolemy.moml.MoMLSimpleApplication@1a430225
----------------- Done invoking toplevel() on ptolemy.moml.MoMLSimpleApplication@1a430225
reloadAllAccessors: .InferInitProductionDeeper

===========================================================================================
----------------- testing Tue Apr 14 14:15:13 UTC 2020 /home/travis/build/icyphy/ptII/ptolemy/domains/sdf/test/auto/LMSAdaptive.xml
----------------- Instantiating /home/travis/build/icyphy/ptII/ptolemy/domains/sdf/test/auto/LMSAdaptive.xml
9 ms. Memory: 313344K Free: 260682K (83%)
----------------- Invoking toplevel() on ptolemy.moml.MoMLSimpleApplication@3ecfd15f
----------------- Done invoking toplevel() on ptolemy.moml.MoMLSimpleApplication@3ecfd15f
reloadAllAccessors: .LMSAdaptive

===========================================================================================
----------------- testing Tue Apr 14 14:15:13 UTC 2020 /home/travis/build/icyphy/ptII/ptolemy/domains/sdf/test/auto/LogisticMap.xml
----------------- Instantiating /home/travis/build/icyphy/ptII/ptolemy/domains/sdf/test/auto/LogisticMap.xml
437 ms. Memory: 313344K Free: 254538K (81%)
----------------- Invoking toplevel() on ptolemy.moml.MoMLSimpleApplication@21ea3dc0
----------------- Done invoking toplevel() on ptolemy.moml.MoMLSimpleApplication@21ea3dc0
reloadAllAccessors: .LogisticMap

===========================================================================================
----------------- testing Tue Apr 14 14:15:14 UTC 2020 /home/travis/build/icyphy/ptII/ptolemy/domains/sdf/test/auto/MaximumEntropySpectrum.xml
----------------- Instantiating /home/travis/build/icyphy/ptII/ptolemy/domains/sdf/test/auto/MaximumEntropySpectrum.xml
66 ms. Memory: 313344K Free: 193098K (62%)
----------------- Invoking toplevel() on ptolemy.moml.MoMLSimpleApplication@49902939
----------------- Done invoking toplevel() on ptolemy.moml.MoMLSimpleApplication@49902939
reloadAllAccessors: .MaximumEntropySpectrum

===========================================================================================
----------------- testing Tue Apr 14 14:15:14 UTC 2020 /home/travis/build/icyphy/ptII/ptolemy/domains/sdf/test/auto/MultirateSDF.xml
----------------- Instantiating /home/travis/build/icyphy/ptII/ptolemy/domains/sdf/test/auto/MultirateSDF.xml
22 ms. Memory: 313344K Free: 178252K (57%)
----------------- Invoking toplevel() on ptolemy.moml.MoMLSimpleApplication@698e6cac
----------------- Done invoking toplevel() on ptolemy.moml.MoMLSimpleApplication@698e6cac
reloadAllAccessors: .MultirateSDF

===========================================================================================
----------------- testing Tue Apr 14 14:15:14 UTC 2020 /home/travis/build/icyphy/ptII/ptolemy/domains/sdf/test/auto/MultirateSDFwithTransientStates.xml
----------------- Instantiating /home/travis/build/icyphy/ptII/ptolemy/domains/sdf/test/auto/MultirateSDFwithTransientStates.xml
20 ms. Memory: 313344K Free: 159276K (51%)
----------------- Invoking toplevel() on ptolemy.moml.MoMLSimpleApplication@718354e6
----------------- Done invoking toplevel() on ptolemy.moml.MoMLSimpleApplication@718354e6
reloadAllAccessors: .MultirateSDFwithTransientStates

===========================================================================================
----------------- testing Tue Apr 14 14:15:14 UTC 2020 /home/travis/build/icyphy/ptII/ptolemy/domains/sdf/test/auto/NoisySinewave.xml
----------------- Instantiating /home/travis/build/icyphy/ptII/ptolemy/domains/sdf/test/auto/NoisySinewave.xml
11 ms. Memory: 313344K Free: 142922K (46%)
----------------- Invoking toplevel() on ptolemy.moml.MoMLSimpleApplication@5ae38489
----------------- Done invoking toplevel() on ptolemy.moml.MoMLSimpleApplication@5ae38489
reloadAllAccessors: .NoisySinewave

===========================================================================================
----------------- testing Tue Apr 14 14:15:14 UTC 2020 /home/travis/build/icyphy/ptII/ptolemy/domains/sdf/test/auto/Objects.xml
----------------- Instantiating /home/travis/build/icyphy/ptII/ptolemy/domains/sdf/test/auto/Objects.xml
4 ms. Memory: 313344K Free: 134220K (43%)
----------------- Invoking toplevel() on ptolemy.moml.MoMLSimpleApplication@765ed111
----------------- Done invoking toplevel() on ptolemy.moml.MoMLSimpleApplication@765ed111
reloadAllAccessors: .Objects

===========================================================================================
----------------- testing Tue Apr 14 14:15:14 UTC 2020 /home/travis/build/icyphy/ptII/ptolemy/domains/sdf/test/auto/OrthogonalCom.xml
----------------- Instantiating /home/travis/build/icyphy/ptII/ptolemy/domains/sdf/test/auto/OrthogonalCom.xml
7 ms. Memory: 313344K Free: 126538K (40%)
----------------- Invoking toplevel() on ptolemy.moml.MoMLSimpleApplication@25b1c13e
----------------- Done invoking toplevel() on ptolemy.moml.MoMLSimpleApplication@25b1c13e
reloadAllAccessors: .OrthogonalCom

===========================================================================================
----------------- testing Tue Apr 14 14:15:14 UTC 2020 /home/travis/build/icyphy/ptII/ptolemy/domains/sdf/test/auto/RijndaelEncryption.xml
----------------- Instantiating /home/travis/build/icyphy/ptII/ptolemy/domains/sdf/test/auto/RijndaelEncryption.xml
253 ms. Memory: 376832K Free: 228050K (61%)
----------------- Invoking toplevel() on ptolemy.moml.MoMLSimpleApplication@9fe215b
----------------- Done invoking toplevel() on ptolemy.moml.MoMLSimpleApplication@9fe215b
reloadAllAccessors: .RijndaelEncryption

===========================================================================================
----------------- testing Tue Apr 14 14:15:15 UTC 2020 /home/travis/build/icyphy/ptII/ptolemy/domains/sdf/test/auto/SDFEmptyIterations.xml
----------------- Instantiating /home/travis/build/icyphy/ptII/ptolemy/domains/sdf/test/auto/SDFEmptyIterations.xml
4 ms. Memory: 376832K Free: 223444K (59%)
----------------- Invoking toplevel() on ptolemy.moml.MoMLSimpleApplication@4984a
----------------- Done invoking toplevel() on ptolemy.moml.MoMLSimpleApplication@4984a
reloadAllAccessors: .SDFEmptyIterations

===========================================================================================
----------------- testing Tue Apr 14 14:15:15 UTC 2020 /home/travis/build/icyphy/ptII/ptolemy/domains/sdf/test/auto/Spectrum.xml
----------------- Instantiating /home/travis/build/icyphy/ptII/ptolemy/domains/sdf/test/auto/Spectrum.xml
21 ms. Memory: 376832K Free: 198868K (53%)
----------------- Invoking toplevel() on ptolemy.moml.MoMLSimpleApplication@527a66db
----------------- Done invoking toplevel() on ptolemy.moml.MoMLSimpleApplication@527a66db
reloadAllAccessors: .Spectrum

===========================================================================================
----------------- testing Tue Apr 14 14:15:15 UTC 2020 /home/travis/build/icyphy/ptII/ptolemy/domains/sdf/test/auto/de_inside_sdf.xml
----------------- Instantiating /home/travis/build/icyphy/ptII/ptolemy/domains/sdf/test/auto/de_inside_sdf.xml
7 ms. Memory: 376832K Free: 193748K (51%)
----------------- Invoking toplevel() on ptolemy.moml.MoMLSimpleApplication@3a09bf27
----------------- Done invoking toplevel() on ptolemy.moml.MoMLSimpleApplication@3a09bf27
reloadAllAccessors: .de_inside_sdf

===========================================================================================
----------------- testing Tue Apr 14 14:15:15 UTC 2020 /home/travis/build/icyphy/ptII/ptolemy/domains/sdf/test/auto/disconnectedHierarchicalSDF.xml
----------------- Instantiating /home/travis/build/icyphy/ptII/ptolemy/domains/sdf/test/auto/disconnectedHierarchicalSDF.xml
7 ms. Memory: 376832K Free: 187604K (50%)
----------------- Invoking toplevel() on ptolemy.moml.MoMLSimpleApplication@39365235
----------------- Done invoking toplevel() on ptolemy.moml.MoMLSimpleApplication@39365235
reloadAllAccessors: .disconnectedHierarchicalSDF

===========================================================================================
----------------- testing Tue Apr 14 14:15:15 UTC 2020 /home/travis/build/icyphy/ptII/ptolemy/domains/sdf/test/auto/disconnectedSDF.xml
----------------- Instantiating /home/travis/build/icyphy/ptII/ptolemy/domains/sdf/test/auto/disconnectedSDF.xml
5 ms. Memory: 376832K Free: 183508K (49%)
----------------- Invoking toplevel() on ptolemy.moml.MoMLSimpleApplication@1687a049
----------------- Done invoking toplevel() on ptolemy.moml.MoMLSimpleApplication@1687a049
reloadAllAccessors: .disconnectedSDF

===========================================================================================
----------------- testing Tue Apr 14 14:15:15 UTC 2020 /home/travis/build/icyphy/ptII/ptolemy/domains/sdf/test/auto/emptyRefinement.xml
----------------- Instantiating /home/travis/build/icyphy/ptII/ptolemy/domains/sdf/test/auto/emptyRefinement.xml
3 ms. Memory: 376832K Free: 178898K (47%)
----------------- Invoking toplevel() on ptolemy.moml.MoMLSimpleApplication@105c91ab
----------------- Done invoking toplevel() on ptolemy.moml.MoMLSimpleApplication@105c91ab
reloadAllAccessors: .emptyRefinement

===========================================================================================
----------------- testing Tue Apr 14 14:15:15 UTC 2020 /home/travis/build/icyphy/ptII/ptolemy/domains/sdf/test/auto/filePortParameter.xml
----------------- Instantiating /home/travis/build/icyphy/ptII/ptolemy/domains/sdf/test/auto/filePortParameter.xml
10 ms. Memory: 376832K Free: 171220K (45%)
----------------- Invoking toplevel() on ptolemy.moml.MoMLSimpleApplication@15c2656b
----------------- Done invoking toplevel() on ptolemy.moml.MoMLSimpleApplication@15c2656b
reloadAllAccessors: .filePortParameter

===========================================================================================
----------------- testing Tue Apr 14 14:15:15 UTC 2020 /home/travis/build/icyphy/ptII/ptolemy/domains/sdf/test/auto/inferRelationWidth1.xml
----------------- Instantiating /home/travis/build/icyphy/ptII/ptolemy/domains/sdf/test/auto/inferRelationWidth1.xml
3 ms. Memory: 376832K Free: 168148K (45%)
----------------- Invoking toplevel() on ptolemy.moml.MoMLSimpleApplication@431ee4d0
----------------- Done invoking toplevel() on ptolemy.moml.MoMLSimpleApplication@431ee4d0
reloadAllAccessors: .inferRelationWidth1

===========================================================================================
----------------- testing Tue Apr 14 14:15:15 UTC 2020 /home/travis/build/icyphy/ptII/ptolemy/domains/sdf/test/auto/initProductionInference.xml
----------------- Instantiating /home/travis/build/icyphy/ptII/ptolemy/domains/sdf/test/auto/initProductionInference.xml
6 ms. Memory: 376832K Free: 164052K (44%)
----------------- Invoking toplevel() on ptolemy.moml.MoMLSimpleApplication@6a3b0208
----------------- Done invoking toplevel() on ptolemy.moml.MoMLSimpleApplication@6a3b0208
reloadAllAccessors: .initProductionInference

===========================================================================================
----------------- testing Tue Apr 14 14:15:15 UTC 2020 /home/travis/build/icyphy/ptII/ptolemy/domains/sdf/test/auto/relationGroup.xml
----------------- Instantiating /home/travis/build/icyphy/ptII/ptolemy/domains/sdf/test/auto/relationGroup.xml
2 ms. Memory: 376832K Free: 160466K (43%)
----------------- Invoking toplevel() on ptolemy.moml.MoMLSimpleApplication@201cd147
----------------- Done invoking toplevel() on ptolemy.moml.MoMLSimpleApplication@201cd147
reloadAllAccessors: .relationGroup

===========================================================================================
----------------- testing Tue Apr 14 14:15:15 UTC 2020 /home/travis/build/icyphy/ptII/ptolemy/domains/sdf/test/auto/relationGroup10.xml
----------------- Instantiating /home/travis/build/icyphy/ptII/ptolemy/domains/sdf/test/auto/relationGroup10.xml
2 ms. Memory: 376832K Free: 156884K (42%)
----------------- Invoking toplevel() on ptolemy.moml.MoMLSimpleApplication@5315c968
----------------- Done invoking toplevel() on ptolemy.moml.MoMLSimpleApplication@5315c968
reloadAllAccessors: .relationGroup10

===========================================================================================
----------------- testing Tue Apr 14 14:15:15 UTC 2020 /home/travis/build/icyphy/ptII/ptolemy/domains/sdf/test/auto/relationGroup11.xml
----------------- Instantiating /home/travis/build/icyphy/ptII/ptolemy/domains/sdf/test/auto/relationGroup11.xml
2 ms. Memory: 376832K Free: 153298K (41%)
----------------- Invoking toplevel() on ptolemy.moml.MoMLSimpleApplication@1e34c8d9
----------------- Done invoking toplevel() on ptolemy.moml.MoMLSimpleApplication@1e34c8d9
reloadAllAccessors: .relationGroup11

===========================================================================================
----------------- testing Tue Apr 14 14:15:15 UTC 2020 /home/travis/build/icyphy/ptII/ptolemy/domains/sdf/test/auto/relationGroup12.xml
----------------- Instantiating /home/travis/build/icyphy/ptII/ptolemy/domains/sdf/test/auto/relationGroup12.xml
2 ms. Memory: 376832K Free: 149716K (40%)
----------------- Invoking toplevel() on ptolemy.moml.MoMLSimpleApplication@4b4b03fb
----------------- Done invoking toplevel() on ptolemy.moml.MoMLSimpleApplication@4b4b03fb
reloadAllAccessors: .relationGroup12

===========================================================================================
----------------- testing Tue Apr 14 14:15:15 UTC 2020 /home/travis/build/icyphy/ptII/ptolemy/domains/sdf/test/auto/relationGroup13.xml
----------------- Instantiating /home/travis/build/icyphy/ptII/ptolemy/domains/sdf/test/auto/relationGroup13.xml
11 ms. Memory: 376832K Free: 145106K (39%)
----------------- Invoking toplevel() on ptolemy.moml.MoMLSimpleApplication@32a92bfc
----------------- Done invoking toplevel() on ptolemy.moml.MoMLSimpleApplication@32a92bfc
reloadAllAccessors: .relationGroup13

===========================================================================================
----------------- testing Tue Apr 14 14:15:15 UTC 2020 /home/travis/build/icyphy/ptII/ptolemy/domains/sdf/test/auto/relationGroup14.xml
----------------- Instantiating /home/travis/build/icyphy/ptII/ptolemy/domains/sdf/test/auto/relationGroup14.xml
3 ms. Memory: 376832K Free: 140500K (37%)
----------------- Invoking toplevel() on ptolemy.moml.MoMLSimpleApplication@7fdb3e28
----------------- Done invoking toplevel() on ptolemy.moml.MoMLSimpleApplication@7fdb3e28
reloadAllAccessors: .relationGroup14

===========================================================================================
----------------- testing Tue Apr 14 14:15:15 UTC 2020 /home/travis/build/icyphy/ptII/ptolemy/domains/sdf/test/auto/relationGroup15.xml
----------------- Instantiating /home/travis/build/icyphy/ptII/ptolemy/domains/sdf/test/auto/relationGroup15.xml
2 ms. Memory: 376832K Free: 136914K (36%)
----------------- Invoking toplevel() on ptolemy.moml.MoMLSimpleApplication@12f5f67f
----------------- Done invoking toplevel() on ptolemy.moml.MoMLSimpleApplication@12f5f67f
reloadAllAccessors: .relationGroup15

===========================================================================================
----------------- testing Tue Apr 14 14:15:15 UTC 2020 /home/travis/build/icyphy/ptII/ptolemy/domains/sdf/test/auto/relationGroup2.xml
----------------- Instantiating /home/travis/build/icyphy/ptII/ptolemy/domains/sdf/test/auto/relationGroup2.xml
8 ms. Memory: 376832K Free: 357482K (95%)
----------------- Invoking toplevel() on ptolemy.moml.MoMLSimpleApplication@6e822c6b
----------------- Done invoking toplevel() on ptolemy.moml.MoMLSimpleApplication@6e822c6b
reloadAllAccessors: .relationGroup2

===========================================================================================
----------------- testing Tue Apr 14 14:15:15 UTC 2020 /home/travis/build/icyphy/ptII/ptolemy/domains/sdf/test/auto/relationGroup3.xml
----------------- Instantiating /home/travis/build/icyphy/ptII/ptolemy/domains/sdf/test/auto/relationGroup3.xml
2 ms. Memory: 376832K Free: 353651K (94%)
----------------- Invoking toplevel() on ptolemy.moml.MoMLSimpleApplication@8a2348a
----------------- Done invoking toplevel() on ptolemy.moml.MoMLSimpleApplication@8a2348a
reloadAllAccessors: .relationGroup3

===========================================================================================
----------------- testing Tue Apr 14 14:15:15 UTC 2020 /home/travis/build/icyphy/ptII/ptolemy/domains/sdf/test/auto/relationGroup4.xml
----------------- Instantiating /home/travis/build/icyphy/ptII/ptolemy/domains/sdf/test/auto/relationGroup4.xml
7 ms. Memory: 376832K Free: 350031K (93%)
----------------- Invoking toplevel() on ptolemy.moml.MoMLSimpleApplication@f64606e
----------------- Done invoking toplevel() on ptolemy.moml.MoMLSimpleApplication@f64606e
reloadAllAccessors: .relationGroup4

===========================================================================================
----------------- testing Tue Apr 14 14:15:15 UTC 2020 /home/travis/build/icyphy/ptII/ptolemy/domains/sdf/test/auto/relationGroup5.xml
----------------- Instantiating /home/travis/build/icyphy/ptII/ptolemy/domains/sdf/test/auto/relationGroup5.xml
5 ms. Memory: 376832K Free: 345459K (92%)
----------------- Invoking toplevel() on ptolemy.moml.MoMLSimpleApplication@11f6c1c1
----------------- Done invoking toplevel() on ptolemy.moml.MoMLSimpleApplication@11f6c1c1
reloadAllAccessors: .relationGroup5

===========================================================================================
----------------- testing Tue Apr 14 14:15:15 UTC 2020 /home/travis/build/icyphy/ptII/ptolemy/domains/sdf/test/auto/relationGroup6.xml
----------------- Instantiating /home/travis/build/icyphy/ptII/ptolemy/domains/sdf/test/auto/relationGroup6.xml
3 ms. Memory: 376832K Free: 341363K (91%)
----------------- Invoking toplevel() on ptolemy.moml.MoMLSimpleApplication@65bde880
----------------- Done invoking toplevel() on ptolemy.moml.MoMLSimpleApplication@65bde880
reloadAllAccessors: .relationGroup6

===========================================================================================
----------------- testing Tue Apr 14 14:15:15 UTC 2020 /home/travis/build/icyphy/ptII/ptolemy/domains/sdf/test/auto/relationGroup7.xml
----------------- Instantiating /home/travis/build/icyphy/ptII/ptolemy/domains/sdf/test/auto/relationGroup7.xml
2 ms. Memory: 376832K Free: 338291K (90%)
----------------- Invoking toplevel() on ptolemy.moml.MoMLSimpleApplication@5473045b
----------------- Done invoking toplevel() on ptolemy.moml.MoMLSimpleApplication@5473045b
reloadAllAccessors: .relationGroup7

===========================================================================================
----------------- testing Tue Apr 14 14:15:15 UTC 2020 /home/travis/build/icyphy/ptII/ptolemy/domains/sdf/test/auto/relationGroup8.xml
----------------- Instantiating /home/travis/build/icyphy/ptII/ptolemy/domains/sdf/test/auto/relationGroup8.xml
1 ms. Memory: 376832K Free: 335219K (89%)
----------------- Invoking toplevel() on ptolemy.moml.MoMLSimpleApplication@5e20c15e
----------------- Done invoking toplevel() on ptolemy.moml.MoMLSimpleApplication@5e20c15e
reloadAllAccessors: .relationGroup8

===========================================================================================
----------------- testing Tue Apr 14 14:15:15 UTC 2020 /home/travis/build/icyphy/ptII/ptolemy/domains/sdf/test/auto/relationGroup9.xml
----------------- Instantiating /home/travis/build/icyphy/ptII/ptolemy/domains/sdf/test/auto/relationGroup9.xml
2 ms. Memory: 376832K Free: 330609K (88%)
----------------- Invoking toplevel() on ptolemy.moml.MoMLSimpleApplication@3590edb
----------------- Done invoking toplevel() on ptolemy.moml.MoMLSimpleApplication@3590edb
reloadAllAccessors: .relationGroup9

===========================================================================================
----------------- testing Tue Apr 14 14:15:15 UTC 2020 /home/travis/build/icyphy/ptII/ptolemy/domains/sdf/test/auto/sdf_inside_de.xml
----------------- Instantiating /home/travis/build/icyphy/ptII/ptolemy/domains/sdf/test/auto/sdf_inside_de.xml
12 ms. Memory: 376832K Free: 321907K (85%)
----------------- Invoking toplevel() on ptolemy.moml.MoMLSimpleApplication@4bff8e95
----------------- Done invoking toplevel() on ptolemy.moml.MoMLSimpleApplication@4bff8e95
reloadAllAccessors: .sdf_inside_de

===========================================================================================
----------------- testing Tue Apr 14 14:15:15 UTC 2020 /home/travis/build/icyphy/ptII/ptolemy/domains/sdf/test/auto/sdf_inside_pn.xml
----------------- Instantiating /home/travis/build/icyphy/ptII/ptolemy/domains/sdf/test/auto/sdf_inside_pn.xml
42 ms. Memory: 376832K Free: 312691K (83%)
----------------- Invoking toplevel() on ptolemy.moml.MoMLSimpleApplication@1078f49f
----------------- Done invoking toplevel() on ptolemy.moml.MoMLSimpleApplication@1078f49f
reloadAllAccessors: .sdf_inside_pn

===========================================================================================
----------------- testing Tue Apr 14 14:15:15 UTC 2020 /home/travis/build/icyphy/ptII/ptolemy/domains/sdf/test/auto/sdf_sdf1.xml
----------------- Instantiating /home/travis/build/icyphy/ptII/ptolemy/domains/sdf/test/auto/sdf_sdf1.xml
4 ms. Memory: 376832K Free: 307043K (81%)
----------------- Invoking toplevel() on ptolemy.moml.MoMLSimpleApplication@76603c09
----------------- Done invoking toplevel() on ptolemy.moml.MoMLSimpleApplication@76603c09
reloadAllAccessors: .sdf_sdf1

===========================================================================================
----------------- testing Tue Apr 14 14:15:15 UTC 2020 /home/travis/build/icyphy/ptII/ptolemy/domains/sdf/test/auto/test1.xml
----------------- Instantiating /home/travis/build/icyphy/ptII/ptolemy/domains/sdf/test/auto/test1.xml
3 ms. Memory: 376832K Free: 301937K (80%)
----------------- Invoking toplevel() on ptolemy.moml.MoMLSimpleApplication@4451c138
----------------- Done invoking toplevel() on ptolemy.moml.MoMLSimpleApplication@4451c138
reloadAllAccessors: .test1

===========================================================================================
----------------- testing Tue Apr 14 14:15:15 UTC 2020 /home/travis/build/icyphy/ptII/ptolemy/domains/sdf/test/auto/time1.xml
----------------- Instantiating /home/travis/build/icyphy/ptII/ptolemy/domains/sdf/test/auto/time1.xml
2 ms. Memory: 376832K Free: 298355K (79%)
----------------- Invoking toplevel() on ptolemy.moml.MoMLSimpleApplication@7b16365
----------------- Done invoking toplevel() on ptolemy.moml.MoMLSimpleApplication@7b16365
reloadAllAccessors: .time1

===========================================================================================
----------------- testing Tue Apr 14 14:15:15 UTC 2020 /home/travis/build/icyphy/ptII/ptolemy/domains/sdf/test/auto/time2.xml
----------------- Instantiating /home/travis/build/icyphy/ptII/ptolemy/domains/sdf/test/auto/time2.xml
2 ms. Memory: 376832K Free: 294769K (78%)
----------------- Invoking toplevel() on ptolemy.moml.MoMLSimpleApplication@24dbf3cd
----------------- Done invoking toplevel() on ptolemy.moml.MoMLSimpleApplication@24dbf3cd
reloadAllAccessors: .time2

===========================================================================================
----------------- testing Tue Apr 14 14:15:16 UTC 2020 /home/travis/build/icyphy/ptII/ptolemy/domains/sdf/test/auto/time3.xml
----------------- Instantiating /home/travis/build/icyphy/ptII/ptolemy/domains/sdf/test/auto/time3.xml
5 ms. Memory: 376832K Free: 289649K (77%)
----------------- Invoking toplevel() on ptolemy.moml.MoMLSimpleApplication@2e857147
----------------- Done invoking toplevel() on ptolemy.moml.MoMLSimpleApplication@2e857147
reloadAllAccessors: .time3

===========================================================================================
----------------- testing Tue Apr 14 14:15:16 UTC 2020 /home/travis/build/icyphy/ptII/ptolemy/domains/sdf/test/auto/time4.xml
----------------- Instantiating /home/travis/build/icyphy/ptII/ptolemy/domains/sdf/test/auto/time4.xml
6 ms. Memory: 376832K Free: 284019K (75%)
----------------- Invoking toplevel() on ptolemy.moml.MoMLSimpleApplication@7e13e680
----------------- Done invoking toplevel() on ptolemy.moml.MoMLSimpleApplication@7e13e680
reloadAllAccessors: .time4

===========================================================================================
----------------- testing Tue Apr 14 14:15:16 UTC 2020 /home/travis/build/icyphy/ptII/ptolemy/domains/sdf/test/auto/time5.xml
----------------- Instantiating /home/travis/build/icyphy/ptII/ptolemy/domains/sdf/test/auto/time5.xml
4002 ms. Memory: 376832K Free: 280433K (74%)
----------------- Invoking toplevel() on ptolemy.moml.MoMLSimpleApplication@7cf23ace
----------------- Done invoking toplevel() on ptolemy.moml.MoMLSimpleApplication@7cf23ace
reloadAllAccessors: .time5

===========================================================================================
----------------- testing Tue Apr 14 14:15:20 UTC 2020 /home/travis/build/icyphy/ptII/ptolemy/domains/sdf/test/auto/typeSystem_Const_Integer_smallest_Type.xml
----------------- Instantiating /home/travis/build/icyphy/ptII/ptolemy/domains/sdf/test/auto/typeSystem_Const_Integer_smallest_Type.xml
7 ms. Memory: 376832K Free: 275313K (73%)
----------------- Invoking toplevel() on ptolemy.moml.MoMLSimpleApplication@112e1090
----------------- Done invoking toplevel() on ptolemy.moml.MoMLSimpleApplication@112e1090
reloadAllAccessors: .typeSystem_Const_Integer_smallest_Type

===========================================================================================
----------------- testing Tue Apr 14 14:15:20 UTC 2020 /home/travis/build/icyphy/ptII/ptolemy/domains/sdf/test/auto/typeSystem_declared_Inports_OutportTypeException.xml
----------------- Instantiating /home/travis/build/icyphy/ptII/ptolemy/domains/sdf/test/auto/typeSystem_declared_Inports_OutportTypeException.xml
.typeSystem_declared_Inports_OutportTypeException.TestExceptionAttribute: initialize() was not invoked, but wrapup() was.  This is unusual, but not always a problem.  For example, exporting JNLP will do this.
6 ms. Memory: 376832K Free: 271217K (72%)
----------------- Invoking toplevel() on ptolemy.moml.MoMLSimpleApplication@43108425
----------------- Done invoking toplevel() on ptolemy.moml.MoMLSimpleApplication@43108425
reloadAllAccessors: .typeSystem_declared_Inports_OutportTypeException

===========================================================================================
----------------- testing Tue Apr 14 14:15:20 UTC 2020 /home/travis/build/icyphy/ptII/ptolemy/domains/sdf/test/auto/typeSystem_oneDeclaredInportType_wrongTypeOutport.xml
----------------- Instantiating /home/travis/build/icyphy/ptII/ptolemy/domains/sdf/test/auto/typeSystem_oneDeclaredInportType_wrongTypeOutport.xml
3 ms. Memory: 376832K Free: 267121K (71%)
----------------- Invoking toplevel() on ptolemy.moml.MoMLSimpleApplication@f215f06
----------------- Done invoking toplevel() on ptolemy.moml.MoMLSimpleApplication@f215f06
reloadAllAccessors: .typeSystem_oneDeclaredInportType_wrongTypeOutport

===========================================================================================
----------------- testing Tue Apr 14 14:15:20 UTC 2020 /home/travis/build/icyphy/ptII/ptolemy/domains/sdf/test/auto/width.xml
----------------- Instantiating /home/travis/build/icyphy/ptII/ptolemy/domains/sdf/test/auto/width.xml
2 ms. Memory: 376832K Free: 263539K (70%)
----------------- Invoking toplevel() on ptolemy.moml.MoMLSimpleApplication@15f0b82e
----------------- Done invoking toplevel() on ptolemy.moml.MoMLSimpleApplication@15f0b82e
reloadAllAccessors: .width

===========================================================================================
----------------- testing Tue Apr 14 14:15:20 UTC 2020 /home/travis/build/icyphy/ptII/ptolemy/domains/sdf/test/auto/width2.xml
----------------- Instantiating /home/travis/build/icyphy/ptII/ptolemy/domains/sdf/test/auto/width2.xml
41 ms. Memory: 376832K Free: 258419K (69%)
----------------- Invoking toplevel() on ptolemy.moml.MoMLSimpleApplication@77b36127
----------------- Done invoking toplevel() on ptolemy.moml.MoMLSimpleApplication@77b36127
reloadAllAccessors: .width2

===========================================================================================
----------------- testing Tue Apr 14 14:15:20 UTC 2020 /home/travis/build/icyphy/ptII/ptolemy/domains/sdf/test/auto/width3.xml
----------------- Instantiating /home/travis/build/icyphy/ptII/ptolemy/domains/sdf/test/auto/width3.xml
33 ms. Memory: 376832K Free: 253299K (67%)
----------------- Invoking toplevel() on ptolemy.moml.MoMLSimpleApplication@5a645180
----------------- Done invoking toplevel() on ptolemy.moml.MoMLSimpleApplication@5a645180
reloadAllAccessors: .width3
AutoTests.java: About to close Vertx.
AutoTests.java: Vertx closed.
]]></system-out>
  <system-err><![CDATA[java.lang.RuntimeException: Execution failed
	at ptolemy.moml.MoMLSimpleApplication$UnloadThread.run(MoMLSimpleApplication.java:402)
Caused by: ptolemy.actor.sched.NotSchedulableException: No solution exists for the balance equations.
Graph is not consistent under the SDF domain detected on external port .rateConsistency.actor.port2
  in .rateConsistency.SDF Director.Scheduler
	at ptolemy.domains.sdf.kernel.SDFScheduler._propagatePort(SDFScheduler.java:1425)
	at ptolemy.domains.sdf.kernel.SDFScheduler._solveBalanceEquations(SDFScheduler.java:710)
	at ptolemy.domains.sdf.kernel.SDFScheduler._getSchedule(SDFScheduler.java:566)
	at ptolemy.actor.sched.Scheduler.getSchedule(Scheduler.java:189)
	at ptolemy.domains.sdf.kernel.SDFDirector.createSchedule(SDFDirector.java:408)
	at ptolemy.domains.sdf.kernel.SDFDirector.preinitialize(SDFDirector.java:764)
	at ptolemy.actor.CompositeActor.preinitialize(CompositeActor.java:1828)
	at ptolemy.actor.Manager.preinitializeAndResolveTypes(Manager.java:1040)
	at ptolemy.actor.Manager.initialize(Manager.java:710)
	at ptolemy.actor.Manager.execute(Manager.java:356)
	at ptolemy.actor.Manager.run(Manager.java:1263)
	at ptolemy.actor.Manager$PtolemyRunThread.run(Manager.java:1933)
java.lang.RuntimeException: Execution failed
	at ptolemy.moml.MoMLSimpleApplication$UnloadThread.run(MoMLSimpleApplication.java:402)
Caused by: ptolemy.kernel.util.IllegalActionException: Failed to compute schedule:
  in .badRateChanges.typed composite actor.SDF Director
Because:
The SDF rate parameter may change. This is not allowed in SDF models that will be run through the code generator.  If you don't care about code generation, then you might consider setting the allowRateChanges parameter of the SDF director to false.
  in .badRateChanges.typed composite actor.Repeat.output.tokenProductionRate
	at ptolemy.domains.sdf.kernel.SDFDirector.createSchedule(SDFDirector.java:418)
	at ptolemy.domains.sdf.kernel.SDFDirector.preinitialize(SDFDirector.java:764)
	at ptolemy.actor.CompositeActor.preinitialize(CompositeActor.java:1828)
	at ptolemy.actor.Director.preinitialize(Director.java:1302)
	at ptolemy.actor.Director.preinitialize(Director.java:1257)
	at ptolemy.domains.sdf.kernel.SDFDirector.preinitialize(SDFDirector.java:763)
	at ptolemy.actor.CompositeActor.preinitialize(CompositeActor.java:1828)
	at ptolemy.actor.Manager.preinitializeAndResolveTypes(Manager.java:1040)
	at ptolemy.actor.Manager.initialize(Manager.java:710)
	at ptolemy.actor.Manager.execute(Manager.java:356)
	at ptolemy.actor.Manager.run(Manager.java:1263)
	at ptolemy.actor.Manager$PtolemyRunThread.run(Manager.java:1933)
Caused by: ptolemy.kernel.util.IllegalActionException: The SDF rate parameter may change. This is not allowed in SDF models that will be run through the code generator.  If you don't care about code generation, then you might consider setting the allowRateChanges parameter of the SDF director to false.
  in .badRateChanges.typed composite actor.Repeat.output.tokenProductionRate
	at ptolemy.domains.sdf.kernel.SDFScheduler._assertDynamicRateVariable(SDFScheduler.java:931)
	at ptolemy.domains.sdf.kernel.SDFScheduler._checkDynamicRateVariables(SDFScheduler.java:339)
	at ptolemy.domains.sdf.kernel.SDFScheduler._getSchedule(SDFScheduler.java:527)
	at ptolemy.actor.sched.Scheduler.getSchedule(Scheduler.java:189)
	at ptolemy.domains.sdf.kernel.SDFDirector.createSchedule(SDFDirector.java:408)
	... 11 more
java.lang.RuntimeException: Execution failed
	at ptolemy.moml.MoMLSimpleApplication$UnloadThread.run(MoMLSimpleApplication.java:402)
Caused by: ptolemy.kernel.util.IllegalActionException: Failed to compute schedule:
  in .badRateChanges2.typed composite actor.SDF Director
Because:
The SDF rate parameter may change. This is not allowed in SDF models that will be run through the code generator.  If you don't care about code generation, then you might consider setting the allowRateChanges parameter of the SDF director to false.
  in .badRateChanges2.typed composite actor.Repeat.output.tokenProductionRate
	at ptolemy.domains.sdf.kernel.SDFDirector.createSchedule(SDFDirector.java:418)
	at ptolemy.domains.sdf.kernel.SDFDirector.preinitialize(SDFDirector.java:764)
	at ptolemy.actor.CompositeActor.preinitialize(CompositeActor.java:1828)
	at ptolemy.actor.Director.preinitialize(Director.java:1302)
	at ptolemy.actor.Director.preinitialize(Director.java:1257)
	at ptolemy.domains.sdf.kernel.SDFDirector.preinitialize(SDFDirector.java:763)
	at ptolemy.actor.CompositeActor.preinitialize(CompositeActor.java:1828)
	at ptolemy.actor.Manager.preinitializeAndResolveTypes(Manager.java:1040)
	at ptolemy.actor.Manager.initialize(Manager.java:710)
	at ptolemy.actor.Manager.execute(Manager.java:356)
	at ptolemy.actor.Manager.run(Manager.java:1263)
	at ptolemy.actor.Manager$PtolemyRunThread.run(Manager.java:1933)
Caused by: ptolemy.kernel.util.IllegalActionException: The SDF rate parameter may change. This is not allowed in SDF models that will be run through the code generator.  If you don't care about code generation, then you might consider setting the allowRateChanges parameter of the SDF director to false.
  in .badRateChanges2.typed composite actor.Repeat.output.tokenProductionRate
	at ptolemy.domains.sdf.kernel.SDFScheduler._assertDynamicRateVariable(SDFScheduler.java:931)
	at ptolemy.domains.sdf.kernel.SDFScheduler._checkDynamicRateVariables(SDFScheduler.java:339)
	at ptolemy.domains.sdf.kernel.SDFScheduler._getSchedule(SDFScheduler.java:527)
	at ptolemy.actor.sched.Scheduler.getSchedule(Scheduler.java:189)
	at ptolemy.domains.sdf.kernel.SDFDirector.createSchedule(SDFDirector.java:408)
	... 11 more
java.lang.RuntimeException: Execution failed
	at ptolemy.moml.MoMLSimpleApplication$UnloadThread.run(MoMLSimpleApplication.java:402)
Caused by: ptolemy.actor.sched.NotSchedulableException: Actors remain that cannot be scheduled!

There are several possible reasons:
* SDF Graphs with feedback loops should have an actor with a delay in the loop, such as a SampleDelay.
* The SDF director has an "allowDisconnectedGraphs"parameter, which, when true, permits disconnected SDF graphs.
* The token consumption rate and production rates might be mismatched.
Usually, actors produce one token or consume one token on a port.  To produce or consume multiple tokens per firing, add a "tokenConsumptionRate" or "tokenProductionRate" parameter to the appropriate port.
Unscheduled actors:
.partiallyConnected.Const2 
Scheduled actors:
.partiallyConnected.Const 
  in .partiallyConnected.SDF Director.Scheduler
	at ptolemy.domains.sdf.kernel.SDFScheduler._scheduleConnectedActors(SDFScheduler.java:1828)
	at ptolemy.domains.sdf.kernel.SDFScheduler._getSchedule(SDFScheduler.java:587)
	at ptolemy.actor.sched.Scheduler.getSchedule(Scheduler.java:189)
	at ptolemy.domains.sdf.kernel.SDFDirector.createSchedule(SDFDirector.java:408)
	at ptolemy.domains.sdf.kernel.SDFDirector.preinitialize(SDFDirector.java:764)
	at ptolemy.actor.CompositeActor.preinitialize(CompositeActor.java:1828)
	at ptolemy.actor.Manager.preinitializeAndResolveTypes(Manager.java:1040)
	at ptolemy.actor.Manager.initialize(Manager.java:710)
	at ptolemy.actor.Manager.execute(Manager.java:356)
	at ptolemy.actor.Manager.run(Manager.java:1263)
	at ptolemy.actor.Manager$PtolemyRunThread.run(Manager.java:1933)
]]></system-err>
</testsuite>
