<?xml version="1.0" encoding="UTF-8" ?>
<testsuite errors="0" failures="0" hostname="travis-job-6834db0e-2772-4683-a659-0d6a944dce74" name="ptolemy.domains.continuous.test.junit.JUnitTclTest" skipped="0" tests="155" time="81.016" timestamp="2018-07-20T01:54:07">
  <properties>
[...]
</properties>
  <testcase classname="ptolemy.util.test.junit.TclTests" name="[0] ThereAreNoTclTests (RunTclFile)" time="0.001" />
  <testcase classname="ptolemy.util.test.junit.AutoKnownFailedTests" name="[0] ThereAreNoKnowFailedTests (RunModel)" time="0.001" />
  <testcase classname="ptolemy.util.test.junit.AutoNameArchTests" name="[0] ThereAreNoAutoArchTests (RunModel)" time="0.003" />
  <testcase classname="ptolemy.util.test.junit.AutoTests" name="[0] /home/travis/build/icyphy/ptII/ptolemy/domains/continuous/test/auto/BouncingBall.xml (RunModel)" time="3.038" />
  <testcase classname="ptolemy.util.test.junit.AutoTests" name="[1] /home/travis/build/icyphy/ptII/ptolemy/domains/continuous/test/auto/BouncingBallWithoutGR.xml (RunModel)" time="0.79" />
  <testcase classname="ptolemy.util.test.junit.AutoTests" name="[2] /home/travis/build/icyphy/ptII/ptolemy/domains/continuous/test/auto/Brownian.xml (RunModel)" time="0.13" />
  <testcase classname="ptolemy.util.test.junit.AutoTests" name="[3] /home/travis/build/icyphy/ptII/ptolemy/domains/continuous/test/auto/CarTracking.xml (RunModel)" time="4.198" />
  <testcase classname="ptolemy.util.test.junit.AutoTests" name="[4] /home/travis/build/icyphy/ptII/ptolemy/domains/continuous/test/auto/CartPendulum.xml (RunModel)" time="0.556" />
  <testcase classname="ptolemy.util.test.junit.AutoTests" name="[5] /home/travis/build/icyphy/ptII/ptolemy/domains/continuous/test/auto/CausalityInterface10.xml (RunModel)" time="0.043" />
  <testcase classname="ptolemy.util.test.junit.AutoTests" name="[6] /home/travis/build/icyphy/ptII/ptolemy/domains/continuous/test/auto/CausalityInterface11.xml (RunModel)" time="0.029" />
  <testcase classname="ptolemy.util.test.junit.AutoTests" name="[7] /home/travis/build/icyphy/ptII/ptolemy/domains/continuous/test/auto/CausalityInterface12.xml (RunModel)" time="0.029" />
  <testcase classname="ptolemy.util.test.junit.AutoTests" name="[8] /home/travis/build/icyphy/ptII/ptolemy/domains/continuous/test/auto/CausalityInterface13.xml (RunModel)" time="0.038" />
  <testcase classname="ptolemy.util.test.junit.AutoTests" name="[9] /home/travis/build/icyphy/ptII/ptolemy/domains/continuous/test/auto/CausalityInterface14.xml (RunModel)" time="0.027" />
  <testcase classname="ptolemy.util.test.junit.AutoTests" name="[10] /home/travis/build/icyphy/ptII/ptolemy/domains/continuous/test/auto/CausalityInterface4.xml (RunModel)" time="0.04" />
  <testcase classname="ptolemy.util.test.junit.AutoTests" name="[11] /home/travis/build/icyphy/ptII/ptolemy/domains/continuous/test/auto/CausalityInterface5.xml (RunModel)" time="0.045" />
  <testcase classname="ptolemy.util.test.junit.AutoTests" name="[12] /home/travis/build/icyphy/ptII/ptolemy/domains/continuous/test/auto/CausalityInterface6.xml (RunModel)" time="0.034" />
  <testcase classname="ptolemy.util.test.junit.AutoTests" name="[13] /home/travis/build/icyphy/ptII/ptolemy/domains/continuous/test/auto/CausalityInterface7.xml (RunModel)" time="0.039" />
  <testcase classname="ptolemy.util.test.junit.AutoTests" name="[14] /home/travis/build/icyphy/ptII/ptolemy/domains/continuous/test/auto/CausalityInterface8.xml (RunModel)" time="0.052" />
  <testcase classname="ptolemy.util.test.junit.AutoTests" name="[15] /home/travis/build/icyphy/ptII/ptolemy/domains/continuous/test/auto/CausalityInterface9.xml (RunModel)" time="0.049" />
  <testcase classname="ptolemy.util.test.junit.AutoTests" name="[16] /home/travis/build/icyphy/ptII/ptolemy/domains/continuous/test/auto/CausalityInterfaceFeedback1.xml (RunModel)" time="0.041" />
  <testcase classname="ptolemy.util.test.junit.AutoTests" name="[17] /home/travis/build/icyphy/ptII/ptolemy/domains/continuous/test/auto/CausalityInterfaceFeedback2.xml (RunModel)" time="0.041" />
  <testcase classname="ptolemy.util.test.junit.AutoTests" name="[18] /home/travis/build/icyphy/ptII/ptolemy/domains/continuous/test/auto/CompareWithCurrentTime.xml (RunModel)" time="0.029" />
  <testcase classname="ptolemy.util.test.junit.AutoTests" name="[19] /home/travis/build/icyphy/ptII/ptolemy/domains/continuous/test/auto/ComparedClocks.xml (RunModel)" time="0.087" />
  <testcase classname="ptolemy.util.test.junit.AutoTests" name="[20] /home/travis/build/icyphy/ptII/ptolemy/domains/continuous/test/auto/ContinuousAOCClone.xml (RunModel)" time="2.595" />
  <testcase classname="ptolemy.util.test.junit.AutoTests" name="[21] /home/travis/build/icyphy/ptII/ptolemy/domains/continuous/test/auto/ContinuousClock.xml (RunModel)" time="0.131" />
  <testcase classname="ptolemy.util.test.junit.AutoTests" name="[22] /home/travis/build/icyphy/ptII/ptolemy/domains/continuous/test/auto/ContinuousInContinuous.xml (RunModel)" time="0.094" />
  <testcase classname="ptolemy.util.test.junit.AutoTests" name="[23] /home/travis/build/icyphy/ptII/ptolemy/domains/continuous/test/auto/ContinuousInContinuousInContinuous.xml (RunModel)" time="0.027" />
  <testcase classname="ptolemy.util.test.junit.AutoTests" name="[24] /home/travis/build/icyphy/ptII/ptolemy/domains/continuous/test/auto/ContinuousInDE.xml (RunModel)" time="0.112" />
  <testcase classname="ptolemy.util.test.junit.AutoTests" name="[25] /home/travis/build/icyphy/ptII/ptolemy/domains/continuous/test/auto/ContinuousInDE2.xml (RunModel)" time="0.077" />
  <testcase classname="ptolemy.util.test.junit.AutoTests" name="[26] /home/travis/build/icyphy/ptII/ptolemy/domains/continuous/test/auto/ContinuousInDE3.xml (RunModel)" time="0.076" />
  <testcase classname="ptolemy.util.test.junit.AutoTests" name="[27] /home/travis/build/icyphy/ptII/ptolemy/domains/continuous/test/auto/ContinuousInDE4.xml (RunModel)" time="0.038" />
  <testcase classname="ptolemy.util.test.junit.AutoTests" name="[28] /home/travis/build/icyphy/ptII/ptolemy/domains/continuous/test/auto/ContinuousInDEDifferentRefinements.xml (RunModel)" time="0.129" />
  <testcase classname="ptolemy.util.test.junit.AutoTests" name="[29] /home/travis/build/icyphy/ptII/ptolemy/domains/continuous/test/auto/ContinuousInDEDifferentRefinementsPreemptive.xml (RunModel)" time="0.102" />
  <testcase classname="ptolemy.util.test.junit.AutoTests" name="[30] /home/travis/build/icyphy/ptII/ptolemy/domains/continuous/test/auto/ContinuousInDEInContinuous2.xml (RunModel)" time="0.076" />
  <testcase classname="ptolemy.util.test.junit.AutoTests" name="[31] /home/travis/build/icyphy/ptII/ptolemy/domains/continuous/test/auto/ContinuousInDEInContinuous3.xml (RunModel)" time="0.072" />
  <testcase classname="ptolemy.util.test.junit.AutoTests" name="[32] /home/travis/build/icyphy/ptII/ptolemy/domains/continuous/test/auto/ContinuousInDEInput.xml (RunModel)" time="0.042" />
  <testcase classname="ptolemy.util.test.junit.AutoTests" name="[33] /home/travis/build/icyphy/ptII/ptolemy/domains/continuous/test/auto/ContinuousInDEInput2.xml (RunModel)" time="0.041" />
  <testcase classname="ptolemy.util.test.junit.AutoTests" name="[34] /home/travis/build/icyphy/ptII/ptolemy/domains/continuous/test/auto/ContinuousInDEInput3.xml (RunModel)" time="0.039" />
  <testcase classname="ptolemy.util.test.junit.AutoTests" name="[35] /home/travis/build/icyphy/ptII/ptolemy/domains/continuous/test/auto/ContinuousInDESharingRefinement.xml (RunModel)" time="0.219" />
  <testcase classname="ptolemy.util.test.junit.AutoTests" name="[36] /home/travis/build/icyphy/ptII/ptolemy/domains/continuous/test/auto/ContinuousInDEwithNoPorts.xml (RunModel)" time="0.021" />
  <testcase classname="ptolemy.util.test.junit.AutoTests" name="[37] /home/travis/build/icyphy/ptII/ptolemy/domains/continuous/test/auto/ContinuousInsideDE.xml (RunModel)" time="0.11" />
  <testcase classname="ptolemy.util.test.junit.AutoTests" name="[38] /home/travis/build/icyphy/ptII/ptolemy/domains/continuous/test/auto/ContinuousMerge1.xml (RunModel)" time="0.017" />
  <testcase classname="ptolemy.util.test.junit.AutoTests" name="[39] /home/travis/build/icyphy/ptII/ptolemy/domains/continuous/test/auto/ContinuousMerge2.xml (RunModel)" time="0.049" />
  <testcase classname="ptolemy.util.test.junit.AutoTests" name="[40] /home/travis/build/icyphy/ptII/ptolemy/domains/continuous/test/auto/ContinuousMerge3.xml (RunModel)" time="0.084" />
  <testcase classname="ptolemy.util.test.junit.AutoTests" name="[41] /home/travis/build/icyphy/ptII/ptolemy/domains/continuous/test/auto/ContinuousWithinContinuous.xml (RunModel)" time="0.075" />
  <testcase classname="ptolemy.util.test.junit.AutoTests" name="[42] /home/travis/build/icyphy/ptII/ptolemy/domains/continuous/test/auto/ContinuousWithinContinuous2.xml (RunModel)" time="0.115" />
  <testcase classname="ptolemy.util.test.junit.AutoTests" name="[43] /home/travis/build/icyphy/ptII/ptolemy/domains/continuous/test/auto/ContinuousWithinContinuous3.xml (RunModel)" time="0.035" />
  <testcase classname="ptolemy.util.test.junit.AutoTests" name="[44] /home/travis/build/icyphy/ptII/ptolemy/domains/continuous/test/auto/ContinuousWithinContinuous4.xml (RunModel)" time="0.119" />
  <testcase classname="ptolemy.util.test.junit.AutoTests" name="[45] /home/travis/build/icyphy/ptII/ptolemy/domains/continuous/test/auto/ContinuousWithinContinuous5.xml (RunModel)" time="0.058" />
  <testcase classname="ptolemy.util.test.junit.AutoTests" name="[46] /home/travis/build/icyphy/ptII/ptolemy/domains/continuous/test/auto/ContinuousWithinContinuous6.xml (RunModel)" time="0.039" />
  <testcase classname="ptolemy.util.test.junit.AutoTests" name="[47] /home/travis/build/icyphy/ptII/ptolemy/domains/continuous/test/auto/ContinuousWithinContinuous7.xml (RunModel)" time="0.092" />
  <testcase classname="ptolemy.util.test.junit.AutoTests" name="[48] /home/travis/build/icyphy/ptII/ptolemy/domains/continuous/test/auto/DCMotor.xml (RunModel)" time="17.51" />
  <testcase classname="ptolemy.util.test.junit.AutoTests" name="[49] /home/travis/build/icyphy/ptII/ptolemy/domains/continuous/test/auto/DEInContinuous.xml (RunModel)" time="0.025" />
  <testcase classname="ptolemy.util.test.junit.AutoTests" name="[50] /home/travis/build/icyphy/ptII/ptolemy/domains/continuous/test/auto/DEinContinuous2.xml (RunModel)" time="0.027" />
  <testcase classname="ptolemy.util.test.junit.AutoTests" name="[51] /home/travis/build/icyphy/ptII/ptolemy/domains/continuous/test/auto/Derivative.xml (RunModel)" time="0.23" />
  <testcase classname="ptolemy.util.test.junit.AutoTests" name="[52] /home/travis/build/icyphy/ptII/ptolemy/domains/continuous/test/auto/Derivative1.xml (RunModel)" time="0.045" />
  <testcase classname="ptolemy.util.test.junit.AutoTests" name="[53] /home/travis/build/icyphy/ptII/ptolemy/domains/continuous/test/auto/DiscreteClock.xml (RunModel)" time="0.015" />
  <testcase classname="ptolemy.util.test.junit.AutoTests" name="[54] /home/travis/build/icyphy/ptII/ptolemy/domains/continuous/test/auto/EfficiencyCurve.xml (RunModel)" time="0.146" />
  <testcase classname="ptolemy.util.test.junit.AutoTests" name="[55] /home/travis/build/icyphy/ptII/ptolemy/domains/continuous/test/auto/ExponentialResponse.xml (RunModel)" time="0.142" />
  <testcase classname="ptolemy.util.test.junit.AutoTests" name="[56] /home/travis/build/icyphy/ptII/ptolemy/domains/continuous/test/auto/ExponentialResponseRK45.xml (RunModel)" time="0.04" />
  <testcase classname="ptolemy.util.test.junit.AutoTests" name="[57] /home/travis/build/icyphy/ptII/ptolemy/domains/continuous/test/auto/Friction.xml (RunModel)" time="1.754" />
  <testcase classname="ptolemy.util.test.junit.AutoTests" name="[58] /home/travis/build/icyphy/ptII/ptolemy/domains/continuous/test/auto/FurutaPendulum.xml (RunModel)" time="3.249" />
  <testcase classname="ptolemy.util.test.junit.AutoTests" name="[59] /home/travis/build/icyphy/ptII/ptolemy/domains/continuous/test/auto/HierarchicalExecution.xml (RunModel)" time="1.983" />
  <testcase classname="ptolemy.util.test.junit.AutoTests" name="[60] /home/travis/build/icyphy/ptII/ptolemy/domains/continuous/test/auto/HybridPlant.xml (RunModel)" time="0.655" />
  <testcase classname="ptolemy.util.test.junit.AutoTests" name="[61] /home/travis/build/icyphy/ptII/ptolemy/domains/continuous/test/auto/Hysteresis.xml (RunModel)" time="0.217" />
  <testcase classname="ptolemy.util.test.junit.AutoTests" name="[62] /home/travis/build/icyphy/ptII/ptolemy/domains/continuous/test/auto/HysteresisWithRandomDelay.xml (RunModel)" time="0.255" />
  <testcase classname="ptolemy.util.test.junit.AutoTests" name="[63] /home/travis/build/icyphy/ptII/ptolemy/domains/continuous/test/auto/HysteresisWithRandomLosses.xml (RunModel)" time="2.812" />
  <testcase classname="ptolemy.util.test.junit.AutoTests" name="[64] /home/travis/build/icyphy/ptII/ptolemy/domains/continuous/test/auto/ImmediateTransitions.xml (RunModel)" time="0.033" />
  <testcase classname="ptolemy.util.test.junit.AutoTests" name="[65] /home/travis/build/icyphy/ptII/ptolemy/domains/continuous/test/auto/ImpulseFeedback.xml (RunModel)" time="0.029" />
  <testcase classname="ptolemy.util.test.junit.AutoTests" name="[66] /home/travis/build/icyphy/ptII/ptolemy/domains/continuous/test/auto/ImpulseFeedback2.xml (RunModel)" time="0.021" />
  <testcase classname="ptolemy.util.test.junit.AutoTests" name="[67] /home/travis/build/icyphy/ptII/ptolemy/domains/continuous/test/auto/IncreasingRatePoisson.xml (RunModel)" time="0.821" />
  <testcase classname="ptolemy.util.test.junit.AutoTests" name="[68] /home/travis/build/icyphy/ptII/ptolemy/domains/continuous/test/auto/InitialStateFeedback.xml (RunModel)" time="0.018" />
  <testcase classname="ptolemy.util.test.junit.AutoTests" name="[69] /home/travis/build/icyphy/ptII/ptolemy/domains/continuous/test/auto/Integration.xml (RunModel)" time="0.014" />
  <testcase classname="ptolemy.util.test.junit.AutoTests" name="[70] /home/travis/build/icyphy/ptII/ptolemy/domains/continuous/test/auto/Integration2.xml (RunModel)" time="0.102" />
  <testcase classname="ptolemy.util.test.junit.AutoTests" name="[71] /home/travis/build/icyphy/ptII/ptolemy/domains/continuous/test/auto/Integration3.xml (RunModel)" time="0.018" />
  <testcase classname="ptolemy.util.test.junit.AutoTests" name="[72] /home/travis/build/icyphy/ptII/ptolemy/domains/continuous/test/auto/Integration5.xml (RunModel)" time="0.024" />
  <testcase classname="ptolemy.util.test.junit.AutoTests" name="[73] /home/travis/build/icyphy/ptII/ptolemy/domains/continuous/test/auto/IntegratorImpulse.xml (RunModel)" time="0.018" />
  <testcase classname="ptolemy.util.test.junit.AutoTests" name="[74] /home/travis/build/icyphy/ptII/ptolemy/domains/continuous/test/auto/IntegratorImpulse2.xml (RunModel)" time="0.012" />
  <testcase classname="ptolemy.util.test.junit.AutoTests" name="[75] /home/travis/build/icyphy/ptII/ptolemy/domains/continuous/test/auto/LevelCrossing1.xml (RunModel)" time="0.012" />
  <testcase classname="ptolemy.util.test.junit.AutoTests" name="[76] /home/travis/build/icyphy/ptII/ptolemy/domains/continuous/test/auto/LevelCrossing2.xml (RunModel)" time="0.021" />
  <testcase classname="ptolemy.util.test.junit.AutoTests" name="[77] /home/travis/build/icyphy/ptII/ptolemy/domains/continuous/test/auto/LevelCrossing3.xml (RunModel)" time="0.016" />
  <testcase classname="ptolemy.util.test.junit.AutoTests" name="[78] /home/travis/build/icyphy/ptII/ptolemy/domains/continuous/test/auto/LevelCrossing4.xml (RunModel)" time="0.014" />
  <testcase classname="ptolemy.util.test.junit.AutoTests" name="[79] /home/travis/build/icyphy/ptII/ptolemy/domains/continuous/test/auto/LevelCrossing5.xml (RunModel)" time="0.015" />
  <testcase classname="ptolemy.util.test.junit.AutoTests" name="[80] /home/travis/build/icyphy/ptII/ptolemy/domains/continuous/test/auto/LevelCrossing6.xml (RunModel)" time="0.014" />
  <testcase classname="ptolemy.util.test.junit.AutoTests" name="[81] /home/travis/build/icyphy/ptII/ptolemy/domains/continuous/test/auto/LevelCrossingDetector.xml (RunModel)" time="0.048" />
  <testcase classname="ptolemy.util.test.junit.AutoTests" name="[82] /home/travis/build/icyphy/ptII/ptolemy/domains/continuous/test/auto/LevelCrossingDetectorDetectingDirections.xml (RunModel)" time="0.087" />
  <testcase classname="ptolemy.util.test.junit.AutoTests" name="[83] /home/travis/build/icyphy/ptII/ptolemy/domains/continuous/test/auto/LevelCrossingDetectorDetectsGlitches.xml (RunModel)" time="0.079" />
  <testcase classname="ptolemy.util.test.junit.AutoTests" name="[84] /home/travis/build/icyphy/ptII/ptolemy/domains/continuous/test/auto/LevelCrossingNoInitialOuput.xml (RunModel)" time="0.014" />
  <testcase classname="ptolemy.util.test.junit.AutoTests" name="[85] /home/travis/build/icyphy/ptII/ptolemy/domains/continuous/test/auto/LinearStateSpaceExample.xml (RunModel)" time="0.061" />
  <testcase classname="ptolemy.util.test.junit.AutoTests" name="[86] /home/travis/build/icyphy/ptII/ptolemy/domains/continuous/test/auto/Lorenz.xml (RunModel)" time="5.303" />
  <testcase classname="ptolemy.util.test.junit.AutoTests" name="[87] /home/travis/build/icyphy/ptII/ptolemy/domains/continuous/test/auto/LorenzDifferentialSystem.xml (RunModel)" time="1.432" />
  <testcase classname="ptolemy.util.test.junit.AutoTests" name="[88] /home/travis/build/icyphy/ptII/ptolemy/domains/continuous/test/auto/LorenzDifferentialSystemWithInput.xml (RunModel)" time="1.341" />
  <testcase classname="ptolemy.util.test.junit.AutoTests" name="[89] /home/travis/build/icyphy/ptII/ptolemy/domains/continuous/test/auto/LorenzDifferentialSystemWithTime.xml (RunModel)" time="0.737" />
  <testcase classname="ptolemy.util.test.junit.AutoTests" name="[90] /home/travis/build/icyphy/ptII/ptolemy/domains/continuous/test/auto/Microsteps.xml (RunModel)" time="0.029" />
  <testcase classname="ptolemy.util.test.junit.AutoTests" name="[91] /home/travis/build/icyphy/ptII/ptolemy/domains/continuous/test/auto/Modal1.xml (RunModel)" time="0.062" />
  <testcase classname="ptolemy.util.test.junit.AutoTests" name="[92] /home/travis/build/icyphy/ptII/ptolemy/domains/continuous/test/auto/Modal2.xml (RunModel)" time="0.051" />
  <testcase classname="ptolemy.util.test.junit.AutoTests" name="[93] /home/travis/build/icyphy/ptII/ptolemy/domains/continuous/test/auto/ModalTransitionGuardWithReset.xml (RunModel)" time="0.028" />
  <testcase classname="ptolemy.util.test.junit.AutoTests" name="[94] /home/travis/build/icyphy/ptII/ptolemy/domains/continuous/test/auto/ModalTransitionGuardWithResetUsingPreemptiveTransition.xml (RunModel)" time="0.046" />
  <testcase classname="ptolemy.util.test.junit.AutoTests" name="[95] /home/travis/build/icyphy/ptII/ptolemy/domains/continuous/test/auto/ModalTransitionGuardWithResetUsingPreemptiveTransition2.xml (RunModel)" time="0.043" />
  <testcase classname="ptolemy.util.test.junit.AutoTests" name="[96] /home/travis/build/icyphy/ptII/ptolemy/domains/continuous/test/auto/ModalTransitionGuardWithResetUsingPreemptiveTransition3.xml (RunModel)" time="0.058" />
  <testcase classname="ptolemy.util.test.junit.AutoTests" name="[97] /home/travis/build/icyphy/ptII/ptolemy/domains/continuous/test/auto/NewtonsCradle.xml (RunModel)" time="0.781" />
  <testcase classname="ptolemy.util.test.junit.AutoTests" name="[98] /home/travis/build/icyphy/ptII/ptolemy/domains/continuous/test/auto/NewtonsCradleAnimated.xml (RunModel)" time="1.329" />
  <testcase classname="ptolemy.util.test.junit.AutoTests" name="[99] /home/travis/build/icyphy/ptII/ptolemy/domains/continuous/test/auto/NewtonsCradleComplicated.xml (RunModel)" time="0.895" />
  <testcase classname="ptolemy.util.test.junit.AutoTests" name="[100] /home/travis/build/icyphy/ptII/ptolemy/domains/continuous/test/auto/NewtonsCradleNondeterministic.xml (RunModel)" time="0.727" />
  <testcase classname="ptolemy.util.test.junit.AutoTests" name="[101] /home/travis/build/icyphy/ptII/ptolemy/domains/continuous/test/auto/NewtonsCradlePerfectlyInelastic1.xml (RunModel)" time="1.221" />
  <testcase classname="ptolemy.util.test.junit.AutoTests" name="[102] /home/travis/build/icyphy/ptII/ptolemy/domains/continuous/test/auto/Noise.xml (RunModel)" time="0.221" />
  <testcase classname="ptolemy.util.test.junit.AutoTests" name="[103] /home/travis/build/icyphy/ptII/ptolemy/domains/continuous/test/auto/NoiseSpectrum.xml (RunModel)" time="0.897" />
  <testcase classname="ptolemy.util.test.junit.AutoTests" name="[104] /home/travis/build/icyphy/ptII/ptolemy/domains/continuous/test/auto/ParameterizedNewtonsCradleAnimated.xml (RunModel)" time="0.388" />
  <testcase classname="ptolemy.util.test.junit.AutoTests" name="[105] /home/travis/build/icyphy/ptII/ptolemy/domains/continuous/test/auto/ParameterizedNewtonsCradleAnimatedNondeterministic.xml (RunModel)" time="1.211" />
  <testcase classname="ptolemy.util.test.junit.AutoTests" name="[106] /home/travis/build/icyphy/ptII/ptolemy/domains/continuous/test/auto/Pendulum3D.xml (RunModel)" time="0.189" />
  <testcase classname="ptolemy.util.test.junit.AutoTests" name="[107] /home/travis/build/icyphy/ptII/ptolemy/domains/continuous/test/auto/PeriodicSampler.xml (RunModel)" time="0.01" />
  <testcase classname="ptolemy.util.test.junit.AutoTests" name="[108] /home/travis/build/icyphy/ptII/ptolemy/domains/continuous/test/auto/PeriodicSampler1.xml (RunModel)" time="0.048" />
  <testcase classname="ptolemy.util.test.junit.AutoTests" name="[109] /home/travis/build/icyphy/ptII/ptolemy/domains/continuous/test/auto/PeriodicSampler2.xml (RunModel)" time="0.078" />
  <testcase classname="ptolemy.util.test.junit.AutoTests" name="[110] /home/travis/build/icyphy/ptII/ptolemy/domains/continuous/test/auto/Poisson.xml (RunModel)" time="0.574" />
  <testcase classname="ptolemy.util.test.junit.AutoTests" name="[111] /home/travis/build/icyphy/ptII/ptolemy/domains/continuous/test/auto/PoissonClock.xml (RunModel)" time="0.012" />
  <testcase classname="ptolemy.util.test.junit.AutoTests" name="[112] /home/travis/build/icyphy/ptII/ptolemy/domains/continuous/test/auto/PoissonClock2.xml (RunModel)" time="0.012" />
  <testcase classname="ptolemy.util.test.junit.AutoTests" name="[113] /home/travis/build/icyphy/ptII/ptolemy/domains/continuous/test/auto/PortParameterHierarchy.xml (RunModel)" time="0.015" />
  <testcase classname="ptolemy.util.test.junit.AutoTests" name="[114] /home/travis/build/icyphy/ptII/ptolemy/domains/continuous/test/auto/RandomHybridPlant.xml (RunModel)" time="0.612" />
  <testcase classname="ptolemy.util.test.junit.AutoTests" name="[115] /home/travis/build/icyphy/ptII/ptolemy/domains/continuous/test/auto/ResetTransitionWithStartTime1.xml (RunModel)" time="0.03" />
  <testcase classname="ptolemy.util.test.junit.AutoTests" name="[116] /home/travis/build/icyphy/ptII/ptolemy/domains/continuous/test/auto/ResetTransitionWithStartTime2.xml (RunModel)" time="0.041" />
  <testcase classname="ptolemy.util.test.junit.AutoTests" name="[117] /home/travis/build/icyphy/ptII/ptolemy/domains/continuous/test/auto/ResetTransitionWithStartTime3.xml (RunModel)" time="0.041" />
  <testcase classname="ptolemy.util.test.junit.AutoTests" name="[118] /home/travis/build/icyphy/ptII/ptolemy/domains/continuous/test/auto/ResetTransitionWithStartTime4.xml (RunModel)" time="0.026" />
  <testcase classname="ptolemy.util.test.junit.AutoTests" name="[119] /home/travis/build/icyphy/ptII/ptolemy/domains/continuous/test/auto/ResetTransitionWithStartTime5.xml (RunModel)" time="0.041" />
  <testcase classname="ptolemy.util.test.junit.AutoTests" name="[120] /home/travis/build/icyphy/ptII/ptolemy/domains/continuous/test/auto/ResetTransitionWithStartTime6.xml (RunModel)" time="0.029" />
  <testcase classname="ptolemy.util.test.junit.AutoTests" name="[121] /home/travis/build/icyphy/ptII/ptolemy/domains/continuous/test/auto/SRinContinuous.xml (RunModel)" time="0.035" />
  <testcase classname="ptolemy.util.test.junit.AutoTests" name="[122] /home/travis/build/icyphy/ptII/ptolemy/domains/continuous/test/auto/SampledClocks.xml (RunModel)" time="0.026" />
  <testcase classname="ptolemy.util.test.junit.AutoTests" name="[123] /home/travis/build/icyphy/ptII/ptolemy/domains/continuous/test/auto/Satellite.xml (RunModel)" time="0.735" />
  <testcase classname="ptolemy.util.test.junit.AutoTests" name="[124] /home/travis/build/icyphy/ptII/ptolemy/domains/continuous/test/auto/SigmaDelta.xml (RunModel)" time="2.383" />
  <testcase classname="ptolemy.util.test.junit.AutoTests" name="[125] /home/travis/build/icyphy/ptII/ptolemy/domains/continuous/test/auto/SinuBouncingBall.xml (RunModel)" time="0.736" />
  <testcase classname="ptolemy.util.test.junit.AutoTests" name="[126] /home/travis/build/icyphy/ptII/ptolemy/domains/continuous/test/auto/Sinusoid.xml (RunModel)" time="0.018" />
  <testcase classname="ptolemy.util.test.junit.AutoTests" name="[127] /home/travis/build/icyphy/ptII/ptolemy/domains/continuous/test/auto/SinusoidInNoise.xml (RunModel)" time="1.192" />
  <testcase classname="ptolemy.util.test.junit.AutoTests" name="[128] /home/travis/build/icyphy/ptII/ptolemy/domains/continuous/test/auto/SinusoidRK45.xml (RunModel)" time="0.01" />
  <testcase classname="ptolemy.util.test.junit.AutoTests" name="[129] /home/travis/build/icyphy/ptII/ptolemy/domains/continuous/test/auto/SinusoidWithMultipleImpulses.xml (RunModel)" time="0.011" />
  <testcase classname="ptolemy.util.test.junit.AutoTests" name="[130] /home/travis/build/icyphy/ptII/ptolemy/domains/continuous/test/auto/SquareWave.xml (RunModel)" time="0.18" />
  <testcase classname="ptolemy.util.test.junit.AutoTests" name="[131] /home/travis/build/icyphy/ptII/ptolemy/domains/continuous/test/auto/Starmac.xml (RunModel)" time="3.453" />
  <testcase classname="ptolemy.util.test.junit.AutoTests" name="[132] /home/travis/build/icyphy/ptII/ptolemy/domains/continuous/test/auto/StaticUnits.xml (RunModel)" time="2.519" />
  <testcase classname="ptolemy.util.test.junit.AutoTests" name="[133] /home/travis/build/icyphy/ptII/ptolemy/domains/continuous/test/auto/StickyMasses.xml (RunModel)" time="0.206" />
  <testcase classname="ptolemy.util.test.junit.AutoTests" name="[134] /home/travis/build/icyphy/ptII/ptolemy/domains/continuous/test/auto/StopTime.xml (RunModel)" time="0.07" />
  <testcase classname="ptolemy.util.test.junit.AutoTests" name="[135] /home/travis/build/icyphy/ptII/ptolemy/domains/continuous/test/auto/StopTime2.xml (RunModel)" time="0.086" />
  <testcase classname="ptolemy.util.test.junit.AutoTests" name="[136] /home/travis/build/icyphy/ptII/ptolemy/domains/continuous/test/auto/Switch.xml (RunModel)" time="0.08" />
  <testcase classname="ptolemy.util.test.junit.AutoTests" name="[137] /home/travis/build/icyphy/ptII/ptolemy/domains/continuous/test/auto/Thermostat.xml (RunModel)" time="0.262" />
  <testcase classname="ptolemy.util.test.junit.AutoTests" name="[138] /home/travis/build/icyphy/ptII/ptolemy/domains/continuous/test/auto/TimeDelay.xml (RunModel)" time="0.015" />
  <testcase classname="ptolemy.util.test.junit.AutoTests" name="[139] /home/travis/build/icyphy/ptII/ptolemy/domains/continuous/test/auto/TimeDelay2.xml (RunModel)" time="0.032" />
  <testcase classname="ptolemy.util.test.junit.AutoTests" name="[140] /home/travis/build/icyphy/ptII/ptolemy/domains/continuous/test/auto/TimeDelay3.xml (RunModel)" time="0.017" />
  <testcase classname="ptolemy.util.test.junit.AutoTests" name="[141] /home/travis/build/icyphy/ptII/ptolemy/domains/continuous/test/auto/TransferAbsentToInside.xml (RunModel)" time="0.134" />
  <testcase classname="ptolemy.util.test.junit.AutoTests" name="[142] /home/travis/build/icyphy/ptII/ptolemy/domains/continuous/test/auto/Transmission.xml (RunModel)" time="1.049" />
  <testcase classname="ptolemy.util.test.junit.AutoTests" name="[143] /home/travis/build/icyphy/ptII/ptolemy/domains/continuous/test/auto/TriggeredContinuousClock.xml (RunModel)" time="0.084" />
  <testcase classname="ptolemy.util.test.junit.AutoTests" name="[144] /home/travis/build/icyphy/ptII/ptolemy/domains/continuous/test/auto/TwoMachineInfiniteBusControl.xml (RunModel)" time="2.341" />
  <testcase classname="ptolemy.util.test.junit.AutoTests" name="[145] /home/travis/build/icyphy/ptII/ptolemy/domains/continuous/test/auto/V2V.xml (RunModel)" time="0.958" />
  <testcase classname="ptolemy.util.test.junit.AutoTests" name="[146] /home/travis/build/icyphy/ptII/ptolemy/domains/continuous/test/auto/hierarchicalModalModel.xml (RunModel)" time="0.044" />
  <testcase classname="ptolemy.util.test.junit.AutoTests" name="[147] /home/travis/build/icyphy/ptII/ptolemy/domains/continuous/test/auto/hierarchicalModalModel1.xml (RunModel)" time="0.043" />
  <testcase classname="ptolemy.util.test.junit.AutoTests" name="[148] /home/travis/build/icyphy/ptII/ptolemy/domains/continuous/test/auto/hierarchicalModalModel2.xml (RunModel)" time="0.036" />
  <testcase classname="ptolemy.util.test.junit.AutoTests" name="[149] /home/travis/build/icyphy/ptII/ptolemy/domains/continuous/test/auto/hierarchicalModalModel3.xml (RunModel)" time="0.025" />
  <testcase classname="ptolemy.util.test.junit.AutoTests" name="[150] /home/travis/build/icyphy/ptII/ptolemy/domains/continuous/test/auto/hierarchicalModalModel4.xml (RunModel)" time="0.029" />
  <testcase classname="ptolemy.util.test.junit.AutoTests" name="[151] /home/travis/build/icyphy/ptII/ptolemy/domains/continuous/test/auto/junk.xml (RunModel)" time="0.136" />
  <system-out><![CDATA[No tcl tests in /home/travis/build/icyphy/ptII/ptolemy/domains/continuous/test
No auto/knownFailedTests/*.xml tests in /home/travis/build/icyphy/ptII/ptolemy/domains/continuous/test
No auto/linux-amd64/*.xml tests in /home/travis/build/icyphy/ptII/ptolemy/domains/continuous/test
AutoTests.java: About to close Vertx.
AutoTests.java: Vertx closed.

===========================================================================================
----------------- testing Fri Jul 20 01:54:07 UTC 2018 /home/travis/build/icyphy/ptII/ptolemy/domains/continuous/test/auto/BouncingBall.xml
----------------- Instantiating /home/travis/build/icyphy/ptII/ptolemy/domains/continuous/test/auto/BouncingBall.xml
2487 ms. Memory: 331776K Free: 317796K (96%)
----------------- Invoking toplevel() on ptolemy.moml.MoMLSimpleApplication@20703c0
----------------- Done invoking toplevel() on ptolemy.moml.MoMLSimpleApplication@20703c0
reloadAllAccessors: .BouncingBall

===========================================================================================
----------------- testing Fri Jul 20 01:54:10 UTC 2018 /home/travis/build/icyphy/ptII/ptolemy/domains/continuous/test/auto/BouncingBallWithoutGR.xml
----------------- Instantiating /home/travis/build/icyphy/ptII/ptolemy/domains/continuous/test/auto/BouncingBallWithoutGR.xml
678 ms. Memory: 331776K Free: 127333K (38%)
----------------- Invoking toplevel() on ptolemy.moml.MoMLSimpleApplication@78709049
----------------- Done invoking toplevel() on ptolemy.moml.MoMLSimpleApplication@78709049
reloadAllAccessors: .BouncingBallWithoutGR

===========================================================================================
----------------- testing Fri Jul 20 01:54:11 UTC 2018 /home/travis/build/icyphy/ptII/ptolemy/domains/continuous/test/auto/Brownian.xml
----------------- Instantiating /home/travis/build/icyphy/ptII/ptolemy/domains/continuous/test/auto/Brownian.xml
40 ms. Memory: 331776K Free: 115054K (35%)
----------------- Invoking toplevel() on ptolemy.moml.MoMLSimpleApplication@3ba49787
----------------- Done invoking toplevel() on ptolemy.moml.MoMLSimpleApplication@3ba49787
reloadAllAccessors: .Brownian

===========================================================================================
----------------- testing Fri Jul 20 01:54:11 UTC 2018 /home/travis/build/icyphy/ptII/ptolemy/domains/continuous/test/auto/CarTracking.xml
----------------- Instantiating /home/travis/build/icyphy/ptII/ptolemy/domains/continuous/test/auto/CarTracking.xml
3666 ms. Memory: 479744K Free: 310225K (65%)
----------------- Invoking toplevel() on ptolemy.moml.MoMLSimpleApplication@40661ed1
----------------- Done invoking toplevel() on ptolemy.moml.MoMLSimpleApplication@40661ed1
reloadAllAccessors: .CarTracking

===========================================================================================
----------------- testing Fri Jul 20 01:54:16 UTC 2018 /home/travis/build/icyphy/ptII/ptolemy/domains/continuous/test/auto/CartPendulum.xml
----------------- Instantiating /home/travis/build/icyphy/ptII/ptolemy/domains/continuous/test/auto/CartPendulum.xml
389 ms. Memory: 479744K Free: 204667K (43%)
----------------- Invoking toplevel() on ptolemy.moml.MoMLSimpleApplication@45b4f25
----------------- Done invoking toplevel() on ptolemy.moml.MoMLSimpleApplication@45b4f25
reloadAllAccessors: .CartPendulum

===========================================================================================
----------------- testing Fri Jul 20 01:54:16 UTC 2018 /home/travis/build/icyphy/ptII/ptolemy/domains/continuous/test/auto/CausalityInterface10.xml
----------------- Instantiating /home/travis/build/icyphy/ptII/ptolemy/domains/continuous/test/auto/CausalityInterface10.xml
6 ms. Memory: 479744K Free: 191559K (40%)
----------------- Invoking toplevel() on ptolemy.moml.MoMLSimpleApplication@71d1831b
----------------- Done invoking toplevel() on ptolemy.moml.MoMLSimpleApplication@71d1831b
reloadAllAccessors: .CausalityInterface10

===========================================================================================
----------------- testing Fri Jul 20 01:54:16 UTC 2018 /home/travis/build/icyphy/ptII/ptolemy/domains/continuous/test/auto/CausalityInterface11.xml
----------------- Instantiating /home/travis/build/icyphy/ptII/ptolemy/domains/continuous/test/auto/CausalityInterface11.xml
4 ms. Memory: 479744K Free: 183697K (38%)
----------------- Invoking toplevel() on ptolemy.moml.MoMLSimpleApplication@c1091fc
----------------- Done invoking toplevel() on ptolemy.moml.MoMLSimpleApplication@c1091fc
reloadAllAccessors: .CausalityInterface11

===========================================================================================
----------------- testing Fri Jul 20 01:54:16 UTC 2018 /home/travis/build/icyphy/ptII/ptolemy/domains/continuous/test/auto/CausalityInterface12.xml
----------------- Instantiating /home/travis/build/icyphy/ptII/ptolemy/domains/continuous/test/auto/CausalityInterface12.xml
4 ms. Memory: 479744K Free: 173217K (36%)
----------------- Invoking toplevel() on ptolemy.moml.MoMLSimpleApplication@72c7a258
----------------- Done invoking toplevel() on ptolemy.moml.MoMLSimpleApplication@72c7a258
reloadAllAccessors: .CausalityInterface12

===========================================================================================
----------------- testing Fri Jul 20 01:54:16 UTC 2018 /home/travis/build/icyphy/ptII/ptolemy/domains/continuous/test/auto/CausalityInterface13.xml
----------------- Instantiating /home/travis/build/icyphy/ptII/ptolemy/domains/continuous/test/auto/CausalityInterface13.xml
8 ms. Memory: 479744K Free: 162737K (34%)
----------------- Invoking toplevel() on ptolemy.moml.MoMLSimpleApplication@2cd445dc
----------------- Done invoking toplevel() on ptolemy.moml.MoMLSimpleApplication@2cd445dc
reloadAllAccessors: .CausalityInterface13

===========================================================================================
----------------- testing Fri Jul 20 01:54:16 UTC 2018 /home/travis/build/icyphy/ptII/ptolemy/domains/continuous/test/auto/CausalityInterface14.xml
----------------- Instantiating /home/travis/build/icyphy/ptII/ptolemy/domains/continuous/test/auto/CausalityInterface14.xml
2 ms. Memory: 479744K Free: 150991K (31%)
----------------- Invoking toplevel() on ptolemy.moml.MoMLSimpleApplication@7e94fe74
----------------- Done invoking toplevel() on ptolemy.moml.MoMLSimpleApplication@7e94fe74
reloadAllAccessors: .CausalityInterface14

===========================================================================================
----------------- testing Fri Jul 20 01:54:16 UTC 2018 /home/travis/build/icyphy/ptII/ptolemy/domains/continuous/test/auto/CausalityInterface4.xml
----------------- Instantiating /home/travis/build/icyphy/ptII/ptolemy/domains/continuous/test/auto/CausalityInterface4.xml
3 ms. Memory: 479744K Free: 140519K (29%)
----------------- Invoking toplevel() on ptolemy.moml.MoMLSimpleApplication@348c1484
----------------- Done invoking toplevel() on ptolemy.moml.MoMLSimpleApplication@348c1484
reloadAllAccessors: .CausalityInterface4

===========================================================================================
----------------- testing Fri Jul 20 01:54:16 UTC 2018 /home/travis/build/icyphy/ptII/ptolemy/domains/continuous/test/auto/CausalityInterface5.xml
----------------- Instantiating /home/travis/build/icyphy/ptII/ptolemy/domains/continuous/test/auto/CausalityInterface5.xml
4 ms. Memory: 479744K Free: 130031K (27%)
----------------- Invoking toplevel() on ptolemy.moml.MoMLSimpleApplication@45886f55
----------------- Done invoking toplevel() on ptolemy.moml.MoMLSimpleApplication@45886f55
reloadAllAccessors: .CausalityInterface5

===========================================================================================
----------------- testing Fri Jul 20 01:54:16 UTC 2018 /home/travis/build/icyphy/ptII/ptolemy/domains/continuous/test/auto/CausalityInterface6.xml
----------------- Instantiating /home/travis/build/icyphy/ptII/ptolemy/domains/continuous/test/auto/CausalityInterface6.xml
9 ms. Memory: 479744K Free: 122161K (25%)
----------------- Invoking toplevel() on ptolemy.moml.MoMLSimpleApplication@474b56b5
----------------- Done invoking toplevel() on ptolemy.moml.MoMLSimpleApplication@474b56b5
reloadAllAccessors: .CausalityInterface6

===========================================================================================
----------------- testing Fri Jul 20 01:54:16 UTC 2018 /home/travis/build/icyphy/ptII/ptolemy/domains/continuous/test/auto/CausalityInterface7.xml
----------------- Instantiating /home/travis/build/icyphy/ptII/ptolemy/domains/continuous/test/auto/CausalityInterface7.xml
7 ms. Memory: 479744K Free: 111673K (23%)
----------------- Invoking toplevel() on ptolemy.moml.MoMLSimpleApplication@a922242
----------------- Done invoking toplevel() on ptolemy.moml.MoMLSimpleApplication@a922242
reloadAllAccessors: .CausalityInterface7

===========================================================================================
----------------- testing Fri Jul 20 01:54:16 UTC 2018 /home/travis/build/icyphy/ptII/ptolemy/domains/continuous/test/auto/CausalityInterface8.xml
----------------- Instantiating /home/travis/build/icyphy/ptII/ptolemy/domains/continuous/test/auto/CausalityInterface8.xml
4 ms. Memory: 479744K Free: 94683K (20%)
----------------- Invoking toplevel() on ptolemy.moml.MoMLSimpleApplication@43b9ca67
----------------- Done invoking toplevel() on ptolemy.moml.MoMLSimpleApplication@43b9ca67
reloadAllAccessors: .CausalityInterface8

===========================================================================================
----------------- testing Fri Jul 20 01:54:16 UTC 2018 /home/travis/build/icyphy/ptII/ptolemy/domains/continuous/test/auto/CausalityInterface9.xml
----------------- Instantiating /home/travis/build/icyphy/ptII/ptolemy/domains/continuous/test/auto/CausalityInterface9.xml
4 ms. Memory: 479744K Free: 81585K (17%)
----------------- Invoking toplevel() on ptolemy.moml.MoMLSimpleApplication@5e081ace
----------------- Done invoking toplevel() on ptolemy.moml.MoMLSimpleApplication@5e081ace
reloadAllAccessors: .CausalityInterface9

===========================================================================================
----------------- testing Fri Jul 20 01:54:17 UTC 2018 /home/travis/build/icyphy/ptII/ptolemy/domains/continuous/test/auto/CausalityInterfaceFeedback1.xml
----------------- Instantiating /home/travis/build/icyphy/ptII/ptolemy/domains/continuous/test/auto/CausalityInterfaceFeedback1.xml
8 ms. Memory: 456704K Free: 441583K (97%)
----------------- Invoking toplevel() on ptolemy.moml.MoMLSimpleApplication@21e93b19
----------------- Done invoking toplevel() on ptolemy.moml.MoMLSimpleApplication@21e93b19
reloadAllAccessors: .CausalityInterfaceFeedback1

===========================================================================================
----------------- testing Fri Jul 20 01:54:17 UTC 2018 /home/travis/build/icyphy/ptII/ptolemy/domains/continuous/test/auto/CausalityInterfaceFeedback2.xml
----------------- Instantiating /home/travis/build/icyphy/ptII/ptolemy/domains/continuous/test/auto/CausalityInterfaceFeedback2.xml
6 ms. Memory: 456704K Free: 429082K (94%)
----------------- Invoking toplevel() on ptolemy.moml.MoMLSimpleApplication@4bd0c174
----------------- Done invoking toplevel() on ptolemy.moml.MoMLSimpleApplication@4bd0c174
reloadAllAccessors: .CausalityInterfaceFeedback2

===========================================================================================
----------------- testing Fri Jul 20 01:54:17 UTC 2018 /home/travis/build/icyphy/ptII/ptolemy/domains/continuous/test/auto/CompareWithCurrentTime.xml
----------------- Instantiating /home/travis/build/icyphy/ptII/ptolemy/domains/continuous/test/auto/CompareWithCurrentTime.xml
3 ms. Memory: 456704K Free: 421570K (92%)
----------------- Invoking toplevel() on ptolemy.moml.MoMLSimpleApplication@6fe97ebb
----------------- Done invoking toplevel() on ptolemy.moml.MoMLSimpleApplication@6fe97ebb
reloadAllAccessors: .CompareWithCurrentTime

===========================================================================================
----------------- testing Fri Jul 20 01:54:17 UTC 2018 /home/travis/build/icyphy/ptII/ptolemy/domains/continuous/test/auto/ComparedClocks.xml
----------------- Instantiating /home/travis/build/icyphy/ptII/ptolemy/domains/continuous/test/auto/ComparedClocks.xml
9 ms. Memory: 456704K Free: 401518K (88%)
----------------- Invoking toplevel() on ptolemy.moml.MoMLSimpleApplication@2199dbcf
----------------- Done invoking toplevel() on ptolemy.moml.MoMLSimpleApplication@2199dbcf
reloadAllAccessors: .ComparedClocks

===========================================================================================
----------------- testing Fri Jul 20 01:54:17 UTC 2018 /home/travis/build/icyphy/ptII/ptolemy/domains/continuous/test/auto/ContinuousAOCClone.xml
----------------- Instantiating /home/travis/build/icyphy/ptII/ptolemy/domains/continuous/test/auto/ContinuousAOCClone.xml
2398 ms. Memory: 686592K Free: 481920K (70%)
----------------- Invoking toplevel() on ptolemy.moml.MoMLSimpleApplication@6a815d20
----------------- Done invoking toplevel() on ptolemy.moml.MoMLSimpleApplication@6a815d20
reloadAllAccessors: .ContinuousAOCClone

===========================================================================================
----------------- testing Fri Jul 20 01:54:19 UTC 2018 /home/travis/build/icyphy/ptII/ptolemy/domains/continuous/test/auto/ContinuousClock.xml
----------------- Instantiating /home/travis/build/icyphy/ptII/ptolemy/domains/continuous/test/auto/ContinuousClock.xml
31 ms. Memory: 686592K Free: 448247K (65%)
----------------- Invoking toplevel() on ptolemy.moml.MoMLSimpleApplication@9c76771
----------------- Done invoking toplevel() on ptolemy.moml.MoMLSimpleApplication@9c76771
reloadAllAccessors: .ContinuousClock

===========================================================================================
----------------- testing Fri Jul 20 01:54:19 UTC 2018 /home/travis/build/icyphy/ptII/ptolemy/domains/continuous/test/auto/ContinuousInContinuous.xml
----------------- Instantiating /home/travis/build/icyphy/ptII/ptolemy/domains/continuous/test/auto/ContinuousInContinuous.xml
43 ms. Memory: 686592K Free: 420195K (61%)
----------------- Invoking toplevel() on ptolemy.moml.MoMLSimpleApplication@3e14d09
----------------- Done invoking toplevel() on ptolemy.moml.MoMLSimpleApplication@3e14d09
reloadAllAccessors: .ContinuousInContinuous

===========================================================================================
----------------- testing Fri Jul 20 01:54:20 UTC 2018 /home/travis/build/icyphy/ptII/ptolemy/domains/continuous/test/auto/ContinuousInContinuousInContinuous.xml
----------------- Instantiating /home/travis/build/icyphy/ptII/ptolemy/domains/continuous/test/auto/ContinuousInContinuousInContinuous.xml
6 ms. Memory: 686592K Free: 408178K (59%)
----------------- Invoking toplevel() on ptolemy.moml.MoMLSimpleApplication@21a40380
----------------- Done invoking toplevel() on ptolemy.moml.MoMLSimpleApplication@21a40380
reloadAllAccessors: .ContinuousInContinuousInContinuous

===========================================================================================
----------------- testing Fri Jul 20 01:54:20 UTC 2018 /home/travis/build/icyphy/ptII/ptolemy/domains/continuous/test/auto/ContinuousInDE.xml
----------------- Instantiating /home/travis/build/icyphy/ptII/ptolemy/domains/continuous/test/auto/ContinuousInDE.xml
85 ms. Memory: 686592K Free: 389567K (57%)
----------------- Invoking toplevel() on ptolemy.moml.MoMLSimpleApplication@1695bab9
----------------- Done invoking toplevel() on ptolemy.moml.MoMLSimpleApplication@1695bab9
reloadAllAccessors: .ContinuousInDE

===========================================================================================
----------------- testing Fri Jul 20 01:54:20 UTC 2018 /home/travis/build/icyphy/ptII/ptolemy/domains/continuous/test/auto/ContinuousInDE2.xml
----------------- Instantiating /home/travis/build/icyphy/ptII/ptolemy/domains/continuous/test/auto/ContinuousInDE2.xml
65 ms. Memory: 686592K Free: 373558K (54%)
----------------- Invoking toplevel() on ptolemy.moml.MoMLSimpleApplication@63fbc021
----------------- Done invoking toplevel() on ptolemy.moml.MoMLSimpleApplication@63fbc021
reloadAllAccessors: .ContinuousInDE2

===========================================================================================
----------------- testing Fri Jul 20 01:54:20 UTC 2018 /home/travis/build/icyphy/ptII/ptolemy/domains/continuous/test/auto/ContinuousInDE3.xml
----------------- Instantiating /home/travis/build/icyphy/ptII/ptolemy/domains/continuous/test/auto/ContinuousInDE3.xml
49 ms. Memory: 686592K Free: 357556K (52%)
----------------- Invoking toplevel() on ptolemy.moml.MoMLSimpleApplication@785584c5
----------------- Done invoking toplevel() on ptolemy.moml.MoMLSimpleApplication@785584c5
reloadAllAccessors: .ContinuousInDE3

===========================================================================================
----------------- testing Fri Jul 20 01:54:20 UTC 2018 /home/travis/build/icyphy/ptII/ptolemy/domains/continuous/test/auto/ContinuousInDE4.xml
----------------- Instantiating /home/travis/build/icyphy/ptII/ptolemy/domains/continuous/test/auto/ContinuousInDE4.xml
18 ms. Memory: 686592K Free: 342930K (50%)
----------------- Invoking toplevel() on ptolemy.moml.MoMLSimpleApplication@72b98b00
----------------- Done invoking toplevel() on ptolemy.moml.MoMLSimpleApplication@72b98b00
reloadAllAccessors: .ContinuousInDE4

===========================================================================================
----------------- testing Fri Jul 20 01:54:20 UTC 2018 /home/travis/build/icyphy/ptII/ptolemy/domains/continuous/test/auto/ContinuousInDEDifferentRefinements.xml
----------------- Instantiating /home/travis/build/icyphy/ptII/ptolemy/domains/continuous/test/auto/ContinuousInDEDifferentRefinements.xml
70 ms. Memory: 686592K Free: 306862K (45%)
----------------- Invoking toplevel() on ptolemy.moml.MoMLSimpleApplication@15781165
----------------- Done invoking toplevel() on ptolemy.moml.MoMLSimpleApplication@15781165
reloadAllAccessors: .ContinuousInDEDifferentRefinements

===========================================================================================
----------------- testing Fri Jul 20 01:54:20 UTC 2018 /home/travis/build/icyphy/ptII/ptolemy/domains/continuous/test/auto/ContinuousInDEDifferentRefinementsPreemptive.xml
----------------- Instantiating /home/travis/build/icyphy/ptII/ptolemy/domains/continuous/test/auto/ContinuousInDEDifferentRefinementsPreemptive.xml
59 ms. Memory: 686592K Free: 270753K (39%)
----------------- Invoking toplevel() on ptolemy.moml.MoMLSimpleApplication@718e0fe1
----------------- Done invoking toplevel() on ptolemy.moml.MoMLSimpleApplication@718e0fe1
reloadAllAccessors: .ContinuousInDEDifferentRefinementsPreemptive

===========================================================================================
----------------- testing Fri Jul 20 01:54:20 UTC 2018 /home/travis/build/icyphy/ptII/ptolemy/domains/continuous/test/auto/ContinuousInDEInContinuous2.xml
----------------- Instantiating /home/travis/build/icyphy/ptII/ptolemy/domains/continuous/test/auto/ContinuousInDEInContinuous2.xml
46 ms. Memory: 686592K Free: 252127K (37%)
----------------- Invoking toplevel() on ptolemy.moml.MoMLSimpleApplication@36b66460
----------------- Done invoking toplevel() on ptolemy.moml.MoMLSimpleApplication@36b66460
reloadAllAccessors: .ContinuousInDEInContinuous2

===========================================================================================
----------------- testing Fri Jul 20 01:54:20 UTC 2018 /home/travis/build/icyphy/ptII/ptolemy/domains/continuous/test/auto/ContinuousInDEInContinuous3.xml
----------------- Instantiating /home/travis/build/icyphy/ptII/ptolemy/domains/continuous/test/auto/ContinuousInDEInContinuous3.xml
45 ms. Memory: 686592K Free: 232093K (34%)
----------------- Invoking toplevel() on ptolemy.moml.MoMLSimpleApplication@1fdf9582
----------------- Done invoking toplevel() on ptolemy.moml.MoMLSimpleApplication@1fdf9582
reloadAllAccessors: .ContinuousInDEInContinuous3

===========================================================================================
----------------- testing Fri Jul 20 01:54:20 UTC 2018 /home/travis/build/icyphy/ptII/ptolemy/domains/continuous/test/auto/ContinuousInDEInput.xml
----------------- Instantiating /home/travis/build/icyphy/ptII/ptolemy/domains/continuous/test/auto/ContinuousInDEInput.xml
22 ms. Memory: 686592K Free: 220076K (32%)
----------------- Invoking toplevel() on ptolemy.moml.MoMLSimpleApplication@7582f0f9
----------------- Done invoking toplevel() on ptolemy.moml.MoMLSimpleApplication@7582f0f9
reloadAllAccessors: .ContinuousInDEInput

===========================================================================================
----------------- testing Fri Jul 20 01:54:20 UTC 2018 /home/travis/build/icyphy/ptII/ptolemy/domains/continuous/test/auto/ContinuousInDEInput2.xml
----------------- Instantiating /home/travis/build/icyphy/ptII/ptolemy/domains/continuous/test/auto/ContinuousInDEInput2.xml
19 ms. Memory: 686592K Free: 208074K (30%)
----------------- Invoking toplevel() on ptolemy.moml.MoMLSimpleApplication@6fc8d47a
----------------- Done invoking toplevel() on ptolemy.moml.MoMLSimpleApplication@6fc8d47a
reloadAllAccessors: .ContinuousInDEInput2

===========================================================================================
----------------- testing Fri Jul 20 01:54:20 UTC 2018 /home/travis/build/icyphy/ptII/ptolemy/domains/continuous/test/auto/ContinuousInDEInput3.xml
----------------- Instantiating /home/travis/build/icyphy/ptII/ptolemy/domains/continuous/test/auto/ContinuousInDEInput3.xml
18 ms. Memory: 686592K Free: 193464K (28%)
----------------- Invoking toplevel() on ptolemy.moml.MoMLSimpleApplication@395d5f25
----------------- Done invoking toplevel() on ptolemy.moml.MoMLSimpleApplication@395d5f25
reloadAllAccessors: .ContinuousInDEInput3

===========================================================================================
----------------- testing Fri Jul 20 01:54:20 UTC 2018 /home/travis/build/icyphy/ptII/ptolemy/domains/continuous/test/auto/ContinuousInDESharingRefinement.xml
----------------- Instantiating /home/travis/build/icyphy/ptII/ptolemy/domains/continuous/test/auto/ContinuousInDESharingRefinement.xml
185 ms. Memory: 686592K Free: 93220K (14%)
----------------- Invoking toplevel() on ptolemy.moml.MoMLSimpleApplication@4e757986
----------------- Done invoking toplevel() on ptolemy.moml.MoMLSimpleApplication@4e757986
reloadAllAccessors: .ContinuousInDESharingRefinement

===========================================================================================
----------------- testing Fri Jul 20 01:54:21 UTC 2018 /home/travis/build/icyphy/ptII/ptolemy/domains/continuous/test/auto/ContinuousInDEwithNoPorts.xml
----------------- Instantiating /home/travis/build/icyphy/ptII/ptolemy/domains/continuous/test/auto/ContinuousInDEwithNoPorts.xml
5 ms. Memory: 686592K Free: 85219K (12%)
----------------- Invoking toplevel() on ptolemy.moml.MoMLSimpleApplication@7ea7f316
----------------- Done invoking toplevel() on ptolemy.moml.MoMLSimpleApplication@7ea7f316
reloadAllAccessors: .ContinuousInDEwithNoPorts

===========================================================================================
----------------- testing Fri Jul 20 01:54:21 UTC 2018 /home/travis/build/icyphy/ptII/ptolemy/domains/continuous/test/auto/ContinuousInsideDE.xml
----------------- Instantiating /home/travis/build/icyphy/ptII/ptolemy/domains/continuous/test/auto/ContinuousInsideDE.xml
60 ms. Memory: 653824K Free: 635044K (97%)
----------------- Invoking toplevel() on ptolemy.moml.MoMLSimpleApplication@2e5ef71f
----------------- Done invoking toplevel() on ptolemy.moml.MoMLSimpleApplication@2e5ef71f
reloadAllAccessors: .ContinuousInsideDE

===========================================================================================
----------------- testing Fri Jul 20 01:54:21 UTC 2018 /home/travis/build/icyphy/ptII/ptolemy/domains/continuous/test/auto/ContinuousMerge1.xml
----------------- Instantiating /home/travis/build/icyphy/ptII/ptolemy/domains/continuous/test/auto/ContinuousMerge1.xml
3 ms. Memory: 653824K Free: 623729K (95%)
----------------- Invoking toplevel() on ptolemy.moml.MoMLSimpleApplication@67fe526d
----------------- Done invoking toplevel() on ptolemy.moml.MoMLSimpleApplication@67fe526d
reloadAllAccessors: .ContinuousMerge1

===========================================================================================
----------------- testing Fri Jul 20 01:54:21 UTC 2018 /home/travis/build/icyphy/ptII/ptolemy/domains/continuous/test/auto/ContinuousMerge2.xml
----------------- Instantiating /home/travis/build/icyphy/ptII/ptolemy/domains/continuous/test/auto/ContinuousMerge2.xml
16 ms. Memory: 653824K Free: 608421K (93%)
----------------- Invoking toplevel() on ptolemy.moml.MoMLSimpleApplication@2eced6ad
----------------- Done invoking toplevel() on ptolemy.moml.MoMLSimpleApplication@2eced6ad
reloadAllAccessors: .ContinuousMerge2

===========================================================================================
----------------- testing Fri Jul 20 01:54:21 UTC 2018 /home/travis/build/icyphy/ptII/ptolemy/domains/continuous/test/auto/ContinuousMerge3.xml
----------------- Instantiating /home/travis/build/icyphy/ptII/ptolemy/domains/continuous/test/auto/ContinuousMerge3.xml
59 ms. Memory: 653824K Free: 591447K (90%)
----------------- Invoking toplevel() on ptolemy.moml.MoMLSimpleApplication@e1da3a3
----------------- Done invoking toplevel() on ptolemy.moml.MoMLSimpleApplication@e1da3a3
reloadAllAccessors: .ContinuousMerge3

===========================================================================================
----------------- testing Fri Jul 20 01:54:21 UTC 2018 /home/travis/build/icyphy/ptII/ptolemy/domains/continuous/test/auto/ContinuousWithinContinuous.xml
----------------- Instantiating /home/travis/build/icyphy/ptII/ptolemy/domains/continuous/test/auto/ContinuousWithinContinuous.xml
50 ms. Memory: 653824K Free: 576196K (88%)
----------------- Invoking toplevel() on ptolemy.moml.MoMLSimpleApplication@76a0f2c3
----------------- Done invoking toplevel() on ptolemy.moml.MoMLSimpleApplication@76a0f2c3
reloadAllAccessors: .ContinuousWithinContinuous

===========================================================================================
----------------- testing Fri Jul 20 01:54:21 UTC 2018 /home/travis/build/icyphy/ptII/ptolemy/domains/continuous/test/auto/ContinuousWithinContinuous2.xml
----------------- Instantiating /home/travis/build/icyphy/ptII/ptolemy/domains/continuous/test/auto/ContinuousWithinContinuous2.xml
96 ms. Memory: 653824K Free: 563051K (86%)
----------------- Invoking toplevel() on ptolemy.moml.MoMLSimpleApplication@700aa6ac
----------------- Done invoking toplevel() on ptolemy.moml.MoMLSimpleApplication@700aa6ac
reloadAllAccessors: .ContinuousWithinContinuous2

===========================================================================================
----------------- testing Fri Jul 20 01:54:21 UTC 2018 /home/travis/build/icyphy/ptII/ptolemy/domains/continuous/test/auto/ContinuousWithinContinuous3.xml
----------------- Instantiating /home/travis/build/icyphy/ptII/ptolemy/domains/continuous/test/auto/ContinuousWithinContinuous3.xml
17 ms. Memory: 653824K Free: 551597K (84%)
----------------- Invoking toplevel() on ptolemy.moml.MoMLSimpleApplication@2d796e99
----------------- Done invoking toplevel() on ptolemy.moml.MoMLSimpleApplication@2d796e99
reloadAllAccessors: .ContinuousWithinContinuous3

===========================================================================================
----------------- testing Fri Jul 20 01:54:21 UTC 2018 /home/travis/build/icyphy/ptII/ptolemy/domains/continuous/test/auto/ContinuousWithinContinuous4.xml
----------------- Instantiating /home/travis/build/icyphy/ptII/ptolemy/domains/continuous/test/auto/ContinuousWithinContinuous4.xml
97 ms. Memory: 653824K Free: 530826K (81%)
----------------- Invoking toplevel() on ptolemy.moml.MoMLSimpleApplication@3c2bffd0
----------------- Done invoking toplevel() on ptolemy.moml.MoMLSimpleApplication@3c2bffd0
reloadAllAccessors: .ContinuousWithinContinuous4

===========================================================================================
----------------- testing Fri Jul 20 01:54:21 UTC 2018 /home/travis/build/icyphy/ptII/ptolemy/domains/continuous/test/auto/ContinuousWithinContinuous5.xml
----------------- Instantiating /home/travis/build/icyphy/ptII/ptolemy/domains/continuous/test/auto/ContinuousWithinContinuous5.xml
25 ms. Memory: 653824K Free: 519372K (79%)
----------------- Invoking toplevel() on ptolemy.moml.MoMLSimpleApplication@4d90c8e7
----------------- Done invoking toplevel() on ptolemy.moml.MoMLSimpleApplication@4d90c8e7
reloadAllAccessors: .ContinuousWithinContinuous5

===========================================================================================
----------------- testing Fri Jul 20 01:54:21 UTC 2018 /home/travis/build/icyphy/ptII/ptolemy/domains/continuous/test/auto/ContinuousWithinContinuous6.xml
----------------- Instantiating /home/travis/build/icyphy/ptII/ptolemy/domains/continuous/test/auto/ContinuousWithinContinuous6.xml
15 ms. Memory: 653824K Free: 506210K (77%)
----------------- Invoking toplevel() on ptolemy.moml.MoMLSimpleApplication@31488789
----------------- Done invoking toplevel() on ptolemy.moml.MoMLSimpleApplication@31488789
reloadAllAccessors: .ContinuousWithinContinuous6

===========================================================================================
----------------- testing Fri Jul 20 01:54:21 UTC 2018 /home/travis/build/icyphy/ptII/ptolemy/domains/continuous/test/auto/ContinuousWithinContinuous7.xml
----------------- Instantiating /home/travis/build/icyphy/ptII/ptolemy/domains/continuous/test/auto/ContinuousWithinContinuous7.xml
80 ms. Memory: 653824K Free: 494772K (76%)
----------------- Invoking toplevel() on ptolemy.moml.MoMLSimpleApplication@2e3fa3a
----------------- Done invoking toplevel() on ptolemy.moml.MoMLSimpleApplication@2e3fa3a
reloadAllAccessors: .ContinuousWithinContinuous7

===========================================================================================
----------------- testing Fri Jul 20 01:54:22 UTC 2018 /home/travis/build/icyphy/ptII/ptolemy/domains/continuous/test/auto/DCMotor.xml
----------------- Instantiating /home/travis/build/icyphy/ptII/ptolemy/domains/continuous/test/auto/DCMotor.xml
17409 ms. Memory: 496640K Free: 443423K (89%)
----------------- Invoking toplevel() on ptolemy.moml.MoMLSimpleApplication@4aa35cd2
----------------- Done invoking toplevel() on ptolemy.moml.MoMLSimpleApplication@4aa35cd2
reloadAllAccessors: .DCMotor

===========================================================================================
----------------- testing Fri Jul 20 01:54:39 UTC 2018 /home/travis/build/icyphy/ptII/ptolemy/domains/continuous/test/auto/DEInContinuous.xml
----------------- Instantiating /home/travis/build/icyphy/ptII/ptolemy/domains/continuous/test/auto/DEInContinuous.xml
12 ms. Memory: 496640K Free: 424638K (86%)
----------------- Invoking toplevel() on ptolemy.moml.MoMLSimpleApplication@58bfec70
----------------- Done invoking toplevel() on ptolemy.moml.MoMLSimpleApplication@58bfec70
reloadAllAccessors: .DEInContinuous

===========================================================================================
----------------- testing Fri Jul 20 01:54:39 UTC 2018 /home/travis/build/icyphy/ptII/ptolemy/domains/continuous/test/auto/DEinContinuous2.xml
----------------- Instantiating /home/travis/build/icyphy/ptII/ptolemy/domains/continuous/test/auto/DEinContinuous2.xml
7 ms. Memory: 496640K Free: 407435K (82%)
----------------- Invoking toplevel() on ptolemy.moml.MoMLSimpleApplication@212cc887
----------------- Done invoking toplevel() on ptolemy.moml.MoMLSimpleApplication@212cc887
reloadAllAccessors: .DEinContinuous2

===========================================================================================
----------------- testing Fri Jul 20 01:54:39 UTC 2018 /home/travis/build/icyphy/ptII/ptolemy/domains/continuous/test/auto/Derivative.xml
----------------- Instantiating /home/travis/build/icyphy/ptII/ptolemy/domains/continuous/test/auto/Derivative.xml
176 ms. Memory: 496640K Free: 365669K (74%)
----------------- Invoking toplevel() on ptolemy.moml.MoMLSimpleApplication@4262fc8f
----------------- Done invoking toplevel() on ptolemy.moml.MoMLSimpleApplication@4262fc8f
reloadAllAccessors: .Derivative2

===========================================================================================
----------------- testing Fri Jul 20 01:54:39 UTC 2018 /home/travis/build/icyphy/ptII/ptolemy/domains/continuous/test/auto/Derivative1.xml
----------------- Instantiating /home/travis/build/icyphy/ptII/ptolemy/domains/continuous/test/auto/Derivative1.xml
17 ms. Memory: 496640K Free: 340285K (69%)
----------------- Invoking toplevel() on ptolemy.moml.MoMLSimpleApplication@371d1ca0
----------------- Done invoking toplevel() on ptolemy.moml.MoMLSimpleApplication@371d1ca0
reloadAllAccessors: .Derivative1

===========================================================================================
----------------- testing Fri Jul 20 01:54:39 UTC 2018 /home/travis/build/icyphy/ptII/ptolemy/domains/continuous/test/auto/DiscreteClock.xml
----------------- Instantiating /home/travis/build/icyphy/ptII/ptolemy/domains/continuous/test/auto/DiscreteClock.xml
4 ms. Memory: 496640K Free: 323082K (65%)
----------------- Invoking toplevel() on ptolemy.moml.MoMLSimpleApplication@1a348ba8
----------------- Done invoking toplevel() on ptolemy.moml.MoMLSimpleApplication@1a348ba8
reloadAllAccessors: .DiscreteClock

===========================================================================================
----------------- testing Fri Jul 20 01:54:39 UTC 2018 /home/travis/build/icyphy/ptII/ptolemy/domains/continuous/test/auto/EfficiencyCurve.xml
----------------- Instantiating /home/travis/build/icyphy/ptII/ptolemy/domains/continuous/test/auto/EfficiencyCurve.xml
100 ms. Memory: 496640K Free: 305879K (62%)
----------------- Invoking toplevel() on ptolemy.moml.MoMLSimpleApplication@3ffd67ab
----------------- Done invoking toplevel() on ptolemy.moml.MoMLSimpleApplication@3ffd67ab
reloadAllAccessors: .EfficiencyCurve

===========================================================================================
----------------- testing Fri Jul 20 01:54:40 UTC 2018 /home/travis/build/icyphy/ptII/ptolemy/domains/continuous/test/auto/ExponentialResponse.xml
----------------- Instantiating /home/travis/build/icyphy/ptII/ptolemy/domains/continuous/test/auto/ExponentialResponse.xml
131 ms. Memory: 496640K Free: 276404K (56%)
----------------- Invoking toplevel() on ptolemy.moml.MoMLSimpleApplication@441a9f25
----------------- Done invoking toplevel() on ptolemy.moml.MoMLSimpleApplication@441a9f25
reloadAllAccessors: .ExponentialResponse

===========================================================================================
----------------- testing Fri Jul 20 01:54:40 UTC 2018 /home/travis/build/icyphy/ptII/ptolemy/domains/continuous/test/auto/ExponentialResponseRK45.xml
----------------- Instantiating /home/travis/build/icyphy/ptII/ptolemy/domains/continuous/test/auto/ExponentialResponseRK45.xml
31 ms. Memory: 496640K Free: 259201K (52%)
----------------- Invoking toplevel() on ptolemy.moml.MoMLSimpleApplication@2ec90738
----------------- Done invoking toplevel() on ptolemy.moml.MoMLSimpleApplication@2ec90738
reloadAllAccessors: .ExponentialResponseRK45

===========================================================================================
----------------- testing Fri Jul 20 01:54:40 UTC 2018 /home/travis/build/icyphy/ptII/ptolemy/domains/continuous/test/auto/Friction.xml
----------------- Instantiating /home/travis/build/icyphy/ptII/ptolemy/domains/continuous/test/auto/Friction.xml
1640 ms. Memory: 473088K Free: 201945K (43%)
----------------- Invoking toplevel() on ptolemy.moml.MoMLSimpleApplication@34f89a98
----------------- Done invoking toplevel() on ptolemy.moml.MoMLSimpleApplication@34f89a98
reloadAllAccessors: .Friction

===========================================================================================
----------------- testing Fri Jul 20 01:54:41 UTC 2018 /home/travis/build/icyphy/ptII/ptolemy/domains/continuous/test/auto/FurutaPendulum.xml
----------------- Instantiating /home/travis/build/icyphy/ptII/ptolemy/domains/continuous/test/auto/FurutaPendulum.xml
3059 ms. Memory: 436736K Free: 403477K (92%)
----------------- Invoking toplevel() on ptolemy.moml.MoMLSimpleApplication@114397a9
----------------- Done invoking toplevel() on ptolemy.moml.MoMLSimpleApplication@114397a9
reloadAllAccessors: .FurutaPendulum

===========================================================================================
----------------- testing Fri Jul 20 01:54:45 UTC 2018 /home/travis/build/icyphy/ptII/ptolemy/domains/continuous/test/auto/HierarchicalExecution.xml
----------------- Instantiating /home/travis/build/icyphy/ptII/ptolemy/domains/continuous/test/auto/HierarchicalExecution.xml
1724 ms. Memory: 436736K Free: 108809K (25%)
----------------- Invoking toplevel() on ptolemy.moml.MoMLSimpleApplication@4c9a724d
----------------- Done invoking toplevel() on ptolemy.moml.MoMLSimpleApplication@4c9a724d
reloadAllAccessors: .HierarchicalExecution

===========================================================================================
----------------- testing Fri Jul 20 01:54:47 UTC 2018 /home/travis/build/icyphy/ptII/ptolemy/domains/continuous/test/auto/HybridPlant.xml
----------------- Instantiating /home/travis/build/icyphy/ptII/ptolemy/domains/continuous/test/auto/HybridPlant.xml
580 ms. Memory: 426496K Free: 179428K (42%)
----------------- Invoking toplevel() on ptolemy.moml.MoMLSimpleApplication@66e64af0
----------------- Done invoking toplevel() on ptolemy.moml.MoMLSimpleApplication@66e64af0
reloadAllAccessors: .HybridPlant

===========================================================================================
----------------- testing Fri Jul 20 01:54:47 UTC 2018 /home/travis/build/icyphy/ptII/ptolemy/domains/continuous/test/auto/Hysteresis.xml
----------------- Instantiating /home/travis/build/icyphy/ptII/ptolemy/domains/continuous/test/auto/Hysteresis.xml
177 ms. Memory: 426496K Free: 113720K (27%)
----------------- Invoking toplevel() on ptolemy.moml.MoMLSimpleApplication@7fbde6bc
----------------- Done invoking toplevel() on ptolemy.moml.MoMLSimpleApplication@7fbde6bc
reloadAllAccessors: .Hysteresis

===========================================================================================
----------------- testing Fri Jul 20 01:54:48 UTC 2018 /home/travis/build/icyphy/ptII/ptolemy/domains/continuous/test/auto/HysteresisWithRandomDelay.xml
----------------- Instantiating /home/travis/build/icyphy/ptII/ptolemy/domains/continuous/test/auto/HysteresisWithRandomDelay.xml
190 ms. Memory: 406016K Free: 353205K (87%)
----------------- Invoking toplevel() on ptolemy.moml.MoMLSimpleApplication@29b91952
----------------- Done invoking toplevel() on ptolemy.moml.MoMLSimpleApplication@29b91952
reloadAllAccessors: .HysteresisWithRandomDelay

===========================================================================================
----------------- testing Fri Jul 20 01:54:48 UTC 2018 /home/travis/build/icyphy/ptII/ptolemy/domains/continuous/test/auto/HysteresisWithRandomLosses.xml
----------------- Instantiating /home/travis/build/icyphy/ptII/ptolemy/domains/continuous/test/auto/HysteresisWithRandomLosses.xml
2722 ms. Memory: 377344K Free: 190326K (50%)
----------------- Invoking toplevel() on ptolemy.moml.MoMLSimpleApplication@519c1751
----------------- Done invoking toplevel() on ptolemy.moml.MoMLSimpleApplication@519c1751
reloadAllAccessors: .HysteresisWithRandomLosses

===========================================================================================
----------------- testing Fri Jul 20 01:54:51 UTC 2018 /home/travis/build/icyphy/ptII/ptolemy/domains/continuous/test/auto/ImmediateTransitions.xml
----------------- Instantiating /home/travis/build/icyphy/ptII/ptolemy/domains/continuous/test/auto/ImmediateTransitions.xml
10 ms. Memory: 377344K Free: 176619K (47%)
----------------- Invoking toplevel() on ptolemy.moml.MoMLSimpleApplication@1ac106b5
----------------- Done invoking toplevel() on ptolemy.moml.MoMLSimpleApplication@1ac106b5
reloadAllAccessors: .ImmediateTransitions

===========================================================================================
----------------- testing Fri Jul 20 01:54:51 UTC 2018 /home/travis/build/icyphy/ptII/ptolemy/domains/continuous/test/auto/ImpulseFeedback.xml
----------------- Instantiating /home/travis/build/icyphy/ptII/ptolemy/domains/continuous/test/auto/ImpulseFeedback.xml
12 ms. Memory: 377344K Free: 167855K (44%)
----------------- Invoking toplevel() on ptolemy.moml.MoMLSimpleApplication@26a9b2c9
----------------- Done invoking toplevel() on ptolemy.moml.MoMLSimpleApplication@26a9b2c9
reloadAllAccessors: .ImpulseFeedback

===========================================================================================
----------------- testing Fri Jul 20 01:54:51 UTC 2018 /home/travis/build/icyphy/ptII/ptolemy/domains/continuous/test/auto/ImpulseFeedback2.xml
----------------- Instantiating /home/travis/build/icyphy/ptII/ptolemy/domains/continuous/test/auto/ImpulseFeedback2.xml
6 ms. Memory: 377344K Free: 159093K (42%)
----------------- Invoking toplevel() on ptolemy.moml.MoMLSimpleApplication@32a000d7
----------------- Done invoking toplevel() on ptolemy.moml.MoMLSimpleApplication@32a000d7
reloadAllAccessors: .ImpulseFeedback2

===========================================================================================
----------------- testing Fri Jul 20 01:54:51 UTC 2018 /home/travis/build/icyphy/ptII/ptolemy/domains/continuous/test/auto/IncreasingRatePoisson.xml
----------------- Instantiating /home/travis/build/icyphy/ptII/ptolemy/domains/continuous/test/auto/IncreasingRatePoisson.xml
796 ms. Memory: 369152K Free: 131286K (36%)
----------------- Invoking toplevel() on ptolemy.moml.MoMLSimpleApplication@6f3e8ba3
----------------- Done invoking toplevel() on ptolemy.moml.MoMLSimpleApplication@6f3e8ba3
reloadAllAccessors: .IncreasingRatePoisson

===========================================================================================
----------------- testing Fri Jul 20 01:54:52 UTC 2018 /home/travis/build/icyphy/ptII/ptolemy/domains/continuous/test/auto/InitialStateFeedback.xml
----------------- Instantiating /home/travis/build/icyphy/ptII/ptolemy/domains/continuous/test/auto/InitialStateFeedback.xml
8 ms. Memory: 369152K Free: 123708K (34%)
----------------- Invoking toplevel() on ptolemy.moml.MoMLSimpleApplication@1232765d
----------------- Done invoking toplevel() on ptolemy.moml.MoMLSimpleApplication@1232765d
reloadAllAccessors: .InitialStateFeedback

===========================================================================================
----------------- testing Fri Jul 20 01:54:52 UTC 2018 /home/travis/build/icyphy/ptII/ptolemy/domains/continuous/test/auto/Integration.xml
----------------- Instantiating /home/travis/build/icyphy/ptII/ptolemy/domains/continuous/test/auto/Integration.xml
6 ms. Memory: 369152K Free: 117228K (32%)
----------------- Invoking toplevel() on ptolemy.moml.MoMLSimpleApplication@7a696f05
----------------- Done invoking toplevel() on ptolemy.moml.MoMLSimpleApplication@7a696f05
reloadAllAccessors: .Integration

===========================================================================================
----------------- testing Fri Jul 20 01:54:52 UTC 2018 /home/travis/build/icyphy/ptII/ptolemy/domains/continuous/test/auto/Integration2.xml
----------------- Instantiating /home/travis/build/icyphy/ptII/ptolemy/domains/continuous/test/auto/Integration2.xml
92 ms. Memory: 369152K Free: 101254K (27%)
----------------- Invoking toplevel() on ptolemy.moml.MoMLSimpleApplication@7478e862
----------------- Done invoking toplevel() on ptolemy.moml.MoMLSimpleApplication@7478e862
reloadAllAccessors: .Integration2

===========================================================================================
----------------- testing Fri Jul 20 01:54:52 UTC 2018 /home/travis/build/icyphy/ptII/ptolemy/domains/continuous/test/auto/Integration3.xml
----------------- Instantiating /home/travis/build/icyphy/ptII/ptolemy/domains/continuous/test/auto/Integration3.xml
2 ms. Memory: 369152K Free: 94788K (26%)
----------------- Invoking toplevel() on ptolemy.moml.MoMLSimpleApplication@774450e2
----------------- Done invoking toplevel() on ptolemy.moml.MoMLSimpleApplication@774450e2
reloadAllAccessors: .Integration3

===========================================================================================
----------------- testing Fri Jul 20 01:54:52 UTC 2018 /home/travis/build/icyphy/ptII/ptolemy/domains/continuous/test/auto/Integration5.xml
----------------- Instantiating /home/travis/build/icyphy/ptII/ptolemy/domains/continuous/test/auto/Integration5.xml
3 ms. Memory: 369152K Free: 88244K (24%)
----------------- Invoking toplevel() on ptolemy.moml.MoMLSimpleApplication@503e822e
----------------- Done invoking toplevel() on ptolemy.moml.MoMLSimpleApplication@503e822e
reloadAllAccessors: .Integration5

===========================================================================================
----------------- testing Fri Jul 20 01:54:52 UTC 2018 /home/travis/build/icyphy/ptII/ptolemy/domains/continuous/test/auto/IntegratorImpulse.xml
----------------- Instantiating /home/travis/build/icyphy/ptII/ptolemy/domains/continuous/test/auto/IntegratorImpulse.xml
3 ms. Memory: 369152K Free: 81683K (22%)
----------------- Invoking toplevel() on ptolemy.moml.MoMLSimpleApplication@707792e3
----------------- Done invoking toplevel() on ptolemy.moml.MoMLSimpleApplication@707792e3
reloadAllAccessors: .IntegratorImpulse

===========================================================================================
----------------- testing Fri Jul 20 01:54:52 UTC 2018 /home/travis/build/icyphy/ptII/ptolemy/domains/continuous/test/auto/IntegratorImpulse2.xml
----------------- Instantiating /home/travis/build/icyphy/ptII/ptolemy/domains/continuous/test/auto/IntegratorImpulse2.xml
4 ms. Memory: 369152K Free: 75203K (20%)
----------------- Invoking toplevel() on ptolemy.moml.MoMLSimpleApplication@7a505554
----------------- Done invoking toplevel() on ptolemy.moml.MoMLSimpleApplication@7a505554
reloadAllAccessors: .IntegratorImpulse2

===========================================================================================
----------------- testing Fri Jul 20 01:54:52 UTC 2018 /home/travis/build/icyphy/ptII/ptolemy/domains/continuous/test/auto/LevelCrossing1.xml
----------------- Instantiating /home/travis/build/icyphy/ptII/ptolemy/domains/continuous/test/auto/LevelCrossing1.xml
2 ms. Memory: 369152K Free: 68643K (19%)
----------------- Invoking toplevel() on ptolemy.moml.MoMLSimpleApplication@3c0d9b1f
----------------- Done invoking toplevel() on ptolemy.moml.MoMLSimpleApplication@3c0d9b1f
reloadAllAccessors: .LevelCrossing1

===========================================================================================
----------------- testing Fri Jul 20 01:54:52 UTC 2018 /home/travis/build/icyphy/ptII/ptolemy/domains/continuous/test/auto/LevelCrossing2.xml
----------------- Instantiating /home/travis/build/icyphy/ptII/ptolemy/domains/continuous/test/auto/LevelCrossing2.xml
10 ms. Memory: 351744K Free: 327649K (93%)
----------------- Invoking toplevel() on ptolemy.moml.MoMLSimpleApplication@7f06e0
----------------- Done invoking toplevel() on ptolemy.moml.MoMLSimpleApplication@7f06e0
reloadAllAccessors: .LevelCrossing2

===========================================================================================
----------------- testing Fri Jul 20 01:54:52 UTC 2018 /home/travis/build/icyphy/ptII/ptolemy/domains/continuous/test/auto/LevelCrossing3.xml
----------------- Instantiating /home/travis/build/icyphy/ptII/ptolemy/domains/continuous/test/auto/LevelCrossing3.xml
3 ms. Memory: 351744K Free: 318572K (91%)
----------------- Invoking toplevel() on ptolemy.moml.MoMLSimpleApplication@3db231d7
----------------- Done invoking toplevel() on ptolemy.moml.MoMLSimpleApplication@3db231d7
reloadAllAccessors: .LevelCrossing3

===========================================================================================
----------------- testing Fri Jul 20 01:54:52 UTC 2018 /home/travis/build/icyphy/ptII/ptolemy/domains/continuous/test/auto/LevelCrossing4.xml
----------------- Instantiating /home/travis/build/icyphy/ptII/ptolemy/domains/continuous/test/auto/LevelCrossing4.xml
3 ms. Memory: 351744K Free: 310515K (88%)
----------------- Invoking toplevel() on ptolemy.moml.MoMLSimpleApplication@32861a5f
----------------- Done invoking toplevel() on ptolemy.moml.MoMLSimpleApplication@32861a5f
reloadAllAccessors: .LevelCrossing4

===========================================================================================
----------------- testing Fri Jul 20 01:54:52 UTC 2018 /home/travis/build/icyphy/ptII/ptolemy/domains/continuous/test/auto/LevelCrossing5.xml
----------------- Instantiating /home/travis/build/icyphy/ptII/ptolemy/domains/continuous/test/auto/LevelCrossing5.xml
3 ms. Memory: 351744K Free: 302357K (86%)
----------------- Invoking toplevel() on ptolemy.moml.MoMLSimpleApplication@426165a3
----------------- Done invoking toplevel() on ptolemy.moml.MoMLSimpleApplication@426165a3
reloadAllAccessors: .LevelCrossing5

===========================================================================================
----------------- testing Fri Jul 20 01:54:52 UTC 2018 /home/travis/build/icyphy/ptII/ptolemy/domains/continuous/test/auto/LevelCrossing6.xml
----------------- Instantiating /home/travis/build/icyphy/ptII/ptolemy/domains/continuous/test/auto/LevelCrossing6.xml
2 ms. Memory: 351744K Free: 294317K (84%)
[...]
----------------- testing Fri Jul 20 01:55:11 UTC 2018 /home/travis/build/icyphy/ptII/ptolemy/domains/continuous/test/auto/ResetTransitionWithStartTime6.xml
----------------- Instantiating /home/travis/build/icyphy/ptII/ptolemy/domains/continuous/test/auto/ResetTransitionWithStartTime6.xml
12 ms. Memory: 519168K Free: 90031K (17%)
----------------- Invoking toplevel() on ptolemy.moml.MoMLSimpleApplication@779c5a08
----------------- Done invoking toplevel() on ptolemy.moml.MoMLSimpleApplication@779c5a08
reloadAllAccessors: .ResetTransitionWithStartTime6

===========================================================================================
----------------- testing Fri Jul 20 01:55:11 UTC 2018 /home/travis/build/icyphy/ptII/ptolemy/domains/continuous/test/auto/SRinContinuous.xml
----------------- Instantiating /home/travis/build/icyphy/ptII/ptolemy/domains/continuous/test/auto/SRinContinuous.xml
5 ms. Memory: 519168K Free: 77499K (15%)
----------------- Invoking toplevel() on ptolemy.moml.MoMLSimpleApplication@1a0d132b
----------------- Done invoking toplevel() on ptolemy.moml.MoMLSimpleApplication@1a0d132b
reloadAllAccessors: .SRinContinuous

===========================================================================================
----------------- testing Fri Jul 20 01:55:11 UTC 2018 /home/travis/build/icyphy/ptII/ptolemy/domains/continuous/test/auto/SampledClocks.xml
----------------- Instantiating /home/travis/build/icyphy/ptII/ptolemy/domains/continuous/test/auto/SampledClocks.xml
4 ms. Memory: 519168K Free: 64873K (12%)
----------------- Invoking toplevel() on ptolemy.moml.MoMLSimpleApplication@3d751990
----------------- Done invoking toplevel() on ptolemy.moml.MoMLSimpleApplication@3d751990
reloadAllAccessors: .SampledClocks

===========================================================================================
----------------- testing Fri Jul 20 01:55:11 UTC 2018 /home/travis/build/icyphy/ptII/ptolemy/domains/continuous/test/auto/Satellite.xml
----------------- Instantiating /home/travis/build/icyphy/ptII/ptolemy/domains/continuous/test/auto/Satellite.xml
711 ms. Memory: 499200K Free: 294554K (59%)
----------------- Invoking toplevel() on ptolemy.moml.MoMLSimpleApplication@4b48c5a7
----------------- Done invoking toplevel() on ptolemy.moml.MoMLSimpleApplication@4b48c5a7
reloadAllAccessors: .Satellite

===========================================================================================
----------------- testing Fri Jul 20 01:55:12 UTC 2018 /home/travis/build/icyphy/ptII/ptolemy/domains/continuous/test/auto/SigmaDelta.xml
----------------- Instantiating /home/travis/build/icyphy/ptII/ptolemy/domains/continuous/test/auto/SigmaDelta.xml
2256 ms. Memory: 485376K Free: 314104K (65%)
----------------- Invoking toplevel() on ptolemy.moml.MoMLSimpleApplication@44b7ba19
----------------- Done invoking toplevel() on ptolemy.moml.MoMLSimpleApplication@44b7ba19
reloadAllAccessors: .SigmaDelta

===========================================================================================
----------------- testing Fri Jul 20 01:55:14 UTC 2018 /home/travis/build/icyphy/ptII/ptolemy/domains/continuous/test/auto/SinuBouncingBall.xml
----------------- Instantiating /home/travis/build/icyphy/ptII/ptolemy/domains/continuous/test/auto/SinuBouncingBall.xml
650 ms. Memory: 485376K Free: 86077K (18%)
----------------- Invoking toplevel() on ptolemy.moml.MoMLSimpleApplication@12960bed
----------------- Done invoking toplevel() on ptolemy.moml.MoMLSimpleApplication@12960bed
reloadAllAccessors: .SinuBouncingBall

===========================================================================================
----------------- testing Fri Jul 20 01:55:15 UTC 2018 /home/travis/build/icyphy/ptII/ptolemy/domains/continuous/test/auto/Sinusoid.xml
----------------- Instantiating /home/travis/build/icyphy/ptII/ptolemy/domains/continuous/test/auto/Sinusoid.xml
6 ms. Memory: 485376K Free: 79173K (16%)
----------------- Invoking toplevel() on ptolemy.moml.MoMLSimpleApplication@300ae11
----------------- Done invoking toplevel() on ptolemy.moml.MoMLSimpleApplication@300ae11
reloadAllAccessors: .Sinusoid

===========================================================================================
----------------- testing Fri Jul 20 01:55:15 UTC 2018 /home/travis/build/icyphy/ptII/ptolemy/domains/continuous/test/auto/SinusoidInNoise.xml
----------------- Instantiating /home/travis/build/icyphy/ptII/ptolemy/domains/continuous/test/auto/SinusoidInNoise.xml
1152 ms. Memory: 462848K Free: 251286K (54%)
----------------- Invoking toplevel() on ptolemy.moml.MoMLSimpleApplication@22f1e26c
----------------- Done invoking toplevel() on ptolemy.moml.MoMLSimpleApplication@22f1e26c
reloadAllAccessors: .SinusoidInNoise

===========================================================================================
----------------- testing Fri Jul 20 01:55:16 UTC 2018 /home/travis/build/icyphy/ptII/ptolemy/domains/continuous/test/auto/SinusoidRK45.xml
----------------- Instantiating /home/travis/build/icyphy/ptII/ptolemy/domains/continuous/test/auto/SinusoidRK45.xml
2 ms. Memory: 462848K Free: 243520K (53%)
----------------- Invoking toplevel() on ptolemy.moml.MoMLSimpleApplication@583125a5
----------------- Done invoking toplevel() on ptolemy.moml.MoMLSimpleApplication@583125a5
reloadAllAccessors: .SinusoidRK45

===========================================================================================
----------------- testing Fri Jul 20 01:55:16 UTC 2018 /home/travis/build/icyphy/ptII/ptolemy/domains/continuous/test/auto/SinusoidWithMultipleImpulses.xml
----------------- Instantiating /home/travis/build/icyphy/ptII/ptolemy/domains/continuous/test/auto/SinusoidWithMultipleImpulses.xml
3 ms. Memory: 462848K Free: 236884K (51%)
----------------- Invoking toplevel() on ptolemy.moml.MoMLSimpleApplication@42d17fe6
----------------- Done invoking toplevel() on ptolemy.moml.MoMLSimpleApplication@42d17fe6
reloadAllAccessors: .SinusoidWithMultipleImpulses

===========================================================================================
----------------- testing Fri Jul 20 01:55:16 UTC 2018 /home/travis/build/icyphy/ptII/ptolemy/domains/continuous/test/auto/SquareWave.xml
----------------- Instantiating /home/travis/build/icyphy/ptII/ptolemy/domains/continuous/test/auto/SquareWave.xml
158 ms. Memory: 462848K Free: 209363K (45%)
----------------- Invoking toplevel() on ptolemy.moml.MoMLSimpleApplication@423d7ae5
----------------- Done invoking toplevel() on ptolemy.moml.MoMLSimpleApplication@423d7ae5
reloadAllAccessors: .SquareWave

===========================================================================================
----------------- testing Fri Jul 20 01:55:16 UTC 2018 /home/travis/build/icyphy/ptII/ptolemy/domains/continuous/test/auto/Starmac.xml
----------------- Instantiating /home/travis/build/icyphy/ptII/ptolemy/domains/continuous/test/auto/Starmac.xml
3082 ms. Memory: 448512K Free: 208028K (46%)
----------------- Invoking toplevel() on ptolemy.moml.MoMLSimpleApplication@38b3e191
----------------- Done invoking toplevel() on ptolemy.moml.MoMLSimpleApplication@38b3e191
reloadAllAccessors: .Starmac

===========================================================================================
----------------- testing Fri Jul 20 01:55:20 UTC 2018 /home/travis/build/icyphy/ptII/ptolemy/domains/continuous/test/auto/StaticUnits.xml
----------------- Instantiating /home/travis/build/icyphy/ptII/ptolemy/domains/continuous/test/auto/StaticUnits.xml
2113 ms. Memory: 403456K Free: 131186K (33%)
----------------- Invoking toplevel() on ptolemy.moml.MoMLSimpleApplication@4694b726
----------------- Done invoking toplevel() on ptolemy.moml.MoMLSimpleApplication@4694b726
reloadAllAccessors: .StaticUnits

===========================================================================================
----------------- testing Fri Jul 20 01:55:22 UTC 2018 /home/travis/build/icyphy/ptII/ptolemy/domains/continuous/test/auto/StickyMasses.xml
----------------- Instantiating /home/travis/build/icyphy/ptII/ptolemy/domains/continuous/test/auto/StickyMasses.xml
146 ms. Memory: 403456K Free: 73022K (18%)
----------------- Invoking toplevel() on ptolemy.moml.MoMLSimpleApplication@2ac63c7f
----------------- Done invoking toplevel() on ptolemy.moml.MoMLSimpleApplication@2ac63c7f
reloadAllAccessors: .StickyMasses

===========================================================================================
----------------- testing Fri Jul 20 01:55:22 UTC 2018 /home/travis/build/icyphy/ptII/ptolemy/domains/continuous/test/auto/StopTime.xml
----------------- Instantiating /home/travis/build/icyphy/ptII/ptolemy/domains/continuous/test/auto/StopTime.xml
46 ms. Memory: 403456K Free: 45999K (11%)
----------------- Invoking toplevel() on ptolemy.moml.MoMLSimpleApplication@6585d2bc
----------------- Done invoking toplevel() on ptolemy.moml.MoMLSimpleApplication@6585d2bc
reloadAllAccessors: .StopTime

===========================================================================================
----------------- testing Fri Jul 20 01:55:22 UTC 2018 /home/travis/build/icyphy/ptII/ptolemy/domains/continuous/test/auto/StopTime2.xml
----------------- Instantiating /home/travis/build/icyphy/ptII/ptolemy/domains/continuous/test/auto/StopTime2.xml
58 ms. Memory: 382976K Free: 345887K (90%)
----------------- Invoking toplevel() on ptolemy.moml.MoMLSimpleApplication@1c26f4b8
----------------- Done invoking toplevel() on ptolemy.moml.MoMLSimpleApplication@1c26f4b8
reloadAllAccessors: .StopTime2

===========================================================================================
----------------- testing Fri Jul 20 01:55:23 UTC 2018 /home/travis/build/icyphy/ptII/ptolemy/domains/continuous/test/auto/Switch.xml
----------------- Instantiating /home/travis/build/icyphy/ptII/ptolemy/domains/continuous/test/auto/Switch.xml
53 ms. Memory: 382976K Free: 318434K (83%)
----------------- Invoking toplevel() on ptolemy.moml.MoMLSimpleApplication@4ceb425f
----------------- Done invoking toplevel() on ptolemy.moml.MoMLSimpleApplication@4ceb425f
reloadAllAccessors: .Switch

===========================================================================================
----------------- testing Fri Jul 20 01:55:23 UTC 2018 /home/travis/build/icyphy/ptII/ptolemy/domains/continuous/test/auto/Thermostat.xml
----------------- Instantiating /home/travis/build/icyphy/ptII/ptolemy/domains/continuous/test/auto/Thermostat.xml
234 ms. Memory: 382976K Free: 242297K (63%)
----------------- Invoking toplevel() on ptolemy.moml.MoMLSimpleApplication@67ea021a
----------------- Done invoking toplevel() on ptolemy.moml.MoMLSimpleApplication@67ea021a
reloadAllAccessors: .Thermostat

===========================================================================================
----------------- testing Fri Jul 20 01:55:23 UTC 2018 /home/travis/build/icyphy/ptII/ptolemy/domains/continuous/test/auto/TimeDelay.xml
----------------- Instantiating /home/travis/build/icyphy/ptII/ptolemy/domains/continuous/test/auto/TimeDelay.xml
6 ms. Memory: 382976K Free: 234771K (61%)
----------------- Invoking toplevel() on ptolemy.moml.MoMLSimpleApplication@16fc623c
----------------- Done invoking toplevel() on ptolemy.moml.MoMLSimpleApplication@16fc623c
reloadAllAccessors: .TimeDelay

===========================================================================================
----------------- testing Fri Jul 20 01:55:23 UTC 2018 /home/travis/build/icyphy/ptII/ptolemy/domains/continuous/test/auto/TimeDelay2.xml
----------------- Instantiating /home/travis/build/icyphy/ptII/ptolemy/domains/continuous/test/auto/TimeDelay2.xml
8 ms. Memory: 382976K Free: 222795K (58%)
----------------- Invoking toplevel() on ptolemy.moml.MoMLSimpleApplication@5bef2874
----------------- Done invoking toplevel() on ptolemy.moml.MoMLSimpleApplication@5bef2874
reloadAllAccessors: .TimeDelay2

===========================================================================================
----------------- testing Fri Jul 20 01:55:23 UTC 2018 /home/travis/build/icyphy/ptII/ptolemy/domains/continuous/test/auto/TimeDelay3.xml
----------------- Instantiating /home/travis/build/icyphy/ptII/ptolemy/domains/continuous/test/auto/TimeDelay3.xml
8 ms. Memory: 382976K Free: 215217K (56%)
----------------- Invoking toplevel() on ptolemy.moml.MoMLSimpleApplication@22f48dfb
----------------- Done invoking toplevel() on ptolemy.moml.MoMLSimpleApplication@22f48dfb
reloadAllAccessors: .TimeDelay3

===========================================================================================
----------------- testing Fri Jul 20 01:55:23 UTC 2018 /home/travis/build/icyphy/ptII/ptolemy/domains/continuous/test/auto/TransferAbsentToInside.xml
----------------- Instantiating /home/travis/build/icyphy/ptII/ptolemy/domains/continuous/test/auto/TransferAbsentToInside.xml
28 ms. Memory: 382976K Free: 156861K (41%)
----------------- Invoking toplevel() on ptolemy.moml.MoMLSimpleApplication@2a577031
----------------- Done invoking toplevel() on ptolemy.moml.MoMLSimpleApplication@2a577031
reloadAllAccessors: .TransferAbsentToInside

===========================================================================================
----------------- testing Fri Jul 20 01:55:23 UTC 2018 /home/travis/build/icyphy/ptII/ptolemy/domains/continuous/test/auto/Transmission.xml
----------------- Instantiating /home/travis/build/icyphy/ptII/ptolemy/domains/continuous/test/auto/Transmission.xml
993 ms. Memory: 368640K Free: 234895K (64%)
----------------- Invoking toplevel() on ptolemy.moml.MoMLSimpleApplication@33676680
----------------- Done invoking toplevel() on ptolemy.moml.MoMLSimpleApplication@33676680
reloadAllAccessors: .Transmission

===========================================================================================
----------------- testing Fri Jul 20 01:55:24 UTC 2018 /home/travis/build/icyphy/ptII/ptolemy/domains/continuous/test/auto/TriggeredContinuousClock.xml
----------------- Instantiating /home/travis/build/icyphy/ptII/ptolemy/domains/continuous/test/auto/TriggeredContinuousClock.xml
43 ms. Memory: 368640K Free: 201149K (55%)
----------------- Invoking toplevel() on ptolemy.moml.MoMLSimpleApplication@1090b0b3
----------------- Done invoking toplevel() on ptolemy.moml.MoMLSimpleApplication@1090b0b3
reloadAllAccessors: .TriggeredContinuousClock

===========================================================================================
----------------- testing Fri Jul 20 01:55:24 UTC 2018 /home/travis/build/icyphy/ptII/ptolemy/domains/continuous/test/auto/TwoMachineInfiniteBusControl.xml
----------------- Instantiating /home/travis/build/icyphy/ptII/ptolemy/domains/continuous/test/auto/TwoMachineInfiniteBusControl.xml
2182 ms. Memory: 340480K Free: 198609K (58%)
----------------- Invoking toplevel() on ptolemy.moml.MoMLSimpleApplication@5fa69cb3
----------------- Done invoking toplevel() on ptolemy.moml.MoMLSimpleApplication@5fa69cb3
reloadAllAccessors: .TwoMachineInfiniteBusControl

===========================================================================================
----------------- testing Fri Jul 20 01:55:27 UTC 2018 /home/travis/build/icyphy/ptII/ptolemy/domains/continuous/test/auto/V2V.xml
----------------- Instantiating /home/travis/build/icyphy/ptII/ptolemy/domains/continuous/test/auto/V2V.xml
858 ms. Memory: 334848K Free: 276285K (83%)
----------------- Invoking toplevel() on ptolemy.moml.MoMLSimpleApplication@35681ea0
----------------- Done invoking toplevel() on ptolemy.moml.MoMLSimpleApplication@35681ea0
reloadAllAccessors: .V2V

===========================================================================================
----------------- testing Fri Jul 20 01:55:28 UTC 2018 /home/travis/build/icyphy/ptII/ptolemy/domains/continuous/test/auto/hierarchicalModalModel.xml
----------------- Instantiating /home/travis/build/icyphy/ptII/ptolemy/domains/continuous/test/auto/hierarchicalModalModel.xml
10 ms. Memory: 334848K Free: 257476K (77%)
----------------- Invoking toplevel() on ptolemy.moml.MoMLSimpleApplication@37954446
----------------- Done invoking toplevel() on ptolemy.moml.MoMLSimpleApplication@37954446
reloadAllAccessors: .hierarchicalModalModel

===========================================================================================
----------------- testing Fri Jul 20 01:55:28 UTC 2018 /home/travis/build/icyphy/ptII/ptolemy/domains/continuous/test/auto/hierarchicalModalModel1.xml
----------------- Instantiating /home/travis/build/icyphy/ptII/ptolemy/domains/continuous/test/auto/hierarchicalModalModel1.xml
16 ms. Memory: 334848K Free: 239959K (72%)
----------------- Invoking toplevel() on ptolemy.moml.MoMLSimpleApplication@6deafbe7
----------------- Done invoking toplevel() on ptolemy.moml.MoMLSimpleApplication@6deafbe7
reloadAllAccessors: .hierarchicalModalModel1

===========================================================================================
----------------- testing Fri Jul 20 01:55:28 UTC 2018 /home/travis/build/icyphy/ptII/ptolemy/domains/continuous/test/auto/hierarchicalModalModel2.xml
----------------- Instantiating /home/travis/build/icyphy/ptII/ptolemy/domains/continuous/test/auto/hierarchicalModalModel2.xml
7 ms. Memory: 334848K Free: 224255K (67%)
----------------- Invoking toplevel() on ptolemy.moml.MoMLSimpleApplication@26ede194
----------------- Done invoking toplevel() on ptolemy.moml.MoMLSimpleApplication@26ede194
reloadAllAccessors: .hierarchicalModalModel2

===========================================================================================
----------------- testing Fri Jul 20 01:55:28 UTC 2018 /home/travis/build/icyphy/ptII/ptolemy/domains/continuous/test/auto/hierarchicalModalModel3.xml
----------------- Instantiating /home/travis/build/icyphy/ptII/ptolemy/domains/continuous/test/auto/hierarchicalModalModel3.xml
7 ms. Memory: 334848K Free: 210469K (63%)
----------------- Invoking toplevel() on ptolemy.moml.MoMLSimpleApplication@5feea1f6
----------------- Done invoking toplevel() on ptolemy.moml.MoMLSimpleApplication@5feea1f6
reloadAllAccessors: .hierarchicalModalModel3

===========================================================================================
----------------- testing Fri Jul 20 01:55:28 UTC 2018 /home/travis/build/icyphy/ptII/ptolemy/domains/continuous/test/auto/hierarchicalModalModel4.xml
----------------- Instantiating /home/travis/build/icyphy/ptII/ptolemy/domains/continuous/test/auto/hierarchicalModalModel4.xml
6 ms. Memory: 334848K Free: 194809K (58%)
----------------- Invoking toplevel() on ptolemy.moml.MoMLSimpleApplication@15ec5d44
----------------- Done invoking toplevel() on ptolemy.moml.MoMLSimpleApplication@15ec5d44
reloadAllAccessors: .hierarchicalModalModel4

===========================================================================================
----------------- testing Fri Jul 20 01:55:28 UTC 2018 /home/travis/build/icyphy/ptII/ptolemy/domains/continuous/test/auto/junk.xml
----------------- Instantiating /home/travis/build/icyphy/ptII/ptolemy/domains/continuous/test/auto/junk.xml
116 ms. Memory: 334848K Free: 162691K (49%)
----------------- Invoking toplevel() on ptolemy.moml.MoMLSimpleApplication@e0aefcf
----------------- Done invoking toplevel() on ptolemy.moml.MoMLSimpleApplication@e0aefcf
reloadAllAccessors: .junk
AutoTests.java: About to close Vertx.
AutoTests.java: Vertx closed.
]]></system-out>
  <system-err><![CDATA[Warning: '.HysteresisWithRandomDelay.NonStrictTest3' The test produced only 29 tokens, yet the correctValues parameter was expecting 30 tokens.
Warning: '.IncreasingRatePoisson.NonStrictTest' The test produced only 389 tokens, yet the correctValues parameter was expecting 402 tokens.
Warning: '.Poisson.NonStrictTest' The test produced only 417 tokens, yet the correctValues parameter was expecting 430 tokens.
]]></system-err>
</testsuite>
