<?xml version="1.0" encoding="UTF-8" ?>
<testsuite errors="0" failures="0" hostname="travis-job-671513fe-8d25-457d-a220-9d23b3165b70" name="ptolemy.vergil.basic.export.test.junit.ExportModelJUnitTestBatch4" skipped="0" tests="85" time="613.859" timestamp="2019-05-19T04:45:27">
  <properties>
[...]
</properties>
  <testcase classname="ptolemy.vergil.basic.export.test.junit.ExportModelJUnitTestBatch4" name="[0] ptolemy/actor/ptalon/demo/GameOfLife/GameOfLife.xml (RunExportModel)" time="38.883" />
  <testcase classname="ptolemy.vergil.basic.export.test.junit.ExportModelJUnitTestBatch4" name="[1] ptolemy/actor/ptalon/demo/MapReduce/MapReduce.xml (RunExportModel)" time="6.146" />
  <testcase classname="ptolemy.vergil.basic.export.test.junit.ExportModelJUnitTestBatch4" name="[2] ptolemy/actor/ptalon/demo/ModelChange/ModelChange.xml (RunExportModel)" time="4.396" />
  <testcase classname="ptolemy.vergil.basic.export.test.junit.ExportModelJUnitTestBatch4" name="[3] ptolemy/actor/ptalon/demo/SmallWorld/ParameterSweepSmallWorldFSM.xml (RunExportModel)" time="35.827" />
  <testcase classname="ptolemy.vergil.basic.export.test.junit.ExportModelJUnitTestBatch4" name="[4] ptolemy/actor/ptalon/demo/SmallWorld/ParameterSweepSmallWorldSDF.xml (RunExportModel)" time="6.432" />
  <testcase classname="ptolemy.vergil.basic.export.test.junit.ExportModelJUnitTestBatch4" name="[5] ptolemy/actor/ptalon/demo/SmallWorld/SmallWorld.xml (RunExportModel)" time="5.566" />
  <testcase classname="ptolemy.vergil.basic.export.test.junit.ExportModelJUnitTestBatch4" name="[6] ptolemy/actor/ptalon/demo/SmallWorld/SmallWorldMultiInstanceComposite.xml (RunExportModel)" time="40.896" />
  <testcase classname="ptolemy.vergil.basic.export.test.junit.ExportModelJUnitTestBatch4" name="[7] ptolemy/actor/ptalon/demo/SmallWorld/SmallWorldPtalonActor.xml (RunExportModel)" time="6.049" />
  <testcase classname="ptolemy.vergil.basic.export.test.junit.ExportModelJUnitTestBatch4" name="[8] ptolemy/actor/ptalon/demo/Unicycle/Unicycle.xml (RunExportModel)" time="4.933" />
  <testcase classname="ptolemy.vergil.basic.export.test.junit.ExportModelJUnitTestBatch4" name="[9] ptolemy/actor/ptalon/gt/demo/Adder/Adder.xml (RunExportModel)" time="3.653" />
  <testcase classname="ptolemy.vergil.basic.export.test.junit.ExportModelJUnitTestBatch4" name="[10] ptolemy/caltrop/demo/FunctionClosures/FunctionClosures.xml (RunExportModel)" time="5.252" />
  <testcase classname="ptolemy.vergil.basic.export.test.junit.ExportModelJUnitTestBatch4" name="[11] ptolemy/caltrop/demo/FunctionDefinition/FunctionDefinition.xml (RunExportModel)" time="4.529" />
  <testcase classname="ptolemy.vergil.basic.export.test.junit.ExportModelJUnitTestBatch4" name="[12] ptolemy/caltrop/demo/Primes/Primes.xml (RunExportModel)" time="4.403" />
  <testcase classname="ptolemy.vergil.basic.export.test.junit.ExportModelJUnitTestBatch4" name="[13] ptolemy/caltrop/demo/SDFDDI/SDFDDI.xml (RunExportModel)" time="4.512" />
  <testcase classname="ptolemy.vergil.basic.export.test.junit.ExportModelJUnitTestBatch4" name="[14] ptolemy/cg/adapter/generic/html/demo/HierarchicalModel/HierarchicalModel.xml (RunExportModel)" time="34.433" />
  <testcase classname="ptolemy.vergil.basic.export.test.junit.ExportModelJUnitTestBatch4" name="[15] ptolemy/cg/adapter/generic/program/procedural/c/arduino/adapters/ptolemy/vergil/actor/lib/demo/Blink/Blink.xml (RunExportModel)" time="7.243" />
  <testcase classname="ptolemy.vergil.basic.export.test.junit.ExportModelJUnitTestBatch4" name="[16] ptolemy/cg/adapter/generic/program/procedural/c/arduino/adapters/ptolemy/vergil/actor/lib/demo/Life/Life.xml (RunExportModel)" time="9.592" />
  <testcase classname="ptolemy.vergil.basic.export.test.junit.ExportModelJUnitTestBatch4" name="[17] ptolemy/cg/adapter/generic/program/procedural/c/arduino/adapters/ptolemy/vergil/actor/lib/demo/Ultrasonic/Ultrasonic.xml (RunExportModel)" time="3.233" />
  <testcase classname="ptolemy.vergil.basic.export.test.junit.ExportModelJUnitTestBatch4" name="[18] ptolemy/cg/kernel/generic/accessor/demo/TestComposite/TestComposite.xml (RunExportModel)" time="11.826" />
  <testcase classname="ptolemy.vergil.basic.export.test.junit.ExportModelJUnitTestBatch4" name="[19] ptolemy/cg/lib/demo/CompiledCompositeActor/CompiledCompositeActor.xml (RunExportModel)" time="5.261" />
  <testcase classname="ptolemy.vergil.basic.export.test.junit.ExportModelJUnitTestBatch4" name="[20] ptolemy/cg/lib/demo/DECG/DECG.xml (RunExportModel)" time="3.185" />
  <testcase classname="ptolemy.vergil.basic.export.test.junit.ExportModelJUnitTestBatch4" name="[21] ptolemy/cg/lib/demo/DECG/DECGClockRamp.xml (RunExportModel)" time="4.214" />
  <testcase classname="ptolemy.vergil.basic.export.test.junit.ExportModelJUnitTestBatch4" name="[22] ptolemy/cg/lib/demo/DECG/DECGDelay.xml (RunExportModel)" time="4.251" />
  <testcase classname="ptolemy.vergil.basic.export.test.junit.ExportModelJUnitTestBatch4" name="[23] ptolemy/cg/lib/demo/DECG/DECGHelloWorld.xml (RunExportModel)" time="4.231" />
  <testcase classname="ptolemy.vergil.basic.export.test.junit.ExportModelJUnitTestBatch4" name="[24] ptolemy/cg/lib/demo/DECG/DECGHeterogeneous.xml (RunExportModel)" time="4.288" />
  <testcase classname="ptolemy.vergil.basic.export.test.junit.ExportModelJUnitTestBatch4" name="[25] ptolemy/cg/lib/demo/DECG/DECGHeterogeneousMk2.xml (RunExportModel)" time="4.792" />
  <testcase classname="ptolemy.vergil.basic.export.test.junit.ExportModelJUnitTestBatch4" name="[26] ptolemy/cg/lib/demo/DECG/DECGMath.xml (RunExportModel)" time="4.221" />
  <testcase classname="ptolemy.vergil.basic.export.test.junit.ExportModelJUnitTestBatch4" name="[27] ptolemy/cg/lib/demo/DECG/DECGPi.xml (RunExportModel)" time="4.345" />
  <testcase classname="ptolemy.vergil.basic.export.test.junit.ExportModelJUnitTestBatch4" name="[28] ptolemy/cg/lib/demo/DECG/DECGPiSquare.xml (RunExportModel)" time="4.375" />
  <testcase classname="ptolemy.vergil.basic.export.test.junit.ExportModelJUnitTestBatch4" name="[29] ptolemy/cg/lib/demo/DECG/DECGPoisson.xml (RunExportModel)" time="4.169" />
  <testcase classname="ptolemy.vergil.basic.export.test.junit.ExportModelJUnitTestBatch4" name="[30] ptolemy/cg/lib/demo/ModularCG/ModularCG.xml (RunExportModel)" time="4.808" />
  <testcase classname="ptolemy.vergil.basic.export.test.junit.ExportModelJUnitTestBatch4" name="[31] ptolemy/cg/lib/demo/ModularCGPubSub/ModularCGPubSub.xml (RunExportModel)" time="11.046" />
  <testcase classname="ptolemy.vergil.basic.export.test.junit.ExportModelJUnitTestBatch4" name="[32] ptolemy/cg/lib/demo/Scale/Scale.xml (RunExportModel)" time="3.158" />
  <testcase classname="ptolemy.vergil.basic.export.test.junit.ExportModelJUnitTestBatch4" name="[33] ptolemy/cg/lib/demo/Scale/ScaleC.xml (RunExportModel)" time="3.173" />
  <testcase classname="ptolemy.vergil.basic.export.test.junit.ExportModelJUnitTestBatch4" name="[34] ptolemy/cg/lib/demo/Scale/ScaleCFlat.xml (RunExportModel)" time="4.242" />
  <testcase classname="ptolemy.vergil.basic.export.test.junit.ExportModelJUnitTestBatch4" name="[35] ptolemy/cg/lib/demo/Scale/ScaleJava.xml (RunExportModel)" time="4.872" />
  <testcase classname="ptolemy.vergil.basic.export.test.junit.ExportModelJUnitTestBatch4" name="[36] ptolemy/configs/doc/ClassesIllustrated.xml (RunExportModel)" time="4.353" />
  <testcase classname="ptolemy.vergil.basic.export.test.junit.ExportModelJUnitTestBatch4" name="[37] ptolemy/data/ontologies/demo/CarTracking/CarTracking.xml (RunExportModel)" time="9.094" />
  <testcase classname="ptolemy.vergil.basic.export.test.junit.ExportModelJUnitTestBatch4" name="[38] ptolemy/data/ontologies/demo/ConstAbstractInterpretation/ConstAbstractInterpretation.xml (RunExportModel)" time="4.641" />
  <testcase classname="ptolemy.vergil.basic.export.test.junit.ExportModelJUnitTestBatch4" name="[39] ptolemy/data/ontologies/demo/ConstAbstractInterpretationObservable/ConstAbstractInterpretationObservable.xml (RunExportModel)" time="3.162" />
  <testcase classname="ptolemy.vergil.basic.export.test.junit.ExportModelJUnitTestBatch4" name="[40] ptolemy/data/ontologies/demo/ConstAbstractInterpretationObservable/ConstComparatorEqualToDemo.xml (RunExportModel)" time="5.902" />
  <testcase classname="ptolemy.vergil.basic.export.test.junit.ExportModelJUnitTestBatch4" name="[41] ptolemy/data/ontologies/demo/ConstAbstractInterpretationObservable/ConstComparatorGreaterThanDemo.xml (RunExportModel)" time="5.879" />
  <testcase classname="ptolemy.vergil.basic.export.test.junit.ExportModelJUnitTestBatch4" name="[42] ptolemy/data/ontologies/demo/ConstAbstractInterpretationObservable/ConstComparatorGTEDemo.xml (RunExportModel)" time="5.396" />
  <testcase classname="ptolemy.vergil.basic.export.test.junit.ExportModelJUnitTestBatch4" name="[43] ptolemy/data/ontologies/demo/ConstAbstractInterpretationObservable/ConstComparatorLessThanDemo.xml (RunExportModel)" time="5.474" />
  <testcase classname="ptolemy.vergil.basic.export.test.junit.ExportModelJUnitTestBatch4" name="[44] ptolemy/data/ontologies/demo/ConstAbstractInterpretationObservable/ConstComparatorLTEDemo.xml (RunExportModel)" time="5.368" />
  <testcase classname="ptolemy.vergil.basic.export.test.junit.ExportModelJUnitTestBatch4" name="[45] ptolemy/data/ontologies/demo/ConstAbstractInterpretationObservable/ConstMultiplyDivideDemo.xml (RunExportModel)" time="6.347" />
  <testcase classname="ptolemy.vergil.basic.export.test.junit.ExportModelJUnitTestBatch4" name="[46] ptolemy/data/ontologies/demo/ConstAbstractInterpretationObservable/ConstScaleDemo.xml (RunExportModel)" time="5.182" />
  <testcase classname="ptolemy.vergil.basic.export.test.junit.ExportModelJUnitTestBatch4" name="[47] ptolemy/data/ontologies/demo/ConstNonconst/Const.xml (RunExportModel)" time="3.193" />
  <testcase classname="ptolemy.vergil.basic.export.test.junit.ExportModelJUnitTestBatch4" name="[48] ptolemy/data/ontologies/demo/ConstNonconst/ConstNonconst.xml (RunExportModel)" time="4.562" />
  <testcase classname="ptolemy.vergil.basic.export.test.junit.ExportModelJUnitTestBatch4" name="[49] ptolemy/data/ontologies/demo/ConstPropagation/BooleanSwitchDemoProductLattice.xml (RunExportModel)" time="5.758" />
  <testcase classname="ptolemy.vergil.basic.export.test.junit.ExportModelJUnitTestBatch4" name="[50] ptolemy/data/ontologies/demo/ConstPropagation/ConstComparatorEqualToDemo.xml (RunExportModel)" time="6.019" />
  <testcase classname="ptolemy.vergil.basic.export.test.junit.ExportModelJUnitTestBatch4" name="[51] ptolemy/data/ontologies/demo/ConstPropagation/ConstComparatorGreaterThanDemo.xml (RunExportModel)" time="5.586" />
  <testcase classname="ptolemy.vergil.basic.export.test.junit.ExportModelJUnitTestBatch4" name="[52] ptolemy/data/ontologies/demo/ConstPropagation/ConstMultiplyDivideDemo.xml (RunExportModel)" time="6.666" />
  <testcase classname="ptolemy.vergil.basic.export.test.junit.ExportModelJUnitTestBatch4" name="[53] ptolemy/data/ontologies/demo/ConstPropagation/ConstPropagation.xml (RunExportModel)" time="3.152" />
  <testcase classname="ptolemy.vergil.basic.export.test.junit.ExportModelJUnitTestBatch4" name="[54] ptolemy/data/ontologies/demo/ConstPropagation/ConstPropagationAbsIntObservableReachableProductSolverModel.xml (RunExportModel)" time="4.58" />
  <testcase classname="ptolemy.vergil.basic.export.test.junit.ExportModelJUnitTestBatch4" name="[55] ptolemy/data/ontologies/demo/ConstPropagation/ConstPropagationAbsIntScale.xml (RunExportModel)" time="4.196" />
  <testcase classname="ptolemy.vergil.basic.export.test.junit.ExportModelJUnitTestBatch4" name="[56] ptolemy/data/ontologies/demo/ConstPropagation/SimpleConstPropagationDemo.xml (RunExportModel)" time="4.402" />
  <testcase classname="ptolemy.vergil.basic.export.test.junit.ExportModelJUnitTestBatch4" name="[57] ptolemy/data/ontologies/demo/ConstPropagation/SimpleNonconstPropagationDemo.xml (RunExportModel)" time="4.441" />
  <testcase classname="ptolemy.vergil.basic.export.test.junit.ExportModelJUnitTestBatch4" name="[58] ptolemy/data/ontologies/demo/DimensionSystemExample/DimensionSystemExample.xml (RunExportModel)" time="3.138" />
  <testcase classname="ptolemy.vergil.basic.export.test.junit.ExportModelJUnitTestBatch4" name="[59] ptolemy/data/ontologies/demo/ExceptionAnalysis/ExceptionAnalysis.xml (RunExportModel)" time="4.177" />
  <testcase classname="ptolemy.vergil.basic.export.test.junit.ExportModelJUnitTestBatch4" name="[60] ptolemy/data/ontologies/demo/MonotonicityAnalysis/MonotonicityAnalysis.xml (RunExportModel)" time="4.269" />
  <testcase classname="ptolemy.vergil.basic.export.test.junit.ExportModelJUnitTestBatch4" name="[61] ptolemy/data/ontologies/demo/Observable/Observable.xml (RunExportModel)" time="4.282" />
  <testcase classname="ptolemy.vergil.basic.export.test.junit.ExportModelJUnitTestBatch4" name="[62] ptolemy/data/ontologies/demo/ProductLattices/BooleanSwitchDemoProductLattice.xml (RunExportModel)" time="6.713" />
  <testcase classname="ptolemy.vergil.basic.export.test.junit.ExportModelJUnitTestBatch4" name="[63] ptolemy/data/ontologies/demo/ProductLattices/ConstAbsIntObservableReachableProductSolverModel.xml (RunExportModel)" time="4.54" />
  <testcase classname="ptolemy.vergil.basic.export.test.junit.ExportModelJUnitTestBatch4" name="[64] ptolemy/data/ontologies/demo/ProductLattices/ConstMultiplyDivideDemoProductLattice.xml (RunExportModel)" time="5.705" />
  <testcase classname="ptolemy.vergil.basic.export.test.junit.ExportModelJUnitTestBatch4" name="[65] ptolemy/data/ontologies/demo/ProductLattices/ConstScaleDemoProductLattice.xml (RunExportModel)" time="5.119" />
  <testcase classname="ptolemy.vergil.basic.export.test.junit.ExportModelJUnitTestBatch4" name="[66] ptolemy/data/ontologies/demo/ProductLattices/ConstScaleZeroDemoProductLattice.xml (RunExportModel)" time="3.186" />
  <testcase classname="ptolemy.vergil.basic.export.test.junit.ExportModelJUnitTestBatch4" name="[67] ptolemy/data/ontologies/demo/ProductLattices/LatticeComposition.xml (RunExportModel)" time="3.248" />
  <testcase classname="ptolemy.vergil.basic.export.test.junit.ExportModelJUnitTestBatch4" name="[68] ptolemy/data/ontologies/demo/ProductLattices/LatticeCompositionSolverModel.xml (RunExportModel)" time="4.428" />
  <testcase classname="ptolemy.vergil.basic.export.test.junit.ExportModelJUnitTestBatch4" name="[69] ptolemy/data/ontologies/demo/ProductLattices/ProductLattices.xml (RunExportModel)" time="3.155" />
  <testcase classname="ptolemy.vergil.basic.export.test.junit.ExportModelJUnitTestBatch4" name="[70] ptolemy/data/ontologies/demo/ProductLattices/SimpleConstDemo.xml (RunExportModel)" time="4.254" />
  <testcase classname="ptolemy.vergil.basic.export.test.junit.ExportModelJUnitTestBatch4" name="[71] ptolemy/data/ontologies/demo/ProductLattices/SimpleNonconstDemo.xml (RunExportModel)" time="4.371" />
  <testcase classname="ptolemy.vergil.basic.export.test.junit.ExportModelJUnitTestBatch4" name="[72] ptolemy/data/ontologies/demo/UnitSystemExample/UnitSystemExample.xml (RunExportModel)" time="3.291" />
  <testcase classname="ptolemy.vergil.basic.export.test.junit.ExportModelJUnitTestBatch4" name="[73] ptolemy/data/type/demo/Objects/Objects.xml (RunExportModel)" time="4.203" />
  <testcase classname="ptolemy.vergil.basic.export.test.junit.ExportModelJUnitTestBatch4" name="[74] ptolemy/data/type/demo/Router/Router.xml (RunExportModel)" time="34.185" />
  <testcase classname="ptolemy.vergil.basic.export.test.junit.ExportModelJUnitTestBatch4" name="[75] ptolemy/data/unit/demo/StaticUnits/StaticUnits.xml (RunExportModel)" time="6.541" />
  <testcase classname="ptolemy.vergil.basic.export.test.junit.ExportModelJUnitTestBatch4" name="[76] ptolemy/data/unit/demo/Units/Units.xml (RunExportModel)" time="4.246" />
  <testcase classname="ptolemy.vergil.basic.export.test.junit.ExportModelJUnitTestBatch4" name="[77] ptolemy/demo/AirManagementSystem/AirManagementSystem.xml (RunExportModel)" time="4.371" />
  <testcase classname="ptolemy.vergil.basic.export.test.junit.ExportModelJUnitTestBatch4" name="[78] ptolemy/demo/AirManagementSystem/AirManagementSystemCausalityLoop.xml (RunExportModel)" time="3.938" />
  <testcase classname="ptolemy.vergil.basic.export.test.junit.ExportModelJUnitTestBatch4" name="[79] ptolemy/demo/AirManagementSystem/AMS_AMSSim.xml (RunExportModel)" time="3.377" />
  <testcase classname="ptolemy.vergil.basic.export.test.junit.ExportModelJUnitTestBatch4" name="[80] ptolemy/demo/AirManagementSystem/HeatExchangerTester.xml (RunExportModel)" time="5.512" />
  <testcase classname="ptolemy.vergil.basic.export.test.junit.ExportModelJUnitTestBatch4" name="[81] ptolemy/demo/AirManagementSystem/PhysicalPlantCausalityLoop.xml (RunExportModel)" time="3.512" />
  <testcase classname="ptolemy.vergil.basic.export.test.junit.ExportModelJUnitTestBatch4" name="[82] ptolemy/demo/BrakeByWire/BrakeByWire.xml (RunExportModel)" time="6.428" />
  <testcase classname="ptolemy.vergil.basic.export.test.junit.ExportModelJUnitTestBatch4" name="[83] ptolemy/demo/CapeCode/CapeCode.xml (RunExportModel)" time="3.128" />
  <testcase classname="ptolemy.vergil.basic.export.test.junit.ExportModelJUnitTestBatch4" name="[84] ptolemy/demo/CapeCode/CapeCode1.xml (RunExportModel)" time="40.458" />
  <system-out><![CDATA[ExportModeJUnitTestBatch: There are 746 demos. Exporting demos: 276 to 360.
####### 1 Sun May 19 04:45:27 UTC 2019 $PTII/bin/ptinvoke ptolemy.vergil.basic.export.ExportModel -force htm -run -openComposites -timeOut 30000 -whiteBackground ptolemy/actor/ptalon/demo/GameOfLife/GameOfLife.xml $PTII/ptolemy/actor/ptalon/demo/GameOfLife/GameOfLife
Running .GameOfLife
ExportHTMLTimer went off after 30000 ms., calling getDirector().finish and getDirector().stopFire()
30304 ms. Memory: 176128K Free: 119757K (68%)
Exported /home/travis/build/icyphy/ptII/ptolemy/actor/ptalon/demo/GameOfLife/GameOfLife/index.html
38874 ms. Memory: 176640K Free: 93335K (53%)
####### 2 Sun May 19 04:46:06 UTC 2019 $PTII/bin/ptinvoke ptolemy.vergil.basic.export.ExportModel -force htm -run -openComposites -timeOut 30000 -whiteBackground ptolemy/actor/ptalon/demo/MapReduce/MapReduce.xml $PTII/ptolemy/actor/ptalon/demo/MapReduce/MapReduce
Running .MapReduce
216 ms. Memory: 243712K Free: 53974K (22%)
Exported /home/travis/build/icyphy/ptII/ptolemy/actor/ptalon/demo/MapReduce/MapReduce/index.html
6145 ms. Memory: 304128K Free: 261781K (86%)
####### 3 Sun May 19 04:46:12 UTC 2019 $PTII/bin/ptinvoke ptolemy.vergil.basic.export.ExportModel -force htm -run -openComposites -timeOut 30000 -whiteBackground ptolemy/actor/ptalon/demo/ModelChange/ModelChange.xml $PTII/ptolemy/actor/ptalon/demo/ModelChange/ModelChange
Running .ModelChange
59 ms. Memory: 304128K Free: 173322K (57%)
Exported /home/travis/build/icyphy/ptII/ptolemy/actor/ptalon/demo/ModelChange/ModelChange/index.html
4396 ms. Memory: 304128K Free: 110214K (36%)
####### 4 Sun May 19 04:46:16 UTC 2019 $PTII/bin/ptinvoke ptolemy.vergil.basic.export.ExportModel -force htm -run -openComposites -timeOut 30000 -whiteBackground ptolemy/actor/ptalon/demo/SmallWorld/ParameterSweepSmallWorldFSM.xml $PTII/ptolemy/actor/ptalon/demo/SmallWorld/ParameterSweepSmallWorldFSM
Running .ParameterSweepSmallWorldFSM
1
1
1
1
1
1
1
1
1
2
2
2
2
2
2
2
2
3
3
3
3
3
3
3
3
3
3
3
3
3
3
4
4
4
4
4
4
4
4
4
5
5
5
5
5
5
6
6
379 ms. Memory: 499200K Free: 139820K (28%)
ExportHTMLTimer went off after 30000 ms., calling getDirector().finish and getDirector().stopFire()
30001 ms. Memory: 1170432K Free: 667608K (57%)
Exported /home/travis/build/icyphy/ptII/ptolemy/actor/ptalon/demo/SmallWorld/ParameterSweepSmallWorldFSM/index.html
35827 ms. Memory: 1170432K Free: 576907K (49%)
####### 5 Sun May 19 04:46:52 UTC 2019 $PTII/bin/ptinvoke ptolemy.vergil.basic.export.ExportModel -force htm -run -openComposites -timeOut 30000 -whiteBackground ptolemy/actor/ptalon/demo/SmallWorld/ParameterSweepSmallWorldSDF.xml $PTII/ptolemy/actor/ptalon/demo/SmallWorld/ParameterSweepSmallWorldSDF
Running .ParameterSweepSmallWorldSDF
225 ms. Memory: 1221120K Free: 609923K (50%)
144 ms. Memory: 1221120K Free: 478480K (39%)
184 ms. Memory: 1221120K Free: 363459K (30%)
153 ms. Memory: 1221120K Free: 248445K (20%)
1194 ms. Memory: 1221120K Free: 248445K (20%)
Exported /home/travis/build/icyphy/ptII/ptolemy/actor/ptalon/demo/SmallWorld/ParameterSweepSmallWorldSDF/index.html
6431 ms. Memory: 1221120K Free: 199527K (16%)
####### 6 Sun May 19 04:46:59 UTC 2019 $PTII/bin/ptinvoke ptolemy.vergil.basic.export.ExportModel -force htm -run -openComposites -timeOut 30000 -whiteBackground ptolemy/actor/ptalon/demo/SmallWorld/SmallWorld.xml $PTII/ptolemy/actor/ptalon/demo/SmallWorld/SmallWorld
Running .SmallWorld
1
1
1
1
1
1
1
1
1
2
2
2
2
2
2
2
2
3
3
3
3
3
3
3
3
3
3
3
3
3
3
4
4
4
4
4
4
4
4
4
5
5
5
5
5
5
6
6
184 ms. Memory: 1225728K Free: 375415K (31%)
Exported /home/travis/build/icyphy/ptII/ptolemy/actor/ptalon/demo/SmallWorld/SmallWorld/index.html
5565 ms. Memory: 1225728K Free: 246391K (20%)
####### 7 Sun May 19 04:47:04 UTC 2019 $PTII/bin/ptinvoke ptolemy.vergil.basic.export.ExportModel -force htm -run -openComposites -timeOut 30000 -whiteBackground ptolemy/actor/ptalon/demo/SmallWorld/SmallWorldMultiInstanceComposite.xml $PTII/ptolemy/actor/ptalon/demo/SmallWorld/SmallWorldMultiInstanceComposite
Running .SmallWorldMultiInstanceComposite
1
1
1
1
1
1
1
1
1
2
2
2
2
2
2
2
2
3
3
3
3
3
3
3
3
3
3
3
3
3
3
4
4
4
4
4
4
4
4
4
5
5
5
5
5
5
6
6
582 ms. Memory: 1342464K Free: 1024810K (76%)
Exported /home/travis/build/icyphy/ptII/ptolemy/actor/ptalon/demo/SmallWorld/SmallWorldMultiInstanceComposite/index.html
40896 ms. Memory: 1816064K Free: 193880K (11%)
####### 8 Sun May 19 04:47:45 UTC 2019 $PTII/bin/ptinvoke ptolemy.vergil.basic.export.ExportModel -force htm -run -openComposites -timeOut 30000 -whiteBackground ptolemy/actor/ptalon/demo/SmallWorld/SmallWorldPtalonActor.xml $PTII/ptolemy/actor/ptalon/demo/SmallWorld/SmallWorldPtalonActor
Running .SmallWorldPtalonActor
1
1
1
1
1
1
1
1
1
2
2
2
2
2
2
2
2
3
3
3
3
3
3
3
3
3
3
3
3
3
3
4
4
4
4
4
4
4
4
4
5
5
5
5
5
5
6
6
169 ms. Memory: 1746944K Free: 679109K (39%)
Exported /home/travis/build/icyphy/ptII/ptolemy/actor/ptalon/demo/SmallWorld/SmallWorldPtalonActor/index.html
6048 ms. Memory: 1746944K Free: 549369K (31%)
####### 9 Sun May 19 04:47:51 UTC 2019 $PTII/bin/ptinvoke ptolemy.vergil.basic.export.ExportModel -force htm -run -openComposites -timeOut 30000 -whiteBackground ptolemy/actor/ptalon/demo/Unicycle/Unicycle.xml $PTII/ptolemy/actor/ptalon/demo/Unicycle/Unicycle
Running .Unicycle
585 ms. Memory: 1845248K Free: 1708682K (93%)
Exported /home/travis/build/icyphy/ptII/ptolemy/actor/ptalon/demo/Unicycle/Unicycle/index.html
4933 ms. Memory: 1845248K Free: 1614347K (87%)
####### 10 Sun May 19 04:47:56 UTC 2019 $PTII/bin/ptinvoke ptolemy.vergil.basic.export.ExportModel -force htm  -openComposites -timeOut 30000 -whiteBackground ptolemy/actor/ptalon/gt/demo/Adder/Adder.xml $PTII/ptolemy/actor/ptalon/gt/demo/Adder/Adder
Warning: not running ptolemy/actor/ptalon/gt/demo/Adder/Adder.xml. See ptolemy/vergil/basic/export/test/junit/ExportModelJUnitTest.java
Exported /home/travis/build/icyphy/ptII/ptolemy/actor/ptalon/gt/demo/Adder/Adder/index.html
3652 ms. Memory: 1845248K Free: 1168328K (63%)
####### 11 Sun May 19 04:48:00 UTC 2019 $PTII/bin/ptinvoke ptolemy.vergil.basic.export.ExportModel -force htm -run -openComposites -timeOut 30000 -whiteBackground ptolemy/caltrop/demo/FunctionClosures/FunctionClosures.xml $PTII/ptolemy/caltrop/demo/FunctionClosures/FunctionClosures
Running .FunctionClosures
42 ms. Memory: 1845248K Free: 1032444K (56%)
Exported /home/travis/build/icyphy/ptII/ptolemy/caltrop/demo/FunctionClosures/FunctionClosures/index.html
5252 ms. Memory: 1845248K Free: 987346K (54%)
####### 12 Sun May 19 04:48:05 UTC 2019 $PTII/bin/ptinvoke ptolemy.vergil.basic.export.ExportModel -force htm -run -openComposites -timeOut 30000 -whiteBackground ptolemy/caltrop/demo/FunctionDefinition/FunctionDefinition.xml $PTII/ptolemy/caltrop/demo/FunctionDefinition/FunctionDefinition
Running .FunctionDefinition
19 ms. Memory: 1845248K Free: 861461K (47%)
Exported /home/travis/build/icyphy/ptII/ptolemy/caltrop/demo/FunctionDefinition/FunctionDefinition/index.html
4529 ms. Memory: 1845248K Free: 825273K (45%)
####### 13 Sun May 19 04:48:10 UTC 2019 $PTII/bin/ptinvoke ptolemy.vergil.basic.export.ExportModel -force htm -run -openComposites -timeOut 30000 -whiteBackground ptolemy/caltrop/demo/Primes/Primes.xml $PTII/ptolemy/caltrop/demo/Primes/Primes
Running .Primes
28 ms. Memory: 1845248K Free: 704546K (38%)
Exported /home/travis/build/icyphy/ptII/ptolemy/caltrop/demo/Primes/Primes/index.html
4403 ms. Memory: 1845248K Free: 653345K (35%)
####### 14 Sun May 19 04:48:14 UTC 2019 $PTII/bin/ptinvoke ptolemy.vergil.basic.export.ExportModel -force htm -run -openComposites -timeOut 30000 -whiteBackground ptolemy/caltrop/demo/SDFDDI/SDFDDI.xml $PTII/ptolemy/caltrop/demo/SDFDDI/SDFDDI
Running .SDFDDI
111 ms. Memory: 1845248K Free: 522506K (28%)
Exported /home/travis/build/icyphy/ptII/ptolemy/caltrop/demo/SDFDDI/SDFDDI/index.html
4512 ms. Memory: 1845248K Free: 492435K (27%)
####### 15 Sun May 19 04:48:19 UTC 2019 $PTII/bin/ptinvoke ptolemy.vergil.basic.export.ExportModel -force htm -run -openComposites -timeOut 30000 -whiteBackground ptolemy/cg/adapter/generic/html/demo/HierarchicalModel/HierarchicalModel.xml $PTII/ptolemy/cg/adapter/generic/html/demo/HierarchicalModel/HierarchicalModel
Running .HierarchicalModel
ExportHTMLTimer went off after 30000 ms., calling getDirector().finish and getDirector().stopFire()
30018 ms. Memory: 1859072K Free: 1738184K (93%)
Exported /home/travis/build/icyphy/ptII/ptolemy/cg/adapter/generic/html/demo/HierarchicalModel/HierarchicalModel/index.html
34433 ms. Memory: 1859072K Free: 1546137K (83%)
####### 16 Sun May 19 04:48:53 UTC 2019 $PTII/bin/ptinvoke ptolemy.vergil.basic.export.ExportModel -force htm -run -openComposites -timeOut 30000 -whiteBackground ptolemy/cg/adapter/generic/program/procedural/c/arduino/adapters/ptolemy/vergil/actor/lib/demo/Blink/Blink.xml $PTII/ptolemy/cg/adapter/generic/program/procedural/c/arduino/adapters/ptolemy/vergil/actor/lib/demo/Blink/Blink
Running .Blink
CompiledCompositeActor: Building shared object: The effigy ptolemy.actor.gui.PtolemyEffigy {.configuration.directory.effigy}(model : ptolemy.actor.TypedCompositeActor {.Blink}) says the model was modified and thus it does not matter if the shared object file is newer than the model file because the model file is out of date.
CompiledCompositeActor wrote file:/home/travis/cg/ Blink_EmbeddedCodeActor.java
In "/home/travis/cg", about to execute:
    javac -classpath . Blink_EmbeddedCodeActor.java
In "/home/travis/cg", about to execute:
    rm -f Blink_EmbeddedCodeActor.h
All Done
Not deleting /home/travis/cg/, there might be .class files that we just generated.
CCodeGenerator set the container? : actor.getContainer(): ptolemy.actor.TypedCompositeActor {.Blink} _isTopLevel: false generateEmbeddedCode: true
CCodeGenerator include the container .h? : container.getContainer(): ptolemy.actor.TypedCompositeActor {.Blink} _isTopLevel: false generateEmbeddedCode: true


CCodeGeneratorAdapter: appended to path /usr/lib/jvm/java-8-oracle/jre/bin/client
Reading "ptolemy/cg/kernel/generic/program/procedural/c/jnimakefile.in",
    writing "/home/travis/cg/Blink_EmbeddedCodeActor.mk"
Using ptolemy/cg/kernel/generic/program/procedural/c/jnimakefile.in
In "/home/travis/cg", about to execute:
    make -f Blink_EmbeddedCodeActor.mk
gcc -DPTJNI -D__int64="long long" -Wall  -std=c99 -ggdb  -I /home/travis/cg//_EmbeddedCodeActor -I"/usr/lib/jvm/java-8-oracle/include/linux" -I"/usr/lib/jvm/java-8-oracle/include" -I /home/travis/cg/commons/ -fPIC -shared -o libBlink_EmbeddedCodeActor.so ./_EmbeddedCodeActor/Blink_EmbeddedCodeActor.c ./_EmbeddedCodeActor/Blink_EmbeddedCodeActor_EmbeddedActor.c ./_EmbeddedCodeActor/Blink_EmbeddedCodeActor_SDFSchedule.c ./commons/_SDFReceiver.c ./commons/_CompositeActor.c ./commons/_AtomicActor.c ./commons/_Director.c ./commons/pblSet.c ./commons/pblHeap.c ./commons/_LocalClock.c ./commons/_SDFDirector.c ./commons/pblIterator.c ./commons/_Receiver.c ./commons/_IOPort.c ./commons/pblMap.c ./commons/_Actor.c ./commons/pblList.c ./commons/_ptTypes.c ./commons/pblCollection.c ./commons/pblPriorityQueue.c ./commons/pblhash.c ./commons/_TypedIOPort.c ./commons/pbl.c ./Blink_EmbeddedCodeActor_Main.c -lm -L"" -ljvm
In file included from ./Blink_EmbeddedCodeActor_Main.c:21:0:
./Blink_EmbeddedCodeActor_Main.h:24:21: warning: ‘input’ defined but not used [-Wunused-variable]
 static jobjectArray input;
                     ^
All Done
2936 ms. Memory: 1859072K Free: 1162888K (63%)
Exported /home/travis/build/icyphy/ptII/ptolemy/cg/adapter/generic/program/procedural/c/arduino/adapters/ptolemy/vergil/actor/lib/demo/Blink/Blink/index.html
7242 ms. Memory: 1859072K Free: 1102238K (59%)
####### 17 Sun May 19 04:49:00 UTC 2019 $PTII/bin/ptinvoke ptolemy.vergil.basic.export.ExportModel -force htm -run -openComposites -timeOut 30000 -whiteBackground ptolemy/cg/adapter/generic/program/procedural/c/arduino/adapters/ptolemy/vergil/actor/lib/demo/Life/Life.xml $PTII/ptolemy/cg/adapter/generic/program/procedural/c/arduino/adapters/ptolemy/vergil/actor/lib/demo/Life/Life
Running .Life
4049 ms. Memory: 1859072K Free: 856064K (46%)
Exported /home/travis/build/icyphy/ptII/ptolemy/cg/adapter/generic/program/procedural/c/arduino/adapters/ptolemy/vergil/actor/lib/demo/Life/Life/index.html
9591 ms. Memory: 1859072K Free: 399349K (21%)
####### 18 Sun May 19 04:49:10 UTC 2019 $PTII/bin/ptinvoke ptolemy.vergil.basic.export.ExportModel -force htm  -openComposites -timeOut 30000 -whiteBackground ptolemy/cg/adapter/generic/program/procedural/c/arduino/adapters/ptolemy/vergil/actor/lib/demo/Ultrasonic/Ultrasonic.xml $PTII/ptolemy/cg/adapter/generic/program/procedural/c/arduino/adapters/ptolemy/vergil/actor/lib/demo/Ultrasonic/Ultrasonic
Warning: not running ptolemy/cg/adapter/generic/program/procedural/c/arduino/adapters/ptolemy/vergil/actor/lib/demo/Ultrasonic/Ultrasonic.xml. See ptolemy/vergil/basic/export/test/junit/ExportModelJUnitTest.java
Exported /home/travis/build/icyphy/ptII/ptolemy/cg/adapter/generic/program/procedural/c/arduino/adapters/ptolemy/vergil/actor/lib/demo/Ultrasonic/Ultrasonic/index.html
3233 ms. Memory: 1856000K Free: 1678575K (90%)
####### 19 Sun May 19 04:49:13 UTC 2019 $PTII/bin/ptinvoke ptolemy.vergil.basic.export.ExportModel -force htm -run -openComposites -timeOut 30000 -whiteBackground ptolemy/cg/kernel/generic/accessor/demo/TestComposite/TestComposite.xml $PTII/ptolemy/cg/kernel/generic/accessor/demo/TestComposite/TestComposite
JSAccessor: PT_NO_NET environment variable is set, so git pull and ptdoc are not being run.
Running .TestComposite
3087 ms. Memory: 1837568K Free: 1630817K (89%)
Exported /home/travis/build/icyphy/ptII/ptolemy/cg/kernel/generic/accessor/demo/TestComposite/TestComposite/index.html
11826 ms. Memory: 1837568K Free: 1599330K (87%)
####### 20 Sun May 19 04:49:25 UTC 2019 $PTII/bin/ptinvoke ptolemy.vergil.basic.export.ExportModel -force htm -run -openComposites -timeOut 30000 -whiteBackground ptolemy/cg/lib/demo/CompiledCompositeActor/CompiledCompositeActor.xml $PTII/ptolemy/cg/lib/demo/CompiledCompositeActor/CompiledCompositeActor
Running .CompiledCompositeActor
CompiledCompositeActor: Building shared object: The sharedObjectFile has a modification time that is earlier than the modelFile modification time.
Writing CompiledCompositeActor_CompiledCompositeActor.java in file:/home/travis/cg/ (13466 characters)
Reading "ptolemy/cg/kernel/generic/program/procedural/java/makefile.in",
    writing "/home/travis/cg/CompiledCompositeActor_CompiledCompositeActor.mk"
Using ptolemy/cg/kernel/generic/program/procedural/java/makefile.in
In "/home/travis/cg", about to execute:
    make -f CompiledCompositeActor_CompiledCompositeActor.mk
javac -classpath ".:."    CompiledCompositeActor_CompiledCompositeActor.java
All Done
925 ms. Memory: 1837568K Free: 1449306K (79%)
Exported /home/travis/build/icyphy/ptII/ptolemy/cg/lib/demo/CompiledCompositeActor/CompiledCompositeActor/index.html
5261 ms. Memory: 1837568K Free: 1363600K (74%)
####### 21 Sun May 19 04:49:30 UTC 2019 $PTII/bin/ptinvoke ptolemy.vergil.basic.export.ExportModel -force htm  -openComposites -timeOut 30000 -whiteBackground ptolemy/cg/lib/demo/DECG/DECG.xml $PTII/ptolemy/cg/lib/demo/DECG/DECG
Warning: not running ptolemy/cg/lib/demo/DECG/DECG.xml. See ptolemy/vergil/basic/export/test/junit/ExportModelJUnitTest.java
Exported /home/travis/build/icyphy/ptII/ptolemy/cg/lib/demo/DECG/DECG/index.html
3185 ms. Memory: 1837568K Free: 1229827K (67%)
####### 22 Sun May 19 04:49:33 UTC 2019 $PTII/bin/ptinvoke ptolemy.vergil.basic.export.ExportModel -force htm -run -openComposites -timeOut 30000 -whiteBackground ptolemy/cg/lib/demo/DECG/DECGClockRamp.xml $PTII/ptolemy/cg/lib/demo/DECG/DECGClockRamp
Running .DECGClockRamp
18 ms. Memory: 1837568K Free: 1086070K (59%)
Exported /home/travis/build/icyphy/ptII/ptolemy/cg/lib/demo/DECG/DECGClockRamp/index.html
4213 ms. Memory: 1837568K Free: 1055338K (57%)
####### 23 Sun May 19 04:49:38 UTC 2019 $PTII/bin/ptinvoke ptolemy.vergil.basic.export.ExportModel -force htm -run -openComposites -timeOut 30000 -whiteBackground ptolemy/cg/lib/demo/DECG/DECGDelay.xml $PTII/ptolemy/cg/lib/demo/DECG/DECGDelay
Running .DECGDelay
22 ms. Memory: 1837568K Free: 928823K (51%)
Exported /home/travis/build/icyphy/ptII/ptolemy/cg/lib/demo/DECG/DECGDelay/index.html
4251 ms. Memory: 1837568K Free: 895218K (49%)
####### 24 Sun May 19 04:49:42 UTC 2019 $PTII/bin/ptinvoke ptolemy.vergil.basic.export.ExportModel -force htm -run -openComposites -timeOut 30000 -whiteBackground ptolemy/cg/lib/demo/DECG/DECGHelloWorld.xml $PTII/ptolemy/cg/lib/demo/DECG/DECGHelloWorld
Running .DECGHelloWorld
19 ms. Memory: 1837568K Free: 758059K (41%)
Exported /home/travis/build/icyphy/ptII/ptolemy/cg/lib/demo/DECG/DECGHelloWorld/index.html
4231 ms. Memory: 1837568K Free: 724454K (39%)
####### 25 Sun May 19 04:49:46 UTC 2019 $PTII/bin/ptinvoke ptolemy.vergil.basic.export.ExportModel -force htm -run -openComposites -timeOut 30000 -whiteBackground ptolemy/cg/lib/demo/DECG/DECGHeterogeneous.xml $PTII/ptolemy/cg/lib/demo/DECG/DECGHeterogeneous
Running .DECGHeterogeneous
73 ms. Memory: 1837568K Free: 496846K (27%)
Exported /home/travis/build/icyphy/ptII/ptolemy/cg/lib/demo/DECG/DECGHeterogeneous/index.html
4288 ms. Memory: 1837568K Free: 431361K (23%)
####### 26 Sun May 19 04:49:50 UTC 2019 $PTII/bin/ptinvoke ptolemy.vergil.basic.export.ExportModel -force htm -run -openComposites -timeOut 30000 -whiteBackground ptolemy/cg/lib/demo/DECG/DECGHeterogeneousMk2.xml $PTII/ptolemy/cg/lib/demo/DECG/DECGHeterogeneousMk2
Running .DECGHeterogeneousMk2
146 ms. Memory: 1845248K Free: 1760637K (95%)
Exported /home/travis/build/icyphy/ptII/ptolemy/cg/lib/demo/DECG/DECGHeterogeneousMk2/index.html
4792 ms. Memory: 1845248K Free: 1402637K (76%)
####### 27 Sun May 19 04:49:55 UTC 2019 $PTII/bin/ptinvoke ptolemy.vergil.basic.export.ExportModel -force htm -run -openComposites -timeOut 30000 -whiteBackground ptolemy/cg/lib/demo/DECG/DECGMath.xml $PTII/ptolemy/cg/lib/demo/DECG/DECGMath
Running .DECGMath
19 ms. Memory: 1845248K Free: 1245849K (68%)
Exported /home/travis/build/icyphy/ptII/ptolemy/cg/lib/demo/DECG/DECGMath/index.html
4221 ms. Memory: 1845248K Free: 1199040K (65%)
####### 28 Sun May 19 04:49:59 UTC 2019 $PTII/bin/ptinvoke ptolemy.vergil.basic.export.ExportModel -force htm -run -openComposites -timeOut 30000 -whiteBackground ptolemy/cg/lib/demo/DECG/DECGPi.xml $PTII/ptolemy/cg/lib/demo/DECG/DECGPi
Running .DECGPi
53 ms. Memory: 1845248K Free: 976533K (53%)
Exported /home/travis/build/icyphy/ptII/ptolemy/cg/lib/demo/DECG/DECGPi/index.html
4344 ms. Memory: 1845248K Free: 915842K (50%)
####### 29 Sun May 19 04:50:04 UTC 2019 $PTII/bin/ptinvoke ptolemy.vergil.basic.export.ExportModel -force htm -run -openComposites -timeOut 30000 -whiteBackground ptolemy/cg/lib/demo/DECG/DECGPiSquare.xml $PTII/ptolemy/cg/lib/demo/DECG/DECGPiSquare
Running .DECGPiSquare
178 ms. Memory: 1845248K Free: 700148K (38%)
Exported /home/travis/build/icyphy/ptII/ptolemy/cg/lib/demo/DECG/DECGPiSquare/index.html
4373 ms. Memory: 1845248K Free: 649227K (35%)
####### 30 Sun May 19 04:50:08 UTC 2019 $PTII/bin/ptinvoke ptolemy.vergil.basic.export.ExportModel -force htm -run -openComposites -timeOut 30000 -whiteBackground ptolemy/cg/lib/demo/DECG/DECGPoisson.xml $PTII/ptolemy/cg/lib/demo/DECG/DECGPoisson
Running .DECGPoisson
23 ms. Memory: 1845248K Free: 513021K (28%)
Exported /home/travis/build/icyphy/ptII/ptolemy/cg/lib/demo/DECG/DECGPoisson/index.html
4167 ms. Memory: 1845248K Free: 480861K (26%)
####### 31 Sun May 19 04:50:12 UTC 2019 $PTII/bin/ptinvoke ptolemy.vergil.basic.export.ExportModel -force htm  -openComposites -timeOut 30000 -whiteBackground ptolemy/cg/lib/demo/ModularCG/ModularCG.xml $PTII/ptolemy/cg/lib/demo/ModularCG/ModularCG
Warning: not running ptolemy/cg/lib/demo/ModularCG/ModularCG.xml. See ptolemy/vergil/basic/export/test/junit/ExportModelJUnitTest.java
Exported /home/travis/build/icyphy/ptII/ptolemy/cg/lib/demo/ModularCG/ModularCG/index.html
4808 ms. Memory: 1847296K Free: 1628099K (88%)
####### 32 Sun May 19 04:50:17 UTC 2019 $PTII/bin/ptinvoke ptolemy.vergil.basic.export.ExportModel -force htm -run -openComposites -timeOut 30000 -whiteBackground ptolemy/cg/lib/demo/ModularCGPubSub/ModularCGPubSub.xml $PTII/ptolemy/cg/lib/demo/ModularCGPubSub/ModularCGPubSub
Running .ModularCGPubSub
In "/home/travis/cg", about to execute:
    pwd
In "/home/travis/cg", about to execute:
    ls -l
/home/travis/cg
In "/home/travis/cg", about to execute:
    javac -classpath
.:/home/travis/build/icyphy/ptII:/home/travis/build/icyphy/ptII/lib/bsh-2.0b4.j
ar:/home/travis/build/icyphy/ptII/lib/ptCal.jar:/home/travis/build/icyphy/ptII/
lib/java_cup.jar:/home/travis/build/icyphy/ptII/lib/saxon8.jar:/home/travis/bui
ld/icyphy/ptII/lib/saxon8-dom.jar:/home/travis/build/icyphy/ptII/lib/chic.jar:/
home/travis/build/icyphy/ptII/lib/ptcolt.jar:/usr/lib/jvm/java-8-oracle/lib/too
ls.jar:/home/travis/build/icyphy/ptII/vendors/misc/itext/iText.jar:/home/travis
/build/icyphy/ptII/lib/g4ltl.jar:/home/travis/build/icyphy/ptII/lib/StructuralC
oder.jar:/home/travis/build/icyphy/ptII/vendors/jai-1_1_2_01/lib/jai_core.jar:/
home/travis/build/icyphy/ptII/vendors/jai-1_1_2_01/lib/jai_codec.jar:/home/trav
is/build/icyphy/ptII/lib/jcerti.jar:/home/travis/build/icyphy/ptII/lib/javax.ma
il.jar:/home/travis/build/icyphy/ptII/vendors/JMF-2.1.1e/lib/jmf.jar:/home/trav
is/build/icyphy/ptII/lib/jna-4.0.0-variadic.jar:/home/travis/build/icyphy/ptII/
vendors/misc/joystick/Joystick.jar:/home/travis/build/icyphy/ptII/lib/ptjacl.ja
r:/home/travis/build/icyphy/ptII/lib/jsoup-1.8.2.jar:/home/travis/build/icyphy/
ptII/lib/junit-4.8.2.jar:/home/travis/build/icyphy/ptII/lib/JUnitParams-0.4.0.j
ar:/home/travis/build/icyphy/ptII/ptolemy/actor/lib/excel/jxl.jar:/home/travis/
build/icyphy/ptII/lib/jython.jar:/home/travis/build/icyphy/ptII/lib/kieler.jar:
/home/travis/build/icyphy/ptII/vendors/opencv/share/OpenCV/java/opencv-341.jar:
/home/travis/build/icyphy/ptII/lib/oscP5.jar:/home/travis/build/icyphy/ptII/lib
/nrjavaserial-3.11.0.devel.jar:/home/travis/build/icyphy/ptII/vendors/j3d/lib/j
3dcore.jar:/home/travis/build/icyphy/ptII/vendors/j3d/lib/j3dutils.jar:/home/tr
avis/build/icyphy/ptII/vendors/j3d/lib/vecmath.jar:/home/travis/build/icyphy/pt
II/ptolemy/distributed/jini/jar/jini-core.jar:/home/travis/build/icyphy/ptII/pt
olemy/distributed/jini/jar/jini-ext.jar:/home/travis/build/icyphy/ptII/ptolemy/
distributed/jini/jar/sun-util.jar:/home/travis/build/icyphy/ptII/lib/protobuf-j
ava-2.4.1.jar:/home/travis/build/icyphy/ptII/lib/org.eclipse.paho.client.mqttv3
.jar:/home/travis/build/icyphy/ptII/lib/mapss.jar:/home/travis/build/icyphy/ptI
I/ptolemy/actor/ptalon/antlr/antlr.jar:/home/travis/build/icyphy/ptII/lib/JRI.j
ar:/home/travis/build/icyphy/ptII/lib/commons-lang-2.6.jar:/home/travis/build/i
cyphy/ptII/lib/commons-logging-1.1.1.jar:/home/travis/build/icyphy/ptII/lib/soo
tclasses.jar:/home/travis/build/icyphy/ptII/ptolemy/actor/lib/database/mysql-co
nnector-java-5.1.6-bin.jar:/home/travis/build/icyphy/ptII/vendors/misc/sphinx4/
sphinx4-data-5prealpha.jar:/home/travis/build/icyphy/ptII/vendors/misc/sphinx4/
sphinx4-core-5prealpha.jar:/home/travis/build/icyphy/ptII/lib/PDFRenderer.jar:/
home/travis/build/icyphy/ptII/lib/svgSalamander.jar:/home/travis/build/icyphy/p
tII/lib/rsyntaxtextarea-2.6.0-SNAPSHOT.jar:/home/travis/build/icyphy/ptII/lib/h
azelcast-3.8.2.jar:/home/travis/build/icyphy/ptII/lib/jackson-annotations-2.9.0
.jar:/home/travis/build/icyphy/ptII/lib/jackson-core-2.9.3.jar:/home/travis/bui
ld/icyphy/ptII/lib/jackson-databind-2.9.3.jar:/home/travis/build/icyphy/ptII/li
b/netty-buffer-4.1.19.Final.jar:/home/travis/build/icyphy/ptII/lib/netty-codec-
4.1.19.Final.jar:/home/travis/build/icyphy/ptII/lib/netty-codec-dns-4.1.19.Fina
l.jar:/home/travis/build/icyphy/ptII/lib/netty-codec-http-4.1.19.Final.jar:/hom
e/travis/build/icyphy/ptII/lib/netty-codec-http2-4.1.19.Final.jar:/home/travis/
build/icyphy/ptII/lib/netty-common-4.1.19.Final.jar:/home/travis/build/icyphy/p
tII/lib/netty-handler-4.1.19.Final.jar:/home/travis/build/icyphy/ptII/lib/netty
-resolver-4.1.19.Final.jar:/home/travis/build/icyphy/ptII/lib/netty-resolver-dn
s-4.1.19.Final.jar:/home/travis/build/icyphy/ptII/lib/netty-transport-4.1.19.Fi
nal.jar:/home/travis/build/icyphy/ptII/lib/vertx-codegen-3.5.1.jar:/home/travis
/build/icyphy/ptII/lib/vertx-core-3.5.2-SNAPSHOT.jar:/home/travis/build/icyphy/
ptII/lib/vertx-hazelcast-3.5.1.jar:/home/travis/build/icyphy/ptII/lib/vertx-lan
g-js-3.5.1.jar:/home/travis/build/icyphy/ptII/lib/vertx-service-proxy-3.5.1.jar
:/home/travis/build/icyphy/ptII/lib/vertx-web-3.5.1.jar:/home/travis/build/icyp
hy/ptII/lib/slf4j-api-1.7.13.jar:/home/travis/build/icyphy/ptII/lib/slf4j-simpl
e-1.7.13.jar:/home/travis/build/icyphy/ptII/lib/webcam-capture-0.3.12.jar:/home
/travis/build/icyphy/ptII/lib/bridj-0.7.0.jar:/home/travis/build/icyphy/ptII/li
b/xbjlib-1.1.0.nrjavaserial.jar:/home/travis/build/icyphy/ptII/ptolemy/moml/tes
t:/home/travis/build/icyphy/ptII/ant/lib/ant-launcher.jar:/home/travis/build/ic
yphy/ptII/ant/lib/ant.jar:/home/travis/build/icyphy/ptII/ant/lib/ant-junit.jar:
/home/travis/build/icyphy/ptII/ant/lib/ant-junit4.jar:/home/travis/build/icyphy
/ptII ModularCGPubSub_A1_A2_profile.java
total 396
-rw-rw-r-- 1 travis travis    476 May 19 04:48 Blink_EmbeddedCodeActor.class
-rw-rw-r-- 1 travis travis    270 May 19 04:48 Blink_EmbeddedCodeActor.java
-rw-rw-r-- 1 travis travis   2870 May 19 04:48 Blink_EmbeddedCodeActor_Main.c
-rw-rw-r-- 1 travis travis   1596 May 19 04:48 Blink_EmbeddedCodeActor_Main.h
-rw-rw-r-- 1 travis travis   1793 May 19 04:48 Blink_EmbeddedCodeActor.mk
drwxrwxr-x 2 travis travis   4096 May 19 04:48 commons
-rw-rw-r-- 1 travis travis   4895 May 19 04:49 CompiledCompositeActor_CompiledCompositeActor.class
-rw-rw-r-- 1 travis travis   1592 May 19 04:49 CompiledCompositeActor_CompiledCompositeActor$_CompiledCompositeActor_CompiledCompositeActor.class
-rw-rw-r-- 1 travis travis  13466 May 19 04:49 CompiledCompositeActor_CompiledCompositeActor.java
-rw-rw-r-- 1 travis travis   1593 May 19 04:49 CompiledCompositeActor_CompiledCompositeActor.mk
drwxrwxr-x 2 travis travis   4096 May 19 04:48 _EmbeddedCodeActor
-rwxrwxr-x 1 travis travis 328528 May 19 04:48 libBlink_EmbeddedCodeActor.so
-rw-rw-r-- 1 travis travis   1222 May 19 04:50 ModularCGPubSub_A1_A2_profile.java
-rw-rw-r-- 1 travis travis    432 May 19 04:49 Token.class
-rw-rw-r-- 1 travis travis    251 May 19 04:49 Token.java
All Done
Writing ModularCGPubSub_A1_A2.java in file:/home/travis/cg/ (9076 characters)
Reading "ptolemy/cg/kernel/generic/program/procedural/java/modular/makefile.in",
    writing "/home/travis/cg/ModularCGPubSub_A1_A2.mk"
Using ptolemy/cg/kernel/generic/program/procedural/java/modular/makefile.in
In "/home/travis/cg", about to execute:
    make -f ModularCGPubSub_A1_A2.mk
javac -classpath ".:.."    ModularCGPubSub_A1_A2.java
All Done
In "/home/travis/cg", about to execute:
    pwd
/home/travis/cg
In "/home/travis/cg", about to execute:
    ls -l
In "/home/travis/cg", about to execute:
    javac -classpath
.:/home/travis/build/icyphy/ptII:/home/travis/build/icyphy/ptII/lib/bsh-2.0b4.j
ar:/home/travis/build/icyphy/ptII/lib/ptCal.jar:/home/travis/build/icyphy/ptII/
lib/java_cup.jar:/home/travis/build/icyphy/ptII/lib/saxon8.jar:/home/travis/bui
ld/icyphy/ptII/lib/saxon8-dom.jar:/home/travis/build/icyphy/ptII/lib/chic.jar:/
home/travis/build/icyphy/ptII/lib/ptcolt.jar:/usr/lib/jvm/java-8-oracle/lib/too
ls.jar:/home/travis/build/icyphy/ptII/vendors/misc/itext/iText.jar:/home/travis
/build/icyphy/ptII/lib/g4ltl.jar:/home/travis/build/icyphy/ptII/lib/StructuralC
oder.jar:/home/travis/build/icyphy/ptII/vendors/jai-1_1_2_01/lib/jai_core.jar:/
home/travis/build/icyphy/ptII/vendors/jai-1_1_2_01/lib/jai_codec.jar:/home/trav
is/build/icyphy/ptII/lib/jcerti.jar:/home/travis/build/icyphy/ptII/lib/javax.ma
il.jar:/home/travis/build/icyphy/ptII/vendors/JMF-2.1.1e/lib/jmf.jar:/home/trav
is/build/icyphy/ptII/lib/jna-4.0.0-variadic.jar:/home/travis/build/icyphy/ptII/
vendors/misc/joystick/Joystick.jar:/home/travis/build/icyphy/ptII/lib/ptjacl.ja
r:/home/travis/build/icyphy/ptII/lib/jsoup-1.8.2.jar:/home/travis/build/icyphy/
ptII/lib/junit-4.8.2.jar:/home/travis/build/icyphy/ptII/lib/JUnitParams-0.4.0.j
ar:/home/travis/build/icyphy/ptII/ptolemy/actor/lib/excel/jxl.jar:/home/travis/
build/icyphy/ptII/lib/jython.jar:/home/travis/build/icyphy/ptII/lib/kieler.jar:
/home/travis/build/icyphy/ptII/vendors/opencv/share/OpenCV/java/opencv-341.jar:
/home/travis/build/icyphy/ptII/lib/oscP5.jar:/home/travis/build/icyphy/ptII/lib
/nrjavaserial-3.11.0.devel.jar:/home/travis/build/icyphy/ptII/vendors/j3d/lib/j
3dcore.jar:/home/travis/build/icyphy/ptII/vendors/j3d/lib/j3dutils.jar:/home/tr
avis/build/icyphy/ptII/vendors/j3d/lib/vecmath.jar:/home/travis/build/icyphy/pt
II/ptolemy/distributed/jini/jar/jini-core.jar:/home/travis/build/icyphy/ptII/pt
olemy/distributed/jini/jar/jini-ext.jar:/home/travis/build/icyphy/ptII/ptolemy/
distributed/jini/jar/sun-util.jar:/home/travis/build/icyphy/ptII/lib/protobuf-j
ava-2.4.1.jar:/home/travis/build/icyphy/ptII/lib/org.eclipse.paho.client.mqttv3
.jar:/home/travis/build/icyphy/ptII/lib/mapss.jar:/home/travis/build/icyphy/ptI
I/ptolemy/actor/ptalon/antlr/antlr.jar:/home/travis/build/icyphy/ptII/lib/JRI.j
ar:/home/travis/build/icyphy/ptII/lib/commons-lang-2.6.jar:/home/travis/build/i
cyphy/ptII/lib/commons-logging-1.1.1.jar:/home/travis/build/icyphy/ptII/lib/soo
tclasses.jar:/home/travis/build/icyphy/ptII/ptolemy/actor/lib/database/mysql-co
nnector-java-5.1.6-bin.jar:/home/travis/build/icyphy/ptII/vendors/misc/sphinx4/
sphinx4-data-5prealpha.jar:/home/travis/build/icyphy/ptII/vendors/misc/sphinx4/
sphinx4-core-5prealpha.jar:/home/travis/build/icyphy/ptII/lib/PDFRenderer.jar:/
home/travis/build/icyphy/ptII/lib/svgSalamander.jar:/home/travis/build/icyphy/p
tII/lib/rsyntaxtextarea-2.6.0-SNAPSHOT.jar:/home/travis/build/icyphy/ptII/lib/h
azelcast-3.8.2.jar:/home/travis/build/icyphy/ptII/lib/jackson-annotations-2.9.0
.jar:/home/travis/build/icyphy/ptII/lib/jackson-core-2.9.3.jar:/home/travis/bui
ld/icyphy/ptII/lib/jackson-databind-2.9.3.jar:/home/travis/build/icyphy/ptII/li
b/netty-buffer-4.1.19.Final.jar:/home/travis/build/icyphy/ptII/lib/netty-codec-
4.1.19.Final.jar:/home/travis/build/icyphy/ptII/lib/netty-codec-dns-4.1.19.Fina
l.jar:/home/travis/build/icyphy/ptII/lib/netty-codec-http-4.1.19.Final.jar:/hom
e/travis/build/icyphy/ptII/lib/netty-codec-http2-4.1.19.Final.jar:/home/travis/
build/icyphy/ptII/lib/netty-common-4.1.19.Final.jar:/home/travis/build/icyphy/p
tII/lib/netty-handler-4.1.19.Final.jar:/home/travis/build/icyphy/ptII/lib/netty
-resolver-4.1.19.Final.jar:/home/travis/build/icyphy/ptII/lib/netty-resolver-dn
s-4.1.19.Final.jar:/home/travis/build/icyphy/ptII/lib/netty-transport-4.1.19.Fi
nal.jar:/home/travis/build/icyphy/ptII/lib/vertx-codegen-3.5.1.jar:/home/travis
/build/icyphy/ptII/lib/vertx-core-3.5.2-SNAPSHOT.jar:/home/travis/build/icyphy/
ptII/lib/vertx-hazelcast-3.5.1.jar:/home/travis/build/icyphy/ptII/lib/vertx-lan
g-js-3.5.1.jar:/home/travis/build/icyphy/ptII/lib/vertx-service-proxy-3.5.1.jar
:/home/travis/build/icyphy/ptII/lib/vertx-web-3.5.1.jar:/home/travis/build/icyp
hy/ptII/lib/slf4j-api-1.7.13.jar:/home/travis/build/icyphy/ptII/lib/slf4j-simpl
e-1.7.13.jar:/home/travis/build/icyphy/ptII/lib/webcam-capture-0.3.12.jar:/home
/travis/build/icyphy/ptII/lib/bridj-0.7.0.jar:/home/travis/build/icyphy/ptII/li
b/xbjlib-1.1.0.nrjavaserial.jar:/home/travis/build/icyphy/ptII/ptolemy/moml/tes
t:/home/travis/build/icyphy/ptII/ant/lib/ant-launcher.jar:/home/travis/build/ic
yphy/ptII/ant/lib/ant.jar:/home/travis/build/icyphy/ptII/ant/lib/ant-junit.jar:
/home/travis/build/icyphy/ptII/ant/lib/ant-junit4.jar:/home/travis/build/icyphy
/ptII ModularCGPubSub_A1_profile.java
total 424
-rw-rw-r-- 1 travis travis    476 May 19 04:48 Blink_EmbeddedCodeActor.class
-rw-rw-r-- 1 travis travis    270 May 19 04:48 Blink_EmbeddedCodeActor.java
-rw-rw-r-- 1 travis travis   2870 May 19 04:48 Blink_EmbeddedCodeActor_Main.c
-rw-rw-r-- 1 travis travis   1596 May 19 04:48 Blink_EmbeddedCodeActor_Main.h
-rw-rw-r-- 1 travis travis   1793 May 19 04:48 Blink_EmbeddedCodeActor.mk
drwxrwxr-x 2 travis travis   4096 May 19 04:48 commons
-rw-rw-r-- 1 travis travis   4895 May 19 04:49 CompiledCompositeActor_CompiledCompositeActor.class
-rw-rw-r-- 1 travis travis   1592 May 19 04:49 CompiledCompositeActor_CompiledCompositeActor$_CompiledCompositeActor_CompiledCompositeActor.class
-rw-rw-r-- 1 travis travis  13466 May 19 04:49 CompiledCompositeActor_CompiledCompositeActor.java
-rw-rw-r-- 1 travis travis   1593 May 19 04:49 CompiledCompositeActor_CompiledCompositeActor.mk
drwxrwxr-x 2 travis travis   4096 May 19 04:48 _EmbeddedCodeActor
-rwxrwxr-x 1 travis travis 328528 May 19 04:48 libBlink_EmbeddedCodeActor.so
-rw-rw-r-- 1 travis travis   3473 May 19 04:50 ModularCGPubSub_A1_A2.class
-rw-rw-r-- 1 travis travis   9076 May 19 04:50 ModularCGPubSub_A1_A2.java
-rw-rw-r-- 1 travis travis    880 May 19 04:50 ModularCGPubSub_A1_A2.mk
-rw-rw-r-- 1 travis travis   1300 May 19 04:50 ModularCGPubSub_A1_A2_profile.class
-rw-rw-r-- 1 travis travis   1222 May 19 04:50 ModularCGPubSub_A1_A2_profile.java
-rw-rw-r-- 1 travis travis   1388 May 19 04:50 ModularCGPubSub_A1_profile.java
-rw-rw-r-- 1 travis travis    432 May 19 04:50 Token.class
-rw-rw-r-- 1 travis travis    251 May 19 04:50 Token.java
All Done
Writing ModularCGPubSub_A1.java in file:/home/travis/cg/ (9836 characters)
Reading "ptolemy/cg/kernel/generic/program/procedural/java/modular/makefile.in",
    writing "/home/travis/cg/ModularCGPubSub_A1.mk"
Using ptolemy/cg/kernel/generic/program/procedural/java/modular/makefile.in
In "/home/travis/cg", about to execute:
    make -f ModularCGPubSub_A1.mk
javac -classpath ".:.."    ModularCGPubSub_A1.java
All Done
4702 ms. Memory: 1848320K Free: 811278K (44%)
Exported /home/travis/build/icyphy/ptII/ptolemy/cg/lib/demo/ModularCGPubSub/ModularCGPubSub/index.html
11045 ms. Memory: 1856512K Free: 1479677K (80%)
####### 33 Sun May 19 04:50:28 UTC 2019 $PTII/bin/ptinvoke ptolemy.vergil.basic.export.ExportModel -force htm  -openComposites -timeOut 30000 -whiteBackground ptolemy/cg/lib/demo/Scale/Scale.xml $PTII/ptolemy/cg/lib/demo/Scale/Scale
Warning: not running ptolemy/cg/lib/demo/Scale/Scale.xml. See ptolemy/vergil/basic/export/test/junit/ExportModelJUnitTest.java
Exported /home/travis/build/icyphy/ptII/ptolemy/cg/lib/demo/Scale/Scale/index.html
3158 ms. Memory: 1856512K Free: 1358149K (73%)
####### 34 Sun May 19 04:50:31 UTC 2019 $PTII/bin/ptinvoke ptolemy.vergil.basic.export.ExportModel -force htm  -openComposites -timeOut 30000 -whiteBackground ptolemy/cg/lib/demo/Scale/ScaleC.xml $PTII/ptolemy/cg/lib/demo/Scale/ScaleC
Warning: not running ptolemy/cg/lib/demo/Scale/ScaleC.xml. See ptolemy/vergil/basic/export/test/junit/ExportModelJUnitTest.java
Exported /home/travis/build/icyphy/ptII/ptolemy/cg/lib/demo/Scale/ScaleC/index.html
3171 ms. Memory: 1856512K Free: 1215159K (65%)
####### 35 Sun May 19 04:50:34 UTC 2019 $PTII/bin/ptinvoke ptolemy.vergil.basic.export.ExportModel -force htm -run -openComposites -timeOut 30000 -whiteBackground ptolemy/cg/lib/demo/Scale/ScaleCFlat.xml $PTII/ptolemy/cg/lib/demo/Scale/ScaleCFlat
Running .ScaleCFlat
49 ms. Memory: 1856512K Free: 1030401K (56%)
Exported /home/travis/build/icyphy/ptII/ptolemy/cg/lib/demo/Scale/ScaleCFlat/index.html
4242 ms. Memory: 1856512K Free: 998776K (54%)
####### 36 Sun May 19 04:50:39 UTC 2019 $PTII/bin/ptinvoke ptolemy.vergil.basic.export.ExportModel -force htm -run -openComposites -timeOut 30000 -whiteBackground ptolemy/cg/lib/demo/Scale/ScaleJava.xml $PTII/ptolemy/cg/lib/demo/Scale/ScaleJava
Running .ScaleJava
CompiledCompositeActor: Building shared object: The sharedObjectFile has a modification time that is earlier than the modelFile modification time.
Writing ScaleJava_EmbeddedActor.java in file:/home/travis/cg/ (9330 characters)
Reading "ptolemy/cg/kernel/generic/program/procedural/java/makefile.in",
    writing "/home/travis/cg/ScaleJava_EmbeddedActor.mk"
Using ptolemy/cg/kernel/generic/program/procedural/java/makefile.in
In "/home/travis/cg", about to execute:
    make -f ScaleJava_EmbeddedActor.mk
javac -classpath ".:."    ScaleJava_EmbeddedActor.java
All Done
738 ms. Memory: 1856512K Free: 844639K (45%)
Exported /home/travis/build/icyphy/ptII/ptolemy/cg/lib/demo/Scale/ScaleJava/index.html
4872 ms. Memory: 1856512K Free: 816543K (44%)
####### 37 Sun May 19 04:50:44 UTC 2019 $PTII/bin/ptinvoke ptolemy.vergil.basic.export.ExportModel -force htm -run -openComposites -timeOut 30000 -whiteBackground ptolemy/configs/doc/ClassesIllustrated.xml $PTII/ptolemy/configs/doc/ClassesIllustrated
Running .ClassesIllustrated
1 ms. Memory: 1856512K Free: 650313K (35%)
Exported /home/travis/build/icyphy/ptII/ptolemy/configs/doc/ClassesIllustrated/index.html
4352 ms. Memory: 1856512K Free: 458697K (25%)
####### 38 Sun May 19 04:50:48 UTC 2019 $PTII/bin/ptinvoke ptolemy.vergil.basic.export.ExportModel -force htm -run -openComposites -timeOut 30000 -whiteBackground ptolemy/data/ontologies/demo/CarTracking/CarTracking.xml $PTII/ptolemy/data/ontologies/demo/CarTracking/CarTracking
Running .CarTracking
3357 ms. Memory: 1865728K Free: 990941K (53%)
Exported /home/travis/build/icyphy/ptII/ptolemy/data/ontologies/demo/CarTracking/CarTracking/index.html
9094 ms. Memory: 1865728K Free: 409952K (22%)
####### 39 Sun May 19 04:50:57 UTC 2019 $PTII/bin/ptinvoke ptolemy.vergil.basic.export.ExportModel -force htm -run -openComposites -timeOut 30000 -whiteBackground ptolemy/data/ontologies/demo/ConstAbstractInterpretation/ConstAbstractInterpretation.xml $PTII/ptolemy/data/ontologies/demo/ConstAbstractInterpretation/ConstAbstractInterpretation
Running .ConstAbstractInterpretation
371 ms. Memory: 1869312K Free: 1735634K (93%)
Exported /home/travis/build/icyphy/ptII/ptolemy/data/ontologies/demo/ConstAbstractInterpretation/ConstAbstractInterpretation/index.html
4641 ms. Memory: 1869312K Free: 1680310K (90%)
####### 40 Sun May 19 04:51:02 UTC 2019 $PTII/bin/ptinvoke ptolemy.vergil.basic.export.ExportModel -force htm  -openComposites -timeOut 30000 -whiteBackground ptolemy/data/ontologies/demo/ConstAbstractInterpretationObservable/ConstAbstractInterpretationObservable.xml $PTII/ptolemy/data/ontologies/demo/ConstAbstractInterpretationObservable/ConstAbstractInterpretationObservable
Warning: not running ptolemy/data/ontologies/demo/ConstAbstractInterpretationObservable/ConstAbstractInterpretationObservable.xml. See ptolemy/vergil/basic/export/test/junit/ExportModelJUnitTest.java
Exported /home/travis/build/icyphy/ptII/ptolemy/data/ontologies/demo/ConstAbstractInterpretationObservable/ConstAbstractInterpretationObservable/index.html
3162 ms. Memory: 1869312K Free: 1543831K (83%)
####### 41 Sun May 19 04:51:05 UTC 2019 $PTII/bin/ptinvoke ptolemy.vergil.basic.export.ExportModel -force htm -run -openComposites -timeOut 30000 -whiteBackground ptolemy/data/ontologies/demo/ConstAbstractInterpretationObservable/ConstComparatorEqualToDemo.xml $PTII/ptolemy/data/ontologies/demo/ConstAbstractInterpretationObservable/ConstComparatorEqualToDemo
Running .ConstComparatorEqualToDemo
1656 ms. Memory: 1869312K Free: 683724K (37%)
Exported /home/travis/build/icyphy/ptII/ptolemy/data/ontologies/demo/ConstAbstractInterpretationObservable/ConstComparatorEqualToDemo/index.html
5901 ms. Memory: 1869312K Free: 610385K (33%)
####### 42 Sun May 19 04:51:11 UTC 2019 $PTII/bin/ptinvoke ptolemy.vergil.basic.export.ExportModel -force htm -run -openComposites -timeOut 30000 -whiteBackground ptolemy/data/ontologies/demo/ConstAbstractInterpretationObservable/ConstComparatorGreaterThanDemo.xml $PTII/ptolemy/data/ontologies/demo/ConstAbstractInterpretationObservable/ConstComparatorGreaterThanDemo
Running .ConstComparatorGreaterThanDemo
1582 ms. Memory: 1868800K Free: 1325683K (71%)
Exported /home/travis/build/icyphy/ptII/ptolemy/data/ontologies/demo/ConstAbstractInterpretationObservable/ConstComparatorGreaterThanDemo/index.html
5879 ms. Memory: 1868800K Free: 1245968K (67%)
####### 43 Sun May 19 04:51:17 UTC 2019 $PTII/bin/ptinvoke ptolemy.vergil.basic.export.ExportModel -force htm -run -openComposites -timeOut 30000 -whiteBackground ptolemy/data/ontologies/demo/ConstAbstractInterpretationObservable/ConstComparatorGTEDemo.xml $PTII/ptolemy/data/ontologies/demo/ConstAbstractInterpretationObservable/ConstComparatorGTEDemo
Running .ConstComparatorGTEDemo
1148 ms. Memory: 1868800K Free: 372228K (20%)
Exported /home/travis/build/icyphy/ptII/ptolemy/data/ontologies/demo/ConstAbstractInterpretationObservable/ConstComparatorGTEDemo/index.html
5395 ms. Memory: 1868800K Free: 300123K (16%)
####### 44 Sun May 19 04:51:22 UTC 2019 $PTII/bin/ptinvoke ptolemy.vergil.basic.export.ExportModel -force htm -run -openComposites -timeOut 30000 -whiteBackground ptolemy/data/ontologies/demo/ConstAbstractInterpretationObservable/ConstComparatorLessThanDemo.xml $PTII/ptolemy/data/ontologies/demo/ConstAbstractInterpretationObservable/ConstComparatorLessThanDemo
Running .ConstComparatorLessThanDemo
1180 ms. Memory: 1848320K Free: 1007470K (55%)
Exported /home/travis/build/icyphy/ptII/ptolemy/data/ontologies/demo/ConstAbstractInterpretationObservable/ConstComparatorLessThanDemo/index.html
5474 ms. Memory: 1848320K Free: 932649K (50%)
####### 45 Sun May 19 04:51:27 UTC 2019 $PTII/bin/ptinvoke ptolemy.vergil.basic.export.ExportModel -force htm -run -openComposites -timeOut 30000 -whiteBackground ptolemy/data/ontologies/demo/ConstAbstractInterpretationObservable/ConstComparatorLTEDemo.xml $PTII/ptolemy/data/ontologies/demo/ConstAbstractInterpretationObservable/ConstComparatorLTEDemo
Running .ConstComparatorLTEDemo
1127 ms. Memory: 1842176K Free: 1586514K (86%)
Exported /home/travis/build/icyphy/ptII/ptolemy/data/ontologies/demo/ConstAbstractInterpretationObservable/ConstComparatorLTEDemo/index.html
5367 ms. Memory: 1842176K Free: 1513579K (82%)
####### 46 Sun May 19 04:51:33 UTC 2019 $PTII/bin/ptinvoke ptolemy.vergil.basic.export.ExportModel -force htm -run -openComposites -timeOut 30000 -whiteBackground ptolemy/data/ontologies/demo/ConstAbstractInterpretationObservable/ConstMultiplyDivideDemo.xml $PTII/ptolemy/data/ontologies/demo/ConstAbstractInterpretationObservable/ConstMultiplyDivideDemo
Running .ConstMultiplyDivideDemo
2099 ms. Memory: 1856512K Free: 1564580K (84%)
Exported /home/travis/build/icyphy/ptII/ptolemy/data/ontologies/demo/ConstAbstractInterpretationObservable/ConstMultiplyDivideDemo/index.html
6347 ms. Memory: 1856512K Free: 1464562K (79%)
####### 47 Sun May 19 04:51:39 UTC 2019 $PTII/bin/ptinvoke ptolemy.vergil.basic.export.ExportModel -force htm -run -openComposites -timeOut 30000 -whiteBackground ptolemy/data/ontologies/demo/ConstAbstractInterpretationObservable/ConstScaleDemo.xml $PTII/ptolemy/data/ontologies/demo/ConstAbstractInterpretationObservable/ConstScaleDemo
Running .ConstScaleDemo
945 ms. Memory: 1856512K Free: 645281K (35%)
Exported /home/travis/build/icyphy/ptII/ptolemy/data/ontologies/demo/ConstAbstractInterpretationObservable/ConstScaleDemo/index.html
5182 ms. Memory: 1856512K Free: 548788K (30%)
####### 48 Sun May 19 04:51:44 UTC 2019 $PTII/bin/ptinvoke ptolemy.vergil.basic.export.ExportModel -force htm  -openComposites -timeOut 30000 -whiteBackground ptolemy/data/ontologies/demo/ConstNonconst/Const.xml $PTII/ptolemy/data/ontologies/demo/ConstNonconst/Const
Warning: not running ptolemy/data/ontologies/demo/ConstNonconst/Const.xml. See ptolemy/vergil/basic/export/test/junit/ExportModelJUnitTest.java
Exported /home/travis/build/icyphy/ptII/ptolemy/data/ontologies/demo/ConstNonconst/Const/index.html
3192 ms. Memory: 1856512K Free: 375055K (20%)
####### 49 Sun May 19 04:51:48 UTC 2019 $PTII/bin/ptinvoke ptolemy.vergil.basic.export.ExportModel -force htm -run -openComposites -timeOut 30000 -whiteBackground ptolemy/data/ontologies/demo/ConstNonconst/ConstNonconst.xml $PTII/ptolemy/data/ontologies/demo/ConstNonconst/ConstNonconst
Running .ConstNonconst
393 ms. Memory: 1755136K Free: 1514540K (86%)
Exported /home/travis/build/icyphy/ptII/ptolemy/data/ontologies/demo/ConstNonconst/ConstNonconst/index.html
4561 ms. Memory: 1755136K Free: 1447529K (82%)
####### 50 Sun May 19 04:51:52 UTC 2019 $PTII/bin/ptinvoke ptolemy.vergil.basic.export.ExportModel -force htm -run -openComposites -timeOut 30000 -whiteBackground ptolemy/data/ontologies/demo/ConstPropagation/BooleanSwitchDemoProductLattice.xml $PTII/ptolemy/data/ontologies/demo/ConstPropagation/BooleanSwitchDemoProductLattice
Running .BooleanSwitchDemoProductLattice
1309 ms. Memory: 1755136K Free: 544841K (31%)
Exported /home/travis/build/icyphy/ptII/ptolemy/data/ontologies/demo/ConstPropagation/BooleanSwitchDemoProductLattice/index.html
5757 ms. Memory: 1755136K Free: 464278K (26%)
####### 51 Sun May 19 04:51:58 UTC 2019 $PTII/bin/ptinvoke ptolemy.vergil.basic.export.ExportModel -force htm -run -openComposites -timeOut 30000 -whiteBackground ptolemy/data/ontologies/demo/ConstPropagation/ConstComparatorEqualToDemo.xml $PTII/ptolemy/data/ontologies/demo/ConstPropagation/ConstComparatorEqualToDemo
Running .ConstComparatorEqualToDemo
1772 ms. Memory: 1805824K Free: 881513K (49%)
Exported /home/travis/build/icyphy/ptII/ptolemy/data/ontologies/demo/ConstPropagation/ConstComparatorEqualToDemo/index.html
6019 ms. Memory: 1805824K Free: 793148K (44%)
####### 52 Sun May 19 04:52:04 UTC 2019 $PTII/bin/ptinvoke ptolemy.vergil.basic.export.ExportModel -force htm -run -openComposites -timeOut 30000 -whiteBackground ptolemy/data/ontologies/demo/ConstPropagation/ConstComparatorGreaterThanDemo.xml $PTII/ptolemy/data/ontologies/demo/ConstPropagation/ConstComparatorGreaterThanDemo
Running .ConstComparatorGreaterThanDemo
1387 ms. Memory: 1789952K Free: 1141807K (64%)
Exported /home/travis/build/icyphy/ptII/ptolemy/data/ontologies/demo/ConstPropagation/ConstComparatorGreaterThanDemo/index.html
5585 ms. Memory: 1789952K Free: 1056816K (59%)
####### 53 Sun May 19 04:52:10 UTC 2019 $PTII/bin/ptinvoke ptolemy.vergil.basic.export.ExportModel -force htm -run -openComposites -timeOut 30000 -whiteBackground ptolemy/data/ontologies/demo/ConstPropagation/ConstMultiplyDivideDemo.xml $PTII/ptolemy/data/ontologies/demo/ConstPropagation/ConstMultiplyDivideDemo
Running .ConstMultiplyDivideDemo
2348 ms. Memory: 1774080K Free: 839645K (47%)
Exported /home/travis/build/icyphy/ptII/ptolemy/data/ontologies/demo/ConstPropagation/ConstMultiplyDivideDemo/index.html
6665 ms. Memory: 1774080K Free: 724823K (41%)
####### 54 Sun May 19 04:52:16 UTC 2019 $PTII/bin/ptinvoke ptolemy.vergil.basic.export.ExportModel -force htm  -openComposites -timeOut 30000 -whiteBackground ptolemy/data/ontologies/demo/ConstPropagation/ConstPropagation.xml $PTII/ptolemy/data/ontologies/demo/ConstPropagation/ConstPropagation
Warning: not running ptolemy/data/ontologies/demo/ConstPropagation/ConstPropagation.xml. See ptolemy/vergil/basic/export/test/junit/ExportModelJUnitTest.java
Exported /home/travis/build/icyphy/ptII/ptolemy/data/ontologies/demo/ConstPropagation/ConstPropagation/index.html
3151 ms. Memory: 1774080K Free: 577708K (33%)
####### 55 Sun May 19 04:52:19 UTC 2019 $PTII/bin/ptinvoke ptolemy.vergil.basic.export.ExportModel -force htm -run -openComposites -timeOut 30000 -whiteBackground ptolemy/data/ontologies/demo/ConstPropagation/ConstPropagationAbsIntObservableReachableProductSolverModel.xml $PTII/ptolemy/data/ontologies/demo/ConstPropagation/ConstPropagationAbsIntObservableReachableProductSolverModel
.ConstPropagationAbsIntObservableReachableProductSolverModel is a ptolemy.data.ontologies.OntologySolverModel not a TypedCompositeActor, so it cannot be run.
Exported /home/travis/build/icyphy/ptII/ptolemy/data/ontologies/demo/ConstPropagation/ConstPropagationAbsIntObservableReachableProductSolverModel/index.html
4580 ms. Memory: 1793536K Free: 1548468K (86%)
####### 56 Sun May 19 04:52:24 UTC 2019 $PTII/bin/ptinvoke ptolemy.vergil.basic.export.ExportModel -force htm -run -openComposites -timeOut 30000 -whiteBackground ptolemy/data/ontologies/demo/ConstPropagation/ConstPropagationAbsIntScale.xml $PTII/ptolemy/data/ontologies/demo/ConstPropagation/ConstPropagationAbsIntScale
Running .ConstPropagationAbsIntScale
24 ms. Memory: 1793536K Free: 1392955K (78%)
Exported /home/travis/build/icyphy/ptII/ptolemy/data/ontologies/demo/ConstPropagation/ConstPropagationAbsIntScale/index.html
4196 ms. Memory: 1793536K Free: 1367087K (76%)
####### 57 Sun May 19 04:52:28 UTC 2019 $PTII/bin/ptinvoke ptolemy.vergil.basic.export.ExportModel -force htm -run -openComposites -timeOut 30000 -whiteBackground ptolemy/data/ontologies/demo/ConstPropagation/SimpleConstPropagationDemo.xml $PTII/ptolemy/data/ontologies/demo/ConstPropagation/SimpleConstPropagationDemo
Running .SimpleConstPropagationDemo
256 ms. Memory: 1793536K Free: 1075578K (60%)
Exported /home/travis/build/icyphy/ptII/ptolemy/data/ontologies/demo/ConstPropagation/SimpleConstPropagationDemo/index.html
4401 ms. Memory: 1793536K Free: 1014146K (57%)
####### 58 Sun May 19 04:52:33 UTC 2019 $PTII/bin/ptinvoke ptolemy.vergil.basic.export.ExportModel -force htm -run -openComposites -timeOut 30000 -whiteBackground ptolemy/data/ontologies/demo/ConstPropagation/SimpleNonconstPropagationDemo.xml $PTII/ptolemy/data/ontologies/demo/ConstPropagation/SimpleNonconstPropagationDemo
Running .SimpleNonconstPropagationDemo
290 ms. Memory: 1793536K Free: 721302K (40%)
Exported /home/travis/build/icyphy/ptII/ptolemy/data/ontologies/demo/ConstPropagation/SimpleNonconstPropagationDemo/index.html
4440 ms. Memory: 1793536K Free: 670836K (37%)
####### 59 Sun May 19 04:52:37 UTC 2019 $PTII/bin/ptinvoke ptolemy.vergil.basic.export.ExportModel -force htm  -openComposites -timeOut 30000 -whiteBackground ptolemy/data/ontologies/demo/DimensionSystemExample/DimensionSystemExample.xml $PTII/ptolemy/data/ontologies/demo/DimensionSystemExample/DimensionSystemExample
Warning: not running ptolemy/data/ontologies/demo/DimensionSystemExample/DimensionSystemExample.xml. See ptolemy/vergil/basic/export/test/junit/ExportModelJUnitTest.java
Exported /home/travis/build/icyphy/ptII/ptolemy/data/ontologies/demo/DimensionSystemExample/DimensionSystemExample/index.html
3138 ms. Memory: 1793536K Free: 523834K (29%)
####### 60 Sun May 19 04:52:40 UTC 2019 $PTII/bin/ptinvoke ptolemy.vergil.basic.export.ExportModel -force htm -run -openComposites -timeOut 30000 -whiteBackground ptolemy/data/ontologies/demo/ExceptionAnalysis/ExceptionAnalysis.xml $PTII/ptolemy/data/ontologies/demo/ExceptionAnalysis/ExceptionAnalysis
Running .ExceptionAnalysis
7 ms. Memory: 1793536K Free: 413501K (23%)
Exported /home/travis/build/icyphy/ptII/ptolemy/data/ontologies/demo/ExceptionAnalysis/ExceptionAnalysis/index.html
4177 ms. Memory: 1793536K Free: 359001K (20%)
####### 61 Sun May 19 04:52:44 UTC 2019 $PTII/bin/ptinvoke ptolemy.vergil.basic.export.ExportModel -force htm -run -openComposites -timeOut 30000 -whiteBackground ptolemy/data/ontologies/demo/MonotonicityAnalysis/MonotonicityAnalysis.xml $PTII/ptolemy/data/ontologies/demo/MonotonicityAnalysis/MonotonicityAnalysis
Running .MonotonicityAnalysis
116 ms. Memory: 1793536K Free: 175786K (10%)
Exported /home/travis/build/icyphy/ptII/ptolemy/data/ontologies/demo/MonotonicityAnalysis/MonotonicityAnalysis/index.html
4269 ms. Memory: 1711616K Free: 1469973K (86%)
####### 62 Sun May 19 04:52:49 UTC 2019 $PTII/bin/ptinvoke ptolemy.vergil.basic.export.ExportModel -force htm -run -openComposites -timeOut 30000 -whiteBackground ptolemy/data/ontologies/demo/Observable/Observable.xml $PTII/ptolemy/data/ontologies/demo/Observable/Observable
Running .Observable
105 ms. Memory: 1711616K Free: 1287705K (75%)
Exported /home/travis/build/icyphy/ptII/ptolemy/data/ontologies/demo/Observable/Observable/index.html
4281 ms. Memory: 1711616K Free: 1245697K (73%)
####### 63 Sun May 19 04:52:53 UTC 2019 $PTII/bin/ptinvoke ptolemy.vergil.basic.export.ExportModel -force htm -run -openComposites -timeOut 30000 -whiteBackground ptolemy/data/ontologies/demo/ProductLattices/BooleanSwitchDemoProductLattice.xml $PTII/ptolemy/data/ontologies/demo/ProductLattices/BooleanSwitchDemoProductLattice
Running .BooleanSwitchDemoProductLattice
2341 ms. Memory: 1782272K Free: 1096486K (62%)
Exported /home/travis/build/icyphy/ptII/ptolemy/data/ontologies/demo/ProductLattices/BooleanSwitchDemoProductLattice/index.html
6713 ms. Memory: 1782272K Free: 1003094K (56%)
####### 64 Sun May 19 04:53:00 UTC 2019 $PTII/bin/ptinvoke ptolemy.vergil.basic.export.ExportModel -force htm -run -openComposites -timeOut 30000 -whiteBackground ptolemy/data/ontologies/demo/ProductLattices/ConstAbsIntObservableReachableProductSolverModel.xml $PTII/ptolemy/data/ontologies/demo/ProductLattices/ConstAbsIntObservableReachableProductSolverModel
.ConstAbsIntObservableReachableProductSolverModel is a ptolemy.data.ontologies.OntologySolverModel not a TypedCompositeActor, so it cannot be run.
Exported /home/travis/build/icyphy/ptII/ptolemy/data/ontologies/demo/ProductLattices/ConstAbsIntObservableReachableProductSolverModel/index.html
4540 ms. Memory: 1782272K Free: 502351K (28%)
####### 65 Sun May 19 04:53:04 UTC 2019 $PTII/bin/ptinvoke ptolemy.vergil.basic.export.ExportModel -force htm -run -openComposites -timeOut 30000 -whiteBackground ptolemy/data/ontologies/demo/ProductLattices/ConstMultiplyDivideDemoProductLattice.xml $PTII/ptolemy/data/ontologies/demo/ProductLattices/ConstMultiplyDivideDemoProductLattice
Running .ConstMultiplyDivideDemoProductLattice
1493 ms. Memory: 1779712K Free: 906140K (51%)
Exported /home/travis/build/icyphy/ptII/ptolemy/data/ontologies/demo/ProductLattices/ConstMultiplyDivideDemoProductLattice/index.html
5705 ms. Memory: 1779712K Free: 817318K (46%)
####### 66 Sun May 19 04:53:10 UTC 2019 $PTII/bin/ptinvoke ptolemy.vergil.basic.export.ExportModel -force htm -run -openComposites -timeOut 30000 -whiteBackground ptolemy/data/ontologies/demo/ProductLattices/ConstScaleDemoProductLattice.xml $PTII/ptolemy/data/ontologies/demo/ProductLattices/ConstScaleDemoProductLattice
Running .ConstScaleDemoProductLattice
866 ms. Memory: 1797632K Free: 1487586K (83%)
Exported /home/travis/build/icyphy/ptII/ptolemy/data/ontologies/demo/ProductLattices/ConstScaleDemoProductLattice/index.html
5119 ms. Memory: 1797632K Free: 1409964K (78%)
####### 67 Sun May 19 04:53:15 UTC 2019 $PTII/bin/ptinvoke ptolemy.vergil.basic.export.ExportModel -force htm  -openComposites -timeOut 30000 -whiteBackground ptolemy/data/ontologies/demo/ProductLattices/ConstScaleZeroDemoProductLattice.xml $PTII/ptolemy/data/ontologies/demo/ProductLattices/ConstScaleZeroDemoProductLattice
Warning: not running ptolemy/data/ontologies/demo/ProductLattices/ConstScaleZeroDemoProductLattice.xml. See ptolemy/vergil/basic/export/test/junit/ExportModelJUnitTest.java
Exported /home/travis/build/icyphy/ptII/ptolemy/data/ontologies/demo/ProductLattices/ConstScaleZeroDemoProductLattice/index.html
3186 ms. Memory: 1797632K Free: 1206232K (67%)
####### 68 Sun May 19 04:53:18 UTC 2019 $PTII/bin/ptinvoke ptolemy.vergil.basic.export.ExportModel -force htm  -openComposites -timeOut 30000 -whiteBackground ptolemy/data/ontologies/demo/ProductLattices/LatticeComposition.xml $PTII/ptolemy/data/ontologies/demo/ProductLattices/LatticeComposition
Warning: not running ptolemy/data/ontologies/demo/ProductLattices/LatticeComposition.xml. See ptolemy/vergil/basic/export/test/junit/ExportModelJUnitTest.java
Exported /home/travis/build/icyphy/ptII/ptolemy/data/ontologies/demo/ProductLattices/LatticeComposition/index.html
3248 ms. Memory: 1797632K Free: 879850K (49%)
####### 69 Sun May 19 04:53:21 UTC 2019 $PTII/bin/ptinvoke ptolemy.vergil.basic.export.ExportModel -force htm -run -openComposites -timeOut 30000 -whiteBackground ptolemy/data/ontologies/demo/ProductLattices/LatticeCompositionSolverModel.xml $PTII/ptolemy/data/ontologies/demo/ProductLattices/LatticeCompositionSolverModel
.LatticeCompositionSolverModel is a ptolemy.data.ontologies.OntologySolverModel not a TypedCompositeActor, so it cannot be run.
Exported /home/travis/build/icyphy/ptII/ptolemy/data/ontologies/demo/ProductLattices/LatticeCompositionSolverModel/index.html
4428 ms. Memory: 1797632K Free: 236493K (13%)
####### 70 Sun May 19 04:53:26 UTC 2019 $PTII/bin/ptinvoke ptolemy.vergil.basic.export.ExportModel -force htm  -openComposites -timeOut 30000 -whiteBackground ptolemy/data/ontologies/demo/ProductLattices/ProductLattices.xml $PTII/ptolemy/data/ontologies/demo/ProductLattices/ProductLattices
Warning: not running ptolemy/data/ontologies/demo/ProductLattices/ProductLattices.xml. See ptolemy/vergil/basic/export/test/junit/ExportModelJUnitTest.java
Exported /home/travis/build/icyphy/ptII/ptolemy/data/ontologies/demo/ProductLattices/ProductLattices/index.html
3155 ms. Memory: 1794560K Free: 1538185K (86%)
####### 71 Sun May 19 04:53:29 UTC 2019 $PTII/bin/ptinvoke ptolemy.vergil.basic.export.ExportModel -force htm -run -openComposites -timeOut 30000 -whiteBackground ptolemy/data/ontologies/demo/ProductLattices/SimpleConstDemo.xml $PTII/ptolemy/data/ontologies/demo/ProductLattices/SimpleConstDemo
Running .SimpleConstDemo
75 ms. Memory: 1794560K Free: 1371302K (76%)
Exported /home/travis/build/icyphy/ptII/ptolemy/data/ontologies/demo/ProductLattices/SimpleConstDemo/index.html
4253 ms. Memory: 1794560K Free: 1319614K (74%)
####### 72 Sun May 19 04:53:33 UTC 2019 $PTII/bin/ptinvoke ptolemy.vergil.basic.export.ExportModel -force htm -run -openComposites -timeOut 30000 -whiteBackground ptolemy/data/ontologies/demo/ProductLattices/SimpleNonconstDemo.xml $PTII/ptolemy/data/ontologies/demo/ProductLattices/SimpleNonconstDemo
Running .SimpleNonconstDemo
219 ms. Memory: 1794560K Free: 1050019K (59%)
Exported /home/travis/build/icyphy/ptII/ptolemy/data/ontologies/demo/ProductLattices/SimpleNonconstDemo/index.html
4370 ms. Memory: 1794560K Free: 996028K (56%)
####### 73 Sun May 19 04:53:38 UTC 2019 $PTII/bin/ptinvoke ptolemy.vergil.basic.export.ExportModel -force htm  -openComposites -timeOut 30000 -whiteBackground ptolemy/data/ontologies/demo/UnitSystemExample/UnitSystemExample.xml $PTII/ptolemy/data/ontologies/demo/UnitSystemExample/UnitSystemExample
Warning: not running ptolemy/data/ontologies/demo/UnitSystemExample/UnitSystemExample.xml. See ptolemy/vergil/basic/export/test/junit/ExportModelJUnitTest.java
Exported /home/travis/build/icyphy/ptII/ptolemy/data/ontologies/demo/UnitSystemExample/UnitSystemExample/index.html
3291 ms. Memory: 1794560K Free: 748758K (42%)
####### 74 Sun May 19 04:53:41 UTC 2019 $PTII/bin/ptinvoke ptolemy.vergil.basic.export.ExportModel -force htm -run -openComposites -timeOut 30000 -whiteBackground ptolemy/data/type/demo/Objects/Objects.xml $PTII/ptolemy/data/type/demo/Objects/Objects
Running .Objects
20 ms. Memory: 1794560K Free: 636409K (35%)
Exported /home/travis/build/icyphy/ptII/ptolemy/data/type/demo/Objects/Objects/index.html
4203 ms. Memory: 1794560K Free: 575759K (32%)
####### 75 Sun May 19 04:53:45 UTC 2019 $PTII/bin/ptinvoke ptolemy.vergil.basic.export.ExportModel -force htm -run -openComposites -timeOut 30000 -whiteBackground ptolemy/data/type/demo/Router/Router.xml $PTII/ptolemy/data/type/demo/Router/Router
Running .Router
ExportHTMLTimer went off after 30000 ms., calling getDirector().finish and getDirector().stopFire()
30001 ms. Memory: 1794560K Free: 405355K (23%)
Exported /home/travis/build/icyphy/ptII/ptolemy/data/type/demo/Router/Router/index.html
34185 ms. Memory: 1794560K Free: 379298K (21%)
####### 76 Sun May 19 04:54:19 UTC 2019 $PTII/bin/ptinvoke ptolemy.vergil.basic.export.ExportModel -force htm -run -openComposites -timeOut 30000 -whiteBackground ptolemy/data/unit/demo/StaticUnits/StaticUnits.xml $PTII/ptolemy/data/unit/demo/StaticUnits/StaticUnits
Running .StaticUnits
2227 ms. Memory: 1809920K Free: 1268639K (70%)
Exported /home/travis/build/icyphy/ptII/ptolemy/data/unit/demo/StaticUnits/StaticUnits/index.html
6541 ms. Memory: 1809920K Free: 1136518K (63%)
####### 77 Sun May 19 04:54:26 UTC 2019 $PTII/bin/ptinvoke ptolemy.vergil.basic.export.ExportModel -force htm -run -openComposites -timeOut 30000 -whiteBackground ptolemy/data/unit/demo/Units/Units.xml $PTII/ptolemy/data/unit/demo/Units/Units
Running .Units
58 ms. Memory: 1809920K Free: 984832K (54%)
Exported /home/travis/build/icyphy/ptII/ptolemy/data/unit/demo/Units/Units/index.html
4245 ms. Memory: 1809920K Free: 944364K (52%)
####### 78 Sun May 19 04:54:30 UTC 2019 $PTII/bin/ptinvoke ptolemy.vergil.basic.export.ExportModel -force htm  -openComposites -timeOut 30000 -whiteBackground ptolemy/demo/AirManagementSystem/AirManagementSystem.xml $PTII/ptolemy/demo/AirManagementSystem/AirManagementSystem
Warning: not running ptolemy/demo/AirManagementSystem/AirManagementSystem.xml. See ptolemy/vergil/basic/export/test/junit/ExportModelJUnitTest.java
Exported /home/travis/build/icyphy/ptII/ptolemy/demo/AirManagementSystem/AirManagementSystem/index.html
4370 ms. Memory: 1809920K Free: 180409K (10%)
####### 79 Sun May 19 04:54:34 UTC 2019 $PTII/bin/ptinvoke ptolemy.vergil.basic.export.ExportModel -force htm  -openComposites -timeOut 30000 -whiteBackground ptolemy/demo/AirManagementSystem/AirManagementSystemCausalityLoop.xml $PTII/ptolemy/demo/AirManagementSystem/AirManagementSystemCausalityLoop
Warning: not running ptolemy/demo/AirManagementSystem/AirManagementSystemCausalityLoop.xml. See ptolemy/vergil/basic/export/test/junit/ExportModelJUnitTest.java
Exported /home/travis/build/icyphy/ptII/ptolemy/demo/AirManagementSystem/AirManagementSystemCausalityLoop/index.html
3938 ms. Memory: 1806848K Free: 961194K (53%)
####### 80 Sun May 19 04:54:38 UTC 2019 $PTII/bin/ptinvoke ptolemy.vergil.basic.export.ExportModel -force htm  -openComposites -timeOut 30000 -whiteBackground ptolemy/demo/AirManagementSystem/AMS_AMSSim.xml $PTII/ptolemy/demo/AirManagementSystem/AMS_AMSSim
Warning: not running ptolemy/demo/AirManagementSystem/AMS_AMSSim.xml. See ptolemy/vergil/basic/export/test/junit/ExportModelJUnitTest.java
[ScalarVariable: null]: Child element "isLinear" not implemented yet.
[ScalarVariable: null]: Child element "isLinear" not implemented yet.
[ScalarVariable: null]: Child element "isLinear" not implemented yet.
Exported /home/travis/build/icyphy/ptII/ptolemy/demo/AirManagementSystem/AMS_AMSSim/index.html
3377 ms. Memory: 1806848K Free: 753331K (42%)
####### 81 Sun May 19 04:54:42 UTC 2019 $PTII/bin/ptinvoke ptolemy.vergil.basic.export.ExportModel -force htm -run -openComposites -timeOut 30000 -whiteBackground ptolemy/demo/AirManagementSystem/HeatExchangerTester.xml $PTII/ptolemy/demo/AirManagementSystem/HeatExchangerTester
Running .HeatExchangerTester
1239 ms. Memory: 1806848K Free: 202407K (11%)
Exported /home/travis/build/icyphy/ptII/ptolemy/demo/AirManagementSystem/HeatExchangerTester/index.html
5512 ms. Memory: 1816064K Free: 1463398K (81%)
####### 82 Sun May 19 04:54:47 UTC 2019 $PTII/bin/ptinvoke ptolemy.vergil.basic.export.ExportModel -force htm  -openComposites -timeOut 30000 -whiteBackground ptolemy/demo/AirManagementSystem/PhysicalPlantCausalityLoop.xml $PTII/ptolemy/demo/AirManagementSystem/PhysicalPlantCausalityLoop
Warning: not running ptolemy/demo/AirManagementSystem/PhysicalPlantCausalityLoop.xml. See ptolemy/vergil/basic/export/test/junit/ExportModelJUnitTest.java
Exported /home/travis/build/icyphy/ptII/ptolemy/demo/AirManagementSystem/PhysicalPlantCausalityLoop/index.html
3512 ms. Memory: 1816064K Free: 897505K (49%)
####### 83 Sun May 19 04:54:51 UTC 2019 $PTII/bin/ptinvoke ptolemy.vergil.basic.export.ExportModel -force htm -run -openComposites -timeOut 30000 -whiteBackground ptolemy/demo/BrakeByWire/BrakeByWire.xml $PTII/ptolemy/demo/BrakeByWire/BrakeByWire
Running .BrakeByWire
1237 ms. Memory: 1816064K Free: 457621K (25%)
Exported /home/travis/build/icyphy/ptII/ptolemy/demo/BrakeByWire/BrakeByWire/index.html
6427 ms. Memory: 1812992K Free: 1497386K (83%)
####### 84 Sun May 19 04:54:57 UTC 2019 $PTII/bin/ptinvoke ptolemy.vergil.basic.export.ExportModel -force htm -run -openComposites -timeOut 30000 -whiteBackground ptolemy/demo/CapeCode/CapeCode.xml $PTII/ptolemy/demo/CapeCode/CapeCode
Model ".CapeCode" contains actors such cannot be run  as part of the export process from ExportModel or it has a WebExportParameters value that runBeforeExport set to false. To export run this model and export it, use vergil.
Exported /home/travis/build/icyphy/ptII/ptolemy/demo/CapeCode/CapeCode/index.html
3126 ms. Memory: 1812992K Free: 1354788K (75%)
####### 85 Sun May 19 04:55:00 UTC 2019 $PTII/bin/ptinvoke ptolemy.vergil.basic.export.ExportModel -force htm -run -openComposites -timeOut 30000 -whiteBackground ptolemy/demo/CapeCode/CapeCode1.xml $PTII/ptolemy/demo/CapeCode/CapeCode1
No physical cameras found, using WebcamDummyDriver.
Running .CapeCode1
ExportHTMLTimer went off after 30000 ms., calling getDirector().finish and getDirector().stopFire()
30069 ms. Memory: 1864192K Free: 1269830K (68%)
Exported /home/travis/build/icyphy/ptII/ptolemy/demo/CapeCode/CapeCode1/index.html
40458 ms. Memory: 1864192K Free: 1245851K (67%)
]]></system-out>
  <system-err><![CDATA[TransformationEditor: Ignoring clone of .Utilities beause we don't known how to import it. Exception was: ptolemy.kernel.util.NameDuplicationException: Attempt to insert object named "Utilities" into container named ".library", which already contains an object with that name.
TransformationEditor: Ignoring clone of .Directors beause we don't known how to import it. Exception was: ptolemy.kernel.util.NameDuplicationException: Attempt to insert object named "Directors" into container named ".library", which already contains an object with that name.
TransformationEditor: Ignoring clone of .Actors beause we don't known how to import it. Exception was: ptolemy.kernel.util.NameDuplicationException: Attempt to insert object named "Actors" into container named ".library", which already contains an object with that name.
TransformationEditor: Ignoring clone of .MoreLibraries beause we don't known how to import it. Exception was: ptolemy.kernel.util.NameDuplicationException: Attempt to insert object named "MoreLibraries" into container named ".library", which already contains an object with that name.
TransformationEditor: Ignoring clone of .Utilities beause we don't known how to import it. Exception was: ptolemy.kernel.util.NameDuplicationException: Attempt to insert object named "Utilities" into container named ".library", which already contains an object with that name.
TransformationEditor: Ignoring clone of .Directors beause we don't known how to import it. Exception was: ptolemy.kernel.util.NameDuplicationException: Attempt to insert object named "Directors" into container named ".library", which already contains an object with that name.
TransformationEditor: Ignoring clone of .Actors beause we don't known how to import it. Exception was: ptolemy.kernel.util.NameDuplicationException: Attempt to insert object named "Actors" into container named ".library", which already contains an object with that name.
TransformationEditor: Ignoring clone of .MoreLibraries beause we don't known how to import it. Exception was: ptolemy.kernel.util.NameDuplicationException: Attempt to insert object named "MoreLibraries" into container named ".library", which already contains an object with that name.
TransformationEditor: Ignoring clone of .Utilities beause we don't known how to import it. Exception was: ptolemy.kernel.util.NameDuplicationException: Attempt to insert object named "Utilities" into container named ".library", which already contains an object with that name.
TransformationEditor: Ignoring clone of .Directors beause we don't known how to import it. Exception was: ptolemy.kernel.util.NameDuplicationException: Attempt to insert object named "Directors" into container named ".library", which already contains an object with that name.
TransformationEditor: Ignoring clone of .Actors beause we don't known how to import it. Exception was: ptolemy.kernel.util.NameDuplicationException: Attempt to insert object named "Actors" into container named ".library", which already contains an object with that name.
TransformationEditor: Ignoring clone of .MoreLibraries beause we don't known how to import it. Exception was: ptolemy.kernel.util.NameDuplicationException: Attempt to insert object named "MoreLibraries" into container named ".library", which already contains an object with that name.
TransformationEditor: Ignoring clone of .Utilities beause we don't known how to import it. Exception was: ptolemy.kernel.util.NameDuplicationException: Attempt to insert object named "Utilities" into container named ".library", which already contains an object with that name.
TransformationEditor: Ignoring clone of .Directors beause we don't known how to import it. Exception was: ptolemy.kernel.util.NameDuplicationException: Attempt to insert object named "Directors" into container named ".library", which already contains an object with that name.
TransformationEditor: Ignoring clone of .Actors beause we don't known how to import it. Exception was: ptolemy.kernel.util.NameDuplicationException: Attempt to insert object named "Actors" into container named ".library", which already contains an object with that name.
TransformationEditor: Ignoring clone of .MoreLibraries beause we don't known how to import it. Exception was: ptolemy.kernel.util.NameDuplicationException: Attempt to insert object named "MoreLibraries" into container named ".library", which already contains an object with that name.
[AWT-EventQueue-0] INFO com.github.sarxos.webcam.Webcam - WebcamDefaultDriver capture driver will be used
[atomic-processor-1] INFO com.github.sarxos.webcam.ds.cgt.WebcamOpenTask - Opening webcam Dummy Webcam 0
WARNING: Invoking send() too late (probably in a callback), so Camera is not able to send the token {type="class ptolemy.data.AWTImageToken", width="640", height="480"} to the output image. Token is discarded.
[atomic-processor-1] INFO com.github.sarxos.webcam.ds.cgt.WebcamCloseTask - Closing Dummy Webcam 0
]]></system-err>
</testsuite>
