<?xml version="1.0" encoding="UTF-8" ?>
<testsuite errors="0" failures="0" hostname="travis-job-10f0f5b1-022b-422b-a48c-2540de1d15c3" name="ptolemy.domains.continuous.test.junit.JUnitTclTest" skipped="0" tests="156" time="80.435" timestamp="2019-09-28T05:44:29">
  <properties>
[...]
</properties>
  <testcase classname="ptolemy.util.test.junit.TclTests" name="[0] ThereAreNoTclTests (RunTclFile)" time="0.009" />
  <testcase classname="ptolemy.util.test.junit.AutoKnownFailedTests" name="[0] ThereAreNoKnowFailedTests (RunModel)" time="0.002" />
  <testcase classname="ptolemy.util.test.junit.AutoNameArchTests" name="[0] ThereAreNoAutoArchTests (RunModel)" time="0.011" />
  <testcase classname="ptolemy.util.test.junit.AutoTests" name="[0] /home/travis/build/icyphy/ptII/ptolemy/domains/continuous/test/auto/BouncingBall.xml (RunModel)" time="3.69" />
  <testcase classname="ptolemy.util.test.junit.AutoTests" name="[1] /home/travis/build/icyphy/ptII/ptolemy/domains/continuous/test/auto/BouncingBallWithoutGR.xml (RunModel)" time="1.157" />
  <testcase classname="ptolemy.util.test.junit.AutoTests" name="[2] /home/travis/build/icyphy/ptII/ptolemy/domains/continuous/test/auto/Brownian.xml (RunModel)" time="0.121" />
  <testcase classname="ptolemy.util.test.junit.AutoTests" name="[3] /home/travis/build/icyphy/ptII/ptolemy/domains/continuous/test/auto/CarTracking.xml (RunModel)" time="4.75" />
  <testcase classname="ptolemy.util.test.junit.AutoTests" name="[4] /home/travis/build/icyphy/ptII/ptolemy/domains/continuous/test/auto/CartPendulum.xml (RunModel)" time="0.658" />
  <testcase classname="ptolemy.util.test.junit.AutoTests" name="[5] /home/travis/build/icyphy/ptII/ptolemy/domains/continuous/test/auto/CausalityInterface10.xml (RunModel)" time="0.073" />
  <testcase classname="ptolemy.util.test.junit.AutoTests" name="[6] /home/travis/build/icyphy/ptII/ptolemy/domains/continuous/test/auto/CausalityInterface11.xml (RunModel)" time="0.043" />
  <testcase classname="ptolemy.util.test.junit.AutoTests" name="[7] /home/travis/build/icyphy/ptII/ptolemy/domains/continuous/test/auto/CausalityInterface12.xml (RunModel)" time="0.088" />
  <testcase classname="ptolemy.util.test.junit.AutoTests" name="[8] /home/travis/build/icyphy/ptII/ptolemy/domains/continuous/test/auto/CausalityInterface13.xml (RunModel)" time="0.048" />
  <testcase classname="ptolemy.util.test.junit.AutoTests" name="[9] /home/travis/build/icyphy/ptII/ptolemy/domains/continuous/test/auto/CausalityInterface14.xml (RunModel)" time="0.027" />
  <testcase classname="ptolemy.util.test.junit.AutoTests" name="[10] /home/travis/build/icyphy/ptII/ptolemy/domains/continuous/test/auto/CausalityInterface4.xml (RunModel)" time="0.033" />
  <testcase classname="ptolemy.util.test.junit.AutoTests" name="[11] /home/travis/build/icyphy/ptII/ptolemy/domains/continuous/test/auto/CausalityInterface5.xml (RunModel)" time="0.045" />
  <testcase classname="ptolemy.util.test.junit.AutoTests" name="[12] /home/travis/build/icyphy/ptII/ptolemy/domains/continuous/test/auto/CausalityInterface6.xml (RunModel)" time="0.023" />
  <testcase classname="ptolemy.util.test.junit.AutoTests" name="[13] /home/travis/build/icyphy/ptII/ptolemy/domains/continuous/test/auto/CausalityInterface7.xml (RunModel)" time="0.042" />
  <testcase classname="ptolemy.util.test.junit.AutoTests" name="[14] /home/travis/build/icyphy/ptII/ptolemy/domains/continuous/test/auto/CausalityInterface8.xml (RunModel)" time="0.066" />
  <testcase classname="ptolemy.util.test.junit.AutoTests" name="[15] /home/travis/build/icyphy/ptII/ptolemy/domains/continuous/test/auto/CausalityInterface9.xml (RunModel)" time="0.085" />
  <testcase classname="ptolemy.util.test.junit.AutoTests" name="[16] /home/travis/build/icyphy/ptII/ptolemy/domains/continuous/test/auto/CausalityInterfaceFeedback1.xml (RunModel)" time="0.045" />
  <testcase classname="ptolemy.util.test.junit.AutoTests" name="[17] /home/travis/build/icyphy/ptII/ptolemy/domains/continuous/test/auto/CausalityInterfaceFeedback2.xml (RunModel)" time="0.031" />
  <testcase classname="ptolemy.util.test.junit.AutoTests" name="[18] /home/travis/build/icyphy/ptII/ptolemy/domains/continuous/test/auto/CompareWithCurrentTime.xml (RunModel)" time="0.037" />
  <testcase classname="ptolemy.util.test.junit.AutoTests" name="[19] /home/travis/build/icyphy/ptII/ptolemy/domains/continuous/test/auto/ComparedClocks.xml (RunModel)" time="0.095" />
  <testcase classname="ptolemy.util.test.junit.AutoTests" name="[20] /home/travis/build/icyphy/ptII/ptolemy/domains/continuous/test/auto/ContinuousAOCClone.xml (RunModel)" time="3.114" />
  <testcase classname="ptolemy.util.test.junit.AutoTests" name="[21] /home/travis/build/icyphy/ptII/ptolemy/domains/continuous/test/auto/ContinuousClock.xml (RunModel)" time="0.125" />
  <testcase classname="ptolemy.util.test.junit.AutoTests" name="[22] /home/travis/build/icyphy/ptII/ptolemy/domains/continuous/test/auto/ContinuousInContinuous.xml (RunModel)" time="0.129" />
  <testcase classname="ptolemy.util.test.junit.AutoTests" name="[23] /home/travis/build/icyphy/ptII/ptolemy/domains/continuous/test/auto/ContinuousInContinuousInContinuous.xml (RunModel)" time="0.042" />
  <testcase classname="ptolemy.util.test.junit.AutoTests" name="[24] /home/travis/build/icyphy/ptII/ptolemy/domains/continuous/test/auto/ContinuousInDE.xml (RunModel)" time="0.139" />
  <testcase classname="ptolemy.util.test.junit.AutoTests" name="[25] /home/travis/build/icyphy/ptII/ptolemy/domains/continuous/test/auto/ContinuousInDE2.xml (RunModel)" time="0.064" />
  <testcase classname="ptolemy.util.test.junit.AutoTests" name="[26] /home/travis/build/icyphy/ptII/ptolemy/domains/continuous/test/auto/ContinuousInDE3.xml (RunModel)" time="0.054" />
  <testcase classname="ptolemy.util.test.junit.AutoTests" name="[27] /home/travis/build/icyphy/ptII/ptolemy/domains/continuous/test/auto/ContinuousInDE4.xml (RunModel)" time="0.036" />
  <testcase classname="ptolemy.util.test.junit.AutoTests" name="[28] /home/travis/build/icyphy/ptII/ptolemy/domains/continuous/test/auto/ContinuousInDEDifferentRefinements.xml (RunModel)" time="0.097" />
  <testcase classname="ptolemy.util.test.junit.AutoTests" name="[29] /home/travis/build/icyphy/ptII/ptolemy/domains/continuous/test/auto/ContinuousInDEDifferentRefinementsPreemptive.xml (RunModel)" time="0.102" />
  <testcase classname="ptolemy.util.test.junit.AutoTests" name="[30] /home/travis/build/icyphy/ptII/ptolemy/domains/continuous/test/auto/ContinuousInDEInContinuous2.xml (RunModel)" time="0.065" />
  <testcase classname="ptolemy.util.test.junit.AutoTests" name="[31] /home/travis/build/icyphy/ptII/ptolemy/domains/continuous/test/auto/ContinuousInDEInContinuous3.xml (RunModel)" time="0.07" />
  <testcase classname="ptolemy.util.test.junit.AutoTests" name="[32] /home/travis/build/icyphy/ptII/ptolemy/domains/continuous/test/auto/ContinuousInDEInput.xml (RunModel)" time="0.039" />
  <testcase classname="ptolemy.util.test.junit.AutoTests" name="[33] /home/travis/build/icyphy/ptII/ptolemy/domains/continuous/test/auto/ContinuousInDEInput2.xml (RunModel)" time="0.041" />
  <testcase classname="ptolemy.util.test.junit.AutoTests" name="[34] /home/travis/build/icyphy/ptII/ptolemy/domains/continuous/test/auto/ContinuousInDEInput3.xml (RunModel)" time="0.036" />
  <testcase classname="ptolemy.util.test.junit.AutoTests" name="[35] /home/travis/build/icyphy/ptII/ptolemy/domains/continuous/test/auto/ContinuousInDESharingRefinement.xml (RunModel)" time="0.219" />
  <testcase classname="ptolemy.util.test.junit.AutoTests" name="[36] /home/travis/build/icyphy/ptII/ptolemy/domains/continuous/test/auto/ContinuousInDEwithNoPorts.xml (RunModel)" time="0.026" />
  <testcase classname="ptolemy.util.test.junit.AutoTests" name="[37] /home/travis/build/icyphy/ptII/ptolemy/domains/continuous/test/auto/ContinuousInsideDE.xml (RunModel)" time="0.082" />
  <testcase classname="ptolemy.util.test.junit.AutoTests" name="[38] /home/travis/build/icyphy/ptII/ptolemy/domains/continuous/test/auto/ContinuousMerge1.xml (RunModel)" time="0.024" />
  <testcase classname="ptolemy.util.test.junit.AutoTests" name="[39] /home/travis/build/icyphy/ptII/ptolemy/domains/continuous/test/auto/ContinuousMerge2.xml (RunModel)" time="0.06" />
  <testcase classname="ptolemy.util.test.junit.AutoTests" name="[40] /home/travis/build/icyphy/ptII/ptolemy/domains/continuous/test/auto/ContinuousMerge3.xml (RunModel)" time="0.073" />
  <testcase classname="ptolemy.util.test.junit.AutoTests" name="[41] /home/travis/build/icyphy/ptII/ptolemy/domains/continuous/test/auto/ContinuousWithinContinuous.xml (RunModel)" time="0.06" />
  <testcase classname="ptolemy.util.test.junit.AutoTests" name="[42] /home/travis/build/icyphy/ptII/ptolemy/domains/continuous/test/auto/ContinuousWithinContinuous2.xml (RunModel)" time="0.086" />
  <testcase classname="ptolemy.util.test.junit.AutoTests" name="[43] /home/travis/build/icyphy/ptII/ptolemy/domains/continuous/test/auto/ContinuousWithinContinuous3.xml (RunModel)" time="0.033" />
  <testcase classname="ptolemy.util.test.junit.AutoTests" name="[44] /home/travis/build/icyphy/ptII/ptolemy/domains/continuous/test/auto/ContinuousWithinContinuous4.xml (RunModel)" time="0.087" />
  <testcase classname="ptolemy.util.test.junit.AutoTests" name="[45] /home/travis/build/icyphy/ptII/ptolemy/domains/continuous/test/auto/ContinuousWithinContinuous5.xml (RunModel)" time="0.035" />
  <testcase classname="ptolemy.util.test.junit.AutoTests" name="[46] /home/travis/build/icyphy/ptII/ptolemy/domains/continuous/test/auto/ContinuousWithinContinuous6.xml (RunModel)" time="0.033" />
  <testcase classname="ptolemy.util.test.junit.AutoTests" name="[47] /home/travis/build/icyphy/ptII/ptolemy/domains/continuous/test/auto/ContinuousWithinContinuous7.xml (RunModel)" time="0.073" />
  <testcase classname="ptolemy.util.test.junit.AutoTests" name="[48] /home/travis/build/icyphy/ptII/ptolemy/domains/continuous/test/auto/DCMotor.xml (RunModel)" time="13.808" />
  <testcase classname="ptolemy.util.test.junit.AutoTests" name="[49] /home/travis/build/icyphy/ptII/ptolemy/domains/continuous/test/auto/DEInContinuous.xml (RunModel)" time="0.03" />
  <testcase classname="ptolemy.util.test.junit.AutoTests" name="[50] /home/travis/build/icyphy/ptII/ptolemy/domains/continuous/test/auto/DEinContinuous2.xml (RunModel)" time="0.027" />
  <testcase classname="ptolemy.util.test.junit.AutoTests" name="[51] /home/travis/build/icyphy/ptII/ptolemy/domains/continuous/test/auto/Derivative.xml (RunModel)" time="0.26" />
  <testcase classname="ptolemy.util.test.junit.AutoTests" name="[52] /home/travis/build/icyphy/ptII/ptolemy/domains/continuous/test/auto/Derivative1.xml (RunModel)" time="0.066" />
  <testcase classname="ptolemy.util.test.junit.AutoTests" name="[53] /home/travis/build/icyphy/ptII/ptolemy/domains/continuous/test/auto/DiscreteClock.xml (RunModel)" time="0.02" />
  <testcase classname="ptolemy.util.test.junit.AutoTests" name="[54] /home/travis/build/icyphy/ptII/ptolemy/domains/continuous/test/auto/EfficiencyCurve.xml (RunModel)" time="0.141" />
  <testcase classname="ptolemy.util.test.junit.AutoTests" name="[55] /home/travis/build/icyphy/ptII/ptolemy/domains/continuous/test/auto/ExponentialResponse.xml (RunModel)" time="0.139" />
  <testcase classname="ptolemy.util.test.junit.AutoTests" name="[56] /home/travis/build/icyphy/ptII/ptolemy/domains/continuous/test/auto/ExponentialResponseRK45.xml (RunModel)" time="0.039" />
  <testcase classname="ptolemy.util.test.junit.AutoTests" name="[57] /home/travis/build/icyphy/ptII/ptolemy/domains/continuous/test/auto/Friction.xml (RunModel)" time="1.655" />
  <testcase classname="ptolemy.util.test.junit.AutoTests" name="[58] /home/travis/build/icyphy/ptII/ptolemy/domains/continuous/test/auto/FurutaPendulum.xml (RunModel)" time="3.554" />
  <testcase classname="ptolemy.util.test.junit.AutoTests" name="[59] /home/travis/build/icyphy/ptII/ptolemy/domains/continuous/test/auto/HierarchicalExecution.xml (RunModel)" time="2.415" />
  <testcase classname="ptolemy.util.test.junit.AutoTests" name="[60] /home/travis/build/icyphy/ptII/ptolemy/domains/continuous/test/auto/HybridPlant.xml (RunModel)" time="0.618" />
  <testcase classname="ptolemy.util.test.junit.AutoTests" name="[61] /home/travis/build/icyphy/ptII/ptolemy/domains/continuous/test/auto/Hysteresis.xml (RunModel)" time="0.193" />
  <testcase classname="ptolemy.util.test.junit.AutoTests" name="[62] /home/travis/build/icyphy/ptII/ptolemy/domains/continuous/test/auto/HysteresisWithRandomDelay.xml (RunModel)" time="0.27" />
  <testcase classname="ptolemy.util.test.junit.AutoTests" name="[63] /home/travis/build/icyphy/ptII/ptolemy/domains/continuous/test/auto/HysteresisWithRandomLosses.xml (RunModel)" time="2.558" />
  <testcase classname="ptolemy.util.test.junit.AutoTests" name="[64] /home/travis/build/icyphy/ptII/ptolemy/domains/continuous/test/auto/ImmediateTransitions.xml (RunModel)" time="0.04" />
  <testcase classname="ptolemy.util.test.junit.AutoTests" name="[65] /home/travis/build/icyphy/ptII/ptolemy/domains/continuous/test/auto/ImpulseFeedback.xml (RunModel)" time="0.024" />
  <testcase classname="ptolemy.util.test.junit.AutoTests" name="[66] /home/travis/build/icyphy/ptII/ptolemy/domains/continuous/test/auto/ImpulseFeedback2.xml (RunModel)" time="0.024" />
  <testcase classname="ptolemy.util.test.junit.AutoTests" name="[67] /home/travis/build/icyphy/ptII/ptolemy/domains/continuous/test/auto/IncreasingRatePoisson.xml (RunModel)" time="0.777" />
  <testcase classname="ptolemy.util.test.junit.AutoTests" name="[68] /home/travis/build/icyphy/ptII/ptolemy/domains/continuous/test/auto/InitialStateFeedback.xml (RunModel)" time="0.018" />
  <testcase classname="ptolemy.util.test.junit.AutoTests" name="[69] /home/travis/build/icyphy/ptII/ptolemy/domains/continuous/test/auto/Integration.xml (RunModel)" time="0.011" />
  <testcase classname="ptolemy.util.test.junit.AutoTests" name="[70] /home/travis/build/icyphy/ptII/ptolemy/domains/continuous/test/auto/Integration2.xml (RunModel)" time="0.101" />
  <testcase classname="ptolemy.util.test.junit.AutoTests" name="[71] /home/travis/build/icyphy/ptII/ptolemy/domains/continuous/test/auto/Integration3.xml (RunModel)" time="0.018" />
  <testcase classname="ptolemy.util.test.junit.AutoTests" name="[72] /home/travis/build/icyphy/ptII/ptolemy/domains/continuous/test/auto/Integration5.xml (RunModel)" time="0.013" />
  <testcase classname="ptolemy.util.test.junit.AutoTests" name="[73] /home/travis/build/icyphy/ptII/ptolemy/domains/continuous/test/auto/IntegratorImpulse.xml (RunModel)" time="0.012" />
  <testcase classname="ptolemy.util.test.junit.AutoTests" name="[74] /home/travis/build/icyphy/ptII/ptolemy/domains/continuous/test/auto/IntegratorImpulse2.xml (RunModel)" time="0.026" />
  <testcase classname="ptolemy.util.test.junit.AutoTests" name="[75] /home/travis/build/icyphy/ptII/ptolemy/domains/continuous/test/auto/LevelCrossing1.xml (RunModel)" time="0.015" />
  <testcase classname="ptolemy.util.test.junit.AutoTests" name="[76] /home/travis/build/icyphy/ptII/ptolemy/domains/continuous/test/auto/LevelCrossing2.xml (RunModel)" time="0.02" />
  <testcase classname="ptolemy.util.test.junit.AutoTests" name="[77] /home/travis/build/icyphy/ptII/ptolemy/domains/continuous/test/auto/LevelCrossing3.xml (RunModel)" time="0.019" />
  <testcase classname="ptolemy.util.test.junit.AutoTests" name="[78] /home/travis/build/icyphy/ptII/ptolemy/domains/continuous/test/auto/LevelCrossing4.xml (RunModel)" time="0.015" />
  <testcase classname="ptolemy.util.test.junit.AutoTests" name="[79] /home/travis/build/icyphy/ptII/ptolemy/domains/continuous/test/auto/LevelCrossing5.xml (RunModel)" time="0.018" />
  <testcase classname="ptolemy.util.test.junit.AutoTests" name="[80] /home/travis/build/icyphy/ptII/ptolemy/domains/continuous/test/auto/LevelCrossing6.xml (RunModel)" time="0.018" />
  <testcase classname="ptolemy.util.test.junit.AutoTests" name="[81] /home/travis/build/icyphy/ptII/ptolemy/domains/continuous/test/auto/LevelCrossingDetector.xml (RunModel)" time="0.04" />
  <testcase classname="ptolemy.util.test.junit.AutoTests" name="[82] /home/travis/build/icyphy/ptII/ptolemy/domains/continuous/test/auto/LevelCrossingDetectorDetectingDirections.xml (RunModel)" time="0.099" />
  <testcase classname="ptolemy.util.test.junit.AutoTests" name="[83] /home/travis/build/icyphy/ptII/ptolemy/domains/continuous/test/auto/LevelCrossingDetectorDetectsGlitches.xml (RunModel)" time="0.071" />
  <testcase classname="ptolemy.util.test.junit.AutoTests" name="[84] /home/travis/build/icyphy/ptII/ptolemy/domains/continuous/test/auto/LevelCrossingNoInitialOuput.xml (RunModel)" time="0.018" />
  <testcase classname="ptolemy.util.test.junit.AutoTests" name="[85] /home/travis/build/icyphy/ptII/ptolemy/domains/continuous/test/auto/LinearStateSpaceExample.xml (RunModel)" time="0.053" />
  <testcase classname="ptolemy.util.test.junit.AutoTests" name="[86] /home/travis/build/icyphy/ptII/ptolemy/domains/continuous/test/auto/Lorenz.xml (RunModel)" time="4.137" />
  <testcase classname="ptolemy.util.test.junit.AutoTests" name="[87] /home/travis/build/icyphy/ptII/ptolemy/domains/continuous/test/auto/LorenzDifferentialSystem.xml (RunModel)" time="1.095" />
  <testcase classname="ptolemy.util.test.junit.AutoTests" name="[88] /home/travis/build/icyphy/ptII/ptolemy/domains/continuous/test/auto/LorenzDifferentialSystemWithInput.xml (RunModel)" time="1.534" />
  <testcase classname="ptolemy.util.test.junit.AutoTests" name="[89] /home/travis/build/icyphy/ptII/ptolemy/domains/continuous/test/auto/LorenzDifferentialSystemWithTime.xml (RunModel)" time="0.726" />
  <testcase classname="ptolemy.util.test.junit.AutoTests" name="[90] /home/travis/build/icyphy/ptII/ptolemy/domains/continuous/test/auto/Microsteps.xml (RunModel)" time="0.036" />
  <testcase classname="ptolemy.util.test.junit.AutoTests" name="[91] /home/travis/build/icyphy/ptII/ptolemy/domains/continuous/test/auto/Modal1.xml (RunModel)" time="0.05" />
  <testcase classname="ptolemy.util.test.junit.AutoTests" name="[92] /home/travis/build/icyphy/ptII/ptolemy/domains/continuous/test/auto/Modal2.xml (RunModel)" time="0.063" />
  <testcase classname="ptolemy.util.test.junit.AutoTests" name="[93] /home/travis/build/icyphy/ptII/ptolemy/domains/continuous/test/auto/ModalTransitionGuardWithReset.xml (RunModel)" time="0.045" />
  <testcase classname="ptolemy.util.test.junit.AutoTests" name="[94] /home/travis/build/icyphy/ptII/ptolemy/domains/continuous/test/auto/ModalTransitionGuardWithResetUsingPreemptiveTransition.xml (RunModel)" time="0.032" />
  <testcase classname="ptolemy.util.test.junit.AutoTests" name="[95] /home/travis/build/icyphy/ptII/ptolemy/domains/continuous/test/auto/ModalTransitionGuardWithResetUsingPreemptiveTransition2.xml (RunModel)" time="0.037" />
  <testcase classname="ptolemy.util.test.junit.AutoTests" name="[96] /home/travis/build/icyphy/ptII/ptolemy/domains/continuous/test/auto/ModalTransitionGuardWithResetUsingPreemptiveTransition3.xml (RunModel)" time="0.038" />
  <testcase classname="ptolemy.util.test.junit.AutoTests" name="[97] /home/travis/build/icyphy/ptII/ptolemy/domains/continuous/test/auto/NewtonsCradle.xml (RunModel)" time="0.803" />
  <testcase classname="ptolemy.util.test.junit.AutoTests" name="[98] /home/travis/build/icyphy/ptII/ptolemy/domains/continuous/test/auto/NewtonsCradleAnimated.xml (RunModel)" time="1.428" />
  <testcase classname="ptolemy.util.test.junit.AutoTests" name="[99] /home/travis/build/icyphy/ptII/ptolemy/domains/continuous/test/auto/NewtonsCradleComplicated.xml (RunModel)" time="0.92" />
  <testcase classname="ptolemy.util.test.junit.AutoTests" name="[100] /home/travis/build/icyphy/ptII/ptolemy/domains/continuous/test/auto/NewtonsCradleNondeterministic.xml (RunModel)" time="0.764" />
  <testcase classname="ptolemy.util.test.junit.AutoTests" name="[101] /home/travis/build/icyphy/ptII/ptolemy/domains/continuous/test/auto/NewtonsCradlePerfectlyInelastic1.xml (RunModel)" time="1.303" />
  <testcase classname="ptolemy.util.test.junit.AutoTests" name="[102] /home/travis/build/icyphy/ptII/ptolemy/domains/continuous/test/auto/Noise.xml (RunModel)" time="0.207" />
  <testcase classname="ptolemy.util.test.junit.AutoTests" name="[103] /home/travis/build/icyphy/ptII/ptolemy/domains/continuous/test/auto/NoiseSpectrum.xml (RunModel)" time="0.83" />
  <testcase classname="ptolemy.util.test.junit.AutoTests" name="[104] /home/travis/build/icyphy/ptII/ptolemy/domains/continuous/test/auto/ParameterizedNewtonsCradleAnimated.xml (RunModel)" time="0.465" />
  <testcase classname="ptolemy.util.test.junit.AutoTests" name="[105] /home/travis/build/icyphy/ptII/ptolemy/domains/continuous/test/auto/ParameterizedNewtonsCradleAnimatedNondeterministic.xml (RunModel)" time="1.278" />
  <testcase classname="ptolemy.util.test.junit.AutoTests" name="[106] /home/travis/build/icyphy/ptII/ptolemy/domains/continuous/test/auto/Pendulum3D.xml (RunModel)" time="0.183" />
  <testcase classname="ptolemy.util.test.junit.AutoTests" name="[107] /home/travis/build/icyphy/ptII/ptolemy/domains/continuous/test/auto/PeriodicSampler.xml (RunModel)" time="0.011" />
  <testcase classname="ptolemy.util.test.junit.AutoTests" name="[108] /home/travis/build/icyphy/ptII/ptolemy/domains/continuous/test/auto/PeriodicSampler1.xml (RunModel)" time="0.045" />
  <testcase classname="ptolemy.util.test.junit.AutoTests" name="[109] /home/travis/build/icyphy/ptII/ptolemy/domains/continuous/test/auto/PeriodicSampler2.xml (RunModel)" time="0.079" />
  <testcase classname="ptolemy.util.test.junit.AutoTests" name="[110] /home/travis/build/icyphy/ptII/ptolemy/domains/continuous/test/auto/Poisson.xml (RunModel)" time="0.47" />
  <testcase classname="ptolemy.util.test.junit.AutoTests" name="[111] /home/travis/build/icyphy/ptII/ptolemy/domains/continuous/test/auto/PoissonClock.xml (RunModel)" time="0.013" />
  <testcase classname="ptolemy.util.test.junit.AutoTests" name="[112] /home/travis/build/icyphy/ptII/ptolemy/domains/continuous/test/auto/PoissonClock2.xml (RunModel)" time="0.014" />
  <testcase classname="ptolemy.util.test.junit.AutoTests" name="[113] /home/travis/build/icyphy/ptII/ptolemy/domains/continuous/test/auto/PortParameterHierarchy.xml (RunModel)" time="0.026" />
  <testcase classname="ptolemy.util.test.junit.AutoTests" name="[114] /home/travis/build/icyphy/ptII/ptolemy/domains/continuous/test/auto/RandomHybridPlant.xml (RunModel)" time="0.61" />
  <testcase classname="ptolemy.util.test.junit.AutoTests" name="[115] /home/travis/build/icyphy/ptII/ptolemy/domains/continuous/test/auto/ResetTransitionWithStartTime1.xml (RunModel)" time="0.035" />
  <testcase classname="ptolemy.util.test.junit.AutoTests" name="[116] /home/travis/build/icyphy/ptII/ptolemy/domains/continuous/test/auto/ResetTransitionWithStartTime2.xml (RunModel)" time="0.041" />
  <testcase classname="ptolemy.util.test.junit.AutoTests" name="[117] /home/travis/build/icyphy/ptII/ptolemy/domains/continuous/test/auto/ResetTransitionWithStartTime3.xml (RunModel)" time="0.048" />
  <testcase classname="ptolemy.util.test.junit.AutoTests" name="[118] /home/travis/build/icyphy/ptII/ptolemy/domains/continuous/test/auto/ResetTransitionWithStartTime4.xml (RunModel)" time="0.033" />
  <testcase classname="ptolemy.util.test.junit.AutoTests" name="[119] /home/travis/build/icyphy/ptII/ptolemy/domains/continuous/test/auto/ResetTransitionWithStartTime5.xml (RunModel)" time="0.032" />
  <testcase classname="ptolemy.util.test.junit.AutoTests" name="[120] /home/travis/build/icyphy/ptII/ptolemy/domains/continuous/test/auto/ResetTransitionWithStartTime6.xml (RunModel)" time="0.022" />
  <testcase classname="ptolemy.util.test.junit.AutoTests" name="[121] /home/travis/build/icyphy/ptII/ptolemy/domains/continuous/test/auto/SRinContinuous.xml (RunModel)" time="0.022" />
  <testcase classname="ptolemy.util.test.junit.AutoTests" name="[122] /home/travis/build/icyphy/ptII/ptolemy/domains/continuous/test/auto/SampledClocks.xml (RunModel)" time="0.032" />
  <testcase classname="ptolemy.util.test.junit.AutoTests" name="[123] /home/travis/build/icyphy/ptII/ptolemy/domains/continuous/test/auto/Satellite.xml (RunModel)" time="0.752" />
  <testcase classname="ptolemy.util.test.junit.AutoTests" name="[124] /home/travis/build/icyphy/ptII/ptolemy/domains/continuous/test/auto/SigmaDelta.xml (RunModel)" time="2.634" />
  <testcase classname="ptolemy.util.test.junit.AutoTests" name="[125] /home/travis/build/icyphy/ptII/ptolemy/domains/continuous/test/auto/SingleRefinement.xml (RunModel)" time="0.459" />
  <testcase classname="ptolemy.util.test.junit.AutoTests" name="[126] /home/travis/build/icyphy/ptII/ptolemy/domains/continuous/test/auto/SinuBouncingBall.xml (RunModel)" time="0.965" />
  <testcase classname="ptolemy.util.test.junit.AutoTests" name="[127] /home/travis/build/icyphy/ptII/ptolemy/domains/continuous/test/auto/Sinusoid.xml (RunModel)" time="0.022" />
  <testcase classname="ptolemy.util.test.junit.AutoTests" name="[128] /home/travis/build/icyphy/ptII/ptolemy/domains/continuous/test/auto/SinusoidInNoise.xml (RunModel)" time="1.014" />
  <testcase classname="ptolemy.util.test.junit.AutoTests" name="[129] /home/travis/build/icyphy/ptII/ptolemy/domains/continuous/test/auto/SinusoidRK45.xml (RunModel)" time="0.012" />
  <testcase classname="ptolemy.util.test.junit.AutoTests" name="[130] /home/travis/build/icyphy/ptII/ptolemy/domains/continuous/test/auto/SinusoidWithMultipleImpulses.xml (RunModel)" time="0.015" />
  <testcase classname="ptolemy.util.test.junit.AutoTests" name="[131] /home/travis/build/icyphy/ptII/ptolemy/domains/continuous/test/auto/SquareWave.xml (RunModel)" time="0.226" />
  <testcase classname="ptolemy.util.test.junit.AutoTests" name="[132] /home/travis/build/icyphy/ptII/ptolemy/domains/continuous/test/auto/Starmac.xml (RunModel)" time="3.405" />
  <testcase classname="ptolemy.util.test.junit.AutoTests" name="[133] /home/travis/build/icyphy/ptII/ptolemy/domains/continuous/test/auto/StaticUnits.xml (RunModel)" time="2.739" />
  <testcase classname="ptolemy.util.test.junit.AutoTests" name="[134] /home/travis/build/icyphy/ptII/ptolemy/domains/continuous/test/auto/StickyMasses.xml (RunModel)" time="0.2" />
  <testcase classname="ptolemy.util.test.junit.AutoTests" name="[135] /home/travis/build/icyphy/ptII/ptolemy/domains/continuous/test/auto/StopTime.xml (RunModel)" time="0.072" />
  <testcase classname="ptolemy.util.test.junit.AutoTests" name="[136] /home/travis/build/icyphy/ptII/ptolemy/domains/continuous/test/auto/StopTime2.xml (RunModel)" time="0.078" />
  <testcase classname="ptolemy.util.test.junit.AutoTests" name="[137] /home/travis/build/icyphy/ptII/ptolemy/domains/continuous/test/auto/Switch.xml (RunModel)" time="0.093" />
  <testcase classname="ptolemy.util.test.junit.AutoTests" name="[138] /home/travis/build/icyphy/ptII/ptolemy/domains/continuous/test/auto/Thermostat.xml (RunModel)" time="0.231" />
  <testcase classname="ptolemy.util.test.junit.AutoTests" name="[139] /home/travis/build/icyphy/ptII/ptolemy/domains/continuous/test/auto/TimeDelay.xml (RunModel)" time="0.016" />
  <testcase classname="ptolemy.util.test.junit.AutoTests" name="[140] /home/travis/build/icyphy/ptII/ptolemy/domains/continuous/test/auto/TimeDelay2.xml (RunModel)" time="0.029" />
  <testcase classname="ptolemy.util.test.junit.AutoTests" name="[141] /home/travis/build/icyphy/ptII/ptolemy/domains/continuous/test/auto/TimeDelay3.xml (RunModel)" time="0.016" />
  <testcase classname="ptolemy.util.test.junit.AutoTests" name="[142] /home/travis/build/icyphy/ptII/ptolemy/domains/continuous/test/auto/TransferAbsentToInside.xml (RunModel)" time="0.133" />
  <testcase classname="ptolemy.util.test.junit.AutoTests" name="[143] /home/travis/build/icyphy/ptII/ptolemy/domains/continuous/test/auto/Transmission.xml (RunModel)" time="0.88" />
  <testcase classname="ptolemy.util.test.junit.AutoTests" name="[144] /home/travis/build/icyphy/ptII/ptolemy/domains/continuous/test/auto/TriggeredContinuousClock.xml (RunModel)" time="0.079" />
  <testcase classname="ptolemy.util.test.junit.AutoTests" name="[145] /home/travis/build/icyphy/ptII/ptolemy/domains/continuous/test/auto/TwoMachineInfiniteBusControl.xml (RunModel)" time="3.184" />
  <testcase classname="ptolemy.util.test.junit.AutoTests" name="[146] /home/travis/build/icyphy/ptII/ptolemy/domains/continuous/test/auto/V2V.xml (RunModel)" time="0.817" />
  <testcase classname="ptolemy.util.test.junit.AutoTests" name="[147] /home/travis/build/icyphy/ptII/ptolemy/domains/continuous/test/auto/hierarchicalModalModel.xml (RunModel)" time="0.032" />
  <testcase classname="ptolemy.util.test.junit.AutoTests" name="[148] /home/travis/build/icyphy/ptII/ptolemy/domains/continuous/test/auto/hierarchicalModalModel1.xml (RunModel)" time="0.03" />
  <testcase classname="ptolemy.util.test.junit.AutoTests" name="[149] /home/travis/build/icyphy/ptII/ptolemy/domains/continuous/test/auto/hierarchicalModalModel2.xml (RunModel)" time="0.026" />
  <testcase classname="ptolemy.util.test.junit.AutoTests" name="[150] /home/travis/build/icyphy/ptII/ptolemy/domains/continuous/test/auto/hierarchicalModalModel3.xml (RunModel)" time="0.023" />
  <testcase classname="ptolemy.util.test.junit.AutoTests" name="[151] /home/travis/build/icyphy/ptII/ptolemy/domains/continuous/test/auto/hierarchicalModalModel4.xml (RunModel)" time="0.03" />
  <testcase classname="ptolemy.util.test.junit.AutoTests" name="[152] /home/travis/build/icyphy/ptII/ptolemy/domains/continuous/test/auto/junk.xml (RunModel)" time="0.162" />
  <system-out><![CDATA[No tcl tests in /home/travis/build/icyphy/ptII/ptolemy/domains/continuous/test
No auto/knownFailedTests/*.xml tests in /home/travis/build/icyphy/ptII/ptolemy/domains/continuous/test
No auto/linux-amd64/*.xml tests in /home/travis/build/icyphy/ptII/ptolemy/domains/continuous/test
AutoTests.java: About to close Vertx.
AutoTests.java: Vertx closed.

===========================================================================================
----------------- testing Sat Sep 28 05:44:30 UTC 2019 /home/travis/build/icyphy/ptII/ptolemy/domains/continuous/test/auto/BouncingBall.xml
----------------- Instantiating /home/travis/build/icyphy/ptII/ptolemy/domains/continuous/test/auto/BouncingBall.xml
2857 ms. Memory: 149504K Free: 86205K (58%)
----------------- Invoking toplevel() on ptolemy.moml.MoMLSimpleApplication@34cb5e90
----------------- Done invoking toplevel() on ptolemy.moml.MoMLSimpleApplication@34cb5e90
reloadAllAccessors: .BouncingBall

===========================================================================================
----------------- testing Sat Sep 28 05:44:34 UTC 2019 /home/travis/build/icyphy/ptII/ptolemy/domains/continuous/test/auto/BouncingBallWithoutGR.xml
----------------- Instantiating /home/travis/build/icyphy/ptII/ptolemy/domains/continuous/test/auto/BouncingBallWithoutGR.xml
982 ms. Memory: 180224K Free: 128271K (71%)
----------------- Invoking toplevel() on ptolemy.moml.MoMLSimpleApplication@751199d6
----------------- Done invoking toplevel() on ptolemy.moml.MoMLSimpleApplication@751199d6
reloadAllAccessors: .BouncingBallWithoutGR

===========================================================================================
----------------- testing Sat Sep 28 05:44:35 UTC 2019 /home/travis/build/icyphy/ptII/ptolemy/domains/continuous/test/auto/Brownian.xml
----------------- Instantiating /home/travis/build/icyphy/ptII/ptolemy/domains/continuous/test/auto/Brownian.xml
31 ms. Memory: 180224K Free: 119569K (66%)
----------------- Invoking toplevel() on ptolemy.moml.MoMLSimpleApplication@4da59ce2
----------------- Done invoking toplevel() on ptolemy.moml.MoMLSimpleApplication@4da59ce2
reloadAllAccessors: .Brownian

===========================================================================================
----------------- testing Sat Sep 28 05:44:35 UTC 2019 /home/travis/build/icyphy/ptII/ptolemy/domains/continuous/test/auto/CarTracking.xml
----------------- Instantiating /home/travis/build/icyphy/ptII/ptolemy/domains/continuous/test/auto/CarTracking.xml
4318 ms. Memory: 217088K Free: 104318K (48%)
----------------- Invoking toplevel() on ptolemy.moml.MoMLSimpleApplication@426e9b90
----------------- Done invoking toplevel() on ptolemy.moml.MoMLSimpleApplication@426e9b90
reloadAllAccessors: .CarTracking

===========================================================================================
----------------- testing Sat Sep 28 05:44:40 UTC 2019 /home/travis/build/icyphy/ptII/ptolemy/domains/continuous/test/auto/CartPendulum.xml
----------------- Instantiating /home/travis/build/icyphy/ptII/ptolemy/domains/continuous/test/auto/CartPendulum.xml
491 ms. Memory: 217088K Free: 140608K (65%)
----------------- Invoking toplevel() on ptolemy.moml.MoMLSimpleApplication@536d1eae
----------------- Done invoking toplevel() on ptolemy.moml.MoMLSimpleApplication@536d1eae
reloadAllAccessors: .CartPendulum

===========================================================================================
----------------- testing Sat Sep 28 05:44:40 UTC 2019 /home/travis/build/icyphy/ptII/ptolemy/domains/continuous/test/auto/CausalityInterface10.xml
----------------- Instantiating /home/travis/build/icyphy/ptII/ptolemy/domains/continuous/test/auto/CausalityInterface10.xml
16 ms. Memory: 217088K Free: 130251K (60%)
----------------- Invoking toplevel() on ptolemy.moml.MoMLSimpleApplication@3098cb49
----------------- Done invoking toplevel() on ptolemy.moml.MoMLSimpleApplication@3098cb49
reloadAllAccessors: .CausalityInterface10

===========================================================================================
----------------- testing Sat Sep 28 05:44:40 UTC 2019 /home/travis/build/icyphy/ptII/ptolemy/domains/continuous/test/auto/CausalityInterface11.xml
----------------- Instantiating /home/travis/build/icyphy/ptII/ptolemy/domains/continuous/test/auto/CausalityInterface11.xml
11 ms. Memory: 217088K Free: 124107K (57%)
----------------- Invoking toplevel() on ptolemy.moml.MoMLSimpleApplication@15fc0ea6
----------------- Done invoking toplevel() on ptolemy.moml.MoMLSimpleApplication@15fc0ea6
reloadAllAccessors: .CausalityInterface11

===========================================================================================
----------------- testing Sat Sep 28 05:44:40 UTC 2019 /home/travis/build/icyphy/ptII/ptolemy/domains/continuous/test/auto/CausalityInterface12.xml
----------------- Instantiating /home/travis/build/icyphy/ptII/ptolemy/domains/continuous/test/auto/CausalityInterface12.xml
6 ms. Memory: 217088K Free: 117963K (54%)
----------------- Invoking toplevel() on ptolemy.moml.MoMLSimpleApplication@52b41669
----------------- Done invoking toplevel() on ptolemy.moml.MoMLSimpleApplication@52b41669
reloadAllAccessors: .CausalityInterface12

===========================================================================================
----------------- testing Sat Sep 28 05:44:40 UTC 2019 /home/travis/build/icyphy/ptII/ptolemy/domains/continuous/test/auto/CausalityInterface13.xml
----------------- Instantiating /home/travis/build/icyphy/ptII/ptolemy/domains/continuous/test/auto/CausalityInterface13.xml
9 ms. Memory: 217088K Free: 111819K (52%)
----------------- Invoking toplevel() on ptolemy.moml.MoMLSimpleApplication@66218eb1
----------------- Done invoking toplevel() on ptolemy.moml.MoMLSimpleApplication@66218eb1
reloadAllAccessors: .CausalityInterface13

===========================================================================================
----------------- testing Sat Sep 28 05:44:41 UTC 2019 /home/travis/build/icyphy/ptII/ptolemy/domains/continuous/test/auto/CausalityInterface14.xml
----------------- Instantiating /home/travis/build/icyphy/ptII/ptolemy/domains/continuous/test/auto/CausalityInterface14.xml
4 ms. Memory: 217088K Free: 106171K (49%)
----------------- Invoking toplevel() on ptolemy.moml.MoMLSimpleApplication@5fca8191
----------------- Done invoking toplevel() on ptolemy.moml.MoMLSimpleApplication@5fca8191
reloadAllAccessors: .CausalityInterface14

===========================================================================================
----------------- testing Sat Sep 28 05:44:41 UTC 2019 /home/travis/build/icyphy/ptII/ptolemy/domains/continuous/test/auto/CausalityInterface4.xml
----------------- Instantiating /home/travis/build/icyphy/ptII/ptolemy/domains/continuous/test/auto/CausalityInterface4.xml
6 ms. Memory: 217088K Free: 99017K (46%)
----------------- Invoking toplevel() on ptolemy.moml.MoMLSimpleApplication@6866db53
----------------- Done invoking toplevel() on ptolemy.moml.MoMLSimpleApplication@6866db53
reloadAllAccessors: .CausalityInterface4

===========================================================================================
----------------- testing Sat Sep 28 05:44:41 UTC 2019 /home/travis/build/icyphy/ptII/ptolemy/domains/continuous/test/auto/CausalityInterface5.xml
----------------- Instantiating /home/travis/build/icyphy/ptII/ptolemy/domains/continuous/test/auto/CausalityInterface5.xml
8 ms. Memory: 217088K Free: 90825K (42%)
----------------- Invoking toplevel() on ptolemy.moml.MoMLSimpleApplication@60521225
----------------- Done invoking toplevel() on ptolemy.moml.MoMLSimpleApplication@60521225
reloadAllAccessors: .CausalityInterface5

===========================================================================================
----------------- testing Sat Sep 28 05:44:41 UTC 2019 /home/travis/build/icyphy/ptII/ptolemy/domains/continuous/test/auto/CausalityInterface6.xml
----------------- Instantiating /home/travis/build/icyphy/ptII/ptolemy/domains/continuous/test/auto/CausalityInterface6.xml
3 ms. Memory: 217088K Free: 85691K (39%)
----------------- Invoking toplevel() on ptolemy.moml.MoMLSimpleApplication@8c6c021
----------------- Done invoking toplevel() on ptolemy.moml.MoMLSimpleApplication@8c6c021
reloadAllAccessors: .CausalityInterface6

===========================================================================================
----------------- testing Sat Sep 28 05:44:41 UTC 2019 /home/travis/build/icyphy/ptII/ptolemy/domains/continuous/test/auto/CausalityInterface7.xml
----------------- Instantiating /home/travis/build/icyphy/ptII/ptolemy/domains/continuous/test/auto/CausalityInterface7.xml
8 ms. Memory: 217088K Free: 77003K (35%)
----------------- Invoking toplevel() on ptolemy.moml.MoMLSimpleApplication@373a5e1a
----------------- Done invoking toplevel() on ptolemy.moml.MoMLSimpleApplication@373a5e1a
reloadAllAccessors: .CausalityInterface7

===========================================================================================
----------------- testing Sat Sep 28 05:44:41 UTC 2019 /home/travis/build/icyphy/ptII/ptolemy/domains/continuous/test/auto/CausalityInterface8.xml
----------------- Instantiating /home/travis/build/icyphy/ptII/ptolemy/domains/continuous/test/auto/CausalityInterface8.xml
16 ms. Memory: 261120K Free: 240300K (92%)
----------------- Invoking toplevel() on ptolemy.moml.MoMLSimpleApplication@ddad710
----------------- Done invoking toplevel() on ptolemy.moml.MoMLSimpleApplication@ddad710
reloadAllAccessors: .CausalityInterface8

===========================================================================================
----------------- testing Sat Sep 28 05:44:41 UTC 2019 /home/travis/build/icyphy/ptII/ptolemy/domains/continuous/test/auto/CausalityInterface9.xml
----------------- Instantiating /home/travis/build/icyphy/ptII/ptolemy/domains/continuous/test/auto/CausalityInterface9.xml
12 ms. Memory: 261120K Free: 229546K (88%)
----------------- Invoking toplevel() on ptolemy.moml.MoMLSimpleApplication@5d43bd45
----------------- Done invoking toplevel() on ptolemy.moml.MoMLSimpleApplication@5d43bd45
reloadAllAccessors: .CausalityInterface9

===========================================================================================
----------------- testing Sat Sep 28 05:44:41 UTC 2019 /home/travis/build/icyphy/ptII/ptolemy/domains/continuous/test/auto/CausalityInterfaceFeedback1.xml
----------------- Instantiating /home/travis/build/icyphy/ptII/ptolemy/domains/continuous/test/auto/CausalityInterfaceFeedback1.xml
4 ms. Memory: 261120K Free: 222892K (85%)
----------------- Invoking toplevel() on ptolemy.moml.MoMLSimpleApplication@56b82a2a
----------------- Done invoking toplevel() on ptolemy.moml.MoMLSimpleApplication@56b82a2a
reloadAllAccessors: .CausalityInterfaceFeedback1

===========================================================================================
----------------- testing Sat Sep 28 05:44:41 UTC 2019 /home/travis/build/icyphy/ptII/ptolemy/domains/continuous/test/auto/CausalityInterfaceFeedback2.xml
----------------- Instantiating /home/travis/build/icyphy/ptII/ptolemy/domains/continuous/test/auto/CausalityInterfaceFeedback2.xml
4 ms. Memory: 261120K Free: 216204K (83%)
----------------- Invoking toplevel() on ptolemy.moml.MoMLSimpleApplication@a22e1e0
----------------- Done invoking toplevel() on ptolemy.moml.MoMLSimpleApplication@a22e1e0
reloadAllAccessors: .CausalityInterfaceFeedback2

===========================================================================================
----------------- testing Sat Sep 28 05:44:41 UTC 2019 /home/travis/build/icyphy/ptII/ptolemy/domains/continuous/test/auto/CompareWithCurrentTime.xml
----------------- Instantiating /home/travis/build/icyphy/ptII/ptolemy/domains/continuous/test/auto/CompareWithCurrentTime.xml
6 ms. Memory: 261120K Free: 212138K (81%)
----------------- Invoking toplevel() on ptolemy.moml.MoMLSimpleApplication@26f35efa
----------------- Done invoking toplevel() on ptolemy.moml.MoMLSimpleApplication@26f35efa
reloadAllAccessors: .CompareWithCurrentTime

===========================================================================================
----------------- testing Sat Sep 28 05:44:41 UTC 2019 /home/travis/build/icyphy/ptII/ptolemy/domains/continuous/test/auto/ComparedClocks.xml
----------------- Instantiating /home/travis/build/icyphy/ptII/ptolemy/domains/continuous/test/auto/ComparedClocks.xml
7 ms. Memory: 261120K Free: 196764K (75%)
----------------- Invoking toplevel() on ptolemy.moml.MoMLSimpleApplication@960491c
----------------- Done invoking toplevel() on ptolemy.moml.MoMLSimpleApplication@960491c
reloadAllAccessors: .ComparedClocks

===========================================================================================
----------------- testing Sat Sep 28 05:44:41 UTC 2019 /home/travis/build/icyphy/ptII/ptolemy/domains/continuous/test/auto/ContinuousAOCClone.xml
----------------- Instantiating /home/travis/build/icyphy/ptII/ptolemy/domains/continuous/test/auto/ContinuousAOCClone.xml
2806 ms. Memory: 261120K Free: 136552K (52%)
----------------- Invoking toplevel() on ptolemy.moml.MoMLSimpleApplication@70cd68ce
----------------- Done invoking toplevel() on ptolemy.moml.MoMLSimpleApplication@70cd68ce
reloadAllAccessors: .ContinuousAOCClone

===========================================================================================
----------------- testing Sat Sep 28 05:44:44 UTC 2019 /home/travis/build/icyphy/ptII/ptolemy/domains/continuous/test/auto/ContinuousClock.xml
----------------- Instantiating /home/travis/build/icyphy/ptII/ptolemy/domains/continuous/test/auto/ContinuousClock.xml
42 ms. Memory: 261120K Free: 115048K (44%)
----------------- Invoking toplevel() on ptolemy.moml.MoMLSimpleApplication@3e2b0418
----------------- Done invoking toplevel() on ptolemy.moml.MoMLSimpleApplication@3e2b0418
reloadAllAccessors: .ContinuousClock

===========================================================================================
----------------- testing Sat Sep 28 05:44:44 UTC 2019 /home/travis/build/icyphy/ptII/ptolemy/domains/continuous/test/auto/ContinuousInContinuous.xml
----------------- Instantiating /home/travis/build/icyphy/ptII/ptolemy/domains/continuous/test/auto/ContinuousInContinuous.xml
63 ms. Memory: 261120K Free: 91496K (35%)
----------------- Invoking toplevel() on ptolemy.moml.MoMLSimpleApplication@43a1cda4
----------------- Done invoking toplevel() on ptolemy.moml.MoMLSimpleApplication@43a1cda4
reloadAllAccessors: .ContinuousInContinuous

===========================================================================================
----------------- testing Sat Sep 28 05:44:44 UTC 2019 /home/travis/build/icyphy/ptII/ptolemy/domains/continuous/test/auto/ContinuousInContinuousInContinuous.xml
----------------- Instantiating /home/travis/build/icyphy/ptII/ptolemy/domains/continuous/test/auto/ContinuousInContinuousInContinuous.xml
9 ms. Memory: 313344K Free: 292685K (93%)
----------------- Invoking toplevel() on ptolemy.moml.MoMLSimpleApplication@46614062
----------------- Done invoking toplevel() on ptolemy.moml.MoMLSimpleApplication@46614062
reloadAllAccessors: .ContinuousInContinuousInContinuous

===========================================================================================
----------------- testing Sat Sep 28 05:44:45 UTC 2019 /home/travis/build/icyphy/ptII/ptolemy/domains/continuous/test/auto/ContinuousInDE.xml
----------------- Instantiating /home/travis/build/icyphy/ptII/ptolemy/domains/continuous/test/auto/ContinuousInDE.xml
104 ms. Memory: 313344K Free: 282447K (90%)
----------------- Invoking toplevel() on ptolemy.moml.MoMLSimpleApplication@5e3f4bc4
----------------- Done invoking toplevel() on ptolemy.moml.MoMLSimpleApplication@5e3f4bc4
reloadAllAccessors: .ContinuousInDE

===========================================================================================
----------------- testing Sat Sep 28 05:44:45 UTC 2019 /home/travis/build/icyphy/ptII/ptolemy/domains/continuous/test/auto/ContinuousInDE2.xml
----------------- Instantiating /home/travis/build/icyphy/ptII/ptolemy/domains/continuous/test/auto/ContinuousInDE2.xml
40 ms. Memory: 313344K Free: 272717K (87%)
----------------- Invoking toplevel() on ptolemy.moml.MoMLSimpleApplication@2e9e6b2e
----------------- Done invoking toplevel() on ptolemy.moml.MoMLSimpleApplication@2e9e6b2e
reloadAllAccessors: .ContinuousInDE2

===========================================================================================
----------------- testing Sat Sep 28 05:44:45 UTC 2019 /home/travis/build/icyphy/ptII/ptolemy/domains/continuous/test/auto/ContinuousInDE3.xml
----------------- Instantiating /home/travis/build/icyphy/ptII/ptolemy/domains/continuous/test/auto/ContinuousInDE3.xml
38 ms. Memory: 313344K Free: 262991K (84%)
----------------- Invoking toplevel() on ptolemy.moml.MoMLSimpleApplication@35af8eac
----------------- Done invoking toplevel() on ptolemy.moml.MoMLSimpleApplication@35af8eac
reloadAllAccessors: .ContinuousInDE3

===========================================================================================
----------------- testing Sat Sep 28 05:44:45 UTC 2019 /home/travis/build/icyphy/ptII/ptolemy/domains/continuous/test/auto/ContinuousInDE4.xml
----------------- Instantiating /home/travis/build/icyphy/ptII/ptolemy/domains/continuous/test/auto/ContinuousInDE4.xml
15 ms. Memory: 313344K Free: 256847K (82%)
----------------- Invoking toplevel() on ptolemy.moml.MoMLSimpleApplication@cf7e59a
----------------- Done invoking toplevel() on ptolemy.moml.MoMLSimpleApplication@cf7e59a
reloadAllAccessors: .ContinuousInDE4

===========================================================================================
----------------- testing Sat Sep 28 05:44:45 UTC 2019 /home/travis/build/icyphy/ptII/ptolemy/domains/continuous/test/auto/ContinuousInDEDifferentRefinements.xml
----------------- Instantiating /home/travis/build/icyphy/ptII/ptolemy/domains/continuous/test/auto/ContinuousInDEDifferentRefinements.xml
49 ms. Memory: 313344K Free: 226127K (72%)
----------------- Invoking toplevel() on ptolemy.moml.MoMLSimpleApplication@f65e378
----------------- Done invoking toplevel() on ptolemy.moml.MoMLSimpleApplication@f65e378
reloadAllAccessors: .ContinuousInDEDifferentRefinements

===========================================================================================
----------------- testing Sat Sep 28 05:44:45 UTC 2019 /home/travis/build/icyphy/ptII/ptolemy/domains/continuous/test/auto/ContinuousInDEDifferentRefinementsPreemptive.xml
----------------- Instantiating /home/travis/build/icyphy/ptII/ptolemy/domains/continuous/test/auto/ContinuousInDEDifferentRefinementsPreemptive.xml
56 ms. Memory: 313344K Free: 195407K (62%)
----------------- Invoking toplevel() on ptolemy.moml.MoMLSimpleApplication@71e05115
----------------- Done invoking toplevel() on ptolemy.moml.MoMLSimpleApplication@71e05115
reloadAllAccessors: .ContinuousInDEDifferentRefinementsPreemptive

===========================================================================================
----------------- testing Sat Sep 28 05:44:45 UTC 2019 /home/travis/build/icyphy/ptII/ptolemy/domains/continuous/test/auto/ContinuousInDEInContinuous2.xml
----------------- Instantiating /home/travis/build/icyphy/ptII/ptolemy/domains/continuous/test/auto/ContinuousInDEInContinuous2.xml
37 ms. Memory: 313344K Free: 184143K (59%)
----------------- Invoking toplevel() on ptolemy.moml.MoMLSimpleApplication@3a9eac91
----------------- Done invoking toplevel() on ptolemy.moml.MoMLSimpleApplication@3a9eac91
reloadAllAccessors: .ContinuousInDEInContinuous2

===========================================================================================
----------------- testing Sat Sep 28 05:44:45 UTC 2019 /home/travis/build/icyphy/ptII/ptolemy/domains/continuous/test/auto/ContinuousInDEInContinuous3.xml
----------------- Instantiating /home/travis/build/icyphy/ptII/ptolemy/domains/continuous/test/auto/ContinuousInDEInContinuous3.xml
39 ms. Memory: 313344K Free: 171855K (55%)
----------------- Invoking toplevel() on ptolemy.moml.MoMLSimpleApplication@1fb26ce7
----------------- Done invoking toplevel() on ptolemy.moml.MoMLSimpleApplication@1fb26ce7
reloadAllAccessors: .ContinuousInDEInContinuous3

===========================================================================================
----------------- testing Sat Sep 28 05:44:45 UTC 2019 /home/travis/build/icyphy/ptII/ptolemy/domains/continuous/test/auto/ContinuousInDEInput.xml
----------------- Instantiating /home/travis/build/icyphy/ptII/ptolemy/domains/continuous/test/auto/ContinuousInDEInput.xml
15 ms. Memory: 313344K Free: 164687K (53%)
----------------- Invoking toplevel() on ptolemy.moml.MoMLSimpleApplication@12faf7a2
----------------- Done invoking toplevel() on ptolemy.moml.MoMLSimpleApplication@12faf7a2
reloadAllAccessors: .ContinuousInDEInput

===========================================================================================
----------------- testing Sat Sep 28 05:44:45 UTC 2019 /home/travis/build/icyphy/ptII/ptolemy/domains/continuous/test/auto/ContinuousInDEInput2.xml
----------------- Instantiating /home/travis/build/icyphy/ptII/ptolemy/domains/continuous/test/auto/ContinuousInDEInput2.xml
12 ms. Memory: 313344K Free: 157005K (50%)
----------------- Invoking toplevel() on ptolemy.moml.MoMLSimpleApplication@5db35f67
----------------- Done invoking toplevel() on ptolemy.moml.MoMLSimpleApplication@5db35f67
reloadAllAccessors: .ContinuousInDEInput2

===========================================================================================
----------------- testing Sat Sep 28 05:44:45 UTC 2019 /home/travis/build/icyphy/ptII/ptolemy/domains/continuous/test/auto/ContinuousInDEInput3.xml
----------------- Instantiating /home/travis/build/icyphy/ptII/ptolemy/domains/continuous/test/auto/ContinuousInDEInput3.xml
13 ms. Memory: 313344K Free: 149837K (48%)
----------------- Invoking toplevel() on ptolemy.moml.MoMLSimpleApplication@583aac65
----------------- Done invoking toplevel() on ptolemy.moml.MoMLSimpleApplication@583aac65
reloadAllAccessors: .ContinuousInDEInput3

===========================================================================================
----------------- testing Sat Sep 28 05:44:45 UTC 2019 /home/travis/build/icyphy/ptII/ptolemy/domains/continuous/test/auto/ContinuousInDESharingRefinement.xml
----------------- Instantiating /home/travis/build/icyphy/ptII/ptolemy/domains/continuous/test/auto/ContinuousInDESharingRefinement.xml
184 ms. Memory: 313344K Free: 241168K (77%)
----------------- Invoking toplevel() on ptolemy.moml.MoMLSimpleApplication@e65164c
----------------- Done invoking toplevel() on ptolemy.moml.MoMLSimpleApplication@e65164c
reloadAllAccessors: .ContinuousInDESharingRefinement

===========================================================================================
----------------- testing Sat Sep 28 05:44:46 UTC 2019 /home/travis/build/icyphy/ptII/ptolemy/domains/continuous/test/auto/ContinuousInDEwithNoPorts.xml
----------------- Instantiating /home/travis/build/icyphy/ptII/ptolemy/domains/continuous/test/auto/ContinuousInDEwithNoPorts.xml
8 ms. Memory: 313344K Free: 236544K (75%)
----------------- Invoking toplevel() on ptolemy.moml.MoMLSimpleApplication@1f4c9cb6
----------------- Done invoking toplevel() on ptolemy.moml.MoMLSimpleApplication@1f4c9cb6
reloadAllAccessors: .ContinuousInDEwithNoPorts

===========================================================================================
----------------- testing Sat Sep 28 05:44:46 UTC 2019 /home/travis/build/icyphy/ptII/ptolemy/domains/continuous/test/auto/ContinuousInsideDE.xml
----------------- Instantiating /home/travis/build/icyphy/ptII/ptolemy/domains/continuous/test/auto/ContinuousInsideDE.xml
33 ms. Memory: 313344K Free: 225294K (72%)
----------------- Invoking toplevel() on ptolemy.moml.MoMLSimpleApplication@44fe4e00
----------------- Done invoking toplevel() on ptolemy.moml.MoMLSimpleApplication@44fe4e00
reloadAllAccessors: .ContinuousInsideDE

===========================================================================================
----------------- testing Sat Sep 28 05:44:46 UTC 2019 /home/travis/build/icyphy/ptII/ptolemy/domains/continuous/test/auto/ContinuousMerge1.xml
----------------- Instantiating /home/travis/build/icyphy/ptII/ptolemy/domains/continuous/test/auto/ContinuousMerge1.xml
4 ms. Memory: 313344K Free: 221184K (71%)
----------------- Invoking toplevel() on ptolemy.moml.MoMLSimpleApplication@78c83a9f
----------------- Done invoking toplevel() on ptolemy.moml.MoMLSimpleApplication@78c83a9f
reloadAllAccessors: .ContinuousMerge1

===========================================================================================
----------------- testing Sat Sep 28 05:44:46 UTC 2019 /home/travis/build/icyphy/ptII/ptolemy/domains/continuous/test/auto/ContinuousMerge2.xml
----------------- Instantiating /home/travis/build/icyphy/ptII/ptolemy/domains/continuous/test/auto/ContinuousMerge2.xml
16 ms. Memory: 313344K Free: 210958K (67%)
----------------- Invoking toplevel() on ptolemy.moml.MoMLSimpleApplication@6b9a83b6
----------------- Done invoking toplevel() on ptolemy.moml.MoMLSimpleApplication@6b9a83b6
reloadAllAccessors: .ContinuousMerge2

===========================================================================================
----------------- testing Sat Sep 28 05:44:46 UTC 2019 /home/travis/build/icyphy/ptII/ptolemy/domains/continuous/test/auto/ContinuousMerge3.xml
----------------- Instantiating /home/travis/build/icyphy/ptII/ptolemy/domains/continuous/test/auto/ContinuousMerge3.xml
43 ms. Memory: 313344K Free: 200208K (64%)
----------------- Invoking toplevel() on ptolemy.moml.MoMLSimpleApplication@5293b3e1
----------------- Done invoking toplevel() on ptolemy.moml.MoMLSimpleApplication@5293b3e1
reloadAllAccessors: .ContinuousMerge3

===========================================================================================
----------------- testing Sat Sep 28 05:44:46 UTC 2019 /home/travis/build/icyphy/ptII/ptolemy/domains/continuous/test/auto/ContinuousWithinContinuous.xml
----------------- Instantiating /home/travis/build/icyphy/ptII/ptolemy/domains/continuous/test/auto/ContinuousWithinContinuous.xml
35 ms. Memory: 313344K Free: 191502K (61%)
----------------- Invoking toplevel() on ptolemy.moml.MoMLSimpleApplication@2b1b57cd
----------------- Done invoking toplevel() on ptolemy.moml.MoMLSimpleApplication@2b1b57cd
reloadAllAccessors: .ContinuousWithinContinuous

===========================================================================================
----------------- testing Sat Sep 28 05:44:46 UTC 2019 /home/travis/build/icyphy/ptII/ptolemy/domains/continuous/test/auto/ContinuousWithinContinuous2.xml
----------------- Instantiating /home/travis/build/icyphy/ptII/ptolemy/domains/continuous/test/auto/ContinuousWithinContinuous2.xml
69 ms. Memory: 313344K Free: 180238K (58%)
----------------- Invoking toplevel() on ptolemy.moml.MoMLSimpleApplication@3010be99
----------------- Done invoking toplevel() on ptolemy.moml.MoMLSimpleApplication@3010be99
reloadAllAccessors: .ContinuousWithinContinuous2

===========================================================================================
----------------- testing Sat Sep 28 05:44:46 UTC 2019 /home/travis/build/icyphy/ptII/ptolemy/domains/continuous/test/auto/ContinuousWithinContinuous3.xml
----------------- Instantiating /home/travis/build/icyphy/ptII/ptolemy/domains/continuous/test/auto/ContinuousWithinContinuous3.xml
13 ms. Memory: 313344K Free: 173584K (55%)
----------------- Invoking toplevel() on ptolemy.moml.MoMLSimpleApplication@3862f39b
----------------- Done invoking toplevel() on ptolemy.moml.MoMLSimpleApplication@3862f39b
reloadAllAccessors: .ContinuousWithinContinuous3

===========================================================================================
----------------- testing Sat Sep 28 05:44:46 UTC 2019 /home/travis/build/icyphy/ptII/ptolemy/domains/continuous/test/auto/ContinuousWithinContinuous4.xml
----------------- Instantiating /home/travis/build/icyphy/ptII/ptolemy/domains/continuous/test/auto/ContinuousWithinContinuous4.xml
71 ms. Memory: 313344K Free: 161806K (52%)
----------------- Invoking toplevel() on ptolemy.moml.MoMLSimpleApplication@45509b74
----------------- Done invoking toplevel() on ptolemy.moml.MoMLSimpleApplication@45509b74
reloadAllAccessors: .ContinuousWithinContinuous4

===========================================================================================
----------------- testing Sat Sep 28 05:44:46 UTC 2019 /home/travis/build/icyphy/ptII/ptolemy/domains/continuous/test/auto/ContinuousWithinContinuous5.xml
----------------- Instantiating /home/travis/build/icyphy/ptII/ptolemy/domains/continuous/test/auto/ContinuousWithinContinuous5.xml
13 ms. Memory: 313344K Free: 154638K (49%)
----------------- Invoking toplevel() on ptolemy.moml.MoMLSimpleApplication@134c09a7
----------------- Done invoking toplevel() on ptolemy.moml.MoMLSimpleApplication@134c09a7
reloadAllAccessors: .ContinuousWithinContinuous5

===========================================================================================
----------------- testing Sat Sep 28 05:44:46 UTC 2019 /home/travis/build/icyphy/ptII/ptolemy/domains/continuous/test/auto/ContinuousWithinContinuous6.xml
----------------- Instantiating /home/travis/build/icyphy/ptII/ptolemy/domains/continuous/test/auto/ContinuousWithinContinuous6.xml
11 ms. Memory: 313344K Free: 147470K (47%)
----------------- Invoking toplevel() on ptolemy.moml.MoMLSimpleApplication@b59de0b
----------------- Done invoking toplevel() on ptolemy.moml.MoMLSimpleApplication@b59de0b
reloadAllAccessors: .ContinuousWithinContinuous6

===========================================================================================
----------------- testing Sat Sep 28 05:44:46 UTC 2019 /home/travis/build/icyphy/ptII/ptolemy/domains/continuous/test/auto/ContinuousWithinContinuous7.xml
----------------- Instantiating /home/travis/build/icyphy/ptII/ptolemy/domains/continuous/test/auto/ContinuousWithinContinuous7.xml
56 ms. Memory: 313344K Free: 136720K (44%)
----------------- Invoking toplevel() on ptolemy.moml.MoMLSimpleApplication@49012de3
----------------- Done invoking toplevel() on ptolemy.moml.MoMLSimpleApplication@49012de3
reloadAllAccessors: .ContinuousWithinContinuous7

===========================================================================================
----------------- testing Sat Sep 28 05:44:46 UTC 2019 /home/travis/build/icyphy/ptII/ptolemy/domains/continuous/test/auto/DCMotor.xml
----------------- Instantiating /home/travis/build/icyphy/ptII/ptolemy/domains/continuous/test/auto/DCMotor.xml
13712 ms. Memory: 313344K Free: 290794K (93%)
----------------- Invoking toplevel() on ptolemy.moml.MoMLSimpleApplication@1be2418c
----------------- Done invoking toplevel() on ptolemy.moml.MoMLSimpleApplication@1be2418c
reloadAllAccessors: .DCMotor

===========================================================================================
----------------- testing Sat Sep 28 05:45:00 UTC 2019 /home/travis/build/icyphy/ptII/ptolemy/domains/continuous/test/auto/DEInContinuous.xml
----------------- Instantiating /home/travis/build/icyphy/ptII/ptolemy/domains/continuous/test/auto/DEInContinuous.xml
14 ms. Memory: 313344K Free: 284650K (91%)
----------------- Invoking toplevel() on ptolemy.moml.MoMLSimpleApplication@14322021
----------------- Done invoking toplevel() on ptolemy.moml.MoMLSimpleApplication@14322021
reloadAllAccessors: .DEInContinuous

===========================================================================================
----------------- testing Sat Sep 28 05:45:00 UTC 2019 /home/travis/build/icyphy/ptII/ptolemy/domains/continuous/test/auto/DEinContinuous2.xml
----------------- Instantiating /home/travis/build/icyphy/ptII/ptolemy/domains/continuous/test/auto/DEinContinuous2.xml
7 ms. Memory: 313344K Free: 276458K (88%)
----------------- Invoking toplevel() on ptolemy.moml.MoMLSimpleApplication@236e07c9
----------------- Done invoking toplevel() on ptolemy.moml.MoMLSimpleApplication@236e07c9
reloadAllAccessors: .DEinContinuous2

===========================================================================================
----------------- testing Sat Sep 28 05:45:00 UTC 2019 /home/travis/build/icyphy/ptII/ptolemy/domains/continuous/test/auto/Derivative.xml
----------------- Instantiating /home/travis/build/icyphy/ptII/ptolemy/domains/continuous/test/auto/Derivative.xml
186 ms. Memory: 313344K Free: 247786K (79%)
----------------- Invoking toplevel() on ptolemy.moml.MoMLSimpleApplication@36b1c5a5
----------------- Done invoking toplevel() on ptolemy.moml.MoMLSimpleApplication@36b1c5a5
reloadAllAccessors: .Derivative2

===========================================================================================
----------------- testing Sat Sep 28 05:45:00 UTC 2019 /home/travis/build/icyphy/ptII/ptolemy/domains/continuous/test/auto/Derivative1.xml
----------------- Instantiating /home/travis/build/icyphy/ptII/ptolemy/domains/continuous/test/auto/Derivative1.xml
29 ms. Memory: 313344K Free: 233450K (75%)
----------------- Invoking toplevel() on ptolemy.moml.MoMLSimpleApplication@2aa4b485
----------------- Done invoking toplevel() on ptolemy.moml.MoMLSimpleApplication@2aa4b485
reloadAllAccessors: .Derivative1

===========================================================================================
----------------- testing Sat Sep 28 05:45:00 UTC 2019 /home/travis/build/icyphy/ptII/ptolemy/domains/continuous/test/auto/DiscreteClock.xml
----------------- Instantiating /home/travis/build/icyphy/ptII/ptolemy/domains/continuous/test/auto/DiscreteClock.xml
5 ms. Memory: 313344K Free: 228330K (73%)
----------------- Invoking toplevel() on ptolemy.moml.MoMLSimpleApplication@11577065
----------------- Done invoking toplevel() on ptolemy.moml.MoMLSimpleApplication@11577065
reloadAllAccessors: .DiscreteClock

===========================================================================================
----------------- testing Sat Sep 28 05:45:00 UTC 2019 /home/travis/build/icyphy/ptII/ptolemy/domains/continuous/test/auto/EfficiencyCurve.xml
----------------- Instantiating /home/travis/build/icyphy/ptII/ptolemy/domains/continuous/test/auto/EfficiencyCurve.xml
84 ms. Memory: 313344K Free: 219624K (70%)
----------------- Invoking toplevel() on ptolemy.moml.MoMLSimpleApplication@643f9477
----------------- Done invoking toplevel() on ptolemy.moml.MoMLSimpleApplication@643f9477
reloadAllAccessors: .EfficiencyCurve

===========================================================================================
----------------- testing Sat Sep 28 05:45:01 UTC 2019 /home/travis/build/icyphy/ptII/ptolemy/domains/continuous/test/auto/ExponentialResponse.xml
----------------- Instantiating /home/travis/build/icyphy/ptII/ptolemy/domains/continuous/test/auto/ExponentialResponse.xml
124 ms. Memory: 313344K Free: 204778K (65%)
----------------- Invoking toplevel() on ptolemy.moml.MoMLSimpleApplication@7a897d39
----------------- Done invoking toplevel() on ptolemy.moml.MoMLSimpleApplication@7a897d39
reloadAllAccessors: .ExponentialResponse

===========================================================================================
----------------- testing Sat Sep 28 05:45:01 UTC 2019 /home/travis/build/icyphy/ptII/ptolemy/domains/continuous/test/auto/ExponentialResponseRK45.xml
----------------- Instantiating /home/travis/build/icyphy/ptII/ptolemy/domains/continuous/test/auto/ExponentialResponseRK45.xml
26 ms. Memory: 313344K Free: 198120K (63%)
----------------- Invoking toplevel() on ptolemy.moml.MoMLSimpleApplication@60985035
----------------- Done invoking toplevel() on ptolemy.moml.MoMLSimpleApplication@60985035
reloadAllAccessors: .ExponentialResponseRK45

===========================================================================================
----------------- testing Sat Sep 28 05:45:01 UTC 2019 /home/travis/build/icyphy/ptII/ptolemy/domains/continuous/test/auto/Friction.xml
----------------- Instantiating /home/travis/build/icyphy/ptII/ptolemy/domains/continuous/test/auto/Friction.xml
1518 ms. Memory: 313344K Free: 149344K (48%)
----------------- Invoking toplevel() on ptolemy.moml.MoMLSimpleApplication@7e5fc516
----------------- Done invoking toplevel() on ptolemy.moml.MoMLSimpleApplication@7e5fc516
reloadAllAccessors: .Friction

===========================================================================================
----------------- testing Sat Sep 28 05:45:02 UTC 2019 /home/travis/build/icyphy/ptII/ptolemy/domains/continuous/test/auto/FurutaPendulum.xml
----------------- Instantiating /home/travis/build/icyphy/ptII/ptolemy/domains/continuous/test/auto/FurutaPendulum.xml
3372 ms. Memory: 313344K Free: 229085K (73%)
----------------- Invoking toplevel() on ptolemy.moml.MoMLSimpleApplication@6be9782c
----------------- Done invoking toplevel() on ptolemy.moml.MoMLSimpleApplication@6be9782c
reloadAllAccessors: .FurutaPendulum

===========================================================================================
----------------- testing Sat Sep 28 05:45:06 UTC 2019 /home/travis/build/icyphy/ptII/ptolemy/domains/continuous/test/auto/HierarchicalExecution.xml
----------------- Instantiating /home/travis/build/icyphy/ptII/ptolemy/domains/continuous/test/auto/HierarchicalExecution.xml
1954 ms. Memory: 313344K Free: 137086K (44%)
----------------- Invoking toplevel() on ptolemy.moml.MoMLSimpleApplication@668a7153
----------------- Done invoking toplevel() on ptolemy.moml.MoMLSimpleApplication@668a7153
reloadAllAccessors: .HierarchicalExecution

===========================================================================================
----------------- testing Sat Sep 28 05:45:08 UTC 2019 /home/travis/build/icyphy/ptII/ptolemy/domains/continuous/test/auto/HybridPlant.xml
----------------- Instantiating /home/travis/build/icyphy/ptII/ptolemy/domains/continuous/test/auto/HybridPlant.xml
536 ms. Memory: 313344K Free: 245217K (78%)
----------------- Invoking toplevel() on ptolemy.moml.MoMLSimpleApplication@4add7598
----------------- Done invoking toplevel() on ptolemy.moml.MoMLSimpleApplication@4add7598
reloadAllAccessors: .HybridPlant

===========================================================================================
----------------- testing Sat Sep 28 05:45:09 UTC 2019 /home/travis/build/icyphy/ptII/ptolemy/domains/continuous/test/auto/Hysteresis.xml
----------------- Instantiating /home/travis/build/icyphy/ptII/ptolemy/domains/continuous/test/auto/Hysteresis.xml
135 ms. Memory: 313344K Free: 182783K (58%)
----------------- Invoking toplevel() on ptolemy.moml.MoMLSimpleApplication@7e2aecd1
----------------- Done invoking toplevel() on ptolemy.moml.MoMLSimpleApplication@7e2aecd1
reloadAllAccessors: .Hysteresis

===========================================================================================
----------------- testing Sat Sep 28 05:45:09 UTC 2019 /home/travis/build/icyphy/ptII/ptolemy/domains/continuous/test/auto/HysteresisWithRandomDelay.xml
----------------- Instantiating /home/travis/build/icyphy/ptII/ptolemy/domains/continuous/test/auto/HysteresisWithRandomDelay.xml
215 ms. Memory: 313344K Free: 296603K (95%)
----------------- Invoking toplevel() on ptolemy.moml.MoMLSimpleApplication@879b01e
----------------- Done invoking toplevel() on ptolemy.moml.MoMLSimpleApplication@879b01e
reloadAllAccessors: .HysteresisWithRandomDelay

===========================================================================================
----------------- testing Sat Sep 28 05:45:10 UTC 2019 /home/travis/build/icyphy/ptII/ptolemy/domains/continuous/test/auto/HysteresisWithRandomLosses.xml
----------------- Instantiating /home/travis/build/icyphy/ptII/ptolemy/domains/continuous/test/auto/HysteresisWithRandomLosses.xml
2463 ms. Memory: 313344K Free: 114389K (37%)
----------------- Invoking toplevel() on ptolemy.moml.MoMLSimpleApplication@2021be9
----------------- Done invoking toplevel() on ptolemy.moml.MoMLSimpleApplication@2021be9
reloadAllAccessors: .HysteresisWithRandomLosses

===========================================================================================
----------------- testing Sat Sep 28 05:45:12 UTC 2019 /home/travis/build/icyphy/ptII/ptolemy/domains/continuous/test/auto/ImmediateTransitions.xml
----------------- Instantiating /home/travis/build/icyphy/ptII/ptolemy/domains/continuous/test/auto/ImmediateTransitions.xml
10 ms. Memory: 313344K Free: 288846K (92%)
----------------- Invoking toplevel() on ptolemy.moml.MoMLSimpleApplication@6a5155fd
----------------- Done invoking toplevel() on ptolemy.moml.MoMLSimpleApplication@6a5155fd
reloadAllAccessors: .ImmediateTransitions

===========================================================================================
----------------- testing Sat Sep 28 05:45:12 UTC 2019 /home/travis/build/icyphy/ptII/ptolemy/domains/continuous/test/auto/ImpulseFeedback.xml
----------------- Instantiating /home/travis/build/icyphy/ptII/ptolemy/domains/continuous/test/auto/ImpulseFeedback.xml
10 ms. Memory: 313344K Free: 283212K (90%)
----------------- Invoking toplevel() on ptolemy.moml.MoMLSimpleApplication@6324ea9f
----------------- Done invoking toplevel() on ptolemy.moml.MoMLSimpleApplication@6324ea9f
reloadAllAccessors: .ImpulseFeedback

===========================================================================================
----------------- testing Sat Sep 28 05:45:12 UTC 2019 /home/travis/build/icyphy/ptII/ptolemy/domains/continuous/test/auto/ImpulseFeedback2.xml
----------------- Instantiating /home/travis/build/icyphy/ptII/ptolemy/domains/continuous/test/auto/ImpulseFeedback2.xml
6 ms. Memory: 313344K Free: 277582K (89%)
----------------- Invoking toplevel() on ptolemy.moml.MoMLSimpleApplication@43eddd40
----------------- Done invoking toplevel() on ptolemy.moml.MoMLSimpleApplication@43eddd40
reloadAllAccessors: .ImpulseFeedback2

===========================================================================================
----------------- testing Sat Sep 28 05:45:12 UTC 2019 /home/travis/build/icyphy/ptII/ptolemy/domains/continuous/test/auto/IncreasingRatePoisson.xml
----------------- Instantiating /home/travis/build/icyphy/ptII/ptolemy/domains/continuous/test/auto/IncreasingRatePoisson.xml
746 ms. Memory: 313344K Free: 159545K (51%)
----------------- Invoking toplevel() on ptolemy.moml.MoMLSimpleApplication@2ce6d6a2
----------------- Done invoking toplevel() on ptolemy.moml.MoMLSimpleApplication@2ce6d6a2
reloadAllAccessors: .IncreasingRatePoisson

===========================================================================================
----------------- testing Sat Sep 28 05:45:13 UTC 2019 /home/travis/build/icyphy/ptII/ptolemy/domains/continuous/test/auto/InitialStateFeedback.xml
----------------- Instantiating /home/travis/build/icyphy/ptII/ptolemy/domains/continuous/test/auto/InitialStateFeedback.xml
8 ms. Memory: 313344K Free: 154953K (49%)
----------------- Invoking toplevel() on ptolemy.moml.MoMLSimpleApplication@3c96987f
----------------- Done invoking toplevel() on ptolemy.moml.MoMLSimpleApplication@3c96987f
reloadAllAccessors: .InitialStateFeedback

===========================================================================================
----------------- testing Sat Sep 28 05:45:13 UTC 2019 /home/travis/build/icyphy/ptII/ptolemy/domains/continuous/test/auto/Integration.xml
----------------- Instantiating /home/travis/build/icyphy/ptII/ptolemy/domains/continuous/test/auto/Integration.xml
2 ms. Memory: 313344K Free: 150857K (48%)
----------------- Invoking toplevel() on ptolemy.moml.MoMLSimpleApplication@503f2fe
----------------- Done invoking toplevel() on ptolemy.moml.MoMLSimpleApplication@503f2fe
reloadAllAccessors: .Integration

===========================================================================================
----------------- testing Sat Sep 28 05:45:13 UTC 2019 /home/travis/build/icyphy/ptII/ptolemy/domains/continuous/test/auto/Integration2.xml
----------------- Instantiating /home/travis/build/icyphy/ptII/ptolemy/domains/continuous/test/auto/Integration2.xml
89 ms. Memory: 313344K Free: 137031K (44%)
----------------- Invoking toplevel() on ptolemy.moml.MoMLSimpleApplication@5ffa4df9
----------------- Done invoking toplevel() on ptolemy.moml.MoMLSimpleApplication@5ffa4df9
reloadAllAccessors: .Integration2

===========================================================================================
----------------- testing Sat Sep 28 05:45:13 UTC 2019 /home/travis/build/icyphy/ptII/ptolemy/domains/continuous/test/auto/Integration3.xml
----------------- Instantiating /home/travis/build/icyphy/ptII/ptolemy/domains/continuous/test/auto/Integration3.xml
2 ms. Memory: 313344K Free: 132425K (42%)
----------------- Invoking toplevel() on ptolemy.moml.MoMLSimpleApplication@25230034
----------------- Done invoking toplevel() on ptolemy.moml.MoMLSimpleApplication@25230034
reloadAllAccessors: .Integration3

===========================================================================================
----------------- testing Sat Sep 28 05:45:13 UTC 2019 /home/travis/build/icyphy/ptII/ptolemy/domains/continuous/test/auto/Integration5.xml
----------------- Instantiating /home/travis/build/icyphy/ptII/ptolemy/domains/continuous/test/auto/Integration5.xml
2 ms. Memory: 313344K Free: 128329K (41%)
----------------- Invoking toplevel() on ptolemy.moml.MoMLSimpleApplication@5853643e
----------------- Done invoking toplevel() on ptolemy.moml.MoMLSimpleApplication@5853643e
reloadAllAccessors: .Integration5

===========================================================================================
----------------- testing Sat Sep 28 05:45:13 UTC 2019 /home/travis/build/icyphy/ptII/ptolemy/domains/continuous/test/auto/IntegratorImpulse.xml
----------------- Instantiating /home/travis/build/icyphy/ptII/ptolemy/domains/continuous/test/auto/IntegratorImpulse.xml
2 ms. Memory: 313344K Free: 124233K (40%)
----------------- Invoking toplevel() on ptolemy.moml.MoMLSimpleApplication@62c2660b
----------------- Done invoking toplevel() on ptolemy.moml.MoMLSimpleApplication@62c2660b
reloadAllAccessors: .IntegratorImpulse

===========================================================================================
----------------- testing Sat Sep 28 05:45:13 UTC 2019 /home/travis/build/icyphy/ptII/ptolemy/domains/continuous/test/auto/IntegratorImpulse2.xml
----------------- Instantiating /home/travis/build/icyphy/ptII/ptolemy/domains/continuous/test/auto/IntegratorImpulse2.xml
5 ms. Memory: 313344K Free: 119609K (38%)
----------------- Invoking toplevel() on ptolemy.moml.MoMLSimpleApplication@163637cc
----------------- Done invoking toplevel() on ptolemy.moml.MoMLSimpleApplication@163637cc
reloadAllAccessors: .IntegratorImpulse2

===========================================================================================
----------------- testing Sat Sep 28 05:45:13 UTC 2019 /home/travis/build/icyphy/ptII/ptolemy/domains/continuous/test/auto/LevelCrossing1.xml
----------------- Instantiating /home/travis/build/icyphy/ptII/ptolemy/domains/continuous/test/auto/LevelCrossing1.xml
3 ms. Memory: 313344K Free: 114503K (37%)
----------------- Invoking toplevel() on ptolemy.moml.MoMLSimpleApplication@5c3ff272
----------------- Done invoking toplevel() on ptolemy.moml.MoMLSimpleApplication@5c3ff272
reloadAllAccessors: .LevelCrossing1

===========================================================================================
----------------- testing Sat Sep 28 05:45:13 UTC 2019 /home/travis/build/icyphy/ptII/ptolemy/domains/continuous/test/auto/LevelCrossing2.xml
----------------- Instantiating /home/travis/build/icyphy/ptII/ptolemy/domains/continuous/test/auto/LevelCrossing2.xml
4 ms. Memory: 313344K Free: 296224K (95%)
----------------- Invoking toplevel() on ptolemy.moml.MoMLSimpleApplication@1ba34306
----------------- Done invoking toplevel() on ptolemy.moml.MoMLSimpleApplication@1ba34306
reloadAllAccessors: .LevelCrossing2

===========================================================================================
----------------- testing Sat Sep 28 05:45:13 UTC 2019 /home/travis/build/icyphy/ptII/ptolemy/domains/continuous/test/auto/LevelCrossing3.xml
----------------- Instantiating /home/travis/build/icyphy/ptII/ptolemy/domains/continuous/test/auto/LevelCrossing3.xml
8 ms. Memory: 313344K Free: 291104K (93%)
----------------- Invoking toplevel() on ptolemy.moml.MoMLSimpleApplication@4e9512c9
----------------- Done invoking toplevel() on ptolemy.moml.MoMLSimpleApplication@4e9512c9
reloadAllAccessors: .LevelCrossing3

===========================================================================================
----------------- testing Sat Sep 28 05:45:13 UTC 2019 /home/travis/build/icyphy/ptII/ptolemy/domains/continuous/test/auto/LevelCrossing4.xml
----------------- Instantiating /home/travis/build/icyphy/ptII/ptolemy/domains/continuous/test/auto/LevelCrossing4.xml
3 ms. Memory: 313344K Free: 285984K (91%)
----------------- Invoking toplevel() on ptolemy.moml.MoMLSimpleApplication@190ac0a4
----------------- Done invoking toplevel() on ptolemy.moml.MoMLSimpleApplication@190ac0a4
reloadAllAccessors: .LevelCrossing4

===========================================================================================
----------------- testing Sat Sep 28 05:45:13 UTC 2019 /home/travis/build/icyphy/ptII/ptolemy/domains/continuous/test/auto/LevelCrossing5.xml
----------------- Instantiating /home/travis/build/icyphy/ptII/ptolemy/domains/continuous/test/auto/LevelCrossing5.xml
4 ms. Memory: 313344K Free: 280864K (90%)
----------------- Invoking toplevel() on ptolemy.moml.MoMLSimpleApplication@20c2d427
----------------- Done invoking toplevel() on ptolemy.moml.MoMLSimpleApplication@20c2d427
reloadAllAccessors: .LevelCrossing5

===========================================================================================
[...]
----------------- testing Sat Sep 28 05:45:31 UTC 2019 /home/travis/build/icyphy/ptII/ptolemy/domains/continuous/test/auto/SRinContinuous.xml
----------------- Instantiating /home/travis/build/icyphy/ptII/ptolemy/domains/continuous/test/auto/SRinContinuous.xml
7 ms. Memory: 313344K Free: 176173K (56%)
----------------- Invoking toplevel() on ptolemy.moml.MoMLSimpleApplication@7230e04d
----------------- Done invoking toplevel() on ptolemy.moml.MoMLSimpleApplication@7230e04d
reloadAllAccessors: .SRinContinuous

===========================================================================================
----------------- testing Sat Sep 28 05:45:31 UTC 2019 /home/travis/build/icyphy/ptII/ptolemy/domains/continuous/test/auto/SampledClocks.xml
----------------- Instantiating /home/travis/build/icyphy/ptII/ptolemy/domains/continuous/test/auto/SampledClocks.xml
7 ms. Memory: 313344K Free: 163375K (52%)
----------------- Invoking toplevel() on ptolemy.moml.MoMLSimpleApplication@31b955c8
----------------- Done invoking toplevel() on ptolemy.moml.MoMLSimpleApplication@31b955c8
reloadAllAccessors: .SampledClocks

===========================================================================================
----------------- testing Sat Sep 28 05:45:31 UTC 2019 /home/travis/build/icyphy/ptII/ptolemy/domains/continuous/test/auto/Satellite.xml
----------------- Instantiating /home/travis/build/icyphy/ptII/ptolemy/domains/continuous/test/auto/Satellite.xml
733 ms. Memory: 313344K Free: 160472K (51%)
----------------- Invoking toplevel() on ptolemy.moml.MoMLSimpleApplication@324a0f41
----------------- Done invoking toplevel() on ptolemy.moml.MoMLSimpleApplication@324a0f41
reloadAllAccessors: .Satellite

===========================================================================================
----------------- testing Sat Sep 28 05:45:32 UTC 2019 /home/travis/build/icyphy/ptII/ptolemy/domains/continuous/test/auto/SigmaDelta.xml
----------------- Instantiating /home/travis/build/icyphy/ptII/ptolemy/domains/continuous/test/auto/SigmaDelta.xml
2444 ms. Memory: 313344K Free: 263015K (84%)
----------------- Invoking toplevel() on ptolemy.moml.MoMLSimpleApplication@d6ae308
----------------- Done invoking toplevel() on ptolemy.moml.MoMLSimpleApplication@d6ae308
reloadAllAccessors: .SigmaDelta

===========================================================================================
----------------- testing Sat Sep 28 05:45:35 UTC 2019 /home/travis/build/icyphy/ptII/ptolemy/domains/continuous/test/auto/SingleRefinement.xml
----------------- Instantiating /home/travis/build/icyphy/ptII/ptolemy/domains/continuous/test/auto/SingleRefinement.xml
343 ms. Memory: 313344K Free: 265061K (85%)
----------------- Invoking toplevel() on ptolemy.moml.MoMLSimpleApplication@4613b76
----------------- Done invoking toplevel() on ptolemy.moml.MoMLSimpleApplication@4613b76
reloadAllAccessors: .SingleRefinement

===========================================================================================
----------------- testing Sat Sep 28 05:45:35 UTC 2019 /home/travis/build/icyphy/ptII/ptolemy/domains/continuous/test/auto/SinuBouncingBall.xml
----------------- Instantiating /home/travis/build/icyphy/ptII/ptolemy/domains/continuous/test/auto/SinuBouncingBall.xml
873 ms. Memory: 313344K Free: 237631K (76%)
----------------- Invoking toplevel() on ptolemy.moml.MoMLSimpleApplication@11a57f9c
----------------- Done invoking toplevel() on ptolemy.moml.MoMLSimpleApplication@11a57f9c
reloadAllAccessors: .SinuBouncingBall

===========================================================================================
----------------- testing Sat Sep 28 05:45:36 UTC 2019 /home/travis/build/icyphy/ptII/ptolemy/domains/continuous/test/auto/Sinusoid.xml
----------------- Instantiating /home/travis/build/icyphy/ptII/ptolemy/domains/continuous/test/auto/Sinusoid.xml
5 ms. Memory: 313344K Free: 233025K (74%)
----------------- Invoking toplevel() on ptolemy.moml.MoMLSimpleApplication@4fce4266
----------------- Done invoking toplevel() on ptolemy.moml.MoMLSimpleApplication@4fce4266
reloadAllAccessors: .Sinusoid

===========================================================================================
----------------- testing Sat Sep 28 05:45:36 UTC 2019 /home/travis/build/icyphy/ptII/ptolemy/domains/continuous/test/auto/SinusoidInNoise.xml
----------------- Instantiating /home/travis/build/icyphy/ptII/ptolemy/domains/continuous/test/auto/SinusoidInNoise.xml
972 ms. Memory: 313344K Free: 282968K (90%)
----------------- Invoking toplevel() on ptolemy.moml.MoMLSimpleApplication@4888c6e8
----------------- Done invoking toplevel() on ptolemy.moml.MoMLSimpleApplication@4888c6e8
reloadAllAccessors: .SinusoidInNoise

===========================================================================================
----------------- testing Sat Sep 28 05:45:37 UTC 2019 /home/travis/build/icyphy/ptII/ptolemy/domains/continuous/test/auto/SinusoidRK45.xml
----------------- Instantiating /home/travis/build/icyphy/ptII/ptolemy/domains/continuous/test/auto/SinusoidRK45.xml
2 ms. Memory: 313344K Free: 278343K (89%)
----------------- Invoking toplevel() on ptolemy.moml.MoMLSimpleApplication@4dbe65c9
----------------- Done invoking toplevel() on ptolemy.moml.MoMLSimpleApplication@4dbe65c9
reloadAllAccessors: .SinusoidRK45

===========================================================================================
----------------- testing Sat Sep 28 05:45:37 UTC 2019 /home/travis/build/icyphy/ptII/ptolemy/domains/continuous/test/auto/SinusoidWithMultipleImpulses.xml
----------------- Instantiating /home/travis/build/icyphy/ptII/ptolemy/domains/continuous/test/auto/SinusoidWithMultipleImpulses.xml
3 ms. Memory: 313344K Free: 273752K (87%)
----------------- Invoking toplevel() on ptolemy.moml.MoMLSimpleApplication@451c4b32
----------------- Done invoking toplevel() on ptolemy.moml.MoMLSimpleApplication@451c4b32
reloadAllAccessors: .SinusoidWithMultipleImpulses

===========================================================================================
----------------- testing Sat Sep 28 05:45:37 UTC 2019 /home/travis/build/icyphy/ptII/ptolemy/domains/continuous/test/auto/SquareWave.xml
----------------- Instantiating /home/travis/build/icyphy/ptII/ptolemy/domains/continuous/test/auto/SquareWave.xml
184 ms. Memory: 313344K Free: 246614K (79%)
----------------- Invoking toplevel() on ptolemy.moml.MoMLSimpleApplication@576045d8
----------------- Done invoking toplevel() on ptolemy.moml.MoMLSimpleApplication@576045d8
reloadAllAccessors: .SquareWave

===========================================================================================
----------------- testing Sat Sep 28 05:45:37 UTC 2019 /home/travis/build/icyphy/ptII/ptolemy/domains/continuous/test/auto/Starmac.xml
----------------- Instantiating /home/travis/build/icyphy/ptII/ptolemy/domains/continuous/test/auto/Starmac.xml
3082 ms. Memory: 313344K Free: 123753K (39%)
----------------- Invoking toplevel() on ptolemy.moml.MoMLSimpleApplication@47b28d5
----------------- Done invoking toplevel() on ptolemy.moml.MoMLSimpleApplication@47b28d5
reloadAllAccessors: .Starmac

===========================================================================================
----------------- testing Sat Sep 28 05:45:41 UTC 2019 /home/travis/build/icyphy/ptII/ptolemy/domains/continuous/test/auto/StaticUnits.xml
----------------- Instantiating /home/travis/build/icyphy/ptII/ptolemy/domains/continuous/test/auto/StaticUnits.xml
2158 ms. Memory: 313344K Free: 225527K (72%)
----------------- Invoking toplevel() on ptolemy.moml.MoMLSimpleApplication@3ac9de12
----------------- Done invoking toplevel() on ptolemy.moml.MoMLSimpleApplication@3ac9de12
reloadAllAccessors: .StaticUnits

===========================================================================================
----------------- testing Sat Sep 28 05:45:43 UTC 2019 /home/travis/build/icyphy/ptII/ptolemy/domains/continuous/test/auto/StickyMasses.xml
----------------- Instantiating /home/travis/build/icyphy/ptII/ptolemy/domains/continuous/test/auto/StickyMasses.xml
147 ms. Memory: 313344K Free: 176375K (56%)
----------------- Invoking toplevel() on ptolemy.moml.MoMLSimpleApplication@1bc7bcf2
----------------- Done invoking toplevel() on ptolemy.moml.MoMLSimpleApplication@1bc7bcf2
reloadAllAccessors: .StickyMasses

===========================================================================================
----------------- testing Sat Sep 28 05:45:44 UTC 2019 /home/travis/build/icyphy/ptII/ptolemy/domains/continuous/test/auto/StopTime.xml
----------------- Instantiating /home/travis/build/icyphy/ptII/ptolemy/domains/continuous/test/auto/StopTime.xml
46 ms. Memory: 313344K Free: 151289K (48%)
----------------- Invoking toplevel() on ptolemy.moml.MoMLSimpleApplication@3e786a16
----------------- Done invoking toplevel() on ptolemy.moml.MoMLSimpleApplication@3e786a16
reloadAllAccessors: .StopTime

===========================================================================================
----------------- testing Sat Sep 28 05:45:44 UTC 2019 /home/travis/build/icyphy/ptII/ptolemy/domains/continuous/test/auto/StopTime2.xml
----------------- Instantiating /home/travis/build/icyphy/ptII/ptolemy/domains/continuous/test/auto/StopTime2.xml
53 ms. Memory: 313344K Free: 129271K (41%)
----------------- Invoking toplevel() on ptolemy.moml.MoMLSimpleApplication@303d4089
----------------- Done invoking toplevel() on ptolemy.moml.MoMLSimpleApplication@303d4089
reloadAllAccessors: .StopTime2

===========================================================================================
----------------- testing Sat Sep 28 05:45:44 UTC 2019 /home/travis/build/icyphy/ptII/ptolemy/domains/continuous/test/auto/Switch.xml
----------------- Instantiating /home/travis/build/icyphy/ptII/ptolemy/domains/continuous/test/auto/Switch.xml
57 ms. Memory: 313344K Free: 286720K (92%)
----------------- Invoking toplevel() on ptolemy.moml.MoMLSimpleApplication@5dfddd42
----------------- Done invoking toplevel() on ptolemy.moml.MoMLSimpleApplication@5dfddd42
reloadAllAccessors: .Switch

===========================================================================================
----------------- testing Sat Sep 28 05:45:44 UTC 2019 /home/travis/build/icyphy/ptII/ptolemy/domains/continuous/test/auto/Thermostat.xml
----------------- Instantiating /home/travis/build/icyphy/ptII/ptolemy/domains/continuous/test/auto/Thermostat.xml
200 ms. Memory: 313344K Free: 214244K (68%)
----------------- Invoking toplevel() on ptolemy.moml.MoMLSimpleApplication@25318583
----------------- Done invoking toplevel() on ptolemy.moml.MoMLSimpleApplication@25318583
reloadAllAccessors: .Thermostat

===========================================================================================
----------------- testing Sat Sep 28 05:45:44 UTC 2019 /home/travis/build/icyphy/ptII/ptolemy/domains/continuous/test/auto/TimeDelay.xml
----------------- Instantiating /home/travis/build/icyphy/ptII/ptolemy/domains/continuous/test/auto/TimeDelay.xml
6 ms. Memory: 313344K Free: 209653K (67%)
----------------- Invoking toplevel() on ptolemy.moml.MoMLSimpleApplication@c849e0e
----------------- Done invoking toplevel() on ptolemy.moml.MoMLSimpleApplication@c849e0e
reloadAllAccessors: .TimeDelay

===========================================================================================
----------------- testing Sat Sep 28 05:45:44 UTC 2019 /home/travis/build/icyphy/ptII/ptolemy/domains/continuous/test/auto/TimeDelay2.xml
----------------- Instantiating /home/travis/build/icyphy/ptII/ptolemy/domains/continuous/test/auto/TimeDelay2.xml
8 ms. Memory: 313344K Free: 199413K (64%)
----------------- Invoking toplevel() on ptolemy.moml.MoMLSimpleApplication@485d5085
----------------- Done invoking toplevel() on ptolemy.moml.MoMLSimpleApplication@485d5085
reloadAllAccessors: .TimeDelay2

===========================================================================================
----------------- testing Sat Sep 28 05:45:44 UTC 2019 /home/travis/build/icyphy/ptII/ptolemy/domains/continuous/test/auto/TimeDelay3.xml
----------------- Instantiating /home/travis/build/icyphy/ptII/ptolemy/domains/continuous/test/auto/TimeDelay3.xml
6 ms. Memory: 313344K Free: 194786K (62%)
----------------- Invoking toplevel() on ptolemy.moml.MoMLSimpleApplication@31b5a0c0
----------------- Done invoking toplevel() on ptolemy.moml.MoMLSimpleApplication@31b5a0c0
reloadAllAccessors: .TimeDelay3

===========================================================================================
----------------- testing Sat Sep 28 05:45:44 UTC 2019 /home/travis/build/icyphy/ptII/ptolemy/domains/continuous/test/auto/TransferAbsentToInside.xml
----------------- Instantiating /home/travis/build/icyphy/ptII/ptolemy/domains/continuous/test/auto/TransferAbsentToInside.xml
33 ms. Memory: 313344K Free: 142069K (45%)
----------------- Invoking toplevel() on ptolemy.moml.MoMLSimpleApplication@353787a6
----------------- Done invoking toplevel() on ptolemy.moml.MoMLSimpleApplication@353787a6
reloadAllAccessors: .TransferAbsentToInside

===========================================================================================
----------------- testing Sat Sep 28 05:45:44 UTC 2019 /home/travis/build/icyphy/ptII/ptolemy/domains/continuous/test/auto/Transmission.xml
----------------- Instantiating /home/travis/build/icyphy/ptII/ptolemy/domains/continuous/test/auto/Transmission.xml
845 ms. Memory: 313344K Free: 273599K (87%)
----------------- Invoking toplevel() on ptolemy.moml.MoMLSimpleApplication@41d5032
----------------- Done invoking toplevel() on ptolemy.moml.MoMLSimpleApplication@41d5032
reloadAllAccessors: .Transmission

===========================================================================================
----------------- testing Sat Sep 28 05:45:45 UTC 2019 /home/travis/build/icyphy/ptII/ptolemy/domains/continuous/test/auto/TriggeredContinuousClock.xml
----------------- Instantiating /home/travis/build/icyphy/ptII/ptolemy/domains/continuous/test/auto/TriggeredContinuousClock.xml
43 ms. Memory: 313344K Free: 243919K (78%)
----------------- Invoking toplevel() on ptolemy.moml.MoMLSimpleApplication@6eac6f14
----------------- Done invoking toplevel() on ptolemy.moml.MoMLSimpleApplication@6eac6f14
reloadAllAccessors: .TriggeredContinuousClock

===========================================================================================
----------------- testing Sat Sep 28 05:45:45 UTC 2019 /home/travis/build/icyphy/ptII/ptolemy/domains/continuous/test/auto/TwoMachineInfiniteBusControl.xml
----------------- Instantiating /home/travis/build/icyphy/ptII/ptolemy/domains/continuous/test/auto/TwoMachineInfiniteBusControl.xml
3039 ms. Memory: 313344K Free: 231084K (74%)
----------------- Invoking toplevel() on ptolemy.moml.MoMLSimpleApplication@147844f3
----------------- Done invoking toplevel() on ptolemy.moml.MoMLSimpleApplication@147844f3
reloadAllAccessors: .TwoMachineInfiniteBusControl

===========================================================================================
----------------- testing Sat Sep 28 05:45:48 UTC 2019 /home/travis/build/icyphy/ptII/ptolemy/domains/continuous/test/auto/V2V.xml
----------------- Instantiating /home/travis/build/icyphy/ptII/ptolemy/domains/continuous/test/auto/V2V.xml
724 ms. Memory: 313344K Free: 224419K (72%)
----------------- Invoking toplevel() on ptolemy.moml.MoMLSimpleApplication@62bb5660
----------------- Done invoking toplevel() on ptolemy.moml.MoMLSimpleApplication@62bb5660
reloadAllAccessors: .V2V

===========================================================================================
----------------- testing Sat Sep 28 05:45:49 UTC 2019 /home/travis/build/icyphy/ptII/ptolemy/domains/continuous/test/auto/hierarchicalModalModel.xml
----------------- Instantiating /home/travis/build/icyphy/ptII/ptolemy/domains/continuous/test/auto/hierarchicalModalModel.xml
9 ms. Memory: 313344K Free: 210083K (67%)
----------------- Invoking toplevel() on ptolemy.moml.MoMLSimpleApplication@88bcfe9
----------------- Done invoking toplevel() on ptolemy.moml.MoMLSimpleApplication@88bcfe9
reloadAllAccessors: .hierarchicalModalModel

===========================================================================================
----------------- testing Sat Sep 28 05:45:49 UTC 2019 /home/travis/build/icyphy/ptII/ptolemy/domains/continuous/test/auto/hierarchicalModalModel1.xml
----------------- Instantiating /home/travis/build/icyphy/ptII/ptolemy/domains/continuous/test/auto/hierarchicalModalModel1.xml
9 ms. Memory: 313344K Free: 195747K (62%)
----------------- Invoking toplevel() on ptolemy.moml.MoMLSimpleApplication@2d9ecbc
----------------- Done invoking toplevel() on ptolemy.moml.MoMLSimpleApplication@2d9ecbc
reloadAllAccessors: .hierarchicalModalModel1

===========================================================================================
----------------- testing Sat Sep 28 05:45:49 UTC 2019 /home/travis/build/icyphy/ptII/ptolemy/domains/continuous/test/auto/hierarchicalModalModel2.xml
----------------- Instantiating /home/travis/build/icyphy/ptII/ptolemy/domains/continuous/test/auto/hierarchicalModalModel2.xml
6 ms. Memory: 313344K Free: 183459K (59%)
----------------- Invoking toplevel() on ptolemy.moml.MoMLSimpleApplication@2025918b
----------------- Done invoking toplevel() on ptolemy.moml.MoMLSimpleApplication@2025918b
reloadAllAccessors: .hierarchicalModalModel2

===========================================================================================
----------------- testing Sat Sep 28 05:45:49 UTC 2019 /home/travis/build/icyphy/ptII/ptolemy/domains/continuous/test/auto/hierarchicalModalModel3.xml
----------------- Instantiating /home/travis/build/icyphy/ptII/ptolemy/domains/continuous/test/auto/hierarchicalModalModel3.xml
5 ms. Memory: 313344K Free: 172705K (55%)
----------------- Invoking toplevel() on ptolemy.moml.MoMLSimpleApplication@28538abd
----------------- Done invoking toplevel() on ptolemy.moml.MoMLSimpleApplication@28538abd
reloadAllAccessors: .hierarchicalModalModel3

===========================================================================================
----------------- testing Sat Sep 28 05:45:49 UTC 2019 /home/travis/build/icyphy/ptII/ptolemy/domains/continuous/test/auto/hierarchicalModalModel4.xml
----------------- Instantiating /home/travis/build/icyphy/ptII/ptolemy/domains/continuous/test/auto/hierarchicalModalModel4.xml
10 ms. Memory: 313344K Free: 160931K (51%)
----------------- Invoking toplevel() on ptolemy.moml.MoMLSimpleApplication@53a55279
----------------- Done invoking toplevel() on ptolemy.moml.MoMLSimpleApplication@53a55279
reloadAllAccessors: .hierarchicalModalModel4

===========================================================================================
----------------- testing Sat Sep 28 05:45:49 UTC 2019 /home/travis/build/icyphy/ptII/ptolemy/domains/continuous/test/auto/junk.xml
----------------- Instantiating /home/travis/build/icyphy/ptII/ptolemy/domains/continuous/test/auto/junk.xml
145 ms. Memory: 313344K Free: 135331K (43%)
----------------- Invoking toplevel() on ptolemy.moml.MoMLSimpleApplication@3540cf26
----------------- Done invoking toplevel() on ptolemy.moml.MoMLSimpleApplication@3540cf26
reloadAllAccessors: .junk
AutoTests.java: About to close Vertx.
AutoTests.java: Vertx closed.
]]></system-out>
  <system-err><![CDATA[Warning: '.HysteresisWithRandomDelay.NonStrictTest3' The test produced only 24 tokens, yet the correctValues parameter was expecting 30 tokens.
Warning: '.IncreasingRatePoisson.NonStrictTest' The test produced only 396 tokens, yet the correctValues parameter was expecting 402 tokens.
Warning: '.Poisson.NonStrictTest' The test produced only 391 tokens, yet the correctValues parameter was expecting 430 tokens.
]]></system-err>
</testsuite>
