<?xml version="1.0" encoding="UTF-8" ?>
<testsuite errors="0" failures="0" hostname="travis-job-327cd0c3-9ddf-46a6-8ded-60b5414e16a4" name="ptolemy.domains.pn.test.junit.JUnitTclTest" skipped="0" tests="43" time="8.15" timestamp="2019-07-20T00:22:54">
  <properties>
[...]
</properties>
  <testcase classname="ptolemy.util.test.junit.TclTests" name="[0] /home/travis/build/icyphy/ptII/ptolemy/domains/pn/test/PNDirector.tcl (RunTclFile)" time="0.716" />
  <testcase classname="ptolemy.util.test.junit.TclTests" name="[1] /home/travis/build/icyphy/ptII/ptolemy/domains/pn/test/TimedPNDirector.tcl (RunTclFile)" time="0.021" />
  <testcase classname="ptolemy.util.test.junit.AutoKnownFailedTests" name="[0] ThereAreNoKnowFailedTests (RunModel)" time="0.001" />
  <testcase classname="ptolemy.util.test.junit.AutoNameArchTests" name="[0] ThereAreNoAutoArchTests (RunModel)" time="0.005" />
  <testcase classname="ptolemy.util.test.junit.AutoTests" name="[0] /home/travis/build/icyphy/ptII/ptolemy/domains/pn/test/auto/Branching-switch-PN-ptolemy-2.xml (RunModel)" time="0.264" />
  <testcase classname="ptolemy.util.test.junit.AutoTests" name="[1] /home/travis/build/icyphy/ptII/ptolemy/domains/pn/test/auto/Branching-switch-PN-ptolemy.xml (RunModel)" time="0.157" />
  <testcase classname="ptolemy.util.test.junit.AutoTests" name="[2] /home/travis/build/icyphy/ptII/ptolemy/domains/pn/test/auto/BrockAckermanTest.xml (RunModel)" time="0.418" />
  <testcase classname="ptolemy.util.test.junit.AutoTests" name="[3] /home/travis/build/icyphy/ptII/ptolemy/domains/pn/test/auto/CounterMachine.xml (RunModel)" time="1.866" />
  <testcase classname="ptolemy.util.test.junit.AutoTests" name="[4] /home/travis/build/icyphy/ptII/ptolemy/domains/pn/test/auto/CounterMachine1.xml (RunModel)" time="1.488" />
  <testcase classname="ptolemy.util.test.junit.AutoTests" name="[5] /home/travis/build/icyphy/ptII/ptolemy/domains/pn/test/auto/CounterMachineWithException.xml (RunModel)" time="0.805" />
  <testcase classname="ptolemy.util.test.junit.AutoTests" name="[6] /home/travis/build/icyphy/ptII/ptolemy/domains/pn/test/auto/FinalState.xml (RunModel)" time="0.143" />
  <testcase classname="ptolemy.util.test.junit.AutoTests" name="[7] /home/travis/build/icyphy/ptII/ptolemy/domains/pn/test/auto/FourExpressions.xml (RunModel)" time="0.056" />
  <testcase classname="ptolemy.util.test.junit.AutoTests" name="[8] /home/travis/build/icyphy/ptII/ptolemy/domains/pn/test/auto/Identity.xml (RunModel)" time="0.054" />
  <testcase classname="ptolemy.util.test.junit.AutoTests" name="[9] /home/travis/build/icyphy/ptII/ptolemy/domains/pn/test/auto/IdentityWithFeedback.xml (RunModel)" time="0.04" />
  <testcase classname="ptolemy.util.test.junit.AutoTests" name="[10] /home/travis/build/icyphy/ptII/ptolemy/domains/pn/test/auto/NondeterministicMergeTest.xml (RunModel)" time="0.087" />
  <testcase classname="ptolemy.util.test.junit.AutoTests" name="[11] /home/travis/build/icyphy/ptII/ptolemy/domains/pn/test/auto/OrderedMerge.xml (RunModel)" time="0.233" />
  <testcase classname="ptolemy.util.test.junit.AutoTests" name="[12] /home/travis/build/icyphy/ptII/ptolemy/domains/pn/test/auto/PNAbstractReceiverTest.xml (RunModel)" time="0.054" />
  <testcase classname="ptolemy.util.test.junit.AutoTests" name="[13] /home/travis/build/icyphy/ptII/ptolemy/domains/pn/test/auto/QR.xml (RunModel)" time="0.08" />
  <testcase classname="ptolemy.util.test.junit.AutoTests" name="[14] /home/travis/build/icyphy/ptII/ptolemy/domains/pn/test/auto/RemoveNilTokens.xml (RunModel)" time="0.059" />
  <testcase classname="ptolemy.util.test.junit.AutoTests" name="[15] /home/travis/build/icyphy/ptII/ptolemy/domains/pn/test/auto/Stack.xml (RunModel)" time="0.168" />
  <testcase classname="ptolemy.util.test.junit.AutoTests" name="[16] /home/travis/build/icyphy/ptII/ptolemy/domains/pn/test/auto/TestRemoveNilTokens.xml (RunModel)" time="0.045" />
  <testcase classname="ptolemy.util.test.junit.AutoTests" name="[17] /home/travis/build/icyphy/ptII/ptolemy/domains/pn/test/auto/TestSeq2Array.xml (RunModel)" time="0.048" />
  <testcase classname="ptolemy.util.test.junit.AutoTests" name="[18] /home/travis/build/icyphy/ptII/ptolemy/domains/pn/test/auto/TrivialIdentity.xml (RunModel)" time="0.031" />
  <testcase classname="ptolemy.util.test.junit.AutoTests" name="[19] /home/travis/build/icyphy/ptII/ptolemy/domains/pn/test/auto/WidthInferenceTest1.xml (RunModel)" time="0.059" />
  <testcase classname="ptolemy.util.test.junit.AutoTests" name="[20] /home/travis/build/icyphy/ptII/ptolemy/domains/pn/test/auto/WidthInferenceTest2.xml (RunModel)" time="0.037" />
  <testcase classname="ptolemy.util.test.junit.AutoTests" name="[21] /home/travis/build/icyphy/ptII/ptolemy/domains/pn/test/auto/WidthInferenceTest3.xml (RunModel)" time="0.062" />
  <testcase classname="ptolemy.util.test.junit.AutoTests" name="[22] /home/travis/build/icyphy/ptII/ptolemy/domains/pn/test/auto/WidthInferenceTest4.xml (RunModel)" time="0.069" />
  <testcase classname="ptolemy.util.test.junit.AutoTests" name="[23] /home/travis/build/icyphy/ptII/ptolemy/domains/pn/test/auto/WidthInferenceTest5.xml (RunModel)" time="0.067" />
  <testcase classname="ptolemy.util.test.junit.AutoTests" name="[24] /home/travis/build/icyphy/ptII/ptolemy/domains/pn/test/auto/controlled_kahnnet.xml (RunModel)" time="0.046" />
  <testcase classname="ptolemy.util.test.junit.AutoTests" name="[25] /home/travis/build/icyphy/ptII/ptolemy/domains/pn/test/auto/demandDriven.xml (RunModel)" time="0.026" />
  <testcase classname="ptolemy.util.test.junit.AutoTests" name="[26] /home/travis/build/icyphy/ptII/ptolemy/domains/pn/test/auto/feedback.xml (RunModel)" time="0.023" />
  <testcase classname="ptolemy.util.test.junit.AutoTests" name="[27] /home/travis/build/icyphy/ptII/ptolemy/domains/pn/test/auto/helloWorld.xml (RunModel)" time="0.017" />
  <testcase classname="ptolemy.util.test.junit.AutoTests" name="[28] /home/travis/build/icyphy/ptII/ptolemy/domains/pn/test/auto/helloWorld2.xml (RunModel)" time="0.03" />
  <testcase classname="ptolemy.util.test.junit.AutoTests" name="[29] /home/travis/build/icyphy/ptII/ptolemy/domains/pn/test/auto/noOutput.xml (RunModel)" time="0.05" />
  <testcase classname="ptolemy.util.test.junit.AutoTests" name="[30] /home/travis/build/icyphy/ptII/ptolemy/domains/pn/test/auto/relationGroup.xml (RunModel)" time="0.019" />
  <testcase classname="ptolemy.util.test.junit.AutoTests" name="[31] /home/travis/build/icyphy/ptII/ptolemy/domains/pn/test/auto/relationGroup2.xml (RunModel)" time="0.025" />
  <testcase classname="ptolemy.util.test.junit.AutoTests" name="[32] /home/travis/build/icyphy/ptII/ptolemy/domains/pn/test/auto/relationGroup3.xml (RunModel)" time="0.02" />
  <testcase classname="ptolemy.util.test.junit.AutoTests" name="[33] /home/travis/build/icyphy/ptII/ptolemy/domains/pn/test/auto/relationGroup4.xml (RunModel)" time="0.024" />
  <testcase classname="ptolemy.util.test.junit.AutoTests" name="[34] /home/travis/build/icyphy/ptII/ptolemy/domains/pn/test/auto/relationGroup5.xml (RunModel)" time="0.013" />
  <testcase classname="ptolemy.util.test.junit.AutoTests" name="[35] /home/travis/build/icyphy/ptII/ptolemy/domains/pn/test/auto/relationGroup6.xml (RunModel)" time="0.027" />
  <testcase classname="ptolemy.util.test.junit.AutoTests" name="[36] /home/travis/build/icyphy/ptII/ptolemy/domains/pn/test/auto/relationGroup7.xml (RunModel)" time="0.015" />
  <testcase classname="ptolemy.util.test.junit.AutoTests" name="[37] /home/travis/build/icyphy/ptII/ptolemy/domains/pn/test/auto/relationGroup8.xml (RunModel)" time="0.027" />
  <testcase classname="ptolemy.util.test.junit.AutoTests" name="[38] /home/travis/build/icyphy/ptII/ptolemy/domains/pn/test/auto/widthTest.xml (RunModel)" time="0.042" />
  <system-out><![CDATA[/home/travis/build/icyphy/ptII/ptolemy/domains/pn/test/PNDirector.tcl
testDefs.tcl: setting time out to 9000 seconds at Sat Jul 20 00:22:54 UTC 2019
88 ms. Memory: 120832K Free: 89542K (74%)
76 ms. Memory: 120832K Free: 81864K (68%)
/home/travis/build/icyphy/ptII/ptolemy/domains/pn/test/TimedPNDirector.tcl


==== $PTII/ptolemy/domains/pn/test/TimedPNDirector.tcl: TimedPNDirector-6.1 Test an application
==== Contents of test case:


    set e0 [java::new ptolemy.actor.TypedCompositeActor]
    set manager [java::new ptolemy.actor.Manager]
    set director [java::new ptolemy.domains.pn.kernel.TimedPNDirector]
    $e0 setDirector $director
    $e0 setName top
    $e0 setManager $manager

    # FIXME: why doesn't the getParameter option work.
    set ramp [java::new ptolemy.actor.lib.Ramp $e0 ramp]
    set param [java::cast ptolemy.data.expr.Parameter  [$ramp getAttribute  firingCountLimit]]
    $param setExpression 20

    set rec [java::new ptolemy.actor.lib.Recorder $e0 rec]
    $e0 connect  [java::field [java::cast ptolemy.actor.lib.Source $ramp] output]  [java::field [java::cast ptolemy.actor.lib.Sink $rec] input]

    error "Running this test sometimes causes an endless loop" 

#    [$e0 getManager] execute
#    enumToTokenValues [$rec getRecord 0]


.... Test generated KNOWN error:
Running this test sometimes causes an endless loop
    while executing
"error "Running this test sometimes causes an endless loop" "
    ("uplevel" body line 18)
    invoked from within
"uplevel $contents_of_test"
07/20/19 12:22:55
Failed: 0  Total Tests: 3  ((Passed: 2, Newly Passed: 0)  Known Failed: 1) /home/travis/build/icyphy/ptII/ptolemy/domains/pn/test
No auto/knownFailedTests/*.xml tests in /home/travis/build/icyphy/ptII/ptolemy/domains/pn/test
No auto/linux-amd64/*.xml tests in /home/travis/build/icyphy/ptII/ptolemy/domains/pn/test
AutoTests.java: About to close Vertx.
AutoTests.java: Vertx closed.

===========================================================================================
----------------- testing Sat Jul 20 00:22:55 UTC 2019 /home/travis/build/icyphy/ptII/ptolemy/domains/pn/test/auto/Branching-switch-PN-ptolemy-2.xml
----------------- Instantiating /home/travis/build/icyphy/ptII/ptolemy/domains/pn/test/auto/Branching-switch-PN-ptolemy-2.xml
88 ms. Memory: 120832K Free: 96347K (80%)
----------------- Invoking toplevel() on ptolemy.moml.MoMLSimpleApplication@33793bb9
----------------- Done invoking toplevel() on ptolemy.moml.MoMLSimpleApplication@33793bb9
reloadAllAccessors: .Branching-switch-PN-ptolemy-2

===========================================================================================
----------------- testing Sat Jul 20 00:22:55 UTC 2019 /home/travis/build/icyphy/ptII/ptolemy/domains/pn/test/auto/Branching-switch-PN-ptolemy.xml
----------------- Instantiating /home/travis/build/icyphy/ptII/ptolemy/domains/pn/test/auto/Branching-switch-PN-ptolemy.xml
47 ms. Memory: 120832K Free: 104236K (86%)
----------------- Invoking toplevel() on ptolemy.moml.MoMLSimpleApplication@40cac8cf
----------------- Done invoking toplevel() on ptolemy.moml.MoMLSimpleApplication@40cac8cf
reloadAllAccessors: .Branching-switch-PN-ptolemy

===========================================================================================
----------------- testing Sat Jul 20 00:22:56 UTC 2019 /home/travis/build/icyphy/ptII/ptolemy/domains/pn/test/auto/BrockAckermanTest.xml
----------------- Instantiating /home/travis/build/icyphy/ptII/ptolemy/domains/pn/test/auto/BrockAckermanTest.xml
240 ms. Memory: 120832K Free: 89457K (74%)
----------------- Invoking toplevel() on ptolemy.moml.MoMLSimpleApplication@4b9d8ac2
----------------- Done invoking toplevel() on ptolemy.moml.MoMLSimpleApplication@4b9d8ac2
reloadAllAccessors: .BrockAckermanTest

===========================================================================================
----------------- testing Sat Jul 20 00:22:56 UTC 2019 /home/travis/build/icyphy/ptII/ptolemy/domains/pn/test/auto/CounterMachine.xml
----------------- Instantiating /home/travis/build/icyphy/ptII/ptolemy/domains/pn/test/auto/CounterMachine.xml
1178 ms. Memory: 160768K Free: 91754K (57%)
----------------- Invoking toplevel() on ptolemy.moml.MoMLSimpleApplication@506e8b7a
----------------- Done invoking toplevel() on ptolemy.moml.MoMLSimpleApplication@506e8b7a
reloadAllAccessors: .CounterMachine

===========================================================================================
----------------- testing Sat Jul 20 00:22:58 UTC 2019 /home/travis/build/icyphy/ptII/ptolemy/domains/pn/test/auto/CounterMachine1.xml
----------------- Instantiating /home/travis/build/icyphy/ptII/ptolemy/domains/pn/test/auto/CounterMachine1.xml
1009 ms. Memory: 160768K Free: 80694K (50%)
----------------- Invoking toplevel() on ptolemy.moml.MoMLSimpleApplication@146f8be
----------------- Done invoking toplevel() on ptolemy.moml.MoMLSimpleApplication@146f8be
reloadAllAccessors: .CounterMachine1

===========================================================================================
----------------- testing Sat Jul 20 00:22:59 UTC 2019 /home/travis/build/icyphy/ptII/ptolemy/domains/pn/test/auto/CounterMachineWithException.xml
----------------- Instantiating /home/travis/build/icyphy/ptII/ptolemy/domains/pn/test/auto/CounterMachineWithException.xml
431 ms. Memory: 160768K Free: 90702K (56%)
----------------- Invoking toplevel() on ptolemy.moml.MoMLSimpleApplication@795be6ad
----------------- Done invoking toplevel() on ptolemy.moml.MoMLSimpleApplication@795be6ad
reloadAllAccessors: .CounterMachineWithException

===========================================================================================
----------------- testing Sat Jul 20 00:23:00 UTC 2019 /home/travis/build/icyphy/ptII/ptolemy/domains/pn/test/auto/FinalState.xml
----------------- Instantiating /home/travis/build/icyphy/ptII/ptolemy/domains/pn/test/auto/FinalState.xml
30 ms. Memory: 160768K Free: 83719K (52%)
----------------- Invoking toplevel() on ptolemy.moml.MoMLSimpleApplication@131c280a
----------------- Done invoking toplevel() on ptolemy.moml.MoMLSimpleApplication@131c280a
reloadAllAccessors: .FinalState

===========================================================================================
----------------- testing Sat Jul 20 00:23:00 UTC 2019 /home/travis/build/icyphy/ptII/ptolemy/domains/pn/test/auto/FourExpressions.xml
----------------- Instantiating /home/travis/build/icyphy/ptII/ptolemy/domains/pn/test/auto/FourExpressions.xml
28 ms. Memory: 160768K Free: 77343K (48%)
----------------- Invoking toplevel() on ptolemy.moml.MoMLSimpleApplication@66425c12
----------------- Done invoking toplevel() on ptolemy.moml.MoMLSimpleApplication@66425c12
reloadAllAccessors: .FourExpressions

===========================================================================================
----------------- testing Sat Jul 20 00:23:00 UTC 2019 /home/travis/build/icyphy/ptII/ptolemy/domains/pn/test/auto/Identity.xml
----------------- Instantiating /home/travis/build/icyphy/ptII/ptolemy/domains/pn/test/auto/Identity.xml
26 ms. Memory: 160768K Free: 72339K (45%)
----------------- Invoking toplevel() on ptolemy.moml.MoMLSimpleApplication@439780f5
----------------- Done invoking toplevel() on ptolemy.moml.MoMLSimpleApplication@439780f5
reloadAllAccessors: .Identity

===========================================================================================
----------------- testing Sat Jul 20 00:23:00 UTC 2019 /home/travis/build/icyphy/ptII/ptolemy/domains/pn/test/auto/IdentityWithFeedback.xml
----------------- Instantiating /home/travis/build/icyphy/ptII/ptolemy/domains/pn/test/auto/IdentityWithFeedback.xml
15 ms. Memory: 160768K Free: 68942K (43%)
----------------- Invoking toplevel() on ptolemy.moml.MoMLSimpleApplication@602bc197
----------------- Done invoking toplevel() on ptolemy.moml.MoMLSimpleApplication@602bc197
reloadAllAccessors: .IdentityWithFeedback

===========================================================================================
----------------- testing Sat Jul 20 00:23:00 UTC 2019 /home/travis/build/icyphy/ptII/ptolemy/domains/pn/test/auto/NondeterministicMergeTest.xml
----------------- Instantiating /home/travis/build/icyphy/ptII/ptolemy/domains/pn/test/auto/NondeterministicMergeTest.xml
28 ms. Memory: 160768K Free: 63356K (39%)
----------------- Invoking toplevel() on ptolemy.moml.MoMLSimpleApplication@2c6878d3
----------------- Done invoking toplevel() on ptolemy.moml.MoMLSimpleApplication@2c6878d3
reloadAllAccessors: .NondeterministicMergeTest

===========================================================================================
----------------- testing Sat Jul 20 00:23:01 UTC 2019 /home/travis/build/icyphy/ptII/ptolemy/domains/pn/test/auto/OrderedMerge.xml
----------------- Instantiating /home/travis/build/icyphy/ptII/ptolemy/domains/pn/test/auto/OrderedMerge.xml
159 ms. Memory: 160768K Free: 54698K (34%)
----------------- Invoking toplevel() on ptolemy.moml.MoMLSimpleApplication@4d939991
----------------- Done invoking toplevel() on ptolemy.moml.MoMLSimpleApplication@4d939991
reloadAllAccessors: .OrderedMerge

===========================================================================================
----------------- testing Sat Jul 20 00:23:01 UTC 2019 /home/travis/build/icyphy/ptII/ptolemy/domains/pn/test/auto/PNAbstractReceiverTest.xml
----------------- Instantiating /home/travis/build/icyphy/ptII/ptolemy/domains/pn/test/auto/PNAbstractReceiverTest.xml
19 ms. Memory: 160768K Free: 146665K (91%)
----------------- Invoking toplevel() on ptolemy.moml.MoMLSimpleApplication@2bc54488
----------------- Done invoking toplevel() on ptolemy.moml.MoMLSimpleApplication@2bc54488
reloadAllAccessors: .PNAbstractReceiverTest

===========================================================================================
----------------- testing Sat Jul 20 00:23:01 UTC 2019 /home/travis/build/icyphy/ptII/ptolemy/domains/pn/test/auto/QR.xml
----------------- Instantiating /home/travis/build/icyphy/ptII/ptolemy/domains/pn/test/auto/QR.xml
28 ms. Memory: 160768K Free: 137661K (86%)
----------------- Invoking toplevel() on ptolemy.moml.MoMLSimpleApplication@2a6dbaf2
----------------- Done invoking toplevel() on ptolemy.moml.MoMLSimpleApplication@2a6dbaf2
reloadAllAccessors: .QR

===========================================================================================
----------------- testing Sat Jul 20 00:23:01 UTC 2019 /home/travis/build/icyphy/ptII/ptolemy/domains/pn/test/auto/RemoveNilTokens.xml
----------------- Instantiating /home/travis/build/icyphy/ptII/ptolemy/domains/pn/test/auto/RemoveNilTokens.xml
27 ms. Memory: 160768K Free: 129310K (80%)
----------------- Invoking toplevel() on ptolemy.moml.MoMLSimpleApplication@774a9fe0
----------------- Done invoking toplevel() on ptolemy.moml.MoMLSimpleApplication@774a9fe0
reloadAllAccessors: .RemoveNilTokens

===========================================================================================
----------------- testing Sat Jul 20 00:23:01 UTC 2019 /home/travis/build/icyphy/ptII/ptolemy/domains/pn/test/auto/Stack.xml
----------------- Instantiating /home/travis/build/icyphy/ptII/ptolemy/domains/pn/test/auto/Stack.xml
75 ms. Memory: 160768K Free: 107965K (67%)
----------------- Invoking toplevel() on ptolemy.moml.MoMLSimpleApplication@7a99b536
----------------- Done invoking toplevel() on ptolemy.moml.MoMLSimpleApplication@7a99b536
reloadAllAccessors: .Stack

===========================================================================================
----------------- testing Sat Jul 20 00:23:01 UTC 2019 /home/travis/build/icyphy/ptII/ptolemy/domains/pn/test/auto/TestRemoveNilTokens.xml
----------------- Instantiating /home/travis/build/icyphy/ptII/ptolemy/domains/pn/test/auto/TestRemoveNilTokens.xml
16 ms. Memory: 160768K Free: 101662K (63%)
----------------- Invoking toplevel() on ptolemy.moml.MoMLSimpleApplication@1b395a52
----------------- Done invoking toplevel() on ptolemy.moml.MoMLSimpleApplication@1b395a52
reloadAllAccessors: .TestRemoveNilTokens

===========================================================================================
----------------- testing Sat Jul 20 00:23:01 UTC 2019 /home/travis/build/icyphy/ptII/ptolemy/domains/pn/test/auto/TestSeq2Array.xml
----------------- Instantiating /home/travis/build/icyphy/ptII/ptolemy/domains/pn/test/auto/TestSeq2Array.xml
15 ms. Memory: 160768K Free: 96701K (60%)
----------------- Invoking toplevel() on ptolemy.moml.MoMLSimpleApplication@64bbec74
----------------- Done invoking toplevel() on ptolemy.moml.MoMLSimpleApplication@64bbec74
reloadAllAccessors: .TestSeq2Array

===========================================================================================
----------------- testing Sat Jul 20 00:23:01 UTC 2019 /home/travis/build/icyphy/ptII/ptolemy/domains/pn/test/auto/TrivialIdentity.xml
----------------- Instantiating /home/travis/build/icyphy/ptII/ptolemy/domains/pn/test/auto/TrivialIdentity.xml
15 ms. Memory: 160768K Free: 92764K (58%)
----------------- Invoking toplevel() on ptolemy.moml.MoMLSimpleApplication@6f31f6b1
----------------- Done invoking toplevel() on ptolemy.moml.MoMLSimpleApplication@6f31f6b1
reloadAllAccessors: .TrivialIdentity

===========================================================================================
----------------- testing Sat Jul 20 00:23:01 UTC 2019 /home/travis/build/icyphy/ptII/ptolemy/domains/pn/test/auto/WidthInferenceTest1.xml
----------------- Instantiating /home/travis/build/icyphy/ptII/ptolemy/domains/pn/test/auto/WidthInferenceTest1.xml
21 ms. Memory: 160768K Free: 87326K (54%)
----------------- Invoking toplevel() on ptolemy.moml.MoMLSimpleApplication@435deacd
----------------- Done invoking toplevel() on ptolemy.moml.MoMLSimpleApplication@435deacd
reloadAllAccessors: .1

===========================================================================================
----------------- testing Sat Jul 20 00:23:01 UTC 2019 /home/travis/build/icyphy/ptII/ptolemy/domains/pn/test/auto/WidthInferenceTest2.xml
----------------- Instantiating /home/travis/build/icyphy/ptII/ptolemy/domains/pn/test/auto/WidthInferenceTest2.xml
9 ms. Memory: 160768K Free: 82137K (51%)
----------------- Invoking toplevel() on ptolemy.moml.MoMLSimpleApplication@94dcb30
----------------- Done invoking toplevel() on ptolemy.moml.MoMLSimpleApplication@94dcb30
reloadAllAccessors: .2

===========================================================================================
----------------- testing Sat Jul 20 00:23:01 UTC 2019 /home/travis/build/icyphy/ptII/ptolemy/domains/pn/test/auto/WidthInferenceTest3.xml
----------------- Instantiating /home/travis/build/icyphy/ptII/ptolemy/domains/pn/test/auto/WidthInferenceTest3.xml
21 ms. Memory: 160768K Free: 69212K (43%)
----------------- Invoking toplevel() on ptolemy.moml.MoMLSimpleApplication@3c373b9d
----------------- Done invoking toplevel() on ptolemy.moml.MoMLSimpleApplication@3c373b9d
reloadAllAccessors: .3

===========================================================================================
----------------- testing Sat Jul 20 00:23:01 UTC 2019 /home/travis/build/icyphy/ptII/ptolemy/domains/pn/test/auto/WidthInferenceTest4.xml
----------------- Instantiating /home/travis/build/icyphy/ptII/ptolemy/domains/pn/test/auto/WidthInferenceTest4.xml
25 ms. Memory: 160768K Free: 57400K (36%)
----------------- Invoking toplevel() on ptolemy.moml.MoMLSimpleApplication@195a195d
----------------- Done invoking toplevel() on ptolemy.moml.MoMLSimpleApplication@195a195d
reloadAllAccessors: .WidthInferenceTest4

===========================================================================================
----------------- testing Sat Jul 20 00:23:02 UTC 2019 /home/travis/build/icyphy/ptII/ptolemy/domains/pn/test/auto/WidthInferenceTest5.xml
----------------- Instantiating /home/travis/build/icyphy/ptII/ptolemy/domains/pn/test/auto/WidthInferenceTest5.xml
25 ms. Memory: 160768K Free: 139584K (87%)
----------------- Invoking toplevel() on ptolemy.moml.MoMLSimpleApplication@1b680fed
----------------- Done invoking toplevel() on ptolemy.moml.MoMLSimpleApplication@1b680fed
reloadAllAccessors: .WidthInferenceTest5

===========================================================================================
----------------- testing Sat Jul 20 00:23:02 UTC 2019 /home/travis/build/icyphy/ptII/ptolemy/domains/pn/test/auto/controlled_kahnnet.xml
----------------- Instantiating /home/travis/build/icyphy/ptII/ptolemy/domains/pn/test/auto/controlled_kahnnet.xml
24 ms. Memory: 160768K Free: 135069K (84%)
----------------- Invoking toplevel() on ptolemy.moml.MoMLSimpleApplication@4e52d017
----------------- Done invoking toplevel() on ptolemy.moml.MoMLSimpleApplication@4e52d017
reloadAllAccessors: .controlled_kahnnet

===========================================================================================
----------------- testing Sat Jul 20 00:23:02 UTC 2019 /home/travis/build/icyphy/ptII/ptolemy/domains/pn/test/auto/demandDriven.xml
----------------- Instantiating /home/travis/build/icyphy/ptII/ptolemy/domains/pn/test/auto/demandDriven.xml
9 ms. Memory: 160768K Free: 131392K (82%)
----------------- Invoking toplevel() on ptolemy.moml.MoMLSimpleApplication@a437e57
----------------- Done invoking toplevel() on ptolemy.moml.MoMLSimpleApplication@a437e57
reloadAllAccessors: .demandDriven

===========================================================================================
----------------- testing Sat Jul 20 00:23:02 UTC 2019 /home/travis/build/icyphy/ptII/ptolemy/domains/pn/test/auto/feedback.xml
----------------- Instantiating /home/travis/build/icyphy/ptII/ptolemy/domains/pn/test/auto/feedback.xml
10 ms. Memory: 160768K Free: 127717K (79%)
----------------- Invoking toplevel() on ptolemy.moml.MoMLSimpleApplication@553c4e7a
----------------- Done invoking toplevel() on ptolemy.moml.MoMLSimpleApplication@553c4e7a
reloadAllAccessors: .feedback

===========================================================================================
----------------- testing Sat Jul 20 00:23:02 UTC 2019 /home/travis/build/icyphy/ptII/ptolemy/domains/pn/test/auto/helloWorld.xml
----------------- Instantiating /home/travis/build/icyphy/ptII/ptolemy/domains/pn/test/auto/helloWorld.xml
9 ms. Memory: 160768K Free: 125669K (78%)
----------------- Invoking toplevel() on ptolemy.moml.MoMLSimpleApplication@758a72a1
----------------- Done invoking toplevel() on ptolemy.moml.MoMLSimpleApplication@758a72a1
reloadAllAccessors: .helloWorld

===========================================================================================
----------------- testing Sat Jul 20 00:23:02 UTC 2019 /home/travis/build/icyphy/ptII/ptolemy/domains/pn/test/auto/helloWorld2.xml
----------------- Instantiating /home/travis/build/icyphy/ptII/ptolemy/domains/pn/test/auto/helloWorld2.xml
12 ms. Memory: 160768K Free: 121573K (76%)
----------------- Invoking toplevel() on ptolemy.moml.MoMLSimpleApplication@6938d1dd
----------------- Done invoking toplevel() on ptolemy.moml.MoMLSimpleApplication@6938d1dd
reloadAllAccessors: .helloWorld2

===========================================================================================
----------------- testing Sat Jul 20 00:23:02 UTC 2019 /home/travis/build/icyphy/ptII/ptolemy/domains/pn/test/auto/noOutput.xml
----------------- Instantiating /home/travis/build/icyphy/ptII/ptolemy/domains/pn/test/auto/noOutput.xml
28 ms. Memory: 160768K Free: 117265K (73%)
----------------- Invoking toplevel() on ptolemy.moml.MoMLSimpleApplication@387d16be
----------------- Done invoking toplevel() on ptolemy.moml.MoMLSimpleApplication@387d16be
reloadAllAccessors: .noOutput

===========================================================================================
----------------- testing Sat Jul 20 00:23:02 UTC 2019 /home/travis/build/icyphy/ptII/ptolemy/domains/pn/test/auto/relationGroup.xml
----------------- Instantiating /home/travis/build/icyphy/ptII/ptolemy/domains/pn/test/auto/relationGroup.xml
5 ms. Memory: 160768K Free: 114589K (71%)
----------------- Invoking toplevel() on ptolemy.moml.MoMLSimpleApplication@51d47df
----------------- Done invoking toplevel() on ptolemy.moml.MoMLSimpleApplication@51d47df
reloadAllAccessors: .relationGroup

===========================================================================================
----------------- testing Sat Jul 20 00:23:02 UTC 2019 /home/travis/build/icyphy/ptII/ptolemy/domains/pn/test/auto/relationGroup2.xml
----------------- Instantiating /home/travis/build/icyphy/ptII/ptolemy/domains/pn/test/auto/relationGroup2.xml
7 ms. Memory: 160768K Free: 112541K (70%)
----------------- Invoking toplevel() on ptolemy.moml.MoMLSimpleApplication@5c6cd75c
----------------- Done invoking toplevel() on ptolemy.moml.MoMLSimpleApplication@5c6cd75c
reloadAllAccessors: .relationGroup2

===========================================================================================
----------------- testing Sat Jul 20 00:23:02 UTC 2019 /home/travis/build/icyphy/ptII/ptolemy/domains/pn/test/auto/relationGroup3.xml
----------------- Instantiating /home/travis/build/icyphy/ptII/ptolemy/domains/pn/test/auto/relationGroup3.xml
7 ms. Memory: 160768K Free: 110439K (69%)
----------------- Invoking toplevel() on ptolemy.moml.MoMLSimpleApplication@7d21eecc
----------------- Done invoking toplevel() on ptolemy.moml.MoMLSimpleApplication@7d21eecc
reloadAllAccessors: .relationGroup3

===========================================================================================
----------------- testing Sat Jul 20 00:23:02 UTC 2019 /home/travis/build/icyphy/ptII/ptolemy/domains/pn/test/auto/relationGroup4.xml
----------------- Instantiating /home/travis/build/icyphy/ptII/ptolemy/domains/pn/test/auto/relationGroup4.xml
11 ms. Memory: 160768K Free: 108375K (67%)
----------------- Invoking toplevel() on ptolemy.moml.MoMLSimpleApplication@4a619126
----------------- Done invoking toplevel() on ptolemy.moml.MoMLSimpleApplication@4a619126
reloadAllAccessors: .relationGroup4

===========================================================================================
----------------- testing Sat Jul 20 00:23:02 UTC 2019 /home/travis/build/icyphy/ptII/ptolemy/domains/pn/test/auto/relationGroup5.xml
----------------- Instantiating /home/travis/build/icyphy/ptII/ptolemy/domains/pn/test/auto/relationGroup5.xml
4 ms. Memory: 160768K Free: 106359K (66%)
----------------- Invoking toplevel() on ptolemy.moml.MoMLSimpleApplication@7a176361
----------------- Done invoking toplevel() on ptolemy.moml.MoMLSimpleApplication@7a176361
reloadAllAccessors: .relationGroup5

===========================================================================================
----------------- testing Sat Jul 20 00:23:02 UTC 2019 /home/travis/build/icyphy/ptII/ptolemy/domains/pn/test/auto/relationGroup6.xml
----------------- Instantiating /home/travis/build/icyphy/ptII/ptolemy/domains/pn/test/auto/relationGroup6.xml
8 ms. Memory: 160768K Free: 103295K (64%)
----------------- Invoking toplevel() on ptolemy.moml.MoMLSimpleApplication@44d75089
----------------- Done invoking toplevel() on ptolemy.moml.MoMLSimpleApplication@44d75089
reloadAllAccessors: .relationGroup6

===========================================================================================
----------------- testing Sat Jul 20 00:23:02 UTC 2019 /home/travis/build/icyphy/ptII/ptolemy/domains/pn/test/auto/relationGroup7.xml
----------------- Instantiating /home/travis/build/icyphy/ptII/ptolemy/domains/pn/test/auto/relationGroup7.xml
4 ms. Memory: 160768K Free: 100672K (63%)
----------------- Invoking toplevel() on ptolemy.moml.MoMLSimpleApplication@2874c08c
----------------- Done invoking toplevel() on ptolemy.moml.MoMLSimpleApplication@2874c08c
reloadAllAccessors: .relationGroup7

===========================================================================================
----------------- testing Sat Jul 20 00:23:02 UTC 2019 /home/travis/build/icyphy/ptII/ptolemy/domains/pn/test/auto/relationGroup8.xml
----------------- Instantiating /home/travis/build/icyphy/ptII/ptolemy/domains/pn/test/auto/relationGroup8.xml
6 ms. Memory: 160768K Free: 97809K (61%)
----------------- Invoking toplevel() on ptolemy.moml.MoMLSimpleApplication@1db701ad
----------------- Done invoking toplevel() on ptolemy.moml.MoMLSimpleApplication@1db701ad
reloadAllAccessors: .relationGroup8

===========================================================================================
----------------- testing Sat Jul 20 00:23:02 UTC 2019 /home/travis/build/icyphy/ptII/ptolemy/domains/pn/test/auto/widthTest.xml
----------------- Instantiating /home/travis/build/icyphy/ptII/ptolemy/domains/pn/test/auto/widthTest.xml
13 ms. Memory: 160768K Free: 93713K (58%)
----------------- Invoking toplevel() on ptolemy.moml.MoMLSimpleApplication@d3ff160
----------------- Done invoking toplevel() on ptolemy.moml.MoMLSimpleApplication@d3ff160
reloadAllAccessors: .widthTest
AutoTests.java: About to close Vertx.
AutoTests.java: Vertx closed.
]]></system-out>
  <system-err><![CDATA[java.lang.RuntimeException: Execution failed
	at ptolemy.moml.MoMLSimpleApplication$UnloadThread.run(MoMLSimpleApplication.java:402)
Caused by: ptolemy.kernel.util.IllegalActionException: At the current time, process-oriented domains (PN and CSP) cannot be nested inside firing-based domains (SDF, DE, CT, etc.).
  in .PNInsideDE.CompositeActor.port
Because:
class ptolemy.domains.de.kernel.DEReceiver cannot be cast to class ptolemy.actor.process.ProcessReceiver (ptolemy.domains.de.kernel.DEReceiver and ptolemy.actor.process.ProcessReceiver are in unnamed module of loader 'app')
	at ptolemy.actor.process.BranchController.addBranches(BranchController.java:182)
	at ptolemy.actor.process.CompositeProcessDirector.createBranchController(CompositeProcessDirector.java:221)
	at ptolemy.actor.process.CompositeProcessDirector.initialize(CompositeProcessDirector.java:289)
	at ptolemy.domains.pn.kernel.PNDirector.initialize(PNDirector.java:241)
	at ptolemy.actor.CompositeActor.initialize(CompositeActor.java:935)
	at ptolemy.actor.Director.initialize(Director.java:938)
	at ptolemy.actor.Director.initialize(Director.java:907)
	at ptolemy.domains.de.kernel.DEDirector.initialize(DEDirector.java:944)
	at ptolemy.actor.CompositeActor.initialize(CompositeActor.java:935)
	at ptolemy.actor.Manager.initialize(Manager.java:724)
	at ptolemy.actor.Manager.execute(Manager.java:356)
	at ptolemy.actor.Manager.run(Manager.java:1263)
	at ptolemy.actor.Manager$PtolemyRunThread.run(Manager.java:1933)
Caused by: java.lang.ClassCastException: class ptolemy.domains.de.kernel.DEReceiver cannot be cast to class ptolemy.actor.process.ProcessReceiver (ptolemy.domains.de.kernel.DEReceiver and ptolemy.actor.process.ProcessReceiver are in unnamed module of loader 'app')
	at ptolemy.actor.process.BranchController.addBranches(BranchController.java:178)
	... 12 more
Warning: '.RemoveNilTokens.Test' The test produced only 9 tokens, yet the correctValues parameter was expecting 13 tokens.
Warning: '.RemoveNilTokens.Test2' The test produced only 7 tokens, yet the correctValues parameter was expecting 8 tokens.
]]></system-err>
</testsuite>
