<?xml version="1.0" encoding="UTF-8" ?>
<testsuite errors="0" failures="0" hostname="travis-job-f547f73e-a3b8-4ccc-88cc-d4b94304698c" name="ptolemy.actor.lib.hoc.test.junit.JUnitTclTest" skipped="0" tests="58" time="25.322" timestamp="2019-04-10T17:44:12">
  <properties>
[...]
</properties>
  <testcase classname="ptolemy.util.test.junit.TclTests" name="[0] /home/travis/build/icyphy/ptII/ptolemy/actor/lib/hoc/test/IterateOverArray.tcl (RunTclFile)" time="0.297" />
  <testcase classname="ptolemy.util.test.junit.AutoKnownFailedTests" name="[0] /home/travis/build/icyphy/ptII/ptolemy/actor/lib/hoc/test/auto/knownFailedTests/PreinitializeMustBeInvokedRunComposite.xml (RunModel)" time="0.248" />
  <testcase classname="ptolemy.util.test.junit.AutoNameArchTests" name="[0] ThereAreNoAutoArchTests (RunModel)" time="0.001" />
  <testcase classname="ptolemy.util.test.junit.AutoTests" name="[0] /home/travis/build/icyphy/ptII/ptolemy/actor/lib/hoc/test/auto/AllToAllMultiInstanceComposite.xml (RunModel)" time="0.343" />
  <testcase classname="ptolemy.util.test.junit.AutoTests" name="[1] /home/travis/build/icyphy/ptII/ptolemy/actor/lib/hoc/test/auto/ApplyFFTTest.xml (RunModel)" time="0.398" />
  <testcase classname="ptolemy.util.test.junit.AutoTests" name="[2] /home/travis/build/icyphy/ptII/ptolemy/actor/lib/hoc/test/auto/ApplyFunction.xml (RunModel)" time="0.035" />
  <testcase classname="ptolemy.util.test.junit.AutoTests" name="[3] /home/travis/build/icyphy/ptII/ptolemy/actor/lib/hoc/test/auto/BackgroundExecution.xml (RunModel)" time="0.709" />
  <testcase classname="ptolemy.util.test.junit.AutoTests" name="[4] /home/travis/build/icyphy/ptII/ptolemy/actor/lib/hoc/test/auto/Case.xml (RunModel)" time="0.087" />
  <testcase classname="ptolemy.util.test.junit.AutoTests" name="[5] /home/travis/build/icyphy/ptII/ptolemy/actor/lib/hoc/test/auto/Case1.xml (RunModel)" time="0.064" />
  <testcase classname="ptolemy.util.test.junit.AutoTests" name="[6] /home/travis/build/icyphy/ptII/ptolemy/actor/lib/hoc/test/auto/Case2.xml (RunModel)" time="0.064" />
  <testcase classname="ptolemy.util.test.junit.AutoTests" name="[7] /home/travis/build/icyphy/ptII/ptolemy/actor/lib/hoc/test/auto/Case3.xml (RunModel)" time="0.039" />
  <testcase classname="ptolemy.util.test.junit.AutoTests" name="[8] /home/travis/build/icyphy/ptII/ptolemy/actor/lib/hoc/test/auto/Case4.xml (RunModel)" time="0.081" />
  <testcase classname="ptolemy.util.test.junit.AutoTests" name="[9] /home/travis/build/icyphy/ptII/ptolemy/actor/lib/hoc/test/auto/Case5.xml (RunModel)" time="0.087" />
  <testcase classname="ptolemy.util.test.junit.AutoTests" name="[10] /home/travis/build/icyphy/ptII/ptolemy/actor/lib/hoc/test/auto/Case6.xml (RunModel)" time="0.123" />
  <testcase classname="ptolemy.util.test.junit.AutoTests" name="[11] /home/travis/build/icyphy/ptII/ptolemy/actor/lib/hoc/test/auto/CaseString2.xml (RunModel)" time="0.06" />
  <testcase classname="ptolemy.util.test.junit.AutoTests" name="[12] /home/travis/build/icyphy/ptII/ptolemy/actor/lib/hoc/test/auto/CatchUpComposite1.xml (RunModel)" time="0.108" />
  <testcase classname="ptolemy.util.test.junit.AutoTests" name="[13] /home/travis/build/icyphy/ptII/ptolemy/actor/lib/hoc/test/auto/CatchUpComposite2.xml (RunModel)" time="0.067" />
  <testcase classname="ptolemy.util.test.junit.AutoTests" name="[14] /home/travis/build/icyphy/ptII/ptolemy/actor/lib/hoc/test/auto/CatchUpComposite3.xml (RunModel)" time="0.054" />
  <testcase classname="ptolemy.util.test.junit.AutoTests" name="[15] /home/travis/build/icyphy/ptII/ptolemy/actor/lib/hoc/test/auto/CatchUpComposite4.xml (RunModel)" time="0.065" />
  <testcase classname="ptolemy.util.test.junit.AutoTests" name="[16] /home/travis/build/icyphy/ptII/ptolemy/actor/lib/hoc/test/auto/CatchUpComposite5.xml (RunModel)" time="0.041" />
  <testcase classname="ptolemy.util.test.junit.AutoTests" name="[17] /home/travis/build/icyphy/ptII/ptolemy/actor/lib/hoc/test/auto/CatchUpComposite6.xml (RunModel)" time="0.184" />
  <testcase classname="ptolemy.util.test.junit.AutoTests" name="[18] /home/travis/build/icyphy/ptII/ptolemy/actor/lib/hoc/test/auto/CatchUpComposite7.xml (RunModel)" time="0.101" />
  <testcase classname="ptolemy.util.test.junit.AutoTests" name="[19] /home/travis/build/icyphy/ptII/ptolemy/actor/lib/hoc/test/auto/ConcurrentExecutionTimeSDF.xml (RunModel)" time="1.62" />
  <testcase classname="ptolemy.util.test.junit.AutoTests" name="[20] /home/travis/build/icyphy/ptII/ptolemy/actor/lib/hoc/test/auto/ConcurrentSleep.xml (RunModel)" time="0.792" />
  <testcase classname="ptolemy.util.test.junit.AutoTests" name="[21] /home/travis/build/icyphy/ptII/ptolemy/actor/lib/hoc/test/auto/DEInPNInRunCompositeActor.xml (RunModel)" time="0.03" />
  <testcase classname="ptolemy.util.test.junit.AutoTests" name="[22] /home/travis/build/icyphy/ptII/ptolemy/actor/lib/hoc/test/auto/DFTSubSetTest.xml (RunModel)" time="0.29" />
  <testcase classname="ptolemy.util.test.junit.AutoTests" name="[23] /home/travis/build/icyphy/ptII/ptolemy/actor/lib/hoc/test/auto/HocDE.xml (RunModel)" time="0.194" />
  <testcase classname="ptolemy.util.test.junit.AutoTests" name="[24] /home/travis/build/icyphy/ptII/ptolemy/actor/lib/hoc/test/auto/IterateOverArray.xml (RunModel)" time="0.044" />
  <testcase classname="ptolemy.util.test.junit.AutoTests" name="[25] /home/travis/build/icyphy/ptII/ptolemy/actor/lib/hoc/test/auto/IterateOverArray10.xml (RunModel)" time="0.022" />
  <testcase classname="ptolemy.util.test.junit.AutoTests" name="[26] /home/travis/build/icyphy/ptII/ptolemy/actor/lib/hoc/test/auto/IterateOverArray11.xml (RunModel)" time="0.031" />
  <testcase classname="ptolemy.util.test.junit.AutoTests" name="[27] /home/travis/build/icyphy/ptII/ptolemy/actor/lib/hoc/test/auto/IterateOverArray12.xml (RunModel)" time="0.045" />
  <testcase classname="ptolemy.util.test.junit.AutoTests" name="[28] /home/travis/build/icyphy/ptII/ptolemy/actor/lib/hoc/test/auto/IterateOverArray13.xml (RunModel)" time="0.146" />
  <testcase classname="ptolemy.util.test.junit.AutoTests" name="[29] /home/travis/build/icyphy/ptII/ptolemy/actor/lib/hoc/test/auto/IterateOverArray14.xml (RunModel)" time="0.215" />
  <testcase classname="ptolemy.util.test.junit.AutoTests" name="[30] /home/travis/build/icyphy/ptII/ptolemy/actor/lib/hoc/test/auto/IterateOverArray2.xml (RunModel)" time="0.037" />
  <testcase classname="ptolemy.util.test.junit.AutoTests" name="[31] /home/travis/build/icyphy/ptII/ptolemy/actor/lib/hoc/test/auto/IterateOverArray3.xml (RunModel)" time="0.046" />
  <testcase classname="ptolemy.util.test.junit.AutoTests" name="[32] /home/travis/build/icyphy/ptII/ptolemy/actor/lib/hoc/test/auto/IterateOverArray4.xml (RunModel)" time="0.037" />
  <testcase classname="ptolemy.util.test.junit.AutoTests" name="[33] /home/travis/build/icyphy/ptII/ptolemy/actor/lib/hoc/test/auto/IterateOverArray5.xml (RunModel)" time="0.02" />
  <testcase classname="ptolemy.util.test.junit.AutoTests" name="[34] /home/travis/build/icyphy/ptII/ptolemy/actor/lib/hoc/test/auto/IterateOverArray6.xml (RunModel)" time="0.023" />
  <testcase classname="ptolemy.util.test.junit.AutoTests" name="[35] /home/travis/build/icyphy/ptII/ptolemy/actor/lib/hoc/test/auto/IterateOverArray7.xml (RunModel)" time="0.035" />
  <testcase classname="ptolemy.util.test.junit.AutoTests" name="[36] /home/travis/build/icyphy/ptII/ptolemy/actor/lib/hoc/test/auto/IterateOverArray8.xml (RunModel)" time="0.025" />
  <testcase classname="ptolemy.util.test.junit.AutoTests" name="[37] /home/travis/build/icyphy/ptII/ptolemy/actor/lib/hoc/test/auto/IterateOverArray9.xml (RunModel)" time="0.025" />
  <testcase classname="ptolemy.util.test.junit.AutoTests" name="[38] /home/travis/build/icyphy/ptII/ptolemy/actor/lib/hoc/test/auto/IterateOverArrayCoercedOutputType.xml (RunModel)" time="0.039" />
  <testcase classname="ptolemy.util.test.junit.AutoTests" name="[39] /home/travis/build/icyphy/ptII/ptolemy/actor/lib/hoc/test/auto/IterateOverArrayInferredOutputType.xml (RunModel)" time="0.036" />
  <testcase classname="ptolemy.util.test.junit.AutoTests" name="[40] /home/travis/build/icyphy/ptII/ptolemy/actor/lib/hoc/test/auto/MobileFunctionTest.xml (RunModel)" time="0.03" />
  <testcase classname="ptolemy.util.test.junit.AutoTests" name="[41] /home/travis/build/icyphy/ptII/ptolemy/actor/lib/hoc/test/auto/MobileModelTest.xml (RunModel)" time="0.132" />
  <testcase classname="ptolemy.util.test.junit.AutoTests" name="[42] /home/travis/build/icyphy/ptII/ptolemy/actor/lib/hoc/test/auto/ModelReference.xml (RunModel)" time="0.072" />
  <testcase classname="ptolemy.util.test.junit.AutoTests" name="[43] /home/travis/build/icyphy/ptII/ptolemy/actor/lib/hoc/test/auto/ModelReference3.xml (RunModel)" time="0.064" />
  <testcase classname="ptolemy.util.test.junit.AutoTests" name="[44] /home/travis/build/icyphy/ptII/ptolemy/actor/lib/hoc/test/auto/ModelReference4.xml (RunModel)" time="10.048" />
  <testcase classname="ptolemy.util.test.junit.AutoTests" name="[45] /home/travis/build/icyphy/ptII/ptolemy/actor/lib/hoc/test/auto/MultiInstanceComposite.xml (RunModel)" time="0.058" />
  <testcase classname="ptolemy.util.test.junit.AutoTests" name="[46] /home/travis/build/icyphy/ptII/ptolemy/actor/lib/hoc/test/auto/MultiInstanceComposite2.xml (RunModel)" time="0.053" />
  <testcase classname="ptolemy.util.test.junit.AutoTests" name="[47] /home/travis/build/icyphy/ptII/ptolemy/actor/lib/hoc/test/auto/MulticoreExecution.xml (RunModel)" time="1.181" />
  <testcase classname="ptolemy.util.test.junit.AutoTests" name="[48] /home/travis/build/icyphy/ptII/ptolemy/actor/lib/hoc/test/auto/ParallelExecution.xml (RunModel)" time="0.943" />
  <testcase classname="ptolemy.util.test.junit.AutoTests" name="[49] /home/travis/build/icyphy/ptII/ptolemy/actor/lib/hoc/test/auto/RunCompositeActor.xml (RunModel)" time="0.026" />
  <testcase classname="ptolemy.util.test.junit.AutoTests" name="[50] /home/travis/build/icyphy/ptII/ptolemy/actor/lib/hoc/test/auto/RunCompositeActor2.xml (RunModel)" time="0.026" />
  <testcase classname="ptolemy.util.test.junit.AutoTests" name="[51] /home/travis/build/icyphy/ptII/ptolemy/actor/lib/hoc/test/auto/RunCompositeActor3.xml (RunModel)" time="0.031" />
  <testcase classname="ptolemy.util.test.junit.AutoTests" name="[52] /home/travis/build/icyphy/ptII/ptolemy/actor/lib/hoc/test/auto/RunCompositeActor4.xml (RunModel)" time="0.055" />
  <testcase classname="ptolemy.util.test.junit.AutoTests" name="[53] /home/travis/build/icyphy/ptII/ptolemy/actor/lib/hoc/test/auto/RunCompositeIterateOverArray.xml (RunModel)" time="0.027" />
  <testcase classname="ptolemy.util.test.junit.AutoTests" name="[54] /home/travis/build/icyphy/ptII/ptolemy/actor/lib/hoc/test/auto/ThreadedJS.xml (RunModel)" time="5.076" />
  <system-out><![CDATA[/home/travis/build/icyphy/ptII/ptolemy/actor/lib/hoc/test/IterateOverArray.tcl
testDefs.tcl: setting time out to 9000 seconds at Wed Apr 10 17:44:12 UTC 2019
04/10/19 05:44:13
Failed: 0  Total Tests: 2  ((Passed: 2, Newly Passed: 0)  Known Failed: 0) /home/travis/build/icyphy/ptII/ptolemy/actor/lib/hoc/test
----------------- testing (KnownFailure) /home/travis/build/icyphy/ptII/ptolemy/actor/lib/hoc/test/auto/knownFailedTests/PreinitializeMustBeInvokedRunComposite.xml
39 ms. Memory: 116224K Free: 106924K (92%)
Known Failure: java.lang.reflect.InvocationTargetException
No auto/linux-amd64/*.xml tests in /home/travis/build/icyphy/ptII/ptolemy/actor/lib/hoc/test
AutoTests.java: About to close Vertx.
AutoTests.java: Vertx closed.

===========================================================================================
----------------- testing Wed Apr 10 17:44:13 UTC 2019 /home/travis/build/icyphy/ptII/ptolemy/actor/lib/hoc/test/auto/AllToAllMultiInstanceComposite.xml
----------------- Instantiating /home/travis/build/icyphy/ptII/ptolemy/actor/lib/hoc/test/auto/AllToAllMultiInstanceComposite.xml
122 ms. Memory: 146944K Free: 120302K (82%)
----------------- Invoking toplevel() on ptolemy.moml.MoMLSimpleApplication@60e03038
----------------- Done invoking toplevel() on ptolemy.moml.MoMLSimpleApplication@60e03038
reloadAllAccessors: .AllToAllMultiInstanceComposite

===========================================================================================
----------------- testing Wed Apr 10 17:44:13 UTC 2019 /home/travis/build/icyphy/ptII/ptolemy/actor/lib/hoc/test/auto/ApplyFFTTest.xml
----------------- Instantiating /home/travis/build/icyphy/ptII/ptolemy/actor/lib/hoc/test/auto/ApplyFFTTest.xml
176 ms. Memory: 146944K Free: 100033K (68%)
----------------- Invoking toplevel() on ptolemy.moml.MoMLSimpleApplication@1db5b014
----------------- Done invoking toplevel() on ptolemy.moml.MoMLSimpleApplication@1db5b014
reloadAllAccessors: .ApplyFFTTest

===========================================================================================
----------------- testing Wed Apr 10 17:44:14 UTC 2019 /home/travis/build/icyphy/ptII/ptolemy/actor/lib/hoc/test/auto/ApplyFunction.xml
----------------- Instantiating /home/travis/build/icyphy/ptII/ptolemy/actor/lib/hoc/test/auto/ApplyFunction.xml
5 ms. Memory: 146944K Free: 96707K (66%)
----------------- Invoking toplevel() on ptolemy.moml.MoMLSimpleApplication@2fdb5ec5
----------------- Done invoking toplevel() on ptolemy.moml.MoMLSimpleApplication@2fdb5ec5
reloadAllAccessors: .ApplyFunction

===========================================================================================
----------------- testing Wed Apr 10 17:44:14 UTC 2019 /home/travis/build/icyphy/ptII/ptolemy/actor/lib/hoc/test/auto/BackgroundExecution.xml
----------------- Instantiating /home/travis/build/icyphy/ptII/ptolemy/actor/lib/hoc/test/auto/BackgroundExecution.xml
624 ms. Memory: 146944K Free: 88982K (61%)
----------------- Invoking toplevel() on ptolemy.moml.MoMLSimpleApplication@2c86bd9d
----------------- Done invoking toplevel() on ptolemy.moml.MoMLSimpleApplication@2c86bd9d
reloadAllAccessors: .BackgroundExecution

===========================================================================================
----------------- testing Wed Apr 10 17:44:15 UTC 2019 /home/travis/build/icyphy/ptII/ptolemy/actor/lib/hoc/test/auto/Case.xml
----------------- Instantiating /home/travis/build/icyphy/ptII/ptolemy/actor/lib/hoc/test/auto/Case.xml
28 ms. Memory: 146944K Free: 80421K (55%)
----------------- Invoking toplevel() on ptolemy.moml.MoMLSimpleApplication@7dc48fa1
----------------- Done invoking toplevel() on ptolemy.moml.MoMLSimpleApplication@7dc48fa1
reloadAllAccessors: .Case

===========================================================================================
----------------- testing Wed Apr 10 17:44:15 UTC 2019 /home/travis/build/icyphy/ptII/ptolemy/actor/lib/hoc/test/auto/Case1.xml
----------------- Instantiating /home/travis/build/icyphy/ptII/ptolemy/actor/lib/hoc/test/auto/Case1.xml
15 ms. Memory: 146944K Free: 135433K (92%)
----------------- Invoking toplevel() on ptolemy.moml.MoMLSimpleApplication@41dd4246
----------------- Done invoking toplevel() on ptolemy.moml.MoMLSimpleApplication@41dd4246
reloadAllAccessors: .Case1

===========================================================================================
----------------- testing Wed Apr 10 17:44:15 UTC 2019 /home/travis/build/icyphy/ptII/ptolemy/actor/lib/hoc/test/auto/Case2.xml
----------------- Instantiating /home/travis/build/icyphy/ptII/ptolemy/actor/lib/hoc/test/auto/Case2.xml
25 ms. Memory: 146944K Free: 123941K (84%)
----------------- Invoking toplevel() on ptolemy.moml.MoMLSimpleApplication@12495898
----------------- Done invoking toplevel() on ptolemy.moml.MoMLSimpleApplication@12495898
reloadAllAccessors: .Case2

===========================================================================================
----------------- testing Wed Apr 10 17:44:15 UTC 2019 /home/travis/build/icyphy/ptII/ptolemy/actor/lib/hoc/test/auto/Case3.xml
----------------- Instantiating /home/travis/build/icyphy/ptII/ptolemy/actor/lib/hoc/test/auto/Case3.xml
12 ms. Memory: 146944K Free: 117732K (80%)
----------------- Invoking toplevel() on ptolemy.moml.MoMLSimpleApplication@a1c0fd7
----------------- Done invoking toplevel() on ptolemy.moml.MoMLSimpleApplication@a1c0fd7
reloadAllAccessors: .Case3

===========================================================================================
----------------- testing Wed Apr 10 17:44:15 UTC 2019 /home/travis/build/icyphy/ptII/ptolemy/actor/lib/hoc/test/auto/Case4.xml
----------------- Instantiating /home/travis/build/icyphy/ptII/ptolemy/actor/lib/hoc/test/auto/Case4.xml
28 ms. Memory: 146944K Free: 109066K (74%)
----------------- Invoking toplevel() on ptolemy.moml.MoMLSimpleApplication@79a7c902
----------------- Done invoking toplevel() on ptolemy.moml.MoMLSimpleApplication@79a7c902
reloadAllAccessors: .Case4

===========================================================================================
----------------- testing Wed Apr 10 17:44:15 UTC 2019 /home/travis/build/icyphy/ptII/ptolemy/actor/lib/hoc/test/auto/Case5.xml
----------------- Instantiating /home/travis/build/icyphy/ptII/ptolemy/actor/lib/hoc/test/auto/Case5.xml
56 ms. Memory: 146944K Free: 102415K (70%)
----------------- Invoking toplevel() on ptolemy.moml.MoMLSimpleApplication@256457c7
----------------- Done invoking toplevel() on ptolemy.moml.MoMLSimpleApplication@256457c7
reloadAllAccessors: .junk

===========================================================================================
----------------- testing Wed Apr 10 17:44:15 UTC 2019 /home/travis/build/icyphy/ptII/ptolemy/actor/lib/hoc/test/auto/Case6.xml
----------------- Instantiating /home/travis/build/icyphy/ptII/ptolemy/actor/lib/hoc/test/auto/Case6.xml
53 ms. Memory: 146944K Free: 88939K (61%)
----------------- Invoking toplevel() on ptolemy.moml.MoMLSimpleApplication@63cc8775
----------------- Done invoking toplevel() on ptolemy.moml.MoMLSimpleApplication@63cc8775
reloadAllAccessors: .Case6

===========================================================================================
----------------- testing Wed Apr 10 17:44:15 UTC 2019 /home/travis/build/icyphy/ptII/ptolemy/actor/lib/hoc/test/auto/CaseString2.xml
----------------- Instantiating /home/travis/build/icyphy/ptII/ptolemy/actor/lib/hoc/test/auto/CaseString2.xml
21 ms. Memory: 146944K Free: 80972K (55%)
----------------- Invoking toplevel() on ptolemy.moml.MoMLSimpleApplication@59733542
----------------- Done invoking toplevel() on ptolemy.moml.MoMLSimpleApplication@59733542
reloadAllAccessors: .CaseString2

===========================================================================================
----------------- testing Wed Apr 10 17:44:15 UTC 2019 /home/travis/build/icyphy/ptII/ptolemy/actor/lib/hoc/test/auto/CatchUpComposite1.xml
----------------- Instantiating /home/travis/build/icyphy/ptII/ptolemy/actor/lib/hoc/test/auto/CatchUpComposite1.xml
23 ms. Memory: 208384K Free: 194004K (93%)
----------------- Invoking toplevel() on ptolemy.moml.MoMLSimpleApplication@a7cb05d
----------------- Done invoking toplevel() on ptolemy.moml.MoMLSimpleApplication@a7cb05d
reloadAllAccessors: .CatchUpComposite1

===========================================================================================
----------------- testing Wed Apr 10 17:44:15 UTC 2019 /home/travis/build/icyphy/ptII/ptolemy/actor/lib/hoc/test/auto/CatchUpComposite2.xml
----------------- Instantiating /home/travis/build/icyphy/ptII/ptolemy/actor/lib/hoc/test/auto/CatchUpComposite2.xml
18 ms. Memory: 208384K Free: 184136K (88%)
----------------- Invoking toplevel() on ptolemy.moml.MoMLSimpleApplication@b60448c
----------------- Done invoking toplevel() on ptolemy.moml.MoMLSimpleApplication@b60448c
reloadAllAccessors: .CatchUpComposite2

===========================================================================================
----------------- testing Wed Apr 10 17:44:15 UTC 2019 /home/travis/build/icyphy/ptII/ptolemy/actor/lib/hoc/test/auto/CatchUpComposite3.xml
----------------- Instantiating /home/travis/build/icyphy/ptII/ptolemy/actor/lib/hoc/test/auto/CatchUpComposite3.xml
12 ms. Memory: 208384K Free: 174292K (84%)
----------------- Invoking toplevel() on ptolemy.moml.MoMLSimpleApplication@6bbbfca1
----------------- Done invoking toplevel() on ptolemy.moml.MoMLSimpleApplication@6bbbfca1
reloadAllAccessors: .CatchUpComposite3

===========================================================================================
----------------- testing Wed Apr 10 17:44:15 UTC 2019 /home/travis/build/icyphy/ptII/ptolemy/actor/lib/hoc/test/auto/CatchUpComposite4.xml
----------------- Instantiating /home/travis/build/icyphy/ptII/ptolemy/actor/lib/hoc/test/auto/CatchUpComposite4.xml
21 ms. Memory: 208384K Free: 164391K (79%)
----------------- Invoking toplevel() on ptolemy.moml.MoMLSimpleApplication@10fbc895
----------------- Done invoking toplevel() on ptolemy.moml.MoMLSimpleApplication@10fbc895
reloadAllAccessors: .CatchUpComposite4

===========================================================================================
----------------- testing Wed Apr 10 17:44:16 UTC 2019 /home/travis/build/icyphy/ptII/ptolemy/actor/lib/hoc/test/auto/CatchUpComposite5.xml
----------------- Instantiating /home/travis/build/icyphy/ptII/ptolemy/actor/lib/hoc/test/auto/CatchUpComposite5.xml
13 ms. Memory: 208384K Free: 155380K (75%)
----------------- Invoking toplevel() on ptolemy.moml.MoMLSimpleApplication@6c031786
----------------- Done invoking toplevel() on ptolemy.moml.MoMLSimpleApplication@6c031786
reloadAllAccessors: .CatchUpComposite5

===========================================================================================
----------------- testing Wed Apr 10 17:44:16 UTC 2019 /home/travis/build/icyphy/ptII/ptolemy/actor/lib/hoc/test/auto/CatchUpComposite6.xml
----------------- Instantiating /home/travis/build/icyphy/ptII/ptolemy/actor/lib/hoc/test/auto/CatchUpComposite6.xml
WARNING: The execution aspects in this model can influence the timing of actors by delaying the 
execution, potentially changing the behavior. There is no guarantee that actors fire at the 
time they request to be fired. 
Use Ptides for deterministic DE behavior that is not influenced by execution aspects. 

97 ms. Memory: 208384K Free: 138143K (66%)
----------------- Invoking toplevel() on ptolemy.moml.MoMLSimpleApplication@7e01aff1
----------------- Done invoking toplevel() on ptolemy.moml.MoMLSimpleApplication@7e01aff1
reloadAllAccessors: .CatchUpComposite6

===========================================================================================
----------------- testing Wed Apr 10 17:44:16 UTC 2019 /home/travis/build/icyphy/ptII/ptolemy/actor/lib/hoc/test/auto/CatchUpComposite7.xml
----------------- Instantiating /home/travis/build/icyphy/ptII/ptolemy/actor/lib/hoc/test/auto/CatchUpComposite7.xml
WARNING: The execution aspects in this model can influence the timing of actors by delaying the 
execution, potentially changing the behavior. There is no guarantee that actors fire at the 
time they request to be fired. 
Use Ptides for deterministic DE behavior that is not influenced by execution aspects. 

42 ms. Memory: 208384K Free: 121528K (58%)
----------------- Invoking toplevel() on ptolemy.moml.MoMLSimpleApplication@366d4624
----------------- Done invoking toplevel() on ptolemy.moml.MoMLSimpleApplication@366d4624
reloadAllAccessors: .CatchUpComposite7

===========================================================================================
----------------- testing Wed Apr 10 17:44:16 UTC 2019 /home/travis/build/icyphy/ptII/ptolemy/actor/lib/hoc/test/auto/ConcurrentExecutionTimeSDF.xml
----------------- Instantiating /home/travis/build/icyphy/ptII/ptolemy/actor/lib/hoc/test/auto/ConcurrentExecutionTimeSDF.xml
Fired ExecutionTime: 40400000
Fired ExecutionTime: 40400000
Fired ExecutionTime: 40400000
Fired ExecutionTime: 40400000
Fired ExecutionTime: 40400000
Fired ExecutionTime: 40400000
Fired ExecutionTime: 40400000
Fired ExecutionTime: 40400000
Fired ExecutionTime: 40400000
Fired ExecutionTime: 40400000
Fired ExecutionTime: 40400000
Fired ExecutionTime: 40400000
Fired ExecutionTime: 40400000
Fired ExecutionTime: 40400000
Fired ExecutionTime: 40400000
Fired ExecutionTime: 40400000
Fired ExecutionTime: 40400000
Fired ExecutionTime: 40400000
Fired ExecutionTime: 40400000
Fired ExecutionTime: 40400000
1590 ms. Memory: 208384K Free: 113336K (54%)
----------------- Invoking toplevel() on ptolemy.moml.MoMLSimpleApplication@5538f32
----------------- Done invoking toplevel() on ptolemy.moml.MoMLSimpleApplication@5538f32
reloadAllAccessors: .ConcurrentExecutionTimeSDF

===========================================================================================
----------------- testing Wed Apr 10 17:44:17 UTC 2019 /home/travis/build/icyphy/ptII/ptolemy/actor/lib/hoc/test/auto/ConcurrentSleep.xml
----------------- Instantiating /home/travis/build/icyphy/ptII/ptolemy/actor/lib/hoc/test/auto/ConcurrentSleep.xml
735 ms. Memory: 208384K Free: 99409K (48%)
----------------- Invoking toplevel() on ptolemy.moml.MoMLSimpleApplication@7f8eab96
----------------- Done invoking toplevel() on ptolemy.moml.MoMLSimpleApplication@7f8eab96
reloadAllAccessors: .ConcurrentSleep

===========================================================================================
----------------- testing Wed Apr 10 17:44:18 UTC 2019 /home/travis/build/icyphy/ptII/ptolemy/actor/lib/hoc/test/auto/DEInPNInRunCompositeActor.xml
----------------- Instantiating /home/travis/build/icyphy/ptII/ptolemy/actor/lib/hoc/test/auto/DEInPNInRunCompositeActor.xml
10 ms. Memory: 208384K Free: 91179K (44%)
----------------- Invoking toplevel() on ptolemy.moml.MoMLSimpleApplication@1546a96b
----------------- Done invoking toplevel() on ptolemy.moml.MoMLSimpleApplication@1546a96b
reloadAllAccessors: .DEInPNInRunCompositeActor

===========================================================================================
----------------- testing Wed Apr 10 17:44:18 UTC 2019 /home/travis/build/icyphy/ptII/ptolemy/actor/lib/hoc/test/auto/DFTSubSetTest.xml
----------------- Instantiating /home/travis/build/icyphy/ptII/ptolemy/actor/lib/hoc/test/auto/DFTSubSetTest.xml
187 ms. Memory: 208384K Free: 167107K (80%)
----------------- Invoking toplevel() on ptolemy.moml.MoMLSimpleApplication@53022487
----------------- Done invoking toplevel() on ptolemy.moml.MoMLSimpleApplication@53022487
reloadAllAccessors: .DFTSubSetTest

===========================================================================================
----------------- testing Wed Apr 10 17:44:19 UTC 2019 /home/travis/build/icyphy/ptII/ptolemy/actor/lib/hoc/test/auto/HocDE.xml
----------------- Instantiating /home/travis/build/icyphy/ptII/ptolemy/actor/lib/hoc/test/auto/HocDE.xml
145 ms. Memory: 208384K Free: 139497K (67%)
----------------- Invoking toplevel() on ptolemy.moml.MoMLSimpleApplication@5d001099
----------------- Done invoking toplevel() on ptolemy.moml.MoMLSimpleApplication@5d001099
reloadAllAccessors: .HocDE

===========================================================================================
----------------- testing Wed Apr 10 17:44:19 UTC 2019 /home/travis/build/icyphy/ptII/ptolemy/actor/lib/hoc/test/auto/IterateOverArray.xml
----------------- Instantiating /home/travis/build/icyphy/ptII/ptolemy/actor/lib/hoc/test/auto/IterateOverArray.xml
7 ms. Memory: 208384K Free: 133958K (64%)
----------------- Invoking toplevel() on ptolemy.moml.MoMLSimpleApplication@6a65345a
----------------- Done invoking toplevel() on ptolemy.moml.MoMLSimpleApplication@6a65345a
reloadAllAccessors: .IterateOverArray

===========================================================================================
----------------- testing Wed Apr 10 17:44:19 UTC 2019 /home/travis/build/icyphy/ptII/ptolemy/actor/lib/hoc/test/auto/IterateOverArray10.xml
----------------- Instantiating /home/travis/build/icyphy/ptII/ptolemy/actor/lib/hoc/test/auto/IterateOverArray10.xml
2 ms. Memory: 208384K Free: 129846K (62%)
----------------- Invoking toplevel() on ptolemy.moml.MoMLSimpleApplication@36fe4fda
----------------- Done invoking toplevel() on ptolemy.moml.MoMLSimpleApplication@36fe4fda
reloadAllAccessors: .IterateOverArray10

===========================================================================================
----------------- testing Wed Apr 10 17:44:19 UTC 2019 /home/travis/build/icyphy/ptII/ptolemy/actor/lib/hoc/test/auto/IterateOverArray11.xml
----------------- Instantiating /home/travis/build/icyphy/ptII/ptolemy/actor/lib/hoc/test/auto/IterateOverArray11.xml
7 ms. Memory: 208384K Free: 124339K (60%)
----------------- Invoking toplevel() on ptolemy.moml.MoMLSimpleApplication@1ad52bf4
----------------- Done invoking toplevel() on ptolemy.moml.MoMLSimpleApplication@1ad52bf4
reloadAllAccessors: .IterateOverArray11

===========================================================================================
----------------- testing Wed Apr 10 17:44:19 UTC 2019 /home/travis/build/icyphy/ptII/ptolemy/actor/lib/hoc/test/auto/IterateOverArray12.xml
----------------- Instantiating /home/travis/build/icyphy/ptII/ptolemy/actor/lib/hoc/test/auto/IterateOverArray12.xml
20 ms. Memory: 208384K Free: 117785K (57%)
----------------- Invoking toplevel() on ptolemy.moml.MoMLSimpleApplication@56306ea9
----------------- Done invoking toplevel() on ptolemy.moml.MoMLSimpleApplication@56306ea9
reloadAllAccessors: .IterateOverArray12

===========================================================================================
----------------- testing Wed Apr 10 17:44:19 UTC 2019 /home/travis/build/icyphy/ptII/ptolemy/actor/lib/hoc/test/auto/IterateOverArray13.xml
----------------- Instantiating /home/travis/build/icyphy/ptII/ptolemy/actor/lib/hoc/test/auto/IterateOverArray13.xml
78 ms. Memory: 208384K Free: 89211K (43%)
----------------- Invoking toplevel() on ptolemy.moml.MoMLSimpleApplication@f4f4d70
----------------- Done invoking toplevel() on ptolemy.moml.MoMLSimpleApplication@f4f4d70
reloadAllAccessors: .IterateOverArray13

===========================================================================================
----------------- testing Wed Apr 10 17:44:19 UTC 2019 /home/travis/build/icyphy/ptII/ptolemy/actor/lib/hoc/test/auto/IterateOverArray14.xml
----------------- Instantiating /home/travis/build/icyphy/ptII/ptolemy/actor/lib/hoc/test/auto/IterateOverArray14.xml
77 ms. Memory: 332288K Free: 299141K (90%)
----------------- Invoking toplevel() on ptolemy.moml.MoMLSimpleApplication@1ca6f8b5
----------------- Done invoking toplevel() on ptolemy.moml.MoMLSimpleApplication@1ca6f8b5
reloadAllAccessors: .IterateOverArray14

===========================================================================================
----------------- testing Wed Apr 10 17:44:19 UTC 2019 /home/travis/build/icyphy/ptII/ptolemy/actor/lib/hoc/test/auto/IterateOverArray2.xml
----------------- Instantiating /home/travis/build/icyphy/ptII/ptolemy/actor/lib/hoc/test/auto/IterateOverArray2.xml
10 ms. Memory: 332288K Free: 291816K (88%)
----------------- Invoking toplevel() on ptolemy.moml.MoMLSimpleApplication@584af1b8
----------------- Done invoking toplevel() on ptolemy.moml.MoMLSimpleApplication@584af1b8
reloadAllAccessors: .IterateOverArray2

===========================================================================================
----------------- testing Wed Apr 10 17:44:19 UTC 2019 /home/travis/build/icyphy/ptII/ptolemy/actor/lib/hoc/test/auto/IterateOverArray3.xml
----------------- Instantiating /home/travis/build/icyphy/ptII/ptolemy/actor/lib/hoc/test/auto/IterateOverArray3.xml
6 ms. Memory: 332288K Free: 285276K (86%)
----------------- Invoking toplevel() on ptolemy.moml.MoMLSimpleApplication@5943d382
----------------- Done invoking toplevel() on ptolemy.moml.MoMLSimpleApplication@5943d382
reloadAllAccessors: .IterateOverArray3

===========================================================================================
----------------- testing Wed Apr 10 17:44:19 UTC 2019 /home/travis/build/icyphy/ptII/ptolemy/actor/lib/hoc/test/auto/IterateOverArray4.xml
----------------- Instantiating /home/travis/build/icyphy/ptII/ptolemy/actor/lib/hoc/test/auto/IterateOverArray4.xml
10 ms. Memory: 332288K Free: 279593K (84%)
----------------- Invoking toplevel() on ptolemy.moml.MoMLSimpleApplication@7f4503c2
----------------- Done invoking toplevel() on ptolemy.moml.MoMLSimpleApplication@7f4503c2
reloadAllAccessors: .IterateOverArray4

===========================================================================================
----------------- testing Wed Apr 10 17:44:19 UTC 2019 /home/travis/build/icyphy/ptII/ptolemy/actor/lib/hoc/test/auto/IterateOverArray5.xml
----------------- Instantiating /home/travis/build/icyphy/ptII/ptolemy/actor/lib/hoc/test/auto/IterateOverArray5.xml
3 ms. Memory: 332288K Free: 274688K (83%)
----------------- Invoking toplevel() on ptolemy.moml.MoMLSimpleApplication@3c645dc0
----------------- Done invoking toplevel() on ptolemy.moml.MoMLSimpleApplication@3c645dc0
reloadAllAccessors: .IterateOverArray5

===========================================================================================
----------------- testing Wed Apr 10 17:44:19 UTC 2019 /home/travis/build/icyphy/ptII/ptolemy/actor/lib/hoc/test/auto/IterateOverArray6.xml
----------------- Instantiating /home/travis/build/icyphy/ptII/ptolemy/actor/lib/hoc/test/auto/IterateOverArray6.xml
4 ms. Memory: 332288K Free: 269006K (81%)
----------------- Invoking toplevel() on ptolemy.moml.MoMLSimpleApplication@278d6964
----------------- Done invoking toplevel() on ptolemy.moml.MoMLSimpleApplication@278d6964
reloadAllAccessors: .IterateOverArray6

===========================================================================================
----------------- testing Wed Apr 10 17:44:19 UTC 2019 /home/travis/build/icyphy/ptII/ptolemy/actor/lib/hoc/test/auto/IterateOverArray7.xml
----------------- Instantiating /home/travis/build/icyphy/ptII/ptolemy/actor/lib/hoc/test/auto/IterateOverArray7.xml
9 ms. Memory: 332288K Free: 264101K (79%)
----------------- Invoking toplevel() on ptolemy.moml.MoMLSimpleApplication@8f30c6a
----------------- Done invoking toplevel() on ptolemy.moml.MoMLSimpleApplication@8f30c6a
reloadAllAccessors: .IterateOverArray7

===========================================================================================
----------------- testing Wed Apr 10 17:44:19 UTC 2019 /home/travis/build/icyphy/ptII/ptolemy/actor/lib/hoc/test/auto/IterateOverArray8.xml
----------------- Instantiating /home/travis/build/icyphy/ptII/ptolemy/actor/lib/hoc/test/auto/IterateOverArray8.xml
5 ms. Memory: 332288K Free: 259196K (78%)
----------------- Invoking toplevel() on ptolemy.moml.MoMLSimpleApplication@26591592
----------------- Done invoking toplevel() on ptolemy.moml.MoMLSimpleApplication@26591592
reloadAllAccessors: .IterateOverArray8

===========================================================================================
----------------- testing Wed Apr 10 17:44:20 UTC 2019 /home/travis/build/icyphy/ptII/ptolemy/actor/lib/hoc/test/auto/IterateOverArray9.xml
----------------- Instantiating /home/travis/build/icyphy/ptII/ptolemy/actor/lib/hoc/test/auto/IterateOverArray9.xml
8 ms. Memory: 332288K Free: 253514K (76%)
----------------- Invoking toplevel() on ptolemy.moml.MoMLSimpleApplication@7e89e16f
----------------- Done invoking toplevel() on ptolemy.moml.MoMLSimpleApplication@7e89e16f
reloadAllAccessors: .IterateOverArray9

===========================================================================================
----------------- testing Wed Apr 10 17:44:20 UTC 2019 /home/travis/build/icyphy/ptII/ptolemy/actor/lib/hoc/test/auto/IterateOverArrayCoercedOutputType.xml
----------------- Instantiating /home/travis/build/icyphy/ptII/ptolemy/actor/lib/hoc/test/auto/IterateOverArrayCoercedOutputType.xml
5 ms. Memory: 332288K Free: 246974K (74%)
----------------- Invoking toplevel() on ptolemy.moml.MoMLSimpleApplication@4790fe0c
----------------- Done invoking toplevel() on ptolemy.moml.MoMLSimpleApplication@4790fe0c
reloadAllAccessors: .IterateOverArrayCoercedOutputType

===========================================================================================
----------------- testing Wed Apr 10 17:44:20 UTC 2019 /home/travis/build/icyphy/ptII/ptolemy/actor/lib/hoc/test/auto/IterateOverArrayInferredOutputType.xml
----------------- Instantiating /home/travis/build/icyphy/ptII/ptolemy/actor/lib/hoc/test/auto/IterateOverArrayInferredOutputType.xml
9 ms. Memory: 332288K Free: 239656K (72%)
----------------- Invoking toplevel() on ptolemy.moml.MoMLSimpleApplication@3c12427c
----------------- Done invoking toplevel() on ptolemy.moml.MoMLSimpleApplication@3c12427c
reloadAllAccessors: .IterateOverArrayInferredOutputType

===========================================================================================
----------------- testing Wed Apr 10 17:44:20 UTC 2019 /home/travis/build/icyphy/ptII/ptolemy/actor/lib/hoc/test/auto/MobileFunctionTest.xml
----------------- Instantiating /home/travis/build/icyphy/ptII/ptolemy/actor/lib/hoc/test/auto/MobileFunctionTest.xml
6 ms. Memory: 332288K Free: 234751K (71%)
----------------- Invoking toplevel() on ptolemy.moml.MoMLSimpleApplication@251b4d89
----------------- Done invoking toplevel() on ptolemy.moml.MoMLSimpleApplication@251b4d89
reloadAllAccessors: .MobileFunctionTest

===========================================================================================
----------------- testing Wed Apr 10 17:44:20 UTC 2019 /home/travis/build/icyphy/ptII/ptolemy/actor/lib/hoc/test/auto/MobileModelTest.xml
----------------- Instantiating /home/travis/build/icyphy/ptII/ptolemy/actor/lib/hoc/test/auto/MobileModelTest.xml
91 ms. Memory: 332288K Free: 212703K (64%)
----------------- Invoking toplevel() on ptolemy.moml.MoMLSimpleApplication@23968587
----------------- Done invoking toplevel() on ptolemy.moml.MoMLSimpleApplication@23968587
reloadAllAccessors: .MobileModelTest

===========================================================================================
----------------- testing Wed Apr 10 17:44:20 UTC 2019 /home/travis/build/icyphy/ptII/ptolemy/actor/lib/hoc/test/auto/ModelReference.xml
----------------- Instantiating /home/travis/build/icyphy/ptII/ptolemy/actor/lib/hoc/test/auto/ModelReference.xml
3 ms. Memory: 332288K Free: 204528K (62%)
2 ms. Memory: 332288K Free: 204528K (62%)
2 ms. Memory: 332288K Free: 202893K (61%)
2 ms. Memory: 332288K Free: 202893K (61%)
2 ms. Memory: 332288K Free: 201258K (61%)
3 ms. Memory: 332288K Free: 201258K (61%)
1 ms. Memory: 332288K Free: 199623K (60%)
1 ms. Memory: 332288K Free: 199623K (60%)
3 ms. Memory: 332288K Free: 197988K (60%)
2 ms. Memory: 332288K Free: 197988K (60%)
36 ms. Memory: 332288K Free: 197988K (60%)
----------------- Invoking toplevel() on ptolemy.moml.MoMLSimpleApplication@2db265be
----------------- Done invoking toplevel() on ptolemy.moml.MoMLSimpleApplication@2db265be
reloadAllAccessors: .ModelReference

===========================================================================================
----------------- testing Wed Apr 10 17:44:20 UTC 2019 /home/travis/build/icyphy/ptII/ptolemy/actor/lib/hoc/test/auto/ModelReference3.xml
----------------- Instantiating /home/travis/build/icyphy/ptII/ptolemy/actor/lib/hoc/test/auto/ModelReference3.xml
3 ms. Memory: 332288K Free: 193083K (58%)
8 ms. Memory: 332288K Free: 191448K (58%)
2 ms. Memory: 332288K Free: 191448K (58%)
6 ms. Memory: 332288K Free: 189813K (57%)
2 ms. Memory: 332288K Free: 189813K (57%)
2 ms. Memory: 332288K Free: 188178K (57%)
1 ms. Memory: 332288K Free: 188178K (57%)
4 ms. Memory: 332288K Free: 186543K (56%)
3 ms. Memory: 332288K Free: 186543K (56%)
3 ms. Memory: 332288K Free: 184908K (56%)
43 ms. Memory: 332288K Free: 184908K (56%)
----------------- Invoking toplevel() on ptolemy.moml.MoMLSimpleApplication@1221f438
----------------- Done invoking toplevel() on ptolemy.moml.MoMLSimpleApplication@1221f438
reloadAllAccessors: .ModelReference3

===========================================================================================
----------------- testing Wed Apr 10 17:44:20 UTC 2019 /home/travis/build/icyphy/ptII/ptolemy/actor/lib/hoc/test/auto/ModelReference4.xml
----------------- Instantiating /home/travis/build/icyphy/ptII/ptolemy/actor/lib/hoc/test/auto/ModelReference4.xml
4 ms. Memory: 332288K Free: 177590K (53%)
3 ms. Memory: 332288K Free: 175955K (53%)
3 ms. Memory: 332288K Free: 174320K (52%)
10 ms. Memory: 332288K Free: 172685K (52%)
2 ms. Memory: 332288K Free: 169415K (51%)
2 ms. Memory: 332288K Free: 167780K (50%)
14 ms. Memory: 332288K Free: 166146K (50%)
3 ms. Memory: 332288K Free: 164511K (50%)
3 ms. Memory: 332288K Free: 162876K (49%)
3 ms. Memory: 332288K Free: 161241K (49%)
10023 ms. Memory: 332288K Free: 161241K (49%)
----------------- Invoking toplevel() on ptolemy.moml.MoMLSimpleApplication@f4aa3bd
----------------- Done invoking toplevel() on ptolemy.moml.MoMLSimpleApplication@f4aa3bd
reloadAllAccessors: .ModelReference4

===========================================================================================
----------------- testing Wed Apr 10 17:44:30 UTC 2019 /home/travis/build/icyphy/ptII/ptolemy/actor/lib/hoc/test/auto/MultiInstanceComposite.xml
----------------- Instantiating /home/travis/build/icyphy/ptII/ptolemy/actor/lib/hoc/test/auto/MultiInstanceComposite.xml
33 ms. Memory: 332288K Free: 143255K (43%)
----------------- Invoking toplevel() on ptolemy.moml.MoMLSimpleApplication@32bcc50c
----------------- Done invoking toplevel() on ptolemy.moml.MoMLSimpleApplication@32bcc50c
reloadAllAccessors: .MultiInstanceComposite

===========================================================================================
----------------- testing Wed Apr 10 17:44:30 UTC 2019 /home/travis/build/icyphy/ptII/ptolemy/actor/lib/hoc/test/auto/MultiInstanceComposite2.xml
----------------- Instantiating /home/travis/build/icyphy/ptII/ptolemy/actor/lib/hoc/test/auto/MultiInstanceComposite2.xml
27 ms. Memory: 332288K Free: 129398K (39%)
----------------- Invoking toplevel() on ptolemy.moml.MoMLSimpleApplication@1045ce90
----------------- Done invoking toplevel() on ptolemy.moml.MoMLSimpleApplication@1045ce90
reloadAllAccessors: .MultiInstanceComposite2

===========================================================================================
----------------- testing Wed Apr 10 17:44:30 UTC 2019 /home/travis/build/icyphy/ptII/ptolemy/actor/lib/hoc/test/auto/MulticoreExecution.xml
----------------- Instantiating /home/travis/build/icyphy/ptII/ptolemy/actor/lib/hoc/test/auto/MulticoreExecution.xml
Fired ExecutionTime: 4400000
Fired ExecutionTime: 2000000
Fired ExecutionTime: 3200000
Fired ExecutionTime: 3200000
Fired ExecutionTime: 4400000
Fired ExecutionTime: 2000000
Fired ExecutionTime: 2800000
Fired ExecutionTime: 3200000
Fired ExecutionTime: 2800000
Fired ExecutionTime: 3200000
Fired ExecutionTime: 2800000
Fired ExecutionTime: 2800000
Fired ExecutionTime: 2400000
Fired ExecutionTime: 3600000
Fired ExecutionTime: 2800000
Fired ExecutionTime: 3200000
Fired ExecutionTime: 2000000
Fired ExecutionTime: 4400000
Fired ExecutionTime: 2800000
Fired ExecutionTime: 3200000
1151 ms. Memory: 332288K Free: 116318K (35%)
----------------- Invoking toplevel() on ptolemy.moml.MoMLSimpleApplication@30f62146
----------------- Done invoking toplevel() on ptolemy.moml.MoMLSimpleApplication@30f62146
reloadAllAccessors: .MulticoreExecution

===========================================================================================
----------------- testing Wed Apr 10 17:44:31 UTC 2019 /home/travis/build/icyphy/ptII/ptolemy/actor/lib/hoc/test/auto/ParallelExecution.xml
----------------- Instantiating /home/travis/build/icyphy/ptII/ptolemy/actor/lib/hoc/test/auto/ParallelExecution.xml
925 ms. Memory: 332288K Free: 104096K (31%)
----------------- Invoking toplevel() on ptolemy.moml.MoMLSimpleApplication@7c2c0761
----------------- Done invoking toplevel() on ptolemy.moml.MoMLSimpleApplication@7c2c0761
reloadAllAccessors: .ParallelExecution

===========================================================================================
----------------- testing Wed Apr 10 17:44:32 UTC 2019 /home/travis/build/icyphy/ptII/ptolemy/actor/lib/hoc/test/auto/RunCompositeActor.xml
----------------- Instantiating /home/travis/build/icyphy/ptII/ptolemy/actor/lib/hoc/test/auto/RunCompositeActor.xml
9 ms. Memory: 332288K Free: 95921K (29%)
----------------- Invoking toplevel() on ptolemy.moml.MoMLSimpleApplication@79916969
----------------- Done invoking toplevel() on ptolemy.moml.MoMLSimpleApplication@79916969
reloadAllAccessors: .RunCompositeActor

===========================================================================================
----------------- testing Wed Apr 10 17:44:32 UTC 2019 /home/travis/build/icyphy/ptII/ptolemy/actor/lib/hoc/test/auto/RunCompositeActor2.xml
----------------- Instantiating /home/travis/build/icyphy/ptII/ptolemy/actor/lib/hoc/test/auto/RunCompositeActor2.xml
8 ms. Memory: 332288K Free: 89380K (27%)
----------------- Invoking toplevel() on ptolemy.moml.MoMLSimpleApplication@5b5acd7d
----------------- Done invoking toplevel() on ptolemy.moml.MoMLSimpleApplication@5b5acd7d
reloadAllAccessors: .RunCompositeActor2

===========================================================================================
----------------- testing Wed Apr 10 17:44:32 UTC 2019 /home/travis/build/icyphy/ptII/ptolemy/actor/lib/hoc/test/auto/RunCompositeActor3.xml
----------------- Instantiating /home/travis/build/icyphy/ptII/ptolemy/actor/lib/hoc/test/auto/RunCompositeActor3.xml
5 ms. Memory: 332288K Free: 82063K (25%)
----------------- Invoking toplevel() on ptolemy.moml.MoMLSimpleApplication@363436a2
----------------- Done invoking toplevel() on ptolemy.moml.MoMLSimpleApplication@363436a2
reloadAllAccessors: .RunCompositeActor3

===========================================================================================
----------------- testing Wed Apr 10 17:44:32 UTC 2019 /home/travis/build/icyphy/ptII/ptolemy/actor/lib/hoc/test/auto/RunCompositeActor4.xml
----------------- Instantiating /home/travis/build/icyphy/ptII/ptolemy/actor/lib/hoc/test/auto/RunCompositeActor4.xml
10 ms. Memory: 332800K Free: 316327K (95%)
----------------- Invoking toplevel() on ptolemy.moml.MoMLSimpleApplication@dd48f0f
----------------- Done invoking toplevel() on ptolemy.moml.MoMLSimpleApplication@dd48f0f
reloadAllAccessors: .RunCompositeActor4

===========================================================================================
----------------- testing Wed Apr 10 17:44:32 UTC 2019 /home/travis/build/icyphy/ptII/ptolemy/actor/lib/hoc/test/auto/RunCompositeIterateOverArray.xml
----------------- Instantiating /home/travis/build/icyphy/ptII/ptolemy/actor/lib/hoc/test/auto/RunCompositeIterateOverArray.xml
5 ms. Memory: 332800K Free: 309044K (93%)
----------------- Invoking toplevel() on ptolemy.moml.MoMLSimpleApplication@3a7899fb
----------------- Done invoking toplevel() on ptolemy.moml.MoMLSimpleApplication@3a7899fb
reloadAllAccessors: .RunCompositeIterateOverArray

===========================================================================================
----------------- testing Wed Apr 10 17:44:32 UTC 2019 /home/travis/build/icyphy/ptII/ptolemy/actor/lib/hoc/test/auto/ThreadedJS.xml
----------------- Instantiating /home/travis/build/icyphy/ptII/ptolemy/actor/lib/hoc/test/auto/ThreadedJS.xml
1986 ms. Memory: 539136K Free: 159996K (30%)
----------------- Invoking toplevel() on ptolemy.moml.MoMLSimpleApplication@39de44fb
----------------- Done invoking toplevel() on ptolemy.moml.MoMLSimpleApplication@39de44fb
reloadAllAccessors: .ThreadedJS
AutoTests.java: About to close Vertx.
AutoTests.java: Vertx closed.
]]></system-out>
  <system-err><![CDATA[java.lang.RuntimeException: Execution failed
	at ptolemy.moml.MoMLSimpleApplication$UnloadThread.run(MoMLSimpleApplication.java:402)
Caused by: ptolemy.kernel.util.IllegalActionException: initialize() was called after wrapup() was called but preinitialize() was not called after wrapup().
	at ptolemy.actor.lib.hoc.test.PreinitializeMustBeInvoked.initialize(PreinitializeMustBeInvoked.java:78)
	at ptolemy.actor.Director.initialize(Director.java:938)
	at ptolemy.actor.Director.initialize(Director.java:907)
	at ptolemy.actor.sched.StaticSchedulingDirector.initialize(StaticSchedulingDirector.java:159)
	at ptolemy.domains.sdf.kernel.SDFDirector.initialize(SDFDirector.java:544)
	at ptolemy.actor.CompositeActor.initialize(CompositeActor.java:935)
	at ptolemy.actor.lib.hoc.LifeCycleManager._executeInsideModel(LifeCycleManager.java:339)
	at ptolemy.actor.lib.hoc.RunCompositeActor.fire(RunCompositeActor.java:205)
	at ptolemy.actor.CompositeActor.iterate(CompositeActor.java:1146)
	at ptolemy.actor.sched.StaticSchedulingDirector.fire(StaticSchedulingDirector.java:216)
	at ptolemy.domains.sdf.kernel.SDFDirector.fire(SDFDirector.java:500)
	at ptolemy.actor.CompositeActor.fire(CompositeActor.java:455)
	at ptolemy.actor.Manager.iterate(Manager.java:851)
	at ptolemy.actor.Manager.execute(Manager.java:369)
	at ptolemy.actor.Manager.run(Manager.java:1263)
	at ptolemy.actor.Manager$PtolemyRunThread.run(Manager.java:1915)
java.lang.reflect.InvocationTargetException
	at sun.reflect.NativeConstructorAccessorImpl.newInstance0(Native Method)
	at sun.reflect.NativeConstructorAccessorImpl.newInstance(NativeConstructorAccessorImpl.java:62)
	at sun.reflect.DelegatingConstructorAccessorImpl.newInstance(DelegatingConstructorAccessorImpl.java:45)
	at java.lang.reflect.Constructor.newInstance(Constructor.java:423)
	at ptolemy.util.test.junit.AutoKnownFailedTests.RunModel(AutoKnownFailedTests.java:105)
	at sun.reflect.NativeMethodAccessorImpl.invoke0(Native Method)
	at sun.reflect.NativeMethodAccessorImpl.invoke(NativeMethodAccessorImpl.java:62)
	at sun.reflect.DelegatingMethodAccessorImpl.invoke(DelegatingMethodAccessorImpl.java:43)
	at java.lang.reflect.Method.invoke(Method.java:498)
	at org.junit.runners.model.FrameworkMethod$1.runReflectiveCall(FrameworkMethod.java:44)
	at org.junit.internal.runners.model.ReflectiveCallable.run(ReflectiveCallable.java:15)
	at org.junit.runners.model.FrameworkMethod.invokeExplosively(FrameworkMethod.java:41)
	at junitparams.internal.InvokeParameterisedMethod.evaluate(InvokeParameterisedMethod.java:102)
	at org.junit.internal.runners.statements.FailOnTimeout$1.run(FailOnTimeout.java:28)
Caused by: ptolemy.kernel.util.IllegalActionException: initialize() was called after wrapup() was called but preinitialize() was not called after wrapup().
	at ptolemy.actor.lib.hoc.test.PreinitializeMustBeInvoked.initialize(PreinitializeMustBeInvoked.java:78)
	at ptolemy.actor.Director.initialize(Director.java:938)
	at ptolemy.actor.Director.initialize(Director.java:907)
	at ptolemy.actor.sched.StaticSchedulingDirector.initialize(StaticSchedulingDirector.java:159)
	at ptolemy.domains.sdf.kernel.SDFDirector.initialize(SDFDirector.java:544)
	at ptolemy.actor.CompositeActor.initialize(CompositeActor.java:935)
	at ptolemy.actor.lib.hoc.LifeCycleManager._executeInsideModel(LifeCycleManager.java:339)
	at ptolemy.actor.lib.hoc.RunCompositeActor.fire(RunCompositeActor.java:205)
	at ptolemy.actor.CompositeActor.iterate(CompositeActor.java:1146)
	at ptolemy.actor.sched.StaticSchedulingDirector.fire(StaticSchedulingDirector.java:216)
	at ptolemy.domains.sdf.kernel.SDFDirector.fire(SDFDirector.java:500)
	at ptolemy.actor.CompositeActor.fire(CompositeActor.java:455)
	at ptolemy.actor.Manager.iterate(Manager.java:851)
	at ptolemy.actor.Manager.execute(Manager.java:369)
	at ptolemy.actor.Manager.run(Manager.java:1263)
	at ptolemy.actor.Manager$PtolemyRunThread.run(Manager.java:1915)
]]></system-err>
</testsuite>
