<?xml version="1.0" encoding="UTF-8" ?>
<testsuite errors="0" failures="0" hostname="travis-job-b749086f-316f-4d00-b3f2-ecd9ff2416d7" name="ptolemy.domains.modal.test.junit.JUnitTclTest" skipped="0" tests="148" time="9.934" timestamp="2018-08-22T02:01:33">
  <properties>
[...]
</properties>
  <testcase classname="ptolemy.util.test.junit.TclTests" name="[0] /home/travis/build/icyphy/ptII/ptolemy/domains/modal/test/SystemLevelType.tcl (RunTclFile)" time="1.718" />
  <testcase classname="ptolemy.util.test.junit.AutoKnownFailedTests" name="[0] /home/travis/build/icyphy/ptII/ptolemy/domains/modal/test/auto/knownFailedTests/CannotAnalysisWithPreemption.xml (RunModel)" time="0.157" />
  <testcase classname="ptolemy.util.test.junit.AutoNameArchTests" name="[0] ThereAreNoAutoArchTests (RunModel)" time="0.009" />
  <testcase classname="ptolemy.util.test.junit.AutoTests" name="[0] /home/travis/build/icyphy/ptII/ptolemy/domains/modal/test/auto/ABPTest.xml (RunModel)" time="0.572" />
  <testcase classname="ptolemy.util.test.junit.AutoTests" name="[1] /home/travis/build/icyphy/ptII/ptolemy/domains/modal/test/auto/ABROFlat.xml (RunModel)" time="0.073" />
  <testcase classname="ptolemy.util.test.junit.AutoTests" name="[2] /home/travis/build/icyphy/ptII/ptolemy/domains/modal/test/auto/ABROFlat2.xml (RunModel)" time="0.077" />
  <testcase classname="ptolemy.util.test.junit.AutoTests" name="[3] /home/travis/build/icyphy/ptII/ptolemy/domains/modal/test/auto/ABRO_present_hmm.xml (RunModel)" time="0.144" />
  <testcase classname="ptolemy.util.test.junit.AutoTests" name="[4] /home/travis/build/icyphy/ptII/ptolemy/domains/modal/test/auto/AMICoderExample.xml (RunModel)" time="0.054" />
  <testcase classname="ptolemy.util.test.junit.AutoTests" name="[5] /home/travis/build/icyphy/ptII/ptolemy/domains/modal/test/auto/AbsentToPresent.xml (RunModel)" time="0.021" />
  <testcase classname="ptolemy.util.test.junit.AutoTests" name="[6] /home/travis/build/icyphy/ptII/ptolemy/domains/modal/test/auto/Blending.xml (RunModel)" time="0.291" />
  <testcase classname="ptolemy.util.test.junit.AutoTests" name="[7] /home/travis/build/icyphy/ptII/ptolemy/domains/modal/test/auto/Broadcast.xml (RunModel)" time="0.032" />
  <testcase classname="ptolemy.util.test.junit.AutoTests" name="[8] /home/travis/build/icyphy/ptII/ptolemy/domains/modal/test/auto/BroadcastHierarchy.xml (RunModel)" time="0.065" />
  <testcase classname="ptolemy.util.test.junit.AutoTests" name="[9] /home/travis/build/icyphy/ptII/ptolemy/domains/modal/test/auto/BroadcastHierarchy2.xml (RunModel)" time="0.122" />
  <testcase classname="ptolemy.util.test.junit.AutoTests" name="[10] /home/travis/build/icyphy/ptII/ptolemy/domains/modal/test/auto/BroadcastHierarchy3.xml (RunModel)" time="0.118" />
  <testcase classname="ptolemy.util.test.junit.AutoTests" name="[11] /home/travis/build/icyphy/ptII/ptolemy/domains/modal/test/auto/BroadcastHierarchy4.xml (RunModel)" time="0.108" />
  <testcase classname="ptolemy.util.test.junit.AutoTests" name="[12] /home/travis/build/icyphy/ptII/ptolemy/domains/modal/test/auto/CannotAnalysisWithPreemption2.xml (RunModel)" time="0.037" />
  <testcase classname="ptolemy.util.test.junit.AutoTests" name="[13] /home/travis/build/icyphy/ptII/ptolemy/domains/modal/test/auto/CannotAnalysisWithPreemption3.xml (RunModel)" time="0.043" />
  <testcase classname="ptolemy.util.test.junit.AutoTests" name="[14] /home/travis/build/icyphy/ptII/ptolemy/domains/modal/test/auto/CannotProduce.xml (RunModel)" time="0.034" />
  <testcase classname="ptolemy.util.test.junit.AutoTests" name="[15] /home/travis/build/icyphy/ptII/ptolemy/domains/modal/test/auto/CannotProduceModal.xml (RunModel)" time="0.035" />
  <testcase classname="ptolemy.util.test.junit.AutoTests" name="[16] /home/travis/build/icyphy/ptII/ptolemy/domains/modal/test/auto/Case.xml (RunModel)" time="0.074" />
  <testcase classname="ptolemy.util.test.junit.AutoTests" name="[17] /home/travis/build/icyphy/ptII/ptolemy/domains/modal/test/auto/Case1.xml (RunModel)" time="0.025" />
  <testcase classname="ptolemy.util.test.junit.AutoTests" name="[18] /home/travis/build/icyphy/ptII/ptolemy/domains/modal/test/auto/Case2.xml (RunModel)" time="0.056" />
  <testcase classname="ptolemy.util.test.junit.AutoTests" name="[19] /home/travis/build/icyphy/ptII/ptolemy/domains/modal/test/auto/CausalityInterface1.xml (RunModel)" time="0.033" />
  <testcase classname="ptolemy.util.test.junit.AutoTests" name="[20] /home/travis/build/icyphy/ptII/ptolemy/domains/modal/test/auto/CausalityInterface10.xml (RunModel)" time="0.061" />
  <testcase classname="ptolemy.util.test.junit.AutoTests" name="[21] /home/travis/build/icyphy/ptII/ptolemy/domains/modal/test/auto/CausalityInterface11.xml (RunModel)" time="0.065" />
  <testcase classname="ptolemy.util.test.junit.AutoTests" name="[22] /home/travis/build/icyphy/ptII/ptolemy/domains/modal/test/auto/CausalityInterface12.xml (RunModel)" time="0.042" />
  <testcase classname="ptolemy.util.test.junit.AutoTests" name="[23] /home/travis/build/icyphy/ptII/ptolemy/domains/modal/test/auto/CausalityInterface13.xml (RunModel)" time="0.05" />
  <testcase classname="ptolemy.util.test.junit.AutoTests" name="[24] /home/travis/build/icyphy/ptII/ptolemy/domains/modal/test/auto/CausalityInterface14.xml (RunModel)" time="0.063" />
  <testcase classname="ptolemy.util.test.junit.AutoTests" name="[25] /home/travis/build/icyphy/ptII/ptolemy/domains/modal/test/auto/CausalityInterface2.xml (RunModel)" time="0.046" />
  <testcase classname="ptolemy.util.test.junit.AutoTests" name="[26] /home/travis/build/icyphy/ptII/ptolemy/domains/modal/test/auto/CausalityInterface3.xml (RunModel)" time="0.033" />
  <testcase classname="ptolemy.util.test.junit.AutoTests" name="[27] /home/travis/build/icyphy/ptII/ptolemy/domains/modal/test/auto/CausalityInterface4.xml (RunModel)" time="0.037" />
  <testcase classname="ptolemy.util.test.junit.AutoTests" name="[28] /home/travis/build/icyphy/ptII/ptolemy/domains/modal/test/auto/CausalityInterface5.xml (RunModel)" time="0.032" />
  <testcase classname="ptolemy.util.test.junit.AutoTests" name="[29] /home/travis/build/icyphy/ptII/ptolemy/domains/modal/test/auto/CausalityInterface6.xml (RunModel)" time="0.025" />
  <testcase classname="ptolemy.util.test.junit.AutoTests" name="[30] /home/travis/build/icyphy/ptII/ptolemy/domains/modal/test/auto/CausalityInterface7.xml (RunModel)" time="0.036" />
  <testcase classname="ptolemy.util.test.junit.AutoTests" name="[31] /home/travis/build/icyphy/ptII/ptolemy/domains/modal/test/auto/CausalityInterface8.xml (RunModel)" time="0.049" />
  <testcase classname="ptolemy.util.test.junit.AutoTests" name="[32] /home/travis/build/icyphy/ptII/ptolemy/domains/modal/test/auto/CausalityInterface9.xml (RunModel)" time="0.037" />
  <testcase classname="ptolemy.util.test.junit.AutoTests" name="[33] /home/travis/build/icyphy/ptII/ptolemy/domains/modal/test/auto/ChainedTransitions.xml (RunModel)" time="0.142" />
  <testcase classname="ptolemy.util.test.junit.AutoTests" name="[34] /home/travis/build/icyphy/ptII/ptolemy/domains/modal/test/auto/CycleOfImmediateTransitionsFSM.xml (RunModel)" time="0.02" />
  <testcase classname="ptolemy.util.test.junit.AutoTests" name="[35] /home/travis/build/icyphy/ptII/ptolemy/domains/modal/test/auto/CycleOfImmediateTransitionsModal.xml (RunModel)" time="0.026" />
  <testcase classname="ptolemy.util.test.junit.AutoTests" name="[36] /home/travis/build/icyphy/ptII/ptolemy/domains/modal/test/auto/CycleOfImmediateTransitionsModal2.xml (RunModel)" time="0.032" />
  <testcase classname="ptolemy.util.test.junit.AutoTests" name="[37] /home/travis/build/icyphy/ptII/ptolemy/domains/modal/test/auto/CycleOfImmediateTransitionsModal3.xml (RunModel)" time="0.065" />
  <testcase classname="ptolemy.util.test.junit.AutoTests" name="[38] /home/travis/build/icyphy/ptII/ptolemy/domains/modal/test/auto/DeepModal1.xml (RunModel)" time="0.042" />
  <testcase classname="ptolemy.util.test.junit.AutoTests" name="[39] /home/travis/build/icyphy/ptII/ptolemy/domains/modal/test/auto/DeepModal2.xml (RunModel)" time="0.055" />
  <testcase classname="ptolemy.util.test.junit.AutoTests" name="[40] /home/travis/build/icyphy/ptII/ptolemy/domains/modal/test/auto/DeepModal3.xml (RunModel)" time="0.056" />
  <testcase classname="ptolemy.util.test.junit.AutoTests" name="[41] /home/travis/build/icyphy/ptII/ptolemy/domains/modal/test/auto/DeepModal4.xml (RunModel)" time="0.062" />
  <testcase classname="ptolemy.util.test.junit.AutoTests" name="[42] /home/travis/build/icyphy/ptII/ptolemy/domains/modal/test/auto/Default1.xml (RunModel)" time="0.019" />
  <testcase classname="ptolemy.util.test.junit.AutoTests" name="[43] /home/travis/build/icyphy/ptII/ptolemy/domains/modal/test/auto/Default2.xml (RunModel)" time="0.018" />
  <testcase classname="ptolemy.util.test.junit.AutoTests" name="[44] /home/travis/build/icyphy/ptII/ptolemy/domains/modal/test/auto/Default3.xml (RunModel)" time="0.026" />
  <testcase classname="ptolemy.util.test.junit.AutoTests" name="[45] /home/travis/build/icyphy/ptII/ptolemy/domains/modal/test/auto/Default4.xml (RunModel)" time="0.025" />
  <testcase classname="ptolemy.util.test.junit.AutoTests" name="[46] /home/travis/build/icyphy/ptII/ptolemy/domains/modal/test/auto/Default5.xml (RunModel)" time="0.035" />
  <testcase classname="ptolemy.util.test.junit.AutoTests" name="[47] /home/travis/build/icyphy/ptII/ptolemy/domains/modal/test/auto/EmptyGuard.xml (RunModel)" time="0.037" />
  <testcase classname="ptolemy.util.test.junit.AutoTests" name="[48] /home/travis/build/icyphy/ptII/ptolemy/domains/modal/test/auto/ErrorTransition1.xml (RunModel)" time="0.034" />
  <testcase classname="ptolemy.util.test.junit.AutoTests" name="[49] /home/travis/build/icyphy/ptII/ptolemy/domains/modal/test/auto/ErrorTransition10.xml (RunModel)" time="0.042" />
  <testcase classname="ptolemy.util.test.junit.AutoTests" name="[50] /home/travis/build/icyphy/ptII/ptolemy/domains/modal/test/auto/ErrorTransition11.xml (RunModel)" time="0.038" />
  <testcase classname="ptolemy.util.test.junit.AutoTests" name="[51] /home/travis/build/icyphy/ptII/ptolemy/domains/modal/test/auto/ErrorTransition2.xml (RunModel)" time="0.022" />
  <testcase classname="ptolemy.util.test.junit.AutoTests" name="[52] /home/travis/build/icyphy/ptII/ptolemy/domains/modal/test/auto/ErrorTransition3.xml (RunModel)" time="0.025" />
  <testcase classname="ptolemy.util.test.junit.AutoTests" name="[53] /home/travis/build/icyphy/ptII/ptolemy/domains/modal/test/auto/ErrorTransition4.xml (RunModel)" time="0.028" />
  <testcase classname="ptolemy.util.test.junit.AutoTests" name="[54] /home/travis/build/icyphy/ptII/ptolemy/domains/modal/test/auto/ErrorTransition5.xml (RunModel)" time="0.027" />
  <testcase classname="ptolemy.util.test.junit.AutoTests" name="[55] /home/travis/build/icyphy/ptII/ptolemy/domains/modal/test/auto/ErrorTransition6.xml (RunModel)" time="0.03" />
  <testcase classname="ptolemy.util.test.junit.AutoTests" name="[56] /home/travis/build/icyphy/ptII/ptolemy/domains/modal/test/auto/ErrorTransition7.xml (RunModel)" time="0.033" />
  <testcase classname="ptolemy.util.test.junit.AutoTests" name="[57] /home/travis/build/icyphy/ptII/ptolemy/domains/modal/test/auto/ErrorTransition8.xml (RunModel)" time="0.077" />
  <testcase classname="ptolemy.util.test.junit.AutoTests" name="[58] /home/travis/build/icyphy/ptII/ptolemy/domains/modal/test/auto/ErrorTransition9.xml (RunModel)" time="0.04" />
  <testcase classname="ptolemy.util.test.junit.AutoTests" name="[59] /home/travis/build/icyphy/ptII/ptolemy/domains/modal/test/auto/ExtendedFSM.xml (RunModel)" time="0.018" />
  <testcase classname="ptolemy.util.test.junit.AutoTests" name="[60] /home/travis/build/icyphy/ptII/ptolemy/domains/modal/test/auto/FinalStates.xml (RunModel)" time="0.018" />
  <testcase classname="ptolemy.util.test.junit.AutoTests" name="[61] /home/travis/build/icyphy/ptII/ptolemy/domains/modal/test/auto/FixedPointFSM.xml (RunModel)" time="0.036" />
  <testcase classname="ptolemy.util.test.junit.AutoTests" name="[62] /home/travis/build/icyphy/ptII/ptolemy/domains/modal/test/auto/FixedPointIterationFSMActor.xml (RunModel)" time="0.027" />
  <testcase classname="ptolemy.util.test.junit.AutoTests" name="[63] /home/travis/build/icyphy/ptII/ptolemy/domains/modal/test/auto/FixedPointIterationFSMActor2.xml (RunModel)" time="0.063" />
  <testcase classname="ptolemy.util.test.junit.AutoTests" name="[64] /home/travis/build/icyphy/ptII/ptolemy/domains/modal/test/auto/ForbiddenInstantanousLoop.xml (RunModel)" time="0.061" />
  <testcase classname="ptolemy.util.test.junit.AutoTests" name="[65] /home/travis/build/icyphy/ptII/ptolemy/domains/modal/test/auto/FunctionDependencyOfFSMActorTest.xml (RunModel)" time="0.05" />
  <testcase classname="ptolemy.util.test.junit.AutoTests" name="[66] /home/travis/build/icyphy/ptII/ptolemy/domains/modal/test/auto/GuardExpression.xml (RunModel)" time="0.029" />
  <testcase classname="ptolemy.util.test.junit.AutoTests" name="[67] /home/travis/build/icyphy/ptII/ptolemy/domains/modal/test/auto/GuardNotEvaluated.xml (RunModel)" time="0.024" />
  <testcase classname="ptolemy.util.test.junit.AutoTests" name="[68] /home/travis/build/icyphy/ptII/ptolemy/domains/modal/test/auto/GuardNotEvaluated2.xml (RunModel)" time="0.02" />
  <testcase classname="ptolemy.util.test.junit.AutoTests" name="[69] /home/travis/build/icyphy/ptII/ptolemy/domains/modal/test/auto/GuardOnAbsent.xml (RunModel)" time="0.021" />
  <testcase classname="ptolemy.util.test.junit.AutoTests" name="[70] /home/travis/build/icyphy/ptII/ptolemy/domains/modal/test/auto/HierarchicalFSMTypeInference.xml (RunModel)" time="0.027" />
  <testcase classname="ptolemy.util.test.junit.AutoTests" name="[71] /home/travis/build/icyphy/ptII/ptolemy/domains/modal/test/auto/Hysteresis.xml (RunModel)" time="0.047" />
  <testcase classname="ptolemy.util.test.junit.AutoTests" name="[72] /home/travis/build/icyphy/ptII/ptolemy/domains/modal/test/auto/HysteresisWithDefault.xml (RunModel)" time="0.068" />
  <testcase classname="ptolemy.util.test.junit.AutoTests" name="[73] /home/travis/build/icyphy/ptII/ptolemy/domains/modal/test/auto/HysteresisWithDefault2.xml (RunModel)" time="0.066" />
  <testcase classname="ptolemy.util.test.junit.AutoTests" name="[74] /home/travis/build/icyphy/ptII/ptolemy/domains/modal/test/auto/ImmediateNonConstructiveness.xml (RunModel)" time="0.018" />
  <testcase classname="ptolemy.util.test.junit.AutoTests" name="[75] /home/travis/build/icyphy/ptII/ptolemy/domains/modal/test/auto/ImmediateNonConstructiveness2.xml (RunModel)" time="0.02" />
  <testcase classname="ptolemy.util.test.junit.AutoTests" name="[76] /home/travis/build/icyphy/ptII/ptolemy/domains/modal/test/auto/ImmediateTransitionReset.xml (RunModel)" time="0.03" />
  <testcase classname="ptolemy.util.test.junit.AutoTests" name="[77] /home/travis/build/icyphy/ptII/ptolemy/domains/modal/test/auto/ImmediateTransitions1.xml (RunModel)" time="0.018" />
  <testcase classname="ptolemy.util.test.junit.AutoTests" name="[78] /home/travis/build/icyphy/ptII/ptolemy/domains/modal/test/auto/ImmediateTransitionsInstantaneousCommunication.xml (RunModel)" time="0.034" />
  <testcase classname="ptolemy.util.test.junit.AutoTests" name="[79] /home/travis/build/icyphy/ptII/ptolemy/domains/modal/test/auto/InitialImmediateTransition.xml (RunModel)" time="0.018" />
  <testcase classname="ptolemy.util.test.junit.AutoTests" name="[80] /home/travis/build/icyphy/ptII/ptolemy/domains/modal/test/auto/InitialOutputs.xml (RunModel)" time="0.015" />
  <testcase classname="ptolemy.util.test.junit.AutoTests" name="[81] /home/travis/build/icyphy/ptII/ptolemy/domains/modal/test/auto/InitialStateTransition1.xml (RunModel)" time="0.027" />
  <testcase classname="ptolemy.util.test.junit.AutoTests" name="[82] /home/travis/build/icyphy/ptII/ptolemy/domains/modal/test/auto/InitialStateTransition2.xml (RunModel)" time="0.021" />
  <testcase classname="ptolemy.util.test.junit.AutoTests" name="[83] /home/travis/build/icyphy/ptII/ptolemy/domains/modal/test/auto/InitialStateTransition3.xml (RunModel)" time="0.027" />
  <testcase classname="ptolemy.util.test.junit.AutoTests" name="[84] /home/travis/build/icyphy/ptII/ptolemy/domains/modal/test/auto/InitialStateTransition4.xml (RunModel)" time="0.024" />
  <testcase classname="ptolemy.util.test.junit.AutoTests" name="[85] /home/travis/build/icyphy/ptII/ptolemy/domains/modal/test/auto/MalformedGuardExpressionNotCaught.xml (RunModel)" time="0.022" />
  <testcase classname="ptolemy.util.test.junit.AutoTests" name="[86] /home/travis/build/icyphy/ptII/ptolemy/domains/modal/test/auto/ModalBSC.xml (RunModel)" time="0.092" />
  <testcase classname="ptolemy.util.test.junit.AutoTests" name="[87] /home/travis/build/icyphy/ptII/ptolemy/domains/modal/test/auto/ModalClocks.xml (RunModel)" time="0.077" />
  <testcase classname="ptolemy.util.test.junit.AutoTests" name="[88] /home/travis/build/icyphy/ptII/ptolemy/domains/modal/test/auto/ModalDelay.xml (RunModel)" time="0.053" />
  <testcase classname="ptolemy.util.test.junit.AutoTests" name="[89] /home/travis/build/icyphy/ptII/ptolemy/domains/modal/test/auto/ModalDelay2.xml (RunModel)" time="0.034" />
  <testcase classname="ptolemy.util.test.junit.AutoTests" name="[90] /home/travis/build/icyphy/ptII/ptolemy/domains/modal/test/auto/ModalModelFromMemo.xml (RunModel)" time="0.059" />
  <testcase classname="ptolemy.util.test.junit.AutoTests" name="[91] /home/travis/build/icyphy/ptII/ptolemy/domains/modal/test/auto/ModalModelWithMultirateTransient.xml (RunModel)" time="0.047" />
  <testcase classname="ptolemy.util.test.junit.AutoTests" name="[92] /home/travis/build/icyphy/ptII/ptolemy/domains/modal/test/auto/ModalModelWithReset.xml (RunModel)" time="0.034" />
  <testcase classname="ptolemy.util.test.junit.AutoTests" name="[93] /home/travis/build/icyphy/ptII/ptolemy/domains/modal/test/auto/MouseClickFSM.xml (RunModel)" time="0.04" />
  <testcase classname="ptolemy.util.test.junit.AutoTests" name="[94] /home/travis/build/icyphy/ptII/ptolemy/domains/modal/test/auto/MouseClickFSMModal.xml (RunModel)" time="0.036" />
  <testcase classname="ptolemy.util.test.junit.AutoTests" name="[95] /home/travis/build/icyphy/ptII/ptolemy/domains/modal/test/auto/NonStrictFSM_FeedbackLoop.xml (RunModel)" time="0.054" />
  <testcase classname="ptolemy.util.test.junit.AutoTests" name="[96] /home/travis/build/icyphy/ptII/ptolemy/domains/modal/test/auto/NonStrictFSM_FeedbackLoop_Refinement.xml (RunModel)" time="0.061" />
  <testcase classname="ptolemy.util.test.junit.AutoTests" name="[97] /home/travis/build/icyphy/ptII/ptolemy/domains/modal/test/auto/NonStrictFSM_FeedbackLoop_preemptive.xml (RunModel)" time="0.039" />
  <testcase classname="ptolemy.util.test.junit.AutoTests" name="[98] /home/travis/build/icyphy/ptII/ptolemy/domains/modal/test/auto/NormalTermination.xml (RunModel)" time="0.045" />
  <testcase classname="ptolemy.util.test.junit.AutoTests" name="[99] /home/travis/build/icyphy/ptII/ptolemy/domains/modal/test/auto/Pong.xml (RunModel)" time="0.068" />
  <testcase classname="ptolemy.util.test.junit.AutoTests" name="[100] /home/travis/build/icyphy/ptII/ptolemy/domains/modal/test/auto/Pong_test.xml (RunModel)" time="0.097" />
  <testcase classname="ptolemy.util.test.junit.AutoTests" name="[101] /home/travis/build/icyphy/ptII/ptolemy/domains/modal/test/auto/PreemptionHierarchy.xml (RunModel)" time="0.025" />
  <testcase classname="ptolemy.util.test.junit.AutoTests" name="[102] /home/travis/build/icyphy/ptII/ptolemy/domains/modal/test/auto/PreemptionHierarchy2.xml (RunModel)" time="0.032" />
  <testcase classname="ptolemy.util.test.junit.AutoTests" name="[103] /home/travis/build/icyphy/ptII/ptolemy/domains/modal/test/auto/PreemptiveTransition.xml (RunModel)" time="0.021" />
  <testcase classname="ptolemy.util.test.junit.AutoTests" name="[104] /home/travis/build/icyphy/ptII/ptolemy/domains/modal/test/auto/Priorities.xml (RunModel)" time="0.073" />
  <testcase classname="ptolemy.util.test.junit.AutoTests" name="[105] /home/travis/build/icyphy/ptII/ptolemy/domains/modal/test/auto/ResetFinal.xml (RunModel)" time="0.044" />
  <testcase classname="ptolemy.util.test.junit.AutoTests" name="[106] /home/travis/build/icyphy/ptII/ptolemy/domains/modal/test/auto/ResetFinal2.xml (RunModel)" time="0.029" />
  <testcase classname="ptolemy.util.test.junit.AutoTests" name="[107] /home/travis/build/icyphy/ptII/ptolemy/domains/modal/test/auto/ResetTransitionWithStartTime.xml (RunModel)" time="0.032" />
  <testcase classname="ptolemy.util.test.junit.AutoTests" name="[108] /home/travis/build/icyphy/ptII/ptolemy/domains/modal/test/auto/SDF-FSMComposite.xml (RunModel)" time="0.021" />
  <testcase classname="ptolemy.util.test.junit.AutoTests" name="[109] /home/travis/build/icyphy/ptII/ptolemy/domains/modal/test/auto/SeeminglyNondeterminate.xml (RunModel)" time="0.068" />
  <testcase classname="ptolemy.util.test.junit.AutoTests" name="[110] /home/travis/build/icyphy/ptII/ptolemy/domains/modal/test/auto/SeeminglyNondeterminate2.xml (RunModel)" time="0.07" />
  <testcase classname="ptolemy.util.test.junit.AutoTests" name="[111] /home/travis/build/icyphy/ptII/ptolemy/domains/modal/test/auto/SpontaneousFSM.xml (RunModel)" time="0.041" />
  <testcase classname="ptolemy.util.test.junit.AutoTests" name="[112] /home/travis/build/icyphy/ptII/ptolemy/domains/modal/test/auto/SpontaneousFSM2.xml (RunModel)" time="0.028" />
  <testcase classname="ptolemy.util.test.junit.AutoTests" name="[113] /home/travis/build/icyphy/ptII/ptolemy/domains/modal/test/auto/SpontaneousFSM3.xml (RunModel)" time="0.036" />
  <testcase classname="ptolemy.util.test.junit.AutoTests" name="[114] /home/travis/build/icyphy/ptII/ptolemy/domains/modal/test/auto/SpontaneousFSM4.xml (RunModel)" time="0.055" />
  <testcase classname="ptolemy.util.test.junit.AutoTests" name="[115] /home/travis/build/icyphy/ptII/ptolemy/domains/modal/test/auto/StateTrackerTest.xml (RunModel)" time="0.064" />
  <testcase classname="ptolemy.util.test.junit.AutoTests" name="[116] /home/travis/build/icyphy/ptII/ptolemy/domains/modal/test/auto/StrongImmediateTransition.xml (RunModel)" time="0.024" />
  <testcase classname="ptolemy.util.test.junit.AutoTests" name="[117] /home/travis/build/icyphy/ptII/ptolemy/domains/modal/test/auto/SustainHierarchy.xml (RunModel)" time="0.068" />
  <testcase classname="ptolemy.util.test.junit.AutoTests" name="[118] /home/travis/build/icyphy/ptII/ptolemy/domains/modal/test/auto/TerminationTransition1.xml (RunModel)" time="0.05" />
  <testcase classname="ptolemy.util.test.junit.AutoTests" name="[119] /home/travis/build/icyphy/ptII/ptolemy/domains/modal/test/auto/TerminationTransition2.xml (RunModel)" time="0.068" />
  <testcase classname="ptolemy.util.test.junit.AutoTests" name="[120] /home/travis/build/icyphy/ptII/ptolemy/domains/modal/test/auto/TerminationTransition3.xml (RunModel)" time="0.044" />
  <testcase classname="ptolemy.util.test.junit.AutoTests" name="[121] /home/travis/build/icyphy/ptII/ptolemy/domains/modal/test/auto/TerminationTransition4.xml (RunModel)" time="0.037" />
  <testcase classname="ptolemy.util.test.junit.AutoTests" name="[122] /home/travis/build/icyphy/ptII/ptolemy/domains/modal/test/auto/TerminationTransition5.xml (RunModel)" time="0.034" />
  <testcase classname="ptolemy.util.test.junit.AutoTests" name="[123] /home/travis/build/icyphy/ptII/ptolemy/domains/modal/test/auto/TerminationTransition6.xml (RunModel)" time="0.029" />
  <testcase classname="ptolemy.util.test.junit.AutoTests" name="[124] /home/travis/build/icyphy/ptII/ptolemy/domains/modal/test/auto/TerminationTransition7.xml (RunModel)" time="0.021" />
  <testcase classname="ptolemy.util.test.junit.AutoTests" name="[125] /home/travis/build/icyphy/ptII/ptolemy/domains/modal/test/auto/TerminationTransition8.xml (RunModel)" time="0.022" />
  <testcase classname="ptolemy.util.test.junit.AutoTests" name="[126] /home/travis/build/icyphy/ptII/ptolemy/domains/modal/test/auto/Thermostat_NoHysteresis.xml (RunModel)" time="0.052" />
  <testcase classname="ptolemy.util.test.junit.AutoTests" name="[127] /home/travis/build/icyphy/ptII/ptolemy/domains/modal/test/auto/TimedFSM.xml (RunModel)" time="0.031" />
  <testcase classname="ptolemy.util.test.junit.AutoTests" name="[128] /home/travis/build/icyphy/ptII/ptolemy/domains/modal/test/auto/Timeout1.xml (RunModel)" time="0.017" />
  <testcase classname="ptolemy.util.test.junit.AutoTests" name="[129] /home/travis/build/icyphy/ptII/ptolemy/domains/modal/test/auto/Timeout2.xml (RunModel)" time="0.018" />
  <testcase classname="ptolemy.util.test.junit.AutoTests" name="[130] /home/travis/build/icyphy/ptII/ptolemy/domains/modal/test/auto/Timeout3.xml (RunModel)" time="0.015" />
  <testcase classname="ptolemy.util.test.junit.AutoTests" name="[131] /home/travis/build/icyphy/ptII/ptolemy/domains/modal/test/auto/Timeout4.xml (RunModel)" time="0.013" />
  <testcase classname="ptolemy.util.test.junit.AutoTests" name="[132] /home/travis/build/icyphy/ptII/ptolemy/domains/modal/test/auto/TransientstateModelAdvanced.xml (RunModel)" time="0.027" />
  <testcase classname="ptolemy.util.test.junit.AutoTests" name="[133] /home/travis/build/icyphy/ptII/ptolemy/domains/modal/test/auto/TransientstateModelAdvanced2.xml (RunModel)" time="0.035" />
  <testcase classname="ptolemy.util.test.junit.AutoTests" name="[134] /home/travis/build/icyphy/ptII/ptolemy/domains/modal/test/auto/TransitionRefinements.xml (RunModel)" time="0.026" />
  <testcase classname="ptolemy.util.test.junit.AutoTests" name="[135] /home/travis/build/icyphy/ptII/ptolemy/domains/modal/test/auto/TwoRefinements1.xml (RunModel)" time="0.024" />
  <testcase classname="ptolemy.util.test.junit.AutoTests" name="[136] /home/travis/build/icyphy/ptII/ptolemy/domains/modal/test/auto/TwoRefinements2.xml (RunModel)" time="0.024" />
  <testcase classname="ptolemy.util.test.junit.AutoTests" name="[137] /home/travis/build/icyphy/ptII/ptolemy/domains/modal/test/auto/WeakImmediateTransition.xml (RunModel)" time="0.029" />
  <testcase classname="ptolemy.util.test.junit.AutoTests" name="[138] /home/travis/build/icyphy/ptII/ptolemy/domains/modal/test/auto/booleanSelect.xml (RunModel)" time="0.064" />
  <testcase classname="ptolemy.util.test.junit.AutoTests" name="[139] /home/travis/build/icyphy/ptII/ptolemy/domains/modal/test/auto/modalChangingParams.xml (RunModel)" time="0.252" />
  <testcase classname="ptolemy.util.test.junit.AutoTests" name="[140] /home/travis/build/icyphy/ptII/ptolemy/domains/modal/test/auto/modalModel.xml (RunModel)" time="0.019" />
  <testcase classname="ptolemy.util.test.junit.AutoTests" name="[141] /home/travis/build/icyphy/ptII/ptolemy/domains/modal/test/auto/modalModel2.xml (RunModel)" time="0.024" />
  <testcase classname="ptolemy.util.test.junit.AutoTests" name="[142] /home/travis/build/icyphy/ptII/ptolemy/domains/modal/test/auto/modalModel3.xml (RunModel)" time="0.034" />
  <testcase classname="ptolemy.util.test.junit.AutoTests" name="[143] /home/travis/build/icyphy/ptII/ptolemy/domains/modal/test/auto/model1.xml (RunModel)" time="0.017" />
  <testcase classname="ptolemy.util.test.junit.AutoTests" name="[144] /home/travis/build/icyphy/ptII/ptolemy/domains/modal/test/auto/test-direct-in-out.xml (RunModel)" time="0.026" />
  <system-out><![CDATA[/home/travis/build/icyphy/ptII/ptolemy/domains/modal/test/SystemLevelType.tcl
testDefs.tcl: setting time out to 9000 seconds at Wed Aug 22 02:01:33 UTC 2018
08/22/18 02:01:35
Failed: 0  Total Tests: 1  ((Passed: 1, Newly Passed: 0)  Known Failed: 0) /home/travis/build/icyphy/ptII/ptolemy/domains/modal/test
----------------- testing (KnownFailure) /home/travis/build/icyphy/ptII/ptolemy/domains/modal/test/auto/knownFailedTests/CannotAnalysisWithPreemption.xml
60 ms. Memory: 208384K Free: 186047K (89%)
Known Failure: java.lang.reflect.InvocationTargetException
No auto/linux-amd64/*.xml tests in /home/travis/build/icyphy/ptII/ptolemy/domains/modal/test
AutoTests.java: About to close Vertx.
AutoTests.java: Vertx closed.

===========================================================================================
----------------- testing Wed Aug 22 02:01:35 UTC 2018 /home/travis/build/icyphy/ptII/ptolemy/domains/modal/test/auto/ABPTest.xml
----------------- Instantiating /home/travis/build/icyphy/ptII/ptolemy/domains/modal/test/auto/ABPTest.xml
295 ms. Memory: 332288K Free: 292821K (88%)
----------------- Invoking toplevel() on ptolemy.moml.MoMLSimpleApplication@ca8607b
----------------- Done invoking toplevel() on ptolemy.moml.MoMLSimpleApplication@ca8607b
reloadAllAccessors: .ABPTest

===========================================================================================
----------------- testing Wed Aug 22 02:01:36 UTC 2018 /home/travis/build/icyphy/ptII/ptolemy/domains/modal/test/auto/ABROFlat.xml
----------------- Instantiating /home/travis/build/icyphy/ptII/ptolemy/domains/modal/test/auto/ABROFlat.xml
20 ms. Memory: 332288K Free: 270588K (81%)
----------------- Invoking toplevel() on ptolemy.moml.MoMLSimpleApplication@68f207aa
----------------- Done invoking toplevel() on ptolemy.moml.MoMLSimpleApplication@68f207aa
reloadAllAccessors: .ABROFlat

===========================================================================================
----------------- testing Wed Aug 22 02:01:36 UTC 2018 /home/travis/build/icyphy/ptII/ptolemy/domains/modal/test/auto/ABROFlat2.xml
----------------- Instantiating /home/travis/build/icyphy/ptII/ptolemy/domains/modal/test/auto/ABROFlat2.xml
14 ms. Memory: 332288K Free: 252630K (76%)
----------------- Invoking toplevel() on ptolemy.moml.MoMLSimpleApplication@3d13e9bd
----------------- Done invoking toplevel() on ptolemy.moml.MoMLSimpleApplication@3d13e9bd
reloadAllAccessors: .ABROFlat2

===========================================================================================
----------------- testing Wed Aug 22 02:01:36 UTC 2018 /home/travis/build/icyphy/ptII/ptolemy/domains/modal/test/auto/ABRO_present_hmm.xml
----------------- Instantiating /home/travis/build/icyphy/ptII/ptolemy/domains/modal/test/auto/ABRO_present_hmm.xml
30 ms. Memory: 332288K Free: 219964K (66%)
----------------- Invoking toplevel() on ptolemy.moml.MoMLSimpleApplication@1c2bcff8
----------------- Done invoking toplevel() on ptolemy.moml.MoMLSimpleApplication@1c2bcff8
reloadAllAccessors: .ABRO_present_hmm

===========================================================================================
----------------- testing Wed Aug 22 02:01:36 UTC 2018 /home/travis/build/icyphy/ptII/ptolemy/domains/modal/test/auto/AMICoderExample.xml
----------------- Instantiating /home/travis/build/icyphy/ptII/ptolemy/domains/modal/test/auto/AMICoderExample.xml
22 ms. Memory: 332288K Free: 208542K (63%)
----------------- Invoking toplevel() on ptolemy.moml.MoMLSimpleApplication@60cd6f08
----------------- Done invoking toplevel() on ptolemy.moml.MoMLSimpleApplication@60cd6f08
reloadAllAccessors: .AMICoderExample

===========================================================================================
----------------- testing Wed Aug 22 02:01:36 UTC 2018 /home/travis/build/icyphy/ptII/ptolemy/domains/modal/test/auto/AbsentToPresent.xml
----------------- Instantiating /home/travis/build/icyphy/ptII/ptolemy/domains/modal/test/auto/AbsentToPresent.xml
6 ms. Memory: 332288K Free: 200200K (60%)
----------------- Invoking toplevel() on ptolemy.moml.MoMLSimpleApplication@29eb7b35
----------------- Done invoking toplevel() on ptolemy.moml.MoMLSimpleApplication@29eb7b35
reloadAllAccessors: .AbsentToPresent

===========================================================================================
----------------- testing Wed Aug 22 02:01:36 UTC 2018 /home/travis/build/icyphy/ptII/ptolemy/domains/modal/test/auto/Blending.xml
----------------- Instantiating /home/travis/build/icyphy/ptII/ptolemy/domains/modal/test/auto/Blending.xml
160 ms. Memory: 332288K Free: 149414K (45%)
----------------- Invoking toplevel() on ptolemy.moml.MoMLSimpleApplication@400e773
----------------- Done invoking toplevel() on ptolemy.moml.MoMLSimpleApplication@400e773
reloadAllAccessors: .Blending

===========================================================================================
----------------- testing Wed Aug 22 02:01:37 UTC 2018 /home/travis/build/icyphy/ptII/ptolemy/domains/modal/test/auto/Broadcast.xml
----------------- Instantiating /home/travis/build/icyphy/ptII/ptolemy/domains/modal/test/auto/Broadcast.xml
6 ms. Memory: 332288K Free: 136323K (41%)
----------------- Invoking toplevel() on ptolemy.moml.MoMLSimpleApplication@4a08aeb
----------------- Done invoking toplevel() on ptolemy.moml.MoMLSimpleApplication@4a08aeb
reloadAllAccessors: .Broadcast

===========================================================================================
----------------- testing Wed Aug 22 02:01:37 UTC 2018 /home/travis/build/icyphy/ptII/ptolemy/domains/modal/test/auto/BroadcastHierarchy.xml
----------------- Instantiating /home/travis/build/icyphy/ptII/ptolemy/domains/modal/test/auto/BroadcastHierarchy.xml
13 ms. Memory: 332288K Free: 118356K (36%)
----------------- Invoking toplevel() on ptolemy.moml.MoMLSimpleApplication@1b88583c
----------------- Done invoking toplevel() on ptolemy.moml.MoMLSimpleApplication@1b88583c
reloadAllAccessors: .BroadcastHierarchy

===========================================================================================
----------------- testing Wed Aug 22 02:01:37 UTC 2018 /home/travis/build/icyphy/ptII/ptolemy/domains/modal/test/auto/BroadcastHierarchy2.xml
----------------- Instantiating /home/travis/build/icyphy/ptII/ptolemy/domains/modal/test/auto/BroadcastHierarchy2.xml
27 ms. Memory: 332288K Free: 82399K (25%)
----------------- Invoking toplevel() on ptolemy.moml.MoMLSimpleApplication@a30ce83
----------------- Done invoking toplevel() on ptolemy.moml.MoMLSimpleApplication@a30ce83
reloadAllAccessors: .BroadcastHierarchy2

===========================================================================================
----------------- testing Wed Aug 22 02:01:37 UTC 2018 /home/travis/build/icyphy/ptII/ptolemy/domains/modal/test/auto/BroadcastHierarchy3.xml
----------------- Instantiating /home/travis/build/icyphy/ptII/ptolemy/domains/modal/test/auto/BroadcastHierarchy3.xml
22 ms. Memory: 333824K Free: 299981K (90%)
----------------- Invoking toplevel() on ptolemy.moml.MoMLSimpleApplication@603ca7b7
----------------- Done invoking toplevel() on ptolemy.moml.MoMLSimpleApplication@603ca7b7
reloadAllAccessors: .BroadcastHierarchy3

===========================================================================================
----------------- testing Wed Aug 22 02:01:37 UTC 2018 /home/travis/build/icyphy/ptII/ptolemy/domains/modal/test/auto/BroadcastHierarchy4.xml
----------------- Instantiating /home/travis/build/icyphy/ptII/ptolemy/domains/modal/test/auto/BroadcastHierarchy4.xml
19 ms. Memory: 333824K Free: 265027K (79%)
----------------- Invoking toplevel() on ptolemy.moml.MoMLSimpleApplication@1740155
----------------- Done invoking toplevel() on ptolemy.moml.MoMLSimpleApplication@1740155
reloadAllAccessors: .BroadcastHierarchy4

===========================================================================================
----------------- testing Wed Aug 22 02:01:37 UTC 2018 /home/travis/build/icyphy/ptII/ptolemy/domains/modal/test/auto/CannotAnalysisWithPreemption2.xml
----------------- Instantiating /home/travis/build/icyphy/ptII/ptolemy/domains/modal/test/auto/CannotAnalysisWithPreemption2.xml
4 ms. Memory: 333824K Free: 255258K (76%)
----------------- Invoking toplevel() on ptolemy.moml.MoMLSimpleApplication@1f9078af
----------------- Done invoking toplevel() on ptolemy.moml.MoMLSimpleApplication@1f9078af
reloadAllAccessors: .CannotAnalysisWithPreemption2

===========================================================================================
----------------- testing Wed Aug 22 02:01:37 UTC 2018 /home/travis/build/icyphy/ptII/ptolemy/domains/modal/test/auto/CannotAnalysisWithPreemption3.xml
----------------- Instantiating /home/travis/build/icyphy/ptII/ptolemy/domains/modal/test/auto/CannotAnalysisWithPreemption3.xml
5 ms. Memory: 333824K Free: 242201K (73%)
----------------- Invoking toplevel() on ptolemy.moml.MoMLSimpleApplication@1748646f
----------------- Done invoking toplevel() on ptolemy.moml.MoMLSimpleApplication@1748646f
reloadAllAccessors: .CannotAnalysisWithPreemption3

===========================================================================================
----------------- testing Wed Aug 22 02:01:37 UTC 2018 /home/travis/build/icyphy/ptII/ptolemy/domains/modal/test/auto/CannotProduce.xml
----------------- Instantiating /home/travis/build/icyphy/ptII/ptolemy/domains/modal/test/auto/CannotProduce.xml
16 ms. Memory: 333824K Free: 233386K (70%)
----------------- Invoking toplevel() on ptolemy.moml.MoMLSimpleApplication@59c3c688
----------------- Done invoking toplevel() on ptolemy.moml.MoMLSimpleApplication@59c3c688
reloadAllAccessors: .CannotProduce

===========================================================================================
----------------- testing Wed Aug 22 02:01:37 UTC 2018 /home/travis/build/icyphy/ptII/ptolemy/domains/modal/test/auto/CannotProduceModal.xml
----------------- Instantiating /home/travis/build/icyphy/ptII/ptolemy/domains/modal/test/auto/CannotProduceModal.xml
10 ms. Memory: 333824K Free: 225197K (67%)
----------------- Invoking toplevel() on ptolemy.moml.MoMLSimpleApplication@1f7d4fc3
----------------- Done invoking toplevel() on ptolemy.moml.MoMLSimpleApplication@1f7d4fc3
reloadAllAccessors: .CannotProduceModal

===========================================================================================
----------------- testing Wed Aug 22 02:01:37 UTC 2018 /home/travis/build/icyphy/ptII/ptolemy/domains/modal/test/auto/Case.xml
----------------- Instantiating /home/travis/build/icyphy/ptII/ptolemy/domains/modal/test/auto/Case.xml
34 ms. Memory: 333824K Free: 212147K (64%)
----------------- Invoking toplevel() on ptolemy.moml.MoMLSimpleApplication@56c20a20
----------------- Done invoking toplevel() on ptolemy.moml.MoMLSimpleApplication@56c20a20
reloadAllAccessors: .Case

===========================================================================================
----------------- testing Wed Aug 22 02:01:37 UTC 2018 /home/travis/build/icyphy/ptII/ptolemy/domains/modal/test/auto/Case1.xml
----------------- Instantiating /home/travis/build/icyphy/ptII/ptolemy/domains/modal/test/auto/Case1.xml
5 ms. Memory: 333824K Free: 201665K (60%)
----------------- Invoking toplevel() on ptolemy.moml.MoMLSimpleApplication@725f8efe
----------------- Done invoking toplevel() on ptolemy.moml.MoMLSimpleApplication@725f8efe
reloadAllAccessors: .Case1

===========================================================================================
----------------- testing Wed Aug 22 02:01:37 UTC 2018 /home/travis/build/icyphy/ptII/ptolemy/domains/modal/test/auto/Case2.xml
----------------- Instantiating /home/travis/build/icyphy/ptII/ptolemy/domains/modal/test/auto/Case2.xml
26 ms. Memory: 333824K Free: 190220K (57%)
----------------- Invoking toplevel() on ptolemy.moml.MoMLSimpleApplication@173e573f
----------------- Done invoking toplevel() on ptolemy.moml.MoMLSimpleApplication@173e573f
reloadAllAccessors: .Case2

===========================================================================================
----------------- testing Wed Aug 22 02:01:37 UTC 2018 /home/travis/build/icyphy/ptII/ptolemy/domains/modal/test/auto/CausalityInterface1.xml
----------------- Instantiating /home/travis/build/icyphy/ptII/ptolemy/domains/modal/test/auto/CausalityInterface1.xml
4 ms. Memory: 333824K Free: 183699K (55%)
----------------- Invoking toplevel() on ptolemy.moml.MoMLSimpleApplication@3fcb355d
----------------- Done invoking toplevel() on ptolemy.moml.MoMLSimpleApplication@3fcb355d
reloadAllAccessors: .CausalityInterface1

===========================================================================================
----------------- testing Wed Aug 22 02:01:37 UTC 2018 /home/travis/build/icyphy/ptII/ptolemy/domains/modal/test/auto/CausalityInterface10.xml
----------------- Instantiating /home/travis/build/icyphy/ptII/ptolemy/domains/modal/test/auto/CausalityInterface10.xml
17 ms. Memory: 333824K Free: 165092K (49%)
----------------- Invoking toplevel() on ptolemy.moml.MoMLSimpleApplication@749fadec
----------------- Done invoking toplevel() on ptolemy.moml.MoMLSimpleApplication@749fadec
reloadAllAccessors: .CausalityInterface10

===========================================================================================
----------------- testing Wed Aug 22 02:01:37 UTC 2018 /home/travis/build/icyphy/ptII/ptolemy/domains/modal/test/auto/CausalityInterface11.xml
----------------- Instantiating /home/travis/build/icyphy/ptII/ptolemy/domains/modal/test/auto/CausalityInterface11.xml
10 ms. Memory: 333824K Free: 148770K (45%)
----------------- Invoking toplevel() on ptolemy.moml.MoMLSimpleApplication@e7da032
----------------- Done invoking toplevel() on ptolemy.moml.MoMLSimpleApplication@e7da032
reloadAllAccessors: .CausalityInterface11

===========================================================================================
----------------- testing Wed Aug 22 02:01:37 UTC 2018 /home/travis/build/icyphy/ptII/ptolemy/domains/modal/test/auto/CausalityInterface12.xml
----------------- Instantiating /home/travis/build/icyphy/ptII/ptolemy/domains/modal/test/auto/CausalityInterface12.xml
4 ms. Memory: 333824K Free: 132424K (40%)
----------------- Invoking toplevel() on ptolemy.moml.MoMLSimpleApplication@205ee5ef
----------------- Done invoking toplevel() on ptolemy.moml.MoMLSimpleApplication@205ee5ef
reloadAllAccessors: .CausalityInterface12

===========================================================================================
----------------- testing Wed Aug 22 02:01:38 UTC 2018 /home/travis/build/icyphy/ptII/ptolemy/domains/modal/test/auto/CausalityInterface13.xml
----------------- Instantiating /home/travis/build/icyphy/ptII/ptolemy/domains/modal/test/auto/CausalityInterface13.xml
5 ms. Memory: 333824K Free: 113784K (34%)
----------------- Invoking toplevel() on ptolemy.moml.MoMLSimpleApplication@26549fd0
----------------- Done invoking toplevel() on ptolemy.moml.MoMLSimpleApplication@26549fd0
reloadAllAccessors: .CausalityInterface13

===========================================================================================
----------------- testing Wed Aug 22 02:01:38 UTC 2018 /home/travis/build/icyphy/ptII/ptolemy/domains/modal/test/auto/CausalityInterface14.xml
----------------- Instantiating /home/travis/build/icyphy/ptII/ptolemy/domains/modal/test/auto/CausalityInterface14.xml
5 ms. Memory: 333824K Free: 97438K (29%)
----------------- Invoking toplevel() on ptolemy.moml.MoMLSimpleApplication@1ce2ba69
----------------- Done invoking toplevel() on ptolemy.moml.MoMLSimpleApplication@1ce2ba69
reloadAllAccessors: .CausalityInterface14

===========================================================================================
----------------- testing Wed Aug 22 02:01:38 UTC 2018 /home/travis/build/icyphy/ptII/ptolemy/domains/modal/test/auto/CausalityInterface2.xml
----------------- Instantiating /home/travis/build/icyphy/ptII/ptolemy/domains/modal/test/auto/CausalityInterface2.xml
3 ms. Memory: 333824K Free: 89281K (27%)
----------------- Invoking toplevel() on ptolemy.moml.MoMLSimpleApplication@38968f22
----------------- Done invoking toplevel() on ptolemy.moml.MoMLSimpleApplication@38968f22
reloadAllAccessors: .CausalityInterface2

===========================================================================================
----------------- testing Wed Aug 22 02:01:38 UTC 2018 /home/travis/build/icyphy/ptII/ptolemy/domains/modal/test/auto/CausalityInterface3.xml
----------------- Instantiating /home/travis/build/icyphy/ptII/ptolemy/domains/modal/test/auto/CausalityInterface3.xml
4 ms. Memory: 333824K Free: 79439K (24%)
----------------- Invoking toplevel() on ptolemy.moml.MoMLSimpleApplication@6990ede
----------------- Done invoking toplevel() on ptolemy.moml.MoMLSimpleApplication@6990ede
reloadAllAccessors: .CausalityInterface3

===========================================================================================
----------------- testing Wed Aug 22 02:01:38 UTC 2018 /home/travis/build/icyphy/ptII/ptolemy/domains/modal/test/auto/CausalityInterface4.xml
----------------- Instantiating /home/travis/build/icyphy/ptII/ptolemy/domains/modal/test/auto/CausalityInterface4.xml
7 ms. Memory: 578560K Free: 558806K (97%)
----------------- Invoking toplevel() on ptolemy.moml.MoMLSimpleApplication@47852dbf
----------------- Done invoking toplevel() on ptolemy.moml.MoMLSimpleApplication@47852dbf
reloadAllAccessors: .CausalityInterface4

===========================================================================================
----------------- testing Wed Aug 22 02:01:38 UTC 2018 /home/travis/build/icyphy/ptII/ptolemy/domains/modal/test/auto/CausalityInterface5.xml
----------------- Instantiating /home/travis/build/icyphy/ptII/ptolemy/domains/modal/test/auto/CausalityInterface5.xml
4 ms. Memory: 578560K Free: 542620K (94%)
----------------- Invoking toplevel() on ptolemy.moml.MoMLSimpleApplication@6b04f5e6
----------------- Done invoking toplevel() on ptolemy.moml.MoMLSimpleApplication@6b04f5e6
reloadAllAccessors: .CausalityInterface5

===========================================================================================
----------------- testing Wed Aug 22 02:01:38 UTC 2018 /home/travis/build/icyphy/ptII/ptolemy/domains/modal/test/auto/CausalityInterface6.xml
----------------- Instantiating /home/travis/build/icyphy/ptII/ptolemy/domains/modal/test/auto/CausalityInterface6.xml
2 ms. Memory: 578560K Free: 519578K (90%)
----------------- Invoking toplevel() on ptolemy.moml.MoMLSimpleApplication@12eb8ad1
----------------- Done invoking toplevel() on ptolemy.moml.MoMLSimpleApplication@12eb8ad1
reloadAllAccessors: .CausalityInterface6

===========================================================================================
----------------- testing Wed Aug 22 02:01:38 UTC 2018 /home/travis/build/icyphy/ptII/ptolemy/domains/modal/test/auto/CausalityInterface7.xml
----------------- Instantiating /home/travis/build/icyphy/ptII/ptolemy/domains/modal/test/auto/CausalityInterface7.xml
3 ms. Memory: 578560K Free: 506553K (88%)
----------------- Invoking toplevel() on ptolemy.moml.MoMLSimpleApplication@4e9dbed
----------------- Done invoking toplevel() on ptolemy.moml.MoMLSimpleApplication@4e9dbed
reloadAllAccessors: .CausalityInterface7

===========================================================================================
----------------- testing Wed Aug 22 02:01:38 UTC 2018 /home/travis/build/icyphy/ptII/ptolemy/domains/modal/test/auto/CausalityInterface8.xml
----------------- Instantiating /home/travis/build/icyphy/ptII/ptolemy/domains/modal/test/auto/CausalityInterface8.xml
4 ms. Memory: 578560K Free: 493511K (85%)
----------------- Invoking toplevel() on ptolemy.moml.MoMLSimpleApplication@61bd59da
----------------- Done invoking toplevel() on ptolemy.moml.MoMLSimpleApplication@61bd59da
reloadAllAccessors: .CausalityInterface8

===========================================================================================
----------------- testing Wed Aug 22 02:01:38 UTC 2018 /home/travis/build/icyphy/ptII/ptolemy/domains/modal/test/auto/CausalityInterface9.xml
----------------- Instantiating /home/travis/build/icyphy/ptII/ptolemy/domains/modal/test/auto/CausalityInterface9.xml
7 ms. Memory: 578560K Free: 477341K (83%)
----------------- Invoking toplevel() on ptolemy.moml.MoMLSimpleApplication@77e46654
----------------- Done invoking toplevel() on ptolemy.moml.MoMLSimpleApplication@77e46654
reloadAllAccessors: .CausalityInterface9

===========================================================================================
----------------- testing Wed Aug 22 02:01:38 UTC 2018 /home/travis/build/icyphy/ptII/ptolemy/domains/modal/test/auto/ChainedTransitions.xml
----------------- Instantiating /home/travis/build/icyphy/ptII/ptolemy/domains/modal/test/auto/ChainedTransitions.xml
88 ms. Memory: 578560K Free: 448018K (77%)
----------------- Invoking toplevel() on ptolemy.moml.MoMLSimpleApplication@7bc8895c
----------------- Done invoking toplevel() on ptolemy.moml.MoMLSimpleApplication@7bc8895c
reloadAllAccessors: .ChainedTransitions

===========================================================================================
----------------- testing Wed Aug 22 02:01:38 UTC 2018 /home/travis/build/icyphy/ptII/ptolemy/domains/modal/test/auto/CycleOfImmediateTransitionsFSM.xml
----------------- Instantiating /home/travis/build/icyphy/ptII/ptolemy/domains/modal/test/auto/CycleOfImmediateTransitionsFSM.xml
2 ms. Memory: 578560K Free: 438248K (76%)
----------------- Invoking toplevel() on ptolemy.moml.MoMLSimpleApplication@6895e5c5
----------------- Done invoking toplevel() on ptolemy.moml.MoMLSimpleApplication@6895e5c5
reloadAllAccessors: .CycleOfImmediateTransitionsFSM

===========================================================================================
----------------- testing Wed Aug 22 02:01:38 UTC 2018 /home/travis/build/icyphy/ptII/ptolemy/domains/modal/test/auto/CycleOfImmediateTransitionsModal.xml
----------------- Instantiating /home/travis/build/icyphy/ptII/ptolemy/domains/modal/test/auto/CycleOfImmediateTransitionsModal.xml
4 ms. Memory: 578560K Free: 428463K (74%)
----------------- Invoking toplevel() on ptolemy.moml.MoMLSimpleApplication@4fd57e08
----------------- Done invoking toplevel() on ptolemy.moml.MoMLSimpleApplication@4fd57e08
reloadAllAccessors: .CycleOfImmediateTransitionsModal

===========================================================================================
----------------- testing Wed Aug 22 02:01:38 UTC 2018 /home/travis/build/icyphy/ptII/ptolemy/domains/modal/test/auto/CycleOfImmediateTransitionsModal2.xml
----------------- Instantiating /home/travis/build/icyphy/ptII/ptolemy/domains/modal/test/auto/CycleOfImmediateTransitionsModal2.xml
5 ms. Memory: 578560K Free: 415534K (72%)
----------------- Invoking toplevel() on ptolemy.moml.MoMLSimpleApplication@34f44cd6
----------------- Done invoking toplevel() on ptolemy.moml.MoMLSimpleApplication@34f44cd6
reloadAllAccessors: .CycleOfImmediateTransitionsModal2

===========================================================================================
----------------- testing Wed Aug 22 02:01:38 UTC 2018 /home/travis/build/icyphy/ptII/ptolemy/domains/modal/test/auto/CycleOfImmediateTransitionsModal3.xml
----------------- Instantiating /home/travis/build/icyphy/ptII/ptolemy/domains/modal/test/auto/CycleOfImmediateTransitionsModal3.xml
9 ms. Memory: 578560K Free: 386147K (67%)
----------------- Invoking toplevel() on ptolemy.moml.MoMLSimpleApplication@193196aa
----------------- Done invoking toplevel() on ptolemy.moml.MoMLSimpleApplication@193196aa
reloadAllAccessors: .CycleOfImmediateTransitionsModal3

===========================================================================================
----------------- testing Wed Aug 22 02:01:38 UTC 2018 /home/travis/build/icyphy/ptII/ptolemy/domains/modal/test/auto/DeepModal1.xml
----------------- Instantiating /home/travis/build/icyphy/ptII/ptolemy/domains/modal/test/auto/DeepModal1.xml
20 ms. Memory: 578560K Free: 366569K (63%)
----------------- Invoking toplevel() on ptolemy.moml.MoMLSimpleApplication@7680a02b
----------------- Done invoking toplevel() on ptolemy.moml.MoMLSimpleApplication@7680a02b
reloadAllAccessors: .DeepModal1

===========================================================================================
----------------- testing Wed Aug 22 02:01:38 UTC 2018 /home/travis/build/icyphy/ptII/ptolemy/domains/modal/test/auto/DeepModal2.xml
----------------- Instantiating /home/travis/build/icyphy/ptII/ptolemy/domains/modal/test/auto/DeepModal2.xml
13 ms. Memory: 578560K Free: 343742K (59%)
----------------- Invoking toplevel() on ptolemy.moml.MoMLSimpleApplication@15df99a1
----------------- Done invoking toplevel() on ptolemy.moml.MoMLSimpleApplication@15df99a1
reloadAllAccessors: .DeepModal2

===========================================================================================
----------------- testing Wed Aug 22 02:01:38 UTC 2018 /home/travis/build/icyphy/ptII/ptolemy/domains/modal/test/auto/DeepModal3.xml
----------------- Instantiating /home/travis/build/icyphy/ptII/ptolemy/domains/modal/test/auto/DeepModal3.xml
19 ms. Memory: 578560K Free: 317755K (55%)
----------------- Invoking toplevel() on ptolemy.moml.MoMLSimpleApplication@3771cc9f
----------------- Done invoking toplevel() on ptolemy.moml.MoMLSimpleApplication@3771cc9f
reloadAllAccessors: .DeepModal3

===========================================================================================
----------------- testing Wed Aug 22 02:01:38 UTC 2018 /home/travis/build/icyphy/ptII/ptolemy/domains/modal/test/auto/DeepModal4.xml
----------------- Instantiating /home/travis/build/icyphy/ptII/ptolemy/domains/modal/test/auto/DeepModal4.xml
26 ms. Memory: 578560K Free: 294929K (51%)
----------------- Invoking toplevel() on ptolemy.moml.MoMLSimpleApplication@3e848ffe
----------------- Done invoking toplevel() on ptolemy.moml.MoMLSimpleApplication@3e848ffe
reloadAllAccessors: .DeepModal4

===========================================================================================
----------------- testing Wed Aug 22 02:01:38 UTC 2018 /home/travis/build/icyphy/ptII/ptolemy/domains/modal/test/auto/Default1.xml
----------------- Instantiating /home/travis/build/icyphy/ptII/ptolemy/domains/modal/test/auto/Default1.xml
5 ms. Memory: 578560K Free: 285160K (49%)
----------------- Invoking toplevel() on ptolemy.moml.MoMLSimpleApplication@5a22c394
----------------- Done invoking toplevel() on ptolemy.moml.MoMLSimpleApplication@5a22c394
reloadAllAccessors: .Default1

===========================================================================================
----------------- testing Wed Aug 22 02:01:39 UTC 2018 /home/travis/build/icyphy/ptII/ptolemy/domains/modal/test/auto/Default2.xml
----------------- Instantiating /home/travis/build/icyphy/ptII/ptolemy/domains/modal/test/auto/Default2.xml
2 ms. Memory: 578560K Free: 275391K (48%)
----------------- Invoking toplevel() on ptolemy.moml.MoMLSimpleApplication@500804ec
----------------- Done invoking toplevel() on ptolemy.moml.MoMLSimpleApplication@500804ec
reloadAllAccessors: .Default2

===========================================================================================
----------------- testing Wed Aug 22 02:01:39 UTC 2018 /home/travis/build/icyphy/ptII/ptolemy/domains/modal/test/auto/Default3.xml
----------------- Instantiating /home/travis/build/icyphy/ptII/ptolemy/domains/modal/test/auto/Default3.xml
3 ms. Memory: 578560K Free: 262462K (45%)
----------------- Invoking toplevel() on ptolemy.moml.MoMLSimpleApplication@7037fe15
----------------- Done invoking toplevel() on ptolemy.moml.MoMLSimpleApplication@7037fe15
reloadAllAccessors: .Default3

===========================================================================================
----------------- testing Wed Aug 22 02:01:39 UTC 2018 /home/travis/build/icyphy/ptII/ptolemy/domains/modal/test/auto/Default4.xml
----------------- Instantiating /home/travis/build/icyphy/ptII/ptolemy/domains/modal/test/auto/Default4.xml
7 ms. Memory: 578560K Free: 252677K (44%)
----------------- Invoking toplevel() on ptolemy.moml.MoMLSimpleApplication@72b1037
----------------- Done invoking toplevel() on ptolemy.moml.MoMLSimpleApplication@72b1037
reloadAllAccessors: .Default4

===========================================================================================
----------------- testing Wed Aug 22 02:01:39 UTC 2018 /home/travis/build/icyphy/ptII/ptolemy/domains/modal/test/auto/Default5.xml
----------------- Instantiating /home/travis/build/icyphy/ptII/ptolemy/domains/modal/test/auto/Default5.xml
7 ms. Memory: 578560K Free: 239643K (41%)
----------------- Invoking toplevel() on ptolemy.moml.MoMLSimpleApplication@2a8c3650
----------------- Done invoking toplevel() on ptolemy.moml.MoMLSimpleApplication@2a8c3650
reloadAllAccessors: .Default5

===========================================================================================
----------------- testing Wed Aug 22 02:01:39 UTC 2018 /home/travis/build/icyphy/ptII/ptolemy/domains/modal/test/auto/EmptyGuard.xml
----------------- Instantiating /home/travis/build/icyphy/ptII/ptolemy/domains/modal/test/auto/EmptyGuard.xml
13 ms. Memory: 578560K Free: 229858K (40%)
----------------- Invoking toplevel() on ptolemy.moml.MoMLSimpleApplication@61601db8
----------------- Done invoking toplevel() on ptolemy.moml.MoMLSimpleApplication@61601db8
reloadAllAccessors: .EmptyGuard

===========================================================================================
----------------- testing Wed Aug 22 02:01:39 UTC 2018 /home/travis/build/icyphy/ptII/ptolemy/domains/modal/test/auto/ErrorTransition1.xml
----------------- Instantiating /home/travis/build/icyphy/ptII/ptolemy/domains/modal/test/auto/ErrorTransition1.xml
9 ms. Memory: 578560K Free: 213672K (37%)
----------------- Invoking toplevel() on ptolemy.moml.MoMLSimpleApplication@75b9d4e4
----------------- Done invoking toplevel() on ptolemy.moml.MoMLSimpleApplication@75b9d4e4
reloadAllAccessors: .ErrorTransition1

===========================================================================================
----------------- testing Wed Aug 22 02:01:39 UTC 2018 /home/travis/build/icyphy/ptII/ptolemy/domains/modal/test/auto/ErrorTransition10.xml
----------------- Instantiating /home/travis/build/icyphy/ptII/ptolemy/domains/modal/test/auto/ErrorTransition10.xml
15 ms. Memory: 578560K Free: 197359K (34%)
----------------- Invoking toplevel() on ptolemy.moml.MoMLSimpleApplication@4144475
----------------- Done invoking toplevel() on ptolemy.moml.MoMLSimpleApplication@4144475
reloadAllAccessors: .ErrorTransition10

===========================================================================================
----------------- testing Wed Aug 22 02:01:39 UTC 2018 /home/travis/build/icyphy/ptII/ptolemy/domains/modal/test/auto/ErrorTransition11.xml
----------------- Instantiating /home/travis/build/icyphy/ptII/ptolemy/domains/modal/test/auto/ErrorTransition11.xml
4 ms. Memory: 578560K Free: 181053K (31%)
----------------- Invoking toplevel() on ptolemy.moml.MoMLSimpleApplication@5f205c6c
----------------- Done invoking toplevel() on ptolemy.moml.MoMLSimpleApplication@5f205c6c
reloadAllAccessors: .ErrorTransition11

===========================================================================================
----------------- testing Wed Aug 22 02:01:39 UTC 2018 /home/travis/build/icyphy/ptII/ptolemy/domains/modal/test/auto/ErrorTransition2.xml
----------------- Instantiating /home/travis/build/icyphy/ptII/ptolemy/domains/modal/test/auto/ErrorTransition2.xml
5 ms. Memory: 578560K Free: 168012K (29%)
----------------- Invoking toplevel() on ptolemy.moml.MoMLSimpleApplication@1b1f64c6
----------------- Done invoking toplevel() on ptolemy.moml.MoMLSimpleApplication@1b1f64c6
reloadAllAccessors: .ErrorTransition2

===========================================================================================
----------------- testing Wed Aug 22 02:01:39 UTC 2018 /home/travis/build/icyphy/ptII/ptolemy/domains/modal/test/auto/ErrorTransition3.xml
----------------- Instantiating /home/travis/build/icyphy/ptII/ptolemy/domains/modal/test/auto/ErrorTransition3.xml
5 ms. Memory: 578560K Free: 154970K (27%)
----------------- Invoking toplevel() on ptolemy.moml.MoMLSimpleApplication@54bbcf9
----------------- Done invoking toplevel() on ptolemy.moml.MoMLSimpleApplication@54bbcf9
reloadAllAccessors: .ErrorTransition3

===========================================================================================
----------------- testing Wed Aug 22 02:01:39 UTC 2018 /home/travis/build/icyphy/ptII/ptolemy/domains/modal/test/auto/ErrorTransition4.xml
----------------- Instantiating /home/travis/build/icyphy/ptII/ptolemy/domains/modal/test/auto/ErrorTransition4.xml
7 ms. Memory: 578560K Free: 138785K (24%)
----------------- Invoking toplevel() on ptolemy.moml.MoMLSimpleApplication@3f2ddc22
----------------- Done invoking toplevel() on ptolemy.moml.MoMLSimpleApplication@3f2ddc22
reloadAllAccessors: .ErrorTransition4

===========================================================================================
----------------- testing Wed Aug 22 02:01:39 UTC 2018 /home/travis/build/icyphy/ptII/ptolemy/domains/modal/test/auto/ErrorTransition5.xml
----------------- Instantiating /home/travis/build/icyphy/ptII/ptolemy/domains/modal/test/auto/ErrorTransition5.xml
8 ms. Memory: 578560K Free: 125751K (22%)
----------------- Invoking toplevel() on ptolemy.moml.MoMLSimpleApplication@6e040e28
----------------- Done invoking toplevel() on ptolemy.moml.MoMLSimpleApplication@6e040e28
reloadAllAccessors: .ErrorTransition5

===========================================================================================
----------------- testing Wed Aug 22 02:01:39 UTC 2018 /home/travis/build/icyphy/ptII/ptolemy/domains/modal/test/auto/ErrorTransition6.xml
----------------- Instantiating /home/travis/build/icyphy/ptII/ptolemy/domains/modal/test/auto/ErrorTransition6.xml
7 ms. Memory: 578560K Free: 112710K (19%)
----------------- Invoking toplevel() on ptolemy.moml.MoMLSimpleApplication@1be3955d
----------------- Done invoking toplevel() on ptolemy.moml.MoMLSimpleApplication@1be3955d
reloadAllAccessors: .ErrorTransition6

===========================================================================================
----------------- testing Wed Aug 22 02:01:39 UTC 2018 /home/travis/build/icyphy/ptII/ptolemy/domains/modal/test/auto/ErrorTransition7.xml
----------------- Instantiating /home/travis/build/icyphy/ptII/ptolemy/domains/modal/test/auto/ErrorTransition7.xml
9 ms. Memory: 578560K Free: 96396K (17%)
----------------- Invoking toplevel() on ptolemy.moml.MoMLSimpleApplication@4afa1052
----------------- Done invoking toplevel() on ptolemy.moml.MoMLSimpleApplication@4afa1052
reloadAllAccessors: .ErrorTransition7

===========================================================================================
----------------- testing Wed Aug 22 02:01:39 UTC 2018 /home/travis/build/icyphy/ptII/ptolemy/domains/modal/test/auto/ErrorTransition8.xml
----------------- Instantiating /home/travis/build/icyphy/ptII/ptolemy/domains/modal/test/auto/ErrorTransition8.xml
51 ms. Memory: 578560K Free: 564688K (98%)
----------------- Invoking toplevel() on ptolemy.moml.MoMLSimpleApplication@79bf2042
----------------- Done invoking toplevel() on ptolemy.moml.MoMLSimpleApplication@79bf2042
reloadAllAccessors: .ErrorTransition8

===========================================================================================
----------------- testing Wed Aug 22 02:01:39 UTC 2018 /home/travis/build/icyphy/ptII/ptolemy/domains/modal/test/auto/ErrorTransition9.xml
----------------- Instantiating /home/travis/build/icyphy/ptII/ptolemy/domains/modal/test/auto/ErrorTransition9.xml
16 ms. Memory: 578560K Free: 543614K (94%)
----------------- Invoking toplevel() on ptolemy.moml.MoMLSimpleApplication@61f3397a
----------------- Done invoking toplevel() on ptolemy.moml.MoMLSimpleApplication@61f3397a
reloadAllAccessors: .ErrorTransition9

===========================================================================================
----------------- testing Wed Aug 22 02:01:39 UTC 2018 /home/travis/build/icyphy/ptII/ptolemy/domains/modal/test/auto/ExtendedFSM.xml
----------------- Instantiating /home/travis/build/icyphy/ptII/ptolemy/domains/modal/test/auto/ExtendedFSM.xml
4 ms. Memory: 578560K Free: 533845K (92%)
----------------- Invoking toplevel() on ptolemy.moml.MoMLSimpleApplication@185ec7fc
----------------- Done invoking toplevel() on ptolemy.moml.MoMLSimpleApplication@185ec7fc
reloadAllAccessors: .ExtendedFSM

===========================================================================================
----------------- testing Wed Aug 22 02:01:39 UTC 2018 /home/travis/build/icyphy/ptII/ptolemy/domains/modal/test/auto/FinalStates.xml
----------------- Instantiating /home/travis/build/icyphy/ptII/ptolemy/domains/modal/test/auto/FinalStates.xml
4 ms. Memory: 578560K Free: 521856K (90%)
----------------- Invoking toplevel() on ptolemy.moml.MoMLSimpleApplication@432fef7d
----------------- Done invoking toplevel() on ptolemy.moml.MoMLSimpleApplication@432fef7d
reloadAllAccessors: .FinalStates

===========================================================================================
----------------- testing Wed Aug 22 02:01:39 UTC 2018 /home/travis/build/icyphy/ptII/ptolemy/domains/modal/test/auto/FixedPointFSM.xml
----------------- Instantiating /home/travis/build/icyphy/ptII/ptolemy/domains/modal/test/auto/FixedPointFSM.xml
10 ms. Memory: 578560K Free: 504720K (87%)
----------------- Invoking toplevel() on ptolemy.moml.MoMLSimpleApplication@70708357
----------------- Done invoking toplevel() on ptolemy.moml.MoMLSimpleApplication@70708357
reloadAllAccessors: .FixedPointFSM

===========================================================================================
----------------- testing Wed Aug 22 02:01:39 UTC 2018 /home/travis/build/icyphy/ptII/ptolemy/domains/modal/test/auto/FixedPointIterationFSMActor.xml
----------------- Instantiating /home/travis/build/icyphy/ptII/ptolemy/domains/modal/test/auto/FixedPointIterationFSMActor.xml
5 ms. Memory: 578560K Free: 492477K (85%)
----------------- Invoking toplevel() on ptolemy.moml.MoMLSimpleApplication@74a84e26
----------------- Done invoking toplevel() on ptolemy.moml.MoMLSimpleApplication@74a84e26
reloadAllAccessors: .FixedPointIterationFSMActor

===========================================================================================
----------------- testing Wed Aug 22 02:01:39 UTC 2018 /home/travis/build/icyphy/ptII/ptolemy/domains/modal/test/auto/FixedPointIterationFSMActor2.xml
----------------- Instantiating /home/travis/build/icyphy/ptII/ptolemy/domains/modal/test/auto/FixedPointIterationFSMActor2.xml
14 ms. Memory: 578560K Free: 475595K (82%)
----------------- Invoking toplevel() on ptolemy.moml.MoMLSimpleApplication@6a3006b2
----------------- Done invoking toplevel() on ptolemy.moml.MoMLSimpleApplication@6a3006b2
reloadAllAccessors: .FixedPointIterationFSMActor2

===========================================================================================
----------------- testing Wed Aug 22 02:01:39 UTC 2018 /home/travis/build/icyphy/ptII/ptolemy/domains/modal/test/auto/ForbiddenInstantanousLoop.xml
----------------- Instantiating /home/travis/build/icyphy/ptII/ptolemy/domains/modal/test/auto/ForbiddenInstantanousLoop.xml
9 ms. Memory: 578560K Free: 460917K (80%)
----------------- Invoking toplevel() on ptolemy.moml.MoMLSimpleApplication@7ed5d992
----------------- Done invoking toplevel() on ptolemy.moml.MoMLSimpleApplication@7ed5d992
reloadAllAccessors: .ForbiddenInstantanousLoop

===========================================================================================
----------------- testing Wed Aug 22 02:01:39 UTC 2018 /home/travis/build/icyphy/ptII/ptolemy/domains/modal/test/auto/FunctionDependencyOfFSMActorTest.xml
----------------- Instantiating /home/travis/build/icyphy/ptII/ptolemy/domains/modal/test/auto/FunctionDependencyOfFSMActorTest.xml
14 ms. Memory: 578560K Free: 453575K (78%)
----------------- Invoking toplevel() on ptolemy.moml.MoMLSimpleApplication@76b10e39
----------------- Done invoking toplevel() on ptolemy.moml.MoMLSimpleApplication@76b10e39
reloadAllAccessors: .FunctionDependencyOfFSMActorTest

===========================================================================================
----------------- testing Wed Aug 22 02:01:39 UTC 2018 /home/travis/build/icyphy/ptII/ptolemy/domains/modal/test/auto/GuardExpression.xml
----------------- Instantiating /home/travis/build/icyphy/ptII/ptolemy/domains/modal/test/auto/GuardExpression.xml
2 ms. Memory: 578560K Free: 444028K (77%)
----------------- Invoking toplevel() on ptolemy.moml.MoMLSimpleApplication@57f3d598
----------------- Done invoking toplevel() on ptolemy.moml.MoMLSimpleApplication@57f3d598
reloadAllAccessors: .GuardExpression

===========================================================================================
----------------- testing Wed Aug 22 02:01:39 UTC 2018 /home/travis/build/icyphy/ptII/ptolemy/domains/modal/test/auto/GuardNotEvaluated.xml
----------------- Instantiating /home/travis/build/icyphy/ptII/ptolemy/domains/modal/test/auto/GuardNotEvaluated.xml
5 ms. Memory: 578560K Free: 434251K (75%)
----------------- Invoking toplevel() on ptolemy.moml.MoMLSimpleApplication@3b347b25
----------------- Done invoking toplevel() on ptolemy.moml.MoMLSimpleApplication@3b347b25
reloadAllAccessors: .GuardNotEvaluated

===========================================================================================
----------------- testing Wed Aug 22 02:01:39 UTC 2018 /home/travis/build/icyphy/ptII/ptolemy/domains/modal/test/auto/GuardNotEvaluated2.xml
----------------- Instantiating /home/travis/build/icyphy/ptII/ptolemy/domains/modal/test/auto/GuardNotEvaluated2.xml
5 ms. Memory: 578560K Free: 424474K (73%)
----------------- Invoking toplevel() on ptolemy.moml.MoMLSimpleApplication@134b5c83
----------------- Done invoking toplevel() on ptolemy.moml.MoMLSimpleApplication@134b5c83
reloadAllAccessors: .GuardNotEvaluated2

===========================================================================================
----------------- testing Wed Aug 22 02:01:39 UTC 2018 /home/travis/build/icyphy/ptII/ptolemy/domains/modal/test/auto/GuardOnAbsent.xml
----------------- Instantiating /home/travis/build/icyphy/ptII/ptolemy/domains/modal/test/auto/GuardOnAbsent.xml
5 ms. Memory: 578560K Free: 412469K (71%)
----------------- Invoking toplevel() on ptolemy.moml.MoMLSimpleApplication@7572d71
----------------- Done invoking toplevel() on ptolemy.moml.MoMLSimpleApplication@7572d71
reloadAllAccessors: .GuardOnAbsent

===========================================================================================
----------------- testing Wed Aug 22 02:01:39 UTC 2018 /home/travis/build/icyphy/ptII/ptolemy/domains/modal/test/auto/HierarchicalFSMTypeInference.xml
----------------- Instantiating /home/travis/build/icyphy/ptII/ptolemy/domains/modal/test/auto/HierarchicalFSMTypeInference.xml
5 ms. Memory: 578560K Free: 397799K (69%)
----------------- Invoking toplevel() on ptolemy.moml.MoMLSimpleApplication@5006bb0
----------------- Done invoking toplevel() on ptolemy.moml.MoMLSimpleApplication@5006bb0
reloadAllAccessors: .HierarchicalFSMTypeInference

===========================================================================================
----------------- testing Wed Aug 22 02:01:40 UTC 2018 /home/travis/build/icyphy/ptII/ptolemy/domains/modal/test/auto/Hysteresis.xml
----------------- Instantiating /home/travis/build/icyphy/ptII/ptolemy/domains/modal/test/auto/Hysteresis.xml
16 ms. Memory: 578560K Free: 380663K (66%)
----------------- Invoking toplevel() on ptolemy.moml.MoMLSimpleApplication@1524e5d4
----------------- Done invoking toplevel() on ptolemy.moml.MoMLSimpleApplication@1524e5d4
reloadAllAccessors: .Hysteresis

===========================================================================================
----------------- testing Wed Aug 22 02:01:40 UTC 2018 /home/travis/build/icyphy/ptII/ptolemy/domains/modal/test/auto/HysteresisWithDefault.xml
----------------- Instantiating /home/travis/build/icyphy/ptII/ptolemy/domains/modal/test/auto/HysteresisWithDefault.xml
39 ms. Memory: 578560K Free: 351546K (61%)
----------------- Invoking toplevel() on ptolemy.moml.MoMLSimpleApplication@169b787f
----------------- Done invoking toplevel() on ptolemy.moml.MoMLSimpleApplication@169b787f
reloadAllAccessors: .HysteresisWithDefault

===========================================================================================
----------------- testing Wed Aug 22 02:01:40 UTC 2018 /home/travis/build/icyphy/ptII/ptolemy/domains/modal/test/auto/HysteresisWithDefault2.xml
----------------- Instantiating /home/travis/build/icyphy/ptII/ptolemy/domains/modal/test/auto/HysteresisWithDefault2.xml
39 ms. Memory: 578560K Free: 319699K (55%)
----------------- Invoking toplevel() on ptolemy.moml.MoMLSimpleApplication@68a5d334
----------------- Done invoking toplevel() on ptolemy.moml.MoMLSimpleApplication@68a5d334
reloadAllAccessors: .HysteresisWithDefault2

===========================================================================================
----------------- testing Wed Aug 22 02:01:40 UTC 2018 /home/travis/build/icyphy/ptII/ptolemy/domains/modal/test/auto/ImmediateNonConstructiveness.xml
----------------- Instantiating /home/travis/build/icyphy/ptII/ptolemy/domains/modal/test/auto/ImmediateNonConstructiveness.xml
3 ms. Memory: 578560K Free: 307710K (53%)
----------------- Invoking toplevel() on ptolemy.moml.MoMLSimpleApplication@2097805b
----------------- Done invoking toplevel() on ptolemy.moml.MoMLSimpleApplication@2097805b
reloadAllAccessors: .ImmediateNonConstructiveness

===========================================================================================
----------------- testing Wed Aug 22 02:01:40 UTC 2018 /home/travis/build/icyphy/ptII/ptolemy/domains/modal/test/auto/ImmediateNonConstructiveness2.xml
----------------- Instantiating /home/travis/build/icyphy/ptII/ptolemy/domains/modal/test/auto/ImmediateNonConstructiveness2.xml
2 ms. Memory: 578560K Free: 297925K (51%)
----------------- Invoking toplevel() on ptolemy.moml.MoMLSimpleApplication@26759337
----------------- Done invoking toplevel() on ptolemy.moml.MoMLSimpleApplication@26759337
reloadAllAccessors: .ImmediateNonConstructiveness2

===========================================================================================
----------------- testing Wed Aug 22 02:01:40 UTC 2018 /home/travis/build/icyphy/ptII/ptolemy/domains/modal/test/auto/ImmediateTransitionReset.xml
----------------- Instantiating /home/travis/build/icyphy/ptII/ptolemy/domains/modal/test/auto/ImmediateTransitionReset.xml
5 ms. Memory: 578560K Free: 283239K (49%)
----------------- Invoking toplevel() on ptolemy.moml.MoMLSimpleApplication@6cc58eed
----------------- Done invoking toplevel() on ptolemy.moml.MoMLSimpleApplication@6cc58eed
reloadAllAccessors: .ImmediateTransitionReset

===========================================================================================
----------------- testing Wed Aug 22 02:01:40 UTC 2018 /home/travis/build/icyphy/ptII/ptolemy/domains/modal/test/auto/ImmediateTransitions1.xml
----------------- Instantiating /home/travis/build/icyphy/ptII/ptolemy/domains/modal/test/auto/ImmediateTransitions1.xml
2 ms. Memory: 578560K Free: 273709K (47%)
----------------- Invoking toplevel() on ptolemy.moml.MoMLSimpleApplication@3dd4ce37
----------------- Done invoking toplevel() on ptolemy.moml.MoMLSimpleApplication@3dd4ce37
reloadAllAccessors: .ImmediateTransitions1

===========================================================================================
----------------- testing Wed Aug 22 02:01:40 UTC 2018 /home/travis/build/icyphy/ptII/ptolemy/domains/modal/test/auto/ImmediateTransitionsInstantaneousCommunication.xml
----------------- Instantiating /home/travis/build/icyphy/ptII/ptolemy/domains/modal/test/auto/ImmediateTransitionsInstantaneousCommunication.xml
6 ms. Memory: 578560K Free: 259007K (45%)
----------------- Invoking toplevel() on ptolemy.moml.MoMLSimpleApplication@28905f9
----------------- Done invoking toplevel() on ptolemy.moml.MoMLSimpleApplication@28905f9
reloadAllAccessors: .ImmediateTransitionsInstantaneousCommunication

===========================================================================================
----------------- testing Wed Aug 22 02:01:40 UTC 2018 /home/travis/build/icyphy/ptII/ptolemy/domains/modal/test/auto/InitialImmediateTransition.xml
----------------- Instantiating /home/travis/build/icyphy/ptII/ptolemy/domains/modal/test/auto/InitialImmediateTransition.xml
4 ms. Memory: 578560K Free: 249222K (43%)
----------------- Invoking toplevel() on ptolemy.moml.MoMLSimpleApplication@4ab1c0a7
----------------- Done invoking toplevel() on ptolemy.moml.MoMLSimpleApplication@4ab1c0a7
reloadAllAccessors: .InitialImmediateTransition

===========================================================================================
----------------- testing Wed Aug 22 02:01:40 UTC 2018 /home/travis/build/icyphy/ptII/ptolemy/domains/modal/test/auto/InitialOutputs.xml
----------------- Instantiating /home/travis/build/icyphy/ptII/ptolemy/domains/modal/test/auto/InitialOutputs.xml
3 ms. Memory: 578560K Free: 237217K (41%)
----------------- Invoking toplevel() on ptolemy.moml.MoMLSimpleApplication@6f0cc579
----------------- Done invoking toplevel() on ptolemy.moml.MoMLSimpleApplication@6f0cc579
reloadAllAccessors: .InitialOutputs

===========================================================================================
----------------- testing Wed Aug 22 02:01:40 UTC 2018 /home/travis/build/icyphy/ptII/ptolemy/domains/modal/test/auto/InitialStateTransition1.xml
----------------- Instantiating /home/travis/build/icyphy/ptII/ptolemy/domains/modal/test/auto/InitialStateTransition1.xml
3 ms. Memory: 578560K Free: 227440K (39%)
----------------- Invoking toplevel() on ptolemy.moml.MoMLSimpleApplication@755b890e
----------------- Done invoking toplevel() on ptolemy.moml.MoMLSimpleApplication@755b890e
reloadAllAccessors: .InitialStateTransition1

===========================================================================================
----------------- testing Wed Aug 22 02:01:40 UTC 2018 /home/travis/build/icyphy/ptII/ptolemy/domains/modal/test/auto/InitialStateTransition2.xml
----------------- Instantiating /home/travis/build/icyphy/ptII/ptolemy/domains/modal/test/auto/InitialStateTransition2.xml
.InitialStateTransition2.TestExceptionAttributeNonConstructive: initialize() was not invoked, but wrapup() was.  This is unusual, but not always a problem.  For example, exporting JNLP will do this.
2 ms. Memory: 578560K Free: 217655K (38%)
----------------- Invoking toplevel() on ptolemy.moml.MoMLSimpleApplication@1e3cfae0
----------------- Done invoking toplevel() on ptolemy.moml.MoMLSimpleApplication@1e3cfae0
reloadAllAccessors: .InitialStateTransition2

===========================================================================================
----------------- testing Wed Aug 22 02:01:40 UTC 2018 /home/travis/build/icyphy/ptII/ptolemy/domains/modal/test/auto/InitialStateTransition3.xml
----------------- Instantiating /home/travis/build/icyphy/ptII/ptolemy/domains/modal/test/auto/InitialStateTransition3.xml
5 ms. Memory: 578560K Free: 203207K (35%)
----------------- Invoking toplevel() on ptolemy.moml.MoMLSimpleApplication@7f56b80c
----------------- Done invoking toplevel() on ptolemy.moml.MoMLSimpleApplication@7f56b80c
reloadAllAccessors: .InitialStateTransition3

===========================================================================================
----------------- testing Wed Aug 22 02:01:40 UTC 2018 /home/travis/build/icyphy/ptII/ptolemy/domains/modal/test/auto/InitialStateTransition4.xml
----------------- Instantiating /home/travis/build/icyphy/ptII/ptolemy/domains/modal/test/auto/InitialStateTransition4.xml
3 ms. Memory: 578560K Free: 190964K (33%)
----------------- Invoking toplevel() on ptolemy.moml.MoMLSimpleApplication@5efd2c57
----------------- Done invoking toplevel() on ptolemy.moml.MoMLSimpleApplication@5efd2c57
[...]
----------------- Done invoking toplevel() on ptolemy.moml.MoMLSimpleApplication@67aef651
reloadAllAccessors: .TerminationTransition3

===========================================================================================
----------------- testing Wed Aug 22 02:01:42 UTC 2018 /home/travis/build/icyphy/ptII/ptolemy/domains/modal/test/auto/TerminationTransition4.xml
----------------- Instantiating /home/travis/build/icyphy/ptII/ptolemy/domains/modal/test/auto/TerminationTransition4.xml
5 ms. Memory: 872448K Free: 107870K (12%)
----------------- Invoking toplevel() on ptolemy.moml.MoMLSimpleApplication@6b05e7f7
----------------- Done invoking toplevel() on ptolemy.moml.MoMLSimpleApplication@6b05e7f7
reloadAllAccessors: .TerminationTransition4

===========================================================================================
----------------- testing Wed Aug 22 02:01:42 UTC 2018 /home/travis/build/icyphy/ptII/ptolemy/domains/modal/test/auto/TerminationTransition5.xml
----------------- Instantiating /home/travis/build/icyphy/ptII/ptolemy/domains/modal/test/auto/TerminationTransition5.xml
2 ms. Memory: 872448K Free: 87006K (10%)
----------------- Invoking toplevel() on ptolemy.moml.MoMLSimpleApplication@7a131714
----------------- Done invoking toplevel() on ptolemy.moml.MoMLSimpleApplication@7a131714
reloadAllAccessors: .TerminationTransition5

===========================================================================================
----------------- testing Wed Aug 22 02:01:42 UTC 2018 /home/travis/build/icyphy/ptII/ptolemy/domains/modal/test/auto/TerminationTransition6.xml
----------------- Instantiating /home/travis/build/icyphy/ptII/ptolemy/domains/modal/test/auto/TerminationTransition6.xml
1 ms. Memory: 872448K Free: 852800K (98%)
----------------- Invoking toplevel() on ptolemy.moml.MoMLSimpleApplication@2eebcb48
----------------- Done invoking toplevel() on ptolemy.moml.MoMLSimpleApplication@2eebcb48
reloadAllAccessors: .TerminationTransition6

===========================================================================================
----------------- testing Wed Aug 22 02:01:42 UTC 2018 /home/travis/build/icyphy/ptII/ptolemy/domains/modal/test/auto/TerminationTransition7.xml
----------------- Instantiating /home/travis/build/icyphy/ptII/ptolemy/domains/modal/test/auto/TerminationTransition7.xml
1 ms. Memory: 872448K Free: 835175K (96%)
----------------- Invoking toplevel() on ptolemy.moml.MoMLSimpleApplication@321dd3f5
----------------- Done invoking toplevel() on ptolemy.moml.MoMLSimpleApplication@321dd3f5
reloadAllAccessors: .TerminationTransition7

===========================================================================================
----------------- testing Wed Aug 22 02:01:42 UTC 2018 /home/travis/build/icyphy/ptII/ptolemy/domains/modal/test/auto/TerminationTransition8.xml
----------------- Instantiating /home/travis/build/icyphy/ptII/ptolemy/domains/modal/test/auto/TerminationTransition8.xml
2 ms. Memory: 872448K Free: 819522K (94%)
----------------- Invoking toplevel() on ptolemy.moml.MoMLSimpleApplication@5cff806c
----------------- Done invoking toplevel() on ptolemy.moml.MoMLSimpleApplication@5cff806c
reloadAllAccessors: .TerminationTransition8

===========================================================================================
----------------- testing Wed Aug 22 02:01:42 UTC 2018 /home/travis/build/icyphy/ptII/ptolemy/domains/modal/test/auto/Thermostat_NoHysteresis.xml
----------------- Instantiating /home/travis/build/icyphy/ptII/ptolemy/domains/modal/test/auto/Thermostat_NoHysteresis.xml
20 ms. Memory: 872448K Free: 786366K (90%)
----------------- Invoking toplevel() on ptolemy.moml.MoMLSimpleApplication@4e03d879
----------------- Done invoking toplevel() on ptolemy.moml.MoMLSimpleApplication@4e03d879
reloadAllAccessors: .Thermostat_NoHysteresis

===========================================================================================
----------------- testing Wed Aug 22 02:01:42 UTC 2018 /home/travis/build/icyphy/ptII/ptolemy/domains/modal/test/auto/TimedFSM.xml
----------------- Instantiating /home/travis/build/icyphy/ptII/ptolemy/domains/modal/test/auto/TimedFSM.xml
7 ms. Memory: 872448K Free: 770730K (88%)
----------------- Invoking toplevel() on ptolemy.moml.MoMLSimpleApplication@510d2cee
----------------- Done invoking toplevel() on ptolemy.moml.MoMLSimpleApplication@510d2cee
reloadAllAccessors: .TimedFSM

===========================================================================================
----------------- testing Wed Aug 22 02:01:42 UTC 2018 /home/travis/build/icyphy/ptII/ptolemy/domains/modal/test/auto/Timeout1.xml
----------------- Instantiating /home/travis/build/icyphy/ptII/ptolemy/domains/modal/test/auto/Timeout1.xml
7 ms. Memory: 872448K Free: 758439K (87%)
----------------- Invoking toplevel() on ptolemy.moml.MoMLSimpleApplication@4b686bf8
----------------- Done invoking toplevel() on ptolemy.moml.MoMLSimpleApplication@4b686bf8
reloadAllAccessors: .Timeout1

===========================================================================================
----------------- testing Wed Aug 22 02:01:42 UTC 2018 /home/travis/build/icyphy/ptII/ptolemy/domains/modal/test/auto/Timeout2.xml
----------------- Instantiating /home/travis/build/icyphy/ptII/ptolemy/domains/modal/test/auto/Timeout2.xml
4 ms. Memory: 872448K Free: 742802K (85%)
----------------- Invoking toplevel() on ptolemy.moml.MoMLSimpleApplication@5a8a9a66
----------------- Done invoking toplevel() on ptolemy.moml.MoMLSimpleApplication@5a8a9a66
reloadAllAccessors: .Timeout2

===========================================================================================
----------------- testing Wed Aug 22 02:01:42 UTC 2018 /home/travis/build/icyphy/ptII/ptolemy/domains/modal/test/auto/Timeout3.xml
----------------- Instantiating /home/travis/build/icyphy/ptII/ptolemy/domains/modal/test/auto/Timeout3.xml
7 ms. Memory: 872448K Free: 730511K (84%)
----------------- Invoking toplevel() on ptolemy.moml.MoMLSimpleApplication@676180eb
----------------- Done invoking toplevel() on ptolemy.moml.MoMLSimpleApplication@676180eb
reloadAllAccessors: .Timeout3

===========================================================================================
----------------- testing Wed Aug 22 02:01:42 UTC 2018 /home/travis/build/icyphy/ptII/ptolemy/domains/modal/test/auto/Timeout4.xml
----------------- Instantiating /home/travis/build/icyphy/ptII/ptolemy/domains/modal/test/auto/Timeout4.xml
2 ms. Memory: 872448K Free: 720086K (83%)
----------------- Invoking toplevel() on ptolemy.moml.MoMLSimpleApplication@47fb8803
----------------- Done invoking toplevel() on ptolemy.moml.MoMLSimpleApplication@47fb8803
reloadAllAccessors: .Timeout4

===========================================================================================
----------------- testing Wed Aug 22 02:01:42 UTC 2018 /home/travis/build/icyphy/ptII/ptolemy/domains/modal/test/auto/TransientstateModelAdvanced.xml
----------------- Instantiating /home/travis/build/icyphy/ptII/ptolemy/domains/modal/test/auto/TransientstateModelAdvanced.xml
3 ms. Memory: 872448K Free: 697363K (80%)
----------------- Invoking toplevel() on ptolemy.moml.MoMLSimpleApplication@71b2763e
----------------- Done invoking toplevel() on ptolemy.moml.MoMLSimpleApplication@71b2763e
reloadAllAccessors: .TransientstateModelAdvanced

===========================================================================================
----------------- testing Wed Aug 22 02:01:42 UTC 2018 /home/travis/build/icyphy/ptII/ptolemy/domains/modal/test/auto/TransientstateModelAdvanced2.xml
----------------- Instantiating /home/travis/build/icyphy/ptII/ptolemy/domains/modal/test/auto/TransientstateModelAdvanced2.xml
3 ms. Memory: 872448K Free: 676506K (78%)
----------------- Invoking toplevel() on ptolemy.moml.MoMLSimpleApplication@2f0fce0
----------------- Done invoking toplevel() on ptolemy.moml.MoMLSimpleApplication@2f0fce0
reloadAllAccessors: .transientstatemodelAdvanced

===========================================================================================
----------------- testing Wed Aug 22 02:01:42 UTC 2018 /home/travis/build/icyphy/ptII/ptolemy/domains/modal/test/auto/TransitionRefinements.xml
----------------- Instantiating /home/travis/build/icyphy/ptII/ptolemy/domains/modal/test/auto/TransitionRefinements.xml
6 ms. Memory: 872448K Free: 658987K (76%)
----------------- Invoking toplevel() on ptolemy.moml.MoMLSimpleApplication@2cf04df1
----------------- Done invoking toplevel() on ptolemy.moml.MoMLSimpleApplication@2cf04df1
reloadAllAccessors: .TransitionRefinements

===========================================================================================
----------------- testing Wed Aug 22 02:01:42 UTC 2018 /home/travis/build/icyphy/ptII/ptolemy/domains/modal/test/auto/TwoRefinements1.xml
----------------- Instantiating /home/travis/build/icyphy/ptII/ptolemy/domains/modal/test/auto/TwoRefinements1.xml
3 ms. Memory: 872448K Free: 643334K (74%)
----------------- Invoking toplevel() on ptolemy.moml.MoMLSimpleApplication@1f577ac6
----------------- Done invoking toplevel() on ptolemy.moml.MoMLSimpleApplication@1f577ac6
reloadAllAccessors: .TwoRefinements1

===========================================================================================
----------------- testing Wed Aug 22 02:01:42 UTC 2018 /home/travis/build/icyphy/ptII/ptolemy/domains/modal/test/auto/TwoRefinements2.xml
----------------- Instantiating /home/travis/build/icyphy/ptII/ptolemy/domains/modal/test/auto/TwoRefinements2.xml
3 ms. Memory: 872448K Free: 625831K (72%)
----------------- Invoking toplevel() on ptolemy.moml.MoMLSimpleApplication@6c8f8071
----------------- Done invoking toplevel() on ptolemy.moml.MoMLSimpleApplication@6c8f8071
reloadAllAccessors: .TwoRefinements2

===========================================================================================
----------------- testing Wed Aug 22 02:01:42 UTC 2018 /home/travis/build/icyphy/ptII/ptolemy/domains/modal/test/auto/WeakImmediateTransition.xml
----------------- Instantiating /home/travis/build/icyphy/ptII/ptolemy/domains/modal/test/auto/WeakImmediateTransition.xml
3 ms. Memory: 872448K Free: 610178K (70%)
----------------- Invoking toplevel() on ptolemy.moml.MoMLSimpleApplication@7834daac
----------------- Done invoking toplevel() on ptolemy.moml.MoMLSimpleApplication@7834daac
reloadAllAccessors: .WeakImmediateTransition

===========================================================================================
----------------- testing Wed Aug 22 02:01:42 UTC 2018 /home/travis/build/icyphy/ptII/ptolemy/domains/modal/test/auto/booleanSelect.xml
----------------- Instantiating /home/travis/build/icyphy/ptII/ptolemy/domains/modal/test/auto/booleanSelect.xml
24 ms. Memory: 872448K Free: 582226K (67%)
----------------- Invoking toplevel() on ptolemy.moml.MoMLSimpleApplication@2dbc83c9
----------------- Done invoking toplevel() on ptolemy.moml.MoMLSimpleApplication@2dbc83c9
reloadAllAccessors: .booleanSelect

===========================================================================================
----------------- testing Wed Aug 22 02:01:42 UTC 2018 /home/travis/build/icyphy/ptII/ptolemy/domains/modal/test/auto/modalChangingParams.xml
----------------- Instantiating /home/travis/build/icyphy/ptII/ptolemy/domains/modal/test/auto/modalChangingParams.xml
0
1
0
2
4
6
8
7
0
2
4
6
8
13
0
2
4
6
8
19
0
2
4
6
8
25
0
2
4
6
8
31
0
2
4
6
8
37
0
2
4
6
8
43
0
2
4
6
8
49
0
2
4
6
8
55
0
2
4
6
8
61
0
2
4
6
8
67
0
2
4
6
8
73
0
2
4
6
8
79
0
2
4
6
8
85
0
2
4
6
8
91
0
2
4
6
8
97
0
2
4
6
8
103
0
2
4
6
8
109
0
2
4
6
8
115
0
2
4
6
8
121
0
2
4
6
8
127
0
2
4
6
8
133
0
2
4
6
8
139
0
2
4
6
8
145
0
2
4
6
8
151
0
2
4
6
8
157
0
2
4
6
8
163
0
2
4
6
8
169
0
2
4
6
8
175
0
2
4
6
8
181
0
2
4
6
8
187
0
2
4
6
8
193
0
2
4
6
8
199
0
2
4
6
8
205
0
2
4
6
8
211
0
2
4
6
8
217
0
2
4
6
8
223
0
2
4
6
8
229
0
2
4
6
8
235
0
2
4
6
8
241
0
2
4
6
8
247
0
2
4
6
8
253
0
2
4
6
8
259
0
2
4
6
8
265
0
2
4
6
8
271
0
2
4
6
8
277
0
2
4
6
8
283
0
2
4
6
8
289
0
2
4
6
8
295
0
2
4
6
8
301
0
2
4
6
8
307
0
2
4
6
8
313
0
2
4
6
8
319
0
2
4
6
8
325
0
2
4
6
8
331
0
2
4
6
8
337
0
2
4
6
8
343
0
2
4
6
8
349
0
2
4
6
8
355
0
2
4
6
8
361
0
2
4
6
8
367
0
2
4
6
8
373
0
2
4
6
8
379
0
2
4
6
8
385
0
2
4
6
8
391
0
2
4
6
8
397
0
2
4
6
8
403
0
2
4
6
8
409
0
2
4
6
8
415
0
2
4
6
8
421
0
2
4
6
8
427
0
2
4
6
8
433
0
2
4
6
8
439
0
2
4
6
8
445
0
2
4
6
8
451
0
2
4
6
8
457
0
2
4
6
8
463
0
2
4
6
8
469
0
2
4
6
8
475
0
2
4
6
8
481
0
2
4
6
8
487
0
2
4
6
8
493
0
2
4
6
8
499
0
2
4
6
8
505
0
2
4
6
8
511
0
2
4
6
8
517
0
2
4
6
8
523
0
2
4
6
8
529
0
2
4
6
8
535
0
2
4
6
8
541
0
2
4
6
8
547
0
2
4
6
8
553
0
2
4
6
8
559
0
2
4
6
8
565
0
2
4
6
8
571
0
2
4
6
8
577
0
2
4
6
8
583
0
2
4
6
8
589
0
2
4
6
8
595
0
2
4
6
8
601
0
2
4
6
8
607
0
2
4
6
8
613
0
2
4
6
8
619
0
2
4
6
8
625
0
2
4
6
8
631
0
2
4
6
8
637
0
2
4
6
8
643
0
2
4
6
8
649
0
2
4
6
8
655
0
2
4
6
8
661
0
2
4
6
8
667
0
2
4
6
8
673
0
2
4
6
8
679
0
2
4
6
8
685
0
2
4
6
8
691
0
2
4
6
8
697
0
2
4
6
8
703
0
2
4
6
8
709
0
2
4
6
8
715
0
2
4
6
8
721
0
2
4
6
8
727
0
2
4
6
8
733
0
2
4
6
8
739
0
2
4
6
8
745
0
2
4
6
8
751
0
2
4
6
8
757
0
2
4
6
8
763
0
2
4
6
8
769
0
2
4
6
8
775
0
2
4
6
8
781
0
2
4
6
8
787
0
2
4
6
8
793
0
2
4
6
8
799
0
2
4
6
8
805
0
2
4
6
8
811
0
2
4
6
8
817
0
2
4
6
8
823
0
2
4
6
8
829
0
2
4
6
8
835
0
2
4
6
8
841
0
2
4
6
8
847
0
2
4
6
8
853
0
2
4
6
8
859
0
2
4
6
8
865
0
2
4
6
8
871
0
2
4
6
8
877
0
2
4
6
8
883
0
2
4
6
8
889
0
2
4
6
8
895
0
2
4
6
8
901
0
2
4
6
8
907
0
2
4
6
8
913
0
2
4
6
8
919
0
2
4
6
8
925
0
2
4
6
8
931
0
2
4
6
8
937
0
2
4
6
8
943
0
2
4
6
8
949
0
2
4
6
8
955
0
2
4
6
8
961
0
2
4
6
8
967
0
2
4
6
8
973
0
2
4
6
8
979
0
2
4
6
8
985
0
2
4
6
8
991
0
2
4
6
8
997
0
2
220 ms. Memory: 872448K Free: 467374K (54%)
----------------- Invoking toplevel() on ptolemy.moml.MoMLSimpleApplication@3c594356
----------------- Done invoking toplevel() on ptolemy.moml.MoMLSimpleApplication@3c594356
reloadAllAccessors: .modalChangingParams

===========================================================================================
----------------- testing Wed Aug 22 02:01:43 UTC 2018 /home/travis/build/icyphy/ptII/ptolemy/domains/modal/test/auto/modalModel.xml
----------------- Instantiating /home/travis/build/icyphy/ptII/ptolemy/domains/modal/test/auto/modalModel.xml
4 ms. Memory: 872448K Free: 451721K (52%)
----------------- Invoking toplevel() on ptolemy.moml.MoMLSimpleApplication@65351f22
----------------- Done invoking toplevel() on ptolemy.moml.MoMLSimpleApplication@65351f22
reloadAllAccessors: .modalModel

===========================================================================================
----------------- testing Wed Aug 22 02:01:43 UTC 2018 /home/travis/build/icyphy/ptII/ptolemy/domains/modal/test/auto/modalModel2.xml
----------------- Instantiating /home/travis/build/icyphy/ptII/ptolemy/domains/modal/test/auto/modalModel2.xml
6 ms. Memory: 872448K Free: 434218K (50%)
----------------- Invoking toplevel() on ptolemy.moml.MoMLSimpleApplication@4996eedf
----------------- Done invoking toplevel() on ptolemy.moml.MoMLSimpleApplication@4996eedf
reloadAllAccessors: .modalModel2

===========================================================================================
----------------- testing Wed Aug 22 02:01:43 UTC 2018 /home/travis/build/icyphy/ptII/ptolemy/domains/modal/test/auto/modalModel3.xml
----------------- Instantiating /home/travis/build/icyphy/ptII/ptolemy/domains/modal/test/auto/modalModel3.xml
0	0	0
1	0	1
4	2	2
7	4	3
10	6	4
5	0	5
8	2	6
11	4	7
14	6	8
9	0	9
12	2	10
15	4	11
18	6	12
13	0	13
16	2	14
10 ms. Memory: 872448K Free: 413353K (47%)
----------------- Invoking toplevel() on ptolemy.moml.MoMLSimpleApplication@4bb329e4
----------------- Done invoking toplevel() on ptolemy.moml.MoMLSimpleApplication@4bb329e4
reloadAllAccessors: .modalModel3

===========================================================================================
----------------- testing Wed Aug 22 02:01:43 UTC 2018 /home/travis/build/icyphy/ptII/ptolemy/domains/modal/test/auto/model1.xml
----------------- Instantiating /home/travis/build/icyphy/ptII/ptolemy/domains/modal/test/auto/model1.xml
9 ms. Memory: 872448K Free: 401062K (46%)
----------------- Invoking toplevel() on ptolemy.moml.MoMLSimpleApplication@11725257
----------------- Done invoking toplevel() on ptolemy.moml.MoMLSimpleApplication@11725257
reloadAllAccessors: .model1

===========================================================================================
----------------- testing Wed Aug 22 02:01:43 UTC 2018 /home/travis/build/icyphy/ptII/ptolemy/domains/modal/test/auto/test-direct-in-out.xml
----------------- Instantiating /home/travis/build/icyphy/ptII/ptolemy/domains/modal/test/auto/test-direct-in-out.xml
9 ms. Memory: 872448K Free: 385417K (44%)
----------------- Invoking toplevel() on ptolemy.moml.MoMLSimpleApplication@662247aa
----------------- Done invoking toplevel() on ptolemy.moml.MoMLSimpleApplication@662247aa
reloadAllAccessors: .test-direct-in-out
AutoTests.java: About to close Vertx.
AutoTests.java: Vertx closed.
]]></system-out>
  <system-err><![CDATA[java.lang.RuntimeException: Execution failed
	at ptolemy.moml.MoMLSimpleApplication$UnloadThread.run(MoMLSimpleApplication.java:402)
Caused by: ptolemy.kernel.util.IllegalActionException: Unknown inputs remain. Possible causality loop:
L_model_1893289564i

  in .CannotAnalysisWithPreemption.model_1893289564_region_1 and .CannotAnalysisWithPreemption.model_1893289564_region_1.L_model_1893289564i
	at ptolemy.actor.sched.FixedPointDirector.postfire(FixedPointDirector.java:515)
	at ptolemy.domains.sr.kernel.SRDirector.postfire(SRDirector.java:417)
	at ptolemy.actor.CompositeActor.postfire(CompositeActor.java:1668)
	at ptolemy.actor.Manager.iterate(Manager.java:852)
	at ptolemy.actor.Manager.execute(Manager.java:369)
	at ptolemy.actor.Manager.run(Manager.java:1263)
	at ptolemy.actor.Manager$PtolemyRunThread.run(Manager.java:1915)
java.lang.reflect.InvocationTargetException
	at sun.reflect.NativeConstructorAccessorImpl.newInstance0(Native Method)
	at sun.reflect.NativeConstructorAccessorImpl.newInstance(NativeConstructorAccessorImpl.java:62)
	at sun.reflect.DelegatingConstructorAccessorImpl.newInstance(DelegatingConstructorAccessorImpl.java:45)
	at java.lang.reflect.Constructor.newInstance(Constructor.java:423)
	at ptolemy.util.test.junit.AutoKnownFailedTests.RunModel(AutoKnownFailedTests.java:107)
	at sun.reflect.NativeMethodAccessorImpl.invoke0(Native Method)
	at sun.reflect.NativeMethodAccessorImpl.invoke(NativeMethodAccessorImpl.java:62)
	at sun.reflect.DelegatingMethodAccessorImpl.invoke(DelegatingMethodAccessorImpl.java:43)
	at java.lang.reflect.Method.invoke(Method.java:498)
	at org.junit.runners.model.FrameworkMethod$1.runReflectiveCall(FrameworkMethod.java:44)
	at org.junit.internal.runners.model.ReflectiveCallable.run(ReflectiveCallable.java:15)
	at org.junit.runners.model.FrameworkMethod.invokeExplosively(FrameworkMethod.java:41)
	at junitparams.internal.InvokeParameterisedMethod.evaluate(InvokeParameterisedMethod.java:102)
	at org.junit.internal.runners.statements.FailOnTimeout$1.run(FailOnTimeout.java:28)
Caused by: ptolemy.kernel.util.IllegalActionException: Unknown inputs remain. Possible causality loop:
L_model_1893289564i

  in .CannotAnalysisWithPreemption.model_1893289564_region_1 and .CannotAnalysisWithPreemption.model_1893289564_region_1.L_model_1893289564i
	at ptolemy.actor.sched.FixedPointDirector.postfire(FixedPointDirector.java:515)
	at ptolemy.domains.sr.kernel.SRDirector.postfire(SRDirector.java:417)
	at ptolemy.actor.CompositeActor.postfire(CompositeActor.java:1668)
	at ptolemy.actor.Manager.iterate(Manager.java:852)
	at ptolemy.actor.Manager.execute(Manager.java:369)
	at ptolemy.actor.Manager.run(Manager.java:1263)
	at ptolemy.actor.Manager$PtolemyRunThread.run(Manager.java:1915)
]]></system-err>
</testsuite>
