<?xml version="1.0" encoding="UTF-8" ?>
<testsuite errors="0" failures="0" hostname="travis-job-c9503537-450b-4890-9a83-8cdc9ef17bdb" name="ptolemy.vergil.basic.export.test.junit.ExportModelJUnitTestBatch6" skipped="0" tests="100" time="935.205" timestamp="2018-12-07T03:39:30">
  <properties>
[...]
</properties>
  <testcase classname="ptolemy.vergil.basic.export.test.junit.ExportModelJUnitTestBatch6" name="[0] ptolemy/domains/modal/demo/SystemLevelType/PNDomain.xml (RunExportModel)" time="6.375" />
  <testcase classname="ptolemy.vergil.basic.export.test.junit.ExportModelJUnitTestBatch6" name="[1] ptolemy/domains/modal/demo/SystemLevelType/PNDomain_PolyActor.xml (RunExportModel)" time="3.674" />
  <testcase classname="ptolemy.vergil.basic.export.test.junit.ExportModelJUnitTestBatch6" name="[2] ptolemy/domains/modal/demo/SystemLevelType/PNDomain_SDFActor.xml (RunExportModel)" time="3.496" />
  <testcase classname="ptolemy.vergil.basic.export.test.junit.ExportModelJUnitTestBatch6" name="[3] ptolemy/domains/modal/demo/SystemLevelType/PolyActor.xml (RunExportModel)" time="3.408" />
  <testcase classname="ptolemy.vergil.basic.export.test.junit.ExportModelJUnitTestBatch6" name="[4] ptolemy/domains/modal/demo/SystemLevelType/SDFActor.xml (RunExportModel)" time="3.314" />
  <testcase classname="ptolemy.vergil.basic.export.test.junit.ExportModelJUnitTestBatch6" name="[5] ptolemy/domains/modal/demo/SystemLevelType/SDFDomain.xml (RunExportModel)" time="3.343" />
  <testcase classname="ptolemy.vergil.basic.export.test.junit.ExportModelJUnitTestBatch6" name="[6] ptolemy/domains/modal/demo/SystemLevelType/SDFDomain_PolyActor.xml (RunExportModel)" time="3.257" />
  <testcase classname="ptolemy.vergil.basic.export.test.junit.ExportModelJUnitTestBatch6" name="[7] ptolemy/domains/modal/demo/SystemLevelType/SDFDomain_SDFActor.xml (RunExportModel)" time="3.31" />
  <testcase classname="ptolemy.vergil.basic.export.test.junit.ExportModelJUnitTestBatch6" name="[8] ptolemy/domains/modal/demo/SystemLevelType/ThreadA.xml (RunExportModel)" time="3.237" />
  <testcase classname="ptolemy.vergil.basic.export.test.junit.ExportModelJUnitTestBatch6" name="[9] ptolemy/domains/modal/demo/SystemLevelType/ThreadA_Monitor_ThreadB.xml (RunExportModel)" time="3.222" />
  <testcase classname="ptolemy.vergil.basic.export.test.junit.ExportModelJUnitTestBatch6" name="[10] ptolemy/domains/modal/demo/SystemLevelType/ThreadB.xml (RunExportModel)" time="3.197" />
  <testcase classname="ptolemy.vergil.basic.export.test.junit.ExportModelJUnitTestBatch6" name="[11] ptolemy/domains/modal/demo/SystemLevelType/ThreadBNotifies.xml (RunExportModel)" time="3.215" />
  <testcase classname="ptolemy.vergil.basic.export.test.junit.ExportModelJUnitTestBatch6" name="[12] ptolemy/domains/modal/demo/SystemLevelType/Trigger.xml (RunExportModel)" time="3.247" />
  <testcase classname="ptolemy.vergil.basic.export.test.junit.ExportModelJUnitTestBatch6" name="[13] ptolemy/domains/modal/demo/SystemLevelType/UNKNOWN.xml (RunExportModel)" time="3.189" />
  <testcase classname="ptolemy.vergil.basic.export.test.junit.ExportModelJUnitTestBatch6" name="[14] ptolemy/domains/openmodelica/demo/OpenModelica/OpenModelicaInteractive.xml (RunExportModel)" time="3.407" />
  <testcase classname="ptolemy.vergil.basic.export.test.junit.ExportModelJUnitTestBatch6" name="[15] ptolemy/domains/petrinet/demo/PetriNetDiningPhilosophers/PetriNetDiningPhilosophers.xml (RunExportModel)" time="5.124" />
  <testcase classname="ptolemy.vergil.basic.export.test.junit.ExportModelJUnitTestBatch6" name="[16] ptolemy/domains/petrinet/demo/PetriNetSimple/PetriNetSimple.xml (RunExportModel)" time="4.246" />
  <testcase classname="ptolemy.vergil.basic.export.test.junit.ExportModelJUnitTestBatch6" name="[17] ptolemy/domains/pn/demo/BrockAckerman/BrockAckerman.xml (RunExportModel)" time="4.772" />
  <testcase classname="ptolemy.vergil.basic.export.test.junit.ExportModelJUnitTestBatch6" name="[18] ptolemy/domains/pn/demo/CounterMachine/CounterMachine.xml (RunExportModel)" time="39.92" />
  <testcase classname="ptolemy.vergil.basic.export.test.junit.ExportModelJUnitTestBatch6" name="[19] ptolemy/domains/pn/demo/CounterMachine/CounterMachinePrelim.xml (RunExportModel)" time="6.656" />
  <testcase classname="ptolemy.vergil.basic.export.test.junit.ExportModelJUnitTestBatch6" name="[20] ptolemy/domains/pn/demo/CounterMachine/CounterMachineWithException.xml (RunExportModel)" time="10.284" />
  <testcase classname="ptolemy.vergil.basic.export.test.junit.ExportModelJUnitTestBatch6" name="[21] ptolemy/domains/pn/demo/NondeterministicMerge/NondeterministicMerge.xml (RunExportModel)" time="34.261" />
  <testcase classname="ptolemy.vergil.basic.export.test.junit.ExportModelJUnitTestBatch6" name="[22] ptolemy/domains/pn/demo/NondeterministicMergeWithFeedback/NondeterministicMergeWithFeedback.xml (RunExportModel)" time="4.362" />
  <testcase classname="ptolemy.vergil.basic.export.test.junit.ExportModelJUnitTestBatch6" name="[23] ptolemy/domains/pn/demo/OrderedMerge/OrderedMerge.xml (RunExportModel)" time="4.425" />
  <testcase classname="ptolemy.vergil.basic.export.test.junit.ExportModelJUnitTestBatch6" name="[24] ptolemy/domains/pn/demo/QR/QR.xml (RunExportModel)" time="4.363" />
  <testcase classname="ptolemy.vergil.basic.export.test.junit.ExportModelJUnitTestBatch6" name="[25] ptolemy/domains/pn/demo/RemoveNilTokens/RemoveNilTokens.xml (RunExportModel)" time="4.31" />
  <testcase classname="ptolemy.vergil.basic.export.test.junit.ExportModelJUnitTestBatch6" name="[26] ptolemy/domains/pn/demo/Stack/Stack.xml (RunExportModel)" time="4.527" />
  <testcase classname="ptolemy.vergil.basic.export.test.junit.ExportModelJUnitTestBatch6" name="[27] ptolemy/domains/psdf/demo/BlindCommunication/BlindCommunication.xml (RunExportModel)" time="7.912" />
  <testcase classname="ptolemy.vergil.basic.export.test.junit.ExportModelJUnitTestBatch6" name="[28] ptolemy/domains/psdf/demo/Speech/Speech.xml (RunExportModel)" time="4.888" />
  <testcase classname="ptolemy.vergil.basic.export.test.junit.ExportModelJUnitTestBatch6" name="[29] ptolemy/domains/ptera/demo/AdaptiveCarWash/AdaptiveCarWash.xml (RunExportModel)" time="6.896" />
  <testcase classname="ptolemy.vergil.basic.export.test.junit.ExportModelJUnitTestBatch6" name="[30] ptolemy/domains/ptera/demo/AdaptiveCarWash/AdaptiveCarWashFSM.xml (RunExportModel)" time="4.943" />
  <testcase classname="ptolemy.vergil.basic.export.test.junit.ExportModelJUnitTestBatch6" name="[31] ptolemy/domains/ptera/demo/CarWash/CarWash.xml (RunExportModel)" time="4.522" />
  <testcase classname="ptolemy.vergil.basic.export.test.junit.ExportModelJUnitTestBatch6" name="[32] ptolemy/domains/ptera/demo/CarWash/CarWashDE.xml (RunExportModel)" time="4.59" />
  <testcase classname="ptolemy.vergil.basic.export.test.junit.ExportModelJUnitTestBatch6" name="[33] ptolemy/domains/ptera/demo/SimultaneousCarWash/SimultaneousCarWash.xml (RunExportModel)" time="4.932" />
  <testcase classname="ptolemy.vergil.basic.export.test.junit.ExportModelJUnitTestBatch6" name="[34] ptolemy/domains/ptera/demo/TrafficLight/TrafficLight.xml (RunExportModel)" time="34.686" />
  <testcase classname="ptolemy.vergil.basic.export.test.junit.ExportModelJUnitTestBatch6" name="[35] ptolemy/domains/pthales/demo/AdaptiveBeamForming/AdaptiveBeamForming.xml (RunExportModel)" time="6.419" />
  <testcase classname="ptolemy.vergil.basic.export.test.junit.ExportModelJUnitTestBatch6" name="[36] ptolemy/domains/pthales/demo/FFT/FFT.xml (RunExportModel)" time="4.707" />
  <testcase classname="ptolemy.vergil.basic.export.test.junit.ExportModelJUnitTestBatch6" name="[37] ptolemy/domains/pthales/demo/HelloWorld/HelloWorld.xml (RunExportModel)" time="4.43" />
  <testcase classname="ptolemy.vergil.basic.export.test.junit.ExportModelJUnitTestBatch6" name="[38] ptolemy/domains/pthales/demo/Illustrative/Illustrative.xml (RunExportModel)" time="4.491" />
  <testcase classname="ptolemy.vergil.basic.export.test.junit.ExportModelJUnitTestBatch6" name="[39] ptolemy/domains/ptides/demo/ActuatorPattern/ActuatorPattern.xml (RunExportModel)" time="4.366" />
  <testcase classname="ptolemy.vergil.basic.export.test.junit.ExportModelJUnitTestBatch6" name="[40] ptolemy/domains/ptides/demo/Controller/Controller.xml (RunExportModel)" time="37.023" />
  <testcase classname="ptolemy.vergil.basic.export.test.junit.ExportModelJUnitTestBatch6" name="[41] ptolemy/domains/ptides/demo/CoSimulation/CoSimulation.xml (RunExportModel)" time="7.577" />
  <testcase classname="ptolemy.vergil.basic.export.test.junit.ExportModelJUnitTestBatch6" name="[42] ptolemy/domains/ptides/demo/DistributedPowerPlant/DistributedPowerPlant.xml (RunExportModel)" time="6.706" />
  <testcase classname="ptolemy.vergil.basic.export.test.junit.ExportModelJUnitTestBatch6" name="[43] ptolemy/domains/ptides/demo/LocalSource/LocalSource.xml (RunExportModel)" time="4.186" />
  <testcase classname="ptolemy.vergil.basic.export.test.junit.ExportModelJUnitTestBatch6" name="[44] ptolemy/domains/ptides/demo/MixedSimulator/MixedSimulator.xml (RunExportModel)" time="4.369" />
  <testcase classname="ptolemy.vergil.basic.export.test.junit.ExportModelJUnitTestBatch6" name="[45] ptolemy/domains/ptides/demo/MultiPlatformTDMA/MultiPlatformTDMA.xml (RunExportModel)" time="4.759" />
  <testcase classname="ptolemy.vergil.basic.export.test.junit.ExportModelJUnitTestBatch6" name="[46] ptolemy/domains/ptides/demo/MultipleCores/MultipleCores.xml (RunExportModel)" time="4.239" />
  <testcase classname="ptolemy.vergil.basic.export.test.junit.ExportModelJUnitTestBatch6" name="[47] ptolemy/domains/ptides/demo/PowerManagementUnitSamplingWithoutCurrentLocalTime/PowerManagementUnitSamplingWithoutCurrentLocalTime.xml (RunExportModel)" time="6.889" />
  <testcase classname="ptolemy.vergil.basic.export.test.junit.ExportModelJUnitTestBatch6" name="[48] ptolemy/domains/ptides/demo/PowerPlant/PowerPlant.xml (RunExportModel)" time="6.71" />
  <testcase classname="ptolemy.vergil.basic.export.test.junit.ExportModelJUnitTestBatch6" name="[49] ptolemy/domains/ptides/demo/PrintingPress/PrintingPress.xml (RunExportModel)" time="62.201" />
  <testcase classname="ptolemy.vergil.basic.export.test.junit.ExportModelJUnitTestBatch6" name="[50] ptolemy/domains/ptides/demo/PrintingPress/PrintingPress_AnimationsOnly.xml (RunExportModel)" time="18.854" />
  <testcase classname="ptolemy.vergil.basic.export.test.junit.ExportModelJUnitTestBatch6" name="[51] ptolemy/domains/ptides/demo/PtidesSynchrophasor/PtidesSynchrophasor.xml (RunExportModel)" time="8.167" />
  <testcase classname="ptolemy.vergil.basic.export.test.junit.ExportModelJUnitTestBatch6" name="[52] ptolemy/domains/ptides/demo/SRinPtides/SRinPtides.xml (RunExportModel)" time="6.475" />
  <testcase classname="ptolemy.vergil.basic.export.test.junit.ExportModelJUnitTestBatch6" name="[53] ptolemy/domains/ptides/demo/TREX/TREX.xml (RunExportModel)" time="41.089" />
  <testcase classname="ptolemy.vergil.basic.export.test.junit.ExportModelJUnitTestBatch6" name="[54] ptolemy/domains/ptides/demo/TTE/TTE.xml (RunExportModel)" time="6.47" />
  <testcase classname="ptolemy.vergil.basic.export.test.junit.ExportModelJUnitTestBatch6" name="[55] ptolemy/domains/qss/demo/BouncingBall/BouncingBall.xml (RunExportModel)" time="4.313" />
  <testcase classname="ptolemy.vergil.basic.export.test.junit.ExportModelJUnitTestBatch6" name="[56] ptolemy/domains/qss/demo/FirstOrder/FirstOrder.xml (RunExportModel)" time="4.149" />
  <testcase classname="ptolemy.vergil.basic.export.test.junit.ExportModelJUnitTestBatch6" name="[57] ptolemy/domains/qss/demo/FirstOrder/FirstOrderOscillating.xml (RunExportModel)" time="4.163" />
  <testcase classname="ptolemy.vergil.basic.export.test.junit.ExportModelJUnitTestBatch6" name="[58] ptolemy/domains/qss/demo/HelloWorld/HelloWorld.xml (RunExportModel)" time="4.157" />
  <testcase classname="ptolemy.vergil.basic.export.test.junit.ExportModelJUnitTestBatch6" name="[59] ptolemy/domains/qss/demo/HelloWorld/HelloWorldComputationallyExact.xml (RunExportModel)" time="4.233" />
  <testcase classname="ptolemy.vergil.basic.export.test.junit.ExportModelJUnitTestBatch6" name="[60] ptolemy/domains/qss/demo/HelloWorld/HelloWorldContinuous.xml (RunExportModel)" time="4.194" />
  <testcase classname="ptolemy.vergil.basic.export.test.junit.ExportModelJUnitTestBatch6" name="[61] ptolemy/domains/qss/demo/HelloWorld/HelloWorldPropagate.xml (RunExportModel)" time="4.208" />
  <testcase classname="ptolemy.vergil.basic.export.test.junit.ExportModelJUnitTestBatch6" name="[62] ptolemy/domains/qss/demo/HelloWorld/HelloWorldQSS1.xml (RunExportModel)" time="4.182" />
  <testcase classname="ptolemy.vergil.basic.export.test.junit.ExportModelJUnitTestBatch6" name="[63] ptolemy/domains/qss/demo/HelloWorld/HelloWorldQSS2.xml (RunExportModel)" time="4.165" />
  <testcase classname="ptolemy.vergil.basic.export.test.junit.ExportModelJUnitTestBatch6" name="[64] ptolemy/domains/qss/demo/Lorenz/Lorenz.xml (RunExportModel)" time="5.73" />
  <testcase classname="ptolemy.vergil.basic.export.test.junit.ExportModelJUnitTestBatch6" name="[65] ptolemy/domains/qss/demo/RLC/RLC.xml (RunExportModel)" time="4.328" />
  <testcase classname="ptolemy.vergil.basic.export.test.junit.ExportModelJUnitTestBatch6" name="[66] ptolemy/domains/qss/demo/SecondOrder/SecondOrder.xml (RunExportModel)" time="4.957" />
  <testcase classname="ptolemy.vergil.basic.export.test.junit.ExportModelJUnitTestBatch6" name="[67] ptolemy/domains/qss/demo/SecondOrder/SecondOrderContinuous.xml (RunExportModel)" time="4.374" />
  <testcase classname="ptolemy.vergil.basic.export.test.junit.ExportModelJUnitTestBatch6" name="[68] ptolemy/domains/qss/demo/SmoothToken/SmoothToken.xml (RunExportModel)" time="4.164" />
  <testcase classname="ptolemy.vergil.basic.export.test.junit.ExportModelJUnitTestBatch6" name="[69] ptolemy/domains/qss/demo/Thermal/Thermal.xml (RunExportModel)" time="4.316" />
  <testcase classname="ptolemy.vergil.basic.export.test.junit.ExportModelJUnitTestBatch6" name="[70] ptolemy/domains/rendezvous/demo/Barrier/Barrier.xml (RunExportModel)" time="35.521" />
  <testcase classname="ptolemy.vergil.basic.export.test.junit.ExportModelJUnitTestBatch6" name="[71] ptolemy/domains/rendezvous/demo/ResourcePool/ResourcePool.xml (RunExportModel)" time="34.13" />
  <testcase classname="ptolemy.vergil.basic.export.test.junit.ExportModelJUnitTestBatch6" name="[72] ptolemy/domains/rendezvous/demo/Sequencing/Sequencing.xml (RunExportModel)" time="4.186" />
  <testcase classname="ptolemy.vergil.basic.export.test.junit.ExportModelJUnitTestBatch6" name="[73] ptolemy/domains/rendezvous/demo/WriteRegulator/WriteRegulator.xml (RunExportModel)" time="34.815" />
  <testcase classname="ptolemy.vergil.basic.export.test.junit.ExportModelJUnitTestBatch6" name="[74] ptolemy/domains/scr/demo/FuelSystemSCR/FuelSystemSCR.xml (RunExportModel)" time="14.865" />
  <testcase classname="ptolemy.vergil.basic.export.test.junit.ExportModelJUnitTestBatch6" name="[75] ptolemy/domains/scr/demo/HelloWorldSCR/HelloWorldSCR.xml (RunExportModel)" time="4.36" />
  <testcase classname="ptolemy.vergil.basic.export.test.junit.ExportModelJUnitTestBatch6" name="[76] ptolemy/domains/scr/demo/SafetyInjection/SafetyInjection.xml (RunExportModel)" time="7.35" />
  <testcase classname="ptolemy.vergil.basic.export.test.junit.ExportModelJUnitTestBatch6" name="[77] ptolemy/domains/scr/demo/TrafficLight/TrafficLight.xml (RunExportModel)" time="4.396" />
  <testcase classname="ptolemy.vergil.basic.export.test.junit.ExportModelJUnitTestBatch6" name="[78] ptolemy/domains/sdf/demo/Array/Array.xml (RunExportModel)" time="4.291" />
  <testcase classname="ptolemy.vergil.basic.export.test.junit.ExportModelJUnitTestBatch6" name="[79] ptolemy/domains/sdf/demo/Butterfly/Butterfly.xml (RunExportModel)" time="4.24" />
  <testcase classname="ptolemy.vergil.basic.export.test.junit.ExportModelJUnitTestBatch6" name="[80] ptolemy/domains/sdf/demo/Expression/Expression.xml (RunExportModel)" time="4.146" />
  <testcase classname="ptolemy.vergil.basic.export.test.junit.ExportModelJUnitTestBatch6" name="[81] ptolemy/domains/sdf/demo/Eye/Eye.xml (RunExportModel)" time="4.708" />
  <testcase classname="ptolemy.vergil.basic.export.test.junit.ExportModelJUnitTestBatch6" name="[82] ptolemy/domains/sdf/demo/FixFIR/FixFIR.xml (RunExportModel)" time="4.339" />
  <testcase classname="ptolemy.vergil.basic.export.test.junit.ExportModelJUnitTestBatch6" name="[83] ptolemy/domains/sdf/demo/FixPoint/FixPoint.xml (RunExportModel)" time="4.132" />
  <testcase classname="ptolemy.vergil.basic.export.test.junit.ExportModelJUnitTestBatch6" name="[84] ptolemy/domains/sdf/demo/FourierSeries/FourierSeries.xml (RunExportModel)" time="4.168" />
  <testcase classname="ptolemy.vergil.basic.export.test.junit.ExportModelJUnitTestBatch6" name="[85] ptolemy/domains/sdf/demo/Gravitation/Gravitation.xml (RunExportModel)" time="16.122" />
  <testcase classname="ptolemy.vergil.basic.export.test.junit.ExportModelJUnitTestBatch6" name="[86] ptolemy/domains/sdf/demo/Gravitation/GravitationWithCollisionDetection.xml (RunExportModel)" time="34.288" />
  <testcase classname="ptolemy.vergil.basic.export.test.junit.ExportModelJUnitTestBatch6" name="[87] ptolemy/domains/sdf/demo/HTVQ/HTVQ.xml (RunExportModel)" time="4.682" />
  <testcase classname="ptolemy.vergil.basic.export.test.junit.ExportModelJUnitTestBatch6" name="[88] ptolemy/domains/sdf/demo/LMSAdaptive/LMSAdaptive.xml (RunExportModel)" time="34.18" />
  <testcase classname="ptolemy.vergil.basic.export.test.junit.ExportModelJUnitTestBatch6" name="[89] ptolemy/domains/sdf/demo/LogisticMap/LogisticMap.xml (RunExportModel)" time="34.612" />
  <testcase classname="ptolemy.vergil.basic.export.test.junit.ExportModelJUnitTestBatch6" name="[90] ptolemy/domains/sdf/demo/MaximumEntropySpectrum/MaximumEntropySpectrum.xml (RunExportModel)" time="4.647" />
  <testcase classname="ptolemy.vergil.basic.export.test.junit.ExportModelJUnitTestBatch6" name="[91] ptolemy/domains/sdf/demo/ModelDisplay/ModelDisplay.xml (RunExportModel)" time="34.25" />
  <testcase classname="ptolemy.vergil.basic.export.test.junit.ExportModelJUnitTestBatch6" name="[92] ptolemy/domains/sdf/demo/MultipleRuns/MultipleRuns.xml (RunExportModel)" time="4.362" />
  <testcase classname="ptolemy.vergil.basic.export.test.junit.ExportModelJUnitTestBatch6" name="[93] ptolemy/domains/sdf/demo/NoisySinewave/NoisySinewave.xml (RunExportModel)" time="4.302" />
  <testcase classname="ptolemy.vergil.basic.export.test.junit.ExportModelJUnitTestBatch6" name="[94] ptolemy/domains/sdf/demo/OrthogonalCom/OrthogonalCom.xml (RunExportModel)" time="4.257" />
  <testcase classname="ptolemy.vergil.basic.export.test.junit.ExportModelJUnitTestBatch6" name="[95] ptolemy/domains/sdf/demo/RijndaelEncryption/RijndaelEncryption.xml (RunExportModel)" time="5.53" />
  <testcase classname="ptolemy.vergil.basic.export.test.junit.ExportModelJUnitTestBatch6" name="[96] ptolemy/domains/sdf/demo/Sketch/Sketch.xml (RunExportModel)" time="4.026" />
  <testcase classname="ptolemy.vergil.basic.export.test.junit.ExportModelJUnitTestBatch6" name="[97] ptolemy/domains/sdf/demo/SoundSpectrum/SoundSpectrum.xml (RunExportModel)" time="3.163" />
  <testcase classname="ptolemy.vergil.basic.export.test.junit.ExportModelJUnitTestBatch6" name="[98] ptolemy/domains/sdf/demo/Spectrum/Spectrum.xml (RunExportModel)" time="4.292" />
  <testcase classname="ptolemy.vergil.basic.export.test.junit.ExportModelJUnitTestBatch6" name="[99] ptolemy/domains/sdf/demo/SynthesizedVoice/SynthesizedVoice.xml (RunExportModel)" time="3.142" />
  <system-out><![CDATA[ExportModeJUnitTestBatch: There are 756 demos. Exporting demos: 591 to 690.
####### 1 Fri Dec 07 03:39:31 UTC 2018 $PTII/bin/ptinvoke ptolemy.vergil.basic.export.ExportModel -force htm  -openComposites -timeOut 30000 -whiteBackground ptolemy/domains/modal/demo/SystemLevelType/PNDomain.xml $PTII/ptolemy/domains/modal/demo/SystemLevelType/PNDomain
Warning: not running ptolemy/domains/modal/demo/SystemLevelType/PNDomain.xml. See ptolemy/vergil/basic/export/test/junit/ExportModelJUnitTest.java
Exported /home/travis/build/icyphy/ptII/ptolemy/domains/modal/demo/SystemLevelType/PNDomain/index.html
6367 ms. Memory: 177664K Free: 106810K (60%)
####### 2 Fri Dec 07 03:39:37 UTC 2018 $PTII/bin/ptinvoke ptolemy.vergil.basic.export.ExportModel -force htm  -openComposites -timeOut 30000 -whiteBackground ptolemy/domains/modal/demo/SystemLevelType/PNDomain_PolyActor.xml $PTII/ptolemy/domains/modal/demo/SystemLevelType/PNDomain_PolyActor
Warning: not running ptolemy/domains/modal/demo/SystemLevelType/PNDomain_PolyActor.xml. See ptolemy/vergil/basic/export/test/junit/ExportModelJUnitTest.java
Exported /home/travis/build/icyphy/ptII/ptolemy/domains/modal/demo/SystemLevelType/PNDomain_PolyActor/index.html
3674 ms. Memory: 177664K Free: 98908K (56%)
####### 3 Fri Dec 07 03:39:41 UTC 2018 $PTII/bin/ptinvoke ptolemy.vergil.basic.export.ExportModel -force htm  -openComposites -timeOut 30000 -whiteBackground ptolemy/domains/modal/demo/SystemLevelType/PNDomain_SDFActor.xml $PTII/ptolemy/domains/modal/demo/SystemLevelType/PNDomain_SDFActor
Warning: not running ptolemy/domains/modal/demo/SystemLevelType/PNDomain_SDFActor.xml. See ptolemy/vergil/basic/export/test/junit/ExportModelJUnitTest.java
Exported /home/travis/build/icyphy/ptII/ptolemy/domains/modal/demo/SystemLevelType/PNDomain_SDFActor/index.html
3496 ms. Memory: 237568K Free: 155635K (66%)
####### 4 Fri Dec 07 03:39:44 UTC 2018 $PTII/bin/ptinvoke ptolemy.vergil.basic.export.ExportModel -force htm  -openComposites -timeOut 30000 -whiteBackground ptolemy/domains/modal/demo/SystemLevelType/PolyActor.xml $PTII/ptolemy/domains/modal/demo/SystemLevelType/PolyActor
Warning: not running ptolemy/domains/modal/demo/SystemLevelType/PolyActor.xml. See ptolemy/vergil/basic/export/test/junit/ExportModelJUnitTest.java
Exported /home/travis/build/icyphy/ptII/ptolemy/domains/modal/demo/SystemLevelType/PolyActor/index.html
3407 ms. Memory: 245760K Free: 209468K (85%)
####### 5 Fri Dec 07 03:39:48 UTC 2018 $PTII/bin/ptinvoke ptolemy.vergil.basic.export.ExportModel -force htm  -openComposites -timeOut 30000 -whiteBackground ptolemy/domains/modal/demo/SystemLevelType/SDFActor.xml $PTII/ptolemy/domains/modal/demo/SystemLevelType/SDFActor
Warning: not running ptolemy/domains/modal/demo/SystemLevelType/SDFActor.xml. See ptolemy/vergil/basic/export/test/junit/ExportModelJUnitTest.java
Exported /home/travis/build/icyphy/ptII/ptolemy/domains/modal/demo/SystemLevelType/SDFActor/index.html
3313 ms. Memory: 245760K Free: 88749K (36%)
####### 6 Fri Dec 07 03:39:51 UTC 2018 $PTII/bin/ptinvoke ptolemy.vergil.basic.export.ExportModel -force htm  -openComposites -timeOut 30000 -whiteBackground ptolemy/domains/modal/demo/SystemLevelType/SDFDomain.xml $PTII/ptolemy/domains/modal/demo/SystemLevelType/SDFDomain
Warning: not running ptolemy/domains/modal/demo/SystemLevelType/SDFDomain.xml. See ptolemy/vergil/basic/export/test/junit/ExportModelJUnitTest.java
Exported /home/travis/build/icyphy/ptII/ptolemy/domains/modal/demo/SystemLevelType/SDFDomain/index.html
3343 ms. Memory: 318464K Free: 219444K (69%)
####### 7 Fri Dec 07 03:39:54 UTC 2018 $PTII/bin/ptinvoke ptolemy.vergil.basic.export.ExportModel -force htm  -openComposites -timeOut 30000 -whiteBackground ptolemy/domains/modal/demo/SystemLevelType/SDFDomain_PolyActor.xml $PTII/ptolemy/domains/modal/demo/SystemLevelType/SDFDomain_PolyActor
Warning: not running ptolemy/domains/modal/demo/SystemLevelType/SDFDomain_PolyActor.xml. See ptolemy/vergil/basic/export/test/junit/ExportModelJUnitTest.java
Exported /home/travis/build/icyphy/ptII/ptolemy/domains/modal/demo/SystemLevelType/SDFDomain_PolyActor/index.html
3255 ms. Memory: 318464K Free: 87509K (27%)
####### 8 Fri Dec 07 03:39:57 UTC 2018 $PTII/bin/ptinvoke ptolemy.vergil.basic.export.ExportModel -force htm  -openComposites -timeOut 30000 -whiteBackground ptolemy/domains/modal/demo/SystemLevelType/SDFDomain_SDFActor.xml $PTII/ptolemy/domains/modal/demo/SystemLevelType/SDFDomain_SDFActor
Warning: not running ptolemy/domains/modal/demo/SystemLevelType/SDFDomain_SDFActor.xml. See ptolemy/vergil/basic/export/test/junit/ExportModelJUnitTest.java
Exported /home/travis/build/icyphy/ptII/ptolemy/domains/modal/demo/SystemLevelType/SDFDomain_SDFActor/index.html
3310 ms. Memory: 318976K Free: 217852K (68%)
####### 9 Fri Dec 07 03:40:01 UTC 2018 $PTII/bin/ptinvoke ptolemy.vergil.basic.export.ExportModel -force htm  -openComposites -timeOut 30000 -whiteBackground ptolemy/domains/modal/demo/SystemLevelType/ThreadA.xml $PTII/ptolemy/domains/modal/demo/SystemLevelType/ThreadA
Warning: not running ptolemy/domains/modal/demo/SystemLevelType/ThreadA.xml. See ptolemy/vergil/basic/export/test/junit/ExportModelJUnitTest.java
Exported /home/travis/build/icyphy/ptII/ptolemy/domains/modal/demo/SystemLevelType/ThreadA/index.html
3236 ms. Memory: 318976K Free: 106614K (33%)
####### 10 Fri Dec 07 03:40:04 UTC 2018 $PTII/bin/ptinvoke ptolemy.vergil.basic.export.ExportModel -force htm  -openComposites -timeOut 30000 -whiteBackground ptolemy/domains/modal/demo/SystemLevelType/ThreadA_Monitor_ThreadB.xml $PTII/ptolemy/domains/modal/demo/SystemLevelType/ThreadA_Monitor_ThreadB
Warning: not running ptolemy/domains/modal/demo/SystemLevelType/ThreadA_Monitor_ThreadB.xml. See ptolemy/vergil/basic/export/test/junit/ExportModelJUnitTest.java
Exported /home/travis/build/icyphy/ptII/ptolemy/domains/modal/demo/SystemLevelType/ThreadA_Monitor_ThreadB/index.html
3220 ms. Memory: 363520K Free: 266091K (73%)
####### 11 Fri Dec 07 03:40:07 UTC 2018 $PTII/bin/ptinvoke ptolemy.vergil.basic.export.ExportModel -force htm  -openComposites -timeOut 30000 -whiteBackground ptolemy/domains/modal/demo/SystemLevelType/ThreadB.xml $PTII/ptolemy/domains/modal/demo/SystemLevelType/ThreadB
Warning: not running ptolemy/domains/modal/demo/SystemLevelType/ThreadB.xml. See ptolemy/vergil/basic/export/test/junit/ExportModelJUnitTest.java
Exported /home/travis/build/icyphy/ptII/ptolemy/domains/modal/demo/SystemLevelType/ThreadB/index.html
3197 ms. Memory: 363520K Free: 154206K (42%)
####### 12 Fri Dec 07 03:40:10 UTC 2018 $PTII/bin/ptinvoke ptolemy.vergil.basic.export.ExportModel -force htm  -openComposites -timeOut 30000 -whiteBackground ptolemy/domains/modal/demo/SystemLevelType/ThreadBNotifies.xml $PTII/ptolemy/domains/modal/demo/SystemLevelType/ThreadBNotifies
Warning: not running ptolemy/domains/modal/demo/SystemLevelType/ThreadBNotifies.xml. See ptolemy/vergil/basic/export/test/junit/ExportModelJUnitTest.java
Exported /home/travis/build/icyphy/ptII/ptolemy/domains/modal/demo/SystemLevelType/ThreadBNotifies/index.html
3213 ms. Memory: 363520K Free: 41488K (11%)
####### 13 Fri Dec 07 03:40:14 UTC 2018 $PTII/bin/ptinvoke ptolemy.vergil.basic.export.ExportModel -force htm  -openComposites -timeOut 30000 -whiteBackground ptolemy/domains/modal/demo/SystemLevelType/Trigger.xml $PTII/ptolemy/domains/modal/demo/SystemLevelType/Trigger
Warning: not running ptolemy/domains/modal/demo/SystemLevelType/Trigger.xml. See ptolemy/vergil/basic/export/test/junit/ExportModelJUnitTest.java
Exported /home/travis/build/icyphy/ptII/ptolemy/domains/modal/demo/SystemLevelType/Trigger/index.html
3247 ms. Memory: 370688K Free: 249772K (67%)
####### 14 Fri Dec 07 03:40:17 UTC 2018 $PTII/bin/ptinvoke ptolemy.vergil.basic.export.ExportModel -force htm  -openComposites -timeOut 30000 -whiteBackground ptolemy/domains/modal/demo/SystemLevelType/UNKNOWN.xml $PTII/ptolemy/domains/modal/demo/SystemLevelType/UNKNOWN
Warning: not running ptolemy/domains/modal/demo/SystemLevelType/UNKNOWN.xml. See ptolemy/vergil/basic/export/test/junit/ExportModelJUnitTest.java
Exported /home/travis/build/icyphy/ptII/ptolemy/domains/modal/demo/SystemLevelType/UNKNOWN/index.html
3189 ms. Memory: 370688K Free: 128781K (35%)
####### 15 Fri Dec 07 03:40:20 UTC 2018 $PTII/bin/ptinvoke ptolemy.vergil.basic.export.ExportModel -force htm  -openComposites -timeOut 30000 -whiteBackground ptolemy/domains/openmodelica/demo/OpenModelica/OpenModelicaInteractive.xml $PTII/ptolemy/domains/openmodelica/demo/OpenModelica/OpenModelicaInteractive
Warning: not running ptolemy/domains/openmodelica/demo/OpenModelica/OpenModelicaInteractive.xml. See ptolemy/vergil/basic/export/test/junit/ExportModelJUnitTest.java
Exported /home/travis/build/icyphy/ptII/ptolemy/domains/openmodelica/demo/OpenModelica/OpenModelicaInteractive/index.html
3406 ms. Memory: 409088K Free: 255424K (62%)
####### 16 Fri Dec 07 03:40:24 UTC 2018 $PTII/bin/ptinvoke ptolemy.vergil.basic.export.ExportModel -force htm -run -openComposites -timeOut 30000 -whiteBackground ptolemy/domains/petrinet/demo/PetriNetDiningPhilosophers/PetriNetDiningPhilosophers.xml $PTII/ptolemy/domains/petrinet/demo/PetriNetDiningPhilosophers/PetriNetDiningPhilosophers
Running .PetriNetDiningPhilosophers
65 ms. Memory: 409088K Free: 121558K (30%)
Exported /home/travis/build/icyphy/ptII/ptolemy/domains/petrinet/demo/PetriNetDiningPhilosophers/PetriNetDiningPhilosophers/index.html
5124 ms. Memory: 409088K Free: 136715K (33%)
####### 17 Fri Dec 07 03:40:29 UTC 2018 $PTII/bin/ptinvoke ptolemy.vergil.basic.export.ExportModel -force htm -run -openComposites -timeOut 30000 -whiteBackground ptolemy/domains/petrinet/demo/PetriNetSimple/PetriNetSimple.xml $PTII/ptolemy/domains/petrinet/demo/PetriNetSimple/PetriNetSimple
Running .PetriNetSimple
15 ms. Memory: 409088K Free: 44921K (11%)
Exported /home/travis/build/icyphy/ptII/ptolemy/domains/petrinet/demo/PetriNetSimple/PetriNetSimple/index.html
4246 ms. Memory: 456704K Free: 391094K (86%)
####### 18 Fri Dec 07 03:40:33 UTC 2018 $PTII/bin/ptinvoke ptolemy.vergil.basic.export.ExportModel -force htm -run -openComposites -timeOut 30000 -whiteBackground ptolemy/domains/pn/demo/BrockAckerman/BrockAckerman.xml $PTII/ptolemy/domains/pn/demo/BrockAckerman/BrockAckerman
Running .BrockAckerman
69 ms. Memory: 456704K Free: 187968K (41%)
Exported /home/travis/build/icyphy/ptII/ptolemy/domains/pn/demo/BrockAckerman/BrockAckerman/index.html
4772 ms. Memory: 457728K Free: 404905K (88%)
####### 19 Fri Dec 07 03:40:38 UTC 2018 $PTII/bin/ptinvoke ptolemy.vergil.basic.export.ExportModel -force htm -run -openComposites -timeOut 30000 -whiteBackground ptolemy/domains/pn/demo/CounterMachine/CounterMachine.xml $PTII/ptolemy/domains/pn/demo/CounterMachine/CounterMachine
Running .CounterMachine
ExportHTMLTimer went off after 30000 ms., calling getDirector().finish and getDirector().stopFire()
30018 ms. Memory: 581632K Free: 329611K (57%)
Exported /home/travis/build/icyphy/ptII/ptolemy/domains/pn/demo/CounterMachine/CounterMachine/index.html
39919 ms. Memory: 662016K Free: 88170K (13%)
####### 20 Fri Dec 07 03:41:18 UTC 2018 $PTII/bin/ptinvoke ptolemy.vergil.basic.export.ExportModel -force htm -run -openComposites -timeOut 30000 -whiteBackground ptolemy/domains/pn/demo/CounterMachine/CounterMachinePrelim.xml $PTII/ptolemy/domains/pn/demo/CounterMachine/CounterMachinePrelim
Running .CounterMachinePrelim
103 ms. Memory: 665600K Free: 349342K (52%)
Exported /home/travis/build/icyphy/ptII/ptolemy/domains/pn/demo/CounterMachine/CounterMachinePrelim/index.html
6656 ms. Memory: 766464K Free: 421687K (55%)
####### 21 Fri Dec 07 03:41:24 UTC 2018 $PTII/bin/ptinvoke ptolemy.vergil.basic.export.ExportModel -force htm -run -openComposites -timeOut 30000 -whiteBackground ptolemy/domains/pn/demo/CounterMachine/CounterMachineWithException.xml $PTII/ptolemy/domains/pn/demo/CounterMachine/CounterMachineWithException
Running .CounterMachineWithException
535 ms. Memory: 771584K Free: 172220K (22%)
Exported /home/travis/build/icyphy/ptII/ptolemy/domains/pn/demo/CounterMachine/CounterMachineWithException/index.html
10283 ms. Memory: 964608K Free: 574070K (60%)
####### 22 Fri Dec 07 03:41:35 UTC 2018 $PTII/bin/ptinvoke ptolemy.vergil.basic.export.ExportModel -force htm -run -openComposites -timeOut 30000 -whiteBackground ptolemy/domains/pn/demo/NondeterministicMerge/NondeterministicMerge.xml $PTII/ptolemy/domains/pn/demo/NondeterministicMerge/NondeterministicMerge
Running .NondeterministicMerge
ExportHTMLTimer went off after 30000 ms., calling getDirector().finish and getDirector().stopFire()
30010 ms. Memory: 964608K Free: 451104K (47%)
Exported /home/travis/build/icyphy/ptII/ptolemy/domains/pn/demo/NondeterministicMerge/NondeterministicMerge/index.html
34260 ms. Memory: 964608K Free: 389632K (40%)
####### 23 Fri Dec 07 03:42:09 UTC 2018 $PTII/bin/ptinvoke ptolemy.vergil.basic.export.ExportModel -force htm -run -openComposites -timeOut 30000 -whiteBackground ptolemy/domains/pn/demo/NondeterministicMergeWithFeedback/NondeterministicMergeWithFeedback.xml $PTII/ptolemy/domains/pn/demo/NondeterministicMergeWithFeedback/NondeterministicMergeWithFeedback
Running .NondeterministicMergeWithFeedback
86 ms. Memory: 964608K Free: 264409K (27%)
Exported /home/travis/build/icyphy/ptII/ptolemy/domains/pn/demo/NondeterministicMergeWithFeedback/NondeterministicMergeWithFeedback/index.html
4362 ms. Memory: 964608K Free: 187394K (19%)
####### 24 Fri Dec 07 03:42:13 UTC 2018 $PTII/bin/ptinvoke ptolemy.vergil.basic.export.ExportModel -force htm -run -openComposites -timeOut 30000 -whiteBackground ptolemy/domains/pn/demo/OrderedMerge/OrderedMerge.xml $PTII/ptolemy/domains/pn/demo/OrderedMerge/OrderedMerge
Running .OrderedMerge
126 ms. Memory: 1085952K Free: 982787K (91%)
Exported /home/travis/build/icyphy/ptII/ptolemy/domains/pn/demo/OrderedMerge/OrderedMerge/index.html
4425 ms. Memory: 1085952K Free: 945330K (87%)
####### 25 Fri Dec 07 03:42:18 UTC 2018 $PTII/bin/ptinvoke ptolemy.vergil.basic.export.ExportModel -force htm -run -openComposites -timeOut 30000 -whiteBackground ptolemy/domains/pn/demo/QR/QR.xml $PTII/ptolemy/domains/pn/demo/QR/QR
Running .QR
75 ms. Memory: 1085952K Free: 817049K (75%)
Exported /home/travis/build/icyphy/ptII/ptolemy/domains/pn/demo/QR/QR/index.html
4363 ms. Memory: 1085952K Free: 776835K (72%)
####### 26 Fri Dec 07 03:42:22 UTC 2018 $PTII/bin/ptinvoke ptolemy.vergil.basic.export.ExportModel -force htm -run -openComposites -timeOut 30000 -whiteBackground ptolemy/domains/pn/demo/RemoveNilTokens/RemoveNilTokens.xml $PTII/ptolemy/domains/pn/demo/RemoveNilTokens/RemoveNilTokens
Running .RemoveNilTokens
11 ms. Memory: 1085952K Free: 631431K (58%)
Exported /home/travis/build/icyphy/ptII/ptolemy/domains/pn/demo/RemoveNilTokens/RemoveNilTokens/index.html
4309 ms. Memory: 1085952K Free: 603275K (56%)
####### 27 Fri Dec 07 03:42:26 UTC 2018 $PTII/bin/ptinvoke ptolemy.vergil.basic.export.ExportModel -force htm -run -openComposites -timeOut 30000 -whiteBackground ptolemy/domains/pn/demo/Stack/Stack.xml $PTII/ptolemy/domains/pn/demo/Stack/Stack
Running .Stack
117 ms. Memory: 1085952K Free: 288726K (27%)
Exported /home/travis/build/icyphy/ptII/ptolemy/domains/pn/demo/Stack/Stack/index.html
4527 ms. Memory: 1085952K Free: 163583K (15%)
####### 28 Fri Dec 07 03:42:31 UTC 2018 $PTII/bin/ptinvoke ptolemy.vergil.basic.export.ExportModel -force htm -run -openComposites -timeOut 30000 -whiteBackground ptolemy/domains/psdf/demo/BlindCommunication/BlindCommunication.xml $PTII/ptolemy/domains/psdf/demo/BlindCommunication/BlindCommunication
Running .BlindCommunication
2365 ms. Memory: 1103872K Free: 578259K (52%)
Exported /home/travis/build/icyphy/ptII/ptolemy/domains/psdf/demo/BlindCommunication/BlindCommunication/index.html
7912 ms. Memory: 1103872K Free: 168395K (15%)
####### 29 Fri Dec 07 03:42:39 UTC 2018 $PTII/bin/ptinvoke ptolemy.vergil.basic.export.ExportModel -force htm -run -openComposites -timeOut 30000 -whiteBackground ptolemy/domains/psdf/demo/Speech/Speech.xml $PTII/ptolemy/domains/psdf/demo/Speech/Speech
Running .Speech
450 ms. Memory: 1245696K Free: 1038949K (83%)
Exported /home/travis/build/icyphy/ptII/ptolemy/domains/psdf/demo/Speech/Speech/index.html
4888 ms. Memory: 1245696K Free: 924707K (74%)
####### 30 Fri Dec 07 03:42:44 UTC 2018 $PTII/bin/ptinvoke ptolemy.vergil.basic.export.ExportModel -force htm -run -openComposites -timeOut 30000 -whiteBackground ptolemy/domains/ptera/demo/AdaptiveCarWash/AdaptiveCarWash.xml $PTII/ptolemy/domains/ptera/demo/AdaptiveCarWash/AdaptiveCarWash
Running .AdaptiveCarWash
767 ms. Memory: 1245696K Free: 644663K (52%)
Exported /home/travis/build/icyphy/ptII/ptolemy/domains/ptera/demo/AdaptiveCarWash/AdaptiveCarWash/index.html
6895 ms. Memory: 1245696K Free: 84587K (7%)
####### 31 Fri Dec 07 03:42:51 UTC 2018 $PTII/bin/ptinvoke ptolemy.vergil.basic.export.ExportModel -force htm -run -openComposites -timeOut 30000 -whiteBackground ptolemy/domains/ptera/demo/AdaptiveCarWash/AdaptiveCarWashFSM.xml $PTII/ptolemy/domains/ptera/demo/AdaptiveCarWash/AdaptiveCarWashFSM
Running .AdaptiveCarWashFSM
431 ms. Memory: 1249792K Free: 959572K (77%)
Exported /home/travis/build/icyphy/ptII/ptolemy/domains/ptera/demo/AdaptiveCarWash/AdaptiveCarWashFSM/index.html
4943 ms. Memory: 1249792K Free: 795218K (64%)
####### 32 Fri Dec 07 03:42:55 UTC 2018 $PTII/bin/ptinvoke ptolemy.vergil.basic.export.ExportModel -force htm -run -openComposites -timeOut 30000 -whiteBackground ptolemy/domains/ptera/demo/CarWash/CarWash.xml $PTII/ptolemy/domains/ptera/demo/CarWash/CarWash
Running .CarWash
155 ms. Memory: 1249792K Free: 602657K (48%)
Exported /home/travis/build/icyphy/ptII/ptolemy/domains/ptera/demo/CarWash/CarWash/index.html
4522 ms. Memory: 1249792K Free: 571880K (46%)
####### 33 Fri Dec 07 03:43:00 UTC 2018 $PTII/bin/ptinvoke ptolemy.vergil.basic.export.ExportModel -force htm -run -openComposites -timeOut 30000 -whiteBackground ptolemy/domains/ptera/demo/CarWash/CarWashDE.xml $PTII/ptolemy/domains/ptera/demo/CarWash/CarWashDE
Running .CarWashDE
192 ms. Memory: 1249792K Free: 415394K (33%)
Exported /home/travis/build/icyphy/ptII/ptolemy/domains/ptera/demo/CarWash/CarWashDE/index.html
4590 ms. Memory: 1249792K Free: 282605K (23%)
####### 34 Fri Dec 07 03:43:05 UTC 2018 $PTII/bin/ptinvoke ptolemy.vergil.basic.export.ExportModel -force htm -run -openComposites -timeOut 30000 -whiteBackground ptolemy/domains/ptera/demo/SimultaneousCarWash/SimultaneousCarWash.xml $PTII/ptolemy/domains/ptera/demo/SimultaneousCarWash/SimultaneousCarWash
Running .SimultaneousCarWash
516 ms. Memory: 1371136K Free: 1300172K (95%)
Exported /home/travis/build/icyphy/ptII/ptolemy/domains/ptera/demo/SimultaneousCarWash/SimultaneousCarWash/index.html
4932 ms. Memory: 1371136K Free: 1115841K (81%)
####### 35 Fri Dec 07 03:43:10 UTC 2018 $PTII/bin/ptinvoke ptolemy.vergil.basic.export.ExportModel -force htm -run -openComposites -timeOut 30000 -whiteBackground ptolemy/domains/ptera/demo/TrafficLight/TrafficLight.xml $PTII/ptolemy/domains/ptera/demo/TrafficLight/TrafficLight
Running .TrafficLight
ExportHTMLTimer went off after 30000 ms., calling getDirector().finish and getDirector().stopFire()
30001 ms. Memory: 1371136K Free: 935362K (68%)
Exported /home/travis/build/icyphy/ptII/ptolemy/domains/ptera/demo/TrafficLight/TrafficLight/index.html
34685 ms. Memory: 1371136K Free: 597400K (44%)
####### 36 Fri Dec 07 03:43:44 UTC 2018 $PTII/bin/ptinvoke ptolemy.vergil.basic.export.ExportModel -force htm -run -openComposites -timeOut 30000 -whiteBackground ptolemy/domains/pthales/demo/AdaptiveBeamForming/AdaptiveBeamForming.xml $PTII/ptolemy/domains/pthales/demo/AdaptiveBeamForming/AdaptiveBeamForming
Running .AdaptiveBeamForming
2152 ms. Memory: 1366528K Free: 832901K (61%)
Exported /home/travis/build/icyphy/ptII/ptolemy/domains/pthales/demo/AdaptiveBeamForming/AdaptiveBeamForming/index.html
6419 ms. Memory: 1366528K Free: 764893K (56%)
####### 37 Fri Dec 07 03:43:51 UTC 2018 $PTII/bin/ptinvoke ptolemy.vergil.basic.export.ExportModel -force htm -run -openComposites -timeOut 30000 -whiteBackground ptolemy/domains/pthales/demo/FFT/FFT.xml $PTII/ptolemy/domains/pthales/demo/FFT/FFT
Running .FFT
198 ms. Memory: 1381888K Free: 1344104K (97%)
Exported /home/travis/build/icyphy/ptII/ptolemy/domains/pthales/demo/FFT/FFT/index.html
4705 ms. Memory: 1381888K Free: 1127628K (82%)
####### 38 Fri Dec 07 03:43:55 UTC 2018 $PTII/bin/ptinvoke ptolemy.vergil.basic.export.ExportModel -force htm -run -openComposites -timeOut 30000 -whiteBackground ptolemy/domains/pthales/demo/HelloWorld/HelloWorld.xml $PTII/ptolemy/domains/pthales/demo/HelloWorld/HelloWorld
Running .HelloWorld
175 ms. Memory: 1383936K Free: 1352129K (98%)
Exported /home/travis/build/icyphy/ptII/ptolemy/domains/pthales/demo/HelloWorld/HelloWorld/index.html
4430 ms. Memory: 1383936K Free: 1271950K (92%)
####### 39 Fri Dec 07 03:44:00 UTC 2018 $PTII/bin/ptinvoke ptolemy.vergil.basic.export.ExportModel -force htm -run -openComposites -timeOut 30000 -whiteBackground ptolemy/domains/pthales/demo/Illustrative/Illustrative.xml $PTII/ptolemy/domains/pthales/demo/Illustrative/Illustrative
Running .Illustrative
172 ms. Memory: 1384448K Free: 1297904K (94%)
Exported /home/travis/build/icyphy/ptII/ptolemy/domains/pthales/demo/Illustrative/Illustrative/index.html
4491 ms. Memory: 1384448K Free: 1050206K (76%)
####### 40 Fri Dec 07 03:44:04 UTC 2018 $PTII/bin/ptinvoke ptolemy.vergil.basic.export.ExportModel -force htm -run -openComposites -timeOut 30000 -whiteBackground ptolemy/domains/ptides/demo/ActuatorPattern/ActuatorPattern.xml $PTII/ptolemy/domains/ptides/demo/ActuatorPattern/ActuatorPattern
Running .ActuatorPattern
27 ms. Memory: 1384448K Free: 917746K (66%)
Exported /home/travis/build/icyphy/ptII/ptolemy/domains/ptides/demo/ActuatorPattern/ActuatorPattern/index.html
4366 ms. Memory: 1384448K Free: 768956K (56%)
####### 41 Fri Dec 07 03:44:09 UTC 2018 $PTII/bin/ptinvoke ptolemy.vergil.basic.export.ExportModel -force htm -run -openComposites -timeOut 30000 -whiteBackground ptolemy/domains/ptides/demo/Controller/Controller.xml $PTII/ptolemy/domains/ptides/demo/Controller/Controller
Running .Controller
WARNING: The execution aspects in this model can influence the timing of actors by delaying the 
execution, potentially changing the behavior. There is no guarantee that actors fire at the 
time they request to be fired. 
Use Ptides for deterministic DE behavior that is not influenced by execution aspects. 

ExportHTMLTimer went off after 30000 ms., calling getDirector().finish and getDirector().stopFire()
30014 ms. Memory: 1506304K Free: 963323K (64%)
Exported /home/travis/build/icyphy/ptII/ptolemy/domains/ptides/demo/Controller/Controller/index.html
37023 ms. Memory: 1608192K Free: 1306907K (81%)
####### 42 Fri Dec 07 03:44:46 UTC 2018 $PTII/bin/ptinvoke ptolemy.vergil.basic.export.ExportModel -force htm -run -openComposites -timeOut 30000 -whiteBackground ptolemy/domains/ptides/demo/CoSimulation/CoSimulation.xml $PTII/ptolemy/domains/ptides/demo/CoSimulation/CoSimulation
Running .CoSimulation
979 ms. Memory: 1608192K Free: 787177K (49%)
Exported /home/travis/build/icyphy/ptII/ptolemy/domains/ptides/demo/CoSimulation/CoSimulation/index.html
7576 ms. Memory: 1611264K Free: 1545997K (96%)
####### 43 Fri Dec 07 03:44:53 UTC 2018 $PTII/bin/ptinvoke ptolemy.vergil.basic.export.ExportModel -force htm -run -openComposites -timeOut 30000 -whiteBackground ptolemy/domains/ptides/demo/DistributedPowerPlant/DistributedPowerPlant.xml $PTII/ptolemy/domains/ptides/demo/DistributedPowerPlant/DistributedPowerPlant
Running .DistributedPowerPlant
279 ms. Memory: 1611264K Free: 1271459K (79%)
Exported /home/travis/build/icyphy/ptII/ptolemy/domains/ptides/demo/DistributedPowerPlant/DistributedPowerPlant/index.html
6706 ms. Memory: 1611264K Free: 404515K (25%)
####### 44 Fri Dec 07 03:45:00 UTC 2018 $PTII/bin/ptinvoke ptolemy.vergil.basic.export.ExportModel -force htm -run -openComposites -timeOut 30000 -whiteBackground ptolemy/domains/ptides/demo/LocalSource/LocalSource.xml $PTII/ptolemy/domains/ptides/demo/LocalSource/LocalSource
Running .LocalSource
12 ms. Memory: 1611264K Free: 302864K (19%)
Exported /home/travis/build/icyphy/ptII/ptolemy/domains/ptides/demo/LocalSource/LocalSource/index.html
4186 ms. Memory: 1611264K Free: 219815K (14%)
####### 45 Fri Dec 07 03:45:04 UTC 2018 $PTII/bin/ptinvoke ptolemy.vergil.basic.export.ExportModel -force htm -run -openComposites -timeOut 30000 -whiteBackground ptolemy/domains/ptides/demo/MixedSimulator/MixedSimulator.xml $PTII/ptolemy/domains/ptides/demo/MixedSimulator/MixedSimulator
Running .MixedSimulator
109 ms. Memory: 1714688K Free: 1641532K (96%)
Exported /home/travis/build/icyphy/ptII/ptolemy/domains/ptides/demo/MixedSimulator/MixedSimulator/index.html
4369 ms. Memory: 1714688K Free: 1507865K (88%)
####### 46 Fri Dec 07 03:45:09 UTC 2018 $PTII/bin/ptinvoke ptolemy.vergil.basic.export.ExportModel -force htm -run -openComposites -timeOut 30000 -whiteBackground ptolemy/domains/ptides/demo/MultiPlatformTDMA/MultiPlatformTDMA.xml $PTII/ptolemy/domains/ptides/demo/MultiPlatformTDMA/MultiPlatformTDMA
Running .MultiPlatformTDMA
108 ms. Memory: 1714688K Free: 1241374K (72%)
Exported /home/travis/build/icyphy/ptII/ptolemy/domains/ptides/demo/MultiPlatformTDMA/MultiPlatformTDMA/index.html
4759 ms. Memory: 1714688K Free: 955317K (56%)
####### 47 Fri Dec 07 03:45:13 UTC 2018 $PTII/bin/ptinvoke ptolemy.vergil.basic.export.ExportModel -force htm -run -openComposites -timeOut 30000 -whiteBackground ptolemy/domains/ptides/demo/MultipleCores/MultipleCores.xml $PTII/ptolemy/domains/ptides/demo/MultipleCores/MultipleCores
Running .MultipleCores
16 ms. Memory: 1714688K Free: 827163K (48%)
Exported /home/travis/build/icyphy/ptII/ptolemy/domains/ptides/demo/MultipleCores/MultipleCores/index.html
4239 ms. Memory: 1714688K Free: 737492K (43%)
####### 48 Fri Dec 07 03:45:18 UTC 2018 $PTII/bin/ptinvoke ptolemy.vergil.basic.export.ExportModel -force htm -run -openComposites -timeOut 30000 -whiteBackground ptolemy/domains/ptides/demo/PowerManagementUnitSamplingWithoutCurrentLocalTime/PowerManagementUnitSamplingWithoutCurrentLocalTime.xml $PTII/ptolemy/domains/ptides/demo/PowerManagementUnitSamplingWithoutCurrentLocalTime/PowerManagementUnitSamplingWithoutCurrentLocalTime
Running .PowerManagementUnitSamplingWithoutCurrentLocalTime
100 ms. Memory: 1714688K Free: 448274K (26%)
Exported /home/travis/build/icyphy/ptII/ptolemy/domains/ptides/demo/PowerManagementUnitSamplingWithoutCurrentLocalTime/PowerManagementUnitSamplingWithoutCurrentLocalTime/index.html
6889 ms. Memory: 1724416K Free: 750096K (43%)
####### 49 Fri Dec 07 03:45:24 UTC 2018 $PTII/bin/ptinvoke ptolemy.vergil.basic.export.ExportModel -force htm -run -openComposites -timeOut 30000 -whiteBackground ptolemy/domains/ptides/demo/PowerPlant/PowerPlant.xml $PTII/ptolemy/domains/ptides/demo/PowerPlant/PowerPlant
Running .PowerPlant
290 ms. Memory: 1724416K Free: 480222K (28%)
Exported /home/travis/build/icyphy/ptII/ptolemy/domains/ptides/demo/PowerPlant/PowerPlant/index.html
6710 ms. Memory: 1746432K Free: 1334360K (76%)
####### 50 Fri Dec 07 03:45:31 UTC 2018 $PTII/bin/ptinvoke ptolemy.vergil.basic.export.ExportModel -force htm -run -openComposites -timeOut 30000 -whiteBackground ptolemy/domains/ptides/demo/PrintingPress/PrintingPress.xml $PTII/ptolemy/domains/ptides/demo/PrintingPress/PrintingPress
Running .PrintingPress
ExportHTMLTimer went off after 30000 ms., calling getDirector().finish and getDirector().stopFire()
30007 ms. Memory: 1731072K Free: 1577594K (91%)
Exported /home/travis/build/icyphy/ptII/ptolemy/domains/ptides/demo/PrintingPress/PrintingPress/index.html
62201 ms. Memory: 1712640K Free: 1181949K (69%)
####### 51 Fri Dec 07 03:46:33 UTC 2018 $PTII/bin/ptinvoke ptolemy.vergil.basic.export.ExportModel -force htm -run -openComposites -timeOut 30000 -whiteBackground ptolemy/domains/ptides/demo/PrintingPress/PrintingPress_AnimationsOnly.xml $PTII/ptolemy/domains/ptides/demo/PrintingPress/PrintingPress_AnimationsOnly
Running .PrintingPress_AnimationsOnly
13081 ms. Memory: 1713664K Free: 906938K (53%)
Exported /home/travis/build/icyphy/ptII/ptolemy/domains/ptides/demo/PrintingPress/PrintingPress_AnimationsOnly/index.html
18854 ms. Memory: 1713664K Free: 193086K (11%)
####### 52 Fri Dec 07 03:46:52 UTC 2018 $PTII/bin/ptinvoke ptolemy.vergil.basic.export.ExportModel -force htm -run -openComposites -timeOut 30000 -whiteBackground ptolemy/domains/ptides/demo/PtidesSynchrophasor/PtidesSynchrophasor.xml $PTII/ptolemy/domains/ptides/demo/PtidesSynchrophasor/PtidesSynchrophasor
Running .PtidesSynchrophasor
1886 ms. Memory: 1713664K Free: 1183161K (69%)
Exported /home/travis/build/icyphy/ptII/ptolemy/domains/ptides/demo/PtidesSynchrophasor/PtidesSynchrophasor/index.html
8167 ms. Memory: 1713664K Free: 281358K (16%)
####### 53 Fri Dec 07 03:47:00 UTC 2018 $PTII/bin/ptinvoke ptolemy.vergil.basic.export.ExportModel -force htm -run -openComposites -timeOut 30000 -whiteBackground ptolemy/domains/ptides/demo/SRinPtides/SRinPtides.xml $PTII/ptolemy/domains/ptides/demo/SRinPtides/SRinPtides
Running .SRinPtides
36 ms. Memory: 1753088K Free: 1677319K (96%)
Exported /home/travis/build/icyphy/ptII/ptolemy/domains/ptides/demo/SRinPtides/SRinPtides/index.html
6475 ms. Memory: 1753088K Free: 992150K (57%)
####### 54 Fri Dec 07 03:47:07 UTC 2018 $PTII/bin/ptinvoke ptolemy.vergil.basic.export.ExportModel -force htm -run -openComposites -timeOut 30000 -whiteBackground ptolemy/domains/ptides/demo/TREX/TREX.xml $PTII/ptolemy/domains/ptides/demo/TREX/TREX
Running .TREX
ExportHTMLTimer went off after 30000 ms., calling getDirector().finish and getDirector().stopFire()
30000 ms. Memory: 1713152K Free: 1613398K (94%)
Exported /home/travis/build/icyphy/ptII/ptolemy/domains/ptides/demo/TREX/TREX/index.html
41089 ms. Memory: 1761792K Free: 548901K (31%)
####### 55 Fri Dec 07 03:47:48 UTC 2018 $PTII/bin/ptinvoke ptolemy.vergil.basic.export.ExportModel -force htm -run -openComposites -timeOut 30000 -whiteBackground ptolemy/domains/ptides/demo/TTE/TTE.xml $PTII/ptolemy/domains/ptides/demo/TTE/TTE
Running .TTE
41 ms. Memory: 1761792K Free: 242314K (14%)
Exported /home/travis/build/icyphy/ptII/ptolemy/domains/ptides/demo/TTE/TTE/index.html
6470 ms. Memory: 1760768K Free: 711245K (40%)
####### 56 Fri Dec 07 03:47:54 UTC 2018 $PTII/bin/ptinvoke ptolemy.vergil.basic.export.ExportModel -force htm -run -openComposites -timeOut 30000 -whiteBackground ptolemy/domains/qss/demo/BouncingBall/BouncingBall.xml $PTII/ptolemy/domains/qss/demo/BouncingBall/BouncingBall
Running .BouncingBall
115 ms. Memory: 1760768K Free: 537157K (31%)
Exported /home/travis/build/icyphy/ptII/ptolemy/domains/qss/demo/BouncingBall/BouncingBall/index.html
4313 ms. Memory: 1760768K Free: 446622K (25%)
####### 57 Fri Dec 07 03:47:59 UTC 2018 $PTII/bin/ptinvoke ptolemy.vergil.basic.export.ExportModel -force htm -run -openComposites -timeOut 30000 -whiteBackground ptolemy/domains/qss/demo/FirstOrder/FirstOrder.xml $PTII/ptolemy/domains/qss/demo/FirstOrder/FirstOrder
Running .FirstOrder
24 ms. Memory: 1760768K Free: 320651K (18%)
Exported /home/travis/build/icyphy/ptII/ptolemy/domains/qss/demo/FirstOrder/FirstOrder/index.html
4149 ms. Memory: 1760768K Free: 273670K (16%)
####### 58 Fri Dec 07 03:48:03 UTC 2018 $PTII/bin/ptinvoke ptolemy.vergil.basic.export.ExportModel -force htm -run -openComposites -timeOut 30000 -whiteBackground ptolemy/domains/qss/demo/FirstOrder/FirstOrderOscillating.xml $PTII/ptolemy/domains/qss/demo/FirstOrder/FirstOrderOscillating
Running .FirstOrderOscillating
35 ms. Memory: 1760768K Free: 163424K (9%)
Exported /home/travis/build/icyphy/ptII/ptolemy/domains/qss/demo/FirstOrder/FirstOrderOscillating/index.html
4163 ms. Memory: 1760768K Free: 107622K (6%)
####### 59 Fri Dec 07 03:48:07 UTC 2018 $PTII/bin/ptinvoke ptolemy.vergil.basic.export.ExportModel -force htm -run -openComposites -timeOut 30000 -whiteBackground ptolemy/domains/qss/demo/HelloWorld/HelloWorld.xml $PTII/ptolemy/domains/qss/demo/HelloWorld/HelloWorld
Running .HelloWorld
13 ms. Memory: 1761792K Free: 1519877K (86%)
Exported /home/travis/build/icyphy/ptII/ptolemy/domains/qss/demo/HelloWorld/HelloWorld/index.html
4157 ms. Memory: 1761792K Free: 1468088K (83%)
####### 60 Fri Dec 07 03:48:11 UTC 2018 $PTII/bin/ptinvoke ptolemy.vergil.basic.export.ExportModel -force htm -run -openComposites -timeOut 30000 -whiteBackground ptolemy/domains/qss/demo/HelloWorld/HelloWorldComputationallyExact.xml $PTII/ptolemy/domains/qss/demo/HelloWorld/HelloWorldComputationallyExact
Running .HelloWorldComputationallyExact
32 ms. Memory: 1761792K Free: 1274301K (72%)
Exported /home/travis/build/icyphy/ptII/ptolemy/domains/qss/demo/HelloWorld/HelloWorldComputationallyExact/index.html
4233 ms. Memory: 1761792K Free: 1142719K (65%)
####### 61 Fri Dec 07 03:48:15 UTC 2018 $PTII/bin/ptinvoke ptolemy.vergil.basic.export.ExportModel -force htm -run -openComposites -timeOut 30000 -whiteBackground ptolemy/domains/qss/demo/HelloWorld/HelloWorldContinuous.xml $PTII/ptolemy/domains/qss/demo/HelloWorld/HelloWorldContinuous
Running .HelloWorldContinuous
11 ms. Memory: 1761792K Free: 1012069K (57%)
Exported /home/travis/build/icyphy/ptII/ptolemy/domains/qss/demo/HelloWorld/HelloWorldContinuous/index.html
4194 ms. Memory: 1761792K Free: 947890K (54%)
####### 62 Fri Dec 07 03:48:20 UTC 2018 $PTII/bin/ptinvoke ptolemy.vergil.basic.export.ExportModel -force htm -run -openComposites -timeOut 30000 -whiteBackground ptolemy/domains/qss/demo/HelloWorld/HelloWorldPropagate.xml $PTII/ptolemy/domains/qss/demo/HelloWorld/HelloWorldPropagate
Running .HelloWorldPropagate
17 ms. Memory: 1761792K Free: 745087K (42%)
Exported /home/travis/build/icyphy/ptII/ptolemy/domains/qss/demo/HelloWorld/HelloWorldPropagate/index.html
4207 ms. Memory: 1761792K Free: 655191K (37%)
####### 63 Fri Dec 07 03:48:24 UTC 2018 $PTII/bin/ptinvoke ptolemy.vergil.basic.export.ExportModel -force htm -run -openComposites -timeOut 30000 -whiteBackground ptolemy/domains/qss/demo/HelloWorld/HelloWorldQSS1.xml $PTII/ptolemy/domains/qss/demo/HelloWorld/HelloWorldQSS1
Running .HelloWorldQSS1
28 ms. Memory: 1761792K Free: 501837K (28%)
Exported /home/travis/build/icyphy/ptII/ptolemy/domains/qss/demo/HelloWorld/HelloWorldQSS1/index.html
4182 ms. Memory: 1761792K Free: 415798K (24%)
####### 64 Fri Dec 07 03:48:28 UTC 2018 $PTII/bin/ptinvoke ptolemy.vergil.basic.export.ExportModel -force htm -run -openComposites -timeOut 30000 -whiteBackground ptolemy/domains/qss/demo/HelloWorld/HelloWorldQSS2.xml $PTII/ptolemy/domains/qss/demo/HelloWorld/HelloWorldQSS2
Running .HelloWorldQSS2
20 ms. Memory: 1761792K Free: 248899K (14%)
Exported /home/travis/build/icyphy/ptII/ptolemy/domains/qss/demo/HelloWorld/HelloWorldQSS2/index.html
4163 ms. Memory: 1761792K Free: 155624K (9%)
####### 65 Fri Dec 07 03:48:32 UTC 2018 $PTII/bin/ptinvoke ptolemy.vergil.basic.export.ExportModel -force htm -run -openComposites -timeOut 30000 -whiteBackground ptolemy/domains/qss/demo/Lorenz/Lorenz.xml $PTII/ptolemy/domains/qss/demo/Lorenz/Lorenz
Running .Lorenz
1577 ms. Memory: 1761792K Free: 1164885K (66%)
Exported /home/travis/build/icyphy/ptII/ptolemy/domains/qss/demo/Lorenz/Lorenz/index.html
5730 ms. Memory: 1761792K Free: 1114869K (63%)
####### 66 Fri Dec 07 03:48:38 UTC 2018 $PTII/bin/ptinvoke ptolemy.vergil.basic.export.ExportModel -force htm -run -openComposites -timeOut 30000 -whiteBackground ptolemy/domains/qss/demo/RLC/RLC.xml $PTII/ptolemy/domains/qss/demo/RLC/RLC
Running .RLC
43 ms. Memory: 1761792K Free: 954240K (54%)
Exported /home/travis/build/icyphy/ptII/ptolemy/domains/qss/demo/RLC/RLC/index.html
4327 ms. Memory: 1761792K Free: 833980K (47%)
####### 67 Fri Dec 07 03:48:42 UTC 2018 $PTII/bin/ptinvoke ptolemy.vergil.basic.export.ExportModel -force htm -run -openComposites -timeOut 30000 -whiteBackground ptolemy/domains/qss/demo/SecondOrder/SecondOrder.xml $PTII/ptolemy/domains/qss/demo/SecondOrder/SecondOrder
Running .SecondOrder
780 ms. Memory: 1761792K Free: 617185K (35%)
Exported /home/travis/build/icyphy/ptII/ptolemy/domains/qss/demo/SecondOrder/SecondOrder/index.html
4957 ms. Memory: 1761792K Free: 579267K (33%)
####### 68 Fri Dec 07 03:48:47 UTC 2018 $PTII/bin/ptinvoke ptolemy.vergil.basic.export.ExportModel -force htm -run -openComposites -timeOut 30000 -whiteBackground ptolemy/domains/qss/demo/SecondOrder/SecondOrderContinuous.xml $PTII/ptolemy/domains/qss/demo/SecondOrder/SecondOrderContinuous
Running .SecondOrderContinuous
240 ms. Memory: 1761792K Free: 456503K (26%)
Exported /home/travis/build/icyphy/ptII/ptolemy/domains/qss/demo/SecondOrder/SecondOrderContinuous/index.html
4374 ms. Memory: 1761792K Free: 403254K (23%)
####### 69 Fri Dec 07 03:48:52 UTC 2018 $PTII/bin/ptinvoke ptolemy.vergil.basic.export.ExportModel -force htm -run -openComposites -timeOut 30000 -whiteBackground ptolemy/domains/qss/demo/SmoothToken/SmoothToken.xml $PTII/ptolemy/domains/qss/demo/SmoothToken/SmoothToken
Running .SmoothToken
36 ms. Memory: 1761792K Free: 297930K (17%)
Exported /home/travis/build/icyphy/ptII/ptolemy/domains/qss/demo/SmoothToken/SmoothToken/index.html
4164 ms. Memory: 1761792K Free: 254283K (14%)
####### 70 Fri Dec 07 03:48:56 UTC 2018 $PTII/bin/ptinvoke ptolemy.vergil.basic.export.ExportModel -force htm -run -openComposites -timeOut 30000 -whiteBackground ptolemy/domains/qss/demo/Thermal/Thermal.xml $PTII/ptolemy/domains/qss/demo/Thermal/Thermal
Running .Thermal
47 ms. Memory: 1765888K Free: 1604376K (91%)
Exported /home/travis/build/icyphy/ptII/ptolemy/domains/qss/demo/Thermal/Thermal/index.html
4316 ms. Memory: 1765888K Free: 1530521K (87%)
####### 71 Fri Dec 07 03:49:00 UTC 2018 $PTII/bin/ptinvoke ptolemy.vergil.basic.export.ExportModel -force htm -run -openComposites -timeOut 30000 -whiteBackground ptolemy/domains/rendezvous/demo/Barrier/Barrier.xml $PTII/ptolemy/domains/rendezvous/demo/Barrier/Barrier
Running .Barrier
ExportHTMLTimer went off after 30000 ms., calling getDirector().finish and getDirector().stopFire()
31355 ms. Memory: 1765888K Free: 1364855K (77%)
Exported /home/travis/build/icyphy/ptII/ptolemy/domains/rendezvous/demo/Barrier/Barrier/index.html
35521 ms. Memory: 1765888K Free: 1329340K (75%)
####### 72 Fri Dec 07 03:49:36 UTC 2018 $PTII/bin/ptinvoke ptolemy.vergil.basic.export.ExportModel -force htm -run -openComposites -timeOut 30000 -whiteBackground ptolemy/domains/rendezvous/demo/ResourcePool/ResourcePool.xml $PTII/ptolemy/domains/rendezvous/demo/ResourcePool/ResourcePool
Running .ResourcePool
ExportHTMLTimer went off after 30000 ms., calling getDirector().finish and getDirector().stopFire()
30007 ms. Memory: 1765888K Free: 1180467K (67%)
Exported /home/travis/build/icyphy/ptII/ptolemy/domains/rendezvous/demo/ResourcePool/ResourcePool/index.html
34129 ms. Memory: 1765888K Free: 1149386K (65%)
####### 73 Fri Dec 07 03:50:10 UTC 2018 $PTII/bin/ptinvoke ptolemy.vergil.basic.export.ExportModel -force htm -run -openComposites -timeOut 30000 -whiteBackground ptolemy/domains/rendezvous/demo/Sequencing/Sequencing.xml $PTII/ptolemy/domains/rendezvous/demo/Sequencing/Sequencing
Running .Sequencing
15 ms. Memory: 1765888K Free: 987875K (56%)
Exported /home/travis/build/icyphy/ptII/ptolemy/domains/rendezvous/demo/Sequencing/Sequencing/index.html
4186 ms. Memory: 1765888K Free: 953090K (54%)
####### 74 Fri Dec 07 03:50:14 UTC 2018 $PTII/bin/ptinvoke ptolemy.vergil.basic.export.ExportModel -force htm -run -openComposites -timeOut 30000 -whiteBackground ptolemy/domains/rendezvous/demo/WriteRegulator/WriteRegulator.xml $PTII/ptolemy/domains/rendezvous/demo/WriteRegulator/WriteRegulator
Running .WriteRegulator
ExportHTMLTimer went off after 30000 ms., calling getDirector().finish and getDirector().stopFire()
30644 ms. Memory: 1765888K Free: 810030K (46%)
Exported /home/travis/build/icyphy/ptII/ptolemy/domains/rendezvous/demo/WriteRegulator/WriteRegulator/index.html
34814 ms. Memory: 1765888K Free: 775562K (44%)
####### 75 Fri Dec 07 03:50:49 UTC 2018 $PTII/bin/ptinvoke ptolemy.vergil.basic.export.ExportModel -force htm -run -openComposites -timeOut 30000 -whiteBackground ptolemy/domains/scr/demo/FuelSystemSCR/FuelSystemSCR.xml $PTII/ptolemy/domains/scr/demo/FuelSystemSCR/FuelSystemSCR
Running .FuelSystemSCR
10024 ms. Memory: 1765888K Free: 389364K (22%)
Exported /home/travis/build/icyphy/ptII/ptolemy/domains/scr/demo/FuelSystemSCR/FuelSystemSCR/index.html
14865 ms. Memory: 1765888K Free: 152386K (9%)
####### 76 Fri Dec 07 03:51:04 UTC 2018 $PTII/bin/ptinvoke ptolemy.vergil.basic.export.ExportModel -force htm -run -openComposites -timeOut 30000 -whiteBackground ptolemy/domains/scr/demo/HelloWorldSCR/HelloWorldSCR.xml $PTII/ptolemy/domains/scr/demo/HelloWorldSCR/HelloWorldSCR
Running .HelloWorldSCR
64 ms. Memory: 1646592K Free: 1455112K (88%)
Exported /home/travis/build/icyphy/ptII/ptolemy/domains/scr/demo/HelloWorldSCR/HelloWorldSCR/index.html
4360 ms. Memory: 1646592K Free: 1408317K (86%)
####### 77 Fri Dec 07 03:51:08 UTC 2018 $PTII/bin/ptinvoke ptolemy.vergil.basic.export.ExportModel -force htm -run -openComposites -timeOut 30000 -whiteBackground ptolemy/domains/scr/demo/SafetyInjection/SafetyInjection.xml $PTII/ptolemy/domains/scr/demo/SafetyInjection/SafetyInjection
Running .SafetyInjection
3014 ms. Memory: 1646592K Free: 1188287K (72%)
Exported /home/travis/build/icyphy/ptII/ptolemy/domains/scr/demo/SafetyInjection/SafetyInjection/index.html
7349 ms. Memory: 1646592K Free: 1065273K (65%)
####### 78 Fri Dec 07 03:51:15 UTC 2018 $PTII/bin/ptinvoke ptolemy.vergil.basic.export.ExportModel -force htm -run -openComposites -timeOut 30000 -whiteBackground ptolemy/domains/scr/demo/TrafficLight/TrafficLight.xml $PTII/ptolemy/domains/scr/demo/TrafficLight/TrafficLight
Running .TrafficLight
169 ms. Memory: 1646592K Free: 844392K (51%)
Exported /home/travis/build/icyphy/ptII/ptolemy/domains/scr/demo/TrafficLight/TrafficLight/index.html
4394 ms. Memory: 1646592K Free: 788435K (48%)
####### 79 Fri Dec 07 03:51:20 UTC 2018 $PTII/bin/ptinvoke ptolemy.vergil.basic.export.ExportModel -force htm -run -openComposites -timeOut 30000 -whiteBackground ptolemy/domains/sdf/demo/Array/Array.xml $PTII/ptolemy/domains/sdf/demo/Array/Array
Running .Array
51 ms. Memory: 1646592K Free: 627533K (38%)
Exported /home/travis/build/icyphy/ptII/ptolemy/domains/sdf/demo/Array/Array/index.html
4290 ms. Memory: 1646592K Free: 573753K (35%)
####### 80 Fri Dec 07 03:51:24 UTC 2018 $PTII/bin/ptinvoke ptolemy.vergil.basic.export.ExportModel -force htm -run -openComposites -timeOut 30000 -whiteBackground ptolemy/domains/sdf/demo/Butterfly/Butterfly.xml $PTII/ptolemy/domains/sdf/demo/Butterfly/Butterfly
Running .Butterfly
112 ms. Memory: 1646592K Free: 453029K (28%)
Exported /home/travis/build/icyphy/ptII/ptolemy/domains/sdf/demo/Butterfly/Butterfly/index.html
4240 ms. Memory: 1646592K Free: 409262K (25%)
####### 81 Fri Dec 07 03:51:28 UTC 2018 $PTII/bin/ptinvoke ptolemy.vergil.basic.export.ExportModel -force htm -run -openComposites -timeOut 30000 -whiteBackground ptolemy/domains/sdf/demo/Expression/Expression.xml $PTII/ptolemy/domains/sdf/demo/Expression/Expression
Running .Expression
24 ms. Memory: 1646592K Free: 308518K (19%)
Exported /home/travis/build/icyphy/ptII/ptolemy/domains/sdf/demo/Expression/Expression/index.html
4146 ms. Memory: 1646592K Free: 265855K (16%)
####### 82 Fri Dec 07 03:51:32 UTC 2018 $PTII/bin/ptinvoke ptolemy.vergil.basic.export.ExportModel -force htm -run -openComposites -timeOut 30000 -whiteBackground ptolemy/domains/sdf/demo/Eye/Eye.xml $PTII/ptolemy/domains/sdf/demo/Eye/Eye
Running .Eye
511 ms. Memory: 1574912K Free: 1383910K (88%)
Exported /home/travis/build/icyphy/ptII/ptolemy/domains/sdf/demo/Eye/Eye/index.html
4708 ms. Memory: 1574912K Free: 1342010K (85%)
####### 83 Fri Dec 07 03:51:37 UTC 2018 $PTII/bin/ptinvoke ptolemy.vergil.basic.export.ExportModel -force htm -run -openComposites -timeOut 30000 -whiteBackground ptolemy/domains/sdf/demo/FixFIR/FixFIR.xml $PTII/ptolemy/domains/sdf/demo/FixFIR/FixFIR
Running .FixFIR
128 ms. Memory: 1574912K Free: 1137796K (72%)
Exported /home/travis/build/icyphy/ptII/ptolemy/domains/sdf/demo/FixFIR/FixFIR/index.html
4339 ms. Memory: 1574912K Free: 1067493K (68%)
####### 84 Fri Dec 07 03:51:41 UTC 2018 $PTII/bin/ptinvoke ptolemy.vergil.basic.export.ExportModel -force htm -run -openComposites -timeOut 30000 -whiteBackground ptolemy/domains/sdf/demo/FixPoint/FixPoint.xml $PTII/ptolemy/domains/sdf/demo/FixPoint/FixPoint
Running .FixPoint
10 ms. Memory: 1574912K Free: 971439K (62%)
Exported /home/travis/build/icyphy/ptII/ptolemy/domains/sdf/demo/FixPoint/FixPoint/index.html
4132 ms. Memory: 1574912K Free: 933746K (59%)
####### 85 Fri Dec 07 03:51:46 UTC 2018 $PTII/bin/ptinvoke ptolemy.vergil.basic.export.ExportModel -force htm -run -openComposites -timeOut 30000 -whiteBackground ptolemy/domains/sdf/demo/FourierSeries/FourierSeries.xml $PTII/ptolemy/domains/sdf/demo/FourierSeries/FourierSeries
Running .FourierSeries
26 ms. Memory: 1574912K Free: 821958K (52%)
Exported /home/travis/build/icyphy/ptII/ptolemy/domains/sdf/demo/FourierSeries/FourierSeries/index.html
4168 ms. Memory: 1574912K Free: 782343K (50%)
####### 86 Fri Dec 07 03:51:50 UTC 2018 $PTII/bin/ptinvoke ptolemy.vergil.basic.export.ExportModel -force htm -run  -timeOut 30000 -whiteBackground ptolemy/domains/sdf/demo/Gravitation/Gravitation.xml $PTII/ptolemy/domains/sdf/demo/Gravitation/Gravitation
Warning: not opening composites for ptolemy/domains/sdf/demo/Gravitation/Gravitation.xml. See ptolemy/vergil/basic/export/test/junit/ExportModelJUnitTest.java
Running .Gravitation
creating preferred configuration... 
11689 ms. Memory: 1574912K Free: 106426K (7%)
Exported /home/travis/build/icyphy/ptII/ptolemy/domains/sdf/demo/Gravitation/Gravitation/index.html
16122 ms. Memory: 1541632K Free: 1403749K (91%)
####### 87 Fri Dec 07 03:52:06 UTC 2018 $PTII/bin/ptinvoke ptolemy.vergil.basic.export.ExportModel -force htm -run  -timeOut 30000 -whiteBackground ptolemy/domains/sdf/demo/Gravitation/GravitationWithCollisionDetection.xml $PTII/ptolemy/domains/sdf/demo/Gravitation/GravitationWithCollisionDetection
Warning: not opening composites for ptolemy/domains/sdf/demo/Gravitation/GravitationWithCollisionDetection.xml. See ptolemy/vergil/basic/export/test/junit/ExportModelJUnitTest.java
Running .GravitationWithCollisionDetection
creating preferred configuration... 
ExportHTMLTimer went off after 30000 ms., calling getDirector().finish and getDirector().stopFire()
30011 ms. Memory: 1463296K Free: 934778K (64%)
Exported /home/travis/build/icyphy/ptII/ptolemy/domains/sdf/demo/Gravitation/GravitationWithCollisionDetection/index.html
34287 ms. Memory: 1463296K Free: 872140K (60%)
####### 88 Fri Dec 07 03:52:40 UTC 2018 $PTII/bin/ptinvoke ptolemy.vergil.basic.export.ExportModel -force htm -run -openComposites -timeOut 30000 -whiteBackground ptolemy/domains/sdf/demo/HTVQ/HTVQ.xml $PTII/ptolemy/domains/sdf/demo/HTVQ/HTVQ
Running .HTVQ
504 ms. Memory: 1463296K Free: 629855K (43%)
Exported /home/travis/build/icyphy/ptII/ptolemy/domains/sdf/demo/HTVQ/HTVQ/index.html
4682 ms. Memory: 1463296K Free: 529851K (36%)
####### 89 Fri Dec 07 03:52:45 UTC 2018 $PTII/bin/ptinvoke ptolemy.vergil.basic.export.ExportModel -force htm -run -openComposites -timeOut 30000 -whiteBackground ptolemy/domains/sdf/demo/LMSAdaptive/LMSAdaptive.xml $PTII/ptolemy/domains/sdf/demo/LMSAdaptive/LMSAdaptive
Running .LMSAdaptive
ExportHTMLTimer went off after 30000 ms., calling getDirector().finish and getDirector().stopFire()
30000 ms. Memory: 1763328K Free: 150048K (9%)
Exported /home/travis/build/icyphy/ptII/ptolemy/domains/sdf/demo/LMSAdaptive/LMSAdaptive/index.html
34180 ms. Memory: 1763328K Free: 108409K (6%)
####### 90 Fri Dec 07 03:53:19 UTC 2018 $PTII/bin/ptinvoke ptolemy.vergil.basic.export.ExportModel -force htm -run -openComposites -timeOut 30000 -whiteBackground ptolemy/domains/sdf/demo/LogisticMap/LogisticMap.xml $PTII/ptolemy/domains/sdf/demo/LogisticMap/LogisticMap
Running .LogisticMap
ExportHTMLTimer went off after 30000 ms., calling getDirector().finish and getDirector().stopFire()
30028 ms. Memory: 1807872K Free: 1632407K (90%)
Exported /home/travis/build/icyphy/ptII/ptolemy/domains/sdf/demo/LogisticMap/LogisticMap/index.html
34611 ms. Memory: 1807872K Free: 1593402K (88%)
####### 91 Fri Dec 07 03:53:54 UTC 2018 $PTII/bin/ptinvoke ptolemy.vergil.basic.export.ExportModel -force htm -run -openComposites -timeOut 30000 -whiteBackground ptolemy/domains/sdf/demo/MaximumEntropySpectrum/MaximumEntropySpectrum.xml $PTII/ptolemy/domains/sdf/demo/MaximumEntropySpectrum/MaximumEntropySpectrum
Running .MaximumEntropySpectrum
96 ms. Memory: 1807872K Free: 1140265K (63%)
Exported /home/travis/build/icyphy/ptII/ptolemy/domains/sdf/demo/MaximumEntropySpectrum/MaximumEntropySpectrum/index.html
4647 ms. Memory: 1807872K Free: 971256K (54%)
####### 92 Fri Dec 07 03:53:58 UTC 2018 $PTII/bin/ptinvoke ptolemy.vergil.basic.export.ExportModel -force htm -run -openComposites -timeOut 30000 -whiteBackground ptolemy/domains/sdf/demo/ModelDisplay/ModelDisplay.xml $PTII/ptolemy/domains/sdf/demo/ModelDisplay/ModelDisplay
Running .ModelDisplay
ExportHTMLTimer went off after 30000 ms., calling getDirector().finish and getDirector().stopFire()
30019 ms. Memory: 1807872K Free: 748341K (41%)
Exported /home/travis/build/icyphy/ptII/ptolemy/domains/sdf/demo/ModelDisplay/ModelDisplay/index.html
34250 ms. Memory: 1807872K Free: 740450K (41%)
####### 93 Fri Dec 07 03:54:33 UTC 2018 $PTII/bin/ptinvoke ptolemy.vergil.basic.export.ExportModel -force htm -run -openComposites -timeOut 30000 -whiteBackground ptolemy/domains/sdf/demo/MultipleRuns/MultipleRuns.xml $PTII/ptolemy/domains/sdf/demo/MultipleRuns/MultipleRuns
Running .MultipleRuns
117 ms. Memory: 1807872K Free: 570978K (32%)
Exported /home/travis/build/icyphy/ptII/ptolemy/domains/sdf/demo/MultipleRuns/MultipleRuns/index.html
4362 ms. Memory: 1807872K Free: 471151K (26%)
####### 94 Fri Dec 07 03:54:37 UTC 2018 $PTII/bin/ptinvoke ptolemy.vergil.basic.export.ExportModel -force htm -run -openComposites -timeOut 30000 -whiteBackground ptolemy/domains/sdf/demo/NoisySinewave/NoisySinewave.xml $PTII/ptolemy/domains/sdf/demo/NoisySinewave/NoisySinewave
Running .NoisySinewave
35 ms. Memory: 1807872K Free: 317420K (18%)
Exported /home/travis/build/icyphy/ptII/ptolemy/domains/sdf/demo/NoisySinewave/NoisySinewave/index.html
4302 ms. Memory: 1807872K Free: 217593K (12%)
####### 95 Fri Dec 07 03:54:41 UTC 2018 $PTII/bin/ptinvoke ptolemy.vergil.basic.export.ExportModel -force htm -run -openComposites -timeOut 30000 -whiteBackground ptolemy/domains/sdf/demo/OrthogonalCom/OrthogonalCom.xml $PTII/ptolemy/domains/sdf/demo/OrthogonalCom/OrthogonalCom
Running .OrthogonalCom
-1
0
1
0
0
1
1
-1
0
0
0
1
0
-1
0
0
0
0
-1
1
22 ms. Memory: 1814016K Free: 1608803K (89%)
Exported /home/travis/build/icyphy/ptII/ptolemy/domains/sdf/demo/OrthogonalCom/OrthogonalCom/index.html
4256 ms. Memory: 1814016K Free: 1573001K (87%)
####### 96 Fri Dec 07 03:54:45 UTC 2018 $PTII/bin/ptinvoke ptolemy.vergil.basic.export.ExportModel -force htm  -openComposites -timeOut 30000 -whiteBackground ptolemy/domains/sdf/demo/RijndaelEncryption/RijndaelEncryption.xml $PTII/ptolemy/domains/sdf/demo/RijndaelEncryption/RijndaelEncryption
Warning: not running ptolemy/domains/sdf/demo/RijndaelEncryption/RijndaelEncryption.xml. See ptolemy/vergil/basic/export/test/junit/ExportModelJUnitTest.java
Exported /home/travis/build/icyphy/ptII/ptolemy/domains/sdf/demo/RijndaelEncryption/RijndaelEncryption/index.html
5530 ms. Memory: 1814016K Free: 205430K (11%)
####### 97 Fri Dec 07 03:54:51 UTC 2018 $PTII/bin/ptinvoke ptolemy.vergil.basic.export.ExportModel -force htm -run -openComposites -timeOut 30000 -whiteBackground ptolemy/domains/sdf/demo/Sketch/Sketch.xml $PTII/ptolemy/domains/sdf/demo/Sketch/Sketch
Running .Sketch
29 ms. Memory: 1767424K Free: 1603206K (91%)
Exported /home/travis/build/icyphy/ptII/ptolemy/domains/sdf/demo/Sketch/Sketch/index.html
4026 ms. Memory: 1767424K Free: 1567908K (89%)
####### 98 Fri Dec 07 03:54:55 UTC 2018 $PTII/bin/ptinvoke ptolemy.vergil.basic.export.ExportModel -force htm  -openComposites -timeOut 30000 -whiteBackground ptolemy/domains/sdf/demo/SoundSpectrum/SoundSpectrum.xml $PTII/ptolemy/domains/sdf/demo/SoundSpectrum/SoundSpectrum
Warning: not running ptolemy/domains/sdf/demo/SoundSpectrum/SoundSpectrum.xml. See ptolemy/vergil/basic/export/test/junit/ExportModelJUnitTest.java
Exported /home/travis/build/icyphy/ptII/ptolemy/domains/sdf/demo/SoundSpectrum/SoundSpectrum/index.html
3163 ms. Memory: 1767424K Free: 1379603K (78%)
####### 99 Fri Dec 07 03:54:58 UTC 2018 $PTII/bin/ptinvoke ptolemy.vergil.basic.export.ExportModel -force htm -run -openComposites -timeOut 30000 -whiteBackground ptolemy/domains/sdf/demo/Spectrum/Spectrum.xml $PTII/ptolemy/domains/sdf/demo/Spectrum/Spectrum
Running .Spectrum
58 ms. Memory: 1767424K Free: 1165215K (66%)
Exported /home/travis/build/icyphy/ptII/ptolemy/domains/sdf/demo/Spectrum/Spectrum/index.html
4292 ms. Memory: 1767424K Free: 1069017K (60%)
####### 100 Fri Dec 07 03:55:03 UTC 2018 $PTII/bin/ptinvoke ptolemy.vergil.basic.export.ExportModel -force htm  -openComposites -timeOut 30000 -whiteBackground ptolemy/domains/sdf/demo/SynthesizedVoice/SynthesizedVoice.xml $PTII/ptolemy/domains/sdf/demo/SynthesizedVoice/SynthesizedVoice
Warning: not running ptolemy/domains/sdf/demo/SynthesizedVoice/SynthesizedVoice.xml. See ptolemy/vergil/basic/export/test/junit/ExportModelJUnitTest.java
Exported /home/travis/build/icyphy/ptII/ptolemy/domains/sdf/demo/SynthesizedVoice/SynthesizedVoice/index.html
3142 ms. Memory: 1767424K Free: 911241K (52%)
]]></system-out>
  <system-err><![CDATA[TransformationEditor: Ignoring clone of .Utilities beause we don't known how to import it. Exception was: ptolemy.kernel.util.NameDuplicationException: Attempt to insert object named "Utilities" into container named ".library", which already contains an object with that name.
TransformationEditor: Ignoring clone of .Directors beause we don't known how to import it. Exception was: ptolemy.kernel.util.NameDuplicationException: Attempt to insert object named "Directors" into container named ".library", which already contains an object with that name.
TransformationEditor: Ignoring clone of .Actors beause we don't known how to import it. Exception was: ptolemy.kernel.util.NameDuplicationException: Attempt to insert object named "Actors" into container named ".library", which already contains an object with that name.
TransformationEditor: Ignoring clone of .MoreLibraries beause we don't known how to import it. Exception was: ptolemy.kernel.util.NameDuplicationException: Attempt to insert object named "MoreLibraries" into container named ".library", which already contains an object with that name.
TransformationEditor: Ignoring clone of .Utilities beause we don't known how to import it. Exception was: ptolemy.kernel.util.NameDuplicationException: Attempt to insert object named "Utilities" into container named ".library", which already contains an object with that name.
TransformationEditor: Ignoring clone of .Directors beause we don't known how to import it. Exception was: ptolemy.kernel.util.NameDuplicationException: Attempt to insert object named "Directors" into container named ".library", which already contains an object with that name.
TransformationEditor: Ignoring clone of .Actors beause we don't known how to import it. Exception was: ptolemy.kernel.util.NameDuplicationException: Attempt to insert object named "Actors" into container named ".library", which already contains an object with that name.
TransformationEditor: Ignoring clone of .MoreLibraries beause we don't known how to import it. Exception was: ptolemy.kernel.util.NameDuplicationException: Attempt to insert object named "MoreLibraries" into container named ".library", which already contains an object with that name.
TransformationEditor: Ignoring clone of .Utilities beause we don't known how to import it. Exception was: ptolemy.kernel.util.NameDuplicationException: Attempt to insert object named "Utilities" into container named ".library", which already contains an object with that name.
TransformationEditor: Ignoring clone of .Directors beause we don't known how to import it. Exception was: ptolemy.kernel.util.NameDuplicationException: Attempt to insert object named "Directors" into container named ".library", which already contains an object with that name.
TransformationEditor: Ignoring clone of .Actors beause we don't known how to import it. Exception was: ptolemy.kernel.util.NameDuplicationException: Attempt to insert object named "Actors" into container named ".library", which already contains an object with that name.
TransformationEditor: Ignoring clone of .MoreLibraries beause we don't known how to import it. Exception was: ptolemy.kernel.util.NameDuplicationException: Attempt to insert object named "MoreLibraries" into container named ".library", which already contains an object with that name.
TransformationEditor: Ignoring clone of .Utilities beause we don't known how to import it. Exception was: ptolemy.kernel.util.NameDuplicationException: Attempt to insert object named "Utilities" into container named ".library", which already contains an object with that name.
TransformationEditor: Ignoring clone of .Directors beause we don't known how to import it. Exception was: ptolemy.kernel.util.NameDuplicationException: Attempt to insert object named "Directors" into container named ".library", which already contains an object with that name.
TransformationEditor: Ignoring clone of .Actors beause we don't known how to import it. Exception was: ptolemy.kernel.util.NameDuplicationException: Attempt to insert object named "Actors" into container named ".library", which already contains an object with that name.
TransformationEditor: Ignoring clone of .MoreLibraries beause we don't known how to import it. Exception was: ptolemy.kernel.util.NameDuplicationException: Attempt to insert object named "MoreLibraries" into container named ".library", which already contains an object with that name.
TransformationEditor: Ignoring clone of .Utilities beause we don't known how to import it. Exception was: ptolemy.kernel.util.NameDuplicationException: Attempt to insert object named "Utilities" into container named ".library", which already contains an object with that name.
TransformationEditor: Ignoring clone of .Directors beause we don't known how to import it. Exception was: ptolemy.kernel.util.NameDuplicationException: Attempt to insert object named "Directors" into container named ".library", which already contains an object with that name.
TransformationEditor: Ignoring clone of .Actors beause we don't known how to import it. Exception was: ptolemy.kernel.util.NameDuplicationException: Attempt to insert object named "Actors" into container named ".library", which already contains an object with that name.
TransformationEditor: Ignoring clone of .MoreLibraries beause we don't known how to import it. Exception was: ptolemy.kernel.util.NameDuplicationException: Attempt to insert object named "MoreLibraries" into container named ".library", which already contains an object with that name.
Warning: '.PrintingPress.reserveFeedMonitor.NonStrictTest' The test produced only 1176 tokens, yet the correctValues parameter was expecting 1876 tokens.
Warning: '.PrintingPress.reserveFeedMonitor.NonStrictTest2' The test produced only 941 tokens, yet the correctValues parameter was expecting 1501 tokens.
Warning: '.PrintingPress.reserveFeedMonitor.NonStrictTest3' The test produced only 941 tokens, yet the correctValues parameter was expecting 1501 tokens.
]]></system-err>
</testsuite>
