<?xml version="1.0" encoding="UTF-8" ?>
<testsuite errors="0" failures="0" hostname="travis-job-b3d40fa0-a821-4d9b-8061-b3233335af64" name="ptolemy.domains.modal.test.junit.JUnitTclTest" skipped="0" tests="148" time="10.985" timestamp="2019-09-03T20:57:04">
  <properties>
[...]
</properties>
  <testcase classname="ptolemy.util.test.junit.TclTests" name="[0] /home/travis/build/icyphy/ptII/ptolemy/domains/modal/test/SystemLevelType.tcl (RunTclFile)" time="2.0" />
  <testcase classname="ptolemy.util.test.junit.AutoKnownFailedTests" name="[0] /home/travis/build/icyphy/ptII/ptolemy/domains/modal/test/auto/knownFailedTests/CannotAnalysisWithPreemption.xml (RunModel)" time="0.298" />
  <testcase classname="ptolemy.util.test.junit.AutoNameArchTests" name="[0] ThereAreNoAutoArchTests (RunModel)" time="0.001" />
  <testcase classname="ptolemy.util.test.junit.AutoTests" name="[0] /home/travis/build/icyphy/ptII/ptolemy/domains/modal/test/auto/ABPTest.xml (RunModel)" time="0.782" />
  <testcase classname="ptolemy.util.test.junit.AutoTests" name="[1] /home/travis/build/icyphy/ptII/ptolemy/domains/modal/test/auto/ABROFlat.xml (RunModel)" time="0.117" />
  <testcase classname="ptolemy.util.test.junit.AutoTests" name="[2] /home/travis/build/icyphy/ptII/ptolemy/domains/modal/test/auto/ABROFlat2.xml (RunModel)" time="0.088" />
  <testcase classname="ptolemy.util.test.junit.AutoTests" name="[3] /home/travis/build/icyphy/ptII/ptolemy/domains/modal/test/auto/ABRO_present_hmm.xml (RunModel)" time="0.145" />
  <testcase classname="ptolemy.util.test.junit.AutoTests" name="[4] /home/travis/build/icyphy/ptII/ptolemy/domains/modal/test/auto/AMICoderExample.xml (RunModel)" time="0.097" />
  <testcase classname="ptolemy.util.test.junit.AutoTests" name="[5] /home/travis/build/icyphy/ptII/ptolemy/domains/modal/test/auto/AbsentToPresent.xml (RunModel)" time="0.026" />
  <testcase classname="ptolemy.util.test.junit.AutoTests" name="[6] /home/travis/build/icyphy/ptII/ptolemy/domains/modal/test/auto/Blending.xml (RunModel)" time="0.315" />
  <testcase classname="ptolemy.util.test.junit.AutoTests" name="[7] /home/travis/build/icyphy/ptII/ptolemy/domains/modal/test/auto/Broadcast.xml (RunModel)" time="0.033" />
  <testcase classname="ptolemy.util.test.junit.AutoTests" name="[8] /home/travis/build/icyphy/ptII/ptolemy/domains/modal/test/auto/BroadcastHierarchy.xml (RunModel)" time="0.062" />
  <testcase classname="ptolemy.util.test.junit.AutoTests" name="[9] /home/travis/build/icyphy/ptII/ptolemy/domains/modal/test/auto/BroadcastHierarchy2.xml (RunModel)" time="0.112" />
  <testcase classname="ptolemy.util.test.junit.AutoTests" name="[10] /home/travis/build/icyphy/ptII/ptolemy/domains/modal/test/auto/BroadcastHierarchy3.xml (RunModel)" time="0.075" />
  <testcase classname="ptolemy.util.test.junit.AutoTests" name="[11] /home/travis/build/icyphy/ptII/ptolemy/domains/modal/test/auto/BroadcastHierarchy4.xml (RunModel)" time="0.072" />
  <testcase classname="ptolemy.util.test.junit.AutoTests" name="[12] /home/travis/build/icyphy/ptII/ptolemy/domains/modal/test/auto/CannotAnalysisWithPreemption2.xml (RunModel)" time="0.03" />
  <testcase classname="ptolemy.util.test.junit.AutoTests" name="[13] /home/travis/build/icyphy/ptII/ptolemy/domains/modal/test/auto/CannotAnalysisWithPreemption3.xml (RunModel)" time="0.047" />
  <testcase classname="ptolemy.util.test.junit.AutoTests" name="[14] /home/travis/build/icyphy/ptII/ptolemy/domains/modal/test/auto/CannotProduce.xml (RunModel)" time="0.038" />
  <testcase classname="ptolemy.util.test.junit.AutoTests" name="[15] /home/travis/build/icyphy/ptII/ptolemy/domains/modal/test/auto/CannotProduceModal.xml (RunModel)" time="0.043" />
  <testcase classname="ptolemy.util.test.junit.AutoTests" name="[16] /home/travis/build/icyphy/ptII/ptolemy/domains/modal/test/auto/Case.xml (RunModel)" time="0.065" />
  <testcase classname="ptolemy.util.test.junit.AutoTests" name="[17] /home/travis/build/icyphy/ptII/ptolemy/domains/modal/test/auto/Case1.xml (RunModel)" time="0.03" />
  <testcase classname="ptolemy.util.test.junit.AutoTests" name="[18] /home/travis/build/icyphy/ptII/ptolemy/domains/modal/test/auto/Case2.xml (RunModel)" time="0.067" />
  <testcase classname="ptolemy.util.test.junit.AutoTests" name="[19] /home/travis/build/icyphy/ptII/ptolemy/domains/modal/test/auto/CausalityInterface1.xml (RunModel)" time="0.036" />
  <testcase classname="ptolemy.util.test.junit.AutoTests" name="[20] /home/travis/build/icyphy/ptII/ptolemy/domains/modal/test/auto/CausalityInterface10.xml (RunModel)" time="0.062" />
  <testcase classname="ptolemy.util.test.junit.AutoTests" name="[21] /home/travis/build/icyphy/ptII/ptolemy/domains/modal/test/auto/CausalityInterface11.xml (RunModel)" time="0.051" />
  <testcase classname="ptolemy.util.test.junit.AutoTests" name="[22] /home/travis/build/icyphy/ptII/ptolemy/domains/modal/test/auto/CausalityInterface12.xml (RunModel)" time="0.045" />
  <testcase classname="ptolemy.util.test.junit.AutoTests" name="[23] /home/travis/build/icyphy/ptII/ptolemy/domains/modal/test/auto/CausalityInterface13.xml (RunModel)" time="0.043" />
  <testcase classname="ptolemy.util.test.junit.AutoTests" name="[24] /home/travis/build/icyphy/ptII/ptolemy/domains/modal/test/auto/CausalityInterface14.xml (RunModel)" time="0.046" />
  <testcase classname="ptolemy.util.test.junit.AutoTests" name="[25] /home/travis/build/icyphy/ptII/ptolemy/domains/modal/test/auto/CausalityInterface2.xml (RunModel)" time="0.021" />
  <testcase classname="ptolemy.util.test.junit.AutoTests" name="[26] /home/travis/build/icyphy/ptII/ptolemy/domains/modal/test/auto/CausalityInterface3.xml (RunModel)" time="0.021" />
  <testcase classname="ptolemy.util.test.junit.AutoTests" name="[27] /home/travis/build/icyphy/ptII/ptolemy/domains/modal/test/auto/CausalityInterface4.xml (RunModel)" time="0.03" />
  <testcase classname="ptolemy.util.test.junit.AutoTests" name="[28] /home/travis/build/icyphy/ptII/ptolemy/domains/modal/test/auto/CausalityInterface5.xml (RunModel)" time="0.032" />
  <testcase classname="ptolemy.util.test.junit.AutoTests" name="[29] /home/travis/build/icyphy/ptII/ptolemy/domains/modal/test/auto/CausalityInterface6.xml (RunModel)" time="0.041" />
  <testcase classname="ptolemy.util.test.junit.AutoTests" name="[30] /home/travis/build/icyphy/ptII/ptolemy/domains/modal/test/auto/CausalityInterface7.xml (RunModel)" time="0.054" />
  <testcase classname="ptolemy.util.test.junit.AutoTests" name="[31] /home/travis/build/icyphy/ptII/ptolemy/domains/modal/test/auto/CausalityInterface8.xml (RunModel)" time="0.039" />
  <testcase classname="ptolemy.util.test.junit.AutoTests" name="[32] /home/travis/build/icyphy/ptII/ptolemy/domains/modal/test/auto/CausalityInterface9.xml (RunModel)" time="0.039" />
  <testcase classname="ptolemy.util.test.junit.AutoTests" name="[33] /home/travis/build/icyphy/ptII/ptolemy/domains/modal/test/auto/ChainedTransitions.xml (RunModel)" time="0.164" />
  <testcase classname="ptolemy.util.test.junit.AutoTests" name="[34] /home/travis/build/icyphy/ptII/ptolemy/domains/modal/test/auto/CycleOfImmediateTransitionsFSM.xml (RunModel)" time="0.018" />
  <testcase classname="ptolemy.util.test.junit.AutoTests" name="[35] /home/travis/build/icyphy/ptII/ptolemy/domains/modal/test/auto/CycleOfImmediateTransitionsModal.xml (RunModel)" time="0.021" />
  <testcase classname="ptolemy.util.test.junit.AutoTests" name="[36] /home/travis/build/icyphy/ptII/ptolemy/domains/modal/test/auto/CycleOfImmediateTransitionsModal2.xml (RunModel)" time="0.028" />
  <testcase classname="ptolemy.util.test.junit.AutoTests" name="[37] /home/travis/build/icyphy/ptII/ptolemy/domains/modal/test/auto/CycleOfImmediateTransitionsModal3.xml (RunModel)" time="0.073" />
  <testcase classname="ptolemy.util.test.junit.AutoTests" name="[38] /home/travis/build/icyphy/ptII/ptolemy/domains/modal/test/auto/DeepModal1.xml (RunModel)" time="0.042" />
  <testcase classname="ptolemy.util.test.junit.AutoTests" name="[39] /home/travis/build/icyphy/ptII/ptolemy/domains/modal/test/auto/DeepModal2.xml (RunModel)" time="0.074" />
  <testcase classname="ptolemy.util.test.junit.AutoTests" name="[40] /home/travis/build/icyphy/ptII/ptolemy/domains/modal/test/auto/DeepModal3.xml (RunModel)" time="0.065" />
  <testcase classname="ptolemy.util.test.junit.AutoTests" name="[41] /home/travis/build/icyphy/ptII/ptolemy/domains/modal/test/auto/DeepModal4.xml (RunModel)" time="0.075" />
  <testcase classname="ptolemy.util.test.junit.AutoTests" name="[42] /home/travis/build/icyphy/ptII/ptolemy/domains/modal/test/auto/Default1.xml (RunModel)" time="0.021" />
  <testcase classname="ptolemy.util.test.junit.AutoTests" name="[43] /home/travis/build/icyphy/ptII/ptolemy/domains/modal/test/auto/Default2.xml (RunModel)" time="0.021" />
  <testcase classname="ptolemy.util.test.junit.AutoTests" name="[44] /home/travis/build/icyphy/ptII/ptolemy/domains/modal/test/auto/Default3.xml (RunModel)" time="0.019" />
  <testcase classname="ptolemy.util.test.junit.AutoTests" name="[45] /home/travis/build/icyphy/ptII/ptolemy/domains/modal/test/auto/Default4.xml (RunModel)" time="0.015" />
  <testcase classname="ptolemy.util.test.junit.AutoTests" name="[46] /home/travis/build/icyphy/ptII/ptolemy/domains/modal/test/auto/Default5.xml (RunModel)" time="0.024" />
  <testcase classname="ptolemy.util.test.junit.AutoTests" name="[47] /home/travis/build/icyphy/ptII/ptolemy/domains/modal/test/auto/EmptyGuard.xml (RunModel)" time="0.039" />
  <testcase classname="ptolemy.util.test.junit.AutoTests" name="[48] /home/travis/build/icyphy/ptII/ptolemy/domains/modal/test/auto/ErrorTransition1.xml (RunModel)" time="0.033" />
  <testcase classname="ptolemy.util.test.junit.AutoTests" name="[49] /home/travis/build/icyphy/ptII/ptolemy/domains/modal/test/auto/ErrorTransition10.xml (RunModel)" time="0.039" />
  <testcase classname="ptolemy.util.test.junit.AutoTests" name="[50] /home/travis/build/icyphy/ptII/ptolemy/domains/modal/test/auto/ErrorTransition11.xml (RunModel)" time="0.069" />
  <testcase classname="ptolemy.util.test.junit.AutoTests" name="[51] /home/travis/build/icyphy/ptII/ptolemy/domains/modal/test/auto/ErrorTransition2.xml (RunModel)" time="0.03" />
  <testcase classname="ptolemy.util.test.junit.AutoTests" name="[52] /home/travis/build/icyphy/ptII/ptolemy/domains/modal/test/auto/ErrorTransition3.xml (RunModel)" time="0.045" />
  <testcase classname="ptolemy.util.test.junit.AutoTests" name="[53] /home/travis/build/icyphy/ptII/ptolemy/domains/modal/test/auto/ErrorTransition4.xml (RunModel)" time="0.047" />
  <testcase classname="ptolemy.util.test.junit.AutoTests" name="[54] /home/travis/build/icyphy/ptII/ptolemy/domains/modal/test/auto/ErrorTransition5.xml (RunModel)" time="0.029" />
  <testcase classname="ptolemy.util.test.junit.AutoTests" name="[55] /home/travis/build/icyphy/ptII/ptolemy/domains/modal/test/auto/ErrorTransition6.xml (RunModel)" time="0.03" />
  <testcase classname="ptolemy.util.test.junit.AutoTests" name="[56] /home/travis/build/icyphy/ptII/ptolemy/domains/modal/test/auto/ErrorTransition7.xml (RunModel)" time="0.046" />
  <testcase classname="ptolemy.util.test.junit.AutoTests" name="[57] /home/travis/build/icyphy/ptII/ptolemy/domains/modal/test/auto/ErrorTransition8.xml (RunModel)" time="0.057" />
  <testcase classname="ptolemy.util.test.junit.AutoTests" name="[58] /home/travis/build/icyphy/ptII/ptolemy/domains/modal/test/auto/ErrorTransition9.xml (RunModel)" time="0.035" />
  <testcase classname="ptolemy.util.test.junit.AutoTests" name="[59] /home/travis/build/icyphy/ptII/ptolemy/domains/modal/test/auto/ExtendedFSM.xml (RunModel)" time="0.025" />
  <testcase classname="ptolemy.util.test.junit.AutoTests" name="[60] /home/travis/build/icyphy/ptII/ptolemy/domains/modal/test/auto/FinalStates.xml (RunModel)" time="0.021" />
  <testcase classname="ptolemy.util.test.junit.AutoTests" name="[61] /home/travis/build/icyphy/ptII/ptolemy/domains/modal/test/auto/FixedPointFSM.xml (RunModel)" time="0.042" />
  <testcase classname="ptolemy.util.test.junit.AutoTests" name="[62] /home/travis/build/icyphy/ptII/ptolemy/domains/modal/test/auto/FixedPointIterationFSMActor.xml (RunModel)" time="0.03" />
  <testcase classname="ptolemy.util.test.junit.AutoTests" name="[63] /home/travis/build/icyphy/ptII/ptolemy/domains/modal/test/auto/FixedPointIterationFSMActor2.xml (RunModel)" time="0.037" />
  <testcase classname="ptolemy.util.test.junit.AutoTests" name="[64] /home/travis/build/icyphy/ptII/ptolemy/domains/modal/test/auto/ForbiddenInstantanousLoop.xml (RunModel)" time="0.035" />
  <testcase classname="ptolemy.util.test.junit.AutoTests" name="[65] /home/travis/build/icyphy/ptII/ptolemy/domains/modal/test/auto/FunctionDependencyOfFSMActorTest.xml (RunModel)" time="0.029" />
  <testcase classname="ptolemy.util.test.junit.AutoTests" name="[66] /home/travis/build/icyphy/ptII/ptolemy/domains/modal/test/auto/GuardExpression.xml (RunModel)" time="0.014" />
  <testcase classname="ptolemy.util.test.junit.AutoTests" name="[67] /home/travis/build/icyphy/ptII/ptolemy/domains/modal/test/auto/GuardNotEvaluated.xml (RunModel)" time="0.025" />
  <testcase classname="ptolemy.util.test.junit.AutoTests" name="[68] /home/travis/build/icyphy/ptII/ptolemy/domains/modal/test/auto/GuardNotEvaluated2.xml (RunModel)" time="0.022" />
  <testcase classname="ptolemy.util.test.junit.AutoTests" name="[69] /home/travis/build/icyphy/ptII/ptolemy/domains/modal/test/auto/GuardOnAbsent.xml (RunModel)" time="0.023" />
  <testcase classname="ptolemy.util.test.junit.AutoTests" name="[70] /home/travis/build/icyphy/ptII/ptolemy/domains/modal/test/auto/HierarchicalFSMTypeInference.xml (RunModel)" time="0.031" />
  <testcase classname="ptolemy.util.test.junit.AutoTests" name="[71] /home/travis/build/icyphy/ptII/ptolemy/domains/modal/test/auto/Hysteresis.xml (RunModel)" time="0.047" />
  <testcase classname="ptolemy.util.test.junit.AutoTests" name="[72] /home/travis/build/icyphy/ptII/ptolemy/domains/modal/test/auto/HysteresisWithDefault.xml (RunModel)" time="0.072" />
  <testcase classname="ptolemy.util.test.junit.AutoTests" name="[73] /home/travis/build/icyphy/ptII/ptolemy/domains/modal/test/auto/HysteresisWithDefault2.xml (RunModel)" time="0.064" />
  <testcase classname="ptolemy.util.test.junit.AutoTests" name="[74] /home/travis/build/icyphy/ptII/ptolemy/domains/modal/test/auto/ImmediateNonConstructiveness.xml (RunModel)" time="0.03" />
  <testcase classname="ptolemy.util.test.junit.AutoTests" name="[75] /home/travis/build/icyphy/ptII/ptolemy/domains/modal/test/auto/ImmediateNonConstructiveness2.xml (RunModel)" time="0.017" />
  <testcase classname="ptolemy.util.test.junit.AutoTests" name="[76] /home/travis/build/icyphy/ptII/ptolemy/domains/modal/test/auto/ImmediateTransitionReset.xml (RunModel)" time="0.031" />
  <testcase classname="ptolemy.util.test.junit.AutoTests" name="[77] /home/travis/build/icyphy/ptII/ptolemy/domains/modal/test/auto/ImmediateTransitions1.xml (RunModel)" time="0.014" />
  <testcase classname="ptolemy.util.test.junit.AutoTests" name="[78] /home/travis/build/icyphy/ptII/ptolemy/domains/modal/test/auto/ImmediateTransitionsInstantaneousCommunication.xml (RunModel)" time="0.032" />
  <testcase classname="ptolemy.util.test.junit.AutoTests" name="[79] /home/travis/build/icyphy/ptII/ptolemy/domains/modal/test/auto/InitialImmediateTransition.xml (RunModel)" time="0.014" />
  <testcase classname="ptolemy.util.test.junit.AutoTests" name="[80] /home/travis/build/icyphy/ptII/ptolemy/domains/modal/test/auto/InitialOutputs.xml (RunModel)" time="0.013" />
  <testcase classname="ptolemy.util.test.junit.AutoTests" name="[81] /home/travis/build/icyphy/ptII/ptolemy/domains/modal/test/auto/InitialStateTransition1.xml (RunModel)" time="0.019" />
  <testcase classname="ptolemy.util.test.junit.AutoTests" name="[82] /home/travis/build/icyphy/ptII/ptolemy/domains/modal/test/auto/InitialStateTransition2.xml (RunModel)" time="0.021" />
  <testcase classname="ptolemy.util.test.junit.AutoTests" name="[83] /home/travis/build/icyphy/ptII/ptolemy/domains/modal/test/auto/InitialStateTransition3.xml (RunModel)" time="0.022" />
  <testcase classname="ptolemy.util.test.junit.AutoTests" name="[84] /home/travis/build/icyphy/ptII/ptolemy/domains/modal/test/auto/InitialStateTransition4.xml (RunModel)" time="0.024" />
  <testcase classname="ptolemy.util.test.junit.AutoTests" name="[85] /home/travis/build/icyphy/ptII/ptolemy/domains/modal/test/auto/MalformedGuardExpressionNotCaught.xml (RunModel)" time="0.025" />
  <testcase classname="ptolemy.util.test.junit.AutoTests" name="[86] /home/travis/build/icyphy/ptII/ptolemy/domains/modal/test/auto/ModalBSC.xml (RunModel)" time="0.082" />
  <testcase classname="ptolemy.util.test.junit.AutoTests" name="[87] /home/travis/build/icyphy/ptII/ptolemy/domains/modal/test/auto/ModalClocks.xml (RunModel)" time="0.075" />
  <testcase classname="ptolemy.util.test.junit.AutoTests" name="[88] /home/travis/build/icyphy/ptII/ptolemy/domains/modal/test/auto/ModalDelay.xml (RunModel)" time="0.04" />
  <testcase classname="ptolemy.util.test.junit.AutoTests" name="[89] /home/travis/build/icyphy/ptII/ptolemy/domains/modal/test/auto/ModalDelay2.xml (RunModel)" time="0.042" />
  <testcase classname="ptolemy.util.test.junit.AutoTests" name="[90] /home/travis/build/icyphy/ptII/ptolemy/domains/modal/test/auto/ModalModelFromMemo.xml (RunModel)" time="0.047" />
  <testcase classname="ptolemy.util.test.junit.AutoTests" name="[91] /home/travis/build/icyphy/ptII/ptolemy/domains/modal/test/auto/ModalModelWithMultirateTransient.xml (RunModel)" time="0.052" />
  <testcase classname="ptolemy.util.test.junit.AutoTests" name="[92] /home/travis/build/icyphy/ptII/ptolemy/domains/modal/test/auto/ModalModelWithReset.xml (RunModel)" time="0.05" />
  <testcase classname="ptolemy.util.test.junit.AutoTests" name="[93] /home/travis/build/icyphy/ptII/ptolemy/domains/modal/test/auto/MouseClickFSM.xml (RunModel)" time="0.038" />
  <testcase classname="ptolemy.util.test.junit.AutoTests" name="[94] /home/travis/build/icyphy/ptII/ptolemy/domains/modal/test/auto/MouseClickFSMModal.xml (RunModel)" time="0.028" />
  <testcase classname="ptolemy.util.test.junit.AutoTests" name="[95] /home/travis/build/icyphy/ptII/ptolemy/domains/modal/test/auto/NonStrictFSM_FeedbackLoop.xml (RunModel)" time="0.04" />
  <testcase classname="ptolemy.util.test.junit.AutoTests" name="[96] /home/travis/build/icyphy/ptII/ptolemy/domains/modal/test/auto/NonStrictFSM_FeedbackLoop_Refinement.xml (RunModel)" time="0.084" />
  <testcase classname="ptolemy.util.test.junit.AutoTests" name="[97] /home/travis/build/icyphy/ptII/ptolemy/domains/modal/test/auto/NonStrictFSM_FeedbackLoop_preemptive.xml (RunModel)" time="0.078" />
  <testcase classname="ptolemy.util.test.junit.AutoTests" name="[98] /home/travis/build/icyphy/ptII/ptolemy/domains/modal/test/auto/NormalTermination.xml (RunModel)" time="0.051" />
  <testcase classname="ptolemy.util.test.junit.AutoTests" name="[99] /home/travis/build/icyphy/ptII/ptolemy/domains/modal/test/auto/Pong.xml (RunModel)" time="0.162" />
  <testcase classname="ptolemy.util.test.junit.AutoTests" name="[100] /home/travis/build/icyphy/ptII/ptolemy/domains/modal/test/auto/Pong_test.xml (RunModel)" time="0.143" />
  <testcase classname="ptolemy.util.test.junit.AutoTests" name="[101] /home/travis/build/icyphy/ptII/ptolemy/domains/modal/test/auto/PreemptionHierarchy.xml (RunModel)" time="0.027" />
  <testcase classname="ptolemy.util.test.junit.AutoTests" name="[102] /home/travis/build/icyphy/ptII/ptolemy/domains/modal/test/auto/PreemptionHierarchy2.xml (RunModel)" time="0.03" />
  <testcase classname="ptolemy.util.test.junit.AutoTests" name="[103] /home/travis/build/icyphy/ptII/ptolemy/domains/modal/test/auto/PreemptiveTransition.xml (RunModel)" time="0.03" />
  <testcase classname="ptolemy.util.test.junit.AutoTests" name="[104] /home/travis/build/icyphy/ptII/ptolemy/domains/modal/test/auto/Priorities.xml (RunModel)" time="0.089" />
  <testcase classname="ptolemy.util.test.junit.AutoTests" name="[105] /home/travis/build/icyphy/ptII/ptolemy/domains/modal/test/auto/ResetFinal.xml (RunModel)" time="0.039" />
  <testcase classname="ptolemy.util.test.junit.AutoTests" name="[106] /home/travis/build/icyphy/ptII/ptolemy/domains/modal/test/auto/ResetFinal2.xml (RunModel)" time="0.055" />
  <testcase classname="ptolemy.util.test.junit.AutoTests" name="[107] /home/travis/build/icyphy/ptII/ptolemy/domains/modal/test/auto/ResetTransitionWithStartTime.xml (RunModel)" time="0.028" />
  <testcase classname="ptolemy.util.test.junit.AutoTests" name="[108] /home/travis/build/icyphy/ptII/ptolemy/domains/modal/test/auto/SDF-FSMComposite.xml (RunModel)" time="0.022" />
  <testcase classname="ptolemy.util.test.junit.AutoTests" name="[109] /home/travis/build/icyphy/ptII/ptolemy/domains/modal/test/auto/SeeminglyNondeterminate.xml (RunModel)" time="0.07" />
  <testcase classname="ptolemy.util.test.junit.AutoTests" name="[110] /home/travis/build/icyphy/ptII/ptolemy/domains/modal/test/auto/SeeminglyNondeterminate2.xml (RunModel)" time="0.072" />
  <testcase classname="ptolemy.util.test.junit.AutoTests" name="[111] /home/travis/build/icyphy/ptII/ptolemy/domains/modal/test/auto/SpontaneousFSM.xml (RunModel)" time="0.042" />
  <testcase classname="ptolemy.util.test.junit.AutoTests" name="[112] /home/travis/build/icyphy/ptII/ptolemy/domains/modal/test/auto/SpontaneousFSM2.xml (RunModel)" time="0.027" />
  <testcase classname="ptolemy.util.test.junit.AutoTests" name="[113] /home/travis/build/icyphy/ptII/ptolemy/domains/modal/test/auto/SpontaneousFSM3.xml (RunModel)" time="0.044" />
  <testcase classname="ptolemy.util.test.junit.AutoTests" name="[114] /home/travis/build/icyphy/ptII/ptolemy/domains/modal/test/auto/SpontaneousFSM4.xml (RunModel)" time="0.047" />
  <testcase classname="ptolemy.util.test.junit.AutoTests" name="[115] /home/travis/build/icyphy/ptII/ptolemy/domains/modal/test/auto/StateTrackerTest.xml (RunModel)" time="0.064" />
  <testcase classname="ptolemy.util.test.junit.AutoTests" name="[116] /home/travis/build/icyphy/ptII/ptolemy/domains/modal/test/auto/StrongImmediateTransition.xml (RunModel)" time="0.026" />
  <testcase classname="ptolemy.util.test.junit.AutoTests" name="[117] /home/travis/build/icyphy/ptII/ptolemy/domains/modal/test/auto/SustainHierarchy.xml (RunModel)" time="0.043" />
  <testcase classname="ptolemy.util.test.junit.AutoTests" name="[118] /home/travis/build/icyphy/ptII/ptolemy/domains/modal/test/auto/TerminationTransition1.xml (RunModel)" time="0.022" />
  <testcase classname="ptolemy.util.test.junit.AutoTests" name="[119] /home/travis/build/icyphy/ptII/ptolemy/domains/modal/test/auto/TerminationTransition2.xml (RunModel)" time="0.026" />
  <testcase classname="ptolemy.util.test.junit.AutoTests" name="[120] /home/travis/build/icyphy/ptII/ptolemy/domains/modal/test/auto/TerminationTransition3.xml (RunModel)" time="0.025" />
  <testcase classname="ptolemy.util.test.junit.AutoTests" name="[121] /home/travis/build/icyphy/ptII/ptolemy/domains/modal/test/auto/TerminationTransition4.xml (RunModel)" time="0.033" />
  <testcase classname="ptolemy.util.test.junit.AutoTests" name="[122] /home/travis/build/icyphy/ptII/ptolemy/domains/modal/test/auto/TerminationTransition5.xml (RunModel)" time="0.029" />
  <testcase classname="ptolemy.util.test.junit.AutoTests" name="[123] /home/travis/build/icyphy/ptII/ptolemy/domains/modal/test/auto/TerminationTransition6.xml (RunModel)" time="0.02" />
  <testcase classname="ptolemy.util.test.junit.AutoTests" name="[124] /home/travis/build/icyphy/ptII/ptolemy/domains/modal/test/auto/TerminationTransition7.xml (RunModel)" time="0.022" />
  <testcase classname="ptolemy.util.test.junit.AutoTests" name="[125] /home/travis/build/icyphy/ptII/ptolemy/domains/modal/test/auto/TerminationTransition8.xml (RunModel)" time="0.025" />
  <testcase classname="ptolemy.util.test.junit.AutoTests" name="[126] /home/travis/build/icyphy/ptII/ptolemy/domains/modal/test/auto/Thermostat_NoHysteresis.xml (RunModel)" time="0.085" />
  <testcase classname="ptolemy.util.test.junit.AutoTests" name="[127] /home/travis/build/icyphy/ptII/ptolemy/domains/modal/test/auto/TimedFSM.xml (RunModel)" time="0.035" />
  <testcase classname="ptolemy.util.test.junit.AutoTests" name="[128] /home/travis/build/icyphy/ptII/ptolemy/domains/modal/test/auto/Timeout1.xml (RunModel)" time="0.013" />
  <testcase classname="ptolemy.util.test.junit.AutoTests" name="[129] /home/travis/build/icyphy/ptII/ptolemy/domains/modal/test/auto/Timeout2.xml (RunModel)" time="0.022" />
  <testcase classname="ptolemy.util.test.junit.AutoTests" name="[130] /home/travis/build/icyphy/ptII/ptolemy/domains/modal/test/auto/Timeout3.xml (RunModel)" time="0.011" />
  <testcase classname="ptolemy.util.test.junit.AutoTests" name="[131] /home/travis/build/icyphy/ptII/ptolemy/domains/modal/test/auto/Timeout4.xml (RunModel)" time="0.012" />
  <testcase classname="ptolemy.util.test.junit.AutoTests" name="[132] /home/travis/build/icyphy/ptII/ptolemy/domains/modal/test/auto/TransientstateModelAdvanced.xml (RunModel)" time="0.026" />
  <testcase classname="ptolemy.util.test.junit.AutoTests" name="[133] /home/travis/build/icyphy/ptII/ptolemy/domains/modal/test/auto/TransientstateModelAdvanced2.xml (RunModel)" time="0.048" />
  <testcase classname="ptolemy.util.test.junit.AutoTests" name="[134] /home/travis/build/icyphy/ptII/ptolemy/domains/modal/test/auto/TransitionRefinements.xml (RunModel)" time="0.03" />
  <testcase classname="ptolemy.util.test.junit.AutoTests" name="[135] /home/travis/build/icyphy/ptII/ptolemy/domains/modal/test/auto/TwoRefinements1.xml (RunModel)" time="0.03" />
  <testcase classname="ptolemy.util.test.junit.AutoTests" name="[136] /home/travis/build/icyphy/ptII/ptolemy/domains/modal/test/auto/TwoRefinements2.xml (RunModel)" time="0.023" />
  <testcase classname="ptolemy.util.test.junit.AutoTests" name="[137] /home/travis/build/icyphy/ptII/ptolemy/domains/modal/test/auto/WeakImmediateTransition.xml (RunModel)" time="0.025" />
  <testcase classname="ptolemy.util.test.junit.AutoTests" name="[138] /home/travis/build/icyphy/ptII/ptolemy/domains/modal/test/auto/booleanSelect.xml (RunModel)" time="0.079" />
  <testcase classname="ptolemy.util.test.junit.AutoTests" name="[139] /home/travis/build/icyphy/ptII/ptolemy/domains/modal/test/auto/modalChangingParams.xml (RunModel)" time="0.304" />
  <testcase classname="ptolemy.util.test.junit.AutoTests" name="[140] /home/travis/build/icyphy/ptII/ptolemy/domains/modal/test/auto/modalModel.xml (RunModel)" time="0.034" />
  <testcase classname="ptolemy.util.test.junit.AutoTests" name="[141] /home/travis/build/icyphy/ptII/ptolemy/domains/modal/test/auto/modalModel2.xml (RunModel)" time="0.031" />
  <testcase classname="ptolemy.util.test.junit.AutoTests" name="[142] /home/travis/build/icyphy/ptII/ptolemy/domains/modal/test/auto/modalModel3.xml (RunModel)" time="0.045" />
  <testcase classname="ptolemy.util.test.junit.AutoTests" name="[143] /home/travis/build/icyphy/ptII/ptolemy/domains/modal/test/auto/model1.xml (RunModel)" time="0.025" />
  <testcase classname="ptolemy.util.test.junit.AutoTests" name="[144] /home/travis/build/icyphy/ptII/ptolemy/domains/modal/test/auto/test-direct-in-out.xml (RunModel)" time="0.026" />
  <system-out><![CDATA[/home/travis/build/icyphy/ptII/ptolemy/domains/modal/test/SystemLevelType.tcl
testDefs.tcl: setting time out to 9000 seconds at Tue Sep 03 20:57:04 UTC 2019
09/03/19 08:57:06
Failed: 0  Total Tests: 1  ((Passed: 1, Newly Passed: 0)  Known Failed: 0) /home/travis/build/icyphy/ptII/ptolemy/domains/modal/test
----------------- testing (KnownFailure) /home/travis/build/icyphy/ptII/ptolemy/domains/modal/test/auto/knownFailedTests/CannotAnalysisWithPreemption.xml
126 ms. Memory: 162816K Free: 92022K (57%)
Known Failure: java.lang.reflect.InvocationTargetException
No auto/linux-amd64/*.xml tests in /home/travis/build/icyphy/ptII/ptolemy/domains/modal/test
AutoTests.java: About to close Vertx.
AutoTests.java: Vertx closed.

===========================================================================================
----------------- testing Tue Sep 03 20:57:07 UTC 2019 /home/travis/build/icyphy/ptII/ptolemy/domains/modal/test/auto/ABPTest.xml
----------------- Instantiating /home/travis/build/icyphy/ptII/ptolemy/domains/modal/test/auto/ABPTest.xml
409 ms. Memory: 162816K Free: 120283K (74%)
----------------- Invoking toplevel() on ptolemy.moml.MoMLSimpleApplication@6037d0e4
----------------- Done invoking toplevel() on ptolemy.moml.MoMLSimpleApplication@6037d0e4
reloadAllAccessors: .ABPTest

===========================================================================================
----------------- testing Tue Sep 03 20:57:08 UTC 2019 /home/travis/build/icyphy/ptII/ptolemy/domains/modal/test/auto/ABROFlat.xml
----------------- Instantiating /home/travis/build/icyphy/ptII/ptolemy/domains/modal/test/auto/ABROFlat.xml
25 ms. Memory: 162816K Free: 104381K (64%)
----------------- Invoking toplevel() on ptolemy.moml.MoMLSimpleApplication@66d7ffe3
----------------- Done invoking toplevel() on ptolemy.moml.MoMLSimpleApplication@66d7ffe3
reloadAllAccessors: .ABROFlat

===========================================================================================
----------------- testing Tue Sep 03 20:57:08 UTC 2019 /home/travis/build/icyphy/ptII/ptolemy/domains/modal/test/auto/ABROFlat2.xml
----------------- Instantiating /home/travis/build/icyphy/ptII/ptolemy/domains/modal/test/auto/ABROFlat2.xml
19 ms. Memory: 162816K Free: 87997K (54%)
----------------- Invoking toplevel() on ptolemy.moml.MoMLSimpleApplication@55d7fd90
----------------- Done invoking toplevel() on ptolemy.moml.MoMLSimpleApplication@55d7fd90
reloadAllAccessors: .ABROFlat2

===========================================================================================
----------------- testing Tue Sep 03 20:57:08 UTC 2019 /home/travis/build/icyphy/ptII/ptolemy/domains/modal/test/auto/ABRO_present_hmm.xml
----------------- Instantiating /home/travis/build/icyphy/ptII/ptolemy/domains/modal/test/auto/ABRO_present_hmm.xml
30 ms. Memory: 162816K Free: 61343K (38%)
----------------- Invoking toplevel() on ptolemy.moml.MoMLSimpleApplication@18926f07
----------------- Done invoking toplevel() on ptolemy.moml.MoMLSimpleApplication@18926f07
reloadAllAccessors: .ABRO_present_hmm

===========================================================================================
----------------- testing Tue Sep 03 20:57:08 UTC 2019 /home/travis/build/icyphy/ptII/ptolemy/domains/modal/test/auto/AMICoderExample.xml
----------------- Instantiating /home/travis/build/icyphy/ptII/ptolemy/domains/modal/test/auto/AMICoderExample.xml
49 ms. Memory: 162816K Free: 141653K (87%)
----------------- Invoking toplevel() on ptolemy.moml.MoMLSimpleApplication@77d4f814
----------------- Done invoking toplevel() on ptolemy.moml.MoMLSimpleApplication@77d4f814
reloadAllAccessors: .AMICoderExample

===========================================================================================
----------------- testing Tue Sep 03 20:57:08 UTC 2019 /home/travis/build/icyphy/ptII/ptolemy/domains/modal/test/auto/AbsentToPresent.xml
----------------- Instantiating /home/travis/build/icyphy/ptII/ptolemy/domains/modal/test/auto/AbsentToPresent.xml
8 ms. Memory: 162816K Free: 137078K (84%)
----------------- Invoking toplevel() on ptolemy.moml.MoMLSimpleApplication@70d048a3
----------------- Done invoking toplevel() on ptolemy.moml.MoMLSimpleApplication@70d048a3
reloadAllAccessors: .AbsentToPresent

===========================================================================================
----------------- testing Tue Sep 03 20:57:08 UTC 2019 /home/travis/build/icyphy/ptII/ptolemy/domains/modal/test/auto/Blending.xml
----------------- Instantiating /home/travis/build/icyphy/ptII/ptolemy/domains/modal/test/auto/Blending.xml
170 ms. Memory: 162816K Free: 92532K (57%)
----------------- Invoking toplevel() on ptolemy.moml.MoMLSimpleApplication@7339c507
----------------- Done invoking toplevel() on ptolemy.moml.MoMLSimpleApplication@7339c507
reloadAllAccessors: .Blending

===========================================================================================
----------------- testing Tue Sep 03 20:57:09 UTC 2019 /home/travis/build/icyphy/ptII/ptolemy/domains/modal/test/auto/Broadcast.xml
----------------- Instantiating /home/travis/build/icyphy/ptII/ptolemy/domains/modal/test/auto/Broadcast.xml
6 ms. Memory: 162816K Free: 82292K (51%)
----------------- Invoking toplevel() on ptolemy.moml.MoMLSimpleApplication@73929bb7
----------------- Done invoking toplevel() on ptolemy.moml.MoMLSimpleApplication@73929bb7
reloadAllAccessors: .Broadcast

===========================================================================================
----------------- testing Tue Sep 03 20:57:09 UTC 2019 /home/travis/build/icyphy/ptII/ptolemy/domains/modal/test/auto/BroadcastHierarchy.xml
----------------- Instantiating /home/travis/build/icyphy/ptII/ptolemy/domains/modal/test/auto/BroadcastHierarchy.xml
14 ms. Memory: 162816K Free: 68470K (42%)
----------------- Invoking toplevel() on ptolemy.moml.MoMLSimpleApplication@5369128e
----------------- Done invoking toplevel() on ptolemy.moml.MoMLSimpleApplication@5369128e
reloadAllAccessors: .BroadcastHierarchy

===========================================================================================
----------------- testing Tue Sep 03 20:57:09 UTC 2019 /home/travis/build/icyphy/ptII/ptolemy/domains/modal/test/auto/BroadcastHierarchy2.xml
----------------- Instantiating /home/travis/build/icyphy/ptII/ptolemy/domains/modal/test/auto/BroadcastHierarchy2.xml
17 ms. Memory: 202752K Free: 172436K (85%)
----------------- Invoking toplevel() on ptolemy.moml.MoMLSimpleApplication@4c5c4c0d
----------------- Done invoking toplevel() on ptolemy.moml.MoMLSimpleApplication@4c5c4c0d
reloadAllAccessors: .BroadcastHierarchy2

===========================================================================================
----------------- testing Tue Sep 03 20:57:09 UTC 2019 /home/travis/build/icyphy/ptII/ptolemy/domains/modal/test/auto/BroadcastHierarchy3.xml
----------------- Instantiating /home/travis/build/icyphy/ptII/ptolemy/domains/modal/test/auto/BroadcastHierarchy3.xml
17 ms. Memory: 202752K Free: 152470K (75%)
----------------- Invoking toplevel() on ptolemy.moml.MoMLSimpleApplication@30143d73
----------------- Done invoking toplevel() on ptolemy.moml.MoMLSimpleApplication@30143d73
reloadAllAccessors: .BroadcastHierarchy3

===========================================================================================
----------------- testing Tue Sep 03 20:57:09 UTC 2019 /home/travis/build/icyphy/ptII/ptolemy/domains/modal/test/auto/BroadcastHierarchy4.xml
----------------- Instantiating /home/travis/build/icyphy/ptII/ptolemy/domains/modal/test/auto/BroadcastHierarchy4.xml
11 ms. Memory: 202752K Free: 128404K (63%)
----------------- Invoking toplevel() on ptolemy.moml.MoMLSimpleApplication@3e87d2b8
----------------- Done invoking toplevel() on ptolemy.moml.MoMLSimpleApplication@3e87d2b8
reloadAllAccessors: .BroadcastHierarchy4

===========================================================================================
----------------- testing Tue Sep 03 20:57:09 UTC 2019 /home/travis/build/icyphy/ptII/ptolemy/domains/modal/test/auto/CannotAnalysisWithPreemption2.xml
----------------- Instantiating /home/travis/build/icyphy/ptII/ptolemy/domains/modal/test/auto/CannotAnalysisWithPreemption2.xml
4 ms. Memory: 202752K Free: 121222K (60%)
----------------- Invoking toplevel() on ptolemy.moml.MoMLSimpleApplication@6e66c23d
----------------- Done invoking toplevel() on ptolemy.moml.MoMLSimpleApplication@6e66c23d
reloadAllAccessors: .CannotAnalysisWithPreemption2

===========================================================================================
----------------- testing Tue Sep 03 20:57:09 UTC 2019 /home/travis/build/icyphy/ptII/ptolemy/domains/modal/test/auto/CannotAnalysisWithPreemption3.xml
----------------- Instantiating /home/travis/build/icyphy/ptII/ptolemy/domains/modal/test/auto/CannotAnalysisWithPreemption3.xml
10 ms. Memory: 202752K Free: 110966K (55%)
----------------- Invoking toplevel() on ptolemy.moml.MoMLSimpleApplication@2b4e412e
----------------- Done invoking toplevel() on ptolemy.moml.MoMLSimpleApplication@2b4e412e
reloadAllAccessors: .CannotAnalysisWithPreemption3

===========================================================================================
----------------- testing Tue Sep 03 20:57:09 UTC 2019 /home/travis/build/icyphy/ptII/ptolemy/domains/modal/test/auto/CannotProduce.xml
----------------- Instantiating /home/travis/build/icyphy/ptII/ptolemy/domains/modal/test/auto/CannotProduce.xml
15 ms. Memory: 202752K Free: 104342K (51%)
----------------- Invoking toplevel() on ptolemy.moml.MoMLSimpleApplication@516bea36
----------------- Done invoking toplevel() on ptolemy.moml.MoMLSimpleApplication@516bea36
reloadAllAccessors: .CannotProduce

===========================================================================================
----------------- testing Tue Sep 03 20:57:09 UTC 2019 /home/travis/build/icyphy/ptII/ptolemy/domains/modal/test/auto/CannotProduceModal.xml
----------------- Instantiating /home/travis/build/icyphy/ptII/ptolemy/domains/modal/test/auto/CannotProduceModal.xml
18 ms. Memory: 202752K Free: 97678K (48%)
----------------- Invoking toplevel() on ptolemy.moml.MoMLSimpleApplication@15868ff6
----------------- Done invoking toplevel() on ptolemy.moml.MoMLSimpleApplication@15868ff6
reloadAllAccessors: .CannotProduceModal

===========================================================================================
----------------- testing Tue Sep 03 20:57:09 UTC 2019 /home/travis/build/icyphy/ptII/ptolemy/domains/modal/test/auto/Case.xml
----------------- Instantiating /home/travis/build/icyphy/ptII/ptolemy/domains/modal/test/auto/Case.xml
23 ms. Memory: 202752K Free: 86420K (43%)
----------------- Invoking toplevel() on ptolemy.moml.MoMLSimpleApplication@37ce6a9d
----------------- Done invoking toplevel() on ptolemy.moml.MoMLSimpleApplication@37ce6a9d
reloadAllAccessors: .Case

===========================================================================================
----------------- testing Tue Sep 03 20:57:09 UTC 2019 /home/travis/build/icyphy/ptII/ptolemy/domains/modal/test/auto/Case1.xml
----------------- Instantiating /home/travis/build/icyphy/ptII/ptolemy/domains/modal/test/auto/Case1.xml
6 ms. Memory: 202752K Free: 79252K (39%)
----------------- Invoking toplevel() on ptolemy.moml.MoMLSimpleApplication@3a461cfd
----------------- Done invoking toplevel() on ptolemy.moml.MoMLSimpleApplication@3a461cfd
reloadAllAccessors: .Case1

===========================================================================================
----------------- testing Tue Sep 03 20:57:09 UTC 2019 /home/travis/build/icyphy/ptII/ptolemy/domains/modal/test/auto/Case2.xml
----------------- Instantiating /home/travis/build/icyphy/ptII/ptolemy/domains/modal/test/auto/Case2.xml
15 ms. Memory: 202752K Free: 179620K (89%)
----------------- Invoking toplevel() on ptolemy.moml.MoMLSimpleApplication@6537e498
----------------- Done invoking toplevel() on ptolemy.moml.MoMLSimpleApplication@6537e498
reloadAllAccessors: .Case2

===========================================================================================
----------------- testing Tue Sep 03 20:57:09 UTC 2019 /home/travis/build/icyphy/ptII/ptolemy/domains/modal/test/auto/CausalityInterface1.xml
----------------- Instantiating /home/travis/build/icyphy/ptII/ptolemy/domains/modal/test/auto/CausalityInterface1.xml
5 ms. Memory: 202752K Free: 174500K (86%)
----------------- Invoking toplevel() on ptolemy.moml.MoMLSimpleApplication@4db11d6b
----------------- Done invoking toplevel() on ptolemy.moml.MoMLSimpleApplication@4db11d6b
reloadAllAccessors: .CausalityInterface1

===========================================================================================
----------------- testing Tue Sep 03 20:57:09 UTC 2019 /home/travis/build/icyphy/ptII/ptolemy/domains/modal/test/auto/CausalityInterface10.xml
----------------- Instantiating /home/travis/build/icyphy/ptII/ptolemy/domains/modal/test/auto/CausalityInterface10.xml
6 ms. Memory: 202752K Free: 161188K (80%)
----------------- Invoking toplevel() on ptolemy.moml.MoMLSimpleApplication@7a7d55bf
----------------- Done invoking toplevel() on ptolemy.moml.MoMLSimpleApplication@7a7d55bf
reloadAllAccessors: .CausalityInterface10

===========================================================================================
----------------- testing Tue Sep 03 20:57:09 UTC 2019 /home/travis/build/icyphy/ptII/ptolemy/domains/modal/test/auto/CausalityInterface11.xml
----------------- Instantiating /home/travis/build/icyphy/ptII/ptolemy/domains/modal/test/auto/CausalityInterface11.xml
6 ms. Memory: 202752K Free: 147876K (73%)
----------------- Invoking toplevel() on ptolemy.moml.MoMLSimpleApplication@179c1505
----------------- Done invoking toplevel() on ptolemy.moml.MoMLSimpleApplication@179c1505
reloadAllAccessors: .CausalityInterface11

===========================================================================================
----------------- testing Tue Sep 03 20:57:09 UTC 2019 /home/travis/build/icyphy/ptII/ptolemy/domains/modal/test/auto/CausalityInterface12.xml
----------------- Instantiating /home/travis/build/icyphy/ptII/ptolemy/domains/modal/test/auto/CausalityInterface12.xml
8 ms. Memory: 202752K Free: 134564K (66%)
----------------- Invoking toplevel() on ptolemy.moml.MoMLSimpleApplication@19e2e9a6
----------------- Done invoking toplevel() on ptolemy.moml.MoMLSimpleApplication@19e2e9a6
reloadAllAccessors: .CausalityInterface12

===========================================================================================
----------------- testing Tue Sep 03 20:57:09 UTC 2019 /home/travis/build/icyphy/ptII/ptolemy/domains/modal/test/auto/CausalityInterface13.xml
----------------- Instantiating /home/travis/build/icyphy/ptII/ptolemy/domains/modal/test/auto/CausalityInterface13.xml
9 ms. Memory: 202752K Free: 121252K (60%)
----------------- Invoking toplevel() on ptolemy.moml.MoMLSimpleApplication@e085920
----------------- Done invoking toplevel() on ptolemy.moml.MoMLSimpleApplication@e085920
reloadAllAccessors: .CausalityInterface13

===========================================================================================
----------------- testing Tue Sep 03 20:57:09 UTC 2019 /home/travis/build/icyphy/ptII/ptolemy/domains/modal/test/auto/CausalityInterface14.xml
----------------- Instantiating /home/travis/build/icyphy/ptII/ptolemy/domains/modal/test/auto/CausalityInterface14.xml
7 ms. Memory: 202752K Free: 107412K (53%)
----------------- Invoking toplevel() on ptolemy.moml.MoMLSimpleApplication@4bac4b40
----------------- Done invoking toplevel() on ptolemy.moml.MoMLSimpleApplication@4bac4b40
reloadAllAccessors: .CausalityInterface14

===========================================================================================
----------------- testing Tue Sep 03 20:57:10 UTC 2019 /home/travis/build/icyphy/ptII/ptolemy/domains/modal/test/auto/CausalityInterface2.xml
----------------- Instantiating /home/travis/build/icyphy/ptII/ptolemy/domains/modal/test/auto/CausalityInterface2.xml
3 ms. Memory: 202752K Free: 101276K (50%)
----------------- Invoking toplevel() on ptolemy.moml.MoMLSimpleApplication@538b1705
----------------- Done invoking toplevel() on ptolemy.moml.MoMLSimpleApplication@538b1705
reloadAllAccessors: .CausalityInterface2

===========================================================================================
----------------- testing Tue Sep 03 20:57:10 UTC 2019 /home/travis/build/icyphy/ptII/ptolemy/domains/modal/test/auto/CausalityInterface3.xml
----------------- Instantiating /home/travis/build/icyphy/ptII/ptolemy/domains/modal/test/auto/CausalityInterface3.xml
2 ms. Memory: 202752K Free: 95132K (47%)
----------------- Invoking toplevel() on ptolemy.moml.MoMLSimpleApplication@64f4013a
----------------- Done invoking toplevel() on ptolemy.moml.MoMLSimpleApplication@64f4013a
reloadAllAccessors: .CausalityInterface3

===========================================================================================
----------------- testing Tue Sep 03 20:57:10 UTC 2019 /home/travis/build/icyphy/ptII/ptolemy/domains/modal/test/auto/CausalityInterface4.xml
----------------- Instantiating /home/travis/build/icyphy/ptII/ptolemy/domains/modal/test/auto/CausalityInterface4.xml
3 ms. Memory: 202752K Free: 88988K (44%)
----------------- Invoking toplevel() on ptolemy.moml.MoMLSimpleApplication@6b8bf1de
----------------- Done invoking toplevel() on ptolemy.moml.MoMLSimpleApplication@6b8bf1de
reloadAllAccessors: .CausalityInterface4

===========================================================================================
----------------- testing Tue Sep 03 20:57:10 UTC 2019 /home/travis/build/icyphy/ptII/ptolemy/domains/modal/test/auto/CausalityInterface5.xml
----------------- Instantiating /home/travis/build/icyphy/ptII/ptolemy/domains/modal/test/auto/CausalityInterface5.xml
5 ms. Memory: 202752K Free: 80788K (40%)
----------------- Invoking toplevel() on ptolemy.moml.MoMLSimpleApplication@2c773ac0
----------------- Done invoking toplevel() on ptolemy.moml.MoMLSimpleApplication@2c773ac0
reloadAllAccessors: .CausalityInterface5

===========================================================================================
----------------- testing Tue Sep 03 20:57:10 UTC 2019 /home/travis/build/icyphy/ptII/ptolemy/domains/modal/test/auto/CausalityInterface6.xml
----------------- Instantiating /home/travis/build/icyphy/ptII/ptolemy/domains/modal/test/auto/CausalityInterface6.xml
4 ms. Memory: 202752K Free: 72596K (36%)
----------------- Invoking toplevel() on ptolemy.moml.MoMLSimpleApplication@fa0ea4d
----------------- Done invoking toplevel() on ptolemy.moml.MoMLSimpleApplication@fa0ea4d
reloadAllAccessors: .CausalityInterface6

===========================================================================================
----------------- testing Tue Sep 03 20:57:10 UTC 2019 /home/travis/build/icyphy/ptII/ptolemy/domains/modal/test/auto/CausalityInterface7.xml
----------------- Instantiating /home/travis/build/icyphy/ptII/ptolemy/domains/modal/test/auto/CausalityInterface7.xml
10 ms. Memory: 202752K Free: 180133K (89%)
----------------- Invoking toplevel() on ptolemy.moml.MoMLSimpleApplication@39689f82
----------------- Done invoking toplevel() on ptolemy.moml.MoMLSimpleApplication@39689f82
reloadAllAccessors: .CausalityInterface7

===========================================================================================
----------------- testing Tue Sep 03 20:57:10 UTC 2019 /home/travis/build/icyphy/ptII/ptolemy/domains/modal/test/auto/CausalityInterface8.xml
----------------- Instantiating /home/travis/build/icyphy/ptII/ptolemy/domains/modal/test/auto/CausalityInterface8.xml
6 ms. Memory: 202752K Free: 171461K (85%)
----------------- Invoking toplevel() on ptolemy.moml.MoMLSimpleApplication@557fe834
----------------- Done invoking toplevel() on ptolemy.moml.MoMLSimpleApplication@557fe834
reloadAllAccessors: .CausalityInterface8

===========================================================================================
----------------- testing Tue Sep 03 20:57:10 UTC 2019 /home/travis/build/icyphy/ptII/ptolemy/domains/modal/test/auto/CausalityInterface9.xml
----------------- Instantiating /home/travis/build/icyphy/ptII/ptolemy/domains/modal/test/auto/CausalityInterface9.xml
6 ms. Memory: 202752K Free: 162245K (80%)
----------------- Invoking toplevel() on ptolemy.moml.MoMLSimpleApplication@19737736
----------------- Done invoking toplevel() on ptolemy.moml.MoMLSimpleApplication@19737736
reloadAllAccessors: .CausalityInterface9

===========================================================================================
----------------- testing Tue Sep 03 20:57:10 UTC 2019 /home/travis/build/icyphy/ptII/ptolemy/domains/modal/test/auto/ChainedTransitions.xml
----------------- Instantiating /home/travis/build/icyphy/ptII/ptolemy/domains/modal/test/auto/ChainedTransitions.xml
103 ms. Memory: 202752K Free: 137669K (68%)
----------------- Invoking toplevel() on ptolemy.moml.MoMLSimpleApplication@6ce96987
----------------- Done invoking toplevel() on ptolemy.moml.MoMLSimpleApplication@6ce96987
reloadAllAccessors: .ChainedTransitions

===========================================================================================
----------------- testing Tue Sep 03 20:57:10 UTC 2019 /home/travis/build/icyphy/ptII/ptolemy/domains/modal/test/auto/CycleOfImmediateTransitionsFSM.xml
----------------- Instantiating /home/travis/build/icyphy/ptII/ptolemy/domains/modal/test/auto/CycleOfImmediateTransitionsFSM.xml
3 ms. Memory: 202752K Free: 131525K (65%)
----------------- Invoking toplevel() on ptolemy.moml.MoMLSimpleApplication@76aa8f64
----------------- Done invoking toplevel() on ptolemy.moml.MoMLSimpleApplication@76aa8f64
reloadAllAccessors: .CycleOfImmediateTransitionsFSM

===========================================================================================
----------------- testing Tue Sep 03 20:57:10 UTC 2019 /home/travis/build/icyphy/ptII/ptolemy/domains/modal/test/auto/CycleOfImmediateTransitionsModal.xml
----------------- Instantiating /home/travis/build/icyphy/ptII/ptolemy/domains/modal/test/auto/CycleOfImmediateTransitionsModal.xml
3 ms. Memory: 202752K Free: 125381K (62%)
----------------- Invoking toplevel() on ptolemy.moml.MoMLSimpleApplication@2dfcf6f
----------------- Done invoking toplevel() on ptolemy.moml.MoMLSimpleApplication@2dfcf6f
reloadAllAccessors: .CycleOfImmediateTransitionsModal

===========================================================================================
----------------- testing Tue Sep 03 20:57:10 UTC 2019 /home/travis/build/icyphy/ptII/ptolemy/domains/modal/test/auto/CycleOfImmediateTransitionsModal2.xml
----------------- Instantiating /home/travis/build/icyphy/ptII/ptolemy/domains/modal/test/auto/CycleOfImmediateTransitionsModal2.xml
5 ms. Memory: 202752K Free: 119237K (59%)
----------------- Invoking toplevel() on ptolemy.moml.MoMLSimpleApplication@702707d2
----------------- Done invoking toplevel() on ptolemy.moml.MoMLSimpleApplication@702707d2
reloadAllAccessors: .CycleOfImmediateTransitionsModal2

===========================================================================================
----------------- testing Tue Sep 03 20:57:10 UTC 2019 /home/travis/build/icyphy/ptII/ptolemy/domains/modal/test/auto/CycleOfImmediateTransitionsModal3.xml
----------------- Instantiating /home/travis/build/icyphy/ptII/ptolemy/domains/modal/test/auto/CycleOfImmediateTransitionsModal3.xml
10 ms. Memory: 202752K Free: 96709K (48%)
----------------- Invoking toplevel() on ptolemy.moml.MoMLSimpleApplication@6ab3cf78
----------------- Done invoking toplevel() on ptolemy.moml.MoMLSimpleApplication@6ab3cf78
reloadAllAccessors: .CycleOfImmediateTransitionsModal3

===========================================================================================
----------------- testing Tue Sep 03 20:57:10 UTC 2019 /home/travis/build/icyphy/ptII/ptolemy/domains/modal/test/auto/DeepModal1.xml
----------------- Instantiating /home/travis/build/icyphy/ptII/ptolemy/domains/modal/test/auto/DeepModal1.xml
20 ms. Memory: 202752K Free: 82853K (41%)
----------------- Invoking toplevel() on ptolemy.moml.MoMLSimpleApplication@7a6f27d
----------------- Done invoking toplevel() on ptolemy.moml.MoMLSimpleApplication@7a6f27d
reloadAllAccessors: .DeepModal1

===========================================================================================
----------------- testing Tue Sep 03 20:57:10 UTC 2019 /home/travis/build/icyphy/ptII/ptolemy/domains/modal/test/auto/DeepModal2.xml
----------------- Instantiating /home/travis/build/icyphy/ptII/ptolemy/domains/modal/test/auto/DeepModal2.xml
44 ms. Memory: 202752K Free: 180025K (89%)
----------------- Invoking toplevel() on ptolemy.moml.MoMLSimpleApplication@44fb5153
----------------- Done invoking toplevel() on ptolemy.moml.MoMLSimpleApplication@44fb5153
reloadAllAccessors: .DeepModal2

===========================================================================================
----------------- testing Tue Sep 03 20:57:10 UTC 2019 /home/travis/build/icyphy/ptII/ptolemy/domains/modal/test/auto/DeepModal3.xml
----------------- Instantiating /home/travis/build/icyphy/ptII/ptolemy/domains/modal/test/auto/DeepModal3.xml
33 ms. Memory: 202752K Free: 160613K (79%)
----------------- Invoking toplevel() on ptolemy.moml.MoMLSimpleApplication@38661bad
----------------- Done invoking toplevel() on ptolemy.moml.MoMLSimpleApplication@38661bad
reloadAllAccessors: .DeepModal3

===========================================================================================
----------------- testing Tue Sep 03 20:57:10 UTC 2019 /home/travis/build/icyphy/ptII/ptolemy/domains/modal/test/auto/DeepModal4.xml
----------------- Instantiating /home/travis/build/icyphy/ptII/ptolemy/domains/modal/test/auto/DeepModal4.xml
28 ms. Memory: 202752K Free: 140662K (69%)
----------------- Invoking toplevel() on ptolemy.moml.MoMLSimpleApplication@40b4171
----------------- Done invoking toplevel() on ptolemy.moml.MoMLSimpleApplication@40b4171
reloadAllAccessors: .DeepModal4

===========================================================================================
----------------- testing Tue Sep 03 20:57:10 UTC 2019 /home/travis/build/icyphy/ptII/ptolemy/domains/modal/test/auto/Default1.xml
----------------- Instantiating /home/travis/build/icyphy/ptII/ptolemy/domains/modal/test/auto/Default1.xml
3 ms. Memory: 202752K Free: 134518K (66%)
----------------- Invoking toplevel() on ptolemy.moml.MoMLSimpleApplication@1ff2a6ab
----------------- Done invoking toplevel() on ptolemy.moml.MoMLSimpleApplication@1ff2a6ab
reloadAllAccessors: .Default1

===========================================================================================
----------------- testing Tue Sep 03 20:57:10 UTC 2019 /home/travis/build/icyphy/ptII/ptolemy/domains/modal/test/auto/Default2.xml
----------------- Instantiating /home/travis/build/icyphy/ptII/ptolemy/domains/modal/test/auto/Default2.xml
9 ms. Memory: 202752K Free: 128868K (64%)
----------------- Invoking toplevel() on ptolemy.moml.MoMLSimpleApplication@14824b37
----------------- Done invoking toplevel() on ptolemy.moml.MoMLSimpleApplication@14824b37
reloadAllAccessors: .Default2

===========================================================================================
----------------- testing Tue Sep 03 20:57:10 UTC 2019 /home/travis/build/icyphy/ptII/ptolemy/domains/modal/test/auto/Default3.xml
----------------- Instantiating /home/travis/build/icyphy/ptII/ptolemy/domains/modal/test/auto/Default3.xml
5 ms. Memory: 202752K Free: 122740K (61%)
----------------- Invoking toplevel() on ptolemy.moml.MoMLSimpleApplication@5def66c1
----------------- Done invoking toplevel() on ptolemy.moml.MoMLSimpleApplication@5def66c1
reloadAllAccessors: .Default3

===========================================================================================
----------------- testing Tue Sep 03 20:57:10 UTC 2019 /home/travis/build/icyphy/ptII/ptolemy/domains/modal/test/auto/Default4.xml
----------------- Instantiating /home/travis/build/icyphy/ptII/ptolemy/domains/modal/test/auto/Default4.xml
2 ms. Memory: 202752K Free: 116596K (58%)
----------------- Invoking toplevel() on ptolemy.moml.MoMLSimpleApplication@33837f3e
----------------- Done invoking toplevel() on ptolemy.moml.MoMLSimpleApplication@33837f3e
reloadAllAccessors: .Default4

===========================================================================================
----------------- testing Tue Sep 03 20:57:10 UTC 2019 /home/travis/build/icyphy/ptII/ptolemy/domains/modal/test/auto/Default5.xml
----------------- Instantiating /home/travis/build/icyphy/ptII/ptolemy/domains/modal/test/auto/Default5.xml
9 ms. Memory: 202752K Free: 108404K (53%)
----------------- Invoking toplevel() on ptolemy.moml.MoMLSimpleApplication@846fef7
----------------- Done invoking toplevel() on ptolemy.moml.MoMLSimpleApplication@846fef7
reloadAllAccessors: .Default5

===========================================================================================
----------------- testing Tue Sep 03 20:57:11 UTC 2019 /home/travis/build/icyphy/ptII/ptolemy/domains/modal/test/auto/EmptyGuard.xml
----------------- Instantiating /home/travis/build/icyphy/ptII/ptolemy/domains/modal/test/auto/EmptyGuard.xml
14 ms. Memory: 202752K Free: 100726K (50%)
----------------- Invoking toplevel() on ptolemy.moml.MoMLSimpleApplication@55a1c7c8
----------------- Done invoking toplevel() on ptolemy.moml.MoMLSimpleApplication@55a1c7c8
reloadAllAccessors: .EmptyGuard

===========================================================================================
----------------- testing Tue Sep 03 20:57:11 UTC 2019 /home/travis/build/icyphy/ptII/ptolemy/domains/modal/test/auto/ErrorTransition1.xml
----------------- Instantiating /home/travis/build/icyphy/ptII/ptolemy/domains/modal/test/auto/ErrorTransition1.xml
13 ms. Memory: 202752K Free: 92534K (46%)
----------------- Invoking toplevel() on ptolemy.moml.MoMLSimpleApplication@c285fd0
----------------- Done invoking toplevel() on ptolemy.moml.MoMLSimpleApplication@c285fd0
reloadAllAccessors: .ErrorTransition1

===========================================================================================
----------------- testing Tue Sep 03 20:57:11 UTC 2019 /home/travis/build/icyphy/ptII/ptolemy/domains/modal/test/auto/ErrorTransition10.xml
----------------- Instantiating /home/travis/build/icyphy/ptII/ptolemy/domains/modal/test/auto/ErrorTransition10.xml
16 ms. Memory: 202752K Free: 78701K (39%)
----------------- Invoking toplevel() on ptolemy.moml.MoMLSimpleApplication@14c262fa
----------------- Done invoking toplevel() on ptolemy.moml.MoMLSimpleApplication@14c262fa
reloadAllAccessors: .ErrorTransition10

===========================================================================================
----------------- testing Tue Sep 03 20:57:11 UTC 2019 /home/travis/build/icyphy/ptII/ptolemy/domains/modal/test/auto/ErrorTransition11.xml
----------------- Instantiating /home/travis/build/icyphy/ptII/ptolemy/domains/modal/test/auto/ErrorTransition11.xml
4 ms. Memory: 243712K Free: 224101K (92%)
----------------- Invoking toplevel() on ptolemy.moml.MoMLSimpleApplication@5d4e33b5
----------------- Done invoking toplevel() on ptolemy.moml.MoMLSimpleApplication@5d4e33b5
reloadAllAccessors: .ErrorTransition11

===========================================================================================
----------------- testing Tue Sep 03 20:57:11 UTC 2019 /home/travis/build/icyphy/ptII/ptolemy/domains/modal/test/auto/ErrorTransition2.xml
----------------- Instantiating /home/travis/build/icyphy/ptII/ptolemy/domains/modal/test/auto/ErrorTransition2.xml
7 ms. Memory: 243712K Free: 214900K (88%)
----------------- Invoking toplevel() on ptolemy.moml.MoMLSimpleApplication@1ff072fa
----------------- Done invoking toplevel() on ptolemy.moml.MoMLSimpleApplication@1ff072fa
reloadAllAccessors: .ErrorTransition2

===========================================================================================
----------------- testing Tue Sep 03 20:57:11 UTC 2019 /home/travis/build/icyphy/ptII/ptolemy/domains/modal/test/auto/ErrorTransition3.xml
----------------- Instantiating /home/travis/build/icyphy/ptII/ptolemy/domains/modal/test/auto/ErrorTransition3.xml
19 ms. Memory: 243712K Free: 205174K (84%)
----------------- Invoking toplevel() on ptolemy.moml.MoMLSimpleApplication@12388409
----------------- Done invoking toplevel() on ptolemy.moml.MoMLSimpleApplication@12388409
reloadAllAccessors: .ErrorTransition3

===========================================================================================
----------------- testing Tue Sep 03 20:57:11 UTC 2019 /home/travis/build/icyphy/ptII/ptolemy/domains/modal/test/auto/ErrorTransition4.xml
----------------- Instantiating /home/travis/build/icyphy/ptII/ptolemy/domains/modal/test/auto/ErrorTransition4.xml
13 ms. Memory: 243712K Free: 193910K (80%)
----------------- Invoking toplevel() on ptolemy.moml.MoMLSimpleApplication@5ad98d8e
----------------- Done invoking toplevel() on ptolemy.moml.MoMLSimpleApplication@5ad98d8e
reloadAllAccessors: .ErrorTransition4

===========================================================================================
----------------- testing Tue Sep 03 20:57:11 UTC 2019 /home/travis/build/icyphy/ptII/ptolemy/domains/modal/test/auto/ErrorTransition5.xml
----------------- Instantiating /home/travis/build/icyphy/ptII/ptolemy/domains/modal/test/auto/ErrorTransition5.xml
6 ms. Memory: 243712K Free: 183670K (75%)
----------------- Invoking toplevel() on ptolemy.moml.MoMLSimpleApplication@5398303
----------------- Done invoking toplevel() on ptolemy.moml.MoMLSimpleApplication@5398303
reloadAllAccessors: .ErrorTransition5

===========================================================================================
----------------- testing Tue Sep 03 20:57:11 UTC 2019 /home/travis/build/icyphy/ptII/ptolemy/domains/modal/test/auto/ErrorTransition6.xml
----------------- Instantiating /home/travis/build/icyphy/ptII/ptolemy/domains/modal/test/auto/ErrorTransition6.xml
11 ms. Memory: 243712K Free: 172916K (71%)
----------------- Invoking toplevel() on ptolemy.moml.MoMLSimpleApplication@7fed870d
----------------- Done invoking toplevel() on ptolemy.moml.MoMLSimpleApplication@7fed870d
reloadAllAccessors: .ErrorTransition6

===========================================================================================
----------------- testing Tue Sep 03 20:57:11 UTC 2019 /home/travis/build/icyphy/ptII/ptolemy/domains/modal/test/auto/ErrorTransition7.xml
----------------- Instantiating /home/travis/build/icyphy/ptII/ptolemy/domains/modal/test/auto/ErrorTransition7.xml
19 ms. Memory: 243712K Free: 160118K (66%)
----------------- Invoking toplevel() on ptolemy.moml.MoMLSimpleApplication@43f69631
----------------- Done invoking toplevel() on ptolemy.moml.MoMLSimpleApplication@43f69631
reloadAllAccessors: .ErrorTransition7

===========================================================================================
----------------- testing Tue Sep 03 20:57:11 UTC 2019 /home/travis/build/icyphy/ptII/ptolemy/domains/modal/test/auto/ErrorTransition8.xml
----------------- Instantiating /home/travis/build/icyphy/ptII/ptolemy/domains/modal/test/auto/ErrorTransition8.xml
34 ms. Memory: 243712K Free: 147316K (60%)
----------------- Invoking toplevel() on ptolemy.moml.MoMLSimpleApplication@49cc1b6c
----------------- Done invoking toplevel() on ptolemy.moml.MoMLSimpleApplication@49cc1b6c
reloadAllAccessors: .ErrorTransition8

===========================================================================================
----------------- testing Tue Sep 03 20:57:11 UTC 2019 /home/travis/build/icyphy/ptII/ptolemy/domains/modal/test/auto/ErrorTransition9.xml
----------------- Instantiating /home/travis/build/icyphy/ptII/ptolemy/domains/modal/test/auto/ErrorTransition9.xml
8 ms. Memory: 243712K Free: 133989K (55%)
----------------- Invoking toplevel() on ptolemy.moml.MoMLSimpleApplication@3459ea60
----------------- Done invoking toplevel() on ptolemy.moml.MoMLSimpleApplication@3459ea60
reloadAllAccessors: .ErrorTransition9

===========================================================================================
----------------- testing Tue Sep 03 20:57:11 UTC 2019 /home/travis/build/icyphy/ptII/ptolemy/domains/modal/test/auto/ExtendedFSM.xml
----------------- Instantiating /home/travis/build/icyphy/ptII/ptolemy/domains/modal/test/auto/ExtendedFSM.xml
7 ms. Memory: 243712K Free: 125797K (52%)
----------------- Invoking toplevel() on ptolemy.moml.MoMLSimpleApplication@1ed9168a
----------------- Done invoking toplevel() on ptolemy.moml.MoMLSimpleApplication@1ed9168a
reloadAllAccessors: .ExtendedFSM

===========================================================================================
----------------- testing Tue Sep 03 20:57:11 UTC 2019 /home/travis/build/icyphy/ptII/ptolemy/domains/modal/test/auto/FinalStates.xml
----------------- Instantiating /home/travis/build/icyphy/ptII/ptolemy/domains/modal/test/auto/FinalStates.xml
6 ms. Memory: 243712K Free: 117110K (48%)
----------------- Invoking toplevel() on ptolemy.moml.MoMLSimpleApplication@47d8ca41
----------------- Done invoking toplevel() on ptolemy.moml.MoMLSimpleApplication@47d8ca41
reloadAllAccessors: .FinalStates

===========================================================================================
----------------- testing Tue Sep 03 20:57:11 UTC 2019 /home/travis/build/icyphy/ptII/ptolemy/domains/modal/test/auto/FixedPointFSM.xml
----------------- Instantiating /home/travis/build/icyphy/ptII/ptolemy/domains/modal/test/auto/FixedPointFSM.xml
21 ms. Memory: 243712K Free: 102253K (42%)
----------------- Invoking toplevel() on ptolemy.moml.MoMLSimpleApplication@79bbacf9
----------------- Done invoking toplevel() on ptolemy.moml.MoMLSimpleApplication@79bbacf9
reloadAllAccessors: .FixedPointFSM

===========================================================================================
----------------- testing Tue Sep 03 20:57:11 UTC 2019 /home/travis/build/icyphy/ptII/ptolemy/domains/modal/test/auto/FixedPointIterationFSMActor.xml
----------------- Instantiating /home/travis/build/icyphy/ptII/ptolemy/domains/modal/test/auto/FixedPointIterationFSMActor.xml
6 ms. Memory: 243712K Free: 92013K (38%)
----------------- Invoking toplevel() on ptolemy.moml.MoMLSimpleApplication@4dc4073d
----------------- Done invoking toplevel() on ptolemy.moml.MoMLSimpleApplication@4dc4073d
reloadAllAccessors: .FixedPointIterationFSMActor

===========================================================================================
----------------- testing Tue Sep 03 20:57:11 UTC 2019 /home/travis/build/icyphy/ptII/ptolemy/domains/modal/test/auto/FixedPointIterationFSMActor2.xml
----------------- Instantiating /home/travis/build/icyphy/ptII/ptolemy/domains/modal/test/auto/FixedPointIterationFSMActor2.xml
7 ms. Memory: 243712K Free: 219519K (90%)
----------------- Invoking toplevel() on ptolemy.moml.MoMLSimpleApplication@482df4ff
----------------- Done invoking toplevel() on ptolemy.moml.MoMLSimpleApplication@482df4ff
reloadAllAccessors: .FixedPointIterationFSMActor2

===========================================================================================
----------------- testing Tue Sep 03 20:57:11 UTC 2019 /home/travis/build/icyphy/ptII/ptolemy/domains/modal/test/auto/ForbiddenInstantanousLoop.xml
----------------- Instantiating /home/travis/build/icyphy/ptII/ptolemy/domains/modal/test/auto/ForbiddenInstantanousLoop.xml
5 ms. Memory: 243712K Free: 207231K (85%)
----------------- Invoking toplevel() on ptolemy.moml.MoMLSimpleApplication@6fff33
----------------- Done invoking toplevel() on ptolemy.moml.MoMLSimpleApplication@6fff33
reloadAllAccessors: .ForbiddenInstantanousLoop

===========================================================================================
----------------- testing Tue Sep 03 20:57:11 UTC 2019 /home/travis/build/icyphy/ptII/ptolemy/domains/modal/test/auto/FunctionDependencyOfFSMActorTest.xml
----------------- Instantiating /home/travis/build/icyphy/ptII/ptolemy/domains/modal/test/auto/FunctionDependencyOfFSMActorTest.xml
12 ms. Memory: 243712K Free: 200063K (82%)
----------------- Invoking toplevel() on ptolemy.moml.MoMLSimpleApplication@5bd77ef8
----------------- Done invoking toplevel() on ptolemy.moml.MoMLSimpleApplication@5bd77ef8
reloadAllAccessors: .FunctionDependencyOfFSMActorTest

===========================================================================================
----------------- testing Tue Sep 03 20:57:11 UTC 2019 /home/travis/build/icyphy/ptII/ptolemy/domains/modal/test/auto/GuardExpression.xml
----------------- Instantiating /home/travis/build/icyphy/ptII/ptolemy/domains/modal/test/auto/GuardExpression.xml
2 ms. Memory: 243712K Free: 194957K (80%)
----------------- Invoking toplevel() on ptolemy.moml.MoMLSimpleApplication@5425006d
----------------- Done invoking toplevel() on ptolemy.moml.MoMLSimpleApplication@5425006d
reloadAllAccessors: .GuardExpression

===========================================================================================
----------------- testing Tue Sep 03 20:57:11 UTC 2019 /home/travis/build/icyphy/ptII/ptolemy/domains/modal/test/auto/GuardNotEvaluated.xml
----------------- Instantiating /home/travis/build/icyphy/ptII/ptolemy/domains/modal/test/auto/GuardNotEvaluated.xml
7 ms. Memory: 243712K Free: 185741K (76%)
----------------- Invoking toplevel() on ptolemy.moml.MoMLSimpleApplication@582223d4
----------------- Done invoking toplevel() on ptolemy.moml.MoMLSimpleApplication@582223d4
reloadAllAccessors: .GuardNotEvaluated

===========================================================================================
----------------- testing Tue Sep 03 20:57:11 UTC 2019 /home/travis/build/icyphy/ptII/ptolemy/domains/modal/test/auto/GuardNotEvaluated2.xml
----------------- Instantiating /home/travis/build/icyphy/ptII/ptolemy/domains/modal/test/auto/GuardNotEvaluated2.xml
8 ms. Memory: 243712K Free: 176015K (72%)
----------------- Invoking toplevel() on ptolemy.moml.MoMLSimpleApplication@449c8217
----------------- Done invoking toplevel() on ptolemy.moml.MoMLSimpleApplication@449c8217
reloadAllAccessors: .GuardNotEvaluated2

===========================================================================================
----------------- testing Tue Sep 03 20:57:11 UTC 2019 /home/travis/build/icyphy/ptII/ptolemy/domains/modal/test/auto/GuardOnAbsent.xml
----------------- Instantiating /home/travis/build/icyphy/ptII/ptolemy/domains/modal/test/auto/GuardOnAbsent.xml
7 ms. Memory: 243712K Free: 168295K (69%)
----------------- Invoking toplevel() on ptolemy.moml.MoMLSimpleApplication@4f11b4b5
----------------- Done invoking toplevel() on ptolemy.moml.MoMLSimpleApplication@4f11b4b5
reloadAllAccessors: .GuardOnAbsent

===========================================================================================
----------------- testing Tue Sep 03 20:57:11 UTC 2019 /home/travis/build/icyphy/ptII/ptolemy/domains/modal/test/auto/HierarchicalFSMTypeInference.xml
----------------- Instantiating /home/travis/build/icyphy/ptII/ptolemy/domains/modal/test/auto/HierarchicalFSMTypeInference.xml
5 ms. Memory: 243712K Free: 158093K (65%)
----------------- Invoking toplevel() on ptolemy.moml.MoMLSimpleApplication@30e05ba6
----------------- Done invoking toplevel() on ptolemy.moml.MoMLSimpleApplication@30e05ba6
reloadAllAccessors: .HierarchicalFSMTypeInference

===========================================================================================
----------------- testing Tue Sep 03 20:57:11 UTC 2019 /home/travis/build/icyphy/ptII/ptolemy/domains/modal/test/auto/Hysteresis.xml
----------------- Instantiating /home/travis/build/icyphy/ptII/ptolemy/domains/modal/test/auto/Hysteresis.xml
14 ms. Memory: 243712K Free: 144767K (59%)
----------------- Invoking toplevel() on ptolemy.moml.MoMLSimpleApplication@ee41bae
----------------- Done invoking toplevel() on ptolemy.moml.MoMLSimpleApplication@ee41bae
reloadAllAccessors: .Hysteresis

===========================================================================================
----------------- testing Tue Sep 03 20:57:11 UTC 2019 /home/travis/build/icyphy/ptII/ptolemy/domains/modal/test/auto/HysteresisWithDefault.xml
----------------- Instantiating /home/travis/build/icyphy/ptII/ptolemy/domains/modal/test/auto/HysteresisWithDefault.xml
42 ms. Memory: 243712K Free: 121743K (50%)
----------------- Invoking toplevel() on ptolemy.moml.MoMLSimpleApplication@78d440bf
----------------- Done invoking toplevel() on ptolemy.moml.MoMLSimpleApplication@78d440bf
reloadAllAccessors: .HysteresisWithDefault

===========================================================================================
----------------- testing Tue Sep 03 20:57:12 UTC 2019 /home/travis/build/icyphy/ptII/ptolemy/domains/modal/test/auto/HysteresisWithDefault2.xml
----------------- Instantiating /home/travis/build/icyphy/ptII/ptolemy/domains/modal/test/auto/HysteresisWithDefault2.xml
41 ms. Memory: 243712K Free: 92047K (38%)
----------------- Invoking toplevel() on ptolemy.moml.MoMLSimpleApplication@445cfdbd
----------------- Done invoking toplevel() on ptolemy.moml.MoMLSimpleApplication@445cfdbd
reloadAllAccessors: .HysteresisWithDefault2

===========================================================================================
----------------- testing Tue Sep 03 20:57:12 UTC 2019 /home/travis/build/icyphy/ptII/ptolemy/domains/modal/test/auto/ImmediateNonConstructiveness.xml
----------------- Instantiating /home/travis/build/icyphy/ptII/ptolemy/domains/modal/test/auto/ImmediateNonConstructiveness.xml
16 ms. Memory: 243712K Free: 224118K (92%)
----------------- Invoking toplevel() on ptolemy.moml.MoMLSimpleApplication@2ff7cf48
----------------- Done invoking toplevel() on ptolemy.moml.MoMLSimpleApplication@2ff7cf48
reloadAllAccessors: .ImmediateNonConstructiveness

===========================================================================================
----------------- testing Tue Sep 03 20:57:12 UTC 2019 /home/travis/build/icyphy/ptII/ptolemy/domains/modal/test/auto/ImmediateNonConstructiveness2.xml
----------------- Instantiating /home/travis/build/icyphy/ptII/ptolemy/domains/modal/test/auto/ImmediateNonConstructiveness2.xml
2 ms. Memory: 243712K Free: 217460K (89%)
----------------- Invoking toplevel() on ptolemy.moml.MoMLSimpleApplication@6ccd8ed3
----------------- Done invoking toplevel() on ptolemy.moml.MoMLSimpleApplication@6ccd8ed3
reloadAllAccessors: .ImmediateNonConstructiveness2

===========================================================================================
----------------- testing Tue Sep 03 20:57:12 UTC 2019 /home/travis/build/icyphy/ptII/ptolemy/domains/modal/test/auto/ImmediateTransitionReset.xml
----------------- Instantiating /home/travis/build/icyphy/ptII/ptolemy/domains/modal/test/auto/ImmediateTransitionReset.xml
8 ms. Memory: 243712K Free: 205686K (84%)
----------------- Invoking toplevel() on ptolemy.moml.MoMLSimpleApplication@279325f4
----------------- Done invoking toplevel() on ptolemy.moml.MoMLSimpleApplication@279325f4
reloadAllAccessors: .ImmediateTransitionReset

===========================================================================================
----------------- testing Tue Sep 03 20:57:12 UTC 2019 /home/travis/build/icyphy/ptII/ptolemy/domains/modal/test/auto/ImmediateTransitions1.xml
----------------- Instantiating /home/travis/build/icyphy/ptII/ptolemy/domains/modal/test/auto/ImmediateTransitions1.xml
1 ms. Memory: 243712K Free: 200566K (82%)
----------------- Invoking toplevel() on ptolemy.moml.MoMLSimpleApplication@5bacc35
----------------- Done invoking toplevel() on ptolemy.moml.MoMLSimpleApplication@5bacc35
reloadAllAccessors: .ImmediateTransitions1

===========================================================================================
----------------- testing Tue Sep 03 20:57:12 UTC 2019 /home/travis/build/icyphy/ptII/ptolemy/domains/modal/test/auto/ImmediateTransitionsInstantaneousCommunication.xml
----------------- Instantiating /home/travis/build/icyphy/ptII/ptolemy/domains/modal/test/auto/ImmediateTransitionsInstantaneousCommunication.xml
3 ms. Memory: 243712K Free: 188278K (77%)
----------------- Invoking toplevel() on ptolemy.moml.MoMLSimpleApplication@3d687157
----------------- Done invoking toplevel() on ptolemy.moml.MoMLSimpleApplication@3d687157
reloadAllAccessors: .ImmediateTransitionsInstantaneousCommunication

===========================================================================================
----------------- testing Tue Sep 03 20:57:12 UTC 2019 /home/travis/build/icyphy/ptII/ptolemy/domains/modal/test/auto/InitialImmediateTransition.xml
----------------- Instantiating /home/travis/build/icyphy/ptII/ptolemy/domains/modal/test/auto/InitialImmediateTransition.xml
3 ms. Memory: 243712K Free: 181110K (74%)
----------------- Invoking toplevel() on ptolemy.moml.MoMLSimpleApplication@baa760
----------------- Done invoking toplevel() on ptolemy.moml.MoMLSimpleApplication@baa760
reloadAllAccessors: .InitialImmediateTransition

===========================================================================================
----------------- testing Tue Sep 03 20:57:12 UTC 2019 /home/travis/build/icyphy/ptII/ptolemy/domains/modal/test/auto/InitialOutputs.xml
----------------- Instantiating /home/travis/build/icyphy/ptII/ptolemy/domains/modal/test/auto/InitialOutputs.xml
4 ms. Memory: 243712K Free: 174966K (72%)
----------------- Invoking toplevel() on ptolemy.moml.MoMLSimpleApplication@43d0ab15
----------------- Done invoking toplevel() on ptolemy.moml.MoMLSimpleApplication@43d0ab15
reloadAllAccessors: .InitialOutputs

===========================================================================================
----------------- testing Tue Sep 03 20:57:12 UTC 2019 /home/travis/build/icyphy/ptII/ptolemy/domains/modal/test/auto/InitialStateTransition1.xml
----------------- Instantiating /home/travis/build/icyphy/ptII/ptolemy/domains/modal/test/auto/InitialStateTransition1.xml
2 ms. Memory: 243712K Free: 167798K (69%)
----------------- Invoking toplevel() on ptolemy.moml.MoMLSimpleApplication@2a6633ab
----------------- Done invoking toplevel() on ptolemy.moml.MoMLSimpleApplication@2a6633ab
reloadAllAccessors: .InitialStateTransition1

===========================================================================================
----------------- testing Tue Sep 03 20:57:12 UTC 2019 /home/travis/build/icyphy/ptII/ptolemy/domains/modal/test/auto/InitialStateTransition2.xml
----------------- Instantiating /home/travis/build/icyphy/ptII/ptolemy/domains/modal/test/auto/InitialStateTransition2.xml
.InitialStateTransition2.TestExceptionAttributeNonConstructive: initialize() was not invoked, but wrapup() was.  This is unusual, but not always a problem.  For example, exporting JNLP will do this.
2 ms. Memory: 243712K Free: 160630K (66%)
----------------- Invoking toplevel() on ptolemy.moml.MoMLSimpleApplication@6bbc2b09
----------------- Done invoking toplevel() on ptolemy.moml.MoMLSimpleApplication@6bbc2b09
reloadAllAccessors: .InitialStateTransition2

===========================================================================================
----------------- testing Tue Sep 03 20:57:12 UTC 2019 /home/travis/build/icyphy/ptII/ptolemy/domains/modal/test/auto/InitialStateTransition3.xml
----------------- Instantiating /home/travis/build/icyphy/ptII/ptolemy/domains/modal/test/auto/InitialStateTransition3.xml
4 ms. Memory: 243712K Free: 151924K (62%)
----------------- Invoking toplevel() on ptolemy.moml.MoMLSimpleApplication@c77b6fc
----------------- Done invoking toplevel() on ptolemy.moml.MoMLSimpleApplication@c77b6fc
reloadAllAccessors: .InitialStateTransition3

===========================================================================================
----------------- testing Tue Sep 03 20:57:12 UTC 2019 /home/travis/build/icyphy/ptII/ptolemy/domains/modal/test/auto/InitialStateTransition4.xml
----------------- Instantiating /home/travis/build/icyphy/ptII/ptolemy/domains/modal/test/auto/InitialStateTransition4.xml
2 ms. Memory: 243712K Free: 142198K (58%)
----------------- Invoking toplevel() on ptolemy.moml.MoMLSimpleApplication@5db065c7
----------------- Done invoking toplevel() on ptolemy.moml.MoMLSimpleApplication@5db065c7
[...]
reloadAllAccessors: .TerminationTransition3

===========================================================================================
----------------- testing Tue Sep 03 20:57:14 UTC 2019 /home/travis/build/icyphy/ptII/ptolemy/domains/modal/test/auto/TerminationTransition4.xml
----------------- Instantiating /home/travis/build/icyphy/ptII/ptolemy/domains/modal/test/auto/TerminationTransition4.xml
5 ms. Memory: 292864K Free: 226198K (77%)
----------------- Invoking toplevel() on ptolemy.moml.MoMLSimpleApplication@21ff490a
----------------- Done invoking toplevel() on ptolemy.moml.MoMLSimpleApplication@21ff490a
reloadAllAccessors: .TerminationTransition4

===========================================================================================
----------------- testing Tue Sep 03 20:57:14 UTC 2019 /home/travis/build/icyphy/ptII/ptolemy/domains/modal/test/auto/TerminationTransition5.xml
----------------- Instantiating /home/travis/build/icyphy/ptII/ptolemy/domains/modal/test/auto/TerminationTransition5.xml
2 ms. Memory: 292864K Free: 212376K (73%)
----------------- Invoking toplevel() on ptolemy.moml.MoMLSimpleApplication@a4ef2a0
----------------- Done invoking toplevel() on ptolemy.moml.MoMLSimpleApplication@a4ef2a0
reloadAllAccessors: .TerminationTransition5

===========================================================================================
----------------- testing Tue Sep 03 20:57:14 UTC 2019 /home/travis/build/icyphy/ptII/ptolemy/domains/modal/test/auto/TerminationTransition6.xml
----------------- Instantiating /home/travis/build/icyphy/ptII/ptolemy/domains/modal/test/auto/TerminationTransition6.xml
2 ms. Memory: 292864K Free: 204184K (70%)
----------------- Invoking toplevel() on ptolemy.moml.MoMLSimpleApplication@450affe2
----------------- Done invoking toplevel() on ptolemy.moml.MoMLSimpleApplication@450affe2
reloadAllAccessors: .TerminationTransition6

===========================================================================================
----------------- testing Tue Sep 03 20:57:14 UTC 2019 /home/travis/build/icyphy/ptII/ptolemy/domains/modal/test/auto/TerminationTransition7.xml
----------------- Instantiating /home/travis/build/icyphy/ptII/ptolemy/domains/modal/test/auto/TerminationTransition7.xml
2 ms. Memory: 292864K Free: 194968K (67%)
----------------- Invoking toplevel() on ptolemy.moml.MoMLSimpleApplication@50e52888
----------------- Done invoking toplevel() on ptolemy.moml.MoMLSimpleApplication@50e52888
reloadAllAccessors: .TerminationTransition7

===========================================================================================
----------------- testing Tue Sep 03 20:57:14 UTC 2019 /home/travis/build/icyphy/ptII/ptolemy/domains/modal/test/auto/TerminationTransition8.xml
----------------- Instantiating /home/travis/build/icyphy/ptII/ptolemy/domains/modal/test/auto/TerminationTransition8.xml
3 ms. Memory: 292864K Free: 185752K (63%)
----------------- Invoking toplevel() on ptolemy.moml.MoMLSimpleApplication@4f6d8534
----------------- Done invoking toplevel() on ptolemy.moml.MoMLSimpleApplication@4f6d8534
reloadAllAccessors: .TerminationTransition8

===========================================================================================
----------------- testing Tue Sep 03 20:57:14 UTC 2019 /home/travis/build/icyphy/ptII/ptolemy/domains/modal/test/auto/Thermostat_NoHysteresis.xml
----------------- Instantiating /home/travis/build/icyphy/ptII/ptolemy/domains/modal/test/auto/Thermostat_NoHysteresis.xml
47 ms. Memory: 292864K Free: 161176K (55%)
----------------- Invoking toplevel() on ptolemy.moml.MoMLSimpleApplication@1b106978
----------------- Done invoking toplevel() on ptolemy.moml.MoMLSimpleApplication@1b106978
reloadAllAccessors: .Thermostat_NoHysteresis

===========================================================================================
----------------- testing Tue Sep 03 20:57:14 UTC 2019 /home/travis/build/icyphy/ptII/ptolemy/domains/modal/test/auto/TimedFSM.xml
----------------- Instantiating /home/travis/build/icyphy/ptII/ptolemy/domains/modal/test/auto/TimedFSM.xml
8 ms. Memory: 292864K Free: 149398K (51%)
----------------- Invoking toplevel() on ptolemy.moml.MoMLSimpleApplication@47bc48e0
----------------- Done invoking toplevel() on ptolemy.moml.MoMLSimpleApplication@47bc48e0
reloadAllAccessors: .TimedFSM

===========================================================================================
----------------- testing Tue Sep 03 20:57:14 UTC 2019 /home/travis/build/icyphy/ptII/ptolemy/domains/modal/test/auto/Timeout1.xml
----------------- Instantiating /home/travis/build/icyphy/ptII/ptolemy/domains/modal/test/auto/Timeout1.xml
3 ms. Memory: 292864K Free: 143768K (49%)
----------------- Invoking toplevel() on ptolemy.moml.MoMLSimpleApplication@6e2e1f78
----------------- Done invoking toplevel() on ptolemy.moml.MoMLSimpleApplication@6e2e1f78
reloadAllAccessors: .Timeout1

===========================================================================================
----------------- testing Tue Sep 03 20:57:14 UTC 2019 /home/travis/build/icyphy/ptII/ptolemy/domains/modal/test/auto/Timeout2.xml
----------------- Instantiating /home/travis/build/icyphy/ptII/ptolemy/domains/modal/test/auto/Timeout2.xml
9 ms. Memory: 292864K Free: 135048K (46%)
----------------- Invoking toplevel() on ptolemy.moml.MoMLSimpleApplication@4007a8d8
----------------- Done invoking toplevel() on ptolemy.moml.MoMLSimpleApplication@4007a8d8
reloadAllAccessors: .Timeout2

===========================================================================================
----------------- testing Tue Sep 03 20:57:14 UTC 2019 /home/travis/build/icyphy/ptII/ptolemy/domains/modal/test/auto/Timeout3.xml
----------------- Instantiating /home/travis/build/icyphy/ptII/ptolemy/domains/modal/test/auto/Timeout3.xml
2 ms. Memory: 292864K Free: 129928K (44%)
----------------- Invoking toplevel() on ptolemy.moml.MoMLSimpleApplication@4785951b
----------------- Done invoking toplevel() on ptolemy.moml.MoMLSimpleApplication@4785951b
reloadAllAccessors: .Timeout3

===========================================================================================
----------------- testing Tue Sep 03 20:57:14 UTC 2019 /home/travis/build/icyphy/ptII/ptolemy/domains/modal/test/auto/Timeout4.xml
----------------- Instantiating /home/travis/build/icyphy/ptII/ptolemy/domains/modal/test/auto/Timeout4.xml
2 ms. Memory: 292864K Free: 124822K (43%)
----------------- Invoking toplevel() on ptolemy.moml.MoMLSimpleApplication@3809f454
----------------- Done invoking toplevel() on ptolemy.moml.MoMLSimpleApplication@3809f454
reloadAllAccessors: .Timeout4

===========================================================================================
----------------- testing Tue Sep 03 20:57:14 UTC 2019 /home/travis/build/icyphy/ptII/ptolemy/domains/modal/test/auto/TransientstateModelAdvanced.xml
----------------- Instantiating /home/travis/build/icyphy/ptII/ptolemy/domains/modal/test/auto/TransientstateModelAdvanced.xml
3 ms. Memory: 292864K Free: 112528K (38%)
----------------- Invoking toplevel() on ptolemy.moml.MoMLSimpleApplication@27a8d6
----------------- Done invoking toplevel() on ptolemy.moml.MoMLSimpleApplication@27a8d6
reloadAllAccessors: .TransientstateModelAdvanced

===========================================================================================
----------------- testing Tue Sep 03 20:57:14 UTC 2019 /home/travis/build/icyphy/ptII/ptolemy/domains/modal/test/auto/TransientstateModelAdvanced2.xml
----------------- Instantiating /home/travis/build/icyphy/ptII/ptolemy/domains/modal/test/auto/TransientstateModelAdvanced2.xml
3 ms. Memory: 292864K Free: 267849K (91%)
----------------- Invoking toplevel() on ptolemy.moml.MoMLSimpleApplication@7d12f03
----------------- Done invoking toplevel() on ptolemy.moml.MoMLSimpleApplication@7d12f03
reloadAllAccessors: .transientstatemodelAdvanced

===========================================================================================
----------------- testing Tue Sep 03 20:57:14 UTC 2019 /home/travis/build/icyphy/ptII/ptolemy/domains/modal/test/auto/TransitionRefinements.xml
----------------- Instantiating /home/travis/build/icyphy/ptII/ptolemy/domains/modal/test/auto/TransitionRefinements.xml
7 ms. Memory: 292864K Free: 258153K (88%)
----------------- Invoking toplevel() on ptolemy.moml.MoMLSimpleApplication@332cefd7
----------------- Done invoking toplevel() on ptolemy.moml.MoMLSimpleApplication@332cefd7
reloadAllAccessors: .TransitionRefinements

===========================================================================================
----------------- testing Tue Sep 03 20:57:14 UTC 2019 /home/travis/build/icyphy/ptII/ptolemy/domains/modal/test/auto/TwoRefinements1.xml
----------------- Instantiating /home/travis/build/icyphy/ptII/ptolemy/domains/modal/test/auto/TwoRefinements1.xml
3 ms. Memory: 292864K Free: 247913K (85%)
----------------- Invoking toplevel() on ptolemy.moml.MoMLSimpleApplication@5fafd6e3
----------------- Done invoking toplevel() on ptolemy.moml.MoMLSimpleApplication@5fafd6e3
reloadAllAccessors: .TwoRefinements1

===========================================================================================
----------------- testing Tue Sep 03 20:57:14 UTC 2019 /home/travis/build/icyphy/ptII/ptolemy/domains/modal/test/auto/TwoRefinements2.xml
----------------- Instantiating /home/travis/build/icyphy/ptII/ptolemy/domains/modal/test/auto/TwoRefinements2.xml
3 ms. Memory: 292864K Free: 238183K (81%)
----------------- Invoking toplevel() on ptolemy.moml.MoMLSimpleApplication@3fa87c50
----------------- Done invoking toplevel() on ptolemy.moml.MoMLSimpleApplication@3fa87c50
reloadAllAccessors: .TwoRefinements2

===========================================================================================
----------------- testing Tue Sep 03 20:57:14 UTC 2019 /home/travis/build/icyphy/ptII/ptolemy/domains/modal/test/auto/WeakImmediateTransition.xml
----------------- Instantiating /home/travis/build/icyphy/ptII/ptolemy/domains/modal/test/auto/WeakImmediateTransition.xml
3 ms. Memory: 292864K Free: 229481K (78%)
----------------- Invoking toplevel() on ptolemy.moml.MoMLSimpleApplication@536619e8
----------------- Done invoking toplevel() on ptolemy.moml.MoMLSimpleApplication@536619e8
reloadAllAccessors: .WeakImmediateTransition

===========================================================================================
----------------- testing Tue Sep 03 20:57:14 UTC 2019 /home/travis/build/icyphy/ptII/ptolemy/domains/modal/test/auto/booleanSelect.xml
----------------- Instantiating /home/travis/build/icyphy/ptII/ptolemy/domains/modal/test/auto/booleanSelect.xml
37 ms. Memory: 292864K Free: 211545K (72%)
----------------- Invoking toplevel() on ptolemy.moml.MoMLSimpleApplication@6433f57d
----------------- Done invoking toplevel() on ptolemy.moml.MoMLSimpleApplication@6433f57d
reloadAllAccessors: .booleanSelect

===========================================================================================
----------------- testing Tue Sep 03 20:57:15 UTC 2019 /home/travis/build/icyphy/ptII/ptolemy/domains/modal/test/auto/modalChangingParams.xml
----------------- Instantiating /home/travis/build/icyphy/ptII/ptolemy/domains/modal/test/auto/modalChangingParams.xml
0
1
0
2
4
6
8
7
0
2
4
6
8
13
0
2
4
6
8
19
0
2
4
6
8
25
0
2
4
6
8
31
0
2
4
6
8
37
0
2
4
6
8
43
0
2
4
6
8
49
0
2
4
6
8
55
0
2
4
6
8
61
0
2
4
6
8
67
0
2
4
6
8
73
0
2
4
6
8
79
0
2
4
6
8
85
0
2
4
6
8
91
0
2
4
6
8
97
0
2
4
6
8
103
0
2
4
6
8
109
0
2
4
6
8
115
0
2
4
6
8
121
0
2
4
6
8
127
0
2
4
6
8
133
0
2
4
6
8
139
0
2
4
6
8
145
0
2
4
6
8
151
0
2
4
6
8
157
0
2
4
6
8
163
0
2
4
6
8
169
0
2
4
6
8
175
0
2
4
6
8
181
0
2
4
6
8
187
0
2
4
6
8
193
0
2
4
6
8
199
0
2
4
6
8
205
0
2
4
6
8
211
0
2
4
6
8
217
0
2
4
6
8
223
0
2
4
6
8
229
0
2
4
6
8
235
0
2
4
6
8
241
0
2
4
6
8
247
0
2
4
6
8
253
0
2
4
6
8
259
0
2
4
6
8
265
0
2
4
6
8
271
0
2
4
6
8
277
0
2
4
6
8
283
0
2
4
6
8
289
0
2
4
6
8
295
0
2
4
6
8
301
0
2
4
6
8
307
0
2
4
6
8
313
0
2
4
6
8
319
0
2
4
6
8
325
0
2
4
6
8
331
0
2
4
6
8
337
0
2
4
6
8
343
0
2
4
6
8
349
0
2
4
6
8
355
0
2
4
6
8
361
0
2
4
6
8
367
0
2
4
6
8
373
0
2
4
6
8
379
0
2
4
6
8
385
0
2
4
6
8
391
0
2
4
6
8
397
0
2
4
6
8
403
0
2
4
6
8
409
0
2
4
6
8
415
0
2
4
6
8
421
0
2
4
6
8
427
0
2
4
6
8
433
0
2
4
6
8
439
0
2
4
6
8
445
0
2
4
6
8
451
0
2
4
6
8
457
0
2
4
6
8
463
0
2
4
6
8
469
0
2
4
6
8
475
0
2
4
6
8
481
0
2
4
6
8
487
0
2
4
6
8
493
0
2
4
6
8
499
0
2
4
6
8
505
0
2
4
6
8
511
0
2
4
6
8
517
0
2
4
6
8
523
0
2
4
6
8
529
0
2
4
6
8
535
0
2
4
6
8
541
0
2
4
6
8
547
0
2
4
6
8
553
0
2
4
6
8
559
0
2
4
6
8
565
0
2
4
6
8
571
0
2
4
6
8
577
0
2
4
6
8
583
0
2
4
6
8
589
0
2
4
6
8
595
0
2
4
6
8
601
0
2
4
6
8
607
0
2
4
6
8
613
0
2
4
6
8
619
0
2
4
6
8
625
0
2
4
6
8
631
0
2
4
6
8
637
0
2
4
6
8
643
0
2
4
6
8
649
0
2
4
6
8
655
0
2
4
6
8
661
0
2
4
6
8
667
0
2
4
6
8
673
0
2
4
6
8
679
0
2
4
6
8
685
0
2
4
6
8
691
0
2
4
6
8
697
0
2
4
6
8
703
0
2
4
6
8
709
0
2
4
6
8
715
0
2
4
6
8
721
0
2
4
6
8
727
0
2
4
6
8
733
0
2
4
6
8
739
0
2
4
6
8
745
0
2
4
6
8
751
0
2
4
6
8
757
0
2
4
6
8
763
0
2
4
6
8
769
0
2
4
6
8
775
0
2
4
6
8
781
0
2
4
6
8
787
0
2
4
6
8
793
0
2
4
6
8
799
0
2
4
6
8
805
0
2
4
6
8
811
0
2
4
6
8
817
0
2
4
6
8
823
0
2
4
6
8
829
0
2
4
6
8
835
0
2
4
6
8
841
0
2
4
6
8
847
0
2
4
6
8
853
0
2
4
6
8
859
0
2
4
6
8
865
0
2
4
6
8
871
0
2
4
6
8
877
0
2
4
6
8
883
0
2
4
6
8
889
0
2
4
6
8
895
0
2
4
6
8
901
0
2
4
6
8
907
0
2
4
6
8
913
0
2
4
6
8
919
0
2
4
6
8
925
0
2
4
6
8
931
0
2
4
6
8
937
0
2
4
6
8
943
0
2
4
6
8
949
0
2
4
6
8
955
0
2
4
6
8
961
0
2
4
6
8
967
0
2
4
6
8
973
0
2
4
6
8
979
0
2
4
6
8
985
0
2
4
6
8
991
0
2
4
6
8
997
0
2
272 ms. Memory: 352256K Free: 327695K (93%)
----------------- Invoking toplevel() on ptolemy.moml.MoMLSimpleApplication@6a048ed2
----------------- Done invoking toplevel() on ptolemy.moml.MoMLSimpleApplication@6a048ed2
reloadAllAccessors: .modalChangingParams

===========================================================================================
----------------- testing Tue Sep 03 20:57:15 UTC 2019 /home/travis/build/icyphy/ptII/ptolemy/domains/modal/test/auto/modalModel.xml
----------------- Instantiating /home/travis/build/icyphy/ptII/ptolemy/domains/modal/test/auto/modalModel.xml
15 ms. Memory: 352256K Free: 318479K (90%)
----------------- Invoking toplevel() on ptolemy.moml.MoMLSimpleApplication@7cae3367
----------------- Done invoking toplevel() on ptolemy.moml.MoMLSimpleApplication@7cae3367
reloadAllAccessors: .modalModel

===========================================================================================
----------------- testing Tue Sep 03 20:57:15 UTC 2019 /home/travis/build/icyphy/ptII/ptolemy/domains/modal/test/auto/modalModel2.xml
----------------- Instantiating /home/travis/build/icyphy/ptII/ptolemy/domains/modal/test/auto/modalModel2.xml
8 ms. Memory: 352256K Free: 307711K (87%)
----------------- Invoking toplevel() on ptolemy.moml.MoMLSimpleApplication@27a7bd1a
----------------- Done invoking toplevel() on ptolemy.moml.MoMLSimpleApplication@27a7bd1a
reloadAllAccessors: .modalModel2

===========================================================================================
----------------- testing Tue Sep 03 20:57:15 UTC 2019 /home/travis/build/icyphy/ptII/ptolemy/domains/modal/test/auto/modalModel3.xml
----------------- Instantiating /home/travis/build/icyphy/ptII/ptolemy/domains/modal/test/auto/modalModel3.xml
0	0	0
1	0	1
4	2	2
7	4	3
10	6	4
5	0	5
8	2	6
11	4	7
14	6	8
9	0	9
12	2	10
15	4	11
18	6	12
13	0	13
16	2	14
18 ms. Memory: 352256K Free: 292879K (83%)
----------------- Invoking toplevel() on ptolemy.moml.MoMLSimpleApplication@176eca45
----------------- Done invoking toplevel() on ptolemy.moml.MoMLSimpleApplication@176eca45
reloadAllAccessors: .modalModel3

===========================================================================================
----------------- testing Tue Sep 03 20:57:15 UTC 2019 /home/travis/build/icyphy/ptII/ptolemy/domains/modal/test/auto/model1.xml
----------------- Instantiating /home/travis/build/icyphy/ptII/ptolemy/domains/modal/test/auto/model1.xml
15 ms. Memory: 352256K Free: 287215K (82%)
----------------- Invoking toplevel() on ptolemy.moml.MoMLSimpleApplication@44f4b139
----------------- Done invoking toplevel() on ptolemy.moml.MoMLSimpleApplication@44f4b139
reloadAllAccessors: .model1

===========================================================================================
----------------- testing Tue Sep 03 20:57:15 UTC 2019 /home/travis/build/icyphy/ptII/ptolemy/domains/modal/test/auto/test-direct-in-out.xml
----------------- Instantiating /home/travis/build/icyphy/ptII/ptolemy/domains/modal/test/auto/test-direct-in-out.xml
5 ms. Memory: 352256K Free: 279567K (79%)
----------------- Invoking toplevel() on ptolemy.moml.MoMLSimpleApplication@7eecadb3
----------------- Done invoking toplevel() on ptolemy.moml.MoMLSimpleApplication@7eecadb3
reloadAllAccessors: .test-direct-in-out
AutoTests.java: About to close Vertx.
AutoTests.java: Vertx closed.
]]></system-out>
  <system-err><![CDATA[java.lang.RuntimeException: Execution failed
	at ptolemy.moml.MoMLSimpleApplication$UnloadThread.run(MoMLSimpleApplication.java:402)
Caused by: ptolemy.kernel.util.IllegalActionException: Unknown inputs remain. Possible causality loop:
L_model_1893289564i

  in .CannotAnalysisWithPreemption.model_1893289564_region_1 and .CannotAnalysisWithPreemption.model_1893289564_region_1.L_model_1893289564i
	at ptolemy.actor.sched.FixedPointDirector.postfire(FixedPointDirector.java:515)
	at ptolemy.domains.sr.kernel.SRDirector.postfire(SRDirector.java:417)
	at ptolemy.actor.CompositeActor.postfire(CompositeActor.java:1668)
	at ptolemy.actor.Manager.iterate(Manager.java:852)
	at ptolemy.actor.Manager.execute(Manager.java:369)
	at ptolemy.actor.Manager.run(Manager.java:1263)
	at ptolemy.actor.Manager$PtolemyRunThread.run(Manager.java:1933)
java.lang.reflect.InvocationTargetException
	at java.base/jdk.internal.reflect.NativeConstructorAccessorImpl.newInstance0(Native Method)
	at java.base/jdk.internal.reflect.NativeConstructorAccessorImpl.newInstance(NativeConstructorAccessorImpl.java:62)
	at java.base/jdk.internal.reflect.DelegatingConstructorAccessorImpl.newInstance(DelegatingConstructorAccessorImpl.java:45)
	at java.base/java.lang.reflect.Constructor.newInstance(Constructor.java:490)
	at ptolemy.util.test.junit.AutoKnownFailedTests.RunModel(AutoKnownFailedTests.java:105)
	at java.base/jdk.internal.reflect.NativeMethodAccessorImpl.invoke0(Native Method)
	at java.base/jdk.internal.reflect.NativeMethodAccessorImpl.invoke(NativeMethodAccessorImpl.java:62)
	at java.base/jdk.internal.reflect.DelegatingMethodAccessorImpl.invoke(DelegatingMethodAccessorImpl.java:43)
	at java.base/java.lang.reflect.Method.invoke(Method.java:566)
	at org.junit.runners.model.FrameworkMethod$1.runReflectiveCall(FrameworkMethod.java:44)
	at org.junit.internal.runners.model.ReflectiveCallable.run(ReflectiveCallable.java:15)
	at org.junit.runners.model.FrameworkMethod.invokeExplosively(FrameworkMethod.java:41)
	at junitparams.internal.InvokeParameterisedMethod.evaluate(InvokeParameterisedMethod.java:102)
	at org.junit.internal.runners.statements.FailOnTimeout$1.run(FailOnTimeout.java:28)
Caused by: ptolemy.kernel.util.IllegalActionException: Unknown inputs remain. Possible causality loop:
L_model_1893289564i

  in .CannotAnalysisWithPreemption.model_1893289564_region_1 and .CannotAnalysisWithPreemption.model_1893289564_region_1.L_model_1893289564i
	at ptolemy.actor.sched.FixedPointDirector.postfire(FixedPointDirector.java:515)
	at ptolemy.domains.sr.kernel.SRDirector.postfire(SRDirector.java:417)
	at ptolemy.actor.CompositeActor.postfire(CompositeActor.java:1668)
	at ptolemy.actor.Manager.iterate(Manager.java:852)
	at ptolemy.actor.Manager.execute(Manager.java:369)
	at ptolemy.actor.Manager.run(Manager.java:1263)
	at ptolemy.actor.Manager$PtolemyRunThread.run(Manager.java:1933)
]]></system-err>
</testsuite>
