<?xml version="1.0" encoding="UTF-8" ?>
<testsuite errors="0" failures="0" hostname="travis-job-05c0bba7-a54f-4a18-901b-ffa9c0f10480" name="ptolemy.domains.de.test.junit.JUnitTclTest" skipped="0" tests="101" time="126.643" timestamp="2019-04-21T04:04:31">
  <properties>
[...]
</properties>
  <testcase classname="ptolemy.util.test.junit.TclTests" name="[0] /home/travis/build/icyphy/ptII/ptolemy/domains/de/test/DependencyLoop.tcl (RunTclFile)" time="0.747" />
  <testcase classname="ptolemy.util.test.junit.TclTests" name="[1] /home/travis/build/icyphy/ptII/ptolemy/domains/de/test/RunDETestsAsQSS.tcl (RunTclFile)" time="87.928" />
  <testcase classname="ptolemy.util.test.junit.AutoKnownFailedTests" name="[0] /home/travis/build/icyphy/ptII/ptolemy/domains/de/test/auto/knownFailedTests/DESDFClockTest.xml (RunModel)" time="2.028" />
  <testcase classname="ptolemy.util.test.junit.AutoKnownFailedTests" name="[1] /home/travis/build/icyphy/ptII/ptolemy/domains/de/test/auto/knownFailedTests/DirectFeedback.xml (RunModel)" time="0.009" />
  <testcase classname="ptolemy.util.test.junit.AutoKnownFailedTests" name="[2] /home/travis/build/icyphy/ptII/ptolemy/domains/de/test/auto/knownFailedTests/FSMSource.xml (RunModel)" time="0.016" />
  <testcase classname="ptolemy.util.test.junit.AutoKnownFailedTests" name="[3] /home/travis/build/icyphy/ptII/ptolemy/domains/de/test/auto/knownFailedTests/HierarchicalModel.xml (RunModel)" time="0.03" />
  <testcase classname="ptolemy.util.test.junit.AutoKnownFailedTests" name="[4] /home/travis/build/icyphy/ptII/ptolemy/domains/de/test/auto/knownFailedTests/dependencyLoop.xml (RunModel)" time="0.025" />
  <testcase classname="ptolemy.util.test.junit.AutoKnownFailedTests" name="[5] /home/travis/build/icyphy/ptII/ptolemy/domains/de/test/auto/knownFailedTests/dependencyLoop2.xml (RunModel)" time="0.022" />
  <testcase classname="ptolemy.util.test.junit.AutoNameArchTests" name="[0] ThereAreNoAutoArchTests (RunModel)" time="0.0" />
  <testcase classname="ptolemy.util.test.junit.AutoTests" name="[0] /home/travis/build/icyphy/ptII/ptolemy/domains/de/test/auto/ActorDepthCalculation_actorWithoutPorts.xml (RunModel)" time="0.01" />
  <testcase classname="ptolemy.util.test.junit.AutoTests" name="[1] /home/travis/build/icyphy/ptII/ptolemy/domains/de/test/auto/AssemblyLine.xml (RunModel)" time="0.016" />
  <testcase classname="ptolemy.util.test.junit.AutoTests" name="[2] /home/travis/build/icyphy/ptII/ptolemy/domains/de/test/auto/CQBug1.xml (RunModel)" time="0.008" />
  <testcase classname="ptolemy.util.test.junit.AutoTests" name="[3] /home/travis/build/icyphy/ptII/ptolemy/domains/de/test/auto/CancelFireAt.xml (RunModel)" time="0.012" />
  <testcase classname="ptolemy.util.test.junit.AutoTests" name="[4] /home/travis/build/icyphy/ptII/ptolemy/domains/de/test/auto/CausalityAndComposabilityAnalysis.xml (RunModel)" time="0.01" />
  <testcase classname="ptolemy.util.test.junit.AutoTests" name="[5] /home/travis/build/icyphy/ptII/ptolemy/domains/de/test/auto/CausalityInterface1.xml (RunModel)" time="0.011" />
  <testcase classname="ptolemy.util.test.junit.AutoTests" name="[6] /home/travis/build/icyphy/ptII/ptolemy/domains/de/test/auto/CausalityInterface15.xml (RunModel)" time="0.013" />
  <testcase classname="ptolemy.util.test.junit.AutoTests" name="[7] /home/travis/build/icyphy/ptII/ptolemy/domains/de/test/auto/CausalityInterface2.xml (RunModel)" time="0.02" />
  <testcase classname="ptolemy.util.test.junit.AutoTests" name="[8] /home/travis/build/icyphy/ptII/ptolemy/domains/de/test/auto/CausalityInterface3.xml (RunModel)" time="0.009" />
  <testcase classname="ptolemy.util.test.junit.AutoTests" name="[9] /home/travis/build/icyphy/ptII/ptolemy/domains/de/test/auto/ClockDrift.xml (RunModel)" time="0.031" />
  <testcase classname="ptolemy.util.test.junit.AutoTests" name="[10] /home/travis/build/icyphy/ptII/ptolemy/domains/de/test/auto/ClockDriftAndValueChange.xml (RunModel)" time="0.019" />
  <testcase classname="ptolemy.util.test.junit.AutoTests" name="[11] /home/travis/build/icyphy/ptII/ptolemy/domains/de/test/auto/ClockDriftChange.xml (RunModel)" time="0.016" />
  <testcase classname="ptolemy.util.test.junit.AutoTests" name="[12] /home/travis/build/icyphy/ptII/ptolemy/domains/de/test/auto/ComposableCausalityAnalysis.xml (RunModel)" time="0.02" />
  <testcase classname="ptolemy.util.test.junit.AutoTests" name="[13] /home/travis/build/icyphy/ptII/ptolemy/domains/de/test/auto/DEFixedPointLimitation.xml (RunModel)" time="0.005" />
  <testcase classname="ptolemy.util.test.junit.AutoTests" name="[14] /home/travis/build/icyphy/ptII/ptolemy/domains/de/test/auto/DEScheduleTest.xml (RunModel)" time="0.007" />
  <testcase classname="ptolemy.util.test.junit.AutoTests" name="[15] /home/travis/build/icyphy/ptII/ptolemy/domains/de/test/auto/DEinDEwithStartTimes.xml (RunModel)" time="0.008" />
  <testcase classname="ptolemy.util.test.junit.AutoTests" name="[16] /home/travis/build/icyphy/ptII/ptolemy/domains/de/test/auto/DEinDEwithStartTimes2.xml (RunModel)" time="0.008" />
  <testcase classname="ptolemy.util.test.junit.AutoTests" name="[17] /home/travis/build/icyphy/ptII/ptolemy/domains/de/test/auto/DateDemo.xml (RunModel)" time="0.016" />
  <testcase classname="ptolemy.util.test.junit.AutoTests" name="[18] /home/travis/build/icyphy/ptII/ptolemy/domains/de/test/auto/DateToEvent.xml (RunModel)" time="2.023" />
  <testcase classname="ptolemy.util.test.junit.AutoTests" name="[19] /home/travis/build/icyphy/ptII/ptolemy/domains/de/test/auto/DepthTest1.xml (RunModel)" time="0.016" />
  <testcase classname="ptolemy.util.test.junit.AutoTests" name="[20] /home/travis/build/icyphy/ptII/ptolemy/domains/de/test/auto/DepthTest2.xml (RunModel)" time="0.017" />
  <testcase classname="ptolemy.util.test.junit.AutoTests" name="[21] /home/travis/build/icyphy/ptII/ptolemy/domains/de/test/auto/DepthTest3.xml (RunModel)" time="0.01" />
  <testcase classname="ptolemy.util.test.junit.AutoTests" name="[22] /home/travis/build/icyphy/ptII/ptolemy/domains/de/test/auto/DepthTest4.xml (RunModel)" time="0.007" />
  <testcase classname="ptolemy.util.test.junit.AutoTests" name="[23] /home/travis/build/icyphy/ptII/ptolemy/domains/de/test/auto/DepthTest5.xml (RunModel)" time="0.009" />
  <testcase classname="ptolemy.util.test.junit.AutoTests" name="[24] /home/travis/build/icyphy/ptII/ptolemy/domains/de/test/auto/DepthTest6.xml (RunModel)" time="0.007" />
  <testcase classname="ptolemy.util.test.junit.AutoTests" name="[25] /home/travis/build/icyphy/ptII/ptolemy/domains/de/test/auto/DepthTest7.xml (RunModel)" time="0.006" />
  <testcase classname="ptolemy.util.test.junit.AutoTests" name="[26] /home/travis/build/icyphy/ptII/ptolemy/domains/de/test/auto/EventToDate.xml (RunModel)" time="3.021" />
  <testcase classname="ptolemy.util.test.junit.AutoTests" name="[27] /home/travis/build/icyphy/ptII/ptolemy/domains/de/test/auto/FSM1.xml (RunModel)" time="0.021" />
  <testcase classname="ptolemy.util.test.junit.AutoTests" name="[28] /home/travis/build/icyphy/ptII/ptolemy/domains/de/test/auto/FSM7.xml (RunModel)" time="0.018" />
  <testcase classname="ptolemy.util.test.junit.AutoTests" name="[29] /home/travis/build/icyphy/ptII/ptolemy/domains/de/test/auto/Inspection.xml (RunModel)" time="0.023" />
  <testcase classname="ptolemy.util.test.junit.AutoTests" name="[30] /home/travis/build/icyphy/ptII/ptolemy/domains/de/test/auto/Iteration.xml (RunModel)" time="0.013" />
  <testcase classname="ptolemy.util.test.junit.AutoTests" name="[31] /home/travis/build/icyphy/ptII/ptolemy/domains/de/test/auto/LineFault.xml (RunModel)" time="0.41" />
  <testcase classname="ptolemy.util.test.junit.AutoTests" name="[32] /home/travis/build/icyphy/ptII/ptolemy/domains/de/test/auto/MergeModel1Add.xml (RunModel)" time="0.031" />
  <testcase classname="ptolemy.util.test.junit.AutoTests" name="[33] /home/travis/build/icyphy/ptII/ptolemy/domains/de/test/auto/MergeModel2Add.xml (RunModel)" time="0.028" />
  <testcase classname="ptolemy.util.test.junit.AutoTests" name="[34] /home/travis/build/icyphy/ptII/ptolemy/domains/de/test/auto/MergeModel3Add.xml (RunModel)" time="0.032" />
  <testcase classname="ptolemy.util.test.junit.AutoTests" name="[35] /home/travis/build/icyphy/ptII/ptolemy/domains/de/test/auto/MergeWithoutDiscard.xml (RunModel)" time="0.008" />
  <testcase classname="ptolemy.util.test.junit.AutoTests" name="[36] /home/travis/build/icyphy/ptII/ptolemy/domains/de/test/auto/Modal1.xml (RunModel)" time="0.019" />
  <testcase classname="ptolemy.util.test.junit.AutoTests" name="[37] /home/travis/build/icyphy/ptII/ptolemy/domains/de/test/auto/Modal2.xml (RunModel)" time="0.024" />
  <testcase classname="ptolemy.util.test.junit.AutoTests" name="[38] /home/travis/build/icyphy/ptII/ptolemy/domains/de/test/auto/Modal3.xml (RunModel)" time="0.023" />
  <testcase classname="ptolemy.util.test.junit.AutoTests" name="[39] /home/travis/build/icyphy/ptII/ptolemy/domains/de/test/auto/Modal4.xml (RunModel)" time="0.021" />
  <testcase classname="ptolemy.util.test.junit.AutoTests" name="[40] /home/travis/build/icyphy/ptII/ptolemy/domains/de/test/auto/Modal5.xml (RunModel)" time="0.019" />
  <testcase classname="ptolemy.util.test.junit.AutoTests" name="[41] /home/travis/build/icyphy/ptII/ptolemy/domains/de/test/auto/Modal6.xml (RunModel)" time="0.019" />
  <testcase classname="ptolemy.util.test.junit.AutoTests" name="[42] /home/travis/build/icyphy/ptII/ptolemy/domains/de/test/auto/Modal7.xml (RunModel)" time="0.019" />
  <testcase classname="ptolemy.util.test.junit.AutoTests" name="[43] /home/travis/build/icyphy/ptII/ptolemy/domains/de/test/auto/ModalModel.xml (RunModel)" time="0.11" />
  <testcase classname="ptolemy.util.test.junit.AutoTests" name="[44] /home/travis/build/icyphy/ptII/ptolemy/domains/de/test/auto/ModalSource.xml (RunModel)" time="0.013" />
  <testcase classname="ptolemy.util.test.junit.AutoTests" name="[45] /home/travis/build/icyphy/ptII/ptolemy/domains/de/test/auto/NonInterruptibleTimerZeroDelay.xml (RunModel)" time="0.007" />
  <testcase classname="ptolemy.util.test.junit.AutoTests" name="[46] /home/travis/build/icyphy/ptII/ptolemy/domains/de/test/auto/OpenQueueingNetwork.xml (RunModel)" time="1.636" />
  <testcase classname="ptolemy.util.test.junit.AutoTests" name="[47] /home/travis/build/icyphy/ptII/ptolemy/domains/de/test/auto/OpenQueuingNetwork.xml (RunModel)" time="0.237" />
  <testcase classname="ptolemy.util.test.junit.AutoTests" name="[48] /home/travis/build/icyphy/ptII/ptolemy/domains/de/test/auto/PeriodicSampler.xml (RunModel)" time="0.011" />
  <testcase classname="ptolemy.util.test.junit.AutoTests" name="[49] /home/travis/build/icyphy/ptII/ptolemy/domains/de/test/auto/PersistentIO.xml (RunModel)" time="0.026" />
  <testcase classname="ptolemy.util.test.junit.AutoTests" name="[50] /home/travis/build/icyphy/ptII/ptolemy/domains/de/test/auto/PortParameterResetOnInitialize.xml (RunModel)" time="0.01" />
  <testcase classname="ptolemy.util.test.junit.AutoTests" name="[51] /home/travis/build/icyphy/ptII/ptolemy/domains/de/test/auto/PortParameterUpdates.xml (RunModel)" time="0.017" />
  <testcase classname="ptolemy.util.test.junit.AutoTests" name="[52] /home/travis/build/icyphy/ptII/ptolemy/domains/de/test/auto/QueueAndServer.xml (RunModel)" time="0.019" />
  <testcase classname="ptolemy.util.test.junit.AutoTests" name="[53] /home/travis/build/icyphy/ptII/ptolemy/domains/de/test/auto/Records.xml (RunModel)" time="0.012" />
  <testcase classname="ptolemy.util.test.junit.AutoTests" name="[54] /home/travis/build/icyphy/ptII/ptolemy/domains/de/test/auto/ResetTransitionWithStartTime1.xml (RunModel)" time="0.016" />
  <testcase classname="ptolemy.util.test.junit.AutoTests" name="[55] /home/travis/build/icyphy/ptII/ptolemy/domains/de/test/auto/ResetTransitionWithStartTime2.xml (RunModel)" time="0.016" />
  <testcase classname="ptolemy.util.test.junit.AutoTests" name="[56] /home/travis/build/icyphy/ptII/ptolemy/domains/de/test/auto/ResetTransitionWithStartTime3.xml (RunModel)" time="0.015" />
  <testcase classname="ptolemy.util.test.junit.AutoTests" name="[57] /home/travis/build/icyphy/ptII/ptolemy/domains/de/test/auto/ResetTransitionWithStartTime4.xml (RunModel)" time="0.021" />
  <testcase classname="ptolemy.util.test.junit.AutoTests" name="[58] /home/travis/build/icyphy/ptII/ptolemy/domains/de/test/auto/ResettableTimer1.xml (RunModel)" time="0.01" />
  <testcase classname="ptolemy.util.test.junit.AutoTests" name="[59] /home/travis/build/icyphy/ptII/ptolemy/domains/de/test/auto/ResettableTimer2.xml (RunModel)" time="0.008" />
  <testcase classname="ptolemy.util.test.junit.AutoTests" name="[60] /home/travis/build/icyphy/ptII/ptolemy/domains/de/test/auto/ResettableTimer3.xml (RunModel)" time="0.008" />
  <testcase classname="ptolemy.util.test.junit.AutoTests" name="[61] /home/travis/build/icyphy/ptII/ptolemy/domains/de/test/auto/ResettableTimer4.xml (RunModel)" time="0.009" />
  <testcase classname="ptolemy.util.test.junit.AutoTests" name="[62] /home/travis/build/icyphy/ptII/ptolemy/domains/de/test/auto/ResettableTimer5.xml (RunModel)" time="0.009" />
  <testcase classname="ptolemy.util.test.junit.AutoTests" name="[63] /home/travis/build/icyphy/ptII/ptolemy/domains/de/test/auto/ResettableTimer6.xml (RunModel)" time="0.018" />
  <testcase classname="ptolemy.util.test.junit.AutoTests" name="[64] /home/travis/build/icyphy/ptII/ptolemy/domains/de/test/auto/ServerZeroDelay.xml (RunModel)" time="0.009" />
  <testcase classname="ptolemy.util.test.junit.AutoTests" name="[65] /home/travis/build/icyphy/ptII/ptolemy/domains/de/test/auto/SmartSender.xml (RunModel)" time="3.009" />
  <testcase classname="ptolemy.util.test.junit.AutoTests" name="[66] /home/travis/build/icyphy/ptII/ptolemy/domains/de/test/auto/ThreadedComposite.xml (RunModel)" time="0.262" />
  <testcase classname="ptolemy.util.test.junit.AutoTests" name="[67] /home/travis/build/icyphy/ptII/ptolemy/domains/de/test/auto/Time.xml (RunModel)" time="0.393" />
  <testcase classname="ptolemy.util.test.junit.AutoTests" name="[68] /home/travis/build/icyphy/ptII/ptolemy/domains/de/test/auto/TimeDelayZeroDelay.xml (RunModel)" time="0.011" />
  <testcase classname="ptolemy.util.test.junit.AutoTests" name="[69] /home/travis/build/icyphy/ptII/ptolemy/domains/de/test/auto/TimerZeroDelay.xml (RunModel)" time="0.009" />
  <testcase classname="ptolemy.util.test.junit.AutoTests" name="[70] /home/travis/build/icyphy/ptII/ptolemy/domains/de/test/auto/TimingParadox.xml (RunModel)" time="0.344" />
  <testcase classname="ptolemy.util.test.junit.AutoTests" name="[71] /home/travis/build/icyphy/ptII/ptolemy/domains/de/test/auto/TransferInputs.xml (RunModel)" time="0.01" />
  <testcase classname="ptolemy.util.test.junit.AutoTests" name="[72] /home/travis/build/icyphy/ptII/ptolemy/domains/de/test/auto/TransferOutputs2.xml (RunModel)" time="0.018" />
  <testcase classname="ptolemy.util.test.junit.AutoTests" name="[73] /home/travis/build/icyphy/ptII/ptolemy/domains/de/test/auto/Trilateration.xml (RunModel)" time="11.034" />
  <testcase classname="ptolemy.util.test.junit.AutoTests" name="[74] /home/travis/build/icyphy/ptII/ptolemy/domains/de/test/auto/TwoSigmaDelta.xml (RunModel)" time="1.953" />
  <testcase classname="ptolemy.util.test.junit.AutoTests" name="[75] /home/travis/build/icyphy/ptII/ptolemy/domains/de/test/auto/VariableDelay.xml (RunModel)" time="0.012" />
  <testcase classname="ptolemy.util.test.junit.AutoTests" name="[76] /home/travis/build/icyphy/ptII/ptolemy/domains/de/test/auto/VariableDelay2.xml (RunModel)" time="0.01" />
  <testcase classname="ptolemy.util.test.junit.AutoTests" name="[77] /home/travis/build/icyphy/ptII/ptolemy/domains/de/test/auto/VariableDelayZeroDelay.xml (RunModel)" time="0.011" />
  <testcase classname="ptolemy.util.test.junit.AutoTests" name="[78] /home/travis/build/icyphy/ptII/ptolemy/domains/de/test/auto/VariableDelayZeroDelay2.xml (RunModel)" time="0.009" />
  <testcase classname="ptolemy.util.test.junit.AutoTests" name="[79] /home/travis/build/icyphy/ptII/ptolemy/domains/de/test/auto/deInCt.xml (RunModel)" time="0.012" />
  <testcase classname="ptolemy.util.test.junit.AutoTests" name="[80] /home/travis/build/icyphy/ptII/ptolemy/domains/de/test/auto/deInCt2.xml (RunModel)" time="0.016" />
  <testcase classname="ptolemy.util.test.junit.AutoTests" name="[81] /home/travis/build/icyphy/ptII/ptolemy/domains/de/test/auto/dynamicCausalityInterface1.xml (RunModel)" time="0.016" />
  <testcase classname="ptolemy.util.test.junit.AutoTests" name="[82] /home/travis/build/icyphy/ptII/ptolemy/domains/de/test/auto/fsm_de_test.xml (RunModel)" time="0.022" />
  <testcase classname="ptolemy.util.test.junit.AutoTests" name="[83] /home/travis/build/icyphy/ptII/ptolemy/domains/de/test/auto/functionDependencyReconstruction.xml (RunModel)" time="0.033" />
  <testcase classname="ptolemy.util.test.junit.AutoTests" name="[84] /home/travis/build/icyphy/ptII/ptolemy/domains/de/test/auto/multirate.xml (RunModel)" time="0.014" />
  <testcase classname="ptolemy.util.test.junit.AutoTests" name="[85] /home/travis/build/icyphy/ptII/ptolemy/domains/de/test/auto/multirate2.xml (RunModel)" time="0.013" />
  <testcase classname="ptolemy.util.test.junit.AutoTests" name="[86] /home/travis/build/icyphy/ptII/ptolemy/domains/de/test/auto/realtime.xml (RunModel)" time="10.009" />
  <testcase classname="ptolemy.util.test.junit.AutoTests" name="[87] /home/travis/build/icyphy/ptII/ptolemy/domains/de/test/auto/relationGroup.xml (RunModel)" time="0.011" />
  <testcase classname="ptolemy.util.test.junit.AutoTests" name="[88] /home/travis/build/icyphy/ptII/ptolemy/domains/de/test/auto/relationGroup2.xml (RunModel)" time="0.006" />
  <testcase classname="ptolemy.util.test.junit.AutoTests" name="[89] /home/travis/build/icyphy/ptII/ptolemy/domains/de/test/auto/sortWithOpaquePorts.xml (RunModel)" time="0.008" />
  <testcase classname="ptolemy.util.test.junit.AutoTests" name="[90] /home/travis/build/icyphy/ptII/ptolemy/domains/de/test/auto/transferInputsandOutputs.xml (RunModel)" time="0.013" />
  <testcase classname="ptolemy.util.test.junit.AutoTests" name="[91] /home/travis/build/icyphy/ptII/ptolemy/domains/de/test/auto/triggerType.xml (RunModel)" time="0.009" />
  <system-out><![CDATA[/home/travis/build/icyphy/ptII/ptolemy/domains/de/test/DependencyLoop.tcl
testDefs.tcl: setting time out to 9000 seconds at Sun Apr 21 04:04:31 UTC 2019
20 ms. Memory: 116224K Free: 97610K (84%)
22 ms. Memory: 146944K Free: 142363K (97%)
/home/travis/build/icyphy/ptII/ptolemy/domains/de/test/RunDETestsAsQSS.tcl
Run the DE tests using ptolemy.domains.qss.test.QSSDirectorTest, which extends QSSDirector and prints a message in the constructors.
------------------ testing $PTII/ptolemy/domains/de/test/auto/knownFailedTests/dependencyLoop.xml (Known Failure) 
5 ms. Memory: 146944K Free: 136887K (93%)


==== $PTIIhome/travis/build/icyphy/ptII/ptolemy/domains/de/test/../../../../: Auto Automatic test in file $PTII/ptolemy/domains/de/test/auto/knownFailedTests/dependencyLoop.xml
==== Contents of test case:

	    # FIXME: we should use $relativeFilename here, but it
	    # might have backslashes under Windows, which causes no end
	    # of trouble.
	    createAndExecute $file
	    list {}
	
.... Test generated KNOWN error:
    while executing
ptolemy.kernel.util.IllegalActionException: Found a zero delay loop containing .dependencyLoop.original
  in .dependencyLoop and .dependencyLoop.original
	at ptolemy.actor.util.CausalityInterfaceForComposites._computeOutputPortDepth(CausalityInterfaceForComposites.java:759)
	at ptolemy.actor.util.CausalityInterfaceForComposites._computeInputDepth(CausalityInterfaceForComposites.java:696)
	at ptolemy.actor.util.CausalityInterfaceForComposites._computeOutputPortDepth(CausalityInterfaceForComposites.java:765)
	at ptolemy.actor.util.CausalityInterfaceForComposites._computeInputDepth(CausalityInterfaceForComposites.java:696)
	at ptolemy.actor.util.CausalityInterfaceForComposites._computeOutputPortDepth(CausalityInterfaceForComposites.java:765)
	at ptolemy.actor.util.CausalityInterfaceForComposites._computeInputDepth(CausalityInterfaceForComposites.java:696)
	at ptolemy.actor.util.CausalityInterfaceForComposites._computeActorDepth(CausalityInterfaceForComposites.java:532)
	at ptolemy.actor.util.CausalityInterfaceForComposites.checkForCycles(CausalityInterfaceForComposites.java:96)
	at ptolemy.domains.de.kernel.DEDirector.preinitialize(DEDirector.java:1338)
	at ptolemy.actor.CompositeActor.preinitialize(CompositeActor.java:1828)
	at ptolemy.actor.Manager.preinitializeAndResolveTypes(Manager.java:1040)
	at ptolemy.actor.Manager.initialize(Manager.java:710)
	at ptolemy.actor.Manager.execute(Manager.java:356)
	at ptolemy.actor.Manager.run(Manager.java:1263)
	at ptolemy.actor.Manager$PtolemyRunThread.run(Manager.java:1915)

    while executing
ptolemy.kernel.util.IllegalActionException: Found a zero delay loop containing .dependencyLoop.original
  in .dependencyLoop and .dependencyLoop.original
    while executing
"java::new ptolemy.moml.MoMLSimpleApplication $file
"
    (procedure "createAndExecute" line 2)
    invoked from within
"createAndExecute $file"
    ("uplevel" body line 5)
    invoked from within
"uplevel $contents_of_test"
------------------ testing $PTII/ptolemy/domains/de/test/auto/knownFailedTests/DESDFClockTest.xml (Known Failure) 
2055 ms. Memory: 146944K Free: 121288K (83%)


==== $PTIIhome/travis/build/icyphy/ptII/ptolemy/domains/de/test/../../../../: Auto Automatic test in file $PTII/ptolemy/domains/de/test/auto/knownFailedTests/DESDFClockTest.xml
==== Contents of test case:

	    # FIXME: we should use $relativeFilename here, but it
	    # might have backslashes under Windows, which causes no end
	    # of trouble.
	    createAndExecute $file
	    list {}
	
.... Test generated KNOWN error:
    while executing
ptolemy.kernel.util.IllegalActionException: Actor is not ready to fire.  Perhaps UpSample.prefire() returned false? Try debugging the actor by selecting "Listen to Actor".  Also, for SDF check moml for tokenConsumptionRate on input.
  in .DESDFClockTest.Play Bell.Copy1:SDF Director and .DESDFClockTest.Play Bell.UpSample
	at ptolemy.actor.sched.StaticSchedulingDirector.fire(StaticSchedulingDirector.java:227)
	at ptolemy.domains.sdf.kernel.SDFDirector.fire(SDFDirector.java:500)
	at ptolemy.actor.CompositeActor.fire(CompositeActor.java:455)
	at ptolemy.domains.de.kernel.DEDirector._fire(DEDirector.java:1949)
	at ptolemy.domains.de.kernel.DEDirector.fire(DEDirector.java:502)
	at ptolemy.actor.CompositeActor.fire(CompositeActor.java:455)
	at ptolemy.actor.Manager.iterate(Manager.java:851)
	at ptolemy.actor.Manager.execute(Manager.java:369)
	at ptolemy.actor.Manager.run(Manager.java:1263)
	at ptolemy.actor.Manager$PtolemyRunThread.run(Manager.java:1915)

    while executing
ptolemy.kernel.util.IllegalActionException: Actor is not ready to fire.  Perhaps UpSample.prefire() returned false? Try debugging the actor by selecting "Listen to Actor".  Also, for SDF check moml for tokenConsumptionRate on input.
  in .DESDFClockTest.Play Bell.Copy1:SDF Director and .DESDFClockTest.Play Bell.UpSample
    while executing
"java::new ptolemy.moml.MoMLSimpleApplication $file
"
    (procedure "createAndExecute" line 2)
    invoked from within
"createAndExecute $file"
    ("uplevel" body line 5)
    invoked from within
"uplevel $contents_of_test"
------------------ testing $PTII/ptolemy/domains/de/test/auto/knownFailedTests/FSMSource.xml (Known Failure) 
18 ms. Memory: 146944K Free: 112414K (77%)
!!!! Auto was marked as failing, but now passes
------------------ testing $PTII/ptolemy/domains/de/test/auto/knownFailedTests/dependencyLoop2.xml (Known Failure) 
6 ms. Memory: 146944K Free: 110531K (75%)


==== $PTIIhome/travis/build/icyphy/ptII/ptolemy/domains/de/test/../../../../: Auto Automatic test in file $PTII/ptolemy/domains/de/test/auto/knownFailedTests/dependencyLoop2.xml
==== Contents of test case:

	    # FIXME: we should use $relativeFilename here, but it
	    # might have backslashes under Windows, which causes no end
	    # of trouble.
	    createAndExecute $file
	    list {}
	
.... Test generated KNOWN error:
    while executing
ptolemy.kernel.util.IllegalActionException: Found a zero delay loop containing .dependencyLoop2.original
  in .dependencyLoop2 and .dependencyLoop2.original
	at ptolemy.actor.util.CausalityInterfaceForComposites._computeOutputPortDepth(CausalityInterfaceForComposites.java:759)
	at ptolemy.actor.util.CausalityInterfaceForComposites._computeInputDepth(CausalityInterfaceForComposites.java:696)
	at ptolemy.actor.util.CausalityInterfaceForComposites._computeOutputPortDepth(CausalityInterfaceForComposites.java:765)
	at ptolemy.actor.util.CausalityInterfaceForComposites._computeInputDepth(CausalityInterfaceForComposites.java:696)
	at ptolemy.actor.util.CausalityInterfaceForComposites._computeOutputPortDepth(CausalityInterfaceForComposites.java:765)
	at ptolemy.actor.util.CausalityInterfaceForComposites._computeInputDepth(CausalityInterfaceForComposites.java:696)
	at ptolemy.actor.util.CausalityInterfaceForComposites._computeActorDepth(CausalityInterfaceForComposites.java:532)
	at ptolemy.actor.util.CausalityInterfaceForComposites.checkForCycles(CausalityInterfaceForComposites.java:96)
	at ptolemy.domains.de.kernel.DEDirector.preinitialize(DEDirector.java:1338)
	at ptolemy.actor.CompositeActor.preinitialize(CompositeActor.java:1828)
	at ptolemy.actor.Manager.preinitializeAndResolveTypes(Manager.java:1040)
	at ptolemy.actor.Manager.initialize(Manager.java:710)
	at ptolemy.actor.Manager.execute(Manager.java:356)
	at ptolemy.actor.Manager.run(Manager.java:1263)
	at ptolemy.actor.Manager$PtolemyRunThread.run(Manager.java:1915)

    while executing
ptolemy.kernel.util.IllegalActionException: Found a zero delay loop containing .dependencyLoop2.original
  in .dependencyLoop2 and .dependencyLoop2.original
    while executing
"java::new ptolemy.moml.MoMLSimpleApplication $file
"
    (procedure "createAndExecute" line 2)
    invoked from within
"createAndExecute $file"
    ("uplevel" body line 5)
    invoked from within
"uplevel $contents_of_test"
------------------ testing $PTII/ptolemy/domains/de/test/auto/knownFailedTests/HierarchicalModel.xml (Known Failure) 
5 ms. Memory: 146944K Free: 90222K (61%)


==== $PTIIhome/travis/build/icyphy/ptII/ptolemy/domains/de/test/../../../../: Auto Automatic test in file $PTII/ptolemy/domains/de/test/auto/knownFailedTests/HierarchicalModel.xml
==== Contents of test case:

	    # FIXME: we should use $relativeFilename here, but it
	    # might have backslashes under Windows, which causes no end
	    # of trouble.
	    createAndExecute $file
	    list {}
	
.... Test generated KNOWN error:
    while executing
ptolemy.kernel.util.IllegalActionException: Found a zero delay loop containing .HierarchicalModel.A
  in .HierarchicalModel and .HierarchicalModel.A
	at ptolemy.actor.util.CausalityInterfaceForComposites._computeOutputPortDepth(CausalityInterfaceForComposites.java:759)
	at ptolemy.actor.util.CausalityInterfaceForComposites._computeInputDepth(CausalityInterfaceForComposites.java:696)
	at ptolemy.actor.util.CausalityInterfaceForComposites._computeOutputPortDepth(CausalityInterfaceForComposites.java:765)
	at ptolemy.actor.util.CausalityInterfaceForComposites._computeInputDepth(CausalityInterfaceForComposites.java:696)
	at ptolemy.actor.util.CausalityInterfaceForComposites._computeOutputPortDepth(CausalityInterfaceForComposites.java:765)
	at ptolemy.actor.util.CausalityInterfaceForComposites._computeInputDepth(CausalityInterfaceForComposites.java:696)
	at ptolemy.actor.util.CausalityInterfaceForComposites._computeActorDepth(CausalityInterfaceForComposites.java:532)
	at ptolemy.actor.util.CausalityInterfaceForComposites.checkForCycles(CausalityInterfaceForComposites.java:96)
	at ptolemy.domains.de.kernel.DEDirector.preinitialize(DEDirector.java:1338)
	at ptolemy.actor.CompositeActor.preinitialize(CompositeActor.java:1828)
	at ptolemy.actor.Manager.preinitializeAndResolveTypes(Manager.java:1040)
	at ptolemy.actor.Manager.initialize(Manager.java:710)
	at ptolemy.actor.Manager.execute(Manager.java:356)
	at ptolemy.actor.Manager.run(Manager.java:1263)
	at ptolemy.actor.Manager$PtolemyRunThread.run(Manager.java:1915)

    while executing
ptolemy.kernel.util.IllegalActionException: Found a zero delay loop containing .HierarchicalModel.A
  in .HierarchicalModel and .HierarchicalModel.A
    while executing
"java::new ptolemy.moml.MoMLSimpleApplication $file
"
    (procedure "createAndExecute" line 2)
    invoked from within
"createAndExecute $file"
    ("uplevel" body line 5)
    invoked from within
"uplevel $contents_of_test"
------------------ testing $PTII/ptolemy/domains/de/test/auto/knownFailedTests/DirectFeedback.xml (Known Failure) 
4 ms. Memory: 146944K Free: 86062K (59%)


==== $PTIIhome/travis/build/icyphy/ptII/ptolemy/domains/de/test/../../../../: Auto Automatic test in file $PTII/ptolemy/domains/de/test/auto/knownFailedTests/DirectFeedback.xml
==== Contents of test case:

	    # FIXME: we should use $relativeFilename here, but it
	    # might have backslashes under Windows, which causes no end
	    # of trouble.
	    createAndExecute $file
	    list {}
	
.... Test generated KNOWN error:
    while executing
ptolemy.kernel.util.IllegalActionException: Test fails in iteration 1.
Value was: 1.0. Should have been: 2.0
  in .DirectFeedback.Test
	at ptolemy.actor.lib.Test.fire(Test.java:268)
	at ptolemy.domains.de.kernel.DEDirector._fire(DEDirector.java:1949)
	at ptolemy.domains.de.kernel.DEDirector.fire(DEDirector.java:502)
	at ptolemy.actor.CompositeActor.fire(CompositeActor.java:455)
	at ptolemy.actor.Manager.iterate(Manager.java:851)
	at ptolemy.actor.Manager.execute(Manager.java:369)
	at ptolemy.actor.Manager.run(Manager.java:1263)
	at ptolemy.actor.Manager$PtolemyRunThread.run(Manager.java:1915)

    while executing
ptolemy.kernel.util.IllegalActionException: Test fails in iteration 1.
Value was: 1.0. Should have been: 2.0
  in .DirectFeedback.Test
    while executing
"java::new ptolemy.moml.MoMLSimpleApplication $file
"
    (procedure "createAndExecute" line 2)
    invoked from within
"createAndExecute $file"
    ("uplevel" body line 5)
    invoked from within
"uplevel $contents_of_test"
------------------ testing $PTII/ptolemy/domains/de/test/auto/ActorDepthCalculation_actorWithoutPorts.xml
auto.tcl: Setting watchdog for 200 seconds at Sun Apr 21 04:04:35 UTC 2019
7 ms. Memory: 146944K Free: 138960K (95%)
ptolemy.util.test.WatchDog.cancel(): canceling Sun Apr 21 04:04:35 UTC 2019
auto.tcl: Setting watchdog for 200 seconds at Sun Apr 21 04:04:35 UTC 2019
4 ms. Memory: 146944K Free: 137677K (94%)
ptolemy.util.test.WatchDog.cancel(): canceling Sun Apr 21 04:04:35 UTC 2019
------------------ testing $PTII/ptolemy/domains/de/test/auto/AssemblyLine.xml
auto.tcl: Setting watchdog for 200 seconds at Sun Apr 21 04:04:35 UTC 2019
19 ms. Memory: 208384K Free: 183381K (88%)
ptolemy.util.test.WatchDog.cancel(): canceling Sun Apr 21 04:04:35 UTC 2019
auto.tcl: Setting watchdog for 200 seconds at Sun Apr 21 04:04:35 UTC 2019
6 ms. Memory: 208384K Free: 183381K (88%)
ptolemy.util.test.WatchDog.cancel(): canceling Sun Apr 21 04:04:35 UTC 2019
------------------ testing $PTII/ptolemy/domains/de/test/auto/CQBug1.xml
auto.tcl: Setting watchdog for 200 seconds at Sun Apr 21 04:04:35 UTC 2019
9 ms. Memory: 208384K Free: 197894K (95%)
ptolemy.util.test.WatchDog.cancel(): canceling Sun Apr 21 04:04:35 UTC 2019
auto.tcl: Setting watchdog for 200 seconds at Sun Apr 21 04:04:35 UTC 2019
1 ms. Memory: 208384K Free: 197375K (95%)
ptolemy.util.test.WatchDog.cancel(): canceling Sun Apr 21 04:04:35 UTC 2019
------------------ testing $PTII/ptolemy/domains/de/test/auto/CancelFireAt.xml
auto.tcl: Setting watchdog for 200 seconds at Sun Apr 21 04:04:35 UTC 2019
6 ms. Memory: 208384K Free: 201040K (96%)
ptolemy.util.test.WatchDog.cancel(): canceling Sun Apr 21 04:04:35 UTC 2019
auto.tcl: Setting watchdog for 200 seconds at Sun Apr 21 04:04:35 UTC 2019
1 ms. Memory: 208384K Free: 198995K (95%)
ptolemy.util.test.WatchDog.cancel(): canceling Sun Apr 21 04:04:35 UTC 2019
------------------ testing $PTII/ptolemy/domains/de/test/auto/CausalityAndComposabilityAnalysis.xml
auto.tcl: Setting watchdog for 200 seconds at Sun Apr 21 04:04:36 UTC 2019
13 ms. Memory: 208384K Free: 199002K (95%)
ptolemy.util.test.WatchDog.cancel(): canceling Sun Apr 21 04:04:36 UTC 2019
auto.tcl: Setting watchdog for 200 seconds at Sun Apr 21 04:04:36 UTC 2019
5 ms. Memory: 208384K Free: 196957K (95%)
ptolemy.util.test.WatchDog.cancel(): canceling Sun Apr 21 04:04:36 UTC 2019
------------------ testing $PTII/ptolemy/domains/de/test/auto/CausalityInterface1.xml
auto.tcl: Setting watchdog for 200 seconds at Sun Apr 21 04:04:36 UTC 2019
21 ms. Memory: 208384K Free: 196485K (94%)
ptolemy.util.test.WatchDog.cancel(): canceling Sun Apr 21 04:04:36 UTC 2019
auto.tcl: Setting watchdog for 200 seconds at Sun Apr 21 04:04:36 UTC 2019
3 ms. Memory: 208384K Free: 196485K (94%)
ptolemy.util.test.WatchDog.cancel(): canceling Sun Apr 21 04:04:36 UTC 2019
------------------ testing $PTII/ptolemy/domains/de/test/auto/CausalityInterface15.xml
auto.tcl: Setting watchdog for 200 seconds at Sun Apr 21 04:04:36 UTC 2019
7 ms. Memory: 208384K Free: 196443K (94%)
ptolemy.util.test.WatchDog.cancel(): canceling Sun Apr 21 04:04:36 UTC 2019
auto.tcl: Setting watchdog for 200 seconds at Sun Apr 21 04:04:36 UTC 2019
6 ms. Memory: 208384K Free: 196443K (94%)
ptolemy.util.test.WatchDog.cancel(): canceling Sun Apr 21 04:04:36 UTC 2019
------------------ testing $PTII/ptolemy/domains/de/test/auto/CausalityInterface2.xml
auto.tcl: Setting watchdog for 200 seconds at Sun Apr 21 04:04:36 UTC 2019
6 ms. Memory: 208384K Free: 196459K (94%)
ptolemy.util.test.WatchDog.cancel(): canceling Sun Apr 21 04:04:36 UTC 2019
auto.tcl: Setting watchdog for 200 seconds at Sun Apr 21 04:04:36 UTC 2019
3 ms. Memory: 208384K Free: 196459K (94%)
ptolemy.util.test.WatchDog.cancel(): canceling Sun Apr 21 04:04:36 UTC 2019
------------------ testing $PTII/ptolemy/domains/de/test/auto/CausalityInterface3.xml
auto.tcl: Setting watchdog for 200 seconds at Sun Apr 21 04:04:36 UTC 2019
10 ms. Memory: 208384K Free: 196471K (94%)
ptolemy.util.test.WatchDog.cancel(): canceling Sun Apr 21 04:04:36 UTC 2019
auto.tcl: Setting watchdog for 200 seconds at Sun Apr 21 04:04:36 UTC 2019
7 ms. Memory: 208384K Free: 196471K (94%)
ptolemy.util.test.WatchDog.cancel(): canceling Sun Apr 21 04:04:36 UTC 2019
------------------ testing $PTII/ptolemy/domains/de/test/auto/ClockDrift.xml
auto.tcl: Setting watchdog for 200 seconds at Sun Apr 21 04:04:36 UTC 2019
65 ms. Memory: 208384K Free: 187868K (90%)
ptolemy.util.test.WatchDog.cancel(): canceling Sun Apr 21 04:04:36 UTC 2019
auto.tcl: Setting watchdog for 200 seconds at Sun Apr 21 04:04:36 UTC 2019
58 ms. Memory: 208384K Free: 185823K (89%)
ptolemy.util.test.WatchDog.cancel(): canceling Sun Apr 21 04:04:36 UTC 2019
------------------ testing $PTII/ptolemy/domains/de/test/auto/ClockDriftAndValueChange.xml
auto.tcl: Setting watchdog for 200 seconds at Sun Apr 21 04:04:36 UTC 2019
46 ms. Memory: 208384K Free: 189748K (91%)
ptolemy.util.test.WatchDog.cancel(): canceling Sun Apr 21 04:04:36 UTC 2019
auto.tcl: Setting watchdog for 200 seconds at Sun Apr 21 04:04:36 UTC 2019
33 ms. Memory: 208384K Free: 185655K (89%)
ptolemy.util.test.WatchDog.cancel(): canceling Sun Apr 21 04:04:36 UTC 2019
------------------ testing $PTII/ptolemy/domains/de/test/auto/ClockDriftChange.xml
auto.tcl: Setting watchdog for 200 seconds at Sun Apr 21 04:04:36 UTC 2019
31 ms. Memory: 208384K Free: 190970K (92%)
ptolemy.util.test.WatchDog.cancel(): canceling Sun Apr 21 04:04:37 UTC 2019
auto.tcl: Setting watchdog for 200 seconds at Sun Apr 21 04:04:37 UTC 2019
27 ms. Memory: 208384K Free: 188925K (91%)
ptolemy.util.test.WatchDog.cancel(): canceling Sun Apr 21 04:04:37 UTC 2019
------------------ testing $PTII/ptolemy/domains/de/test/auto/ComposableCausalityAnalysis.xml
auto.tcl: Setting watchdog for 200 seconds at Sun Apr 21 04:04:37 UTC 2019
2 ms. Memory: 208384K Free: 196081K (94%)
ptolemy.util.test.WatchDog.cancel(): canceling Sun Apr 21 04:04:37 UTC 2019
auto.tcl: Setting watchdog for 200 seconds at Sun Apr 21 04:04:37 UTC 2019
2 ms. Memory: 208384K Free: 194036K (93%)
ptolemy.util.test.WatchDog.cancel(): canceling Sun Apr 21 04:04:37 UTC 2019
------------------ testing $PTII/ptolemy/domains/de/test/auto/DEFixedPointLimitation.xml
auto.tcl: Setting watchdog for 200 seconds at Sun Apr 21 04:04:37 UTC 2019
1 ms. Memory: 208384K Free: 198003K (95%)
ptolemy.util.test.WatchDog.cancel(): canceling Sun Apr 21 04:04:37 UTC 2019
auto.tcl: Setting watchdog for 200 seconds at Sun Apr 21 04:04:37 UTC 2019
1 ms. Memory: 208384K Free: 195958K (94%)
ptolemy.util.test.WatchDog.cancel(): canceling Sun Apr 21 04:04:37 UTC 2019
------------------ testing $PTII/ptolemy/domains/de/test/auto/DEScheduleTest.xml
auto.tcl: Setting watchdog for 200 seconds at Sun Apr 21 04:04:37 UTC 2019
4 ms. Memory: 208384K Free: 198556K (95%)
ptolemy.util.test.WatchDog.cancel(): canceling Sun Apr 21 04:04:37 UTC 2019
auto.tcl: Setting watchdog for 200 seconds at Sun Apr 21 04:04:37 UTC 2019
6 ms. Memory: 208384K Free: 195992K (94%)
ptolemy.util.test.WatchDog.cancel(): canceling Sun Apr 21 04:04:37 UTC 2019
------------------ testing $PTII/ptolemy/domains/de/test/auto/DEinDEwithStartTimes.xml
auto.tcl: Setting watchdog for 200 seconds at Sun Apr 21 04:04:37 UTC 2019
4 ms. Memory: 208384K Free: 196482K (94%)
ptolemy.util.test.WatchDog.cancel(): canceling Sun Apr 21 04:04:37 UTC 2019
auto.tcl: Setting watchdog for 200 seconds at Sun Apr 21 04:04:37 UTC 2019
4 ms. Memory: 208384K Free: 196482K (94%)
ptolemy.util.test.WatchDog.cancel(): canceling Sun Apr 21 04:04:37 UTC 2019
------------------ testing $PTII/ptolemy/domains/de/test/auto/DEinDEwithStartTimes2.xml
auto.tcl: Setting watchdog for 200 seconds at Sun Apr 21 04:04:37 UTC 2019
6 ms. Memory: 208384K Free: 196462K (94%)
ptolemy.util.test.WatchDog.cancel(): canceling Sun Apr 21 04:04:37 UTC 2019
auto.tcl: Setting watchdog for 200 seconds at Sun Apr 21 04:04:37 UTC 2019
4 ms. Memory: 208384K Free: 193897K (93%)
ptolemy.util.test.WatchDog.cancel(): canceling Sun Apr 21 04:04:37 UTC 2019
------------------ testing $PTII/ptolemy/domains/de/test/auto/DateDemo.xml
auto.tcl: Setting watchdog for 200 seconds at Sun Apr 21 04:04:37 UTC 2019
8 ms. Memory: 208384K Free: 188546K (90%)
ptolemy.util.test.WatchDog.cancel(): canceling Sun Apr 21 04:04:37 UTC 2019
auto.tcl: Setting watchdog for 200 seconds at Sun Apr 21 04:04:37 UTC 2019
11 ms. Memory: 208384K Free: 186501K (89%)
ptolemy.util.test.WatchDog.cancel(): canceling Sun Apr 21 04:04:37 UTC 2019
------------------ testing $PTII/ptolemy/domains/de/test/auto/DateToEvent.xml
auto.tcl: Setting watchdog for 200 seconds at Sun Apr 21 04:04:37 UTC 2019
2010 ms. Memory: 208384K Free: 183410K (88%)
ptolemy.util.test.WatchDog.cancel(): canceling Sun Apr 21 04:04:39 UTC 2019
auto.tcl: Setting watchdog for 200 seconds at Sun Apr 21 04:04:39 UTC 2019
2006 ms. Memory: 208384K Free: 183410K (88%)
ptolemy.util.test.WatchDog.cancel(): canceling Sun Apr 21 04:04:41 UTC 2019
------------------ testing $PTII/ptolemy/domains/de/test/auto/DepthTest1.xml
auto.tcl: Setting watchdog for 200 seconds at Sun Apr 21 04:04:41 UTC 2019
2 ms. Memory: 208384K Free: 195109K (94%)
ptolemy.util.test.WatchDog.cancel(): canceling Sun Apr 21 04:04:41 UTC 2019
auto.tcl: Setting watchdog for 200 seconds at Sun Apr 21 04:04:41 UTC 2019
2 ms. Memory: 208384K Free: 195109K (94%)
ptolemy.util.test.WatchDog.cancel(): canceling Sun Apr 21 04:04:41 UTC 2019
------------------ testing $PTII/ptolemy/domains/de/test/auto/DepthTest2.xml
auto.tcl: Setting watchdog for 200 seconds at Sun Apr 21 04:04:41 UTC 2019
7 ms. Memory: 208384K Free: 193910K (93%)
ptolemy.util.test.WatchDog.cancel(): canceling Sun Apr 21 04:04:41 UTC 2019
auto.tcl: Setting watchdog for 200 seconds at Sun Apr 21 04:04:41 UTC 2019
2 ms. Memory: 208384K Free: 193910K (93%)
ptolemy.util.test.WatchDog.cancel(): canceling Sun Apr 21 04:04:41 UTC 2019
------------------ testing $PTII/ptolemy/domains/de/test/auto/DepthTest3.xml
auto.tcl: Setting watchdog for 200 seconds at Sun Apr 21 04:04:41 UTC 2019
8 ms. Memory: 208384K Free: 197900K (95%)
ptolemy.util.test.WatchDog.cancel(): canceling Sun Apr 21 04:04:41 UTC 2019
auto.tcl: Setting watchdog for 200 seconds at Sun Apr 21 04:04:41 UTC 2019
2 ms. Memory: 208384K Free: 197900K (95%)
ptolemy.util.test.WatchDog.cancel(): canceling Sun Apr 21 04:04:41 UTC 2019
------------------ testing $PTII/ptolemy/domains/de/test/auto/DepthTest4.xml
auto.tcl: Setting watchdog for 200 seconds at Sun Apr 21 04:04:41 UTC 2019
10 ms. Memory: 208384K Free: 195943K (94%)
ptolemy.util.test.WatchDog.cancel(): canceling Sun Apr 21 04:04:42 UTC 2019
auto.tcl: Setting watchdog for 200 seconds at Sun Apr 21 04:04:42 UTC 2019
2 ms. Memory: 208384K Free: 195943K (94%)
ptolemy.util.test.WatchDog.cancel(): canceling Sun Apr 21 04:04:42 UTC 2019
------------------ testing $PTII/ptolemy/domains/de/test/auto/DepthTest5.xml
auto.tcl: Setting watchdog for 200 seconds at Sun Apr 21 04:04:42 UTC 2019
4 ms. Memory: 208384K Free: 195890K (94%)
ptolemy.util.test.WatchDog.cancel(): canceling Sun Apr 21 04:04:42 UTC 2019
auto.tcl: Setting watchdog for 200 seconds at Sun Apr 21 04:04:42 UTC 2019
1 ms. Memory: 208384K Free: 195890K (94%)
ptolemy.util.test.WatchDog.cancel(): canceling Sun Apr 21 04:04:42 UTC 2019
------------------ testing $PTII/ptolemy/domains/de/test/auto/DepthTest6.xml
auto.tcl: Setting watchdog for 200 seconds at Sun Apr 21 04:04:42 UTC 2019
7 ms. Memory: 208384K Free: 196385K (94%)
ptolemy.util.test.WatchDog.cancel(): canceling Sun Apr 21 04:04:42 UTC 2019
auto.tcl: Setting watchdog for 200 seconds at Sun Apr 21 04:04:42 UTC 2019
2 ms. Memory: 208384K Free: 196385K (94%)
ptolemy.util.test.WatchDog.cancel(): canceling Sun Apr 21 04:04:42 UTC 2019
------------------ testing $PTII/ptolemy/domains/de/test/auto/DepthTest7.xml
auto.tcl: Setting watchdog for 200 seconds at Sun Apr 21 04:04:42 UTC 2019
2 ms. Memory: 208384K Free: 195847K (94%)
ptolemy.util.test.WatchDog.cancel(): canceling Sun Apr 21 04:04:42 UTC 2019
auto.tcl: Setting watchdog for 200 seconds at Sun Apr 21 04:04:42 UTC 2019
2 ms. Memory: 208384K Free: 195847K (94%)
ptolemy.util.test.WatchDog.cancel(): canceling Sun Apr 21 04:04:42 UTC 2019
------------------ testing $PTII/ptolemy/domains/de/test/auto/EventToDate.xml
auto.tcl: Setting watchdog for 200 seconds at Sun Apr 21 04:04:42 UTC 2019
3010 ms. Memory: 208384K Free: 187673K (90%)
ptolemy.util.test.WatchDog.cancel(): canceling Sun Apr 21 04:04:45 UTC 2019
auto.tcl: Setting watchdog for 200 seconds at Sun Apr 21 04:04:45 UTC 2019
3004 ms. Memory: 208384K Free: 185628K (89%)
ptolemy.util.test.WatchDog.cancel(): canceling Sun Apr 21 04:04:48 UTC 2019
------------------ testing $PTII/ptolemy/domains/de/test/auto/FSM1.xml
auto.tcl: Setting watchdog for 200 seconds at Sun Apr 21 04:04:48 UTC 2019
24 ms. Memory: 208384K Free: 189010K (91%)
ptolemy.util.test.WatchDog.cancel(): canceling Sun Apr 21 04:04:48 UTC 2019
auto.tcl: Setting watchdog for 200 seconds at Sun Apr 21 04:04:48 UTC 2019
26 ms. Memory: 208384K Free: 184920K (89%)
ptolemy.util.test.WatchDog.cancel(): canceling Sun Apr 21 04:04:48 UTC 2019
------------------ testing $PTII/ptolemy/domains/de/test/auto/FSM7.xml
auto.tcl: Setting watchdog for 200 seconds at Sun Apr 21 04:04:48 UTC 2019
18 ms. Memory: 208384K Free: 189214K (91%)
ptolemy.util.test.WatchDog.cancel(): canceling Sun Apr 21 04:04:48 UTC 2019
auto.tcl: Setting watchdog for 200 seconds at Sun Apr 21 04:04:48 UTC 2019
13 ms. Memory: 208384K Free: 185123K (89%)
ptolemy.util.test.WatchDog.cancel(): canceling Sun Apr 21 04:04:48 UTC 2019
------------------ testing $PTII/ptolemy/domains/de/test/auto/Inspection.xml
auto.tcl: Setting watchdog for 200 seconds at Sun Apr 21 04:04:48 UTC 2019
34 ms. Memory: 208384K Free: 188374K (90%)
ptolemy.util.test.WatchDog.cancel(): canceling Sun Apr 21 04:04:48 UTC 2019
auto.tcl: Setting watchdog for 200 seconds at Sun Apr 21 04:04:48 UTC 2019
32 ms. Memory: 208384K Free: 186329K (89%)
ptolemy.util.test.WatchDog.cancel(): canceling Sun Apr 21 04:04:48 UTC 2019
------------------ testing $PTII/ptolemy/domains/de/test/auto/Iteration.xml
auto.tcl: Setting watchdog for 200 seconds at Sun Apr 21 04:04:48 UTC 2019
9 ms. Memory: 208384K Free: 195654K (94%)
ptolemy.util.test.WatchDog.cancel(): canceling Sun Apr 21 04:04:48 UTC 2019
auto.tcl: Setting watchdog for 200 seconds at Sun Apr 21 04:04:48 UTC 2019
7 ms. Memory: 208384K Free: 193609K (93%)
ptolemy.util.test.WatchDog.cancel(): canceling Sun Apr 21 04:04:48 UTC 2019
------------------ testing $PTII/ptolemy/domains/de/test/auto/LineFault.xml
auto.tcl: Setting watchdog for 200 seconds at Sun Apr 21 04:04:48 UTC 2019
586 ms. Memory: 208384K Free: 199393K (96%)
ptolemy.util.test.WatchDog.cancel(): canceling Sun Apr 21 04:04:49 UTC 2019
auto.tcl: Setting watchdog for 200 seconds at Sun Apr 21 04:04:49 UTC 2019
497 ms. Memory: 208384K Free: 143635K (69%)
ptolemy.util.test.WatchDog.cancel(): canceling Sun Apr 21 04:04:50 UTC 2019
------------------ testing $PTII/ptolemy/domains/de/test/auto/MergeModel1Add.xml
auto.tcl: Setting watchdog for 200 seconds at Sun Apr 21 04:04:50 UTC 2019
26 ms. Memory: 331264K Free: 300298K (91%)
ptolemy.util.test.WatchDog.cancel(): canceling Sun Apr 21 04:04:50 UTC 2019
auto.tcl: Setting watchdog for 200 seconds at Sun Apr 21 04:04:50 UTC 2019
13 ms. Memory: 331264K Free: 300298K (91%)
ptolemy.util.test.WatchDog.cancel(): canceling Sun Apr 21 04:04:50 UTC 2019
------------------ testing $PTII/ptolemy/domains/de/test/auto/MergeModel2Add.xml
auto.tcl: Setting watchdog for 200 seconds at Sun Apr 21 04:04:50 UTC 2019
9 ms. Memory: 331264K Free: 305195K (92%)
ptolemy.util.test.WatchDog.cancel(): canceling Sun Apr 21 04:04:50 UTC 2019
auto.tcl: Setting watchdog for 200 seconds at Sun Apr 21 04:04:50 UTC 2019
10 ms. Memory: 331264K Free: 301605K (91%)
ptolemy.util.test.WatchDog.cancel(): canceling Sun Apr 21 04:04:50 UTC 2019
------------------ testing $PTII/ptolemy/domains/de/test/auto/MergeModel3Add.xml
auto.tcl: Setting watchdog for 200 seconds at Sun Apr 21 04:04:50 UTC 2019
8 ms. Memory: 331264K Free: 305237K (92%)
ptolemy.util.test.WatchDog.cancel(): canceling Sun Apr 21 04:04:50 UTC 2019
auto.tcl: Setting watchdog for 200 seconds at Sun Apr 21 04:04:50 UTC 2019
8 ms. Memory: 331264K Free: 301647K (91%)
ptolemy.util.test.WatchDog.cancel(): canceling Sun Apr 21 04:04:50 UTC 2019
------------------ testing $PTII/ptolemy/domains/de/test/auto/MergeWithoutDiscard.xml
auto.tcl: Setting watchdog for 200 seconds at Sun Apr 21 04:04:50 UTC 2019
6 ms. Memory: 331264K Free: 316640K (96%)
ptolemy.util.test.WatchDog.cancel(): canceling Sun Apr 21 04:04:50 UTC 2019
auto.tcl: Setting watchdog for 200 seconds at Sun Apr 21 04:04:50 UTC 2019
1 ms. Memory: 331264K Free: 316640K (96%)
ptolemy.util.test.WatchDog.cancel(): canceling Sun Apr 21 04:04:50 UTC 2019
------------------ testing $PTII/ptolemy/domains/de/test/auto/Modal1.xml
auto.tcl: Setting watchdog for 200 seconds at Sun Apr 21 04:04:50 UTC 2019
20 ms. Memory: 331264K Free: 310223K (94%)
ptolemy.util.test.WatchDog.cancel(): canceling Sun Apr 21 04:04:50 UTC 2019
auto.tcl: Setting watchdog for 200 seconds at Sun Apr 21 04:04:50 UTC 2019
19 ms. Memory: 331264K Free: 306633K (93%)
ptolemy.util.test.WatchDog.cancel(): canceling Sun Apr 21 04:04:50 UTC 2019
------------------ testing $PTII/ptolemy/domains/de/test/auto/Modal2.xml
auto.tcl: Setting watchdog for 200 seconds at Sun Apr 21 04:04:51 UTC 2019
10 ms. Memory: 331264K Free: 305166K (92%)
ptolemy.util.test.WatchDog.cancel(): canceling Sun Apr 21 04:04:51 UTC 2019
auto.tcl: Setting watchdog for 200 seconds at Sun Apr 21 04:04:51 UTC 2019
11 ms. Memory: 331264K Free: 301584K (91%)
ptolemy.util.test.WatchDog.cancel(): canceling Sun Apr 21 04:04:51 UTC 2019
------------------ testing $PTII/ptolemy/domains/de/test/auto/Modal3.xml
auto.tcl: Setting watchdog for 200 seconds at Sun Apr 21 04:04:51 UTC 2019
9 ms. Memory: 331264K Free: 310755K (94%)
ptolemy.util.test.WatchDog.cancel(): canceling Sun Apr 21 04:04:51 UTC 2019
auto.tcl: Setting watchdog for 200 seconds at Sun Apr 21 04:04:51 UTC 2019
10 ms. Memory: 331264K Free: 306498K (93%)
ptolemy.util.test.WatchDog.cancel(): canceling Sun Apr 21 04:04:51 UTC 2019
------------------ testing $PTII/ptolemy/domains/de/test/auto/Modal4.xml
auto.tcl: Setting watchdog for 200 seconds at Sun Apr 21 04:04:51 UTC 2019
23 ms. Memory: 331264K Free: 310094K (94%)
ptolemy.util.test.WatchDog.cancel(): canceling Sun Apr 21 04:04:51 UTC 2019
auto.tcl: Setting watchdog for 200 seconds at Sun Apr 21 04:04:51 UTC 2019
22 ms. Memory: 331264K Free: 306520K (93%)
ptolemy.util.test.WatchDog.cancel(): canceling Sun Apr 21 04:04:51 UTC 2019
------------------ testing $PTII/ptolemy/domains/de/test/auto/Modal5.xml
auto.tcl: Setting watchdog for 200 seconds at Sun Apr 21 04:04:51 UTC 2019
19 ms. Memory: 331264K Free: 310080K (94%)
ptolemy.util.test.WatchDog.cancel(): canceling Sun Apr 21 04:04:51 UTC 2019
auto.tcl: Setting watchdog for 200 seconds at Sun Apr 21 04:04:51 UTC 2019
14 ms. Memory: 331264K Free: 306506K (93%)
ptolemy.util.test.WatchDog.cancel(): canceling Sun Apr 21 04:04:51 UTC 2019
------------------ testing $PTII/ptolemy/domains/de/test/auto/Modal6.xml
auto.tcl: Setting watchdog for 200 seconds at Sun Apr 21 04:04:51 UTC 2019
11 ms. Memory: 331264K Free: 310093K (94%)
ptolemy.util.test.WatchDog.cancel(): canceling Sun Apr 21 04:04:51 UTC 2019
auto.tcl: Setting watchdog for 200 seconds at Sun Apr 21 04:04:51 UTC 2019
12 ms. Memory: 331264K Free: 306503K (93%)
ptolemy.util.test.WatchDog.cancel(): canceling Sun Apr 21 04:04:51 UTC 2019
------------------ testing $PTII/ptolemy/domains/de/test/auto/Modal7.xml
auto.tcl: Setting watchdog for 200 seconds at Sun Apr 21 04:04:51 UTC 2019
9 ms. Memory: 331264K Free: 306496K (93%)
ptolemy.util.test.WatchDog.cancel(): canceling Sun Apr 21 04:04:51 UTC 2019
auto.tcl: Setting watchdog for 200 seconds at Sun Apr 21 04:04:51 UTC 2019
9 ms. Memory: 331264K Free: 302906K (91%)
ptolemy.util.test.WatchDog.cancel(): canceling Sun Apr 21 04:04:51 UTC 2019
------------------ testing $PTII/ptolemy/domains/de/test/auto/ModalModel.xml
auto.tcl: Setting watchdog for 200 seconds at Sun Apr 21 04:04:51 UTC 2019
164 ms. Memory: 331264K Free: 249986K (75%)
ptolemy.util.test.WatchDog.cancel(): canceling Sun Apr 21 04:04:51 UTC 2019
auto.tcl: Setting watchdog for 200 seconds at Sun Apr 21 04:04:51 UTC 2019
168 ms. Memory: 331264K Free: 192650K (58%)
ptolemy.util.test.WatchDog.cancel(): canceling Sun Apr 21 04:04:51 UTC 2019
------------------ testing $PTII/ptolemy/domains/de/test/auto/ModalSource.xml
auto.tcl: Setting watchdog for 200 seconds at Sun Apr 21 04:04:52 UTC 2019
8 ms. Memory: 331264K Free: 316802K (96%)
ptolemy.util.test.WatchDog.cancel(): canceling Sun Apr 21 04:04:52 UTC 2019
auto.tcl: Setting watchdog for 200 seconds at Sun Apr 21 04:04:52 UTC 2019
8 ms. Memory: 331264K Free: 313497K (95%)
ptolemy.util.test.WatchDog.cancel(): canceling Sun Apr 21 04:04:52 UTC 2019
------------------ testing $PTII/ptolemy/domains/de/test/auto/NonInterruptibleTimerZeroDelay.xml
auto.tcl: Setting watchdog for 200 seconds at Sun Apr 21 04:04:52 UTC 2019
4 ms. Memory: 331264K Free: 320744K (97%)
ptolemy.util.test.WatchDog.cancel(): canceling Sun Apr 21 04:04:52 UTC 2019
auto.tcl: Setting watchdog for 200 seconds at Sun Apr 21 04:04:52 UTC 2019
2 ms. Memory: 331264K Free: 317447K (96%)
ptolemy.util.test.WatchDog.cancel(): canceling Sun Apr 21 04:04:52 UTC 2019
------------------ testing $PTII/ptolemy/domains/de/test/auto/OpenQueueingNetwork.xml
auto.tcl: Setting watchdog for 200 seconds at Sun Apr 21 04:04:52 UTC 2019
2665 ms. Memory: 573952K Free: 418539K (73%)
ptolemy.util.test.WatchDog.cancel(): canceling Sun Apr 21 04:04:54 UTC 2019
auto.tcl: Setting watchdog for 200 seconds at Sun Apr 21 04:04:54 UTC 2019
2251 ms. Memory: 550912K Free: 318774K (58%)
ptolemy.util.test.WatchDog.cancel(): canceling Sun Apr 21 04:04:57 UTC 2019
------------------ testing $PTII/ptolemy/domains/de/test/auto/OpenQueuingNetwork.xml
auto.tcl: Setting watchdog for 200 seconds at Sun Apr 21 04:04:57 UTC 2019
225 ms. Memory: 549888K Free: 445873K (81%)
ptolemy.util.test.WatchDog.cancel(): canceling Sun Apr 21 04:04:57 UTC 2019
auto.tcl: Setting watchdog for 200 seconds at Sun Apr 21 04:04:57 UTC 2019
223 ms. Memory: 549888K Free: 388191K (71%)
ptolemy.util.test.WatchDog.cancel(): canceling Sun Apr 21 04:04:57 UTC 2019
------------------ testing $PTII/ptolemy/domains/de/test/auto/PeriodicSampler.xml
auto.tcl: Setting watchdog for 200 seconds at Sun Apr 21 04:04:57 UTC 2019
3 ms. Memory: 551936K Free: 536626K (97%)
ptolemy.util.test.WatchDog.cancel(): canceling Sun Apr 21 04:04:57 UTC 2019
auto.tcl: Setting watchdog for 200 seconds at Sun Apr 21 04:04:57 UTC 2019
2 ms. Memory: 551936K Free: 536626K (97%)
ptolemy.util.test.WatchDog.cancel(): canceling Sun Apr 21 04:04:57 UTC 2019
------------------ testing $PTII/ptolemy/domains/de/test/auto/PersistentIO.xml
auto.tcl: Setting watchdog for 200 seconds at Sun Apr 21 04:04:57 UTC 2019
9 ms. Memory: 549376K Free: 524727K (96%)
ptolemy.util.test.WatchDog.cancel(): canceling Sun Apr 21 04:04:58 UTC 2019
auto.tcl: Setting watchdog for 200 seconds at Sun Apr 21 04:04:58 UTC 2019
4 ms. Memory: 549376K Free: 524727K (96%)
ptolemy.util.test.WatchDog.cancel(): canceling Sun Apr 21 04:04:58 UTC 2019
------------------ testing $PTII/ptolemy/domains/de/test/auto/PortParameterResetOnInitialize.xml
auto.tcl: Setting watchdog for 200 seconds at Sun Apr 21 04:04:58 UTC 2019
2 ms. Memory: 551424K Free: 536033K (97%)
ptolemy.util.test.WatchDog.cancel(): canceling Sun Apr 21 04:04:58 UTC 2019
auto.tcl: Setting watchdog for 200 seconds at Sun Apr 21 04:04:58 UTC 2019
2 ms. Memory: 551424K Free: 536033K (97%)
ptolemy.util.test.WatchDog.cancel(): canceling Sun Apr 21 04:04:58 UTC 2019
------------------ testing $PTII/ptolemy/domains/de/test/auto/PortParameterUpdates.xml
auto.tcl: Setting watchdog for 200 seconds at Sun Apr 21 04:04:58 UTC 2019
8 ms. Memory: 549376K Free: 534661K (97%)
ptolemy.util.test.WatchDog.cancel(): canceling Sun Apr 21 04:04:58 UTC 2019
auto.tcl: Setting watchdog for 200 seconds at Sun Apr 21 04:04:58 UTC 2019
3 ms. Memory: 549376K Free: 529402K (96%)
ptolemy.util.test.WatchDog.cancel(): canceling Sun Apr 21 04:04:58 UTC 2019
------------------ testing $PTII/ptolemy/domains/de/test/auto/QueueAndServer.xml
auto.tcl: Setting watchdog for 200 seconds at Sun Apr 21 04:04:58 UTC 2019
15 ms. Memory: 551424K Free: 526190K (95%)
ptolemy.util.test.WatchDog.cancel(): canceling Sun Apr 21 04:04:58 UTC 2019
auto.tcl: Setting watchdog for 200 seconds at Sun Apr 21 04:04:58 UTC 2019
6 ms. Memory: 551424K Free: 526190K (95%)
ptolemy.util.test.WatchDog.cancel(): canceling Sun Apr 21 04:04:58 UTC 2019
------------------ testing $PTII/ptolemy/domains/de/test/auto/Records.xml
auto.tcl: Setting watchdog for 200 seconds at Sun Apr 21 04:04:58 UTC 2019
8 ms. Memory: 549376K Free: 534023K (97%)
ptolemy.util.test.WatchDog.cancel(): canceling Sun Apr 21 04:04:58 UTC 2019
auto.tcl: Setting watchdog for 200 seconds at Sun Apr 21 04:04:58 UTC 2019
2 ms. Memory: 549376K Free: 528779K (96%)
ptolemy.util.test.WatchDog.cancel(): canceling Sun Apr 21 04:04:58 UTC 2019
------------------ testing $PTII/ptolemy/domains/de/test/auto/ResetTransitionWithStartTime1.xml
auto.tcl: Setting watchdog for 200 seconds at Sun Apr 21 04:04:58 UTC 2019
21 ms. Memory: 551424K Free: 530836K (96%)
ptolemy.util.test.WatchDog.cancel(): canceling Sun Apr 21 04:04:58 UTC 2019
auto.tcl: Setting watchdog for 200 seconds at Sun Apr 21 04:04:58 UTC 2019
4 ms. Memory: 551424K Free: 530836K (96%)
ptolemy.util.test.WatchDog.cancel(): canceling Sun Apr 21 04:04:58 UTC 2019
------------------ testing $PTII/ptolemy/domains/de/test/auto/ResetTransitionWithStartTime2.xml
auto.tcl: Setting watchdog for 200 seconds at Sun Apr 21 04:04:58 UTC 2019
9 ms. Memory: 549376K Free: 529322K (96%)
ptolemy.util.test.WatchDog.cancel(): canceling Sun Apr 21 04:04:58 UTC 2019
auto.tcl: Setting watchdog for 200 seconds at Sun Apr 21 04:04:58 UTC 2019
5 ms. Memory: 549376K Free: 529322K (96%)
ptolemy.util.test.WatchDog.cancel(): canceling Sun Apr 21 04:04:58 UTC 2019
------------------ testing $PTII/ptolemy/domains/de/test/auto/ResetTransitionWithStartTime3.xml
auto.tcl: Setting watchdog for 200 seconds at Sun Apr 21 04:04:58 UTC 2019
7 ms. Memory: 550912K Free: 530314K (96%)
ptolemy.util.test.WatchDog.cancel(): canceling Sun Apr 21 04:04:58 UTC 2019
auto.tcl: Setting watchdog for 200 seconds at Sun Apr 21 04:04:58 UTC 2019
7 ms. Memory: 550912K Free: 530314K (96%)
ptolemy.util.test.WatchDog.cancel(): canceling Sun Apr 21 04:04:58 UTC 2019
------------------ testing $PTII/ptolemy/domains/de/test/auto/ResetTransitionWithStartTime4.xml
auto.tcl: Setting watchdog for 200 seconds at Sun Apr 21 04:04:58 UTC 2019
4 ms. Memory: 549376K Free: 528793K (96%)
ptolemy.util.test.WatchDog.cancel(): canceling Sun Apr 21 04:04:58 UTC 2019
auto.tcl: Setting watchdog for 200 seconds at Sun Apr 21 04:04:58 UTC 2019
3 ms. Memory: 549376K Free: 528793K (96%)
ptolemy.util.test.WatchDog.cancel(): canceling Sun Apr 21 04:04:58 UTC 2019
------------------ testing $PTII/ptolemy/domains/de/test/auto/ResettableTimer1.xml
auto.tcl: Setting watchdog for 200 seconds at Sun Apr 21 04:04:58 UTC 2019
2 ms. Memory: 550912K Free: 535568K (97%)
ptolemy.util.test.WatchDog.cancel(): canceling Sun Apr 21 04:04:58 UTC 2019
auto.tcl: Setting watchdog for 200 seconds at Sun Apr 21 04:04:58 UTC 2019
3 ms. Memory: 550912K Free: 535568K (97%)
ptolemy.util.test.WatchDog.cancel(): canceling Sun Apr 21 04:04:58 UTC 2019
------------------ testing $PTII/ptolemy/domains/de/test/auto/ResettableTimer2.xml
auto.tcl: Setting watchdog for 200 seconds at Sun Apr 21 04:04:58 UTC 2019
4 ms. Memory: 549376K Free: 534633K (97%)
ptolemy.util.test.WatchDog.cancel(): canceling Sun Apr 21 04:04:58 UTC 2019
auto.tcl: Setting watchdog for 200 seconds at Sun Apr 21 04:04:58 UTC 2019
2 ms. Memory: 549376K Free: 534633K (97%)
ptolemy.util.test.WatchDog.cancel(): canceling Sun Apr 21 04:04:58 UTC 2019
------------------ testing $PTII/ptolemy/domains/de/test/auto/ResettableTimer3.xml
auto.tcl: Setting watchdog for 200 seconds at Sun Apr 21 04:04:58 UTC 2019
1 ms. Memory: 550912K Free: 535625K (97%)
ptolemy.util.test.WatchDog.cancel(): canceling Sun Apr 21 04:04:58 UTC 2019
auto.tcl: Setting watchdog for 200 seconds at Sun Apr 21 04:04:58 UTC 2019
1 ms. Memory: 550912K Free: 535625K (97%)
ptolemy.util.test.WatchDog.cancel(): canceling Sun Apr 21 04:04:58 UTC 2019
------------------ testing $PTII/ptolemy/domains/de/test/auto/ResettableTimer4.xml
auto.tcl: Setting watchdog for 200 seconds at Sun Apr 21 04:04:58 UTC 2019
1 ms. Memory: 549376K Free: 534645K (97%)
ptolemy.util.test.WatchDog.cancel(): canceling Sun Apr 21 04:04:58 UTC 2019
auto.tcl: Setting watchdog for 200 seconds at Sun Apr 21 04:04:58 UTC 2019
2 ms. Memory: 549376K Free: 534645K (97%)
ptolemy.util.test.WatchDog.cancel(): canceling Sun Apr 21 04:04:58 UTC 2019
------------------ testing $PTII/ptolemy/domains/de/test/auto/ResettableTimer5.xml
auto.tcl: Setting watchdog for 200 seconds at Sun Apr 21 04:04:58 UTC 2019
1 ms. Memory: 550400K Free: 530988K (96%)
ptolemy.util.test.WatchDog.cancel(): canceling Sun Apr 21 04:04:58 UTC 2019
auto.tcl: Setting watchdog for 200 seconds at Sun Apr 21 04:04:58 UTC 2019
1 ms. Memory: 550400K Free: 530988K (96%)
ptolemy.util.test.WatchDog.cancel(): canceling Sun Apr 21 04:04:58 UTC 2019
------------------ testing $PTII/ptolemy/domains/de/test/auto/ResettableTimer6.xml
auto.tcl: Setting watchdog for 200 seconds at Sun Apr 21 04:04:58 UTC 2019
1 ms. Memory: 549376K Free: 529370K (96%)
ptolemy.util.test.WatchDog.cancel(): canceling Sun Apr 21 04:04:58 UTC 2019
auto.tcl: Setting watchdog for 200 seconds at Sun Apr 21 04:04:58 UTC 2019
1 ms. Memory: 549376K Free: 529370K (96%)
ptolemy.util.test.WatchDog.cancel(): canceling Sun Apr 21 04:04:58 UTC 2019
------------------ testing $PTII/ptolemy/domains/de/test/auto/ServerZeroDelay.xml
auto.tcl: Setting watchdog for 200 seconds at Sun Apr 21 04:04:59 UTC 2019
4 ms. Memory: 550400K Free: 535607K (97%)
ptolemy.util.test.WatchDog.cancel(): canceling Sun Apr 21 04:04:59 UTC 2019
auto.tcl: Setting watchdog for 200 seconds at Sun Apr 21 04:04:59 UTC 2019
2 ms. Memory: 550400K Free: 535607K (97%)
ptolemy.util.test.WatchDog.cancel(): canceling Sun Apr 21 04:04:59 UTC 2019
------------------ testing $PTII/ptolemy/domains/de/test/auto/SmartSender.xml
auto.tcl: Setting watchdog for 200 seconds at Sun Apr 21 04:04:59 UTC 2019
3002 ms. Memory: 549376K Free: 529899K (96%)
ptolemy.util.test.WatchDog.cancel(): canceling Sun Apr 21 04:05:02 UTC 2019
auto.tcl: Setting watchdog for 200 seconds at Sun Apr 21 04:05:02 UTC 2019
3002 ms. Memory: 549376K Free: 529899K (96%)
ptolemy.util.test.WatchDog.cancel(): canceling Sun Apr 21 04:05:05 UTC 2019
------------------ testing $PTII/ptolemy/domains/de/test/auto/ThreadedComposite.xml
auto.tcl: Setting watchdog for 200 seconds at Sun Apr 21 04:05:05 UTC 2019
237 ms. Memory: 550400K Free: 510531K (93%)
ptolemy.util.test.WatchDog.cancel(): canceling Sun Apr 21 04:05:05 UTC 2019
auto.tcl: Setting watchdog for 200 seconds at Sun Apr 21 04:05:05 UTC 2019
143 ms. Memory: 550400K Free: 495927K (90%)
ptolemy.util.test.WatchDog.cancel(): canceling Sun Apr 21 04:05:05 UTC 2019
------------------ testing $PTII/ptolemy/domains/de/test/auto/Time.xml
auto.tcl: Setting watchdog for 200 seconds at Sun Apr 21 04:05:05 UTC 2019
485 ms. Memory: 549376K Free: 482285K (88%)
ptolemy.util.test.WatchDog.cancel(): canceling Sun Apr 21 04:05:06 UTC 2019
auto.tcl: Setting watchdog for 200 seconds at Sun Apr 21 04:05:06 UTC 2019
473 ms. Memory: 549376K Free: 424602K (77%)
ptolemy.util.test.WatchDog.cancel(): canceling Sun Apr 21 04:05:06 UTC 2019
------------------ testing $PTII/ptolemy/domains/de/test/auto/TimeDelayZeroDelay.xml
auto.tcl: Setting watchdog for 200 seconds at Sun Apr 21 04:05:06 UTC 2019
3 ms. Memory: 550400K Free: 534983K (97%)
ptolemy.util.test.WatchDog.cancel(): canceling Sun Apr 21 04:05:06 UTC 2019
auto.tcl: Setting watchdog for 200 seconds at Sun Apr 21 04:05:06 UTC 2019
2 ms. Memory: 550400K Free: 534983K (97%)
ptolemy.util.test.WatchDog.cancel(): canceling Sun Apr 21 04:05:06 UTC 2019
------------------ testing $PTII/ptolemy/domains/de/test/auto/TimerZeroDelay.xml
auto.tcl: Setting watchdog for 200 seconds at Sun Apr 21 04:05:06 UTC 2019
2 ms. Memory: 549376K Free: 534546K (97%)
ptolemy.util.test.WatchDog.cancel(): canceling Sun Apr 21 04:05:06 UTC 2019
auto.tcl: Setting watchdog for 200 seconds at Sun Apr 21 04:05:06 UTC 2019
2 ms. Memory: 549376K Free: 534546K (97%)
ptolemy.util.test.WatchDog.cancel(): canceling Sun Apr 21 04:05:06 UTC 2019
------------------ testing $PTII/ptolemy/domains/de/test/auto/TimingParadox.xml
auto.tcl: Setting watchdog for 200 seconds at Sun Apr 21 04:05:06 UTC 2019
388 ms. Memory: 549888K Free: 470270K (86%)
ptolemy.util.test.WatchDog.cancel(): canceling Sun Apr 21 04:05:07 UTC 2019
auto.tcl: Setting watchdog for 200 seconds at Sun Apr 21 04:05:07 UTC 2019
309 ms. Memory: 549888K Free: 433563K (79%)
ptolemy.util.test.WatchDog.cancel(): canceling Sun Apr 21 04:05:07 UTC 2019
------------------ testing $PTII/ptolemy/domains/de/test/auto/TransferInputs.xml
auto.tcl: Setting watchdog for 200 seconds at Sun Apr 21 04:05:07 UTC 2019
2 ms. Memory: 549888K Free: 534020K (97%)
ptolemy.util.test.WatchDog.cancel(): canceling Sun Apr 21 04:05:07 UTC 2019
auto.tcl: Setting watchdog for 200 seconds at Sun Apr 21 04:05:07 UTC 2019
1 ms. Memory: 549888K Free: 534020K (97%)
ptolemy.util.test.WatchDog.cancel(): canceling Sun Apr 21 04:05:07 UTC 2019
------------------ testing $PTII/ptolemy/domains/de/test/auto/TransferOutputs2.xml
auto.tcl: Setting watchdog for 200 seconds at Sun Apr 21 04:05:07 UTC 2019
2 ms. Memory: 549376K Free: 524677K (96%)
ptolemy.util.test.WatchDog.cancel(): canceling Sun Apr 21 04:05:07 UTC 2019
auto.tcl: Setting watchdog for 200 seconds at Sun Apr 21 04:05:07 UTC 2019
3 ms. Memory: 549376K Free: 524677K (96%)
ptolemy.util.test.WatchDog.cancel(): canceling Sun Apr 21 04:05:07 UTC 2019
------------------ testing $PTII/ptolemy/domains/de/test/auto/Trilateration.xml
auto.tcl: Setting watchdog for 200 seconds at Sun Apr 21 04:05:07 UTC 2019
14475 ms. Memory: 766976K Free: 248802K (32%)
ptolemy.util.test.WatchDog.cancel(): canceling Sun Apr 21 04:05:23 UTC 2019
auto.tcl: Setting watchdog for 200 seconds at Sun Apr 21 04:05:23 UTC 2019
11514 ms. Memory: 646144K Free: 100773K (16%)
ptolemy.util.test.WatchDog.cancel(): canceling Sun Apr 21 04:05:34 UTC 2019
------------------ testing $PTII/ptolemy/domains/de/test/auto/TwoSigmaDelta.xml
auto.tcl: Setting watchdog for 200 seconds at Sun Apr 21 04:05:34 UTC 2019
2611 ms. Memory: 649728K Free: 363763K (56%)
ptolemy.util.test.WatchDog.cancel(): canceling Sun Apr 21 04:05:37 UTC 2019
auto.tcl: Setting watchdog for 200 seconds at Sun Apr 21 04:05:37 UTC 2019
1981 ms. Memory: 649728K Free: 128461K (20%)
ptolemy.util.test.WatchDog.cancel(): canceling Sun Apr 21 04:05:39 UTC 2019
------------------ testing $PTII/ptolemy/domains/de/test/auto/VariableDelay.xml
auto.tcl: Setting watchdog for 200 seconds at Sun Apr 21 04:05:39 UTC 2019
5 ms. Memory: 646656K Free: 626977K (97%)
ptolemy.util.test.WatchDog.cancel(): canceling Sun Apr 21 04:05:39 UTC 2019
auto.tcl: Setting watchdog for 200 seconds at Sun Apr 21 04:05:39 UTC 2019
2 ms. Memory: 646656K Free: 626977K (97%)
ptolemy.util.test.WatchDog.cancel(): canceling Sun Apr 21 04:05:39 UTC 2019
------------------ testing $PTII/ptolemy/domains/de/test/auto/VariableDelay2.xml
auto.tcl: Setting watchdog for 200 seconds at Sun Apr 21 04:05:39 UTC 2019
3 ms. Memory: 646144K Free: 626954K (97%)
ptolemy.util.test.WatchDog.cancel(): canceling Sun Apr 21 04:05:39 UTC 2019
auto.tcl: Setting watchdog for 200 seconds at Sun Apr 21 04:05:39 UTC 2019
3 ms. Memory: 646144K Free: 626954K (97%)
ptolemy.util.test.WatchDog.cancel(): canceling Sun Apr 21 04:05:39 UTC 2019
------------------ testing $PTII/ptolemy/domains/de/test/auto/VariableDelayZeroDelay.xml
auto.tcl: Setting watchdog for 200 seconds at Sun Apr 21 04:05:39 UTC 2019
2 ms. Memory: 646144K Free: 621306K (96%)
ptolemy.util.test.WatchDog.cancel(): canceling Sun Apr 21 04:05:39 UTC 2019
auto.tcl: Setting watchdog for 200 seconds at Sun Apr 21 04:05:39 UTC 2019
2 ms. Memory: 646144K Free: 621306K (96%)
ptolemy.util.test.WatchDog.cancel(): canceling Sun Apr 21 04:05:39 UTC 2019
------------------ testing $PTII/ptolemy/domains/de/test/auto/VariableDelayZeroDelay2.xml
auto.tcl: Setting watchdog for 200 seconds at Sun Apr 21 04:05:39 UTC 2019
2 ms. Memory: 649216K Free: 624374K (96%)
ptolemy.util.test.WatchDog.cancel(): canceling Sun Apr 21 04:05:39 UTC 2019
auto.tcl: Setting watchdog for 200 seconds at Sun Apr 21 04:05:39 UTC 2019
2 ms. Memory: 649216K Free: 624374K (96%)
ptolemy.util.test.WatchDog.cancel(): canceling Sun Apr 21 04:05:39 UTC 2019
------------------ testing $PTII/ptolemy/domains/de/test/auto/deInCt.xml
auto.tcl: Setting watchdog for 200 seconds at Sun Apr 21 04:05:39 UTC 2019
0
1
1
1
1
1
0
0
0
1
1
0
0
0
0
1
1
1
1
0
0
0
0
0
1
1
0
0
0
1
1
1
9 ms. Memory: 646144K Free: 621299K (96%)
ptolemy.util.test.WatchDog.cancel(): canceling Sun Apr 21 04:05:39 UTC 2019
auto.tcl: Setting watchdog for 200 seconds at Sun Apr 21 04:05:39 UTC 2019
0
1
1
1
0
0
0
1
1
1
0
0
0
0
1
1
1
0
0
0
1
1
1
0
0
0
1
1
1
0
0
0
1
1
1
0
0
0
1
1
1
1
1
0
0
0
0
11 ms. Memory: 646144K Free: 621299K (96%)
ptolemy.util.test.WatchDog.cancel(): canceling Sun Apr 21 04:05:39 UTC 2019
------------------ testing $PTII/ptolemy/domains/de/test/auto/deInCt2.xml
auto.tcl: Setting watchdog for 200 seconds at Sun Apr 21 04:05:39 UTC 2019
0
1
1
1
0
0
1
1
1
0
0
1
1
1
0
0
1
1
1
0
0
1
1
1
0
0
1
1
1
0
0
1
1
1
0
0
1
1
1
0
0
0
10 ms. Memory: 648704K Free: 623859K (96%)
ptolemy.util.test.WatchDog.cancel(): canceling Sun Apr 21 04:05:39 UTC 2019
auto.tcl: Setting watchdog for 200 seconds at Sun Apr 21 04:05:39 UTC 2019
0
1
1
1
0
0
1
1
1
0
0
1
1
1
0
0
1
1
1
0
0
1
1
1
0
0
1
1
1
0
0
1
1
1
0
0
1
1
1
0
0
0
7 ms. Memory: 648704K Free: 623859K (96%)
ptolemy.util.test.WatchDog.cancel(): canceling Sun Apr 21 04:05:39 UTC 2019
------------------ testing $PTII/ptolemy/domains/de/test/auto/dynamicCausalityInterface1.xml
auto.tcl: Setting watchdog for 200 seconds at Sun Apr 21 04:05:39 UTC 2019
2 ms. Memory: 646144K Free: 612704K (95%)
ptolemy.util.test.WatchDog.cancel(): canceling Sun Apr 21 04:05:39 UTC 2019
auto.tcl: Setting watchdog for 200 seconds at Sun Apr 21 04:05:39 UTC 2019
1 ms. Memory: 646144K Free: 612704K (95%)
ptolemy.util.test.WatchDog.cancel(): canceling Sun Apr 21 04:05:39 UTC 2019
------------------ testing $PTII/ptolemy/domains/de/test/auto/fsm_de_test.xml
auto.tcl: Setting watchdog for 200 seconds at Sun Apr 21 04:05:39 UTC 2019
6 ms. Memory: 648192K Free: 623237K (96%)
ptolemy.util.test.WatchDog.cancel(): canceling Sun Apr 21 04:05:39 UTC 2019
auto.tcl: Setting watchdog for 200 seconds at Sun Apr 21 04:05:39 UTC 2019
5 ms. Memory: 648192K Free: 614663K (95%)
ptolemy.util.test.WatchDog.cancel(): canceling Sun Apr 21 04:05:39 UTC 2019
------------------ testing $PTII/ptolemy/domains/de/test/auto/functionDependencyReconstruction.xml
auto.tcl: Setting watchdog for 200 seconds at Sun Apr 21 04:05:40 UTC 2019
3 ms. Memory: 646144K Free: 612605K (95%)
ptolemy.util.test.WatchDog.cancel(): canceling Sun Apr 21 04:05:40 UTC 2019
auto.tcl: Setting watchdog for 200 seconds at Sun Apr 21 04:05:40 UTC 2019
3 ms. Memory: 646144K Free: 612605K (95%)
ptolemy.util.test.WatchDog.cancel(): canceling Sun Apr 21 04:05:40 UTC 2019
------------------ testing $PTII/ptolemy/domains/de/test/auto/multirate.xml
auto.tcl: Setting watchdog for 200 seconds at Sun Apr 21 04:05:40 UTC 2019
3 ms. Memory: 648192K Free: 623104K (96%)
ptolemy.util.test.WatchDog.cancel(): canceling Sun Apr 21 04:05:40 UTC 2019
auto.tcl: Setting watchdog for 200 seconds at Sun Apr 21 04:05:40 UTC 2019
3 ms. Memory: 648192K Free: 623104K (96%)
ptolemy.util.test.WatchDog.cancel(): canceling Sun Apr 21 04:05:40 UTC 2019
------------------ testing $PTII/ptolemy/domains/de/test/auto/multirate2.xml
auto.tcl: Setting watchdog for 200 seconds at Sun Apr 21 04:05:40 UTC 2019
2 ms. Memory: 646144K Free: 621244K (96%)
ptolemy.util.test.WatchDog.cancel(): canceling Sun Apr 21 04:05:40 UTC 2019
auto.tcl: Setting watchdog for 200 seconds at Sun Apr 21 04:05:40 UTC 2019
3 ms. Memory: 646144K Free: 621244K (96%)
ptolemy.util.test.WatchDog.cancel(): canceling Sun Apr 21 04:05:40 UTC 2019
------------------ testing $PTII/ptolemy/domains/de/test/auto/realtime.xml
auto.tcl: Setting watchdog for 200 seconds at Sun Apr 21 04:05:40 UTC 2019
10002 ms. Memory: 647680K Free: 622702K (96%)
ptolemy.util.test.WatchDog.cancel(): canceling Sun Apr 21 04:05:50 UTC 2019
auto.tcl: Setting watchdog for 200 seconds at Sun Apr 21 04:05:50 UTC 2019
10001 ms. Memory: 647680K Free: 622702K (96%)
ptolemy.util.test.WatchDog.cancel(): canceling Sun Apr 21 04:06:00 UTC 2019
------------------ testing $PTII/ptolemy/domains/de/test/auto/relationGroup.xml
auto.tcl: Setting watchdog for 200 seconds at Sun Apr 21 04:06:00 UTC 2019
1 ms. Memory: 646144K Free: 621267K (96%)
ptolemy.util.test.WatchDog.cancel(): canceling Sun Apr 21 04:06:00 UTC 2019
auto.tcl: Setting watchdog for 200 seconds at Sun Apr 21 04:06:00 UTC 2019
2 ms. Memory: 646144K Free: 621267K (96%)
ptolemy.util.test.WatchDog.cancel(): canceling Sun Apr 21 04:06:00 UTC 2019
------------------ testing $PTII/ptolemy/domains/de/test/auto/relationGroup2.xml
auto.tcl: Setting watchdog for 200 seconds at Sun Apr 21 04:06:00 UTC 2019
1 ms. Memory: 647680K Free: 622829K (96%)
ptolemy.util.test.WatchDog.cancel(): canceling Sun Apr 21 04:06:00 UTC 2019
auto.tcl: Setting watchdog for 200 seconds at Sun Apr 21 04:06:00 UTC 2019
2 ms. Memory: 647680K Free: 622829K (96%)
ptolemy.util.test.WatchDog.cancel(): canceling Sun Apr 21 04:06:00 UTC 2019
------------------ testing $PTII/ptolemy/domains/de/test/auto/sortWithOpaquePorts.xml
auto.tcl: Setting watchdog for 200 seconds at Sun Apr 21 04:06:00 UTC 2019
7 ms. Memory: 646144K Free: 621295K (96%)
ptolemy.util.test.WatchDog.cancel(): canceling Sun Apr 21 04:06:00 UTC 2019
auto.tcl: Setting watchdog for 200 seconds at Sun Apr 21 04:06:00 UTC 2019
1 ms. Memory: 646144K Free: 621295K (96%)
ptolemy.util.test.WatchDog.cancel(): canceling Sun Apr 21 04:06:00 UTC 2019
------------------ testing $PTII/ptolemy/domains/de/test/auto/transferInputsandOutputs.xml
auto.tcl: Setting watchdog for 200 seconds at Sun Apr 21 04:06:00 UTC 2019
1 ms. Memory: 647168K Free: 622306K (96%)
ptolemy.util.test.WatchDog.cancel(): canceling Sun Apr 21 04:06:00 UTC 2019
auto.tcl: Setting watchdog for 200 seconds at Sun Apr 21 04:06:00 UTC 2019
2 ms. Memory: 647168K Free: 622306K (96%)
ptolemy.util.test.WatchDog.cancel(): canceling Sun Apr 21 04:06:00 UTC 2019
------------------ testing $PTII/ptolemy/domains/de/test/auto/triggerType.xml
auto.tcl: Setting watchdog for 200 seconds at Sun Apr 21 04:06:00 UTC 2019
1 ms. Memory: 646144K Free: 621231K (96%)
ptolemy.util.test.WatchDog.cancel(): canceling Sun Apr 21 04:06:00 UTC 2019
auto.tcl: Setting watchdog for 200 seconds at Sun Apr 21 04:06:00 UTC 2019
0 ms. Memory: 646144K Free: 621231K (96%)
ptolemy.util.test.WatchDog.cancel(): canceling Sun Apr 21 04:06:00 UTC 2019
04/21/19 04:06:00
Failed: 0  Total Tests: 192  ((Passed: 187, Newly Passed: 1)  Known Failed: 5) /home/travis/build/icyphy/ptII/ptolemy/domains/de/test
04/21/19 04:06:00
Failed: 0  Total Tests: 192  ((Passed: 187, Newly Passed: 1)  Known Failed: 5) /home/travis/build/icyphy/ptII/ptolemy/domains/de/test
----------------- testing (KnownFailure) /home/travis/build/icyphy/ptII/ptolemy/domains/de/test/auto/knownFailedTests/DESDFClockTest.xml
2007 ms. Memory: 647168K Free: 610938K (94%)
Known Failure: java.lang.reflect.InvocationTargetException
----------------- testing (KnownFailure) /home/travis/build/icyphy/ptII/ptolemy/domains/de/test/auto/knownFailedTests/DirectFeedback.xml
1 ms. Memory: 647168K Free: 565759K (87%)
Known Failure: java.lang.reflect.InvocationTargetException
----------------- testing (KnownFailure) /home/travis/build/icyphy/ptII/ptolemy/domains/de/test/auto/knownFailedTests/FSMSource.xml
4 ms. Memory: 647168K Free: 520580K (80%)
----------------- testing (KnownFailure) /home/travis/build/icyphy/ptII/ptolemy/domains/de/test/auto/knownFailedTests/HierarchicalModel.xml
1 ms. Memory: 647168K Free: 486679K (75%)
Known Failure: java.lang.reflect.InvocationTargetException
----------------- testing (KnownFailure) /home/travis/build/icyphy/ptII/ptolemy/domains/de/test/auto/knownFailedTests/dependencyLoop.xml
2 ms. Memory: 647168K Free: 430189K (66%)
Known Failure: java.lang.reflect.InvocationTargetException
----------------- testing (KnownFailure) /home/travis/build/icyphy/ptII/ptolemy/domains/de/test/auto/knownFailedTests/dependencyLoop2.xml
2 ms. Memory: 647168K Free: 373716K (58%)
Known Failure: java.lang.reflect.InvocationTargetException
No auto/linux-amd64/*.xml tests in /home/travis/build/icyphy/ptII/ptolemy/domains/de/test
AutoTests.java: About to close Vertx.
AutoTests.java: Vertx closed.

===========================================================================================
----------------- testing Sun Apr 21 04:06:02 UTC 2019 /home/travis/build/icyphy/ptII/ptolemy/domains/de/test/auto/ActorDepthCalculation_actorWithoutPorts.xml
----------------- Instantiating /home/travis/build/icyphy/ptII/ptolemy/domains/de/test/auto/ActorDepthCalculation_actorWithoutPorts.xml
1 ms. Memory: 647168K Free: 317242K (49%)
----------------- Invoking toplevel() on ptolemy.moml.MoMLSimpleApplication@371d42b2
----------------- Done invoking toplevel() on ptolemy.moml.MoMLSimpleApplication@371d42b2
reloadAllAccessors: .ActorDepthCalculation_actorWithoutPorts

===========================================================================================
----------------- testing Sun Apr 21 04:06:02 UTC 2019 /home/travis/build/icyphy/ptII/ptolemy/domains/de/test/auto/AssemblyLine.xml
----------------- Instantiating /home/travis/build/icyphy/ptII/ptolemy/domains/de/test/auto/AssemblyLine.xml
1 ms. Memory: 647168K Free: 294652K (46%)
----------------- Invoking toplevel() on ptolemy.moml.MoMLSimpleApplication@41f7040c
----------------- Done invoking toplevel() on ptolemy.moml.MoMLSimpleApplication@41f7040c
reloadAllAccessors: .AssemblyLine

===========================================================================================
----------------- testing Sun Apr 21 04:06:02 UTC 2019 /home/travis/build/icyphy/ptII/ptolemy/domains/de/test/auto/CQBug1.xml
----------------- Instantiating /home/travis/build/icyphy/ptII/ptolemy/domains/de/test/auto/CQBug1.xml
0 ms. Memory: 647168K Free: 272063K (42%)
----------------- Invoking toplevel() on ptolemy.moml.MoMLSimpleApplication@3b403f0e
----------------- Done invoking toplevel() on ptolemy.moml.MoMLSimpleApplication@3b403f0e
reloadAllAccessors: .CQBug1

===========================================================================================
----------------- testing Sun Apr 21 04:06:02 UTC 2019 /home/travis/build/icyphy/ptII/ptolemy/domains/de/test/auto/CancelFireAt.xml
----------------- Instantiating /home/travis/build/icyphy/ptII/ptolemy/domains/de/test/auto/CancelFireAt.xml
1 ms. Memory: 647168K Free: 249473K (39%)
----------------- Invoking toplevel() on ptolemy.moml.MoMLSimpleApplication@1c56426f
----------------- Done invoking toplevel() on ptolemy.moml.MoMLSimpleApplication@1c56426f
reloadAllAccessors: .CancelFireAt

===========================================================================================
----------------- testing Sun Apr 21 04:06:02 UTC 2019 /home/travis/build/icyphy/ptII/ptolemy/domains/de/test/auto/CausalityAndComposabilityAnalysis.xml
----------------- Instantiating /home/travis/build/icyphy/ptII/ptolemy/domains/de/test/auto/CausalityAndComposabilityAnalysis.xml
2 ms. Memory: 647168K Free: 226884K (35%)
----------------- Invoking toplevel() on ptolemy.moml.MoMLSimpleApplication@479ce5d5
----------------- Done invoking toplevel() on ptolemy.moml.MoMLSimpleApplication@479ce5d5
reloadAllAccessors: .CausalityAndComposabilityAnalysis

===========================================================================================
----------------- testing Sun Apr 21 04:06:02 UTC 2019 /home/travis/build/icyphy/ptII/ptolemy/domains/de/test/auto/CausalityInterface1.xml
----------------- Instantiating /home/travis/build/icyphy/ptII/ptolemy/domains/de/test/auto/CausalityInterface1.xml
3 ms. Memory: 647168K Free: 204294K (32%)
----------------- Invoking toplevel() on ptolemy.moml.MoMLSimpleApplication@3ee4f0fe
----------------- Done invoking toplevel() on ptolemy.moml.MoMLSimpleApplication@3ee4f0fe
reloadAllAccessors: .CausalityInterface1

===========================================================================================
----------------- testing Sun Apr 21 04:06:02 UTC 2019 /home/travis/build/icyphy/ptII/ptolemy/domains/de/test/auto/CausalityInterface15.xml
----------------- Instantiating /home/travis/build/icyphy/ptII/ptolemy/domains/de/test/auto/CausalityInterface15.xml
2 ms. Memory: 647168K Free: 181705K (28%)
----------------- Invoking toplevel() on ptolemy.moml.MoMLSimpleApplication@5a66c95
----------------- Done invoking toplevel() on ptolemy.moml.MoMLSimpleApplication@5a66c95
reloadAllAccessors: .CausalityInterface15

[...]
java.lang.RuntimeException: Execution failed
	at ptolemy.moml.MoMLSimpleApplication$UnloadThread.run(MoMLSimpleApplication.java:402)
Caused by: ptolemy.kernel.util.IllegalActionException: Test fails in iteration 1.
Value was: 1.0. Should have been: 2.0
  in .DirectFeedback.Test
	at ptolemy.actor.lib.Test.fire(Test.java:268)
	at ptolemy.domains.de.kernel.DEDirector._fire(DEDirector.java:1949)
	at ptolemy.domains.de.kernel.DEDirector.fire(DEDirector.java:502)
	at ptolemy.actor.CompositeActor.fire(CompositeActor.java:455)
	at ptolemy.actor.Manager.iterate(Manager.java:851)
	at ptolemy.actor.Manager.execute(Manager.java:369)
	at ptolemy.actor.Manager.run(Manager.java:1263)
	at ptolemy.actor.Manager$PtolemyRunThread.run(Manager.java:1915)
java.lang.RuntimeException: Execution failed
	at ptolemy.moml.MoMLSimpleApplication$UnloadThread.run(MoMLSimpleApplication.java:402)
Caused by: ptolemy.kernel.util.IllegalActionException: Actor is not ready to fire.  Perhaps UpSample.prefire() returned false? Try debugging the actor by selecting "Listen to Actor".  Also, for SDF check moml for tokenConsumptionRate on input.
  in .DESDFClockTest.Play Bell.Copy1:SDF Director and .DESDFClockTest.Play Bell.UpSample
	at ptolemy.actor.sched.StaticSchedulingDirector.fire(StaticSchedulingDirector.java:227)
	at ptolemy.domains.sdf.kernel.SDFDirector.fire(SDFDirector.java:500)
	at ptolemy.actor.CompositeActor.fire(CompositeActor.java:455)
	at ptolemy.domains.de.kernel.DEDirector._fire(DEDirector.java:1949)
	at ptolemy.domains.de.kernel.DEDirector.fire(DEDirector.java:502)
	at ptolemy.actor.CompositeActor.fire(CompositeActor.java:455)
	at ptolemy.actor.Manager.iterate(Manager.java:851)
	at ptolemy.actor.Manager.execute(Manager.java:369)
	at ptolemy.actor.Manager.run(Manager.java:1263)
	at ptolemy.actor.Manager$PtolemyRunThread.run(Manager.java:1915)
java.lang.reflect.InvocationTargetException
	at sun.reflect.NativeConstructorAccessorImpl.newInstance0(Native Method)
	at sun.reflect.NativeConstructorAccessorImpl.newInstance(NativeConstructorAccessorImpl.java:62)
	at sun.reflect.DelegatingConstructorAccessorImpl.newInstance(DelegatingConstructorAccessorImpl.java:45)
	at java.lang.reflect.Constructor.newInstance(Constructor.java:423)
	at ptolemy.util.test.junit.AutoKnownFailedTests.RunModel(AutoKnownFailedTests.java:105)
	at sun.reflect.NativeMethodAccessorImpl.invoke0(Native Method)
	at sun.reflect.NativeMethodAccessorImpl.invoke(NativeMethodAccessorImpl.java:62)
	at sun.reflect.DelegatingMethodAccessorImpl.invoke(DelegatingMethodAccessorImpl.java:43)
	at java.lang.reflect.Method.invoke(Method.java:498)
	at org.junit.runners.model.FrameworkMethod$1.runReflectiveCall(FrameworkMethod.java:44)
	at org.junit.internal.runners.model.ReflectiveCallable.run(ReflectiveCallable.java:15)
	at org.junit.runners.model.FrameworkMethod.invokeExplosively(FrameworkMethod.java:41)
	at junitparams.internal.InvokeParameterisedMethod.evaluate(InvokeParameterisedMethod.java:102)
	at org.junit.internal.runners.statements.FailOnTimeout$1.run(FailOnTimeout.java:28)
Caused by: ptolemy.kernel.util.IllegalActionException: Actor is not ready to fire.  Perhaps UpSample.prefire() returned false? Try debugging the actor by selecting "Listen to Actor".  Also, for SDF check moml for tokenConsumptionRate on input.
  in .DESDFClockTest.Play Bell.Copy1:SDF Director and .DESDFClockTest.Play Bell.UpSample
	at ptolemy.actor.sched.StaticSchedulingDirector.fire(StaticSchedulingDirector.java:227)
	at ptolemy.domains.sdf.kernel.SDFDirector.fire(SDFDirector.java:500)
	at ptolemy.actor.CompositeActor.fire(CompositeActor.java:455)
	at ptolemy.domains.de.kernel.DEDirector._fire(DEDirector.java:1949)
	at ptolemy.domains.de.kernel.DEDirector.fire(DEDirector.java:502)
	at ptolemy.actor.CompositeActor.fire(CompositeActor.java:455)
	at ptolemy.actor.Manager.iterate(Manager.java:851)
	at ptolemy.actor.Manager.execute(Manager.java:369)
	at ptolemy.actor.Manager.run(Manager.java:1263)
	at ptolemy.actor.Manager$PtolemyRunThread.run(Manager.java:1915)
java.lang.RuntimeException: Execution failed
	at ptolemy.moml.MoMLSimpleApplication$UnloadThread.run(MoMLSimpleApplication.java:402)
Caused by: ptolemy.kernel.util.IllegalActionException: Test fails in iteration 1.
Value was: 1.0. Should have been: 2.0
  in .DirectFeedback.Test
	at ptolemy.actor.lib.Test.fire(Test.java:268)
	at ptolemy.domains.de.kernel.DEDirector._fire(DEDirector.java:1949)
	at ptolemy.domains.de.kernel.DEDirector.fire(DEDirector.java:502)
	at ptolemy.actor.CompositeActor.fire(CompositeActor.java:455)
	at ptolemy.actor.Manager.iterate(Manager.java:851)
	at ptolemy.actor.Manager.execute(Manager.java:369)
	at ptolemy.actor.Manager.run(Manager.java:1263)
	at ptolemy.actor.Manager$PtolemyRunThread.run(Manager.java:1915)
java.lang.reflect.InvocationTargetException
	at sun.reflect.NativeConstructorAccessorImpl.newInstance0(Native Method)
	at sun.reflect.NativeConstructorAccessorImpl.newInstance(NativeConstructorAccessorImpl.java:62)
	at sun.reflect.DelegatingConstructorAccessorImpl.newInstance(DelegatingConstructorAccessorImpl.java:45)
	at java.lang.reflect.Constructor.newInstance(Constructor.java:423)
	at ptolemy.util.test.junit.AutoKnownFailedTests.RunModel(AutoKnownFailedTests.java:105)
	at sun.reflect.NativeMethodAccessorImpl.invoke0(Native Method)
	at sun.reflect.NativeMethodAccessorImpl.invoke(NativeMethodAccessorImpl.java:62)
	at sun.reflect.DelegatingMethodAccessorImpl.invoke(DelegatingMethodAccessorImpl.java:43)
	at java.lang.reflect.Method.invoke(Method.java:498)
	at org.junit.runners.model.FrameworkMethod$1.runReflectiveCall(FrameworkMethod.java:44)
	at org.junit.internal.runners.model.ReflectiveCallable.run(ReflectiveCallable.java:15)
	at org.junit.runners.model.FrameworkMethod.invokeExplosively(FrameworkMethod.java:41)
	at junitparams.internal.InvokeParameterisedMethod.evaluate(InvokeParameterisedMethod.java:102)
	at org.junit.internal.runners.statements.FailOnTimeout$1.run(FailOnTimeout.java:28)
Caused by: ptolemy.kernel.util.IllegalActionException: Test fails in iteration 1.
Value was: 1.0. Should have been: 2.0
  in .DirectFeedback.Test
	at ptolemy.actor.lib.Test.fire(Test.java:268)
	at ptolemy.domains.de.kernel.DEDirector._fire(DEDirector.java:1949)
	at ptolemy.domains.de.kernel.DEDirector.fire(DEDirector.java:502)
	at ptolemy.actor.CompositeActor.fire(CompositeActor.java:455)
	at ptolemy.actor.Manager.iterate(Manager.java:851)
	at ptolemy.actor.Manager.execute(Manager.java:369)
	at ptolemy.actor.Manager.run(Manager.java:1263)
	at ptolemy.actor.Manager$PtolemyRunThread.run(Manager.java:1915)
java.lang.RuntimeException: Execution failed
	at ptolemy.moml.MoMLSimpleApplication$UnloadThread.run(MoMLSimpleApplication.java:402)
Caused by: ptolemy.kernel.util.IllegalActionException: Found a zero delay loop containing .HierarchicalModel.A
  in .HierarchicalModel and .HierarchicalModel.A
	at ptolemy.actor.util.CausalityInterfaceForComposites._computeOutputPortDepth(CausalityInterfaceForComposites.java:759)
	at ptolemy.actor.util.CausalityInterfaceForComposites._computeInputDepth(CausalityInterfaceForComposites.java:696)
	at ptolemy.actor.util.CausalityInterfaceForComposites._computeOutputPortDepth(CausalityInterfaceForComposites.java:765)
	at ptolemy.actor.util.CausalityInterfaceForComposites._computeInputDepth(CausalityInterfaceForComposites.java:696)
	at ptolemy.actor.util.CausalityInterfaceForComposites._computeOutputPortDepth(CausalityInterfaceForComposites.java:765)
	at ptolemy.actor.util.CausalityInterfaceForComposites._computeInputDepth(CausalityInterfaceForComposites.java:696)
	at ptolemy.actor.util.CausalityInterfaceForComposites._computeActorDepth(CausalityInterfaceForComposites.java:532)
	at ptolemy.actor.util.CausalityInterfaceForComposites.checkForCycles(CausalityInterfaceForComposites.java:96)
	at ptolemy.domains.de.kernel.DEDirector.preinitialize(DEDirector.java:1338)
	at ptolemy.actor.CompositeActor.preinitialize(CompositeActor.java:1828)
	at ptolemy.actor.Manager.preinitializeAndResolveTypes(Manager.java:1040)
	at ptolemy.actor.Manager.initialize(Manager.java:710)
	at ptolemy.actor.Manager.execute(Manager.java:356)
	at ptolemy.actor.Manager.run(Manager.java:1263)
	at ptolemy.actor.Manager$PtolemyRunThread.run(Manager.java:1915)
java.lang.reflect.InvocationTargetException
	at sun.reflect.NativeConstructorAccessorImpl.newInstance0(Native Method)
	at sun.reflect.NativeConstructorAccessorImpl.newInstance(NativeConstructorAccessorImpl.java:62)
	at sun.reflect.DelegatingConstructorAccessorImpl.newInstance(DelegatingConstructorAccessorImpl.java:45)
	at java.lang.reflect.Constructor.newInstance(Constructor.java:423)
	at ptolemy.util.test.junit.AutoKnownFailedTests.RunModel(AutoKnownFailedTests.java:105)
	at sun.reflect.NativeMethodAccessorImpl.invoke0(Native Method)
	at sun.reflect.NativeMethodAccessorImpl.invoke(NativeMethodAccessorImpl.java:62)
	at sun.reflect.DelegatingMethodAccessorImpl.invoke(DelegatingMethodAccessorImpl.java:43)
	at java.lang.reflect.Method.invoke(Method.java:498)
	at org.junit.runners.model.FrameworkMethod$1.runReflectiveCall(FrameworkMethod.java:44)
	at org.junit.internal.runners.model.ReflectiveCallable.run(ReflectiveCallable.java:15)
	at org.junit.runners.model.FrameworkMethod.invokeExplosively(FrameworkMethod.java:41)
	at junitparams.internal.InvokeParameterisedMethod.evaluate(InvokeParameterisedMethod.java:102)
	at org.junit.internal.runners.statements.FailOnTimeout$1.run(FailOnTimeout.java:28)
Caused by: ptolemy.kernel.util.IllegalActionException: Found a zero delay loop containing .HierarchicalModel.A
  in .HierarchicalModel and .HierarchicalModel.A
	at ptolemy.actor.util.CausalityInterfaceForComposites._computeOutputPortDepth(CausalityInterfaceForComposites.java:759)
	at ptolemy.actor.util.CausalityInterfaceForComposites._computeInputDepth(CausalityInterfaceForComposites.java:696)
	at ptolemy.actor.util.CausalityInterfaceForComposites._computeOutputPortDepth(CausalityInterfaceForComposites.java:765)
	at ptolemy.actor.util.CausalityInterfaceForComposites._computeInputDepth(CausalityInterfaceForComposites.java:696)
	at ptolemy.actor.util.CausalityInterfaceForComposites._computeOutputPortDepth(CausalityInterfaceForComposites.java:765)
	at ptolemy.actor.util.CausalityInterfaceForComposites._computeInputDepth(CausalityInterfaceForComposites.java:696)
	at ptolemy.actor.util.CausalityInterfaceForComposites._computeActorDepth(CausalityInterfaceForComposites.java:532)
	at ptolemy.actor.util.CausalityInterfaceForComposites.checkForCycles(CausalityInterfaceForComposites.java:96)
	at ptolemy.domains.de.kernel.DEDirector.preinitialize(DEDirector.java:1338)
	at ptolemy.actor.CompositeActor.preinitialize(CompositeActor.java:1828)
	at ptolemy.actor.Manager.preinitializeAndResolveTypes(Manager.java:1040)
	at ptolemy.actor.Manager.initialize(Manager.java:710)
	at ptolemy.actor.Manager.execute(Manager.java:356)
	at ptolemy.actor.Manager.run(Manager.java:1263)
	at ptolemy.actor.Manager$PtolemyRunThread.run(Manager.java:1915)
java.lang.RuntimeException: Execution failed
	at ptolemy.moml.MoMLSimpleApplication$UnloadThread.run(MoMLSimpleApplication.java:402)
Caused by: ptolemy.kernel.util.IllegalActionException: Found a zero delay loop containing .dependencyLoop.original
  in .dependencyLoop and .dependencyLoop.original
	at ptolemy.actor.util.CausalityInterfaceForComposites._computeOutputPortDepth(CausalityInterfaceForComposites.java:759)
	at ptolemy.actor.util.CausalityInterfaceForComposites._computeInputDepth(CausalityInterfaceForComposites.java:696)
	at ptolemy.actor.util.CausalityInterfaceForComposites._computeOutputPortDepth(CausalityInterfaceForComposites.java:765)
	at ptolemy.actor.util.CausalityInterfaceForComposites._computeInputDepth(CausalityInterfaceForComposites.java:696)
	at ptolemy.actor.util.CausalityInterfaceForComposites._computeOutputPortDepth(CausalityInterfaceForComposites.java:765)
	at ptolemy.actor.util.CausalityInterfaceForComposites._computeInputDepth(CausalityInterfaceForComposites.java:696)
	at ptolemy.actor.util.CausalityInterfaceForComposites._computeActorDepth(CausalityInterfaceForComposites.java:532)
	at ptolemy.actor.util.CausalityInterfaceForComposites.checkForCycles(CausalityInterfaceForComposites.java:96)
	at ptolemy.domains.de.kernel.DEDirector.preinitialize(DEDirector.java:1338)
	at ptolemy.actor.CompositeActor.preinitialize(CompositeActor.java:1828)
	at ptolemy.actor.Manager.preinitializeAndResolveTypes(Manager.java:1040)
	at ptolemy.actor.Manager.initialize(Manager.java:710)
	at ptolemy.actor.Manager.execute(Manager.java:356)
	at ptolemy.actor.Manager.run(Manager.java:1263)
	at ptolemy.actor.Manager$PtolemyRunThread.run(Manager.java:1915)
java.lang.reflect.InvocationTargetException
	at sun.reflect.NativeConstructorAccessorImpl.newInstance0(Native Method)
	at sun.reflect.NativeConstructorAccessorImpl.newInstance(NativeConstructorAccessorImpl.java:62)
	at sun.reflect.DelegatingConstructorAccessorImpl.newInstance(DelegatingConstructorAccessorImpl.java:45)
	at java.lang.reflect.Constructor.newInstance(Constructor.java:423)
	at ptolemy.util.test.junit.AutoKnownFailedTests.RunModel(AutoKnownFailedTests.java:105)
	at sun.reflect.NativeMethodAccessorImpl.invoke0(Native Method)
	at sun.reflect.NativeMethodAccessorImpl.invoke(NativeMethodAccessorImpl.java:62)
	at sun.reflect.DelegatingMethodAccessorImpl.invoke(DelegatingMethodAccessorImpl.java:43)
	at java.lang.reflect.Method.invoke(Method.java:498)
	at org.junit.runners.model.FrameworkMethod$1.runReflectiveCall(FrameworkMethod.java:44)
	at org.junit.internal.runners.model.ReflectiveCallable.run(ReflectiveCallable.java:15)
	at org.junit.runners.model.FrameworkMethod.invokeExplosively(FrameworkMethod.java:41)
	at junitparams.internal.InvokeParameterisedMethod.evaluate(InvokeParameterisedMethod.java:102)
	at org.junit.internal.runners.statements.FailOnTimeout$1.run(FailOnTimeout.java:28)
Caused by: ptolemy.kernel.util.IllegalActionException: Found a zero delay loop containing .dependencyLoop.original
  in .dependencyLoop and .dependencyLoop.original
	at ptolemy.actor.util.CausalityInterfaceForComposites._computeOutputPortDepth(CausalityInterfaceForComposites.java:759)
	at ptolemy.actor.util.CausalityInterfaceForComposites._computeInputDepth(CausalityInterfaceForComposites.java:696)
	at ptolemy.actor.util.CausalityInterfaceForComposites._computeOutputPortDepth(CausalityInterfaceForComposites.java:765)
	at ptolemy.actor.util.CausalityInterfaceForComposites._computeInputDepth(CausalityInterfaceForComposites.java:696)
	at ptolemy.actor.util.CausalityInterfaceForComposites._computeOutputPortDepth(CausalityInterfaceForComposites.java:765)
	at ptolemy.actor.util.CausalityInterfaceForComposites._computeInputDepth(CausalityInterfaceForComposites.java:696)
	at ptolemy.actor.util.CausalityInterfaceForComposites._computeActorDepth(CausalityInterfaceForComposites.java:532)
	at ptolemy.actor.util.CausalityInterfaceForComposites.checkForCycles(CausalityInterfaceForComposites.java:96)
	at ptolemy.domains.de.kernel.DEDirector.preinitialize(DEDirector.java:1338)
	at ptolemy.actor.CompositeActor.preinitialize(CompositeActor.java:1828)
	at ptolemy.actor.Manager.preinitializeAndResolveTypes(Manager.java:1040)
	at ptolemy.actor.Manager.initialize(Manager.java:710)
	at ptolemy.actor.Manager.execute(Manager.java:356)
	at ptolemy.actor.Manager.run(Manager.java:1263)
	at ptolemy.actor.Manager$PtolemyRunThread.run(Manager.java:1915)
java.lang.RuntimeException: Execution failed
	at ptolemy.moml.MoMLSimpleApplication$UnloadThread.run(MoMLSimpleApplication.java:402)
Caused by: ptolemy.kernel.util.IllegalActionException: Found a zero delay loop containing .dependencyLoop2.original
  in .dependencyLoop2 and .dependencyLoop2.original
	at ptolemy.actor.util.CausalityInterfaceForComposites._computeOutputPortDepth(CausalityInterfaceForComposites.java:759)
	at ptolemy.actor.util.CausalityInterfaceForComposites._computeInputDepth(CausalityInterfaceForComposites.java:696)
	at ptolemy.actor.util.CausalityInterfaceForComposites._computeOutputPortDepth(CausalityInterfaceForComposites.java:765)
	at ptolemy.actor.util.CausalityInterfaceForComposites._computeInputDepth(CausalityInterfaceForComposites.java:696)
	at ptolemy.actor.util.CausalityInterfaceForComposites._computeOutputPortDepth(CausalityInterfaceForComposites.java:765)
	at ptolemy.actor.util.CausalityInterfaceForComposites._computeInputDepth(CausalityInterfaceForComposites.java:696)
	at ptolemy.actor.util.CausalityInterfaceForComposites._computeActorDepth(CausalityInterfaceForComposites.java:532)
	at ptolemy.actor.util.CausalityInterfaceForComposites.checkForCycles(CausalityInterfaceForComposites.java:96)
	at ptolemy.domains.de.kernel.DEDirector.preinitialize(DEDirector.java:1338)
	at ptolemy.actor.CompositeActor.preinitialize(CompositeActor.java:1828)
	at ptolemy.actor.Manager.preinitializeAndResolveTypes(Manager.java:1040)
	at ptolemy.actor.Manager.initialize(Manager.java:710)
	at ptolemy.actor.Manager.execute(Manager.java:356)
	at ptolemy.actor.Manager.run(Manager.java:1263)
	at ptolemy.actor.Manager$PtolemyRunThread.run(Manager.java:1915)
java.lang.reflect.InvocationTargetException
	at sun.reflect.NativeConstructorAccessorImpl.newInstance0(Native Method)
	at sun.reflect.NativeConstructorAccessorImpl.newInstance(NativeConstructorAccessorImpl.java:62)
	at sun.reflect.DelegatingConstructorAccessorImpl.newInstance(DelegatingConstructorAccessorImpl.java:45)
	at java.lang.reflect.Constructor.newInstance(Constructor.java:423)
	at ptolemy.util.test.junit.AutoKnownFailedTests.RunModel(AutoKnownFailedTests.java:105)
	at sun.reflect.NativeMethodAccessorImpl.invoke0(Native Method)
	at sun.reflect.NativeMethodAccessorImpl.invoke(NativeMethodAccessorImpl.java:62)
	at sun.reflect.DelegatingMethodAccessorImpl.invoke(DelegatingMethodAccessorImpl.java:43)
	at java.lang.reflect.Method.invoke(Method.java:498)
	at org.junit.runners.model.FrameworkMethod$1.runReflectiveCall(FrameworkMethod.java:44)
	at org.junit.internal.runners.model.ReflectiveCallable.run(ReflectiveCallable.java:15)
	at org.junit.runners.model.FrameworkMethod.invokeExplosively(FrameworkMethod.java:41)
	at junitparams.internal.InvokeParameterisedMethod.evaluate(InvokeParameterisedMethod.java:102)
	at org.junit.internal.runners.statements.FailOnTimeout$1.run(FailOnTimeout.java:28)
Caused by: ptolemy.kernel.util.IllegalActionException: Found a zero delay loop containing .dependencyLoop2.original
  in .dependencyLoop2 and .dependencyLoop2.original
	at ptolemy.actor.util.CausalityInterfaceForComposites._computeOutputPortDepth(CausalityInterfaceForComposites.java:759)
	at ptolemy.actor.util.CausalityInterfaceForComposites._computeInputDepth(CausalityInterfaceForComposites.java:696)
	at ptolemy.actor.util.CausalityInterfaceForComposites._computeOutputPortDepth(CausalityInterfaceForComposites.java:765)
	at ptolemy.actor.util.CausalityInterfaceForComposites._computeInputDepth(CausalityInterfaceForComposites.java:696)
	at ptolemy.actor.util.CausalityInterfaceForComposites._computeOutputPortDepth(CausalityInterfaceForComposites.java:765)
	at ptolemy.actor.util.CausalityInterfaceForComposites._computeInputDepth(CausalityInterfaceForComposites.java:696)
	at ptolemy.actor.util.CausalityInterfaceForComposites._computeActorDepth(CausalityInterfaceForComposites.java:532)
	at ptolemy.actor.util.CausalityInterfaceForComposites.checkForCycles(CausalityInterfaceForComposites.java:96)
	at ptolemy.domains.de.kernel.DEDirector.preinitialize(DEDirector.java:1338)
	at ptolemy.actor.CompositeActor.preinitialize(CompositeActor.java:1828)
	at ptolemy.actor.Manager.preinitializeAndResolveTypes(Manager.java:1040)
	at ptolemy.actor.Manager.initialize(Manager.java:710)
	at ptolemy.actor.Manager.execute(Manager.java:356)
	at ptolemy.actor.Manager.run(Manager.java:1263)
	at ptolemy.actor.Manager$PtolemyRunThread.run(Manager.java:1915)
]]></system-err>
</testsuite>
