<?xml version="1.0" encoding="UTF-8" ?>
<testsuite errors="0" failures="0" hostname="travis-job-1ea5594b-ebc0-4ce4-8e7a-e4ee84233c68" name="ptolemy.domains.sdf.lib.test.junit.JUnitTclTest" skipped="0" tests="82" time="10.159" timestamp="2019-08-07T05:37:03">
  <properties>
[...]
</properties>
  <testcase classname="ptolemy.util.test.junit.TclTests" name="[0] /home/travis/build/icyphy/ptII/ptolemy/domains/sdf/lib/test/ArrayToSequence.tcl (RunTclFile)" time="0.687" />
  <testcase classname="ptolemy.util.test.junit.TclTests" name="[1] /home/travis/build/icyphy/ptII/ptolemy/domains/sdf/lib/test/BitsToInt.tcl (RunTclFile)" time="0.039" />
  <testcase classname="ptolemy.util.test.junit.TclTests" name="[2] /home/travis/build/icyphy/ptII/ptolemy/domains/sdf/lib/test/DelayLine.tcl (RunTclFile)" time="0.024" />
  <testcase classname="ptolemy.util.test.junit.TclTests" name="[3] /home/travis/build/icyphy/ptII/ptolemy/domains/sdf/lib/test/FFT.tcl (RunTclFile)" time="0.019" />
  <testcase classname="ptolemy.util.test.junit.TclTests" name="[4] /home/travis/build/icyphy/ptII/ptolemy/domains/sdf/lib/test/FIR.tcl (RunTclFile)" time="0.159" />
  <testcase classname="ptolemy.util.test.junit.TclTests" name="[5] /home/travis/build/icyphy/ptII/ptolemy/domains/sdf/lib/test/IntToBits.tcl (RunTclFile)" time="0.031" />
  <testcase classname="ptolemy.util.test.junit.TclTests" name="[6] /home/travis/build/icyphy/ptII/ptolemy/domains/sdf/lib/test/MaximumEntropySpectrum.tcl (RunTclFile)" time="0.344" />
  <testcase classname="ptolemy.util.test.junit.TclTests" name="[7] /home/travis/build/icyphy/ptII/ptolemy/domains/sdf/lib/test/Repeat.tcl (RunTclFile)" time="0.02" />
  <testcase classname="ptolemy.util.test.junit.TclTests" name="[8] /home/travis/build/icyphy/ptII/ptolemy/domains/sdf/lib/test/SampleDelay.tcl (RunTclFile)" time="0.055" />
  <testcase classname="ptolemy.util.test.junit.TclTests" name="[9] /home/travis/build/icyphy/ptII/ptolemy/domains/sdf/lib/test/SequenceToArray.tcl (RunTclFile)" time="0.093" />
  <testcase classname="ptolemy.util.test.junit.AutoKnownFailedTests" name="[0] ThereAreNoKnowFailedTests (RunModel)" time="0.007" />
  <testcase classname="ptolemy.util.test.junit.AutoNameArchTests" name="[0] ThereAreNoAutoArchTests (RunModel)" time="0.003" />
  <testcase classname="ptolemy.util.test.junit.AutoTests" name="[0] /home/travis/build/icyphy/ptII/ptolemy/domains/sdf/lib/test/auto/ArrayToSequence.xml (RunModel)" time="0.243" />
  <testcase classname="ptolemy.util.test.junit.AutoTests" name="[1] /home/travis/build/icyphy/ptII/ptolemy/domains/sdf/lib/test/auto/ArrayToSequenceTest.xml (RunModel)" time="0.111" />
  <testcase classname="ptolemy.util.test.junit.AutoTests" name="[2] /home/travis/build/icyphy/ptII/ptolemy/domains/sdf/lib/test/auto/Autocorrelation.xml (RunModel)" time="0.066" />
  <testcase classname="ptolemy.util.test.junit.AutoTests" name="[3] /home/travis/build/icyphy/ptII/ptolemy/domains/sdf/lib/test/auto/Autocorrelation2.xml (RunModel)" time="0.052" />
  <testcase classname="ptolemy.util.test.junit.AutoTests" name="[4] /home/travis/build/icyphy/ptII/ptolemy/domains/sdf/lib/test/auto/Autocorrelation3.xml (RunModel)" time="0.021" />
  <testcase classname="ptolemy.util.test.junit.AutoTests" name="[5] /home/travis/build/icyphy/ptII/ptolemy/domains/sdf/lib/test/auto/Autocorrelation4.xml (RunModel)" time="0.056" />
  <testcase classname="ptolemy.util.test.junit.AutoTests" name="[6] /home/travis/build/icyphy/ptII/ptolemy/domains/sdf/lib/test/auto/Autocorrelation5.xml (RunModel)" time="0.153" />
  <testcase classname="ptolemy.util.test.junit.AutoTests" name="[7] /home/travis/build/icyphy/ptII/ptolemy/domains/sdf/lib/test/auto/BitsToInt.xml (RunModel)" time="0.066" />
  <testcase classname="ptolemy.util.test.junit.AutoTests" name="[8] /home/travis/build/icyphy/ptII/ptolemy/domains/sdf/lib/test/auto/BooleanJoin.xml (RunModel)" time="0.043" />
  <testcase classname="ptolemy.util.test.junit.AutoTests" name="[9] /home/travis/build/icyphy/ptII/ptolemy/domains/sdf/lib/test/auto/BootstrapSampleDelay.xml (RunModel)" time="0.038" />
  <testcase classname="ptolemy.util.test.junit.AutoTests" name="[10] /home/travis/build/icyphy/ptII/ptolemy/domains/sdf/lib/test/auto/Chop.xml (RunModel)" time="0.041" />
  <testcase classname="ptolemy.util.test.junit.AutoTests" name="[11] /home/travis/build/icyphy/ptII/ptolemy/domains/sdf/lib/test/auto/Chop2.xml (RunModel)" time="0.033" />
  <testcase classname="ptolemy.util.test.junit.AutoTests" name="[12] /home/travis/build/icyphy/ptII/ptolemy/domains/sdf/lib/test/auto/ComplexJoin.xml (RunModel)" time="0.027" />
  <testcase classname="ptolemy.util.test.junit.AutoTests" name="[13] /home/travis/build/icyphy/ptII/ptolemy/domains/sdf/lib/test/auto/CountTrues.xml (RunModel)" time="0.05" />
  <testcase classname="ptolemy.util.test.junit.AutoTests" name="[14] /home/travis/build/icyphy/ptII/ptolemy/domains/sdf/lib/test/auto/DelayLine.xml (RunModel)" time="0.054" />
  <testcase classname="ptolemy.util.test.junit.AutoTests" name="[15] /home/travis/build/icyphy/ptII/ptolemy/domains/sdf/lib/test/auto/DotProduct.xml (RunModel)" time="0.043" />
  <testcase classname="ptolemy.util.test.junit.AutoTests" name="[16] /home/travis/build/icyphy/ptII/ptolemy/domains/sdf/lib/test/auto/DotProductMatrix.xml (RunModel)" time="0.028" />
  <testcase classname="ptolemy.util.test.junit.AutoTests" name="[17] /home/travis/build/icyphy/ptII/ptolemy/domains/sdf/lib/test/auto/DownSample1.xml (RunModel)" time="0.05" />
  <testcase classname="ptolemy.util.test.junit.AutoTests" name="[18] /home/travis/build/icyphy/ptII/ptolemy/domains/sdf/lib/test/auto/DynamicRateChange.xml (RunModel)" time="0.065" />
  <testcase classname="ptolemy.util.test.junit.AutoTests" name="[19] /home/travis/build/icyphy/ptII/ptolemy/domains/sdf/lib/test/auto/DynamicRates.xml (RunModel)" time="0.047" />
  <testcase classname="ptolemy.util.test.junit.AutoTests" name="[20] /home/travis/build/icyphy/ptII/ptolemy/domains/sdf/lib/test/auto/FFT1.xml (RunModel)" time="0.051" />
  <testcase classname="ptolemy.util.test.junit.AutoTests" name="[21] /home/travis/build/icyphy/ptII/ptolemy/domains/sdf/lib/test/auto/FIR1.xml (RunModel)" time="0.064" />
  <testcase classname="ptolemy.util.test.junit.AutoTests" name="[22] /home/travis/build/icyphy/ptII/ptolemy/domains/sdf/lib/test/auto/FIR2.xml (RunModel)" time="0.037" />
  <testcase classname="ptolemy.util.test.junit.AutoTests" name="[23] /home/travis/build/icyphy/ptII/ptolemy/domains/sdf/lib/test/auto/FIR4.xml (RunModel)" time="0.064" />
  <testcase classname="ptolemy.util.test.junit.AutoTests" name="[24] /home/travis/build/icyphy/ptII/ptolemy/domains/sdf/lib/test/auto/FixJoin.xml (RunModel)" time="0.072" />
  <testcase classname="ptolemy.util.test.junit.AutoTests" name="[25] /home/travis/build/icyphy/ptII/ptolemy/domains/sdf/lib/test/auto/IntJoin1.xml (RunModel)" time="0.033" />
  <testcase classname="ptolemy.util.test.junit.AutoTests" name="[26] /home/travis/build/icyphy/ptII/ptolemy/domains/sdf/lib/test/auto/IntJoin2.xml (RunModel)" time="0.038" />
  <testcase classname="ptolemy.util.test.junit.AutoTests" name="[27] /home/travis/build/icyphy/ptII/ptolemy/domains/sdf/lib/test/auto/IntJoin3.xml (RunModel)" time="0.036" />
  <testcase classname="ptolemy.util.test.junit.AutoTests" name="[28] /home/travis/build/icyphy/ptII/ptolemy/domains/sdf/lib/test/auto/IntJoin4.xml (RunModel)" time="0.038" />
  <testcase classname="ptolemy.util.test.junit.AutoTests" name="[29] /home/travis/build/icyphy/ptII/ptolemy/domains/sdf/lib/test/auto/IntJoin5.xml (RunModel)" time="0.032" />
  <testcase classname="ptolemy.util.test.junit.AutoTests" name="[30] /home/travis/build/icyphy/ptII/ptolemy/domains/sdf/lib/test/auto/IntToBits.xml (RunModel)" time="0.033" />
  <testcase classname="ptolemy.util.test.junit.AutoTests" name="[31] /home/travis/build/icyphy/ptII/ptolemy/domains/sdf/lib/test/auto/LMSAdaptive.xml (RunModel)" time="0.068" />
  <testcase classname="ptolemy.util.test.junit.AutoTests" name="[32] /home/travis/build/icyphy/ptII/ptolemy/domains/sdf/lib/test/auto/LMSAdaptiveFIR.xml (RunModel)" time="0.389" />
  <testcase classname="ptolemy.util.test.junit.AutoTests" name="[33] /home/travis/build/icyphy/ptII/ptolemy/domains/sdf/lib/test/auto/LMSAdaptiveFIR2.xml (RunModel)" time="0.534" />
  <testcase classname="ptolemy.util.test.junit.AutoTests" name="[34] /home/travis/build/icyphy/ptII/ptolemy/domains/sdf/lib/test/auto/LongJoin.xml (RunModel)" time="0.026" />
  <testcase classname="ptolemy.util.test.junit.AutoTests" name="[35] /home/travis/build/icyphy/ptII/ptolemy/domains/sdf/lib/test/auto/Matrix1.xml (RunModel)" time="0.047" />
  <testcase classname="ptolemy.util.test.junit.AutoTests" name="[36] /home/travis/build/icyphy/ptII/ptolemy/domains/sdf/lib/test/auto/Matrix2.xml (RunModel)" time="0.021" />
  <testcase classname="ptolemy.util.test.junit.AutoTests" name="[37] /home/travis/build/icyphy/ptII/ptolemy/domains/sdf/lib/test/auto/MatrixJoin1.xml (RunModel)" time="0.024" />
  <testcase classname="ptolemy.util.test.junit.AutoTests" name="[38] /home/travis/build/icyphy/ptII/ptolemy/domains/sdf/lib/test/auto/MatrixJoin2.xml (RunModel)" time="0.025" />
  <testcase classname="ptolemy.util.test.junit.AutoTests" name="[39] /home/travis/build/icyphy/ptII/ptolemy/domains/sdf/lib/test/auto/MatrixJoin3.xml (RunModel)" time="0.033" />
  <testcase classname="ptolemy.util.test.junit.AutoTests" name="[40] /home/travis/build/icyphy/ptII/ptolemy/domains/sdf/lib/test/auto/MatrixJoin4.xml (RunModel)" time="0.021" />
  <testcase classname="ptolemy.util.test.junit.AutoTests" name="[41] /home/travis/build/icyphy/ptII/ptolemy/domains/sdf/lib/test/auto/MatrixJoin5.xml (RunModel)" time="0.018" />
  <testcase classname="ptolemy.util.test.junit.AutoTests" name="[42] /home/travis/build/icyphy/ptII/ptolemy/domains/sdf/lib/test/auto/MatrixSplit1.xml (RunModel)" time="0.027" />
  <testcase classname="ptolemy.util.test.junit.AutoTests" name="[43] /home/travis/build/icyphy/ptII/ptolemy/domains/sdf/lib/test/auto/MatrixSplit10.xml (RunModel)" time="0.018" />
  <testcase classname="ptolemy.util.test.junit.AutoTests" name="[44] /home/travis/build/icyphy/ptII/ptolemy/domains/sdf/lib/test/auto/MatrixSplit11.xml (RunModel)" time="0.014" />
  <testcase classname="ptolemy.util.test.junit.AutoTests" name="[45] /home/travis/build/icyphy/ptII/ptolemy/domains/sdf/lib/test/auto/MatrixSplit12.xml (RunModel)" time="0.021" />
  <testcase classname="ptolemy.util.test.junit.AutoTests" name="[46] /home/travis/build/icyphy/ptII/ptolemy/domains/sdf/lib/test/auto/MatrixSplit13.xml (RunModel)" time="0.03" />
  <testcase classname="ptolemy.util.test.junit.AutoTests" name="[47] /home/travis/build/icyphy/ptII/ptolemy/domains/sdf/lib/test/auto/MatrixSplit14.xml (RunModel)" time="0.016" />
  <testcase classname="ptolemy.util.test.junit.AutoTests" name="[48] /home/travis/build/icyphy/ptII/ptolemy/domains/sdf/lib/test/auto/MatrixSplit2.xml (RunModel)" time="0.015" />
  <testcase classname="ptolemy.util.test.junit.AutoTests" name="[49] /home/travis/build/icyphy/ptII/ptolemy/domains/sdf/lib/test/auto/MatrixSplit3.xml (RunModel)" time="0.017" />
  <testcase classname="ptolemy.util.test.junit.AutoTests" name="[50] /home/travis/build/icyphy/ptII/ptolemy/domains/sdf/lib/test/auto/MatrixSplit4.xml (RunModel)" time="0.018" />
  <testcase classname="ptolemy.util.test.junit.AutoTests" name="[51] /home/travis/build/icyphy/ptII/ptolemy/domains/sdf/lib/test/auto/MatrixSplit5.xml (RunModel)" time="0.025" />
  <testcase classname="ptolemy.util.test.junit.AutoTests" name="[52] /home/travis/build/icyphy/ptII/ptolemy/domains/sdf/lib/test/auto/MatrixSplit6.xml (RunModel)" time="0.015" />
  <testcase classname="ptolemy.util.test.junit.AutoTests" name="[53] /home/travis/build/icyphy/ptII/ptolemy/domains/sdf/lib/test/auto/MatrixSplit7.xml (RunModel)" time="0.028" />
  <testcase classname="ptolemy.util.test.junit.AutoTests" name="[54] /home/travis/build/icyphy/ptII/ptolemy/domains/sdf/lib/test/auto/MatrixSplit8.xml (RunModel)" time="0.015" />
  <testcase classname="ptolemy.util.test.junit.AutoTests" name="[55] /home/travis/build/icyphy/ptII/ptolemy/domains/sdf/lib/test/auto/MatrixSplit9.xml (RunModel)" time="0.032" />
  <testcase classname="ptolemy.util.test.junit.AutoTests" name="[56] /home/travis/build/icyphy/ptII/ptolemy/domains/sdf/lib/test/auto/MatrixToSequence.xml (RunModel)" time="0.041" />
  <testcase classname="ptolemy.util.test.junit.AutoTests" name="[57] /home/travis/build/icyphy/ptII/ptolemy/domains/sdf/lib/test/auto/MaximumEntropySpectrum.xml (RunModel)" time="0.11" />
  <testcase classname="ptolemy.util.test.junit.AutoTests" name="[58] /home/travis/build/icyphy/ptII/ptolemy/domains/sdf/lib/test/auto/SampleDelayConversion.xml (RunModel)" time="0.022" />
  <testcase classname="ptolemy.util.test.junit.AutoTests" name="[59] /home/travis/build/icyphy/ptII/ptolemy/domains/sdf/lib/test/auto/SequenceToArray.xml (RunModel)" time="0.042" />
  <testcase classname="ptolemy.util.test.junit.AutoTests" name="[60] /home/travis/build/icyphy/ptII/ptolemy/domains/sdf/lib/test/auto/SequenceToMatrix.xml (RunModel)" time="4.211" />
  <testcase classname="ptolemy.util.test.junit.AutoTests" name="[61] /home/travis/build/icyphy/ptII/ptolemy/domains/sdf/lib/test/auto/SmoothedPeriodogram.xml (RunModel)" time="0.072" />
  <testcase classname="ptolemy.util.test.junit.AutoTests" name="[62] /home/travis/build/icyphy/ptII/ptolemy/domains/sdf/lib/test/auto/UpDownSample1.xml (RunModel)" time="0.018" />
  <testcase classname="ptolemy.util.test.junit.AutoTests" name="[63] /home/travis/build/icyphy/ptII/ptolemy/domains/sdf/lib/test/auto/UpSample1.xml (RunModel)" time="0.012" />
  <testcase classname="ptolemy.util.test.junit.AutoTests" name="[64] /home/travis/build/icyphy/ptII/ptolemy/domains/sdf/lib/test/auto/VariableFIR.xml (RunModel)" time="0.024" />
  <testcase classname="ptolemy.util.test.junit.AutoTests" name="[65] /home/travis/build/icyphy/ptII/ptolemy/domains/sdf/lib/test/auto/VariableFIR2.xml (RunModel)" time="0.024" />
  <testcase classname="ptolemy.util.test.junit.AutoTests" name="[66] /home/travis/build/icyphy/ptII/ptolemy/domains/sdf/lib/test/auto/VariableLattice.xml (RunModel)" time="0.024" />
  <testcase classname="ptolemy.util.test.junit.AutoTests" name="[67] /home/travis/build/icyphy/ptII/ptolemy/domains/sdf/lib/test/auto/VariableLattice2.xml (RunModel)" time="0.022" />
  <testcase classname="ptolemy.util.test.junit.AutoTests" name="[68] /home/travis/build/icyphy/ptII/ptolemy/domains/sdf/lib/test/auto/VariableRecursiveLattice.xml (RunModel)" time="0.018" />
  <testcase classname="ptolemy.util.test.junit.AutoTests" name="[69] /home/travis/build/icyphy/ptII/ptolemy/domains/sdf/lib/test/auto/VariableRecursiveLattice2.xml (RunModel)" time="0.015" />
  <system-out><![CDATA[/home/travis/build/icyphy/ptII/ptolemy/domains/sdf/lib/test/ArrayToSequence.tcl
testDefs.tcl: setting time out to 9000 seconds at Wed Aug 07 05:37:03 UTC 2019
114 ms. Memory: 120832K Free: 86981K (72%)
24 ms. Memory: 120832K Free: 84933K (70%)
30 ms. Memory: 120832K Free: 82885K (69%)
22 ms. Memory: 120832K Free: 81347K (67%)
/home/travis/build/icyphy/ptII/ptolemy/domains/sdf/lib/test/BitsToInt.tcl
11 ms. Memory: 120832K Free: 79813K (66%)
9 ms. Memory: 120832K Free: 77765K (64%)
/home/travis/build/icyphy/ptII/ptolemy/domains/sdf/lib/test/DelayLine.tcl
9 ms. Memory: 120832K Free: 76227K (63%)
/home/travis/build/icyphy/ptII/ptolemy/domains/sdf/lib/test/FFT.tcl
6 ms. Memory: 120832K Free: 74179K (61%)
/home/travis/build/icyphy/ptII/ptolemy/domains/sdf/lib/test/FIR.tcl
10 ms. Memory: 120832K Free: 72645K (60%)
81 ms. Memory: 120832K Free: 68035K (56%)
ptolemy.kernel.util.IllegalActionException: multiplyReverse method not supported between ptolemy.data.FixToken 'fix(-0.0625,6,2)' and ptolemy.data.IntToken '1' because the types are incomparable.
  in .top.FIRclone
Because:
multiplyReverse method not supported between ptolemy.data.FixToken 'fix(-0.0625,6,2)' and ptolemy.data.IntToken '1' because the types are incomparable.
19 ms. Memory: 120832K Free: 65987K (55%)
/home/travis/build/icyphy/ptII/ptolemy/domains/sdf/lib/test/IntToBits.tcl
5 ms. Memory: 120832K Free: 64453K (53%)
6 ms. Memory: 120832K Free: 62909K (52%)
/home/travis/build/icyphy/ptII/ptolemy/domains/sdf/lib/test/MaximumEntropySpectrum.tcl
/home/travis/build/icyphy/ptII/ptolemy/domains/sdf/lib/test/Repeat.tcl
7 ms. Memory: 120832K Free: 102732K (85%)
/home/travis/build/icyphy/ptII/ptolemy/domains/sdf/lib/test/SampleDelay.tcl
5 ms. Memory: 120832K Free: 101179K (84%)
4 ms. Memory: 120832K Free: 100139K (83%)
8 ms. Memory: 120832K Free: 99115K (82%)
13 ms. Memory: 120832K Free: 98636K (82%)
3 ms. Memory: 120832K Free: 98122K (81%)
1 ms. Memory: 120832K Free: 97612K (81%)
/home/travis/build/icyphy/ptII/ptolemy/domains/sdf/lib/test/SequenceToArray.tcl
16 ms. Memory: 120832K Free: 96074K (80%)
20 ms. Memory: 120832K Free: 95050K (79%)
12 ms. Memory: 120832K Free: 93516K (77%)
19 ms. Memory: 120832K Free: 92492K (77%)
08/07/19 05:37:05
Failed: 0  Total Tests: 41  ((Passed: 41, Newly Passed: 0)  Known Failed: 0) /home/travis/build/icyphy/ptII/ptolemy/domains/sdf/lib/test
No auto/knownFailedTests/*.xml tests in /home/travis/build/icyphy/ptII/ptolemy/domains/sdf/lib/test
No auto/linux-amd64/*.xml tests in /home/travis/build/icyphy/ptII/ptolemy/domains/sdf/lib/test
AutoTests.java: About to close Vertx.
AutoTests.java: Vertx closed.

===========================================================================================
----------------- testing Wed Aug 07 05:37:05 UTC 2019 /home/travis/build/icyphy/ptII/ptolemy/domains/sdf/lib/test/auto/ArrayToSequence.xml
----------------- Instantiating /home/travis/build/icyphy/ptII/ptolemy/domains/sdf/lib/test/auto/ArrayToSequence.xml
21 ms. Memory: 120832K Free: 86329K (71%)
----------------- Invoking toplevel() on ptolemy.moml.MoMLSimpleApplication@1138c0d2
----------------- Done invoking toplevel() on ptolemy.moml.MoMLSimpleApplication@1138c0d2
reloadAllAccessors: .ArrayToSequence

===========================================================================================
----------------- testing Wed Aug 07 05:37:05 UTC 2019 /home/travis/build/icyphy/ptII/ptolemy/domains/sdf/lib/test/auto/ArrayToSequenceTest.xml
----------------- Instantiating /home/travis/build/icyphy/ptII/ptolemy/domains/sdf/lib/test/auto/ArrayToSequenceTest.xml
25 ms. Memory: 120832K Free: 80536K (67%)
----------------- Invoking toplevel() on ptolemy.moml.MoMLSimpleApplication@dc2a39
----------------- Done invoking toplevel() on ptolemy.moml.MoMLSimpleApplication@dc2a39
reloadAllAccessors: .ArrayToSequenceTest

===========================================================================================
----------------- testing Wed Aug 07 05:37:05 UTC 2019 /home/travis/build/icyphy/ptII/ptolemy/domains/sdf/lib/test/auto/Autocorrelation.xml
----------------- Instantiating /home/travis/build/icyphy/ptII/ptolemy/domains/sdf/lib/test/auto/Autocorrelation.xml
5 ms. Memory: 120832K Free: 76019K (63%)
----------------- Invoking toplevel() on ptolemy.moml.MoMLSimpleApplication@4a9d4578
----------------- Done invoking toplevel() on ptolemy.moml.MoMLSimpleApplication@4a9d4578
reloadAllAccessors: .Autocorrelation

===========================================================================================
----------------- testing Wed Aug 07 05:37:05 UTC 2019 /home/travis/build/icyphy/ptII/ptolemy/domains/sdf/lib/test/auto/Autocorrelation2.xml
----------------- Instantiating /home/travis/build/icyphy/ptII/ptolemy/domains/sdf/lib/test/auto/Autocorrelation2.xml
17 ms. Memory: 120832K Free: 106223K (88%)
----------------- Invoking toplevel() on ptolemy.moml.MoMLSimpleApplication@5d7bf446
----------------- Done invoking toplevel() on ptolemy.moml.MoMLSimpleApplication@5d7bf446
reloadAllAccessors: .Autocorrelation2

===========================================================================================
----------------- testing Wed Aug 07 05:37:05 UTC 2019 /home/travis/build/icyphy/ptII/ptolemy/domains/sdf/lib/test/auto/Autocorrelation3.xml
----------------- Instantiating /home/travis/build/icyphy/ptII/ptolemy/domains/sdf/lib/test/auto/Autocorrelation3.xml
4 ms. Memory: 120832K Free: 101677K (84%)
----------------- Invoking toplevel() on ptolemy.moml.MoMLSimpleApplication@8c0ba0b
----------------- Done invoking toplevel() on ptolemy.moml.MoMLSimpleApplication@8c0ba0b
reloadAllAccessors: .Autocorrelation3

===========================================================================================
----------------- testing Wed Aug 07 05:37:05 UTC 2019 /home/travis/build/icyphy/ptII/ptolemy/domains/sdf/lib/test/auto/Autocorrelation4.xml
----------------- Instantiating /home/travis/build/icyphy/ptII/ptolemy/domains/sdf/lib/test/auto/Autocorrelation4.xml
5 ms. Memory: 120832K Free: 97613K (81%)
----------------- Invoking toplevel() on ptolemy.moml.MoMLSimpleApplication@4c0b339a
----------------- Done invoking toplevel() on ptolemy.moml.MoMLSimpleApplication@4c0b339a
reloadAllAccessors: .Autocorrelation4

===========================================================================================
----------------- testing Wed Aug 07 05:37:06 UTC 2019 /home/travis/build/icyphy/ptII/ptolemy/domains/sdf/lib/test/auto/Autocorrelation5.xml
----------------- Instantiating /home/travis/build/icyphy/ptII/ptolemy/domains/sdf/lib/test/auto/Autocorrelation5.xml
72 ms. Memory: 120832K Free: 90483K (75%)
----------------- Invoking toplevel() on ptolemy.moml.MoMLSimpleApplication@4426e86b
----------------- Done invoking toplevel() on ptolemy.moml.MoMLSimpleApplication@4426e86b
reloadAllAccessors: .Autocorrelation5

===========================================================================================
----------------- testing Wed Aug 07 05:37:06 UTC 2019 /home/travis/build/icyphy/ptII/ptolemy/domains/sdf/lib/test/auto/BitsToInt.xml
----------------- Instantiating /home/travis/build/icyphy/ptII/ptolemy/domains/sdf/lib/test/auto/BitsToInt.xml
4 ms. Memory: 120832K Free: 87381K (72%)
----------------- Invoking toplevel() on ptolemy.moml.MoMLSimpleApplication@1e4a2286
----------------- Done invoking toplevel() on ptolemy.moml.MoMLSimpleApplication@1e4a2286
reloadAllAccessors: .BitsToInt

===========================================================================================
----------------- testing Wed Aug 07 05:37:06 UTC 2019 /home/travis/build/icyphy/ptII/ptolemy/domains/sdf/lib/test/auto/BooleanJoin.xml
----------------- Instantiating /home/travis/build/icyphy/ptII/ptolemy/domains/sdf/lib/test/auto/BooleanJoin.xml
16 ms. Memory: 120832K Free: 82598K (68%)
----------------- Invoking toplevel() on ptolemy.moml.MoMLSimpleApplication@50e3287d
----------------- Done invoking toplevel() on ptolemy.moml.MoMLSimpleApplication@50e3287d
reloadAllAccessors: .BooleanJoin

===========================================================================================
----------------- testing Wed Aug 07 05:37:06 UTC 2019 /home/travis/build/icyphy/ptII/ptolemy/domains/sdf/lib/test/auto/BootstrapSampleDelay.xml
----------------- Instantiating /home/travis/build/icyphy/ptII/ptolemy/domains/sdf/lib/test/auto/BootstrapSampleDelay.xml
15 ms. Memory: 120832K Free: 78856K (65%)
----------------- Invoking toplevel() on ptolemy.moml.MoMLSimpleApplication@16944452
----------------- Done invoking toplevel() on ptolemy.moml.MoMLSimpleApplication@16944452
reloadAllAccessors: .BootstrapSampleDelay

===========================================================================================
----------------- testing Wed Aug 07 05:37:06 UTC 2019 /home/travis/build/icyphy/ptII/ptolemy/domains/sdf/lib/test/auto/Chop.xml
----------------- Instantiating /home/travis/build/icyphy/ptII/ptolemy/domains/sdf/lib/test/auto/Chop.xml
6 ms. Memory: 120832K Free: 71334K (59%)
----------------- Invoking toplevel() on ptolemy.moml.MoMLSimpleApplication@5b2814a
----------------- Done invoking toplevel() on ptolemy.moml.MoMLSimpleApplication@5b2814a
reloadAllAccessors: .Chop

===========================================================================================
----------------- testing Wed Aug 07 05:37:06 UTC 2019 /home/travis/build/icyphy/ptII/ptolemy/domains/sdf/lib/test/auto/Chop2.xml
----------------- Instantiating /home/travis/build/icyphy/ptII/ptolemy/domains/sdf/lib/test/auto/Chop2.xml
5 ms. Memory: 120832K Free: 65136K (54%)
----------------- Invoking toplevel() on ptolemy.moml.MoMLSimpleApplication@3e571219
----------------- Done invoking toplevel() on ptolemy.moml.MoMLSimpleApplication@3e571219
reloadAllAccessors: .Chop2

===========================================================================================
----------------- testing Wed Aug 07 05:37:06 UTC 2019 /home/travis/build/icyphy/ptII/ptolemy/domains/sdf/lib/test/auto/ComplexJoin.xml
----------------- Instantiating /home/travis/build/icyphy/ptII/ptolemy/domains/sdf/lib/test/auto/ComplexJoin.xml
3 ms. Memory: 120832K Free: 60448K (50%)
----------------- Invoking toplevel() on ptolemy.moml.MoMLSimpleApplication@2a2201ce
----------------- Done invoking toplevel() on ptolemy.moml.MoMLSimpleApplication@2a2201ce
reloadAllAccessors: .ComplexJoin

===========================================================================================
----------------- testing Wed Aug 07 05:37:06 UTC 2019 /home/travis/build/icyphy/ptII/ptolemy/domains/sdf/lib/test/auto/CountTrues.xml
----------------- Instantiating /home/travis/build/icyphy/ptII/ptolemy/domains/sdf/lib/test/auto/CountTrues.xml
4 ms. Memory: 145408K Free: 127818K (88%)
----------------- Invoking toplevel() on ptolemy.moml.MoMLSimpleApplication@5cf8ae3e
----------------- Done invoking toplevel() on ptolemy.moml.MoMLSimpleApplication@5cf8ae3e
reloadAllAccessors: .CountTrues

===========================================================================================
----------------- testing Wed Aug 07 05:37:06 UTC 2019 /home/travis/build/icyphy/ptII/ptolemy/domains/sdf/lib/test/auto/DelayLine.xml
----------------- Instantiating /home/travis/build/icyphy/ptII/ptolemy/domains/sdf/lib/test/auto/DelayLine.xml
10 ms. Memory: 145408K Free: 122113K (84%)
----------------- Invoking toplevel() on ptolemy.moml.MoMLSimpleApplication@57b2d40
----------------- Done invoking toplevel() on ptolemy.moml.MoMLSimpleApplication@57b2d40
reloadAllAccessors: .DelayLine

===========================================================================================
----------------- testing Wed Aug 07 05:37:06 UTC 2019 /home/travis/build/icyphy/ptII/ptolemy/domains/sdf/lib/test/auto/DotProduct.xml
----------------- Instantiating /home/travis/build/icyphy/ptII/ptolemy/domains/sdf/lib/test/auto/DotProduct.xml
7 ms. Memory: 145408K Free: 119453K (82%)
----------------- Invoking toplevel() on ptolemy.moml.MoMLSimpleApplication@51e3309e
----------------- Done invoking toplevel() on ptolemy.moml.MoMLSimpleApplication@51e3309e
reloadAllAccessors: .DotProduct

===========================================================================================
----------------- testing Wed Aug 07 05:37:06 UTC 2019 /home/travis/build/icyphy/ptII/ptolemy/domains/sdf/lib/test/auto/DotProductMatrix.xml
----------------- Instantiating /home/travis/build/icyphy/ptII/ptolemy/domains/sdf/lib/test/auto/DotProductMatrix.xml
7 ms. Memory: 145408K Free: 116971K (80%)
----------------- Invoking toplevel() on ptolemy.moml.MoMLSimpleApplication@9b03f83
----------------- Done invoking toplevel() on ptolemy.moml.MoMLSimpleApplication@9b03f83
reloadAllAccessors: .DotProductMatrix

===========================================================================================
----------------- testing Wed Aug 07 05:37:06 UTC 2019 /home/travis/build/icyphy/ptII/ptolemy/domains/sdf/lib/test/auto/DownSample1.xml
----------------- Instantiating /home/travis/build/icyphy/ptII/ptolemy/domains/sdf/lib/test/auto/DownSample1.xml
11 ms. Memory: 145408K Free: 113482K (78%)
----------------- Invoking toplevel() on ptolemy.moml.MoMLSimpleApplication@65aef280
----------------- Done invoking toplevel() on ptolemy.moml.MoMLSimpleApplication@65aef280
reloadAllAccessors: .DownSample1

===========================================================================================
----------------- testing Wed Aug 07 05:37:06 UTC 2019 /home/travis/build/icyphy/ptII/ptolemy/domains/sdf/lib/test/auto/DynamicRateChange.xml
----------------- Instantiating /home/travis/build/icyphy/ptII/ptolemy/domains/sdf/lib/test/auto/DynamicRateChange.xml
24 ms. Memory: 145408K Free: 107777K (74%)
----------------- Invoking toplevel() on ptolemy.moml.MoMLSimpleApplication@10be69fa
----------------- Done invoking toplevel() on ptolemy.moml.MoMLSimpleApplication@10be69fa
reloadAllAccessors: .DynamicRateChange

===========================================================================================
----------------- testing Wed Aug 07 05:37:06 UTC 2019 /home/travis/build/icyphy/ptII/ptolemy/domains/sdf/lib/test/auto/DynamicRates.xml
----------------- Instantiating /home/travis/build/icyphy/ptII/ptolemy/domains/sdf/lib/test/auto/DynamicRates.xml
15 ms. Memory: 145408K Free: 102248K (70%)
----------------- Invoking toplevel() on ptolemy.moml.MoMLSimpleApplication@6b44e6e
----------------- Done invoking toplevel() on ptolemy.moml.MoMLSimpleApplication@6b44e6e
reloadAllAccessors: .DynamicRates

===========================================================================================
----------------- testing Wed Aug 07 05:37:06 UTC 2019 /home/travis/build/icyphy/ptII/ptolemy/domains/sdf/lib/test/auto/FFT1.xml
----------------- Instantiating /home/travis/build/icyphy/ptII/ptolemy/domains/sdf/lib/test/auto/FFT1.xml
17 ms. Memory: 145408K Free: 97949K (67%)
----------------- Invoking toplevel() on ptolemy.moml.MoMLSimpleApplication@73612be7
----------------- Done invoking toplevel() on ptolemy.moml.MoMLSimpleApplication@73612be7
reloadAllAccessors: .FFT1

===========================================================================================
----------------- testing Wed Aug 07 05:37:06 UTC 2019 /home/travis/build/icyphy/ptII/ptolemy/domains/sdf/lib/test/auto/FIR1.xml
----------------- Instantiating /home/travis/build/icyphy/ptII/ptolemy/domains/sdf/lib/test/auto/FIR1.xml
27 ms. Memory: 145408K Free: 90984K (63%)
----------------- Invoking toplevel() on ptolemy.moml.MoMLSimpleApplication@18a21fe4
----------------- Done invoking toplevel() on ptolemy.moml.MoMLSimpleApplication@18a21fe4
reloadAllAccessors: .FIR1

===========================================================================================
----------------- testing Wed Aug 07 05:37:06 UTC 2019 /home/travis/build/icyphy/ptII/ptolemy/domains/sdf/lib/test/auto/FIR2.xml
----------------- Instantiating /home/travis/build/icyphy/ptII/ptolemy/domains/sdf/lib/test/auto/FIR2.xml
4 ms. Memory: 145408K Free: 87709K (60%)
----------------- Invoking toplevel() on ptolemy.moml.MoMLSimpleApplication@5ea5917a
----------------- Done invoking toplevel() on ptolemy.moml.MoMLSimpleApplication@5ea5917a
reloadAllAccessors: .FIR2

===========================================================================================
----------------- testing Wed Aug 07 05:37:06 UTC 2019 /home/travis/build/icyphy/ptII/ptolemy/domains/sdf/lib/test/auto/FIR4.xml
----------------- Instantiating /home/travis/build/icyphy/ptII/ptolemy/domains/sdf/lib/test/auto/FIR4.xml
6 ms. Memory: 145408K Free: 80129K (55%)
----------------- Invoking toplevel() on ptolemy.moml.MoMLSimpleApplication@23d0d3fc
----------------- Done invoking toplevel() on ptolemy.moml.MoMLSimpleApplication@23d0d3fc
reloadAllAccessors: .FIR4

===========================================================================================
----------------- testing Wed Aug 07 05:37:06 UTC 2019 /home/travis/build/icyphy/ptII/ptolemy/domains/sdf/lib/test/auto/FixJoin.xml
----------------- Instantiating /home/travis/build/icyphy/ptII/ptolemy/domains/sdf/lib/test/auto/FixJoin.xml
3 ms. Memory: 145408K Free: 75624K (52%)
----------------- Invoking toplevel() on ptolemy.moml.MoMLSimpleApplication@17b0341
----------------- Done invoking toplevel() on ptolemy.moml.MoMLSimpleApplication@17b0341
reloadAllAccessors: .FixJoin

===========================================================================================
----------------- testing Wed Aug 07 05:37:07 UTC 2019 /home/travis/build/icyphy/ptII/ptolemy/domains/sdf/lib/test/auto/IntJoin1.xml
----------------- Instantiating /home/travis/build/icyphy/ptII/ptolemy/domains/sdf/lib/test/auto/IntJoin1.xml
2 ms. Memory: 145408K Free: 71325K (49%)
----------------- Invoking toplevel() on ptolemy.moml.MoMLSimpleApplication@2afcb817
----------------- Done invoking toplevel() on ptolemy.moml.MoMLSimpleApplication@2afcb817
reloadAllAccessors: .IntJoin1

===========================================================================================
----------------- testing Wed Aug 07 05:37:07 UTC 2019 /home/travis/build/icyphy/ptII/ptolemy/domains/sdf/lib/test/auto/IntJoin2.xml
----------------- Instantiating /home/travis/build/icyphy/ptII/ptolemy/domains/sdf/lib/test/auto/IntJoin2.xml
6 ms. Memory: 145408K Free: 128010K (88%)
----------------- Invoking toplevel() on ptolemy.moml.MoMLSimpleApplication@4119e7f
----------------- Done invoking toplevel() on ptolemy.moml.MoMLSimpleApplication@4119e7f
reloadAllAccessors: .IntJoin2

===========================================================================================
----------------- testing Wed Aug 07 05:37:07 UTC 2019 /home/travis/build/icyphy/ptII/ptolemy/domains/sdf/lib/test/auto/IntJoin3.xml
----------------- Instantiating /home/travis/build/icyphy/ptII/ptolemy/domains/sdf/lib/test/auto/IntJoin3.xml
7 ms. Memory: 145408K Free: 123428K (85%)
----------------- Invoking toplevel() on ptolemy.moml.MoMLSimpleApplication@3001efbb
----------------- Done invoking toplevel() on ptolemy.moml.MoMLSimpleApplication@3001efbb
reloadAllAccessors: .IntJoin3

===========================================================================================
----------------- testing Wed Aug 07 05:37:07 UTC 2019 /home/travis/build/icyphy/ptII/ptolemy/domains/sdf/lib/test/auto/IntJoin4.xml
----------------- Instantiating /home/travis/build/icyphy/ptII/ptolemy/domains/sdf/lib/test/auto/IntJoin4.xml
6 ms. Memory: 145408K Free: 119317K (82%)
----------------- Invoking toplevel() on ptolemy.moml.MoMLSimpleApplication@4bab1793
----------------- Done invoking toplevel() on ptolemy.moml.MoMLSimpleApplication@4bab1793
reloadAllAccessors: .IntJoin4

===========================================================================================
----------------- testing Wed Aug 07 05:37:07 UTC 2019 /home/travis/build/icyphy/ptII/ptolemy/domains/sdf/lib/test/auto/IntJoin5.xml
----------------- Instantiating /home/travis/build/icyphy/ptII/ptolemy/domains/sdf/lib/test/auto/IntJoin5.xml
4 ms. Memory: 145408K Free: 114684K (79%)
----------------- Invoking toplevel() on ptolemy.moml.MoMLSimpleApplication@10eb7a7
----------------- Done invoking toplevel() on ptolemy.moml.MoMLSimpleApplication@10eb7a7
reloadAllAccessors: .IntJoin5

===========================================================================================
----------------- testing Wed Aug 07 05:37:07 UTC 2019 /home/travis/build/icyphy/ptII/ptolemy/domains/sdf/lib/test/auto/IntToBits.xml
----------------- Instantiating /home/travis/build/icyphy/ptII/ptolemy/domains/sdf/lib/test/auto/IntToBits.xml
3 ms. Memory: 145408K Free: 112149K (77%)
----------------- Invoking toplevel() on ptolemy.moml.MoMLSimpleApplication@654c79f5
----------------- Done invoking toplevel() on ptolemy.moml.MoMLSimpleApplication@654c79f5
reloadAllAccessors: .IntToBits

===========================================================================================
----------------- testing Wed Aug 07 05:37:07 UTC 2019 /home/travis/build/icyphy/ptII/ptolemy/domains/sdf/lib/test/auto/LMSAdaptive.xml
----------------- Instantiating /home/travis/build/icyphy/ptII/ptolemy/domains/sdf/lib/test/auto/LMSAdaptive.xml
12 ms. Memory: 145408K Free: 103403K (71%)
----------------- Invoking toplevel() on ptolemy.moml.MoMLSimpleApplication@b52ca93
----------------- Done invoking toplevel() on ptolemy.moml.MoMLSimpleApplication@b52ca93
reloadAllAccessors: .LMSAdaptive

===========================================================================================
----------------- testing Wed Aug 07 05:37:07 UTC 2019 /home/travis/build/icyphy/ptII/ptolemy/domains/sdf/lib/test/auto/LMSAdaptiveFIR.xml
----------------- Instantiating /home/travis/build/icyphy/ptII/ptolemy/domains/sdf/lib/test/auto/LMSAdaptiveFIR.xml
260 ms. Memory: 145408K Free: 69642K (48%)
----------------- Invoking toplevel() on ptolemy.moml.MoMLSimpleApplication@548f0fed
----------------- Done invoking toplevel() on ptolemy.moml.MoMLSimpleApplication@548f0fed
reloadAllAccessors: .LMSAdaptiveFIR

===========================================================================================
----------------- testing Wed Aug 07 05:37:07 UTC 2019 /home/travis/build/icyphy/ptII/ptolemy/domains/sdf/lib/test/auto/LMSAdaptiveFIR2.xml
----------------- Instantiating /home/travis/build/icyphy/ptII/ptolemy/domains/sdf/lib/test/auto/LMSAdaptiveFIR2.xml
421 ms. Memory: 145408K Free: 81643K (56%)
----------------- Invoking toplevel() on ptolemy.moml.MoMLSimpleApplication@311bbd37
----------------- Done invoking toplevel() on ptolemy.moml.MoMLSimpleApplication@311bbd37
reloadAllAccessors: .LMSAdaptiveFIR2

===========================================================================================
----------------- testing Wed Aug 07 05:37:08 UTC 2019 /home/travis/build/icyphy/ptII/ptolemy/domains/sdf/lib/test/auto/LongJoin.xml
----------------- Instantiating /home/travis/build/icyphy/ptII/ptolemy/domains/sdf/lib/test/auto/LongJoin.xml
8 ms. Memory: 145408K Free: 76992K (53%)
----------------- Invoking toplevel() on ptolemy.moml.MoMLSimpleApplication@150089e2
----------------- Done invoking toplevel() on ptolemy.moml.MoMLSimpleApplication@150089e2
reloadAllAccessors: .LongJoin

===========================================================================================
----------------- testing Wed Aug 07 05:37:08 UTC 2019 /home/travis/build/icyphy/ptII/ptolemy/domains/sdf/lib/test/auto/Matrix1.xml
----------------- Instantiating /home/travis/build/icyphy/ptII/ptolemy/domains/sdf/lib/test/auto/Matrix1.xml
4 ms. Memory: 145408K Free: 72918K (50%)
----------------- Invoking toplevel() on ptolemy.moml.MoMLSimpleApplication@1ff95d09
----------------- Done invoking toplevel() on ptolemy.moml.MoMLSimpleApplication@1ff95d09
reloadAllAccessors: .Matrix1

===========================================================================================
----------------- testing Wed Aug 07 05:37:08 UTC 2019 /home/travis/build/icyphy/ptII/ptolemy/domains/sdf/lib/test/auto/Matrix2.xml
----------------- Instantiating /home/travis/build/icyphy/ptII/ptolemy/domains/sdf/lib/test/auto/Matrix2.xml
4 ms. Memory: 145408K Free: 68822K (47%)
----------------- Invoking toplevel() on ptolemy.moml.MoMLSimpleApplication@32a8eb82
----------------- Done invoking toplevel() on ptolemy.moml.MoMLSimpleApplication@32a8eb82
reloadAllAccessors: .Matrix2

===========================================================================================
----------------- testing Wed Aug 07 05:37:08 UTC 2019 /home/travis/build/icyphy/ptII/ptolemy/domains/sdf/lib/test/auto/MatrixJoin1.xml
----------------- Instantiating /home/travis/build/icyphy/ptII/ptolemy/domains/sdf/lib/test/auto/MatrixJoin1.xml
2 ms. Memory: 145408K Free: 64726K (45%)
----------------- Invoking toplevel() on ptolemy.moml.MoMLSimpleApplication@6e455c61
----------------- Done invoking toplevel() on ptolemy.moml.MoMLSimpleApplication@6e455c61
reloadAllAccessors: .MatrixJoin1

===========================================================================================
----------------- testing Wed Aug 07 05:37:08 UTC 2019 /home/travis/build/icyphy/ptII/ptolemy/domains/sdf/lib/test/auto/MatrixJoin2.xml
----------------- Instantiating /home/travis/build/icyphy/ptII/ptolemy/domains/sdf/lib/test/auto/MatrixJoin2.xml
2 ms. Memory: 145408K Free: 60109K (41%)
----------------- Invoking toplevel() on ptolemy.moml.MoMLSimpleApplication@788a50ed
----------------- Done invoking toplevel() on ptolemy.moml.MoMLSimpleApplication@788a50ed
reloadAllAccessors: .MatrixJoin2

===========================================================================================
----------------- testing Wed Aug 07 05:37:08 UTC 2019 /home/travis/build/icyphy/ptII/ptolemy/domains/sdf/lib/test/auto/MatrixJoin3.xml
----------------- Instantiating /home/travis/build/icyphy/ptII/ptolemy/domains/sdf/lib/test/auto/MatrixJoin3.xml
10 ms. Memory: 145408K Free: 129895K (89%)
----------------- Invoking toplevel() on ptolemy.moml.MoMLSimpleApplication@7fa4131
----------------- Done invoking toplevel() on ptolemy.moml.MoMLSimpleApplication@7fa4131
reloadAllAccessors: .MatrixJoin3

===========================================================================================
----------------- testing Wed Aug 07 05:37:08 UTC 2019 /home/travis/build/icyphy/ptII/ptolemy/domains/sdf/lib/test/auto/MatrixJoin4.xml
----------------- Instantiating /home/travis/build/icyphy/ptII/ptolemy/domains/sdf/lib/test/auto/MatrixJoin4.xml
3 ms. Memory: 145408K Free: 125372K (86%)
----------------- Invoking toplevel() on ptolemy.moml.MoMLSimpleApplication@38c3de7e
----------------- Done invoking toplevel() on ptolemy.moml.MoMLSimpleApplication@38c3de7e
reloadAllAccessors: .MatrixJoin4

===========================================================================================
----------------- testing Wed Aug 07 05:37:08 UTC 2019 /home/travis/build/icyphy/ptII/ptolemy/domains/sdf/lib/test/auto/MatrixJoin5.xml
----------------- Instantiating /home/travis/build/icyphy/ptII/ptolemy/domains/sdf/lib/test/auto/MatrixJoin5.xml
2 ms. Memory: 145408K Free: 121276K (83%)
----------------- Invoking toplevel() on ptolemy.moml.MoMLSimpleApplication@6ada55e8
----------------- Done invoking toplevel() on ptolemy.moml.MoMLSimpleApplication@6ada55e8
reloadAllAccessors: .MatrixJoin5

===========================================================================================
----------------- testing Wed Aug 07 05:37:08 UTC 2019 /home/travis/build/icyphy/ptII/ptolemy/domains/sdf/lib/test/auto/MatrixSplit1.xml
----------------- Instantiating /home/travis/build/icyphy/ptII/ptolemy/domains/sdf/lib/test/auto/MatrixSplit1.xml
2 ms. Memory: 145408K Free: 116156K (80%)
----------------- Invoking toplevel() on ptolemy.moml.MoMLSimpleApplication@155ed8f8
----------------- Done invoking toplevel() on ptolemy.moml.MoMLSimpleApplication@155ed8f8
reloadAllAccessors: .MatrixSplit1

===========================================================================================
----------------- testing Wed Aug 07 05:37:08 UTC 2019 /home/travis/build/icyphy/ptII/ptolemy/domains/sdf/lib/test/auto/MatrixSplit10.xml
----------------- Instantiating /home/travis/build/icyphy/ptII/ptolemy/domains/sdf/lib/test/auto/MatrixSplit10.xml
3 ms. Memory: 145408K Free: 112570K (77%)
----------------- Invoking toplevel() on ptolemy.moml.MoMLSimpleApplication@52efb0d1
----------------- Done invoking toplevel() on ptolemy.moml.MoMLSimpleApplication@52efb0d1
reloadAllAccessors: .MatrixSplit10

===========================================================================================
----------------- testing Wed Aug 07 05:37:08 UTC 2019 /home/travis/build/icyphy/ptII/ptolemy/domains/sdf/lib/test/auto/MatrixSplit11.xml
----------------- Instantiating /home/travis/build/icyphy/ptII/ptolemy/domains/sdf/lib/test/auto/MatrixSplit11.xml
2 ms. Memory: 145408K Free: 108988K (75%)
----------------- Invoking toplevel() on ptolemy.moml.MoMLSimpleApplication@3c2b55f
----------------- Done invoking toplevel() on ptolemy.moml.MoMLSimpleApplication@3c2b55f
reloadAllAccessors: .MatrixSplit11

===========================================================================================
----------------- testing Wed Aug 07 05:37:08 UTC 2019 /home/travis/build/icyphy/ptII/ptolemy/domains/sdf/lib/test/auto/MatrixSplit12.xml
----------------- Instantiating /home/travis/build/icyphy/ptII/ptolemy/domains/sdf/lib/test/auto/MatrixSplit12.xml
3 ms. Memory: 145408K Free: 105402K (72%)
----------------- Invoking toplevel() on ptolemy.moml.MoMLSimpleApplication@2c179290
----------------- Done invoking toplevel() on ptolemy.moml.MoMLSimpleApplication@2c179290
reloadAllAccessors: .MatrixSplit12

===========================================================================================
----------------- testing Wed Aug 07 05:37:08 UTC 2019 /home/travis/build/icyphy/ptII/ptolemy/domains/sdf/lib/test/auto/MatrixSplit13.xml
----------------- Instantiating /home/travis/build/icyphy/ptII/ptolemy/domains/sdf/lib/test/auto/MatrixSplit13.xml
6 ms. Memory: 145408K Free: 101820K (70%)
----------------- Invoking toplevel() on ptolemy.moml.MoMLSimpleApplication@575fbc09
----------------- Done invoking toplevel() on ptolemy.moml.MoMLSimpleApplication@575fbc09
reloadAllAccessors: .MatrixSplit13

===========================================================================================
----------------- testing Wed Aug 07 05:37:08 UTC 2019 /home/travis/build/icyphy/ptII/ptolemy/domains/sdf/lib/test/auto/MatrixSplit14.xml
----------------- Instantiating /home/travis/build/icyphy/ptII/ptolemy/domains/sdf/lib/test/auto/MatrixSplit14.xml
2 ms. Memory: 145408K Free: 98234K (68%)
----------------- Invoking toplevel() on ptolemy.moml.MoMLSimpleApplication@3f3b0d87
----------------- Done invoking toplevel() on ptolemy.moml.MoMLSimpleApplication@3f3b0d87
reloadAllAccessors: .MatrixSplit14

===========================================================================================
----------------- testing Wed Aug 07 05:37:08 UTC 2019 /home/travis/build/icyphy/ptII/ptolemy/domains/sdf/lib/test/auto/MatrixSplit2.xml
----------------- Instantiating /home/travis/build/icyphy/ptII/ptolemy/domains/sdf/lib/test/auto/MatrixSplit2.xml
2 ms. Memory: 145408K Free: 94652K (65%)
----------------- Invoking toplevel() on ptolemy.moml.MoMLSimpleApplication@389f3cbd
----------------- Done invoking toplevel() on ptolemy.moml.MoMLSimpleApplication@389f3cbd
reloadAllAccessors: .MatrixSplit2

===========================================================================================
----------------- testing Wed Aug 07 05:37:08 UTC 2019 /home/travis/build/icyphy/ptII/ptolemy/domains/sdf/lib/test/auto/MatrixSplit3.xml
----------------- Instantiating /home/travis/build/icyphy/ptII/ptolemy/domains/sdf/lib/test/auto/MatrixSplit3.xml
2 ms. Memory: 145408K Free: 91066K (63%)
----------------- Invoking toplevel() on ptolemy.moml.MoMLSimpleApplication@36bf9dee
----------------- Done invoking toplevel() on ptolemy.moml.MoMLSimpleApplication@36bf9dee
reloadAllAccessors: .MatrixSplit3

===========================================================================================
----------------- testing Wed Aug 07 05:37:08 UTC 2019 /home/travis/build/icyphy/ptII/ptolemy/domains/sdf/lib/test/auto/MatrixSplit4.xml
----------------- Instantiating /home/travis/build/icyphy/ptII/ptolemy/domains/sdf/lib/test/auto/MatrixSplit4.xml
4 ms. Memory: 145408K Free: 87484K (60%)
----------------- Invoking toplevel() on ptolemy.moml.MoMLSimpleApplication@7720cba6
----------------- Done invoking toplevel() on ptolemy.moml.MoMLSimpleApplication@7720cba6
reloadAllAccessors: .MatrixSplit4

===========================================================================================
----------------- testing Wed Aug 07 05:37:08 UTC 2019 /home/travis/build/icyphy/ptII/ptolemy/domains/sdf/lib/test/auto/MatrixSplit5.xml
----------------- Instantiating /home/travis/build/icyphy/ptII/ptolemy/domains/sdf/lib/test/auto/MatrixSplit5.xml
11 ms. Memory: 145408K Free: 83898K (58%)
----------------- Invoking toplevel() on ptolemy.moml.MoMLSimpleApplication@2a2d8fba
----------------- Done invoking toplevel() on ptolemy.moml.MoMLSimpleApplication@2a2d8fba
reloadAllAccessors: .MatrixSplit5

===========================================================================================
----------------- testing Wed Aug 07 05:37:08 UTC 2019 /home/travis/build/icyphy/ptII/ptolemy/domains/sdf/lib/test/auto/MatrixSplit6.xml
----------------- Instantiating /home/travis/build/icyphy/ptII/ptolemy/domains/sdf/lib/test/auto/MatrixSplit6.xml
2 ms. Memory: 145408K Free: 80316K (55%)
----------------- Invoking toplevel() on ptolemy.moml.MoMLSimpleApplication@106fea86
----------------- Done invoking toplevel() on ptolemy.moml.MoMLSimpleApplication@106fea86
reloadAllAccessors: .MatrixSplit6

===========================================================================================
----------------- testing Wed Aug 07 05:37:08 UTC 2019 /home/travis/build/icyphy/ptII/ptolemy/domains/sdf/lib/test/auto/MatrixSplit7.xml
----------------- Instantiating /home/travis/build/icyphy/ptII/ptolemy/domains/sdf/lib/test/auto/MatrixSplit7.xml
2 ms. Memory: 145408K Free: 76730K (53%)
----------------- Invoking toplevel() on ptolemy.moml.MoMLSimpleApplication@534fe9e0
----------------- Done invoking toplevel() on ptolemy.moml.MoMLSimpleApplication@534fe9e0
reloadAllAccessors: .MatrixSplit7

===========================================================================================
----------------- testing Wed Aug 07 05:37:08 UTC 2019 /home/travis/build/icyphy/ptII/ptolemy/domains/sdf/lib/test/auto/MatrixSplit8.xml
----------------- Instantiating /home/travis/build/icyphy/ptII/ptolemy/domains/sdf/lib/test/auto/MatrixSplit8.xml
1 ms. Memory: 145408K Free: 73148K (50%)
----------------- Invoking toplevel() on ptolemy.moml.MoMLSimpleApplication@198bdaac
----------------- Done invoking toplevel() on ptolemy.moml.MoMLSimpleApplication@198bdaac
reloadAllAccessors: .MatrixSplit8

===========================================================================================
----------------- testing Wed Aug 07 05:37:08 UTC 2019 /home/travis/build/icyphy/ptII/ptolemy/domains/sdf/lib/test/auto/MatrixSplit9.xml
----------------- Instantiating /home/travis/build/icyphy/ptII/ptolemy/domains/sdf/lib/test/auto/MatrixSplit9.xml
4 ms. Memory: 145408K Free: 69562K (48%)
----------------- Invoking toplevel() on ptolemy.moml.MoMLSimpleApplication@4d6df545
----------------- Done invoking toplevel() on ptolemy.moml.MoMLSimpleApplication@4d6df545
reloadAllAccessors: .MatrixSplit9

===========================================================================================
----------------- testing Wed Aug 07 05:37:08 UTC 2019 /home/travis/build/icyphy/ptII/ptolemy/domains/sdf/lib/test/auto/MatrixToSequence.xml
----------------- Instantiating /home/travis/build/icyphy/ptII/ptolemy/domains/sdf/lib/test/auto/MatrixToSequence.xml
13 ms. Memory: 145408K Free: 60307K (41%)
----------------- Invoking toplevel() on ptolemy.moml.MoMLSimpleApplication@3763eebb
----------------- Done invoking toplevel() on ptolemy.moml.MoMLSimpleApplication@3763eebb
reloadAllAccessors: .MatrixToSequence

===========================================================================================
----------------- testing Wed Aug 07 05:37:08 UTC 2019 /home/travis/build/icyphy/ptII/ptolemy/domains/sdf/lib/test/auto/MaximumEntropySpectrum.xml
----------------- Instantiating /home/travis/build/icyphy/ptII/ptolemy/domains/sdf/lib/test/auto/MaximumEntropySpectrum.xml
11 ms. Memory: 145408K Free: 118946K (82%)
----------------- Invoking toplevel() on ptolemy.moml.MoMLSimpleApplication@51fbdb3d
----------------- Done invoking toplevel() on ptolemy.moml.MoMLSimpleApplication@51fbdb3d
reloadAllAccessors: .MaximumEntropySpectrum

===========================================================================================
----------------- testing Wed Aug 07 05:37:08 UTC 2019 /home/travis/build/icyphy/ptII/ptolemy/domains/sdf/lib/test/auto/SampleDelayConversion.xml
----------------- Instantiating /home/travis/build/icyphy/ptII/ptolemy/domains/sdf/lib/test/auto/SampleDelayConversion.xml
2 ms. Memory: 145408K Free: 114850K (79%)
----------------- Invoking toplevel() on ptolemy.moml.MoMLSimpleApplication@47f5f74f
----------------- Done invoking toplevel() on ptolemy.moml.MoMLSimpleApplication@47f5f74f
reloadAllAccessors: .SampleDelayConversion

===========================================================================================
----------------- testing Wed Aug 07 05:37:09 UTC 2019 /home/travis/build/icyphy/ptII/ptolemy/domains/sdf/lib/test/auto/SequenceToArray.xml
----------------- Instantiating /home/travis/build/icyphy/ptII/ptolemy/domains/sdf/lib/test/auto/SequenceToArray.xml
10 ms. Memory: 145408K Free: 104066K (72%)
----------------- Invoking toplevel() on ptolemy.moml.MoMLSimpleApplication@37d67237
----------------- Done invoking toplevel() on ptolemy.moml.MoMLSimpleApplication@37d67237
reloadAllAccessors: .SequenceToArray

===========================================================================================
----------------- testing Wed Aug 07 05:37:09 UTC 2019 /home/travis/build/icyphy/ptII/ptolemy/domains/sdf/lib/test/auto/SequenceToMatrix.xml
----------------- Instantiating /home/travis/build/icyphy/ptII/ptolemy/domains/sdf/lib/test/auto/SequenceToMatrix.xml
4188 ms. Memory: 175104K Free: 157339K (90%)
----------------- Invoking toplevel() on ptolemy.moml.MoMLSimpleApplication@7cccff41
----------------- Done invoking toplevel() on ptolemy.moml.MoMLSimpleApplication@7cccff41
reloadAllAccessors: .SequenceToMatrix

===========================================================================================
----------------- testing Wed Aug 07 05:37:13 UTC 2019 /home/travis/build/icyphy/ptII/ptolemy/domains/sdf/lib/test/auto/SmoothedPeriodogram.xml
----------------- Instantiating /home/travis/build/icyphy/ptII/ptolemy/domains/sdf/lib/test/auto/SmoothedPeriodogram.xml
15 ms. Memory: 175104K Free: 141979K (81%)
----------------- Invoking toplevel() on ptolemy.moml.MoMLSimpleApplication@51687fa6
----------------- Done invoking toplevel() on ptolemy.moml.MoMLSimpleApplication@51687fa6
reloadAllAccessors: .SmoothedPeriodogram

===========================================================================================
----------------- testing Wed Aug 07 05:37:13 UTC 2019 /home/travis/build/icyphy/ptII/ptolemy/domains/sdf/lib/test/auto/UpDownSample1.xml
----------------- Instantiating /home/travis/build/icyphy/ptII/ptolemy/domains/sdf/lib/test/auto/UpDownSample1.xml
3 ms. Memory: 175104K Free: 137373K (78%)
----------------- Invoking toplevel() on ptolemy.moml.MoMLSimpleApplication@17f01bd5
----------------- Done invoking toplevel() on ptolemy.moml.MoMLSimpleApplication@17f01bd5
reloadAllAccessors: .UpDownSample1

===========================================================================================
----------------- testing Wed Aug 07 05:37:13 UTC 2019 /home/travis/build/icyphy/ptII/ptolemy/domains/sdf/lib/test/auto/UpSample1.xml
----------------- Instantiating /home/travis/build/icyphy/ptII/ptolemy/domains/sdf/lib/test/auto/UpSample1.xml
1 ms. Memory: 175104K Free: 133787K (76%)
----------------- Invoking toplevel() on ptolemy.moml.MoMLSimpleApplication@72a938f6
----------------- Done invoking toplevel() on ptolemy.moml.MoMLSimpleApplication@72a938f6
reloadAllAccessors: .UpSample1

===========================================================================================
----------------- testing Wed Aug 07 05:37:13 UTC 2019 /home/travis/build/icyphy/ptII/ptolemy/domains/sdf/lib/test/auto/VariableFIR.xml
----------------- Instantiating /home/travis/build/icyphy/ptII/ptolemy/domains/sdf/lib/test/auto/VariableFIR.xml
4 ms. Memory: 175104K Free: 128667K (73%)
----------------- Invoking toplevel() on ptolemy.moml.MoMLSimpleApplication@959fd39
----------------- Done invoking toplevel() on ptolemy.moml.MoMLSimpleApplication@959fd39
reloadAllAccessors: .VariableFIR

===========================================================================================
----------------- testing Wed Aug 07 05:37:13 UTC 2019 /home/travis/build/icyphy/ptII/ptolemy/domains/sdf/lib/test/auto/VariableFIR2.xml
----------------- Instantiating /home/travis/build/icyphy/ptII/ptolemy/domains/sdf/lib/test/auto/VariableFIR2.xml
6 ms. Memory: 175104K Free: 123533K (71%)
----------------- Invoking toplevel() on ptolemy.moml.MoMLSimpleApplication@56d46119
----------------- Done invoking toplevel() on ptolemy.moml.MoMLSimpleApplication@56d46119
reloadAllAccessors: .VariableFIR2

===========================================================================================
----------------- testing Wed Aug 07 05:37:13 UTC 2019 /home/travis/build/icyphy/ptII/ptolemy/domains/sdf/lib/test/auto/VariableLattice.xml
----------------- Instantiating /home/travis/build/icyphy/ptII/ptolemy/domains/sdf/lib/test/auto/VariableLattice.xml
5 ms. Memory: 175104K Free: 116893K (67%)
----------------- Invoking toplevel() on ptolemy.moml.MoMLSimpleApplication@21c5590b
----------------- Done invoking toplevel() on ptolemy.moml.MoMLSimpleApplication@21c5590b
reloadAllAccessors: .VariableLattice

===========================================================================================
----------------- testing Wed Aug 07 05:37:13 UTC 2019 /home/travis/build/icyphy/ptII/ptolemy/domains/sdf/lib/test/auto/VariableLattice2.xml
----------------- Instantiating /home/travis/build/icyphy/ptII/ptolemy/domains/sdf/lib/test/auto/VariableLattice2.xml
1.0
-1.999999602036
1.9099998677481
-0.9099996420674
0.205
0.0
0.0
1.0
-0.25
-0.5
0.0
0.0
0.0
0.0
6 ms. Memory: 175104K Free: 112283K (64%)
----------------- Invoking toplevel() on ptolemy.moml.MoMLSimpleApplication@36f2fa1
----------------- Done invoking toplevel() on ptolemy.moml.MoMLSimpleApplication@36f2fa1
reloadAllAccessors: .VariableLattice2

===========================================================================================
----------------- testing Wed Aug 07 05:37:13 UTC 2019 /home/travis/build/icyphy/ptII/ptolemy/domains/sdf/lib/test/auto/VariableRecursiveLattice.xml
----------------- Instantiating /home/travis/build/icyphy/ptII/ptolemy/domains/sdf/lib/test/auto/VariableRecursiveLattice.xml
4 ms. Memory: 175104K Free: 107677K (61%)
----------------- Invoking toplevel() on ptolemy.moml.MoMLSimpleApplication@2c96e40
----------------- Done invoking toplevel() on ptolemy.moml.MoMLSimpleApplication@2c96e40
reloadAllAccessors: .VariableRecursiveLattice

===========================================================================================
----------------- testing Wed Aug 07 05:37:13 UTC 2019 /home/travis/build/icyphy/ptII/ptolemy/domains/sdf/lib/test/auto/VariableRecursiveLattice2.xml
----------------- Instantiating /home/travis/build/icyphy/ptII/ptolemy/domains/sdf/lib/test/auto/VariableRecursiveLattice2.xml
3 ms. Memory: 175104K Free: 104091K (59%)
----------------- Invoking toplevel() on ptolemy.moml.MoMLSimpleApplication@6117ce44
----------------- Done invoking toplevel() on ptolemy.moml.MoMLSimpleApplication@6117ce44
reloadAllAccessors: .VariableRecursiveLattice2
AutoTests.java: About to close Vertx.
AutoTests.java: Vertx closed.
]]></system-out>
  <system-err><![CDATA[]]></system-err>
</testsuite>
