<?xml version="1.0" encoding="UTF-8" ?>
<testsuite errors="0" failures="0" hostname="travis-job-6c2ff7c6-ceb0-4dea-8b8c-c0764b4b21f4" name="ptolemy.domains.de.test.junit.JUnitTclTest" skipped="0" tests="101" time="142.594" timestamp="2019-09-10T05:39:14">
  <properties>
[...]
</properties>
  <testcase classname="ptolemy.util.test.junit.TclTests" name="[0] /home/travis/build/icyphy/ptII/ptolemy/domains/de/test/DependencyLoop.tcl (RunTclFile)" time="1.432" />
  <testcase classname="ptolemy.util.test.junit.TclTests" name="[1] /home/travis/build/icyphy/ptII/ptolemy/domains/de/test/RunDETestsAsQSS.tcl (RunTclFile)" time="97.156" />
  <testcase classname="ptolemy.util.test.junit.AutoKnownFailedTests" name="[0] /home/travis/build/icyphy/ptII/ptolemy/domains/de/test/auto/knownFailedTests/DESDFClockTest.xml (RunModel)" time="2.077" />
  <testcase classname="ptolemy.util.test.junit.AutoKnownFailedTests" name="[1] /home/travis/build/icyphy/ptII/ptolemy/domains/de/test/auto/knownFailedTests/DirectFeedback.xml (RunModel)" time="0.029" />
  <testcase classname="ptolemy.util.test.junit.AutoKnownFailedTests" name="[2] /home/travis/build/icyphy/ptII/ptolemy/domains/de/test/auto/knownFailedTests/FSMSource.xml (RunModel)" time="0.038" />
  <testcase classname="ptolemy.util.test.junit.AutoKnownFailedTests" name="[3] /home/travis/build/icyphy/ptII/ptolemy/domains/de/test/auto/knownFailedTests/HierarchicalModel.xml (RunModel)" time="0.062" />
  <testcase classname="ptolemy.util.test.junit.AutoKnownFailedTests" name="[4] /home/travis/build/icyphy/ptII/ptolemy/domains/de/test/auto/knownFailedTests/dependencyLoop.xml (RunModel)" time="0.061" />
  <testcase classname="ptolemy.util.test.junit.AutoKnownFailedTests" name="[5] /home/travis/build/icyphy/ptII/ptolemy/domains/de/test/auto/knownFailedTests/dependencyLoop2.xml (RunModel)" time="0.061" />
  <testcase classname="ptolemy.util.test.junit.AutoNameArchTests" name="[0] ThereAreNoAutoArchTests (RunModel)" time="0.002" />
  <testcase classname="ptolemy.util.test.junit.AutoTests" name="[0] /home/travis/build/icyphy/ptII/ptolemy/domains/de/test/auto/ActorDepthCalculation_actorWithoutPorts.xml (RunModel)" time="0.03" />
  <testcase classname="ptolemy.util.test.junit.AutoTests" name="[1] /home/travis/build/icyphy/ptII/ptolemy/domains/de/test/auto/AssemblyLine.xml (RunModel)" time="0.026" />
  <testcase classname="ptolemy.util.test.junit.AutoTests" name="[2] /home/travis/build/icyphy/ptII/ptolemy/domains/de/test/auto/CQBug1.xml (RunModel)" time="0.015" />
  <testcase classname="ptolemy.util.test.junit.AutoTests" name="[3] /home/travis/build/icyphy/ptII/ptolemy/domains/de/test/auto/CancelFireAt.xml (RunModel)" time="0.023" />
  <testcase classname="ptolemy.util.test.junit.AutoTests" name="[4] /home/travis/build/icyphy/ptII/ptolemy/domains/de/test/auto/CausalityAndComposabilityAnalysis.xml (RunModel)" time="0.018" />
  <testcase classname="ptolemy.util.test.junit.AutoTests" name="[5] /home/travis/build/icyphy/ptII/ptolemy/domains/de/test/auto/CausalityInterface1.xml (RunModel)" time="0.021" />
  <testcase classname="ptolemy.util.test.junit.AutoTests" name="[6] /home/travis/build/icyphy/ptII/ptolemy/domains/de/test/auto/CausalityInterface15.xml (RunModel)" time="0.023" />
  <testcase classname="ptolemy.util.test.junit.AutoTests" name="[7] /home/travis/build/icyphy/ptII/ptolemy/domains/de/test/auto/CausalityInterface2.xml (RunModel)" time="0.018" />
  <testcase classname="ptolemy.util.test.junit.AutoTests" name="[8] /home/travis/build/icyphy/ptII/ptolemy/domains/de/test/auto/CausalityInterface3.xml (RunModel)" time="0.018" />
  <testcase classname="ptolemy.util.test.junit.AutoTests" name="[9] /home/travis/build/icyphy/ptII/ptolemy/domains/de/test/auto/ClockDrift.xml (RunModel)" time="0.05" />
  <testcase classname="ptolemy.util.test.junit.AutoTests" name="[10] /home/travis/build/icyphy/ptII/ptolemy/domains/de/test/auto/ClockDriftAndValueChange.xml (RunModel)" time="0.047" />
  <testcase classname="ptolemy.util.test.junit.AutoTests" name="[11] /home/travis/build/icyphy/ptII/ptolemy/domains/de/test/auto/ClockDriftChange.xml (RunModel)" time="0.046" />
  <testcase classname="ptolemy.util.test.junit.AutoTests" name="[12] /home/travis/build/icyphy/ptII/ptolemy/domains/de/test/auto/ComposableCausalityAnalysis.xml (RunModel)" time="0.018" />
  <testcase classname="ptolemy.util.test.junit.AutoTests" name="[13] /home/travis/build/icyphy/ptII/ptolemy/domains/de/test/auto/DEFixedPointLimitation.xml (RunModel)" time="0.014" />
  <testcase classname="ptolemy.util.test.junit.AutoTests" name="[14] /home/travis/build/icyphy/ptII/ptolemy/domains/de/test/auto/DEScheduleTest.xml (RunModel)" time="0.022" />
  <testcase classname="ptolemy.util.test.junit.AutoTests" name="[15] /home/travis/build/icyphy/ptII/ptolemy/domains/de/test/auto/DEinDEwithStartTimes.xml (RunModel)" time="0.027" />
  <testcase classname="ptolemy.util.test.junit.AutoTests" name="[16] /home/travis/build/icyphy/ptII/ptolemy/domains/de/test/auto/DEinDEwithStartTimes2.xml (RunModel)" time="0.025" />
  <testcase classname="ptolemy.util.test.junit.AutoTests" name="[17] /home/travis/build/icyphy/ptII/ptolemy/domains/de/test/auto/DateDemo.xml (RunModel)" time="0.056" />
  <testcase classname="ptolemy.util.test.junit.AutoTests" name="[18] /home/travis/build/icyphy/ptII/ptolemy/domains/de/test/auto/DateToEvent.xml (RunModel)" time="2.053" />
  <testcase classname="ptolemy.util.test.junit.AutoTests" name="[19] /home/travis/build/icyphy/ptII/ptolemy/domains/de/test/auto/DepthTest1.xml (RunModel)" time="0.015" />
  <testcase classname="ptolemy.util.test.junit.AutoTests" name="[20] /home/travis/build/icyphy/ptII/ptolemy/domains/de/test/auto/DepthTest2.xml (RunModel)" time="0.022" />
  <testcase classname="ptolemy.util.test.junit.AutoTests" name="[21] /home/travis/build/icyphy/ptII/ptolemy/domains/de/test/auto/DepthTest3.xml (RunModel)" time="0.009" />
  <testcase classname="ptolemy.util.test.junit.AutoTests" name="[22] /home/travis/build/icyphy/ptII/ptolemy/domains/de/test/auto/DepthTest4.xml (RunModel)" time="0.023" />
  <testcase classname="ptolemy.util.test.junit.AutoTests" name="[23] /home/travis/build/icyphy/ptII/ptolemy/domains/de/test/auto/DepthTest5.xml (RunModel)" time="0.014" />
  <testcase classname="ptolemy.util.test.junit.AutoTests" name="[24] /home/travis/build/icyphy/ptII/ptolemy/domains/de/test/auto/DepthTest6.xml (RunModel)" time="0.016" />
  <testcase classname="ptolemy.util.test.junit.AutoTests" name="[25] /home/travis/build/icyphy/ptII/ptolemy/domains/de/test/auto/DepthTest7.xml (RunModel)" time="0.017" />
  <testcase classname="ptolemy.util.test.junit.AutoTests" name="[26] /home/travis/build/icyphy/ptII/ptolemy/domains/de/test/auto/EventToDate.xml (RunModel)" time="3.035" />
  <testcase classname="ptolemy.util.test.junit.AutoTests" name="[27] /home/travis/build/icyphy/ptII/ptolemy/domains/de/test/auto/FSM1.xml (RunModel)" time="0.049" />
  <testcase classname="ptolemy.util.test.junit.AutoTests" name="[28] /home/travis/build/icyphy/ptII/ptolemy/domains/de/test/auto/FSM7.xml (RunModel)" time="0.038" />
  <testcase classname="ptolemy.util.test.junit.AutoTests" name="[29] /home/travis/build/icyphy/ptII/ptolemy/domains/de/test/auto/Inspection.xml (RunModel)" time="0.043" />
  <testcase classname="ptolemy.util.test.junit.AutoTests" name="[30] /home/travis/build/icyphy/ptII/ptolemy/domains/de/test/auto/Iteration.xml (RunModel)" time="0.028" />
  <testcase classname="ptolemy.util.test.junit.AutoTests" name="[31] /home/travis/build/icyphy/ptII/ptolemy/domains/de/test/auto/LineFault.xml (RunModel)" time="0.665" />
  <testcase classname="ptolemy.util.test.junit.AutoTests" name="[32] /home/travis/build/icyphy/ptII/ptolemy/domains/de/test/auto/MergeModel1Add.xml (RunModel)" time="0.059" />
  <testcase classname="ptolemy.util.test.junit.AutoTests" name="[33] /home/travis/build/icyphy/ptII/ptolemy/domains/de/test/auto/MergeModel2Add.xml (RunModel)" time="0.044" />
  <testcase classname="ptolemy.util.test.junit.AutoTests" name="[34] /home/travis/build/icyphy/ptII/ptolemy/domains/de/test/auto/MergeModel3Add.xml (RunModel)" time="0.062" />
  <testcase classname="ptolemy.util.test.junit.AutoTests" name="[35] /home/travis/build/icyphy/ptII/ptolemy/domains/de/test/auto/MergeWithoutDiscard.xml (RunModel)" time="0.015" />
  <testcase classname="ptolemy.util.test.junit.AutoTests" name="[36] /home/travis/build/icyphy/ptII/ptolemy/domains/de/test/auto/Modal1.xml (RunModel)" time="0.043" />
  <testcase classname="ptolemy.util.test.junit.AutoTests" name="[37] /home/travis/build/icyphy/ptII/ptolemy/domains/de/test/auto/Modal2.xml (RunModel)" time="0.036" />
  <testcase classname="ptolemy.util.test.junit.AutoTests" name="[38] /home/travis/build/icyphy/ptII/ptolemy/domains/de/test/auto/Modal3.xml (RunModel)" time="0.042" />
  <testcase classname="ptolemy.util.test.junit.AutoTests" name="[39] /home/travis/build/icyphy/ptII/ptolemy/domains/de/test/auto/Modal4.xml (RunModel)" time="0.041" />
  <testcase classname="ptolemy.util.test.junit.AutoTests" name="[40] /home/travis/build/icyphy/ptII/ptolemy/domains/de/test/auto/Modal5.xml (RunModel)" time="0.04" />
  <testcase classname="ptolemy.util.test.junit.AutoTests" name="[41] /home/travis/build/icyphy/ptII/ptolemy/domains/de/test/auto/Modal6.xml (RunModel)" time="0.036" />
  <testcase classname="ptolemy.util.test.junit.AutoTests" name="[42] /home/travis/build/icyphy/ptII/ptolemy/domains/de/test/auto/Modal7.xml (RunModel)" time="0.04" />
  <testcase classname="ptolemy.util.test.junit.AutoTests" name="[43] /home/travis/build/icyphy/ptII/ptolemy/domains/de/test/auto/ModalModel.xml (RunModel)" time="0.222" />
  <testcase classname="ptolemy.util.test.junit.AutoTests" name="[44] /home/travis/build/icyphy/ptII/ptolemy/domains/de/test/auto/ModalSource.xml (RunModel)" time="0.032" />
  <testcase classname="ptolemy.util.test.junit.AutoTests" name="[45] /home/travis/build/icyphy/ptII/ptolemy/domains/de/test/auto/NonInterruptibleTimerZeroDelay.xml (RunModel)" time="0.016" />
  <testcase classname="ptolemy.util.test.junit.AutoTests" name="[46] /home/travis/build/icyphy/ptII/ptolemy/domains/de/test/auto/OpenQueueingNetwork.xml (RunModel)" time="2.561" />
  <testcase classname="ptolemy.util.test.junit.AutoTests" name="[47] /home/travis/build/icyphy/ptII/ptolemy/domains/de/test/auto/OpenQueuingNetwork.xml (RunModel)" time="0.301" />
  <testcase classname="ptolemy.util.test.junit.AutoTests" name="[48] /home/travis/build/icyphy/ptII/ptolemy/domains/de/test/auto/PeriodicSampler.xml (RunModel)" time="0.013" />
  <testcase classname="ptolemy.util.test.junit.AutoTests" name="[49] /home/travis/build/icyphy/ptII/ptolemy/domains/de/test/auto/PersistentIO.xml (RunModel)" time="0.028" />
  <testcase classname="ptolemy.util.test.junit.AutoTests" name="[50] /home/travis/build/icyphy/ptII/ptolemy/domains/de/test/auto/PortParameterResetOnInitialize.xml (RunModel)" time="0.011" />
  <testcase classname="ptolemy.util.test.junit.AutoTests" name="[51] /home/travis/build/icyphy/ptII/ptolemy/domains/de/test/auto/PortParameterUpdates.xml (RunModel)" time="0.018" />
  <testcase classname="ptolemy.util.test.junit.AutoTests" name="[52] /home/travis/build/icyphy/ptII/ptolemy/domains/de/test/auto/QueueAndServer.xml (RunModel)" time="0.036" />
  <testcase classname="ptolemy.util.test.junit.AutoTests" name="[53] /home/travis/build/icyphy/ptII/ptolemy/domains/de/test/auto/Records.xml (RunModel)" time="0.023" />
  <testcase classname="ptolemy.util.test.junit.AutoTests" name="[54] /home/travis/build/icyphy/ptII/ptolemy/domains/de/test/auto/ResetTransitionWithStartTime1.xml (RunModel)" time="0.03" />
  <testcase classname="ptolemy.util.test.junit.AutoTests" name="[55] /home/travis/build/icyphy/ptII/ptolemy/domains/de/test/auto/ResetTransitionWithStartTime2.xml (RunModel)" time="0.034" />
  <testcase classname="ptolemy.util.test.junit.AutoTests" name="[56] /home/travis/build/icyphy/ptII/ptolemy/domains/de/test/auto/ResetTransitionWithStartTime3.xml (RunModel)" time="0.028" />
  <testcase classname="ptolemy.util.test.junit.AutoTests" name="[57] /home/travis/build/icyphy/ptII/ptolemy/domains/de/test/auto/ResetTransitionWithStartTime4.xml (RunModel)" time="0.025" />
  <testcase classname="ptolemy.util.test.junit.AutoTests" name="[58] /home/travis/build/icyphy/ptII/ptolemy/domains/de/test/auto/ResettableTimer1.xml (RunModel)" time="0.015" />
  <testcase classname="ptolemy.util.test.junit.AutoTests" name="[59] /home/travis/build/icyphy/ptII/ptolemy/domains/de/test/auto/ResettableTimer2.xml (RunModel)" time="0.014" />
  <testcase classname="ptolemy.util.test.junit.AutoTests" name="[60] /home/travis/build/icyphy/ptII/ptolemy/domains/de/test/auto/ResettableTimer3.xml (RunModel)" time="0.014" />
  <testcase classname="ptolemy.util.test.junit.AutoTests" name="[61] /home/travis/build/icyphy/ptII/ptolemy/domains/de/test/auto/ResettableTimer4.xml (RunModel)" time="0.015" />
  <testcase classname="ptolemy.util.test.junit.AutoTests" name="[62] /home/travis/build/icyphy/ptII/ptolemy/domains/de/test/auto/ResettableTimer5.xml (RunModel)" time="0.012" />
  <testcase classname="ptolemy.util.test.junit.AutoTests" name="[63] /home/travis/build/icyphy/ptII/ptolemy/domains/de/test/auto/ResettableTimer6.xml (RunModel)" time="0.02" />
  <testcase classname="ptolemy.util.test.junit.AutoTests" name="[64] /home/travis/build/icyphy/ptII/ptolemy/domains/de/test/auto/ServerZeroDelay.xml (RunModel)" time="0.013" />
  <testcase classname="ptolemy.util.test.junit.AutoTests" name="[65] /home/travis/build/icyphy/ptII/ptolemy/domains/de/test/auto/SmartSender.xml (RunModel)" time="3.014" />
  <testcase classname="ptolemy.util.test.junit.AutoTests" name="[66] /home/travis/build/icyphy/ptII/ptolemy/domains/de/test/auto/ThreadedComposite.xml (RunModel)" time="0.359" />
  <testcase classname="ptolemy.util.test.junit.AutoTests" name="[67] /home/travis/build/icyphy/ptII/ptolemy/domains/de/test/auto/Time.xml (RunModel)" time="0.454" />
  <testcase classname="ptolemy.util.test.junit.AutoTests" name="[68] /home/travis/build/icyphy/ptII/ptolemy/domains/de/test/auto/TimeDelayZeroDelay.xml (RunModel)" time="0.014" />
  <testcase classname="ptolemy.util.test.junit.AutoTests" name="[69] /home/travis/build/icyphy/ptII/ptolemy/domains/de/test/auto/TimerZeroDelay.xml (RunModel)" time="0.007" />
  <testcase classname="ptolemy.util.test.junit.AutoTests" name="[70] /home/travis/build/icyphy/ptII/ptolemy/domains/de/test/auto/TimingParadox.xml (RunModel)" time="0.366" />
  <testcase classname="ptolemy.util.test.junit.AutoTests" name="[71] /home/travis/build/icyphy/ptII/ptolemy/domains/de/test/auto/TransferInputs.xml (RunModel)" time="0.035" />
  <testcase classname="ptolemy.util.test.junit.AutoTests" name="[72] /home/travis/build/icyphy/ptII/ptolemy/domains/de/test/auto/TransferOutputs2.xml (RunModel)" time="0.049" />
  <testcase classname="ptolemy.util.test.junit.AutoTests" name="[73] /home/travis/build/icyphy/ptII/ptolemy/domains/de/test/auto/Trilateration.xml (RunModel)" time="13.811" />
  <testcase classname="ptolemy.util.test.junit.AutoTests" name="[74] /home/travis/build/icyphy/ptII/ptolemy/domains/de/test/auto/TwoSigmaDelta.xml (RunModel)" time="2.31" />
  <testcase classname="ptolemy.util.test.junit.AutoTests" name="[75] /home/travis/build/icyphy/ptII/ptolemy/domains/de/test/auto/VariableDelay.xml (RunModel)" time="0.01" />
  <testcase classname="ptolemy.util.test.junit.AutoTests" name="[76] /home/travis/build/icyphy/ptII/ptolemy/domains/de/test/auto/VariableDelay2.xml (RunModel)" time="0.023" />
  <testcase classname="ptolemy.util.test.junit.AutoTests" name="[77] /home/travis/build/icyphy/ptII/ptolemy/domains/de/test/auto/VariableDelayZeroDelay.xml (RunModel)" time="0.029" />
  <testcase classname="ptolemy.util.test.junit.AutoTests" name="[78] /home/travis/build/icyphy/ptII/ptolemy/domains/de/test/auto/VariableDelayZeroDelay2.xml (RunModel)" time="0.022" />
  <testcase classname="ptolemy.util.test.junit.AutoTests" name="[79] /home/travis/build/icyphy/ptII/ptolemy/domains/de/test/auto/deInCt.xml (RunModel)" time="0.021" />
  <testcase classname="ptolemy.util.test.junit.AutoTests" name="[80] /home/travis/build/icyphy/ptII/ptolemy/domains/de/test/auto/deInCt2.xml (RunModel)" time="0.02" />
  <testcase classname="ptolemy.util.test.junit.AutoTests" name="[81] /home/travis/build/icyphy/ptII/ptolemy/domains/de/test/auto/dynamicCausalityInterface1.xml (RunModel)" time="0.023" />
  <testcase classname="ptolemy.util.test.junit.AutoTests" name="[82] /home/travis/build/icyphy/ptII/ptolemy/domains/de/test/auto/fsm_de_test.xml (RunModel)" time="0.032" />
  <testcase classname="ptolemy.util.test.junit.AutoTests" name="[83] /home/travis/build/icyphy/ptII/ptolemy/domains/de/test/auto/functionDependencyReconstruction.xml (RunModel)" time="0.036" />
  <testcase classname="ptolemy.util.test.junit.AutoTests" name="[84] /home/travis/build/icyphy/ptII/ptolemy/domains/de/test/auto/multirate.xml (RunModel)" time="0.021" />
  <testcase classname="ptolemy.util.test.junit.AutoTests" name="[85] /home/travis/build/icyphy/ptII/ptolemy/domains/de/test/auto/multirate2.xml (RunModel)" time="0.024" />
  <testcase classname="ptolemy.util.test.junit.AutoTests" name="[86] /home/travis/build/icyphy/ptII/ptolemy/domains/de/test/auto/realtime.xml (RunModel)" time="10.014" />
  <testcase classname="ptolemy.util.test.junit.AutoTests" name="[87] /home/travis/build/icyphy/ptII/ptolemy/domains/de/test/auto/relationGroup.xml (RunModel)" time="0.009" />
  <testcase classname="ptolemy.util.test.junit.AutoTests" name="[88] /home/travis/build/icyphy/ptII/ptolemy/domains/de/test/auto/relationGroup2.xml (RunModel)" time="0.013" />
  <testcase classname="ptolemy.util.test.junit.AutoTests" name="[89] /home/travis/build/icyphy/ptII/ptolemy/domains/de/test/auto/sortWithOpaquePorts.xml (RunModel)" time="0.011" />
  <testcase classname="ptolemy.util.test.junit.AutoTests" name="[90] /home/travis/build/icyphy/ptII/ptolemy/domains/de/test/auto/transferInputsandOutputs.xml (RunModel)" time="0.021" />
  <testcase classname="ptolemy.util.test.junit.AutoTests" name="[91] /home/travis/build/icyphy/ptII/ptolemy/domains/de/test/auto/triggerType.xml (RunModel)" time="0.009" />
  <system-out><![CDATA[/home/travis/build/icyphy/ptII/ptolemy/domains/de/test/DependencyLoop.tcl
testDefs.tcl: setting time out to 9000 seconds at Tue Sep 10 05:39:14 UTC 2019
77 ms. Memory: 120832K Free: 72130K (60%)
43 ms. Memory: 120832K Free: 54691K (45%)
/home/travis/build/icyphy/ptII/ptolemy/domains/de/test/RunDETestsAsQSS.tcl
Run the DE tests using ptolemy.domains.qss.test.QSSDirectorTest, which extends QSSDirector and prints a message in the constructors.
------------------ testing $PTII/ptolemy/domains/de/test/auto/knownFailedTests/DirectFeedback.xml (Known Failure) 
78 ms. Memory: 120832K Free: 49092K (41%)


==== $PTIIhome/travis/build/icyphy/ptII/ptolemy/domains/de/test/../../../../: Auto Automatic test in file $PTII/ptolemy/domains/de/test/auto/knownFailedTests/DirectFeedback.xml
==== Contents of test case:

	    # FIXME: we should use $relativeFilename here, but it
	    # might have backslashes under Windows, which causes no end
	    # of trouble.
	    createAndExecute $file
	    list {}
	
.... Test generated KNOWN error:
    while executing
ptolemy.kernel.util.IllegalActionException: Test fails in iteration 1.
Value was: 1.0. Should have been: 2.0
  in .DirectFeedback.Test
	at ptolemy.actor.lib.Test.fire(Test.java:268)
	at ptolemy.domains.de.kernel.DEDirector._fire(DEDirector.java:1949)
	at ptolemy.domains.de.kernel.DEDirector.fire(DEDirector.java:502)
	at ptolemy.actor.CompositeActor.fire(CompositeActor.java:455)
	at ptolemy.actor.Manager.iterate(Manager.java:851)
	at ptolemy.actor.Manager.execute(Manager.java:369)
	at ptolemy.actor.Manager.run(Manager.java:1263)
	at ptolemy.actor.Manager$PtolemyRunThread.run(Manager.java:1933)

    while executing
ptolemy.kernel.util.IllegalActionException: Test fails in iteration 1.
Value was: 1.0. Should have been: 2.0
  in .DirectFeedback.Test
    while executing
"java::new ptolemy.moml.MoMLSimpleApplication $file
"
    (procedure "createAndExecute" line 2)
    invoked from within
"createAndExecute $file"
    ("uplevel" body line 5)
    invoked from within
"uplevel $contents_of_test"
------------------ testing $PTII/ptolemy/domains/de/test/auto/knownFailedTests/dependencyLoop.xml (Known Failure) 
30 ms. Memory: 120832K Free: 46020K (38%)


==== $PTIIhome/travis/build/icyphy/ptII/ptolemy/domains/de/test/../../../../: Auto Automatic test in file $PTII/ptolemy/domains/de/test/auto/knownFailedTests/dependencyLoop.xml
==== Contents of test case:

	    # FIXME: we should use $relativeFilename here, but it
	    # might have backslashes under Windows, which causes no end
	    # of trouble.
	    createAndExecute $file
	    list {}
	
.... Test generated KNOWN error:
    while executing
ptolemy.kernel.util.IllegalActionException: Found a zero delay loop containing .dependencyLoop.original
  in .dependencyLoop and .dependencyLoop.original
	at ptolemy.actor.util.CausalityInterfaceForComposites._computeOutputPortDepth(CausalityInterfaceForComposites.java:759)
	at ptolemy.actor.util.CausalityInterfaceForComposites._computeInputDepth(CausalityInterfaceForComposites.java:696)
	at ptolemy.actor.util.CausalityInterfaceForComposites._computeOutputPortDepth(CausalityInterfaceForComposites.java:765)
	at ptolemy.actor.util.CausalityInterfaceForComposites._computeInputDepth(CausalityInterfaceForComposites.java:696)
	at ptolemy.actor.util.CausalityInterfaceForComposites._computeOutputPortDepth(CausalityInterfaceForComposites.java:765)
	at ptolemy.actor.util.CausalityInterfaceForComposites._computeInputDepth(CausalityInterfaceForComposites.java:696)
	at ptolemy.actor.util.CausalityInterfaceForComposites._computeActorDepth(CausalityInterfaceForComposites.java:532)
	at ptolemy.actor.util.CausalityInterfaceForComposites.checkForCycles(CausalityInterfaceForComposites.java:96)
	at ptolemy.domains.de.kernel.DEDirector.preinitialize(DEDirector.java:1338)
	at ptolemy.actor.CompositeActor.preinitialize(CompositeActor.java:1828)
	at ptolemy.actor.Manager.preinitializeAndResolveTypes(Manager.java:1040)
	at ptolemy.actor.Manager.initialize(Manager.java:710)
	at ptolemy.actor.Manager.execute(Manager.java:356)
	at ptolemy.actor.Manager.run(Manager.java:1263)
	at ptolemy.actor.Manager$PtolemyRunThread.run(Manager.java:1933)

    while executing
ptolemy.kernel.util.IllegalActionException: Found a zero delay loop containing .dependencyLoop.original
  in .dependencyLoop and .dependencyLoop.original
    while executing
"java::new ptolemy.moml.MoMLSimpleApplication $file
"
    (procedure "createAndExecute" line 2)
    invoked from within
"createAndExecute $file"
    ("uplevel" body line 5)
    invoked from within
"uplevel $contents_of_test"
------------------ testing $PTII/ptolemy/domains/de/test/auto/knownFailedTests/FSMSource.xml (Known Failure) 
94 ms. Memory: 120832K Free: 99389K (82%)
!!!! Auto was marked as failing, but now passes
------------------ testing $PTII/ptolemy/domains/de/test/auto/knownFailedTests/HierarchicalModel.xml (Known Failure) 
6 ms. Memory: 120832K Free: 82005K (68%)


==== $PTIIhome/travis/build/icyphy/ptII/ptolemy/domains/de/test/../../../../: Auto Automatic test in file $PTII/ptolemy/domains/de/test/auto/knownFailedTests/HierarchicalModel.xml
==== Contents of test case:

	    # FIXME: we should use $relativeFilename here, but it
	    # might have backslashes under Windows, which causes no end
	    # of trouble.
	    createAndExecute $file
	    list {}
	
.... Test generated KNOWN error:
    while executing
ptolemy.kernel.util.IllegalActionException: Found a zero delay loop containing .HierarchicalModel.A
  in .HierarchicalModel and .HierarchicalModel.A
	at ptolemy.actor.util.CausalityInterfaceForComposites._computeOutputPortDepth(CausalityInterfaceForComposites.java:759)
	at ptolemy.actor.util.CausalityInterfaceForComposites._computeInputDepth(CausalityInterfaceForComposites.java:696)
	at ptolemy.actor.util.CausalityInterfaceForComposites._computeOutputPortDepth(CausalityInterfaceForComposites.java:765)
	at ptolemy.actor.util.CausalityInterfaceForComposites._computeInputDepth(CausalityInterfaceForComposites.java:696)
	at ptolemy.actor.util.CausalityInterfaceForComposites._computeOutputPortDepth(CausalityInterfaceForComposites.java:765)
	at ptolemy.actor.util.CausalityInterfaceForComposites._computeInputDepth(CausalityInterfaceForComposites.java:696)
	at ptolemy.actor.util.CausalityInterfaceForComposites._computeActorDepth(CausalityInterfaceForComposites.java:532)
	at ptolemy.actor.util.CausalityInterfaceForComposites.checkForCycles(CausalityInterfaceForComposites.java:96)
	at ptolemy.domains.de.kernel.DEDirector.preinitialize(DEDirector.java:1338)
	at ptolemy.actor.CompositeActor.preinitialize(CompositeActor.java:1828)
	at ptolemy.actor.Manager.preinitializeAndResolveTypes(Manager.java:1040)
	at ptolemy.actor.Manager.initialize(Manager.java:710)
	at ptolemy.actor.Manager.execute(Manager.java:356)
	at ptolemy.actor.Manager.run(Manager.java:1263)
	at ptolemy.actor.Manager$PtolemyRunThread.run(Manager.java:1933)

    while executing
ptolemy.kernel.util.IllegalActionException: Found a zero delay loop containing .HierarchicalModel.A
  in .HierarchicalModel and .HierarchicalModel.A
    while executing
"java::new ptolemy.moml.MoMLSimpleApplication $file
"
    (procedure "createAndExecute" line 2)
    invoked from within
"createAndExecute $file"
    ("uplevel" body line 5)
    invoked from within
"uplevel $contents_of_test"
------------------ testing $PTII/ptolemy/domains/de/test/auto/knownFailedTests/dependencyLoop2.xml (Known Failure) 
29 ms. Memory: 120832K Free: 106342K (88%)


==== $PTIIhome/travis/build/icyphy/ptII/ptolemy/domains/de/test/../../../../: Auto Automatic test in file $PTII/ptolemy/domains/de/test/auto/knownFailedTests/dependencyLoop2.xml
==== Contents of test case:

	    # FIXME: we should use $relativeFilename here, but it
	    # might have backslashes under Windows, which causes no end
	    # of trouble.
	    createAndExecute $file
	    list {}
	
.... Test generated KNOWN error:
    while executing
ptolemy.kernel.util.IllegalActionException: Found a zero delay loop containing .dependencyLoop2.original
  in .dependencyLoop2 and .dependencyLoop2.original
	at ptolemy.actor.util.CausalityInterfaceForComposites._computeOutputPortDepth(CausalityInterfaceForComposites.java:759)
	at ptolemy.actor.util.CausalityInterfaceForComposites._computeInputDepth(CausalityInterfaceForComposites.java:696)
	at ptolemy.actor.util.CausalityInterfaceForComposites._computeOutputPortDepth(CausalityInterfaceForComposites.java:765)
	at ptolemy.actor.util.CausalityInterfaceForComposites._computeInputDepth(CausalityInterfaceForComposites.java:696)
	at ptolemy.actor.util.CausalityInterfaceForComposites._computeOutputPortDepth(CausalityInterfaceForComposites.java:765)
	at ptolemy.actor.util.CausalityInterfaceForComposites._computeInputDepth(CausalityInterfaceForComposites.java:696)
	at ptolemy.actor.util.CausalityInterfaceForComposites._computeActorDepth(CausalityInterfaceForComposites.java:532)
	at ptolemy.actor.util.CausalityInterfaceForComposites.checkForCycles(CausalityInterfaceForComposites.java:96)
	at ptolemy.domains.de.kernel.DEDirector.preinitialize(DEDirector.java:1338)
	at ptolemy.actor.CompositeActor.preinitialize(CompositeActor.java:1828)
	at ptolemy.actor.Manager.preinitializeAndResolveTypes(Manager.java:1040)
	at ptolemy.actor.Manager.initialize(Manager.java:710)
	at ptolemy.actor.Manager.execute(Manager.java:356)
	at ptolemy.actor.Manager.run(Manager.java:1263)
	at ptolemy.actor.Manager$PtolemyRunThread.run(Manager.java:1933)

    while executing
ptolemy.kernel.util.IllegalActionException: Found a zero delay loop containing .dependencyLoop2.original
  in .dependencyLoop2 and .dependencyLoop2.original
    while executing
"java::new ptolemy.moml.MoMLSimpleApplication $file
"
    (procedure "createAndExecute" line 2)
    invoked from within
"createAndExecute $file"
    ("uplevel" body line 5)
    invoked from within
"uplevel $contents_of_test"
------------------ testing $PTII/ptolemy/domains/de/test/auto/knownFailedTests/DESDFClockTest.xml (Known Failure) 
2066 ms. Memory: 120832K Free: 93356K (77%)


==== $PTIIhome/travis/build/icyphy/ptII/ptolemy/domains/de/test/../../../../: Auto Automatic test in file $PTII/ptolemy/domains/de/test/auto/knownFailedTests/DESDFClockTest.xml
==== Contents of test case:

	    # FIXME: we should use $relativeFilename here, but it
	    # might have backslashes under Windows, which causes no end
	    # of trouble.
	    createAndExecute $file
	    list {}
	
.... Test generated KNOWN error:
    while executing
ptolemy.kernel.util.IllegalActionException: Actor is not ready to fire.  Perhaps UpSample.prefire() returned false? Try debugging the actor by selecting "Listen to Actor".  Also, for SDF check moml for tokenConsumptionRate on input.
  in .DESDFClockTest.Play Bell.Copy1:SDF Director and .DESDFClockTest.Play Bell.UpSample
	at ptolemy.actor.sched.StaticSchedulingDirector.fire(StaticSchedulingDirector.java:227)
	at ptolemy.domains.sdf.kernel.SDFDirector.fire(SDFDirector.java:500)
	at ptolemy.actor.CompositeActor.fire(CompositeActor.java:455)
	at ptolemy.domains.de.kernel.DEDirector._fire(DEDirector.java:1949)
	at ptolemy.domains.de.kernel.DEDirector.fire(DEDirector.java:502)
	at ptolemy.actor.CompositeActor.fire(CompositeActor.java:455)
	at ptolemy.actor.Manager.iterate(Manager.java:851)
	at ptolemy.actor.Manager.execute(Manager.java:369)
	at ptolemy.actor.Manager.run(Manager.java:1263)
	at ptolemy.actor.Manager$PtolemyRunThread.run(Manager.java:1933)

    while executing
ptolemy.kernel.util.IllegalActionException: Actor is not ready to fire.  Perhaps UpSample.prefire() returned false? Try debugging the actor by selecting "Listen to Actor".  Also, for SDF check moml for tokenConsumptionRate on input.
  in .DESDFClockTest.Play Bell.Copy1:SDF Director and .DESDFClockTest.Play Bell.UpSample
    while executing
"java::new ptolemy.moml.MoMLSimpleApplication $file
"
    (procedure "createAndExecute" line 2)
    invoked from within
"createAndExecute $file"
    ("uplevel" body line 5)
    invoked from within
"uplevel $contents_of_test"
------------------ testing $PTII/ptolemy/domains/de/test/auto/ActorDepthCalculation_actorWithoutPorts.xml
auto.tcl: Setting watchdog for 200 seconds at Tue Sep 10 05:39:18 UTC 2019
17 ms. Memory: 120832K Free: 86514K (72%)
ptolemy.util.test.WatchDog.cancel(): canceling Tue Sep 10 05:39:18 UTC 2019
auto.tcl: Setting watchdog for 200 seconds at Tue Sep 10 05:39:18 UTC 2019
12 ms. Memory: 120832K Free: 84838K (70%)
ptolemy.util.test.WatchDog.cancel(): canceling Tue Sep 10 05:39:18 UTC 2019
------------------ testing $PTII/ptolemy/domains/de/test/auto/AssemblyLine.xml
auto.tcl: Setting watchdog for 200 seconds at Tue Sep 10 05:39:19 UTC 2019
21 ms. Memory: 45056K Free: 22986K (51%)
ptolemy.util.test.WatchDog.cancel(): canceling Tue Sep 10 05:39:19 UTC 2019
auto.tcl: Setting watchdog for 200 seconds at Tue Sep 10 05:39:19 UTC 2019
8 ms. Memory: 45056K Free: 22254K (49%)
ptolemy.util.test.WatchDog.cancel(): canceling Tue Sep 10 05:39:19 UTC 2019
------------------ testing $PTII/ptolemy/domains/de/test/auto/CQBug1.xml
auto.tcl: Setting watchdog for 200 seconds at Tue Sep 10 05:39:19 UTC 2019
3 ms. Memory: 45056K Free: 28564K (63%)
ptolemy.util.test.WatchDog.cancel(): canceling Tue Sep 10 05:39:19 UTC 2019
auto.tcl: Setting watchdog for 200 seconds at Tue Sep 10 05:39:19 UTC 2019
2 ms. Memory: 45056K Free: 28167K (63%)
ptolemy.util.test.WatchDog.cancel(): canceling Tue Sep 10 05:39:19 UTC 2019
------------------ testing $PTII/ptolemy/domains/de/test/auto/CancelFireAt.xml
auto.tcl: Setting watchdog for 200 seconds at Tue Sep 10 05:39:19 UTC 2019
3 ms. Memory: 45056K Free: 29696K (66%)
ptolemy.util.test.WatchDog.cancel(): canceling Tue Sep 10 05:39:19 UTC 2019
auto.tcl: Setting watchdog for 200 seconds at Tue Sep 10 05:39:19 UTC 2019
2 ms. Memory: 45056K Free: 29265K (65%)
ptolemy.util.test.WatchDog.cancel(): canceling Tue Sep 10 05:39:19 UTC 2019
------------------ testing $PTII/ptolemy/domains/de/test/auto/CausalityAndComposabilityAnalysis.xml
auto.tcl: Setting watchdog for 200 seconds at Tue Sep 10 05:39:19 UTC 2019
11 ms. Memory: 45056K Free: 27444K (61%)
ptolemy.util.test.WatchDog.cancel(): canceling Tue Sep 10 05:39:19 UTC 2019
auto.tcl: Setting watchdog for 200 seconds at Tue Sep 10 05:39:19 UTC 2019
5 ms. Memory: 45056K Free: 27013K (60%)
ptolemy.util.test.WatchDog.cancel(): canceling Tue Sep 10 05:39:19 UTC 2019
------------------ testing $PTII/ptolemy/domains/de/test/auto/CausalityInterface1.xml
auto.tcl: Setting watchdog for 200 seconds at Tue Sep 10 05:39:19 UTC 2019
33 ms. Memory: 45056K Free: 26373K (59%)
ptolemy.util.test.WatchDog.cancel(): canceling Tue Sep 10 05:39:19 UTC 2019
auto.tcl: Setting watchdog for 200 seconds at Tue Sep 10 05:39:19 UTC 2019
5 ms. Memory: 45056K Free: 25406K (56%)
ptolemy.util.test.WatchDog.cancel(): canceling Tue Sep 10 05:39:19 UTC 2019
------------------ testing $PTII/ptolemy/domains/de/test/auto/CausalityInterface15.xml
auto.tcl: Setting watchdog for 200 seconds at Tue Sep 10 05:39:19 UTC 2019
15 ms. Memory: 45056K Free: 26529K (59%)
ptolemy.util.test.WatchDog.cancel(): canceling Tue Sep 10 05:39:19 UTC 2019
auto.tcl: Setting watchdog for 200 seconds at Tue Sep 10 05:39:19 UTC 2019
6 ms. Memory: 45056K Free: 25347K (56%)
ptolemy.util.test.WatchDog.cancel(): canceling Tue Sep 10 05:39:19 UTC 2019
------------------ testing $PTII/ptolemy/domains/de/test/auto/CausalityInterface2.xml
auto.tcl: Setting watchdog for 200 seconds at Tue Sep 10 05:39:20 UTC 2019
5 ms. Memory: 45056K Free: 27103K (60%)
ptolemy.util.test.WatchDog.cancel(): canceling Tue Sep 10 05:39:20 UTC 2019
auto.tcl: Setting watchdog for 200 seconds at Tue Sep 10 05:39:20 UTC 2019
4 ms. Memory: 45056K Free: 26353K (58%)
ptolemy.util.test.WatchDog.cancel(): canceling Tue Sep 10 05:39:20 UTC 2019
------------------ testing $PTII/ptolemy/domains/de/test/auto/CausalityInterface3.xml
auto.tcl: Setting watchdog for 200 seconds at Tue Sep 10 05:39:20 UTC 2019
5 ms. Memory: 45056K Free: 26564K (59%)
ptolemy.util.test.WatchDog.cancel(): canceling Tue Sep 10 05:39:20 UTC 2019
auto.tcl: Setting watchdog for 200 seconds at Tue Sep 10 05:39:20 UTC 2019
4 ms. Memory: 45056K Free: 26056K (58%)
ptolemy.util.test.WatchDog.cancel(): canceling Tue Sep 10 05:39:20 UTC 2019
------------------ testing $PTII/ptolemy/domains/de/test/auto/ClockDrift.xml
auto.tcl: Setting watchdog for 200 seconds at Tue Sep 10 05:39:20 UTC 2019
131 ms. Memory: 45056K Free: 19138K (42%)
ptolemy.util.test.WatchDog.cancel(): canceling Tue Sep 10 05:39:20 UTC 2019
auto.tcl: Setting watchdog for 200 seconds at Tue Sep 10 05:39:20 UTC 2019
75 ms. Memory: 45056K Free: 16123K (36%)
ptolemy.util.test.WatchDog.cancel(): canceling Tue Sep 10 05:39:20 UTC 2019
------------------ testing $PTII/ptolemy/domains/de/test/auto/ClockDriftAndValueChange.xml
auto.tcl: Setting watchdog for 200 seconds at Tue Sep 10 05:39:20 UTC 2019
28 ms. Memory: 45056K Free: 19570K (43%)
ptolemy.util.test.WatchDog.cancel(): canceling Tue Sep 10 05:39:20 UTC 2019
auto.tcl: Setting watchdog for 200 seconds at Tue Sep 10 05:39:20 UTC 2019
25 ms. Memory: 45056K Free: 16378K (36%)
ptolemy.util.test.WatchDog.cancel(): canceling Tue Sep 10 05:39:20 UTC 2019
------------------ testing $PTII/ptolemy/domains/de/test/auto/ClockDriftChange.xml
auto.tcl: Setting watchdog for 200 seconds at Tue Sep 10 05:39:20 UTC 2019
24 ms. Memory: 45056K Free: 21272K (47%)
ptolemy.util.test.WatchDog.cancel(): canceling Tue Sep 10 05:39:20 UTC 2019
auto.tcl: Setting watchdog for 200 seconds at Tue Sep 10 05:39:20 UTC 2019
16 ms. Memory: 45056K Free: 18705K (42%)
ptolemy.util.test.WatchDog.cancel(): canceling Tue Sep 10 05:39:20 UTC 2019
------------------ testing $PTII/ptolemy/domains/de/test/auto/ComposableCausalityAnalysis.xml
auto.tcl: Setting watchdog for 200 seconds at Tue Sep 10 05:39:20 UTC 2019
2 ms. Memory: 45056K Free: 25912K (58%)
ptolemy.util.test.WatchDog.cancel(): canceling Tue Sep 10 05:39:20 UTC 2019
auto.tcl: Setting watchdog for 200 seconds at Tue Sep 10 05:39:20 UTC 2019
5 ms. Memory: 45056K Free: 24889K (55%)
ptolemy.util.test.WatchDog.cancel(): canceling Tue Sep 10 05:39:20 UTC 2019
------------------ testing $PTII/ptolemy/domains/de/test/auto/DEFixedPointLimitation.xml
auto.tcl: Setting watchdog for 200 seconds at Tue Sep 10 05:39:21 UTC 2019
2 ms. Memory: 45056K Free: 27244K (60%)
ptolemy.util.test.WatchDog.cancel(): canceling Tue Sep 10 05:39:21 UTC 2019
auto.tcl: Setting watchdog for 200 seconds at Tue Sep 10 05:39:21 UTC 2019
2 ms. Memory: 45056K Free: 26344K (58%)
ptolemy.util.test.WatchDog.cancel(): canceling Tue Sep 10 05:39:21 UTC 2019
------------------ testing $PTII/ptolemy/domains/de/test/auto/DEScheduleTest.xml
auto.tcl: Setting watchdog for 200 seconds at Tue Sep 10 05:39:21 UTC 2019
7 ms. Memory: 45056K Free: 27549K (61%)
ptolemy.util.test.WatchDog.cancel(): canceling Tue Sep 10 05:39:21 UTC 2019
auto.tcl: Setting watchdog for 200 seconds at Tue Sep 10 05:39:21 UTC 2019
3 ms. Memory: 45056K Free: 26767K (59%)
ptolemy.util.test.WatchDog.cancel(): canceling Tue Sep 10 05:39:21 UTC 2019
------------------ testing $PTII/ptolemy/domains/de/test/auto/DEinDEwithStartTimes.xml
auto.tcl: Setting watchdog for 200 seconds at Tue Sep 10 05:39:21 UTC 2019
4 ms. Memory: 45056K Free: 25736K (57%)
ptolemy.util.test.WatchDog.cancel(): canceling Tue Sep 10 05:39:21 UTC 2019
auto.tcl: Setting watchdog for 200 seconds at Tue Sep 10 05:39:21 UTC 2019
3 ms. Memory: 45056K Free: 24670K (55%)
ptolemy.util.test.WatchDog.cancel(): canceling Tue Sep 10 05:39:21 UTC 2019
------------------ testing $PTII/ptolemy/domains/de/test/auto/DEinDEwithStartTimes2.xml
auto.tcl: Setting watchdog for 200 seconds at Tue Sep 10 05:39:21 UTC 2019
9 ms. Memory: 45056K Free: 24932K (55%)
ptolemy.util.test.WatchDog.cancel(): canceling Tue Sep 10 05:39:21 UTC 2019
auto.tcl: Setting watchdog for 200 seconds at Tue Sep 10 05:39:21 UTC 2019
8 ms. Memory: 45056K Free: 23624K (52%)
ptolemy.util.test.WatchDog.cancel(): canceling Tue Sep 10 05:39:21 UTC 2019
------------------ testing $PTII/ptolemy/domains/de/test/auto/DateDemo.xml
auto.tcl: Setting watchdog for 200 seconds at Tue Sep 10 05:39:21 UTC 2019
21 ms. Memory: 45056K Free: 19577K (43%)
ptolemy.util.test.WatchDog.cancel(): canceling Tue Sep 10 05:39:21 UTC 2019
auto.tcl: Setting watchdog for 200 seconds at Tue Sep 10 05:39:21 UTC 2019
8 ms. Memory: 45056K Free: 17712K (39%)
ptolemy.util.test.WatchDog.cancel(): canceling Tue Sep 10 05:39:21 UTC 2019
------------------ testing $PTII/ptolemy/domains/de/test/auto/DateToEvent.xml
auto.tcl: Setting watchdog for 200 seconds at Tue Sep 10 05:39:21 UTC 2019
2009 ms. Memory: 45056K Free: 15189K (34%)
ptolemy.util.test.WatchDog.cancel(): canceling Tue Sep 10 05:39:23 UTC 2019
auto.tcl: Setting watchdog for 200 seconds at Tue Sep 10 05:39:23 UTC 2019
2011 ms. Memory: 45056K Free: 14409K (32%)
ptolemy.util.test.WatchDog.cancel(): canceling Tue Sep 10 05:39:25 UTC 2019
------------------ testing $PTII/ptolemy/domains/de/test/auto/DepthTest1.xml
auto.tcl: Setting watchdog for 200 seconds at Tue Sep 10 05:39:25 UTC 2019
3 ms. Memory: 45056K Free: 28485K (63%)
ptolemy.util.test.WatchDog.cancel(): canceling Tue Sep 10 05:39:25 UTC 2019
auto.tcl: Setting watchdog for 200 seconds at Tue Sep 10 05:39:25 UTC 2019
1 ms. Memory: 45056K Free: 27941K (62%)
ptolemy.util.test.WatchDog.cancel(): canceling Tue Sep 10 05:39:25 UTC 2019
------------------ testing $PTII/ptolemy/domains/de/test/auto/DepthTest2.xml
auto.tcl: Setting watchdog for 200 seconds at Tue Sep 10 05:39:25 UTC 2019
5 ms. Memory: 45056K Free: 25214K (56%)
ptolemy.util.test.WatchDog.cancel(): canceling Tue Sep 10 05:39:25 UTC 2019
auto.tcl: Setting watchdog for 200 seconds at Tue Sep 10 05:39:25 UTC 2019
3 ms. Memory: 45056K Free: 24809K (55%)
ptolemy.util.test.WatchDog.cancel(): canceling Tue Sep 10 05:39:25 UTC 2019
------------------ testing $PTII/ptolemy/domains/de/test/auto/DepthTest3.xml
auto.tcl: Setting watchdog for 200 seconds at Tue Sep 10 05:39:25 UTC 2019
3 ms. Memory: 45056K Free: 28667K (64%)
ptolemy.util.test.WatchDog.cancel(): canceling Tue Sep 10 05:39:25 UTC 2019
auto.tcl: Setting watchdog for 200 seconds at Tue Sep 10 05:39:25 UTC 2019
4 ms. Memory: 45056K Free: 28268K (63%)
ptolemy.util.test.WatchDog.cancel(): canceling Tue Sep 10 05:39:25 UTC 2019
------------------ testing $PTII/ptolemy/domains/de/test/auto/DepthTest4.xml
auto.tcl: Setting watchdog for 200 seconds at Tue Sep 10 05:39:25 UTC 2019
8 ms. Memory: 45056K Free: 27024K (60%)
ptolemy.util.test.WatchDog.cancel(): canceling Tue Sep 10 05:39:25 UTC 2019
auto.tcl: Setting watchdog for 200 seconds at Tue Sep 10 05:39:25 UTC 2019
2 ms. Memory: 45056K Free: 26310K (58%)
ptolemy.util.test.WatchDog.cancel(): canceling Tue Sep 10 05:39:25 UTC 2019
------------------ testing $PTII/ptolemy/domains/de/test/auto/DepthTest5.xml
auto.tcl: Setting watchdog for 200 seconds at Tue Sep 10 05:39:25 UTC 2019
4 ms. Memory: 45056K Free: 26383K (59%)
ptolemy.util.test.WatchDog.cancel(): canceling Tue Sep 10 05:39:25 UTC 2019
auto.tcl: Setting watchdog for 200 seconds at Tue Sep 10 05:39:25 UTC 2019
5 ms. Memory: 45056K Free: 25628K (57%)
ptolemy.util.test.WatchDog.cancel(): canceling Tue Sep 10 05:39:26 UTC 2019
------------------ testing $PTII/ptolemy/domains/de/test/auto/DepthTest6.xml
auto.tcl: Setting watchdog for 200 seconds at Tue Sep 10 05:39:26 UTC 2019
6 ms. Memory: 45056K Free: 26147K (58%)
ptolemy.util.test.WatchDog.cancel(): canceling Tue Sep 10 05:39:26 UTC 2019
auto.tcl: Setting watchdog for 200 seconds at Tue Sep 10 05:39:26 UTC 2019
3 ms. Memory: 45056K Free: 25718K (57%)
ptolemy.util.test.WatchDog.cancel(): canceling Tue Sep 10 05:39:26 UTC 2019
------------------ testing $PTII/ptolemy/domains/de/test/auto/DepthTest7.xml
auto.tcl: Setting watchdog for 200 seconds at Tue Sep 10 05:39:26 UTC 2019
3 ms. Memory: 45056K Free: 26747K (59%)
ptolemy.util.test.WatchDog.cancel(): canceling Tue Sep 10 05:39:26 UTC 2019
auto.tcl: Setting watchdog for 200 seconds at Tue Sep 10 05:39:26 UTC 2019
2 ms. Memory: 45056K Free: 25784K (57%)
ptolemy.util.test.WatchDog.cancel(): canceling Tue Sep 10 05:39:26 UTC 2019
------------------ testing $PTII/ptolemy/domains/de/test/auto/EventToDate.xml
auto.tcl: Setting watchdog for 200 seconds at Tue Sep 10 05:39:26 UTC 2019
3011 ms. Memory: 45056K Free: 17970K (40%)
ptolemy.util.test.WatchDog.cancel(): canceling Tue Sep 10 05:39:29 UTC 2019
auto.tcl: Setting watchdog for 200 seconds at Tue Sep 10 05:39:29 UTC 2019
3005 ms. Memory: 45056K Free: 17040K (38%)
ptolemy.util.test.WatchDog.cancel(): canceling Tue Sep 10 05:39:32 UTC 2019
------------------ testing $PTII/ptolemy/domains/de/test/auto/FSM1.xml
auto.tcl: Setting watchdog for 200 seconds at Tue Sep 10 05:39:32 UTC 2019
31 ms. Memory: 45056K Free: 18475K (41%)
ptolemy.util.test.WatchDog.cancel(): canceling Tue Sep 10 05:39:32 UTC 2019
auto.tcl: Setting watchdog for 200 seconds at Tue Sep 10 05:39:32 UTC 2019
22 ms. Memory: 45056K Free: 15314K (34%)
ptolemy.util.test.WatchDog.cancel(): canceling Tue Sep 10 05:39:32 UTC 2019
------------------ testing $PTII/ptolemy/domains/de/test/auto/FSM7.xml
auto.tcl: Setting watchdog for 200 seconds at Tue Sep 10 05:39:32 UTC 2019
33 ms. Memory: 45056K Free: 18265K (41%)
ptolemy.util.test.WatchDog.cancel(): canceling Tue Sep 10 05:39:32 UTC 2019
auto.tcl: Setting watchdog for 200 seconds at Tue Sep 10 05:39:32 UTC 2019
20 ms. Memory: 45056K Free: 15139K (34%)
ptolemy.util.test.WatchDog.cancel(): canceling Tue Sep 10 05:39:32 UTC 2019
------------------ testing $PTII/ptolemy/domains/de/test/auto/Inspection.xml
auto.tcl: Setting watchdog for 200 seconds at Tue Sep 10 05:39:32 UTC 2019
32 ms. Memory: 45056K Free: 18299K (41%)
ptolemy.util.test.WatchDog.cancel(): canceling Tue Sep 10 05:39:32 UTC 2019
auto.tcl: Setting watchdog for 200 seconds at Tue Sep 10 05:39:32 UTC 2019
24 ms. Memory: 45056K Free: 16545K (37%)
ptolemy.util.test.WatchDog.cancel(): canceling Tue Sep 10 05:39:32 UTC 2019
------------------ testing $PTII/ptolemy/domains/de/test/auto/Iteration.xml
auto.tcl: Setting watchdog for 200 seconds at Tue Sep 10 05:39:32 UTC 2019
11 ms. Memory: 45056K Free: 24000K (53%)
ptolemy.util.test.WatchDog.cancel(): canceling Tue Sep 10 05:39:32 UTC 2019
auto.tcl: Setting watchdog for 200 seconds at Tue Sep 10 05:39:32 UTC 2019
7 ms. Memory: 45056K Free: 22605K (50%)
ptolemy.util.test.WatchDog.cancel(): canceling Tue Sep 10 05:39:32 UTC 2019
------------------ testing $PTII/ptolemy/domains/de/test/auto/LineFault.xml
auto.tcl: Setting watchdog for 200 seconds at Tue Sep 10 05:39:32 UTC 2019
664 ms. Memory: 45056K Free: 13470K (30%)
ptolemy.util.test.WatchDog.cancel(): canceling Tue Sep 10 05:39:33 UTC 2019
auto.tcl: Setting watchdog for 200 seconds at Tue Sep 10 05:39:33 UTC 2019
599 ms. Memory: 54272K Free: 28064K (52%)
ptolemy.util.test.WatchDog.cancel(): canceling Tue Sep 10 05:39:34 UTC 2019
------------------ testing $PTII/ptolemy/domains/de/test/auto/MergeModel1Add.xml
auto.tcl: Setting watchdog for 200 seconds at Tue Sep 10 05:39:34 UTC 2019
38 ms. Memory: 54272K Free: 18905K (35%)
ptolemy.util.test.WatchDog.cancel(): canceling Tue Sep 10 05:39:34 UTC 2019
auto.tcl: Setting watchdog for 200 seconds at Tue Sep 10 05:39:34 UTC 2019
16 ms. Memory: 54272K Free: 17316K (32%)
ptolemy.util.test.WatchDog.cancel(): canceling Tue Sep 10 05:39:34 UTC 2019
------------------ testing $PTII/ptolemy/domains/de/test/auto/MergeModel2Add.xml
auto.tcl: Setting watchdog for 200 seconds at Tue Sep 10 05:39:34 UTC 2019
13 ms. Memory: 51200K Free: 17862K (35%)
ptolemy.util.test.WatchDog.cancel(): canceling Tue Sep 10 05:39:34 UTC 2019
auto.tcl: Setting watchdog for 200 seconds at Tue Sep 10 05:39:34 UTC 2019
12 ms. Memory: 51200K Free: 15930K (31%)
ptolemy.util.test.WatchDog.cancel(): canceling Tue Sep 10 05:39:34 UTC 2019
------------------ testing $PTII/ptolemy/domains/de/test/auto/MergeModel3Add.xml
auto.tcl: Setting watchdog for 200 seconds at Tue Sep 10 05:39:34 UTC 2019
12 ms. Memory: 51200K Free: 17855K (35%)
ptolemy.util.test.WatchDog.cancel(): canceling Tue Sep 10 05:39:34 UTC 2019
auto.tcl: Setting watchdog for 200 seconds at Tue Sep 10 05:39:34 UTC 2019
9 ms. Memory: 51200K Free: 16350K (32%)
ptolemy.util.test.WatchDog.cancel(): canceling Tue Sep 10 05:39:34 UTC 2019
------------------ testing $PTII/ptolemy/domains/de/test/auto/MergeWithoutDiscard.xml
auto.tcl: Setting watchdog for 200 seconds at Tue Sep 10 05:39:35 UTC 2019
2 ms. Memory: 51200K Free: 32441K (63%)
ptolemy.util.test.WatchDog.cancel(): canceling Tue Sep 10 05:39:35 UTC 2019
auto.tcl: Setting watchdog for 200 seconds at Tue Sep 10 05:39:35 UTC 2019
1 ms. Memory: 51200K Free: 31997K (62%)
ptolemy.util.test.WatchDog.cancel(): canceling Tue Sep 10 05:39:35 UTC 2019
------------------ testing $PTII/ptolemy/domains/de/test/auto/Modal1.xml
auto.tcl: Setting watchdog for 200 seconds at Tue Sep 10 05:39:35 UTC 2019
20 ms. Memory: 48128K Free: 21311K (44%)
ptolemy.util.test.WatchDog.cancel(): canceling Tue Sep 10 05:39:35 UTC 2019
auto.tcl: Setting watchdog for 200 seconds at Tue Sep 10 05:39:35 UTC 2019
23 ms. Memory: 48128K Free: 17916K (37%)
ptolemy.util.test.WatchDog.cancel(): canceling Tue Sep 10 05:39:35 UTC 2019
------------------ testing $PTII/ptolemy/domains/de/test/auto/Modal2.xml
auto.tcl: Setting watchdog for 200 seconds at Tue Sep 10 05:39:35 UTC 2019
23 ms. Memory: 48128K Free: 21427K (45%)
ptolemy.util.test.WatchDog.cancel(): canceling Tue Sep 10 05:39:35 UTC 2019
auto.tcl: Setting watchdog for 200 seconds at Tue Sep 10 05:39:35 UTC 2019
30 ms. Memory: 48128K Free: 18191K (38%)
ptolemy.util.test.WatchDog.cancel(): canceling Tue Sep 10 05:39:35 UTC 2019
------------------ testing $PTII/ptolemy/domains/de/test/auto/Modal3.xml
auto.tcl: Setting watchdog for 200 seconds at Tue Sep 10 05:39:35 UTC 2019
17 ms. Memory: 48128K Free: 21412K (44%)
ptolemy.util.test.WatchDog.cancel(): canceling Tue Sep 10 05:39:35 UTC 2019
auto.tcl: Setting watchdog for 200 seconds at Tue Sep 10 05:39:35 UTC 2019
17 ms. Memory: 48128K Free: 18215K (38%)
ptolemy.util.test.WatchDog.cancel(): canceling Tue Sep 10 05:39:35 UTC 2019
------------------ testing $PTII/ptolemy/domains/de/test/auto/Modal4.xml
auto.tcl: Setting watchdog for 200 seconds at Tue Sep 10 05:39:35 UTC 2019
34 ms. Memory: 48128K Free: 20398K (42%)
ptolemy.util.test.WatchDog.cancel(): canceling Tue Sep 10 05:39:35 UTC 2019
auto.tcl: Setting watchdog for 200 seconds at Tue Sep 10 05:39:35 UTC 2019
21 ms. Memory: 48128K Free: 16529K (34%)
ptolemy.util.test.WatchDog.cancel(): canceling Tue Sep 10 05:39:35 UTC 2019
------------------ testing $PTII/ptolemy/domains/de/test/auto/Modal5.xml
auto.tcl: Setting watchdog for 200 seconds at Tue Sep 10 05:39:35 UTC 2019
21 ms. Memory: 48128K Free: 20355K (42%)
ptolemy.util.test.WatchDog.cancel(): canceling Tue Sep 10 05:39:35 UTC 2019
auto.tcl: Setting watchdog for 200 seconds at Tue Sep 10 05:39:35 UTC 2019
18 ms. Memory: 48128K Free: 16516K (34%)
ptolemy.util.test.WatchDog.cancel(): canceling Tue Sep 10 05:39:35 UTC 2019
------------------ testing $PTII/ptolemy/domains/de/test/auto/Modal6.xml
auto.tcl: Setting watchdog for 200 seconds at Tue Sep 10 05:39:35 UTC 2019
24 ms. Memory: 48128K Free: 21166K (44%)
ptolemy.util.test.WatchDog.cancel(): canceling Tue Sep 10 05:39:35 UTC 2019
auto.tcl: Setting watchdog for 200 seconds at Tue Sep 10 05:39:35 UTC 2019
23 ms. Memory: 48128K Free: 17536K (36%)
ptolemy.util.test.WatchDog.cancel(): canceling Tue Sep 10 05:39:35 UTC 2019
------------------ testing $PTII/ptolemy/domains/de/test/auto/Modal7.xml
auto.tcl: Setting watchdog for 200 seconds at Tue Sep 10 05:39:36 UTC 2019
20 ms. Memory: 48128K Free: 20338K (42%)
ptolemy.util.test.WatchDog.cancel(): canceling Tue Sep 10 05:39:36 UTC 2019
auto.tcl: Setting watchdog for 200 seconds at Tue Sep 10 05:39:36 UTC 2019
14 ms. Memory: 48128K Free: 16812K (35%)
ptolemy.util.test.WatchDog.cancel(): canceling Tue Sep 10 05:39:36 UTC 2019
------------------ testing $PTII/ptolemy/domains/de/test/auto/ModalModel.xml
auto.tcl: Setting watchdog for 200 seconds at Tue Sep 10 05:39:36 UTC 2019
275 ms. Memory: 58368K Free: 39791K (68%)
ptolemy.util.test.WatchDog.cancel(): canceling Tue Sep 10 05:39:36 UTC 2019
auto.tcl: Setting watchdog for 200 seconds at Tue Sep 10 05:39:36 UTC 2019
207 ms. Memory: 58368K Free: 35127K (60%)
ptolemy.util.test.WatchDog.cancel(): canceling Tue Sep 10 05:39:36 UTC 2019
------------------ testing $PTII/ptolemy/domains/de/test/auto/ModalSource.xml
auto.tcl: Setting watchdog for 200 seconds at Tue Sep 10 05:39:36 UTC 2019
7 ms. Memory: 51200K Free: 28263K (55%)
ptolemy.util.test.WatchDog.cancel(): canceling Tue Sep 10 05:39:36 UTC 2019
auto.tcl: Setting watchdog for 200 seconds at Tue Sep 10 05:39:36 UTC 2019
6 ms. Memory: 51200K Free: 26358K (51%)
ptolemy.util.test.WatchDog.cancel(): canceling Tue Sep 10 05:39:36 UTC 2019
------------------ testing $PTII/ptolemy/domains/de/test/auto/NonInterruptibleTimerZeroDelay.xml
auto.tcl: Setting watchdog for 200 seconds at Tue Sep 10 05:39:36 UTC 2019
4 ms. Memory: 48128K Free: 30194K (63%)
ptolemy.util.test.WatchDog.cancel(): canceling Tue Sep 10 05:39:36 UTC 2019
auto.tcl: Setting watchdog for 200 seconds at Tue Sep 10 05:39:36 UTC 2019
2 ms. Memory: 48128K Free: 29479K (61%)
ptolemy.util.test.WatchDog.cancel(): canceling Tue Sep 10 05:39:36 UTC 2019
------------------ testing $PTII/ptolemy/domains/de/test/auto/OpenQueueingNetwork.xml
auto.tcl: Setting watchdog for 200 seconds at Tue Sep 10 05:39:36 UTC 2019
3117 ms. Memory: 134144K Free: 65404K (49%)
ptolemy.util.test.WatchDog.cancel(): canceling Tue Sep 10 05:39:40 UTC 2019
auto.tcl: Setting watchdog for 200 seconds at Tue Sep 10 05:39:40 UTC 2019
2855 ms. Memory: 161792K Free: 114281K (71%)
ptolemy.util.test.WatchDog.cancel(): canceling Tue Sep 10 05:39:43 UTC 2019
------------------ testing $PTII/ptolemy/domains/de/test/auto/OpenQueuingNetwork.xml
auto.tcl: Setting watchdog for 200 seconds at Tue Sep 10 05:39:43 UTC 2019
273 ms. Memory: 70656K Free: 43611K (62%)
ptolemy.util.test.WatchDog.cancel(): canceling Tue Sep 10 05:39:43 UTC 2019
auto.tcl: Setting watchdog for 200 seconds at Tue Sep 10 05:39:43 UTC 2019
255 ms. Memory: 70656K Free: 30780K (44%)
ptolemy.util.test.WatchDog.cancel(): canceling Tue Sep 10 05:39:43 UTC 2019
------------------ testing $PTII/ptolemy/domains/de/test/auto/PeriodicSampler.xml
auto.tcl: Setting watchdog for 200 seconds at Tue Sep 10 05:39:43 UTC 2019
4 ms. Memory: 51200K Free: 32397K (63%)
ptolemy.util.test.WatchDog.cancel(): canceling Tue Sep 10 05:39:43 UTC 2019
auto.tcl: Setting watchdog for 200 seconds at Tue Sep 10 05:39:43 UTC 2019
3 ms. Memory: 51200K Free: 31869K (62%)
ptolemy.util.test.WatchDog.cancel(): canceling Tue Sep 10 05:39:43 UTC 2019
------------------ testing $PTII/ptolemy/domains/de/test/auto/PersistentIO.xml
auto.tcl: Setting watchdog for 200 seconds at Tue Sep 10 05:39:44 UTC 2019
7 ms. Memory: 48128K Free: 24234K (50%)
ptolemy.util.test.WatchDog.cancel(): canceling Tue Sep 10 05:39:44 UTC 2019
auto.tcl: Setting watchdog for 200 seconds at Tue Sep 10 05:39:44 UTC 2019
5 ms. Memory: 48128K Free: 22743K (47%)
ptolemy.util.test.WatchDog.cancel(): canceling Tue Sep 10 05:39:44 UTC 2019
------------------ testing $PTII/ptolemy/domains/de/test/auto/PortParameterResetOnInitialize.xml
auto.tcl: Setting watchdog for 200 seconds at Tue Sep 10 05:39:44 UTC 2019
3 ms. Memory: 48128K Free: 29238K (61%)
ptolemy.util.test.WatchDog.cancel(): canceling Tue Sep 10 05:39:44 UTC 2019
auto.tcl: Setting watchdog for 200 seconds at Tue Sep 10 05:39:44 UTC 2019
3 ms. Memory: 48128K Free: 28766K (60%)
ptolemy.util.test.WatchDog.cancel(): canceling Tue Sep 10 05:39:44 UTC 2019
------------------ testing $PTII/ptolemy/domains/de/test/auto/PortParameterUpdates.xml
auto.tcl: Setting watchdog for 200 seconds at Tue Sep 10 05:39:44 UTC 2019
4 ms. Memory: 48128K Free: 27326K (57%)
ptolemy.util.test.WatchDog.cancel(): canceling Tue Sep 10 05:39:44 UTC 2019
auto.tcl: Setting watchdog for 200 seconds at Tue Sep 10 05:39:44 UTC 2019
5 ms. Memory: 48128K Free: 26328K (55%)
ptolemy.util.test.WatchDog.cancel(): canceling Tue Sep 10 05:39:44 UTC 2019
------------------ testing $PTII/ptolemy/domains/de/test/auto/QueueAndServer.xml
auto.tcl: Setting watchdog for 200 seconds at Tue Sep 10 05:39:44 UTC 2019
7 ms. Memory: 48128K Free: 26507K (55%)
ptolemy.util.test.WatchDog.cancel(): canceling Tue Sep 10 05:39:44 UTC 2019
auto.tcl: Setting watchdog for 200 seconds at Tue Sep 10 05:39:44 UTC 2019
9 ms. Memory: 48128K Free: 24766K (51%)
ptolemy.util.test.WatchDog.cancel(): canceling Tue Sep 10 05:39:44 UTC 2019
------------------ testing $PTII/ptolemy/domains/de/test/auto/Records.xml
auto.tcl: Setting watchdog for 200 seconds at Tue Sep 10 05:39:44 UTC 2019
4 ms. Memory: 48128K Free: 28499K (59%)
ptolemy.util.test.WatchDog.cancel(): canceling Tue Sep 10 05:39:44 UTC 2019
auto.tcl: Setting watchdog for 200 seconds at Tue Sep 10 05:39:44 UTC 2019
3 ms. Memory: 48128K Free: 28013K (58%)
ptolemy.util.test.WatchDog.cancel(): canceling Tue Sep 10 05:39:44 UTC 2019
------------------ testing $PTII/ptolemy/domains/de/test/auto/ResetTransitionWithStartTime1.xml
auto.tcl: Setting watchdog for 200 seconds at Tue Sep 10 05:39:44 UTC 2019
10 ms. Memory: 48128K Free: 25734K (53%)
ptolemy.util.test.WatchDog.cancel(): canceling Tue Sep 10 05:39:44 UTC 2019
auto.tcl: Setting watchdog for 200 seconds at Tue Sep 10 05:39:44 UTC 2019
5 ms. Memory: 48128K Free: 23722K (49%)
ptolemy.util.test.WatchDog.cancel(): canceling Tue Sep 10 05:39:44 UTC 2019
------------------ testing $PTII/ptolemy/domains/de/test/auto/ResetTransitionWithStartTime2.xml
auto.tcl: Setting watchdog for 200 seconds at Tue Sep 10 05:39:44 UTC 2019
6 ms. Memory: 48128K Free: 25689K (53%)
ptolemy.util.test.WatchDog.cancel(): canceling Tue Sep 10 05:39:44 UTC 2019
auto.tcl: Setting watchdog for 200 seconds at Tue Sep 10 05:39:44 UTC 2019
7 ms. Memory: 48128K Free: 23653K (49%)
ptolemy.util.test.WatchDog.cancel(): canceling Tue Sep 10 05:39:44 UTC 2019
------------------ testing $PTII/ptolemy/domains/de/test/auto/ResetTransitionWithStartTime3.xml
auto.tcl: Setting watchdog for 200 seconds at Tue Sep 10 05:39:44 UTC 2019
8 ms. Memory: 48128K Free: 25687K (53%)
ptolemy.util.test.WatchDog.cancel(): canceling Tue Sep 10 05:39:44 UTC 2019
auto.tcl: Setting watchdog for 200 seconds at Tue Sep 10 05:39:44 UTC 2019
8 ms. Memory: 48128K Free: 23680K (49%)
ptolemy.util.test.WatchDog.cancel(): canceling Tue Sep 10 05:39:44 UTC 2019
------------------ testing $PTII/ptolemy/domains/de/test/auto/ResetTransitionWithStartTime4.xml
auto.tcl: Setting watchdog for 200 seconds at Tue Sep 10 05:39:44 UTC 2019
9 ms. Memory: 48128K Free: 26401K (55%)
ptolemy.util.test.WatchDog.cancel(): canceling Tue Sep 10 05:39:44 UTC 2019
auto.tcl: Setting watchdog for 200 seconds at Tue Sep 10 05:39:44 UTC 2019
6 ms. Memory: 48128K Free: 24718K (51%)
ptolemy.util.test.WatchDog.cancel(): canceling Tue Sep 10 05:39:44 UTC 2019
------------------ testing $PTII/ptolemy/domains/de/test/auto/ResettableTimer1.xml
auto.tcl: Setting watchdog for 200 seconds at Tue Sep 10 05:39:45 UTC 2019
3 ms. Memory: 48128K Free: 29878K (62%)
ptolemy.util.test.WatchDog.cancel(): canceling Tue Sep 10 05:39:45 UTC 2019
auto.tcl: Setting watchdog for 200 seconds at Tue Sep 10 05:39:45 UTC 2019
3 ms. Memory: 48128K Free: 29254K (61%)
ptolemy.util.test.WatchDog.cancel(): canceling Tue Sep 10 05:39:45 UTC 2019
------------------ testing $PTII/ptolemy/domains/de/test/auto/ResettableTimer2.xml
auto.tcl: Setting watchdog for 200 seconds at Tue Sep 10 05:39:45 UTC 2019
3 ms. Memory: 48128K Free: 30027K (62%)
ptolemy.util.test.WatchDog.cancel(): canceling Tue Sep 10 05:39:45 UTC 2019
auto.tcl: Setting watchdog for 200 seconds at Tue Sep 10 05:39:45 UTC 2019
2 ms. Memory: 48128K Free: 29336K (61%)
ptolemy.util.test.WatchDog.cancel(): canceling Tue Sep 10 05:39:45 UTC 2019
------------------ testing $PTII/ptolemy/domains/de/test/auto/ResettableTimer3.xml
auto.tcl: Setting watchdog for 200 seconds at Tue Sep 10 05:39:45 UTC 2019
2 ms. Memory: 48128K Free: 29862K (62%)
ptolemy.util.test.WatchDog.cancel(): canceling Tue Sep 10 05:39:45 UTC 2019
auto.tcl: Setting watchdog for 200 seconds at Tue Sep 10 05:39:45 UTC 2019
2 ms. Memory: 48128K Free: 29819K (62%)
ptolemy.util.test.WatchDog.cancel(): canceling Tue Sep 10 05:39:45 UTC 2019
------------------ testing $PTII/ptolemy/domains/de/test/auto/ResettableTimer4.xml
auto.tcl: Setting watchdog for 200 seconds at Tue Sep 10 05:39:45 UTC 2019
3 ms. Memory: 48128K Free: 29838K (62%)
ptolemy.util.test.WatchDog.cancel(): canceling Tue Sep 10 05:39:45 UTC 2019
auto.tcl: Setting watchdog for 200 seconds at Tue Sep 10 05:39:45 UTC 2019
1 ms. Memory: 48128K Free: 29348K (61%)
ptolemy.util.test.WatchDog.cancel(): canceling Tue Sep 10 05:39:45 UTC 2019
------------------ testing $PTII/ptolemy/domains/de/test/auto/ResettableTimer5.xml
auto.tcl: Setting watchdog for 200 seconds at Tue Sep 10 05:39:45 UTC 2019
2 ms. Memory: 48128K Free: 29302K (61%)
ptolemy.util.test.WatchDog.cancel(): canceling Tue Sep 10 05:39:45 UTC 2019
auto.tcl: Setting watchdog for 200 seconds at Tue Sep 10 05:39:45 UTC 2019
2 ms. Memory: 48128K Free: 28835K (60%)
ptolemy.util.test.WatchDog.cancel(): canceling Tue Sep 10 05:39:45 UTC 2019
------------------ testing $PTII/ptolemy/domains/de/test/auto/ResettableTimer6.xml
auto.tcl: Setting watchdog for 200 seconds at Tue Sep 10 05:39:45 UTC 2019
2 ms. Memory: 48128K Free: 29307K (61%)
ptolemy.util.test.WatchDog.cancel(): canceling Tue Sep 10 05:39:45 UTC 2019
auto.tcl: Setting watchdog for 200 seconds at Tue Sep 10 05:39:45 UTC 2019
2 ms. Memory: 48128K Free: 28798K (60%)
ptolemy.util.test.WatchDog.cancel(): canceling Tue Sep 10 05:39:45 UTC 2019
------------------ testing $PTII/ptolemy/domains/de/test/auto/ServerZeroDelay.xml
auto.tcl: Setting watchdog for 200 seconds at Tue Sep 10 05:39:45 UTC 2019
3 ms. Memory: 48128K Free: 29981K (62%)
ptolemy.util.test.WatchDog.cancel(): canceling Tue Sep 10 05:39:45 UTC 2019
auto.tcl: Setting watchdog for 200 seconds at Tue Sep 10 05:39:45 UTC 2019
3 ms. Memory: 48128K Free: 28874K (60%)
ptolemy.util.test.WatchDog.cancel(): canceling Tue Sep 10 05:39:45 UTC 2019
------------------ testing $PTII/ptolemy/domains/de/test/auto/SmartSender.xml
auto.tcl: Setting watchdog for 200 seconds at Tue Sep 10 05:39:45 UTC 2019
3001 ms. Memory: 48128K Free: 29848K (62%)
ptolemy.util.test.WatchDog.cancel(): canceling Tue Sep 10 05:39:48 UTC 2019
auto.tcl: Setting watchdog for 200 seconds at Tue Sep 10 05:39:48 UTC 2019
3002 ms. Memory: 48128K Free: 29306K (61%)
ptolemy.util.test.WatchDog.cancel(): canceling Tue Sep 10 05:39:51 UTC 2019
------------------ testing $PTII/ptolemy/domains/de/test/auto/ThreadedComposite.xml
auto.tcl: Setting watchdog for 200 seconds at Tue Sep 10 05:39:51 UTC 2019
749 ms. Memory: 48128K Free: 32879K (68%)
ptolemy.util.test.WatchDog.cancel(): canceling Tue Sep 10 05:39:52 UTC 2019
auto.tcl: Setting watchdog for 200 seconds at Tue Sep 10 05:39:52 UTC 2019
185 ms. Memory: 48128K Free: 18624K (39%)
ptolemy.util.test.WatchDog.cancel(): canceling Tue Sep 10 05:39:52 UTC 2019
------------------ testing $PTII/ptolemy/domains/de/test/auto/Time.xml
auto.tcl: Setting watchdog for 200 seconds at Tue Sep 10 05:39:52 UTC 2019
572 ms. Memory: 48128K Free: 27554K (57%)
ptolemy.util.test.WatchDog.cancel(): canceling Tue Sep 10 05:39:53 UTC 2019
auto.tcl: Setting watchdog for 200 seconds at Tue Sep 10 05:39:53 UTC 2019
553 ms. Memory: 48128K Free: 25579K (53%)
ptolemy.util.test.WatchDog.cancel(): canceling Tue Sep 10 05:39:53 UTC 2019
------------------ testing $PTII/ptolemy/domains/de/test/auto/TimeDelayZeroDelay.xml
auto.tcl: Setting watchdog for 200 seconds at Tue Sep 10 05:39:53 UTC 2019
4 ms. Memory: 48128K Free: 30232K (63%)
ptolemy.util.test.WatchDog.cancel(): canceling Tue Sep 10 05:39:53 UTC 2019
auto.tcl: Setting watchdog for 200 seconds at Tue Sep 10 05:39:53 UTC 2019
2 ms. Memory: 48128K Free: 29357K (61%)
ptolemy.util.test.WatchDog.cancel(): canceling Tue Sep 10 05:39:53 UTC 2019
------------------ testing $PTII/ptolemy/domains/de/test/auto/TimerZeroDelay.xml
auto.tcl: Setting watchdog for 200 seconds at Tue Sep 10 05:39:54 UTC 2019
3 ms. Memory: 48128K Free: 30230K (63%)
ptolemy.util.test.WatchDog.cancel(): canceling Tue Sep 10 05:39:54 UTC 2019
auto.tcl: Setting watchdog for 200 seconds at Tue Sep 10 05:39:54 UTC 2019
3 ms. Memory: 48128K Free: 29385K (61%)
ptolemy.util.test.WatchDog.cancel(): canceling Tue Sep 10 05:39:54 UTC 2019
------------------ testing $PTII/ptolemy/domains/de/test/auto/TimingParadox.xml
auto.tcl: Setting watchdog for 200 seconds at Tue Sep 10 05:39:54 UTC 2019
388 ms. Memory: 48128K Free: 10721K (22%)
ptolemy.util.test.WatchDog.cancel(): canceling Tue Sep 10 05:39:54 UTC 2019
auto.tcl: Setting watchdog for 200 seconds at Tue Sep 10 05:39:54 UTC 2019
404 ms. Memory: 61440K Free: 33767K (55%)
ptolemy.util.test.WatchDog.cancel(): canceling Tue Sep 10 05:39:55 UTC 2019
------------------ testing $PTII/ptolemy/domains/de/test/auto/TransferInputs.xml
auto.tcl: Setting watchdog for 200 seconds at Tue Sep 10 05:39:55 UTC 2019
3 ms. Memory: 55296K Free: 35412K (64%)
ptolemy.util.test.WatchDog.cancel(): canceling Tue Sep 10 05:39:55 UTC 2019
auto.tcl: Setting watchdog for 200 seconds at Tue Sep 10 05:39:55 UTC 2019
3 ms. Memory: 55296K Free: 34538K (62%)
ptolemy.util.test.WatchDog.cancel(): canceling Tue Sep 10 05:39:55 UTC 2019
------------------ testing $PTII/ptolemy/domains/de/test/auto/TransferOutputs2.xml
auto.tcl: Setting watchdog for 200 seconds at Tue Sep 10 05:39:55 UTC 2019
4 ms. Memory: 51200K Free: 28759K (56%)
ptolemy.util.test.WatchDog.cancel(): canceling Tue Sep 10 05:39:55 UTC 2019
auto.tcl: Setting watchdog for 200 seconds at Tue Sep 10 05:39:55 UTC 2019
4 ms. Memory: 51200K Free: 27370K (53%)
ptolemy.util.test.WatchDog.cancel(): canceling Tue Sep 10 05:39:55 UTC 2019
------------------ testing $PTII/ptolemy/domains/de/test/auto/Trilateration.xml
auto.tcl: Setting watchdog for 200 seconds at Tue Sep 10 05:39:55 UTC 2019
16351 ms. Memory: 434176K Free: 232225K (53%)
ptolemy.util.test.WatchDog.cancel(): canceling Tue Sep 10 05:40:12 UTC 2019
auto.tcl: Setting watchdog for 200 seconds at Tue Sep 10 05:40:12 UTC 2019
12521 ms. Memory: 434176K Free: 152181K (35%)
ptolemy.util.test.WatchDog.cancel(): canceling Tue Sep 10 05:40:25 UTC 2019
------------------ testing $PTII/ptolemy/domains/de/test/auto/TwoSigmaDelta.xml
auto.tcl: Setting watchdog for 200 seconds at Tue Sep 10 05:40:25 UTC 2019
3021 ms. Memory: 89088K Free: 16179K (18%)
ptolemy.util.test.WatchDog.cancel(): canceling Tue Sep 10 05:40:28 UTC 2019
auto.tcl: Setting watchdog for 200 seconds at Tue Sep 10 05:40:28 UTC 2019
2467 ms. Memory: 89088K Free: 56601K (64%)
ptolemy.util.test.WatchDog.cancel(): canceling Tue Sep 10 05:40:31 UTC 2019
------------------ testing $PTII/ptolemy/domains/de/test/auto/VariableDelay.xml
auto.tcl: Setting watchdog for 200 seconds at Tue Sep 10 05:40:31 UTC 2019
4 ms. Memory: 51200K Free: 31812K (62%)
ptolemy.util.test.WatchDog.cancel(): canceling Tue Sep 10 05:40:31 UTC 2019
auto.tcl: Setting watchdog for 200 seconds at Tue Sep 10 05:40:31 UTC 2019
2 ms. Memory: 51200K Free: 30772K (60%)
ptolemy.util.test.WatchDog.cancel(): canceling Tue Sep 10 05:40:31 UTC 2019
------------------ testing $PTII/ptolemy/domains/de/test/auto/VariableDelay2.xml
auto.tcl: Setting watchdog for 200 seconds at Tue Sep 10 05:40:31 UTC 2019
10 ms. Memory: 51200K Free: 32219K (63%)
ptolemy.util.test.WatchDog.cancel(): canceling Tue Sep 10 05:40:31 UTC 2019
auto.tcl: Setting watchdog for 200 seconds at Tue Sep 10 05:40:31 UTC 2019
3 ms. Memory: 51200K Free: 31715K (62%)
ptolemy.util.test.WatchDog.cancel(): canceling Tue Sep 10 05:40:31 UTC 2019
------------------ testing $PTII/ptolemy/domains/de/test/auto/VariableDelayZeroDelay.xml
auto.tcl: Setting watchdog for 200 seconds at Tue Sep 10 05:40:31 UTC 2019
3 ms. Memory: 51200K Free: 32738K (64%)
ptolemy.util.test.WatchDog.cancel(): canceling Tue Sep 10 05:40:31 UTC 2019
auto.tcl: Setting watchdog for 200 seconds at Tue Sep 10 05:40:31 UTC 2019
3 ms. Memory: 51200K Free: 32224K (63%)
ptolemy.util.test.WatchDog.cancel(): canceling Tue Sep 10 05:40:31 UTC 2019
------------------ testing $PTII/ptolemy/domains/de/test/auto/VariableDelayZeroDelay2.xml
auto.tcl: Setting watchdog for 200 seconds at Tue Sep 10 05:40:31 UTC 2019
3 ms. Memory: 51200K Free: 32737K (64%)
ptolemy.util.test.WatchDog.cancel(): canceling Tue Sep 10 05:40:31 UTC 2019
auto.tcl: Setting watchdog for 200 seconds at Tue Sep 10 05:40:31 UTC 2019
3 ms. Memory: 51200K Free: 31713K (62%)
ptolemy.util.test.WatchDog.cancel(): canceling Tue Sep 10 05:40:31 UTC 2019
------------------ testing $PTII/ptolemy/domains/de/test/auto/deInCt.xml
auto.tcl: Setting watchdog for 200 seconds at Tue Sep 10 05:40:31 UTC 2019
0
1
1
1
0
0
0
0
0
1
1
0
0
0
0
1
1
1
0
0
1
1
1
0
0
0
1
1
1
1
0
0
0
1
1
1
1
0
0
0
1
1
1
0
0
0
0
16 ms. Memory: 51200K Free: 31710K (62%)
ptolemy.util.test.WatchDog.cancel(): canceling Tue Sep 10 05:40:31 UTC 2019
auto.tcl: Setting watchdog for 200 seconds at Tue Sep 10 05:40:31 UTC 2019
0
1
1
1
0
0
0
0
1
1
1
0
0
0
1
1
1
0
0
0
1
1
1
0
0
1
1
1
0
0
0
1
1
1
0
0
0
0
1
1
1
1
0
0
0
1
1
1
0
0
0
1
1
1
1
1
18 ms. Memory: 51200K Free: 30172K (59%)
ptolemy.util.test.WatchDog.cancel(): canceling Tue Sep 10 05:40:31 UTC 2019
------------------ testing $PTII/ptolemy/domains/de/test/auto/deInCt2.xml
auto.tcl: Setting watchdog for 200 seconds at Tue Sep 10 05:40:31 UTC 2019
0
1
1
1
0
0
1
1
1
0
0
1
1
1
0
0
1
1
1
0
0
1
1
1
0
0
1
1
1
0
0
1
1
1
0
0
1
1
1
0
0
0
11 ms. Memory: 51200K Free: 31713K (62%)
ptolemy.util.test.WatchDog.cancel(): canceling Tue Sep 10 05:40:31 UTC 2019
auto.tcl: Setting watchdog for 200 seconds at Tue Sep 10 05:40:31 UTC 2019
0
1
1
1
0
0
1
1
1
0
0
1
1
1
0
0
1
1
1
0
0
1
1
1
0
0
1
1
1
0
0
1
1
1
0
0
1
1
1
0
0
0
13 ms. Memory: 51200K Free: 30175K (59%)
ptolemy.util.test.WatchDog.cancel(): canceling Tue Sep 10 05:40:31 UTC 2019
------------------ testing $PTII/ptolemy/domains/de/test/auto/dynamicCausalityInterface1.xml
auto.tcl: Setting watchdog for 200 seconds at Tue Sep 10 05:40:31 UTC 2019
1 ms. Memory: 51200K Free: 27611K (54%)
ptolemy.util.test.WatchDog.cancel(): canceling Tue Sep 10 05:40:31 UTC 2019
auto.tcl: Setting watchdog for 200 seconds at Tue Sep 10 05:40:31 UTC 2019
1 ms. Memory: 51200K Free: 27097K (53%)
ptolemy.util.test.WatchDog.cancel(): canceling Tue Sep 10 05:40:31 UTC 2019
------------------ testing $PTII/ptolemy/domains/de/test/auto/fsm_de_test.xml
auto.tcl: Setting watchdog for 200 seconds at Tue Sep 10 05:40:31 UTC 2019
10 ms. Memory: 51200K Free: 27543K (54%)
ptolemy.util.test.WatchDog.cancel(): canceling Tue Sep 10 05:40:31 UTC 2019
auto.tcl: Setting watchdog for 200 seconds at Tue Sep 10 05:40:31 UTC 2019
7 ms. Memory: 51200K Free: 25495K (50%)
ptolemy.util.test.WatchDog.cancel(): canceling Tue Sep 10 05:40:31 UTC 2019
------------------ testing $PTII/ptolemy/domains/de/test/auto/functionDependencyReconstruction.xml
auto.tcl: Setting watchdog for 200 seconds at Tue Sep 10 05:40:32 UTC 2019
4 ms. Memory: 51200K Free: 21389K (42%)
ptolemy.util.test.WatchDog.cancel(): canceling Tue Sep 10 05:40:32 UTC 2019
auto.tcl: Setting watchdog for 200 seconds at Tue Sep 10 05:40:32 UTC 2019
3 ms. Memory: 51200K Free: 19341K (38%)
ptolemy.util.test.WatchDog.cancel(): canceling Tue Sep 10 05:40:32 UTC 2019
------------------ testing $PTII/ptolemy/domains/de/test/auto/multirate.xml
auto.tcl: Setting watchdog for 200 seconds at Tue Sep 10 05:40:32 UTC 2019
8 ms. Memory: 51200K Free: 29959K (59%)
ptolemy.util.test.WatchDog.cancel(): canceling Tue Sep 10 05:40:32 UTC 2019
auto.tcl: Setting watchdog for 200 seconds at Tue Sep 10 05:40:32 UTC 2019
4 ms. Memory: 51200K Free: 28441K (56%)
ptolemy.util.test.WatchDog.cancel(): canceling Tue Sep 10 05:40:32 UTC 2019
------------------ testing $PTII/ptolemy/domains/de/test/auto/multirate2.xml
auto.tcl: Setting watchdog for 200 seconds at Tue Sep 10 05:40:32 UTC 2019
3 ms. Memory: 51200K Free: 30140K (59%)
ptolemy.util.test.WatchDog.cancel(): canceling Tue Sep 10 05:40:32 UTC 2019
auto.tcl: Setting watchdog for 200 seconds at Tue Sep 10 05:40:32 UTC 2019
3 ms. Memory: 51200K Free: 28620K (56%)
ptolemy.util.test.WatchDog.cancel(): canceling Tue Sep 10 05:40:32 UTC 2019
------------------ testing $PTII/ptolemy/domains/de/test/auto/realtime.xml
auto.tcl: Setting watchdog for 200 seconds at Tue Sep 10 05:40:32 UTC 2019
10002 ms. Memory: 51200K Free: 32425K (63%)
ptolemy.util.test.WatchDog.cancel(): canceling Tue Sep 10 05:40:42 UTC 2019
auto.tcl: Setting watchdog for 200 seconds at Tue Sep 10 05:40:42 UTC 2019
10002 ms. Memory: 51200K Free: 31690K (62%)
ptolemy.util.test.WatchDog.cancel(): canceling Tue Sep 10 05:40:52 UTC 2019
------------------ testing $PTII/ptolemy/domains/de/test/auto/relationGroup.xml
auto.tcl: Setting watchdog for 200 seconds at Tue Sep 10 05:40:52 UTC 2019
2 ms. Memory: 51200K Free: 33464K (65%)
ptolemy.util.test.WatchDog.cancel(): canceling Tue Sep 10 05:40:52 UTC 2019
auto.tcl: Setting watchdog for 200 seconds at Tue Sep 10 05:40:52 UTC 2019
2 ms. Memory: 51200K Free: 32952K (64%)
ptolemy.util.test.WatchDog.cancel(): canceling Tue Sep 10 05:40:52 UTC 2019
------------------ testing $PTII/ptolemy/domains/de/test/auto/relationGroup2.xml
auto.tcl: Setting watchdog for 200 seconds at Tue Sep 10 05:40:52 UTC 2019
2 ms. Memory: 51200K Free: 33275K (65%)
ptolemy.util.test.WatchDog.cancel(): canceling Tue Sep 10 05:40:52 UTC 2019
auto.tcl: Setting watchdog for 200 seconds at Tue Sep 10 05:40:52 UTC 2019
2 ms. Memory: 51200K Free: 32765K (64%)
ptolemy.util.test.WatchDog.cancel(): canceling Tue Sep 10 05:40:52 UTC 2019
------------------ testing $PTII/ptolemy/domains/de/test/auto/sortWithOpaquePorts.xml
auto.tcl: Setting watchdog for 200 seconds at Tue Sep 10 05:40:52 UTC 2019
2 ms. Memory: 51200K Free: 32766K (64%)
ptolemy.util.test.WatchDog.cancel(): canceling Tue Sep 10 05:40:52 UTC 2019
auto.tcl: Setting watchdog for 200 seconds at Tue Sep 10 05:40:52 UTC 2019
3 ms. Memory: 51200K Free: 31228K (61%)
ptolemy.util.test.WatchDog.cancel(): canceling Tue Sep 10 05:40:52 UTC 2019
------------------ testing $PTII/ptolemy/domains/de/test/auto/transferInputsandOutputs.xml
auto.tcl: Setting watchdog for 200 seconds at Tue Sep 10 05:40:52 UTC 2019
3 ms. Memory: 51200K Free: 29682K (58%)
ptolemy.util.test.WatchDog.cancel(): canceling Tue Sep 10 05:40:52 UTC 2019
auto.tcl: Setting watchdog for 200 seconds at Tue Sep 10 05:40:52 UTC 2019
3 ms. Memory: 51200K Free: 28658K (56%)
ptolemy.util.test.WatchDog.cancel(): canceling Tue Sep 10 05:40:52 UTC 2019
------------------ testing $PTII/ptolemy/domains/de/test/auto/triggerType.xml
auto.tcl: Setting watchdog for 200 seconds at Tue Sep 10 05:40:52 UTC 2019
2 ms. Memory: 51200K Free: 32706K (64%)
ptolemy.util.test.WatchDog.cancel(): canceling Tue Sep 10 05:40:52 UTC 2019
auto.tcl: Setting watchdog for 200 seconds at Tue Sep 10 05:40:52 UTC 2019
3 ms. Memory: 51200K Free: 31682K (62%)
ptolemy.util.test.WatchDog.cancel(): canceling Tue Sep 10 05:40:52 UTC 2019
09/10/19 05:40:52
Failed: 0  Total Tests: 192  ((Passed: 187, Newly Passed: 1)  Known Failed: 5) /home/travis/build/icyphy/ptII/ptolemy/domains/de/test
09/10/19 05:40:52
Failed: 0  Total Tests: 192  ((Passed: 187, Newly Passed: 1)  Known Failed: 5) /home/travis/build/icyphy/ptII/ptolemy/domains/de/test
----------------- testing (KnownFailure) /home/travis/build/icyphy/ptII/ptolemy/domains/de/test/auto/knownFailedTests/DESDFClockTest.xml
2014 ms. Memory: 51200K Free: 25591K (50%)
Known Failure: java.lang.reflect.InvocationTargetException
----------------- testing (KnownFailure) /home/travis/build/icyphy/ptII/ptolemy/domains/de/test/auto/knownFailedTests/DirectFeedback.xml
3 ms. Memory: 51200K Free: 22005K (43%)
Known Failure: java.lang.reflect.InvocationTargetException
----------------- testing (KnownFailure) /home/travis/build/icyphy/ptII/ptolemy/domains/de/test/auto/knownFailedTests/FSMSource.xml
9 ms. Memory: 51200K Free: 14327K (28%)
----------------- testing (KnownFailure) /home/travis/build/icyphy/ptII/ptolemy/domains/de/test/auto/knownFailedTests/HierarchicalModel.xml
5 ms. Memory: 51200K Free: 27574K (54%)
Known Failure: java.lang.reflect.InvocationTargetException
----------------- testing (KnownFailure) /home/travis/build/icyphy/ptII/ptolemy/domains/de/test/auto/knownFailedTests/dependencyLoop.xml
10 ms. Memory: 51200K Free: 12516K (24%)
Known Failure: java.lang.reflect.InvocationTargetException
----------------- testing (KnownFailure) /home/travis/build/icyphy/ptII/ptolemy/domains/de/test/auto/knownFailedTests/dependencyLoop2.xml
10 ms. Memory: 51200K Free: 26427K (52%)
Known Failure: java.lang.reflect.InvocationTargetException
No auto/linux-amd64/*.xml tests in /home/travis/build/icyphy/ptII/ptolemy/domains/de/test
AutoTests.java: About to close Vertx.
AutoTests.java: Vertx closed.

===========================================================================================
----------------- testing Tue Sep 10 05:40:55 UTC 2019 /home/travis/build/icyphy/ptII/ptolemy/domains/de/test/auto/ActorDepthCalculation_actorWithoutPorts.xml
----------------- Instantiating /home/travis/build/icyphy/ptII/ptolemy/domains/de/test/auto/ActorDepthCalculation_actorWithoutPorts.xml
2 ms. Memory: 51200K Free: 19586K (38%)
----------------- Invoking toplevel() on ptolemy.moml.MoMLSimpleApplication@4c906165
----------------- Done invoking toplevel() on ptolemy.moml.MoMLSimpleApplication@4c906165
reloadAllAccessors: .ActorDepthCalculation_actorWithoutPorts

===========================================================================================
----------------- testing Tue Sep 10 05:40:55 UTC 2019 /home/travis/build/icyphy/ptII/ptolemy/domains/de/test/auto/AssemblyLine.xml
----------------- Instantiating /home/travis/build/icyphy/ptII/ptolemy/domains/de/test/auto/AssemblyLine.xml
4 ms. Memory: 51200K Free: 12432K (24%)
----------------- Invoking toplevel() on ptolemy.moml.MoMLSimpleApplication@70440ac5
----------------- Done invoking toplevel() on ptolemy.moml.MoMLSimpleApplication@70440ac5
reloadAllAccessors: .AssemblyLine

===========================================================================================
----------------- testing Tue Sep 10 05:40:55 UTC 2019 /home/travis/build/icyphy/ptII/ptolemy/domains/de/test/auto/CQBug1.xml
----------------- Instantiating /home/travis/build/icyphy/ptII/ptolemy/domains/de/test/auto/CQBug1.xml
1 ms. Memory: 51200K Free: 9649K (19%)
----------------- Invoking toplevel() on ptolemy.moml.MoMLSimpleApplication@2bcf79e3
----------------- Done invoking toplevel() on ptolemy.moml.MoMLSimpleApplication@2bcf79e3
reloadAllAccessors: .CQBug1

===========================================================================================
----------------- testing Tue Sep 10 05:40:55 UTC 2019 /home/travis/build/icyphy/ptII/ptolemy/domains/de/test/auto/CancelFireAt.xml
----------------- Instantiating /home/travis/build/icyphy/ptII/ptolemy/domains/de/test/auto/CancelFireAt.xml
6 ms. Memory: 51200K Free: 36332K (71%)
----------------- Invoking toplevel() on ptolemy.moml.MoMLSimpleApplication@53df8239
----------------- Done invoking toplevel() on ptolemy.moml.MoMLSimpleApplication@53df8239
reloadAllAccessors: .CancelFireAt

===========================================================================================
----------------- testing Tue Sep 10 05:40:55 UTC 2019 /home/travis/build/icyphy/ptII/ptolemy/domains/de/test/auto/CausalityAndComposabilityAnalysis.xml
----------------- Instantiating /home/travis/build/icyphy/ptII/ptolemy/domains/de/test/auto/CausalityAndComposabilityAnalysis.xml
2 ms. Memory: 51200K Free: 32127K (63%)
----------------- Invoking toplevel() on ptolemy.moml.MoMLSimpleApplication@1fa38a82
----------------- Done invoking toplevel() on ptolemy.moml.MoMLSimpleApplication@1fa38a82
reloadAllAccessors: .CausalityAndComposabilityAnalysis

===========================================================================================
----------------- testing Tue Sep 10 05:40:55 UTC 2019 /home/travis/build/icyphy/ptII/ptolemy/domains/de/test/auto/CausalityInterface1.xml
----------------- Instantiating /home/travis/build/icyphy/ptII/ptolemy/domains/de/test/auto/CausalityInterface1.xml
7 ms. Memory: 51200K Free: 26823K (52%)
----------------- Invoking toplevel() on ptolemy.moml.MoMLSimpleApplication@114a092a
----------------- Done invoking toplevel() on ptolemy.moml.MoMLSimpleApplication@114a092a
reloadAllAccessors: .CausalityInterface1

===========================================================================================
----------------- testing Tue Sep 10 05:40:55 UTC 2019 /home/travis/build/icyphy/ptII/ptolemy/domains/de/test/auto/CausalityInterface15.xml
----------------- Instantiating /home/travis/build/icyphy/ptII/ptolemy/domains/de/test/auto/CausalityInterface15.xml
3 ms. Memory: 51200K Free: 21480K (42%)
----------------- Invoking toplevel() on ptolemy.moml.MoMLSimpleApplication@6701dd60
----------------- Done invoking toplevel() on ptolemy.moml.MoMLSimpleApplication@6701dd60
reloadAllAccessors: .CausalityInterface15

===========================================================================================
----------------- testing Tue Sep 10 05:40:55 UTC 2019 /home/travis/build/icyphy/ptII/ptolemy/domains/de/test/auto/CausalityInterface2.xml
----------------- Instantiating /home/travis/build/icyphy/ptII/ptolemy/domains/de/test/auto/CausalityInterface2.xml
[...]
	at ptolemy.actor.Manager.run(Manager.java:1263)
	at ptolemy.actor.Manager$PtolemyRunThread.run(Manager.java:1933)
java.lang.RuntimeException: Execution failed
	at ptolemy.moml.MoMLSimpleApplication$UnloadThread.run(MoMLSimpleApplication.java:402)
Caused by: ptolemy.kernel.util.IllegalActionException: Actor is not ready to fire.  Perhaps UpSample.prefire() returned false? Try debugging the actor by selecting "Listen to Actor".  Also, for SDF check moml for tokenConsumptionRate on input.
  in .DESDFClockTest.Play Bell.Copy1:SDF Director and .DESDFClockTest.Play Bell.UpSample
	at ptolemy.actor.sched.StaticSchedulingDirector.fire(StaticSchedulingDirector.java:227)
	at ptolemy.domains.sdf.kernel.SDFDirector.fire(SDFDirector.java:500)
	at ptolemy.actor.CompositeActor.fire(CompositeActor.java:455)
	at ptolemy.domains.de.kernel.DEDirector._fire(DEDirector.java:1949)
	at ptolemy.domains.de.kernel.DEDirector.fire(DEDirector.java:502)
	at ptolemy.actor.CompositeActor.fire(CompositeActor.java:455)
	at ptolemy.actor.Manager.iterate(Manager.java:851)
	at ptolemy.actor.Manager.execute(Manager.java:369)
	at ptolemy.actor.Manager.run(Manager.java:1263)
	at ptolemy.actor.Manager$PtolemyRunThread.run(Manager.java:1933)
java.lang.reflect.InvocationTargetException
	at java.base/jdk.internal.reflect.NativeConstructorAccessorImpl.newInstance0(Native Method)
	at java.base/jdk.internal.reflect.NativeConstructorAccessorImpl.newInstance(NativeConstructorAccessorImpl.java:62)
	at java.base/jdk.internal.reflect.DelegatingConstructorAccessorImpl.newInstance(DelegatingConstructorAccessorImpl.java:45)
	at java.base/java.lang.reflect.Constructor.newInstance(Constructor.java:490)
	at ptolemy.util.test.junit.AutoKnownFailedTests.RunModel(AutoKnownFailedTests.java:105)
	at java.base/jdk.internal.reflect.NativeMethodAccessorImpl.invoke0(Native Method)
	at java.base/jdk.internal.reflect.NativeMethodAccessorImpl.invoke(NativeMethodAccessorImpl.java:62)
	at java.base/jdk.internal.reflect.DelegatingMethodAccessorImpl.invoke(DelegatingMethodAccessorImpl.java:43)
	at java.base/java.lang.reflect.Method.invoke(Method.java:566)
	at org.junit.runners.model.FrameworkMethod$1.runReflectiveCall(FrameworkMethod.java:44)
	at org.junit.internal.runners.model.ReflectiveCallable.run(ReflectiveCallable.java:15)
	at org.junit.runners.model.FrameworkMethod.invokeExplosively(FrameworkMethod.java:41)
	at junitparams.internal.InvokeParameterisedMethod.evaluate(InvokeParameterisedMethod.java:102)
	at org.junit.internal.runners.statements.FailOnTimeout$1.run(FailOnTimeout.java:28)
Caused by: ptolemy.kernel.util.IllegalActionException: Actor is not ready to fire.  Perhaps UpSample.prefire() returned false? Try debugging the actor by selecting "Listen to Actor".  Also, for SDF check moml for tokenConsumptionRate on input.
  in .DESDFClockTest.Play Bell.Copy1:SDF Director and .DESDFClockTest.Play Bell.UpSample
	at ptolemy.actor.sched.StaticSchedulingDirector.fire(StaticSchedulingDirector.java:227)
	at ptolemy.domains.sdf.kernel.SDFDirector.fire(SDFDirector.java:500)
	at ptolemy.actor.CompositeActor.fire(CompositeActor.java:455)
	at ptolemy.domains.de.kernel.DEDirector._fire(DEDirector.java:1949)
	at ptolemy.domains.de.kernel.DEDirector.fire(DEDirector.java:502)
	at ptolemy.actor.CompositeActor.fire(CompositeActor.java:455)
	at ptolemy.actor.Manager.iterate(Manager.java:851)
	at ptolemy.actor.Manager.execute(Manager.java:369)
	at ptolemy.actor.Manager.run(Manager.java:1263)
	at ptolemy.actor.Manager$PtolemyRunThread.run(Manager.java:1933)
java.lang.RuntimeException: Execution failed
	at ptolemy.moml.MoMLSimpleApplication$UnloadThread.run(MoMLSimpleApplication.java:402)
Caused by: ptolemy.kernel.util.IllegalActionException: Test fails in iteration 1.
Value was: 1.0. Should have been: 2.0
  in .DirectFeedback.Test
	at ptolemy.actor.lib.Test.fire(Test.java:268)
	at ptolemy.domains.de.kernel.DEDirector._fire(DEDirector.java:1949)
	at ptolemy.domains.de.kernel.DEDirector.fire(DEDirector.java:502)
	at ptolemy.actor.CompositeActor.fire(CompositeActor.java:455)
	at ptolemy.actor.Manager.iterate(Manager.java:851)
	at ptolemy.actor.Manager.execute(Manager.java:369)
	at ptolemy.actor.Manager.run(Manager.java:1263)
	at ptolemy.actor.Manager$PtolemyRunThread.run(Manager.java:1933)
java.lang.reflect.InvocationTargetException
	at java.base/jdk.internal.reflect.NativeConstructorAccessorImpl.newInstance0(Native Method)
	at java.base/jdk.internal.reflect.NativeConstructorAccessorImpl.newInstance(NativeConstructorAccessorImpl.java:62)
	at java.base/jdk.internal.reflect.DelegatingConstructorAccessorImpl.newInstance(DelegatingConstructorAccessorImpl.java:45)
	at java.base/java.lang.reflect.Constructor.newInstance(Constructor.java:490)
	at ptolemy.util.test.junit.AutoKnownFailedTests.RunModel(AutoKnownFailedTests.java:105)
	at java.base/jdk.internal.reflect.NativeMethodAccessorImpl.invoke0(Native Method)
	at java.base/jdk.internal.reflect.NativeMethodAccessorImpl.invoke(NativeMethodAccessorImpl.java:62)
	at java.base/jdk.internal.reflect.DelegatingMethodAccessorImpl.invoke(DelegatingMethodAccessorImpl.java:43)
	at java.base/java.lang.reflect.Method.invoke(Method.java:566)
	at org.junit.runners.model.FrameworkMethod$1.runReflectiveCall(FrameworkMethod.java:44)
	at org.junit.internal.runners.model.ReflectiveCallable.run(ReflectiveCallable.java:15)
	at org.junit.runners.model.FrameworkMethod.invokeExplosively(FrameworkMethod.java:41)
	at junitparams.internal.InvokeParameterisedMethod.evaluate(InvokeParameterisedMethod.java:102)
	at org.junit.internal.runners.statements.FailOnTimeout$1.run(FailOnTimeout.java:28)
Caused by: ptolemy.kernel.util.IllegalActionException: Test fails in iteration 1.
Value was: 1.0. Should have been: 2.0
  in .DirectFeedback.Test
	at ptolemy.actor.lib.Test.fire(Test.java:268)
	at ptolemy.domains.de.kernel.DEDirector._fire(DEDirector.java:1949)
	at ptolemy.domains.de.kernel.DEDirector.fire(DEDirector.java:502)
	at ptolemy.actor.CompositeActor.fire(CompositeActor.java:455)
	at ptolemy.actor.Manager.iterate(Manager.java:851)
	at ptolemy.actor.Manager.execute(Manager.java:369)
	at ptolemy.actor.Manager.run(Manager.java:1263)
	at ptolemy.actor.Manager$PtolemyRunThread.run(Manager.java:1933)
java.lang.RuntimeException: Execution failed
	at ptolemy.moml.MoMLSimpleApplication$UnloadThread.run(MoMLSimpleApplication.java:402)
Caused by: ptolemy.kernel.util.IllegalActionException: Found a zero delay loop containing .HierarchicalModel.A
  in .HierarchicalModel and .HierarchicalModel.A
	at ptolemy.actor.util.CausalityInterfaceForComposites._computeOutputPortDepth(CausalityInterfaceForComposites.java:759)
	at ptolemy.actor.util.CausalityInterfaceForComposites._computeInputDepth(CausalityInterfaceForComposites.java:696)
	at ptolemy.actor.util.CausalityInterfaceForComposites._computeOutputPortDepth(CausalityInterfaceForComposites.java:765)
	at ptolemy.actor.util.CausalityInterfaceForComposites._computeInputDepth(CausalityInterfaceForComposites.java:696)
	at ptolemy.actor.util.CausalityInterfaceForComposites._computeOutputPortDepth(CausalityInterfaceForComposites.java:765)
	at ptolemy.actor.util.CausalityInterfaceForComposites._computeInputDepth(CausalityInterfaceForComposites.java:696)
	at ptolemy.actor.util.CausalityInterfaceForComposites._computeActorDepth(CausalityInterfaceForComposites.java:532)
	at ptolemy.actor.util.CausalityInterfaceForComposites.checkForCycles(CausalityInterfaceForComposites.java:96)
	at ptolemy.domains.de.kernel.DEDirector.preinitialize(DEDirector.java:1338)
	at ptolemy.actor.CompositeActor.preinitialize(CompositeActor.java:1828)
	at ptolemy.actor.Manager.preinitializeAndResolveTypes(Manager.java:1040)
	at ptolemy.actor.Manager.initialize(Manager.java:710)
	at ptolemy.actor.Manager.execute(Manager.java:356)
	at ptolemy.actor.Manager.run(Manager.java:1263)
	at ptolemy.actor.Manager$PtolemyRunThread.run(Manager.java:1933)
java.lang.reflect.InvocationTargetException
	at java.base/jdk.internal.reflect.NativeConstructorAccessorImpl.newInstance0(Native Method)
	at java.base/jdk.internal.reflect.NativeConstructorAccessorImpl.newInstance(NativeConstructorAccessorImpl.java:62)
	at java.base/jdk.internal.reflect.DelegatingConstructorAccessorImpl.newInstance(DelegatingConstructorAccessorImpl.java:45)
	at java.base/java.lang.reflect.Constructor.newInstance(Constructor.java:490)
	at ptolemy.util.test.junit.AutoKnownFailedTests.RunModel(AutoKnownFailedTests.java:105)
	at java.base/jdk.internal.reflect.NativeMethodAccessorImpl.invoke0(Native Method)
	at java.base/jdk.internal.reflect.NativeMethodAccessorImpl.invoke(NativeMethodAccessorImpl.java:62)
	at java.base/jdk.internal.reflect.DelegatingMethodAccessorImpl.invoke(DelegatingMethodAccessorImpl.java:43)
	at java.base/java.lang.reflect.Method.invoke(Method.java:566)
	at org.junit.runners.model.FrameworkMethod$1.runReflectiveCall(FrameworkMethod.java:44)
	at org.junit.internal.runners.model.ReflectiveCallable.run(ReflectiveCallable.java:15)
	at org.junit.runners.model.FrameworkMethod.invokeExplosively(FrameworkMethod.java:41)
	at junitparams.internal.InvokeParameterisedMethod.evaluate(InvokeParameterisedMethod.java:102)
	at org.junit.internal.runners.statements.FailOnTimeout$1.run(FailOnTimeout.java:28)
Caused by: ptolemy.kernel.util.IllegalActionException: Found a zero delay loop containing .HierarchicalModel.A
  in .HierarchicalModel and .HierarchicalModel.A
	at ptolemy.actor.util.CausalityInterfaceForComposites._computeOutputPortDepth(CausalityInterfaceForComposites.java:759)
	at ptolemy.actor.util.CausalityInterfaceForComposites._computeInputDepth(CausalityInterfaceForComposites.java:696)
	at ptolemy.actor.util.CausalityInterfaceForComposites._computeOutputPortDepth(CausalityInterfaceForComposites.java:765)
	at ptolemy.actor.util.CausalityInterfaceForComposites._computeInputDepth(CausalityInterfaceForComposites.java:696)
	at ptolemy.actor.util.CausalityInterfaceForComposites._computeOutputPortDepth(CausalityInterfaceForComposites.java:765)
	at ptolemy.actor.util.CausalityInterfaceForComposites._computeInputDepth(CausalityInterfaceForComposites.java:696)
	at ptolemy.actor.util.CausalityInterfaceForComposites._computeActorDepth(CausalityInterfaceForComposites.java:532)
	at ptolemy.actor.util.CausalityInterfaceForComposites.checkForCycles(CausalityInterfaceForComposites.java:96)
	at ptolemy.domains.de.kernel.DEDirector.preinitialize(DEDirector.java:1338)
	at ptolemy.actor.CompositeActor.preinitialize(CompositeActor.java:1828)
	at ptolemy.actor.Manager.preinitializeAndResolveTypes(Manager.java:1040)
	at ptolemy.actor.Manager.initialize(Manager.java:710)
	at ptolemy.actor.Manager.execute(Manager.java:356)
	at ptolemy.actor.Manager.run(Manager.java:1263)
	at ptolemy.actor.Manager$PtolemyRunThread.run(Manager.java:1933)
java.lang.RuntimeException: Execution failed
	at ptolemy.moml.MoMLSimpleApplication$UnloadThread.run(MoMLSimpleApplication.java:402)
Caused by: ptolemy.kernel.util.IllegalActionException: Found a zero delay loop containing .dependencyLoop.original
  in .dependencyLoop and .dependencyLoop.original
	at ptolemy.actor.util.CausalityInterfaceForComposites._computeOutputPortDepth(CausalityInterfaceForComposites.java:759)
	at ptolemy.actor.util.CausalityInterfaceForComposites._computeInputDepth(CausalityInterfaceForComposites.java:696)
	at ptolemy.actor.util.CausalityInterfaceForComposites._computeOutputPortDepth(CausalityInterfaceForComposites.java:765)
	at ptolemy.actor.util.CausalityInterfaceForComposites._computeInputDepth(CausalityInterfaceForComposites.java:696)
	at ptolemy.actor.util.CausalityInterfaceForComposites._computeOutputPortDepth(CausalityInterfaceForComposites.java:765)
	at ptolemy.actor.util.CausalityInterfaceForComposites._computeInputDepth(CausalityInterfaceForComposites.java:696)
	at ptolemy.actor.util.CausalityInterfaceForComposites._computeActorDepth(CausalityInterfaceForComposites.java:532)
	at ptolemy.actor.util.CausalityInterfaceForComposites.checkForCycles(CausalityInterfaceForComposites.java:96)
	at ptolemy.domains.de.kernel.DEDirector.preinitialize(DEDirector.java:1338)
	at ptolemy.actor.CompositeActor.preinitialize(CompositeActor.java:1828)
	at ptolemy.actor.Manager.preinitializeAndResolveTypes(Manager.java:1040)
	at ptolemy.actor.Manager.initialize(Manager.java:710)
	at ptolemy.actor.Manager.execute(Manager.java:356)
	at ptolemy.actor.Manager.run(Manager.java:1263)
	at ptolemy.actor.Manager$PtolemyRunThread.run(Manager.java:1933)
java.lang.reflect.InvocationTargetException
	at java.base/jdk.internal.reflect.NativeConstructorAccessorImpl.newInstance0(Native Method)
	at java.base/jdk.internal.reflect.NativeConstructorAccessorImpl.newInstance(NativeConstructorAccessorImpl.java:62)
	at java.base/jdk.internal.reflect.DelegatingConstructorAccessorImpl.newInstance(DelegatingConstructorAccessorImpl.java:45)
	at java.base/java.lang.reflect.Constructor.newInstance(Constructor.java:490)
	at ptolemy.util.test.junit.AutoKnownFailedTests.RunModel(AutoKnownFailedTests.java:105)
	at java.base/jdk.internal.reflect.NativeMethodAccessorImpl.invoke0(Native Method)
	at java.base/jdk.internal.reflect.NativeMethodAccessorImpl.invoke(NativeMethodAccessorImpl.java:62)
	at java.base/jdk.internal.reflect.DelegatingMethodAccessorImpl.invoke(DelegatingMethodAccessorImpl.java:43)
	at java.base/java.lang.reflect.Method.invoke(Method.java:566)
	at org.junit.runners.model.FrameworkMethod$1.runReflectiveCall(FrameworkMethod.java:44)
	at org.junit.internal.runners.model.ReflectiveCallable.run(ReflectiveCallable.java:15)
	at org.junit.runners.model.FrameworkMethod.invokeExplosively(FrameworkMethod.java:41)
	at junitparams.internal.InvokeParameterisedMethod.evaluate(InvokeParameterisedMethod.java:102)
	at org.junit.internal.runners.statements.FailOnTimeout$1.run(FailOnTimeout.java:28)
Caused by: ptolemy.kernel.util.IllegalActionException: Found a zero delay loop containing .dependencyLoop.original
  in .dependencyLoop and .dependencyLoop.original
	at ptolemy.actor.util.CausalityInterfaceForComposites._computeOutputPortDepth(CausalityInterfaceForComposites.java:759)
	at ptolemy.actor.util.CausalityInterfaceForComposites._computeInputDepth(CausalityInterfaceForComposites.java:696)
	at ptolemy.actor.util.CausalityInterfaceForComposites._computeOutputPortDepth(CausalityInterfaceForComposites.java:765)
	at ptolemy.actor.util.CausalityInterfaceForComposites._computeInputDepth(CausalityInterfaceForComposites.java:696)
	at ptolemy.actor.util.CausalityInterfaceForComposites._computeOutputPortDepth(CausalityInterfaceForComposites.java:765)
	at ptolemy.actor.util.CausalityInterfaceForComposites._computeInputDepth(CausalityInterfaceForComposites.java:696)
	at ptolemy.actor.util.CausalityInterfaceForComposites._computeActorDepth(CausalityInterfaceForComposites.java:532)
	at ptolemy.actor.util.CausalityInterfaceForComposites.checkForCycles(CausalityInterfaceForComposites.java:96)
	at ptolemy.domains.de.kernel.DEDirector.preinitialize(DEDirector.java:1338)
	at ptolemy.actor.CompositeActor.preinitialize(CompositeActor.java:1828)
	at ptolemy.actor.Manager.preinitializeAndResolveTypes(Manager.java:1040)
	at ptolemy.actor.Manager.initialize(Manager.java:710)
	at ptolemy.actor.Manager.execute(Manager.java:356)
	at ptolemy.actor.Manager.run(Manager.java:1263)
	at ptolemy.actor.Manager$PtolemyRunThread.run(Manager.java:1933)
java.lang.RuntimeException: Execution failed
	at ptolemy.moml.MoMLSimpleApplication$UnloadThread.run(MoMLSimpleApplication.java:402)
Caused by: ptolemy.kernel.util.IllegalActionException: Found a zero delay loop containing .dependencyLoop2.original
  in .dependencyLoop2 and .dependencyLoop2.original
	at ptolemy.actor.util.CausalityInterfaceForComposites._computeOutputPortDepth(CausalityInterfaceForComposites.java:759)
	at ptolemy.actor.util.CausalityInterfaceForComposites._computeInputDepth(CausalityInterfaceForComposites.java:696)
	at ptolemy.actor.util.CausalityInterfaceForComposites._computeOutputPortDepth(CausalityInterfaceForComposites.java:765)
	at ptolemy.actor.util.CausalityInterfaceForComposites._computeInputDepth(CausalityInterfaceForComposites.java:696)
	at ptolemy.actor.util.CausalityInterfaceForComposites._computeOutputPortDepth(CausalityInterfaceForComposites.java:765)
	at ptolemy.actor.util.CausalityInterfaceForComposites._computeInputDepth(CausalityInterfaceForComposites.java:696)
	at ptolemy.actor.util.CausalityInterfaceForComposites._computeActorDepth(CausalityInterfaceForComposites.java:532)
	at ptolemy.actor.util.CausalityInterfaceForComposites.checkForCycles(CausalityInterfaceForComposites.java:96)
	at ptolemy.domains.de.kernel.DEDirector.preinitialize(DEDirector.java:1338)
	at ptolemy.actor.CompositeActor.preinitialize(CompositeActor.java:1828)
	at ptolemy.actor.Manager.preinitializeAndResolveTypes(Manager.java:1040)
	at ptolemy.actor.Manager.initialize(Manager.java:710)
	at ptolemy.actor.Manager.execute(Manager.java:356)
	at ptolemy.actor.Manager.run(Manager.java:1263)
	at ptolemy.actor.Manager$PtolemyRunThread.run(Manager.java:1933)
java.lang.reflect.InvocationTargetException
	at java.base/jdk.internal.reflect.NativeConstructorAccessorImpl.newInstance0(Native Method)
	at java.base/jdk.internal.reflect.NativeConstructorAccessorImpl.newInstance(NativeConstructorAccessorImpl.java:62)
	at java.base/jdk.internal.reflect.DelegatingConstructorAccessorImpl.newInstance(DelegatingConstructorAccessorImpl.java:45)
	at java.base/java.lang.reflect.Constructor.newInstance(Constructor.java:490)
	at ptolemy.util.test.junit.AutoKnownFailedTests.RunModel(AutoKnownFailedTests.java:105)
	at java.base/jdk.internal.reflect.NativeMethodAccessorImpl.invoke0(Native Method)
	at java.base/jdk.internal.reflect.NativeMethodAccessorImpl.invoke(NativeMethodAccessorImpl.java:62)
	at java.base/jdk.internal.reflect.DelegatingMethodAccessorImpl.invoke(DelegatingMethodAccessorImpl.java:43)
	at java.base/java.lang.reflect.Method.invoke(Method.java:566)
	at org.junit.runners.model.FrameworkMethod$1.runReflectiveCall(FrameworkMethod.java:44)
	at org.junit.internal.runners.model.ReflectiveCallable.run(ReflectiveCallable.java:15)
	at org.junit.runners.model.FrameworkMethod.invokeExplosively(FrameworkMethod.java:41)
	at junitparams.internal.InvokeParameterisedMethod.evaluate(InvokeParameterisedMethod.java:102)
	at org.junit.internal.runners.statements.FailOnTimeout$1.run(FailOnTimeout.java:28)
Caused by: ptolemy.kernel.util.IllegalActionException: Found a zero delay loop containing .dependencyLoop2.original
  in .dependencyLoop2 and .dependencyLoop2.original
	at ptolemy.actor.util.CausalityInterfaceForComposites._computeOutputPortDepth(CausalityInterfaceForComposites.java:759)
	at ptolemy.actor.util.CausalityInterfaceForComposites._computeInputDepth(CausalityInterfaceForComposites.java:696)
	at ptolemy.actor.util.CausalityInterfaceForComposites._computeOutputPortDepth(CausalityInterfaceForComposites.java:765)
	at ptolemy.actor.util.CausalityInterfaceForComposites._computeInputDepth(CausalityInterfaceForComposites.java:696)
	at ptolemy.actor.util.CausalityInterfaceForComposites._computeOutputPortDepth(CausalityInterfaceForComposites.java:765)
	at ptolemy.actor.util.CausalityInterfaceForComposites._computeInputDepth(CausalityInterfaceForComposites.java:696)
	at ptolemy.actor.util.CausalityInterfaceForComposites._computeActorDepth(CausalityInterfaceForComposites.java:532)
	at ptolemy.actor.util.CausalityInterfaceForComposites.checkForCycles(CausalityInterfaceForComposites.java:96)
	at ptolemy.domains.de.kernel.DEDirector.preinitialize(DEDirector.java:1338)
	at ptolemy.actor.CompositeActor.preinitialize(CompositeActor.java:1828)
	at ptolemy.actor.Manager.preinitializeAndResolveTypes(Manager.java:1040)
	at ptolemy.actor.Manager.initialize(Manager.java:710)
	at ptolemy.actor.Manager.execute(Manager.java:356)
	at ptolemy.actor.Manager.run(Manager.java:1263)
	at ptolemy.actor.Manager$PtolemyRunThread.run(Manager.java:1933)
]]></system-err>
</testsuite>
