<?xml version="1.0" encoding="UTF-8" ?>
<testsuite errors="0" failures="0" hostname="travis-job-55628bbd-73a0-4fd1-a5ca-2a9f6773c5e6" name="ptolemy.vergil.basic.export.test.junit.ExportModelJUnitTestBatch5" skipped="0" tests="150" time="2007.769" timestamp="2018-06-12T03:05:37">
  <properties>
[...]
</properties>
  <testcase classname="ptolemy.vergil.basic.export.test.junit.ExportModelJUnitTestBatch5" name="[0] ptolemy/demo/PLC/PLC.xml (RunExportModel)" time="24.653" />
  <testcase classname="ptolemy.vergil.basic.export.test.junit.ExportModelJUnitTestBatch5" name="[1] ptolemy/demo/ProbabilisticModels/ChannelFaultModel.xml (RunExportModel)" time="5.894" />
  <testcase classname="ptolemy.vergil.basic.export.test.junit.ExportModelJUnitTestBatch5" name="[2] ptolemy/demo/ProbabilisticModels/GaussianMixtureModel.xml (RunExportModel)" time="4.331" />
  <testcase classname="ptolemy.vergil.basic.export.test.junit.ExportModelJUnitTestBatch5" name="[3] ptolemy/demo/ProbabilisticModels/GMMConvergenceAnalysis.xml (RunExportModel)" time="4.375" />
  <testcase classname="ptolemy.vergil.basic.export.test.junit.ExportModelJUnitTestBatch5" name="[4] ptolemy/demo/ProbabilisticModels/HiddenMarkovModel.xml (RunExportModel)" time="34.426" />
  <testcase classname="ptolemy.vergil.basic.export.test.junit.ExportModelJUnitTestBatch5" name="[5] ptolemy/demo/ProbabilisticModels/HiddenMarkovModelAnalysis.xml (RunExportModel)" time="4.903" />
  <testcase classname="ptolemy.vergil.basic.export.test.junit.ExportModelJUnitTestBatch5" name="[6] ptolemy/demo/ProbabilisticModels/ProbabilisticModels.xml (RunExportModel)" time="3.245" />
  <testcase classname="ptolemy.vergil.basic.export.test.junit.ExportModelJUnitTestBatch5" name="[7] ptolemy/demo/ProbabilisticModels/TwoStateMarkovChain.xml (RunExportModel)" time="34.32" />
  <testcase classname="ptolemy.vergil.basic.export.test.junit.ExportModelJUnitTestBatch5" name="[8] ptolemy/demo/Quarry/Quarry.xml (RunExportModel)" time="37.607" />
  <testcase classname="ptolemy.vergil.basic.export.test.junit.ExportModelJUnitTestBatch5" name="[9] ptolemy/demo/RobotMPC/CollisionAvoidance.xml (RunExportModel)" time="8.071" />
  <testcase classname="ptolemy.vergil.basic.export.test.junit.ExportModelJUnitTestBatch5" name="[10] ptolemy/demo/RobotMPC/CollisionAvoidanceWithAccModel.xml (RunExportModel)" time="7.685" />
  <testcase classname="ptolemy.vergil.basic.export.test.junit.ExportModelJUnitTestBatch5" name="[11] ptolemy/demo/RobotMPC/CollisionAvoidanceWithObservationRobots.xml (RunExportModel)" time="76.34" />
  <testcase classname="ptolemy.vergil.basic.export.test.junit.ExportModelJUnitTestBatch5" name="[12] ptolemy/demo/RobotMPC/CollisionAvoidanceWithUncertainMeasurement.xml (RunExportModel)" time="14.189" />
  <testcase classname="ptolemy.vergil.basic.export.test.junit.ExportModelJUnitTestBatch5" name="[13] ptolemy/demo/RobotMPC/RobotMPC.xml (RunExportModel)" time="3.199" />
  <testcase classname="ptolemy.vergil.basic.export.test.junit.ExportModelJUnitTestBatch5" name="[14] ptolemy/demo/RobotMPC/SimpleChase.xml (RunExportModel)" time="6.004" />
  <testcase classname="ptolemy.vergil.basic.export.test.junit.ExportModelJUnitTestBatch5" name="[15] ptolemy/distributed/demo/Sleep/Sleep.xml (RunExportModel)" time="3.161" />
  <testcase classname="ptolemy.vergil.basic.export.test.junit.ExportModelJUnitTestBatch5" name="[16] ptolemy/domains/algebraic/demo/HeaterOpenTank/HeaterOpenTank.xml (RunExportModel)" time="4.647" />
  <testcase classname="ptolemy.vergil.basic.export.test.junit.ExportModelJUnitTestBatch5" name="[17] ptolemy/domains/algebraic/demo/HeaterOpenTank/HeaterOpenTankRefactored.xml (RunExportModel)" time="4.294" />
  <testcase classname="ptolemy.vergil.basic.export.test.junit.ExportModelJUnitTestBatch5" name="[18] ptolemy/domains/algebraic/demo/RLC/RLC.xml (RunExportModel)" time="4.328" />
  <testcase classname="ptolemy.vergil.basic.export.test.junit.ExportModelJUnitTestBatch5" name="[19] ptolemy/domains/atc/demo/FirstPolicy/FirstPolicy.xml (RunExportModel)" time="34.642" />
  <testcase classname="ptolemy.vergil.basic.export.test.junit.ExportModelJUnitTestBatch5" name="[20] ptolemy/domains/atc/demo/SecondPolicy/SecondPolicy.xml (RunExportModel)" time="34.747" />
  <testcase classname="ptolemy.vergil.basic.export.test.junit.ExportModelJUnitTestBatch5" name="[21] ptolemy/domains/ca/demo/Conway/Conway.xml (RunExportModel)" time="24.666" />
  <testcase classname="ptolemy.vergil.basic.export.test.junit.ExportModelJUnitTestBatch5" name="[22] ptolemy/domains/ca/demo/ConwayRandom/ConwayRandom.xml (RunExportModel)" time="63.206" />
  <testcase classname="ptolemy.vergil.basic.export.test.junit.ExportModelJUnitTestBatch5" name="[23] ptolemy/domains/ci/demo/Router/Router.xml (RunExportModel)" time="34.308" />
  <testcase classname="ptolemy.vergil.basic.export.test.junit.ExportModelJUnitTestBatch5" name="[24] ptolemy/domains/continuous/demo/BouncingBall/BouncingBall.xml (RunExportModel)" time="34.366" />
  <testcase classname="ptolemy.vergil.basic.export.test.junit.ExportModelJUnitTestBatch5" name="[25] ptolemy/domains/continuous/demo/BouncingBall/BouncingBallWithoutGR.xml (RunExportModel)" time="4.805" />
  <testcase classname="ptolemy.vergil.basic.export.test.junit.ExportModelJUnitTestBatch5" name="[26] ptolemy/domains/continuous/demo/Brownian/Brownian.xml (RunExportModel)" time="4.447" />
  <testcase classname="ptolemy.vergil.basic.export.test.junit.ExportModelJUnitTestBatch5" name="[27] ptolemy/domains/continuous/demo/CartPendulum/CartPendulum.xml (RunExportModel)" time="21.181" />
  <testcase classname="ptolemy.vergil.basic.export.test.junit.ExportModelJUnitTestBatch5" name="[28] ptolemy/domains/continuous/demo/CarTracking/CarTracking.xml (RunExportModel)" time="8.016" />
  <testcase classname="ptolemy.vergil.basic.export.test.junit.ExportModelJUnitTestBatch5" name="[29] ptolemy/domains/continuous/demo/ComparedClocks/ComparedClocks.xml (RunExportModel)" time="4.437" />
  <testcase classname="ptolemy.vergil.basic.export.test.junit.ExportModelJUnitTestBatch5" name="[30] ptolemy/domains/continuous/demo/ContinuousInsideDE/ContinuousInsideDE.xml (RunExportModel)" time="4.286" />
  <testcase classname="ptolemy.vergil.basic.export.test.junit.ExportModelJUnitTestBatch5" name="[31] ptolemy/domains/continuous/demo/DCMotor/DCMotor.xml (RunExportModel)" time="34.362" />
  <testcase classname="ptolemy.vergil.basic.export.test.junit.ExportModelJUnitTestBatch5" name="[32] ptolemy/domains/continuous/demo/Derivative/Derivative.xml (RunExportModel)" time="4.375" />
  <testcase classname="ptolemy.vergil.basic.export.test.junit.ExportModelJUnitTestBatch5" name="[33] ptolemy/domains/continuous/demo/Friction/Friction.xml (RunExportModel)" time="5.825" />
  <testcase classname="ptolemy.vergil.basic.export.test.junit.ExportModelJUnitTestBatch5" name="[34] ptolemy/domains/continuous/demo/FurutaPendulum/FurutaPendulum.xml (RunExportModel)" time="27.585" />
  <testcase classname="ptolemy.vergil.basic.export.test.junit.ExportModelJUnitTestBatch5" name="[35] ptolemy/domains/continuous/demo/HierarchicalExecution/HierarchicalExecution.xml (RunExportModel)" time="5.722" />
  <testcase classname="ptolemy.vergil.basic.export.test.junit.ExportModelJUnitTestBatch5" name="[36] ptolemy/domains/continuous/demo/HybridPlant/HybridPlant.xml (RunExportModel)" time="4.999" />
  <testcase classname="ptolemy.vergil.basic.export.test.junit.ExportModelJUnitTestBatch5" name="[37] ptolemy/domains/continuous/demo/HybridPlant/RandomHybridPlant.xml (RunExportModel)" time="4.905" />
  <testcase classname="ptolemy.vergil.basic.export.test.junit.ExportModelJUnitTestBatch5" name="[38] ptolemy/domains/continuous/demo/Hysteresis/Hysteresis.xml (RunExportModel)" time="4.399" />
  <testcase classname="ptolemy.vergil.basic.export.test.junit.ExportModelJUnitTestBatch5" name="[39] ptolemy/domains/continuous/demo/Hysteresis/HysteresisWithRandomDelay.xml (RunExportModel)" time="4.51" />
  <testcase classname="ptolemy.vergil.basic.export.test.junit.ExportModelJUnitTestBatch5" name="[40] ptolemy/domains/continuous/demo/Hysteresis/HysteresisWithRandomLosses.xml (RunExportModel)" time="5.221" />
  <testcase classname="ptolemy.vergil.basic.export.test.junit.ExportModelJUnitTestBatch5" name="[41] ptolemy/domains/continuous/demo/LevelCrossingDetector/LevelCrossingDetector.xml (RunExportModel)" time="4.183" />
  <testcase classname="ptolemy.vergil.basic.export.test.junit.ExportModelJUnitTestBatch5" name="[42] ptolemy/domains/continuous/demo/LevelCrossingDetector/LevelCrossingDetectorDetectingDirections.xml (RunExportModel)" time="4.237" />
  <testcase classname="ptolemy.vergil.basic.export.test.junit.ExportModelJUnitTestBatch5" name="[43] ptolemy/domains/continuous/demo/LevelCrossingDetectorDetectsGlitches/LevelCrossingDetectorDetectsGlitches.xml (RunExportModel)" time="4.308" />
  <testcase classname="ptolemy.vergil.basic.export.test.junit.ExportModelJUnitTestBatch5" name="[44] ptolemy/domains/continuous/demo/Lorenz/Lorenz.xml (RunExportModel)" time="7.679" />
  <testcase classname="ptolemy.vergil.basic.export.test.junit.ExportModelJUnitTestBatch5" name="[45] ptolemy/domains/continuous/demo/Lorenz/LorenzDifferentialSystem.xml (RunExportModel)" time="12.77" />
  <testcase classname="ptolemy.vergil.basic.export.test.junit.ExportModelJUnitTestBatch5" name="[46] ptolemy/domains/continuous/demo/NewtonsCradle/NewtonsCradle.xml (RunExportModel)" time="7.563" />
  <testcase classname="ptolemy.vergil.basic.export.test.junit.ExportModelJUnitTestBatch5" name="[47] ptolemy/domains/continuous/demo/NewtonsCradle/NewtonsCradleAnimated.xml (RunExportModel)" time="36.343" />
  <testcase classname="ptolemy.vergil.basic.export.test.junit.ExportModelJUnitTestBatch5" name="[48] ptolemy/domains/continuous/demo/NewtonsCradle/NewtonsCradleComplicated.xml (RunExportModel)" time="34.691" />
  <testcase classname="ptolemy.vergil.basic.export.test.junit.ExportModelJUnitTestBatch5" name="[49] ptolemy/domains/continuous/demo/NewtonsCradle/NewtonsCradleNondeterministic.xml (RunExportModel)" time="34.814" />
  <testcase classname="ptolemy.vergil.basic.export.test.junit.ExportModelJUnitTestBatch5" name="[50] ptolemy/domains/continuous/demo/NewtonsCradle/NewtonsCradlePerfectlyInelastic1.xml (RunExportModel)" time="10.854" />
  <testcase classname="ptolemy.vergil.basic.export.test.junit.ExportModelJUnitTestBatch5" name="[51] ptolemy/domains/continuous/demo/NewtonsCradle/ParameterizedNewtonsCradleAnimated.xml (RunExportModel)" time="12.806" />
  <testcase classname="ptolemy.vergil.basic.export.test.junit.ExportModelJUnitTestBatch5" name="[52] ptolemy/domains/continuous/demo/NewtonsCradle/ParameterizedNewtonsCradleAnimatedNondeterministic.xml (RunExportModel)" time="34.791" />
  <testcase classname="ptolemy.vergil.basic.export.test.junit.ExportModelJUnitTestBatch5" name="[53] ptolemy/domains/continuous/demo/Noise/Noise.xml (RunExportModel)" time="4.35" />
  <testcase classname="ptolemy.vergil.basic.export.test.junit.ExportModelJUnitTestBatch5" name="[54] ptolemy/domains/continuous/demo/Noise/NoiseSpectrum.xml (RunExportModel)" time="4.771" />
  <testcase classname="ptolemy.vergil.basic.export.test.junit.ExportModelJUnitTestBatch5" name="[55] ptolemy/domains/continuous/demo/Noise/SinusoidInNoise.xml (RunExportModel)" time="5.309" />
  <testcase classname="ptolemy.vergil.basic.export.test.junit.ExportModelJUnitTestBatch5" name="[56] ptolemy/domains/continuous/demo/Pendulum3D/Pendulum3D.xml (RunExportModel)" time="34.473" />
  <testcase classname="ptolemy.vergil.basic.export.test.junit.ExportModelJUnitTestBatch5" name="[57] ptolemy/domains/continuous/demo/Poisson/IncreasingRatePoisson.xml (RunExportModel)" time="4.73" />
  <testcase classname="ptolemy.vergil.basic.export.test.junit.ExportModelJUnitTestBatch5" name="[58] ptolemy/domains/continuous/demo/Poisson/Poisson.xml (RunExportModel)" time="4.549" />
  <testcase classname="ptolemy.vergil.basic.export.test.junit.ExportModelJUnitTestBatch5" name="[59] ptolemy/domains/continuous/demo/SampledClocks/SampledClocks.xml (RunExportModel)" time="4.19" />
  <testcase classname="ptolemy.vergil.basic.export.test.junit.ExportModelJUnitTestBatch5" name="[60] ptolemy/domains/continuous/demo/Satellite/Satellite.xml (RunExportModel)" time="4.895" />
  <testcase classname="ptolemy.vergil.basic.export.test.junit.ExportModelJUnitTestBatch5" name="[61] ptolemy/domains/continuous/demo/SigmaDelta/SigmaDelta.xml (RunExportModel)" time="32.33" />
  <testcase classname="ptolemy.vergil.basic.export.test.junit.ExportModelJUnitTestBatch5" name="[62] ptolemy/domains/continuous/demo/SinuBouncingBall/SinuBouncingBall.xml (RunExportModel)" time="6.742" />
  <testcase classname="ptolemy.vergil.basic.export.test.junit.ExportModelJUnitTestBatch5" name="[63] ptolemy/domains/continuous/demo/Sinusoid/Sinusoid.xml (RunExportModel)" time="4.145" />
  <testcase classname="ptolemy.vergil.basic.export.test.junit.ExportModelJUnitTestBatch5" name="[64] ptolemy/domains/continuous/demo/SquareWave/SquareWave.xml (RunExportModel)" time="4.48" />
  <testcase classname="ptolemy.vergil.basic.export.test.junit.ExportModelJUnitTestBatch5" name="[65] ptolemy/domains/continuous/demo/Starmac/Starmac.xml (RunExportModel)" time="17.469" />
  <testcase classname="ptolemy.vergil.basic.export.test.junit.ExportModelJUnitTestBatch5" name="[66] ptolemy/domains/continuous/demo/StickyMasses/StickyMasses.xml (RunExportModel)" time="17.817" />
  <testcase classname="ptolemy.vergil.basic.export.test.junit.ExportModelJUnitTestBatch5" name="[67] ptolemy/domains/continuous/demo/Switch/Switch.xml (RunExportModel)" time="4.286" />
  <testcase classname="ptolemy.vergil.basic.export.test.junit.ExportModelJUnitTestBatch5" name="[68] ptolemy/domains/continuous/demo/Thermostat/Thermostat.xml (RunExportModel)" time="4.365" />
  <testcase classname="ptolemy.vergil.basic.export.test.junit.ExportModelJUnitTestBatch5" name="[69] ptolemy/domains/continuous/demo/Transmission/EfficiencyCurve.xml (RunExportModel)" time="4.167" />
  <testcase classname="ptolemy.vergil.basic.export.test.junit.ExportModelJUnitTestBatch5" name="[70] ptolemy/domains/continuous/demo/Transmission/Transmission.xml (RunExportModel)" time="4.83" />
  <testcase classname="ptolemy.vergil.basic.export.test.junit.ExportModelJUnitTestBatch5" name="[71] ptolemy/domains/continuous/demo/TwoMachineInfiniteBusControl/TwoMachineInfiniteBusControl.xml (RunExportModel)" time="6.982" />
  <testcase classname="ptolemy.vergil.basic.export.test.junit.ExportModelJUnitTestBatch5" name="[72] ptolemy/domains/continuous/demo/V2V/V2V.xml (RunExportModel)" time="5.014" />
  <testcase classname="ptolemy.vergil.basic.export.test.junit.ExportModelJUnitTestBatch5" name="[73] ptolemy/domains/csp/demo/Barrier/Barrier.xml (RunExportModel)" time="35.794" />
  <testcase classname="ptolemy.vergil.basic.export.test.junit.ExportModelJUnitTestBatch5" name="[74] ptolemy/domains/csp/demo/ResourcePool/ResourcePool.xml (RunExportModel)" time="34.229" />
  <testcase classname="ptolemy.vergil.basic.export.test.junit.ExportModelJUnitTestBatch5" name="[75] ptolemy/domains/csp/demo/WriteRegulator/WriteRegulator.xml (RunExportModel)" time="34.174" />
  <testcase classname="ptolemy.vergil.basic.export.test.junit.ExportModelJUnitTestBatch5" name="[76] ptolemy/domains/curriculum/demo/Curriculum/Curriculum.xml (RunExportModel)" time="3.483" />
  <testcase classname="ptolemy.vergil.basic.export.test.junit.ExportModelJUnitTestBatch5" name="[77] ptolemy/domains/dde/demo/LocalZeno/LocalZeno.xml (RunExportModel)" time="34.251" />
  <testcase classname="ptolemy.vergil.basic.export.test.junit.ExportModelJUnitTestBatch5" name="[78] ptolemy/domains/ddf/demo/Eratosthenes/Eratosthenes.xml (RunExportModel)" time="8.934" />
  <testcase classname="ptolemy.vergil.basic.export.test.junit.ExportModelJUnitTestBatch5" name="[79] ptolemy/domains/ddf/demo/Factorial/Factorial.xml (RunExportModel)" time="6.22" />
  <testcase classname="ptolemy.vergil.basic.export.test.junit.ExportModelJUnitTestBatch5" name="[80] ptolemy/domains/ddf/demo/HanoiTower/HanoiTower.xml (RunExportModel)" time="67.763" />
  <testcase classname="ptolemy.vergil.basic.export.test.junit.ExportModelJUnitTestBatch5" name="[81] ptolemy/domains/ddf/demo/IfThenElse/IfThenElse.xml (RunExportModel)" time="4.215" />
  <testcase classname="ptolemy.vergil.basic.export.test.junit.ExportModelJUnitTestBatch5" name="[82] ptolemy/domains/ddf/demo/IfThenElse/IfThenElseFSM.xml (RunExportModel)" time="4.4" />
  <testcase classname="ptolemy.vergil.basic.export.test.junit.ExportModelJUnitTestBatch5" name="[83] ptolemy/domains/ddf/demo/Loop/Loop.xml (RunExportModel)" time="4.188" />
  <testcase classname="ptolemy.vergil.basic.export.test.junit.ExportModelJUnitTestBatch5" name="[84] ptolemy/domains/ddf/demo/OrderedMerge/OrderedMerge.xml (RunExportModel)" time="4.15" />
  <testcase classname="ptolemy.vergil.basic.export.test.junit.ExportModelJUnitTestBatch5" name="[85] ptolemy/domains/ddf/demo/RandomWalk/RandomWalk.xml (RunExportModel)" time="4.235" />
  <testcase classname="ptolemy.vergil.basic.export.test.junit.ExportModelJUnitTestBatch5" name="[86] ptolemy/domains/ddf/demo/RijndaelEncryption/RijndaelEncryption.xml (RunExportModel)" time="4.592" />
  <testcase classname="ptolemy.vergil.basic.export.test.junit.ExportModelJUnitTestBatch5" name="[87] ptolemy/domains/de/demo/AFDX/AFDX.xml (RunExportModel)" time="4.393" />
  <testcase classname="ptolemy.vergil.basic.export.test.junit.ExportModelJUnitTestBatch5" name="[88] ptolemy/domains/de/demo/AssemblyLine/AssemblyLine.xml (RunExportModel)" time="4.224" />
  <testcase classname="ptolemy.vergil.basic.export.test.junit.ExportModelJUnitTestBatch5" name="[89] ptolemy/domains/de/demo/Bus/Bus.xml (RunExportModel)" time="4.177" />
  <testcase classname="ptolemy.vergil.basic.export.test.junit.ExportModelJUnitTestBatch5" name="[90] ptolemy/domains/de/demo/Clock/Clock.xml (RunExportModel)" time="3.274" />
  <testcase classname="ptolemy.vergil.basic.export.test.junit.ExportModelJUnitTestBatch5" name="[91] ptolemy/domains/de/demo/ClockDrift/ClockDrift.xml (RunExportModel)" time="4.187" />
  <testcase classname="ptolemy.vergil.basic.export.test.junit.ExportModelJUnitTestBatch5" name="[92] ptolemy/domains/de/demo/DateDemo/DateDemo.xml (RunExportModel)" time="7.354" />
  <testcase classname="ptolemy.vergil.basic.export.test.junit.ExportModelJUnitTestBatch5" name="[93] ptolemy/domains/de/demo/EventButton/EventButton.xml (RunExportModel)" time="34.136" />
  <testcase classname="ptolemy.vergil.basic.export.test.junit.ExportModelJUnitTestBatch5" name="[94] ptolemy/domains/de/demo/Inspection/Inspection.xml (RunExportModel)" time="4.257" />
  <testcase classname="ptolemy.vergil.basic.export.test.junit.ExportModelJUnitTestBatch5" name="[95] ptolemy/domains/de/demo/LineFault/LineFault.xml (RunExportModel)" time="6.479" />
  <testcase classname="ptolemy.vergil.basic.export.test.junit.ExportModelJUnitTestBatch5" name="[96] ptolemy/domains/de/demo/LongRuns/LongRuns.xml (RunExportModel)" time="3.146" />
  <testcase classname="ptolemy.vergil.basic.export.test.junit.ExportModelJUnitTestBatch5" name="[97] ptolemy/domains/de/demo/ModalModel/ModalModel.xml (RunExportModel)" time="4.541" />
  <testcase classname="ptolemy.vergil.basic.export.test.junit.ExportModelJUnitTestBatch5" name="[98] ptolemy/domains/de/demo/OpenQueueingNetwork/OpenQueueingNetwork.xml (RunExportModel)" time="6.996" />
  <testcase classname="ptolemy.vergil.basic.export.test.junit.ExportModelJUnitTestBatch5" name="[99] ptolemy/domains/de/demo/PersistentIO/PersistentIO.xml (RunExportModel)" time="4.233" />
  <testcase classname="ptolemy.vergil.basic.export.test.junit.ExportModelJUnitTestBatch5" name="[100] ptolemy/domains/de/demo/QueueAndServer/QueueAndServer.xml (RunExportModel)" time="4.182" />
  <testcase classname="ptolemy.vergil.basic.export.test.junit.ExportModelJUnitTestBatch5" name="[101] ptolemy/domains/de/demo/RealTimeComposite/RealTimeComposite.xml (RunExportModel)" time="3.413" />
  <testcase classname="ptolemy.vergil.basic.export.test.junit.ExportModelJUnitTestBatch5" name="[102] ptolemy/domains/de/demo/SmartSender/SmartSender.xml (RunExportModel)" time="34.129" />
  <testcase classname="ptolemy.vergil.basic.export.test.junit.ExportModelJUnitTestBatch5" name="[103] ptolemy/domains/de/demo/Switch/Switch.xml (RunExportModel)" time="4.375" />
  <testcase classname="ptolemy.vergil.basic.export.test.junit.ExportModelJUnitTestBatch5" name="[104] ptolemy/domains/de/demo/TimingParadox/TimingParadox.xml (RunExportModel)" time="7.424" />
  <testcase classname="ptolemy.vergil.basic.export.test.junit.ExportModelJUnitTestBatch5" name="[105] ptolemy/domains/de/demo/Trilateration/Trilateration.xml (RunExportModel)" time="49.824" />
  <testcase classname="ptolemy.vergil.basic.export.test.junit.ExportModelJUnitTestBatch5" name="[106] ptolemy/domains/de/demo/TTE/TTE.xml (RunExportModel)" time="4.294" />
  <testcase classname="ptolemy.vergil.basic.export.test.junit.ExportModelJUnitTestBatch5" name="[107] ptolemy/domains/de/demo/VariableDelay/VariableDelay.xml (RunExportModel)" time="4.12" />
  <testcase classname="ptolemy.vergil.basic.export.test.junit.ExportModelJUnitTestBatch5" name="[108] ptolemy/domains/dt/demo/Eye/Eye.xml (RunExportModel)" time="34.162" />
  <testcase classname="ptolemy.vergil.basic.export.test.junit.ExportModelJUnitTestBatch5" name="[109] ptolemy/domains/giotto/cgc/demo/SoundGenerator/SoundGenerator.xml (RunExportModel)" time="34.136" />
  <testcase classname="ptolemy.vergil.basic.export.test.junit.ExportModelJUnitTestBatch5" name="[110] ptolemy/domains/giotto/demo/Composite/Composite.xml (RunExportModel)" time="4.163" />
  <testcase classname="ptolemy.vergil.basic.export.test.junit.ExportModelJUnitTestBatch5" name="[111] ptolemy/domains/giotto/demo/Hierarchy/Hierarchy.xml (RunExportModel)" time="4.183" />
  <testcase classname="ptolemy.vergil.basic.export.test.junit.ExportModelJUnitTestBatch5" name="[112] ptolemy/domains/giotto/demo/Multimode/Multimode.xml (RunExportModel)" time="4.279" />
  <testcase classname="ptolemy.vergil.basic.export.test.junit.ExportModelJUnitTestBatch5" name="[113] ptolemy/domains/giotto/demo/Simple/Simple.xml (RunExportModel)" time="4.142" />
  <testcase classname="ptolemy.vergil.basic.export.test.junit.ExportModelJUnitTestBatch5" name="[114] ptolemy/domains/gr/demo/FurutaPendulum/FurutaPendulum.xml (RunExportModel)" time="27.56" />
  <testcase classname="ptolemy.vergil.basic.export.test.junit.ExportModelJUnitTestBatch5" name="[115] ptolemy/domains/gr/demo/Helen/Helen.xml (RunExportModel)" time="64.231" />
  <testcase classname="ptolemy.vergil.basic.export.test.junit.ExportModelJUnitTestBatch5" name="[116] ptolemy/domains/gr/demo/Pendulum/Pendulum.xml (RunExportModel)" time="64.227" />
  <testcase classname="ptolemy.vergil.basic.export.test.junit.ExportModelJUnitTestBatch5" name="[117] ptolemy/domains/gr/demo/Pong/Pong.xml (RunExportModel)" time="9.341" />
  <testcase classname="ptolemy.vergil.basic.export.test.junit.ExportModelJUnitTestBatch5" name="[118] ptolemy/domains/gr/demo/SolarSystem/SolarSystem.xml (RunExportModel)" time="64.704" />
  <testcase classname="ptolemy.vergil.basic.export.test.junit.ExportModelJUnitTestBatch5" name="[119] ptolemy/domains/gr/demo/StickyMasses/StickyMasses.xml (RunExportModel)" time="22.242" />
  <testcase classname="ptolemy.vergil.basic.export.test.junit.ExportModelJUnitTestBatch5" name="[120] ptolemy/domains/gr/demo/Universe/Universe.xml (RunExportModel)" time="64.15" />
  <testcase classname="ptolemy.vergil.basic.export.test.junit.ExportModelJUnitTestBatch5" name="[121] ptolemy/domains/hdf/demo/AdaptiveCoding/AdaptiveCoding.xml (RunExportModel)" time="4.997" />
  <testcase classname="ptolemy.vergil.basic.export.test.junit.ExportModelJUnitTestBatch5" name="[122] ptolemy/domains/hdf/demo/Fibonacci/Fibonacci.xml (RunExportModel)" time="4.485" />
  <testcase classname="ptolemy.vergil.basic.export.test.junit.ExportModelJUnitTestBatch5" name="[123] ptolemy/domains/hdf/demo/Hysteresis/Hysteresis.xml (RunExportModel)" time="4.267" />
  <testcase classname="ptolemy.vergil.basic.export.test.junit.ExportModelJUnitTestBatch5" name="[124] ptolemy/domains/hdf/demo/Merge/Merge.xml (RunExportModel)" time="4.402" />
  <testcase classname="ptolemy.vergil.basic.export.test.junit.ExportModelJUnitTestBatch5" name="[125] ptolemy/domains/modal/demo/ABP/ABP.xml (RunExportModel)" time="4.631" />
  <testcase classname="ptolemy.vergil.basic.export.test.junit.ExportModelJUnitTestBatch5" name="[126] ptolemy/domains/modal/demo/Blending/Blending.xml (RunExportModel)" time="4.548" />
  <testcase classname="ptolemy.vergil.basic.export.test.junit.ExportModelJUnitTestBatch5" name="[127] ptolemy/domains/modal/demo/Case/Case.xml (RunExportModel)" time="4.293" />
  <testcase classname="ptolemy.vergil.basic.export.test.junit.ExportModelJUnitTestBatch5" name="[128] ptolemy/domains/modal/demo/ChainedTransitions/ChainedTransitions.xml (RunExportModel)" time="4.252" />
  <testcase classname="ptolemy.vergil.basic.export.test.junit.ExportModelJUnitTestBatch5" name="[129] ptolemy/domains/modal/demo/ModalBSC/ModalBSC.xml (RunExportModel)" time="4.269" />
  <testcase classname="ptolemy.vergil.basic.export.test.junit.ExportModelJUnitTestBatch5" name="[130] ptolemy/domains/modal/demo/MultipleRuns/MultipleRuns.xml (RunExportModel)" time="4.558" />
  <testcase classname="ptolemy.vergil.basic.export.test.junit.ExportModelJUnitTestBatch5" name="[131] ptolemy/domains/modal/demo/PersistentIO/PersistentIO.xml (RunExportModel)" time="4.226" />
  <testcase classname="ptolemy.vergil.basic.export.test.junit.ExportModelJUnitTestBatch5" name="[132] ptolemy/domains/modal/demo/StateTracker/StateTracker.xml (RunExportModel)" time="4.325" />
  <testcase classname="ptolemy.vergil.basic.export.test.junit.ExportModelJUnitTestBatch5" name="[133] ptolemy/domains/modal/demo/SystemLevelType/CSPDomain.xml (RunExportModel)" time="3.137" />
  <testcase classname="ptolemy.vergil.basic.export.test.junit.ExportModelJUnitTestBatch5" name="[134] ptolemy/domains/modal/demo/SystemLevelType/CSPDomain_PolyActor.xml (RunExportModel)" time="3.137" />
  <testcase classname="ptolemy.vergil.basic.export.test.junit.ExportModelJUnitTestBatch5" name="[135] ptolemy/domains/modal/demo/SystemLevelType/CSPDomain_SDFActor.xml (RunExportModel)" time="3.115" />
  <testcase classname="ptolemy.vergil.basic.export.test.junit.ExportModelJUnitTestBatch5" name="[136] ptolemy/domains/modal/demo/SystemLevelType/DEDomain.xml (RunExportModel)" time="3.132" />
  <testcase classname="ptolemy.vergil.basic.export.test.junit.ExportModelJUnitTestBatch5" name="[137] ptolemy/domains/modal/demo/SystemLevelType/DEDomain_PolyActor.xml (RunExportModel)" time="3.134" />
  <testcase classname="ptolemy.vergil.basic.export.test.junit.ExportModelJUnitTestBatch5" name="[138] ptolemy/domains/modal/demo/SystemLevelType/DEDomain_SDFActor.xml (RunExportModel)" time="3.116" />
  <testcase classname="ptolemy.vergil.basic.export.test.junit.ExportModelJUnitTestBatch5" name="[139] ptolemy/domains/modal/demo/SystemLevelType/DP.xml (RunExportModel)" time="3.106" />
  <testcase classname="ptolemy.vergil.basic.export.test.junit.ExportModelJUnitTestBatch5" name="[140] ptolemy/domains/modal/demo/SystemLevelType/DummyDirector1.xml (RunExportModel)" time="3.116" />
  <testcase classname="ptolemy.vergil.basic.export.test.junit.ExportModelJUnitTestBatch5" name="[141] ptolemy/domains/modal/demo/SystemLevelType/DummyDirector1_SDFActor.xml (RunExportModel)" time="3.11" />
  <testcase classname="ptolemy.vergil.basic.export.test.junit.ExportModelJUnitTestBatch5" name="[142] ptolemy/domains/modal/demo/SystemLevelType/DummyDirector2.xml (RunExportModel)" time="3.108" />
  <testcase classname="ptolemy.vergil.basic.export.test.junit.ExportModelJUnitTestBatch5" name="[143] ptolemy/domains/modal/demo/SystemLevelType/DummyDirector2_SDFActor.xml (RunExportModel)" time="3.111" />
  <testcase classname="ptolemy.vergil.basic.export.test.junit.ExportModelJUnitTestBatch5" name="[144] ptolemy/domains/modal/demo/SystemLevelType/InterruptableWaitingThreadA.xml (RunExportModel)" time="3.142" />
  <testcase classname="ptolemy.vergil.basic.export.test.junit.ExportModelJUnitTestBatch5" name="[145] ptolemy/domains/modal/demo/SystemLevelType/Interrupter.xml (RunExportModel)" time="3.126" />
  <testcase classname="ptolemy.vergil.basic.export.test.junit.ExportModelJUnitTestBatch5" name="[146] ptolemy/domains/modal/demo/SystemLevelType/Monitor.xml (RunExportModel)" time="3.123" />
  <testcase classname="ptolemy.vergil.basic.export.test.junit.ExportModelJUnitTestBatch5" name="[147] ptolemy/domains/modal/demo/SystemLevelType/PNDomain.xml (RunExportModel)" time="3.13" />
  <testcase classname="ptolemy.vergil.basic.export.test.junit.ExportModelJUnitTestBatch5" name="[148] ptolemy/domains/modal/demo/SystemLevelType/PNDomain_PolyActor.xml (RunExportModel)" time="3.125" />
  <testcase classname="ptolemy.vergil.basic.export.test.junit.ExportModelJUnitTestBatch5" name="[149] ptolemy/domains/modal/demo/SystemLevelType/PNDomain_SDFActor.xml (RunExportModel)" time="3.115" />
  <system-out><![CDATA[ExportModeJUnitTestBatch: There are 753 demos. Exporting demos: 441 to 590.
####### 1 Tue Jun 12 03:05:37 UTC 2018 $PTII/bin/ptinvoke ptolemy.vergil.basic.export.ExportModel -force htm -run -openComposites -timeOut 30000 -whiteBackground ptolemy/demo/PLC/PLC.xml $PTII/ptolemy/demo/PLC/PLC
Running .PLC
WARNING: The execution aspects in this model can influence the timing of actors by delaying the 
execution, potentially changing the behavior. There is no guarantee that actors fire at the 
time they request to be fired. 
Use Ptides for deterministic DE behavior that is not influenced by execution aspects. 

9254 ms. Memory: 459264K Free: 251393K (55%)
Exported /home/travis/build/icyphy/ptII/ptolemy/demo/PLC/PLC/index.html
24644 ms. Memory: 625152K Free: 272406K (44%)
####### 2 Tue Jun 12 03:06:02 UTC 2018 $PTII/bin/ptinvoke ptolemy.vergil.basic.export.ExportModel -force htm -run -openComposites -timeOut 30000 -whiteBackground ptolemy/demo/ProbabilisticModels/ChannelFaultModel.xml $PTII/ptolemy/demo/ProbabilisticModels/ChannelFaultModel
Running .ChannelFaultModel
174 ms. Memory: 625152K Free: 61844K (10%)
Exported /home/travis/build/icyphy/ptII/ptolemy/demo/ProbabilisticModels/ChannelFaultModel/index.html
5890 ms. Memory: 781312K Free: 327263K (42%)
####### 3 Tue Jun 12 03:06:08 UTC 2018 $PTII/bin/ptinvoke ptolemy.vergil.basic.export.ExportModel -force htm -run -openComposites -timeOut 30000 -whiteBackground ptolemy/demo/ProbabilisticModels/GaussianMixtureModel.xml $PTII/ptolemy/demo/ProbabilisticModels/GaussianMixtureModel
Running .GaussianMixtureModel
42 ms. Memory: 781312K Free: 202035K (26%)
Exported /home/travis/build/icyphy/ptII/ptolemy/demo/ProbabilisticModels/GaussianMixtureModel/index.html
4329 ms. Memory: 781312K Free: 172945K (22%)
####### 4 Tue Jun 12 03:06:12 UTC 2018 $PTII/bin/ptinvoke ptolemy.vergil.basic.export.ExportModel -force htm -run -openComposites -timeOut 30000 -whiteBackground ptolemy/demo/ProbabilisticModels/GMMConvergenceAnalysis.xml $PTII/ptolemy/demo/ProbabilisticModels/GMMConvergenceAnalysis
Model ".GMMConvergenceAnalysis" contains actors such cannot be run  as part of the export process from ExportModel or it has a WebExportParameters value that runBeforeExport set to false. To export run this model and export it, use vergil.
Exported /home/travis/build/icyphy/ptII/ptolemy/demo/ProbabilisticModels/GMMConvergenceAnalysis/index.html
4375 ms. Memory: 799232K Free: 240599K (30%)
####### 5 Tue Jun 12 03:06:16 UTC 2018 $PTII/bin/ptinvoke ptolemy.vergil.basic.export.ExportModel -force htm -run -openComposites -timeOut 30000 -whiteBackground ptolemy/demo/ProbabilisticModels/HiddenMarkovModel.xml $PTII/ptolemy/demo/ProbabilisticModels/HiddenMarkovModel
Running .HiddenMarkovModel
ExportHTMLTimer went off after 30000 ms., calling getDirector().finish and getDirector().stopFire()
30000 ms. Memory: 1774080K Free: 1548481K (87%)
Exported /home/travis/build/icyphy/ptII/ptolemy/demo/ProbabilisticModels/HiddenMarkovModel/index.html
34425 ms. Memory: 1774080K Free: 1403952K (79%)
####### 6 Tue Jun 12 03:06:51 UTC 2018 $PTII/bin/ptinvoke ptolemy.vergil.basic.export.ExportModel -force htm -run -openComposites -timeOut 30000 -whiteBackground ptolemy/demo/ProbabilisticModels/HiddenMarkovModelAnalysis.xml $PTII/ptolemy/demo/ProbabilisticModels/HiddenMarkovModelAnalysis
Running .HiddenMarkovModelAnalysis
227 ms. Memory: 1774080K Free: 1169159K (66%)
Exported /home/travis/build/icyphy/ptII/ptolemy/demo/ProbabilisticModels/HiddenMarkovModelAnalysis/index.html
4903 ms. Memory: 1774080K Free: 917669K (52%)
####### 7 Tue Jun 12 03:06:56 UTC 2018 $PTII/bin/ptinvoke ptolemy.vergil.basic.export.ExportModel -force htm  -openComposites -timeOut 30000 -whiteBackground ptolemy/demo/ProbabilisticModels/ProbabilisticModels.xml $PTII/ptolemy/demo/ProbabilisticModels/ProbabilisticModels
Warning: not running ptolemy/demo/ProbabilisticModels/ProbabilisticModels.xml. See ptolemy/vergil/basic/export/test/junit/ExportModelJUnitTest.java
Exported /home/travis/build/icyphy/ptII/ptolemy/demo/ProbabilisticModels/ProbabilisticModels/index.html
3245 ms. Memory: 1774080K Free: 716460K (40%)
####### 8 Tue Jun 12 03:06:59 UTC 2018 $PTII/bin/ptinvoke ptolemy.vergil.basic.export.ExportModel -force htm -run -openComposites -timeOut 30000 -whiteBackground ptolemy/demo/ProbabilisticModels/TwoStateMarkovChain.xml $PTII/ptolemy/demo/ProbabilisticModels/TwoStateMarkovChain
Running .TwoStateMarkovChain
ExportHTMLTimer went off after 30000 ms., calling getDirector().finish and getDirector().stopFire()
29999 ms. Memory: 1780224K Free: 1584788K (89%)
Exported /home/travis/build/icyphy/ptII/ptolemy/demo/ProbabilisticModels/TwoStateMarkovChain/index.html
34320 ms. Memory: 1780224K Free: 1443807K (81%)
####### 9 Tue Jun 12 03:07:33 UTC 2018 $PTII/bin/ptinvoke ptolemy.vergil.basic.export.ExportModel -force htm -run -openComposites -timeOut 30000 -whiteBackground ptolemy/demo/Quarry/Quarry.xml $PTII/ptolemy/demo/Quarry/Quarry
Running .Quarry
RobotController: false (Thread[AWT-EventQueue-0,6,main])
RobotController: 90 (Thread[AWT-EventQueue-0,6,main])
RobotController: true (Thread[AWT-EventQueue-0,6,main])
RobotController: false (Thread[AWT-EventQueue-0,6,main])
RobotController: 90 (Thread[AWT-EventQueue-0,6,main])
RobotController: true (Thread[AWT-EventQueue-0,6,main])
RobotController: false (Thread[AWT-EventQueue-0,6,main])
RobotController: 90 (Thread[AWT-EventQueue-0,6,main])
RobotController: true (Thread[AWT-EventQueue-0,6,main])
RobotController: false (Thread[AWT-EventQueue-0,6,main])
RobotController: 90 (Thread[AWT-EventQueue-0,6,main])
RobotController: true (Thread[AWT-EventQueue-0,6,main])
RobotController: false (Thread[AWT-EventQueue-0,6,main])
RobotController: 90 (Thread[AWT-EventQueue-0,6,main])
RobotController: true (Thread[AWT-EventQueue-0,6,main])
RobotController: false (Thread[AWT-EventQueue-0,6,main])
RobotController: 90 (Thread[AWT-EventQueue-0,6,main])
RobotController: true (Thread[AWT-EventQueue-0,6,main])
RobotController: false (Thread[AWT-EventQueue-0,6,main])
RobotController: 90 (Thread[AWT-EventQueue-0,6,main])
RobotController: true (Thread[AWT-EventQueue-0,6,main])
RobotController: false (Thread[AWT-EventQueue-0,6,main])
RobotController: 90 (Thread[AWT-EventQueue-0,6,main])
RobotController: true (Thread[AWT-EventQueue-0,6,main])
RobotController: false (Thread[AWT-EventQueue-0,6,main])
RobotController: 90 (Thread[AWT-EventQueue-0,6,main])
RobotController: true (Thread[AWT-EventQueue-0,6,main])
RobotController: false (Thread[AWT-EventQueue-0,6,main])
RobotController: 90 (Thread[AWT-EventQueue-0,6,main])
RobotController: true (Thread[AWT-EventQueue-0,6,main])
RobotController: false (Thread[AWT-EventQueue-0,6,main])
RobotController: 90 (Thread[AWT-EventQueue-0,6,main])
RobotController: true (Thread[AWT-EventQueue-0,6,main])
RobotController: false (Thread[AWT-EventQueue-0,6,main])
RobotController: 90 (Thread[AWT-EventQueue-0,6,main])
RobotController: true (Thread[AWT-EventQueue-0,6,main])
RobotController: false (Thread[AWT-EventQueue-0,6,main])
RobotController: 90 (Thread[AWT-EventQueue-0,6,main])
RobotController: true (Thread[AWT-EventQueue-0,6,main])
RobotController: false (Thread[AWT-EventQueue-0,6,main])
RobotController: 90 (Thread[AWT-EventQueue-0,6,main])
RobotController: true (Thread[AWT-EventQueue-0,6,main])
RobotController: false (Thread[AWT-EventQueue-0,6,main])
RobotController: 90 (Thread[AWT-EventQueue-0,6,main])
ExportHTMLTimer went off after 30000 ms., calling getDirector().finish and getDirector().stopFire()
30011 ms. Memory: 1780224K Free: 858613K (48%)
Exported /home/travis/build/icyphy/ptII/ptolemy/demo/Quarry/Quarry/index.html
37607 ms. Memory: 1780224K Free: 757282K (43%)
####### 10 Tue Jun 12 03:08:11 UTC 2018 $PTII/bin/ptinvoke ptolemy.vergil.basic.export.ExportModel -force htm  -openComposites -timeOut 30000 -whiteBackground ptolemy/demo/RobotMPC/CollisionAvoidance.xml $PTII/ptolemy/demo/RobotMPC/CollisionAvoidance
Warning: not running ptolemy/demo/RobotMPC/CollisionAvoidance.xml. See ptolemy/vergil/basic/export/test/junit/ExportModelJUnitTest.java
Exported /home/travis/build/icyphy/ptII/ptolemy/demo/RobotMPC/CollisionAvoidance/index.html
8071 ms. Memory: 1800192K Free: 591414K (33%)
####### 11 Tue Jun 12 03:08:19 UTC 2018 $PTII/bin/ptinvoke ptolemy.vergil.basic.export.ExportModel -force htm  -openComposites -timeOut 30000 -whiteBackground ptolemy/demo/RobotMPC/CollisionAvoidanceWithAccModel.xml $PTII/ptolemy/demo/RobotMPC/CollisionAvoidanceWithAccModel
Warning: not running ptolemy/demo/RobotMPC/CollisionAvoidanceWithAccModel.xml. See ptolemy/vergil/basic/export/test/junit/ExportModelJUnitTest.java
Exported /home/travis/build/icyphy/ptII/ptolemy/demo/RobotMPC/CollisionAvoidanceWithAccModel/index.html
7684 ms. Memory: 1818112K Free: 316783K (17%)
####### 12 Tue Jun 12 03:08:27 UTC 2018 $PTII/bin/ptinvoke ptolemy.vergil.basic.export.ExportModel -force htm  -openComposites -timeOut 30000 -whiteBackground ptolemy/demo/RobotMPC/CollisionAvoidanceWithObservationRobots.xml $PTII/ptolemy/demo/RobotMPC/CollisionAvoidanceWithObservationRobots
Warning: not running ptolemy/demo/RobotMPC/CollisionAvoidanceWithObservationRobots.xml. See ptolemy/vergil/basic/export/test/junit/ExportModelJUnitTest.java
Exported /home/travis/build/icyphy/ptII/ptolemy/demo/RobotMPC/CollisionAvoidanceWithObservationRobots/index.html
76340 ms. Memory: 2003968K Free: 1443733K (72%)
####### 13 Tue Jun 12 03:09:43 UTC 2018 $PTII/bin/ptinvoke ptolemy.vergil.basic.export.ExportModel -force htm  -openComposites -timeOut 30000 -whiteBackground ptolemy/demo/RobotMPC/CollisionAvoidanceWithUncertainMeasurement.xml $PTII/ptolemy/demo/RobotMPC/CollisionAvoidanceWithUncertainMeasurement
Warning: not running ptolemy/demo/RobotMPC/CollisionAvoidanceWithUncertainMeasurement.xml. See ptolemy/vergil/basic/export/test/junit/ExportModelJUnitTest.java
Exported /home/travis/build/icyphy/ptII/ptolemy/demo/RobotMPC/CollisionAvoidanceWithUncertainMeasurement/index.html
14189 ms. Memory: 1998336K Free: 1168035K (58%)
####### 14 Tue Jun 12 03:09:57 UTC 2018 $PTII/bin/ptinvoke ptolemy.vergil.basic.export.ExportModel -force htm  -openComposites -timeOut 30000 -whiteBackground ptolemy/demo/RobotMPC/RobotMPC.xml $PTII/ptolemy/demo/RobotMPC/RobotMPC
Warning: not running ptolemy/demo/RobotMPC/RobotMPC.xml. See ptolemy/vergil/basic/export/test/junit/ExportModelJUnitTest.java
Exported /home/travis/build/icyphy/ptII/ptolemy/demo/RobotMPC/RobotMPC/index.html
3199 ms. Memory: 1998336K Free: 1020493K (51%)
####### 15 Tue Jun 12 03:10:00 UTC 2018 $PTII/bin/ptinvoke ptolemy.vergil.basic.export.ExportModel -force htm  -openComposites -timeOut 30000 -whiteBackground ptolemy/demo/RobotMPC/SimpleChase.xml $PTII/ptolemy/demo/RobotMPC/SimpleChase
Warning: not running ptolemy/demo/RobotMPC/SimpleChase.xml. See ptolemy/vergil/basic/export/test/junit/ExportModelJUnitTest.java
Exported /home/travis/build/icyphy/ptII/ptolemy/demo/RobotMPC/SimpleChase/index.html
6004 ms. Memory: 2004992K Free: 850552K (42%)
####### 16 Tue Jun 12 03:10:06 UTC 2018 $PTII/bin/ptinvoke ptolemy.vergil.basic.export.ExportModel -force htm  -openComposites -timeOut 30000 -whiteBackground ptolemy/distributed/demo/Sleep/Sleep.xml $PTII/ptolemy/distributed/demo/Sleep/Sleep
Warning: not running ptolemy/distributed/demo/Sleep/Sleep.xml. See ptolemy/vergil/basic/export/test/junit/ExportModelJUnitTest.java
Exported /home/travis/build/icyphy/ptII/ptolemy/distributed/demo/Sleep/Sleep/index.html
3159 ms. Memory: 2004992K Free: 727775K (36%)
####### 17 Tue Jun 12 03:10:10 UTC 2018 $PTII/bin/ptinvoke ptolemy.vergil.basic.export.ExportModel -force htm -run -openComposites -timeOut 30000 -whiteBackground ptolemy/domains/algebraic/demo/HeaterOpenTank/HeaterOpenTank.xml $PTII/ptolemy/domains/algebraic/demo/HeaterOpenTank/HeaterOpenTank
Running .HeaterOpenTank
300 ms. Memory: 2004992K Free: 568013K (28%)
Exported /home/travis/build/icyphy/ptII/ptolemy/domains/algebraic/demo/HeaterOpenTank/HeaterOpenTank/index.html
4646 ms. Memory: 2009088K Free: 1697127K (84%)
####### 18 Tue Jun 12 03:10:14 UTC 2018 $PTII/bin/ptinvoke ptolemy.vergil.basic.export.ExportModel -force htm -run -openComposites -timeOut 30000 -whiteBackground ptolemy/domains/algebraic/demo/HeaterOpenTank/HeaterOpenTankRefactored.xml $PTII/ptolemy/domains/algebraic/demo/HeaterOpenTank/HeaterOpenTankRefactored
Running .HeaterOpenTankRefactored
60 ms. Memory: 2009088K Free: 1555986K (77%)
Exported /home/travis/build/icyphy/ptII/ptolemy/domains/algebraic/demo/HeaterOpenTank/HeaterOpenTankRefactored/index.html
4294 ms. Memory: 2009088K Free: 1444040K (72%)
####### 19 Tue Jun 12 03:10:18 UTC 2018 $PTII/bin/ptinvoke ptolemy.vergil.basic.export.ExportModel -force htm -run -openComposites -timeOut 30000 -whiteBackground ptolemy/domains/algebraic/demo/RLC/RLC.xml $PTII/ptolemy/domains/algebraic/demo/RLC/RLC
Running .RLC
98 ms. Memory: 2009088K Free: 1327517K (66%)
Exported /home/travis/build/icyphy/ptII/ptolemy/domains/algebraic/demo/RLC/RLC/index.html
4328 ms. Memory: 2009088K Free: 1183577K (59%)
####### 20 Tue Jun 12 03:10:23 UTC 2018 $PTII/bin/ptinvoke ptolemy.vergil.basic.export.ExportModel -force htm -run -openComposites -timeOut 30000 -whiteBackground ptolemy/domains/atc/demo/FirstPolicy/FirstPolicy.xml $PTII/ptolemy/domains/atc/demo/FirstPolicy/FirstPolicy
Running .FirstPolicy
ExportHTMLTimer went off after 30000 ms., calling getDirector().finish and getDirector().stopFire()
30001 ms. Memory: 2009088K Free: 908891K (45%)
Exported /home/travis/build/icyphy/ptII/ptolemy/domains/atc/demo/FirstPolicy/FirstPolicy/index.html
34642 ms. Memory: 2009088K Free: 605132K (30%)
####### 21 Tue Jun 12 03:10:57 UTC 2018 $PTII/bin/ptinvoke ptolemy.vergil.basic.export.ExportModel -force htm -run -openComposites -timeOut 30000 -whiteBackground ptolemy/domains/atc/demo/SecondPolicy/SecondPolicy.xml $PTII/ptolemy/domains/atc/demo/SecondPolicy/SecondPolicy
Running .SecondPolicy
ExportHTMLTimer went off after 30000 ms., calling getDirector().finish and getDirector().stopFire()
30001 ms. Memory: 2017280K Free: 1693148K (84%)
Exported /home/travis/build/icyphy/ptII/ptolemy/domains/atc/demo/SecondPolicy/SecondPolicy/index.html
34746 ms. Memory: 2017280K Free: 1392279K (69%)
####### 22 Tue Jun 12 03:11:32 UTC 2018 $PTII/bin/ptinvoke ptolemy.vergil.basic.export.ExportModel -force htm -run -openComposites -timeOut 30000 -whiteBackground ptolemy/domains/ca/demo/Conway/Conway.xml $PTII/ptolemy/domains/ca/demo/Conway/Conway
Running .Conway
20435 ms. Memory: 2017280K Free: 1167121K (58%)
Exported /home/travis/build/icyphy/ptII/ptolemy/domains/ca/demo/Conway/Conway/index.html
24665 ms. Memory: 2017280K Free: 1054857K (52%)
####### 23 Tue Jun 12 03:11:57 UTC 2018 $PTII/bin/ptinvoke ptolemy.vergil.basic.export.ExportModel -force htm -run -openComposites -timeOut 30000 -whiteBackground ptolemy/domains/ca/demo/ConwayRandom/ConwayRandom.xml $PTII/ptolemy/domains/ca/demo/ConwayRandom/ConwayRandom
Running .ConwayRandom
ExportHTMLTimer went off after 30000 ms., calling getDirector().finish and getDirector().stopFire()
59035 ms. Memory: 2054656K Free: 913370K (44%)
Exported /home/travis/build/icyphy/ptII/ptolemy/domains/ca/demo/ConwayRandom/ConwayRandom/index.html
63206 ms. Memory: 2054656K Free: 817997K (40%)
####### 24 Tue Jun 12 03:13:00 UTC 2018 $PTII/bin/ptinvoke ptolemy.vergil.basic.export.ExportModel -force htm -run -openComposites -timeOut 30000 -whiteBackground ptolemy/domains/ci/demo/Router/Router.xml $PTII/ptolemy/domains/ci/demo/Router/Router
Running .Router
ExportHTMLTimer went off after 30000 ms., calling getDirector().finish and getDirector().stopFire()
30002 ms. Memory: 2054656K Free: 617039K (30%)
Exported /home/travis/build/icyphy/ptII/ptolemy/domains/ci/demo/Router/Router/index.html
34307 ms. Memory: 2062848K Free: 1833054K (89%)
####### 25 Tue Jun 12 03:13:34 UTC 2018 $PTII/bin/ptinvoke ptolemy.vergil.basic.export.ExportModel -force htm -run -openComposites -timeOut 30000 -whiteBackground ptolemy/domains/continuous/demo/BouncingBall/BouncingBall.xml $PTII/ptolemy/domains/continuous/demo/BouncingBall/BouncingBall
Running .BouncingBall
ExportHTMLTimer went off after 30000 ms., calling getDirector().finish and getDirector().stopFire()
30018 ms. Memory: 2062848K Free: 1291471K (63%)
Exported /home/travis/build/icyphy/ptII/ptolemy/domains/continuous/demo/BouncingBall/BouncingBall/index.html
34366 ms. Memory: 2062848K Free: 1062233K (51%)
####### 26 Tue Jun 12 03:14:09 UTC 2018 $PTII/bin/ptinvoke ptolemy.vergil.basic.export.ExportModel -force htm -run -openComposites -timeOut 30000 -whiteBackground ptolemy/domains/continuous/demo/BouncingBall/BouncingBallWithoutGR.xml $PTII/ptolemy/domains/continuous/demo/BouncingBall/BouncingBallWithoutGR
Running .BouncingBallWithoutGR
559 ms. Memory: 2062848K Free: 790991K (38%)
Exported /home/travis/build/icyphy/ptII/ptolemy/domains/continuous/demo/BouncingBall/BouncingBallWithoutGR/index.html
4805 ms. Memory: 2062848K Free: 641481K (31%)
####### 27 Tue Jun 12 03:14:14 UTC 2018 $PTII/bin/ptinvoke ptolemy.vergil.basic.export.ExportModel -force htm -run -openComposites -timeOut 30000 -whiteBackground ptolemy/domains/continuous/demo/Brownian/Brownian.xml $PTII/ptolemy/domains/continuous/demo/Brownian/Brownian
Running .Brownian
209 ms. Memory: 2062848K Free: 498565K (24%)
Exported /home/travis/build/icyphy/ptII/ptolemy/domains/continuous/demo/Brownian/Brownian/index.html
4447 ms. Memory: 2062848K Free: 434385K (21%)
####### 28 Tue Jun 12 03:14:18 UTC 2018 $PTII/bin/ptinvoke ptolemy.vergil.basic.export.ExportModel -force htm -run -openComposites -timeOut 30000 -whiteBackground ptolemy/domains/continuous/demo/CartPendulum/CartPendulum.xml $PTII/ptolemy/domains/continuous/demo/CartPendulum/CartPendulum
Running .CartPendulum
16542 ms. Memory: 2067968K Free: 776227K (38%)
Exported /home/travis/build/icyphy/ptII/ptolemy/domains/continuous/demo/CartPendulum/CartPendulum/index.html
21181 ms. Memory: 2078208K Free: 1833610K (88%)
####### 29 Tue Jun 12 03:14:39 UTC 2018 $PTII/bin/ptinvoke ptolemy.vergil.basic.export.ExportModel -force htm -run -openComposites -timeOut 30000 -whiteBackground ptolemy/domains/continuous/demo/CarTracking/CarTracking.xml $PTII/ptolemy/domains/continuous/demo/CarTracking/CarTracking
Running .CarTracking
2687 ms. Memory: 2078208K Free: 921606K (44%)
Exported /home/travis/build/icyphy/ptII/ptolemy/domains/continuous/demo/CarTracking/CarTracking/index.html
8015 ms. Memory: 2082816K Free: 1826853K (88%)
####### 30 Tue Jun 12 03:14:47 UTC 2018 $PTII/bin/ptinvoke ptolemy.vergil.basic.export.ExportModel -force htm -run -openComposites -timeOut 30000 -whiteBackground ptolemy/domains/continuous/demo/ComparedClocks/ComparedClocks.xml $PTII/ptolemy/domains/continuous/demo/ComparedClocks/ComparedClocks
Running .ComparedClocks
75 ms. Memory: 2082816K Free: 1651710K (79%)
Exported /home/travis/build/icyphy/ptII/ptolemy/domains/continuous/demo/ComparedClocks/ComparedClocks/index.html
4437 ms. Memory: 2082816K Free: 1417201K (68%)
####### 31 Tue Jun 12 03:14:52 UTC 2018 $PTII/bin/ptinvoke ptolemy.vergil.basic.export.ExportModel -force htm -run -openComposites -timeOut 30000 -whiteBackground ptolemy/domains/continuous/demo/ContinuousInsideDE/ContinuousInsideDE.xml $PTII/ptolemy/domains/continuous/demo/ContinuousInsideDE/ContinuousInsideDE
Running .ContinuousInsideDE
46 ms. Memory: 2082816K Free: 1299170K (62%)
Exported /home/travis/build/icyphy/ptII/ptolemy/domains/continuous/demo/ContinuousInsideDE/ContinuousInsideDE/index.html
4286 ms. Memory: 2082816K Free: 1210474K (58%)
####### 32 Tue Jun 12 03:14:56 UTC 2018 $PTII/bin/ptinvoke ptolemy.vergil.basic.export.ExportModel -force htm -run -openComposites -timeOut 30000 -whiteBackground ptolemy/domains/continuous/demo/DCMotor/DCMotor.xml $PTII/ptolemy/domains/continuous/demo/DCMotor/DCMotor
Running .DCMotor
ExportHTMLTimer went off after 30000 ms., calling getDirector().finish and getDirector().stopFire()
30008 ms. Memory: 2097664K Free: 761081K (36%)
Exported /home/travis/build/icyphy/ptII/ptolemy/domains/continuous/demo/DCMotor/DCMotor/index.html
34362 ms. Memory: 2097664K Free: 577856K (28%)
####### 33 Tue Jun 12 03:15:30 UTC 2018 $PTII/bin/ptinvoke ptolemy.vergil.basic.export.ExportModel -force htm -run -openComposites -timeOut 30000 -whiteBackground ptolemy/domains/continuous/demo/Derivative/Derivative.xml $PTII/ptolemy/domains/continuous/demo/Derivative/Derivative
Running .Derivative
168 ms. Memory: 2097664K Free: 395157K (19%)
Exported /home/travis/build/icyphy/ptII/ptolemy/domains/continuous/demo/Derivative/Derivative/index.html
4374 ms. Memory: 2098176K Free: 1786852K (85%)
####### 34 Tue Jun 12 03:15:35 UTC 2018 $PTII/bin/ptinvoke ptolemy.vergil.basic.export.ExportModel -force htm -run -openComposites -timeOut 30000 -whiteBackground ptolemy/domains/continuous/demo/Friction/Friction.xml $PTII/ptolemy/domains/continuous/demo/Friction/Friction
Running .Friction
1166 ms. Memory: 2098176K Free: 1232191K (59%)
Exported /home/travis/build/icyphy/ptII/ptolemy/domains/continuous/demo/Friction/Friction/index.html
5825 ms. Memory: 2098176K Free: 839046K (40%)
####### 35 Tue Jun 12 03:15:41 UTC 2018 $PTII/bin/ptinvoke ptolemy.vergil.basic.export.ExportModel -force htm -run -openComposites -timeOut 30000 -whiteBackground ptolemy/domains/continuous/demo/FurutaPendulum/FurutaPendulum.xml $PTII/ptolemy/domains/continuous/demo/FurutaPendulum/FurutaPendulum
Running .FurutaPendulum
22588 ms. Memory: 2098688K Free: 1612394K (77%)
Exported /home/travis/build/icyphy/ptII/ptolemy/domains/continuous/demo/FurutaPendulum/FurutaPendulum/index.html
27585 ms. Memory: 2098688K Free: 865853K (41%)
####### 36 Tue Jun 12 03:16:08 UTC 2018 $PTII/bin/ptinvoke ptolemy.vergil.basic.export.ExportModel -force htm -run -openComposites -timeOut 30000 -whiteBackground ptolemy/domains/continuous/demo/HierarchicalExecution/HierarchicalExecution.xml $PTII/ptolemy/domains/continuous/demo/HierarchicalExecution/HierarchicalExecution
Running .HierarchicalExecution
1560 ms. Memory: 2098688K Free: 503031K (24%)
Exported /home/travis/build/icyphy/ptII/ptolemy/domains/continuous/demo/HierarchicalExecution/HierarchicalExecution/index.html
5722 ms. Memory: 2098688K Free: 409981K (20%)
####### 37 Tue Jun 12 03:16:14 UTC 2018 $PTII/bin/ptinvoke ptolemy.vergil.basic.export.ExportModel -force htm -run -openComposites -timeOut 30000 -whiteBackground ptolemy/domains/continuous/demo/HybridPlant/HybridPlant.xml $PTII/ptolemy/domains/continuous/demo/HybridPlant/HybridPlant
Running .HybridPlant
630 ms. Memory: 2093056K Free: 1530669K (73%)
Exported /home/travis/build/icyphy/ptII/ptolemy/domains/continuous/demo/HybridPlant/HybridPlant/index.html
4999 ms. Memory: 2093056K Free: 1319498K (63%)
####### 38 Tue Jun 12 03:16:19 UTC 2018 $PTII/bin/ptinvoke ptolemy.vergil.basic.export.ExportModel -force htm -run -openComposites -timeOut 30000 -whiteBackground ptolemy/domains/continuous/demo/HybridPlant/RandomHybridPlant.xml $PTII/ptolemy/domains/continuous/demo/HybridPlant/RandomHybridPlant
Running .RandomHybridPlant
551 ms. Memory: 2093056K Free: 905552K (43%)
Exported /home/travis/build/icyphy/ptII/ptolemy/domains/continuous/demo/HybridPlant/RandomHybridPlant/index.html
4904 ms. Memory: 2093056K Free: 695882K (33%)
####### 39 Tue Jun 12 03:16:24 UTC 2018 $PTII/bin/ptinvoke ptolemy.vergil.basic.export.ExportModel -force htm -run -openComposites -timeOut 30000 -whiteBackground ptolemy/domains/continuous/demo/Hysteresis/Hysteresis.xml $PTII/ptolemy/domains/continuous/demo/Hysteresis/Hysteresis
Running .Hysteresis
149 ms. Memory: 2093056K Free: 547599K (26%)
Exported /home/travis/build/icyphy/ptII/ptolemy/domains/continuous/demo/Hysteresis/Hysteresis/index.html
4399 ms. Memory: 2093056K Free: 396960K (19%)
####### 40 Tue Jun 12 03:16:28 UTC 2018 $PTII/bin/ptinvoke ptolemy.vergil.basic.export.ExportModel -force htm -run -openComposites -timeOut 30000 -whiteBackground ptolemy/domains/continuous/demo/Hysteresis/HysteresisWithRandomDelay.xml $PTII/ptolemy/domains/continuous/demo/Hysteresis/HysteresisWithRandomDelay
Running .HysteresisWithRandomDelay
173 ms. Memory: 2096128K Free: 1711261K (82%)
Exported /home/travis/build/icyphy/ptII/ptolemy/domains/continuous/demo/Hysteresis/HysteresisWithRandomDelay/index.html
4510 ms. Memory: 2096128K Free: 1529332K (73%)
####### 41 Tue Jun 12 03:16:33 UTC 2018 $PTII/bin/ptinvoke ptolemy.vergil.basic.export.ExportModel -force htm -run -openComposites -timeOut 30000 -whiteBackground ptolemy/domains/continuous/demo/Hysteresis/HysteresisWithRandomLosses.xml $PTII/ptolemy/domains/continuous/demo/Hysteresis/HysteresisWithRandomLosses
Running .HysteresisWithRandomLosses
956 ms. Memory: 2096128K Free: 965713K (46%)
Exported /home/travis/build/icyphy/ptII/ptolemy/domains/continuous/demo/Hysteresis/HysteresisWithRandomLosses/index.html
5221 ms. Memory: 2096128K Free: 840836K (40%)
####### 42 Tue Jun 12 03:16:38 UTC 2018 $PTII/bin/ptinvoke ptolemy.vergil.basic.export.ExportModel -force htm -run -openComposites -timeOut 30000 -whiteBackground ptolemy/domains/continuous/demo/LevelCrossingDetector/LevelCrossingDetector.xml $PTII/ptolemy/domains/continuous/demo/LevelCrossingDetector/LevelCrossingDetector
Running .LevelCrossingDetector
24 ms. Memory: 2096128K Free: 691988K (33%)
Exported /home/travis/build/icyphy/ptII/ptolemy/domains/continuous/demo/LevelCrossingDetector/LevelCrossingDetector/index.html
4183 ms. Memory: 2096128K Free: 658996K (31%)
####### 43 Tue Jun 12 03:16:42 UTC 2018 $PTII/bin/ptinvoke ptolemy.vergil.basic.export.ExportModel -force htm -run -openComposites -timeOut 30000 -whiteBackground ptolemy/domains/continuous/demo/LevelCrossingDetector/LevelCrossingDetectorDetectingDirections.xml $PTII/ptolemy/domains/continuous/demo/LevelCrossingDetector/LevelCrossingDetectorDetectingDirections
Running .LevelCrossingDetectorDetectingDirections
51 ms. Memory: 2096128K Free: 506765K (24%)
Exported /home/travis/build/icyphy/ptII/ptolemy/domains/continuous/demo/LevelCrossingDetector/LevelCrossingDetectorDetectingDirections/index.html
4237 ms. Memory: 2096128K Free: 414528K (20%)
####### 44 Tue Jun 12 03:16:46 UTC 2018 $PTII/bin/ptinvoke ptolemy.vergil.basic.export.ExportModel -force htm -run -openComposites -timeOut 30000 -whiteBackground ptolemy/domains/continuous/demo/LevelCrossingDetectorDetectsGlitches/LevelCrossingDetectorDetectsGlitches.xml $PTII/ptolemy/domains/continuous/demo/LevelCrossingDetectorDetectsGlitches/LevelCrossingDetectorDetectsGlitches
Running .LevelCrossingDetectorDetectsGlitches
34 ms. Memory: 2098688K Free: 1802867K (86%)
Exported /home/travis/build/icyphy/ptII/ptolemy/domains/continuous/demo/LevelCrossingDetectorDetectsGlitches/LevelCrossingDetectorDetectsGlitches/index.html
4308 ms. Memory: 2098688K Free: 1530434K (73%)
####### 45 Tue Jun 12 03:16:51 UTC 2018 $PTII/bin/ptinvoke ptolemy.vergil.basic.export.ExportModel -force htm -run -openComposites -timeOut 30000 -whiteBackground ptolemy/domains/continuous/demo/Lorenz/Lorenz.xml $PTII/ptolemy/domains/continuous/demo/Lorenz/Lorenz
Running .Lorenz
3549 ms. Memory: 2098688K Free: 902309K (43%)
Exported /home/travis/build/icyphy/ptII/ptolemy/domains/continuous/demo/Lorenz/Lorenz/index.html
7679 ms. Memory: 2098688K Free: 839164K (40%)
####### 46 Tue Jun 12 03:16:58 UTC 2018 $PTII/bin/ptinvoke ptolemy.vergil.basic.export.ExportModel -force htm -run -openComposites -timeOut 30000 -whiteBackground ptolemy/domains/continuous/demo/Lorenz/LorenzDifferentialSystem.xml $PTII/ptolemy/domains/continuous/demo/Lorenz/LorenzDifferentialSystem
Running .LorenzDifferentialSystem
8604 ms. Memory: 2101248K Free: 943920K (45%)
Exported /home/travis/build/icyphy/ptII/ptolemy/domains/continuous/demo/Lorenz/LorenzDifferentialSystem/index.html
12770 ms. Memory: 2101248K Free: 880548K (42%)
####### 47 Tue Jun 12 03:17:11 UTC 2018 $PTII/bin/ptinvoke ptolemy.vergil.basic.export.ExportModel -force htm -run -openComposites -timeOut 30000 -whiteBackground ptolemy/domains/continuous/demo/NewtonsCradle/NewtonsCradle.xml $PTII/ptolemy/domains/continuous/demo/NewtonsCradle/NewtonsCradle
Running .NewtonsCradle
2436 ms. Memory: 2107392K Free: 1121319K (53%)
Exported /home/travis/build/icyphy/ptII/ptolemy/domains/continuous/demo/NewtonsCradle/NewtonsCradle/index.html
7563 ms. Memory: 2107392K Free: 452486K (21%)
####### 48 Tue Jun 12 03:17:19 UTC 2018 $PTII/bin/ptinvoke ptolemy.vergil.basic.export.ExportModel -force htm -run -openComposites -timeOut 30000 -whiteBackground ptolemy/domains/continuous/demo/NewtonsCradle/NewtonsCradleAnimated.xml $PTII/ptolemy/domains/continuous/demo/NewtonsCradle/NewtonsCradleAnimated
Running .NewtonsCradleAnimated
ExportHTMLTimer went off after 30000 ms., calling getDirector().finish and getDirector().stopFire()
30091 ms. Memory: 2109440K Free: 513927K (24%)
Exported /home/travis/build/icyphy/ptII/ptolemy/domains/continuous/demo/NewtonsCradle/NewtonsCradleAnimated/index.html
36342 ms. Memory: 2111488K Free: 597729K (28%)
####### 49 Tue Jun 12 03:17:55 UTC 2018 $PTII/bin/ptinvoke ptolemy.vergil.basic.export.ExportModel -force htm -run -openComposites -timeOut 30000 -whiteBackground ptolemy/domains/continuous/demo/NewtonsCradle/NewtonsCradleComplicated.xml $PTII/ptolemy/domains/continuous/demo/NewtonsCradle/NewtonsCradleComplicated
Running .NewtonsCradleComplicated
ExportHTMLTimer went off after 30000 ms., calling getDirector().finish and getDirector().stopFire()
30066 ms. Memory: 2113024K Free: 1439626K (68%)
Exported /home/travis/build/icyphy/ptII/ptolemy/domains/continuous/demo/NewtonsCradle/NewtonsCradleComplicated/index.html
34691 ms. Memory: 2113024K Free: 959827K (45%)
####### 50 Tue Jun 12 03:18:30 UTC 2018 $PTII/bin/ptinvoke ptolemy.vergil.basic.export.ExportModel -force htm -run -openComposites -timeOut 30000 -whiteBackground ptolemy/domains/continuous/demo/NewtonsCradle/NewtonsCradleNondeterministic.xml $PTII/ptolemy/domains/continuous/demo/NewtonsCradle/NewtonsCradleNondeterministic
Running .NewtonsCradleNondeterministic
ExportHTMLTimer went off after 30000 ms., calling getDirector().finish and getDirector().stopFire()
30038 ms. Memory: 2113536K Free: 1795301K (85%)
Exported /home/travis/build/icyphy/ptII/ptolemy/domains/continuous/demo/NewtonsCradle/NewtonsCradleNondeterministic/index.html
34814 ms. Memory: 2113536K Free: 1071615K (51%)
####### 51 Tue Jun 12 03:19:04 UTC 2018 $PTII/bin/ptinvoke ptolemy.vergil.basic.export.ExportModel -force htm -run -openComposites -timeOut 30000 -whiteBackground ptolemy/domains/continuous/demo/NewtonsCradle/NewtonsCradlePerfectlyInelastic1.xml $PTII/ptolemy/domains/continuous/demo/NewtonsCradle/NewtonsCradlePerfectlyInelastic1
Running .NewtonsCradlePerfectlyInelastic1
6093 ms. Memory: 2113536K Free: 601670K (28%)
Exported /home/travis/build/icyphy/ptII/ptolemy/domains/continuous/demo/NewtonsCradle/NewtonsCradlePerfectlyInelastic1/index.html
10854 ms. Memory: 2115072K Free: 1688977K (80%)
####### 52 Tue Jun 12 03:19:15 UTC 2018 $PTII/bin/ptinvoke ptolemy.vergil.basic.export.ExportModel -force htm -run -openComposites -timeOut 30000 -whiteBackground ptolemy/domains/continuous/demo/NewtonsCradle/ParameterizedNewtonsCradleAnimated.xml $PTII/ptolemy/domains/continuous/demo/NewtonsCradle/ParameterizedNewtonsCradleAnimated
Running .ParameterizedNewtonsCradleAnimated
7999 ms. Memory: 2115072K Free: 1073202K (51%)
Exported /home/travis/build/icyphy/ptII/ptolemy/domains/continuous/demo/NewtonsCradle/ParameterizedNewtonsCradleAnimated/index.html
12805 ms. Memory: 2115072K Free: 484305K (23%)
####### 53 Tue Jun 12 03:19:28 UTC 2018 $PTII/bin/ptinvoke ptolemy.vergil.basic.export.ExportModel -force htm -run -openComposites -timeOut 30000 -whiteBackground ptolemy/domains/continuous/demo/NewtonsCradle/ParameterizedNewtonsCradleAnimatedNondeterministic.xml $PTII/ptolemy/domains/continuous/demo/NewtonsCradle/ParameterizedNewtonsCradleAnimatedNondeterministic
Running .ParameterizedNewtonsCradleAnimatedNondeterministic
ExportHTMLTimer went off after 30000 ms., calling getDirector().finish and getDirector().stopFire()
30019 ms. Memory: 2107392K Free: 1362208K (65%)
Exported /home/travis/build/icyphy/ptII/ptolemy/domains/continuous/demo/NewtonsCradle/ParameterizedNewtonsCradleAnimatedNondeterministic/index.html
34791 ms. Memory: 2107392K Free: 807065K (38%)
####### 54 Tue Jun 12 03:20:03 UTC 2018 $PTII/bin/ptinvoke ptolemy.vergil.basic.export.ExportModel -force htm -run -openComposites -timeOut 30000 -whiteBackground ptolemy/domains/continuous/demo/Noise/Noise.xml $PTII/ptolemy/domains/continuous/demo/Noise/Noise
Running .Noise
121 ms. Memory: 2107392K Free: 622747K (30%)
Exported /home/travis/build/icyphy/ptII/ptolemy/domains/continuous/demo/Noise/Noise/index.html
4350 ms. Memory: 2107392K Free: 500944K (24%)
####### 55 Tue Jun 12 03:20:07 UTC 2018 $PTII/bin/ptinvoke ptolemy.vergil.basic.export.ExportModel -force htm -run -openComposites -timeOut 30000 -whiteBackground ptolemy/domains/continuous/demo/Noise/NoiseSpectrum.xml $PTII/ptolemy/domains/continuous/demo/Noise/NoiseSpectrum
Running .NoiseSpectrum
547 ms. Memory: 2106368K Free: 1723546K (82%)
Exported /home/travis/build/icyphy/ptII/ptolemy/domains/continuous/demo/Noise/NoiseSpectrum/index.html
4771 ms. Memory: 2106368K Free: 1600806K (76%)
####### 56 Tue Jun 12 03:20:12 UTC 2018 $PTII/bin/ptinvoke ptolemy.vergil.basic.export.ExportModel -force htm -run -openComposites -timeOut 30000 -whiteBackground ptolemy/domains/continuous/demo/Noise/SinusoidInNoise.xml $PTII/ptolemy/domains/continuous/demo/Noise/SinusoidInNoise
Running .SinusoidInNoise
1015 ms. Memory: 2106368K Free: 1177964K (56%)
Exported /home/travis/build/icyphy/ptII/ptolemy/domains/continuous/demo/Noise/SinusoidInNoise/index.html
5308 ms. Memory: 2106368K Free: 1056252K (50%)
####### 57 Tue Jun 12 03:20:17 UTC 2018 $PTII/bin/ptinvoke ptolemy.vergil.basic.export.ExportModel -force htm -run -openComposites -timeOut 30000 -whiteBackground ptolemy/domains/continuous/demo/Pendulum3D/Pendulum3D.xml $PTII/ptolemy/domains/continuous/demo/Pendulum3D/Pendulum3D
Running .Pendulum3D
ExportHTMLTimer went off after 30000 ms., calling getDirector().finish and getDirector().stopFire()
30004 ms. Memory: 2083840K Free: 576088K (28%)
Exported /home/travis/build/icyphy/ptII/ptolemy/domains/continuous/demo/Pendulum3D/Pendulum3D/index.html
34473 ms. Memory: 2084864K Free: 1745869K (84%)
####### 58 Tue Jun 12 03:20:52 UTC 2018 $PTII/bin/ptinvoke ptolemy.vergil.basic.export.ExportModel -force htm -run -openComposites -timeOut 30000 -whiteBackground ptolemy/domains/continuous/demo/Poisson/IncreasingRatePoisson.xml $PTII/ptolemy/domains/continuous/demo/Poisson/IncreasingRatePoisson
Running .IncreasingRatePoisson
535 ms. Memory: 2084864K Free: 1298867K (62%)
Exported /home/travis/build/icyphy/ptII/ptolemy/domains/continuous/demo/Poisson/IncreasingRatePoisson/index.html
4729 ms. Memory: 2084864K Free: 1178724K (57%)
####### 59 Tue Jun 12 03:20:57 UTC 2018 $PTII/bin/ptinvoke ptolemy.vergil.basic.export.ExportModel -force htm -run -openComposites -timeOut 30000 -whiteBackground ptolemy/domains/continuous/demo/Poisson/Poisson.xml $PTII/ptolemy/domains/continuous/demo/Poisson/Poisson
Running .Poisson
370 ms. Memory: 2084864K Free: 824687K (40%)
Exported /home/travis/build/icyphy/ptII/ptolemy/domains/continuous/demo/Poisson/Poisson/index.html
4549 ms. Memory: 2084864K Free: 701966K (34%)
####### 60 Tue Jun 12 03:21:01 UTC 2018 $PTII/bin/ptinvoke ptolemy.vergil.basic.export.ExportModel -force htm -run -openComposites -timeOut 30000 -whiteBackground ptolemy/domains/continuous/demo/SampledClocks/SampledClocks.xml $PTII/ptolemy/domains/continuous/demo/SampledClocks/SampledClocks
Running .SampledClocks
25 ms. Memory: 2084864K Free: 583460K (28%)
Exported /home/travis/build/icyphy/ptII/ptolemy/domains/continuous/demo/SampledClocks/SampledClocks/index.html
4190 ms. Memory: 2084864K Free: 522225K (25%)
####### 61 Tue Jun 12 03:21:05 UTC 2018 $PTII/bin/ptinvoke ptolemy.vergil.basic.export.ExportModel -force htm -run -openComposites -timeOut 30000 -whiteBackground ptolemy/domains/continuous/demo/Satellite/Satellite.xml $PTII/ptolemy/domains/continuous/demo/Satellite/Satellite
Running .Satellite
749 ms. Memory: 2070528K Free: 1647541K (80%)
Exported /home/travis/build/icyphy/ptII/ptolemy/domains/continuous/demo/Satellite/Satellite/index.html
4894 ms. Memory: 2070528K Free: 1616005K (78%)
####### 62 Tue Jun 12 03:21:10 UTC 2018 $PTII/bin/ptinvoke ptolemy.vergil.basic.export.ExportModel -force htm -run -openComposites -timeOut 30000 -whiteBackground ptolemy/domains/continuous/demo/SigmaDelta/SigmaDelta.xml $PTII/ptolemy/domains/continuous/demo/SigmaDelta/SigmaDelta
Running .SigmaDelta
28156 ms. Memory: 2037760K Free: 931561K (46%)
Exported /home/travis/build/icyphy/ptII/ptolemy/domains/continuous/demo/SigmaDelta/SigmaDelta/index.html
32330 ms. Memory: 2037760K Free: 839859K (41%)
####### 63 Tue Jun 12 03:21:43 UTC 2018 $PTII/bin/ptinvoke ptolemy.vergil.basic.export.ExportModel -force htm -run -openComposites -timeOut 30000 -whiteBackground ptolemy/domains/continuous/demo/SinuBouncingBall/SinuBouncingBall.xml $PTII/ptolemy/domains/continuous/demo/SinuBouncingBall/SinuBouncingBall
Running .SinuBouncingBall
2403 ms. Memory: 2057728K Free: 1523245K (74%)
Exported /home/travis/build/icyphy/ptII/ptolemy/domains/continuous/demo/SinuBouncingBall/SinuBouncingBall/index.html
6742 ms. Memory: 2057728K Free: 1321322K (64%)
####### 64 Tue Jun 12 03:21:49 UTC 2018 $PTII/bin/ptinvoke ptolemy.vergil.basic.export.ExportModel -force htm -run -openComposites -timeOut 30000 -whiteBackground ptolemy/domains/continuous/demo/Sinusoid/Sinusoid.xml $PTII/ptolemy/domains/continuous/demo/Sinusoid/Sinusoid
Running .Sinusoid
20 ms. Memory: 2057728K Free: 1193823K (58%)
Exported /home/travis/build/icyphy/ptII/ptolemy/domains/continuous/demo/Sinusoid/Sinusoid/index.html
4145 ms. Memory: 2057728K Free: 1160927K (56%)
####### 65 Tue Jun 12 03:21:53 UTC 2018 $PTII/bin/ptinvoke ptolemy.vergil.basic.export.ExportModel -force htm -run -openComposites -timeOut 30000 -whiteBackground ptolemy/domains/continuous/demo/SquareWave/SquareWave.xml $PTII/ptolemy/domains/continuous/demo/SquareWave/SquareWave
Running .SquareWave
270 ms. Memory: 2057728K Free: 1019477K (50%)
Exported /home/travis/build/icyphy/ptII/ptolemy/domains/continuous/demo/SquareWave/SquareWave/index.html
4479 ms. Memory: 2057728K Free: 930256K (45%)
####### 66 Tue Jun 12 03:21:58 UTC 2018 $PTII/bin/ptinvoke ptolemy.vergil.basic.export.ExportModel -force htm -run -openComposites -timeOut 30000 -whiteBackground ptolemy/domains/continuous/demo/Starmac/Starmac.xml $PTII/ptolemy/domains/continuous/demo/Starmac/Starmac
Running .Starmac
4211 ms. Memory: 2001920K Free: 1267672K (63%)
Exported /home/travis/build/icyphy/ptII/ptolemy/domains/continuous/demo/Starmac/Starmac/index.html
17469 ms. Memory: 2055680K Free: 1522454K (74%)
####### 67 Tue Jun 12 03:22:15 UTC 2018 $PTII/bin/ptinvoke ptolemy.vergil.basic.export.ExportModel -force htm -run -openComposites -timeOut 30000 -whiteBackground ptolemy/domains/continuous/demo/StickyMasses/StickyMasses.xml $PTII/ptolemy/domains/continuous/demo/StickyMasses/StickyMasses
Running .StickyMasses
12018 ms. Memory: 2055680K Free: 1120269K (54%)
Exported /home/travis/build/icyphy/ptII/ptolemy/domains/continuous/demo/StickyMasses/StickyMasses/index.html
17817 ms. Memory: 1998336K Free: 1179263K (59%)
####### 68 Tue Jun 12 03:22:33 UTC 2018 $PTII/bin/ptinvoke ptolemy.vergil.basic.export.ExportModel -force htm -run -openComposites -timeOut 30000 -whiteBackground ptolemy/domains/continuous/demo/Switch/Switch.xml $PTII/ptolemy/domains/continuous/demo/Switch/Switch
Running .Switch
71 ms. Memory: 1998336K Free: 1030388K (52%)
Exported /home/travis/build/icyphy/ptII/ptolemy/domains/continuous/demo/Switch/Switch/index.html
4285 ms. Memory: 1998336K Free: 915793K (46%)
####### 69 Tue Jun 12 03:22:37 UTC 2018 $PTII/bin/ptinvoke ptolemy.vergil.basic.export.ExportModel -force htm -run -openComposites -timeOut 30000 -whiteBackground ptolemy/domains/continuous/demo/Thermostat/Thermostat.xml $PTII/ptolemy/domains/continuous/demo/Thermostat/Thermostat
Running .Thermostat
140 ms. Memory: 1998336K Free: 744698K (37%)
Exported /home/travis/build/icyphy/ptII/ptolemy/domains/continuous/demo/Thermostat/Thermostat/index.html
4365 ms. Memory: 1998336K Free: 602191K (30%)
####### 70 Tue Jun 12 03:22:42 UTC 2018 $PTII/bin/ptinvoke ptolemy.vergil.basic.export.ExportModel -force htm -run -openComposites -timeOut 30000 -whiteBackground ptolemy/domains/continuous/demo/Transmission/EfficiencyCurve.xml $PTII/ptolemy/domains/continuous/demo/Transmission/EfficiencyCurve
Running .EfficiencyCurve
44 ms. Memory: 1998336K Free: 517729K (26%)
Exported /home/travis/build/icyphy/ptII/ptolemy/domains/continuous/demo/Transmission/EfficiencyCurve/index.html
4167 ms. Memory: 1998336K Free: 456713K (23%)
####### 71 Tue Jun 12 03:22:46 UTC 2018 $PTII/bin/ptinvoke ptolemy.vergil.basic.export.ExportModel -force htm -run -openComposites -timeOut 30000 -whiteBackground ptolemy/domains/continuous/demo/Transmission/Transmission.xml $PTII/ptolemy/domains/continuous/demo/Transmission/Transmission
Running .Transmission
626 ms. Memory: 2057728K Free: 1574176K (77%)
Exported /home/travis/build/icyphy/ptII/ptolemy/domains/continuous/demo/Transmission/Transmission/index.html
4829 ms. Memory: 2057728K Free: 1458924K (71%)
####### 72 Tue Jun 12 03:22:51 UTC 2018 $PTII/bin/ptinvoke ptolemy.vergil.basic.export.ExportModel -force htm -run -openComposites -timeOut 30000 -whiteBackground ptolemy/domains/continuous/demo/TwoMachineInfiniteBusControl/TwoMachineInfiniteBusControl.xml $PTII/ptolemy/domains/continuous/demo/TwoMachineInfiniteBusControl/TwoMachineInfiniteBusControl
Running .TwoMachineInfiniteBusControl
2173 ms. Memory: 2057728K Free: 559486K (27%)
Exported /home/travis/build/icyphy/ptII/ptolemy/domains/continuous/demo/TwoMachineInfiniteBusControl/TwoMachineInfiniteBusControl/index.html
6982 ms. Memory: 2052096K Free: 1520978K (74%)
####### 73 Tue Jun 12 03:22:58 UTC 2018 $PTII/bin/ptinvoke ptolemy.vergil.basic.export.ExportModel -force htm -run -openComposites -timeOut 30000 -whiteBackground ptolemy/domains/continuous/demo/V2V/V2V.xml $PTII/ptolemy/domains/continuous/demo/V2V/V2V
Running .V2V
623 ms. Memory: 2052096K Free: 1172378K (57%)
Exported /home/travis/build/icyphy/ptII/ptolemy/domains/continuous/demo/V2V/V2V/index.html
5014 ms. Memory: 2052096K Free: 915765K (45%)
####### 74 Tue Jun 12 03:23:03 UTC 2018 $PTII/bin/ptinvoke ptolemy.vergil.basic.export.ExportModel -force htm -run -openComposites -timeOut 30000 -whiteBackground ptolemy/domains/csp/demo/Barrier/Barrier.xml $PTII/ptolemy/domains/csp/demo/Barrier/Barrier
Running .Barrier
ExportHTMLTimer went off after 30000 ms., calling getDirector().finish and getDirector().stopFire()
31234 ms. Memory: 2198528K Free: 508021K (23%)
Exported /home/travis/build/icyphy/ptII/ptolemy/domains/csp/demo/Barrier/Barrier/index.html
35793 ms. Memory: 2198528K Free: 335360K (15%)
####### 75 Tue Jun 12 03:23:39 UTC 2018 $PTII/bin/ptinvoke ptolemy.vergil.basic.export.ExportModel -force htm -run -openComposites -timeOut 30000 -whiteBackground ptolemy/domains/csp/demo/ResourcePool/ResourcePool.xml $PTII/ptolemy/domains/csp/demo/ResourcePool/ResourcePool
Running .ResourcePool
ExportHTMLTimer went off after 30000 ms., calling getDirector().finish and getDirector().stopFire()
30104 ms. Memory: 2194944K Free: 1044587K (48%)
Exported /home/travis/build/icyphy/ptII/ptolemy/domains/csp/demo/ResourcePool/ResourcePool/index.html
34228 ms. Memory: 2194944K Free: 1027951K (47%)
####### 76 Tue Jun 12 03:24:13 UTC 2018 $PTII/bin/ptinvoke ptolemy.vergil.basic.export.ExportModel -force htm -run -openComposites -timeOut 30000 -whiteBackground ptolemy/domains/csp/demo/WriteRegulator/WriteRegulator.xml $PTII/ptolemy/domains/csp/demo/WriteRegulator/WriteRegulator
Running .WriteRegulator
ExportHTMLTimer went off after 30000 ms., calling getDirector().finish and getDirector().stopFire()
30065 ms. Memory: 2194944K Free: 741818K (34%)
Exported /home/travis/build/icyphy/ptII/ptolemy/domains/csp/demo/WriteRegulator/WriteRegulator/index.html
34174 ms. Memory: 2194944K Free: 711104K (32%)
####### 77 Tue Jun 12 03:24:47 UTC 2018 $PTII/bin/ptinvoke ptolemy.vergil.basic.export.ExportModel -force htm -run -openComposites -timeOut 30000 -whiteBackground ptolemy/domains/curriculum/demo/Curriculum/Curriculum.xml $PTII/ptolemy/domains/curriculum/demo/Curriculum/Curriculum
Model ".Curriculum" contains actors such cannot be run  as part of the export process from ExportModel or it has a WebExportParameters value that runBeforeExport set to false. To export run this model and export it, use vergil.
Exported /home/travis/build/icyphy/ptII/ptolemy/domains/curriculum/demo/Curriculum/Curriculum/index.html
3483 ms. Memory: 2194944K Free: 238901K (11%)
####### 78 Tue Jun 12 03:24:51 UTC 2018 $PTII/bin/ptinvoke ptolemy.vergil.basic.export.ExportModel -force htm -run -openComposites -timeOut 30000 -whiteBackground ptolemy/domains/dde/demo/LocalZeno/LocalZeno.xml $PTII/ptolemy/domains/dde/demo/LocalZeno/LocalZeno
Running .LocalZeno
ExportHTMLTimer went off after 30000 ms., calling getDirector().finish and getDirector().stopFire()
30100 ms. Memory: 2194944K Free: 1747086K (80%)
Exported /home/travis/build/icyphy/ptII/ptolemy/domains/dde/demo/LocalZeno/LocalZeno/index.html
34250 ms. Memory: 2194944K Free: 1672078K (76%)
####### 79 Tue Jun 12 03:25:25 UTC 2018 $PTII/bin/ptinvoke ptolemy.vergil.basic.export.ExportModel -force htm -run -openComposites -timeOut 30000 -whiteBackground ptolemy/domains/ddf/demo/Eratosthenes/Eratosthenes.xml $PTII/ptolemy/domains/ddf/demo/Eratosthenes/Eratosthenes
Running .Eratosthenes
464 ms. Memory: 2194944K Free: 1251428K (57%)
Exported /home/travis/build/icyphy/ptII/ptolemy/domains/ddf/demo/Eratosthenes/Eratosthenes/index.html
8934 ms. Memory: 2162176K Free: 1507038K (70%)
####### 80 Tue Jun 12 03:25:34 UTC 2018 $PTII/bin/ptinvoke ptolemy.vergil.basic.export.ExportModel -force htm -run -openComposites -timeOut 30000 -whiteBackground ptolemy/domains/ddf/demo/Factorial/Factorial.xml $PTII/ptolemy/domains/ddf/demo/Factorial/Factorial
Running .Factorial
83 ms. Memory: 2162176K Free: 1379907K (64%)
Exported /home/travis/build/icyphy/ptII/ptolemy/domains/ddf/demo/Factorial/Factorial/index.html
6220 ms. Memory: 2162176K Free: 616905K (29%)
####### 81 Tue Jun 12 03:25:40 UTC 2018 $PTII/bin/ptinvoke ptolemy.vergil.basic.export.ExportModel -force htm -run -openComposites -timeOut 30000 -whiteBackground ptolemy/domains/ddf/demo/HanoiTower/HanoiTower.xml $PTII/ptolemy/domains/ddf/demo/HanoiTower/HanoiTower
Running .HanoiTower
ExportHTMLTimer went off after 30000 ms., calling getDirector().finish and getDirector().stopFire()
30005 ms. Memory: 2176000K Free: 481464K (22%)
Exported /home/travis/build/icyphy/ptII/ptolemy/domains/ddf/demo/HanoiTower/HanoiTower/index.html
67763 ms. Memory: 2113536K Free: 687185K (33%)
####### 82 Tue Jun 12 03:26:48 UTC 2018 $PTII/bin/ptinvoke ptolemy.vergil.basic.export.ExportModel -force htm -run -openComposites -timeOut 30000 -whiteBackground ptolemy/domains/ddf/demo/IfThenElse/IfThenElse.xml $PTII/ptolemy/domains/ddf/demo/IfThenElse/IfThenElse
Running .IfThenElse
14 ms. Memory: 2113536K Free: 569445K (27%)
Exported /home/travis/build/icyphy/ptII/ptolemy/domains/ddf/demo/IfThenElse/IfThenElse/index.html
4215 ms. Memory: 2113536K Free: 506078K (24%)
####### 83 Tue Jun 12 03:26:52 UTC 2018 $PTII/bin/ptinvoke ptolemy.vergil.basic.export.ExportModel -force htm -run -openComposites -timeOut 30000 -whiteBackground ptolemy/domains/ddf/demo/IfThenElse/IfThenElseFSM.xml $PTII/ptolemy/domains/ddf/demo/IfThenElse/IfThenElseFSM
Running .IfThenElseFSM
55 ms. Memory: 2135040K Free: 1775974K (83%)
Exported /home/travis/build/icyphy/ptII/ptolemy/domains/ddf/demo/IfThenElse/IfThenElseFSM/index.html
4399 ms. Memory: 2135040K Free: 1604176K (75%)
####### 84 Tue Jun 12 03:26:56 UTC 2018 $PTII/bin/ptinvoke ptolemy.vergil.basic.export.ExportModel -force htm -run -openComposites -timeOut 30000 -whiteBackground ptolemy/domains/ddf/demo/Loop/Loop.xml $PTII/ptolemy/domains/ddf/demo/Loop/Loop
Running .Loop
35 ms. Memory: 2135040K Free: 1493525K (70%)
Exported /home/travis/build/icyphy/ptII/ptolemy/domains/ddf/demo/Loop/Loop/index.html
4187 ms. Memory: 2135040K Free: 1460491K (68%)
####### 85 Tue Jun 12 03:27:01 UTC 2018 $PTII/bin/ptinvoke ptolemy.vergil.basic.export.ExportModel -force htm -run -openComposites -timeOut 30000 -whiteBackground ptolemy/domains/ddf/demo/OrderedMerge/OrderedMerge.xml $PTII/ptolemy/domains/ddf/demo/OrderedMerge/OrderedMerge
Running .OrderedMerge
20 ms. Memory: 2135040K Free: 1349854K (63%)
Exported /home/travis/build/icyphy/ptII/ptolemy/domains/ddf/demo/OrderedMerge/OrderedMerge/index.html
4149 ms. Memory: 2135040K Free: 1314024K (62%)
####### 86 Tue Jun 12 03:27:05 UTC 2018 $PTII/bin/ptinvoke ptolemy.vergil.basic.export.ExportModel -force htm -run -openComposites -timeOut 30000 -whiteBackground ptolemy/domains/ddf/demo/RandomWalk/RandomWalk.xml $PTII/ptolemy/domains/ddf/demo/RandomWalk/RandomWalk
Running .RandomWalk
47 ms. Memory: 2135040K Free: 1170323K (55%)
Exported /home/travis/build/icyphy/ptII/ptolemy/domains/ddf/demo/RandomWalk/RandomWalk/index.html
4235 ms. Memory: 2135040K Free: 1053470K (49%)
####### 87 Tue Jun 12 03:27:09 UTC 2018 $PTII/bin/ptinvoke ptolemy.vergil.basic.export.ExportModel -force htm  -openComposites -timeOut 30000 -whiteBackground ptolemy/domains/ddf/demo/RijndaelEncryption/RijndaelEncryption.xml $PTII/ptolemy/domains/ddf/demo/RijndaelEncryption/RijndaelEncryption
Warning: not running ptolemy/domains/ddf/demo/RijndaelEncryption/RijndaelEncryption.xml. See ptolemy/vergil/basic/export/test/junit/ExportModelJUnitTest.java
Exported /home/travis/build/icyphy/ptII/ptolemy/domains/ddf/demo/RijndaelEncryption/RijndaelEncryption/index.html
4592 ms. Memory: 2124288K Free: 1318032K (62%)
####### 88 Tue Jun 12 03:27:14 UTC 2018 $PTII/bin/ptinvoke ptolemy.vergil.basic.export.ExportModel -force htm -run -openComposites -timeOut 30000 -whiteBackground ptolemy/domains/de/demo/AFDX/AFDX.xml $PTII/ptolemy/domains/de/demo/AFDX/AFDX
Running .AFDX
49 ms. Memory: 2124288K Free: 1148135K (54%)
Exported /home/travis/build/icyphy/ptII/ptolemy/domains/de/demo/AFDX/AFDX/index.html
4392 ms. Memory: 2124288K Free: 977952K (46%)
####### 89 Tue Jun 12 03:27:18 UTC 2018 $PTII/bin/ptinvoke ptolemy.vergil.basic.export.ExportModel -force htm -run -openComposites -timeOut 30000 -whiteBackground ptolemy/domains/de/demo/AssemblyLine/AssemblyLine.xml $PTII/ptolemy/domains/de/demo/AssemblyLine/AssemblyLine
Running .AssemblyLine
[...]
####### 121 Tue Jun 12 03:36:14 UTC 2018 $PTII/bin/ptinvoke ptolemy.vergil.basic.export.ExportModel -force htm -run -openComposites -timeOut 30000 -whiteBackground ptolemy/domains/gr/demo/Universe/Universe.xml $PTII/ptolemy/domains/gr/demo/Universe/Universe
Running .Universe
ExportHTMLTimer went off after 30000 ms., calling getDirector().finish and getDirector().stopFire()
ExportHTMLTimer went off after 60000 ms., calling manager.stop().
60013 ms. Memory: 2233856K Free: 1244550K (56%)
Exported /home/travis/build/icyphy/ptII/ptolemy/domains/gr/demo/Universe/Universe/index.html
64150 ms. Memory: 2233856K Free: 1200745K (54%)
####### 122 Tue Jun 12 03:37:18 UTC 2018 $PTII/bin/ptinvoke ptolemy.vergil.basic.export.ExportModel -force htm -run -openComposites -timeOut 30000 -whiteBackground ptolemy/domains/hdf/demo/AdaptiveCoding/AdaptiveCoding.xml $PTII/ptolemy/domains/hdf/demo/AdaptiveCoding/AdaptiveCoding
Running .AdaptiveCoding
631 ms. Memory: 2233856K Free: 529963K (24%)
Exported /home/travis/build/icyphy/ptII/ptolemy/domains/hdf/demo/AdaptiveCoding/AdaptiveCoding/index.html
4997 ms. Memory: 2242048K Free: 1823371K (81%)
####### 123 Tue Jun 12 03:37:23 UTC 2018 $PTII/bin/ptinvoke ptolemy.vergil.basic.export.ExportModel -force htm -run -openComposites -timeOut 30000 -whiteBackground ptolemy/domains/hdf/demo/Fibonacci/Fibonacci.xml $PTII/ptolemy/domains/hdf/demo/Fibonacci/Fibonacci
Running .Fibonacci
302 ms. Memory: 2242048K Free: 1452498K (65%)
Exported /home/travis/build/icyphy/ptII/ptolemy/domains/hdf/demo/Fibonacci/Fibonacci/index.html
4485 ms. Memory: 2242048K Free: 1358666K (61%)
####### 124 Tue Jun 12 03:37:28 UTC 2018 $PTII/bin/ptinvoke ptolemy.vergil.basic.export.ExportModel -force htm -run -openComposites -timeOut 30000 -whiteBackground ptolemy/domains/hdf/demo/Hysteresis/Hysteresis.xml $PTII/ptolemy/domains/hdf/demo/Hysteresis/Hysteresis
Running .Hysteresis
46 ms. Memory: 2242048K Free: 1173918K (52%)
Exported /home/travis/build/icyphy/ptII/ptolemy/domains/hdf/demo/Hysteresis/Hysteresis/index.html
4267 ms. Memory: 2242048K Free: 1049394K (47%)
####### 125 Tue Jun 12 03:37:32 UTC 2018 $PTII/bin/ptinvoke ptolemy.vergil.basic.export.ExportModel -force htm -run -openComposites -timeOut 30000 -whiteBackground ptolemy/domains/hdf/demo/Merge/Merge.xml $PTII/ptolemy/domains/hdf/demo/Merge/Merge
Running .Merge
114 ms. Memory: 2242048K Free: 772310K (34%)
Exported /home/travis/build/icyphy/ptII/ptolemy/domains/hdf/demo/Merge/Merge/index.html
4402 ms. Memory: 2242048K Free: 647778K (29%)
####### 126 Tue Jun 12 03:37:36 UTC 2018 $PTII/bin/ptinvoke ptolemy.vergil.basic.export.ExportModel -force htm -run -openComposites -timeOut 30000 -whiteBackground ptolemy/domains/modal/demo/ABP/ABP.xml $PTII/ptolemy/domains/modal/demo/ABP/ABP
Running .ABP
110 ms. Memory: 2242048K Free: 339458K (15%)
Exported /home/travis/build/icyphy/ptII/ptolemy/domains/modal/demo/ABP/ABP/index.html
4630 ms. Memory: 2164224K Free: 1548656K (72%)
####### 127 Tue Jun 12 03:37:41 UTC 2018 $PTII/bin/ptinvoke ptolemy.vergil.basic.export.ExportModel -force htm -run -openComposites -timeOut 30000 -whiteBackground ptolemy/domains/modal/demo/Blending/Blending.xml $PTII/ptolemy/domains/modal/demo/Blending/Blending
Running .Blending
185 ms. Memory: 2164224K Free: 1280920K (59%)
Exported /home/travis/build/icyphy/ptII/ptolemy/domains/modal/demo/Blending/Blending/index.html
4546 ms. Memory: 2164224K Free: 1011417K (47%)
####### 128 Tue Jun 12 03:37:46 UTC 2018 $PTII/bin/ptinvoke ptolemy.vergil.basic.export.ExportModel -force htm -run -openComposites -timeOut 30000 -whiteBackground ptolemy/domains/modal/demo/Case/Case.xml $PTII/ptolemy/domains/modal/demo/Case/Case
Running .Case
39 ms. Memory: 2164224K Free: 892523K (41%)
Exported /home/travis/build/icyphy/ptII/ptolemy/domains/modal/demo/Case/Case/index.html
4292 ms. Memory: 2164224K Free: 742613K (34%)
####### 129 Tue Jun 12 03:37:50 UTC 2018 $PTII/bin/ptinvoke ptolemy.vergil.basic.export.ExportModel -force htm -run -openComposites -timeOut 30000 -whiteBackground ptolemy/domains/modal/demo/ChainedTransitions/ChainedTransitions.xml $PTII/ptolemy/domains/modal/demo/ChainedTransitions/ChainedTransitions
Running .ChainedTransitions
22 ms. Memory: 2164224K Free: 593116K (27%)
Exported /home/travis/build/icyphy/ptII/ptolemy/domains/modal/demo/ChainedTransitions/ChainedTransitions/index.html
4252 ms. Memory: 2164224K Free: 443227K (20%)
####### 130 Tue Jun 12 03:37:54 UTC 2018 $PTII/bin/ptinvoke ptolemy.vergil.basic.export.ExportModel -force htm -run -openComposites -timeOut 30000 -whiteBackground ptolemy/domains/modal/demo/ModalBSC/ModalBSC.xml $PTII/ptolemy/domains/modal/demo/ModalBSC/ModalBSC
Running .ModalBSC
42 ms. Memory: 2164224K Free: 265103K (12%)
Exported /home/travis/build/icyphy/ptII/ptolemy/domains/modal/demo/ModalBSC/ModalBSC/index.html
4269 ms. Memory: 2172416K Free: 1666735K (77%)
####### 131 Tue Jun 12 03:37:58 UTC 2018 $PTII/bin/ptinvoke ptolemy.vergil.basic.export.ExportModel -force htm -run -openComposites -timeOut 30000 -whiteBackground ptolemy/domains/modal/demo/MultipleRuns/MultipleRuns.xml $PTII/ptolemy/domains/modal/demo/MultipleRuns/MultipleRuns
Running .MultipleRuns
385 ms. Memory: 2172416K Free: 1486796K (68%)
Exported /home/travis/build/icyphy/ptII/ptolemy/domains/modal/demo/MultipleRuns/MultipleRuns/index.html
4557 ms. Memory: 2172416K Free: 1364943K (63%)
####### 132 Tue Jun 12 03:38:03 UTC 2018 $PTII/bin/ptinvoke ptolemy.vergil.basic.export.ExportModel -force htm -run -openComposites -timeOut 30000 -whiteBackground ptolemy/domains/modal/demo/PersistentIO/PersistentIO.xml $PTII/ptolemy/domains/modal/demo/PersistentIO/PersistentIO
Running .PersistentIO
23 ms. Memory: 2172416K Free: 1214381K (56%)
Exported /home/travis/build/icyphy/ptII/ptolemy/domains/modal/demo/PersistentIO/PersistentIO/index.html
4226 ms. Memory: 2172416K Free: 1122543K (52%)
####### 133 Tue Jun 12 03:38:07 UTC 2018 $PTII/bin/ptinvoke ptolemy.vergil.basic.export.ExportModel -force htm -run -openComposites -timeOut 30000 -whiteBackground ptolemy/domains/modal/demo/StateTracker/StateTracker.xml $PTII/ptolemy/domains/modal/demo/StateTracker/StateTracker
Running .StateTracker
15 ms. Memory: 2172416K Free: 1002800K (46%)
Exported /home/travis/build/icyphy/ptII/ptolemy/domains/modal/demo/StateTracker/StateTracker/index.html
4325 ms. Memory: 2172416K Free: 821661K (38%)
####### 134 Tue Jun 12 03:38:12 UTC 2018 $PTII/bin/ptinvoke ptolemy.vergil.basic.export.ExportModel -force htm  -openComposites -timeOut 30000 -whiteBackground ptolemy/domains/modal/demo/SystemLevelType/CSPDomain.xml $PTII/ptolemy/domains/modal/demo/SystemLevelType/CSPDomain
Warning: not running ptolemy/domains/modal/demo/SystemLevelType/CSPDomain.xml. See ptolemy/vergil/basic/export/test/junit/ExportModelJUnitTest.java
Exported /home/travis/build/icyphy/ptII/ptolemy/domains/modal/demo/SystemLevelType/CSPDomain/index.html
3137 ms. Memory: 2172416K Free: 698959K (32%)
####### 135 Tue Jun 12 03:38:15 UTC 2018 $PTII/bin/ptinvoke ptolemy.vergil.basic.export.ExportModel -force htm  -openComposites -timeOut 30000 -whiteBackground ptolemy/domains/modal/demo/SystemLevelType/CSPDomain_PolyActor.xml $PTII/ptolemy/domains/modal/demo/SystemLevelType/CSPDomain_PolyActor
Warning: not running ptolemy/domains/modal/demo/SystemLevelType/CSPDomain_PolyActor.xml. See ptolemy/vergil/basic/export/test/junit/ExportModelJUnitTest.java
Exported /home/travis/build/icyphy/ptII/ptolemy/domains/modal/demo/SystemLevelType/CSPDomain_PolyActor/index.html
3137 ms. Memory: 2172416K Free: 576262K (27%)
####### 136 Tue Jun 12 03:38:18 UTC 2018 $PTII/bin/ptinvoke ptolemy.vergil.basic.export.ExportModel -force htm  -openComposites -timeOut 30000 -whiteBackground ptolemy/domains/modal/demo/SystemLevelType/CSPDomain_SDFActor.xml $PTII/ptolemy/domains/modal/demo/SystemLevelType/CSPDomain_SDFActor
Warning: not running ptolemy/domains/modal/demo/SystemLevelType/CSPDomain_SDFActor.xml. See ptolemy/vergil/basic/export/test/junit/ExportModelJUnitTest.java
Exported /home/travis/build/icyphy/ptII/ptolemy/domains/modal/demo/SystemLevelType/CSPDomain_SDFActor/index.html
3115 ms. Memory: 2172416K Free: 453649K (21%)
####### 137 Tue Jun 12 03:38:21 UTC 2018 $PTII/bin/ptinvoke ptolemy.vergil.basic.export.ExportModel -force htm  -openComposites -timeOut 30000 -whiteBackground ptolemy/domains/modal/demo/SystemLevelType/DEDomain.xml $PTII/ptolemy/domains/modal/demo/SystemLevelType/DEDomain
Warning: not running ptolemy/domains/modal/demo/SystemLevelType/DEDomain.xml. See ptolemy/vergil/basic/export/test/junit/ExportModelJUnitTest.java
Exported /home/travis/build/icyphy/ptII/ptolemy/domains/modal/demo/SystemLevelType/DEDomain/index.html
3132 ms. Memory: 2172416K Free: 301554K (14%)
####### 138 Tue Jun 12 03:38:24 UTC 2018 $PTII/bin/ptinvoke ptolemy.vergil.basic.export.ExportModel -force htm  -openComposites -timeOut 30000 -whiteBackground ptolemy/domains/modal/demo/SystemLevelType/DEDomain_PolyActor.xml $PTII/ptolemy/domains/modal/demo/SystemLevelType/DEDomain_PolyActor
Warning: not running ptolemy/domains/modal/demo/SystemLevelType/DEDomain_PolyActor.xml. See ptolemy/vergil/basic/export/test/junit/ExportModelJUnitTest.java
Exported /home/travis/build/icyphy/ptII/ptolemy/domains/modal/demo/SystemLevelType/DEDomain_PolyActor/index.html
3134 ms. Memory: 2189312K Free: 1714652K (78%)
####### 139 Tue Jun 12 03:38:27 UTC 2018 $PTII/bin/ptinvoke ptolemy.vergil.basic.export.ExportModel -force htm  -openComposites -timeOut 30000 -whiteBackground ptolemy/domains/modal/demo/SystemLevelType/DEDomain_SDFActor.xml $PTII/ptolemy/domains/modal/demo/SystemLevelType/DEDomain_SDFActor
Warning: not running ptolemy/domains/modal/demo/SystemLevelType/DEDomain_SDFActor.xml. See ptolemy/vergil/basic/export/test/junit/ExportModelJUnitTest.java
Exported /home/travis/build/icyphy/ptII/ptolemy/domains/modal/demo/SystemLevelType/DEDomain_SDFActor/index.html
3116 ms. Memory: 2189312K Free: 1593126K (73%)
####### 140 Tue Jun 12 03:38:30 UTC 2018 $PTII/bin/ptinvoke ptolemy.vergil.basic.export.ExportModel -force htm  -openComposites -timeOut 30000 -whiteBackground ptolemy/domains/modal/demo/SystemLevelType/DP.xml $PTII/ptolemy/domains/modal/demo/SystemLevelType/DP
Warning: not running ptolemy/domains/modal/demo/SystemLevelType/DP.xml. See ptolemy/vergil/basic/export/test/junit/ExportModelJUnitTest.java
Exported /home/travis/build/icyphy/ptII/ptolemy/domains/modal/demo/SystemLevelType/DP/index.html
3106 ms. Memory: 2189312K Free: 1471359K (67%)
####### 141 Tue Jun 12 03:38:33 UTC 2018 $PTII/bin/ptinvoke ptolemy.vergil.basic.export.ExportModel -force htm  -openComposites -timeOut 30000 -whiteBackground ptolemy/domains/modal/demo/SystemLevelType/DummyDirector1.xml $PTII/ptolemy/domains/modal/demo/SystemLevelType/DummyDirector1
Warning: not running ptolemy/domains/modal/demo/SystemLevelType/DummyDirector1.xml. See ptolemy/vergil/basic/export/test/junit/ExportModelJUnitTest.java
Exported /home/travis/build/icyphy/ptII/ptolemy/domains/modal/demo/SystemLevelType/DummyDirector1/index.html
3114 ms. Memory: 2189312K Free: 1349965K (62%)
####### 142 Tue Jun 12 03:38:37 UTC 2018 $PTII/bin/ptinvoke ptolemy.vergil.basic.export.ExportModel -force htm  -openComposites -timeOut 30000 -whiteBackground ptolemy/domains/modal/demo/SystemLevelType/DummyDirector1_SDFActor.xml $PTII/ptolemy/domains/modal/demo/SystemLevelType/DummyDirector1_SDFActor
Warning: not running ptolemy/domains/modal/demo/SystemLevelType/DummyDirector1_SDFActor.xml. See ptolemy/vergil/basic/export/test/junit/ExportModelJUnitTest.java
Exported /home/travis/build/icyphy/ptII/ptolemy/domains/modal/demo/SystemLevelType/DummyDirector1_SDFActor/index.html
3110 ms. Memory: 2189312K Free: 1258042K (57%)
####### 143 Tue Jun 12 03:38:40 UTC 2018 $PTII/bin/ptinvoke ptolemy.vergil.basic.export.ExportModel -force htm  -openComposites -timeOut 30000 -whiteBackground ptolemy/domains/modal/demo/SystemLevelType/DummyDirector2.xml $PTII/ptolemy/domains/modal/demo/SystemLevelType/DummyDirector2
Warning: not running ptolemy/domains/modal/demo/SystemLevelType/DummyDirector2.xml. See ptolemy/vergil/basic/export/test/junit/ExportModelJUnitTest.java
Exported /home/travis/build/icyphy/ptII/ptolemy/domains/modal/demo/SystemLevelType/DummyDirector2/index.html
3108 ms. Memory: 2189312K Free: 1136657K (52%)
####### 144 Tue Jun 12 03:38:43 UTC 2018 $PTII/bin/ptinvoke ptolemy.vergil.basic.export.ExportModel -force htm  -openComposites -timeOut 30000 -whiteBackground ptolemy/domains/modal/demo/SystemLevelType/DummyDirector2_SDFActor.xml $PTII/ptolemy/domains/modal/demo/SystemLevelType/DummyDirector2_SDFActor
Warning: not running ptolemy/domains/modal/demo/SystemLevelType/DummyDirector2_SDFActor.xml. See ptolemy/vergil/basic/export/test/junit/ExportModelJUnitTest.java
Exported /home/travis/build/icyphy/ptII/ptolemy/domains/modal/demo/SystemLevelType/DummyDirector2_SDFActor/index.html
3110 ms. Memory: 2189312K Free: 1015062K (46%)
####### 145 Tue Jun 12 03:38:46 UTC 2018 $PTII/bin/ptinvoke ptolemy.vergil.basic.export.ExportModel -force htm  -openComposites -timeOut 30000 -whiteBackground ptolemy/domains/modal/demo/SystemLevelType/InterruptableWaitingThreadA.xml $PTII/ptolemy/domains/modal/demo/SystemLevelType/InterruptableWaitingThreadA
Warning: not running ptolemy/domains/modal/demo/SystemLevelType/InterruptableWaitingThreadA.xml. See ptolemy/vergil/basic/export/test/junit/ExportModelJUnitTest.java
Exported /home/travis/build/icyphy/ptII/ptolemy/domains/modal/demo/SystemLevelType/InterruptableWaitingThreadA/index.html
3141 ms. Memory: 2189312K Free: 861794K (39%)
####### 146 Tue Jun 12 03:38:49 UTC 2018 $PTII/bin/ptinvoke ptolemy.vergil.basic.export.ExportModel -force htm  -openComposites -timeOut 30000 -whiteBackground ptolemy/domains/modal/demo/SystemLevelType/Interrupter.xml $PTII/ptolemy/domains/modal/demo/SystemLevelType/Interrupter
Warning: not running ptolemy/domains/modal/demo/SystemLevelType/Interrupter.xml. See ptolemy/vergil/basic/export/test/junit/ExportModelJUnitTest.java
Exported /home/travis/build/icyphy/ptII/ptolemy/domains/modal/demo/SystemLevelType/Interrupter/index.html
3126 ms. Memory: 2189312K Free: 740407K (34%)
####### 147 Tue Jun 12 03:38:52 UTC 2018 $PTII/bin/ptinvoke ptolemy.vergil.basic.export.ExportModel -force htm  -openComposites -timeOut 30000 -whiteBackground ptolemy/domains/modal/demo/SystemLevelType/Monitor.xml $PTII/ptolemy/domains/modal/demo/SystemLevelType/Monitor
Warning: not running ptolemy/domains/modal/demo/SystemLevelType/Monitor.xml. See ptolemy/vergil/basic/export/test/junit/ExportModelJUnitTest.java
Exported /home/travis/build/icyphy/ptII/ptolemy/domains/modal/demo/SystemLevelType/Monitor/index.html
3122 ms. Memory: 2189312K Free: 619023K (28%)
####### 148 Tue Jun 12 03:38:55 UTC 2018 $PTII/bin/ptinvoke ptolemy.vergil.basic.export.ExportModel -force htm  -openComposites -timeOut 30000 -whiteBackground ptolemy/domains/modal/demo/SystemLevelType/PNDomain.xml $PTII/ptolemy/domains/modal/demo/SystemLevelType/PNDomain
Warning: not running ptolemy/domains/modal/demo/SystemLevelType/PNDomain.xml. See ptolemy/vergil/basic/export/test/junit/ExportModelJUnitTest.java
Exported /home/travis/build/icyphy/ptII/ptolemy/domains/modal/demo/SystemLevelType/PNDomain/index.html
3130 ms. Memory: 2189312K Free: 468114K (21%)
####### 149 Tue Jun 12 03:38:58 UTC 2018 $PTII/bin/ptinvoke ptolemy.vergil.basic.export.ExportModel -force htm  -openComposites -timeOut 30000 -whiteBackground ptolemy/domains/modal/demo/SystemLevelType/PNDomain_PolyActor.xml $PTII/ptolemy/domains/modal/demo/SystemLevelType/PNDomain_PolyActor
Warning: not running ptolemy/domains/modal/demo/SystemLevelType/PNDomain_PolyActor.xml. See ptolemy/vergil/basic/export/test/junit/ExportModelJUnitTest.java
Exported /home/travis/build/icyphy/ptII/ptolemy/domains/modal/demo/SystemLevelType/PNDomain_PolyActor/index.html
3125 ms. Memory: 2189312K Free: 346970K (16%)
####### 150 Tue Jun 12 03:39:02 UTC 2018 $PTII/bin/ptinvoke ptolemy.vergil.basic.export.ExportModel -force htm  -openComposites -timeOut 30000 -whiteBackground ptolemy/domains/modal/demo/SystemLevelType/PNDomain_SDFActor.xml $PTII/ptolemy/domains/modal/demo/SystemLevelType/PNDomain_SDFActor
Warning: not running ptolemy/domains/modal/demo/SystemLevelType/PNDomain_SDFActor.xml. See ptolemy/vergil/basic/export/test/junit/ExportModelJUnitTest.java
Exported /home/travis/build/icyphy/ptII/ptolemy/domains/modal/demo/SystemLevelType/PNDomain_SDFActor/index.html
3115 ms. Memory: 2189312K Free: 241418K (11%)
]]></system-out>
  <system-err><![CDATA[Jun 12, 2018 3:06:49 AM sun.awt.X11.XToolkit processException
WARNING: Exception on Toolkit thread
java.lang.NullPointerException
	at java.awt.Component$BltBufferStrategy.contentsLost(Component.java:4479)
	at java.awt.Component$BltSubRegionBufferStrategy.showIfNotLost(Component.java:4542)
	at javax.swing.BufferStrategyPaintManager.show(BufferStrategyPaintManager.java:252)
	at javax.swing.RepaintManager.show(RepaintManager.java:1379)
	at javax.swing.SwingPaintEventDispatcher.createPaintEvent(SwingPaintEventDispatcher.java:61)
	at sun.awt.X11.XWindow.postPaintEvent(XWindow.java:564)
	at sun.awt.X11.XContentWindow.postPaintEvent(XContentWindow.java:163)
	at sun.awt.X11.XWindow.handleExposeEvent(XWindow.java:558)
	at sun.awt.X11.XContentWindow.handleExposeEvent(XContentWindow.java:45)
	at sun.awt.X11.XBaseWindow.dispatchEvent(XBaseWindow.java:1110)
	at sun.awt.X11.XBaseWindow.dispatchToWindow(XBaseWindow.java:1086)
	at sun.awt.X11.XToolkit.dispatchEvent(XToolkit.java:502)
	at sun.awt.X11.XToolkit.run(XToolkit.java:616)
	at sun.awt.X11.XToolkit.run(XToolkit.java:532)
	at java.lang.Thread.run(Thread.java:748)

Jun 12, 2018 3:14:07 AM sun.awt.X11.XToolkit processException
WARNING: Exception on Toolkit thread
java.lang.NullPointerException
	at java.awt.Component$BltBufferStrategy.contentsLost(Component.java:4479)
	at java.awt.Component$BltSubRegionBufferStrategy.showIfNotLost(Component.java:4542)
	at javax.swing.BufferStrategyPaintManager.show(BufferStrategyPaintManager.java:252)
	at javax.swing.RepaintManager.show(RepaintManager.java:1379)
	at javax.swing.SwingPaintEventDispatcher.createPaintEvent(SwingPaintEventDispatcher.java:61)
	at sun.awt.X11.XWindow.postPaintEvent(XWindow.java:564)
	at sun.awt.X11.XContentWindow.postPaintEvent(XContentWindow.java:163)
	at sun.awt.X11.XWindow.handleExposeEvent(XWindow.java:558)
	at sun.awt.X11.XContentWindow.handleExposeEvent(XContentWindow.java:45)
	at sun.awt.X11.XBaseWindow.dispatchEvent(XBaseWindow.java:1110)
	at sun.awt.X11.XBaseWindow.dispatchToWindow(XBaseWindow.java:1086)
	at sun.awt.X11.XToolkit.dispatchEvent(XToolkit.java:502)
	at sun.awt.X11.XToolkit.run(XToolkit.java:616)
	at sun.awt.X11.XToolkit.run(XToolkit.java:532)
	at java.lang.Thread.run(Thread.java:748)

Jun 12, 2018 3:20:59 AM sun.awt.X11.XToolkit processException
WARNING: Exception on Toolkit thread
java.lang.NullPointerException
	at java.awt.Component$BltBufferStrategy.contentsLost(Component.java:4479)
	at java.awt.Component$BltSubRegionBufferStrategy.showIfNotLost(Component.java:4542)
	at javax.swing.BufferStrategyPaintManager.show(BufferStrategyPaintManager.java:252)
	at javax.swing.RepaintManager.show(RepaintManager.java:1379)
	at javax.swing.SwingPaintEventDispatcher.createPaintEvent(SwingPaintEventDispatcher.java:61)
	at sun.awt.X11.XWindow.postPaintEvent(XWindow.java:564)
	at sun.awt.X11.XContentWindow.postPaintEvent(XContentWindow.java:163)
	at sun.awt.X11.XWindow.handleExposeEvent(XWindow.java:558)
	at sun.awt.X11.XContentWindow.handleExposeEvent(XContentWindow.java:45)
	at sun.awt.X11.XBaseWindow.dispatchEvent(XBaseWindow.java:1110)
	at sun.awt.X11.XBaseWindow.dispatchToWindow(XBaseWindow.java:1086)
	at sun.awt.X11.XToolkit.dispatchEvent(XToolkit.java:502)
	at sun.awt.X11.XToolkit.run(XToolkit.java:616)
	at sun.awt.X11.XToolkit.run(XToolkit.java:532)
	at java.lang.Thread.run(Thread.java:748)

]]></system-err>
</testsuite>
