<?xml version="1.0" encoding="UTF-8" ?>
<testsuite errors="0" failures="0" hostname="travis-job-6a8f57cb-720e-454f-a890-23c87d2d5934" name="ptolemy.domains.modal.test.junit.JUnitTclTest" skipped="0" tests="148" time="10.227" timestamp="2018-09-16T02:11:50">
  <properties>
[...]
</properties>
  <testcase classname="ptolemy.util.test.junit.TclTests" name="[0] /home/travis/build/icyphy/ptII/ptolemy/domains/modal/test/SystemLevelType.tcl (RunTclFile)" time="1.883" />
  <testcase classname="ptolemy.util.test.junit.AutoKnownFailedTests" name="[0] /home/travis/build/icyphy/ptII/ptolemy/domains/modal/test/auto/knownFailedTests/CannotAnalysisWithPreemption.xml (RunModel)" time="0.12" />
  <testcase classname="ptolemy.util.test.junit.AutoNameArchTests" name="[0] ThereAreNoAutoArchTests (RunModel)" time="0.0" />
  <testcase classname="ptolemy.util.test.junit.AutoTests" name="[0] /home/travis/build/icyphy/ptII/ptolemy/domains/modal/test/auto/ABPTest.xml (RunModel)" time="0.78" />
  <testcase classname="ptolemy.util.test.junit.AutoTests" name="[1] /home/travis/build/icyphy/ptII/ptolemy/domains/modal/test/auto/ABROFlat.xml (RunModel)" time="0.078" />
  <testcase classname="ptolemy.util.test.junit.AutoTests" name="[2] /home/travis/build/icyphy/ptII/ptolemy/domains/modal/test/auto/ABROFlat2.xml (RunModel)" time="0.08" />
  <testcase classname="ptolemy.util.test.junit.AutoTests" name="[3] /home/travis/build/icyphy/ptII/ptolemy/domains/modal/test/auto/ABRO_present_hmm.xml (RunModel)" time="0.159" />
  <testcase classname="ptolemy.util.test.junit.AutoTests" name="[4] /home/travis/build/icyphy/ptII/ptolemy/domains/modal/test/auto/AMICoderExample.xml (RunModel)" time="0.055" />
  <testcase classname="ptolemy.util.test.junit.AutoTests" name="[5] /home/travis/build/icyphy/ptII/ptolemy/domains/modal/test/auto/AbsentToPresent.xml (RunModel)" time="0.02" />
  <testcase classname="ptolemy.util.test.junit.AutoTests" name="[6] /home/travis/build/icyphy/ptII/ptolemy/domains/modal/test/auto/Blending.xml (RunModel)" time="0.265" />
  <testcase classname="ptolemy.util.test.junit.AutoTests" name="[7] /home/travis/build/icyphy/ptII/ptolemy/domains/modal/test/auto/Broadcast.xml (RunModel)" time="0.04" />
  <testcase classname="ptolemy.util.test.junit.AutoTests" name="[8] /home/travis/build/icyphy/ptII/ptolemy/domains/modal/test/auto/BroadcastHierarchy.xml (RunModel)" time="0.071" />
  <testcase classname="ptolemy.util.test.junit.AutoTests" name="[9] /home/travis/build/icyphy/ptII/ptolemy/domains/modal/test/auto/BroadcastHierarchy2.xml (RunModel)" time="0.105" />
  <testcase classname="ptolemy.util.test.junit.AutoTests" name="[10] /home/travis/build/icyphy/ptII/ptolemy/domains/modal/test/auto/BroadcastHierarchy3.xml (RunModel)" time="0.112" />
  <testcase classname="ptolemy.util.test.junit.AutoTests" name="[11] /home/travis/build/icyphy/ptII/ptolemy/domains/modal/test/auto/BroadcastHierarchy4.xml (RunModel)" time="0.105" />
  <testcase classname="ptolemy.util.test.junit.AutoTests" name="[12] /home/travis/build/icyphy/ptII/ptolemy/domains/modal/test/auto/CannotAnalysisWithPreemption2.xml (RunModel)" time="0.04" />
  <testcase classname="ptolemy.util.test.junit.AutoTests" name="[13] /home/travis/build/icyphy/ptII/ptolemy/domains/modal/test/auto/CannotAnalysisWithPreemption3.xml (RunModel)" time="0.04" />
  <testcase classname="ptolemy.util.test.junit.AutoTests" name="[14] /home/travis/build/icyphy/ptII/ptolemy/domains/modal/test/auto/CannotProduce.xml (RunModel)" time="0.032" />
  <testcase classname="ptolemy.util.test.junit.AutoTests" name="[15] /home/travis/build/icyphy/ptII/ptolemy/domains/modal/test/auto/CannotProduceModal.xml (RunModel)" time="0.027" />
  <testcase classname="ptolemy.util.test.junit.AutoTests" name="[16] /home/travis/build/icyphy/ptII/ptolemy/domains/modal/test/auto/Case.xml (RunModel)" time="0.058" />
  <testcase classname="ptolemy.util.test.junit.AutoTests" name="[17] /home/travis/build/icyphy/ptII/ptolemy/domains/modal/test/auto/Case1.xml (RunModel)" time="0.031" />
  <testcase classname="ptolemy.util.test.junit.AutoTests" name="[18] /home/travis/build/icyphy/ptII/ptolemy/domains/modal/test/auto/Case2.xml (RunModel)" time="0.059" />
  <testcase classname="ptolemy.util.test.junit.AutoTests" name="[19] /home/travis/build/icyphy/ptII/ptolemy/domains/modal/test/auto/CausalityInterface1.xml (RunModel)" time="0.037" />
  <testcase classname="ptolemy.util.test.junit.AutoTests" name="[20] /home/travis/build/icyphy/ptII/ptolemy/domains/modal/test/auto/CausalityInterface10.xml (RunModel)" time="0.062" />
  <testcase classname="ptolemy.util.test.junit.AutoTests" name="[21] /home/travis/build/icyphy/ptII/ptolemy/domains/modal/test/auto/CausalityInterface11.xml (RunModel)" time="0.043" />
  <testcase classname="ptolemy.util.test.junit.AutoTests" name="[22] /home/travis/build/icyphy/ptII/ptolemy/domains/modal/test/auto/CausalityInterface12.xml (RunModel)" time="0.056" />
  <testcase classname="ptolemy.util.test.junit.AutoTests" name="[23] /home/travis/build/icyphy/ptII/ptolemy/domains/modal/test/auto/CausalityInterface13.xml (RunModel)" time="0.059" />
  <testcase classname="ptolemy.util.test.junit.AutoTests" name="[24] /home/travis/build/icyphy/ptII/ptolemy/domains/modal/test/auto/CausalityInterface14.xml (RunModel)" time="0.055" />
  <testcase classname="ptolemy.util.test.junit.AutoTests" name="[25] /home/travis/build/icyphy/ptII/ptolemy/domains/modal/test/auto/CausalityInterface2.xml (RunModel)" time="0.038" />
  <testcase classname="ptolemy.util.test.junit.AutoTests" name="[26] /home/travis/build/icyphy/ptII/ptolemy/domains/modal/test/auto/CausalityInterface3.xml (RunModel)" time="0.044" />
  <testcase classname="ptolemy.util.test.junit.AutoTests" name="[27] /home/travis/build/icyphy/ptII/ptolemy/domains/modal/test/auto/CausalityInterface4.xml (RunModel)" time="0.037" />
  <testcase classname="ptolemy.util.test.junit.AutoTests" name="[28] /home/travis/build/icyphy/ptII/ptolemy/domains/modal/test/auto/CausalityInterface5.xml (RunModel)" time="0.043" />
  <testcase classname="ptolemy.util.test.junit.AutoTests" name="[29] /home/travis/build/icyphy/ptII/ptolemy/domains/modal/test/auto/CausalityInterface6.xml (RunModel)" time="0.04" />
  <testcase classname="ptolemy.util.test.junit.AutoTests" name="[30] /home/travis/build/icyphy/ptII/ptolemy/domains/modal/test/auto/CausalityInterface7.xml (RunModel)" time="0.05" />
  <testcase classname="ptolemy.util.test.junit.AutoTests" name="[31] /home/travis/build/icyphy/ptII/ptolemy/domains/modal/test/auto/CausalityInterface8.xml (RunModel)" time="0.038" />
  <testcase classname="ptolemy.util.test.junit.AutoTests" name="[32] /home/travis/build/icyphy/ptII/ptolemy/domains/modal/test/auto/CausalityInterface9.xml (RunModel)" time="0.036" />
  <testcase classname="ptolemy.util.test.junit.AutoTests" name="[33] /home/travis/build/icyphy/ptII/ptolemy/domains/modal/test/auto/ChainedTransitions.xml (RunModel)" time="0.131" />
  <testcase classname="ptolemy.util.test.junit.AutoTests" name="[34] /home/travis/build/icyphy/ptII/ptolemy/domains/modal/test/auto/CycleOfImmediateTransitionsFSM.xml (RunModel)" time="0.025" />
  <testcase classname="ptolemy.util.test.junit.AutoTests" name="[35] /home/travis/build/icyphy/ptII/ptolemy/domains/modal/test/auto/CycleOfImmediateTransitionsModal.xml (RunModel)" time="0.028" />
  <testcase classname="ptolemy.util.test.junit.AutoTests" name="[36] /home/travis/build/icyphy/ptII/ptolemy/domains/modal/test/auto/CycleOfImmediateTransitionsModal2.xml (RunModel)" time="0.036" />
  <testcase classname="ptolemy.util.test.junit.AutoTests" name="[37] /home/travis/build/icyphy/ptII/ptolemy/domains/modal/test/auto/CycleOfImmediateTransitionsModal3.xml (RunModel)" time="0.088" />
  <testcase classname="ptolemy.util.test.junit.AutoTests" name="[38] /home/travis/build/icyphy/ptII/ptolemy/domains/modal/test/auto/DeepModal1.xml (RunModel)" time="0.057" />
  <testcase classname="ptolemy.util.test.junit.AutoTests" name="[39] /home/travis/build/icyphy/ptII/ptolemy/domains/modal/test/auto/DeepModal2.xml (RunModel)" time="0.075" />
  <testcase classname="ptolemy.util.test.junit.AutoTests" name="[40] /home/travis/build/icyphy/ptII/ptolemy/domains/modal/test/auto/DeepModal3.xml (RunModel)" time="0.094" />
  <testcase classname="ptolemy.util.test.junit.AutoTests" name="[41] /home/travis/build/icyphy/ptII/ptolemy/domains/modal/test/auto/DeepModal4.xml (RunModel)" time="0.086" />
  <testcase classname="ptolemy.util.test.junit.AutoTests" name="[42] /home/travis/build/icyphy/ptII/ptolemy/domains/modal/test/auto/Default1.xml (RunModel)" time="0.017" />
  <testcase classname="ptolemy.util.test.junit.AutoTests" name="[43] /home/travis/build/icyphy/ptII/ptolemy/domains/modal/test/auto/Default2.xml (RunModel)" time="0.016" />
  <testcase classname="ptolemy.util.test.junit.AutoTests" name="[44] /home/travis/build/icyphy/ptII/ptolemy/domains/modal/test/auto/Default3.xml (RunModel)" time="0.025" />
  <testcase classname="ptolemy.util.test.junit.AutoTests" name="[45] /home/travis/build/icyphy/ptII/ptolemy/domains/modal/test/auto/Default4.xml (RunModel)" time="0.021" />
  <testcase classname="ptolemy.util.test.junit.AutoTests" name="[46] /home/travis/build/icyphy/ptII/ptolemy/domains/modal/test/auto/Default5.xml (RunModel)" time="0.036" />
  <testcase classname="ptolemy.util.test.junit.AutoTests" name="[47] /home/travis/build/icyphy/ptII/ptolemy/domains/modal/test/auto/EmptyGuard.xml (RunModel)" time="0.032" />
  <testcase classname="ptolemy.util.test.junit.AutoTests" name="[48] /home/travis/build/icyphy/ptII/ptolemy/domains/modal/test/auto/ErrorTransition1.xml (RunModel)" time="0.035" />
  <testcase classname="ptolemy.util.test.junit.AutoTests" name="[49] /home/travis/build/icyphy/ptII/ptolemy/domains/modal/test/auto/ErrorTransition10.xml (RunModel)" time="0.041" />
  <testcase classname="ptolemy.util.test.junit.AutoTests" name="[50] /home/travis/build/icyphy/ptII/ptolemy/domains/modal/test/auto/ErrorTransition11.xml (RunModel)" time="0.033" />
  <testcase classname="ptolemy.util.test.junit.AutoTests" name="[51] /home/travis/build/icyphy/ptII/ptolemy/domains/modal/test/auto/ErrorTransition2.xml (RunModel)" time="0.026" />
  <testcase classname="ptolemy.util.test.junit.AutoTests" name="[52] /home/travis/build/icyphy/ptII/ptolemy/domains/modal/test/auto/ErrorTransition3.xml (RunModel)" time="0.031" />
  <testcase classname="ptolemy.util.test.junit.AutoTests" name="[53] /home/travis/build/icyphy/ptII/ptolemy/domains/modal/test/auto/ErrorTransition4.xml (RunModel)" time="0.036" />
  <testcase classname="ptolemy.util.test.junit.AutoTests" name="[54] /home/travis/build/icyphy/ptII/ptolemy/domains/modal/test/auto/ErrorTransition5.xml (RunModel)" time="0.031" />
  <testcase classname="ptolemy.util.test.junit.AutoTests" name="[55] /home/travis/build/icyphy/ptII/ptolemy/domains/modal/test/auto/ErrorTransition6.xml (RunModel)" time="0.035" />
  <testcase classname="ptolemy.util.test.junit.AutoTests" name="[56] /home/travis/build/icyphy/ptII/ptolemy/domains/modal/test/auto/ErrorTransition7.xml (RunModel)" time="0.041" />
  <testcase classname="ptolemy.util.test.junit.AutoTests" name="[57] /home/travis/build/icyphy/ptII/ptolemy/domains/modal/test/auto/ErrorTransition8.xml (RunModel)" time="0.088" />
  <testcase classname="ptolemy.util.test.junit.AutoTests" name="[58] /home/travis/build/icyphy/ptII/ptolemy/domains/modal/test/auto/ErrorTransition9.xml (RunModel)" time="0.041" />
  <testcase classname="ptolemy.util.test.junit.AutoTests" name="[59] /home/travis/build/icyphy/ptII/ptolemy/domains/modal/test/auto/ExtendedFSM.xml (RunModel)" time="0.022" />
  <testcase classname="ptolemy.util.test.junit.AutoTests" name="[60] /home/travis/build/icyphy/ptII/ptolemy/domains/modal/test/auto/FinalStates.xml (RunModel)" time="0.02" />
  <testcase classname="ptolemy.util.test.junit.AutoTests" name="[61] /home/travis/build/icyphy/ptII/ptolemy/domains/modal/test/auto/FixedPointFSM.xml (RunModel)" time="0.043" />
  <testcase classname="ptolemy.util.test.junit.AutoTests" name="[62] /home/travis/build/icyphy/ptII/ptolemy/domains/modal/test/auto/FixedPointIterationFSMActor.xml (RunModel)" time="0.032" />
  <testcase classname="ptolemy.util.test.junit.AutoTests" name="[63] /home/travis/build/icyphy/ptII/ptolemy/domains/modal/test/auto/FixedPointIterationFSMActor2.xml (RunModel)" time="0.033" />
  <testcase classname="ptolemy.util.test.junit.AutoTests" name="[64] /home/travis/build/icyphy/ptII/ptolemy/domains/modal/test/auto/ForbiddenInstantanousLoop.xml (RunModel)" time="0.03" />
  <testcase classname="ptolemy.util.test.junit.AutoTests" name="[65] /home/travis/build/icyphy/ptII/ptolemy/domains/modal/test/auto/FunctionDependencyOfFSMActorTest.xml (RunModel)" time="0.027" />
  <testcase classname="ptolemy.util.test.junit.AutoTests" name="[66] /home/travis/build/icyphy/ptII/ptolemy/domains/modal/test/auto/GuardExpression.xml (RunModel)" time="0.026" />
  <testcase classname="ptolemy.util.test.junit.AutoTests" name="[67] /home/travis/build/icyphy/ptII/ptolemy/domains/modal/test/auto/GuardNotEvaluated.xml (RunModel)" time="0.03" />
  <testcase classname="ptolemy.util.test.junit.AutoTests" name="[68] /home/travis/build/icyphy/ptII/ptolemy/domains/modal/test/auto/GuardNotEvaluated2.xml (RunModel)" time="0.025" />
  <testcase classname="ptolemy.util.test.junit.AutoTests" name="[69] /home/travis/build/icyphy/ptII/ptolemy/domains/modal/test/auto/GuardOnAbsent.xml (RunModel)" time="0.021" />
  <testcase classname="ptolemy.util.test.junit.AutoTests" name="[70] /home/travis/build/icyphy/ptII/ptolemy/domains/modal/test/auto/HierarchicalFSMTypeInference.xml (RunModel)" time="0.028" />
  <testcase classname="ptolemy.util.test.junit.AutoTests" name="[71] /home/travis/build/icyphy/ptII/ptolemy/domains/modal/test/auto/Hysteresis.xml (RunModel)" time="0.039" />
  <testcase classname="ptolemy.util.test.junit.AutoTests" name="[72] /home/travis/build/icyphy/ptII/ptolemy/domains/modal/test/auto/HysteresisWithDefault.xml (RunModel)" time="0.064" />
  <testcase classname="ptolemy.util.test.junit.AutoTests" name="[73] /home/travis/build/icyphy/ptII/ptolemy/domains/modal/test/auto/HysteresisWithDefault2.xml (RunModel)" time="0.061" />
  <testcase classname="ptolemy.util.test.junit.AutoTests" name="[74] /home/travis/build/icyphy/ptII/ptolemy/domains/modal/test/auto/ImmediateNonConstructiveness.xml (RunModel)" time="0.017" />
  <testcase classname="ptolemy.util.test.junit.AutoTests" name="[75] /home/travis/build/icyphy/ptII/ptolemy/domains/modal/test/auto/ImmediateNonConstructiveness2.xml (RunModel)" time="0.016" />
  <testcase classname="ptolemy.util.test.junit.AutoTests" name="[76] /home/travis/build/icyphy/ptII/ptolemy/domains/modal/test/auto/ImmediateTransitionReset.xml (RunModel)" time="0.029" />
  <testcase classname="ptolemy.util.test.junit.AutoTests" name="[77] /home/travis/build/icyphy/ptII/ptolemy/domains/modal/test/auto/ImmediateTransitions1.xml (RunModel)" time="0.013" />
  <testcase classname="ptolemy.util.test.junit.AutoTests" name="[78] /home/travis/build/icyphy/ptII/ptolemy/domains/modal/test/auto/ImmediateTransitionsInstantaneousCommunication.xml (RunModel)" time="0.028" />
  <testcase classname="ptolemy.util.test.junit.AutoTests" name="[79] /home/travis/build/icyphy/ptII/ptolemy/domains/modal/test/auto/InitialImmediateTransition.xml (RunModel)" time="0.015" />
  <testcase classname="ptolemy.util.test.junit.AutoTests" name="[80] /home/travis/build/icyphy/ptII/ptolemy/domains/modal/test/auto/InitialOutputs.xml (RunModel)" time="0.015" />
  <testcase classname="ptolemy.util.test.junit.AutoTests" name="[81] /home/travis/build/icyphy/ptII/ptolemy/domains/modal/test/auto/InitialStateTransition1.xml (RunModel)" time="0.018" />
  <testcase classname="ptolemy.util.test.junit.AutoTests" name="[82] /home/travis/build/icyphy/ptII/ptolemy/domains/modal/test/auto/InitialStateTransition2.xml (RunModel)" time="0.02" />
  <testcase classname="ptolemy.util.test.junit.AutoTests" name="[83] /home/travis/build/icyphy/ptII/ptolemy/domains/modal/test/auto/InitialStateTransition3.xml (RunModel)" time="0.027" />
  <testcase classname="ptolemy.util.test.junit.AutoTests" name="[84] /home/travis/build/icyphy/ptII/ptolemy/domains/modal/test/auto/InitialStateTransition4.xml (RunModel)" time="0.033" />
  <testcase classname="ptolemy.util.test.junit.AutoTests" name="[85] /home/travis/build/icyphy/ptII/ptolemy/domains/modal/test/auto/MalformedGuardExpressionNotCaught.xml (RunModel)" time="0.02" />
  <testcase classname="ptolemy.util.test.junit.AutoTests" name="[86] /home/travis/build/icyphy/ptII/ptolemy/domains/modal/test/auto/ModalBSC.xml (RunModel)" time="0.098" />
  <testcase classname="ptolemy.util.test.junit.AutoTests" name="[87] /home/travis/build/icyphy/ptII/ptolemy/domains/modal/test/auto/ModalClocks.xml (RunModel)" time="0.08" />
  <testcase classname="ptolemy.util.test.junit.AutoTests" name="[88] /home/travis/build/icyphy/ptII/ptolemy/domains/modal/test/auto/ModalDelay.xml (RunModel)" time="0.045" />
  <testcase classname="ptolemy.util.test.junit.AutoTests" name="[89] /home/travis/build/icyphy/ptII/ptolemy/domains/modal/test/auto/ModalDelay2.xml (RunModel)" time="0.056" />
  <testcase classname="ptolemy.util.test.junit.AutoTests" name="[90] /home/travis/build/icyphy/ptII/ptolemy/domains/modal/test/auto/ModalModelFromMemo.xml (RunModel)" time="0.075" />
  <testcase classname="ptolemy.util.test.junit.AutoTests" name="[91] /home/travis/build/icyphy/ptII/ptolemy/domains/modal/test/auto/ModalModelWithMultirateTransient.xml (RunModel)" time="0.048" />
  <testcase classname="ptolemy.util.test.junit.AutoTests" name="[92] /home/travis/build/icyphy/ptII/ptolemy/domains/modal/test/auto/ModalModelWithReset.xml (RunModel)" time="0.048" />
  <testcase classname="ptolemy.util.test.junit.AutoTests" name="[93] /home/travis/build/icyphy/ptII/ptolemy/domains/modal/test/auto/MouseClickFSM.xml (RunModel)" time="0.042" />
  <testcase classname="ptolemy.util.test.junit.AutoTests" name="[94] /home/travis/build/icyphy/ptII/ptolemy/domains/modal/test/auto/MouseClickFSMModal.xml (RunModel)" time="0.035" />
  <testcase classname="ptolemy.util.test.junit.AutoTests" name="[95] /home/travis/build/icyphy/ptII/ptolemy/domains/modal/test/auto/NonStrictFSM_FeedbackLoop.xml (RunModel)" time="0.044" />
  <testcase classname="ptolemy.util.test.junit.AutoTests" name="[96] /home/travis/build/icyphy/ptII/ptolemy/domains/modal/test/auto/NonStrictFSM_FeedbackLoop_Refinement.xml (RunModel)" time="0.056" />
  <testcase classname="ptolemy.util.test.junit.AutoTests" name="[97] /home/travis/build/icyphy/ptII/ptolemy/domains/modal/test/auto/NonStrictFSM_FeedbackLoop_preemptive.xml (RunModel)" time="0.04" />
  <testcase classname="ptolemy.util.test.junit.AutoTests" name="[98] /home/travis/build/icyphy/ptII/ptolemy/domains/modal/test/auto/NormalTermination.xml (RunModel)" time="0.043" />
  <testcase classname="ptolemy.util.test.junit.AutoTests" name="[99] /home/travis/build/icyphy/ptII/ptolemy/domains/modal/test/auto/Pong.xml (RunModel)" time="0.077" />
  <testcase classname="ptolemy.util.test.junit.AutoTests" name="[100] /home/travis/build/icyphy/ptII/ptolemy/domains/modal/test/auto/Pong_test.xml (RunModel)" time="0.105" />
  <testcase classname="ptolemy.util.test.junit.AutoTests" name="[101] /home/travis/build/icyphy/ptII/ptolemy/domains/modal/test/auto/PreemptionHierarchy.xml (RunModel)" time="0.027" />
  <testcase classname="ptolemy.util.test.junit.AutoTests" name="[102] /home/travis/build/icyphy/ptII/ptolemy/domains/modal/test/auto/PreemptionHierarchy2.xml (RunModel)" time="0.03" />
  <testcase classname="ptolemy.util.test.junit.AutoTests" name="[103] /home/travis/build/icyphy/ptII/ptolemy/domains/modal/test/auto/PreemptiveTransition.xml (RunModel)" time="0.024" />
  <testcase classname="ptolemy.util.test.junit.AutoTests" name="[104] /home/travis/build/icyphy/ptII/ptolemy/domains/modal/test/auto/Priorities.xml (RunModel)" time="0.091" />
  <testcase classname="ptolemy.util.test.junit.AutoTests" name="[105] /home/travis/build/icyphy/ptII/ptolemy/domains/modal/test/auto/ResetFinal.xml (RunModel)" time="0.043" />
  <testcase classname="ptolemy.util.test.junit.AutoTests" name="[106] /home/travis/build/icyphy/ptII/ptolemy/domains/modal/test/auto/ResetFinal2.xml (RunModel)" time="0.029" />
  <testcase classname="ptolemy.util.test.junit.AutoTests" name="[107] /home/travis/build/icyphy/ptII/ptolemy/domains/modal/test/auto/ResetTransitionWithStartTime.xml (RunModel)" time="0.032" />
  <testcase classname="ptolemy.util.test.junit.AutoTests" name="[108] /home/travis/build/icyphy/ptII/ptolemy/domains/modal/test/auto/SDF-FSMComposite.xml (RunModel)" time="0.02" />
  <testcase classname="ptolemy.util.test.junit.AutoTests" name="[109] /home/travis/build/icyphy/ptII/ptolemy/domains/modal/test/auto/SeeminglyNondeterminate.xml (RunModel)" time="0.062" />
  <testcase classname="ptolemy.util.test.junit.AutoTests" name="[110] /home/travis/build/icyphy/ptII/ptolemy/domains/modal/test/auto/SeeminglyNondeterminate2.xml (RunModel)" time="0.062" />
  <testcase classname="ptolemy.util.test.junit.AutoTests" name="[111] /home/travis/build/icyphy/ptII/ptolemy/domains/modal/test/auto/SpontaneousFSM.xml (RunModel)" time="0.047" />
  <testcase classname="ptolemy.util.test.junit.AutoTests" name="[112] /home/travis/build/icyphy/ptII/ptolemy/domains/modal/test/auto/SpontaneousFSM2.xml (RunModel)" time="0.032" />
  <testcase classname="ptolemy.util.test.junit.AutoTests" name="[113] /home/travis/build/icyphy/ptII/ptolemy/domains/modal/test/auto/SpontaneousFSM3.xml (RunModel)" time="0.044" />
  <testcase classname="ptolemy.util.test.junit.AutoTests" name="[114] /home/travis/build/icyphy/ptII/ptolemy/domains/modal/test/auto/SpontaneousFSM4.xml (RunModel)" time="0.048" />
  <testcase classname="ptolemy.util.test.junit.AutoTests" name="[115] /home/travis/build/icyphy/ptII/ptolemy/domains/modal/test/auto/StateTrackerTest.xml (RunModel)" time="0.07" />
  <testcase classname="ptolemy.util.test.junit.AutoTests" name="[116] /home/travis/build/icyphy/ptII/ptolemy/domains/modal/test/auto/StrongImmediateTransition.xml (RunModel)" time="0.028" />
  <testcase classname="ptolemy.util.test.junit.AutoTests" name="[117] /home/travis/build/icyphy/ptII/ptolemy/domains/modal/test/auto/SustainHierarchy.xml (RunModel)" time="0.034" />
  <testcase classname="ptolemy.util.test.junit.AutoTests" name="[118] /home/travis/build/icyphy/ptII/ptolemy/domains/modal/test/auto/TerminationTransition1.xml (RunModel)" time="0.022" />
  <testcase classname="ptolemy.util.test.junit.AutoTests" name="[119] /home/travis/build/icyphy/ptII/ptolemy/domains/modal/test/auto/TerminationTransition2.xml (RunModel)" time="0.03" />
  <testcase classname="ptolemy.util.test.junit.AutoTests" name="[120] /home/travis/build/icyphy/ptII/ptolemy/domains/modal/test/auto/TerminationTransition3.xml (RunModel)" time="0.026" />
  <testcase classname="ptolemy.util.test.junit.AutoTests" name="[121] /home/travis/build/icyphy/ptII/ptolemy/domains/modal/test/auto/TerminationTransition4.xml (RunModel)" time="0.039" />
  <testcase classname="ptolemy.util.test.junit.AutoTests" name="[122] /home/travis/build/icyphy/ptII/ptolemy/domains/modal/test/auto/TerminationTransition5.xml (RunModel)" time="0.038" />
  <testcase classname="ptolemy.util.test.junit.AutoTests" name="[123] /home/travis/build/icyphy/ptII/ptolemy/domains/modal/test/auto/TerminationTransition6.xml (RunModel)" time="0.026" />
  <testcase classname="ptolemy.util.test.junit.AutoTests" name="[124] /home/travis/build/icyphy/ptII/ptolemy/domains/modal/test/auto/TerminationTransition7.xml (RunModel)" time="0.025" />
  <testcase classname="ptolemy.util.test.junit.AutoTests" name="[125] /home/travis/build/icyphy/ptII/ptolemy/domains/modal/test/auto/TerminationTransition8.xml (RunModel)" time="0.03" />
  <testcase classname="ptolemy.util.test.junit.AutoTests" name="[126] /home/travis/build/icyphy/ptII/ptolemy/domains/modal/test/auto/Thermostat_NoHysteresis.xml (RunModel)" time="0.051" />
  <testcase classname="ptolemy.util.test.junit.AutoTests" name="[127] /home/travis/build/icyphy/ptII/ptolemy/domains/modal/test/auto/TimedFSM.xml (RunModel)" time="0.031" />
  <testcase classname="ptolemy.util.test.junit.AutoTests" name="[128] /home/travis/build/icyphy/ptII/ptolemy/domains/modal/test/auto/Timeout1.xml (RunModel)" time="0.014" />
  <testcase classname="ptolemy.util.test.junit.AutoTests" name="[129] /home/travis/build/icyphy/ptII/ptolemy/domains/modal/test/auto/Timeout2.xml (RunModel)" time="0.018" />
  <testcase classname="ptolemy.util.test.junit.AutoTests" name="[130] /home/travis/build/icyphy/ptII/ptolemy/domains/modal/test/auto/Timeout3.xml (RunModel)" time="0.017" />
  <testcase classname="ptolemy.util.test.junit.AutoTests" name="[131] /home/travis/build/icyphy/ptII/ptolemy/domains/modal/test/auto/Timeout4.xml (RunModel)" time="0.012" />
  <testcase classname="ptolemy.util.test.junit.AutoTests" name="[132] /home/travis/build/icyphy/ptII/ptolemy/domains/modal/test/auto/TransientstateModelAdvanced.xml (RunModel)" time="0.032" />
  <testcase classname="ptolemy.util.test.junit.AutoTests" name="[133] /home/travis/build/icyphy/ptII/ptolemy/domains/modal/test/auto/TransientstateModelAdvanced2.xml (RunModel)" time="0.033" />
  <testcase classname="ptolemy.util.test.junit.AutoTests" name="[134] /home/travis/build/icyphy/ptII/ptolemy/domains/modal/test/auto/TransitionRefinements.xml (RunModel)" time="0.026" />
  <testcase classname="ptolemy.util.test.junit.AutoTests" name="[135] /home/travis/build/icyphy/ptII/ptolemy/domains/modal/test/auto/TwoRefinements1.xml (RunModel)" time="0.031" />
  <testcase classname="ptolemy.util.test.junit.AutoTests" name="[136] /home/travis/build/icyphy/ptII/ptolemy/domains/modal/test/auto/TwoRefinements2.xml (RunModel)" time="0.024" />
  <testcase classname="ptolemy.util.test.junit.AutoTests" name="[137] /home/travis/build/icyphy/ptII/ptolemy/domains/modal/test/auto/WeakImmediateTransition.xml (RunModel)" time="0.02" />
  <testcase classname="ptolemy.util.test.junit.AutoTests" name="[138] /home/travis/build/icyphy/ptII/ptolemy/domains/modal/test/auto/booleanSelect.xml (RunModel)" time="0.071" />
  <testcase classname="ptolemy.util.test.junit.AutoTests" name="[139] /home/travis/build/icyphy/ptII/ptolemy/domains/modal/test/auto/modalChangingParams.xml (RunModel)" time="0.246" />
  <testcase classname="ptolemy.util.test.junit.AutoTests" name="[140] /home/travis/build/icyphy/ptII/ptolemy/domains/modal/test/auto/modalModel.xml (RunModel)" time="0.02" />
  <testcase classname="ptolemy.util.test.junit.AutoTests" name="[141] /home/travis/build/icyphy/ptII/ptolemy/domains/modal/test/auto/modalModel2.xml (RunModel)" time="0.04" />
  <testcase classname="ptolemy.util.test.junit.AutoTests" name="[142] /home/travis/build/icyphy/ptII/ptolemy/domains/modal/test/auto/modalModel3.xml (RunModel)" time="0.036" />
  <testcase classname="ptolemy.util.test.junit.AutoTests" name="[143] /home/travis/build/icyphy/ptII/ptolemy/domains/modal/test/auto/model1.xml (RunModel)" time="0.019" />
  <testcase classname="ptolemy.util.test.junit.AutoTests" name="[144] /home/travis/build/icyphy/ptII/ptolemy/domains/modal/test/auto/test-direct-in-out.xml (RunModel)" time="0.022" />
  <system-out><![CDATA[/home/travis/build/icyphy/ptII/ptolemy/domains/modal/test/SystemLevelType.tcl
testDefs.tcl: setting time out to 9000 seconds at Sun Sep 16 02:11:50 UTC 2018
09/16/18 02:11:52
Failed: 0  Total Tests: 1  ((Passed: 1, Newly Passed: 0)  Known Failed: 0) /home/travis/build/icyphy/ptII/ptolemy/domains/modal/test
----------------- testing (KnownFailure) /home/travis/build/icyphy/ptII/ptolemy/domains/modal/test/auto/knownFailedTests/CannotAnalysisWithPreemption.xml
28 ms. Memory: 208384K Free: 183123K (88%)
Known Failure: java.lang.reflect.InvocationTargetException
No auto/linux-amd64/*.xml tests in /home/travis/build/icyphy/ptII/ptolemy/domains/modal/test
AutoTests.java: About to close Vertx.
AutoTests.java: Vertx closed.

===========================================================================================
----------------- testing Sun Sep 16 02:11:52 UTC 2018 /home/travis/build/icyphy/ptII/ptolemy/domains/modal/test/auto/ABPTest.xml
----------------- Instantiating /home/travis/build/icyphy/ptII/ptolemy/domains/modal/test/auto/ABPTest.xml
376 ms. Memory: 331776K Free: 291032K (88%)
----------------- Invoking toplevel() on ptolemy.moml.MoMLSimpleApplication@ca8607b
----------------- Done invoking toplevel() on ptolemy.moml.MoMLSimpleApplication@ca8607b
reloadAllAccessors: .ABPTest

===========================================================================================
----------------- testing Sun Sep 16 02:11:53 UTC 2018 /home/travis/build/icyphy/ptII/ptolemy/domains/modal/test/auto/ABROFlat.xml
----------------- Instantiating /home/travis/build/icyphy/ptII/ptolemy/domains/modal/test/auto/ABROFlat.xml
24 ms. Memory: 331776K Free: 268939K (81%)
----------------- Invoking toplevel() on ptolemy.moml.MoMLSimpleApplication@2fcb363
----------------- Done invoking toplevel() on ptolemy.moml.MoMLSimpleApplication@2fcb363
reloadAllAccessors: .ABROFlat

===========================================================================================
----------------- testing Sun Sep 16 02:11:53 UTC 2018 /home/travis/build/icyphy/ptII/ptolemy/domains/modal/test/auto/ABROFlat2.xml
----------------- Instantiating /home/travis/build/icyphy/ptII/ptolemy/domains/modal/test/auto/ABROFlat2.xml
20 ms. Memory: 331776K Free: 250987K (76%)
----------------- Invoking toplevel() on ptolemy.moml.MoMLSimpleApplication@13a2e316
----------------- Done invoking toplevel() on ptolemy.moml.MoMLSimpleApplication@13a2e316
reloadAllAccessors: .ABROFlat2

===========================================================================================
----------------- testing Sun Sep 16 02:11:53 UTC 2018 /home/travis/build/icyphy/ptII/ptolemy/domains/modal/test/auto/ABRO_present_hmm.xml
----------------- Instantiating /home/travis/build/icyphy/ptII/ptolemy/domains/modal/test/auto/ABRO_present_hmm.xml
32 ms. Memory: 331776K Free: 218379K (66%)
----------------- Invoking toplevel() on ptolemy.moml.MoMLSimpleApplication@4801d48d
----------------- Done invoking toplevel() on ptolemy.moml.MoMLSimpleApplication@4801d48d
reloadAllAccessors: .ABRO_present_hmm

===========================================================================================
----------------- testing Sun Sep 16 02:11:53 UTC 2018 /home/travis/build/icyphy/ptII/ptolemy/domains/modal/test/auto/AMICoderExample.xml
----------------- Instantiating /home/travis/build/icyphy/ptII/ptolemy/domains/modal/test/auto/AMICoderExample.xml
21 ms. Memory: 331776K Free: 206974K (62%)
----------------- Invoking toplevel() on ptolemy.moml.MoMLSimpleApplication@1497d050
----------------- Done invoking toplevel() on ptolemy.moml.MoMLSimpleApplication@1497d050
reloadAllAccessors: .AMICoderExample

===========================================================================================
----------------- testing Sun Sep 16 02:11:53 UTC 2018 /home/travis/build/icyphy/ptII/ptolemy/domains/modal/test/auto/AbsentToPresent.xml
----------------- Instantiating /home/travis/build/icyphy/ptII/ptolemy/domains/modal/test/auto/AbsentToPresent.xml
6 ms. Memory: 331776K Free: 198653K (60%)
----------------- Invoking toplevel() on ptolemy.moml.MoMLSimpleApplication@217eb40a
----------------- Done invoking toplevel() on ptolemy.moml.MoMLSimpleApplication@217eb40a
reloadAllAccessors: .AbsentToPresent

===========================================================================================
----------------- testing Sun Sep 16 02:11:53 UTC 2018 /home/travis/build/icyphy/ptII/ptolemy/domains/modal/test/auto/Blending.xml
----------------- Instantiating /home/travis/build/icyphy/ptII/ptolemy/domains/modal/test/auto/Blending.xml
156 ms. Memory: 331776K Free: 148021K (45%)
----------------- Invoking toplevel() on ptolemy.moml.MoMLSimpleApplication@393e542e
----------------- Done invoking toplevel() on ptolemy.moml.MoMLSimpleApplication@393e542e
reloadAllAccessors: .Blending

===========================================================================================
----------------- testing Sun Sep 16 02:11:53 UTC 2018 /home/travis/build/icyphy/ptII/ptolemy/domains/modal/test/auto/Broadcast.xml
----------------- Instantiating /home/travis/build/icyphy/ptII/ptolemy/domains/modal/test/auto/Broadcast.xml
8 ms. Memory: 331776K Free: 134991K (41%)
----------------- Invoking toplevel() on ptolemy.moml.MoMLSimpleApplication@2529a051
----------------- Done invoking toplevel() on ptolemy.moml.MoMLSimpleApplication@2529a051
reloadAllAccessors: .Broadcast

===========================================================================================
----------------- testing Sun Sep 16 02:11:54 UTC 2018 /home/travis/build/icyphy/ptII/ptolemy/domains/modal/test/auto/BroadcastHierarchy.xml
----------------- Instantiating /home/travis/build/icyphy/ptII/ptolemy/domains/modal/test/auto/BroadcastHierarchy.xml
16 ms. Memory: 331776K Free: 117054K (35%)
----------------- Invoking toplevel() on ptolemy.moml.MoMLSimpleApplication@5e0d97d5
----------------- Done invoking toplevel() on ptolemy.moml.MoMLSimpleApplication@5e0d97d5
reloadAllAccessors: .BroadcastHierarchy

===========================================================================================
----------------- testing Sun Sep 16 02:11:54 UTC 2018 /home/travis/build/icyphy/ptII/ptolemy/domains/modal/test/auto/BroadcastHierarchy2.xml
----------------- Instantiating /home/travis/build/icyphy/ptII/ptolemy/domains/modal/test/auto/BroadcastHierarchy2.xml
13 ms. Memory: 331776K Free: 81181K (24%)
----------------- Invoking toplevel() on ptolemy.moml.MoMLSimpleApplication@2692c9a3
----------------- Done invoking toplevel() on ptolemy.moml.MoMLSimpleApplication@2692c9a3
reloadAllAccessors: .BroadcastHierarchy2

===========================================================================================
----------------- testing Sun Sep 16 02:11:54 UTC 2018 /home/travis/build/icyphy/ptII/ptolemy/domains/modal/test/auto/BroadcastHierarchy3.xml
----------------- Instantiating /home/travis/build/icyphy/ptII/ptolemy/domains/modal/test/auto/BroadcastHierarchy3.xml
21 ms. Memory: 333824K Free: 298452K (89%)
----------------- Invoking toplevel() on ptolemy.moml.MoMLSimpleApplication@22515d9d
----------------- Done invoking toplevel() on ptolemy.moml.MoMLSimpleApplication@22515d9d
reloadAllAccessors: .BroadcastHierarchy3

===========================================================================================
----------------- testing Sun Sep 16 02:11:54 UTC 2018 /home/travis/build/icyphy/ptII/ptolemy/domains/modal/test/auto/BroadcastHierarchy4.xml
----------------- Instantiating /home/travis/build/icyphy/ptII/ptolemy/domains/modal/test/auto/BroadcastHierarchy4.xml
23 ms. Memory: 333824K Free: 263505K (79%)
----------------- Invoking toplevel() on ptolemy.moml.MoMLSimpleApplication@7f9a9890
----------------- Done invoking toplevel() on ptolemy.moml.MoMLSimpleApplication@7f9a9890
reloadAllAccessors: .BroadcastHierarchy4

===========================================================================================
----------------- testing Sun Sep 16 02:11:54 UTC 2018 /home/travis/build/icyphy/ptII/ptolemy/domains/modal/test/auto/CannotAnalysisWithPreemption2.xml
----------------- Instantiating /home/travis/build/icyphy/ptII/ptolemy/domains/modal/test/auto/CannotAnalysisWithPreemption2.xml
5 ms. Memory: 333824K Free: 254943K (76%)
----------------- Invoking toplevel() on ptolemy.moml.MoMLSimpleApplication@223bb3bd
----------------- Done invoking toplevel() on ptolemy.moml.MoMLSimpleApplication@223bb3bd
reloadAllAccessors: .CannotAnalysisWithPreemption2

===========================================================================================
----------------- testing Sun Sep 16 02:11:54 UTC 2018 /home/travis/build/icyphy/ptII/ptolemy/domains/modal/test/auto/CannotAnalysisWithPreemption3.xml
----------------- Instantiating /home/travis/build/icyphy/ptII/ptolemy/domains/modal/test/auto/CannotAnalysisWithPreemption3.xml
5 ms. Memory: 333824K Free: 242709K (73%)
----------------- Invoking toplevel() on ptolemy.moml.MoMLSimpleApplication@31d99be3
----------------- Done invoking toplevel() on ptolemy.moml.MoMLSimpleApplication@31d99be3
reloadAllAccessors: .CannotAnalysisWithPreemption3

===========================================================================================
----------------- testing Sun Sep 16 02:11:54 UTC 2018 /home/travis/build/icyphy/ptII/ptolemy/domains/modal/test/auto/CannotProduce.xml
----------------- Instantiating /home/travis/build/icyphy/ptII/ptolemy/domains/modal/test/auto/CannotProduce.xml
11 ms. Memory: 333824K Free: 233077K (70%)
----------------- Invoking toplevel() on ptolemy.moml.MoMLSimpleApplication@6007efbd
----------------- Done invoking toplevel() on ptolemy.moml.MoMLSimpleApplication@6007efbd
reloadAllAccessors: .CannotProduce

===========================================================================================
----------------- testing Sun Sep 16 02:11:54 UTC 2018 /home/travis/build/icyphy/ptII/ptolemy/domains/modal/test/auto/CannotProduceModal.xml
----------------- Instantiating /home/travis/build/icyphy/ptII/ptolemy/domains/modal/test/auto/CannotProduceModal.xml
7 ms. Memory: 333824K Free: 224490K (67%)
----------------- Invoking toplevel() on ptolemy.moml.MoMLSimpleApplication@79aa396c
----------------- Done invoking toplevel() on ptolemy.moml.MoMLSimpleApplication@79aa396c
reloadAllAccessors: .CannotProduceModal

===========================================================================================
----------------- testing Sun Sep 16 02:11:54 UTC 2018 /home/travis/build/icyphy/ptII/ptolemy/domains/modal/test/auto/Case.xml
----------------- Instantiating /home/travis/build/icyphy/ptII/ptolemy/domains/modal/test/auto/Case.xml
23 ms. Memory: 333824K Free: 211030K (63%)
----------------- Invoking toplevel() on ptolemy.moml.MoMLSimpleApplication@1ba6c333
----------------- Done invoking toplevel() on ptolemy.moml.MoMLSimpleApplication@1ba6c333
reloadAllAccessors: .Case

===========================================================================================
----------------- testing Sun Sep 16 02:11:54 UTC 2018 /home/travis/build/icyphy/ptII/ptolemy/domains/modal/test/auto/Case1.xml
----------------- Instantiating /home/travis/build/icyphy/ptII/ptolemy/domains/modal/test/auto/Case1.xml
8 ms. Memory: 333824K Free: 200163K (60%)
----------------- Invoking toplevel() on ptolemy.moml.MoMLSimpleApplication@2063daac
----------------- Done invoking toplevel() on ptolemy.moml.MoMLSimpleApplication@2063daac
reloadAllAccessors: .Case1

===========================================================================================
----------------- testing Sun Sep 16 02:11:54 UTC 2018 /home/travis/build/icyphy/ptII/ptolemy/domains/modal/test/auto/Case2.xml
----------------- Instantiating /home/travis/build/icyphy/ptII/ptolemy/domains/modal/test/auto/Case2.xml
29 ms. Memory: 333824K Free: 187928K (56%)
----------------- Invoking toplevel() on ptolemy.moml.MoMLSimpleApplication@1be9ac0c
----------------- Done invoking toplevel() on ptolemy.moml.MoMLSimpleApplication@1be9ac0c
reloadAllAccessors: .Case2

===========================================================================================
----------------- testing Sun Sep 16 02:11:54 UTC 2018 /home/travis/build/icyphy/ptII/ptolemy/domains/modal/test/auto/CausalityInterface1.xml
----------------- Instantiating /home/travis/build/icyphy/ptII/ptolemy/domains/modal/test/auto/CausalityInterface1.xml
8 ms. Memory: 333824K Free: 181835K (54%)
----------------- Invoking toplevel() on ptolemy.moml.MoMLSimpleApplication@4e33d188
----------------- Done invoking toplevel() on ptolemy.moml.MoMLSimpleApplication@4e33d188
reloadAllAccessors: .CausalityInterface1

===========================================================================================
----------------- testing Sun Sep 16 02:11:54 UTC 2018 /home/travis/build/icyphy/ptII/ptolemy/domains/modal/test/auto/CausalityInterface10.xml
----------------- Instantiating /home/travis/build/icyphy/ptII/ptolemy/domains/modal/test/auto/CausalityInterface10.xml
5 ms. Memory: 333824K Free: 162375K (49%)
----------------- Invoking toplevel() on ptolemy.moml.MoMLSimpleApplication@40f1e275
----------------- Done invoking toplevel() on ptolemy.moml.MoMLSimpleApplication@40f1e275
reloadAllAccessors: .CausalityInterface10

===========================================================================================
----------------- testing Sun Sep 16 02:11:54 UTC 2018 /home/travis/build/icyphy/ptII/ptolemy/domains/modal/test/auto/CausalityInterface11.xml
----------------- Instantiating /home/travis/build/icyphy/ptII/ptolemy/domains/modal/test/auto/CausalityInterface11.xml
5 ms. Memory: 333824K Free: 146453K (44%)
----------------- Invoking toplevel() on ptolemy.moml.MoMLSimpleApplication@5aaf6f8b
----------------- Done invoking toplevel() on ptolemy.moml.MoMLSimpleApplication@5aaf6f8b
reloadAllAccessors: .CausalityInterface11

===========================================================================================
----------------- testing Sun Sep 16 02:11:54 UTC 2018 /home/travis/build/icyphy/ptII/ptolemy/domains/modal/test/auto/CausalityInterface12.xml
----------------- Instantiating /home/travis/build/icyphy/ptII/ptolemy/domains/modal/test/auto/CausalityInterface12.xml
10 ms. Memory: 333824K Free: 130515K (39%)
----------------- Invoking toplevel() on ptolemy.moml.MoMLSimpleApplication@1fc5d7d4
----------------- Done invoking toplevel() on ptolemy.moml.MoMLSimpleApplication@1fc5d7d4
reloadAllAccessors: .CausalityInterface12

===========================================================================================
----------------- testing Sun Sep 16 02:11:54 UTC 2018 /home/travis/build/icyphy/ptII/ptolemy/domains/modal/test/auto/CausalityInterface13.xml
----------------- Instantiating /home/travis/build/icyphy/ptII/ptolemy/domains/modal/test/auto/CausalityInterface13.xml
6 ms. Memory: 333824K Free: 111069K (33%)
----------------- Invoking toplevel() on ptolemy.moml.MoMLSimpleApplication@3b0939c2
----------------- Done invoking toplevel() on ptolemy.moml.MoMLSimpleApplication@3b0939c2
reloadAllAccessors: .CausalityInterface13

===========================================================================================
----------------- testing Sun Sep 16 02:11:54 UTC 2018 /home/travis/build/icyphy/ptII/ptolemy/domains/modal/test/auto/CausalityInterface14.xml
----------------- Instantiating /home/travis/build/icyphy/ptII/ptolemy/domains/modal/test/auto/CausalityInterface14.xml
11 ms. Memory: 333824K Free: 93897K (28%)
----------------- Invoking toplevel() on ptolemy.moml.MoMLSimpleApplication@7d9ea5e9
----------------- Done invoking toplevel() on ptolemy.moml.MoMLSimpleApplication@7d9ea5e9
reloadAllAccessors: .CausalityInterface14

===========================================================================================
----------------- testing Sun Sep 16 02:11:55 UTC 2018 /home/travis/build/icyphy/ptII/ptolemy/domains/modal/test/auto/CausalityInterface2.xml
----------------- Instantiating /home/travis/build/icyphy/ptII/ptolemy/domains/modal/test/auto/CausalityInterface2.xml
10 ms. Memory: 333824K Free: 86570K (26%)
----------------- Invoking toplevel() on ptolemy.moml.MoMLSimpleApplication@6b4019c7
----------------- Done invoking toplevel() on ptolemy.moml.MoMLSimpleApplication@6b4019c7
reloadAllAccessors: .CausalityInterface2

===========================================================================================
----------------- testing Sun Sep 16 02:11:55 UTC 2018 /home/travis/build/icyphy/ptII/ptolemy/domains/modal/test/auto/CausalityInterface3.xml
----------------- Instantiating /home/travis/build/icyphy/ptII/ptolemy/domains/modal/test/auto/CausalityInterface3.xml
5 ms. Memory: 577536K Free: 562492K (97%)
----------------- Invoking toplevel() on ptolemy.moml.MoMLSimpleApplication@74dbf984
----------------- Done invoking toplevel() on ptolemy.moml.MoMLSimpleApplication@74dbf984
reloadAllAccessors: .CausalityInterface3

===========================================================================================
----------------- testing Sun Sep 16 02:11:55 UTC 2018 /home/travis/build/icyphy/ptII/ptolemy/domains/modal/test/auto/CausalityInterface4.xml
----------------- Instantiating /home/travis/build/icyphy/ptII/ptolemy/domains/modal/test/auto/CausalityInterface4.xml
3 ms. Memory: 577536K Free: 549358K (95%)
----------------- Invoking toplevel() on ptolemy.moml.MoMLSimpleApplication@2b76b88b
----------------- Done invoking toplevel() on ptolemy.moml.MoMLSimpleApplication@2b76b88b
reloadAllAccessors: .CausalityInterface4

===========================================================================================
----------------- testing Sun Sep 16 02:11:55 UTC 2018 /home/travis/build/icyphy/ptII/ptolemy/domains/modal/test/auto/CausalityInterface5.xml
----------------- Instantiating /home/travis/build/icyphy/ptII/ptolemy/domains/modal/test/auto/CausalityInterface5.xml
5 ms. Memory: 577536K Free: 536360K (93%)
----------------- Invoking toplevel() on ptolemy.moml.MoMLSimpleApplication@191836d1
----------------- Done invoking toplevel() on ptolemy.moml.MoMLSimpleApplication@191836d1
reloadAllAccessors: .CausalityInterface5

===========================================================================================
----------------- testing Sun Sep 16 02:11:55 UTC 2018 /home/travis/build/icyphy/ptII/ptolemy/domains/modal/test/auto/CausalityInterface6.xml
----------------- Instantiating /home/travis/build/icyphy/ptII/ptolemy/domains/modal/test/auto/CausalityInterface6.xml
4 ms. Memory: 577536K Free: 523354K (91%)
----------------- Invoking toplevel() on ptolemy.moml.MoMLSimpleApplication@33211c7c
----------------- Done invoking toplevel() on ptolemy.moml.MoMLSimpleApplication@33211c7c
reloadAllAccessors: .CausalityInterface6

===========================================================================================
----------------- testing Sun Sep 16 02:11:55 UTC 2018 /home/travis/build/icyphy/ptII/ptolemy/domains/modal/test/auto/CausalityInterface7.xml
----------------- Instantiating /home/travis/build/icyphy/ptII/ptolemy/domains/modal/test/auto/CausalityInterface7.xml
7 ms. Memory: 577536K Free: 510355K (88%)
----------------- Invoking toplevel() on ptolemy.moml.MoMLSimpleApplication@6870da34
----------------- Done invoking toplevel() on ptolemy.moml.MoMLSimpleApplication@6870da34
reloadAllAccessors: .CausalityInterface7

===========================================================================================
----------------- testing Sun Sep 16 02:11:55 UTC 2018 /home/travis/build/icyphy/ptII/ptolemy/domains/modal/test/auto/CausalityInterface8.xml
----------------- Instantiating /home/travis/build/icyphy/ptII/ptolemy/domains/modal/test/auto/CausalityInterface8.xml
5 ms. Memory: 577536K Free: 494203K (86%)
----------------- Invoking toplevel() on ptolemy.moml.MoMLSimpleApplication@598dfc24
----------------- Done invoking toplevel() on ptolemy.moml.MoMLSimpleApplication@598dfc24
reloadAllAccessors: .CausalityInterface8

===========================================================================================
----------------- testing Sun Sep 16 02:11:55 UTC 2018 /home/travis/build/icyphy/ptII/ptolemy/domains/modal/test/auto/CausalityInterface9.xml
----------------- Instantiating /home/travis/build/icyphy/ptII/ptolemy/domains/modal/test/auto/CausalityInterface9.xml
7 ms. Memory: 577536K Free: 481189K (83%)
----------------- Invoking toplevel() on ptolemy.moml.MoMLSimpleApplication@2e67e4b3
----------------- Done invoking toplevel() on ptolemy.moml.MoMLSimpleApplication@2e67e4b3
reloadAllAccessors: .CausalityInterface9

===========================================================================================
----------------- testing Sun Sep 16 02:11:55 UTC 2018 /home/travis/build/icyphy/ptII/ptolemy/domains/modal/test/auto/ChainedTransitions.xml
----------------- Instantiating /home/travis/build/icyphy/ptII/ptolemy/domains/modal/test/auto/ChainedTransitions.xml
76 ms. Memory: 577536K Free: 451863K (78%)
----------------- Invoking toplevel() on ptolemy.moml.MoMLSimpleApplication@6b297955
----------------- Done invoking toplevel() on ptolemy.moml.MoMLSimpleApplication@6b297955
reloadAllAccessors: .ChainedTransitions

===========================================================================================
----------------- testing Sun Sep 16 02:11:55 UTC 2018 /home/travis/build/icyphy/ptII/ptolemy/domains/modal/test/auto/CycleOfImmediateTransitionsFSM.xml
----------------- Instantiating /home/travis/build/icyphy/ptII/ptolemy/domains/modal/test/auto/CycleOfImmediateTransitionsFSM.xml
3 ms. Memory: 577536K Free: 442099K (77%)
----------------- Invoking toplevel() on ptolemy.moml.MoMLSimpleApplication@92fd247
----------------- Done invoking toplevel() on ptolemy.moml.MoMLSimpleApplication@92fd247
reloadAllAccessors: .CycleOfImmediateTransitionsFSM

===========================================================================================
----------------- testing Sun Sep 16 02:11:55 UTC 2018 /home/travis/build/icyphy/ptII/ptolemy/domains/modal/test/auto/CycleOfImmediateTransitionsModal.xml
----------------- Instantiating /home/travis/build/icyphy/ptII/ptolemy/domains/modal/test/auto/CycleOfImmediateTransitionsModal.xml
5 ms. Memory: 577536K Free: 429196K (74%)
----------------- Invoking toplevel() on ptolemy.moml.MoMLSimpleApplication@431a66a3
----------------- Done invoking toplevel() on ptolemy.moml.MoMLSimpleApplication@431a66a3
reloadAllAccessors: .CycleOfImmediateTransitionsModal

===========================================================================================
----------------- testing Sun Sep 16 02:11:55 UTC 2018 /home/travis/build/icyphy/ptII/ptolemy/domains/modal/test/auto/CycleOfImmediateTransitionsModal2.xml
----------------- Instantiating /home/travis/build/icyphy/ptII/ptolemy/domains/modal/test/auto/CycleOfImmediateTransitionsModal2.xml
8 ms. Memory: 577536K Free: 419431K (73%)
----------------- Invoking toplevel() on ptolemy.moml.MoMLSimpleApplication@23bfbd4b
----------------- Done invoking toplevel() on ptolemy.moml.MoMLSimpleApplication@23bfbd4b
reloadAllAccessors: .CycleOfImmediateTransitionsModal2

===========================================================================================
----------------- testing Sun Sep 16 02:11:55 UTC 2018 /home/travis/build/icyphy/ptII/ptolemy/domains/modal/test/auto/CycleOfImmediateTransitionsModal3.xml
----------------- Instantiating /home/travis/build/icyphy/ptII/ptolemy/domains/modal/test/auto/CycleOfImmediateTransitionsModal3.xml
16 ms. Memory: 577536K Free: 390137K (68%)
----------------- Invoking toplevel() on ptolemy.moml.MoMLSimpleApplication@1c280fc6
----------------- Done invoking toplevel() on ptolemy.moml.MoMLSimpleApplication@1c280fc6
reloadAllAccessors: .CycleOfImmediateTransitionsModal3

===========================================================================================
----------------- testing Sun Sep 16 02:11:55 UTC 2018 /home/travis/build/icyphy/ptII/ptolemy/domains/modal/test/auto/DeepModal1.xml
----------------- Instantiating /home/travis/build/icyphy/ptII/ptolemy/domains/modal/test/auto/DeepModal1.xml
27 ms. Memory: 577536K Free: 370592K (64%)
----------------- Invoking toplevel() on ptolemy.moml.MoMLSimpleApplication@7786e5
----------------- Done invoking toplevel() on ptolemy.moml.MoMLSimpleApplication@7786e5
reloadAllAccessors: .DeepModal1

===========================================================================================
----------------- testing Sun Sep 16 02:11:55 UTC 2018 /home/travis/build/icyphy/ptII/ptolemy/domains/modal/test/auto/DeepModal2.xml
----------------- Instantiating /home/travis/build/icyphy/ptII/ptolemy/domains/modal/test/auto/DeepModal2.xml
29 ms. Memory: 577536K Free: 344660K (60%)
----------------- Invoking toplevel() on ptolemy.moml.MoMLSimpleApplication@6ddc93d4
----------------- Done invoking toplevel() on ptolemy.moml.MoMLSimpleApplication@6ddc93d4
reloadAllAccessors: .DeepModal2

===========================================================================================
----------------- testing Sun Sep 16 02:11:55 UTC 2018 /home/travis/build/icyphy/ptII/ptolemy/domains/modal/test/auto/DeepModal3.xml
----------------- Instantiating /home/travis/build/icyphy/ptII/ptolemy/domains/modal/test/auto/DeepModal3.xml
35 ms. Memory: 577536K Free: 321865K (56%)
----------------- Invoking toplevel() on ptolemy.moml.MoMLSimpleApplication@ab21583
----------------- Done invoking toplevel() on ptolemy.moml.MoMLSimpleApplication@ab21583
reloadAllAccessors: .DeepModal3

===========================================================================================
----------------- testing Sun Sep 16 02:11:55 UTC 2018 /home/travis/build/icyphy/ptII/ptolemy/domains/modal/test/auto/DeepModal4.xml
----------------- Instantiating /home/travis/build/icyphy/ptII/ptolemy/domains/modal/test/auto/DeepModal4.xml
32 ms. Memory: 577536K Free: 299087K (52%)
----------------- Invoking toplevel() on ptolemy.moml.MoMLSimpleApplication@601d435b
----------------- Done invoking toplevel() on ptolemy.moml.MoMLSimpleApplication@601d435b
reloadAllAccessors: .DeepModal4

===========================================================================================
----------------- testing Sun Sep 16 02:11:56 UTC 2018 /home/travis/build/icyphy/ptII/ptolemy/domains/modal/test/auto/Default1.xml
----------------- Instantiating /home/travis/build/icyphy/ptII/ptolemy/domains/modal/test/auto/Default1.xml
2 ms. Memory: 577536K Free: 289322K (50%)
----------------- Invoking toplevel() on ptolemy.moml.MoMLSimpleApplication@6aafb6a5
----------------- Done invoking toplevel() on ptolemy.moml.MoMLSimpleApplication@6aafb6a5
reloadAllAccessors: .Default1

===========================================================================================
----------------- testing Sun Sep 16 02:11:56 UTC 2018 /home/travis/build/icyphy/ptII/ptolemy/domains/modal/test/auto/Default2.xml
----------------- Instantiating /home/travis/build/icyphy/ptII/ptolemy/domains/modal/test/auto/Default2.xml
3 ms. Memory: 577536K Free: 276428K (48%)
----------------- Invoking toplevel() on ptolemy.moml.MoMLSimpleApplication@62c4173a
----------------- Done invoking toplevel() on ptolemy.moml.MoMLSimpleApplication@62c4173a
reloadAllAccessors: .Default2

===========================================================================================
----------------- testing Sun Sep 16 02:11:56 UTC 2018 /home/travis/build/icyphy/ptII/ptolemy/domains/modal/test/auto/Default3.xml
----------------- Instantiating /home/travis/build/icyphy/ptII/ptolemy/domains/modal/test/auto/Default3.xml
3 ms. Memory: 577536K Free: 266663K (46%)
----------------- Invoking toplevel() on ptolemy.moml.MoMLSimpleApplication@616ff6fa
----------------- Done invoking toplevel() on ptolemy.moml.MoMLSimpleApplication@616ff6fa
reloadAllAccessors: .Default3

===========================================================================================
----------------- testing Sun Sep 16 02:11:56 UTC 2018 /home/travis/build/icyphy/ptII/ptolemy/domains/modal/test/auto/Default4.xml
----------------- Instantiating /home/travis/build/icyphy/ptII/ptolemy/domains/modal/test/auto/Default4.xml
3 ms. Memory: 577536K Free: 256899K (44%)
----------------- Invoking toplevel() on ptolemy.moml.MoMLSimpleApplication@3999ad6f
----------------- Done invoking toplevel() on ptolemy.moml.MoMLSimpleApplication@3999ad6f
reloadAllAccessors: .Default4

===========================================================================================
----------------- testing Sun Sep 16 02:11:56 UTC 2018 /home/travis/build/icyphy/ptII/ptolemy/domains/modal/test/auto/Default5.xml
----------------- Instantiating /home/travis/build/icyphy/ptII/ptolemy/domains/modal/test/auto/Default5.xml
10 ms. Memory: 577536K Free: 243884K (42%)
----------------- Invoking toplevel() on ptolemy.moml.MoMLSimpleApplication@6941c26f
----------------- Done invoking toplevel() on ptolemy.moml.MoMLSimpleApplication@6941c26f
reloadAllAccessors: .Default5

===========================================================================================
----------------- testing Sun Sep 16 02:11:56 UTC 2018 /home/travis/build/icyphy/ptII/ptolemy/domains/modal/test/auto/EmptyGuard.xml
----------------- Instantiating /home/travis/build/icyphy/ptII/ptolemy/domains/modal/test/auto/EmptyGuard.xml
14 ms. Memory: 577536K Free: 227725K (39%)
----------------- Invoking toplevel() on ptolemy.moml.MoMLSimpleApplication@363cbbbd
----------------- Done invoking toplevel() on ptolemy.moml.MoMLSimpleApplication@363cbbbd
reloadAllAccessors: .EmptyGuard

===========================================================================================
----------------- testing Sun Sep 16 02:11:56 UTC 2018 /home/travis/build/icyphy/ptII/ptolemy/domains/modal/test/auto/ErrorTransition1.xml
----------------- Instantiating /home/travis/build/icyphy/ptII/ptolemy/domains/modal/test/auto/ErrorTransition1.xml
8 ms. Memory: 577536K Free: 214718K (37%)
----------------- Invoking toplevel() on ptolemy.moml.MoMLSimpleApplication@ec9b11c
----------------- Done invoking toplevel() on ptolemy.moml.MoMLSimpleApplication@ec9b11c
reloadAllAccessors: .ErrorTransition1

===========================================================================================
----------------- testing Sun Sep 16 02:11:56 UTC 2018 /home/travis/build/icyphy/ptII/ptolemy/domains/modal/test/auto/ErrorTransition10.xml
----------------- Instantiating /home/travis/build/icyphy/ptII/ptolemy/domains/modal/test/auto/ErrorTransition10.xml
9 ms. Memory: 577536K Free: 198454K (34%)
----------------- Invoking toplevel() on ptolemy.moml.MoMLSimpleApplication@59f573be
----------------- Done invoking toplevel() on ptolemy.moml.MoMLSimpleApplication@59f573be
reloadAllAccessors: .ErrorTransition10

===========================================================================================
----------------- testing Sun Sep 16 02:11:56 UTC 2018 /home/travis/build/icyphy/ptII/ptolemy/domains/modal/test/auto/ErrorTransition11.xml
----------------- Instantiating /home/travis/build/icyphy/ptII/ptolemy/domains/modal/test/auto/ErrorTransition11.xml
4 ms. Memory: 577536K Free: 182175K (32%)
----------------- Invoking toplevel() on ptolemy.moml.MoMLSimpleApplication@3ffe73c8
----------------- Done invoking toplevel() on ptolemy.moml.MoMLSimpleApplication@3ffe73c8
reloadAllAccessors: .ErrorTransition11

===========================================================================================
----------------- testing Sun Sep 16 02:11:56 UTC 2018 /home/travis/build/icyphy/ptII/ptolemy/domains/modal/test/auto/ErrorTransition2.xml
----------------- Instantiating /home/travis/build/icyphy/ptII/ptolemy/domains/modal/test/auto/ErrorTransition2.xml
5 ms. Memory: 577536K Free: 169176K (29%)
----------------- Invoking toplevel() on ptolemy.moml.MoMLSimpleApplication@6bbc4ab8
----------------- Done invoking toplevel() on ptolemy.moml.MoMLSimpleApplication@6bbc4ab8
reloadAllAccessors: .ErrorTransition2

===========================================================================================
----------------- testing Sun Sep 16 02:11:56 UTC 2018 /home/travis/build/icyphy/ptII/ptolemy/domains/modal/test/auto/ErrorTransition3.xml
----------------- Instantiating /home/travis/build/icyphy/ptII/ptolemy/domains/modal/test/auto/ErrorTransition3.xml
10 ms. Memory: 577536K Free: 153040K (26%)
----------------- Invoking toplevel() on ptolemy.moml.MoMLSimpleApplication@2b200e38
----------------- Done invoking toplevel() on ptolemy.moml.MoMLSimpleApplication@2b200e38
reloadAllAccessors: .ErrorTransition3

===========================================================================================
----------------- testing Sun Sep 16 02:11:56 UTC 2018 /home/travis/build/icyphy/ptII/ptolemy/domains/modal/test/auto/ErrorTransition4.xml
----------------- Instantiating /home/travis/build/icyphy/ptII/ptolemy/domains/modal/test/auto/ErrorTransition4.xml
10 ms. Memory: 577536K Free: 140026K (24%)
----------------- Invoking toplevel() on ptolemy.moml.MoMLSimpleApplication@149087f7
----------------- Done invoking toplevel() on ptolemy.moml.MoMLSimpleApplication@149087f7
reloadAllAccessors: .ErrorTransition4

===========================================================================================
----------------- testing Sun Sep 16 02:11:56 UTC 2018 /home/travis/build/icyphy/ptII/ptolemy/domains/modal/test/auto/ErrorTransition5.xml
----------------- Instantiating /home/travis/build/icyphy/ptII/ptolemy/domains/modal/test/auto/ErrorTransition5.xml
5 ms. Memory: 577536K Free: 127012K (22%)
----------------- Invoking toplevel() on ptolemy.moml.MoMLSimpleApplication@407b007e
----------------- Done invoking toplevel() on ptolemy.moml.MoMLSimpleApplication@407b007e
reloadAllAccessors: .ErrorTransition5

===========================================================================================
----------------- testing Sun Sep 16 02:11:56 UTC 2018 /home/travis/build/icyphy/ptII/ptolemy/domains/modal/test/auto/ErrorTransition6.xml
----------------- Instantiating /home/travis/build/icyphy/ptII/ptolemy/domains/modal/test/auto/ErrorTransition6.xml
8 ms. Memory: 577536K Free: 114006K (20%)
----------------- Invoking toplevel() on ptolemy.moml.MoMLSimpleApplication@24c1b8d6
----------------- Done invoking toplevel() on ptolemy.moml.MoMLSimpleApplication@24c1b8d6
reloadAllAccessors: .ErrorTransition6

===========================================================================================
----------------- testing Sun Sep 16 02:11:56 UTC 2018 /home/travis/build/icyphy/ptII/ptolemy/domains/modal/test/auto/ErrorTransition7.xml
----------------- Instantiating /home/travis/build/icyphy/ptII/ptolemy/domains/modal/test/auto/ErrorTransition7.xml
11 ms. Memory: 577536K Free: 94604K (16%)
----------------- Invoking toplevel() on ptolemy.moml.MoMLSimpleApplication@1ed5ee41
----------------- Done invoking toplevel() on ptolemy.moml.MoMLSimpleApplication@1ed5ee41
reloadAllAccessors: .ErrorTransition7

===========================================================================================
----------------- testing Sun Sep 16 02:11:56 UTC 2018 /home/travis/build/icyphy/ptII/ptolemy/domains/modal/test/auto/ErrorTransition8.xml
----------------- Instantiating /home/travis/build/icyphy/ptII/ptolemy/domains/modal/test/auto/ErrorTransition8.xml
52 ms. Memory: 577536K Free: 564972K (98%)
----------------- Invoking toplevel() on ptolemy.moml.MoMLSimpleApplication@6526072c
----------------- Done invoking toplevel() on ptolemy.moml.MoMLSimpleApplication@6526072c
reloadAllAccessors: .ErrorTransition8

===========================================================================================
----------------- testing Sun Sep 16 02:11:56 UTC 2018 /home/travis/build/icyphy/ptII/ptolemy/domains/modal/test/auto/ErrorTransition9.xml
----------------- Instantiating /home/travis/build/icyphy/ptII/ptolemy/domains/modal/test/auto/ErrorTransition9.xml
16 ms. Memory: 577536K Free: 543955K (94%)
----------------- Invoking toplevel() on ptolemy.moml.MoMLSimpleApplication@ea50071
----------------- Done invoking toplevel() on ptolemy.moml.MoMLSimpleApplication@ea50071
reloadAllAccessors: .ErrorTransition9

===========================================================================================
----------------- testing Sun Sep 16 02:11:56 UTC 2018 /home/travis/build/icyphy/ptII/ptolemy/domains/modal/test/auto/ExtendedFSM.xml
----------------- Instantiating /home/travis/build/icyphy/ptII/ptolemy/domains/modal/test/auto/ExtendedFSM.xml
8 ms. Memory: 577536K Free: 534190K (92%)
----------------- Invoking toplevel() on ptolemy.moml.MoMLSimpleApplication@d6dd9a2
----------------- Done invoking toplevel() on ptolemy.moml.MoMLSimpleApplication@d6dd9a2
reloadAllAccessors: .ExtendedFSM

===========================================================================================
----------------- testing Sun Sep 16 02:11:56 UTC 2018 /home/travis/build/icyphy/ptII/ptolemy/domains/modal/test/auto/FinalStates.xml
----------------- Instantiating /home/travis/build/icyphy/ptII/ptolemy/domains/modal/test/auto/FinalStates.xml
4 ms. Memory: 577536K Free: 522231K (90%)
----------------- Invoking toplevel() on ptolemy.moml.MoMLSimpleApplication@66b542b
----------------- Done invoking toplevel() on ptolemy.moml.MoMLSimpleApplication@66b542b
reloadAllAccessors: .FinalStates

===========================================================================================
----------------- testing Sun Sep 16 02:11:56 UTC 2018 /home/travis/build/icyphy/ptII/ptolemy/domains/modal/test/auto/FixedPointFSM.xml
----------------- Instantiating /home/travis/build/icyphy/ptII/ptolemy/domains/modal/test/auto/FixedPointFSM.xml
18 ms. Memory: 577536K Free: 505123K (87%)
----------------- Invoking toplevel() on ptolemy.moml.MoMLSimpleApplication@4286fbbe
----------------- Done invoking toplevel() on ptolemy.moml.MoMLSimpleApplication@4286fbbe
reloadAllAccessors: .FixedPointFSM

===========================================================================================
----------------- testing Sun Sep 16 02:11:56 UTC 2018 /home/travis/build/icyphy/ptII/ptolemy/domains/modal/test/auto/FixedPointIterationFSMActor.xml
----------------- Instantiating /home/travis/build/icyphy/ptII/ptolemy/domains/modal/test/auto/FixedPointIterationFSMActor.xml
7 ms. Memory: 577536K Free: 492914K (85%)
----------------- Invoking toplevel() on ptolemy.moml.MoMLSimpleApplication@6897337a
----------------- Done invoking toplevel() on ptolemy.moml.MoMLSimpleApplication@6897337a
reloadAllAccessors: .FixedPointIterationFSMActor

===========================================================================================
----------------- testing Sun Sep 16 02:11:56 UTC 2018 /home/travis/build/icyphy/ptII/ptolemy/domains/modal/test/auto/FixedPointIterationFSMActor2.xml
----------------- Instantiating /home/travis/build/icyphy/ptII/ptolemy/domains/modal/test/auto/FixedPointIterationFSMActor2.xml
12 ms. Memory: 577536K Free: 476048K (82%)
----------------- Invoking toplevel() on ptolemy.moml.MoMLSimpleApplication@28e408ad
----------------- Done invoking toplevel() on ptolemy.moml.MoMLSimpleApplication@28e408ad
reloadAllAccessors: .FixedPointIterationFSMActor2

===========================================================================================
----------------- testing Sun Sep 16 02:11:56 UTC 2018 /home/travis/build/icyphy/ptII/ptolemy/domains/modal/test/auto/ForbiddenInstantanousLoop.xml
----------------- Instantiating /home/travis/build/icyphy/ptII/ptolemy/domains/modal/test/auto/ForbiddenInstantanousLoop.xml
4 ms. Memory: 577536K Free: 461393K (80%)
----------------- Invoking toplevel() on ptolemy.moml.MoMLSimpleApplication@4b416a0
----------------- Done invoking toplevel() on ptolemy.moml.MoMLSimpleApplication@4b416a0
reloadAllAccessors: .ForbiddenInstantanousLoop

===========================================================================================
----------------- testing Sun Sep 16 02:11:56 UTC 2018 /home/travis/build/icyphy/ptII/ptolemy/domains/modal/test/auto/FunctionDependencyOfFSMActorTest.xml
----------------- Instantiating /home/travis/build/icyphy/ptII/ptolemy/domains/modal/test/auto/FunctionDependencyOfFSMActorTest.xml
13 ms. Memory: 577536K Free: 454066K (79%)
----------------- Invoking toplevel() on ptolemy.moml.MoMLSimpleApplication@71f2b9c3
----------------- Done invoking toplevel() on ptolemy.moml.MoMLSimpleApplication@71f2b9c3
reloadAllAccessors: .FunctionDependencyOfFSMActorTest

===========================================================================================
----------------- testing Sun Sep 16 02:11:56 UTC 2018 /home/travis/build/icyphy/ptII/ptolemy/domains/modal/test/auto/GuardExpression.xml
----------------- Instantiating /home/travis/build/icyphy/ptII/ptolemy/domains/modal/test/auto/GuardExpression.xml
6 ms. Memory: 577536K Free: 444560K (77%)
----------------- Invoking toplevel() on ptolemy.moml.MoMLSimpleApplication@17f3239
----------------- Done invoking toplevel() on ptolemy.moml.MoMLSimpleApplication@17f3239
reloadAllAccessors: .GuardExpression

===========================================================================================
----------------- testing Sun Sep 16 02:11:56 UTC 2018 /home/travis/build/icyphy/ptII/ptolemy/domains/modal/test/auto/GuardNotEvaluated.xml
----------------- Instantiating /home/travis/build/icyphy/ptII/ptolemy/domains/modal/test/auto/GuardNotEvaluated.xml
8 ms. Memory: 577536K Free: 432358K (75%)
----------------- Invoking toplevel() on ptolemy.moml.MoMLSimpleApplication@34fe2934
----------------- Done invoking toplevel() on ptolemy.moml.MoMLSimpleApplication@34fe2934
reloadAllAccessors: .GuardNotEvaluated

===========================================================================================
----------------- testing Sun Sep 16 02:11:56 UTC 2018 /home/travis/build/icyphy/ptII/ptolemy/domains/modal/test/auto/GuardNotEvaluated2.xml
----------------- Instantiating /home/travis/build/icyphy/ptII/ptolemy/domains/modal/test/auto/GuardNotEvaluated2.xml
9 ms. Memory: 577536K Free: 420157K (73%)
----------------- Invoking toplevel() on ptolemy.moml.MoMLSimpleApplication@1c8c951b
----------------- Done invoking toplevel() on ptolemy.moml.MoMLSimpleApplication@1c8c951b
reloadAllAccessors: .GuardNotEvaluated2

===========================================================================================
----------------- testing Sun Sep 16 02:11:56 UTC 2018 /home/travis/build/icyphy/ptII/ptolemy/domains/modal/test/auto/GuardOnAbsent.xml
----------------- Instantiating /home/travis/build/icyphy/ptII/ptolemy/domains/modal/test/auto/GuardOnAbsent.xml
6 ms. Memory: 577536K Free: 408198K (71%)
----------------- Invoking toplevel() on ptolemy.moml.MoMLSimpleApplication@4cc1da6
----------------- Done invoking toplevel() on ptolemy.moml.MoMLSimpleApplication@4cc1da6
reloadAllAccessors: .GuardOnAbsent

===========================================================================================
----------------- testing Sun Sep 16 02:11:57 UTC 2018 /home/travis/build/icyphy/ptII/ptolemy/domains/modal/test/auto/HierarchicalFSMTypeInference.xml
----------------- Instantiating /home/travis/build/icyphy/ptII/ptolemy/domains/modal/test/auto/HierarchicalFSMTypeInference.xml
2 ms. Memory: 577536K Free: 393559K (68%)
----------------- Invoking toplevel() on ptolemy.moml.MoMLSimpleApplication@68cd089c
----------------- Done invoking toplevel() on ptolemy.moml.MoMLSimpleApplication@68cd089c
reloadAllAccessors: .HierarchicalFSMTypeInference

===========================================================================================
----------------- testing Sun Sep 16 02:11:57 UTC 2018 /home/travis/build/icyphy/ptII/ptolemy/domains/modal/test/auto/Hysteresis.xml
----------------- Instantiating /home/travis/build/icyphy/ptII/ptolemy/domains/modal/test/auto/Hysteresis.xml
8 ms. Memory: 577536K Free: 374272K (65%)
----------------- Invoking toplevel() on ptolemy.moml.MoMLSimpleApplication@759a7f74
----------------- Done invoking toplevel() on ptolemy.moml.MoMLSimpleApplication@759a7f74
reloadAllAccessors: .Hysteresis

===========================================================================================
----------------- testing Sun Sep 16 02:11:57 UTC 2018 /home/travis/build/icyphy/ptII/ptolemy/domains/modal/test/auto/HysteresisWithDefault.xml
----------------- Instantiating /home/travis/build/icyphy/ptII/ptolemy/domains/modal/test/auto/HysteresisWithDefault.xml
34 ms. Memory: 577536K Free: 347424K (60%)
----------------- Invoking toplevel() on ptolemy.moml.MoMLSimpleApplication@6dd33acf
----------------- Done invoking toplevel() on ptolemy.moml.MoMLSimpleApplication@6dd33acf
reloadAllAccessors: .HysteresisWithDefault

===========================================================================================
----------------- testing Sun Sep 16 02:11:57 UTC 2018 /home/travis/build/icyphy/ptII/ptolemy/domains/modal/test/auto/HysteresisWithDefault2.xml
----------------- Instantiating /home/travis/build/icyphy/ptII/ptolemy/domains/modal/test/auto/HysteresisWithDefault2.xml
31 ms. Memory: 577536K Free: 315653K (55%)
----------------- Invoking toplevel() on ptolemy.moml.MoMLSimpleApplication@7561959c
----------------- Done invoking toplevel() on ptolemy.moml.MoMLSimpleApplication@7561959c
reloadAllAccessors: .HysteresisWithDefault2

===========================================================================================
----------------- testing Sun Sep 16 02:11:57 UTC 2018 /home/travis/build/icyphy/ptII/ptolemy/domains/modal/test/auto/ImmediateNonConstructiveness.xml
----------------- Instantiating /home/travis/build/icyphy/ptII/ptolemy/domains/modal/test/auto/ImmediateNonConstructiveness.xml
3 ms. Memory: 577536K Free: 303694K (53%)
----------------- Invoking toplevel() on ptolemy.moml.MoMLSimpleApplication@17eb6923
----------------- Done invoking toplevel() on ptolemy.moml.MoMLSimpleApplication@17eb6923
reloadAllAccessors: .ImmediateNonConstructiveness

===========================================================================================
----------------- testing Sun Sep 16 02:11:57 UTC 2018 /home/travis/build/icyphy/ptII/ptolemy/domains/modal/test/auto/ImmediateNonConstructiveness2.xml
----------------- Instantiating /home/travis/build/icyphy/ptII/ptolemy/domains/modal/test/auto/ImmediateNonConstructiveness2.xml
2 ms. Memory: 577536K Free: 293929K (51%)
----------------- Invoking toplevel() on ptolemy.moml.MoMLSimpleApplication@39e1ded8
----------------- Done invoking toplevel() on ptolemy.moml.MoMLSimpleApplication@39e1ded8
reloadAllAccessors: .ImmediateNonConstructiveness2

===========================================================================================
----------------- testing Sun Sep 16 02:11:57 UTC 2018 /home/travis/build/icyphy/ptII/ptolemy/domains/modal/test/auto/ImmediateTransitionReset.xml
----------------- Instantiating /home/travis/build/icyphy/ptII/ptolemy/domains/modal/test/auto/ImmediateTransitionReset.xml
3 ms. Memory: 577536K Free: 279258K (48%)
----------------- Invoking toplevel() on ptolemy.moml.MoMLSimpleApplication@7908919d
----------------- Done invoking toplevel() on ptolemy.moml.MoMLSimpleApplication@7908919d
reloadAllAccessors: .ImmediateTransitionReset

===========================================================================================
----------------- testing Sun Sep 16 02:11:57 UTC 2018 /home/travis/build/icyphy/ptII/ptolemy/domains/modal/test/auto/ImmediateTransitions1.xml
----------------- Instantiating /home/travis/build/icyphy/ptII/ptolemy/domains/modal/test/auto/ImmediateTransitions1.xml
2 ms. Memory: 577536K Free: 269737K (47%)
----------------- Invoking toplevel() on ptolemy.moml.MoMLSimpleApplication@6113b92c
----------------- Done invoking toplevel() on ptolemy.moml.MoMLSimpleApplication@6113b92c
reloadAllAccessors: .ImmediateTransitions1

===========================================================================================
----------------- testing Sun Sep 16 02:11:57 UTC 2018 /home/travis/build/icyphy/ptII/ptolemy/domains/modal/test/auto/ImmediateTransitionsInstantaneousCommunication.xml
----------------- Instantiating /home/travis/build/icyphy/ptII/ptolemy/domains/modal/test/auto/ImmediateTransitionsInstantaneousCommunication.xml
3 ms. Memory: 577536K Free: 255106K (44%)
----------------- Invoking toplevel() on ptolemy.moml.MoMLSimpleApplication@42144cde
----------------- Done invoking toplevel() on ptolemy.moml.MoMLSimpleApplication@42144cde
reloadAllAccessors: .ImmediateTransitionsInstantaneousCommunication

===========================================================================================
----------------- testing Sun Sep 16 02:11:57 UTC 2018 /home/travis/build/icyphy/ptII/ptolemy/domains/modal/test/auto/InitialImmediateTransition.xml
----------------- Instantiating /home/travis/build/icyphy/ptII/ptolemy/domains/modal/test/auto/InitialImmediateTransition.xml
3 ms. Memory: 577536K Free: 245357K (42%)
----------------- Invoking toplevel() on ptolemy.moml.MoMLSimpleApplication@5489bf9
----------------- Done invoking toplevel() on ptolemy.moml.MoMLSimpleApplication@5489bf9
reloadAllAccessors: .InitialImmediateTransition

===========================================================================================
----------------- testing Sun Sep 16 02:11:57 UTC 2018 /home/travis/build/icyphy/ptII/ptolemy/domains/modal/test/auto/InitialOutputs.xml
----------------- Instantiating /home/travis/build/icyphy/ptII/ptolemy/domains/modal/test/auto/InitialOutputs.xml
2 ms. Memory: 577536K Free: 233382K (40%)
----------------- Invoking toplevel() on ptolemy.moml.MoMLSimpleApplication@14116b60
----------------- Done invoking toplevel() on ptolemy.moml.MoMLSimpleApplication@14116b60
reloadAllAccessors: .InitialOutputs

===========================================================================================
----------------- testing Sun Sep 16 02:11:57 UTC 2018 /home/travis/build/icyphy/ptII/ptolemy/domains/modal/test/auto/InitialStateTransition1.xml
----------------- Instantiating /home/travis/build/icyphy/ptII/ptolemy/domains/modal/test/auto/InitialStateTransition1.xml
2 ms. Memory: 577536K Free: 223618K (39%)
----------------- Invoking toplevel() on ptolemy.moml.MoMLSimpleApplication@776ea211
----------------- Done invoking toplevel() on ptolemy.moml.MoMLSimpleApplication@776ea211
reloadAllAccessors: .InitialStateTransition1

===========================================================================================
----------------- testing Sun Sep 16 02:11:57 UTC 2018 /home/travis/build/icyphy/ptII/ptolemy/domains/modal/test/auto/InitialStateTransition2.xml
----------------- Instantiating /home/travis/build/icyphy/ptII/ptolemy/domains/modal/test/auto/InitialStateTransition2.xml
.InitialStateTransition2.TestExceptionAttributeNonConstructive: initialize() was not invoked, but wrapup() was.  This is unusual, but not always a problem.  For example, exporting JNLP will do this.
1 ms. Memory: 577536K Free: 211658K (37%)
----------------- Invoking toplevel() on ptolemy.moml.MoMLSimpleApplication@711f7379
----------------- Done invoking toplevel() on ptolemy.moml.MoMLSimpleApplication@711f7379
reloadAllAccessors: .InitialStateTransition2

===========================================================================================
----------------- testing Sun Sep 16 02:11:57 UTC 2018 /home/travis/build/icyphy/ptII/ptolemy/domains/modal/test/auto/InitialStateTransition3.xml
----------------- Instantiating /home/travis/build/icyphy/ptII/ptolemy/domains/modal/test/auto/InitialStateTransition3.xml
4 ms. Memory: 577536K Free: 197012K (34%)
----------------- Invoking toplevel() on ptolemy.moml.MoMLSimpleApplication@40f7f83c
----------------- Done invoking toplevel() on ptolemy.moml.MoMLSimpleApplication@40f7f83c
reloadAllAccessors: .InitialStateTransition3

===========================================================================================
----------------- testing Sun Sep 16 02:11:57 UTC 2018 /home/travis/build/icyphy/ptII/ptolemy/domains/modal/test/auto/InitialStateTransition4.xml
----------------- Instantiating /home/travis/build/icyphy/ptII/ptolemy/domains/modal/test/auto/InitialStateTransition4.xml
3 ms. Memory: 577536K Free: 184794K (32%)
----------------- Invoking toplevel() on ptolemy.moml.MoMLSimpleApplication@3191d3d7
----------------- Done invoking toplevel() on ptolemy.moml.MoMLSimpleApplication@3191d3d7
[...]
----------------- Done invoking toplevel() on ptolemy.moml.MoMLSimpleApplication@2024a5dc
reloadAllAccessors: .TerminationTransition3

===========================================================================================
----------------- testing Sun Sep 16 02:11:59 UTC 2018 /home/travis/build/icyphy/ptII/ptolemy/domains/modal/test/auto/TerminationTransition4.xml
----------------- Instantiating /home/travis/build/icyphy/ptII/ptolemy/domains/modal/test/auto/TerminationTransition4.xml
7 ms. Memory: 869888K Free: 135047K (16%)
----------------- Invoking toplevel() on ptolemy.moml.MoMLSimpleApplication@3f7033fc
----------------- Done invoking toplevel() on ptolemy.moml.MoMLSimpleApplication@3f7033fc
reloadAllAccessors: .TerminationTransition4

===========================================================================================
----------------- testing Sun Sep 16 02:11:59 UTC 2018 /home/travis/build/icyphy/ptII/ptolemy/domains/modal/test/auto/TerminationTransition5.xml
----------------- Instantiating /home/travis/build/icyphy/ptII/ptolemy/domains/modal/test/auto/TerminationTransition5.xml
2 ms. Memory: 869888K Free: 115521K (13%)
----------------- Invoking toplevel() on ptolemy.moml.MoMLSimpleApplication@4760b080
----------------- Done invoking toplevel() on ptolemy.moml.MoMLSimpleApplication@4760b080
reloadAllAccessors: .TerminationTransition5

===========================================================================================
----------------- testing Sun Sep 16 02:11:59 UTC 2018 /home/travis/build/icyphy/ptII/ptolemy/domains/modal/test/auto/TerminationTransition6.xml
----------------- Instantiating /home/travis/build/icyphy/ptII/ptolemy/domains/modal/test/auto/TerminationTransition6.xml
2 ms. Memory: 869888K Free: 97325K (11%)
----------------- Invoking toplevel() on ptolemy.moml.MoMLSimpleApplication@1c212bdd
----------------- Done invoking toplevel() on ptolemy.moml.MoMLSimpleApplication@1c212bdd
reloadAllAccessors: .TerminationTransition6

===========================================================================================
----------------- testing Sun Sep 16 02:11:59 UTC 2018 /home/travis/build/icyphy/ptII/ptolemy/domains/modal/test/auto/TerminationTransition7.xml
----------------- Instantiating /home/travis/build/icyphy/ptII/ptolemy/domains/modal/test/auto/TerminationTransition7.xml
3 ms. Memory: 869888K Free: 81713K (9%)
----------------- Invoking toplevel() on ptolemy.moml.MoMLSimpleApplication@74742b1
----------------- Done invoking toplevel() on ptolemy.moml.MoMLSimpleApplication@74742b1
reloadAllAccessors: .TerminationTransition7

===========================================================================================
----------------- testing Sun Sep 16 02:11:59 UTC 2018 /home/travis/build/icyphy/ptII/ptolemy/domains/modal/test/auto/TerminationTransition8.xml
----------------- Instantiating /home/travis/build/icyphy/ptII/ptolemy/domains/modal/test/auto/TerminationTransition8.xml
2 ms. Memory: 870400K Free: 845333K (97%)
----------------- Invoking toplevel() on ptolemy.moml.MoMLSimpleApplication@23d16da9
----------------- Done invoking toplevel() on ptolemy.moml.MoMLSimpleApplication@23d16da9
reloadAllAccessors: .TerminationTransition8

===========================================================================================
----------------- testing Sun Sep 16 02:11:59 UTC 2018 /home/travis/build/icyphy/ptII/ptolemy/domains/modal/test/auto/Thermostat_NoHysteresis.xml
----------------- Instantiating /home/travis/build/icyphy/ptII/ptolemy/domains/modal/test/auto/Thermostat_NoHysteresis.xml
19 ms. Memory: 870400K Free: 812135K (93%)
----------------- Invoking toplevel() on ptolemy.moml.MoMLSimpleApplication@582fb649
----------------- Done invoking toplevel() on ptolemy.moml.MoMLSimpleApplication@582fb649
reloadAllAccessors: .Thermostat_NoHysteresis

===========================================================================================
----------------- testing Sun Sep 16 02:11:59 UTC 2018 /home/travis/build/icyphy/ptII/ptolemy/domains/modal/test/auto/TimedFSM.xml
----------------- Instantiating /home/travis/build/icyphy/ptII/ptolemy/domains/modal/test/auto/TimedFSM.xml
6 ms. Memory: 870400K Free: 796524K (92%)
----------------- Invoking toplevel() on ptolemy.moml.MoMLSimpleApplication@64ee750c
----------------- Done invoking toplevel() on ptolemy.moml.MoMLSimpleApplication@64ee750c
reloadAllAccessors: .TimedFSM

===========================================================================================
----------------- testing Sun Sep 16 02:11:59 UTC 2018 /home/travis/build/icyphy/ptII/ptolemy/domains/modal/test/auto/Timeout1.xml
----------------- Instantiating /home/travis/build/icyphy/ptII/ptolemy/domains/modal/test/auto/Timeout1.xml
3 ms. Memory: 870400K Free: 784250K (90%)
----------------- Invoking toplevel() on ptolemy.moml.MoMLSimpleApplication@703e5ef8
----------------- Done invoking toplevel() on ptolemy.moml.MoMLSimpleApplication@703e5ef8
reloadAllAccessors: .Timeout1

===========================================================================================
----------------- testing Sun Sep 16 02:11:59 UTC 2018 /home/travis/build/icyphy/ptII/ptolemy/domains/modal/test/auto/Timeout2.xml
----------------- Instantiating /home/travis/build/icyphy/ptII/ptolemy/domains/modal/test/auto/Timeout2.xml
5 ms. Memory: 870400K Free: 768638K (88%)
----------------- Invoking toplevel() on ptolemy.moml.MoMLSimpleApplication@564f27ac
----------------- Done invoking toplevel() on ptolemy.moml.MoMLSimpleApplication@564f27ac
reloadAllAccessors: .Timeout2

===========================================================================================
----------------- testing Sun Sep 16 02:11:59 UTC 2018 /home/travis/build/icyphy/ptII/ptolemy/domains/modal/test/auto/Timeout3.xml
----------------- Instantiating /home/travis/build/icyphy/ptII/ptolemy/domains/modal/test/auto/Timeout3.xml
7 ms. Memory: 870400K Free: 756364K (87%)
----------------- Invoking toplevel() on ptolemy.moml.MoMLSimpleApplication@25898d06
----------------- Done invoking toplevel() on ptolemy.moml.MoMLSimpleApplication@25898d06
reloadAllAccessors: .Timeout3

===========================================================================================
----------------- testing Sun Sep 16 02:11:59 UTC 2018 /home/travis/build/icyphy/ptII/ptolemy/domains/modal/test/auto/Timeout4.xml
----------------- Instantiating /home/travis/build/icyphy/ptII/ptolemy/domains/modal/test/auto/Timeout4.xml
2 ms. Memory: 870400K Free: 745967K (86%)
----------------- Invoking toplevel() on ptolemy.moml.MoMLSimpleApplication@73ba2c46
----------------- Done invoking toplevel() on ptolemy.moml.MoMLSimpleApplication@73ba2c46
reloadAllAccessors: .Timeout4

===========================================================================================
----------------- testing Sun Sep 16 02:11:59 UTC 2018 /home/travis/build/icyphy/ptII/ptolemy/domains/modal/test/auto/TransientstateModelAdvanced.xml
----------------- Instantiating /home/travis/build/icyphy/ptII/ptolemy/domains/modal/test/auto/TransientstateModelAdvanced.xml
3 ms. Memory: 870400K Free: 723280K (83%)
----------------- Invoking toplevel() on ptolemy.moml.MoMLSimpleApplication@3b78c394
----------------- Done invoking toplevel() on ptolemy.moml.MoMLSimpleApplication@3b78c394
reloadAllAccessors: .TransientstateModelAdvanced

===========================================================================================
----------------- testing Sun Sep 16 02:11:59 UTC 2018 /home/travis/build/icyphy/ptII/ptolemy/domains/modal/test/auto/TransientstateModelAdvanced2.xml
----------------- Instantiating /home/travis/build/icyphy/ptII/ptolemy/domains/modal/test/auto/TransientstateModelAdvanced2.xml
3 ms. Memory: 870400K Free: 702470K (81%)
----------------- Invoking toplevel() on ptolemy.moml.MoMLSimpleApplication@2f3c8a49
----------------- Done invoking toplevel() on ptolemy.moml.MoMLSimpleApplication@2f3c8a49
reloadAllAccessors: .transientstatemodelAdvanced

===========================================================================================
----------------- testing Sun Sep 16 02:11:59 UTC 2018 /home/travis/build/icyphy/ptII/ptolemy/domains/modal/test/auto/TransitionRefinements.xml
----------------- Instantiating /home/travis/build/icyphy/ptII/ptolemy/domains/modal/test/auto/TransitionRefinements.xml
10 ms. Memory: 870400K Free: 684981K (79%)
----------------- Invoking toplevel() on ptolemy.moml.MoMLSimpleApplication@3e29c0db
----------------- Done invoking toplevel() on ptolemy.moml.MoMLSimpleApplication@3e29c0db
reloadAllAccessors: .TransitionRefinements

===========================================================================================
----------------- testing Sun Sep 16 02:11:59 UTC 2018 /home/travis/build/icyphy/ptII/ptolemy/domains/modal/test/auto/TwoRefinements1.xml
----------------- Instantiating /home/travis/build/icyphy/ptII/ptolemy/domains/modal/test/auto/TwoRefinements1.xml
2 ms. Memory: 870400K Free: 669369K (77%)
----------------- Invoking toplevel() on ptolemy.moml.MoMLSimpleApplication@50705fb8
----------------- Done invoking toplevel() on ptolemy.moml.MoMLSimpleApplication@50705fb8
reloadAllAccessors: .TwoRefinements1

===========================================================================================
----------------- testing Sun Sep 16 02:11:59 UTC 2018 /home/travis/build/icyphy/ptII/ptolemy/domains/modal/test/auto/TwoRefinements2.xml
----------------- Instantiating /home/travis/build/icyphy/ptII/ptolemy/domains/modal/test/auto/TwoRefinements2.xml
2 ms. Memory: 870400K Free: 651881K (75%)
----------------- Invoking toplevel() on ptolemy.moml.MoMLSimpleApplication@564b0f0b
----------------- Done invoking toplevel() on ptolemy.moml.MoMLSimpleApplication@564b0f0b
reloadAllAccessors: .TwoRefinements2

===========================================================================================
----------------- testing Sun Sep 16 02:11:59 UTC 2018 /home/travis/build/icyphy/ptII/ptolemy/domains/modal/test/auto/WeakImmediateTransition.xml
----------------- Instantiating /home/travis/build/icyphy/ptII/ptolemy/domains/modal/test/auto/WeakImmediateTransition.xml
2 ms. Memory: 870400K Free: 636269K (73%)
----------------- Invoking toplevel() on ptolemy.moml.MoMLSimpleApplication@7d37909b
----------------- Done invoking toplevel() on ptolemy.moml.MoMLSimpleApplication@7d37909b
reloadAllAccessors: .WeakImmediateTransition

===========================================================================================
----------------- testing Sun Sep 16 02:11:59 UTC 2018 /home/travis/build/icyphy/ptII/ptolemy/domains/modal/test/auto/booleanSelect.xml
----------------- Instantiating /home/travis/build/icyphy/ptII/ptolemy/domains/modal/test/auto/booleanSelect.xml
45 ms. Memory: 870400K Free: 608359K (70%)
----------------- Invoking toplevel() on ptolemy.moml.MoMLSimpleApplication@203ce15b
----------------- Done invoking toplevel() on ptolemy.moml.MoMLSimpleApplication@203ce15b
reloadAllAccessors: .booleanSelect

===========================================================================================
----------------- testing Sun Sep 16 02:11:59 UTC 2018 /home/travis/build/icyphy/ptII/ptolemy/domains/modal/test/auto/modalChangingParams.xml
----------------- Instantiating /home/travis/build/icyphy/ptII/ptolemy/domains/modal/test/auto/modalChangingParams.xml
0
1
0
2
4
6
8
7
0
2
4
6
8
13
0
2
4
6
8
19
0
2
4
6
8
25
0
2
4
6
8
31
0
2
4
6
8
37
0
2
4
6
8
43
0
2
4
6
8
49
0
2
4
6
8
55
0
2
4
6
8
61
0
2
4
6
8
67
0
2
4
6
8
73
0
2
4
6
8
79
0
2
4
6
8
85
0
2
4
6
8
91
0
2
4
6
8
97
0
2
4
6
8
103
0
2
4
6
8
109
0
2
4
6
8
115
0
2
4
6
8
121
0
2
4
6
8
127
0
2
4
6
8
133
0
2
4
6
8
139
0
2
4
6
8
145
0
2
4
6
8
151
0
2
4
6
8
157
0
2
4
6
8
163
0
2
4
6
8
169
0
2
4
6
8
175
0
2
4
6
8
181
0
2
4
6
8
187
0
2
4
6
8
193
0
2
4
6
8
199
0
2
4
6
8
205
0
2
4
6
8
211
0
2
4
6
8
217
0
2
4
6
8
223
0
2
4
6
8
229
0
2
4
6
8
235
0
2
4
6
8
241
0
2
4
6
8
247
0
2
4
6
8
253
0
2
4
6
8
259
0
2
4
6
8
265
0
2
4
6
8
271
0
2
4
6
8
277
0
2
4
6
8
283
0
2
4
6
8
289
0
2
4
6
8
295
0
2
4
6
8
301
0
2
4
6
8
307
0
2
4
6
8
313
0
2
4
6
8
319
0
2
4
6
8
325
0
2
4
6
8
331
0
2
4
6
8
337
0
2
4
6
8
343
0
2
4
6
8
349
0
2
4
6
8
355
0
2
4
6
8
361
0
2
4
6
8
367
0
2
4
6
8
373
0
2
4
6
8
379
0
2
4
6
8
385
0
2
4
6
8
391
0
2
4
6
8
397
0
2
4
6
8
403
0
2
4
6
8
409
0
2
4
6
8
415
0
2
4
6
8
421
0
2
4
6
8
427
0
2
4
6
8
433
0
2
4
6
8
439
0
2
4
6
8
445
0
2
4
6
8
451
0
2
4
6
8
457
0
2
4
6
8
463
0
2
4
6
8
469
0
2
4
6
8
475
0
2
4
6
8
481
0
2
4
6
8
487
0
2
4
6
8
493
0
2
4
6
8
499
0
2
4
6
8
505
0
2
4
6
8
511
0
2
4
6
8
517
0
2
4
6
8
523
0
2
4
6
8
529
0
2
4
6
8
535
0
2
4
6
8
541
0
2
4
6
8
547
0
2
4
6
8
553
0
2
4
6
8
559
0
2
4
6
8
565
0
2
4
6
8
571
0
2
4
6
8
577
0
2
4
6
8
583
0
2
4
6
8
589
0
2
4
6
8
595
0
2
4
6
8
601
0
2
4
6
8
607
0
2
4
6
8
613
0
2
4
6
8
619
0
2
4
6
8
625
0
2
4
6
8
631
0
2
4
6
8
637
0
2
4
6
8
643
0
2
4
6
8
649
0
2
4
6
8
655
0
2
4
6
8
661
0
2
4
6
8
667
0
2
4
6
8
673
0
2
4
6
8
679
0
2
4
6
8
685
0
2
4
6
8
691
0
2
4
6
8
697
0
2
4
6
8
703
0
2
4
6
8
709
0
2
4
6
8
715
0
2
4
6
8
721
0
2
4
6
8
727
0
2
4
6
8
733
0
2
4
6
8
739
0
2
4
6
8
745
0
2
4
6
8
751
0
2
4
6
8
757
0
2
4
6
8
763
0
2
4
6
8
769
0
2
4
6
8
775
0
2
4
6
8
781
0
2
4
6
8
787
0
2
4
6
8
793
0
2
4
6
8
799
0
2
4
6
8
805
0
2
4
6
8
811
0
2
4
6
8
817
0
2
4
6
8
823
0
2
4
6
8
829
0
2
4
6
8
835
0
2
4
6
8
841
0
2
4
6
8
847
0
2
4
6
8
853
0
2
4
6
8
859
0
2
4
6
8
865
0
2
4
6
8
871
0
2
4
6
8
877
0
2
4
6
8
883
0
2
4
6
8
889
0
2
4
6
8
895
0
2
4
6
8
901
0
2
4
6
8
907
0
2
4
6
8
913
0
2
4
6
8
919
0
2
4
6
8
925
0
2
4
6
8
931
0
2
4
6
8
937
0
2
4
6
8
943
0
2
4
6
8
949
0
2
4
6
8
955
0
2
4
6
8
961
0
2
4
6
8
967
0
2
4
6
8
973
0
2
4
6
8
979
0
2
4
6
8
985
0
2
4
6
8
991
0
2
4
6
8
997
0
2
208 ms. Memory: 870400K Free: 488633K (56%)
----------------- Invoking toplevel() on ptolemy.moml.MoMLSimpleApplication@75749fb8
----------------- Done invoking toplevel() on ptolemy.moml.MoMLSimpleApplication@75749fb8
reloadAllAccessors: .modalChangingParams

===========================================================================================
----------------- testing Sun Sep 16 02:12:00 UTC 2018 /home/travis/build/icyphy/ptII/ptolemy/domains/modal/test/auto/modalModel.xml
----------------- Instantiating /home/travis/build/icyphy/ptII/ptolemy/domains/modal/test/auto/modalModel.xml
4 ms. Memory: 870400K Free: 471145K (54%)
----------------- Invoking toplevel() on ptolemy.moml.MoMLSimpleApplication@65dacf66
----------------- Done invoking toplevel() on ptolemy.moml.MoMLSimpleApplication@65dacf66
reloadAllAccessors: .modalModel

===========================================================================================
----------------- testing Sun Sep 16 02:12:00 UTC 2018 /home/travis/build/icyphy/ptII/ptolemy/domains/modal/test/auto/modalModel2.xml
----------------- Instantiating /home/travis/build/icyphy/ptII/ptolemy/domains/modal/test/auto/modalModel2.xml
12 ms. Memory: 870400K Free: 455533K (52%)
----------------- Invoking toplevel() on ptolemy.moml.MoMLSimpleApplication@2e733d29
----------------- Done invoking toplevel() on ptolemy.moml.MoMLSimpleApplication@2e733d29
reloadAllAccessors: .modalModel2

===========================================================================================
----------------- testing Sun Sep 16 02:12:00 UTC 2018 /home/travis/build/icyphy/ptII/ptolemy/domains/modal/test/auto/modalModel3.xml
----------------- Instantiating /home/travis/build/icyphy/ptII/ptolemy/domains/modal/test/auto/modalModel3.xml
0	0	0
1	0	1
4	2	2
7	4	3
10	6	4
5	0	5
8	2	6
11	4	7
14	6	8
9	0	9
12	2	10
15	4	11
18	6	12
13	0	13
16	2	14
12 ms. Memory: 870400K Free: 434723K (50%)
----------------- Invoking toplevel() on ptolemy.moml.MoMLSimpleApplication@704d75c4
----------------- Done invoking toplevel() on ptolemy.moml.MoMLSimpleApplication@704d75c4
reloadAllAccessors: .modalModel3

===========================================================================================
----------------- testing Sun Sep 16 02:12:00 UTC 2018 /home/travis/build/icyphy/ptII/ptolemy/domains/modal/test/auto/model1.xml
----------------- Instantiating /home/travis/build/icyphy/ptII/ptolemy/domains/modal/test/auto/model1.xml
10 ms. Memory: 870400K Free: 422449K (49%)
----------------- Invoking toplevel() on ptolemy.moml.MoMLSimpleApplication@69c1796f
----------------- Done invoking toplevel() on ptolemy.moml.MoMLSimpleApplication@69c1796f
reloadAllAccessors: .model1

===========================================================================================
----------------- testing Sun Sep 16 02:12:00 UTC 2018 /home/travis/build/icyphy/ptII/ptolemy/domains/modal/test/auto/test-direct-in-out.xml
----------------- Instantiating /home/travis/build/icyphy/ptII/ptolemy/domains/modal/test/auto/test-direct-in-out.xml
4 ms. Memory: 870400K Free: 406837K (47%)
----------------- Invoking toplevel() on ptolemy.moml.MoMLSimpleApplication@6bf5a84d
----------------- Done invoking toplevel() on ptolemy.moml.MoMLSimpleApplication@6bf5a84d
reloadAllAccessors: .test-direct-in-out
AutoTests.java: About to close Vertx.
AutoTests.java: Vertx closed.
]]></system-out>
  <system-err><![CDATA[java.lang.RuntimeException: Execution failed
	at ptolemy.moml.MoMLSimpleApplication$UnloadThread.run(MoMLSimpleApplication.java:402)
Caused by: ptolemy.kernel.util.IllegalActionException: Unknown inputs remain. Possible causality loop:
L_model_1893289564i

  in .CannotAnalysisWithPreemption.model_1893289564_region_1 and .CannotAnalysisWithPreemption.model_1893289564_region_1.L_model_1893289564i
	at ptolemy.actor.sched.FixedPointDirector.postfire(FixedPointDirector.java:515)
	at ptolemy.domains.sr.kernel.SRDirector.postfire(SRDirector.java:417)
	at ptolemy.actor.CompositeActor.postfire(CompositeActor.java:1668)
	at ptolemy.actor.Manager.iterate(Manager.java:852)
	at ptolemy.actor.Manager.execute(Manager.java:369)
	at ptolemy.actor.Manager.run(Manager.java:1263)
	at ptolemy.actor.Manager$PtolemyRunThread.run(Manager.java:1915)
java.lang.reflect.InvocationTargetException
	at sun.reflect.NativeConstructorAccessorImpl.newInstance0(Native Method)
	at sun.reflect.NativeConstructorAccessorImpl.newInstance(NativeConstructorAccessorImpl.java:62)
	at sun.reflect.DelegatingConstructorAccessorImpl.newInstance(DelegatingConstructorAccessorImpl.java:45)
	at java.lang.reflect.Constructor.newInstance(Constructor.java:423)
	at ptolemy.util.test.junit.AutoKnownFailedTests.RunModel(AutoKnownFailedTests.java:107)
	at sun.reflect.NativeMethodAccessorImpl.invoke0(Native Method)
	at sun.reflect.NativeMethodAccessorImpl.invoke(NativeMethodAccessorImpl.java:62)
	at sun.reflect.DelegatingMethodAccessorImpl.invoke(DelegatingMethodAccessorImpl.java:43)
	at java.lang.reflect.Method.invoke(Method.java:498)
	at org.junit.runners.model.FrameworkMethod$1.runReflectiveCall(FrameworkMethod.java:44)
	at org.junit.internal.runners.model.ReflectiveCallable.run(ReflectiveCallable.java:15)
	at org.junit.runners.model.FrameworkMethod.invokeExplosively(FrameworkMethod.java:41)
	at junitparams.internal.InvokeParameterisedMethod.evaluate(InvokeParameterisedMethod.java:102)
	at org.junit.internal.runners.statements.FailOnTimeout$1.run(FailOnTimeout.java:28)
Caused by: ptolemy.kernel.util.IllegalActionException: Unknown inputs remain. Possible causality loop:
L_model_1893289564i

  in .CannotAnalysisWithPreemption.model_1893289564_region_1 and .CannotAnalysisWithPreemption.model_1893289564_region_1.L_model_1893289564i
	at ptolemy.actor.sched.FixedPointDirector.postfire(FixedPointDirector.java:515)
	at ptolemy.domains.sr.kernel.SRDirector.postfire(SRDirector.java:417)
	at ptolemy.actor.CompositeActor.postfire(CompositeActor.java:1668)
	at ptolemy.actor.Manager.iterate(Manager.java:852)
	at ptolemy.actor.Manager.execute(Manager.java:369)
	at ptolemy.actor.Manager.run(Manager.java:1263)
	at ptolemy.actor.Manager$PtolemyRunThread.run(Manager.java:1915)
]]></system-err>
</testsuite>
