<?xml version="1.0" encoding="UTF-8" ?>
<testsuite errors="0" failures="0" hostname="travis-job-c14eb655-e959-4d3b-b2ce-72d8eb1be98e" name="ptolemy.vergil.basic.export.test.junit.ExportModelJUnitTestBatch7" skipped="0" tests="65" time="844.739" timestamp="2018-08-22T02:41:54">
  <properties>
[...]
</properties>
  <testcase classname="ptolemy.vergil.basic.export.test.junit.ExportModelJUnitTestBatch7" name="[0] ptolemy/domains/sdf/demo/Type/Type.xml (RunExportModel)" time="7.756" />
  <testcase classname="ptolemy.vergil.basic.export.test.junit.ExportModelJUnitTestBatch7" name="[1] ptolemy/domains/sdf/optimize/demo/SDFOptimize/SDFOptimize.xml (RunExportModel)" time="4.636" />
  <testcase classname="ptolemy.vergil.basic.export.test.junit.ExportModelJUnitTestBatch7" name="[2] ptolemy/domains/sequence/demo/HelloWorld/HelloWorld.xml (RunExportModel)" time="4.488" />
  <testcase classname="ptolemy.vergil.basic.export.test.junit.ExportModelJUnitTestBatch7" name="[3] ptolemy/domains/sequence/demo/SequencedActors/SequencedActors.xml (RunExportModel)" time="3.384" />
  <testcase classname="ptolemy.vergil.basic.export.test.junit.ExportModelJUnitTestBatch7" name="[4] ptolemy/domains/sequence/demo/SequencedActors/SequencedIntegratorMultipleInstances.xml (RunExportModel)" time="4.4" />
  <testcase classname="ptolemy.vergil.basic.export.test.junit.ExportModelJUnitTestBatch7" name="[5] ptolemy/domains/sequence/demo/SequencedActors/SequencedVariableMultipleInstances.xml (RunExportModel)" time="4.347" />
  <testcase classname="ptolemy.vergil.basic.export.test.junit.ExportModelJUnitTestBatch7" name="[6] ptolemy/domains/sequence/demo/Visual/Visual.xml (RunExportModel)" time="4.348" />
  <testcase classname="ptolemy.vergil.basic.export.test.junit.ExportModelJUnitTestBatch7" name="[7] ptolemy/domains/space/demo/DOPCenter/DOPCenter.xml (RunExportModel)" time="6.427" />
  <testcase classname="ptolemy.vergil.basic.export.test.junit.ExportModelJUnitTestBatch7" name="[8] ptolemy/domains/space/demo/DOPCenter/Placard.xml (RunExportModel)" time="7.234" />
  <testcase classname="ptolemy.vergil.basic.export.test.junit.ExportModelJUnitTestBatch7" name="[9] ptolemy/domains/sr/demo/FeedbackLoop/FeedbackLoop.xml (RunExportModel)" time="4.368" />
  <testcase classname="ptolemy.vergil.basic.export.test.junit.ExportModelJUnitTestBatch7" name="[10] ptolemy/domains/sr/demo/GuardedCount/GuardedCount.xml (RunExportModel)" time="4.504" />
  <testcase classname="ptolemy.vergil.basic.export.test.junit.ExportModelJUnitTestBatch7" name="[11] ptolemy/domains/sr/demo/GuardedCount/GuardedCountTimed.xml (RunExportModel)" time="4.462" />
  <testcase classname="ptolemy.vergil.basic.export.test.junit.ExportModelJUnitTestBatch7" name="[12] ptolemy/domains/sr/demo/TokenRing/TokenRing.xml (RunExportModel)" time="4.75" />
  <testcase classname="ptolemy.vergil.basic.export.test.junit.ExportModelJUnitTestBatch7" name="[13] ptolemy/domains/sr/demo/TrafficLight/TrafficLight.xml (RunExportModel)" time="34.788" />
  <testcase classname="ptolemy.vergil.basic.export.test.junit.ExportModelJUnitTestBatch7" name="[14] ptolemy/domains/sr/demo/TrafficLight/WirelessDeployment.xml (RunExportModel)" time="36.076" />
  <testcase classname="ptolemy.vergil.basic.export.test.junit.ExportModelJUnitTestBatch7" name="[15] ptolemy/domains/taskpt/demo/SharedMemory/SharedMemory.xml (RunExportModel)" time="4.312" />
  <testcase classname="ptolemy.vergil.basic.export.test.junit.ExportModelJUnitTestBatch7" name="[16] ptolemy/domains/taskpt/demo/Task/Task.xml (RunExportModel)" time="4.287" />
  <testcase classname="ptolemy.vergil.basic.export.test.junit.ExportModelJUnitTestBatch7" name="[17] ptolemy/domains/tcs/demo/TCS/TCS.xml (RunExportModel)" time="35.524" />
  <testcase classname="ptolemy.vergil.basic.export.test.junit.ExportModelJUnitTestBatch7" name="[18] ptolemy/domains/tm/demo/Controllers/Controllers.xml (RunExportModel)" time="6.549" />
  <testcase classname="ptolemy.vergil.basic.export.test.junit.ExportModelJUnitTestBatch7" name="[19] ptolemy/domains/tm/demo/FFT/FFT.xml (RunExportModel)" time="14.409" />
  <testcase classname="ptolemy.vergil.basic.export.test.junit.ExportModelJUnitTestBatch7" name="[20] ptolemy/domains/tm/demo/MergedEvents/MergedEvents.xml (RunExportModel)" time="34.334" />
  <testcase classname="ptolemy.vergil.basic.export.test.junit.ExportModelJUnitTestBatch7" name="[21] ptolemy/domains/tm/demo/SimpleTasks/SimpleTasks.xml (RunExportModel)" time="4.178" />
  <testcase classname="ptolemy.vergil.basic.export.test.junit.ExportModelJUnitTestBatch7" name="[22] ptolemy/domains/wireless/demo/AntennaPattern/AntennaGainTest.xml (RunExportModel)" time="4.92" />
  <testcase classname="ptolemy.vergil.basic.export.test.junit.ExportModelJUnitTestBatch7" name="[23] ptolemy/domains/wireless/demo/AntennaPattern/AntennaModel.xml (RunExportModel)" time="3.334" />
  <testcase classname="ptolemy.vergil.basic.export.test.junit.ExportModelJUnitTestBatch7" name="[24] ptolemy/domains/wireless/demo/AntennaPattern/AntennaPattern.xml (RunExportModel)" time="3.148" />
  <testcase classname="ptolemy.vergil.basic.export.test.junit.ExportModelJUnitTestBatch7" name="[25] ptolemy/domains/wireless/demo/AntennaPattern/ReceiveAntennaPattern.xml (RunExportModel)" time="3.704" />
  <testcase classname="ptolemy.vergil.basic.export.test.junit.ExportModelJUnitTestBatch7" name="[26] ptolemy/domains/wireless/demo/AntennaPattern/TransmitAntennaPattern.xml (RunExportModel)" time="3.697" />
  <testcase classname="ptolemy.vergil.basic.export.test.junit.ExportModelJUnitTestBatch7" name="[27] ptolemy/domains/wireless/demo/CircularRange/CircularRange.xml (RunExportModel)" time="34.375" />
  <testcase classname="ptolemy.vergil.basic.export.test.junit.ExportModelJUnitTestBatch7" name="[28] ptolemy/domains/wireless/demo/Collisions/Collisions.xml (RunExportModel)" time="24.678" />
  <testcase classname="ptolemy.vergil.basic.export.test.junit.ExportModelJUnitTestBatch7" name="[29] ptolemy/domains/wireless/demo/Collisions/CollisionsDeterministic.xml (RunExportModel)" time="4.578" />
  <testcase classname="ptolemy.vergil.basic.export.test.junit.ExportModelJUnitTestBatch7" name="[30] ptolemy/domains/wireless/demo/EvaderAndPursuer/EvaderAndPursuer.xml (RunExportModel)" time="34.667" />
  <testcase classname="ptolemy.vergil.basic.export.test.junit.ExportModelJUnitTestBatch7" name="[31] ptolemy/domains/wireless/demo/Intersections/Intersections.xml (RunExportModel)" time="71.703" />
  <testcase classname="ptolemy.vergil.basic.export.test.junit.ExportModelJUnitTestBatch7" name="[32] ptolemy/domains/wireless/demo/LinkVisualizer/LinkVisualizer.xml (RunExportModel)" time="24.312" />
  <testcase classname="ptolemy.vergil.basic.export.test.junit.ExportModelJUnitTestBatch7" name="[33] ptolemy/domains/wireless/demo/MatlabWirelessSoundDetection/MatlabWirelessSoundDetection.xml (RunExportModel)" time="3.361" />
  <testcase classname="ptolemy.vergil.basic.export.test.junit.ExportModelJUnitTestBatch7" name="[34] ptolemy/domains/wireless/demo/PowerVariability/PowerVariability.xml (RunExportModel)" time="29.332" />
  <testcase classname="ptolemy.vergil.basic.export.test.junit.ExportModelJUnitTestBatch7" name="[35] ptolemy/domains/wireless/demo/SmallWorld/SmallWorld.xml (RunExportModel)" time="5.176" />
  <testcase classname="ptolemy.vergil.basic.export.test.junit.ExportModelJUnitTestBatch7" name="[36] ptolemy/domains/wireless/demo/SmartParking/SmartParking.xml (RunExportModel)" time="34.933" />
  <testcase classname="ptolemy.vergil.basic.export.test.junit.ExportModelJUnitTestBatch7" name="[37] ptolemy/domains/wireless/demo/TerrainModel/TerrainModel.xml (RunExportModel)" time="34.25" />
  <testcase classname="ptolemy.vergil.basic.export.test.junit.ExportModelJUnitTestBatch7" name="[38] ptolemy/domains/wireless/demo/WirelessSoundDetection/WirelessSoundDetection.xml (RunExportModel)" time="34.233" />
  <testcase classname="ptolemy.vergil.basic.export.test.junit.ExportModelJUnitTestBatch7" name="[39] ptolemy/domains/wireless/demo/Zigbee/Zigbee.xml (RunExportModel)" time="35.006" />
  <testcase classname="ptolemy.vergil.basic.export.test.junit.ExportModelJUnitTestBatch7" name="[40] ptolemy/matlab/demo/MatlabContinuous/MatlabContinuous.xml (RunExportModel)" time="3.157" />
  <testcase classname="ptolemy.vergil.basic.export.test.junit.ExportModelJUnitTestBatch7" name="[41] ptolemy/matlab/demo/MatlabExpression/MatlabExpression.xml (RunExportModel)" time="3.153" />
  <testcase classname="ptolemy.vergil.basic.export.test.junit.ExportModelJUnitTestBatch7" name="[42] ptolemy/moml/demo/Networked/Networked.xml (RunExportModel)" time="5.924" />
  <testcase classname="ptolemy.vergil.basic.export.test.junit.ExportModelJUnitTestBatch7" name="[43] ptolemy/vergil/basic/export/html/demo/ExportExamples/ExportExample1.xml (RunExportModel)" time="3.268" />
  <testcase classname="ptolemy.vergil.basic.export.test.junit.ExportModelJUnitTestBatch7" name="[44] ptolemy/vergil/basic/export/html/demo/ExportExamples/ExportExample2.xml (RunExportModel)" time="4.249" />
  <testcase classname="ptolemy.vergil.basic.export.test.junit.ExportModelJUnitTestBatch7" name="[45] ptolemy/vergil/basic/export/html/demo/ExportExamples/ExportExample3.xml (RunExportModel)" time="3.361" />
  <testcase classname="ptolemy.vergil.basic.export.test.junit.ExportModelJUnitTestBatch7" name="[46] ptolemy/vergil/basic/export/html/demo/ExportExamples/ExportExample4.xml (RunExportModel)" time="3.194" />
  <testcase classname="ptolemy.vergil.basic.export.test.junit.ExportModelJUnitTestBatch7" name="[47] ptolemy/vergil/basic/export/html/demo/ExportExamples/ExportExample5.xml (RunExportModel)" time="4.265" />
  <testcase classname="ptolemy.vergil.basic.export.test.junit.ExportModelJUnitTestBatch7" name="[48] ptolemy/vergil/basic/export/html/demo/ExportExamples/ExportExamples.xml (RunExportModel)" time="3.206" />
  <testcase classname="ptolemy.vergil.basic.export.test.junit.ExportModelJUnitTestBatch7" name="[49] ptolemy/vergil/basic/export/html/demo/PageAssembler/PageAssembler.xml (RunExportModel)" time="3.206" />
  <testcase classname="ptolemy.vergil.basic.export.test.junit.ExportModelJUnitTestBatch7" name="[50] ptolemy/vergil/basic/imprt/g4ltl/demo/Arbitor/Arbitor.xml (RunExportModel)" time="3.221" />
  <testcase classname="ptolemy.vergil.basic.export.test.junit.ExportModelJUnitTestBatch7" name="[51] ptolemy/vergil/basic/imprt/g4ltl/demo/AutomaticDoor/AutomaticDoor.xml (RunExportModel)" time="3.185" />
  <testcase classname="ptolemy.vergil.basic.export.test.junit.ExportModelJUnitTestBatch7" name="[52] ptolemy/vergil/basic/imprt/g4ltl/demo/ErrorHandling/ErrorHandling.xml (RunExportModel)" time="3.29" />
  <testcase classname="ptolemy.vergil.basic.export.test.junit.ExportModelJUnitTestBatch7" name="[53] ptolemy/vergil/basic/imprt/g4ltl/demo/ErrorHandling/ErrorHandlingSynthesized.xml (RunExportModel)" time="3.702" />
  <testcase classname="ptolemy.vergil.basic.export.test.junit.ExportModelJUnitTestBatch7" name="[54] ptolemy/vergil/basic/imprt/g4ltl/demo/HydraulicRamp/HydraulicRamp.xml (RunExportModel)" time="3.137" />
  <testcase classname="ptolemy.vergil.basic.export.test.junit.ExportModelJUnitTestBatch7" name="[55] ptolemy/vergil/basic/imprt/g4ltl/demo/Numerical/Numerical.xml (RunExportModel)" time="3.415" />
  <testcase classname="ptolemy.vergil.basic.export.test.junit.ExportModelJUnitTestBatch7" name="[56] ptolemy/vergil/basic/imprt/g4ltl/demo/PriorityArbitor/PriorityArbitor.xml (RunExportModel)" time="3.144" />
  <testcase classname="ptolemy.vergil.basic.export.test.junit.ExportModelJUnitTestBatch7" name="[57] ptolemy/vergil/kernel/attributes/demo/AnimateVergil/AnimateVergil.xml (RunExportModel)" time="6.153" />
  <testcase classname="ptolemy.vergil.basic.export.test.junit.ExportModelJUnitTestBatch7" name="[58] ptolemy/verification/demo/iRobotHillClimbing/iRobotCreateVerification.xml (RunExportModel)" time="4.653" />
  <testcase classname="ptolemy.vergil.basic.export.test.junit.ExportModelJUnitTestBatch7" name="[59] ptolemy/verification/demo/RailroadControl/RailroadControl.xml (RunExportModel)" time="34.26" />
  <testcase classname="ptolemy.vergil.basic.export.test.junit.ExportModelJUnitTestBatch7" name="[60] ptolemy/verification/demo/SimpleTrafficLight/SimpleTrafficLight.xml (RunExportModel)" time="34.213" />
  <testcase classname="ptolemy.vergil.basic.export.test.junit.ExportModelJUnitTestBatch7" name="[61] ptolemy/verification/demo/SimpleTrafficLight/SimpleTrafficLightDECTA.xml (RunExportModel)" time="34.271" />
  <testcase classname="ptolemy.vergil.basic.export.test.junit.ExportModelJUnitTestBatch7" name="[62] ptolemy/verification/demo/SimpleTrafficLight/SimpleTrafficLightGraphicalSpec.xml (RunExportModel)" time="34.274" />
  <testcase classname="ptolemy.vergil.basic.export.test.junit.ExportModelJUnitTestBatch7" name="[63] ptolemy/verification/demo/SimpleTrafficLight/SimpleTrafficLightRTMaudeCG.xml (RunExportModel)" time="4.367" />
  <testcase classname="ptolemy.vergil.basic.export.test.junit.ExportModelJUnitTestBatch7" name="[64] ptolemy/verification/demo/SimpleTrafficLight/SimpleTrafficLightSMVModule.xml (RunExportModel)" time="3.241" />
  <system-out><![CDATA[ExportModeJUnitTestBatch: There are 756 demos. Exporting demos: 691 to 830.
ExportModeJUnitTestBatch: There are 756 demos, which is less than the end index 691. Setting the end index to 755
####### 1 Wed Aug 22 02:41:54 UTC 2018 $PTII/bin/ptinvoke ptolemy.vergil.basic.export.ExportModel -force htm -run -openComposites -timeOut 30000 -whiteBackground ptolemy/domains/sdf/demo/Type/Type.xml $PTII/ptolemy/domains/sdf/demo/Type/Type
Running .Type
325 ms. Memory: 176640K Free: 117277K (66%)
Exported /home/travis/build/icyphy/ptII/ptolemy/domains/sdf/demo/Type/Type/index.html
7746 ms. Memory: 176640K Free: 67979K (38%)
####### 2 Wed Aug 22 02:42:01 UTC 2018 $PTII/bin/ptinvoke ptolemy.vergil.basic.export.ExportModel -force htm -run -openComposites -timeOut 30000 -whiteBackground ptolemy/domains/sdf/optimize/demo/SDFOptimize/SDFOptimize.xml $PTII/ptolemy/domains/sdf/optimize/demo/SDFOptimize/SDFOptimize
Running .SDFOptimize
56 ms. Memory: 176640K Free: 86508K (49%)
Exported /home/travis/build/icyphy/ptII/ptolemy/domains/sdf/optimize/demo/SDFOptimize/SDFOptimize/index.html
4635 ms. Memory: 176640K Free: 56027K (32%)
####### 3 Wed Aug 22 02:42:06 UTC 2018 $PTII/bin/ptinvoke ptolemy.vergil.basic.export.ExportModel -force htm -run -openComposites -timeOut 30000 -whiteBackground ptolemy/domains/sequence/demo/HelloWorld/HelloWorld.xml $PTII/ptolemy/domains/sequence/demo/HelloWorld/HelloWorld
Running .HelloWorld
36 ms. Memory: 237056K Free: 145532K (61%)
Exported /home/travis/build/icyphy/ptII/ptolemy/domains/sequence/demo/HelloWorld/HelloWorld/index.html
4488 ms. Memory: 237056K Free: 110677K (47%)
####### 4 Wed Aug 22 02:42:10 UTC 2018 $PTII/bin/ptinvoke ptolemy.vergil.basic.export.ExportModel -force htm  -openComposites -timeOut 30000 -whiteBackground ptolemy/domains/sequence/demo/SequencedActors/SequencedActors.xml $PTII/ptolemy/domains/sequence/demo/SequencedActors/SequencedActors
Warning: not running ptolemy/domains/sequence/demo/SequencedActors/SequencedActors.xml. See ptolemy/vergil/basic/export/test/junit/ExportModelJUnitTest.java
Exported /home/travis/build/icyphy/ptII/ptolemy/domains/sequence/demo/SequencedActors/SequencedActors/index.html
3384 ms. Memory: 244224K Free: 178459K (73%)
####### 5 Wed Aug 22 02:42:14 UTC 2018 $PTII/bin/ptinvoke ptolemy.vergil.basic.export.ExportModel -force htm -run -openComposites -timeOut 30000 -whiteBackground ptolemy/domains/sequence/demo/SequencedActors/SequencedIntegratorMultipleInstances.xml $PTII/ptolemy/domains/sequence/demo/SequencedActors/SequencedIntegratorMultipleInstances
Running .SequencedIntegratorMultipleInstances
59 ms. Memory: 244224K Free: 54216K (22%)
Exported /home/travis/build/icyphy/ptII/ptolemy/domains/sequence/demo/SequencedActors/SequencedIntegratorMultipleInstances/index.html
4400 ms. Memory: 313856K Free: 256679K (82%)
####### 6 Wed Aug 22 02:42:18 UTC 2018 $PTII/bin/ptinvoke ptolemy.vergil.basic.export.ExportModel -force htm -run -openComposites -timeOut 30000 -whiteBackground ptolemy/domains/sequence/demo/SequencedActors/SequencedVariableMultipleInstances.xml $PTII/ptolemy/domains/sequence/demo/SequencedActors/SequencedVariableMultipleInstances
Running .SequencedVariableMultipleInstances
33 ms. Memory: 313856K Free: 147871K (47%)
Exported /home/travis/build/icyphy/ptII/ptolemy/domains/sequence/demo/SequencedActors/SequencedVariableMultipleInstances/index.html
4345 ms. Memory: 313856K Free: 126719K (40%)
####### 7 Wed Aug 22 02:42:23 UTC 2018 $PTII/bin/ptinvoke ptolemy.vergil.basic.export.ExportModel -force htm -run -openComposites -timeOut 30000 -whiteBackground ptolemy/domains/sequence/demo/Visual/Visual.xml $PTII/ptolemy/domains/sequence/demo/Visual/Visual
Running .Visual
3 ms. Memory: 313856K Free: 39722K (13%)
Exported /home/travis/build/icyphy/ptII/ptolemy/domains/sequence/demo/Visual/Visual/index.html
4348 ms. Memory: 316928K Free: 258784K (82%)
####### 8 Wed Aug 22 02:42:27 UTC 2018 $PTII/bin/ptinvoke ptolemy.vergil.basic.export.ExportModel -force htm -run -openComposites -timeOut 30000 -whiteBackground ptolemy/domains/space/demo/DOPCenter/DOPCenter.xml $PTII/ptolemy/domains/space/demo/DOPCenter/DOPCenter
Running .DOPCenter
1895 ms. Memory: 316928K Free: 62899K (20%)
Exported /home/travis/build/icyphy/ptII/ptolemy/domains/space/demo/DOPCenter/DOPCenter/index.html
6426 ms. Memory: 361984K Free: 284100K (78%)
####### 9 Wed Aug 22 02:42:33 UTC 2018 $PTII/bin/ptinvoke ptolemy.vergil.basic.export.ExportModel -force htm -run -openComposites -timeOut 30000 -whiteBackground ptolemy/domains/space/demo/DOPCenter/Placard.xml $PTII/ptolemy/domains/space/demo/DOPCenter/Placard
Running .Placard
1940 ms. Memory: 361984K Free: 63125K (17%)
Exported /home/travis/build/icyphy/ptII/ptolemy/domains/space/demo/DOPCenter/Placard/index.html
7233 ms. Memory: 366080K Free: 107250K (29%)
####### 10 Wed Aug 22 02:42:41 UTC 2018 $PTII/bin/ptinvoke ptolemy.vergil.basic.export.ExportModel -force htm -run -openComposites -timeOut 30000 -whiteBackground ptolemy/domains/sr/demo/FeedbackLoop/FeedbackLoop.xml $PTII/ptolemy/domains/sr/demo/FeedbackLoop/FeedbackLoop
Running .FeedbackLoop
66 ms. Memory: 413696K Free: 364117K (88%)
Exported /home/travis/build/icyphy/ptII/ptolemy/domains/sr/demo/FeedbackLoop/FeedbackLoop/index.html
4368 ms. Memory: 413696K Free: 338857K (82%)
####### 11 Wed Aug 22 02:42:45 UTC 2018 $PTII/bin/ptinvoke ptolemy.vergil.basic.export.ExportModel -force htm -run -openComposites -timeOut 30000 -whiteBackground ptolemy/domains/sr/demo/GuardedCount/GuardedCount.xml $PTII/ptolemy/domains/sr/demo/GuardedCount/GuardedCount
Running .GuardedCount
88 ms. Memory: 413696K Free: 207661K (50%)
Exported /home/travis/build/icyphy/ptII/ptolemy/domains/sr/demo/GuardedCount/GuardedCount/index.html
4503 ms. Memory: 413696K Free: 119593K (29%)
####### 12 Wed Aug 22 02:42:50 UTC 2018 $PTII/bin/ptinvoke ptolemy.vergil.basic.export.ExportModel -force htm -run -openComposites -timeOut 30000 -whiteBackground ptolemy/domains/sr/demo/GuardedCount/GuardedCountTimed.xml $PTII/ptolemy/domains/sr/demo/GuardedCount/GuardedCountTimed
Running .GuardedCountTimed
40 ms. Memory: 415744K Free: 340137K (82%)
Exported /home/travis/build/icyphy/ptII/ptolemy/domains/sr/demo/GuardedCount/GuardedCountTimed/index.html
4462 ms. Memory: 415744K Free: 272289K (65%)
####### 13 Wed Aug 22 02:42:54 UTC 2018 $PTII/bin/ptinvoke ptolemy.vergil.basic.export.ExportModel -force htm -run -openComposites -timeOut 30000 -whiteBackground ptolemy/domains/sr/demo/TokenRing/TokenRing.xml $PTII/ptolemy/domains/sr/demo/TokenRing/TokenRing
Running .TokenRing
30 ms. Memory: 473600K Free: 360541K (76%)
Exported /home/travis/build/icyphy/ptII/ptolemy/domains/sr/demo/TokenRing/TokenRing/index.html
4750 ms. Memory: 473600K Free: 280501K (59%)
####### 14 Wed Aug 22 02:42:59 UTC 2018 $PTII/bin/ptinvoke ptolemy.vergil.basic.export.ExportModel -force htm -run -openComposites -timeOut 30000 -whiteBackground ptolemy/domains/sr/demo/TrafficLight/TrafficLight.xml $PTII/ptolemy/domains/sr/demo/TrafficLight/TrafficLight
Running .TrafficLight
ExportHTMLTimer went off after 30000 ms., calling getDirector().finish and getDirector().stopFire()
30000 ms. Memory: 473600K Free: 31566K (7%)
Exported /home/travis/build/icyphy/ptII/ptolemy/domains/sr/demo/TrafficLight/TrafficLight/index.html
34786 ms. Memory: 474624K Free: 136732K (29%)
####### 15 Wed Aug 22 02:43:34 UTC 2018 $PTII/bin/ptinvoke ptolemy.vergil.basic.export.ExportModel -force htm -run -openComposites -timeOut 30000 -whiteBackground ptolemy/domains/sr/demo/TrafficLight/WirelessDeployment.xml $PTII/ptolemy/domains/sr/demo/TrafficLight/WirelessDeployment
Running .WirelessDeployment
ExportHTMLTimer went off after 30000 ms., calling getDirector().finish and getDirector().stopFire()
30000 ms. Memory: 579072K Free: 529185K (91%)
Exported /home/travis/build/icyphy/ptII/ptolemy/domains/sr/demo/TrafficLight/WirelessDeployment/index.html
36076 ms. Memory: 643584K Free: 526622K (82%)
####### 16 Wed Aug 22 02:44:10 UTC 2018 $PTII/bin/ptinvoke ptolemy.vergil.basic.export.ExportModel -force htm -run -openComposites -timeOut 30000 -whiteBackground ptolemy/domains/taskpt/demo/SharedMemory/SharedMemory.xml $PTII/ptolemy/domains/taskpt/demo/SharedMemory/SharedMemory
Running .SharedMemory
32 ms. Memory: 643584K Free: 426390K (66%)
Exported /home/travis/build/icyphy/ptII/ptolemy/domains/taskpt/demo/SharedMemory/SharedMemory/index.html
4312 ms. Memory: 643584K Free: 371153K (58%)
####### 17 Wed Aug 22 02:44:14 UTC 2018 $PTII/bin/ptinvoke ptolemy.vergil.basic.export.ExportModel -force htm -run -openComposites -timeOut 30000 -whiteBackground ptolemy/domains/taskpt/demo/Task/Task.xml $PTII/ptolemy/domains/taskpt/demo/Task/Task
Running .Task
34 ms. Memory: 643584K Free: 273950K (43%)
Exported /home/travis/build/icyphy/ptII/ptolemy/domains/taskpt/demo/Task/Task/index.html
4287 ms. Memory: 643584K Free: 224456K (35%)
####### 18 Wed Aug 22 02:44:18 UTC 2018 $PTII/bin/ptinvoke ptolemy.vergil.basic.export.ExportModel -force htm -run -openComposites -timeOut 30000 -whiteBackground ptolemy/domains/tcs/demo/TCS/TCS.xml $PTII/ptolemy/domains/tcs/demo/TCS/TCS
Running .TCS
ExportHTMLTimer went off after 30000 ms., calling getDirector().finish and getDirector().stopFire()
30005 ms. Memory: 722944K Free: 254414K (35%)
Exported /home/travis/build/icyphy/ptII/ptolemy/domains/tcs/demo/TCS/TCS/index.html
35524 ms. Memory: 722944K Free: 185901K (26%)
####### 19 Wed Aug 22 02:44:54 UTC 2018 $PTII/bin/ptinvoke ptolemy.vergil.basic.export.ExportModel -force htm -run -openComposites -timeOut 30000 -whiteBackground ptolemy/domains/tm/demo/Controllers/Controllers.xml $PTII/ptolemy/domains/tm/demo/Controllers/Controllers
Running .Controllers
1853 ms. Memory: 723456K Free: 527642K (73%)
Exported /home/travis/build/icyphy/ptII/ptolemy/domains/tm/demo/Controllers/Controllers/index.html
6547 ms. Memory: 723456K Free: 270407K (37%)
####### 20 Wed Aug 22 02:45:00 UTC 2018 $PTII/bin/ptinvoke ptolemy.vergil.basic.export.ExportModel -force htm -run -openComposites -timeOut 30000 -whiteBackground ptolemy/domains/tm/demo/FFT/FFT.xml $PTII/ptolemy/domains/tm/demo/FFT/FFT
Running .FFT
10048 ms. Memory: 723456K Free: 122939K (17%)
Exported /home/travis/build/icyphy/ptII/ptolemy/domains/tm/demo/FFT/FFT/index.html
14409 ms. Memory: 829440K Free: 708287K (85%)
####### 21 Wed Aug 22 02:45:15 UTC 2018 $PTII/bin/ptinvoke ptolemy.vergil.basic.export.ExportModel -force htm -run -openComposites -timeOut 30000 -whiteBackground ptolemy/domains/tm/demo/MergedEvents/MergedEvents.xml $PTII/ptolemy/domains/tm/demo/MergedEvents/MergedEvents
Running .MergedEvents
ExportHTMLTimer went off after 30000 ms., calling getDirector().finish and getDirector().stopFire()
30022 ms. Memory: 829440K Free: 598814K (72%)
Exported /home/travis/build/icyphy/ptII/ptolemy/domains/tm/demo/MergedEvents/MergedEvents/index.html
34334 ms. Memory: 829440K Free: 496275K (60%)
####### 22 Wed Aug 22 02:45:49 UTC 2018 $PTII/bin/ptinvoke ptolemy.vergil.basic.export.ExportModel -force htm -run -openComposites -timeOut 30000 -whiteBackground ptolemy/domains/tm/demo/SimpleTasks/SimpleTasks.xml $PTII/ptolemy/domains/tm/demo/SimpleTasks/SimpleTasks
Running .SimpleTasks
14 ms. Memory: 829440K Free: 396972K (48%)
Exported /home/travis/build/icyphy/ptII/ptolemy/domains/tm/demo/SimpleTasks/SimpleTasks/index.html
4178 ms. Memory: 829440K Free: 355669K (43%)
####### 23 Wed Aug 22 02:45:53 UTC 2018 $PTII/bin/ptinvoke ptolemy.vergil.basic.export.ExportModel -force htm -run -openComposites -timeOut 30000 -whiteBackground ptolemy/domains/wireless/demo/AntennaPattern/AntennaGainTest.xml $PTII/ptolemy/domains/wireless/demo/AntennaPattern/AntennaGainTest
Running .AntennaGainTest
342 ms. Memory: 829440K Free: 77722K (9%)
Exported /home/travis/build/icyphy/ptII/ptolemy/domains/wireless/demo/AntennaPattern/AntennaGainTest/index.html
4920 ms. Memory: 846336K Free: 669060K (79%)
####### 24 Wed Aug 22 02:45:58 UTC 2018 $PTII/bin/ptinvoke ptolemy.vergil.basic.export.ExportModel -force htm  -openComposites -timeOut 30000 -whiteBackground ptolemy/domains/wireless/demo/AntennaPattern/AntennaModel.xml $PTII/ptolemy/domains/wireless/demo/AntennaPattern/AntennaModel
Warning: not running ptolemy/domains/wireless/demo/AntennaPattern/AntennaModel.xml. See ptolemy/vergil/basic/export/test/junit/ExportModelJUnitTest.java
Exported /home/travis/build/icyphy/ptII/ptolemy/domains/wireless/demo/AntennaPattern/AntennaModel/index.html
3333 ms. Memory: 846336K Free: 398906K (47%)
####### 25 Wed Aug 22 02:46:01 UTC 2018 $PTII/bin/ptinvoke ptolemy.vergil.basic.export.ExportModel -force htm  -openComposites -timeOut 30000 -whiteBackground ptolemy/domains/wireless/demo/AntennaPattern/AntennaPattern.xml $PTII/ptolemy/domains/wireless/demo/AntennaPattern/AntennaPattern
Warning: not running ptolemy/domains/wireless/demo/AntennaPattern/AntennaPattern.xml. See ptolemy/vergil/basic/export/test/junit/ExportModelJUnitTest.java
Exported /home/travis/build/icyphy/ptII/ptolemy/domains/wireless/demo/AntennaPattern/AntennaPattern/index.html
3147 ms. Memory: 846336K Free: 278977K (33%)
####### 26 Wed Aug 22 02:46:05 UTC 2018 $PTII/bin/ptinvoke ptolemy.vergil.basic.export.ExportModel -force htm  -openComposites -timeOut 30000 -whiteBackground ptolemy/domains/wireless/demo/AntennaPattern/ReceiveAntennaPattern.xml $PTII/ptolemy/domains/wireless/demo/AntennaPattern/ReceiveAntennaPattern
Warning: not running ptolemy/domains/wireless/demo/AntennaPattern/ReceiveAntennaPattern.xml. See ptolemy/vergil/basic/export/test/junit/ExportModelJUnitTest.java
Exported /home/travis/build/icyphy/ptII/ptolemy/domains/wireless/demo/AntennaPattern/ReceiveAntennaPattern/index.html
3703 ms. Memory: 950784K Free: 593418K (62%)
####### 27 Wed Aug 22 02:46:08 UTC 2018 $PTII/bin/ptinvoke ptolemy.vergil.basic.export.ExportModel -force htm  -openComposites -timeOut 30000 -whiteBackground ptolemy/domains/wireless/demo/AntennaPattern/TransmitAntennaPattern.xml $PTII/ptolemy/domains/wireless/demo/AntennaPattern/TransmitAntennaPattern
Warning: not running ptolemy/domains/wireless/demo/AntennaPattern/TransmitAntennaPattern.xml. See ptolemy/vergil/basic/export/test/junit/ExportModelJUnitTest.java
Exported /home/travis/build/icyphy/ptII/ptolemy/domains/wireless/demo/AntennaPattern/TransmitAntennaPattern/index.html
3697 ms. Memory: 950784K Free: 92395K (10%)
####### 28 Wed Aug 22 02:46:12 UTC 2018 $PTII/bin/ptinvoke ptolemy.vergil.basic.export.ExportModel -force htm -run -openComposites -timeOut 30000 -whiteBackground ptolemy/domains/wireless/demo/CircularRange/CircularRange.xml $PTII/ptolemy/domains/wireless/demo/CircularRange/CircularRange
Running .CircularRange
ExportHTMLTimer went off after 30000 ms., calling getDirector().finish and getDirector().stopFire()
30000 ms. Memory: 960000K Free: 790739K (82%)
Exported /home/travis/build/icyphy/ptII/ptolemy/domains/wireless/demo/CircularRange/CircularRange/index.html
34375 ms. Memory: 960000K Free: 616624K (64%)
####### 29 Wed Aug 22 02:46:46 UTC 2018 $PTII/bin/ptinvoke ptolemy.vergil.basic.export.ExportModel -force htm -run -openComposites -timeOut 30000 -whiteBackground ptolemy/domains/wireless/demo/Collisions/Collisions.xml $PTII/ptolemy/domains/wireless/demo/Collisions/Collisions
Running .Collisions
20021 ms. Memory: 960000K Free: 435768K (45%)
Exported /home/travis/build/icyphy/ptII/ptolemy/domains/wireless/demo/Collisions/Collisions/index.html
24678 ms. Memory: 960000K Free: 93574K (10%)
####### 30 Wed Aug 22 02:47:11 UTC 2018 $PTII/bin/ptinvoke ptolemy.vergil.basic.export.ExportModel -force htm -run -openComposites -timeOut 30000 -whiteBackground ptolemy/domains/wireless/demo/Collisions/CollisionsDeterministic.xml $PTII/ptolemy/domains/wireless/demo/Collisions/CollisionsDeterministic
Running .CollisionsDeterministic
31 ms. Memory: 1026048K Free: 843145K (82%)
Exported /home/travis/build/icyphy/ptII/ptolemy/domains/wireless/demo/Collisions/CollisionsDeterministic/index.html
4578 ms. Memory: 1026048K Free: 581682K (57%)
####### 31 Wed Aug 22 02:47:16 UTC 2018 $PTII/bin/ptinvoke ptolemy.vergil.basic.export.ExportModel -force htm -run -openComposites -timeOut 30000 -whiteBackground ptolemy/domains/wireless/demo/EvaderAndPursuer/EvaderAndPursuer.xml $PTII/ptolemy/domains/wireless/demo/EvaderAndPursuer/EvaderAndPursuer
Running .EvaderAndPursuer
ExportHTMLTimer went off after 30000 ms., calling getDirector().finish and getDirector().stopFire()
30001 ms. Memory: 1026048K Free: 128944K (13%)
Exported /home/travis/build/icyphy/ptII/ptolemy/domains/wireless/demo/EvaderAndPursuer/EvaderAndPursuer/index.html
34667 ms. Memory: 1042944K Free: 872798K (84%)
####### 32 Wed Aug 22 02:47:50 UTC 2018 $PTII/bin/ptinvoke ptolemy.vergil.basic.export.ExportModel -force htm -run -openComposites -timeOut 30000 -whiteBackground ptolemy/domains/wireless/demo/Intersections/Intersections.xml $PTII/ptolemy/domains/wireless/demo/Intersections/Intersections
Running .Intersections
ExportHTMLTimer went off after 30000 ms., calling getDirector().finish and getDirector().stopFire()
30007 ms. Memory: 1594368K Free: 1036385K (65%)
Exported /home/travis/build/icyphy/ptII/ptolemy/domains/wireless/demo/Intersections/Intersections/index.html
71703 ms. Memory: 1884672K Free: 343353K (18%)
####### 33 Wed Aug 22 02:49:02 UTC 2018 $PTII/bin/ptinvoke ptolemy.vergil.basic.export.ExportModel -force htm -run -openComposites -timeOut 30000 -whiteBackground ptolemy/domains/wireless/demo/LinkVisualizer/LinkVisualizer.xml $PTII/ptolemy/domains/wireless/demo/LinkVisualizer/LinkVisualizer
Running .LinkVisualizer
20028 ms. Memory: 1885184K Free: 1121049K (59%)
Exported /home/travis/build/icyphy/ptII/ptolemy/domains/wireless/demo/LinkVisualizer/LinkVisualizer/index.html
24311 ms. Memory: 1885184K Free: 964816K (51%)
####### 34 Wed Aug 22 02:49:26 UTC 2018 $PTII/bin/ptinvoke ptolemy.vergil.basic.export.ExportModel -force htm  -openComposites -timeOut 30000 -whiteBackground ptolemy/domains/wireless/demo/MatlabWirelessSoundDetection/MatlabWirelessSoundDetection.xml $PTII/ptolemy/domains/wireless/demo/MatlabWirelessSoundDetection/MatlabWirelessSoundDetection
Warning: not running ptolemy/domains/wireless/demo/MatlabWirelessSoundDetection/MatlabWirelessSoundDetection.xml. See ptolemy/vergil/basic/export/test/junit/ExportModelJUnitTest.java
Exported /home/travis/build/icyphy/ptII/ptolemy/domains/wireless/demo/MatlabWirelessSoundDetection/MatlabWirelessSoundDetection/index.html
3361 ms. Memory: 1885184K Free: 644991K (34%)
####### 35 Wed Aug 22 02:49:30 UTC 2018 $PTII/bin/ptinvoke ptolemy.vergil.basic.export.ExportModel -force htm -run -openComposites -timeOut 30000 -whiteBackground ptolemy/domains/wireless/demo/PowerVariability/PowerVariability.xml $PTII/ptolemy/domains/wireless/demo/PowerVariability/PowerVariability
Running .PowerVariability
25014 ms. Memory: 1885184K Free: 524530K (28%)
Exported /home/travis/build/icyphy/ptII/ptolemy/domains/wireless/demo/PowerVariability/PowerVariability/index.html
29332 ms. Memory: 1885184K Free: 347386K (18%)
####### 36 Wed Aug 22 02:49:59 UTC 2018 $PTII/bin/ptinvoke ptolemy.vergil.basic.export.ExportModel -force htm -run -openComposites -timeOut 30000 -whiteBackground ptolemy/domains/wireless/demo/SmallWorld/SmallWorld.xml $PTII/ptolemy/domains/wireless/demo/SmallWorld/SmallWorld
Running .SmallWorld
160 ms. Memory: 1881088K Free: 908349K (48%)
Exported /home/travis/build/icyphy/ptII/ptolemy/domains/wireless/demo/SmallWorld/SmallWorld/index.html
5176 ms. Memory: 1881088K Free: 766150K (41%)
####### 37 Wed Aug 22 02:50:04 UTC 2018 $PTII/bin/ptinvoke ptolemy.vergil.basic.export.ExportModel -force htm -run -openComposites -timeOut 30000 -whiteBackground ptolemy/domains/wireless/demo/SmartParking/SmartParking.xml $PTII/ptolemy/domains/wireless/demo/SmartParking/SmartParking
Running .SmartParking
ExportHTMLTimer went off after 30000 ms., calling getDirector().finish and getDirector().stopFire()
30001 ms. Memory: 1883136K Free: 1506531K (80%)
Exported /home/travis/build/icyphy/ptII/ptolemy/domains/wireless/demo/SmartParking/SmartParking/index.html
34932 ms. Memory: 1883136K Free: 1350393K (72%)
####### 38 Wed Aug 22 02:50:39 UTC 2018 $PTII/bin/ptinvoke ptolemy.vergil.basic.export.ExportModel -force htm -run -openComposites -timeOut 30000 -whiteBackground ptolemy/domains/wireless/demo/TerrainModel/TerrainModel.xml $PTII/ptolemy/domains/wireless/demo/TerrainModel/TerrainModel
Running .TerrainModel
ExportHTMLTimer went off after 30000 ms., calling getDirector().finish and getDirector().stopFire()
30003 ms. Memory: 1883136K Free: 1217837K (65%)
Exported /home/travis/build/icyphy/ptII/ptolemy/domains/wireless/demo/TerrainModel/TerrainModel/index.html
34250 ms. Memory: 1883136K Free: 1099356K (58%)
####### 39 Wed Aug 22 02:51:13 UTC 2018 $PTII/bin/ptinvoke ptolemy.vergil.basic.export.ExportModel -force htm -run -openComposites -timeOut 30000 -whiteBackground ptolemy/domains/wireless/demo/WirelessSoundDetection/WirelessSoundDetection.xml $PTII/ptolemy/domains/wireless/demo/WirelessSoundDetection/WirelessSoundDetection
Running .WirelessSoundDetection
ExportHTMLTimer went off after 30000 ms., calling getDirector().finish and getDirector().stopFire()
30000 ms. Memory: 1883136K Free: 918837K (49%)
Exported /home/travis/build/icyphy/ptII/ptolemy/domains/wireless/demo/WirelessSoundDetection/WirelessSoundDetection/index.html
34233 ms. Memory: 1883136K Free: 788751K (42%)
####### 40 Wed Aug 22 02:51:48 UTC 2018 $PTII/bin/ptinvoke ptolemy.vergil.basic.export.ExportModel -force htm -run -openComposites -timeOut 30000 -whiteBackground ptolemy/domains/wireless/demo/Zigbee/Zigbee.xml $PTII/ptolemy/domains/wireless/demo/Zigbee/Zigbee
Running .Zigbee
3223 ms. Memory: 1883136K Free: 1040443K (55%)
Exported /home/travis/build/icyphy/ptII/ptolemy/domains/wireless/demo/Zigbee/Zigbee/index.html
35006 ms. Memory: 1855488K Free: 359717K (19%)
####### 41 Wed Aug 22 02:52:23 UTC 2018 $PTII/bin/ptinvoke ptolemy.vergil.basic.export.ExportModel -force htm  -openComposites -timeOut 30000 -whiteBackground ptolemy/matlab/demo/MatlabContinuous/MatlabContinuous.xml $PTII/ptolemy/matlab/demo/MatlabContinuous/MatlabContinuous
Warning: not running ptolemy/matlab/demo/MatlabContinuous/MatlabContinuous.xml. See ptolemy/vergil/basic/export/test/junit/ExportModelJUnitTest.java
Exported /home/travis/build/icyphy/ptII/ptolemy/matlab/demo/MatlabContinuous/MatlabContinuous/index.html
3157 ms. Memory: 1864192K Free: 1738176K (93%)
####### 42 Wed Aug 22 02:52:26 UTC 2018 $PTII/bin/ptinvoke ptolemy.vergil.basic.export.ExportModel -force htm  -openComposites -timeOut 30000 -whiteBackground ptolemy/matlab/demo/MatlabExpression/MatlabExpression.xml $PTII/ptolemy/matlab/demo/MatlabExpression/MatlabExpression
Warning: not running ptolemy/matlab/demo/MatlabExpression/MatlabExpression.xml. See ptolemy/vergil/basic/export/test/junit/ExportModelJUnitTest.java
Exported /home/travis/build/icyphy/ptII/ptolemy/matlab/demo/MatlabExpression/MatlabExpression/index.html
3152 ms. Memory: 1864192K Free: 1539953K (83%)
####### 43 Wed Aug 22 02:52:29 UTC 2018 $PTII/bin/ptinvoke ptolemy.vergil.basic.export.ExportModel -force htm -run -openComposites -timeOut 30000 -whiteBackground ptolemy/moml/demo/Networked/Networked.xml $PTII/ptolemy/moml/demo/Networked/Networked
Running .Networked
29 ms. Memory: 1864192K Free: 1351134K (72%)
Exported /home/travis/build/icyphy/ptII/ptolemy/moml/demo/Networked/Networked/index.html
5923 ms. Memory: 1864192K Free: 1255777K (67%)
####### 44 Wed Aug 22 02:52:35 UTC 2018 $PTII/bin/ptinvoke ptolemy.vergil.basic.export.ExportModel -force htm -run -openComposites -timeOut 30000 -whiteBackground ptolemy/vergil/basic/export/html/demo/ExportExamples/ExportExample1.xml $PTII/ptolemy/vergil/basic/export/html/demo/ExportExamples/ExportExample1
Model ".ExportExample1" contains actors such cannot be run  as part of the export process from ExportModel or it has a WebExportParameters value that runBeforeExport set to false. To export run this model and export it, use vergil.
Exported /home/travis/build/icyphy/ptII/ptolemy/vergil/basic/export/html/demo/ExportExamples/ExportExample1/index.html
3268 ms. Memory: 1864192K Free: 1098464K (59%)
####### 45 Wed Aug 22 02:52:38 UTC 2018 $PTII/bin/ptinvoke ptolemy.vergil.basic.export.ExportModel -force htm -run -openComposites -timeOut 30000 -whiteBackground ptolemy/vergil/basic/export/html/demo/ExportExamples/ExportExample2.xml $PTII/ptolemy/vergil/basic/export/html/demo/ExportExamples/ExportExample2
Running .ExportExample2
5 ms. Memory: 1864192K Free: 978809K (53%)
Exported /home/travis/build/icyphy/ptII/ptolemy/vergil/basic/export/html/demo/ExportExamples/ExportExample2/index.html
4249 ms. Memory: 1864192K Free: 937371K (50%)
####### 46 Wed Aug 22 02:52:42 UTC 2018 $PTII/bin/ptinvoke ptolemy.vergil.basic.export.ExportModel -force htm -run -openComposites -timeOut 30000 -whiteBackground ptolemy/vergil/basic/export/html/demo/ExportExamples/ExportExample3.xml $PTII/ptolemy/vergil/basic/export/html/demo/ExportExamples/ExportExample3
Model ".ExportExample3" contains actors such cannot be run  as part of the export process from ExportModel or it has a WebExportParameters value that runBeforeExport set to false. To export run this model and export it, use vergil.
Exported /home/travis/build/icyphy/ptII/ptolemy/vergil/basic/export/html/demo/ExportExamples/ExportExample3/index.html
3361 ms. Memory: 1864192K Free: 805178K (43%)
####### 47 Wed Aug 22 02:52:46 UTC 2018 $PTII/bin/ptinvoke ptolemy.vergil.basic.export.ExportModel -force htm -run -openComposites -timeOut 30000 -whiteBackground ptolemy/vergil/basic/export/html/demo/ExportExamples/ExportExample4.xml $PTII/ptolemy/vergil/basic/export/html/demo/ExportExamples/ExportExample4
Model ".ExportExample4" contains actors such cannot be run  as part of the export process from ExportModel or it has a WebExportParameters value that runBeforeExport set to false. To export run this model and export it, use vergil.
Exported /home/travis/build/icyphy/ptII/ptolemy/vergil/basic/export/html/demo/ExportExamples/ExportExample4/index.html
3194 ms. Memory: 1864192K Free: 671441K (36%)
####### 48 Wed Aug 22 02:52:49 UTC 2018 $PTII/bin/ptinvoke ptolemy.vergil.basic.export.ExportModel -force htm -run -openComposites -timeOut 30000 -whiteBackground ptolemy/vergil/basic/export/html/demo/ExportExamples/ExportExample5.xml $PTII/ptolemy/vergil/basic/export/html/demo/ExportExamples/ExportExample5
Running .ExportExample5
16 ms. Memory: 1864192K Free: 570541K (31%)
Exported /home/travis/build/icyphy/ptII/ptolemy/vergil/basic/export/html/demo/ExportExamples/ExportExample5/index.html
4264 ms. Memory: 1864192K Free: 488919K (26%)
####### 49 Wed Aug 22 02:52:53 UTC 2018 $PTII/bin/ptinvoke ptolemy.vergil.basic.export.ExportModel -force htm  -openComposites -timeOut 30000 -whiteBackground ptolemy/vergil/basic/export/html/demo/ExportExamples/ExportExamples.xml $PTII/ptolemy/vergil/basic/export/html/demo/ExportExamples/ExportExamples
Warning: not running ptolemy/vergil/basic/export/html/demo/ExportExamples/ExportExamples.xml. See ptolemy/vergil/basic/export/test/junit/ExportModelJUnitTest.java
Exported /home/travis/build/icyphy/ptII/ptolemy/vergil/basic/export/html/demo/ExportExamples/ExportExamples/index.html
3206 ms. Memory: 1864192K Free: 356676K (19%)
####### 50 Wed Aug 22 02:52:56 UTC 2018 $PTII/bin/ptinvoke ptolemy.vergil.basic.export.ExportModel -force htm  -openComposites -timeOut 30000 -whiteBackground ptolemy/vergil/basic/export/html/demo/PageAssembler/PageAssembler.xml $PTII/ptolemy/vergil/basic/export/html/demo/PageAssembler/PageAssembler
Warning: not running ptolemy/vergil/basic/export/html/demo/PageAssembler/PageAssembler.xml. See ptolemy/vergil/basic/export/test/junit/ExportModelJUnitTest.java
Exported /home/travis/build/icyphy/ptII/ptolemy/vergil/basic/export/html/demo/PageAssembler/PageAssembler/index.html
3204 ms. Memory: 1865216K Free: 1737401K (93%)
####### 51 Wed Aug 22 02:53:00 UTC 2018 $PTII/bin/ptinvoke ptolemy.vergil.basic.export.ExportModel -force htm  -openComposites -timeOut 30000 -whiteBackground ptolemy/vergil/basic/imprt/g4ltl/demo/Arbitor/Arbitor.xml $PTII/ptolemy/vergil/basic/imprt/g4ltl/demo/Arbitor/Arbitor
Warning: not running ptolemy/vergil/basic/imprt/g4ltl/demo/Arbitor/Arbitor.xml. See ptolemy/vergil/basic/export/test/junit/ExportModelJUnitTest.java
Exported /home/travis/build/icyphy/ptII/ptolemy/vergil/basic/imprt/g4ltl/demo/Arbitor/Arbitor/index.html
3221 ms. Memory: 1865216K Free: 1542495K (83%)
####### 52 Wed Aug 22 02:53:03 UTC 2018 $PTII/bin/ptinvoke ptolemy.vergil.basic.export.ExportModel -force htm  -openComposites -timeOut 30000 -whiteBackground ptolemy/vergil/basic/imprt/g4ltl/demo/AutomaticDoor/AutomaticDoor.xml $PTII/ptolemy/vergil/basic/imprt/g4ltl/demo/AutomaticDoor/AutomaticDoor
Warning: not running ptolemy/vergil/basic/imprt/g4ltl/demo/AutomaticDoor/AutomaticDoor.xml. See ptolemy/vergil/basic/export/test/junit/ExportModelJUnitTest.java
Exported /home/travis/build/icyphy/ptII/ptolemy/vergil/basic/imprt/g4ltl/demo/AutomaticDoor/AutomaticDoor/index.html
3184 ms. Memory: 1865216K Free: 1280986K (69%)
####### 53 Wed Aug 22 02:53:06 UTC 2018 $PTII/bin/ptinvoke ptolemy.vergil.basic.export.ExportModel -force htm  -openComposites -timeOut 30000 -whiteBackground ptolemy/vergil/basic/imprt/g4ltl/demo/ErrorHandling/ErrorHandling.xml $PTII/ptolemy/vergil/basic/imprt/g4ltl/demo/ErrorHandling/ErrorHandling
Warning: not running ptolemy/vergil/basic/imprt/g4ltl/demo/ErrorHandling/ErrorHandling.xml. See ptolemy/vergil/basic/export/test/junit/ExportModelJUnitTest.java
Exported /home/travis/build/icyphy/ptII/ptolemy/vergil/basic/imprt/g4ltl/demo/ErrorHandling/ErrorHandling/index.html
3289 ms. Memory: 1865216K Free: 1014284K (54%)
####### 54 Wed Aug 22 02:53:09 UTC 2018 $PTII/bin/ptinvoke ptolemy.vergil.basic.export.ExportModel -force htm  -openComposites -timeOut 30000 -whiteBackground ptolemy/vergil/basic/imprt/g4ltl/demo/ErrorHandling/ErrorHandlingSynthesized.xml $PTII/ptolemy/vergil/basic/imprt/g4ltl/demo/ErrorHandling/ErrorHandlingSynthesized
Warning: not running ptolemy/vergil/basic/imprt/g4ltl/demo/ErrorHandling/ErrorHandlingSynthesized.xml. See ptolemy/vergil/basic/export/test/junit/ExportModelJUnitTest.java
Exported /home/travis/build/icyphy/ptII/ptolemy/vergil/basic/imprt/g4ltl/demo/ErrorHandling/ErrorHandlingSynthesized/index.html
3702 ms. Memory: 1865216K Free: 406577K (22%)
####### 55 Wed Aug 22 02:53:13 UTC 2018 $PTII/bin/ptinvoke ptolemy.vergil.basic.export.ExportModel -force htm  -openComposites -timeOut 30000 -whiteBackground ptolemy/vergil/basic/imprt/g4ltl/demo/HydraulicRamp/HydraulicRamp.xml $PTII/ptolemy/vergil/basic/imprt/g4ltl/demo/HydraulicRamp/HydraulicRamp
Warning: not running ptolemy/vergil/basic/imprt/g4ltl/demo/HydraulicRamp/HydraulicRamp.xml. See ptolemy/vergil/basic/export/test/junit/ExportModelJUnitTest.java
Exported /home/travis/build/icyphy/ptII/ptolemy/vergil/basic/imprt/g4ltl/demo/HydraulicRamp/HydraulicRamp/index.html
3137 ms. Memory: 1861632K Free: 1713324K (92%)
####### 56 Wed Aug 22 02:53:16 UTC 2018 $PTII/bin/ptinvoke ptolemy.vergil.basic.export.ExportModel -force htm  -openComposites -timeOut 30000 -whiteBackground ptolemy/vergil/basic/imprt/g4ltl/demo/Numerical/Numerical.xml $PTII/ptolemy/vergil/basic/imprt/g4ltl/demo/Numerical/Numerical
Warning: not running ptolemy/vergil/basic/imprt/g4ltl/demo/Numerical/Numerical.xml. See ptolemy/vergil/basic/export/test/junit/ExportModelJUnitTest.java
Exported /home/travis/build/icyphy/ptII/ptolemy/vergil/basic/imprt/g4ltl/demo/Numerical/Numerical/index.html
3415 ms. Memory: 1861632K Free: 1219471K (66%)
####### 57 Wed Aug 22 02:53:20 UTC 2018 $PTII/bin/ptinvoke ptolemy.vergil.basic.export.ExportModel -force htm  -openComposites -timeOut 30000 -whiteBackground ptolemy/vergil/basic/imprt/g4ltl/demo/PriorityArbitor/PriorityArbitor.xml $PTII/ptolemy/vergil/basic/imprt/g4ltl/demo/PriorityArbitor/PriorityArbitor
Warning: not running ptolemy/vergil/basic/imprt/g4ltl/demo/PriorityArbitor/PriorityArbitor.xml. See ptolemy/vergil/basic/export/test/junit/ExportModelJUnitTest.java
Exported /home/travis/build/icyphy/ptII/ptolemy/vergil/basic/imprt/g4ltl/demo/PriorityArbitor/PriorityArbitor/index.html
3144 ms. Memory: 1861632K Free: 991510K (53%)
####### 58 Wed Aug 22 02:53:23 UTC 2018 $PTII/bin/ptinvoke ptolemy.vergil.basic.export.ExportModel -force htm -run -openComposites -timeOut 30000 -whiteBackground ptolemy/vergil/kernel/attributes/demo/AnimateVergil/AnimateVergil.xml $PTII/ptolemy/vergil/kernel/attributes/demo/AnimateVergil/AnimateVergil
Running .AnimateVergil
2013 ms. Memory: 1861632K Free: 876727K (47%)
Exported /home/travis/build/icyphy/ptII/ptolemy/vergil/kernel/attributes/demo/AnimateVergil/AnimateVergil/index.html
6152 ms. Memory: 1861632K Free: 847850K (46%)
####### 59 Wed Aug 22 02:53:29 UTC 2018 $PTII/bin/ptinvoke ptolemy.vergil.basic.export.ExportModel -force htm  -openComposites -timeOut 30000 -whiteBackground ptolemy/verification/demo/iRobotHillClimbing/iRobotCreateVerification.xml $PTII/ptolemy/verification/demo/iRobotHillClimbing/iRobotCreateVerification
Warning: not running ptolemy/verification/demo/iRobotHillClimbing/iRobotCreateVerification.xml. See ptolemy/vergil/basic/export/test/junit/ExportModelJUnitTest.java
Exported /home/travis/build/icyphy/ptII/ptolemy/verification/demo/iRobotHillClimbing/iRobotCreateVerification/index.html
4653 ms. Memory: 1864192K Free: 1160958K (62%)
####### 60 Wed Aug 22 02:53:34 UTC 2018 $PTII/bin/ptinvoke ptolemy.vergil.basic.export.ExportModel -force htm -run -openComposites -timeOut 30000 -whiteBackground ptolemy/verification/demo/RailroadControl/RailroadControl.xml $PTII/ptolemy/verification/demo/RailroadControl/RailroadControl
Running .RailroadControl
ExportHTMLTimer went off after 30000 ms., calling getDirector().finish and getDirector().stopFire()
29999 ms. Memory: 1894912K Free: 1429062K (75%)
Exported /home/travis/build/icyphy/ptII/ptolemy/verification/demo/RailroadControl/RailroadControl/index.html
34260 ms. Memory: 1894912K Free: 1233861K (65%)
####### 61 Wed Aug 22 02:54:08 UTC 2018 $PTII/bin/ptinvoke ptolemy.vergil.basic.export.ExportModel -force htm -run -openComposites -timeOut 30000 -whiteBackground ptolemy/verification/demo/SimpleTrafficLight/SimpleTrafficLight.xml $PTII/ptolemy/verification/demo/SimpleTrafficLight/SimpleTrafficLight
Running .SimpleTrafficLight
ExportHTMLTimer went off after 30000 ms., calling getDirector().finish and getDirector().stopFire()
30002 ms. Memory: 1894912K Free: 1001324K (53%)
Exported /home/travis/build/icyphy/ptII/ptolemy/verification/demo/SimpleTrafficLight/SimpleTrafficLight/index.html
34213 ms. Memory: 1894912K Free: 870987K (46%)
####### 62 Wed Aug 22 02:54:42 UTC 2018 $PTII/bin/ptinvoke ptolemy.vergil.basic.export.ExportModel -force htm -run -openComposites -timeOut 30000 -whiteBackground ptolemy/verification/demo/SimpleTrafficLight/SimpleTrafficLightDECTA.xml $PTII/ptolemy/verification/demo/SimpleTrafficLight/SimpleTrafficLightDECTA
Running .SimpleTrafficLightDECTA
ExportHTMLTimer went off after 30000 ms., calling getDirector().finish and getDirector().stopFire()
30006 ms. Memory: 1894400K Free: 1122079K (59%)
Exported /home/travis/build/icyphy/ptII/ptolemy/verification/demo/SimpleTrafficLight/SimpleTrafficLightDECTA/index.html
34271 ms. Memory: 1894400K Free: 831667K (44%)
####### 63 Wed Aug 22 02:55:16 UTC 2018 $PTII/bin/ptinvoke ptolemy.vergil.basic.export.ExportModel -force htm -run -openComposites -timeOut 30000 -whiteBackground ptolemy/verification/demo/SimpleTrafficLight/SimpleTrafficLightGraphicalSpec.xml $PTII/ptolemy/verification/demo/SimpleTrafficLight/SimpleTrafficLightGraphicalSpec
Running .SimpleTrafficLightGraphicalSpec
ExportHTMLTimer went off after 30000 ms., calling getDirector().finish and getDirector().stopFire()
30002 ms. Memory: 1894400K Free: 538262K (28%)
Exported /home/travis/build/icyphy/ptII/ptolemy/verification/demo/SimpleTrafficLight/SimpleTrafficLightGraphicalSpec/index.html
34274 ms. Memory: 1894400K Free: 373907K (20%)
####### 64 Wed Aug 22 02:55:51 UTC 2018 $PTII/bin/ptinvoke ptolemy.vergil.basic.export.ExportModel -force htm -run -openComposites -timeOut 30000 -whiteBackground ptolemy/verification/demo/SimpleTrafficLight/SimpleTrafficLightRTMaudeCG.xml $PTII/ptolemy/verification/demo/SimpleTrafficLight/SimpleTrafficLightRTMaudeCG
Running .SimpleTrafficLightRTMaudeCG
61 ms. Memory: 1894400K Free: 210724K (11%)
Exported /home/travis/build/icyphy/ptII/ptolemy/verification/demo/SimpleTrafficLight/SimpleTrafficLightRTMaudeCG/index.html
4366 ms. Memory: 1896448K Free: 1673820K (88%)
####### 65 Wed Aug 22 02:55:55 UTC 2018 $PTII/bin/ptinvoke ptolemy.vergil.basic.export.ExportModel -force htm  -openComposites -timeOut 30000 -whiteBackground ptolemy/verification/demo/SimpleTrafficLight/SimpleTrafficLightSMVModule.xml $PTII/ptolemy/verification/demo/SimpleTrafficLight/SimpleTrafficLightSMVModule
Warning: not running ptolemy/verification/demo/SimpleTrafficLight/SimpleTrafficLightSMVModule.xml. See ptolemy/vergil/basic/export/test/junit/ExportModelJUnitTest.java
Exported /home/travis/build/icyphy/ptII/ptolemy/verification/demo/SimpleTrafficLight/SimpleTrafficLightSMVModule/index.html
3241 ms. Memory: 1896448K Free: 1415089K (75%)
]]></system-out>
  <system-err><![CDATA[Aug 22, 2018 2:42:22 AM sun.awt.X11.XToolkit processException
WARNING: Exception on Toolkit thread
java.lang.NullPointerException
	at java.awt.Component$BltBufferStrategy.contentsLost(Component.java:4479)
	at java.awt.Component$BltSubRegionBufferStrategy.showIfNotLost(Component.java:4542)
	at javax.swing.BufferStrategyPaintManager.show(BufferStrategyPaintManager.java:252)
	at javax.swing.RepaintManager.show(RepaintManager.java:1379)
	at javax.swing.SwingPaintEventDispatcher.createPaintEvent(SwingPaintEventDispatcher.java:61)
	at sun.awt.X11.XWindow.postPaintEvent(XWindow.java:564)
	at sun.awt.X11.XContentWindow.postPaintEvent(XContentWindow.java:163)
	at sun.awt.X11.XWindow.handleExposeEvent(XWindow.java:558)
	at sun.awt.X11.XContentWindow.handleExposeEvent(XContentWindow.java:45)
	at sun.awt.X11.XBaseWindow.dispatchEvent(XBaseWindow.java:1110)
	at sun.awt.X11.XBaseWindow.dispatchToWindow(XBaseWindow.java:1086)
	at sun.awt.X11.XToolkit.dispatchEvent(XToolkit.java:502)
	at sun.awt.X11.XToolkit.run(XToolkit.java:616)
	at sun.awt.X11.XToolkit.run(XToolkit.java:532)
	at java.lang.Thread.run(Thread.java:748)

Unable to export to web.
java.util.ConcurrentModificationException
	at java.util.LinkedList$ListItr.checkForComodification(LinkedList.java:966)
	at java.util.LinkedList$ListItr.next(LinkedList.java:888)
	at java.util.Collections$UnmodifiableCollection$1.next(Collections.java:1042)
	at ptolemy.vergil.basic.export.web.DefaultIconScript._provideAttributes(DefaultIconScript.java:196)
	at ptolemy.vergil.basic.export.web.WebContent.provideContent(WebContent.java:176)
	at ptolemy.vergil.basic.export.html.ExportHTMLAction.writeHTML(ExportHTMLAction.java:745)
	at ptolemy.vergil.basic.BasicGraphFrame.writeHTML(BasicGraphFrame.java:1657)
	at ptolemy.vergil.basic.export.html.ExportHTMLAction$1$1.run(ExportHTMLAction.java:559)
	at java.awt.event.InvocationEvent.dispatch(InvocationEvent.java:311)
	at java.awt.EventQueue.dispatchEventImpl(EventQueue.java:756)
	at java.awt.EventQueue.access$500(EventQueue.java:97)
	at java.awt.EventQueue$3.run(EventQueue.java:709)
	at java.awt.EventQueue$3.run(EventQueue.java:703)
	at java.security.AccessController.doPrivileged(Native Method)
	at java.security.ProtectionDomain$JavaSecurityAccessImpl.doIntersectionPrivilege(ProtectionDomain.java:80)
	at java.awt.EventQueue.dispatchEvent(EventQueue.java:726)
	at java.awt.EventDispatchThread.pumpOneEventForFilters(EventDispatchThread.java:201)
	at java.awt.EventDispatchThread.pumpEventsForFilter(EventDispatchThread.java:116)
	at java.awt.EventDispatchThread.pumpEventsForHierarchy(EventDispatchThread.java:105)
	at java.awt.EventDispatchThread.pumpEvents(EventDispatchThread.java:101)
	at java.awt.EventDispatchThread.pumpEvents(EventDispatchThread.java:93)
	at java.awt.EventDispatchThread.run(EventDispatchThread.java:82)
Aug 22, 2018 2:52:41 AM sun.awt.X11.XToolkit processException
WARNING: Exception on Toolkit thread
java.lang.NullPointerException
	at java.awt.Component$BltBufferStrategy.contentsLost(Component.java:4479)
	at java.awt.Component$BltSubRegionBufferStrategy.showIfNotLost(Component.java:4542)
	at javax.swing.BufferStrategyPaintManager.show(BufferStrategyPaintManager.java:252)
	at javax.swing.RepaintManager.show(RepaintManager.java:1379)
	at javax.swing.SwingPaintEventDispatcher.createPaintEvent(SwingPaintEventDispatcher.java:61)
	at sun.awt.X11.XWindow.postPaintEvent(XWindow.java:564)
	at sun.awt.X11.XContentWindow.postPaintEvent(XContentWindow.java:163)
	at sun.awt.X11.XWindow.handleExposeEvent(XWindow.java:558)
	at sun.awt.X11.XContentWindow.handleExposeEvent(XContentWindow.java:45)
	at sun.awt.X11.XBaseWindow.dispatchEvent(XBaseWindow.java:1110)
	at sun.awt.X11.XBaseWindow.dispatchToWindow(XBaseWindow.java:1086)
	at sun.awt.X11.XToolkit.dispatchEvent(XToolkit.java:502)
	at sun.awt.X11.XToolkit.run(XToolkit.java:616)
	at sun.awt.X11.XToolkit.run(XToolkit.java:532)
	at java.lang.Thread.run(Thread.java:748)

]]></system-err>
</testsuite>
