<?xml version="1.0" encoding="UTF-8" ?>
<testsuite errors="0" failures="0" hostname="travis-job-25b7b01c-e1bb-419f-b567-761a90376ecb" name="ptolemy.domains.de.test.junit.JUnitTclTest" skipped="0" tests="101" time="132.093" timestamp="2019-10-21T06:01:39">
  <properties>
[...]
</properties>
  <testcase classname="ptolemy.util.test.junit.TclTests" name="[0] /home/travis/build/icyphy/ptII/ptolemy/domains/de/test/DependencyLoop.tcl (RunTclFile)" time="1.052" />
  <testcase classname="ptolemy.util.test.junit.TclTests" name="[1] /home/travis/build/icyphy/ptII/ptolemy/domains/de/test/RunDETestsAsQSS.tcl (RunTclFile)" time="89.64" />
  <testcase classname="ptolemy.util.test.junit.AutoKnownFailedTests" name="[0] /home/travis/build/icyphy/ptII/ptolemy/domains/de/test/auto/knownFailedTests/DESDFClockTest.xml (RunModel)" time="2.065" />
  <testcase classname="ptolemy.util.test.junit.AutoKnownFailedTests" name="[1] /home/travis/build/icyphy/ptII/ptolemy/domains/de/test/auto/knownFailedTests/DirectFeedback.xml (RunModel)" time="0.012" />
  <testcase classname="ptolemy.util.test.junit.AutoKnownFailedTests" name="[2] /home/travis/build/icyphy/ptII/ptolemy/domains/de/test/auto/knownFailedTests/FSMSource.xml (RunModel)" time="0.035" />
  <testcase classname="ptolemy.util.test.junit.AutoKnownFailedTests" name="[3] /home/travis/build/icyphy/ptII/ptolemy/domains/de/test/auto/knownFailedTests/HierarchicalModel.xml (RunModel)" time="0.048" />
  <testcase classname="ptolemy.util.test.junit.AutoKnownFailedTests" name="[4] /home/travis/build/icyphy/ptII/ptolemy/domains/de/test/auto/knownFailedTests/dependencyLoop.xml (RunModel)" time="0.054" />
  <testcase classname="ptolemy.util.test.junit.AutoKnownFailedTests" name="[5] /home/travis/build/icyphy/ptII/ptolemy/domains/de/test/auto/knownFailedTests/dependencyLoop2.xml (RunModel)" time="0.046" />
  <testcase classname="ptolemy.util.test.junit.AutoNameArchTests" name="[0] ThereAreNoAutoArchTests (RunModel)" time="0.005" />
  <testcase classname="ptolemy.util.test.junit.AutoTests" name="[0] /home/travis/build/icyphy/ptII/ptolemy/domains/de/test/auto/ActorDepthCalculation_actorWithoutPorts.xml (RunModel)" time="0.017" />
  <testcase classname="ptolemy.util.test.junit.AutoTests" name="[1] /home/travis/build/icyphy/ptII/ptolemy/domains/de/test/auto/AssemblyLine.xml (RunModel)" time="0.031" />
  <testcase classname="ptolemy.util.test.junit.AutoTests" name="[2] /home/travis/build/icyphy/ptII/ptolemy/domains/de/test/auto/CQBug1.xml (RunModel)" time="0.011" />
  <testcase classname="ptolemy.util.test.junit.AutoTests" name="[3] /home/travis/build/icyphy/ptII/ptolemy/domains/de/test/auto/CancelFireAt.xml (RunModel)" time="0.013" />
  <testcase classname="ptolemy.util.test.junit.AutoTests" name="[4] /home/travis/build/icyphy/ptII/ptolemy/domains/de/test/auto/CausalityAndComposabilityAnalysis.xml (RunModel)" time="0.023" />
  <testcase classname="ptolemy.util.test.junit.AutoTests" name="[5] /home/travis/build/icyphy/ptII/ptolemy/domains/de/test/auto/CausalityInterface1.xml (RunModel)" time="0.021" />
  <testcase classname="ptolemy.util.test.junit.AutoTests" name="[6] /home/travis/build/icyphy/ptII/ptolemy/domains/de/test/auto/CausalityInterface15.xml (RunModel)" time="0.012" />
  <testcase classname="ptolemy.util.test.junit.AutoTests" name="[7] /home/travis/build/icyphy/ptII/ptolemy/domains/de/test/auto/CausalityInterface2.xml (RunModel)" time="0.012" />
  <testcase classname="ptolemy.util.test.junit.AutoTests" name="[8] /home/travis/build/icyphy/ptII/ptolemy/domains/de/test/auto/CausalityInterface3.xml (RunModel)" time="0.012" />
  <testcase classname="ptolemy.util.test.junit.AutoTests" name="[9] /home/travis/build/icyphy/ptII/ptolemy/domains/de/test/auto/ClockDrift.xml (RunModel)" time="0.035" />
  <testcase classname="ptolemy.util.test.junit.AutoTests" name="[10] /home/travis/build/icyphy/ptII/ptolemy/domains/de/test/auto/ClockDriftAndValueChange.xml (RunModel)" time="0.035" />
  <testcase classname="ptolemy.util.test.junit.AutoTests" name="[11] /home/travis/build/icyphy/ptII/ptolemy/domains/de/test/auto/ClockDriftChange.xml (RunModel)" time="0.031" />
  <testcase classname="ptolemy.util.test.junit.AutoTests" name="[12] /home/travis/build/icyphy/ptII/ptolemy/domains/de/test/auto/ComposableCausalityAnalysis.xml (RunModel)" time="0.015" />
  <testcase classname="ptolemy.util.test.junit.AutoTests" name="[13] /home/travis/build/icyphy/ptII/ptolemy/domains/de/test/auto/DEFixedPointLimitation.xml (RunModel)" time="0.01" />
  <testcase classname="ptolemy.util.test.junit.AutoTests" name="[14] /home/travis/build/icyphy/ptII/ptolemy/domains/de/test/auto/DEScheduleTest.xml (RunModel)" time="0.014" />
  <testcase classname="ptolemy.util.test.junit.AutoTests" name="[15] /home/travis/build/icyphy/ptII/ptolemy/domains/de/test/auto/DEinDEwithStartTimes.xml (RunModel)" time="0.015" />
  <testcase classname="ptolemy.util.test.junit.AutoTests" name="[16] /home/travis/build/icyphy/ptII/ptolemy/domains/de/test/auto/DEinDEwithStartTimes2.xml (RunModel)" time="0.018" />
  <testcase classname="ptolemy.util.test.junit.AutoTests" name="[17] /home/travis/build/icyphy/ptII/ptolemy/domains/de/test/auto/DateDemo.xml (RunModel)" time="0.046" />
  <testcase classname="ptolemy.util.test.junit.AutoTests" name="[18] /home/travis/build/icyphy/ptII/ptolemy/domains/de/test/auto/DateToEvent.xml (RunModel)" time="2.041" />
  <testcase classname="ptolemy.util.test.junit.AutoTests" name="[19] /home/travis/build/icyphy/ptII/ptolemy/domains/de/test/auto/DepthTest1.xml (RunModel)" time="0.011" />
  <testcase classname="ptolemy.util.test.junit.AutoTests" name="[20] /home/travis/build/icyphy/ptII/ptolemy/domains/de/test/auto/DepthTest2.xml (RunModel)" time="0.021" />
  <testcase classname="ptolemy.util.test.junit.AutoTests" name="[21] /home/travis/build/icyphy/ptII/ptolemy/domains/de/test/auto/DepthTest3.xml (RunModel)" time="0.009" />
  <testcase classname="ptolemy.util.test.junit.AutoTests" name="[22] /home/travis/build/icyphy/ptII/ptolemy/domains/de/test/auto/DepthTest4.xml (RunModel)" time="0.018" />
  <testcase classname="ptolemy.util.test.junit.AutoTests" name="[23] /home/travis/build/icyphy/ptII/ptolemy/domains/de/test/auto/DepthTest5.xml (RunModel)" time="0.012" />
  <testcase classname="ptolemy.util.test.junit.AutoTests" name="[24] /home/travis/build/icyphy/ptII/ptolemy/domains/de/test/auto/DepthTest6.xml (RunModel)" time="0.012" />
  <testcase classname="ptolemy.util.test.junit.AutoTests" name="[25] /home/travis/build/icyphy/ptII/ptolemy/domains/de/test/auto/DepthTest7.xml (RunModel)" time="0.013" />
  <testcase classname="ptolemy.util.test.junit.AutoTests" name="[26] /home/travis/build/icyphy/ptII/ptolemy/domains/de/test/auto/EventToDate.xml (RunModel)" time="3.033" />
  <testcase classname="ptolemy.util.test.junit.AutoTests" name="[27] /home/travis/build/icyphy/ptII/ptolemy/domains/de/test/auto/FSM1.xml (RunModel)" time="0.038" />
  <testcase classname="ptolemy.util.test.junit.AutoTests" name="[28] /home/travis/build/icyphy/ptII/ptolemy/domains/de/test/auto/FSM7.xml (RunModel)" time="0.034" />
  <testcase classname="ptolemy.util.test.junit.AutoTests" name="[29] /home/travis/build/icyphy/ptII/ptolemy/domains/de/test/auto/Inspection.xml (RunModel)" time="0.051" />
  <testcase classname="ptolemy.util.test.junit.AutoTests" name="[30] /home/travis/build/icyphy/ptII/ptolemy/domains/de/test/auto/Iteration.xml (RunModel)" time="0.027" />
  <testcase classname="ptolemy.util.test.junit.AutoTests" name="[31] /home/travis/build/icyphy/ptII/ptolemy/domains/de/test/auto/LineFault.xml (RunModel)" time="0.637" />
  <testcase classname="ptolemy.util.test.junit.AutoTests" name="[32] /home/travis/build/icyphy/ptII/ptolemy/domains/de/test/auto/MergeModel1Add.xml (RunModel)" time="0.055" />
  <testcase classname="ptolemy.util.test.junit.AutoTests" name="[33] /home/travis/build/icyphy/ptII/ptolemy/domains/de/test/auto/MergeModel2Add.xml (RunModel)" time="0.041" />
  <testcase classname="ptolemy.util.test.junit.AutoTests" name="[34] /home/travis/build/icyphy/ptII/ptolemy/domains/de/test/auto/MergeModel3Add.xml (RunModel)" time="0.043" />
  <testcase classname="ptolemy.util.test.junit.AutoTests" name="[35] /home/travis/build/icyphy/ptII/ptolemy/domains/de/test/auto/MergeWithoutDiscard.xml (RunModel)" time="0.013" />
  <testcase classname="ptolemy.util.test.junit.AutoTests" name="[36] /home/travis/build/icyphy/ptII/ptolemy/domains/de/test/auto/Modal1.xml (RunModel)" time="0.028" />
  <testcase classname="ptolemy.util.test.junit.AutoTests" name="[37] /home/travis/build/icyphy/ptII/ptolemy/domains/de/test/auto/Modal2.xml (RunModel)" time="0.032" />
  <testcase classname="ptolemy.util.test.junit.AutoTests" name="[38] /home/travis/build/icyphy/ptII/ptolemy/domains/de/test/auto/Modal3.xml (RunModel)" time="0.025" />
  <testcase classname="ptolemy.util.test.junit.AutoTests" name="[39] /home/travis/build/icyphy/ptII/ptolemy/domains/de/test/auto/Modal4.xml (RunModel)" time="0.039" />
  <testcase classname="ptolemy.util.test.junit.AutoTests" name="[40] /home/travis/build/icyphy/ptII/ptolemy/domains/de/test/auto/Modal5.xml (RunModel)" time="0.036" />
  <testcase classname="ptolemy.util.test.junit.AutoTests" name="[41] /home/travis/build/icyphy/ptII/ptolemy/domains/de/test/auto/Modal6.xml (RunModel)" time="0.03" />
  <testcase classname="ptolemy.util.test.junit.AutoTests" name="[42] /home/travis/build/icyphy/ptII/ptolemy/domains/de/test/auto/Modal7.xml (RunModel)" time="0.033" />
  <testcase classname="ptolemy.util.test.junit.AutoTests" name="[43] /home/travis/build/icyphy/ptII/ptolemy/domains/de/test/auto/ModalModel.xml (RunModel)" time="0.174" />
  <testcase classname="ptolemy.util.test.junit.AutoTests" name="[44] /home/travis/build/icyphy/ptII/ptolemy/domains/de/test/auto/ModalSource.xml (RunModel)" time="0.027" />
  <testcase classname="ptolemy.util.test.junit.AutoTests" name="[45] /home/travis/build/icyphy/ptII/ptolemy/domains/de/test/auto/NonInterruptibleTimerZeroDelay.xml (RunModel)" time="0.014" />
  <testcase classname="ptolemy.util.test.junit.AutoTests" name="[46] /home/travis/build/icyphy/ptII/ptolemy/domains/de/test/auto/OpenQueueingNetwork.xml (RunModel)" time="2.423" />
  <testcase classname="ptolemy.util.test.junit.AutoTests" name="[47] /home/travis/build/icyphy/ptII/ptolemy/domains/de/test/auto/OpenQueuingNetwork.xml (RunModel)" time="0.3" />
  <testcase classname="ptolemy.util.test.junit.AutoTests" name="[48] /home/travis/build/icyphy/ptII/ptolemy/domains/de/test/auto/PeriodicSampler.xml (RunModel)" time="0.008" />
  <testcase classname="ptolemy.util.test.junit.AutoTests" name="[49] /home/travis/build/icyphy/ptII/ptolemy/domains/de/test/auto/PersistentIO.xml (RunModel)" time="0.018" />
  <testcase classname="ptolemy.util.test.junit.AutoTests" name="[50] /home/travis/build/icyphy/ptII/ptolemy/domains/de/test/auto/PortParameterResetOnInitialize.xml (RunModel)" time="0.009" />
  <testcase classname="ptolemy.util.test.junit.AutoTests" name="[51] /home/travis/build/icyphy/ptII/ptolemy/domains/de/test/auto/PortParameterUpdates.xml (RunModel)" time="0.014" />
  <testcase classname="ptolemy.util.test.junit.AutoTests" name="[52] /home/travis/build/icyphy/ptII/ptolemy/domains/de/test/auto/QueueAndServer.xml (RunModel)" time="0.022" />
  <testcase classname="ptolemy.util.test.junit.AutoTests" name="[53] /home/travis/build/icyphy/ptII/ptolemy/domains/de/test/auto/Records.xml (RunModel)" time="0.014" />
  <testcase classname="ptolemy.util.test.junit.AutoTests" name="[54] /home/travis/build/icyphy/ptII/ptolemy/domains/de/test/auto/ResetTransitionWithStartTime1.xml (RunModel)" time="0.021" />
  <testcase classname="ptolemy.util.test.junit.AutoTests" name="[55] /home/travis/build/icyphy/ptII/ptolemy/domains/de/test/auto/ResetTransitionWithStartTime2.xml (RunModel)" time="0.02" />
  <testcase classname="ptolemy.util.test.junit.AutoTests" name="[56] /home/travis/build/icyphy/ptII/ptolemy/domains/de/test/auto/ResetTransitionWithStartTime3.xml (RunModel)" time="0.02" />
  <testcase classname="ptolemy.util.test.junit.AutoTests" name="[57] /home/travis/build/icyphy/ptII/ptolemy/domains/de/test/auto/ResetTransitionWithStartTime4.xml (RunModel)" time="0.016" />
  <testcase classname="ptolemy.util.test.junit.AutoTests" name="[58] /home/travis/build/icyphy/ptII/ptolemy/domains/de/test/auto/ResettableTimer1.xml (RunModel)" time="0.01" />
  <testcase classname="ptolemy.util.test.junit.AutoTests" name="[59] /home/travis/build/icyphy/ptII/ptolemy/domains/de/test/auto/ResettableTimer2.xml (RunModel)" time="0.008" />
  <testcase classname="ptolemy.util.test.junit.AutoTests" name="[60] /home/travis/build/icyphy/ptII/ptolemy/domains/de/test/auto/ResettableTimer3.xml (RunModel)" time="0.008" />
  <testcase classname="ptolemy.util.test.junit.AutoTests" name="[61] /home/travis/build/icyphy/ptII/ptolemy/domains/de/test/auto/ResettableTimer4.xml (RunModel)" time="0.01" />
  <testcase classname="ptolemy.util.test.junit.AutoTests" name="[62] /home/travis/build/icyphy/ptII/ptolemy/domains/de/test/auto/ResettableTimer5.xml (RunModel)" time="0.016" />
  <testcase classname="ptolemy.util.test.junit.AutoTests" name="[63] /home/travis/build/icyphy/ptII/ptolemy/domains/de/test/auto/ResettableTimer6.xml (RunModel)" time="0.017" />
  <testcase classname="ptolemy.util.test.junit.AutoTests" name="[64] /home/travis/build/icyphy/ptII/ptolemy/domains/de/test/auto/ServerZeroDelay.xml (RunModel)" time="0.009" />
  <testcase classname="ptolemy.util.test.junit.AutoTests" name="[65] /home/travis/build/icyphy/ptII/ptolemy/domains/de/test/auto/SmartSender.xml (RunModel)" time="3.007" />
  <testcase classname="ptolemy.util.test.junit.AutoTests" name="[66] /home/travis/build/icyphy/ptII/ptolemy/domains/de/test/auto/ThreadedComposite.xml (RunModel)" time="0.131" />
  <testcase classname="ptolemy.util.test.junit.AutoTests" name="[67] /home/travis/build/icyphy/ptII/ptolemy/domains/de/test/auto/Time.xml (RunModel)" time="0.45" />
  <testcase classname="ptolemy.util.test.junit.AutoTests" name="[68] /home/travis/build/icyphy/ptII/ptolemy/domains/de/test/auto/TimeDelayZeroDelay.xml (RunModel)" time="0.014" />
  <testcase classname="ptolemy.util.test.junit.AutoTests" name="[69] /home/travis/build/icyphy/ptII/ptolemy/domains/de/test/auto/TimerZeroDelay.xml (RunModel)" time="0.01" />
  <testcase classname="ptolemy.util.test.junit.AutoTests" name="[70] /home/travis/build/icyphy/ptII/ptolemy/domains/de/test/auto/TimingParadox.xml (RunModel)" time="0.403" />
  <testcase classname="ptolemy.util.test.junit.AutoTests" name="[71] /home/travis/build/icyphy/ptII/ptolemy/domains/de/test/auto/TransferInputs.xml (RunModel)" time="0.01" />
  <testcase classname="ptolemy.util.test.junit.AutoTests" name="[72] /home/travis/build/icyphy/ptII/ptolemy/domains/de/test/auto/TransferOutputs2.xml (RunModel)" time="0.019" />
  <testcase classname="ptolemy.util.test.junit.AutoTests" name="[73] /home/travis/build/icyphy/ptII/ptolemy/domains/de/test/auto/Trilateration.xml (RunModel)" time="12.279" />
  <testcase classname="ptolemy.util.test.junit.AutoTests" name="[74] /home/travis/build/icyphy/ptII/ptolemy/domains/de/test/auto/TwoSigmaDelta.xml (RunModel)" time="2.112" />
  <testcase classname="ptolemy.util.test.junit.AutoTests" name="[75] /home/travis/build/icyphy/ptII/ptolemy/domains/de/test/auto/VariableDelay.xml (RunModel)" time="0.013" />
  <testcase classname="ptolemy.util.test.junit.AutoTests" name="[76] /home/travis/build/icyphy/ptII/ptolemy/domains/de/test/auto/VariableDelay2.xml (RunModel)" time="0.008" />
  <testcase classname="ptolemy.util.test.junit.AutoTests" name="[77] /home/travis/build/icyphy/ptII/ptolemy/domains/de/test/auto/VariableDelayZeroDelay.xml (RunModel)" time="0.042" />
  <testcase classname="ptolemy.util.test.junit.AutoTests" name="[78] /home/travis/build/icyphy/ptII/ptolemy/domains/de/test/auto/VariableDelayZeroDelay2.xml (RunModel)" time="0.035" />
  <testcase classname="ptolemy.util.test.junit.AutoTests" name="[79] /home/travis/build/icyphy/ptII/ptolemy/domains/de/test/auto/deInCt.xml (RunModel)" time="0.031" />
  <testcase classname="ptolemy.util.test.junit.AutoTests" name="[80] /home/travis/build/icyphy/ptII/ptolemy/domains/de/test/auto/deInCt2.xml (RunModel)" time="0.021" />
  <testcase classname="ptolemy.util.test.junit.AutoTests" name="[81] /home/travis/build/icyphy/ptII/ptolemy/domains/de/test/auto/dynamicCausalityInterface1.xml (RunModel)" time="0.029" />
  <testcase classname="ptolemy.util.test.junit.AutoTests" name="[82] /home/travis/build/icyphy/ptII/ptolemy/domains/de/test/auto/fsm_de_test.xml (RunModel)" time="0.051" />
  <testcase classname="ptolemy.util.test.junit.AutoTests" name="[83] /home/travis/build/icyphy/ptII/ptolemy/domains/de/test/auto/functionDependencyReconstruction.xml (RunModel)" time="0.062" />
  <testcase classname="ptolemy.util.test.junit.AutoTests" name="[84] /home/travis/build/icyphy/ptII/ptolemy/domains/de/test/auto/multirate.xml (RunModel)" time="0.025" />
  <testcase classname="ptolemy.util.test.junit.AutoTests" name="[85] /home/travis/build/icyphy/ptII/ptolemy/domains/de/test/auto/multirate2.xml (RunModel)" time="0.037" />
  <testcase classname="ptolemy.util.test.junit.AutoTests" name="[86] /home/travis/build/icyphy/ptII/ptolemy/domains/de/test/auto/realtime.xml (RunModel)" time="10.025" />
  <testcase classname="ptolemy.util.test.junit.AutoTests" name="[87] /home/travis/build/icyphy/ptII/ptolemy/domains/de/test/auto/relationGroup.xml (RunModel)" time="0.008" />
  <testcase classname="ptolemy.util.test.junit.AutoTests" name="[88] /home/travis/build/icyphy/ptII/ptolemy/domains/de/test/auto/relationGroup2.xml (RunModel)" time="0.006" />
  <testcase classname="ptolemy.util.test.junit.AutoTests" name="[89] /home/travis/build/icyphy/ptII/ptolemy/domains/de/test/auto/sortWithOpaquePorts.xml (RunModel)" time="0.016" />
  <testcase classname="ptolemy.util.test.junit.AutoTests" name="[90] /home/travis/build/icyphy/ptII/ptolemy/domains/de/test/auto/transferInputsandOutputs.xml (RunModel)" time="0.015" />
  <testcase classname="ptolemy.util.test.junit.AutoTests" name="[91] /home/travis/build/icyphy/ptII/ptolemy/domains/de/test/auto/triggerType.xml (RunModel)" time="0.008" />
  <system-out><![CDATA[/home/travis/build/icyphy/ptII/ptolemy/domains/de/test/DependencyLoop.tcl
testDefs.tcl: setting time out to 9000 seconds at Mon Oct 21 06:01:39 UTC 2019
64 ms. Memory: 120832K Free: 72008K (60%)
20 ms. Memory: 120832K Free: 54586K (45%)
/home/travis/build/icyphy/ptII/ptolemy/domains/de/test/RunDETestsAsQSS.tcl
Run the DE tests using ptolemy.domains.qss.test.QSSDirectorTest, which extends QSSDirector and prints a message in the constructors.
------------------ testing $PTII/ptolemy/domains/de/test/auto/knownFailedTests/DirectFeedback.xml (Known Failure) 
70 ms. Memory: 120832K Free: 48970K (41%)


==== $PTIIhome/travis/build/icyphy/ptII/ptolemy/domains/de/test/../../../../: Auto Automatic test in file $PTII/ptolemy/domains/de/test/auto/knownFailedTests/DirectFeedback.xml
==== Contents of test case:

	    # FIXME: we should use $relativeFilename here, but it
	    # might have backslashes under Windows, which causes no end
	    # of trouble.
	    createAndExecute $file
	    list {}
	
.... Test generated KNOWN error:
    while executing
ptolemy.kernel.util.IllegalActionException: Test fails in iteration 1.
Value was: 1.0. Should have been: 2.0
  in .DirectFeedback.Test
	at ptolemy.actor.lib.Test.fire(Test.java:268)
	at ptolemy.domains.de.kernel.DEDirector._fire(DEDirector.java:1949)
	at ptolemy.domains.de.kernel.DEDirector.fire(DEDirector.java:502)
	at ptolemy.actor.CompositeActor.fire(CompositeActor.java:455)
	at ptolemy.actor.Manager.iterate(Manager.java:851)
	at ptolemy.actor.Manager.execute(Manager.java:369)
	at ptolemy.actor.Manager.run(Manager.java:1263)
	at ptolemy.actor.Manager$PtolemyRunThread.run(Manager.java:1933)

    while executing
ptolemy.kernel.util.IllegalActionException: Test fails in iteration 1.
Value was: 1.0. Should have been: 2.0
  in .DirectFeedback.Test
    while executing
"java::new ptolemy.moml.MoMLSimpleApplication $file
"
    (procedure "createAndExecute" line 2)
    invoked from within
"createAndExecute $file"
    ("uplevel" body line 5)
    invoked from within
"uplevel $contents_of_test"
------------------ testing $PTII/ptolemy/domains/de/test/auto/knownFailedTests/dependencyLoop.xml (Known Failure) 
16 ms. Memory: 120832K Free: 45898K (38%)


==== $PTIIhome/travis/build/icyphy/ptII/ptolemy/domains/de/test/../../../../: Auto Automatic test in file $PTII/ptolemy/domains/de/test/auto/knownFailedTests/dependencyLoop.xml
==== Contents of test case:

	    # FIXME: we should use $relativeFilename here, but it
	    # might have backslashes under Windows, which causes no end
	    # of trouble.
	    createAndExecute $file
	    list {}
	
.... Test generated KNOWN error:
    while executing
ptolemy.kernel.util.IllegalActionException: Found a zero delay loop containing .dependencyLoop.original
  in .dependencyLoop and .dependencyLoop.original
	at ptolemy.actor.util.CausalityInterfaceForComposites._computeOutputPortDepth(CausalityInterfaceForComposites.java:759)
	at ptolemy.actor.util.CausalityInterfaceForComposites._computeInputDepth(CausalityInterfaceForComposites.java:696)
	at ptolemy.actor.util.CausalityInterfaceForComposites._computeOutputPortDepth(CausalityInterfaceForComposites.java:765)
	at ptolemy.actor.util.CausalityInterfaceForComposites._computeInputDepth(CausalityInterfaceForComposites.java:696)
	at ptolemy.actor.util.CausalityInterfaceForComposites._computeOutputPortDepth(CausalityInterfaceForComposites.java:765)
	at ptolemy.actor.util.CausalityInterfaceForComposites._computeInputDepth(CausalityInterfaceForComposites.java:696)
	at ptolemy.actor.util.CausalityInterfaceForComposites._computeActorDepth(CausalityInterfaceForComposites.java:532)
	at ptolemy.actor.util.CausalityInterfaceForComposites.checkForCycles(CausalityInterfaceForComposites.java:96)
	at ptolemy.domains.de.kernel.DEDirector.preinitialize(DEDirector.java:1338)
	at ptolemy.actor.CompositeActor.preinitialize(CompositeActor.java:1828)
	at ptolemy.actor.Manager.preinitializeAndResolveTypes(Manager.java:1040)
	at ptolemy.actor.Manager.initialize(Manager.java:710)
	at ptolemy.actor.Manager.execute(Manager.java:356)
	at ptolemy.actor.Manager.run(Manager.java:1263)
	at ptolemy.actor.Manager$PtolemyRunThread.run(Manager.java:1933)

    while executing
ptolemy.kernel.util.IllegalActionException: Found a zero delay loop containing .dependencyLoop.original
  in .dependencyLoop and .dependencyLoop.original
    while executing
"java::new ptolemy.moml.MoMLSimpleApplication $file
"
    (procedure "createAndExecute" line 2)
    invoked from within
"createAndExecute $file"
    ("uplevel" body line 5)
    invoked from within
"uplevel $contents_of_test"
------------------ testing $PTII/ptolemy/domains/de/test/auto/knownFailedTests/FSMSource.xml (Known Failure) 
84 ms. Memory: 120832K Free: 99381K (82%)
!!!! Auto was marked as failing, but now passes
------------------ testing $PTII/ptolemy/domains/de/test/auto/knownFailedTests/HierarchicalModel.xml (Known Failure) 
6 ms. Memory: 120832K Free: 82367K (68%)


==== $PTIIhome/travis/build/icyphy/ptII/ptolemy/domains/de/test/../../../../: Auto Automatic test in file $PTII/ptolemy/domains/de/test/auto/knownFailedTests/HierarchicalModel.xml
==== Contents of test case:

	    # FIXME: we should use $relativeFilename here, but it
	    # might have backslashes under Windows, which causes no end
	    # of trouble.
	    createAndExecute $file
	    list {}
	
.... Test generated KNOWN error:
    while executing
ptolemy.kernel.util.IllegalActionException: Found a zero delay loop containing .HierarchicalModel.A
  in .HierarchicalModel and .HierarchicalModel.A
	at ptolemy.actor.util.CausalityInterfaceForComposites._computeOutputPortDepth(CausalityInterfaceForComposites.java:759)
	at ptolemy.actor.util.CausalityInterfaceForComposites._computeInputDepth(CausalityInterfaceForComposites.java:696)
	at ptolemy.actor.util.CausalityInterfaceForComposites._computeOutputPortDepth(CausalityInterfaceForComposites.java:765)
	at ptolemy.actor.util.CausalityInterfaceForComposites._computeInputDepth(CausalityInterfaceForComposites.java:696)
	at ptolemy.actor.util.CausalityInterfaceForComposites._computeOutputPortDepth(CausalityInterfaceForComposites.java:765)
	at ptolemy.actor.util.CausalityInterfaceForComposites._computeInputDepth(CausalityInterfaceForComposites.java:696)
	at ptolemy.actor.util.CausalityInterfaceForComposites._computeActorDepth(CausalityInterfaceForComposites.java:532)
	at ptolemy.actor.util.CausalityInterfaceForComposites.checkForCycles(CausalityInterfaceForComposites.java:96)
	at ptolemy.domains.de.kernel.DEDirector.preinitialize(DEDirector.java:1338)
	at ptolemy.actor.CompositeActor.preinitialize(CompositeActor.java:1828)
	at ptolemy.actor.Manager.preinitializeAndResolveTypes(Manager.java:1040)
	at ptolemy.actor.Manager.initialize(Manager.java:710)
	at ptolemy.actor.Manager.execute(Manager.java:356)
	at ptolemy.actor.Manager.run(Manager.java:1263)
	at ptolemy.actor.Manager$PtolemyRunThread.run(Manager.java:1933)

    while executing
ptolemy.kernel.util.IllegalActionException: Found a zero delay loop containing .HierarchicalModel.A
  in .HierarchicalModel and .HierarchicalModel.A
    while executing
"java::new ptolemy.moml.MoMLSimpleApplication $file
"
    (procedure "createAndExecute" line 2)
    invoked from within
"createAndExecute $file"
    ("uplevel" body line 5)
    invoked from within
"uplevel $contents_of_test"
------------------ testing $PTII/ptolemy/domains/de/test/auto/knownFailedTests/dependencyLoop2.xml (Known Failure) 
27 ms. Memory: 120832K Free: 105770K (88%)


==== $PTIIhome/travis/build/icyphy/ptII/ptolemy/domains/de/test/../../../../: Auto Automatic test in file $PTII/ptolemy/domains/de/test/auto/knownFailedTests/dependencyLoop2.xml
==== Contents of test case:

	    # FIXME: we should use $relativeFilename here, but it
	    # might have backslashes under Windows, which causes no end
	    # of trouble.
	    createAndExecute $file
	    list {}
	
.... Test generated KNOWN error:
    while executing
ptolemy.kernel.util.IllegalActionException: Found a zero delay loop containing .dependencyLoop2.original
  in .dependencyLoop2 and .dependencyLoop2.original
	at ptolemy.actor.util.CausalityInterfaceForComposites._computeOutputPortDepth(CausalityInterfaceForComposites.java:759)
	at ptolemy.actor.util.CausalityInterfaceForComposites._computeInputDepth(CausalityInterfaceForComposites.java:696)
	at ptolemy.actor.util.CausalityInterfaceForComposites._computeOutputPortDepth(CausalityInterfaceForComposites.java:765)
	at ptolemy.actor.util.CausalityInterfaceForComposites._computeInputDepth(CausalityInterfaceForComposites.java:696)
	at ptolemy.actor.util.CausalityInterfaceForComposites._computeOutputPortDepth(CausalityInterfaceForComposites.java:765)
	at ptolemy.actor.util.CausalityInterfaceForComposites._computeInputDepth(CausalityInterfaceForComposites.java:696)
	at ptolemy.actor.util.CausalityInterfaceForComposites._computeActorDepth(CausalityInterfaceForComposites.java:532)
	at ptolemy.actor.util.CausalityInterfaceForComposites.checkForCycles(CausalityInterfaceForComposites.java:96)
	at ptolemy.domains.de.kernel.DEDirector.preinitialize(DEDirector.java:1338)
	at ptolemy.actor.CompositeActor.preinitialize(CompositeActor.java:1828)
	at ptolemy.actor.Manager.preinitializeAndResolveTypes(Manager.java:1040)
	at ptolemy.actor.Manager.initialize(Manager.java:710)
	at ptolemy.actor.Manager.execute(Manager.java:356)
	at ptolemy.actor.Manager.run(Manager.java:1263)
	at ptolemy.actor.Manager$PtolemyRunThread.run(Manager.java:1933)

    while executing
ptolemy.kernel.util.IllegalActionException: Found a zero delay loop containing .dependencyLoop2.original
  in .dependencyLoop2 and .dependencyLoop2.original
    while executing
"java::new ptolemy.moml.MoMLSimpleApplication $file
"
    (procedure "createAndExecute" line 2)
    invoked from within
"createAndExecute $file"
    ("uplevel" body line 5)
    invoked from within
"uplevel $contents_of_test"
------------------ testing $PTII/ptolemy/domains/de/test/auto/knownFailedTests/DESDFClockTest.xml (Known Failure) 
2061 ms. Memory: 120832K Free: 92787K (77%)


==== $PTIIhome/travis/build/icyphy/ptII/ptolemy/domains/de/test/../../../../: Auto Automatic test in file $PTII/ptolemy/domains/de/test/auto/knownFailedTests/DESDFClockTest.xml
==== Contents of test case:

	    # FIXME: we should use $relativeFilename here, but it
	    # might have backslashes under Windows, which causes no end
	    # of trouble.
	    createAndExecute $file
	    list {}
	
.... Test generated KNOWN error:
    while executing
ptolemy.kernel.util.IllegalActionException: Actor is not ready to fire.  Perhaps UpSample.prefire() returned false? Try debugging the actor by selecting "Listen to Actor".  Also, for SDF check moml for tokenConsumptionRate on input.
  in .DESDFClockTest.Play Bell.Copy1:SDF Director and .DESDFClockTest.Play Bell.UpSample
	at ptolemy.actor.sched.StaticSchedulingDirector.fire(StaticSchedulingDirector.java:227)
	at ptolemy.domains.sdf.kernel.SDFDirector.fire(SDFDirector.java:500)
	at ptolemy.actor.CompositeActor.fire(CompositeActor.java:455)
	at ptolemy.domains.de.kernel.DEDirector._fire(DEDirector.java:1949)
	at ptolemy.domains.de.kernel.DEDirector.fire(DEDirector.java:502)
	at ptolemy.actor.CompositeActor.fire(CompositeActor.java:455)
	at ptolemy.actor.Manager.iterate(Manager.java:851)
	at ptolemy.actor.Manager.execute(Manager.java:369)
	at ptolemy.actor.Manager.run(Manager.java:1263)
	at ptolemy.actor.Manager$PtolemyRunThread.run(Manager.java:1933)

    while executing
ptolemy.kernel.util.IllegalActionException: Actor is not ready to fire.  Perhaps UpSample.prefire() returned false? Try debugging the actor by selecting "Listen to Actor".  Also, for SDF check moml for tokenConsumptionRate on input.
  in .DESDFClockTest.Play Bell.Copy1:SDF Director and .DESDFClockTest.Play Bell.UpSample
    while executing
"java::new ptolemy.moml.MoMLSimpleApplication $file
"
    (procedure "createAndExecute" line 2)
    invoked from within
"createAndExecute $file"
    ("uplevel" body line 5)
    invoked from within
"uplevel $contents_of_test"
------------------ testing $PTII/ptolemy/domains/de/test/auto/ActorDepthCalculation_actorWithoutPorts.xml
auto.tcl: Setting watchdog for 200 seconds at Mon Oct 21 06:01:43 UTC 2019
9 ms. Memory: 120832K Free: 85091K (70%)
ptolemy.util.test.WatchDog.cancel(): canceling Mon Oct 21 06:01:43 UTC 2019
auto.tcl: Setting watchdog for 200 seconds at Mon Oct 21 06:01:43 UTC 2019
4 ms. Memory: 120832K Free: 83571K (69%)
ptolemy.util.test.WatchDog.cancel(): canceling Mon Oct 21 06:01:43 UTC 2019
------------------ testing $PTII/ptolemy/domains/de/test/auto/AssemblyLine.xml
auto.tcl: Setting watchdog for 200 seconds at Mon Oct 21 06:01:43 UTC 2019
12 ms. Memory: 48128K Free: 26004K (54%)
ptolemy.util.test.WatchDog.cancel(): canceling Mon Oct 21 06:01:44 UTC 2019
auto.tcl: Setting watchdog for 200 seconds at Mon Oct 21 06:01:44 UTC 2019
6 ms. Memory: 48128K Free: 25295K (53%)
ptolemy.util.test.WatchDog.cancel(): canceling Mon Oct 21 06:01:44 UTC 2019
------------------ testing $PTII/ptolemy/domains/de/test/auto/CQBug1.xml
auto.tcl: Setting watchdog for 200 seconds at Mon Oct 21 06:01:44 UTC 2019
6 ms. Memory: 48128K Free: 31541K (66%)
ptolemy.util.test.WatchDog.cancel(): canceling Mon Oct 21 06:01:44 UTC 2019
auto.tcl: Setting watchdog for 200 seconds at Mon Oct 21 06:01:44 UTC 2019
2 ms. Memory: 48128K Free: 31102K (65%)
ptolemy.util.test.WatchDog.cancel(): canceling Mon Oct 21 06:01:44 UTC 2019
------------------ testing $PTII/ptolemy/domains/de/test/auto/CancelFireAt.xml
auto.tcl: Setting watchdog for 200 seconds at Mon Oct 21 06:01:44 UTC 2019
3 ms. Memory: 48128K Free: 32670K (68%)
ptolemy.util.test.WatchDog.cancel(): canceling Mon Oct 21 06:01:44 UTC 2019
auto.tcl: Setting watchdog for 200 seconds at Mon Oct 21 06:01:44 UTC 2019
2 ms. Memory: 48128K Free: 32231K (67%)
ptolemy.util.test.WatchDog.cancel(): canceling Mon Oct 21 06:01:44 UTC 2019
------------------ testing $PTII/ptolemy/domains/de/test/auto/CausalityAndComposabilityAnalysis.xml
auto.tcl: Setting watchdog for 200 seconds at Mon Oct 21 06:01:44 UTC 2019
6 ms. Memory: 48128K Free: 30645K (64%)
ptolemy.util.test.WatchDog.cancel(): canceling Mon Oct 21 06:01:44 UTC 2019
auto.tcl: Setting watchdog for 200 seconds at Mon Oct 21 06:01:44 UTC 2019
5 ms. Memory: 48128K Free: 29973K (62%)
ptolemy.util.test.WatchDog.cancel(): canceling Mon Oct 21 06:01:44 UTC 2019
------------------ testing $PTII/ptolemy/domains/de/test/auto/CausalityInterface1.xml
auto.tcl: Setting watchdog for 200 seconds at Mon Oct 21 06:01:44 UTC 2019
17 ms. Memory: 48128K Free: 29419K (61%)
ptolemy.util.test.WatchDog.cancel(): canceling Mon Oct 21 06:01:44 UTC 2019
auto.tcl: Setting watchdog for 200 seconds at Mon Oct 21 06:01:44 UTC 2019
8 ms. Memory: 48128K Free: 28433K (59%)
ptolemy.util.test.WatchDog.cancel(): canceling Mon Oct 21 06:01:44 UTC 2019
------------------ testing $PTII/ptolemy/domains/de/test/auto/CausalityInterface15.xml
auto.tcl: Setting watchdog for 200 seconds at Mon Oct 21 06:01:44 UTC 2019
8 ms. Memory: 48128K Free: 29084K (60%)
ptolemy.util.test.WatchDog.cancel(): canceling Mon Oct 21 06:01:44 UTC 2019
auto.tcl: Setting watchdog for 200 seconds at Mon Oct 21 06:01:44 UTC 2019
7 ms. Memory: 48128K Free: 28386K (59%)
ptolemy.util.test.WatchDog.cancel(): canceling Mon Oct 21 06:01:44 UTC 2019
------------------ testing $PTII/ptolemy/domains/de/test/auto/CausalityInterface2.xml
auto.tcl: Setting watchdog for 200 seconds at Mon Oct 21 06:01:44 UTC 2019
5 ms. Memory: 48128K Free: 30078K (62%)
ptolemy.util.test.WatchDog.cancel(): canceling Mon Oct 21 06:01:44 UTC 2019
auto.tcl: Setting watchdog for 200 seconds at Mon Oct 21 06:01:44 UTC 2019
3 ms. Memory: 48128K Free: 28938K (60%)
ptolemy.util.test.WatchDog.cancel(): canceling Mon Oct 21 06:01:44 UTC 2019
------------------ testing $PTII/ptolemy/domains/de/test/auto/CausalityInterface3.xml
auto.tcl: Setting watchdog for 200 seconds at Mon Oct 21 06:01:44 UTC 2019
8 ms. Memory: 48128K Free: 29596K (61%)
ptolemy.util.test.WatchDog.cancel(): canceling Mon Oct 21 06:01:44 UTC 2019
auto.tcl: Setting watchdog for 200 seconds at Mon Oct 21 06:01:44 UTC 2019
3 ms. Memory: 48128K Free: 28834K (60%)
ptolemy.util.test.WatchDog.cancel(): canceling Mon Oct 21 06:01:44 UTC 2019
------------------ testing $PTII/ptolemy/domains/de/test/auto/ClockDrift.xml
auto.tcl: Setting watchdog for 200 seconds at Mon Oct 21 06:01:44 UTC 2019
99 ms. Memory: 48128K Free: 22185K (46%)
ptolemy.util.test.WatchDog.cancel(): canceling Mon Oct 21 06:01:45 UTC 2019
auto.tcl: Setting watchdog for 200 seconds at Mon Oct 21 06:01:45 UTC 2019
65 ms. Memory: 48128K Free: 18727K (39%)
ptolemy.util.test.WatchDog.cancel(): canceling Mon Oct 21 06:01:45 UTC 2019
------------------ testing $PTII/ptolemy/domains/de/test/auto/ClockDriftAndValueChange.xml
auto.tcl: Setting watchdog for 200 seconds at Mon Oct 21 06:01:45 UTC 2019
44 ms. Memory: 48128K Free: 22599K (47%)
ptolemy.util.test.WatchDog.cancel(): canceling Mon Oct 21 06:01:45 UTC 2019
auto.tcl: Setting watchdog for 200 seconds at Mon Oct 21 06:01:45 UTC 2019
33 ms. Memory: 48128K Free: 19668K (41%)
ptolemy.util.test.WatchDog.cancel(): canceling Mon Oct 21 06:01:45 UTC 2019
------------------ testing $PTII/ptolemy/domains/de/test/auto/ClockDriftChange.xml
auto.tcl: Setting watchdog for 200 seconds at Mon Oct 21 06:01:45 UTC 2019
18 ms. Memory: 48128K Free: 24330K (51%)
ptolemy.util.test.WatchDog.cancel(): canceling Mon Oct 21 06:01:45 UTC 2019
auto.tcl: Setting watchdog for 200 seconds at Mon Oct 21 06:01:45 UTC 2019
28 ms. Memory: 48128K Free: 21735K (45%)
ptolemy.util.test.WatchDog.cancel(): canceling Mon Oct 21 06:01:45 UTC 2019
------------------ testing $PTII/ptolemy/domains/de/test/auto/ComposableCausalityAnalysis.xml
auto.tcl: Setting watchdog for 200 seconds at Mon Oct 21 06:01:45 UTC 2019
6 ms. Memory: 48128K Free: 28916K (60%)
ptolemy.util.test.WatchDog.cancel(): canceling Mon Oct 21 06:01:45 UTC 2019
auto.tcl: Setting watchdog for 200 seconds at Mon Oct 21 06:01:45 UTC 2019
2 ms. Memory: 48128K Free: 27874K (58%)
ptolemy.util.test.WatchDog.cancel(): canceling Mon Oct 21 06:01:45 UTC 2019
------------------ testing $PTII/ptolemy/domains/de/test/auto/DEFixedPointLimitation.xml
auto.tcl: Setting watchdog for 200 seconds at Mon Oct 21 06:01:45 UTC 2019
2 ms. Memory: 48128K Free: 30278K (63%)
ptolemy.util.test.WatchDog.cancel(): canceling Mon Oct 21 06:01:45 UTC 2019
auto.tcl: Setting watchdog for 200 seconds at Mon Oct 21 06:01:45 UTC 2019
2 ms. Memory: 48128K Free: 29422K (61%)
ptolemy.util.test.WatchDog.cancel(): canceling Mon Oct 21 06:01:45 UTC 2019
------------------ testing $PTII/ptolemy/domains/de/test/auto/DEScheduleTest.xml
auto.tcl: Setting watchdog for 200 seconds at Mon Oct 21 06:01:45 UTC 2019
6 ms. Memory: 48128K Free: 30617K (64%)
ptolemy.util.test.WatchDog.cancel(): canceling Mon Oct 21 06:01:45 UTC 2019
auto.tcl: Setting watchdog for 200 seconds at Mon Oct 21 06:01:45 UTC 2019
4 ms. Memory: 48128K Free: 29841K (62%)
ptolemy.util.test.WatchDog.cancel(): canceling Mon Oct 21 06:01:45 UTC 2019
------------------ testing $PTII/ptolemy/domains/de/test/auto/DEinDEwithStartTimes.xml
auto.tcl: Setting watchdog for 200 seconds at Mon Oct 21 06:01:45 UTC 2019
4 ms. Memory: 48128K Free: 28768K (60%)
ptolemy.util.test.WatchDog.cancel(): canceling Mon Oct 21 06:01:45 UTC 2019
auto.tcl: Setting watchdog for 200 seconds at Mon Oct 21 06:01:45 UTC 2019
3 ms. Memory: 48128K Free: 27744K (58%)
ptolemy.util.test.WatchDog.cancel(): canceling Mon Oct 21 06:01:45 UTC 2019
------------------ testing $PTII/ptolemy/domains/de/test/auto/DEinDEwithStartTimes2.xml
auto.tcl: Setting watchdog for 200 seconds at Mon Oct 21 06:01:45 UTC 2019
4 ms. Memory: 48128K Free: 28008K (58%)
ptolemy.util.test.WatchDog.cancel(): canceling Mon Oct 21 06:01:45 UTC 2019
auto.tcl: Setting watchdog for 200 seconds at Mon Oct 21 06:01:45 UTC 2019
4 ms. Memory: 48128K Free: 26699K (55%)
ptolemy.util.test.WatchDog.cancel(): canceling Mon Oct 21 06:01:45 UTC 2019
------------------ testing $PTII/ptolemy/domains/de/test/auto/DateDemo.xml
auto.tcl: Setting watchdog for 200 seconds at Mon Oct 21 06:01:45 UTC 2019
16 ms. Memory: 48128K Free: 22825K (47%)
ptolemy.util.test.WatchDog.cancel(): canceling Mon Oct 21 06:01:45 UTC 2019
auto.tcl: Setting watchdog for 200 seconds at Mon Oct 21 06:01:45 UTC 2019
21 ms. Memory: 48128K Free: 21132K (44%)
ptolemy.util.test.WatchDog.cancel(): canceling Mon Oct 21 06:01:46 UTC 2019
------------------ testing $PTII/ptolemy/domains/de/test/auto/DateToEvent.xml
auto.tcl: Setting watchdog for 200 seconds at Mon Oct 21 06:01:46 UTC 2019
2018 ms. Memory: 48128K Free: 17768K (37%)
ptolemy.util.test.WatchDog.cancel(): canceling Mon Oct 21 06:01:48 UTC 2019
auto.tcl: Setting watchdog for 200 seconds at Mon Oct 21 06:01:48 UTC 2019
2006 ms. Memory: 48128K Free: 17351K (36%)
ptolemy.util.test.WatchDog.cancel(): canceling Mon Oct 21 06:01:50 UTC 2019
------------------ testing $PTII/ptolemy/domains/de/test/auto/DepthTest1.xml
auto.tcl: Setting watchdog for 200 seconds at Mon Oct 21 06:01:50 UTC 2019
5 ms. Memory: 48128K Free: 30880K (64%)
ptolemy.util.test.WatchDog.cancel(): canceling Mon Oct 21 06:01:50 UTC 2019
auto.tcl: Setting watchdog for 200 seconds at Mon Oct 21 06:01:50 UTC 2019
1 ms. Memory: 48128K Free: 30468K (63%)
ptolemy.util.test.WatchDog.cancel(): canceling Mon Oct 21 06:01:50 UTC 2019
------------------ testing $PTII/ptolemy/domains/de/test/auto/DepthTest2.xml
auto.tcl: Setting watchdog for 200 seconds at Mon Oct 21 06:01:50 UTC 2019
3 ms. Memory: 48128K Free: 28216K (59%)
ptolemy.util.test.WatchDog.cancel(): canceling Mon Oct 21 06:01:50 UTC 2019
auto.tcl: Setting watchdog for 200 seconds at Mon Oct 21 06:01:50 UTC 2019
3 ms. Memory: 48128K Free: 27736K (58%)
ptolemy.util.test.WatchDog.cancel(): canceling Mon Oct 21 06:01:50 UTC 2019
------------------ testing $PTII/ptolemy/domains/de/test/auto/DepthTest3.xml
auto.tcl: Setting watchdog for 200 seconds at Mon Oct 21 06:01:50 UTC 2019
1 ms. Memory: 48128K Free: 31737K (66%)
ptolemy.util.test.WatchDog.cancel(): canceling Mon Oct 21 06:01:50 UTC 2019
auto.tcl: Setting watchdog for 200 seconds at Mon Oct 21 06:01:50 UTC 2019
2 ms. Memory: 48128K Free: 31317K (65%)
ptolemy.util.test.WatchDog.cancel(): canceling Mon Oct 21 06:01:50 UTC 2019
------------------ testing $PTII/ptolemy/domains/de/test/auto/DepthTest4.xml
auto.tcl: Setting watchdog for 200 seconds at Mon Oct 21 06:01:50 UTC 2019
5 ms. Memory: 48128K Free: 30088K (63%)
ptolemy.util.test.WatchDog.cancel(): canceling Mon Oct 21 06:01:50 UTC 2019
auto.tcl: Setting watchdog for 200 seconds at Mon Oct 21 06:01:50 UTC 2019
2 ms. Memory: 48128K Free: 29333K (61%)
ptolemy.util.test.WatchDog.cancel(): canceling Mon Oct 21 06:01:50 UTC 2019
------------------ testing $PTII/ptolemy/domains/de/test/auto/DepthTest5.xml
auto.tcl: Setting watchdog for 200 seconds at Mon Oct 21 06:01:50 UTC 2019
13 ms. Memory: 48128K Free: 29470K (61%)
ptolemy.util.test.WatchDog.cancel(): canceling Mon Oct 21 06:01:50 UTC 2019
auto.tcl: Setting watchdog for 200 seconds at Mon Oct 21 06:01:50 UTC 2019
3 ms. Memory: 48128K Free: 28699K (60%)
ptolemy.util.test.WatchDog.cancel(): canceling Mon Oct 21 06:01:50 UTC 2019
------------------ testing $PTII/ptolemy/domains/de/test/auto/DepthTest6.xml
auto.tcl: Setting watchdog for 200 seconds at Mon Oct 21 06:01:50 UTC 2019
4 ms. Memory: 48128K Free: 29213K (61%)
ptolemy.util.test.WatchDog.cancel(): canceling Mon Oct 21 06:01:50 UTC 2019
auto.tcl: Setting watchdog for 200 seconds at Mon Oct 21 06:01:50 UTC 2019
3 ms. Memory: 48128K Free: 28801K (60%)
ptolemy.util.test.WatchDog.cancel(): canceling Mon Oct 21 06:01:50 UTC 2019
------------------ testing $PTII/ptolemy/domains/de/test/auto/DepthTest7.xml
auto.tcl: Setting watchdog for 200 seconds at Mon Oct 21 06:01:50 UTC 2019
3 ms. Memory: 48128K Free: 29697K (62%)
ptolemy.util.test.WatchDog.cancel(): canceling Mon Oct 21 06:01:50 UTC 2019
auto.tcl: Setting watchdog for 200 seconds at Mon Oct 21 06:01:50 UTC 2019
1 ms. Memory: 48128K Free: 29269K (61%)
ptolemy.util.test.WatchDog.cancel(): canceling Mon Oct 21 06:01:50 UTC 2019
------------------ testing $PTII/ptolemy/domains/de/test/auto/EventToDate.xml
auto.tcl: Setting watchdog for 200 seconds at Mon Oct 21 06:01:50 UTC 2019
3005 ms. Memory: 48128K Free: 20502K (43%)
ptolemy.util.test.WatchDog.cancel(): canceling Mon Oct 21 06:01:53 UTC 2019
auto.tcl: Setting watchdog for 200 seconds at Mon Oct 21 06:01:53 UTC 2019
3003 ms. Memory: 48128K Free: 19643K (41%)
ptolemy.util.test.WatchDog.cancel(): canceling Mon Oct 21 06:01:56 UTC 2019
------------------ testing $PTII/ptolemy/domains/de/test/auto/FSM1.xml
auto.tcl: Setting watchdog for 200 seconds at Mon Oct 21 06:01:56 UTC 2019
17 ms. Memory: 48128K Free: 22004K (46%)
ptolemy.util.test.WatchDog.cancel(): canceling Mon Oct 21 06:01:56 UTC 2019
auto.tcl: Setting watchdog for 200 seconds at Mon Oct 21 06:01:56 UTC 2019
15 ms. Memory: 48128K Free: 18746K (39%)
ptolemy.util.test.WatchDog.cancel(): canceling Mon Oct 21 06:01:56 UTC 2019
------------------ testing $PTII/ptolemy/domains/de/test/auto/FSM7.xml
auto.tcl: Setting watchdog for 200 seconds at Mon Oct 21 06:01:56 UTC 2019
26 ms. Memory: 48128K Free: 21705K (45%)
ptolemy.util.test.WatchDog.cancel(): canceling Mon Oct 21 06:01:57 UTC 2019
auto.tcl: Setting watchdog for 200 seconds at Mon Oct 21 06:01:57 UTC 2019
25 ms. Memory: 48128K Free: 18542K (39%)
ptolemy.util.test.WatchDog.cancel(): canceling Mon Oct 21 06:01:57 UTC 2019
------------------ testing $PTII/ptolemy/domains/de/test/auto/Inspection.xml
auto.tcl: Setting watchdog for 200 seconds at Mon Oct 21 06:01:57 UTC 2019
28 ms. Memory: 48128K Free: 21444K (45%)
ptolemy.util.test.WatchDog.cancel(): canceling Mon Oct 21 06:01:57 UTC 2019
auto.tcl: Setting watchdog for 200 seconds at Mon Oct 21 06:01:57 UTC 2019
16 ms. Memory: 48128K Free: 19588K (41%)
ptolemy.util.test.WatchDog.cancel(): canceling Mon Oct 21 06:01:57 UTC 2019
------------------ testing $PTII/ptolemy/domains/de/test/auto/Iteration.xml
auto.tcl: Setting watchdog for 200 seconds at Mon Oct 21 06:01:57 UTC 2019
11 ms. Memory: 48128K Free: 27464K (57%)
ptolemy.util.test.WatchDog.cancel(): canceling Mon Oct 21 06:01:57 UTC 2019
auto.tcl: Setting watchdog for 200 seconds at Mon Oct 21 06:01:57 UTC 2019
7 ms. Memory: 48128K Free: 26440K (55%)
ptolemy.util.test.WatchDog.cancel(): canceling Mon Oct 21 06:01:57 UTC 2019
------------------ testing $PTII/ptolemy/domains/de/test/auto/LineFault.xml
auto.tcl: Setting watchdog for 200 seconds at Mon Oct 21 06:01:57 UTC 2019
686 ms. Memory: 58368K Free: 31297K (54%)
ptolemy.util.test.WatchDog.cancel(): canceling Mon Oct 21 06:01:58 UTC 2019
auto.tcl: Setting watchdog for 200 seconds at Mon Oct 21 06:01:58 UTC 2019
594 ms. Memory: 58368K Free: 33936K (58%)
ptolemy.util.test.WatchDog.cancel(): canceling Mon Oct 21 06:01:58 UTC 2019
------------------ testing $PTII/ptolemy/domains/de/test/auto/MergeModel1Add.xml
auto.tcl: Setting watchdog for 200 seconds at Mon Oct 21 06:01:58 UTC 2019
30 ms. Memory: 51200K Free: 16188K (32%)
ptolemy.util.test.WatchDog.cancel(): canceling Mon Oct 21 06:01:58 UTC 2019
auto.tcl: Setting watchdog for 200 seconds at Mon Oct 21 06:01:58 UTC 2019
12 ms. Memory: 51200K Free: 14733K (29%)
ptolemy.util.test.WatchDog.cancel(): canceling Mon Oct 21 06:01:59 UTC 2019
------------------ testing $PTII/ptolemy/domains/de/test/auto/MergeModel2Add.xml
auto.tcl: Setting watchdog for 200 seconds at Mon Oct 21 06:01:59 UTC 2019
8 ms. Memory: 51200K Free: 18821K (37%)
ptolemy.util.test.WatchDog.cancel(): canceling Mon Oct 21 06:01:59 UTC 2019
auto.tcl: Setting watchdog for 200 seconds at Mon Oct 21 06:01:59 UTC 2019
8 ms. Memory: 51200K Free: 17138K (33%)
ptolemy.util.test.WatchDog.cancel(): canceling Mon Oct 21 06:01:59 UTC 2019
------------------ testing $PTII/ptolemy/domains/de/test/auto/MergeModel3Add.xml
auto.tcl: Setting watchdog for 200 seconds at Mon Oct 21 06:01:59 UTC 2019
10 ms. Memory: 51200K Free: 18523K (36%)
ptolemy.util.test.WatchDog.cancel(): canceling Mon Oct 21 06:01:59 UTC 2019
auto.tcl: Setting watchdog for 200 seconds at Mon Oct 21 06:01:59 UTC 2019
10 ms. Memory: 51200K Free: 17139K (33%)
ptolemy.util.test.WatchDog.cancel(): canceling Mon Oct 21 06:01:59 UTC 2019
------------------ testing $PTII/ptolemy/domains/de/test/auto/MergeWithoutDiscard.xml
auto.tcl: Setting watchdog for 200 seconds at Mon Oct 21 06:01:59 UTC 2019
2 ms. Memory: 48128K Free: 30370K (63%)
ptolemy.util.test.WatchDog.cancel(): canceling Mon Oct 21 06:01:59 UTC 2019
auto.tcl: Setting watchdog for 200 seconds at Mon Oct 21 06:01:59 UTC 2019
1 ms. Memory: 48128K Free: 29901K (62%)
ptolemy.util.test.WatchDog.cancel(): canceling Mon Oct 21 06:01:59 UTC 2019
------------------ testing $PTII/ptolemy/domains/de/test/auto/Modal1.xml
auto.tcl: Setting watchdog for 200 seconds at Mon Oct 21 06:01:59 UTC 2019
12 ms. Memory: 48128K Free: 21968K (46%)
ptolemy.util.test.WatchDog.cancel(): canceling Mon Oct 21 06:01:59 UTC 2019
auto.tcl: Setting watchdog for 200 seconds at Mon Oct 21 06:01:59 UTC 2019
12 ms. Memory: 48128K Free: 18499K (38%)
ptolemy.util.test.WatchDog.cancel(): canceling Mon Oct 21 06:01:59 UTC 2019
------------------ testing $PTII/ptolemy/domains/de/test/auto/Modal2.xml
auto.tcl: Setting watchdog for 200 seconds at Mon Oct 21 06:01:59 UTC 2019
11 ms. Memory: 48128K Free: 22107K (46%)
ptolemy.util.test.WatchDog.cancel(): canceling Mon Oct 21 06:01:59 UTC 2019
auto.tcl: Setting watchdog for 200 seconds at Mon Oct 21 06:01:59 UTC 2019
10 ms. Memory: 48128K Free: 18834K (39%)
ptolemy.util.test.WatchDog.cancel(): canceling Mon Oct 21 06:01:59 UTC 2019
------------------ testing $PTII/ptolemy/domains/de/test/auto/Modal3.xml
auto.tcl: Setting watchdog for 200 seconds at Mon Oct 21 06:01:59 UTC 2019
11 ms. Memory: 48128K Free: 21798K (45%)
ptolemy.util.test.WatchDog.cancel(): canceling Mon Oct 21 06:01:59 UTC 2019
auto.tcl: Setting watchdog for 200 seconds at Mon Oct 21 06:01:59 UTC 2019
11 ms. Memory: 48128K Free: 18835K (39%)
ptolemy.util.test.WatchDog.cancel(): canceling Mon Oct 21 06:01:59 UTC 2019
------------------ testing $PTII/ptolemy/domains/de/test/auto/Modal4.xml
auto.tcl: Setting watchdog for 200 seconds at Mon Oct 21 06:01:59 UTC 2019
24 ms. Memory: 48128K Free: 21040K (44%)
ptolemy.util.test.WatchDog.cancel(): canceling Mon Oct 21 06:01:59 UTC 2019
auto.tcl: Setting watchdog for 200 seconds at Mon Oct 21 06:01:59 UTC 2019
21 ms. Memory: 48128K Free: 17241K (36%)
ptolemy.util.test.WatchDog.cancel(): canceling Mon Oct 21 06:01:59 UTC 2019
------------------ testing $PTII/ptolemy/domains/de/test/auto/Modal5.xml
auto.tcl: Setting watchdog for 200 seconds at Mon Oct 21 06:01:59 UTC 2019
15 ms. Memory: 48128K Free: 21025K (44%)
ptolemy.util.test.WatchDog.cancel(): canceling Mon Oct 21 06:01:59 UTC 2019
auto.tcl: Setting watchdog for 200 seconds at Mon Oct 21 06:01:59 UTC 2019
14 ms. Memory: 48128K Free: 17227K (36%)
ptolemy.util.test.WatchDog.cancel(): canceling Mon Oct 21 06:01:59 UTC 2019
------------------ testing $PTII/ptolemy/domains/de/test/auto/Modal6.xml
auto.tcl: Setting watchdog for 200 seconds at Mon Oct 21 06:01:59 UTC 2019
19 ms. Memory: 48128K Free: 21749K (45%)
ptolemy.util.test.WatchDog.cancel(): canceling Mon Oct 21 06:01:59 UTC 2019
auto.tcl: Setting watchdog for 200 seconds at Mon Oct 21 06:01:59 UTC 2019
20 ms. Memory: 48128K Free: 17813K (37%)
ptolemy.util.test.WatchDog.cancel(): canceling Mon Oct 21 06:01:59 UTC 2019
------------------ testing $PTII/ptolemy/domains/de/test/auto/Modal7.xml
auto.tcl: Setting watchdog for 200 seconds at Mon Oct 21 06:01:59 UTC 2019
22 ms. Memory: 48128K Free: 20803K (43%)
ptolemy.util.test.WatchDog.cancel(): canceling Mon Oct 21 06:02:00 UTC 2019
auto.tcl: Setting watchdog for 200 seconds at Mon Oct 21 06:02:00 UTC 2019
11 ms. Memory: 48128K Free: 17440K (36%)
ptolemy.util.test.WatchDog.cancel(): canceling Mon Oct 21 06:02:00 UTC 2019
------------------ testing $PTII/ptolemy/domains/de/test/auto/ModalModel.xml
auto.tcl: Setting watchdog for 200 seconds at Mon Oct 21 06:02:00 UTC 2019
202 ms. Memory: 58368K Free: 25690K (44%)
ptolemy.util.test.WatchDog.cancel(): canceling Mon Oct 21 06:02:00 UTC 2019
auto.tcl: Setting watchdog for 200 seconds at Mon Oct 21 06:02:00 UTC 2019
180 ms. Memory: 58368K Free: 27693K (47%)
ptolemy.util.test.WatchDog.cancel(): canceling Mon Oct 21 06:02:00 UTC 2019
------------------ testing $PTII/ptolemy/domains/de/test/auto/ModalSource.xml
auto.tcl: Setting watchdog for 200 seconds at Mon Oct 21 06:02:00 UTC 2019
6 ms. Memory: 51200K Free: 28957K (57%)
ptolemy.util.test.WatchDog.cancel(): canceling Mon Oct 21 06:02:00 UTC 2019
auto.tcl: Setting watchdog for 200 seconds at Mon Oct 21 06:02:00 UTC 2019
6 ms. Memory: 51200K Free: 26995K (53%)
ptolemy.util.test.WatchDog.cancel(): canceling Mon Oct 21 06:02:00 UTC 2019
------------------ testing $PTII/ptolemy/domains/de/test/auto/NonInterruptibleTimerZeroDelay.xml
auto.tcl: Setting watchdog for 200 seconds at Mon Oct 21 06:02:00 UTC 2019
3 ms. Memory: 51200K Free: 33840K (66%)
ptolemy.util.test.WatchDog.cancel(): canceling Mon Oct 21 06:02:00 UTC 2019
auto.tcl: Setting watchdog for 200 seconds at Mon Oct 21 06:02:00 UTC 2019
3 ms. Memory: 51200K Free: 33200K (65%)
ptolemy.util.test.WatchDog.cancel(): canceling Mon Oct 21 06:02:00 UTC 2019
------------------ testing $PTII/ptolemy/domains/de/test/auto/OpenQueueingNetwork.xml
auto.tcl: Setting watchdog for 200 seconds at Mon Oct 21 06:02:00 UTC 2019
3304 ms. Memory: 96256K Free: 67887K (71%)
ptolemy.util.test.WatchDog.cancel(): canceling Mon Oct 21 06:02:04 UTC 2019
auto.tcl: Setting watchdog for 200 seconds at Mon Oct 21 06:02:04 UTC 2019
2798 ms. Memory: 96256K Free: 42259K (44%)
ptolemy.util.test.WatchDog.cancel(): canceling Mon Oct 21 06:02:06 UTC 2019
------------------ testing $PTII/ptolemy/domains/de/test/auto/OpenQueuingNetwork.xml
auto.tcl: Setting watchdog for 200 seconds at Mon Oct 21 06:02:07 UTC 2019
284 ms. Memory: 66560K Free: 34074K (51%)
ptolemy.util.test.WatchDog.cancel(): canceling Mon Oct 21 06:02:07 UTC 2019
auto.tcl: Setting watchdog for 200 seconds at Mon Oct 21 06:02:07 UTC 2019
252 ms. Memory: 66560K Free: 18139K (27%)
ptolemy.util.test.WatchDog.cancel(): canceling Mon Oct 21 06:02:07 UTC 2019
------------------ testing $PTII/ptolemy/domains/de/test/auto/PeriodicSampler.xml
auto.tcl: Setting watchdog for 200 seconds at Mon Oct 21 06:02:07 UTC 2019
2 ms. Memory: 48128K Free: 30037K (62%)
ptolemy.util.test.WatchDog.cancel(): canceling Mon Oct 21 06:02:07 UTC 2019
auto.tcl: Setting watchdog for 200 seconds at Mon Oct 21 06:02:07 UTC 2019
2 ms. Memory: 48128K Free: 29548K (61%)
ptolemy.util.test.WatchDog.cancel(): canceling Mon Oct 21 06:02:07 UTC 2019
------------------ testing $PTII/ptolemy/domains/de/test/auto/PersistentIO.xml
auto.tcl: Setting watchdog for 200 seconds at Mon Oct 21 06:02:07 UTC 2019
5 ms. Memory: 48128K Free: 24969K (52%)
ptolemy.util.test.WatchDog.cancel(): canceling Mon Oct 21 06:02:07 UTC 2019
auto.tcl: Setting watchdog for 200 seconds at Mon Oct 21 06:02:07 UTC 2019
5 ms. Memory: 48128K Free: 23447K (49%)
ptolemy.util.test.WatchDog.cancel(): canceling Mon Oct 21 06:02:07 UTC 2019
------------------ testing $PTII/ptolemy/domains/de/test/auto/PortParameterResetOnInitialize.xml
auto.tcl: Setting watchdog for 200 seconds at Mon Oct 21 06:02:07 UTC 2019
8 ms. Memory: 48128K Free: 29959K (62%)
ptolemy.util.test.WatchDog.cancel(): canceling Mon Oct 21 06:02:07 UTC 2019
auto.tcl: Setting watchdog for 200 seconds at Mon Oct 21 06:02:07 UTC 2019
2 ms. Memory: 48128K Free: 29487K (61%)
ptolemy.util.test.WatchDog.cancel(): canceling Mon Oct 21 06:02:07 UTC 2019
------------------ testing $PTII/ptolemy/domains/de/test/auto/PortParameterUpdates.xml
auto.tcl: Setting watchdog for 200 seconds at Mon Oct 21 06:02:07 UTC 2019
4 ms. Memory: 48128K Free: 28278K (59%)
ptolemy.util.test.WatchDog.cancel(): canceling Mon Oct 21 06:02:07 UTC 2019
auto.tcl: Setting watchdog for 200 seconds at Mon Oct 21 06:02:07 UTC 2019
5 ms. Memory: 48128K Free: 27041K (56%)
ptolemy.util.test.WatchDog.cancel(): canceling Mon Oct 21 06:02:07 UTC 2019
------------------ testing $PTII/ptolemy/domains/de/test/auto/QueueAndServer.xml
auto.tcl: Setting watchdog for 200 seconds at Mon Oct 21 06:02:07 UTC 2019
15 ms. Memory: 48128K Free: 27230K (57%)
ptolemy.util.test.WatchDog.cancel(): canceling Mon Oct 21 06:02:08 UTC 2019
auto.tcl: Setting watchdog for 200 seconds at Mon Oct 21 06:02:08 UTC 2019
9 ms. Memory: 48128K Free: 25561K (53%)
ptolemy.util.test.WatchDog.cancel(): canceling Mon Oct 21 06:02:08 UTC 2019
------------------ testing $PTII/ptolemy/domains/de/test/auto/Records.xml
auto.tcl: Setting watchdog for 200 seconds at Mon Oct 21 06:02:08 UTC 2019
5 ms. Memory: 48128K Free: 29487K (61%)
ptolemy.util.test.WatchDog.cancel(): canceling Mon Oct 21 06:02:08 UTC 2019
auto.tcl: Setting watchdog for 200 seconds at Mon Oct 21 06:02:08 UTC 2019
2 ms. Memory: 48128K Free: 28998K (60%)
ptolemy.util.test.WatchDog.cancel(): canceling Mon Oct 21 06:02:08 UTC 2019
------------------ testing $PTII/ptolemy/domains/de/test/auto/ResetTransitionWithStartTime1.xml
auto.tcl: Setting watchdog for 200 seconds at Mon Oct 21 06:02:08 UTC 2019
11 ms. Memory: 48128K Free: 26445K (55%)
ptolemy.util.test.WatchDog.cancel(): canceling Mon Oct 21 06:02:08 UTC 2019
auto.tcl: Setting watchdog for 200 seconds at Mon Oct 21 06:02:08 UTC 2019
5 ms. Memory: 48128K Free: 23939K (50%)
ptolemy.util.test.WatchDog.cancel(): canceling Mon Oct 21 06:02:08 UTC 2019
------------------ testing $PTII/ptolemy/domains/de/test/auto/ResetTransitionWithStartTime2.xml
auto.tcl: Setting watchdog for 200 seconds at Mon Oct 21 06:02:08 UTC 2019
4 ms. Memory: 48128K Free: 26400K (55%)
ptolemy.util.test.WatchDog.cancel(): canceling Mon Oct 21 06:02:08 UTC 2019
auto.tcl: Setting watchdog for 200 seconds at Mon Oct 21 06:02:08 UTC 2019
6 ms. Memory: 48128K Free: 23881K (50%)
ptolemy.util.test.WatchDog.cancel(): canceling Mon Oct 21 06:02:08 UTC 2019
------------------ testing $PTII/ptolemy/domains/de/test/auto/ResetTransitionWithStartTime3.xml
auto.tcl: Setting watchdog for 200 seconds at Mon Oct 21 06:02:08 UTC 2019
11 ms. Memory: 48128K Free: 26399K (55%)
ptolemy.util.test.WatchDog.cancel(): canceling Mon Oct 21 06:02:08 UTC 2019
auto.tcl: Setting watchdog for 200 seconds at Mon Oct 21 06:02:08 UTC 2019
5 ms. Memory: 48128K Free: 23893K (50%)
ptolemy.util.test.WatchDog.cancel(): canceling Mon Oct 21 06:02:08 UTC 2019
------------------ testing $PTII/ptolemy/domains/de/test/auto/ResetTransitionWithStartTime4.xml
auto.tcl: Setting watchdog for 200 seconds at Mon Oct 21 06:02:08 UTC 2019
12 ms. Memory: 48128K Free: 26888K (56%)
ptolemy.util.test.WatchDog.cancel(): canceling Mon Oct 21 06:02:08 UTC 2019
auto.tcl: Setting watchdog for 200 seconds at Mon Oct 21 06:02:08 UTC 2019
4 ms. Memory: 48128K Free: 25439K (53%)
ptolemy.util.test.WatchDog.cancel(): canceling Mon Oct 21 06:02:08 UTC 2019
------------------ testing $PTII/ptolemy/domains/de/test/auto/ResettableTimer1.xml
auto.tcl: Setting watchdog for 200 seconds at Mon Oct 21 06:02:08 UTC 2019
3 ms. Memory: 48128K Free: 30681K (64%)
ptolemy.util.test.WatchDog.cancel(): canceling Mon Oct 21 06:02:08 UTC 2019
auto.tcl: Setting watchdog for 200 seconds at Mon Oct 21 06:02:08 UTC 2019
2 ms. Memory: 48128K Free: 29994K (62%)
ptolemy.util.test.WatchDog.cancel(): canceling Mon Oct 21 06:02:08 UTC 2019
------------------ testing $PTII/ptolemy/domains/de/test/auto/ResettableTimer2.xml
auto.tcl: Setting watchdog for 200 seconds at Mon Oct 21 06:02:08 UTC 2019
2 ms. Memory: 48128K Free: 30686K (64%)
ptolemy.util.test.WatchDog.cancel(): canceling Mon Oct 21 06:02:08 UTC 2019
auto.tcl: Setting watchdog for 200 seconds at Mon Oct 21 06:02:08 UTC 2019
2 ms. Memory: 48128K Free: 29581K (61%)
ptolemy.util.test.WatchDog.cancel(): canceling Mon Oct 21 06:02:08 UTC 2019
------------------ testing $PTII/ptolemy/domains/de/test/auto/ResettableTimer3.xml
auto.tcl: Setting watchdog for 200 seconds at Mon Oct 21 06:02:08 UTC 2019
1 ms. Memory: 48128K Free: 31028K (64%)
ptolemy.util.test.WatchDog.cancel(): canceling Mon Oct 21 06:02:08 UTC 2019
auto.tcl: Setting watchdog for 200 seconds at Mon Oct 21 06:02:08 UTC 2019
2 ms. Memory: 48128K Free: 30572K (64%)
ptolemy.util.test.WatchDog.cancel(): canceling Mon Oct 21 06:02:08 UTC 2019
------------------ testing $PTII/ptolemy/domains/de/test/auto/ResettableTimer4.xml
auto.tcl: Setting watchdog for 200 seconds at Mon Oct 21 06:02:08 UTC 2019
1 ms. Memory: 48128K Free: 30552K (63%)
ptolemy.util.test.WatchDog.cancel(): canceling Mon Oct 21 06:02:08 UTC 2019
auto.tcl: Setting watchdog for 200 seconds at Mon Oct 21 06:02:08 UTC 2019
1 ms. Memory: 48128K Free: 30545K (63%)
ptolemy.util.test.WatchDog.cancel(): canceling Mon Oct 21 06:02:08 UTC 2019
------------------ testing $PTII/ptolemy/domains/de/test/auto/ResettableTimer5.xml
auto.tcl: Setting watchdog for 200 seconds at Mon Oct 21 06:02:08 UTC 2019
2 ms. Memory: 48128K Free: 30030K (62%)
ptolemy.util.test.WatchDog.cancel(): canceling Mon Oct 21 06:02:08 UTC 2019
auto.tcl: Setting watchdog for 200 seconds at Mon Oct 21 06:02:08 UTC 2019
2 ms. Memory: 48128K Free: 29574K (61%)
ptolemy.util.test.WatchDog.cancel(): canceling Mon Oct 21 06:02:08 UTC 2019
------------------ testing $PTII/ptolemy/domains/de/test/auto/ResettableTimer6.xml
auto.tcl: Setting watchdog for 200 seconds at Mon Oct 21 06:02:08 UTC 2019
1 ms. Memory: 48128K Free: 30006K (62%)
ptolemy.util.test.WatchDog.cancel(): canceling Mon Oct 21 06:02:08 UTC 2019
auto.tcl: Setting watchdog for 200 seconds at Mon Oct 21 06:02:08 UTC 2019
2 ms. Memory: 48128K Free: 29550K (61%)
ptolemy.util.test.WatchDog.cancel(): canceling Mon Oct 21 06:02:08 UTC 2019
------------------ testing $PTII/ptolemy/domains/de/test/auto/ServerZeroDelay.xml
auto.tcl: Setting watchdog for 200 seconds at Mon Oct 21 06:02:08 UTC 2019
4 ms. Memory: 48128K Free: 30525K (63%)
ptolemy.util.test.WatchDog.cancel(): canceling Mon Oct 21 06:02:08 UTC 2019
auto.tcl: Setting watchdog for 200 seconds at Mon Oct 21 06:02:08 UTC 2019
3 ms. Memory: 48128K Free: 29582K (61%)
ptolemy.util.test.WatchDog.cancel(): canceling Mon Oct 21 06:02:08 UTC 2019
------------------ testing $PTII/ptolemy/domains/de/test/auto/SmartSender.xml
auto.tcl: Setting watchdog for 200 seconds at Mon Oct 21 06:02:08 UTC 2019
3001 ms. Memory: 48128K Free: 30560K (63%)
ptolemy.util.test.WatchDog.cancel(): canceling Mon Oct 21 06:02:11 UTC 2019
auto.tcl: Setting watchdog for 200 seconds at Mon Oct 21 06:02:11 UTC 2019
3002 ms. Memory: 48128K Free: 30062K (62%)
ptolemy.util.test.WatchDog.cancel(): canceling Mon Oct 21 06:02:14 UTC 2019
------------------ testing $PTII/ptolemy/domains/de/test/auto/ThreadedComposite.xml
auto.tcl: Setting watchdog for 200 seconds at Mon Oct 21 06:02:14 UTC 2019
197 ms. Memory: 48128K Free: 11077K (23%)
ptolemy.util.test.WatchDog.cancel(): canceling Mon Oct 21 06:02:15 UTC 2019
auto.tcl: Setting watchdog for 200 seconds at Mon Oct 21 06:02:15 UTC 2019
220 ms. Memory: 48128K Free: 21619K (45%)
ptolemy.util.test.WatchDog.cancel(): canceling Mon Oct 21 06:02:15 UTC 2019
------------------ testing $PTII/ptolemy/domains/de/test/auto/Time.xml
auto.tcl: Setting watchdog for 200 seconds at Mon Oct 21 06:02:15 UTC 2019
605 ms. Memory: 48128K Free: 24560K (51%)
ptolemy.util.test.WatchDog.cancel(): canceling Mon Oct 21 06:02:16 UTC 2019
auto.tcl: Setting watchdog for 200 seconds at Mon Oct 21 06:02:16 UTC 2019
487 ms. Memory: 48128K Free: 18481K (38%)
ptolemy.util.test.WatchDog.cancel(): canceling Mon Oct 21 06:02:16 UTC 2019
------------------ testing $PTII/ptolemy/domains/de/test/auto/TimeDelayZeroDelay.xml
auto.tcl: Setting watchdog for 200 seconds at Mon Oct 21 06:02:16 UTC 2019
3 ms. Memory: 48128K Free: 30448K (63%)
ptolemy.util.test.WatchDog.cancel(): canceling Mon Oct 21 06:02:16 UTC 2019
auto.tcl: Setting watchdog for 200 seconds at Mon Oct 21 06:02:16 UTC 2019
2 ms. Memory: 48128K Free: 29611K (62%)
ptolemy.util.test.WatchDog.cancel(): canceling Mon Oct 21 06:02:16 UTC 2019
------------------ testing $PTII/ptolemy/domains/de/test/auto/TimerZeroDelay.xml
auto.tcl: Setting watchdog for 200 seconds at Mon Oct 21 06:02:16 UTC 2019
2 ms. Memory: 48128K Free: 30491K (63%)
ptolemy.util.test.WatchDog.cancel(): canceling Mon Oct 21 06:02:16 UTC 2019
auto.tcl: Setting watchdog for 200 seconds at Mon Oct 21 06:02:16 UTC 2019
1 ms. Memory: 48128K Free: 30064K (62%)
ptolemy.util.test.WatchDog.cancel(): canceling Mon Oct 21 06:02:16 UTC 2019
------------------ testing $PTII/ptolemy/domains/de/test/auto/TimingParadox.xml
auto.tcl: Setting watchdog for 200 seconds at Mon Oct 21 06:02:16 UTC 2019
351 ms. Memory: 48128K Free: 10135K (21%)
ptolemy.util.test.WatchDog.cancel(): canceling Mon Oct 21 06:02:17 UTC 2019
auto.tcl: Setting watchdog for 200 seconds at Mon Oct 21 06:02:17 UTC 2019
348 ms. Memory: 48128K Free: 19243K (40%)
ptolemy.util.test.WatchDog.cancel(): canceling Mon Oct 21 06:02:17 UTC 2019
------------------ testing $PTII/ptolemy/domains/de/test/auto/TransferInputs.xml
auto.tcl: Setting watchdog for 200 seconds at Mon Oct 21 06:02:17 UTC 2019
2 ms. Memory: 48128K Free: 28966K (60%)
ptolemy.util.test.WatchDog.cancel(): canceling Mon Oct 21 06:02:17 UTC 2019
auto.tcl: Setting watchdog for 200 seconds at Mon Oct 21 06:02:17 UTC 2019
1 ms. Memory: 48128K Free: 28051K (58%)
ptolemy.util.test.WatchDog.cancel(): canceling Mon Oct 21 06:02:17 UTC 2019
------------------ testing $PTII/ptolemy/domains/de/test/auto/TransferOutputs2.xml
auto.tcl: Setting watchdog for 200 seconds at Mon Oct 21 06:02:17 UTC 2019
3 ms. Memory: 48128K Free: 26400K (55%)
ptolemy.util.test.WatchDog.cancel(): canceling Mon Oct 21 06:02:17 UTC 2019
auto.tcl: Setting watchdog for 200 seconds at Mon Oct 21 06:02:17 UTC 2019
3 ms. Memory: 48128K Free: 24996K (52%)
ptolemy.util.test.WatchDog.cancel(): canceling Mon Oct 21 06:02:17 UTC 2019
------------------ testing $PTII/ptolemy/domains/de/test/auto/Trilateration.xml
auto.tcl: Setting watchdog for 200 seconds at Mon Oct 21 06:02:17 UTC 2019
13817 ms. Memory: 450560K Free: 312301K (69%)
ptolemy.util.test.WatchDog.cancel(): canceling Mon Oct 21 06:02:32 UTC 2019
auto.tcl: Setting watchdog for 200 seconds at Mon Oct 21 06:02:32 UTC 2019
11100 ms. Memory: 450560K Free: 340849K (76%)
ptolemy.util.test.WatchDog.cancel(): canceling Mon Oct 21 06:02:43 UTC 2019
------------------ testing $PTII/ptolemy/domains/de/test/auto/TwoSigmaDelta.xml
auto.tcl: Setting watchdog for 200 seconds at Mon Oct 21 06:02:43 UTC 2019
2750 ms. Memory: 89088K Free: 22983K (26%)
ptolemy.util.test.WatchDog.cancel(): canceling Mon Oct 21 06:02:46 UTC 2019
auto.tcl: Setting watchdog for 200 seconds at Mon Oct 21 06:02:46 UTC 2019
2098 ms. Memory: 89088K Free: 21010K (24%)
ptolemy.util.test.WatchDog.cancel(): canceling Mon Oct 21 06:02:48 UTC 2019
------------------ testing $PTII/ptolemy/domains/de/test/auto/VariableDelay.xml
auto.tcl: Setting watchdog for 200 seconds at Mon Oct 21 06:02:48 UTC 2019
3 ms. Memory: 51200K Free: 32520K (64%)
ptolemy.util.test.WatchDog.cancel(): canceling Mon Oct 21 06:02:48 UTC 2019
auto.tcl: Setting watchdog for 200 seconds at Mon Oct 21 06:02:48 UTC 2019
2 ms. Memory: 51200K Free: 31510K (62%)
ptolemy.util.test.WatchDog.cancel(): canceling Mon Oct 21 06:02:48 UTC 2019
------------------ testing $PTII/ptolemy/domains/de/test/auto/VariableDelay2.xml
auto.tcl: Setting watchdog for 200 seconds at Mon Oct 21 06:02:48 UTC 2019
3 ms. Memory: 51200K Free: 33447K (65%)
ptolemy.util.test.WatchDog.cancel(): canceling Mon Oct 21 06:02:48 UTC 2019
auto.tcl: Setting watchdog for 200 seconds at Mon Oct 21 06:02:48 UTC 2019
2 ms. Memory: 51200K Free: 32423K (63%)
ptolemy.util.test.WatchDog.cancel(): canceling Mon Oct 21 06:02:48 UTC 2019
------------------ testing $PTII/ptolemy/domains/de/test/auto/VariableDelayZeroDelay.xml
auto.tcl: Setting watchdog for 200 seconds at Mon Oct 21 06:02:48 UTC 2019
2 ms. Memory: 51200K Free: 33445K (65%)
ptolemy.util.test.WatchDog.cancel(): canceling Mon Oct 21 06:02:49 UTC 2019
auto.tcl: Setting watchdog for 200 seconds at Mon Oct 21 06:02:49 UTC 2019
2 ms. Memory: 51200K Free: 32917K (64%)
ptolemy.util.test.WatchDog.cancel(): canceling Mon Oct 21 06:02:49 UTC 2019
------------------ testing $PTII/ptolemy/domains/de/test/auto/VariableDelayZeroDelay2.xml
auto.tcl: Setting watchdog for 200 seconds at Mon Oct 21 06:02:49 UTC 2019
2 ms. Memory: 51200K Free: 33444K (65%)
ptolemy.util.test.WatchDog.cancel(): canceling Mon Oct 21 06:02:49 UTC 2019
auto.tcl: Setting watchdog for 200 seconds at Mon Oct 21 06:02:49 UTC 2019
2 ms. Memory: 51200K Free: 32420K (63%)
ptolemy.util.test.WatchDog.cancel(): canceling Mon Oct 21 06:02:49 UTC 2019
------------------ testing $PTII/ptolemy/domains/de/test/auto/deInCt.xml
auto.tcl: Setting watchdog for 200 seconds at Mon Oct 21 06:02:49 UTC 2019
0
1
1
1
1
0
0
0
0
0
1
1
1
1
0
0
0
1
1
1
1
1
0
0
0
0
1
1
1
1
16 ms. Memory: 51200K Free: 32418K (63%)
ptolemy.util.test.WatchDog.cancel(): canceling Mon Oct 21 06:02:49 UTC 2019
auto.tcl: Setting watchdog for 200 seconds at Mon Oct 21 06:02:49 UTC 2019
0
1
1
1
0
0
1
1
1
0
0
0
0
0
1
1
1
0
0
0
0
1
1
1
0
0
0
1
1
1
1
0
0
0
0
0
11 ms. Memory: 51200K Free: 30880K (60%)
ptolemy.util.test.WatchDog.cancel(): canceling Mon Oct 21 06:02:49 UTC 2019
------------------ testing $PTII/ptolemy/domains/de/test/auto/deInCt2.xml
auto.tcl: Setting watchdog for 200 seconds at Mon Oct 21 06:02:49 UTC 2019
0
1
1
1
0
0
1
1
1
0
0
1
1
1
0
0
1
1
1
0
0
1
1
1
0
0
1
1
1
0
0
1
1
1
0
0
1
1
1
0
0
0
13 ms. Memory: 48128K Free: 29352K (61%)
ptolemy.util.test.WatchDog.cancel(): canceling Mon Oct 21 06:02:49 UTC 2019
auto.tcl: Setting watchdog for 200 seconds at Mon Oct 21 06:02:49 UTC 2019
0
1
1
1
0
0
1
1
1
0
0
1
1
1
0
0
1
1
1
0
0
1
1
1
0
0
1
1
1
0
0
1
1
1
0
0
1
1
1
0
0
0
6 ms. Memory: 48128K Free: 27823K (58%)
ptolemy.util.test.WatchDog.cancel(): canceling Mon Oct 21 06:02:49 UTC 2019
------------------ testing $PTII/ptolemy/domains/de/test/auto/dynamicCausalityInterface1.xml
auto.tcl: Setting watchdog for 200 seconds at Mon Oct 21 06:02:49 UTC 2019
1 ms. Memory: 48128K Free: 25247K (52%)
ptolemy.util.test.WatchDog.cancel(): canceling Mon Oct 21 06:02:49 UTC 2019
auto.tcl: Setting watchdog for 200 seconds at Mon Oct 21 06:02:49 UTC 2019
0 ms. Memory: 48128K Free: 24760K (51%)
ptolemy.util.test.WatchDog.cancel(): canceling Mon Oct 21 06:02:49 UTC 2019
------------------ testing $PTII/ptolemy/domains/de/test/auto/fsm_de_test.xml
auto.tcl: Setting watchdog for 200 seconds at Mon Oct 21 06:02:49 UTC 2019
6 ms. Memory: 48128K Free: 25145K (52%)
ptolemy.util.test.WatchDog.cancel(): canceling Mon Oct 21 06:02:49 UTC 2019
auto.tcl: Setting watchdog for 200 seconds at Mon Oct 21 06:02:49 UTC 2019
5 ms. Memory: 48128K Free: 23139K (48%)
ptolemy.util.test.WatchDog.cancel(): canceling Mon Oct 21 06:02:49 UTC 2019
------------------ testing $PTII/ptolemy/domains/de/test/auto/functionDependencyReconstruction.xml
auto.tcl: Setting watchdog for 200 seconds at Mon Oct 21 06:02:49 UTC 2019
2 ms. Memory: 48128K Free: 19143K (40%)
ptolemy.util.test.WatchDog.cancel(): canceling Mon Oct 21 06:02:49 UTC 2019
auto.tcl: Setting watchdog for 200 seconds at Mon Oct 21 06:02:49 UTC 2019
3 ms. Memory: 48128K Free: 16965K (35%)
ptolemy.util.test.WatchDog.cancel(): canceling Mon Oct 21 06:02:49 UTC 2019
------------------ testing $PTII/ptolemy/domains/de/test/auto/multirate.xml
auto.tcl: Setting watchdog for 200 seconds at Mon Oct 21 06:02:49 UTC 2019
5 ms. Memory: 48128K Free: 27805K (58%)
ptolemy.util.test.WatchDog.cancel(): canceling Mon Oct 21 06:02:49 UTC 2019
auto.tcl: Setting watchdog for 200 seconds at Mon Oct 21 06:02:49 UTC 2019
6 ms. Memory: 48128K Free: 26135K (54%)
ptolemy.util.test.WatchDog.cancel(): canceling Mon Oct 21 06:02:49 UTC 2019
------------------ testing $PTII/ptolemy/domains/de/test/auto/multirate2.xml
auto.tcl: Setting watchdog for 200 seconds at Mon Oct 21 06:02:49 UTC 2019
3 ms. Memory: 48128K Free: 27987K (58%)
ptolemy.util.test.WatchDog.cancel(): canceling Mon Oct 21 06:02:49 UTC 2019
auto.tcl: Setting watchdog for 200 seconds at Mon Oct 21 06:02:49 UTC 2019
3 ms. Memory: 48128K Free: 26287K (55%)
ptolemy.util.test.WatchDog.cancel(): canceling Mon Oct 21 06:02:49 UTC 2019
------------------ testing $PTII/ptolemy/domains/de/test/auto/realtime.xml
auto.tcl: Setting watchdog for 200 seconds at Mon Oct 21 06:02:49 UTC 2019
10002 ms. Memory: 48128K Free: 30034K (62%)
ptolemy.util.test.WatchDog.cancel(): canceling Mon Oct 21 06:02:59 UTC 2019
auto.tcl: Setting watchdog for 200 seconds at Mon Oct 21 06:02:59 UTC 2019
10002 ms. Memory: 48128K Free: 29292K (61%)
ptolemy.util.test.WatchDog.cancel(): canceling Mon Oct 21 06:03:09 UTC 2019
------------------ testing $PTII/ptolemy/domains/de/test/auto/relationGroup.xml
auto.tcl: Setting watchdog for 200 seconds at Mon Oct 21 06:03:09 UTC 2019
2 ms. Memory: 48128K Free: 31129K (65%)
ptolemy.util.test.WatchDog.cancel(): canceling Mon Oct 21 06:03:09 UTC 2019
auto.tcl: Setting watchdog for 200 seconds at Mon Oct 21 06:03:09 UTC 2019
2 ms. Memory: 48128K Free: 30373K (63%)
ptolemy.util.test.WatchDog.cancel(): canceling Mon Oct 21 06:03:09 UTC 2019
------------------ testing $PTII/ptolemy/domains/de/test/auto/relationGroup2.xml
auto.tcl: Setting watchdog for 200 seconds at Mon Oct 21 06:03:09 UTC 2019
1 ms. Memory: 48128K Free: 30903K (64%)
ptolemy.util.test.WatchDog.cancel(): canceling Mon Oct 21 06:03:09 UTC 2019
auto.tcl: Setting watchdog for 200 seconds at Mon Oct 21 06:03:09 UTC 2019
1 ms. Memory: 48128K Free: 29904K (62%)
ptolemy.util.test.WatchDog.cancel(): canceling Mon Oct 21 06:03:09 UTC 2019
------------------ testing $PTII/ptolemy/domains/de/test/auto/sortWithOpaquePorts.xml
auto.tcl: Setting watchdog for 200 seconds at Mon Oct 21 06:03:09 UTC 2019
2 ms. Memory: 48128K Free: 29872K (62%)
ptolemy.util.test.WatchDog.cancel(): canceling Mon Oct 21 06:03:09 UTC 2019
auto.tcl: Setting watchdog for 200 seconds at Mon Oct 21 06:03:09 UTC 2019
2 ms. Memory: 48128K Free: 28911K (60%)
ptolemy.util.test.WatchDog.cancel(): canceling Mon Oct 21 06:03:09 UTC 2019
------------------ testing $PTII/ptolemy/domains/de/test/auto/transferInputsandOutputs.xml
auto.tcl: Setting watchdog for 200 seconds at Mon Oct 21 06:03:09 UTC 2019
4 ms. Memory: 48128K Free: 27316K (57%)
ptolemy.util.test.WatchDog.cancel(): canceling Mon Oct 21 06:03:10 UTC 2019
auto.tcl: Setting watchdog for 200 seconds at Mon Oct 21 06:03:10 UTC 2019
1 ms. Memory: 48128K Free: 26325K (55%)
ptolemy.util.test.WatchDog.cancel(): canceling Mon Oct 21 06:03:10 UTC 2019
------------------ testing $PTII/ptolemy/domains/de/test/auto/triggerType.xml
auto.tcl: Setting watchdog for 200 seconds at Mon Oct 21 06:03:10 UTC 2019
1 ms. Memory: 48128K Free: 30341K (63%)
ptolemy.util.test.WatchDog.cancel(): canceling Mon Oct 21 06:03:10 UTC 2019
auto.tcl: Setting watchdog for 200 seconds at Mon Oct 21 06:03:10 UTC 2019
1 ms. Memory: 48128K Free: 29374K (61%)
ptolemy.util.test.WatchDog.cancel(): canceling Mon Oct 21 06:03:10 UTC 2019
10/21/19 06:03:10
Failed: 0  Total Tests: 192  ((Passed: 187, Newly Passed: 1)  Known Failed: 5) /home/travis/build/icyphy/ptII/ptolemy/domains/de/test
10/21/19 06:03:10
Failed: 0  Total Tests: 192  ((Passed: 187, Newly Passed: 1)  Known Failed: 5) /home/travis/build/icyphy/ptII/ptolemy/domains/de/test
----------------- testing (KnownFailure) /home/travis/build/icyphy/ptII/ptolemy/domains/de/test/auto/knownFailedTests/DESDFClockTest.xml
2011 ms. Memory: 48128K Free: 23736K (49%)
Known Failure: java.lang.reflect.InvocationTargetException
----------------- testing (KnownFailure) /home/travis/build/icyphy/ptII/ptolemy/domains/de/test/auto/knownFailedTests/DirectFeedback.xml
2 ms. Memory: 48128K Free: 19640K (41%)
Known Failure: java.lang.reflect.InvocationTargetException
----------------- testing (KnownFailure) /home/travis/build/icyphy/ptII/ptolemy/domains/de/test/auto/knownFailedTests/FSMSource.xml
21 ms. Memory: 48128K Free: 11962K (25%)
----------------- testing (KnownFailure) /home/travis/build/icyphy/ptII/ptolemy/domains/de/test/auto/knownFailedTests/HierarchicalModel.xml
7 ms. Memory: 48128K Free: 21603K (45%)
Known Failure: java.lang.reflect.InvocationTargetException
----------------- testing (KnownFailure) /home/travis/build/icyphy/ptII/ptolemy/domains/de/test/auto/knownFailedTests/dependencyLoop.xml
7 ms. Memory: 48128K Free: 32315K (67%)
Known Failure: java.lang.reflect.InvocationTargetException
----------------- testing (KnownFailure) /home/travis/build/icyphy/ptII/ptolemy/domains/de/test/auto/knownFailedTests/dependencyLoop2.xml
7 ms. Memory: 48128K Free: 17286K (36%)
Known Failure: java.lang.reflect.InvocationTargetException
No auto/linux-amd64/*.xml tests in /home/travis/build/icyphy/ptII/ptolemy/domains/de/test
AutoTests.java: About to close Vertx.
AutoTests.java: Vertx closed.

===========================================================================================
----------------- testing Mon Oct 21 06:03:12 UTC 2019 /home/travis/build/icyphy/ptII/ptolemy/domains/de/test/auto/ActorDepthCalculation_actorWithoutPorts.xml
----------------- Instantiating /home/travis/build/icyphy/ptII/ptolemy/domains/de/test/auto/ActorDepthCalculation_actorWithoutPorts.xml
2 ms. Memory: 48128K Free: 10867K (23%)
----------------- Invoking toplevel() on ptolemy.moml.MoMLSimpleApplication@4fa2d049
----------------- Done invoking toplevel() on ptolemy.moml.MoMLSimpleApplication@4fa2d049
reloadAllAccessors: .ActorDepthCalculation_actorWithoutPorts

===========================================================================================
----------------- testing Mon Oct 21 06:03:12 UTC 2019 /home/travis/build/icyphy/ptII/ptolemy/domains/de/test/auto/AssemblyLine.xml
----------------- Instantiating /home/travis/build/icyphy/ptII/ptolemy/domains/de/test/auto/AssemblyLine.xml
3 ms. Memory: 48128K Free: 29524K (61%)
----------------- Invoking toplevel() on ptolemy.moml.MoMLSimpleApplication@5346a975
----------------- Done invoking toplevel() on ptolemy.moml.MoMLSimpleApplication@5346a975
reloadAllAccessors: .AssemblyLine

===========================================================================================
----------------- testing Mon Oct 21 06:03:12 UTC 2019 /home/travis/build/icyphy/ptII/ptolemy/domains/de/test/auto/CQBug1.xml
----------------- Instantiating /home/travis/build/icyphy/ptII/ptolemy/domains/de/test/auto/CQBug1.xml
2 ms. Memory: 48128K Free: 26468K (55%)
----------------- Invoking toplevel() on ptolemy.moml.MoMLSimpleApplication@799fd957
----------------- Done invoking toplevel() on ptolemy.moml.MoMLSimpleApplication@799fd957
reloadAllAccessors: .CQBug1

===========================================================================================
----------------- testing Mon Oct 21 06:03:12 UTC 2019 /home/travis/build/icyphy/ptII/ptolemy/domains/de/test/auto/CancelFireAt.xml
----------------- Instantiating /home/travis/build/icyphy/ptII/ptolemy/domains/de/test/auto/CancelFireAt.xml
1 ms. Memory: 48128K Free: 24078K (50%)
----------------- Invoking toplevel() on ptolemy.moml.MoMLSimpleApplication@29c5f9c5
----------------- Done invoking toplevel() on ptolemy.moml.MoMLSimpleApplication@29c5f9c5
reloadAllAccessors: .CancelFireAt

===========================================================================================
----------------- testing Mon Oct 21 06:03:12 UTC 2019 /home/travis/build/icyphy/ptII/ptolemy/domains/de/test/auto/CausalityAndComposabilityAnalysis.xml
----------------- Instantiating /home/travis/build/icyphy/ptII/ptolemy/domains/de/test/auto/CausalityAndComposabilityAnalysis.xml
12 ms. Memory: 48128K Free: 19940K (41%)
----------------- Invoking toplevel() on ptolemy.moml.MoMLSimpleApplication@2da7a58d
----------------- Done invoking toplevel() on ptolemy.moml.MoMLSimpleApplication@2da7a58d
reloadAllAccessors: .CausalityAndComposabilityAnalysis

===========================================================================================
----------------- testing Mon Oct 21 06:03:12 UTC 2019 /home/travis/build/icyphy/ptII/ptolemy/domains/de/test/auto/CausalityInterface1.xml
----------------- Instantiating /home/travis/build/icyphy/ptII/ptolemy/domains/de/test/auto/CausalityInterface1.xml
4 ms. Memory: 48128K Free: 15041K (31%)
----------------- Invoking toplevel() on ptolemy.moml.MoMLSimpleApplication@5386551e
----------------- Done invoking toplevel() on ptolemy.moml.MoMLSimpleApplication@5386551e
reloadAllAccessors: .CausalityInterface1

===========================================================================================
----------------- testing Mon Oct 21 06:03:12 UTC 2019 /home/travis/build/icyphy/ptII/ptolemy/domains/de/test/auto/CausalityInterface15.xml
----------------- Instantiating /home/travis/build/icyphy/ptII/ptolemy/domains/de/test/auto/CausalityInterface15.xml
2 ms. Memory: 48128K Free: 9678K (20%)
----------------- Invoking toplevel() on ptolemy.moml.MoMLSimpleApplication@77f1ac62
----------------- Done invoking toplevel() on ptolemy.moml.MoMLSimpleApplication@77f1ac62
reloadAllAccessors: .CausalityInterface15

===========================================================================================
----------------- testing Mon Oct 21 06:03:12 UTC 2019 /home/travis/build/icyphy/ptII/ptolemy/domains/de/test/auto/CausalityInterface2.xml
----------------- Instantiating /home/travis/build/icyphy/ptII/ptolemy/domains/de/test/auto/CausalityInterface2.xml
2 ms. Memory: 48128K Free: 30881K (64%)
[...]
	at ptolemy.actor.Manager.run(Manager.java:1263)
	at ptolemy.actor.Manager$PtolemyRunThread.run(Manager.java:1933)
java.lang.RuntimeException: Execution failed
	at ptolemy.moml.MoMLSimpleApplication$UnloadThread.run(MoMLSimpleApplication.java:402)
Caused by: ptolemy.kernel.util.IllegalActionException: Actor is not ready to fire.  Perhaps UpSample.prefire() returned false? Try debugging the actor by selecting "Listen to Actor".  Also, for SDF check moml for tokenConsumptionRate on input.
  in .DESDFClockTest.Play Bell.Copy1:SDF Director and .DESDFClockTest.Play Bell.UpSample
	at ptolemy.actor.sched.StaticSchedulingDirector.fire(StaticSchedulingDirector.java:227)
	at ptolemy.domains.sdf.kernel.SDFDirector.fire(SDFDirector.java:500)
	at ptolemy.actor.CompositeActor.fire(CompositeActor.java:455)
	at ptolemy.domains.de.kernel.DEDirector._fire(DEDirector.java:1949)
	at ptolemy.domains.de.kernel.DEDirector.fire(DEDirector.java:502)
	at ptolemy.actor.CompositeActor.fire(CompositeActor.java:455)
	at ptolemy.actor.Manager.iterate(Manager.java:851)
	at ptolemy.actor.Manager.execute(Manager.java:369)
	at ptolemy.actor.Manager.run(Manager.java:1263)
	at ptolemy.actor.Manager$PtolemyRunThread.run(Manager.java:1933)
java.lang.reflect.InvocationTargetException
	at java.base/jdk.internal.reflect.NativeConstructorAccessorImpl.newInstance0(Native Method)
	at java.base/jdk.internal.reflect.NativeConstructorAccessorImpl.newInstance(NativeConstructorAccessorImpl.java:62)
	at java.base/jdk.internal.reflect.DelegatingConstructorAccessorImpl.newInstance(DelegatingConstructorAccessorImpl.java:45)
	at java.base/java.lang.reflect.Constructor.newInstance(Constructor.java:490)
	at ptolemy.util.test.junit.AutoKnownFailedTests.RunModel(AutoKnownFailedTests.java:105)
	at java.base/jdk.internal.reflect.NativeMethodAccessorImpl.invoke0(Native Method)
	at java.base/jdk.internal.reflect.NativeMethodAccessorImpl.invoke(NativeMethodAccessorImpl.java:62)
	at java.base/jdk.internal.reflect.DelegatingMethodAccessorImpl.invoke(DelegatingMethodAccessorImpl.java:43)
	at java.base/java.lang.reflect.Method.invoke(Method.java:566)
	at org.junit.runners.model.FrameworkMethod$1.runReflectiveCall(FrameworkMethod.java:44)
	at org.junit.internal.runners.model.ReflectiveCallable.run(ReflectiveCallable.java:15)
	at org.junit.runners.model.FrameworkMethod.invokeExplosively(FrameworkMethod.java:41)
	at junitparams.internal.InvokeParameterisedMethod.evaluate(InvokeParameterisedMethod.java:102)
	at org.junit.internal.runners.statements.FailOnTimeout$1.run(FailOnTimeout.java:28)
Caused by: ptolemy.kernel.util.IllegalActionException: Actor is not ready to fire.  Perhaps UpSample.prefire() returned false? Try debugging the actor by selecting "Listen to Actor".  Also, for SDF check moml for tokenConsumptionRate on input.
  in .DESDFClockTest.Play Bell.Copy1:SDF Director and .DESDFClockTest.Play Bell.UpSample
	at ptolemy.actor.sched.StaticSchedulingDirector.fire(StaticSchedulingDirector.java:227)
	at ptolemy.domains.sdf.kernel.SDFDirector.fire(SDFDirector.java:500)
	at ptolemy.actor.CompositeActor.fire(CompositeActor.java:455)
	at ptolemy.domains.de.kernel.DEDirector._fire(DEDirector.java:1949)
	at ptolemy.domains.de.kernel.DEDirector.fire(DEDirector.java:502)
	at ptolemy.actor.CompositeActor.fire(CompositeActor.java:455)
	at ptolemy.actor.Manager.iterate(Manager.java:851)
	at ptolemy.actor.Manager.execute(Manager.java:369)
	at ptolemy.actor.Manager.run(Manager.java:1263)
	at ptolemy.actor.Manager$PtolemyRunThread.run(Manager.java:1933)
java.lang.RuntimeException: Execution failed
	at ptolemy.moml.MoMLSimpleApplication$UnloadThread.run(MoMLSimpleApplication.java:402)
Caused by: ptolemy.kernel.util.IllegalActionException: Test fails in iteration 1.
Value was: 1.0. Should have been: 2.0
  in .DirectFeedback.Test
	at ptolemy.actor.lib.Test.fire(Test.java:268)
	at ptolemy.domains.de.kernel.DEDirector._fire(DEDirector.java:1949)
	at ptolemy.domains.de.kernel.DEDirector.fire(DEDirector.java:502)
	at ptolemy.actor.CompositeActor.fire(CompositeActor.java:455)
	at ptolemy.actor.Manager.iterate(Manager.java:851)
	at ptolemy.actor.Manager.execute(Manager.java:369)
	at ptolemy.actor.Manager.run(Manager.java:1263)
	at ptolemy.actor.Manager$PtolemyRunThread.run(Manager.java:1933)
java.lang.reflect.InvocationTargetException
	at java.base/jdk.internal.reflect.NativeConstructorAccessorImpl.newInstance0(Native Method)
	at java.base/jdk.internal.reflect.NativeConstructorAccessorImpl.newInstance(NativeConstructorAccessorImpl.java:62)
	at java.base/jdk.internal.reflect.DelegatingConstructorAccessorImpl.newInstance(DelegatingConstructorAccessorImpl.java:45)
	at java.base/java.lang.reflect.Constructor.newInstance(Constructor.java:490)
	at ptolemy.util.test.junit.AutoKnownFailedTests.RunModel(AutoKnownFailedTests.java:105)
	at java.base/jdk.internal.reflect.NativeMethodAccessorImpl.invoke0(Native Method)
	at java.base/jdk.internal.reflect.NativeMethodAccessorImpl.invoke(NativeMethodAccessorImpl.java:62)
	at java.base/jdk.internal.reflect.DelegatingMethodAccessorImpl.invoke(DelegatingMethodAccessorImpl.java:43)
	at java.base/java.lang.reflect.Method.invoke(Method.java:566)
	at org.junit.runners.model.FrameworkMethod$1.runReflectiveCall(FrameworkMethod.java:44)
	at org.junit.internal.runners.model.ReflectiveCallable.run(ReflectiveCallable.java:15)
	at org.junit.runners.model.FrameworkMethod.invokeExplosively(FrameworkMethod.java:41)
	at junitparams.internal.InvokeParameterisedMethod.evaluate(InvokeParameterisedMethod.java:102)
	at org.junit.internal.runners.statements.FailOnTimeout$1.run(FailOnTimeout.java:28)
Caused by: ptolemy.kernel.util.IllegalActionException: Test fails in iteration 1.
Value was: 1.0. Should have been: 2.0
  in .DirectFeedback.Test
	at ptolemy.actor.lib.Test.fire(Test.java:268)
	at ptolemy.domains.de.kernel.DEDirector._fire(DEDirector.java:1949)
	at ptolemy.domains.de.kernel.DEDirector.fire(DEDirector.java:502)
	at ptolemy.actor.CompositeActor.fire(CompositeActor.java:455)
	at ptolemy.actor.Manager.iterate(Manager.java:851)
	at ptolemy.actor.Manager.execute(Manager.java:369)
	at ptolemy.actor.Manager.run(Manager.java:1263)
	at ptolemy.actor.Manager$PtolemyRunThread.run(Manager.java:1933)
java.lang.RuntimeException: Execution failed
	at ptolemy.moml.MoMLSimpleApplication$UnloadThread.run(MoMLSimpleApplication.java:402)
Caused by: ptolemy.kernel.util.IllegalActionException: Found a zero delay loop containing .HierarchicalModel.A
  in .HierarchicalModel and .HierarchicalModel.A
	at ptolemy.actor.util.CausalityInterfaceForComposites._computeOutputPortDepth(CausalityInterfaceForComposites.java:759)
	at ptolemy.actor.util.CausalityInterfaceForComposites._computeInputDepth(CausalityInterfaceForComposites.java:696)
	at ptolemy.actor.util.CausalityInterfaceForComposites._computeOutputPortDepth(CausalityInterfaceForComposites.java:765)
	at ptolemy.actor.util.CausalityInterfaceForComposites._computeInputDepth(CausalityInterfaceForComposites.java:696)
	at ptolemy.actor.util.CausalityInterfaceForComposites._computeOutputPortDepth(CausalityInterfaceForComposites.java:765)
	at ptolemy.actor.util.CausalityInterfaceForComposites._computeInputDepth(CausalityInterfaceForComposites.java:696)
	at ptolemy.actor.util.CausalityInterfaceForComposites._computeActorDepth(CausalityInterfaceForComposites.java:532)
	at ptolemy.actor.util.CausalityInterfaceForComposites.checkForCycles(CausalityInterfaceForComposites.java:96)
	at ptolemy.domains.de.kernel.DEDirector.preinitialize(DEDirector.java:1338)
	at ptolemy.actor.CompositeActor.preinitialize(CompositeActor.java:1828)
	at ptolemy.actor.Manager.preinitializeAndResolveTypes(Manager.java:1040)
	at ptolemy.actor.Manager.initialize(Manager.java:710)
	at ptolemy.actor.Manager.execute(Manager.java:356)
	at ptolemy.actor.Manager.run(Manager.java:1263)
	at ptolemy.actor.Manager$PtolemyRunThread.run(Manager.java:1933)
java.lang.reflect.InvocationTargetException
	at java.base/jdk.internal.reflect.NativeConstructorAccessorImpl.newInstance0(Native Method)
	at java.base/jdk.internal.reflect.NativeConstructorAccessorImpl.newInstance(NativeConstructorAccessorImpl.java:62)
	at java.base/jdk.internal.reflect.DelegatingConstructorAccessorImpl.newInstance(DelegatingConstructorAccessorImpl.java:45)
	at java.base/java.lang.reflect.Constructor.newInstance(Constructor.java:490)
	at ptolemy.util.test.junit.AutoKnownFailedTests.RunModel(AutoKnownFailedTests.java:105)
	at java.base/jdk.internal.reflect.NativeMethodAccessorImpl.invoke0(Native Method)
	at java.base/jdk.internal.reflect.NativeMethodAccessorImpl.invoke(NativeMethodAccessorImpl.java:62)
	at java.base/jdk.internal.reflect.DelegatingMethodAccessorImpl.invoke(DelegatingMethodAccessorImpl.java:43)
	at java.base/java.lang.reflect.Method.invoke(Method.java:566)
	at org.junit.runners.model.FrameworkMethod$1.runReflectiveCall(FrameworkMethod.java:44)
	at org.junit.internal.runners.model.ReflectiveCallable.run(ReflectiveCallable.java:15)
	at org.junit.runners.model.FrameworkMethod.invokeExplosively(FrameworkMethod.java:41)
	at junitparams.internal.InvokeParameterisedMethod.evaluate(InvokeParameterisedMethod.java:102)
	at org.junit.internal.runners.statements.FailOnTimeout$1.run(FailOnTimeout.java:28)
Caused by: ptolemy.kernel.util.IllegalActionException: Found a zero delay loop containing .HierarchicalModel.A
  in .HierarchicalModel and .HierarchicalModel.A
	at ptolemy.actor.util.CausalityInterfaceForComposites._computeOutputPortDepth(CausalityInterfaceForComposites.java:759)
	at ptolemy.actor.util.CausalityInterfaceForComposites._computeInputDepth(CausalityInterfaceForComposites.java:696)
	at ptolemy.actor.util.CausalityInterfaceForComposites._computeOutputPortDepth(CausalityInterfaceForComposites.java:765)
	at ptolemy.actor.util.CausalityInterfaceForComposites._computeInputDepth(CausalityInterfaceForComposites.java:696)
	at ptolemy.actor.util.CausalityInterfaceForComposites._computeOutputPortDepth(CausalityInterfaceForComposites.java:765)
	at ptolemy.actor.util.CausalityInterfaceForComposites._computeInputDepth(CausalityInterfaceForComposites.java:696)
	at ptolemy.actor.util.CausalityInterfaceForComposites._computeActorDepth(CausalityInterfaceForComposites.java:532)
	at ptolemy.actor.util.CausalityInterfaceForComposites.checkForCycles(CausalityInterfaceForComposites.java:96)
	at ptolemy.domains.de.kernel.DEDirector.preinitialize(DEDirector.java:1338)
	at ptolemy.actor.CompositeActor.preinitialize(CompositeActor.java:1828)
	at ptolemy.actor.Manager.preinitializeAndResolveTypes(Manager.java:1040)
	at ptolemy.actor.Manager.initialize(Manager.java:710)
	at ptolemy.actor.Manager.execute(Manager.java:356)
	at ptolemy.actor.Manager.run(Manager.java:1263)
	at ptolemy.actor.Manager$PtolemyRunThread.run(Manager.java:1933)
java.lang.RuntimeException: Execution failed
	at ptolemy.moml.MoMLSimpleApplication$UnloadThread.run(MoMLSimpleApplication.java:402)
Caused by: ptolemy.kernel.util.IllegalActionException: Found a zero delay loop containing .dependencyLoop.original
  in .dependencyLoop and .dependencyLoop.original
	at ptolemy.actor.util.CausalityInterfaceForComposites._computeOutputPortDepth(CausalityInterfaceForComposites.java:759)
	at ptolemy.actor.util.CausalityInterfaceForComposites._computeInputDepth(CausalityInterfaceForComposites.java:696)
	at ptolemy.actor.util.CausalityInterfaceForComposites._computeOutputPortDepth(CausalityInterfaceForComposites.java:765)
	at ptolemy.actor.util.CausalityInterfaceForComposites._computeInputDepth(CausalityInterfaceForComposites.java:696)
	at ptolemy.actor.util.CausalityInterfaceForComposites._computeOutputPortDepth(CausalityInterfaceForComposites.java:765)
	at ptolemy.actor.util.CausalityInterfaceForComposites._computeInputDepth(CausalityInterfaceForComposites.java:696)
	at ptolemy.actor.util.CausalityInterfaceForComposites._computeActorDepth(CausalityInterfaceForComposites.java:532)
	at ptolemy.actor.util.CausalityInterfaceForComposites.checkForCycles(CausalityInterfaceForComposites.java:96)
	at ptolemy.domains.de.kernel.DEDirector.preinitialize(DEDirector.java:1338)
	at ptolemy.actor.CompositeActor.preinitialize(CompositeActor.java:1828)
	at ptolemy.actor.Manager.preinitializeAndResolveTypes(Manager.java:1040)
	at ptolemy.actor.Manager.initialize(Manager.java:710)
	at ptolemy.actor.Manager.execute(Manager.java:356)
	at ptolemy.actor.Manager.run(Manager.java:1263)
	at ptolemy.actor.Manager$PtolemyRunThread.run(Manager.java:1933)
java.lang.reflect.InvocationTargetException
	at java.base/jdk.internal.reflect.NativeConstructorAccessorImpl.newInstance0(Native Method)
	at java.base/jdk.internal.reflect.NativeConstructorAccessorImpl.newInstance(NativeConstructorAccessorImpl.java:62)
	at java.base/jdk.internal.reflect.DelegatingConstructorAccessorImpl.newInstance(DelegatingConstructorAccessorImpl.java:45)
	at java.base/java.lang.reflect.Constructor.newInstance(Constructor.java:490)
	at ptolemy.util.test.junit.AutoKnownFailedTests.RunModel(AutoKnownFailedTests.java:105)
	at java.base/jdk.internal.reflect.NativeMethodAccessorImpl.invoke0(Native Method)
	at java.base/jdk.internal.reflect.NativeMethodAccessorImpl.invoke(NativeMethodAccessorImpl.java:62)
	at java.base/jdk.internal.reflect.DelegatingMethodAccessorImpl.invoke(DelegatingMethodAccessorImpl.java:43)
	at java.base/java.lang.reflect.Method.invoke(Method.java:566)
	at org.junit.runners.model.FrameworkMethod$1.runReflectiveCall(FrameworkMethod.java:44)
	at org.junit.internal.runners.model.ReflectiveCallable.run(ReflectiveCallable.java:15)
	at org.junit.runners.model.FrameworkMethod.invokeExplosively(FrameworkMethod.java:41)
	at junitparams.internal.InvokeParameterisedMethod.evaluate(InvokeParameterisedMethod.java:102)
	at org.junit.internal.runners.statements.FailOnTimeout$1.run(FailOnTimeout.java:28)
Caused by: ptolemy.kernel.util.IllegalActionException: Found a zero delay loop containing .dependencyLoop.original
  in .dependencyLoop and .dependencyLoop.original
	at ptolemy.actor.util.CausalityInterfaceForComposites._computeOutputPortDepth(CausalityInterfaceForComposites.java:759)
	at ptolemy.actor.util.CausalityInterfaceForComposites._computeInputDepth(CausalityInterfaceForComposites.java:696)
	at ptolemy.actor.util.CausalityInterfaceForComposites._computeOutputPortDepth(CausalityInterfaceForComposites.java:765)
	at ptolemy.actor.util.CausalityInterfaceForComposites._computeInputDepth(CausalityInterfaceForComposites.java:696)
	at ptolemy.actor.util.CausalityInterfaceForComposites._computeOutputPortDepth(CausalityInterfaceForComposites.java:765)
	at ptolemy.actor.util.CausalityInterfaceForComposites._computeInputDepth(CausalityInterfaceForComposites.java:696)
	at ptolemy.actor.util.CausalityInterfaceForComposites._computeActorDepth(CausalityInterfaceForComposites.java:532)
	at ptolemy.actor.util.CausalityInterfaceForComposites.checkForCycles(CausalityInterfaceForComposites.java:96)
	at ptolemy.domains.de.kernel.DEDirector.preinitialize(DEDirector.java:1338)
	at ptolemy.actor.CompositeActor.preinitialize(CompositeActor.java:1828)
	at ptolemy.actor.Manager.preinitializeAndResolveTypes(Manager.java:1040)
	at ptolemy.actor.Manager.initialize(Manager.java:710)
	at ptolemy.actor.Manager.execute(Manager.java:356)
	at ptolemy.actor.Manager.run(Manager.java:1263)
	at ptolemy.actor.Manager$PtolemyRunThread.run(Manager.java:1933)
java.lang.RuntimeException: Execution failed
	at ptolemy.moml.MoMLSimpleApplication$UnloadThread.run(MoMLSimpleApplication.java:402)
Caused by: ptolemy.kernel.util.IllegalActionException: Found a zero delay loop containing .dependencyLoop2.original
  in .dependencyLoop2 and .dependencyLoop2.original
	at ptolemy.actor.util.CausalityInterfaceForComposites._computeOutputPortDepth(CausalityInterfaceForComposites.java:759)
	at ptolemy.actor.util.CausalityInterfaceForComposites._computeInputDepth(CausalityInterfaceForComposites.java:696)
	at ptolemy.actor.util.CausalityInterfaceForComposites._computeOutputPortDepth(CausalityInterfaceForComposites.java:765)
	at ptolemy.actor.util.CausalityInterfaceForComposites._computeInputDepth(CausalityInterfaceForComposites.java:696)
	at ptolemy.actor.util.CausalityInterfaceForComposites._computeOutputPortDepth(CausalityInterfaceForComposites.java:765)
	at ptolemy.actor.util.CausalityInterfaceForComposites._computeInputDepth(CausalityInterfaceForComposites.java:696)
	at ptolemy.actor.util.CausalityInterfaceForComposites._computeActorDepth(CausalityInterfaceForComposites.java:532)
	at ptolemy.actor.util.CausalityInterfaceForComposites.checkForCycles(CausalityInterfaceForComposites.java:96)
	at ptolemy.domains.de.kernel.DEDirector.preinitialize(DEDirector.java:1338)
	at ptolemy.actor.CompositeActor.preinitialize(CompositeActor.java:1828)
	at ptolemy.actor.Manager.preinitializeAndResolveTypes(Manager.java:1040)
	at ptolemy.actor.Manager.initialize(Manager.java:710)
	at ptolemy.actor.Manager.execute(Manager.java:356)
	at ptolemy.actor.Manager.run(Manager.java:1263)
	at ptolemy.actor.Manager$PtolemyRunThread.run(Manager.java:1933)
java.lang.reflect.InvocationTargetException
	at java.base/jdk.internal.reflect.NativeConstructorAccessorImpl.newInstance0(Native Method)
	at java.base/jdk.internal.reflect.NativeConstructorAccessorImpl.newInstance(NativeConstructorAccessorImpl.java:62)
	at java.base/jdk.internal.reflect.DelegatingConstructorAccessorImpl.newInstance(DelegatingConstructorAccessorImpl.java:45)
	at java.base/java.lang.reflect.Constructor.newInstance(Constructor.java:490)
	at ptolemy.util.test.junit.AutoKnownFailedTests.RunModel(AutoKnownFailedTests.java:105)
	at java.base/jdk.internal.reflect.NativeMethodAccessorImpl.invoke0(Native Method)
	at java.base/jdk.internal.reflect.NativeMethodAccessorImpl.invoke(NativeMethodAccessorImpl.java:62)
	at java.base/jdk.internal.reflect.DelegatingMethodAccessorImpl.invoke(DelegatingMethodAccessorImpl.java:43)
	at java.base/java.lang.reflect.Method.invoke(Method.java:566)
	at org.junit.runners.model.FrameworkMethod$1.runReflectiveCall(FrameworkMethod.java:44)
	at org.junit.internal.runners.model.ReflectiveCallable.run(ReflectiveCallable.java:15)
	at org.junit.runners.model.FrameworkMethod.invokeExplosively(FrameworkMethod.java:41)
	at junitparams.internal.InvokeParameterisedMethod.evaluate(InvokeParameterisedMethod.java:102)
	at org.junit.internal.runners.statements.FailOnTimeout$1.run(FailOnTimeout.java:28)
Caused by: ptolemy.kernel.util.IllegalActionException: Found a zero delay loop containing .dependencyLoop2.original
  in .dependencyLoop2 and .dependencyLoop2.original
	at ptolemy.actor.util.CausalityInterfaceForComposites._computeOutputPortDepth(CausalityInterfaceForComposites.java:759)
	at ptolemy.actor.util.CausalityInterfaceForComposites._computeInputDepth(CausalityInterfaceForComposites.java:696)
	at ptolemy.actor.util.CausalityInterfaceForComposites._computeOutputPortDepth(CausalityInterfaceForComposites.java:765)
	at ptolemy.actor.util.CausalityInterfaceForComposites._computeInputDepth(CausalityInterfaceForComposites.java:696)
	at ptolemy.actor.util.CausalityInterfaceForComposites._computeOutputPortDepth(CausalityInterfaceForComposites.java:765)
	at ptolemy.actor.util.CausalityInterfaceForComposites._computeInputDepth(CausalityInterfaceForComposites.java:696)
	at ptolemy.actor.util.CausalityInterfaceForComposites._computeActorDepth(CausalityInterfaceForComposites.java:532)
	at ptolemy.actor.util.CausalityInterfaceForComposites.checkForCycles(CausalityInterfaceForComposites.java:96)
	at ptolemy.domains.de.kernel.DEDirector.preinitialize(DEDirector.java:1338)
	at ptolemy.actor.CompositeActor.preinitialize(CompositeActor.java:1828)
	at ptolemy.actor.Manager.preinitializeAndResolveTypes(Manager.java:1040)
	at ptolemy.actor.Manager.initialize(Manager.java:710)
	at ptolemy.actor.Manager.execute(Manager.java:356)
	at ptolemy.actor.Manager.run(Manager.java:1263)
	at ptolemy.actor.Manager$PtolemyRunThread.run(Manager.java:1933)
]]></system-err>
</testsuite>
