<?xml version="1.0" encoding="UTF-8" ?>
<testsuite errors="0" failures="0" hostname="travis-job-dc299209-77ba-4119-884d-f5d9d2ac60e4" name="ptolemy.domains.de.test.junit.JUnitTclTest" skipped="0" tests="101" time="138.787" timestamp="2019-09-17T05:41:51">
  <properties>
[...]
</properties>
  <testcase classname="ptolemy.util.test.junit.TclTests" name="[0] /home/travis/build/icyphy/ptII/ptolemy/domains/de/test/DependencyLoop.tcl (RunTclFile)" time="1.152" />
  <testcase classname="ptolemy.util.test.junit.TclTests" name="[1] /home/travis/build/icyphy/ptII/ptolemy/domains/de/test/RunDETestsAsQSS.tcl (RunTclFile)" time="94.495" />
  <testcase classname="ptolemy.util.test.junit.AutoKnownFailedTests" name="[0] /home/travis/build/icyphy/ptII/ptolemy/domains/de/test/auto/knownFailedTests/DESDFClockTest.xml (RunModel)" time="2.064" />
  <testcase classname="ptolemy.util.test.junit.AutoKnownFailedTests" name="[1] /home/travis/build/icyphy/ptII/ptolemy/domains/de/test/auto/knownFailedTests/DirectFeedback.xml (RunModel)" time="0.022" />
  <testcase classname="ptolemy.util.test.junit.AutoKnownFailedTests" name="[2] /home/travis/build/icyphy/ptII/ptolemy/domains/de/test/auto/knownFailedTests/FSMSource.xml (RunModel)" time="0.049" />
  <testcase classname="ptolemy.util.test.junit.AutoKnownFailedTests" name="[3] /home/travis/build/icyphy/ptII/ptolemy/domains/de/test/auto/knownFailedTests/HierarchicalModel.xml (RunModel)" time="0.077" />
  <testcase classname="ptolemy.util.test.junit.AutoKnownFailedTests" name="[4] /home/travis/build/icyphy/ptII/ptolemy/domains/de/test/auto/knownFailedTests/dependencyLoop.xml (RunModel)" time="0.05" />
  <testcase classname="ptolemy.util.test.junit.AutoKnownFailedTests" name="[5] /home/travis/build/icyphy/ptII/ptolemy/domains/de/test/auto/knownFailedTests/dependencyLoop2.xml (RunModel)" time="0.05" />
  <testcase classname="ptolemy.util.test.junit.AutoNameArchTests" name="[0] ThereAreNoAutoArchTests (RunModel)" time="0.005" />
  <testcase classname="ptolemy.util.test.junit.AutoTests" name="[0] /home/travis/build/icyphy/ptII/ptolemy/domains/de/test/auto/ActorDepthCalculation_actorWithoutPorts.xml (RunModel)" time="0.028" />
  <testcase classname="ptolemy.util.test.junit.AutoTests" name="[1] /home/travis/build/icyphy/ptII/ptolemy/domains/de/test/auto/AssemblyLine.xml (RunModel)" time="0.031" />
  <testcase classname="ptolemy.util.test.junit.AutoTests" name="[2] /home/travis/build/icyphy/ptII/ptolemy/domains/de/test/auto/CQBug1.xml (RunModel)" time="0.013" />
  <testcase classname="ptolemy.util.test.junit.AutoTests" name="[3] /home/travis/build/icyphy/ptII/ptolemy/domains/de/test/auto/CancelFireAt.xml (RunModel)" time="0.007" />
  <testcase classname="ptolemy.util.test.junit.AutoTests" name="[4] /home/travis/build/icyphy/ptII/ptolemy/domains/de/test/auto/CausalityAndComposabilityAnalysis.xml (RunModel)" time="0.024" />
  <testcase classname="ptolemy.util.test.junit.AutoTests" name="[5] /home/travis/build/icyphy/ptII/ptolemy/domains/de/test/auto/CausalityInterface1.xml (RunModel)" time="0.032" />
  <testcase classname="ptolemy.util.test.junit.AutoTests" name="[6] /home/travis/build/icyphy/ptII/ptolemy/domains/de/test/auto/CausalityInterface15.xml (RunModel)" time="0.02" />
  <testcase classname="ptolemy.util.test.junit.AutoTests" name="[7] /home/travis/build/icyphy/ptII/ptolemy/domains/de/test/auto/CausalityInterface2.xml (RunModel)" time="0.021" />
  <testcase classname="ptolemy.util.test.junit.AutoTests" name="[8] /home/travis/build/icyphy/ptII/ptolemy/domains/de/test/auto/CausalityInterface3.xml (RunModel)" time="0.016" />
  <testcase classname="ptolemy.util.test.junit.AutoTests" name="[9] /home/travis/build/icyphy/ptII/ptolemy/domains/de/test/auto/ClockDrift.xml (RunModel)" time="0.045" />
  <testcase classname="ptolemy.util.test.junit.AutoTests" name="[10] /home/travis/build/icyphy/ptII/ptolemy/domains/de/test/auto/ClockDriftAndValueChange.xml (RunModel)" time="0.042" />
  <testcase classname="ptolemy.util.test.junit.AutoTests" name="[11] /home/travis/build/icyphy/ptII/ptolemy/domains/de/test/auto/ClockDriftChange.xml (RunModel)" time="0.038" />
  <testcase classname="ptolemy.util.test.junit.AutoTests" name="[12] /home/travis/build/icyphy/ptII/ptolemy/domains/de/test/auto/ComposableCausalityAnalysis.xml (RunModel)" time="0.019" />
  <testcase classname="ptolemy.util.test.junit.AutoTests" name="[13] /home/travis/build/icyphy/ptII/ptolemy/domains/de/test/auto/DEFixedPointLimitation.xml (RunModel)" time="0.02" />
  <testcase classname="ptolemy.util.test.junit.AutoTests" name="[14] /home/travis/build/icyphy/ptII/ptolemy/domains/de/test/auto/DEScheduleTest.xml (RunModel)" time="0.018" />
  <testcase classname="ptolemy.util.test.junit.AutoTests" name="[15] /home/travis/build/icyphy/ptII/ptolemy/domains/de/test/auto/DEinDEwithStartTimes.xml (RunModel)" time="0.023" />
  <testcase classname="ptolemy.util.test.junit.AutoTests" name="[16] /home/travis/build/icyphy/ptII/ptolemy/domains/de/test/auto/DEinDEwithStartTimes2.xml (RunModel)" time="0.02" />
  <testcase classname="ptolemy.util.test.junit.AutoTests" name="[17] /home/travis/build/icyphy/ptII/ptolemy/domains/de/test/auto/DateDemo.xml (RunModel)" time="0.045" />
  <testcase classname="ptolemy.util.test.junit.AutoTests" name="[18] /home/travis/build/icyphy/ptII/ptolemy/domains/de/test/auto/DateToEvent.xml (RunModel)" time="2.044" />
  <testcase classname="ptolemy.util.test.junit.AutoTests" name="[19] /home/travis/build/icyphy/ptII/ptolemy/domains/de/test/auto/DepthTest1.xml (RunModel)" time="0.015" />
  <testcase classname="ptolemy.util.test.junit.AutoTests" name="[20] /home/travis/build/icyphy/ptII/ptolemy/domains/de/test/auto/DepthTest2.xml (RunModel)" time="0.025" />
  <testcase classname="ptolemy.util.test.junit.AutoTests" name="[21] /home/travis/build/icyphy/ptII/ptolemy/domains/de/test/auto/DepthTest3.xml (RunModel)" time="0.016" />
  <testcase classname="ptolemy.util.test.junit.AutoTests" name="[22] /home/travis/build/icyphy/ptII/ptolemy/domains/de/test/auto/DepthTest4.xml (RunModel)" time="0.023" />
  <testcase classname="ptolemy.util.test.junit.AutoTests" name="[23] /home/travis/build/icyphy/ptII/ptolemy/domains/de/test/auto/DepthTest5.xml (RunModel)" time="0.018" />
  <testcase classname="ptolemy.util.test.junit.AutoTests" name="[24] /home/travis/build/icyphy/ptII/ptolemy/domains/de/test/auto/DepthTest6.xml (RunModel)" time="0.018" />
  <testcase classname="ptolemy.util.test.junit.AutoTests" name="[25] /home/travis/build/icyphy/ptII/ptolemy/domains/de/test/auto/DepthTest7.xml (RunModel)" time="0.022" />
  <testcase classname="ptolemy.util.test.junit.AutoTests" name="[26] /home/travis/build/icyphy/ptII/ptolemy/domains/de/test/auto/EventToDate.xml (RunModel)" time="3.049" />
  <testcase classname="ptolemy.util.test.junit.AutoTests" name="[27] /home/travis/build/icyphy/ptII/ptolemy/domains/de/test/auto/FSM1.xml (RunModel)" time="0.053" />
  <testcase classname="ptolemy.util.test.junit.AutoTests" name="[28] /home/travis/build/icyphy/ptII/ptolemy/domains/de/test/auto/FSM7.xml (RunModel)" time="0.056" />
  <testcase classname="ptolemy.util.test.junit.AutoTests" name="[29] /home/travis/build/icyphy/ptII/ptolemy/domains/de/test/auto/Inspection.xml (RunModel)" time="0.057" />
  <testcase classname="ptolemy.util.test.junit.AutoTests" name="[30] /home/travis/build/icyphy/ptII/ptolemy/domains/de/test/auto/Iteration.xml (RunModel)" time="0.03" />
  <testcase classname="ptolemy.util.test.junit.AutoTests" name="[31] /home/travis/build/icyphy/ptII/ptolemy/domains/de/test/auto/LineFault.xml (RunModel)" time="0.675" />
  <testcase classname="ptolemy.util.test.junit.AutoTests" name="[32] /home/travis/build/icyphy/ptII/ptolemy/domains/de/test/auto/MergeModel1Add.xml (RunModel)" time="0.056" />
  <testcase classname="ptolemy.util.test.junit.AutoTests" name="[33] /home/travis/build/icyphy/ptII/ptolemy/domains/de/test/auto/MergeModel2Add.xml (RunModel)" time="0.055" />
  <testcase classname="ptolemy.util.test.junit.AutoTests" name="[34] /home/travis/build/icyphy/ptII/ptolemy/domains/de/test/auto/MergeModel3Add.xml (RunModel)" time="0.053" />
  <testcase classname="ptolemy.util.test.junit.AutoTests" name="[35] /home/travis/build/icyphy/ptII/ptolemy/domains/de/test/auto/MergeWithoutDiscard.xml (RunModel)" time="0.02" />
  <testcase classname="ptolemy.util.test.junit.AutoTests" name="[36] /home/travis/build/icyphy/ptII/ptolemy/domains/de/test/auto/Modal1.xml (RunModel)" time="0.04" />
  <testcase classname="ptolemy.util.test.junit.AutoTests" name="[37] /home/travis/build/icyphy/ptII/ptolemy/domains/de/test/auto/Modal2.xml (RunModel)" time="0.033" />
  <testcase classname="ptolemy.util.test.junit.AutoTests" name="[38] /home/travis/build/icyphy/ptII/ptolemy/domains/de/test/auto/Modal3.xml (RunModel)" time="0.039" />
  <testcase classname="ptolemy.util.test.junit.AutoTests" name="[39] /home/travis/build/icyphy/ptII/ptolemy/domains/de/test/auto/Modal4.xml (RunModel)" time="0.04" />
  <testcase classname="ptolemy.util.test.junit.AutoTests" name="[40] /home/travis/build/icyphy/ptII/ptolemy/domains/de/test/auto/Modal5.xml (RunModel)" time="0.049" />
  <testcase classname="ptolemy.util.test.junit.AutoTests" name="[41] /home/travis/build/icyphy/ptII/ptolemy/domains/de/test/auto/Modal6.xml (RunModel)" time="0.035" />
  <testcase classname="ptolemy.util.test.junit.AutoTests" name="[42] /home/travis/build/icyphy/ptII/ptolemy/domains/de/test/auto/Modal7.xml (RunModel)" time="0.043" />
  <testcase classname="ptolemy.util.test.junit.AutoTests" name="[43] /home/travis/build/icyphy/ptII/ptolemy/domains/de/test/auto/ModalModel.xml (RunModel)" time="0.231" />
  <testcase classname="ptolemy.util.test.junit.AutoTests" name="[44] /home/travis/build/icyphy/ptII/ptolemy/domains/de/test/auto/ModalSource.xml (RunModel)" time="0.032" />
  <testcase classname="ptolemy.util.test.junit.AutoTests" name="[45] /home/travis/build/icyphy/ptII/ptolemy/domains/de/test/auto/NonInterruptibleTimerZeroDelay.xml (RunModel)" time="0.012" />
  <testcase classname="ptolemy.util.test.junit.AutoTests" name="[46] /home/travis/build/icyphy/ptII/ptolemy/domains/de/test/auto/OpenQueueingNetwork.xml (RunModel)" time="2.566" />
  <testcase classname="ptolemy.util.test.junit.AutoTests" name="[47] /home/travis/build/icyphy/ptII/ptolemy/domains/de/test/auto/OpenQueuingNetwork.xml (RunModel)" time="0.354" />
  <testcase classname="ptolemy.util.test.junit.AutoTests" name="[48] /home/travis/build/icyphy/ptII/ptolemy/domains/de/test/auto/PeriodicSampler.xml (RunModel)" time="0.013" />
  <testcase classname="ptolemy.util.test.junit.AutoTests" name="[49] /home/travis/build/icyphy/ptII/ptolemy/domains/de/test/auto/PersistentIO.xml (RunModel)" time="0.026" />
  <testcase classname="ptolemy.util.test.junit.AutoTests" name="[50] /home/travis/build/icyphy/ptII/ptolemy/domains/de/test/auto/PortParameterResetOnInitialize.xml (RunModel)" time="0.016" />
  <testcase classname="ptolemy.util.test.junit.AutoTests" name="[51] /home/travis/build/icyphy/ptII/ptolemy/domains/de/test/auto/PortParameterUpdates.xml (RunModel)" time="0.017" />
  <testcase classname="ptolemy.util.test.junit.AutoTests" name="[52] /home/travis/build/icyphy/ptII/ptolemy/domains/de/test/auto/QueueAndServer.xml (RunModel)" time="0.024" />
  <testcase classname="ptolemy.util.test.junit.AutoTests" name="[53] /home/travis/build/icyphy/ptII/ptolemy/domains/de/test/auto/Records.xml (RunModel)" time="0.023" />
  <testcase classname="ptolemy.util.test.junit.AutoTests" name="[54] /home/travis/build/icyphy/ptII/ptolemy/domains/de/test/auto/ResetTransitionWithStartTime1.xml (RunModel)" time="0.028" />
  <testcase classname="ptolemy.util.test.junit.AutoTests" name="[55] /home/travis/build/icyphy/ptII/ptolemy/domains/de/test/auto/ResetTransitionWithStartTime2.xml (RunModel)" time="0.028" />
  <testcase classname="ptolemy.util.test.junit.AutoTests" name="[56] /home/travis/build/icyphy/ptII/ptolemy/domains/de/test/auto/ResetTransitionWithStartTime3.xml (RunModel)" time="0.023" />
  <testcase classname="ptolemy.util.test.junit.AutoTests" name="[57] /home/travis/build/icyphy/ptII/ptolemy/domains/de/test/auto/ResetTransitionWithStartTime4.xml (RunModel)" time="0.02" />
  <testcase classname="ptolemy.util.test.junit.AutoTests" name="[58] /home/travis/build/icyphy/ptII/ptolemy/domains/de/test/auto/ResettableTimer1.xml (RunModel)" time="0.013" />
  <testcase classname="ptolemy.util.test.junit.AutoTests" name="[59] /home/travis/build/icyphy/ptII/ptolemy/domains/de/test/auto/ResettableTimer2.xml (RunModel)" time="0.011" />
  <testcase classname="ptolemy.util.test.junit.AutoTests" name="[60] /home/travis/build/icyphy/ptII/ptolemy/domains/de/test/auto/ResettableTimer3.xml (RunModel)" time="0.014" />
  <testcase classname="ptolemy.util.test.junit.AutoTests" name="[61] /home/travis/build/icyphy/ptII/ptolemy/domains/de/test/auto/ResettableTimer4.xml (RunModel)" time="0.019" />
  <testcase classname="ptolemy.util.test.junit.AutoTests" name="[62] /home/travis/build/icyphy/ptII/ptolemy/domains/de/test/auto/ResettableTimer5.xml (RunModel)" time="0.024" />
  <testcase classname="ptolemy.util.test.junit.AutoTests" name="[63] /home/travis/build/icyphy/ptII/ptolemy/domains/de/test/auto/ResettableTimer6.xml (RunModel)" time="0.012" />
  <testcase classname="ptolemy.util.test.junit.AutoTests" name="[64] /home/travis/build/icyphy/ptII/ptolemy/domains/de/test/auto/ServerZeroDelay.xml (RunModel)" time="0.011" />
  <testcase classname="ptolemy.util.test.junit.AutoTests" name="[65] /home/travis/build/icyphy/ptII/ptolemy/domains/de/test/auto/SmartSender.xml (RunModel)" time="3.01" />
  <testcase classname="ptolemy.util.test.junit.AutoTests" name="[66] /home/travis/build/icyphy/ptII/ptolemy/domains/de/test/auto/ThreadedComposite.xml (RunModel)" time="0.127" />
  <testcase classname="ptolemy.util.test.junit.AutoTests" name="[67] /home/travis/build/icyphy/ptII/ptolemy/domains/de/test/auto/Time.xml (RunModel)" time="0.479" />
  <testcase classname="ptolemy.util.test.junit.AutoTests" name="[68] /home/travis/build/icyphy/ptII/ptolemy/domains/de/test/auto/TimeDelayZeroDelay.xml (RunModel)" time="0.013" />
  <testcase classname="ptolemy.util.test.junit.AutoTests" name="[69] /home/travis/build/icyphy/ptII/ptolemy/domains/de/test/auto/TimerZeroDelay.xml (RunModel)" time="0.011" />
  <testcase classname="ptolemy.util.test.junit.AutoTests" name="[70] /home/travis/build/icyphy/ptII/ptolemy/domains/de/test/auto/TimingParadox.xml (RunModel)" time="0.386" />
  <testcase classname="ptolemy.util.test.junit.AutoTests" name="[71] /home/travis/build/icyphy/ptII/ptolemy/domains/de/test/auto/TransferInputs.xml (RunModel)" time="0.015" />
  <testcase classname="ptolemy.util.test.junit.AutoTests" name="[72] /home/travis/build/icyphy/ptII/ptolemy/domains/de/test/auto/TransferOutputs2.xml (RunModel)" time="0.023" />
  <testcase classname="ptolemy.util.test.junit.AutoTests" name="[73] /home/travis/build/icyphy/ptII/ptolemy/domains/de/test/auto/Trilateration.xml (RunModel)" time="13.221" />
  <testcase classname="ptolemy.util.test.junit.AutoTests" name="[74] /home/travis/build/icyphy/ptII/ptolemy/domains/de/test/auto/TwoSigmaDelta.xml (RunModel)" time="2.214" />
  <testcase classname="ptolemy.util.test.junit.AutoTests" name="[75] /home/travis/build/icyphy/ptII/ptolemy/domains/de/test/auto/VariableDelay.xml (RunModel)" time="0.011" />
  <testcase classname="ptolemy.util.test.junit.AutoTests" name="[76] /home/travis/build/icyphy/ptII/ptolemy/domains/de/test/auto/VariableDelay2.xml (RunModel)" time="0.012" />
  <testcase classname="ptolemy.util.test.junit.AutoTests" name="[77] /home/travis/build/icyphy/ptII/ptolemy/domains/de/test/auto/VariableDelayZeroDelay.xml (RunModel)" time="0.018" />
  <testcase classname="ptolemy.util.test.junit.AutoTests" name="[78] /home/travis/build/icyphy/ptII/ptolemy/domains/de/test/auto/VariableDelayZeroDelay2.xml (RunModel)" time="0.027" />
  <testcase classname="ptolemy.util.test.junit.AutoTests" name="[79] /home/travis/build/icyphy/ptII/ptolemy/domains/de/test/auto/deInCt.xml (RunModel)" time="0.039" />
  <testcase classname="ptolemy.util.test.junit.AutoTests" name="[80] /home/travis/build/icyphy/ptII/ptolemy/domains/de/test/auto/deInCt2.xml (RunModel)" time="0.016" />
  <testcase classname="ptolemy.util.test.junit.AutoTests" name="[81] /home/travis/build/icyphy/ptII/ptolemy/domains/de/test/auto/dynamicCausalityInterface1.xml (RunModel)" time="0.024" />
  <testcase classname="ptolemy.util.test.junit.AutoTests" name="[82] /home/travis/build/icyphy/ptII/ptolemy/domains/de/test/auto/fsm_de_test.xml (RunModel)" time="0.023" />
  <testcase classname="ptolemy.util.test.junit.AutoTests" name="[83] /home/travis/build/icyphy/ptII/ptolemy/domains/de/test/auto/functionDependencyReconstruction.xml (RunModel)" time="0.033" />
  <testcase classname="ptolemy.util.test.junit.AutoTests" name="[84] /home/travis/build/icyphy/ptII/ptolemy/domains/de/test/auto/multirate.xml (RunModel)" time="0.017" />
  <testcase classname="ptolemy.util.test.junit.AutoTests" name="[85] /home/travis/build/icyphy/ptII/ptolemy/domains/de/test/auto/multirate2.xml (RunModel)" time="0.016" />
  <testcase classname="ptolemy.util.test.junit.AutoTests" name="[86] /home/travis/build/icyphy/ptII/ptolemy/domains/de/test/auto/realtime.xml (RunModel)" time="10.041" />
  <testcase classname="ptolemy.util.test.junit.AutoTests" name="[87] /home/travis/build/icyphy/ptII/ptolemy/domains/de/test/auto/relationGroup.xml (RunModel)" time="0.032" />
  <testcase classname="ptolemy.util.test.junit.AutoTests" name="[88] /home/travis/build/icyphy/ptII/ptolemy/domains/de/test/auto/relationGroup2.xml (RunModel)" time="0.008" />
  <testcase classname="ptolemy.util.test.junit.AutoTests" name="[89] /home/travis/build/icyphy/ptII/ptolemy/domains/de/test/auto/sortWithOpaquePorts.xml (RunModel)" time="0.011" />
  <testcase classname="ptolemy.util.test.junit.AutoTests" name="[90] /home/travis/build/icyphy/ptII/ptolemy/domains/de/test/auto/transferInputsandOutputs.xml (RunModel)" time="0.042" />
  <testcase classname="ptolemy.util.test.junit.AutoTests" name="[91] /home/travis/build/icyphy/ptII/ptolemy/domains/de/test/auto/triggerType.xml (RunModel)" time="0.012" />
  <system-out><![CDATA[/home/travis/build/icyphy/ptII/ptolemy/domains/de/test/DependencyLoop.tcl
testDefs.tcl: setting time out to 9000 seconds at Tue Sep 17 05:41:51 UTC 2019
70 ms. Memory: 120832K Free: 72008K (60%)
30 ms. Memory: 120832K Free: 54586K (45%)
/home/travis/build/icyphy/ptII/ptolemy/domains/de/test/RunDETestsAsQSS.tcl
Run the DE tests using ptolemy.domains.qss.test.QSSDirectorTest, which extends QSSDirector and prints a message in the constructors.
------------------ testing $PTII/ptolemy/domains/de/test/auto/knownFailedTests/DirectFeedback.xml (Known Failure) 
61 ms. Memory: 120832K Free: 48970K (41%)


==== $PTIIhome/travis/build/icyphy/ptII/ptolemy/domains/de/test/../../../../: Auto Automatic test in file $PTII/ptolemy/domains/de/test/auto/knownFailedTests/DirectFeedback.xml
==== Contents of test case:

	    # FIXME: we should use $relativeFilename here, but it
	    # might have backslashes under Windows, which causes no end
	    # of trouble.
	    createAndExecute $file
	    list {}
	
.... Test generated KNOWN error:
    while executing
ptolemy.kernel.util.IllegalActionException: Test fails in iteration 1.
Value was: 1.0. Should have been: 2.0
  in .DirectFeedback.Test
	at ptolemy.actor.lib.Test.fire(Test.java:268)
	at ptolemy.domains.de.kernel.DEDirector._fire(DEDirector.java:1949)
	at ptolemy.domains.de.kernel.DEDirector.fire(DEDirector.java:502)
	at ptolemy.actor.CompositeActor.fire(CompositeActor.java:455)
	at ptolemy.actor.Manager.iterate(Manager.java:851)
	at ptolemy.actor.Manager.execute(Manager.java:369)
	at ptolemy.actor.Manager.run(Manager.java:1263)
	at ptolemy.actor.Manager$PtolemyRunThread.run(Manager.java:1933)

    while executing
ptolemy.kernel.util.IllegalActionException: Test fails in iteration 1.
Value was: 1.0. Should have been: 2.0
  in .DirectFeedback.Test
    while executing
"java::new ptolemy.moml.MoMLSimpleApplication $file
"
    (procedure "createAndExecute" line 2)
    invoked from within
"createAndExecute $file"
    ("uplevel" body line 5)
    invoked from within
"uplevel $contents_of_test"
------------------ testing $PTII/ptolemy/domains/de/test/auto/knownFailedTests/dependencyLoop.xml (Known Failure) 
11 ms. Memory: 120832K Free: 45898K (38%)


==== $PTIIhome/travis/build/icyphy/ptII/ptolemy/domains/de/test/../../../../: Auto Automatic test in file $PTII/ptolemy/domains/de/test/auto/knownFailedTests/dependencyLoop.xml
==== Contents of test case:

	    # FIXME: we should use $relativeFilename here, but it
	    # might have backslashes under Windows, which causes no end
	    # of trouble.
	    createAndExecute $file
	    list {}
	
.... Test generated KNOWN error:
    while executing
ptolemy.kernel.util.IllegalActionException: Found a zero delay loop containing .dependencyLoop.original
  in .dependencyLoop and .dependencyLoop.original
	at ptolemy.actor.util.CausalityInterfaceForComposites._computeOutputPortDepth(CausalityInterfaceForComposites.java:759)
	at ptolemy.actor.util.CausalityInterfaceForComposites._computeInputDepth(CausalityInterfaceForComposites.java:696)
	at ptolemy.actor.util.CausalityInterfaceForComposites._computeOutputPortDepth(CausalityInterfaceForComposites.java:765)
	at ptolemy.actor.util.CausalityInterfaceForComposites._computeInputDepth(CausalityInterfaceForComposites.java:696)
	at ptolemy.actor.util.CausalityInterfaceForComposites._computeOutputPortDepth(CausalityInterfaceForComposites.java:765)
	at ptolemy.actor.util.CausalityInterfaceForComposites._computeInputDepth(CausalityInterfaceForComposites.java:696)
	at ptolemy.actor.util.CausalityInterfaceForComposites._computeActorDepth(CausalityInterfaceForComposites.java:532)
	at ptolemy.actor.util.CausalityInterfaceForComposites.checkForCycles(CausalityInterfaceForComposites.java:96)
	at ptolemy.domains.de.kernel.DEDirector.preinitialize(DEDirector.java:1338)
	at ptolemy.actor.CompositeActor.preinitialize(CompositeActor.java:1828)
	at ptolemy.actor.Manager.preinitializeAndResolveTypes(Manager.java:1040)
	at ptolemy.actor.Manager.initialize(Manager.java:710)
	at ptolemy.actor.Manager.execute(Manager.java:356)
	at ptolemy.actor.Manager.run(Manager.java:1263)
	at ptolemy.actor.Manager$PtolemyRunThread.run(Manager.java:1933)

    while executing
ptolemy.kernel.util.IllegalActionException: Found a zero delay loop containing .dependencyLoop.original
  in .dependencyLoop and .dependencyLoop.original
    while executing
"java::new ptolemy.moml.MoMLSimpleApplication $file
"
    (procedure "createAndExecute" line 2)
    invoked from within
"createAndExecute $file"
    ("uplevel" body line 5)
    invoked from within
"uplevel $contents_of_test"
------------------ testing $PTII/ptolemy/domains/de/test/auto/knownFailedTests/FSMSource.xml (Known Failure) 
96 ms. Memory: 120832K Free: 99549K (82%)
!!!! Auto was marked as failing, but now passes
------------------ testing $PTII/ptolemy/domains/de/test/auto/knownFailedTests/HierarchicalModel.xml (Known Failure) 
15 ms. Memory: 120832K Free: 82178K (68%)


==== $PTIIhome/travis/build/icyphy/ptII/ptolemy/domains/de/test/../../../../: Auto Automatic test in file $PTII/ptolemy/domains/de/test/auto/knownFailedTests/HierarchicalModel.xml
==== Contents of test case:

	    # FIXME: we should use $relativeFilename here, but it
	    # might have backslashes under Windows, which causes no end
	    # of trouble.
	    createAndExecute $file
	    list {}
	
.... Test generated KNOWN error:
    while executing
ptolemy.kernel.util.IllegalActionException: Found a zero delay loop containing .HierarchicalModel.A
  in .HierarchicalModel and .HierarchicalModel.A
	at ptolemy.actor.util.CausalityInterfaceForComposites._computeOutputPortDepth(CausalityInterfaceForComposites.java:759)
	at ptolemy.actor.util.CausalityInterfaceForComposites._computeInputDepth(CausalityInterfaceForComposites.java:696)
	at ptolemy.actor.util.CausalityInterfaceForComposites._computeOutputPortDepth(CausalityInterfaceForComposites.java:765)
	at ptolemy.actor.util.CausalityInterfaceForComposites._computeInputDepth(CausalityInterfaceForComposites.java:696)
	at ptolemy.actor.util.CausalityInterfaceForComposites._computeOutputPortDepth(CausalityInterfaceForComposites.java:765)
	at ptolemy.actor.util.CausalityInterfaceForComposites._computeInputDepth(CausalityInterfaceForComposites.java:696)
	at ptolemy.actor.util.CausalityInterfaceForComposites._computeActorDepth(CausalityInterfaceForComposites.java:532)
	at ptolemy.actor.util.CausalityInterfaceForComposites.checkForCycles(CausalityInterfaceForComposites.java:96)
	at ptolemy.domains.de.kernel.DEDirector.preinitialize(DEDirector.java:1338)
	at ptolemy.actor.CompositeActor.preinitialize(CompositeActor.java:1828)
	at ptolemy.actor.Manager.preinitializeAndResolveTypes(Manager.java:1040)
	at ptolemy.actor.Manager.initialize(Manager.java:710)
	at ptolemy.actor.Manager.execute(Manager.java:356)
	at ptolemy.actor.Manager.run(Manager.java:1263)
	at ptolemy.actor.Manager$PtolemyRunThread.run(Manager.java:1933)

    while executing
ptolemy.kernel.util.IllegalActionException: Found a zero delay loop containing .HierarchicalModel.A
  in .HierarchicalModel and .HierarchicalModel.A
    while executing
"java::new ptolemy.moml.MoMLSimpleApplication $file
"
    (procedure "createAndExecute" line 2)
    invoked from within
"createAndExecute $file"
    ("uplevel" body line 5)
    invoked from within
"uplevel $contents_of_test"
------------------ testing $PTII/ptolemy/domains/de/test/auto/knownFailedTests/dependencyLoop2.xml (Known Failure) 
25 ms. Memory: 120832K Free: 107086K (89%)


==== $PTIIhome/travis/build/icyphy/ptII/ptolemy/domains/de/test/../../../../: Auto Automatic test in file $PTII/ptolemy/domains/de/test/auto/knownFailedTests/dependencyLoop2.xml
==== Contents of test case:

	    # FIXME: we should use $relativeFilename here, but it
	    # might have backslashes under Windows, which causes no end
	    # of trouble.
	    createAndExecute $file
	    list {}
	
.... Test generated KNOWN error:
    while executing
ptolemy.kernel.util.IllegalActionException: Found a zero delay loop containing .dependencyLoop2.original
  in .dependencyLoop2 and .dependencyLoop2.original
	at ptolemy.actor.util.CausalityInterfaceForComposites._computeOutputPortDepth(CausalityInterfaceForComposites.java:759)
	at ptolemy.actor.util.CausalityInterfaceForComposites._computeInputDepth(CausalityInterfaceForComposites.java:696)
	at ptolemy.actor.util.CausalityInterfaceForComposites._computeOutputPortDepth(CausalityInterfaceForComposites.java:765)
	at ptolemy.actor.util.CausalityInterfaceForComposites._computeInputDepth(CausalityInterfaceForComposites.java:696)
	at ptolemy.actor.util.CausalityInterfaceForComposites._computeOutputPortDepth(CausalityInterfaceForComposites.java:765)
	at ptolemy.actor.util.CausalityInterfaceForComposites._computeInputDepth(CausalityInterfaceForComposites.java:696)
	at ptolemy.actor.util.CausalityInterfaceForComposites._computeActorDepth(CausalityInterfaceForComposites.java:532)
	at ptolemy.actor.util.CausalityInterfaceForComposites.checkForCycles(CausalityInterfaceForComposites.java:96)
	at ptolemy.domains.de.kernel.DEDirector.preinitialize(DEDirector.java:1338)
	at ptolemy.actor.CompositeActor.preinitialize(CompositeActor.java:1828)
	at ptolemy.actor.Manager.preinitializeAndResolveTypes(Manager.java:1040)
	at ptolemy.actor.Manager.initialize(Manager.java:710)
	at ptolemy.actor.Manager.execute(Manager.java:356)
	at ptolemy.actor.Manager.run(Manager.java:1263)
	at ptolemy.actor.Manager$PtolemyRunThread.run(Manager.java:1933)

    while executing
ptolemy.kernel.util.IllegalActionException: Found a zero delay loop containing .dependencyLoop2.original
  in .dependencyLoop2 and .dependencyLoop2.original
    while executing
"java::new ptolemy.moml.MoMLSimpleApplication $file
"
    (procedure "createAndExecute" line 2)
    invoked from within
"createAndExecute $file"
    ("uplevel" body line 5)
    invoked from within
"uplevel $contents_of_test"
------------------ testing $PTII/ptolemy/domains/de/test/auto/knownFailedTests/DESDFClockTest.xml (Known Failure) 
2055 ms. Memory: 120832K Free: 94101K (78%)


==== $PTIIhome/travis/build/icyphy/ptII/ptolemy/domains/de/test/../../../../: Auto Automatic test in file $PTII/ptolemy/domains/de/test/auto/knownFailedTests/DESDFClockTest.xml
==== Contents of test case:

	    # FIXME: we should use $relativeFilename here, but it
	    # might have backslashes under Windows, which causes no end
	    # of trouble.
	    createAndExecute $file
	    list {}
	
.... Test generated KNOWN error:
    while executing
ptolemy.kernel.util.IllegalActionException: Actor is not ready to fire.  Perhaps UpSample.prefire() returned false? Try debugging the actor by selecting "Listen to Actor".  Also, for SDF check moml for tokenConsumptionRate on input.
  in .DESDFClockTest.Play Bell.Copy1:SDF Director and .DESDFClockTest.Play Bell.UpSample
	at ptolemy.actor.sched.StaticSchedulingDirector.fire(StaticSchedulingDirector.java:227)
	at ptolemy.domains.sdf.kernel.SDFDirector.fire(SDFDirector.java:500)
	at ptolemy.actor.CompositeActor.fire(CompositeActor.java:455)
	at ptolemy.domains.de.kernel.DEDirector._fire(DEDirector.java:1949)
	at ptolemy.domains.de.kernel.DEDirector.fire(DEDirector.java:502)
	at ptolemy.actor.CompositeActor.fire(CompositeActor.java:455)
	at ptolemy.actor.Manager.iterate(Manager.java:851)
	at ptolemy.actor.Manager.execute(Manager.java:369)
	at ptolemy.actor.Manager.run(Manager.java:1263)
	at ptolemy.actor.Manager$PtolemyRunThread.run(Manager.java:1933)

    while executing
ptolemy.kernel.util.IllegalActionException: Actor is not ready to fire.  Perhaps UpSample.prefire() returned false? Try debugging the actor by selecting "Listen to Actor".  Also, for SDF check moml for tokenConsumptionRate on input.
  in .DESDFClockTest.Play Bell.Copy1:SDF Director and .DESDFClockTest.Play Bell.UpSample
    while executing
"java::new ptolemy.moml.MoMLSimpleApplication $file
"
    (procedure "createAndExecute" line 2)
    invoked from within
"createAndExecute $file"
    ("uplevel" body line 5)
    invoked from within
"uplevel $contents_of_test"
------------------ testing $PTII/ptolemy/domains/de/test/auto/ActorDepthCalculation_actorWithoutPorts.xml
auto.tcl: Setting watchdog for 200 seconds at Tue Sep 17 05:41:56 UTC 2019
12 ms. Memory: 120832K Free: 86405K (72%)
ptolemy.util.test.WatchDog.cancel(): canceling Tue Sep 17 05:41:56 UTC 2019
auto.tcl: Setting watchdog for 200 seconds at Tue Sep 17 05:41:56 UTC 2019
12 ms. Memory: 120832K Free: 84885K (70%)
ptolemy.util.test.WatchDog.cancel(): canceling Tue Sep 17 05:41:56 UTC 2019
------------------ testing $PTII/ptolemy/domains/de/test/auto/AssemblyLine.xml
auto.tcl: Setting watchdog for 200 seconds at Tue Sep 17 05:41:56 UTC 2019
11 ms. Memory: 48128K Free: 25764K (54%)
ptolemy.util.test.WatchDog.cancel(): canceling Tue Sep 17 05:41:56 UTC 2019
auto.tcl: Setting watchdog for 200 seconds at Tue Sep 17 05:41:56 UTC 2019
16 ms. Memory: 48128K Free: 24845K (52%)
ptolemy.util.test.WatchDog.cancel(): canceling Tue Sep 17 05:41:56 UTC 2019
------------------ testing $PTII/ptolemy/domains/de/test/auto/CQBug1.xml
auto.tcl: Setting watchdog for 200 seconds at Tue Sep 17 05:41:56 UTC 2019
3 ms. Memory: 45056K Free: 28527K (63%)
ptolemy.util.test.WatchDog.cancel(): canceling Tue Sep 17 05:41:56 UTC 2019
auto.tcl: Setting watchdog for 200 seconds at Tue Sep 17 05:41:56 UTC 2019
4 ms. Memory: 45056K Free: 28096K (62%)
ptolemy.util.test.WatchDog.cancel(): canceling Tue Sep 17 05:41:56 UTC 2019
------------------ testing $PTII/ptolemy/domains/de/test/auto/CancelFireAt.xml
auto.tcl: Setting watchdog for 200 seconds at Tue Sep 17 05:41:57 UTC 2019
3 ms. Memory: 45056K Free: 29619K (66%)
ptolemy.util.test.WatchDog.cancel(): canceling Tue Sep 17 05:41:57 UTC 2019
auto.tcl: Setting watchdog for 200 seconds at Tue Sep 17 05:41:57 UTC 2019
2 ms. Memory: 45056K Free: 29220K (65%)
ptolemy.util.test.WatchDog.cancel(): canceling Tue Sep 17 05:41:57 UTC 2019
------------------ testing $PTII/ptolemy/domains/de/test/auto/CausalityAndComposabilityAnalysis.xml
auto.tcl: Setting watchdog for 200 seconds at Tue Sep 17 05:41:57 UTC 2019
12 ms. Memory: 45056K Free: 27423K (61%)
ptolemy.util.test.WatchDog.cancel(): canceling Tue Sep 17 05:41:57 UTC 2019
auto.tcl: Setting watchdog for 200 seconds at Tue Sep 17 05:41:57 UTC 2019
10 ms. Memory: 45056K Free: 26992K (60%)
ptolemy.util.test.WatchDog.cancel(): canceling Tue Sep 17 05:41:57 UTC 2019
------------------ testing $PTII/ptolemy/domains/de/test/auto/CausalityInterface1.xml
auto.tcl: Setting watchdog for 200 seconds at Tue Sep 17 05:41:57 UTC 2019
21 ms. Memory: 45056K Free: 26382K (59%)
ptolemy.util.test.WatchDog.cancel(): canceling Tue Sep 17 05:41:57 UTC 2019
auto.tcl: Setting watchdog for 200 seconds at Tue Sep 17 05:41:57 UTC 2019
5 ms. Memory: 45056K Free: 25373K (56%)
ptolemy.util.test.WatchDog.cancel(): canceling Tue Sep 17 05:41:57 UTC 2019
------------------ testing $PTII/ptolemy/domains/de/test/auto/CausalityInterface15.xml
auto.tcl: Setting watchdog for 200 seconds at Tue Sep 17 05:41:57 UTC 2019
15 ms. Memory: 45056K Free: 26069K (58%)
ptolemy.util.test.WatchDog.cancel(): canceling Tue Sep 17 05:41:57 UTC 2019
auto.tcl: Setting watchdog for 200 seconds at Tue Sep 17 05:41:57 UTC 2019
8 ms. Memory: 45056K Free: 25330K (56%)
ptolemy.util.test.WatchDog.cancel(): canceling Tue Sep 17 05:41:57 UTC 2019
------------------ testing $PTII/ptolemy/domains/de/test/auto/CausalityInterface2.xml
auto.tcl: Setting watchdog for 200 seconds at Tue Sep 17 05:41:57 UTC 2019
7 ms. Memory: 45056K Free: 27093K (60%)
ptolemy.util.test.WatchDog.cancel(): canceling Tue Sep 17 05:41:57 UTC 2019
auto.tcl: Setting watchdog for 200 seconds at Tue Sep 17 05:41:57 UTC 2019
4 ms. Memory: 45056K Free: 26340K (58%)
ptolemy.util.test.WatchDog.cancel(): canceling Tue Sep 17 05:41:57 UTC 2019
------------------ testing $PTII/ptolemy/domains/de/test/auto/CausalityInterface3.xml
auto.tcl: Setting watchdog for 200 seconds at Tue Sep 17 05:41:57 UTC 2019
7 ms. Memory: 45056K Free: 26555K (59%)
ptolemy.util.test.WatchDog.cancel(): canceling Tue Sep 17 05:41:57 UTC 2019
auto.tcl: Setting watchdog for 200 seconds at Tue Sep 17 05:41:57 UTC 2019
3 ms. Memory: 45056K Free: 26124K (58%)
ptolemy.util.test.WatchDog.cancel(): canceling Tue Sep 17 05:41:57 UTC 2019
------------------ testing $PTII/ptolemy/domains/de/test/auto/ClockDrift.xml
auto.tcl: Setting watchdog for 200 seconds at Tue Sep 17 05:41:57 UTC 2019
97 ms. Memory: 45056K Free: 19149K (43%)
ptolemy.util.test.WatchDog.cancel(): canceling Tue Sep 17 05:41:57 UTC 2019
auto.tcl: Setting watchdog for 200 seconds at Tue Sep 17 05:41:57 UTC 2019
70 ms. Memory: 45056K Free: 15730K (35%)
ptolemy.util.test.WatchDog.cancel(): canceling Tue Sep 17 05:41:57 UTC 2019
------------------ testing $PTII/ptolemy/domains/de/test/auto/ClockDriftAndValueChange.xml
auto.tcl: Setting watchdog for 200 seconds at Tue Sep 17 05:41:57 UTC 2019
56 ms. Memory: 45056K Free: 19564K (43%)
ptolemy.util.test.WatchDog.cancel(): canceling Tue Sep 17 05:41:58 UTC 2019
auto.tcl: Setting watchdog for 200 seconds at Tue Sep 17 05:41:58 UTC 2019
32 ms. Memory: 45056K Free: 16631K (37%)
ptolemy.util.test.WatchDog.cancel(): canceling Tue Sep 17 05:41:58 UTC 2019
------------------ testing $PTII/ptolemy/domains/de/test/auto/ClockDriftChange.xml
auto.tcl: Setting watchdog for 200 seconds at Tue Sep 17 05:41:58 UTC 2019
18 ms. Memory: 45056K Free: 21264K (47%)
ptolemy.util.test.WatchDog.cancel(): canceling Tue Sep 17 05:41:58 UTC 2019
auto.tcl: Setting watchdog for 200 seconds at Tue Sep 17 05:41:58 UTC 2019
21 ms. Memory: 45056K Free: 18695K (41%)
ptolemy.util.test.WatchDog.cancel(): canceling Tue Sep 17 05:41:58 UTC 2019
------------------ testing $PTII/ptolemy/domains/de/test/auto/ComposableCausalityAnalysis.xml
auto.tcl: Setting watchdog for 200 seconds at Tue Sep 17 05:41:58 UTC 2019
2 ms. Memory: 45056K Free: 25649K (57%)
ptolemy.util.test.WatchDog.cancel(): canceling Tue Sep 17 05:41:58 UTC 2019
auto.tcl: Setting watchdog for 200 seconds at Tue Sep 17 05:41:58 UTC 2019
5 ms. Memory: 45056K Free: 24627K (55%)
ptolemy.util.test.WatchDog.cancel(): canceling Tue Sep 17 05:41:58 UTC 2019
------------------ testing $PTII/ptolemy/domains/de/test/auto/DEFixedPointLimitation.xml
auto.tcl: Setting watchdog for 200 seconds at Tue Sep 17 05:41:58 UTC 2019
3 ms. Memory: 45056K Free: 27022K (60%)
ptolemy.util.test.WatchDog.cancel(): canceling Tue Sep 17 05:41:58 UTC 2019
auto.tcl: Setting watchdog for 200 seconds at Tue Sep 17 05:41:58 UTC 2019
1 ms. Memory: 45056K Free: 26087K (58%)
ptolemy.util.test.WatchDog.cancel(): canceling Tue Sep 17 05:41:58 UTC 2019
------------------ testing $PTII/ptolemy/domains/de/test/auto/DEScheduleTest.xml
auto.tcl: Setting watchdog for 200 seconds at Tue Sep 17 05:41:58 UTC 2019
5 ms. Memory: 45056K Free: 27311K (61%)
ptolemy.util.test.WatchDog.cancel(): canceling Tue Sep 17 05:41:58 UTC 2019
auto.tcl: Setting watchdog for 200 seconds at Tue Sep 17 05:41:58 UTC 2019
4 ms. Memory: 45056K Free: 26526K (59%)
ptolemy.util.test.WatchDog.cancel(): canceling Tue Sep 17 05:41:58 UTC 2019
------------------ testing $PTII/ptolemy/domains/de/test/auto/DEinDEwithStartTimes.xml
auto.tcl: Setting watchdog for 200 seconds at Tue Sep 17 05:41:58 UTC 2019
5 ms. Memory: 45056K Free: 25488K (57%)
ptolemy.util.test.WatchDog.cancel(): canceling Tue Sep 17 05:41:58 UTC 2019
auto.tcl: Setting watchdog for 200 seconds at Tue Sep 17 05:41:58 UTC 2019
3 ms. Memory: 45056K Free: 24429K (54%)
ptolemy.util.test.WatchDog.cancel(): canceling Tue Sep 17 05:41:58 UTC 2019
------------------ testing $PTII/ptolemy/domains/de/test/auto/DEinDEwithStartTimes2.xml
auto.tcl: Setting watchdog for 200 seconds at Tue Sep 17 05:41:58 UTC 2019
9 ms. Memory: 45056K Free: 24699K (55%)
ptolemy.util.test.WatchDog.cancel(): canceling Tue Sep 17 05:41:58 UTC 2019
auto.tcl: Setting watchdog for 200 seconds at Tue Sep 17 05:41:58 UTC 2019
8 ms. Memory: 45056K Free: 23385K (52%)
ptolemy.util.test.WatchDog.cancel(): canceling Tue Sep 17 05:41:58 UTC 2019
------------------ testing $PTII/ptolemy/domains/de/test/auto/DateDemo.xml
auto.tcl: Setting watchdog for 200 seconds at Tue Sep 17 05:41:58 UTC 2019
22 ms. Memory: 45056K Free: 19353K (43%)
ptolemy.util.test.WatchDog.cancel(): canceling Tue Sep 17 05:41:58 UTC 2019
auto.tcl: Setting watchdog for 200 seconds at Tue Sep 17 05:41:58 UTC 2019
10 ms. Memory: 45056K Free: 17860K (40%)
ptolemy.util.test.WatchDog.cancel(): canceling Tue Sep 17 05:41:58 UTC 2019
------------------ testing $PTII/ptolemy/domains/de/test/auto/DateToEvent.xml
auto.tcl: Setting watchdog for 200 seconds at Tue Sep 17 05:41:58 UTC 2019
2013 ms. Memory: 45056K Free: 14516K (32%)
ptolemy.util.test.WatchDog.cancel(): canceling Tue Sep 17 05:42:00 UTC 2019
auto.tcl: Setting watchdog for 200 seconds at Tue Sep 17 05:42:00 UTC 2019
2007 ms. Memory: 45056K Free: 14133K (31%)
ptolemy.util.test.WatchDog.cancel(): canceling Tue Sep 17 05:42:03 UTC 2019
------------------ testing $PTII/ptolemy/domains/de/test/auto/DepthTest1.xml
auto.tcl: Setting watchdog for 200 seconds at Tue Sep 17 05:42:03 UTC 2019
11 ms. Memory: 45056K Free: 28239K (63%)
ptolemy.util.test.WatchDog.cancel(): canceling Tue Sep 17 05:42:03 UTC 2019
auto.tcl: Setting watchdog for 200 seconds at Tue Sep 17 05:42:03 UTC 2019
2 ms. Memory: 45056K Free: 27701K (61%)
ptolemy.util.test.WatchDog.cancel(): canceling Tue Sep 17 05:42:03 UTC 2019
------------------ testing $PTII/ptolemy/domains/de/test/auto/DepthTest2.xml
auto.tcl: Setting watchdog for 200 seconds at Tue Sep 17 05:42:03 UTC 2019
6 ms. Memory: 45056K Free: 24945K (55%)
ptolemy.util.test.WatchDog.cancel(): canceling Tue Sep 17 05:42:03 UTC 2019
auto.tcl: Setting watchdog for 200 seconds at Tue Sep 17 05:42:03 UTC 2019
3 ms. Memory: 45056K Free: 24525K (54%)
ptolemy.util.test.WatchDog.cancel(): canceling Tue Sep 17 05:42:03 UTC 2019
------------------ testing $PTII/ptolemy/domains/de/test/auto/DepthTest3.xml
auto.tcl: Setting watchdog for 200 seconds at Tue Sep 17 05:42:03 UTC 2019
3 ms. Memory: 45056K Free: 28582K (63%)
ptolemy.util.test.WatchDog.cancel(): canceling Tue Sep 17 05:42:03 UTC 2019
auto.tcl: Setting watchdog for 200 seconds at Tue Sep 17 05:42:03 UTC 2019
2 ms. Memory: 45056K Free: 28046K (62%)
ptolemy.util.test.WatchDog.cancel(): canceling Tue Sep 17 05:42:03 UTC 2019
------------------ testing $PTII/ptolemy/domains/de/test/auto/DepthTest4.xml
auto.tcl: Setting watchdog for 200 seconds at Tue Sep 17 05:42:03 UTC 2019
4 ms. Memory: 45056K Free: 26783K (59%)
ptolemy.util.test.WatchDog.cancel(): canceling Tue Sep 17 05:42:03 UTC 2019
auto.tcl: Setting watchdog for 200 seconds at Tue Sep 17 05:42:03 UTC 2019
3 ms. Memory: 45056K Free: 26049K (58%)
ptolemy.util.test.WatchDog.cancel(): canceling Tue Sep 17 05:42:03 UTC 2019
------------------ testing $PTII/ptolemy/domains/de/test/auto/DepthTest5.xml
auto.tcl: Setting watchdog for 200 seconds at Tue Sep 17 05:42:03 UTC 2019
3 ms. Memory: 45056K Free: 25900K (57%)
ptolemy.util.test.WatchDog.cancel(): canceling Tue Sep 17 05:42:03 UTC 2019
auto.tcl: Setting watchdog for 200 seconds at Tue Sep 17 05:42:03 UTC 2019
3 ms. Memory: 45056K Free: 25521K (57%)
ptolemy.util.test.WatchDog.cancel(): canceling Tue Sep 17 05:42:03 UTC 2019
------------------ testing $PTII/ptolemy/domains/de/test/auto/DepthTest6.xml
auto.tcl: Setting watchdog for 200 seconds at Tue Sep 17 05:42:03 UTC 2019
8 ms. Memory: 45056K Free: 25894K (57%)
ptolemy.util.test.WatchDog.cancel(): canceling Tue Sep 17 05:42:03 UTC 2019
auto.tcl: Setting watchdog for 200 seconds at Tue Sep 17 05:42:03 UTC 2019
4 ms. Memory: 45056K Free: 25364K (56%)
ptolemy.util.test.WatchDog.cancel(): canceling Tue Sep 17 05:42:03 UTC 2019
------------------ testing $PTII/ptolemy/domains/de/test/auto/DepthTest7.xml
auto.tcl: Setting watchdog for 200 seconds at Tue Sep 17 05:42:03 UTC 2019
4 ms. Memory: 45056K Free: 26385K (59%)
ptolemy.util.test.WatchDog.cancel(): canceling Tue Sep 17 05:42:03 UTC 2019
auto.tcl: Setting watchdog for 200 seconds at Tue Sep 17 05:42:03 UTC 2019
3 ms. Memory: 45056K Free: 25990K (58%)
ptolemy.util.test.WatchDog.cancel(): canceling Tue Sep 17 05:42:03 UTC 2019
------------------ testing $PTII/ptolemy/domains/de/test/auto/EventToDate.xml
auto.tcl: Setting watchdog for 200 seconds at Tue Sep 17 05:42:03 UTC 2019
3011 ms. Memory: 45056K Free: 17514K (39%)
ptolemy.util.test.WatchDog.cancel(): canceling Tue Sep 17 05:42:06 UTC 2019
auto.tcl: Setting watchdog for 200 seconds at Tue Sep 17 05:42:06 UTC 2019
3009 ms. Memory: 45056K Free: 16794K (37%)
ptolemy.util.test.WatchDog.cancel(): canceling Tue Sep 17 05:42:09 UTC 2019
------------------ testing $PTII/ptolemy/domains/de/test/auto/FSM1.xml
auto.tcl: Setting watchdog for 200 seconds at Tue Sep 17 05:42:09 UTC 2019
43 ms. Memory: 45056K Free: 18204K (40%)
ptolemy.util.test.WatchDog.cancel(): canceling Tue Sep 17 05:42:09 UTC 2019
auto.tcl: Setting watchdog for 200 seconds at Tue Sep 17 05:42:09 UTC 2019
26 ms. Memory: 45056K Free: 14833K (33%)
ptolemy.util.test.WatchDog.cancel(): canceling Tue Sep 17 05:42:09 UTC 2019
------------------ testing $PTII/ptolemy/domains/de/test/auto/FSM7.xml
auto.tcl: Setting watchdog for 200 seconds at Tue Sep 17 05:42:09 UTC 2019
28 ms. Memory: 45056K Free: 18636K (41%)
ptolemy.util.test.WatchDog.cancel(): canceling Tue Sep 17 05:42:10 UTC 2019
auto.tcl: Setting watchdog for 200 seconds at Tue Sep 17 05:42:10 UTC 2019
30 ms. Memory: 45056K Free: 15670K (35%)
ptolemy.util.test.WatchDog.cancel(): canceling Tue Sep 17 05:42:10 UTC 2019
------------------ testing $PTII/ptolemy/domains/de/test/auto/Inspection.xml
auto.tcl: Setting watchdog for 200 seconds at Tue Sep 17 05:42:10 UTC 2019
26 ms. Memory: 45056K Free: 18213K (40%)
ptolemy.util.test.WatchDog.cancel(): canceling Tue Sep 17 05:42:10 UTC 2019
auto.tcl: Setting watchdog for 200 seconds at Tue Sep 17 05:42:10 UTC 2019
26 ms. Memory: 45056K Free: 16336K (36%)
ptolemy.util.test.WatchDog.cancel(): canceling Tue Sep 17 05:42:10 UTC 2019
------------------ testing $PTII/ptolemy/domains/de/test/auto/Iteration.xml
auto.tcl: Setting watchdog for 200 seconds at Tue Sep 17 05:42:10 UTC 2019
9 ms. Memory: 45056K Free: 24170K (54%)
ptolemy.util.test.WatchDog.cancel(): canceling Tue Sep 17 05:42:10 UTC 2019
auto.tcl: Setting watchdog for 200 seconds at Tue Sep 17 05:42:10 UTC 2019
9 ms. Memory: 45056K Free: 23127K (51%)
ptolemy.util.test.WatchDog.cancel(): canceling Tue Sep 17 05:42:10 UTC 2019
------------------ testing $PTII/ptolemy/domains/de/test/auto/LineFault.xml
auto.tcl: Setting watchdog for 200 seconds at Tue Sep 17 05:42:10 UTC 2019
794 ms. Memory: 54272K Free: 20407K (38%)
ptolemy.util.test.WatchDog.cancel(): canceling Tue Sep 17 05:42:11 UTC 2019
auto.tcl: Setting watchdog for 200 seconds at Tue Sep 17 05:42:11 UTC 2019
648 ms. Memory: 54272K Free: 34936K (64%)
ptolemy.util.test.WatchDog.cancel(): canceling Tue Sep 17 05:42:12 UTC 2019
------------------ testing $PTII/ptolemy/domains/de/test/auto/MergeModel1Add.xml
auto.tcl: Setting watchdog for 200 seconds at Tue Sep 17 05:42:12 UTC 2019
20 ms. Memory: 51200K Free: 15991K (31%)
ptolemy.util.test.WatchDog.cancel(): canceling Tue Sep 17 05:42:12 UTC 2019
auto.tcl: Setting watchdog for 200 seconds at Tue Sep 17 05:42:12 UTC 2019
14 ms. Memory: 51200K Free: 14491K (28%)
ptolemy.util.test.WatchDog.cancel(): canceling Tue Sep 17 05:42:12 UTC 2019
------------------ testing $PTII/ptolemy/domains/de/test/auto/MergeModel2Add.xml
auto.tcl: Setting watchdog for 200 seconds at Tue Sep 17 05:42:12 UTC 2019
10 ms. Memory: 48128K Free: 15786K (33%)
ptolemy.util.test.WatchDog.cancel(): canceling Tue Sep 17 05:42:12 UTC 2019
auto.tcl: Setting watchdog for 200 seconds at Tue Sep 17 05:42:12 UTC 2019
10 ms. Memory: 48128K Free: 14348K (30%)
ptolemy.util.test.WatchDog.cancel(): canceling Tue Sep 17 05:42:12 UTC 2019
------------------ testing $PTII/ptolemy/domains/de/test/auto/MergeModel3Add.xml
auto.tcl: Setting watchdog for 200 seconds at Tue Sep 17 05:42:12 UTC 2019
12 ms. Memory: 48128K Free: 15299K (32%)
ptolemy.util.test.WatchDog.cancel(): canceling Tue Sep 17 05:42:12 UTC 2019
auto.tcl: Setting watchdog for 200 seconds at Tue Sep 17 05:42:12 UTC 2019
11 ms. Memory: 48128K Free: 13961K (29%)
ptolemy.util.test.WatchDog.cancel(): canceling Tue Sep 17 05:42:12 UTC 2019
------------------ testing $PTII/ptolemy/domains/de/test/auto/MergeWithoutDiscard.xml
auto.tcl: Setting watchdog for 200 seconds at Tue Sep 17 05:42:12 UTC 2019
2 ms. Memory: 48128K Free: 29625K (62%)
ptolemy.util.test.WatchDog.cancel(): canceling Tue Sep 17 05:42:12 UTC 2019
auto.tcl: Setting watchdog for 200 seconds at Tue Sep 17 05:42:12 UTC 2019
2 ms. Memory: 48128K Free: 29210K (61%)
ptolemy.util.test.WatchDog.cancel(): canceling Tue Sep 17 05:42:12 UTC 2019
------------------ testing $PTII/ptolemy/domains/de/test/auto/Modal1.xml
auto.tcl: Setting watchdog for 200 seconds at Tue Sep 17 05:42:12 UTC 2019
17 ms. Memory: 48128K Free: 21759K (45%)
ptolemy.util.test.WatchDog.cancel(): canceling Tue Sep 17 05:42:12 UTC 2019
auto.tcl: Setting watchdog for 200 seconds at Tue Sep 17 05:42:12 UTC 2019
28 ms. Memory: 48128K Free: 18327K (38%)
ptolemy.util.test.WatchDog.cancel(): canceling Tue Sep 17 05:42:12 UTC 2019
------------------ testing $PTII/ptolemy/domains/de/test/auto/Modal2.xml
auto.tcl: Setting watchdog for 200 seconds at Tue Sep 17 05:42:12 UTC 2019
12 ms. Memory: 48128K Free: 21886K (45%)
ptolemy.util.test.WatchDog.cancel(): canceling Tue Sep 17 05:42:12 UTC 2019
auto.tcl: Setting watchdog for 200 seconds at Tue Sep 17 05:42:12 UTC 2019
14 ms. Memory: 48128K Free: 18630K (39%)
ptolemy.util.test.WatchDog.cancel(): canceling Tue Sep 17 05:42:12 UTC 2019
------------------ testing $PTII/ptolemy/domains/de/test/auto/Modal3.xml
auto.tcl: Setting watchdog for 200 seconds at Tue Sep 17 05:42:13 UTC 2019
16 ms. Memory: 48128K Free: 21414K (44%)
ptolemy.util.test.WatchDog.cancel(): canceling Tue Sep 17 05:42:13 UTC 2019
auto.tcl: Setting watchdog for 200 seconds at Tue Sep 17 05:42:13 UTC 2019
19 ms. Memory: 48128K Free: 18232K (38%)
ptolemy.util.test.WatchDog.cancel(): canceling Tue Sep 17 05:42:13 UTC 2019
------------------ testing $PTII/ptolemy/domains/de/test/auto/Modal4.xml
auto.tcl: Setting watchdog for 200 seconds at Tue Sep 17 05:42:13 UTC 2019
15 ms. Memory: 48128K Free: 20803K (43%)
ptolemy.util.test.WatchDog.cancel(): canceling Tue Sep 17 05:42:13 UTC 2019
auto.tcl: Setting watchdog for 200 seconds at Tue Sep 17 05:42:13 UTC 2019
21 ms. Memory: 48128K Free: 16999K (35%)
ptolemy.util.test.WatchDog.cancel(): canceling Tue Sep 17 05:42:13 UTC 2019
------------------ testing $PTII/ptolemy/domains/de/test/auto/Modal5.xml
auto.tcl: Setting watchdog for 200 seconds at Tue Sep 17 05:42:13 UTC 2019
16 ms. Memory: 48128K Free: 20844K (43%)
ptolemy.util.test.WatchDog.cancel(): canceling Tue Sep 17 05:42:13 UTC 2019
auto.tcl: Setting watchdog for 200 seconds at Tue Sep 17 05:42:13 UTC 2019
14 ms. Memory: 48128K Free: 16985K (35%)
ptolemy.util.test.WatchDog.cancel(): canceling Tue Sep 17 05:42:13 UTC 2019
------------------ testing $PTII/ptolemy/domains/de/test/auto/Modal6.xml
auto.tcl: Setting watchdog for 200 seconds at Tue Sep 17 05:42:13 UTC 2019
14 ms. Memory: 48128K Free: 21367K (44%)
ptolemy.util.test.WatchDog.cancel(): canceling Tue Sep 17 05:42:13 UTC 2019
auto.tcl: Setting watchdog for 200 seconds at Tue Sep 17 05:42:13 UTC 2019
16 ms. Memory: 48128K Free: 17426K (36%)
ptolemy.util.test.WatchDog.cancel(): canceling Tue Sep 17 05:42:13 UTC 2019
------------------ testing $PTII/ptolemy/domains/de/test/auto/Modal7.xml
auto.tcl: Setting watchdog for 200 seconds at Tue Sep 17 05:42:13 UTC 2019
11 ms. Memory: 48128K Free: 20579K (43%)
ptolemy.util.test.WatchDog.cancel(): canceling Tue Sep 17 05:42:13 UTC 2019
auto.tcl: Setting watchdog for 200 seconds at Tue Sep 17 05:42:13 UTC 2019
10 ms. Memory: 48128K Free: 17031K (35%)
ptolemy.util.test.WatchDog.cancel(): canceling Tue Sep 17 05:42:13 UTC 2019
------------------ testing $PTII/ptolemy/domains/de/test/auto/ModalModel.xml
auto.tcl: Setting watchdog for 200 seconds at Tue Sep 17 05:42:13 UTC 2019
276 ms. Memory: 60416K Free: 21288K (35%)
ptolemy.util.test.WatchDog.cancel(): canceling Tue Sep 17 05:42:14 UTC 2019
auto.tcl: Setting watchdog for 200 seconds at Tue Sep 17 05:42:14 UTC 2019
244 ms. Memory: 60416K Free: 18971K (31%)
ptolemy.util.test.WatchDog.cancel(): canceling Tue Sep 17 05:42:14 UTC 2019
------------------ testing $PTII/ptolemy/domains/de/test/auto/ModalSource.xml
auto.tcl: Setting watchdog for 200 seconds at Tue Sep 17 05:42:14 UTC 2019
10 ms. Memory: 51200K Free: 28513K (56%)
ptolemy.util.test.WatchDog.cancel(): canceling Tue Sep 17 05:42:14 UTC 2019
auto.tcl: Setting watchdog for 200 seconds at Tue Sep 17 05:42:14 UTC 2019
7 ms. Memory: 51200K Free: 26465K (52%)
ptolemy.util.test.WatchDog.cancel(): canceling Tue Sep 17 05:42:14 UTC 2019
------------------ testing $PTII/ptolemy/domains/de/test/auto/NonInterruptibleTimerZeroDelay.xml
auto.tcl: Setting watchdog for 200 seconds at Tue Sep 17 05:42:14 UTC 2019
4 ms. Memory: 51200K Free: 33728K (66%)
ptolemy.util.test.WatchDog.cancel(): canceling Tue Sep 17 05:42:14 UTC 2019
auto.tcl: Setting watchdog for 200 seconds at Tue Sep 17 05:42:14 UTC 2019
3 ms. Memory: 51200K Free: 32820K (64%)
ptolemy.util.test.WatchDog.cancel(): canceling Tue Sep 17 05:42:14 UTC 2019
------------------ testing $PTII/ptolemy/domains/de/test/auto/OpenQueueingNetwork.xml
auto.tcl: Setting watchdog for 200 seconds at Tue Sep 17 05:42:14 UTC 2019
3072 ms. Memory: 108544K Free: 83130K (77%)
ptolemy.util.test.WatchDog.cancel(): canceling Tue Sep 17 05:42:17 UTC 2019
auto.tcl: Setting watchdog for 200 seconds at Tue Sep 17 05:42:17 UTC 2019
2606 ms. Memory: 108544K Free: 46349K (43%)
ptolemy.util.test.WatchDog.cancel(): canceling Tue Sep 17 05:42:20 UTC 2019
------------------ testing $PTII/ptolemy/domains/de/test/auto/OpenQueuingNetwork.xml
auto.tcl: Setting watchdog for 200 seconds at Tue Sep 17 05:42:20 UTC 2019
253 ms. Memory: 66560K Free: 36182K (54%)
ptolemy.util.test.WatchDog.cancel(): canceling Tue Sep 17 05:42:20 UTC 2019
auto.tcl: Setting watchdog for 200 seconds at Tue Sep 17 05:42:20 UTC 2019
230 ms. Memory: 66560K Free: 22266K (33%)
ptolemy.util.test.WatchDog.cancel(): canceling Tue Sep 17 05:42:21 UTC 2019
------------------ testing $PTII/ptolemy/domains/de/test/auto/PeriodicSampler.xml
auto.tcl: Setting watchdog for 200 seconds at Tue Sep 17 05:42:21 UTC 2019
2 ms. Memory: 51200K Free: 32650K (64%)
ptolemy.util.test.WatchDog.cancel(): canceling Tue Sep 17 05:42:21 UTC 2019
auto.tcl: Setting watchdog for 200 seconds at Tue Sep 17 05:42:21 UTC 2019
2 ms. Memory: 51200K Free: 32130K (63%)
ptolemy.util.test.WatchDog.cancel(): canceling Tue Sep 17 05:42:21 UTC 2019
------------------ testing $PTII/ptolemy/domains/de/test/auto/PersistentIO.xml
auto.tcl: Setting watchdog for 200 seconds at Tue Sep 17 05:42:21 UTC 2019
5 ms. Memory: 51200K Free: 27558K (54%)
ptolemy.util.test.WatchDog.cancel(): canceling Tue Sep 17 05:42:21 UTC 2019
auto.tcl: Setting watchdog for 200 seconds at Tue Sep 17 05:42:21 UTC 2019
4 ms. Memory: 51200K Free: 26054K (51%)
ptolemy.util.test.WatchDog.cancel(): canceling Tue Sep 17 05:42:21 UTC 2019
------------------ testing $PTII/ptolemy/domains/de/test/auto/PortParameterResetOnInitialize.xml
auto.tcl: Setting watchdog for 200 seconds at Tue Sep 17 05:42:21 UTC 2019
9 ms. Memory: 51200K Free: 32784K (64%)
ptolemy.util.test.WatchDog.cancel(): canceling Tue Sep 17 05:42:21 UTC 2019
auto.tcl: Setting watchdog for 200 seconds at Tue Sep 17 05:42:21 UTC 2019
2 ms. Memory: 51200K Free: 32240K (63%)
ptolemy.util.test.WatchDog.cancel(): canceling Tue Sep 17 05:42:21 UTC 2019
------------------ testing $PTII/ptolemy/domains/de/test/auto/PortParameterUpdates.xml
auto.tcl: Setting watchdog for 200 seconds at Tue Sep 17 05:42:21 UTC 2019
4 ms. Memory: 51200K Free: 30858K (60%)
ptolemy.util.test.WatchDog.cancel(): canceling Tue Sep 17 05:42:21 UTC 2019
auto.tcl: Setting watchdog for 200 seconds at Tue Sep 17 05:42:21 UTC 2019
4 ms. Memory: 51200K Free: 29633K (58%)
ptolemy.util.test.WatchDog.cancel(): canceling Tue Sep 17 05:42:21 UTC 2019
------------------ testing $PTII/ptolemy/domains/de/test/auto/QueueAndServer.xml
auto.tcl: Setting watchdog for 200 seconds at Tue Sep 17 05:42:21 UTC 2019
7 ms. Memory: 51200K Free: 29515K (58%)
ptolemy.util.test.WatchDog.cancel(): canceling Tue Sep 17 05:42:21 UTC 2019
auto.tcl: Setting watchdog for 200 seconds at Tue Sep 17 05:42:21 UTC 2019
7 ms. Memory: 51200K Free: 28063K (55%)
ptolemy.util.test.WatchDog.cancel(): canceling Tue Sep 17 05:42:21 UTC 2019
------------------ testing $PTII/ptolemy/domains/de/test/auto/Records.xml
auto.tcl: Setting watchdog for 200 seconds at Tue Sep 17 05:42:21 UTC 2019
6 ms. Memory: 48128K Free: 29029K (60%)
ptolemy.util.test.WatchDog.cancel(): canceling Tue Sep 17 05:42:21 UTC 2019
auto.tcl: Setting watchdog for 200 seconds at Tue Sep 17 05:42:21 UTC 2019
3 ms. Memory: 48128K Free: 28546K (59%)
ptolemy.util.test.WatchDog.cancel(): canceling Tue Sep 17 05:42:21 UTC 2019
------------------ testing $PTII/ptolemy/domains/de/test/auto/ResetTransitionWithStartTime1.xml
auto.tcl: Setting watchdog for 200 seconds at Tue Sep 17 05:42:21 UTC 2019
11 ms. Memory: 48128K Free: 25987K (54%)
ptolemy.util.test.WatchDog.cancel(): canceling Tue Sep 17 05:42:21 UTC 2019
auto.tcl: Setting watchdog for 200 seconds at Tue Sep 17 05:42:21 UTC 2019
11 ms. Memory: 48128K Free: 23471K (49%)
ptolemy.util.test.WatchDog.cancel(): canceling Tue Sep 17 05:42:21 UTC 2019
------------------ testing $PTII/ptolemy/domains/de/test/auto/ResetTransitionWithStartTime2.xml
auto.tcl: Setting watchdog for 200 seconds at Tue Sep 17 05:42:21 UTC 2019
7 ms. Memory: 48128K Free: 25942K (54%)
ptolemy.util.test.WatchDog.cancel(): canceling Tue Sep 17 05:42:21 UTC 2019
auto.tcl: Setting watchdog for 200 seconds at Tue Sep 17 05:42:21 UTC 2019
6 ms. Memory: 48128K Free: 23394K (49%)
ptolemy.util.test.WatchDog.cancel(): canceling Tue Sep 17 05:42:21 UTC 2019
------------------ testing $PTII/ptolemy/domains/de/test/auto/ResetTransitionWithStartTime3.xml
auto.tcl: Setting watchdog for 200 seconds at Tue Sep 17 05:42:21 UTC 2019
6 ms. Memory: 48128K Free: 25940K (54%)
ptolemy.util.test.WatchDog.cancel(): canceling Tue Sep 17 05:42:21 UTC 2019
auto.tcl: Setting watchdog for 200 seconds at Tue Sep 17 05:42:21 UTC 2019
7 ms. Memory: 48128K Free: 23395K (49%)
ptolemy.util.test.WatchDog.cancel(): canceling Tue Sep 17 05:42:21 UTC 2019
------------------ testing $PTII/ptolemy/domains/de/test/auto/ResetTransitionWithStartTime4.xml
auto.tcl: Setting watchdog for 200 seconds at Tue Sep 17 05:42:21 UTC 2019
9 ms. Memory: 48128K Free: 26625K (55%)
ptolemy.util.test.WatchDog.cancel(): canceling Tue Sep 17 05:42:21 UTC 2019
auto.tcl: Setting watchdog for 200 seconds at Tue Sep 17 05:42:21 UTC 2019
3 ms. Memory: 48128K Free: 24952K (52%)
ptolemy.util.test.WatchDog.cancel(): canceling Tue Sep 17 05:42:21 UTC 2019
------------------ testing $PTII/ptolemy/domains/de/test/auto/ResettableTimer1.xml
auto.tcl: Setting watchdog for 200 seconds at Tue Sep 17 05:42:22 UTC 2019
3 ms. Memory: 48128K Free: 30017K (62%)
ptolemy.util.test.WatchDog.cancel(): canceling Tue Sep 17 05:42:22 UTC 2019
auto.tcl: Setting watchdog for 200 seconds at Tue Sep 17 05:42:22 UTC 2019
2 ms. Memory: 48128K Free: 29027K (60%)
ptolemy.util.test.WatchDog.cancel(): canceling Tue Sep 17 05:42:22 UTC 2019
------------------ testing $PTII/ptolemy/domains/de/test/auto/ResettableTimer2.xml
auto.tcl: Setting watchdog for 200 seconds at Tue Sep 17 05:42:22 UTC 2019
2 ms. Memory: 48128K Free: 30073K (62%)
ptolemy.util.test.WatchDog.cancel(): canceling Tue Sep 17 05:42:22 UTC 2019
auto.tcl: Setting watchdog for 200 seconds at Tue Sep 17 05:42:22 UTC 2019
2 ms. Memory: 48128K Free: 29082K (60%)
ptolemy.util.test.WatchDog.cancel(): canceling Tue Sep 17 05:42:22 UTC 2019
------------------ testing $PTII/ptolemy/domains/de/test/auto/ResettableTimer3.xml
auto.tcl: Setting watchdog for 200 seconds at Tue Sep 17 05:42:22 UTC 2019
2 ms. Memory: 48128K Free: 30568K (64%)
ptolemy.util.test.WatchDog.cancel(): canceling Tue Sep 17 05:42:22 UTC 2019
auto.tcl: Setting watchdog for 200 seconds at Tue Sep 17 05:42:22 UTC 2019
1 ms. Memory: 48128K Free: 30085K (63%)
ptolemy.util.test.WatchDog.cancel(): canceling Tue Sep 17 05:42:22 UTC 2019
------------------ testing $PTII/ptolemy/domains/de/test/auto/ResettableTimer4.xml
auto.tcl: Setting watchdog for 200 seconds at Tue Sep 17 05:42:22 UTC 2019
2 ms. Memory: 48128K Free: 30098K (63%)
ptolemy.util.test.WatchDog.cancel(): canceling Tue Sep 17 05:42:22 UTC 2019
auto.tcl: Setting watchdog for 200 seconds at Tue Sep 17 05:42:22 UTC 2019
1 ms. Memory: 48128K Free: 30098K (63%)
ptolemy.util.test.WatchDog.cancel(): canceling Tue Sep 17 05:42:22 UTC 2019
------------------ testing $PTII/ptolemy/domains/de/test/auto/ResettableTimer5.xml
auto.tcl: Setting watchdog for 200 seconds at Tue Sep 17 05:42:22 UTC 2019
2 ms. Memory: 48128K Free: 29556K (61%)
ptolemy.util.test.WatchDog.cancel(): canceling Tue Sep 17 05:42:22 UTC 2019
auto.tcl: Setting watchdog for 200 seconds at Tue Sep 17 05:42:22 UTC 2019
1 ms. Memory: 48128K Free: 29073K (60%)
ptolemy.util.test.WatchDog.cancel(): canceling Tue Sep 17 05:42:22 UTC 2019
------------------ testing $PTII/ptolemy/domains/de/test/auto/ResettableTimer6.xml
auto.tcl: Setting watchdog for 200 seconds at Tue Sep 17 05:42:22 UTC 2019
2 ms. Memory: 48128K Free: 29554K (61%)
ptolemy.util.test.WatchDog.cancel(): canceling Tue Sep 17 05:42:22 UTC 2019
auto.tcl: Setting watchdog for 200 seconds at Tue Sep 17 05:42:22 UTC 2019
2 ms. Memory: 48128K Free: 29071K (60%)
ptolemy.util.test.WatchDog.cancel(): canceling Tue Sep 17 05:42:22 UTC 2019
------------------ testing $PTII/ptolemy/domains/de/test/auto/ServerZeroDelay.xml
auto.tcl: Setting watchdog for 200 seconds at Tue Sep 17 05:42:22 UTC 2019
3 ms. Memory: 48128K Free: 30065K (62%)
ptolemy.util.test.WatchDog.cancel(): canceling Tue Sep 17 05:42:22 UTC 2019
auto.tcl: Setting watchdog for 200 seconds at Tue Sep 17 05:42:22 UTC 2019
3 ms. Memory: 48128K Free: 29081K (60%)
ptolemy.util.test.WatchDog.cancel(): canceling Tue Sep 17 05:42:22 UTC 2019
------------------ testing $PTII/ptolemy/domains/de/test/auto/SmartSender.xml
auto.tcl: Setting watchdog for 200 seconds at Tue Sep 17 05:42:22 UTC 2019
3002 ms. Memory: 48128K Free: 30060K (62%)
ptolemy.util.test.WatchDog.cancel(): canceling Tue Sep 17 05:42:25 UTC 2019
auto.tcl: Setting watchdog for 200 seconds at Tue Sep 17 05:42:25 UTC 2019
3002 ms. Memory: 48128K Free: 29575K (61%)
ptolemy.util.test.WatchDog.cancel(): canceling Tue Sep 17 05:42:28 UTC 2019
------------------ testing $PTII/ptolemy/domains/de/test/auto/ThreadedComposite.xml
auto.tcl: Setting watchdog for 200 seconds at Tue Sep 17 05:42:28 UTC 2019
168 ms. Memory: 48128K Free: 11128K (23%)
ptolemy.util.test.WatchDog.cancel(): canceling Tue Sep 17 05:42:28 UTC 2019
auto.tcl: Setting watchdog for 200 seconds at Tue Sep 17 05:42:28 UTC 2019
195 ms. Memory: 48128K Free: 20910K (43%)
ptolemy.util.test.WatchDog.cancel(): canceling Tue Sep 17 05:42:29 UTC 2019
------------------ testing $PTII/ptolemy/domains/de/test/auto/Time.xml
auto.tcl: Setting watchdog for 200 seconds at Tue Sep 17 05:42:29 UTC 2019
522 ms. Memory: 48128K Free: 29244K (61%)
ptolemy.util.test.WatchDog.cancel(): canceling Tue Sep 17 05:42:29 UTC 2019
auto.tcl: Setting watchdog for 200 seconds at Tue Sep 17 05:42:29 UTC 2019
509 ms. Memory: 48128K Free: 27229K (57%)
ptolemy.util.test.WatchDog.cancel(): canceling Tue Sep 17 05:42:30 UTC 2019
------------------ testing $PTII/ptolemy/domains/de/test/auto/TimeDelayZeroDelay.xml
auto.tcl: Setting watchdog for 200 seconds at Tue Sep 17 05:42:30 UTC 2019
3 ms. Memory: 48128K Free: 30493K (63%)
ptolemy.util.test.WatchDog.cancel(): canceling Tue Sep 17 05:42:30 UTC 2019
auto.tcl: Setting watchdog for 200 seconds at Tue Sep 17 05:42:30 UTC 2019
2 ms. Memory: 48128K Free: 29589K (61%)
ptolemy.util.test.WatchDog.cancel(): canceling Tue Sep 17 05:42:30 UTC 2019
------------------ testing $PTII/ptolemy/domains/de/test/auto/TimerZeroDelay.xml
auto.tcl: Setting watchdog for 200 seconds at Tue Sep 17 05:42:30 UTC 2019
4 ms. Memory: 48128K Free: 30527K (63%)
ptolemy.util.test.WatchDog.cancel(): canceling Tue Sep 17 05:42:30 UTC 2019
auto.tcl: Setting watchdog for 200 seconds at Tue Sep 17 05:42:30 UTC 2019
3 ms. Memory: 48128K Free: 29646K (62%)
ptolemy.util.test.WatchDog.cancel(): canceling Tue Sep 17 05:42:30 UTC 2019
------------------ testing $PTII/ptolemy/domains/de/test/auto/TimingParadox.xml
auto.tcl: Setting watchdog for 200 seconds at Tue Sep 17 05:42:30 UTC 2019
390 ms. Memory: 58368K Free: 20681K (35%)
ptolemy.util.test.WatchDog.cancel(): canceling Tue Sep 17 05:42:31 UTC 2019
auto.tcl: Setting watchdog for 200 seconds at Tue Sep 17 05:42:31 UTC 2019
327 ms. Memory: 58368K Free: 15261K (26%)
ptolemy.util.test.WatchDog.cancel(): canceling Tue Sep 17 05:42:31 UTC 2019
------------------ testing $PTII/ptolemy/domains/de/test/auto/TransferInputs.xml
auto.tcl: Setting watchdog for 200 seconds at Tue Sep 17 05:42:31 UTC 2019
2 ms. Memory: 55296K Free: 35675K (65%)
ptolemy.util.test.WatchDog.cancel(): canceling Tue Sep 17 05:42:31 UTC 2019
auto.tcl: Setting watchdog for 200 seconds at Tue Sep 17 05:42:31 UTC 2019
2 ms. Memory: 55296K Free: 34749K (63%)
ptolemy.util.test.WatchDog.cancel(): canceling Tue Sep 17 05:42:31 UTC 2019
------------------ testing $PTII/ptolemy/domains/de/test/auto/TransferOutputs2.xml
auto.tcl: Setting watchdog for 200 seconds at Tue Sep 17 05:42:31 UTC 2019
3 ms. Memory: 51200K Free: 29013K (57%)
ptolemy.util.test.WatchDog.cancel(): canceling Tue Sep 17 05:42:31 UTC 2019
auto.tcl: Setting watchdog for 200 seconds at Tue Sep 17 05:42:31 UTC 2019
3 ms. Memory: 51200K Free: 27596K (54%)
ptolemy.util.test.WatchDog.cancel(): canceling Tue Sep 17 05:42:31 UTC 2019
------------------ testing $PTII/ptolemy/domains/de/test/auto/Trilateration.xml
auto.tcl: Setting watchdog for 200 seconds at Tue Sep 17 05:42:31 UTC 2019
15083 ms. Memory: 475136K Free: 425190K (89%)
ptolemy.util.test.WatchDog.cancel(): canceling Tue Sep 17 05:42:47 UTC 2019
auto.tcl: Setting watchdog for 200 seconds at Tue Sep 17 05:42:47 UTC 2019
12014 ms. Memory: 475136K Free: 306681K (65%)
ptolemy.util.test.WatchDog.cancel(): canceling Tue Sep 17 05:43:00 UTC 2019
------------------ testing $PTII/ptolemy/domains/de/test/auto/TwoSigmaDelta.xml
auto.tcl: Setting watchdog for 200 seconds at Tue Sep 17 05:43:00 UTC 2019
3222 ms. Memory: 89088K Free: 50725K (57%)
ptolemy.util.test.WatchDog.cancel(): canceling Tue Sep 17 05:43:03 UTC 2019
auto.tcl: Setting watchdog for 200 seconds at Tue Sep 17 05:43:03 UTC 2019
2440 ms. Memory: 89088K Free: 34329K (39%)
ptolemy.util.test.WatchDog.cancel(): canceling Tue Sep 17 05:43:05 UTC 2019
------------------ testing $PTII/ptolemy/domains/de/test/auto/VariableDelay.xml
auto.tcl: Setting watchdog for 200 seconds at Tue Sep 17 05:43:05 UTC 2019
10 ms. Memory: 55296K Free: 36145K (65%)
ptolemy.util.test.WatchDog.cancel(): canceling Tue Sep 17 05:43:05 UTC 2019
auto.tcl: Setting watchdog for 200 seconds at Tue Sep 17 05:43:05 UTC 2019
3 ms. Memory: 55296K Free: 35151K (64%)
ptolemy.util.test.WatchDog.cancel(): canceling Tue Sep 17 05:43:05 UTC 2019
------------------ testing $PTII/ptolemy/domains/de/test/auto/VariableDelay2.xml
auto.tcl: Setting watchdog for 200 seconds at Tue Sep 17 05:43:06 UTC 2019
6 ms. Memory: 51200K Free: 33090K (65%)
ptolemy.util.test.WatchDog.cancel(): canceling Tue Sep 17 05:43:06 UTC 2019
auto.tcl: Setting watchdog for 200 seconds at Tue Sep 17 05:43:06 UTC 2019
7 ms. Memory: 51200K Free: 31967K (62%)
ptolemy.util.test.WatchDog.cancel(): canceling Tue Sep 17 05:43:06 UTC 2019
------------------ testing $PTII/ptolemy/domains/de/test/auto/VariableDelayZeroDelay.xml
auto.tcl: Setting watchdog for 200 seconds at Tue Sep 17 05:43:06 UTC 2019
2 ms. Memory: 51200K Free: 33090K (65%)
ptolemy.util.test.WatchDog.cancel(): canceling Tue Sep 17 05:43:06 UTC 2019
auto.tcl: Setting watchdog for 200 seconds at Tue Sep 17 05:43:06 UTC 2019
2 ms. Memory: 51200K Free: 32463K (63%)
ptolemy.util.test.WatchDog.cancel(): canceling Tue Sep 17 05:43:06 UTC 2019
------------------ testing $PTII/ptolemy/domains/de/test/auto/VariableDelayZeroDelay2.xml
auto.tcl: Setting watchdog for 200 seconds at Tue Sep 17 05:43:06 UTC 2019
3 ms. Memory: 51200K Free: 32989K (64%)
ptolemy.util.test.WatchDog.cancel(): canceling Tue Sep 17 05:43:06 UTC 2019
auto.tcl: Setting watchdog for 200 seconds at Tue Sep 17 05:43:06 UTC 2019
2 ms. Memory: 51200K Free: 31965K (62%)
ptolemy.util.test.WatchDog.cancel(): canceling Tue Sep 17 05:43:06 UTC 2019
------------------ testing $PTII/ptolemy/domains/de/test/auto/deInCt.xml
auto.tcl: Setting watchdog for 200 seconds at Tue Sep 17 05:43:06 UTC 2019
0
1
1
1
1
0
0
0
1
1
1
1
1
0
0
1
1
1
0
0
0
1
1
1
0
0
0
1
1
1
0
0
0
1
1
1
0
0
0
1
1
1
1
0
0
0
0
11 ms. Memory: 51200K Free: 31963K (62%)
ptolemy.util.test.WatchDog.cancel(): canceling Tue Sep 17 05:43:06 UTC 2019
auto.tcl: Setting watchdog for 200 seconds at Tue Sep 17 05:43:06 UTC 2019
0
1
1
0
0
0
1
1
1
1
0
0
1
1
1
1
0
0
0
1
1
1
1
0
0
0
0
1
1
0
0
0
0
1
1
1
0
0
0
0
14 ms. Memory: 51200K Free: 30425K (59%)
ptolemy.util.test.WatchDog.cancel(): canceling Tue Sep 17 05:43:06 UTC 2019
------------------ testing $PTII/ptolemy/domains/de/test/auto/deInCt2.xml
auto.tcl: Setting watchdog for 200 seconds at Tue Sep 17 05:43:06 UTC 2019
0
1
1
1
0
0
1
1
1
0
0
1
1
1
0
0
1
1
1
0
0
1
1
1
0
0
1
1
1
0
0
1
1
1
0
0
1
1
1
0
0
0
10 ms. Memory: 51200K Free: 31965K (62%)
ptolemy.util.test.WatchDog.cancel(): canceling Tue Sep 17 05:43:06 UTC 2019
auto.tcl: Setting watchdog for 200 seconds at Tue Sep 17 05:43:06 UTC 2019
0
1
1
1
0
0
1
1
1
0
0
1
1
1
0
0
1
1
1
0
0
1
1
1
0
0
1
1
1
0
0
1
1
1
0
0
1
1
1
0
0
0
7 ms. Memory: 51200K Free: 30413K (59%)
ptolemy.util.test.WatchDog.cancel(): canceling Tue Sep 17 05:43:06 UTC 2019
------------------ testing $PTII/ptolemy/domains/de/test/auto/dynamicCausalityInterface1.xml
auto.tcl: Setting watchdog for 200 seconds at Tue Sep 17 05:43:06 UTC 2019
1 ms. Memory: 51200K Free: 27864K (54%)
ptolemy.util.test.WatchDog.cancel(): canceling Tue Sep 17 05:43:06 UTC 2019
auto.tcl: Setting watchdog for 200 seconds at Tue Sep 17 05:43:06 UTC 2019
1 ms. Memory: 51200K Free: 27350K (53%)
ptolemy.util.test.WatchDog.cancel(): canceling Tue Sep 17 05:43:06 UTC 2019
------------------ testing $PTII/ptolemy/domains/de/test/auto/fsm_de_test.xml
auto.tcl: Setting watchdog for 200 seconds at Tue Sep 17 05:43:06 UTC 2019
9 ms. Memory: 51200K Free: 27762K (54%)
ptolemy.util.test.WatchDog.cancel(): canceling Tue Sep 17 05:43:06 UTC 2019
auto.tcl: Setting watchdog for 200 seconds at Tue Sep 17 05:43:06 UTC 2019
8 ms. Memory: 51200K Free: 25714K (50%)
ptolemy.util.test.WatchDog.cancel(): canceling Tue Sep 17 05:43:06 UTC 2019
------------------ testing $PTII/ptolemy/domains/de/test/auto/functionDependencyReconstruction.xml
auto.tcl: Setting watchdog for 200 seconds at Tue Sep 17 05:43:06 UTC 2019
4 ms. Memory: 51200K Free: 21608K (42%)
ptolemy.util.test.WatchDog.cancel(): canceling Tue Sep 17 05:43:06 UTC 2019
auto.tcl: Setting watchdog for 200 seconds at Tue Sep 17 05:43:06 UTC 2019
4 ms. Memory: 51200K Free: 19560K (38%)
ptolemy.util.test.WatchDog.cancel(): canceling Tue Sep 17 05:43:06 UTC 2019
------------------ testing $PTII/ptolemy/domains/de/test/auto/multirate.xml
auto.tcl: Setting watchdog for 200 seconds at Tue Sep 17 05:43:06 UTC 2019
4 ms. Memory: 51200K Free: 30370K (59%)
ptolemy.util.test.WatchDog.cancel(): canceling Tue Sep 17 05:43:06 UTC 2019
auto.tcl: Setting watchdog for 200 seconds at Tue Sep 17 05:43:06 UTC 2019
3 ms. Memory: 51200K Free: 28691K (56%)
ptolemy.util.test.WatchDog.cancel(): canceling Tue Sep 17 05:43:06 UTC 2019
------------------ testing $PTII/ptolemy/domains/de/test/auto/multirate2.xml
auto.tcl: Setting watchdog for 200 seconds at Tue Sep 17 05:43:06 UTC 2019
9 ms. Memory: 51200K Free: 30591K (60%)
ptolemy.util.test.WatchDog.cancel(): canceling Tue Sep 17 05:43:06 UTC 2019
auto.tcl: Setting watchdog for 200 seconds at Tue Sep 17 05:43:06 UTC 2019
5 ms. Memory: 51200K Free: 29352K (57%)
ptolemy.util.test.WatchDog.cancel(): canceling Tue Sep 17 05:43:06 UTC 2019
------------------ testing $PTII/ptolemy/domains/de/test/auto/realtime.xml
auto.tcl: Setting watchdog for 200 seconds at Tue Sep 17 05:43:07 UTC 2019
10002 ms. Memory: 48128K Free: 29616K (62%)
ptolemy.util.test.WatchDog.cancel(): canceling Tue Sep 17 05:43:17 UTC 2019
auto.tcl: Setting watchdog for 200 seconds at Tue Sep 17 05:43:17 UTC 2019
10002 ms. Memory: 48128K Free: 28870K (60%)
ptolemy.util.test.WatchDog.cancel(): canceling Tue Sep 17 05:43:27 UTC 2019
------------------ testing $PTII/ptolemy/domains/de/test/auto/relationGroup.xml
auto.tcl: Setting watchdog for 200 seconds at Tue Sep 17 05:43:27 UTC 2019
2 ms. Memory: 48128K Free: 30644K (64%)
ptolemy.util.test.WatchDog.cancel(): canceling Tue Sep 17 05:43:27 UTC 2019
auto.tcl: Setting watchdog for 200 seconds at Tue Sep 17 05:43:27 UTC 2019
2 ms. Memory: 48128K Free: 29918K (62%)
ptolemy.util.test.WatchDog.cancel(): canceling Tue Sep 17 05:43:27 UTC 2019
------------------ testing $PTII/ptolemy/domains/de/test/auto/relationGroup2.xml
auto.tcl: Setting watchdog for 200 seconds at Tue Sep 17 05:43:27 UTC 2019
2 ms. Memory: 48128K Free: 30699K (64%)
ptolemy.util.test.WatchDog.cancel(): canceling Tue Sep 17 05:43:27 UTC 2019
auto.tcl: Setting watchdog for 200 seconds at Tue Sep 17 05:43:27 UTC 2019
2 ms. Memory: 48128K Free: 29944K (62%)
ptolemy.util.test.WatchDog.cancel(): canceling Tue Sep 17 05:43:27 UTC 2019
------------------ testing $PTII/ptolemy/domains/de/test/auto/sortWithOpaquePorts.xml
auto.tcl: Setting watchdog for 200 seconds at Tue Sep 17 05:43:27 UTC 2019
2 ms. Memory: 48128K Free: 29417K (61%)
ptolemy.util.test.WatchDog.cancel(): canceling Tue Sep 17 05:43:27 UTC 2019
auto.tcl: Setting watchdog for 200 seconds at Tue Sep 17 05:43:27 UTC 2019
2 ms. Memory: 48128K Free: 28411K (59%)
ptolemy.util.test.WatchDog.cancel(): canceling Tue Sep 17 05:43:27 UTC 2019
------------------ testing $PTII/ptolemy/domains/de/test/auto/transferInputsandOutputs.xml
auto.tcl: Setting watchdog for 200 seconds at Tue Sep 17 05:43:27 UTC 2019
3 ms. Memory: 48128K Free: 26861K (56%)
ptolemy.util.test.WatchDog.cancel(): canceling Tue Sep 17 05:43:27 UTC 2019
auto.tcl: Setting watchdog for 200 seconds at Tue Sep 17 05:43:27 UTC 2019
3 ms. Memory: 48128K Free: 25856K (54%)
ptolemy.util.test.WatchDog.cancel(): canceling Tue Sep 17 05:43:27 UTC 2019
------------------ testing $PTII/ptolemy/domains/de/test/auto/triggerType.xml
auto.tcl: Setting watchdog for 200 seconds at Tue Sep 17 05:43:27 UTC 2019
2 ms. Memory: 48128K Free: 29885K (62%)
ptolemy.util.test.WatchDog.cancel(): canceling Tue Sep 17 05:43:27 UTC 2019
auto.tcl: Setting watchdog for 200 seconds at Tue Sep 17 05:43:27 UTC 2019
2 ms. Memory: 48128K Free: 28905K (60%)
ptolemy.util.test.WatchDog.cancel(): canceling Tue Sep 17 05:43:27 UTC 2019
09/17/19 05:43:27
Failed: 0  Total Tests: 192  ((Passed: 187, Newly Passed: 1)  Known Failed: 5) /home/travis/build/icyphy/ptII/ptolemy/domains/de/test
09/17/19 05:43:27
Failed: 0  Total Tests: 192  ((Passed: 187, Newly Passed: 1)  Known Failed: 5) /home/travis/build/icyphy/ptII/ptolemy/domains/de/test
----------------- testing (KnownFailure) /home/travis/build/icyphy/ptII/ptolemy/domains/de/test/auto/knownFailedTests/DESDFClockTest.xml
2014 ms. Memory: 48128K Free: 22770K (47%)
Known Failure: java.lang.reflect.InvocationTargetException
----------------- testing (KnownFailure) /home/travis/build/icyphy/ptII/ptolemy/domains/de/test/auto/knownFailedTests/DirectFeedback.xml
2 ms. Memory: 48128K Free: 18674K (39%)
Known Failure: java.lang.reflect.InvocationTargetException
----------------- testing (KnownFailure) /home/travis/build/icyphy/ptII/ptolemy/domains/de/test/auto/knownFailedTests/FSMSource.xml
18 ms. Memory: 48128K Free: 11506K (24%)
----------------- testing (KnownFailure) /home/travis/build/icyphy/ptII/ptolemy/domains/de/test/auto/knownFailedTests/HierarchicalModel.xml
4 ms. Memory: 48128K Free: 21365K (44%)
Known Failure: java.lang.reflect.InvocationTargetException
----------------- testing (KnownFailure) /home/travis/build/icyphy/ptII/ptolemy/domains/de/test/auto/knownFailedTests/dependencyLoop.xml
8 ms. Memory: 48128K Free: 31995K (66%)
Known Failure: java.lang.reflect.InvocationTargetException
----------------- testing (KnownFailure) /home/travis/build/icyphy/ptII/ptolemy/domains/de/test/auto/knownFailedTests/dependencyLoop2.xml
6 ms. Memory: 48128K Free: 16643K (35%)
Known Failure: java.lang.reflect.InvocationTargetException
No auto/linux-amd64/*.xml tests in /home/travis/build/icyphy/ptII/ptolemy/domains/de/test
AutoTests.java: About to close Vertx.
AutoTests.java: Vertx closed.

===========================================================================================
----------------- testing Tue Sep 17 05:43:29 UTC 2019 /home/travis/build/icyphy/ptII/ptolemy/domains/de/test/auto/ActorDepthCalculation_actorWithoutPorts.xml
----------------- Instantiating /home/travis/build/icyphy/ptII/ptolemy/domains/de/test/auto/ActorDepthCalculation_actorWithoutPorts.xml
3 ms. Memory: 48128K Free: 10507K (22%)
----------------- Invoking toplevel() on ptolemy.moml.MoMLSimpleApplication@53457d63
----------------- Done invoking toplevel() on ptolemy.moml.MoMLSimpleApplication@53457d63
reloadAllAccessors: .ActorDepthCalculation_actorWithoutPorts

===========================================================================================
----------------- testing Tue Sep 17 05:43:29 UTC 2019 /home/travis/build/icyphy/ptII/ptolemy/domains/de/test/auto/AssemblyLine.xml
----------------- Instantiating /home/travis/build/icyphy/ptII/ptolemy/domains/de/test/auto/AssemblyLine.xml
4 ms. Memory: 48128K Free: 29024K (60%)
----------------- Invoking toplevel() on ptolemy.moml.MoMLSimpleApplication@56cc2937
----------------- Done invoking toplevel() on ptolemy.moml.MoMLSimpleApplication@56cc2937
reloadAllAccessors: .AssemblyLine

===========================================================================================
----------------- testing Tue Sep 17 05:43:29 UTC 2019 /home/travis/build/icyphy/ptII/ptolemy/domains/de/test/auto/CQBug1.xml
----------------- Instantiating /home/travis/build/icyphy/ptII/ptolemy/domains/de/test/auto/CQBug1.xml
1 ms. Memory: 48128K Free: 26101K (54%)
----------------- Invoking toplevel() on ptolemy.moml.MoMLSimpleApplication@33cdd8d7
----------------- Done invoking toplevel() on ptolemy.moml.MoMLSimpleApplication@33cdd8d7
reloadAllAccessors: .CQBug1

===========================================================================================
----------------- testing Tue Sep 17 05:43:29 UTC 2019 /home/travis/build/icyphy/ptII/ptolemy/domains/de/test/auto/CancelFireAt.xml
----------------- Instantiating /home/travis/build/icyphy/ptII/ptolemy/domains/de/test/auto/CancelFireAt.xml
1 ms. Memory: 48128K Free: 23858K (50%)
----------------- Invoking toplevel() on ptolemy.moml.MoMLSimpleApplication@20f2622d
----------------- Done invoking toplevel() on ptolemy.moml.MoMLSimpleApplication@20f2622d
reloadAllAccessors: .CancelFireAt

===========================================================================================
----------------- testing Tue Sep 17 05:43:29 UTC 2019 /home/travis/build/icyphy/ptII/ptolemy/domains/de/test/auto/CausalityAndComposabilityAnalysis.xml
----------------- Instantiating /home/travis/build/icyphy/ptII/ptolemy/domains/de/test/auto/CausalityAndComposabilityAnalysis.xml
13 ms. Memory: 48128K Free: 19578K (41%)
----------------- Invoking toplevel() on ptolemy.moml.MoMLSimpleApplication@3d394c89
----------------- Done invoking toplevel() on ptolemy.moml.MoMLSimpleApplication@3d394c89
reloadAllAccessors: .CausalityAndComposabilityAnalysis

===========================================================================================
----------------- testing Tue Sep 17 05:43:29 UTC 2019 /home/travis/build/icyphy/ptII/ptolemy/domains/de/test/auto/CausalityInterface1.xml
----------------- Instantiating /home/travis/build/icyphy/ptII/ptolemy/domains/de/test/auto/CausalityInterface1.xml
6 ms. Memory: 48128K Free: 14674K (30%)
----------------- Invoking toplevel() on ptolemy.moml.MoMLSimpleApplication@44f391b1
----------------- Done invoking toplevel() on ptolemy.moml.MoMLSimpleApplication@44f391b1
reloadAllAccessors: .CausalityInterface1

===========================================================================================
----------------- testing Tue Sep 17 05:43:30 UTC 2019 /home/travis/build/icyphy/ptII/ptolemy/domains/de/test/auto/CausalityInterface15.xml
----------------- Instantiating /home/travis/build/icyphy/ptII/ptolemy/domains/de/test/auto/CausalityInterface15.xml
3 ms. Memory: 48128K Free: 9327K (19%)
----------------- Invoking toplevel() on ptolemy.moml.MoMLSimpleApplication@6ddf15ac
----------------- Done invoking toplevel() on ptolemy.moml.MoMLSimpleApplication@6ddf15ac
reloadAllAccessors: .CausalityInterface15

===========================================================================================
----------------- testing Tue Sep 17 05:43:30 UTC 2019 /home/travis/build/icyphy/ptII/ptolemy/domains/de/test/auto/CausalityInterface2.xml
----------------- Instantiating /home/travis/build/icyphy/ptII/ptolemy/domains/de/test/auto/CausalityInterface2.xml
2 ms. Memory: 48128K Free: 30413K (63%)
[...]
	at ptolemy.actor.Manager.run(Manager.java:1263)
	at ptolemy.actor.Manager$PtolemyRunThread.run(Manager.java:1933)
java.lang.RuntimeException: Execution failed
	at ptolemy.moml.MoMLSimpleApplication$UnloadThread.run(MoMLSimpleApplication.java:402)
Caused by: ptolemy.kernel.util.IllegalActionException: Actor is not ready to fire.  Perhaps UpSample.prefire() returned false? Try debugging the actor by selecting "Listen to Actor".  Also, for SDF check moml for tokenConsumptionRate on input.
  in .DESDFClockTest.Play Bell.Copy1:SDF Director and .DESDFClockTest.Play Bell.UpSample
	at ptolemy.actor.sched.StaticSchedulingDirector.fire(StaticSchedulingDirector.java:227)
	at ptolemy.domains.sdf.kernel.SDFDirector.fire(SDFDirector.java:500)
	at ptolemy.actor.CompositeActor.fire(CompositeActor.java:455)
	at ptolemy.domains.de.kernel.DEDirector._fire(DEDirector.java:1949)
	at ptolemy.domains.de.kernel.DEDirector.fire(DEDirector.java:502)
	at ptolemy.actor.CompositeActor.fire(CompositeActor.java:455)
	at ptolemy.actor.Manager.iterate(Manager.java:851)
	at ptolemy.actor.Manager.execute(Manager.java:369)
	at ptolemy.actor.Manager.run(Manager.java:1263)
	at ptolemy.actor.Manager$PtolemyRunThread.run(Manager.java:1933)
java.lang.reflect.InvocationTargetException
	at java.base/jdk.internal.reflect.NativeConstructorAccessorImpl.newInstance0(Native Method)
	at java.base/jdk.internal.reflect.NativeConstructorAccessorImpl.newInstance(NativeConstructorAccessorImpl.java:62)
	at java.base/jdk.internal.reflect.DelegatingConstructorAccessorImpl.newInstance(DelegatingConstructorAccessorImpl.java:45)
	at java.base/java.lang.reflect.Constructor.newInstance(Constructor.java:490)
	at ptolemy.util.test.junit.AutoKnownFailedTests.RunModel(AutoKnownFailedTests.java:105)
	at java.base/jdk.internal.reflect.NativeMethodAccessorImpl.invoke0(Native Method)
	at java.base/jdk.internal.reflect.NativeMethodAccessorImpl.invoke(NativeMethodAccessorImpl.java:62)
	at java.base/jdk.internal.reflect.DelegatingMethodAccessorImpl.invoke(DelegatingMethodAccessorImpl.java:43)
	at java.base/java.lang.reflect.Method.invoke(Method.java:566)
	at org.junit.runners.model.FrameworkMethod$1.runReflectiveCall(FrameworkMethod.java:44)
	at org.junit.internal.runners.model.ReflectiveCallable.run(ReflectiveCallable.java:15)
	at org.junit.runners.model.FrameworkMethod.invokeExplosively(FrameworkMethod.java:41)
	at junitparams.internal.InvokeParameterisedMethod.evaluate(InvokeParameterisedMethod.java:102)
	at org.junit.internal.runners.statements.FailOnTimeout$1.run(FailOnTimeout.java:28)
Caused by: ptolemy.kernel.util.IllegalActionException: Actor is not ready to fire.  Perhaps UpSample.prefire() returned false? Try debugging the actor by selecting "Listen to Actor".  Also, for SDF check moml for tokenConsumptionRate on input.
  in .DESDFClockTest.Play Bell.Copy1:SDF Director and .DESDFClockTest.Play Bell.UpSample
	at ptolemy.actor.sched.StaticSchedulingDirector.fire(StaticSchedulingDirector.java:227)
	at ptolemy.domains.sdf.kernel.SDFDirector.fire(SDFDirector.java:500)
	at ptolemy.actor.CompositeActor.fire(CompositeActor.java:455)
	at ptolemy.domains.de.kernel.DEDirector._fire(DEDirector.java:1949)
	at ptolemy.domains.de.kernel.DEDirector.fire(DEDirector.java:502)
	at ptolemy.actor.CompositeActor.fire(CompositeActor.java:455)
	at ptolemy.actor.Manager.iterate(Manager.java:851)
	at ptolemy.actor.Manager.execute(Manager.java:369)
	at ptolemy.actor.Manager.run(Manager.java:1263)
	at ptolemy.actor.Manager$PtolemyRunThread.run(Manager.java:1933)
java.lang.RuntimeException: Execution failed
	at ptolemy.moml.MoMLSimpleApplication$UnloadThread.run(MoMLSimpleApplication.java:402)
Caused by: ptolemy.kernel.util.IllegalActionException: Test fails in iteration 1.
Value was: 1.0. Should have been: 2.0
  in .DirectFeedback.Test
	at ptolemy.actor.lib.Test.fire(Test.java:268)
	at ptolemy.domains.de.kernel.DEDirector._fire(DEDirector.java:1949)
	at ptolemy.domains.de.kernel.DEDirector.fire(DEDirector.java:502)
	at ptolemy.actor.CompositeActor.fire(CompositeActor.java:455)
	at ptolemy.actor.Manager.iterate(Manager.java:851)
	at ptolemy.actor.Manager.execute(Manager.java:369)
	at ptolemy.actor.Manager.run(Manager.java:1263)
	at ptolemy.actor.Manager$PtolemyRunThread.run(Manager.java:1933)
java.lang.reflect.InvocationTargetException
	at java.base/jdk.internal.reflect.NativeConstructorAccessorImpl.newInstance0(Native Method)
	at java.base/jdk.internal.reflect.NativeConstructorAccessorImpl.newInstance(NativeConstructorAccessorImpl.java:62)
	at java.base/jdk.internal.reflect.DelegatingConstructorAccessorImpl.newInstance(DelegatingConstructorAccessorImpl.java:45)
	at java.base/java.lang.reflect.Constructor.newInstance(Constructor.java:490)
	at ptolemy.util.test.junit.AutoKnownFailedTests.RunModel(AutoKnownFailedTests.java:105)
	at java.base/jdk.internal.reflect.NativeMethodAccessorImpl.invoke0(Native Method)
	at java.base/jdk.internal.reflect.NativeMethodAccessorImpl.invoke(NativeMethodAccessorImpl.java:62)
	at java.base/jdk.internal.reflect.DelegatingMethodAccessorImpl.invoke(DelegatingMethodAccessorImpl.java:43)
	at java.base/java.lang.reflect.Method.invoke(Method.java:566)
	at org.junit.runners.model.FrameworkMethod$1.runReflectiveCall(FrameworkMethod.java:44)
	at org.junit.internal.runners.model.ReflectiveCallable.run(ReflectiveCallable.java:15)
	at org.junit.runners.model.FrameworkMethod.invokeExplosively(FrameworkMethod.java:41)
	at junitparams.internal.InvokeParameterisedMethod.evaluate(InvokeParameterisedMethod.java:102)
	at org.junit.internal.runners.statements.FailOnTimeout$1.run(FailOnTimeout.java:28)
Caused by: ptolemy.kernel.util.IllegalActionException: Test fails in iteration 1.
Value was: 1.0. Should have been: 2.0
  in .DirectFeedback.Test
	at ptolemy.actor.lib.Test.fire(Test.java:268)
	at ptolemy.domains.de.kernel.DEDirector._fire(DEDirector.java:1949)
	at ptolemy.domains.de.kernel.DEDirector.fire(DEDirector.java:502)
	at ptolemy.actor.CompositeActor.fire(CompositeActor.java:455)
	at ptolemy.actor.Manager.iterate(Manager.java:851)
	at ptolemy.actor.Manager.execute(Manager.java:369)
	at ptolemy.actor.Manager.run(Manager.java:1263)
	at ptolemy.actor.Manager$PtolemyRunThread.run(Manager.java:1933)
java.lang.RuntimeException: Execution failed
	at ptolemy.moml.MoMLSimpleApplication$UnloadThread.run(MoMLSimpleApplication.java:402)
Caused by: ptolemy.kernel.util.IllegalActionException: Found a zero delay loop containing .HierarchicalModel.A
  in .HierarchicalModel and .HierarchicalModel.A
	at ptolemy.actor.util.CausalityInterfaceForComposites._computeOutputPortDepth(CausalityInterfaceForComposites.java:759)
	at ptolemy.actor.util.CausalityInterfaceForComposites._computeInputDepth(CausalityInterfaceForComposites.java:696)
	at ptolemy.actor.util.CausalityInterfaceForComposites._computeOutputPortDepth(CausalityInterfaceForComposites.java:765)
	at ptolemy.actor.util.CausalityInterfaceForComposites._computeInputDepth(CausalityInterfaceForComposites.java:696)
	at ptolemy.actor.util.CausalityInterfaceForComposites._computeOutputPortDepth(CausalityInterfaceForComposites.java:765)
	at ptolemy.actor.util.CausalityInterfaceForComposites._computeInputDepth(CausalityInterfaceForComposites.java:696)
	at ptolemy.actor.util.CausalityInterfaceForComposites._computeActorDepth(CausalityInterfaceForComposites.java:532)
	at ptolemy.actor.util.CausalityInterfaceForComposites.checkForCycles(CausalityInterfaceForComposites.java:96)
	at ptolemy.domains.de.kernel.DEDirector.preinitialize(DEDirector.java:1338)
	at ptolemy.actor.CompositeActor.preinitialize(CompositeActor.java:1828)
	at ptolemy.actor.Manager.preinitializeAndResolveTypes(Manager.java:1040)
	at ptolemy.actor.Manager.initialize(Manager.java:710)
	at ptolemy.actor.Manager.execute(Manager.java:356)
	at ptolemy.actor.Manager.run(Manager.java:1263)
	at ptolemy.actor.Manager$PtolemyRunThread.run(Manager.java:1933)
java.lang.reflect.InvocationTargetException
	at java.base/jdk.internal.reflect.NativeConstructorAccessorImpl.newInstance0(Native Method)
	at java.base/jdk.internal.reflect.NativeConstructorAccessorImpl.newInstance(NativeConstructorAccessorImpl.java:62)
	at java.base/jdk.internal.reflect.DelegatingConstructorAccessorImpl.newInstance(DelegatingConstructorAccessorImpl.java:45)
	at java.base/java.lang.reflect.Constructor.newInstance(Constructor.java:490)
	at ptolemy.util.test.junit.AutoKnownFailedTests.RunModel(AutoKnownFailedTests.java:105)
	at java.base/jdk.internal.reflect.NativeMethodAccessorImpl.invoke0(Native Method)
	at java.base/jdk.internal.reflect.NativeMethodAccessorImpl.invoke(NativeMethodAccessorImpl.java:62)
	at java.base/jdk.internal.reflect.DelegatingMethodAccessorImpl.invoke(DelegatingMethodAccessorImpl.java:43)
	at java.base/java.lang.reflect.Method.invoke(Method.java:566)
	at org.junit.runners.model.FrameworkMethod$1.runReflectiveCall(FrameworkMethod.java:44)
	at org.junit.internal.runners.model.ReflectiveCallable.run(ReflectiveCallable.java:15)
	at org.junit.runners.model.FrameworkMethod.invokeExplosively(FrameworkMethod.java:41)
	at junitparams.internal.InvokeParameterisedMethod.evaluate(InvokeParameterisedMethod.java:102)
	at org.junit.internal.runners.statements.FailOnTimeout$1.run(FailOnTimeout.java:28)
Caused by: ptolemy.kernel.util.IllegalActionException: Found a zero delay loop containing .HierarchicalModel.A
  in .HierarchicalModel and .HierarchicalModel.A
	at ptolemy.actor.util.CausalityInterfaceForComposites._computeOutputPortDepth(CausalityInterfaceForComposites.java:759)
	at ptolemy.actor.util.CausalityInterfaceForComposites._computeInputDepth(CausalityInterfaceForComposites.java:696)
	at ptolemy.actor.util.CausalityInterfaceForComposites._computeOutputPortDepth(CausalityInterfaceForComposites.java:765)
	at ptolemy.actor.util.CausalityInterfaceForComposites._computeInputDepth(CausalityInterfaceForComposites.java:696)
	at ptolemy.actor.util.CausalityInterfaceForComposites._computeOutputPortDepth(CausalityInterfaceForComposites.java:765)
	at ptolemy.actor.util.CausalityInterfaceForComposites._computeInputDepth(CausalityInterfaceForComposites.java:696)
	at ptolemy.actor.util.CausalityInterfaceForComposites._computeActorDepth(CausalityInterfaceForComposites.java:532)
	at ptolemy.actor.util.CausalityInterfaceForComposites.checkForCycles(CausalityInterfaceForComposites.java:96)
	at ptolemy.domains.de.kernel.DEDirector.preinitialize(DEDirector.java:1338)
	at ptolemy.actor.CompositeActor.preinitialize(CompositeActor.java:1828)
	at ptolemy.actor.Manager.preinitializeAndResolveTypes(Manager.java:1040)
	at ptolemy.actor.Manager.initialize(Manager.java:710)
	at ptolemy.actor.Manager.execute(Manager.java:356)
	at ptolemy.actor.Manager.run(Manager.java:1263)
	at ptolemy.actor.Manager$PtolemyRunThread.run(Manager.java:1933)
java.lang.RuntimeException: Execution failed
	at ptolemy.moml.MoMLSimpleApplication$UnloadThread.run(MoMLSimpleApplication.java:402)
Caused by: ptolemy.kernel.util.IllegalActionException: Found a zero delay loop containing .dependencyLoop.original
  in .dependencyLoop and .dependencyLoop.original
	at ptolemy.actor.util.CausalityInterfaceForComposites._computeOutputPortDepth(CausalityInterfaceForComposites.java:759)
	at ptolemy.actor.util.CausalityInterfaceForComposites._computeInputDepth(CausalityInterfaceForComposites.java:696)
	at ptolemy.actor.util.CausalityInterfaceForComposites._computeOutputPortDepth(CausalityInterfaceForComposites.java:765)
	at ptolemy.actor.util.CausalityInterfaceForComposites._computeInputDepth(CausalityInterfaceForComposites.java:696)
	at ptolemy.actor.util.CausalityInterfaceForComposites._computeOutputPortDepth(CausalityInterfaceForComposites.java:765)
	at ptolemy.actor.util.CausalityInterfaceForComposites._computeInputDepth(CausalityInterfaceForComposites.java:696)
	at ptolemy.actor.util.CausalityInterfaceForComposites._computeActorDepth(CausalityInterfaceForComposites.java:532)
	at ptolemy.actor.util.CausalityInterfaceForComposites.checkForCycles(CausalityInterfaceForComposites.java:96)
	at ptolemy.domains.de.kernel.DEDirector.preinitialize(DEDirector.java:1338)
	at ptolemy.actor.CompositeActor.preinitialize(CompositeActor.java:1828)
	at ptolemy.actor.Manager.preinitializeAndResolveTypes(Manager.java:1040)
	at ptolemy.actor.Manager.initialize(Manager.java:710)
	at ptolemy.actor.Manager.execute(Manager.java:356)
	at ptolemy.actor.Manager.run(Manager.java:1263)
	at ptolemy.actor.Manager$PtolemyRunThread.run(Manager.java:1933)
java.lang.reflect.InvocationTargetException
	at java.base/jdk.internal.reflect.NativeConstructorAccessorImpl.newInstance0(Native Method)
	at java.base/jdk.internal.reflect.NativeConstructorAccessorImpl.newInstance(NativeConstructorAccessorImpl.java:62)
	at java.base/jdk.internal.reflect.DelegatingConstructorAccessorImpl.newInstance(DelegatingConstructorAccessorImpl.java:45)
	at java.base/java.lang.reflect.Constructor.newInstance(Constructor.java:490)
	at ptolemy.util.test.junit.AutoKnownFailedTests.RunModel(AutoKnownFailedTests.java:105)
	at java.base/jdk.internal.reflect.NativeMethodAccessorImpl.invoke0(Native Method)
	at java.base/jdk.internal.reflect.NativeMethodAccessorImpl.invoke(NativeMethodAccessorImpl.java:62)
	at java.base/jdk.internal.reflect.DelegatingMethodAccessorImpl.invoke(DelegatingMethodAccessorImpl.java:43)
	at java.base/java.lang.reflect.Method.invoke(Method.java:566)
	at org.junit.runners.model.FrameworkMethod$1.runReflectiveCall(FrameworkMethod.java:44)
	at org.junit.internal.runners.model.ReflectiveCallable.run(ReflectiveCallable.java:15)
	at org.junit.runners.model.FrameworkMethod.invokeExplosively(FrameworkMethod.java:41)
	at junitparams.internal.InvokeParameterisedMethod.evaluate(InvokeParameterisedMethod.java:102)
	at org.junit.internal.runners.statements.FailOnTimeout$1.run(FailOnTimeout.java:28)
Caused by: ptolemy.kernel.util.IllegalActionException: Found a zero delay loop containing .dependencyLoop.original
  in .dependencyLoop and .dependencyLoop.original
	at ptolemy.actor.util.CausalityInterfaceForComposites._computeOutputPortDepth(CausalityInterfaceForComposites.java:759)
	at ptolemy.actor.util.CausalityInterfaceForComposites._computeInputDepth(CausalityInterfaceForComposites.java:696)
	at ptolemy.actor.util.CausalityInterfaceForComposites._computeOutputPortDepth(CausalityInterfaceForComposites.java:765)
	at ptolemy.actor.util.CausalityInterfaceForComposites._computeInputDepth(CausalityInterfaceForComposites.java:696)
	at ptolemy.actor.util.CausalityInterfaceForComposites._computeOutputPortDepth(CausalityInterfaceForComposites.java:765)
	at ptolemy.actor.util.CausalityInterfaceForComposites._computeInputDepth(CausalityInterfaceForComposites.java:696)
	at ptolemy.actor.util.CausalityInterfaceForComposites._computeActorDepth(CausalityInterfaceForComposites.java:532)
	at ptolemy.actor.util.CausalityInterfaceForComposites.checkForCycles(CausalityInterfaceForComposites.java:96)
	at ptolemy.domains.de.kernel.DEDirector.preinitialize(DEDirector.java:1338)
	at ptolemy.actor.CompositeActor.preinitialize(CompositeActor.java:1828)
	at ptolemy.actor.Manager.preinitializeAndResolveTypes(Manager.java:1040)
	at ptolemy.actor.Manager.initialize(Manager.java:710)
	at ptolemy.actor.Manager.execute(Manager.java:356)
	at ptolemy.actor.Manager.run(Manager.java:1263)
	at ptolemy.actor.Manager$PtolemyRunThread.run(Manager.java:1933)
java.lang.RuntimeException: Execution failed
	at ptolemy.moml.MoMLSimpleApplication$UnloadThread.run(MoMLSimpleApplication.java:402)
Caused by: ptolemy.kernel.util.IllegalActionException: Found a zero delay loop containing .dependencyLoop2.original
  in .dependencyLoop2 and .dependencyLoop2.original
	at ptolemy.actor.util.CausalityInterfaceForComposites._computeOutputPortDepth(CausalityInterfaceForComposites.java:759)
	at ptolemy.actor.util.CausalityInterfaceForComposites._computeInputDepth(CausalityInterfaceForComposites.java:696)
	at ptolemy.actor.util.CausalityInterfaceForComposites._computeOutputPortDepth(CausalityInterfaceForComposites.java:765)
	at ptolemy.actor.util.CausalityInterfaceForComposites._computeInputDepth(CausalityInterfaceForComposites.java:696)
	at ptolemy.actor.util.CausalityInterfaceForComposites._computeOutputPortDepth(CausalityInterfaceForComposites.java:765)
	at ptolemy.actor.util.CausalityInterfaceForComposites._computeInputDepth(CausalityInterfaceForComposites.java:696)
	at ptolemy.actor.util.CausalityInterfaceForComposites._computeActorDepth(CausalityInterfaceForComposites.java:532)
	at ptolemy.actor.util.CausalityInterfaceForComposites.checkForCycles(CausalityInterfaceForComposites.java:96)
	at ptolemy.domains.de.kernel.DEDirector.preinitialize(DEDirector.java:1338)
	at ptolemy.actor.CompositeActor.preinitialize(CompositeActor.java:1828)
	at ptolemy.actor.Manager.preinitializeAndResolveTypes(Manager.java:1040)
	at ptolemy.actor.Manager.initialize(Manager.java:710)
	at ptolemy.actor.Manager.execute(Manager.java:356)
	at ptolemy.actor.Manager.run(Manager.java:1263)
	at ptolemy.actor.Manager$PtolemyRunThread.run(Manager.java:1933)
java.lang.reflect.InvocationTargetException
	at java.base/jdk.internal.reflect.NativeConstructorAccessorImpl.newInstance0(Native Method)
	at java.base/jdk.internal.reflect.NativeConstructorAccessorImpl.newInstance(NativeConstructorAccessorImpl.java:62)
	at java.base/jdk.internal.reflect.DelegatingConstructorAccessorImpl.newInstance(DelegatingConstructorAccessorImpl.java:45)
	at java.base/java.lang.reflect.Constructor.newInstance(Constructor.java:490)
	at ptolemy.util.test.junit.AutoKnownFailedTests.RunModel(AutoKnownFailedTests.java:105)
	at java.base/jdk.internal.reflect.NativeMethodAccessorImpl.invoke0(Native Method)
	at java.base/jdk.internal.reflect.NativeMethodAccessorImpl.invoke(NativeMethodAccessorImpl.java:62)
	at java.base/jdk.internal.reflect.DelegatingMethodAccessorImpl.invoke(DelegatingMethodAccessorImpl.java:43)
	at java.base/java.lang.reflect.Method.invoke(Method.java:566)
	at org.junit.runners.model.FrameworkMethod$1.runReflectiveCall(FrameworkMethod.java:44)
	at org.junit.internal.runners.model.ReflectiveCallable.run(ReflectiveCallable.java:15)
	at org.junit.runners.model.FrameworkMethod.invokeExplosively(FrameworkMethod.java:41)
	at junitparams.internal.InvokeParameterisedMethod.evaluate(InvokeParameterisedMethod.java:102)
	at org.junit.internal.runners.statements.FailOnTimeout$1.run(FailOnTimeout.java:28)
Caused by: ptolemy.kernel.util.IllegalActionException: Found a zero delay loop containing .dependencyLoop2.original
  in .dependencyLoop2 and .dependencyLoop2.original
	at ptolemy.actor.util.CausalityInterfaceForComposites._computeOutputPortDepth(CausalityInterfaceForComposites.java:759)
	at ptolemy.actor.util.CausalityInterfaceForComposites._computeInputDepth(CausalityInterfaceForComposites.java:696)
	at ptolemy.actor.util.CausalityInterfaceForComposites._computeOutputPortDepth(CausalityInterfaceForComposites.java:765)
	at ptolemy.actor.util.CausalityInterfaceForComposites._computeInputDepth(CausalityInterfaceForComposites.java:696)
	at ptolemy.actor.util.CausalityInterfaceForComposites._computeOutputPortDepth(CausalityInterfaceForComposites.java:765)
	at ptolemy.actor.util.CausalityInterfaceForComposites._computeInputDepth(CausalityInterfaceForComposites.java:696)
	at ptolemy.actor.util.CausalityInterfaceForComposites._computeActorDepth(CausalityInterfaceForComposites.java:532)
	at ptolemy.actor.util.CausalityInterfaceForComposites.checkForCycles(CausalityInterfaceForComposites.java:96)
	at ptolemy.domains.de.kernel.DEDirector.preinitialize(DEDirector.java:1338)
	at ptolemy.actor.CompositeActor.preinitialize(CompositeActor.java:1828)
	at ptolemy.actor.Manager.preinitializeAndResolveTypes(Manager.java:1040)
	at ptolemy.actor.Manager.initialize(Manager.java:710)
	at ptolemy.actor.Manager.execute(Manager.java:356)
	at ptolemy.actor.Manager.run(Manager.java:1263)
	at ptolemy.actor.Manager$PtolemyRunThread.run(Manager.java:1933)
]]></system-err>
</testsuite>
