<?xml version="1.0" encoding="UTF-8" ?>
<testsuite errors="0" failures="0" hostname="travis-job-02265431-e32e-4744-885d-63fe41a6ebea" name="ptolemy.domains.continuous.test.junit.JUnitTclTest" skipped="0" tests="155" time="71.035" timestamp="2018-06-19T23:09:00">
  <properties>
[...]
</properties>
  <testcase classname="ptolemy.util.test.junit.TclTests" name="[0] ThereAreNoTclTests (RunTclFile)" time="0.001" />
  <testcase classname="ptolemy.util.test.junit.AutoKnownFailedTests" name="[0] ThereAreNoKnowFailedTests (RunModel)" time="0.001" />
  <testcase classname="ptolemy.util.test.junit.AutoNameArchTests" name="[0] ThereAreNoAutoArchTests (RunModel)" time="0.0" />
  <testcase classname="ptolemy.util.test.junit.AutoTests" name="[0] /home/travis/build/icyphy/ptII/ptolemy/domains/continuous/test/auto/BouncingBall.xml (RunModel)" time="2.802" />
  <testcase classname="ptolemy.util.test.junit.AutoTests" name="[1] /home/travis/build/icyphy/ptII/ptolemy/domains/continuous/test/auto/BouncingBallWithoutGR.xml (RunModel)" time="0.866" />
  <testcase classname="ptolemy.util.test.junit.AutoTests" name="[2] /home/travis/build/icyphy/ptII/ptolemy/domains/continuous/test/auto/Brownian.xml (RunModel)" time="0.111" />
  <testcase classname="ptolemy.util.test.junit.AutoTests" name="[3] /home/travis/build/icyphy/ptII/ptolemy/domains/continuous/test/auto/CarTracking.xml (RunModel)" time="3.485" />
  <testcase classname="ptolemy.util.test.junit.AutoTests" name="[4] /home/travis/build/icyphy/ptII/ptolemy/domains/continuous/test/auto/CartPendulum.xml (RunModel)" time="0.499" />
  <testcase classname="ptolemy.util.test.junit.AutoTests" name="[5] /home/travis/build/icyphy/ptII/ptolemy/domains/continuous/test/auto/CausalityInterface10.xml (RunModel)" time="0.04" />
  <testcase classname="ptolemy.util.test.junit.AutoTests" name="[6] /home/travis/build/icyphy/ptII/ptolemy/domains/continuous/test/auto/CausalityInterface11.xml (RunModel)" time="0.048" />
  <testcase classname="ptolemy.util.test.junit.AutoTests" name="[7] /home/travis/build/icyphy/ptII/ptolemy/domains/continuous/test/auto/CausalityInterface12.xml (RunModel)" time="0.036" />
  <testcase classname="ptolemy.util.test.junit.AutoTests" name="[8] /home/travis/build/icyphy/ptII/ptolemy/domains/continuous/test/auto/CausalityInterface13.xml (RunModel)" time="0.033" />
  <testcase classname="ptolemy.util.test.junit.AutoTests" name="[9] /home/travis/build/icyphy/ptII/ptolemy/domains/continuous/test/auto/CausalityInterface14.xml (RunModel)" time="0.029" />
  <testcase classname="ptolemy.util.test.junit.AutoTests" name="[10] /home/travis/build/icyphy/ptII/ptolemy/domains/continuous/test/auto/CausalityInterface4.xml (RunModel)" time="0.04" />
  <testcase classname="ptolemy.util.test.junit.AutoTests" name="[11] /home/travis/build/icyphy/ptII/ptolemy/domains/continuous/test/auto/CausalityInterface5.xml (RunModel)" time="0.033" />
  <testcase classname="ptolemy.util.test.junit.AutoTests" name="[12] /home/travis/build/icyphy/ptII/ptolemy/domains/continuous/test/auto/CausalityInterface6.xml (RunModel)" time="0.032" />
  <testcase classname="ptolemy.util.test.junit.AutoTests" name="[13] /home/travis/build/icyphy/ptII/ptolemy/domains/continuous/test/auto/CausalityInterface7.xml (RunModel)" time="0.049" />
  <testcase classname="ptolemy.util.test.junit.AutoTests" name="[14] /home/travis/build/icyphy/ptII/ptolemy/domains/continuous/test/auto/CausalityInterface8.xml (RunModel)" time="0.047" />
  <testcase classname="ptolemy.util.test.junit.AutoTests" name="[15] /home/travis/build/icyphy/ptII/ptolemy/domains/continuous/test/auto/CausalityInterface9.xml (RunModel)" time="0.047" />
  <testcase classname="ptolemy.util.test.junit.AutoTests" name="[16] /home/travis/build/icyphy/ptII/ptolemy/domains/continuous/test/auto/CausalityInterfaceFeedback1.xml (RunModel)" time="0.031" />
  <testcase classname="ptolemy.util.test.junit.AutoTests" name="[17] /home/travis/build/icyphy/ptII/ptolemy/domains/continuous/test/auto/CausalityInterfaceFeedback2.xml (RunModel)" time="0.042" />
  <testcase classname="ptolemy.util.test.junit.AutoTests" name="[18] /home/travis/build/icyphy/ptII/ptolemy/domains/continuous/test/auto/CompareWithCurrentTime.xml (RunModel)" time="0.029" />
  <testcase classname="ptolemy.util.test.junit.AutoTests" name="[19] /home/travis/build/icyphy/ptII/ptolemy/domains/continuous/test/auto/ComparedClocks.xml (RunModel)" time="0.07" />
  <testcase classname="ptolemy.util.test.junit.AutoTests" name="[20] /home/travis/build/icyphy/ptII/ptolemy/domains/continuous/test/auto/ContinuousAOCClone.xml (RunModel)" time="2.547" />
  <testcase classname="ptolemy.util.test.junit.AutoTests" name="[21] /home/travis/build/icyphy/ptII/ptolemy/domains/continuous/test/auto/ContinuousClock.xml (RunModel)" time="0.087" />
  <testcase classname="ptolemy.util.test.junit.AutoTests" name="[22] /home/travis/build/icyphy/ptII/ptolemy/domains/continuous/test/auto/ContinuousInContinuous.xml (RunModel)" time="0.086" />
  <testcase classname="ptolemy.util.test.junit.AutoTests" name="[23] /home/travis/build/icyphy/ptII/ptolemy/domains/continuous/test/auto/ContinuousInContinuousInContinuous.xml (RunModel)" time="0.026" />
  <testcase classname="ptolemy.util.test.junit.AutoTests" name="[24] /home/travis/build/icyphy/ptII/ptolemy/domains/continuous/test/auto/ContinuousInDE.xml (RunModel)" time="0.142" />
  <testcase classname="ptolemy.util.test.junit.AutoTests" name="[25] /home/travis/build/icyphy/ptII/ptolemy/domains/continuous/test/auto/ContinuousInDE2.xml (RunModel)" time="0.056" />
  <testcase classname="ptolemy.util.test.junit.AutoTests" name="[26] /home/travis/build/icyphy/ptII/ptolemy/domains/continuous/test/auto/ContinuousInDE3.xml (RunModel)" time="0.06" />
  <testcase classname="ptolemy.util.test.junit.AutoTests" name="[27] /home/travis/build/icyphy/ptII/ptolemy/domains/continuous/test/auto/ContinuousInDE4.xml (RunModel)" time="0.03" />
  <testcase classname="ptolemy.util.test.junit.AutoTests" name="[28] /home/travis/build/icyphy/ptII/ptolemy/domains/continuous/test/auto/ContinuousInDEDifferentRefinements.xml (RunModel)" time="0.084" />
  <testcase classname="ptolemy.util.test.junit.AutoTests" name="[29] /home/travis/build/icyphy/ptII/ptolemy/domains/continuous/test/auto/ContinuousInDEDifferentRefinementsPreemptive.xml (RunModel)" time="0.093" />
  <testcase classname="ptolemy.util.test.junit.AutoTests" name="[30] /home/travis/build/icyphy/ptII/ptolemy/domains/continuous/test/auto/ContinuousInDEInContinuous2.xml (RunModel)" time="0.066" />
  <testcase classname="ptolemy.util.test.junit.AutoTests" name="[31] /home/travis/build/icyphy/ptII/ptolemy/domains/continuous/test/auto/ContinuousInDEInContinuous3.xml (RunModel)" time="0.09" />
  <testcase classname="ptolemy.util.test.junit.AutoTests" name="[32] /home/travis/build/icyphy/ptII/ptolemy/domains/continuous/test/auto/ContinuousInDEInput.xml (RunModel)" time="0.046" />
  <testcase classname="ptolemy.util.test.junit.AutoTests" name="[33] /home/travis/build/icyphy/ptII/ptolemy/domains/continuous/test/auto/ContinuousInDEInput2.xml (RunModel)" time="0.038" />
  <testcase classname="ptolemy.util.test.junit.AutoTests" name="[34] /home/travis/build/icyphy/ptII/ptolemy/domains/continuous/test/auto/ContinuousInDEInput3.xml (RunModel)" time="0.032" />
  <testcase classname="ptolemy.util.test.junit.AutoTests" name="[35] /home/travis/build/icyphy/ptII/ptolemy/domains/continuous/test/auto/ContinuousInDESharingRefinement.xml (RunModel)" time="0.191" />
  <testcase classname="ptolemy.util.test.junit.AutoTests" name="[36] /home/travis/build/icyphy/ptII/ptolemy/domains/continuous/test/auto/ContinuousInDEwithNoPorts.xml (RunModel)" time="0.022" />
  <testcase classname="ptolemy.util.test.junit.AutoTests" name="[37] /home/travis/build/icyphy/ptII/ptolemy/domains/continuous/test/auto/ContinuousInsideDE.xml (RunModel)" time="0.098" />
  <testcase classname="ptolemy.util.test.junit.AutoTests" name="[38] /home/travis/build/icyphy/ptII/ptolemy/domains/continuous/test/auto/ContinuousMerge1.xml (RunModel)" time="0.017" />
  <testcase classname="ptolemy.util.test.junit.AutoTests" name="[39] /home/travis/build/icyphy/ptII/ptolemy/domains/continuous/test/auto/ContinuousMerge2.xml (RunModel)" time="0.049" />
  <testcase classname="ptolemy.util.test.junit.AutoTests" name="[40] /home/travis/build/icyphy/ptII/ptolemy/domains/continuous/test/auto/ContinuousMerge3.xml (RunModel)" time="0.064" />
  <testcase classname="ptolemy.util.test.junit.AutoTests" name="[41] /home/travis/build/icyphy/ptII/ptolemy/domains/continuous/test/auto/ContinuousWithinContinuous.xml (RunModel)" time="0.057" />
  <testcase classname="ptolemy.util.test.junit.AutoTests" name="[42] /home/travis/build/icyphy/ptII/ptolemy/domains/continuous/test/auto/ContinuousWithinContinuous2.xml (RunModel)" time="0.078" />
  <testcase classname="ptolemy.util.test.junit.AutoTests" name="[43] /home/travis/build/icyphy/ptII/ptolemy/domains/continuous/test/auto/ContinuousWithinContinuous3.xml (RunModel)" time="0.034" />
  <testcase classname="ptolemy.util.test.junit.AutoTests" name="[44] /home/travis/build/icyphy/ptII/ptolemy/domains/continuous/test/auto/ContinuousWithinContinuous4.xml (RunModel)" time="0.078" />
  <testcase classname="ptolemy.util.test.junit.AutoTests" name="[45] /home/travis/build/icyphy/ptII/ptolemy/domains/continuous/test/auto/ContinuousWithinContinuous5.xml (RunModel)" time="0.034" />
  <testcase classname="ptolemy.util.test.junit.AutoTests" name="[46] /home/travis/build/icyphy/ptII/ptolemy/domains/continuous/test/auto/ContinuousWithinContinuous6.xml (RunModel)" time="0.027" />
  <testcase classname="ptolemy.util.test.junit.AutoTests" name="[47] /home/travis/build/icyphy/ptII/ptolemy/domains/continuous/test/auto/ContinuousWithinContinuous7.xml (RunModel)" time="0.065" />
  <testcase classname="ptolemy.util.test.junit.AutoTests" name="[48] /home/travis/build/icyphy/ptII/ptolemy/domains/continuous/test/auto/DCMotor.xml (RunModel)" time="13.328" />
  <testcase classname="ptolemy.util.test.junit.AutoTests" name="[49] /home/travis/build/icyphy/ptII/ptolemy/domains/continuous/test/auto/DEInContinuous.xml (RunModel)" time="0.049" />
  <testcase classname="ptolemy.util.test.junit.AutoTests" name="[50] /home/travis/build/icyphy/ptII/ptolemy/domains/continuous/test/auto/DEinContinuous2.xml (RunModel)" time="0.028" />
  <testcase classname="ptolemy.util.test.junit.AutoTests" name="[51] /home/travis/build/icyphy/ptII/ptolemy/domains/continuous/test/auto/Derivative.xml (RunModel)" time="0.186" />
  <testcase classname="ptolemy.util.test.junit.AutoTests" name="[52] /home/travis/build/icyphy/ptII/ptolemy/domains/continuous/test/auto/Derivative1.xml (RunModel)" time="0.043" />
  <testcase classname="ptolemy.util.test.junit.AutoTests" name="[53] /home/travis/build/icyphy/ptII/ptolemy/domains/continuous/test/auto/DiscreteClock.xml (RunModel)" time="0.023" />
  <testcase classname="ptolemy.util.test.junit.AutoTests" name="[54] /home/travis/build/icyphy/ptII/ptolemy/domains/continuous/test/auto/EfficiencyCurve.xml (RunModel)" time="0.094" />
  <testcase classname="ptolemy.util.test.junit.AutoTests" name="[55] /home/travis/build/icyphy/ptII/ptolemy/domains/continuous/test/auto/ExponentialResponse.xml (RunModel)" time="0.113" />
  <testcase classname="ptolemy.util.test.junit.AutoTests" name="[56] /home/travis/build/icyphy/ptII/ptolemy/domains/continuous/test/auto/ExponentialResponseRK45.xml (RunModel)" time="0.038" />
  <testcase classname="ptolemy.util.test.junit.AutoTests" name="[57] /home/travis/build/icyphy/ptII/ptolemy/domains/continuous/test/auto/Friction.xml (RunModel)" time="1.473" />
  <testcase classname="ptolemy.util.test.junit.AutoTests" name="[58] /home/travis/build/icyphy/ptII/ptolemy/domains/continuous/test/auto/FurutaPendulum.xml (RunModel)" time="3.337" />
  <testcase classname="ptolemy.util.test.junit.AutoTests" name="[59] /home/travis/build/icyphy/ptII/ptolemy/domains/continuous/test/auto/HierarchicalExecution.xml (RunModel)" time="1.865" />
  <testcase classname="ptolemy.util.test.junit.AutoTests" name="[60] /home/travis/build/icyphy/ptII/ptolemy/domains/continuous/test/auto/HybridPlant.xml (RunModel)" time="0.507" />
  <testcase classname="ptolemy.util.test.junit.AutoTests" name="[61] /home/travis/build/icyphy/ptII/ptolemy/domains/continuous/test/auto/Hysteresis.xml (RunModel)" time="0.18" />
  <testcase classname="ptolemy.util.test.junit.AutoTests" name="[62] /home/travis/build/icyphy/ptII/ptolemy/domains/continuous/test/auto/HysteresisWithRandomDelay.xml (RunModel)" time="0.226" />
  <testcase classname="ptolemy.util.test.junit.AutoTests" name="[63] /home/travis/build/icyphy/ptII/ptolemy/domains/continuous/test/auto/HysteresisWithRandomLosses.xml (RunModel)" time="2.222" />
  <testcase classname="ptolemy.util.test.junit.AutoTests" name="[64] /home/travis/build/icyphy/ptII/ptolemy/domains/continuous/test/auto/ImmediateTransitions.xml (RunModel)" time="0.032" />
  <testcase classname="ptolemy.util.test.junit.AutoTests" name="[65] /home/travis/build/icyphy/ptII/ptolemy/domains/continuous/test/auto/ImpulseFeedback.xml (RunModel)" time="0.023" />
  <testcase classname="ptolemy.util.test.junit.AutoTests" name="[66] /home/travis/build/icyphy/ptII/ptolemy/domains/continuous/test/auto/ImpulseFeedback2.xml (RunModel)" time="0.021" />
  <testcase classname="ptolemy.util.test.junit.AutoTests" name="[67] /home/travis/build/icyphy/ptII/ptolemy/domains/continuous/test/auto/IncreasingRatePoisson.xml (RunModel)" time="0.692" />
  <testcase classname="ptolemy.util.test.junit.AutoTests" name="[68] /home/travis/build/icyphy/ptII/ptolemy/domains/continuous/test/auto/InitialStateFeedback.xml (RunModel)" time="0.022" />
  <testcase classname="ptolemy.util.test.junit.AutoTests" name="[69] /home/travis/build/icyphy/ptII/ptolemy/domains/continuous/test/auto/Integration.xml (RunModel)" time="0.013" />
  <testcase classname="ptolemy.util.test.junit.AutoTests" name="[70] /home/travis/build/icyphy/ptII/ptolemy/domains/continuous/test/auto/Integration2.xml (RunModel)" time="0.085" />
  <testcase classname="ptolemy.util.test.junit.AutoTests" name="[71] /home/travis/build/icyphy/ptII/ptolemy/domains/continuous/test/auto/Integration3.xml (RunModel)" time="0.014" />
  <testcase classname="ptolemy.util.test.junit.AutoTests" name="[72] /home/travis/build/icyphy/ptII/ptolemy/domains/continuous/test/auto/Integration5.xml (RunModel)" time="0.032" />
  <testcase classname="ptolemy.util.test.junit.AutoTests" name="[73] /home/travis/build/icyphy/ptII/ptolemy/domains/continuous/test/auto/IntegratorImpulse.xml (RunModel)" time="0.014" />
  <testcase classname="ptolemy.util.test.junit.AutoTests" name="[74] /home/travis/build/icyphy/ptII/ptolemy/domains/continuous/test/auto/IntegratorImpulse2.xml (RunModel)" time="0.012" />
  <testcase classname="ptolemy.util.test.junit.AutoTests" name="[75] /home/travis/build/icyphy/ptII/ptolemy/domains/continuous/test/auto/LevelCrossing1.xml (RunModel)" time="0.011" />
  <testcase classname="ptolemy.util.test.junit.AutoTests" name="[76] /home/travis/build/icyphy/ptII/ptolemy/domains/continuous/test/auto/LevelCrossing2.xml (RunModel)" time="0.014" />
  <testcase classname="ptolemy.util.test.junit.AutoTests" name="[77] /home/travis/build/icyphy/ptII/ptolemy/domains/continuous/test/auto/LevelCrossing3.xml (RunModel)" time="0.012" />
  <testcase classname="ptolemy.util.test.junit.AutoTests" name="[78] /home/travis/build/icyphy/ptII/ptolemy/domains/continuous/test/auto/LevelCrossing4.xml (RunModel)" time="0.014" />
  <testcase classname="ptolemy.util.test.junit.AutoTests" name="[79] /home/travis/build/icyphy/ptII/ptolemy/domains/continuous/test/auto/LevelCrossing5.xml (RunModel)" time="0.014" />
  <testcase classname="ptolemy.util.test.junit.AutoTests" name="[80] /home/travis/build/icyphy/ptII/ptolemy/domains/continuous/test/auto/LevelCrossing6.xml (RunModel)" time="0.014" />
  <testcase classname="ptolemy.util.test.junit.AutoTests" name="[81] /home/travis/build/icyphy/ptII/ptolemy/domains/continuous/test/auto/LevelCrossingDetector.xml (RunModel)" time="0.082" />
  <testcase classname="ptolemy.util.test.junit.AutoTests" name="[82] /home/travis/build/icyphy/ptII/ptolemy/domains/continuous/test/auto/LevelCrossingDetectorDetectingDirections.xml (RunModel)" time="0.158" />
  <testcase classname="ptolemy.util.test.junit.AutoTests" name="[83] /home/travis/build/icyphy/ptII/ptolemy/domains/continuous/test/auto/LevelCrossingDetectorDetectsGlitches.xml (RunModel)" time="0.121" />
  <testcase classname="ptolemy.util.test.junit.AutoTests" name="[84] /home/travis/build/icyphy/ptII/ptolemy/domains/continuous/test/auto/LevelCrossingNoInitialOuput.xml (RunModel)" time="0.014" />
  <testcase classname="ptolemy.util.test.junit.AutoTests" name="[85] /home/travis/build/icyphy/ptII/ptolemy/domains/continuous/test/auto/LinearStateSpaceExample.xml (RunModel)" time="0.052" />
  <testcase classname="ptolemy.util.test.junit.AutoTests" name="[86] /home/travis/build/icyphy/ptII/ptolemy/domains/continuous/test/auto/Lorenz.xml (RunModel)" time="3.847" />
  <testcase classname="ptolemy.util.test.junit.AutoTests" name="[87] /home/travis/build/icyphy/ptII/ptolemy/domains/continuous/test/auto/LorenzDifferentialSystem.xml (RunModel)" time="1.15" />
  <testcase classname="ptolemy.util.test.junit.AutoTests" name="[88] /home/travis/build/icyphy/ptII/ptolemy/domains/continuous/test/auto/LorenzDifferentialSystemWithInput.xml (RunModel)" time="1.331" />
  <testcase classname="ptolemy.util.test.junit.AutoTests" name="[89] /home/travis/build/icyphy/ptII/ptolemy/domains/continuous/test/auto/LorenzDifferentialSystemWithTime.xml (RunModel)" time="0.711" />
  <testcase classname="ptolemy.util.test.junit.AutoTests" name="[90] /home/travis/build/icyphy/ptII/ptolemy/domains/continuous/test/auto/Microsteps.xml (RunModel)" time="0.021" />
  <testcase classname="ptolemy.util.test.junit.AutoTests" name="[91] /home/travis/build/icyphy/ptII/ptolemy/domains/continuous/test/auto/Modal1.xml (RunModel)" time="0.058" />
  <testcase classname="ptolemy.util.test.junit.AutoTests" name="[92] /home/travis/build/icyphy/ptII/ptolemy/domains/continuous/test/auto/Modal2.xml (RunModel)" time="0.036" />
  <testcase classname="ptolemy.util.test.junit.AutoTests" name="[93] /home/travis/build/icyphy/ptII/ptolemy/domains/continuous/test/auto/ModalTransitionGuardWithReset.xml (RunModel)" time="0.03" />
  <testcase classname="ptolemy.util.test.junit.AutoTests" name="[94] /home/travis/build/icyphy/ptII/ptolemy/domains/continuous/test/auto/ModalTransitionGuardWithResetUsingPreemptiveTransition.xml (RunModel)" time="0.033" />
  <testcase classname="ptolemy.util.test.junit.AutoTests" name="[95] /home/travis/build/icyphy/ptII/ptolemy/domains/continuous/test/auto/ModalTransitionGuardWithResetUsingPreemptiveTransition2.xml (RunModel)" time="0.022" />
  <testcase classname="ptolemy.util.test.junit.AutoTests" name="[96] /home/travis/build/icyphy/ptII/ptolemy/domains/continuous/test/auto/ModalTransitionGuardWithResetUsingPreemptiveTransition3.xml (RunModel)" time="0.027" />
  <testcase classname="ptolemy.util.test.junit.AutoTests" name="[97] /home/travis/build/icyphy/ptII/ptolemy/domains/continuous/test/auto/NewtonsCradle.xml (RunModel)" time="0.74" />
  <testcase classname="ptolemy.util.test.junit.AutoTests" name="[98] /home/travis/build/icyphy/ptII/ptolemy/domains/continuous/test/auto/NewtonsCradleAnimated.xml (RunModel)" time="1.029" />
  <testcase classname="ptolemy.util.test.junit.AutoTests" name="[99] /home/travis/build/icyphy/ptII/ptolemy/domains/continuous/test/auto/NewtonsCradleComplicated.xml (RunModel)" time="0.86" />
  <testcase classname="ptolemy.util.test.junit.AutoTests" name="[100] /home/travis/build/icyphy/ptII/ptolemy/domains/continuous/test/auto/NewtonsCradleNondeterministic.xml (RunModel)" time="0.622" />
  <testcase classname="ptolemy.util.test.junit.AutoTests" name="[101] /home/travis/build/icyphy/ptII/ptolemy/domains/continuous/test/auto/NewtonsCradlePerfectlyInelastic1.xml (RunModel)" time="1.163" />
  <testcase classname="ptolemy.util.test.junit.AutoTests" name="[102] /home/travis/build/icyphy/ptII/ptolemy/domains/continuous/test/auto/Noise.xml (RunModel)" time="0.172" />
  <testcase classname="ptolemy.util.test.junit.AutoTests" name="[103] /home/travis/build/icyphy/ptII/ptolemy/domains/continuous/test/auto/NoiseSpectrum.xml (RunModel)" time="0.751" />
  <testcase classname="ptolemy.util.test.junit.AutoTests" name="[104] /home/travis/build/icyphy/ptII/ptolemy/domains/continuous/test/auto/ParameterizedNewtonsCradleAnimated.xml (RunModel)" time="0.351" />
  <testcase classname="ptolemy.util.test.junit.AutoTests" name="[105] /home/travis/build/icyphy/ptII/ptolemy/domains/continuous/test/auto/ParameterizedNewtonsCradleAnimatedNondeterministic.xml (RunModel)" time="1.116" />
  <testcase classname="ptolemy.util.test.junit.AutoTests" name="[106] /home/travis/build/icyphy/ptII/ptolemy/domains/continuous/test/auto/Pendulum3D.xml (RunModel)" time="0.172" />
  <testcase classname="ptolemy.util.test.junit.AutoTests" name="[107] /home/travis/build/icyphy/ptII/ptolemy/domains/continuous/test/auto/PeriodicSampler.xml (RunModel)" time="0.011" />
  <testcase classname="ptolemy.util.test.junit.AutoTests" name="[108] /home/travis/build/icyphy/ptII/ptolemy/domains/continuous/test/auto/PeriodicSampler1.xml (RunModel)" time="0.042" />
  <testcase classname="ptolemy.util.test.junit.AutoTests" name="[109] /home/travis/build/icyphy/ptII/ptolemy/domains/continuous/test/auto/PeriodicSampler2.xml (RunModel)" time="0.07" />
  <testcase classname="ptolemy.util.test.junit.AutoTests" name="[110] /home/travis/build/icyphy/ptII/ptolemy/domains/continuous/test/auto/Poisson.xml (RunModel)" time="0.43" />
  <testcase classname="ptolemy.util.test.junit.AutoTests" name="[111] /home/travis/build/icyphy/ptII/ptolemy/domains/continuous/test/auto/PoissonClock.xml (RunModel)" time="0.012" />
  <testcase classname="ptolemy.util.test.junit.AutoTests" name="[112] /home/travis/build/icyphy/ptII/ptolemy/domains/continuous/test/auto/PoissonClock2.xml (RunModel)" time="0.013" />
  <testcase classname="ptolemy.util.test.junit.AutoTests" name="[113] /home/travis/build/icyphy/ptII/ptolemy/domains/continuous/test/auto/PortParameterHierarchy.xml (RunModel)" time="0.016" />
  <testcase classname="ptolemy.util.test.junit.AutoTests" name="[114] /home/travis/build/icyphy/ptII/ptolemy/domains/continuous/test/auto/RandomHybridPlant.xml (RunModel)" time="0.475" />
  <testcase classname="ptolemy.util.test.junit.AutoTests" name="[115] /home/travis/build/icyphy/ptII/ptolemy/domains/continuous/test/auto/ResetTransitionWithStartTime1.xml (RunModel)" time="0.03" />
  <testcase classname="ptolemy.util.test.junit.AutoTests" name="[116] /home/travis/build/icyphy/ptII/ptolemy/domains/continuous/test/auto/ResetTransitionWithStartTime2.xml (RunModel)" time="0.036" />
  <testcase classname="ptolemy.util.test.junit.AutoTests" name="[117] /home/travis/build/icyphy/ptII/ptolemy/domains/continuous/test/auto/ResetTransitionWithStartTime3.xml (RunModel)" time="0.034" />
  <testcase classname="ptolemy.util.test.junit.AutoTests" name="[118] /home/travis/build/icyphy/ptII/ptolemy/domains/continuous/test/auto/ResetTransitionWithStartTime4.xml (RunModel)" time="0.026" />
  <testcase classname="ptolemy.util.test.junit.AutoTests" name="[119] /home/travis/build/icyphy/ptII/ptolemy/domains/continuous/test/auto/ResetTransitionWithStartTime5.xml (RunModel)" time="0.043" />
  <testcase classname="ptolemy.util.test.junit.AutoTests" name="[120] /home/travis/build/icyphy/ptII/ptolemy/domains/continuous/test/auto/ResetTransitionWithStartTime6.xml (RunModel)" time="0.039" />
  <testcase classname="ptolemy.util.test.junit.AutoTests" name="[121] /home/travis/build/icyphy/ptII/ptolemy/domains/continuous/test/auto/SRinContinuous.xml (RunModel)" time="0.031" />
  <testcase classname="ptolemy.util.test.junit.AutoTests" name="[122] /home/travis/build/icyphy/ptII/ptolemy/domains/continuous/test/auto/SampledClocks.xml (RunModel)" time="0.032" />
  <testcase classname="ptolemy.util.test.junit.AutoTests" name="[123] /home/travis/build/icyphy/ptII/ptolemy/domains/continuous/test/auto/Satellite.xml (RunModel)" time="0.925" />
  <testcase classname="ptolemy.util.test.junit.AutoTests" name="[124] /home/travis/build/icyphy/ptII/ptolemy/domains/continuous/test/auto/SigmaDelta.xml (RunModel)" time="2.33" />
  <testcase classname="ptolemy.util.test.junit.AutoTests" name="[125] /home/travis/build/icyphy/ptII/ptolemy/domains/continuous/test/auto/SinuBouncingBall.xml (RunModel)" time="0.828" />
  <testcase classname="ptolemy.util.test.junit.AutoTests" name="[126] /home/travis/build/icyphy/ptII/ptolemy/domains/continuous/test/auto/Sinusoid.xml (RunModel)" time="0.014" />
  <testcase classname="ptolemy.util.test.junit.AutoTests" name="[127] /home/travis/build/icyphy/ptII/ptolemy/domains/continuous/test/auto/SinusoidInNoise.xml (RunModel)" time="0.932" />
  <testcase classname="ptolemy.util.test.junit.AutoTests" name="[128] /home/travis/build/icyphy/ptII/ptolemy/domains/continuous/test/auto/SinusoidRK45.xml (RunModel)" time="0.015" />
  <testcase classname="ptolemy.util.test.junit.AutoTests" name="[129] /home/travis/build/icyphy/ptII/ptolemy/domains/continuous/test/auto/SinusoidWithMultipleImpulses.xml (RunModel)" time="0.017" />
  <testcase classname="ptolemy.util.test.junit.AutoTests" name="[130] /home/travis/build/icyphy/ptII/ptolemy/domains/continuous/test/auto/SquareWave.xml (RunModel)" time="0.175" />
  <testcase classname="ptolemy.util.test.junit.AutoTests" name="[131] /home/travis/build/icyphy/ptII/ptolemy/domains/continuous/test/auto/Starmac.xml (RunModel)" time="3.36" />
  <testcase classname="ptolemy.util.test.junit.AutoTests" name="[132] /home/travis/build/icyphy/ptII/ptolemy/domains/continuous/test/auto/StaticUnits.xml (RunModel)" time="2.602" />
  <testcase classname="ptolemy.util.test.junit.AutoTests" name="[133] /home/travis/build/icyphy/ptII/ptolemy/domains/continuous/test/auto/StickyMasses.xml (RunModel)" time="0.179" />
  <testcase classname="ptolemy.util.test.junit.AutoTests" name="[134] /home/travis/build/icyphy/ptII/ptolemy/domains/continuous/test/auto/StopTime.xml (RunModel)" time="0.057" />
  <testcase classname="ptolemy.util.test.junit.AutoTests" name="[135] /home/travis/build/icyphy/ptII/ptolemy/domains/continuous/test/auto/StopTime2.xml (RunModel)" time="0.05" />
  <testcase classname="ptolemy.util.test.junit.AutoTests" name="[136] /home/travis/build/icyphy/ptII/ptolemy/domains/continuous/test/auto/Switch.xml (RunModel)" time="0.059" />
  <testcase classname="ptolemy.util.test.junit.AutoTests" name="[137] /home/travis/build/icyphy/ptII/ptolemy/domains/continuous/test/auto/Thermostat.xml (RunModel)" time="0.21" />
  <testcase classname="ptolemy.util.test.junit.AutoTests" name="[138] /home/travis/build/icyphy/ptII/ptolemy/domains/continuous/test/auto/TimeDelay.xml (RunModel)" time="0.016" />
  <testcase classname="ptolemy.util.test.junit.AutoTests" name="[139] /home/travis/build/icyphy/ptII/ptolemy/domains/continuous/test/auto/TimeDelay2.xml (RunModel)" time="0.016" />
  <testcase classname="ptolemy.util.test.junit.AutoTests" name="[140] /home/travis/build/icyphy/ptII/ptolemy/domains/continuous/test/auto/TimeDelay3.xml (RunModel)" time="0.01" />
  <testcase classname="ptolemy.util.test.junit.AutoTests" name="[141] /home/travis/build/icyphy/ptII/ptolemy/domains/continuous/test/auto/TransferAbsentToInside.xml (RunModel)" time="0.116" />
  <testcase classname="ptolemy.util.test.junit.AutoTests" name="[142] /home/travis/build/icyphy/ptII/ptolemy/domains/continuous/test/auto/Transmission.xml (RunModel)" time="0.693" />
  <testcase classname="ptolemy.util.test.junit.AutoTests" name="[143] /home/travis/build/icyphy/ptII/ptolemy/domains/continuous/test/auto/TriggeredContinuousClock.xml (RunModel)" time="0.061" />
  <testcase classname="ptolemy.util.test.junit.AutoTests" name="[144] /home/travis/build/icyphy/ptII/ptolemy/domains/continuous/test/auto/TwoMachineInfiniteBusControl.xml (RunModel)" time="3.066" />
  <testcase classname="ptolemy.util.test.junit.AutoTests" name="[145] /home/travis/build/icyphy/ptII/ptolemy/domains/continuous/test/auto/V2V.xml (RunModel)" time="0.748" />
  <testcase classname="ptolemy.util.test.junit.AutoTests" name="[146] /home/travis/build/icyphy/ptII/ptolemy/domains/continuous/test/auto/hierarchicalModalModel.xml (RunModel)" time="0.042" />
  <testcase classname="ptolemy.util.test.junit.AutoTests" name="[147] /home/travis/build/icyphy/ptII/ptolemy/domains/continuous/test/auto/hierarchicalModalModel1.xml (RunModel)" time="0.035" />
  <testcase classname="ptolemy.util.test.junit.AutoTests" name="[148] /home/travis/build/icyphy/ptII/ptolemy/domains/continuous/test/auto/hierarchicalModalModel2.xml (RunModel)" time="0.031" />
  <testcase classname="ptolemy.util.test.junit.AutoTests" name="[149] /home/travis/build/icyphy/ptII/ptolemy/domains/continuous/test/auto/hierarchicalModalModel3.xml (RunModel)" time="0.024" />
  <testcase classname="ptolemy.util.test.junit.AutoTests" name="[150] /home/travis/build/icyphy/ptII/ptolemy/domains/continuous/test/auto/hierarchicalModalModel4.xml (RunModel)" time="0.032" />
  <testcase classname="ptolemy.util.test.junit.AutoTests" name="[151] /home/travis/build/icyphy/ptII/ptolemy/domains/continuous/test/auto/junk.xml (RunModel)" time="0.137" />
  <system-out><![CDATA[No tcl tests in /home/travis/build/icyphy/ptII/ptolemy/domains/continuous/test
No auto/knownFailedTests/*.xml tests in /home/travis/build/icyphy/ptII/ptolemy/domains/continuous/test
No auto/linux-amd64/*.xml tests in /home/travis/build/icyphy/ptII/ptolemy/domains/continuous/test
AutoTests.java: About to close Vertx.
AutoTests.java: Vertx closed.

===========================================================================================
----------------- testing Tue Jun 19 23:09:00 UTC 2018 /home/travis/build/icyphy/ptII/ptolemy/domains/continuous/test/auto/BouncingBall.xml
----------------- Instantiating /home/travis/build/icyphy/ptII/ptolemy/domains/continuous/test/auto/BouncingBall.xml
2241 ms. Memory: 331776K Free: 251055K (76%)
----------------- Invoking toplevel() on ptolemy.moml.MoMLSimpleApplication@206eae6a
----------------- Done invoking toplevel() on ptolemy.moml.MoMLSimpleApplication@206eae6a
reloadAllAccessors: .BouncingBall

===========================================================================================
----------------- testing Tue Jun 19 23:09:03 UTC 2018 /home/travis/build/icyphy/ptII/ptolemy/domains/continuous/test/auto/BouncingBallWithoutGR.xml
----------------- Instantiating /home/travis/build/icyphy/ptII/ptolemy/domains/continuous/test/auto/BouncingBallWithoutGR.xml
718 ms. Memory: 331776K Free: 307551K (93%)
----------------- Invoking toplevel() on ptolemy.moml.MoMLSimpleApplication@c737008
----------------- Done invoking toplevel() on ptolemy.moml.MoMLSimpleApplication@c737008
reloadAllAccessors: .BouncingBallWithoutGR

===========================================================================================
----------------- testing Tue Jun 19 23:09:04 UTC 2018 /home/travis/build/icyphy/ptII/ptolemy/domains/continuous/test/auto/Brownian.xml
----------------- Instantiating /home/travis/build/icyphy/ptII/ptolemy/domains/continuous/test/auto/Brownian.xml
36 ms. Memory: 331776K Free: 293637K (89%)
----------------- Invoking toplevel() on ptolemy.moml.MoMLSimpleApplication@5547f4e1
----------------- Done invoking toplevel() on ptolemy.moml.MoMLSimpleApplication@5547f4e1
reloadAllAccessors: .Brownian

===========================================================================================
----------------- testing Tue Jun 19 23:09:04 UTC 2018 /home/travis/build/icyphy/ptII/ptolemy/domains/continuous/test/auto/CarTracking.xml
----------------- Instantiating /home/travis/build/icyphy/ptII/ptolemy/domains/continuous/test/auto/CarTracking.xml
3121 ms. Memory: 578048K Free: 454699K (79%)
----------------- Invoking toplevel() on ptolemy.moml.MoMLSimpleApplication@696e9eb1
----------------- Done invoking toplevel() on ptolemy.moml.MoMLSimpleApplication@696e9eb1
reloadAllAccessors: .CarTracking

===========================================================================================
----------------- testing Tue Jun 19 23:09:07 UTC 2018 /home/travis/build/icyphy/ptII/ptolemy/domains/continuous/test/auto/CartPendulum.xml
----------------- Instantiating /home/travis/build/icyphy/ptII/ptolemy/domains/continuous/test/auto/CartPendulum.xml
413 ms. Memory: 578048K Free: 350372K (61%)
----------------- Invoking toplevel() on ptolemy.moml.MoMLSimpleApplication@2e65afe2
----------------- Done invoking toplevel() on ptolemy.moml.MoMLSimpleApplication@2e65afe2
reloadAllAccessors: .CartPendulum

===========================================================================================
----------------- testing Tue Jun 19 23:09:08 UTC 2018 /home/travis/build/icyphy/ptII/ptolemy/domains/continuous/test/auto/CausalityInterface10.xml
----------------- Instantiating /home/travis/build/icyphy/ptII/ptolemy/domains/continuous/test/auto/CausalityInterface10.xml
10 ms. Memory: 578048K Free: 337021K (58%)
----------------- Invoking toplevel() on ptolemy.moml.MoMLSimpleApplication@31e027b2
----------------- Done invoking toplevel() on ptolemy.moml.MoMLSimpleApplication@31e027b2
reloadAllAccessors: .CausalityInterface10

===========================================================================================
----------------- testing Tue Jun 19 23:09:08 UTC 2018 /home/travis/build/icyphy/ptII/ptolemy/domains/continuous/test/auto/CausalityInterface11.xml
----------------- Instantiating /home/travis/build/icyphy/ptII/ptolemy/domains/continuous/test/auto/CausalityInterface11.xml
10 ms. Memory: 578048K Free: 327200K (57%)
----------------- Invoking toplevel() on ptolemy.moml.MoMLSimpleApplication@263b65b8
----------------- Done invoking toplevel() on ptolemy.moml.MoMLSimpleApplication@263b65b8
reloadAllAccessors: .CausalityInterface11

===========================================================================================
----------------- testing Tue Jun 19 23:09:08 UTC 2018 /home/travis/build/icyphy/ptII/ptolemy/domains/continuous/test/auto/CausalityInterface12.xml
----------------- Instantiating /home/travis/build/icyphy/ptII/ptolemy/domains/continuous/test/auto/CausalityInterface12.xml
9 ms. Memory: 578048K Free: 317380K (55%)
----------------- Invoking toplevel() on ptolemy.moml.MoMLSimpleApplication@45e3ae15
----------------- Done invoking toplevel() on ptolemy.moml.MoMLSimpleApplication@45e3ae15
reloadAllAccessors: .CausalityInterface12

===========================================================================================
----------------- testing Tue Jun 19 23:09:08 UTC 2018 /home/travis/build/icyphy/ptII/ptolemy/domains/continuous/test/auto/CausalityInterface13.xml
----------------- Instantiating /home/travis/build/icyphy/ptII/ptolemy/domains/continuous/test/auto/CausalityInterface13.xml
7 ms. Memory: 578048K Free: 304384K (53%)
----------------- Invoking toplevel() on ptolemy.moml.MoMLSimpleApplication@1000e6e4
----------------- Done invoking toplevel() on ptolemy.moml.MoMLSimpleApplication@1000e6e4
reloadAllAccessors: .CausalityInterface13

===========================================================================================
----------------- testing Tue Jun 19 23:09:08 UTC 2018 /home/travis/build/icyphy/ptII/ptolemy/domains/continuous/test/auto/CausalityInterface14.xml
----------------- Instantiating /home/travis/build/icyphy/ptII/ptolemy/domains/continuous/test/auto/CausalityInterface14.xml
2 ms. Memory: 578048K Free: 294556K (51%)
----------------- Invoking toplevel() on ptolemy.moml.MoMLSimpleApplication@36d37694
----------------- Done invoking toplevel() on ptolemy.moml.MoMLSimpleApplication@36d37694
reloadAllAccessors: .CausalityInterface14

===========================================================================================
----------------- testing Tue Jun 19 23:09:08 UTC 2018 /home/travis/build/icyphy/ptII/ptolemy/domains/continuous/test/auto/CausalityInterface4.xml
----------------- Instantiating /home/travis/build/icyphy/ptII/ptolemy/domains/continuous/test/auto/CausalityInterface4.xml
3 ms. Memory: 578048K Free: 284720K (49%)
----------------- Invoking toplevel() on ptolemy.moml.MoMLSimpleApplication@769da966
----------------- Done invoking toplevel() on ptolemy.moml.MoMLSimpleApplication@769da966
reloadAllAccessors: .CausalityInterface4

===========================================================================================
----------------- testing Tue Jun 19 23:09:08 UTC 2018 /home/travis/build/icyphy/ptII/ptolemy/domains/continuous/test/auto/CausalityInterface5.xml
----------------- Instantiating /home/travis/build/icyphy/ptII/ptolemy/domains/continuous/test/auto/CausalityInterface5.xml
9 ms. Memory: 578048K Free: 271618K (47%)
----------------- Invoking toplevel() on ptolemy.moml.MoMLSimpleApplication@9736578
----------------- Done invoking toplevel() on ptolemy.moml.MoMLSimpleApplication@9736578
reloadAllAccessors: .CausalityInterface5

===========================================================================================
----------------- testing Tue Jun 19 23:09:08 UTC 2018 /home/travis/build/icyphy/ptII/ptolemy/domains/continuous/test/auto/CausalityInterface6.xml
----------------- Instantiating /home/travis/build/icyphy/ptII/ptolemy/domains/continuous/test/auto/CausalityInterface6.xml
6 ms. Memory: 578048K Free: 258630K (45%)
----------------- Invoking toplevel() on ptolemy.moml.MoMLSimpleApplication@68aa12f3
----------------- Done invoking toplevel() on ptolemy.moml.MoMLSimpleApplication@68aa12f3
reloadAllAccessors: .CausalityInterface6

===========================================================================================
----------------- testing Tue Jun 19 23:09:08 UTC 2018 /home/travis/build/icyphy/ptII/ptolemy/domains/continuous/test/auto/CausalityInterface7.xml
----------------- Instantiating /home/travis/build/icyphy/ptII/ptolemy/domains/continuous/test/auto/CausalityInterface7.xml
11 ms. Memory: 578048K Free: 245520K (42%)
----------------- Invoking toplevel() on ptolemy.moml.MoMLSimpleApplication@73202b69
----------------- Done invoking toplevel() on ptolemy.moml.MoMLSimpleApplication@73202b69
reloadAllAccessors: .CausalityInterface7

===========================================================================================
----------------- testing Tue Jun 19 23:09:08 UTC 2018 /home/travis/build/icyphy/ptII/ptolemy/domains/continuous/test/auto/CausalityInterface8.xml
----------------- Instantiating /home/travis/build/icyphy/ptII/ptolemy/domains/continuous/test/auto/CausalityInterface8.xml
6 ms. Memory: 578048K Free: 232411K (40%)
----------------- Invoking toplevel() on ptolemy.moml.MoMLSimpleApplication@379dc059
----------------- Done invoking toplevel() on ptolemy.moml.MoMLSimpleApplication@379dc059
reloadAllAccessors: .CausalityInterface8

===========================================================================================
----------------- testing Tue Jun 19 23:09:08 UTC 2018 /home/travis/build/icyphy/ptII/ptolemy/domains/continuous/test/auto/CausalityInterface9.xml
----------------- Instantiating /home/travis/build/icyphy/ptII/ptolemy/domains/continuous/test/auto/CausalityInterface9.xml
7 ms. Memory: 578048K Free: 216020K (37%)
----------------- Invoking toplevel() on ptolemy.moml.MoMLSimpleApplication@1b77e697
----------------- Done invoking toplevel() on ptolemy.moml.MoMLSimpleApplication@1b77e697
reloadAllAccessors: .CausalityInterface9

===========================================================================================
----------------- testing Tue Jun 19 23:09:08 UTC 2018 /home/travis/build/icyphy/ptII/ptolemy/domains/continuous/test/auto/CausalityInterfaceFeedback1.xml
----------------- Instantiating /home/travis/build/icyphy/ptII/ptolemy/domains/continuous/test/auto/CausalityInterfaceFeedback1.xml
4 ms. Memory: 578048K Free: 203023K (35%)
----------------- Invoking toplevel() on ptolemy.moml.MoMLSimpleApplication@75f15eb2
----------------- Done invoking toplevel() on ptolemy.moml.MoMLSimpleApplication@75f15eb2
reloadAllAccessors: .CausalityInterfaceFeedback1

===========================================================================================
----------------- testing Tue Jun 19 23:09:08 UTC 2018 /home/travis/build/icyphy/ptII/ptolemy/domains/continuous/test/auto/CausalityInterfaceFeedback2.xml
----------------- Instantiating /home/travis/build/icyphy/ptII/ptolemy/domains/continuous/test/auto/CausalityInterfaceFeedback2.xml
9 ms. Memory: 578048K Free: 193203K (33%)
----------------- Invoking toplevel() on ptolemy.moml.MoMLSimpleApplication@4b7fdf78
----------------- Done invoking toplevel() on ptolemy.moml.MoMLSimpleApplication@4b7fdf78
reloadAllAccessors: .CausalityInterfaceFeedback2

===========================================================================================
----------------- testing Tue Jun 19 23:09:08 UTC 2018 /home/travis/build/icyphy/ptII/ptolemy/domains/continuous/test/auto/CompareWithCurrentTime.xml
----------------- Instantiating /home/travis/build/icyphy/ptII/ptolemy/domains/continuous/test/auto/CompareWithCurrentTime.xml
7 ms. Memory: 578048K Free: 186656K (32%)
----------------- Invoking toplevel() on ptolemy.moml.MoMLSimpleApplication@416edaba
----------------- Done invoking toplevel() on ptolemy.moml.MoMLSimpleApplication@416edaba
reloadAllAccessors: .CompareWithCurrentTime

===========================================================================================
----------------- testing Tue Jun 19 23:09:08 UTC 2018 /home/travis/build/icyphy/ptII/ptolemy/domains/continuous/test/auto/ComparedClocks.xml
----------------- Instantiating /home/travis/build/icyphy/ptII/ptolemy/domains/continuous/test/auto/ComparedClocks.xml
7 ms. Memory: 578048K Free: 166992K (29%)
----------------- Invoking toplevel() on ptolemy.moml.MoMLSimpleApplication@3e260bf1
----------------- Done invoking toplevel() on ptolemy.moml.MoMLSimpleApplication@3e260bf1
reloadAllAccessors: .ComparedClocks

===========================================================================================
----------------- testing Tue Jun 19 23:09:09 UTC 2018 /home/travis/build/icyphy/ptII/ptolemy/domains/continuous/test/auto/ContinuousAOCClone.xml
----------------- Instantiating /home/travis/build/icyphy/ptII/ptolemy/domains/continuous/test/auto/ContinuousAOCClone.xml
2331 ms. Memory: 872448K Free: 428583K (49%)
----------------- Invoking toplevel() on ptolemy.moml.MoMLSimpleApplication@3d90cb4
----------------- Done invoking toplevel() on ptolemy.moml.MoMLSimpleApplication@3d90cb4
reloadAllAccessors: .ContinuousAOCClone

===========================================================================================
----------------- testing Tue Jun 19 23:09:11 UTC 2018 /home/travis/build/icyphy/ptII/ptolemy/domains/continuous/test/auto/ContinuousClock.xml
----------------- Instantiating /home/travis/build/icyphy/ptII/ptolemy/domains/continuous/test/auto/ContinuousClock.xml
29 ms. Memory: 872448K Free: 395383K (45%)
----------------- Invoking toplevel() on ptolemy.moml.MoMLSimpleApplication@ce76252
----------------- Done invoking toplevel() on ptolemy.moml.MoMLSimpleApplication@ce76252
reloadAllAccessors: .ContinuousClock

===========================================================================================
----------------- testing Tue Jun 19 23:09:11 UTC 2018 /home/travis/build/icyphy/ptII/ptolemy/domains/continuous/test/auto/ContinuousInContinuous.xml
----------------- Instantiating /home/travis/build/icyphy/ptII/ptolemy/domains/continuous/test/auto/ContinuousInContinuous.xml
40 ms. Memory: 872448K Free: 363918K (42%)
----------------- Invoking toplevel() on ptolemy.moml.MoMLSimpleApplication@4970c9b0
----------------- Done invoking toplevel() on ptolemy.moml.MoMLSimpleApplication@4970c9b0
reloadAllAccessors: .ContinuousInContinuous

===========================================================================================
----------------- testing Tue Jun 19 23:09:11 UTC 2018 /home/travis/build/icyphy/ptII/ptolemy/domains/continuous/test/auto/ContinuousInContinuousInContinuous.xml
----------------- Instantiating /home/travis/build/icyphy/ptII/ptolemy/domains/continuous/test/auto/ContinuousInContinuousInContinuous.xml
6 ms. Memory: 872448K Free: 348202K (40%)
----------------- Invoking toplevel() on ptolemy.moml.MoMLSimpleApplication@43aae70b
----------------- Done invoking toplevel() on ptolemy.moml.MoMLSimpleApplication@43aae70b
reloadAllAccessors: .ContinuousInContinuousInContinuous

===========================================================================================
----------------- testing Tue Jun 19 23:09:11 UTC 2018 /home/travis/build/icyphy/ptII/ptolemy/domains/continuous/test/auto/ContinuousInDE.xml
----------------- Instantiating /home/travis/build/icyphy/ptII/ptolemy/domains/continuous/test/auto/ContinuousInDE.xml
105 ms. Memory: 872448K Free: 332494K (38%)
----------------- Invoking toplevel() on ptolemy.moml.MoMLSimpleApplication@4472de84
----------------- Done invoking toplevel() on ptolemy.moml.MoMLSimpleApplication@4472de84
reloadAllAccessors: .ContinuousInDE

===========================================================================================
----------------- testing Tue Jun 19 23:09:11 UTC 2018 /home/travis/build/icyphy/ptII/ptolemy/domains/continuous/test/auto/ContinuousInDE2.xml
----------------- Instantiating /home/travis/build/icyphy/ptII/ptolemy/domains/continuous/test/auto/ContinuousInDE2.xml
39 ms. Memory: 872448K Free: 313359K (36%)
----------------- Invoking toplevel() on ptolemy.moml.MoMLSimpleApplication@574e8793
----------------- Done invoking toplevel() on ptolemy.moml.MoMLSimpleApplication@574e8793
reloadAllAccessors: .ContinuousInDE2

===========================================================================================
----------------- testing Tue Jun 19 23:09:11 UTC 2018 /home/travis/build/icyphy/ptII/ptolemy/domains/continuous/test/auto/ContinuousInDE3.xml
----------------- Instantiating /home/travis/build/icyphy/ptII/ptolemy/domains/continuous/test/auto/ContinuousInDE3.xml
36 ms. Memory: 872448K Free: 297650K (34%)
----------------- Invoking toplevel() on ptolemy.moml.MoMLSimpleApplication@79dc3713
----------------- Done invoking toplevel() on ptolemy.moml.MoMLSimpleApplication@79dc3713
reloadAllAccessors: .ContinuousInDE3

===========================================================================================
----------------- testing Tue Jun 19 23:09:12 UTC 2018 /home/travis/build/icyphy/ptII/ptolemy/domains/continuous/test/auto/ContinuousInDE4.xml
----------------- Instantiating /home/travis/build/icyphy/ptII/ptolemy/domains/continuous/test/auto/ContinuousInDE4.xml
16 ms. Memory: 872448K Free: 287178K (33%)
----------------- Invoking toplevel() on ptolemy.moml.MoMLSimpleApplication@4d8ee921
----------------- Done invoking toplevel() on ptolemy.moml.MoMLSimpleApplication@4d8ee921
reloadAllAccessors: .ContinuousInDE4

===========================================================================================
----------------- testing Tue Jun 19 23:09:12 UTC 2018 /home/travis/build/icyphy/ptII/ptolemy/domains/continuous/test/auto/ContinuousInDEDifferentRefinements.xml
----------------- Instantiating /home/travis/build/icyphy/ptII/ptolemy/domains/continuous/test/auto/ContinuousInDEDifferentRefinements.xml
42 ms. Memory: 872448K Free: 250477K (29%)
----------------- Invoking toplevel() on ptolemy.moml.MoMLSimpleApplication@5a17fdca
----------------- Done invoking toplevel() on ptolemy.moml.MoMLSimpleApplication@5a17fdca
reloadAllAccessors: .ContinuousInDEDifferentRefinements

===========================================================================================
----------------- testing Tue Jun 19 23:09:12 UTC 2018 /home/travis/build/icyphy/ptII/ptolemy/domains/continuous/test/auto/ContinuousInDEDifferentRefinementsPreemptive.xml
----------------- Instantiating /home/travis/build/icyphy/ptII/ptolemy/domains/continuous/test/auto/ContinuousInDEDifferentRefinementsPreemptive.xml
48 ms. Memory: 872448K Free: 210334K (24%)
----------------- Invoking toplevel() on ptolemy.moml.MoMLSimpleApplication@6ebdd50a
----------------- Done invoking toplevel() on ptolemy.moml.MoMLSimpleApplication@6ebdd50a
reloadAllAccessors: .ContinuousInDEDifferentRefinementsPreemptive

===========================================================================================
----------------- testing Tue Jun 19 23:09:12 UTC 2018 /home/travis/build/icyphy/ptII/ptolemy/domains/continuous/test/auto/ContinuousInDEInContinuous2.xml
----------------- Instantiating /home/travis/build/icyphy/ptII/ptolemy/domains/continuous/test/auto/ContinuousInDEInContinuous2.xml
34 ms. Memory: 872448K Free: 194610K (22%)
----------------- Invoking toplevel() on ptolemy.moml.MoMLSimpleApplication@57a47101
----------------- Done invoking toplevel() on ptolemy.moml.MoMLSimpleApplication@57a47101
reloadAllAccessors: .ContinuousInDEInContinuous2

===========================================================================================
----------------- testing Tue Jun 19 23:09:12 UTC 2018 /home/travis/build/icyphy/ptII/ptolemy/domains/continuous/test/auto/ContinuousInDEInContinuous3.xml
----------------- Instantiating /home/travis/build/icyphy/ptII/ptolemy/domains/continuous/test/auto/ContinuousInDEInContinuous3.xml
65 ms. Memory: 872448K Free: 173649K (20%)
----------------- Invoking toplevel() on ptolemy.moml.MoMLSimpleApplication@62896e39
----------------- Done invoking toplevel() on ptolemy.moml.MoMLSimpleApplication@62896e39
reloadAllAccessors: .ContinuousInDEInContinuous3

===========================================================================================
----------------- testing Tue Jun 19 23:09:12 UTC 2018 /home/travis/build/icyphy/ptII/ptolemy/domains/continuous/test/auto/ContinuousInDEInput.xml
----------------- Instantiating /home/travis/build/icyphy/ptII/ptolemy/domains/continuous/test/auto/ContinuousInDEInput.xml
26 ms. Memory: 872448K Free: 163177K (19%)
----------------- Invoking toplevel() on ptolemy.moml.MoMLSimpleApplication@627920aa
----------------- Done invoking toplevel() on ptolemy.moml.MoMLSimpleApplication@627920aa
reloadAllAccessors: .ContinuousInDEInput

===========================================================================================
----------------- testing Tue Jun 19 23:09:12 UTC 2018 /home/travis/build/icyphy/ptII/ptolemy/domains/continuous/test/auto/ContinuousInDEInput2.xml
----------------- Instantiating /home/travis/build/icyphy/ptII/ptolemy/domains/continuous/test/auto/ContinuousInDEInput2.xml
18 ms. Memory: 872448K Free: 149278K (17%)
----------------- Invoking toplevel() on ptolemy.moml.MoMLSimpleApplication@27efbb0a
----------------- Done invoking toplevel() on ptolemy.moml.MoMLSimpleApplication@27efbb0a
reloadAllAccessors: .ContinuousInDEInput2

===========================================================================================
----------------- testing Tue Jun 19 23:09:12 UTC 2018 /home/travis/build/icyphy/ptII/ptolemy/domains/continuous/test/auto/ContinuousInDEInput3.xml
----------------- Instantiating /home/travis/build/icyphy/ptII/ptolemy/domains/continuous/test/auto/ContinuousInDEInput3.xml
14 ms. Memory: 872448K Free: 138806K (16%)
----------------- Invoking toplevel() on ptolemy.moml.MoMLSimpleApplication@7457b2f3
----------------- Done invoking toplevel() on ptolemy.moml.MoMLSimpleApplication@7457b2f3
reloadAllAccessors: .ContinuousInDEInput3

===========================================================================================
----------------- testing Tue Jun 19 23:09:12 UTC 2018 /home/travis/build/icyphy/ptII/ptolemy/domains/continuous/test/auto/ContinuousInDESharingRefinement.xml
----------------- Instantiating /home/travis/build/icyphy/ptII/ptolemy/domains/continuous/test/auto/ContinuousInDESharingRefinement.xml
158 ms. Memory: 872960K Free: 825511K (95%)
----------------- Invoking toplevel() on ptolemy.moml.MoMLSimpleApplication@6873a74c
----------------- Done invoking toplevel() on ptolemy.moml.MoMLSimpleApplication@6873a74c
reloadAllAccessors: .ContinuousInDESharingRefinement

===========================================================================================
----------------- testing Tue Jun 19 23:09:12 UTC 2018 /home/travis/build/icyphy/ptII/ptolemy/domains/continuous/test/auto/ContinuousInDEwithNoPorts.xml
----------------- Instantiating /home/travis/build/icyphy/ptII/ptolemy/domains/continuous/test/auto/ContinuousInDEwithNoPorts.xml
7 ms. Memory: 872960K Free: 812683K (93%)
----------------- Invoking toplevel() on ptolemy.moml.MoMLSimpleApplication@6f02219
----------------- Done invoking toplevel() on ptolemy.moml.MoMLSimpleApplication@6f02219
reloadAllAccessors: .ContinuousInDEwithNoPorts

===========================================================================================
----------------- testing Tue Jun 19 23:09:12 UTC 2018 /home/travis/build/icyphy/ptII/ptolemy/domains/continuous/test/auto/ContinuousInsideDE.xml
----------------- Instantiating /home/travis/build/icyphy/ptII/ptolemy/domains/continuous/test/auto/ContinuousInsideDE.xml
46 ms. Memory: 872960K Free: 793032K (91%)
----------------- Invoking toplevel() on ptolemy.moml.MoMLSimpleApplication@b268e5b
----------------- Done invoking toplevel() on ptolemy.moml.MoMLSimpleApplication@b268e5b
reloadAllAccessors: .ContinuousInsideDE

===========================================================================================
----------------- testing Tue Jun 19 23:09:12 UTC 2018 /home/travis/build/icyphy/ptII/ptolemy/domains/continuous/test/auto/ContinuousMerge1.xml
----------------- Instantiating /home/travis/build/icyphy/ptII/ptolemy/domains/continuous/test/auto/ContinuousMerge1.xml
2 ms. Memory: 872960K Free: 782874K (90%)
----------------- Invoking toplevel() on ptolemy.moml.MoMLSimpleApplication@44bd38e8
----------------- Done invoking toplevel() on ptolemy.moml.MoMLSimpleApplication@44bd38e8
reloadAllAccessors: .ContinuousMerge1

===========================================================================================
----------------- testing Tue Jun 19 23:09:12 UTC 2018 /home/travis/build/icyphy/ptII/ptolemy/domains/continuous/test/auto/ContinuousMerge2.xml
----------------- Instantiating /home/travis/build/icyphy/ptII/ptolemy/domains/continuous/test/auto/ContinuousMerge2.xml
11 ms. Memory: 872960K Free: 766971K (88%)
----------------- Invoking toplevel() on ptolemy.moml.MoMLSimpleApplication@57d6e0c9
----------------- Done invoking toplevel() on ptolemy.moml.MoMLSimpleApplication@57d6e0c9
reloadAllAccessors: .ContinuousMerge2

===========================================================================================
----------------- testing Tue Jun 19 23:09:12 UTC 2018 /home/travis/build/icyphy/ptII/ptolemy/domains/continuous/test/auto/ContinuousMerge3.xml
----------------- Instantiating /home/travis/build/icyphy/ptII/ptolemy/domains/continuous/test/auto/ContinuousMerge3.xml
40 ms. Memory: 872960K Free: 751247K (86%)
----------------- Invoking toplevel() on ptolemy.moml.MoMLSimpleApplication@1ad57935
----------------- Done invoking toplevel() on ptolemy.moml.MoMLSimpleApplication@1ad57935
reloadAllAccessors: .ContinuousMerge3

===========================================================================================
----------------- testing Tue Jun 19 23:09:12 UTC 2018 /home/travis/build/icyphy/ptII/ptolemy/domains/continuous/test/auto/ContinuousWithinContinuous.xml
----------------- Instantiating /home/travis/build/icyphy/ptII/ptolemy/domains/continuous/test/auto/ContinuousWithinContinuous.xml
35 ms. Memory: 872960K Free: 733220K (84%)
----------------- Invoking toplevel() on ptolemy.moml.MoMLSimpleApplication@dcd504d
----------------- Done invoking toplevel() on ptolemy.moml.MoMLSimpleApplication@dcd504d
reloadAllAccessors: .ContinuousWithinContinuous

===========================================================================================
----------------- testing Tue Jun 19 23:09:13 UTC 2018 /home/travis/build/icyphy/ptII/ptolemy/domains/continuous/test/auto/ContinuousWithinContinuous2.xml
----------------- Instantiating /home/travis/build/icyphy/ptII/ptolemy/domains/continuous/test/auto/ContinuousWithinContinuous2.xml
65 ms. Memory: 872960K Free: 721438K (83%)
----------------- Invoking toplevel() on ptolemy.moml.MoMLSimpleApplication@2b6ab5cd
----------------- Done invoking toplevel() on ptolemy.moml.MoMLSimpleApplication@2b6ab5cd
reloadAllAccessors: .ContinuousWithinContinuous2

===========================================================================================
----------------- testing Tue Jun 19 23:09:13 UTC 2018 /home/travis/build/icyphy/ptII/ptolemy/domains/continuous/test/auto/ContinuousWithinContinuous3.xml
----------------- Instantiating /home/travis/build/icyphy/ptII/ptolemy/domains/continuous/test/auto/ContinuousWithinContinuous3.xml
14 ms. Memory: 872960K Free: 709641K (81%)
----------------- Invoking toplevel() on ptolemy.moml.MoMLSimpleApplication@3f2cc3ac
----------------- Done invoking toplevel() on ptolemy.moml.MoMLSimpleApplication@3f2cc3ac
reloadAllAccessors: .ContinuousWithinContinuous3

===========================================================================================
----------------- testing Tue Jun 19 23:09:13 UTC 2018 /home/travis/build/icyphy/ptII/ptolemy/domains/continuous/test/auto/ContinuousWithinContinuous4.xml
----------------- Instantiating /home/travis/build/icyphy/ptII/ptolemy/domains/continuous/test/auto/ContinuousWithinContinuous4.xml
60 ms. Memory: 872960K Free: 687687K (79%)
----------------- Invoking toplevel() on ptolemy.moml.MoMLSimpleApplication@502f17dc
----------------- Done invoking toplevel() on ptolemy.moml.MoMLSimpleApplication@502f17dc
reloadAllAccessors: .ContinuousWithinContinuous4

===========================================================================================
----------------- testing Tue Jun 19 23:09:13 UTC 2018 /home/travis/build/icyphy/ptII/ptolemy/domains/continuous/test/auto/ContinuousWithinContinuous5.xml
----------------- Instantiating /home/travis/build/icyphy/ptII/ptolemy/domains/continuous/test/auto/ContinuousWithinContinuous5.xml
13 ms. Memory: 872960K Free: 675898K (77%)
----------------- Invoking toplevel() on ptolemy.moml.MoMLSimpleApplication@14b210d3
----------------- Done invoking toplevel() on ptolemy.moml.MoMLSimpleApplication@14b210d3
reloadAllAccessors: .ContinuousWithinContinuous5

===========================================================================================
----------------- testing Tue Jun 19 23:09:13 UTC 2018 /home/travis/build/icyphy/ptII/ptolemy/domains/continuous/test/auto/ContinuousWithinContinuous6.xml
----------------- Instantiating /home/travis/build/icyphy/ptII/ptolemy/domains/continuous/test/auto/ContinuousWithinContinuous6.xml
10 ms. Memory: 872960K Free: 664109K (76%)
----------------- Invoking toplevel() on ptolemy.moml.MoMLSimpleApplication@13738a56
----------------- Done invoking toplevel() on ptolemy.moml.MoMLSimpleApplication@13738a56
reloadAllAccessors: .ContinuousWithinContinuous6

===========================================================================================
----------------- testing Tue Jun 19 23:09:13 UTC 2018 /home/travis/build/icyphy/ptII/ptolemy/domains/continuous/test/auto/ContinuousWithinContinuous7.xml
----------------- Instantiating /home/travis/build/icyphy/ptII/ptolemy/domains/continuous/test/auto/ContinuousWithinContinuous7.xml
51 ms. Memory: 872960K Free: 650025K (74%)
----------------- Invoking toplevel() on ptolemy.moml.MoMLSimpleApplication@5b3dccce
----------------- Done invoking toplevel() on ptolemy.moml.MoMLSimpleApplication@5b3dccce
reloadAllAccessors: .ContinuousWithinContinuous7

===========================================================================================
----------------- testing Tue Jun 19 23:09:13 UTC 2018 /home/travis/build/icyphy/ptII/ptolemy/domains/continuous/test/auto/DCMotor.xml
----------------- Instantiating /home/travis/build/icyphy/ptII/ptolemy/domains/continuous/test/auto/DCMotor.xml
13242 ms. Memory: 734208K Free: 112666K (15%)
----------------- Invoking toplevel() on ptolemy.moml.MoMLSimpleApplication@1f5da0d7
----------------- Done invoking toplevel() on ptolemy.moml.MoMLSimpleApplication@1f5da0d7
reloadAllAccessors: .DCMotor

===========================================================================================
----------------- testing Tue Jun 19 23:09:26 UTC 2018 /home/travis/build/icyphy/ptII/ptolemy/domains/continuous/test/auto/DEInContinuous.xml
----------------- Instantiating /home/travis/build/icyphy/ptII/ptolemy/domains/continuous/test/auto/DEInContinuous.xml
18 ms. Memory: 734208K Free: 96607K (13%)
----------------- Invoking toplevel() on ptolemy.moml.MoMLSimpleApplication@13ce78df
----------------- Done invoking toplevel() on ptolemy.moml.MoMLSimpleApplication@13ce78df
reloadAllAccessors: .DEInContinuous

===========================================================================================
----------------- testing Tue Jun 19 23:09:26 UTC 2018 /home/travis/build/icyphy/ptII/ptolemy/domains/continuous/test/auto/DEinContinuous2.xml
----------------- Instantiating /home/travis/build/icyphy/ptII/ptolemy/domains/continuous/test/auto/DEinContinuous2.xml
6 ms. Memory: 734208K Free: 82390K (11%)
----------------- Invoking toplevel() on ptolemy.moml.MoMLSimpleApplication@2fdb9fed
----------------- Done invoking toplevel() on ptolemy.moml.MoMLSimpleApplication@2fdb9fed
reloadAllAccessors: .DEinContinuous2

===========================================================================================
----------------- testing Tue Jun 19 23:09:26 UTC 2018 /home/travis/build/icyphy/ptII/ptolemy/domains/continuous/test/auto/Derivative.xml
----------------- Instantiating /home/travis/build/icyphy/ptII/ptolemy/domains/continuous/test/auto/Derivative.xml
127 ms. Memory: 697344K Free: 652159K (94%)
----------------- Invoking toplevel() on ptolemy.moml.MoMLSimpleApplication@19173ad8
----------------- Done invoking toplevel() on ptolemy.moml.MoMLSimpleApplication@19173ad8
reloadAllAccessors: .Derivative2

===========================================================================================
----------------- testing Tue Jun 19 23:09:26 UTC 2018 /home/travis/build/icyphy/ptII/ptolemy/domains/continuous/test/auto/Derivative1.xml
----------------- Instantiating /home/travis/build/icyphy/ptII/ptolemy/domains/continuous/test/auto/Derivative1.xml
18 ms. Memory: 697344K Free: 632060K (91%)
----------------- Invoking toplevel() on ptolemy.moml.MoMLSimpleApplication@635e8d31
----------------- Done invoking toplevel() on ptolemy.moml.MoMLSimpleApplication@635e8d31
reloadAllAccessors: .Derivative1

===========================================================================================
----------------- testing Tue Jun 19 23:09:27 UTC 2018 /home/travis/build/icyphy/ptII/ptolemy/domains/continuous/test/auto/DiscreteClock.xml
----------------- Instantiating /home/travis/build/icyphy/ptII/ptolemy/domains/continuous/test/auto/DiscreteClock.xml
3 ms. Memory: 697344K Free: 618942K (89%)
----------------- Invoking toplevel() on ptolemy.moml.MoMLSimpleApplication@4a98edaf
----------------- Done invoking toplevel() on ptolemy.moml.MoMLSimpleApplication@4a98edaf
reloadAllAccessors: .DiscreteClock

===========================================================================================
----------------- testing Tue Jun 19 23:09:27 UTC 2018 /home/travis/build/icyphy/ptII/ptolemy/domains/continuous/test/auto/EfficiencyCurve.xml
----------------- Instantiating /home/travis/build/icyphy/ptII/ptolemy/domains/continuous/test/auto/EfficiencyCurve.xml
57 ms. Memory: 697344K Free: 605824K (87%)
----------------- Invoking toplevel() on ptolemy.moml.MoMLSimpleApplication@711748f
----------------- Done invoking toplevel() on ptolemy.moml.MoMLSimpleApplication@711748f
reloadAllAccessors: .EfficiencyCurve

===========================================================================================
----------------- testing Tue Jun 19 23:09:27 UTC 2018 /home/travis/build/icyphy/ptII/ptolemy/domains/continuous/test/auto/ExponentialResponse.xml
----------------- Instantiating /home/travis/build/icyphy/ptII/ptolemy/domains/continuous/test/auto/ExponentialResponse.xml
101 ms. Memory: 697344K Free: 580397K (83%)
----------------- Invoking toplevel() on ptolemy.moml.MoMLSimpleApplication@77d47632
----------------- Done invoking toplevel() on ptolemy.moml.MoMLSimpleApplication@77d47632
reloadAllAccessors: .ExponentialResponse

===========================================================================================
----------------- testing Tue Jun 19 23:09:27 UTC 2018 /home/travis/build/icyphy/ptII/ptolemy/domains/continuous/test/auto/ExponentialResponseRK45.xml
----------------- Instantiating /home/travis/build/icyphy/ptII/ptolemy/domains/continuous/test/auto/ExponentialResponseRK45.xml
28 ms. Memory: 697344K Free: 567279K (81%)
----------------- Invoking toplevel() on ptolemy.moml.MoMLSimpleApplication@3156d132
----------------- Done invoking toplevel() on ptolemy.moml.MoMLSimpleApplication@3156d132
reloadAllAccessors: .ExponentialResponseRK45

===========================================================================================
----------------- testing Tue Jun 19 23:09:27 UTC 2018 /home/travis/build/icyphy/ptII/ptolemy/domains/continuous/test/auto/Friction.xml
----------------- Instantiating /home/travis/build/icyphy/ptII/ptolemy/domains/continuous/test/auto/Friction.xml
1366 ms. Memory: 697344K Free: 122690K (18%)
----------------- Invoking toplevel() on ptolemy.moml.MoMLSimpleApplication@423e5727
----------------- Done invoking toplevel() on ptolemy.moml.MoMLSimpleApplication@423e5727
reloadAllAccessors: .Friction

===========================================================================================
----------------- testing Tue Jun 19 23:09:28 UTC 2018 /home/travis/build/icyphy/ptII/ptolemy/domains/continuous/test/auto/FurutaPendulum.xml
----------------- Instantiating /home/travis/build/icyphy/ptII/ptolemy/domains/continuous/test/auto/FurutaPendulum.xml
3170 ms. Memory: 674304K Free: 199879K (30%)
----------------- Invoking toplevel() on ptolemy.moml.MoMLSimpleApplication@3944bd9b
----------------- Done invoking toplevel() on ptolemy.moml.MoMLSimpleApplication@3944bd9b
reloadAllAccessors: .FurutaPendulum

===========================================================================================
----------------- testing Tue Jun 19 23:09:32 UTC 2018 /home/travis/build/icyphy/ptII/ptolemy/domains/continuous/test/auto/HierarchicalExecution.xml
----------------- Instantiating /home/travis/build/icyphy/ptII/ptolemy/domains/continuous/test/auto/HierarchicalExecution.xml
1603 ms. Memory: 646144K Free: 457767K (71%)
----------------- Invoking toplevel() on ptolemy.moml.MoMLSimpleApplication@123bb5b
----------------- Done invoking toplevel() on ptolemy.moml.MoMLSimpleApplication@123bb5b
reloadAllAccessors: .HierarchicalExecution

===========================================================================================
----------------- testing Tue Jun 19 23:09:33 UTC 2018 /home/travis/build/icyphy/ptII/ptolemy/domains/continuous/test/auto/HybridPlant.xml
----------------- Instantiating /home/travis/build/icyphy/ptII/ptolemy/domains/continuous/test/auto/HybridPlant.xml
447 ms. Memory: 646144K Free: 182435K (28%)
----------------- Invoking toplevel() on ptolemy.moml.MoMLSimpleApplication@20cd46f0
----------------- Done invoking toplevel() on ptolemy.moml.MoMLSimpleApplication@20cd46f0
reloadAllAccessors: .HybridPlant

===========================================================================================
----------------- testing Tue Jun 19 23:09:34 UTC 2018 /home/travis/build/icyphy/ptII/ptolemy/domains/continuous/test/auto/Hysteresis.xml
----------------- Instantiating /home/travis/build/icyphy/ptII/ptolemy/domains/continuous/test/auto/Hysteresis.xml
128 ms. Memory: 646144K Free: 117324K (18%)
----------------- Invoking toplevel() on ptolemy.moml.MoMLSimpleApplication@2e5de7b2
----------------- Done invoking toplevel() on ptolemy.moml.MoMLSimpleApplication@2e5de7b2
reloadAllAccessors: .Hysteresis

===========================================================================================
----------------- testing Tue Jun 19 23:09:34 UTC 2018 /home/travis/build/icyphy/ptII/ptolemy/domains/continuous/test/auto/HysteresisWithRandomDelay.xml
----------------- Instantiating /home/travis/build/icyphy/ptII/ptolemy/domains/continuous/test/auto/HysteresisWithRandomDelay.xml
176 ms. Memory: 614400K Free: 564636K (92%)
----------------- Invoking toplevel() on ptolemy.moml.MoMLSimpleApplication@366702ab
----------------- Done invoking toplevel() on ptolemy.moml.MoMLSimpleApplication@366702ab
reloadAllAccessors: .HysteresisWithRandomDelay

===========================================================================================
----------------- testing Tue Jun 19 23:09:34 UTC 2018 /home/travis/build/icyphy/ptII/ptolemy/domains/continuous/test/auto/HysteresisWithRandomLosses.xml
----------------- Instantiating /home/travis/build/icyphy/ptII/ptolemy/domains/continuous/test/auto/HysteresisWithRandomLosses.xml
2144 ms. Memory: 591360K Free: 306965K (52%)
----------------- Invoking toplevel() on ptolemy.moml.MoMLSimpleApplication@61ee75fb
----------------- Done invoking toplevel() on ptolemy.moml.MoMLSimpleApplication@61ee75fb
reloadAllAccessors: .HysteresisWithRandomLosses

===========================================================================================
----------------- testing Tue Jun 19 23:09:37 UTC 2018 /home/travis/build/icyphy/ptII/ptolemy/domains/continuous/test/auto/ImmediateTransitions.xml
----------------- Instantiating /home/travis/build/icyphy/ptII/ptolemy/domains/continuous/test/auto/ImmediateTransitions.xml
12 ms. Memory: 591360K Free: 291869K (49%)
----------------- Invoking toplevel() on ptolemy.moml.MoMLSimpleApplication@62f465b6
----------------- Done invoking toplevel() on ptolemy.moml.MoMLSimpleApplication@62f465b6
reloadAllAccessors: .ImmediateTransitions

===========================================================================================
----------------- testing Tue Jun 19 23:09:37 UTC 2018 /home/travis/build/icyphy/ptII/ptolemy/domains/continuous/test/auto/ImpulseFeedback.xml
----------------- Instantiating /home/travis/build/icyphy/ptII/ptolemy/domains/continuous/test/auto/ImpulseFeedback.xml
7 ms. Memory: 591360K Free: 283340K (48%)
----------------- Invoking toplevel() on ptolemy.moml.MoMLSimpleApplication@4c6204ac
----------------- Done invoking toplevel() on ptolemy.moml.MoMLSimpleApplication@4c6204ac
reloadAllAccessors: .ImpulseFeedback

===========================================================================================
----------------- testing Tue Jun 19 23:09:37 UTC 2018 /home/travis/build/icyphy/ptII/ptolemy/domains/continuous/test/auto/ImpulseFeedback2.xml
----------------- Instantiating /home/travis/build/icyphy/ptII/ptolemy/domains/continuous/test/auto/ImpulseFeedback2.xml
8 ms. Memory: 591360K Free: 274838K (46%)
----------------- Invoking toplevel() on ptolemy.moml.MoMLSimpleApplication@4c1d4990
----------------- Done invoking toplevel() on ptolemy.moml.MoMLSimpleApplication@4c1d4990
reloadAllAccessors: .ImpulseFeedback2

===========================================================================================
----------------- testing Tue Jun 19 23:09:37 UTC 2018 /home/travis/build/icyphy/ptII/ptolemy/domains/continuous/test/auto/IncreasingRatePoisson.xml
----------------- Instantiating /home/travis/build/icyphy/ptII/ptolemy/domains/continuous/test/auto/IncreasingRatePoisson.xml
656 ms. Memory: 565248K Free: 425321K (75%)
----------------- Invoking toplevel() on ptolemy.moml.MoMLSimpleApplication@72be8ea0
----------------- Done invoking toplevel() on ptolemy.moml.MoMLSimpleApplication@72be8ea0
reloadAllAccessors: .IncreasingRatePoisson

===========================================================================================
----------------- testing Tue Jun 19 23:09:37 UTC 2018 /home/travis/build/icyphy/ptII/ptolemy/domains/continuous/test/auto/InitialStateFeedback.xml
----------------- Instantiating /home/travis/build/icyphy/ptII/ptolemy/domains/continuous/test/auto/InitialStateFeedback.xml
5 ms. Memory: 565248K Free: 415848K (74%)
----------------- Invoking toplevel() on ptolemy.moml.MoMLSimpleApplication@429ced66
----------------- Done invoking toplevel() on ptolemy.moml.MoMLSimpleApplication@429ced66
reloadAllAccessors: .InitialStateFeedback

===========================================================================================
----------------- testing Tue Jun 19 23:09:37 UTC 2018 /home/travis/build/icyphy/ptII/ptolemy/domains/continuous/test/auto/Integration.xml
----------------- Instantiating /home/travis/build/icyphy/ptII/ptolemy/domains/continuous/test/auto/Integration.xml
5 ms. Memory: 565248K Free: 407772K (72%)
----------------- Invoking toplevel() on ptolemy.moml.MoMLSimpleApplication@5962f6d7
----------------- Done invoking toplevel() on ptolemy.moml.MoMLSimpleApplication@5962f6d7
reloadAllAccessors: .Integration

===========================================================================================
----------------- testing Tue Jun 19 23:09:37 UTC 2018 /home/travis/build/icyphy/ptII/ptolemy/domains/continuous/test/auto/Integration2.xml
----------------- Instantiating /home/travis/build/icyphy/ptII/ptolemy/domains/continuous/test/auto/Integration2.xml
73 ms. Memory: 565248K Free: 389902K (69%)
----------------- Invoking toplevel() on ptolemy.moml.MoMLSimpleApplication@12938610
----------------- Done invoking toplevel() on ptolemy.moml.MoMLSimpleApplication@12938610
reloadAllAccessors: .Integration2

===========================================================================================
----------------- testing Tue Jun 19 23:09:38 UTC 2018 /home/travis/build/icyphy/ptII/ptolemy/domains/continuous/test/auto/Integration3.xml
----------------- Instantiating /home/travis/build/icyphy/ptII/ptolemy/domains/continuous/test/auto/Integration3.xml
3 ms. Memory: 565248K Free: 381826K (68%)
----------------- Invoking toplevel() on ptolemy.moml.MoMLSimpleApplication@74a04ace
----------------- Done invoking toplevel() on ptolemy.moml.MoMLSimpleApplication@74a04ace
reloadAllAccessors: .Integration3

===========================================================================================
----------------- testing Tue Jun 19 23:09:38 UTC 2018 /home/travis/build/icyphy/ptII/ptolemy/domains/continuous/test/auto/Integration5.xml
----------------- Instantiating /home/travis/build/icyphy/ptII/ptolemy/domains/continuous/test/auto/Integration5.xml
2 ms. Memory: 565248K Free: 373756K (66%)
----------------- Invoking toplevel() on ptolemy.moml.MoMLSimpleApplication@3e2fd085
----------------- Done invoking toplevel() on ptolemy.moml.MoMLSimpleApplication@3e2fd085
reloadAllAccessors: .Integration5

===========================================================================================
----------------- testing Tue Jun 19 23:09:38 UTC 2018 /home/travis/build/icyphy/ptII/ptolemy/domains/continuous/test/auto/IntegratorImpulse.xml
----------------- Instantiating /home/travis/build/icyphy/ptII/ptolemy/domains/continuous/test/auto/IntegratorImpulse.xml
2 ms. Memory: 565248K Free: 365580K (65%)
----------------- Invoking toplevel() on ptolemy.moml.MoMLSimpleApplication@2ac2403d
----------------- Done invoking toplevel() on ptolemy.moml.MoMLSimpleApplication@2ac2403d
reloadAllAccessors: .IntegratorImpulse

===========================================================================================
----------------- testing Tue Jun 19 23:09:38 UTC 2018 /home/travis/build/icyphy/ptII/ptolemy/domains/continuous/test/auto/IntegratorImpulse2.xml
----------------- Instantiating /home/travis/build/icyphy/ptII/ptolemy/domains/continuous/test/auto/IntegratorImpulse2.xml
3 ms. Memory: 565248K Free: 357519K (63%)
----------------- Invoking toplevel() on ptolemy.moml.MoMLSimpleApplication@7d4202f5
----------------- Done invoking toplevel() on ptolemy.moml.MoMLSimpleApplication@7d4202f5
reloadAllAccessors: .IntegratorImpulse2

===========================================================================================
----------------- testing Tue Jun 19 23:09:38 UTC 2018 /home/travis/build/icyphy/ptII/ptolemy/domains/continuous/test/auto/LevelCrossing1.xml
----------------- Instantiating /home/travis/build/icyphy/ptII/ptolemy/domains/continuous/test/auto/LevelCrossing1.xml
2 ms. Memory: 565248K Free: 349326K (62%)
----------------- Invoking toplevel() on ptolemy.moml.MoMLSimpleApplication@59c03cfd
----------------- Done invoking toplevel() on ptolemy.moml.MoMLSimpleApplication@59c03cfd
reloadAllAccessors: .LevelCrossing1

===========================================================================================
----------------- testing Tue Jun 19 23:09:38 UTC 2018 /home/travis/build/icyphy/ptII/ptolemy/domains/continuous/test/auto/LevelCrossing2.xml
----------------- Instantiating /home/travis/build/icyphy/ptII/ptolemy/domains/continuous/test/auto/LevelCrossing2.xml
3 ms. Memory: 565248K Free: 341249K (60%)
----------------- Invoking toplevel() on ptolemy.moml.MoMLSimpleApplication@3d2e83ee
----------------- Done invoking toplevel() on ptolemy.moml.MoMLSimpleApplication@3d2e83ee
reloadAllAccessors: .LevelCrossing2

===========================================================================================
----------------- testing Tue Jun 19 23:09:38 UTC 2018 /home/travis/build/icyphy/ptII/ptolemy/domains/continuous/test/auto/LevelCrossing3.xml
----------------- Instantiating /home/travis/build/icyphy/ptII/ptolemy/domains/continuous/test/auto/LevelCrossing3.xml
3 ms. Memory: 565248K Free: 333056K (59%)
----------------- Invoking toplevel() on ptolemy.moml.MoMLSimpleApplication@2f29b216
----------------- Done invoking toplevel() on ptolemy.moml.MoMLSimpleApplication@2f29b216
reloadAllAccessors: .LevelCrossing3

===========================================================================================
----------------- testing Tue Jun 19 23:09:38 UTC 2018 /home/travis/build/icyphy/ptII/ptolemy/domains/continuous/test/auto/LevelCrossing4.xml
----------------- Instantiating /home/travis/build/icyphy/ptII/ptolemy/domains/continuous/test/auto/LevelCrossing4.xml
3 ms. Memory: 565248K Free: 324987K (57%)
----------------- Invoking toplevel() on ptolemy.moml.MoMLSimpleApplication@7875677b
----------------- Done invoking toplevel() on ptolemy.moml.MoMLSimpleApplication@7875677b
reloadAllAccessors: .LevelCrossing4

===========================================================================================
----------------- testing Tue Jun 19 23:09:38 UTC 2018 /home/travis/build/icyphy/ptII/ptolemy/domains/continuous/test/auto/LevelCrossing5.xml
----------------- Instantiating /home/travis/build/icyphy/ptII/ptolemy/domains/continuous/test/auto/LevelCrossing5.xml
5 ms. Memory: 565248K Free: 316795K (56%)
----------------- Invoking toplevel() on ptolemy.moml.MoMLSimpleApplication@3f98716c
----------------- Done invoking toplevel() on ptolemy.moml.MoMLSimpleApplication@3f98716c
reloadAllAccessors: .LevelCrossing5

===========================================================================================
----------------- testing Tue Jun 19 23:09:38 UTC 2018 /home/travis/build/icyphy/ptII/ptolemy/domains/continuous/test/auto/LevelCrossing6.xml
----------------- Instantiating /home/travis/build/icyphy/ptII/ptolemy/domains/continuous/test/auto/LevelCrossing6.xml
[...]
----------------- Instantiating /home/travis/build/icyphy/ptII/ptolemy/domains/continuous/test/auto/ResetTransitionWithStartTime6.xml
20 ms. Memory: 474624K Free: 400647K (84%)
----------------- Invoking toplevel() on ptolemy.moml.MoMLSimpleApplication@1926d753
----------------- Done invoking toplevel() on ptolemy.moml.MoMLSimpleApplication@1926d753
reloadAllAccessors: .ResetTransitionWithStartTime6

===========================================================================================
----------------- testing Tue Jun 19 23:09:54 UTC 2018 /home/travis/build/icyphy/ptII/ptolemy/domains/continuous/test/auto/SRinContinuous.xml
----------------- Instantiating /home/travis/build/icyphy/ptII/ptolemy/domains/continuous/test/auto/SRinContinuous.xml
6 ms. Memory: 474624K Free: 389862K (82%)
----------------- Invoking toplevel() on ptolemy.moml.MoMLSimpleApplication@2fed3f27
----------------- Done invoking toplevel() on ptolemy.moml.MoMLSimpleApplication@2fed3f27
reloadAllAccessors: .SRinContinuous

===========================================================================================
----------------- testing Tue Jun 19 23:09:54 UTC 2018 /home/travis/build/icyphy/ptII/ptolemy/domains/continuous/test/auto/SampledClocks.xml
----------------- Instantiating /home/travis/build/icyphy/ptII/ptolemy/domains/continuous/test/auto/SampledClocks.xml
8 ms. Memory: 474624K Free: 379085K (80%)
----------------- Invoking toplevel() on ptolemy.moml.MoMLSimpleApplication@5ce7f201
----------------- Done invoking toplevel() on ptolemy.moml.MoMLSimpleApplication@5ce7f201
reloadAllAccessors: .SampledClocks

===========================================================================================
----------------- testing Tue Jun 19 23:09:54 UTC 2018 /home/travis/build/icyphy/ptII/ptolemy/domains/continuous/test/auto/Satellite.xml
----------------- Instantiating /home/travis/build/icyphy/ptII/ptolemy/domains/continuous/test/auto/Satellite.xml
898 ms. Memory: 474624K Free: 189398K (40%)
----------------- Invoking toplevel() on ptolemy.moml.MoMLSimpleApplication@b30ed60
----------------- Done invoking toplevel() on ptolemy.moml.MoMLSimpleApplication@b30ed60
reloadAllAccessors: .Satellite

===========================================================================================
----------------- testing Tue Jun 19 23:09:55 UTC 2018 /home/travis/build/icyphy/ptII/ptolemy/domains/continuous/test/auto/SigmaDelta.xml
----------------- Instantiating /home/travis/build/icyphy/ptII/ptolemy/domains/continuous/test/auto/SigmaDelta.xml
2208 ms. Memory: 463360K Free: 190428K (41%)
----------------- Invoking toplevel() on ptolemy.moml.MoMLSimpleApplication@7b131b91
----------------- Done invoking toplevel() on ptolemy.moml.MoMLSimpleApplication@7b131b91
reloadAllAccessors: .SigmaDelta

===========================================================================================
----------------- testing Tue Jun 19 23:09:57 UTC 2018 /home/travis/build/icyphy/ptII/ptolemy/domains/continuous/test/auto/SinuBouncingBall.xml
----------------- Instantiating /home/travis/build/icyphy/ptII/ptolemy/domains/continuous/test/auto/SinuBouncingBall.xml
749 ms. Memory: 552448K Free: 421163K (76%)
----------------- Invoking toplevel() on ptolemy.moml.MoMLSimpleApplication@240f66fd
----------------- Done invoking toplevel() on ptolemy.moml.MoMLSimpleApplication@240f66fd
reloadAllAccessors: .SinuBouncingBall

===========================================================================================
----------------- testing Tue Jun 19 23:09:58 UTC 2018 /home/travis/build/icyphy/ptII/ptolemy/domains/continuous/test/auto/Sinusoid.xml
----------------- Instantiating /home/travis/build/icyphy/ptII/ptolemy/domains/continuous/test/auto/Sinusoid.xml
5 ms. Memory: 552448K Free: 412325K (75%)
----------------- Invoking toplevel() on ptolemy.moml.MoMLSimpleApplication@681db30e
----------------- Done invoking toplevel() on ptolemy.moml.MoMLSimpleApplication@681db30e
reloadAllAccessors: .Sinusoid

===========================================================================================
----------------- testing Tue Jun 19 23:09:58 UTC 2018 /home/travis/build/icyphy/ptII/ptolemy/domains/continuous/test/auto/SinusoidInNoise.xml
----------------- Instantiating /home/travis/build/icyphy/ptII/ptolemy/domains/continuous/test/auto/SinusoidInNoise.xml
893 ms. Memory: 552448K Free: 207894K (38%)
----------------- Invoking toplevel() on ptolemy.moml.MoMLSimpleApplication@1653d5c2
----------------- Done invoking toplevel() on ptolemy.moml.MoMLSimpleApplication@1653d5c2
reloadAllAccessors: .SinusoidInNoise

===========================================================================================
----------------- testing Tue Jun 19 23:09:59 UTC 2018 /home/travis/build/icyphy/ptII/ptolemy/domains/continuous/test/auto/SinusoidRK45.xml
----------------- Instantiating /home/travis/build/icyphy/ptII/ptolemy/domains/continuous/test/auto/SinusoidRK45.xml
2 ms. Memory: 552448K Free: 200757K (36%)
----------------- Invoking toplevel() on ptolemy.moml.MoMLSimpleApplication@457bd3f0
----------------- Done invoking toplevel() on ptolemy.moml.MoMLSimpleApplication@457bd3f0
reloadAllAccessors: .SinusoidRK45

===========================================================================================
----------------- testing Tue Jun 19 23:09:59 UTC 2018 /home/travis/build/icyphy/ptII/ptolemy/domains/continuous/test/auto/SinusoidWithMultipleImpulses.xml
----------------- Instantiating /home/travis/build/icyphy/ptII/ptolemy/domains/continuous/test/auto/SinusoidWithMultipleImpulses.xml
2 ms. Memory: 552448K Free: 190395K (34%)
----------------- Invoking toplevel() on ptolemy.moml.MoMLSimpleApplication@eee36a5
----------------- Done invoking toplevel() on ptolemy.moml.MoMLSimpleApplication@eee36a5
reloadAllAccessors: .SinusoidWithMultipleImpulses

===========================================================================================
----------------- testing Tue Jun 19 23:09:59 UTC 2018 /home/travis/build/icyphy/ptII/ptolemy/domains/continuous/test/auto/SquareWave.xml
----------------- Instantiating /home/travis/build/icyphy/ptII/ptolemy/domains/continuous/test/auto/SquareWave.xml
144 ms. Memory: 552448K Free: 161331K (29%)
----------------- Invoking toplevel() on ptolemy.moml.MoMLSimpleApplication@6307c99
----------------- Done invoking toplevel() on ptolemy.moml.MoMLSimpleApplication@6307c99
reloadAllAccessors: .SquareWave

===========================================================================================
----------------- testing Tue Jun 19 23:09:59 UTC 2018 /home/travis/build/icyphy/ptII/ptolemy/domains/continuous/test/auto/Starmac.xml
----------------- Instantiating /home/travis/build/icyphy/ptII/ptolemy/domains/continuous/test/auto/Starmac.xml
3040 ms. Memory: 532480K Free: 238407K (45%)
----------------- Invoking toplevel() on ptolemy.moml.MoMLSimpleApplication@13067272
----------------- Done invoking toplevel() on ptolemy.moml.MoMLSimpleApplication@13067272
reloadAllAccessors: .Starmac

===========================================================================================
----------------- testing Tue Jun 19 23:10:02 UTC 2018 /home/travis/build/icyphy/ptII/ptolemy/domains/continuous/test/auto/StaticUnits.xml
----------------- Instantiating /home/travis/build/icyphy/ptII/ptolemy/domains/continuous/test/auto/StaticUnits.xml
2242 ms. Memory: 514048K Free: 195954K (38%)
----------------- Invoking toplevel() on ptolemy.moml.MoMLSimpleApplication@4f9c1249
----------------- Done invoking toplevel() on ptolemy.moml.MoMLSimpleApplication@4f9c1249
reloadAllAccessors: .StaticUnits

===========================================================================================
----------------- testing Tue Jun 19 23:10:05 UTC 2018 /home/travis/build/icyphy/ptII/ptolemy/domains/continuous/test/auto/StickyMasses.xml
----------------- Instantiating /home/travis/build/icyphy/ptII/ptolemy/domains/continuous/test/auto/StickyMasses.xml
128 ms. Memory: 514048K Free: 137198K (27%)
----------------- Invoking toplevel() on ptolemy.moml.MoMLSimpleApplication@5d3177d0
----------------- Done invoking toplevel() on ptolemy.moml.MoMLSimpleApplication@5d3177d0
reloadAllAccessors: .StickyMasses

===========================================================================================
----------------- testing Tue Jun 19 23:10:05 UTC 2018 /home/travis/build/icyphy/ptII/ptolemy/domains/continuous/test/auto/StopTime.xml
----------------- Instantiating /home/travis/build/icyphy/ptII/ptolemy/domains/continuous/test/auto/StopTime.xml
36 ms. Memory: 514048K Free: 108450K (21%)
----------------- Invoking toplevel() on ptolemy.moml.MoMLSimpleApplication@7b0baaa3
----------------- Done invoking toplevel() on ptolemy.moml.MoMLSimpleApplication@7b0baaa3
reloadAllAccessors: .StopTime

===========================================================================================
----------------- testing Tue Jun 19 23:10:05 UTC 2018 /home/travis/build/icyphy/ptII/ptolemy/domains/continuous/test/auto/StopTime2.xml
----------------- Instantiating /home/travis/build/icyphy/ptII/ptolemy/domains/continuous/test/auto/StopTime2.xml
30 ms. Memory: 514048K Free: 83979K (16%)
----------------- Invoking toplevel() on ptolemy.moml.MoMLSimpleApplication@2606ba29
----------------- Done invoking toplevel() on ptolemy.moml.MoMLSimpleApplication@2606ba29
reloadAllAccessors: .StopTime2

===========================================================================================
----------------- testing Tue Jun 19 23:10:05 UTC 2018 /home/travis/build/icyphy/ptII/ptolemy/domains/continuous/test/auto/Switch.xml
----------------- Instantiating /home/travis/build/icyphy/ptII/ptolemy/domains/continuous/test/auto/Switch.xml
38 ms. Memory: 514048K Free: 55338K (11%)
----------------- Invoking toplevel() on ptolemy.moml.MoMLSimpleApplication@1773a7be
----------------- Done invoking toplevel() on ptolemy.moml.MoMLSimpleApplication@1773a7be
reloadAllAccessors: .Switch

===========================================================================================
----------------- testing Tue Jun 19 23:10:05 UTC 2018 /home/travis/build/icyphy/ptII/ptolemy/domains/continuous/test/auto/Thermostat.xml
----------------- Instantiating /home/travis/build/icyphy/ptII/ptolemy/domains/continuous/test/auto/Thermostat.xml
185 ms. Memory: 488960K Free: 380285K (78%)
----------------- Invoking toplevel() on ptolemy.moml.MoMLSimpleApplication@31bda2b7
----------------- Done invoking toplevel() on ptolemy.moml.MoMLSimpleApplication@31bda2b7
reloadAllAccessors: .Thermostat

===========================================================================================
----------------- testing Tue Jun 19 23:10:06 UTC 2018 /home/travis/build/icyphy/ptII/ptolemy/domains/continuous/test/auto/TimeDelay.xml
----------------- Instantiating /home/travis/build/icyphy/ptII/ptolemy/domains/continuous/test/auto/TimeDelay.xml
5 ms. Memory: 488960K Free: 370064K (76%)
----------------- Invoking toplevel() on ptolemy.moml.MoMLSimpleApplication@5380969d
----------------- Done invoking toplevel() on ptolemy.moml.MoMLSimpleApplication@5380969d
reloadAllAccessors: .TimeDelay

===========================================================================================
----------------- testing Tue Jun 19 23:10:06 UTC 2018 /home/travis/build/icyphy/ptII/ptolemy/domains/continuous/test/auto/TimeDelay2.xml
----------------- Instantiating /home/travis/build/icyphy/ptII/ptolemy/domains/continuous/test/auto/TimeDelay2.xml
7 ms. Memory: 488960K Free: 361038K (74%)
----------------- Invoking toplevel() on ptolemy.moml.MoMLSimpleApplication@20422037
----------------- Done invoking toplevel() on ptolemy.moml.MoMLSimpleApplication@20422037
reloadAllAccessors: .TimeDelay2

===========================================================================================
----------------- testing Tue Jun 19 23:10:06 UTC 2018 /home/travis/build/icyphy/ptII/ptolemy/domains/continuous/test/auto/TimeDelay3.xml
----------------- Instantiating /home/travis/build/icyphy/ptII/ptolemy/domains/continuous/test/auto/TimeDelay3.xml
2 ms. Memory: 488960K Free: 352021K (72%)
----------------- Invoking toplevel() on ptolemy.moml.MoMLSimpleApplication@3c94ec07
----------------- Done invoking toplevel() on ptolemy.moml.MoMLSimpleApplication@3c94ec07
reloadAllAccessors: .TimeDelay3

===========================================================================================
----------------- testing Tue Jun 19 23:10:06 UTC 2018 /home/travis/build/icyphy/ptII/ptolemy/domains/continuous/test/auto/TransferAbsentToInside.xml
----------------- Instantiating /home/travis/build/icyphy/ptII/ptolemy/domains/continuous/test/auto/TransferAbsentToInside.xml
26 ms. Memory: 488960K Free: 293943K (60%)
----------------- Invoking toplevel() on ptolemy.moml.MoMLSimpleApplication@192cb5d7
----------------- Done invoking toplevel() on ptolemy.moml.MoMLSimpleApplication@192cb5d7
reloadAllAccessors: .TransferAbsentToInside

===========================================================================================
----------------- testing Tue Jun 19 23:10:06 UTC 2018 /home/travis/build/icyphy/ptII/ptolemy/domains/continuous/test/auto/Transmission.xml
----------------- Instantiating /home/travis/build/icyphy/ptII/ptolemy/domains/continuous/test/auto/Transmission.xml
656 ms. Memory: 488960K Free: 53382K (11%)
----------------- Invoking toplevel() on ptolemy.moml.MoMLSimpleApplication@68870255
----------------- Done invoking toplevel() on ptolemy.moml.MoMLSimpleApplication@68870255
reloadAllAccessors: .Transmission

===========================================================================================
----------------- testing Tue Jun 19 23:10:06 UTC 2018 /home/travis/build/icyphy/ptII/ptolemy/domains/continuous/test/auto/TriggeredContinuousClock.xml
----------------- Instantiating /home/travis/build/icyphy/ptII/ptolemy/domains/continuous/test/auto/TriggeredContinuousClock.xml
31 ms. Memory: 488960K Free: 17097K (3%)
----------------- Invoking toplevel() on ptolemy.moml.MoMLSimpleApplication@582efe1
----------------- Done invoking toplevel() on ptolemy.moml.MoMLSimpleApplication@582efe1
reloadAllAccessors: .TriggeredContinuousClock

===========================================================================================
----------------- testing Tue Jun 19 23:10:07 UTC 2018 /home/travis/build/icyphy/ptII/ptolemy/domains/continuous/test/auto/TwoMachineInfiniteBusControl.xml
----------------- Instantiating /home/travis/build/icyphy/ptII/ptolemy/domains/continuous/test/auto/TwoMachineInfiniteBusControl.xml
2917 ms. Memory: 460288K Free: 179201K (39%)
----------------- Invoking toplevel() on ptolemy.moml.MoMLSimpleApplication@707eceec
----------------- Done invoking toplevel() on ptolemy.moml.MoMLSimpleApplication@707eceec
reloadAllAccessors: .TwoMachineInfiniteBusControl

===========================================================================================
----------------- testing Tue Jun 19 23:10:10 UTC 2018 /home/travis/build/icyphy/ptII/ptolemy/domains/continuous/test/auto/V2V.xml
----------------- Instantiating /home/travis/build/icyphy/ptII/ptolemy/domains/continuous/test/auto/V2V.xml
660 ms. Memory: 435712K Free: 325532K (75%)
----------------- Invoking toplevel() on ptolemy.moml.MoMLSimpleApplication@6882c322
----------------- Done invoking toplevel() on ptolemy.moml.MoMLSimpleApplication@6882c322
reloadAllAccessors: .V2V

===========================================================================================
----------------- testing Tue Jun 19 23:10:10 UTC 2018 /home/travis/build/icyphy/ptII/ptolemy/domains/continuous/test/auto/hierarchicalModalModel.xml
----------------- Instantiating /home/travis/build/icyphy/ptII/ptolemy/domains/continuous/test/auto/hierarchicalModalModel.xml
9 ms. Memory: 435712K Free: 307117K (70%)
----------------- Invoking toplevel() on ptolemy.moml.MoMLSimpleApplication@1ad466c5
----------------- Done invoking toplevel() on ptolemy.moml.MoMLSimpleApplication@1ad466c5
reloadAllAccessors: .hierarchicalModalModel

===========================================================================================
----------------- testing Tue Jun 19 23:10:10 UTC 2018 /home/travis/build/icyphy/ptII/ptolemy/domains/continuous/test/auto/hierarchicalModalModel1.xml
----------------- Instantiating /home/travis/build/icyphy/ptII/ptolemy/domains/continuous/test/auto/hierarchicalModalModel1.xml
12 ms. Memory: 435712K Free: 290234K (67%)
----------------- Invoking toplevel() on ptolemy.moml.MoMLSimpleApplication@65b29a34
----------------- Done invoking toplevel() on ptolemy.moml.MoMLSimpleApplication@65b29a34
reloadAllAccessors: .hierarchicalModalModel1

===========================================================================================
----------------- testing Tue Jun 19 23:10:10 UTC 2018 /home/travis/build/icyphy/ptII/ptolemy/domains/continuous/test/auto/hierarchicalModalModel2.xml
----------------- Instantiating /home/travis/build/icyphy/ptII/ptolemy/domains/continuous/test/auto/hierarchicalModalModel2.xml
6 ms. Memory: 435712K Free: 275105K (63%)
----------------- Invoking toplevel() on ptolemy.moml.MoMLSimpleApplication@3cdedc15
----------------- Done invoking toplevel() on ptolemy.moml.MoMLSimpleApplication@3cdedc15
reloadAllAccessors: .hierarchicalModalModel2

===========================================================================================
----------------- testing Tue Jun 19 23:10:10 UTC 2018 /home/travis/build/icyphy/ptII/ptolemy/domains/continuous/test/auto/hierarchicalModalModel3.xml
----------------- Instantiating /home/travis/build/icyphy/ptII/ptolemy/domains/continuous/test/auto/hierarchicalModalModel3.xml
6 ms. Memory: 435712K Free: 261816K (60%)
----------------- Invoking toplevel() on ptolemy.moml.MoMLSimpleApplication@4aa77b0f
----------------- Done invoking toplevel() on ptolemy.moml.MoMLSimpleApplication@4aa77b0f
reloadAllAccessors: .hierarchicalModalModel3

===========================================================================================
----------------- testing Tue Jun 19 23:10:10 UTC 2018 /home/travis/build/icyphy/ptII/ptolemy/domains/continuous/test/auto/hierarchicalModalModel4.xml
----------------- Instantiating /home/travis/build/icyphy/ptII/ptolemy/domains/continuous/test/auto/hierarchicalModalModel4.xml
5 ms. Memory: 435712K Free: 246724K (57%)
----------------- Invoking toplevel() on ptolemy.moml.MoMLSimpleApplication@6c6f518f
----------------- Done invoking toplevel() on ptolemy.moml.MoMLSimpleApplication@6c6f518f
reloadAllAccessors: .hierarchicalModalModel4

===========================================================================================
----------------- testing Tue Jun 19 23:10:10 UTC 2018 /home/travis/build/icyphy/ptII/ptolemy/domains/continuous/test/auto/junk.xml
----------------- Instantiating /home/travis/build/icyphy/ptII/ptolemy/domains/continuous/test/auto/junk.xml
119 ms. Memory: 435712K Free: 213921K (49%)
----------------- Invoking toplevel() on ptolemy.moml.MoMLSimpleApplication@799902bb
----------------- Done invoking toplevel() on ptolemy.moml.MoMLSimpleApplication@799902bb
reloadAllAccessors: .junk
AutoTests.java: About to close Vertx.
AutoTests.java: Vertx closed.
]]></system-out>
  <system-err><![CDATA[Warning: '.HysteresisWithRandomDelay.NonStrictTest' The test produced only 221 tokens, yet the correctValues parameter was expecting 222 tokens.
Warning: '.HysteresisWithRandomDelay.NonStrictTest2' The test produced only 220 tokens, yet the correctValues parameter was expecting 221 tokens.
Warning: '.HysteresisWithRandomDelay.NonStrictTest3' The test produced only 25 tokens, yet the correctValues parameter was expecting 30 tokens.
Warning: '.Poisson.NonStrictTest' The test produced only 411 tokens, yet the correctValues parameter was expecting 430 tokens.
]]></system-err>
</testsuite>
