<?xml version="1.0" encoding="UTF-8" ?>
<testsuite errors="0" failures="0" hostname="travis-job-3ad2919c-cdac-40c4-b0f3-be709e9486d4" name="ptolemy.domains.continuous.test.junit.JUnitTclTest" skipped="0" tests="156" time="68.805" timestamp="2020-01-28T06:47:40">
  <properties>
[...]
</properties>
  <testcase classname="ptolemy.util.test.junit.TclTests" name="[0] ThereAreNoTclTests (RunTclFile)" time="0.008" />
  <testcase classname="ptolemy.util.test.junit.AutoKnownFailedTests" name="[0] ThereAreNoKnowFailedTests (RunModel)" time="0.002" />
  <testcase classname="ptolemy.util.test.junit.AutoNameArchTests" name="[0] ThereAreNoAutoArchTests (RunModel)" time="0.009" />
  <testcase classname="ptolemy.util.test.junit.AutoTests" name="[0] /home/travis/build/icyphy/ptII/ptolemy/domains/continuous/test/auto/BouncingBall.xml (RunModel)" time="2.989" />
  <testcase classname="ptolemy.util.test.junit.AutoTests" name="[1] /home/travis/build/icyphy/ptII/ptolemy/domains/continuous/test/auto/BouncingBallWithoutGR.xml (RunModel)" time="0.769" />
  <testcase classname="ptolemy.util.test.junit.AutoTests" name="[2] /home/travis/build/icyphy/ptII/ptolemy/domains/continuous/test/auto/Brownian.xml (RunModel)" time="0.065" />
  <testcase classname="ptolemy.util.test.junit.AutoTests" name="[3] /home/travis/build/icyphy/ptII/ptolemy/domains/continuous/test/auto/CarTracking.xml (RunModel)" time="4.049" />
  <testcase classname="ptolemy.util.test.junit.AutoTests" name="[4] /home/travis/build/icyphy/ptII/ptolemy/domains/continuous/test/auto/CartPendulum.xml (RunModel)" time="0.455" />
  <testcase classname="ptolemy.util.test.junit.AutoTests" name="[5] /home/travis/build/icyphy/ptII/ptolemy/domains/continuous/test/auto/CausalityInterface10.xml (RunModel)" time="0.037" />
  <testcase classname="ptolemy.util.test.junit.AutoTests" name="[6] /home/travis/build/icyphy/ptII/ptolemy/domains/continuous/test/auto/CausalityInterface11.xml (RunModel)" time="0.023" />
  <testcase classname="ptolemy.util.test.junit.AutoTests" name="[7] /home/travis/build/icyphy/ptII/ptolemy/domains/continuous/test/auto/CausalityInterface12.xml (RunModel)" time="0.024" />
  <testcase classname="ptolemy.util.test.junit.AutoTests" name="[8] /home/travis/build/icyphy/ptII/ptolemy/domains/continuous/test/auto/CausalityInterface13.xml (RunModel)" time="0.034" />
  <testcase classname="ptolemy.util.test.junit.AutoTests" name="[9] /home/travis/build/icyphy/ptII/ptolemy/domains/continuous/test/auto/CausalityInterface14.xml (RunModel)" time="0.024" />
  <testcase classname="ptolemy.util.test.junit.AutoTests" name="[10] /home/travis/build/icyphy/ptII/ptolemy/domains/continuous/test/auto/CausalityInterface4.xml (RunModel)" time="0.034" />
  <testcase classname="ptolemy.util.test.junit.AutoTests" name="[11] /home/travis/build/icyphy/ptII/ptolemy/domains/continuous/test/auto/CausalityInterface5.xml (RunModel)" time="0.045" />
  <testcase classname="ptolemy.util.test.junit.AutoTests" name="[12] /home/travis/build/icyphy/ptII/ptolemy/domains/continuous/test/auto/CausalityInterface6.xml (RunModel)" time="0.018" />
  <testcase classname="ptolemy.util.test.junit.AutoTests" name="[13] /home/travis/build/icyphy/ptII/ptolemy/domains/continuous/test/auto/CausalityInterface7.xml (RunModel)" time="0.034" />
  <testcase classname="ptolemy.util.test.junit.AutoTests" name="[14] /home/travis/build/icyphy/ptII/ptolemy/domains/continuous/test/auto/CausalityInterface8.xml (RunModel)" time="0.042" />
  <testcase classname="ptolemy.util.test.junit.AutoTests" name="[15] /home/travis/build/icyphy/ptII/ptolemy/domains/continuous/test/auto/CausalityInterface9.xml (RunModel)" time="0.049" />
  <testcase classname="ptolemy.util.test.junit.AutoTests" name="[16] /home/travis/build/icyphy/ptII/ptolemy/domains/continuous/test/auto/CausalityInterfaceFeedback1.xml (RunModel)" time="0.034" />
  <testcase classname="ptolemy.util.test.junit.AutoTests" name="[17] /home/travis/build/icyphy/ptII/ptolemy/domains/continuous/test/auto/CausalityInterfaceFeedback2.xml (RunModel)" time="0.025" />
  <testcase classname="ptolemy.util.test.junit.AutoTests" name="[18] /home/travis/build/icyphy/ptII/ptolemy/domains/continuous/test/auto/CompareWithCurrentTime.xml (RunModel)" time="0.016" />
  <testcase classname="ptolemy.util.test.junit.AutoTests" name="[19] /home/travis/build/icyphy/ptII/ptolemy/domains/continuous/test/auto/ComparedClocks.xml (RunModel)" time="0.086" />
  <testcase classname="ptolemy.util.test.junit.AutoTests" name="[20] /home/travis/build/icyphy/ptII/ptolemy/domains/continuous/test/auto/ContinuousAOCClone.xml (RunModel)" time="2.598" />
  <testcase classname="ptolemy.util.test.junit.AutoTests" name="[21] /home/travis/build/icyphy/ptII/ptolemy/domains/continuous/test/auto/ContinuousClock.xml (RunModel)" time="0.107" />
  <testcase classname="ptolemy.util.test.junit.AutoTests" name="[22] /home/travis/build/icyphy/ptII/ptolemy/domains/continuous/test/auto/ContinuousInContinuous.xml (RunModel)" time="0.08" />
  <testcase classname="ptolemy.util.test.junit.AutoTests" name="[23] /home/travis/build/icyphy/ptII/ptolemy/domains/continuous/test/auto/ContinuousInContinuousInContinuous.xml (RunModel)" time="0.027" />
  <testcase classname="ptolemy.util.test.junit.AutoTests" name="[24] /home/travis/build/icyphy/ptII/ptolemy/domains/continuous/test/auto/ContinuousInDE.xml (RunModel)" time="0.108" />
  <testcase classname="ptolemy.util.test.junit.AutoTests" name="[25] /home/travis/build/icyphy/ptII/ptolemy/domains/continuous/test/auto/ContinuousInDE2.xml (RunModel)" time="0.045" />
  <testcase classname="ptolemy.util.test.junit.AutoTests" name="[26] /home/travis/build/icyphy/ptII/ptolemy/domains/continuous/test/auto/ContinuousInDE3.xml (RunModel)" time="0.052" />
  <testcase classname="ptolemy.util.test.junit.AutoTests" name="[27] /home/travis/build/icyphy/ptII/ptolemy/domains/continuous/test/auto/ContinuousInDE4.xml (RunModel)" time="0.039" />
  <testcase classname="ptolemy.util.test.junit.AutoTests" name="[28] /home/travis/build/icyphy/ptII/ptolemy/domains/continuous/test/auto/ContinuousInDEDifferentRefinements.xml (RunModel)" time="0.096" />
  <testcase classname="ptolemy.util.test.junit.AutoTests" name="[29] /home/travis/build/icyphy/ptII/ptolemy/domains/continuous/test/auto/ContinuousInDEDifferentRefinementsPreemptive.xml (RunModel)" time="0.099" />
  <testcase classname="ptolemy.util.test.junit.AutoTests" name="[30] /home/travis/build/icyphy/ptII/ptolemy/domains/continuous/test/auto/ContinuousInDEInContinuous2.xml (RunModel)" time="0.055" />
  <testcase classname="ptolemy.util.test.junit.AutoTests" name="[31] /home/travis/build/icyphy/ptII/ptolemy/domains/continuous/test/auto/ContinuousInDEInContinuous3.xml (RunModel)" time="0.054" />
  <testcase classname="ptolemy.util.test.junit.AutoTests" name="[32] /home/travis/build/icyphy/ptII/ptolemy/domains/continuous/test/auto/ContinuousInDEInput.xml (RunModel)" time="0.035" />
  <testcase classname="ptolemy.util.test.junit.AutoTests" name="[33] /home/travis/build/icyphy/ptII/ptolemy/domains/continuous/test/auto/ContinuousInDEInput2.xml (RunModel)" time="0.032" />
  <testcase classname="ptolemy.util.test.junit.AutoTests" name="[34] /home/travis/build/icyphy/ptII/ptolemy/domains/continuous/test/auto/ContinuousInDEInput3.xml (RunModel)" time="0.027" />
  <testcase classname="ptolemy.util.test.junit.AutoTests" name="[35] /home/travis/build/icyphy/ptII/ptolemy/domains/continuous/test/auto/ContinuousInDESharingRefinement.xml (RunModel)" time="0.153" />
  <testcase classname="ptolemy.util.test.junit.AutoTests" name="[36] /home/travis/build/icyphy/ptII/ptolemy/domains/continuous/test/auto/ContinuousInDEwithNoPorts.xml (RunModel)" time="0.016" />
  <testcase classname="ptolemy.util.test.junit.AutoTests" name="[37] /home/travis/build/icyphy/ptII/ptolemy/domains/continuous/test/auto/ContinuousInsideDE.xml (RunModel)" time="0.082" />
  <testcase classname="ptolemy.util.test.junit.AutoTests" name="[38] /home/travis/build/icyphy/ptII/ptolemy/domains/continuous/test/auto/ContinuousMerge1.xml (RunModel)" time="0.014" />
  <testcase classname="ptolemy.util.test.junit.AutoTests" name="[39] /home/travis/build/icyphy/ptII/ptolemy/domains/continuous/test/auto/ContinuousMerge2.xml (RunModel)" time="0.042" />
  <testcase classname="ptolemy.util.test.junit.AutoTests" name="[40] /home/travis/build/icyphy/ptII/ptolemy/domains/continuous/test/auto/ContinuousMerge3.xml (RunModel)" time="0.053" />
  <testcase classname="ptolemy.util.test.junit.AutoTests" name="[41] /home/travis/build/icyphy/ptII/ptolemy/domains/continuous/test/auto/ContinuousWithinContinuous.xml (RunModel)" time="0.041" />
  <testcase classname="ptolemy.util.test.junit.AutoTests" name="[42] /home/travis/build/icyphy/ptII/ptolemy/domains/continuous/test/auto/ContinuousWithinContinuous2.xml (RunModel)" time="0.054" />
  <testcase classname="ptolemy.util.test.junit.AutoTests" name="[43] /home/travis/build/icyphy/ptII/ptolemy/domains/continuous/test/auto/ContinuousWithinContinuous3.xml (RunModel)" time="0.021" />
  <testcase classname="ptolemy.util.test.junit.AutoTests" name="[44] /home/travis/build/icyphy/ptII/ptolemy/domains/continuous/test/auto/ContinuousWithinContinuous4.xml (RunModel)" time="0.057" />
  <testcase classname="ptolemy.util.test.junit.AutoTests" name="[45] /home/travis/build/icyphy/ptII/ptolemy/domains/continuous/test/auto/ContinuousWithinContinuous5.xml (RunModel)" time="0.024" />
  <testcase classname="ptolemy.util.test.junit.AutoTests" name="[46] /home/travis/build/icyphy/ptII/ptolemy/domains/continuous/test/auto/ContinuousWithinContinuous6.xml (RunModel)" time="0.023" />
  <testcase classname="ptolemy.util.test.junit.AutoTests" name="[47] /home/travis/build/icyphy/ptII/ptolemy/domains/continuous/test/auto/ContinuousWithinContinuous7.xml (RunModel)" time="0.051" />
  <testcase classname="ptolemy.util.test.junit.AutoTests" name="[48] /home/travis/build/icyphy/ptII/ptolemy/domains/continuous/test/auto/DCMotor.xml (RunModel)" time="11.841" />
  <testcase classname="ptolemy.util.test.junit.AutoTests" name="[49] /home/travis/build/icyphy/ptII/ptolemy/domains/continuous/test/auto/DEInContinuous.xml (RunModel)" time="0.028" />
  <testcase classname="ptolemy.util.test.junit.AutoTests" name="[50] /home/travis/build/icyphy/ptII/ptolemy/domains/continuous/test/auto/DEinContinuous2.xml (RunModel)" time="0.021" />
  <testcase classname="ptolemy.util.test.junit.AutoTests" name="[51] /home/travis/build/icyphy/ptII/ptolemy/domains/continuous/test/auto/Derivative.xml (RunModel)" time="0.155" />
  <testcase classname="ptolemy.util.test.junit.AutoTests" name="[52] /home/travis/build/icyphy/ptII/ptolemy/domains/continuous/test/auto/Derivative1.xml (RunModel)" time="0.038" />
  <testcase classname="ptolemy.util.test.junit.AutoTests" name="[53] /home/travis/build/icyphy/ptII/ptolemy/domains/continuous/test/auto/DiscreteClock.xml (RunModel)" time="0.012" />
  <testcase classname="ptolemy.util.test.junit.AutoTests" name="[54] /home/travis/build/icyphy/ptII/ptolemy/domains/continuous/test/auto/EfficiencyCurve.xml (RunModel)" time="0.122" />
  <testcase classname="ptolemy.util.test.junit.AutoTests" name="[55] /home/travis/build/icyphy/ptII/ptolemy/domains/continuous/test/auto/ExponentialResponse.xml (RunModel)" time="0.127" />
  <testcase classname="ptolemy.util.test.junit.AutoTests" name="[56] /home/travis/build/icyphy/ptII/ptolemy/domains/continuous/test/auto/ExponentialResponseRK45.xml (RunModel)" time="0.038" />
  <testcase classname="ptolemy.util.test.junit.AutoTests" name="[57] /home/travis/build/icyphy/ptII/ptolemy/domains/continuous/test/auto/Friction.xml (RunModel)" time="1.494" />
  <testcase classname="ptolemy.util.test.junit.AutoTests" name="[58] /home/travis/build/icyphy/ptII/ptolemy/domains/continuous/test/auto/FurutaPendulum.xml (RunModel)" time="3.211" />
  <testcase classname="ptolemy.util.test.junit.AutoTests" name="[59] /home/travis/build/icyphy/ptII/ptolemy/domains/continuous/test/auto/HierarchicalExecution.xml (RunModel)" time="1.924" />
  <testcase classname="ptolemy.util.test.junit.AutoTests" name="[60] /home/travis/build/icyphy/ptII/ptolemy/domains/continuous/test/auto/HybridPlant.xml (RunModel)" time="0.56" />
  <testcase classname="ptolemy.util.test.junit.AutoTests" name="[61] /home/travis/build/icyphy/ptII/ptolemy/domains/continuous/test/auto/Hysteresis.xml (RunModel)" time="0.208" />
  <testcase classname="ptolemy.util.test.junit.AutoTests" name="[62] /home/travis/build/icyphy/ptII/ptolemy/domains/continuous/test/auto/HysteresisWithRandomDelay.xml (RunModel)" time="0.22" />
  <testcase classname="ptolemy.util.test.junit.AutoTests" name="[63] /home/travis/build/icyphy/ptII/ptolemy/domains/continuous/test/auto/HysteresisWithRandomLosses.xml (RunModel)" time="2.381" />
  <testcase classname="ptolemy.util.test.junit.AutoTests" name="[64] /home/travis/build/icyphy/ptII/ptolemy/domains/continuous/test/auto/ImmediateTransitions.xml (RunModel)" time="0.035" />
  <testcase classname="ptolemy.util.test.junit.AutoTests" name="[65] /home/travis/build/icyphy/ptII/ptolemy/domains/continuous/test/auto/ImpulseFeedback.xml (RunModel)" time="0.026" />
  <testcase classname="ptolemy.util.test.junit.AutoTests" name="[66] /home/travis/build/icyphy/ptII/ptolemy/domains/continuous/test/auto/ImpulseFeedback2.xml (RunModel)" time="0.022" />
  <testcase classname="ptolemy.util.test.junit.AutoTests" name="[67] /home/travis/build/icyphy/ptII/ptolemy/domains/continuous/test/auto/IncreasingRatePoisson.xml (RunModel)" time="0.727" />
  <testcase classname="ptolemy.util.test.junit.AutoTests" name="[68] /home/travis/build/icyphy/ptII/ptolemy/domains/continuous/test/auto/InitialStateFeedback.xml (RunModel)" time="0.019" />
  <testcase classname="ptolemy.util.test.junit.AutoTests" name="[69] /home/travis/build/icyphy/ptII/ptolemy/domains/continuous/test/auto/Integration.xml (RunModel)" time="0.007" />
  <testcase classname="ptolemy.util.test.junit.AutoTests" name="[70] /home/travis/build/icyphy/ptII/ptolemy/domains/continuous/test/auto/Integration2.xml (RunModel)" time="0.09" />
  <testcase classname="ptolemy.util.test.junit.AutoTests" name="[71] /home/travis/build/icyphy/ptII/ptolemy/domains/continuous/test/auto/Integration3.xml (RunModel)" time="0.019" />
  <testcase classname="ptolemy.util.test.junit.AutoTests" name="[72] /home/travis/build/icyphy/ptII/ptolemy/domains/continuous/test/auto/Integration5.xml (RunModel)" time="0.009" />
  <testcase classname="ptolemy.util.test.junit.AutoTests" name="[73] /home/travis/build/icyphy/ptII/ptolemy/domains/continuous/test/auto/IntegratorImpulse.xml (RunModel)" time="0.008" />
  <testcase classname="ptolemy.util.test.junit.AutoTests" name="[74] /home/travis/build/icyphy/ptII/ptolemy/domains/continuous/test/auto/IntegratorImpulse2.xml (RunModel)" time="0.009" />
  <testcase classname="ptolemy.util.test.junit.AutoTests" name="[75] /home/travis/build/icyphy/ptII/ptolemy/domains/continuous/test/auto/LevelCrossing1.xml (RunModel)" time="0.01" />
  <testcase classname="ptolemy.util.test.junit.AutoTests" name="[76] /home/travis/build/icyphy/ptII/ptolemy/domains/continuous/test/auto/LevelCrossing2.xml (RunModel)" time="0.015" />
  <testcase classname="ptolemy.util.test.junit.AutoTests" name="[77] /home/travis/build/icyphy/ptII/ptolemy/domains/continuous/test/auto/LevelCrossing3.xml (RunModel)" time="0.01" />
  <testcase classname="ptolemy.util.test.junit.AutoTests" name="[78] /home/travis/build/icyphy/ptII/ptolemy/domains/continuous/test/auto/LevelCrossing4.xml (RunModel)" time="0.017" />
  <testcase classname="ptolemy.util.test.junit.AutoTests" name="[79] /home/travis/build/icyphy/ptII/ptolemy/domains/continuous/test/auto/LevelCrossing5.xml (RunModel)" time="0.014" />
  <testcase classname="ptolemy.util.test.junit.AutoTests" name="[80] /home/travis/build/icyphy/ptII/ptolemy/domains/continuous/test/auto/LevelCrossing6.xml (RunModel)" time="0.011" />
  <testcase classname="ptolemy.util.test.junit.AutoTests" name="[81] /home/travis/build/icyphy/ptII/ptolemy/domains/continuous/test/auto/LevelCrossingDetector.xml (RunModel)" time="0.033" />
  <testcase classname="ptolemy.util.test.junit.AutoTests" name="[82] /home/travis/build/icyphy/ptII/ptolemy/domains/continuous/test/auto/LevelCrossingDetectorDetectingDirections.xml (RunModel)" time="0.082" />
  <testcase classname="ptolemy.util.test.junit.AutoTests" name="[83] /home/travis/build/icyphy/ptII/ptolemy/domains/continuous/test/auto/LevelCrossingDetectorDetectsGlitches.xml (RunModel)" time="0.061" />
  <testcase classname="ptolemy.util.test.junit.AutoTests" name="[84] /home/travis/build/icyphy/ptII/ptolemy/domains/continuous/test/auto/LevelCrossingNoInitialOuput.xml (RunModel)" time="0.012" />
  <testcase classname="ptolemy.util.test.junit.AutoTests" name="[85] /home/travis/build/icyphy/ptII/ptolemy/domains/continuous/test/auto/LinearStateSpaceExample.xml (RunModel)" time="0.057" />
  <testcase classname="ptolemy.util.test.junit.AutoTests" name="[86] /home/travis/build/icyphy/ptII/ptolemy/domains/continuous/test/auto/Lorenz.xml (RunModel)" time="3.855" />
  <testcase classname="ptolemy.util.test.junit.AutoTests" name="[87] /home/travis/build/icyphy/ptII/ptolemy/domains/continuous/test/auto/LorenzDifferentialSystem.xml (RunModel)" time="1.076" />
  <testcase classname="ptolemy.util.test.junit.AutoTests" name="[88] /home/travis/build/icyphy/ptII/ptolemy/domains/continuous/test/auto/LorenzDifferentialSystemWithInput.xml (RunModel)" time="1.323" />
  <testcase classname="ptolemy.util.test.junit.AutoTests" name="[89] /home/travis/build/icyphy/ptII/ptolemy/domains/continuous/test/auto/LorenzDifferentialSystemWithTime.xml (RunModel)" time="0.71" />
  <testcase classname="ptolemy.util.test.junit.AutoTests" name="[90] /home/travis/build/icyphy/ptII/ptolemy/domains/continuous/test/auto/Microsteps.xml (RunModel)" time="0.032" />
  <testcase classname="ptolemy.util.test.junit.AutoTests" name="[91] /home/travis/build/icyphy/ptII/ptolemy/domains/continuous/test/auto/Modal1.xml (RunModel)" time="0.065" />
  <testcase classname="ptolemy.util.test.junit.AutoTests" name="[92] /home/travis/build/icyphy/ptII/ptolemy/domains/continuous/test/auto/Modal2.xml (RunModel)" time="0.077" />
  <testcase classname="ptolemy.util.test.junit.AutoTests" name="[93] /home/travis/build/icyphy/ptII/ptolemy/domains/continuous/test/auto/ModalTransitionGuardWithReset.xml (RunModel)" time="0.06" />
  <testcase classname="ptolemy.util.test.junit.AutoTests" name="[94] /home/travis/build/icyphy/ptII/ptolemy/domains/continuous/test/auto/ModalTransitionGuardWithResetUsingPreemptiveTransition.xml (RunModel)" time="0.047" />
  <testcase classname="ptolemy.util.test.junit.AutoTests" name="[95] /home/travis/build/icyphy/ptII/ptolemy/domains/continuous/test/auto/ModalTransitionGuardWithResetUsingPreemptiveTransition2.xml (RunModel)" time="0.02" />
  <testcase classname="ptolemy.util.test.junit.AutoTests" name="[96] /home/travis/build/icyphy/ptII/ptolemy/domains/continuous/test/auto/ModalTransitionGuardWithResetUsingPreemptiveTransition3.xml (RunModel)" time="0.02" />
  <testcase classname="ptolemy.util.test.junit.AutoTests" name="[97] /home/travis/build/icyphy/ptII/ptolemy/domains/continuous/test/auto/NewtonsCradle.xml (RunModel)" time="0.738" />
  <testcase classname="ptolemy.util.test.junit.AutoTests" name="[98] /home/travis/build/icyphy/ptII/ptolemy/domains/continuous/test/auto/NewtonsCradleAnimated.xml (RunModel)" time="1.224" />
  <testcase classname="ptolemy.util.test.junit.AutoTests" name="[99] /home/travis/build/icyphy/ptII/ptolemy/domains/continuous/test/auto/NewtonsCradleComplicated.xml (RunModel)" time="0.864" />
  <testcase classname="ptolemy.util.test.junit.AutoTests" name="[100] /home/travis/build/icyphy/ptII/ptolemy/domains/continuous/test/auto/NewtonsCradleNondeterministic.xml (RunModel)" time="0.622" />
  <testcase classname="ptolemy.util.test.junit.AutoTests" name="[101] /home/travis/build/icyphy/ptII/ptolemy/domains/continuous/test/auto/NewtonsCradlePerfectlyInelastic1.xml (RunModel)" time="1.11" />
  <testcase classname="ptolemy.util.test.junit.AutoTests" name="[102] /home/travis/build/icyphy/ptII/ptolemy/domains/continuous/test/auto/Noise.xml (RunModel)" time="0.159" />
  <testcase classname="ptolemy.util.test.junit.AutoTests" name="[103] /home/travis/build/icyphy/ptII/ptolemy/domains/continuous/test/auto/NoiseSpectrum.xml (RunModel)" time="0.641" />
  <testcase classname="ptolemy.util.test.junit.AutoTests" name="[104] /home/travis/build/icyphy/ptII/ptolemy/domains/continuous/test/auto/ParameterizedNewtonsCradleAnimated.xml (RunModel)" time="0.35" />
  <testcase classname="ptolemy.util.test.junit.AutoTests" name="[105] /home/travis/build/icyphy/ptII/ptolemy/domains/continuous/test/auto/ParameterizedNewtonsCradleAnimatedNondeterministic.xml (RunModel)" time="1.058" />
  <testcase classname="ptolemy.util.test.junit.AutoTests" name="[106] /home/travis/build/icyphy/ptII/ptolemy/domains/continuous/test/auto/Pendulum3D.xml (RunModel)" time="0.162" />
  <testcase classname="ptolemy.util.test.junit.AutoTests" name="[107] /home/travis/build/icyphy/ptII/ptolemy/domains/continuous/test/auto/PeriodicSampler.xml (RunModel)" time="0.008" />
  <testcase classname="ptolemy.util.test.junit.AutoTests" name="[108] /home/travis/build/icyphy/ptII/ptolemy/domains/continuous/test/auto/PeriodicSampler1.xml (RunModel)" time="0.043" />
  <testcase classname="ptolemy.util.test.junit.AutoTests" name="[109] /home/travis/build/icyphy/ptII/ptolemy/domains/continuous/test/auto/PeriodicSampler2.xml (RunModel)" time="0.077" />
  <testcase classname="ptolemy.util.test.junit.AutoTests" name="[110] /home/travis/build/icyphy/ptII/ptolemy/domains/continuous/test/auto/Poisson.xml (RunModel)" time="0.412" />
  <testcase classname="ptolemy.util.test.junit.AutoTests" name="[111] /home/travis/build/icyphy/ptII/ptolemy/domains/continuous/test/auto/PoissonClock.xml (RunModel)" time="0.014" />
  <testcase classname="ptolemy.util.test.junit.AutoTests" name="[112] /home/travis/build/icyphy/ptII/ptolemy/domains/continuous/test/auto/PoissonClock2.xml (RunModel)" time="0.01" />
  <testcase classname="ptolemy.util.test.junit.AutoTests" name="[113] /home/travis/build/icyphy/ptII/ptolemy/domains/continuous/test/auto/PortParameterHierarchy.xml (RunModel)" time="0.019" />
  <testcase classname="ptolemy.util.test.junit.AutoTests" name="[114] /home/travis/build/icyphy/ptII/ptolemy/domains/continuous/test/auto/RandomHybridPlant.xml (RunModel)" time="0.51" />
  <testcase classname="ptolemy.util.test.junit.AutoTests" name="[115] /home/travis/build/icyphy/ptII/ptolemy/domains/continuous/test/auto/ResetTransitionWithStartTime1.xml (RunModel)" time="0.028" />
  <testcase classname="ptolemy.util.test.junit.AutoTests" name="[116] /home/travis/build/icyphy/ptII/ptolemy/domains/continuous/test/auto/ResetTransitionWithStartTime2.xml (RunModel)" time="0.03" />
  <testcase classname="ptolemy.util.test.junit.AutoTests" name="[117] /home/travis/build/icyphy/ptII/ptolemy/domains/continuous/test/auto/ResetTransitionWithStartTime3.xml (RunModel)" time="0.029" />
  <testcase classname="ptolemy.util.test.junit.AutoTests" name="[118] /home/travis/build/icyphy/ptII/ptolemy/domains/continuous/test/auto/ResetTransitionWithStartTime4.xml (RunModel)" time="0.022" />
  <testcase classname="ptolemy.util.test.junit.AutoTests" name="[119] /home/travis/build/icyphy/ptII/ptolemy/domains/continuous/test/auto/ResetTransitionWithStartTime5.xml (RunModel)" time="0.033" />
  <testcase classname="ptolemy.util.test.junit.AutoTests" name="[120] /home/travis/build/icyphy/ptII/ptolemy/domains/continuous/test/auto/ResetTransitionWithStartTime6.xml (RunModel)" time="0.021" />
  <testcase classname="ptolemy.util.test.junit.AutoTests" name="[121] /home/travis/build/icyphy/ptII/ptolemy/domains/continuous/test/auto/SRinContinuous.xml (RunModel)" time="0.022" />
  <testcase classname="ptolemy.util.test.junit.AutoTests" name="[122] /home/travis/build/icyphy/ptII/ptolemy/domains/continuous/test/auto/SampledClocks.xml (RunModel)" time="0.03" />
  <testcase classname="ptolemy.util.test.junit.AutoTests" name="[123] /home/travis/build/icyphy/ptII/ptolemy/domains/continuous/test/auto/Satellite.xml (RunModel)" time="0.702" />
  <testcase classname="ptolemy.util.test.junit.AutoTests" name="[124] /home/travis/build/icyphy/ptII/ptolemy/domains/continuous/test/auto/SigmaDelta.xml (RunModel)" time="2.103" />
  <testcase classname="ptolemy.util.test.junit.AutoTests" name="[125] /home/travis/build/icyphy/ptII/ptolemy/domains/continuous/test/auto/SingleRefinement.xml (RunModel)" time="0.437" />
  <testcase classname="ptolemy.util.test.junit.AutoTests" name="[126] /home/travis/build/icyphy/ptII/ptolemy/domains/continuous/test/auto/SinuBouncingBall.xml (RunModel)" time="0.784" />
  <testcase classname="ptolemy.util.test.junit.AutoTests" name="[127] /home/travis/build/icyphy/ptII/ptolemy/domains/continuous/test/auto/Sinusoid.xml (RunModel)" time="0.011" />
  <testcase classname="ptolemy.util.test.junit.AutoTests" name="[128] /home/travis/build/icyphy/ptII/ptolemy/domains/continuous/test/auto/SinusoidInNoise.xml (RunModel)" time="0.776" />
  <testcase classname="ptolemy.util.test.junit.AutoTests" name="[129] /home/travis/build/icyphy/ptII/ptolemy/domains/continuous/test/auto/SinusoidRK45.xml (RunModel)" time="0.01" />
  <testcase classname="ptolemy.util.test.junit.AutoTests" name="[130] /home/travis/build/icyphy/ptII/ptolemy/domains/continuous/test/auto/SinusoidWithMultipleImpulses.xml (RunModel)" time="0.011" />
  <testcase classname="ptolemy.util.test.junit.AutoTests" name="[131] /home/travis/build/icyphy/ptII/ptolemy/domains/continuous/test/auto/SquareWave.xml (RunModel)" time="0.165" />
  <testcase classname="ptolemy.util.test.junit.AutoTests" name="[132] /home/travis/build/icyphy/ptII/ptolemy/domains/continuous/test/auto/Starmac.xml (RunModel)" time="3.34" />
  <testcase classname="ptolemy.util.test.junit.AutoTests" name="[133] /home/travis/build/icyphy/ptII/ptolemy/domains/continuous/test/auto/StaticUnits.xml (RunModel)" time="2.323" />
  <testcase classname="ptolemy.util.test.junit.AutoTests" name="[134] /home/travis/build/icyphy/ptII/ptolemy/domains/continuous/test/auto/StickyMasses.xml (RunModel)" time="0.188" />
  <testcase classname="ptolemy.util.test.junit.AutoTests" name="[135] /home/travis/build/icyphy/ptII/ptolemy/domains/continuous/test/auto/StopTime.xml (RunModel)" time="0.059" />
  <testcase classname="ptolemy.util.test.junit.AutoTests" name="[136] /home/travis/build/icyphy/ptII/ptolemy/domains/continuous/test/auto/StopTime2.xml (RunModel)" time="0.051" />
  <testcase classname="ptolemy.util.test.junit.AutoTests" name="[137] /home/travis/build/icyphy/ptII/ptolemy/domains/continuous/test/auto/Switch.xml (RunModel)" time="0.075" />
  <testcase classname="ptolemy.util.test.junit.AutoTests" name="[138] /home/travis/build/icyphy/ptII/ptolemy/domains/continuous/test/auto/Thermostat.xml (RunModel)" time="0.2" />
  <testcase classname="ptolemy.util.test.junit.AutoTests" name="[139] /home/travis/build/icyphy/ptII/ptolemy/domains/continuous/test/auto/TimeDelay.xml (RunModel)" time="0.012" />
  <testcase classname="ptolemy.util.test.junit.AutoTests" name="[140] /home/travis/build/icyphy/ptII/ptolemy/domains/continuous/test/auto/TimeDelay2.xml (RunModel)" time="0.023" />
  <testcase classname="ptolemy.util.test.junit.AutoTests" name="[141] /home/travis/build/icyphy/ptII/ptolemy/domains/continuous/test/auto/TimeDelay3.xml (RunModel)" time="0.009" />
  <testcase classname="ptolemy.util.test.junit.AutoTests" name="[142] /home/travis/build/icyphy/ptII/ptolemy/domains/continuous/test/auto/TransferAbsentToInside.xml (RunModel)" time="0.093" />
  <testcase classname="ptolemy.util.test.junit.AutoTests" name="[143] /home/travis/build/icyphy/ptII/ptolemy/domains/continuous/test/auto/Transmission.xml (RunModel)" time="0.78" />
  <testcase classname="ptolemy.util.test.junit.AutoTests" name="[144] /home/travis/build/icyphy/ptII/ptolemy/domains/continuous/test/auto/TriggeredContinuousClock.xml (RunModel)" time="0.054" />
  <testcase classname="ptolemy.util.test.junit.AutoTests" name="[145] /home/travis/build/icyphy/ptII/ptolemy/domains/continuous/test/auto/TwoMachineInfiniteBusControl.xml (RunModel)" time="2.639" />
  <testcase classname="ptolemy.util.test.junit.AutoTests" name="[146] /home/travis/build/icyphy/ptII/ptolemy/domains/continuous/test/auto/V2V.xml (RunModel)" time="0.695" />
  <testcase classname="ptolemy.util.test.junit.AutoTests" name="[147] /home/travis/build/icyphy/ptII/ptolemy/domains/continuous/test/auto/hierarchicalModalModel.xml (RunModel)" time="0.033" />
  <testcase classname="ptolemy.util.test.junit.AutoTests" name="[148] /home/travis/build/icyphy/ptII/ptolemy/domains/continuous/test/auto/hierarchicalModalModel1.xml (RunModel)" time="0.031" />
  <testcase classname="ptolemy.util.test.junit.AutoTests" name="[149] /home/travis/build/icyphy/ptII/ptolemy/domains/continuous/test/auto/hierarchicalModalModel2.xml (RunModel)" time="0.028" />
  <testcase classname="ptolemy.util.test.junit.AutoTests" name="[150] /home/travis/build/icyphy/ptII/ptolemy/domains/continuous/test/auto/hierarchicalModalModel3.xml (RunModel)" time="0.02" />
  <testcase classname="ptolemy.util.test.junit.AutoTests" name="[151] /home/travis/build/icyphy/ptII/ptolemy/domains/continuous/test/auto/hierarchicalModalModel4.xml (RunModel)" time="0.024" />
  <testcase classname="ptolemy.util.test.junit.AutoTests" name="[152] /home/travis/build/icyphy/ptII/ptolemy/domains/continuous/test/auto/junk.xml (RunModel)" time="0.122" />
  <system-out><![CDATA[No tcl tests in /home/travis/build/icyphy/ptII/ptolemy/domains/continuous/test
No auto/knownFailedTests/*.xml tests in /home/travis/build/icyphy/ptII/ptolemy/domains/continuous/test
No auto/linux-amd64/*.xml tests in /home/travis/build/icyphy/ptII/ptolemy/domains/continuous/test
AutoTests.java: About to close Vertx.
AutoTests.java: Vertx closed.

===========================================================================================
----------------- testing Tue Jan 28 06:47:41 UTC 2020 /home/travis/build/icyphy/ptII/ptolemy/domains/continuous/test/auto/BouncingBall.xml
----------------- Instantiating /home/travis/build/icyphy/ptII/ptolemy/domains/continuous/test/auto/BouncingBall.xml
2354 ms. Memory: 155648K Free: 54587K (35%)
----------------- Invoking toplevel() on ptolemy.moml.MoMLSimpleApplication@def6e1a
----------------- Done invoking toplevel() on ptolemy.moml.MoMLSimpleApplication@def6e1a
reloadAllAccessors: .BouncingBall

===========================================================================================
----------------- testing Tue Jan 28 06:47:44 UTC 2020 /home/travis/build/icyphy/ptII/ptolemy/domains/continuous/test/auto/BouncingBallWithoutGR.xml
----------------- Instantiating /home/travis/build/icyphy/ptII/ptolemy/domains/continuous/test/auto/BouncingBallWithoutGR.xml
638 ms. Memory: 155648K Free: 59201K (38%)
----------------- Invoking toplevel() on ptolemy.moml.MoMLSimpleApplication@41c60863
----------------- Done invoking toplevel() on ptolemy.moml.MoMLSimpleApplication@41c60863
reloadAllAccessors: .BouncingBallWithoutGR

===========================================================================================
----------------- testing Tue Jan 28 06:47:44 UTC 2020 /home/travis/build/icyphy/ptII/ptolemy/domains/continuous/test/auto/Brownian.xml
----------------- Instantiating /home/travis/build/icyphy/ptII/ptolemy/domains/continuous/test/auto/Brownian.xml
29 ms. Memory: 155648K Free: 50495K (32%)
----------------- Invoking toplevel() on ptolemy.moml.MoMLSimpleApplication@b7ce3cd
----------------- Done invoking toplevel() on ptolemy.moml.MoMLSimpleApplication@b7ce3cd
reloadAllAccessors: .Brownian

===========================================================================================
----------------- testing Tue Jan 28 06:47:45 UTC 2020 /home/travis/build/icyphy/ptII/ptolemy/domains/continuous/test/auto/CarTracking.xml
----------------- Instantiating /home/travis/build/icyphy/ptII/ptolemy/domains/continuous/test/auto/CarTracking.xml
3483 ms. Memory: 229376K Free: 105368K (46%)
----------------- Invoking toplevel() on ptolemy.moml.MoMLSimpleApplication@6f2bf3d0
----------------- Done invoking toplevel() on ptolemy.moml.MoMLSimpleApplication@6f2bf3d0
reloadAllAccessors: .CarTracking

===========================================================================================
----------------- testing Tue Jan 28 06:47:49 UTC 2020 /home/travis/build/icyphy/ptII/ptolemy/domains/continuous/test/auto/CartPendulum.xml
----------------- Instantiating /home/travis/build/icyphy/ptII/ptolemy/domains/continuous/test/auto/CartPendulum.xml
317 ms. Memory: 229376K Free: 151401K (66%)
----------------- Invoking toplevel() on ptolemy.moml.MoMLSimpleApplication@135cca3f
----------------- Done invoking toplevel() on ptolemy.moml.MoMLSimpleApplication@135cca3f
reloadAllAccessors: .CartPendulum

===========================================================================================
----------------- testing Tue Jan 28 06:47:49 UTC 2020 /home/travis/build/icyphy/ptII/ptolemy/domains/continuous/test/auto/CausalityInterface10.xml
----------------- Instantiating /home/travis/build/icyphy/ptII/ptolemy/domains/continuous/test/auto/CausalityInterface10.xml
8 ms. Memory: 229376K Free: 140418K (61%)
----------------- Invoking toplevel() on ptolemy.moml.MoMLSimpleApplication@23f2adb6
----------------- Done invoking toplevel() on ptolemy.moml.MoMLSimpleApplication@23f2adb6
reloadAllAccessors: .CausalityInterface10

===========================================================================================
----------------- testing Tue Jan 28 06:47:49 UTC 2020 /home/travis/build/icyphy/ptII/ptolemy/domains/continuous/test/auto/CausalityInterface11.xml
----------------- Instantiating /home/travis/build/icyphy/ptII/ptolemy/domains/continuous/test/auto/CausalityInterface11.xml
8 ms. Memory: 229376K Free: 134274K (59%)
----------------- Invoking toplevel() on ptolemy.moml.MoMLSimpleApplication@625820ad
----------------- Done invoking toplevel() on ptolemy.moml.MoMLSimpleApplication@625820ad
reloadAllAccessors: .CausalityInterface11

===========================================================================================
----------------- testing Tue Jan 28 06:47:49 UTC 2020 /home/travis/build/icyphy/ptII/ptolemy/domains/continuous/test/auto/CausalityInterface12.xml
----------------- Instantiating /home/travis/build/icyphy/ptII/ptolemy/domains/continuous/test/auto/CausalityInterface12.xml
4 ms. Memory: 229376K Free: 128130K (56%)
----------------- Invoking toplevel() on ptolemy.moml.MoMLSimpleApplication@34113414
----------------- Done invoking toplevel() on ptolemy.moml.MoMLSimpleApplication@34113414
reloadAllAccessors: .CausalityInterface12

===========================================================================================
----------------- testing Tue Jan 28 06:47:49 UTC 2020 /home/travis/build/icyphy/ptII/ptolemy/domains/continuous/test/auto/CausalityInterface13.xml
----------------- Instantiating /home/travis/build/icyphy/ptII/ptolemy/domains/continuous/test/auto/CausalityInterface13.xml
7 ms. Memory: 229376K Free: 122496K (53%)
----------------- Invoking toplevel() on ptolemy.moml.MoMLSimpleApplication@1cd2186
----------------- Done invoking toplevel() on ptolemy.moml.MoMLSimpleApplication@1cd2186
reloadAllAccessors: .CausalityInterface13

===========================================================================================
----------------- testing Tue Jan 28 06:47:49 UTC 2020 /home/travis/build/icyphy/ptII/ptolemy/domains/continuous/test/auto/CausalityInterface14.xml
----------------- Instantiating /home/travis/build/icyphy/ptII/ptolemy/domains/continuous/test/auto/CausalityInterface14.xml
4 ms. Memory: 229376K Free: 116866K (51%)
----------------- Invoking toplevel() on ptolemy.moml.MoMLSimpleApplication@4de8eb5c
----------------- Done invoking toplevel() on ptolemy.moml.MoMLSimpleApplication@4de8eb5c
reloadAllAccessors: .CausalityInterface14

===========================================================================================
----------------- testing Tue Jan 28 06:47:49 UTC 2020 /home/travis/build/icyphy/ptII/ptolemy/domains/continuous/test/auto/CausalityInterface4.xml
----------------- Instantiating /home/travis/build/icyphy/ptII/ptolemy/domains/continuous/test/auto/CausalityInterface4.xml
6 ms. Memory: 229376K Free: 110208K (48%)
----------------- Invoking toplevel() on ptolemy.moml.MoMLSimpleApplication@3fc17b22
----------------- Done invoking toplevel() on ptolemy.moml.MoMLSimpleApplication@3fc17b22
reloadAllAccessors: .CausalityInterface4

===========================================================================================
----------------- testing Tue Jan 28 06:47:49 UTC 2020 /home/travis/build/icyphy/ptII/ptolemy/domains/continuous/test/auto/CausalityInterface5.xml
----------------- Instantiating /home/travis/build/icyphy/ptII/ptolemy/domains/continuous/test/auto/CausalityInterface5.xml
7 ms. Memory: 229376K Free: 102016K (44%)
----------------- Invoking toplevel() on ptolemy.moml.MoMLSimpleApplication@3e0934af
----------------- Done invoking toplevel() on ptolemy.moml.MoMLSimpleApplication@3e0934af
reloadAllAccessors: .CausalityInterface5

===========================================================================================
----------------- testing Tue Jan 28 06:47:49 UTC 2020 /home/travis/build/icyphy/ptII/ptolemy/domains/continuous/test/auto/CausalityInterface6.xml
----------------- Instantiating /home/travis/build/icyphy/ptII/ptolemy/domains/continuous/test/auto/CausalityInterface6.xml
5 ms. Memory: 229376K Free: 96386K (42%)
----------------- Invoking toplevel() on ptolemy.moml.MoMLSimpleApplication@5bf160c8
----------------- Done invoking toplevel() on ptolemy.moml.MoMLSimpleApplication@5bf160c8
reloadAllAccessors: .CausalityInterface6

===========================================================================================
----------------- testing Tue Jan 28 06:47:49 UTC 2020 /home/travis/build/icyphy/ptII/ptolemy/domains/continuous/test/auto/CausalityInterface7.xml
----------------- Instantiating /home/travis/build/icyphy/ptII/ptolemy/domains/continuous/test/auto/CausalityInterface7.xml
9 ms. Memory: 229376K Free: 87680K (38%)
----------------- Invoking toplevel() on ptolemy.moml.MoMLSimpleApplication@3d8b8a03
----------------- Done invoking toplevel() on ptolemy.moml.MoMLSimpleApplication@3d8b8a03
reloadAllAccessors: .CausalityInterface7

===========================================================================================
----------------- testing Tue Jan 28 06:47:49 UTC 2020 /home/travis/build/icyphy/ptII/ptolemy/domains/continuous/test/auto/CausalityInterface8.xml
----------------- Instantiating /home/travis/build/icyphy/ptII/ptolemy/domains/continuous/test/auto/CausalityInterface8.xml
11 ms. Memory: 229376K Free: 214418K (93%)
----------------- Invoking toplevel() on ptolemy.moml.MoMLSimpleApplication@649f53c9
----------------- Done invoking toplevel() on ptolemy.moml.MoMLSimpleApplication@649f53c9
reloadAllAccessors: .CausalityInterface8

===========================================================================================
----------------- testing Tue Jan 28 06:47:49 UTC 2020 /home/travis/build/icyphy/ptII/ptolemy/domains/continuous/test/auto/CausalityInterface9.xml
----------------- Instantiating /home/travis/build/icyphy/ptII/ptolemy/domains/continuous/test/auto/CausalityInterface9.xml
10 ms. Memory: 229376K Free: 202911K (88%)
----------------- Invoking toplevel() on ptolemy.moml.MoMLSimpleApplication@605d3ff7
----------------- Done invoking toplevel() on ptolemy.moml.MoMLSimpleApplication@605d3ff7
reloadAllAccessors: .CausalityInterface9

===========================================================================================
----------------- testing Tue Jan 28 06:47:49 UTC 2020 /home/travis/build/icyphy/ptII/ptolemy/domains/continuous/test/auto/CausalityInterfaceFeedback1.xml
----------------- Instantiating /home/travis/build/icyphy/ptII/ptolemy/domains/continuous/test/auto/CausalityInterfaceFeedback1.xml
5 ms. Memory: 229376K Free: 196257K (86%)
----------------- Invoking toplevel() on ptolemy.moml.MoMLSimpleApplication@4a1b24d5
----------------- Done invoking toplevel() on ptolemy.moml.MoMLSimpleApplication@4a1b24d5
reloadAllAccessors: .CausalityInterfaceFeedback1

===========================================================================================
----------------- testing Tue Jan 28 06:47:49 UTC 2020 /home/travis/build/icyphy/ptII/ptolemy/domains/continuous/test/auto/CausalityInterfaceFeedback2.xml
----------------- Instantiating /home/travis/build/icyphy/ptII/ptolemy/domains/continuous/test/auto/CausalityInterfaceFeedback2.xml
5 ms. Memory: 229376K Free: 190113K (83%)
----------------- Invoking toplevel() on ptolemy.moml.MoMLSimpleApplication@61ef34b6
----------------- Done invoking toplevel() on ptolemy.moml.MoMLSimpleApplication@61ef34b6
reloadAllAccessors: .CausalityInterfaceFeedback2

===========================================================================================
----------------- testing Tue Jan 28 06:47:50 UTC 2020 /home/travis/build/icyphy/ptII/ptolemy/domains/continuous/test/auto/CompareWithCurrentTime.xml
----------------- Instantiating /home/travis/build/icyphy/ptII/ptolemy/domains/continuous/test/auto/CompareWithCurrentTime.xml
5 ms. Memory: 229376K Free: 186017K (81%)
----------------- Invoking toplevel() on ptolemy.moml.MoMLSimpleApplication@27ec7e6c
----------------- Done invoking toplevel() on ptolemy.moml.MoMLSimpleApplication@27ec7e6c
reloadAllAccessors: .CompareWithCurrentTime

===========================================================================================
----------------- testing Tue Jan 28 06:47:50 UTC 2020 /home/travis/build/icyphy/ptII/ptolemy/domains/continuous/test/auto/ComparedClocks.xml
----------------- Instantiating /home/travis/build/icyphy/ptII/ptolemy/domains/continuous/test/auto/ComparedClocks.xml
8 ms. Memory: 229376K Free: 170657K (74%)
----------------- Invoking toplevel() on ptolemy.moml.MoMLSimpleApplication@5a3c3910
----------------- Done invoking toplevel() on ptolemy.moml.MoMLSimpleApplication@5a3c3910
reloadAllAccessors: .ComparedClocks

===========================================================================================
----------------- testing Tue Jan 28 06:47:50 UTC 2020 /home/travis/build/icyphy/ptII/ptolemy/domains/continuous/test/auto/ContinuousAOCClone.xml
----------------- Instantiating /home/travis/build/icyphy/ptII/ptolemy/domains/continuous/test/auto/ContinuousAOCClone.xml
2409 ms. Memory: 275456K Free: 231240K (84%)
----------------- Invoking toplevel() on ptolemy.moml.MoMLSimpleApplication@75af8c73
----------------- Done invoking toplevel() on ptolemy.moml.MoMLSimpleApplication@75af8c73
reloadAllAccessors: .ContinuousAOCClone

===========================================================================================
----------------- testing Tue Jan 28 06:47:52 UTC 2020 /home/travis/build/icyphy/ptII/ptolemy/domains/continuous/test/auto/ContinuousClock.xml
----------------- Instantiating /home/travis/build/icyphy/ptII/ptolemy/domains/continuous/test/auto/ContinuousClock.xml
35 ms. Memory: 275456K Free: 209207K (76%)
----------------- Invoking toplevel() on ptolemy.moml.MoMLSimpleApplication@8ea709a
----------------- Done invoking toplevel() on ptolemy.moml.MoMLSimpleApplication@8ea709a
reloadAllAccessors: .ContinuousClock

===========================================================================================
----------------- testing Tue Jan 28 06:47:52 UTC 2020 /home/travis/build/icyphy/ptII/ptolemy/domains/continuous/test/auto/ContinuousInContinuous.xml
----------------- Instantiating /home/travis/build/icyphy/ptII/ptolemy/domains/continuous/test/auto/ContinuousInContinuous.xml
43 ms. Memory: 275456K Free: 185670K (67%)
----------------- Invoking toplevel() on ptolemy.moml.MoMLSimpleApplication@14af5d6b
----------------- Done invoking toplevel() on ptolemy.moml.MoMLSimpleApplication@14af5d6b
reloadAllAccessors: .ContinuousInContinuous

===========================================================================================
----------------- testing Tue Jan 28 06:47:52 UTC 2020 /home/travis/build/icyphy/ptII/ptolemy/domains/continuous/test/auto/ContinuousInContinuousInContinuous.xml
----------------- Instantiating /home/travis/build/icyphy/ptII/ptolemy/domains/continuous/test/auto/ContinuousInContinuousInContinuous.xml
7 ms. Memory: 275456K Free: 177478K (64%)
----------------- Invoking toplevel() on ptolemy.moml.MoMLSimpleApplication@16d132e8
----------------- Done invoking toplevel() on ptolemy.moml.MoMLSimpleApplication@16d132e8
reloadAllAccessors: .ContinuousInContinuousInContinuous

===========================================================================================
----------------- testing Tue Jan 28 06:47:52 UTC 2020 /home/travis/build/icyphy/ptII/ptolemy/domains/continuous/test/auto/ContinuousInDE.xml
----------------- Instantiating /home/travis/build/icyphy/ptII/ptolemy/domains/continuous/test/auto/ContinuousInDE.xml
88 ms. Memory: 275456K Free: 167238K (61%)
----------------- Invoking toplevel() on ptolemy.moml.MoMLSimpleApplication@547cd19
----------------- Done invoking toplevel() on ptolemy.moml.MoMLSimpleApplication@547cd19
reloadAllAccessors: .ContinuousInDE

===========================================================================================
----------------- testing Tue Jan 28 06:47:53 UTC 2020 /home/travis/build/icyphy/ptII/ptolemy/domains/continuous/test/auto/ContinuousInDE2.xml
----------------- Instantiating /home/travis/build/icyphy/ptII/ptolemy/domains/continuous/test/auto/ContinuousInDE2.xml
33 ms. Memory: 275456K Free: 157512K (57%)
----------------- Invoking toplevel() on ptolemy.moml.MoMLSimpleApplication@2153f41e
----------------- Done invoking toplevel() on ptolemy.moml.MoMLSimpleApplication@2153f41e
reloadAllAccessors: .ContinuousInDE2

===========================================================================================
----------------- testing Tue Jan 28 06:47:53 UTC 2020 /home/travis/build/icyphy/ptII/ptolemy/domains/continuous/test/auto/ContinuousInDE3.xml
----------------- Instantiating /home/travis/build/icyphy/ptII/ptolemy/domains/continuous/test/auto/ContinuousInDE3.xml
32 ms. Memory: 275456K Free: 147782K (54%)
----------------- Invoking toplevel() on ptolemy.moml.MoMLSimpleApplication@6f1ceeb7
----------------- Done invoking toplevel() on ptolemy.moml.MoMLSimpleApplication@6f1ceeb7
reloadAllAccessors: .ContinuousInDE3

===========================================================================================
----------------- testing Tue Jan 28 06:47:53 UTC 2020 /home/travis/build/icyphy/ptII/ptolemy/domains/continuous/test/auto/ContinuousInDE4.xml
----------------- Instantiating /home/travis/build/icyphy/ptII/ptolemy/domains/continuous/test/auto/ContinuousInDE4.xml
21 ms. Memory: 275456K Free: 141638K (51%)
----------------- Invoking toplevel() on ptolemy.moml.MoMLSimpleApplication@782071a0
----------------- Done invoking toplevel() on ptolemy.moml.MoMLSimpleApplication@782071a0
reloadAllAccessors: .ContinuousInDE4

===========================================================================================
----------------- testing Tue Jan 28 06:47:53 UTC 2020 /home/travis/build/icyphy/ptII/ptolemy/domains/continuous/test/auto/ContinuousInDEDifferentRefinements.xml
----------------- Instantiating /home/travis/build/icyphy/ptII/ptolemy/domains/continuous/test/auto/ContinuousInDEDifferentRefinements.xml
56 ms. Memory: 275456K Free: 110408K (40%)
----------------- Invoking toplevel() on ptolemy.moml.MoMLSimpleApplication@5cd7919e
----------------- Done invoking toplevel() on ptolemy.moml.MoMLSimpleApplication@5cd7919e
reloadAllAccessors: .ContinuousInDEDifferentRefinements

===========================================================================================
----------------- testing Tue Jan 28 06:47:53 UTC 2020 /home/travis/build/icyphy/ptII/ptolemy/domains/continuous/test/auto/ContinuousInDEDifferentRefinementsPreemptive.xml
----------------- Instantiating /home/travis/build/icyphy/ptII/ptolemy/domains/continuous/test/auto/ContinuousInDEDifferentRefinementsPreemptive.xml
55 ms. Memory: 275456K Free: 242405K (88%)
----------------- Invoking toplevel() on ptolemy.moml.MoMLSimpleApplication@156cb512
----------------- Done invoking toplevel() on ptolemy.moml.MoMLSimpleApplication@156cb512
reloadAllAccessors: .ContinuousInDEDifferentRefinementsPreemptive

===========================================================================================
----------------- testing Tue Jan 28 06:47:53 UTC 2020 /home/travis/build/icyphy/ptII/ptolemy/domains/continuous/test/auto/ContinuousInDEInContinuous2.xml
----------------- Instantiating /home/travis/build/icyphy/ptII/ptolemy/domains/continuous/test/auto/ContinuousInDEInContinuous2.xml
32 ms. Memory: 275456K Free: 230627K (84%)
----------------- Invoking toplevel() on ptolemy.moml.MoMLSimpleApplication@2c77cf33
----------------- Done invoking toplevel() on ptolemy.moml.MoMLSimpleApplication@2c77cf33
reloadAllAccessors: .ContinuousInDEInContinuous2

===========================================================================================
----------------- testing Tue Jan 28 06:47:53 UTC 2020 /home/travis/build/icyphy/ptII/ptolemy/domains/continuous/test/auto/ContinuousInDEInContinuous3.xml
----------------- Instantiating /home/travis/build/icyphy/ptII/ptolemy/domains/continuous/test/auto/ContinuousInDEInContinuous3.xml
29 ms. Memory: 275456K Free: 218339K (79%)
----------------- Invoking toplevel() on ptolemy.moml.MoMLSimpleApplication@6de5b736
----------------- Done invoking toplevel() on ptolemy.moml.MoMLSimpleApplication@6de5b736
reloadAllAccessors: .ContinuousInDEInContinuous3

===========================================================================================
----------------- testing Tue Jan 28 06:47:53 UTC 2020 /home/travis/build/icyphy/ptII/ptolemy/domains/continuous/test/auto/ContinuousInDEInput.xml
----------------- Instantiating /home/travis/build/icyphy/ptII/ptolemy/domains/continuous/test/auto/ContinuousInDEInput.xml
14 ms. Memory: 275456K Free: 211171K (77%)
----------------- Invoking toplevel() on ptolemy.moml.MoMLSimpleApplication@4621a985
----------------- Done invoking toplevel() on ptolemy.moml.MoMLSimpleApplication@4621a985
reloadAllAccessors: .ContinuousInDEInput

===========================================================================================
----------------- testing Tue Jan 28 06:47:53 UTC 2020 /home/travis/build/icyphy/ptII/ptolemy/domains/continuous/test/auto/ContinuousInDEInput2.xml
----------------- Instantiating /home/travis/build/icyphy/ptII/ptolemy/domains/continuous/test/auto/ContinuousInDEInput2.xml
12 ms. Memory: 275456K Free: 204003K (74%)
----------------- Invoking toplevel() on ptolemy.moml.MoMLSimpleApplication@147bd4e4
----------------- Done invoking toplevel() on ptolemy.moml.MoMLSimpleApplication@147bd4e4
reloadAllAccessors: .ContinuousInDEInput2

===========================================================================================
----------------- testing Tue Jan 28 06:47:53 UTC 2020 /home/travis/build/icyphy/ptII/ptolemy/domains/continuous/test/auto/ContinuousInDEInput3.xml
----------------- Instantiating /home/travis/build/icyphy/ptII/ptolemy/domains/continuous/test/auto/ContinuousInDEInput3.xml
12 ms. Memory: 275456K Free: 196835K (71%)
----------------- Invoking toplevel() on ptolemy.moml.MoMLSimpleApplication@5034ffbb
----------------- Done invoking toplevel() on ptolemy.moml.MoMLSimpleApplication@5034ffbb
reloadAllAccessors: .ContinuousInDEInput3

===========================================================================================
----------------- testing Tue Jan 28 06:47:53 UTC 2020 /home/travis/build/icyphy/ptII/ptolemy/domains/continuous/test/auto/ContinuousInDESharingRefinement.xml
----------------- Instantiating /home/travis/build/icyphy/ptII/ptolemy/domains/continuous/test/auto/ContinuousInDESharingRefinement.xml
131 ms. Memory: 275456K Free: 103141K (37%)
----------------- Invoking toplevel() on ptolemy.moml.MoMLSimpleApplication@348ed5f9
----------------- Done invoking toplevel() on ptolemy.moml.MoMLSimpleApplication@348ed5f9
reloadAllAccessors: .ContinuousInDESharingRefinement

===========================================================================================
----------------- testing Tue Jan 28 06:47:53 UTC 2020 /home/travis/build/icyphy/ptII/ptolemy/domains/continuous/test/auto/ContinuousInDEwithNoPorts.xml
----------------- Instantiating /home/travis/build/icyphy/ptII/ptolemy/domains/continuous/test/auto/ContinuousInDEwithNoPorts.xml
4 ms. Memory: 275456K Free: 98500K (36%)
----------------- Invoking toplevel() on ptolemy.moml.MoMLSimpleApplication@27c7182f
----------------- Done invoking toplevel() on ptolemy.moml.MoMLSimpleApplication@27c7182f
reloadAllAccessors: .ContinuousInDEwithNoPorts

===========================================================================================
----------------- testing Tue Jan 28 06:47:53 UTC 2020 /home/travis/build/icyphy/ptII/ptolemy/domains/continuous/test/auto/ContinuousInsideDE.xml
----------------- Instantiating /home/travis/build/icyphy/ptII/ptolemy/domains/continuous/test/auto/ContinuousInsideDE.xml
27 ms. Memory: 275456K Free: 250865K (91%)
----------------- Invoking toplevel() on ptolemy.moml.MoMLSimpleApplication@50110b79
----------------- Done invoking toplevel() on ptolemy.moml.MoMLSimpleApplication@50110b79
reloadAllAccessors: .ContinuousInsideDE

===========================================================================================
----------------- testing Tue Jan 28 06:47:53 UTC 2020 /home/travis/build/icyphy/ptII/ptolemy/domains/continuous/test/auto/ContinuousMerge1.xml
----------------- Instantiating /home/travis/build/icyphy/ptII/ptolemy/domains/continuous/test/auto/ContinuousMerge1.xml
2 ms. Memory: 275456K Free: 246739K (90%)
----------------- Invoking toplevel() on ptolemy.moml.MoMLSimpleApplication@5c5714ab
----------------- Done invoking toplevel() on ptolemy.moml.MoMLSimpleApplication@5c5714ab
reloadAllAccessors: .ContinuousMerge1

===========================================================================================
----------------- testing Tue Jan 28 06:47:53 UTC 2020 /home/travis/build/icyphy/ptII/ptolemy/domains/continuous/test/auto/ContinuousMerge2.xml
----------------- Instantiating /home/travis/build/icyphy/ptII/ptolemy/domains/continuous/test/auto/ContinuousMerge2.xml
13 ms. Memory: 275456K Free: 236529K (86%)
----------------- Invoking toplevel() on ptolemy.moml.MoMLSimpleApplication@7d6aa76
----------------- Done invoking toplevel() on ptolemy.moml.MoMLSimpleApplication@7d6aa76
reloadAllAccessors: .ContinuousMerge2

===========================================================================================
----------------- testing Tue Jan 28 06:47:53 UTC 2020 /home/travis/build/icyphy/ptII/ptolemy/domains/continuous/test/auto/ContinuousMerge3.xml
----------------- Instantiating /home/travis/build/icyphy/ptII/ptolemy/domains/continuous/test/auto/ContinuousMerge3.xml
30 ms. Memory: 275456K Free: 225779K (82%)
----------------- Invoking toplevel() on ptolemy.moml.MoMLSimpleApplication@5aa94b37
----------------- Done invoking toplevel() on ptolemy.moml.MoMLSimpleApplication@5aa94b37
reloadAllAccessors: .ContinuousMerge3

===========================================================================================
----------------- testing Tue Jan 28 06:47:53 UTC 2020 /home/travis/build/icyphy/ptII/ptolemy/domains/continuous/test/auto/ContinuousWithinContinuous.xml
----------------- Instantiating /home/travis/build/icyphy/ptII/ptolemy/domains/continuous/test/auto/ContinuousWithinContinuous.xml
26 ms. Memory: 275456K Free: 216563K (79%)
----------------- Invoking toplevel() on ptolemy.moml.MoMLSimpleApplication@1625c600
----------------- Done invoking toplevel() on ptolemy.moml.MoMLSimpleApplication@1625c600
reloadAllAccessors: .ContinuousWithinContinuous

===========================================================================================
----------------- testing Tue Jan 28 06:47:54 UTC 2020 /home/travis/build/icyphy/ptII/ptolemy/domains/continuous/test/auto/ContinuousWithinContinuous2.xml
----------------- Instantiating /home/travis/build/icyphy/ptII/ptolemy/domains/continuous/test/auto/ContinuousWithinContinuous2.xml
44 ms. Memory: 275456K Free: 206323K (75%)
----------------- Invoking toplevel() on ptolemy.moml.MoMLSimpleApplication@3678771f
----------------- Done invoking toplevel() on ptolemy.moml.MoMLSimpleApplication@3678771f
reloadAllAccessors: .ContinuousWithinContinuous2

===========================================================================================
----------------- testing Tue Jan 28 06:47:54 UTC 2020 /home/travis/build/icyphy/ptII/ptolemy/domains/continuous/test/auto/ContinuousWithinContinuous3.xml
----------------- Instantiating /home/travis/build/icyphy/ptII/ptolemy/domains/continuous/test/auto/ContinuousWithinContinuous3.xml
10 ms. Memory: 275456K Free: 199665K (72%)
----------------- Invoking toplevel() on ptolemy.moml.MoMLSimpleApplication@66bd4f99
----------------- Done invoking toplevel() on ptolemy.moml.MoMLSimpleApplication@66bd4f99
reloadAllAccessors: .ContinuousWithinContinuous3

===========================================================================================
----------------- testing Tue Jan 28 06:47:54 UTC 2020 /home/travis/build/icyphy/ptII/ptolemy/domains/continuous/test/auto/ContinuousWithinContinuous4.xml
----------------- Instantiating /home/travis/build/icyphy/ptII/ptolemy/domains/continuous/test/auto/ContinuousWithinContinuous4.xml
49 ms. Memory: 275456K Free: 187377K (68%)
----------------- Invoking toplevel() on ptolemy.moml.MoMLSimpleApplication@82eccc2
----------------- Done invoking toplevel() on ptolemy.moml.MoMLSimpleApplication@82eccc2
reloadAllAccessors: .ContinuousWithinContinuous4

===========================================================================================
----------------- testing Tue Jan 28 06:47:54 UTC 2020 /home/travis/build/icyphy/ptII/ptolemy/domains/continuous/test/auto/ContinuousWithinContinuous5.xml
----------------- Instantiating /home/travis/build/icyphy/ptII/ptolemy/domains/continuous/test/auto/ContinuousWithinContinuous5.xml
10 ms. Memory: 275456K Free: 180209K (65%)
----------------- Invoking toplevel() on ptolemy.moml.MoMLSimpleApplication@1da1be7c
----------------- Done invoking toplevel() on ptolemy.moml.MoMLSimpleApplication@1da1be7c
reloadAllAccessors: .ContinuousWithinContinuous5

===========================================================================================
----------------- testing Tue Jan 28 06:47:54 UTC 2020 /home/travis/build/icyphy/ptII/ptolemy/domains/continuous/test/auto/ContinuousWithinContinuous6.xml
----------------- Instantiating /home/travis/build/icyphy/ptII/ptolemy/domains/continuous/test/auto/ContinuousWithinContinuous6.xml
8 ms. Memory: 275456K Free: 173041K (63%)
----------------- Invoking toplevel() on ptolemy.moml.MoMLSimpleApplication@6a5ee9c9
----------------- Done invoking toplevel() on ptolemy.moml.MoMLSimpleApplication@6a5ee9c9
reloadAllAccessors: .ContinuousWithinContinuous6

===========================================================================================
----------------- testing Tue Jan 28 06:47:54 UTC 2020 /home/travis/build/icyphy/ptII/ptolemy/domains/continuous/test/auto/ContinuousWithinContinuous7.xml
----------------- Instantiating /home/travis/build/icyphy/ptII/ptolemy/domains/continuous/test/auto/ContinuousWithinContinuous7.xml
42 ms. Memory: 275456K Free: 162291K (59%)
----------------- Invoking toplevel() on ptolemy.moml.MoMLSimpleApplication@513c0904
----------------- Done invoking toplevel() on ptolemy.moml.MoMLSimpleApplication@513c0904
reloadAllAccessors: .ContinuousWithinContinuous7

===========================================================================================
----------------- testing Tue Jan 28 06:47:54 UTC 2020 /home/travis/build/icyphy/ptII/ptolemy/domains/continuous/test/auto/DCMotor.xml
----------------- Instantiating /home/travis/build/icyphy/ptII/ptolemy/domains/continuous/test/auto/DCMotor.xml
11781 ms. Memory: 275456K Free: 217999K (79%)
----------------- Invoking toplevel() on ptolemy.moml.MoMLSimpleApplication@4d023380
----------------- Done invoking toplevel() on ptolemy.moml.MoMLSimpleApplication@4d023380
reloadAllAccessors: .DCMotor

===========================================================================================
----------------- testing Tue Jan 28 06:48:06 UTC 2020 /home/travis/build/icyphy/ptII/ptolemy/domains/continuous/test/auto/DEInContinuous.xml
----------------- Instantiating /home/travis/build/icyphy/ptII/ptolemy/domains/continuous/test/auto/DEInContinuous.xml
17 ms. Memory: 275456K Free: 211855K (77%)
----------------- Invoking toplevel() on ptolemy.moml.MoMLSimpleApplication@1e40ce4a
----------------- Done invoking toplevel() on ptolemy.moml.MoMLSimpleApplication@1e40ce4a
reloadAllAccessors: .DEInContinuous

===========================================================================================
----------------- testing Tue Jan 28 06:48:06 UTC 2020 /home/travis/build/icyphy/ptII/ptolemy/domains/continuous/test/auto/DEinContinuous2.xml
----------------- Instantiating /home/travis/build/icyphy/ptII/ptolemy/domains/continuous/test/auto/DEinContinuous2.xml
5 ms. Memory: 275456K Free: 204159K (74%)
----------------- Invoking toplevel() on ptolemy.moml.MoMLSimpleApplication@2e40110a
----------------- Done invoking toplevel() on ptolemy.moml.MoMLSimpleApplication@2e40110a
reloadAllAccessors: .DEinContinuous2

===========================================================================================
----------------- testing Tue Jan 28 06:48:06 UTC 2020 /home/travis/build/icyphy/ptII/ptolemy/domains/continuous/test/auto/Derivative.xml
----------------- Instantiating /home/travis/build/icyphy/ptII/ptolemy/domains/continuous/test/auto/Derivative.xml
115 ms. Memory: 275456K Free: 174991K (64%)
----------------- Invoking toplevel() on ptolemy.moml.MoMLSimpleApplication@4e40e75d
----------------- Done invoking toplevel() on ptolemy.moml.MoMLSimpleApplication@4e40e75d
reloadAllAccessors: .Derivative2

===========================================================================================
----------------- testing Tue Jan 28 06:48:06 UTC 2020 /home/travis/build/icyphy/ptII/ptolemy/domains/continuous/test/auto/Derivative1.xml
----------------- Instantiating /home/travis/build/icyphy/ptII/ptolemy/domains/continuous/test/auto/Derivative1.xml
16 ms. Memory: 275456K Free: 160655K (58%)
----------------- Invoking toplevel() on ptolemy.moml.MoMLSimpleApplication@5d8eca3
----------------- Done invoking toplevel() on ptolemy.moml.MoMLSimpleApplication@5d8eca3
reloadAllAccessors: .Derivative1

===========================================================================================
----------------- testing Tue Jan 28 06:48:06 UTC 2020 /home/travis/build/icyphy/ptII/ptolemy/domains/continuous/test/auto/DiscreteClock.xml
----------------- Instantiating /home/travis/build/icyphy/ptII/ptolemy/domains/continuous/test/auto/DiscreteClock.xml
3 ms. Memory: 275456K Free: 155535K (56%)
----------------- Invoking toplevel() on ptolemy.moml.MoMLSimpleApplication@2600061d
----------------- Done invoking toplevel() on ptolemy.moml.MoMLSimpleApplication@2600061d
reloadAllAccessors: .DiscreteClock

===========================================================================================
----------------- testing Tue Jan 28 06:48:06 UTC 2020 /home/travis/build/icyphy/ptII/ptolemy/domains/continuous/test/auto/EfficiencyCurve.xml
----------------- Instantiating /home/travis/build/icyphy/ptII/ptolemy/domains/continuous/test/auto/EfficiencyCurve.xml
75 ms. Memory: 275456K Free: 146319K (53%)
----------------- Invoking toplevel() on ptolemy.moml.MoMLSimpleApplication@5e135253
----------------- Done invoking toplevel() on ptolemy.moml.MoMLSimpleApplication@5e135253
reloadAllAccessors: .EfficiencyCurve

===========================================================================================
----------------- testing Tue Jan 28 06:48:06 UTC 2020 /home/travis/build/icyphy/ptII/ptolemy/domains/continuous/test/auto/ExponentialResponse.xml
----------------- Instantiating /home/travis/build/icyphy/ptII/ptolemy/domains/continuous/test/auto/ExponentialResponse.xml
116 ms. Memory: 275456K Free: 130445K (47%)
----------------- Invoking toplevel() on ptolemy.moml.MoMLSimpleApplication@18cd9925
----------------- Done invoking toplevel() on ptolemy.moml.MoMLSimpleApplication@18cd9925
reloadAllAccessors: .ExponentialResponse

===========================================================================================
----------------- testing Tue Jan 28 06:48:06 UTC 2020 /home/travis/build/icyphy/ptII/ptolemy/domains/continuous/test/auto/ExponentialResponseRK45.xml
----------------- Instantiating /home/travis/build/icyphy/ptII/ptolemy/domains/continuous/test/auto/ExponentialResponseRK45.xml
28 ms. Memory: 275456K Free: 123791K (45%)
----------------- Invoking toplevel() on ptolemy.moml.MoMLSimpleApplication@1895d29e
----------------- Done invoking toplevel() on ptolemy.moml.MoMLSimpleApplication@1895d29e
reloadAllAccessors: .ExponentialResponseRK45

===========================================================================================
----------------- testing Tue Jan 28 06:48:06 UTC 2020 /home/travis/build/icyphy/ptII/ptolemy/domains/continuous/test/auto/Friction.xml
----------------- Instantiating /home/travis/build/icyphy/ptII/ptolemy/domains/continuous/test/auto/Friction.xml
1377 ms. Memory: 275456K Free: 188603K (68%)
----------------- Invoking toplevel() on ptolemy.moml.MoMLSimpleApplication@17beae53
----------------- Done invoking toplevel() on ptolemy.moml.MoMLSimpleApplication@17beae53
reloadAllAccessors: .Friction

===========================================================================================
----------------- testing Tue Jan 28 06:48:08 UTC 2020 /home/travis/build/icyphy/ptII/ptolemy/domains/continuous/test/auto/FurutaPendulum.xml
----------------- Instantiating /home/travis/build/icyphy/ptII/ptolemy/domains/continuous/test/auto/FurutaPendulum.xml
3061 ms. Memory: 275456K Free: 167696K (61%)
----------------- Invoking toplevel() on ptolemy.moml.MoMLSimpleApplication@44a5a7d
----------------- Done invoking toplevel() on ptolemy.moml.MoMLSimpleApplication@44a5a7d
reloadAllAccessors: .FurutaPendulum

===========================================================================================
----------------- testing Tue Jan 28 06:48:11 UTC 2020 /home/travis/build/icyphy/ptII/ptolemy/domains/continuous/test/auto/HierarchicalExecution.xml
----------------- Instantiating /home/travis/build/icyphy/ptII/ptolemy/domains/continuous/test/auto/HierarchicalExecution.xml
1577 ms. Memory: 275456K Free: 210829K (77%)
----------------- Invoking toplevel() on ptolemy.moml.MoMLSimpleApplication@3ba3e453
----------------- Done invoking toplevel() on ptolemy.moml.MoMLSimpleApplication@3ba3e453
reloadAllAccessors: .HierarchicalExecution

===========================================================================================
----------------- testing Tue Jan 28 06:48:13 UTC 2020 /home/travis/build/icyphy/ptII/ptolemy/domains/continuous/test/auto/HybridPlant.xml
----------------- Instantiating /home/travis/build/icyphy/ptII/ptolemy/domains/continuous/test/auto/HybridPlant.xml
504 ms. Memory: 275456K Free: 110473K (40%)
----------------- Invoking toplevel() on ptolemy.moml.MoMLSimpleApplication@1a5283a6
----------------- Done invoking toplevel() on ptolemy.moml.MoMLSimpleApplication@1a5283a6
reloadAllAccessors: .HybridPlant

===========================================================================================
----------------- testing Tue Jan 28 06:48:13 UTC 2020 /home/travis/build/icyphy/ptII/ptolemy/domains/continuous/test/auto/Hysteresis.xml
----------------- Instantiating /home/travis/build/icyphy/ptII/ptolemy/domains/continuous/test/auto/Hysteresis.xml
158 ms. Memory: 275456K Free: 211848K (77%)
----------------- Invoking toplevel() on ptolemy.moml.MoMLSimpleApplication@6793f403
----------------- Done invoking toplevel() on ptolemy.moml.MoMLSimpleApplication@6793f403
reloadAllAccessors: .Hysteresis

===========================================================================================
----------------- testing Tue Jan 28 06:48:14 UTC 2020 /home/travis/build/icyphy/ptII/ptolemy/domains/continuous/test/auto/HysteresisWithRandomDelay.xml
----------------- Instantiating /home/travis/build/icyphy/ptII/ptolemy/domains/continuous/test/auto/HysteresisWithRandomDelay.xml
169 ms. Memory: 275456K Free: 141192K (51%)
----------------- Invoking toplevel() on ptolemy.moml.MoMLSimpleApplication@3697d2e2
----------------- Done invoking toplevel() on ptolemy.moml.MoMLSimpleApplication@3697d2e2
reloadAllAccessors: .HysteresisWithRandomDelay

===========================================================================================
----------------- testing Tue Jan 28 06:48:14 UTC 2020 /home/travis/build/icyphy/ptII/ptolemy/domains/continuous/test/auto/HysteresisWithRandomLosses.xml
----------------- Instantiating /home/travis/build/icyphy/ptII/ptolemy/domains/continuous/test/auto/HysteresisWithRandomLosses.xml
2310 ms. Memory: 330752K Free: 289347K (87%)
----------------- Invoking toplevel() on ptolemy.moml.MoMLSimpleApplication@324d9157
----------------- Done invoking toplevel() on ptolemy.moml.MoMLSimpleApplication@324d9157
reloadAllAccessors: .HysteresisWithRandomLosses

===========================================================================================
----------------- testing Tue Jan 28 06:48:16 UTC 2020 /home/travis/build/icyphy/ptII/ptolemy/domains/continuous/test/auto/ImmediateTransitions.xml
----------------- Instantiating /home/travis/build/icyphy/ptII/ptolemy/domains/continuous/test/auto/ImmediateTransitions.xml
13 ms. Memory: 330752K Free: 278083K (84%)
----------------- Invoking toplevel() on ptolemy.moml.MoMLSimpleApplication@555d0d8e
----------------- Done invoking toplevel() on ptolemy.moml.MoMLSimpleApplication@555d0d8e
reloadAllAccessors: .ImmediateTransitions

===========================================================================================
----------------- testing Tue Jan 28 06:48:16 UTC 2020 /home/travis/build/icyphy/ptII/ptolemy/domains/continuous/test/auto/ImpulseFeedback.xml
----------------- Instantiating /home/travis/build/icyphy/ptII/ptolemy/domains/continuous/test/auto/ImpulseFeedback.xml
8 ms. Memory: 330752K Free: 272449K (82%)
----------------- Invoking toplevel() on ptolemy.moml.MoMLSimpleApplication@2370cabe
----------------- Done invoking toplevel() on ptolemy.moml.MoMLSimpleApplication@2370cabe
reloadAllAccessors: .ImpulseFeedback

===========================================================================================
----------------- testing Tue Jan 28 06:48:16 UTC 2020 /home/travis/build/icyphy/ptII/ptolemy/domains/continuous/test/auto/ImpulseFeedback2.xml
----------------- Instantiating /home/travis/build/icyphy/ptII/ptolemy/domains/continuous/test/auto/ImpulseFeedback2.xml
6 ms. Memory: 330752K Free: 266819K (81%)
----------------- Invoking toplevel() on ptolemy.moml.MoMLSimpleApplication@2f894d1c
----------------- Done invoking toplevel() on ptolemy.moml.MoMLSimpleApplication@2f894d1c
reloadAllAccessors: .ImpulseFeedback2

===========================================================================================
----------------- testing Tue Jan 28 06:48:16 UTC 2020 /home/travis/build/icyphy/ptII/ptolemy/domains/continuous/test/auto/IncreasingRatePoisson.xml
----------------- Instantiating /home/travis/build/icyphy/ptII/ptolemy/domains/continuous/test/auto/IncreasingRatePoisson.xml
697 ms. Memory: 330752K Free: 167087K (51%)
----------------- Invoking toplevel() on ptolemy.moml.MoMLSimpleApplication@489d28a
----------------- Done invoking toplevel() on ptolemy.moml.MoMLSimpleApplication@489d28a
reloadAllAccessors: .IncreasingRatePoisson

===========================================================================================
----------------- testing Tue Jan 28 06:48:17 UTC 2020 /home/travis/build/icyphy/ptII/ptolemy/domains/continuous/test/auto/InitialStateFeedback.xml
----------------- Instantiating /home/travis/build/icyphy/ptII/ptolemy/domains/continuous/test/auto/InitialStateFeedback.xml
3 ms. Memory: 330752K Free: 162477K (49%)
----------------- Invoking toplevel() on ptolemy.moml.MoMLSimpleApplication@5861c5be
----------------- Done invoking toplevel() on ptolemy.moml.MoMLSimpleApplication@5861c5be
reloadAllAccessors: .InitialStateFeedback

===========================================================================================
----------------- testing Tue Jan 28 06:48:17 UTC 2020 /home/travis/build/icyphy/ptII/ptolemy/domains/continuous/test/auto/Integration.xml
----------------- Instantiating /home/travis/build/icyphy/ptII/ptolemy/domains/continuous/test/auto/Integration.xml
2 ms. Memory: 330752K Free: 158381K (48%)
----------------- Invoking toplevel() on ptolemy.moml.MoMLSimpleApplication@6fc6d3e6
----------------- Done invoking toplevel() on ptolemy.moml.MoMLSimpleApplication@6fc6d3e6
reloadAllAccessors: .Integration

===========================================================================================
----------------- testing Tue Jan 28 06:48:17 UTC 2020 /home/travis/build/icyphy/ptII/ptolemy/domains/continuous/test/auto/Integration2.xml
----------------- Instantiating /home/travis/build/icyphy/ptII/ptolemy/domains/continuous/test/auto/Integration2.xml
78 ms. Memory: 330752K Free: 144045K (44%)
----------------- Invoking toplevel() on ptolemy.moml.MoMLSimpleApplication@34f46e65
----------------- Done invoking toplevel() on ptolemy.moml.MoMLSimpleApplication@34f46e65
reloadAllAccessors: .Integration2

===========================================================================================
----------------- testing Tue Jan 28 06:48:17 UTC 2020 /home/travis/build/icyphy/ptII/ptolemy/domains/continuous/test/auto/Integration3.xml
----------------- Instantiating /home/travis/build/icyphy/ptII/ptolemy/domains/continuous/test/auto/Integration3.xml
3 ms. Memory: 330752K Free: 139439K (42%)
----------------- Invoking toplevel() on ptolemy.moml.MoMLSimpleApplication@1d7be070
----------------- Done invoking toplevel() on ptolemy.moml.MoMLSimpleApplication@1d7be070
reloadAllAccessors: .Integration3

===========================================================================================
----------------- testing Tue Jan 28 06:48:17 UTC 2020 /home/travis/build/icyphy/ptII/ptolemy/domains/continuous/test/auto/Integration5.xml
----------------- Instantiating /home/travis/build/icyphy/ptII/ptolemy/domains/continuous/test/auto/Integration5.xml
2 ms. Memory: 330752K Free: 135343K (41%)
----------------- Invoking toplevel() on ptolemy.moml.MoMLSimpleApplication@2f5508a1
----------------- Done invoking toplevel() on ptolemy.moml.MoMLSimpleApplication@2f5508a1
reloadAllAccessors: .Integration5

===========================================================================================
----------------- testing Tue Jan 28 06:48:17 UTC 2020 /home/travis/build/icyphy/ptII/ptolemy/domains/continuous/test/auto/IntegratorImpulse.xml
----------------- Instantiating /home/travis/build/icyphy/ptII/ptolemy/domains/continuous/test/auto/IntegratorImpulse.xml
2 ms. Memory: 330752K Free: 131247K (40%)
----------------- Invoking toplevel() on ptolemy.moml.MoMLSimpleApplication@6c957873
----------------- Done invoking toplevel() on ptolemy.moml.MoMLSimpleApplication@6c957873
reloadAllAccessors: .IntegratorImpulse

===========================================================================================
----------------- testing Tue Jan 28 06:48:17 UTC 2020 /home/travis/build/icyphy/ptII/ptolemy/domains/continuous/test/auto/IntegratorImpulse2.xml
----------------- Instantiating /home/travis/build/icyphy/ptII/ptolemy/domains/continuous/test/auto/IntegratorImpulse2.xml
3 ms. Memory: 330752K Free: 126637K (38%)
----------------- Invoking toplevel() on ptolemy.moml.MoMLSimpleApplication@75c8da3c
----------------- Done invoking toplevel() on ptolemy.moml.MoMLSimpleApplication@75c8da3c
reloadAllAccessors: .IntegratorImpulse2

===========================================================================================
----------------- testing Tue Jan 28 06:48:17 UTC 2020 /home/travis/build/icyphy/ptII/ptolemy/domains/continuous/test/auto/LevelCrossing1.xml
----------------- Instantiating /home/travis/build/icyphy/ptII/ptolemy/domains/continuous/test/auto/LevelCrossing1.xml
2 ms. Memory: 330752K Free: 121511K (37%)
----------------- Invoking toplevel() on ptolemy.moml.MoMLSimpleApplication@348be618
----------------- Done invoking toplevel() on ptolemy.moml.MoMLSimpleApplication@348be618
reloadAllAccessors: .LevelCrossing1

===========================================================================================
----------------- testing Tue Jan 28 06:48:17 UTC 2020 /home/travis/build/icyphy/ptII/ptolemy/domains/continuous/test/auto/LevelCrossing2.xml
----------------- Instantiating /home/travis/build/icyphy/ptII/ptolemy/domains/continuous/test/auto/LevelCrossing2.xml
2 ms. Memory: 330752K Free: 313565K (95%)
----------------- Invoking toplevel() on ptolemy.moml.MoMLSimpleApplication@34d07b4e
----------------- Done invoking toplevel() on ptolemy.moml.MoMLSimpleApplication@34d07b4e
reloadAllAccessors: .LevelCrossing2

===========================================================================================
----------------- testing Tue Jan 28 06:48:17 UTC 2020 /home/travis/build/icyphy/ptII/ptolemy/domains/continuous/test/auto/LevelCrossing3.xml
----------------- Instantiating /home/travis/build/icyphy/ptII/ptolemy/domains/continuous/test/auto/LevelCrossing3.xml
3 ms. Memory: 330752K Free: 308445K (93%)
----------------- Invoking toplevel() on ptolemy.moml.MoMLSimpleApplication@72534a8f
----------------- Done invoking toplevel() on ptolemy.moml.MoMLSimpleApplication@72534a8f
reloadAllAccessors: .LevelCrossing3

===========================================================================================
----------------- testing Tue Jan 28 06:48:17 UTC 2020 /home/travis/build/icyphy/ptII/ptolemy/domains/continuous/test/auto/LevelCrossing4.xml
----------------- Instantiating /home/travis/build/icyphy/ptII/ptolemy/domains/continuous/test/auto/LevelCrossing4.xml
4 ms. Memory: 330752K Free: 303325K (92%)
----------------- Invoking toplevel() on ptolemy.moml.MoMLSimpleApplication@2e43ea5a
----------------- Done invoking toplevel() on ptolemy.moml.MoMLSimpleApplication@2e43ea5a
reloadAllAccessors: .LevelCrossing4

===========================================================================================
----------------- testing Tue Jan 28 06:48:17 UTC 2020 /home/travis/build/icyphy/ptII/ptolemy/domains/continuous/test/auto/LevelCrossing5.xml
----------------- Instantiating /home/travis/build/icyphy/ptII/ptolemy/domains/continuous/test/auto/LevelCrossing5.xml
2 ms. Memory: 330752K Free: 298205K (90%)
----------------- Invoking toplevel() on ptolemy.moml.MoMLSimpleApplication@12ac1970
----------------- Done invoking toplevel() on ptolemy.moml.MoMLSimpleApplication@12ac1970
reloadAllAccessors: .LevelCrossing5

===========================================================================================
[...]

===========================================================================================
----------------- testing Tue Jan 28 06:48:33 UTC 2020 /home/travis/build/icyphy/ptII/ptolemy/domains/continuous/test/auto/SRinContinuous.xml
----------------- Instantiating /home/travis/build/icyphy/ptII/ptolemy/domains/continuous/test/auto/SRinContinuous.xml
3 ms. Memory: 330752K Free: 289138K (87%)
----------------- Invoking toplevel() on ptolemy.moml.MoMLSimpleApplication@9584281
----------------- Done invoking toplevel() on ptolemy.moml.MoMLSimpleApplication@9584281
reloadAllAccessors: .SRinContinuous

===========================================================================================
----------------- testing Tue Jan 28 06:48:33 UTC 2020 /home/travis/build/icyphy/ptII/ptolemy/domains/continuous/test/auto/SampledClocks.xml
----------------- Instantiating /home/travis/build/icyphy/ptII/ptolemy/domains/continuous/test/auto/SampledClocks.xml
4 ms. Memory: 330752K Free: 276340K (84%)
----------------- Invoking toplevel() on ptolemy.moml.MoMLSimpleApplication@a892720
----------------- Done invoking toplevel() on ptolemy.moml.MoMLSimpleApplication@a892720
reloadAllAccessors: .SampledClocks

===========================================================================================
----------------- testing Tue Jan 28 06:48:33 UTC 2020 /home/travis/build/icyphy/ptII/ptolemy/domains/continuous/test/auto/Satellite.xml
----------------- Instantiating /home/travis/build/icyphy/ptII/ptolemy/domains/continuous/test/auto/Satellite.xml
686 ms. Memory: 330752K Free: 276548K (84%)
----------------- Invoking toplevel() on ptolemy.moml.MoMLSimpleApplication@c5905f3
----------------- Done invoking toplevel() on ptolemy.moml.MoMLSimpleApplication@c5905f3
reloadAllAccessors: .Satellite

===========================================================================================
----------------- testing Tue Jan 28 06:48:34 UTC 2020 /home/travis/build/icyphy/ptII/ptolemy/domains/continuous/test/auto/SigmaDelta.xml
----------------- Instantiating /home/travis/build/icyphy/ptII/ptolemy/domains/continuous/test/auto/SigmaDelta.xml
1972 ms. Memory: 330752K Free: 213190K (64%)
----------------- Invoking toplevel() on ptolemy.moml.MoMLSimpleApplication@4879ae77
----------------- Done invoking toplevel() on ptolemy.moml.MoMLSimpleApplication@4879ae77
reloadAllAccessors: .SigmaDelta

===========================================================================================
----------------- testing Tue Jan 28 06:48:36 UTC 2020 /home/travis/build/icyphy/ptII/ptolemy/domains/continuous/test/auto/SingleRefinement.xml
----------------- Instantiating /home/travis/build/icyphy/ptII/ptolemy/domains/continuous/test/auto/SingleRefinement.xml
336 ms. Memory: 330752K Free: 225019K (68%)
----------------- Invoking toplevel() on ptolemy.moml.MoMLSimpleApplication@7855937e
----------------- Done invoking toplevel() on ptolemy.moml.MoMLSimpleApplication@7855937e
reloadAllAccessors: .SingleRefinement

===========================================================================================
----------------- testing Tue Jan 28 06:48:36 UTC 2020 /home/travis/build/icyphy/ptII/ptolemy/domains/continuous/test/auto/SinuBouncingBall.xml
----------------- Instantiating /home/travis/build/icyphy/ptII/ptolemy/domains/continuous/test/auto/SinuBouncingBall.xml
711 ms. Memory: 330752K Free: 203622K (62%)
----------------- Invoking toplevel() on ptolemy.moml.MoMLSimpleApplication@403ec02a
----------------- Done invoking toplevel() on ptolemy.moml.MoMLSimpleApplication@403ec02a
reloadAllAccessors: .SinuBouncingBall

===========================================================================================
----------------- testing Tue Jan 28 06:48:37 UTC 2020 /home/travis/build/icyphy/ptII/ptolemy/domains/continuous/test/auto/Sinusoid.xml
----------------- Instantiating /home/travis/build/icyphy/ptII/ptolemy/domains/continuous/test/auto/Sinusoid.xml
4 ms. Memory: 330752K Free: 199022K (60%)
----------------- Invoking toplevel() on ptolemy.moml.MoMLSimpleApplication@21d3bba7
----------------- Done invoking toplevel() on ptolemy.moml.MoMLSimpleApplication@21d3bba7
reloadAllAccessors: .Sinusoid

===========================================================================================
----------------- testing Tue Jan 28 06:48:37 UTC 2020 /home/travis/build/icyphy/ptII/ptolemy/domains/continuous/test/auto/SinusoidInNoise.xml
----------------- Instantiating /home/travis/build/icyphy/ptII/ptolemy/domains/continuous/test/auto/SinusoidInNoise.xml
740 ms. Memory: 330752K Free: 263763K (80%)
----------------- Invoking toplevel() on ptolemy.moml.MoMLSimpleApplication@7eb08888
----------------- Done invoking toplevel() on ptolemy.moml.MoMLSimpleApplication@7eb08888
reloadAllAccessors: .SinusoidInNoise

===========================================================================================
----------------- testing Tue Jan 28 06:48:38 UTC 2020 /home/travis/build/icyphy/ptII/ptolemy/domains/continuous/test/auto/SinusoidRK45.xml
----------------- Instantiating /home/travis/build/icyphy/ptII/ptolemy/domains/continuous/test/auto/SinusoidRK45.xml
2 ms. Memory: 330752K Free: 259157K (78%)
----------------- Invoking toplevel() on ptolemy.moml.MoMLSimpleApplication@22e11c2a
----------------- Done invoking toplevel() on ptolemy.moml.MoMLSimpleApplication@22e11c2a
reloadAllAccessors: .SinusoidRK45

===========================================================================================
----------------- testing Tue Jan 28 06:48:38 UTC 2020 /home/travis/build/icyphy/ptII/ptolemy/domains/continuous/test/auto/SinusoidWithMultipleImpulses.xml
----------------- Instantiating /home/travis/build/icyphy/ptII/ptolemy/domains/continuous/test/auto/SinusoidWithMultipleImpulses.xml
3 ms. Memory: 330752K Free: 254547K (77%)
----------------- Invoking toplevel() on ptolemy.moml.MoMLSimpleApplication@34b12957
----------------- Done invoking toplevel() on ptolemy.moml.MoMLSimpleApplication@34b12957
reloadAllAccessors: .SinusoidWithMultipleImpulses

===========================================================================================
----------------- testing Tue Jan 28 06:48:38 UTC 2020 /home/travis/build/icyphy/ptII/ptolemy/domains/continuous/test/auto/SquareWave.xml
----------------- Instantiating /home/travis/build/icyphy/ptII/ptolemy/domains/continuous/test/auto/SquareWave.xml
139 ms. Memory: 330752K Free: 226899K (69%)
----------------- Invoking toplevel() on ptolemy.moml.MoMLSimpleApplication@e599c1e
----------------- Done invoking toplevel() on ptolemy.moml.MoMLSimpleApplication@e599c1e
reloadAllAccessors: .SquareWave

===========================================================================================
----------------- testing Tue Jan 28 06:48:38 UTC 2020 /home/travis/build/icyphy/ptII/ptolemy/domains/continuous/test/auto/Starmac.xml
----------------- Instantiating /home/travis/build/icyphy/ptII/ptolemy/domains/continuous/test/auto/Starmac.xml
3067 ms. Memory: 330752K Free: 299454K (91%)
----------------- Invoking toplevel() on ptolemy.moml.MoMLSimpleApplication@1ab7cd54
----------------- Done invoking toplevel() on ptolemy.moml.MoMLSimpleApplication@1ab7cd54
reloadAllAccessors: .Starmac

===========================================================================================
----------------- testing Tue Jan 28 06:48:41 UTC 2020 /home/travis/build/icyphy/ptII/ptolemy/domains/continuous/test/auto/StaticUnits.xml
----------------- Instantiating /home/travis/build/icyphy/ptII/ptolemy/domains/continuous/test/auto/StaticUnits.xml
1891 ms. Memory: 330752K Free: 226504K (68%)
----------------- Invoking toplevel() on ptolemy.moml.MoMLSimpleApplication@4e63d050
----------------- Done invoking toplevel() on ptolemy.moml.MoMLSimpleApplication@4e63d050
reloadAllAccessors: .StaticUnits

===========================================================================================
----------------- testing Tue Jan 28 06:48:44 UTC 2020 /home/travis/build/icyphy/ptII/ptolemy/domains/continuous/test/auto/StickyMasses.xml
----------------- Instantiating /home/travis/build/icyphy/ptII/ptolemy/domains/continuous/test/auto/StickyMasses.xml
135 ms. Memory: 330752K Free: 176842K (53%)
----------------- Invoking toplevel() on ptolemy.moml.MoMLSimpleApplication@6e8b4197
----------------- Done invoking toplevel() on ptolemy.moml.MoMLSimpleApplication@6e8b4197
reloadAllAccessors: .StickyMasses

===========================================================================================
----------------- testing Tue Jan 28 06:48:44 UTC 2020 /home/travis/build/icyphy/ptII/ptolemy/domains/continuous/test/auto/StopTime.xml
----------------- Instantiating /home/travis/build/icyphy/ptII/ptolemy/domains/continuous/test/auto/StopTime.xml
37 ms. Memory: 330752K Free: 151737K (46%)
----------------- Invoking toplevel() on ptolemy.moml.MoMLSimpleApplication@685b4342
----------------- Done invoking toplevel() on ptolemy.moml.MoMLSimpleApplication@685b4342
reloadAllAccessors: .StopTime

===========================================================================================
----------------- testing Tue Jan 28 06:48:44 UTC 2020 /home/travis/build/icyphy/ptII/ptolemy/domains/continuous/test/auto/StopTime2.xml
----------------- Instantiating /home/travis/build/icyphy/ptII/ptolemy/domains/continuous/test/auto/StopTime2.xml
34 ms. Memory: 330752K Free: 129738K (39%)
----------------- Invoking toplevel() on ptolemy.moml.MoMLSimpleApplication@3b6cd7ad
----------------- Done invoking toplevel() on ptolemy.moml.MoMLSimpleApplication@3b6cd7ad
reloadAllAccessors: .StopTime2

===========================================================================================
----------------- testing Tue Jan 28 06:48:44 UTC 2020 /home/travis/build/icyphy/ptII/ptolemy/domains/continuous/test/auto/Switch.xml
----------------- Instantiating /home/travis/build/icyphy/ptII/ptolemy/domains/continuous/test/auto/Switch.xml
56 ms. Memory: 330752K Free: 296507K (90%)
----------------- Invoking toplevel() on ptolemy.moml.MoMLSimpleApplication@2ef95e69
----------------- Done invoking toplevel() on ptolemy.moml.MoMLSimpleApplication@2ef95e69
reloadAllAccessors: .Switch

===========================================================================================
----------------- testing Tue Jan 28 06:48:44 UTC 2020 /home/travis/build/icyphy/ptII/ptolemy/domains/continuous/test/auto/Thermostat.xml
----------------- Instantiating /home/travis/build/icyphy/ptII/ptolemy/domains/continuous/test/auto/Thermostat.xml
177 ms. Memory: 330752K Free: 224908K (68%)
----------------- Invoking toplevel() on ptolemy.moml.MoMLSimpleApplication@540283bf
----------------- Done invoking toplevel() on ptolemy.moml.MoMLSimpleApplication@540283bf
reloadAllAccessors: .Thermostat

===========================================================================================
----------------- testing Tue Jan 28 06:48:44 UTC 2020 /home/travis/build/icyphy/ptII/ptolemy/domains/continuous/test/auto/TimeDelay.xml
----------------- Instantiating /home/travis/build/icyphy/ptII/ptolemy/domains/continuous/test/auto/TimeDelay.xml
4 ms. Memory: 330752K Free: 220302K (67%)
----------------- Invoking toplevel() on ptolemy.moml.MoMLSimpleApplication@91bafed
----------------- Done invoking toplevel() on ptolemy.moml.MoMLSimpleApplication@91bafed
reloadAllAccessors: .TimeDelay

===========================================================================================
----------------- testing Tue Jan 28 06:48:44 UTC 2020 /home/travis/build/icyphy/ptII/ptolemy/domains/continuous/test/auto/TimeDelay2.xml
----------------- Instantiating /home/travis/build/icyphy/ptII/ptolemy/domains/continuous/test/auto/TimeDelay2.xml
8 ms. Memory: 330752K Free: 210572K (64%)
----------------- Invoking toplevel() on ptolemy.moml.MoMLSimpleApplication@1635ee8c
----------------- Done invoking toplevel() on ptolemy.moml.MoMLSimpleApplication@1635ee8c
reloadAllAccessors: .TimeDelay2

===========================================================================================
----------------- testing Tue Jan 28 06:48:44 UTC 2020 /home/travis/build/icyphy/ptII/ptolemy/domains/continuous/test/auto/TimeDelay3.xml
----------------- Instantiating /home/travis/build/icyphy/ptII/ptolemy/domains/continuous/test/auto/TimeDelay3.xml
4 ms. Memory: 330752K Free: 205449K (62%)
----------------- Invoking toplevel() on ptolemy.moml.MoMLSimpleApplication@7b9ea8e3
----------------- Done invoking toplevel() on ptolemy.moml.MoMLSimpleApplication@7b9ea8e3
reloadAllAccessors: .TimeDelay3

===========================================================================================
----------------- testing Tue Jan 28 06:48:44 UTC 2020 /home/travis/build/icyphy/ptII/ptolemy/domains/continuous/test/auto/TransferAbsentToInside.xml
----------------- Instantiating /home/travis/build/icyphy/ptII/ptolemy/domains/continuous/test/auto/TransferAbsentToInside.xml
26 ms. Memory: 330752K Free: 152718K (46%)
----------------- Invoking toplevel() on ptolemy.moml.MoMLSimpleApplication@4e9f3069
----------------- Done invoking toplevel() on ptolemy.moml.MoMLSimpleApplication@4e9f3069
reloadAllAccessors: .TransferAbsentToInside

===========================================================================================
----------------- testing Tue Jan 28 06:48:45 UTC 2020 /home/travis/build/icyphy/ptII/ptolemy/domains/continuous/test/auto/Transmission.xml
----------------- Instantiating /home/travis/build/icyphy/ptII/ptolemy/domains/continuous/test/auto/Transmission.xml
753 ms. Memory: 330752K Free: 306813K (93%)
----------------- Invoking toplevel() on ptolemy.moml.MoMLSimpleApplication@3f6339a
----------------- Done invoking toplevel() on ptolemy.moml.MoMLSimpleApplication@3f6339a
reloadAllAccessors: .Transmission

===========================================================================================
----------------- testing Tue Jan 28 06:48:45 UTC 2020 /home/travis/build/icyphy/ptII/ptolemy/domains/continuous/test/auto/TriggeredContinuousClock.xml
----------------- Instantiating /home/travis/build/icyphy/ptII/ptolemy/domains/continuous/test/auto/TriggeredContinuousClock.xml
31 ms. Memory: 330752K Free: 277631K (84%)
----------------- Invoking toplevel() on ptolemy.moml.MoMLSimpleApplication@7db3a20
----------------- Done invoking toplevel() on ptolemy.moml.MoMLSimpleApplication@7db3a20
reloadAllAccessors: .TriggeredContinuousClock

===========================================================================================
----------------- testing Tue Jan 28 06:48:45 UTC 2020 /home/travis/build/icyphy/ptII/ptolemy/domains/continuous/test/auto/TwoMachineInfiniteBusControl.xml
----------------- Instantiating /home/travis/build/icyphy/ptII/ptolemy/domains/continuous/test/auto/TwoMachineInfiniteBusControl.xml
2529 ms. Memory: 330752K Free: 284745K (86%)
----------------- Invoking toplevel() on ptolemy.moml.MoMLSimpleApplication@aa5fdb1
----------------- Done invoking toplevel() on ptolemy.moml.MoMLSimpleApplication@aa5fdb1
reloadAllAccessors: .TwoMachineInfiniteBusControl

===========================================================================================
----------------- testing Tue Jan 28 06:48:48 UTC 2020 /home/travis/build/icyphy/ptII/ptolemy/domains/continuous/test/auto/V2V.xml
----------------- Instantiating /home/travis/build/icyphy/ptII/ptolemy/domains/continuous/test/auto/V2V.xml
627 ms. Memory: 330752K Free: 289863K (88%)
----------------- Invoking toplevel() on ptolemy.moml.MoMLSimpleApplication@6c7f571d
----------------- Done invoking toplevel() on ptolemy.moml.MoMLSimpleApplication@6c7f571d
reloadAllAccessors: .V2V

===========================================================================================
----------------- testing Tue Jan 28 06:48:49 UTC 2020 /home/travis/build/icyphy/ptII/ptolemy/domains/continuous/test/auto/hierarchicalModalModel.xml
----------------- Instantiating /home/travis/build/icyphy/ptII/ptolemy/domains/continuous/test/auto/hierarchicalModalModel.xml
9 ms. Memory: 330752K Free: 275512K (83%)
----------------- Invoking toplevel() on ptolemy.moml.MoMLSimpleApplication@a4fdf40
----------------- Done invoking toplevel() on ptolemy.moml.MoMLSimpleApplication@a4fdf40
reloadAllAccessors: .hierarchicalModalModel

===========================================================================================
----------------- testing Tue Jan 28 06:48:49 UTC 2020 /home/travis/build/icyphy/ptII/ptolemy/domains/continuous/test/auto/hierarchicalModalModel1.xml
----------------- Instantiating /home/travis/build/icyphy/ptII/ptolemy/domains/continuous/test/auto/hierarchicalModalModel1.xml
9 ms. Memory: 330752K Free: 261191K (79%)
----------------- Invoking toplevel() on ptolemy.moml.MoMLSimpleApplication@2a791343
----------------- Done invoking toplevel() on ptolemy.moml.MoMLSimpleApplication@2a791343
reloadAllAccessors: .hierarchicalModalModel1

===========================================================================================
----------------- testing Tue Jan 28 06:48:49 UTC 2020 /home/travis/build/icyphy/ptII/ptolemy/domains/continuous/test/auto/hierarchicalModalModel2.xml
----------------- Instantiating /home/travis/build/icyphy/ptII/ptolemy/domains/continuous/test/auto/hierarchicalModalModel2.xml
6 ms. Memory: 330752K Free: 248903K (75%)
----------------- Invoking toplevel() on ptolemy.moml.MoMLSimpleApplication@71230374
----------------- Done invoking toplevel() on ptolemy.moml.MoMLSimpleApplication@71230374
reloadAllAccessors: .hierarchicalModalModel2

===========================================================================================
----------------- testing Tue Jan 28 06:48:49 UTC 2020 /home/travis/build/icyphy/ptII/ptolemy/domains/continuous/test/auto/hierarchicalModalModel3.xml
----------------- Instantiating /home/travis/build/icyphy/ptII/ptolemy/domains/continuous/test/auto/hierarchicalModalModel3.xml
5 ms. Memory: 330752K Free: 238153K (72%)
----------------- Invoking toplevel() on ptolemy.moml.MoMLSimpleApplication@9ef40dd
----------------- Done invoking toplevel() on ptolemy.moml.MoMLSimpleApplication@9ef40dd
reloadAllAccessors: .hierarchicalModalModel3

===========================================================================================
----------------- testing Tue Jan 28 06:48:49 UTC 2020 /home/travis/build/icyphy/ptII/ptolemy/domains/continuous/test/auto/hierarchicalModalModel4.xml
----------------- Instantiating /home/travis/build/icyphy/ptII/ptolemy/domains/continuous/test/auto/hierarchicalModalModel4.xml
5 ms. Memory: 330752K Free: 226375K (68%)
----------------- Invoking toplevel() on ptolemy.moml.MoMLSimpleApplication@b30f618
----------------- Done invoking toplevel() on ptolemy.moml.MoMLSimpleApplication@b30f618
reloadAllAccessors: .hierarchicalModalModel4

===========================================================================================
----------------- testing Tue Jan 28 06:48:49 UTC 2020 /home/travis/build/icyphy/ptII/ptolemy/domains/continuous/test/auto/junk.xml
----------------- Instantiating /home/travis/build/icyphy/ptII/ptolemy/domains/continuous/test/auto/junk.xml
108 ms. Memory: 330752K Free: 201289K (61%)
----------------- Invoking toplevel() on ptolemy.moml.MoMLSimpleApplication@6021f58e
----------------- Done invoking toplevel() on ptolemy.moml.MoMLSimpleApplication@6021f58e
reloadAllAccessors: .junk
AutoTests.java: About to close Vertx.
AutoTests.java: Vertx closed.
]]></system-out>
  <system-err><![CDATA[Warning: '.HysteresisWithRandomDelay.NonStrictTest3' The test produced only 24 tokens, yet the correctValues parameter was expecting 30 tokens.
Warning: '.IncreasingRatePoisson.NonStrictTest' The test produced only 385 tokens, yet the correctValues parameter was expecting 402 tokens.
Warning: '.Poisson.NonStrictTest' The test produced only 392 tokens, yet the correctValues parameter was expecting 430 tokens.
]]></system-err>
</testsuite>
