<?xml version="1.0" encoding="UTF-8" ?>
<testsuite errors="0" failures="0" hostname="travis-job-3bf1fdb5-6a0a-4e53-af3d-6075379da51a" name="ptolemy.domains.de.test.junit.JUnitTclTest" skipped="0" tests="101" time="126.85" timestamp="2018-12-11T02:59:19">
  <properties>
[...]
</properties>
  <testcase classname="ptolemy.util.test.junit.TclTests" name="[0] /home/travis/build/icyphy/ptII/ptolemy/domains/de/test/DependencyLoop.tcl (RunTclFile)" time="0.738" />
  <testcase classname="ptolemy.util.test.junit.TclTests" name="[1] /home/travis/build/icyphy/ptII/ptolemy/domains/de/test/RunDETestsAsQSS.tcl (RunTclFile)" time="86.426" />
  <testcase classname="ptolemy.util.test.junit.AutoKnownFailedTests" name="[0] /home/travis/build/icyphy/ptII/ptolemy/domains/de/test/auto/knownFailedTests/DESDFClockTest.xml (RunModel)" time="2.038" />
  <testcase classname="ptolemy.util.test.junit.AutoKnownFailedTests" name="[1] /home/travis/build/icyphy/ptII/ptolemy/domains/de/test/auto/knownFailedTests/DirectFeedback.xml (RunModel)" time="0.013" />
  <testcase classname="ptolemy.util.test.junit.AutoKnownFailedTests" name="[2] /home/travis/build/icyphy/ptII/ptolemy/domains/de/test/auto/knownFailedTests/FSMSource.xml (RunModel)" time="0.028" />
  <testcase classname="ptolemy.util.test.junit.AutoKnownFailedTests" name="[3] /home/travis/build/icyphy/ptII/ptolemy/domains/de/test/auto/knownFailedTests/HierarchicalModel.xml (RunModel)" time="0.053" />
  <testcase classname="ptolemy.util.test.junit.AutoKnownFailedTests" name="[4] /home/travis/build/icyphy/ptII/ptolemy/domains/de/test/auto/knownFailedTests/dependencyLoop.xml (RunModel)" time="0.033" />
  <testcase classname="ptolemy.util.test.junit.AutoKnownFailedTests" name="[5] /home/travis/build/icyphy/ptII/ptolemy/domains/de/test/auto/knownFailedTests/dependencyLoop2.xml (RunModel)" time="0.045" />
  <testcase classname="ptolemy.util.test.junit.AutoNameArchTests" name="[0] ThereAreNoAutoArchTests (RunModel)" time="0.001" />
  <testcase classname="ptolemy.util.test.junit.AutoTests" name="[0] /home/travis/build/icyphy/ptII/ptolemy/domains/de/test/auto/ActorDepthCalculation_actorWithoutPorts.xml (RunModel)" time="0.023" />
  <testcase classname="ptolemy.util.test.junit.AutoTests" name="[1] /home/travis/build/icyphy/ptII/ptolemy/domains/de/test/auto/AssemblyLine.xml (RunModel)" time="0.016" />
  <testcase classname="ptolemy.util.test.junit.AutoTests" name="[2] /home/travis/build/icyphy/ptII/ptolemy/domains/de/test/auto/CQBug1.xml (RunModel)" time="0.008" />
  <testcase classname="ptolemy.util.test.junit.AutoTests" name="[3] /home/travis/build/icyphy/ptII/ptolemy/domains/de/test/auto/CancelFireAt.xml (RunModel)" time="0.005" />
  <testcase classname="ptolemy.util.test.junit.AutoTests" name="[4] /home/travis/build/icyphy/ptII/ptolemy/domains/de/test/auto/CausalityAndComposabilityAnalysis.xml (RunModel)" time="0.01" />
  <testcase classname="ptolemy.util.test.junit.AutoTests" name="[5] /home/travis/build/icyphy/ptII/ptolemy/domains/de/test/auto/CausalityInterface1.xml (RunModel)" time="0.015" />
  <testcase classname="ptolemy.util.test.junit.AutoTests" name="[6] /home/travis/build/icyphy/ptII/ptolemy/domains/de/test/auto/CausalityInterface15.xml (RunModel)" time="0.013" />
  <testcase classname="ptolemy.util.test.junit.AutoTests" name="[7] /home/travis/build/icyphy/ptII/ptolemy/domains/de/test/auto/CausalityInterface2.xml (RunModel)" time="0.01" />
  <testcase classname="ptolemy.util.test.junit.AutoTests" name="[8] /home/travis/build/icyphy/ptII/ptolemy/domains/de/test/auto/CausalityInterface3.xml (RunModel)" time="0.01" />
  <testcase classname="ptolemy.util.test.junit.AutoTests" name="[9] /home/travis/build/icyphy/ptII/ptolemy/domains/de/test/auto/ClockDrift.xml (RunModel)" time="0.032" />
  <testcase classname="ptolemy.util.test.junit.AutoTests" name="[10] /home/travis/build/icyphy/ptII/ptolemy/domains/de/test/auto/ClockDriftAndValueChange.xml (RunModel)" time="0.032" />
  <testcase classname="ptolemy.util.test.junit.AutoTests" name="[11] /home/travis/build/icyphy/ptII/ptolemy/domains/de/test/auto/ClockDriftChange.xml (RunModel)" time="0.031" />
  <testcase classname="ptolemy.util.test.junit.AutoTests" name="[12] /home/travis/build/icyphy/ptII/ptolemy/domains/de/test/auto/ComposableCausalityAnalysis.xml (RunModel)" time="0.011" />
  <testcase classname="ptolemy.util.test.junit.AutoTests" name="[13] /home/travis/build/icyphy/ptII/ptolemy/domains/de/test/auto/DEFixedPointLimitation.xml (RunModel)" time="0.01" />
  <testcase classname="ptolemy.util.test.junit.AutoTests" name="[14] /home/travis/build/icyphy/ptII/ptolemy/domains/de/test/auto/DEScheduleTest.xml (RunModel)" time="0.01" />
  <testcase classname="ptolemy.util.test.junit.AutoTests" name="[15] /home/travis/build/icyphy/ptII/ptolemy/domains/de/test/auto/DEinDEwithStartTimes.xml (RunModel)" time="0.012" />
  <testcase classname="ptolemy.util.test.junit.AutoTests" name="[16] /home/travis/build/icyphy/ptII/ptolemy/domains/de/test/auto/DEinDEwithStartTimes2.xml (RunModel)" time="0.014" />
  <testcase classname="ptolemy.util.test.junit.AutoTests" name="[17] /home/travis/build/icyphy/ptII/ptolemy/domains/de/test/auto/DateDemo.xml (RunModel)" time="0.026" />
  <testcase classname="ptolemy.util.test.junit.AutoTests" name="[18] /home/travis/build/icyphy/ptII/ptolemy/domains/de/test/auto/DateToEvent.xml (RunModel)" time="2.041" />
  <testcase classname="ptolemy.util.test.junit.AutoTests" name="[19] /home/travis/build/icyphy/ptII/ptolemy/domains/de/test/auto/DepthTest1.xml (RunModel)" time="0.011" />
  <testcase classname="ptolemy.util.test.junit.AutoTests" name="[20] /home/travis/build/icyphy/ptII/ptolemy/domains/de/test/auto/DepthTest2.xml (RunModel)" time="0.017" />
  <testcase classname="ptolemy.util.test.junit.AutoTests" name="[21] /home/travis/build/icyphy/ptII/ptolemy/domains/de/test/auto/DepthTest3.xml (RunModel)" time="0.01" />
  <testcase classname="ptolemy.util.test.junit.AutoTests" name="[22] /home/travis/build/icyphy/ptII/ptolemy/domains/de/test/auto/DepthTest4.xml (RunModel)" time="0.018" />
  <testcase classname="ptolemy.util.test.junit.AutoTests" name="[23] /home/travis/build/icyphy/ptII/ptolemy/domains/de/test/auto/DepthTest5.xml (RunModel)" time="0.018" />
  <testcase classname="ptolemy.util.test.junit.AutoTests" name="[24] /home/travis/build/icyphy/ptII/ptolemy/domains/de/test/auto/DepthTest6.xml (RunModel)" time="0.011" />
  <testcase classname="ptolemy.util.test.junit.AutoTests" name="[25] /home/travis/build/icyphy/ptII/ptolemy/domains/de/test/auto/DepthTest7.xml (RunModel)" time="0.01" />
  <testcase classname="ptolemy.util.test.junit.AutoTests" name="[26] /home/travis/build/icyphy/ptII/ptolemy/domains/de/test/auto/EventToDate.xml (RunModel)" time="3.031" />
  <testcase classname="ptolemy.util.test.junit.AutoTests" name="[27] /home/travis/build/icyphy/ptII/ptolemy/domains/de/test/auto/FSM1.xml (RunModel)" time="0.036" />
  <testcase classname="ptolemy.util.test.junit.AutoTests" name="[28] /home/travis/build/icyphy/ptII/ptolemy/domains/de/test/auto/FSM7.xml (RunModel)" time="0.028" />
  <testcase classname="ptolemy.util.test.junit.AutoTests" name="[29] /home/travis/build/icyphy/ptII/ptolemy/domains/de/test/auto/Inspection.xml (RunModel)" time="0.041" />
  <testcase classname="ptolemy.util.test.junit.AutoTests" name="[30] /home/travis/build/icyphy/ptII/ptolemy/domains/de/test/auto/Iteration.xml (RunModel)" time="0.025" />
  <testcase classname="ptolemy.util.test.junit.AutoTests" name="[31] /home/travis/build/icyphy/ptII/ptolemy/domains/de/test/auto/LineFault.xml (RunModel)" time="0.568" />
  <testcase classname="ptolemy.util.test.junit.AutoTests" name="[32] /home/travis/build/icyphy/ptII/ptolemy/domains/de/test/auto/MergeModel1Add.xml (RunModel)" time="0.04" />
  <testcase classname="ptolemy.util.test.junit.AutoTests" name="[33] /home/travis/build/icyphy/ptII/ptolemy/domains/de/test/auto/MergeModel2Add.xml (RunModel)" time="0.044" />
  <testcase classname="ptolemy.util.test.junit.AutoTests" name="[34] /home/travis/build/icyphy/ptII/ptolemy/domains/de/test/auto/MergeModel3Add.xml (RunModel)" time="0.052" />
  <testcase classname="ptolemy.util.test.junit.AutoTests" name="[35] /home/travis/build/icyphy/ptII/ptolemy/domains/de/test/auto/MergeWithoutDiscard.xml (RunModel)" time="0.01" />
  <testcase classname="ptolemy.util.test.junit.AutoTests" name="[36] /home/travis/build/icyphy/ptII/ptolemy/domains/de/test/auto/Modal1.xml (RunModel)" time="0.028" />
  <testcase classname="ptolemy.util.test.junit.AutoTests" name="[37] /home/travis/build/icyphy/ptII/ptolemy/domains/de/test/auto/Modal2.xml (RunModel)" time="0.028" />
  <testcase classname="ptolemy.util.test.junit.AutoTests" name="[38] /home/travis/build/icyphy/ptII/ptolemy/domains/de/test/auto/Modal3.xml (RunModel)" time="0.025" />
  <testcase classname="ptolemy.util.test.junit.AutoTests" name="[39] /home/travis/build/icyphy/ptII/ptolemy/domains/de/test/auto/Modal4.xml (RunModel)" time="0.029" />
  <testcase classname="ptolemy.util.test.junit.AutoTests" name="[40] /home/travis/build/icyphy/ptII/ptolemy/domains/de/test/auto/Modal5.xml (RunModel)" time="0.026" />
  <testcase classname="ptolemy.util.test.junit.AutoTests" name="[41] /home/travis/build/icyphy/ptII/ptolemy/domains/de/test/auto/Modal6.xml (RunModel)" time="0.024" />
  <testcase classname="ptolemy.util.test.junit.AutoTests" name="[42] /home/travis/build/icyphy/ptII/ptolemy/domains/de/test/auto/Modal7.xml (RunModel)" time="0.026" />
  <testcase classname="ptolemy.util.test.junit.AutoTests" name="[43] /home/travis/build/icyphy/ptII/ptolemy/domains/de/test/auto/ModalModel.xml (RunModel)" time="0.146" />
  <testcase classname="ptolemy.util.test.junit.AutoTests" name="[44] /home/travis/build/icyphy/ptII/ptolemy/domains/de/test/auto/ModalSource.xml (RunModel)" time="0.021" />
  <testcase classname="ptolemy.util.test.junit.AutoTests" name="[45] /home/travis/build/icyphy/ptII/ptolemy/domains/de/test/auto/NonInterruptibleTimerZeroDelay.xml (RunModel)" time="0.01" />
  <testcase classname="ptolemy.util.test.junit.AutoTests" name="[46] /home/travis/build/icyphy/ptII/ptolemy/domains/de/test/auto/OpenQueueingNetwork.xml (RunModel)" time="2.139" />
  <testcase classname="ptolemy.util.test.junit.AutoTests" name="[47] /home/travis/build/icyphy/ptII/ptolemy/domains/de/test/auto/OpenQueuingNetwork.xml (RunModel)" time="0.251" />
  <testcase classname="ptolemy.util.test.junit.AutoTests" name="[48] /home/travis/build/icyphy/ptII/ptolemy/domains/de/test/auto/PeriodicSampler.xml (RunModel)" time="0.009" />
  <testcase classname="ptolemy.util.test.junit.AutoTests" name="[49] /home/travis/build/icyphy/ptII/ptolemy/domains/de/test/auto/PersistentIO.xml (RunModel)" time="0.016" />
  <testcase classname="ptolemy.util.test.junit.AutoTests" name="[50] /home/travis/build/icyphy/ptII/ptolemy/domains/de/test/auto/PortParameterResetOnInitialize.xml (RunModel)" time="0.009" />
  <testcase classname="ptolemy.util.test.junit.AutoTests" name="[51] /home/travis/build/icyphy/ptII/ptolemy/domains/de/test/auto/PortParameterUpdates.xml (RunModel)" time="0.02" />
  <testcase classname="ptolemy.util.test.junit.AutoTests" name="[52] /home/travis/build/icyphy/ptII/ptolemy/domains/de/test/auto/QueueAndServer.xml (RunModel)" time="0.019" />
  <testcase classname="ptolemy.util.test.junit.AutoTests" name="[53] /home/travis/build/icyphy/ptII/ptolemy/domains/de/test/auto/Records.xml (RunModel)" time="0.012" />
  <testcase classname="ptolemy.util.test.junit.AutoTests" name="[54] /home/travis/build/icyphy/ptII/ptolemy/domains/de/test/auto/ResetTransitionWithStartTime1.xml (RunModel)" time="0.017" />
  <testcase classname="ptolemy.util.test.junit.AutoTests" name="[55] /home/travis/build/icyphy/ptII/ptolemy/domains/de/test/auto/ResetTransitionWithStartTime2.xml (RunModel)" time="0.016" />
  <testcase classname="ptolemy.util.test.junit.AutoTests" name="[56] /home/travis/build/icyphy/ptII/ptolemy/domains/de/test/auto/ResetTransitionWithStartTime3.xml (RunModel)" time="0.017" />
  <testcase classname="ptolemy.util.test.junit.AutoTests" name="[57] /home/travis/build/icyphy/ptII/ptolemy/domains/de/test/auto/ResetTransitionWithStartTime4.xml (RunModel)" time="0.015" />
  <testcase classname="ptolemy.util.test.junit.AutoTests" name="[58] /home/travis/build/icyphy/ptII/ptolemy/domains/de/test/auto/ResettableTimer1.xml (RunModel)" time="0.009" />
  <testcase classname="ptolemy.util.test.junit.AutoTests" name="[59] /home/travis/build/icyphy/ptII/ptolemy/domains/de/test/auto/ResettableTimer2.xml (RunModel)" time="0.009" />
  <testcase classname="ptolemy.util.test.junit.AutoTests" name="[60] /home/travis/build/icyphy/ptII/ptolemy/domains/de/test/auto/ResettableTimer3.xml (RunModel)" time="0.007" />
  <testcase classname="ptolemy.util.test.junit.AutoTests" name="[61] /home/travis/build/icyphy/ptII/ptolemy/domains/de/test/auto/ResettableTimer4.xml (RunModel)" time="0.009" />
  <testcase classname="ptolemy.util.test.junit.AutoTests" name="[62] /home/travis/build/icyphy/ptII/ptolemy/domains/de/test/auto/ResettableTimer5.xml (RunModel)" time="0.008" />
  <testcase classname="ptolemy.util.test.junit.AutoTests" name="[63] /home/travis/build/icyphy/ptII/ptolemy/domains/de/test/auto/ResettableTimer6.xml (RunModel)" time="0.015" />
  <testcase classname="ptolemy.util.test.junit.AutoTests" name="[64] /home/travis/build/icyphy/ptII/ptolemy/domains/de/test/auto/ServerZeroDelay.xml (RunModel)" time="0.01" />
  <testcase classname="ptolemy.util.test.junit.AutoTests" name="[65] /home/travis/build/icyphy/ptII/ptolemy/domains/de/test/auto/SmartSender.xml (RunModel)" time="3.008" />
  <testcase classname="ptolemy.util.test.junit.AutoTests" name="[66] /home/travis/build/icyphy/ptII/ptolemy/domains/de/test/auto/ThreadedComposite.xml (RunModel)" time="0.171" />
  <testcase classname="ptolemy.util.test.junit.AutoTests" name="[67] /home/travis/build/icyphy/ptII/ptolemy/domains/de/test/auto/Time.xml (RunModel)" time="0.438" />
  <testcase classname="ptolemy.util.test.junit.AutoTests" name="[68] /home/travis/build/icyphy/ptII/ptolemy/domains/de/test/auto/TimeDelayZeroDelay.xml (RunModel)" time="0.011" />
  <testcase classname="ptolemy.util.test.junit.AutoTests" name="[69] /home/travis/build/icyphy/ptII/ptolemy/domains/de/test/auto/TimerZeroDelay.xml (RunModel)" time="0.016" />
  <testcase classname="ptolemy.util.test.junit.AutoTests" name="[70] /home/travis/build/icyphy/ptII/ptolemy/domains/de/test/auto/TimingParadox.xml (RunModel)" time="0.339" />
  <testcase classname="ptolemy.util.test.junit.AutoTests" name="[71] /home/travis/build/icyphy/ptII/ptolemy/domains/de/test/auto/TransferInputs.xml (RunModel)" time="0.008" />
  <testcase classname="ptolemy.util.test.junit.AutoTests" name="[72] /home/travis/build/icyphy/ptII/ptolemy/domains/de/test/auto/TransferOutputs2.xml (RunModel)" time="0.014" />
  <testcase classname="ptolemy.util.test.junit.AutoTests" name="[73] /home/travis/build/icyphy/ptII/ptolemy/domains/de/test/auto/Trilateration.xml (RunModel)" time="11.558" />
  <testcase classname="ptolemy.util.test.junit.AutoTests" name="[74] /home/travis/build/icyphy/ptII/ptolemy/domains/de/test/auto/TwoSigmaDelta.xml (RunModel)" time="2.112" />
  <testcase classname="ptolemy.util.test.junit.AutoTests" name="[75] /home/travis/build/icyphy/ptII/ptolemy/domains/de/test/auto/VariableDelay.xml (RunModel)" time="0.013" />
  <testcase classname="ptolemy.util.test.junit.AutoTests" name="[76] /home/travis/build/icyphy/ptII/ptolemy/domains/de/test/auto/VariableDelay2.xml (RunModel)" time="0.008" />
  <testcase classname="ptolemy.util.test.junit.AutoTests" name="[77] /home/travis/build/icyphy/ptII/ptolemy/domains/de/test/auto/VariableDelayZeroDelay.xml (RunModel)" time="0.01" />
  <testcase classname="ptolemy.util.test.junit.AutoTests" name="[78] /home/travis/build/icyphy/ptII/ptolemy/domains/de/test/auto/VariableDelayZeroDelay2.xml (RunModel)" time="0.009" />
  <testcase classname="ptolemy.util.test.junit.AutoTests" name="[79] /home/travis/build/icyphy/ptII/ptolemy/domains/de/test/auto/deInCt.xml (RunModel)" time="0.014" />
  <testcase classname="ptolemy.util.test.junit.AutoTests" name="[80] /home/travis/build/icyphy/ptII/ptolemy/domains/de/test/auto/deInCt2.xml (RunModel)" time="0.017" />
  <testcase classname="ptolemy.util.test.junit.AutoTests" name="[81] /home/travis/build/icyphy/ptII/ptolemy/domains/de/test/auto/dynamicCausalityInterface1.xml (RunModel)" time="0.017" />
  <testcase classname="ptolemy.util.test.junit.AutoTests" name="[82] /home/travis/build/icyphy/ptII/ptolemy/domains/de/test/auto/fsm_de_test.xml (RunModel)" time="0.022" />
  <testcase classname="ptolemy.util.test.junit.AutoTests" name="[83] /home/travis/build/icyphy/ptII/ptolemy/domains/de/test/auto/functionDependencyReconstruction.xml (RunModel)" time="0.032" />
  <testcase classname="ptolemy.util.test.junit.AutoTests" name="[84] /home/travis/build/icyphy/ptII/ptolemy/domains/de/test/auto/multirate.xml (RunModel)" time="0.013" />
  <testcase classname="ptolemy.util.test.junit.AutoTests" name="[85] /home/travis/build/icyphy/ptII/ptolemy/domains/de/test/auto/multirate2.xml (RunModel)" time="0.017" />
  <testcase classname="ptolemy.util.test.junit.AutoTests" name="[86] /home/travis/build/icyphy/ptII/ptolemy/domains/de/test/auto/realtime.xml (RunModel)" time="10.009" />
  <testcase classname="ptolemy.util.test.junit.AutoTests" name="[87] /home/travis/build/icyphy/ptII/ptolemy/domains/de/test/auto/relationGroup.xml (RunModel)" time="0.01" />
  <testcase classname="ptolemy.util.test.junit.AutoTests" name="[88] /home/travis/build/icyphy/ptII/ptolemy/domains/de/test/auto/relationGroup2.xml (RunModel)" time="0.02" />
  <testcase classname="ptolemy.util.test.junit.AutoTests" name="[89] /home/travis/build/icyphy/ptII/ptolemy/domains/de/test/auto/sortWithOpaquePorts.xml (RunModel)" time="0.012" />
  <testcase classname="ptolemy.util.test.junit.AutoTests" name="[90] /home/travis/build/icyphy/ptII/ptolemy/domains/de/test/auto/transferInputsandOutputs.xml (RunModel)" time="0.021" />
  <testcase classname="ptolemy.util.test.junit.AutoTests" name="[91] /home/travis/build/icyphy/ptII/ptolemy/domains/de/test/auto/triggerType.xml (RunModel)" time="0.009" />
  <system-out><![CDATA[/home/travis/build/icyphy/ptII/ptolemy/domains/de/test/DependencyLoop.tcl
testDefs.tcl: setting time out to 9000 seconds at Tue Dec 11 02:59:19 UTC 2018
13 ms. Memory: 116224K Free: 93919K (81%)
10 ms. Memory: 146944K Free: 135439K (92%)
/home/travis/build/icyphy/ptII/ptolemy/domains/de/test/RunDETestsAsQSS.tcl
Run the DE tests using ptolemy.domains.qss.test.QSSDirectorTest, which extends QSSDirector and prints a message in the constructors.
------------------ testing $PTII/ptolemy/domains/de/test/auto/knownFailedTests/dependencyLoop.xml (Known Failure) 
5 ms. Memory: 146944K Free: 132327K (90%)


==== $PTIIhome/travis/build/icyphy/ptII/ptolemy/domains/de/test/../../../../: Auto Automatic test in file $PTII/ptolemy/domains/de/test/auto/knownFailedTests/dependencyLoop.xml
==== Contents of test case:

	    # FIXME: we should use $relativeFilename here, but it
	    # might have backslashes under Windows, which causes no end
	    # of trouble.
	    createAndExecute $file
	    list {}
	
.... Test generated KNOWN error:
    while executing
ptolemy.kernel.util.IllegalActionException: Found a zero delay loop containing .dependencyLoop.original
  in .dependencyLoop and .dependencyLoop.original
	at ptolemy.actor.util.CausalityInterfaceForComposites._computeOutputPortDepth(CausalityInterfaceForComposites.java:759)
	at ptolemy.actor.util.CausalityInterfaceForComposites._computeInputDepth(CausalityInterfaceForComposites.java:696)
	at ptolemy.actor.util.CausalityInterfaceForComposites._computeOutputPortDepth(CausalityInterfaceForComposites.java:765)
	at ptolemy.actor.util.CausalityInterfaceForComposites._computeInputDepth(CausalityInterfaceForComposites.java:696)
	at ptolemy.actor.util.CausalityInterfaceForComposites._computeOutputPortDepth(CausalityInterfaceForComposites.java:765)
	at ptolemy.actor.util.CausalityInterfaceForComposites._computeInputDepth(CausalityInterfaceForComposites.java:696)
	at ptolemy.actor.util.CausalityInterfaceForComposites._computeActorDepth(CausalityInterfaceForComposites.java:532)
	at ptolemy.actor.util.CausalityInterfaceForComposites.checkForCycles(CausalityInterfaceForComposites.java:96)
	at ptolemy.domains.de.kernel.DEDirector.preinitialize(DEDirector.java:1338)
	at ptolemy.actor.CompositeActor.preinitialize(CompositeActor.java:1828)
	at ptolemy.actor.Manager.preinitializeAndResolveTypes(Manager.java:1040)
	at ptolemy.actor.Manager.initialize(Manager.java:710)
	at ptolemy.actor.Manager.execute(Manager.java:356)
	at ptolemy.actor.Manager.run(Manager.java:1263)
	at ptolemy.actor.Manager$PtolemyRunThread.run(Manager.java:1915)

    while executing
ptolemy.kernel.util.IllegalActionException: Found a zero delay loop containing .dependencyLoop.original
  in .dependencyLoop and .dependencyLoop.original
    while executing
"java::new ptolemy.moml.MoMLSimpleApplication $file
"
    (procedure "createAndExecute" line 2)
    invoked from within
"createAndExecute $file"
    ("uplevel" body line 5)
    invoked from within
"uplevel $contents_of_test"
------------------ testing $PTII/ptolemy/domains/de/test/auto/knownFailedTests/DESDFClockTest.xml (Known Failure) 
2085 ms. Memory: 146944K Free: 116459K (79%)


==== $PTIIhome/travis/build/icyphy/ptII/ptolemy/domains/de/test/../../../../: Auto Automatic test in file $PTII/ptolemy/domains/de/test/auto/knownFailedTests/DESDFClockTest.xml
==== Contents of test case:

	    # FIXME: we should use $relativeFilename here, but it
	    # might have backslashes under Windows, which causes no end
	    # of trouble.
	    createAndExecute $file
	    list {}
	
.... Test generated KNOWN error:
    while executing
ptolemy.kernel.util.IllegalActionException: Actor is not ready to fire.  Perhaps UpSample.prefire() returned false? Try debugging the actor by selecting "Listen to Actor".  Also, for SDF check moml for tokenConsumptionRate on input.
  in .DESDFClockTest.Play Bell.Copy1:SDF Director and .DESDFClockTest.Play Bell.UpSample
	at ptolemy.actor.sched.StaticSchedulingDirector.fire(StaticSchedulingDirector.java:227)
	at ptolemy.domains.sdf.kernel.SDFDirector.fire(SDFDirector.java:500)
	at ptolemy.actor.CompositeActor.fire(CompositeActor.java:455)
	at ptolemy.domains.de.kernel.DEDirector._fire(DEDirector.java:1949)
	at ptolemy.domains.de.kernel.DEDirector.fire(DEDirector.java:502)
	at ptolemy.actor.CompositeActor.fire(CompositeActor.java:455)
	at ptolemy.actor.Manager.iterate(Manager.java:851)
	at ptolemy.actor.Manager.execute(Manager.java:369)
	at ptolemy.actor.Manager.run(Manager.java:1263)
	at ptolemy.actor.Manager$PtolemyRunThread.run(Manager.java:1915)

    while executing
ptolemy.kernel.util.IllegalActionException: Actor is not ready to fire.  Perhaps UpSample.prefire() returned false? Try debugging the actor by selecting "Listen to Actor".  Also, for SDF check moml for tokenConsumptionRate on input.
  in .DESDFClockTest.Play Bell.Copy1:SDF Director and .DESDFClockTest.Play Bell.UpSample
    while executing
"java::new ptolemy.moml.MoMLSimpleApplication $file
"
    (procedure "createAndExecute" line 2)
    invoked from within
"createAndExecute $file"
    ("uplevel" body line 5)
    invoked from within
"uplevel $contents_of_test"
------------------ testing $PTII/ptolemy/domains/de/test/auto/knownFailedTests/FSMSource.xml (Known Failure) 
28 ms. Memory: 146944K Free: 106797K (73%)
!!!! Auto was marked as failing, but now passes
------------------ testing $PTII/ptolemy/domains/de/test/auto/knownFailedTests/dependencyLoop2.xml (Known Failure) 
9 ms. Memory: 146944K Free: 104913K (71%)


==== $PTIIhome/travis/build/icyphy/ptII/ptolemy/domains/de/test/../../../../: Auto Automatic test in file $PTII/ptolemy/domains/de/test/auto/knownFailedTests/dependencyLoop2.xml
==== Contents of test case:

	    # FIXME: we should use $relativeFilename here, but it
	    # might have backslashes under Windows, which causes no end
	    # of trouble.
	    createAndExecute $file
	    list {}
	
.... Test generated KNOWN error:
    while executing
ptolemy.kernel.util.IllegalActionException: Found a zero delay loop containing .dependencyLoop2.original
  in .dependencyLoop2 and .dependencyLoop2.original
	at ptolemy.actor.util.CausalityInterfaceForComposites._computeOutputPortDepth(CausalityInterfaceForComposites.java:759)
	at ptolemy.actor.util.CausalityInterfaceForComposites._computeInputDepth(CausalityInterfaceForComposites.java:696)
	at ptolemy.actor.util.CausalityInterfaceForComposites._computeOutputPortDepth(CausalityInterfaceForComposites.java:765)
	at ptolemy.actor.util.CausalityInterfaceForComposites._computeInputDepth(CausalityInterfaceForComposites.java:696)
	at ptolemy.actor.util.CausalityInterfaceForComposites._computeOutputPortDepth(CausalityInterfaceForComposites.java:765)
	at ptolemy.actor.util.CausalityInterfaceForComposites._computeInputDepth(CausalityInterfaceForComposites.java:696)
	at ptolemy.actor.util.CausalityInterfaceForComposites._computeActorDepth(CausalityInterfaceForComposites.java:532)
	at ptolemy.actor.util.CausalityInterfaceForComposites.checkForCycles(CausalityInterfaceForComposites.java:96)
	at ptolemy.domains.de.kernel.DEDirector.preinitialize(DEDirector.java:1338)
	at ptolemy.actor.CompositeActor.preinitialize(CompositeActor.java:1828)
	at ptolemy.actor.Manager.preinitializeAndResolveTypes(Manager.java:1040)
	at ptolemy.actor.Manager.initialize(Manager.java:710)
	at ptolemy.actor.Manager.execute(Manager.java:356)
	at ptolemy.actor.Manager.run(Manager.java:1263)
	at ptolemy.actor.Manager$PtolemyRunThread.run(Manager.java:1915)

    while executing
ptolemy.kernel.util.IllegalActionException: Found a zero delay loop containing .dependencyLoop2.original
  in .dependencyLoop2 and .dependencyLoop2.original
    while executing
"java::new ptolemy.moml.MoMLSimpleApplication $file
"
    (procedure "createAndExecute" line 2)
    invoked from within
"createAndExecute $file"
    ("uplevel" body line 5)
    invoked from within
"uplevel $contents_of_test"
------------------ testing $PTII/ptolemy/domains/de/test/auto/knownFailedTests/HierarchicalModel.xml (Known Failure) 
10 ms. Memory: 146944K Free: 84304K (57%)


==== $PTIIhome/travis/build/icyphy/ptII/ptolemy/domains/de/test/../../../../: Auto Automatic test in file $PTII/ptolemy/domains/de/test/auto/knownFailedTests/HierarchicalModel.xml
==== Contents of test case:

	    # FIXME: we should use $relativeFilename here, but it
	    # might have backslashes under Windows, which causes no end
	    # of trouble.
	    createAndExecute $file
	    list {}
	
.... Test generated KNOWN error:
    while executing
ptolemy.kernel.util.IllegalActionException: Found a zero delay loop containing .HierarchicalModel.A
  in .HierarchicalModel and .HierarchicalModel.A
	at ptolemy.actor.util.CausalityInterfaceForComposites._computeOutputPortDepth(CausalityInterfaceForComposites.java:759)
	at ptolemy.actor.util.CausalityInterfaceForComposites._computeInputDepth(CausalityInterfaceForComposites.java:696)
	at ptolemy.actor.util.CausalityInterfaceForComposites._computeOutputPortDepth(CausalityInterfaceForComposites.java:765)
	at ptolemy.actor.util.CausalityInterfaceForComposites._computeInputDepth(CausalityInterfaceForComposites.java:696)
	at ptolemy.actor.util.CausalityInterfaceForComposites._computeOutputPortDepth(CausalityInterfaceForComposites.java:765)
	at ptolemy.actor.util.CausalityInterfaceForComposites._computeInputDepth(CausalityInterfaceForComposites.java:696)
	at ptolemy.actor.util.CausalityInterfaceForComposites._computeActorDepth(CausalityInterfaceForComposites.java:532)
	at ptolemy.actor.util.CausalityInterfaceForComposites.checkForCycles(CausalityInterfaceForComposites.java:96)
	at ptolemy.domains.de.kernel.DEDirector.preinitialize(DEDirector.java:1338)
	at ptolemy.actor.CompositeActor.preinitialize(CompositeActor.java:1828)
	at ptolemy.actor.Manager.preinitializeAndResolveTypes(Manager.java:1040)
	at ptolemy.actor.Manager.initialize(Manager.java:710)
	at ptolemy.actor.Manager.execute(Manager.java:356)
	at ptolemy.actor.Manager.run(Manager.java:1263)
	at ptolemy.actor.Manager$PtolemyRunThread.run(Manager.java:1915)

    while executing
ptolemy.kernel.util.IllegalActionException: Found a zero delay loop containing .HierarchicalModel.A
  in .HierarchicalModel and .HierarchicalModel.A
    while executing
"java::new ptolemy.moml.MoMLSimpleApplication $file
"
    (procedure "createAndExecute" line 2)
    invoked from within
"createAndExecute $file"
    ("uplevel" body line 5)
    invoked from within
"uplevel $contents_of_test"
------------------ testing $PTII/ptolemy/domains/de/test/auto/knownFailedTests/DirectFeedback.xml (Known Failure) 
9 ms. Memory: 146944K Free: 140314K (95%)


==== $PTIIhome/travis/build/icyphy/ptII/ptolemy/domains/de/test/../../../../: Auto Automatic test in file $PTII/ptolemy/domains/de/test/auto/knownFailedTests/DirectFeedback.xml
==== Contents of test case:

	    # FIXME: we should use $relativeFilename here, but it
	    # might have backslashes under Windows, which causes no end
	    # of trouble.
	    createAndExecute $file
	    list {}
	
.... Test generated KNOWN error:
    while executing
ptolemy.kernel.util.IllegalActionException: Test fails in iteration 1.
Value was: 1.0. Should have been: 2.0
  in .DirectFeedback.Test
	at ptolemy.actor.lib.Test.fire(Test.java:268)
	at ptolemy.domains.de.kernel.DEDirector._fire(DEDirector.java:1949)
	at ptolemy.domains.de.kernel.DEDirector.fire(DEDirector.java:502)
	at ptolemy.actor.CompositeActor.fire(CompositeActor.java:455)
	at ptolemy.actor.Manager.iterate(Manager.java:851)
	at ptolemy.actor.Manager.execute(Manager.java:369)
	at ptolemy.actor.Manager.run(Manager.java:1263)
	at ptolemy.actor.Manager$PtolemyRunThread.run(Manager.java:1915)

    while executing
ptolemy.kernel.util.IllegalActionException: Test fails in iteration 1.
Value was: 1.0. Should have been: 2.0
  in .DirectFeedback.Test
    while executing
"java::new ptolemy.moml.MoMLSimpleApplication $file
"
    (procedure "createAndExecute" line 2)
    invoked from within
"createAndExecute $file"
    ("uplevel" body line 5)
    invoked from within
"uplevel $contents_of_test"
------------------ testing $PTII/ptolemy/domains/de/test/auto/ActorDepthCalculation_actorWithoutPorts.xml
auto.tcl: Setting watchdog for 200 seconds at Tue Dec 11 02:59:22 UTC 2018
12 ms. Memory: 146944K Free: 132364K (90%)
ptolemy.util.test.WatchDog.cancel(): canceling Tue Dec 11 02:59:22 UTC 2018
auto.tcl: Setting watchdog for 200 seconds at Tue Dec 11 02:59:22 UTC 2018
4 ms. Memory: 146944K Free: 131318K (89%)
ptolemy.util.test.WatchDog.cancel(): canceling Tue Dec 11 02:59:22 UTC 2018
------------------ testing $PTII/ptolemy/domains/de/test/auto/AssemblyLine.xml
auto.tcl: Setting watchdog for 200 seconds at Tue Dec 11 02:59:22 UTC 2018
30 ms. Memory: 208384K Free: 182781K (88%)
ptolemy.util.test.WatchDog.cancel(): canceling Tue Dec 11 02:59:23 UTC 2018
auto.tcl: Setting watchdog for 200 seconds at Tue Dec 11 02:59:23 UTC 2018
7 ms. Memory: 208384K Free: 182781K (88%)
ptolemy.util.test.WatchDog.cancel(): canceling Tue Dec 11 02:59:23 UTC 2018
------------------ testing $PTII/ptolemy/domains/de/test/auto/CQBug1.xml
auto.tcl: Setting watchdog for 200 seconds at Tue Dec 11 02:59:23 UTC 2018
11 ms. Memory: 208384K Free: 197675K (95%)
ptolemy.util.test.WatchDog.cancel(): canceling Tue Dec 11 02:59:23 UTC 2018
auto.tcl: Setting watchdog for 200 seconds at Tue Dec 11 02:59:23 UTC 2018
9 ms. Memory: 208384K Free: 197675K (95%)
ptolemy.util.test.WatchDog.cancel(): canceling Tue Dec 11 02:59:23 UTC 2018
------------------ testing $PTII/ptolemy/domains/de/test/auto/CancelFireAt.xml
auto.tcl: Setting watchdog for 200 seconds at Tue Dec 11 02:59:23 UTC 2018
8 ms. Memory: 208384K Free: 201069K (96%)
ptolemy.util.test.WatchDog.cancel(): canceling Tue Dec 11 02:59:23 UTC 2018
auto.tcl: Setting watchdog for 200 seconds at Tue Dec 11 02:59:23 UTC 2018
10 ms. Memory: 208384K Free: 198958K (95%)
ptolemy.util.test.WatchDog.cancel(): canceling Tue Dec 11 02:59:23 UTC 2018
------------------ testing $PTII/ptolemy/domains/de/test/auto/CausalityAndComposabilityAnalysis.xml
auto.tcl: Setting watchdog for 200 seconds at Tue Dec 11 02:59:23 UTC 2018
10 ms. Memory: 208384K Free: 196443K (94%)
ptolemy.util.test.WatchDog.cancel(): canceling Tue Dec 11 02:59:23 UTC 2018
auto.tcl: Setting watchdog for 200 seconds at Tue Dec 11 02:59:23 UTC 2018
5 ms. Memory: 208384K Free: 196443K (94%)
ptolemy.util.test.WatchDog.cancel(): canceling Tue Dec 11 02:59:23 UTC 2018
------------------ testing $PTII/ptolemy/domains/de/test/auto/CausalityInterface1.xml
auto.tcl: Setting watchdog for 200 seconds at Tue Dec 11 02:59:23 UTC 2018
8 ms. Memory: 208384K Free: 196380K (94%)
ptolemy.util.test.WatchDog.cancel(): canceling Tue Dec 11 02:59:23 UTC 2018
auto.tcl: Setting watchdog for 200 seconds at Tue Dec 11 02:59:23 UTC 2018
4 ms. Memory: 208384K Free: 196380K (94%)
ptolemy.util.test.WatchDog.cancel(): canceling Tue Dec 11 02:59:23 UTC 2018
------------------ testing $PTII/ptolemy/domains/de/test/auto/CausalityInterface15.xml
auto.tcl: Setting watchdog for 200 seconds at Tue Dec 11 02:59:23 UTC 2018
3 ms. Memory: 208384K Free: 196372K (94%)
ptolemy.util.test.WatchDog.cancel(): canceling Tue Dec 11 02:59:23 UTC 2018
auto.tcl: Setting watchdog for 200 seconds at Tue Dec 11 02:59:23 UTC 2018
8 ms. Memory: 208384K Free: 196372K (94%)
ptolemy.util.test.WatchDog.cancel(): canceling Tue Dec 11 02:59:23 UTC 2018
------------------ testing $PTII/ptolemy/domains/de/test/auto/CausalityInterface2.xml
auto.tcl: Setting watchdog for 200 seconds at Tue Dec 11 02:59:23 UTC 2018
7 ms. Memory: 208384K Free: 196356K (94%)
ptolemy.util.test.WatchDog.cancel(): canceling Tue Dec 11 02:59:23 UTC 2018
auto.tcl: Setting watchdog for 200 seconds at Tue Dec 11 02:59:23 UTC 2018
3 ms. Memory: 208384K Free: 196356K (94%)
ptolemy.util.test.WatchDog.cancel(): canceling Tue Dec 11 02:59:23 UTC 2018
------------------ testing $PTII/ptolemy/domains/de/test/auto/CausalityInterface3.xml
auto.tcl: Setting watchdog for 200 seconds at Tue Dec 11 02:59:23 UTC 2018
4 ms. Memory: 208384K Free: 196367K (94%)
ptolemy.util.test.WatchDog.cancel(): canceling Tue Dec 11 02:59:23 UTC 2018
auto.tcl: Setting watchdog for 200 seconds at Tue Dec 11 02:59:23 UTC 2018
4 ms. Memory: 208384K Free: 196367K (94%)
ptolemy.util.test.WatchDog.cancel(): canceling Tue Dec 11 02:59:23 UTC 2018
------------------ testing $PTII/ptolemy/domains/de/test/auto/ClockDrift.xml
auto.tcl: Setting watchdog for 200 seconds at Tue Dec 11 02:59:23 UTC 2018
73 ms. Memory: 208384K Free: 187566K (90%)
ptolemy.util.test.WatchDog.cancel(): canceling Tue Dec 11 02:59:24 UTC 2018
auto.tcl: Setting watchdog for 200 seconds at Tue Dec 11 02:59:24 UTC 2018
51 ms. Memory: 208384K Free: 185455K (89%)
ptolemy.util.test.WatchDog.cancel(): canceling Tue Dec 11 02:59:24 UTC 2018
------------------ testing $PTII/ptolemy/domains/de/test/auto/ClockDriftAndValueChange.xml
auto.tcl: Setting watchdog for 200 seconds at Tue Dec 11 02:59:24 UTC 2018
52 ms. Memory: 208384K Free: 187397K (90%)
ptolemy.util.test.WatchDog.cancel(): canceling Tue Dec 11 02:59:24 UTC 2018
auto.tcl: Setting watchdog for 200 seconds at Tue Dec 11 02:59:24 UTC 2018
29 ms. Memory: 208384K Free: 185285K (89%)
ptolemy.util.test.WatchDog.cancel(): canceling Tue Dec 11 02:59:24 UTC 2018
------------------ testing $PTII/ptolemy/domains/de/test/auto/ClockDriftChange.xml
auto.tcl: Setting watchdog for 200 seconds at Tue Dec 11 02:59:24 UTC 2018
38 ms. Memory: 208384K Free: 190736K (92%)
ptolemy.util.test.WatchDog.cancel(): canceling Tue Dec 11 02:59:24 UTC 2018
auto.tcl: Setting watchdog for 200 seconds at Tue Dec 11 02:59:24 UTC 2018
25 ms. Memory: 208384K Free: 188625K (91%)
ptolemy.util.test.WatchDog.cancel(): canceling Tue Dec 11 02:59:24 UTC 2018
------------------ testing $PTII/ptolemy/domains/de/test/auto/ComposableCausalityAnalysis.xml
auto.tcl: Setting watchdog for 200 seconds at Tue Dec 11 02:59:24 UTC 2018
10 ms. Memory: 208384K Free: 196224K (94%)
ptolemy.util.test.WatchDog.cancel(): canceling Tue Dec 11 02:59:24 UTC 2018
auto.tcl: Setting watchdog for 200 seconds at Tue Dec 11 02:59:24 UTC 2018
2 ms. Memory: 208384K Free: 194113K (93%)
ptolemy.util.test.WatchDog.cancel(): canceling Tue Dec 11 02:59:24 UTC 2018
------------------ testing $PTII/ptolemy/domains/de/test/auto/DEFixedPointLimitation.xml
auto.tcl: Setting watchdog for 200 seconds at Tue Dec 11 02:59:24 UTC 2018
2 ms. Memory: 208384K Free: 196305K (94%)
ptolemy.util.test.WatchDog.cancel(): canceling Tue Dec 11 02:59:24 UTC 2018
auto.tcl: Setting watchdog for 200 seconds at Tue Dec 11 02:59:24 UTC 2018
1 ms. Memory: 208384K Free: 196305K (94%)
ptolemy.util.test.WatchDog.cancel(): canceling Tue Dec 11 02:59:24 UTC 2018
------------------ testing $PTII/ptolemy/domains/de/test/auto/DEScheduleTest.xml
auto.tcl: Setting watchdog for 200 seconds at Tue Dec 11 02:59:24 UTC 2018
6 ms. Memory: 208384K Free: 198452K (95%)
ptolemy.util.test.WatchDog.cancel(): canceling Tue Dec 11 02:59:24 UTC 2018
auto.tcl: Setting watchdog for 200 seconds at Tue Dec 11 02:59:24 UTC 2018
3 ms. Memory: 208384K Free: 196340K (94%)
ptolemy.util.test.WatchDog.cancel(): canceling Tue Dec 11 02:59:24 UTC 2018
------------------ testing $PTII/ptolemy/domains/de/test/auto/DEinDEwithStartTimes.xml
auto.tcl: Setting watchdog for 200 seconds at Tue Dec 11 02:59:24 UTC 2018
5 ms. Memory: 208384K Free: 196310K (94%)
ptolemy.util.test.WatchDog.cancel(): canceling Tue Dec 11 02:59:24 UTC 2018
auto.tcl: Setting watchdog for 200 seconds at Tue Dec 11 02:59:24 UTC 2018
4 ms. Memory: 208384K Free: 194199K (93%)
ptolemy.util.test.WatchDog.cancel(): canceling Tue Dec 11 02:59:24 UTC 2018
------------------ testing $PTII/ptolemy/domains/de/test/auto/DEinDEwithStartTimes2.xml
auto.tcl: Setting watchdog for 200 seconds at Tue Dec 11 02:59:24 UTC 2018
7 ms. Memory: 208384K Free: 196290K (94%)
ptolemy.util.test.WatchDog.cancel(): canceling Tue Dec 11 02:59:24 UTC 2018
auto.tcl: Setting watchdog for 200 seconds at Tue Dec 11 02:59:24 UTC 2018
4 ms. Memory: 208384K Free: 194179K (93%)
ptolemy.util.test.WatchDog.cancel(): canceling Tue Dec 11 02:59:24 UTC 2018
------------------ testing $PTII/ptolemy/domains/de/test/auto/DateDemo.xml
auto.tcl: Setting watchdog for 200 seconds at Tue Dec 11 02:59:24 UTC 2018
17 ms. Memory: 208384K Free: 188687K (91%)
ptolemy.util.test.WatchDog.cancel(): canceling Tue Dec 11 02:59:24 UTC 2018
auto.tcl: Setting watchdog for 200 seconds at Tue Dec 11 02:59:24 UTC 2018
6 ms. Memory: 208384K Free: 186576K (90%)
ptolemy.util.test.WatchDog.cancel(): canceling Tue Dec 11 02:59:24 UTC 2018
------------------ testing $PTII/ptolemy/domains/de/test/auto/DateToEvent.xml
auto.tcl: Setting watchdog for 200 seconds at Tue Dec 11 02:59:25 UTC 2018
2010 ms. Memory: 208384K Free: 183358K (88%)
ptolemy.util.test.WatchDog.cancel(): canceling Tue Dec 11 02:59:27 UTC 2018
auto.tcl: Setting watchdog for 200 seconds at Tue Dec 11 02:59:27 UTC 2018
2007 ms. Memory: 208384K Free: 183358K (88%)
ptolemy.util.test.WatchDog.cancel(): canceling Tue Dec 11 02:59:29 UTC 2018
------------------ testing $PTII/ptolemy/domains/de/test/auto/DepthTest1.xml
auto.tcl: Setting watchdog for 200 seconds at Tue Dec 11 02:59:29 UTC 2018
2 ms. Memory: 208384K Free: 195522K (94%)
ptolemy.util.test.WatchDog.cancel(): canceling Tue Dec 11 02:59:29 UTC 2018
auto.tcl: Setting watchdog for 200 seconds at Tue Dec 11 02:59:29 UTC 2018
6 ms. Memory: 208384K Free: 195522K (94%)
ptolemy.util.test.WatchDog.cancel(): canceling Tue Dec 11 02:59:29 UTC 2018
------------------ testing $PTII/ptolemy/domains/de/test/auto/DepthTest2.xml
auto.tcl: Setting watchdog for 200 seconds at Tue Dec 11 02:59:29 UTC 2018
4 ms. Memory: 208384K Free: 194158K (93%)
ptolemy.util.test.WatchDog.cancel(): canceling Tue Dec 11 02:59:29 UTC 2018
auto.tcl: Setting watchdog for 200 seconds at Tue Dec 11 02:59:29 UTC 2018
4 ms. Memory: 208384K Free: 194158K (93%)
ptolemy.util.test.WatchDog.cancel(): canceling Tue Dec 11 02:59:29 UTC 2018
------------------ testing $PTII/ptolemy/domains/de/test/auto/DepthTest3.xml
auto.tcl: Setting watchdog for 200 seconds at Tue Dec 11 02:59:29 UTC 2018
3 ms. Memory: 208384K Free: 198315K (95%)
ptolemy.util.test.WatchDog.cancel(): canceling Tue Dec 11 02:59:29 UTC 2018
auto.tcl: Setting watchdog for 200 seconds at Tue Dec 11 02:59:29 UTC 2018
1 ms. Memory: 208384K Free: 198315K (95%)
ptolemy.util.test.WatchDog.cancel(): canceling Tue Dec 11 02:59:29 UTC 2018
------------------ testing $PTII/ptolemy/domains/de/test/auto/DepthTest4.xml
auto.tcl: Setting watchdog for 200 seconds at Tue Dec 11 02:59:29 UTC 2018
4 ms. Memory: 208384K Free: 196290K (94%)
ptolemy.util.test.WatchDog.cancel(): canceling Tue Dec 11 02:59:29 UTC 2018
auto.tcl: Setting watchdog for 200 seconds at Tue Dec 11 02:59:29 UTC 2018
2 ms. Memory: 208384K Free: 196290K (94%)
ptolemy.util.test.WatchDog.cancel(): canceling Tue Dec 11 02:59:29 UTC 2018
------------------ testing $PTII/ptolemy/domains/de/test/auto/DepthTest5.xml
auto.tcl: Setting watchdog for 200 seconds at Tue Dec 11 02:59:29 UTC 2018
7 ms. Memory: 208384K Free: 196238K (94%)
ptolemy.util.test.WatchDog.cancel(): canceling Tue Dec 11 02:59:29 UTC 2018
auto.tcl: Setting watchdog for 200 seconds at Tue Dec 11 02:59:29 UTC 2018
2 ms. Memory: 208384K Free: 196238K (94%)
ptolemy.util.test.WatchDog.cancel(): canceling Tue Dec 11 02:59:29 UTC 2018
------------------ testing $PTII/ptolemy/domains/de/test/auto/DepthTest6.xml
auto.tcl: Setting watchdog for 200 seconds at Tue Dec 11 02:59:29 UTC 2018
8 ms. Memory: 208384K Free: 196544K (94%)
ptolemy.util.test.WatchDog.cancel(): canceling Tue Dec 11 02:59:29 UTC 2018
auto.tcl: Setting watchdog for 200 seconds at Tue Dec 11 02:59:29 UTC 2018
2 ms. Memory: 208384K Free: 196544K (94%)
ptolemy.util.test.WatchDog.cancel(): canceling Tue Dec 11 02:59:29 UTC 2018
------------------ testing $PTII/ptolemy/domains/de/test/auto/DepthTest7.xml
auto.tcl: Setting watchdog for 200 seconds at Tue Dec 11 02:59:29 UTC 2018
3 ms. Memory: 208384K Free: 196195K (94%)
ptolemy.util.test.WatchDog.cancel(): canceling Tue Dec 11 02:59:29 UTC 2018
auto.tcl: Setting watchdog for 200 seconds at Tue Dec 11 02:59:29 UTC 2018
2 ms. Memory: 208384K Free: 196195K (94%)
ptolemy.util.test.WatchDog.cancel(): canceling Tue Dec 11 02:59:29 UTC 2018
------------------ testing $PTII/ptolemy/domains/de/test/auto/EventToDate.xml
auto.tcl: Setting watchdog for 200 seconds at Tue Dec 11 02:59:29 UTC 2018
3011 ms. Memory: 208384K Free: 185660K (89%)
ptolemy.util.test.WatchDog.cancel(): canceling Tue Dec 11 02:59:32 UTC 2018
auto.tcl: Setting watchdog for 200 seconds at Tue Dec 11 02:59:32 UTC 2018
3005 ms. Memory: 208384K Free: 185660K (89%)
ptolemy.util.test.WatchDog.cancel(): canceling Tue Dec 11 02:59:35 UTC 2018
------------------ testing $PTII/ptolemy/domains/de/test/auto/FSM1.xml
auto.tcl: Setting watchdog for 200 seconds at Tue Dec 11 02:59:35 UTC 2018
24 ms. Memory: 208384K Free: 189226K (91%)
ptolemy.util.test.WatchDog.cancel(): canceling Tue Dec 11 02:59:35 UTC 2018
auto.tcl: Setting watchdog for 200 seconds at Tue Dec 11 02:59:35 UTC 2018
19 ms. Memory: 208384K Free: 185003K (89%)
ptolemy.util.test.WatchDog.cancel(): canceling Tue Dec 11 02:59:35 UTC 2018
------------------ testing $PTII/ptolemy/domains/de/test/auto/FSM7.xml
auto.tcl: Setting watchdog for 200 seconds at Tue Dec 11 02:59:35 UTC 2018
23 ms. Memory: 208384K Free: 187317K (90%)
ptolemy.util.test.WatchDog.cancel(): canceling Tue Dec 11 02:59:36 UTC 2018
auto.tcl: Setting watchdog for 200 seconds at Tue Dec 11 02:59:36 UTC 2018
20 ms. Memory: 208384K Free: 185206K (89%)
ptolemy.util.test.WatchDog.cancel(): canceling Tue Dec 11 02:59:36 UTC 2018
------------------ testing $PTII/ptolemy/domains/de/test/auto/Inspection.xml
auto.tcl: Setting watchdog for 200 seconds at Tue Dec 11 02:59:36 UTC 2018
24 ms. Memory: 208384K Free: 188868K (91%)
ptolemy.util.test.WatchDog.cancel(): canceling Tue Dec 11 02:59:36 UTC 2018
auto.tcl: Setting watchdog for 200 seconds at Tue Dec 11 02:59:36 UTC 2018
26 ms. Memory: 208384K Free: 186757K (90%)
ptolemy.util.test.WatchDog.cancel(): canceling Tue Dec 11 02:59:36 UTC 2018
------------------ testing $PTII/ptolemy/domains/de/test/auto/Iteration.xml
auto.tcl: Setting watchdog for 200 seconds at Tue Dec 11 02:59:36 UTC 2018
8 ms. Memory: 208384K Free: 196338K (94%)
ptolemy.util.test.WatchDog.cancel(): canceling Tue Dec 11 02:59:36 UTC 2018
auto.tcl: Setting watchdog for 200 seconds at Tue Dec 11 02:59:36 UTC 2018
9 ms. Memory: 208384K Free: 193889K (93%)
ptolemy.util.test.WatchDog.cancel(): canceling Tue Dec 11 02:59:36 UTC 2018
------------------ testing $PTII/ptolemy/domains/de/test/auto/LineFault.xml
auto.tcl: Setting watchdog for 200 seconds at Tue Dec 11 02:59:36 UTC 2018
701 ms. Memory: 208384K Free: 196232K (94%)
ptolemy.util.test.WatchDog.cancel(): canceling Tue Dec 11 02:59:37 UTC 2018
auto.tcl: Setting watchdog for 200 seconds at Tue Dec 11 02:59:37 UTC 2018
569 ms. Memory: 208384K Free: 138594K (67%)
ptolemy.util.test.WatchDog.cancel(): canceling Tue Dec 11 02:59:37 UTC 2018
------------------ testing $PTII/ptolemy/domains/de/test/auto/MergeModel1Add.xml
auto.tcl: Setting watchdog for 200 seconds at Tue Dec 11 02:59:37 UTC 2018
23 ms. Memory: 331264K Free: 298824K (90%)
ptolemy.util.test.WatchDog.cancel(): canceling Tue Dec 11 02:59:37 UTC 2018
auto.tcl: Setting watchdog for 200 seconds at Tue Dec 11 02:59:37 UTC 2018
9 ms. Memory: 331264K Free: 298824K (90%)
ptolemy.util.test.WatchDog.cancel(): canceling Tue Dec 11 02:59:37 UTC 2018
------------------ testing $PTII/ptolemy/domains/de/test/auto/MergeModel2Add.xml
auto.tcl: Setting watchdog for 200 seconds at Tue Dec 11 02:59:38 UTC 2018
9 ms. Memory: 331264K Free: 304113K (92%)
ptolemy.util.test.WatchDog.cancel(): canceling Tue Dec 11 02:59:38 UTC 2018
auto.tcl: Setting watchdog for 200 seconds at Tue Dec 11 02:59:38 UTC 2018
8 ms. Memory: 331264K Free: 300161K (91%)
ptolemy.util.test.WatchDog.cancel(): canceling Tue Dec 11 02:59:38 UTC 2018
------------------ testing $PTII/ptolemy/domains/de/test/auto/MergeModel3Add.xml
auto.tcl: Setting watchdog for 200 seconds at Tue Dec 11 02:59:38 UTC 2018
14 ms. Memory: 331264K Free: 304409K (92%)
ptolemy.util.test.WatchDog.cancel(): canceling Tue Dec 11 02:59:38 UTC 2018
auto.tcl: Setting watchdog for 200 seconds at Tue Dec 11 02:59:38 UTC 2018
5 ms. Memory: 331264K Free: 300457K (91%)
ptolemy.util.test.WatchDog.cancel(): canceling Tue Dec 11 02:59:38 UTC 2018
------------------ testing $PTII/ptolemy/domains/de/test/auto/MergeWithoutDiscard.xml
auto.tcl: Setting watchdog for 200 seconds at Tue Dec 11 02:59:38 UTC 2018
2 ms. Memory: 331264K Free: 320213K (97%)
ptolemy.util.test.WatchDog.cancel(): canceling Tue Dec 11 02:59:38 UTC 2018
auto.tcl: Setting watchdog for 200 seconds at Tue Dec 11 02:59:38 UTC 2018
1 ms. Memory: 331264K Free: 316261K (95%)
ptolemy.util.test.WatchDog.cancel(): canceling Tue Dec 11 02:59:38 UTC 2018
------------------ testing $PTII/ptolemy/domains/de/test/auto/Modal1.xml
auto.tcl: Setting watchdog for 200 seconds at Tue Dec 11 02:59:38 UTC 2018
20 ms. Memory: 331264K Free: 309872K (94%)
ptolemy.util.test.WatchDog.cancel(): canceling Tue Dec 11 02:59:38 UTC 2018
auto.tcl: Setting watchdog for 200 seconds at Tue Dec 11 02:59:38 UTC 2018
16 ms. Memory: 331264K Free: 305921K (92%)
ptolemy.util.test.WatchDog.cancel(): canceling Tue Dec 11 02:59:38 UTC 2018
------------------ testing $PTII/ptolemy/domains/de/test/auto/Modal2.xml
auto.tcl: Setting watchdog for 200 seconds at Tue Dec 11 02:59:38 UTC 2018
15 ms. Memory: 331264K Free: 309739K (94%)
ptolemy.util.test.WatchDog.cancel(): canceling Tue Dec 11 02:59:38 UTC 2018
auto.tcl: Setting watchdog for 200 seconds at Tue Dec 11 02:59:38 UTC 2018
9 ms. Memory: 331264K Free: 305787K (92%)
ptolemy.util.test.WatchDog.cancel(): canceling Tue Dec 11 02:59:38 UTC 2018
------------------ testing $PTII/ptolemy/domains/de/test/auto/Modal3.xml
auto.tcl: Setting watchdog for 200 seconds at Tue Dec 11 02:59:38 UTC 2018
12 ms. Memory: 331264K Free: 310030K (94%)
ptolemy.util.test.WatchDog.cancel(): canceling Tue Dec 11 02:59:38 UTC 2018
auto.tcl: Setting watchdog for 200 seconds at Tue Dec 11 02:59:38 UTC 2018
9 ms. Memory: 331264K Free: 305793K (92%)
ptolemy.util.test.WatchDog.cancel(): canceling Tue Dec 11 02:59:38 UTC 2018
------------------ testing $PTII/ptolemy/domains/de/test/auto/Modal4.xml
auto.tcl: Setting watchdog for 200 seconds at Tue Dec 11 02:59:38 UTC 2018
24 ms. Memory: 331264K Free: 309750K (94%)
ptolemy.util.test.WatchDog.cancel(): canceling Tue Dec 11 02:59:38 UTC 2018
auto.tcl: Setting watchdog for 200 seconds at Tue Dec 11 02:59:38 UTC 2018
15 ms. Memory: 331264K Free: 305799K (92%)
ptolemy.util.test.WatchDog.cancel(): canceling Tue Dec 11 02:59:38 UTC 2018
------------------ testing $PTII/ptolemy/domains/de/test/auto/Modal5.xml
auto.tcl: Setting watchdog for 200 seconds at Tue Dec 11 02:59:38 UTC 2018
14 ms. Memory: 331264K Free: 309738K (94%)
ptolemy.util.test.WatchDog.cancel(): canceling Tue Dec 11 02:59:38 UTC 2018
auto.tcl: Setting watchdog for 200 seconds at Tue Dec 11 02:59:38 UTC 2018
11 ms. Memory: 331264K Free: 305786K (92%)
ptolemy.util.test.WatchDog.cancel(): canceling Tue Dec 11 02:59:38 UTC 2018
------------------ testing $PTII/ptolemy/domains/de/test/auto/Modal6.xml
auto.tcl: Setting watchdog for 200 seconds at Tue Dec 11 02:59:38 UTC 2018
11 ms. Memory: 331264K Free: 309735K (94%)
ptolemy.util.test.WatchDog.cancel(): canceling Tue Dec 11 02:59:38 UTC 2018
auto.tcl: Setting watchdog for 200 seconds at Tue Dec 11 02:59:38 UTC 2018
12 ms. Memory: 331264K Free: 305783K (92%)
ptolemy.util.test.WatchDog.cancel(): canceling Tue Dec 11 02:59:38 UTC 2018
------------------ testing $PTII/ptolemy/domains/de/test/auto/Modal7.xml
auto.tcl: Setting watchdog for 200 seconds at Tue Dec 11 02:59:38 UTC 2018
19 ms. Memory: 331264K Free: 309735K (94%)
ptolemy.util.test.WatchDog.cancel(): canceling Tue Dec 11 02:59:38 UTC 2018
auto.tcl: Setting watchdog for 200 seconds at Tue Dec 11 02:59:38 UTC 2018
11 ms. Memory: 331264K Free: 305783K (92%)
ptolemy.util.test.WatchDog.cancel(): canceling Tue Dec 11 02:59:39 UTC 2018
------------------ testing $PTII/ptolemy/domains/de/test/auto/ModalModel.xml
auto.tcl: Setting watchdog for 200 seconds at Tue Dec 11 02:59:39 UTC 2018
174 ms. Memory: 331264K Free: 241323K (73%)
ptolemy.util.test.WatchDog.cancel(): canceling Tue Dec 11 02:59:39 UTC 2018
auto.tcl: Setting watchdog for 200 seconds at Tue Dec 11 02:59:39 UTC 2018
179 ms. Memory: 331264K Free: 186000K (56%)
ptolemy.util.test.WatchDog.cancel(): canceling Tue Dec 11 02:59:39 UTC 2018
------------------ testing $PTII/ptolemy/domains/de/test/auto/ModalSource.xml
auto.tcl: Setting watchdog for 200 seconds at Tue Dec 11 02:59:39 UTC 2018
6 ms. Memory: 331264K Free: 316593K (96%)
ptolemy.util.test.WatchDog.cancel(): canceling Tue Dec 11 02:59:39 UTC 2018
auto.tcl: Setting watchdog for 200 seconds at Tue Dec 11 02:59:39 UTC 2018
5 ms. Memory: 331264K Free: 313108K (95%)
ptolemy.util.test.WatchDog.cancel(): canceling Tue Dec 11 02:59:39 UTC 2018
------------------ testing $PTII/ptolemy/domains/de/test/auto/NonInterruptibleTimerZeroDelay.xml
auto.tcl: Setting watchdog for 200 seconds at Tue Dec 11 02:59:39 UTC 2018
3 ms. Memory: 331264K Free: 320917K (97%)
ptolemy.util.test.WatchDog.cancel(): canceling Tue Dec 11 02:59:39 UTC 2018
auto.tcl: Setting watchdog for 200 seconds at Tue Dec 11 02:59:39 UTC 2018
2 ms. Memory: 331264K Free: 317431K (96%)
ptolemy.util.test.WatchDog.cancel(): canceling Tue Dec 11 02:59:39 UTC 2018
------------------ testing $PTII/ptolemy/domains/de/test/auto/OpenQueueingNetwork.xml
auto.tcl: Setting watchdog for 200 seconds at Tue Dec 11 02:59:39 UTC 2018
2656 ms. Memory: 573952K Free: 421829K (73%)
ptolemy.util.test.WatchDog.cancel(): canceling Tue Dec 11 02:59:42 UTC 2018
auto.tcl: Setting watchdog for 200 seconds at Tue Dec 11 02:59:42 UTC 2018
2403 ms. Memory: 574464K Free: 339886K (59%)
ptolemy.util.test.WatchDog.cancel(): canceling Tue Dec 11 02:59:44 UTC 2018
------------------ testing $PTII/ptolemy/domains/de/test/auto/OpenQueuingNetwork.xml
auto.tcl: Setting watchdog for 200 seconds at Tue Dec 11 02:59:44 UTC 2018
241 ms. Memory: 1064960K Free: 946119K (89%)
ptolemy.util.test.WatchDog.cancel(): canceling Tue Dec 11 02:59:45 UTC 2018
auto.tcl: Setting watchdog for 200 seconds at Tue Dec 11 02:59:45 UTC 2018
228 ms. Memory: 1064960K Free: 889071K (83%)
ptolemy.util.test.WatchDog.cancel(): canceling Tue Dec 11 02:59:45 UTC 2018
------------------ testing $PTII/ptolemy/domains/de/test/auto/PeriodicSampler.xml
auto.tcl: Setting watchdog for 200 seconds at Tue Dec 11 02:59:45 UTC 2018
2 ms. Memory: 1065472K Free: 1028933K (97%)
ptolemy.util.test.WatchDog.cancel(): canceling Tue Dec 11 02:59:45 UTC 2018
auto.tcl: Setting watchdog for 200 seconds at Tue Dec 11 02:59:45 UTC 2018
2 ms. Memory: 1065472K Free: 1028933K (97%)
ptolemy.util.test.WatchDog.cancel(): canceling Tue Dec 11 02:59:45 UTC 2018
------------------ testing $PTII/ptolemy/domains/de/test/auto/PersistentIO.xml
auto.tcl: Setting watchdog for 200 seconds at Tue Dec 11 02:59:45 UTC 2018
5 ms. Memory: 1064960K Free: 1029485K (97%)
ptolemy.util.test.WatchDog.cancel(): canceling Tue Dec 11 02:59:45 UTC 2018
auto.tcl: Setting watchdog for 200 seconds at Tue Dec 11 02:59:45 UTC 2018
3 ms. Memory: 1064960K Free: 1029485K (97%)
ptolemy.util.test.WatchDog.cancel(): canceling Tue Dec 11 02:59:45 UTC 2018
------------------ testing $PTII/ptolemy/domains/de/test/auto/PortParameterResetOnInitialize.xml
auto.tcl: Setting watchdog for 200 seconds at Tue Dec 11 02:59:45 UTC 2018
2 ms. Memory: 1065472K Free: 1029858K (97%)
ptolemy.util.test.WatchDog.cancel(): canceling Tue Dec 11 02:59:45 UTC 2018
auto.tcl: Setting watchdog for 200 seconds at Tue Dec 11 02:59:45 UTC 2018
1 ms. Memory: 1065472K Free: 1029858K (97%)
ptolemy.util.test.WatchDog.cancel(): canceling Tue Dec 11 02:59:45 UTC 2018
------------------ testing $PTII/ptolemy/domains/de/test/auto/PortParameterUpdates.xml
auto.tcl: Setting watchdog for 200 seconds at Tue Dec 11 02:59:45 UTC 2018
5 ms. Memory: 1065472K Free: 1039811K (98%)
ptolemy.util.test.WatchDog.cancel(): canceling Tue Dec 11 02:59:45 UTC 2018
auto.tcl: Setting watchdog for 200 seconds at Tue Dec 11 02:59:45 UTC 2018
3 ms. Memory: 1065472K Free: 1039811K (98%)
ptolemy.util.test.WatchDog.cancel(): canceling Tue Dec 11 02:59:45 UTC 2018
------------------ testing $PTII/ptolemy/domains/de/test/auto/QueueAndServer.xml
auto.tcl: Setting watchdog for 200 seconds at Tue Dec 11 02:59:45 UTC 2018
12 ms. Memory: 1065472K Free: 1029473K (97%)
ptolemy.util.test.WatchDog.cancel(): canceling Tue Dec 11 02:59:45 UTC 2018
auto.tcl: Setting watchdog for 200 seconds at Tue Dec 11 02:59:45 UTC 2018
6 ms. Memory: 1065472K Free: 1029473K (97%)
ptolemy.util.test.WatchDog.cancel(): canceling Tue Dec 11 02:59:45 UTC 2018
------------------ testing $PTII/ptolemy/domains/de/test/auto/Records.xml
auto.tcl: Setting watchdog for 200 seconds at Tue Dec 11 02:59:45 UTC 2018
4 ms. Memory: 1065472K Free: 1039235K (98%)
ptolemy.util.test.WatchDog.cancel(): canceling Tue Dec 11 02:59:45 UTC 2018
auto.tcl: Setting watchdog for 200 seconds at Tue Dec 11 02:59:45 UTC 2018
2 ms. Memory: 1065472K Free: 1039235K (98%)
ptolemy.util.test.WatchDog.cancel(): canceling Tue Dec 11 02:59:45 UTC 2018
------------------ testing $PTII/ptolemy/domains/de/test/auto/ResetTransitionWithStartTime1.xml
auto.tcl: Setting watchdog for 200 seconds at Tue Dec 11 02:59:45 UTC 2018
12 ms. Memory: 1065472K Free: 1039742K (98%)
ptolemy.util.test.WatchDog.cancel(): canceling Tue Dec 11 02:59:45 UTC 2018
auto.tcl: Setting watchdog for 200 seconds at Tue Dec 11 02:59:45 UTC 2018
4 ms. Memory: 1065472K Free: 1039260K (98%)
ptolemy.util.test.WatchDog.cancel(): canceling Tue Dec 11 02:59:45 UTC 2018
------------------ testing $PTII/ptolemy/domains/de/test/auto/ResetTransitionWithStartTime2.xml
auto.tcl: Setting watchdog for 200 seconds at Tue Dec 11 02:59:45 UTC 2018
4 ms. Memory: 1064448K Free: 1038708K (98%)
ptolemy.util.test.WatchDog.cancel(): canceling Tue Dec 11 02:59:45 UTC 2018
auto.tcl: Setting watchdog for 200 seconds at Tue Dec 11 02:59:45 UTC 2018
5 ms. Memory: 1064448K Free: 1038708K (98%)
ptolemy.util.test.WatchDog.cancel(): canceling Tue Dec 11 02:59:46 UTC 2018
------------------ testing $PTII/ptolemy/domains/de/test/auto/ResetTransitionWithStartTime3.xml
auto.tcl: Setting watchdog for 200 seconds at Tue Dec 11 02:59:46 UTC 2018
10 ms. Memory: 1064960K Free: 1038737K (98%)
ptolemy.util.test.WatchDog.cancel(): canceling Tue Dec 11 02:59:46 UTC 2018
auto.tcl: Setting watchdog for 200 seconds at Tue Dec 11 02:59:46 UTC 2018
5 ms. Memory: 1064960K Free: 1038737K (98%)
ptolemy.util.test.WatchDog.cancel(): canceling Tue Dec 11 02:59:46 UTC 2018
------------------ testing $PTII/ptolemy/domains/de/test/auto/ResetTransitionWithStartTime4.xml
auto.tcl: Setting watchdog for 200 seconds at Tue Dec 11 02:59:46 UTC 2018
3 ms. Memory: 1064960K Free: 1038736K (98%)
ptolemy.util.test.WatchDog.cancel(): canceling Tue Dec 11 02:59:46 UTC 2018
auto.tcl: Setting watchdog for 200 seconds at Tue Dec 11 02:59:46 UTC 2018
3 ms. Memory: 1064960K Free: 1038736K (98%)
ptolemy.util.test.WatchDog.cancel(): canceling Tue Dec 11 02:59:46 UTC 2018
------------------ testing $PTII/ptolemy/domains/de/test/auto/ResettableTimer1.xml
auto.tcl: Setting watchdog for 200 seconds at Tue Dec 11 02:59:46 UTC 2018
2 ms. Memory: 1064960K Free: 1038731K (98%)
ptolemy.util.test.WatchDog.cancel(): canceling Tue Dec 11 02:59:46 UTC 2018
auto.tcl: Setting watchdog for 200 seconds at Tue Dec 11 02:59:46 UTC 2018
2 ms. Memory: 1064960K Free: 1038731K (98%)
ptolemy.util.test.WatchDog.cancel(): canceling Tue Dec 11 02:59:46 UTC 2018
------------------ testing $PTII/ptolemy/domains/de/test/auto/ResettableTimer2.xml
auto.tcl: Setting watchdog for 200 seconds at Tue Dec 11 02:59:46 UTC 2018
2 ms. Memory: 1064960K Free: 1039272K (98%)
ptolemy.util.test.WatchDog.cancel(): canceling Tue Dec 11 02:59:46 UTC 2018
auto.tcl: Setting watchdog for 200 seconds at Tue Dec 11 02:59:46 UTC 2018
2 ms. Memory: 1064960K Free: 1039272K (98%)
ptolemy.util.test.WatchDog.cancel(): canceling Tue Dec 11 02:59:46 UTC 2018
------------------ testing $PTII/ptolemy/domains/de/test/auto/ResettableTimer3.xml
auto.tcl: Setting watchdog for 200 seconds at Tue Dec 11 02:59:46 UTC 2018
1 ms. Memory: 1064960K Free: 1038789K (98%)
ptolemy.util.test.WatchDog.cancel(): canceling Tue Dec 11 02:59:46 UTC 2018
auto.tcl: Setting watchdog for 200 seconds at Tue Dec 11 02:59:46 UTC 2018
1 ms. Memory: 1064960K Free: 1038789K (98%)
ptolemy.util.test.WatchDog.cancel(): canceling Tue Dec 11 02:59:46 UTC 2018
------------------ testing $PTII/ptolemy/domains/de/test/auto/ResettableTimer4.xml
auto.tcl: Setting watchdog for 200 seconds at Tue Dec 11 02:59:46 UTC 2018
1 ms. Memory: 1063936K Free: 1038260K (98%)
ptolemy.util.test.WatchDog.cancel(): canceling Tue Dec 11 02:59:46 UTC 2018
auto.tcl: Setting watchdog for 200 seconds at Tue Dec 11 02:59:46 UTC 2018
1 ms. Memory: 1063936K Free: 1038260K (98%)
ptolemy.util.test.WatchDog.cancel(): canceling Tue Dec 11 02:59:46 UTC 2018
------------------ testing $PTII/ptolemy/domains/de/test/auto/ResettableTimer5.xml
auto.tcl: Setting watchdog for 200 seconds at Tue Dec 11 02:59:46 UTC 2018
1 ms. Memory: 1064448K Free: 1028950K (97%)
ptolemy.util.test.WatchDog.cancel(): canceling Tue Dec 11 02:59:46 UTC 2018
auto.tcl: Setting watchdog for 200 seconds at Tue Dec 11 02:59:46 UTC 2018
1 ms. Memory: 1064448K Free: 1028950K (97%)
ptolemy.util.test.WatchDog.cancel(): canceling Tue Dec 11 02:59:46 UTC 2018
------------------ testing $PTII/ptolemy/domains/de/test/auto/ResettableTimer6.xml
auto.tcl: Setting watchdog for 200 seconds at Tue Dec 11 02:59:46 UTC 2018
1 ms. Memory: 1064448K Free: 1028417K (97%)
ptolemy.util.test.WatchDog.cancel(): canceling Tue Dec 11 02:59:46 UTC 2018
auto.tcl: Setting watchdog for 200 seconds at Tue Dec 11 02:59:46 UTC 2018
1 ms. Memory: 1064448K Free: 1028417K (97%)
ptolemy.util.test.WatchDog.cancel(): canceling Tue Dec 11 02:59:46 UTC 2018
------------------ testing $PTII/ptolemy/domains/de/test/auto/ServerZeroDelay.xml
auto.tcl: Setting watchdog for 200 seconds at Tue Dec 11 02:59:46 UTC 2018
2 ms. Memory: 1064448K Free: 1038710K (98%)
ptolemy.util.test.WatchDog.cancel(): canceling Tue Dec 11 02:59:46 UTC 2018
auto.tcl: Setting watchdog for 200 seconds at Tue Dec 11 02:59:46 UTC 2018
2 ms. Memory: 1064448K Free: 1038710K (98%)
ptolemy.util.test.WatchDog.cancel(): canceling Tue Dec 11 02:59:46 UTC 2018
------------------ testing $PTII/ptolemy/domains/de/test/auto/SmartSender.xml
auto.tcl: Setting watchdog for 200 seconds at Tue Dec 11 02:59:46 UTC 2018
3001 ms. Memory: 1064448K Free: 1028886K (97%)
ptolemy.util.test.WatchDog.cancel(): canceling Tue Dec 11 02:59:49 UTC 2018
auto.tcl: Setting watchdog for 200 seconds at Tue Dec 11 02:59:49 UTC 2018
3000 ms. Memory: 1064448K Free: 1028886K (97%)
ptolemy.util.test.WatchDog.cancel(): canceling Tue Dec 11 02:59:52 UTC 2018
------------------ testing $PTII/ptolemy/domains/de/test/auto/ThreadedComposite.xml
auto.tcl: Setting watchdog for 200 seconds at Tue Dec 11 02:59:52 UTC 2018
189 ms. Memory: 1064448K Free: 997345K (94%)
ptolemy.util.test.WatchDog.cancel(): canceling Tue Dec 11 02:59:52 UTC 2018
auto.tcl: Setting watchdog for 200 seconds at Tue Dec 11 02:59:52 UTC 2018
129 ms. Memory: 1064448K Free: 977705K (92%)
ptolemy.util.test.WatchDog.cancel(): canceling Tue Dec 11 02:59:52 UTC 2018
------------------ testing $PTII/ptolemy/domains/de/test/auto/Time.xml
auto.tcl: Setting watchdog for 200 seconds at Tue Dec 11 02:59:53 UTC 2018
484 ms. Memory: 1064448K Free: 988848K (93%)
ptolemy.util.test.WatchDog.cancel(): canceling Tue Dec 11 02:59:53 UTC 2018
auto.tcl: Setting watchdog for 200 seconds at Tue Dec 11 02:59:53 UTC 2018
470 ms. Memory: 1064448K Free: 931770K (88%)
ptolemy.util.test.WatchDog.cancel(): canceling Tue Dec 11 02:59:53 UTC 2018
------------------ testing $PTII/ptolemy/domains/de/test/auto/TimeDelayZeroDelay.xml
auto.tcl: Setting watchdog for 200 seconds at Tue Dec 11 02:59:54 UTC 2018
2 ms. Memory: 1064448K Free: 1038146K (98%)
ptolemy.util.test.WatchDog.cancel(): canceling Tue Dec 11 02:59:54 UTC 2018
auto.tcl: Setting watchdog for 200 seconds at Tue Dec 11 02:59:54 UTC 2018
2 ms. Memory: 1064448K Free: 1038146K (98%)
ptolemy.util.test.WatchDog.cancel(): canceling Tue Dec 11 02:59:54 UTC 2018
------------------ testing $PTII/ptolemy/domains/de/test/auto/TimerZeroDelay.xml
auto.tcl: Setting watchdog for 200 seconds at Tue Dec 11 02:59:54 UTC 2018
1 ms. Memory: 1063424K Free: 1037648K (98%)
ptolemy.util.test.WatchDog.cancel(): canceling Tue Dec 11 02:59:54 UTC 2018
auto.tcl: Setting watchdog for 200 seconds at Tue Dec 11 02:59:54 UTC 2018
2 ms. Memory: 1063424K Free: 1037648K (98%)
ptolemy.util.test.WatchDog.cancel(): canceling Tue Dec 11 02:59:54 UTC 2018
------------------ testing $PTII/ptolemy/domains/de/test/auto/TimingParadox.xml
auto.tcl: Setting watchdog for 200 seconds at Tue Dec 11 02:59:54 UTC 2018
348 ms. Memory: 1063936K Free: 973951K (92%)
ptolemy.util.test.WatchDog.cancel(): canceling Tue Dec 11 02:59:54 UTC 2018
auto.tcl: Setting watchdog for 200 seconds at Tue Dec 11 02:59:54 UTC 2018
334 ms. Memory: 1063936K Free: 939704K (88%)
ptolemy.util.test.WatchDog.cancel(): canceling Tue Dec 11 02:59:54 UTC 2018
------------------ testing $PTII/ptolemy/domains/de/test/auto/TransferInputs.xml
auto.tcl: Setting watchdog for 200 seconds at Tue Dec 11 02:59:55 UTC 2018
2 ms. Memory: 1063424K Free: 1036563K (97%)
ptolemy.util.test.WatchDog.cancel(): canceling Tue Dec 11 02:59:55 UTC 2018
auto.tcl: Setting watchdog for 200 seconds at Tue Dec 11 02:59:55 UTC 2018
1 ms. Memory: 1063424K Free: 1036563K (97%)
ptolemy.util.test.WatchDog.cancel(): canceling Tue Dec 11 02:59:55 UTC 2018
------------------ testing $PTII/ptolemy/domains/de/test/auto/TransferOutputs2.xml
auto.tcl: Setting watchdog for 200 seconds at Tue Dec 11 02:59:55 UTC 2018
3 ms. Memory: 1063936K Free: 1028362K (97%)
ptolemy.util.test.WatchDog.cancel(): canceling Tue Dec 11 02:59:55 UTC 2018
auto.tcl: Setting watchdog for 200 seconds at Tue Dec 11 02:59:55 UTC 2018
2 ms. Memory: 1063936K Free: 1028362K (97%)
ptolemy.util.test.WatchDog.cancel(): canceling Tue Dec 11 02:59:55 UTC 2018
------------------ testing $PTII/ptolemy/domains/de/test/auto/Trilateration.xml
auto.tcl: Setting watchdog for 200 seconds at Tue Dec 11 02:59:55 UTC 2018
13614 ms. Memory: 976384K Free: 861841K (88%)
ptolemy.util.test.WatchDog.cancel(): canceling Tue Dec 11 03:00:09 UTC 2018
auto.tcl: Setting watchdog for 200 seconds at Tue Dec 11 03:00:09 UTC 2018
10716 ms. Memory: 849408K Free: 675340K (80%)
ptolemy.util.test.WatchDog.cancel(): canceling Tue Dec 11 03:00:20 UTC 2018
------------------ testing $PTII/ptolemy/domains/de/test/auto/TwoSigmaDelta.xml
auto.tcl: Setting watchdog for 200 seconds at Tue Dec 11 03:00:20 UTC 2018
2675 ms. Memory: 853504K Free: 549542K (64%)
ptolemy.util.test.WatchDog.cancel(): canceling Tue Dec 11 03:00:23 UTC 2018
auto.tcl: Setting watchdog for 200 seconds at Tue Dec 11 03:00:23 UTC 2018
1859 ms. Memory: 853504K Free: 314343K (37%)
ptolemy.util.test.WatchDog.cancel(): canceling Tue Dec 11 03:00:25 UTC 2018
------------------ testing $PTII/ptolemy/domains/de/test/auto/VariableDelay.xml
auto.tcl: Setting watchdog for 200 seconds at Tue Dec 11 03:00:25 UTC 2018
2 ms. Memory: 849920K Free: 826066K (97%)
ptolemy.util.test.WatchDog.cancel(): canceling Tue Dec 11 03:00:25 UTC 2018
auto.tcl: Setting watchdog for 200 seconds at Tue Dec 11 03:00:25 UTC 2018
2 ms. Memory: 849920K Free: 826066K (97%)
ptolemy.util.test.WatchDog.cancel(): canceling Tue Dec 11 03:00:25 UTC 2018
------------------ testing $PTII/ptolemy/domains/de/test/auto/VariableDelay2.xml
auto.tcl: Setting watchdog for 200 seconds at Tue Dec 11 03:00:25 UTC 2018
5 ms. Memory: 849408K Free: 826011K (97%)
ptolemy.util.test.WatchDog.cancel(): canceling Tue Dec 11 03:00:25 UTC 2018
auto.tcl: Setting watchdog for 200 seconds at Tue Dec 11 03:00:25 UTC 2018
2 ms. Memory: 849408K Free: 826011K (97%)
ptolemy.util.test.WatchDog.cancel(): canceling Tue Dec 11 03:00:25 UTC 2018
------------------ testing $PTII/ptolemy/domains/de/test/auto/VariableDelayZeroDelay.xml
auto.tcl: Setting watchdog for 200 seconds at Tue Dec 11 03:00:25 UTC 2018
2 ms. Memory: 849408K Free: 826010K (97%)
ptolemy.util.test.WatchDog.cancel(): canceling Tue Dec 11 03:00:25 UTC 2018
auto.tcl: Setting watchdog for 200 seconds at Tue Dec 11 03:00:25 UTC 2018
1 ms. Memory: 849408K Free: 826010K (97%)
ptolemy.util.test.WatchDog.cancel(): canceling Tue Dec 11 03:00:25 UTC 2018
------------------ testing $PTII/ptolemy/domains/de/test/auto/VariableDelayZeroDelay2.xml
auto.tcl: Setting watchdog for 200 seconds at Tue Dec 11 03:00:25 UTC 2018
4 ms. Memory: 852480K Free: 821400K (96%)
ptolemy.util.test.WatchDog.cancel(): canceling Tue Dec 11 03:00:25 UTC 2018
auto.tcl: Setting watchdog for 200 seconds at Tue Dec 11 03:00:25 UTC 2018
2 ms. Memory: 852480K Free: 821400K (96%)
ptolemy.util.test.WatchDog.cancel(): canceling Tue Dec 11 03:00:25 UTC 2018
------------------ testing $PTII/ptolemy/domains/de/test/auto/deInCt.xml
auto.tcl: Setting watchdog for 200 seconds at Tue Dec 11 03:00:25 UTC 2018
0
1
1
1
0
0
0
1
1
1
0
0
0
0
0
1
1
1
1
0
0
0
1
1
1
1
1
0
0
0
0
0
15 ms. Memory: 849408K Free: 818282K (96%)
ptolemy.util.test.WatchDog.cancel(): canceling Tue Dec 11 03:00:25 UTC 2018
auto.tcl: Setting watchdog for 200 seconds at Tue Dec 11 03:00:25 UTC 2018
0
1
1
1
1
1
0
0
0
1
1
1
1
1
0
0
0
1
1
1
1
0
0
0
0
1
1
1
0
0
0
0
6 ms. Memory: 849408K Free: 818282K (96%)
ptolemy.util.test.WatchDog.cancel(): canceling Tue Dec 11 03:00:25 UTC 2018
------------------ testing $PTII/ptolemy/domains/de/test/auto/deInCt2.xml
auto.tcl: Setting watchdog for 200 seconds at Tue Dec 11 03:00:25 UTC 2018
0
1
1
1
0
0
1
1
1
0
0
1
1
1
0
0
1
1
1
0
0
1
1
1
0
0
1
1
1
0
0
1
1
1
0
0
1
1
1
0
0
0
11 ms. Memory: 852480K Free: 821354K (96%)
ptolemy.util.test.WatchDog.cancel(): canceling Tue Dec 11 03:00:25 UTC 2018
auto.tcl: Setting watchdog for 200 seconds at Tue Dec 11 03:00:25 UTC 2018
0
1
1
1
0
0
1
1
1
0
0
1
1
1
0
0
1
1
1
0
0
1
1
1
0
0
1
1
1
0
0
1
1
1
0
0
1
1
1
0
0
0
5 ms. Memory: 852480K Free: 821354K (96%)
ptolemy.util.test.WatchDog.cancel(): canceling Tue Dec 11 03:00:25 UTC 2018
------------------ testing $PTII/ptolemy/domains/de/test/auto/dynamicCausalityInterface1.xml
auto.tcl: Setting watchdog for 200 seconds at Tue Dec 11 03:00:25 UTC 2018
3 ms. Memory: 849408K Free: 826001K (97%)
ptolemy.util.test.WatchDog.cancel(): canceling Tue Dec 11 03:00:25 UTC 2018
auto.tcl: Setting watchdog for 200 seconds at Tue Dec 11 03:00:25 UTC 2018
1 ms. Memory: 849408K Free: 826001K (97%)
ptolemy.util.test.WatchDog.cancel(): canceling Tue Dec 11 03:00:25 UTC 2018
------------------ testing $PTII/ptolemy/domains/de/test/auto/fsm_de_test.xml
auto.tcl: Setting watchdog for 200 seconds at Tue Dec 11 03:00:25 UTC 2018
6 ms. Memory: 851968K Free: 820776K (96%)
ptolemy.util.test.WatchDog.cancel(): canceling Tue Dec 11 03:00:25 UTC 2018
auto.tcl: Setting watchdog for 200 seconds at Tue Dec 11 03:00:25 UTC 2018
4 ms. Memory: 851968K Free: 820776K (96%)
ptolemy.util.test.WatchDog.cancel(): canceling Tue Dec 11 03:00:25 UTC 2018
------------------ testing $PTII/ptolemy/domains/de/test/auto/functionDependencyReconstruction.xml
auto.tcl: Setting watchdog for 200 seconds at Tue Dec 11 03:00:25 UTC 2018
2 ms. Memory: 849408K Free: 807143K (95%)
ptolemy.util.test.WatchDog.cancel(): canceling Tue Dec 11 03:00:25 UTC 2018
auto.tcl: Setting watchdog for 200 seconds at Tue Dec 11 03:00:25 UTC 2018
2 ms. Memory: 849408K Free: 807143K (95%)
ptolemy.util.test.WatchDog.cancel(): canceling Tue Dec 11 03:00:25 UTC 2018
------------------ testing $PTII/ptolemy/domains/de/test/auto/multirate.xml
auto.tcl: Setting watchdog for 200 seconds at Tue Dec 11 03:00:25 UTC 2018
3 ms. Memory: 851456K Free: 820131K (96%)
ptolemy.util.test.WatchDog.cancel(): canceling Tue Dec 11 03:00:25 UTC 2018
auto.tcl: Setting watchdog for 200 seconds at Tue Dec 11 03:00:25 UTC 2018
4 ms. Memory: 851456K Free: 820131K (96%)
ptolemy.util.test.WatchDog.cancel(): canceling Tue Dec 11 03:00:25 UTC 2018
------------------ testing $PTII/ptolemy/domains/de/test/auto/multirate2.xml
auto.tcl: Setting watchdog for 200 seconds at Tue Dec 11 03:00:26 UTC 2018
2 ms. Memory: 849408K Free: 818228K (96%)
ptolemy.util.test.WatchDog.cancel(): canceling Tue Dec 11 03:00:26 UTC 2018
auto.tcl: Setting watchdog for 200 seconds at Tue Dec 11 03:00:26 UTC 2018
3 ms. Memory: 849408K Free: 818228K (96%)
ptolemy.util.test.WatchDog.cancel(): canceling Tue Dec 11 03:00:26 UTC 2018
------------------ testing $PTII/ptolemy/domains/de/test/auto/realtime.xml
auto.tcl: Setting watchdog for 200 seconds at Tue Dec 11 03:00:26 UTC 2018
10002 ms. Memory: 851456K Free: 820274K (96%)
ptolemy.util.test.WatchDog.cancel(): canceling Tue Dec 11 03:00:36 UTC 2018
auto.tcl: Setting watchdog for 200 seconds at Tue Dec 11 03:00:36 UTC 2018
10002 ms. Memory: 851456K Free: 820274K (96%)
ptolemy.util.test.WatchDog.cancel(): canceling Tue Dec 11 03:00:46 UTC 2018
------------------ testing $PTII/ptolemy/domains/de/test/auto/relationGroup.xml
auto.tcl: Setting watchdog for 200 seconds at Tue Dec 11 03:00:46 UTC 2018
2 ms. Memory: 849408K Free: 825976K (97%)
ptolemy.util.test.WatchDog.cancel(): canceling Tue Dec 11 03:00:46 UTC 2018
auto.tcl: Setting watchdog for 200 seconds at Tue Dec 11 03:00:46 UTC 2018
2 ms. Memory: 849408K Free: 825976K (97%)
ptolemy.util.test.WatchDog.cancel(): canceling Tue Dec 11 03:00:46 UTC 2018
------------------ testing $PTII/ptolemy/domains/de/test/auto/relationGroup2.xml
auto.tcl: Setting watchdog for 200 seconds at Tue Dec 11 03:00:46 UTC 2018
3 ms. Memory: 850944K Free: 827538K (97%)
ptolemy.util.test.WatchDog.cancel(): canceling Tue Dec 11 03:00:46 UTC 2018
auto.tcl: Setting watchdog for 200 seconds at Tue Dec 11 03:00:46 UTC 2018
2 ms. Memory: 850944K Free: 827538K (97%)
ptolemy.util.test.WatchDog.cancel(): canceling Tue Dec 11 03:00:46 UTC 2018
------------------ testing $PTII/ptolemy/domains/de/test/auto/sortWithOpaquePorts.xml
auto.tcl: Setting watchdog for 200 seconds at Tue Dec 11 03:00:46 UTC 2018
1 ms. Memory: 849408K Free: 818323K (96%)
ptolemy.util.test.WatchDog.cancel(): canceling Tue Dec 11 03:00:46 UTC 2018
auto.tcl: Setting watchdog for 200 seconds at Tue Dec 11 03:00:46 UTC 2018
2 ms. Memory: 849408K Free: 818323K (96%)
ptolemy.util.test.WatchDog.cancel(): canceling Tue Dec 11 03:00:46 UTC 2018
------------------ testing $PTII/ptolemy/domains/de/test/auto/transferInputsandOutputs.xml
auto.tcl: Setting watchdog for 200 seconds at Tue Dec 11 03:00:46 UTC 2018
2 ms. Memory: 850944K Free: 819845K (96%)
ptolemy.util.test.WatchDog.cancel(): canceling Tue Dec 11 03:00:46 UTC 2018
auto.tcl: Setting watchdog for 200 seconds at Tue Dec 11 03:00:46 UTC 2018
2 ms. Memory: 850944K Free: 819845K (96%)
ptolemy.util.test.WatchDog.cancel(): canceling Tue Dec 11 03:00:46 UTC 2018
------------------ testing $PTII/ptolemy/domains/de/test/auto/triggerType.xml
auto.tcl: Setting watchdog for 200 seconds at Tue Dec 11 03:00:46 UTC 2018
2 ms. Memory: 849408K Free: 818259K (96%)
ptolemy.util.test.WatchDog.cancel(): canceling Tue Dec 11 03:00:46 UTC 2018
auto.tcl: Setting watchdog for 200 seconds at Tue Dec 11 03:00:46 UTC 2018
2 ms. Memory: 849408K Free: 818259K (96%)
ptolemy.util.test.WatchDog.cancel(): canceling Tue Dec 11 03:00:46 UTC 2018
12/11/18 03:00:46
Failed: 0  Total Tests: 192  ((Passed: 187, Newly Passed: 1)  Known Failed: 5) /home/travis/build/icyphy/ptII/ptolemy/domains/de/test
12/11/18 03:00:46
Failed: 0  Total Tests: 192  ((Passed: 187, Newly Passed: 1)  Known Failed: 5) /home/travis/build/icyphy/ptII/ptolemy/domains/de/test
----------------- testing (KnownFailure) /home/travis/build/icyphy/ptII/ptolemy/domains/de/test/auto/knownFailedTests/DESDFClockTest.xml
2008 ms. Memory: 850432K Free: 803933K (95%)
Known Failure: java.lang.reflect.InvocationTargetException
----------------- testing (KnownFailure) /home/travis/build/icyphy/ptII/ptolemy/domains/de/test/auto/knownFailedTests/DirectFeedback.xml
1 ms. Memory: 850432K Free: 742493K (87%)
Known Failure: java.lang.reflect.InvocationTargetException
----------------- testing (KnownFailure) /home/travis/build/icyphy/ptII/ptolemy/domains/de/test/auto/knownFailedTests/FSMSource.xml
14 ms. Memory: 850432K Free: 681053K (80%)
----------------- testing (KnownFailure) /home/travis/build/icyphy/ptII/ptolemy/domains/de/test/auto/knownFailedTests/HierarchicalModel.xml
2 ms. Memory: 850432K Free: 634957K (75%)
Known Failure: java.lang.reflect.InvocationTargetException
----------------- testing (KnownFailure) /home/travis/build/icyphy/ptII/ptolemy/domains/de/test/auto/knownFailedTests/dependencyLoop.xml
2 ms. Memory: 850432K Free: 573517K (67%)
Known Failure: java.lang.reflect.InvocationTargetException
----------------- testing (KnownFailure) /home/travis/build/icyphy/ptII/ptolemy/domains/de/test/auto/knownFailedTests/dependencyLoop2.xml
3 ms. Memory: 850432K Free: 512076K (60%)
Known Failure: java.lang.reflect.InvocationTargetException
No auto/linux-amd64/*.xml tests in /home/travis/build/icyphy/ptII/ptolemy/domains/de/test
AutoTests.java: About to close Vertx.
AutoTests.java: Vertx closed.

===========================================================================================
----------------- testing Tue Dec 11 03:00:48 UTC 2018 /home/travis/build/icyphy/ptII/ptolemy/domains/de/test/auto/ActorDepthCalculation_actorWithoutPorts.xml
----------------- Instantiating /home/travis/build/icyphy/ptII/ptolemy/domains/de/test/auto/ActorDepthCalculation_actorWithoutPorts.xml
2 ms. Memory: 850432K Free: 435276K (51%)
----------------- Invoking toplevel() on ptolemy.moml.MoMLSimpleApplication@32458912
----------------- Done invoking toplevel() on ptolemy.moml.MoMLSimpleApplication@32458912
reloadAllAccessors: .ActorDepthCalculation_actorWithoutPorts

===========================================================================================
----------------- testing Tue Dec 11 03:00:48 UTC 2018 /home/travis/build/icyphy/ptII/ptolemy/domains/de/test/auto/AssemblyLine.xml
----------------- Instantiating /home/travis/build/icyphy/ptII/ptolemy/domains/de/test/auto/AssemblyLine.xml
2 ms. Memory: 850432K Free: 404556K (48%)
----------------- Invoking toplevel() on ptolemy.moml.MoMLSimpleApplication@58072322
----------------- Done invoking toplevel() on ptolemy.moml.MoMLSimpleApplication@58072322
reloadAllAccessors: .AssemblyLine

===========================================================================================
----------------- testing Tue Dec 11 03:00:48 UTC 2018 /home/travis/build/icyphy/ptII/ptolemy/domains/de/test/auto/CQBug1.xml
----------------- Instantiating /home/travis/build/icyphy/ptII/ptolemy/domains/de/test/auto/CQBug1.xml
1 ms. Memory: 850432K Free: 373836K (44%)
----------------- Invoking toplevel() on ptolemy.moml.MoMLSimpleApplication@29bdf1bd
----------------- Done invoking toplevel() on ptolemy.moml.MoMLSimpleApplication@29bdf1bd
reloadAllAccessors: .CQBug1

===========================================================================================
----------------- testing Tue Dec 11 03:00:48 UTC 2018 /home/travis/build/icyphy/ptII/ptolemy/domains/de/test/auto/CancelFireAt.xml
----------------- Instantiating /home/travis/build/icyphy/ptII/ptolemy/domains/de/test/auto/CancelFireAt.xml
1 ms. Memory: 850432K Free: 343116K (40%)
----------------- Invoking toplevel() on ptolemy.moml.MoMLSimpleApplication@674f3c8
----------------- Done invoking toplevel() on ptolemy.moml.MoMLSimpleApplication@674f3c8
reloadAllAccessors: .CancelFireAt

===========================================================================================
----------------- testing Tue Dec 11 03:00:48 UTC 2018 /home/travis/build/icyphy/ptII/ptolemy/domains/de/test/auto/CausalityAndComposabilityAnalysis.xml
----------------- Instantiating /home/travis/build/icyphy/ptII/ptolemy/domains/de/test/auto/CausalityAndComposabilityAnalysis.xml
2 ms. Memory: 850432K Free: 312396K (37%)
----------------- Invoking toplevel() on ptolemy.moml.MoMLSimpleApplication@760db36b
----------------- Done invoking toplevel() on ptolemy.moml.MoMLSimpleApplication@760db36b
reloadAllAccessors: .CausalityAndComposabilityAnalysis

===========================================================================================
----------------- testing Tue Dec 11 03:00:48 UTC 2018 /home/travis/build/icyphy/ptII/ptolemy/domains/de/test/auto/CausalityInterface1.xml
----------------- Instantiating /home/travis/build/icyphy/ptII/ptolemy/domains/de/test/auto/CausalityInterface1.xml
7 ms. Memory: 850432K Free: 281676K (33%)
----------------- Invoking toplevel() on ptolemy.moml.MoMLSimpleApplication@12197341
----------------- Done invoking toplevel() on ptolemy.moml.MoMLSimpleApplication@12197341
reloadAllAccessors: .CausalityInterface1

===========================================================================================
----------------- testing Tue Dec 11 03:00:48 UTC 2018 /home/travis/build/icyphy/ptII/ptolemy/domains/de/test/auto/CausalityInterface15.xml
----------------- Instantiating /home/travis/build/icyphy/ptII/ptolemy/domains/de/test/auto/CausalityInterface15.xml
1 ms. Memory: 850432K Free: 250956K (30%)
----------------- Invoking toplevel() on ptolemy.moml.MoMLSimpleApplication@2e2a34ea
----------------- Done invoking toplevel() on ptolemy.moml.MoMLSimpleApplication@2e2a34ea
[...]
java.lang.RuntimeException: Execution failed
	at ptolemy.moml.MoMLSimpleApplication$UnloadThread.run(MoMLSimpleApplication.java:402)
Caused by: ptolemy.kernel.util.IllegalActionException: Test fails in iteration 1.
Value was: 1.0. Should have been: 2.0
  in .DirectFeedback.Test
	at ptolemy.actor.lib.Test.fire(Test.java:268)
	at ptolemy.domains.de.kernel.DEDirector._fire(DEDirector.java:1949)
	at ptolemy.domains.de.kernel.DEDirector.fire(DEDirector.java:502)
	at ptolemy.actor.CompositeActor.fire(CompositeActor.java:455)
	at ptolemy.actor.Manager.iterate(Manager.java:851)
	at ptolemy.actor.Manager.execute(Manager.java:369)
	at ptolemy.actor.Manager.run(Manager.java:1263)
	at ptolemy.actor.Manager$PtolemyRunThread.run(Manager.java:1915)
java.lang.RuntimeException: Execution failed
	at ptolemy.moml.MoMLSimpleApplication$UnloadThread.run(MoMLSimpleApplication.java:402)
Caused by: ptolemy.kernel.util.IllegalActionException: Actor is not ready to fire.  Perhaps UpSample.prefire() returned false? Try debugging the actor by selecting "Listen to Actor".  Also, for SDF check moml for tokenConsumptionRate on input.
  in .DESDFClockTest.Play Bell.Copy1:SDF Director and .DESDFClockTest.Play Bell.UpSample
	at ptolemy.actor.sched.StaticSchedulingDirector.fire(StaticSchedulingDirector.java:227)
	at ptolemy.domains.sdf.kernel.SDFDirector.fire(SDFDirector.java:500)
	at ptolemy.actor.CompositeActor.fire(CompositeActor.java:455)
	at ptolemy.domains.de.kernel.DEDirector._fire(DEDirector.java:1949)
	at ptolemy.domains.de.kernel.DEDirector.fire(DEDirector.java:502)
	at ptolemy.actor.CompositeActor.fire(CompositeActor.java:455)
	at ptolemy.actor.Manager.iterate(Manager.java:851)
	at ptolemy.actor.Manager.execute(Manager.java:369)
	at ptolemy.actor.Manager.run(Manager.java:1263)
	at ptolemy.actor.Manager$PtolemyRunThread.run(Manager.java:1915)
java.lang.reflect.InvocationTargetException
	at sun.reflect.NativeConstructorAccessorImpl.newInstance0(Native Method)
	at sun.reflect.NativeConstructorAccessorImpl.newInstance(NativeConstructorAccessorImpl.java:62)
	at sun.reflect.DelegatingConstructorAccessorImpl.newInstance(DelegatingConstructorAccessorImpl.java:45)
	at java.lang.reflect.Constructor.newInstance(Constructor.java:423)
	at ptolemy.util.test.junit.AutoKnownFailedTests.RunModel(AutoKnownFailedTests.java:105)
	at sun.reflect.NativeMethodAccessorImpl.invoke0(Native Method)
	at sun.reflect.NativeMethodAccessorImpl.invoke(NativeMethodAccessorImpl.java:62)
	at sun.reflect.DelegatingMethodAccessorImpl.invoke(DelegatingMethodAccessorImpl.java:43)
	at java.lang.reflect.Method.invoke(Method.java:498)
	at org.junit.runners.model.FrameworkMethod$1.runReflectiveCall(FrameworkMethod.java:44)
	at org.junit.internal.runners.model.ReflectiveCallable.run(ReflectiveCallable.java:15)
	at org.junit.runners.model.FrameworkMethod.invokeExplosively(FrameworkMethod.java:41)
	at junitparams.internal.InvokeParameterisedMethod.evaluate(InvokeParameterisedMethod.java:102)
	at org.junit.internal.runners.statements.FailOnTimeout$1.run(FailOnTimeout.java:28)
Caused by: ptolemy.kernel.util.IllegalActionException: Actor is not ready to fire.  Perhaps UpSample.prefire() returned false? Try debugging the actor by selecting "Listen to Actor".  Also, for SDF check moml for tokenConsumptionRate on input.
  in .DESDFClockTest.Play Bell.Copy1:SDF Director and .DESDFClockTest.Play Bell.UpSample
	at ptolemy.actor.sched.StaticSchedulingDirector.fire(StaticSchedulingDirector.java:227)
	at ptolemy.domains.sdf.kernel.SDFDirector.fire(SDFDirector.java:500)
	at ptolemy.actor.CompositeActor.fire(CompositeActor.java:455)
	at ptolemy.domains.de.kernel.DEDirector._fire(DEDirector.java:1949)
	at ptolemy.domains.de.kernel.DEDirector.fire(DEDirector.java:502)
	at ptolemy.actor.CompositeActor.fire(CompositeActor.java:455)
	at ptolemy.actor.Manager.iterate(Manager.java:851)
	at ptolemy.actor.Manager.execute(Manager.java:369)
	at ptolemy.actor.Manager.run(Manager.java:1263)
	at ptolemy.actor.Manager$PtolemyRunThread.run(Manager.java:1915)
java.lang.RuntimeException: Execution failed
	at ptolemy.moml.MoMLSimpleApplication$UnloadThread.run(MoMLSimpleApplication.java:402)
Caused by: ptolemy.kernel.util.IllegalActionException: Test fails in iteration 1.
Value was: 1.0. Should have been: 2.0
  in .DirectFeedback.Test
	at ptolemy.actor.lib.Test.fire(Test.java:268)
	at ptolemy.domains.de.kernel.DEDirector._fire(DEDirector.java:1949)
	at ptolemy.domains.de.kernel.DEDirector.fire(DEDirector.java:502)
	at ptolemy.actor.CompositeActor.fire(CompositeActor.java:455)
	at ptolemy.actor.Manager.iterate(Manager.java:851)
	at ptolemy.actor.Manager.execute(Manager.java:369)
	at ptolemy.actor.Manager.run(Manager.java:1263)
	at ptolemy.actor.Manager$PtolemyRunThread.run(Manager.java:1915)
java.lang.reflect.InvocationTargetException
	at sun.reflect.NativeConstructorAccessorImpl.newInstance0(Native Method)
	at sun.reflect.NativeConstructorAccessorImpl.newInstance(NativeConstructorAccessorImpl.java:62)
	at sun.reflect.DelegatingConstructorAccessorImpl.newInstance(DelegatingConstructorAccessorImpl.java:45)
	at java.lang.reflect.Constructor.newInstance(Constructor.java:423)
	at ptolemy.util.test.junit.AutoKnownFailedTests.RunModel(AutoKnownFailedTests.java:105)
	at sun.reflect.NativeMethodAccessorImpl.invoke0(Native Method)
	at sun.reflect.NativeMethodAccessorImpl.invoke(NativeMethodAccessorImpl.java:62)
	at sun.reflect.DelegatingMethodAccessorImpl.invoke(DelegatingMethodAccessorImpl.java:43)
	at java.lang.reflect.Method.invoke(Method.java:498)
	at org.junit.runners.model.FrameworkMethod$1.runReflectiveCall(FrameworkMethod.java:44)
	at org.junit.internal.runners.model.ReflectiveCallable.run(ReflectiveCallable.java:15)
	at org.junit.runners.model.FrameworkMethod.invokeExplosively(FrameworkMethod.java:41)
	at junitparams.internal.InvokeParameterisedMethod.evaluate(InvokeParameterisedMethod.java:102)
	at org.junit.internal.runners.statements.FailOnTimeout$1.run(FailOnTimeout.java:28)
Caused by: ptolemy.kernel.util.IllegalActionException: Test fails in iteration 1.
Value was: 1.0. Should have been: 2.0
  in .DirectFeedback.Test
	at ptolemy.actor.lib.Test.fire(Test.java:268)
	at ptolemy.domains.de.kernel.DEDirector._fire(DEDirector.java:1949)
	at ptolemy.domains.de.kernel.DEDirector.fire(DEDirector.java:502)
	at ptolemy.actor.CompositeActor.fire(CompositeActor.java:455)
	at ptolemy.actor.Manager.iterate(Manager.java:851)
	at ptolemy.actor.Manager.execute(Manager.java:369)
	at ptolemy.actor.Manager.run(Manager.java:1263)
	at ptolemy.actor.Manager$PtolemyRunThread.run(Manager.java:1915)
java.lang.RuntimeException: Execution failed
	at ptolemy.moml.MoMLSimpleApplication$UnloadThread.run(MoMLSimpleApplication.java:402)
Caused by: ptolemy.kernel.util.IllegalActionException: Found a zero delay loop containing .HierarchicalModel.A
  in .HierarchicalModel and .HierarchicalModel.A
	at ptolemy.actor.util.CausalityInterfaceForComposites._computeOutputPortDepth(CausalityInterfaceForComposites.java:759)
	at ptolemy.actor.util.CausalityInterfaceForComposites._computeInputDepth(CausalityInterfaceForComposites.java:696)
	at ptolemy.actor.util.CausalityInterfaceForComposites._computeOutputPortDepth(CausalityInterfaceForComposites.java:765)
	at ptolemy.actor.util.CausalityInterfaceForComposites._computeInputDepth(CausalityInterfaceForComposites.java:696)
	at ptolemy.actor.util.CausalityInterfaceForComposites._computeOutputPortDepth(CausalityInterfaceForComposites.java:765)
	at ptolemy.actor.util.CausalityInterfaceForComposites._computeInputDepth(CausalityInterfaceForComposites.java:696)
	at ptolemy.actor.util.CausalityInterfaceForComposites._computeActorDepth(CausalityInterfaceForComposites.java:532)
	at ptolemy.actor.util.CausalityInterfaceForComposites.checkForCycles(CausalityInterfaceForComposites.java:96)
	at ptolemy.domains.de.kernel.DEDirector.preinitialize(DEDirector.java:1338)
	at ptolemy.actor.CompositeActor.preinitialize(CompositeActor.java:1828)
	at ptolemy.actor.Manager.preinitializeAndResolveTypes(Manager.java:1040)
	at ptolemy.actor.Manager.initialize(Manager.java:710)
	at ptolemy.actor.Manager.execute(Manager.java:356)
	at ptolemy.actor.Manager.run(Manager.java:1263)
	at ptolemy.actor.Manager$PtolemyRunThread.run(Manager.java:1915)
java.lang.reflect.InvocationTargetException
	at sun.reflect.NativeConstructorAccessorImpl.newInstance0(Native Method)
	at sun.reflect.NativeConstructorAccessorImpl.newInstance(NativeConstructorAccessorImpl.java:62)
	at sun.reflect.DelegatingConstructorAccessorImpl.newInstance(DelegatingConstructorAccessorImpl.java:45)
	at java.lang.reflect.Constructor.newInstance(Constructor.java:423)
	at ptolemy.util.test.junit.AutoKnownFailedTests.RunModel(AutoKnownFailedTests.java:105)
	at sun.reflect.NativeMethodAccessorImpl.invoke0(Native Method)
	at sun.reflect.NativeMethodAccessorImpl.invoke(NativeMethodAccessorImpl.java:62)
	at sun.reflect.DelegatingMethodAccessorImpl.invoke(DelegatingMethodAccessorImpl.java:43)
	at java.lang.reflect.Method.invoke(Method.java:498)
	at org.junit.runners.model.FrameworkMethod$1.runReflectiveCall(FrameworkMethod.java:44)
	at org.junit.internal.runners.model.ReflectiveCallable.run(ReflectiveCallable.java:15)
	at org.junit.runners.model.FrameworkMethod.invokeExplosively(FrameworkMethod.java:41)
	at junitparams.internal.InvokeParameterisedMethod.evaluate(InvokeParameterisedMethod.java:102)
	at org.junit.internal.runners.statements.FailOnTimeout$1.run(FailOnTimeout.java:28)
Caused by: ptolemy.kernel.util.IllegalActionException: Found a zero delay loop containing .HierarchicalModel.A
  in .HierarchicalModel and .HierarchicalModel.A
	at ptolemy.actor.util.CausalityInterfaceForComposites._computeOutputPortDepth(CausalityInterfaceForComposites.java:759)
	at ptolemy.actor.util.CausalityInterfaceForComposites._computeInputDepth(CausalityInterfaceForComposites.java:696)
	at ptolemy.actor.util.CausalityInterfaceForComposites._computeOutputPortDepth(CausalityInterfaceForComposites.java:765)
	at ptolemy.actor.util.CausalityInterfaceForComposites._computeInputDepth(CausalityInterfaceForComposites.java:696)
	at ptolemy.actor.util.CausalityInterfaceForComposites._computeOutputPortDepth(CausalityInterfaceForComposites.java:765)
	at ptolemy.actor.util.CausalityInterfaceForComposites._computeInputDepth(CausalityInterfaceForComposites.java:696)
	at ptolemy.actor.util.CausalityInterfaceForComposites._computeActorDepth(CausalityInterfaceForComposites.java:532)
	at ptolemy.actor.util.CausalityInterfaceForComposites.checkForCycles(CausalityInterfaceForComposites.java:96)
	at ptolemy.domains.de.kernel.DEDirector.preinitialize(DEDirector.java:1338)
	at ptolemy.actor.CompositeActor.preinitialize(CompositeActor.java:1828)
	at ptolemy.actor.Manager.preinitializeAndResolveTypes(Manager.java:1040)
	at ptolemy.actor.Manager.initialize(Manager.java:710)
	at ptolemy.actor.Manager.execute(Manager.java:356)
	at ptolemy.actor.Manager.run(Manager.java:1263)
	at ptolemy.actor.Manager$PtolemyRunThread.run(Manager.java:1915)
java.lang.RuntimeException: Execution failed
	at ptolemy.moml.MoMLSimpleApplication$UnloadThread.run(MoMLSimpleApplication.java:402)
Caused by: ptolemy.kernel.util.IllegalActionException: Found a zero delay loop containing .dependencyLoop.original
  in .dependencyLoop and .dependencyLoop.original
	at ptolemy.actor.util.CausalityInterfaceForComposites._computeOutputPortDepth(CausalityInterfaceForComposites.java:759)
	at ptolemy.actor.util.CausalityInterfaceForComposites._computeInputDepth(CausalityInterfaceForComposites.java:696)
	at ptolemy.actor.util.CausalityInterfaceForComposites._computeOutputPortDepth(CausalityInterfaceForComposites.java:765)
	at ptolemy.actor.util.CausalityInterfaceForComposites._computeInputDepth(CausalityInterfaceForComposites.java:696)
	at ptolemy.actor.util.CausalityInterfaceForComposites._computeOutputPortDepth(CausalityInterfaceForComposites.java:765)
	at ptolemy.actor.util.CausalityInterfaceForComposites._computeInputDepth(CausalityInterfaceForComposites.java:696)
	at ptolemy.actor.util.CausalityInterfaceForComposites._computeActorDepth(CausalityInterfaceForComposites.java:532)
	at ptolemy.actor.util.CausalityInterfaceForComposites.checkForCycles(CausalityInterfaceForComposites.java:96)
	at ptolemy.domains.de.kernel.DEDirector.preinitialize(DEDirector.java:1338)
	at ptolemy.actor.CompositeActor.preinitialize(CompositeActor.java:1828)
	at ptolemy.actor.Manager.preinitializeAndResolveTypes(Manager.java:1040)
	at ptolemy.actor.Manager.initialize(Manager.java:710)
	at ptolemy.actor.Manager.execute(Manager.java:356)
	at ptolemy.actor.Manager.run(Manager.java:1263)
	at ptolemy.actor.Manager$PtolemyRunThread.run(Manager.java:1915)
java.lang.reflect.InvocationTargetException
	at sun.reflect.NativeConstructorAccessorImpl.newInstance0(Native Method)
	at sun.reflect.NativeConstructorAccessorImpl.newInstance(NativeConstructorAccessorImpl.java:62)
	at sun.reflect.DelegatingConstructorAccessorImpl.newInstance(DelegatingConstructorAccessorImpl.java:45)
	at java.lang.reflect.Constructor.newInstance(Constructor.java:423)
	at ptolemy.util.test.junit.AutoKnownFailedTests.RunModel(AutoKnownFailedTests.java:105)
	at sun.reflect.NativeMethodAccessorImpl.invoke0(Native Method)
	at sun.reflect.NativeMethodAccessorImpl.invoke(NativeMethodAccessorImpl.java:62)
	at sun.reflect.DelegatingMethodAccessorImpl.invoke(DelegatingMethodAccessorImpl.java:43)
	at java.lang.reflect.Method.invoke(Method.java:498)
	at org.junit.runners.model.FrameworkMethod$1.runReflectiveCall(FrameworkMethod.java:44)
	at org.junit.internal.runners.model.ReflectiveCallable.run(ReflectiveCallable.java:15)
	at org.junit.runners.model.FrameworkMethod.invokeExplosively(FrameworkMethod.java:41)
	at junitparams.internal.InvokeParameterisedMethod.evaluate(InvokeParameterisedMethod.java:102)
	at org.junit.internal.runners.statements.FailOnTimeout$1.run(FailOnTimeout.java:28)
Caused by: ptolemy.kernel.util.IllegalActionException: Found a zero delay loop containing .dependencyLoop.original
  in .dependencyLoop and .dependencyLoop.original
	at ptolemy.actor.util.CausalityInterfaceForComposites._computeOutputPortDepth(CausalityInterfaceForComposites.java:759)
	at ptolemy.actor.util.CausalityInterfaceForComposites._computeInputDepth(CausalityInterfaceForComposites.java:696)
	at ptolemy.actor.util.CausalityInterfaceForComposites._computeOutputPortDepth(CausalityInterfaceForComposites.java:765)
	at ptolemy.actor.util.CausalityInterfaceForComposites._computeInputDepth(CausalityInterfaceForComposites.java:696)
	at ptolemy.actor.util.CausalityInterfaceForComposites._computeOutputPortDepth(CausalityInterfaceForComposites.java:765)
	at ptolemy.actor.util.CausalityInterfaceForComposites._computeInputDepth(CausalityInterfaceForComposites.java:696)
	at ptolemy.actor.util.CausalityInterfaceForComposites._computeActorDepth(CausalityInterfaceForComposites.java:532)
	at ptolemy.actor.util.CausalityInterfaceForComposites.checkForCycles(CausalityInterfaceForComposites.java:96)
	at ptolemy.domains.de.kernel.DEDirector.preinitialize(DEDirector.java:1338)
	at ptolemy.actor.CompositeActor.preinitialize(CompositeActor.java:1828)
	at ptolemy.actor.Manager.preinitializeAndResolveTypes(Manager.java:1040)
	at ptolemy.actor.Manager.initialize(Manager.java:710)
	at ptolemy.actor.Manager.execute(Manager.java:356)
	at ptolemy.actor.Manager.run(Manager.java:1263)
	at ptolemy.actor.Manager$PtolemyRunThread.run(Manager.java:1915)
java.lang.RuntimeException: Execution failed
	at ptolemy.moml.MoMLSimpleApplication$UnloadThread.run(MoMLSimpleApplication.java:402)
Caused by: ptolemy.kernel.util.IllegalActionException: Found a zero delay loop containing .dependencyLoop2.original
  in .dependencyLoop2 and .dependencyLoop2.original
	at ptolemy.actor.util.CausalityInterfaceForComposites._computeOutputPortDepth(CausalityInterfaceForComposites.java:759)
	at ptolemy.actor.util.CausalityInterfaceForComposites._computeInputDepth(CausalityInterfaceForComposites.java:696)
	at ptolemy.actor.util.CausalityInterfaceForComposites._computeOutputPortDepth(CausalityInterfaceForComposites.java:765)
	at ptolemy.actor.util.CausalityInterfaceForComposites._computeInputDepth(CausalityInterfaceForComposites.java:696)
	at ptolemy.actor.util.CausalityInterfaceForComposites._computeOutputPortDepth(CausalityInterfaceForComposites.java:765)
	at ptolemy.actor.util.CausalityInterfaceForComposites._computeInputDepth(CausalityInterfaceForComposites.java:696)
	at ptolemy.actor.util.CausalityInterfaceForComposites._computeActorDepth(CausalityInterfaceForComposites.java:532)
	at ptolemy.actor.util.CausalityInterfaceForComposites.checkForCycles(CausalityInterfaceForComposites.java:96)
	at ptolemy.domains.de.kernel.DEDirector.preinitialize(DEDirector.java:1338)
	at ptolemy.actor.CompositeActor.preinitialize(CompositeActor.java:1828)
	at ptolemy.actor.Manager.preinitializeAndResolveTypes(Manager.java:1040)
	at ptolemy.actor.Manager.initialize(Manager.java:710)
	at ptolemy.actor.Manager.execute(Manager.java:356)
	at ptolemy.actor.Manager.run(Manager.java:1263)
	at ptolemy.actor.Manager$PtolemyRunThread.run(Manager.java:1915)
java.lang.reflect.InvocationTargetException
	at sun.reflect.NativeConstructorAccessorImpl.newInstance0(Native Method)
	at sun.reflect.NativeConstructorAccessorImpl.newInstance(NativeConstructorAccessorImpl.java:62)
	at sun.reflect.DelegatingConstructorAccessorImpl.newInstance(DelegatingConstructorAccessorImpl.java:45)
	at java.lang.reflect.Constructor.newInstance(Constructor.java:423)
	at ptolemy.util.test.junit.AutoKnownFailedTests.RunModel(AutoKnownFailedTests.java:105)
	at sun.reflect.NativeMethodAccessorImpl.invoke0(Native Method)
	at sun.reflect.NativeMethodAccessorImpl.invoke(NativeMethodAccessorImpl.java:62)
	at sun.reflect.DelegatingMethodAccessorImpl.invoke(DelegatingMethodAccessorImpl.java:43)
	at java.lang.reflect.Method.invoke(Method.java:498)
	at org.junit.runners.model.FrameworkMethod$1.runReflectiveCall(FrameworkMethod.java:44)
	at org.junit.internal.runners.model.ReflectiveCallable.run(ReflectiveCallable.java:15)
	at org.junit.runners.model.FrameworkMethod.invokeExplosively(FrameworkMethod.java:41)
	at junitparams.internal.InvokeParameterisedMethod.evaluate(InvokeParameterisedMethod.java:102)
	at org.junit.internal.runners.statements.FailOnTimeout$1.run(FailOnTimeout.java:28)
Caused by: ptolemy.kernel.util.IllegalActionException: Found a zero delay loop containing .dependencyLoop2.original
  in .dependencyLoop2 and .dependencyLoop2.original
	at ptolemy.actor.util.CausalityInterfaceForComposites._computeOutputPortDepth(CausalityInterfaceForComposites.java:759)
	at ptolemy.actor.util.CausalityInterfaceForComposites._computeInputDepth(CausalityInterfaceForComposites.java:696)
	at ptolemy.actor.util.CausalityInterfaceForComposites._computeOutputPortDepth(CausalityInterfaceForComposites.java:765)
	at ptolemy.actor.util.CausalityInterfaceForComposites._computeInputDepth(CausalityInterfaceForComposites.java:696)
	at ptolemy.actor.util.CausalityInterfaceForComposites._computeOutputPortDepth(CausalityInterfaceForComposites.java:765)
	at ptolemy.actor.util.CausalityInterfaceForComposites._computeInputDepth(CausalityInterfaceForComposites.java:696)
	at ptolemy.actor.util.CausalityInterfaceForComposites._computeActorDepth(CausalityInterfaceForComposites.java:532)
	at ptolemy.actor.util.CausalityInterfaceForComposites.checkForCycles(CausalityInterfaceForComposites.java:96)
	at ptolemy.domains.de.kernel.DEDirector.preinitialize(DEDirector.java:1338)
	at ptolemy.actor.CompositeActor.preinitialize(CompositeActor.java:1828)
	at ptolemy.actor.Manager.preinitializeAndResolveTypes(Manager.java:1040)
	at ptolemy.actor.Manager.initialize(Manager.java:710)
	at ptolemy.actor.Manager.execute(Manager.java:356)
	at ptolemy.actor.Manager.run(Manager.java:1263)
	at ptolemy.actor.Manager$PtolemyRunThread.run(Manager.java:1915)
]]></system-err>
</testsuite>
