<?xml version="1.0" encoding="UTF-8" ?>
<testsuite errors="0" failures="0" hostname="travis-job-b561fc8e-6e65-441e-8f2d-98f18ab5299f" name="ptolemy.domains.de.test.junit.JUnitTclTest" skipped="0" tests="101" time="135.574" timestamp="2019-08-15T05:21:43">
  <properties>
[...]
</properties>
  <testcase classname="ptolemy.util.test.junit.TclTests" name="[0] /home/travis/build/icyphy/ptII/ptolemy/domains/de/test/DependencyLoop.tcl (RunTclFile)" time="1.213" />
  <testcase classname="ptolemy.util.test.junit.TclTests" name="[1] /home/travis/build/icyphy/ptII/ptolemy/domains/de/test/RunDETestsAsQSS.tcl (RunTclFile)" time="92.204" />
  <testcase classname="ptolemy.util.test.junit.AutoKnownFailedTests" name="[0] /home/travis/build/icyphy/ptII/ptolemy/domains/de/test/auto/knownFailedTests/DESDFClockTest.xml (RunModel)" time="2.042" />
  <testcase classname="ptolemy.util.test.junit.AutoKnownFailedTests" name="[1] /home/travis/build/icyphy/ptII/ptolemy/domains/de/test/auto/knownFailedTests/DirectFeedback.xml (RunModel)" time="0.019" />
  <testcase classname="ptolemy.util.test.junit.AutoKnownFailedTests" name="[2] /home/travis/build/icyphy/ptII/ptolemy/domains/de/test/auto/knownFailedTests/FSMSource.xml (RunModel)" time="0.029" />
  <testcase classname="ptolemy.util.test.junit.AutoKnownFailedTests" name="[3] /home/travis/build/icyphy/ptII/ptolemy/domains/de/test/auto/knownFailedTests/HierarchicalModel.xml (RunModel)" time="0.049" />
  <testcase classname="ptolemy.util.test.junit.AutoKnownFailedTests" name="[4] /home/travis/build/icyphy/ptII/ptolemy/domains/de/test/auto/knownFailedTests/dependencyLoop.xml (RunModel)" time="0.042" />
  <testcase classname="ptolemy.util.test.junit.AutoKnownFailedTests" name="[5] /home/travis/build/icyphy/ptII/ptolemy/domains/de/test/auto/knownFailedTests/dependencyLoop2.xml (RunModel)" time="0.039" />
  <testcase classname="ptolemy.util.test.junit.AutoNameArchTests" name="[0] ThereAreNoAutoArchTests (RunModel)" time="0.006" />
  <testcase classname="ptolemy.util.test.junit.AutoTests" name="[0] /home/travis/build/icyphy/ptII/ptolemy/domains/de/test/auto/ActorDepthCalculation_actorWithoutPorts.xml (RunModel)" time="0.023" />
  <testcase classname="ptolemy.util.test.junit.AutoTests" name="[1] /home/travis/build/icyphy/ptII/ptolemy/domains/de/test/auto/AssemblyLine.xml (RunModel)" time="0.028" />
  <testcase classname="ptolemy.util.test.junit.AutoTests" name="[2] /home/travis/build/icyphy/ptII/ptolemy/domains/de/test/auto/CQBug1.xml (RunModel)" time="0.011" />
  <testcase classname="ptolemy.util.test.junit.AutoTests" name="[3] /home/travis/build/icyphy/ptII/ptolemy/domains/de/test/auto/CancelFireAt.xml (RunModel)" time="0.011" />
  <testcase classname="ptolemy.util.test.junit.AutoTests" name="[4] /home/travis/build/icyphy/ptII/ptolemy/domains/de/test/auto/CausalityAndComposabilityAnalysis.xml (RunModel)" time="0.03" />
  <testcase classname="ptolemy.util.test.junit.AutoTests" name="[5] /home/travis/build/icyphy/ptII/ptolemy/domains/de/test/auto/CausalityInterface1.xml (RunModel)" time="0.022" />
  <testcase classname="ptolemy.util.test.junit.AutoTests" name="[6] /home/travis/build/icyphy/ptII/ptolemy/domains/de/test/auto/CausalityInterface15.xml (RunModel)" time="0.013" />
  <testcase classname="ptolemy.util.test.junit.AutoTests" name="[7] /home/travis/build/icyphy/ptII/ptolemy/domains/de/test/auto/CausalityInterface2.xml (RunModel)" time="0.012" />
  <testcase classname="ptolemy.util.test.junit.AutoTests" name="[8] /home/travis/build/icyphy/ptII/ptolemy/domains/de/test/auto/CausalityInterface3.xml (RunModel)" time="0.015" />
  <testcase classname="ptolemy.util.test.junit.AutoTests" name="[9] /home/travis/build/icyphy/ptII/ptolemy/domains/de/test/auto/ClockDrift.xml (RunModel)" time="0.039" />
  <testcase classname="ptolemy.util.test.junit.AutoTests" name="[10] /home/travis/build/icyphy/ptII/ptolemy/domains/de/test/auto/ClockDriftAndValueChange.xml (RunModel)" time="0.041" />
  <testcase classname="ptolemy.util.test.junit.AutoTests" name="[11] /home/travis/build/icyphy/ptII/ptolemy/domains/de/test/auto/ClockDriftChange.xml (RunModel)" time="0.036" />
  <testcase classname="ptolemy.util.test.junit.AutoTests" name="[12] /home/travis/build/icyphy/ptII/ptolemy/domains/de/test/auto/ComposableCausalityAnalysis.xml (RunModel)" time="0.017" />
  <testcase classname="ptolemy.util.test.junit.AutoTests" name="[13] /home/travis/build/icyphy/ptII/ptolemy/domains/de/test/auto/DEFixedPointLimitation.xml (RunModel)" time="0.009" />
  <testcase classname="ptolemy.util.test.junit.AutoTests" name="[14] /home/travis/build/icyphy/ptII/ptolemy/domains/de/test/auto/DEScheduleTest.xml (RunModel)" time="0.017" />
  <testcase classname="ptolemy.util.test.junit.AutoTests" name="[15] /home/travis/build/icyphy/ptII/ptolemy/domains/de/test/auto/DEinDEwithStartTimes.xml (RunModel)" time="0.016" />
  <testcase classname="ptolemy.util.test.junit.AutoTests" name="[16] /home/travis/build/icyphy/ptII/ptolemy/domains/de/test/auto/DEinDEwithStartTimes2.xml (RunModel)" time="0.022" />
  <testcase classname="ptolemy.util.test.junit.AutoTests" name="[17] /home/travis/build/icyphy/ptII/ptolemy/domains/de/test/auto/DateDemo.xml (RunModel)" time="0.031" />
  <testcase classname="ptolemy.util.test.junit.AutoTests" name="[18] /home/travis/build/icyphy/ptII/ptolemy/domains/de/test/auto/DateToEvent.xml (RunModel)" time="2.045" />
  <testcase classname="ptolemy.util.test.junit.AutoTests" name="[19] /home/travis/build/icyphy/ptII/ptolemy/domains/de/test/auto/DepthTest1.xml (RunModel)" time="0.01" />
  <testcase classname="ptolemy.util.test.junit.AutoTests" name="[20] /home/travis/build/icyphy/ptII/ptolemy/domains/de/test/auto/DepthTest2.xml (RunModel)" time="0.022" />
  <testcase classname="ptolemy.util.test.junit.AutoTests" name="[21] /home/travis/build/icyphy/ptII/ptolemy/domains/de/test/auto/DepthTest3.xml (RunModel)" time="0.009" />
  <testcase classname="ptolemy.util.test.junit.AutoTests" name="[22] /home/travis/build/icyphy/ptII/ptolemy/domains/de/test/auto/DepthTest4.xml (RunModel)" time="0.024" />
  <testcase classname="ptolemy.util.test.junit.AutoTests" name="[23] /home/travis/build/icyphy/ptII/ptolemy/domains/de/test/auto/DepthTest5.xml (RunModel)" time="0.014" />
  <testcase classname="ptolemy.util.test.junit.AutoTests" name="[24] /home/travis/build/icyphy/ptII/ptolemy/domains/de/test/auto/DepthTest6.xml (RunModel)" time="0.014" />
  <testcase classname="ptolemy.util.test.junit.AutoTests" name="[25] /home/travis/build/icyphy/ptII/ptolemy/domains/de/test/auto/DepthTest7.xml (RunModel)" time="0.012" />
  <testcase classname="ptolemy.util.test.junit.AutoTests" name="[26] /home/travis/build/icyphy/ptII/ptolemy/domains/de/test/auto/EventToDate.xml (RunModel)" time="3.04" />
  <testcase classname="ptolemy.util.test.junit.AutoTests" name="[27] /home/travis/build/icyphy/ptII/ptolemy/domains/de/test/auto/FSM1.xml (RunModel)" time="0.065" />
  <testcase classname="ptolemy.util.test.junit.AutoTests" name="[28] /home/travis/build/icyphy/ptII/ptolemy/domains/de/test/auto/FSM7.xml (RunModel)" time="0.042" />
  <testcase classname="ptolemy.util.test.junit.AutoTests" name="[29] /home/travis/build/icyphy/ptII/ptolemy/domains/de/test/auto/Inspection.xml (RunModel)" time="0.047" />
  <testcase classname="ptolemy.util.test.junit.AutoTests" name="[30] /home/travis/build/icyphy/ptII/ptolemy/domains/de/test/auto/Iteration.xml (RunModel)" time="0.023" />
  <testcase classname="ptolemy.util.test.junit.AutoTests" name="[31] /home/travis/build/icyphy/ptII/ptolemy/domains/de/test/auto/LineFault.xml (RunModel)" time="0.625" />
  <testcase classname="ptolemy.util.test.junit.AutoTests" name="[32] /home/travis/build/icyphy/ptII/ptolemy/domains/de/test/auto/MergeModel1Add.xml (RunModel)" time="0.061" />
  <testcase classname="ptolemy.util.test.junit.AutoTests" name="[33] /home/travis/build/icyphy/ptII/ptolemy/domains/de/test/auto/MergeModel2Add.xml (RunModel)" time="0.039" />
  <testcase classname="ptolemy.util.test.junit.AutoTests" name="[34] /home/travis/build/icyphy/ptII/ptolemy/domains/de/test/auto/MergeModel3Add.xml (RunModel)" time="0.042" />
  <testcase classname="ptolemy.util.test.junit.AutoTests" name="[35] /home/travis/build/icyphy/ptII/ptolemy/domains/de/test/auto/MergeWithoutDiscard.xml (RunModel)" time="0.02" />
  <testcase classname="ptolemy.util.test.junit.AutoTests" name="[36] /home/travis/build/icyphy/ptII/ptolemy/domains/de/test/auto/Modal1.xml (RunModel)" time="0.035" />
  <testcase classname="ptolemy.util.test.junit.AutoTests" name="[37] /home/travis/build/icyphy/ptII/ptolemy/domains/de/test/auto/Modal2.xml (RunModel)" time="0.034" />
  <testcase classname="ptolemy.util.test.junit.AutoTests" name="[38] /home/travis/build/icyphy/ptII/ptolemy/domains/de/test/auto/Modal3.xml (RunModel)" time="0.039" />
  <testcase classname="ptolemy.util.test.junit.AutoTests" name="[39] /home/travis/build/icyphy/ptII/ptolemy/domains/de/test/auto/Modal4.xml (RunModel)" time="0.033" />
  <testcase classname="ptolemy.util.test.junit.AutoTests" name="[40] /home/travis/build/icyphy/ptII/ptolemy/domains/de/test/auto/Modal5.xml (RunModel)" time="0.044" />
  <testcase classname="ptolemy.util.test.junit.AutoTests" name="[41] /home/travis/build/icyphy/ptII/ptolemy/domains/de/test/auto/Modal6.xml (RunModel)" time="0.031" />
  <testcase classname="ptolemy.util.test.junit.AutoTests" name="[42] /home/travis/build/icyphy/ptII/ptolemy/domains/de/test/auto/Modal7.xml (RunModel)" time="0.039" />
  <testcase classname="ptolemy.util.test.junit.AutoTests" name="[43] /home/travis/build/icyphy/ptII/ptolemy/domains/de/test/auto/ModalModel.xml (RunModel)" time="0.186" />
  <testcase classname="ptolemy.util.test.junit.AutoTests" name="[44] /home/travis/build/icyphy/ptII/ptolemy/domains/de/test/auto/ModalSource.xml (RunModel)" time="0.034" />
  <testcase classname="ptolemy.util.test.junit.AutoTests" name="[45] /home/travis/build/icyphy/ptII/ptolemy/domains/de/test/auto/NonInterruptibleTimerZeroDelay.xml (RunModel)" time="0.009" />
  <testcase classname="ptolemy.util.test.junit.AutoTests" name="[46] /home/travis/build/icyphy/ptII/ptolemy/domains/de/test/auto/OpenQueueingNetwork.xml (RunModel)" time="2.852" />
  <testcase classname="ptolemy.util.test.junit.AutoTests" name="[47] /home/travis/build/icyphy/ptII/ptolemy/domains/de/test/auto/OpenQueuingNetwork.xml (RunModel)" time="0.316" />
  <testcase classname="ptolemy.util.test.junit.AutoTests" name="[48] /home/travis/build/icyphy/ptII/ptolemy/domains/de/test/auto/PeriodicSampler.xml (RunModel)" time="0.009" />
  <testcase classname="ptolemy.util.test.junit.AutoTests" name="[49] /home/travis/build/icyphy/ptII/ptolemy/domains/de/test/auto/PersistentIO.xml (RunModel)" time="0.03" />
  <testcase classname="ptolemy.util.test.junit.AutoTests" name="[50] /home/travis/build/icyphy/ptII/ptolemy/domains/de/test/auto/PortParameterResetOnInitialize.xml (RunModel)" time="0.014" />
  <testcase classname="ptolemy.util.test.junit.AutoTests" name="[51] /home/travis/build/icyphy/ptII/ptolemy/domains/de/test/auto/PortParameterUpdates.xml (RunModel)" time="0.02" />
  <testcase classname="ptolemy.util.test.junit.AutoTests" name="[52] /home/travis/build/icyphy/ptII/ptolemy/domains/de/test/auto/QueueAndServer.xml (RunModel)" time="0.022" />
  <testcase classname="ptolemy.util.test.junit.AutoTests" name="[53] /home/travis/build/icyphy/ptII/ptolemy/domains/de/test/auto/Records.xml (RunModel)" time="0.014" />
  <testcase classname="ptolemy.util.test.junit.AutoTests" name="[54] /home/travis/build/icyphy/ptII/ptolemy/domains/de/test/auto/ResetTransitionWithStartTime1.xml (RunModel)" time="0.018" />
  <testcase classname="ptolemy.util.test.junit.AutoTests" name="[55] /home/travis/build/icyphy/ptII/ptolemy/domains/de/test/auto/ResetTransitionWithStartTime2.xml (RunModel)" time="0.021" />
  <testcase classname="ptolemy.util.test.junit.AutoTests" name="[56] /home/travis/build/icyphy/ptII/ptolemy/domains/de/test/auto/ResetTransitionWithStartTime3.xml (RunModel)" time="0.022" />
  <testcase classname="ptolemy.util.test.junit.AutoTests" name="[57] /home/travis/build/icyphy/ptII/ptolemy/domains/de/test/auto/ResetTransitionWithStartTime4.xml (RunModel)" time="0.022" />
  <testcase classname="ptolemy.util.test.junit.AutoTests" name="[58] /home/travis/build/icyphy/ptII/ptolemy/domains/de/test/auto/ResettableTimer1.xml (RunModel)" time="0.01" />
  <testcase classname="ptolemy.util.test.junit.AutoTests" name="[59] /home/travis/build/icyphy/ptII/ptolemy/domains/de/test/auto/ResettableTimer2.xml (RunModel)" time="0.01" />
  <testcase classname="ptolemy.util.test.junit.AutoTests" name="[60] /home/travis/build/icyphy/ptII/ptolemy/domains/de/test/auto/ResettableTimer3.xml (RunModel)" time="0.009" />
  <testcase classname="ptolemy.util.test.junit.AutoTests" name="[61] /home/travis/build/icyphy/ptII/ptolemy/domains/de/test/auto/ResettableTimer4.xml (RunModel)" time="0.012" />
  <testcase classname="ptolemy.util.test.junit.AutoTests" name="[62] /home/travis/build/icyphy/ptII/ptolemy/domains/de/test/auto/ResettableTimer5.xml (RunModel)" time="0.009" />
  <testcase classname="ptolemy.util.test.junit.AutoTests" name="[63] /home/travis/build/icyphy/ptII/ptolemy/domains/de/test/auto/ResettableTimer6.xml (RunModel)" time="0.02" />
  <testcase classname="ptolemy.util.test.junit.AutoTests" name="[64] /home/travis/build/icyphy/ptII/ptolemy/domains/de/test/auto/ServerZeroDelay.xml (RunModel)" time="0.009" />
  <testcase classname="ptolemy.util.test.junit.AutoTests" name="[65] /home/travis/build/icyphy/ptII/ptolemy/domains/de/test/auto/SmartSender.xml (RunModel)" time="3.009" />
  <testcase classname="ptolemy.util.test.junit.AutoTests" name="[66] /home/travis/build/icyphy/ptII/ptolemy/domains/de/test/auto/ThreadedComposite.xml (RunModel)" time="0.165" />
  <testcase classname="ptolemy.util.test.junit.AutoTests" name="[67] /home/travis/build/icyphy/ptII/ptolemy/domains/de/test/auto/Time.xml (RunModel)" time="0.463" />
  <testcase classname="ptolemy.util.test.junit.AutoTests" name="[68] /home/travis/build/icyphy/ptII/ptolemy/domains/de/test/auto/TimeDelayZeroDelay.xml (RunModel)" time="0.011" />
  <testcase classname="ptolemy.util.test.junit.AutoTests" name="[69] /home/travis/build/icyphy/ptII/ptolemy/domains/de/test/auto/TimerZeroDelay.xml (RunModel)" time="0.012" />
  <testcase classname="ptolemy.util.test.junit.AutoTests" name="[70] /home/travis/build/icyphy/ptII/ptolemy/domains/de/test/auto/TimingParadox.xml (RunModel)" time="0.389" />
  <testcase classname="ptolemy.util.test.junit.AutoTests" name="[71] /home/travis/build/icyphy/ptII/ptolemy/domains/de/test/auto/TransferInputs.xml (RunModel)" time="0.016" />
  <testcase classname="ptolemy.util.test.junit.AutoTests" name="[72] /home/travis/build/icyphy/ptII/ptolemy/domains/de/test/auto/TransferOutputs2.xml (RunModel)" time="0.019" />
  <testcase classname="ptolemy.util.test.junit.AutoTests" name="[73] /home/travis/build/icyphy/ptII/ptolemy/domains/de/test/auto/Trilateration.xml (RunModel)" time="12.612" />
  <testcase classname="ptolemy.util.test.junit.AutoTests" name="[74] /home/travis/build/icyphy/ptII/ptolemy/domains/de/test/auto/TwoSigmaDelta.xml (RunModel)" time="2.104" />
  <testcase classname="ptolemy.util.test.junit.AutoTests" name="[75] /home/travis/build/icyphy/ptII/ptolemy/domains/de/test/auto/VariableDelay.xml (RunModel)" time="0.013" />
  <testcase classname="ptolemy.util.test.junit.AutoTests" name="[76] /home/travis/build/icyphy/ptII/ptolemy/domains/de/test/auto/VariableDelay2.xml (RunModel)" time="0.009" />
  <testcase classname="ptolemy.util.test.junit.AutoTests" name="[77] /home/travis/build/icyphy/ptII/ptolemy/domains/de/test/auto/VariableDelayZeroDelay.xml (RunModel)" time="0.016" />
  <testcase classname="ptolemy.util.test.junit.AutoTests" name="[78] /home/travis/build/icyphy/ptII/ptolemy/domains/de/test/auto/VariableDelayZeroDelay2.xml (RunModel)" time="0.019" />
  <testcase classname="ptolemy.util.test.junit.AutoTests" name="[79] /home/travis/build/icyphy/ptII/ptolemy/domains/de/test/auto/deInCt.xml (RunModel)" time="0.01" />
  <testcase classname="ptolemy.util.test.junit.AutoTests" name="[80] /home/travis/build/icyphy/ptII/ptolemy/domains/de/test/auto/deInCt2.xml (RunModel)" time="0.012" />
  <testcase classname="ptolemy.util.test.junit.AutoTests" name="[81] /home/travis/build/icyphy/ptII/ptolemy/domains/de/test/auto/dynamicCausalityInterface1.xml (RunModel)" time="0.019" />
  <testcase classname="ptolemy.util.test.junit.AutoTests" name="[82] /home/travis/build/icyphy/ptII/ptolemy/domains/de/test/auto/fsm_de_test.xml (RunModel)" time="0.028" />
  <testcase classname="ptolemy.util.test.junit.AutoTests" name="[83] /home/travis/build/icyphy/ptII/ptolemy/domains/de/test/auto/functionDependencyReconstruction.xml (RunModel)" time="0.034" />
  <testcase classname="ptolemy.util.test.junit.AutoTests" name="[84] /home/travis/build/icyphy/ptII/ptolemy/domains/de/test/auto/multirate.xml (RunModel)" time="0.019" />
  <testcase classname="ptolemy.util.test.junit.AutoTests" name="[85] /home/travis/build/icyphy/ptII/ptolemy/domains/de/test/auto/multirate2.xml (RunModel)" time="0.026" />
  <testcase classname="ptolemy.util.test.junit.AutoTests" name="[86] /home/travis/build/icyphy/ptII/ptolemy/domains/de/test/auto/realtime.xml (RunModel)" time="10.012" />
  <testcase classname="ptolemy.util.test.junit.AutoTests" name="[87] /home/travis/build/icyphy/ptII/ptolemy/domains/de/test/auto/relationGroup.xml (RunModel)" time="0.016" />
  <testcase classname="ptolemy.util.test.junit.AutoTests" name="[88] /home/travis/build/icyphy/ptII/ptolemy/domains/de/test/auto/relationGroup2.xml (RunModel)" time="0.01" />
  <testcase classname="ptolemy.util.test.junit.AutoTests" name="[89] /home/travis/build/icyphy/ptII/ptolemy/domains/de/test/auto/sortWithOpaquePorts.xml (RunModel)" time="0.012" />
  <testcase classname="ptolemy.util.test.junit.AutoTests" name="[90] /home/travis/build/icyphy/ptII/ptolemy/domains/de/test/auto/transferInputsandOutputs.xml (RunModel)" time="0.015" />
  <testcase classname="ptolemy.util.test.junit.AutoTests" name="[91] /home/travis/build/icyphy/ptII/ptolemy/domains/de/test/auto/triggerType.xml (RunModel)" time="0.025" />
  <system-out><![CDATA[/home/travis/build/icyphy/ptII/ptolemy/domains/de/test/DependencyLoop.tcl
testDefs.tcl: setting time out to 9000 seconds at Thu Aug 15 05:21:44 UTC 2019
101 ms. Memory: 120832K Free: 71624K (59%)
28 ms. Memory: 120832K Free: 54216K (45%)
/home/travis/build/icyphy/ptII/ptolemy/domains/de/test/RunDETestsAsQSS.tcl
Run the DE tests using ptolemy.domains.qss.test.QSSDirectorTest, which extends QSSDirector and prints a message in the constructors.
------------------ testing $PTII/ptolemy/domains/de/test/auto/knownFailedTests/DirectFeedback.xml (Known Failure) 
41 ms. Memory: 120832K Free: 48582K (40%)


==== $PTIIhome/travis/build/icyphy/ptII/ptolemy/domains/de/test/../../../../: Auto Automatic test in file $PTII/ptolemy/domains/de/test/auto/knownFailedTests/DirectFeedback.xml
==== Contents of test case:

	    # FIXME: we should use $relativeFilename here, but it
	    # might have backslashes under Windows, which causes no end
	    # of trouble.
	    createAndExecute $file
	    list {}
	
.... Test generated KNOWN error:
    while executing
ptolemy.kernel.util.IllegalActionException: Test fails in iteration 1.
Value was: 1.0. Should have been: 2.0
  in .DirectFeedback.Test
	at ptolemy.actor.lib.Test.fire(Test.java:268)
	at ptolemy.domains.de.kernel.DEDirector._fire(DEDirector.java:1949)
	at ptolemy.domains.de.kernel.DEDirector.fire(DEDirector.java:502)
	at ptolemy.actor.CompositeActor.fire(CompositeActor.java:455)
	at ptolemy.actor.Manager.iterate(Manager.java:851)
	at ptolemy.actor.Manager.execute(Manager.java:369)
	at ptolemy.actor.Manager.run(Manager.java:1263)
	at ptolemy.actor.Manager$PtolemyRunThread.run(Manager.java:1933)

    while executing
ptolemy.kernel.util.IllegalActionException: Test fails in iteration 1.
Value was: 1.0. Should have been: 2.0
  in .DirectFeedback.Test
    while executing
"java::new ptolemy.moml.MoMLSimpleApplication $file
"
    (procedure "createAndExecute" line 2)
    invoked from within
"createAndExecute $file"
    ("uplevel" body line 5)
    invoked from within
"uplevel $contents_of_test"
------------------ testing $PTII/ptolemy/domains/de/test/auto/knownFailedTests/dependencyLoop.xml (Known Failure) 
45 ms. Memory: 120832K Free: 107914K (89%)


==== $PTIIhome/travis/build/icyphy/ptII/ptolemy/domains/de/test/../../../../: Auto Automatic test in file $PTII/ptolemy/domains/de/test/auto/knownFailedTests/dependencyLoop.xml
==== Contents of test case:

	    # FIXME: we should use $relativeFilename here, but it
	    # might have backslashes under Windows, which causes no end
	    # of trouble.
	    createAndExecute $file
	    list {}
	
.... Test generated KNOWN error:
    while executing
ptolemy.kernel.util.IllegalActionException: Found a zero delay loop containing .dependencyLoop.original
  in .dependencyLoop and .dependencyLoop.original
	at ptolemy.actor.util.CausalityInterfaceForComposites._computeOutputPortDepth(CausalityInterfaceForComposites.java:759)
	at ptolemy.actor.util.CausalityInterfaceForComposites._computeInputDepth(CausalityInterfaceForComposites.java:696)
	at ptolemy.actor.util.CausalityInterfaceForComposites._computeOutputPortDepth(CausalityInterfaceForComposites.java:765)
	at ptolemy.actor.util.CausalityInterfaceForComposites._computeInputDepth(CausalityInterfaceForComposites.java:696)
	at ptolemy.actor.util.CausalityInterfaceForComposites._computeOutputPortDepth(CausalityInterfaceForComposites.java:765)
	at ptolemy.actor.util.CausalityInterfaceForComposites._computeInputDepth(CausalityInterfaceForComposites.java:696)
	at ptolemy.actor.util.CausalityInterfaceForComposites._computeActorDepth(CausalityInterfaceForComposites.java:532)
	at ptolemy.actor.util.CausalityInterfaceForComposites.checkForCycles(CausalityInterfaceForComposites.java:96)
	at ptolemy.domains.de.kernel.DEDirector.preinitialize(DEDirector.java:1338)
	at ptolemy.actor.CompositeActor.preinitialize(CompositeActor.java:1828)
	at ptolemy.actor.Manager.preinitializeAndResolveTypes(Manager.java:1040)
	at ptolemy.actor.Manager.initialize(Manager.java:710)
	at ptolemy.actor.Manager.execute(Manager.java:356)
	at ptolemy.actor.Manager.run(Manager.java:1263)
	at ptolemy.actor.Manager$PtolemyRunThread.run(Manager.java:1933)

    while executing
ptolemy.kernel.util.IllegalActionException: Found a zero delay loop containing .dependencyLoop.original
  in .dependencyLoop and .dependencyLoop.original
    while executing
"java::new ptolemy.moml.MoMLSimpleApplication $file
"
    (procedure "createAndExecute" line 2)
    invoked from within
"createAndExecute $file"
    ("uplevel" body line 5)
    invoked from within
"uplevel $contents_of_test"
------------------ testing $PTII/ptolemy/domains/de/test/auto/knownFailedTests/FSMSource.xml (Known Failure) 
86 ms. Memory: 120832K Free: 98751K (82%)
!!!! Auto was marked as failing, but now passes
------------------ testing $PTII/ptolemy/domains/de/test/auto/knownFailedTests/HierarchicalModel.xml (Known Failure) 
7 ms. Memory: 120832K Free: 81600K (68%)


==== $PTIIhome/travis/build/icyphy/ptII/ptolemy/domains/de/test/../../../../: Auto Automatic test in file $PTII/ptolemy/domains/de/test/auto/knownFailedTests/HierarchicalModel.xml
==== Contents of test case:

	    # FIXME: we should use $relativeFilename here, but it
	    # might have backslashes under Windows, which causes no end
	    # of trouble.
	    createAndExecute $file
	    list {}
	
.... Test generated KNOWN error:
    while executing
ptolemy.kernel.util.IllegalActionException: Found a zero delay loop containing .HierarchicalModel.A
  in .HierarchicalModel and .HierarchicalModel.A
	at ptolemy.actor.util.CausalityInterfaceForComposites._computeOutputPortDepth(CausalityInterfaceForComposites.java:759)
	at ptolemy.actor.util.CausalityInterfaceForComposites._computeInputDepth(CausalityInterfaceForComposites.java:696)
	at ptolemy.actor.util.CausalityInterfaceForComposites._computeOutputPortDepth(CausalityInterfaceForComposites.java:765)
	at ptolemy.actor.util.CausalityInterfaceForComposites._computeInputDepth(CausalityInterfaceForComposites.java:696)
	at ptolemy.actor.util.CausalityInterfaceForComposites._computeOutputPortDepth(CausalityInterfaceForComposites.java:765)
	at ptolemy.actor.util.CausalityInterfaceForComposites._computeInputDepth(CausalityInterfaceForComposites.java:696)
	at ptolemy.actor.util.CausalityInterfaceForComposites._computeActorDepth(CausalityInterfaceForComposites.java:532)
	at ptolemy.actor.util.CausalityInterfaceForComposites.checkForCycles(CausalityInterfaceForComposites.java:96)
	at ptolemy.domains.de.kernel.DEDirector.preinitialize(DEDirector.java:1338)
	at ptolemy.actor.CompositeActor.preinitialize(CompositeActor.java:1828)
	at ptolemy.actor.Manager.preinitializeAndResolveTypes(Manager.java:1040)
	at ptolemy.actor.Manager.initialize(Manager.java:710)
	at ptolemy.actor.Manager.execute(Manager.java:356)
	at ptolemy.actor.Manager.run(Manager.java:1263)
	at ptolemy.actor.Manager$PtolemyRunThread.run(Manager.java:1933)

    while executing
ptolemy.kernel.util.IllegalActionException: Found a zero delay loop containing .HierarchicalModel.A
  in .HierarchicalModel and .HierarchicalModel.A
    while executing
"java::new ptolemy.moml.MoMLSimpleApplication $file
"
    (procedure "createAndExecute" line 2)
    invoked from within
"createAndExecute $file"
    ("uplevel" body line 5)
    invoked from within
"uplevel $contents_of_test"
------------------ testing $PTII/ptolemy/domains/de/test/auto/knownFailedTests/dependencyLoop2.xml (Known Failure) 
40 ms. Memory: 120832K Free: 105152K (87%)


==== $PTIIhome/travis/build/icyphy/ptII/ptolemy/domains/de/test/../../../../: Auto Automatic test in file $PTII/ptolemy/domains/de/test/auto/knownFailedTests/dependencyLoop2.xml
==== Contents of test case:

	    # FIXME: we should use $relativeFilename here, but it
	    # might have backslashes under Windows, which causes no end
	    # of trouble.
	    createAndExecute $file
	    list {}
	
.... Test generated KNOWN error:
    while executing
ptolemy.kernel.util.IllegalActionException: Found a zero delay loop containing .dependencyLoop2.original
  in .dependencyLoop2 and .dependencyLoop2.original
	at ptolemy.actor.util.CausalityInterfaceForComposites._computeOutputPortDepth(CausalityInterfaceForComposites.java:759)
	at ptolemy.actor.util.CausalityInterfaceForComposites._computeInputDepth(CausalityInterfaceForComposites.java:696)
	at ptolemy.actor.util.CausalityInterfaceForComposites._computeOutputPortDepth(CausalityInterfaceForComposites.java:765)
	at ptolemy.actor.util.CausalityInterfaceForComposites._computeInputDepth(CausalityInterfaceForComposites.java:696)
	at ptolemy.actor.util.CausalityInterfaceForComposites._computeOutputPortDepth(CausalityInterfaceForComposites.java:765)
	at ptolemy.actor.util.CausalityInterfaceForComposites._computeInputDepth(CausalityInterfaceForComposites.java:696)
	at ptolemy.actor.util.CausalityInterfaceForComposites._computeActorDepth(CausalityInterfaceForComposites.java:532)
	at ptolemy.actor.util.CausalityInterfaceForComposites.checkForCycles(CausalityInterfaceForComposites.java:96)
	at ptolemy.domains.de.kernel.DEDirector.preinitialize(DEDirector.java:1338)
	at ptolemy.actor.CompositeActor.preinitialize(CompositeActor.java:1828)
	at ptolemy.actor.Manager.preinitializeAndResolveTypes(Manager.java:1040)
	at ptolemy.actor.Manager.initialize(Manager.java:710)
	at ptolemy.actor.Manager.execute(Manager.java:356)
	at ptolemy.actor.Manager.run(Manager.java:1263)
	at ptolemy.actor.Manager$PtolemyRunThread.run(Manager.java:1933)

    while executing
ptolemy.kernel.util.IllegalActionException: Found a zero delay loop containing .dependencyLoop2.original
  in .dependencyLoop2 and .dependencyLoop2.original
    while executing
"java::new ptolemy.moml.MoMLSimpleApplication $file
"
    (procedure "createAndExecute" line 2)
    invoked from within
"createAndExecute $file"
    ("uplevel" body line 5)
    invoked from within
"uplevel $contents_of_test"
------------------ testing $PTII/ptolemy/domains/de/test/auto/knownFailedTests/DESDFClockTest.xml (Known Failure) 
2067 ms. Memory: 120832K Free: 92166K (76%)


==== $PTIIhome/travis/build/icyphy/ptII/ptolemy/domains/de/test/../../../../: Auto Automatic test in file $PTII/ptolemy/domains/de/test/auto/knownFailedTests/DESDFClockTest.xml
==== Contents of test case:

	    # FIXME: we should use $relativeFilename here, but it
	    # might have backslashes under Windows, which causes no end
	    # of trouble.
	    createAndExecute $file
	    list {}
	
.... Test generated KNOWN error:
    while executing
ptolemy.kernel.util.IllegalActionException: Actor is not ready to fire.  Perhaps UpSample.prefire() returned false? Try debugging the actor by selecting "Listen to Actor".  Also, for SDF check moml for tokenConsumptionRate on input.
  in .DESDFClockTest.Play Bell.Copy1:SDF Director and .DESDFClockTest.Play Bell.UpSample
	at ptolemy.actor.sched.StaticSchedulingDirector.fire(StaticSchedulingDirector.java:227)
	at ptolemy.domains.sdf.kernel.SDFDirector.fire(SDFDirector.java:500)
	at ptolemy.actor.CompositeActor.fire(CompositeActor.java:455)
	at ptolemy.domains.de.kernel.DEDirector._fire(DEDirector.java:1949)
	at ptolemy.domains.de.kernel.DEDirector.fire(DEDirector.java:502)
	at ptolemy.actor.CompositeActor.fire(CompositeActor.java:455)
	at ptolemy.actor.Manager.iterate(Manager.java:851)
	at ptolemy.actor.Manager.execute(Manager.java:369)
	at ptolemy.actor.Manager.run(Manager.java:1263)
	at ptolemy.actor.Manager$PtolemyRunThread.run(Manager.java:1933)

    while executing
ptolemy.kernel.util.IllegalActionException: Actor is not ready to fire.  Perhaps UpSample.prefire() returned false? Try debugging the actor by selecting "Listen to Actor".  Also, for SDF check moml for tokenConsumptionRate on input.
  in .DESDFClockTest.Play Bell.Copy1:SDF Director and .DESDFClockTest.Play Bell.UpSample
    while executing
"java::new ptolemy.moml.MoMLSimpleApplication $file
"
    (procedure "createAndExecute" line 2)
    invoked from within
"createAndExecute $file"
    ("uplevel" body line 5)
    invoked from within
"uplevel $contents_of_test"
------------------ testing $PTII/ptolemy/domains/de/test/auto/ActorDepthCalculation_actorWithoutPorts.xml
auto.tcl: Setting watchdog for 200 seconds at Thu Aug 15 05:21:48 UTC 2019
10 ms. Memory: 120832K Free: 84672K (70%)
ptolemy.util.test.WatchDog.cancel(): canceling Thu Aug 15 05:21:48 UTC 2019
auto.tcl: Setting watchdog for 200 seconds at Thu Aug 15 05:21:48 UTC 2019
5 ms. Memory: 120832K Free: 83648K (69%)
ptolemy.util.test.WatchDog.cancel(): canceling Thu Aug 15 05:21:48 UTC 2019
------------------ testing $PTII/ptolemy/domains/de/test/auto/AssemblyLine.xml
auto.tcl: Setting watchdog for 200 seconds at Thu Aug 15 05:21:48 UTC 2019
9 ms. Memory: 45056K Free: 22773K (51%)
ptolemy.util.test.WatchDog.cancel(): canceling Thu Aug 15 05:21:48 UTC 2019
auto.tcl: Setting watchdog for 200 seconds at Thu Aug 15 05:21:48 UTC 2019
13 ms. Memory: 45056K Free: 22307K (50%)
ptolemy.util.test.WatchDog.cancel(): canceling Thu Aug 15 05:21:48 UTC 2019
------------------ testing $PTII/ptolemy/domains/de/test/auto/CQBug1.xml
auto.tcl: Setting watchdog for 200 seconds at Thu Aug 15 05:21:48 UTC 2019
4 ms. Memory: 45056K Free: 28532K (63%)
ptolemy.util.test.WatchDog.cancel(): canceling Thu Aug 15 05:21:48 UTC 2019
auto.tcl: Setting watchdog for 200 seconds at Thu Aug 15 05:21:48 UTC 2019
3 ms. Memory: 45056K Free: 28149K (62%)
ptolemy.util.test.WatchDog.cancel(): canceling Thu Aug 15 05:21:48 UTC 2019
------------------ testing $PTII/ptolemy/domains/de/test/auto/CancelFireAt.xml
auto.tcl: Setting watchdog for 200 seconds at Thu Aug 15 05:21:48 UTC 2019
3 ms. Memory: 45056K Free: 29669K (66%)
ptolemy.util.test.WatchDog.cancel(): canceling Thu Aug 15 05:21:49 UTC 2019
auto.tcl: Setting watchdog for 200 seconds at Thu Aug 15 05:21:49 UTC 2019
3 ms. Memory: 45056K Free: 29284K (65%)
ptolemy.util.test.WatchDog.cancel(): canceling Thu Aug 15 05:21:49 UTC 2019
------------------ testing $PTII/ptolemy/domains/de/test/auto/CausalityAndComposabilityAnalysis.xml
auto.tcl: Setting watchdog for 200 seconds at Thu Aug 15 05:21:49 UTC 2019
13 ms. Memory: 45056K Free: 27391K (61%)
ptolemy.util.test.WatchDog.cancel(): canceling Thu Aug 15 05:21:49 UTC 2019
auto.tcl: Setting watchdog for 200 seconds at Thu Aug 15 05:21:49 UTC 2019
5 ms. Memory: 45056K Free: 26999K (60%)
ptolemy.util.test.WatchDog.cancel(): canceling Thu Aug 15 05:21:49 UTC 2019
------------------ testing $PTII/ptolemy/domains/de/test/auto/CausalityInterface1.xml
auto.tcl: Setting watchdog for 200 seconds at Thu Aug 15 05:21:49 UTC 2019
31 ms. Memory: 45056K Free: 26330K (58%)
ptolemy.util.test.WatchDog.cancel(): canceling Thu Aug 15 05:21:49 UTC 2019
auto.tcl: Setting watchdog for 200 seconds at Thu Aug 15 05:21:49 UTC 2019
5 ms. Memory: 45056K Free: 25411K (56%)
ptolemy.util.test.WatchDog.cancel(): canceling Thu Aug 15 05:21:49 UTC 2019
------------------ testing $PTII/ptolemy/domains/de/test/auto/CausalityInterface15.xml
auto.tcl: Setting watchdog for 200 seconds at Thu Aug 15 05:21:49 UTC 2019
6 ms. Memory: 45056K Free: 26045K (58%)
ptolemy.util.test.WatchDog.cancel(): canceling Thu Aug 15 05:21:49 UTC 2019
auto.tcl: Setting watchdog for 200 seconds at Thu Aug 15 05:21:49 UTC 2019
7 ms. Memory: 45056K Free: 25384K (56%)
ptolemy.util.test.WatchDog.cancel(): canceling Thu Aug 15 05:21:49 UTC 2019
------------------ testing $PTII/ptolemy/domains/de/test/auto/CausalityInterface2.xml
auto.tcl: Setting watchdog for 200 seconds at Thu Aug 15 05:21:49 UTC 2019
4 ms. Memory: 45056K Free: 27092K (60%)
ptolemy.util.test.WatchDog.cancel(): canceling Thu Aug 15 05:21:49 UTC 2019
auto.tcl: Setting watchdog for 200 seconds at Thu Aug 15 05:21:49 UTC 2019
3 ms. Memory: 45056K Free: 26379K (59%)
ptolemy.util.test.WatchDog.cancel(): canceling Thu Aug 15 05:21:49 UTC 2019
------------------ testing $PTII/ptolemy/domains/de/test/auto/CausalityInterface3.xml
auto.tcl: Setting watchdog for 200 seconds at Thu Aug 15 05:21:49 UTC 2019
5 ms. Memory: 45056K Free: 26544K (59%)
ptolemy.util.test.WatchDog.cancel(): canceling Thu Aug 15 05:21:49 UTC 2019
auto.tcl: Setting watchdog for 200 seconds at Thu Aug 15 05:21:49 UTC 2019
3 ms. Memory: 45056K Free: 25760K (57%)
ptolemy.util.test.WatchDog.cancel(): canceling Thu Aug 15 05:21:49 UTC 2019
------------------ testing $PTII/ptolemy/domains/de/test/auto/ClockDrift.xml
auto.tcl: Setting watchdog for 200 seconds at Thu Aug 15 05:21:49 UTC 2019
77 ms. Memory: 45056K Free: 19129K (42%)
ptolemy.util.test.WatchDog.cancel(): canceling Thu Aug 15 05:21:49 UTC 2019
auto.tcl: Setting watchdog for 200 seconds at Thu Aug 15 05:21:49 UTC 2019
74 ms. Memory: 45056K Free: 16144K (36%)
ptolemy.util.test.WatchDog.cancel(): canceling Thu Aug 15 05:21:49 UTC 2019
------------------ testing $PTII/ptolemy/domains/de/test/auto/ClockDriftAndValueChange.xml
auto.tcl: Setting watchdog for 200 seconds at Thu Aug 15 05:21:49 UTC 2019
47 ms. Memory: 45056K Free: 19221K (43%)
ptolemy.util.test.WatchDog.cancel(): canceling Thu Aug 15 05:21:49 UTC 2019
auto.tcl: Setting watchdog for 200 seconds at Thu Aug 15 05:21:49 UTC 2019
20 ms. Memory: 45056K Free: 16376K (36%)
ptolemy.util.test.WatchDog.cancel(): canceling Thu Aug 15 05:21:49 UTC 2019
------------------ testing $PTII/ptolemy/domains/de/test/auto/ClockDriftChange.xml
auto.tcl: Setting watchdog for 200 seconds at Thu Aug 15 05:21:50 UTC 2019
20 ms. Memory: 45056K Free: 21269K (47%)
ptolemy.util.test.WatchDog.cancel(): canceling Thu Aug 15 05:21:50 UTC 2019
auto.tcl: Setting watchdog for 200 seconds at Thu Aug 15 05:21:50 UTC 2019
22 ms. Memory: 45056K Free: 18736K (42%)
ptolemy.util.test.WatchDog.cancel(): canceling Thu Aug 15 05:21:50 UTC 2019
------------------ testing $PTII/ptolemy/domains/de/test/auto/ComposableCausalityAnalysis.xml
auto.tcl: Setting watchdog for 200 seconds at Thu Aug 15 05:21:50 UTC 2019
3 ms. Memory: 45056K Free: 25946K (58%)
ptolemy.util.test.WatchDog.cancel(): canceling Thu Aug 15 05:21:50 UTC 2019
auto.tcl: Setting watchdog for 200 seconds at Thu Aug 15 05:21:50 UTC 2019
2 ms. Memory: 45056K Free: 24858K (55%)
ptolemy.util.test.WatchDog.cancel(): canceling Thu Aug 15 05:21:50 UTC 2019
------------------ testing $PTII/ptolemy/domains/de/test/auto/DEFixedPointLimitation.xml
auto.tcl: Setting watchdog for 200 seconds at Thu Aug 15 05:21:50 UTC 2019
3 ms. Memory: 45056K Free: 27264K (61%)
ptolemy.util.test.WatchDog.cancel(): canceling Thu Aug 15 05:21:50 UTC 2019
auto.tcl: Setting watchdog for 200 seconds at Thu Aug 15 05:21:50 UTC 2019
2 ms. Memory: 45056K Free: 26362K (59%)
ptolemy.util.test.WatchDog.cancel(): canceling Thu Aug 15 05:21:50 UTC 2019
------------------ testing $PTII/ptolemy/domains/de/test/auto/DEScheduleTest.xml
auto.tcl: Setting watchdog for 200 seconds at Thu Aug 15 05:21:50 UTC 2019
8 ms. Memory: 45056K Free: 27552K (61%)
ptolemy.util.test.WatchDog.cancel(): canceling Thu Aug 15 05:21:50 UTC 2019
auto.tcl: Setting watchdog for 200 seconds at Thu Aug 15 05:21:50 UTC 2019
3 ms. Memory: 45056K Free: 26811K (60%)
ptolemy.util.test.WatchDog.cancel(): canceling Thu Aug 15 05:21:50 UTC 2019
------------------ testing $PTII/ptolemy/domains/de/test/auto/DEinDEwithStartTimes.xml
auto.tcl: Setting watchdog for 200 seconds at Thu Aug 15 05:21:50 UTC 2019
6 ms. Memory: 45056K Free: 25731K (57%)
ptolemy.util.test.WatchDog.cancel(): canceling Thu Aug 15 05:21:50 UTC 2019
auto.tcl: Setting watchdog for 200 seconds at Thu Aug 15 05:21:50 UTC 2019
6 ms. Memory: 45056K Free: 24316K (54%)
ptolemy.util.test.WatchDog.cancel(): canceling Thu Aug 15 05:21:50 UTC 2019
------------------ testing $PTII/ptolemy/domains/de/test/auto/DEinDEwithStartTimes2.xml
auto.tcl: Setting watchdog for 200 seconds at Thu Aug 15 05:21:50 UTC 2019
5 ms. Memory: 45056K Free: 24910K (55%)
ptolemy.util.test.WatchDog.cancel(): canceling Thu Aug 15 05:21:50 UTC 2019
auto.tcl: Setting watchdog for 200 seconds at Thu Aug 15 05:21:50 UTC 2019
4 ms. Memory: 45056K Free: 23628K (52%)
ptolemy.util.test.WatchDog.cancel(): canceling Thu Aug 15 05:21:50 UTC 2019
------------------ testing $PTII/ptolemy/domains/de/test/auto/DateDemo.xml
auto.tcl: Setting watchdog for 200 seconds at Thu Aug 15 05:21:50 UTC 2019
22 ms. Memory: 45056K Free: 19290K (43%)
ptolemy.util.test.WatchDog.cancel(): canceling Thu Aug 15 05:21:50 UTC 2019
auto.tcl: Setting watchdog for 200 seconds at Thu Aug 15 05:21:50 UTC 2019
7 ms. Memory: 45056K Free: 17735K (39%)
ptolemy.util.test.WatchDog.cancel(): canceling Thu Aug 15 05:21:50 UTC 2019
------------------ testing $PTII/ptolemy/domains/de/test/auto/DateToEvent.xml
auto.tcl: Setting watchdog for 200 seconds at Thu Aug 15 05:21:50 UTC 2019
2019 ms. Memory: 45056K Free: 15192K (34%)
ptolemy.util.test.WatchDog.cancel(): canceling Thu Aug 15 05:21:52 UTC 2019
auto.tcl: Setting watchdog for 200 seconds at Thu Aug 15 05:21:52 UTC 2019
2003 ms. Memory: 45056K Free: 14457K (32%)
ptolemy.util.test.WatchDog.cancel(): canceling Thu Aug 15 05:21:54 UTC 2019
------------------ testing $PTII/ptolemy/domains/de/test/auto/DepthTest1.xml
auto.tcl: Setting watchdog for 200 seconds at Thu Aug 15 05:21:54 UTC 2019
7 ms. Memory: 45056K Free: 28483K (63%)
ptolemy.util.test.WatchDog.cancel(): canceling Thu Aug 15 05:21:54 UTC 2019
auto.tcl: Setting watchdog for 200 seconds at Thu Aug 15 05:21:54 UTC 2019
2 ms. Memory: 45056K Free: 27976K (62%)
ptolemy.util.test.WatchDog.cancel(): canceling Thu Aug 15 05:21:54 UTC 2019
------------------ testing $PTII/ptolemy/domains/de/test/auto/DepthTest2.xml
auto.tcl: Setting watchdog for 200 seconds at Thu Aug 15 05:21:54 UTC 2019
4 ms. Memory: 45056K Free: 25223K (56%)
ptolemy.util.test.WatchDog.cancel(): canceling Thu Aug 15 05:21:54 UTC 2019
auto.tcl: Setting watchdog for 200 seconds at Thu Aug 15 05:21:54 UTC 2019
2 ms. Memory: 45056K Free: 24844K (55%)
ptolemy.util.test.WatchDog.cancel(): canceling Thu Aug 15 05:21:54 UTC 2019
------------------ testing $PTII/ptolemy/domains/de/test/auto/DepthTest3.xml
auto.tcl: Setting watchdog for 200 seconds at Thu Aug 15 05:21:55 UTC 2019
3 ms. Memory: 45056K Free: 28667K (64%)
ptolemy.util.test.WatchDog.cancel(): canceling Thu Aug 15 05:21:55 UTC 2019
auto.tcl: Setting watchdog for 200 seconds at Thu Aug 15 05:21:55 UTC 2019
1 ms. Memory: 45056K Free: 28287K (63%)
ptolemy.util.test.WatchDog.cancel(): canceling Thu Aug 15 05:21:55 UTC 2019
------------------ testing $PTII/ptolemy/domains/de/test/auto/DepthTest4.xml
auto.tcl: Setting watchdog for 200 seconds at Thu Aug 15 05:21:55 UTC 2019
3 ms. Memory: 45056K Free: 27025K (60%)
ptolemy.util.test.WatchDog.cancel(): canceling Thu Aug 15 05:21:55 UTC 2019
auto.tcl: Setting watchdog for 200 seconds at Thu Aug 15 05:21:55 UTC 2019
2 ms. Memory: 45056K Free: 26292K (58%)
ptolemy.util.test.WatchDog.cancel(): canceling Thu Aug 15 05:21:55 UTC 2019
------------------ testing $PTII/ptolemy/domains/de/test/auto/DepthTest5.xml
auto.tcl: Setting watchdog for 200 seconds at Thu Aug 15 05:21:55 UTC 2019
3 ms. Memory: 45056K Free: 26159K (58%)
ptolemy.util.test.WatchDog.cancel(): canceling Thu Aug 15 05:21:55 UTC 2019
auto.tcl: Setting watchdog for 200 seconds at Thu Aug 15 05:21:55 UTC 2019
3 ms. Memory: 45056K Free: 25781K (57%)
ptolemy.util.test.WatchDog.cancel(): canceling Thu Aug 15 05:21:55 UTC 2019
------------------ testing $PTII/ptolemy/domains/de/test/auto/DepthTest6.xml
auto.tcl: Setting watchdog for 200 seconds at Thu Aug 15 05:21:55 UTC 2019
5 ms. Memory: 45056K Free: 26109K (58%)
ptolemy.util.test.WatchDog.cancel(): canceling Thu Aug 15 05:21:55 UTC 2019
auto.tcl: Setting watchdog for 200 seconds at Thu Aug 15 05:21:55 UTC 2019
3 ms. Memory: 45056K Free: 25607K (57%)
ptolemy.util.test.WatchDog.cancel(): canceling Thu Aug 15 05:21:55 UTC 2019
------------------ testing $PTII/ptolemy/domains/de/test/auto/DepthTest7.xml
auto.tcl: Setting watchdog for 200 seconds at Thu Aug 15 05:21:55 UTC 2019
3 ms. Memory: 45056K Free: 26950K (60%)
ptolemy.util.test.WatchDog.cancel(): canceling Thu Aug 15 05:21:55 UTC 2019
auto.tcl: Setting watchdog for 200 seconds at Thu Aug 15 05:21:55 UTC 2019
2 ms. Memory: 45056K Free: 26209K (58%)
ptolemy.util.test.WatchDog.cancel(): canceling Thu Aug 15 05:21:55 UTC 2019
------------------ testing $PTII/ptolemy/domains/de/test/auto/EventToDate.xml
auto.tcl: Setting watchdog for 200 seconds at Thu Aug 15 05:21:55 UTC 2019
3009 ms. Memory: 45056K Free: 17757K (39%)
ptolemy.util.test.WatchDog.cancel(): canceling Thu Aug 15 05:21:58 UTC 2019
auto.tcl: Setting watchdog for 200 seconds at Thu Aug 15 05:21:58 UTC 2019
3004 ms. Memory: 45056K Free: 17052K (38%)
ptolemy.util.test.WatchDog.cancel(): canceling Thu Aug 15 05:22:01 UTC 2019
------------------ testing $PTII/ptolemy/domains/de/test/auto/FSM1.xml
auto.tcl: Setting watchdog for 200 seconds at Thu Aug 15 05:22:01 UTC 2019
22 ms. Memory: 45056K Free: 18955K (42%)
ptolemy.util.test.WatchDog.cancel(): canceling Thu Aug 15 05:22:01 UTC 2019
auto.tcl: Setting watchdog for 200 seconds at Thu Aug 15 05:22:01 UTC 2019
18 ms. Memory: 45056K Free: 15728K (35%)
ptolemy.util.test.WatchDog.cancel(): canceling Thu Aug 15 05:22:01 UTC 2019
------------------ testing $PTII/ptolemy/domains/de/test/auto/FSM7.xml
auto.tcl: Setting watchdog for 200 seconds at Thu Aug 15 05:22:01 UTC 2019
16 ms. Memory: 45056K Free: 18679K (41%)
ptolemy.util.test.WatchDog.cancel(): canceling Thu Aug 15 05:22:01 UTC 2019
auto.tcl: Setting watchdog for 200 seconds at Thu Aug 15 05:22:01 UTC 2019
15 ms. Memory: 45056K Free: 15560K (35%)
ptolemy.util.test.WatchDog.cancel(): canceling Thu Aug 15 05:22:01 UTC 2019
------------------ testing $PTII/ptolemy/domains/de/test/auto/Inspection.xml
auto.tcl: Setting watchdog for 200 seconds at Thu Aug 15 05:22:01 UTC 2019
43 ms. Memory: 45056K Free: 18714K (42%)
ptolemy.util.test.WatchDog.cancel(): canceling Thu Aug 15 05:22:01 UTC 2019
auto.tcl: Setting watchdog for 200 seconds at Thu Aug 15 05:22:01 UTC 2019
26 ms. Memory: 45056K Free: 16964K (38%)
ptolemy.util.test.WatchDog.cancel(): canceling Thu Aug 15 05:22:01 UTC 2019
------------------ testing $PTII/ptolemy/domains/de/test/auto/Iteration.xml
auto.tcl: Setting watchdog for 200 seconds at Thu Aug 15 05:22:01 UTC 2019
9 ms. Memory: 45056K Free: 24431K (54%)
ptolemy.util.test.WatchDog.cancel(): canceling Thu Aug 15 05:22:01 UTC 2019
auto.tcl: Setting watchdog for 200 seconds at Thu Aug 15 05:22:01 UTC 2019
8 ms. Memory: 45056K Free: 23003K (51%)
ptolemy.util.test.WatchDog.cancel(): canceling Thu Aug 15 05:22:01 UTC 2019
------------------ testing $PTII/ptolemy/domains/de/test/auto/LineFault.xml
auto.tcl: Setting watchdog for 200 seconds at Thu Aug 15 05:22:02 UTC 2019
713 ms. Memory: 58368K Free: 11353K (19%)
ptolemy.util.test.WatchDog.cancel(): canceling Thu Aug 15 05:22:03 UTC 2019
auto.tcl: Setting watchdog for 200 seconds at Thu Aug 15 05:22:03 UTC 2019
589 ms. Memory: 58368K Free: 17403K (30%)
ptolemy.util.test.WatchDog.cancel(): canceling Thu Aug 15 05:22:03 UTC 2019
------------------ testing $PTII/ptolemy/domains/de/test/auto/MergeModel1Add.xml
auto.tcl: Setting watchdog for 200 seconds at Thu Aug 15 05:22:03 UTC 2019
18 ms. Memory: 51200K Free: 16494K (32%)
ptolemy.util.test.WatchDog.cancel(): canceling Thu Aug 15 05:22:03 UTC 2019
auto.tcl: Setting watchdog for 200 seconds at Thu Aug 15 05:22:03 UTC 2019
12 ms. Memory: 51200K Free: 14792K (29%)
ptolemy.util.test.WatchDog.cancel(): canceling Thu Aug 15 05:22:03 UTC 2019
------------------ testing $PTII/ptolemy/domains/de/test/auto/MergeModel2Add.xml
auto.tcl: Setting watchdog for 200 seconds at Thu Aug 15 05:22:03 UTC 2019
10 ms. Memory: 51200K Free: 18238K (36%)
ptolemy.util.test.WatchDog.cancel(): canceling Thu Aug 15 05:22:03 UTC 2019
auto.tcl: Setting watchdog for 200 seconds at Thu Aug 15 05:22:03 UTC 2019
9 ms. Memory: 51200K Free: 16556K (32%)
ptolemy.util.test.WatchDog.cancel(): canceling Thu Aug 15 05:22:03 UTC 2019
------------------ testing $PTII/ptolemy/domains/de/test/auto/MergeModel3Add.xml
auto.tcl: Setting watchdog for 200 seconds at Thu Aug 15 05:22:03 UTC 2019
10 ms. Memory: 51200K Free: 18533K (36%)
ptolemy.util.test.WatchDog.cancel(): canceling Thu Aug 15 05:22:04 UTC 2019
auto.tcl: Setting watchdog for 200 seconds at Thu Aug 15 05:22:04 UTC 2019
11 ms. Memory: 51200K Free: 17068K (33%)
ptolemy.util.test.WatchDog.cancel(): canceling Thu Aug 15 05:22:04 UTC 2019
------------------ testing $PTII/ptolemy/domains/de/test/auto/MergeWithoutDiscard.xml
auto.tcl: Setting watchdog for 200 seconds at Thu Aug 15 05:22:04 UTC 2019
4 ms. Memory: 51200K Free: 33443K (65%)
ptolemy.util.test.WatchDog.cancel(): canceling Thu Aug 15 05:22:04 UTC 2019
auto.tcl: Setting watchdog for 200 seconds at Thu Aug 15 05:22:04 UTC 2019
1 ms. Memory: 51200K Free: 32938K (64%)
ptolemy.util.test.WatchDog.cancel(): canceling Thu Aug 15 05:22:04 UTC 2019
------------------ testing $PTII/ptolemy/domains/de/test/auto/Modal1.xml
auto.tcl: Setting watchdog for 200 seconds at Thu Aug 15 05:22:04 UTC 2019
13 ms. Memory: 51200K Free: 25046K (49%)
ptolemy.util.test.WatchDog.cancel(): canceling Thu Aug 15 05:22:04 UTC 2019
auto.tcl: Setting watchdog for 200 seconds at Thu Aug 15 05:22:04 UTC 2019
14 ms. Memory: 51200K Free: 21464K (42%)
ptolemy.util.test.WatchDog.cancel(): canceling Thu Aug 15 05:22:04 UTC 2019
------------------ testing $PTII/ptolemy/domains/de/test/auto/Modal2.xml
auto.tcl: Setting watchdog for 200 seconds at Thu Aug 15 05:22:04 UTC 2019
13 ms. Memory: 51200K Free: 24832K (49%)
ptolemy.util.test.WatchDog.cancel(): canceling Thu Aug 15 05:22:04 UTC 2019
auto.tcl: Setting watchdog for 200 seconds at Thu Aug 15 05:22:04 UTC 2019
13 ms. Memory: 51200K Free: 21856K (43%)
ptolemy.util.test.WatchDog.cancel(): canceling Thu Aug 15 05:22:04 UTC 2019
------------------ testing $PTII/ptolemy/domains/de/test/auto/Modal3.xml
auto.tcl: Setting watchdog for 200 seconds at Thu Aug 15 05:22:04 UTC 2019
11 ms. Memory: 48128K Free: 21765K (45%)
ptolemy.util.test.WatchDog.cancel(): canceling Thu Aug 15 05:22:04 UTC 2019
auto.tcl: Setting watchdog for 200 seconds at Thu Aug 15 05:22:04 UTC 2019
13 ms. Memory: 48128K Free: 18838K (39%)
ptolemy.util.test.WatchDog.cancel(): canceling Thu Aug 15 05:22:04 UTC 2019
------------------ testing $PTII/ptolemy/domains/de/test/auto/Modal4.xml
auto.tcl: Setting watchdog for 200 seconds at Thu Aug 15 05:22:04 UTC 2019
15 ms. Memory: 48128K Free: 21047K (44%)
ptolemy.util.test.WatchDog.cancel(): canceling Thu Aug 15 05:22:04 UTC 2019
auto.tcl: Setting watchdog for 200 seconds at Thu Aug 15 05:22:04 UTC 2019
15 ms. Memory: 48128K Free: 17241K (36%)
ptolemy.util.test.WatchDog.cancel(): canceling Thu Aug 15 05:22:04 UTC 2019
------------------ testing $PTII/ptolemy/domains/de/test/auto/Modal5.xml
auto.tcl: Setting watchdog for 200 seconds at Thu Aug 15 05:22:04 UTC 2019
18 ms. Memory: 48128K Free: 21051K (44%)
ptolemy.util.test.WatchDog.cancel(): canceling Thu Aug 15 05:22:04 UTC 2019
auto.tcl: Setting watchdog for 200 seconds at Thu Aug 15 05:22:04 UTC 2019
17 ms. Memory: 48128K Free: 17227K (36%)
ptolemy.util.test.WatchDog.cancel(): canceling Thu Aug 15 05:22:04 UTC 2019
------------------ testing $PTII/ptolemy/domains/de/test/auto/Modal6.xml
auto.tcl: Setting watchdog for 200 seconds at Thu Aug 15 05:22:04 UTC 2019
19 ms. Memory: 48128K Free: 21757K (45%)
ptolemy.util.test.WatchDog.cancel(): canceling Thu Aug 15 05:22:04 UTC 2019
auto.tcl: Setting watchdog for 200 seconds at Thu Aug 15 05:22:04 UTC 2019
16 ms. Memory: 48128K Free: 17824K (37%)
ptolemy.util.test.WatchDog.cancel(): canceling Thu Aug 15 05:22:04 UTC 2019
------------------ testing $PTII/ptolemy/domains/de/test/auto/Modal7.xml
auto.tcl: Setting watchdog for 200 seconds at Thu Aug 15 05:22:04 UTC 2019
19 ms. Memory: 48128K Free: 20795K (43%)
ptolemy.util.test.WatchDog.cancel(): canceling Thu Aug 15 05:22:04 UTC 2019
auto.tcl: Setting watchdog for 200 seconds at Thu Aug 15 05:22:04 UTC 2019
13 ms. Memory: 48128K Free: 17227K (36%)
ptolemy.util.test.WatchDog.cancel(): canceling Thu Aug 15 05:22:04 UTC 2019
------------------ testing $PTII/ptolemy/domains/de/test/auto/ModalModel.xml
auto.tcl: Setting watchdog for 200 seconds at Thu Aug 15 05:22:04 UTC 2019
222 ms. Memory: 48128K Free: 16367K (34%)
ptolemy.util.test.WatchDog.cancel(): canceling Thu Aug 15 05:22:05 UTC 2019
auto.tcl: Setting watchdog for 200 seconds at Thu Aug 15 05:22:05 UTC 2019
215 ms. Memory: 58368K Free: 18005K (31%)
ptolemy.util.test.WatchDog.cancel(): canceling Thu Aug 15 05:22:05 UTC 2019
------------------ testing $PTII/ptolemy/domains/de/test/auto/ModalSource.xml
auto.tcl: Setting watchdog for 200 seconds at Thu Aug 15 05:22:05 UTC 2019
6 ms. Memory: 51200K Free: 28973K (57%)
ptolemy.util.test.WatchDog.cancel(): canceling Thu Aug 15 05:22:05 UTC 2019
auto.tcl: Setting watchdog for 200 seconds at Thu Aug 15 05:22:05 UTC 2019
6 ms. Memory: 51200K Free: 26925K (53%)
ptolemy.util.test.WatchDog.cancel(): canceling Thu Aug 15 05:22:05 UTC 2019
------------------ testing $PTII/ptolemy/domains/de/test/auto/NonInterruptibleTimerZeroDelay.xml
auto.tcl: Setting watchdog for 200 seconds at Thu Aug 15 05:22:05 UTC 2019
4 ms. Memory: 51200K Free: 33907K (66%)
ptolemy.util.test.WatchDog.cancel(): canceling Thu Aug 15 05:22:05 UTC 2019
auto.tcl: Setting watchdog for 200 seconds at Thu Aug 15 05:22:05 UTC 2019
2 ms. Memory: 51200K Free: 33259K (65%)
ptolemy.util.test.WatchDog.cancel(): canceling Thu Aug 15 05:22:05 UTC 2019
------------------ testing $PTII/ptolemy/domains/de/test/auto/OpenQueueingNetwork.xml
auto.tcl: Setting watchdog for 200 seconds at Thu Aug 15 05:22:05 UTC 2019
2969 ms. Memory: 96256K Free: 49288K (51%)
ptolemy.util.test.WatchDog.cancel(): canceling Thu Aug 15 05:22:08 UTC 2019
auto.tcl: Setting watchdog for 200 seconds at Thu Aug 15 05:22:08 UTC 2019
2640 ms. Memory: 115712K Free: 93323K (81%)
ptolemy.util.test.WatchDog.cancel(): canceling Thu Aug 15 05:22:11 UTC 2019
------------------ testing $PTII/ptolemy/domains/de/test/auto/OpenQueuingNetwork.xml
auto.tcl: Setting watchdog for 200 seconds at Thu Aug 15 05:22:11 UTC 2019
252 ms. Memory: 51200K Free: 17137K (33%)
ptolemy.util.test.WatchDog.cancel(): canceling Thu Aug 15 05:22:11 UTC 2019
auto.tcl: Setting watchdog for 200 seconds at Thu Aug 15 05:22:11 UTC 2019
247 ms. Memory: 51200K Free: 21356K (42%)
ptolemy.util.test.WatchDog.cancel(): canceling Thu Aug 15 05:22:12 UTC 2019
------------------ testing $PTII/ptolemy/domains/de/test/auto/PeriodicSampler.xml
auto.tcl: Setting watchdog for 200 seconds at Thu Aug 15 05:22:12 UTC 2019
3 ms. Memory: 51200K Free: 33115K (65%)
ptolemy.util.test.WatchDog.cancel(): canceling Thu Aug 15 05:22:12 UTC 2019
auto.tcl: Setting watchdog for 200 seconds at Thu Aug 15 05:22:12 UTC 2019
2 ms. Memory: 51200K Free: 32597K (64%)
ptolemy.util.test.WatchDog.cancel(): canceling Thu Aug 15 05:22:12 UTC 2019
------------------ testing $PTII/ptolemy/domains/de/test/auto/PersistentIO.xml
auto.tcl: Setting watchdog for 200 seconds at Thu Aug 15 05:22:12 UTC 2019
4 ms. Memory: 51200K Free: 28039K (55%)
ptolemy.util.test.WatchDog.cancel(): canceling Thu Aug 15 05:22:12 UTC 2019
auto.tcl: Setting watchdog for 200 seconds at Thu Aug 15 05:22:12 UTC 2019
4 ms. Memory: 51200K Free: 26547K (52%)
ptolemy.util.test.WatchDog.cancel(): canceling Thu Aug 15 05:22:12 UTC 2019
------------------ testing $PTII/ptolemy/domains/de/test/auto/PortParameterResetOnInitialize.xml
auto.tcl: Setting watchdog for 200 seconds at Thu Aug 15 05:22:12 UTC 2019
8 ms. Memory: 51200K Free: 33015K (64%)
ptolemy.util.test.WatchDog.cancel(): canceling Thu Aug 15 05:22:12 UTC 2019
auto.tcl: Setting watchdog for 200 seconds at Thu Aug 15 05:22:12 UTC 2019
3 ms. Memory: 51200K Free: 32527K (64%)
ptolemy.util.test.WatchDog.cancel(): canceling Thu Aug 15 05:22:12 UTC 2019
------------------ testing $PTII/ptolemy/domains/de/test/auto/PortParameterUpdates.xml
auto.tcl: Setting watchdog for 200 seconds at Thu Aug 15 05:22:12 UTC 2019
3 ms. Memory: 51200K Free: 31349K (61%)
ptolemy.util.test.WatchDog.cancel(): canceling Thu Aug 15 05:22:12 UTC 2019
auto.tcl: Setting watchdog for 200 seconds at Thu Aug 15 05:22:12 UTC 2019
4 ms. Memory: 51200K Free: 30099K (59%)
ptolemy.util.test.WatchDog.cancel(): canceling Thu Aug 15 05:22:12 UTC 2019
------------------ testing $PTII/ptolemy/domains/de/test/auto/QueueAndServer.xml
auto.tcl: Setting watchdog for 200 seconds at Thu Aug 15 05:22:12 UTC 2019
16 ms. Memory: 48128K Free: 26969K (56%)
ptolemy.util.test.WatchDog.cancel(): canceling Thu Aug 15 05:22:12 UTC 2019
auto.tcl: Setting watchdog for 200 seconds at Thu Aug 15 05:22:12 UTC 2019
10 ms. Memory: 48128K Free: 25495K (53%)
ptolemy.util.test.WatchDog.cancel(): canceling Thu Aug 15 05:22:12 UTC 2019
------------------ testing $PTII/ptolemy/domains/de/test/auto/Records.xml
auto.tcl: Setting watchdog for 200 seconds at Thu Aug 15 05:22:12 UTC 2019
5 ms. Memory: 48128K Free: 29499K (61%)
ptolemy.util.test.WatchDog.cancel(): canceling Thu Aug 15 05:22:12 UTC 2019
auto.tcl: Setting watchdog for 200 seconds at Thu Aug 15 05:22:12 UTC 2019
2 ms. Memory: 48128K Free: 29012K (60%)
ptolemy.util.test.WatchDog.cancel(): canceling Thu Aug 15 05:22:12 UTC 2019
------------------ testing $PTII/ptolemy/domains/de/test/auto/ResetTransitionWithStartTime1.xml
auto.tcl: Setting watchdog for 200 seconds at Thu Aug 15 05:22:12 UTC 2019
12 ms. Memory: 48128K Free: 26451K (55%)
ptolemy.util.test.WatchDog.cancel(): canceling Thu Aug 15 05:22:12 UTC 2019
auto.tcl: Setting watchdog for 200 seconds at Thu Aug 15 05:22:12 UTC 2019
6 ms. Memory: 48128K Free: 23933K (50%)
ptolemy.util.test.WatchDog.cancel(): canceling Thu Aug 15 05:22:12 UTC 2019
------------------ testing $PTII/ptolemy/domains/de/test/auto/ResetTransitionWithStartTime2.xml
auto.tcl: Setting watchdog for 200 seconds at Thu Aug 15 05:22:12 UTC 2019
7 ms. Memory: 48128K Free: 26406K (55%)
ptolemy.util.test.WatchDog.cancel(): canceling Thu Aug 15 05:22:12 UTC 2019
auto.tcl: Setting watchdog for 200 seconds at Thu Aug 15 05:22:12 UTC 2019
6 ms. Memory: 48128K Free: 23888K (50%)
ptolemy.util.test.WatchDog.cancel(): canceling Thu Aug 15 05:22:12 UTC 2019
------------------ testing $PTII/ptolemy/domains/de/test/auto/ResetTransitionWithStartTime3.xml
auto.tcl: Setting watchdog for 200 seconds at Thu Aug 15 05:22:12 UTC 2019
8 ms. Memory: 48128K Free: 26405K (55%)
ptolemy.util.test.WatchDog.cancel(): canceling Thu Aug 15 05:22:12 UTC 2019
auto.tcl: Setting watchdog for 200 seconds at Thu Aug 15 05:22:12 UTC 2019
6 ms. Memory: 48128K Free: 23887K (50%)
ptolemy.util.test.WatchDog.cancel(): canceling Thu Aug 15 05:22:12 UTC 2019
------------------ testing $PTII/ptolemy/domains/de/test/auto/ResetTransitionWithStartTime4.xml
auto.tcl: Setting watchdog for 200 seconds at Thu Aug 15 05:22:12 UTC 2019
7 ms. Memory: 48128K Free: 26871K (56%)
ptolemy.util.test.WatchDog.cancel(): canceling Thu Aug 15 05:22:12 UTC 2019
auto.tcl: Setting watchdog for 200 seconds at Thu Aug 15 05:22:12 UTC 2019
3 ms. Memory: 48128K Free: 25436K (53%)
ptolemy.util.test.WatchDog.cancel(): canceling Thu Aug 15 05:22:12 UTC 2019
------------------ testing $PTII/ptolemy/domains/de/test/auto/ResettableTimer1.xml
auto.tcl: Setting watchdog for 200 seconds at Thu Aug 15 05:22:12 UTC 2019
3 ms. Memory: 48128K Free: 30482K (63%)
ptolemy.util.test.WatchDog.cancel(): canceling Thu Aug 15 05:22:12 UTC 2019
auto.tcl: Setting watchdog for 200 seconds at Thu Aug 15 05:22:12 UTC 2019
2 ms. Memory: 48128K Free: 29498K (61%)
ptolemy.util.test.WatchDog.cancel(): canceling Thu Aug 15 05:22:12 UTC 2019
------------------ testing $PTII/ptolemy/domains/de/test/auto/ResettableTimer2.xml
auto.tcl: Setting watchdog for 200 seconds at Thu Aug 15 05:22:13 UTC 2019
3 ms. Memory: 48128K Free: 30539K (63%)
ptolemy.util.test.WatchDog.cancel(): canceling Thu Aug 15 05:22:13 UTC 2019
auto.tcl: Setting watchdog for 200 seconds at Thu Aug 15 05:22:13 UTC 2019
2 ms. Memory: 48128K Free: 29587K (61%)
ptolemy.util.test.WatchDog.cancel(): canceling Thu Aug 15 05:22:13 UTC 2019
------------------ testing $PTII/ptolemy/domains/de/test/auto/ResettableTimer3.xml
auto.tcl: Setting watchdog for 200 seconds at Thu Aug 15 05:22:13 UTC 2019
1 ms. Memory: 48128K Free: 30566K (64%)
ptolemy.util.test.WatchDog.cancel(): canceling Thu Aug 15 05:22:13 UTC 2019
auto.tcl: Setting watchdog for 200 seconds at Thu Aug 15 05:22:13 UTC 2019
2 ms. Memory: 48128K Free: 30538K (63%)
ptolemy.util.test.WatchDog.cancel(): canceling Thu Aug 15 05:22:13 UTC 2019
------------------ testing $PTII/ptolemy/domains/de/test/auto/ResettableTimer4.xml
auto.tcl: Setting watchdog for 200 seconds at Thu Aug 15 05:22:13 UTC 2019
2 ms. Memory: 48128K Free: 30563K (64%)
ptolemy.util.test.WatchDog.cancel(): canceling Thu Aug 15 05:22:13 UTC 2019
auto.tcl: Setting watchdog for 200 seconds at Thu Aug 15 05:22:13 UTC 2019
1 ms. Memory: 48128K Free: 30067K (62%)
ptolemy.util.test.WatchDog.cancel(): canceling Thu Aug 15 05:22:13 UTC 2019
------------------ testing $PTII/ptolemy/domains/de/test/auto/ResettableTimer5.xml
auto.tcl: Setting watchdog for 200 seconds at Thu Aug 15 05:22:13 UTC 2019
1 ms. Memory: 48128K Free: 30022K (62%)
ptolemy.util.test.WatchDog.cancel(): canceling Thu Aug 15 05:22:13 UTC 2019
auto.tcl: Setting watchdog for 200 seconds at Thu Aug 15 05:22:13 UTC 2019
1 ms. Memory: 48128K Free: 29537K (61%)
ptolemy.util.test.WatchDog.cancel(): canceling Thu Aug 15 05:22:13 UTC 2019
------------------ testing $PTII/ptolemy/domains/de/test/auto/ResettableTimer6.xml
auto.tcl: Setting watchdog for 200 seconds at Thu Aug 15 05:22:13 UTC 2019
2 ms. Memory: 48128K Free: 30026K (62%)
ptolemy.util.test.WatchDog.cancel(): canceling Thu Aug 15 05:22:13 UTC 2019
auto.tcl: Setting watchdog for 200 seconds at Thu Aug 15 05:22:13 UTC 2019
1 ms. Memory: 48128K Free: 29558K (61%)
ptolemy.util.test.WatchDog.cancel(): canceling Thu Aug 15 05:22:13 UTC 2019
------------------ testing $PTII/ptolemy/domains/de/test/auto/ServerZeroDelay.xml
auto.tcl: Setting watchdog for 200 seconds at Thu Aug 15 05:22:13 UTC 2019
4 ms. Memory: 48128K Free: 30531K (63%)
ptolemy.util.test.WatchDog.cancel(): canceling Thu Aug 15 05:22:13 UTC 2019
auto.tcl: Setting watchdog for 200 seconds at Thu Aug 15 05:22:13 UTC 2019
2 ms. Memory: 48128K Free: 29593K (61%)
ptolemy.util.test.WatchDog.cancel(): canceling Thu Aug 15 05:22:13 UTC 2019
------------------ testing $PTII/ptolemy/domains/de/test/auto/SmartSender.xml
auto.tcl: Setting watchdog for 200 seconds at Thu Aug 15 05:22:13 UTC 2019
3002 ms. Memory: 48128K Free: 30537K (63%)
ptolemy.util.test.WatchDog.cancel(): canceling Thu Aug 15 05:22:16 UTC 2019
auto.tcl: Setting watchdog for 200 seconds at Thu Aug 15 05:22:16 UTC 2019
3002 ms. Memory: 48128K Free: 30009K (62%)
ptolemy.util.test.WatchDog.cancel(): canceling Thu Aug 15 05:22:19 UTC 2019
------------------ testing $PTII/ptolemy/domains/de/test/auto/ThreadedComposite.xml
auto.tcl: Setting watchdog for 200 seconds at Thu Aug 15 05:22:19 UTC 2019
190 ms. Memory: 48128K Free: 11084K (23%)
ptolemy.util.test.WatchDog.cancel(): canceling Thu Aug 15 05:22:19 UTC 2019
auto.tcl: Setting watchdog for 200 seconds at Thu Aug 15 05:22:19 UTC 2019
147 ms. Memory: 65536K Free: 41577K (63%)
ptolemy.util.test.WatchDog.cancel(): canceling Thu Aug 15 05:22:19 UTC 2019
------------------ testing $PTII/ptolemy/domains/de/test/auto/Time.xml
auto.tcl: Setting watchdog for 200 seconds at Thu Aug 15 05:22:19 UTC 2019
588 ms. Memory: 48128K Free: 27020K (56%)
ptolemy.util.test.WatchDog.cancel(): canceling Thu Aug 15 05:22:20 UTC 2019
auto.tcl: Setting watchdog for 200 seconds at Thu Aug 15 05:22:20 UTC 2019
472 ms. Memory: 48128K Free: 23961K (50%)
ptolemy.util.test.WatchDog.cancel(): canceling Thu Aug 15 05:22:21 UTC 2019
------------------ testing $PTII/ptolemy/domains/de/test/auto/TimeDelayZeroDelay.xml
auto.tcl: Setting watchdog for 200 seconds at Thu Aug 15 05:22:21 UTC 2019
2 ms. Memory: 48128K Free: 30951K (64%)
ptolemy.util.test.WatchDog.cancel(): canceling Thu Aug 15 05:22:21 UTC 2019
auto.tcl: Setting watchdog for 200 seconds at Thu Aug 15 05:22:21 UTC 2019
2 ms. Memory: 48128K Free: 30044K (62%)
ptolemy.util.test.WatchDog.cancel(): canceling Thu Aug 15 05:22:21 UTC 2019
------------------ testing $PTII/ptolemy/domains/de/test/auto/TimerZeroDelay.xml
auto.tcl: Setting watchdog for 200 seconds at Thu Aug 15 05:22:21 UTC 2019
2 ms. Memory: 48128K Free: 30987K (64%)
ptolemy.util.test.WatchDog.cancel(): canceling Thu Aug 15 05:22:21 UTC 2019
auto.tcl: Setting watchdog for 200 seconds at Thu Aug 15 05:22:21 UTC 2019
2 ms. Memory: 48128K Free: 30497K (63%)
ptolemy.util.test.WatchDog.cancel(): canceling Thu Aug 15 05:22:21 UTC 2019
------------------ testing $PTII/ptolemy/domains/de/test/auto/TimingParadox.xml
auto.tcl: Setting watchdog for 200 seconds at Thu Aug 15 05:22:21 UTC 2019
345 ms. Memory: 48128K Free: 11916K (25%)
ptolemy.util.test.WatchDog.cancel(): canceling Thu Aug 15 05:22:21 UTC 2019
auto.tcl: Setting watchdog for 200 seconds at Thu Aug 15 05:22:21 UTC 2019
350 ms. Memory: 58368K Free: 32940K (56%)
ptolemy.util.test.WatchDog.cancel(): canceling Thu Aug 15 05:22:22 UTC 2019
------------------ testing $PTII/ptolemy/domains/de/test/auto/TransferInputs.xml
auto.tcl: Setting watchdog for 200 seconds at Thu Aug 15 05:22:22 UTC 2019
1 ms. Memory: 51200K Free: 32035K (63%)
ptolemy.util.test.WatchDog.cancel(): canceling Thu Aug 15 05:22:22 UTC 2019
auto.tcl: Setting watchdog for 200 seconds at Thu Aug 15 05:22:22 UTC 2019
2 ms. Memory: 51200K Free: 31178K (61%)
ptolemy.util.test.WatchDog.cancel(): canceling Thu Aug 15 05:22:22 UTC 2019
------------------ testing $PTII/ptolemy/domains/de/test/auto/TransferOutputs2.xml
auto.tcl: Setting watchdog for 200 seconds at Thu Aug 15 05:22:22 UTC 2019
2 ms. Memory: 48128K Free: 26405K (55%)
ptolemy.util.test.WatchDog.cancel(): canceling Thu Aug 15 05:22:22 UTC 2019
auto.tcl: Setting watchdog for 200 seconds at Thu Aug 15 05:22:22 UTC 2019
3 ms. Memory: 48128K Free: 25003K (52%)
ptolemy.util.test.WatchDog.cancel(): canceling Thu Aug 15 05:22:22 UTC 2019
------------------ testing $PTII/ptolemy/domains/de/test/auto/Trilateration.xml
auto.tcl: Setting watchdog for 200 seconds at Thu Aug 15 05:22:22 UTC 2019
15429 ms. Memory: 404480K Free: 223481K (55%)
ptolemy.util.test.WatchDog.cancel(): canceling Thu Aug 15 05:22:39 UTC 2019
auto.tcl: Setting watchdog for 200 seconds at Thu Aug 15 05:22:39 UTC 2019
11391 ms. Memory: 404480K Free: 251378K (62%)
ptolemy.util.test.WatchDog.cancel(): canceling Thu Aug 15 05:22:50 UTC 2019
------------------ testing $PTII/ptolemy/domains/de/test/auto/TwoSigmaDelta.xml
auto.tcl: Setting watchdog for 200 seconds at Thu Aug 15 05:22:50 UTC 2019
3020 ms. Memory: 86016K Free: 57783K (67%)
ptolemy.util.test.WatchDog.cancel(): canceling Thu Aug 15 05:22:53 UTC 2019
auto.tcl: Setting watchdog for 200 seconds at Thu Aug 15 05:22:53 UTC 2019
2259 ms. Memory: 86016K Free: 44517K (52%)
ptolemy.util.test.WatchDog.cancel(): canceling Thu Aug 15 05:22:55 UTC 2019
------------------ testing $PTII/ptolemy/domains/de/test/auto/VariableDelay.xml
auto.tcl: Setting watchdog for 200 seconds at Thu Aug 15 05:22:56 UTC 2019
4 ms. Memory: 51200K Free: 32526K (64%)
ptolemy.util.test.WatchDog.cancel(): canceling Thu Aug 15 05:22:56 UTC 2019
auto.tcl: Setting watchdog for 200 seconds at Thu Aug 15 05:22:56 UTC 2019
2 ms. Memory: 51200K Free: 31510K (62%)
ptolemy.util.test.WatchDog.cancel(): canceling Thu Aug 15 05:22:56 UTC 2019
------------------ testing $PTII/ptolemy/domains/de/test/auto/VariableDelay2.xml
auto.tcl: Setting watchdog for 200 seconds at Thu Aug 15 05:22:56 UTC 2019
6 ms. Memory: 51200K Free: 32457K (63%)
ptolemy.util.test.WatchDog.cancel(): canceling Thu Aug 15 05:22:56 UTC 2019
auto.tcl: Setting watchdog for 200 seconds at Thu Aug 15 05:22:56 UTC 2019
2 ms. Memory: 51200K Free: 31953K (62%)
ptolemy.util.test.WatchDog.cancel(): canceling Thu Aug 15 05:22:56 UTC 2019
------------------ testing $PTII/ptolemy/domains/de/test/auto/VariableDelayZeroDelay.xml
auto.tcl: Setting watchdog for 200 seconds at Thu Aug 15 05:22:56 UTC 2019
3 ms. Memory: 51200K Free: 32975K (64%)
ptolemy.util.test.WatchDog.cancel(): canceling Thu Aug 15 05:22:56 UTC 2019
auto.tcl: Setting watchdog for 200 seconds at Thu Aug 15 05:22:56 UTC 2019
2 ms. Memory: 51200K Free: 32447K (63%)
ptolemy.util.test.WatchDog.cancel(): canceling Thu Aug 15 05:22:56 UTC 2019
------------------ testing $PTII/ptolemy/domains/de/test/auto/VariableDelayZeroDelay2.xml
auto.tcl: Setting watchdog for 200 seconds at Thu Aug 15 05:22:56 UTC 2019
3 ms. Memory: 48128K Free: 29902K (62%)
ptolemy.util.test.WatchDog.cancel(): canceling Thu Aug 15 05:22:56 UTC 2019
auto.tcl: Setting watchdog for 200 seconds at Thu Aug 15 05:22:56 UTC 2019
2 ms. Memory: 48128K Free: 28878K (60%)
ptolemy.util.test.WatchDog.cancel(): canceling Thu Aug 15 05:22:56 UTC 2019
------------------ testing $PTII/ptolemy/domains/de/test/auto/deInCt.xml
auto.tcl: Setting watchdog for 200 seconds at Thu Aug 15 05:22:56 UTC 2019
0
1
1
1
1
0
0
0
1
1
1
0
0
0
1
1
1
0
0
0
1
1
1
0
0
0
0
1
1
1
0
0
0
0
1
1
1
0
0
0
1
1
1
0
0
1
1
1
0
0
0
16 ms. Memory: 48128K Free: 28876K (60%)
ptolemy.util.test.WatchDog.cancel(): canceling Thu Aug 15 05:22:56 UTC 2019
auto.tcl: Setting watchdog for 200 seconds at Thu Aug 15 05:22:56 UTC 2019
0
1
1
1
1
1
1
0
0
0
0
0
1
1
1
0
0
0
1
1
1
1
1
1
0
0
0
6 ms. Memory: 48128K Free: 27341K (57%)
ptolemy.util.test.WatchDog.cancel(): canceling Thu Aug 15 05:22:56 UTC 2019
------------------ testing $PTII/ptolemy/domains/de/test/auto/deInCt2.xml
auto.tcl: Setting watchdog for 200 seconds at Thu Aug 15 05:22:56 UTC 2019
0
1
1
1
0
0
1
1
1
0
0
1
1
1
0
0
1
1
1
0
0
1
1
1
0
0
1
1
1
0
0
1
1
1
0
0
1
1
1
0
0
0
12 ms. Memory: 48128K Free: 28878K (60%)
ptolemy.util.test.WatchDog.cancel(): canceling Thu Aug 15 05:22:56 UTC 2019
auto.tcl: Setting watchdog for 200 seconds at Thu Aug 15 05:22:56 UTC 2019
0
1
1
1
0
0
1
1
1
0
0
1
1
1
0
0
1
1
1
0
0
1
1
1
0
0
1
1
1
0
0
1
1
1
0
0
1
1
1
0
0
0
6 ms. Memory: 48128K Free: 27326K (57%)
ptolemy.util.test.WatchDog.cancel(): canceling Thu Aug 15 05:22:56 UTC 2019
------------------ testing $PTII/ptolemy/domains/de/test/auto/dynamicCausalityInterface1.xml
auto.tcl: Setting watchdog for 200 seconds at Thu Aug 15 05:22:56 UTC 2019
2 ms. Memory: 48128K Free: 24777K (51%)
ptolemy.util.test.WatchDog.cancel(): canceling Thu Aug 15 05:22:56 UTC 2019
auto.tcl: Setting watchdog for 200 seconds at Thu Aug 15 05:22:56 UTC 2019
1 ms. Memory: 48128K Free: 24279K (50%)
ptolemy.util.test.WatchDog.cancel(): canceling Thu Aug 15 05:22:56 UTC 2019
------------------ testing $PTII/ptolemy/domains/de/test/auto/fsm_de_test.xml
auto.tcl: Setting watchdog for 200 seconds at Thu Aug 15 05:22:56 UTC 2019
12 ms. Memory: 48128K Free: 24675K (51%)
ptolemy.util.test.WatchDog.cancel(): canceling Thu Aug 15 05:22:56 UTC 2019
auto.tcl: Setting watchdog for 200 seconds at Thu Aug 15 05:22:56 UTC 2019
14 ms. Memory: 48128K Free: 22627K (47%)
ptolemy.util.test.WatchDog.cancel(): canceling Thu Aug 15 05:22:56 UTC 2019
------------------ testing $PTII/ptolemy/domains/de/test/auto/functionDependencyReconstruction.xml
auto.tcl: Setting watchdog for 200 seconds at Thu Aug 15 05:22:56 UTC 2019
3 ms. Memory: 48128K Free: 18520K (38%)
ptolemy.util.test.WatchDog.cancel(): canceling Thu Aug 15 05:22:56 UTC 2019
auto.tcl: Setting watchdog for 200 seconds at Thu Aug 15 05:22:56 UTC 2019
3 ms. Memory: 48128K Free: 16472K (34%)
ptolemy.util.test.WatchDog.cancel(): canceling Thu Aug 15 05:22:56 UTC 2019
------------------ testing $PTII/ptolemy/domains/de/test/auto/multirate.xml
auto.tcl: Setting watchdog for 200 seconds at Thu Aug 15 05:22:56 UTC 2019
7 ms. Memory: 48128K Free: 27091K (56%)
ptolemy.util.test.WatchDog.cancel(): canceling Thu Aug 15 05:22:56 UTC 2019
auto.tcl: Setting watchdog for 200 seconds at Thu Aug 15 05:22:56 UTC 2019
3 ms. Memory: 48128K Free: 25587K (53%)
ptolemy.util.test.WatchDog.cancel(): canceling Thu Aug 15 05:22:56 UTC 2019
------------------ testing $PTII/ptolemy/domains/de/test/auto/multirate2.xml
auto.tcl: Setting watchdog for 200 seconds at Thu Aug 15 05:22:56 UTC 2019
5 ms. Memory: 48128K Free: 27509K (57%)
ptolemy.util.test.WatchDog.cancel(): canceling Thu Aug 15 05:22:56 UTC 2019
auto.tcl: Setting watchdog for 200 seconds at Thu Aug 15 05:22:56 UTC 2019
4 ms. Memory: 48128K Free: 25792K (54%)
ptolemy.util.test.WatchDog.cancel(): canceling Thu Aug 15 05:22:56 UTC 2019
------------------ testing $PTII/ptolemy/domains/de/test/auto/realtime.xml
auto.tcl: Setting watchdog for 200 seconds at Thu Aug 15 05:22:57 UTC 2019
10003 ms. Memory: 48128K Free: 29539K (61%)
ptolemy.util.test.WatchDog.cancel(): canceling Thu Aug 15 05:23:07 UTC 2019
auto.tcl: Setting watchdog for 200 seconds at Thu Aug 15 05:23:07 UTC 2019
10002 ms. Memory: 48128K Free: 28821K (60%)
ptolemy.util.test.WatchDog.cancel(): canceling Thu Aug 15 05:23:17 UTC 2019
------------------ testing $PTII/ptolemy/domains/de/test/auto/relationGroup.xml
auto.tcl: Setting watchdog for 200 seconds at Thu Aug 15 05:23:17 UTC 2019
4 ms. Memory: 48128K Free: 30658K (64%)
ptolemy.util.test.WatchDog.cancel(): canceling Thu Aug 15 05:23:17 UTC 2019
auto.tcl: Setting watchdog for 200 seconds at Thu Aug 15 05:23:17 UTC 2019
2 ms. Memory: 48128K Free: 30146K (63%)
ptolemy.util.test.WatchDog.cancel(): canceling Thu Aug 15 05:23:17 UTC 2019
------------------ testing $PTII/ptolemy/domains/de/test/auto/relationGroup2.xml
auto.tcl: Setting watchdog for 200 seconds at Thu Aug 15 05:23:17 UTC 2019
1 ms. Memory: 48128K Free: 30661K (64%)
ptolemy.util.test.WatchDog.cancel(): canceling Thu Aug 15 05:23:17 UTC 2019
auto.tcl: Setting watchdog for 200 seconds at Thu Aug 15 05:23:17 UTC 2019
1 ms. Memory: 48128K Free: 29927K (62%)
ptolemy.util.test.WatchDog.cancel(): canceling Thu Aug 15 05:23:17 UTC 2019
------------------ testing $PTII/ptolemy/domains/de/test/auto/sortWithOpaquePorts.xml
auto.tcl: Setting watchdog for 200 seconds at Thu Aug 15 05:23:17 UTC 2019
1 ms. Memory: 48128K Free: 29400K (61%)
ptolemy.util.test.WatchDog.cancel(): canceling Thu Aug 15 05:23:17 UTC 2019
auto.tcl: Setting watchdog for 200 seconds at Thu Aug 15 05:23:17 UTC 2019
2 ms. Memory: 48128K Free: 28392K (59%)
ptolemy.util.test.WatchDog.cancel(): canceling Thu Aug 15 05:23:17 UTC 2019
------------------ testing $PTII/ptolemy/domains/de/test/auto/transferInputsandOutputs.xml
auto.tcl: Setting watchdog for 200 seconds at Thu Aug 15 05:23:17 UTC 2019
2 ms. Memory: 48128K Free: 26844K (56%)
ptolemy.util.test.WatchDog.cancel(): canceling Thu Aug 15 05:23:17 UTC 2019
auto.tcl: Setting watchdog for 200 seconds at Thu Aug 15 05:23:17 UTC 2019
3 ms. Memory: 48128K Free: 25851K (54%)
ptolemy.util.test.WatchDog.cancel(): canceling Thu Aug 15 05:23:17 UTC 2019
------------------ testing $PTII/ptolemy/domains/de/test/auto/triggerType.xml
auto.tcl: Setting watchdog for 200 seconds at Thu Aug 15 05:23:17 UTC 2019
1 ms. Memory: 48128K Free: 29869K (62%)
ptolemy.util.test.WatchDog.cancel(): canceling Thu Aug 15 05:23:17 UTC 2019
auto.tcl: Setting watchdog for 200 seconds at Thu Aug 15 05:23:17 UTC 2019
2 ms. Memory: 48128K Free: 28883K (60%)
ptolemy.util.test.WatchDog.cancel(): canceling Thu Aug 15 05:23:17 UTC 2019
08/15/19 05:23:17
Failed: 0  Total Tests: 192  ((Passed: 187, Newly Passed: 1)  Known Failed: 5) /home/travis/build/icyphy/ptII/ptolemy/domains/de/test
08/15/19 05:23:17
Failed: 0  Total Tests: 192  ((Passed: 187, Newly Passed: 1)  Known Failed: 5) /home/travis/build/icyphy/ptII/ptolemy/domains/de/test
----------------- testing (KnownFailure) /home/travis/build/icyphy/ptII/ptolemy/domains/de/test/auto/knownFailedTests/DESDFClockTest.xml
2011 ms. Memory: 48128K Free: 23264K (48%)
Known Failure: java.lang.reflect.InvocationTargetException
----------------- testing (KnownFailure) /home/travis/build/icyphy/ptII/ptolemy/domains/de/test/auto/knownFailedTests/DirectFeedback.xml
2 ms. Memory: 48128K Free: 18658K (39%)
Known Failure: java.lang.reflect.InvocationTargetException
----------------- testing (KnownFailure) /home/travis/build/icyphy/ptII/ptolemy/domains/de/test/auto/knownFailedTests/FSMSource.xml
6 ms. Memory: 48128K Free: 11490K (24%)
----------------- testing (KnownFailure) /home/travis/build/icyphy/ptII/ptolemy/domains/de/test/auto/knownFailedTests/HierarchicalModel.xml
2 ms. Memory: 48128K Free: 22382K (47%)
Known Failure: java.lang.reflect.InvocationTargetException
----------------- testing (KnownFailure) /home/travis/build/icyphy/ptII/ptolemy/domains/de/test/auto/knownFailedTests/dependencyLoop.xml
3 ms. Memory: 48128K Free: 7313K (15%)
Known Failure: java.lang.reflect.InvocationTargetException
----------------- testing (KnownFailure) /home/travis/build/icyphy/ptII/ptolemy/domains/de/test/auto/knownFailedTests/dependencyLoop2.xml
7 ms. Memory: 48128K Free: 18686K (39%)
Known Failure: java.lang.reflect.InvocationTargetException
No auto/linux-amd64/*.xml tests in /home/travis/build/icyphy/ptII/ptolemy/domains/de/test
AutoTests.java: About to close Vertx.
AutoTests.java: Vertx closed.

===========================================================================================
----------------- testing Thu Aug 15 05:23:19 UTC 2019 /home/travis/build/icyphy/ptII/ptolemy/domains/de/test/auto/ActorDepthCalculation_actorWithoutPorts.xml
----------------- Instantiating /home/travis/build/icyphy/ptII/ptolemy/domains/de/test/auto/ActorDepthCalculation_actorWithoutPorts.xml
2 ms. Memory: 48128K Free: 12340K (26%)
----------------- Invoking toplevel() on ptolemy.moml.MoMLSimpleApplication@55e03665
----------------- Done invoking toplevel() on ptolemy.moml.MoMLSimpleApplication@55e03665
reloadAllAccessors: .ActorDepthCalculation_actorWithoutPorts

===========================================================================================
----------------- testing Thu Aug 15 05:23:19 UTC 2019 /home/travis/build/icyphy/ptII/ptolemy/domains/de/test/auto/AssemblyLine.xml
----------------- Instantiating /home/travis/build/icyphy/ptII/ptolemy/domains/de/test/auto/AssemblyLine.xml
2 ms. Memory: 48128K Free: 32235K (67%)
----------------- Invoking toplevel() on ptolemy.moml.MoMLSimpleApplication@4b998135
----------------- Done invoking toplevel() on ptolemy.moml.MoMLSimpleApplication@4b998135
reloadAllAccessors: .AssemblyLine

===========================================================================================
----------------- testing Thu Aug 15 05:23:19 UTC 2019 /home/travis/build/icyphy/ptII/ptolemy/domains/de/test/auto/CQBug1.xml
----------------- Instantiating /home/travis/build/icyphy/ptII/ptolemy/domains/de/test/auto/CQBug1.xml
3 ms. Memory: 48128K Free: 29147K (61%)
----------------- Invoking toplevel() on ptolemy.moml.MoMLSimpleApplication@316a6ff3
----------------- Done invoking toplevel() on ptolemy.moml.MoMLSimpleApplication@316a6ff3
reloadAllAccessors: .CQBug1

===========================================================================================
----------------- testing Thu Aug 15 05:23:19 UTC 2019 /home/travis/build/icyphy/ptII/ptolemy/domains/de/test/auto/CancelFireAt.xml
----------------- Instantiating /home/travis/build/icyphy/ptII/ptolemy/domains/de/test/auto/CancelFireAt.xml
1 ms. Memory: 48128K Free: 26712K (56%)
----------------- Invoking toplevel() on ptolemy.moml.MoMLSimpleApplication@5f6276e9
----------------- Done invoking toplevel() on ptolemy.moml.MoMLSimpleApplication@5f6276e9
reloadAllAccessors: .CancelFireAt

===========================================================================================
----------------- testing Thu Aug 15 05:23:19 UTC 2019 /home/travis/build/icyphy/ptII/ptolemy/domains/de/test/auto/CausalityAndComposabilityAnalysis.xml
----------------- Instantiating /home/travis/build/icyphy/ptII/ptolemy/domains/de/test/auto/CausalityAndComposabilityAnalysis.xml
2 ms. Memory: 48128K Free: 22640K (47%)
----------------- Invoking toplevel() on ptolemy.moml.MoMLSimpleApplication@494de932
----------------- Done invoking toplevel() on ptolemy.moml.MoMLSimpleApplication@494de932
reloadAllAccessors: .CausalityAndComposabilityAnalysis

===========================================================================================
----------------- testing Thu Aug 15 05:23:19 UTC 2019 /home/travis/build/icyphy/ptII/ptolemy/domains/de/test/auto/CausalityInterface1.xml
----------------- Instantiating /home/travis/build/icyphy/ptII/ptolemy/domains/de/test/auto/CausalityInterface1.xml
6 ms. Memory: 48128K Free: 17714K (37%)
----------------- Invoking toplevel() on ptolemy.moml.MoMLSimpleApplication@1914d67
----------------- Done invoking toplevel() on ptolemy.moml.MoMLSimpleApplication@1914d67
reloadAllAccessors: .CausalityInterface1

===========================================================================================
----------------- testing Thu Aug 15 05:23:19 UTC 2019 /home/travis/build/icyphy/ptII/ptolemy/domains/de/test/auto/CausalityInterface15.xml
----------------- Instantiating /home/travis/build/icyphy/ptII/ptolemy/domains/de/test/auto/CausalityInterface15.xml
2 ms. Memory: 48128K Free: 12352K (26%)
----------------- Invoking toplevel() on ptolemy.moml.MoMLSimpleApplication@2c5af8a5
----------------- Done invoking toplevel() on ptolemy.moml.MoMLSimpleApplication@2c5af8a5
reloadAllAccessors: .CausalityInterface15

===========================================================================================
----------------- testing Thu Aug 15 05:23:19 UTC 2019 /home/travis/build/icyphy/ptII/ptolemy/domains/de/test/auto/CausalityInterface2.xml
----------------- Instantiating /home/travis/build/icyphy/ptII/ptolemy/domains/de/test/auto/CausalityInterface2.xml
3 ms. Memory: 48128K Free: 7659K (16%)
[...]
	at ptolemy.actor.Manager.run(Manager.java:1263)
	at ptolemy.actor.Manager$PtolemyRunThread.run(Manager.java:1933)
java.lang.RuntimeException: Execution failed
	at ptolemy.moml.MoMLSimpleApplication$UnloadThread.run(MoMLSimpleApplication.java:402)
Caused by: ptolemy.kernel.util.IllegalActionException: Actor is not ready to fire.  Perhaps UpSample.prefire() returned false? Try debugging the actor by selecting "Listen to Actor".  Also, for SDF check moml for tokenConsumptionRate on input.
  in .DESDFClockTest.Play Bell.Copy1:SDF Director and .DESDFClockTest.Play Bell.UpSample
	at ptolemy.actor.sched.StaticSchedulingDirector.fire(StaticSchedulingDirector.java:227)
	at ptolemy.domains.sdf.kernel.SDFDirector.fire(SDFDirector.java:500)
	at ptolemy.actor.CompositeActor.fire(CompositeActor.java:455)
	at ptolemy.domains.de.kernel.DEDirector._fire(DEDirector.java:1949)
	at ptolemy.domains.de.kernel.DEDirector.fire(DEDirector.java:502)
	at ptolemy.actor.CompositeActor.fire(CompositeActor.java:455)
	at ptolemy.actor.Manager.iterate(Manager.java:851)
	at ptolemy.actor.Manager.execute(Manager.java:369)
	at ptolemy.actor.Manager.run(Manager.java:1263)
	at ptolemy.actor.Manager$PtolemyRunThread.run(Manager.java:1933)
java.lang.reflect.InvocationTargetException
	at java.base/jdk.internal.reflect.NativeConstructorAccessorImpl.newInstance0(Native Method)
	at java.base/jdk.internal.reflect.NativeConstructorAccessorImpl.newInstance(NativeConstructorAccessorImpl.java:62)
	at java.base/jdk.internal.reflect.DelegatingConstructorAccessorImpl.newInstance(DelegatingConstructorAccessorImpl.java:45)
	at java.base/java.lang.reflect.Constructor.newInstance(Constructor.java:490)
	at ptolemy.util.test.junit.AutoKnownFailedTests.RunModel(AutoKnownFailedTests.java:105)
	at java.base/jdk.internal.reflect.NativeMethodAccessorImpl.invoke0(Native Method)
	at java.base/jdk.internal.reflect.NativeMethodAccessorImpl.invoke(NativeMethodAccessorImpl.java:62)
	at java.base/jdk.internal.reflect.DelegatingMethodAccessorImpl.invoke(DelegatingMethodAccessorImpl.java:43)
	at java.base/java.lang.reflect.Method.invoke(Method.java:566)
	at org.junit.runners.model.FrameworkMethod$1.runReflectiveCall(FrameworkMethod.java:44)
	at org.junit.internal.runners.model.ReflectiveCallable.run(ReflectiveCallable.java:15)
	at org.junit.runners.model.FrameworkMethod.invokeExplosively(FrameworkMethod.java:41)
	at junitparams.internal.InvokeParameterisedMethod.evaluate(InvokeParameterisedMethod.java:102)
	at org.junit.internal.runners.statements.FailOnTimeout$1.run(FailOnTimeout.java:28)
Caused by: ptolemy.kernel.util.IllegalActionException: Actor is not ready to fire.  Perhaps UpSample.prefire() returned false? Try debugging the actor by selecting "Listen to Actor".  Also, for SDF check moml for tokenConsumptionRate on input.
  in .DESDFClockTest.Play Bell.Copy1:SDF Director and .DESDFClockTest.Play Bell.UpSample
	at ptolemy.actor.sched.StaticSchedulingDirector.fire(StaticSchedulingDirector.java:227)
	at ptolemy.domains.sdf.kernel.SDFDirector.fire(SDFDirector.java:500)
	at ptolemy.actor.CompositeActor.fire(CompositeActor.java:455)
	at ptolemy.domains.de.kernel.DEDirector._fire(DEDirector.java:1949)
	at ptolemy.domains.de.kernel.DEDirector.fire(DEDirector.java:502)
	at ptolemy.actor.CompositeActor.fire(CompositeActor.java:455)
	at ptolemy.actor.Manager.iterate(Manager.java:851)
	at ptolemy.actor.Manager.execute(Manager.java:369)
	at ptolemy.actor.Manager.run(Manager.java:1263)
	at ptolemy.actor.Manager$PtolemyRunThread.run(Manager.java:1933)
java.lang.RuntimeException: Execution failed
	at ptolemy.moml.MoMLSimpleApplication$UnloadThread.run(MoMLSimpleApplication.java:402)
Caused by: ptolemy.kernel.util.IllegalActionException: Test fails in iteration 1.
Value was: 1.0. Should have been: 2.0
  in .DirectFeedback.Test
	at ptolemy.actor.lib.Test.fire(Test.java:268)
	at ptolemy.domains.de.kernel.DEDirector._fire(DEDirector.java:1949)
	at ptolemy.domains.de.kernel.DEDirector.fire(DEDirector.java:502)
	at ptolemy.actor.CompositeActor.fire(CompositeActor.java:455)
	at ptolemy.actor.Manager.iterate(Manager.java:851)
	at ptolemy.actor.Manager.execute(Manager.java:369)
	at ptolemy.actor.Manager.run(Manager.java:1263)
	at ptolemy.actor.Manager$PtolemyRunThread.run(Manager.java:1933)
java.lang.reflect.InvocationTargetException
	at java.base/jdk.internal.reflect.NativeConstructorAccessorImpl.newInstance0(Native Method)
	at java.base/jdk.internal.reflect.NativeConstructorAccessorImpl.newInstance(NativeConstructorAccessorImpl.java:62)
	at java.base/jdk.internal.reflect.DelegatingConstructorAccessorImpl.newInstance(DelegatingConstructorAccessorImpl.java:45)
	at java.base/java.lang.reflect.Constructor.newInstance(Constructor.java:490)
	at ptolemy.util.test.junit.AutoKnownFailedTests.RunModel(AutoKnownFailedTests.java:105)
	at java.base/jdk.internal.reflect.NativeMethodAccessorImpl.invoke0(Native Method)
	at java.base/jdk.internal.reflect.NativeMethodAccessorImpl.invoke(NativeMethodAccessorImpl.java:62)
	at java.base/jdk.internal.reflect.DelegatingMethodAccessorImpl.invoke(DelegatingMethodAccessorImpl.java:43)
	at java.base/java.lang.reflect.Method.invoke(Method.java:566)
	at org.junit.runners.model.FrameworkMethod$1.runReflectiveCall(FrameworkMethod.java:44)
	at org.junit.internal.runners.model.ReflectiveCallable.run(ReflectiveCallable.java:15)
	at org.junit.runners.model.FrameworkMethod.invokeExplosively(FrameworkMethod.java:41)
	at junitparams.internal.InvokeParameterisedMethod.evaluate(InvokeParameterisedMethod.java:102)
	at org.junit.internal.runners.statements.FailOnTimeout$1.run(FailOnTimeout.java:28)
Caused by: ptolemy.kernel.util.IllegalActionException: Test fails in iteration 1.
Value was: 1.0. Should have been: 2.0
  in .DirectFeedback.Test
	at ptolemy.actor.lib.Test.fire(Test.java:268)
	at ptolemy.domains.de.kernel.DEDirector._fire(DEDirector.java:1949)
	at ptolemy.domains.de.kernel.DEDirector.fire(DEDirector.java:502)
	at ptolemy.actor.CompositeActor.fire(CompositeActor.java:455)
	at ptolemy.actor.Manager.iterate(Manager.java:851)
	at ptolemy.actor.Manager.execute(Manager.java:369)
	at ptolemy.actor.Manager.run(Manager.java:1263)
	at ptolemy.actor.Manager$PtolemyRunThread.run(Manager.java:1933)
java.lang.RuntimeException: Execution failed
	at ptolemy.moml.MoMLSimpleApplication$UnloadThread.run(MoMLSimpleApplication.java:402)
Caused by: ptolemy.kernel.util.IllegalActionException: Found a zero delay loop containing .HierarchicalModel.A
  in .HierarchicalModel and .HierarchicalModel.A
	at ptolemy.actor.util.CausalityInterfaceForComposites._computeOutputPortDepth(CausalityInterfaceForComposites.java:759)
	at ptolemy.actor.util.CausalityInterfaceForComposites._computeInputDepth(CausalityInterfaceForComposites.java:696)
	at ptolemy.actor.util.CausalityInterfaceForComposites._computeOutputPortDepth(CausalityInterfaceForComposites.java:765)
	at ptolemy.actor.util.CausalityInterfaceForComposites._computeInputDepth(CausalityInterfaceForComposites.java:696)
	at ptolemy.actor.util.CausalityInterfaceForComposites._computeOutputPortDepth(CausalityInterfaceForComposites.java:765)
	at ptolemy.actor.util.CausalityInterfaceForComposites._computeInputDepth(CausalityInterfaceForComposites.java:696)
	at ptolemy.actor.util.CausalityInterfaceForComposites._computeActorDepth(CausalityInterfaceForComposites.java:532)
	at ptolemy.actor.util.CausalityInterfaceForComposites.checkForCycles(CausalityInterfaceForComposites.java:96)
	at ptolemy.domains.de.kernel.DEDirector.preinitialize(DEDirector.java:1338)
	at ptolemy.actor.CompositeActor.preinitialize(CompositeActor.java:1828)
	at ptolemy.actor.Manager.preinitializeAndResolveTypes(Manager.java:1040)
	at ptolemy.actor.Manager.initialize(Manager.java:710)
	at ptolemy.actor.Manager.execute(Manager.java:356)
	at ptolemy.actor.Manager.run(Manager.java:1263)
	at ptolemy.actor.Manager$PtolemyRunThread.run(Manager.java:1933)
java.lang.reflect.InvocationTargetException
	at java.base/jdk.internal.reflect.NativeConstructorAccessorImpl.newInstance0(Native Method)
	at java.base/jdk.internal.reflect.NativeConstructorAccessorImpl.newInstance(NativeConstructorAccessorImpl.java:62)
	at java.base/jdk.internal.reflect.DelegatingConstructorAccessorImpl.newInstance(DelegatingConstructorAccessorImpl.java:45)
	at java.base/java.lang.reflect.Constructor.newInstance(Constructor.java:490)
	at ptolemy.util.test.junit.AutoKnownFailedTests.RunModel(AutoKnownFailedTests.java:105)
	at java.base/jdk.internal.reflect.NativeMethodAccessorImpl.invoke0(Native Method)
	at java.base/jdk.internal.reflect.NativeMethodAccessorImpl.invoke(NativeMethodAccessorImpl.java:62)
	at java.base/jdk.internal.reflect.DelegatingMethodAccessorImpl.invoke(DelegatingMethodAccessorImpl.java:43)
	at java.base/java.lang.reflect.Method.invoke(Method.java:566)
	at org.junit.runners.model.FrameworkMethod$1.runReflectiveCall(FrameworkMethod.java:44)
	at org.junit.internal.runners.model.ReflectiveCallable.run(ReflectiveCallable.java:15)
	at org.junit.runners.model.FrameworkMethod.invokeExplosively(FrameworkMethod.java:41)
	at junitparams.internal.InvokeParameterisedMethod.evaluate(InvokeParameterisedMethod.java:102)
	at org.junit.internal.runners.statements.FailOnTimeout$1.run(FailOnTimeout.java:28)
Caused by: ptolemy.kernel.util.IllegalActionException: Found a zero delay loop containing .HierarchicalModel.A
  in .HierarchicalModel and .HierarchicalModel.A
	at ptolemy.actor.util.CausalityInterfaceForComposites._computeOutputPortDepth(CausalityInterfaceForComposites.java:759)
	at ptolemy.actor.util.CausalityInterfaceForComposites._computeInputDepth(CausalityInterfaceForComposites.java:696)
	at ptolemy.actor.util.CausalityInterfaceForComposites._computeOutputPortDepth(CausalityInterfaceForComposites.java:765)
	at ptolemy.actor.util.CausalityInterfaceForComposites._computeInputDepth(CausalityInterfaceForComposites.java:696)
	at ptolemy.actor.util.CausalityInterfaceForComposites._computeOutputPortDepth(CausalityInterfaceForComposites.java:765)
	at ptolemy.actor.util.CausalityInterfaceForComposites._computeInputDepth(CausalityInterfaceForComposites.java:696)
	at ptolemy.actor.util.CausalityInterfaceForComposites._computeActorDepth(CausalityInterfaceForComposites.java:532)
	at ptolemy.actor.util.CausalityInterfaceForComposites.checkForCycles(CausalityInterfaceForComposites.java:96)
	at ptolemy.domains.de.kernel.DEDirector.preinitialize(DEDirector.java:1338)
	at ptolemy.actor.CompositeActor.preinitialize(CompositeActor.java:1828)
	at ptolemy.actor.Manager.preinitializeAndResolveTypes(Manager.java:1040)
	at ptolemy.actor.Manager.initialize(Manager.java:710)
	at ptolemy.actor.Manager.execute(Manager.java:356)
	at ptolemy.actor.Manager.run(Manager.java:1263)
	at ptolemy.actor.Manager$PtolemyRunThread.run(Manager.java:1933)
java.lang.RuntimeException: Execution failed
	at ptolemy.moml.MoMLSimpleApplication$UnloadThread.run(MoMLSimpleApplication.java:402)
Caused by: ptolemy.kernel.util.IllegalActionException: Found a zero delay loop containing .dependencyLoop.original
  in .dependencyLoop and .dependencyLoop.original
	at ptolemy.actor.util.CausalityInterfaceForComposites._computeOutputPortDepth(CausalityInterfaceForComposites.java:759)
	at ptolemy.actor.util.CausalityInterfaceForComposites._computeInputDepth(CausalityInterfaceForComposites.java:696)
	at ptolemy.actor.util.CausalityInterfaceForComposites._computeOutputPortDepth(CausalityInterfaceForComposites.java:765)
	at ptolemy.actor.util.CausalityInterfaceForComposites._computeInputDepth(CausalityInterfaceForComposites.java:696)
	at ptolemy.actor.util.CausalityInterfaceForComposites._computeOutputPortDepth(CausalityInterfaceForComposites.java:765)
	at ptolemy.actor.util.CausalityInterfaceForComposites._computeInputDepth(CausalityInterfaceForComposites.java:696)
	at ptolemy.actor.util.CausalityInterfaceForComposites._computeActorDepth(CausalityInterfaceForComposites.java:532)
	at ptolemy.actor.util.CausalityInterfaceForComposites.checkForCycles(CausalityInterfaceForComposites.java:96)
	at ptolemy.domains.de.kernel.DEDirector.preinitialize(DEDirector.java:1338)
	at ptolemy.actor.CompositeActor.preinitialize(CompositeActor.java:1828)
	at ptolemy.actor.Manager.preinitializeAndResolveTypes(Manager.java:1040)
	at ptolemy.actor.Manager.initialize(Manager.java:710)
	at ptolemy.actor.Manager.execute(Manager.java:356)
	at ptolemy.actor.Manager.run(Manager.java:1263)
	at ptolemy.actor.Manager$PtolemyRunThread.run(Manager.java:1933)
java.lang.reflect.InvocationTargetException
	at java.base/jdk.internal.reflect.NativeConstructorAccessorImpl.newInstance0(Native Method)
	at java.base/jdk.internal.reflect.NativeConstructorAccessorImpl.newInstance(NativeConstructorAccessorImpl.java:62)
	at java.base/jdk.internal.reflect.DelegatingConstructorAccessorImpl.newInstance(DelegatingConstructorAccessorImpl.java:45)
	at java.base/java.lang.reflect.Constructor.newInstance(Constructor.java:490)
	at ptolemy.util.test.junit.AutoKnownFailedTests.RunModel(AutoKnownFailedTests.java:105)
	at java.base/jdk.internal.reflect.NativeMethodAccessorImpl.invoke0(Native Method)
	at java.base/jdk.internal.reflect.NativeMethodAccessorImpl.invoke(NativeMethodAccessorImpl.java:62)
	at java.base/jdk.internal.reflect.DelegatingMethodAccessorImpl.invoke(DelegatingMethodAccessorImpl.java:43)
	at java.base/java.lang.reflect.Method.invoke(Method.java:566)
	at org.junit.runners.model.FrameworkMethod$1.runReflectiveCall(FrameworkMethod.java:44)
	at org.junit.internal.runners.model.ReflectiveCallable.run(ReflectiveCallable.java:15)
	at org.junit.runners.model.FrameworkMethod.invokeExplosively(FrameworkMethod.java:41)
	at junitparams.internal.InvokeParameterisedMethod.evaluate(InvokeParameterisedMethod.java:102)
	at org.junit.internal.runners.statements.FailOnTimeout$1.run(FailOnTimeout.java:28)
Caused by: ptolemy.kernel.util.IllegalActionException: Found a zero delay loop containing .dependencyLoop.original
  in .dependencyLoop and .dependencyLoop.original
	at ptolemy.actor.util.CausalityInterfaceForComposites._computeOutputPortDepth(CausalityInterfaceForComposites.java:759)
	at ptolemy.actor.util.CausalityInterfaceForComposites._computeInputDepth(CausalityInterfaceForComposites.java:696)
	at ptolemy.actor.util.CausalityInterfaceForComposites._computeOutputPortDepth(CausalityInterfaceForComposites.java:765)
	at ptolemy.actor.util.CausalityInterfaceForComposites._computeInputDepth(CausalityInterfaceForComposites.java:696)
	at ptolemy.actor.util.CausalityInterfaceForComposites._computeOutputPortDepth(CausalityInterfaceForComposites.java:765)
	at ptolemy.actor.util.CausalityInterfaceForComposites._computeInputDepth(CausalityInterfaceForComposites.java:696)
	at ptolemy.actor.util.CausalityInterfaceForComposites._computeActorDepth(CausalityInterfaceForComposites.java:532)
	at ptolemy.actor.util.CausalityInterfaceForComposites.checkForCycles(CausalityInterfaceForComposites.java:96)
	at ptolemy.domains.de.kernel.DEDirector.preinitialize(DEDirector.java:1338)
	at ptolemy.actor.CompositeActor.preinitialize(CompositeActor.java:1828)
	at ptolemy.actor.Manager.preinitializeAndResolveTypes(Manager.java:1040)
	at ptolemy.actor.Manager.initialize(Manager.java:710)
	at ptolemy.actor.Manager.execute(Manager.java:356)
	at ptolemy.actor.Manager.run(Manager.java:1263)
	at ptolemy.actor.Manager$PtolemyRunThread.run(Manager.java:1933)
java.lang.RuntimeException: Execution failed
	at ptolemy.moml.MoMLSimpleApplication$UnloadThread.run(MoMLSimpleApplication.java:402)
Caused by: ptolemy.kernel.util.IllegalActionException: Found a zero delay loop containing .dependencyLoop2.original
  in .dependencyLoop2 and .dependencyLoop2.original
	at ptolemy.actor.util.CausalityInterfaceForComposites._computeOutputPortDepth(CausalityInterfaceForComposites.java:759)
	at ptolemy.actor.util.CausalityInterfaceForComposites._computeInputDepth(CausalityInterfaceForComposites.java:696)
	at ptolemy.actor.util.CausalityInterfaceForComposites._computeOutputPortDepth(CausalityInterfaceForComposites.java:765)
	at ptolemy.actor.util.CausalityInterfaceForComposites._computeInputDepth(CausalityInterfaceForComposites.java:696)
	at ptolemy.actor.util.CausalityInterfaceForComposites._computeOutputPortDepth(CausalityInterfaceForComposites.java:765)
	at ptolemy.actor.util.CausalityInterfaceForComposites._computeInputDepth(CausalityInterfaceForComposites.java:696)
	at ptolemy.actor.util.CausalityInterfaceForComposites._computeActorDepth(CausalityInterfaceForComposites.java:532)
	at ptolemy.actor.util.CausalityInterfaceForComposites.checkForCycles(CausalityInterfaceForComposites.java:96)
	at ptolemy.domains.de.kernel.DEDirector.preinitialize(DEDirector.java:1338)
	at ptolemy.actor.CompositeActor.preinitialize(CompositeActor.java:1828)
	at ptolemy.actor.Manager.preinitializeAndResolveTypes(Manager.java:1040)
	at ptolemy.actor.Manager.initialize(Manager.java:710)
	at ptolemy.actor.Manager.execute(Manager.java:356)
	at ptolemy.actor.Manager.run(Manager.java:1263)
	at ptolemy.actor.Manager$PtolemyRunThread.run(Manager.java:1933)
java.lang.reflect.InvocationTargetException
	at java.base/jdk.internal.reflect.NativeConstructorAccessorImpl.newInstance0(Native Method)
	at java.base/jdk.internal.reflect.NativeConstructorAccessorImpl.newInstance(NativeConstructorAccessorImpl.java:62)
	at java.base/jdk.internal.reflect.DelegatingConstructorAccessorImpl.newInstance(DelegatingConstructorAccessorImpl.java:45)
	at java.base/java.lang.reflect.Constructor.newInstance(Constructor.java:490)
	at ptolemy.util.test.junit.AutoKnownFailedTests.RunModel(AutoKnownFailedTests.java:105)
	at java.base/jdk.internal.reflect.NativeMethodAccessorImpl.invoke0(Native Method)
	at java.base/jdk.internal.reflect.NativeMethodAccessorImpl.invoke(NativeMethodAccessorImpl.java:62)
	at java.base/jdk.internal.reflect.DelegatingMethodAccessorImpl.invoke(DelegatingMethodAccessorImpl.java:43)
	at java.base/java.lang.reflect.Method.invoke(Method.java:566)
	at org.junit.runners.model.FrameworkMethod$1.runReflectiveCall(FrameworkMethod.java:44)
	at org.junit.internal.runners.model.ReflectiveCallable.run(ReflectiveCallable.java:15)
	at org.junit.runners.model.FrameworkMethod.invokeExplosively(FrameworkMethod.java:41)
	at junitparams.internal.InvokeParameterisedMethod.evaluate(InvokeParameterisedMethod.java:102)
	at org.junit.internal.runners.statements.FailOnTimeout$1.run(FailOnTimeout.java:28)
Caused by: ptolemy.kernel.util.IllegalActionException: Found a zero delay loop containing .dependencyLoop2.original
  in .dependencyLoop2 and .dependencyLoop2.original
	at ptolemy.actor.util.CausalityInterfaceForComposites._computeOutputPortDepth(CausalityInterfaceForComposites.java:759)
	at ptolemy.actor.util.CausalityInterfaceForComposites._computeInputDepth(CausalityInterfaceForComposites.java:696)
	at ptolemy.actor.util.CausalityInterfaceForComposites._computeOutputPortDepth(CausalityInterfaceForComposites.java:765)
	at ptolemy.actor.util.CausalityInterfaceForComposites._computeInputDepth(CausalityInterfaceForComposites.java:696)
	at ptolemy.actor.util.CausalityInterfaceForComposites._computeOutputPortDepth(CausalityInterfaceForComposites.java:765)
	at ptolemy.actor.util.CausalityInterfaceForComposites._computeInputDepth(CausalityInterfaceForComposites.java:696)
	at ptolemy.actor.util.CausalityInterfaceForComposites._computeActorDepth(CausalityInterfaceForComposites.java:532)
	at ptolemy.actor.util.CausalityInterfaceForComposites.checkForCycles(CausalityInterfaceForComposites.java:96)
	at ptolemy.domains.de.kernel.DEDirector.preinitialize(DEDirector.java:1338)
	at ptolemy.actor.CompositeActor.preinitialize(CompositeActor.java:1828)
	at ptolemy.actor.Manager.preinitializeAndResolveTypes(Manager.java:1040)
	at ptolemy.actor.Manager.initialize(Manager.java:710)
	at ptolemy.actor.Manager.execute(Manager.java:356)
	at ptolemy.actor.Manager.run(Manager.java:1263)
	at ptolemy.actor.Manager$PtolemyRunThread.run(Manager.java:1933)
]]></system-err>
</testsuite>
