<?xml version="1.0" encoding="UTF-8" ?>
<testsuite errors="0" failures="0" hostname="travis-job-0955ac6f-ad02-468a-8081-a64d1bc7f560" name="ptolemy.actor.lib.hoc.test.junit.JUnitTclTest" skipped="0" tests="58" time="34.943" timestamp="2019-08-28T05:32:31">
  <properties>
[...]
</properties>
  <testcase classname="ptolemy.util.test.junit.TclTests" name="[0] /home/travis/build/icyphy/ptII/ptolemy/actor/lib/hoc/test/IterateOverArray.tcl (RunTclFile)" time="0.359" />
  <testcase classname="ptolemy.util.test.junit.AutoKnownFailedTests" name="[0] /home/travis/build/icyphy/ptII/ptolemy/actor/lib/hoc/test/auto/knownFailedTests/PreinitializeMustBeInvokedRunComposite.xml (RunModel)" time="0.469" />
  <testcase classname="ptolemy.util.test.junit.AutoNameArchTests" name="[0] ThereAreNoAutoArchTests (RunModel)" time="0.004" />
  <testcase classname="ptolemy.util.test.junit.AutoTests" name="[0] /home/travis/build/icyphy/ptII/ptolemy/actor/lib/hoc/test/auto/AllToAllMultiInstanceComposite.xml (RunModel)" time="0.563" />
  <testcase classname="ptolemy.util.test.junit.AutoTests" name="[1] /home/travis/build/icyphy/ptII/ptolemy/actor/lib/hoc/test/auto/ApplyFFTTest.xml (RunModel)" time="0.486" />
  <testcase classname="ptolemy.util.test.junit.AutoTests" name="[2] /home/travis/build/icyphy/ptII/ptolemy/actor/lib/hoc/test/auto/ApplyFunction.xml (RunModel)" time="0.053" />
  <testcase classname="ptolemy.util.test.junit.AutoTests" name="[3] /home/travis/build/icyphy/ptII/ptolemy/actor/lib/hoc/test/auto/BackgroundExecution.xml (RunModel)" time="0.74" />
  <testcase classname="ptolemy.util.test.junit.AutoTests" name="[4] /home/travis/build/icyphy/ptII/ptolemy/actor/lib/hoc/test/auto/Case.xml (RunModel)" time="0.06" />
  <testcase classname="ptolemy.util.test.junit.AutoTests" name="[5] /home/travis/build/icyphy/ptII/ptolemy/actor/lib/hoc/test/auto/Case1.xml (RunModel)" time="0.063" />
  <testcase classname="ptolemy.util.test.junit.AutoTests" name="[6] /home/travis/build/icyphy/ptII/ptolemy/actor/lib/hoc/test/auto/Case2.xml (RunModel)" time="0.103" />
  <testcase classname="ptolemy.util.test.junit.AutoTests" name="[7] /home/travis/build/icyphy/ptII/ptolemy/actor/lib/hoc/test/auto/Case3.xml (RunModel)" time="0.043" />
  <testcase classname="ptolemy.util.test.junit.AutoTests" name="[8] /home/travis/build/icyphy/ptII/ptolemy/actor/lib/hoc/test/auto/Case4.xml (RunModel)" time="0.078" />
  <testcase classname="ptolemy.util.test.junit.AutoTests" name="[9] /home/travis/build/icyphy/ptII/ptolemy/actor/lib/hoc/test/auto/Case5.xml (RunModel)" time="0.102" />
  <testcase classname="ptolemy.util.test.junit.AutoTests" name="[10] /home/travis/build/icyphy/ptII/ptolemy/actor/lib/hoc/test/auto/Case6.xml (RunModel)" time="0.122" />
  <testcase classname="ptolemy.util.test.junit.AutoTests" name="[11] /home/travis/build/icyphy/ptII/ptolemy/actor/lib/hoc/test/auto/CaseString2.xml (RunModel)" time="0.068" />
  <testcase classname="ptolemy.util.test.junit.AutoTests" name="[12] /home/travis/build/icyphy/ptII/ptolemy/actor/lib/hoc/test/auto/CatchUpComposite1.xml (RunModel)" time="0.099" />
  <testcase classname="ptolemy.util.test.junit.AutoTests" name="[13] /home/travis/build/icyphy/ptII/ptolemy/actor/lib/hoc/test/auto/CatchUpComposite2.xml (RunModel)" time="0.055" />
  <testcase classname="ptolemy.util.test.junit.AutoTests" name="[14] /home/travis/build/icyphy/ptII/ptolemy/actor/lib/hoc/test/auto/CatchUpComposite3.xml (RunModel)" time="0.071" />
  <testcase classname="ptolemy.util.test.junit.AutoTests" name="[15] /home/travis/build/icyphy/ptII/ptolemy/actor/lib/hoc/test/auto/CatchUpComposite4.xml (RunModel)" time="0.052" />
  <testcase classname="ptolemy.util.test.junit.AutoTests" name="[16] /home/travis/build/icyphy/ptII/ptolemy/actor/lib/hoc/test/auto/CatchUpComposite5.xml (RunModel)" time="0.05" />
  <testcase classname="ptolemy.util.test.junit.AutoTests" name="[17] /home/travis/build/icyphy/ptII/ptolemy/actor/lib/hoc/test/auto/CatchUpComposite6.xml (RunModel)" time="0.208" />
  <testcase classname="ptolemy.util.test.junit.AutoTests" name="[18] /home/travis/build/icyphy/ptII/ptolemy/actor/lib/hoc/test/auto/CatchUpComposite7.xml (RunModel)" time="0.101" />
  <testcase classname="ptolemy.util.test.junit.AutoTests" name="[19] /home/travis/build/icyphy/ptII/ptolemy/actor/lib/hoc/test/auto/ConcurrentExecutionTimeSDF.xml (RunModel)" time="1.353" />
  <testcase classname="ptolemy.util.test.junit.AutoTests" name="[20] /home/travis/build/icyphy/ptII/ptolemy/actor/lib/hoc/test/auto/ConcurrentSleep.xml (RunModel)" time="0.779" />
  <testcase classname="ptolemy.util.test.junit.AutoTests" name="[21] /home/travis/build/icyphy/ptII/ptolemy/actor/lib/hoc/test/auto/DEInPNInRunCompositeActor.xml (RunModel)" time="0.036" />
  <testcase classname="ptolemy.util.test.junit.AutoTests" name="[22] /home/travis/build/icyphy/ptII/ptolemy/actor/lib/hoc/test/auto/DFTSubSetTest.xml (RunModel)" time="0.363" />
  <testcase classname="ptolemy.util.test.junit.AutoTests" name="[23] /home/travis/build/icyphy/ptII/ptolemy/actor/lib/hoc/test/auto/HocDE.xml (RunModel)" time="0.209" />
  <testcase classname="ptolemy.util.test.junit.AutoTests" name="[24] /home/travis/build/icyphy/ptII/ptolemy/actor/lib/hoc/test/auto/IterateOverArray.xml (RunModel)" time="0.039" />
  <testcase classname="ptolemy.util.test.junit.AutoTests" name="[25] /home/travis/build/icyphy/ptII/ptolemy/actor/lib/hoc/test/auto/IterateOverArray10.xml (RunModel)" time="0.023" />
  <testcase classname="ptolemy.util.test.junit.AutoTests" name="[26] /home/travis/build/icyphy/ptII/ptolemy/actor/lib/hoc/test/auto/IterateOverArray11.xml (RunModel)" time="0.028" />
  <testcase classname="ptolemy.util.test.junit.AutoTests" name="[27] /home/travis/build/icyphy/ptII/ptolemy/actor/lib/hoc/test/auto/IterateOverArray12.xml (RunModel)" time="0.061" />
  <testcase classname="ptolemy.util.test.junit.AutoTests" name="[28] /home/travis/build/icyphy/ptII/ptolemy/actor/lib/hoc/test/auto/IterateOverArray13.xml (RunModel)" time="0.189" />
  <testcase classname="ptolemy.util.test.junit.AutoTests" name="[29] /home/travis/build/icyphy/ptII/ptolemy/actor/lib/hoc/test/auto/IterateOverArray14.xml (RunModel)" time="0.183" />
  <testcase classname="ptolemy.util.test.junit.AutoTests" name="[30] /home/travis/build/icyphy/ptII/ptolemy/actor/lib/hoc/test/auto/IterateOverArray2.xml (RunModel)" time="0.041" />
  <testcase classname="ptolemy.util.test.junit.AutoTests" name="[31] /home/travis/build/icyphy/ptII/ptolemy/actor/lib/hoc/test/auto/IterateOverArray3.xml (RunModel)" time="0.052" />
  <testcase classname="ptolemy.util.test.junit.AutoTests" name="[32] /home/travis/build/icyphy/ptII/ptolemy/actor/lib/hoc/test/auto/IterateOverArray4.xml (RunModel)" time="0.026" />
  <testcase classname="ptolemy.util.test.junit.AutoTests" name="[33] /home/travis/build/icyphy/ptII/ptolemy/actor/lib/hoc/test/auto/IterateOverArray5.xml (RunModel)" time="0.033" />
  <testcase classname="ptolemy.util.test.junit.AutoTests" name="[34] /home/travis/build/icyphy/ptII/ptolemy/actor/lib/hoc/test/auto/IterateOverArray6.xml (RunModel)" time="0.017" />
  <testcase classname="ptolemy.util.test.junit.AutoTests" name="[35] /home/travis/build/icyphy/ptII/ptolemy/actor/lib/hoc/test/auto/IterateOverArray7.xml (RunModel)" time="0.034" />
  <testcase classname="ptolemy.util.test.junit.AutoTests" name="[36] /home/travis/build/icyphy/ptII/ptolemy/actor/lib/hoc/test/auto/IterateOverArray8.xml (RunModel)" time="0.02" />
  <testcase classname="ptolemy.util.test.junit.AutoTests" name="[37] /home/travis/build/icyphy/ptII/ptolemy/actor/lib/hoc/test/auto/IterateOverArray9.xml (RunModel)" time="0.024" />
  <testcase classname="ptolemy.util.test.junit.AutoTests" name="[38] /home/travis/build/icyphy/ptII/ptolemy/actor/lib/hoc/test/auto/IterateOverArrayCoercedOutputType.xml (RunModel)" time="0.046" />
  <testcase classname="ptolemy.util.test.junit.AutoTests" name="[39] /home/travis/build/icyphy/ptII/ptolemy/actor/lib/hoc/test/auto/IterateOverArrayInferredOutputType.xml (RunModel)" time="0.028" />
  <testcase classname="ptolemy.util.test.junit.AutoTests" name="[40] /home/travis/build/icyphy/ptII/ptolemy/actor/lib/hoc/test/auto/MobileFunctionTest.xml (RunModel)" time="0.024" />
  <testcase classname="ptolemy.util.test.junit.AutoTests" name="[41] /home/travis/build/icyphy/ptII/ptolemy/actor/lib/hoc/test/auto/MobileModelTest.xml (RunModel)" time="0.182" />
  <testcase classname="ptolemy.util.test.junit.AutoTests" name="[42] /home/travis/build/icyphy/ptII/ptolemy/actor/lib/hoc/test/auto/ModelReference.xml (RunModel)" time="0.081" />
  <testcase classname="ptolemy.util.test.junit.AutoTests" name="[43] /home/travis/build/icyphy/ptII/ptolemy/actor/lib/hoc/test/auto/ModelReference3.xml (RunModel)" time="0.05" />
  <testcase classname="ptolemy.util.test.junit.AutoTests" name="[44] /home/travis/build/icyphy/ptII/ptolemy/actor/lib/hoc/test/auto/ModelReference4.xml (RunModel)" time="10.04" />
  <testcase classname="ptolemy.util.test.junit.AutoTests" name="[45] /home/travis/build/icyphy/ptII/ptolemy/actor/lib/hoc/test/auto/MultiInstanceComposite.xml (RunModel)" time="0.072" />
  <testcase classname="ptolemy.util.test.junit.AutoTests" name="[46] /home/travis/build/icyphy/ptII/ptolemy/actor/lib/hoc/test/auto/MultiInstanceComposite2.xml (RunModel)" time="0.045" />
  <testcase classname="ptolemy.util.test.junit.AutoTests" name="[47] /home/travis/build/icyphy/ptII/ptolemy/actor/lib/hoc/test/auto/MulticoreExecution.xml (RunModel)" time="1.129" />
  <testcase classname="ptolemy.util.test.junit.AutoTests" name="[48] /home/travis/build/icyphy/ptII/ptolemy/actor/lib/hoc/test/auto/ParallelExecution.xml (RunModel)" time="0.939" />
  <testcase classname="ptolemy.util.test.junit.AutoTests" name="[49] /home/travis/build/icyphy/ptII/ptolemy/actor/lib/hoc/test/auto/RunCompositeActor.xml (RunModel)" time="0.024" />
  <testcase classname="ptolemy.util.test.junit.AutoTests" name="[50] /home/travis/build/icyphy/ptII/ptolemy/actor/lib/hoc/test/auto/RunCompositeActor2.xml (RunModel)" time="0.021" />
  <testcase classname="ptolemy.util.test.junit.AutoTests" name="[51] /home/travis/build/icyphy/ptII/ptolemy/actor/lib/hoc/test/auto/RunCompositeActor3.xml (RunModel)" time="0.018" />
  <testcase classname="ptolemy.util.test.junit.AutoTests" name="[52] /home/travis/build/icyphy/ptII/ptolemy/actor/lib/hoc/test/auto/RunCompositeActor4.xml (RunModel)" time="0.048" />
  <testcase classname="ptolemy.util.test.junit.AutoTests" name="[53] /home/travis/build/icyphy/ptII/ptolemy/actor/lib/hoc/test/auto/RunCompositeIterateOverArray.xml (RunModel)" time="0.029" />
  <testcase classname="ptolemy.util.test.junit.AutoTests" name="[54] /home/travis/build/icyphy/ptII/ptolemy/actor/lib/hoc/test/auto/ThreadedJS.xml (RunModel)" time="13.976" />
  <system-out><![CDATA[/home/travis/build/icyphy/ptII/ptolemy/actor/lib/hoc/test/IterateOverArray.tcl
testDefs.tcl: setting time out to 9000 seconds at Wed Aug 28 05:32:31 UTC 2019
08/28/19 05:32:32
Failed: 0  Total Tests: 2  ((Passed: 2, Newly Passed: 0)  Known Failed: 0) /home/travis/build/icyphy/ptII/ptolemy/actor/lib/hoc/test
----------------- testing (KnownFailure) /home/travis/build/icyphy/ptII/ptolemy/actor/lib/hoc/test/auto/knownFailedTests/PreinitializeMustBeInvokedRunComposite.xml
138 ms. Memory: 120832K Free: 79815K (66%)
Known Failure: java.lang.reflect.InvocationTargetException
No auto/linux-amd64/*.xml tests in /home/travis/build/icyphy/ptII/ptolemy/actor/lib/hoc/test
AutoTests.java: About to close Vertx.
AutoTests.java: Vertx closed.

===========================================================================================
----------------- testing Wed Aug 28 05:32:33 UTC 2019 /home/travis/build/icyphy/ptII/ptolemy/actor/lib/hoc/test/auto/AllToAllMultiInstanceComposite.xml
----------------- Instantiating /home/travis/build/icyphy/ptII/ptolemy/actor/lib/hoc/test/auto/AllToAllMultiInstanceComposite.xml
286 ms. Memory: 120832K Free: 91901K (76%)
----------------- Invoking toplevel() on ptolemy.moml.MoMLSimpleApplication@e7e645d
----------------- Done invoking toplevel() on ptolemy.moml.MoMLSimpleApplication@e7e645d
reloadAllAccessors: .AllToAllMultiInstanceComposite

===========================================================================================
----------------- testing Wed Aug 28 05:32:33 UTC 2019 /home/travis/build/icyphy/ptII/ptolemy/actor/lib/hoc/test/auto/ApplyFFTTest.xml
----------------- Instantiating /home/travis/build/icyphy/ptII/ptolemy/actor/lib/hoc/test/auto/ApplyFFTTest.xml
181 ms. Memory: 120832K Free: 94794K (78%)
----------------- Invoking toplevel() on ptolemy.moml.MoMLSimpleApplication@612e9793
----------------- Done invoking toplevel() on ptolemy.moml.MoMLSimpleApplication@612e9793
reloadAllAccessors: .ApplyFFTTest

===========================================================================================
----------------- testing Wed Aug 28 05:32:34 UTC 2019 /home/travis/build/icyphy/ptII/ptolemy/actor/lib/hoc/test/auto/ApplyFunction.xml
----------------- Instantiating /home/travis/build/icyphy/ptII/ptolemy/actor/lib/hoc/test/auto/ApplyFunction.xml
12 ms. Memory: 120832K Free: 91722K (76%)
----------------- Invoking toplevel() on ptolemy.moml.MoMLSimpleApplication@578ebe53
----------------- Done invoking toplevel() on ptolemy.moml.MoMLSimpleApplication@578ebe53
reloadAllAccessors: .ApplyFunction

===========================================================================================
----------------- testing Wed Aug 28 05:32:34 UTC 2019 /home/travis/build/icyphy/ptII/ptolemy/actor/lib/hoc/test/auto/BackgroundExecution.xml
----------------- Instantiating /home/travis/build/icyphy/ptII/ptolemy/actor/lib/hoc/test/auto/BackgroundExecution.xml
639 ms. Memory: 120832K Free: 84554K (70%)
----------------- Invoking toplevel() on ptolemy.moml.MoMLSimpleApplication@4ed8fe38
----------------- Done invoking toplevel() on ptolemy.moml.MoMLSimpleApplication@4ed8fe38
reloadAllAccessors: .BackgroundExecution

===========================================================================================
----------------- testing Wed Aug 28 05:32:35 UTC 2019 /home/travis/build/icyphy/ptII/ptolemy/actor/lib/hoc/test/auto/Case.xml
----------------- Instantiating /home/travis/build/icyphy/ptII/ptolemy/actor/lib/hoc/test/auto/Case.xml
17 ms. Memory: 120832K Free: 77777K (64%)
----------------- Invoking toplevel() on ptolemy.moml.MoMLSimpleApplication@64bfb8db
----------------- Done invoking toplevel() on ptolemy.moml.MoMLSimpleApplication@64bfb8db
reloadAllAccessors: .Case

===========================================================================================
----------------- testing Wed Aug 28 05:32:35 UTC 2019 /home/travis/build/icyphy/ptII/ptolemy/actor/lib/hoc/test/auto/Case1.xml
----------------- Instantiating /home/travis/build/icyphy/ptII/ptolemy/actor/lib/hoc/test/auto/Case1.xml
10 ms. Memory: 120832K Free: 102044K (84%)
----------------- Invoking toplevel() on ptolemy.moml.MoMLSimpleApplication@5cf4d790
----------------- Done invoking toplevel() on ptolemy.moml.MoMLSimpleApplication@5cf4d790
reloadAllAccessors: .Case1

===========================================================================================
----------------- testing Wed Aug 28 05:32:35 UTC 2019 /home/travis/build/icyphy/ptII/ptolemy/actor/lib/hoc/test/auto/Case2.xml
----------------- Instantiating /home/travis/build/icyphy/ptII/ptolemy/actor/lib/hoc/test/auto/Case2.xml
44 ms. Memory: 120832K Free: 91891K (76%)
----------------- Invoking toplevel() on ptolemy.moml.MoMLSimpleApplication@147bceaf
----------------- Done invoking toplevel() on ptolemy.moml.MoMLSimpleApplication@147bceaf
reloadAllAccessors: .Case2

===========================================================================================
----------------- testing Wed Aug 28 05:32:35 UTC 2019 /home/travis/build/icyphy/ptII/ptolemy/actor/lib/hoc/test/auto/Case3.xml
----------------- Instantiating /home/travis/build/icyphy/ptII/ptolemy/actor/lib/hoc/test/auto/Case3.xml
14 ms. Memory: 120832K Free: 86056K (71%)
----------------- Invoking toplevel() on ptolemy.moml.MoMLSimpleApplication@752d2f07
----------------- Done invoking toplevel() on ptolemy.moml.MoMLSimpleApplication@752d2f07
reloadAllAccessors: .Case3

===========================================================================================
----------------- testing Wed Aug 28 05:32:35 UTC 2019 /home/travis/build/icyphy/ptII/ptolemy/actor/lib/hoc/test/auto/Case4.xml
----------------- Instantiating /home/travis/build/icyphy/ptII/ptolemy/actor/lib/hoc/test/auto/Case4.xml
22 ms. Memory: 120832K Free: 78601K (65%)
----------------- Invoking toplevel() on ptolemy.moml.MoMLSimpleApplication@cdccafc
----------------- Done invoking toplevel() on ptolemy.moml.MoMLSimpleApplication@cdccafc
reloadAllAccessors: .Case4

===========================================================================================
----------------- testing Wed Aug 28 05:32:35 UTC 2019 /home/travis/build/icyphy/ptII/ptolemy/actor/lib/hoc/test/auto/Case5.xml
----------------- Instantiating /home/travis/build/icyphy/ptII/ptolemy/actor/lib/hoc/test/auto/Case5.xml
60 ms. Memory: 120832K Free: 72023K (60%)
----------------- Invoking toplevel() on ptolemy.moml.MoMLSimpleApplication@1139422a
----------------- Done invoking toplevel() on ptolemy.moml.MoMLSimpleApplication@1139422a
reloadAllAccessors: .junk

===========================================================================================
----------------- testing Wed Aug 28 05:32:35 UTC 2019 /home/travis/build/icyphy/ptII/ptolemy/actor/lib/hoc/test/auto/Case6.xml
----------------- Instantiating /home/travis/build/icyphy/ptII/ptolemy/actor/lib/hoc/test/auto/Case6.xml
55 ms. Memory: 145408K Free: 126863K (87%)
----------------- Invoking toplevel() on ptolemy.moml.MoMLSimpleApplication@2163b259
----------------- Done invoking toplevel() on ptolemy.moml.MoMLSimpleApplication@2163b259
reloadAllAccessors: .Case6

===========================================================================================
----------------- testing Wed Aug 28 05:32:35 UTC 2019 /home/travis/build/icyphy/ptII/ptolemy/actor/lib/hoc/test/auto/CaseString2.xml
----------------- Instantiating /home/travis/build/icyphy/ptII/ptolemy/actor/lib/hoc/test/auto/CaseString2.xml
18 ms. Memory: 145408K Free: 119383K (82%)
----------------- Invoking toplevel() on ptolemy.moml.MoMLSimpleApplication@66390df5
----------------- Done invoking toplevel() on ptolemy.moml.MoMLSimpleApplication@66390df5
reloadAllAccessors: .CaseString2

===========================================================================================
----------------- testing Wed Aug 28 05:32:35 UTC 2019 /home/travis/build/icyphy/ptII/ptolemy/actor/lib/hoc/test/auto/CatchUpComposite1.xml
----------------- Instantiating /home/travis/build/icyphy/ptII/ptolemy/actor/lib/hoc/test/auto/CatchUpComposite1.xml
46 ms. Memory: 145408K Free: 110479K (76%)
----------------- Invoking toplevel() on ptolemy.moml.MoMLSimpleApplication@108671ce
----------------- Done invoking toplevel() on ptolemy.moml.MoMLSimpleApplication@108671ce
reloadAllAccessors: .CatchUpComposite1

===========================================================================================
----------------- testing Wed Aug 28 05:32:35 UTC 2019 /home/travis/build/icyphy/ptII/ptolemy/actor/lib/hoc/test/auto/CatchUpComposite2.xml
----------------- Instantiating /home/travis/build/icyphy/ptII/ptolemy/actor/lib/hoc/test/auto/CatchUpComposite2.xml
11 ms. Memory: 145408K Free: 101975K (70%)
----------------- Invoking toplevel() on ptolemy.moml.MoMLSimpleApplication@6cee4e06
----------------- Done invoking toplevel() on ptolemy.moml.MoMLSimpleApplication@6cee4e06
reloadAllAccessors: .CatchUpComposite2

===========================================================================================
----------------- testing Wed Aug 28 05:32:35 UTC 2019 /home/travis/build/icyphy/ptII/ptolemy/actor/lib/hoc/test/auto/CatchUpComposite3.xml
----------------- Instantiating /home/travis/build/icyphy/ptII/ptolemy/actor/lib/hoc/test/auto/CatchUpComposite3.xml
28 ms. Memory: 145408K Free: 93426K (64%)
----------------- Invoking toplevel() on ptolemy.moml.MoMLSimpleApplication@1bae6629
----------------- Done invoking toplevel() on ptolemy.moml.MoMLSimpleApplication@1bae6629
reloadAllAccessors: .CatchUpComposite3

===========================================================================================
----------------- testing Wed Aug 28 05:32:35 UTC 2019 /home/travis/build/icyphy/ptII/ptolemy/actor/lib/hoc/test/auto/CatchUpComposite4.xml
----------------- Instantiating /home/travis/build/icyphy/ptII/ptolemy/actor/lib/hoc/test/auto/CatchUpComposite4.xml
13 ms. Memory: 145408K Free: 85849K (59%)
----------------- Invoking toplevel() on ptolemy.moml.MoMLSimpleApplication@58537ca
----------------- Done invoking toplevel() on ptolemy.moml.MoMLSimpleApplication@58537ca
reloadAllAccessors: .CatchUpComposite4

===========================================================================================
----------------- testing Wed Aug 28 05:32:35 UTC 2019 /home/travis/build/icyphy/ptII/ptolemy/actor/lib/hoc/test/auto/CatchUpComposite5.xml
----------------- Instantiating /home/travis/build/icyphy/ptII/ptolemy/actor/lib/hoc/test/auto/CatchUpComposite5.xml
18 ms. Memory: 145408K Free: 78423K (54%)
----------------- Invoking toplevel() on ptolemy.moml.MoMLSimpleApplication@21e75f8e
----------------- Done invoking toplevel() on ptolemy.moml.MoMLSimpleApplication@21e75f8e
reloadAllAccessors: .CatchUpComposite5

===========================================================================================
----------------- testing Wed Aug 28 05:32:36 UTC 2019 /home/travis/build/icyphy/ptII/ptolemy/actor/lib/hoc/test/auto/CatchUpComposite6.xml
----------------- Instantiating /home/travis/build/icyphy/ptII/ptolemy/actor/lib/hoc/test/auto/CatchUpComposite6.xml
WARNING: The execution aspects in this model can influence the timing of actors by delaying the 
execution, potentially changing the behavior. There is no guarantee that actors fire at the 
time they request to be fired. 
Use Ptides for deterministic DE behavior that is not influenced by execution aspects. 

114 ms. Memory: 145408K Free: 116752K (80%)
----------------- Invoking toplevel() on ptolemy.moml.MoMLSimpleApplication@5b181898
----------------- Done invoking toplevel() on ptolemy.moml.MoMLSimpleApplication@5b181898
reloadAllAccessors: .CatchUpComposite6

===========================================================================================
----------------- testing Wed Aug 28 05:32:36 UTC 2019 /home/travis/build/icyphy/ptII/ptolemy/actor/lib/hoc/test/auto/CatchUpComposite7.xml
----------------- Instantiating /home/travis/build/icyphy/ptII/ptolemy/actor/lib/hoc/test/auto/CatchUpComposite7.xml
WARNING: The execution aspects in this model can influence the timing of actors by delaying the 
execution, potentially changing the behavior. There is no guarantee that actors fire at the 
time they request to be fired. 
Use Ptides for deterministic DE behavior that is not influenced by execution aspects. 

29 ms. Memory: 145408K Free: 103024K (71%)
----------------- Invoking toplevel() on ptolemy.moml.MoMLSimpleApplication@4853347e
----------------- Done invoking toplevel() on ptolemy.moml.MoMLSimpleApplication@4853347e
reloadAllAccessors: .CatchUpComposite7

===========================================================================================
----------------- testing Wed Aug 28 05:32:36 UTC 2019 /home/travis/build/icyphy/ptII/ptolemy/actor/lib/hoc/test/auto/ConcurrentExecutionTimeSDF.xml
----------------- Instantiating /home/travis/build/icyphy/ptII/ptolemy/actor/lib/hoc/test/auto/ConcurrentExecutionTimeSDF.xml
Fired ExecutionTime: 40400000
Fired ExecutionTime: 40400000
Fired ExecutionTime: 40400000
Fired ExecutionTime: 40400000
Fired ExecutionTime: 40400000
Fired ExecutionTime: 40400000
Fired ExecutionTime: 40400000
Fired ExecutionTime: 40400000
Fired ExecutionTime: 40400000
Fired ExecutionTime: 40400000
Fired ExecutionTime: 40400000
Fired ExecutionTime: 40400000
Fired ExecutionTime: 40400000
Fired ExecutionTime: 40400000
Fired ExecutionTime: 40400000
Fired ExecutionTime: 40400000
Fired ExecutionTime: 40400000
Fired ExecutionTime: 40400000
Fired ExecutionTime: 40400000
Fired ExecutionTime: 40400000
1333 ms. Memory: 145408K Free: 96272K (66%)
----------------- Invoking toplevel() on ptolemy.moml.MoMLSimpleApplication@5c7113a9
----------------- Done invoking toplevel() on ptolemy.moml.MoMLSimpleApplication@5c7113a9
reloadAllAccessors: .ConcurrentExecutionTimeSDF

===========================================================================================
----------------- testing Wed Aug 28 05:32:37 UTC 2019 /home/travis/build/icyphy/ptII/ptolemy/actor/lib/hoc/test/auto/ConcurrentSleep.xml
----------------- Instantiating /home/travis/build/icyphy/ptII/ptolemy/actor/lib/hoc/test/auto/ConcurrentSleep.xml
736 ms. Memory: 145408K Free: 85616K (59%)
----------------- Invoking toplevel() on ptolemy.moml.MoMLSimpleApplication@3bfc2a7b
----------------- Done invoking toplevel() on ptolemy.moml.MoMLSimpleApplication@3bfc2a7b
reloadAllAccessors: .ConcurrentSleep

===========================================================================================
----------------- testing Wed Aug 28 05:32:38 UTC 2019 /home/travis/build/icyphy/ptII/ptolemy/actor/lib/hoc/test/auto/DEInPNInRunCompositeActor.xml
----------------- Instantiating /home/travis/build/icyphy/ptII/ptolemy/actor/lib/hoc/test/auto/DEInPNInRunCompositeActor.xml
15 ms. Memory: 145408K Free: 80307K (55%)
----------------- Invoking toplevel() on ptolemy.moml.MoMLSimpleApplication@72d6212b
----------------- Done invoking toplevel() on ptolemy.moml.MoMLSimpleApplication@72d6212b
reloadAllAccessors: .DEInPNInRunCompositeActor

===========================================================================================
----------------- testing Wed Aug 28 05:32:38 UTC 2019 /home/travis/build/icyphy/ptII/ptolemy/actor/lib/hoc/test/auto/DFTSubSetTest.xml
----------------- Instantiating /home/travis/build/icyphy/ptII/ptolemy/actor/lib/hoc/test/auto/DFTSubSetTest.xml
230 ms. Memory: 145408K Free: 99910K (69%)
----------------- Invoking toplevel() on ptolemy.moml.MoMLSimpleApplication@2f032e0f
----------------- Done invoking toplevel() on ptolemy.moml.MoMLSimpleApplication@2f032e0f
reloadAllAccessors: .DFTSubSetTest

===========================================================================================
----------------- testing Wed Aug 28 05:32:38 UTC 2019 /home/travis/build/icyphy/ptII/ptolemy/actor/lib/hoc/test/auto/HocDE.xml
----------------- Instantiating /home/travis/build/icyphy/ptII/ptolemy/actor/lib/hoc/test/auto/HocDE.xml
165 ms. Memory: 145408K Free: 74870K (51%)
----------------- Invoking toplevel() on ptolemy.moml.MoMLSimpleApplication@3a4d3518
----------------- Done invoking toplevel() on ptolemy.moml.MoMLSimpleApplication@3a4d3518
reloadAllAccessors: .HocDE

===========================================================================================
----------------- testing Wed Aug 28 05:32:39 UTC 2019 /home/travis/build/icyphy/ptII/ptolemy/actor/lib/hoc/test/auto/IterateOverArray.xml
----------------- Instantiating /home/travis/build/icyphy/ptII/ptolemy/actor/lib/hoc/test/auto/IterateOverArray.xml
6 ms. Memory: 145408K Free: 70752K (49%)
----------------- Invoking toplevel() on ptolemy.moml.MoMLSimpleApplication@5f06cc60
----------------- Done invoking toplevel() on ptolemy.moml.MoMLSimpleApplication@5f06cc60
reloadAllAccessors: .IterateOverArray

===========================================================================================
----------------- testing Wed Aug 28 05:32:39 UTC 2019 /home/travis/build/icyphy/ptII/ptolemy/actor/lib/hoc/test/auto/IterateOverArray10.xml
----------------- Instantiating /home/travis/build/icyphy/ptII/ptolemy/actor/lib/hoc/test/auto/IterateOverArray10.xml
6 ms. Memory: 145408K Free: 67672K (47%)
----------------- Invoking toplevel() on ptolemy.moml.MoMLSimpleApplication@7af3d246
----------------- Done invoking toplevel() on ptolemy.moml.MoMLSimpleApplication@7af3d246
reloadAllAccessors: .IterateOverArray10

===========================================================================================
----------------- testing Wed Aug 28 05:32:39 UTC 2019 /home/travis/build/icyphy/ptII/ptolemy/actor/lib/hoc/test/auto/IterateOverArray11.xml
----------------- Instantiating /home/travis/build/icyphy/ptII/ptolemy/actor/lib/hoc/test/auto/IterateOverArray11.xml
8 ms. Memory: 145408K Free: 63568K (44%)
----------------- Invoking toplevel() on ptolemy.moml.MoMLSimpleApplication@7512fbe1
----------------- Done invoking toplevel() on ptolemy.moml.MoMLSimpleApplication@7512fbe1
reloadAllAccessors: .IterateOverArray11

===========================================================================================
----------------- testing Wed Aug 28 05:32:39 UTC 2019 /home/travis/build/icyphy/ptII/ptolemy/actor/lib/hoc/test/auto/IterateOverArray12.xml
----------------- Instantiating /home/travis/build/icyphy/ptII/ptolemy/actor/lib/hoc/test/auto/IterateOverArray12.xml
28 ms. Memory: 145408K Free: 127731K (88%)
----------------- Invoking toplevel() on ptolemy.moml.MoMLSimpleApplication@65fb26a3
----------------- Done invoking toplevel() on ptolemy.moml.MoMLSimpleApplication@65fb26a3
reloadAllAccessors: .IterateOverArray12

===========================================================================================
----------------- testing Wed Aug 28 05:32:39 UTC 2019 /home/travis/build/icyphy/ptII/ptolemy/actor/lib/hoc/test/auto/IterateOverArray13.xml
----------------- Instantiating /home/travis/build/icyphy/ptII/ptolemy/actor/lib/hoc/test/auto/IterateOverArray13.xml
91 ms. Memory: 145408K Free: 98035K (67%)
----------------- Invoking toplevel() on ptolemy.moml.MoMLSimpleApplication@9fe5e6f
----------------- Done invoking toplevel() on ptolemy.moml.MoMLSimpleApplication@9fe5e6f
reloadAllAccessors: .IterateOverArray13

===========================================================================================
----------------- testing Wed Aug 28 05:32:39 UTC 2019 /home/travis/build/icyphy/ptII/ptolemy/actor/lib/hoc/test/auto/IterateOverArray14.xml
----------------- Instantiating /home/travis/build/icyphy/ptII/ptolemy/actor/lib/hoc/test/auto/IterateOverArray14.xml
88 ms. Memory: 145408K Free: 64243K (44%)
----------------- Invoking toplevel() on ptolemy.moml.MoMLSimpleApplication@6c224a8a
----------------- Done invoking toplevel() on ptolemy.moml.MoMLSimpleApplication@6c224a8a
reloadAllAccessors: .IterateOverArray14

===========================================================================================
----------------- testing Wed Aug 28 05:32:39 UTC 2019 /home/travis/build/icyphy/ptII/ptolemy/actor/lib/hoc/test/auto/IterateOverArray2.xml
----------------- Instantiating /home/travis/build/icyphy/ptII/ptolemy/actor/lib/hoc/test/auto/IterateOverArray2.xml
14 ms. Memory: 145408K Free: 59637K (41%)
----------------- Invoking toplevel() on ptolemy.moml.MoMLSimpleApplication@3c9d75f4
----------------- Done invoking toplevel() on ptolemy.moml.MoMLSimpleApplication@3c9d75f4
reloadAllAccessors: .IterateOverArray2

===========================================================================================
----------------- testing Wed Aug 28 05:32:39 UTC 2019 /home/travis/build/icyphy/ptII/ptolemy/actor/lib/hoc/test/auto/IterateOverArray3.xml
----------------- Instantiating /home/travis/build/icyphy/ptII/ptolemy/actor/lib/hoc/test/auto/IterateOverArray3.xml
19 ms. Memory: 145408K Free: 54003K (37%)
----------------- Invoking toplevel() on ptolemy.moml.MoMLSimpleApplication@3754bb
----------------- Done invoking toplevel() on ptolemy.moml.MoMLSimpleApplication@3754bb
reloadAllAccessors: .IterateOverArray3

===========================================================================================
----------------- testing Wed Aug 28 05:32:39 UTC 2019 /home/travis/build/icyphy/ptII/ptolemy/actor/lib/hoc/test/auto/IterateOverArray4.xml
----------------- Instantiating /home/travis/build/icyphy/ptII/ptolemy/actor/lib/hoc/test/auto/IterateOverArray4.xml
5 ms. Memory: 145408K Free: 49907K (34%)
----------------- Invoking toplevel() on ptolemy.moml.MoMLSimpleApplication@7ea49c04
----------------- Done invoking toplevel() on ptolemy.moml.MoMLSimpleApplication@7ea49c04
reloadAllAccessors: .IterateOverArray4

===========================================================================================
----------------- testing Wed Aug 28 05:32:39 UTC 2019 /home/travis/build/icyphy/ptII/ptolemy/actor/lib/hoc/test/auto/IterateOverArray5.xml
----------------- Instantiating /home/travis/build/icyphy/ptII/ptolemy/actor/lib/hoc/test/auto/IterateOverArray5.xml
14 ms. Memory: 145408K Free: 130829K (90%)
----------------- Invoking toplevel() on ptolemy.moml.MoMLSimpleApplication@4a6ed434
----------------- Done invoking toplevel() on ptolemy.moml.MoMLSimpleApplication@4a6ed434
reloadAllAccessors: .IterateOverArray5

===========================================================================================
----------------- testing Wed Aug 28 05:32:39 UTC 2019 /home/travis/build/icyphy/ptII/ptolemy/actor/lib/hoc/test/auto/IterateOverArray6.xml
----------------- Instantiating /home/travis/build/icyphy/ptII/ptolemy/actor/lib/hoc/test/auto/IterateOverArray6.xml
3 ms. Memory: 145408K Free: 127257K (88%)
----------------- Invoking toplevel() on ptolemy.moml.MoMLSimpleApplication@7cf9c442
----------------- Done invoking toplevel() on ptolemy.moml.MoMLSimpleApplication@7cf9c442
reloadAllAccessors: .IterateOverArray6

===========================================================================================
----------------- testing Wed Aug 28 05:32:39 UTC 2019 /home/travis/build/icyphy/ptII/ptolemy/actor/lib/hoc/test/auto/IterateOverArray7.xml
----------------- Instantiating /home/travis/build/icyphy/ptII/ptolemy/actor/lib/hoc/test/auto/IterateOverArray7.xml
12 ms. Memory: 145408K Free: 122647K (84%)
----------------- Invoking toplevel() on ptolemy.moml.MoMLSimpleApplication@5287f819
----------------- Done invoking toplevel() on ptolemy.moml.MoMLSimpleApplication@5287f819
reloadAllAccessors: .IterateOverArray7

===========================================================================================
----------------- testing Wed Aug 28 05:32:39 UTC 2019 /home/travis/build/icyphy/ptII/ptolemy/actor/lib/hoc/test/auto/IterateOverArray8.xml
----------------- Instantiating /home/travis/build/icyphy/ptII/ptolemy/actor/lib/hoc/test/auto/IterateOverArray8.xml
5 ms. Memory: 145408K Free: 118551K (82%)
----------------- Invoking toplevel() on ptolemy.moml.MoMLSimpleApplication@6a20c9c9
----------------- Done invoking toplevel() on ptolemy.moml.MoMLSimpleApplication@6a20c9c9
reloadAllAccessors: .IterateOverArray8

===========================================================================================
----------------- testing Wed Aug 28 05:32:39 UTC 2019 /home/travis/build/icyphy/ptII/ptolemy/actor/lib/hoc/test/auto/IterateOverArray9.xml
----------------- Instantiating /home/travis/build/icyphy/ptII/ptolemy/actor/lib/hoc/test/auto/IterateOverArray9.xml
7 ms. Memory: 145408K Free: 114437K (79%)
----------------- Invoking toplevel() on ptolemy.moml.MoMLSimpleApplication@539c8dcf
----------------- Done invoking toplevel() on ptolemy.moml.MoMLSimpleApplication@539c8dcf
reloadAllAccessors: .IterateOverArray9

===========================================================================================
----------------- testing Wed Aug 28 05:32:39 UTC 2019 /home/travis/build/icyphy/ptII/ptolemy/actor/lib/hoc/test/auto/IterateOverArrayCoercedOutputType.xml
----------------- Instantiating /home/travis/build/icyphy/ptII/ptolemy/actor/lib/hoc/test/auto/IterateOverArrayCoercedOutputType.xml
3 ms. Memory: 145408K Free: 109335K (75%)
----------------- Invoking toplevel() on ptolemy.moml.MoMLSimpleApplication@34691afc
----------------- Done invoking toplevel() on ptolemy.moml.MoMLSimpleApplication@34691afc
reloadAllAccessors: .IterateOverArrayCoercedOutputType

===========================================================================================
----------------- testing Wed Aug 28 05:32:39 UTC 2019 /home/travis/build/icyphy/ptII/ptolemy/actor/lib/hoc/test/auto/IterateOverArrayInferredOutputType.xml
----------------- Instantiating /home/travis/build/icyphy/ptII/ptolemy/actor/lib/hoc/test/auto/IterateOverArrayInferredOutputType.xml
8 ms. Memory: 145408K Free: 104729K (72%)
----------------- Invoking toplevel() on ptolemy.moml.MoMLSimpleApplication@4ecf4e29
----------------- Done invoking toplevel() on ptolemy.moml.MoMLSimpleApplication@4ecf4e29
reloadAllAccessors: .IterateOverArrayInferredOutputType

===========================================================================================
----------------- testing Wed Aug 28 05:32:39 UTC 2019 /home/travis/build/icyphy/ptII/ptolemy/actor/lib/hoc/test/auto/MobileFunctionTest.xml
----------------- Instantiating /home/travis/build/icyphy/ptII/ptolemy/actor/lib/hoc/test/auto/MobileFunctionTest.xml
5 ms. Memory: 145408K Free: 100089K (69%)
----------------- Invoking toplevel() on ptolemy.moml.MoMLSimpleApplication@468fe98b
----------------- Done invoking toplevel() on ptolemy.moml.MoMLSimpleApplication@468fe98b
reloadAllAccessors: .MobileFunctionTest

===========================================================================================
----------------- testing Wed Aug 28 05:32:40 UTC 2019 /home/travis/build/icyphy/ptII/ptolemy/actor/lib/hoc/test/auto/MobileModelTest.xml
----------------- Instantiating /home/travis/build/icyphy/ptII/ptolemy/actor/lib/hoc/test/auto/MobileModelTest.xml
149 ms. Memory: 145408K Free: 79129K (54%)
----------------- Invoking toplevel() on ptolemy.moml.MoMLSimpleApplication@5b827a14
----------------- Done invoking toplevel() on ptolemy.moml.MoMLSimpleApplication@5b827a14
reloadAllAccessors: .MobileModelTest

===========================================================================================
----------------- testing Wed Aug 28 05:32:40 UTC 2019 /home/travis/build/icyphy/ptII/ptolemy/actor/lib/hoc/test/auto/ModelReference.xml
----------------- Instantiating /home/travis/build/icyphy/ptII/ptolemy/actor/lib/hoc/test/auto/ModelReference.xml
4 ms. Memory: 145408K Free: 72471K (50%)
6 ms. Memory: 145408K Free: 71961K (49%)
2 ms. Memory: 145408K Free: 70937K (49%)
3 ms. Memory: 145408K Free: 70393K (48%)
2 ms. Memory: 145408K Free: 69385K (48%)
2 ms. Memory: 145408K Free: 68375K (47%)
2 ms. Memory: 145408K Free: 67865K (47%)
2 ms. Memory: 145408K Free: 66841K (46%)
3 ms. Memory: 145408K Free: 65817K (45%)
2 ms. Memory: 145408K Free: 65303K (45%)
39 ms. Memory: 145408K Free: 65303K (45%)
----------------- Invoking toplevel() on ptolemy.moml.MoMLSimpleApplication@9dae6d3
----------------- Done invoking toplevel() on ptolemy.moml.MoMLSimpleApplication@9dae6d3
reloadAllAccessors: .ModelReference

===========================================================================================
----------------- testing Wed Aug 28 05:32:40 UTC 2019 /home/travis/build/icyphy/ptII/ptolemy/actor/lib/hoc/test/auto/ModelReference3.xml
----------------- Instantiating /home/travis/build/icyphy/ptII/ptolemy/actor/lib/hoc/test/auto/ModelReference3.xml
2 ms. Memory: 145408K Free: 60697K (42%)
4 ms. Memory: 145408K Free: 60169K (41%)
3 ms. Memory: 145408K Free: 59159K (41%)
5 ms. Memory: 145408K Free: 58649K (40%)
3 ms. Memory: 145408K Free: 57625K (40%)
1 ms. Memory: 145408K Free: 57081K (39%)
3 ms. Memory: 145408K Free: 56073K (39%)
2 ms. Memory: 145408K Free: 55063K (38%)
2 ms. Memory: 145408K Free: 54553K (38%)
1 ms. Memory: 145408K Free: 53529K (37%)
37 ms. Memory: 145408K Free: 53529K (37%)
----------------- Invoking toplevel() on ptolemy.moml.MoMLSimpleApplication@72e489c4
----------------- Done invoking toplevel() on ptolemy.moml.MoMLSimpleApplication@72e489c4
reloadAllAccessors: .ModelReference3

===========================================================================================
----------------- testing Wed Aug 28 05:32:40 UTC 2019 /home/travis/build/icyphy/ptII/ptolemy/actor/lib/hoc/test/auto/ModelReference4.xml
----------------- Instantiating /home/travis/build/icyphy/ptII/ptolemy/actor/lib/hoc/test/auto/ModelReference4.xml
2 ms. Memory: 145408K Free: 48905K (34%)
3 ms. Memory: 145408K Free: 47385K (33%)
2 ms. Memory: 145408K Free: 46361K (32%)
2 ms. Memory: 145408K Free: 130057K (89%)
2 ms. Memory: 145408K Free: 129200K (89%)
3 ms. Memory: 145408K Free: 128009K (88%)
2 ms. Memory: 145408K Free: 127152K (87%)
2 ms. Memory: 145408K Free: 126128K (87%)
3 ms. Memory: 145408K Free: 125073K (86%)
2 ms. Memory: 145408K Free: 123913K (85%)
10026 ms. Memory: 145408K Free: 123911K (85%)
----------------- Invoking toplevel() on ptolemy.moml.MoMLSimpleApplication@5ef3bfce
----------------- Done invoking toplevel() on ptolemy.moml.MoMLSimpleApplication@5ef3bfce
reloadAllAccessors: .ModelReference4

===========================================================================================
----------------- testing Wed Aug 28 05:32:50 UTC 2019 /home/travis/build/icyphy/ptII/ptolemy/actor/lib/hoc/test/auto/MultiInstanceComposite.xml
----------------- Instantiating /home/travis/build/icyphy/ptII/ptolemy/actor/lib/hoc/test/auto/MultiInstanceComposite.xml
34 ms. Memory: 145408K Free: 104610K (72%)
----------------- Invoking toplevel() on ptolemy.moml.MoMLSimpleApplication@66ba4bba
----------------- Done invoking toplevel() on ptolemy.moml.MoMLSimpleApplication@66ba4bba
reloadAllAccessors: .MultiInstanceComposite

===========================================================================================
----------------- testing Wed Aug 28 05:32:50 UTC 2019 /home/travis/build/icyphy/ptII/ptolemy/actor/lib/hoc/test/auto/MultiInstanceComposite2.xml
----------------- Instantiating /home/travis/build/icyphy/ptII/ptolemy/actor/lib/hoc/test/auto/MultiInstanceComposite2.xml
21 ms. Memory: 145408K Free: 93344K (64%)
----------------- Invoking toplevel() on ptolemy.moml.MoMLSimpleApplication@855e16d
----------------- Done invoking toplevel() on ptolemy.moml.MoMLSimpleApplication@855e16d
reloadAllAccessors: .MultiInstanceComposite2

===========================================================================================
----------------- testing Wed Aug 28 05:32:50 UTC 2019 /home/travis/build/icyphy/ptII/ptolemy/actor/lib/hoc/test/auto/MulticoreExecution.xml
----------------- Instantiating /home/travis/build/icyphy/ptII/ptolemy/actor/lib/hoc/test/auto/MulticoreExecution.xml
Fired ExecutionTime: 2000000
Fired ExecutionTime: 3200000
Fired ExecutionTime: 2400000
Fired ExecutionTime: 2400000
Fired ExecutionTime: 46800000
Fired ExecutionTime: 78000000
Fired ExecutionTime: 75200000
Fired ExecutionTime: 88400000
Fired ExecutionTime: 131200000
Fired ExecutionTime: 137200000
Fired ExecutionTime: 161600000
Fired ExecutionTime: 162400000
Fired ExecutionTime: 86400000
Fired ExecutionTime: 87600000
Fired ExecutionTime: 92400000
Fired ExecutionTime: 52800000
Fired ExecutionTime: 50800000
Fired ExecutionTime: 42000000
Fired ExecutionTime: 65600000
Fired ExecutionTime: 47200000
1102 ms. Memory: 145408K Free: 84579K (58%)
----------------- Invoking toplevel() on ptolemy.moml.MoMLSimpleApplication@795d0587
----------------- Done invoking toplevel() on ptolemy.moml.MoMLSimpleApplication@795d0587
reloadAllAccessors: .MulticoreExecution

===========================================================================================
----------------- testing Wed Aug 28 05:32:51 UTC 2019 /home/travis/build/icyphy/ptII/ptolemy/actor/lib/hoc/test/auto/ParallelExecution.xml
----------------- Instantiating /home/travis/build/icyphy/ptII/ptolemy/actor/lib/hoc/test/auto/ParallelExecution.xml
920 ms. Memory: 145408K Free: 76992K (53%)
----------------- Invoking toplevel() on ptolemy.moml.MoMLSimpleApplication@47e57789
----------------- Done invoking toplevel() on ptolemy.moml.MoMLSimpleApplication@47e57789
reloadAllAccessors: .ParallelExecution

===========================================================================================
----------------- testing Wed Aug 28 05:32:52 UTC 2019 /home/travis/build/icyphy/ptII/ptolemy/actor/lib/hoc/test/auto/RunCompositeActor.xml
----------------- Instantiating /home/travis/build/icyphy/ptII/ptolemy/actor/lib/hoc/test/auto/RunCompositeActor.xml
8 ms. Memory: 145408K Free: 69794K (48%)
----------------- Invoking toplevel() on ptolemy.moml.MoMLSimpleApplication@3fb27d2
----------------- Done invoking toplevel() on ptolemy.moml.MoMLSimpleApplication@3fb27d2
reloadAllAccessors: .RunCompositeActor

===========================================================================================
----------------- testing Wed Aug 28 05:32:52 UTC 2019 /home/travis/build/icyphy/ptII/ptolemy/actor/lib/hoc/test/auto/RunCompositeActor2.xml
----------------- Instantiating /home/travis/build/icyphy/ptII/ptolemy/actor/lib/hoc/test/auto/RunCompositeActor2.xml
4 ms. Memory: 145408K Free: 63593K (44%)
----------------- Invoking toplevel() on ptolemy.moml.MoMLSimpleApplication@4f8a45b3
----------------- Done invoking toplevel() on ptolemy.moml.MoMLSimpleApplication@4f8a45b3
reloadAllAccessors: .RunCompositeActor2

===========================================================================================
----------------- testing Wed Aug 28 05:32:52 UTC 2019 /home/travis/build/icyphy/ptII/ptolemy/actor/lib/hoc/test/auto/RunCompositeActor3.xml
----------------- Instantiating /home/travis/build/icyphy/ptII/ptolemy/actor/lib/hoc/test/auto/RunCompositeActor3.xml
4 ms. Memory: 145408K Free: 58377K (40%)
----------------- Invoking toplevel() on ptolemy.moml.MoMLSimpleApplication@37d88eff
----------------- Done invoking toplevel() on ptolemy.moml.MoMLSimpleApplication@37d88eff
reloadAllAccessors: .RunCompositeActor3

===========================================================================================
----------------- testing Wed Aug 28 05:32:52 UTC 2019 /home/travis/build/icyphy/ptII/ptolemy/actor/lib/hoc/test/auto/RunCompositeActor4.xml
----------------- Instantiating /home/travis/build/icyphy/ptII/ptolemy/actor/lib/hoc/test/auto/RunCompositeActor4.xml
13 ms. Memory: 145408K Free: 50330K (35%)
----------------- Invoking toplevel() on ptolemy.moml.MoMLSimpleApplication@3158e54a
----------------- Done invoking toplevel() on ptolemy.moml.MoMLSimpleApplication@3158e54a
reloadAllAccessors: .RunCompositeActor4

===========================================================================================
----------------- testing Wed Aug 28 05:32:52 UTC 2019 /home/travis/build/icyphy/ptII/ptolemy/actor/lib/hoc/test/auto/RunCompositeIterateOverArray.xml
----------------- Instantiating /home/travis/build/icyphy/ptII/ptolemy/actor/lib/hoc/test/auto/RunCompositeIterateOverArray.xml
4 ms. Memory: 145408K Free: 128499K (88%)
----------------- Invoking toplevel() on ptolemy.moml.MoMLSimpleApplication@42d7adb5
----------------- Done invoking toplevel() on ptolemy.moml.MoMLSimpleApplication@42d7adb5
reloadAllAccessors: .RunCompositeIterateOverArray

===========================================================================================
----------------- testing Wed Aug 28 05:32:52 UTC 2019 /home/travis/build/icyphy/ptII/ptolemy/actor/lib/hoc/test/auto/ThreadedJS.xml
----------------- Instantiating /home/travis/build/icyphy/ptII/ptolemy/actor/lib/hoc/test/auto/ThreadedJS.xml
6378 ms. Memory: 210944K Free: 132275K (63%)
----------------- Invoking toplevel() on ptolemy.moml.MoMLSimpleApplication@78e6fb0a
----------------- Done invoking toplevel() on ptolemy.moml.MoMLSimpleApplication@78e6fb0a
reloadAllAccessors: .ThreadedJS
AutoTests.java: About to close Vertx.
AutoTests.java: Vertx closed.
]]></system-out>
  <system-err><![CDATA[java.lang.RuntimeException: Execution failed
	at ptolemy.moml.MoMLSimpleApplication$UnloadThread.run(MoMLSimpleApplication.java:402)
Caused by: ptolemy.kernel.util.IllegalActionException: initialize() was called after wrapup() was called but preinitialize() was not called after wrapup().
	at ptolemy.actor.lib.hoc.test.PreinitializeMustBeInvoked.initialize(PreinitializeMustBeInvoked.java:78)
	at ptolemy.actor.Director.initialize(Director.java:938)
	at ptolemy.actor.Director.initialize(Director.java:907)
	at ptolemy.actor.sched.StaticSchedulingDirector.initialize(StaticSchedulingDirector.java:159)
	at ptolemy.domains.sdf.kernel.SDFDirector.initialize(SDFDirector.java:544)
	at ptolemy.actor.CompositeActor.initialize(CompositeActor.java:935)
	at ptolemy.actor.lib.hoc.LifeCycleManager._executeInsideModel(LifeCycleManager.java:339)
	at ptolemy.actor.lib.hoc.RunCompositeActor.fire(RunCompositeActor.java:205)
	at ptolemy.actor.CompositeActor.iterate(CompositeActor.java:1146)
	at ptolemy.actor.sched.StaticSchedulingDirector.fire(StaticSchedulingDirector.java:216)
	at ptolemy.domains.sdf.kernel.SDFDirector.fire(SDFDirector.java:500)
	at ptolemy.actor.CompositeActor.fire(CompositeActor.java:455)
	at ptolemy.actor.Manager.iterate(Manager.java:851)
	at ptolemy.actor.Manager.execute(Manager.java:369)
	at ptolemy.actor.Manager.run(Manager.java:1263)
	at ptolemy.actor.Manager$PtolemyRunThread.run(Manager.java:1933)
java.lang.reflect.InvocationTargetException
	at java.base/jdk.internal.reflect.NativeConstructorAccessorImpl.newInstance0(Native Method)
	at java.base/jdk.internal.reflect.NativeConstructorAccessorImpl.newInstance(NativeConstructorAccessorImpl.java:62)
	at java.base/jdk.internal.reflect.DelegatingConstructorAccessorImpl.newInstance(DelegatingConstructorAccessorImpl.java:45)
	at java.base/java.lang.reflect.Constructor.newInstance(Constructor.java:490)
	at ptolemy.util.test.junit.AutoKnownFailedTests.RunModel(AutoKnownFailedTests.java:105)
	at java.base/jdk.internal.reflect.NativeMethodAccessorImpl.invoke0(Native Method)
	at java.base/jdk.internal.reflect.NativeMethodAccessorImpl.invoke(NativeMethodAccessorImpl.java:62)
	at java.base/jdk.internal.reflect.DelegatingMethodAccessorImpl.invoke(DelegatingMethodAccessorImpl.java:43)
	at java.base/java.lang.reflect.Method.invoke(Method.java:566)
	at org.junit.runners.model.FrameworkMethod$1.runReflectiveCall(FrameworkMethod.java:44)
	at org.junit.internal.runners.model.ReflectiveCallable.run(ReflectiveCallable.java:15)
	at org.junit.runners.model.FrameworkMethod.invokeExplosively(FrameworkMethod.java:41)
	at junitparams.internal.InvokeParameterisedMethod.evaluate(InvokeParameterisedMethod.java:102)
	at org.junit.internal.runners.statements.FailOnTimeout$1.run(FailOnTimeout.java:28)
Caused by: ptolemy.kernel.util.IllegalActionException: initialize() was called after wrapup() was called but preinitialize() was not called after wrapup().
	at ptolemy.actor.lib.hoc.test.PreinitializeMustBeInvoked.initialize(PreinitializeMustBeInvoked.java:78)
	at ptolemy.actor.Director.initialize(Director.java:938)
	at ptolemy.actor.Director.initialize(Director.java:907)
	at ptolemy.actor.sched.StaticSchedulingDirector.initialize(StaticSchedulingDirector.java:159)
	at ptolemy.domains.sdf.kernel.SDFDirector.initialize(SDFDirector.java:544)
	at ptolemy.actor.CompositeActor.initialize(CompositeActor.java:935)
	at ptolemy.actor.lib.hoc.LifeCycleManager._executeInsideModel(LifeCycleManager.java:339)
	at ptolemy.actor.lib.hoc.RunCompositeActor.fire(RunCompositeActor.java:205)
	at ptolemy.actor.CompositeActor.iterate(CompositeActor.java:1146)
	at ptolemy.actor.sched.StaticSchedulingDirector.fire(StaticSchedulingDirector.java:216)
	at ptolemy.domains.sdf.kernel.SDFDirector.fire(SDFDirector.java:500)
	at ptolemy.actor.CompositeActor.fire(CompositeActor.java:455)
	at ptolemy.actor.Manager.iterate(Manager.java:851)
	at ptolemy.actor.Manager.execute(Manager.java:369)
	at ptolemy.actor.Manager.run(Manager.java:1263)
	at ptolemy.actor.Manager$PtolemyRunThread.run(Manager.java:1933)
Warning: Nashorn engine is planned to be removed from a future JDK release
Warning: Nashorn engine is planned to be removed from a future JDK release
Warning: Nashorn engine is planned to be removed from a future JDK release
Warning: Nashorn engine is planned to be removed from a future JDK release
Warning: Nashorn engine is planned to be removed from a future JDK release
Warning: Nashorn engine is planned to be removed from a future JDK release
Warning: Nashorn engine is planned to be removed from a future JDK release
Warning: Nashorn engine is planned to be removed from a future JDK release
]]></system-err>
</testsuite>
