<?xml version="1.0" encoding="UTF-8" ?>
<testsuite errors="0" failures="0" hostname="travis-job-9f39510a-c6dd-4a08-9e74-25ce00270a1a" name="ptolemy.domains.continuous.test.junit.JUnitTclTest" skipped="0" tests="156" time="83.607" timestamp="2018-10-06T02:22:51">
  <properties>
[...]
</properties>
  <testcase classname="ptolemy.util.test.junit.TclTests" name="[0] ThereAreNoTclTests (RunTclFile)" time="0.001" />
  <testcase classname="ptolemy.util.test.junit.AutoKnownFailedTests" name="[0] ThereAreNoKnowFailedTests (RunModel)" time="0.001" />
  <testcase classname="ptolemy.util.test.junit.AutoNameArchTests" name="[0] ThereAreNoAutoArchTests (RunModel)" time="0.002" />
  <testcase classname="ptolemy.util.test.junit.AutoTests" name="[0] /home/travis/build/icyphy/ptII/ptolemy/domains/continuous/test/auto/BouncingBall.xml (RunModel)" time="2.801" />
  <testcase classname="ptolemy.util.test.junit.AutoTests" name="[1] /home/travis/build/icyphy/ptII/ptolemy/domains/continuous/test/auto/BouncingBallWithoutGR.xml (RunModel)" time="0.746" />
  <testcase classname="ptolemy.util.test.junit.AutoTests" name="[2] /home/travis/build/icyphy/ptII/ptolemy/domains/continuous/test/auto/Brownian.xml (RunModel)" time="0.105" />
  <testcase classname="ptolemy.util.test.junit.AutoTests" name="[3] /home/travis/build/icyphy/ptII/ptolemy/domains/continuous/test/auto/CarTracking.xml (RunModel)" time="3.863" />
  <testcase classname="ptolemy.util.test.junit.AutoTests" name="[4] /home/travis/build/icyphy/ptII/ptolemy/domains/continuous/test/auto/CartPendulum.xml (RunModel)" time="0.517" />
  <testcase classname="ptolemy.util.test.junit.AutoTests" name="[5] /home/travis/build/icyphy/ptII/ptolemy/domains/continuous/test/auto/CausalityInterface10.xml (RunModel)" time="0.056" />
  <testcase classname="ptolemy.util.test.junit.AutoTests" name="[6] /home/travis/build/icyphy/ptII/ptolemy/domains/continuous/test/auto/CausalityInterface11.xml (RunModel)" time="0.04" />
  <testcase classname="ptolemy.util.test.junit.AutoTests" name="[7] /home/travis/build/icyphy/ptII/ptolemy/domains/continuous/test/auto/CausalityInterface12.xml (RunModel)" time="0.037" />
  <testcase classname="ptolemy.util.test.junit.AutoTests" name="[8] /home/travis/build/icyphy/ptII/ptolemy/domains/continuous/test/auto/CausalityInterface13.xml (RunModel)" time="0.042" />
  <testcase classname="ptolemy.util.test.junit.AutoTests" name="[9] /home/travis/build/icyphy/ptII/ptolemy/domains/continuous/test/auto/CausalityInterface14.xml (RunModel)" time="0.029" />
  <testcase classname="ptolemy.util.test.junit.AutoTests" name="[10] /home/travis/build/icyphy/ptII/ptolemy/domains/continuous/test/auto/CausalityInterface4.xml (RunModel)" time="0.042" />
  <testcase classname="ptolemy.util.test.junit.AutoTests" name="[11] /home/travis/build/icyphy/ptII/ptolemy/domains/continuous/test/auto/CausalityInterface5.xml (RunModel)" time="0.047" />
  <testcase classname="ptolemy.util.test.junit.AutoTests" name="[12] /home/travis/build/icyphy/ptII/ptolemy/domains/continuous/test/auto/CausalityInterface6.xml (RunModel)" time="0.027" />
  <testcase classname="ptolemy.util.test.junit.AutoTests" name="[13] /home/travis/build/icyphy/ptII/ptolemy/domains/continuous/test/auto/CausalityInterface7.xml (RunModel)" time="0.054" />
  <testcase classname="ptolemy.util.test.junit.AutoTests" name="[14] /home/travis/build/icyphy/ptII/ptolemy/domains/continuous/test/auto/CausalityInterface8.xml (RunModel)" time="0.037" />
  <testcase classname="ptolemy.util.test.junit.AutoTests" name="[15] /home/travis/build/icyphy/ptII/ptolemy/domains/continuous/test/auto/CausalityInterface9.xml (RunModel)" time="0.05" />
  <testcase classname="ptolemy.util.test.junit.AutoTests" name="[16] /home/travis/build/icyphy/ptII/ptolemy/domains/continuous/test/auto/CausalityInterfaceFeedback1.xml (RunModel)" time="0.029" />
  <testcase classname="ptolemy.util.test.junit.AutoTests" name="[17] /home/travis/build/icyphy/ptII/ptolemy/domains/continuous/test/auto/CausalityInterfaceFeedback2.xml (RunModel)" time="0.03" />
  <testcase classname="ptolemy.util.test.junit.AutoTests" name="[18] /home/travis/build/icyphy/ptII/ptolemy/domains/continuous/test/auto/CompareWithCurrentTime.xml (RunModel)" time="0.025" />
  <testcase classname="ptolemy.util.test.junit.AutoTests" name="[19] /home/travis/build/icyphy/ptII/ptolemy/domains/continuous/test/auto/ComparedClocks.xml (RunModel)" time="0.079" />
  <testcase classname="ptolemy.util.test.junit.AutoTests" name="[20] /home/travis/build/icyphy/ptII/ptolemy/domains/continuous/test/auto/ContinuousAOCClone.xml (RunModel)" time="2.75" />
  <testcase classname="ptolemy.util.test.junit.AutoTests" name="[21] /home/travis/build/icyphy/ptII/ptolemy/domains/continuous/test/auto/ContinuousClock.xml (RunModel)" time="0.074" />
  <testcase classname="ptolemy.util.test.junit.AutoTests" name="[22] /home/travis/build/icyphy/ptII/ptolemy/domains/continuous/test/auto/ContinuousInContinuous.xml (RunModel)" time="0.088" />
  <testcase classname="ptolemy.util.test.junit.AutoTests" name="[23] /home/travis/build/icyphy/ptII/ptolemy/domains/continuous/test/auto/ContinuousInContinuousInContinuous.xml (RunModel)" time="0.031" />
  <testcase classname="ptolemy.util.test.junit.AutoTests" name="[24] /home/travis/build/icyphy/ptII/ptolemy/domains/continuous/test/auto/ContinuousInDE.xml (RunModel)" time="0.144" />
  <testcase classname="ptolemy.util.test.junit.AutoTests" name="[25] /home/travis/build/icyphy/ptII/ptolemy/domains/continuous/test/auto/ContinuousInDE2.xml (RunModel)" time="0.069" />
  <testcase classname="ptolemy.util.test.junit.AutoTests" name="[26] /home/travis/build/icyphy/ptII/ptolemy/domains/continuous/test/auto/ContinuousInDE3.xml (RunModel)" time="0.074" />
  <testcase classname="ptolemy.util.test.junit.AutoTests" name="[27] /home/travis/build/icyphy/ptII/ptolemy/domains/continuous/test/auto/ContinuousInDE4.xml (RunModel)" time="0.036" />
  <testcase classname="ptolemy.util.test.junit.AutoTests" name="[28] /home/travis/build/icyphy/ptII/ptolemy/domains/continuous/test/auto/ContinuousInDEDifferentRefinements.xml (RunModel)" time="0.11" />
  <testcase classname="ptolemy.util.test.junit.AutoTests" name="[29] /home/travis/build/icyphy/ptII/ptolemy/domains/continuous/test/auto/ContinuousInDEDifferentRefinementsPreemptive.xml (RunModel)" time="0.093" />
  <testcase classname="ptolemy.util.test.junit.AutoTests" name="[30] /home/travis/build/icyphy/ptII/ptolemy/domains/continuous/test/auto/ContinuousInDEInContinuous2.xml (RunModel)" time="0.066" />
  <testcase classname="ptolemy.util.test.junit.AutoTests" name="[31] /home/travis/build/icyphy/ptII/ptolemy/domains/continuous/test/auto/ContinuousInDEInContinuous3.xml (RunModel)" time="0.064" />
  <testcase classname="ptolemy.util.test.junit.AutoTests" name="[32] /home/travis/build/icyphy/ptII/ptolemy/domains/continuous/test/auto/ContinuousInDEInput.xml (RunModel)" time="0.035" />
  <testcase classname="ptolemy.util.test.junit.AutoTests" name="[33] /home/travis/build/icyphy/ptII/ptolemy/domains/continuous/test/auto/ContinuousInDEInput2.xml (RunModel)" time="0.031" />
  <testcase classname="ptolemy.util.test.junit.AutoTests" name="[34] /home/travis/build/icyphy/ptII/ptolemy/domains/continuous/test/auto/ContinuousInDEInput3.xml (RunModel)" time="0.026" />
  <testcase classname="ptolemy.util.test.junit.AutoTests" name="[35] /home/travis/build/icyphy/ptII/ptolemy/domains/continuous/test/auto/ContinuousInDESharingRefinement.xml (RunModel)" time="0.185" />
  <testcase classname="ptolemy.util.test.junit.AutoTests" name="[36] /home/travis/build/icyphy/ptII/ptolemy/domains/continuous/test/auto/ContinuousInDEwithNoPorts.xml (RunModel)" time="0.016" />
  <testcase classname="ptolemy.util.test.junit.AutoTests" name="[37] /home/travis/build/icyphy/ptII/ptolemy/domains/continuous/test/auto/ContinuousInsideDE.xml (RunModel)" time="0.07" />
  <testcase classname="ptolemy.util.test.junit.AutoTests" name="[38] /home/travis/build/icyphy/ptII/ptolemy/domains/continuous/test/auto/ContinuousMerge1.xml (RunModel)" time="0.016" />
  <testcase classname="ptolemy.util.test.junit.AutoTests" name="[39] /home/travis/build/icyphy/ptII/ptolemy/domains/continuous/test/auto/ContinuousMerge2.xml (RunModel)" time="0.04" />
  <testcase classname="ptolemy.util.test.junit.AutoTests" name="[40] /home/travis/build/icyphy/ptII/ptolemy/domains/continuous/test/auto/ContinuousMerge3.xml (RunModel)" time="0.066" />
  <testcase classname="ptolemy.util.test.junit.AutoTests" name="[41] /home/travis/build/icyphy/ptII/ptolemy/domains/continuous/test/auto/ContinuousWithinContinuous.xml (RunModel)" time="0.058" />
  <testcase classname="ptolemy.util.test.junit.AutoTests" name="[42] /home/travis/build/icyphy/ptII/ptolemy/domains/continuous/test/auto/ContinuousWithinContinuous2.xml (RunModel)" time="0.089" />
  <testcase classname="ptolemy.util.test.junit.AutoTests" name="[43] /home/travis/build/icyphy/ptII/ptolemy/domains/continuous/test/auto/ContinuousWithinContinuous3.xml (RunModel)" time="0.034" />
  <testcase classname="ptolemy.util.test.junit.AutoTests" name="[44] /home/travis/build/icyphy/ptII/ptolemy/domains/continuous/test/auto/ContinuousWithinContinuous4.xml (RunModel)" time="0.089" />
  <testcase classname="ptolemy.util.test.junit.AutoTests" name="[45] /home/travis/build/icyphy/ptII/ptolemy/domains/continuous/test/auto/ContinuousWithinContinuous5.xml (RunModel)" time="0.03" />
  <testcase classname="ptolemy.util.test.junit.AutoTests" name="[46] /home/travis/build/icyphy/ptII/ptolemy/domains/continuous/test/auto/ContinuousWithinContinuous6.xml (RunModel)" time="0.03" />
  <testcase classname="ptolemy.util.test.junit.AutoTests" name="[47] /home/travis/build/icyphy/ptII/ptolemy/domains/continuous/test/auto/ContinuousWithinContinuous7.xml (RunModel)" time="0.078" />
  <testcase classname="ptolemy.util.test.junit.AutoTests" name="[48] /home/travis/build/icyphy/ptII/ptolemy/domains/continuous/test/auto/DCMotor.xml (RunModel)" time="15.454" />
  <testcase classname="ptolemy.util.test.junit.AutoTests" name="[49] /home/travis/build/icyphy/ptII/ptolemy/domains/continuous/test/auto/DEInContinuous.xml (RunModel)" time="0.017" />
  <testcase classname="ptolemy.util.test.junit.AutoTests" name="[50] /home/travis/build/icyphy/ptII/ptolemy/domains/continuous/test/auto/DEinContinuous2.xml (RunModel)" time="0.022" />
  <testcase classname="ptolemy.util.test.junit.AutoTests" name="[51] /home/travis/build/icyphy/ptII/ptolemy/domains/continuous/test/auto/Derivative.xml (RunModel)" time="0.186" />
  <testcase classname="ptolemy.util.test.junit.AutoTests" name="[52] /home/travis/build/icyphy/ptII/ptolemy/domains/continuous/test/auto/Derivative1.xml (RunModel)" time="0.043" />
  <testcase classname="ptolemy.util.test.junit.AutoTests" name="[53] /home/travis/build/icyphy/ptII/ptolemy/domains/continuous/test/auto/DiscreteClock.xml (RunModel)" time="0.017" />
  <testcase classname="ptolemy.util.test.junit.AutoTests" name="[54] /home/travis/build/icyphy/ptII/ptolemy/domains/continuous/test/auto/EfficiencyCurve.xml (RunModel)" time="0.064" />
  <testcase classname="ptolemy.util.test.junit.AutoTests" name="[55] /home/travis/build/icyphy/ptII/ptolemy/domains/continuous/test/auto/ExponentialResponse.xml (RunModel)" time="0.115" />
  <testcase classname="ptolemy.util.test.junit.AutoTests" name="[56] /home/travis/build/icyphy/ptII/ptolemy/domains/continuous/test/auto/ExponentialResponseRK45.xml (RunModel)" time="0.033" />
  <testcase classname="ptolemy.util.test.junit.AutoTests" name="[57] /home/travis/build/icyphy/ptII/ptolemy/domains/continuous/test/auto/Friction.xml (RunModel)" time="1.457" />
  <testcase classname="ptolemy.util.test.junit.AutoTests" name="[58] /home/travis/build/icyphy/ptII/ptolemy/domains/continuous/test/auto/FurutaPendulum.xml (RunModel)" time="3.645" />
  <testcase classname="ptolemy.util.test.junit.AutoTests" name="[59] /home/travis/build/icyphy/ptII/ptolemy/domains/continuous/test/auto/HierarchicalExecution.xml (RunModel)" time="2.454" />
  <testcase classname="ptolemy.util.test.junit.AutoTests" name="[60] /home/travis/build/icyphy/ptII/ptolemy/domains/continuous/test/auto/HybridPlant.xml (RunModel)" time="0.619" />
  <testcase classname="ptolemy.util.test.junit.AutoTests" name="[61] /home/travis/build/icyphy/ptII/ptolemy/domains/continuous/test/auto/Hysteresis.xml (RunModel)" time="0.189" />
  <testcase classname="ptolemy.util.test.junit.AutoTests" name="[62] /home/travis/build/icyphy/ptII/ptolemy/domains/continuous/test/auto/HysteresisWithRandomDelay.xml (RunModel)" time="0.239" />
  <testcase classname="ptolemy.util.test.junit.AutoTests" name="[63] /home/travis/build/icyphy/ptII/ptolemy/domains/continuous/test/auto/HysteresisWithRandomLosses.xml (RunModel)" time="2.522" />
  <testcase classname="ptolemy.util.test.junit.AutoTests" name="[64] /home/travis/build/icyphy/ptII/ptolemy/domains/continuous/test/auto/ImmediateTransitions.xml (RunModel)" time="0.03" />
  <testcase classname="ptolemy.util.test.junit.AutoTests" name="[65] /home/travis/build/icyphy/ptII/ptolemy/domains/continuous/test/auto/ImpulseFeedback.xml (RunModel)" time="0.029" />
  <testcase classname="ptolemy.util.test.junit.AutoTests" name="[66] /home/travis/build/icyphy/ptII/ptolemy/domains/continuous/test/auto/ImpulseFeedback2.xml (RunModel)" time="0.017" />
  <testcase classname="ptolemy.util.test.junit.AutoTests" name="[67] /home/travis/build/icyphy/ptII/ptolemy/domains/continuous/test/auto/IncreasingRatePoisson.xml (RunModel)" time="0.774" />
  <testcase classname="ptolemy.util.test.junit.AutoTests" name="[68] /home/travis/build/icyphy/ptII/ptolemy/domains/continuous/test/auto/InitialStateFeedback.xml (RunModel)" time="0.012" />
  <testcase classname="ptolemy.util.test.junit.AutoTests" name="[69] /home/travis/build/icyphy/ptII/ptolemy/domains/continuous/test/auto/Integration.xml (RunModel)" time="0.01" />
  <testcase classname="ptolemy.util.test.junit.AutoTests" name="[70] /home/travis/build/icyphy/ptII/ptolemy/domains/continuous/test/auto/Integration2.xml (RunModel)" time="0.097" />
  <testcase classname="ptolemy.util.test.junit.AutoTests" name="[71] /home/travis/build/icyphy/ptII/ptolemy/domains/continuous/test/auto/Integration3.xml (RunModel)" time="0.022" />
  <testcase classname="ptolemy.util.test.junit.AutoTests" name="[72] /home/travis/build/icyphy/ptII/ptolemy/domains/continuous/test/auto/Integration5.xml (RunModel)" time="0.027" />
  <testcase classname="ptolemy.util.test.junit.AutoTests" name="[73] /home/travis/build/icyphy/ptII/ptolemy/domains/continuous/test/auto/IntegratorImpulse.xml (RunModel)" time="0.012" />
  <testcase classname="ptolemy.util.test.junit.AutoTests" name="[74] /home/travis/build/icyphy/ptII/ptolemy/domains/continuous/test/auto/IntegratorImpulse2.xml (RunModel)" time="0.013" />
  <testcase classname="ptolemy.util.test.junit.AutoTests" name="[75] /home/travis/build/icyphy/ptII/ptolemy/domains/continuous/test/auto/LevelCrossing1.xml (RunModel)" time="0.015" />
  <testcase classname="ptolemy.util.test.junit.AutoTests" name="[76] /home/travis/build/icyphy/ptII/ptolemy/domains/continuous/test/auto/LevelCrossing2.xml (RunModel)" time="0.014" />
  <testcase classname="ptolemy.util.test.junit.AutoTests" name="[77] /home/travis/build/icyphy/ptII/ptolemy/domains/continuous/test/auto/LevelCrossing3.xml (RunModel)" time="0.013" />
  <testcase classname="ptolemy.util.test.junit.AutoTests" name="[78] /home/travis/build/icyphy/ptII/ptolemy/domains/continuous/test/auto/LevelCrossing4.xml (RunModel)" time="0.013" />
  <testcase classname="ptolemy.util.test.junit.AutoTests" name="[79] /home/travis/build/icyphy/ptII/ptolemy/domains/continuous/test/auto/LevelCrossing5.xml (RunModel)" time="0.013" />
  <testcase classname="ptolemy.util.test.junit.AutoTests" name="[80] /home/travis/build/icyphy/ptII/ptolemy/domains/continuous/test/auto/LevelCrossing6.xml (RunModel)" time="0.014" />
  <testcase classname="ptolemy.util.test.junit.AutoTests" name="[81] /home/travis/build/icyphy/ptII/ptolemy/domains/continuous/test/auto/LevelCrossingDetector.xml (RunModel)" time="0.068" />
  <testcase classname="ptolemy.util.test.junit.AutoTests" name="[82] /home/travis/build/icyphy/ptII/ptolemy/domains/continuous/test/auto/LevelCrossingDetectorDetectingDirections.xml (RunModel)" time="0.086" />
  <testcase classname="ptolemy.util.test.junit.AutoTests" name="[83] /home/travis/build/icyphy/ptII/ptolemy/domains/continuous/test/auto/LevelCrossingDetectorDetectsGlitches.xml (RunModel)" time="0.074" />
  <testcase classname="ptolemy.util.test.junit.AutoTests" name="[84] /home/travis/build/icyphy/ptII/ptolemy/domains/continuous/test/auto/LevelCrossingNoInitialOuput.xml (RunModel)" time="0.015" />
  <testcase classname="ptolemy.util.test.junit.AutoTests" name="[85] /home/travis/build/icyphy/ptII/ptolemy/domains/continuous/test/auto/LinearStateSpaceExample.xml (RunModel)" time="0.043" />
  <testcase classname="ptolemy.util.test.junit.AutoTests" name="[86] /home/travis/build/icyphy/ptII/ptolemy/domains/continuous/test/auto/Lorenz.xml (RunModel)" time="6.837" />
  <testcase classname="ptolemy.util.test.junit.AutoTests" name="[87] /home/travis/build/icyphy/ptII/ptolemy/domains/continuous/test/auto/LorenzDifferentialSystem.xml (RunModel)" time="1.404" />
  <testcase classname="ptolemy.util.test.junit.AutoTests" name="[88] /home/travis/build/icyphy/ptII/ptolemy/domains/continuous/test/auto/LorenzDifferentialSystemWithInput.xml (RunModel)" time="2.032" />
  <testcase classname="ptolemy.util.test.junit.AutoTests" name="[89] /home/travis/build/icyphy/ptII/ptolemy/domains/continuous/test/auto/LorenzDifferentialSystemWithTime.xml (RunModel)" time="0.934" />
  <testcase classname="ptolemy.util.test.junit.AutoTests" name="[90] /home/travis/build/icyphy/ptII/ptolemy/domains/continuous/test/auto/Microsteps.xml (RunModel)" time="0.019" />
  <testcase classname="ptolemy.util.test.junit.AutoTests" name="[91] /home/travis/build/icyphy/ptII/ptolemy/domains/continuous/test/auto/Modal1.xml (RunModel)" time="0.038" />
  <testcase classname="ptolemy.util.test.junit.AutoTests" name="[92] /home/travis/build/icyphy/ptII/ptolemy/domains/continuous/test/auto/Modal2.xml (RunModel)" time="0.04" />
  <testcase classname="ptolemy.util.test.junit.AutoTests" name="[93] /home/travis/build/icyphy/ptII/ptolemy/domains/continuous/test/auto/ModalTransitionGuardWithReset.xml (RunModel)" time="0.026" />
  <testcase classname="ptolemy.util.test.junit.AutoTests" name="[94] /home/travis/build/icyphy/ptII/ptolemy/domains/continuous/test/auto/ModalTransitionGuardWithResetUsingPreemptiveTransition.xml (RunModel)" time="0.04" />
  <testcase classname="ptolemy.util.test.junit.AutoTests" name="[95] /home/travis/build/icyphy/ptII/ptolemy/domains/continuous/test/auto/ModalTransitionGuardWithResetUsingPreemptiveTransition2.xml (RunModel)" time="0.024" />
  <testcase classname="ptolemy.util.test.junit.AutoTests" name="[96] /home/travis/build/icyphy/ptII/ptolemy/domains/continuous/test/auto/ModalTransitionGuardWithResetUsingPreemptiveTransition3.xml (RunModel)" time="0.025" />
  <testcase classname="ptolemy.util.test.junit.AutoTests" name="[97] /home/travis/build/icyphy/ptII/ptolemy/domains/continuous/test/auto/NewtonsCradle.xml (RunModel)" time="0.832" />
  <testcase classname="ptolemy.util.test.junit.AutoTests" name="[98] /home/travis/build/icyphy/ptII/ptolemy/domains/continuous/test/auto/NewtonsCradleAnimated.xml (RunModel)" time="1.402" />
  <testcase classname="ptolemy.util.test.junit.AutoTests" name="[99] /home/travis/build/icyphy/ptII/ptolemy/domains/continuous/test/auto/NewtonsCradleComplicated.xml (RunModel)" time="1.043" />
  <testcase classname="ptolemy.util.test.junit.AutoTests" name="[100] /home/travis/build/icyphy/ptII/ptolemy/domains/continuous/test/auto/NewtonsCradleNondeterministic.xml (RunModel)" time="0.795" />
  <testcase classname="ptolemy.util.test.junit.AutoTests" name="[101] /home/travis/build/icyphy/ptII/ptolemy/domains/continuous/test/auto/NewtonsCradlePerfectlyInelastic1.xml (RunModel)" time="1.35" />
  <testcase classname="ptolemy.util.test.junit.AutoTests" name="[102] /home/travis/build/icyphy/ptII/ptolemy/domains/continuous/test/auto/Noise.xml (RunModel)" time="0.229" />
  <testcase classname="ptolemy.util.test.junit.AutoTests" name="[103] /home/travis/build/icyphy/ptII/ptolemy/domains/continuous/test/auto/NoiseSpectrum.xml (RunModel)" time="0.835" />
  <testcase classname="ptolemy.util.test.junit.AutoTests" name="[104] /home/travis/build/icyphy/ptII/ptolemy/domains/continuous/test/auto/ParameterizedNewtonsCradleAnimated.xml (RunModel)" time="0.404" />
  <testcase classname="ptolemy.util.test.junit.AutoTests" name="[105] /home/travis/build/icyphy/ptII/ptolemy/domains/continuous/test/auto/ParameterizedNewtonsCradleAnimatedNondeterministic.xml (RunModel)" time="1.318" />
  <testcase classname="ptolemy.util.test.junit.AutoTests" name="[106] /home/travis/build/icyphy/ptII/ptolemy/domains/continuous/test/auto/Pendulum3D.xml (RunModel)" time="0.203" />
  <testcase classname="ptolemy.util.test.junit.AutoTests" name="[107] /home/travis/build/icyphy/ptII/ptolemy/domains/continuous/test/auto/PeriodicSampler.xml (RunModel)" time="0.014" />
  <testcase classname="ptolemy.util.test.junit.AutoTests" name="[108] /home/travis/build/icyphy/ptII/ptolemy/domains/continuous/test/auto/PeriodicSampler1.xml (RunModel)" time="0.05" />
  <testcase classname="ptolemy.util.test.junit.AutoTests" name="[109] /home/travis/build/icyphy/ptII/ptolemy/domains/continuous/test/auto/PeriodicSampler2.xml (RunModel)" time="0.075" />
  <testcase classname="ptolemy.util.test.junit.AutoTests" name="[110] /home/travis/build/icyphy/ptII/ptolemy/domains/continuous/test/auto/Poisson.xml (RunModel)" time="0.518" />
  <testcase classname="ptolemy.util.test.junit.AutoTests" name="[111] /home/travis/build/icyphy/ptII/ptolemy/domains/continuous/test/auto/PoissonClock.xml (RunModel)" time="0.011" />
  <testcase classname="ptolemy.util.test.junit.AutoTests" name="[112] /home/travis/build/icyphy/ptII/ptolemy/domains/continuous/test/auto/PoissonClock2.xml (RunModel)" time="0.013" />
  <testcase classname="ptolemy.util.test.junit.AutoTests" name="[113] /home/travis/build/icyphy/ptII/ptolemy/domains/continuous/test/auto/PortParameterHierarchy.xml (RunModel)" time="0.018" />
  <testcase classname="ptolemy.util.test.junit.AutoTests" name="[114] /home/travis/build/icyphy/ptII/ptolemy/domains/continuous/test/auto/RandomHybridPlant.xml (RunModel)" time="0.571" />
  <testcase classname="ptolemy.util.test.junit.AutoTests" name="[115] /home/travis/build/icyphy/ptII/ptolemy/domains/continuous/test/auto/ResetTransitionWithStartTime1.xml (RunModel)" time="0.026" />
  <testcase classname="ptolemy.util.test.junit.AutoTests" name="[116] /home/travis/build/icyphy/ptII/ptolemy/domains/continuous/test/auto/ResetTransitionWithStartTime2.xml (RunModel)" time="0.04" />
  <testcase classname="ptolemy.util.test.junit.AutoTests" name="[117] /home/travis/build/icyphy/ptII/ptolemy/domains/continuous/test/auto/ResetTransitionWithStartTime3.xml (RunModel)" time="0.045" />
  <testcase classname="ptolemy.util.test.junit.AutoTests" name="[118] /home/travis/build/icyphy/ptII/ptolemy/domains/continuous/test/auto/ResetTransitionWithStartTime4.xml (RunModel)" time="0.024" />
  <testcase classname="ptolemy.util.test.junit.AutoTests" name="[119] /home/travis/build/icyphy/ptII/ptolemy/domains/continuous/test/auto/ResetTransitionWithStartTime5.xml (RunModel)" time="0.033" />
  <testcase classname="ptolemy.util.test.junit.AutoTests" name="[120] /home/travis/build/icyphy/ptII/ptolemy/domains/continuous/test/auto/ResetTransitionWithStartTime6.xml (RunModel)" time="0.024" />
  <testcase classname="ptolemy.util.test.junit.AutoTests" name="[121] /home/travis/build/icyphy/ptII/ptolemy/domains/continuous/test/auto/SRinContinuous.xml (RunModel)" time="0.026" />
  <testcase classname="ptolemy.util.test.junit.AutoTests" name="[122] /home/travis/build/icyphy/ptII/ptolemy/domains/continuous/test/auto/SampledClocks.xml (RunModel)" time="0.021" />
  <testcase classname="ptolemy.util.test.junit.AutoTests" name="[123] /home/travis/build/icyphy/ptII/ptolemy/domains/continuous/test/auto/Satellite.xml (RunModel)" time="1.08" />
  <testcase classname="ptolemy.util.test.junit.AutoTests" name="[124] /home/travis/build/icyphy/ptII/ptolemy/domains/continuous/test/auto/SigmaDelta.xml (RunModel)" time="2.896" />
  <testcase classname="ptolemy.util.test.junit.AutoTests" name="[125] /home/travis/build/icyphy/ptII/ptolemy/domains/continuous/test/auto/SingleRefinement.xml (RunModel)" time="0.424" />
  <testcase classname="ptolemy.util.test.junit.AutoTests" name="[126] /home/travis/build/icyphy/ptII/ptolemy/domains/continuous/test/auto/SinuBouncingBall.xml (RunModel)" time="0.883" />
  <testcase classname="ptolemy.util.test.junit.AutoTests" name="[127] /home/travis/build/icyphy/ptII/ptolemy/domains/continuous/test/auto/Sinusoid.xml (RunModel)" time="0.022" />
  <testcase classname="ptolemy.util.test.junit.AutoTests" name="[128] /home/travis/build/icyphy/ptII/ptolemy/domains/continuous/test/auto/SinusoidInNoise.xml (RunModel)" time="1.124" />
  <testcase classname="ptolemy.util.test.junit.AutoTests" name="[129] /home/travis/build/icyphy/ptII/ptolemy/domains/continuous/test/auto/SinusoidRK45.xml (RunModel)" time="0.012" />
  <testcase classname="ptolemy.util.test.junit.AutoTests" name="[130] /home/travis/build/icyphy/ptII/ptolemy/domains/continuous/test/auto/SinusoidWithMultipleImpulses.xml (RunModel)" time="0.02" />
  <testcase classname="ptolemy.util.test.junit.AutoTests" name="[131] /home/travis/build/icyphy/ptII/ptolemy/domains/continuous/test/auto/SquareWave.xml (RunModel)" time="0.198" />
  <testcase classname="ptolemy.util.test.junit.AutoTests" name="[132] /home/travis/build/icyphy/ptII/ptolemy/domains/continuous/test/auto/Starmac.xml (RunModel)" time="3.407" />
  <testcase classname="ptolemy.util.test.junit.AutoTests" name="[133] /home/travis/build/icyphy/ptII/ptolemy/domains/continuous/test/auto/StaticUnits.xml (RunModel)" time="3.168" />
  <testcase classname="ptolemy.util.test.junit.AutoTests" name="[134] /home/travis/build/icyphy/ptII/ptolemy/domains/continuous/test/auto/StickyMasses.xml (RunModel)" time="0.192" />
  <testcase classname="ptolemy.util.test.junit.AutoTests" name="[135] /home/travis/build/icyphy/ptII/ptolemy/domains/continuous/test/auto/StopTime.xml (RunModel)" time="0.068" />
  <testcase classname="ptolemy.util.test.junit.AutoTests" name="[136] /home/travis/build/icyphy/ptII/ptolemy/domains/continuous/test/auto/StopTime2.xml (RunModel)" time="0.058" />
  <testcase classname="ptolemy.util.test.junit.AutoTests" name="[137] /home/travis/build/icyphy/ptII/ptolemy/domains/continuous/test/auto/Switch.xml (RunModel)" time="0.071" />
  <testcase classname="ptolemy.util.test.junit.AutoTests" name="[138] /home/travis/build/icyphy/ptII/ptolemy/domains/continuous/test/auto/Thermostat.xml (RunModel)" time="0.21" />
  <testcase classname="ptolemy.util.test.junit.AutoTests" name="[139] /home/travis/build/icyphy/ptII/ptolemy/domains/continuous/test/auto/TimeDelay.xml (RunModel)" time="0.014" />
  <testcase classname="ptolemy.util.test.junit.AutoTests" name="[140] /home/travis/build/icyphy/ptII/ptolemy/domains/continuous/test/auto/TimeDelay2.xml (RunModel)" time="0.022" />
  <testcase classname="ptolemy.util.test.junit.AutoTests" name="[141] /home/travis/build/icyphy/ptII/ptolemy/domains/continuous/test/auto/TimeDelay3.xml (RunModel)" time="0.013" />
  <testcase classname="ptolemy.util.test.junit.AutoTests" name="[142] /home/travis/build/icyphy/ptII/ptolemy/domains/continuous/test/auto/TransferAbsentToInside.xml (RunModel)" time="0.104" />
  <testcase classname="ptolemy.util.test.junit.AutoTests" name="[143] /home/travis/build/icyphy/ptII/ptolemy/domains/continuous/test/auto/Transmission.xml (RunModel)" time="0.828" />
  <testcase classname="ptolemy.util.test.junit.AutoTests" name="[144] /home/travis/build/icyphy/ptII/ptolemy/domains/continuous/test/auto/TriggeredContinuousClock.xml (RunModel)" time="0.066" />
  <testcase classname="ptolemy.util.test.junit.AutoTests" name="[145] /home/travis/build/icyphy/ptII/ptolemy/domains/continuous/test/auto/TwoMachineInfiniteBusControl.xml (RunModel)" time="3.587" />
  <testcase classname="ptolemy.util.test.junit.AutoTests" name="[146] /home/travis/build/icyphy/ptII/ptolemy/domains/continuous/test/auto/V2V.xml (RunModel)" time="0.903" />
  <testcase classname="ptolemy.util.test.junit.AutoTests" name="[147] /home/travis/build/icyphy/ptII/ptolemy/domains/continuous/test/auto/hierarchicalModalModel.xml (RunModel)" time="0.03" />
  <testcase classname="ptolemy.util.test.junit.AutoTests" name="[148] /home/travis/build/icyphy/ptII/ptolemy/domains/continuous/test/auto/hierarchicalModalModel1.xml (RunModel)" time="0.034" />
  <testcase classname="ptolemy.util.test.junit.AutoTests" name="[149] /home/travis/build/icyphy/ptII/ptolemy/domains/continuous/test/auto/hierarchicalModalModel2.xml (RunModel)" time="0.028" />
  <testcase classname="ptolemy.util.test.junit.AutoTests" name="[150] /home/travis/build/icyphy/ptII/ptolemy/domains/continuous/test/auto/hierarchicalModalModel3.xml (RunModel)" time="0.023" />
  <testcase classname="ptolemy.util.test.junit.AutoTests" name="[151] /home/travis/build/icyphy/ptII/ptolemy/domains/continuous/test/auto/hierarchicalModalModel4.xml (RunModel)" time="0.028" />
  <testcase classname="ptolemy.util.test.junit.AutoTests" name="[152] /home/travis/build/icyphy/ptII/ptolemy/domains/continuous/test/auto/junk.xml (RunModel)" time="0.17" />
  <system-out><![CDATA[No tcl tests in /home/travis/build/icyphy/ptII/ptolemy/domains/continuous/test
No auto/knownFailedTests/*.xml tests in /home/travis/build/icyphy/ptII/ptolemy/domains/continuous/test
No auto/linux-amd64/*.xml tests in /home/travis/build/icyphy/ptII/ptolemy/domains/continuous/test
AutoTests.java: About to close Vertx.
AutoTests.java: Vertx closed.

===========================================================================================
----------------- testing Sat Oct 06 02:22:51 UTC 2018 /home/travis/build/icyphy/ptII/ptolemy/domains/continuous/test/auto/BouncingBall.xml
----------------- Instantiating /home/travis/build/icyphy/ptII/ptolemy/domains/continuous/test/auto/BouncingBall.xml
2341 ms. Memory: 331776K Free: 259705K (78%)
----------------- Invoking toplevel() on ptolemy.moml.MoMLSimpleApplication@126b6462
----------------- Done invoking toplevel() on ptolemy.moml.MoMLSimpleApplication@126b6462
reloadAllAccessors: .BouncingBall

===========================================================================================
----------------- testing Sat Oct 06 02:22:54 UTC 2018 /home/travis/build/icyphy/ptII/ptolemy/domains/continuous/test/auto/BouncingBallWithoutGR.xml
----------------- Instantiating /home/travis/build/icyphy/ptII/ptolemy/domains/continuous/test/auto/BouncingBallWithoutGR.xml
665 ms. Memory: 331776K Free: 318254K (96%)
----------------- Invoking toplevel() on ptolemy.moml.MoMLSimpleApplication@7f46b5a5
----------------- Done invoking toplevel() on ptolemy.moml.MoMLSimpleApplication@7f46b5a5
reloadAllAccessors: .BouncingBallWithoutGR

===========================================================================================
----------------- testing Sat Oct 06 02:22:55 UTC 2018 /home/travis/build/icyphy/ptII/ptolemy/domains/continuous/test/auto/Brownian.xml
----------------- Instantiating /home/travis/build/icyphy/ptII/ptolemy/domains/continuous/test/auto/Brownian.xml
27 ms. Memory: 331776K Free: 304349K (92%)
----------------- Invoking toplevel() on ptolemy.moml.MoMLSimpleApplication@63462e95
----------------- Done invoking toplevel() on ptolemy.moml.MoMLSimpleApplication@63462e95
reloadAllAccessors: .Brownian

===========================================================================================
----------------- testing Sat Oct 06 02:22:55 UTC 2018 /home/travis/build/icyphy/ptII/ptolemy/domains/continuous/test/auto/CarTracking.xml
----------------- Instantiating /home/travis/build/icyphy/ptII/ptolemy/domains/continuous/test/auto/CarTracking.xml
3450 ms. Memory: 578048K Free: 446531K (77%)
----------------- Invoking toplevel() on ptolemy.moml.MoMLSimpleApplication@79c9c1ec
----------------- Done invoking toplevel() on ptolemy.moml.MoMLSimpleApplication@79c9c1ec
reloadAllAccessors: .CarTracking

===========================================================================================
----------------- testing Sat Oct 06 02:22:59 UTC 2018 /home/travis/build/icyphy/ptII/ptolemy/domains/continuous/test/auto/CartPendulum.xml
----------------- Instantiating /home/travis/build/icyphy/ptII/ptolemy/domains/continuous/test/auto/CartPendulum.xml
372 ms. Memory: 578048K Free: 338585K (59%)
----------------- Invoking toplevel() on ptolemy.moml.MoMLSimpleApplication@46bfbcd6
----------------- Done invoking toplevel() on ptolemy.moml.MoMLSimpleApplication@46bfbcd6
reloadAllAccessors: .CartPendulum

===========================================================================================
----------------- testing Sat Oct 06 02:22:59 UTC 2018 /home/travis/build/icyphy/ptII/ptolemy/domains/continuous/test/auto/CausalityInterface10.xml
----------------- Instantiating /home/travis/build/icyphy/ptII/ptolemy/domains/continuous/test/auto/CausalityInterface10.xml
11 ms. Memory: 578048K Free: 322185K (56%)
----------------- Invoking toplevel() on ptolemy.moml.MoMLSimpleApplication@7589950b
----------------- Done invoking toplevel() on ptolemy.moml.MoMLSimpleApplication@7589950b
reloadAllAccessors: .CausalityInterface10

===========================================================================================
----------------- testing Sat Oct 06 02:22:59 UTC 2018 /home/travis/build/icyphy/ptII/ptolemy/domains/continuous/test/auto/CausalityInterface11.xml
----------------- Instantiating /home/travis/build/icyphy/ptII/ptolemy/domains/continuous/test/auto/CausalityInterface11.xml
6 ms. Memory: 578048K Free: 312338K (54%)
----------------- Invoking toplevel() on ptolemy.moml.MoMLSimpleApplication@166854d7
----------------- Done invoking toplevel() on ptolemy.moml.MoMLSimpleApplication@166854d7
reloadAllAccessors: .CausalityInterface11

===========================================================================================
----------------- testing Sat Oct 06 02:22:59 UTC 2018 /home/travis/build/icyphy/ptII/ptolemy/domains/continuous/test/auto/CausalityInterface12.xml
----------------- Instantiating /home/travis/build/icyphy/ptII/ptolemy/domains/continuous/test/auto/CausalityInterface12.xml
10 ms. Memory: 578048K Free: 302492K (52%)
----------------- Invoking toplevel() on ptolemy.moml.MoMLSimpleApplication@dfa6ce0
----------------- Done invoking toplevel() on ptolemy.moml.MoMLSimpleApplication@dfa6ce0
reloadAllAccessors: .CausalityInterface12

===========================================================================================
----------------- testing Sat Oct 06 02:22:59 UTC 2018 /home/travis/build/icyphy/ptII/ptolemy/domains/continuous/test/auto/CausalityInterface13.xml
----------------- Instantiating /home/travis/build/icyphy/ptII/ptolemy/domains/continuous/test/auto/CausalityInterface13.xml
7 ms. Memory: 578048K Free: 289483K (50%)
----------------- Invoking toplevel() on ptolemy.moml.MoMLSimpleApplication@2dddbc2a
----------------- Done invoking toplevel() on ptolemy.moml.MoMLSimpleApplication@2dddbc2a
reloadAllAccessors: .CausalityInterface13

===========================================================================================
----------------- testing Sat Oct 06 02:22:59 UTC 2018 /home/travis/build/icyphy/ptII/ptolemy/domains/continuous/test/auto/CausalityInterface14.xml
----------------- Instantiating /home/travis/build/icyphy/ptII/ptolemy/domains/continuous/test/auto/CausalityInterface14.xml
4 ms. Memory: 578048K Free: 279636K (48%)
----------------- Invoking toplevel() on ptolemy.moml.MoMLSimpleApplication@1cdd3551
----------------- Done invoking toplevel() on ptolemy.moml.MoMLSimpleApplication@1cdd3551
reloadAllAccessors: .CausalityInterface14

===========================================================================================
----------------- testing Sat Oct 06 02:22:59 UTC 2018 /home/travis/build/icyphy/ptII/ptolemy/domains/continuous/test/auto/CausalityInterface4.xml
----------------- Instantiating /home/travis/build/icyphy/ptII/ptolemy/domains/continuous/test/auto/CausalityInterface4.xml
5 ms. Memory: 578048K Free: 269798K (47%)
----------------- Invoking toplevel() on ptolemy.moml.MoMLSimpleApplication@6c1226c3
----------------- Done invoking toplevel() on ptolemy.moml.MoMLSimpleApplication@6c1226c3
reloadAllAccessors: .CausalityInterface4

===========================================================================================
----------------- testing Sat Oct 06 02:23:00 UTC 2018 /home/travis/build/icyphy/ptII/ptolemy/domains/continuous/test/auto/CausalityInterface5.xml
----------------- Instantiating /home/travis/build/icyphy/ptII/ptolemy/domains/continuous/test/auto/CausalityInterface5.xml
7 ms. Memory: 578048K Free: 256690K (44%)
----------------- Invoking toplevel() on ptolemy.moml.MoMLSimpleApplication@135f982
----------------- Done invoking toplevel() on ptolemy.moml.MoMLSimpleApplication@135f982
reloadAllAccessors: .CausalityInterface5

===========================================================================================
----------------- testing Sat Oct 06 02:23:00 UTC 2018 /home/travis/build/icyphy/ptII/ptolemy/domains/continuous/test/auto/CausalityInterface6.xml
----------------- Instantiating /home/travis/build/icyphy/ptII/ptolemy/domains/continuous/test/auto/CausalityInterface6.xml
5 ms. Memory: 578048K Free: 243689K (42%)
----------------- Invoking toplevel() on ptolemy.moml.MoMLSimpleApplication@4e113d7e
----------------- Done invoking toplevel() on ptolemy.moml.MoMLSimpleApplication@4e113d7e
reloadAllAccessors: .CausalityInterface6

===========================================================================================
----------------- testing Sat Oct 06 02:23:00 UTC 2018 /home/travis/build/icyphy/ptII/ptolemy/domains/continuous/test/auto/CausalityInterface7.xml
----------------- Instantiating /home/travis/build/icyphy/ptII/ptolemy/domains/continuous/test/auto/CausalityInterface7.xml
14 ms. Memory: 578048K Free: 230566K (40%)
----------------- Invoking toplevel() on ptolemy.moml.MoMLSimpleApplication@6874f49
----------------- Done invoking toplevel() on ptolemy.moml.MoMLSimpleApplication@6874f49
reloadAllAccessors: .CausalityInterface7

===========================================================================================
----------------- testing Sat Oct 06 02:23:00 UTC 2018 /home/travis/build/icyphy/ptII/ptolemy/domains/continuous/test/auto/CausalityInterface8.xml
----------------- Instantiating /home/travis/build/icyphy/ptII/ptolemy/domains/continuous/test/auto/CausalityInterface8.xml
6 ms. Memory: 578048K Free: 217450K (38%)
----------------- Invoking toplevel() on ptolemy.moml.MoMLSimpleApplication@50aad29a
----------------- Done invoking toplevel() on ptolemy.moml.MoMLSimpleApplication@50aad29a
reloadAllAccessors: .CausalityInterface8

===========================================================================================
----------------- testing Sat Oct 06 02:23:00 UTC 2018 /home/travis/build/icyphy/ptII/ptolemy/domains/continuous/test/auto/CausalityInterface9.xml
----------------- Instantiating /home/travis/build/icyphy/ptII/ptolemy/domains/continuous/test/auto/CausalityInterface9.xml
10 ms. Memory: 578048K Free: 201034K (35%)
----------------- Invoking toplevel() on ptolemy.moml.MoMLSimpleApplication@5f184f55
----------------- Done invoking toplevel() on ptolemy.moml.MoMLSimpleApplication@5f184f55
reloadAllAccessors: .CausalityInterface9

===========================================================================================
----------------- testing Sat Oct 06 02:23:00 UTC 2018 /home/travis/build/icyphy/ptII/ptolemy/domains/continuous/test/auto/CausalityInterfaceFeedback1.xml
----------------- Instantiating /home/travis/build/icyphy/ptII/ptolemy/domains/continuous/test/auto/CausalityInterfaceFeedback1.xml
7 ms. Memory: 578048K Free: 188041K (33%)
----------------- Invoking toplevel() on ptolemy.moml.MoMLSimpleApplication@54b2eb47
----------------- Done invoking toplevel() on ptolemy.moml.MoMLSimpleApplication@54b2eb47
reloadAllAccessors: .CausalityInterfaceFeedback1

===========================================================================================
----------------- testing Sat Oct 06 02:23:00 UTC 2018 /home/travis/build/icyphy/ptII/ptolemy/domains/continuous/test/auto/CausalityInterfaceFeedback2.xml
----------------- Instantiating /home/travis/build/icyphy/ptII/ptolemy/domains/continuous/test/auto/CausalityInterfaceFeedback2.xml
2 ms. Memory: 578048K Free: 178211K (31%)
----------------- Invoking toplevel() on ptolemy.moml.MoMLSimpleApplication@707e19cb
----------------- Done invoking toplevel() on ptolemy.moml.MoMLSimpleApplication@707e19cb
reloadAllAccessors: .CausalityInterfaceFeedback2

===========================================================================================
----------------- testing Sat Oct 06 02:23:00 UTC 2018 /home/travis/build/icyphy/ptII/ptolemy/domains/continuous/test/auto/CompareWithCurrentTime.xml
----------------- Instantiating /home/travis/build/icyphy/ptII/ptolemy/domains/continuous/test/auto/CompareWithCurrentTime.xml
2 ms. Memory: 578048K Free: 171657K (30%)
----------------- Invoking toplevel() on ptolemy.moml.MoMLSimpleApplication@73e9b949
----------------- Done invoking toplevel() on ptolemy.moml.MoMLSimpleApplication@73e9b949
reloadAllAccessors: .CompareWithCurrentTime

===========================================================================================
----------------- testing Sat Oct 06 02:23:00 UTC 2018 /home/travis/build/icyphy/ptII/ptolemy/domains/continuous/test/auto/ComparedClocks.xml
----------------- Instantiating /home/travis/build/icyphy/ptII/ptolemy/domains/continuous/test/auto/ComparedClocks.xml
12 ms. Memory: 578048K Free: 151972K (26%)
----------------- Invoking toplevel() on ptolemy.moml.MoMLSimpleApplication@49553562
----------------- Done invoking toplevel() on ptolemy.moml.MoMLSimpleApplication@49553562
reloadAllAccessors: .ComparedClocks

===========================================================================================
----------------- testing Sat Oct 06 02:23:00 UTC 2018 /home/travis/build/icyphy/ptII/ptolemy/domains/continuous/test/auto/ContinuousAOCClone.xml
----------------- Instantiating /home/travis/build/icyphy/ptII/ptolemy/domains/continuous/test/auto/ContinuousAOCClone.xml
2495 ms. Memory: 872960K Free: 384856K (44%)
----------------- Invoking toplevel() on ptolemy.moml.MoMLSimpleApplication@701c66d2
----------------- Done invoking toplevel() on ptolemy.moml.MoMLSimpleApplication@701c66d2
reloadAllAccessors: .ContinuousAOCClone

===========================================================================================
----------------- testing Sat Oct 06 02:23:03 UTC 2018 /home/travis/build/icyphy/ptII/ptolemy/domains/continuous/test/auto/ContinuousClock.xml
----------------- Instantiating /home/travis/build/icyphy/ptII/ptolemy/domains/continuous/test/auto/ContinuousClock.xml
28 ms. Memory: 872960K Free: 351634K (40%)
----------------- Invoking toplevel() on ptolemy.moml.MoMLSimpleApplication@7bbc56ef
----------------- Done invoking toplevel() on ptolemy.moml.MoMLSimpleApplication@7bbc56ef
reloadAllAccessors: .ContinuousClock

===========================================================================================
----------------- testing Sat Oct 06 02:23:03 UTC 2018 /home/travis/build/icyphy/ptII/ptolemy/domains/continuous/test/auto/ContinuousInContinuous.xml
----------------- Instantiating /home/travis/build/icyphy/ptII/ptolemy/domains/continuous/test/auto/ContinuousInContinuous.xml
44 ms. Memory: 872960K Free: 320149K (37%)
----------------- Invoking toplevel() on ptolemy.moml.MoMLSimpleApplication@53a66de7
----------------- Done invoking toplevel() on ptolemy.moml.MoMLSimpleApplication@53a66de7
reloadAllAccessors: .ContinuousInContinuous

===========================================================================================
----------------- testing Sat Oct 06 02:23:03 UTC 2018 /home/travis/build/icyphy/ptII/ptolemy/domains/continuous/test/auto/ContinuousInContinuousInContinuous.xml
----------------- Instantiating /home/travis/build/icyphy/ptII/ptolemy/domains/continuous/test/auto/ContinuousInContinuousInContinuous.xml
8 ms. Memory: 872960K Free: 304415K (35%)
----------------- Invoking toplevel() on ptolemy.moml.MoMLSimpleApplication@5d0aab6a
----------------- Done invoking toplevel() on ptolemy.moml.MoMLSimpleApplication@5d0aab6a
reloadAllAccessors: .ContinuousInContinuousInContinuous

===========================================================================================
----------------- testing Sat Oct 06 02:23:03 UTC 2018 /home/travis/build/icyphy/ptII/ptolemy/domains/continuous/test/auto/ContinuousInDE.xml
----------------- Instantiating /home/travis/build/icyphy/ptII/ptolemy/domains/continuous/test/auto/ContinuousInDE.xml
111 ms. Memory: 872960K Free: 288696K (33%)
----------------- Invoking toplevel() on ptolemy.moml.MoMLSimpleApplication@776114e8
----------------- Done invoking toplevel() on ptolemy.moml.MoMLSimpleApplication@776114e8
reloadAllAccessors: .ContinuousInDE

===========================================================================================
----------------- testing Sat Oct 06 02:23:03 UTC 2018 /home/travis/build/icyphy/ptII/ptolemy/domains/continuous/test/auto/ContinuousInDE2.xml
----------------- Instantiating /home/travis/build/icyphy/ptII/ptolemy/domains/continuous/test/auto/ContinuousInDE2.xml
46 ms. Memory: 872960K Free: 269549K (31%)
----------------- Invoking toplevel() on ptolemy.moml.MoMLSimpleApplication@4b717f5f
----------------- Done invoking toplevel() on ptolemy.moml.MoMLSimpleApplication@4b717f5f
reloadAllAccessors: .ContinuousInDE2

===========================================================================================
----------------- testing Sat Oct 06 02:23:03 UTC 2018 /home/travis/build/icyphy/ptII/ptolemy/domains/continuous/test/auto/ContinuousInDE3.xml
----------------- Instantiating /home/travis/build/icyphy/ptII/ptolemy/domains/continuous/test/auto/ContinuousInDE3.xml
42 ms. Memory: 872960K Free: 253831K (29%)
----------------- Invoking toplevel() on ptolemy.moml.MoMLSimpleApplication@5d6e3755
----------------- Done invoking toplevel() on ptolemy.moml.MoMLSimpleApplication@5d6e3755
reloadAllAccessors: .ContinuousInDE3

===========================================================================================
----------------- testing Sat Oct 06 02:23:03 UTC 2018 /home/travis/build/icyphy/ptII/ptolemy/domains/continuous/test/auto/ContinuousInDE4.xml
----------------- Instantiating /home/travis/build/icyphy/ptII/ptolemy/domains/continuous/test/auto/ContinuousInDE4.xml
13 ms. Memory: 872960K Free: 243352K (28%)
----------------- Invoking toplevel() on ptolemy.moml.MoMLSimpleApplication@1bc43789
----------------- Done invoking toplevel() on ptolemy.moml.MoMLSimpleApplication@1bc43789
reloadAllAccessors: .ContinuousInDE4

===========================================================================================
----------------- testing Sat Oct 06 02:23:03 UTC 2018 /home/travis/build/icyphy/ptII/ptolemy/domains/continuous/test/auto/ContinuousInDEDifferentRefinements.xml
----------------- Instantiating /home/travis/build/icyphy/ptII/ptolemy/domains/continuous/test/auto/ContinuousInDEDifferentRefinements.xml
55 ms. Memory: 872960K Free: 206627K (24%)
----------------- Invoking toplevel() on ptolemy.moml.MoMLSimpleApplication@47b2d84b
----------------- Done invoking toplevel() on ptolemy.moml.MoMLSimpleApplication@47b2d84b
reloadAllAccessors: .ContinuousInDEDifferentRefinements

===========================================================================================
----------------- testing Sat Oct 06 02:23:03 UTC 2018 /home/travis/build/icyphy/ptII/ptolemy/domains/continuous/test/auto/ContinuousInDEDifferentRefinementsPreemptive.xml
----------------- Instantiating /home/travis/build/icyphy/ptII/ptolemy/domains/continuous/test/auto/ContinuousInDEDifferentRefinementsPreemptive.xml
50 ms. Memory: 872960K Free: 166458K (19%)
----------------- Invoking toplevel() on ptolemy.moml.MoMLSimpleApplication@6c77c9b7
----------------- Done invoking toplevel() on ptolemy.moml.MoMLSimpleApplication@6c77c9b7
reloadAllAccessors: .ContinuousInDEDifferentRefinementsPreemptive

===========================================================================================
----------------- testing Sat Oct 06 02:23:03 UTC 2018 /home/travis/build/icyphy/ptII/ptolemy/domains/continuous/test/auto/ContinuousInDEInContinuous2.xml
----------------- Instantiating /home/travis/build/icyphy/ptII/ptolemy/domains/continuous/test/auto/ContinuousInDEInContinuous2.xml
41 ms. Memory: 872960K Free: 150724K (17%)
----------------- Invoking toplevel() on ptolemy.moml.MoMLSimpleApplication@3a1d2560
----------------- Done invoking toplevel() on ptolemy.moml.MoMLSimpleApplication@3a1d2560
reloadAllAccessors: .ContinuousInDEInContinuous2

===========================================================================================
----------------- testing Sat Oct 06 02:23:03 UTC 2018 /home/travis/build/icyphy/ptII/ptolemy/domains/continuous/test/auto/ContinuousInDEInContinuous3.xml
----------------- Instantiating /home/travis/build/icyphy/ptII/ptolemy/domains/continuous/test/auto/ContinuousInDEInContinuous3.xml
33 ms. Memory: 872960K Free: 129750K (15%)
----------------- Invoking toplevel() on ptolemy.moml.MoMLSimpleApplication@42205347
----------------- Done invoking toplevel() on ptolemy.moml.MoMLSimpleApplication@42205347
reloadAllAccessors: .ContinuousInDEInContinuous3

===========================================================================================
----------------- testing Sat Oct 06 02:23:04 UTC 2018 /home/travis/build/icyphy/ptII/ptolemy/domains/continuous/test/auto/ContinuousInDEInput.xml
----------------- Instantiating /home/travis/build/icyphy/ptII/ptolemy/domains/continuous/test/auto/ContinuousInDEInput.xml
18 ms. Memory: 872960K Free: 119271K (14%)
----------------- Invoking toplevel() on ptolemy.moml.MoMLSimpleApplication@625a07a0
----------------- Done invoking toplevel() on ptolemy.moml.MoMLSimpleApplication@625a07a0
reloadAllAccessors: .ContinuousInDEInput

===========================================================================================
----------------- testing Sat Oct 06 02:23:04 UTC 2018 /home/travis/build/icyphy/ptII/ptolemy/domains/continuous/test/auto/ContinuousInDEInput2.xml
----------------- Instantiating /home/travis/build/icyphy/ptII/ptolemy/domains/continuous/test/auto/ContinuousInDEInput2.xml
16 ms. Memory: 872960K Free: 105363K (12%)
----------------- Invoking toplevel() on ptolemy.moml.MoMLSimpleApplication@53e61056
----------------- Done invoking toplevel() on ptolemy.moml.MoMLSimpleApplication@53e61056
reloadAllAccessors: .ContinuousInDEInput2

===========================================================================================
----------------- testing Sat Oct 06 02:23:04 UTC 2018 /home/travis/build/icyphy/ptII/ptolemy/domains/continuous/test/auto/ContinuousInDEInput3.xml
----------------- Instantiating /home/travis/build/icyphy/ptII/ptolemy/domains/continuous/test/auto/ContinuousInDEInput3.xml
12 ms. Memory: 872960K Free: 94884K (11%)
----------------- Invoking toplevel() on ptolemy.moml.MoMLSimpleApplication@219e62a
----------------- Done invoking toplevel() on ptolemy.moml.MoMLSimpleApplication@219e62a
reloadAllAccessors: .ContinuousInDEInput3

===========================================================================================
----------------- testing Sat Oct 06 02:23:04 UTC 2018 /home/travis/build/icyphy/ptII/ptolemy/domains/continuous/test/auto/ContinuousInDESharingRefinement.xml
----------------- Instantiating /home/travis/build/icyphy/ptII/ptolemy/domains/continuous/test/auto/ContinuousInDESharingRefinement.xml
157 ms. Memory: 873472K Free: 781774K (90%)
----------------- Invoking toplevel() on ptolemy.moml.MoMLSimpleApplication@55708075
----------------- Done invoking toplevel() on ptolemy.moml.MoMLSimpleApplication@55708075
reloadAllAccessors: .ContinuousInDESharingRefinement

===========================================================================================
----------------- testing Sat Oct 06 02:23:04 UTC 2018 /home/travis/build/icyphy/ptII/ptolemy/domains/continuous/test/auto/ContinuousInDEwithNoPorts.xml
----------------- Instantiating /home/travis/build/icyphy/ptII/ptolemy/domains/continuous/test/auto/ContinuousInDEwithNoPorts.xml
2 ms. Memory: 873472K Free: 768938K (88%)
----------------- Invoking toplevel() on ptolemy.moml.MoMLSimpleApplication@3a354e63
----------------- Done invoking toplevel() on ptolemy.moml.MoMLSimpleApplication@3a354e63
reloadAllAccessors: .ContinuousInDEwithNoPorts

===========================================================================================
----------------- testing Sat Oct 06 02:23:04 UTC 2018 /home/travis/build/icyphy/ptII/ptolemy/domains/continuous/test/auto/ContinuousInsideDE.xml
----------------- Instantiating /home/travis/build/icyphy/ptII/ptolemy/domains/continuous/test/auto/ContinuousInsideDE.xml
36 ms. Memory: 873472K Free: 749274K (86%)
----------------- Invoking toplevel() on ptolemy.moml.MoMLSimpleApplication@d53adcd
----------------- Done invoking toplevel() on ptolemy.moml.MoMLSimpleApplication@d53adcd
reloadAllAccessors: .ContinuousInsideDE

===========================================================================================
----------------- testing Sat Oct 06 02:23:04 UTC 2018 /home/travis/build/icyphy/ptII/ptolemy/domains/continuous/test/auto/ContinuousMerge1.xml
----------------- Instantiating /home/travis/build/icyphy/ptII/ptolemy/domains/continuous/test/auto/ContinuousMerge1.xml
3 ms. Memory: 873472K Free: 739110K (85%)
----------------- Invoking toplevel() on ptolemy.moml.MoMLSimpleApplication@1c30197a
----------------- Done invoking toplevel() on ptolemy.moml.MoMLSimpleApplication@1c30197a
reloadAllAccessors: .ContinuousMerge1

===========================================================================================
----------------- testing Sat Oct 06 02:23:04 UTC 2018 /home/travis/build/icyphy/ptII/ptolemy/domains/continuous/test/auto/ContinuousMerge2.xml
----------------- Instantiating /home/travis/build/icyphy/ptII/ptolemy/domains/continuous/test/auto/ContinuousMerge2.xml
10 ms. Memory: 873472K Free: 723212K (83%)
----------------- Invoking toplevel() on ptolemy.moml.MoMLSimpleApplication@73523fb9
----------------- Done invoking toplevel() on ptolemy.moml.MoMLSimpleApplication@73523fb9
reloadAllAccessors: .ContinuousMerge2

===========================================================================================
----------------- testing Sat Oct 06 02:23:04 UTC 2018 /home/travis/build/icyphy/ptII/ptolemy/domains/continuous/test/auto/ContinuousMerge3.xml
----------------- Instantiating /home/travis/build/icyphy/ptII/ptolemy/domains/continuous/test/auto/ContinuousMerge3.xml
44 ms. Memory: 873472K Free: 707478K (81%)
----------------- Invoking toplevel() on ptolemy.moml.MoMLSimpleApplication@268df8b7
----------------- Done invoking toplevel() on ptolemy.moml.MoMLSimpleApplication@268df8b7
reloadAllAccessors: .ContinuousMerge3

===========================================================================================
----------------- testing Sat Oct 06 02:23:04 UTC 2018 /home/travis/build/icyphy/ptII/ptolemy/domains/continuous/test/auto/ContinuousWithinContinuous.xml
----------------- Instantiating /home/travis/build/icyphy/ptII/ptolemy/domains/continuous/test/auto/ContinuousWithinContinuous.xml
40 ms. Memory: 873472K Free: 689439K (79%)
----------------- Invoking toplevel() on ptolemy.moml.MoMLSimpleApplication@68810504
----------------- Done invoking toplevel() on ptolemy.moml.MoMLSimpleApplication@68810504
reloadAllAccessors: .ContinuousWithinContinuous

===========================================================================================
----------------- testing Sat Oct 06 02:23:04 UTC 2018 /home/travis/build/icyphy/ptII/ptolemy/domains/continuous/test/auto/ContinuousWithinContinuous2.xml
----------------- Instantiating /home/travis/build/icyphy/ptII/ptolemy/domains/continuous/test/auto/ContinuousWithinContinuous2.xml
76 ms. Memory: 873472K Free: 677650K (78%)
----------------- Invoking toplevel() on ptolemy.moml.MoMLSimpleApplication@205659df
----------------- Done invoking toplevel() on ptolemy.moml.MoMLSimpleApplication@205659df
reloadAllAccessors: .ContinuousWithinContinuous2

===========================================================================================
----------------- testing Sat Oct 06 02:23:04 UTC 2018 /home/travis/build/icyphy/ptII/ptolemy/domains/continuous/test/auto/ContinuousWithinContinuous3.xml
----------------- Instantiating /home/travis/build/icyphy/ptII/ptolemy/domains/continuous/test/auto/ContinuousWithinContinuous3.xml
13 ms. Memory: 873472K Free: 665845K (76%)
----------------- Invoking toplevel() on ptolemy.moml.MoMLSimpleApplication@5c86f2
----------------- Done invoking toplevel() on ptolemy.moml.MoMLSimpleApplication@5c86f2
reloadAllAccessors: .ContinuousWithinContinuous3

===========================================================================================
----------------- testing Sat Oct 06 02:23:04 UTC 2018 /home/travis/build/icyphy/ptII/ptolemy/domains/continuous/test/auto/ContinuousWithinContinuous4.xml
----------------- Instantiating /home/travis/build/icyphy/ptII/ptolemy/domains/continuous/test/auto/ContinuousWithinContinuous4.xml
72 ms. Memory: 873472K Free: 643876K (74%)
----------------- Invoking toplevel() on ptolemy.moml.MoMLSimpleApplication@44651386
----------------- Done invoking toplevel() on ptolemy.moml.MoMLSimpleApplication@44651386
reloadAllAccessors: .ContinuousWithinContinuous4

===========================================================================================
----------------- testing Sat Oct 06 02:23:04 UTC 2018 /home/travis/build/icyphy/ptII/ptolemy/domains/continuous/test/auto/ContinuousWithinContinuous5.xml
----------------- Instantiating /home/travis/build/icyphy/ptII/ptolemy/domains/continuous/test/auto/ContinuousWithinContinuous5.xml
13 ms. Memory: 873472K Free: 632072K (72%)
----------------- Invoking toplevel() on ptolemy.moml.MoMLSimpleApplication@34ae2f7d
----------------- Done invoking toplevel() on ptolemy.moml.MoMLSimpleApplication@34ae2f7d
reloadAllAccessors: .ContinuousWithinContinuous5

===========================================================================================
----------------- testing Sat Oct 06 02:23:04 UTC 2018 /home/travis/build/icyphy/ptII/ptolemy/domains/continuous/test/auto/ContinuousWithinContinuous6.xml
----------------- Instantiating /home/travis/build/icyphy/ptII/ptolemy/domains/continuous/test/auto/ContinuousWithinContinuous6.xml
12 ms. Memory: 873472K Free: 620282K (71%)
----------------- Invoking toplevel() on ptolemy.moml.MoMLSimpleApplication@107a07c8
----------------- Done invoking toplevel() on ptolemy.moml.MoMLSimpleApplication@107a07c8
reloadAllAccessors: .ContinuousWithinContinuous6

===========================================================================================
----------------- testing Sat Oct 06 02:23:04 UTC 2018 /home/travis/build/icyphy/ptII/ptolemy/domains/continuous/test/auto/ContinuousWithinContinuous7.xml
----------------- Instantiating /home/travis/build/icyphy/ptII/ptolemy/domains/continuous/test/auto/ContinuousWithinContinuous7.xml
66 ms. Memory: 873472K Free: 606189K (69%)
----------------- Invoking toplevel() on ptolemy.moml.MoMLSimpleApplication@6657cbfd
----------------- Done invoking toplevel() on ptolemy.moml.MoMLSimpleApplication@6657cbfd
reloadAllAccessors: .ContinuousWithinContinuous7

===========================================================================================
----------------- testing Sat Oct 06 02:23:04 UTC 2018 /home/travis/build/icyphy/ptII/ptolemy/domains/continuous/test/auto/DCMotor.xml
----------------- Instantiating /home/travis/build/icyphy/ptII/ptolemy/domains/continuous/test/auto/DCMotor.xml
15370 ms. Memory: 697344K Free: 639587K (92%)
----------------- Invoking toplevel() on ptolemy.moml.MoMLSimpleApplication@4d1745f
----------------- Done invoking toplevel() on ptolemy.moml.MoMLSimpleApplication@4d1745f
reloadAllAccessors: .DCMotor

===========================================================================================
----------------- testing Sat Oct 06 02:23:20 UTC 2018 /home/travis/build/icyphy/ptII/ptolemy/domains/continuous/test/auto/DEInContinuous.xml
----------------- Instantiating /home/travis/build/icyphy/ptII/ptolemy/domains/continuous/test/auto/DEInContinuous.xml
6 ms. Memory: 697344K Free: 624248K (90%)
----------------- Invoking toplevel() on ptolemy.moml.MoMLSimpleApplication@26c7c1c6
----------------- Done invoking toplevel() on ptolemy.moml.MoMLSimpleApplication@26c7c1c6
reloadAllAccessors: .DEInContinuous

===========================================================================================
----------------- testing Sat Oct 06 02:23:20 UTC 2018 /home/travis/build/icyphy/ptII/ptolemy/domains/continuous/test/auto/DEinContinuous2.xml
----------------- Instantiating /home/travis/build/icyphy/ptII/ptolemy/domains/continuous/test/auto/DEinContinuous2.xml
5 ms. Memory: 697344K Free: 604520K (87%)
----------------- Invoking toplevel() on ptolemy.moml.MoMLSimpleApplication@3cc2020d
----------------- Done invoking toplevel() on ptolemy.moml.MoMLSimpleApplication@3cc2020d
reloadAllAccessors: .DEinContinuous2

===========================================================================================
----------------- testing Sat Oct 06 02:23:20 UTC 2018 /home/travis/build/icyphy/ptII/ptolemy/domains/continuous/test/auto/Derivative.xml
----------------- Instantiating /home/travis/build/icyphy/ptII/ptolemy/domains/continuous/test/auto/Derivative.xml
140 ms. Memory: 697344K Free: 566279K (81%)
----------------- Invoking toplevel() on ptolemy.moml.MoMLSimpleApplication@39150921
----------------- Done invoking toplevel() on ptolemy.moml.MoMLSimpleApplication@39150921
reloadAllAccessors: .Derivative2

===========================================================================================
----------------- testing Sat Oct 06 02:23:20 UTC 2018 /home/travis/build/icyphy/ptII/ptolemy/domains/continuous/test/auto/Derivative1.xml
----------------- Instantiating /home/travis/build/icyphy/ptII/ptolemy/domains/continuous/test/auto/Derivative1.xml
18 ms. Memory: 697344K Free: 547801K (79%)
----------------- Invoking toplevel() on ptolemy.moml.MoMLSimpleApplication@2bfd8994
----------------- Done invoking toplevel() on ptolemy.moml.MoMLSimpleApplication@2bfd8994
reloadAllAccessors: .Derivative1

===========================================================================================
----------------- testing Sat Oct 06 02:23:20 UTC 2018 /home/travis/build/icyphy/ptII/ptolemy/domains/continuous/test/auto/DiscreteClock.xml
----------------- Instantiating /home/travis/build/icyphy/ptII/ptolemy/domains/continuous/test/auto/DiscreteClock.xml
3 ms. Memory: 697344K Free: 534248K (77%)
----------------- Invoking toplevel() on ptolemy.moml.MoMLSimpleApplication@50fc0898
----------------- Done invoking toplevel() on ptolemy.moml.MoMLSimpleApplication@50fc0898
reloadAllAccessors: .DiscreteClock

===========================================================================================
----------------- testing Sat Oct 06 02:23:20 UTC 2018 /home/travis/build/icyphy/ptII/ptolemy/domains/continuous/test/auto/EfficiencyCurve.xml
----------------- Instantiating /home/travis/build/icyphy/ptII/ptolemy/domains/continuous/test/auto/EfficiencyCurve.xml
41 ms. Memory: 697344K Free: 520696K (75%)
----------------- Invoking toplevel() on ptolemy.moml.MoMLSimpleApplication@37502d03
----------------- Done invoking toplevel() on ptolemy.moml.MoMLSimpleApplication@37502d03
reloadAllAccessors: .EfficiencyCurve

===========================================================================================
----------------- testing Sat Oct 06 02:23:20 UTC 2018 /home/travis/build/icyphy/ptII/ptolemy/domains/continuous/test/auto/ExponentialResponse.xml
----------------- Instantiating /home/travis/build/icyphy/ptII/ptolemy/domains/continuous/test/auto/ExponentialResponse.xml
101 ms. Memory: 697344K Free: 496058K (71%)
----------------- Invoking toplevel() on ptolemy.moml.MoMLSimpleApplication@1a9030d6
----------------- Done invoking toplevel() on ptolemy.moml.MoMLSimpleApplication@1a9030d6
reloadAllAccessors: .ExponentialResponse

===========================================================================================
----------------- testing Sat Oct 06 02:23:20 UTC 2018 /home/travis/build/icyphy/ptII/ptolemy/domains/continuous/test/auto/ExponentialResponseRK45.xml
----------------- Instantiating /home/travis/build/icyphy/ptII/ptolemy/domains/continuous/test/auto/ExponentialResponseRK45.xml
24 ms. Memory: 697344K Free: 482505K (69%)
----------------- Invoking toplevel() on ptolemy.moml.MoMLSimpleApplication@31fcc34
----------------- Done invoking toplevel() on ptolemy.moml.MoMLSimpleApplication@31fcc34
reloadAllAccessors: .ExponentialResponseRK45

===========================================================================================
----------------- testing Sat Oct 06 02:23:20 UTC 2018 /home/travis/build/icyphy/ptII/ptolemy/domains/continuous/test/auto/Friction.xml
----------------- Instantiating /home/travis/build/icyphy/ptII/ptolemy/domains/continuous/test/auto/Friction.xml
1377 ms. Memory: 674816K Free: 608192K (90%)
----------------- Invoking toplevel() on ptolemy.moml.MoMLSimpleApplication@31c918cd
----------------- Done invoking toplevel() on ptolemy.moml.MoMLSimpleApplication@31c918cd
reloadAllAccessors: .Friction

===========================================================================================
----------------- testing Sat Oct 06 02:23:22 UTC 2018 /home/travis/build/icyphy/ptII/ptolemy/domains/continuous/test/auto/FurutaPendulum.xml
----------------- Instantiating /home/travis/build/icyphy/ptII/ptolemy/domains/continuous/test/auto/FurutaPendulum.xml
3497 ms. Memory: 674816K Free: 102392K (15%)
----------------- Invoking toplevel() on ptolemy.moml.MoMLSimpleApplication@1bf9cfc1
----------------- Done invoking toplevel() on ptolemy.moml.MoMLSimpleApplication@1bf9cfc1
reloadAllAccessors: .FurutaPendulum

===========================================================================================
----------------- testing Sat Oct 06 02:23:26 UTC 2018 /home/travis/build/icyphy/ptII/ptolemy/domains/continuous/test/auto/HierarchicalExecution.xml
----------------- Instantiating /home/travis/build/icyphy/ptII/ptolemy/domains/continuous/test/auto/HierarchicalExecution.xml
2137 ms. Memory: 646656K Free: 325371K (50%)
----------------- Invoking toplevel() on ptolemy.moml.MoMLSimpleApplication@123bb5b
----------------- Done invoking toplevel() on ptolemy.moml.MoMLSimpleApplication@123bb5b
reloadAllAccessors: .HierarchicalExecution

===========================================================================================
----------------- testing Sat Oct 06 02:23:28 UTC 2018 /home/travis/build/icyphy/ptII/ptolemy/domains/continuous/test/auto/HybridPlant.xml
----------------- Instantiating /home/travis/build/icyphy/ptII/ptolemy/domains/continuous/test/auto/HybridPlant.xml
558 ms. Memory: 619520K Free: 574684K (93%)
----------------- Invoking toplevel() on ptolemy.moml.MoMLSimpleApplication@1c5c526c
----------------- Done invoking toplevel() on ptolemy.moml.MoMLSimpleApplication@1c5c526c
reloadAllAccessors: .HybridPlant

===========================================================================================
----------------- testing Sat Oct 06 02:23:29 UTC 2018 /home/travis/build/icyphy/ptII/ptolemy/domains/continuous/test/auto/Hysteresis.xml
----------------- Instantiating /home/travis/build/icyphy/ptII/ptolemy/domains/continuous/test/auto/Hysteresis.xml
153 ms. Memory: 619520K Free: 504108K (81%)
----------------- Invoking toplevel() on ptolemy.moml.MoMLSimpleApplication@a637c75
----------------- Done invoking toplevel() on ptolemy.moml.MoMLSimpleApplication@a637c75
reloadAllAccessors: .Hysteresis

===========================================================================================
----------------- testing Sat Oct 06 02:23:29 UTC 2018 /home/travis/build/icyphy/ptII/ptolemy/domains/continuous/test/auto/HysteresisWithRandomDelay.xml
----------------- Instantiating /home/travis/build/icyphy/ptII/ptolemy/domains/continuous/test/auto/HysteresisWithRandomDelay.xml
181 ms. Memory: 619520K Free: 421220K (68%)
----------------- Invoking toplevel() on ptolemy.moml.MoMLSimpleApplication@366702ab
----------------- Done invoking toplevel() on ptolemy.moml.MoMLSimpleApplication@366702ab
reloadAllAccessors: .HysteresisWithRandomDelay

===========================================================================================
----------------- testing Sat Oct 06 02:23:29 UTC 2018 /home/travis/build/icyphy/ptII/ptolemy/domains/continuous/test/auto/HysteresisWithRandomLosses.xml
----------------- Instantiating /home/travis/build/icyphy/ptII/ptolemy/domains/continuous/test/auto/HysteresisWithRandomLosses.xml
2441 ms. Memory: 591872K Free: 114170K (19%)
----------------- Invoking toplevel() on ptolemy.moml.MoMLSimpleApplication@4ee129b3
----------------- Done invoking toplevel() on ptolemy.moml.MoMLSimpleApplication@4ee129b3
reloadAllAccessors: .HysteresisWithRandomLosses

===========================================================================================
----------------- testing Sat Oct 06 02:23:32 UTC 2018 /home/travis/build/icyphy/ptII/ptolemy/domains/continuous/test/auto/ImmediateTransitions.xml
----------------- Instantiating /home/travis/build/icyphy/ptII/ptolemy/domains/continuous/test/auto/ImmediateTransitions.xml
10 ms. Memory: 591872K Free: 98640K (17%)
----------------- Invoking toplevel() on ptolemy.moml.MoMLSimpleApplication@7d6c54de
----------------- Done invoking toplevel() on ptolemy.moml.MoMLSimpleApplication@7d6c54de
reloadAllAccessors: .ImmediateTransitions

===========================================================================================
----------------- testing Sat Oct 06 02:23:32 UTC 2018 /home/travis/build/icyphy/ptII/ptolemy/domains/continuous/test/auto/ImpulseFeedback.xml
----------------- Instantiating /home/travis/build/icyphy/ptII/ptolemy/domains/continuous/test/auto/ImpulseFeedback.xml
7 ms. Memory: 591872K Free: 90147K (15%)
----------------- Invoking toplevel() on ptolemy.moml.MoMLSimpleApplication@bf3471d
----------------- Done invoking toplevel() on ptolemy.moml.MoMLSimpleApplication@bf3471d
reloadAllAccessors: .ImpulseFeedback

===========================================================================================
----------------- testing Sat Oct 06 02:23:32 UTC 2018 /home/travis/build/icyphy/ptII/ptolemy/domains/continuous/test/auto/ImpulseFeedback2.xml
----------------- Instantiating /home/travis/build/icyphy/ptII/ptolemy/domains/continuous/test/auto/ImpulseFeedback2.xml
7 ms. Memory: 591872K Free: 81658K (14%)
----------------- Invoking toplevel() on ptolemy.moml.MoMLSimpleApplication@baf2455
----------------- Done invoking toplevel() on ptolemy.moml.MoMLSimpleApplication@baf2455
reloadAllAccessors: .ImpulseFeedback2

===========================================================================================
----------------- testing Sat Oct 06 02:23:32 UTC 2018 /home/travis/build/icyphy/ptII/ptolemy/domains/continuous/test/auto/IncreasingRatePoisson.xml
----------------- Instantiating /home/travis/build/icyphy/ptII/ptolemy/domains/continuous/test/auto/IncreasingRatePoisson.xml
746 ms. Memory: 565760K Free: 222251K (39%)
----------------- Invoking toplevel() on ptolemy.moml.MoMLSimpleApplication@72be8ea0
----------------- Done invoking toplevel() on ptolemy.moml.MoMLSimpleApplication@72be8ea0
reloadAllAccessors: .IncreasingRatePoisson

===========================================================================================
----------------- testing Sat Oct 06 02:23:32 UTC 2018 /home/travis/build/icyphy/ptII/ptolemy/domains/continuous/test/auto/InitialStateFeedback.xml
----------------- Instantiating /home/travis/build/icyphy/ptII/ptolemy/domains/continuous/test/auto/InitialStateFeedback.xml
3 ms. Memory: 565760K Free: 212736K (38%)
----------------- Invoking toplevel() on ptolemy.moml.MoMLSimpleApplication@429ced66
----------------- Done invoking toplevel() on ptolemy.moml.MoMLSimpleApplication@429ced66
reloadAllAccessors: .InitialStateFeedback

===========================================================================================
----------------- testing Sat Oct 06 02:23:32 UTC 2018 /home/travis/build/icyphy/ptII/ptolemy/domains/continuous/test/auto/Integration.xml
----------------- Instantiating /home/travis/build/icyphy/ptII/ptolemy/domains/continuous/test/auto/Integration.xml
1 ms. Memory: 565760K Free: 204664K (36%)
----------------- Invoking toplevel() on ptolemy.moml.MoMLSimpleApplication@27200786
----------------- Done invoking toplevel() on ptolemy.moml.MoMLSimpleApplication@27200786
reloadAllAccessors: .Integration

===========================================================================================
----------------- testing Sat Oct 06 02:23:32 UTC 2018 /home/travis/build/icyphy/ptII/ptolemy/domains/continuous/test/auto/Integration2.xml
----------------- Instantiating /home/travis/build/icyphy/ptII/ptolemy/domains/continuous/test/auto/Integration2.xml
86 ms. Memory: 565760K Free: 186744K (33%)
----------------- Invoking toplevel() on ptolemy.moml.MoMLSimpleApplication@12938610
----------------- Done invoking toplevel() on ptolemy.moml.MoMLSimpleApplication@12938610
reloadAllAccessors: .Integration2

===========================================================================================
----------------- testing Sat Oct 06 02:23:33 UTC 2018 /home/travis/build/icyphy/ptII/ptolemy/domains/continuous/test/auto/Integration3.xml
----------------- Instantiating /home/travis/build/icyphy/ptII/ptolemy/domains/continuous/test/auto/Integration3.xml
2 ms. Memory: 565760K Free: 178671K (32%)
----------------- Invoking toplevel() on ptolemy.moml.MoMLSimpleApplication@74a04ace
----------------- Done invoking toplevel() on ptolemy.moml.MoMLSimpleApplication@74a04ace
reloadAllAccessors: .Integration3

===========================================================================================
----------------- testing Sat Oct 06 02:23:33 UTC 2018 /home/travis/build/icyphy/ptII/ptolemy/domains/continuous/test/auto/Integration5.xml
----------------- Instantiating /home/travis/build/icyphy/ptII/ptolemy/domains/continuous/test/auto/Integration5.xml
3 ms. Memory: 565760K Free: 170614K (30%)
----------------- Invoking toplevel() on ptolemy.moml.MoMLSimpleApplication@3e2fd085
----------------- Done invoking toplevel() on ptolemy.moml.MoMLSimpleApplication@3e2fd085
reloadAllAccessors: .Integration5

===========================================================================================
----------------- testing Sat Oct 06 02:23:33 UTC 2018 /home/travis/build/icyphy/ptII/ptolemy/domains/continuous/test/auto/IntegratorImpulse.xml
----------------- Instantiating /home/travis/build/icyphy/ptII/ptolemy/domains/continuous/test/auto/IntegratorImpulse.xml
2 ms. Memory: 565760K Free: 162382K (29%)
----------------- Invoking toplevel() on ptolemy.moml.MoMLSimpleApplication@2ac2403d
----------------- Done invoking toplevel() on ptolemy.moml.MoMLSimpleApplication@2ac2403d
reloadAllAccessors: .IntegratorImpulse

===========================================================================================
----------------- testing Sat Oct 06 02:23:33 UTC 2018 /home/travis/build/icyphy/ptII/ptolemy/domains/continuous/test/auto/IntegratorImpulse2.xml
----------------- Instantiating /home/travis/build/icyphy/ptII/ptolemy/domains/continuous/test/auto/IntegratorImpulse2.xml
4 ms. Memory: 565760K Free: 154308K (27%)
----------------- Invoking toplevel() on ptolemy.moml.MoMLSimpleApplication@7d4202f5
----------------- Done invoking toplevel() on ptolemy.moml.MoMLSimpleApplication@7d4202f5
reloadAllAccessors: .IntegratorImpulse2

===========================================================================================
----------------- testing Sat Oct 06 02:23:33 UTC 2018 /home/travis/build/icyphy/ptII/ptolemy/domains/continuous/test/auto/LevelCrossing1.xml
----------------- Instantiating /home/travis/build/icyphy/ptII/ptolemy/domains/continuous/test/auto/LevelCrossing1.xml
2 ms. Memory: 565760K Free: 146084K (26%)
----------------- Invoking toplevel() on ptolemy.moml.MoMLSimpleApplication@59c03cfd
----------------- Done invoking toplevel() on ptolemy.moml.MoMLSimpleApplication@59c03cfd
reloadAllAccessors: .LevelCrossing1

===========================================================================================
----------------- testing Sat Oct 06 02:23:33 UTC 2018 /home/travis/build/icyphy/ptII/ptolemy/domains/continuous/test/auto/LevelCrossing2.xml
----------------- Instantiating /home/travis/build/icyphy/ptII/ptolemy/domains/continuous/test/auto/LevelCrossing2.xml
3 ms. Memory: 565760K Free: 138018K (24%)
----------------- Invoking toplevel() on ptolemy.moml.MoMLSimpleApplication@3d2e83ee
----------------- Done invoking toplevel() on ptolemy.moml.MoMLSimpleApplication@3d2e83ee
reloadAllAccessors: .LevelCrossing2

===========================================================================================
----------------- testing Sat Oct 06 02:23:33 UTC 2018 /home/travis/build/icyphy/ptII/ptolemy/domains/continuous/test/auto/LevelCrossing3.xml
----------------- Instantiating /home/travis/build/icyphy/ptII/ptolemy/domains/continuous/test/auto/LevelCrossing3.xml
2 ms. Memory: 565760K Free: 129794K (23%)
----------------- Invoking toplevel() on ptolemy.moml.MoMLSimpleApplication@2f29b216
----------------- Done invoking toplevel() on ptolemy.moml.MoMLSimpleApplication@2f29b216
reloadAllAccessors: .LevelCrossing3

===========================================================================================
----------------- testing Sat Oct 06 02:23:33 UTC 2018 /home/travis/build/icyphy/ptII/ptolemy/domains/continuous/test/auto/LevelCrossing4.xml
----------------- Instantiating /home/travis/build/icyphy/ptII/ptolemy/domains/continuous/test/auto/LevelCrossing4.xml
3 ms. Memory: 565760K Free: 121737K (22%)
----------------- Invoking toplevel() on ptolemy.moml.MoMLSimpleApplication@4c826767
----------------- Done invoking toplevel() on ptolemy.moml.MoMLSimpleApplication@4c826767
reloadAllAccessors: .LevelCrossing4

===========================================================================================
----------------- testing Sat Oct 06 02:23:33 UTC 2018 /home/travis/build/icyphy/ptII/ptolemy/domains/continuous/test/auto/LevelCrossing5.xml
----------------- Instantiating /home/travis/build/icyphy/ptII/ptolemy/domains/continuous/test/auto/LevelCrossing5.xml
3 ms. Memory: 565760K Free: 113505K (20%)
----------------- Invoking toplevel() on ptolemy.moml.MoMLSimpleApplication@52412f78
----------------- Done invoking toplevel() on ptolemy.moml.MoMLSimpleApplication@52412f78
reloadAllAccessors: .LevelCrossing5

===========================================================================================
[...]
----------------- Instantiating /home/travis/build/icyphy/ptII/ptolemy/domains/continuous/test/auto/SRinContinuous.xml
4 ms. Memory: 365056K Free: 171977K (47%)
----------------- Invoking toplevel() on ptolemy.moml.MoMLSimpleApplication@b2d91fd
----------------- Done invoking toplevel() on ptolemy.moml.MoMLSimpleApplication@b2d91fd
reloadAllAccessors: .SRinContinuous

===========================================================================================
----------------- testing Sat Oct 06 02:23:55 UTC 2018 /home/travis/build/icyphy/ptII/ptolemy/domains/continuous/test/auto/SampledClocks.xml
----------------- Instantiating /home/travis/build/icyphy/ptII/ptolemy/domains/continuous/test/auto/SampledClocks.xml
4 ms. Memory: 365056K Free: 159920K (44%)
----------------- Invoking toplevel() on ptolemy.moml.MoMLSimpleApplication@592da605
----------------- Done invoking toplevel() on ptolemy.moml.MoMLSimpleApplication@592da605
reloadAllAccessors: .SampledClocks

===========================================================================================
----------------- testing Sat Oct 06 02:23:55 UTC 2018 /home/travis/build/icyphy/ptII/ptolemy/domains/continuous/test/auto/Satellite.xml
----------------- Instantiating /home/travis/build/icyphy/ptII/ptolemy/domains/continuous/test/auto/Satellite.xml
1056 ms. Memory: 346624K Free: 231919K (67%)
----------------- Invoking toplevel() on ptolemy.moml.MoMLSimpleApplication@30c6cd57
----------------- Done invoking toplevel() on ptolemy.moml.MoMLSimpleApplication@30c6cd57
reloadAllAccessors: .Satellite

===========================================================================================
----------------- testing Sat Oct 06 02:23:56 UTC 2018 /home/travis/build/icyphy/ptII/ptolemy/domains/continuous/test/auto/SigmaDelta.xml
----------------- Instantiating /home/travis/build/icyphy/ptII/ptolemy/domains/continuous/test/auto/SigmaDelta.xml
2759 ms. Memory: 418816K Free: 172724K (41%)
----------------- Invoking toplevel() on ptolemy.moml.MoMLSimpleApplication@586a4954
----------------- Done invoking toplevel() on ptolemy.moml.MoMLSimpleApplication@586a4954
reloadAllAccessors: .SigmaDelta

===========================================================================================
----------------- testing Sat Oct 06 02:23:59 UTC 2018 /home/travis/build/icyphy/ptII/ptolemy/domains/continuous/test/auto/SingleRefinement.xml
----------------- Instantiating /home/travis/build/icyphy/ptII/ptolemy/domains/continuous/test/auto/SingleRefinement.xml
317 ms. Memory: 496640K Free: 392803K (79%)
----------------- Invoking toplevel() on ptolemy.moml.MoMLSimpleApplication@631712c3
----------------- Done invoking toplevel() on ptolemy.moml.MoMLSimpleApplication@631712c3
reloadAllAccessors: .SingleRefinement

===========================================================================================
----------------- testing Sat Oct 06 02:23:59 UTC 2018 /home/travis/build/icyphy/ptII/ptolemy/domains/continuous/test/auto/SinuBouncingBall.xml
----------------- Instantiating /home/travis/build/icyphy/ptII/ptolemy/domains/continuous/test/auto/SinuBouncingBall.xml
801 ms. Memory: 496640K Free: 165961K (33%)
----------------- Invoking toplevel() on ptolemy.moml.MoMLSimpleApplication@254e42aa
----------------- Done invoking toplevel() on ptolemy.moml.MoMLSimpleApplication@254e42aa
reloadAllAccessors: .SinuBouncingBall

===========================================================================================
----------------- testing Sat Oct 06 02:24:00 UTC 2018 /home/travis/build/icyphy/ptII/ptolemy/domains/continuous/test/auto/Sinusoid.xml
----------------- Instantiating /home/travis/build/icyphy/ptII/ptolemy/domains/continuous/test/auto/Sinusoid.xml
4 ms. Memory: 496640K Free: 158793K (32%)
----------------- Invoking toplevel() on ptolemy.moml.MoMLSimpleApplication@465ee465
----------------- Done invoking toplevel() on ptolemy.moml.MoMLSimpleApplication@465ee465
reloadAllAccessors: .Sinusoid

===========================================================================================
----------------- testing Sat Oct 06 02:24:00 UTC 2018 /home/travis/build/icyphy/ptII/ptolemy/domains/continuous/test/auto/SinusoidInNoise.xml
----------------- Instantiating /home/travis/build/icyphy/ptII/ptolemy/domains/continuous/test/auto/SinusoidInNoise.xml
1088 ms. Memory: 478208K Free: 339778K (71%)
----------------- Invoking toplevel() on ptolemy.moml.MoMLSimpleApplication@4aacd9af
----------------- Done invoking toplevel() on ptolemy.moml.MoMLSimpleApplication@4aacd9af
reloadAllAccessors: .SinusoidInNoise

===========================================================================================
----------------- testing Sat Oct 06 02:24:01 UTC 2018 /home/travis/build/icyphy/ptII/ptolemy/domains/continuous/test/auto/SinusoidRK45.xml
----------------- Instantiating /home/travis/build/icyphy/ptII/ptolemy/domains/continuous/test/auto/SinusoidRK45.xml
3 ms. Memory: 478208K Free: 332448K (70%)
----------------- Invoking toplevel() on ptolemy.moml.MoMLSimpleApplication@4af8f9f6
----------------- Done invoking toplevel() on ptolemy.moml.MoMLSimpleApplication@4af8f9f6
reloadAllAccessors: .SinusoidRK45

===========================================================================================
----------------- testing Sat Oct 06 02:24:01 UTC 2018 /home/travis/build/icyphy/ptII/ptolemy/domains/continuous/test/auto/SinusoidWithMultipleImpulses.xml
----------------- Instantiating /home/travis/build/icyphy/ptII/ptolemy/domains/continuous/test/auto/SinusoidWithMultipleImpulses.xml
3 ms. Memory: 478208K Free: 323586K (68%)
----------------- Invoking toplevel() on ptolemy.moml.MoMLSimpleApplication@25bbb79f
----------------- Done invoking toplevel() on ptolemy.moml.MoMLSimpleApplication@25bbb79f
reloadAllAccessors: .SinusoidWithMultipleImpulses

===========================================================================================
----------------- testing Sat Oct 06 02:24:01 UTC 2018 /home/travis/build/icyphy/ptII/ptolemy/domains/continuous/test/auto/SquareWave.xml
----------------- Instantiating /home/travis/build/icyphy/ptII/ptolemy/domains/continuous/test/auto/SquareWave.xml
170 ms. Memory: 478208K Free: 293637K (61%)
----------------- Invoking toplevel() on ptolemy.moml.MoMLSimpleApplication@1d7fc9ef
----------------- Done invoking toplevel() on ptolemy.moml.MoMLSimpleApplication@1d7fc9ef
reloadAllAccessors: .SquareWave

===========================================================================================
----------------- testing Sat Oct 06 02:24:01 UTC 2018 /home/travis/build/icyphy/ptII/ptolemy/domains/continuous/test/auto/Starmac.xml
----------------- Instantiating /home/travis/build/icyphy/ptII/ptolemy/domains/continuous/test/auto/Starmac.xml
3066 ms. Memory: 463360K Free: 285265K (62%)
----------------- Invoking toplevel() on ptolemy.moml.MoMLSimpleApplication@39226add
----------------- Done invoking toplevel() on ptolemy.moml.MoMLSimpleApplication@39226add
reloadAllAccessors: .Starmac

===========================================================================================
----------------- testing Sat Oct 06 02:24:05 UTC 2018 /home/travis/build/icyphy/ptII/ptolemy/domains/continuous/test/auto/StaticUnits.xml
----------------- Instantiating /home/travis/build/icyphy/ptII/ptolemy/domains/continuous/test/auto/StaticUnits.xml
2773 ms. Memory: 445952K Free: 148702K (33%)
----------------- Invoking toplevel() on ptolemy.moml.MoMLSimpleApplication@4694b726
----------------- Done invoking toplevel() on ptolemy.moml.MoMLSimpleApplication@4694b726
reloadAllAccessors: .StaticUnits

===========================================================================================
----------------- testing Sat Oct 06 02:24:08 UTC 2018 /home/travis/build/icyphy/ptII/ptolemy/domains/continuous/test/auto/StickyMasses.xml
----------------- Instantiating /home/travis/build/icyphy/ptII/ptolemy/domains/continuous/test/auto/StickyMasses.xml
139 ms. Memory: 445952K Free: 90082K (20%)
----------------- Invoking toplevel() on ptolemy.moml.MoMLSimpleApplication@2ac63c7f
----------------- Done invoking toplevel() on ptolemy.moml.MoMLSimpleApplication@2ac63c7f
reloadAllAccessors: .StickyMasses

===========================================================================================
----------------- testing Sat Oct 06 02:24:08 UTC 2018 /home/travis/build/icyphy/ptII/ptolemy/domains/continuous/test/auto/StopTime.xml
----------------- Instantiating /home/travis/build/icyphy/ptII/ptolemy/domains/continuous/test/auto/StopTime.xml
45 ms. Memory: 445952K Free: 62030K (14%)
----------------- Invoking toplevel() on ptolemy.moml.MoMLSimpleApplication@6585d2bc
----------------- Done invoking toplevel() on ptolemy.moml.MoMLSimpleApplication@6585d2bc
reloadAllAccessors: .StopTime

===========================================================================================
----------------- testing Sat Oct 06 02:24:08 UTC 2018 /home/travis/build/icyphy/ptII/ptolemy/domains/continuous/test/auto/StopTime2.xml
----------------- Instantiating /home/travis/build/icyphy/ptII/ptolemy/domains/continuous/test/auto/StopTime2.xml
36 ms. Memory: 445952K Free: 35801K (8%)
----------------- Invoking toplevel() on ptolemy.moml.MoMLSimpleApplication@347ab687
----------------- Done invoking toplevel() on ptolemy.moml.MoMLSimpleApplication@347ab687
reloadAllAccessors: .StopTime2

===========================================================================================
----------------- testing Sat Oct 06 02:24:08 UTC 2018 /home/travis/build/icyphy/ptII/ptolemy/domains/continuous/test/auto/Switch.xml
----------------- Instantiating /home/travis/build/icyphy/ptII/ptolemy/domains/continuous/test/auto/Switch.xml
49 ms. Memory: 424960K Free: 346813K (82%)
----------------- Invoking toplevel() on ptolemy.moml.MoMLSimpleApplication@1e7b39b5
----------------- Done invoking toplevel() on ptolemy.moml.MoMLSimpleApplication@1e7b39b5
reloadAllAccessors: .Switch

===========================================================================================
----------------- testing Sat Oct 06 02:24:08 UTC 2018 /home/travis/build/icyphy/ptII/ptolemy/domains/continuous/test/auto/Thermostat.xml
----------------- Instantiating /home/travis/build/icyphy/ptII/ptolemy/domains/continuous/test/auto/Thermostat.xml
184 ms. Memory: 424960K Free: 266796K (63%)
----------------- Invoking toplevel() on ptolemy.moml.MoMLSimpleApplication@34d9a8ef
----------------- Done invoking toplevel() on ptolemy.moml.MoMLSimpleApplication@34d9a8ef
reloadAllAccessors: .Thermostat

===========================================================================================
----------------- testing Sat Oct 06 02:24:08 UTC 2018 /home/travis/build/icyphy/ptII/ptolemy/domains/continuous/test/auto/TimeDelay.xml
----------------- Instantiating /home/travis/build/icyphy/ptII/ptolemy/domains/continuous/test/auto/TimeDelay.xml
6 ms. Memory: 424960K Free: 258933K (61%)
----------------- Invoking toplevel() on ptolemy.moml.MoMLSimpleApplication@ca8b320
----------------- Done invoking toplevel() on ptolemy.moml.MoMLSimpleApplication@ca8b320
reloadAllAccessors: .TimeDelay

===========================================================================================
----------------- testing Sat Oct 06 02:24:08 UTC 2018 /home/travis/build/icyphy/ptII/ptolemy/domains/continuous/test/auto/TimeDelay2.xml
----------------- Instantiating /home/travis/build/icyphy/ptII/ptolemy/domains/continuous/test/auto/TimeDelay2.xml
10 ms. Memory: 424960K Free: 251133K (59%)
----------------- Invoking toplevel() on ptolemy.moml.MoMLSimpleApplication@239b6e82
----------------- Done invoking toplevel() on ptolemy.moml.MoMLSimpleApplication@239b6e82
reloadAllAccessors: .TimeDelay2

===========================================================================================
----------------- testing Sat Oct 06 02:24:08 UTC 2018 /home/travis/build/icyphy/ptII/ptolemy/domains/continuous/test/auto/TimeDelay3.xml
----------------- Instantiating /home/travis/build/icyphy/ptII/ptolemy/domains/continuous/test/auto/TimeDelay3.xml
5 ms. Memory: 424960K Free: 243270K (57%)
----------------- Invoking toplevel() on ptolemy.moml.MoMLSimpleApplication@6e11ffa2
----------------- Done invoking toplevel() on ptolemy.moml.MoMLSimpleApplication@6e11ffa2
reloadAllAccessors: .TimeDelay3

===========================================================================================
----------------- testing Sat Oct 06 02:24:08 UTC 2018 /home/travis/build/icyphy/ptII/ptolemy/domains/continuous/test/auto/TransferAbsentToInside.xml
----------------- Instantiating /home/travis/build/icyphy/ptII/ptolemy/domains/continuous/test/auto/TransferAbsentToInside.xml
28 ms. Memory: 424960K Free: 184928K (44%)
----------------- Invoking toplevel() on ptolemy.moml.MoMLSimpleApplication@7a4d5feb
----------------- Done invoking toplevel() on ptolemy.moml.MoMLSimpleApplication@7a4d5feb
reloadAllAccessors: .TransferAbsentToInside

===========================================================================================
----------------- testing Sat Oct 06 02:24:09 UTC 2018 /home/travis/build/icyphy/ptII/ptolemy/domains/continuous/test/auto/Transmission.xml
----------------- Instantiating /home/travis/build/icyphy/ptII/ptolemy/domains/continuous/test/auto/Transmission.xml
798 ms. Memory: 417280K Free: 274884K (66%)
----------------- Invoking toplevel() on ptolemy.moml.MoMLSimpleApplication@65ea0bd0
----------------- Done invoking toplevel() on ptolemy.moml.MoMLSimpleApplication@65ea0bd0
reloadAllAccessors: .Transmission

===========================================================================================
----------------- testing Sat Oct 06 02:24:09 UTC 2018 /home/travis/build/icyphy/ptII/ptolemy/domains/continuous/test/auto/TriggeredContinuousClock.xml
----------------- Instantiating /home/travis/build/icyphy/ptII/ptolemy/domains/continuous/test/auto/TriggeredContinuousClock.xml
34 ms. Memory: 417280K Free: 239696K (57%)
----------------- Invoking toplevel() on ptolemy.moml.MoMLSimpleApplication@35911dd5
----------------- Done invoking toplevel() on ptolemy.moml.MoMLSimpleApplication@35911dd5
reloadAllAccessors: .TriggeredContinuousClock

===========================================================================================
----------------- testing Sat Oct 06 02:24:09 UTC 2018 /home/travis/build/icyphy/ptII/ptolemy/domains/continuous/test/auto/TwoMachineInfiniteBusControl.xml
----------------- Instantiating /home/travis/build/icyphy/ptII/ptolemy/domains/continuous/test/auto/TwoMachineInfiniteBusControl.xml
3453 ms. Memory: 380928K Free: 276997K (73%)
----------------- Invoking toplevel() on ptolemy.moml.MoMLSimpleApplication@530f2442
----------------- Done invoking toplevel() on ptolemy.moml.MoMLSimpleApplication@530f2442
reloadAllAccessors: .TwoMachineInfiniteBusControl

===========================================================================================
----------------- testing Sat Oct 06 02:24:13 UTC 2018 /home/travis/build/icyphy/ptII/ptolemy/domains/continuous/test/auto/V2V.xml
----------------- Instantiating /home/travis/build/icyphy/ptII/ptolemy/domains/continuous/test/auto/V2V.xml
822 ms. Memory: 380928K Free: 76302K (20%)
----------------- Invoking toplevel() on ptolemy.moml.MoMLSimpleApplication@4bcd64ca
----------------- Done invoking toplevel() on ptolemy.moml.MoMLSimpleApplication@4bcd64ca
reloadAllAccessors: .V2V

===========================================================================================
----------------- testing Sat Oct 06 02:24:14 UTC 2018 /home/travis/build/icyphy/ptII/ptolemy/domains/continuous/test/auto/hierarchicalModalModel.xml
----------------- Instantiating /home/travis/build/icyphy/ptII/ptolemy/domains/continuous/test/auto/hierarchicalModalModel.xml
8 ms. Memory: 380928K Free: 58773K (15%)
----------------- Invoking toplevel() on ptolemy.moml.MoMLSimpleApplication@5fad902d
----------------- Done invoking toplevel() on ptolemy.moml.MoMLSimpleApplication@5fad902d
reloadAllAccessors: .hierarchicalModalModel

===========================================================================================
----------------- testing Sat Oct 06 02:24:14 UTC 2018 /home/travis/build/icyphy/ptII/ptolemy/domains/continuous/test/auto/hierarchicalModalModel1.xml
----------------- Instantiating /home/travis/build/icyphy/ptII/ptolemy/domains/continuous/test/auto/hierarchicalModalModel1.xml
8 ms. Memory: 380928K Free: 41329K (11%)
----------------- Invoking toplevel() on ptolemy.moml.MoMLSimpleApplication@18169cf9
----------------- Done invoking toplevel() on ptolemy.moml.MoMLSimpleApplication@18169cf9
reloadAllAccessors: .hierarchicalModalModel1

===========================================================================================
----------------- testing Sat Oct 06 02:24:14 UTC 2018 /home/travis/build/icyphy/ptII/ptolemy/domains/continuous/test/auto/hierarchicalModalModel2.xml
----------------- Instantiating /home/travis/build/icyphy/ptII/ptolemy/domains/continuous/test/auto/hierarchicalModalModel2.xml
6 ms. Memory: 380928K Free: 25288K (7%)
----------------- Invoking toplevel() on ptolemy.moml.MoMLSimpleApplication@733d7989
----------------- Done invoking toplevel() on ptolemy.moml.MoMLSimpleApplication@733d7989
reloadAllAccessors: .hierarchicalModalModel2

===========================================================================================
----------------- testing Sat Oct 06 02:24:14 UTC 2018 /home/travis/build/icyphy/ptII/ptolemy/domains/continuous/test/auto/hierarchicalModalModel3.xml
----------------- Instantiating /home/travis/build/icyphy/ptII/ptolemy/domains/continuous/test/auto/hierarchicalModalModel3.xml
5 ms. Memory: 380928K Free: 12236K (3%)
----------------- Invoking toplevel() on ptolemy.moml.MoMLSimpleApplication@39be57d7
----------------- Done invoking toplevel() on ptolemy.moml.MoMLSimpleApplication@39be57d7
reloadAllAccessors: .hierarchicalModalModel3

===========================================================================================
----------------- testing Sat Oct 06 02:24:14 UTC 2018 /home/travis/build/icyphy/ptII/ptolemy/domains/continuous/test/auto/hierarchicalModalModel4.xml
----------------- Instantiating /home/travis/build/icyphy/ptII/ptolemy/domains/continuous/test/auto/hierarchicalModalModel4.xml
5 ms. Memory: 368128K Free: 281543K (76%)
----------------- Invoking toplevel() on ptolemy.moml.MoMLSimpleApplication@10a21773
----------------- Done invoking toplevel() on ptolemy.moml.MoMLSimpleApplication@10a21773
reloadAllAccessors: .hierarchicalModalModel4

===========================================================================================
----------------- testing Sat Oct 06 02:24:14 UTC 2018 /home/travis/build/icyphy/ptII/ptolemy/domains/continuous/test/auto/junk.xml
----------------- Instantiating /home/travis/build/icyphy/ptII/ptolemy/domains/continuous/test/auto/junk.xml
152 ms. Memory: 368128K Free: 248092K (67%)
----------------- Invoking toplevel() on ptolemy.moml.MoMLSimpleApplication@98ec7bf
----------------- Done invoking toplevel() on ptolemy.moml.MoMLSimpleApplication@98ec7bf
reloadAllAccessors: .junk
AutoTests.java: About to close Vertx.
AutoTests.java: Vertx closed.
]]></system-out>
  <system-err><![CDATA[Warning: '.HysteresisWithRandomDelay.NonStrictTest' The test produced only 221 tokens, yet the correctValues parameter was expecting 222 tokens.
Warning: '.HysteresisWithRandomDelay.NonStrictTest2' The test produced only 220 tokens, yet the correctValues parameter was expecting 221 tokens.
Warning: '.HysteresisWithRandomDelay.NonStrictTest3' The test produced only 20 tokens, yet the correctValues parameter was expecting 30 tokens.
Warning: '.Poisson.NonStrictTest' The test produced only 380 tokens, yet the correctValues parameter was expecting 430 tokens.
]]></system-err>
</testsuite>
