<?xml version="1.0" encoding="UTF-8" ?>
<testsuite errors="0" failures="0" hostname="travis-job-f56fcdd9-3293-4a19-bde2-eb8548e469af" name="ptolemy.domains.modal.test.junit.JUnitTclTest" skipped="0" tests="148" time="10.536" timestamp="2018-06-05T23:03:34">
  <properties>
[...]
</properties>
  <testcase classname="ptolemy.util.test.junit.TclTests" name="[0] /home/travis/build/icyphy/ptII/ptolemy/domains/modal/test/SystemLevelType.tcl (RunTclFile)" time="1.869" />
  <testcase classname="ptolemy.util.test.junit.AutoKnownFailedTests" name="[0] /home/travis/build/icyphy/ptII/ptolemy/domains/modal/test/auto/knownFailedTests/CannotAnalysisWithPreemption.xml (RunModel)" time="0.174" />
  <testcase classname="ptolemy.util.test.junit.AutoNameArchTests" name="[0] ThereAreNoAutoArchTests (RunModel)" time="0.009" />
  <testcase classname="ptolemy.util.test.junit.AutoTests" name="[0] /home/travis/build/icyphy/ptII/ptolemy/domains/modal/test/auto/ABPTest.xml (RunModel)" time="0.677" />
  <testcase classname="ptolemy.util.test.junit.AutoTests" name="[1] /home/travis/build/icyphy/ptII/ptolemy/domains/modal/test/auto/ABROFlat.xml (RunModel)" time="0.1" />
  <testcase classname="ptolemy.util.test.junit.AutoTests" name="[2] /home/travis/build/icyphy/ptII/ptolemy/domains/modal/test/auto/ABROFlat2.xml (RunModel)" time="0.09" />
  <testcase classname="ptolemy.util.test.junit.AutoTests" name="[3] /home/travis/build/icyphy/ptII/ptolemy/domains/modal/test/auto/ABRO_present_hmm.xml (RunModel)" time="0.177" />
  <testcase classname="ptolemy.util.test.junit.AutoTests" name="[4] /home/travis/build/icyphy/ptII/ptolemy/domains/modal/test/auto/AMICoderExample.xml (RunModel)" time="0.079" />
  <testcase classname="ptolemy.util.test.junit.AutoTests" name="[5] /home/travis/build/icyphy/ptII/ptolemy/domains/modal/test/auto/AbsentToPresent.xml (RunModel)" time="0.036" />
  <testcase classname="ptolemy.util.test.junit.AutoTests" name="[6] /home/travis/build/icyphy/ptII/ptolemy/domains/modal/test/auto/Blending.xml (RunModel)" time="0.343" />
  <testcase classname="ptolemy.util.test.junit.AutoTests" name="[7] /home/travis/build/icyphy/ptII/ptolemy/domains/modal/test/auto/Broadcast.xml (RunModel)" time="0.071" />
  <testcase classname="ptolemy.util.test.junit.AutoTests" name="[8] /home/travis/build/icyphy/ptII/ptolemy/domains/modal/test/auto/BroadcastHierarchy.xml (RunModel)" time="0.081" />
  <testcase classname="ptolemy.util.test.junit.AutoTests" name="[9] /home/travis/build/icyphy/ptII/ptolemy/domains/modal/test/auto/BroadcastHierarchy2.xml (RunModel)" time="0.138" />
  <testcase classname="ptolemy.util.test.junit.AutoTests" name="[10] /home/travis/build/icyphy/ptII/ptolemy/domains/modal/test/auto/BroadcastHierarchy3.xml (RunModel)" time="0.136" />
  <testcase classname="ptolemy.util.test.junit.AutoTests" name="[11] /home/travis/build/icyphy/ptII/ptolemy/domains/modal/test/auto/BroadcastHierarchy4.xml (RunModel)" time="0.111" />
  <testcase classname="ptolemy.util.test.junit.AutoTests" name="[12] /home/travis/build/icyphy/ptII/ptolemy/domains/modal/test/auto/CannotAnalysisWithPreemption2.xml (RunModel)" time="0.042" />
  <testcase classname="ptolemy.util.test.junit.AutoTests" name="[13] /home/travis/build/icyphy/ptII/ptolemy/domains/modal/test/auto/CannotAnalysisWithPreemption3.xml (RunModel)" time="0.045" />
  <testcase classname="ptolemy.util.test.junit.AutoTests" name="[14] /home/travis/build/icyphy/ptII/ptolemy/domains/modal/test/auto/CannotProduce.xml (RunModel)" time="0.036" />
  <testcase classname="ptolemy.util.test.junit.AutoTests" name="[15] /home/travis/build/icyphy/ptII/ptolemy/domains/modal/test/auto/CannotProduceModal.xml (RunModel)" time="0.024" />
  <testcase classname="ptolemy.util.test.junit.AutoTests" name="[16] /home/travis/build/icyphy/ptII/ptolemy/domains/modal/test/auto/Case.xml (RunModel)" time="0.07" />
  <testcase classname="ptolemy.util.test.junit.AutoTests" name="[17] /home/travis/build/icyphy/ptII/ptolemy/domains/modal/test/auto/Case1.xml (RunModel)" time="0.031" />
  <testcase classname="ptolemy.util.test.junit.AutoTests" name="[18] /home/travis/build/icyphy/ptII/ptolemy/domains/modal/test/auto/Case2.xml (RunModel)" time="0.053" />
  <testcase classname="ptolemy.util.test.junit.AutoTests" name="[19] /home/travis/build/icyphy/ptII/ptolemy/domains/modal/test/auto/CausalityInterface1.xml (RunModel)" time="0.022" />
  <testcase classname="ptolemy.util.test.junit.AutoTests" name="[20] /home/travis/build/icyphy/ptII/ptolemy/domains/modal/test/auto/CausalityInterface10.xml (RunModel)" time="0.07" />
  <testcase classname="ptolemy.util.test.junit.AutoTests" name="[21] /home/travis/build/icyphy/ptII/ptolemy/domains/modal/test/auto/CausalityInterface11.xml (RunModel)" time="0.073" />
  <testcase classname="ptolemy.util.test.junit.AutoTests" name="[22] /home/travis/build/icyphy/ptII/ptolemy/domains/modal/test/auto/CausalityInterface12.xml (RunModel)" time="0.053" />
  <testcase classname="ptolemy.util.test.junit.AutoTests" name="[23] /home/travis/build/icyphy/ptII/ptolemy/domains/modal/test/auto/CausalityInterface13.xml (RunModel)" time="0.052" />
  <testcase classname="ptolemy.util.test.junit.AutoTests" name="[24] /home/travis/build/icyphy/ptII/ptolemy/domains/modal/test/auto/CausalityInterface14.xml (RunModel)" time="0.053" />
  <testcase classname="ptolemy.util.test.junit.AutoTests" name="[25] /home/travis/build/icyphy/ptII/ptolemy/domains/modal/test/auto/CausalityInterface2.xml (RunModel)" time="0.039" />
  <testcase classname="ptolemy.util.test.junit.AutoTests" name="[26] /home/travis/build/icyphy/ptII/ptolemy/domains/modal/test/auto/CausalityInterface3.xml (RunModel)" time="0.039" />
  <testcase classname="ptolemy.util.test.junit.AutoTests" name="[27] /home/travis/build/icyphy/ptII/ptolemy/domains/modal/test/auto/CausalityInterface4.xml (RunModel)" time="0.022" />
  <testcase classname="ptolemy.util.test.junit.AutoTests" name="[28] /home/travis/build/icyphy/ptII/ptolemy/domains/modal/test/auto/CausalityInterface5.xml (RunModel)" time="0.031" />
  <testcase classname="ptolemy.util.test.junit.AutoTests" name="[29] /home/travis/build/icyphy/ptII/ptolemy/domains/modal/test/auto/CausalityInterface6.xml (RunModel)" time="0.043" />
  <testcase classname="ptolemy.util.test.junit.AutoTests" name="[30] /home/travis/build/icyphy/ptII/ptolemy/domains/modal/test/auto/CausalityInterface7.xml (RunModel)" time="0.04" />
  <testcase classname="ptolemy.util.test.junit.AutoTests" name="[31] /home/travis/build/icyphy/ptII/ptolemy/domains/modal/test/auto/CausalityInterface8.xml (RunModel)" time="0.05" />
  <testcase classname="ptolemy.util.test.junit.AutoTests" name="[32] /home/travis/build/icyphy/ptII/ptolemy/domains/modal/test/auto/CausalityInterface9.xml (RunModel)" time="0.041" />
  <testcase classname="ptolemy.util.test.junit.AutoTests" name="[33] /home/travis/build/icyphy/ptII/ptolemy/domains/modal/test/auto/ChainedTransitions.xml (RunModel)" time="0.144" />
  <testcase classname="ptolemy.util.test.junit.AutoTests" name="[34] /home/travis/build/icyphy/ptII/ptolemy/domains/modal/test/auto/CycleOfImmediateTransitionsFSM.xml (RunModel)" time="0.028" />
  <testcase classname="ptolemy.util.test.junit.AutoTests" name="[35] /home/travis/build/icyphy/ptII/ptolemy/domains/modal/test/auto/CycleOfImmediateTransitionsModal.xml (RunModel)" time="0.034" />
  <testcase classname="ptolemy.util.test.junit.AutoTests" name="[36] /home/travis/build/icyphy/ptII/ptolemy/domains/modal/test/auto/CycleOfImmediateTransitionsModal2.xml (RunModel)" time="0.034" />
  <testcase classname="ptolemy.util.test.junit.AutoTests" name="[37] /home/travis/build/icyphy/ptII/ptolemy/domains/modal/test/auto/CycleOfImmediateTransitionsModal3.xml (RunModel)" time="0.084" />
  <testcase classname="ptolemy.util.test.junit.AutoTests" name="[38] /home/travis/build/icyphy/ptII/ptolemy/domains/modal/test/auto/DeepModal1.xml (RunModel)" time="0.055" />
  <testcase classname="ptolemy.util.test.junit.AutoTests" name="[39] /home/travis/build/icyphy/ptII/ptolemy/domains/modal/test/auto/DeepModal2.xml (RunModel)" time="0.059" />
  <testcase classname="ptolemy.util.test.junit.AutoTests" name="[40] /home/travis/build/icyphy/ptII/ptolemy/domains/modal/test/auto/DeepModal3.xml (RunModel)" time="0.058" />
  <testcase classname="ptolemy.util.test.junit.AutoTests" name="[41] /home/travis/build/icyphy/ptII/ptolemy/domains/modal/test/auto/DeepModal4.xml (RunModel)" time="0.093" />
  <testcase classname="ptolemy.util.test.junit.AutoTests" name="[42] /home/travis/build/icyphy/ptII/ptolemy/domains/modal/test/auto/Default1.xml (RunModel)" time="0.028" />
  <testcase classname="ptolemy.util.test.junit.AutoTests" name="[43] /home/travis/build/icyphy/ptII/ptolemy/domains/modal/test/auto/Default2.xml (RunModel)" time="0.021" />
  <testcase classname="ptolemy.util.test.junit.AutoTests" name="[44] /home/travis/build/icyphy/ptII/ptolemy/domains/modal/test/auto/Default3.xml (RunModel)" time="0.03" />
  <testcase classname="ptolemy.util.test.junit.AutoTests" name="[45] /home/travis/build/icyphy/ptII/ptolemy/domains/modal/test/auto/Default4.xml (RunModel)" time="0.02" />
  <testcase classname="ptolemy.util.test.junit.AutoTests" name="[46] /home/travis/build/icyphy/ptII/ptolemy/domains/modal/test/auto/Default5.xml (RunModel)" time="0.03" />
  <testcase classname="ptolemy.util.test.junit.AutoTests" name="[47] /home/travis/build/icyphy/ptII/ptolemy/domains/modal/test/auto/EmptyGuard.xml (RunModel)" time="0.033" />
  <testcase classname="ptolemy.util.test.junit.AutoTests" name="[48] /home/travis/build/icyphy/ptII/ptolemy/domains/modal/test/auto/ErrorTransition1.xml (RunModel)" time="0.029" />
  <testcase classname="ptolemy.util.test.junit.AutoTests" name="[49] /home/travis/build/icyphy/ptII/ptolemy/domains/modal/test/auto/ErrorTransition10.xml (RunModel)" time="0.041" />
  <testcase classname="ptolemy.util.test.junit.AutoTests" name="[50] /home/travis/build/icyphy/ptII/ptolemy/domains/modal/test/auto/ErrorTransition11.xml (RunModel)" time="0.039" />
  <testcase classname="ptolemy.util.test.junit.AutoTests" name="[51] /home/travis/build/icyphy/ptII/ptolemy/domains/modal/test/auto/ErrorTransition2.xml (RunModel)" time="0.027" />
  <testcase classname="ptolemy.util.test.junit.AutoTests" name="[52] /home/travis/build/icyphy/ptII/ptolemy/domains/modal/test/auto/ErrorTransition3.xml (RunModel)" time="0.031" />
  <testcase classname="ptolemy.util.test.junit.AutoTests" name="[53] /home/travis/build/icyphy/ptII/ptolemy/domains/modal/test/auto/ErrorTransition4.xml (RunModel)" time="0.035" />
  <testcase classname="ptolemy.util.test.junit.AutoTests" name="[54] /home/travis/build/icyphy/ptII/ptolemy/domains/modal/test/auto/ErrorTransition5.xml (RunModel)" time="0.028" />
  <testcase classname="ptolemy.util.test.junit.AutoTests" name="[55] /home/travis/build/icyphy/ptII/ptolemy/domains/modal/test/auto/ErrorTransition6.xml (RunModel)" time="0.031" />
  <testcase classname="ptolemy.util.test.junit.AutoTests" name="[56] /home/travis/build/icyphy/ptII/ptolemy/domains/modal/test/auto/ErrorTransition7.xml (RunModel)" time="0.047" />
  <testcase classname="ptolemy.util.test.junit.AutoTests" name="[57] /home/travis/build/icyphy/ptII/ptolemy/domains/modal/test/auto/ErrorTransition8.xml (RunModel)" time="0.068" />
  <testcase classname="ptolemy.util.test.junit.AutoTests" name="[58] /home/travis/build/icyphy/ptII/ptolemy/domains/modal/test/auto/ErrorTransition9.xml (RunModel)" time="0.047" />
  <testcase classname="ptolemy.util.test.junit.AutoTests" name="[59] /home/travis/build/icyphy/ptII/ptolemy/domains/modal/test/auto/ExtendedFSM.xml (RunModel)" time="0.039" />
  <testcase classname="ptolemy.util.test.junit.AutoTests" name="[60] /home/travis/build/icyphy/ptII/ptolemy/domains/modal/test/auto/FinalStates.xml (RunModel)" time="0.024" />
  <testcase classname="ptolemy.util.test.junit.AutoTests" name="[61] /home/travis/build/icyphy/ptII/ptolemy/domains/modal/test/auto/FixedPointFSM.xml (RunModel)" time="0.049" />
  <testcase classname="ptolemy.util.test.junit.AutoTests" name="[62] /home/travis/build/icyphy/ptII/ptolemy/domains/modal/test/auto/FixedPointIterationFSMActor.xml (RunModel)" time="0.034" />
  <testcase classname="ptolemy.util.test.junit.AutoTests" name="[63] /home/travis/build/icyphy/ptII/ptolemy/domains/modal/test/auto/FixedPointIterationFSMActor2.xml (RunModel)" time="0.04" />
  <testcase classname="ptolemy.util.test.junit.AutoTests" name="[64] /home/travis/build/icyphy/ptII/ptolemy/domains/modal/test/auto/ForbiddenInstantanousLoop.xml (RunModel)" time="0.039" />
  <testcase classname="ptolemy.util.test.junit.AutoTests" name="[65] /home/travis/build/icyphy/ptII/ptolemy/domains/modal/test/auto/FunctionDependencyOfFSMActorTest.xml (RunModel)" time="0.032" />
  <testcase classname="ptolemy.util.test.junit.AutoTests" name="[66] /home/travis/build/icyphy/ptII/ptolemy/domains/modal/test/auto/GuardExpression.xml (RunModel)" time="0.022" />
  <testcase classname="ptolemy.util.test.junit.AutoTests" name="[67] /home/travis/build/icyphy/ptII/ptolemy/domains/modal/test/auto/GuardNotEvaluated.xml (RunModel)" time="0.023" />
  <testcase classname="ptolemy.util.test.junit.AutoTests" name="[68] /home/travis/build/icyphy/ptII/ptolemy/domains/modal/test/auto/GuardNotEvaluated2.xml (RunModel)" time="0.025" />
  <testcase classname="ptolemy.util.test.junit.AutoTests" name="[69] /home/travis/build/icyphy/ptII/ptolemy/domains/modal/test/auto/GuardOnAbsent.xml (RunModel)" time="0.026" />
  <testcase classname="ptolemy.util.test.junit.AutoTests" name="[70] /home/travis/build/icyphy/ptII/ptolemy/domains/modal/test/auto/HierarchicalFSMTypeInference.xml (RunModel)" time="0.034" />
  <testcase classname="ptolemy.util.test.junit.AutoTests" name="[71] /home/travis/build/icyphy/ptII/ptolemy/domains/modal/test/auto/Hysteresis.xml (RunModel)" time="0.047" />
  <testcase classname="ptolemy.util.test.junit.AutoTests" name="[72] /home/travis/build/icyphy/ptII/ptolemy/domains/modal/test/auto/HysteresisWithDefault.xml (RunModel)" time="0.08" />
  <testcase classname="ptolemy.util.test.junit.AutoTests" name="[73] /home/travis/build/icyphy/ptII/ptolemy/domains/modal/test/auto/HysteresisWithDefault2.xml (RunModel)" time="0.074" />
  <testcase classname="ptolemy.util.test.junit.AutoTests" name="[74] /home/travis/build/icyphy/ptII/ptolemy/domains/modal/test/auto/ImmediateNonConstructiveness.xml (RunModel)" time="0.019" />
  <testcase classname="ptolemy.util.test.junit.AutoTests" name="[75] /home/travis/build/icyphy/ptII/ptolemy/domains/modal/test/auto/ImmediateNonConstructiveness2.xml (RunModel)" time="0.026" />
  <testcase classname="ptolemy.util.test.junit.AutoTests" name="[76] /home/travis/build/icyphy/ptII/ptolemy/domains/modal/test/auto/ImmediateTransitionReset.xml (RunModel)" time="0.041" />
  <testcase classname="ptolemy.util.test.junit.AutoTests" name="[77] /home/travis/build/icyphy/ptII/ptolemy/domains/modal/test/auto/ImmediateTransitions1.xml (RunModel)" time="0.014" />
  <testcase classname="ptolemy.util.test.junit.AutoTests" name="[78] /home/travis/build/icyphy/ptII/ptolemy/domains/modal/test/auto/ImmediateTransitionsInstantaneousCommunication.xml (RunModel)" time="0.044" />
  <testcase classname="ptolemy.util.test.junit.AutoTests" name="[79] /home/travis/build/icyphy/ptII/ptolemy/domains/modal/test/auto/InitialImmediateTransition.xml (RunModel)" time="0.017" />
  <testcase classname="ptolemy.util.test.junit.AutoTests" name="[80] /home/travis/build/icyphy/ptII/ptolemy/domains/modal/test/auto/InitialOutputs.xml (RunModel)" time="0.018" />
  <testcase classname="ptolemy.util.test.junit.AutoTests" name="[81] /home/travis/build/icyphy/ptII/ptolemy/domains/modal/test/auto/InitialStateTransition1.xml (RunModel)" time="0.023" />
  <testcase classname="ptolemy.util.test.junit.AutoTests" name="[82] /home/travis/build/icyphy/ptII/ptolemy/domains/modal/test/auto/InitialStateTransition2.xml (RunModel)" time="0.025" />
  <testcase classname="ptolemy.util.test.junit.AutoTests" name="[83] /home/travis/build/icyphy/ptII/ptolemy/domains/modal/test/auto/InitialStateTransition3.xml (RunModel)" time="0.026" />
  <testcase classname="ptolemy.util.test.junit.AutoTests" name="[84] /home/travis/build/icyphy/ptII/ptolemy/domains/modal/test/auto/InitialStateTransition4.xml (RunModel)" time="0.03" />
  <testcase classname="ptolemy.util.test.junit.AutoTests" name="[85] /home/travis/build/icyphy/ptII/ptolemy/domains/modal/test/auto/MalformedGuardExpressionNotCaught.xml (RunModel)" time="0.023" />
  <testcase classname="ptolemy.util.test.junit.AutoTests" name="[86] /home/travis/build/icyphy/ptII/ptolemy/domains/modal/test/auto/ModalBSC.xml (RunModel)" time="0.098" />
  <testcase classname="ptolemy.util.test.junit.AutoTests" name="[87] /home/travis/build/icyphy/ptII/ptolemy/domains/modal/test/auto/ModalClocks.xml (RunModel)" time="0.083" />
  <testcase classname="ptolemy.util.test.junit.AutoTests" name="[88] /home/travis/build/icyphy/ptII/ptolemy/domains/modal/test/auto/ModalDelay.xml (RunModel)" time="0.043" />
  <testcase classname="ptolemy.util.test.junit.AutoTests" name="[89] /home/travis/build/icyphy/ptII/ptolemy/domains/modal/test/auto/ModalDelay2.xml (RunModel)" time="0.056" />
  <testcase classname="ptolemy.util.test.junit.AutoTests" name="[90] /home/travis/build/icyphy/ptII/ptolemy/domains/modal/test/auto/ModalModelFromMemo.xml (RunModel)" time="0.055" />
  <testcase classname="ptolemy.util.test.junit.AutoTests" name="[91] /home/travis/build/icyphy/ptII/ptolemy/domains/modal/test/auto/ModalModelWithMultirateTransient.xml (RunModel)" time="0.048" />
  <testcase classname="ptolemy.util.test.junit.AutoTests" name="[92] /home/travis/build/icyphy/ptII/ptolemy/domains/modal/test/auto/ModalModelWithReset.xml (RunModel)" time="0.038" />
  <testcase classname="ptolemy.util.test.junit.AutoTests" name="[93] /home/travis/build/icyphy/ptII/ptolemy/domains/modal/test/auto/MouseClickFSM.xml (RunModel)" time="0.047" />
  <testcase classname="ptolemy.util.test.junit.AutoTests" name="[94] /home/travis/build/icyphy/ptII/ptolemy/domains/modal/test/auto/MouseClickFSMModal.xml (RunModel)" time="0.033" />
  <testcase classname="ptolemy.util.test.junit.AutoTests" name="[95] /home/travis/build/icyphy/ptII/ptolemy/domains/modal/test/auto/NonStrictFSM_FeedbackLoop.xml (RunModel)" time="0.048" />
  <testcase classname="ptolemy.util.test.junit.AutoTests" name="[96] /home/travis/build/icyphy/ptII/ptolemy/domains/modal/test/auto/NonStrictFSM_FeedbackLoop_Refinement.xml (RunModel)" time="0.063" />
  <testcase classname="ptolemy.util.test.junit.AutoTests" name="[97] /home/travis/build/icyphy/ptII/ptolemy/domains/modal/test/auto/NonStrictFSM_FeedbackLoop_preemptive.xml (RunModel)" time="0.054" />
  <testcase classname="ptolemy.util.test.junit.AutoTests" name="[98] /home/travis/build/icyphy/ptII/ptolemy/domains/modal/test/auto/NormalTermination.xml (RunModel)" time="0.051" />
  <testcase classname="ptolemy.util.test.junit.AutoTests" name="[99] /home/travis/build/icyphy/ptII/ptolemy/domains/modal/test/auto/Pong.xml (RunModel)" time="0.049" />
  <testcase classname="ptolemy.util.test.junit.AutoTests" name="[100] /home/travis/build/icyphy/ptII/ptolemy/domains/modal/test/auto/Pong_test.xml (RunModel)" time="0.072" />
  <testcase classname="ptolemy.util.test.junit.AutoTests" name="[101] /home/travis/build/icyphy/ptII/ptolemy/domains/modal/test/auto/PreemptionHierarchy.xml (RunModel)" time="0.03" />
  <testcase classname="ptolemy.util.test.junit.AutoTests" name="[102] /home/travis/build/icyphy/ptII/ptolemy/domains/modal/test/auto/PreemptionHierarchy2.xml (RunModel)" time="0.034" />
  <testcase classname="ptolemy.util.test.junit.AutoTests" name="[103] /home/travis/build/icyphy/ptII/ptolemy/domains/modal/test/auto/PreemptiveTransition.xml (RunModel)" time="0.025" />
  <testcase classname="ptolemy.util.test.junit.AutoTests" name="[104] /home/travis/build/icyphy/ptII/ptolemy/domains/modal/test/auto/Priorities.xml (RunModel)" time="0.079" />
  <testcase classname="ptolemy.util.test.junit.AutoTests" name="[105] /home/travis/build/icyphy/ptII/ptolemy/domains/modal/test/auto/ResetFinal.xml (RunModel)" time="0.042" />
  <testcase classname="ptolemy.util.test.junit.AutoTests" name="[106] /home/travis/build/icyphy/ptII/ptolemy/domains/modal/test/auto/ResetFinal2.xml (RunModel)" time="0.031" />
  <testcase classname="ptolemy.util.test.junit.AutoTests" name="[107] /home/travis/build/icyphy/ptII/ptolemy/domains/modal/test/auto/ResetTransitionWithStartTime.xml (RunModel)" time="0.039" />
  <testcase classname="ptolemy.util.test.junit.AutoTests" name="[108] /home/travis/build/icyphy/ptII/ptolemy/domains/modal/test/auto/SDF-FSMComposite.xml (RunModel)" time="0.032" />
  <testcase classname="ptolemy.util.test.junit.AutoTests" name="[109] /home/travis/build/icyphy/ptII/ptolemy/domains/modal/test/auto/SeeminglyNondeterminate.xml (RunModel)" time="0.062" />
  <testcase classname="ptolemy.util.test.junit.AutoTests" name="[110] /home/travis/build/icyphy/ptII/ptolemy/domains/modal/test/auto/SeeminglyNondeterminate2.xml (RunModel)" time="0.075" />
  <testcase classname="ptolemy.util.test.junit.AutoTests" name="[111] /home/travis/build/icyphy/ptII/ptolemy/domains/modal/test/auto/SpontaneousFSM.xml (RunModel)" time="0.044" />
  <testcase classname="ptolemy.util.test.junit.AutoTests" name="[112] /home/travis/build/icyphy/ptII/ptolemy/domains/modal/test/auto/SpontaneousFSM2.xml (RunModel)" time="0.029" />
  <testcase classname="ptolemy.util.test.junit.AutoTests" name="[113] /home/travis/build/icyphy/ptII/ptolemy/domains/modal/test/auto/SpontaneousFSM3.xml (RunModel)" time="0.038" />
  <testcase classname="ptolemy.util.test.junit.AutoTests" name="[114] /home/travis/build/icyphy/ptII/ptolemy/domains/modal/test/auto/SpontaneousFSM4.xml (RunModel)" time="0.046" />
  <testcase classname="ptolemy.util.test.junit.AutoTests" name="[115] /home/travis/build/icyphy/ptII/ptolemy/domains/modal/test/auto/StateTrackerTest.xml (RunModel)" time="0.051" />
  <testcase classname="ptolemy.util.test.junit.AutoTests" name="[116] /home/travis/build/icyphy/ptII/ptolemy/domains/modal/test/auto/StrongImmediateTransition.xml (RunModel)" time="0.037" />
  <testcase classname="ptolemy.util.test.junit.AutoTests" name="[117] /home/travis/build/icyphy/ptII/ptolemy/domains/modal/test/auto/SustainHierarchy.xml (RunModel)" time="0.039" />
  <testcase classname="ptolemy.util.test.junit.AutoTests" name="[118] /home/travis/build/icyphy/ptII/ptolemy/domains/modal/test/auto/TerminationTransition1.xml (RunModel)" time="0.025" />
  <testcase classname="ptolemy.util.test.junit.AutoTests" name="[119] /home/travis/build/icyphy/ptII/ptolemy/domains/modal/test/auto/TerminationTransition2.xml (RunModel)" time="0.034" />
  <testcase classname="ptolemy.util.test.junit.AutoTests" name="[120] /home/travis/build/icyphy/ptII/ptolemy/domains/modal/test/auto/TerminationTransition3.xml (RunModel)" time="0.032" />
  <testcase classname="ptolemy.util.test.junit.AutoTests" name="[121] /home/travis/build/icyphy/ptII/ptolemy/domains/modal/test/auto/TerminationTransition4.xml (RunModel)" time="0.038" />
  <testcase classname="ptolemy.util.test.junit.AutoTests" name="[122] /home/travis/build/icyphy/ptII/ptolemy/domains/modal/test/auto/TerminationTransition5.xml (RunModel)" time="0.037" />
  <testcase classname="ptolemy.util.test.junit.AutoTests" name="[123] /home/travis/build/icyphy/ptII/ptolemy/domains/modal/test/auto/TerminationTransition6.xml (RunModel)" time="0.026" />
  <testcase classname="ptolemy.util.test.junit.AutoTests" name="[124] /home/travis/build/icyphy/ptII/ptolemy/domains/modal/test/auto/TerminationTransition7.xml (RunModel)" time="0.027" />
  <testcase classname="ptolemy.util.test.junit.AutoTests" name="[125] /home/travis/build/icyphy/ptII/ptolemy/domains/modal/test/auto/TerminationTransition8.xml (RunModel)" time="0.032" />
  <testcase classname="ptolemy.util.test.junit.AutoTests" name="[126] /home/travis/build/icyphy/ptII/ptolemy/domains/modal/test/auto/Thermostat_NoHysteresis.xml (RunModel)" time="0.054" />
  <testcase classname="ptolemy.util.test.junit.AutoTests" name="[127] /home/travis/build/icyphy/ptII/ptolemy/domains/modal/test/auto/TimedFSM.xml (RunModel)" time="0.032" />
  <testcase classname="ptolemy.util.test.junit.AutoTests" name="[128] /home/travis/build/icyphy/ptII/ptolemy/domains/modal/test/auto/Timeout1.xml (RunModel)" time="0.015" />
  <testcase classname="ptolemy.util.test.junit.AutoTests" name="[129] /home/travis/build/icyphy/ptII/ptolemy/domains/modal/test/auto/Timeout2.xml (RunModel)" time="0.019" />
  <testcase classname="ptolemy.util.test.junit.AutoTests" name="[130] /home/travis/build/icyphy/ptII/ptolemy/domains/modal/test/auto/Timeout3.xml (RunModel)" time="0.012" />
  <testcase classname="ptolemy.util.test.junit.AutoTests" name="[131] /home/travis/build/icyphy/ptII/ptolemy/domains/modal/test/auto/Timeout4.xml (RunModel)" time="0.013" />
  <testcase classname="ptolemy.util.test.junit.AutoTests" name="[132] /home/travis/build/icyphy/ptII/ptolemy/domains/modal/test/auto/TransientstateModelAdvanced.xml (RunModel)" time="0.029" />
  <testcase classname="ptolemy.util.test.junit.AutoTests" name="[133] /home/travis/build/icyphy/ptII/ptolemy/domains/modal/test/auto/TransientstateModelAdvanced2.xml (RunModel)" time="0.035" />
  <testcase classname="ptolemy.util.test.junit.AutoTests" name="[134] /home/travis/build/icyphy/ptII/ptolemy/domains/modal/test/auto/TransitionRefinements.xml (RunModel)" time="0.026" />
  <testcase classname="ptolemy.util.test.junit.AutoTests" name="[135] /home/travis/build/icyphy/ptII/ptolemy/domains/modal/test/auto/TwoRefinements1.xml (RunModel)" time="0.029" />
  <testcase classname="ptolemy.util.test.junit.AutoTests" name="[136] /home/travis/build/icyphy/ptII/ptolemy/domains/modal/test/auto/TwoRefinements2.xml (RunModel)" time="0.028" />
  <testcase classname="ptolemy.util.test.junit.AutoTests" name="[137] /home/travis/build/icyphy/ptII/ptolemy/domains/modal/test/auto/WeakImmediateTransition.xml (RunModel)" time="0.032" />
  <testcase classname="ptolemy.util.test.junit.AutoTests" name="[138] /home/travis/build/icyphy/ptII/ptolemy/domains/modal/test/auto/booleanSelect.xml (RunModel)" time="0.075" />
  <testcase classname="ptolemy.util.test.junit.AutoTests" name="[139] /home/travis/build/icyphy/ptII/ptolemy/domains/modal/test/auto/modalChangingParams.xml (RunModel)" time="0.217" />
  <testcase classname="ptolemy.util.test.junit.AutoTests" name="[140] /home/travis/build/icyphy/ptII/ptolemy/domains/modal/test/auto/modalModel.xml (RunModel)" time="0.031" />
  <testcase classname="ptolemy.util.test.junit.AutoTests" name="[141] /home/travis/build/icyphy/ptII/ptolemy/domains/modal/test/auto/modalModel2.xml (RunModel)" time="0.036" />
  <testcase classname="ptolemy.util.test.junit.AutoTests" name="[142] /home/travis/build/icyphy/ptII/ptolemy/domains/modal/test/auto/modalModel3.xml (RunModel)" time="0.041" />
  <testcase classname="ptolemy.util.test.junit.AutoTests" name="[143] /home/travis/build/icyphy/ptII/ptolemy/domains/modal/test/auto/model1.xml (RunModel)" time="0.021" />
  <testcase classname="ptolemy.util.test.junit.AutoTests" name="[144] /home/travis/build/icyphy/ptII/ptolemy/domains/modal/test/auto/test-direct-in-out.xml (RunModel)" time="0.019" />
  <system-out><![CDATA[/home/travis/build/icyphy/ptII/ptolemy/domains/modal/test/SystemLevelType.tcl
testDefs.tcl: setting time out to 9000 seconds at Tue Jun 05 23:03:34 UTC 2018
06/05/18 11:03:36
Failed: 0  Total Tests: 1  ((Passed: 1, Newly Passed: 0)  Known Failed: 0) /home/travis/build/icyphy/ptII/ptolemy/domains/modal/test
----------------- testing (KnownFailure) /home/travis/build/icyphy/ptII/ptolemy/domains/modal/test/auto/knownFailedTests/CannotAnalysisWithPreemption.xml
64 ms. Memory: 208384K Free: 188290K (90%)
Known Failure: java.lang.reflect.InvocationTargetException
No auto/linux-amd64/*.xml tests in /home/travis/build/icyphy/ptII/ptolemy/domains/modal/test
AutoTests.java: About to close Vertx.
AutoTests.java: Vertx closed.

===========================================================================================
----------------- testing Tue Jun 05 23:03:37 UTC 2018 /home/travis/build/icyphy/ptII/ptolemy/domains/modal/test/auto/ABPTest.xml
----------------- Instantiating /home/travis/build/icyphy/ptII/ptolemy/domains/modal/test/auto/ABPTest.xml
351 ms. Memory: 331776K Free: 292198K (88%)
----------------- Invoking toplevel() on ptolemy.moml.MoMLSimpleApplication@2a0249c8
----------------- Done invoking toplevel() on ptolemy.moml.MoMLSimpleApplication@2a0249c8
reloadAllAccessors: .ABPTest

===========================================================================================
----------------- testing Tue Jun 05 23:03:37 UTC 2018 /home/travis/build/icyphy/ptII/ptolemy/domains/modal/test/auto/ABROFlat.xml
----------------- Instantiating /home/travis/build/icyphy/ptII/ptolemy/domains/modal/test/auto/ABROFlat.xml
32 ms. Memory: 331776K Free: 270102K (81%)
----------------- Invoking toplevel() on ptolemy.moml.MoMLSimpleApplication@2233b11b
----------------- Done invoking toplevel() on ptolemy.moml.MoMLSimpleApplication@2233b11b
reloadAllAccessors: .ABROFlat

===========================================================================================
----------------- testing Tue Jun 05 23:03:37 UTC 2018 /home/travis/build/icyphy/ptII/ptolemy/domains/modal/test/auto/ABROFlat2.xml
----------------- Instantiating /home/travis/build/icyphy/ptII/ptolemy/domains/modal/test/auto/ABROFlat2.xml
19 ms. Memory: 331776K Free: 252158K (76%)
----------------- Invoking toplevel() on ptolemy.moml.MoMLSimpleApplication@5f85425e
----------------- Done invoking toplevel() on ptolemy.moml.MoMLSimpleApplication@5f85425e
reloadAllAccessors: .ABROFlat2

===========================================================================================
----------------- testing Tue Jun 05 23:03:37 UTC 2018 /home/travis/build/icyphy/ptII/ptolemy/domains/modal/test/auto/ABRO_present_hmm.xml
----------------- Instantiating /home/travis/build/icyphy/ptII/ptolemy/domains/modal/test/auto/ABRO_present_hmm.xml
44 ms. Memory: 331776K Free: 219557K (66%)
----------------- Invoking toplevel() on ptolemy.moml.MoMLSimpleApplication@69b59ca1
----------------- Done invoking toplevel() on ptolemy.moml.MoMLSimpleApplication@69b59ca1
reloadAllAccessors: .ABRO_present_hmm

===========================================================================================
----------------- testing Tue Jun 05 23:03:38 UTC 2018 /home/travis/build/icyphy/ptII/ptolemy/domains/modal/test/auto/AMICoderExample.xml
----------------- Instantiating /home/travis/build/icyphy/ptII/ptolemy/domains/modal/test/auto/AMICoderExample.xml
26 ms. Memory: 331776K Free: 208144K (63%)
----------------- Invoking toplevel() on ptolemy.moml.MoMLSimpleApplication@44ea433f
----------------- Done invoking toplevel() on ptolemy.moml.MoMLSimpleApplication@44ea433f
reloadAllAccessors: .AMICoderExample

===========================================================================================
----------------- testing Tue Jun 05 23:03:38 UTC 2018 /home/travis/build/icyphy/ptII/ptolemy/domains/modal/test/auto/AbsentToPresent.xml
----------------- Instantiating /home/travis/build/icyphy/ptII/ptolemy/domains/modal/test/auto/AbsentToPresent.xml
7 ms. Memory: 331776K Free: 199830K (60%)
----------------- Invoking toplevel() on ptolemy.moml.MoMLSimpleApplication@37106f14
----------------- Done invoking toplevel() on ptolemy.moml.MoMLSimpleApplication@37106f14
reloadAllAccessors: .AbsentToPresent

===========================================================================================
----------------- testing Tue Jun 05 23:03:38 UTC 2018 /home/travis/build/icyphy/ptII/ptolemy/domains/modal/test/auto/Blending.xml
----------------- Instantiating /home/travis/build/icyphy/ptII/ptolemy/domains/modal/test/auto/Blending.xml
202 ms. Memory: 331776K Free: 149198K (45%)
----------------- Invoking toplevel() on ptolemy.moml.MoMLSimpleApplication@16bfde12
----------------- Done invoking toplevel() on ptolemy.moml.MoMLSimpleApplication@16bfde12
reloadAllAccessors: .Blending

===========================================================================================
----------------- testing Tue Jun 05 23:03:38 UTC 2018 /home/travis/build/icyphy/ptII/ptolemy/domains/modal/test/auto/Broadcast.xml
----------------- Instantiating /home/travis/build/icyphy/ptII/ptolemy/domains/modal/test/auto/Broadcast.xml
19 ms. Memory: 331776K Free: 136136K (41%)
----------------- Invoking toplevel() on ptolemy.moml.MoMLSimpleApplication@7869f39a
----------------- Done invoking toplevel() on ptolemy.moml.MoMLSimpleApplication@7869f39a
reloadAllAccessors: .Broadcast

===========================================================================================
----------------- testing Tue Jun 05 23:03:38 UTC 2018 /home/travis/build/icyphy/ptII/ptolemy/domains/modal/test/auto/BroadcastHierarchy.xml
----------------- Instantiating /home/travis/build/icyphy/ptII/ptolemy/domains/modal/test/auto/BroadcastHierarchy.xml
16 ms. Memory: 331776K Free: 118215K (36%)
----------------- Invoking toplevel() on ptolemy.moml.MoMLSimpleApplication@4de48647
----------------- Done invoking toplevel() on ptolemy.moml.MoMLSimpleApplication@4de48647
reloadAllAccessors: .BroadcastHierarchy

===========================================================================================
----------------- testing Tue Jun 05 23:03:38 UTC 2018 /home/travis/build/icyphy/ptII/ptolemy/domains/modal/test/auto/BroadcastHierarchy2.xml
----------------- Instantiating /home/travis/build/icyphy/ptII/ptolemy/domains/modal/test/auto/BroadcastHierarchy2.xml
34 ms. Memory: 331776K Free: 82365K (25%)
----------------- Invoking toplevel() on ptolemy.moml.MoMLSimpleApplication@5102beba
----------------- Done invoking toplevel() on ptolemy.moml.MoMLSimpleApplication@5102beba
reloadAllAccessors: .BroadcastHierarchy2

===========================================================================================
----------------- testing Tue Jun 05 23:03:38 UTC 2018 /home/travis/build/icyphy/ptII/ptolemy/domains/modal/test/auto/BroadcastHierarchy3.xml
----------------- Instantiating /home/travis/build/icyphy/ptII/ptolemy/domains/modal/test/auto/BroadcastHierarchy3.xml
20 ms. Memory: 333824K Free: 299442K (90%)
----------------- Invoking toplevel() on ptolemy.moml.MoMLSimpleApplication@4e9e0eaa
----------------- Done invoking toplevel() on ptolemy.moml.MoMLSimpleApplication@4e9e0eaa
reloadAllAccessors: .BroadcastHierarchy3

===========================================================================================
----------------- testing Tue Jun 05 23:03:39 UTC 2018 /home/travis/build/icyphy/ptII/ptolemy/domains/modal/test/auto/BroadcastHierarchy4.xml
----------------- Instantiating /home/travis/build/icyphy/ptII/ptolemy/domains/modal/test/auto/BroadcastHierarchy4.xml
14 ms. Memory: 333824K Free: 264553K (79%)
----------------- Invoking toplevel() on ptolemy.moml.MoMLSimpleApplication@2986aad4
----------------- Done invoking toplevel() on ptolemy.moml.MoMLSimpleApplication@2986aad4
reloadAllAccessors: .BroadcastHierarchy4

===========================================================================================
----------------- testing Tue Jun 05 23:03:39 UTC 2018 /home/travis/build/icyphy/ptII/ptolemy/domains/modal/test/auto/CannotAnalysisWithPreemption2.xml
----------------- Instantiating /home/travis/build/icyphy/ptII/ptolemy/domains/modal/test/auto/CannotAnalysisWithPreemption2.xml
5 ms. Memory: 333824K Free: 254788K (76%)
----------------- Invoking toplevel() on ptolemy.moml.MoMLSimpleApplication@164de33c
----------------- Done invoking toplevel() on ptolemy.moml.MoMLSimpleApplication@164de33c
reloadAllAccessors: .CannotAnalysisWithPreemption2

===========================================================================================
----------------- testing Tue Jun 05 23:03:39 UTC 2018 /home/travis/build/icyphy/ptII/ptolemy/domains/modal/test/auto/CannotAnalysisWithPreemption3.xml
----------------- Instantiating /home/travis/build/icyphy/ptII/ptolemy/domains/modal/test/auto/CannotAnalysisWithPreemption3.xml
6 ms. Memory: 333824K Free: 236868K (71%)
----------------- Invoking toplevel() on ptolemy.moml.MoMLSimpleApplication@6906140f
----------------- Done invoking toplevel() on ptolemy.moml.MoMLSimpleApplication@6906140f
reloadAllAccessors: .CannotAnalysisWithPreemption3

===========================================================================================
----------------- testing Tue Jun 05 23:03:39 UTC 2018 /home/travis/build/icyphy/ptII/ptolemy/domains/modal/test/auto/CannotProduce.xml
----------------- Instantiating /home/travis/build/icyphy/ptII/ptolemy/domains/modal/test/auto/CannotProduce.xml
5 ms. Memory: 333824K Free: 228071K (68%)
----------------- Invoking toplevel() on ptolemy.moml.MoMLSimpleApplication@6b160d1e
----------------- Done invoking toplevel() on ptolemy.moml.MoMLSimpleApplication@6b160d1e
reloadAllAccessors: .CannotProduce

===========================================================================================
----------------- testing Tue Jun 05 23:03:39 UTC 2018 /home/travis/build/icyphy/ptII/ptolemy/domains/modal/test/auto/CannotProduceModal.xml
----------------- Instantiating /home/travis/build/icyphy/ptII/ptolemy/domains/modal/test/auto/CannotProduceModal.xml
4 ms. Memory: 333824K Free: 219939K (66%)
----------------- Invoking toplevel() on ptolemy.moml.MoMLSimpleApplication@5148bde7
----------------- Done invoking toplevel() on ptolemy.moml.MoMLSimpleApplication@5148bde7
reloadAllAccessors: .CannotProduceModal

===========================================================================================
----------------- testing Tue Jun 05 23:03:39 UTC 2018 /home/travis/build/icyphy/ptII/ptolemy/domains/modal/test/auto/Case.xml
----------------- Instantiating /home/travis/build/icyphy/ptII/ptolemy/domains/modal/test/auto/Case.xml
21 ms. Memory: 333824K Free: 206877K (62%)
----------------- Invoking toplevel() on ptolemy.moml.MoMLSimpleApplication@621edb9d
----------------- Done invoking toplevel() on ptolemy.moml.MoMLSimpleApplication@621edb9d
reloadAllAccessors: .Case

===========================================================================================
----------------- testing Tue Jun 05 23:03:39 UTC 2018 /home/travis/build/icyphy/ptII/ptolemy/domains/modal/test/auto/Case1.xml
----------------- Instantiating /home/travis/build/icyphy/ptII/ptolemy/domains/modal/test/auto/Case1.xml
4 ms. Memory: 333824K Free: 196463K (59%)
----------------- Invoking toplevel() on ptolemy.moml.MoMLSimpleApplication@3e81a659
----------------- Done invoking toplevel() on ptolemy.moml.MoMLSimpleApplication@3e81a659
reloadAllAccessors: .Case1

===========================================================================================
----------------- testing Tue Jun 05 23:03:39 UTC 2018 /home/travis/build/icyphy/ptII/ptolemy/domains/modal/test/auto/Case2.xml
----------------- Instantiating /home/travis/build/icyphy/ptII/ptolemy/domains/modal/test/auto/Case2.xml
15 ms. Memory: 333824K Free: 185049K (55%)
----------------- Invoking toplevel() on ptolemy.moml.MoMLSimpleApplication@2aee61e9
----------------- Done invoking toplevel() on ptolemy.moml.MoMLSimpleApplication@2aee61e9
reloadAllAccessors: .Case2

===========================================================================================
----------------- testing Tue Jun 05 23:03:39 UTC 2018 /home/travis/build/icyphy/ptII/ptolemy/domains/modal/test/auto/CausalityInterface1.xml
----------------- Instantiating /home/travis/build/icyphy/ptII/ptolemy/domains/modal/test/auto/CausalityInterface1.xml
2 ms. Memory: 333824K Free: 178550K (53%)
----------------- Invoking toplevel() on ptolemy.moml.MoMLSimpleApplication@4e9aea2a
----------------- Done invoking toplevel() on ptolemy.moml.MoMLSimpleApplication@4e9aea2a
reloadAllAccessors: .CausalityInterface1

===========================================================================================
----------------- testing Tue Jun 05 23:03:39 UTC 2018 /home/travis/build/icyphy/ptII/ptolemy/domains/modal/test/auto/CausalityInterface10.xml
----------------- Instantiating /home/travis/build/icyphy/ptII/ptolemy/domains/modal/test/auto/CausalityInterface10.xml
13 ms. Memory: 333824K Free: 159984K (48%)
----------------- Invoking toplevel() on ptolemy.moml.MoMLSimpleApplication@9dd111f
----------------- Done invoking toplevel() on ptolemy.moml.MoMLSimpleApplication@9dd111f
reloadAllAccessors: .CausalityInterface10

===========================================================================================
----------------- testing Tue Jun 05 23:03:39 UTC 2018 /home/travis/build/icyphy/ptII/ptolemy/domains/modal/test/auto/CausalityInterface11.xml
----------------- Instantiating /home/travis/build/icyphy/ptII/ptolemy/domains/modal/test/auto/CausalityInterface11.xml
10 ms. Memory: 333824K Free: 143696K (43%)
----------------- Invoking toplevel() on ptolemy.moml.MoMLSimpleApplication@3d6e047a
----------------- Done invoking toplevel() on ptolemy.moml.MoMLSimpleApplication@3d6e047a
reloadAllAccessors: .CausalityInterface11

===========================================================================================
----------------- testing Tue Jun 05 23:03:39 UTC 2018 /home/travis/build/icyphy/ptII/ptolemy/domains/modal/test/auto/CausalityInterface12.xml
----------------- Instantiating /home/travis/build/icyphy/ptII/ptolemy/domains/modal/test/auto/CausalityInterface12.xml
10 ms. Memory: 333824K Free: 127368K (38%)
----------------- Invoking toplevel() on ptolemy.moml.MoMLSimpleApplication@7f544f49
----------------- Done invoking toplevel() on ptolemy.moml.MoMLSimpleApplication@7f544f49
reloadAllAccessors: .CausalityInterface12

===========================================================================================
----------------- testing Tue Jun 05 23:03:39 UTC 2018 /home/travis/build/icyphy/ptII/ptolemy/domains/modal/test/auto/CausalityInterface13.xml
----------------- Instantiating /home/travis/build/icyphy/ptII/ptolemy/domains/modal/test/auto/CausalityInterface13.xml
6 ms. Memory: 333824K Free: 108758K (33%)
----------------- Invoking toplevel() on ptolemy.moml.MoMLSimpleApplication@3405f3a7
----------------- Done invoking toplevel() on ptolemy.moml.MoMLSimpleApplication@3405f3a7
reloadAllAccessors: .CausalityInterface13

===========================================================================================
----------------- testing Tue Jun 05 23:03:39 UTC 2018 /home/travis/build/icyphy/ptII/ptolemy/domains/modal/test/auto/CausalityInterface14.xml
----------------- Instantiating /home/travis/build/icyphy/ptII/ptolemy/domains/modal/test/auto/CausalityInterface14.xml
6 ms. Memory: 333824K Free: 92487K (28%)
----------------- Invoking toplevel() on ptolemy.moml.MoMLSimpleApplication@2b167962
----------------- Done invoking toplevel() on ptolemy.moml.MoMLSimpleApplication@2b167962
reloadAllAccessors: .CausalityInterface14

===========================================================================================
----------------- testing Tue Jun 05 23:03:39 UTC 2018 /home/travis/build/icyphy/ptII/ptolemy/domains/modal/test/auto/CausalityInterface2.xml
----------------- Instantiating /home/travis/build/icyphy/ptII/ptolemy/domains/modal/test/auto/CausalityInterface2.xml
10 ms. Memory: 333824K Free: 84355K (25%)
----------------- Invoking toplevel() on ptolemy.moml.MoMLSimpleApplication@4c5099ac
----------------- Done invoking toplevel() on ptolemy.moml.MoMLSimpleApplication@4c5099ac
reloadAllAccessors: .CausalityInterface2

===========================================================================================
----------------- testing Tue Jun 05 23:03:39 UTC 2018 /home/travis/build/icyphy/ptII/ptolemy/domains/modal/test/auto/CausalityInterface3.xml
----------------- Instantiating /home/travis/build/icyphy/ptII/ptolemy/domains/modal/test/auto/CausalityInterface3.xml
3 ms. Memory: 577024K Free: 560446K (97%)
----------------- Invoking toplevel() on ptolemy.moml.MoMLSimpleApplication@1772253d
----------------- Done invoking toplevel() on ptolemy.moml.MoMLSimpleApplication@1772253d
reloadAllAccessors: .CausalityInterface3

===========================================================================================
----------------- testing Tue Jun 05 23:03:39 UTC 2018 /home/travis/build/icyphy/ptII/ptolemy/domains/modal/test/auto/CausalityInterface4.xml
----------------- Instantiating /home/travis/build/icyphy/ptII/ptolemy/domains/modal/test/auto/CausalityInterface4.xml
3 ms. Memory: 577024K Free: 547329K (95%)
----------------- Invoking toplevel() on ptolemy.moml.MoMLSimpleApplication@fe12bca
----------------- Done invoking toplevel() on ptolemy.moml.MoMLSimpleApplication@fe12bca
reloadAllAccessors: .CausalityInterface4

===========================================================================================
----------------- testing Tue Jun 05 23:03:39 UTC 2018 /home/travis/build/icyphy/ptII/ptolemy/domains/modal/test/auto/CausalityInterface5.xml
----------------- Instantiating /home/travis/build/icyphy/ptII/ptolemy/domains/modal/test/auto/CausalityInterface5.xml
4 ms. Memory: 577024K Free: 535111K (93%)
----------------- Invoking toplevel() on ptolemy.moml.MoMLSimpleApplication@4d9d9e07
----------------- Done invoking toplevel() on ptolemy.moml.MoMLSimpleApplication@4d9d9e07
reloadAllAccessors: .CausalityInterface5

===========================================================================================
----------------- testing Tue Jun 05 23:03:39 UTC 2018 /home/travis/build/icyphy/ptII/ptolemy/domains/modal/test/auto/CausalityInterface6.xml
----------------- Instantiating /home/travis/build/icyphy/ptII/ptolemy/domains/modal/test/auto/CausalityInterface6.xml
4 ms. Memory: 577024K Free: 522893K (91%)
----------------- Invoking toplevel() on ptolemy.moml.MoMLSimpleApplication@7a055758
----------------- Done invoking toplevel() on ptolemy.moml.MoMLSimpleApplication@7a055758
reloadAllAccessors: .CausalityInterface6

===========================================================================================
----------------- testing Tue Jun 05 23:03:40 UTC 2018 /home/travis/build/icyphy/ptII/ptolemy/domains/modal/test/auto/CausalityInterface7.xml
----------------- Instantiating /home/travis/build/icyphy/ptII/ptolemy/domains/modal/test/auto/CausalityInterface7.xml
7 ms. Memory: 577024K Free: 510683K (89%)
----------------- Invoking toplevel() on ptolemy.moml.MoMLSimpleApplication@33211c7c
----------------- Done invoking toplevel() on ptolemy.moml.MoMLSimpleApplication@33211c7c
reloadAllAccessors: .CausalityInterface7

===========================================================================================
----------------- testing Tue Jun 05 23:03:40 UTC 2018 /home/travis/build/icyphy/ptII/ptolemy/domains/modal/test/auto/CausalityInterface8.xml
----------------- Instantiating /home/travis/build/icyphy/ptII/ptolemy/domains/modal/test/auto/CausalityInterface8.xml
6 ms. Memory: 577024K Free: 495345K (86%)
----------------- Invoking toplevel() on ptolemy.moml.MoMLSimpleApplication@4b3d8b4e
----------------- Done invoking toplevel() on ptolemy.moml.MoMLSimpleApplication@4b3d8b4e
reloadAllAccessors: .CausalityInterface8

===========================================================================================
----------------- testing Tue Jun 05 23:03:40 UTC 2018 /home/travis/build/icyphy/ptII/ptolemy/domains/modal/test/auto/CausalityInterface9.xml
----------------- Instantiating /home/travis/build/icyphy/ptII/ptolemy/domains/modal/test/auto/CausalityInterface9.xml
10 ms. Memory: 577024K Free: 483143K (84%)
----------------- Invoking toplevel() on ptolemy.moml.MoMLSimpleApplication@5c7271ff
----------------- Done invoking toplevel() on ptolemy.moml.MoMLSimpleApplication@5c7271ff
reloadAllAccessors: .CausalityInterface9

===========================================================================================
----------------- testing Tue Jun 05 23:03:40 UTC 2018 /home/travis/build/icyphy/ptII/ptolemy/domains/modal/test/auto/ChainedTransitions.xml
----------------- Instantiating /home/travis/build/icyphy/ptII/ptolemy/domains/modal/test/auto/ChainedTransitions.xml
91 ms. Memory: 577024K Free: 453849K (79%)
----------------- Invoking toplevel() on ptolemy.moml.MoMLSimpleApplication@7a7a7fb2
----------------- Done invoking toplevel() on ptolemy.moml.MoMLSimpleApplication@7a7a7fb2
reloadAllAccessors: .ChainedTransitions

===========================================================================================
----------------- testing Tue Jun 05 23:03:40 UTC 2018 /home/travis/build/icyphy/ptII/ptolemy/domains/modal/test/auto/CycleOfImmediateTransitionsFSM.xml
----------------- Instantiating /home/travis/build/icyphy/ptII/ptolemy/domains/modal/test/auto/CycleOfImmediateTransitionsFSM.xml
3 ms. Memory: 577024K Free: 444069K (77%)
----------------- Invoking toplevel() on ptolemy.moml.MoMLSimpleApplication@2f6f9e7
----------------- Done invoking toplevel() on ptolemy.moml.MoMLSimpleApplication@2f6f9e7
reloadAllAccessors: .CycleOfImmediateTransitionsFSM

===========================================================================================
----------------- testing Tue Jun 05 23:03:40 UTC 2018 /home/travis/build/icyphy/ptII/ptolemy/domains/modal/test/auto/CycleOfImmediateTransitionsModal.xml
----------------- Instantiating /home/travis/build/icyphy/ptII/ptolemy/domains/modal/test/auto/CycleOfImmediateTransitionsModal.xml
8 ms. Memory: 577024K Free: 431175K (75%)
----------------- Invoking toplevel() on ptolemy.moml.MoMLSimpleApplication@3b9fdda5
----------------- Done invoking toplevel() on ptolemy.moml.MoMLSimpleApplication@3b9fdda5
reloadAllAccessors: .CycleOfImmediateTransitionsModal

===========================================================================================
----------------- testing Tue Jun 05 23:03:40 UTC 2018 /home/travis/build/icyphy/ptII/ptolemy/domains/modal/test/auto/CycleOfImmediateTransitionsModal2.xml
----------------- Instantiating /home/travis/build/icyphy/ptII/ptolemy/domains/modal/test/auto/CycleOfImmediateTransitionsModal2.xml
5 ms. Memory: 577024K Free: 421410K (73%)
----------------- Invoking toplevel() on ptolemy.moml.MoMLSimpleApplication@1facf518
----------------- Done invoking toplevel() on ptolemy.moml.MoMLSimpleApplication@1facf518
reloadAllAccessors: .CycleOfImmediateTransitionsModal2

===========================================================================================
----------------- testing Tue Jun 05 23:03:40 UTC 2018 /home/travis/build/icyphy/ptII/ptolemy/domains/modal/test/auto/CycleOfImmediateTransitionsModal3.xml
----------------- Instantiating /home/travis/build/icyphy/ptII/ptolemy/domains/modal/test/auto/CycleOfImmediateTransitionsModal3.xml
12 ms. Memory: 577024K Free: 392076K (68%)
----------------- Invoking toplevel() on ptolemy.moml.MoMLSimpleApplication@63ba644d
----------------- Done invoking toplevel() on ptolemy.moml.MoMLSimpleApplication@63ba644d
reloadAllAccessors: .CycleOfImmediateTransitionsModal3

===========================================================================================
----------------- testing Tue Jun 05 23:03:40 UTC 2018 /home/travis/build/icyphy/ptII/ptolemy/domains/modal/test/auto/DeepModal1.xml
----------------- Instantiating /home/travis/build/icyphy/ptII/ptolemy/domains/modal/test/auto/DeepModal1.xml
23 ms. Memory: 577024K Free: 374968K (65%)
----------------- Invoking toplevel() on ptolemy.moml.MoMLSimpleApplication@354f3c9a
----------------- Done invoking toplevel() on ptolemy.moml.MoMLSimpleApplication@354f3c9a
reloadAllAccessors: .DeepModal1

===========================================================================================
----------------- testing Tue Jun 05 23:03:40 UTC 2018 /home/travis/build/icyphy/ptII/ptolemy/domains/modal/test/auto/DeepModal2.xml
----------------- Instantiating /home/travis/build/icyphy/ptII/ptolemy/domains/modal/test/auto/DeepModal2.xml
20 ms. Memory: 577024K Free: 349840K (61%)
----------------- Invoking toplevel() on ptolemy.moml.MoMLSimpleApplication@15f69cae
----------------- Done invoking toplevel() on ptolemy.moml.MoMLSimpleApplication@15f69cae
reloadAllAccessors: .DeepModal2

===========================================================================================
----------------- testing Tue Jun 05 23:03:40 UTC 2018 /home/travis/build/icyphy/ptII/ptolemy/domains/modal/test/auto/DeepModal3.xml
----------------- Instantiating /home/travis/build/icyphy/ptII/ptolemy/domains/modal/test/auto/DeepModal3.xml
17 ms. Memory: 577024K Free: 327866K (57%)
----------------- Invoking toplevel() on ptolemy.moml.MoMLSimpleApplication@5b33da17
----------------- Done invoking toplevel() on ptolemy.moml.MoMLSimpleApplication@5b33da17
reloadAllAccessors: .DeepModal3

===========================================================================================
----------------- testing Tue Jun 05 23:03:40 UTC 2018 /home/travis/build/icyphy/ptII/ptolemy/domains/modal/test/auto/DeepModal4.xml
----------------- Instantiating /home/travis/build/icyphy/ptII/ptolemy/domains/modal/test/auto/DeepModal4.xml
31 ms. Memory: 577024K Free: 305859K (53%)
----------------- Invoking toplevel() on ptolemy.moml.MoMLSimpleApplication@601d435b
----------------- Done invoking toplevel() on ptolemy.moml.MoMLSimpleApplication@601d435b
reloadAllAccessors: .DeepModal4

===========================================================================================
----------------- testing Tue Jun 05 23:03:40 UTC 2018 /home/travis/build/icyphy/ptII/ptolemy/domains/modal/test/auto/Default1.xml
----------------- Instantiating /home/travis/build/icyphy/ptII/ptolemy/domains/modal/test/auto/Default1.xml
3 ms. Memory: 577024K Free: 296095K (51%)
----------------- Invoking toplevel() on ptolemy.moml.MoMLSimpleApplication@48fad9d3
----------------- Done invoking toplevel() on ptolemy.moml.MoMLSimpleApplication@48fad9d3
reloadAllAccessors: .Default1

===========================================================================================
----------------- testing Tue Jun 05 23:03:40 UTC 2018 /home/travis/build/icyphy/ptII/ptolemy/domains/modal/test/auto/Default2.xml
----------------- Instantiating /home/travis/build/icyphy/ptII/ptolemy/domains/modal/test/auto/Default2.xml
2 ms. Memory: 577024K Free: 283185K (49%)
----------------- Invoking toplevel() on ptolemy.moml.MoMLSimpleApplication@2fbd4fac
----------------- Done invoking toplevel() on ptolemy.moml.MoMLSimpleApplication@2fbd4fac
reloadAllAccessors: .Default2

===========================================================================================
----------------- testing Tue Jun 05 23:03:40 UTC 2018 /home/travis/build/icyphy/ptII/ptolemy/domains/modal/test/auto/Default3.xml
----------------- Instantiating /home/travis/build/icyphy/ptII/ptolemy/domains/modal/test/auto/Default3.xml
7 ms. Memory: 577024K Free: 273421K (47%)
----------------- Invoking toplevel() on ptolemy.moml.MoMLSimpleApplication@f0853f8
----------------- Done invoking toplevel() on ptolemy.moml.MoMLSimpleApplication@f0853f8
reloadAllAccessors: .Default3

===========================================================================================
----------------- testing Tue Jun 05 23:03:40 UTC 2018 /home/travis/build/icyphy/ptII/ptolemy/domains/modal/test/auto/Default4.xml
----------------- Instantiating /home/travis/build/icyphy/ptII/ptolemy/domains/modal/test/auto/Default4.xml
5 ms. Memory: 577024K Free: 263648K (46%)
----------------- Invoking toplevel() on ptolemy.moml.MoMLSimpleApplication@62da9fe3
----------------- Done invoking toplevel() on ptolemy.moml.MoMLSimpleApplication@62da9fe3
reloadAllAccessors: .Default4

===========================================================================================
----------------- testing Tue Jun 05 23:03:40 UTC 2018 /home/travis/build/icyphy/ptII/ptolemy/domains/modal/test/auto/Default5.xml
----------------- Instantiating /home/travis/build/icyphy/ptII/ptolemy/domains/modal/test/auto/Default5.xml
5 ms. Memory: 577024K Free: 253884K (44%)
----------------- Invoking toplevel() on ptolemy.moml.MoMLSimpleApplication@28206467
----------------- Done invoking toplevel() on ptolemy.moml.MoMLSimpleApplication@28206467
reloadAllAccessors: .Default5

===========================================================================================
----------------- testing Tue Jun 05 23:03:40 UTC 2018 /home/travis/build/icyphy/ptII/ptolemy/domains/modal/test/auto/EmptyGuard.xml
----------------- Instantiating /home/travis/build/icyphy/ptII/ptolemy/domains/modal/test/auto/EmptyGuard.xml
11 ms. Memory: 577024K Free: 241006K (42%)
----------------- Invoking toplevel() on ptolemy.moml.MoMLSimpleApplication@c067188
----------------- Done invoking toplevel() on ptolemy.moml.MoMLSimpleApplication@c067188
reloadAllAccessors: .EmptyGuard

===========================================================================================
----------------- testing Tue Jun 05 23:03:40 UTC 2018 /home/travis/build/icyphy/ptII/ptolemy/domains/modal/test/auto/ErrorTransition1.xml
----------------- Instantiating /home/travis/build/icyphy/ptII/ptolemy/domains/modal/test/auto/ErrorTransition1.xml
5 ms. Memory: 577024K Free: 231257K (40%)
----------------- Invoking toplevel() on ptolemy.moml.MoMLSimpleApplication@ec9b11c
----------------- Done invoking toplevel() on ptolemy.moml.MoMLSimpleApplication@ec9b11c
reloadAllAccessors: .ErrorTransition1

===========================================================================================
----------------- testing Tue Jun 05 23:03:40 UTC 2018 /home/travis/build/icyphy/ptII/ptolemy/domains/modal/test/auto/ErrorTransition10.xml
----------------- Instantiating /home/travis/build/icyphy/ptII/ptolemy/domains/modal/test/auto/ErrorTransition10.xml
9 ms. Memory: 577024K Free: 214181K (37%)
----------------- Invoking toplevel() on ptolemy.moml.MoMLSimpleApplication@59f573be
----------------- Done invoking toplevel() on ptolemy.moml.MoMLSimpleApplication@59f573be
reloadAllAccessors: .ErrorTransition10

===========================================================================================
----------------- testing Tue Jun 05 23:03:41 UTC 2018 /home/travis/build/icyphy/ptII/ptolemy/domains/modal/test/auto/ErrorTransition11.xml
----------------- Instantiating /home/travis/build/icyphy/ptII/ptolemy/domains/modal/test/auto/ErrorTransition11.xml
5 ms. Memory: 577024K Free: 199550K (35%)
----------------- Invoking toplevel() on ptolemy.moml.MoMLSimpleApplication@3ffe73c8
----------------- Done invoking toplevel() on ptolemy.moml.MoMLSimpleApplication@3ffe73c8
reloadAllAccessors: .ErrorTransition11

===========================================================================================
----------------- testing Tue Jun 05 23:03:41 UTC 2018 /home/travis/build/icyphy/ptII/ptolemy/domains/modal/test/auto/ErrorTransition2.xml
----------------- Instantiating /home/travis/build/icyphy/ptII/ptolemy/domains/modal/test/auto/ErrorTransition2.xml
6 ms. Memory: 577024K Free: 186664K (32%)
----------------- Invoking toplevel() on ptolemy.moml.MoMLSimpleApplication@6bbc4ab8
----------------- Done invoking toplevel() on ptolemy.moml.MoMLSimpleApplication@6bbc4ab8
reloadAllAccessors: .ErrorTransition2

===========================================================================================
----------------- testing Tue Jun 05 23:03:41 UTC 2018 /home/travis/build/icyphy/ptII/ptolemy/domains/modal/test/auto/ErrorTransition3.xml
----------------- Instantiating /home/travis/build/icyphy/ptII/ptolemy/domains/modal/test/auto/ErrorTransition3.xml
6 ms. Memory: 577024K Free: 174454K (30%)
----------------- Invoking toplevel() on ptolemy.moml.MoMLSimpleApplication@2b200e38
----------------- Done invoking toplevel() on ptolemy.moml.MoMLSimpleApplication@2b200e38
reloadAllAccessors: .ErrorTransition3

===========================================================================================
----------------- testing Tue Jun 05 23:03:41 UTC 2018 /home/travis/build/icyphy/ptII/ptolemy/domains/modal/test/auto/ErrorTransition4.xml
----------------- Instantiating /home/travis/build/icyphy/ptII/ptolemy/domains/modal/test/auto/ErrorTransition4.xml
6 ms. Memory: 577024K Free: 162253K (28%)
----------------- Invoking toplevel() on ptolemy.moml.MoMLSimpleApplication@2f5585a
----------------- Done invoking toplevel() on ptolemy.moml.MoMLSimpleApplication@2f5585a
reloadAllAccessors: .ErrorTransition4

===========================================================================================
----------------- testing Tue Jun 05 23:03:41 UTC 2018 /home/travis/build/icyphy/ptII/ptolemy/domains/modal/test/auto/ErrorTransition5.xml
----------------- Instantiating /home/travis/build/icyphy/ptII/ptolemy/domains/modal/test/auto/ErrorTransition5.xml
5 ms. Memory: 577024K Free: 150051K (26%)
----------------- Invoking toplevel() on ptolemy.moml.MoMLSimpleApplication@407b007e
----------------- Done invoking toplevel() on ptolemy.moml.MoMLSimpleApplication@407b007e
reloadAllAccessors: .ErrorTransition5

===========================================================================================
----------------- testing Tue Jun 05 23:03:41 UTC 2018 /home/travis/build/icyphy/ptII/ptolemy/domains/modal/test/auto/ErrorTransition6.xml
----------------- Instantiating /home/travis/build/icyphy/ptII/ptolemy/domains/modal/test/auto/ErrorTransition6.xml
6 ms. Memory: 577024K Free: 137849K (24%)
----------------- Invoking toplevel() on ptolemy.moml.MoMLSimpleApplication@47fd256e
----------------- Done invoking toplevel() on ptolemy.moml.MoMLSimpleApplication@47fd256e
reloadAllAccessors: .ErrorTransition6

===========================================================================================
----------------- testing Tue Jun 05 23:03:41 UTC 2018 /home/travis/build/icyphy/ptII/ptolemy/domains/modal/test/auto/ErrorTransition7.xml
----------------- Instantiating /home/travis/build/icyphy/ptII/ptolemy/domains/modal/test/auto/ErrorTransition7.xml
13 ms. Memory: 577024K Free: 117612K (20%)
----------------- Invoking toplevel() on ptolemy.moml.MoMLSimpleApplication@67aa89eb
----------------- Done invoking toplevel() on ptolemy.moml.MoMLSimpleApplication@67aa89eb
reloadAllAccessors: .ErrorTransition7

===========================================================================================
----------------- testing Tue Jun 05 23:03:41 UTC 2018 /home/travis/build/icyphy/ptII/ptolemy/domains/modal/test/auto/ErrorTransition8.xml
----------------- Instantiating /home/travis/build/icyphy/ptII/ptolemy/domains/modal/test/auto/ErrorTransition8.xml
39 ms. Memory: 577024K Free: 100528K (17%)
----------------- Invoking toplevel() on ptolemy.moml.MoMLSimpleApplication@5386184
----------------- Done invoking toplevel() on ptolemy.moml.MoMLSimpleApplication@5386184
reloadAllAccessors: .ErrorTransition8

===========================================================================================
----------------- testing Tue Jun 05 23:03:41 UTC 2018 /home/travis/build/icyphy/ptII/ptolemy/domains/modal/test/auto/ErrorTransition9.xml
----------------- Instantiating /home/travis/build/icyphy/ptII/ptolemy/domains/modal/test/auto/ErrorTransition9.xml
16 ms. Memory: 577024K Free: 83436K (14%)
----------------- Invoking toplevel() on ptolemy.moml.MoMLSimpleApplication@6af36c2d
----------------- Done invoking toplevel() on ptolemy.moml.MoMLSimpleApplication@6af36c2d
reloadAllAccessors: .ErrorTransition9

===========================================================================================
----------------- testing Tue Jun 05 23:03:41 UTC 2018 /home/travis/build/icyphy/ptII/ptolemy/domains/modal/test/auto/ExtendedFSM.xml
----------------- Instantiating /home/travis/build/icyphy/ptII/ptolemy/domains/modal/test/auto/ExtendedFSM.xml
4 ms. Memory: 577024K Free: 559785K (97%)
----------------- Invoking toplevel() on ptolemy.moml.MoMLSimpleApplication@d6dd9a2
----------------- Done invoking toplevel() on ptolemy.moml.MoMLSimpleApplication@d6dd9a2
reloadAllAccessors: .ExtendedFSM

===========================================================================================
----------------- testing Tue Jun 05 23:03:41 UTC 2018 /home/travis/build/icyphy/ptII/ptolemy/domains/modal/test/auto/FinalStates.xml
----------------- Instantiating /home/travis/build/icyphy/ptII/ptolemy/domains/modal/test/auto/FinalStates.xml
7 ms. Memory: 577024K Free: 547832K (95%)
----------------- Invoking toplevel() on ptolemy.moml.MoMLSimpleApplication@49c45c8b
----------------- Done invoking toplevel() on ptolemy.moml.MoMLSimpleApplication@49c45c8b
reloadAllAccessors: .FinalStates

===========================================================================================
----------------- testing Tue Jun 05 23:03:41 UTC 2018 /home/travis/build/icyphy/ptII/ptolemy/domains/modal/test/auto/FixedPointFSM.xml
----------------- Instantiating /home/travis/build/icyphy/ptII/ptolemy/domains/modal/test/auto/FixedPointFSM.xml
20 ms. Memory: 577024K Free: 528294K (92%)
----------------- Invoking toplevel() on ptolemy.moml.MoMLSimpleApplication@47a41893
----------------- Done invoking toplevel() on ptolemy.moml.MoMLSimpleApplication@47a41893
reloadAllAccessors: .FixedPointFSM

===========================================================================================
----------------- testing Tue Jun 05 23:03:41 UTC 2018 /home/travis/build/icyphy/ptII/ptolemy/domains/modal/test/auto/FixedPointIterationFSMActor.xml
----------------- Instantiating /home/travis/build/icyphy/ptII/ptolemy/domains/modal/test/auto/FixedPointIterationFSMActor.xml
6 ms. Memory: 577024K Free: 513092K (89%)
----------------- Invoking toplevel() on ptolemy.moml.MoMLSimpleApplication@6897337a
----------------- Done invoking toplevel() on ptolemy.moml.MoMLSimpleApplication@6897337a
reloadAllAccessors: .FixedPointIterationFSMActor

===========================================================================================
----------------- testing Tue Jun 05 23:03:41 UTC 2018 /home/travis/build/icyphy/ptII/ptolemy/domains/modal/test/auto/FixedPointIterationFSMActor2.xml
----------------- Instantiating /home/travis/build/icyphy/ptII/ptolemy/domains/modal/test/auto/FixedPointIterationFSMActor2.xml
14 ms. Memory: 577024K Free: 496672K (86%)
----------------- Invoking toplevel() on ptolemy.moml.MoMLSimpleApplication@11650bc7
----------------- Done invoking toplevel() on ptolemy.moml.MoMLSimpleApplication@11650bc7
reloadAllAccessors: .FixedPointIterationFSMActor2

===========================================================================================
----------------- testing Tue Jun 05 23:03:41 UTC 2018 /home/travis/build/icyphy/ptII/ptolemy/domains/modal/test/auto/ForbiddenInstantanousLoop.xml
----------------- Instantiating /home/travis/build/icyphy/ptII/ptolemy/domains/modal/test/auto/ForbiddenInstantanousLoop.xml
5 ms. Memory: 577024K Free: 480401K (83%)
----------------- Invoking toplevel() on ptolemy.moml.MoMLSimpleApplication@40c86aa
----------------- Done invoking toplevel() on ptolemy.moml.MoMLSimpleApplication@40c86aa
reloadAllAccessors: .ForbiddenInstantanousLoop

===========================================================================================
----------------- testing Tue Jun 05 23:03:41 UTC 2018 /home/travis/build/icyphy/ptII/ptolemy/domains/modal/test/auto/FunctionDependencyOfFSMActorTest.xml
----------------- Instantiating /home/travis/build/icyphy/ptII/ptolemy/domains/modal/test/auto/FunctionDependencyOfFSMActorTest.xml
15 ms. Memory: 577024K Free: 468448K (81%)
----------------- Invoking toplevel() on ptolemy.moml.MoMLSimpleApplication@538fa315
----------------- Done invoking toplevel() on ptolemy.moml.MoMLSimpleApplication@538fa315
reloadAllAccessors: .FunctionDependencyOfFSMActorTest

===========================================================================================
----------------- testing Tue Jun 05 23:03:41 UTC 2018 /home/travis/build/icyphy/ptII/ptolemy/domains/modal/test/auto/GuardExpression.xml
----------------- Instantiating /home/travis/build/icyphy/ptII/ptolemy/domains/modal/test/auto/GuardExpression.xml
2 ms. Memory: 577024K Free: 458683K (79%)
----------------- Invoking toplevel() on ptolemy.moml.MoMLSimpleApplication@1ed9400f
----------------- Done invoking toplevel() on ptolemy.moml.MoMLSimpleApplication@1ed9400f
reloadAllAccessors: .GuardExpression

===========================================================================================
----------------- testing Tue Jun 05 23:03:41 UTC 2018 /home/travis/build/icyphy/ptII/ptolemy/domains/modal/test/auto/GuardNotEvaluated.xml
----------------- Instantiating /home/travis/build/icyphy/ptII/ptolemy/domains/modal/test/auto/GuardNotEvaluated.xml
5 ms. Memory: 577024K Free: 445669K (77%)
----------------- Invoking toplevel() on ptolemy.moml.MoMLSimpleApplication@62711e91
----------------- Done invoking toplevel() on ptolemy.moml.MoMLSimpleApplication@62711e91
reloadAllAccessors: .GuardNotEvaluated

===========================================================================================
----------------- testing Tue Jun 05 23:03:41 UTC 2018 /home/travis/build/icyphy/ptII/ptolemy/domains/modal/test/auto/GuardNotEvaluated2.xml
----------------- Instantiating /home/travis/build/icyphy/ptII/ptolemy/domains/modal/test/auto/GuardNotEvaluated2.xml
6 ms. Memory: 577024K Free: 430467K (75%)
----------------- Invoking toplevel() on ptolemy.moml.MoMLSimpleApplication@5037239b
----------------- Done invoking toplevel() on ptolemy.moml.MoMLSimpleApplication@5037239b
reloadAllAccessors: .GuardNotEvaluated2

===========================================================================================
----------------- testing Tue Jun 05 23:03:41 UTC 2018 /home/travis/build/icyphy/ptII/ptolemy/domains/modal/test/auto/GuardOnAbsent.xml
----------------- Instantiating /home/travis/build/icyphy/ptII/ptolemy/domains/modal/test/auto/GuardOnAbsent.xml
10 ms. Memory: 577024K Free: 420718K (73%)
----------------- Invoking toplevel() on ptolemy.moml.MoMLSimpleApplication@4e9482aa
----------------- Done invoking toplevel() on ptolemy.moml.MoMLSimpleApplication@4e9482aa
reloadAllAccessors: .GuardOnAbsent

===========================================================================================
----------------- testing Tue Jun 05 23:03:41 UTC 2018 /home/travis/build/icyphy/ptII/ptolemy/domains/modal/test/auto/HierarchicalFSMTypeInference.xml
----------------- Instantiating /home/travis/build/icyphy/ptII/ptolemy/domains/modal/test/auto/HierarchicalFSMTypeInference.xml
10 ms. Memory: 577024K Free: 404438K (70%)
----------------- Invoking toplevel() on ptolemy.moml.MoMLSimpleApplication@2c350cf2
----------------- Done invoking toplevel() on ptolemy.moml.MoMLSimpleApplication@2c350cf2
reloadAllAccessors: .HierarchicalFSMTypeInference

===========================================================================================
----------------- testing Tue Jun 05 23:03:41 UTC 2018 /home/travis/build/icyphy/ptII/ptolemy/domains/modal/test/auto/Hysteresis.xml
----------------- Instantiating /home/travis/build/icyphy/ptII/ptolemy/domains/modal/test/auto/Hysteresis.xml
13 ms. Memory: 577024K Free: 382705K (66%)
----------------- Invoking toplevel() on ptolemy.moml.MoMLSimpleApplication@415c1f66
----------------- Done invoking toplevel() on ptolemy.moml.MoMLSimpleApplication@415c1f66
reloadAllAccessors: .Hysteresis

===========================================================================================
----------------- testing Tue Jun 05 23:03:41 UTC 2018 /home/travis/build/icyphy/ptII/ptolemy/domains/modal/test/auto/HysteresisWithDefault.xml
----------------- Instantiating /home/travis/build/icyphy/ptII/ptolemy/domains/modal/test/auto/HysteresisWithDefault.xml
44 ms. Memory: 577024K Free: 356645K (62%)
----------------- Invoking toplevel() on ptolemy.moml.MoMLSimpleApplication@308785
----------------- Done invoking toplevel() on ptolemy.moml.MoMLSimpleApplication@308785
reloadAllAccessors: .HysteresisWithDefault

===========================================================================================
----------------- testing Tue Jun 05 23:03:41 UTC 2018 /home/travis/build/icyphy/ptII/ptolemy/domains/modal/test/auto/HysteresisWithDefault2.xml
----------------- Instantiating /home/travis/build/icyphy/ptII/ptolemy/domains/modal/test/auto/HysteresisWithDefault2.xml
41 ms. Memory: 577024K Free: 321873K (56%)
----------------- Invoking toplevel() on ptolemy.moml.MoMLSimpleApplication@7cd3329d
----------------- Done invoking toplevel() on ptolemy.moml.MoMLSimpleApplication@7cd3329d
reloadAllAccessors: .HysteresisWithDefault2

===========================================================================================
----------------- testing Tue Jun 05 23:03:42 UTC 2018 /home/travis/build/icyphy/ptII/ptolemy/domains/modal/test/auto/ImmediateNonConstructiveness.xml
----------------- Instantiating /home/travis/build/icyphy/ptII/ptolemy/domains/modal/test/auto/ImmediateNonConstructiveness.xml
3 ms. Memory: 577024K Free: 312117K (54%)
----------------- Invoking toplevel() on ptolemy.moml.MoMLSimpleApplication@70d68dba
----------------- Done invoking toplevel() on ptolemy.moml.MoMLSimpleApplication@70d68dba
reloadAllAccessors: .ImmediateNonConstructiveness

===========================================================================================
----------------- testing Tue Jun 05 23:03:42 UTC 2018 /home/travis/build/icyphy/ptII/ptolemy/domains/modal/test/auto/ImmediateNonConstructiveness2.xml
----------------- Instantiating /home/travis/build/icyphy/ptII/ptolemy/domains/modal/test/auto/ImmediateNonConstructiveness2.xml
2 ms. Memory: 577024K Free: 302352K (52%)
----------------- Invoking toplevel() on ptolemy.moml.MoMLSimpleApplication@1eb1bc2
----------------- Done invoking toplevel() on ptolemy.moml.MoMLSimpleApplication@1eb1bc2
reloadAllAccessors: .ImmediateNonConstructiveness2

===========================================================================================
----------------- testing Tue Jun 05 23:03:42 UTC 2018 /home/travis/build/icyphy/ptII/ptolemy/domains/modal/test/auto/ImmediateTransitionReset.xml
----------------- Instantiating /home/travis/build/icyphy/ptII/ptolemy/domains/modal/test/auto/ImmediateTransitionReset.xml
6 ms. Memory: 577024K Free: 283884K (49%)
----------------- Invoking toplevel() on ptolemy.moml.MoMLSimpleApplication@16b74cfd
----------------- Done invoking toplevel() on ptolemy.moml.MoMLSimpleApplication@16b74cfd
reloadAllAccessors: .ImmediateTransitionReset

===========================================================================================
----------------- testing Tue Jun 05 23:03:42 UTC 2018 /home/travis/build/icyphy/ptII/ptolemy/domains/modal/test/auto/ImmediateTransitions1.xml
----------------- Instantiating /home/travis/build/icyphy/ptII/ptolemy/domains/modal/test/auto/ImmediateTransitions1.xml
3 ms. Memory: 577024K Free: 274119K (48%)
----------------- Invoking toplevel() on ptolemy.moml.MoMLSimpleApplication@2bfada44
----------------- Done invoking toplevel() on ptolemy.moml.MoMLSimpleApplication@2bfada44
reloadAllAccessors: .ImmediateTransitions1

===========================================================================================
----------------- testing Tue Jun 05 23:03:42 UTC 2018 /home/travis/build/icyphy/ptII/ptolemy/domains/modal/test/auto/ImmediateTransitionsInstantaneousCommunication.xml
----------------- Instantiating /home/travis/build/icyphy/ptII/ptolemy/domains/modal/test/auto/ImmediateTransitionsInstantaneousCommunication.xml
6 ms. Memory: 577024K Free: 257840K (45%)
----------------- Invoking toplevel() on ptolemy.moml.MoMLSimpleApplication@3a3c118e
----------------- Done invoking toplevel() on ptolemy.moml.MoMLSimpleApplication@3a3c118e
reloadAllAccessors: .ImmediateTransitionsInstantaneousCommunication

===========================================================================================
----------------- testing Tue Jun 05 23:03:42 UTC 2018 /home/travis/build/icyphy/ptII/ptolemy/domains/modal/test/auto/InitialImmediateTransition.xml
----------------- Instantiating /home/travis/build/icyphy/ptII/ptolemy/domains/modal/test/auto/InitialImmediateTransition.xml
3 ms. Memory: 577024K Free: 245886K (43%)
----------------- Invoking toplevel() on ptolemy.moml.MoMLSimpleApplication@336cc9b7
----------------- Done invoking toplevel() on ptolemy.moml.MoMLSimpleApplication@336cc9b7
reloadAllAccessors: .InitialImmediateTransition

===========================================================================================
----------------- testing Tue Jun 05 23:03:42 UTC 2018 /home/travis/build/icyphy/ptII/ptolemy/domains/modal/test/auto/InitialOutputs.xml
----------------- Instantiating /home/travis/build/icyphy/ptII/ptolemy/domains/modal/test/auto/InitialOutputs.xml
4 ms. Memory: 577024K Free: 236138K (41%)
----------------- Invoking toplevel() on ptolemy.moml.MoMLSimpleApplication@18c177c3
----------------- Done invoking toplevel() on ptolemy.moml.MoMLSimpleApplication@18c177c3
reloadAllAccessors: .InitialOutputs

===========================================================================================
----------------- testing Tue Jun 05 23:03:42 UTC 2018 /home/travis/build/icyphy/ptII/ptolemy/domains/modal/test/auto/InitialStateTransition1.xml
----------------- Instantiating /home/travis/build/icyphy/ptII/ptolemy/domains/modal/test/auto/InitialStateTransition1.xml
2 ms. Memory: 577024K Free: 223124K (39%)
----------------- Invoking toplevel() on ptolemy.moml.MoMLSimpleApplication@39533857
----------------- Done invoking toplevel() on ptolemy.moml.MoMLSimpleApplication@39533857
reloadAllAccessors: .InitialStateTransition1

===========================================================================================
----------------- testing Tue Jun 05 23:03:42 UTC 2018 /home/travis/build/icyphy/ptII/ptolemy/domains/modal/test/auto/InitialStateTransition2.xml
----------------- Instantiating /home/travis/build/icyphy/ptII/ptolemy/domains/modal/test/auto/InitialStateTransition2.xml
.InitialStateTransition2.TestExceptionAttributeNonConstructive: initialize() was not invoked, but wrapup() was.  This is unusual, but not always a problem.  For example, exporting JNLP will do this.
1 ms. Memory: 577024K Free: 207937K (36%)
----------------- Invoking toplevel() on ptolemy.moml.MoMLSimpleApplication@76b46149
----------------- Done invoking toplevel() on ptolemy.moml.MoMLSimpleApplication@76b46149
reloadAllAccessors: .InitialStateTransition2

===========================================================================================
----------------- testing Tue Jun 05 23:03:42 UTC 2018 /home/travis/build/icyphy/ptII/ptolemy/domains/modal/test/auto/InitialStateTransition3.xml
----------------- Instantiating /home/travis/build/icyphy/ptII/ptolemy/domains/modal/test/auto/InitialStateTransition3.xml
3 ms. Memory: 577024K Free: 194939K (34%)
----------------- Invoking toplevel() on ptolemy.moml.MoMLSimpleApplication@194f758a
----------------- Done invoking toplevel() on ptolemy.moml.MoMLSimpleApplication@194f758a
reloadAllAccessors: .InitialStateTransition3

===========================================================================================
----------------- testing Tue Jun 05 23:03:42 UTC 2018 /home/travis/build/icyphy/ptII/ptolemy/domains/modal/test/auto/InitialStateTransition4.xml
----------------- Instantiating /home/travis/build/icyphy/ptII/ptolemy/domains/modal/test/auto/InitialStateTransition4.xml
4 ms. Memory: 577024K Free: 179736K (31%)
----------------- Invoking toplevel() on ptolemy.moml.MoMLSimpleApplication@1432de1c
----------------- Done invoking toplevel() on ptolemy.moml.MoMLSimpleApplication@1432de1c
[...]
----------------- Done invoking toplevel() on ptolemy.moml.MoMLSimpleApplication@2f8bbd40
reloadAllAccessors: .TerminationTransition3

===========================================================================================
----------------- testing Tue Jun 05 23:03:44 UTC 2018 /home/travis/build/icyphy/ptII/ptolemy/domains/modal/test/auto/TerminationTransition4.xml
----------------- Instantiating /home/travis/build/icyphy/ptII/ptolemy/domains/modal/test/auto/TerminationTransition4.xml
5 ms. Memory: 870400K Free: 131294K (15%)
----------------- Invoking toplevel() on ptolemy.moml.MoMLSimpleApplication@48608329
----------------- Done invoking toplevel() on ptolemy.moml.MoMLSimpleApplication@48608329
reloadAllAccessors: .TerminationTransition4

===========================================================================================
----------------- testing Tue Jun 05 23:03:44 UTC 2018 /home/travis/build/icyphy/ptII/ptolemy/domains/modal/test/auto/TerminationTransition5.xml
----------------- Instantiating /home/travis/build/icyphy/ptII/ptolemy/domains/modal/test/auto/TerminationTransition5.xml
2 ms. Memory: 870400K Free: 111763K (13%)
----------------- Invoking toplevel() on ptolemy.moml.MoMLSimpleApplication@3aa58cf7
----------------- Done invoking toplevel() on ptolemy.moml.MoMLSimpleApplication@3aa58cf7
reloadAllAccessors: .TerminationTransition5

===========================================================================================
----------------- testing Tue Jun 05 23:03:44 UTC 2018 /home/travis/build/icyphy/ptII/ptolemy/domains/modal/test/auto/TerminationTransition6.xml
----------------- Instantiating /home/travis/build/icyphy/ptII/ptolemy/domains/modal/test/auto/TerminationTransition6.xml
2 ms. Memory: 870400K Free: 93584K (11%)
----------------- Invoking toplevel() on ptolemy.moml.MoMLSimpleApplication@63e2a466
----------------- Done invoking toplevel() on ptolemy.moml.MoMLSimpleApplication@63e2a466
reloadAllAccessors: .TerminationTransition6

===========================================================================================
----------------- testing Tue Jun 05 23:03:44 UTC 2018 /home/travis/build/icyphy/ptII/ptolemy/domains/modal/test/auto/TerminationTransition7.xml
----------------- Instantiating /home/travis/build/icyphy/ptII/ptolemy/domains/modal/test/auto/TerminationTransition7.xml
4 ms. Memory: 870400K Free: 78637K (9%)
----------------- Invoking toplevel() on ptolemy.moml.MoMLSimpleApplication@7707ff84
----------------- Done invoking toplevel() on ptolemy.moml.MoMLSimpleApplication@7707ff84
reloadAllAccessors: .TerminationTransition7

===========================================================================================
----------------- testing Tue Jun 05 23:03:44 UTC 2018 /home/travis/build/icyphy/ptII/ptolemy/domains/modal/test/auto/TerminationTransition8.xml
----------------- Instantiating /home/travis/build/icyphy/ptII/ptolemy/domains/modal/test/auto/TerminationTransition8.xml
1 ms. Memory: 870400K Free: 841649K (97%)
----------------- Invoking toplevel() on ptolemy.moml.MoMLSimpleApplication@3894134c
----------------- Done invoking toplevel() on ptolemy.moml.MoMLSimpleApplication@3894134c
reloadAllAccessors: .TerminationTransition8

===========================================================================================
----------------- testing Tue Jun 05 23:03:44 UTC 2018 /home/travis/build/icyphy/ptII/ptolemy/domains/modal/test/auto/Thermostat_NoHysteresis.xml
----------------- Instantiating /home/travis/build/icyphy/ptII/ptolemy/domains/modal/test/auto/Thermostat_NoHysteresis.xml
20 ms. Memory: 870400K Free: 808426K (93%)
----------------- Invoking toplevel() on ptolemy.moml.MoMLSimpleApplication@3d738ad5
----------------- Done invoking toplevel() on ptolemy.moml.MoMLSimpleApplication@3d738ad5
reloadAllAccessors: .Thermostat_NoHysteresis

===========================================================================================
----------------- testing Tue Jun 05 23:03:44 UTC 2018 /home/travis/build/icyphy/ptII/ptolemy/domains/modal/test/auto/TimedFSM.xml
----------------- Instantiating /home/travis/build/icyphy/ptII/ptolemy/domains/modal/test/auto/TimedFSM.xml
7 ms. Memory: 870400K Free: 792804K (91%)
----------------- Invoking toplevel() on ptolemy.moml.MoMLSimpleApplication@4861c9bb
----------------- Done invoking toplevel() on ptolemy.moml.MoMLSimpleApplication@4861c9bb
reloadAllAccessors: .TimedFSM

===========================================================================================
----------------- testing Tue Jun 05 23:03:44 UTC 2018 /home/travis/build/icyphy/ptII/ptolemy/domains/modal/test/auto/Timeout1.xml
----------------- Instantiating /home/travis/build/icyphy/ptII/ptolemy/domains/modal/test/auto/Timeout1.xml
3 ms. Memory: 870400K Free: 780527K (90%)
----------------- Invoking toplevel() on ptolemy.moml.MoMLSimpleApplication@78563872
----------------- Done invoking toplevel() on ptolemy.moml.MoMLSimpleApplication@78563872
reloadAllAccessors: .Timeout1

===========================================================================================
----------------- testing Tue Jun 05 23:03:44 UTC 2018 /home/travis/build/icyphy/ptII/ptolemy/domains/modal/test/auto/Timeout2.xml
----------------- Instantiating /home/travis/build/icyphy/ptII/ptolemy/domains/modal/test/auto/Timeout2.xml
4 ms. Memory: 870400K Free: 764905K (88%)
----------------- Invoking toplevel() on ptolemy.moml.MoMLSimpleApplication@5db80737
----------------- Done invoking toplevel() on ptolemy.moml.MoMLSimpleApplication@5db80737
reloadAllAccessors: .Timeout2

===========================================================================================
----------------- testing Tue Jun 05 23:03:44 UTC 2018 /home/travis/build/icyphy/ptII/ptolemy/domains/modal/test/auto/Timeout3.xml
----------------- Instantiating /home/travis/build/icyphy/ptII/ptolemy/domains/modal/test/auto/Timeout3.xml
1 ms. Memory: 870400K Free: 752628K (86%)
----------------- Invoking toplevel() on ptolemy.moml.MoMLSimpleApplication@35eb49f1
----------------- Done invoking toplevel() on ptolemy.moml.MoMLSimpleApplication@35eb49f1
reloadAllAccessors: .Timeout3

===========================================================================================
----------------- testing Tue Jun 05 23:03:44 UTC 2018 /home/travis/build/icyphy/ptII/ptolemy/domains/modal/test/auto/Timeout4.xml
----------------- Instantiating /home/travis/build/icyphy/ptII/ptolemy/domains/modal/test/auto/Timeout4.xml
2 ms. Memory: 870400K Free: 742224K (85%)
----------------- Invoking toplevel() on ptolemy.moml.MoMLSimpleApplication@17a50eba
----------------- Done invoking toplevel() on ptolemy.moml.MoMLSimpleApplication@17a50eba
reloadAllAccessors: .Timeout4

===========================================================================================
----------------- testing Tue Jun 05 23:03:44 UTC 2018 /home/travis/build/icyphy/ptII/ptolemy/domains/modal/test/auto/TransientstateModelAdvanced.xml
----------------- Instantiating /home/travis/build/icyphy/ptII/ptolemy/domains/modal/test/auto/TransientstateModelAdvanced.xml
3 ms. Memory: 870400K Free: 719526K (83%)
----------------- Invoking toplevel() on ptolemy.moml.MoMLSimpleApplication@3e2da8e
----------------- Done invoking toplevel() on ptolemy.moml.MoMLSimpleApplication@3e2da8e
reloadAllAccessors: .TransientstateModelAdvanced

===========================================================================================
----------------- testing Tue Jun 05 23:03:44 UTC 2018 /home/travis/build/icyphy/ptII/ptolemy/domains/modal/test/auto/TransientstateModelAdvanced2.xml
----------------- Instantiating /home/travis/build/icyphy/ptII/ptolemy/domains/modal/test/auto/TransientstateModelAdvanced2.xml
3 ms. Memory: 870400K Free: 698703K (80%)
----------------- Invoking toplevel() on ptolemy.moml.MoMLSimpleApplication@710c0566
----------------- Done invoking toplevel() on ptolemy.moml.MoMLSimpleApplication@710c0566
reloadAllAccessors: .transientstatemodelAdvanced

===========================================================================================
----------------- testing Tue Jun 05 23:03:44 UTC 2018 /home/travis/build/icyphy/ptII/ptolemy/domains/modal/test/auto/TransitionRefinements.xml
----------------- Instantiating /home/travis/build/icyphy/ptII/ptolemy/domains/modal/test/auto/TransitionRefinements.xml
6 ms. Memory: 870400K Free: 681207K (78%)
----------------- Invoking toplevel() on ptolemy.moml.MoMLSimpleApplication@50786e9b
----------------- Done invoking toplevel() on ptolemy.moml.MoMLSimpleApplication@50786e9b
reloadAllAccessors: .TransitionRefinements

===========================================================================================
----------------- testing Tue Jun 05 23:03:44 UTC 2018 /home/travis/build/icyphy/ptII/ptolemy/domains/modal/test/auto/TwoRefinements1.xml
----------------- Instantiating /home/travis/build/icyphy/ptII/ptolemy/domains/modal/test/auto/TwoRefinements1.xml
3 ms. Memory: 870400K Free: 665586K (76%)
----------------- Invoking toplevel() on ptolemy.moml.MoMLSimpleApplication@5f696ccd
----------------- Done invoking toplevel() on ptolemy.moml.MoMLSimpleApplication@5f696ccd
reloadAllAccessors: .TwoRefinements1

===========================================================================================
----------------- testing Tue Jun 05 23:03:44 UTC 2018 /home/travis/build/icyphy/ptII/ptolemy/domains/modal/test/auto/TwoRefinements2.xml
----------------- Instantiating /home/travis/build/icyphy/ptII/ptolemy/domains/modal/test/auto/TwoRefinements2.xml
2 ms. Memory: 870400K Free: 648090K (74%)
----------------- Invoking toplevel() on ptolemy.moml.MoMLSimpleApplication@13269c41
----------------- Done invoking toplevel() on ptolemy.moml.MoMLSimpleApplication@13269c41
reloadAllAccessors: .TwoRefinements2

===========================================================================================
----------------- testing Tue Jun 05 23:03:44 UTC 2018 /home/travis/build/icyphy/ptII/ptolemy/domains/modal/test/auto/WeakImmediateTransition.xml
----------------- Instantiating /home/travis/build/icyphy/ptII/ptolemy/domains/modal/test/auto/WeakImmediateTransition.xml
4 ms. Memory: 870400K Free: 632468K (73%)
----------------- Invoking toplevel() on ptolemy.moml.MoMLSimpleApplication@2ce563ec
----------------- Done invoking toplevel() on ptolemy.moml.MoMLSimpleApplication@2ce563ec
reloadAllAccessors: .WeakImmediateTransition

===========================================================================================
----------------- testing Tue Jun 05 23:03:44 UTC 2018 /home/travis/build/icyphy/ptII/ptolemy/domains/modal/test/auto/booleanSelect.xml
----------------- Instantiating /home/travis/build/icyphy/ptII/ptolemy/domains/modal/test/auto/booleanSelect.xml
32 ms. Memory: 870400K Free: 604537K (69%)
----------------- Invoking toplevel() on ptolemy.moml.MoMLSimpleApplication@e7071c5
----------------- Done invoking toplevel() on ptolemy.moml.MoMLSimpleApplication@e7071c5
reloadAllAccessors: .booleanSelect

===========================================================================================
----------------- testing Tue Jun 05 23:03:44 UTC 2018 /home/travis/build/icyphy/ptII/ptolemy/domains/modal/test/auto/modalChangingParams.xml
----------------- Instantiating /home/travis/build/icyphy/ptII/ptolemy/domains/modal/test/auto/modalChangingParams.xml
0
1
0
2
4
6
8
7
0
2
4
6
8
13
0
2
4
6
8
19
0
2
4
6
8
25
0
2
4
6
8
31
0
2
4
6
8
37
0
2
4
6
8
43
0
2
4
6
8
49
0
2
4
6
8
55
0
2
4
6
8
61
0
2
4
6
8
67
0
2
4
6
8
73
0
2
4
6
8
79
0
2
4
6
8
85
0
2
4
6
8
91
0
2
4
6
8
97
0
2
4
6
8
103
0
2
4
6
8
109
0
2
4
6
8
115
0
2
4
6
8
121
0
2
4
6
8
127
0
2
4
6
8
133
0
2
4
6
8
139
0
2
4
6
8
145
0
2
4
6
8
151
0
2
4
6
8
157
0
2
4
6
8
163
0
2
4
6
8
169
0
2
4
6
8
175
0
2
4
6
8
181
0
2
4
6
8
187
0
2
4
6
8
193
0
2
4
6
8
199
0
2
4
6
8
205
0
2
4
6
8
211
0
2
4
6
8
217
0
2
4
6
8
223
0
2
4
6
8
229
0
2
4
6
8
235
0
2
4
6
8
241
0
2
4
6
8
247
0
2
4
6
8
253
0
2
4
6
8
259
0
2
4
6
8
265
0
2
4
6
8
271
0
2
4
6
8
277
0
2
4
6
8
283
0
2
4
6
8
289
0
2
4
6
8
295
0
2
4
6
8
301
0
2
4
6
8
307
0
2
4
6
8
313
0
2
4
6
8
319
0
2
4
6
8
325
0
2
4
6
8
331
0
2
4
6
8
337
0
2
4
6
8
343
0
2
4
6
8
349
0
2
4
6
8
355
0
2
4
6
8
361
0
2
4
6
8
367
0
2
4
6
8
373
0
2
4
6
8
379
0
2
4
6
8
385
0
2
4
6
8
391
0
2
4
6
8
397
0
2
4
6
8
403
0
2
4
6
8
409
0
2
4
6
8
415
0
2
4
6
8
421
0
2
4
6
8
427
0
2
4
6
8
433
0
2
4
6
8
439
0
2
4
6
8
445
0
2
4
6
8
451
0
2
4
6
8
457
0
2
4
6
8
463
0
2
4
6
8
469
0
2
4
6
8
475
0
2
4
6
8
481
0
2
4
6
8
487
0
2
4
6
8
493
0
2
4
6
8
499
0
2
4
6
8
505
0
2
4
6
8
511
0
2
4
6
8
517
0
2
4
6
8
523
0
2
4
6
8
529
0
2
4
6
8
535
0
2
4
6
8
541
0
2
4
6
8
547
0
2
4
6
8
553
0
2
4
6
8
559
0
2
4
6
8
565
0
2
4
6
8
571
0
2
4
6
8
577
0
2
4
6
8
583
0
2
4
6
8
589
0
2
4
6
8
595
0
2
4
6
8
601
0
2
4
6
8
607
0
2
4
6
8
613
0
2
4
6
8
619
0
2
4
6
8
625
0
2
4
6
8
631
0
2
4
6
8
637
0
2
4
6
8
643
0
2
4
6
8
649
0
2
4
6
8
655
0
2
4
6
8
661
0
2
4
6
8
667
0
2
4
6
8
673
0
2
4
6
8
679
0
2
4
6
8
685
0
2
4
6
8
691
0
2
4
6
8
697
0
2
4
6
8
703
0
2
4
6
8
709
0
2
4
6
8
715
0
2
4
6
8
721
0
2
4
6
8
727
0
2
4
6
8
733
0
2
4
6
8
739
0
2
4
6
8
745
0
2
4
6
8
751
0
2
4
6
8
757
0
2
4
6
8
763
0
2
4
6
8
769
0
2
4
6
8
775
0
2
4
6
8
781
0
2
4
6
8
787
0
2
4
6
8
793
0
2
4
6
8
799
0
2
4
6
8
805
0
2
4
6
8
811
0
2
4
6
8
817
0
2
4
6
8
823
0
2
4
6
8
829
0
2
4
6
8
835
0
2
4
6
8
841
0
2
4
6
8
847
0
2
4
6
8
853
0
2
4
6
8
859
0
2
4
6
8
865
0
2
4
6
8
871
0
2
4
6
8
877
0
2
4
6
8
883
0
2
4
6
8
889
0
2
4
6
8
895
0
2
4
6
8
901
0
2
4
6
8
907
0
2
4
6
8
913
0
2
4
6
8
919
0
2
4
6
8
925
0
2
4
6
8
931
0
2
4
6
8
937
0
2
4
6
8
943
0
2
4
6
8
949
0
2
4
6
8
955
0
2
4
6
8
961
0
2
4
6
8
967
0
2
4
6
8
973
0
2
4
6
8
979
0
2
4
6
8
985
0
2
4
6
8
991
0
2
4
6
8
997
0
2
187 ms. Memory: 870400K Free: 484724K (56%)
----------------- Invoking toplevel() on ptolemy.moml.MoMLSimpleApplication@c7c80fb
----------------- Done invoking toplevel() on ptolemy.moml.MoMLSimpleApplication@c7c80fb
reloadAllAccessors: .modalChangingParams

===========================================================================================
----------------- testing Tue Jun 05 23:03:44 UTC 2018 /home/travis/build/icyphy/ptII/ptolemy/domains/modal/test/auto/modalModel.xml
----------------- Instantiating /home/travis/build/icyphy/ptII/ptolemy/domains/modal/test/auto/modalModel.xml
13 ms. Memory: 870400K Free: 467229K (54%)
----------------- Invoking toplevel() on ptolemy.moml.MoMLSimpleApplication@20171a78
----------------- Done invoking toplevel() on ptolemy.moml.MoMLSimpleApplication@20171a78
reloadAllAccessors: .modalModel

===========================================================================================
----------------- testing Tue Jun 05 23:03:44 UTC 2018 /home/travis/build/icyphy/ptII/ptolemy/domains/modal/test/auto/modalModel2.xml
----------------- Instantiating /home/travis/build/icyphy/ptII/ptolemy/domains/modal/test/auto/modalModel2.xml
6 ms. Memory: 870400K Free: 451607K (52%)
----------------- Invoking toplevel() on ptolemy.moml.MoMLSimpleApplication@935b3af
----------------- Done invoking toplevel() on ptolemy.moml.MoMLSimpleApplication@935b3af
reloadAllAccessors: .modalModel2

===========================================================================================
----------------- testing Tue Jun 05 23:03:45 UTC 2018 /home/travis/build/icyphy/ptII/ptolemy/domains/modal/test/auto/modalModel3.xml
----------------- Instantiating /home/travis/build/icyphy/ptII/ptolemy/domains/modal/test/auto/modalModel3.xml
0	0	0
1	0	1
4	2	2
7	4	3
10	6	4
5	0	5
8	2	6
11	4	7
14	6	8
9	0	9
12	2	10
15	4	11
18	6	12
13	0	13
16	2	14
14 ms. Memory: 870400K Free: 430784K (49%)
----------------- Invoking toplevel() on ptolemy.moml.MoMLSimpleApplication@2f622abc
----------------- Done invoking toplevel() on ptolemy.moml.MoMLSimpleApplication@2f622abc
reloadAllAccessors: .modalModel3

===========================================================================================
----------------- testing Tue Jun 05 23:03:45 UTC 2018 /home/travis/build/icyphy/ptII/ptolemy/domains/modal/test/auto/model1.xml
----------------- Instantiating /home/travis/build/icyphy/ptII/ptolemy/domains/modal/test/auto/model1.xml
10 ms. Memory: 870400K Free: 418506K (48%)
----------------- Invoking toplevel() on ptolemy.moml.MoMLSimpleApplication@a47fb66
----------------- Done invoking toplevel() on ptolemy.moml.MoMLSimpleApplication@a47fb66
reloadAllAccessors: .model1

===========================================================================================
----------------- testing Tue Jun 05 23:03:45 UTC 2018 /home/travis/build/icyphy/ptII/ptolemy/domains/modal/test/auto/test-direct-in-out.xml
----------------- Instantiating /home/travis/build/icyphy/ptII/ptolemy/domains/modal/test/auto/test-direct-in-out.xml
5 ms. Memory: 870400K Free: 402884K (46%)
----------------- Invoking toplevel() on ptolemy.moml.MoMLSimpleApplication@7b022217
----------------- Done invoking toplevel() on ptolemy.moml.MoMLSimpleApplication@7b022217
reloadAllAccessors: .test-direct-in-out
AutoTests.java: About to close Vertx.
AutoTests.java: Vertx closed.
]]></system-out>
  <system-err><![CDATA[java.lang.RuntimeException: Execution failed
	at ptolemy.moml.MoMLSimpleApplication$UnloadThread.run(MoMLSimpleApplication.java:402)
Caused by: ptolemy.kernel.util.IllegalActionException: Unknown inputs remain. Possible causality loop:
L_model_1893289564i

  in .CannotAnalysisWithPreemption.model_1893289564_region_1 and .CannotAnalysisWithPreemption.model_1893289564_region_1.L_model_1893289564i
	at ptolemy.actor.sched.FixedPointDirector.postfire(FixedPointDirector.java:515)
	at ptolemy.domains.sr.kernel.SRDirector.postfire(SRDirector.java:417)
	at ptolemy.actor.CompositeActor.postfire(CompositeActor.java:1668)
	at ptolemy.actor.Manager.iterate(Manager.java:852)
	at ptolemy.actor.Manager.execute(Manager.java:369)
	at ptolemy.actor.Manager.run(Manager.java:1263)
	at ptolemy.actor.Manager$PtolemyRunThread.run(Manager.java:1915)
java.lang.reflect.InvocationTargetException
	at sun.reflect.NativeConstructorAccessorImpl.newInstance0(Native Method)
	at sun.reflect.NativeConstructorAccessorImpl.newInstance(NativeConstructorAccessorImpl.java:62)
	at sun.reflect.DelegatingConstructorAccessorImpl.newInstance(DelegatingConstructorAccessorImpl.java:45)
	at java.lang.reflect.Constructor.newInstance(Constructor.java:423)
	at ptolemy.util.test.junit.AutoKnownFailedTests.RunModel(AutoKnownFailedTests.java:107)
	at sun.reflect.NativeMethodAccessorImpl.invoke0(Native Method)
	at sun.reflect.NativeMethodAccessorImpl.invoke(NativeMethodAccessorImpl.java:62)
	at sun.reflect.DelegatingMethodAccessorImpl.invoke(DelegatingMethodAccessorImpl.java:43)
	at java.lang.reflect.Method.invoke(Method.java:498)
	at org.junit.runners.model.FrameworkMethod$1.runReflectiveCall(FrameworkMethod.java:44)
	at org.junit.internal.runners.model.ReflectiveCallable.run(ReflectiveCallable.java:15)
	at org.junit.runners.model.FrameworkMethod.invokeExplosively(FrameworkMethod.java:41)
	at junitparams.internal.InvokeParameterisedMethod.evaluate(InvokeParameterisedMethod.java:102)
	at org.junit.internal.runners.statements.FailOnTimeout$1.run(FailOnTimeout.java:28)
Caused by: ptolemy.kernel.util.IllegalActionException: Unknown inputs remain. Possible causality loop:
L_model_1893289564i

  in .CannotAnalysisWithPreemption.model_1893289564_region_1 and .CannotAnalysisWithPreemption.model_1893289564_region_1.L_model_1893289564i
	at ptolemy.actor.sched.FixedPointDirector.postfire(FixedPointDirector.java:515)
	at ptolemy.domains.sr.kernel.SRDirector.postfire(SRDirector.java:417)
	at ptolemy.actor.CompositeActor.postfire(CompositeActor.java:1668)
	at ptolemy.actor.Manager.iterate(Manager.java:852)
	at ptolemy.actor.Manager.execute(Manager.java:369)
	at ptolemy.actor.Manager.run(Manager.java:1263)
	at ptolemy.actor.Manager$PtolemyRunThread.run(Manager.java:1915)
]]></system-err>
</testsuite>
