<?xml version="1.0" encoding="UTF-8" ?>
<testsuite errors="0" failures="0" hostname="travis-job-042354b8-f49a-46a4-9584-531bfcbdd35a" name="ptolemy.domains.sdf.test.junit.JUnitTclTest" skipped="0" tests="66" time="21.028" timestamp="2019-07-27T05:46:38">
  <properties>
[...]
</properties>
  <testcase classname="ptolemy.util.test.junit.TclTests" name="[0] /home/travis/build/icyphy/ptII/ptolemy/domains/sdf/test/SDFSchedulerErrors.tcl (RunTclFile)" time="1.039" />
  <testcase classname="ptolemy.util.test.junit.TclTests" name="[1] /home/travis/build/icyphy/ptII/ptolemy/domains/sdf/test/composition.tcl (RunTclFile)" time="0.182" />
  <testcase classname="ptolemy.util.test.junit.TclTests" name="[2] /home/travis/build/icyphy/ptII/ptolemy/domains/sdf/test/cycle.tcl (RunTclFile)" time="0.089" />
  <testcase classname="ptolemy.util.test.junit.AutoKnownFailedTests" name="[0] ThereAreNoKnowFailedTests (RunModel)" time="0.002" />
  <testcase classname="ptolemy.util.test.junit.AutoNameArchTests" name="[0] ThereAreNoAutoArchTests (RunModel)" time="0.005" />
  <testcase classname="ptolemy.util.test.junit.AutoTests" name="[0] /home/travis/build/icyphy/ptII/ptolemy/domains/sdf/test/auto/Array.xml (RunModel)" time="0.227" />
  <testcase classname="ptolemy.util.test.junit.AutoTests" name="[1] /home/travis/build/icyphy/ptII/ptolemy/domains/sdf/test/auto/Butterfly.xml (RunModel)" time="0.16" />
  <testcase classname="ptolemy.util.test.junit.AutoTests" name="[2] /home/travis/build/icyphy/ptII/ptolemy/domains/sdf/test/auto/Expression.xml (RunModel)" time="0.147" />
  <testcase classname="ptolemy.util.test.junit.AutoTests" name="[3] /home/travis/build/icyphy/ptII/ptolemy/domains/sdf/test/auto/Eye.xml (RunModel)" time="0.353" />
  <testcase classname="ptolemy.util.test.junit.AutoTests" name="[4] /home/travis/build/icyphy/ptII/ptolemy/domains/sdf/test/auto/FixFIR.xml (RunModel)" time="0.349" />
  <testcase classname="ptolemy.util.test.junit.AutoTests" name="[5] /home/travis/build/icyphy/ptII/ptolemy/domains/sdf/test/auto/FixPoint.xml (RunModel)" time="0.045" />
  <testcase classname="ptolemy.util.test.junit.AutoTests" name="[6] /home/travis/build/icyphy/ptII/ptolemy/domains/sdf/test/auto/Gravitation.xml (RunModel)" time="3.265" />
  <testcase classname="ptolemy.util.test.junit.AutoTests" name="[7] /home/travis/build/icyphy/ptII/ptolemy/domains/sdf/test/auto/GravitationWithCollisionDetection.xml (RunModel)" time="6.437" />
  <testcase classname="ptolemy.util.test.junit.AutoTests" name="[8] /home/travis/build/icyphy/ptII/ptolemy/domains/sdf/test/auto/HDF.xml (RunModel)" time="0.146" />
  <testcase classname="ptolemy.util.test.junit.AutoTests" name="[9] /home/travis/build/icyphy/ptII/ptolemy/domains/sdf/test/auto/HDFwithTransientStates.xml (RunModel)" time="0.122" />
  <testcase classname="ptolemy.util.test.junit.AutoTests" name="[10] /home/travis/build/icyphy/ptII/ptolemy/domains/sdf/test/auto/HTVQ.xml (RunModel)" time="0.955" />
  <testcase classname="ptolemy.util.test.junit.AutoTests" name="[11] /home/travis/build/icyphy/ptII/ptolemy/domains/sdf/test/auto/InferInitProduction.xml (RunModel)" time="0.024" />
  <testcase classname="ptolemy.util.test.junit.AutoTests" name="[12] /home/travis/build/icyphy/ptII/ptolemy/domains/sdf/test/auto/InferInitProductionDeeper.xml (RunModel)" time="0.016" />
  <testcase classname="ptolemy.util.test.junit.AutoTests" name="[13] /home/travis/build/icyphy/ptII/ptolemy/domains/sdf/test/auto/LMSAdaptive.xml (RunModel)" time="0.082" />
  <testcase classname="ptolemy.util.test.junit.AutoTests" name="[14] /home/travis/build/icyphy/ptII/ptolemy/domains/sdf/test/auto/LogisticMap.xml (RunModel)" time="0.48" />
  <testcase classname="ptolemy.util.test.junit.AutoTests" name="[15] /home/travis/build/icyphy/ptII/ptolemy/domains/sdf/test/auto/MaximumEntropySpectrum.xml (RunModel)" time="0.326" />
  <testcase classname="ptolemy.util.test.junit.AutoTests" name="[16] /home/travis/build/icyphy/ptII/ptolemy/domains/sdf/test/auto/MultirateSDF.xml (RunModel)" time="0.058" />
  <testcase classname="ptolemy.util.test.junit.AutoTests" name="[17] /home/travis/build/icyphy/ptII/ptolemy/domains/sdf/test/auto/MultirateSDFwithTransientStates.xml (RunModel)" time="0.095" />
  <testcase classname="ptolemy.util.test.junit.AutoTests" name="[18] /home/travis/build/icyphy/ptII/ptolemy/domains/sdf/test/auto/NoisySinewave.xml (RunModel)" time="0.06" />
  <testcase classname="ptolemy.util.test.junit.AutoTests" name="[19] /home/travis/build/icyphy/ptII/ptolemy/domains/sdf/test/auto/Objects.xml (RunModel)" time="0.05" />
  <testcase classname="ptolemy.util.test.junit.AutoTests" name="[20] /home/travis/build/icyphy/ptII/ptolemy/domains/sdf/test/auto/OrthogonalCom.xml (RunModel)" time="0.05" />
  <testcase classname="ptolemy.util.test.junit.AutoTests" name="[21] /home/travis/build/icyphy/ptII/ptolemy/domains/sdf/test/auto/RijndaelEncryption.xml (RunModel)" time="0.652" />
  <testcase classname="ptolemy.util.test.junit.AutoTests" name="[22] /home/travis/build/icyphy/ptII/ptolemy/domains/sdf/test/auto/SDFEmptyIterations.xml (RunModel)" time="0.031" />
  <testcase classname="ptolemy.util.test.junit.AutoTests" name="[23] /home/travis/build/icyphy/ptII/ptolemy/domains/sdf/test/auto/Spectrum.xml (RunModel)" time="0.104" />
  <testcase classname="ptolemy.util.test.junit.AutoTests" name="[24] /home/travis/build/icyphy/ptII/ptolemy/domains/sdf/test/auto/de_inside_sdf.xml (RunModel)" time="0.024" />
  <testcase classname="ptolemy.util.test.junit.AutoTests" name="[25] /home/travis/build/icyphy/ptII/ptolemy/domains/sdf/test/auto/disconnectedHierarchicalSDF.xml (RunModel)" time="0.029" />
  <testcase classname="ptolemy.util.test.junit.AutoTests" name="[26] /home/travis/build/icyphy/ptII/ptolemy/domains/sdf/test/auto/disconnectedSDF.xml (RunModel)" time="0.021" />
  <testcase classname="ptolemy.util.test.junit.AutoTests" name="[27] /home/travis/build/icyphy/ptII/ptolemy/domains/sdf/test/auto/emptyRefinement.xml (RunModel)" time="0.019" />
  <testcase classname="ptolemy.util.test.junit.AutoTests" name="[28] /home/travis/build/icyphy/ptII/ptolemy/domains/sdf/test/auto/filePortParameter.xml (RunModel)" time="0.046" />
  <testcase classname="ptolemy.util.test.junit.AutoTests" name="[29] /home/travis/build/icyphy/ptII/ptolemy/domains/sdf/test/auto/inferRelationWidth1.xml (RunModel)" time="0.013" />
  <testcase classname="ptolemy.util.test.junit.AutoTests" name="[30] /home/travis/build/icyphy/ptII/ptolemy/domains/sdf/test/auto/initProductionInference.xml (RunModel)" time="0.016" />
  <testcase classname="ptolemy.util.test.junit.AutoTests" name="[31] /home/travis/build/icyphy/ptII/ptolemy/domains/sdf/test/auto/relationGroup.xml (RunModel)" time="0.026" />
  <testcase classname="ptolemy.util.test.junit.AutoTests" name="[32] /home/travis/build/icyphy/ptII/ptolemy/domains/sdf/test/auto/relationGroup10.xml (RunModel)" time="0.017" />
  <testcase classname="ptolemy.util.test.junit.AutoTests" name="[33] /home/travis/build/icyphy/ptII/ptolemy/domains/sdf/test/auto/relationGroup11.xml (RunModel)" time="0.015" />
  <testcase classname="ptolemy.util.test.junit.AutoTests" name="[34] /home/travis/build/icyphy/ptII/ptolemy/domains/sdf/test/auto/relationGroup12.xml (RunModel)" time="0.022" />
  <testcase classname="ptolemy.util.test.junit.AutoTests" name="[35] /home/travis/build/icyphy/ptII/ptolemy/domains/sdf/test/auto/relationGroup13.xml (RunModel)" time="0.016" />
  <testcase classname="ptolemy.util.test.junit.AutoTests" name="[36] /home/travis/build/icyphy/ptII/ptolemy/domains/sdf/test/auto/relationGroup14.xml (RunModel)" time="0.017" />
  <testcase classname="ptolemy.util.test.junit.AutoTests" name="[37] /home/travis/build/icyphy/ptII/ptolemy/domains/sdf/test/auto/relationGroup15.xml (RunModel)" time="0.013" />
  <testcase classname="ptolemy.util.test.junit.AutoTests" name="[38] /home/travis/build/icyphy/ptII/ptolemy/domains/sdf/test/auto/relationGroup2.xml (RunModel)" time="0.011" />
  <testcase classname="ptolemy.util.test.junit.AutoTests" name="[39] /home/travis/build/icyphy/ptII/ptolemy/domains/sdf/test/auto/relationGroup3.xml (RunModel)" time="0.019" />
  <testcase classname="ptolemy.util.test.junit.AutoTests" name="[40] /home/travis/build/icyphy/ptII/ptolemy/domains/sdf/test/auto/relationGroup4.xml (RunModel)" time="0.018" />
  <testcase classname="ptolemy.util.test.junit.AutoTests" name="[41] /home/travis/build/icyphy/ptII/ptolemy/domains/sdf/test/auto/relationGroup5.xml (RunModel)" time="0.015" />
  <testcase classname="ptolemy.util.test.junit.AutoTests" name="[42] /home/travis/build/icyphy/ptII/ptolemy/domains/sdf/test/auto/relationGroup6.xml (RunModel)" time="0.013" />
  <testcase classname="ptolemy.util.test.junit.AutoTests" name="[43] /home/travis/build/icyphy/ptII/ptolemy/domains/sdf/test/auto/relationGroup7.xml (RunModel)" time="0.009" />
  <testcase classname="ptolemy.util.test.junit.AutoTests" name="[44] /home/travis/build/icyphy/ptII/ptolemy/domains/sdf/test/auto/relationGroup8.xml (RunModel)" time="0.017" />
  <testcase classname="ptolemy.util.test.junit.AutoTests" name="[45] /home/travis/build/icyphy/ptII/ptolemy/domains/sdf/test/auto/relationGroup9.xml (RunModel)" time="0.015" />
  <testcase classname="ptolemy.util.test.junit.AutoTests" name="[46] /home/travis/build/icyphy/ptII/ptolemy/domains/sdf/test/auto/sdf_inside_de.xml (RunModel)" time="0.038" />
  <testcase classname="ptolemy.util.test.junit.AutoTests" name="[47] /home/travis/build/icyphy/ptII/ptolemy/domains/sdf/test/auto/sdf_inside_pn.xml (RunModel)" time="0.061" />
  <testcase classname="ptolemy.util.test.junit.AutoTests" name="[48] /home/travis/build/icyphy/ptII/ptolemy/domains/sdf/test/auto/sdf_sdf1.xml (RunModel)" time="0.019" />
  <testcase classname="ptolemy.util.test.junit.AutoTests" name="[49] /home/travis/build/icyphy/ptII/ptolemy/domains/sdf/test/auto/test1.xml (RunModel)" time="0.016" />
  <testcase classname="ptolemy.util.test.junit.AutoTests" name="[50] /home/travis/build/icyphy/ptII/ptolemy/domains/sdf/test/auto/time1.xml (RunModel)" time="0.011" />
  <testcase classname="ptolemy.util.test.junit.AutoTests" name="[51] /home/travis/build/icyphy/ptII/ptolemy/domains/sdf/test/auto/time2.xml (RunModel)" time="0.01" />
  <testcase classname="ptolemy.util.test.junit.AutoTests" name="[52] /home/travis/build/icyphy/ptII/ptolemy/domains/sdf/test/auto/time3.xml (RunModel)" time="0.021" />
  <testcase classname="ptolemy.util.test.junit.AutoTests" name="[53] /home/travis/build/icyphy/ptII/ptolemy/domains/sdf/test/auto/time4.xml (RunModel)" time="0.021" />
  <testcase classname="ptolemy.util.test.junit.AutoTests" name="[54] /home/travis/build/icyphy/ptII/ptolemy/domains/sdf/test/auto/time5.xml (RunModel)" time="4.01" />
  <testcase classname="ptolemy.util.test.junit.AutoTests" name="[55] /home/travis/build/icyphy/ptII/ptolemy/domains/sdf/test/auto/typeSystem_Const_Integer_smallest_Type.xml (RunModel)" time="0.028" />
  <testcase classname="ptolemy.util.test.junit.AutoTests" name="[56] /home/travis/build/icyphy/ptII/ptolemy/domains/sdf/test/auto/typeSystem_declared_Inports_OutportTypeException.xml (RunModel)" time="0.022" />
  <testcase classname="ptolemy.util.test.junit.AutoTests" name="[57] /home/travis/build/icyphy/ptII/ptolemy/domains/sdf/test/auto/typeSystem_oneDeclaredInportType_wrongTypeOutport.xml (RunModel)" time="0.024" />
  <testcase classname="ptolemy.util.test.junit.AutoTests" name="[58] /home/travis/build/icyphy/ptII/ptolemy/domains/sdf/test/auto/width.xml (RunModel)" time="0.011" />
  <testcase classname="ptolemy.util.test.junit.AutoTests" name="[59] /home/travis/build/icyphy/ptII/ptolemy/domains/sdf/test/auto/width2.xml (RunModel)" time="0.035" />
  <testcase classname="ptolemy.util.test.junit.AutoTests" name="[60] /home/travis/build/icyphy/ptII/ptolemy/domains/sdf/test/auto/width3.xml (RunModel)" time="0.044" />
  <system-out><![CDATA[/home/travis/build/icyphy/ptII/ptolemy/domains/sdf/test/SDFSchedulerErrors.tcl
testDefs.tcl: setting time out to 9000 seconds at Sat Jul 27 05:46:38 UTC 2019
102 ms. Memory: 120832K Free: 82373K (68%)
16 ms. Memory: 120832K Free: 74695K (62%)
10 ms. Memory: 120832K Free: 68030K (56%)
18 ms. Memory: 120832K Free: 64965K (54%)
/home/travis/build/icyphy/ptII/ptolemy/domains/sdf/test/composition.tcl
34 ms. Memory: 120832K Free: 61383K (51%)
13 ms. Memory: 120832K Free: 59335K (49%)
/home/travis/build/icyphy/ptII/ptolemy/domains/sdf/test/cycle.tcl
.Toplevel.Director Preinitializing ...
Invoking preinitialize():  .Toplevel.Actor1
Invoking preinitialize():  .Toplevel.Actor2
Invoking preinitialize():  .Toplevel.Delay
.Toplevel.Director Finished preinitialize().
### Schedule:
Execute Schedule{
Fire Actor ptolemy.domains.sdf.kernel.test.SDFTestDelay {.Toplevel.Actor1}
Fire Actor ptolemy.domains.sdf.kernel.test.SDFTestDelay {.Toplevel.Actor2}
Fire Actor ptolemy.domains.sdf.lib.SampleDelay {.Toplevel.Delay}
}
### End schedule
Called initialize().
Invoking initialize():  .Toplevel.Actor1
Initializing actor: .Toplevel.Actor1.
Invoking initialize():  .Toplevel.Actor2
Initializing actor: .Toplevel.Actor2.
Invoking initialize():  .Toplevel.Delay
Initializing actor: .Toplevel.Delay.
Director: Called prefire().
-- Setting current time to 0.0
Director prefire returns true.
The actor .Toplevel.Actor1 will be iterated.
The actor .Toplevel.Actor1 was iterated.
The actor .Toplevel.Actor2 will be iterated.
The actor .Toplevel.Actor2 was iterated.
The actor .Toplevel.Delay will be iterated.
The actor .Toplevel.Delay was iterated.
Director: Called postfire().
Postfire returns: true
Director: Called prefire().
-- Setting current time to 0.0
Director prefire returns true.
The actor .Toplevel.Actor1 will be iterated.
The actor .Toplevel.Actor1 was iterated.
The actor .Toplevel.Actor2 will be iterated.
The actor .Toplevel.Actor2 was iterated.
The actor .Toplevel.Delay will be iterated.
The actor .Toplevel.Delay was iterated.
Director: Called postfire().
Postfire returns: true
Director: Called prefire().
-- Setting current time to 0.0
Director prefire returns true.
The actor .Toplevel.Actor1 will be iterated.
The actor .Toplevel.Actor1 was iterated.
The actor .Toplevel.Actor2 will be iterated.
The actor .Toplevel.Actor2 was iterated.
The actor .Toplevel.Delay will be iterated.
The actor .Toplevel.Delay was iterated.
Director: Called postfire().
Postfire returns: true
Director: Called prefire().
-- Setting current time to 0.0
Director prefire returns true.
The actor .Toplevel.Actor1 will be iterated.
The actor .Toplevel.Actor1 was iterated.
The actor .Toplevel.Actor2 will be iterated.
The actor .Toplevel.Actor2 was iterated.
The actor .Toplevel.Delay will be iterated.
The actor .Toplevel.Delay was iterated.
Director: Called postfire().
Postfire returns: true
Director: Called prefire().
-- Setting current time to 0.0
Director prefire returns true.
The actor .Toplevel.Actor1 will be iterated.
The actor .Toplevel.Actor1 was iterated.
The actor .Toplevel.Actor2 will be iterated.
The actor .Toplevel.Actor2 was iterated.
The actor .Toplevel.Delay will be iterated.
The actor .Toplevel.Delay was iterated.
Director: Called postfire().
Postfire returns: true
Director: Called prefire().
-- Setting current time to 0.0
Director prefire returns true.
The actor .Toplevel.Actor1 will be iterated.
The actor .Toplevel.Actor1 was iterated.
The actor .Toplevel.Actor2 will be iterated.
The actor .Toplevel.Actor2 was iterated.
The actor .Toplevel.Delay will be iterated.
The actor .Toplevel.Delay was iterated.
Reached specified number of iterations: 6
Director: Called wrapup().
37 ms. Memory: 120832K Free: 56263K (47%)
07/27/19 05:46:39
Failed: 0  Total Tests: 8  ((Passed: 8, Newly Passed: 0)  Known Failed: 0) /home/travis/build/icyphy/ptII/ptolemy/domains/sdf/test
No auto/knownFailedTests/*.xml tests in /home/travis/build/icyphy/ptII/ptolemy/domains/sdf/test
No auto/linux-amd64/*.xml tests in /home/travis/build/icyphy/ptII/ptolemy/domains/sdf/test
AutoTests.java: About to close Vertx.
AutoTests.java: Vertx closed.

===========================================================================================
----------------- testing Sat Jul 27 05:46:40 UTC 2019 /home/travis/build/icyphy/ptII/ptolemy/domains/sdf/test/auto/Array.xml
----------------- Instantiating /home/travis/build/icyphy/ptII/ptolemy/domains/sdf/test/auto/Array.xml
57 ms. Memory: 120832K Free: 98343K (81%)
----------------- Invoking toplevel() on ptolemy.moml.MoMLSimpleApplication@47282b26
----------------- Done invoking toplevel() on ptolemy.moml.MoMLSimpleApplication@47282b26
reloadAllAccessors: .Array

===========================================================================================
----------------- testing Sat Jul 27 05:46:40 UTC 2019 /home/travis/build/icyphy/ptII/ptolemy/domains/sdf/test/auto/Butterfly.xml
----------------- Instantiating /home/travis/build/icyphy/ptII/ptolemy/domains/sdf/test/auto/Butterfly.xml
95 ms. Memory: 120832K Free: 93129K (77%)
----------------- Invoking toplevel() on ptolemy.moml.MoMLSimpleApplication@444dc695
----------------- Done invoking toplevel() on ptolemy.moml.MoMLSimpleApplication@444dc695
reloadAllAccessors: .Butterfly

===========================================================================================
----------------- testing Sat Jul 27 05:46:40 UTC 2019 /home/travis/build/icyphy/ptII/ptolemy/domains/sdf/test/auto/Expression.xml
----------------- Instantiating /home/travis/build/icyphy/ptII/ptolemy/domains/sdf/test/auto/Expression.xml
114 ms. Memory: 120832K Free: 88050K (73%)
----------------- Invoking toplevel() on ptolemy.moml.MoMLSimpleApplication@3fca0e61
----------------- Done invoking toplevel() on ptolemy.moml.MoMLSimpleApplication@3fca0e61
reloadAllAccessors: .Expression

===========================================================================================
----------------- testing Sat Jul 27 05:46:40 UTC 2019 /home/travis/build/icyphy/ptII/ptolemy/domains/sdf/test/auto/Eye.xml
----------------- Instantiating /home/travis/build/icyphy/ptII/ptolemy/domains/sdf/test/auto/Eye.xml
166 ms. Memory: 120832K Free: 85225K (71%)
----------------- Invoking toplevel() on ptolemy.moml.MoMLSimpleApplication@41825626
----------------- Done invoking toplevel() on ptolemy.moml.MoMLSimpleApplication@41825626
reloadAllAccessors: .Eye

===========================================================================================
----------------- testing Sat Jul 27 05:46:41 UTC 2019 /home/travis/build/icyphy/ptII/ptolemy/domains/sdf/test/auto/FixFIR.xml
----------------- Instantiating /home/travis/build/icyphy/ptII/ptolemy/domains/sdf/test/auto/FixFIR.xml
152 ms. Memory: 120832K Free: 85146K (70%)
----------------- Invoking toplevel() on ptolemy.moml.MoMLSimpleApplication@393864f9
----------------- Done invoking toplevel() on ptolemy.moml.MoMLSimpleApplication@393864f9
reloadAllAccessors: .FixFIR

===========================================================================================
----------------- testing Sat Jul 27 05:46:41 UTC 2019 /home/travis/build/icyphy/ptII/ptolemy/domains/sdf/test/auto/FixPoint.xml
----------------- Instantiating /home/travis/build/icyphy/ptII/ptolemy/domains/sdf/test/auto/FixPoint.xml
13 ms. Memory: 120832K Free: 81036K (67%)
----------------- Invoking toplevel() on ptolemy.moml.MoMLSimpleApplication@61c6110
----------------- Done invoking toplevel() on ptolemy.moml.MoMLSimpleApplication@61c6110
reloadAllAccessors: .FixPoint

===========================================================================================
----------------- testing Sat Jul 27 05:46:41 UTC 2019 /home/travis/build/icyphy/ptII/ptolemy/domains/sdf/test/auto/Gravitation.xml
----------------- Instantiating /home/travis/build/icyphy/ptII/ptolemy/domains/sdf/test/auto/Gravitation.xml
3175 ms. Memory: 145408K Free: 92855K (64%)
----------------- Invoking toplevel() on ptolemy.moml.MoMLSimpleApplication@39b334db
----------------- Done invoking toplevel() on ptolemy.moml.MoMLSimpleApplication@39b334db
reloadAllAccessors: .Gravitation

===========================================================================================
----------------- testing Sat Jul 27 05:46:44 UTC 2019 /home/travis/build/icyphy/ptII/ptolemy/domains/sdf/test/auto/GravitationWithCollisionDetection.xml
----------------- Instantiating /home/travis/build/icyphy/ptII/ptolemy/domains/sdf/test/auto/GravitationWithCollisionDetection.xml
6294 ms. Memory: 278528K Free: 188738K (68%)
----------------- Invoking toplevel() on ptolemy.moml.MoMLSimpleApplication@6649a047
----------------- Done invoking toplevel() on ptolemy.moml.MoMLSimpleApplication@6649a047
reloadAllAccessors: .GravitationWithCollisionDetection

===========================================================================================
----------------- testing Sat Jul 27 05:46:51 UTC 2019 /home/travis/build/icyphy/ptII/ptolemy/domains/sdf/test/auto/HDF.xml
----------------- Instantiating /home/travis/build/icyphy/ptII/ptolemy/domains/sdf/test/auto/HDF.xml
47 ms. Memory: 278528K Free: 172834K (62%)
----------------- Invoking toplevel() on ptolemy.moml.MoMLSimpleApplication@57125a9b
----------------- Done invoking toplevel() on ptolemy.moml.MoMLSimpleApplication@57125a9b
reloadAllAccessors: .HDF

===========================================================================================
----------------- testing Sat Jul 27 05:46:51 UTC 2019 /home/travis/build/icyphy/ptII/ptolemy/domains/sdf/test/auto/HDFwithTransientStates.xml
----------------- Instantiating /home/travis/build/icyphy/ptII/ptolemy/domains/sdf/test/auto/HDFwithTransientStates.xml
44 ms. Memory: 278528K Free: 153922K (55%)
----------------- Invoking toplevel() on ptolemy.moml.MoMLSimpleApplication@159b20e
----------------- Done invoking toplevel() on ptolemy.moml.MoMLSimpleApplication@159b20e
reloadAllAccessors: .HDFwithTransientStates

===========================================================================================
----------------- testing Sat Jul 27 05:46:51 UTC 2019 /home/travis/build/icyphy/ptII/ptolemy/domains/sdf/test/auto/HTVQ.xml
----------------- Instantiating /home/travis/build/icyphy/ptII/ptolemy/domains/sdf/test/auto/HTVQ.xml
908 ms. Memory: 334848K Free: 206259K (62%)
----------------- Invoking toplevel() on ptolemy.moml.MoMLSimpleApplication@5815028d
----------------- Done invoking toplevel() on ptolemy.moml.MoMLSimpleApplication@5815028d
reloadAllAccessors: .HTVQ

===========================================================================================
----------------- testing Sat Jul 27 05:46:52 UTC 2019 /home/travis/build/icyphy/ptII/ptolemy/domains/sdf/test/auto/InferInitProduction.xml
----------------- Instantiating /home/travis/build/icyphy/ptII/ptolemy/domains/sdf/test/auto/InferInitProduction.xml
3 ms. Memory: 334848K Free: 200200K (60%)
----------------- Invoking toplevel() on ptolemy.moml.MoMLSimpleApplication@7d4f44cc
----------------- Done invoking toplevel() on ptolemy.moml.MoMLSimpleApplication@7d4f44cc
reloadAllAccessors: .InferInitProduction

===========================================================================================
----------------- testing Sat Jul 27 05:46:52 UTC 2019 /home/travis/build/icyphy/ptII/ptolemy/domains/sdf/test/auto/InferInitProductionDeeper.xml
----------------- Instantiating /home/travis/build/icyphy/ptII/ptolemy/domains/sdf/test/auto/InferInitProductionDeeper.xml
3 ms. Memory: 334848K Free: 194584K (58%)
----------------- Invoking toplevel() on ptolemy.moml.MoMLSimpleApplication@300104b5
----------------- Done invoking toplevel() on ptolemy.moml.MoMLSimpleApplication@300104b5
reloadAllAccessors: .InferInitProductionDeeper

===========================================================================================
----------------- testing Sat Jul 27 05:46:52 UTC 2019 /home/travis/build/icyphy/ptII/ptolemy/domains/sdf/test/auto/LMSAdaptive.xml
----------------- Instantiating /home/travis/build/icyphy/ptII/ptolemy/domains/sdf/test/auto/LMSAdaptive.xml
12 ms. Memory: 334848K Free: 184854K (55%)
----------------- Invoking toplevel() on ptolemy.moml.MoMLSimpleApplication@b10359d
----------------- Done invoking toplevel() on ptolemy.moml.MoMLSimpleApplication@b10359d
reloadAllAccessors: .LMSAdaptive

===========================================================================================
----------------- testing Sat Jul 27 05:46:52 UTC 2019 /home/travis/build/icyphy/ptII/ptolemy/domains/sdf/test/auto/LogisticMap.xml
----------------- Instantiating /home/travis/build/icyphy/ptII/ptolemy/domains/sdf/test/auto/LogisticMap.xml
441 ms. Memory: 334848K Free: 179224K (54%)
----------------- Invoking toplevel() on ptolemy.moml.MoMLSimpleApplication@4c7ace3d
----------------- Done invoking toplevel() on ptolemy.moml.MoMLSimpleApplication@4c7ace3d
reloadAllAccessors: .LogisticMap

===========================================================================================
----------------- testing Sat Jul 27 05:46:53 UTC 2019 /home/travis/build/icyphy/ptII/ptolemy/domains/sdf/test/auto/MaximumEntropySpectrum.xml
----------------- Instantiating /home/travis/build/icyphy/ptII/ptolemy/domains/sdf/test/auto/MaximumEntropySpectrum.xml
102 ms. Memory: 334848K Free: 314573K (94%)
----------------- Invoking toplevel() on ptolemy.moml.MoMLSimpleApplication@fabbd11
----------------- Done invoking toplevel() on ptolemy.moml.MoMLSimpleApplication@fabbd11
reloadAllAccessors: .MaximumEntropySpectrum

===========================================================================================
----------------- testing Sat Jul 27 05:46:53 UTC 2019 /home/travis/build/icyphy/ptII/ptolemy/domains/sdf/test/auto/MultirateSDF.xml
----------------- Instantiating /home/travis/build/icyphy/ptII/ptolemy/domains/sdf/test/auto/MultirateSDF.xml
15 ms. Memory: 334848K Free: 299213K (89%)
----------------- Invoking toplevel() on ptolemy.moml.MoMLSimpleApplication@6f8db23f
----------------- Done invoking toplevel() on ptolemy.moml.MoMLSimpleApplication@6f8db23f
reloadAllAccessors: .MultirateSDF

===========================================================================================
----------------- testing Sat Jul 27 05:46:53 UTC 2019 /home/travis/build/icyphy/ptII/ptolemy/domains/sdf/test/auto/MultirateSDFwithTransientStates.xml
----------------- Instantiating /home/travis/build/icyphy/ptII/ptolemy/domains/sdf/test/auto/MultirateSDFwithTransientStates.xml
19 ms. Memory: 334848K Free: 280253K (84%)
----------------- Invoking toplevel() on ptolemy.moml.MoMLSimpleApplication@3e9d4f8e
----------------- Done invoking toplevel() on ptolemy.moml.MoMLSimpleApplication@3e9d4f8e
reloadAllAccessors: .MultirateSDFwithTransientStates

===========================================================================================
----------------- testing Sat Jul 27 05:46:53 UTC 2019 /home/travis/build/icyphy/ptII/ptolemy/domains/sdf/test/auto/NoisySinewave.xml
----------------- Instantiating /home/travis/build/icyphy/ptII/ptolemy/domains/sdf/test/auto/NoisySinewave.xml
19 ms. Memory: 334848K Free: 263883K (79%)
----------------- Invoking toplevel() on ptolemy.moml.MoMLSimpleApplication@3db5c3bf
----------------- Done invoking toplevel() on ptolemy.moml.MoMLSimpleApplication@3db5c3bf
reloadAllAccessors: .NoisySinewave

===========================================================================================
----------------- testing Sat Jul 27 05:46:53 UTC 2019 /home/travis/build/icyphy/ptII/ptolemy/domains/sdf/test/auto/Objects.xml
----------------- Instantiating /home/travis/build/icyphy/ptII/ptolemy/domains/sdf/test/auto/Objects.xml
6 ms. Memory: 334848K Free: 255691K (76%)
----------------- Invoking toplevel() on ptolemy.moml.MoMLSimpleApplication@184f3d98
----------------- Done invoking toplevel() on ptolemy.moml.MoMLSimpleApplication@184f3d98
reloadAllAccessors: .Objects

===========================================================================================
----------------- testing Sat Jul 27 05:46:53 UTC 2019 /home/travis/build/icyphy/ptII/ptolemy/domains/sdf/test/auto/OrthogonalCom.xml
----------------- Instantiating /home/travis/build/icyphy/ptII/ptolemy/domains/sdf/test/auto/OrthogonalCom.xml
7 ms. Memory: 334848K Free: 248013K (74%)
----------------- Invoking toplevel() on ptolemy.moml.MoMLSimpleApplication@d761b1a
----------------- Done invoking toplevel() on ptolemy.moml.MoMLSimpleApplication@d761b1a
reloadAllAccessors: .OrthogonalCom

===========================================================================================
----------------- testing Sat Jul 27 05:46:53 UTC 2019 /home/travis/build/icyphy/ptII/ptolemy/domains/sdf/test/auto/RijndaelEncryption.xml
----------------- Instantiating /home/travis/build/icyphy/ptII/ptolemy/domains/sdf/test/auto/RijndaelEncryption.xml
351 ms. Memory: 334848K Free: 298780K (89%)
----------------- Invoking toplevel() on ptolemy.moml.MoMLSimpleApplication@51c4bf34
----------------- Done invoking toplevel() on ptolemy.moml.MoMLSimpleApplication@51c4bf34
reloadAllAccessors: .RijndaelEncryption

===========================================================================================
----------------- testing Sat Jul 27 05:46:54 UTC 2019 /home/travis/build/icyphy/ptII/ptolemy/domains/sdf/test/auto/SDFEmptyIterations.xml
----------------- Instantiating /home/travis/build/icyphy/ptII/ptolemy/domains/sdf/test/auto/SDFEmptyIterations.xml
7 ms. Memory: 334848K Free: 293660K (88%)
----------------- Invoking toplevel() on ptolemy.moml.MoMLSimpleApplication@3ffeb655
----------------- Done invoking toplevel() on ptolemy.moml.MoMLSimpleApplication@3ffeb655
reloadAllAccessors: .SDFEmptyIterations

===========================================================================================
----------------- testing Sat Jul 27 05:46:54 UTC 2019 /home/travis/build/icyphy/ptII/ptolemy/domains/sdf/test/auto/Spectrum.xml
----------------- Instantiating /home/travis/build/icyphy/ptII/ptolemy/domains/sdf/test/auto/Spectrum.xml
31 ms. Memory: 334848K Free: 269084K (80%)
----------------- Invoking toplevel() on ptolemy.moml.MoMLSimpleApplication@545fa2d9
----------------- Done invoking toplevel() on ptolemy.moml.MoMLSimpleApplication@545fa2d9
reloadAllAccessors: .Spectrum

===========================================================================================
----------------- testing Sat Jul 27 05:46:54 UTC 2019 /home/travis/build/icyphy/ptII/ptolemy/domains/sdf/test/auto/de_inside_sdf.xml
----------------- Instantiating /home/travis/build/icyphy/ptII/ptolemy/domains/sdf/test/auto/de_inside_sdf.xml
5 ms. Memory: 334848K Free: 263964K (79%)
----------------- Invoking toplevel() on ptolemy.moml.MoMLSimpleApplication@7050cdec
----------------- Done invoking toplevel() on ptolemy.moml.MoMLSimpleApplication@7050cdec
reloadAllAccessors: .de_inside_sdf

===========================================================================================
----------------- testing Sat Jul 27 05:46:54 UTC 2019 /home/travis/build/icyphy/ptII/ptolemy/domains/sdf/test/auto/disconnectedHierarchicalSDF.xml
----------------- Instantiating /home/travis/build/icyphy/ptII/ptolemy/domains/sdf/test/auto/disconnectedHierarchicalSDF.xml
6 ms. Memory: 334848K Free: 257820K (77%)
----------------- Invoking toplevel() on ptolemy.moml.MoMLSimpleApplication@b14b572
----------------- Done invoking toplevel() on ptolemy.moml.MoMLSimpleApplication@b14b572
reloadAllAccessors: .disconnectedHierarchicalSDF

===========================================================================================
----------------- testing Sat Jul 27 05:46:54 UTC 2019 /home/travis/build/icyphy/ptII/ptolemy/domains/sdf/test/auto/disconnectedSDF.xml
----------------- Instantiating /home/travis/build/icyphy/ptII/ptolemy/domains/sdf/test/auto/disconnectedSDF.xml
3 ms. Memory: 334848K Free: 253724K (76%)
----------------- Invoking toplevel() on ptolemy.moml.MoMLSimpleApplication@52801ba7
----------------- Done invoking toplevel() on ptolemy.moml.MoMLSimpleApplication@52801ba7
reloadAllAccessors: .disconnectedSDF

===========================================================================================
----------------- testing Sat Jul 27 05:46:54 UTC 2019 /home/travis/build/icyphy/ptII/ptolemy/domains/sdf/test/auto/emptyRefinement.xml
----------------- Instantiating /home/travis/build/icyphy/ptII/ptolemy/domains/sdf/test/auto/emptyRefinement.xml
4 ms. Memory: 334848K Free: 249114K (74%)
----------------- Invoking toplevel() on ptolemy.moml.MoMLSimpleApplication@262393af
----------------- Done invoking toplevel() on ptolemy.moml.MoMLSimpleApplication@262393af
reloadAllAccessors: .emptyRefinement

===========================================================================================
----------------- testing Sat Jul 27 05:46:54 UTC 2019 /home/travis/build/icyphy/ptII/ptolemy/domains/sdf/test/auto/filePortParameter.xml
----------------- Instantiating /home/travis/build/icyphy/ptII/ptolemy/domains/sdf/test/auto/filePortParameter.xml
12 ms. Memory: 334848K Free: 241436K (72%)
----------------- Invoking toplevel() on ptolemy.moml.MoMLSimpleApplication@23c40c56
----------------- Done invoking toplevel() on ptolemy.moml.MoMLSimpleApplication@23c40c56
reloadAllAccessors: .filePortParameter

===========================================================================================
----------------- testing Sat Jul 27 05:46:54 UTC 2019 /home/travis/build/icyphy/ptII/ptolemy/domains/sdf/test/auto/inferRelationWidth1.xml
----------------- Instantiating /home/travis/build/icyphy/ptII/ptolemy/domains/sdf/test/auto/inferRelationWidth1.xml
2 ms. Memory: 334848K Free: 238364K (71%)
----------------- Invoking toplevel() on ptolemy.moml.MoMLSimpleApplication@974c514
----------------- Done invoking toplevel() on ptolemy.moml.MoMLSimpleApplication@974c514
reloadAllAccessors: .inferRelationWidth1

===========================================================================================
----------------- testing Sat Jul 27 05:46:54 UTC 2019 /home/travis/build/icyphy/ptII/ptolemy/domains/sdf/test/auto/initProductionInference.xml
----------------- Instantiating /home/travis/build/icyphy/ptII/ptolemy/domains/sdf/test/auto/initProductionInference.xml
3 ms. Memory: 334848K Free: 234268K (70%)
----------------- Invoking toplevel() on ptolemy.moml.MoMLSimpleApplication@5f3cf472
----------------- Done invoking toplevel() on ptolemy.moml.MoMLSimpleApplication@5f3cf472
reloadAllAccessors: .initProductionInference

===========================================================================================
----------------- testing Sat Jul 27 05:46:54 UTC 2019 /home/travis/build/icyphy/ptII/ptolemy/domains/sdf/test/auto/relationGroup.xml
----------------- Instantiating /home/travis/build/icyphy/ptII/ptolemy/domains/sdf/test/auto/relationGroup.xml
4 ms. Memory: 334848K Free: 230682K (69%)
----------------- Invoking toplevel() on ptolemy.moml.MoMLSimpleApplication@588fcb26
----------------- Done invoking toplevel() on ptolemy.moml.MoMLSimpleApplication@588fcb26
reloadAllAccessors: .relationGroup

===========================================================================================
----------------- testing Sat Jul 27 05:46:54 UTC 2019 /home/travis/build/icyphy/ptII/ptolemy/domains/sdf/test/auto/relationGroup10.xml
----------------- Instantiating /home/travis/build/icyphy/ptII/ptolemy/domains/sdf/test/auto/relationGroup10.xml
2 ms. Memory: 334848K Free: 227100K (68%)
----------------- Invoking toplevel() on ptolemy.moml.MoMLSimpleApplication@11e5bbb7
----------------- Done invoking toplevel() on ptolemy.moml.MoMLSimpleApplication@11e5bbb7
reloadAllAccessors: .relationGroup10

===========================================================================================
----------------- testing Sat Jul 27 05:46:54 UTC 2019 /home/travis/build/icyphy/ptII/ptolemy/domains/sdf/test/auto/relationGroup11.xml
----------------- Instantiating /home/travis/build/icyphy/ptII/ptolemy/domains/sdf/test/auto/relationGroup11.xml
2 ms. Memory: 334848K Free: 223514K (67%)
----------------- Invoking toplevel() on ptolemy.moml.MoMLSimpleApplication@d1f707a
----------------- Done invoking toplevel() on ptolemy.moml.MoMLSimpleApplication@d1f707a
reloadAllAccessors: .relationGroup11

===========================================================================================
----------------- testing Sat Jul 27 05:46:54 UTC 2019 /home/travis/build/icyphy/ptII/ptolemy/domains/sdf/test/auto/relationGroup12.xml
----------------- Instantiating /home/travis/build/icyphy/ptII/ptolemy/domains/sdf/test/auto/relationGroup12.xml
2 ms. Memory: 334848K Free: 219932K (66%)
----------------- Invoking toplevel() on ptolemy.moml.MoMLSimpleApplication@50da6f88
----------------- Done invoking toplevel() on ptolemy.moml.MoMLSimpleApplication@50da6f88
reloadAllAccessors: .relationGroup12

===========================================================================================
----------------- testing Sat Jul 27 05:46:54 UTC 2019 /home/travis/build/icyphy/ptII/ptolemy/domains/sdf/test/auto/relationGroup13.xml
----------------- Instantiating /home/travis/build/icyphy/ptII/ptolemy/domains/sdf/test/auto/relationGroup13.xml
6 ms. Memory: 334848K Free: 215322K (64%)
----------------- Invoking toplevel() on ptolemy.moml.MoMLSimpleApplication@2eaa3bd0
----------------- Done invoking toplevel() on ptolemy.moml.MoMLSimpleApplication@2eaa3bd0
reloadAllAccessors: .relationGroup13

===========================================================================================
----------------- testing Sat Jul 27 05:46:54 UTC 2019 /home/travis/build/icyphy/ptII/ptolemy/domains/sdf/test/auto/relationGroup14.xml
----------------- Instantiating /home/travis/build/icyphy/ptII/ptolemy/domains/sdf/test/auto/relationGroup14.xml
5 ms. Memory: 334848K Free: 210716K (63%)
----------------- Invoking toplevel() on ptolemy.moml.MoMLSimpleApplication@6c5ab6a6
----------------- Done invoking toplevel() on ptolemy.moml.MoMLSimpleApplication@6c5ab6a6
reloadAllAccessors: .relationGroup14

===========================================================================================
----------------- testing Sat Jul 27 05:46:54 UTC 2019 /home/travis/build/icyphy/ptII/ptolemy/domains/sdf/test/auto/relationGroup15.xml
----------------- Instantiating /home/travis/build/icyphy/ptII/ptolemy/domains/sdf/test/auto/relationGroup15.xml
2 ms. Memory: 334848K Free: 207130K (62%)
----------------- Invoking toplevel() on ptolemy.moml.MoMLSimpleApplication@4d87e78d
----------------- Done invoking toplevel() on ptolemy.moml.MoMLSimpleApplication@4d87e78d
reloadAllAccessors: .relationGroup15

===========================================================================================
----------------- testing Sat Jul 27 05:46:54 UTC 2019 /home/travis/build/icyphy/ptII/ptolemy/domains/sdf/test/auto/relationGroup2.xml
----------------- Instantiating /home/travis/build/icyphy/ptII/ptolemy/domains/sdf/test/auto/relationGroup2.xml
2 ms. Memory: 334848K Free: 204058K (61%)
----------------- Invoking toplevel() on ptolemy.moml.MoMLSimpleApplication@3d8d859e
----------------- Done invoking toplevel() on ptolemy.moml.MoMLSimpleApplication@3d8d859e
reloadAllAccessors: .relationGroup2

===========================================================================================
----------------- testing Sat Jul 27 05:46:54 UTC 2019 /home/travis/build/icyphy/ptII/ptolemy/domains/sdf/test/auto/relationGroup3.xml
----------------- Instantiating /home/travis/build/icyphy/ptII/ptolemy/domains/sdf/test/auto/relationGroup3.xml
2 ms. Memory: 334848K Free: 200986K (60%)
----------------- Invoking toplevel() on ptolemy.moml.MoMLSimpleApplication@48f9da5f
----------------- Done invoking toplevel() on ptolemy.moml.MoMLSimpleApplication@48f9da5f
reloadAllAccessors: .relationGroup3

===========================================================================================
----------------- testing Sat Jul 27 05:46:54 UTC 2019 /home/travis/build/icyphy/ptII/ptolemy/domains/sdf/test/auto/relationGroup4.xml
----------------- Instantiating /home/travis/build/icyphy/ptII/ptolemy/domains/sdf/test/auto/relationGroup4.xml
8 ms. Memory: 334848K Free: 196890K (59%)
----------------- Invoking toplevel() on ptolemy.moml.MoMLSimpleApplication@5e265728
----------------- Done invoking toplevel() on ptolemy.moml.MoMLSimpleApplication@5e265728
reloadAllAccessors: .relationGroup4

===========================================================================================
----------------- testing Sat Jul 27 05:46:54 UTC 2019 /home/travis/build/icyphy/ptII/ptolemy/domains/sdf/test/auto/relationGroup5.xml
----------------- Instantiating /home/travis/build/icyphy/ptII/ptolemy/domains/sdf/test/auto/relationGroup5.xml
3 ms. Memory: 334848K Free: 191770K (57%)
----------------- Invoking toplevel() on ptolemy.moml.MoMLSimpleApplication@54afa633
----------------- Done invoking toplevel() on ptolemy.moml.MoMLSimpleApplication@54afa633
reloadAllAccessors: .relationGroup5

===========================================================================================
----------------- testing Sat Jul 27 05:46:54 UTC 2019 /home/travis/build/icyphy/ptII/ptolemy/domains/sdf/test/auto/relationGroup6.xml
----------------- Instantiating /home/travis/build/icyphy/ptII/ptolemy/domains/sdf/test/auto/relationGroup6.xml
3 ms. Memory: 334848K Free: 187674K (56%)
----------------- Invoking toplevel() on ptolemy.moml.MoMLSimpleApplication@52d5c8d6
----------------- Done invoking toplevel() on ptolemy.moml.MoMLSimpleApplication@52d5c8d6
reloadAllAccessors: .relationGroup6

===========================================================================================
----------------- testing Sat Jul 27 05:46:54 UTC 2019 /home/travis/build/icyphy/ptII/ptolemy/domains/sdf/test/auto/relationGroup7.xml
----------------- Instantiating /home/travis/build/icyphy/ptII/ptolemy/domains/sdf/test/auto/relationGroup7.xml
2 ms. Memory: 334848K Free: 184602K (55%)
----------------- Invoking toplevel() on ptolemy.moml.MoMLSimpleApplication@377ae972
----------------- Done invoking toplevel() on ptolemy.moml.MoMLSimpleApplication@377ae972
reloadAllAccessors: .relationGroup7

===========================================================================================
----------------- testing Sat Jul 27 05:46:54 UTC 2019 /home/travis/build/icyphy/ptII/ptolemy/domains/sdf/test/auto/relationGroup8.xml
----------------- Instantiating /home/travis/build/icyphy/ptII/ptolemy/domains/sdf/test/auto/relationGroup8.xml
2 ms. Memory: 334848K Free: 181530K (54%)
----------------- Invoking toplevel() on ptolemy.moml.MoMLSimpleApplication@6e908fc9
----------------- Done invoking toplevel() on ptolemy.moml.MoMLSimpleApplication@6e908fc9
reloadAllAccessors: .relationGroup8

===========================================================================================
----------------- testing Sat Jul 27 05:46:54 UTC 2019 /home/travis/build/icyphy/ptII/ptolemy/domains/sdf/test/auto/relationGroup9.xml
----------------- Instantiating /home/travis/build/icyphy/ptII/ptolemy/domains/sdf/test/auto/relationGroup9.xml
5 ms. Memory: 334848K Free: 176924K (53%)
----------------- Invoking toplevel() on ptolemy.moml.MoMLSimpleApplication@415be2f0
----------------- Done invoking toplevel() on ptolemy.moml.MoMLSimpleApplication@415be2f0
reloadAllAccessors: .relationGroup9

===========================================================================================
----------------- testing Sat Jul 27 05:46:54 UTC 2019 /home/travis/build/icyphy/ptII/ptolemy/domains/sdf/test/auto/sdf_inside_de.xml
----------------- Instantiating /home/travis/build/icyphy/ptII/ptolemy/domains/sdf/test/auto/sdf_inside_de.xml
12 ms. Memory: 334848K Free: 168218K (50%)
----------------- Invoking toplevel() on ptolemy.moml.MoMLSimpleApplication@1b0dfe
----------------- Done invoking toplevel() on ptolemy.moml.MoMLSimpleApplication@1b0dfe
reloadAllAccessors: .sdf_inside_de

===========================================================================================
----------------- testing Sat Jul 27 05:46:54 UTC 2019 /home/travis/build/icyphy/ptII/ptolemy/domains/sdf/test/auto/sdf_inside_pn.xml
----------------- Instantiating /home/travis/build/icyphy/ptII/ptolemy/domains/sdf/test/auto/sdf_inside_pn.xml
40 ms. Memory: 334848K Free: 159516K (48%)
----------------- Invoking toplevel() on ptolemy.moml.MoMLSimpleApplication@23dfe631
----------------- Done invoking toplevel() on ptolemy.moml.MoMLSimpleApplication@23dfe631
reloadAllAccessors: .sdf_inside_pn

===========================================================================================
----------------- testing Sat Jul 27 05:46:55 UTC 2019 /home/travis/build/icyphy/ptII/ptolemy/domains/sdf/test/auto/sdf_sdf1.xml
----------------- Instantiating /home/travis/build/icyphy/ptII/ptolemy/domains/sdf/test/auto/sdf_sdf1.xml
3 ms. Memory: 334848K Free: 153868K (46%)
----------------- Invoking toplevel() on ptolemy.moml.MoMLSimpleApplication@63113ce3
----------------- Done invoking toplevel() on ptolemy.moml.MoMLSimpleApplication@63113ce3
reloadAllAccessors: .sdf_sdf1

===========================================================================================
----------------- testing Sat Jul 27 05:46:55 UTC 2019 /home/travis/build/icyphy/ptII/ptolemy/domains/sdf/test/auto/test1.xml
----------------- Instantiating /home/travis/build/icyphy/ptII/ptolemy/domains/sdf/test/auto/test1.xml
3 ms. Memory: 334848K Free: 148762K (44%)
----------------- Invoking toplevel() on ptolemy.moml.MoMLSimpleApplication@311a53e
----------------- Done invoking toplevel() on ptolemy.moml.MoMLSimpleApplication@311a53e
reloadAllAccessors: .test1

===========================================================================================
----------------- testing Sat Jul 27 05:46:55 UTC 2019 /home/travis/build/icyphy/ptII/ptolemy/domains/sdf/test/auto/time1.xml
----------------- Instantiating /home/travis/build/icyphy/ptII/ptolemy/domains/sdf/test/auto/time1.xml
2 ms. Memory: 334848K Free: 145180K (43%)
----------------- Invoking toplevel() on ptolemy.moml.MoMLSimpleApplication@7a27c94f
----------------- Done invoking toplevel() on ptolemy.moml.MoMLSimpleApplication@7a27c94f
reloadAllAccessors: .time1

===========================================================================================
----------------- testing Sat Jul 27 05:46:55 UTC 2019 /home/travis/build/icyphy/ptII/ptolemy/domains/sdf/test/auto/time2.xml
----------------- Instantiating /home/travis/build/icyphy/ptII/ptolemy/domains/sdf/test/auto/time2.xml
2 ms. Memory: 334848K Free: 141594K (42%)
----------------- Invoking toplevel() on ptolemy.moml.MoMLSimpleApplication@16fda458
----------------- Done invoking toplevel() on ptolemy.moml.MoMLSimpleApplication@16fda458
reloadAllAccessors: .time2

===========================================================================================
----------------- testing Sat Jul 27 05:46:55 UTC 2019 /home/travis/build/icyphy/ptII/ptolemy/domains/sdf/test/auto/time3.xml
----------------- Instantiating /home/travis/build/icyphy/ptII/ptolemy/domains/sdf/test/auto/time3.xml
6 ms. Memory: 334848K Free: 136474K (41%)
----------------- Invoking toplevel() on ptolemy.moml.MoMLSimpleApplication@5b7c0560
----------------- Done invoking toplevel() on ptolemy.moml.MoMLSimpleApplication@5b7c0560
reloadAllAccessors: .time3

===========================================================================================
----------------- testing Sat Jul 27 05:46:55 UTC 2019 /home/travis/build/icyphy/ptII/ptolemy/domains/sdf/test/auto/time4.xml
----------------- Instantiating /home/travis/build/icyphy/ptII/ptolemy/domains/sdf/test/auto/time4.xml
6 ms. Memory: 334848K Free: 130844K (39%)
----------------- Invoking toplevel() on ptolemy.moml.MoMLSimpleApplication@15a7017e
----------------- Done invoking toplevel() on ptolemy.moml.MoMLSimpleApplication@15a7017e
reloadAllAccessors: .time4

===========================================================================================
----------------- testing Sat Jul 27 05:46:55 UTC 2019 /home/travis/build/icyphy/ptII/ptolemy/domains/sdf/test/auto/time5.xml
----------------- Instantiating /home/travis/build/icyphy/ptII/ptolemy/domains/sdf/test/auto/time5.xml
4003 ms. Memory: 334848K Free: 127258K (38%)
----------------- Invoking toplevel() on ptolemy.moml.MoMLSimpleApplication@1864432e
----------------- Done invoking toplevel() on ptolemy.moml.MoMLSimpleApplication@1864432e
reloadAllAccessors: .time5

===========================================================================================
----------------- testing Sat Jul 27 05:46:59 UTC 2019 /home/travis/build/icyphy/ptII/ptolemy/domains/sdf/test/auto/typeSystem_Const_Integer_smallest_Type.xml
----------------- Instantiating /home/travis/build/icyphy/ptII/ptolemy/domains/sdf/test/auto/typeSystem_Const_Integer_smallest_Type.xml
7 ms. Memory: 334848K Free: 122652K (37%)
----------------- Invoking toplevel() on ptolemy.moml.MoMLSimpleApplication@34261e54
----------------- Done invoking toplevel() on ptolemy.moml.MoMLSimpleApplication@34261e54
reloadAllAccessors: .typeSystem_Const_Integer_smallest_Type

===========================================================================================
----------------- testing Sat Jul 27 05:46:59 UTC 2019 /home/travis/build/icyphy/ptII/ptolemy/domains/sdf/test/auto/typeSystem_declared_Inports_OutportTypeException.xml
----------------- Instantiating /home/travis/build/icyphy/ptII/ptolemy/domains/sdf/test/auto/typeSystem_declared_Inports_OutportTypeException.xml
.typeSystem_declared_Inports_OutportTypeException.TestExceptionAttribute: initialize() was not invoked, but wrapup() was.  This is unusual, but not always a problem.  For example, exporting JNLP will do this.
6 ms. Memory: 334848K Free: 118556K (35%)
----------------- Invoking toplevel() on ptolemy.moml.MoMLSimpleApplication@67270a18
----------------- Done invoking toplevel() on ptolemy.moml.MoMLSimpleApplication@67270a18
reloadAllAccessors: .typeSystem_declared_Inports_OutportTypeException

===========================================================================================
----------------- testing Sat Jul 27 05:46:59 UTC 2019 /home/travis/build/icyphy/ptII/ptolemy/domains/sdf/test/auto/typeSystem_oneDeclaredInportType_wrongTypeOutport.xml
----------------- Instantiating /home/travis/build/icyphy/ptII/ptolemy/domains/sdf/test/auto/typeSystem_oneDeclaredInportType_wrongTypeOutport.xml
3 ms. Memory: 334848K Free: 313137K (94%)
----------------- Invoking toplevel() on ptolemy.moml.MoMLSimpleApplication@76ecb75a
----------------- Done invoking toplevel() on ptolemy.moml.MoMLSimpleApplication@76ecb75a
reloadAllAccessors: .typeSystem_oneDeclaredInportType_wrongTypeOutport

===========================================================================================
----------------- testing Sat Jul 27 05:46:59 UTC 2019 /home/travis/build/icyphy/ptII/ptolemy/domains/sdf/test/auto/width.xml
----------------- Instantiating /home/travis/build/icyphy/ptII/ptolemy/domains/sdf/test/auto/width.xml
1 ms. Memory: 334848K Free: 309551K (92%)
----------------- Invoking toplevel() on ptolemy.moml.MoMLSimpleApplication@36e6d5fb
----------------- Done invoking toplevel() on ptolemy.moml.MoMLSimpleApplication@36e6d5fb
reloadAllAccessors: .width

===========================================================================================
----------------- testing Sat Jul 27 05:46:59 UTC 2019 /home/travis/build/icyphy/ptII/ptolemy/domains/sdf/test/auto/width2.xml
----------------- Instantiating /home/travis/build/icyphy/ptII/ptolemy/domains/sdf/test/auto/width2.xml
26 ms. Memory: 334848K Free: 304945K (91%)
----------------- Invoking toplevel() on ptolemy.moml.MoMLSimpleApplication@7f2a4d
----------------- Done invoking toplevel() on ptolemy.moml.MoMLSimpleApplication@7f2a4d
reloadAllAccessors: .width2

===========================================================================================
----------------- testing Sat Jul 27 05:46:59 UTC 2019 /home/travis/build/icyphy/ptII/ptolemy/domains/sdf/test/auto/width3.xml
----------------- Instantiating /home/travis/build/icyphy/ptII/ptolemy/domains/sdf/test/auto/width3.xml
33 ms. Memory: 334848K Free: 299311K (89%)
----------------- Invoking toplevel() on ptolemy.moml.MoMLSimpleApplication@5d1ea641
----------------- Done invoking toplevel() on ptolemy.moml.MoMLSimpleApplication@5d1ea641
reloadAllAccessors: .width3
AutoTests.java: About to close Vertx.
AutoTests.java: Vertx closed.
]]></system-out>
  <system-err><![CDATA[java.lang.RuntimeException: Execution failed
	at ptolemy.moml.MoMLSimpleApplication$UnloadThread.run(MoMLSimpleApplication.java:402)
Caused by: ptolemy.actor.sched.NotSchedulableException: No solution exists for the balance equations.
Graph is not consistent under the SDF domain detected on external port .rateConsistency.actor.port2
  in .rateConsistency.SDF Director.Scheduler
	at ptolemy.domains.sdf.kernel.SDFScheduler._propagatePort(SDFScheduler.java:1425)
	at ptolemy.domains.sdf.kernel.SDFScheduler._solveBalanceEquations(SDFScheduler.java:710)
	at ptolemy.domains.sdf.kernel.SDFScheduler._getSchedule(SDFScheduler.java:566)
	at ptolemy.actor.sched.Scheduler.getSchedule(Scheduler.java:189)
	at ptolemy.domains.sdf.kernel.SDFDirector.createSchedule(SDFDirector.java:408)
	at ptolemy.domains.sdf.kernel.SDFDirector.preinitialize(SDFDirector.java:764)
	at ptolemy.actor.CompositeActor.preinitialize(CompositeActor.java:1828)
	at ptolemy.actor.Manager.preinitializeAndResolveTypes(Manager.java:1040)
	at ptolemy.actor.Manager.initialize(Manager.java:710)
	at ptolemy.actor.Manager.execute(Manager.java:356)
	at ptolemy.actor.Manager.run(Manager.java:1263)
	at ptolemy.actor.Manager$PtolemyRunThread.run(Manager.java:1933)
java.lang.RuntimeException: Execution failed
	at ptolemy.moml.MoMLSimpleApplication$UnloadThread.run(MoMLSimpleApplication.java:402)
Caused by: ptolemy.kernel.util.IllegalActionException: Failed to compute schedule:
  in .badRateChanges.typed composite actor.SDF Director
Because:
The SDF rate parameter may change. This is not allowed in SDF models that will be run through the code generator.  If you don't care about code generation, then you might consider setting the allowRateChanges parameter of the SDF director to false.
  in .badRateChanges.typed composite actor.Repeat.output.tokenProductionRate
	at ptolemy.domains.sdf.kernel.SDFDirector.createSchedule(SDFDirector.java:418)
	at ptolemy.domains.sdf.kernel.SDFDirector.preinitialize(SDFDirector.java:764)
	at ptolemy.actor.CompositeActor.preinitialize(CompositeActor.java:1828)
	at ptolemy.actor.Director.preinitialize(Director.java:1302)
	at ptolemy.actor.Director.preinitialize(Director.java:1257)
	at ptolemy.domains.sdf.kernel.SDFDirector.preinitialize(SDFDirector.java:763)
	at ptolemy.actor.CompositeActor.preinitialize(CompositeActor.java:1828)
	at ptolemy.actor.Manager.preinitializeAndResolveTypes(Manager.java:1040)
	at ptolemy.actor.Manager.initialize(Manager.java:710)
	at ptolemy.actor.Manager.execute(Manager.java:356)
	at ptolemy.actor.Manager.run(Manager.java:1263)
	at ptolemy.actor.Manager$PtolemyRunThread.run(Manager.java:1933)
Caused by: ptolemy.kernel.util.IllegalActionException: The SDF rate parameter may change. This is not allowed in SDF models that will be run through the code generator.  If you don't care about code generation, then you might consider setting the allowRateChanges parameter of the SDF director to false.
  in .badRateChanges.typed composite actor.Repeat.output.tokenProductionRate
	at ptolemy.domains.sdf.kernel.SDFScheduler._assertDynamicRateVariable(SDFScheduler.java:931)
	at ptolemy.domains.sdf.kernel.SDFScheduler._checkDynamicRateVariables(SDFScheduler.java:339)
	at ptolemy.domains.sdf.kernel.SDFScheduler._getSchedule(SDFScheduler.java:527)
	at ptolemy.actor.sched.Scheduler.getSchedule(Scheduler.java:189)
	at ptolemy.domains.sdf.kernel.SDFDirector.createSchedule(SDFDirector.java:408)
	... 11 more
java.lang.RuntimeException: Execution failed
	at ptolemy.moml.MoMLSimpleApplication$UnloadThread.run(MoMLSimpleApplication.java:402)
Caused by: ptolemy.kernel.util.IllegalActionException: Failed to compute schedule:
  in .badRateChanges2.typed composite actor.SDF Director
Because:
The SDF rate parameter may change. This is not allowed in SDF models that will be run through the code generator.  If you don't care about code generation, then you might consider setting the allowRateChanges parameter of the SDF director to false.
  in .badRateChanges2.typed composite actor.Repeat.output.tokenProductionRate
	at ptolemy.domains.sdf.kernel.SDFDirector.createSchedule(SDFDirector.java:418)
	at ptolemy.domains.sdf.kernel.SDFDirector.preinitialize(SDFDirector.java:764)
	at ptolemy.actor.CompositeActor.preinitialize(CompositeActor.java:1828)
	at ptolemy.actor.Director.preinitialize(Director.java:1302)
	at ptolemy.actor.Director.preinitialize(Director.java:1257)
	at ptolemy.domains.sdf.kernel.SDFDirector.preinitialize(SDFDirector.java:763)
	at ptolemy.actor.CompositeActor.preinitialize(CompositeActor.java:1828)
	at ptolemy.actor.Manager.preinitializeAndResolveTypes(Manager.java:1040)
	at ptolemy.actor.Manager.initialize(Manager.java:710)
	at ptolemy.actor.Manager.execute(Manager.java:356)
	at ptolemy.actor.Manager.run(Manager.java:1263)
	at ptolemy.actor.Manager$PtolemyRunThread.run(Manager.java:1933)
Caused by: ptolemy.kernel.util.IllegalActionException: The SDF rate parameter may change. This is not allowed in SDF models that will be run through the code generator.  If you don't care about code generation, then you might consider setting the allowRateChanges parameter of the SDF director to false.
  in .badRateChanges2.typed composite actor.Repeat.output.tokenProductionRate
	at ptolemy.domains.sdf.kernel.SDFScheduler._assertDynamicRateVariable(SDFScheduler.java:931)
	at ptolemy.domains.sdf.kernel.SDFScheduler._checkDynamicRateVariables(SDFScheduler.java:339)
	at ptolemy.domains.sdf.kernel.SDFScheduler._getSchedule(SDFScheduler.java:527)
	at ptolemy.actor.sched.Scheduler.getSchedule(Scheduler.java:189)
	at ptolemy.domains.sdf.kernel.SDFDirector.createSchedule(SDFDirector.java:408)
	... 11 more
java.lang.RuntimeException: Execution failed
	at ptolemy.moml.MoMLSimpleApplication$UnloadThread.run(MoMLSimpleApplication.java:402)
Caused by: ptolemy.actor.sched.NotSchedulableException: Actors remain that cannot be scheduled!

There are several possible reasons:
* SDF Graphs with feedback loops should have an actor with a delay in the loop, such as a SampleDelay.
* The SDF director has an "allowDisconnectedGraphs"parameter, which, when true, permits disconnected SDF graphs.
* The token consumption rate and production rates might be mismatched.
Usually, actors produce one token or consume one token on a port.  To produce or consume multiple tokens per firing, add a "tokenConsumptionRate" or "tokenProductionRate" parameter to the appropriate port.
Unscheduled actors:
.partiallyConnected.Const2 
Scheduled actors:
.partiallyConnected.Const 
  in .partiallyConnected.SDF Director.Scheduler
	at ptolemy.domains.sdf.kernel.SDFScheduler._scheduleConnectedActors(SDFScheduler.java:1828)
	at ptolemy.domains.sdf.kernel.SDFScheduler._getSchedule(SDFScheduler.java:587)
	at ptolemy.actor.sched.Scheduler.getSchedule(Scheduler.java:189)
	at ptolemy.domains.sdf.kernel.SDFDirector.createSchedule(SDFDirector.java:408)
	at ptolemy.domains.sdf.kernel.SDFDirector.preinitialize(SDFDirector.java:764)
	at ptolemy.actor.CompositeActor.preinitialize(CompositeActor.java:1828)
	at ptolemy.actor.Manager.preinitializeAndResolveTypes(Manager.java:1040)
	at ptolemy.actor.Manager.initialize(Manager.java:710)
	at ptolemy.actor.Manager.execute(Manager.java:356)
	at ptolemy.actor.Manager.run(Manager.java:1263)
	at ptolemy.actor.Manager$PtolemyRunThread.run(Manager.java:1933)
]]></system-err>
</testsuite>
