<?xml version="1.0" encoding="UTF-8" ?>
<testsuite errors="0" failures="0" hostname="travis-job-4bff2e5c-8743-4b59-9288-835a0c9dd5b2" name="ptolemy.domains.de.test.junit.JUnitTclTest" skipped="0" tests="101" time="129.044" timestamp="2019-04-11T04:00:16">
  <properties>
[...]
</properties>
  <testcase classname="ptolemy.util.test.junit.TclTests" name="[0] /home/travis/build/icyphy/ptII/ptolemy/domains/de/test/DependencyLoop.tcl (RunTclFile)" time="0.843" />
  <testcase classname="ptolemy.util.test.junit.TclTests" name="[1] /home/travis/build/icyphy/ptII/ptolemy/domains/de/test/RunDETestsAsQSS.tcl (RunTclFile)" time="88.763" />
  <testcase classname="ptolemy.util.test.junit.AutoKnownFailedTests" name="[0] /home/travis/build/icyphy/ptII/ptolemy/domains/de/test/auto/knownFailedTests/DESDFClockTest.xml (RunModel)" time="2.035" />
  <testcase classname="ptolemy.util.test.junit.AutoKnownFailedTests" name="[1] /home/travis/build/icyphy/ptII/ptolemy/domains/de/test/auto/knownFailedTests/DirectFeedback.xml (RunModel)" time="0.013" />
  <testcase classname="ptolemy.util.test.junit.AutoKnownFailedTests" name="[2] /home/travis/build/icyphy/ptII/ptolemy/domains/de/test/auto/knownFailedTests/FSMSource.xml (RunModel)" time="0.012" />
  <testcase classname="ptolemy.util.test.junit.AutoKnownFailedTests" name="[3] /home/travis/build/icyphy/ptII/ptolemy/domains/de/test/auto/knownFailedTests/HierarchicalModel.xml (RunModel)" time="0.025" />
  <testcase classname="ptolemy.util.test.junit.AutoKnownFailedTests" name="[4] /home/travis/build/icyphy/ptII/ptolemy/domains/de/test/auto/knownFailedTests/dependencyLoop.xml (RunModel)" time="0.023" />
  <testcase classname="ptolemy.util.test.junit.AutoKnownFailedTests" name="[5] /home/travis/build/icyphy/ptII/ptolemy/domains/de/test/auto/knownFailedTests/dependencyLoop2.xml (RunModel)" time="0.023" />
  <testcase classname="ptolemy.util.test.junit.AutoNameArchTests" name="[0] ThereAreNoAutoArchTests (RunModel)" time="0.001" />
  <testcase classname="ptolemy.util.test.junit.AutoTests" name="[0] /home/travis/build/icyphy/ptII/ptolemy/domains/de/test/auto/ActorDepthCalculation_actorWithoutPorts.xml (RunModel)" time="0.015" />
  <testcase classname="ptolemy.util.test.junit.AutoTests" name="[1] /home/travis/build/icyphy/ptII/ptolemy/domains/de/test/auto/AssemblyLine.xml (RunModel)" time="0.016" />
  <testcase classname="ptolemy.util.test.junit.AutoTests" name="[2] /home/travis/build/icyphy/ptII/ptolemy/domains/de/test/auto/CQBug1.xml (RunModel)" time="0.011" />
  <testcase classname="ptolemy.util.test.junit.AutoTests" name="[3] /home/travis/build/icyphy/ptII/ptolemy/domains/de/test/auto/CancelFireAt.xml (RunModel)" time="0.007" />
  <testcase classname="ptolemy.util.test.junit.AutoTests" name="[4] /home/travis/build/icyphy/ptII/ptolemy/domains/de/test/auto/CausalityAndComposabilityAnalysis.xml (RunModel)" time="0.01" />
  <testcase classname="ptolemy.util.test.junit.AutoTests" name="[5] /home/travis/build/icyphy/ptII/ptolemy/domains/de/test/auto/CausalityInterface1.xml (RunModel)" time="0.009" />
  <testcase classname="ptolemy.util.test.junit.AutoTests" name="[6] /home/travis/build/icyphy/ptII/ptolemy/domains/de/test/auto/CausalityInterface15.xml (RunModel)" time="0.012" />
  <testcase classname="ptolemy.util.test.junit.AutoTests" name="[7] /home/travis/build/icyphy/ptII/ptolemy/domains/de/test/auto/CausalityInterface2.xml (RunModel)" time="0.008" />
  <testcase classname="ptolemy.util.test.junit.AutoTests" name="[8] /home/travis/build/icyphy/ptII/ptolemy/domains/de/test/auto/CausalityInterface3.xml (RunModel)" time="0.009" />
  <testcase classname="ptolemy.util.test.junit.AutoTests" name="[9] /home/travis/build/icyphy/ptII/ptolemy/domains/de/test/auto/ClockDrift.xml (RunModel)" time="0.023" />
  <testcase classname="ptolemy.util.test.junit.AutoTests" name="[10] /home/travis/build/icyphy/ptII/ptolemy/domains/de/test/auto/ClockDriftAndValueChange.xml (RunModel)" time="0.022" />
  <testcase classname="ptolemy.util.test.junit.AutoTests" name="[11] /home/travis/build/icyphy/ptII/ptolemy/domains/de/test/auto/ClockDriftChange.xml (RunModel)" time="0.018" />
  <testcase classname="ptolemy.util.test.junit.AutoTests" name="[12] /home/travis/build/icyphy/ptII/ptolemy/domains/de/test/auto/ComposableCausalityAnalysis.xml (RunModel)" time="0.014" />
  <testcase classname="ptolemy.util.test.junit.AutoTests" name="[13] /home/travis/build/icyphy/ptII/ptolemy/domains/de/test/auto/DEFixedPointLimitation.xml (RunModel)" time="0.007" />
  <testcase classname="ptolemy.util.test.junit.AutoTests" name="[14] /home/travis/build/icyphy/ptII/ptolemy/domains/de/test/auto/DEScheduleTest.xml (RunModel)" time="0.008" />
  <testcase classname="ptolemy.util.test.junit.AutoTests" name="[15] /home/travis/build/icyphy/ptII/ptolemy/domains/de/test/auto/DEinDEwithStartTimes.xml (RunModel)" time="0.009" />
  <testcase classname="ptolemy.util.test.junit.AutoTests" name="[16] /home/travis/build/icyphy/ptII/ptolemy/domains/de/test/auto/DEinDEwithStartTimes2.xml (RunModel)" time="0.01" />
  <testcase classname="ptolemy.util.test.junit.AutoTests" name="[17] /home/travis/build/icyphy/ptII/ptolemy/domains/de/test/auto/DateDemo.xml (RunModel)" time="0.02" />
  <testcase classname="ptolemy.util.test.junit.AutoTests" name="[18] /home/travis/build/icyphy/ptII/ptolemy/domains/de/test/auto/DateToEvent.xml (RunModel)" time="2.032" />
  <testcase classname="ptolemy.util.test.junit.AutoTests" name="[19] /home/travis/build/icyphy/ptII/ptolemy/domains/de/test/auto/DepthTest1.xml (RunModel)" time="0.006" />
  <testcase classname="ptolemy.util.test.junit.AutoTests" name="[20] /home/travis/build/icyphy/ptII/ptolemy/domains/de/test/auto/DepthTest2.xml (RunModel)" time="0.011" />
  <testcase classname="ptolemy.util.test.junit.AutoTests" name="[21] /home/travis/build/icyphy/ptII/ptolemy/domains/de/test/auto/DepthTest3.xml (RunModel)" time="0.005" />
  <testcase classname="ptolemy.util.test.junit.AutoTests" name="[22] /home/travis/build/icyphy/ptII/ptolemy/domains/de/test/auto/DepthTest4.xml (RunModel)" time="0.008" />
  <testcase classname="ptolemy.util.test.junit.AutoTests" name="[23] /home/travis/build/icyphy/ptII/ptolemy/domains/de/test/auto/DepthTest5.xml (RunModel)" time="0.009" />
  <testcase classname="ptolemy.util.test.junit.AutoTests" name="[24] /home/travis/build/icyphy/ptII/ptolemy/domains/de/test/auto/DepthTest6.xml (RunModel)" time="0.008" />
  <testcase classname="ptolemy.util.test.junit.AutoTests" name="[25] /home/travis/build/icyphy/ptII/ptolemy/domains/de/test/auto/DepthTest7.xml (RunModel)" time="0.014" />
  <testcase classname="ptolemy.util.test.junit.AutoTests" name="[26] /home/travis/build/icyphy/ptII/ptolemy/domains/de/test/auto/EventToDate.xml (RunModel)" time="3.028" />
  <testcase classname="ptolemy.util.test.junit.AutoTests" name="[27] /home/travis/build/icyphy/ptII/ptolemy/domains/de/test/auto/FSM1.xml (RunModel)" time="0.026" />
  <testcase classname="ptolemy.util.test.junit.AutoTests" name="[28] /home/travis/build/icyphy/ptII/ptolemy/domains/de/test/auto/FSM7.xml (RunModel)" time="0.03" />
  <testcase classname="ptolemy.util.test.junit.AutoTests" name="[29] /home/travis/build/icyphy/ptII/ptolemy/domains/de/test/auto/Inspection.xml (RunModel)" time="0.025" />
  <testcase classname="ptolemy.util.test.junit.AutoTests" name="[30] /home/travis/build/icyphy/ptII/ptolemy/domains/de/test/auto/Iteration.xml (RunModel)" time="0.012" />
  <testcase classname="ptolemy.util.test.junit.AutoTests" name="[31] /home/travis/build/icyphy/ptII/ptolemy/domains/de/test/auto/LineFault.xml (RunModel)" time="0.388" />
  <testcase classname="ptolemy.util.test.junit.AutoTests" name="[32] /home/travis/build/icyphy/ptII/ptolemy/domains/de/test/auto/MergeModel1Add.xml (RunModel)" time="0.035" />
  <testcase classname="ptolemy.util.test.junit.AutoTests" name="[33] /home/travis/build/icyphy/ptII/ptolemy/domains/de/test/auto/MergeModel2Add.xml (RunModel)" time="0.028" />
  <testcase classname="ptolemy.util.test.junit.AutoTests" name="[34] /home/travis/build/icyphy/ptII/ptolemy/domains/de/test/auto/MergeModel3Add.xml (RunModel)" time="0.03" />
  <testcase classname="ptolemy.util.test.junit.AutoTests" name="[35] /home/travis/build/icyphy/ptII/ptolemy/domains/de/test/auto/MergeWithoutDiscard.xml (RunModel)" time="0.008" />
  <testcase classname="ptolemy.util.test.junit.AutoTests" name="[36] /home/travis/build/icyphy/ptII/ptolemy/domains/de/test/auto/Modal1.xml (RunModel)" time="0.023" />
  <testcase classname="ptolemy.util.test.junit.AutoTests" name="[37] /home/travis/build/icyphy/ptII/ptolemy/domains/de/test/auto/Modal2.xml (RunModel)" time="0.025" />
  <testcase classname="ptolemy.util.test.junit.AutoTests" name="[38] /home/travis/build/icyphy/ptII/ptolemy/domains/de/test/auto/Modal3.xml (RunModel)" time="0.021" />
  <testcase classname="ptolemy.util.test.junit.AutoTests" name="[39] /home/travis/build/icyphy/ptII/ptolemy/domains/de/test/auto/Modal4.xml (RunModel)" time="0.022" />
  <testcase classname="ptolemy.util.test.junit.AutoTests" name="[40] /home/travis/build/icyphy/ptII/ptolemy/domains/de/test/auto/Modal5.xml (RunModel)" time="0.019" />
  <testcase classname="ptolemy.util.test.junit.AutoTests" name="[41] /home/travis/build/icyphy/ptII/ptolemy/domains/de/test/auto/Modal6.xml (RunModel)" time="0.02" />
  <testcase classname="ptolemy.util.test.junit.AutoTests" name="[42] /home/travis/build/icyphy/ptII/ptolemy/domains/de/test/auto/Modal7.xml (RunModel)" time="0.02" />
  <testcase classname="ptolemy.util.test.junit.AutoTests" name="[43] /home/travis/build/icyphy/ptII/ptolemy/domains/de/test/auto/ModalModel.xml (RunModel)" time="0.129" />
  <testcase classname="ptolemy.util.test.junit.AutoTests" name="[44] /home/travis/build/icyphy/ptII/ptolemy/domains/de/test/auto/ModalSource.xml (RunModel)" time="0.014" />
  <testcase classname="ptolemy.util.test.junit.AutoTests" name="[45] /home/travis/build/icyphy/ptII/ptolemy/domains/de/test/auto/NonInterruptibleTimerZeroDelay.xml (RunModel)" time="0.007" />
  <testcase classname="ptolemy.util.test.junit.AutoTests" name="[46] /home/travis/build/icyphy/ptII/ptolemy/domains/de/test/auto/OpenQueueingNetwork.xml (RunModel)" time="1.867" />
  <testcase classname="ptolemy.util.test.junit.AutoTests" name="[47] /home/travis/build/icyphy/ptII/ptolemy/domains/de/test/auto/OpenQueuingNetwork.xml (RunModel)" time="0.27" />
  <testcase classname="ptolemy.util.test.junit.AutoTests" name="[48] /home/travis/build/icyphy/ptII/ptolemy/domains/de/test/auto/PeriodicSampler.xml (RunModel)" time="0.011" />
  <testcase classname="ptolemy.util.test.junit.AutoTests" name="[49] /home/travis/build/icyphy/ptII/ptolemy/domains/de/test/auto/PersistentIO.xml (RunModel)" time="0.019" />
  <testcase classname="ptolemy.util.test.junit.AutoTests" name="[50] /home/travis/build/icyphy/ptII/ptolemy/domains/de/test/auto/PortParameterResetOnInitialize.xml (RunModel)" time="0.009" />
  <testcase classname="ptolemy.util.test.junit.AutoTests" name="[51] /home/travis/build/icyphy/ptII/ptolemy/domains/de/test/auto/PortParameterUpdates.xml (RunModel)" time="0.024" />
  <testcase classname="ptolemy.util.test.junit.AutoTests" name="[52] /home/travis/build/icyphy/ptII/ptolemy/domains/de/test/auto/QueueAndServer.xml (RunModel)" time="0.018" />
  <testcase classname="ptolemy.util.test.junit.AutoTests" name="[53] /home/travis/build/icyphy/ptII/ptolemy/domains/de/test/auto/Records.xml (RunModel)" time="0.014" />
  <testcase classname="ptolemy.util.test.junit.AutoTests" name="[54] /home/travis/build/icyphy/ptII/ptolemy/domains/de/test/auto/ResetTransitionWithStartTime1.xml (RunModel)" time="0.026" />
  <testcase classname="ptolemy.util.test.junit.AutoTests" name="[55] /home/travis/build/icyphy/ptII/ptolemy/domains/de/test/auto/ResetTransitionWithStartTime2.xml (RunModel)" time="0.025" />
  <testcase classname="ptolemy.util.test.junit.AutoTests" name="[56] /home/travis/build/icyphy/ptII/ptolemy/domains/de/test/auto/ResetTransitionWithStartTime3.xml (RunModel)" time="0.017" />
  <testcase classname="ptolemy.util.test.junit.AutoTests" name="[57] /home/travis/build/icyphy/ptII/ptolemy/domains/de/test/auto/ResetTransitionWithStartTime4.xml (RunModel)" time="0.023" />
  <testcase classname="ptolemy.util.test.junit.AutoTests" name="[58] /home/travis/build/icyphy/ptII/ptolemy/domains/de/test/auto/ResettableTimer1.xml (RunModel)" time="0.009" />
  <testcase classname="ptolemy.util.test.junit.AutoTests" name="[59] /home/travis/build/icyphy/ptII/ptolemy/domains/de/test/auto/ResettableTimer2.xml (RunModel)" time="0.011" />
  <testcase classname="ptolemy.util.test.junit.AutoTests" name="[60] /home/travis/build/icyphy/ptII/ptolemy/domains/de/test/auto/ResettableTimer3.xml (RunModel)" time="0.009" />
  <testcase classname="ptolemy.util.test.junit.AutoTests" name="[61] /home/travis/build/icyphy/ptII/ptolemy/domains/de/test/auto/ResettableTimer4.xml (RunModel)" time="0.011" />
  <testcase classname="ptolemy.util.test.junit.AutoTests" name="[62] /home/travis/build/icyphy/ptII/ptolemy/domains/de/test/auto/ResettableTimer5.xml (RunModel)" time="0.01" />
  <testcase classname="ptolemy.util.test.junit.AutoTests" name="[63] /home/travis/build/icyphy/ptII/ptolemy/domains/de/test/auto/ResettableTimer6.xml (RunModel)" time="0.019" />
  <testcase classname="ptolemy.util.test.junit.AutoTests" name="[64] /home/travis/build/icyphy/ptII/ptolemy/domains/de/test/auto/ServerZeroDelay.xml (RunModel)" time="0.012" />
  <testcase classname="ptolemy.util.test.junit.AutoTests" name="[65] /home/travis/build/icyphy/ptII/ptolemy/domains/de/test/auto/SmartSender.xml (RunModel)" time="3.009" />
  <testcase classname="ptolemy.util.test.junit.AutoTests" name="[66] /home/travis/build/icyphy/ptII/ptolemy/domains/de/test/auto/ThreadedComposite.xml (RunModel)" time="0.117" />
  <testcase classname="ptolemy.util.test.junit.AutoTests" name="[67] /home/travis/build/icyphy/ptII/ptolemy/domains/de/test/auto/Time.xml (RunModel)" time="0.458" />
  <testcase classname="ptolemy.util.test.junit.AutoTests" name="[68] /home/travis/build/icyphy/ptII/ptolemy/domains/de/test/auto/TimeDelayZeroDelay.xml (RunModel)" time="0.01" />
  <testcase classname="ptolemy.util.test.junit.AutoTests" name="[69] /home/travis/build/icyphy/ptII/ptolemy/domains/de/test/auto/TimerZeroDelay.xml (RunModel)" time="0.009" />
  <testcase classname="ptolemy.util.test.junit.AutoTests" name="[70] /home/travis/build/icyphy/ptII/ptolemy/domains/de/test/auto/TimingParadox.xml (RunModel)" time="0.339" />
  <testcase classname="ptolemy.util.test.junit.AutoTests" name="[71] /home/travis/build/icyphy/ptII/ptolemy/domains/de/test/auto/TransferInputs.xml (RunModel)" time="0.009" />
  <testcase classname="ptolemy.util.test.junit.AutoTests" name="[72] /home/travis/build/icyphy/ptII/ptolemy/domains/de/test/auto/TransferOutputs2.xml (RunModel)" time="0.014" />
  <testcase classname="ptolemy.util.test.junit.AutoTests" name="[73] /home/travis/build/icyphy/ptII/ptolemy/domains/de/test/auto/Trilateration.xml (RunModel)" time="11.863" />
  <testcase classname="ptolemy.util.test.junit.AutoTests" name="[74] /home/travis/build/icyphy/ptII/ptolemy/domains/de/test/auto/TwoSigmaDelta.xml (RunModel)" time="2.339" />
  <testcase classname="ptolemy.util.test.junit.AutoTests" name="[75] /home/travis/build/icyphy/ptII/ptolemy/domains/de/test/auto/VariableDelay.xml (RunModel)" time="0.013" />
  <testcase classname="ptolemy.util.test.junit.AutoTests" name="[76] /home/travis/build/icyphy/ptII/ptolemy/domains/de/test/auto/VariableDelay2.xml (RunModel)" time="0.01" />
  <testcase classname="ptolemy.util.test.junit.AutoTests" name="[77] /home/travis/build/icyphy/ptII/ptolemy/domains/de/test/auto/VariableDelayZeroDelay.xml (RunModel)" time="0.01" />
  <testcase classname="ptolemy.util.test.junit.AutoTests" name="[78] /home/travis/build/icyphy/ptII/ptolemy/domains/de/test/auto/VariableDelayZeroDelay2.xml (RunModel)" time="0.011" />
  <testcase classname="ptolemy.util.test.junit.AutoTests" name="[79] /home/travis/build/icyphy/ptII/ptolemy/domains/de/test/auto/deInCt.xml (RunModel)" time="0.014" />
  <testcase classname="ptolemy.util.test.junit.AutoTests" name="[80] /home/travis/build/icyphy/ptII/ptolemy/domains/de/test/auto/deInCt2.xml (RunModel)" time="0.014" />
  <testcase classname="ptolemy.util.test.junit.AutoTests" name="[81] /home/travis/build/icyphy/ptII/ptolemy/domains/de/test/auto/dynamicCausalityInterface1.xml (RunModel)" time="0.024" />
  <testcase classname="ptolemy.util.test.junit.AutoTests" name="[82] /home/travis/build/icyphy/ptII/ptolemy/domains/de/test/auto/fsm_de_test.xml (RunModel)" time="0.024" />
  <testcase classname="ptolemy.util.test.junit.AutoTests" name="[83] /home/travis/build/icyphy/ptII/ptolemy/domains/de/test/auto/functionDependencyReconstruction.xml (RunModel)" time="0.032" />
  <testcase classname="ptolemy.util.test.junit.AutoTests" name="[84] /home/travis/build/icyphy/ptII/ptolemy/domains/de/test/auto/multirate.xml (RunModel)" time="0.016" />
  <testcase classname="ptolemy.util.test.junit.AutoTests" name="[85] /home/travis/build/icyphy/ptII/ptolemy/domains/de/test/auto/multirate2.xml (RunModel)" time="0.015" />
  <testcase classname="ptolemy.util.test.junit.AutoTests" name="[86] /home/travis/build/icyphy/ptII/ptolemy/domains/de/test/auto/realtime.xml (RunModel)" time="10.016" />
  <testcase classname="ptolemy.util.test.junit.AutoTests" name="[87] /home/travis/build/icyphy/ptII/ptolemy/domains/de/test/auto/relationGroup.xml (RunModel)" time="0.009" />
  <testcase classname="ptolemy.util.test.junit.AutoTests" name="[88] /home/travis/build/icyphy/ptII/ptolemy/domains/de/test/auto/relationGroup2.xml (RunModel)" time="0.007" />
  <testcase classname="ptolemy.util.test.junit.AutoTests" name="[89] /home/travis/build/icyphy/ptII/ptolemy/domains/de/test/auto/sortWithOpaquePorts.xml (RunModel)" time="0.007" />
  <testcase classname="ptolemy.util.test.junit.AutoTests" name="[90] /home/travis/build/icyphy/ptII/ptolemy/domains/de/test/auto/transferInputsandOutputs.xml (RunModel)" time="0.014" />
  <testcase classname="ptolemy.util.test.junit.AutoTests" name="[91] /home/travis/build/icyphy/ptII/ptolemy/domains/de/test/auto/triggerType.xml (RunModel)" time="0.009" />
  <system-out><![CDATA[/home/travis/build/icyphy/ptII/ptolemy/domains/de/test/DependencyLoop.tcl
testDefs.tcl: setting time out to 9000 seconds at Thu Apr 11 04:00:16 UTC 2019
17 ms. Memory: 116224K Free: 97597K (84%)
23 ms. Memory: 146944K Free: 141134K (96%)
/home/travis/build/icyphy/ptII/ptolemy/domains/de/test/RunDETestsAsQSS.tcl
Run the DE tests using ptolemy.domains.qss.test.QSSDirectorTest, which extends QSSDirector and prints a message in the constructors.
------------------ testing $PTII/ptolemy/domains/de/test/auto/knownFailedTests/dependencyLoop.xml (Known Failure) 
13 ms. Memory: 146944K Free: 136491K (93%)


==== $PTIIhome/travis/build/icyphy/ptII/ptolemy/domains/de/test/../../../../: Auto Automatic test in file $PTII/ptolemy/domains/de/test/auto/knownFailedTests/dependencyLoop.xml
==== Contents of test case:

	    # FIXME: we should use $relativeFilename here, but it
	    # might have backslashes under Windows, which causes no end
	    # of trouble.
	    createAndExecute $file
	    list {}
	
.... Test generated KNOWN error:
    while executing
ptolemy.kernel.util.IllegalActionException: Found a zero delay loop containing .dependencyLoop.original
  in .dependencyLoop and .dependencyLoop.original
	at ptolemy.actor.util.CausalityInterfaceForComposites._computeOutputPortDepth(CausalityInterfaceForComposites.java:759)
	at ptolemy.actor.util.CausalityInterfaceForComposites._computeInputDepth(CausalityInterfaceForComposites.java:696)
	at ptolemy.actor.util.CausalityInterfaceForComposites._computeOutputPortDepth(CausalityInterfaceForComposites.java:765)
	at ptolemy.actor.util.CausalityInterfaceForComposites._computeInputDepth(CausalityInterfaceForComposites.java:696)
	at ptolemy.actor.util.CausalityInterfaceForComposites._computeOutputPortDepth(CausalityInterfaceForComposites.java:765)
	at ptolemy.actor.util.CausalityInterfaceForComposites._computeInputDepth(CausalityInterfaceForComposites.java:696)
	at ptolemy.actor.util.CausalityInterfaceForComposites._computeActorDepth(CausalityInterfaceForComposites.java:532)
	at ptolemy.actor.util.CausalityInterfaceForComposites.checkForCycles(CausalityInterfaceForComposites.java:96)
	at ptolemy.domains.de.kernel.DEDirector.preinitialize(DEDirector.java:1338)
	at ptolemy.actor.CompositeActor.preinitialize(CompositeActor.java:1828)
	at ptolemy.actor.Manager.preinitializeAndResolveTypes(Manager.java:1040)
	at ptolemy.actor.Manager.initialize(Manager.java:710)
	at ptolemy.actor.Manager.execute(Manager.java:356)
	at ptolemy.actor.Manager.run(Manager.java:1263)
	at ptolemy.actor.Manager$PtolemyRunThread.run(Manager.java:1915)

    while executing
ptolemy.kernel.util.IllegalActionException: Found a zero delay loop containing .dependencyLoop.original
  in .dependencyLoop and .dependencyLoop.original
    while executing
"java::new ptolemy.moml.MoMLSimpleApplication $file
"
    (procedure "createAndExecute" line 2)
    invoked from within
"createAndExecute $file"
    ("uplevel" body line 5)
    invoked from within
"uplevel $contents_of_test"
------------------ testing $PTII/ptolemy/domains/de/test/auto/knownFailedTests/DESDFClockTest.xml (Known Failure) 
2068 ms. Memory: 146944K Free: 121330K (83%)


==== $PTIIhome/travis/build/icyphy/ptII/ptolemy/domains/de/test/../../../../: Auto Automatic test in file $PTII/ptolemy/domains/de/test/auto/knownFailedTests/DESDFClockTest.xml
==== Contents of test case:

	    # FIXME: we should use $relativeFilename here, but it
	    # might have backslashes under Windows, which causes no end
	    # of trouble.
	    createAndExecute $file
	    list {}
	
.... Test generated KNOWN error:
    while executing
ptolemy.kernel.util.IllegalActionException: Actor is not ready to fire.  Perhaps UpSample.prefire() returned false? Try debugging the actor by selecting "Listen to Actor".  Also, for SDF check moml for tokenConsumptionRate on input.
  in .DESDFClockTest.Play Bell.Copy1:SDF Director and .DESDFClockTest.Play Bell.UpSample
	at ptolemy.actor.sched.StaticSchedulingDirector.fire(StaticSchedulingDirector.java:227)
	at ptolemy.domains.sdf.kernel.SDFDirector.fire(SDFDirector.java:500)
	at ptolemy.actor.CompositeActor.fire(CompositeActor.java:455)
	at ptolemy.domains.de.kernel.DEDirector._fire(DEDirector.java:1949)
	at ptolemy.domains.de.kernel.DEDirector.fire(DEDirector.java:502)
	at ptolemy.actor.CompositeActor.fire(CompositeActor.java:455)
	at ptolemy.actor.Manager.iterate(Manager.java:851)
	at ptolemy.actor.Manager.execute(Manager.java:369)
	at ptolemy.actor.Manager.run(Manager.java:1263)
	at ptolemy.actor.Manager$PtolemyRunThread.run(Manager.java:1915)

    while executing
ptolemy.kernel.util.IllegalActionException: Actor is not ready to fire.  Perhaps UpSample.prefire() returned false? Try debugging the actor by selecting "Listen to Actor".  Also, for SDF check moml for tokenConsumptionRate on input.
  in .DESDFClockTest.Play Bell.Copy1:SDF Director and .DESDFClockTest.Play Bell.UpSample
    while executing
"java::new ptolemy.moml.MoMLSimpleApplication $file
"
    (procedure "createAndExecute" line 2)
    invoked from within
"createAndExecute $file"
    ("uplevel" body line 5)
    invoked from within
"uplevel $contents_of_test"
------------------ testing $PTII/ptolemy/domains/de/test/auto/knownFailedTests/FSMSource.xml (Known Failure) 
43 ms. Memory: 146944K Free: 111956K (76%)
!!!! Auto was marked as failing, but now passes
------------------ testing $PTII/ptolemy/domains/de/test/auto/knownFailedTests/dependencyLoop2.xml (Known Failure) 
5 ms. Memory: 146944K Free: 110097K (75%)


==== $PTIIhome/travis/build/icyphy/ptII/ptolemy/domains/de/test/../../../../: Auto Automatic test in file $PTII/ptolemy/domains/de/test/auto/knownFailedTests/dependencyLoop2.xml
==== Contents of test case:

	    # FIXME: we should use $relativeFilename here, but it
	    # might have backslashes under Windows, which causes no end
	    # of trouble.
	    createAndExecute $file
	    list {}
	
.... Test generated KNOWN error:
    while executing
ptolemy.kernel.util.IllegalActionException: Found a zero delay loop containing .dependencyLoop2.original
  in .dependencyLoop2 and .dependencyLoop2.original
	at ptolemy.actor.util.CausalityInterfaceForComposites._computeOutputPortDepth(CausalityInterfaceForComposites.java:759)
	at ptolemy.actor.util.CausalityInterfaceForComposites._computeInputDepth(CausalityInterfaceForComposites.java:696)
	at ptolemy.actor.util.CausalityInterfaceForComposites._computeOutputPortDepth(CausalityInterfaceForComposites.java:765)
	at ptolemy.actor.util.CausalityInterfaceForComposites._computeInputDepth(CausalityInterfaceForComposites.java:696)
	at ptolemy.actor.util.CausalityInterfaceForComposites._computeOutputPortDepth(CausalityInterfaceForComposites.java:765)
	at ptolemy.actor.util.CausalityInterfaceForComposites._computeInputDepth(CausalityInterfaceForComposites.java:696)
	at ptolemy.actor.util.CausalityInterfaceForComposites._computeActorDepth(CausalityInterfaceForComposites.java:532)
	at ptolemy.actor.util.CausalityInterfaceForComposites.checkForCycles(CausalityInterfaceForComposites.java:96)
	at ptolemy.domains.de.kernel.DEDirector.preinitialize(DEDirector.java:1338)
	at ptolemy.actor.CompositeActor.preinitialize(CompositeActor.java:1828)
	at ptolemy.actor.Manager.preinitializeAndResolveTypes(Manager.java:1040)
	at ptolemy.actor.Manager.initialize(Manager.java:710)
	at ptolemy.actor.Manager.execute(Manager.java:356)
	at ptolemy.actor.Manager.run(Manager.java:1263)
	at ptolemy.actor.Manager$PtolemyRunThread.run(Manager.java:1915)

    while executing
ptolemy.kernel.util.IllegalActionException: Found a zero delay loop containing .dependencyLoop2.original
  in .dependencyLoop2 and .dependencyLoop2.original
    while executing
"java::new ptolemy.moml.MoMLSimpleApplication $file
"
    (procedure "createAndExecute" line 2)
    invoked from within
"createAndExecute $file"
    ("uplevel" body line 5)
    invoked from within
"uplevel $contents_of_test"
------------------ testing $PTII/ptolemy/domains/de/test/auto/knownFailedTests/HierarchicalModel.xml (Known Failure) 
5 ms. Memory: 146944K Free: 90042K (61%)


==== $PTIIhome/travis/build/icyphy/ptII/ptolemy/domains/de/test/../../../../: Auto Automatic test in file $PTII/ptolemy/domains/de/test/auto/knownFailedTests/HierarchicalModel.xml
==== Contents of test case:

	    # FIXME: we should use $relativeFilename here, but it
	    # might have backslashes under Windows, which causes no end
	    # of trouble.
	    createAndExecute $file
	    list {}
	
.... Test generated KNOWN error:
    while executing
ptolemy.kernel.util.IllegalActionException: Found a zero delay loop containing .HierarchicalModel.A
  in .HierarchicalModel and .HierarchicalModel.A
	at ptolemy.actor.util.CausalityInterfaceForComposites._computeOutputPortDepth(CausalityInterfaceForComposites.java:759)
	at ptolemy.actor.util.CausalityInterfaceForComposites._computeInputDepth(CausalityInterfaceForComposites.java:696)
	at ptolemy.actor.util.CausalityInterfaceForComposites._computeOutputPortDepth(CausalityInterfaceForComposites.java:765)
	at ptolemy.actor.util.CausalityInterfaceForComposites._computeInputDepth(CausalityInterfaceForComposites.java:696)
	at ptolemy.actor.util.CausalityInterfaceForComposites._computeOutputPortDepth(CausalityInterfaceForComposites.java:765)
	at ptolemy.actor.util.CausalityInterfaceForComposites._computeInputDepth(CausalityInterfaceForComposites.java:696)
	at ptolemy.actor.util.CausalityInterfaceForComposites._computeActorDepth(CausalityInterfaceForComposites.java:532)
	at ptolemy.actor.util.CausalityInterfaceForComposites.checkForCycles(CausalityInterfaceForComposites.java:96)
	at ptolemy.domains.de.kernel.DEDirector.preinitialize(DEDirector.java:1338)
	at ptolemy.actor.CompositeActor.preinitialize(CompositeActor.java:1828)
	at ptolemy.actor.Manager.preinitializeAndResolveTypes(Manager.java:1040)
	at ptolemy.actor.Manager.initialize(Manager.java:710)
	at ptolemy.actor.Manager.execute(Manager.java:356)
	at ptolemy.actor.Manager.run(Manager.java:1263)
	at ptolemy.actor.Manager$PtolemyRunThread.run(Manager.java:1915)

    while executing
ptolemy.kernel.util.IllegalActionException: Found a zero delay loop containing .HierarchicalModel.A
  in .HierarchicalModel and .HierarchicalModel.A
    while executing
"java::new ptolemy.moml.MoMLSimpleApplication $file
"
    (procedure "createAndExecute" line 2)
    invoked from within
"createAndExecute $file"
    ("uplevel" body line 5)
    invoked from within
"uplevel $contents_of_test"
------------------ testing $PTII/ptolemy/domains/de/test/auto/knownFailedTests/DirectFeedback.xml (Known Failure) 
4 ms. Memory: 146944K Free: 85936K (58%)


==== $PTIIhome/travis/build/icyphy/ptII/ptolemy/domains/de/test/../../../../: Auto Automatic test in file $PTII/ptolemy/domains/de/test/auto/knownFailedTests/DirectFeedback.xml
==== Contents of test case:

	    # FIXME: we should use $relativeFilename here, but it
	    # might have backslashes under Windows, which causes no end
	    # of trouble.
	    createAndExecute $file
	    list {}
	
.... Test generated KNOWN error:
    while executing
ptolemy.kernel.util.IllegalActionException: Test fails in iteration 1.
Value was: 1.0. Should have been: 2.0
  in .DirectFeedback.Test
	at ptolemy.actor.lib.Test.fire(Test.java:268)
	at ptolemy.domains.de.kernel.DEDirector._fire(DEDirector.java:1949)
	at ptolemy.domains.de.kernel.DEDirector.fire(DEDirector.java:502)
	at ptolemy.actor.CompositeActor.fire(CompositeActor.java:455)
	at ptolemy.actor.Manager.iterate(Manager.java:851)
	at ptolemy.actor.Manager.execute(Manager.java:369)
	at ptolemy.actor.Manager.run(Manager.java:1263)
	at ptolemy.actor.Manager$PtolemyRunThread.run(Manager.java:1915)

    while executing
ptolemy.kernel.util.IllegalActionException: Test fails in iteration 1.
Value was: 1.0. Should have been: 2.0
  in .DirectFeedback.Test
    while executing
"java::new ptolemy.moml.MoMLSimpleApplication $file
"
    (procedure "createAndExecute" line 2)
    invoked from within
"createAndExecute $file"
    ("uplevel" body line 5)
    invoked from within
"uplevel $contents_of_test"
------------------ testing $PTII/ptolemy/domains/de/test/auto/ActorDepthCalculation_actorWithoutPorts.xml
auto.tcl: Setting watchdog for 200 seconds at Thu Apr 11 04:00:19 UTC 2019
11 ms. Memory: 146944K Free: 138580K (94%)
ptolemy.util.test.WatchDog.cancel(): canceling Thu Apr 11 04:00:19 UTC 2019
auto.tcl: Setting watchdog for 200 seconds at Thu Apr 11 04:00:19 UTC 2019
4 ms. Memory: 146944K Free: 137565K (94%)
ptolemy.util.test.WatchDog.cancel(): canceling Thu Apr 11 04:00:19 UTC 2019
------------------ testing $PTII/ptolemy/domains/de/test/auto/AssemblyLine.xml
auto.tcl: Setting watchdog for 200 seconds at Thu Apr 11 04:00:19 UTC 2019
25 ms. Memory: 208384K Free: 186305K (89%)
ptolemy.util.test.WatchDog.cancel(): canceling Thu Apr 11 04:00:20 UTC 2019
auto.tcl: Setting watchdog for 200 seconds at Thu Apr 11 04:00:20 UTC 2019
7 ms. Memory: 208384K Free: 186305K (89%)
ptolemy.util.test.WatchDog.cancel(): canceling Thu Apr 11 04:00:20 UTC 2019
------------------ testing $PTII/ptolemy/domains/de/test/auto/CQBug1.xml
auto.tcl: Setting watchdog for 200 seconds at Thu Apr 11 04:00:20 UTC 2019
4 ms. Memory: 208384K Free: 197922K (95%)
ptolemy.util.test.WatchDog.cancel(): canceling Thu Apr 11 04:00:20 UTC 2019
auto.tcl: Setting watchdog for 200 seconds at Thu Apr 11 04:00:20 UTC 2019
2 ms. Memory: 208384K Free: 197922K (95%)
ptolemy.util.test.WatchDog.cancel(): canceling Thu Apr 11 04:00:20 UTC 2019
------------------ testing $PTII/ptolemy/domains/de/test/auto/CancelFireAt.xml
auto.tcl: Setting watchdog for 200 seconds at Thu Apr 11 04:00:20 UTC 2019
4 ms. Memory: 208384K Free: 201052K (96%)
ptolemy.util.test.WatchDog.cancel(): canceling Thu Apr 11 04:00:20 UTC 2019
auto.tcl: Setting watchdog for 200 seconds at Thu Apr 11 04:00:20 UTC 2019
4 ms. Memory: 208384K Free: 199023K (96%)
ptolemy.util.test.WatchDog.cancel(): canceling Thu Apr 11 04:00:20 UTC 2019
------------------ testing $PTII/ptolemy/domains/de/test/auto/CausalityAndComposabilityAnalysis.xml
auto.tcl: Setting watchdog for 200 seconds at Thu Apr 11 04:00:20 UTC 2019
18 ms. Memory: 208384K Free: 198621K (95%)
ptolemy.util.test.WatchDog.cancel(): canceling Thu Apr 11 04:00:20 UTC 2019
auto.tcl: Setting watchdog for 200 seconds at Thu Apr 11 04:00:20 UTC 2019
6 ms. Memory: 208384K Free: 196592K (94%)
ptolemy.util.test.WatchDog.cancel(): canceling Thu Apr 11 04:00:20 UTC 2019
------------------ testing $PTII/ptolemy/domains/de/test/auto/CausalityInterface1.xml
auto.tcl: Setting watchdog for 200 seconds at Thu Apr 11 04:00:20 UTC 2019
21 ms. Memory: 208384K Free: 196529K (94%)
ptolemy.util.test.WatchDog.cancel(): canceling Thu Apr 11 04:00:20 UTC 2019
auto.tcl: Setting watchdog for 200 seconds at Thu Apr 11 04:00:20 UTC 2019
4 ms. Memory: 208384K Free: 196529K (94%)
ptolemy.util.test.WatchDog.cancel(): canceling Thu Apr 11 04:00:20 UTC 2019
------------------ testing $PTII/ptolemy/domains/de/test/auto/CausalityInterface15.xml
auto.tcl: Setting watchdog for 200 seconds at Thu Apr 11 04:00:20 UTC 2019
11 ms. Memory: 208384K Free: 196488K (94%)
ptolemy.util.test.WatchDog.cancel(): canceling Thu Apr 11 04:00:20 UTC 2019
auto.tcl: Setting watchdog for 200 seconds at Thu Apr 11 04:00:20 UTC 2019
6 ms. Memory: 208384K Free: 196488K (94%)
ptolemy.util.test.WatchDog.cancel(): canceling Thu Apr 11 04:00:20 UTC 2019
------------------ testing $PTII/ptolemy/domains/de/test/auto/CausalityInterface2.xml
auto.tcl: Setting watchdog for 200 seconds at Thu Apr 11 04:00:20 UTC 2019
7 ms. Memory: 208384K Free: 196504K (94%)
ptolemy.util.test.WatchDog.cancel(): canceling Thu Apr 11 04:00:20 UTC 2019
auto.tcl: Setting watchdog for 200 seconds at Thu Apr 11 04:00:20 UTC 2019
3 ms. Memory: 208384K Free: 196504K (94%)
ptolemy.util.test.WatchDog.cancel(): canceling Thu Apr 11 04:00:20 UTC 2019
------------------ testing $PTII/ptolemy/domains/de/test/auto/CausalityInterface3.xml
auto.tcl: Setting watchdog for 200 seconds at Thu Apr 11 04:00:20 UTC 2019
5 ms. Memory: 208384K Free: 196517K (94%)
ptolemy.util.test.WatchDog.cancel(): canceling Thu Apr 11 04:00:20 UTC 2019
auto.tcl: Setting watchdog for 200 seconds at Thu Apr 11 04:00:20 UTC 2019
4 ms. Memory: 208384K Free: 196517K (94%)
ptolemy.util.test.WatchDog.cancel(): canceling Thu Apr 11 04:00:20 UTC 2019
------------------ testing $PTII/ptolemy/domains/de/test/auto/ClockDrift.xml
auto.tcl: Setting watchdog for 200 seconds at Thu Apr 11 04:00:20 UTC 2019
78 ms. Memory: 208384K Free: 187962K (90%)
ptolemy.util.test.WatchDog.cancel(): canceling Thu Apr 11 04:00:21 UTC 2019
auto.tcl: Setting watchdog for 200 seconds at Thu Apr 11 04:00:21 UTC 2019
63 ms. Memory: 208384K Free: 185933K (89%)
ptolemy.util.test.WatchDog.cancel(): canceling Thu Apr 11 04:00:21 UTC 2019
------------------ testing $PTII/ptolemy/domains/de/test/auto/ClockDriftAndValueChange.xml
auto.tcl: Setting watchdog for 200 seconds at Thu Apr 11 04:00:21 UTC 2019
27 ms. Memory: 208384K Free: 187795K (90%)
ptolemy.util.test.WatchDog.cancel(): canceling Thu Apr 11 04:00:21 UTC 2019
auto.tcl: Setting watchdog for 200 seconds at Thu Apr 11 04:00:21 UTC 2019
33 ms. Memory: 208384K Free: 185766K (89%)
ptolemy.util.test.WatchDog.cancel(): canceling Thu Apr 11 04:00:21 UTC 2019
------------------ testing $PTII/ptolemy/domains/de/test/auto/ClockDriftChange.xml
auto.tcl: Setting watchdog for 200 seconds at Thu Apr 11 04:00:21 UTC 2019
42 ms. Memory: 208384K Free: 191047K (92%)
ptolemy.util.test.WatchDog.cancel(): canceling Thu Apr 11 04:00:21 UTC 2019
auto.tcl: Setting watchdog for 200 seconds at Thu Apr 11 04:00:21 UTC 2019
25 ms. Memory: 208384K Free: 189018K (91%)
ptolemy.util.test.WatchDog.cancel(): canceling Thu Apr 11 04:00:21 UTC 2019
------------------ testing $PTII/ptolemy/domains/de/test/auto/ComposableCausalityAnalysis.xml
auto.tcl: Setting watchdog for 200 seconds at Thu Apr 11 04:00:21 UTC 2019
2 ms. Memory: 208384K Free: 196372K (94%)
ptolemy.util.test.WatchDog.cancel(): canceling Thu Apr 11 04:00:21 UTC 2019
auto.tcl: Setting watchdog for 200 seconds at Thu Apr 11 04:00:21 UTC 2019
2 ms. Memory: 208384K Free: 194343K (93%)
ptolemy.util.test.WatchDog.cancel(): canceling Thu Apr 11 04:00:21 UTC 2019
------------------ testing $PTII/ptolemy/domains/de/test/auto/DEFixedPointLimitation.xml
auto.tcl: Setting watchdog for 200 seconds at Thu Apr 11 04:00:21 UTC 2019
4 ms. Memory: 208384K Free: 196452K (94%)
ptolemy.util.test.WatchDog.cancel(): canceling Thu Apr 11 04:00:21 UTC 2019
auto.tcl: Setting watchdog for 200 seconds at Thu Apr 11 04:00:21 UTC 2019
1 ms. Memory: 208384K Free: 196452K (94%)
ptolemy.util.test.WatchDog.cancel(): canceling Thu Apr 11 04:00:21 UTC 2019
------------------ testing $PTII/ptolemy/domains/de/test/auto/DEScheduleTest.xml
auto.tcl: Setting watchdog for 200 seconds at Thu Apr 11 04:00:21 UTC 2019
8 ms. Memory: 208384K Free: 198517K (95%)
ptolemy.util.test.WatchDog.cancel(): canceling Thu Apr 11 04:00:21 UTC 2019
auto.tcl: Setting watchdog for 200 seconds at Thu Apr 11 04:00:21 UTC 2019
4 ms. Memory: 208384K Free: 196488K (94%)
ptolemy.util.test.WatchDog.cancel(): canceling Thu Apr 11 04:00:21 UTC 2019
------------------ testing $PTII/ptolemy/domains/de/test/auto/DEinDEwithStartTimes.xml
auto.tcl: Setting watchdog for 200 seconds at Thu Apr 11 04:00:21 UTC 2019
4 ms. Memory: 208384K Free: 196458K (94%)
ptolemy.util.test.WatchDog.cancel(): canceling Thu Apr 11 04:00:21 UTC 2019
auto.tcl: Setting watchdog for 200 seconds at Thu Apr 11 04:00:21 UTC 2019
3 ms. Memory: 208384K Free: 194429K (93%)
ptolemy.util.test.WatchDog.cancel(): canceling Thu Apr 11 04:00:21 UTC 2019
------------------ testing $PTII/ptolemy/domains/de/test/auto/DEinDEwithStartTimes2.xml
auto.tcl: Setting watchdog for 200 seconds at Thu Apr 11 04:00:21 UTC 2019
4 ms. Memory: 208384K Free: 196437K (94%)
ptolemy.util.test.WatchDog.cancel(): canceling Thu Apr 11 04:00:21 UTC 2019
auto.tcl: Setting watchdog for 200 seconds at Thu Apr 11 04:00:21 UTC 2019
5 ms. Memory: 208384K Free: 194408K (93%)
ptolemy.util.test.WatchDog.cancel(): canceling Thu Apr 11 04:00:21 UTC 2019
------------------ testing $PTII/ptolemy/domains/de/test/auto/DateDemo.xml
auto.tcl: Setting watchdog for 200 seconds at Thu Apr 11 04:00:21 UTC 2019
8 ms. Memory: 208384K Free: 189080K (91%)
ptolemy.util.test.WatchDog.cancel(): canceling Thu Apr 11 04:00:22 UTC 2019
auto.tcl: Setting watchdog for 200 seconds at Thu Apr 11 04:00:22 UTC 2019
12 ms. Memory: 208384K Free: 187051K (90%)
ptolemy.util.test.WatchDog.cancel(): canceling Thu Apr 11 04:00:22 UTC 2019
------------------ testing $PTII/ptolemy/domains/de/test/auto/DateToEvent.xml
auto.tcl: Setting watchdog for 200 seconds at Thu Apr 11 04:00:22 UTC 2019
2011 ms. Memory: 208384K Free: 184000K (88%)
ptolemy.util.test.WatchDog.cancel(): canceling Thu Apr 11 04:00:24 UTC 2019
auto.tcl: Setting watchdog for 200 seconds at Thu Apr 11 04:00:24 UTC 2019
2006 ms. Memory: 208384K Free: 184000K (88%)
ptolemy.util.test.WatchDog.cancel(): canceling Thu Apr 11 04:00:26 UTC 2019
------------------ testing $PTII/ptolemy/domains/de/test/auto/DepthTest1.xml
auto.tcl: Setting watchdog for 200 seconds at Thu Apr 11 04:00:26 UTC 2019
4 ms. Memory: 208384K Free: 198045K (95%)
ptolemy.util.test.WatchDog.cancel(): canceling Thu Apr 11 04:00:26 UTC 2019
auto.tcl: Setting watchdog for 200 seconds at Thu Apr 11 04:00:26 UTC 2019
5 ms. Memory: 208384K Free: 198045K (95%)
ptolemy.util.test.WatchDog.cancel(): canceling Thu Apr 11 04:00:26 UTC 2019
------------------ testing $PTII/ptolemy/domains/de/test/auto/DepthTest2.xml
auto.tcl: Setting watchdog for 200 seconds at Thu Apr 11 04:00:26 UTC 2019
4 ms. Memory: 208384K Free: 194389K (93%)
ptolemy.util.test.WatchDog.cancel(): canceling Thu Apr 11 04:00:26 UTC 2019
auto.tcl: Setting watchdog for 200 seconds at Thu Apr 11 04:00:26 UTC 2019
4 ms. Memory: 208384K Free: 194389K (93%)
ptolemy.util.test.WatchDog.cancel(): canceling Thu Apr 11 04:00:26 UTC 2019
------------------ testing $PTII/ptolemy/domains/de/test/auto/DepthTest3.xml
auto.tcl: Setting watchdog for 200 seconds at Thu Apr 11 04:00:26 UTC 2019
2 ms. Memory: 208384K Free: 198900K (95%)
ptolemy.util.test.WatchDog.cancel(): canceling Thu Apr 11 04:00:26 UTC 2019
auto.tcl: Setting watchdog for 200 seconds at Thu Apr 11 04:00:26 UTC 2019
2 ms. Memory: 208384K Free: 198900K (95%)
ptolemy.util.test.WatchDog.cancel(): canceling Thu Apr 11 04:00:26 UTC 2019
------------------ testing $PTII/ptolemy/domains/de/test/auto/DepthTest4.xml
auto.tcl: Setting watchdog for 200 seconds at Thu Apr 11 04:00:26 UTC 2019
12 ms. Memory: 208384K Free: 196439K (94%)
ptolemy.util.test.WatchDog.cancel(): canceling Thu Apr 11 04:00:26 UTC 2019
auto.tcl: Setting watchdog for 200 seconds at Thu Apr 11 04:00:26 UTC 2019
2 ms. Memory: 208384K Free: 196439K (94%)
ptolemy.util.test.WatchDog.cancel(): canceling Thu Apr 11 04:00:26 UTC 2019
------------------ testing $PTII/ptolemy/domains/de/test/auto/DepthTest5.xml
auto.tcl: Setting watchdog for 200 seconds at Thu Apr 11 04:00:26 UTC 2019
4 ms. Memory: 208384K Free: 196386K (94%)
ptolemy.util.test.WatchDog.cancel(): canceling Thu Apr 11 04:00:26 UTC 2019
auto.tcl: Setting watchdog for 200 seconds at Thu Apr 11 04:00:26 UTC 2019
2 ms. Memory: 208384K Free: 196386K (94%)
ptolemy.util.test.WatchDog.cancel(): canceling Thu Apr 11 04:00:26 UTC 2019
------------------ testing $PTII/ptolemy/domains/de/test/auto/DepthTest6.xml
auto.tcl: Setting watchdog for 200 seconds at Thu Apr 11 04:00:26 UTC 2019
13 ms. Memory: 208384K Free: 196882K (94%)
ptolemy.util.test.WatchDog.cancel(): canceling Thu Apr 11 04:00:26 UTC 2019
auto.tcl: Setting watchdog for 200 seconds at Thu Apr 11 04:00:26 UTC 2019
3 ms. Memory: 208384K Free: 196882K (94%)
ptolemy.util.test.WatchDog.cancel(): canceling Thu Apr 11 04:00:26 UTC 2019
------------------ testing $PTII/ptolemy/domains/de/test/auto/DepthTest7.xml
auto.tcl: Setting watchdog for 200 seconds at Thu Apr 11 04:00:26 UTC 2019
3 ms. Memory: 208384K Free: 196344K (94%)
ptolemy.util.test.WatchDog.cancel(): canceling Thu Apr 11 04:00:26 UTC 2019
auto.tcl: Setting watchdog for 200 seconds at Thu Apr 11 04:00:26 UTC 2019
2 ms. Memory: 208384K Free: 196344K (94%)
ptolemy.util.test.WatchDog.cancel(): canceling Thu Apr 11 04:00:26 UTC 2019
------------------ testing $PTII/ptolemy/domains/de/test/auto/EventToDate.xml
auto.tcl: Setting watchdog for 200 seconds at Thu Apr 11 04:00:26 UTC 2019
3011 ms. Memory: 208384K Free: 186221K (89%)
ptolemy.util.test.WatchDog.cancel(): canceling Thu Apr 11 04:00:29 UTC 2019
auto.tcl: Setting watchdog for 200 seconds at Thu Apr 11 04:00:29 UTC 2019
3004 ms. Memory: 208384K Free: 186221K (89%)
ptolemy.util.test.WatchDog.cancel(): canceling Thu Apr 11 04:00:32 UTC 2019
------------------ testing $PTII/ptolemy/domains/de/test/auto/FSM1.xml
auto.tcl: Setting watchdog for 200 seconds at Thu Apr 11 04:00:32 UTC 2019
38 ms. Memory: 208384K Free: 189539K (91%)
ptolemy.util.test.WatchDog.cancel(): canceling Thu Apr 11 04:00:32 UTC 2019
auto.tcl: Setting watchdog for 200 seconds at Thu Apr 11 04:00:32 UTC 2019
19 ms. Memory: 208384K Free: 185481K (89%)
ptolemy.util.test.WatchDog.cancel(): canceling Thu Apr 11 04:00:32 UTC 2019
------------------ testing $PTII/ptolemy/domains/de/test/auto/FSM7.xml
auto.tcl: Setting watchdog for 200 seconds at Thu Apr 11 04:00:33 UTC 2019
31 ms. Memory: 208384K Free: 187713K (90%)
ptolemy.util.test.WatchDog.cancel(): canceling Thu Apr 11 04:00:33 UTC 2019
auto.tcl: Setting watchdog for 200 seconds at Thu Apr 11 04:00:33 UTC 2019
26 ms. Memory: 208384K Free: 185684K (89%)
ptolemy.util.test.WatchDog.cancel(): canceling Thu Apr 11 04:00:33 UTC 2019
------------------ testing $PTII/ptolemy/domains/de/test/auto/Inspection.xml
auto.tcl: Setting watchdog for 200 seconds at Thu Apr 11 04:00:33 UTC 2019
46 ms. Memory: 208384K Free: 189446K (91%)
ptolemy.util.test.WatchDog.cancel(): canceling Thu Apr 11 04:00:33 UTC 2019
auto.tcl: Setting watchdog for 200 seconds at Thu Apr 11 04:00:33 UTC 2019
29 ms. Memory: 208384K Free: 187417K (90%)
ptolemy.util.test.WatchDog.cancel(): canceling Thu Apr 11 04:00:33 UTC 2019
------------------ testing $PTII/ptolemy/domains/de/test/auto/Iteration.xml
auto.tcl: Setting watchdog for 200 seconds at Thu Apr 11 04:00:33 UTC 2019
9 ms. Memory: 208384K Free: 196151K (94%)
ptolemy.util.test.WatchDog.cancel(): canceling Thu Apr 11 04:00:33 UTC 2019
auto.tcl: Setting watchdog for 200 seconds at Thu Apr 11 04:00:33 UTC 2019
6 ms. Memory: 208384K Free: 194122K (93%)
ptolemy.util.test.WatchDog.cancel(): canceling Thu Apr 11 04:00:33 UTC 2019
------------------ testing $PTII/ptolemy/domains/de/test/auto/LineFault.xml
auto.tcl: Setting watchdog for 200 seconds at Thu Apr 11 04:00:33 UTC 2019
754 ms. Memory: 208384K Free: 201039K (96%)
ptolemy.util.test.WatchDog.cancel(): canceling Thu Apr 11 04:00:34 UTC 2019
auto.tcl: Setting watchdog for 200 seconds at Thu Apr 11 04:00:34 UTC 2019
617 ms. Memory: 208384K Free: 143973K (69%)
ptolemy.util.test.WatchDog.cancel(): canceling Thu Apr 11 04:00:35 UTC 2019
------------------ testing $PTII/ptolemy/domains/de/test/auto/MergeModel1Add.xml
auto.tcl: Setting watchdog for 200 seconds at Thu Apr 11 04:00:35 UTC 2019
15 ms. Memory: 331264K Free: 300939K (91%)
ptolemy.util.test.WatchDog.cancel(): canceling Thu Apr 11 04:00:35 UTC 2019
auto.tcl: Setting watchdog for 200 seconds at Thu Apr 11 04:00:35 UTC 2019
13 ms. Memory: 331264K Free: 300939K (91%)
ptolemy.util.test.WatchDog.cancel(): canceling Thu Apr 11 04:00:35 UTC 2019
------------------ testing $PTII/ptolemy/domains/de/test/auto/MergeModel2Add.xml
auto.tcl: Setting watchdog for 200 seconds at Thu Apr 11 04:00:35 UTC 2019
11 ms. Memory: 331264K Free: 305839K (92%)
ptolemy.util.test.WatchDog.cancel(): canceling Thu Apr 11 04:00:35 UTC 2019
auto.tcl: Setting watchdog for 200 seconds at Thu Apr 11 04:00:35 UTC 2019
7 ms. Memory: 331264K Free: 302293K (91%)
ptolemy.util.test.WatchDog.cancel(): canceling Thu Apr 11 04:00:35 UTC 2019
------------------ testing $PTII/ptolemy/domains/de/test/auto/MergeModel3Add.xml
auto.tcl: Setting watchdog for 200 seconds at Thu Apr 11 04:00:35 UTC 2019
7 ms. Memory: 331264K Free: 305817K (92%)
ptolemy.util.test.WatchDog.cancel(): canceling Thu Apr 11 04:00:35 UTC 2019
auto.tcl: Setting watchdog for 200 seconds at Thu Apr 11 04:00:35 UTC 2019
8 ms. Memory: 331264K Free: 302270K (91%)
ptolemy.util.test.WatchDog.cancel(): canceling Thu Apr 11 04:00:35 UTC 2019
------------------ testing $PTII/ptolemy/domains/de/test/auto/MergeWithoutDiscard.xml
auto.tcl: Setting watchdog for 200 seconds at Thu Apr 11 04:00:35 UTC 2019
6 ms. Memory: 331264K Free: 316483K (96%)
ptolemy.util.test.WatchDog.cancel(): canceling Thu Apr 11 04:00:35 UTC 2019
auto.tcl: Setting watchdog for 200 seconds at Thu Apr 11 04:00:35 UTC 2019
1 ms. Memory: 331264K Free: 316483K (96%)
ptolemy.util.test.WatchDog.cancel(): canceling Thu Apr 11 04:00:35 UTC 2019
------------------ testing $PTII/ptolemy/domains/de/test/auto/Modal1.xml
auto.tcl: Setting watchdog for 200 seconds at Thu Apr 11 04:00:35 UTC 2019
19 ms. Memory: 331264K Free: 310778K (94%)
ptolemy.util.test.WatchDog.cancel(): canceling Thu Apr 11 04:00:35 UTC 2019
auto.tcl: Setting watchdog for 200 seconds at Thu Apr 11 04:00:35 UTC 2019
25 ms. Memory: 331264K Free: 307232K (93%)
ptolemy.util.test.WatchDog.cancel(): canceling Thu Apr 11 04:00:35 UTC 2019
------------------ testing $PTII/ptolemy/domains/de/test/auto/Modal2.xml
auto.tcl: Setting watchdog for 200 seconds at Thu Apr 11 04:00:35 UTC 2019
17 ms. Memory: 331264K Free: 310659K (94%)
ptolemy.util.test.WatchDog.cancel(): canceling Thu Apr 11 04:00:35 UTC 2019
auto.tcl: Setting watchdog for 200 seconds at Thu Apr 11 04:00:35 UTC 2019
21 ms. Memory: 331264K Free: 307113K (93%)
ptolemy.util.test.WatchDog.cancel(): canceling Thu Apr 11 04:00:35 UTC 2019
------------------ testing $PTII/ptolemy/domains/de/test/auto/Modal3.xml
auto.tcl: Setting watchdog for 200 seconds at Thu Apr 11 04:00:35 UTC 2019
17 ms. Memory: 331264K Free: 311324K (94%)
ptolemy.util.test.WatchDog.cancel(): canceling Thu Apr 11 04:00:35 UTC 2019
auto.tcl: Setting watchdog for 200 seconds at Thu Apr 11 04:00:35 UTC 2019
16 ms. Memory: 331264K Free: 307104K (93%)
ptolemy.util.test.WatchDog.cancel(): canceling Thu Apr 11 04:00:35 UTC 2019
------------------ testing $PTII/ptolemy/domains/de/test/auto/Modal4.xml
auto.tcl: Setting watchdog for 200 seconds at Thu Apr 11 04:00:36 UTC 2019
13 ms. Memory: 331264K Free: 310662K (94%)
ptolemy.util.test.WatchDog.cancel(): canceling Thu Apr 11 04:00:36 UTC 2019
auto.tcl: Setting watchdog for 200 seconds at Thu Apr 11 04:00:36 UTC 2019
13 ms. Memory: 331264K Free: 307117K (93%)
ptolemy.util.test.WatchDog.cancel(): canceling Thu Apr 11 04:00:36 UTC 2019
------------------ testing $PTII/ptolemy/domains/de/test/auto/Modal5.xml
auto.tcl: Setting watchdog for 200 seconds at Thu Apr 11 04:00:36 UTC 2019
12 ms. Memory: 331264K Free: 310650K (94%)
ptolemy.util.test.WatchDog.cancel(): canceling Thu Apr 11 04:00:36 UTC 2019
auto.tcl: Setting watchdog for 200 seconds at Thu Apr 11 04:00:36 UTC 2019
13 ms. Memory: 331264K Free: 307104K (93%)
ptolemy.util.test.WatchDog.cancel(): canceling Thu Apr 11 04:00:36 UTC 2019
------------------ testing $PTII/ptolemy/domains/de/test/auto/Modal6.xml
auto.tcl: Setting watchdog for 200 seconds at Thu Apr 11 04:00:36 UTC 2019
12 ms. Memory: 331264K Free: 310647K (94%)
ptolemy.util.test.WatchDog.cancel(): canceling Thu Apr 11 04:00:36 UTC 2019
auto.tcl: Setting watchdog for 200 seconds at Thu Apr 11 04:00:36 UTC 2019
13 ms. Memory: 331264K Free: 307102K (93%)
ptolemy.util.test.WatchDog.cancel(): canceling Thu Apr 11 04:00:36 UTC 2019
------------------ testing $PTII/ptolemy/domains/de/test/auto/Modal7.xml
auto.tcl: Setting watchdog for 200 seconds at Thu Apr 11 04:00:36 UTC 2019
10 ms. Memory: 331264K Free: 307102K (93%)
ptolemy.util.test.WatchDog.cancel(): canceling Thu Apr 11 04:00:36 UTC 2019
auto.tcl: Setting watchdog for 200 seconds at Thu Apr 11 04:00:36 UTC 2019
18 ms. Memory: 331264K Free: 303557K (92%)
ptolemy.util.test.WatchDog.cancel(): canceling Thu Apr 11 04:00:36 UTC 2019
------------------ testing $PTII/ptolemy/domains/de/test/auto/ModalModel.xml
auto.tcl: Setting watchdog for 200 seconds at Thu Apr 11 04:00:36 UTC 2019
198 ms. Memory: 331264K Free: 248369K (75%)
ptolemy.util.test.WatchDog.cancel(): canceling Thu Apr 11 04:00:36 UTC 2019
auto.tcl: Setting watchdog for 200 seconds at Thu Apr 11 04:00:36 UTC 2019
193 ms. Memory: 331264K Free: 191641K (58%)
ptolemy.util.test.WatchDog.cancel(): canceling Thu Apr 11 04:00:36 UTC 2019
------------------ testing $PTII/ptolemy/domains/de/test/auto/ModalSource.xml
auto.tcl: Setting watchdog for 200 seconds at Thu Apr 11 04:00:36 UTC 2019
12 ms. Memory: 331264K Free: 316895K (96%)
ptolemy.util.test.WatchDog.cancel(): canceling Thu Apr 11 04:00:36 UTC 2019
auto.tcl: Setting watchdog for 200 seconds at Thu Apr 11 04:00:36 UTC 2019
6 ms. Memory: 331264K Free: 313644K (95%)
ptolemy.util.test.WatchDog.cancel(): canceling Thu Apr 11 04:00:36 UTC 2019
------------------ testing $PTII/ptolemy/domains/de/test/auto/NonInterruptibleTimerZeroDelay.xml
auto.tcl: Setting watchdog for 200 seconds at Thu Apr 11 04:00:37 UTC 2019
4 ms. Memory: 331264K Free: 321236K (97%)
ptolemy.util.test.WatchDog.cancel(): canceling Thu Apr 11 04:00:37 UTC 2019
auto.tcl: Setting watchdog for 200 seconds at Thu Apr 11 04:00:37 UTC 2019
2 ms. Memory: 331264K Free: 317986K (96%)
ptolemy.util.test.WatchDog.cancel(): canceling Thu Apr 11 04:00:37 UTC 2019
------------------ testing $PTII/ptolemy/domains/de/test/auto/OpenQueueingNetwork.xml
auto.tcl: Setting watchdog for 200 seconds at Thu Apr 11 04:00:37 UTC 2019
3086 ms. Memory: 573952K Free: 406065K (71%)
ptolemy.util.test.WatchDog.cancel(): canceling Thu Apr 11 04:00:40 UTC 2019
auto.tcl: Setting watchdog for 200 seconds at Thu Apr 11 04:00:40 UTC 2019
2369 ms. Memory: 550912K Free: 307857K (56%)
ptolemy.util.test.WatchDog.cancel(): canceling Thu Apr 11 04:00:42 UTC 2019
------------------ testing $PTII/ptolemy/domains/de/test/auto/OpenQueuingNetwork.xml
auto.tcl: Setting watchdog for 200 seconds at Thu Apr 11 04:00:42 UTC 2019
231 ms. Memory: 549888K Free: 445045K (81%)
ptolemy.util.test.WatchDog.cancel(): canceling Thu Apr 11 04:00:43 UTC 2019
auto.tcl: Setting watchdog for 200 seconds at Thu Apr 11 04:00:43 UTC 2019
226 ms. Memory: 549888K Free: 386081K (70%)
ptolemy.util.test.WatchDog.cancel(): canceling Thu Apr 11 04:00:43 UTC 2019
------------------ testing $PTII/ptolemy/domains/de/test/auto/PeriodicSampler.xml
auto.tcl: Setting watchdog for 200 seconds at Thu Apr 11 04:00:43 UTC 2019
3 ms. Memory: 551936K Free: 535776K (97%)
ptolemy.util.test.WatchDog.cancel(): canceling Thu Apr 11 04:00:43 UTC 2019
auto.tcl: Setting watchdog for 200 seconds at Thu Apr 11 04:00:43 UTC 2019
2 ms. Memory: 551936K Free: 535776K (97%)
ptolemy.util.test.WatchDog.cancel(): canceling Thu Apr 11 04:00:43 UTC 2019
------------------ testing $PTII/ptolemy/domains/de/test/auto/PersistentIO.xml
auto.tcl: Setting watchdog for 200 seconds at Thu Apr 11 04:00:43 UTC 2019
10 ms. Memory: 549376K Free: 522569K (95%)
ptolemy.util.test.WatchDog.cancel(): canceling Thu Apr 11 04:00:43 UTC 2019
auto.tcl: Setting watchdog for 200 seconds at Thu Apr 11 04:00:43 UTC 2019
4 ms. Memory: 549376K Free: 522569K (95%)
ptolemy.util.test.WatchDog.cancel(): canceling Thu Apr 11 04:00:43 UTC 2019
------------------ testing $PTII/ptolemy/domains/de/test/auto/PortParameterResetOnInitialize.xml
auto.tcl: Setting watchdog for 200 seconds at Thu Apr 11 04:00:43 UTC 2019
2 ms. Memory: 551424K Free: 535726K (97%)
ptolemy.util.test.WatchDog.cancel(): canceling Thu Apr 11 04:00:43 UTC 2019
auto.tcl: Setting watchdog for 200 seconds at Thu Apr 11 04:00:43 UTC 2019
2 ms. Memory: 551424K Free: 535726K (97%)
ptolemy.util.test.WatchDog.cancel(): canceling Thu Apr 11 04:00:43 UTC 2019
------------------ testing $PTII/ptolemy/domains/de/test/auto/PortParameterUpdates.xml
auto.tcl: Setting watchdog for 200 seconds at Thu Apr 11 04:00:43 UTC 2019
4 ms. Memory: 549376K Free: 528588K (96%)
ptolemy.util.test.WatchDog.cancel(): canceling Thu Apr 11 04:00:43 UTC 2019
auto.tcl: Setting watchdog for 200 seconds at Thu Apr 11 04:00:43 UTC 2019
3 ms. Memory: 549376K Free: 528588K (96%)
ptolemy.util.test.WatchDog.cancel(): canceling Thu Apr 11 04:00:43 UTC 2019
------------------ testing $PTII/ptolemy/domains/de/test/auto/QueueAndServer.xml
auto.tcl: Setting watchdog for 200 seconds at Thu Apr 11 04:00:43 UTC 2019
14 ms. Memory: 551424K Free: 535279K (97%)
ptolemy.util.test.WatchDog.cancel(): canceling Thu Apr 11 04:00:43 UTC 2019
auto.tcl: Setting watchdog for 200 seconds at Thu Apr 11 04:00:43 UTC 2019
8 ms. Memory: 551424K Free: 528711K (96%)
ptolemy.util.test.WatchDog.cancel(): canceling Thu Apr 11 04:00:43 UTC 2019
------------------ testing $PTII/ptolemy/domains/de/test/auto/Records.xml
auto.tcl: Setting watchdog for 200 seconds at Thu Apr 11 04:00:43 UTC 2019
5 ms. Memory: 549376K Free: 533168K (97%)
ptolemy.util.test.WatchDog.cancel(): canceling Thu Apr 11 04:00:43 UTC 2019
auto.tcl: Setting watchdog for 200 seconds at Thu Apr 11 04:00:43 UTC 2019
2 ms. Memory: 549376K Free: 533168K (97%)
ptolemy.util.test.WatchDog.cancel(): canceling Thu Apr 11 04:00:43 UTC 2019
------------------ testing $PTII/ptolemy/domains/de/test/auto/ResetTransitionWithStartTime1.xml
auto.tcl: Setting watchdog for 200 seconds at Thu Apr 11 04:00:43 UTC 2019
7 ms. Memory: 551424K Free: 535241K (97%)
ptolemy.util.test.WatchDog.cancel(): canceling Thu Apr 11 04:00:43 UTC 2019
auto.tcl: Setting watchdog for 200 seconds at Thu Apr 11 04:00:43 UTC 2019
6 ms. Memory: 551424K Free: 528690K (96%)
ptolemy.util.test.WatchDog.cancel(): canceling Thu Apr 11 04:00:43 UTC 2019
------------------ testing $PTII/ptolemy/domains/de/test/auto/ResetTransitionWithStartTime2.xml
auto.tcl: Setting watchdog for 200 seconds at Thu Apr 11 04:00:43 UTC 2019
5 ms. Memory: 549376K Free: 533728K (97%)
ptolemy.util.test.WatchDog.cancel(): canceling Thu Apr 11 04:00:43 UTC 2019
auto.tcl: Setting watchdog for 200 seconds at Thu Apr 11 04:00:43 UTC 2019
6 ms. Memory: 549376K Free: 527160K (96%)
ptolemy.util.test.WatchDog.cancel(): canceling Thu Apr 11 04:00:43 UTC 2019
------------------ testing $PTII/ptolemy/domains/de/test/auto/ResetTransitionWithStartTime3.xml
auto.tcl: Setting watchdog for 200 seconds at Thu Apr 11 04:00:43 UTC 2019
9 ms. Memory: 550912K Free: 534719K (97%)
ptolemy.util.test.WatchDog.cancel(): canceling Thu Apr 11 04:00:44 UTC 2019
auto.tcl: Setting watchdog for 200 seconds at Thu Apr 11 04:00:44 UTC 2019
5 ms. Memory: 550912K Free: 528152K (96%)
ptolemy.util.test.WatchDog.cancel(): canceling Thu Apr 11 04:00:44 UTC 2019
------------------ testing $PTII/ptolemy/domains/de/test/auto/ResetTransitionWithStartTime4.xml
auto.tcl: Setting watchdog for 200 seconds at Thu Apr 11 04:00:44 UTC 2019
4 ms. Memory: 549376K Free: 533724K (97%)
ptolemy.util.test.WatchDog.cancel(): canceling Thu Apr 11 04:00:44 UTC 2019
auto.tcl: Setting watchdog for 200 seconds at Thu Apr 11 04:00:44 UTC 2019
4 ms. Memory: 549376K Free: 527157K (96%)
ptolemy.util.test.WatchDog.cancel(): canceling Thu Apr 11 04:00:44 UTC 2019
------------------ testing $PTII/ptolemy/domains/de/test/auto/ResettableTimer1.xml
auto.tcl: Setting watchdog for 200 seconds at Thu Apr 11 04:00:44 UTC 2019
3 ms. Memory: 550912K Free: 534714K (97%)
ptolemy.util.test.WatchDog.cancel(): canceling Thu Apr 11 04:00:44 UTC 2019
auto.tcl: Setting watchdog for 200 seconds at Thu Apr 11 04:00:44 UTC 2019
3 ms. Memory: 550912K Free: 534714K (97%)
ptolemy.util.test.WatchDog.cancel(): canceling Thu Apr 11 04:00:44 UTC 2019
------------------ testing $PTII/ptolemy/domains/de/test/auto/ResettableTimer2.xml
auto.tcl: Setting watchdog for 200 seconds at Thu Apr 11 04:00:44 UTC 2019
2 ms. Memory: 549376K Free: 533779K (97%)
ptolemy.util.test.WatchDog.cancel(): canceling Thu Apr 11 04:00:44 UTC 2019
auto.tcl: Setting watchdog for 200 seconds at Thu Apr 11 04:00:44 UTC 2019
3 ms. Memory: 549376K Free: 533779K (97%)
ptolemy.util.test.WatchDog.cancel(): canceling Thu Apr 11 04:00:44 UTC 2019
------------------ testing $PTII/ptolemy/domains/de/test/auto/ResettableTimer3.xml
auto.tcl: Setting watchdog for 200 seconds at Thu Apr 11 04:00:44 UTC 2019
2 ms. Memory: 550912K Free: 534771K (97%)
ptolemy.util.test.WatchDog.cancel(): canceling Thu Apr 11 04:00:44 UTC 2019
auto.tcl: Setting watchdog for 200 seconds at Thu Apr 11 04:00:44 UTC 2019
6 ms. Memory: 550912K Free: 534771K (97%)
ptolemy.util.test.WatchDog.cancel(): canceling Thu Apr 11 04:00:44 UTC 2019
------------------ testing $PTII/ptolemy/domains/de/test/auto/ResettableTimer4.xml
auto.tcl: Setting watchdog for 200 seconds at Thu Apr 11 04:00:44 UTC 2019
3 ms. Memory: 549376K Free: 533791K (97%)
ptolemy.util.test.WatchDog.cancel(): canceling Thu Apr 11 04:00:44 UTC 2019
auto.tcl: Setting watchdog for 200 seconds at Thu Apr 11 04:00:44 UTC 2019
1 ms. Memory: 549376K Free: 533791K (97%)
ptolemy.util.test.WatchDog.cancel(): canceling Thu Apr 11 04:00:44 UTC 2019
------------------ testing $PTII/ptolemy/domains/de/test/auto/ResettableTimer5.xml
auto.tcl: Setting watchdog for 200 seconds at Thu Apr 11 04:00:44 UTC 2019
2 ms. Memory: 550400K Free: 530134K (96%)
ptolemy.util.test.WatchDog.cancel(): canceling Thu Apr 11 04:00:44 UTC 2019
auto.tcl: Setting watchdog for 200 seconds at Thu Apr 11 04:00:44 UTC 2019
1 ms. Memory: 550400K Free: 530134K (96%)
ptolemy.util.test.WatchDog.cancel(): canceling Thu Apr 11 04:00:44 UTC 2019
------------------ testing $PTII/ptolemy/domains/de/test/auto/ResettableTimer6.xml
auto.tcl: Setting watchdog for 200 seconds at Thu Apr 11 04:00:44 UTC 2019
2 ms. Memory: 549376K Free: 528515K (96%)
ptolemy.util.test.WatchDog.cancel(): canceling Thu Apr 11 04:00:44 UTC 2019
auto.tcl: Setting watchdog for 200 seconds at Thu Apr 11 04:00:44 UTC 2019
2 ms. Memory: 549376K Free: 528515K (96%)
ptolemy.util.test.WatchDog.cancel(): canceling Thu Apr 11 04:00:44 UTC 2019
------------------ testing $PTII/ptolemy/domains/de/test/auto/ServerZeroDelay.xml
auto.tcl: Setting watchdog for 200 seconds at Thu Apr 11 04:00:44 UTC 2019
3 ms. Memory: 550400K Free: 534753K (97%)
ptolemy.util.test.WatchDog.cancel(): canceling Thu Apr 11 04:00:44 UTC 2019
auto.tcl: Setting watchdog for 200 seconds at Thu Apr 11 04:00:44 UTC 2019
2 ms. Memory: 550400K Free: 534753K (97%)
ptolemy.util.test.WatchDog.cancel(): canceling Thu Apr 11 04:00:44 UTC 2019
------------------ testing $PTII/ptolemy/domains/de/test/auto/SmartSender.xml
auto.tcl: Setting watchdog for 200 seconds at Thu Apr 11 04:00:44 UTC 2019
3001 ms. Memory: 549376K Free: 519686K (95%)
ptolemy.util.test.WatchDog.cancel(): canceling Thu Apr 11 04:00:47 UTC 2019
auto.tcl: Setting watchdog for 200 seconds at Thu Apr 11 04:00:47 UTC 2019
3002 ms. Memory: 549376K Free: 519686K (95%)
ptolemy.util.test.WatchDog.cancel(): canceling Thu Apr 11 04:00:50 UTC 2019
------------------ testing $PTII/ptolemy/domains/de/test/auto/ThreadedComposite.xml
auto.tcl: Setting watchdog for 200 seconds at Thu Apr 11 04:00:50 UTC 2019
234 ms. Memory: 550400K Free: 513628K (93%)
ptolemy.util.test.WatchDog.cancel(): canceling Thu Apr 11 04:00:50 UTC 2019
auto.tcl: Setting watchdog for 200 seconds at Thu Apr 11 04:00:50 UTC 2019
160 ms. Memory: 550400K Free: 497717K (90%)
ptolemy.util.test.WatchDog.cancel(): canceling Thu Apr 11 04:00:51 UTC 2019
------------------ testing $PTII/ptolemy/domains/de/test/auto/Time.xml
auto.tcl: Setting watchdog for 200 seconds at Thu Apr 11 04:00:51 UTC 2019
525 ms. Memory: 549376K Free: 481429K (88%)
ptolemy.util.test.WatchDog.cancel(): canceling Thu Apr 11 04:00:51 UTC 2019
auto.tcl: Setting watchdog for 200 seconds at Thu Apr 11 04:00:51 UTC 2019
471 ms. Memory: 549376K Free: 422465K (77%)
ptolemy.util.test.WatchDog.cancel(): canceling Thu Apr 11 04:00:52 UTC 2019
------------------ testing $PTII/ptolemy/domains/de/test/auto/TimeDelayZeroDelay.xml
auto.tcl: Setting watchdog for 200 seconds at Thu Apr 11 04:00:52 UTC 2019
2 ms. Memory: 550400K Free: 534126K (97%)
ptolemy.util.test.WatchDog.cancel(): canceling Thu Apr 11 04:00:52 UTC 2019
auto.tcl: Setting watchdog for 200 seconds at Thu Apr 11 04:00:52 UTC 2019
1 ms. Memory: 550400K Free: 534126K (97%)
ptolemy.util.test.WatchDog.cancel(): canceling Thu Apr 11 04:00:52 UTC 2019
------------------ testing $PTII/ptolemy/domains/de/test/auto/TimerZeroDelay.xml
auto.tcl: Setting watchdog for 200 seconds at Thu Apr 11 04:00:52 UTC 2019
2 ms. Memory: 549376K Free: 533689K (97%)
ptolemy.util.test.WatchDog.cancel(): canceling Thu Apr 11 04:00:52 UTC 2019
auto.tcl: Setting watchdog for 200 seconds at Thu Apr 11 04:00:52 UTC 2019
2 ms. Memory: 549376K Free: 533689K (97%)
ptolemy.util.test.WatchDog.cancel(): canceling Thu Apr 11 04:00:52 UTC 2019
------------------ testing $PTII/ptolemy/domains/de/test/auto/TimingParadox.xml
auto.tcl: Setting watchdog for 200 seconds at Thu Apr 11 04:00:52 UTC 2019
339 ms. Memory: 549888K Free: 468102K (85%)
ptolemy.util.test.WatchDog.cancel(): canceling Thu Apr 11 04:00:52 UTC 2019
auto.tcl: Setting watchdog for 200 seconds at Thu Apr 11 04:00:52 UTC 2019
294 ms. Memory: 549888K Free: 435345K (79%)
ptolemy.util.test.WatchDog.cancel(): canceling Thu Apr 11 04:00:53 UTC 2019
------------------ testing $PTII/ptolemy/domains/de/test/auto/TransferInputs.xml
auto.tcl: Setting watchdog for 200 seconds at Thu Apr 11 04:00:53 UTC 2019
2 ms. Memory: 549888K Free: 533163K (97%)
ptolemy.util.test.WatchDog.cancel(): canceling Thu Apr 11 04:00:53 UTC 2019
auto.tcl: Setting watchdog for 200 seconds at Thu Apr 11 04:00:53 UTC 2019
2 ms. Memory: 549888K Free: 533163K (97%)
ptolemy.util.test.WatchDog.cancel(): canceling Thu Apr 11 04:00:53 UTC 2019
------------------ testing $PTII/ptolemy/domains/de/test/auto/TransferOutputs2.xml
auto.tcl: Setting watchdog for 200 seconds at Thu Apr 11 04:00:53 UTC 2019
5 ms. Memory: 549376K Free: 527184K (96%)
ptolemy.util.test.WatchDog.cancel(): canceling Thu Apr 11 04:00:53 UTC 2019
auto.tcl: Setting watchdog for 200 seconds at Thu Apr 11 04:00:53 UTC 2019
3 ms. Memory: 549376K Free: 527184K (96%)
ptolemy.util.test.WatchDog.cancel(): canceling Thu Apr 11 04:00:53 UTC 2019
------------------ testing $PTII/ptolemy/domains/de/test/auto/Trilateration.xml
auto.tcl: Setting watchdog for 200 seconds at Thu Apr 11 04:00:53 UTC 2019
14325 ms. Memory: 453632K Free: 96003K (21%)
ptolemy.util.test.WatchDog.cancel(): canceling Thu Apr 11 04:01:08 UTC 2019
auto.tcl: Setting watchdog for 200 seconds at Thu Apr 11 04:01:08 UTC 2019
11141 ms. Memory: 331264K Free: 211884K (64%)
ptolemy.util.test.WatchDog.cancel(): canceling Thu Apr 11 04:01:19 UTC 2019
------------------ testing $PTII/ptolemy/domains/de/test/auto/TwoSigmaDelta.xml
auto.tcl: Setting watchdog for 200 seconds at Thu Apr 11 04:01:19 UTC 2019
2571 ms. Memory: 320000K Free: 275991K (86%)
ptolemy.util.test.WatchDog.cancel(): canceling Thu Apr 11 04:01:22 UTC 2019
auto.tcl: Setting watchdog for 200 seconds at Thu Apr 11 04:01:22 UTC 2019
1992 ms. Memory: 307712K Free: 270459K (88%)
ptolemy.util.test.WatchDog.cancel(): canceling Thu Apr 11 04:01:24 UTC 2019
------------------ testing $PTII/ptolemy/domains/de/test/auto/VariableDelay.xml
auto.tcl: Setting watchdog for 200 seconds at Thu Apr 11 04:01:24 UTC 2019
4 ms. Memory: 309760K Free: 296911K (96%)
ptolemy.util.test.WatchDog.cancel(): canceling Thu Apr 11 04:01:24 UTC 2019
auto.tcl: Setting watchdog for 200 seconds at Thu Apr 11 04:01:24 UTC 2019
2 ms. Memory: 309760K Free: 293540K (95%)
ptolemy.util.test.WatchDog.cancel(): canceling Thu Apr 11 04:01:24 UTC 2019
------------------ testing $PTII/ptolemy/domains/de/test/auto/VariableDelay2.xml
auto.tcl: Setting watchdog for 200 seconds at Thu Apr 11 04:01:24 UTC 2019
2 ms. Memory: 307712K Free: 294173K (96%)
ptolemy.util.test.WatchDog.cancel(): canceling Thu Apr 11 04:01:24 UTC 2019
auto.tcl: Setting watchdog for 200 seconds at Thu Apr 11 04:01:24 UTC 2019
2 ms. Memory: 307712K Free: 294173K (96%)
ptolemy.util.test.WatchDog.cancel(): canceling Thu Apr 11 04:01:24 UTC 2019
------------------ testing $PTII/ptolemy/domains/de/test/auto/VariableDelayZeroDelay.xml
auto.tcl: Setting watchdog for 200 seconds at Thu Apr 11 04:01:24 UTC 2019
4 ms. Memory: 309248K Free: 296824K (96%)
ptolemy.util.test.WatchDog.cancel(): canceling Thu Apr 11 04:01:24 UTC 2019
auto.tcl: Setting watchdog for 200 seconds at Thu Apr 11 04:01:24 UTC 2019
2 ms. Memory: 309248K Free: 293436K (95%)
ptolemy.util.test.WatchDog.cancel(): canceling Thu Apr 11 04:01:24 UTC 2019
------------------ testing $PTII/ptolemy/domains/de/test/auto/VariableDelayZeroDelay2.xml
auto.tcl: Setting watchdog for 200 seconds at Thu Apr 11 04:01:24 UTC 2019
6 ms. Memory: 307712K Free: 295286K (96%)
ptolemy.util.test.WatchDog.cancel(): canceling Thu Apr 11 04:01:24 UTC 2019
auto.tcl: Setting watchdog for 200 seconds at Thu Apr 11 04:01:24 UTC 2019
2 ms. Memory: 307712K Free: 291898K (95%)
ptolemy.util.test.WatchDog.cancel(): canceling Thu Apr 11 04:01:24 UTC 2019
------------------ testing $PTII/ptolemy/domains/de/test/auto/deInCt.xml
auto.tcl: Setting watchdog for 200 seconds at Thu Apr 11 04:01:24 UTC 2019
0
1
1
1
0
0
0
1
1
1
0
0
1
1
0
0
0
0
0
0
1
1
1
0
0
0
1
1
1
0
0
0
1
1
0
0
0
0
0
0
0
20 ms. Memory: 309248K Free: 293410K (95%)
ptolemy.util.test.WatchDog.cancel(): canceling Thu Apr 11 04:01:24 UTC 2019
auto.tcl: Setting watchdog for 200 seconds at Thu Apr 11 04:01:24 UTC 2019
0
1
1
1
0
0
0
1
1
1
0
0
0
1
1
1
1
1
1
1
0
0
0
1
1
1
1
1
1
1
1
7 ms. Memory: 309248K Free: 293410K (95%)
ptolemy.util.test.WatchDog.cancel(): canceling Thu Apr 11 04:01:24 UTC 2019
------------------ testing $PTII/ptolemy/domains/de/test/auto/deInCt2.xml
auto.tcl: Setting watchdog for 200 seconds at Thu Apr 11 04:01:24 UTC 2019
0
1
1
1
0
0
1
1
1
0
0
1
1
1
0
0
1
1
1
0
0
1
1
1
0
0
1
1
1
0
0
1
1
1
0
0
1
1
1
0
0
0
10 ms. Memory: 307712K Free: 291901K (95%)
ptolemy.util.test.WatchDog.cancel(): canceling Thu Apr 11 04:01:24 UTC 2019
auto.tcl: Setting watchdog for 200 seconds at Thu Apr 11 04:01:24 UTC 2019
0
1
1
1
0
0
1
1
1
0
0
1
1
1
0
0
1
1
1
0
0
1
1
1
0
0
1
1
1
0
0
1
1
1
0
0
1
1
1
0
0
0
8 ms. Memory: 307712K Free: 291901K (95%)
ptolemy.util.test.WatchDog.cancel(): canceling Thu Apr 11 04:01:24 UTC 2019
------------------ testing $PTII/ptolemy/domains/de/test/auto/dynamicCausalityInterface1.xml
auto.tcl: Setting watchdog for 200 seconds at Thu Apr 11 04:01:24 UTC 2019
1 ms. Memory: 308736K Free: 289550K (94%)
ptolemy.util.test.WatchDog.cancel(): canceling Thu Apr 11 04:01:24 UTC 2019
auto.tcl: Setting watchdog for 200 seconds at Thu Apr 11 04:01:24 UTC 2019
1 ms. Memory: 308736K Free: 289550K (94%)
ptolemy.util.test.WatchDog.cancel(): canceling Thu Apr 11 04:01:24 UTC 2019
------------------ testing $PTII/ptolemy/domains/de/test/auto/fsm_de_test.xml
auto.tcl: Setting watchdog for 200 seconds at Thu Apr 11 04:01:25 UTC 2019
7 ms. Memory: 307712K Free: 288405K (94%)
ptolemy.util.test.WatchDog.cancel(): canceling Thu Apr 11 04:01:25 UTC 2019
auto.tcl: Setting watchdog for 200 seconds at Thu Apr 11 04:01:25 UTC 2019
5 ms. Memory: 307712K Free: 288405K (94%)
ptolemy.util.test.WatchDog.cancel(): canceling Thu Apr 11 04:01:25 UTC 2019
------------------ testing $PTII/ptolemy/domains/de/test/auto/functionDependencyReconstruction.xml
auto.tcl: Setting watchdog for 200 seconds at Thu Apr 11 04:01:25 UTC 2019
2 ms. Memory: 308736K Free: 282684K (92%)
ptolemy.util.test.WatchDog.cancel(): canceling Thu Apr 11 04:01:25 UTC 2019
auto.tcl: Setting watchdog for 200 seconds at Thu Apr 11 04:01:25 UTC 2019
3 ms. Memory: 308736K Free: 282684K (92%)
ptolemy.util.test.WatchDog.cancel(): canceling Thu Apr 11 04:01:25 UTC 2019
------------------ testing $PTII/ptolemy/domains/de/test/auto/multirate.xml
auto.tcl: Setting watchdog for 200 seconds at Thu Apr 11 04:01:25 UTC 2019
3 ms. Memory: 307712K Free: 291651K (95%)
ptolemy.util.test.WatchDog.cancel(): canceling Thu Apr 11 04:01:25 UTC 2019
auto.tcl: Setting watchdog for 200 seconds at Thu Apr 11 04:01:25 UTC 2019
3 ms. Memory: 307712K Free: 291651K (95%)
ptolemy.util.test.WatchDog.cancel(): canceling Thu Apr 11 04:01:25 UTC 2019
------------------ testing $PTII/ptolemy/domains/de/test/auto/multirate2.xml
auto.tcl: Setting watchdog for 200 seconds at Thu Apr 11 04:01:25 UTC 2019
6 ms. Memory: 308736K Free: 292878K (95%)
ptolemy.util.test.WatchDog.cancel(): canceling Thu Apr 11 04:01:25 UTC 2019
auto.tcl: Setting watchdog for 200 seconds at Thu Apr 11 04:01:25 UTC 2019
3 ms. Memory: 308736K Free: 292878K (95%)
ptolemy.util.test.WatchDog.cancel(): canceling Thu Apr 11 04:01:25 UTC 2019
------------------ testing $PTII/ptolemy/domains/de/test/auto/realtime.xml
auto.tcl: Setting watchdog for 200 seconds at Thu Apr 11 04:01:25 UTC 2019
10005 ms. Memory: 307712K Free: 291833K (95%)
ptolemy.util.test.WatchDog.cancel(): canceling Thu Apr 11 04:01:35 UTC 2019
auto.tcl: Setting watchdog for 200 seconds at Thu Apr 11 04:01:35 UTC 2019
10001 ms. Memory: 307712K Free: 291833K (95%)
ptolemy.util.test.WatchDog.cancel(): canceling Thu Apr 11 04:01:45 UTC 2019
------------------ testing $PTII/ptolemy/domains/de/test/auto/relationGroup.xml
auto.tcl: Setting watchdog for 200 seconds at Thu Apr 11 04:01:45 UTC 2019
3 ms. Memory: 308224K Free: 295761K (96%)
ptolemy.util.test.WatchDog.cancel(): canceling Thu Apr 11 04:01:45 UTC 2019
auto.tcl: Setting watchdog for 200 seconds at Thu Apr 11 04:01:45 UTC 2019
2 ms. Memory: 308224K Free: 295761K (96%)
ptolemy.util.test.WatchDog.cancel(): canceling Thu Apr 11 04:01:45 UTC 2019
------------------ testing $PTII/ptolemy/domains/de/test/auto/relationGroup2.xml
auto.tcl: Setting watchdog for 200 seconds at Thu Apr 11 04:01:45 UTC 2019
1 ms. Memory: 307712K Free: 295276K (96%)
ptolemy.util.test.WatchDog.cancel(): canceling Thu Apr 11 04:01:45 UTC 2019
auto.tcl: Setting watchdog for 200 seconds at Thu Apr 11 04:01:45 UTC 2019
1 ms. Memory: 307712K Free: 295276K (96%)
ptolemy.util.test.WatchDog.cancel(): canceling Thu Apr 11 04:01:45 UTC 2019
------------------ testing $PTII/ptolemy/domains/de/test/auto/sortWithOpaquePorts.xml
auto.tcl: Setting watchdog for 200 seconds at Thu Apr 11 04:01:45 UTC 2019
1 ms. Memory: 308224K Free: 295788K (96%)
ptolemy.util.test.WatchDog.cancel(): canceling Thu Apr 11 04:01:45 UTC 2019
auto.tcl: Setting watchdog for 200 seconds at Thu Apr 11 04:01:45 UTC 2019
2 ms. Memory: 308224K Free: 292415K (95%)
ptolemy.util.test.WatchDog.cancel(): canceling Thu Apr 11 04:01:45 UTC 2019
------------------ testing $PTII/ptolemy/domains/de/test/auto/transferInputsandOutputs.xml
auto.tcl: Setting watchdog for 200 seconds at Thu Apr 11 04:01:45 UTC 2019
2 ms. Memory: 307712K Free: 291876K (95%)
ptolemy.util.test.WatchDog.cancel(): canceling Thu Apr 11 04:01:45 UTC 2019
auto.tcl: Setting watchdog for 200 seconds at Thu Apr 11 04:01:45 UTC 2019
2 ms. Memory: 307712K Free: 288497K (94%)
ptolemy.util.test.WatchDog.cancel(): canceling Thu Apr 11 04:01:45 UTC 2019
------------------ testing $PTII/ptolemy/domains/de/test/auto/triggerType.xml
auto.tcl: Setting watchdog for 200 seconds at Thu Apr 11 04:01:45 UTC 2019
1 ms. Memory: 308224K Free: 295725K (96%)
ptolemy.util.test.WatchDog.cancel(): canceling Thu Apr 11 04:01:45 UTC 2019
auto.tcl: Setting watchdog for 200 seconds at Thu Apr 11 04:01:45 UTC 2019
1 ms. Memory: 308224K Free: 292354K (95%)
ptolemy.util.test.WatchDog.cancel(): canceling Thu Apr 11 04:01:45 UTC 2019
04/11/19 04:01:45
Failed: 0  Total Tests: 192  ((Passed: 187, Newly Passed: 1)  Known Failed: 5) /home/travis/build/icyphy/ptII/ptolemy/domains/de/test
04/11/19 04:01:45
Failed: 0  Total Tests: 192  ((Passed: 187, Newly Passed: 1)  Known Failed: 5) /home/travis/build/icyphy/ptII/ptolemy/domains/de/test
----------------- testing (KnownFailure) /home/travis/build/icyphy/ptII/ptolemy/domains/de/test/auto/knownFailedTests/DESDFClockTest.xml
2009 ms. Memory: 307712K Free: 286179K (93%)
Known Failure: java.lang.reflect.InvocationTargetException
----------------- testing (KnownFailure) /home/travis/build/icyphy/ptII/ptolemy/domains/de/test/auto/knownFailedTests/DirectFeedback.xml
1 ms. Memory: 307712K Free: 268074K (87%)
Known Failure: java.lang.reflect.InvocationTargetException
----------------- testing (KnownFailure) /home/travis/build/icyphy/ptII/ptolemy/domains/de/test/auto/knownFailedTests/FSMSource.xml
4 ms. Memory: 307712K Free: 245436K (80%)
----------------- testing (KnownFailure) /home/travis/build/icyphy/ptII/ptolemy/domains/de/test/auto/knownFailedTests/HierarchicalModel.xml
2 ms. Memory: 307712K Free: 222789K (72%)
Known Failure: java.lang.reflect.InvocationTargetException
----------------- testing (KnownFailure) /home/travis/build/icyphy/ptII/ptolemy/domains/de/test/auto/knownFailedTests/dependencyLoop.xml
2 ms. Memory: 307712K Free: 191082K (62%)
Known Failure: java.lang.reflect.InvocationTargetException
----------------- testing (KnownFailure) /home/travis/build/icyphy/ptII/ptolemy/domains/de/test/auto/knownFailedTests/dependencyLoop2.xml
1 ms. Memory: 307712K Free: 159391K (52%)
Known Failure: java.lang.reflect.InvocationTargetException
No auto/linux-amd64/*.xml tests in /home/travis/build/icyphy/ptII/ptolemy/domains/de/test
AutoTests.java: About to close Vertx.
AutoTests.java: Vertx closed.

===========================================================================================
----------------- testing Thu Apr 11 04:01:47 UTC 2019 /home/travis/build/icyphy/ptII/ptolemy/domains/de/test/auto/ActorDepthCalculation_actorWithoutPorts.xml
----------------- Instantiating /home/travis/build/icyphy/ptII/ptolemy/domains/de/test/auto/ActorDepthCalculation_actorWithoutPorts.xml
3 ms. Memory: 307712K Free: 136760K (44%)
----------------- Invoking toplevel() on ptolemy.moml.MoMLSimpleApplication@17088917
----------------- Done invoking toplevel() on ptolemy.moml.MoMLSimpleApplication@17088917
reloadAllAccessors: .ActorDepthCalculation_actorWithoutPorts

===========================================================================================
----------------- testing Thu Apr 11 04:01:47 UTC 2019 /home/travis/build/icyphy/ptII/ptolemy/domains/de/test/auto/AssemblyLine.xml
----------------- Instantiating /home/travis/build/icyphy/ptII/ptolemy/domains/de/test/auto/AssemblyLine.xml
2 ms. Memory: 307712K Free: 123166K (40%)
----------------- Invoking toplevel() on ptolemy.moml.MoMLSimpleApplication@741fba56
----------------- Done invoking toplevel() on ptolemy.moml.MoMLSimpleApplication@741fba56
reloadAllAccessors: .AssemblyLine

===========================================================================================
----------------- testing Thu Apr 11 04:01:47 UTC 2019 /home/travis/build/icyphy/ptII/ptolemy/domains/de/test/auto/CQBug1.xml
----------------- Instantiating /home/travis/build/icyphy/ptII/ptolemy/domains/de/test/auto/CQBug1.xml
1 ms. Memory: 307712K Free: 114114K (37%)
----------------- Invoking toplevel() on ptolemy.moml.MoMLSimpleApplication@168265c
----------------- Done invoking toplevel() on ptolemy.moml.MoMLSimpleApplication@168265c
reloadAllAccessors: .CQBug1

===========================================================================================
----------------- testing Thu Apr 11 04:01:47 UTC 2019 /home/travis/build/icyphy/ptII/ptolemy/domains/de/test/auto/CancelFireAt.xml
----------------- Instantiating /home/travis/build/icyphy/ptII/ptolemy/domains/de/test/auto/CancelFireAt.xml
2 ms. Memory: 307712K Free: 105061K (34%)
----------------- Invoking toplevel() on ptolemy.moml.MoMLSimpleApplication@76547bec
----------------- Done invoking toplevel() on ptolemy.moml.MoMLSimpleApplication@76547bec
reloadAllAccessors: .CancelFireAt

===========================================================================================
----------------- testing Thu Apr 11 04:01:47 UTC 2019 /home/travis/build/icyphy/ptII/ptolemy/domains/de/test/auto/CausalityAndComposabilityAnalysis.xml
----------------- Instantiating /home/travis/build/icyphy/ptII/ptolemy/domains/de/test/auto/CausalityAndComposabilityAnalysis.xml
1 ms. Memory: 307712K Free: 96009K (31%)
----------------- Invoking toplevel() on ptolemy.moml.MoMLSimpleApplication@35cbc68c
----------------- Done invoking toplevel() on ptolemy.moml.MoMLSimpleApplication@35cbc68c
reloadAllAccessors: .CausalityAndComposabilityAnalysis

===========================================================================================
----------------- testing Thu Apr 11 04:01:47 UTC 2019 /home/travis/build/icyphy/ptII/ptolemy/domains/de/test/auto/CausalityInterface1.xml
----------------- Instantiating /home/travis/build/icyphy/ptII/ptolemy/domains/de/test/auto/CausalityInterface1.xml
3 ms. Memory: 307712K Free: 83585K (27%)
----------------- Invoking toplevel() on ptolemy.moml.MoMLSimpleApplication@387251b5
----------------- Done invoking toplevel() on ptolemy.moml.MoMLSimpleApplication@387251b5
reloadAllAccessors: .CausalityInterface1

===========================================================================================
----------------- testing Thu Apr 11 04:01:47 UTC 2019 /home/travis/build/icyphy/ptII/ptolemy/domains/de/test/auto/CausalityInterface15.xml
----------------- Instantiating /home/travis/build/icyphy/ptII/ptolemy/domains/de/test/auto/CausalityInterface15.xml
5 ms. Memory: 298496K Free: 289264K (97%)
----------------- Invoking toplevel() on ptolemy.moml.MoMLSimpleApplication@5e7527c4
----------------- Done invoking toplevel() on ptolemy.moml.MoMLSimpleApplication@5e7527c4
reloadAllAccessors: .CausalityInterface15

[...]
java.lang.RuntimeException: Execution failed
	at ptolemy.moml.MoMLSimpleApplication$UnloadThread.run(MoMLSimpleApplication.java:402)
Caused by: ptolemy.kernel.util.IllegalActionException: Test fails in iteration 1.
Value was: 1.0. Should have been: 2.0
  in .DirectFeedback.Test
	at ptolemy.actor.lib.Test.fire(Test.java:268)
	at ptolemy.domains.de.kernel.DEDirector._fire(DEDirector.java:1949)
	at ptolemy.domains.de.kernel.DEDirector.fire(DEDirector.java:502)
	at ptolemy.actor.CompositeActor.fire(CompositeActor.java:455)
	at ptolemy.actor.Manager.iterate(Manager.java:851)
	at ptolemy.actor.Manager.execute(Manager.java:369)
	at ptolemy.actor.Manager.run(Manager.java:1263)
	at ptolemy.actor.Manager$PtolemyRunThread.run(Manager.java:1915)
java.lang.RuntimeException: Execution failed
	at ptolemy.moml.MoMLSimpleApplication$UnloadThread.run(MoMLSimpleApplication.java:402)
Caused by: ptolemy.kernel.util.IllegalActionException: Actor is not ready to fire.  Perhaps UpSample.prefire() returned false? Try debugging the actor by selecting "Listen to Actor".  Also, for SDF check moml for tokenConsumptionRate on input.
  in .DESDFClockTest.Play Bell.Copy1:SDF Director and .DESDFClockTest.Play Bell.UpSample
	at ptolemy.actor.sched.StaticSchedulingDirector.fire(StaticSchedulingDirector.java:227)
	at ptolemy.domains.sdf.kernel.SDFDirector.fire(SDFDirector.java:500)
	at ptolemy.actor.CompositeActor.fire(CompositeActor.java:455)
	at ptolemy.domains.de.kernel.DEDirector._fire(DEDirector.java:1949)
	at ptolemy.domains.de.kernel.DEDirector.fire(DEDirector.java:502)
	at ptolemy.actor.CompositeActor.fire(CompositeActor.java:455)
	at ptolemy.actor.Manager.iterate(Manager.java:851)
	at ptolemy.actor.Manager.execute(Manager.java:369)
	at ptolemy.actor.Manager.run(Manager.java:1263)
	at ptolemy.actor.Manager$PtolemyRunThread.run(Manager.java:1915)
java.lang.reflect.InvocationTargetException
	at sun.reflect.NativeConstructorAccessorImpl.newInstance0(Native Method)
	at sun.reflect.NativeConstructorAccessorImpl.newInstance(NativeConstructorAccessorImpl.java:62)
	at sun.reflect.DelegatingConstructorAccessorImpl.newInstance(DelegatingConstructorAccessorImpl.java:45)
	at java.lang.reflect.Constructor.newInstance(Constructor.java:423)
	at ptolemy.util.test.junit.AutoKnownFailedTests.RunModel(AutoKnownFailedTests.java:105)
	at sun.reflect.NativeMethodAccessorImpl.invoke0(Native Method)
	at sun.reflect.NativeMethodAccessorImpl.invoke(NativeMethodAccessorImpl.java:62)
	at sun.reflect.DelegatingMethodAccessorImpl.invoke(DelegatingMethodAccessorImpl.java:43)
	at java.lang.reflect.Method.invoke(Method.java:498)
	at org.junit.runners.model.FrameworkMethod$1.runReflectiveCall(FrameworkMethod.java:44)
	at org.junit.internal.runners.model.ReflectiveCallable.run(ReflectiveCallable.java:15)
	at org.junit.runners.model.FrameworkMethod.invokeExplosively(FrameworkMethod.java:41)
	at junitparams.internal.InvokeParameterisedMethod.evaluate(InvokeParameterisedMethod.java:102)
	at org.junit.internal.runners.statements.FailOnTimeout$1.run(FailOnTimeout.java:28)
Caused by: ptolemy.kernel.util.IllegalActionException: Actor is not ready to fire.  Perhaps UpSample.prefire() returned false? Try debugging the actor by selecting "Listen to Actor".  Also, for SDF check moml for tokenConsumptionRate on input.
  in .DESDFClockTest.Play Bell.Copy1:SDF Director and .DESDFClockTest.Play Bell.UpSample
	at ptolemy.actor.sched.StaticSchedulingDirector.fire(StaticSchedulingDirector.java:227)
	at ptolemy.domains.sdf.kernel.SDFDirector.fire(SDFDirector.java:500)
	at ptolemy.actor.CompositeActor.fire(CompositeActor.java:455)
	at ptolemy.domains.de.kernel.DEDirector._fire(DEDirector.java:1949)
	at ptolemy.domains.de.kernel.DEDirector.fire(DEDirector.java:502)
	at ptolemy.actor.CompositeActor.fire(CompositeActor.java:455)
	at ptolemy.actor.Manager.iterate(Manager.java:851)
	at ptolemy.actor.Manager.execute(Manager.java:369)
	at ptolemy.actor.Manager.run(Manager.java:1263)
	at ptolemy.actor.Manager$PtolemyRunThread.run(Manager.java:1915)
java.lang.RuntimeException: Execution failed
	at ptolemy.moml.MoMLSimpleApplication$UnloadThread.run(MoMLSimpleApplication.java:402)
Caused by: ptolemy.kernel.util.IllegalActionException: Test fails in iteration 1.
Value was: 1.0. Should have been: 2.0
  in .DirectFeedback.Test
	at ptolemy.actor.lib.Test.fire(Test.java:268)
	at ptolemy.domains.de.kernel.DEDirector._fire(DEDirector.java:1949)
	at ptolemy.domains.de.kernel.DEDirector.fire(DEDirector.java:502)
	at ptolemy.actor.CompositeActor.fire(CompositeActor.java:455)
	at ptolemy.actor.Manager.iterate(Manager.java:851)
	at ptolemy.actor.Manager.execute(Manager.java:369)
	at ptolemy.actor.Manager.run(Manager.java:1263)
	at ptolemy.actor.Manager$PtolemyRunThread.run(Manager.java:1915)
java.lang.reflect.InvocationTargetException
	at sun.reflect.NativeConstructorAccessorImpl.newInstance0(Native Method)
	at sun.reflect.NativeConstructorAccessorImpl.newInstance(NativeConstructorAccessorImpl.java:62)
	at sun.reflect.DelegatingConstructorAccessorImpl.newInstance(DelegatingConstructorAccessorImpl.java:45)
	at java.lang.reflect.Constructor.newInstance(Constructor.java:423)
	at ptolemy.util.test.junit.AutoKnownFailedTests.RunModel(AutoKnownFailedTests.java:105)
	at sun.reflect.NativeMethodAccessorImpl.invoke0(Native Method)
	at sun.reflect.NativeMethodAccessorImpl.invoke(NativeMethodAccessorImpl.java:62)
	at sun.reflect.DelegatingMethodAccessorImpl.invoke(DelegatingMethodAccessorImpl.java:43)
	at java.lang.reflect.Method.invoke(Method.java:498)
	at org.junit.runners.model.FrameworkMethod$1.runReflectiveCall(FrameworkMethod.java:44)
	at org.junit.internal.runners.model.ReflectiveCallable.run(ReflectiveCallable.java:15)
	at org.junit.runners.model.FrameworkMethod.invokeExplosively(FrameworkMethod.java:41)
	at junitparams.internal.InvokeParameterisedMethod.evaluate(InvokeParameterisedMethod.java:102)
	at org.junit.internal.runners.statements.FailOnTimeout$1.run(FailOnTimeout.java:28)
Caused by: ptolemy.kernel.util.IllegalActionException: Test fails in iteration 1.
Value was: 1.0. Should have been: 2.0
  in .DirectFeedback.Test
	at ptolemy.actor.lib.Test.fire(Test.java:268)
	at ptolemy.domains.de.kernel.DEDirector._fire(DEDirector.java:1949)
	at ptolemy.domains.de.kernel.DEDirector.fire(DEDirector.java:502)
	at ptolemy.actor.CompositeActor.fire(CompositeActor.java:455)
	at ptolemy.actor.Manager.iterate(Manager.java:851)
	at ptolemy.actor.Manager.execute(Manager.java:369)
	at ptolemy.actor.Manager.run(Manager.java:1263)
	at ptolemy.actor.Manager$PtolemyRunThread.run(Manager.java:1915)
java.lang.RuntimeException: Execution failed
	at ptolemy.moml.MoMLSimpleApplication$UnloadThread.run(MoMLSimpleApplication.java:402)
Caused by: ptolemy.kernel.util.IllegalActionException: Found a zero delay loop containing .HierarchicalModel.A
  in .HierarchicalModel and .HierarchicalModel.A
	at ptolemy.actor.util.CausalityInterfaceForComposites._computeOutputPortDepth(CausalityInterfaceForComposites.java:759)
	at ptolemy.actor.util.CausalityInterfaceForComposites._computeInputDepth(CausalityInterfaceForComposites.java:696)
	at ptolemy.actor.util.CausalityInterfaceForComposites._computeOutputPortDepth(CausalityInterfaceForComposites.java:765)
	at ptolemy.actor.util.CausalityInterfaceForComposites._computeInputDepth(CausalityInterfaceForComposites.java:696)
	at ptolemy.actor.util.CausalityInterfaceForComposites._computeOutputPortDepth(CausalityInterfaceForComposites.java:765)
	at ptolemy.actor.util.CausalityInterfaceForComposites._computeInputDepth(CausalityInterfaceForComposites.java:696)
	at ptolemy.actor.util.CausalityInterfaceForComposites._computeActorDepth(CausalityInterfaceForComposites.java:532)
	at ptolemy.actor.util.CausalityInterfaceForComposites.checkForCycles(CausalityInterfaceForComposites.java:96)
	at ptolemy.domains.de.kernel.DEDirector.preinitialize(DEDirector.java:1338)
	at ptolemy.actor.CompositeActor.preinitialize(CompositeActor.java:1828)
	at ptolemy.actor.Manager.preinitializeAndResolveTypes(Manager.java:1040)
	at ptolemy.actor.Manager.initialize(Manager.java:710)
	at ptolemy.actor.Manager.execute(Manager.java:356)
	at ptolemy.actor.Manager.run(Manager.java:1263)
	at ptolemy.actor.Manager$PtolemyRunThread.run(Manager.java:1915)
java.lang.reflect.InvocationTargetException
	at sun.reflect.NativeConstructorAccessorImpl.newInstance0(Native Method)
	at sun.reflect.NativeConstructorAccessorImpl.newInstance(NativeConstructorAccessorImpl.java:62)
	at sun.reflect.DelegatingConstructorAccessorImpl.newInstance(DelegatingConstructorAccessorImpl.java:45)
	at java.lang.reflect.Constructor.newInstance(Constructor.java:423)
	at ptolemy.util.test.junit.AutoKnownFailedTests.RunModel(AutoKnownFailedTests.java:105)
	at sun.reflect.NativeMethodAccessorImpl.invoke0(Native Method)
	at sun.reflect.NativeMethodAccessorImpl.invoke(NativeMethodAccessorImpl.java:62)
	at sun.reflect.DelegatingMethodAccessorImpl.invoke(DelegatingMethodAccessorImpl.java:43)
	at java.lang.reflect.Method.invoke(Method.java:498)
	at org.junit.runners.model.FrameworkMethod$1.runReflectiveCall(FrameworkMethod.java:44)
	at org.junit.internal.runners.model.ReflectiveCallable.run(ReflectiveCallable.java:15)
	at org.junit.runners.model.FrameworkMethod.invokeExplosively(FrameworkMethod.java:41)
	at junitparams.internal.InvokeParameterisedMethod.evaluate(InvokeParameterisedMethod.java:102)
	at org.junit.internal.runners.statements.FailOnTimeout$1.run(FailOnTimeout.java:28)
Caused by: ptolemy.kernel.util.IllegalActionException: Found a zero delay loop containing .HierarchicalModel.A
  in .HierarchicalModel and .HierarchicalModel.A
	at ptolemy.actor.util.CausalityInterfaceForComposites._computeOutputPortDepth(CausalityInterfaceForComposites.java:759)
	at ptolemy.actor.util.CausalityInterfaceForComposites._computeInputDepth(CausalityInterfaceForComposites.java:696)
	at ptolemy.actor.util.CausalityInterfaceForComposites._computeOutputPortDepth(CausalityInterfaceForComposites.java:765)
	at ptolemy.actor.util.CausalityInterfaceForComposites._computeInputDepth(CausalityInterfaceForComposites.java:696)
	at ptolemy.actor.util.CausalityInterfaceForComposites._computeOutputPortDepth(CausalityInterfaceForComposites.java:765)
	at ptolemy.actor.util.CausalityInterfaceForComposites._computeInputDepth(CausalityInterfaceForComposites.java:696)
	at ptolemy.actor.util.CausalityInterfaceForComposites._computeActorDepth(CausalityInterfaceForComposites.java:532)
	at ptolemy.actor.util.CausalityInterfaceForComposites.checkForCycles(CausalityInterfaceForComposites.java:96)
	at ptolemy.domains.de.kernel.DEDirector.preinitialize(DEDirector.java:1338)
	at ptolemy.actor.CompositeActor.preinitialize(CompositeActor.java:1828)
	at ptolemy.actor.Manager.preinitializeAndResolveTypes(Manager.java:1040)
	at ptolemy.actor.Manager.initialize(Manager.java:710)
	at ptolemy.actor.Manager.execute(Manager.java:356)
	at ptolemy.actor.Manager.run(Manager.java:1263)
	at ptolemy.actor.Manager$PtolemyRunThread.run(Manager.java:1915)
java.lang.RuntimeException: Execution failed
	at ptolemy.moml.MoMLSimpleApplication$UnloadThread.run(MoMLSimpleApplication.java:402)
Caused by: ptolemy.kernel.util.IllegalActionException: Found a zero delay loop containing .dependencyLoop.original
  in .dependencyLoop and .dependencyLoop.original
	at ptolemy.actor.util.CausalityInterfaceForComposites._computeOutputPortDepth(CausalityInterfaceForComposites.java:759)
	at ptolemy.actor.util.CausalityInterfaceForComposites._computeInputDepth(CausalityInterfaceForComposites.java:696)
	at ptolemy.actor.util.CausalityInterfaceForComposites._computeOutputPortDepth(CausalityInterfaceForComposites.java:765)
	at ptolemy.actor.util.CausalityInterfaceForComposites._computeInputDepth(CausalityInterfaceForComposites.java:696)
	at ptolemy.actor.util.CausalityInterfaceForComposites._computeOutputPortDepth(CausalityInterfaceForComposites.java:765)
	at ptolemy.actor.util.CausalityInterfaceForComposites._computeInputDepth(CausalityInterfaceForComposites.java:696)
	at ptolemy.actor.util.CausalityInterfaceForComposites._computeActorDepth(CausalityInterfaceForComposites.java:532)
	at ptolemy.actor.util.CausalityInterfaceForComposites.checkForCycles(CausalityInterfaceForComposites.java:96)
	at ptolemy.domains.de.kernel.DEDirector.preinitialize(DEDirector.java:1338)
	at ptolemy.actor.CompositeActor.preinitialize(CompositeActor.java:1828)
	at ptolemy.actor.Manager.preinitializeAndResolveTypes(Manager.java:1040)
	at ptolemy.actor.Manager.initialize(Manager.java:710)
	at ptolemy.actor.Manager.execute(Manager.java:356)
	at ptolemy.actor.Manager.run(Manager.java:1263)
	at ptolemy.actor.Manager$PtolemyRunThread.run(Manager.java:1915)
java.lang.reflect.InvocationTargetException
	at sun.reflect.NativeConstructorAccessorImpl.newInstance0(Native Method)
	at sun.reflect.NativeConstructorAccessorImpl.newInstance(NativeConstructorAccessorImpl.java:62)
	at sun.reflect.DelegatingConstructorAccessorImpl.newInstance(DelegatingConstructorAccessorImpl.java:45)
	at java.lang.reflect.Constructor.newInstance(Constructor.java:423)
	at ptolemy.util.test.junit.AutoKnownFailedTests.RunModel(AutoKnownFailedTests.java:105)
	at sun.reflect.NativeMethodAccessorImpl.invoke0(Native Method)
	at sun.reflect.NativeMethodAccessorImpl.invoke(NativeMethodAccessorImpl.java:62)
	at sun.reflect.DelegatingMethodAccessorImpl.invoke(DelegatingMethodAccessorImpl.java:43)
	at java.lang.reflect.Method.invoke(Method.java:498)
	at org.junit.runners.model.FrameworkMethod$1.runReflectiveCall(FrameworkMethod.java:44)
	at org.junit.internal.runners.model.ReflectiveCallable.run(ReflectiveCallable.java:15)
	at org.junit.runners.model.FrameworkMethod.invokeExplosively(FrameworkMethod.java:41)
	at junitparams.internal.InvokeParameterisedMethod.evaluate(InvokeParameterisedMethod.java:102)
	at org.junit.internal.runners.statements.FailOnTimeout$1.run(FailOnTimeout.java:28)
Caused by: ptolemy.kernel.util.IllegalActionException: Found a zero delay loop containing .dependencyLoop.original
  in .dependencyLoop and .dependencyLoop.original
	at ptolemy.actor.util.CausalityInterfaceForComposites._computeOutputPortDepth(CausalityInterfaceForComposites.java:759)
	at ptolemy.actor.util.CausalityInterfaceForComposites._computeInputDepth(CausalityInterfaceForComposites.java:696)
	at ptolemy.actor.util.CausalityInterfaceForComposites._computeOutputPortDepth(CausalityInterfaceForComposites.java:765)
	at ptolemy.actor.util.CausalityInterfaceForComposites._computeInputDepth(CausalityInterfaceForComposites.java:696)
	at ptolemy.actor.util.CausalityInterfaceForComposites._computeOutputPortDepth(CausalityInterfaceForComposites.java:765)
	at ptolemy.actor.util.CausalityInterfaceForComposites._computeInputDepth(CausalityInterfaceForComposites.java:696)
	at ptolemy.actor.util.CausalityInterfaceForComposites._computeActorDepth(CausalityInterfaceForComposites.java:532)
	at ptolemy.actor.util.CausalityInterfaceForComposites.checkForCycles(CausalityInterfaceForComposites.java:96)
	at ptolemy.domains.de.kernel.DEDirector.preinitialize(DEDirector.java:1338)
	at ptolemy.actor.CompositeActor.preinitialize(CompositeActor.java:1828)
	at ptolemy.actor.Manager.preinitializeAndResolveTypes(Manager.java:1040)
	at ptolemy.actor.Manager.initialize(Manager.java:710)
	at ptolemy.actor.Manager.execute(Manager.java:356)
	at ptolemy.actor.Manager.run(Manager.java:1263)
	at ptolemy.actor.Manager$PtolemyRunThread.run(Manager.java:1915)
java.lang.RuntimeException: Execution failed
	at ptolemy.moml.MoMLSimpleApplication$UnloadThread.run(MoMLSimpleApplication.java:402)
Caused by: ptolemy.kernel.util.IllegalActionException: Found a zero delay loop containing .dependencyLoop2.original
  in .dependencyLoop2 and .dependencyLoop2.original
	at ptolemy.actor.util.CausalityInterfaceForComposites._computeOutputPortDepth(CausalityInterfaceForComposites.java:759)
	at ptolemy.actor.util.CausalityInterfaceForComposites._computeInputDepth(CausalityInterfaceForComposites.java:696)
	at ptolemy.actor.util.CausalityInterfaceForComposites._computeOutputPortDepth(CausalityInterfaceForComposites.java:765)
	at ptolemy.actor.util.CausalityInterfaceForComposites._computeInputDepth(CausalityInterfaceForComposites.java:696)
	at ptolemy.actor.util.CausalityInterfaceForComposites._computeOutputPortDepth(CausalityInterfaceForComposites.java:765)
	at ptolemy.actor.util.CausalityInterfaceForComposites._computeInputDepth(CausalityInterfaceForComposites.java:696)
	at ptolemy.actor.util.CausalityInterfaceForComposites._computeActorDepth(CausalityInterfaceForComposites.java:532)
	at ptolemy.actor.util.CausalityInterfaceForComposites.checkForCycles(CausalityInterfaceForComposites.java:96)
	at ptolemy.domains.de.kernel.DEDirector.preinitialize(DEDirector.java:1338)
	at ptolemy.actor.CompositeActor.preinitialize(CompositeActor.java:1828)
	at ptolemy.actor.Manager.preinitializeAndResolveTypes(Manager.java:1040)
	at ptolemy.actor.Manager.initialize(Manager.java:710)
	at ptolemy.actor.Manager.execute(Manager.java:356)
	at ptolemy.actor.Manager.run(Manager.java:1263)
	at ptolemy.actor.Manager$PtolemyRunThread.run(Manager.java:1915)
java.lang.reflect.InvocationTargetException
	at sun.reflect.NativeConstructorAccessorImpl.newInstance0(Native Method)
	at sun.reflect.NativeConstructorAccessorImpl.newInstance(NativeConstructorAccessorImpl.java:62)
	at sun.reflect.DelegatingConstructorAccessorImpl.newInstance(DelegatingConstructorAccessorImpl.java:45)
	at java.lang.reflect.Constructor.newInstance(Constructor.java:423)
	at ptolemy.util.test.junit.AutoKnownFailedTests.RunModel(AutoKnownFailedTests.java:105)
	at sun.reflect.NativeMethodAccessorImpl.invoke0(Native Method)
	at sun.reflect.NativeMethodAccessorImpl.invoke(NativeMethodAccessorImpl.java:62)
	at sun.reflect.DelegatingMethodAccessorImpl.invoke(DelegatingMethodAccessorImpl.java:43)
	at java.lang.reflect.Method.invoke(Method.java:498)
	at org.junit.runners.model.FrameworkMethod$1.runReflectiveCall(FrameworkMethod.java:44)
	at org.junit.internal.runners.model.ReflectiveCallable.run(ReflectiveCallable.java:15)
	at org.junit.runners.model.FrameworkMethod.invokeExplosively(FrameworkMethod.java:41)
	at junitparams.internal.InvokeParameterisedMethod.evaluate(InvokeParameterisedMethod.java:102)
	at org.junit.internal.runners.statements.FailOnTimeout$1.run(FailOnTimeout.java:28)
Caused by: ptolemy.kernel.util.IllegalActionException: Found a zero delay loop containing .dependencyLoop2.original
  in .dependencyLoop2 and .dependencyLoop2.original
	at ptolemy.actor.util.CausalityInterfaceForComposites._computeOutputPortDepth(CausalityInterfaceForComposites.java:759)
	at ptolemy.actor.util.CausalityInterfaceForComposites._computeInputDepth(CausalityInterfaceForComposites.java:696)
	at ptolemy.actor.util.CausalityInterfaceForComposites._computeOutputPortDepth(CausalityInterfaceForComposites.java:765)
	at ptolemy.actor.util.CausalityInterfaceForComposites._computeInputDepth(CausalityInterfaceForComposites.java:696)
	at ptolemy.actor.util.CausalityInterfaceForComposites._computeOutputPortDepth(CausalityInterfaceForComposites.java:765)
	at ptolemy.actor.util.CausalityInterfaceForComposites._computeInputDepth(CausalityInterfaceForComposites.java:696)
	at ptolemy.actor.util.CausalityInterfaceForComposites._computeActorDepth(CausalityInterfaceForComposites.java:532)
	at ptolemy.actor.util.CausalityInterfaceForComposites.checkForCycles(CausalityInterfaceForComposites.java:96)
	at ptolemy.domains.de.kernel.DEDirector.preinitialize(DEDirector.java:1338)
	at ptolemy.actor.CompositeActor.preinitialize(CompositeActor.java:1828)
	at ptolemy.actor.Manager.preinitializeAndResolveTypes(Manager.java:1040)
	at ptolemy.actor.Manager.initialize(Manager.java:710)
	at ptolemy.actor.Manager.execute(Manager.java:356)
	at ptolemy.actor.Manager.run(Manager.java:1263)
	at ptolemy.actor.Manager$PtolemyRunThread.run(Manager.java:1915)
]]></system-err>
</testsuite>
