<?xml version="1.0" encoding="UTF-8" ?>
<testsuite errors="0" failures="0" hostname="travis-job-7f83ee00-69e4-4730-be09-db96fe32af46" name="ptolemy.actor.lib.jjs.test.junit.JUnitTclTest" skipped="0" tests="94" time="592.047" timestamp="2019-03-05T13:28:13">
  <properties>
[...]
</properties>
  <testcase classname="ptolemy.util.test.junit.TclTests" name="[0] /home/travis/build/icyphy/ptII/ptolemy/actor/lib/jjs/test/NashornAccessorHostApplication.tcl (RunTclFile)" time="0.196" />
  <testcase classname="ptolemy.util.test.junit.AutoKnownFailedTests" name="[0] ThereAreNoKnowFailedTests (RunModel)" time="0.001" />
  <testcase classname="ptolemy.util.test.junit.AutoNameArchTests" name="[0] ThereAreNoAutoArchTests (RunModel)" time="0.0" />
  <testcase classname="ptolemy.util.test.junit.AutoTests" name="[0] /home/travis/build/icyphy/ptII/ptolemy/actor/lib/jjs/test/auto/InputHandlers1.xml (RunModel)" time="10.64" />
  <testcase classname="ptolemy.util.test.junit.AutoTests" name="[1] /home/travis/build/icyphy/ptII/ptolemy/actor/lib/jjs/test/auto/InputHandlers2.xml (RunModel)" time="7.322" />
  <testcase classname="ptolemy.util.test.junit.AutoTests" name="[2] /home/travis/build/icyphy/ptII/ptolemy/actor/lib/jjs/test/auto/JSParameter1.xml (RunModel)" time="6.921" />
  <testcase classname="ptolemy.util.test.junit.AutoTests" name="[3] /home/travis/build/icyphy/ptII/ptolemy/actor/lib/jjs/test/auto/JSParameter2.xml (RunModel)" time="6.846" />
  <testcase classname="ptolemy.util.test.junit.AutoTests" name="[4] /home/travis/build/icyphy/ptII/ptolemy/actor/lib/jjs/test/auto/JSParameter3.xml (RunModel)" time="6.909" />
  <testcase classname="ptolemy.util.test.junit.AutoTests" name="[5] /home/travis/build/icyphy/ptII/ptolemy/actor/lib/jjs/test/auto/JSParameter4.xml (RunModel)" time="6.962" />
  <testcase classname="ptolemy.util.test.junit.AutoTests" name="[6] /home/travis/build/icyphy/ptII/ptolemy/actor/lib/jjs/test/auto/JSParameter5.xml (RunModel)" time="6.441" />
  <testcase classname="ptolemy.util.test.junit.AutoTests" name="[7] /home/travis/build/icyphy/ptII/ptolemy/actor/lib/jjs/test/auto/JavaScript1.xml (RunModel)" time="6.569" />
  <testcase classname="ptolemy.util.test.junit.AutoTests" name="[8] /home/travis/build/icyphy/ptII/ptolemy/actor/lib/jjs/test/auto/JavaScript10.xml (RunModel)" time="6.441" />
  <testcase classname="ptolemy.util.test.junit.AutoTests" name="[9] /home/travis/build/icyphy/ptII/ptolemy/actor/lib/jjs/test/auto/JavaScript11.xml (RunModel)" time="6.55" />
  <testcase classname="ptolemy.util.test.junit.AutoTests" name="[10] /home/travis/build/icyphy/ptII/ptolemy/actor/lib/jjs/test/auto/JavaScript12.xml (RunModel)" time="6.45" />
  <testcase classname="ptolemy.util.test.junit.AutoTests" name="[11] /home/travis/build/icyphy/ptII/ptolemy/actor/lib/jjs/test/auto/JavaScript13.xml (RunModel)" time="6.569" />
  <testcase classname="ptolemy.util.test.junit.AutoTests" name="[12] /home/travis/build/icyphy/ptII/ptolemy/actor/lib/jjs/test/auto/JavaScript14.xml (RunModel)" time="6.284" />
  <testcase classname="ptolemy.util.test.junit.AutoTests" name="[13] /home/travis/build/icyphy/ptII/ptolemy/actor/lib/jjs/test/auto/JavaScript15.xml (RunModel)" time="6.366" />
  <testcase classname="ptolemy.util.test.junit.AutoTests" name="[14] /home/travis/build/icyphy/ptII/ptolemy/actor/lib/jjs/test/auto/JavaScript16.xml (RunModel)" time="6.253" />
  <testcase classname="ptolemy.util.test.junit.AutoTests" name="[15] /home/travis/build/icyphy/ptII/ptolemy/actor/lib/jjs/test/auto/JavaScript17.xml (RunModel)" time="6.346" />
  <testcase classname="ptolemy.util.test.junit.AutoTests" name="[16] /home/travis/build/icyphy/ptII/ptolemy/actor/lib/jjs/test/auto/JavaScript18.xml (RunModel)" time="6.114" />
  <testcase classname="ptolemy.util.test.junit.AutoTests" name="[17] /home/travis/build/icyphy/ptII/ptolemy/actor/lib/jjs/test/auto/JavaScript19.xml (RunModel)" time="6.038" />
  <testcase classname="ptolemy.util.test.junit.AutoTests" name="[18] /home/travis/build/icyphy/ptII/ptolemy/actor/lib/jjs/test/auto/JavaScript2.xml (RunModel)" time="6.321" />
  <testcase classname="ptolemy.util.test.junit.AutoTests" name="[19] /home/travis/build/icyphy/ptII/ptolemy/actor/lib/jjs/test/auto/JavaScript20.xml (RunModel)" time="6.171" />
  <testcase classname="ptolemy.util.test.junit.AutoTests" name="[20] /home/travis/build/icyphy/ptII/ptolemy/actor/lib/jjs/test/auto/JavaScript21.xml (RunModel)" time="6.063" />
  <testcase classname="ptolemy.util.test.junit.AutoTests" name="[21] /home/travis/build/icyphy/ptII/ptolemy/actor/lib/jjs/test/auto/JavaScript22.xml (RunModel)" time="6.218" />
  <testcase classname="ptolemy.util.test.junit.AutoTests" name="[22] /home/travis/build/icyphy/ptII/ptolemy/actor/lib/jjs/test/auto/JavaScript23.xml (RunModel)" time="6.126" />
  <testcase classname="ptolemy.util.test.junit.AutoTests" name="[23] /home/travis/build/icyphy/ptII/ptolemy/actor/lib/jjs/test/auto/JavaScript24.xml (RunModel)" time="6.13" />
  <testcase classname="ptolemy.util.test.junit.AutoTests" name="[24] /home/travis/build/icyphy/ptII/ptolemy/actor/lib/jjs/test/auto/JavaScript25.xml (RunModel)" time="6.055" />
  <testcase classname="ptolemy.util.test.junit.AutoTests" name="[25] /home/travis/build/icyphy/ptII/ptolemy/actor/lib/jjs/test/auto/JavaScript26.xml (RunModel)" time="6.397" />
  <testcase classname="ptolemy.util.test.junit.AutoTests" name="[26] /home/travis/build/icyphy/ptII/ptolemy/actor/lib/jjs/test/auto/JavaScript27.xml (RunModel)" time="6.092" />
  <testcase classname="ptolemy.util.test.junit.AutoTests" name="[27] /home/travis/build/icyphy/ptII/ptolemy/actor/lib/jjs/test/auto/JavaScript3.xml (RunModel)" time="6.536" />
  <testcase classname="ptolemy.util.test.junit.AutoTests" name="[28] /home/travis/build/icyphy/ptII/ptolemy/actor/lib/jjs/test/auto/JavaScript4.xml (RunModel)" time="6.624" />
  <testcase classname="ptolemy.util.test.junit.AutoTests" name="[29] /home/travis/build/icyphy/ptII/ptolemy/actor/lib/jjs/test/auto/JavaScript5.xml (RunModel)" time="6.156" />
  <testcase classname="ptolemy.util.test.junit.AutoTests" name="[30] /home/travis/build/icyphy/ptII/ptolemy/actor/lib/jjs/test/auto/JavaScript6.xml (RunModel)" time="7.088" />
  <testcase classname="ptolemy.util.test.junit.AutoTests" name="[31] /home/travis/build/icyphy/ptII/ptolemy/actor/lib/jjs/test/auto/JavaScript7.xml (RunModel)" time="7.445" />
  <testcase classname="ptolemy.util.test.junit.AutoTests" name="[32] /home/travis/build/icyphy/ptII/ptolemy/actor/lib/jjs/test/auto/JavaScript8.xml (RunModel)" time="5.96" />
  <testcase classname="ptolemy.util.test.junit.AutoTests" name="[33] /home/travis/build/icyphy/ptII/ptolemy/actor/lib/jjs/test/auto/JavaScript9.xml (RunModel)" time="6.002" />
  <testcase classname="ptolemy.util.test.junit.AutoTests" name="[34] /home/travis/build/icyphy/ptII/ptolemy/actor/lib/jjs/test/auto/JavaScriptAbsentInputs.xml (RunModel)" time="6.087" />
  <testcase classname="ptolemy.util.test.junit.AutoTests" name="[35] /home/travis/build/icyphy/ptII/ptolemy/actor/lib/jjs/test/auto/JavaScriptAbsentInputsPersistent.xml (RunModel)" time="6.049" />
  <testcase classname="ptolemy.util.test.junit.AutoTests" name="[36] /home/travis/build/icyphy/ptII/ptolemy/actor/lib/jjs/test/auto/JavaScriptArray.xml (RunModel)" time="6.127" />
  <testcase classname="ptolemy.util.test.junit.AutoTests" name="[37] /home/travis/build/icyphy/ptII/ptolemy/actor/lib/jjs/test/auto/JavaScriptArray2.xml (RunModel)" time="6.086" />
  <testcase classname="ptolemy.util.test.junit.AutoTests" name="[38] /home/travis/build/icyphy/ptII/ptolemy/actor/lib/jjs/test/auto/JavaScriptBooleanToken.xml (RunModel)" time="6.146" />
  <testcase classname="ptolemy.util.test.junit.AutoTests" name="[39] /home/travis/build/icyphy/ptII/ptolemy/actor/lib/jjs/test/auto/JavaScriptBuildPtolemyModel.xml (RunModel)" time="6.574" />
  <testcase classname="ptolemy.util.test.junit.AutoTests" name="[40] /home/travis/build/icyphy/ptII/ptolemy/actor/lib/jjs/test/auto/JavaScriptBuildPtolemyModelAndSend.xml (RunModel)" time="5.964" />
  <testcase classname="ptolemy.util.test.junit.AutoTests" name="[41] /home/travis/build/icyphy/ptII/ptolemy/actor/lib/jjs/test/auto/JavaScriptBuildPtolemyModelAndSendAndReceive.xml (RunModel)" time="6.932" />
  <testcase classname="ptolemy.util.test.junit.AutoTests" name="[42] /home/travis/build/icyphy/ptII/ptolemy/actor/lib/jjs/test/auto/JavaScriptCount.xml (RunModel)" time="6.021" />
  <testcase classname="ptolemy.util.test.junit.AutoTests" name="[43] /home/travis/build/icyphy/ptII/ptolemy/actor/lib/jjs/test/auto/JavaScriptDoubleToken.xml (RunModel)" time="6.103" />
  <testcase classname="ptolemy.util.test.junit.AutoTests" name="[44] /home/travis/build/icyphy/ptII/ptolemy/actor/lib/jjs/test/auto/JavaScriptErrorOutput.xml (RunModel)" time="5.88" />
  <testcase classname="ptolemy.util.test.junit.AutoTests" name="[45] /home/travis/build/icyphy/ptII/ptolemy/actor/lib/jjs/test/auto/JavaScriptFactorial.xml (RunModel)" time="5.96" />
  <testcase classname="ptolemy.util.test.junit.AutoTests" name="[46] /home/travis/build/icyphy/ptII/ptolemy/actor/lib/jjs/test/auto/JavaScriptInputHandler1.xml (RunModel)" time="6.04" />
  <testcase classname="ptolemy.util.test.junit.AutoTests" name="[47] /home/travis/build/icyphy/ptII/ptolemy/actor/lib/jjs/test/auto/JavaScriptInputHandler2.xml (RunModel)" time="6.302" />
  <testcase classname="ptolemy.util.test.junit.AutoTests" name="[48] /home/travis/build/icyphy/ptII/ptolemy/actor/lib/jjs/test/auto/JavaScriptInputHandler3.xml (RunModel)" time="6.07" />
  <testcase classname="ptolemy.util.test.junit.AutoTests" name="[49] /home/travis/build/icyphy/ptII/ptolemy/actor/lib/jjs/test/auto/JavaScriptIntToken.xml (RunModel)" time="5.947" />
  <testcase classname="ptolemy.util.test.junit.AutoTests" name="[50] /home/travis/build/icyphy/ptII/ptolemy/actor/lib/jjs/test/auto/JavaScriptLongToken.xml (RunModel)" time="6.028" />
  <testcase classname="ptolemy.util.test.junit.AutoTests" name="[51] /home/travis/build/icyphy/ptII/ptolemy/actor/lib/jjs/test/auto/JavaScriptLongToken2.xml (RunModel)" time="7.386" />
  <testcase classname="ptolemy.util.test.junit.AutoTests" name="[52] /home/travis/build/icyphy/ptII/ptolemy/actor/lib/jjs/test/auto/JavaScriptReadParameter.xml (RunModel)" time="5.924" />
  <testcase classname="ptolemy.util.test.junit.AutoTests" name="[53] /home/travis/build/icyphy/ptII/ptolemy/actor/lib/jjs/test/auto/JavaScriptReceiveDate.xml (RunModel)" time="6.009" />
  <testcase classname="ptolemy.util.test.junit.AutoTests" name="[54] /home/travis/build/icyphy/ptII/ptolemy/actor/lib/jjs/test/auto/JavaScriptRecord.xml (RunModel)" time="6.212" />
  <testcase classname="ptolemy.util.test.junit.AutoTests" name="[55] /home/travis/build/icyphy/ptII/ptolemy/actor/lib/jjs/test/auto/JavaScriptRecordToken.xml (RunModel)" time="6.514" />
  <testcase classname="ptolemy.util.test.junit.AutoTests" name="[56] /home/travis/build/icyphy/ptII/ptolemy/actor/lib/jjs/test/auto/JavaScriptSendArray.xml (RunModel)" time="6.189" />
  <testcase classname="ptolemy.util.test.junit.AutoTests" name="[57] /home/travis/build/icyphy/ptII/ptolemy/actor/lib/jjs/test/auto/JavaScriptSendArray2.xml (RunModel)" time="5.941" />
  <testcase classname="ptolemy.util.test.junit.AutoTests" name="[58] /home/travis/build/icyphy/ptII/ptolemy/actor/lib/jjs/test/auto/JavaScriptSendBoolean.xml (RunModel)" time="5.999" />
  <testcase classname="ptolemy.util.test.junit.AutoTests" name="[59] /home/travis/build/icyphy/ptII/ptolemy/actor/lib/jjs/test/auto/JavaScriptSendDate.xml (RunModel)" time="6.699" />
  <testcase classname="ptolemy.util.test.junit.AutoTests" name="[60] /home/travis/build/icyphy/ptII/ptolemy/actor/lib/jjs/test/auto/JavaScriptSendDouble.xml (RunModel)" time="5.931" />
  <testcase classname="ptolemy.util.test.junit.AutoTests" name="[61] /home/travis/build/icyphy/ptII/ptolemy/actor/lib/jjs/test/auto/JavaScriptSendInt.xml (RunModel)" time="5.974" />
  <testcase classname="ptolemy.util.test.junit.AutoTests" name="[62] /home/travis/build/icyphy/ptII/ptolemy/actor/lib/jjs/test/auto/JavaScriptSendMatrix.xml (RunModel)" time="5.925" />
  <testcase classname="ptolemy.util.test.junit.AutoTests" name="[63] /home/travis/build/icyphy/ptII/ptolemy/actor/lib/jjs/test/auto/JavaScriptSendNativeArray.xml (RunModel)" time="7.342" />
  <testcase classname="ptolemy.util.test.junit.AutoTests" name="[64] /home/travis/build/icyphy/ptII/ptolemy/actor/lib/jjs/test/auto/JavaScriptSendNativeObject.xml (RunModel)" time="7.141" />
  <testcase classname="ptolemy.util.test.junit.AutoTests" name="[65] /home/travis/build/icyphy/ptII/ptolemy/actor/lib/jjs/test/auto/JavaScriptSendNull.xml (RunModel)" time="5.886" />
  <testcase classname="ptolemy.util.test.junit.AutoTests" name="[66] /home/travis/build/icyphy/ptII/ptolemy/actor/lib/jjs/test/auto/JavaScriptSendNullToInput.xml (RunModel)" time="8.322" />
  <testcase classname="ptolemy.util.test.junit.AutoTests" name="[67] /home/travis/build/icyphy/ptII/ptolemy/actor/lib/jjs/test/auto/JavaScriptSendRecord.xml (RunModel)" time="5.995" />
  <testcase classname="ptolemy.util.test.junit.AutoTests" name="[68] /home/travis/build/icyphy/ptII/ptolemy/actor/lib/jjs/test/auto/JavaScriptSendRecord2.xml (RunModel)" time="6.044" />
  <testcase classname="ptolemy.util.test.junit.AutoTests" name="[69] /home/travis/build/icyphy/ptII/ptolemy/actor/lib/jjs/test/auto/JavaScriptSendRecord3.xml (RunModel)" time="5.927" />
  <testcase classname="ptolemy.util.test.junit.AutoTests" name="[70] /home/travis/build/icyphy/ptII/ptolemy/actor/lib/jjs/test/auto/JavaScriptSendString.xml (RunModel)" time="6.074" />
  <testcase classname="ptolemy.util.test.junit.AutoTests" name="[71] /home/travis/build/icyphy/ptII/ptolemy/actor/lib/jjs/test/auto/JavaScriptSendToInput.xml (RunModel)" time="8.396" />
  <testcase classname="ptolemy.util.test.junit.AutoTests" name="[72] /home/travis/build/icyphy/ptII/ptolemy/actor/lib/jjs/test/auto/JavaScriptSetInterval.xml (RunModel)" time="6.531" />
  <testcase classname="ptolemy.util.test.junit.AutoTests" name="[73] /home/travis/build/icyphy/ptII/ptolemy/actor/lib/jjs/test/auto/JavaScriptSetInterval2.xml (RunModel)" time="6.397" />
  <testcase classname="ptolemy.util.test.junit.AutoTests" name="[74] /home/travis/build/icyphy/ptII/ptolemy/actor/lib/jjs/test/auto/JavaScriptSetTimeout.xml (RunModel)" time="6.135" />
  <testcase classname="ptolemy.util.test.junit.AutoTests" name="[75] /home/travis/build/icyphy/ptII/ptolemy/actor/lib/jjs/test/auto/JavaScriptStringToken.xml (RunModel)" time="6.301" />
  <testcase classname="ptolemy.util.test.junit.AutoTests" name="[76] /home/travis/build/icyphy/ptII/ptolemy/actor/lib/jjs/test/auto/JavaScriptTestAutoInputEtc.xml (RunModel)" time="7.95" />
  <testcase classname="ptolemy.util.test.junit.AutoTests" name="[77] /home/travis/build/icyphy/ptII/ptolemy/actor/lib/jjs/test/auto/JavaScriptThisActor.xml (RunModel)" time="6.162" />
  <testcase classname="ptolemy.util.test.junit.AutoTests" name="[78] /home/travis/build/icyphy/ptII/ptolemy/actor/lib/jjs/test/auto/JavaScriptTimeout.xml (RunModel)" time="6.484" />
  <testcase classname="ptolemy.util.test.junit.AutoTests" name="[79] /home/travis/build/icyphy/ptII/ptolemy/actor/lib/jjs/test/auto/JavaScriptWriteParameter.xml (RunModel)" time="6.384" />
  <testcase classname="ptolemy.util.test.junit.AutoTests" name="[80] /home/travis/build/icyphy/ptII/ptolemy/actor/lib/jjs/test/auto/RampDisplay.xml (RunModel)" time="15.098" />
  <testcase classname="ptolemy.util.test.junit.AutoTests" name="[81] /home/travis/build/icyphy/ptII/ptolemy/actor/lib/jjs/test/auto/SelfBuilder.xml (RunModel)" time="6.004" />
  <testcase classname="ptolemy.util.test.junit.AutoTests" name="[82] /home/travis/build/icyphy/ptII/ptolemy/actor/lib/jjs/test/auto/SelfBuilder10.xml (RunModel)" time="5.988" />
  <testcase classname="ptolemy.util.test.junit.AutoTests" name="[83] /home/travis/build/icyphy/ptII/ptolemy/actor/lib/jjs/test/auto/SelfBuilder2.xml (RunModel)" time="6.051" />
  <testcase classname="ptolemy.util.test.junit.AutoTests" name="[84] /home/travis/build/icyphy/ptII/ptolemy/actor/lib/jjs/test/auto/SelfBuilder3.xml (RunModel)" time="6.127" />
  <testcase classname="ptolemy.util.test.junit.AutoTests" name="[85] /home/travis/build/icyphy/ptII/ptolemy/actor/lib/jjs/test/auto/SelfBuilder4.xml (RunModel)" time="5.928" />
  <testcase classname="ptolemy.util.test.junit.AutoTests" name="[86] /home/travis/build/icyphy/ptII/ptolemy/actor/lib/jjs/test/auto/SelfBuilder5.xml (RunModel)" time="5.987" />
  <testcase classname="ptolemy.util.test.junit.AutoTests" name="[87] /home/travis/build/icyphy/ptII/ptolemy/actor/lib/jjs/test/auto/SelfBuilder6.xml (RunModel)" time="6.005" />
  <testcase classname="ptolemy.util.test.junit.AutoTests" name="[88] /home/travis/build/icyphy/ptII/ptolemy/actor/lib/jjs/test/auto/SelfBuilder7.xml (RunModel)" time="6.158" />
  <testcase classname="ptolemy.util.test.junit.AutoTests" name="[89] /home/travis/build/icyphy/ptII/ptolemy/actor/lib/jjs/test/auto/SelfBuilder8.xml (RunModel)" time="6.071" />
  <testcase classname="ptolemy.util.test.junit.AutoTests" name="[90] /home/travis/build/icyphy/ptII/ptolemy/actor/lib/jjs/test/auto/SelfBuilder9.xml (RunModel)" time="6.022" />
  <system-out><![CDATA[/home/travis/build/icyphy/ptII/ptolemy/actor/lib/jjs/test/NashornAccessorHostApplication.tcl
testDefs.tcl: setting time out to 9000 seconds at Tue Mar 05 13:28:13 UTC 2019


==== $PTII/ptolemy/actor/lib/jjs/test/NashornAccessorHostApplication.tcl: NashornAccessorHostApplication-0.0.1 No way to test the command line arguments
==== Contents of test case:

    list "Unfortunately, the Nashorn Host spawns a separate thread, so there"  "is no way to asyncronously wait to get the results back."  "This makes it difficult to test the command line argument processing."

==== Result was:
{Unfortunately, the Nashorn Host spawns a separate thread, so there} {is no way to asyncronously wait to get the results back.} {This makes it difficult to test the command line argument processing.}
---- KNOWN Failure, Result should have been:
1
---- NashornAccessorHostApplication-0.0.1 Failed, but this is a KNOWN failure
03/05/19 01:28:13
Failed: 0  Total Tests: 1  ((Passed: 0, Newly Passed: 0)  Known Failed: 1) /home/travis/build/icyphy/ptII/ptolemy/actor/lib/jjs/test
No auto/knownFailedTests/*.xml tests in /home/travis/build/icyphy/ptII/ptolemy/actor/lib/jjs/test
No auto/linux-amd64/*.xml tests in /home/travis/build/icyphy/ptII/ptolemy/actor/lib/jjs/test
AutoTests.java: About to close Vertx.
AutoTests.java: Vertx closed.

===========================================================================================
----------------- testing Tue Mar 05 13:28:13 UTC 2019 /home/travis/build/icyphy/ptII/ptolemy/actor/lib/jjs/test/auto/InputHandlers1.xml
----------------- Tue Mar 05 13:28:13 UTC 2019 About to sleep for 5.0 seconds before running or rerunning.  Test is: /home/travis/build/icyphy/ptII/ptolemy/actor/lib/jjs/test/auto/InputHandlers1.xml
Done sleeping
----------------- Instantiating /home/travis/build/icyphy/ptII/ptolemy/actor/lib/jjs/test/auto/InputHandlers1.xml
2097 ms. Memory: 204800K Free: 131089K (64%)
----------------- Invoking toplevel() on ptolemy.moml.MoMLSimpleApplication@2544a6d7
----------------- Done invoking toplevel() on ptolemy.moml.MoMLSimpleApplication@2544a6d7
reloadAllAccessors: .InputHandlers1

===========================================================================================
----------------- testing Tue Mar 05 13:28:24 UTC 2019 /home/travis/build/icyphy/ptII/ptolemy/actor/lib/jjs/test/auto/InputHandlers2.xml
----------------- Tue Mar 05 13:28:24 UTC 2019 About to sleep for 5.0 seconds before running or rerunning.  Test is: /home/travis/build/icyphy/ptII/ptolemy/actor/lib/jjs/test/auto/InputHandlers2.xml
Done sleeping
----------------- Instantiating /home/travis/build/icyphy/ptII/ptolemy/actor/lib/jjs/test/auto/InputHandlers2.xml
1309 ms. Memory: 275456K Free: 135670K (49%)
----------------- Invoking toplevel() on ptolemy.moml.MoMLSimpleApplication@2ff1f7ff
----------------- Done invoking toplevel() on ptolemy.moml.MoMLSimpleApplication@2ff1f7ff
reloadAllAccessors: .InputHandlers2

===========================================================================================
----------------- testing Tue Mar 05 13:28:31 UTC 2019 /home/travis/build/icyphy/ptII/ptolemy/actor/lib/jjs/test/auto/JSParameter1.xml
----------------- Tue Mar 05 13:28:31 UTC 2019 About to sleep for 5.0 seconds before running or rerunning.  Test is: /home/travis/build/icyphy/ptII/ptolemy/actor/lib/jjs/test/auto/JSParameter1.xml
Done sleeping
----------------- Instantiating /home/travis/build/icyphy/ptII/ptolemy/actor/lib/jjs/test/auto/JSParameter1.xml
1071 ms. Memory: 391680K Free: 296481K (76%)
----------------- Invoking toplevel() on ptolemy.moml.MoMLSimpleApplication@47a80fe9
----------------- Done invoking toplevel() on ptolemy.moml.MoMLSimpleApplication@47a80fe9
reloadAllAccessors: .JSParameter1

===========================================================================================
----------------- testing Tue Mar 05 13:28:38 UTC 2019 /home/travis/build/icyphy/ptII/ptolemy/actor/lib/jjs/test/auto/JSParameter2.xml
----------------- Tue Mar 05 13:28:38 UTC 2019 About to sleep for 5.0 seconds before running or rerunning.  Test is: /home/travis/build/icyphy/ptII/ptolemy/actor/lib/jjs/test/auto/JSParameter2.xml
Done sleeping
----------------- Instantiating /home/travis/build/icyphy/ptII/ptolemy/actor/lib/jjs/test/auto/JSParameter2.xml
1135 ms. Memory: 392704K Free: 249774K (64%)
----------------- Invoking toplevel() on ptolemy.moml.MoMLSimpleApplication@7c1e59d9
----------------- Done invoking toplevel() on ptolemy.moml.MoMLSimpleApplication@7c1e59d9
reloadAllAccessors: .JSParameter2

===========================================================================================
----------------- testing Tue Mar 05 13:28:45 UTC 2019 /home/travis/build/icyphy/ptII/ptolemy/actor/lib/jjs/test/auto/JSParameter3.xml
----------------- Tue Mar 05 13:28:45 UTC 2019 About to sleep for 5.0 seconds before running or rerunning.  Test is: /home/travis/build/icyphy/ptII/ptolemy/actor/lib/jjs/test/auto/JSParameter3.xml
Done sleeping
----------------- Instantiating /home/travis/build/icyphy/ptII/ptolemy/actor/lib/jjs/test/auto/JSParameter3.xml
1043 ms. Memory: 529408K Free: 338661K (64%)
----------------- Invoking toplevel() on ptolemy.moml.MoMLSimpleApplication@6c020cd1
----------------- Done invoking toplevel() on ptolemy.moml.MoMLSimpleApplication@6c020cd1
reloadAllAccessors: .JSParameter3

===========================================================================================
----------------- testing Tue Mar 05 13:28:52 UTC 2019 /home/travis/build/icyphy/ptII/ptolemy/actor/lib/jjs/test/auto/JSParameter4.xml
----------------- Tue Mar 05 13:28:52 UTC 2019 About to sleep for 5.0 seconds before running or rerunning.  Test is: /home/travis/build/icyphy/ptII/ptolemy/actor/lib/jjs/test/auto/JSParameter4.xml
Done sleeping
----------------- Instantiating /home/travis/build/icyphy/ptII/ptolemy/actor/lib/jjs/test/auto/JSParameter4.xml
1321 ms. Memory: 553984K Free: 530216K (96%)
----------------- Invoking toplevel() on ptolemy.moml.MoMLSimpleApplication@33c525b2
----------------- Done invoking toplevel() on ptolemy.moml.MoMLSimpleApplication@33c525b2
reloadAllAccessors: .JSParameter4

===========================================================================================
----------------- testing Tue Mar 05 13:28:59 UTC 2019 /home/travis/build/icyphy/ptII/ptolemy/actor/lib/jjs/test/auto/JSParameter5.xml
----------------- Tue Mar 05 13:28:59 UTC 2019 About to sleep for 5.0 seconds before running or rerunning.  Test is: /home/travis/build/icyphy/ptII/ptolemy/actor/lib/jjs/test/auto/JSParameter5.xml
Done sleeping
----------------- Instantiating /home/travis/build/icyphy/ptII/ptolemy/actor/lib/jjs/test/auto/JSParameter5.xml
888 ms. Memory: 553984K Free: 213034K (38%)
----------------- Invoking toplevel() on ptolemy.moml.MoMLSimpleApplication@15d180b
----------------- Done invoking toplevel() on ptolemy.moml.MoMLSimpleApplication@15d180b
reloadAllAccessors: .JSParameter5

===========================================================================================
----------------- testing Tue Mar 05 13:29:05 UTC 2019 /home/travis/build/icyphy/ptII/ptolemy/actor/lib/jjs/test/auto/JavaScript1.xml
----------------- Tue Mar 05 13:29:05 UTC 2019 About to sleep for 5.0 seconds before running or rerunning.  Test is: /home/travis/build/icyphy/ptII/ptolemy/actor/lib/jjs/test/auto/JavaScript1.xml
Done sleeping
----------------- Instantiating /home/travis/build/icyphy/ptII/ptolemy/actor/lib/jjs/test/auto/JavaScript1.xml
945 ms. Memory: 728576K Free: 466586K (64%)
----------------- Invoking toplevel() on ptolemy.moml.MoMLSimpleApplication@4b7f9128
----------------- Done invoking toplevel() on ptolemy.moml.MoMLSimpleApplication@4b7f9128
reloadAllAccessors: .JavaScript1

===========================================================================================
----------------- testing Tue Mar 05 13:29:12 UTC 2019 /home/travis/build/icyphy/ptII/ptolemy/actor/lib/jjs/test/auto/JavaScript10.xml
----------------- Tue Mar 05 13:29:12 UTC 2019 About to sleep for 5.0 seconds before running or rerunning.  Test is: /home/travis/build/icyphy/ptII/ptolemy/actor/lib/jjs/test/auto/JavaScript10.xml
Done sleeping
----------------- Instantiating /home/travis/build/icyphy/ptII/ptolemy/actor/lib/jjs/test/auto/JavaScript10.xml
908 ms. Memory: 728576K Free: 150609K (21%)
----------------- Invoking toplevel() on ptolemy.moml.MoMLSimpleApplication@58416d11
----------------- Done invoking toplevel() on ptolemy.moml.MoMLSimpleApplication@58416d11
reloadAllAccessors: .JavaScript10

===========================================================================================
----------------- testing Tue Mar 05 13:29:18 UTC 2019 /home/travis/build/icyphy/ptII/ptolemy/actor/lib/jjs/test/auto/JavaScript11.xml
----------------- Tue Mar 05 13:29:18 UTC 2019 About to sleep for 5.0 seconds before running or rerunning.  Test is: /home/travis/build/icyphy/ptII/ptolemy/actor/lib/jjs/test/auto/JavaScript11.xml
Done sleeping
----------------- Instantiating /home/travis/build/icyphy/ptII/ptolemy/actor/lib/jjs/test/auto/JavaScript11.xml
914 ms. Memory: 747008K Free: 411292K (55%)
----------------- Invoking toplevel() on ptolemy.moml.MoMLSimpleApplication@6447634c
----------------- Done invoking toplevel() on ptolemy.moml.MoMLSimpleApplication@6447634c
reloadAllAccessors: .JavaScript11

===========================================================================================
----------------- testing Tue Mar 05 13:29:25 UTC 2019 /home/travis/build/icyphy/ptII/ptolemy/actor/lib/jjs/test/auto/JavaScript12.xml
----------------- Tue Mar 05 13:29:25 UTC 2019 About to sleep for 5.0 seconds before running or rerunning.  Test is: /home/travis/build/icyphy/ptII/ptolemy/actor/lib/jjs/test/auto/JavaScript12.xml
Done sleeping
----------------- Instantiating /home/travis/build/icyphy/ptII/ptolemy/actor/lib/jjs/test/auto/JavaScript12.xml
0
1
2
3
4
5
6
7
8
9
6 ms. Memory: 747008K Free: 76602K (10%)
949 ms. Memory: 747008K Free: 73571K (10%)
----------------- Invoking toplevel() on ptolemy.moml.MoMLSimpleApplication@5637c908
----------------- Done invoking toplevel() on ptolemy.moml.MoMLSimpleApplication@5637c908
reloadAllAccessors: .JavaScript12

===========================================================================================
----------------- testing Tue Mar 05 13:29:31 UTC 2019 /home/travis/build/icyphy/ptII/ptolemy/actor/lib/jjs/test/auto/JavaScript13.xml
----------------- Tue Mar 05 13:29:31 UTC 2019 About to sleep for 5.0 seconds before running or rerunning.  Test is: /home/travis/build/icyphy/ptII/ptolemy/actor/lib/jjs/test/auto/JavaScript13.xml
Done sleeping
----------------- Instantiating /home/travis/build/icyphy/ptII/ptolemy/actor/lib/jjs/test/auto/JavaScript13.xml
0
1
2
3
4
5
6
7
8
9
4 ms. Memory: 936448K Free: 622575K (66%)
816 ms. Memory: 936448K Free: 617578K (66%)
----------------- Invoking toplevel() on ptolemy.moml.MoMLSimpleApplication@582d4da1
----------------- Done invoking toplevel() on ptolemy.moml.MoMLSimpleApplication@582d4da1
reloadAllAccessors: .JavaScript13

===========================================================================================
----------------- testing Tue Mar 05 13:29:38 UTC 2019 /home/travis/build/icyphy/ptII/ptolemy/actor/lib/jjs/test/auto/JavaScript14.xml
----------------- Tue Mar 05 13:29:38 UTC 2019 About to sleep for 5.0 seconds before running or rerunning.  Test is: /home/travis/build/icyphy/ptII/ptolemy/actor/lib/jjs/test/auto/JavaScript14.xml
Done sleeping
----------------- Instantiating /home/travis/build/icyphy/ptII/ptolemy/actor/lib/jjs/test/auto/JavaScript14.xml
814 ms. Memory: 936448K Free: 301762K (32%)
----------------- Invoking toplevel() on ptolemy.moml.MoMLSimpleApplication@72765884
----------------- Done invoking toplevel() on ptolemy.moml.MoMLSimpleApplication@72765884
reloadAllAccessors: .JavaScript14

===========================================================================================
----------------- testing Tue Mar 05 13:29:44 UTC 2019 /home/travis/build/icyphy/ptII/ptolemy/actor/lib/jjs/test/auto/JavaScript15.xml
----------------- Tue Mar 05 13:29:44 UTC 2019 About to sleep for 5.0 seconds before running or rerunning.  Test is: /home/travis/build/icyphy/ptII/ptolemy/actor/lib/jjs/test/auto/JavaScript15.xml
Done sleeping
----------------- Instantiating /home/travis/build/icyphy/ptII/ptolemy/actor/lib/jjs/test/auto/JavaScript15.xml
864 ms. Memory: 941056K Free: 689800K (73%)
----------------- Invoking toplevel() on ptolemy.moml.MoMLSimpleApplication@286d3121
----------------- Done invoking toplevel() on ptolemy.moml.MoMLSimpleApplication@286d3121
reloadAllAccessors: .JavaScript15

===========================================================================================
----------------- testing Tue Mar 05 13:29:51 UTC 2019 /home/travis/build/icyphy/ptII/ptolemy/actor/lib/jjs/test/auto/JavaScript16.xml
----------------- Tue Mar 05 13:29:51 UTC 2019 About to sleep for 5.0 seconds before running or rerunning.  Test is: /home/travis/build/icyphy/ptII/ptolemy/actor/lib/jjs/test/auto/JavaScript16.xml
Done sleeping
----------------- Instantiating /home/travis/build/icyphy/ptII/ptolemy/actor/lib/jjs/test/auto/JavaScript16.xml
789 ms. Memory: 941056K Free: 370734K (39%)
----------------- Invoking toplevel() on ptolemy.moml.MoMLSimpleApplication@6782a970
----------------- Done invoking toplevel() on ptolemy.moml.MoMLSimpleApplication@6782a970
reloadAllAccessors: .JavaScript16

===========================================================================================
----------------- testing Tue Mar 05 13:29:57 UTC 2019 /home/travis/build/icyphy/ptII/ptolemy/actor/lib/jjs/test/auto/JavaScript17.xml
----------------- Tue Mar 05 13:29:57 UTC 2019 About to sleep for 5.0 seconds before running or rerunning.  Test is: /home/travis/build/icyphy/ptII/ptolemy/actor/lib/jjs/test/auto/JavaScript17.xml
Done sleeping
----------------- Instantiating /home/travis/build/icyphy/ptII/ptolemy/actor/lib/jjs/test/auto/JavaScript17.xml
922 ms. Memory: 1136640K Free: 943813K (83%)
----------------- Invoking toplevel() on ptolemy.moml.MoMLSimpleApplication@772ba174
----------------- Done invoking toplevel() on ptolemy.moml.MoMLSimpleApplication@772ba174
reloadAllAccessors: .JavaScript17

===========================================================================================
----------------- testing Tue Mar 05 13:30:03 UTC 2019 /home/travis/build/icyphy/ptII/ptolemy/actor/lib/jjs/test/auto/JavaScript18.xml
----------------- Tue Mar 05 13:30:03 UTC 2019 About to sleep for 5.0 seconds before running or rerunning.  Test is: /home/travis/build/icyphy/ptII/ptolemy/actor/lib/jjs/test/auto/JavaScript18.xml
Done sleeping
----------------- Instantiating /home/travis/build/icyphy/ptII/ptolemy/actor/lib/jjs/test/auto/JavaScript18.xml
715 ms. Memory: 1136640K Free: 623428K (55%)
----------------- Invoking toplevel() on ptolemy.moml.MoMLSimpleApplication@643ab248
----------------- Done invoking toplevel() on ptolemy.moml.MoMLSimpleApplication@643ab248
reloadAllAccessors: .JavaScript18

===========================================================================================
----------------- testing Tue Mar 05 13:30:09 UTC 2019 /home/travis/build/icyphy/ptII/ptolemy/actor/lib/jjs/test/auto/JavaScript19.xml
----------------- Tue Mar 05 13:30:09 UTC 2019 About to sleep for 5.0 seconds before running or rerunning.  Test is: /home/travis/build/icyphy/ptII/ptolemy/actor/lib/jjs/test/auto/JavaScript19.xml
Done sleeping
----------------- Instantiating /home/travis/build/icyphy/ptII/ptolemy/actor/lib/jjs/test/auto/JavaScript19.xml
643 ms. Memory: 1136640K Free: 311059K (27%)
----------------- Invoking toplevel() on ptolemy.moml.MoMLSimpleApplication@2ab1fa6e
----------------- Done invoking toplevel() on ptolemy.moml.MoMLSimpleApplication@2ab1fa6e
reloadAllAccessors: .JavaScript19

===========================================================================================
----------------- testing Tue Mar 05 13:30:15 UTC 2019 /home/travis/build/icyphy/ptII/ptolemy/actor/lib/jjs/test/auto/JavaScript2.xml
----------------- Tue Mar 05 13:30:15 UTC 2019 About to sleep for 5.0 seconds before running or rerunning.  Test is: /home/travis/build/icyphy/ptII/ptolemy/actor/lib/jjs/test/auto/JavaScript2.xml
Done sleeping
----------------- Instantiating /home/travis/build/icyphy/ptII/ptolemy/actor/lib/jjs/test/auto/JavaScript2.xml
901 ms. Memory: 1179136K Free: 1073833K (91%)
----------------- Invoking toplevel() on ptolemy.moml.MoMLSimpleApplication@187b82ae
----------------- Done invoking toplevel() on ptolemy.moml.MoMLSimpleApplication@187b82ae
reloadAllAccessors: .JavaScript2

===========================================================================================
----------------- testing Tue Mar 05 13:30:22 UTC 2019 /home/travis/build/icyphy/ptII/ptolemy/actor/lib/jjs/test/auto/JavaScript20.xml
----------------- Tue Mar 05 13:30:22 UTC 2019 About to sleep for 5.0 seconds before running or rerunning.  Test is: /home/travis/build/icyphy/ptII/ptolemy/actor/lib/jjs/test/auto/JavaScript20.xml
Done sleeping
----------------- Instantiating /home/travis/build/icyphy/ptII/ptolemy/actor/lib/jjs/test/auto/JavaScript20.xml
779 ms. Memory: 1179136K Free: 763391K (65%)
----------------- Invoking toplevel() on ptolemy.moml.MoMLSimpleApplication@261a0dad
----------------- Done invoking toplevel() on ptolemy.moml.MoMLSimpleApplication@261a0dad
reloadAllAccessors: .JavaScript20

===========================================================================================
----------------- testing Tue Mar 05 13:30:28 UTC 2019 /home/travis/build/icyphy/ptII/ptolemy/actor/lib/jjs/test/auto/JavaScript21.xml
----------------- Tue Mar 05 13:30:28 UTC 2019 About to sleep for 5.0 seconds before running or rerunning.  Test is: /home/travis/build/icyphy/ptII/ptolemy/actor/lib/jjs/test/auto/JavaScript21.xml
Done sleeping
----------------- Instantiating /home/travis/build/icyphy/ptII/ptolemy/actor/lib/jjs/test/auto/JavaScript21.xml
714 ms. Memory: 1179136K Free: 450983K (38%)
----------------- Invoking toplevel() on ptolemy.moml.MoMLSimpleApplication@fd99b3c
----------------- Done invoking toplevel() on ptolemy.moml.MoMLSimpleApplication@fd99b3c
reloadAllAccessors: .JavaScript21

===========================================================================================
----------------- testing Tue Mar 05 13:30:34 UTC 2019 /home/travis/build/icyphy/ptII/ptolemy/actor/lib/jjs/test/auto/JavaScript22.xml
----------------- Tue Mar 05 13:30:34 UTC 2019 About to sleep for 5.0 seconds before running or rerunning.  Test is: /home/travis/build/icyphy/ptII/ptolemy/actor/lib/jjs/test/auto/JavaScript22.xml
Done sleeping
----------------- Instantiating /home/travis/build/icyphy/ptII/ptolemy/actor/lib/jjs/test/auto/JavaScript22.xml
738 ms. Memory: 1423872K Free: 1258188K (88%)
----------------- Invoking toplevel() on ptolemy.moml.MoMLSimpleApplication@319e2cf6
----------------- Done invoking toplevel() on ptolemy.moml.MoMLSimpleApplication@319e2cf6
reloadAllAccessors: .JavaScript22

===========================================================================================
----------------- testing Tue Mar 05 13:30:40 UTC 2019 /home/travis/build/icyphy/ptII/ptolemy/actor/lib/jjs/test/auto/JavaScript23.xml
----------------- Tue Mar 05 13:30:40 UTC 2019 About to sleep for 5.0 seconds before running or rerunning.  Test is: /home/travis/build/icyphy/ptII/ptolemy/actor/lib/jjs/test/auto/JavaScript23.xml
Done sleeping
----------------- Instantiating /home/travis/build/icyphy/ptII/ptolemy/actor/lib/jjs/test/auto/JavaScript23.xml
752 ms. Memory: 1423872K Free: 942070K (66%)
----------------- Invoking toplevel() on ptolemy.moml.MoMLSimpleApplication@130e7e77
----------------- Done invoking toplevel() on ptolemy.moml.MoMLSimpleApplication@130e7e77
reloadAllAccessors: .JavaScript23

===========================================================================================
----------------- testing Tue Mar 05 13:30:46 UTC 2019 /home/travis/build/icyphy/ptII/ptolemy/actor/lib/jjs/test/auto/JavaScript24.xml
----------------- Tue Mar 05 13:30:46 UTC 2019 About to sleep for 5.0 seconds before running or rerunning.  Test is: /home/travis/build/icyphy/ptII/ptolemy/actor/lib/jjs/test/auto/JavaScript24.xml
Done sleeping
----------------- Instantiating /home/travis/build/icyphy/ptII/ptolemy/actor/lib/jjs/test/auto/JavaScript24.xml
728 ms. Memory: 1423872K Free: 630289K (44%)
----------------- Invoking toplevel() on ptolemy.moml.MoMLSimpleApplication@1dea6aac
----------------- Done invoking toplevel() on ptolemy.moml.MoMLSimpleApplication@1dea6aac
reloadAllAccessors: .JavaScript24

===========================================================================================
----------------- testing Tue Mar 05 13:30:52 UTC 2019 /home/travis/build/icyphy/ptII/ptolemy/actor/lib/jjs/test/auto/JavaScript25.xml
----------------- Tue Mar 05 13:30:52 UTC 2019 About to sleep for 5.0 seconds before running or rerunning.  Test is: /home/travis/build/icyphy/ptII/ptolemy/actor/lib/jjs/test/auto/JavaScript25.xml
Done sleeping
----------------- Instantiating /home/travis/build/icyphy/ptII/ptolemy/actor/lib/jjs/test/auto/JavaScript25.xml
690 ms. Memory: 1423872K Free: 318512K (22%)
----------------- Invoking toplevel() on ptolemy.moml.MoMLSimpleApplication@253c4953
----------------- Done invoking toplevel() on ptolemy.moml.MoMLSimpleApplication@253c4953
reloadAllAccessors: .JavaScript25

===========================================================================================
----------------- testing Tue Mar 05 13:30:58 UTC 2019 /home/travis/build/icyphy/ptII/ptolemy/actor/lib/jjs/test/auto/JavaScript26.xml
----------------- Tue Mar 05 13:30:58 UTC 2019 About to sleep for 5.0 seconds before running or rerunning.  Test is: /home/travis/build/icyphy/ptII/ptolemy/actor/lib/jjs/test/auto/JavaScript26.xml
Done sleeping
----------------- Instantiating /home/travis/build/icyphy/ptII/ptolemy/actor/lib/jjs/test/auto/JavaScript26.xml
977 ms. Memory: 1451520K Free: 1282117K (88%)
----------------- Invoking toplevel() on ptolemy.moml.MoMLSimpleApplication@d09735a
----------------- Done invoking toplevel() on ptolemy.moml.MoMLSimpleApplication@d09735a
reloadAllAccessors: .JavaScript26

===========================================================================================
----------------- testing Tue Mar 05 13:31:05 UTC 2019 /home/travis/build/icyphy/ptII/ptolemy/actor/lib/jjs/test/auto/JavaScript27.xml
----------------- Tue Mar 05 13:31:05 UTC 2019 About to sleep for 5.0 seconds before running or rerunning.  Test is: /home/travis/build/icyphy/ptII/ptolemy/actor/lib/jjs/test/auto/JavaScript27.xml
Done sleeping
----------------- Instantiating /home/travis/build/icyphy/ptII/ptolemy/actor/lib/jjs/test/auto/JavaScript27.xml
684 ms. Memory: 1451520K Free: 965940K (67%)
----------------- Invoking toplevel() on ptolemy.moml.MoMLSimpleApplication@263ae312
----------------- Done invoking toplevel() on ptolemy.moml.MoMLSimpleApplication@263ae312
reloadAllAccessors: .JavaScript27

===========================================================================================
----------------- testing Tue Mar 05 13:31:11 UTC 2019 /home/travis/build/icyphy/ptII/ptolemy/actor/lib/jjs/test/auto/JavaScript3.xml
----------------- Tue Mar 05 13:31:11 UTC 2019 About to sleep for 5.0 seconds before running or rerunning.  Test is: /home/travis/build/icyphy/ptII/ptolemy/actor/lib/jjs/test/auto/JavaScript3.xml
Done sleeping
----------------- Instantiating /home/travis/build/icyphy/ptII/ptolemy/actor/lib/jjs/test/auto/JavaScript3.xml
1188 ms. Memory: 1451520K Free: 489693K (34%)
----------------- Invoking toplevel() on ptolemy.moml.MoMLSimpleApplication@3ba249c8
----------------- Done invoking toplevel() on ptolemy.moml.MoMLSimpleApplication@3ba249c8
reloadAllAccessors: .JavaScript3

===========================================================================================
----------------- testing Tue Mar 05 13:31:17 UTC 2019 /home/travis/build/icyphy/ptII/ptolemy/actor/lib/jjs/test/auto/JavaScript4.xml
----------------- Tue Mar 05 13:31:17 UTC 2019 About to sleep for 5.0 seconds before running or rerunning.  Test is: /home/travis/build/icyphy/ptII/ptolemy/actor/lib/jjs/test/auto/JavaScript4.xml
Done sleeping
----------------- Instantiating /home/travis/build/icyphy/ptII/ptolemy/actor/lib/jjs/test/auto/JavaScript4.xml
1200 ms. Memory: 1761792K Free: 1428601K (81%)
----------------- Invoking toplevel() on ptolemy.moml.MoMLSimpleApplication@65415391
----------------- Done invoking toplevel() on ptolemy.moml.MoMLSimpleApplication@65415391
reloadAllAccessors: .JavaScript4

===========================================================================================
----------------- testing Tue Mar 05 13:31:24 UTC 2019 /home/travis/build/icyphy/ptII/ptolemy/actor/lib/jjs/test/auto/JavaScript5.xml
----------------- Tue Mar 05 13:31:24 UTC 2019 About to sleep for 5.0 seconds before running or rerunning.  Test is: /home/travis/build/icyphy/ptII/ptolemy/actor/lib/jjs/test/auto/JavaScript5.xml
Done sleeping
----------------- Instantiating /home/travis/build/icyphy/ptII/ptolemy/actor/lib/jjs/test/auto/JavaScript5.xml
758 ms. Memory: 1761792K Free: 1106250K (63%)
----------------- Invoking toplevel() on ptolemy.moml.MoMLSimpleApplication@33e89d0c
----------------- Done invoking toplevel() on ptolemy.moml.MoMLSimpleApplication@33e89d0c
reloadAllAccessors: .JavaScript5

===========================================================================================
----------------- testing Tue Mar 05 13:31:30 UTC 2019 /home/travis/build/icyphy/ptII/ptolemy/actor/lib/jjs/test/auto/JavaScript6.xml
----------------- Tue Mar 05 13:31:30 UTC 2019 About to sleep for 5.0 seconds before running or rerunning.  Test is: /home/travis/build/icyphy/ptII/ptolemy/actor/lib/jjs/test/auto/JavaScript6.xml
Done sleeping
----------------- Instantiating /home/travis/build/icyphy/ptII/ptolemy/actor/lib/jjs/test/auto/JavaScript6.xml
1229 ms. Memory: 1761792K Free: 471524K (27%)
----------------- Invoking toplevel() on ptolemy.moml.MoMLSimpleApplication@7bd75a15
----------------- Done invoking toplevel() on ptolemy.moml.MoMLSimpleApplication@7bd75a15
reloadAllAccessors: .JavaScript6

===========================================================================================
----------------- testing Tue Mar 05 13:31:37 UTC 2019 /home/travis/build/icyphy/ptII/ptolemy/actor/lib/jjs/test/auto/JavaScript7.xml
----------------- Tue Mar 05 13:31:37 UTC 2019 About to sleep for 5.0 seconds before running or rerunning.  Test is: /home/travis/build/icyphy/ptII/ptolemy/actor/lib/jjs/test/auto/JavaScript7.xml
Done sleeping
----------------- Instantiating /home/travis/build/icyphy/ptII/ptolemy/actor/lib/jjs/test/auto/JavaScript7.xml
1651 ms. Memory: 1792000K Free: 1421257K (79%)
----------------- Invoking toplevel() on ptolemy.moml.MoMLSimpleApplication@28a788b7
----------------- Done invoking toplevel() on ptolemy.moml.MoMLSimpleApplication@28a788b7
reloadAllAccessors: .JavaScript7

===========================================================================================
----------------- testing Tue Mar 05 13:31:45 UTC 2019 /home/travis/build/icyphy/ptII/ptolemy/actor/lib/jjs/test/auto/JavaScript8.xml
----------------- Tue Mar 05 13:31:45 UTC 2019 About to sleep for 5.0 seconds before running or rerunning.  Test is: /home/travis/build/icyphy/ptII/ptolemy/actor/lib/jjs/test/auto/JavaScript8.xml
Done sleeping
----------------- Instantiating /home/travis/build/icyphy/ptII/ptolemy/actor/lib/jjs/test/auto/JavaScript8.xml
581 ms. Memory: 1792000K Free: 1104074K (62%)
----------------- Invoking toplevel() on ptolemy.moml.MoMLSimpleApplication@5595b688
----------------- Done invoking toplevel() on ptolemy.moml.MoMLSimpleApplication@5595b688
reloadAllAccessors: .JavaScript8

===========================================================================================
----------------- testing Tue Mar 05 13:31:51 UTC 2019 /home/travis/build/icyphy/ptII/ptolemy/actor/lib/jjs/test/auto/JavaScript9.xml
----------------- Tue Mar 05 13:31:51 UTC 2019 About to sleep for 5.0 seconds before running or rerunning.  Test is: /home/travis/build/icyphy/ptII/ptolemy/actor/lib/jjs/test/auto/JavaScript9.xml
Done sleeping
----------------- Instantiating /home/travis/build/icyphy/ptII/ptolemy/actor/lib/jjs/test/auto/JavaScript9.xml
674 ms. Memory: 1792000K Free: 785159K (44%)
----------------- Invoking toplevel() on ptolemy.moml.MoMLSimpleApplication@6ca82b7a
----------------- Done invoking toplevel() on ptolemy.moml.MoMLSimpleApplication@6ca82b7a
reloadAllAccessors: .JavaScript9

===========================================================================================
----------------- testing Tue Mar 05 13:31:57 UTC 2019 /home/travis/build/icyphy/ptII/ptolemy/actor/lib/jjs/test/auto/JavaScriptAbsentInputs.xml
----------------- Tue Mar 05 13:31:57 UTC 2019 About to sleep for 5.0 seconds before running or rerunning.  Test is: /home/travis/build/icyphy/ptII/ptolemy/actor/lib/jjs/test/auto/JavaScriptAbsentInputs.xml
Done sleeping
----------------- Instantiating /home/travis/build/icyphy/ptII/ptolemy/actor/lib/jjs/test/auto/JavaScriptAbsentInputs.xml
695 ms. Memory: 1792000K Free: 465768K (26%)
----------------- Invoking toplevel() on ptolemy.moml.MoMLSimpleApplication@39291e3d
----------------- Done invoking toplevel() on ptolemy.moml.MoMLSimpleApplication@39291e3d
reloadAllAccessors: .JavaScriptAbsentInputs

===========================================================================================
----------------- testing Tue Mar 05 13:32:03 UTC 2019 /home/travis/build/icyphy/ptII/ptolemy/actor/lib/jjs/test/auto/JavaScriptAbsentInputsPersistent.xml
----------------- Tue Mar 05 13:32:03 UTC 2019 About to sleep for 5.0 seconds before running or rerunning.  Test is: /home/travis/build/icyphy/ptII/ptolemy/actor/lib/jjs/test/auto/JavaScriptAbsentInputsPersistent.xml
Done sleeping
----------------- Instantiating /home/travis/build/icyphy/ptII/ptolemy/actor/lib/jjs/test/auto/JavaScriptAbsentInputsPersistent.xml
704 ms. Memory: 1753088K Free: 1477008K (84%)
----------------- Invoking toplevel() on ptolemy.moml.MoMLSimpleApplication@6fb5d327
----------------- Done invoking toplevel() on ptolemy.moml.MoMLSimpleApplication@6fb5d327
reloadAllAccessors: .JavaScriptAbsentInputsPersistent

===========================================================================================
----------------- testing Tue Mar 05 13:32:09 UTC 2019 /home/travis/build/icyphy/ptII/ptolemy/actor/lib/jjs/test/auto/JavaScriptArray.xml
----------------- Tue Mar 05 13:32:09 UTC 2019 About to sleep for 5.0 seconds before running or rerunning.  Test is: /home/travis/build/icyphy/ptII/ptolemy/actor/lib/jjs/test/auto/JavaScriptArray.xml
Done sleeping
----------------- Instantiating /home/travis/build/icyphy/ptII/ptolemy/actor/lib/jjs/test/auto/JavaScriptArray.xml
724 ms. Memory: 1753088K Free: 1150926K (66%)
----------------- Invoking toplevel() on ptolemy.moml.MoMLSimpleApplication@6642b431
----------------- Done invoking toplevel() on ptolemy.moml.MoMLSimpleApplication@6642b431
reloadAllAccessors: .JavaScriptArray

===========================================================================================
----------------- testing Tue Mar 05 13:32:15 UTC 2019 /home/travis/build/icyphy/ptII/ptolemy/actor/lib/jjs/test/auto/JavaScriptArray2.xml
----------------- Tue Mar 05 13:32:15 UTC 2019 About to sleep for 5.0 seconds before running or rerunning.  Test is: /home/travis/build/icyphy/ptII/ptolemy/actor/lib/jjs/test/auto/JavaScriptArray2.xml
Done sleeping
----------------- Instantiating /home/travis/build/icyphy/ptII/ptolemy/actor/lib/jjs/test/auto/JavaScriptArray2.xml
684 ms. Memory: 1753088K Free: 829539K (47%)
----------------- Invoking toplevel() on ptolemy.moml.MoMLSimpleApplication@3ff97cb9
----------------- Done invoking toplevel() on ptolemy.moml.MoMLSimpleApplication@3ff97cb9
reloadAllAccessors: .JavaScriptArray2

===========================================================================================
----------------- testing Tue Mar 05 13:32:21 UTC 2019 /home/travis/build/icyphy/ptII/ptolemy/actor/lib/jjs/test/auto/JavaScriptBooleanToken.xml
----------------- Tue Mar 05 13:32:21 UTC 2019 About to sleep for 5.0 seconds before running or rerunning.  Test is: /home/travis/build/icyphy/ptII/ptolemy/actor/lib/jjs/test/auto/JavaScriptBooleanToken.xml
Done sleeping
----------------- Instantiating /home/travis/build/icyphy/ptII/ptolemy/actor/lib/jjs/test/auto/JavaScriptBooleanToken.xml
734 ms. Memory: 1753088K Free: 508356K (29%)
----------------- Invoking toplevel() on ptolemy.moml.MoMLSimpleApplication@65abc17b
----------------- Done invoking toplevel() on ptolemy.moml.MoMLSimpleApplication@65abc17b
reloadAllAccessors: .JavaScriptBooleanToken

===========================================================================================
----------------- testing Tue Mar 05 13:32:27 UTC 2019 /home/travis/build/icyphy/ptII/ptolemy/actor/lib/jjs/test/auto/JavaScriptBuildPtolemyModel.xml
----------------- Tue Mar 05 13:32:27 UTC 2019 About to sleep for 5.0 seconds before running or rerunning.  Test is: /home/travis/build/icyphy/ptII/ptolemy/actor/lib/jjs/test/auto/JavaScriptBuildPtolemyModel.xml
Done sleeping
----------------- Instantiating /home/travis/build/icyphy/ptII/ptolemy/actor/lib/jjs/test/auto/JavaScriptBuildPtolemyModel.xml
0
1
2
3
4
5
6
7
8
9
4 ms. Memory: 1760256K Free: 1736621K (99%)
1114 ms. Memory: 1760256K Free: 1731214K (98%)
----------------- Invoking toplevel() on ptolemy.moml.MoMLSimpleApplication@b9d0761
----------------- Done invoking toplevel() on ptolemy.moml.MoMLSimpleApplication@b9d0761
reloadAllAccessors: .JavaScriptBuildPtolemyModel

===========================================================================================
----------------- testing Tue Mar 05 13:32:34 UTC 2019 /home/travis/build/icyphy/ptII/ptolemy/actor/lib/jjs/test/auto/JavaScriptBuildPtolemyModelAndSend.xml
----------------- Tue Mar 05 13:32:34 UTC 2019 About to sleep for 5.0 seconds before running or rerunning.  Test is: /home/travis/build/icyphy/ptII/ptolemy/actor/lib/jjs/test/auto/JavaScriptBuildPtolemyModelAndSend.xml
Done sleeping
----------------- Instantiating /home/travis/build/icyphy/ptII/ptolemy/actor/lib/jjs/test/auto/JavaScriptBuildPtolemyModelAndSend.xml
593 ms. Memory: 1760256K Free: 1405694K (80%)
----------------- Invoking toplevel() on ptolemy.moml.MoMLSimpleApplication@12e6d17
----------------- Done invoking toplevel() on ptolemy.moml.MoMLSimpleApplication@12e6d17
reloadAllAccessors: .JavaScriptBuildPtolemyModelAndSend

===========================================================================================
----------------- testing Tue Mar 05 13:32:40 UTC 2019 /home/travis/build/icyphy/ptII/ptolemy/actor/lib/jjs/test/auto/JavaScriptBuildPtolemyModelAndSendAndReceive.xml
----------------- Tue Mar 05 13:32:40 UTC 2019 About to sleep for 5.0 seconds before running or rerunning.  Test is: /home/travis/build/icyphy/ptII/ptolemy/actor/lib/jjs/test/auto/JavaScriptBuildPtolemyModelAndSendAndReceive.xml
Done sleeping
----------------- Instantiating /home/travis/build/icyphy/ptII/ptolemy/actor/lib/jjs/test/auto/JavaScriptBuildPtolemyModelAndSendAndReceive.xml
0
1
2
3
4
5
6
7
8
9
2 ms. Memory: 1760256K Free: 786554K (45%)
1263 ms. Memory: 1760256K Free: 786554K (45%)
----------------- Invoking toplevel() on ptolemy.moml.MoMLSimpleApplication@e135429
----------------- Done invoking toplevel() on ptolemy.moml.MoMLSimpleApplication@e135429
reloadAllAccessors: .JavaScriptBuildPtolemyModelAndSendAndReceive

===========================================================================================
----------------- testing Tue Mar 05 13:32:47 UTC 2019 /home/travis/build/icyphy/ptII/ptolemy/actor/lib/jjs/test/auto/JavaScriptCount.xml
----------------- Tue Mar 05 13:32:47 UTC 2019 About to sleep for 5.0 seconds before running or rerunning.  Test is: /home/travis/build/icyphy/ptII/ptolemy/actor/lib/jjs/test/auto/JavaScriptCount.xml
Done sleeping
----------------- Instantiating /home/travis/build/icyphy/ptII/ptolemy/actor/lib/jjs/test/auto/JavaScriptCount.xml
605 ms. Memory: 1760256K Free: 479923K (27%)
----------------- Invoking toplevel() on ptolemy.moml.MoMLSimpleApplication@25a71bf0
----------------- Done invoking toplevel() on ptolemy.moml.MoMLSimpleApplication@25a71bf0
reloadAllAccessors: .JavaScriptCount

===========================================================================================
----------------- testing Tue Mar 05 13:32:53 UTC 2019 /home/travis/build/icyphy/ptII/ptolemy/actor/lib/jjs/test/auto/JavaScriptDoubleToken.xml
----------------- Tue Mar 05 13:32:53 UTC 2019 About to sleep for 5.0 seconds before running or rerunning.  Test is: /home/travis/build/icyphy/ptII/ptolemy/actor/lib/jjs/test/auto/JavaScriptDoubleToken.xml
Done sleeping
----------------- Instantiating /home/travis/build/icyphy/ptII/ptolemy/actor/lib/jjs/test/auto/JavaScriptDoubleToken.xml
732 ms. Memory: 1780736K Free: 1497856K (84%)
----------------- Invoking toplevel() on ptolemy.moml.MoMLSimpleApplication@2d2182c6
----------------- Done invoking toplevel() on ptolemy.moml.MoMLSimpleApplication@2d2182c6
reloadAllAccessors: .JavaScriptDoubleToken

===========================================================================================
----------------- testing Tue Mar 05 13:32:59 UTC 2019 /home/travis/build/icyphy/ptII/ptolemy/actor/lib/jjs/test/auto/JavaScriptErrorOutput.xml
----------------- Tue Mar 05 13:32:59 UTC 2019 About to sleep for 5.0 seconds before running or rerunning.  Test is: /home/travis/build/icyphy/ptII/ptolemy/actor/lib/jjs/test/auto/JavaScriptErrorOutput.xml
Done sleeping
----------------- Instantiating /home/travis/build/icyphy/ptII/ptolemy/actor/lib/jjs/test/auto/JavaScriptErrorOutput.xml
548 ms. Memory: 1780736K Free: 1191669K (67%)
----------------- Invoking toplevel() on ptolemy.moml.MoMLSimpleApplication@539b3844
----------------- Done invoking toplevel() on ptolemy.moml.MoMLSimpleApplication@539b3844
reloadAllAccessors: .JavaScriptErrorOutput

===========================================================================================
----------------- testing Tue Mar 05 13:33:05 UTC 2019 /home/travis/build/icyphy/ptII/ptolemy/actor/lib/jjs/test/auto/JavaScriptFactorial.xml
----------------- Tue Mar 05 13:33:05 UTC 2019 About to sleep for 5.0 seconds before running or rerunning.  Test is: /home/travis/build/icyphy/ptII/ptolemy/actor/lib/jjs/test/auto/JavaScriptFactorial.xml
Done sleeping
----------------- Instantiating /home/travis/build/icyphy/ptII/ptolemy/actor/lib/jjs/test/auto/JavaScriptFactorial.xml
608 ms. Memory: 1780736K Free: 869470K (49%)
----------------- Invoking toplevel() on ptolemy.moml.MoMLSimpleApplication@441927b3
----------------- Done invoking toplevel() on ptolemy.moml.MoMLSimpleApplication@441927b3
reloadAllAccessors: .JavaScriptFactorial

===========================================================================================
----------------- testing Tue Mar 05 13:33:11 UTC 2019 /home/travis/build/icyphy/ptII/ptolemy/actor/lib/jjs/test/auto/JavaScriptInputHandler1.xml
----------------- Tue Mar 05 13:33:11 UTC 2019 About to sleep for 5.0 seconds before running or rerunning.  Test is: /home/travis/build/icyphy/ptII/ptolemy/actor/lib/jjs/test/auto/JavaScriptInputHandler1.xml
Done sleeping
----------------- Instantiating /home/travis/build/icyphy/ptII/ptolemy/actor/lib/jjs/test/auto/JavaScriptInputHandler1.xml
679 ms. Memory: 1780736K Free: 554277K (31%)
----------------- Invoking toplevel() on ptolemy.moml.MoMLSimpleApplication@4b370e73
----------------- Done invoking toplevel() on ptolemy.moml.MoMLSimpleApplication@4b370e73
reloadAllAccessors: .JavaScriptInputHandler1

===========================================================================================
----------------- testing Tue Mar 05 13:33:17 UTC 2019 /home/travis/build/icyphy/ptII/ptolemy/actor/lib/jjs/test/auto/JavaScriptInputHandler2.xml
----------------- Tue Mar 05 13:33:17 UTC 2019 About to sleep for 5.0 seconds before running or rerunning.  Test is: /home/travis/build/icyphy/ptII/ptolemy/actor/lib/jjs/test/auto/JavaScriptInputHandler2.xml
Done sleeping
----------------- Instantiating /home/travis/build/icyphy/ptII/ptolemy/actor/lib/jjs/test/auto/JavaScriptInputHandler2.xml
939 ms. Memory: 1756160K Free: 1701191K (97%)
----------------- Invoking toplevel() on ptolemy.moml.MoMLSimpleApplication@52954347
----------------- Done invoking toplevel() on ptolemy.moml.MoMLSimpleApplication@52954347
reloadAllAccessors: .JavaScriptInputHandler2

===========================================================================================
----------------- testing Tue Mar 05 13:33:23 UTC 2019 /home/travis/build/icyphy/ptII/ptolemy/actor/lib/jjs/test/auto/JavaScriptInputHandler3.xml
----------------- Tue Mar 05 13:33:23 UTC 2019 About to sleep for 5.0 seconds before running or rerunning.  Test is: /home/travis/build/icyphy/ptII/ptolemy/actor/lib/jjs/test/auto/JavaScriptInputHandler3.xml
Done sleeping
----------------- Instantiating /home/travis/build/icyphy/ptII/ptolemy/actor/lib/jjs/test/auto/JavaScriptInputHandler3.xml
642 ms. Memory: 1756160K Free: 1374384K (78%)
----------------- Invoking toplevel() on ptolemy.moml.MoMLSimpleApplication@7a862daa
----------------- Done invoking toplevel() on ptolemy.moml.MoMLSimpleApplication@7a862daa
reloadAllAccessors: .JavaScriptInputHandler3

===========================================================================================
----------------- testing Tue Mar 05 13:33:29 UTC 2019 /home/travis/build/icyphy/ptII/ptolemy/actor/lib/jjs/test/auto/JavaScriptIntToken.xml
----------------- Tue Mar 05 13:33:29 UTC 2019 About to sleep for 5.0 seconds before running or rerunning.  Test is: /home/travis/build/icyphy/ptII/ptolemy/actor/lib/jjs/test/auto/JavaScriptIntToken.xml
Done sleeping
----------------- Instantiating /home/travis/build/icyphy/ptII/ptolemy/actor/lib/jjs/test/auto/JavaScriptIntToken.xml
604 ms. Memory: 1756160K Free: 1058899K (60%)
----------------- Invoking toplevel() on ptolemy.moml.MoMLSimpleApplication@2082feea
----------------- Done invoking toplevel() on ptolemy.moml.MoMLSimpleApplication@2082feea
reloadAllAccessors: .JavaScriptIntToken

===========================================================================================
----------------- testing Tue Mar 05 13:33:35 UTC 2019 /home/travis/build/icyphy/ptII/ptolemy/actor/lib/jjs/test/auto/JavaScriptLongToken.xml
----------------- Tue Mar 05 13:33:35 UTC 2019 About to sleep for 5.0 seconds before running or rerunning.  Test is: /home/travis/build/icyphy/ptII/ptolemy/actor/lib/jjs/test/auto/JavaScriptLongToken.xml
Done sleeping
----------------- Instantiating /home/travis/build/icyphy/ptII/ptolemy/actor/lib/jjs/test/auto/JavaScriptLongToken.xml
635 ms. Memory: 1756160K Free: 743377K (42%)
----------------- Invoking toplevel() on ptolemy.moml.MoMLSimpleApplication@6c23cb58
----------------- Done invoking toplevel() on ptolemy.moml.MoMLSimpleApplication@6c23cb58
reloadAllAccessors: .JavaScriptLongToken

===========================================================================================
----------------- testing Tue Mar 05 13:33:41 UTC 2019 /home/travis/build/icyphy/ptII/ptolemy/actor/lib/jjs/test/auto/JavaScriptLongToken2.xml
----------------- Tue Mar 05 13:33:41 UTC 2019 About to sleep for 5.0 seconds before running or rerunning.  Test is: /home/travis/build/icyphy/ptII/ptolemy/actor/lib/jjs/test/auto/JavaScriptLongToken2.xml
Done sleeping
----------------- Instantiating /home/travis/build/icyphy/ptII/ptolemy/actor/lib/jjs/test/auto/JavaScriptLongToken2.xml
1666 ms. Memory: 1801216K Free: 1459447K (81%)
----------------- Invoking toplevel() on ptolemy.moml.MoMLSimpleApplication@56a94cbc
----------------- Done invoking toplevel() on ptolemy.moml.MoMLSimpleApplication@56a94cbc
reloadAllAccessors: .JavaScriptLongToken2

===========================================================================================
----------------- testing Tue Mar 05 13:33:48 UTC 2019 /home/travis/build/icyphy/ptII/ptolemy/actor/lib/jjs/test/auto/JavaScriptReadParameter.xml
----------------- Tue Mar 05 13:33:48 UTC 2019 About to sleep for 5.0 seconds before running or rerunning.  Test is: /home/travis/build/icyphy/ptII/ptolemy/actor/lib/jjs/test/auto/JavaScriptReadParameter.xml
Done sleeping
----------------- Instantiating /home/travis/build/icyphy/ptII/ptolemy/actor/lib/jjs/test/auto/JavaScriptReadParameter.xml
581 ms. Memory: 1801216K Free: 1133777K (63%)
----------------- Invoking toplevel() on ptolemy.moml.MoMLSimpleApplication@58a18860
----------------- Done invoking toplevel() on ptolemy.moml.MoMLSimpleApplication@58a18860
reloadAllAccessors: .JavaScriptReadParameter

===========================================================================================
----------------- testing Tue Mar 05 13:33:54 UTC 2019 /home/travis/build/icyphy/ptII/ptolemy/actor/lib/jjs/test/auto/JavaScriptReceiveDate.xml
----------------- Tue Mar 05 13:33:54 UTC 2019 About to sleep for 5.0 seconds before running or rerunning.  Test is: /home/travis/build/icyphy/ptII/ptolemy/actor/lib/jjs/test/auto/JavaScriptReceiveDate.xml
Done sleeping
----------------- Instantiating /home/travis/build/icyphy/ptII/ptolemy/actor/lib/jjs/test/auto/JavaScriptReceiveDate.xml
JavaScript: localFunctions.js: convertToToken(Tue Jan 01 1957 00:00:00 GMT+0000 (UTC), -410227200000, Tue Jan 01 1957 00:00:00 GMT+0000 (UTC) (Thread[JavaScriptReceiveDate,1,main])
625 ms. Memory: 1801216K Free: 814754K (45%)
----------------- Invoking toplevel() on ptolemy.moml.MoMLSimpleApplication@13d68fd2
----------------- Done invoking toplevel() on ptolemy.moml.MoMLSimpleApplication@13d68fd2
reloadAllAccessors: .JavaScriptReceiveDate

===========================================================================================
----------------- testing Tue Mar 05 13:34:00 UTC 2019 /home/travis/build/icyphy/ptII/ptolemy/actor/lib/jjs/test/auto/JavaScriptRecord.xml
----------------- Tue Mar 05 13:34:00 UTC 2019 About to sleep for 5.0 seconds before running or rerunning.  Test is: /home/travis/build/icyphy/ptII/ptolemy/actor/lib/jjs/test/auto/JavaScriptRecord.xml
Done sleeping
----------------- Instantiating /home/travis/build/icyphy/ptII/ptolemy/actor/lib/jjs/test/auto/JavaScriptRecord.xml
791 ms. Memory: 1801216K Free: 496164K (28%)
----------------- Invoking toplevel() on ptolemy.moml.MoMLSimpleApplication@6736b520
----------------- Done invoking toplevel() on ptolemy.moml.MoMLSimpleApplication@6736b520
reloadAllAccessors: .JavaScriptRecord

===========================================================================================
----------------- testing Tue Mar 05 13:34:07 UTC 2019 /home/travis/build/icyphy/ptII/ptolemy/actor/lib/jjs/test/auto/JavaScriptRecordToken.xml
----------------- Tue Mar 05 13:34:07 UTC 2019 About to sleep for 5.0 seconds before running or rerunning.  Test is: /home/travis/build/icyphy/ptII/ptolemy/actor/lib/jjs/test/auto/JavaScriptRecordToken.xml
Done sleeping
----------------- Instantiating /home/travis/build/icyphy/ptII/ptolemy/actor/lib/jjs/test/auto/JavaScriptRecordToken.xml
1083 ms. Memory: 1740288K Free: 1393337K (80%)
----------------- Invoking toplevel() on ptolemy.moml.MoMLSimpleApplication@19261399
----------------- Done invoking toplevel() on ptolemy.moml.MoMLSimpleApplication@19261399
reloadAllAccessors: .JavaScriptRecordToken

===========================================================================================
----------------- testing Tue Mar 05 13:34:13 UTC 2019 /home/travis/build/icyphy/ptII/ptolemy/actor/lib/jjs/test/auto/JavaScriptSendArray.xml
----------------- Tue Mar 05 13:34:13 UTC 2019 About to sleep for 5.0 seconds before running or rerunning.  Test is: /home/travis/build/icyphy/ptII/ptolemy/actor/lib/jjs/test/auto/JavaScriptSendArray.xml
Done sleeping
----------------- Instantiating /home/travis/build/icyphy/ptII/ptolemy/actor/lib/jjs/test/auto/JavaScriptSendArray.xml
762 ms. Memory: 1740288K Free: 1075993K (62%)
----------------- Invoking toplevel() on ptolemy.moml.MoMLSimpleApplication@7c5e43a9
----------------- Done invoking toplevel() on ptolemy.moml.MoMLSimpleApplication@7c5e43a9
reloadAllAccessors: .JavaScriptSendArray

===========================================================================================
----------------- testing Tue Mar 05 13:34:19 UTC 2019 /home/travis/build/icyphy/ptII/ptolemy/actor/lib/jjs/test/auto/JavaScriptSendArray2.xml
----------------- Tue Mar 05 13:34:19 UTC 2019 About to sleep for 5.0 seconds before running or rerunning.  Test is: /home/travis/build/icyphy/ptII/ptolemy/actor/lib/jjs/test/auto/JavaScriptSendArray2.xml
Done sleeping
----------------- Instantiating /home/travis/build/icyphy/ptII/ptolemy/actor/lib/jjs/test/auto/JavaScriptSendArray2.xml
598 ms. Memory: 1740288K Free: 763555K (44%)
----------------- Invoking toplevel() on ptolemy.moml.MoMLSimpleApplication@70736c54
----------------- Done invoking toplevel() on ptolemy.moml.MoMLSimpleApplication@70736c54
reloadAllAccessors: .JavaScriptSendArray2

===========================================================================================
----------------- testing Tue Mar 05 13:34:25 UTC 2019 /home/travis/build/icyphy/ptII/ptolemy/actor/lib/jjs/test/auto/JavaScriptSendBoolean.xml
----------------- Tue Mar 05 13:34:25 UTC 2019 About to sleep for 5.0 seconds before running or rerunning.  Test is: /home/travis/build/icyphy/ptII/ptolemy/actor/lib/jjs/test/auto/JavaScriptSendBoolean.xml
Done sleeping
----------------- Instantiating /home/travis/build/icyphy/ptII/ptolemy/actor/lib/jjs/test/auto/JavaScriptSendBoolean.xml
603 ms. Memory: 1740288K Free: 451053K (26%)
----------------- Invoking toplevel() on ptolemy.moml.MoMLSimpleApplication@5fc6b1f6
----------------- Done invoking toplevel() on ptolemy.moml.MoMLSimpleApplication@5fc6b1f6
reloadAllAccessors: .JavaScriptSendBoolean

===========================================================================================
----------------- testing Tue Mar 05 13:34:31 UTC 2019 /home/travis/build/icyphy/ptII/ptolemy/actor/lib/jjs/test/auto/JavaScriptSendDate.xml
----------------- Tue Mar 05 13:34:31 UTC 2019 About to sleep for 5.0 seconds before running or rerunning.  Test is: /home/travis/build/icyphy/ptII/ptolemy/actor/lib/jjs/test/auto/JavaScriptSendDate.xml
Done sleeping
----------------- Instantiating /home/travis/build/icyphy/ptII/ptolemy/actor/lib/jjs/test/auto/JavaScriptSendDate.xml
JavaScript: localFunctions.js: convertToToken(Thu Nov 13 2014 16:37:14 GMT+0000 (UTC), 1415896634546, Thu Nov 13 2014 16:37:14 GMT+0000 (UTC) (Thread[JavaScriptSendDate,1,main])
1227 ms. Memory: 1831936K Free: 1808619K (99%)
----------------- Invoking toplevel() on ptolemy.moml.MoMLSimpleApplication@4dc0a1e
----------------- Done invoking toplevel() on ptolemy.moml.MoMLSimpleApplication@4dc0a1e
reloadAllAccessors: .JavaScriptSendDate

===========================================================================================
----------------- testing Tue Mar 05 13:34:38 UTC 2019 /home/travis/build/icyphy/ptII/ptolemy/actor/lib/jjs/test/auto/JavaScriptSendDouble.xml
----------------- Tue Mar 05 13:34:38 UTC 2019 About to sleep for 5.0 seconds before running or rerunning.  Test is: /home/travis/build/icyphy/ptII/ptolemy/actor/lib/jjs/test/auto/JavaScriptSendDouble.xml
Done sleeping
----------------- Instantiating /home/travis/build/icyphy/ptII/ptolemy/actor/lib/jjs/test/auto/JavaScriptSendDouble.xml
575 ms. Memory: 1831936K Free: 1493381K (82%)
----------------- Invoking toplevel() on ptolemy.moml.MoMLSimpleApplication@67ba6b53
----------------- Done invoking toplevel() on ptolemy.moml.MoMLSimpleApplication@67ba6b53
reloadAllAccessors: .JavaScriptSendDouble

===========================================================================================
----------------- testing Tue Mar 05 13:34:44 UTC 2019 /home/travis/build/icyphy/ptII/ptolemy/actor/lib/jjs/test/auto/JavaScriptSendInt.xml
----------------- Tue Mar 05 13:34:44 UTC 2019 About to sleep for 5.0 seconds before running or rerunning.  Test is: /home/travis/build/icyphy/ptII/ptolemy/actor/lib/jjs/test/auto/JavaScriptSendInt.xml
Done sleeping
----------------- Instantiating /home/travis/build/icyphy/ptII/ptolemy/actor/lib/jjs/test/auto/JavaScriptSendInt.xml
611 ms. Memory: 1831936K Free: 1181897K (65%)
----------------- Invoking toplevel() on ptolemy.moml.MoMLSimpleApplication@d61dead
----------------- Done invoking toplevel() on ptolemy.moml.MoMLSimpleApplication@d61dead
reloadAllAccessors: .JavaScriptSendInt

===========================================================================================
----------------- testing Tue Mar 05 13:34:50 UTC 2019 /home/travis/build/icyphy/ptII/ptolemy/actor/lib/jjs/test/auto/JavaScriptSendMatrix.xml
----------------- Tue Mar 05 13:34:50 UTC 2019 About to sleep for 5.0 seconds before running or rerunning.  Test is: /home/travis/build/icyphy/ptII/ptolemy/actor/lib/jjs/test/auto/JavaScriptSendMatrix.xml
Done sleeping
----------------- Instantiating /home/travis/build/icyphy/ptII/ptolemy/actor/lib/jjs/test/auto/JavaScriptSendMatrix.xml
576 ms. Memory: 1831936K Free: 871291K (48%)
----------------- Invoking toplevel() on ptolemy.moml.MoMLSimpleApplication@1e834444
----------------- Done invoking toplevel() on ptolemy.moml.MoMLSimpleApplication@1e834444
reloadAllAccessors: .JavaScriptSendMatrix

===========================================================================================
----------------- testing Tue Mar 05 13:34:56 UTC 2019 /home/travis/build/icyphy/ptII/ptolemy/actor/lib/jjs/test/auto/JavaScriptSendNativeArray.xml
----------------- Tue Mar 05 13:34:56 UTC 2019 About to sleep for 5.0 seconds before running or rerunning.  Test is: /home/travis/build/icyphy/ptII/ptolemy/actor/lib/jjs/test/auto/JavaScriptSendNativeArray.xml
Done sleeping
----------------- Instantiating /home/travis/build/icyphy/ptII/ptolemy/actor/lib/jjs/test/auto/JavaScriptSendNativeArray.xml
1524 ms. Memory: 1831936K Free: 1524703K (83%)
----------------- Invoking toplevel() on ptolemy.moml.MoMLSimpleApplication@5d7ce56b
----------------- Done invoking toplevel() on ptolemy.moml.MoMLSimpleApplication@5d7ce56b
reloadAllAccessors: .JavaScriptSendNativeArray

===========================================================================================
----------------- testing Tue Mar 05 13:35:03 UTC 2019 /home/travis/build/icyphy/ptII/ptolemy/actor/lib/jjs/test/auto/JavaScriptSendNativeObject.xml
----------------- Tue Mar 05 13:35:03 UTC 2019 About to sleep for 5.0 seconds before running or rerunning.  Test is: /home/travis/build/icyphy/ptII/ptolemy/actor/lib/jjs/test/auto/JavaScriptSendNativeObject.xml
Done sleeping
----------------- Instantiating /home/travis/build/icyphy/ptII/ptolemy/actor/lib/jjs/test/auto/JavaScriptSendNativeObject.xml
1299 ms. Memory: 1831936K Free: 905276K (49%)
----------------- Invoking toplevel() on ptolemy.moml.MoMLSimpleApplication@76988b69
----------------- Done invoking toplevel() on ptolemy.moml.MoMLSimpleApplication@76988b69
reloadAllAccessors: .JavaScriptSendNativeObject

===========================================================================================
----------------- testing Tue Mar 05 13:35:10 UTC 2019 /home/travis/build/icyphy/ptII/ptolemy/actor/lib/jjs/test/auto/JavaScriptSendNull.xml
----------------- Tue Mar 05 13:35:10 UTC 2019 About to sleep for 5.0 seconds before running or rerunning.  Test is: /home/travis/build/icyphy/ptII/ptolemy/actor/lib/jjs/test/auto/JavaScriptSendNull.xml
Done sleeping
----------------- Instantiating /home/travis/build/icyphy/ptII/ptolemy/actor/lib/jjs/test/auto/JavaScriptSendNull.xml
548 ms. Memory: 1831936K Free: 594632K (32%)
----------------- Invoking toplevel() on ptolemy.moml.MoMLSimpleApplication@1467cd6d
----------------- Done invoking toplevel() on ptolemy.moml.MoMLSimpleApplication@1467cd6d
reloadAllAccessors: .JavaScriptSendNull

===========================================================================================
----------------- testing Tue Mar 05 13:35:16 UTC 2019 /home/travis/build/icyphy/ptII/ptolemy/actor/lib/jjs/test/auto/JavaScriptSendNullToInput.xml
----------------- Tue Mar 05 13:35:16 UTC 2019 About to sleep for 5.0 seconds before running or rerunning.  Test is: /home/travis/build/icyphy/ptII/ptolemy/actor/lib/jjs/test/auto/JavaScriptSendNullToInput.xml
Done sleeping
----------------- Instantiating /home/travis/build/icyphy/ptII/ptolemy/actor/lib/jjs/test/auto/JavaScriptSendNullToInput.xml
2991 ms. Memory: 1829888K Free: 1552736K (85%)
----------------- Invoking toplevel() on ptolemy.moml.MoMLSimpleApplication@31057b0a
----------------- Done invoking toplevel() on ptolemy.moml.MoMLSimpleApplication@31057b0a
reloadAllAccessors: .JavaScriptSendNullToInput

===========================================================================================
----------------- testing Tue Mar 05 13:35:24 UTC 2019 /home/travis/build/icyphy/ptII/ptolemy/actor/lib/jjs/test/auto/JavaScriptSendRecord.xml
----------------- Tue Mar 05 13:35:24 UTC 2019 About to sleep for 5.0 seconds before running or rerunning.  Test is: /home/travis/build/icyphy/ptII/ptolemy/actor/lib/jjs/test/auto/JavaScriptSendRecord.xml
Done sleeping
----------------- Instantiating /home/travis/build/icyphy/ptII/ptolemy/actor/lib/jjs/test/auto/JavaScriptSendRecord.xml
605 ms. Memory: 1829888K Free: 1237514K (68%)
----------------- Invoking toplevel() on ptolemy.moml.MoMLSimpleApplication@459b3ab4
----------------- Done invoking toplevel() on ptolemy.moml.MoMLSimpleApplication@459b3ab4
reloadAllAccessors: .JavaScriptSendRecord

===========================================================================================
----------------- testing Tue Mar 05 13:35:30 UTC 2019 /home/travis/build/icyphy/ptII/ptolemy/actor/lib/jjs/test/auto/JavaScriptSendRecord2.xml
----------------- Tue Mar 05 13:35:30 UTC 2019 About to sleep for 5.0 seconds before running or rerunning.  Test is: /home/travis/build/icyphy/ptII/ptolemy/actor/lib/jjs/test/auto/JavaScriptSendRecord2.xml
Done sleeping
----------------- Instantiating /home/travis/build/icyphy/ptII/ptolemy/actor/lib/jjs/test/auto/JavaScriptSendRecord2.xml
648 ms. Memory: 1829888K Free: 926839K (51%)
----------------- Invoking toplevel() on ptolemy.moml.MoMLSimpleApplication@28842b2a
----------------- Done invoking toplevel() on ptolemy.moml.MoMLSimpleApplication@28842b2a
reloadAllAccessors: .JavaScriptSendRecord2

===========================================================================================
----------------- testing Tue Mar 05 13:35:37 UTC 2019 /home/travis/build/icyphy/ptII/ptolemy/actor/lib/jjs/test/auto/JavaScriptSendRecord3.xml
----------------- Tue Mar 05 13:35:37 UTC 2019 About to sleep for 5.0 seconds before running or rerunning.  Test is: /home/travis/build/icyphy/ptII/ptolemy/actor/lib/jjs/test/auto/JavaScriptSendRecord3.xml
Done sleeping
----------------- Instantiating /home/travis/build/icyphy/ptII/ptolemy/actor/lib/jjs/test/auto/JavaScriptSendRecord3.xml
574 ms. Memory: 1829888K Free: 615653K (34%)
----------------- Invoking toplevel() on ptolemy.moml.MoMLSimpleApplication@250b75d6
----------------- Done invoking toplevel() on ptolemy.moml.MoMLSimpleApplication@250b75d6
reloadAllAccessors: .JavaScriptSendRecord3

===========================================================================================
----------------- testing Tue Mar 05 13:35:42 UTC 2019 /home/travis/build/icyphy/ptII/ptolemy/actor/lib/jjs/test/auto/JavaScriptSendString.xml
----------------- Tue Mar 05 13:35:42 UTC 2019 About to sleep for 5.0 seconds before running or rerunning.  Test is: /home/travis/build/icyphy/ptII/ptolemy/actor/lib/jjs/test/auto/JavaScriptSendString.xml
Done sleeping
----------------- Instantiating /home/travis/build/icyphy/ptII/ptolemy/actor/lib/jjs/test/auto/JavaScriptSendString.xml
638 ms. Memory: 1829888K Free: 304978K (17%)
----------------- Invoking toplevel() on ptolemy.moml.MoMLSimpleApplication@4b5d8ebe
----------------- Done invoking toplevel() on ptolemy.moml.MoMLSimpleApplication@4b5d8ebe
reloadAllAccessors: .JavaScriptSendString

===========================================================================================
----------------- testing Tue Mar 05 13:35:49 UTC 2019 /home/travis/build/icyphy/ptII/ptolemy/actor/lib/jjs/test/auto/JavaScriptSendToInput.xml
----------------- Tue Mar 05 13:35:49 UTC 2019 About to sleep for 5.0 seconds before running or rerunning.  Test is: /home/travis/build/icyphy/ptII/ptolemy/actor/lib/jjs/test/auto/JavaScriptSendToInput.xml
Done sleeping
----------------- Instantiating /home/travis/build/icyphy/ptII/ptolemy/actor/lib/jjs/test/auto/JavaScriptSendToInput.xml
2680 ms. Memory: 1853440K Free: 1585985K (86%)
----------------- Invoking toplevel() on ptolemy.moml.MoMLSimpleApplication@15d5ce10
----------------- Done invoking toplevel() on ptolemy.moml.MoMLSimpleApplication@15d5ce10
reloadAllAccessors: .JavaScriptSendToInput

===========================================================================================
----------------- testing Tue Mar 05 13:35:57 UTC 2019 /home/travis/build/icyphy/ptII/ptolemy/actor/lib/jjs/test/auto/JavaScriptSetInterval.xml
----------------- Tue Mar 05 13:35:57 UTC 2019 About to sleep for 5.0 seconds before running or rerunning.  Test is: /home/travis/build/icyphy/ptII/ptolemy/actor/lib/jjs/test/auto/JavaScriptSetInterval.xml
Done sleeping
----------------- Instantiating /home/travis/build/icyphy/ptII/ptolemy/actor/lib/jjs/test/auto/JavaScriptSetInterval.xml
1189 ms. Memory: 1853440K Free: 1273572K (69%)
----------------- Invoking toplevel() on ptolemy.moml.MoMLSimpleApplication@4901923b
----------------- Done invoking toplevel() on ptolemy.moml.MoMLSimpleApplication@4901923b
reloadAllAccessors: .JavaScriptSetInterval

===========================================================================================
----------------- testing Tue Mar 05 13:36:03 UTC 2019 /home/travis/build/icyphy/ptII/ptolemy/actor/lib/jjs/test/auto/JavaScriptSetInterval2.xml
----------------- Tue Mar 05 13:36:03 UTC 2019 About to sleep for 5.0 seconds before running or rerunning.  Test is: /home/travis/build/icyphy/ptII/ptolemy/actor/lib/jjs/test/auto/JavaScriptSetInterval2.xml
Done sleeping
----------------- Instantiating /home/travis/build/icyphy/ptII/ptolemy/actor/lib/jjs/test/auto/JavaScriptSetInterval2.xml
1054 ms. Memory: 1853440K Free: 961208K (52%)
----------------- Invoking toplevel() on ptolemy.moml.MoMLSimpleApplication@ae8e3df
----------------- Done invoking toplevel() on ptolemy.moml.MoMLSimpleApplication@ae8e3df
reloadAllAccessors: .JavaScriptSetInterval2

===========================================================================================
----------------- testing Tue Mar 05 13:36:10 UTC 2019 /home/travis/build/icyphy/ptII/ptolemy/actor/lib/jjs/test/auto/JavaScriptSetTimeout.xml
----------------- Tue Mar 05 13:36:10 UTC 2019 About to sleep for 5.0 seconds before running or rerunning.  Test is: /home/travis/build/icyphy/ptII/ptolemy/actor/lib/jjs/test/auto/JavaScriptSetTimeout.xml
Done sleeping
----------------- Instantiating /home/travis/build/icyphy/ptII/ptolemy/actor/lib/jjs/test/auto/JavaScriptSetTimeout.xml
787 ms. Memory: 1853440K Free: 639596K (35%)
----------------- Invoking toplevel() on ptolemy.moml.MoMLSimpleApplication@6afa8afb
----------------- Done invoking toplevel() on ptolemy.moml.MoMLSimpleApplication@6afa8afb
reloadAllAccessors: .JavaScriptSetTimeout

===========================================================================================
----------------- testing Tue Mar 05 13:36:16 UTC 2019 /home/travis/build/icyphy/ptII/ptolemy/actor/lib/jjs/test/auto/JavaScriptStringToken.xml
----------------- Tue Mar 05 13:36:16 UTC 2019 About to sleep for 5.0 seconds before running or rerunning.  Test is: /home/travis/build/icyphy/ptII/ptolemy/actor/lib/jjs/test/auto/JavaScriptStringToken.xml
Done sleeping
----------------- Instantiating /home/travis/build/icyphy/ptII/ptolemy/actor/lib/jjs/test/auto/JavaScriptStringToken.xml
894 ms. Memory: 1852416K Free: 1596156K (86%)
----------------- Invoking toplevel() on ptolemy.moml.MoMLSimpleApplication@3ad9cc0e
----------------- Done invoking toplevel() on ptolemy.moml.MoMLSimpleApplication@3ad9cc0e
reloadAllAccessors: .JavaScriptStringToken

===========================================================================================
----------------- testing Tue Mar 05 13:36:22 UTC 2019 /home/travis/build/icyphy/ptII/ptolemy/actor/lib/jjs/test/auto/JavaScriptTestAutoInputEtc.xml
----------------- Tue Mar 05 13:36:22 UTC 2019 About to sleep for 5.0 seconds before running or rerunning.  Test is: /home/travis/build/icyphy/ptII/ptolemy/actor/lib/jjs/test/auto/JavaScriptTestAutoInputEtc.xml
Done sleeping
----------------- Instantiating /home/travis/build/icyphy/ptII/ptolemy/actor/lib/jjs/test/auto/JavaScriptTestAutoInputEtc.xml
2602 ms. Memory: 1852416K Free: 1269799K (69%)
----------------- Invoking toplevel() on ptolemy.moml.MoMLSimpleApplication@4af177ad
----------------- Done invoking toplevel() on ptolemy.moml.MoMLSimpleApplication@4af177ad
reloadAllAccessors: .JavaScriptTestAutoInputEtc

===========================================================================================
----------------- testing Tue Mar 05 13:36:30 UTC 2019 /home/travis/build/icyphy/ptII/ptolemy/actor/lib/jjs/test/auto/JavaScriptThisActor.xml
----------------- Tue Mar 05 13:36:30 UTC 2019 About to sleep for 5.0 seconds before running or rerunning.  Test is: /home/travis/build/icyphy/ptII/ptolemy/actor/lib/jjs/test/auto/JavaScriptThisActor.xml
Done sleeping
----------------- Instantiating /home/travis/build/icyphy/ptII/ptolemy/actor/lib/jjs/test/auto/JavaScriptThisActor.xml
749 ms. Memory: 1852416K Free: 953388K (51%)
----------------- Invoking toplevel() on ptolemy.moml.MoMLSimpleApplication@3906658c
----------------- Done invoking toplevel() on ptolemy.moml.MoMLSimpleApplication@3906658c
reloadAllAccessors: .JavaScriptThisActor

===========================================================================================
----------------- testing Tue Mar 05 13:36:36 UTC 2019 /home/travis/build/icyphy/ptII/ptolemy/actor/lib/jjs/test/auto/JavaScriptTimeout.xml
----------------- Tue Mar 05 13:36:36 UTC 2019 About to sleep for 5.0 seconds before running or rerunning.  Test is: /home/travis/build/icyphy/ptII/ptolemy/actor/lib/jjs/test/auto/JavaScriptTimeout.xml
Done sleeping
----------------- Instantiating /home/travis/build/icyphy/ptII/ptolemy/actor/lib/jjs/test/auto/JavaScriptTimeout.xml
JavaScript: JavaScriptTimeout: timeout = 100 (Thread[JavaScriptTimeout,1,main])
JavaScript: JavaScriptTimeout: timeout = 100 (Thread[JavaScriptTimeout,1,main])
JavaScript: JavaScriptTimeout: timeout = 100 (Thread[JavaScriptTimeout,1,main])
JavaScript: JavaScriptTimeout: timeout = 100 (Thread[JavaScriptTimeout,1,main])
JavaScript: JavaScriptTimeout: timeout = 100 (Thread[JavaScriptTimeout,1,main])
JavaScript: JavaScriptTimeout: timeout = 100 (Thread[JavaScriptTimeout,1,main])
1152 ms. Memory: 1852416K Free: 634096K (34%)
----------------- Invoking toplevel() on ptolemy.moml.MoMLSimpleApplication@1ca64ec4
----------------- Done invoking toplevel() on ptolemy.moml.MoMLSimpleApplication@1ca64ec4
reloadAllAccessors: .JavaScriptTimeout

===========================================================================================
----------------- testing Tue Mar 05 13:36:43 UTC 2019 /home/travis/build/icyphy/ptII/ptolemy/actor/lib/jjs/test/auto/JavaScriptWriteParameter.xml
----------------- Tue Mar 05 13:36:43 UTC 2019 About to sleep for 5.0 seconds before running or rerunning.  Test is: /home/travis/build/icyphy/ptII/ptolemy/actor/lib/jjs/test/auto/JavaScriptWriteParameter.xml
Done sleeping
----------------- Instantiating /home/travis/build/icyphy/ptII/ptolemy/actor/lib/jjs/test/auto/JavaScriptWriteParameter.xml
958 ms. Memory: 1853440K Free: 1592686K (86%)
----------------- Invoking toplevel() on ptolemy.moml.MoMLSimpleApplication@15e0f0c0
----------------- Done invoking toplevel() on ptolemy.moml.MoMLSimpleApplication@15e0f0c0
reloadAllAccessors: .JavaScriptWriteParameter

===========================================================================================
----------------- testing Tue Mar 05 13:36:49 UTC 2019 /home/travis/build/icyphy/ptII/ptolemy/actor/lib/jjs/test/auto/RampDisplay.xml
----------------- Tue Mar 05 13:36:49 UTC 2019 About to sleep for 5.0 seconds before running or rerunning.  Test is: /home/travis/build/icyphy/ptII/ptolemy/actor/lib/jjs/test/auto/RampDisplay.xml
Done sleeping
----------------- Instantiating /home/travis/build/icyphy/ptII/ptolemy/actor/lib/jjs/test/auto/RampDisplay.xml
JSAccessor: PT_NO_NET environment variable is set, so git pull and ptdoc are not being run.
TextDisplayHelper: 1
TextDisplayHelper: 2
TextDisplayHelper: 3
TextDisplayHelper: 4
TextDisplayHelper: 5
7824 ms. Memory: 1875968K Free: 1807476K (96%)
----------------- Invoking toplevel() on ptolemy.moml.MoMLSimpleApplication@4d25acea
----------------- Done invoking toplevel() on ptolemy.moml.MoMLSimpleApplication@4d25acea
reloadAllAccessors: .RampDisplay
This is the first time that the reloadAllAccessors method has been invoked in this JVM, so the the accessors repo will be checked out or updated and JSDoc invoked. Note that running the tests may end up invoking a new JVM for each directory, so the repo may be checked out or updated and JSDoc invoked more than once when the tests are run.
-------------- Reloaded accessors, but skipping rerun for now. Tue Mar 05 13:37:04 UTC 2019 /home/travis/build/icyphy/ptII/ptolemy/actor/lib/jjs/test/auto/RampDisplay.xml

===========================================================================================
----------------- testing Tue Mar 05 13:37:04 UTC 2019 /home/travis/build/icyphy/ptII/ptolemy/actor/lib/jjs/test/auto/SelfBuilder.xml
----------------- Tue Mar 05 13:37:04 UTC 2019 About to sleep for 5.0 seconds before running or rerunning.  Test is: /home/travis/build/icyphy/ptII/ptolemy/actor/lib/jjs/test/auto/SelfBuilder.xml
Done sleeping
----------------- Instantiating /home/travis/build/icyphy/ptII/ptolemy/actor/lib/jjs/test/auto/SelfBuilder.xml
640 ms. Memory: 1875968K Free: 1235233K (66%)
----------------- Invoking toplevel() on ptolemy.moml.MoMLSimpleApplication@274f78a
----------------- Done invoking toplevel() on ptolemy.moml.MoMLSimpleApplication@274f78a
reloadAllAccessors: .SelfBuilder

===========================================================================================
----------------- testing Tue Mar 05 13:37:10 UTC 2019 /home/travis/build/icyphy/ptII/ptolemy/actor/lib/jjs/test/auto/SelfBuilder10.xml
----------------- Tue Mar 05 13:37:10 UTC 2019 About to sleep for 5.0 seconds before running or rerunning.  Test is: /home/travis/build/icyphy/ptII/ptolemy/actor/lib/jjs/test/auto/SelfBuilder10.xml
Done sleeping
----------------- Instantiating /home/travis/build/icyphy/ptII/ptolemy/actor/lib/jjs/test/auto/SelfBuilder10.xml
629 ms. Memory: 1875968K Free: 907054K (48%)
----------------- Invoking toplevel() on ptolemy.moml.MoMLSimpleApplication@6669b310
----------------- Done invoking toplevel() on ptolemy.moml.MoMLSimpleApplication@6669b310
reloadAllAccessors: .SelfBuilder10

===========================================================================================
----------------- testing Tue Mar 05 13:37:16 UTC 2019 /home/travis/build/icyphy/ptII/ptolemy/actor/lib/jjs/test/auto/SelfBuilder2.xml
----------------- Tue Mar 05 13:37:16 UTC 2019 About to sleep for 5.0 seconds before running or rerunning.  Test is: /home/travis/build/icyphy/ptII/ptolemy/actor/lib/jjs/test/auto/SelfBuilder2.xml
Done sleeping
----------------- Instantiating /home/travis/build/icyphy/ptII/ptolemy/actor/lib/jjs/test/auto/SelfBuilder2.xml
675 ms. Memory: 1875968K Free: 589433K (31%)
----------------- Invoking toplevel() on ptolemy.moml.MoMLSimpleApplication@74d57666
----------------- Done invoking toplevel() on ptolemy.moml.MoMLSimpleApplication@74d57666
reloadAllAccessors: .SelfBuilder2

===========================================================================================
----------------- testing Tue Mar 05 13:37:22 UTC 2019 /home/travis/build/icyphy/ptII/ptolemy/actor/lib/jjs/test/auto/SelfBuilder3.xml
----------------- Tue Mar 05 13:37:22 UTC 2019 About to sleep for 5.0 seconds before running or rerunning.  Test is: /home/travis/build/icyphy/ptII/ptolemy/actor/lib/jjs/test/auto/SelfBuilder3.xml
Done sleeping
----------------- Instantiating /home/travis/build/icyphy/ptII/ptolemy/actor/lib/jjs/test/auto/SelfBuilder3.xml
758 ms. Memory: 1878016K Free: 1566206K (83%)
----------------- Invoking toplevel() on ptolemy.moml.MoMLSimpleApplication@1edba2e7
----------------- Done invoking toplevel() on ptolemy.moml.MoMLSimpleApplication@1edba2e7
reloadAllAccessors: .SelfBuilder3

===========================================================================================
----------------- testing Tue Mar 05 13:37:29 UTC 2019 /home/travis/build/icyphy/ptII/ptolemy/actor/lib/jjs/test/auto/SelfBuilder4.xml
----------------- Tue Mar 05 13:37:29 UTC 2019 About to sleep for 5.0 seconds before running or rerunning.  Test is: /home/travis/build/icyphy/ptII/ptolemy/actor/lib/jjs/test/auto/SelfBuilder4.xml
Done sleeping
----------------- Instantiating /home/travis/build/icyphy/ptII/ptolemy/actor/lib/jjs/test/auto/SelfBuilder4.xml
572 ms. Memory: 1878016K Free: 1240645K (66%)
----------------- Invoking toplevel() on ptolemy.moml.MoMLSimpleApplication@e4907c5
----------------- Done invoking toplevel() on ptolemy.moml.MoMLSimpleApplication@e4907c5
reloadAllAccessors: .SelfBuilder4

===========================================================================================
----------------- testing Tue Mar 05 13:37:35 UTC 2019 /home/travis/build/icyphy/ptII/ptolemy/actor/lib/jjs/test/auto/SelfBuilder5.xml
----------------- Tue Mar 05 13:37:35 UTC 2019 About to sleep for 5.0 seconds before running or rerunning.  Test is: /home/travis/build/icyphy/ptII/ptolemy/actor/lib/jjs/test/auto/SelfBuilder5.xml
Done sleeping
----------------- Instantiating /home/travis/build/icyphy/ptII/ptolemy/actor/lib/jjs/test/auto/SelfBuilder5.xml
608 ms. Memory: 1878016K Free: 912206K (49%)
----------------- Invoking toplevel() on ptolemy.moml.MoMLSimpleApplication@61e90de1
----------------- Done invoking toplevel() on ptolemy.moml.MoMLSimpleApplication@61e90de1
reloadAllAccessors: .SelfBuilder5

===========================================================================================
----------------- testing Tue Mar 05 13:37:40 UTC 2019 /home/travis/build/icyphy/ptII/ptolemy/actor/lib/jjs/test/auto/SelfBuilder6.xml
----------------- Tue Mar 05 13:37:40 UTC 2019 About to sleep for 5.0 seconds before running or rerunning.  Test is: /home/travis/build/icyphy/ptII/ptolemy/actor/lib/jjs/test/auto/SelfBuilder6.xml
Done sleeping
----------------- Instantiating /home/travis/build/icyphy/ptII/ptolemy/actor/lib/jjs/test/auto/SelfBuilder6.xml
645 ms. Memory: 1878016K Free: 583847K (31%)
----------------- Invoking toplevel() on ptolemy.moml.MoMLSimpleApplication@40c9363e
----------------- Done invoking toplevel() on ptolemy.moml.MoMLSimpleApplication@40c9363e
reloadAllAccessors: .SelfBuilder6

===========================================================================================
----------------- testing Tue Mar 05 13:37:46 UTC 2019 /home/travis/build/icyphy/ptII/ptolemy/actor/lib/jjs/test/auto/SelfBuilder7.xml
----------------- Tue Mar 05 13:37:46 UTC 2019 About to sleep for 5.0 seconds before running or rerunning.  Test is: /home/travis/build/icyphy/ptII/ptolemy/actor/lib/jjs/test/auto/SelfBuilder7.xml
Done sleeping
----------------- Instantiating /home/travis/build/icyphy/ptII/ptolemy/actor/lib/jjs/test/auto/SelfBuilder7.xml
829 ms. Memory: 1883136K Free: 1561140K (83%)
----------------- Invoking toplevel() on ptolemy.moml.MoMLSimpleApplication@4c4c5c52
----------------- Done invoking toplevel() on ptolemy.moml.MoMLSimpleApplication@4c4c5c52
reloadAllAccessors: .SelfBuilder7

===========================================================================================
----------------- testing Tue Mar 05 13:37:53 UTC 2019 /home/travis/build/icyphy/ptII/ptolemy/actor/lib/jjs/test/auto/SelfBuilder8.xml
----------------- Tue Mar 05 13:37:53 UTC 2019 About to sleep for 5.0 seconds before running or rerunning.  Test is: /home/travis/build/icyphy/ptII/ptolemy/actor/lib/jjs/test/auto/SelfBuilder8.xml
Done sleeping
----------------- Instantiating /home/travis/build/icyphy/ptII/ptolemy/actor/lib/jjs/test/auto/SelfBuilder8.xml
664 ms. Memory: 1883136K Free: 1233275K (65%)
----------------- Invoking toplevel() on ptolemy.moml.MoMLSimpleApplication@4f19df8a
----------------- Done invoking toplevel() on ptolemy.moml.MoMLSimpleApplication@4f19df8a
reloadAllAccessors: .SelfBuilder8

===========================================================================================
----------------- testing Tue Mar 05 13:37:59 UTC 2019 /home/travis/build/icyphy/ptII/ptolemy/actor/lib/jjs/test/auto/SelfBuilder9.xml
----------------- Tue Mar 05 13:37:59 UTC 2019 About to sleep for 5.0 seconds before running or rerunning.  Test is: /home/travis/build/icyphy/ptII/ptolemy/actor/lib/jjs/test/auto/SelfBuilder9.xml
Done sleeping
----------------- Instantiating /home/travis/build/icyphy/ptII/ptolemy/actor/lib/jjs/test/auto/SelfBuilder9.xml
651 ms. Memory: 1883136K Free: 910213K (48%)
----------------- Invoking toplevel() on ptolemy.moml.MoMLSimpleApplication@1e073579
----------------- Done invoking toplevel() on ptolemy.moml.MoMLSimpleApplication@1e073579
reloadAllAccessors: .SelfBuilder9
AutoTests.java: About to close Vertx.
AutoTests.java: Vertx closed.
]]></system-out>
  <system-err><![CDATA[WARNING: JavaScript: Model stopped before executing actions (e.g. producing outputs) scheduled for execution at times [0.8]
WARNING: JavaScript: Model stopped before executing actions (e.g. producing outputs) scheduled for execution at times [0.6]
WARNING: TestSpontaneous: Model stopped before executing actions (e.g. producing outputs) scheduled for execution at times [6.0]
]]></system-err>
</testsuite>
