<?xml version="1.0" encoding="UTF-8" ?>
<testsuite errors="0" failures="0" hostname="travis-job-fcf96c45-8151-4341-aa03-2947ce2790dd" name="ptolemy.domains.de.test.junit.JUnitTclTest" skipped="0" tests="101" time="128.518" timestamp="2020-10-02T15:42:03">
  <properties>
[...]
</properties>
  <testcase classname="ptolemy.util.test.junit.TclTests" name="[0] /home/travis/build/icyphy/ptII/ptolemy/domains/de/test/DependencyLoop.tcl (RunTclFile)" time="0.927" />
  <testcase classname="ptolemy.util.test.junit.TclTests" name="[1] /home/travis/build/icyphy/ptII/ptolemy/domains/de/test/RunDETestsAsQSS.tcl (RunTclFile)" time="87.938" />
  <testcase classname="ptolemy.util.test.junit.AutoKnownFailedTests" name="[0] /home/travis/build/icyphy/ptII/ptolemy/domains/de/test/auto/knownFailedTests/DESDFClockTest.xml (RunModel)" time="2.035" />
  <testcase classname="ptolemy.util.test.junit.AutoKnownFailedTests" name="[1] /home/travis/build/icyphy/ptII/ptolemy/domains/de/test/auto/knownFailedTests/DirectFeedback.xml (RunModel)" time="0.022" />
  <testcase classname="ptolemy.util.test.junit.AutoKnownFailedTests" name="[2] /home/travis/build/icyphy/ptII/ptolemy/domains/de/test/auto/knownFailedTests/FSMSource.xml (RunModel)" time="0.04" />
  <testcase classname="ptolemy.util.test.junit.AutoKnownFailedTests" name="[3] /home/travis/build/icyphy/ptII/ptolemy/domains/de/test/auto/knownFailedTests/HierarchicalModel.xml (RunModel)" time="0.051" />
  <testcase classname="ptolemy.util.test.junit.AutoKnownFailedTests" name="[4] /home/travis/build/icyphy/ptII/ptolemy/domains/de/test/auto/knownFailedTests/dependencyLoop.xml (RunModel)" time="0.046" />
  <testcase classname="ptolemy.util.test.junit.AutoKnownFailedTests" name="[5] /home/travis/build/icyphy/ptII/ptolemy/domains/de/test/auto/knownFailedTests/dependencyLoop2.xml (RunModel)" time="0.045" />
  <testcase classname="ptolemy.util.test.junit.AutoNameArchTests" name="[0] ThereAreNoAutoArchTests (RunModel)" time="0.001" />
  <testcase classname="ptolemy.util.test.junit.AutoTests" name="[0] /home/travis/build/icyphy/ptII/ptolemy/domains/de/test/auto/ActorDepthCalculation_actorWithoutPorts.xml (RunModel)" time="0.022" />
  <testcase classname="ptolemy.util.test.junit.AutoTests" name="[1] /home/travis/build/icyphy/ptII/ptolemy/domains/de/test/auto/AssemblyLine.xml (RunModel)" time="0.023" />
  <testcase classname="ptolemy.util.test.junit.AutoTests" name="[2] /home/travis/build/icyphy/ptII/ptolemy/domains/de/test/auto/CQBug1.xml (RunModel)" time="0.016" />
  <testcase classname="ptolemy.util.test.junit.AutoTests" name="[3] /home/travis/build/icyphy/ptII/ptolemy/domains/de/test/auto/CancelFireAt.xml (RunModel)" time="0.007" />
  <testcase classname="ptolemy.util.test.junit.AutoTests" name="[4] /home/travis/build/icyphy/ptII/ptolemy/domains/de/test/auto/CausalityAndComposabilityAnalysis.xml (RunModel)" time="0.022" />
  <testcase classname="ptolemy.util.test.junit.AutoTests" name="[5] /home/travis/build/icyphy/ptII/ptolemy/domains/de/test/auto/CausalityInterface1.xml (RunModel)" time="0.029" />
  <testcase classname="ptolemy.util.test.junit.AutoTests" name="[6] /home/travis/build/icyphy/ptII/ptolemy/domains/de/test/auto/CausalityInterface15.xml (RunModel)" time="0.019" />
  <testcase classname="ptolemy.util.test.junit.AutoTests" name="[7] /home/travis/build/icyphy/ptII/ptolemy/domains/de/test/auto/CausalityInterface2.xml (RunModel)" time="0.015" />
  <testcase classname="ptolemy.util.test.junit.AutoTests" name="[8] /home/travis/build/icyphy/ptII/ptolemy/domains/de/test/auto/CausalityInterface3.xml (RunModel)" time="0.014" />
  <testcase classname="ptolemy.util.test.junit.AutoTests" name="[9] /home/travis/build/icyphy/ptII/ptolemy/domains/de/test/auto/ClockDrift.xml (RunModel)" time="0.032" />
  <testcase classname="ptolemy.util.test.junit.AutoTests" name="[10] /home/travis/build/icyphy/ptII/ptolemy/domains/de/test/auto/ClockDriftAndValueChange.xml (RunModel)" time="0.033" />
  <testcase classname="ptolemy.util.test.junit.AutoTests" name="[11] /home/travis/build/icyphy/ptII/ptolemy/domains/de/test/auto/ClockDriftChange.xml (RunModel)" time="0.036" />
  <testcase classname="ptolemy.util.test.junit.AutoTests" name="[12] /home/travis/build/icyphy/ptII/ptolemy/domains/de/test/auto/ComposableCausalityAnalysis.xml (RunModel)" time="0.018" />
  <testcase classname="ptolemy.util.test.junit.AutoTests" name="[13] /home/travis/build/icyphy/ptII/ptolemy/domains/de/test/auto/DEFixedPointLimitation.xml (RunModel)" time="0.01" />
  <testcase classname="ptolemy.util.test.junit.AutoTests" name="[14] /home/travis/build/icyphy/ptII/ptolemy/domains/de/test/auto/DEScheduleTest.xml (RunModel)" time="0.014" />
  <testcase classname="ptolemy.util.test.junit.AutoTests" name="[15] /home/travis/build/icyphy/ptII/ptolemy/domains/de/test/auto/DEinDEwithStartTimes.xml (RunModel)" time="0.016" />
  <testcase classname="ptolemy.util.test.junit.AutoTests" name="[16] /home/travis/build/icyphy/ptII/ptolemy/domains/de/test/auto/DEinDEwithStartTimes2.xml (RunModel)" time="0.019" />
  <testcase classname="ptolemy.util.test.junit.AutoTests" name="[17] /home/travis/build/icyphy/ptII/ptolemy/domains/de/test/auto/DateDemo.xml (RunModel)" time="0.037" />
  <testcase classname="ptolemy.util.test.junit.AutoTests" name="[18] /home/travis/build/icyphy/ptII/ptolemy/domains/de/test/auto/DateToEvent.xml (RunModel)" time="2.052" />
  <testcase classname="ptolemy.util.test.junit.AutoTests" name="[19] /home/travis/build/icyphy/ptII/ptolemy/domains/de/test/auto/DepthTest1.xml (RunModel)" time="0.018" />
  <testcase classname="ptolemy.util.test.junit.AutoTests" name="[20] /home/travis/build/icyphy/ptII/ptolemy/domains/de/test/auto/DepthTest2.xml (RunModel)" time="0.018" />
  <testcase classname="ptolemy.util.test.junit.AutoTests" name="[21] /home/travis/build/icyphy/ptII/ptolemy/domains/de/test/auto/DepthTest3.xml (RunModel)" time="0.011" />
  <testcase classname="ptolemy.util.test.junit.AutoTests" name="[22] /home/travis/build/icyphy/ptII/ptolemy/domains/de/test/auto/DepthTest4.xml (RunModel)" time="0.02" />
  <testcase classname="ptolemy.util.test.junit.AutoTests" name="[23] /home/travis/build/icyphy/ptII/ptolemy/domains/de/test/auto/DepthTest5.xml (RunModel)" time="0.016" />
  <testcase classname="ptolemy.util.test.junit.AutoTests" name="[24] /home/travis/build/icyphy/ptII/ptolemy/domains/de/test/auto/DepthTest6.xml (RunModel)" time="0.014" />
  <testcase classname="ptolemy.util.test.junit.AutoTests" name="[25] /home/travis/build/icyphy/ptII/ptolemy/domains/de/test/auto/DepthTest7.xml (RunModel)" time="0.014" />
  <testcase classname="ptolemy.util.test.junit.AutoTests" name="[26] /home/travis/build/icyphy/ptII/ptolemy/domains/de/test/auto/EventToDate.xml (RunModel)" time="3.034" />
  <testcase classname="ptolemy.util.test.junit.AutoTests" name="[27] /home/travis/build/icyphy/ptII/ptolemy/domains/de/test/auto/FSM1.xml (RunModel)" time="0.048" />
  <testcase classname="ptolemy.util.test.junit.AutoTests" name="[28] /home/travis/build/icyphy/ptII/ptolemy/domains/de/test/auto/FSM7.xml (RunModel)" time="0.04" />
  <testcase classname="ptolemy.util.test.junit.AutoTests" name="[29] /home/travis/build/icyphy/ptII/ptolemy/domains/de/test/auto/Inspection.xml (RunModel)" time="0.041" />
  <testcase classname="ptolemy.util.test.junit.AutoTests" name="[30] /home/travis/build/icyphy/ptII/ptolemy/domains/de/test/auto/Iteration.xml (RunModel)" time="0.027" />
  <testcase classname="ptolemy.util.test.junit.AutoTests" name="[31] /home/travis/build/icyphy/ptII/ptolemy/domains/de/test/auto/LineFault.xml (RunModel)" time="0.573" />
  <testcase classname="ptolemy.util.test.junit.AutoTests" name="[32] /home/travis/build/icyphy/ptII/ptolemy/domains/de/test/auto/MergeModel1Add.xml (RunModel)" time="0.049" />
  <testcase classname="ptolemy.util.test.junit.AutoTests" name="[33] /home/travis/build/icyphy/ptII/ptolemy/domains/de/test/auto/MergeModel2Add.xml (RunModel)" time="0.039" />
  <testcase classname="ptolemy.util.test.junit.AutoTests" name="[34] /home/travis/build/icyphy/ptII/ptolemy/domains/de/test/auto/MergeModel3Add.xml (RunModel)" time="0.041" />
  <testcase classname="ptolemy.util.test.junit.AutoTests" name="[35] /home/travis/build/icyphy/ptII/ptolemy/domains/de/test/auto/MergeWithoutDiscard.xml (RunModel)" time="0.012" />
  <testcase classname="ptolemy.util.test.junit.AutoTests" name="[36] /home/travis/build/icyphy/ptII/ptolemy/domains/de/test/auto/Modal1.xml (RunModel)" time="0.034" />
  <testcase classname="ptolemy.util.test.junit.AutoTests" name="[37] /home/travis/build/icyphy/ptII/ptolemy/domains/de/test/auto/Modal2.xml (RunModel)" time="0.031" />
  <testcase classname="ptolemy.util.test.junit.AutoTests" name="[38] /home/travis/build/icyphy/ptII/ptolemy/domains/de/test/auto/Modal3.xml (RunModel)" time="0.028" />
  <testcase classname="ptolemy.util.test.junit.AutoTests" name="[39] /home/travis/build/icyphy/ptII/ptolemy/domains/de/test/auto/Modal4.xml (RunModel)" time="0.035" />
  <testcase classname="ptolemy.util.test.junit.AutoTests" name="[40] /home/travis/build/icyphy/ptII/ptolemy/domains/de/test/auto/Modal5.xml (RunModel)" time="0.03" />
  <testcase classname="ptolemy.util.test.junit.AutoTests" name="[41] /home/travis/build/icyphy/ptII/ptolemy/domains/de/test/auto/Modal6.xml (RunModel)" time="0.037" />
  <testcase classname="ptolemy.util.test.junit.AutoTests" name="[42] /home/travis/build/icyphy/ptII/ptolemy/domains/de/test/auto/Modal7.xml (RunModel)" time="0.027" />
  <testcase classname="ptolemy.util.test.junit.AutoTests" name="[43] /home/travis/build/icyphy/ptII/ptolemy/domains/de/test/auto/ModalModel.xml (RunModel)" time="0.163" />
  <testcase classname="ptolemy.util.test.junit.AutoTests" name="[44] /home/travis/build/icyphy/ptII/ptolemy/domains/de/test/auto/ModalSource.xml (RunModel)" time="0.018" />
  <testcase classname="ptolemy.util.test.junit.AutoTests" name="[45] /home/travis/build/icyphy/ptII/ptolemy/domains/de/test/auto/NonInterruptibleTimerZeroDelay.xml (RunModel)" time="0.008" />
  <testcase classname="ptolemy.util.test.junit.AutoTests" name="[46] /home/travis/build/icyphy/ptII/ptolemy/domains/de/test/auto/OpenQueueingNetwork.xml (RunModel)" time="2.361" />
  <testcase classname="ptolemy.util.test.junit.AutoTests" name="[47] /home/travis/build/icyphy/ptII/ptolemy/domains/de/test/auto/OpenQueuingNetwork.xml (RunModel)" time="0.296" />
  <testcase classname="ptolemy.util.test.junit.AutoTests" name="[48] /home/travis/build/icyphy/ptII/ptolemy/domains/de/test/auto/PeriodicSampler.xml (RunModel)" time="0.009" />
  <testcase classname="ptolemy.util.test.junit.AutoTests" name="[49] /home/travis/build/icyphy/ptII/ptolemy/domains/de/test/auto/PersistentIO.xml (RunModel)" time="0.021" />
  <testcase classname="ptolemy.util.test.junit.AutoTests" name="[50] /home/travis/build/icyphy/ptII/ptolemy/domains/de/test/auto/PortParameterResetOnInitialize.xml (RunModel)" time="0.011" />
  <testcase classname="ptolemy.util.test.junit.AutoTests" name="[51] /home/travis/build/icyphy/ptII/ptolemy/domains/de/test/auto/PortParameterUpdates.xml (RunModel)" time="0.014" />
  <testcase classname="ptolemy.util.test.junit.AutoTests" name="[52] /home/travis/build/icyphy/ptII/ptolemy/domains/de/test/auto/QueueAndServer.xml (RunModel)" time="0.022" />
  <testcase classname="ptolemy.util.test.junit.AutoTests" name="[53] /home/travis/build/icyphy/ptII/ptolemy/domains/de/test/auto/Records.xml (RunModel)" time="0.018" />
  <testcase classname="ptolemy.util.test.junit.AutoTests" name="[54] /home/travis/build/icyphy/ptII/ptolemy/domains/de/test/auto/ResetTransitionWithStartTime1.xml (RunModel)" time="0.024" />
  <testcase classname="ptolemy.util.test.junit.AutoTests" name="[55] /home/travis/build/icyphy/ptII/ptolemy/domains/de/test/auto/ResetTransitionWithStartTime2.xml (RunModel)" time="0.021" />
  <testcase classname="ptolemy.util.test.junit.AutoTests" name="[56] /home/travis/build/icyphy/ptII/ptolemy/domains/de/test/auto/ResetTransitionWithStartTime3.xml (RunModel)" time="0.021" />
  <testcase classname="ptolemy.util.test.junit.AutoTests" name="[57] /home/travis/build/icyphy/ptII/ptolemy/domains/de/test/auto/ResetTransitionWithStartTime4.xml (RunModel)" time="0.018" />
  <testcase classname="ptolemy.util.test.junit.AutoTests" name="[58] /home/travis/build/icyphy/ptII/ptolemy/domains/de/test/auto/ResettableTimer1.xml (RunModel)" time="0.011" />
  <testcase classname="ptolemy.util.test.junit.AutoTests" name="[59] /home/travis/build/icyphy/ptII/ptolemy/domains/de/test/auto/ResettableTimer2.xml (RunModel)" time="0.012" />
  <testcase classname="ptolemy.util.test.junit.AutoTests" name="[60] /home/travis/build/icyphy/ptII/ptolemy/domains/de/test/auto/ResettableTimer3.xml (RunModel)" time="0.01" />
  <testcase classname="ptolemy.util.test.junit.AutoTests" name="[61] /home/travis/build/icyphy/ptII/ptolemy/domains/de/test/auto/ResettableTimer4.xml (RunModel)" time="0.009" />
  <testcase classname="ptolemy.util.test.junit.AutoTests" name="[62] /home/travis/build/icyphy/ptII/ptolemy/domains/de/test/auto/ResettableTimer5.xml (RunModel)" time="0.01" />
  <testcase classname="ptolemy.util.test.junit.AutoTests" name="[63] /home/travis/build/icyphy/ptII/ptolemy/domains/de/test/auto/ResettableTimer6.xml (RunModel)" time="0.016" />
  <testcase classname="ptolemy.util.test.junit.AutoTests" name="[64] /home/travis/build/icyphy/ptII/ptolemy/domains/de/test/auto/ServerZeroDelay.xml (RunModel)" time="0.012" />
  <testcase classname="ptolemy.util.test.junit.AutoTests" name="[65] /home/travis/build/icyphy/ptII/ptolemy/domains/de/test/auto/SmartSender.xml (RunModel)" time="3.009" />
  <testcase classname="ptolemy.util.test.junit.AutoTests" name="[66] /home/travis/build/icyphy/ptII/ptolemy/domains/de/test/auto/ThreadedComposite.xml (RunModel)" time="0.266" />
  <testcase classname="ptolemy.util.test.junit.AutoTests" name="[67] /home/travis/build/icyphy/ptII/ptolemy/domains/de/test/auto/Time.xml (RunModel)" time="0.342" />
  <testcase classname="ptolemy.util.test.junit.AutoTests" name="[68] /home/travis/build/icyphy/ptII/ptolemy/domains/de/test/auto/TimeDelayZeroDelay.xml (RunModel)" time="0.01" />
  <testcase classname="ptolemy.util.test.junit.AutoTests" name="[69] /home/travis/build/icyphy/ptII/ptolemy/domains/de/test/auto/TimerZeroDelay.xml (RunModel)" time="0.011" />
  <testcase classname="ptolemy.util.test.junit.AutoTests" name="[70] /home/travis/build/icyphy/ptII/ptolemy/domains/de/test/auto/TimingParadox.xml (RunModel)" time="0.307" />
  <testcase classname="ptolemy.util.test.junit.AutoTests" name="[71] /home/travis/build/icyphy/ptII/ptolemy/domains/de/test/auto/TransferInputs.xml (RunModel)" time="0.018" />
  <testcase classname="ptolemy.util.test.junit.AutoTests" name="[72] /home/travis/build/icyphy/ptII/ptolemy/domains/de/test/auto/TransferOutputs2.xml (RunModel)" time="0.015" />
  <testcase classname="ptolemy.util.test.junit.AutoTests" name="[73] /home/travis/build/icyphy/ptII/ptolemy/domains/de/test/auto/Trilateration.xml (RunModel)" time="11.086" />
  <testcase classname="ptolemy.util.test.junit.AutoTests" name="[74] /home/travis/build/icyphy/ptII/ptolemy/domains/de/test/auto/TwoSigmaDelta.xml (RunModel)" time="1.911" />
  <testcase classname="ptolemy.util.test.junit.AutoTests" name="[75] /home/travis/build/icyphy/ptII/ptolemy/domains/de/test/auto/VariableDelay.xml (RunModel)" time="0.014" />
  <testcase classname="ptolemy.util.test.junit.AutoTests" name="[76] /home/travis/build/icyphy/ptII/ptolemy/domains/de/test/auto/VariableDelay2.xml (RunModel)" time="0.013" />
  <testcase classname="ptolemy.util.test.junit.AutoTests" name="[77] /home/travis/build/icyphy/ptII/ptolemy/domains/de/test/auto/VariableDelayZeroDelay.xml (RunModel)" time="0.017" />
  <testcase classname="ptolemy.util.test.junit.AutoTests" name="[78] /home/travis/build/icyphy/ptII/ptolemy/domains/de/test/auto/VariableDelayZeroDelay2.xml (RunModel)" time="0.011" />
  <testcase classname="ptolemy.util.test.junit.AutoTests" name="[79] /home/travis/build/icyphy/ptII/ptolemy/domains/de/test/auto/deInCt.xml (RunModel)" time="0.015" />
  <testcase classname="ptolemy.util.test.junit.AutoTests" name="[80] /home/travis/build/icyphy/ptII/ptolemy/domains/de/test/auto/deInCt2.xml (RunModel)" time="0.015" />
  <testcase classname="ptolemy.util.test.junit.AutoTests" name="[81] /home/travis/build/icyphy/ptII/ptolemy/domains/de/test/auto/dynamicCausalityInterface1.xml (RunModel)" time="0.016" />
  <testcase classname="ptolemy.util.test.junit.AutoTests" name="[82] /home/travis/build/icyphy/ptII/ptolemy/domains/de/test/auto/fsm_de_test.xml (RunModel)" time="0.026" />
  <testcase classname="ptolemy.util.test.junit.AutoTests" name="[83] /home/travis/build/icyphy/ptII/ptolemy/domains/de/test/auto/functionDependencyReconstruction.xml (RunModel)" time="0.053" />
  <testcase classname="ptolemy.util.test.junit.AutoTests" name="[84] /home/travis/build/icyphy/ptII/ptolemy/domains/de/test/auto/multirate.xml (RunModel)" time="0.017" />
  <testcase classname="ptolemy.util.test.junit.AutoTests" name="[85] /home/travis/build/icyphy/ptII/ptolemy/domains/de/test/auto/multirate2.xml (RunModel)" time="0.016" />
  <testcase classname="ptolemy.util.test.junit.AutoTests" name="[86] /home/travis/build/icyphy/ptII/ptolemy/domains/de/test/auto/realtime.xml (RunModel)" time="10.011" />
  <testcase classname="ptolemy.util.test.junit.AutoTests" name="[87] /home/travis/build/icyphy/ptII/ptolemy/domains/de/test/auto/relationGroup.xml (RunModel)" time="0.018" />
  <testcase classname="ptolemy.util.test.junit.AutoTests" name="[88] /home/travis/build/icyphy/ptII/ptolemy/domains/de/test/auto/relationGroup2.xml (RunModel)" time="0.015" />
  <testcase classname="ptolemy.util.test.junit.AutoTests" name="[89] /home/travis/build/icyphy/ptII/ptolemy/domains/de/test/auto/sortWithOpaquePorts.xml (RunModel)" time="0.024" />
  <testcase classname="ptolemy.util.test.junit.AutoTests" name="[90] /home/travis/build/icyphy/ptII/ptolemy/domains/de/test/auto/transferInputsandOutputs.xml (RunModel)" time="0.017" />
  <testcase classname="ptolemy.util.test.junit.AutoTests" name="[91] /home/travis/build/icyphy/ptII/ptolemy/domains/de/test/auto/triggerType.xml (RunModel)" time="0.011" />
  <system-out><![CDATA[/home/travis/build/icyphy/ptII/ptolemy/domains/de/test/DependencyLoop.tcl
testDefs.tcl: setting time out to 9000 seconds at Fri Oct 02 15:42:04 UTC 2020
78 ms. Memory: 129024K Free: 78792K (61%)
23 ms. Memory: 129024K Free: 61384K (48%)
/home/travis/build/icyphy/ptII/ptolemy/domains/de/test/RunDETestsAsQSS.tcl
Run the DE tests using ptolemy.domains.qss.test.QSSDirectorTest, which extends QSSDirector and prints a message in the constructors.
------------------ testing $PTII/ptolemy/domains/de/test/auto/knownFailedTests/DirectFeedback.xml (Known Failure) 
49 ms. Memory: 129024K Free: 55750K (43%)


==== $PTIIhome/travis/build/icyphy/ptII/ptolemy/domains/de/test/../../../../: Auto Automatic test in file $PTII/ptolemy/domains/de/test/auto/knownFailedTests/DirectFeedback.xml
==== Contents of test case:

	    # FIXME: we should use $relativeFilename here, but it
	    # might have backslashes under Windows, which causes no end
	    # of trouble.
	    createAndExecute $file
	    list {}
	
.... Test generated KNOWN error:
    while executing
ptolemy.kernel.util.IllegalActionException: Test fails in iteration 1.
Value was: 1.0. Should have been: 2.0
  in .DirectFeedback.Test
	at ptolemy.actor.lib.Test.fire(Test.java:268)
	at ptolemy.domains.de.kernel.DEDirector._fire(DEDirector.java:1949)
	at ptolemy.domains.de.kernel.DEDirector.fire(DEDirector.java:502)
	at ptolemy.actor.CompositeActor.fire(CompositeActor.java:455)
	at ptolemy.actor.Manager.iterate(Manager.java:851)
	at ptolemy.actor.Manager.execute(Manager.java:369)
	at ptolemy.actor.Manager.run(Manager.java:1263)
	at ptolemy.actor.Manager$PtolemyRunThread.run(Manager.java:1933)

    while executing
ptolemy.kernel.util.IllegalActionException: Test fails in iteration 1.
Value was: 1.0. Should have been: 2.0
  in .DirectFeedback.Test
    while executing
"java::new ptolemy.moml.MoMLSimpleApplication $file
"
    (procedure "createAndExecute" line 2)
    invoked from within
"createAndExecute $file"
    ("uplevel" body line 5)
    invoked from within
"uplevel $contents_of_test"
------------------ testing $PTII/ptolemy/domains/de/test/auto/knownFailedTests/dependencyLoop.xml (Known Failure) 
14 ms. Memory: 129024K Free: 52678K (41%)


==== $PTIIhome/travis/build/icyphy/ptII/ptolemy/domains/de/test/../../../../: Auto Automatic test in file $PTII/ptolemy/domains/de/test/auto/knownFailedTests/dependencyLoop.xml
==== Contents of test case:

	    # FIXME: we should use $relativeFilename here, but it
	    # might have backslashes under Windows, which causes no end
	    # of trouble.
	    createAndExecute $file
	    list {}
	
.... Test generated KNOWN error:
    while executing
ptolemy.kernel.util.IllegalActionException: Found a zero delay loop containing .dependencyLoop.original
  in .dependencyLoop and .dependencyLoop.original
	at ptolemy.actor.util.CausalityInterfaceForComposites._computeOutputPortDepth(CausalityInterfaceForComposites.java:759)
	at ptolemy.actor.util.CausalityInterfaceForComposites._computeInputDepth(CausalityInterfaceForComposites.java:696)
	at ptolemy.actor.util.CausalityInterfaceForComposites._computeOutputPortDepth(CausalityInterfaceForComposites.java:765)
	at ptolemy.actor.util.CausalityInterfaceForComposites._computeInputDepth(CausalityInterfaceForComposites.java:696)
	at ptolemy.actor.util.CausalityInterfaceForComposites._computeOutputPortDepth(CausalityInterfaceForComposites.java:765)
	at ptolemy.actor.util.CausalityInterfaceForComposites._computeInputDepth(CausalityInterfaceForComposites.java:696)
	at ptolemy.actor.util.CausalityInterfaceForComposites._computeActorDepth(CausalityInterfaceForComposites.java:532)
	at ptolemy.actor.util.CausalityInterfaceForComposites.checkForCycles(CausalityInterfaceForComposites.java:96)
	at ptolemy.domains.de.kernel.DEDirector.preinitialize(DEDirector.java:1338)
	at ptolemy.actor.CompositeActor.preinitialize(CompositeActor.java:1828)
	at ptolemy.actor.Manager.preinitializeAndResolveTypes(Manager.java:1040)
	at ptolemy.actor.Manager.initialize(Manager.java:710)
	at ptolemy.actor.Manager.execute(Manager.java:356)
	at ptolemy.actor.Manager.run(Manager.java:1263)
	at ptolemy.actor.Manager$PtolemyRunThread.run(Manager.java:1933)

    while executing
ptolemy.kernel.util.IllegalActionException: Found a zero delay loop containing .dependencyLoop.original
  in .dependencyLoop and .dependencyLoop.original
    while executing
"java::new ptolemy.moml.MoMLSimpleApplication $file
"
    (procedure "createAndExecute" line 2)
    invoked from within
"createAndExecute $file"
    ("uplevel" body line 5)
    invoked from within
"uplevel $contents_of_test"
------------------ testing $PTII/ptolemy/domains/de/test/auto/knownFailedTests/FSMSource.xml (Known Failure) 
45 ms. Memory: 129024K Free: 110527K (86%)
!!!! Auto was marked as failing, but now passes
------------------ testing $PTII/ptolemy/domains/de/test/auto/knownFailedTests/HierarchicalModel.xml (Known Failure) 
5 ms. Memory: 129024K Free: 93110K (72%)


==== $PTIIhome/travis/build/icyphy/ptII/ptolemy/domains/de/test/../../../../: Auto Automatic test in file $PTII/ptolemy/domains/de/test/auto/knownFailedTests/HierarchicalModel.xml
==== Contents of test case:

	    # FIXME: we should use $relativeFilename here, but it
	    # might have backslashes under Windows, which causes no end
	    # of trouble.
	    createAndExecute $file
	    list {}
	
.... Test generated KNOWN error:
    while executing
ptolemy.kernel.util.IllegalActionException: Found a zero delay loop containing .HierarchicalModel.A
  in .HierarchicalModel and .HierarchicalModel.A
	at ptolemy.actor.util.CausalityInterfaceForComposites._computeOutputPortDepth(CausalityInterfaceForComposites.java:759)
	at ptolemy.actor.util.CausalityInterfaceForComposites._computeInputDepth(CausalityInterfaceForComposites.java:696)
	at ptolemy.actor.util.CausalityInterfaceForComposites._computeOutputPortDepth(CausalityInterfaceForComposites.java:765)
	at ptolemy.actor.util.CausalityInterfaceForComposites._computeInputDepth(CausalityInterfaceForComposites.java:696)
	at ptolemy.actor.util.CausalityInterfaceForComposites._computeOutputPortDepth(CausalityInterfaceForComposites.java:765)
	at ptolemy.actor.util.CausalityInterfaceForComposites._computeInputDepth(CausalityInterfaceForComposites.java:696)
	at ptolemy.actor.util.CausalityInterfaceForComposites._computeActorDepth(CausalityInterfaceForComposites.java:532)
	at ptolemy.actor.util.CausalityInterfaceForComposites.checkForCycles(CausalityInterfaceForComposites.java:96)
	at ptolemy.domains.de.kernel.DEDirector.preinitialize(DEDirector.java:1338)
	at ptolemy.actor.CompositeActor.preinitialize(CompositeActor.java:1828)
	at ptolemy.actor.Manager.preinitializeAndResolveTypes(Manager.java:1040)
	at ptolemy.actor.Manager.initialize(Manager.java:710)
	at ptolemy.actor.Manager.execute(Manager.java:356)
	at ptolemy.actor.Manager.run(Manager.java:1263)
	at ptolemy.actor.Manager$PtolemyRunThread.run(Manager.java:1933)

    while executing
ptolemy.kernel.util.IllegalActionException: Found a zero delay loop containing .HierarchicalModel.A
  in .HierarchicalModel and .HierarchicalModel.A
    while executing
"java::new ptolemy.moml.MoMLSimpleApplication $file
"
    (procedure "createAndExecute" line 2)
    invoked from within
"createAndExecute $file"
    ("uplevel" body line 5)
    invoked from within
"uplevel $contents_of_test"
------------------ testing $PTII/ptolemy/domains/de/test/auto/knownFailedTests/dependencyLoop2.xml (Known Failure) 
4 ms. Memory: 129024K Free: 77153K (60%)


==== $PTIIhome/travis/build/icyphy/ptII/ptolemy/domains/de/test/../../../../: Auto Automatic test in file $PTII/ptolemy/domains/de/test/auto/knownFailedTests/dependencyLoop2.xml
==== Contents of test case:

	    # FIXME: we should use $relativeFilename here, but it
	    # might have backslashes under Windows, which causes no end
	    # of trouble.
	    createAndExecute $file
	    list {}
	
.... Test generated KNOWN error:
    while executing
ptolemy.kernel.util.IllegalActionException: Found a zero delay loop containing .dependencyLoop2.original
  in .dependencyLoop2 and .dependencyLoop2.original
	at ptolemy.actor.util.CausalityInterfaceForComposites._computeOutputPortDepth(CausalityInterfaceForComposites.java:759)
	at ptolemy.actor.util.CausalityInterfaceForComposites._computeInputDepth(CausalityInterfaceForComposites.java:696)
	at ptolemy.actor.util.CausalityInterfaceForComposites._computeOutputPortDepth(CausalityInterfaceForComposites.java:765)
	at ptolemy.actor.util.CausalityInterfaceForComposites._computeInputDepth(CausalityInterfaceForComposites.java:696)
	at ptolemy.actor.util.CausalityInterfaceForComposites._computeOutputPortDepth(CausalityInterfaceForComposites.java:765)
	at ptolemy.actor.util.CausalityInterfaceForComposites._computeInputDepth(CausalityInterfaceForComposites.java:696)
	at ptolemy.actor.util.CausalityInterfaceForComposites._computeActorDepth(CausalityInterfaceForComposites.java:532)
	at ptolemy.actor.util.CausalityInterfaceForComposites.checkForCycles(CausalityInterfaceForComposites.java:96)
	at ptolemy.domains.de.kernel.DEDirector.preinitialize(DEDirector.java:1338)
	at ptolemy.actor.CompositeActor.preinitialize(CompositeActor.java:1828)
	at ptolemy.actor.Manager.preinitializeAndResolveTypes(Manager.java:1040)
	at ptolemy.actor.Manager.initialize(Manager.java:710)
	at ptolemy.actor.Manager.execute(Manager.java:356)
	at ptolemy.actor.Manager.run(Manager.java:1263)
	at ptolemy.actor.Manager$PtolemyRunThread.run(Manager.java:1933)

    while executing
ptolemy.kernel.util.IllegalActionException: Found a zero delay loop containing .dependencyLoop2.original
  in .dependencyLoop2 and .dependencyLoop2.original
    while executing
"java::new ptolemy.moml.MoMLSimpleApplication $file
"
    (procedure "createAndExecute" line 2)
    invoked from within
"createAndExecute $file"
    ("uplevel" body line 5)
    invoked from within
"uplevel $contents_of_test"
------------------ testing $PTII/ptolemy/domains/de/test/auto/knownFailedTests/DESDFClockTest.xml (Known Failure) 
2067 ms. Memory: 129024K Free: 107569K (83%)


==== $PTIIhome/travis/build/icyphy/ptII/ptolemy/domains/de/test/../../../../: Auto Automatic test in file $PTII/ptolemy/domains/de/test/auto/knownFailedTests/DESDFClockTest.xml
==== Contents of test case:

	    # FIXME: we should use $relativeFilename here, but it
	    # might have backslashes under Windows, which causes no end
	    # of trouble.
	    createAndExecute $file
	    list {}
	
.... Test generated KNOWN error:
    while executing
ptolemy.kernel.util.IllegalActionException: Actor is not ready to fire.  Perhaps UpSample.prefire() returned false? Try debugging the actor by selecting "Listen to Actor".  Also, for SDF check moml for tokenConsumptionRate on input.
  in .DESDFClockTest.Play Bell.Copy1:SDF Director and .DESDFClockTest.Play Bell.UpSample
	at ptolemy.actor.sched.StaticSchedulingDirector.fire(StaticSchedulingDirector.java:227)
	at ptolemy.domains.sdf.kernel.SDFDirector.fire(SDFDirector.java:500)
	at ptolemy.actor.CompositeActor.fire(CompositeActor.java:455)
	at ptolemy.domains.de.kernel.DEDirector._fire(DEDirector.java:1949)
	at ptolemy.domains.de.kernel.DEDirector.fire(DEDirector.java:502)
	at ptolemy.actor.CompositeActor.fire(CompositeActor.java:455)
	at ptolemy.actor.Manager.iterate(Manager.java:851)
	at ptolemy.actor.Manager.execute(Manager.java:369)
	at ptolemy.actor.Manager.run(Manager.java:1263)
	at ptolemy.actor.Manager$PtolemyRunThread.run(Manager.java:1933)

    while executing
ptolemy.kernel.util.IllegalActionException: Actor is not ready to fire.  Perhaps UpSample.prefire() returned false? Try debugging the actor by selecting "Listen to Actor".  Also, for SDF check moml for tokenConsumptionRate on input.
  in .DESDFClockTest.Play Bell.Copy1:SDF Director and .DESDFClockTest.Play Bell.UpSample
    while executing
"java::new ptolemy.moml.MoMLSimpleApplication $file
"
    (procedure "createAndExecute" line 2)
    invoked from within
"createAndExecute $file"
    ("uplevel" body line 5)
    invoked from within
"uplevel $contents_of_test"
------------------ testing $PTII/ptolemy/domains/de/test/auto/ActorDepthCalculation_actorWithoutPorts.xml
auto.tcl: Setting watchdog for 200 seconds at Fri Oct 02 15:42:07 UTC 2020
8 ms. Memory: 129024K Free: 99891K (77%)
ptolemy.util.test.WatchDog.cancel(): canceling Fri Oct 02 15:42:07 UTC 2020
auto.tcl: Setting watchdog for 200 seconds at Fri Oct 02 15:42:07 UTC 2020
4 ms. Memory: 129024K Free: 98353K (76%)
ptolemy.util.test.WatchDog.cancel(): canceling Fri Oct 02 15:42:07 UTC 2020
------------------ testing $PTII/ptolemy/domains/de/test/auto/AssemblyLine.xml
auto.tcl: Setting watchdog for 200 seconds at Fri Oct 02 15:42:08 UTC 2020
17 ms. Memory: 51200K Free: 27486K (54%)
ptolemy.util.test.WatchDog.cancel(): canceling Fri Oct 02 15:42:08 UTC 2020
auto.tcl: Setting watchdog for 200 seconds at Fri Oct 02 15:42:08 UTC 2020
8 ms. Memory: 51200K Free: 27018K (53%)
ptolemy.util.test.WatchDog.cancel(): canceling Fri Oct 02 15:42:08 UTC 2020
------------------ testing $PTII/ptolemy/domains/de/test/auto/CQBug1.xml
auto.tcl: Setting watchdog for 200 seconds at Fri Oct 02 15:42:08 UTC 2020
3 ms. Memory: 51200K Free: 33835K (66%)
ptolemy.util.test.WatchDog.cancel(): canceling Fri Oct 02 15:42:08 UTC 2020
auto.tcl: Setting watchdog for 200 seconds at Fri Oct 02 15:42:08 UTC 2020
2 ms. Memory: 51200K Free: 33357K (65%)
ptolemy.util.test.WatchDog.cancel(): canceling Fri Oct 02 15:42:08 UTC 2020
------------------ testing $PTII/ptolemy/domains/de/test/auto/CancelFireAt.xml
auto.tcl: Setting watchdog for 200 seconds at Fri Oct 02 15:42:08 UTC 2020
2 ms. Memory: 51200K Free: 34468K (67%)
ptolemy.util.test.WatchDog.cancel(): canceling Fri Oct 02 15:42:08 UTC 2020
auto.tcl: Setting watchdog for 200 seconds at Fri Oct 02 15:42:08 UTC 2020
2 ms. Memory: 51200K Free: 34000K (66%)
ptolemy.util.test.WatchDog.cancel(): canceling Fri Oct 02 15:42:08 UTC 2020
------------------ testing $PTII/ptolemy/domains/de/test/auto/CausalityAndComposabilityAnalysis.xml
auto.tcl: Setting watchdog for 200 seconds at Fri Oct 02 15:42:08 UTC 2020
15 ms. Memory: 51200K Free: 32355K (63%)
ptolemy.util.test.WatchDog.cancel(): canceling Fri Oct 02 15:42:08 UTC 2020
auto.tcl: Setting watchdog for 200 seconds at Fri Oct 02 15:42:08 UTC 2020
4 ms. Memory: 51200K Free: 31960K (62%)
ptolemy.util.test.WatchDog.cancel(): canceling Fri Oct 02 15:42:08 UTC 2020
------------------ testing $PTII/ptolemy/domains/de/test/auto/CausalityInterface1.xml
auto.tcl: Setting watchdog for 200 seconds at Fri Oct 02 15:42:08 UTC 2020
29 ms. Memory: 51200K Free: 31364K (61%)
ptolemy.util.test.WatchDog.cancel(): canceling Fri Oct 02 15:42:08 UTC 2020
auto.tcl: Setting watchdog for 200 seconds at Fri Oct 02 15:42:08 UTC 2020
4 ms. Memory: 51200K Free: 30391K (59%)
ptolemy.util.test.WatchDog.cancel(): canceling Fri Oct 02 15:42:08 UTC 2020
------------------ testing $PTII/ptolemy/domains/de/test/auto/CausalityInterface15.xml
auto.tcl: Setting watchdog for 200 seconds at Fri Oct 02 15:42:08 UTC 2020
13 ms. Memory: 51200K Free: 31282K (61%)
ptolemy.util.test.WatchDog.cancel(): canceling Fri Oct 02 15:42:08 UTC 2020
auto.tcl: Setting watchdog for 200 seconds at Fri Oct 02 15:42:08 UTC 2020
9 ms. Memory: 51200K Free: 30340K (59%)
ptolemy.util.test.WatchDog.cancel(): canceling Fri Oct 02 15:42:08 UTC 2020
------------------ testing $PTII/ptolemy/domains/de/test/auto/CausalityInterface2.xml
auto.tcl: Setting watchdog for 200 seconds at Fri Oct 02 15:42:09 UTC 2020
9 ms. Memory: 51200K Free: 31544K (62%)
ptolemy.util.test.WatchDog.cancel(): canceling Fri Oct 02 15:42:09 UTC 2020
auto.tcl: Setting watchdog for 200 seconds at Fri Oct 02 15:42:09 UTC 2020
3 ms. Memory: 51200K Free: 31068K (61%)
ptolemy.util.test.WatchDog.cancel(): canceling Fri Oct 02 15:42:09 UTC 2020
------------------ testing $PTII/ptolemy/domains/de/test/auto/CausalityInterface3.xml
auto.tcl: Setting watchdog for 200 seconds at Fri Oct 02 15:42:09 UTC 2020
3 ms. Memory: 51200K Free: 31546K (62%)
ptolemy.util.test.WatchDog.cancel(): canceling Fri Oct 02 15:42:09 UTC 2020
auto.tcl: Setting watchdog for 200 seconds at Fri Oct 02 15:42:09 UTC 2020
3 ms. Memory: 51200K Free: 31062K (61%)
ptolemy.util.test.WatchDog.cancel(): canceling Fri Oct 02 15:42:09 UTC 2020
------------------ testing $PTII/ptolemy/domains/de/test/auto/ClockDrift.xml
auto.tcl: Setting watchdog for 200 seconds at Fri Oct 02 15:42:09 UTC 2020
74 ms. Memory: 51200K Free: 24149K (47%)
ptolemy.util.test.WatchDog.cancel(): canceling Fri Oct 02 15:42:09 UTC 2020
auto.tcl: Setting watchdog for 200 seconds at Fri Oct 02 15:42:09 UTC 2020
52 ms. Memory: 51200K Free: 21139K (41%)
ptolemy.util.test.WatchDog.cancel(): canceling Fri Oct 02 15:42:09 UTC 2020
------------------ testing $PTII/ptolemy/domains/de/test/auto/ClockDriftAndValueChange.xml
auto.tcl: Setting watchdog for 200 seconds at Fri Oct 02 15:42:09 UTC 2020
47 ms. Memory: 51200K Free: 24252K (47%)
ptolemy.util.test.WatchDog.cancel(): canceling Fri Oct 02 15:42:09 UTC 2020
auto.tcl: Setting watchdog for 200 seconds at Fri Oct 02 15:42:09 UTC 2020
54 ms. Memory: 51200K Free: 21438K (42%)
ptolemy.util.test.WatchDog.cancel(): canceling Fri Oct 02 15:42:09 UTC 2020
------------------ testing $PTII/ptolemy/domains/de/test/auto/ClockDriftChange.xml
auto.tcl: Setting watchdog for 200 seconds at Fri Oct 02 15:42:09 UTC 2020
32 ms. Memory: 51200K Free: 26019K (51%)
ptolemy.util.test.WatchDog.cancel(): canceling Fri Oct 02 15:42:09 UTC 2020
auto.tcl: Setting watchdog for 200 seconds at Fri Oct 02 15:42:09 UTC 2020
28 ms. Memory: 51200K Free: 23482K (46%)
ptolemy.util.test.WatchDog.cancel(): canceling Fri Oct 02 15:42:09 UTC 2020
------------------ testing $PTII/ptolemy/domains/de/test/auto/ComposableCausalityAnalysis.xml
auto.tcl: Setting watchdog for 200 seconds at Fri Oct 02 15:42:09 UTC 2020
3 ms. Memory: 51200K Free: 30823K (60%)
ptolemy.util.test.WatchDog.cancel(): canceling Fri Oct 02 15:42:09 UTC 2020
auto.tcl: Setting watchdog for 200 seconds at Fri Oct 02 15:42:09 UTC 2020
6 ms. Memory: 51200K Free: 29794K (58%)
ptolemy.util.test.WatchDog.cancel(): canceling Fri Oct 02 15:42:09 UTC 2020
------------------ testing $PTII/ptolemy/domains/de/test/auto/DEFixedPointLimitation.xml
auto.tcl: Setting watchdog for 200 seconds at Fri Oct 02 15:42:10 UTC 2020
3 ms. Memory: 51200K Free: 32257K (63%)
ptolemy.util.test.WatchDog.cancel(): canceling Fri Oct 02 15:42:10 UTC 2020
auto.tcl: Setting watchdog for 200 seconds at Fri Oct 02 15:42:10 UTC 2020
2 ms. Memory: 51200K Free: 31357K (61%)
ptolemy.util.test.WatchDog.cancel(): canceling Fri Oct 02 15:42:10 UTC 2020
------------------ testing $PTII/ptolemy/domains/de/test/auto/DEScheduleTest.xml
auto.tcl: Setting watchdog for 200 seconds at Fri Oct 02 15:42:10 UTC 2020
7 ms. Memory: 51200K Free: 32583K (64%)
ptolemy.util.test.WatchDog.cancel(): canceling Fri Oct 02 15:42:10 UTC 2020
auto.tcl: Setting watchdog for 200 seconds at Fri Oct 02 15:42:10 UTC 2020
4 ms. Memory: 51200K Free: 31827K (62%)
ptolemy.util.test.WatchDog.cancel(): canceling Fri Oct 02 15:42:10 UTC 2020
------------------ testing $PTII/ptolemy/domains/de/test/auto/DEinDEwithStartTimes.xml
auto.tcl: Setting watchdog for 200 seconds at Fri Oct 02 15:42:10 UTC 2020
7 ms. Memory: 51200K Free: 30754K (60%)
ptolemy.util.test.WatchDog.cancel(): canceling Fri Oct 02 15:42:10 UTC 2020
auto.tcl: Setting watchdog for 200 seconds at Fri Oct 02 15:42:10 UTC 2020
4 ms. Memory: 51200K Free: 29730K (58%)
ptolemy.util.test.WatchDog.cancel(): canceling Fri Oct 02 15:42:10 UTC 2020
------------------ testing $PTII/ptolemy/domains/de/test/auto/DEinDEwithStartTimes2.xml
auto.tcl: Setting watchdog for 200 seconds at Fri Oct 02 15:42:10 UTC 2020
10 ms. Memory: 51200K Free: 29862K (58%)
ptolemy.util.test.WatchDog.cancel(): canceling Fri Oct 02 15:42:10 UTC 2020
auto.tcl: Setting watchdog for 200 seconds at Fri Oct 02 15:42:10 UTC 2020
4 ms. Memory: 51200K Free: 28685K (56%)
ptolemy.util.test.WatchDog.cancel(): canceling Fri Oct 02 15:42:10 UTC 2020
------------------ testing $PTII/ptolemy/domains/de/test/auto/DateDemo.xml
auto.tcl: Setting watchdog for 200 seconds at Fri Oct 02 15:42:10 UTC 2020
22 ms. Memory: 51200K Free: 24297K (47%)
ptolemy.util.test.WatchDog.cancel(): canceling Fri Oct 02 15:42:10 UTC 2020
auto.tcl: Setting watchdog for 200 seconds at Fri Oct 02 15:42:10 UTC 2020
9 ms. Memory: 51200K Free: 22647K (44%)
ptolemy.util.test.WatchDog.cancel(): canceling Fri Oct 02 15:42:10 UTC 2020
------------------ testing $PTII/ptolemy/domains/de/test/auto/DateToEvent.xml
auto.tcl: Setting watchdog for 200 seconds at Fri Oct 02 15:42:10 UTC 2020
2020 ms. Memory: 51200K Free: 20250K (40%)
ptolemy.util.test.WatchDog.cancel(): canceling Fri Oct 02 15:42:12 UTC 2020
auto.tcl: Setting watchdog for 200 seconds at Fri Oct 02 15:42:12 UTC 2020
2006 ms. Memory: 51200K Free: 19357K (38%)
ptolemy.util.test.WatchDog.cancel(): canceling Fri Oct 02 15:42:14 UTC 2020
------------------ testing $PTII/ptolemy/domains/de/test/auto/DepthTest1.xml
auto.tcl: Setting watchdog for 200 seconds at Fri Oct 02 15:42:14 UTC 2020
3 ms. Memory: 51200K Free: 33413K (65%)
ptolemy.util.test.WatchDog.cancel(): canceling Fri Oct 02 15:42:14 UTC 2020
auto.tcl: Setting watchdog for 200 seconds at Fri Oct 02 15:42:14 UTC 2020
2 ms. Memory: 51200K Free: 32927K (64%)
ptolemy.util.test.WatchDog.cancel(): canceling Fri Oct 02 15:42:14 UTC 2020
------------------ testing $PTII/ptolemy/domains/de/test/auto/DepthTest2.xml
auto.tcl: Setting watchdog for 200 seconds at Fri Oct 02 15:42:14 UTC 2020
11 ms. Memory: 51200K Free: 30184K (59%)
ptolemy.util.test.WatchDog.cancel(): canceling Fri Oct 02 15:42:14 UTC 2020
auto.tcl: Setting watchdog for 200 seconds at Fri Oct 02 15:42:14 UTC 2020
2 ms. Memory: 51200K Free: 29739K (58%)
ptolemy.util.test.WatchDog.cancel(): canceling Fri Oct 02 15:42:14 UTC 2020
------------------ testing $PTII/ptolemy/domains/de/test/auto/DepthTest3.xml
auto.tcl: Setting watchdog for 200 seconds at Fri Oct 02 15:42:14 UTC 2020
4 ms. Memory: 51200K Free: 33121K (65%)
ptolemy.util.test.WatchDog.cancel(): canceling Fri Oct 02 15:42:14 UTC 2020
auto.tcl: Setting watchdog for 200 seconds at Fri Oct 02 15:42:14 UTC 2020
1 ms. Memory: 51200K Free: 32702K (64%)
ptolemy.util.test.WatchDog.cancel(): canceling Fri Oct 02 15:42:14 UTC 2020
------------------ testing $PTII/ptolemy/domains/de/test/auto/DepthTest4.xml
auto.tcl: Setting watchdog for 200 seconds at Fri Oct 02 15:42:14 UTC 2020
4 ms. Memory: 51200K Free: 31975K (62%)
ptolemy.util.test.WatchDog.cancel(): canceling Fri Oct 02 15:42:15 UTC 2020
auto.tcl: Setting watchdog for 200 seconds at Fri Oct 02 15:42:15 UTC 2020
2 ms. Memory: 51200K Free: 31300K (61%)
ptolemy.util.test.WatchDog.cancel(): canceling Fri Oct 02 15:42:15 UTC 2020
------------------ testing $PTII/ptolemy/domains/de/test/auto/DepthTest5.xml
auto.tcl: Setting watchdog for 200 seconds at Fri Oct 02 15:42:15 UTC 2020
3 ms. Memory: 51200K Free: 31423K (61%)
ptolemy.util.test.WatchDog.cancel(): canceling Fri Oct 02 15:42:15 UTC 2020
auto.tcl: Setting watchdog for 200 seconds at Fri Oct 02 15:42:15 UTC 2020
2 ms. Memory: 51200K Free: 30687K (60%)
ptolemy.util.test.WatchDog.cancel(): canceling Fri Oct 02 15:42:15 UTC 2020
------------------ testing $PTII/ptolemy/domains/de/test/auto/DepthTest6.xml
auto.tcl: Setting watchdog for 200 seconds at Fri Oct 02 15:42:15 UTC 2020
11 ms. Memory: 51200K Free: 31153K (61%)
ptolemy.util.test.WatchDog.cancel(): canceling Fri Oct 02 15:42:15 UTC 2020
auto.tcl: Setting watchdog for 200 seconds at Fri Oct 02 15:42:15 UTC 2020
4 ms. Memory: 51200K Free: 30700K (60%)
ptolemy.util.test.WatchDog.cancel(): canceling Fri Oct 02 15:42:15 UTC 2020
------------------ testing $PTII/ptolemy/domains/de/test/auto/DepthTest7.xml
auto.tcl: Setting watchdog for 200 seconds at Fri Oct 02 15:42:15 UTC 2020
3 ms. Memory: 51200K Free: 31899K (62%)
ptolemy.util.test.WatchDog.cancel(): canceling Fri Oct 02 15:42:15 UTC 2020
auto.tcl: Setting watchdog for 200 seconds at Fri Oct 02 15:42:15 UTC 2020
3 ms. Memory: 51200K Free: 31238K (61%)
ptolemy.util.test.WatchDog.cancel(): canceling Fri Oct 02 15:42:15 UTC 2020
------------------ testing $PTII/ptolemy/domains/de/test/auto/EventToDate.xml
auto.tcl: Setting watchdog for 200 seconds at Fri Oct 02 15:42:15 UTC 2020
3005 ms. Memory: 51200K Free: 22707K (44%)
ptolemy.util.test.WatchDog.cancel(): canceling Fri Oct 02 15:42:18 UTC 2020
auto.tcl: Setting watchdog for 200 seconds at Fri Oct 02 15:42:18 UTC 2020
3004 ms. Memory: 51200K Free: 22051K (43%)
ptolemy.util.test.WatchDog.cancel(): canceling Fri Oct 02 15:42:21 UTC 2020
------------------ testing $PTII/ptolemy/domains/de/test/auto/FSM1.xml
auto.tcl: Setting watchdog for 200 seconds at Fri Oct 02 15:42:21 UTC 2020
30 ms. Memory: 51200K Free: 23962K (47%)
ptolemy.util.test.WatchDog.cancel(): canceling Fri Oct 02 15:42:21 UTC 2020
auto.tcl: Setting watchdog for 200 seconds at Fri Oct 02 15:42:21 UTC 2020
22 ms. Memory: 51200K Free: 20692K (40%)
ptolemy.util.test.WatchDog.cancel(): canceling Fri Oct 02 15:42:21 UTC 2020
------------------ testing $PTII/ptolemy/domains/de/test/auto/FSM7.xml
auto.tcl: Setting watchdog for 200 seconds at Fri Oct 02 15:42:21 UTC 2020
28 ms. Memory: 51200K Free: 23622K (46%)
ptolemy.util.test.WatchDog.cancel(): canceling Fri Oct 02 15:42:21 UTC 2020
auto.tcl: Setting watchdog for 200 seconds at Fri Oct 02 15:42:21 UTC 2020
25 ms. Memory: 51200K Free: 20467K (40%)
ptolemy.util.test.WatchDog.cancel(): canceling Fri Oct 02 15:42:21 UTC 2020
------------------ testing $PTII/ptolemy/domains/de/test/auto/Inspection.xml
auto.tcl: Setting watchdog for 200 seconds at Fri Oct 02 15:42:21 UTC 2020
25 ms. Memory: 51200K Free: 23618K (46%)
ptolemy.util.test.WatchDog.cancel(): canceling Fri Oct 02 15:42:21 UTC 2020
auto.tcl: Setting watchdog for 200 seconds at Fri Oct 02 15:42:21 UTC 2020
22 ms. Memory: 51200K Free: 21935K (43%)
ptolemy.util.test.WatchDog.cancel(): canceling Fri Oct 02 15:42:21 UTC 2020
------------------ testing $PTII/ptolemy/domains/de/test/auto/Iteration.xml
auto.tcl: Setting watchdog for 200 seconds at Fri Oct 02 15:42:21 UTC 2020
6 ms. Memory: 51200K Free: 29194K (57%)
ptolemy.util.test.WatchDog.cancel(): canceling Fri Oct 02 15:42:21 UTC 2020
auto.tcl: Setting watchdog for 200 seconds at Fri Oct 02 15:42:21 UTC 2020
7 ms. Memory: 51200K Free: 28011K (55%)
ptolemy.util.test.WatchDog.cancel(): canceling Fri Oct 02 15:42:21 UTC 2020
------------------ testing $PTII/ptolemy/domains/de/test/auto/LineFault.xml
auto.tcl: Setting watchdog for 200 seconds at Fri Oct 02 15:42:21 UTC 2020
643 ms. Memory: 51200K Free: 17306K (34%)
ptolemy.util.test.WatchDog.cancel(): canceling Fri Oct 02 15:42:22 UTC 2020
auto.tcl: Setting watchdog for 200 seconds at Fri Oct 02 15:42:22 UTC 2020
546 ms. Memory: 61440K Free: 20501K (33%)
ptolemy.util.test.WatchDog.cancel(): canceling Fri Oct 02 15:42:23 UTC 2020
------------------ testing $PTII/ptolemy/domains/de/test/auto/MergeModel1Add.xml
auto.tcl: Setting watchdog for 200 seconds at Fri Oct 02 15:42:23 UTC 2020
34 ms. Memory: 55296K Free: 19523K (35%)
ptolemy.util.test.WatchDog.cancel(): canceling Fri Oct 02 15:42:23 UTC 2020
auto.tcl: Setting watchdog for 200 seconds at Fri Oct 02 15:42:23 UTC 2020
12 ms. Memory: 55296K Free: 17904K (32%)
ptolemy.util.test.WatchDog.cancel(): canceling Fri Oct 02 15:42:23 UTC 2020
------------------ testing $PTII/ptolemy/domains/de/test/auto/MergeModel2Add.xml
auto.tcl: Setting watchdog for 200 seconds at Fri Oct 02 15:42:23 UTC 2020
8 ms. Memory: 55296K Free: 21504K (39%)
ptolemy.util.test.WatchDog.cancel(): canceling Fri Oct 02 15:42:23 UTC 2020
auto.tcl: Setting watchdog for 200 seconds at Fri Oct 02 15:42:23 UTC 2020
7 ms. Memory: 55296K Free: 19608K (35%)
ptolemy.util.test.WatchDog.cancel(): canceling Fri Oct 02 15:42:23 UTC 2020
------------------ testing $PTII/ptolemy/domains/de/test/auto/MergeModel3Add.xml
auto.tcl: Setting watchdog for 200 seconds at Fri Oct 02 15:42:23 UTC 2020
10 ms. Memory: 55296K Free: 21583K (39%)
ptolemy.util.test.WatchDog.cancel(): canceling Fri Oct 02 15:42:23 UTC 2020
auto.tcl: Setting watchdog for 200 seconds at Fri Oct 02 15:42:23 UTC 2020
10 ms. Memory: 55296K Free: 20166K (36%)
ptolemy.util.test.WatchDog.cancel(): canceling Fri Oct 02 15:42:23 UTC 2020
------------------ testing $PTII/ptolemy/domains/de/test/auto/MergeWithoutDiscard.xml
auto.tcl: Setting watchdog for 200 seconds at Fri Oct 02 15:42:23 UTC 2020
2 ms. Memory: 51200K Free: 32027K (63%)
ptolemy.util.test.WatchDog.cancel(): canceling Fri Oct 02 15:42:23 UTC 2020
auto.tcl: Setting watchdog for 200 seconds at Fri Oct 02 15:42:23 UTC 2020
2 ms. Memory: 51200K Free: 31583K (62%)
ptolemy.util.test.WatchDog.cancel(): canceling Fri Oct 02 15:42:23 UTC 2020
------------------ testing $PTII/ptolemy/domains/de/test/auto/Modal1.xml
auto.tcl: Setting watchdog for 200 seconds at Fri Oct 02 15:42:23 UTC 2020
15 ms. Memory: 51200K Free: 23959K (47%)
ptolemy.util.test.WatchDog.cancel(): canceling Fri Oct 02 15:42:23 UTC 2020
auto.tcl: Setting watchdog for 200 seconds at Fri Oct 02 15:42:23 UTC 2020
12 ms. Memory: 51200K Free: 20510K (40%)
ptolemy.util.test.WatchDog.cancel(): canceling Fri Oct 02 15:42:23 UTC 2020
------------------ testing $PTII/ptolemy/domains/de/test/auto/Modal2.xml
auto.tcl: Setting watchdog for 200 seconds at Fri Oct 02 15:42:24 UTC 2020
16 ms. Memory: 51200K Free: 24093K (47%)
ptolemy.util.test.WatchDog.cancel(): canceling Fri Oct 02 15:42:24 UTC 2020
auto.tcl: Setting watchdog for 200 seconds at Fri Oct 02 15:42:24 UTC 2020
18 ms. Memory: 51200K Free: 20853K (41%)
ptolemy.util.test.WatchDog.cancel(): canceling Fri Oct 02 15:42:24 UTC 2020
------------------ testing $PTII/ptolemy/domains/de/test/auto/Modal3.xml
auto.tcl: Setting watchdog for 200 seconds at Fri Oct 02 15:42:24 UTC 2020
15 ms. Memory: 51200K Free: 24062K (47%)
ptolemy.util.test.WatchDog.cancel(): canceling Fri Oct 02 15:42:24 UTC 2020
auto.tcl: Setting watchdog for 200 seconds at Fri Oct 02 15:42:24 UTC 2020
13 ms. Memory: 51200K Free: 20835K (41%)
ptolemy.util.test.WatchDog.cancel(): canceling Fri Oct 02 15:42:24 UTC 2020
------------------ testing $PTII/ptolemy/domains/de/test/auto/Modal4.xml
auto.tcl: Setting watchdog for 200 seconds at Fri Oct 02 15:42:24 UTC 2020
24 ms. Memory: 51200K Free: 23044K (45%)
ptolemy.util.test.WatchDog.cancel(): canceling Fri Oct 02 15:42:24 UTC 2020
auto.tcl: Setting watchdog for 200 seconds at Fri Oct 02 15:42:24 UTC 2020
22 ms. Memory: 51200K Free: 19226K (38%)
ptolemy.util.test.WatchDog.cancel(): canceling Fri Oct 02 15:42:24 UTC 2020
------------------ testing $PTII/ptolemy/domains/de/test/auto/Modal5.xml
auto.tcl: Setting watchdog for 200 seconds at Fri Oct 02 15:42:24 UTC 2020
14 ms. Memory: 51200K Free: 23061K (45%)
ptolemy.util.test.WatchDog.cancel(): canceling Fri Oct 02 15:42:24 UTC 2020
auto.tcl: Setting watchdog for 200 seconds at Fri Oct 02 15:42:24 UTC 2020
14 ms. Memory: 51200K Free: 19213K (38%)
ptolemy.util.test.WatchDog.cancel(): canceling Fri Oct 02 15:42:24 UTC 2020
------------------ testing $PTII/ptolemy/domains/de/test/auto/Modal6.xml
auto.tcl: Setting watchdog for 200 seconds at Fri Oct 02 15:42:24 UTC 2020
17 ms. Memory: 51200K Free: 23823K (47%)
ptolemy.util.test.WatchDog.cancel(): canceling Fri Oct 02 15:42:24 UTC 2020
auto.tcl: Setting watchdog for 200 seconds at Fri Oct 02 15:42:24 UTC 2020
16 ms. Memory: 51200K Free: 19825K (39%)
ptolemy.util.test.WatchDog.cancel(): canceling Fri Oct 02 15:42:24 UTC 2020
------------------ testing $PTII/ptolemy/domains/de/test/auto/Modal7.xml
auto.tcl: Setting watchdog for 200 seconds at Fri Oct 02 15:42:24 UTC 2020
13 ms. Memory: 51200K Free: 22780K (44%)
ptolemy.util.test.WatchDog.cancel(): canceling Fri Oct 02 15:42:24 UTC 2020
auto.tcl: Setting watchdog for 200 seconds at Fri Oct 02 15:42:24 UTC 2020
9 ms. Memory: 51200K Free: 19212K (38%)
ptolemy.util.test.WatchDog.cancel(): canceling Fri Oct 02 15:42:24 UTC 2020
------------------ testing $PTII/ptolemy/domains/de/test/auto/ModalModel.xml
auto.tcl: Setting watchdog for 200 seconds at Fri Oct 02 15:42:24 UTC 2020
199 ms. Memory: 51200K Free: 17312K (34%)
ptolemy.util.test.WatchDog.cancel(): canceling Fri Oct 02 15:42:24 UTC 2020
auto.tcl: Setting watchdog for 200 seconds at Fri Oct 02 15:42:24 UTC 2020
195 ms. Memory: 67584K Free: 27084K (40%)
ptolemy.util.test.WatchDog.cancel(): canceling Fri Oct 02 15:42:25 UTC 2020
------------------ testing $PTII/ptolemy/domains/de/test/auto/ModalSource.xml
auto.tcl: Setting watchdog for 200 seconds at Fri Oct 02 15:42:25 UTC 2020
6 ms. Memory: 51200K Free: 27886K (54%)
ptolemy.util.test.WatchDog.cancel(): canceling Fri Oct 02 15:42:25 UTC 2020
auto.tcl: Setting watchdog for 200 seconds at Fri Oct 02 15:42:25 UTC 2020
6 ms. Memory: 51200K Free: 25838K (50%)
ptolemy.util.test.WatchDog.cancel(): canceling Fri Oct 02 15:42:25 UTC 2020
------------------ testing $PTII/ptolemy/domains/de/test/auto/NonInterruptibleTimerZeroDelay.xml
auto.tcl: Setting watchdog for 200 seconds at Fri Oct 02 15:42:25 UTC 2020
3 ms. Memory: 51200K Free: 32822K (64%)
ptolemy.util.test.WatchDog.cancel(): canceling Fri Oct 02 15:42:25 UTC 2020
auto.tcl: Setting watchdog for 200 seconds at Fri Oct 02 15:42:25 UTC 2020
2 ms. Memory: 51200K Free: 32163K (63%)
ptolemy.util.test.WatchDog.cancel(): canceling Fri Oct 02 15:42:25 UTC 2020
------------------ testing $PTII/ptolemy/domains/de/test/auto/OpenQueueingNetwork.xml
auto.tcl: Setting watchdog for 200 seconds at Fri Oct 02 15:42:25 UTC 2020
2723 ms. Memory: 128000K Free: 88824K (69%)
ptolemy.util.test.WatchDog.cancel(): canceling Fri Oct 02 15:42:28 UTC 2020
auto.tcl: Setting watchdog for 200 seconds at Fri Oct 02 15:42:28 UTC 2020
2285 ms. Memory: 153600K Free: 115281K (75%)
ptolemy.util.test.WatchDog.cancel(): canceling Fri Oct 02 15:42:30 UTC 2020
------------------ testing $PTII/ptolemy/domains/de/test/auto/OpenQueuingNetwork.xml
auto.tcl: Setting watchdog for 200 seconds at Fri Oct 02 15:42:30 UTC 2020
233 ms. Memory: 58368K Free: 32044K (55%)
ptolemy.util.test.WatchDog.cancel(): canceling Fri Oct 02 15:42:30 UTC 2020
auto.tcl: Setting watchdog for 200 seconds at Fri Oct 02 15:42:30 UTC 2020
227 ms. Memory: 58368K Free: 13519K (23%)
ptolemy.util.test.WatchDog.cancel(): canceling Fri Oct 02 15:42:31 UTC 2020
------------------ testing $PTII/ptolemy/domains/de/test/auto/PeriodicSampler.xml
auto.tcl: Setting watchdog for 200 seconds at Fri Oct 02 15:42:31 UTC 2020
4 ms. Memory: 55296K Free: 36115K (65%)
ptolemy.util.test.WatchDog.cancel(): canceling Fri Oct 02 15:42:31 UTC 2020
auto.tcl: Setting watchdog for 200 seconds at Fri Oct 02 15:42:31 UTC 2020
3 ms. Memory: 55296K Free: 35595K (64%)
ptolemy.util.test.WatchDog.cancel(): canceling Fri Oct 02 15:42:31 UTC 2020
------------------ testing $PTII/ptolemy/domains/de/test/auto/PersistentIO.xml
auto.tcl: Setting watchdog for 200 seconds at Fri Oct 02 15:42:31 UTC 2020
5 ms. Memory: 55296K Free: 31040K (56%)
ptolemy.util.test.WatchDog.cancel(): canceling Fri Oct 02 15:42:31 UTC 2020
auto.tcl: Setting watchdog for 200 seconds at Fri Oct 02 15:42:31 UTC 2020
4 ms. Memory: 55296K Free: 29520K (53%)
ptolemy.util.test.WatchDog.cancel(): canceling Fri Oct 02 15:42:31 UTC 2020
------------------ testing $PTII/ptolemy/domains/de/test/auto/PortParameterResetOnInitialize.xml
auto.tcl: Setting watchdog for 200 seconds at Fri Oct 02 15:42:31 UTC 2020
7 ms. Memory: 55296K Free: 36034K (65%)
ptolemy.util.test.WatchDog.cancel(): canceling Fri Oct 02 15:42:31 UTC 2020
auto.tcl: Setting watchdog for 200 seconds at Fri Oct 02 15:42:31 UTC 2020
4 ms. Memory: 55296K Free: 35527K (64%)
ptolemy.util.test.WatchDog.cancel(): canceling Fri Oct 02 15:42:31 UTC 2020
------------------ testing $PTII/ptolemy/domains/de/test/auto/PortParameterUpdates.xml
auto.tcl: Setting watchdog for 200 seconds at Fri Oct 02 15:42:31 UTC 2020
6 ms. Memory: 55296K Free: 34107K (62%)
ptolemy.util.test.WatchDog.cancel(): canceling Fri Oct 02 15:42:31 UTC 2020
auto.tcl: Setting watchdog for 200 seconds at Fri Oct 02 15:42:31 UTC 2020
4 ms. Memory: 55296K Free: 33083K (60%)
ptolemy.util.test.WatchDog.cancel(): canceling Fri Oct 02 15:42:31 UTC 2020
------------------ testing $PTII/ptolemy/domains/de/test/auto/QueueAndServer.xml
auto.tcl: Setting watchdog for 200 seconds at Fri Oct 02 15:42:31 UTC 2020
5 ms. Memory: 55296K Free: 33061K (60%)
ptolemy.util.test.WatchDog.cancel(): canceling Fri Oct 02 15:42:31 UTC 2020
auto.tcl: Setting watchdog for 200 seconds at Fri Oct 02 15:42:31 UTC 2020
6 ms. Memory: 55296K Free: 31527K (57%)
ptolemy.util.test.WatchDog.cancel(): canceling Fri Oct 02 15:42:31 UTC 2020
------------------ testing $PTII/ptolemy/domains/de/test/auto/Records.xml
auto.tcl: Setting watchdog for 200 seconds at Fri Oct 02 15:42:31 UTC 2020
4 ms. Memory: 51200K Free: 31172K (61%)
ptolemy.util.test.WatchDog.cancel(): canceling Fri Oct 02 15:42:31 UTC 2020
auto.tcl: Setting watchdog for 200 seconds at Fri Oct 02 15:42:31 UTC 2020
2 ms. Memory: 51200K Free: 30660K (60%)
ptolemy.util.test.WatchDog.cancel(): canceling Fri Oct 02 15:42:31 UTC 2020
------------------ testing $PTII/ptolemy/domains/de/test/auto/ResetTransitionWithStartTime1.xml
auto.tcl: Setting watchdog for 200 seconds at Fri Oct 02 15:42:31 UTC 2020
14 ms. Memory: 51200K Free: 28428K (56%)
ptolemy.util.test.WatchDog.cancel(): canceling Fri Oct 02 15:42:31 UTC 2020
auto.tcl: Setting watchdog for 200 seconds at Fri Oct 02 15:42:31 UTC 2020
6 ms. Memory: 51200K Free: 26380K (52%)
ptolemy.util.test.WatchDog.cancel(): canceling Fri Oct 02 15:42:31 UTC 2020
------------------ testing $PTII/ptolemy/domains/de/test/auto/ResetTransitionWithStartTime2.xml
auto.tcl: Setting watchdog for 200 seconds at Fri Oct 02 15:42:31 UTC 2020
5 ms. Memory: 51200K Free: 28420K (56%)
ptolemy.util.test.WatchDog.cancel(): canceling Fri Oct 02 15:42:31 UTC 2020
auto.tcl: Setting watchdog for 200 seconds at Fri Oct 02 15:42:31 UTC 2020
5 ms. Memory: 51200K Free: 26335K (51%)
ptolemy.util.test.WatchDog.cancel(): canceling Fri Oct 02 15:42:31 UTC 2020
------------------ testing $PTII/ptolemy/domains/de/test/auto/ResetTransitionWithStartTime3.xml
auto.tcl: Setting watchdog for 200 seconds at Fri Oct 02 15:42:31 UTC 2020
13 ms. Memory: 51200K Free: 28419K (56%)
ptolemy.util.test.WatchDog.cancel(): canceling Fri Oct 02 15:42:31 UTC 2020
auto.tcl: Setting watchdog for 200 seconds at Fri Oct 02 15:42:31 UTC 2020
6 ms. Memory: 51200K Free: 26334K (51%)
ptolemy.util.test.WatchDog.cancel(): canceling Fri Oct 02 15:42:31 UTC 2020
------------------ testing $PTII/ptolemy/domains/de/test/auto/ResetTransitionWithStartTime4.xml
auto.tcl: Setting watchdog for 200 seconds at Fri Oct 02 15:42:31 UTC 2020
12 ms. Memory: 51200K Free: 28829K (56%)
ptolemy.util.test.WatchDog.cancel(): canceling Fri Oct 02 15:42:31 UTC 2020
auto.tcl: Setting watchdog for 200 seconds at Fri Oct 02 15:42:31 UTC 2020
4 ms. Memory: 51200K Free: 27357K (53%)
ptolemy.util.test.WatchDog.cancel(): canceling Fri Oct 02 15:42:31 UTC 2020
------------------ testing $PTII/ptolemy/domains/de/test/auto/ResettableTimer1.xml
auto.tcl: Setting watchdog for 200 seconds at Fri Oct 02 15:42:31 UTC 2020
2 ms. Memory: 51200K Free: 32549K (64%)
ptolemy.util.test.WatchDog.cancel(): canceling Fri Oct 02 15:42:31 UTC 2020
auto.tcl: Setting watchdog for 200 seconds at Fri Oct 02 15:42:31 UTC 2020
2 ms. Memory: 51200K Free: 31929K (62%)
ptolemy.util.test.WatchDog.cancel(): canceling Fri Oct 02 15:42:31 UTC 2020
------------------ testing $PTII/ptolemy/domains/de/test/auto/ResettableTimer2.xml
auto.tcl: Setting watchdog for 200 seconds at Fri Oct 02 15:42:32 UTC 2020
2 ms. Memory: 51200K Free: 32653K (64%)
ptolemy.util.test.WatchDog.cancel(): canceling Fri Oct 02 15:42:32 UTC 2020
auto.tcl: Setting watchdog for 200 seconds at Fri Oct 02 15:42:32 UTC 2020
3 ms. Memory: 51200K Free: 31996K (62%)
ptolemy.util.test.WatchDog.cancel(): canceling Fri Oct 02 15:42:32 UTC 2020
------------------ testing $PTII/ptolemy/domains/de/test/auto/ResettableTimer3.xml
auto.tcl: Setting watchdog for 200 seconds at Fri Oct 02 15:42:32 UTC 2020
2 ms. Memory: 51200K Free: 32515K (64%)
ptolemy.util.test.WatchDog.cancel(): canceling Fri Oct 02 15:42:32 UTC 2020
auto.tcl: Setting watchdog for 200 seconds at Fri Oct 02 15:42:32 UTC 2020
1 ms. Memory: 51200K Free: 32515K (64%)
ptolemy.util.test.WatchDog.cancel(): canceling Fri Oct 02 15:42:32 UTC 2020
------------------ testing $PTII/ptolemy/domains/de/test/auto/ResettableTimer4.xml
auto.tcl: Setting watchdog for 200 seconds at Fri Oct 02 15:42:32 UTC 2020
2 ms. Memory: 51200K Free: 32528K (64%)
ptolemy.util.test.WatchDog.cancel(): canceling Fri Oct 02 15:42:32 UTC 2020
auto.tcl: Setting watchdog for 200 seconds at Fri Oct 02 15:42:32 UTC 2020
2 ms. Memory: 51200K Free: 32022K (63%)
ptolemy.util.test.WatchDog.cancel(): canceling Fri Oct 02 15:42:32 UTC 2020
------------------ testing $PTII/ptolemy/domains/de/test/auto/ResettableTimer5.xml
auto.tcl: Setting watchdog for 200 seconds at Fri Oct 02 15:42:32 UTC 2020
2 ms. Memory: 51200K Free: 32006K (63%)
ptolemy.util.test.WatchDog.cancel(): canceling Fri Oct 02 15:42:32 UTC 2020
auto.tcl: Setting watchdog for 200 seconds at Fri Oct 02 15:42:32 UTC 2020
1 ms. Memory: 51200K Free: 31503K (62%)
ptolemy.util.test.WatchDog.cancel(): canceling Fri Oct 02 15:42:32 UTC 2020
------------------ testing $PTII/ptolemy/domains/de/test/auto/ResettableTimer6.xml
auto.tcl: Setting watchdog for 200 seconds at Fri Oct 02 15:42:32 UTC 2020
2 ms. Memory: 51200K Free: 32003K (63%)
ptolemy.util.test.WatchDog.cancel(): canceling Fri Oct 02 15:42:32 UTC 2020
auto.tcl: Setting watchdog for 200 seconds at Fri Oct 02 15:42:32 UTC 2020
1 ms. Memory: 51200K Free: 31493K (62%)
ptolemy.util.test.WatchDog.cancel(): canceling Fri Oct 02 15:42:32 UTC 2020
------------------ testing $PTII/ptolemy/domains/de/test/auto/ServerZeroDelay.xml
auto.tcl: Setting watchdog for 200 seconds at Fri Oct 02 15:42:32 UTC 2020
4 ms. Memory: 51200K Free: 32508K (63%)
ptolemy.util.test.WatchDog.cancel(): canceling Fri Oct 02 15:42:32 UTC 2020
auto.tcl: Setting watchdog for 200 seconds at Fri Oct 02 15:42:32 UTC 2020
3 ms. Memory: 51200K Free: 31484K (61%)
ptolemy.util.test.WatchDog.cancel(): canceling Fri Oct 02 15:42:32 UTC 2020
------------------ testing $PTII/ptolemy/domains/de/test/auto/SmartSender.xml
auto.tcl: Setting watchdog for 200 seconds at Fri Oct 02 15:42:32 UTC 2020
3001 ms. Memory: 51200K Free: 32503K (63%)
ptolemy.util.test.WatchDog.cancel(): canceling Fri Oct 02 15:42:35 UTC 2020
auto.tcl: Setting watchdog for 200 seconds at Fri Oct 02 15:42:35 UTC 2020
3001 ms. Memory: 51200K Free: 31983K (62%)
ptolemy.util.test.WatchDog.cancel(): canceling Fri Oct 02 15:42:38 UTC 2020
------------------ testing $PTII/ptolemy/domains/de/test/auto/ThreadedComposite.xml
auto.tcl: Setting watchdog for 200 seconds at Fri Oct 02 15:42:38 UTC 2020
203 ms. Memory: 51200K Free: 13570K (27%)
ptolemy.util.test.WatchDog.cancel(): canceling Fri Oct 02 15:42:38 UTC 2020
auto.tcl: Setting watchdog for 200 seconds at Fri Oct 02 15:42:38 UTC 2020
185 ms. Memory: 61440K Free: 38547K (63%)
ptolemy.util.test.WatchDog.cancel(): canceling Fri Oct 02 15:42:38 UTC 2020
------------------ testing $PTII/ptolemy/domains/de/test/auto/Time.xml
auto.tcl: Setting watchdog for 200 seconds at Fri Oct 02 15:42:38 UTC 2020
420 ms. Memory: 51200K Free: 35732K (70%)
ptolemy.util.test.WatchDog.cancel(): canceling Fri Oct 02 15:42:39 UTC 2020
auto.tcl: Setting watchdog for 200 seconds at Fri Oct 02 15:42:39 UTC 2020
412 ms. Memory: 51200K Free: 9542K (19%)
ptolemy.util.test.WatchDog.cancel(): canceling Fri Oct 02 15:42:39 UTC 2020
------------------ testing $PTII/ptolemy/domains/de/test/auto/TimeDelayZeroDelay.xml
auto.tcl: Setting watchdog for 200 seconds at Fri Oct 02 15:42:39 UTC 2020
2 ms. Memory: 51200K Free: 32431K (63%)
ptolemy.util.test.WatchDog.cancel(): canceling Fri Oct 02 15:42:39 UTC 2020
auto.tcl: Setting watchdog for 200 seconds at Fri Oct 02 15:42:39 UTC 2020
2 ms. Memory: 51200K Free: 31965K (62%)
ptolemy.util.test.WatchDog.cancel(): canceling Fri Oct 02 15:42:39 UTC 2020
------------------ testing $PTII/ptolemy/domains/de/test/auto/TimerZeroDelay.xml
auto.tcl: Setting watchdog for 200 seconds at Fri Oct 02 15:42:39 UTC 2020
3 ms. Memory: 51200K Free: 32622K (64%)
ptolemy.util.test.WatchDog.cancel(): canceling Fri Oct 02 15:42:39 UTC 2020
auto.tcl: Setting watchdog for 200 seconds at Fri Oct 02 15:42:39 UTC 2020
2 ms. Memory: 51200K Free: 31994K (62%)
ptolemy.util.test.WatchDog.cancel(): canceling Fri Oct 02 15:42:39 UTC 2020
------------------ testing $PTII/ptolemy/domains/de/test/auto/TimingParadox.xml
auto.tcl: Setting watchdog for 200 seconds at Fri Oct 02 15:42:39 UTC 2020
347 ms. Memory: 51200K Free: 18096K (35%)
ptolemy.util.test.WatchDog.cancel(): canceling Fri Oct 02 15:42:40 UTC 2020
auto.tcl: Setting watchdog for 200 seconds at Fri Oct 02 15:42:40 UTC 2020
288 ms. Memory: 51200K Free: 32258K (63%)
ptolemy.util.test.WatchDog.cancel(): canceling Fri Oct 02 15:42:40 UTC 2020
------------------ testing $PTII/ptolemy/domains/de/test/auto/TransferInputs.xml
auto.tcl: Setting watchdog for 200 seconds at Fri Oct 02 15:42:40 UTC 2020
3 ms. Memory: 51200K Free: 30956K (60%)
ptolemy.util.test.WatchDog.cancel(): canceling Fri Oct 02 15:42:40 UTC 2020
auto.tcl: Setting watchdog for 200 seconds at Fri Oct 02 15:42:40 UTC 2020
2 ms. Memory: 51200K Free: 30033K (59%)
ptolemy.util.test.WatchDog.cancel(): canceling Fri Oct 02 15:42:40 UTC 2020
------------------ testing $PTII/ptolemy/domains/de/test/auto/TransferOutputs2.xml
auto.tcl: Setting watchdog for 200 seconds at Fri Oct 02 15:42:40 UTC 2020
4 ms. Memory: 51200K Free: 28384K (55%)
ptolemy.util.test.WatchDog.cancel(): canceling Fri Oct 02 15:42:40 UTC 2020
auto.tcl: Setting watchdog for 200 seconds at Fri Oct 02 15:42:40 UTC 2020
3 ms. Memory: 51200K Free: 26963K (53%)
ptolemy.util.test.WatchDog.cancel(): canceling Fri Oct 02 15:42:40 UTC 2020
------------------ testing $PTII/ptolemy/domains/de/test/auto/Trilateration.xml
auto.tcl: Setting watchdog for 200 seconds at Fri Oct 02 15:42:40 UTC 2020
14437 ms. Memory: 393216K Free: 344863K (88%)
ptolemy.util.test.WatchDog.cancel(): canceling Fri Oct 02 15:42:56 UTC 2020
auto.tcl: Setting watchdog for 200 seconds at Fri Oct 02 15:42:56 UTC 2020
10829 ms. Memory: 393216K Free: 278271K (71%)
ptolemy.util.test.WatchDog.cancel(): canceling Fri Oct 02 15:43:07 UTC 2020
------------------ testing $PTII/ptolemy/domains/de/test/auto/TwoSigmaDelta.xml
auto.tcl: Setting watchdog for 200 seconds at Fri Oct 02 15:43:07 UTC 2020
2325 ms. Memory: 92160K Free: 34235K (37%)
ptolemy.util.test.WatchDog.cancel(): canceling Fri Oct 02 15:43:09 UTC 2020
auto.tcl: Setting watchdog for 200 seconds at Fri Oct 02 15:43:09 UTC 2020
1816 ms. Memory: 92160K Free: 35749K (39%)
ptolemy.util.test.WatchDog.cancel(): canceling Fri Oct 02 15:43:11 UTC 2020
------------------ testing $PTII/ptolemy/domains/de/test/auto/VariableDelay.xml
auto.tcl: Setting watchdog for 200 seconds at Fri Oct 02 15:43:11 UTC 2020
3 ms. Memory: 55296K Free: 35516K (64%)
ptolemy.util.test.WatchDog.cancel(): canceling Fri Oct 02 15:43:11 UTC 2020
auto.tcl: Setting watchdog for 200 seconds at Fri Oct 02 15:43:11 UTC 2020
3 ms. Memory: 55296K Free: 34508K (62%)
ptolemy.util.test.WatchDog.cancel(): canceling Fri Oct 02 15:43:11 UTC 2020
------------------ testing $PTII/ptolemy/domains/de/test/auto/VariableDelay2.xml
auto.tcl: Setting watchdog for 200 seconds at Fri Oct 02 15:43:11 UTC 2020
2 ms. Memory: 55296K Free: 36495K (66%)
ptolemy.util.test.WatchDog.cancel(): canceling Fri Oct 02 15:43:11 UTC 2020
auto.tcl: Setting watchdog for 200 seconds at Fri Oct 02 15:43:11 UTC 2020
2 ms. Memory: 55296K Free: 35434K (64%)
ptolemy.util.test.WatchDog.cancel(): canceling Fri Oct 02 15:43:11 UTC 2020
------------------ testing $PTII/ptolemy/domains/de/test/auto/VariableDelayZeroDelay.xml
auto.tcl: Setting watchdog for 200 seconds at Fri Oct 02 15:43:11 UTC 2020
2 ms. Memory: 55296K Free: 36458K (66%)
ptolemy.util.test.WatchDog.cancel(): canceling Fri Oct 02 15:43:11 UTC 2020
auto.tcl: Setting watchdog for 200 seconds at Fri Oct 02 15:43:11 UTC 2020
2 ms. Memory: 55296K Free: 35914K (65%)
ptolemy.util.test.WatchDog.cancel(): canceling Fri Oct 02 15:43:11 UTC 2020
------------------ testing $PTII/ptolemy/domains/de/test/auto/VariableDelayZeroDelay2.xml
auto.tcl: Setting watchdog for 200 seconds at Fri Oct 02 15:43:11 UTC 2020
2 ms. Memory: 51200K Free: 32360K (63%)
ptolemy.util.test.WatchDog.cancel(): canceling Fri Oct 02 15:43:11 UTC 2020
auto.tcl: Setting watchdog for 200 seconds at Fri Oct 02 15:43:11 UTC 2020
2 ms. Memory: 51200K Free: 31336K (61%)
ptolemy.util.test.WatchDog.cancel(): canceling Fri Oct 02 15:43:11 UTC 2020
------------------ testing $PTII/ptolemy/domains/de/test/auto/deInCt.xml
auto.tcl: Setting watchdog for 200 seconds at Fri Oct 02 15:43:11 UTC 2020
0
1
1
0
0
0
1
1
1
1
1
0
0
0
1
1
1
0
0
0
0
1
1
1
1
0
0
0
1
1
1
1
1
1
16 ms. Memory: 51200K Free: 31334K (61%)
ptolemy.util.test.WatchDog.cancel(): canceling Fri Oct 02 15:43:11 UTC 2020
auto.tcl: Setting watchdog for 200 seconds at Fri Oct 02 15:43:11 UTC 2020
0
1
1
1
1
0
0
1
1
0
0
0
1
1
1
1
0
0
0
0
0
1
1
1
0
0
0
1
1
1
0
0
0
0
0
8 ms. Memory: 51200K Free: 29796K (58%)
ptolemy.util.test.WatchDog.cancel(): canceling Fri Oct 02 15:43:11 UTC 2020
------------------ testing $PTII/ptolemy/domains/de/test/auto/deInCt2.xml
auto.tcl: Setting watchdog for 200 seconds at Fri Oct 02 15:43:12 UTC 2020
0
1
1
1
0
0
1
1
1
0
0
1
1
1
0
0
1
1
1
0
0
1
1
1
0
0
1
1
1
0
0
1
1
1
0
0
1
1
1
0
0
0
11 ms. Memory: 51200K Free: 31336K (61%)
ptolemy.util.test.WatchDog.cancel(): canceling Fri Oct 02 15:43:12 UTC 2020
auto.tcl: Setting watchdog for 200 seconds at Fri Oct 02 15:43:12 UTC 2020
0
1
1
1
0
0
1
1
1
0
0
1
1
1
0
0
1
1
1
0
0
1
1
1
0
0
1
1
1
0
0
1
1
1
0
0
1
1
1
0
0
0
6 ms. Memory: 51200K Free: 29801K (58%)
ptolemy.util.test.WatchDog.cancel(): canceling Fri Oct 02 15:43:12 UTC 2020
------------------ testing $PTII/ptolemy/domains/de/test/auto/dynamicCausalityInterface1.xml
auto.tcl: Setting watchdog for 200 seconds at Fri Oct 02 15:43:12 UTC 2020
2 ms. Memory: 51200K Free: 26651K (52%)
ptolemy.util.test.WatchDog.cancel(): canceling Fri Oct 02 15:43:12 UTC 2020
auto.tcl: Setting watchdog for 200 seconds at Fri Oct 02 15:43:12 UTC 2020
1 ms. Memory: 51200K Free: 26651K (52%)
ptolemy.util.test.WatchDog.cancel(): canceling Fri Oct 02 15:43:12 UTC 2020
------------------ testing $PTII/ptolemy/domains/de/test/auto/fsm_de_test.xml
auto.tcl: Setting watchdog for 200 seconds at Fri Oct 02 15:43:12 UTC 2020
10 ms. Memory: 51200K Free: 27133K (53%)
ptolemy.util.test.WatchDog.cancel(): canceling Fri Oct 02 15:43:12 UTC 2020
auto.tcl: Setting watchdog for 200 seconds at Fri Oct 02 15:43:12 UTC 2020
10 ms. Memory: 51200K Free: 25085K (49%)
ptolemy.util.test.WatchDog.cancel(): canceling Fri Oct 02 15:43:12 UTC 2020
------------------ testing $PTII/ptolemy/domains/de/test/auto/functionDependencyReconstruction.xml
auto.tcl: Setting watchdog for 200 seconds at Fri Oct 02 15:43:12 UTC 2020
3 ms. Memory: 51200K Free: 20979K (41%)
ptolemy.util.test.WatchDog.cancel(): canceling Fri Oct 02 15:43:12 UTC 2020
auto.tcl: Setting watchdog for 200 seconds at Fri Oct 02 15:43:12 UTC 2020
3 ms. Memory: 51200K Free: 18931K (37%)
ptolemy.util.test.WatchDog.cancel(): canceling Fri Oct 02 15:43:12 UTC 2020
------------------ testing $PTII/ptolemy/domains/de/test/auto/multirate.xml
auto.tcl: Setting watchdog for 200 seconds at Fri Oct 02 15:43:12 UTC 2020
3 ms. Memory: 51200K Free: 29756K (58%)
ptolemy.util.test.WatchDog.cancel(): canceling Fri Oct 02 15:43:12 UTC 2020
auto.tcl: Setting watchdog for 200 seconds at Fri Oct 02 15:43:12 UTC 2020
4 ms. Memory: 51200K Free: 28027K (55%)
ptolemy.util.test.WatchDog.cancel(): canceling Fri Oct 02 15:43:12 UTC 2020
------------------ testing $PTII/ptolemy/domains/de/test/auto/multirate2.xml
auto.tcl: Setting watchdog for 200 seconds at Fri Oct 02 15:43:12 UTC 2020
9 ms. Memory: 51200K Free: 29729K (58%)
ptolemy.util.test.WatchDog.cancel(): canceling Fri Oct 02 15:43:12 UTC 2020
auto.tcl: Setting watchdog for 200 seconds at Fri Oct 02 15:43:12 UTC 2020
8 ms. Memory: 51200K Free: 28209K (55%)
ptolemy.util.test.WatchDog.cancel(): canceling Fri Oct 02 15:43:12 UTC 2020
------------------ testing $PTII/ptolemy/domains/de/test/auto/realtime.xml
auto.tcl: Setting watchdog for 200 seconds at Fri Oct 02 15:43:12 UTC 2020
10001 ms. Memory: 51200K Free: 32005K (63%)
ptolemy.util.test.WatchDog.cancel(): canceling Fri Oct 02 15:43:22 UTC 2020
auto.tcl: Setting watchdog for 200 seconds at Fri Oct 02 15:43:22 UTC 2020
10001 ms. Memory: 51200K Free: 31280K (61%)
ptolemy.util.test.WatchDog.cancel(): canceling Fri Oct 02 15:43:32 UTC 2020
------------------ testing $PTII/ptolemy/domains/de/test/auto/relationGroup.xml
auto.tcl: Setting watchdog for 200 seconds at Fri Oct 02 15:43:32 UTC 2020
1 ms. Memory: 51200K Free: 33096K (65%)
ptolemy.util.test.WatchDog.cancel(): canceling Fri Oct 02 15:43:32 UTC 2020
auto.tcl: Setting watchdog for 200 seconds at Fri Oct 02 15:43:32 UTC 2020
2 ms. Memory: 51200K Free: 32361K (63%)
ptolemy.util.test.WatchDog.cancel(): canceling Fri Oct 02 15:43:32 UTC 2020
------------------ testing $PTII/ptolemy/domains/de/test/auto/relationGroup2.xml
auto.tcl: Setting watchdog for 200 seconds at Fri Oct 02 15:43:32 UTC 2020
2 ms. Memory: 51200K Free: 32897K (64%)
ptolemy.util.test.WatchDog.cancel(): canceling Fri Oct 02 15:43:32 UTC 2020
auto.tcl: Setting watchdog for 200 seconds at Fri Oct 02 15:43:32 UTC 2020
2 ms. Memory: 51200K Free: 31883K (62%)
ptolemy.util.test.WatchDog.cancel(): canceling Fri Oct 02 15:43:32 UTC 2020
------------------ testing $PTII/ptolemy/domains/de/test/auto/sortWithOpaquePorts.xml
auto.tcl: Setting watchdog for 200 seconds at Fri Oct 02 15:43:32 UTC 2020
3 ms. Memory: 51200K Free: 31868K (62%)
ptolemy.util.test.WatchDog.cancel(): canceling Fri Oct 02 15:43:32 UTC 2020
auto.tcl: Setting watchdog for 200 seconds at Fri Oct 02 15:43:32 UTC 2020
2 ms. Memory: 51200K Free: 30846K (60%)
ptolemy.util.test.WatchDog.cancel(): canceling Fri Oct 02 15:43:32 UTC 2020
------------------ testing $PTII/ptolemy/domains/de/test/auto/transferInputsandOutputs.xml
auto.tcl: Setting watchdog for 200 seconds at Fri Oct 02 15:43:32 UTC 2020
2 ms. Memory: 51200K Free: 29303K (57%)
ptolemy.util.test.WatchDog.cancel(): canceling Fri Oct 02 15:43:32 UTC 2020
auto.tcl: Setting watchdog for 200 seconds at Fri Oct 02 15:43:32 UTC 2020
2 ms. Memory: 51200K Free: 28279K (55%)
ptolemy.util.test.WatchDog.cancel(): canceling Fri Oct 02 15:43:32 UTC 2020
------------------ testing $PTII/ptolemy/domains/de/test/auto/triggerType.xml
auto.tcl: Setting watchdog for 200 seconds at Fri Oct 02 15:43:32 UTC 2020
1 ms. Memory: 51200K Free: 32328K (63%)
ptolemy.util.test.WatchDog.cancel(): canceling Fri Oct 02 15:43:32 UTC 2020
auto.tcl: Setting watchdog for 200 seconds at Fri Oct 02 15:43:32 UTC 2020
1 ms. Memory: 51200K Free: 31306K (61%)
ptolemy.util.test.WatchDog.cancel(): canceling Fri Oct 02 15:43:32 UTC 2020
10/02/20 03:43:32
Failed: 0  Total Tests: 192  ((Passed: 187, Newly Passed: 1)  Known Failed: 5) /home/travis/build/icyphy/ptII/ptolemy/domains/de/test
10/02/20 03:43:32
Failed: 0  Total Tests: 192  ((Passed: 187, Newly Passed: 1)  Known Failed: 5) /home/travis/build/icyphy/ptII/ptolemy/domains/de/test
----------------- testing (KnownFailure) /home/travis/build/icyphy/ptII/ptolemy/domains/de/test/auto/knownFailedTests/DESDFClockTest.xml
2010 ms. Memory: 51200K Free: 25213K (49%)
Known Failure: java.lang.reflect.InvocationTargetException
----------------- testing (KnownFailure) /home/travis/build/icyphy/ptII/ptolemy/domains/de/test/auto/knownFailedTests/DirectFeedback.xml
2 ms. Memory: 51200K Free: 21117K (41%)
Known Failure: java.lang.reflect.InvocationTargetException
----------------- testing (KnownFailure) /home/travis/build/icyphy/ptII/ptolemy/domains/de/test/auto/knownFailedTests/FSMSource.xml
20 ms. Memory: 51200K Free: 13949K (27%)
----------------- testing (KnownFailure) /home/travis/build/icyphy/ptII/ptolemy/domains/de/test/auto/knownFailedTests/HierarchicalModel.xml
5 ms. Memory: 51200K Free: 26117K (51%)
Known Failure: java.lang.reflect.InvocationTargetException
----------------- testing (KnownFailure) /home/travis/build/icyphy/ptII/ptolemy/domains/de/test/auto/knownFailedTests/dependencyLoop.xml
2 ms. Memory: 51200K Free: 10440K (20%)
Known Failure: java.lang.reflect.InvocationTargetException
----------------- testing (KnownFailure) /home/travis/build/icyphy/ptII/ptolemy/domains/de/test/auto/knownFailedTests/dependencyLoop2.xml
7 ms. Memory: 51200K Free: 23423K (46%)
Known Failure: java.lang.reflect.InvocationTargetException
No auto/linux-amd64/*.xml tests in /home/travis/build/icyphy/ptII/ptolemy/domains/de/test
AutoTests.java: About to close Vertx.
AutoTests.java: Vertx closed.

===========================================================================================
----------------- testing Fri Oct 02 15:43:35 UTC 2020 /home/travis/build/icyphy/ptII/ptolemy/domains/de/test/auto/ActorDepthCalculation_actorWithoutPorts.xml
----------------- Instantiating /home/travis/build/icyphy/ptII/ptolemy/domains/de/test/auto/ActorDepthCalculation_actorWithoutPorts.xml
1 ms. Memory: 51200K Free: 16247K (32%)
----------------- Invoking toplevel() on ptolemy.moml.MoMLSimpleApplication@5062a183
----------------- Done invoking toplevel() on ptolemy.moml.MoMLSimpleApplication@5062a183
reloadAllAccessors: .ActorDepthCalculation_actorWithoutPorts

===========================================================================================
----------------- testing Fri Oct 02 15:43:35 UTC 2020 /home/travis/build/icyphy/ptII/ptolemy/domains/de/test/auto/AssemblyLine.xml
----------------- Instantiating /home/travis/build/icyphy/ptII/ptolemy/domains/de/test/auto/AssemblyLine.xml
2 ms. Memory: 51200K Free: 9379K (18%)
----------------- Invoking toplevel() on ptolemy.moml.MoMLSimpleApplication@718f393e
----------------- Done invoking toplevel() on ptolemy.moml.MoMLSimpleApplication@718f393e
reloadAllAccessors: .AssemblyLine

===========================================================================================
----------------- testing Fri Oct 02 15:43:35 UTC 2020 /home/travis/build/icyphy/ptII/ptolemy/domains/de/test/auto/CQBug1.xml
----------------- Instantiating /home/travis/build/icyphy/ptII/ptolemy/domains/de/test/auto/CQBug1.xml
0 ms. Memory: 51200K Free: 34269K (67%)
----------------- Invoking toplevel() on ptolemy.moml.MoMLSimpleApplication@5b72042f
----------------- Done invoking toplevel() on ptolemy.moml.MoMLSimpleApplication@5b72042f
reloadAllAccessors: .CQBug1

===========================================================================================
----------------- testing Fri Oct 02 15:43:35 UTC 2020 /home/travis/build/icyphy/ptII/ptolemy/domains/de/test/auto/CancelFireAt.xml
----------------- Instantiating /home/travis/build/icyphy/ptII/ptolemy/domains/de/test/auto/CancelFireAt.xml
1 ms. Memory: 51200K Free: 31745K (62%)
----------------- Invoking toplevel() on ptolemy.moml.MoMLSimpleApplication@7ad000c7
----------------- Done invoking toplevel() on ptolemy.moml.MoMLSimpleApplication@7ad000c7
reloadAllAccessors: .CancelFireAt

===========================================================================================
----------------- testing Fri Oct 02 15:43:35 UTC 2020 /home/travis/build/icyphy/ptII/ptolemy/domains/de/test/auto/CausalityAndComposabilityAnalysis.xml
----------------- Instantiating /home/travis/build/icyphy/ptII/ptolemy/domains/de/test/auto/CausalityAndComposabilityAnalysis.xml
9 ms. Memory: 51200K Free: 27402K (54%)
----------------- Invoking toplevel() on ptolemy.moml.MoMLSimpleApplication@ad51de6
----------------- Done invoking toplevel() on ptolemy.moml.MoMLSimpleApplication@ad51de6
reloadAllAccessors: .CausalityAndComposabilityAnalysis

===========================================================================================
----------------- testing Fri Oct 02 15:43:35 UTC 2020 /home/travis/build/icyphy/ptII/ptolemy/domains/de/test/auto/CausalityInterface1.xml
----------------- Instantiating /home/travis/build/icyphy/ptII/ptolemy/domains/de/test/auto/CausalityInterface1.xml
6 ms. Memory: 51200K Free: 22317K (44%)
----------------- Invoking toplevel() on ptolemy.moml.MoMLSimpleApplication@659c0562
----------------- Done invoking toplevel() on ptolemy.moml.MoMLSimpleApplication@659c0562
reloadAllAccessors: .CausalityInterface1

===========================================================================================
----------------- testing Fri Oct 02 15:43:35 UTC 2020 /home/travis/build/icyphy/ptII/ptolemy/domains/de/test/auto/CausalityInterface15.xml
----------------- Instantiating /home/travis/build/icyphy/ptII/ptolemy/domains/de/test/auto/CausalityInterface15.xml
2 ms. Memory: 51200K Free: 16926K (33%)
----------------- Invoking toplevel() on ptolemy.moml.MoMLSimpleApplication@34a30088
----------------- Done invoking toplevel() on ptolemy.moml.MoMLSimpleApplication@34a30088
reloadAllAccessors: .CausalityInterface15

===========================================================================================
----------------- testing Fri Oct 02 15:43:35 UTC 2020 /home/travis/build/icyphy/ptII/ptolemy/domains/de/test/auto/CausalityInterface2.xml
----------------- Instantiating /home/travis/build/icyphy/ptII/ptolemy/domains/de/test/auto/CausalityInterface2.xml
2 ms. Memory: 51200K Free: 12329K (24%)
[...]
	at ptolemy.actor.Manager.run(Manager.java:1263)
	at ptolemy.actor.Manager$PtolemyRunThread.run(Manager.java:1933)
java.lang.RuntimeException: Execution failed
	at ptolemy.moml.MoMLSimpleApplication$UnloadThread.run(MoMLSimpleApplication.java:402)
Caused by: ptolemy.kernel.util.IllegalActionException: Actor is not ready to fire.  Perhaps UpSample.prefire() returned false? Try debugging the actor by selecting "Listen to Actor".  Also, for SDF check moml for tokenConsumptionRate on input.
  in .DESDFClockTest.Play Bell.Copy1:SDF Director and .DESDFClockTest.Play Bell.UpSample
	at ptolemy.actor.sched.StaticSchedulingDirector.fire(StaticSchedulingDirector.java:227)
	at ptolemy.domains.sdf.kernel.SDFDirector.fire(SDFDirector.java:500)
	at ptolemy.actor.CompositeActor.fire(CompositeActor.java:455)
	at ptolemy.domains.de.kernel.DEDirector._fire(DEDirector.java:1949)
	at ptolemy.domains.de.kernel.DEDirector.fire(DEDirector.java:502)
	at ptolemy.actor.CompositeActor.fire(CompositeActor.java:455)
	at ptolemy.actor.Manager.iterate(Manager.java:851)
	at ptolemy.actor.Manager.execute(Manager.java:369)
	at ptolemy.actor.Manager.run(Manager.java:1263)
	at ptolemy.actor.Manager$PtolemyRunThread.run(Manager.java:1933)
java.lang.reflect.InvocationTargetException
	at java.base/jdk.internal.reflect.NativeConstructorAccessorImpl.newInstance0(Native Method)
	at java.base/jdk.internal.reflect.NativeConstructorAccessorImpl.newInstance(NativeConstructorAccessorImpl.java:62)
	at java.base/jdk.internal.reflect.DelegatingConstructorAccessorImpl.newInstance(DelegatingConstructorAccessorImpl.java:45)
	at java.base/java.lang.reflect.Constructor.newInstance(Constructor.java:490)
	at ptolemy.util.test.junit.AutoKnownFailedTests.RunModel(AutoKnownFailedTests.java:105)
	at java.base/jdk.internal.reflect.NativeMethodAccessorImpl.invoke0(Native Method)
	at java.base/jdk.internal.reflect.NativeMethodAccessorImpl.invoke(NativeMethodAccessorImpl.java:62)
	at java.base/jdk.internal.reflect.DelegatingMethodAccessorImpl.invoke(DelegatingMethodAccessorImpl.java:43)
	at java.base/java.lang.reflect.Method.invoke(Method.java:566)
	at org.junit.runners.model.FrameworkMethod$1.runReflectiveCall(FrameworkMethod.java:44)
	at org.junit.internal.runners.model.ReflectiveCallable.run(ReflectiveCallable.java:15)
	at org.junit.runners.model.FrameworkMethod.invokeExplosively(FrameworkMethod.java:41)
	at junitparams.internal.InvokeParameterisedMethod.evaluate(InvokeParameterisedMethod.java:102)
	at org.junit.internal.runners.statements.FailOnTimeout$1.run(FailOnTimeout.java:28)
Caused by: ptolemy.kernel.util.IllegalActionException: Actor is not ready to fire.  Perhaps UpSample.prefire() returned false? Try debugging the actor by selecting "Listen to Actor".  Also, for SDF check moml for tokenConsumptionRate on input.
  in .DESDFClockTest.Play Bell.Copy1:SDF Director and .DESDFClockTest.Play Bell.UpSample
	at ptolemy.actor.sched.StaticSchedulingDirector.fire(StaticSchedulingDirector.java:227)
	at ptolemy.domains.sdf.kernel.SDFDirector.fire(SDFDirector.java:500)
	at ptolemy.actor.CompositeActor.fire(CompositeActor.java:455)
	at ptolemy.domains.de.kernel.DEDirector._fire(DEDirector.java:1949)
	at ptolemy.domains.de.kernel.DEDirector.fire(DEDirector.java:502)
	at ptolemy.actor.CompositeActor.fire(CompositeActor.java:455)
	at ptolemy.actor.Manager.iterate(Manager.java:851)
	at ptolemy.actor.Manager.execute(Manager.java:369)
	at ptolemy.actor.Manager.run(Manager.java:1263)
	at ptolemy.actor.Manager$PtolemyRunThread.run(Manager.java:1933)
java.lang.RuntimeException: Execution failed
	at ptolemy.moml.MoMLSimpleApplication$UnloadThread.run(MoMLSimpleApplication.java:402)
Caused by: ptolemy.kernel.util.IllegalActionException: Test fails in iteration 1.
Value was: 1.0. Should have been: 2.0
  in .DirectFeedback.Test
	at ptolemy.actor.lib.Test.fire(Test.java:268)
	at ptolemy.domains.de.kernel.DEDirector._fire(DEDirector.java:1949)
	at ptolemy.domains.de.kernel.DEDirector.fire(DEDirector.java:502)
	at ptolemy.actor.CompositeActor.fire(CompositeActor.java:455)
	at ptolemy.actor.Manager.iterate(Manager.java:851)
	at ptolemy.actor.Manager.execute(Manager.java:369)
	at ptolemy.actor.Manager.run(Manager.java:1263)
	at ptolemy.actor.Manager$PtolemyRunThread.run(Manager.java:1933)
java.lang.reflect.InvocationTargetException
	at java.base/jdk.internal.reflect.NativeConstructorAccessorImpl.newInstance0(Native Method)
	at java.base/jdk.internal.reflect.NativeConstructorAccessorImpl.newInstance(NativeConstructorAccessorImpl.java:62)
	at java.base/jdk.internal.reflect.DelegatingConstructorAccessorImpl.newInstance(DelegatingConstructorAccessorImpl.java:45)
	at java.base/java.lang.reflect.Constructor.newInstance(Constructor.java:490)
	at ptolemy.util.test.junit.AutoKnownFailedTests.RunModel(AutoKnownFailedTests.java:105)
	at java.base/jdk.internal.reflect.NativeMethodAccessorImpl.invoke0(Native Method)
	at java.base/jdk.internal.reflect.NativeMethodAccessorImpl.invoke(NativeMethodAccessorImpl.java:62)
	at java.base/jdk.internal.reflect.DelegatingMethodAccessorImpl.invoke(DelegatingMethodAccessorImpl.java:43)
	at java.base/java.lang.reflect.Method.invoke(Method.java:566)
	at org.junit.runners.model.FrameworkMethod$1.runReflectiveCall(FrameworkMethod.java:44)
	at org.junit.internal.runners.model.ReflectiveCallable.run(ReflectiveCallable.java:15)
	at org.junit.runners.model.FrameworkMethod.invokeExplosively(FrameworkMethod.java:41)
	at junitparams.internal.InvokeParameterisedMethod.evaluate(InvokeParameterisedMethod.java:102)
	at org.junit.internal.runners.statements.FailOnTimeout$1.run(FailOnTimeout.java:28)
Caused by: ptolemy.kernel.util.IllegalActionException: Test fails in iteration 1.
Value was: 1.0. Should have been: 2.0
  in .DirectFeedback.Test
	at ptolemy.actor.lib.Test.fire(Test.java:268)
	at ptolemy.domains.de.kernel.DEDirector._fire(DEDirector.java:1949)
	at ptolemy.domains.de.kernel.DEDirector.fire(DEDirector.java:502)
	at ptolemy.actor.CompositeActor.fire(CompositeActor.java:455)
	at ptolemy.actor.Manager.iterate(Manager.java:851)
	at ptolemy.actor.Manager.execute(Manager.java:369)
	at ptolemy.actor.Manager.run(Manager.java:1263)
	at ptolemy.actor.Manager$PtolemyRunThread.run(Manager.java:1933)
java.lang.RuntimeException: Execution failed
	at ptolemy.moml.MoMLSimpleApplication$UnloadThread.run(MoMLSimpleApplication.java:402)
Caused by: ptolemy.kernel.util.IllegalActionException: Found a zero delay loop containing .HierarchicalModel.A
  in .HierarchicalModel and .HierarchicalModel.A
	at ptolemy.actor.util.CausalityInterfaceForComposites._computeOutputPortDepth(CausalityInterfaceForComposites.java:759)
	at ptolemy.actor.util.CausalityInterfaceForComposites._computeInputDepth(CausalityInterfaceForComposites.java:696)
	at ptolemy.actor.util.CausalityInterfaceForComposites._computeOutputPortDepth(CausalityInterfaceForComposites.java:765)
	at ptolemy.actor.util.CausalityInterfaceForComposites._computeInputDepth(CausalityInterfaceForComposites.java:696)
	at ptolemy.actor.util.CausalityInterfaceForComposites._computeOutputPortDepth(CausalityInterfaceForComposites.java:765)
	at ptolemy.actor.util.CausalityInterfaceForComposites._computeInputDepth(CausalityInterfaceForComposites.java:696)
	at ptolemy.actor.util.CausalityInterfaceForComposites._computeActorDepth(CausalityInterfaceForComposites.java:532)
	at ptolemy.actor.util.CausalityInterfaceForComposites.checkForCycles(CausalityInterfaceForComposites.java:96)
	at ptolemy.domains.de.kernel.DEDirector.preinitialize(DEDirector.java:1338)
	at ptolemy.actor.CompositeActor.preinitialize(CompositeActor.java:1828)
	at ptolemy.actor.Manager.preinitializeAndResolveTypes(Manager.java:1040)
	at ptolemy.actor.Manager.initialize(Manager.java:710)
	at ptolemy.actor.Manager.execute(Manager.java:356)
	at ptolemy.actor.Manager.run(Manager.java:1263)
	at ptolemy.actor.Manager$PtolemyRunThread.run(Manager.java:1933)
java.lang.reflect.InvocationTargetException
	at java.base/jdk.internal.reflect.NativeConstructorAccessorImpl.newInstance0(Native Method)
	at java.base/jdk.internal.reflect.NativeConstructorAccessorImpl.newInstance(NativeConstructorAccessorImpl.java:62)
	at java.base/jdk.internal.reflect.DelegatingConstructorAccessorImpl.newInstance(DelegatingConstructorAccessorImpl.java:45)
	at java.base/java.lang.reflect.Constructor.newInstance(Constructor.java:490)
	at ptolemy.util.test.junit.AutoKnownFailedTests.RunModel(AutoKnownFailedTests.java:105)
	at java.base/jdk.internal.reflect.NativeMethodAccessorImpl.invoke0(Native Method)
	at java.base/jdk.internal.reflect.NativeMethodAccessorImpl.invoke(NativeMethodAccessorImpl.java:62)
	at java.base/jdk.internal.reflect.DelegatingMethodAccessorImpl.invoke(DelegatingMethodAccessorImpl.java:43)
	at java.base/java.lang.reflect.Method.invoke(Method.java:566)
	at org.junit.runners.model.FrameworkMethod$1.runReflectiveCall(FrameworkMethod.java:44)
	at org.junit.internal.runners.model.ReflectiveCallable.run(ReflectiveCallable.java:15)
	at org.junit.runners.model.FrameworkMethod.invokeExplosively(FrameworkMethod.java:41)
	at junitparams.internal.InvokeParameterisedMethod.evaluate(InvokeParameterisedMethod.java:102)
	at org.junit.internal.runners.statements.FailOnTimeout$1.run(FailOnTimeout.java:28)
Caused by: ptolemy.kernel.util.IllegalActionException: Found a zero delay loop containing .HierarchicalModel.A
  in .HierarchicalModel and .HierarchicalModel.A
	at ptolemy.actor.util.CausalityInterfaceForComposites._computeOutputPortDepth(CausalityInterfaceForComposites.java:759)
	at ptolemy.actor.util.CausalityInterfaceForComposites._computeInputDepth(CausalityInterfaceForComposites.java:696)
	at ptolemy.actor.util.CausalityInterfaceForComposites._computeOutputPortDepth(CausalityInterfaceForComposites.java:765)
	at ptolemy.actor.util.CausalityInterfaceForComposites._computeInputDepth(CausalityInterfaceForComposites.java:696)
	at ptolemy.actor.util.CausalityInterfaceForComposites._computeOutputPortDepth(CausalityInterfaceForComposites.java:765)
	at ptolemy.actor.util.CausalityInterfaceForComposites._computeInputDepth(CausalityInterfaceForComposites.java:696)
	at ptolemy.actor.util.CausalityInterfaceForComposites._computeActorDepth(CausalityInterfaceForComposites.java:532)
	at ptolemy.actor.util.CausalityInterfaceForComposites.checkForCycles(CausalityInterfaceForComposites.java:96)
	at ptolemy.domains.de.kernel.DEDirector.preinitialize(DEDirector.java:1338)
	at ptolemy.actor.CompositeActor.preinitialize(CompositeActor.java:1828)
	at ptolemy.actor.Manager.preinitializeAndResolveTypes(Manager.java:1040)
	at ptolemy.actor.Manager.initialize(Manager.java:710)
	at ptolemy.actor.Manager.execute(Manager.java:356)
	at ptolemy.actor.Manager.run(Manager.java:1263)
	at ptolemy.actor.Manager$PtolemyRunThread.run(Manager.java:1933)
java.lang.RuntimeException: Execution failed
	at ptolemy.moml.MoMLSimpleApplication$UnloadThread.run(MoMLSimpleApplication.java:402)
Caused by: ptolemy.kernel.util.IllegalActionException: Found a zero delay loop containing .dependencyLoop.original
  in .dependencyLoop and .dependencyLoop.original
	at ptolemy.actor.util.CausalityInterfaceForComposites._computeOutputPortDepth(CausalityInterfaceForComposites.java:759)
	at ptolemy.actor.util.CausalityInterfaceForComposites._computeInputDepth(CausalityInterfaceForComposites.java:696)
	at ptolemy.actor.util.CausalityInterfaceForComposites._computeOutputPortDepth(CausalityInterfaceForComposites.java:765)
	at ptolemy.actor.util.CausalityInterfaceForComposites._computeInputDepth(CausalityInterfaceForComposites.java:696)
	at ptolemy.actor.util.CausalityInterfaceForComposites._computeOutputPortDepth(CausalityInterfaceForComposites.java:765)
	at ptolemy.actor.util.CausalityInterfaceForComposites._computeInputDepth(CausalityInterfaceForComposites.java:696)
	at ptolemy.actor.util.CausalityInterfaceForComposites._computeActorDepth(CausalityInterfaceForComposites.java:532)
	at ptolemy.actor.util.CausalityInterfaceForComposites.checkForCycles(CausalityInterfaceForComposites.java:96)
	at ptolemy.domains.de.kernel.DEDirector.preinitialize(DEDirector.java:1338)
	at ptolemy.actor.CompositeActor.preinitialize(CompositeActor.java:1828)
	at ptolemy.actor.Manager.preinitializeAndResolveTypes(Manager.java:1040)
	at ptolemy.actor.Manager.initialize(Manager.java:710)
	at ptolemy.actor.Manager.execute(Manager.java:356)
	at ptolemy.actor.Manager.run(Manager.java:1263)
	at ptolemy.actor.Manager$PtolemyRunThread.run(Manager.java:1933)
java.lang.reflect.InvocationTargetException
	at java.base/jdk.internal.reflect.NativeConstructorAccessorImpl.newInstance0(Native Method)
	at java.base/jdk.internal.reflect.NativeConstructorAccessorImpl.newInstance(NativeConstructorAccessorImpl.java:62)
	at java.base/jdk.internal.reflect.DelegatingConstructorAccessorImpl.newInstance(DelegatingConstructorAccessorImpl.java:45)
	at java.base/java.lang.reflect.Constructor.newInstance(Constructor.java:490)
	at ptolemy.util.test.junit.AutoKnownFailedTests.RunModel(AutoKnownFailedTests.java:105)
	at java.base/jdk.internal.reflect.NativeMethodAccessorImpl.invoke0(Native Method)
	at java.base/jdk.internal.reflect.NativeMethodAccessorImpl.invoke(NativeMethodAccessorImpl.java:62)
	at java.base/jdk.internal.reflect.DelegatingMethodAccessorImpl.invoke(DelegatingMethodAccessorImpl.java:43)
	at java.base/java.lang.reflect.Method.invoke(Method.java:566)
	at org.junit.runners.model.FrameworkMethod$1.runReflectiveCall(FrameworkMethod.java:44)
	at org.junit.internal.runners.model.ReflectiveCallable.run(ReflectiveCallable.java:15)
	at org.junit.runners.model.FrameworkMethod.invokeExplosively(FrameworkMethod.java:41)
	at junitparams.internal.InvokeParameterisedMethod.evaluate(InvokeParameterisedMethod.java:102)
	at org.junit.internal.runners.statements.FailOnTimeout$1.run(FailOnTimeout.java:28)
Caused by: ptolemy.kernel.util.IllegalActionException: Found a zero delay loop containing .dependencyLoop.original
  in .dependencyLoop and .dependencyLoop.original
	at ptolemy.actor.util.CausalityInterfaceForComposites._computeOutputPortDepth(CausalityInterfaceForComposites.java:759)
	at ptolemy.actor.util.CausalityInterfaceForComposites._computeInputDepth(CausalityInterfaceForComposites.java:696)
	at ptolemy.actor.util.CausalityInterfaceForComposites._computeOutputPortDepth(CausalityInterfaceForComposites.java:765)
	at ptolemy.actor.util.CausalityInterfaceForComposites._computeInputDepth(CausalityInterfaceForComposites.java:696)
	at ptolemy.actor.util.CausalityInterfaceForComposites._computeOutputPortDepth(CausalityInterfaceForComposites.java:765)
	at ptolemy.actor.util.CausalityInterfaceForComposites._computeInputDepth(CausalityInterfaceForComposites.java:696)
	at ptolemy.actor.util.CausalityInterfaceForComposites._computeActorDepth(CausalityInterfaceForComposites.java:532)
	at ptolemy.actor.util.CausalityInterfaceForComposites.checkForCycles(CausalityInterfaceForComposites.java:96)
	at ptolemy.domains.de.kernel.DEDirector.preinitialize(DEDirector.java:1338)
	at ptolemy.actor.CompositeActor.preinitialize(CompositeActor.java:1828)
	at ptolemy.actor.Manager.preinitializeAndResolveTypes(Manager.java:1040)
	at ptolemy.actor.Manager.initialize(Manager.java:710)
	at ptolemy.actor.Manager.execute(Manager.java:356)
	at ptolemy.actor.Manager.run(Manager.java:1263)
	at ptolemy.actor.Manager$PtolemyRunThread.run(Manager.java:1933)
java.lang.RuntimeException: Execution failed
	at ptolemy.moml.MoMLSimpleApplication$UnloadThread.run(MoMLSimpleApplication.java:402)
Caused by: ptolemy.kernel.util.IllegalActionException: Found a zero delay loop containing .dependencyLoop2.original
  in .dependencyLoop2 and .dependencyLoop2.original
	at ptolemy.actor.util.CausalityInterfaceForComposites._computeOutputPortDepth(CausalityInterfaceForComposites.java:759)
	at ptolemy.actor.util.CausalityInterfaceForComposites._computeInputDepth(CausalityInterfaceForComposites.java:696)
	at ptolemy.actor.util.CausalityInterfaceForComposites._computeOutputPortDepth(CausalityInterfaceForComposites.java:765)
	at ptolemy.actor.util.CausalityInterfaceForComposites._computeInputDepth(CausalityInterfaceForComposites.java:696)
	at ptolemy.actor.util.CausalityInterfaceForComposites._computeOutputPortDepth(CausalityInterfaceForComposites.java:765)
	at ptolemy.actor.util.CausalityInterfaceForComposites._computeInputDepth(CausalityInterfaceForComposites.java:696)
	at ptolemy.actor.util.CausalityInterfaceForComposites._computeActorDepth(CausalityInterfaceForComposites.java:532)
	at ptolemy.actor.util.CausalityInterfaceForComposites.checkForCycles(CausalityInterfaceForComposites.java:96)
	at ptolemy.domains.de.kernel.DEDirector.preinitialize(DEDirector.java:1338)
	at ptolemy.actor.CompositeActor.preinitialize(CompositeActor.java:1828)
	at ptolemy.actor.Manager.preinitializeAndResolveTypes(Manager.java:1040)
	at ptolemy.actor.Manager.initialize(Manager.java:710)
	at ptolemy.actor.Manager.execute(Manager.java:356)
	at ptolemy.actor.Manager.run(Manager.java:1263)
	at ptolemy.actor.Manager$PtolemyRunThread.run(Manager.java:1933)
java.lang.reflect.InvocationTargetException
	at java.base/jdk.internal.reflect.NativeConstructorAccessorImpl.newInstance0(Native Method)
	at java.base/jdk.internal.reflect.NativeConstructorAccessorImpl.newInstance(NativeConstructorAccessorImpl.java:62)
	at java.base/jdk.internal.reflect.DelegatingConstructorAccessorImpl.newInstance(DelegatingConstructorAccessorImpl.java:45)
	at java.base/java.lang.reflect.Constructor.newInstance(Constructor.java:490)
	at ptolemy.util.test.junit.AutoKnownFailedTests.RunModel(AutoKnownFailedTests.java:105)
	at java.base/jdk.internal.reflect.NativeMethodAccessorImpl.invoke0(Native Method)
	at java.base/jdk.internal.reflect.NativeMethodAccessorImpl.invoke(NativeMethodAccessorImpl.java:62)
	at java.base/jdk.internal.reflect.DelegatingMethodAccessorImpl.invoke(DelegatingMethodAccessorImpl.java:43)
	at java.base/java.lang.reflect.Method.invoke(Method.java:566)
	at org.junit.runners.model.FrameworkMethod$1.runReflectiveCall(FrameworkMethod.java:44)
	at org.junit.internal.runners.model.ReflectiveCallable.run(ReflectiveCallable.java:15)
	at org.junit.runners.model.FrameworkMethod.invokeExplosively(FrameworkMethod.java:41)
	at junitparams.internal.InvokeParameterisedMethod.evaluate(InvokeParameterisedMethod.java:102)
	at org.junit.internal.runners.statements.FailOnTimeout$1.run(FailOnTimeout.java:28)
Caused by: ptolemy.kernel.util.IllegalActionException: Found a zero delay loop containing .dependencyLoop2.original
  in .dependencyLoop2 and .dependencyLoop2.original
	at ptolemy.actor.util.CausalityInterfaceForComposites._computeOutputPortDepth(CausalityInterfaceForComposites.java:759)
	at ptolemy.actor.util.CausalityInterfaceForComposites._computeInputDepth(CausalityInterfaceForComposites.java:696)
	at ptolemy.actor.util.CausalityInterfaceForComposites._computeOutputPortDepth(CausalityInterfaceForComposites.java:765)
	at ptolemy.actor.util.CausalityInterfaceForComposites._computeInputDepth(CausalityInterfaceForComposites.java:696)
	at ptolemy.actor.util.CausalityInterfaceForComposites._computeOutputPortDepth(CausalityInterfaceForComposites.java:765)
	at ptolemy.actor.util.CausalityInterfaceForComposites._computeInputDepth(CausalityInterfaceForComposites.java:696)
	at ptolemy.actor.util.CausalityInterfaceForComposites._computeActorDepth(CausalityInterfaceForComposites.java:532)
	at ptolemy.actor.util.CausalityInterfaceForComposites.checkForCycles(CausalityInterfaceForComposites.java:96)
	at ptolemy.domains.de.kernel.DEDirector.preinitialize(DEDirector.java:1338)
	at ptolemy.actor.CompositeActor.preinitialize(CompositeActor.java:1828)
	at ptolemy.actor.Manager.preinitializeAndResolveTypes(Manager.java:1040)
	at ptolemy.actor.Manager.initialize(Manager.java:710)
	at ptolemy.actor.Manager.execute(Manager.java:356)
	at ptolemy.actor.Manager.run(Manager.java:1263)
	at ptolemy.actor.Manager$PtolemyRunThread.run(Manager.java:1933)
]]></system-err>
</testsuite>
