<?xml version="1.0" encoding="UTF-8" ?>
<testsuite errors="0" failures="0" hostname="travis-job-82ebc975-1f7e-41ec-b2be-ca0484c9e8be" name="ptolemy.actor.lib.hoc.test.junit.JUnitTclTest" skipped="0" tests="58" time="24.625" timestamp="2018-06-11T02:23:24">
  <properties>
[...]
</properties>
  <testcase classname="ptolemy.util.test.junit.TclTests" name="[0] /home/travis/build/icyphy/ptII/ptolemy/actor/lib/hoc/test/IterateOverArray.tcl (RunTclFile)" time="0.319" />
  <testcase classname="ptolemy.util.test.junit.AutoKnownFailedTests" name="[0] /home/travis/build/icyphy/ptII/ptolemy/actor/lib/hoc/test/auto/knownFailedTests/PreinitializeMustBeInvokedRunComposite.xml (RunModel)" time="0.24" />
  <testcase classname="ptolemy.util.test.junit.AutoNameArchTests" name="[0] ThereAreNoAutoArchTests (RunModel)" time="0.002" />
  <testcase classname="ptolemy.util.test.junit.AutoTests" name="[0] /home/travis/build/icyphy/ptII/ptolemy/actor/lib/hoc/test/auto/AllToAllMultiInstanceComposite.xml (RunModel)" time="0.28" />
  <testcase classname="ptolemy.util.test.junit.AutoTests" name="[1] /home/travis/build/icyphy/ptII/ptolemy/actor/lib/hoc/test/auto/ApplyFFTTest.xml (RunModel)" time="0.273" />
  <testcase classname="ptolemy.util.test.junit.AutoTests" name="[2] /home/travis/build/icyphy/ptII/ptolemy/actor/lib/hoc/test/auto/ApplyFunction.xml (RunModel)" time="0.03" />
  <testcase classname="ptolemy.util.test.junit.AutoTests" name="[3] /home/travis/build/icyphy/ptII/ptolemy/actor/lib/hoc/test/auto/BackgroundExecution.xml (RunModel)" time="0.678" />
  <testcase classname="ptolemy.util.test.junit.AutoTests" name="[4] /home/travis/build/icyphy/ptII/ptolemy/actor/lib/hoc/test/auto/Case.xml (RunModel)" time="0.086" />
  <testcase classname="ptolemy.util.test.junit.AutoTests" name="[5] /home/travis/build/icyphy/ptII/ptolemy/actor/lib/hoc/test/auto/Case1.xml (RunModel)" time="0.036" />
  <testcase classname="ptolemy.util.test.junit.AutoTests" name="[6] /home/travis/build/icyphy/ptII/ptolemy/actor/lib/hoc/test/auto/Case2.xml (RunModel)" time="0.089" />
  <testcase classname="ptolemy.util.test.junit.AutoTests" name="[7] /home/travis/build/icyphy/ptII/ptolemy/actor/lib/hoc/test/auto/Case3.xml (RunModel)" time="0.072" />
  <testcase classname="ptolemy.util.test.junit.AutoTests" name="[8] /home/travis/build/icyphy/ptII/ptolemy/actor/lib/hoc/test/auto/Case4.xml (RunModel)" time="0.083" />
  <testcase classname="ptolemy.util.test.junit.AutoTests" name="[9] /home/travis/build/icyphy/ptII/ptolemy/actor/lib/hoc/test/auto/Case5.xml (RunModel)" time="0.091" />
  <testcase classname="ptolemy.util.test.junit.AutoTests" name="[10] /home/travis/build/icyphy/ptII/ptolemy/actor/lib/hoc/test/auto/Case6.xml (RunModel)" time="0.138" />
  <testcase classname="ptolemy.util.test.junit.AutoTests" name="[11] /home/travis/build/icyphy/ptII/ptolemy/actor/lib/hoc/test/auto/CaseString2.xml (RunModel)" time="0.072" />
  <testcase classname="ptolemy.util.test.junit.AutoTests" name="[12] /home/travis/build/icyphy/ptII/ptolemy/actor/lib/hoc/test/auto/CatchUpComposite1.xml (RunModel)" time="0.083" />
  <testcase classname="ptolemy.util.test.junit.AutoTests" name="[13] /home/travis/build/icyphy/ptII/ptolemy/actor/lib/hoc/test/auto/CatchUpComposite2.xml (RunModel)" time="0.069" />
  <testcase classname="ptolemy.util.test.junit.AutoTests" name="[14] /home/travis/build/icyphy/ptII/ptolemy/actor/lib/hoc/test/auto/CatchUpComposite3.xml (RunModel)" time="0.059" />
  <testcase classname="ptolemy.util.test.junit.AutoTests" name="[15] /home/travis/build/icyphy/ptII/ptolemy/actor/lib/hoc/test/auto/CatchUpComposite4.xml (RunModel)" time="0.063" />
  <testcase classname="ptolemy.util.test.junit.AutoTests" name="[16] /home/travis/build/icyphy/ptII/ptolemy/actor/lib/hoc/test/auto/CatchUpComposite5.xml (RunModel)" time="0.042" />
  <testcase classname="ptolemy.util.test.junit.AutoTests" name="[17] /home/travis/build/icyphy/ptII/ptolemy/actor/lib/hoc/test/auto/CatchUpComposite6.xml (RunModel)" time="0.193" />
  <testcase classname="ptolemy.util.test.junit.AutoTests" name="[18] /home/travis/build/icyphy/ptII/ptolemy/actor/lib/hoc/test/auto/CatchUpComposite7.xml (RunModel)" time="0.096" />
  <testcase classname="ptolemy.util.test.junit.AutoTests" name="[19] /home/travis/build/icyphy/ptII/ptolemy/actor/lib/hoc/test/auto/ConcurrentExecutionTimeSDF.xml (RunModel)" time="1.122" />
  <testcase classname="ptolemy.util.test.junit.AutoTests" name="[20] /home/travis/build/icyphy/ptII/ptolemy/actor/lib/hoc/test/auto/ConcurrentSleep.xml (RunModel)" time="0.768" />
  <testcase classname="ptolemy.util.test.junit.AutoTests" name="[21] /home/travis/build/icyphy/ptII/ptolemy/actor/lib/hoc/test/auto/DEInPNInRunCompositeActor.xml (RunModel)" time="0.028" />
  <testcase classname="ptolemy.util.test.junit.AutoTests" name="[22] /home/travis/build/icyphy/ptII/ptolemy/actor/lib/hoc/test/auto/DFTSubSetTest.xml (RunModel)" time="0.307" />
  <testcase classname="ptolemy.util.test.junit.AutoTests" name="[23] /home/travis/build/icyphy/ptII/ptolemy/actor/lib/hoc/test/auto/HocDE.xml (RunModel)" time="0.22" />
  <testcase classname="ptolemy.util.test.junit.AutoTests" name="[24] /home/travis/build/icyphy/ptII/ptolemy/actor/lib/hoc/test/auto/IterateOverArray.xml (RunModel)" time="0.032" />
  <testcase classname="ptolemy.util.test.junit.AutoTests" name="[25] /home/travis/build/icyphy/ptII/ptolemy/actor/lib/hoc/test/auto/IterateOverArray10.xml (RunModel)" time="0.021" />
  <testcase classname="ptolemy.util.test.junit.AutoTests" name="[26] /home/travis/build/icyphy/ptII/ptolemy/actor/lib/hoc/test/auto/IterateOverArray11.xml (RunModel)" time="0.039" />
  <testcase classname="ptolemy.util.test.junit.AutoTests" name="[27] /home/travis/build/icyphy/ptII/ptolemy/actor/lib/hoc/test/auto/IterateOverArray12.xml (RunModel)" time="0.042" />
  <testcase classname="ptolemy.util.test.junit.AutoTests" name="[28] /home/travis/build/icyphy/ptII/ptolemy/actor/lib/hoc/test/auto/IterateOverArray13.xml (RunModel)" time="0.165" />
  <testcase classname="ptolemy.util.test.junit.AutoTests" name="[29] /home/travis/build/icyphy/ptII/ptolemy/actor/lib/hoc/test/auto/IterateOverArray14.xml (RunModel)" time="0.155" />
  <testcase classname="ptolemy.util.test.junit.AutoTests" name="[30] /home/travis/build/icyphy/ptII/ptolemy/actor/lib/hoc/test/auto/IterateOverArray2.xml (RunModel)" time="0.027" />
  <testcase classname="ptolemy.util.test.junit.AutoTests" name="[31] /home/travis/build/icyphy/ptII/ptolemy/actor/lib/hoc/test/auto/IterateOverArray3.xml (RunModel)" time="0.042" />
  <testcase classname="ptolemy.util.test.junit.AutoTests" name="[32] /home/travis/build/icyphy/ptII/ptolemy/actor/lib/hoc/test/auto/IterateOverArray4.xml (RunModel)" time="0.023" />
  <testcase classname="ptolemy.util.test.junit.AutoTests" name="[33] /home/travis/build/icyphy/ptII/ptolemy/actor/lib/hoc/test/auto/IterateOverArray5.xml (RunModel)" time="0.026" />
  <testcase classname="ptolemy.util.test.junit.AutoTests" name="[34] /home/travis/build/icyphy/ptII/ptolemy/actor/lib/hoc/test/auto/IterateOverArray6.xml (RunModel)" time="0.019" />
  <testcase classname="ptolemy.util.test.junit.AutoTests" name="[35] /home/travis/build/icyphy/ptII/ptolemy/actor/lib/hoc/test/auto/IterateOverArray7.xml (RunModel)" time="0.02" />
  <testcase classname="ptolemy.util.test.junit.AutoTests" name="[36] /home/travis/build/icyphy/ptII/ptolemy/actor/lib/hoc/test/auto/IterateOverArray8.xml (RunModel)" time="0.023" />
  <testcase classname="ptolemy.util.test.junit.AutoTests" name="[37] /home/travis/build/icyphy/ptII/ptolemy/actor/lib/hoc/test/auto/IterateOverArray9.xml (RunModel)" time="0.024" />
  <testcase classname="ptolemy.util.test.junit.AutoTests" name="[38] /home/travis/build/icyphy/ptII/ptolemy/actor/lib/hoc/test/auto/IterateOverArrayCoercedOutputType.xml (RunModel)" time="0.042" />
  <testcase classname="ptolemy.util.test.junit.AutoTests" name="[39] /home/travis/build/icyphy/ptII/ptolemy/actor/lib/hoc/test/auto/IterateOverArrayInferredOutputType.xml (RunModel)" time="0.029" />
  <testcase classname="ptolemy.util.test.junit.AutoTests" name="[40] /home/travis/build/icyphy/ptII/ptolemy/actor/lib/hoc/test/auto/MobileFunctionTest.xml (RunModel)" time="0.029" />
  <testcase classname="ptolemy.util.test.junit.AutoTests" name="[41] /home/travis/build/icyphy/ptII/ptolemy/actor/lib/hoc/test/auto/MobileModelTest.xml (RunModel)" time="0.142" />
  <testcase classname="ptolemy.util.test.junit.AutoTests" name="[42] /home/travis/build/icyphy/ptII/ptolemy/actor/lib/hoc/test/auto/ModelReference.xml (RunModel)" time="0.091" />
  <testcase classname="ptolemy.util.test.junit.AutoTests" name="[43] /home/travis/build/icyphy/ptII/ptolemy/actor/lib/hoc/test/auto/ModelReference3.xml (RunModel)" time="0.049" />
  <testcase classname="ptolemy.util.test.junit.AutoTests" name="[44] /home/travis/build/icyphy/ptII/ptolemy/actor/lib/hoc/test/auto/ModelReference4.xml (RunModel)" time="10.043" />
  <testcase classname="ptolemy.util.test.junit.AutoTests" name="[45] /home/travis/build/icyphy/ptII/ptolemy/actor/lib/hoc/test/auto/MultiInstanceComposite.xml (RunModel)" time="0.064" />
  <testcase classname="ptolemy.util.test.junit.AutoTests" name="[46] /home/travis/build/icyphy/ptII/ptolemy/actor/lib/hoc/test/auto/MultiInstanceComposite2.xml (RunModel)" time="0.052" />
  <testcase classname="ptolemy.util.test.junit.AutoTests" name="[47] /home/travis/build/icyphy/ptII/ptolemy/actor/lib/hoc/test/auto/MulticoreExecution.xml (RunModel)" time="1.142" />
  <testcase classname="ptolemy.util.test.junit.AutoTests" name="[48] /home/travis/build/icyphy/ptII/ptolemy/actor/lib/hoc/test/auto/ParallelExecution.xml (RunModel)" time="0.939" />
  <testcase classname="ptolemy.util.test.junit.AutoTests" name="[49] /home/travis/build/icyphy/ptII/ptolemy/actor/lib/hoc/test/auto/RunCompositeActor.xml (RunModel)" time="0.025" />
  <testcase classname="ptolemy.util.test.junit.AutoTests" name="[50] /home/travis/build/icyphy/ptII/ptolemy/actor/lib/hoc/test/auto/RunCompositeActor2.xml (RunModel)" time="0.037" />
  <testcase classname="ptolemy.util.test.junit.AutoTests" name="[51] /home/travis/build/icyphy/ptII/ptolemy/actor/lib/hoc/test/auto/RunCompositeActor3.xml (RunModel)" time="0.026" />
  <testcase classname="ptolemy.util.test.junit.AutoTests" name="[52] /home/travis/build/icyphy/ptII/ptolemy/actor/lib/hoc/test/auto/RunCompositeActor4.xml (RunModel)" time="0.034" />
  <testcase classname="ptolemy.util.test.junit.AutoTests" name="[53] /home/travis/build/icyphy/ptII/ptolemy/actor/lib/hoc/test/auto/RunCompositeIterateOverArray.xml (RunModel)" time="0.032" />
  <testcase classname="ptolemy.util.test.junit.AutoTests" name="[54] /home/travis/build/icyphy/ptII/ptolemy/actor/lib/hoc/test/auto/ThreadedJS.xml (RunModel)" time="5.146" />
  <system-out><![CDATA[/home/travis/build/icyphy/ptII/ptolemy/actor/lib/hoc/test/IterateOverArray.tcl
testDefs.tcl: setting time out to 9000 seconds at Mon Jun 11 02:23:24 UTC 2018
06/11/18 02:23:24
Failed: 0  Total Tests: 2  ((Passed: 2, Newly Passed: 0)  Known Failed: 0) /home/travis/build/icyphy/ptII/ptolemy/actor/lib/hoc/test
----------------- testing (KnownFailure) /home/travis/build/icyphy/ptII/ptolemy/actor/lib/hoc/test/auto/knownFailedTests/PreinitializeMustBeInvokedRunComposite.xml
34 ms. Memory: 116224K Free: 105160K (90%)
Known Failure: java.lang.reflect.InvocationTargetException
No auto/linux-amd64/*.xml tests in /home/travis/build/icyphy/ptII/ptolemy/actor/lib/hoc/test
AutoTests.java: About to close Vertx.
AutoTests.java: Vertx closed.

===========================================================================================
----------------- testing Mon Jun 11 02:23:25 UTC 2018 /home/travis/build/icyphy/ptII/ptolemy/actor/lib/hoc/test/auto/AllToAllMultiInstanceComposite.xml
----------------- Instantiating /home/travis/build/icyphy/ptII/ptolemy/actor/lib/hoc/test/auto/AllToAllMultiInstanceComposite.xml
119 ms. Memory: 116224K Free: 87240K (75%)
----------------- Invoking toplevel() on ptolemy.moml.MoMLSimpleApplication@691736be
----------------- Done invoking toplevel() on ptolemy.moml.MoMLSimpleApplication@691736be
reloadAllAccessors: .AllToAllMultiInstanceComposite

===========================================================================================
----------------- testing Mon Jun 11 02:23:25 UTC 2018 /home/travis/build/icyphy/ptII/ptolemy/actor/lib/hoc/test/auto/ApplyFFTTest.xml
----------------- Instantiating /home/travis/build/icyphy/ptII/ptolemy/actor/lib/hoc/test/auto/ApplyFFTTest.xml
111 ms. Memory: 116224K Free: 97724K (84%)
----------------- Invoking toplevel() on ptolemy.moml.MoMLSimpleApplication@61a58bbf
----------------- Done invoking toplevel() on ptolemy.moml.MoMLSimpleApplication@61a58bbf
reloadAllAccessors: .ApplyFFTTest

===========================================================================================
----------------- testing Mon Jun 11 02:23:25 UTC 2018 /home/travis/build/icyphy/ptII/ptolemy/actor/lib/hoc/test/auto/ApplyFunction.xml
----------------- Instantiating /home/travis/build/icyphy/ptII/ptolemy/actor/lib/hoc/test/auto/ApplyFunction.xml
5 ms. Memory: 116224K Free: 93938K (81%)
----------------- Invoking toplevel() on ptolemy.moml.MoMLSimpleApplication@701f4e04
----------------- Done invoking toplevel() on ptolemy.moml.MoMLSimpleApplication@701f4e04
reloadAllAccessors: .ApplyFunction

===========================================================================================
----------------- testing Mon Jun 11 02:23:25 UTC 2018 /home/travis/build/icyphy/ptII/ptolemy/actor/lib/hoc/test/auto/BackgroundExecution.xml
----------------- Instantiating /home/travis/build/icyphy/ptII/ptolemy/actor/lib/hoc/test/auto/BackgroundExecution.xml
622 ms. Memory: 116224K Free: 85758K (74%)
----------------- Invoking toplevel() on ptolemy.moml.MoMLSimpleApplication@7a7d13ef
----------------- Done invoking toplevel() on ptolemy.moml.MoMLSimpleApplication@7a7d13ef
reloadAllAccessors: .BackgroundExecution

===========================================================================================
----------------- testing Mon Jun 11 02:23:26 UTC 2018 /home/travis/build/icyphy/ptII/ptolemy/actor/lib/hoc/test/auto/Case.xml
----------------- Instantiating /home/travis/build/icyphy/ptII/ptolemy/actor/lib/hoc/test/auto/Case.xml
21 ms. Memory: 146944K Free: 139074K (95%)
----------------- Invoking toplevel() on ptolemy.moml.MoMLSimpleApplication@4c2c501d
----------------- Done invoking toplevel() on ptolemy.moml.MoMLSimpleApplication@4c2c501d
reloadAllAccessors: .Case

===========================================================================================
----------------- testing Mon Jun 11 02:23:26 UTC 2018 /home/travis/build/icyphy/ptII/ptolemy/actor/lib/hoc/test/auto/Case1.xml
----------------- Instantiating /home/travis/build/icyphy/ptII/ptolemy/actor/lib/hoc/test/auto/Case1.xml
10 ms. Memory: 146944K Free: 131411K (89%)
----------------- Invoking toplevel() on ptolemy.moml.MoMLSimpleApplication@29c1e754
----------------- Done invoking toplevel() on ptolemy.moml.MoMLSimpleApplication@29c1e754
reloadAllAccessors: .Case1

===========================================================================================
----------------- testing Mon Jun 11 02:23:26 UTC 2018 /home/travis/build/icyphy/ptII/ptolemy/actor/lib/hoc/test/auto/Case2.xml
----------------- Instantiating /home/travis/build/icyphy/ptII/ptolemy/actor/lib/hoc/test/auto/Case2.xml
43 ms. Memory: 146944K Free: 119696K (81%)
----------------- Invoking toplevel() on ptolemy.moml.MoMLSimpleApplication@5482cdbd
----------------- Done invoking toplevel() on ptolemy.moml.MoMLSimpleApplication@5482cdbd
reloadAllAccessors: .Case2

===========================================================================================
----------------- testing Mon Jun 11 02:23:26 UTC 2018 /home/travis/build/icyphy/ptII/ptolemy/actor/lib/hoc/test/auto/Case3.xml
----------------- Instantiating /home/travis/build/icyphy/ptII/ptolemy/actor/lib/hoc/test/auto/Case3.xml
19 ms. Memory: 146944K Free: 113255K (77%)
----------------- Invoking toplevel() on ptolemy.moml.MoMLSimpleApplication@1a7b1bb6
----------------- Done invoking toplevel() on ptolemy.moml.MoMLSimpleApplication@1a7b1bb6
reloadAllAccessors: .Case3

===========================================================================================
----------------- testing Mon Jun 11 02:23:26 UTC 2018 /home/travis/build/icyphy/ptII/ptolemy/actor/lib/hoc/test/auto/Case4.xml
----------------- Instantiating /home/travis/build/icyphy/ptII/ptolemy/actor/lib/hoc/test/auto/Case4.xml
21 ms. Memory: 146944K Free: 104756K (71%)
----------------- Invoking toplevel() on ptolemy.moml.MoMLSimpleApplication@50c4b756
----------------- Done invoking toplevel() on ptolemy.moml.MoMLSimpleApplication@50c4b756
reloadAllAccessors: .Case4

===========================================================================================
----------------- testing Mon Jun 11 02:23:26 UTC 2018 /home/travis/build/icyphy/ptII/ptolemy/actor/lib/hoc/test/auto/Case5.xml
----------------- Instantiating /home/travis/build/icyphy/ptII/ptolemy/actor/lib/hoc/test/auto/Case5.xml
57 ms. Memory: 146944K Free: 97687K (66%)
----------------- Invoking toplevel() on ptolemy.moml.MoMLSimpleApplication@42195402
----------------- Done invoking toplevel() on ptolemy.moml.MoMLSimpleApplication@42195402
reloadAllAccessors: .junk

===========================================================================================
----------------- testing Mon Jun 11 02:23:26 UTC 2018 /home/travis/build/icyphy/ptII/ptolemy/actor/lib/hoc/test/auto/Case6.xml
----------------- Instantiating /home/travis/build/icyphy/ptII/ptolemy/actor/lib/hoc/test/auto/Case6.xml
49 ms. Memory: 146944K Free: 84052K (57%)
----------------- Invoking toplevel() on ptolemy.moml.MoMLSimpleApplication@21f24b45
----------------- Done invoking toplevel() on ptolemy.moml.MoMLSimpleApplication@21f24b45
reloadAllAccessors: .Case6

===========================================================================================
----------------- testing Mon Jun 11 02:23:26 UTC 2018 /home/travis/build/icyphy/ptII/ptolemy/actor/lib/hoc/test/auto/CaseString2.xml
----------------- Instantiating /home/travis/build/icyphy/ptII/ptolemy/actor/lib/hoc/test/auto/CaseString2.xml
18 ms. Memory: 146944K Free: 136717K (93%)
----------------- Invoking toplevel() on ptolemy.moml.MoMLSimpleApplication@3db219d1
----------------- Done invoking toplevel() on ptolemy.moml.MoMLSimpleApplication@3db219d1
reloadAllAccessors: .CaseString2

===========================================================================================
----------------- testing Mon Jun 11 02:23:26 UTC 2018 /home/travis/build/icyphy/ptII/ptolemy/actor/lib/hoc/test/auto/CatchUpComposite1.xml
----------------- Instantiating /home/travis/build/icyphy/ptII/ptolemy/actor/lib/hoc/test/auto/CatchUpComposite1.xml
22 ms. Memory: 146944K Free: 126937K (86%)
----------------- Invoking toplevel() on ptolemy.moml.MoMLSimpleApplication@3ed87811
----------------- Done invoking toplevel() on ptolemy.moml.MoMLSimpleApplication@3ed87811
reloadAllAccessors: .CatchUpComposite1

===========================================================================================
----------------- testing Mon Jun 11 02:23:27 UTC 2018 /home/travis/build/icyphy/ptII/ptolemy/actor/lib/hoc/test/auto/CatchUpComposite2.xml
----------------- Instantiating /home/travis/build/icyphy/ptII/ptolemy/actor/lib/hoc/test/auto/CatchUpComposite2.xml
18 ms. Memory: 146944K Free: 117171K (80%)
----------------- Invoking toplevel() on ptolemy.moml.MoMLSimpleApplication@4dacf4ff
----------------- Done invoking toplevel() on ptolemy.moml.MoMLSimpleApplication@4dacf4ff
reloadAllAccessors: .CatchUpComposite2

===========================================================================================
----------------- testing Mon Jun 11 02:23:27 UTC 2018 /home/travis/build/icyphy/ptII/ptolemy/actor/lib/hoc/test/auto/CatchUpComposite3.xml
----------------- Instantiating /home/travis/build/icyphy/ptII/ptolemy/actor/lib/hoc/test/auto/CatchUpComposite3.xml
11 ms. Memory: 146944K Free: 107326K (73%)
----------------- Invoking toplevel() on ptolemy.moml.MoMLSimpleApplication@5d9bbb97
----------------- Done invoking toplevel() on ptolemy.moml.MoMLSimpleApplication@5d9bbb97
reloadAllAccessors: .CatchUpComposite3

===========================================================================================
----------------- testing Mon Jun 11 02:23:27 UTC 2018 /home/travis/build/icyphy/ptII/ptolemy/actor/lib/hoc/test/auto/CatchUpComposite4.xml
----------------- Instantiating /home/travis/build/icyphy/ptII/ptolemy/actor/lib/hoc/test/auto/CatchUpComposite4.xml
18 ms. Memory: 146944K Free: 97874K (67%)
----------------- Invoking toplevel() on ptolemy.moml.MoMLSimpleApplication@7917277f
----------------- Done invoking toplevel() on ptolemy.moml.MoMLSimpleApplication@7917277f
reloadAllAccessors: .CatchUpComposite4

===========================================================================================
----------------- testing Mon Jun 11 02:23:27 UTC 2018 /home/travis/build/icyphy/ptII/ptolemy/actor/lib/hoc/test/auto/CatchUpComposite5.xml
----------------- Instantiating /home/travis/build/icyphy/ptII/ptolemy/actor/lib/hoc/test/auto/CatchUpComposite5.xml
8 ms. Memory: 146944K Free: 88960K (61%)
----------------- Invoking toplevel() on ptolemy.moml.MoMLSimpleApplication@2f906465
----------------- Done invoking toplevel() on ptolemy.moml.MoMLSimpleApplication@2f906465
reloadAllAccessors: .CatchUpComposite5

===========================================================================================
----------------- testing Mon Jun 11 02:23:27 UTC 2018 /home/travis/build/icyphy/ptII/ptolemy/actor/lib/hoc/test/auto/CatchUpComposite6.xml
----------------- Instantiating /home/travis/build/icyphy/ptII/ptolemy/actor/lib/hoc/test/auto/CatchUpComposite6.xml
WARNING: The execution aspects in this model can influence the timing of actors by delaying the 
execution, potentially changing the behavior. There is no guarantee that actors fire at the 
time they request to be fired. 
Use Ptides for deterministic DE behavior that is not influenced by execution aspects. 

102 ms. Memory: 209408K Free: 193827K (93%)
----------------- Invoking toplevel() on ptolemy.moml.MoMLSimpleApplication@6ab3ea20
----------------- Done invoking toplevel() on ptolemy.moml.MoMLSimpleApplication@6ab3ea20
reloadAllAccessors: .CatchUpComposite6

===========================================================================================
----------------- testing Mon Jun 11 02:23:27 UTC 2018 /home/travis/build/icyphy/ptII/ptolemy/actor/lib/hoc/test/auto/CatchUpComposite7.xml
----------------- Instantiating /home/travis/build/icyphy/ptII/ptolemy/actor/lib/hoc/test/auto/CatchUpComposite7.xml
WARNING: The execution aspects in this model can influence the timing of actors by delaying the 
execution, potentially changing the behavior. There is no guarantee that actors fire at the 
time they request to be fired. 
Use Ptides for deterministic DE behavior that is not influenced by execution aspects. 

34 ms. Memory: 209408K Free: 176981K (85%)
----------------- Invoking toplevel() on ptolemy.moml.MoMLSimpleApplication@4aea4dea
----------------- Done invoking toplevel() on ptolemy.moml.MoMLSimpleApplication@4aea4dea
reloadAllAccessors: .CatchUpComposite7

===========================================================================================
----------------- testing Mon Jun 11 02:23:27 UTC 2018 /home/travis/build/icyphy/ptII/ptolemy/actor/lib/hoc/test/auto/ConcurrentExecutionTimeSDF.xml
----------------- Instantiating /home/travis/build/icyphy/ptII/ptolemy/actor/lib/hoc/test/auto/ConcurrentExecutionTimeSDF.xml
Fired ExecutionTime: 40400000
Fired ExecutionTime: 40400000
Fired ExecutionTime: 40400000
Fired ExecutionTime: 40400000
Fired ExecutionTime: 40400000
Fired ExecutionTime: 40400000
Fired ExecutionTime: 40400000
Fired ExecutionTime: 40400000
Fired ExecutionTime: 40400000
Fired ExecutionTime: 40400000
Fired ExecutionTime: 40400000
Fired ExecutionTime: 40400000
Fired ExecutionTime: 40400000
Fired ExecutionTime: 40400000
Fired ExecutionTime: 40400000
Fired ExecutionTime: 40400000
Fired ExecutionTime: 40400000
Fired ExecutionTime: 40400000
Fired ExecutionTime: 40400000
Fired ExecutionTime: 40400000
1097 ms. Memory: 209408K Free: 167540K (80%)
----------------- Invoking toplevel() on ptolemy.moml.MoMLSimpleApplication@6a6fffb
----------------- Done invoking toplevel() on ptolemy.moml.MoMLSimpleApplication@6a6fffb
reloadAllAccessors: .ConcurrentExecutionTimeSDF

===========================================================================================
----------------- testing Mon Jun 11 02:23:28 UTC 2018 /home/travis/build/icyphy/ptII/ptolemy/actor/lib/hoc/test/auto/ConcurrentSleep.xml
----------------- Instantiating /home/travis/build/icyphy/ptII/ptolemy/actor/lib/hoc/test/auto/ConcurrentSleep.xml
735 ms. Memory: 209408K Free: 152364K (73%)
----------------- Invoking toplevel() on ptolemy.moml.MoMLSimpleApplication@10da78e1
----------------- Done invoking toplevel() on ptolemy.moml.MoMLSimpleApplication@10da78e1
reloadAllAccessors: .ConcurrentSleep

===========================================================================================
----------------- testing Mon Jun 11 02:23:29 UTC 2018 /home/travis/build/icyphy/ptII/ptolemy/actor/lib/hoc/test/auto/DEInPNInRunCompositeActor.xml
----------------- Instantiating /home/travis/build/icyphy/ptII/ptolemy/actor/lib/hoc/test/auto/DEInPNInRunCompositeActor.xml
7 ms. Memory: 209408K Free: 144991K (69%)
----------------- Invoking toplevel() on ptolemy.moml.MoMLSimpleApplication@90bf5d8
----------------- Done invoking toplevel() on ptolemy.moml.MoMLSimpleApplication@90bf5d8
reloadAllAccessors: .DEInPNInRunCompositeActor

===========================================================================================
----------------- testing Mon Jun 11 02:23:29 UTC 2018 /home/travis/build/icyphy/ptII/ptolemy/actor/lib/hoc/test/auto/DFTSubSetTest.xml
----------------- Instantiating /home/travis/build/icyphy/ptII/ptolemy/actor/lib/hoc/test/auto/DFTSubSetTest.xml
194 ms. Memory: 209408K Free: 96967K (46%)
----------------- Invoking toplevel() on ptolemy.moml.MoMLSimpleApplication@65d46f05
----------------- Done invoking toplevel() on ptolemy.moml.MoMLSimpleApplication@65d46f05
reloadAllAccessors: .DFTSubSetTest

===========================================================================================
----------------- testing Mon Jun 11 02:23:29 UTC 2018 /home/travis/build/icyphy/ptII/ptolemy/actor/lib/hoc/test/auto/HocDE.xml
----------------- Instantiating /home/travis/build/icyphy/ptII/ptolemy/actor/lib/hoc/test/auto/HocDE.xml
176 ms. Memory: 209408K Free: 192033K (92%)
----------------- Invoking toplevel() on ptolemy.moml.MoMLSimpleApplication@120d7994
----------------- Done invoking toplevel() on ptolemy.moml.MoMLSimpleApplication@120d7994
reloadAllAccessors: .HocDE

===========================================================================================
----------------- testing Mon Jun 11 02:23:30 UTC 2018 /home/travis/build/icyphy/ptII/ptolemy/actor/lib/hoc/test/auto/IterateOverArray.xml
----------------- Instantiating /home/travis/build/icyphy/ptII/ptolemy/actor/lib/hoc/test/auto/IterateOverArray.xml
7 ms. Memory: 209408K Free: 186017K (89%)
----------------- Invoking toplevel() on ptolemy.moml.MoMLSimpleApplication@41272516
----------------- Done invoking toplevel() on ptolemy.moml.MoMLSimpleApplication@41272516
reloadAllAccessors: .IterateOverArray

===========================================================================================
----------------- testing Mon Jun 11 02:23:30 UTC 2018 /home/travis/build/icyphy/ptII/ptolemy/actor/lib/hoc/test/auto/IterateOverArray10.xml
----------------- Instantiating /home/travis/build/icyphy/ptII/ptolemy/actor/lib/hoc/test/auto/IterateOverArray10.xml
3 ms. Memory: 209408K Free: 182038K (87%)
----------------- Invoking toplevel() on ptolemy.moml.MoMLSimpleApplication@4ca99821
----------------- Done invoking toplevel() on ptolemy.moml.MoMLSimpleApplication@4ca99821
reloadAllAccessors: .IterateOverArray10

===========================================================================================
----------------- testing Mon Jun 11 02:23:30 UTC 2018 /home/travis/build/icyphy/ptII/ptolemy/actor/lib/hoc/test/auto/IterateOverArray11.xml
----------------- Instantiating /home/travis/build/icyphy/ptII/ptolemy/actor/lib/hoc/test/auto/IterateOverArray11.xml
4 ms. Memory: 209408K Free: 176829K (84%)
----------------- Invoking toplevel() on ptolemy.moml.MoMLSimpleApplication@352df600
----------------- Done invoking toplevel() on ptolemy.moml.MoMLSimpleApplication@352df600
reloadAllAccessors: .IterateOverArray11

===========================================================================================
----------------- testing Mon Jun 11 02:23:30 UTC 2018 /home/travis/build/icyphy/ptII/ptolemy/actor/lib/hoc/test/auto/IterateOverArray12.xml
----------------- Instantiating /home/travis/build/icyphy/ptII/ptolemy/actor/lib/hoc/test/auto/IterateOverArray12.xml
16 ms. Memory: 209408K Free: 169746K (81%)
----------------- Invoking toplevel() on ptolemy.moml.MoMLSimpleApplication@662023
----------------- Done invoking toplevel() on ptolemy.moml.MoMLSimpleApplication@662023
reloadAllAccessors: .IterateOverArray12

===========================================================================================
----------------- testing Mon Jun 11 02:23:30 UTC 2018 /home/travis/build/icyphy/ptII/ptolemy/actor/lib/hoc/test/auto/IterateOverArray13.xml
----------------- Instantiating /home/travis/build/icyphy/ptII/ptolemy/actor/lib/hoc/test/auto/IterateOverArray13.xml
75 ms. Memory: 209408K Free: 136735K (65%)
----------------- Invoking toplevel() on ptolemy.moml.MoMLSimpleApplication@2d7754b4
----------------- Done invoking toplevel() on ptolemy.moml.MoMLSimpleApplication@2d7754b4
reloadAllAccessors: .IterateOverArray13

===========================================================================================
----------------- testing Mon Jun 11 02:23:30 UTC 2018 /home/travis/build/icyphy/ptII/ptolemy/actor/lib/hoc/test/auto/IterateOverArray14.xml
----------------- Instantiating /home/travis/build/icyphy/ptII/ptolemy/actor/lib/hoc/test/auto/IterateOverArray14.xml
71 ms. Memory: 209408K Free: 99887K (48%)
----------------- Invoking toplevel() on ptolemy.moml.MoMLSimpleApplication@5a855533
----------------- Done invoking toplevel() on ptolemy.moml.MoMLSimpleApplication@5a855533
reloadAllAccessors: .IterateOverArray14

===========================================================================================
----------------- testing Mon Jun 11 02:23:30 UTC 2018 /home/travis/build/icyphy/ptII/ptolemy/actor/lib/hoc/test/auto/IterateOverArray2.xml
----------------- Instantiating /home/travis/build/icyphy/ptII/ptolemy/actor/lib/hoc/test/auto/IterateOverArray2.xml
9 ms. Memory: 209408K Free: 94646K (45%)
----------------- Invoking toplevel() on ptolemy.moml.MoMLSimpleApplication@7a329620
----------------- Done invoking toplevel() on ptolemy.moml.MoMLSimpleApplication@7a329620
reloadAllAccessors: .IterateOverArray2

===========================================================================================
----------------- testing Mon Jun 11 02:23:30 UTC 2018 /home/travis/build/icyphy/ptII/ptolemy/actor/lib/hoc/test/auto/IterateOverArray3.xml
----------------- Instantiating /home/travis/build/icyphy/ptII/ptolemy/actor/lib/hoc/test/auto/IterateOverArray3.xml
18 ms. Memory: 209408K Free: 87595K (42%)
----------------- Invoking toplevel() on ptolemy.moml.MoMLSimpleApplication@58328805
----------------- Done invoking toplevel() on ptolemy.moml.MoMLSimpleApplication@58328805
reloadAllAccessors: .IterateOverArray3

===========================================================================================
----------------- testing Mon Jun 11 02:23:30 UTC 2018 /home/travis/build/icyphy/ptII/ptolemy/actor/lib/hoc/test/auto/IterateOverArray4.xml
----------------- Instantiating /home/travis/build/icyphy/ptII/ptolemy/actor/lib/hoc/test/auto/IterateOverArray4.xml
5 ms. Memory: 209408K Free: 82387K (39%)
----------------- Invoking toplevel() on ptolemy.moml.MoMLSimpleApplication@2c451644
----------------- Done invoking toplevel() on ptolemy.moml.MoMLSimpleApplication@2c451644
reloadAllAccessors: .IterateOverArray4

===========================================================================================
----------------- testing Mon Jun 11 02:23:30 UTC 2018 /home/travis/build/icyphy/ptII/ptolemy/actor/lib/hoc/test/auto/IterateOverArray5.xml
----------------- Instantiating /home/travis/build/icyphy/ptII/ptolemy/actor/lib/hoc/test/auto/IterateOverArray5.xml
3 ms. Memory: 332288K Free: 322847K (97%)
----------------- Invoking toplevel() on ptolemy.moml.MoMLSimpleApplication@7d868d04
----------------- Done invoking toplevel() on ptolemy.moml.MoMLSimpleApplication@7d868d04
reloadAllAccessors: .IterateOverArray5

===========================================================================================
----------------- testing Mon Jun 11 02:23:30 UTC 2018 /home/travis/build/icyphy/ptII/ptolemy/actor/lib/hoc/test/auto/IterateOverArray6.xml
----------------- Instantiating /home/travis/build/icyphy/ptII/ptolemy/actor/lib/hoc/test/auto/IterateOverArray6.xml
3 ms. Memory: 332288K Free: 317520K (96%)
----------------- Invoking toplevel() on ptolemy.moml.MoMLSimpleApplication@2a45bd6f
----------------- Done invoking toplevel() on ptolemy.moml.MoMLSimpleApplication@2a45bd6f
reloadAllAccessors: .IterateOverArray6

===========================================================================================
----------------- testing Mon Jun 11 02:23:30 UTC 2018 /home/travis/build/icyphy/ptII/ptolemy/actor/lib/hoc/test/auto/IterateOverArray7.xml
----------------- Instantiating /home/travis/build/icyphy/ptII/ptolemy/actor/lib/hoc/test/auto/IterateOverArray7.xml
4 ms. Memory: 332288K Free: 312072K (94%)
----------------- Invoking toplevel() on ptolemy.moml.MoMLSimpleApplication@243334b4
----------------- Done invoking toplevel() on ptolemy.moml.MoMLSimpleApplication@243334b4
reloadAllAccessors: .IterateOverArray7

===========================================================================================
----------------- testing Mon Jun 11 02:23:30 UTC 2018 /home/travis/build/icyphy/ptII/ptolemy/actor/lib/hoc/test/auto/IterateOverArray8.xml
----------------- Instantiating /home/travis/build/icyphy/ptII/ptolemy/actor/lib/hoc/test/auto/IterateOverArray8.xml
7 ms. Memory: 332288K Free: 306744K (92%)
----------------- Invoking toplevel() on ptolemy.moml.MoMLSimpleApplication@2fac3017
----------------- Done invoking toplevel() on ptolemy.moml.MoMLSimpleApplication@2fac3017
reloadAllAccessors: .IterateOverArray8

===========================================================================================
----------------- testing Mon Jun 11 02:23:30 UTC 2018 /home/travis/build/icyphy/ptII/ptolemy/actor/lib/hoc/test/auto/IterateOverArray9.xml
----------------- Instantiating /home/travis/build/icyphy/ptII/ptolemy/actor/lib/hoc/test/auto/IterateOverArray9.xml
7 ms. Memory: 332288K Free: 301417K (91%)
----------------- Invoking toplevel() on ptolemy.moml.MoMLSimpleApplication@15706cc3
----------------- Done invoking toplevel() on ptolemy.moml.MoMLSimpleApplication@15706cc3
reloadAllAccessors: .IterateOverArray9

===========================================================================================
----------------- testing Mon Jun 11 02:23:30 UTC 2018 /home/travis/build/icyphy/ptII/ptolemy/actor/lib/hoc/test/auto/IterateOverArrayCoercedOutputType.xml
----------------- Instantiating /home/travis/build/icyphy/ptII/ptolemy/actor/lib/hoc/test/auto/IterateOverArrayCoercedOutputType.xml
4 ms. Memory: 332288K Free: 294877K (89%)
----------------- Invoking toplevel() on ptolemy.moml.MoMLSimpleApplication@3877d40a
----------------- Done invoking toplevel() on ptolemy.moml.MoMLSimpleApplication@3877d40a
reloadAllAccessors: .IterateOverArrayCoercedOutputType

===========================================================================================
----------------- testing Mon Jun 11 02:23:30 UTC 2018 /home/travis/build/icyphy/ptII/ptolemy/actor/lib/hoc/test/auto/IterateOverArrayInferredOutputType.xml
----------------- Instantiating /home/travis/build/icyphy/ptII/ptolemy/actor/lib/hoc/test/auto/IterateOverArrayInferredOutputType.xml
13 ms. Memory: 332288K Free: 287915K (87%)
----------------- Invoking toplevel() on ptolemy.moml.MoMLSimpleApplication@2e64021c
----------------- Done invoking toplevel() on ptolemy.moml.MoMLSimpleApplication@2e64021c
reloadAllAccessors: .IterateOverArrayInferredOutputType

===========================================================================================
----------------- testing Mon Jun 11 02:23:30 UTC 2018 /home/travis/build/icyphy/ptII/ptolemy/actor/lib/hoc/test/auto/MobileFunctionTest.xml
----------------- Instantiating /home/travis/build/icyphy/ptII/ptolemy/actor/lib/hoc/test/auto/MobileFunctionTest.xml
5 ms. Memory: 332288K Free: 280921K (85%)
----------------- Invoking toplevel() on ptolemy.moml.MoMLSimpleApplication@7f552c3b
----------------- Done invoking toplevel() on ptolemy.moml.MoMLSimpleApplication@7f552c3b
reloadAllAccessors: .MobileFunctionTest

===========================================================================================
----------------- testing Mon Jun 11 02:23:30 UTC 2018 /home/travis/build/icyphy/ptII/ptolemy/actor/lib/hoc/test/auto/MobileModelTest.xml
----------------- Instantiating /home/travis/build/icyphy/ptII/ptolemy/actor/lib/hoc/test/auto/MobileModelTest.xml
97 ms. Memory: 332288K Free: 259227K (78%)
----------------- Invoking toplevel() on ptolemy.moml.MoMLSimpleApplication@cc8362
----------------- Done invoking toplevel() on ptolemy.moml.MoMLSimpleApplication@cc8362
reloadAllAccessors: .MobileModelTest

===========================================================================================
----------------- testing Mon Jun 11 02:23:30 UTC 2018 /home/travis/build/icyphy/ptII/ptolemy/actor/lib/hoc/test/auto/ModelReference.xml
----------------- Instantiating /home/travis/build/icyphy/ptII/ptolemy/actor/lib/hoc/test/auto/ModelReference.xml
1 ms. Memory: 332288K Free: 248988K (75%)
2 ms. Memory: 332288K Free: 248988K (75%)
2 ms. Memory: 332288K Free: 247353K (74%)
6 ms. Memory: 332288K Free: 247353K (74%)
2 ms. Memory: 332288K Free: 245718K (74%)
2 ms. Memory: 332288K Free: 245718K (74%)
1 ms. Memory: 332288K Free: 244083K (73%)
3 ms. Memory: 332288K Free: 244083K (73%)
2 ms. Memory: 332288K Free: 242448K (73%)
2 ms. Memory: 332288K Free: 242448K (73%)
30 ms. Memory: 332288K Free: 242448K (73%)
----------------- Invoking toplevel() on ptolemy.moml.MoMLSimpleApplication@68d5923a
----------------- Done invoking toplevel() on ptolemy.moml.MoMLSimpleApplication@68d5923a
reloadAllAccessors: .ModelReference

===========================================================================================
----------------- testing Mon Jun 11 02:23:31 UTC 2018 /home/travis/build/icyphy/ptII/ptolemy/actor/lib/hoc/test/auto/ModelReference3.xml
----------------- Instantiating /home/travis/build/icyphy/ptII/ptolemy/actor/lib/hoc/test/auto/ModelReference3.xml
1 ms. Memory: 332288K Free: 237543K (71%)
5 ms. Memory: 332288K Free: 235908K (71%)
2 ms. Memory: 332288K Free: 235908K (71%)
4 ms. Memory: 332288K Free: 234273K (71%)
2 ms. Memory: 332288K Free: 234273K (71%)
1 ms. Memory: 332288K Free: 232638K (70%)
1 ms. Memory: 332288K Free: 232638K (70%)
5 ms. Memory: 332288K Free: 231003K (70%)
2 ms. Memory: 332288K Free: 231003K (70%)
3 ms. Memory: 332288K Free: 229368K (69%)
32 ms. Memory: 332288K Free: 229368K (69%)
----------------- Invoking toplevel() on ptolemy.moml.MoMLSimpleApplication@36d9824e
----------------- Done invoking toplevel() on ptolemy.moml.MoMLSimpleApplication@36d9824e
reloadAllAccessors: .ModelReference3

===========================================================================================
----------------- testing Mon Jun 11 02:23:31 UTC 2018 /home/travis/build/icyphy/ptII/ptolemy/actor/lib/hoc/test/auto/ModelReference4.xml
----------------- Instantiating /home/travis/build/icyphy/ptII/ptolemy/actor/lib/hoc/test/auto/ModelReference4.xml
3 ms. Memory: 332288K Free: 222406K (67%)
4 ms. Memory: 332288K Free: 220771K (66%)
2 ms. Memory: 332288K Free: 219136K (66%)
4 ms. Memory: 332288K Free: 217501K (65%)
3 ms. Memory: 332288K Free: 214215K (64%)
3 ms. Memory: 332288K Free: 212580K (64%)
2 ms. Memory: 332288K Free: 210945K (63%)
2 ms. Memory: 332288K Free: 209310K (63%)
2 ms. Memory: 332288K Free: 207675K (62%)
3 ms. Memory: 332288K Free: 206040K (62%)
10026 ms. Memory: 332288K Free: 206040K (62%)
----------------- Invoking toplevel() on ptolemy.moml.MoMLSimpleApplication@f62cb82
----------------- Done invoking toplevel() on ptolemy.moml.MoMLSimpleApplication@f62cb82
reloadAllAccessors: .ModelReference4

===========================================================================================
----------------- testing Mon Jun 11 02:23:41 UTC 2018 /home/travis/build/icyphy/ptII/ptolemy/actor/lib/hoc/test/auto/MultiInstanceComposite.xml
----------------- Instantiating /home/travis/build/icyphy/ptII/ptolemy/actor/lib/hoc/test/auto/MultiInstanceComposite.xml
26 ms. Memory: 332288K Free: 182680K (55%)
----------------- Invoking toplevel() on ptolemy.moml.MoMLSimpleApplication@2832b711
----------------- Done invoking toplevel() on ptolemy.moml.MoMLSimpleApplication@2832b711
reloadAllAccessors: .MultiInstanceComposite

===========================================================================================
----------------- testing Mon Jun 11 02:23:41 UTC 2018 /home/travis/build/icyphy/ptII/ptolemy/actor/lib/hoc/test/auto/MultiInstanceComposite2.xml
----------------- Instantiating /home/travis/build/icyphy/ptII/ptolemy/actor/lib/hoc/test/auto/MultiInstanceComposite2.xml
24 ms. Memory: 332288K Free: 169098K (51%)
----------------- Invoking toplevel() on ptolemy.moml.MoMLSimpleApplication@7d63a70c
----------------- Done invoking toplevel() on ptolemy.moml.MoMLSimpleApplication@7d63a70c
reloadAllAccessors: .MultiInstanceComposite2

===========================================================================================
----------------- testing Mon Jun 11 02:23:41 UTC 2018 /home/travis/build/icyphy/ptII/ptolemy/actor/lib/hoc/test/auto/MulticoreExecution.xml
----------------- Instantiating /home/travis/build/icyphy/ptII/ptolemy/actor/lib/hoc/test/auto/MulticoreExecution.xml
Fired ExecutionTime: 2000000
Fired ExecutionTime: 4400000
Fired ExecutionTime: 3600000
Fired ExecutionTime: 2800000
Fired ExecutionTime: 2400000
Fired ExecutionTime: 2800000
Fired ExecutionTime: 3600000
Fired ExecutionTime: 2400000
Fired ExecutionTime: 42800000
Fired ExecutionTime: 45600000
Fired ExecutionTime: 58800000
Fired ExecutionTime: 73600000
Fired ExecutionTime: 94800000
Fired ExecutionTime: 93600000
Fired ExecutionTime: 153600000
Fired ExecutionTime: 151600000
Fired ExecutionTime: 75600000
Fired ExecutionTime: 79600000
Fired ExecutionTime: 125200000
Fired ExecutionTime: 146800000
1118 ms. Memory: 332288K Free: 155571K (47%)
----------------- Invoking toplevel() on ptolemy.moml.MoMLSimpleApplication@523d3dac
----------------- Done invoking toplevel() on ptolemy.moml.MoMLSimpleApplication@523d3dac
reloadAllAccessors: .MulticoreExecution

===========================================================================================
----------------- testing Mon Jun 11 02:23:42 UTC 2018 /home/travis/build/icyphy/ptII/ptolemy/actor/lib/hoc/test/auto/ParallelExecution.xml
----------------- Instantiating /home/travis/build/icyphy/ptII/ptolemy/actor/lib/hoc/test/auto/ParallelExecution.xml
922 ms. Memory: 332288K Free: 144110K (43%)
----------------- Invoking toplevel() on ptolemy.moml.MoMLSimpleApplication@36527ea4
----------------- Done invoking toplevel() on ptolemy.moml.MoMLSimpleApplication@36527ea4
reloadAllAccessors: .ParallelExecution

===========================================================================================
----------------- testing Mon Jun 11 02:23:43 UTC 2018 /home/travis/build/icyphy/ptII/ptolemy/actor/lib/hoc/test/auto/RunCompositeActor.xml
----------------- Instantiating /home/travis/build/icyphy/ptII/ptolemy/actor/lib/hoc/test/auto/RunCompositeActor.xml
8 ms. Memory: 332288K Free: 135489K (41%)
----------------- Invoking toplevel() on ptolemy.moml.MoMLSimpleApplication@16ac8c46
----------------- Done invoking toplevel() on ptolemy.moml.MoMLSimpleApplication@16ac8c46
reloadAllAccessors: .RunCompositeActor

===========================================================================================
----------------- testing Mon Jun 11 02:23:43 UTC 2018 /home/travis/build/icyphy/ptII/ptolemy/actor/lib/hoc/test/auto/RunCompositeActor2.xml
----------------- Instantiating /home/travis/build/icyphy/ptII/ptolemy/actor/lib/hoc/test/auto/RunCompositeActor2.xml
17 ms. Memory: 332288K Free: 128519K (39%)
----------------- Invoking toplevel() on ptolemy.moml.MoMLSimpleApplication@6f65505c
----------------- Done invoking toplevel() on ptolemy.moml.MoMLSimpleApplication@6f65505c
reloadAllAccessors: .RunCompositeActor2

===========================================================================================
----------------- testing Mon Jun 11 02:23:43 UTC 2018 /home/travis/build/icyphy/ptII/ptolemy/actor/lib/hoc/test/auto/RunCompositeActor3.xml
----------------- Instantiating /home/travis/build/icyphy/ptII/ptolemy/actor/lib/hoc/test/auto/RunCompositeActor3.xml
4 ms. Memory: 332288K Free: 121541K (37%)
----------------- Invoking toplevel() on ptolemy.moml.MoMLSimpleApplication@6e3dfa83
----------------- Done invoking toplevel() on ptolemy.moml.MoMLSimpleApplication@6e3dfa83
reloadAllAccessors: .RunCompositeActor3

===========================================================================================
----------------- testing Mon Jun 11 02:23:43 UTC 2018 /home/travis/build/icyphy/ptII/ptolemy/actor/lib/hoc/test/auto/RunCompositeActor4.xml
----------------- Instantiating /home/travis/build/icyphy/ptII/ptolemy/actor/lib/hoc/test/auto/RunCompositeActor4.xml
16 ms. Memory: 332288K Free: 111277K (33%)
----------------- Invoking toplevel() on ptolemy.moml.MoMLSimpleApplication@5afc8cc0
----------------- Done invoking toplevel() on ptolemy.moml.MoMLSimpleApplication@5afc8cc0
reloadAllAccessors: .RunCompositeActor4

===========================================================================================
----------------- testing Mon Jun 11 02:23:43 UTC 2018 /home/travis/build/icyphy/ptII/ptolemy/actor/lib/hoc/test/auto/RunCompositeIterateOverArray.xml
----------------- Instantiating /home/travis/build/icyphy/ptII/ptolemy/actor/lib/hoc/test/auto/RunCompositeIterateOverArray.xml
10 ms. Memory: 332288K Free: 103101K (31%)
----------------- Invoking toplevel() on ptolemy.moml.MoMLSimpleApplication@2aa10e82
----------------- Done invoking toplevel() on ptolemy.moml.MoMLSimpleApplication@2aa10e82
reloadAllAccessors: .RunCompositeIterateOverArray

===========================================================================================
----------------- testing Mon Jun 11 02:23:43 UTC 2018 /home/travis/build/icyphy/ptII/ptolemy/actor/lib/hoc/test/auto/ThreadedJS.xml
----------------- Instantiating /home/travis/build/icyphy/ptII/ptolemy/actor/lib/hoc/test/auto/ThreadedJS.xml
1936 ms. Memory: 417280K Free: 267102K (64%)
----------------- Invoking toplevel() on ptolemy.moml.MoMLSimpleApplication@74d5d36c
----------------- Done invoking toplevel() on ptolemy.moml.MoMLSimpleApplication@74d5d36c
reloadAllAccessors: .ThreadedJS
AutoTests.java: About to close Vertx.
AutoTests.java: Vertx closed.
]]></system-out>
  <system-err><![CDATA[java.lang.RuntimeException: Execution failed
	at ptolemy.moml.MoMLSimpleApplication$UnloadThread.run(MoMLSimpleApplication.java:402)
Caused by: ptolemy.kernel.util.IllegalActionException: initialize() was called after wrapup() was called but preinitialize() was not called after wrapup().
	at ptolemy.actor.lib.hoc.test.PreinitializeMustBeInvoked.initialize(PreinitializeMustBeInvoked.java:78)
	at ptolemy.actor.Director.initialize(Director.java:938)
	at ptolemy.actor.Director.initialize(Director.java:907)
	at ptolemy.actor.sched.StaticSchedulingDirector.initialize(StaticSchedulingDirector.java:159)
	at ptolemy.domains.sdf.kernel.SDFDirector.initialize(SDFDirector.java:544)
	at ptolemy.actor.CompositeActor.initialize(CompositeActor.java:935)
	at ptolemy.actor.lib.hoc.LifeCycleManager._executeInsideModel(LifeCycleManager.java:339)
	at ptolemy.actor.lib.hoc.RunCompositeActor.fire(RunCompositeActor.java:205)
	at ptolemy.actor.CompositeActor.iterate(CompositeActor.java:1146)
	at ptolemy.actor.sched.StaticSchedulingDirector.fire(StaticSchedulingDirector.java:216)
	at ptolemy.domains.sdf.kernel.SDFDirector.fire(SDFDirector.java:500)
	at ptolemy.actor.CompositeActor.fire(CompositeActor.java:455)
	at ptolemy.actor.Manager.iterate(Manager.java:851)
	at ptolemy.actor.Manager.execute(Manager.java:369)
	at ptolemy.actor.Manager.run(Manager.java:1263)
	at ptolemy.actor.Manager$PtolemyRunThread.run(Manager.java:1915)
java.lang.reflect.InvocationTargetException
	at sun.reflect.NativeConstructorAccessorImpl.newInstance0(Native Method)
	at sun.reflect.NativeConstructorAccessorImpl.newInstance(NativeConstructorAccessorImpl.java:62)
	at sun.reflect.DelegatingConstructorAccessorImpl.newInstance(DelegatingConstructorAccessorImpl.java:45)
	at java.lang.reflect.Constructor.newInstance(Constructor.java:423)
	at ptolemy.util.test.junit.AutoKnownFailedTests.RunModel(AutoKnownFailedTests.java:107)
	at sun.reflect.NativeMethodAccessorImpl.invoke0(Native Method)
	at sun.reflect.NativeMethodAccessorImpl.invoke(NativeMethodAccessorImpl.java:62)
	at sun.reflect.DelegatingMethodAccessorImpl.invoke(DelegatingMethodAccessorImpl.java:43)
	at java.lang.reflect.Method.invoke(Method.java:498)
	at org.junit.runners.model.FrameworkMethod$1.runReflectiveCall(FrameworkMethod.java:44)
	at org.junit.internal.runners.model.ReflectiveCallable.run(ReflectiveCallable.java:15)
	at org.junit.runners.model.FrameworkMethod.invokeExplosively(FrameworkMethod.java:41)
	at junitparams.internal.InvokeParameterisedMethod.evaluate(InvokeParameterisedMethod.java:102)
	at org.junit.internal.runners.statements.FailOnTimeout$1.run(FailOnTimeout.java:28)
Caused by: ptolemy.kernel.util.IllegalActionException: initialize() was called after wrapup() was called but preinitialize() was not called after wrapup().
	at ptolemy.actor.lib.hoc.test.PreinitializeMustBeInvoked.initialize(PreinitializeMustBeInvoked.java:78)
	at ptolemy.actor.Director.initialize(Director.java:938)
	at ptolemy.actor.Director.initialize(Director.java:907)
	at ptolemy.actor.sched.StaticSchedulingDirector.initialize(StaticSchedulingDirector.java:159)
	at ptolemy.domains.sdf.kernel.SDFDirector.initialize(SDFDirector.java:544)
	at ptolemy.actor.CompositeActor.initialize(CompositeActor.java:935)
	at ptolemy.actor.lib.hoc.LifeCycleManager._executeInsideModel(LifeCycleManager.java:339)
	at ptolemy.actor.lib.hoc.RunCompositeActor.fire(RunCompositeActor.java:205)
	at ptolemy.actor.CompositeActor.iterate(CompositeActor.java:1146)
	at ptolemy.actor.sched.StaticSchedulingDirector.fire(StaticSchedulingDirector.java:216)
	at ptolemy.domains.sdf.kernel.SDFDirector.fire(SDFDirector.java:500)
	at ptolemy.actor.CompositeActor.fire(CompositeActor.java:455)
	at ptolemy.actor.Manager.iterate(Manager.java:851)
	at ptolemy.actor.Manager.execute(Manager.java:369)
	at ptolemy.actor.Manager.run(Manager.java:1263)
	at ptolemy.actor.Manager$PtolemyRunThread.run(Manager.java:1915)
]]></system-err>
</testsuite>
