<?xml version="1.0" encoding="UTF-8" ?>
<testsuite errors="0" failures="0" hostname="travis-job-9935218e-880b-4827-9622-d0dbecfe1d5d" name="ptolemy.domains.de.test.junit.JUnitTclTest" skipped="0" tests="101" time="124.168" timestamp="2020-04-06T13:45:56">
  <properties>
[...]
</properties>
  <testcase classname="ptolemy.util.test.junit.TclTests" name="[0] /home/travis/build/icyphy/ptII/ptolemy/domains/de/test/DependencyLoop.tcl (RunTclFile)" time="1.056" />
  <testcase classname="ptolemy.util.test.junit.TclTests" name="[1] /home/travis/build/icyphy/ptII/ptolemy/domains/de/test/RunDETestsAsQSS.tcl (RunTclFile)" time="83.773" />
  <testcase classname="ptolemy.util.test.junit.AutoKnownFailedTests" name="[0] /home/travis/build/icyphy/ptII/ptolemy/domains/de/test/auto/knownFailedTests/DESDFClockTest.xml (RunModel)" time="2.088" />
  <testcase classname="ptolemy.util.test.junit.AutoKnownFailedTests" name="[1] /home/travis/build/icyphy/ptII/ptolemy/domains/de/test/auto/knownFailedTests/DirectFeedback.xml (RunModel)" time="0.009" />
  <testcase classname="ptolemy.util.test.junit.AutoKnownFailedTests" name="[2] /home/travis/build/icyphy/ptII/ptolemy/domains/de/test/auto/knownFailedTests/FSMSource.xml (RunModel)" time="0.02" />
  <testcase classname="ptolemy.util.test.junit.AutoKnownFailedTests" name="[3] /home/travis/build/icyphy/ptII/ptolemy/domains/de/test/auto/knownFailedTests/HierarchicalModel.xml (RunModel)" time="0.047" />
  <testcase classname="ptolemy.util.test.junit.AutoKnownFailedTests" name="[4] /home/travis/build/icyphy/ptII/ptolemy/domains/de/test/auto/knownFailedTests/dependencyLoop.xml (RunModel)" time="0.042" />
  <testcase classname="ptolemy.util.test.junit.AutoKnownFailedTests" name="[5] /home/travis/build/icyphy/ptII/ptolemy/domains/de/test/auto/knownFailedTests/dependencyLoop2.xml (RunModel)" time="0.069" />
  <testcase classname="ptolemy.util.test.junit.AutoNameArchTests" name="[0] ThereAreNoAutoArchTests (RunModel)" time="0.001" />
  <testcase classname="ptolemy.util.test.junit.AutoTests" name="[0] /home/travis/build/icyphy/ptII/ptolemy/domains/de/test/auto/ActorDepthCalculation_actorWithoutPorts.xml (RunModel)" time="0.032" />
  <testcase classname="ptolemy.util.test.junit.AutoTests" name="[1] /home/travis/build/icyphy/ptII/ptolemy/domains/de/test/auto/AssemblyLine.xml (RunModel)" time="0.021" />
  <testcase classname="ptolemy.util.test.junit.AutoTests" name="[2] /home/travis/build/icyphy/ptII/ptolemy/domains/de/test/auto/CQBug1.xml (RunModel)" time="0.015" />
  <testcase classname="ptolemy.util.test.junit.AutoTests" name="[3] /home/travis/build/icyphy/ptII/ptolemy/domains/de/test/auto/CancelFireAt.xml (RunModel)" time="0.013" />
  <testcase classname="ptolemy.util.test.junit.AutoTests" name="[4] /home/travis/build/icyphy/ptII/ptolemy/domains/de/test/auto/CausalityAndComposabilityAnalysis.xml (RunModel)" time="0.011" />
  <testcase classname="ptolemy.util.test.junit.AutoTests" name="[5] /home/travis/build/icyphy/ptII/ptolemy/domains/de/test/auto/CausalityInterface1.xml (RunModel)" time="0.016" />
  <testcase classname="ptolemy.util.test.junit.AutoTests" name="[6] /home/travis/build/icyphy/ptII/ptolemy/domains/de/test/auto/CausalityInterface15.xml (RunModel)" time="0.017" />
  <testcase classname="ptolemy.util.test.junit.AutoTests" name="[7] /home/travis/build/icyphy/ptII/ptolemy/domains/de/test/auto/CausalityInterface2.xml (RunModel)" time="0.015" />
  <testcase classname="ptolemy.util.test.junit.AutoTests" name="[8] /home/travis/build/icyphy/ptII/ptolemy/domains/de/test/auto/CausalityInterface3.xml (RunModel)" time="0.018" />
  <testcase classname="ptolemy.util.test.junit.AutoTests" name="[9] /home/travis/build/icyphy/ptII/ptolemy/domains/de/test/auto/ClockDrift.xml (RunModel)" time="0.037" />
  <testcase classname="ptolemy.util.test.junit.AutoTests" name="[10] /home/travis/build/icyphy/ptII/ptolemy/domains/de/test/auto/ClockDriftAndValueChange.xml (RunModel)" time="0.028" />
  <testcase classname="ptolemy.util.test.junit.AutoTests" name="[11] /home/travis/build/icyphy/ptII/ptolemy/domains/de/test/auto/ClockDriftChange.xml (RunModel)" time="0.033" />
  <testcase classname="ptolemy.util.test.junit.AutoTests" name="[12] /home/travis/build/icyphy/ptII/ptolemy/domains/de/test/auto/ComposableCausalityAnalysis.xml (RunModel)" time="0.015" />
  <testcase classname="ptolemy.util.test.junit.AutoTests" name="[13] /home/travis/build/icyphy/ptII/ptolemy/domains/de/test/auto/DEFixedPointLimitation.xml (RunModel)" time="0.014" />
  <testcase classname="ptolemy.util.test.junit.AutoTests" name="[14] /home/travis/build/icyphy/ptII/ptolemy/domains/de/test/auto/DEScheduleTest.xml (RunModel)" time="0.033" />
  <testcase classname="ptolemy.util.test.junit.AutoTests" name="[15] /home/travis/build/icyphy/ptII/ptolemy/domains/de/test/auto/DEinDEwithStartTimes.xml (RunModel)" time="0.043" />
  <testcase classname="ptolemy.util.test.junit.AutoTests" name="[16] /home/travis/build/icyphy/ptII/ptolemy/domains/de/test/auto/DEinDEwithStartTimes2.xml (RunModel)" time="0.042" />
  <testcase classname="ptolemy.util.test.junit.AutoTests" name="[17] /home/travis/build/icyphy/ptII/ptolemy/domains/de/test/auto/DateDemo.xml (RunModel)" time="0.041" />
  <testcase classname="ptolemy.util.test.junit.AutoTests" name="[18] /home/travis/build/icyphy/ptII/ptolemy/domains/de/test/auto/DateToEvent.xml (RunModel)" time="2.065" />
  <testcase classname="ptolemy.util.test.junit.AutoTests" name="[19] /home/travis/build/icyphy/ptII/ptolemy/domains/de/test/auto/DepthTest1.xml (RunModel)" time="0.007" />
  <testcase classname="ptolemy.util.test.junit.AutoTests" name="[20] /home/travis/build/icyphy/ptII/ptolemy/domains/de/test/auto/DepthTest2.xml (RunModel)" time="0.021" />
  <testcase classname="ptolemy.util.test.junit.AutoTests" name="[21] /home/travis/build/icyphy/ptII/ptolemy/domains/de/test/auto/DepthTest3.xml (RunModel)" time="0.008" />
  <testcase classname="ptolemy.util.test.junit.AutoTests" name="[22] /home/travis/build/icyphy/ptII/ptolemy/domains/de/test/auto/DepthTest4.xml (RunModel)" time="0.021" />
  <testcase classname="ptolemy.util.test.junit.AutoTests" name="[23] /home/travis/build/icyphy/ptII/ptolemy/domains/de/test/auto/DepthTest5.xml (RunModel)" time="0.018" />
  <testcase classname="ptolemy.util.test.junit.AutoTests" name="[24] /home/travis/build/icyphy/ptII/ptolemy/domains/de/test/auto/DepthTest6.xml (RunModel)" time="0.013" />
  <testcase classname="ptolemy.util.test.junit.AutoTests" name="[25] /home/travis/build/icyphy/ptII/ptolemy/domains/de/test/auto/DepthTest7.xml (RunModel)" time="0.012" />
  <testcase classname="ptolemy.util.test.junit.AutoTests" name="[26] /home/travis/build/icyphy/ptII/ptolemy/domains/de/test/auto/EventToDate.xml (RunModel)" time="3.049" />
  <testcase classname="ptolemy.util.test.junit.AutoTests" name="[27] /home/travis/build/icyphy/ptII/ptolemy/domains/de/test/auto/FSM1.xml (RunModel)" time="0.046" />
  <testcase classname="ptolemy.util.test.junit.AutoTests" name="[28] /home/travis/build/icyphy/ptII/ptolemy/domains/de/test/auto/FSM7.xml (RunModel)" time="0.04" />
  <testcase classname="ptolemy.util.test.junit.AutoTests" name="[29] /home/travis/build/icyphy/ptII/ptolemy/domains/de/test/auto/Inspection.xml (RunModel)" time="0.049" />
  <testcase classname="ptolemy.util.test.junit.AutoTests" name="[30] /home/travis/build/icyphy/ptII/ptolemy/domains/de/test/auto/Iteration.xml (RunModel)" time="0.025" />
  <testcase classname="ptolemy.util.test.junit.AutoTests" name="[31] /home/travis/build/icyphy/ptII/ptolemy/domains/de/test/auto/LineFault.xml (RunModel)" time="0.553" />
  <testcase classname="ptolemy.util.test.junit.AutoTests" name="[32] /home/travis/build/icyphy/ptII/ptolemy/domains/de/test/auto/MergeModel1Add.xml (RunModel)" time="0.044" />
  <testcase classname="ptolemy.util.test.junit.AutoTests" name="[33] /home/travis/build/icyphy/ptII/ptolemy/domains/de/test/auto/MergeModel2Add.xml (RunModel)" time="0.047" />
  <testcase classname="ptolemy.util.test.junit.AutoTests" name="[34] /home/travis/build/icyphy/ptII/ptolemy/domains/de/test/auto/MergeModel3Add.xml (RunModel)" time="0.054" />
  <testcase classname="ptolemy.util.test.junit.AutoTests" name="[35] /home/travis/build/icyphy/ptII/ptolemy/domains/de/test/auto/MergeWithoutDiscard.xml (RunModel)" time="0.013" />
  <testcase classname="ptolemy.util.test.junit.AutoTests" name="[36] /home/travis/build/icyphy/ptII/ptolemy/domains/de/test/auto/Modal1.xml (RunModel)" time="0.026" />
  <testcase classname="ptolemy.util.test.junit.AutoTests" name="[37] /home/travis/build/icyphy/ptII/ptolemy/domains/de/test/auto/Modal2.xml (RunModel)" time="0.028" />
  <testcase classname="ptolemy.util.test.junit.AutoTests" name="[38] /home/travis/build/icyphy/ptII/ptolemy/domains/de/test/auto/Modal3.xml (RunModel)" time="0.03" />
  <testcase classname="ptolemy.util.test.junit.AutoTests" name="[39] /home/travis/build/icyphy/ptII/ptolemy/domains/de/test/auto/Modal4.xml (RunModel)" time="0.029" />
  <testcase classname="ptolemy.util.test.junit.AutoTests" name="[40] /home/travis/build/icyphy/ptII/ptolemy/domains/de/test/auto/Modal5.xml (RunModel)" time="0.034" />
  <testcase classname="ptolemy.util.test.junit.AutoTests" name="[41] /home/travis/build/icyphy/ptII/ptolemy/domains/de/test/auto/Modal6.xml (RunModel)" time="0.029" />
  <testcase classname="ptolemy.util.test.junit.AutoTests" name="[42] /home/travis/build/icyphy/ptII/ptolemy/domains/de/test/auto/Modal7.xml (RunModel)" time="0.032" />
  <testcase classname="ptolemy.util.test.junit.AutoTests" name="[43] /home/travis/build/icyphy/ptII/ptolemy/domains/de/test/auto/ModalModel.xml (RunModel)" time="0.162" />
  <testcase classname="ptolemy.util.test.junit.AutoTests" name="[44] /home/travis/build/icyphy/ptII/ptolemy/domains/de/test/auto/ModalSource.xml (RunModel)" time="0.021" />
  <testcase classname="ptolemy.util.test.junit.AutoTests" name="[45] /home/travis/build/icyphy/ptII/ptolemy/domains/de/test/auto/NonInterruptibleTimerZeroDelay.xml (RunModel)" time="0.009" />
  <testcase classname="ptolemy.util.test.junit.AutoTests" name="[46] /home/travis/build/icyphy/ptII/ptolemy/domains/de/test/auto/OpenQueueingNetwork.xml (RunModel)" time="2.151" />
  <testcase classname="ptolemy.util.test.junit.AutoTests" name="[47] /home/travis/build/icyphy/ptII/ptolemy/domains/de/test/auto/OpenQueuingNetwork.xml (RunModel)" time="0.229" />
  <testcase classname="ptolemy.util.test.junit.AutoTests" name="[48] /home/travis/build/icyphy/ptII/ptolemy/domains/de/test/auto/PeriodicSampler.xml (RunModel)" time="0.009" />
  <testcase classname="ptolemy.util.test.junit.AutoTests" name="[49] /home/travis/build/icyphy/ptII/ptolemy/domains/de/test/auto/PersistentIO.xml (RunModel)" time="0.018" />
  <testcase classname="ptolemy.util.test.junit.AutoTests" name="[50] /home/travis/build/icyphy/ptII/ptolemy/domains/de/test/auto/PortParameterResetOnInitialize.xml (RunModel)" time="0.01" />
  <testcase classname="ptolemy.util.test.junit.AutoTests" name="[51] /home/travis/build/icyphy/ptII/ptolemy/domains/de/test/auto/PortParameterUpdates.xml (RunModel)" time="0.017" />
  <testcase classname="ptolemy.util.test.junit.AutoTests" name="[52] /home/travis/build/icyphy/ptII/ptolemy/domains/de/test/auto/QueueAndServer.xml (RunModel)" time="0.021" />
  <testcase classname="ptolemy.util.test.junit.AutoTests" name="[53] /home/travis/build/icyphy/ptII/ptolemy/domains/de/test/auto/Records.xml (RunModel)" time="0.018" />
  <testcase classname="ptolemy.util.test.junit.AutoTests" name="[54] /home/travis/build/icyphy/ptII/ptolemy/domains/de/test/auto/ResetTransitionWithStartTime1.xml (RunModel)" time="0.018" />
  <testcase classname="ptolemy.util.test.junit.AutoTests" name="[55] /home/travis/build/icyphy/ptII/ptolemy/domains/de/test/auto/ResetTransitionWithStartTime2.xml (RunModel)" time="0.021" />
  <testcase classname="ptolemy.util.test.junit.AutoTests" name="[56] /home/travis/build/icyphy/ptII/ptolemy/domains/de/test/auto/ResetTransitionWithStartTime3.xml (RunModel)" time="0.017" />
  <testcase classname="ptolemy.util.test.junit.AutoTests" name="[57] /home/travis/build/icyphy/ptII/ptolemy/domains/de/test/auto/ResetTransitionWithStartTime4.xml (RunModel)" time="0.022" />
  <testcase classname="ptolemy.util.test.junit.AutoTests" name="[58] /home/travis/build/icyphy/ptII/ptolemy/domains/de/test/auto/ResettableTimer1.xml (RunModel)" time="0.01" />
  <testcase classname="ptolemy.util.test.junit.AutoTests" name="[59] /home/travis/build/icyphy/ptII/ptolemy/domains/de/test/auto/ResettableTimer2.xml (RunModel)" time="0.009" />
  <testcase classname="ptolemy.util.test.junit.AutoTests" name="[60] /home/travis/build/icyphy/ptII/ptolemy/domains/de/test/auto/ResettableTimer3.xml (RunModel)" time="0.01" />
  <testcase classname="ptolemy.util.test.junit.AutoTests" name="[61] /home/travis/build/icyphy/ptII/ptolemy/domains/de/test/auto/ResettableTimer4.xml (RunModel)" time="0.008" />
  <testcase classname="ptolemy.util.test.junit.AutoTests" name="[62] /home/travis/build/icyphy/ptII/ptolemy/domains/de/test/auto/ResettableTimer5.xml (RunModel)" time="0.009" />
  <testcase classname="ptolemy.util.test.junit.AutoTests" name="[63] /home/travis/build/icyphy/ptII/ptolemy/domains/de/test/auto/ResettableTimer6.xml (RunModel)" time="0.016" />
  <testcase classname="ptolemy.util.test.junit.AutoTests" name="[64] /home/travis/build/icyphy/ptII/ptolemy/domains/de/test/auto/ServerZeroDelay.xml (RunModel)" time="0.009" />
  <testcase classname="ptolemy.util.test.junit.AutoTests" name="[65] /home/travis/build/icyphy/ptII/ptolemy/domains/de/test/auto/SmartSender.xml (RunModel)" time="3.008" />
  <testcase classname="ptolemy.util.test.junit.AutoTests" name="[66] /home/travis/build/icyphy/ptII/ptolemy/domains/de/test/auto/ThreadedComposite.xml (RunModel)" time="0.119" />
  <testcase classname="ptolemy.util.test.junit.AutoTests" name="[67] /home/travis/build/icyphy/ptII/ptolemy/domains/de/test/auto/Time.xml (RunModel)" time="0.341" />
  <testcase classname="ptolemy.util.test.junit.AutoTests" name="[68] /home/travis/build/icyphy/ptII/ptolemy/domains/de/test/auto/TimeDelayZeroDelay.xml (RunModel)" time="0.009" />
  <testcase classname="ptolemy.util.test.junit.AutoTests" name="[69] /home/travis/build/icyphy/ptII/ptolemy/domains/de/test/auto/TimerZeroDelay.xml (RunModel)" time="0.011" />
  <testcase classname="ptolemy.util.test.junit.AutoTests" name="[70] /home/travis/build/icyphy/ptII/ptolemy/domains/de/test/auto/TimingParadox.xml (RunModel)" time="0.327" />
  <testcase classname="ptolemy.util.test.junit.AutoTests" name="[71] /home/travis/build/icyphy/ptII/ptolemy/domains/de/test/auto/TransferInputs.xml (RunModel)" time="0.01" />
  <testcase classname="ptolemy.util.test.junit.AutoTests" name="[72] /home/travis/build/icyphy/ptII/ptolemy/domains/de/test/auto/TransferOutputs2.xml (RunModel)" time="0.021" />
  <testcase classname="ptolemy.util.test.junit.AutoTests" name="[73] /home/travis/build/icyphy/ptII/ptolemy/domains/de/test/auto/Trilateration.xml (RunModel)" time="11.222" />
  <testcase classname="ptolemy.util.test.junit.AutoTests" name="[74] /home/travis/build/icyphy/ptII/ptolemy/domains/de/test/auto/TwoSigmaDelta.xml (RunModel)" time="1.81" />
  <testcase classname="ptolemy.util.test.junit.AutoTests" name="[75] /home/travis/build/icyphy/ptII/ptolemy/domains/de/test/auto/VariableDelay.xml (RunModel)" time="0.012" />
  <testcase classname="ptolemy.util.test.junit.AutoTests" name="[76] /home/travis/build/icyphy/ptII/ptolemy/domains/de/test/auto/VariableDelay2.xml (RunModel)" time="0.018" />
  <testcase classname="ptolemy.util.test.junit.AutoTests" name="[77] /home/travis/build/icyphy/ptII/ptolemy/domains/de/test/auto/VariableDelayZeroDelay.xml (RunModel)" time="0.027" />
  <testcase classname="ptolemy.util.test.junit.AutoTests" name="[78] /home/travis/build/icyphy/ptII/ptolemy/domains/de/test/auto/VariableDelayZeroDelay2.xml (RunModel)" time="0.019" />
  <testcase classname="ptolemy.util.test.junit.AutoTests" name="[79] /home/travis/build/icyphy/ptII/ptolemy/domains/de/test/auto/deInCt.xml (RunModel)" time="0.014" />
  <testcase classname="ptolemy.util.test.junit.AutoTests" name="[80] /home/travis/build/icyphy/ptII/ptolemy/domains/de/test/auto/deInCt2.xml (RunModel)" time="0.013" />
  <testcase classname="ptolemy.util.test.junit.AutoTests" name="[81] /home/travis/build/icyphy/ptII/ptolemy/domains/de/test/auto/dynamicCausalityInterface1.xml (RunModel)" time="0.017" />
  <testcase classname="ptolemy.util.test.junit.AutoTests" name="[82] /home/travis/build/icyphy/ptII/ptolemy/domains/de/test/auto/fsm_de_test.xml (RunModel)" time="0.043" />
  <testcase classname="ptolemy.util.test.junit.AutoTests" name="[83] /home/travis/build/icyphy/ptII/ptolemy/domains/de/test/auto/functionDependencyReconstruction.xml (RunModel)" time="0.028" />
  <testcase classname="ptolemy.util.test.junit.AutoTests" name="[84] /home/travis/build/icyphy/ptII/ptolemy/domains/de/test/auto/multirate.xml (RunModel)" time="0.014" />
  <testcase classname="ptolemy.util.test.junit.AutoTests" name="[85] /home/travis/build/icyphy/ptII/ptolemy/domains/de/test/auto/multirate2.xml (RunModel)" time="0.013" />
  <testcase classname="ptolemy.util.test.junit.AutoTests" name="[86] /home/travis/build/icyphy/ptII/ptolemy/domains/de/test/auto/realtime.xml (RunModel)" time="10.013" />
  <testcase classname="ptolemy.util.test.junit.AutoTests" name="[87] /home/travis/build/icyphy/ptII/ptolemy/domains/de/test/auto/relationGroup.xml (RunModel)" time="0.016" />
  <testcase classname="ptolemy.util.test.junit.AutoTests" name="[88] /home/travis/build/icyphy/ptII/ptolemy/domains/de/test/auto/relationGroup2.xml (RunModel)" time="0.008" />
  <testcase classname="ptolemy.util.test.junit.AutoTests" name="[89] /home/travis/build/icyphy/ptII/ptolemy/domains/de/test/auto/sortWithOpaquePorts.xml (RunModel)" time="0.017" />
  <testcase classname="ptolemy.util.test.junit.AutoTests" name="[90] /home/travis/build/icyphy/ptII/ptolemy/domains/de/test/auto/transferInputsandOutputs.xml (RunModel)" time="0.017" />
  <testcase classname="ptolemy.util.test.junit.AutoTests" name="[91] /home/travis/build/icyphy/ptII/ptolemy/domains/de/test/auto/triggerType.xml (RunModel)" time="0.011" />
  <system-out><![CDATA[/home/travis/build/icyphy/ptII/ptolemy/domains/de/test/DependencyLoop.tcl
testDefs.tcl: setting time out to 9000 seconds at Mon Apr 06 13:45:57 UTC 2020
78 ms. Memory: 129024K Free: 78792K (61%)
28 ms. Memory: 129024K Free: 61384K (48%)
/home/travis/build/icyphy/ptII/ptolemy/domains/de/test/RunDETestsAsQSS.tcl
Run the DE tests using ptolemy.domains.qss.test.QSSDirectorTest, which extends QSSDirector and prints a message in the constructors.
------------------ testing $PTII/ptolemy/domains/de/test/auto/knownFailedTests/DirectFeedback.xml (Known Failure) 
68 ms. Memory: 129024K Free: 55750K (43%)


==== $PTIIhome/travis/build/icyphy/ptII/ptolemy/domains/de/test/../../../../: Auto Automatic test in file $PTII/ptolemy/domains/de/test/auto/knownFailedTests/DirectFeedback.xml
==== Contents of test case:

	    # FIXME: we should use $relativeFilename here, but it
	    # might have backslashes under Windows, which causes no end
	    # of trouble.
	    createAndExecute $file
	    list {}
	
.... Test generated KNOWN error:
    while executing
ptolemy.kernel.util.IllegalActionException: Test fails in iteration 1.
Value was: 1.0. Should have been: 2.0
  in .DirectFeedback.Test
	at ptolemy.actor.lib.Test.fire(Test.java:268)
	at ptolemy.domains.de.kernel.DEDirector._fire(DEDirector.java:1949)
	at ptolemy.domains.de.kernel.DEDirector.fire(DEDirector.java:502)
	at ptolemy.actor.CompositeActor.fire(CompositeActor.java:455)
	at ptolemy.actor.Manager.iterate(Manager.java:851)
	at ptolemy.actor.Manager.execute(Manager.java:369)
	at ptolemy.actor.Manager.run(Manager.java:1263)
	at ptolemy.actor.Manager$PtolemyRunThread.run(Manager.java:1933)

    while executing
ptolemy.kernel.util.IllegalActionException: Test fails in iteration 1.
Value was: 1.0. Should have been: 2.0
  in .DirectFeedback.Test
    while executing
"java::new ptolemy.moml.MoMLSimpleApplication $file
"
    (procedure "createAndExecute" line 2)
    invoked from within
"createAndExecute $file"
    ("uplevel" body line 5)
    invoked from within
"uplevel $contents_of_test"
------------------ testing $PTII/ptolemy/domains/de/test/auto/knownFailedTests/dependencyLoop.xml (Known Failure) 
15 ms. Memory: 129024K Free: 52678K (41%)


==== $PTIIhome/travis/build/icyphy/ptII/ptolemy/domains/de/test/../../../../: Auto Automatic test in file $PTII/ptolemy/domains/de/test/auto/knownFailedTests/dependencyLoop.xml
==== Contents of test case:

	    # FIXME: we should use $relativeFilename here, but it
	    # might have backslashes under Windows, which causes no end
	    # of trouble.
	    createAndExecute $file
	    list {}
	
.... Test generated KNOWN error:
    while executing
ptolemy.kernel.util.IllegalActionException: Found a zero delay loop containing .dependencyLoop.original
  in .dependencyLoop and .dependencyLoop.original
	at ptolemy.actor.util.CausalityInterfaceForComposites._computeOutputPortDepth(CausalityInterfaceForComposites.java:759)
	at ptolemy.actor.util.CausalityInterfaceForComposites._computeInputDepth(CausalityInterfaceForComposites.java:696)
	at ptolemy.actor.util.CausalityInterfaceForComposites._computeOutputPortDepth(CausalityInterfaceForComposites.java:765)
	at ptolemy.actor.util.CausalityInterfaceForComposites._computeInputDepth(CausalityInterfaceForComposites.java:696)
	at ptolemy.actor.util.CausalityInterfaceForComposites._computeOutputPortDepth(CausalityInterfaceForComposites.java:765)
	at ptolemy.actor.util.CausalityInterfaceForComposites._computeInputDepth(CausalityInterfaceForComposites.java:696)
	at ptolemy.actor.util.CausalityInterfaceForComposites._computeActorDepth(CausalityInterfaceForComposites.java:532)
	at ptolemy.actor.util.CausalityInterfaceForComposites.checkForCycles(CausalityInterfaceForComposites.java:96)
	at ptolemy.domains.de.kernel.DEDirector.preinitialize(DEDirector.java:1338)
	at ptolemy.actor.CompositeActor.preinitialize(CompositeActor.java:1828)
	at ptolemy.actor.Manager.preinitializeAndResolveTypes(Manager.java:1040)
	at ptolemy.actor.Manager.initialize(Manager.java:710)
	at ptolemy.actor.Manager.execute(Manager.java:356)
	at ptolemy.actor.Manager.run(Manager.java:1263)
	at ptolemy.actor.Manager$PtolemyRunThread.run(Manager.java:1933)

    while executing
ptolemy.kernel.util.IllegalActionException: Found a zero delay loop containing .dependencyLoop.original
  in .dependencyLoop and .dependencyLoop.original
    while executing
"java::new ptolemy.moml.MoMLSimpleApplication $file
"
    (procedure "createAndExecute" line 2)
    invoked from within
"createAndExecute $file"
    ("uplevel" body line 5)
    invoked from within
"uplevel $contents_of_test"
------------------ testing $PTII/ptolemy/domains/de/test/auto/knownFailedTests/FSMSource.xml (Known Failure) 
74 ms. Memory: 129024K Free: 110818K (86%)
!!!! Auto was marked as failing, but now passes
------------------ testing $PTII/ptolemy/domains/de/test/auto/knownFailedTests/HierarchicalModel.xml (Known Failure) 
6 ms. Memory: 129024K Free: 93418K (72%)


==== $PTIIhome/travis/build/icyphy/ptII/ptolemy/domains/de/test/../../../../: Auto Automatic test in file $PTII/ptolemy/domains/de/test/auto/knownFailedTests/HierarchicalModel.xml
==== Contents of test case:

	    # FIXME: we should use $relativeFilename here, but it
	    # might have backslashes under Windows, which causes no end
	    # of trouble.
	    createAndExecute $file
	    list {}
	
.... Test generated KNOWN error:
    while executing
ptolemy.kernel.util.IllegalActionException: Found a zero delay loop containing .HierarchicalModel.A
  in .HierarchicalModel and .HierarchicalModel.A
	at ptolemy.actor.util.CausalityInterfaceForComposites._computeOutputPortDepth(CausalityInterfaceForComposites.java:759)
	at ptolemy.actor.util.CausalityInterfaceForComposites._computeInputDepth(CausalityInterfaceForComposites.java:696)
	at ptolemy.actor.util.CausalityInterfaceForComposites._computeOutputPortDepth(CausalityInterfaceForComposites.java:765)
	at ptolemy.actor.util.CausalityInterfaceForComposites._computeInputDepth(CausalityInterfaceForComposites.java:696)
	at ptolemy.actor.util.CausalityInterfaceForComposites._computeOutputPortDepth(CausalityInterfaceForComposites.java:765)
	at ptolemy.actor.util.CausalityInterfaceForComposites._computeInputDepth(CausalityInterfaceForComposites.java:696)
	at ptolemy.actor.util.CausalityInterfaceForComposites._computeActorDepth(CausalityInterfaceForComposites.java:532)
	at ptolemy.actor.util.CausalityInterfaceForComposites.checkForCycles(CausalityInterfaceForComposites.java:96)
	at ptolemy.domains.de.kernel.DEDirector.preinitialize(DEDirector.java:1338)
	at ptolemy.actor.CompositeActor.preinitialize(CompositeActor.java:1828)
	at ptolemy.actor.Manager.preinitializeAndResolveTypes(Manager.java:1040)
	at ptolemy.actor.Manager.initialize(Manager.java:710)
	at ptolemy.actor.Manager.execute(Manager.java:356)
	at ptolemy.actor.Manager.run(Manager.java:1263)
	at ptolemy.actor.Manager$PtolemyRunThread.run(Manager.java:1933)

    while executing
ptolemy.kernel.util.IllegalActionException: Found a zero delay loop containing .HierarchicalModel.A
  in .HierarchicalModel and .HierarchicalModel.A
    while executing
"java::new ptolemy.moml.MoMLSimpleApplication $file
"
    (procedure "createAndExecute" line 2)
    invoked from within
"createAndExecute $file"
    ("uplevel" body line 5)
    invoked from within
"uplevel $contents_of_test"
------------------ testing $PTII/ptolemy/domains/de/test/auto/knownFailedTests/dependencyLoop2.xml (Known Failure) 
11 ms. Memory: 129024K Free: 77342K (60%)


==== $PTIIhome/travis/build/icyphy/ptII/ptolemy/domains/de/test/../../../../: Auto Automatic test in file $PTII/ptolemy/domains/de/test/auto/knownFailedTests/dependencyLoop2.xml
==== Contents of test case:

	    # FIXME: we should use $relativeFilename here, but it
	    # might have backslashes under Windows, which causes no end
	    # of trouble.
	    createAndExecute $file
	    list {}
	
.... Test generated KNOWN error:
    while executing
ptolemy.kernel.util.IllegalActionException: Found a zero delay loop containing .dependencyLoop2.original
  in .dependencyLoop2 and .dependencyLoop2.original
	at ptolemy.actor.util.CausalityInterfaceForComposites._computeOutputPortDepth(CausalityInterfaceForComposites.java:759)
	at ptolemy.actor.util.CausalityInterfaceForComposites._computeInputDepth(CausalityInterfaceForComposites.java:696)
	at ptolemy.actor.util.CausalityInterfaceForComposites._computeOutputPortDepth(CausalityInterfaceForComposites.java:765)
	at ptolemy.actor.util.CausalityInterfaceForComposites._computeInputDepth(CausalityInterfaceForComposites.java:696)
	at ptolemy.actor.util.CausalityInterfaceForComposites._computeOutputPortDepth(CausalityInterfaceForComposites.java:765)
	at ptolemy.actor.util.CausalityInterfaceForComposites._computeInputDepth(CausalityInterfaceForComposites.java:696)
	at ptolemy.actor.util.CausalityInterfaceForComposites._computeActorDepth(CausalityInterfaceForComposites.java:532)
	at ptolemy.actor.util.CausalityInterfaceForComposites.checkForCycles(CausalityInterfaceForComposites.java:96)
	at ptolemy.domains.de.kernel.DEDirector.preinitialize(DEDirector.java:1338)
	at ptolemy.actor.CompositeActor.preinitialize(CompositeActor.java:1828)
	at ptolemy.actor.Manager.preinitializeAndResolveTypes(Manager.java:1040)
	at ptolemy.actor.Manager.initialize(Manager.java:710)
	at ptolemy.actor.Manager.execute(Manager.java:356)
	at ptolemy.actor.Manager.run(Manager.java:1263)
	at ptolemy.actor.Manager$PtolemyRunThread.run(Manager.java:1933)

    while executing
ptolemy.kernel.util.IllegalActionException: Found a zero delay loop containing .dependencyLoop2.original
  in .dependencyLoop2 and .dependencyLoop2.original
    while executing
"java::new ptolemy.moml.MoMLSimpleApplication $file
"
    (procedure "createAndExecute" line 2)
    invoked from within
"createAndExecute $file"
    ("uplevel" body line 5)
    invoked from within
"uplevel $contents_of_test"
------------------ testing $PTII/ptolemy/domains/de/test/auto/knownFailedTests/DESDFClockTest.xml (Known Failure) 
2054 ms. Memory: 129024K Free: 108467K (84%)


==== $PTIIhome/travis/build/icyphy/ptII/ptolemy/domains/de/test/../../../../: Auto Automatic test in file $PTII/ptolemy/domains/de/test/auto/knownFailedTests/DESDFClockTest.xml
==== Contents of test case:

	    # FIXME: we should use $relativeFilename here, but it
	    # might have backslashes under Windows, which causes no end
	    # of trouble.
	    createAndExecute $file
	    list {}
	
.... Test generated KNOWN error:
    while executing
ptolemy.kernel.util.IllegalActionException: Actor is not ready to fire.  Perhaps UpSample.prefire() returned false? Try debugging the actor by selecting "Listen to Actor".  Also, for SDF check moml for tokenConsumptionRate on input.
  in .DESDFClockTest.Play Bell.Copy1:SDF Director and .DESDFClockTest.Play Bell.UpSample
	at ptolemy.actor.sched.StaticSchedulingDirector.fire(StaticSchedulingDirector.java:227)
	at ptolemy.domains.sdf.kernel.SDFDirector.fire(SDFDirector.java:500)
	at ptolemy.actor.CompositeActor.fire(CompositeActor.java:455)
	at ptolemy.domains.de.kernel.DEDirector._fire(DEDirector.java:1949)
	at ptolemy.domains.de.kernel.DEDirector.fire(DEDirector.java:502)
	at ptolemy.actor.CompositeActor.fire(CompositeActor.java:455)
	at ptolemy.actor.Manager.iterate(Manager.java:851)
	at ptolemy.actor.Manager.execute(Manager.java:369)
	at ptolemy.actor.Manager.run(Manager.java:1263)
	at ptolemy.actor.Manager$PtolemyRunThread.run(Manager.java:1933)

    while executing
ptolemy.kernel.util.IllegalActionException: Actor is not ready to fire.  Perhaps UpSample.prefire() returned false? Try debugging the actor by selecting "Listen to Actor".  Also, for SDF check moml for tokenConsumptionRate on input.
  in .DESDFClockTest.Play Bell.Copy1:SDF Director and .DESDFClockTest.Play Bell.UpSample
    while executing
"java::new ptolemy.moml.MoMLSimpleApplication $file
"
    (procedure "createAndExecute" line 2)
    invoked from within
"createAndExecute $file"
    ("uplevel" body line 5)
    invoked from within
"uplevel $contents_of_test"
------------------ testing $PTII/ptolemy/domains/de/test/auto/ActorDepthCalculation_actorWithoutPorts.xml
auto.tcl: Setting watchdog for 200 seconds at Mon Apr 06 13:46:00 UTC 2020
5 ms. Memory: 129024K Free: 100789K (78%)
ptolemy.util.test.WatchDog.cancel(): canceling Mon Apr 06 13:46:00 UTC 2020
auto.tcl: Setting watchdog for 200 seconds at Mon Apr 06 13:46:00 UTC 2020
7 ms. Memory: 129024K Free: 99237K (77%)
ptolemy.util.test.WatchDog.cancel(): canceling Mon Apr 06 13:46:00 UTC 2020
------------------ testing $PTII/ptolemy/domains/de/test/auto/AssemblyLine.xml
auto.tcl: Setting watchdog for 200 seconds at Mon Apr 06 13:46:01 UTC 2020
18 ms. Memory: 51200K Free: 27483K (54%)
ptolemy.util.test.WatchDog.cancel(): canceling Mon Apr 06 13:46:01 UTC 2020
auto.tcl: Setting watchdog for 200 seconds at Mon Apr 06 13:46:01 UTC 2020
6 ms. Memory: 51200K Free: 26727K (52%)
ptolemy.util.test.WatchDog.cancel(): canceling Mon Apr 06 13:46:01 UTC 2020
------------------ testing $PTII/ptolemy/domains/de/test/auto/CQBug1.xml
auto.tcl: Setting watchdog for 200 seconds at Mon Apr 06 13:46:01 UTC 2020
2 ms. Memory: 51200K Free: 33269K (65%)
ptolemy.util.test.WatchDog.cancel(): canceling Mon Apr 06 13:46:01 UTC 2020
auto.tcl: Setting watchdog for 200 seconds at Mon Apr 06 13:46:01 UTC 2020
3 ms. Memory: 51200K Free: 32817K (64%)
ptolemy.util.test.WatchDog.cancel(): canceling Mon Apr 06 13:46:01 UTC 2020
------------------ testing $PTII/ptolemy/domains/de/test/auto/CancelFireAt.xml
auto.tcl: Setting watchdog for 200 seconds at Mon Apr 06 13:46:01 UTC 2020
5 ms. Memory: 48128K Free: 31418K (65%)
ptolemy.util.test.WatchDog.cancel(): canceling Mon Apr 06 13:46:01 UTC 2020
auto.tcl: Setting watchdog for 200 seconds at Mon Apr 06 13:46:01 UTC 2020
1 ms. Memory: 48128K Free: 30976K (64%)
ptolemy.util.test.WatchDog.cancel(): canceling Mon Apr 06 13:46:01 UTC 2020
------------------ testing $PTII/ptolemy/domains/de/test/auto/CausalityAndComposabilityAnalysis.xml
auto.tcl: Setting watchdog for 200 seconds at Mon Apr 06 13:46:01 UTC 2020
6 ms. Memory: 48128K Free: 29398K (61%)
ptolemy.util.test.WatchDog.cancel(): canceling Mon Apr 06 13:46:01 UTC 2020
auto.tcl: Setting watchdog for 200 seconds at Mon Apr 06 13:46:01 UTC 2020
5 ms. Memory: 48128K Free: 28965K (60%)
ptolemy.util.test.WatchDog.cancel(): canceling Mon Apr 06 13:46:01 UTC 2020
------------------ testing $PTII/ptolemy/domains/de/test/auto/CausalityInterface1.xml
auto.tcl: Setting watchdog for 200 seconds at Mon Apr 06 13:46:01 UTC 2020
33 ms. Memory: 48128K Free: 28330K (59%)
ptolemy.util.test.WatchDog.cancel(): canceling Mon Apr 06 13:46:01 UTC 2020
auto.tcl: Setting watchdog for 200 seconds at Mon Apr 06 13:46:01 UTC 2020
4 ms. Memory: 48128K Free: 27363K (57%)
ptolemy.util.test.WatchDog.cancel(): canceling Mon Apr 06 13:46:01 UTC 2020
------------------ testing $PTII/ptolemy/domains/de/test/auto/CausalityInterface15.xml
auto.tcl: Setting watchdog for 200 seconds at Mon Apr 06 13:46:01 UTC 2020
7 ms. Memory: 48128K Free: 28292K (59%)
ptolemy.util.test.WatchDog.cancel(): canceling Mon Apr 06 13:46:01 UTC 2020
auto.tcl: Setting watchdog for 200 seconds at Mon Apr 06 13:46:01 UTC 2020
4 ms. Memory: 48128K Free: 27301K (57%)
ptolemy.util.test.WatchDog.cancel(): canceling Mon Apr 06 13:46:01 UTC 2020
------------------ testing $PTII/ptolemy/domains/de/test/auto/CausalityInterface2.xml
auto.tcl: Setting watchdog for 200 seconds at Mon Apr 06 13:46:01 UTC 2020
4 ms. Memory: 48128K Free: 29215K (61%)
ptolemy.util.test.WatchDog.cancel(): canceling Mon Apr 06 13:46:01 UTC 2020
auto.tcl: Setting watchdog for 200 seconds at Mon Apr 06 13:46:01 UTC 2020
3 ms. Memory: 48128K Free: 28310K (59%)
ptolemy.util.test.WatchDog.cancel(): canceling Mon Apr 06 13:46:01 UTC 2020
------------------ testing $PTII/ptolemy/domains/de/test/auto/CausalityInterface3.xml
auto.tcl: Setting watchdog for 200 seconds at Mon Apr 06 13:46:01 UTC 2020
6 ms. Memory: 48128K Free: 28532K (59%)
ptolemy.util.test.WatchDog.cancel(): canceling Mon Apr 06 13:46:01 UTC 2020
auto.tcl: Setting watchdog for 200 seconds at Mon Apr 06 13:46:01 UTC 2020
3 ms. Memory: 48128K Free: 27745K (58%)
ptolemy.util.test.WatchDog.cancel(): canceling Mon Apr 06 13:46:02 UTC 2020
------------------ testing $PTII/ptolemy/domains/de/test/auto/ClockDrift.xml
auto.tcl: Setting watchdog for 200 seconds at Mon Apr 06 13:46:02 UTC 2020
82 ms. Memory: 48128K Free: 20850K (43%)
ptolemy.util.test.WatchDog.cancel(): canceling Mon Apr 06 13:46:02 UTC 2020
auto.tcl: Setting watchdog for 200 seconds at Mon Apr 06 13:46:02 UTC 2020
33 ms. Memory: 48128K Free: 17646K (37%)
ptolemy.util.test.WatchDog.cancel(): canceling Mon Apr 06 13:46:02 UTC 2020
------------------ testing $PTII/ptolemy/domains/de/test/auto/ClockDriftAndValueChange.xml
auto.tcl: Setting watchdog for 200 seconds at Mon Apr 06 13:46:02 UTC 2020
46 ms. Memory: 48128K Free: 21197K (44%)
ptolemy.util.test.WatchDog.cancel(): canceling Mon Apr 06 13:46:02 UTC 2020
auto.tcl: Setting watchdog for 200 seconds at Mon Apr 06 13:46:02 UTC 2020
21 ms. Memory: 48128K Free: 18362K (38%)
ptolemy.util.test.WatchDog.cancel(): canceling Mon Apr 06 13:46:02 UTC 2020
------------------ testing $PTII/ptolemy/domains/de/test/auto/ClockDriftChange.xml
auto.tcl: Setting watchdog for 200 seconds at Mon Apr 06 13:46:02 UTC 2020
29 ms. Memory: 48128K Free: 23245K (48%)
ptolemy.util.test.WatchDog.cancel(): canceling Mon Apr 06 13:46:02 UTC 2020
auto.tcl: Setting watchdog for 200 seconds at Mon Apr 06 13:46:02 UTC 2020
23 ms. Memory: 48128K Free: 20663K (43%)
ptolemy.util.test.WatchDog.cancel(): canceling Mon Apr 06 13:46:02 UTC 2020
------------------ testing $PTII/ptolemy/domains/de/test/auto/ComposableCausalityAnalysis.xml
auto.tcl: Setting watchdog for 200 seconds at Mon Apr 06 13:46:02 UTC 2020
2 ms. Memory: 48128K Free: 27842K (58%)
ptolemy.util.test.WatchDog.cancel(): canceling Mon Apr 06 13:46:02 UTC 2020
auto.tcl: Setting watchdog for 200 seconds at Mon Apr 06 13:46:02 UTC 2020
4 ms. Memory: 48128K Free: 26818K (56%)
ptolemy.util.test.WatchDog.cancel(): canceling Mon Apr 06 13:46:02 UTC 2020
------------------ testing $PTII/ptolemy/domains/de/test/auto/DEFixedPointLimitation.xml
auto.tcl: Setting watchdog for 200 seconds at Mon Apr 06 13:46:02 UTC 2020
2 ms. Memory: 48128K Free: 28991K (60%)
ptolemy.util.test.WatchDog.cancel(): canceling Mon Apr 06 13:46:02 UTC 2020
auto.tcl: Setting watchdog for 200 seconds at Mon Apr 06 13:46:02 UTC 2020
1 ms. Memory: 48128K Free: 28121K (58%)
ptolemy.util.test.WatchDog.cancel(): canceling Mon Apr 06 13:46:02 UTC 2020
------------------ testing $PTII/ptolemy/domains/de/test/auto/DEScheduleTest.xml
auto.tcl: Setting watchdog for 200 seconds at Mon Apr 06 13:46:02 UTC 2020
3 ms. Memory: 48128K Free: 29339K (61%)
ptolemy.util.test.WatchDog.cancel(): canceling Mon Apr 06 13:46:02 UTC 2020
auto.tcl: Setting watchdog for 200 seconds at Mon Apr 06 13:46:02 UTC 2020
3 ms. Memory: 48128K Free: 28560K (59%)
ptolemy.util.test.WatchDog.cancel(): canceling Mon Apr 06 13:46:02 UTC 2020
------------------ testing $PTII/ptolemy/domains/de/test/auto/DEinDEwithStartTimes.xml
auto.tcl: Setting watchdog for 200 seconds at Mon Apr 06 13:46:02 UTC 2020
4 ms. Memory: 48128K Free: 27520K (57%)
ptolemy.util.test.WatchDog.cancel(): canceling Mon Apr 06 13:46:02 UTC 2020
auto.tcl: Setting watchdog for 200 seconds at Mon Apr 06 13:46:02 UTC 2020
3 ms. Memory: 48128K Free: 26455K (55%)
ptolemy.util.test.WatchDog.cancel(): canceling Mon Apr 06 13:46:02 UTC 2020
------------------ testing $PTII/ptolemy/domains/de/test/auto/DEinDEwithStartTimes2.xml
auto.tcl: Setting watchdog for 200 seconds at Mon Apr 06 13:46:02 UTC 2020
5 ms. Memory: 48128K Free: 26750K (56%)
ptolemy.util.test.WatchDog.cancel(): canceling Mon Apr 06 13:46:02 UTC 2020
auto.tcl: Setting watchdog for 200 seconds at Mon Apr 06 13:46:02 UTC 2020
3 ms. Memory: 48128K Free: 25410K (53%)
ptolemy.util.test.WatchDog.cancel(): canceling Mon Apr 06 13:46:02 UTC 2020
------------------ testing $PTII/ptolemy/domains/de/test/auto/DateDemo.xml
auto.tcl: Setting watchdog for 200 seconds at Mon Apr 06 13:46:02 UTC 2020
24 ms. Memory: 48128K Free: 21052K (44%)
ptolemy.util.test.WatchDog.cancel(): canceling Mon Apr 06 13:46:03 UTC 2020
auto.tcl: Setting watchdog for 200 seconds at Mon Apr 06 13:46:03 UTC 2020
9 ms. Memory: 48128K Free: 19455K (40%)
ptolemy.util.test.WatchDog.cancel(): canceling Mon Apr 06 13:46:03 UTC 2020
------------------ testing $PTII/ptolemy/domains/de/test/auto/DateToEvent.xml
auto.tcl: Setting watchdog for 200 seconds at Mon Apr 06 13:46:03 UTC 2020
2018 ms. Memory: 48128K Free: 16974K (35%)
ptolemy.util.test.WatchDog.cancel(): canceling Mon Apr 06 13:46:05 UTC 2020
auto.tcl: Setting watchdog for 200 seconds at Mon Apr 06 13:46:05 UTC 2020
2003 ms. Memory: 48128K Free: 16226K (34%)
ptolemy.util.test.WatchDog.cancel(): canceling Mon Apr 06 13:46:07 UTC 2020
------------------ testing $PTII/ptolemy/domains/de/test/auto/DepthTest1.xml
auto.tcl: Setting watchdog for 200 seconds at Mon Apr 06 13:46:07 UTC 2020
2 ms. Memory: 48128K Free: 30120K (63%)
ptolemy.util.test.WatchDog.cancel(): canceling Mon Apr 06 13:46:07 UTC 2020
auto.tcl: Setting watchdog for 200 seconds at Mon Apr 06 13:46:07 UTC 2020
1 ms. Memory: 48128K Free: 29343K (61%)
ptolemy.util.test.WatchDog.cancel(): canceling Mon Apr 06 13:46:07 UTC 2020
------------------ testing $PTII/ptolemy/domains/de/test/auto/DepthTest2.xml
auto.tcl: Setting watchdog for 200 seconds at Mon Apr 06 13:46:07 UTC 2020
4 ms. Memory: 48128K Free: 26988K (56%)
ptolemy.util.test.WatchDog.cancel(): canceling Mon Apr 06 13:46:07 UTC 2020
auto.tcl: Setting watchdog for 200 seconds at Mon Apr 06 13:46:07 UTC 2020
3 ms. Memory: 48128K Free: 26566K (55%)
ptolemy.util.test.WatchDog.cancel(): canceling Mon Apr 06 13:46:07 UTC 2020
------------------ testing $PTII/ptolemy/domains/de/test/auto/DepthTest3.xml
auto.tcl: Setting watchdog for 200 seconds at Mon Apr 06 13:46:07 UTC 2020
4 ms. Memory: 48128K Free: 30451K (63%)
ptolemy.util.test.WatchDog.cancel(): canceling Mon Apr 06 13:46:07 UTC 2020
auto.tcl: Setting watchdog for 200 seconds at Mon Apr 06 13:46:07 UTC 2020
6 ms. Memory: 48128K Free: 30029K (62%)
ptolemy.util.test.WatchDog.cancel(): canceling Mon Apr 06 13:46:07 UTC 2020
------------------ testing $PTII/ptolemy/domains/de/test/auto/DepthTest4.xml
auto.tcl: Setting watchdog for 200 seconds at Mon Apr 06 13:46:07 UTC 2020
5 ms. Memory: 48128K Free: 28802K (60%)
ptolemy.util.test.WatchDog.cancel(): canceling Mon Apr 06 13:46:07 UTC 2020
auto.tcl: Setting watchdog for 200 seconds at Mon Apr 06 13:46:07 UTC 2020
3 ms. Memory: 48128K Free: 28079K (58%)
ptolemy.util.test.WatchDog.cancel(): canceling Mon Apr 06 13:46:07 UTC 2020
------------------ testing $PTII/ptolemy/domains/de/test/auto/DepthTest5.xml
auto.tcl: Setting watchdog for 200 seconds at Mon Apr 06 13:46:07 UTC 2020
3 ms. Memory: 48128K Free: 28185K (59%)
ptolemy.util.test.WatchDog.cancel(): canceling Mon Apr 06 13:46:07 UTC 2020
auto.tcl: Setting watchdog for 200 seconds at Mon Apr 06 13:46:07 UTC 2020
3 ms. Memory: 48128K Free: 27412K (57%)
ptolemy.util.test.WatchDog.cancel(): canceling Mon Apr 06 13:46:07 UTC 2020
------------------ testing $PTII/ptolemy/domains/de/test/auto/DepthTest6.xml
auto.tcl: Setting watchdog for 200 seconds at Mon Apr 06 13:46:07 UTC 2020
6 ms. Memory: 48128K Free: 27887K (58%)
ptolemy.util.test.WatchDog.cancel(): canceling Mon Apr 06 13:46:07 UTC 2020
auto.tcl: Setting watchdog for 200 seconds at Mon Apr 06 13:46:07 UTC 2020
2 ms. Memory: 48128K Free: 27466K (57%)
ptolemy.util.test.WatchDog.cancel(): canceling Mon Apr 06 13:46:07 UTC 2020
------------------ testing $PTII/ptolemy/domains/de/test/auto/DepthTest7.xml
auto.tcl: Setting watchdog for 200 seconds at Mon Apr 06 13:46:07 UTC 2020
3 ms. Memory: 48128K Free: 28725K (60%)
ptolemy.util.test.WatchDog.cancel(): canceling Mon Apr 06 13:46:07 UTC 2020
auto.tcl: Setting watchdog for 200 seconds at Mon Apr 06 13:46:07 UTC 2020
2 ms. Memory: 48128K Free: 28003K (58%)
ptolemy.util.test.WatchDog.cancel(): canceling Mon Apr 06 13:46:07 UTC 2020
------------------ testing $PTII/ptolemy/domains/de/test/auto/EventToDate.xml
auto.tcl: Setting watchdog for 200 seconds at Mon Apr 06 13:46:07 UTC 2020
3005 ms. Memory: 48128K Free: 19492K (41%)
ptolemy.util.test.WatchDog.cancel(): canceling Mon Apr 06 13:46:10 UTC 2020
auto.tcl: Setting watchdog for 200 seconds at Mon Apr 06 13:46:10 UTC 2020
3004 ms. Memory: 48128K Free: 18808K (39%)
ptolemy.util.test.WatchDog.cancel(): canceling Mon Apr 06 13:46:13 UTC 2020
------------------ testing $PTII/ptolemy/domains/de/test/auto/FSM1.xml
auto.tcl: Setting watchdog for 200 seconds at Mon Apr 06 13:46:13 UTC 2020
33 ms. Memory: 48128K Free: 20729K (43%)
ptolemy.util.test.WatchDog.cancel(): canceling Mon Apr 06 13:46:13 UTC 2020
auto.tcl: Setting watchdog for 200 seconds at Mon Apr 06 13:46:13 UTC 2020
22 ms. Memory: 48128K Free: 17474K (36%)
ptolemy.util.test.WatchDog.cancel(): canceling Mon Apr 06 13:46:13 UTC 2020
------------------ testing $PTII/ptolemy/domains/de/test/auto/FSM7.xml
auto.tcl: Setting watchdog for 200 seconds at Mon Apr 06 13:46:13 UTC 2020
27 ms. Memory: 48128K Free: 20401K (42%)
ptolemy.util.test.WatchDog.cancel(): canceling Mon Apr 06 13:46:14 UTC 2020
auto.tcl: Setting watchdog for 200 seconds at Mon Apr 06 13:46:14 UTC 2020
14 ms. Memory: 48128K Free: 17280K (36%)
ptolemy.util.test.WatchDog.cancel(): canceling Mon Apr 06 13:46:14 UTC 2020
------------------ testing $PTII/ptolemy/domains/de/test/auto/Inspection.xml
auto.tcl: Setting watchdog for 200 seconds at Mon Apr 06 13:46:14 UTC 2020
28 ms. Memory: 48128K Free: 20431K (42%)
ptolemy.util.test.WatchDog.cancel(): canceling Mon Apr 06 13:46:14 UTC 2020
auto.tcl: Setting watchdog for 200 seconds at Mon Apr 06 13:46:14 UTC 2020
27 ms. Memory: 48128K Free: 18709K (39%)
ptolemy.util.test.WatchDog.cancel(): canceling Mon Apr 06 13:46:14 UTC 2020
------------------ testing $PTII/ptolemy/domains/de/test/auto/Iteration.xml
auto.tcl: Setting watchdog for 200 seconds at Mon Apr 06 13:46:14 UTC 2020
7 ms. Memory: 48128K Free: 26178K (54%)
ptolemy.util.test.WatchDog.cancel(): canceling Mon Apr 06 13:46:14 UTC 2020
auto.tcl: Setting watchdog for 200 seconds at Mon Apr 06 13:46:14 UTC 2020
7 ms. Memory: 48128K Free: 25154K (52%)
ptolemy.util.test.WatchDog.cancel(): canceling Mon Apr 06 13:46:14 UTC 2020
------------------ testing $PTII/ptolemy/domains/de/test/auto/LineFault.xml
auto.tcl: Setting watchdog for 200 seconds at Mon Apr 06 13:46:14 UTC 2020
617 ms. Memory: 58368K Free: 37753K (65%)
ptolemy.util.test.WatchDog.cancel(): canceling Mon Apr 06 13:46:15 UTC 2020
auto.tcl: Setting watchdog for 200 seconds at Mon Apr 06 13:46:15 UTC 2020
523 ms. Memory: 58368K Free: 33664K (58%)
ptolemy.util.test.WatchDog.cancel(): canceling Mon Apr 06 13:46:15 UTC 2020
------------------ testing $PTII/ptolemy/domains/de/test/auto/MergeModel1Add.xml
auto.tcl: Setting watchdog for 200 seconds at Mon Apr 06 13:46:15 UTC 2020
19 ms. Memory: 58368K Free: 22384K (38%)
ptolemy.util.test.WatchDog.cancel(): canceling Mon Apr 06 13:46:15 UTC 2020
auto.tcl: Setting watchdog for 200 seconds at Mon Apr 06 13:46:15 UTC 2020
11 ms. Memory: 58368K Free: 20646K (35%)
ptolemy.util.test.WatchDog.cancel(): canceling Mon Apr 06 13:46:15 UTC 2020
------------------ testing $PTII/ptolemy/domains/de/test/auto/MergeModel2Add.xml
auto.tcl: Setting watchdog for 200 seconds at Mon Apr 06 13:46:15 UTC 2020
17 ms. Memory: 55296K Free: 21320K (39%)
ptolemy.util.test.WatchDog.cancel(): canceling Mon Apr 06 13:46:16 UTC 2020
auto.tcl: Setting watchdog for 200 seconds at Mon Apr 06 13:46:16 UTC 2020
9 ms. Memory: 55296K Free: 19380K (35%)
ptolemy.util.test.WatchDog.cancel(): canceling Mon Apr 06 13:46:16 UTC 2020
------------------ testing $PTII/ptolemy/domains/de/test/auto/MergeModel3Add.xml
auto.tcl: Setting watchdog for 200 seconds at Mon Apr 06 13:46:16 UTC 2020
10 ms. Memory: 51200K Free: 17286K (34%)
ptolemy.util.test.WatchDog.cancel(): canceling Mon Apr 06 13:46:16 UTC 2020
auto.tcl: Setting watchdog for 200 seconds at Mon Apr 06 13:46:16 UTC 2020
10 ms. Memory: 51200K Free: 15816K (31%)
ptolemy.util.test.WatchDog.cancel(): canceling Mon Apr 06 13:46:16 UTC 2020
------------------ testing $PTII/ptolemy/domains/de/test/auto/MergeWithoutDiscard.xml
auto.tcl: Setting watchdog for 200 seconds at Mon Apr 06 13:46:16 UTC 2020
2 ms. Memory: 51200K Free: 32156K (63%)
ptolemy.util.test.WatchDog.cancel(): canceling Mon Apr 06 13:46:16 UTC 2020
auto.tcl: Setting watchdog for 200 seconds at Mon Apr 06 13:46:16 UTC 2020
0 ms. Memory: 51200K Free: 31239K (61%)
ptolemy.util.test.WatchDog.cancel(): canceling Mon Apr 06 13:46:16 UTC 2020
------------------ testing $PTII/ptolemy/domains/de/test/auto/Modal1.xml
auto.tcl: Setting watchdog for 200 seconds at Mon Apr 06 13:46:16 UTC 2020
12 ms. Memory: 51200K Free: 23746K (46%)
ptolemy.util.test.WatchDog.cancel(): canceling Mon Apr 06 13:46:16 UTC 2020
auto.tcl: Setting watchdog for 200 seconds at Mon Apr 06 13:46:16 UTC 2020
13 ms. Memory: 51200K Free: 20255K (40%)
ptolemy.util.test.WatchDog.cancel(): canceling Mon Apr 06 13:46:16 UTC 2020
------------------ testing $PTII/ptolemy/domains/de/test/auto/Modal2.xml
auto.tcl: Setting watchdog for 200 seconds at Mon Apr 06 13:46:16 UTC 2020
16 ms. Memory: 51200K Free: 23893K (47%)
ptolemy.util.test.WatchDog.cancel(): canceling Mon Apr 06 13:46:16 UTC 2020
auto.tcl: Setting watchdog for 200 seconds at Mon Apr 06 13:46:16 UTC 2020
19 ms. Memory: 51200K Free: 20623K (40%)
ptolemy.util.test.WatchDog.cancel(): canceling Mon Apr 06 13:46:16 UTC 2020
------------------ testing $PTII/ptolemy/domains/de/test/auto/Modal3.xml
auto.tcl: Setting watchdog for 200 seconds at Mon Apr 06 13:46:16 UTC 2020
10 ms. Memory: 51200K Free: 23598K (46%)
ptolemy.util.test.WatchDog.cancel(): canceling Mon Apr 06 13:46:16 UTC 2020
auto.tcl: Setting watchdog for 200 seconds at Mon Apr 06 13:46:16 UTC 2020
12 ms. Memory: 51200K Free: 20644K (40%)
ptolemy.util.test.WatchDog.cancel(): canceling Mon Apr 06 13:46:16 UTC 2020
------------------ testing $PTII/ptolemy/domains/de/test/auto/Modal4.xml
auto.tcl: Setting watchdog for 200 seconds at Mon Apr 06 13:46:16 UTC 2020
29 ms. Memory: 51200K Free: 22865K (45%)
ptolemy.util.test.WatchDog.cancel(): canceling Mon Apr 06 13:46:16 UTC 2020
auto.tcl: Setting watchdog for 200 seconds at Mon Apr 06 13:46:16 UTC 2020
18 ms. Memory: 51200K Free: 19027K (37%)
ptolemy.util.test.WatchDog.cancel(): canceling Mon Apr 06 13:46:16 UTC 2020
------------------ testing $PTII/ptolemy/domains/de/test/auto/Modal5.xml
auto.tcl: Setting watchdog for 200 seconds at Mon Apr 06 13:46:16 UTC 2020
15 ms. Memory: 51200K Free: 22837K (45%)
ptolemy.util.test.WatchDog.cancel(): canceling Mon Apr 06 13:46:16 UTC 2020
auto.tcl: Setting watchdog for 200 seconds at Mon Apr 06 13:46:16 UTC 2020
15 ms. Memory: 51200K Free: 19013K (37%)
ptolemy.util.test.WatchDog.cancel(): canceling Mon Apr 06 13:46:16 UTC 2020
------------------ testing $PTII/ptolemy/domains/de/test/auto/Modal6.xml
auto.tcl: Setting watchdog for 200 seconds at Mon Apr 06 13:46:16 UTC 2020
17 ms. Memory: 51200K Free: 23571K (46%)
ptolemy.util.test.WatchDog.cancel(): canceling Mon Apr 06 13:46:16 UTC 2020
auto.tcl: Setting watchdog for 200 seconds at Mon Apr 06 13:46:16 UTC 2020
17 ms. Memory: 51200K Free: 19625K (38%)
ptolemy.util.test.WatchDog.cancel(): canceling Mon Apr 06 13:46:16 UTC 2020
------------------ testing $PTII/ptolemy/domains/de/test/auto/Modal7.xml
auto.tcl: Setting watchdog for 200 seconds at Mon Apr 06 13:46:16 UTC 2020
15 ms. Memory: 51200K Free: 22588K (44%)
ptolemy.util.test.WatchDog.cancel(): canceling Mon Apr 06 13:46:16 UTC 2020
auto.tcl: Setting watchdog for 200 seconds at Mon Apr 06 13:46:16 UTC 2020
11 ms. Memory: 51200K Free: 19012K (37%)
ptolemy.util.test.WatchDog.cancel(): canceling Mon Apr 06 13:46:16 UTC 2020
------------------ testing $PTII/ptolemy/domains/de/test/auto/ModalModel.xml
auto.tcl: Setting watchdog for 200 seconds at Mon Apr 06 13:46:16 UTC 2020
226 ms. Memory: 51200K Free: 17047K (33%)
ptolemy.util.test.WatchDog.cancel(): canceling Mon Apr 06 13:46:17 UTC 2020
auto.tcl: Setting watchdog for 200 seconds at Mon Apr 06 13:46:17 UTC 2020
192 ms. Memory: 61440K Free: 24834K (40%)
ptolemy.util.test.WatchDog.cancel(): canceling Mon Apr 06 13:46:17 UTC 2020
------------------ testing $PTII/ptolemy/domains/de/test/auto/ModalSource.xml
auto.tcl: Setting watchdog for 200 seconds at Mon Apr 06 13:46:17 UTC 2020
8 ms. Memory: 55296K Free: 31767K (57%)
ptolemy.util.test.WatchDog.cancel(): canceling Mon Apr 06 13:46:17 UTC 2020
auto.tcl: Setting watchdog for 200 seconds at Mon Apr 06 13:46:17 UTC 2020
7 ms. Memory: 55296K Free: 29735K (54%)
ptolemy.util.test.WatchDog.cancel(): canceling Mon Apr 06 13:46:17 UTC 2020
------------------ testing $PTII/ptolemy/domains/de/test/auto/NonInterruptibleTimerZeroDelay.xml
auto.tcl: Setting watchdog for 200 seconds at Mon Apr 06 13:46:17 UTC 2020
3 ms. Memory: 55296K Free: 36642K (66%)
ptolemy.util.test.WatchDog.cancel(): canceling Mon Apr 06 13:46:17 UTC 2020
auto.tcl: Setting watchdog for 200 seconds at Mon Apr 06 13:46:17 UTC 2020
3 ms. Memory: 55296K Free: 36051K (65%)
ptolemy.util.test.WatchDog.cancel(): canceling Mon Apr 06 13:46:17 UTC 2020
------------------ testing $PTII/ptolemy/domains/de/test/auto/OpenQueueingNetwork.xml
auto.tcl: Setting watchdog for 200 seconds at Mon Apr 06 13:46:17 UTC 2020
2734 ms. Memory: 133120K Free: 103873K (78%)
ptolemy.util.test.WatchDog.cancel(): canceling Mon Apr 06 13:46:20 UTC 2020
auto.tcl: Setting watchdog for 200 seconds at Mon Apr 06 13:46:20 UTC 2020
2366 ms. Memory: 159744K Free: 69171K (43%)
ptolemy.util.test.WatchDog.cancel(): canceling Mon Apr 06 13:46:22 UTC 2020
------------------ testing $PTII/ptolemy/domains/de/test/auto/OpenQueuingNetwork.xml
auto.tcl: Setting watchdog for 200 seconds at Mon Apr 06 13:46:22 UTC 2020
244 ms. Memory: 70656K Free: 45085K (64%)
ptolemy.util.test.WatchDog.cancel(): canceling Mon Apr 06 13:46:23 UTC 2020
auto.tcl: Setting watchdog for 200 seconds at Mon Apr 06 13:46:23 UTC 2020
227 ms. Memory: 70656K Free: 34236K (48%)
ptolemy.util.test.WatchDog.cancel(): canceling Mon Apr 06 13:46:23 UTC 2020
------------------ testing $PTII/ptolemy/domains/de/test/auto/PeriodicSampler.xml
auto.tcl: Setting watchdog for 200 seconds at Mon Apr 06 13:46:23 UTC 2020
2 ms. Memory: 55296K Free: 35916K (65%)
ptolemy.util.test.WatchDog.cancel(): canceling Mon Apr 06 13:46:23 UTC 2020
auto.tcl: Setting watchdog for 200 seconds at Mon Apr 06 13:46:23 UTC 2020
2 ms. Memory: 55296K Free: 35396K (64%)
ptolemy.util.test.WatchDog.cancel(): canceling Mon Apr 06 13:46:23 UTC 2020
------------------ testing $PTII/ptolemy/domains/de/test/auto/PersistentIO.xml
auto.tcl: Setting watchdog for 200 seconds at Mon Apr 06 13:46:23 UTC 2020
15 ms. Memory: 51200K Free: 26729K (52%)
ptolemy.util.test.WatchDog.cancel(): canceling Mon Apr 06 13:46:23 UTC 2020
auto.tcl: Setting watchdog for 200 seconds at Mon Apr 06 13:46:23 UTC 2020
4 ms. Memory: 51200K Free: 25225K (49%)
ptolemy.util.test.WatchDog.cancel(): canceling Mon Apr 06 13:46:23 UTC 2020
------------------ testing $PTII/ptolemy/domains/de/test/auto/PortParameterResetOnInitialize.xml
auto.tcl: Setting watchdog for 200 seconds at Mon Apr 06 13:46:23 UTC 2020
8 ms. Memory: 51200K Free: 31739K (62%)
ptolemy.util.test.WatchDog.cancel(): canceling Mon Apr 06 13:46:23 UTC 2020
auto.tcl: Setting watchdog for 200 seconds at Mon Apr 06 13:46:23 UTC 2020
2 ms. Memory: 51200K Free: 31232K (61%)
ptolemy.util.test.WatchDog.cancel(): canceling Mon Apr 06 13:46:23 UTC 2020
------------------ testing $PTII/ptolemy/domains/de/test/auto/PortParameterUpdates.xml
auto.tcl: Setting watchdog for 200 seconds at Mon Apr 06 13:46:23 UTC 2020
3 ms. Memory: 51200K Free: 30027K (59%)
ptolemy.util.test.WatchDog.cancel(): canceling Mon Apr 06 13:46:23 UTC 2020
auto.tcl: Setting watchdog for 200 seconds at Mon Apr 06 13:46:23 UTC 2020
3 ms. Memory: 51200K Free: 28800K (56%)
ptolemy.util.test.WatchDog.cancel(): canceling Mon Apr 06 13:46:23 UTC 2020
------------------ testing $PTII/ptolemy/domains/de/test/auto/QueueAndServer.xml
auto.tcl: Setting watchdog for 200 seconds at Mon Apr 06 13:46:23 UTC 2020
5 ms. Memory: 51200K Free: 28982K (57%)
ptolemy.util.test.WatchDog.cancel(): canceling Mon Apr 06 13:46:23 UTC 2020
auto.tcl: Setting watchdog for 200 seconds at Mon Apr 06 13:46:23 UTC 2020
5 ms. Memory: 51200K Free: 27233K (53%)
ptolemy.util.test.WatchDog.cancel(): canceling Mon Apr 06 13:46:23 UTC 2020
------------------ testing $PTII/ptolemy/domains/de/test/auto/Records.xml
auto.tcl: Setting watchdog for 200 seconds at Mon Apr 06 13:46:23 UTC 2020
3 ms. Memory: 51200K Free: 30984K (61%)
ptolemy.util.test.WatchDog.cancel(): canceling Mon Apr 06 13:46:23 UTC 2020
auto.tcl: Setting watchdog for 200 seconds at Mon Apr 06 13:46:23 UTC 2020
3 ms. Memory: 51200K Free: 30470K (60%)
ptolemy.util.test.WatchDog.cancel(): canceling Mon Apr 06 13:46:23 UTC 2020
------------------ testing $PTII/ptolemy/domains/de/test/auto/ResetTransitionWithStartTime1.xml
auto.tcl: Setting watchdog for 200 seconds at Mon Apr 06 13:46:23 UTC 2020
7 ms. Memory: 51200K Free: 28228K (55%)
ptolemy.util.test.WatchDog.cancel(): canceling Mon Apr 06 13:46:23 UTC 2020
auto.tcl: Setting watchdog for 200 seconds at Mon Apr 06 13:46:23 UTC 2020
6 ms. Memory: 51200K Free: 26180K (51%)
ptolemy.util.test.WatchDog.cancel(): canceling Mon Apr 06 13:46:23 UTC 2020
------------------ testing $PTII/ptolemy/domains/de/test/auto/ResetTransitionWithStartTime2.xml
auto.tcl: Setting watchdog for 200 seconds at Mon Apr 06 13:46:23 UTC 2020
5 ms. Memory: 51200K Free: 28184K (55%)
ptolemy.util.test.WatchDog.cancel(): canceling Mon Apr 06 13:46:24 UTC 2020
auto.tcl: Setting watchdog for 200 seconds at Mon Apr 06 13:46:24 UTC 2020
6 ms. Memory: 51200K Free: 26136K (51%)
ptolemy.util.test.WatchDog.cancel(): canceling Mon Apr 06 13:46:24 UTC 2020
------------------ testing $PTII/ptolemy/domains/de/test/auto/ResetTransitionWithStartTime3.xml
auto.tcl: Setting watchdog for 200 seconds at Mon Apr 06 13:46:24 UTC 2020
6 ms. Memory: 51200K Free: 28183K (55%)
ptolemy.util.test.WatchDog.cancel(): canceling Mon Apr 06 13:46:24 UTC 2020
auto.tcl: Setting watchdog for 200 seconds at Mon Apr 06 13:46:24 UTC 2020
6 ms. Memory: 51200K Free: 26135K (51%)
ptolemy.util.test.WatchDog.cancel(): canceling Mon Apr 06 13:46:24 UTC 2020
------------------ testing $PTII/ptolemy/domains/de/test/auto/ResetTransitionWithStartTime4.xml
auto.tcl: Setting watchdog for 200 seconds at Mon Apr 06 13:46:24 UTC 2020
7 ms. Memory: 51200K Free: 28622K (56%)
ptolemy.util.test.WatchDog.cancel(): canceling Mon Apr 06 13:46:24 UTC 2020
auto.tcl: Setting watchdog for 200 seconds at Mon Apr 06 13:46:24 UTC 2020
3 ms. Memory: 51200K Free: 27158K (53%)
ptolemy.util.test.WatchDog.cancel(): canceling Mon Apr 06 13:46:24 UTC 2020
------------------ testing $PTII/ptolemy/domains/de/test/auto/ResettableTimer1.xml
auto.tcl: Setting watchdog for 200 seconds at Mon Apr 06 13:46:24 UTC 2020
5 ms. Memory: 51200K Free: 32260K (63%)
ptolemy.util.test.WatchDog.cancel(): canceling Mon Apr 06 13:46:24 UTC 2020
auto.tcl: Setting watchdog for 200 seconds at Mon Apr 06 13:46:24 UTC 2020
2 ms. Memory: 51200K Free: 31243K (61%)
ptolemy.util.test.WatchDog.cancel(): canceling Mon Apr 06 13:46:24 UTC 2020
------------------ testing $PTII/ptolemy/domains/de/test/auto/ResettableTimer2.xml
auto.tcl: Setting watchdog for 200 seconds at Mon Apr 06 13:46:24 UTC 2020
5 ms. Memory: 51200K Free: 32415K (63%)
ptolemy.util.test.WatchDog.cancel(): canceling Mon Apr 06 13:46:24 UTC 2020
auto.tcl: Setting watchdog for 200 seconds at Mon Apr 06 13:46:24 UTC 2020
2 ms. Memory: 51200K Free: 31802K (62%)
ptolemy.util.test.WatchDog.cancel(): canceling Mon Apr 06 13:46:24 UTC 2020
------------------ testing $PTII/ptolemy/domains/de/test/auto/ResettableTimer3.xml
auto.tcl: Setting watchdog for 200 seconds at Mon Apr 06 13:46:24 UTC 2020
1 ms. Memory: 51200K Free: 32315K (63%)
ptolemy.util.test.WatchDog.cancel(): canceling Mon Apr 06 13:46:24 UTC 2020
auto.tcl: Setting watchdog for 200 seconds at Mon Apr 06 13:46:24 UTC 2020
1 ms. Memory: 51200K Free: 32315K (63%)
ptolemy.util.test.WatchDog.cancel(): canceling Mon Apr 06 13:46:24 UTC 2020
------------------ testing $PTII/ptolemy/domains/de/test/auto/ResettableTimer4.xml
auto.tcl: Setting watchdog for 200 seconds at Mon Apr 06 13:46:24 UTC 2020
1 ms. Memory: 51200K Free: 32329K (63%)
ptolemy.util.test.WatchDog.cancel(): canceling Mon Apr 06 13:46:24 UTC 2020
auto.tcl: Setting watchdog for 200 seconds at Mon Apr 06 13:46:24 UTC 2020
1 ms. Memory: 51200K Free: 31815K (62%)
ptolemy.util.test.WatchDog.cancel(): canceling Mon Apr 06 13:46:24 UTC 2020
------------------ testing $PTII/ptolemy/domains/de/test/auto/ResettableTimer5.xml
auto.tcl: Setting watchdog for 200 seconds at Mon Apr 06 13:46:24 UTC 2020
1 ms. Memory: 51200K Free: 31813K (62%)
ptolemy.util.test.WatchDog.cancel(): canceling Mon Apr 06 13:46:24 UTC 2020
auto.tcl: Setting watchdog for 200 seconds at Mon Apr 06 13:46:24 UTC 2020
2 ms. Memory: 51200K Free: 31306K (61%)
ptolemy.util.test.WatchDog.cancel(): canceling Mon Apr 06 13:46:24 UTC 2020
------------------ testing $PTII/ptolemy/domains/de/test/auto/ResettableTimer6.xml
auto.tcl: Setting watchdog for 200 seconds at Mon Apr 06 13:46:24 UTC 2020
1 ms. Memory: 51200K Free: 31804K (62%)
ptolemy.util.test.WatchDog.cancel(): canceling Mon Apr 06 13:46:24 UTC 2020
auto.tcl: Setting watchdog for 200 seconds at Mon Apr 06 13:46:24 UTC 2020
2 ms. Memory: 51200K Free: 31294K (61%)
ptolemy.util.test.WatchDog.cancel(): canceling Mon Apr 06 13:46:24 UTC 2020
------------------ testing $PTII/ptolemy/domains/de/test/auto/ServerZeroDelay.xml
auto.tcl: Setting watchdog for 200 seconds at Mon Apr 06 13:46:24 UTC 2020
2 ms. Memory: 51200K Free: 32309K (63%)
ptolemy.util.test.WatchDog.cancel(): canceling Mon Apr 06 13:46:24 UTC 2020
auto.tcl: Setting watchdog for 200 seconds at Mon Apr 06 13:46:24 UTC 2020
3 ms. Memory: 51200K Free: 31285K (61%)
ptolemy.util.test.WatchDog.cancel(): canceling Mon Apr 06 13:46:24 UTC 2020
------------------ testing $PTII/ptolemy/domains/de/test/auto/SmartSender.xml
auto.tcl: Setting watchdog for 200 seconds at Mon Apr 06 13:46:24 UTC 2020
3001 ms. Memory: 51200K Free: 32303K (63%)
ptolemy.util.test.WatchDog.cancel(): canceling Mon Apr 06 13:46:27 UTC 2020
auto.tcl: Setting watchdog for 200 seconds at Mon Apr 06 13:46:27 UTC 2020
3003 ms. Memory: 51200K Free: 31780K (62%)
ptolemy.util.test.WatchDog.cancel(): canceling Mon Apr 06 13:46:30 UTC 2020
------------------ testing $PTII/ptolemy/domains/de/test/auto/ThreadedComposite.xml
auto.tcl: Setting watchdog for 200 seconds at Mon Apr 06 13:46:30 UTC 2020
384 ms. Memory: 51200K Free: 13371K (26%)
ptolemy.util.test.WatchDog.cancel(): canceling Mon Apr 06 13:46:31 UTC 2020
auto.tcl: Setting watchdog for 200 seconds at Mon Apr 06 13:46:31 UTC 2020
121 ms. Memory: 51200K Free: 29800K (58%)
ptolemy.util.test.WatchDog.cancel(): canceling Mon Apr 06 13:46:31 UTC 2020
------------------ testing $PTII/ptolemy/domains/de/test/auto/Time.xml
auto.tcl: Setting watchdog for 200 seconds at Mon Apr 06 13:46:31 UTC 2020
426 ms. Memory: 51200K Free: 11659K (23%)
ptolemy.util.test.WatchDog.cancel(): canceling Mon Apr 06 13:46:31 UTC 2020
auto.tcl: Setting watchdog for 200 seconds at Mon Apr 06 13:46:31 UTC 2020
416 ms. Memory: 51200K Free: 17914K (35%)
ptolemy.util.test.WatchDog.cancel(): canceling Mon Apr 06 13:46:32 UTC 2020
------------------ testing $PTII/ptolemy/domains/de/test/auto/TimeDelayZeroDelay.xml
auto.tcl: Setting watchdog for 200 seconds at Mon Apr 06 13:46:32 UTC 2020
2 ms. Memory: 51200K Free: 32230K (63%)
ptolemy.util.test.WatchDog.cancel(): canceling Mon Apr 06 13:46:32 UTC 2020
auto.tcl: Setting watchdog for 200 seconds at Mon Apr 06 13:46:32 UTC 2020
2 ms. Memory: 51200K Free: 31381K (61%)
ptolemy.util.test.WatchDog.cancel(): canceling Mon Apr 06 13:46:32 UTC 2020
------------------ testing $PTII/ptolemy/domains/de/test/auto/TimerZeroDelay.xml
auto.tcl: Setting watchdog for 200 seconds at Mon Apr 06 13:46:32 UTC 2020
2 ms. Memory: 51200K Free: 32663K (64%)
ptolemy.util.test.WatchDog.cancel(): canceling Mon Apr 06 13:46:32 UTC 2020
auto.tcl: Setting watchdog for 200 seconds at Mon Apr 06 13:46:32 UTC 2020
2 ms. Memory: 51200K Free: 32273K (63%)
ptolemy.util.test.WatchDog.cancel(): canceling Mon Apr 06 13:46:32 UTC 2020
------------------ testing $PTII/ptolemy/domains/de/test/auto/TimingParadox.xml
auto.tcl: Setting watchdog for 200 seconds at Mon Apr 06 13:46:32 UTC 2020
294 ms. Memory: 51200K Free: 20395K (40%)
ptolemy.util.test.WatchDog.cancel(): canceling Mon Apr 06 13:46:32 UTC 2020
auto.tcl: Setting watchdog for 200 seconds at Mon Apr 06 13:46:32 UTC 2020
288 ms. Memory: 51200K Free: 11587K (23%)
ptolemy.util.test.WatchDog.cancel(): canceling Mon Apr 06 13:46:33 UTC 2020
------------------ testing $PTII/ptolemy/domains/de/test/auto/TransferInputs.xml
auto.tcl: Setting watchdog for 200 seconds at Mon Apr 06 13:46:33 UTC 2020
2 ms. Memory: 51200K Free: 30741K (60%)
ptolemy.util.test.WatchDog.cancel(): canceling Mon Apr 06 13:46:33 UTC 2020
auto.tcl: Setting watchdog for 200 seconds at Mon Apr 06 13:46:33 UTC 2020
1 ms. Memory: 51200K Free: 29847K (58%)
ptolemy.util.test.WatchDog.cancel(): canceling Mon Apr 06 13:46:33 UTC 2020
------------------ testing $PTII/ptolemy/domains/de/test/auto/TransferOutputs2.xml
auto.tcl: Setting watchdog for 200 seconds at Mon Apr 06 13:46:33 UTC 2020
3 ms. Memory: 51200K Free: 28183K (55%)
ptolemy.util.test.WatchDog.cancel(): canceling Mon Apr 06 13:46:33 UTC 2020
auto.tcl: Setting watchdog for 200 seconds at Mon Apr 06 13:46:33 UTC 2020
3 ms. Memory: 51200K Free: 26747K (52%)
ptolemy.util.test.WatchDog.cancel(): canceling Mon Apr 06 13:46:33 UTC 2020
------------------ testing $PTII/ptolemy/domains/de/test/auto/Trilateration.xml
auto.tcl: Setting watchdog for 200 seconds at Mon Apr 06 13:46:33 UTC 2020
12582 ms. Memory: 456704K Free: 339597K (74%)
ptolemy.util.test.WatchDog.cancel(): canceling Mon Apr 06 13:46:46 UTC 2020
auto.tcl: Setting watchdog for 200 seconds at Mon Apr 06 13:46:46 UTC 2020
9457 ms. Memory: 456704K Free: 425081K (93%)
ptolemy.util.test.WatchDog.cancel(): canceling Mon Apr 06 13:46:56 UTC 2020
------------------ testing $PTII/ptolemy/domains/de/test/auto/TwoSigmaDelta.xml
auto.tcl: Setting watchdog for 200 seconds at Mon Apr 06 13:46:56 UTC 2020
2241 ms. Memory: 92160K Free: 27840K (30%)
ptolemy.util.test.WatchDog.cancel(): canceling Mon Apr 06 13:46:58 UTC 2020
auto.tcl: Setting watchdog for 200 seconds at Mon Apr 06 13:46:58 UTC 2020
1749 ms. Memory: 92160K Free: 29915K (32%)
ptolemy.util.test.WatchDog.cancel(): canceling Mon Apr 06 13:47:00 UTC 2020
------------------ testing $PTII/ptolemy/domains/de/test/auto/VariableDelay.xml
auto.tcl: Setting watchdog for 200 seconds at Mon Apr 06 13:47:00 UTC 2020
2 ms. Memory: 55296K Free: 35335K (64%)
ptolemy.util.test.WatchDog.cancel(): canceling Mon Apr 06 13:47:00 UTC 2020
auto.tcl: Setting watchdog for 200 seconds at Mon Apr 06 13:47:00 UTC 2020
2 ms. Memory: 55296K Free: 34319K (62%)
ptolemy.util.test.WatchDog.cancel(): canceling Mon Apr 06 13:47:00 UTC 2020
------------------ testing $PTII/ptolemy/domains/de/test/auto/VariableDelay2.xml
auto.tcl: Setting watchdog for 200 seconds at Mon Apr 06 13:47:00 UTC 2020
7 ms. Memory: 55296K Free: 35920K (65%)
ptolemy.util.test.WatchDog.cancel(): canceling Mon Apr 06 13:47:00 UTC 2020
auto.tcl: Setting watchdog for 200 seconds at Mon Apr 06 13:47:00 UTC 2020
2 ms. Memory: 55296K Free: 35408K (64%)
ptolemy.util.test.WatchDog.cancel(): canceling Mon Apr 06 13:47:00 UTC 2020
------------------ testing $PTII/ptolemy/domains/de/test/auto/VariableDelayZeroDelay.xml
auto.tcl: Setting watchdog for 200 seconds at Mon Apr 06 13:47:00 UTC 2020
1 ms. Memory: 55296K Free: 36261K (66%)
ptolemy.util.test.WatchDog.cancel(): canceling Mon Apr 06 13:47:00 UTC 2020
auto.tcl: Setting watchdog for 200 seconds at Mon Apr 06 13:47:00 UTC 2020
1 ms. Memory: 55296K Free: 35733K (65%)
ptolemy.util.test.WatchDog.cancel(): canceling Mon Apr 06 13:47:00 UTC 2020
------------------ testing $PTII/ptolemy/domains/de/test/auto/VariableDelayZeroDelay2.xml
auto.tcl: Setting watchdog for 200 seconds at Mon Apr 06 13:47:00 UTC 2020
2 ms. Memory: 55296K Free: 36260K (66%)
ptolemy.util.test.WatchDog.cancel(): canceling Mon Apr 06 13:47:00 UTC 2020
auto.tcl: Setting watchdog for 200 seconds at Mon Apr 06 13:47:00 UTC 2020
2 ms. Memory: 55296K Free: 35236K (64%)
ptolemy.util.test.WatchDog.cancel(): canceling Mon Apr 06 13:47:00 UTC 2020
------------------ testing $PTII/ptolemy/domains/de/test/auto/deInCt.xml
auto.tcl: Setting watchdog for 200 seconds at Mon Apr 06 13:47:00 UTC 2020
0
1
1
1
1
0
0
0
1
1
1
0
0
0
1
1
1
0
0
0
1
1
1
0
0
0
1
1
1
0
0
0
0
0
0
0
9 ms. Memory: 55296K Free: 35233K (64%)
ptolemy.util.test.WatchDog.cancel(): canceling Mon Apr 06 13:47:00 UTC 2020
auto.tcl: Setting watchdog for 200 seconds at Mon Apr 06 13:47:00 UTC 2020
0
1
1
1
0
0
1
1
1
0
0
0
1
1
0
0
0
1
1
1
1
0
0
0
0
0
0
0
0
1
1
1
0
0
0
0
7 ms. Memory: 55296K Free: 33695K (61%)
ptolemy.util.test.WatchDog.cancel(): canceling Mon Apr 06 13:47:00 UTC 2020
------------------ testing $PTII/ptolemy/domains/de/test/auto/deInCt2.xml
auto.tcl: Setting watchdog for 200 seconds at Mon Apr 06 13:47:00 UTC 2020
0
1
1
1
0
0
1
1
1
0
0
1
1
1
0
0
1
1
1
0
0
1
1
1
0
0
1
1
1
0
0
1
1
1
0
0
1
1
1
0
0
0
15 ms. Memory: 55296K Free: 35233K (64%)
ptolemy.util.test.WatchDog.cancel(): canceling Mon Apr 06 13:47:01 UTC 2020
auto.tcl: Setting watchdog for 200 seconds at Mon Apr 06 13:47:01 UTC 2020
0
1
1
1
0
0
1
1
1
0
0
1
1
1
0
0
1
1
1
0
0
1
1
1
0
0
1
1
1
0
0
1
1
1
0
0
1
1
1
0
0
0
9 ms. Memory: 55296K Free: 33681K (61%)
ptolemy.util.test.WatchDog.cancel(): canceling Mon Apr 06 13:47:01 UTC 2020
------------------ testing $PTII/ptolemy/domains/de/test/auto/dynamicCausalityInterface1.xml
auto.tcl: Setting watchdog for 200 seconds at Mon Apr 06 13:47:01 UTC 2020
1 ms. Memory: 55296K Free: 31132K (56%)
ptolemy.util.test.WatchDog.cancel(): canceling Mon Apr 06 13:47:01 UTC 2020
auto.tcl: Setting watchdog for 200 seconds at Mon Apr 06 13:47:01 UTC 2020
1 ms. Memory: 55296K Free: 30618K (55%)
ptolemy.util.test.WatchDog.cancel(): canceling Mon Apr 06 13:47:01 UTC 2020
------------------ testing $PTII/ptolemy/domains/de/test/auto/fsm_de_test.xml
auto.tcl: Setting watchdog for 200 seconds at Mon Apr 06 13:47:01 UTC 2020
11 ms. Memory: 55296K Free: 31031K (56%)
ptolemy.util.test.WatchDog.cancel(): canceling Mon Apr 06 13:47:01 UTC 2020
auto.tcl: Setting watchdog for 200 seconds at Mon Apr 06 13:47:01 UTC 2020
10 ms. Memory: 55296K Free: 28983K (52%)
ptolemy.util.test.WatchDog.cancel(): canceling Mon Apr 06 13:47:01 UTC 2020
------------------ testing $PTII/ptolemy/domains/de/test/auto/functionDependencyReconstruction.xml
auto.tcl: Setting watchdog for 200 seconds at Mon Apr 06 13:47:01 UTC 2020
3 ms. Memory: 51200K Free: 20903K (41%)
ptolemy.util.test.WatchDog.cancel(): canceling Mon Apr 06 13:47:01 UTC 2020
auto.tcl: Setting watchdog for 200 seconds at Mon Apr 06 13:47:01 UTC 2020
2 ms. Memory: 51200K Free: 18732K (37%)
ptolemy.util.test.WatchDog.cancel(): canceling Mon Apr 06 13:47:01 UTC 2020
------------------ testing $PTII/ptolemy/domains/de/test/auto/multirate.xml
auto.tcl: Setting watchdog for 200 seconds at Mon Apr 06 13:47:01 UTC 2020
4 ms. Memory: 51200K Free: 29509K (58%)
ptolemy.util.test.WatchDog.cancel(): canceling Mon Apr 06 13:47:01 UTC 2020
auto.tcl: Setting watchdog for 200 seconds at Mon Apr 06 13:47:01 UTC 2020
3 ms. Memory: 51200K Free: 27830K (54%)
ptolemy.util.test.WatchDog.cancel(): canceling Mon Apr 06 13:47:01 UTC 2020
------------------ testing $PTII/ptolemy/domains/de/test/auto/multirate2.xml
auto.tcl: Setting watchdog for 200 seconds at Mon Apr 06 13:47:01 UTC 2020
2 ms. Memory: 51200K Free: 29531K (58%)
ptolemy.util.test.WatchDog.cancel(): canceling Mon Apr 06 13:47:01 UTC 2020
auto.tcl: Setting watchdog for 200 seconds at Mon Apr 06 13:47:01 UTC 2020
3 ms. Memory: 51200K Free: 28011K (55%)
ptolemy.util.test.WatchDog.cancel(): canceling Mon Apr 06 13:47:01 UTC 2020
------------------ testing $PTII/ptolemy/domains/de/test/auto/realtime.xml
auto.tcl: Setting watchdog for 200 seconds at Mon Apr 06 13:47:01 UTC 2020
10002 ms. Memory: 51200K Free: 31807K (62%)
ptolemy.util.test.WatchDog.cancel(): canceling Mon Apr 06 13:47:11 UTC 2020
auto.tcl: Setting watchdog for 200 seconds at Mon Apr 06 13:47:11 UTC 2020
10002 ms. Memory: 51200K Free: 31263K (61%)
ptolemy.util.test.WatchDog.cancel(): canceling Mon Apr 06 13:47:21 UTC 2020
------------------ testing $PTII/ptolemy/domains/de/test/auto/relationGroup.xml
auto.tcl: Setting watchdog for 200 seconds at Mon Apr 06 13:47:21 UTC 2020
2 ms. Memory: 51200K Free: 32896K (64%)
ptolemy.util.test.WatchDog.cancel(): canceling Mon Apr 06 13:47:21 UTC 2020
auto.tcl: Setting watchdog for 200 seconds at Mon Apr 06 13:47:21 UTC 2020
1 ms. Memory: 51200K Free: 32362K (63%)
ptolemy.util.test.WatchDog.cancel(): canceling Mon Apr 06 13:47:21 UTC 2020
------------------ testing $PTII/ptolemy/domains/de/test/auto/relationGroup2.xml
auto.tcl: Setting watchdog for 200 seconds at Mon Apr 06 13:47:21 UTC 2020
1 ms. Memory: 51200K Free: 32922K (64%)
ptolemy.util.test.WatchDog.cancel(): canceling Mon Apr 06 13:47:21 UTC 2020
auto.tcl: Setting watchdog for 200 seconds at Mon Apr 06 13:47:21 UTC 2020
2 ms. Memory: 51200K Free: 32410K (63%)
ptolemy.util.test.WatchDog.cancel(): canceling Mon Apr 06 13:47:21 UTC 2020
------------------ testing $PTII/ptolemy/domains/de/test/auto/sortWithOpaquePorts.xml
auto.tcl: Setting watchdog for 200 seconds at Mon Apr 06 13:47:21 UTC 2020
2 ms. Memory: 51200K Free: 31660K (62%)
ptolemy.util.test.WatchDog.cancel(): canceling Mon Apr 06 13:47:21 UTC 2020
auto.tcl: Setting watchdog for 200 seconds at Mon Apr 06 13:47:21 UTC 2020
2 ms. Memory: 51200K Free: 30636K (60%)
ptolemy.util.test.WatchDog.cancel(): canceling Mon Apr 06 13:47:21 UTC 2020
------------------ testing $PTII/ptolemy/domains/de/test/auto/transferInputsandOutputs.xml
auto.tcl: Setting watchdog for 200 seconds at Mon Apr 06 13:47:21 UTC 2020
4 ms. Memory: 51200K Free: 29103K (57%)
ptolemy.util.test.WatchDog.cancel(): canceling Mon Apr 06 13:47:21 UTC 2020
auto.tcl: Setting watchdog for 200 seconds at Mon Apr 06 13:47:21 UTC 2020
3 ms. Memory: 51200K Free: 28079K (55%)
ptolemy.util.test.WatchDog.cancel(): canceling Mon Apr 06 13:47:21 UTC 2020
------------------ testing $PTII/ptolemy/domains/de/test/auto/triggerType.xml
auto.tcl: Setting watchdog for 200 seconds at Mon Apr 06 13:47:21 UTC 2020
1 ms. Memory: 51200K Free: 32128K (63%)
ptolemy.util.test.WatchDog.cancel(): canceling Mon Apr 06 13:47:21 UTC 2020
auto.tcl: Setting watchdog for 200 seconds at Mon Apr 06 13:47:21 UTC 2020
2 ms. Memory: 51200K Free: 31104K (61%)
ptolemy.util.test.WatchDog.cancel(): canceling Mon Apr 06 13:47:21 UTC 2020
04/06/20 01:47:21
Failed: 0  Total Tests: 192  ((Passed: 187, Newly Passed: 1)  Known Failed: 5) /home/travis/build/icyphy/ptII/ptolemy/domains/de/test
04/06/20 01:47:21
Failed: 0  Total Tests: 192  ((Passed: 187, Newly Passed: 1)  Known Failed: 5) /home/travis/build/icyphy/ptII/ptolemy/domains/de/test
----------------- testing (KnownFailure) /home/travis/build/icyphy/ptII/ptolemy/domains/de/test/auto/knownFailedTests/DESDFClockTest.xml
2026 ms. Memory: 51200K Free: 25523K (50%)
Known Failure: java.lang.reflect.InvocationTargetException
----------------- testing (KnownFailure) /home/travis/build/icyphy/ptII/ptolemy/domains/de/test/auto/knownFailedTests/DirectFeedback.xml
1 ms. Memory: 51200K Free: 21941K (43%)
Known Failure: java.lang.reflect.InvocationTargetException
----------------- testing (KnownFailure) /home/travis/build/icyphy/ptII/ptolemy/domains/de/test/auto/knownFailedTests/FSMSource.xml
7 ms. Memory: 51200K Free: 14245K (28%)
----------------- testing (KnownFailure) /home/travis/build/icyphy/ptII/ptolemy/domains/de/test/auto/knownFailedTests/HierarchicalModel.xml
4 ms. Memory: 51200K Free: 26013K (51%)
Known Failure: java.lang.reflect.InvocationTargetException
----------------- testing (KnownFailure) /home/travis/build/icyphy/ptII/ptolemy/domains/de/test/auto/knownFailedTests/dependencyLoop.xml
2 ms. Memory: 51200K Free: 10173K (20%)
Known Failure: java.lang.reflect.InvocationTargetException
----------------- testing (KnownFailure) /home/travis/build/icyphy/ptII/ptolemy/domains/de/test/auto/knownFailedTests/dependencyLoop2.xml
2 ms. Memory: 51200K Free: 22893K (45%)
Known Failure: java.lang.reflect.InvocationTargetException
No auto/linux-amd64/*.xml tests in /home/travis/build/icyphy/ptII/ptolemy/domains/de/test
AutoTests.java: About to close Vertx.
AutoTests.java: Vertx closed.

===========================================================================================
----------------- testing Mon Apr 06 13:47:24 UTC 2020 /home/travis/build/icyphy/ptII/ptolemy/domains/de/test/auto/ActorDepthCalculation_actorWithoutPorts.xml
----------------- Instantiating /home/travis/build/icyphy/ptII/ptolemy/domains/de/test/auto/ActorDepthCalculation_actorWithoutPorts.xml
2 ms. Memory: 51200K Free: 16103K (31%)
----------------- Invoking toplevel() on ptolemy.moml.MoMLSimpleApplication@4821d465
----------------- Done invoking toplevel() on ptolemy.moml.MoMLSimpleApplication@4821d465
reloadAllAccessors: .ActorDepthCalculation_actorWithoutPorts

===========================================================================================
----------------- testing Mon Apr 06 13:47:24 UTC 2020 /home/travis/build/icyphy/ptII/ptolemy/domains/de/test/auto/AssemblyLine.xml
----------------- Instantiating /home/travis/build/icyphy/ptII/ptolemy/domains/de/test/auto/AssemblyLine.xml
3 ms. Memory: 51200K Free: 8935K (17%)
----------------- Invoking toplevel() on ptolemy.moml.MoMLSimpleApplication@5a517e5
----------------- Done invoking toplevel() on ptolemy.moml.MoMLSimpleApplication@5a517e5
reloadAllAccessors: .AssemblyLine

===========================================================================================
----------------- testing Mon Apr 06 13:47:24 UTC 2020 /home/travis/build/icyphy/ptII/ptolemy/domains/de/test/auto/CQBug1.xml
----------------- Instantiating /home/travis/build/icyphy/ptII/ptolemy/domains/de/test/auto/CQBug1.xml
1 ms. Memory: 51200K Free: 33936K (66%)
----------------- Invoking toplevel() on ptolemy.moml.MoMLSimpleApplication@7ac096c4
----------------- Done invoking toplevel() on ptolemy.moml.MoMLSimpleApplication@7ac096c4
reloadAllAccessors: .CQBug1

===========================================================================================
----------------- testing Mon Apr 06 13:47:24 UTC 2020 /home/travis/build/icyphy/ptII/ptolemy/domains/de/test/auto/CancelFireAt.xml
----------------- Instantiating /home/travis/build/icyphy/ptII/ptolemy/domains/de/test/auto/CancelFireAt.xml
2 ms. Memory: 51200K Free: 31531K (62%)
----------------- Invoking toplevel() on ptolemy.moml.MoMLSimpleApplication@1a59ec86
----------------- Done invoking toplevel() on ptolemy.moml.MoMLSimpleApplication@1a59ec86
reloadAllAccessors: .CancelFireAt

===========================================================================================
----------------- testing Mon Apr 06 13:47:24 UTC 2020 /home/travis/build/icyphy/ptII/ptolemy/domains/de/test/auto/CausalityAndComposabilityAnalysis.xml
----------------- Instantiating /home/travis/build/icyphy/ptII/ptolemy/domains/de/test/auto/CausalityAndComposabilityAnalysis.xml
2 ms. Memory: 51200K Free: 27166K (53%)
----------------- Invoking toplevel() on ptolemy.moml.MoMLSimpleApplication@774d4465
----------------- Done invoking toplevel() on ptolemy.moml.MoMLSimpleApplication@774d4465
reloadAllAccessors: .CausalityAndComposabilityAnalysis

===========================================================================================
----------------- testing Mon Apr 06 13:47:24 UTC 2020 /home/travis/build/icyphy/ptII/ptolemy/domains/de/test/auto/CausalityInterface1.xml
----------------- Instantiating /home/travis/build/icyphy/ptII/ptolemy/domains/de/test/auto/CausalityInterface1.xml
5 ms. Memory: 51200K Free: 22103K (43%)
----------------- Invoking toplevel() on ptolemy.moml.MoMLSimpleApplication@44556b74
----------------- Done invoking toplevel() on ptolemy.moml.MoMLSimpleApplication@44556b74
reloadAllAccessors: .CausalityInterface1

===========================================================================================
----------------- testing Mon Apr 06 13:47:24 UTC 2020 /home/travis/build/icyphy/ptII/ptolemy/domains/de/test/auto/CausalityInterface15.xml
----------------- Instantiating /home/travis/build/icyphy/ptII/ptolemy/domains/de/test/auto/CausalityInterface15.xml
2 ms. Memory: 51200K Free: 16712K (33%)
----------------- Invoking toplevel() on ptolemy.moml.MoMLSimpleApplication@9eef35
----------------- Done invoking toplevel() on ptolemy.moml.MoMLSimpleApplication@9eef35
reloadAllAccessors: .CausalityInterface15

===========================================================================================
----------------- testing Mon Apr 06 13:47:24 UTC 2020 /home/travis/build/icyphy/ptII/ptolemy/domains/de/test/auto/CausalityInterface2.xml
----------------- Instantiating /home/travis/build/icyphy/ptII/ptolemy/domains/de/test/auto/CausalityInterface2.xml
1 ms. Memory: 51200K Free: 12123K (24%)
[...]
	at ptolemy.actor.Manager.run(Manager.java:1263)
	at ptolemy.actor.Manager$PtolemyRunThread.run(Manager.java:1933)
java.lang.RuntimeException: Execution failed
	at ptolemy.moml.MoMLSimpleApplication$UnloadThread.run(MoMLSimpleApplication.java:402)
Caused by: ptolemy.kernel.util.IllegalActionException: Actor is not ready to fire.  Perhaps UpSample.prefire() returned false? Try debugging the actor by selecting "Listen to Actor".  Also, for SDF check moml for tokenConsumptionRate on input.
  in .DESDFClockTest.Play Bell.Copy1:SDF Director and .DESDFClockTest.Play Bell.UpSample
	at ptolemy.actor.sched.StaticSchedulingDirector.fire(StaticSchedulingDirector.java:227)
	at ptolemy.domains.sdf.kernel.SDFDirector.fire(SDFDirector.java:500)
	at ptolemy.actor.CompositeActor.fire(CompositeActor.java:455)
	at ptolemy.domains.de.kernel.DEDirector._fire(DEDirector.java:1949)
	at ptolemy.domains.de.kernel.DEDirector.fire(DEDirector.java:502)
	at ptolemy.actor.CompositeActor.fire(CompositeActor.java:455)
	at ptolemy.actor.Manager.iterate(Manager.java:851)
	at ptolemy.actor.Manager.execute(Manager.java:369)
	at ptolemy.actor.Manager.run(Manager.java:1263)
	at ptolemy.actor.Manager$PtolemyRunThread.run(Manager.java:1933)
java.lang.reflect.InvocationTargetException
	at java.base/jdk.internal.reflect.NativeConstructorAccessorImpl.newInstance0(Native Method)
	at java.base/jdk.internal.reflect.NativeConstructorAccessorImpl.newInstance(NativeConstructorAccessorImpl.java:62)
	at java.base/jdk.internal.reflect.DelegatingConstructorAccessorImpl.newInstance(DelegatingConstructorAccessorImpl.java:45)
	at java.base/java.lang.reflect.Constructor.newInstance(Constructor.java:490)
	at ptolemy.util.test.junit.AutoKnownFailedTests.RunModel(AutoKnownFailedTests.java:105)
	at java.base/jdk.internal.reflect.NativeMethodAccessorImpl.invoke0(Native Method)
	at java.base/jdk.internal.reflect.NativeMethodAccessorImpl.invoke(NativeMethodAccessorImpl.java:62)
	at java.base/jdk.internal.reflect.DelegatingMethodAccessorImpl.invoke(DelegatingMethodAccessorImpl.java:43)
	at java.base/java.lang.reflect.Method.invoke(Method.java:566)
	at org.junit.runners.model.FrameworkMethod$1.runReflectiveCall(FrameworkMethod.java:44)
	at org.junit.internal.runners.model.ReflectiveCallable.run(ReflectiveCallable.java:15)
	at org.junit.runners.model.FrameworkMethod.invokeExplosively(FrameworkMethod.java:41)
	at junitparams.internal.InvokeParameterisedMethod.evaluate(InvokeParameterisedMethod.java:102)
	at org.junit.internal.runners.statements.FailOnTimeout$1.run(FailOnTimeout.java:28)
Caused by: ptolemy.kernel.util.IllegalActionException: Actor is not ready to fire.  Perhaps UpSample.prefire() returned false? Try debugging the actor by selecting "Listen to Actor".  Also, for SDF check moml for tokenConsumptionRate on input.
  in .DESDFClockTest.Play Bell.Copy1:SDF Director and .DESDFClockTest.Play Bell.UpSample
	at ptolemy.actor.sched.StaticSchedulingDirector.fire(StaticSchedulingDirector.java:227)
	at ptolemy.domains.sdf.kernel.SDFDirector.fire(SDFDirector.java:500)
	at ptolemy.actor.CompositeActor.fire(CompositeActor.java:455)
	at ptolemy.domains.de.kernel.DEDirector._fire(DEDirector.java:1949)
	at ptolemy.domains.de.kernel.DEDirector.fire(DEDirector.java:502)
	at ptolemy.actor.CompositeActor.fire(CompositeActor.java:455)
	at ptolemy.actor.Manager.iterate(Manager.java:851)
	at ptolemy.actor.Manager.execute(Manager.java:369)
	at ptolemy.actor.Manager.run(Manager.java:1263)
	at ptolemy.actor.Manager$PtolemyRunThread.run(Manager.java:1933)
java.lang.RuntimeException: Execution failed
	at ptolemy.moml.MoMLSimpleApplication$UnloadThread.run(MoMLSimpleApplication.java:402)
Caused by: ptolemy.kernel.util.IllegalActionException: Test fails in iteration 1.
Value was: 1.0. Should have been: 2.0
  in .DirectFeedback.Test
	at ptolemy.actor.lib.Test.fire(Test.java:268)
	at ptolemy.domains.de.kernel.DEDirector._fire(DEDirector.java:1949)
	at ptolemy.domains.de.kernel.DEDirector.fire(DEDirector.java:502)
	at ptolemy.actor.CompositeActor.fire(CompositeActor.java:455)
	at ptolemy.actor.Manager.iterate(Manager.java:851)
	at ptolemy.actor.Manager.execute(Manager.java:369)
	at ptolemy.actor.Manager.run(Manager.java:1263)
	at ptolemy.actor.Manager$PtolemyRunThread.run(Manager.java:1933)
java.lang.reflect.InvocationTargetException
	at java.base/jdk.internal.reflect.NativeConstructorAccessorImpl.newInstance0(Native Method)
	at java.base/jdk.internal.reflect.NativeConstructorAccessorImpl.newInstance(NativeConstructorAccessorImpl.java:62)
	at java.base/jdk.internal.reflect.DelegatingConstructorAccessorImpl.newInstance(DelegatingConstructorAccessorImpl.java:45)
	at java.base/java.lang.reflect.Constructor.newInstance(Constructor.java:490)
	at ptolemy.util.test.junit.AutoKnownFailedTests.RunModel(AutoKnownFailedTests.java:105)
	at java.base/jdk.internal.reflect.NativeMethodAccessorImpl.invoke0(Native Method)
	at java.base/jdk.internal.reflect.NativeMethodAccessorImpl.invoke(NativeMethodAccessorImpl.java:62)
	at java.base/jdk.internal.reflect.DelegatingMethodAccessorImpl.invoke(DelegatingMethodAccessorImpl.java:43)
	at java.base/java.lang.reflect.Method.invoke(Method.java:566)
	at org.junit.runners.model.FrameworkMethod$1.runReflectiveCall(FrameworkMethod.java:44)
	at org.junit.internal.runners.model.ReflectiveCallable.run(ReflectiveCallable.java:15)
	at org.junit.runners.model.FrameworkMethod.invokeExplosively(FrameworkMethod.java:41)
	at junitparams.internal.InvokeParameterisedMethod.evaluate(InvokeParameterisedMethod.java:102)
	at org.junit.internal.runners.statements.FailOnTimeout$1.run(FailOnTimeout.java:28)
Caused by: ptolemy.kernel.util.IllegalActionException: Test fails in iteration 1.
Value was: 1.0. Should have been: 2.0
  in .DirectFeedback.Test
	at ptolemy.actor.lib.Test.fire(Test.java:268)
	at ptolemy.domains.de.kernel.DEDirector._fire(DEDirector.java:1949)
	at ptolemy.domains.de.kernel.DEDirector.fire(DEDirector.java:502)
	at ptolemy.actor.CompositeActor.fire(CompositeActor.java:455)
	at ptolemy.actor.Manager.iterate(Manager.java:851)
	at ptolemy.actor.Manager.execute(Manager.java:369)
	at ptolemy.actor.Manager.run(Manager.java:1263)
	at ptolemy.actor.Manager$PtolemyRunThread.run(Manager.java:1933)
java.lang.RuntimeException: Execution failed
	at ptolemy.moml.MoMLSimpleApplication$UnloadThread.run(MoMLSimpleApplication.java:402)
Caused by: ptolemy.kernel.util.IllegalActionException: Found a zero delay loop containing .HierarchicalModel.A
  in .HierarchicalModel and .HierarchicalModel.A
	at ptolemy.actor.util.CausalityInterfaceForComposites._computeOutputPortDepth(CausalityInterfaceForComposites.java:759)
	at ptolemy.actor.util.CausalityInterfaceForComposites._computeInputDepth(CausalityInterfaceForComposites.java:696)
	at ptolemy.actor.util.CausalityInterfaceForComposites._computeOutputPortDepth(CausalityInterfaceForComposites.java:765)
	at ptolemy.actor.util.CausalityInterfaceForComposites._computeInputDepth(CausalityInterfaceForComposites.java:696)
	at ptolemy.actor.util.CausalityInterfaceForComposites._computeOutputPortDepth(CausalityInterfaceForComposites.java:765)
	at ptolemy.actor.util.CausalityInterfaceForComposites._computeInputDepth(CausalityInterfaceForComposites.java:696)
	at ptolemy.actor.util.CausalityInterfaceForComposites._computeActorDepth(CausalityInterfaceForComposites.java:532)
	at ptolemy.actor.util.CausalityInterfaceForComposites.checkForCycles(CausalityInterfaceForComposites.java:96)
	at ptolemy.domains.de.kernel.DEDirector.preinitialize(DEDirector.java:1338)
	at ptolemy.actor.CompositeActor.preinitialize(CompositeActor.java:1828)
	at ptolemy.actor.Manager.preinitializeAndResolveTypes(Manager.java:1040)
	at ptolemy.actor.Manager.initialize(Manager.java:710)
	at ptolemy.actor.Manager.execute(Manager.java:356)
	at ptolemy.actor.Manager.run(Manager.java:1263)
	at ptolemy.actor.Manager$PtolemyRunThread.run(Manager.java:1933)
java.lang.reflect.InvocationTargetException
	at java.base/jdk.internal.reflect.NativeConstructorAccessorImpl.newInstance0(Native Method)
	at java.base/jdk.internal.reflect.NativeConstructorAccessorImpl.newInstance(NativeConstructorAccessorImpl.java:62)
	at java.base/jdk.internal.reflect.DelegatingConstructorAccessorImpl.newInstance(DelegatingConstructorAccessorImpl.java:45)
	at java.base/java.lang.reflect.Constructor.newInstance(Constructor.java:490)
	at ptolemy.util.test.junit.AutoKnownFailedTests.RunModel(AutoKnownFailedTests.java:105)
	at java.base/jdk.internal.reflect.NativeMethodAccessorImpl.invoke0(Native Method)
	at java.base/jdk.internal.reflect.NativeMethodAccessorImpl.invoke(NativeMethodAccessorImpl.java:62)
	at java.base/jdk.internal.reflect.DelegatingMethodAccessorImpl.invoke(DelegatingMethodAccessorImpl.java:43)
	at java.base/java.lang.reflect.Method.invoke(Method.java:566)
	at org.junit.runners.model.FrameworkMethod$1.runReflectiveCall(FrameworkMethod.java:44)
	at org.junit.internal.runners.model.ReflectiveCallable.run(ReflectiveCallable.java:15)
	at org.junit.runners.model.FrameworkMethod.invokeExplosively(FrameworkMethod.java:41)
	at junitparams.internal.InvokeParameterisedMethod.evaluate(InvokeParameterisedMethod.java:102)
	at org.junit.internal.runners.statements.FailOnTimeout$1.run(FailOnTimeout.java:28)
Caused by: ptolemy.kernel.util.IllegalActionException: Found a zero delay loop containing .HierarchicalModel.A
  in .HierarchicalModel and .HierarchicalModel.A
	at ptolemy.actor.util.CausalityInterfaceForComposites._computeOutputPortDepth(CausalityInterfaceForComposites.java:759)
	at ptolemy.actor.util.CausalityInterfaceForComposites._computeInputDepth(CausalityInterfaceForComposites.java:696)
	at ptolemy.actor.util.CausalityInterfaceForComposites._computeOutputPortDepth(CausalityInterfaceForComposites.java:765)
	at ptolemy.actor.util.CausalityInterfaceForComposites._computeInputDepth(CausalityInterfaceForComposites.java:696)
	at ptolemy.actor.util.CausalityInterfaceForComposites._computeOutputPortDepth(CausalityInterfaceForComposites.java:765)
	at ptolemy.actor.util.CausalityInterfaceForComposites._computeInputDepth(CausalityInterfaceForComposites.java:696)
	at ptolemy.actor.util.CausalityInterfaceForComposites._computeActorDepth(CausalityInterfaceForComposites.java:532)
	at ptolemy.actor.util.CausalityInterfaceForComposites.checkForCycles(CausalityInterfaceForComposites.java:96)
	at ptolemy.domains.de.kernel.DEDirector.preinitialize(DEDirector.java:1338)
	at ptolemy.actor.CompositeActor.preinitialize(CompositeActor.java:1828)
	at ptolemy.actor.Manager.preinitializeAndResolveTypes(Manager.java:1040)
	at ptolemy.actor.Manager.initialize(Manager.java:710)
	at ptolemy.actor.Manager.execute(Manager.java:356)
	at ptolemy.actor.Manager.run(Manager.java:1263)
	at ptolemy.actor.Manager$PtolemyRunThread.run(Manager.java:1933)
java.lang.RuntimeException: Execution failed
	at ptolemy.moml.MoMLSimpleApplication$UnloadThread.run(MoMLSimpleApplication.java:402)
Caused by: ptolemy.kernel.util.IllegalActionException: Found a zero delay loop containing .dependencyLoop.original
  in .dependencyLoop and .dependencyLoop.original
	at ptolemy.actor.util.CausalityInterfaceForComposites._computeOutputPortDepth(CausalityInterfaceForComposites.java:759)
	at ptolemy.actor.util.CausalityInterfaceForComposites._computeInputDepth(CausalityInterfaceForComposites.java:696)
	at ptolemy.actor.util.CausalityInterfaceForComposites._computeOutputPortDepth(CausalityInterfaceForComposites.java:765)
	at ptolemy.actor.util.CausalityInterfaceForComposites._computeInputDepth(CausalityInterfaceForComposites.java:696)
	at ptolemy.actor.util.CausalityInterfaceForComposites._computeOutputPortDepth(CausalityInterfaceForComposites.java:765)
	at ptolemy.actor.util.CausalityInterfaceForComposites._computeInputDepth(CausalityInterfaceForComposites.java:696)
	at ptolemy.actor.util.CausalityInterfaceForComposites._computeActorDepth(CausalityInterfaceForComposites.java:532)
	at ptolemy.actor.util.CausalityInterfaceForComposites.checkForCycles(CausalityInterfaceForComposites.java:96)
	at ptolemy.domains.de.kernel.DEDirector.preinitialize(DEDirector.java:1338)
	at ptolemy.actor.CompositeActor.preinitialize(CompositeActor.java:1828)
	at ptolemy.actor.Manager.preinitializeAndResolveTypes(Manager.java:1040)
	at ptolemy.actor.Manager.initialize(Manager.java:710)
	at ptolemy.actor.Manager.execute(Manager.java:356)
	at ptolemy.actor.Manager.run(Manager.java:1263)
	at ptolemy.actor.Manager$PtolemyRunThread.run(Manager.java:1933)
java.lang.reflect.InvocationTargetException
	at java.base/jdk.internal.reflect.NativeConstructorAccessorImpl.newInstance0(Native Method)
	at java.base/jdk.internal.reflect.NativeConstructorAccessorImpl.newInstance(NativeConstructorAccessorImpl.java:62)
	at java.base/jdk.internal.reflect.DelegatingConstructorAccessorImpl.newInstance(DelegatingConstructorAccessorImpl.java:45)
	at java.base/java.lang.reflect.Constructor.newInstance(Constructor.java:490)
	at ptolemy.util.test.junit.AutoKnownFailedTests.RunModel(AutoKnownFailedTests.java:105)
	at java.base/jdk.internal.reflect.NativeMethodAccessorImpl.invoke0(Native Method)
	at java.base/jdk.internal.reflect.NativeMethodAccessorImpl.invoke(NativeMethodAccessorImpl.java:62)
	at java.base/jdk.internal.reflect.DelegatingMethodAccessorImpl.invoke(DelegatingMethodAccessorImpl.java:43)
	at java.base/java.lang.reflect.Method.invoke(Method.java:566)
	at org.junit.runners.model.FrameworkMethod$1.runReflectiveCall(FrameworkMethod.java:44)
	at org.junit.internal.runners.model.ReflectiveCallable.run(ReflectiveCallable.java:15)
	at org.junit.runners.model.FrameworkMethod.invokeExplosively(FrameworkMethod.java:41)
	at junitparams.internal.InvokeParameterisedMethod.evaluate(InvokeParameterisedMethod.java:102)
	at org.junit.internal.runners.statements.FailOnTimeout$1.run(FailOnTimeout.java:28)
Caused by: ptolemy.kernel.util.IllegalActionException: Found a zero delay loop containing .dependencyLoop.original
  in .dependencyLoop and .dependencyLoop.original
	at ptolemy.actor.util.CausalityInterfaceForComposites._computeOutputPortDepth(CausalityInterfaceForComposites.java:759)
	at ptolemy.actor.util.CausalityInterfaceForComposites._computeInputDepth(CausalityInterfaceForComposites.java:696)
	at ptolemy.actor.util.CausalityInterfaceForComposites._computeOutputPortDepth(CausalityInterfaceForComposites.java:765)
	at ptolemy.actor.util.CausalityInterfaceForComposites._computeInputDepth(CausalityInterfaceForComposites.java:696)
	at ptolemy.actor.util.CausalityInterfaceForComposites._computeOutputPortDepth(CausalityInterfaceForComposites.java:765)
	at ptolemy.actor.util.CausalityInterfaceForComposites._computeInputDepth(CausalityInterfaceForComposites.java:696)
	at ptolemy.actor.util.CausalityInterfaceForComposites._computeActorDepth(CausalityInterfaceForComposites.java:532)
	at ptolemy.actor.util.CausalityInterfaceForComposites.checkForCycles(CausalityInterfaceForComposites.java:96)
	at ptolemy.domains.de.kernel.DEDirector.preinitialize(DEDirector.java:1338)
	at ptolemy.actor.CompositeActor.preinitialize(CompositeActor.java:1828)
	at ptolemy.actor.Manager.preinitializeAndResolveTypes(Manager.java:1040)
	at ptolemy.actor.Manager.initialize(Manager.java:710)
	at ptolemy.actor.Manager.execute(Manager.java:356)
	at ptolemy.actor.Manager.run(Manager.java:1263)
	at ptolemy.actor.Manager$PtolemyRunThread.run(Manager.java:1933)
java.lang.RuntimeException: Execution failed
	at ptolemy.moml.MoMLSimpleApplication$UnloadThread.run(MoMLSimpleApplication.java:402)
Caused by: ptolemy.kernel.util.IllegalActionException: Found a zero delay loop containing .dependencyLoop2.original
  in .dependencyLoop2 and .dependencyLoop2.original
	at ptolemy.actor.util.CausalityInterfaceForComposites._computeOutputPortDepth(CausalityInterfaceForComposites.java:759)
	at ptolemy.actor.util.CausalityInterfaceForComposites._computeInputDepth(CausalityInterfaceForComposites.java:696)
	at ptolemy.actor.util.CausalityInterfaceForComposites._computeOutputPortDepth(CausalityInterfaceForComposites.java:765)
	at ptolemy.actor.util.CausalityInterfaceForComposites._computeInputDepth(CausalityInterfaceForComposites.java:696)
	at ptolemy.actor.util.CausalityInterfaceForComposites._computeOutputPortDepth(CausalityInterfaceForComposites.java:765)
	at ptolemy.actor.util.CausalityInterfaceForComposites._computeInputDepth(CausalityInterfaceForComposites.java:696)
	at ptolemy.actor.util.CausalityInterfaceForComposites._computeActorDepth(CausalityInterfaceForComposites.java:532)
	at ptolemy.actor.util.CausalityInterfaceForComposites.checkForCycles(CausalityInterfaceForComposites.java:96)
	at ptolemy.domains.de.kernel.DEDirector.preinitialize(DEDirector.java:1338)
	at ptolemy.actor.CompositeActor.preinitialize(CompositeActor.java:1828)
	at ptolemy.actor.Manager.preinitializeAndResolveTypes(Manager.java:1040)
	at ptolemy.actor.Manager.initialize(Manager.java:710)
	at ptolemy.actor.Manager.execute(Manager.java:356)
	at ptolemy.actor.Manager.run(Manager.java:1263)
	at ptolemy.actor.Manager$PtolemyRunThread.run(Manager.java:1933)
java.lang.reflect.InvocationTargetException
	at java.base/jdk.internal.reflect.NativeConstructorAccessorImpl.newInstance0(Native Method)
	at java.base/jdk.internal.reflect.NativeConstructorAccessorImpl.newInstance(NativeConstructorAccessorImpl.java:62)
	at java.base/jdk.internal.reflect.DelegatingConstructorAccessorImpl.newInstance(DelegatingConstructorAccessorImpl.java:45)
	at java.base/java.lang.reflect.Constructor.newInstance(Constructor.java:490)
	at ptolemy.util.test.junit.AutoKnownFailedTests.RunModel(AutoKnownFailedTests.java:105)
	at java.base/jdk.internal.reflect.NativeMethodAccessorImpl.invoke0(Native Method)
	at java.base/jdk.internal.reflect.NativeMethodAccessorImpl.invoke(NativeMethodAccessorImpl.java:62)
	at java.base/jdk.internal.reflect.DelegatingMethodAccessorImpl.invoke(DelegatingMethodAccessorImpl.java:43)
	at java.base/java.lang.reflect.Method.invoke(Method.java:566)
	at org.junit.runners.model.FrameworkMethod$1.runReflectiveCall(FrameworkMethod.java:44)
	at org.junit.internal.runners.model.ReflectiveCallable.run(ReflectiveCallable.java:15)
	at org.junit.runners.model.FrameworkMethod.invokeExplosively(FrameworkMethod.java:41)
	at junitparams.internal.InvokeParameterisedMethod.evaluate(InvokeParameterisedMethod.java:102)
	at org.junit.internal.runners.statements.FailOnTimeout$1.run(FailOnTimeout.java:28)
Caused by: ptolemy.kernel.util.IllegalActionException: Found a zero delay loop containing .dependencyLoop2.original
  in .dependencyLoop2 and .dependencyLoop2.original
	at ptolemy.actor.util.CausalityInterfaceForComposites._computeOutputPortDepth(CausalityInterfaceForComposites.java:759)
	at ptolemy.actor.util.CausalityInterfaceForComposites._computeInputDepth(CausalityInterfaceForComposites.java:696)
	at ptolemy.actor.util.CausalityInterfaceForComposites._computeOutputPortDepth(CausalityInterfaceForComposites.java:765)
	at ptolemy.actor.util.CausalityInterfaceForComposites._computeInputDepth(CausalityInterfaceForComposites.java:696)
	at ptolemy.actor.util.CausalityInterfaceForComposites._computeOutputPortDepth(CausalityInterfaceForComposites.java:765)
	at ptolemy.actor.util.CausalityInterfaceForComposites._computeInputDepth(CausalityInterfaceForComposites.java:696)
	at ptolemy.actor.util.CausalityInterfaceForComposites._computeActorDepth(CausalityInterfaceForComposites.java:532)
	at ptolemy.actor.util.CausalityInterfaceForComposites.checkForCycles(CausalityInterfaceForComposites.java:96)
	at ptolemy.domains.de.kernel.DEDirector.preinitialize(DEDirector.java:1338)
	at ptolemy.actor.CompositeActor.preinitialize(CompositeActor.java:1828)
	at ptolemy.actor.Manager.preinitializeAndResolveTypes(Manager.java:1040)
	at ptolemy.actor.Manager.initialize(Manager.java:710)
	at ptolemy.actor.Manager.execute(Manager.java:356)
	at ptolemy.actor.Manager.run(Manager.java:1263)
	at ptolemy.actor.Manager$PtolemyRunThread.run(Manager.java:1933)
]]></system-err>
</testsuite>
