<?xml version="1.0" encoding="UTF-8" ?>
<testsuite errors="0" failures="0" hostname="travis-job-24eaa764-ba53-4bc5-a18b-274af576d0ab" name="ptolemy.actor.lib.hoc.test.junit.JUnitTclTest" skipped="0" tests="58" time="34.51" timestamp="2019-10-31T06:15:47">
  <properties>
[...]
</properties>
  <testcase classname="ptolemy.util.test.junit.TclTests" name="[0] /home/travis/build/icyphy/ptII/ptolemy/actor/lib/hoc/test/IterateOverArray.tcl (RunTclFile)" time="0.269" />
  <testcase classname="ptolemy.util.test.junit.AutoKnownFailedTests" name="[0] /home/travis/build/icyphy/ptII/ptolemy/actor/lib/hoc/test/auto/knownFailedTests/PreinitializeMustBeInvokedRunComposite.xml (RunModel)" time="0.447" />
  <testcase classname="ptolemy.util.test.junit.AutoNameArchTests" name="[0] ThereAreNoAutoArchTests (RunModel)" time="0.005" />
  <testcase classname="ptolemy.util.test.junit.AutoTests" name="[0] /home/travis/build/icyphy/ptII/ptolemy/actor/lib/hoc/test/auto/AllToAllMultiInstanceComposite.xml (RunModel)" time="0.621" />
  <testcase classname="ptolemy.util.test.junit.AutoTests" name="[1] /home/travis/build/icyphy/ptII/ptolemy/actor/lib/hoc/test/auto/ApplyFFTTest.xml (RunModel)" time="0.471" />
  <testcase classname="ptolemy.util.test.junit.AutoTests" name="[2] /home/travis/build/icyphy/ptII/ptolemy/actor/lib/hoc/test/auto/ApplyFunction.xml (RunModel)" time="0.066" />
  <testcase classname="ptolemy.util.test.junit.AutoTests" name="[3] /home/travis/build/icyphy/ptII/ptolemy/actor/lib/hoc/test/auto/BackgroundExecution.xml (RunModel)" time="0.75" />
  <testcase classname="ptolemy.util.test.junit.AutoTests" name="[4] /home/travis/build/icyphy/ptII/ptolemy/actor/lib/hoc/test/auto/Case.xml (RunModel)" time="0.083" />
  <testcase classname="ptolemy.util.test.junit.AutoTests" name="[5] /home/travis/build/icyphy/ptII/ptolemy/actor/lib/hoc/test/auto/Case1.xml (RunModel)" time="0.085" />
  <testcase classname="ptolemy.util.test.junit.AutoTests" name="[6] /home/travis/build/icyphy/ptII/ptolemy/actor/lib/hoc/test/auto/Case2.xml (RunModel)" time="0.12" />
  <testcase classname="ptolemy.util.test.junit.AutoTests" name="[7] /home/travis/build/icyphy/ptII/ptolemy/actor/lib/hoc/test/auto/Case3.xml (RunModel)" time="0.064" />
  <testcase classname="ptolemy.util.test.junit.AutoTests" name="[8] /home/travis/build/icyphy/ptII/ptolemy/actor/lib/hoc/test/auto/Case4.xml (RunModel)" time="0.05" />
  <testcase classname="ptolemy.util.test.junit.AutoTests" name="[9] /home/travis/build/icyphy/ptII/ptolemy/actor/lib/hoc/test/auto/Case5.xml (RunModel)" time="0.048" />
  <testcase classname="ptolemy.util.test.junit.AutoTests" name="[10] /home/travis/build/icyphy/ptII/ptolemy/actor/lib/hoc/test/auto/Case6.xml (RunModel)" time="0.113" />
  <testcase classname="ptolemy.util.test.junit.AutoTests" name="[11] /home/travis/build/icyphy/ptII/ptolemy/actor/lib/hoc/test/auto/CaseString2.xml (RunModel)" time="0.061" />
  <testcase classname="ptolemy.util.test.junit.AutoTests" name="[12] /home/travis/build/icyphy/ptII/ptolemy/actor/lib/hoc/test/auto/CatchUpComposite1.xml (RunModel)" time="0.088" />
  <testcase classname="ptolemy.util.test.junit.AutoTests" name="[13] /home/travis/build/icyphy/ptII/ptolemy/actor/lib/hoc/test/auto/CatchUpComposite2.xml (RunModel)" time="0.08" />
  <testcase classname="ptolemy.util.test.junit.AutoTests" name="[14] /home/travis/build/icyphy/ptII/ptolemy/actor/lib/hoc/test/auto/CatchUpComposite3.xml (RunModel)" time="0.068" />
  <testcase classname="ptolemy.util.test.junit.AutoTests" name="[15] /home/travis/build/icyphy/ptII/ptolemy/actor/lib/hoc/test/auto/CatchUpComposite4.xml (RunModel)" time="0.059" />
  <testcase classname="ptolemy.util.test.junit.AutoTests" name="[16] /home/travis/build/icyphy/ptII/ptolemy/actor/lib/hoc/test/auto/CatchUpComposite5.xml (RunModel)" time="0.058" />
  <testcase classname="ptolemy.util.test.junit.AutoTests" name="[17] /home/travis/build/icyphy/ptII/ptolemy/actor/lib/hoc/test/auto/CatchUpComposite6.xml (RunModel)" time="0.188" />
  <testcase classname="ptolemy.util.test.junit.AutoTests" name="[18] /home/travis/build/icyphy/ptII/ptolemy/actor/lib/hoc/test/auto/CatchUpComposite7.xml (RunModel)" time="0.109" />
  <testcase classname="ptolemy.util.test.junit.AutoTests" name="[19] /home/travis/build/icyphy/ptII/ptolemy/actor/lib/hoc/test/auto/ConcurrentExecutionTimeSDF.xml (RunModel)" time="0.668" />
  <testcase classname="ptolemy.util.test.junit.AutoTests" name="[20] /home/travis/build/icyphy/ptII/ptolemy/actor/lib/hoc/test/auto/ConcurrentSleep.xml (RunModel)" time="0.777" />
  <testcase classname="ptolemy.util.test.junit.AutoTests" name="[21] /home/travis/build/icyphy/ptII/ptolemy/actor/lib/hoc/test/auto/DEInPNInRunCompositeActor.xml (RunModel)" time="0.041" />
  <testcase classname="ptolemy.util.test.junit.AutoTests" name="[22] /home/travis/build/icyphy/ptII/ptolemy/actor/lib/hoc/test/auto/DFTSubSetTest.xml (RunModel)" time="0.419" />
  <testcase classname="ptolemy.util.test.junit.AutoTests" name="[23] /home/travis/build/icyphy/ptII/ptolemy/actor/lib/hoc/test/auto/HocDE.xml (RunModel)" time="0.21" />
  <testcase classname="ptolemy.util.test.junit.AutoTests" name="[24] /home/travis/build/icyphy/ptII/ptolemy/actor/lib/hoc/test/auto/IterateOverArray.xml (RunModel)" time="0.025" />
  <testcase classname="ptolemy.util.test.junit.AutoTests" name="[25] /home/travis/build/icyphy/ptII/ptolemy/actor/lib/hoc/test/auto/IterateOverArray10.xml (RunModel)" time="0.029" />
  <testcase classname="ptolemy.util.test.junit.AutoTests" name="[26] /home/travis/build/icyphy/ptII/ptolemy/actor/lib/hoc/test/auto/IterateOverArray11.xml (RunModel)" time="0.033" />
  <testcase classname="ptolemy.util.test.junit.AutoTests" name="[27] /home/travis/build/icyphy/ptII/ptolemy/actor/lib/hoc/test/auto/IterateOverArray12.xml (RunModel)" time="0.07" />
  <testcase classname="ptolemy.util.test.junit.AutoTests" name="[28] /home/travis/build/icyphy/ptII/ptolemy/actor/lib/hoc/test/auto/IterateOverArray13.xml (RunModel)" time="0.194" />
  <testcase classname="ptolemy.util.test.junit.AutoTests" name="[29] /home/travis/build/icyphy/ptII/ptolemy/actor/lib/hoc/test/auto/IterateOverArray14.xml (RunModel)" time="0.135" />
  <testcase classname="ptolemy.util.test.junit.AutoTests" name="[30] /home/travis/build/icyphy/ptII/ptolemy/actor/lib/hoc/test/auto/IterateOverArray2.xml (RunModel)" time="0.022" />
  <testcase classname="ptolemy.util.test.junit.AutoTests" name="[31] /home/travis/build/icyphy/ptII/ptolemy/actor/lib/hoc/test/auto/IterateOverArray3.xml (RunModel)" time="0.029" />
  <testcase classname="ptolemy.util.test.junit.AutoTests" name="[32] /home/travis/build/icyphy/ptII/ptolemy/actor/lib/hoc/test/auto/IterateOverArray4.xml (RunModel)" time="0.016" />
  <testcase classname="ptolemy.util.test.junit.AutoTests" name="[33] /home/travis/build/icyphy/ptII/ptolemy/actor/lib/hoc/test/auto/IterateOverArray5.xml (RunModel)" time="0.016" />
  <testcase classname="ptolemy.util.test.junit.AutoTests" name="[34] /home/travis/build/icyphy/ptII/ptolemy/actor/lib/hoc/test/auto/IterateOverArray6.xml (RunModel)" time="0.018" />
  <testcase classname="ptolemy.util.test.junit.AutoTests" name="[35] /home/travis/build/icyphy/ptII/ptolemy/actor/lib/hoc/test/auto/IterateOverArray7.xml (RunModel)" time="0.03" />
  <testcase classname="ptolemy.util.test.junit.AutoTests" name="[36] /home/travis/build/icyphy/ptII/ptolemy/actor/lib/hoc/test/auto/IterateOverArray8.xml (RunModel)" time="0.015" />
  <testcase classname="ptolemy.util.test.junit.AutoTests" name="[37] /home/travis/build/icyphy/ptII/ptolemy/actor/lib/hoc/test/auto/IterateOverArray9.xml (RunModel)" time="0.031" />
  <testcase classname="ptolemy.util.test.junit.AutoTests" name="[38] /home/travis/build/icyphy/ptII/ptolemy/actor/lib/hoc/test/auto/IterateOverArrayCoercedOutputType.xml (RunModel)" time="0.042" />
  <testcase classname="ptolemy.util.test.junit.AutoTests" name="[39] /home/travis/build/icyphy/ptII/ptolemy/actor/lib/hoc/test/auto/IterateOverArrayInferredOutputType.xml (RunModel)" time="0.028" />
  <testcase classname="ptolemy.util.test.junit.AutoTests" name="[40] /home/travis/build/icyphy/ptII/ptolemy/actor/lib/hoc/test/auto/MobileFunctionTest.xml (RunModel)" time="0.021" />
  <testcase classname="ptolemy.util.test.junit.AutoTests" name="[41] /home/travis/build/icyphy/ptII/ptolemy/actor/lib/hoc/test/auto/MobileModelTest.xml (RunModel)" time="0.147" />
  <testcase classname="ptolemy.util.test.junit.AutoTests" name="[42] /home/travis/build/icyphy/ptII/ptolemy/actor/lib/hoc/test/auto/ModelReference.xml (RunModel)" time="0.084" />
  <testcase classname="ptolemy.util.test.junit.AutoTests" name="[43] /home/travis/build/icyphy/ptII/ptolemy/actor/lib/hoc/test/auto/ModelReference3.xml (RunModel)" time="0.055" />
  <testcase classname="ptolemy.util.test.junit.AutoTests" name="[44] /home/travis/build/icyphy/ptII/ptolemy/actor/lib/hoc/test/auto/ModelReference4.xml (RunModel)" time="10.037" />
  <testcase classname="ptolemy.util.test.junit.AutoTests" name="[45] /home/travis/build/icyphy/ptII/ptolemy/actor/lib/hoc/test/auto/MultiInstanceComposite.xml (RunModel)" time="0.074" />
  <testcase classname="ptolemy.util.test.junit.AutoTests" name="[46] /home/travis/build/icyphy/ptII/ptolemy/actor/lib/hoc/test/auto/MultiInstanceComposite2.xml (RunModel)" time="0.045" />
  <testcase classname="ptolemy.util.test.junit.AutoTests" name="[47] /home/travis/build/icyphy/ptII/ptolemy/actor/lib/hoc/test/auto/MulticoreExecution.xml (RunModel)" time="1.059" />
  <testcase classname="ptolemy.util.test.junit.AutoTests" name="[48] /home/travis/build/icyphy/ptII/ptolemy/actor/lib/hoc/test/auto/ParallelExecution.xml (RunModel)" time="0.932" />
  <testcase classname="ptolemy.util.test.junit.AutoTests" name="[49] /home/travis/build/icyphy/ptII/ptolemy/actor/lib/hoc/test/auto/RunCompositeActor.xml (RunModel)" time="0.041" />
  <testcase classname="ptolemy.util.test.junit.AutoTests" name="[50] /home/travis/build/icyphy/ptII/ptolemy/actor/lib/hoc/test/auto/RunCompositeActor2.xml (RunModel)" time="0.022" />
  <testcase classname="ptolemy.util.test.junit.AutoTests" name="[51] /home/travis/build/icyphy/ptII/ptolemy/actor/lib/hoc/test/auto/RunCompositeActor3.xml (RunModel)" time="0.021" />
  <testcase classname="ptolemy.util.test.junit.AutoTests" name="[52] /home/travis/build/icyphy/ptII/ptolemy/actor/lib/hoc/test/auto/RunCompositeActor4.xml (RunModel)" time="0.054" />
  <testcase classname="ptolemy.util.test.junit.AutoTests" name="[53] /home/travis/build/icyphy/ptII/ptolemy/actor/lib/hoc/test/auto/RunCompositeIterateOverArray.xml (RunModel)" time="0.024" />
  <testcase classname="ptolemy.util.test.junit.AutoTests" name="[54] /home/travis/build/icyphy/ptII/ptolemy/actor/lib/hoc/test/auto/ThreadedJS.xml (RunModel)" time="14.36" />
  <system-out><![CDATA[/home/travis/build/icyphy/ptII/ptolemy/actor/lib/hoc/test/IterateOverArray.tcl
testDefs.tcl: setting time out to 9000 seconds at Thu Oct 31 06:15:48 UTC 2019
10/31/19 06:15:48
Failed: 0  Total Tests: 2  ((Passed: 2, Newly Passed: 0)  Known Failed: 0) /home/travis/build/icyphy/ptII/ptolemy/actor/lib/hoc/test
----------------- testing (KnownFailure) /home/travis/build/icyphy/ptII/ptolemy/actor/lib/hoc/test/auto/knownFailedTests/PreinitializeMustBeInvokedRunComposite.xml
139 ms. Memory: 120832K Free: 79816K (66%)
Known Failure: java.lang.reflect.InvocationTargetException
No auto/linux-amd64/*.xml tests in /home/travis/build/icyphy/ptII/ptolemy/actor/lib/hoc/test
AutoTests.java: About to close Vertx.
AutoTests.java: Vertx closed.

===========================================================================================
----------------- testing Thu Oct 31 06:15:49 UTC 2019 /home/travis/build/icyphy/ptII/ptolemy/actor/lib/hoc/test/auto/AllToAllMultiInstanceComposite.xml
----------------- Instantiating /home/travis/build/icyphy/ptII/ptolemy/actor/lib/hoc/test/auto/AllToAllMultiInstanceComposite.xml
289 ms. Memory: 120832K Free: 93970K (78%)
----------------- Invoking toplevel() on ptolemy.moml.MoMLSimpleApplication@5bce5998
----------------- Done invoking toplevel() on ptolemy.moml.MoMLSimpleApplication@5bce5998
reloadAllAccessors: .AllToAllMultiInstanceComposite

===========================================================================================
----------------- testing Thu Oct 31 06:15:49 UTC 2019 /home/travis/build/icyphy/ptII/ptolemy/actor/lib/hoc/test/auto/ApplyFFTTest.xml
----------------- Instantiating /home/travis/build/icyphy/ptII/ptolemy/actor/lib/hoc/test/auto/ApplyFFTTest.xml
168 ms. Memory: 120832K Free: 102233K (85%)
----------------- Invoking toplevel() on ptolemy.moml.MoMLSimpleApplication@55790b5e
----------------- Done invoking toplevel() on ptolemy.moml.MoMLSimpleApplication@55790b5e
reloadAllAccessors: .ApplyFFTTest

===========================================================================================
----------------- testing Thu Oct 31 06:15:50 UTC 2019 /home/travis/build/icyphy/ptII/ptolemy/actor/lib/hoc/test/auto/ApplyFunction.xml
----------------- Instantiating /home/travis/build/icyphy/ptII/ptolemy/actor/lib/hoc/test/auto/ApplyFunction.xml
19 ms. Memory: 120832K Free: 98495K (82%)
----------------- Invoking toplevel() on ptolemy.moml.MoMLSimpleApplication@6fc3f8c1
----------------- Done invoking toplevel() on ptolemy.moml.MoMLSimpleApplication@6fc3f8c1
reloadAllAccessors: .ApplyFunction

===========================================================================================
----------------- testing Thu Oct 31 06:15:50 UTC 2019 /home/travis/build/icyphy/ptII/ptolemy/actor/lib/hoc/test/auto/BackgroundExecution.xml
----------------- Instantiating /home/travis/build/icyphy/ptII/ptolemy/actor/lib/hoc/test/auto/BackgroundExecution.xml
631 ms. Memory: 120832K Free: 91333K (76%)
----------------- Invoking toplevel() on ptolemy.moml.MoMLSimpleApplication@2ac2f534
----------------- Done invoking toplevel() on ptolemy.moml.MoMLSimpleApplication@2ac2f534
reloadAllAccessors: .BackgroundExecution

===========================================================================================
----------------- testing Thu Oct 31 06:15:51 UTC 2019 /home/travis/build/icyphy/ptII/ptolemy/actor/lib/hoc/test/auto/Case.xml
----------------- Instantiating /home/travis/build/icyphy/ptII/ptolemy/actor/lib/hoc/test/auto/Case.xml
30 ms. Memory: 120832K Free: 83887K (69%)
----------------- Invoking toplevel() on ptolemy.moml.MoMLSimpleApplication@24c71654
----------------- Done invoking toplevel() on ptolemy.moml.MoMLSimpleApplication@24c71654
reloadAllAccessors: .Case

===========================================================================================
----------------- testing Thu Oct 31 06:15:51 UTC 2019 /home/travis/build/icyphy/ptII/ptolemy/actor/lib/hoc/test/auto/Case1.xml
----------------- Instantiating /home/travis/build/icyphy/ptII/ptolemy/actor/lib/hoc/test/auto/Case1.xml
30 ms. Memory: 120832K Free: 77673K (64%)
----------------- Invoking toplevel() on ptolemy.moml.MoMLSimpleApplication@290313de
----------------- Done invoking toplevel() on ptolemy.moml.MoMLSimpleApplication@290313de
reloadAllAccessors: .Case1

===========================================================================================
----------------- testing Thu Oct 31 06:15:51 UTC 2019 /home/travis/build/icyphy/ptII/ptolemy/actor/lib/hoc/test/auto/Case2.xml
----------------- Instantiating /home/travis/build/icyphy/ptII/ptolemy/actor/lib/hoc/test/auto/Case2.xml
52 ms. Memory: 120832K Free: 104345K (86%)
----------------- Invoking toplevel() on ptolemy.moml.MoMLSimpleApplication@1f611b6c
----------------- Done invoking toplevel() on ptolemy.moml.MoMLSimpleApplication@1f611b6c
reloadAllAccessors: .Case2

===========================================================================================
----------------- testing Thu Oct 31 06:15:51 UTC 2019 /home/travis/build/icyphy/ptII/ptolemy/actor/lib/hoc/test/auto/Case3.xml
----------------- Instantiating /home/travis/build/icyphy/ptII/ptolemy/actor/lib/hoc/test/auto/Case3.xml
15 ms. Memory: 120832K Free: 97783K (81%)
----------------- Invoking toplevel() on ptolemy.moml.MoMLSimpleApplication@132a4664
----------------- Done invoking toplevel() on ptolemy.moml.MoMLSimpleApplication@132a4664
reloadAllAccessors: .Case3

===========================================================================================
----------------- testing Thu Oct 31 06:15:51 UTC 2019 /home/travis/build/icyphy/ptII/ptolemy/actor/lib/hoc/test/auto/Case4.xml
----------------- Instantiating /home/travis/build/icyphy/ptII/ptolemy/actor/lib/hoc/test/auto/Case4.xml
13 ms. Memory: 120832K Free: 90357K (75%)
----------------- Invoking toplevel() on ptolemy.moml.MoMLSimpleApplication@4f54320b
----------------- Done invoking toplevel() on ptolemy.moml.MoMLSimpleApplication@4f54320b
reloadAllAccessors: .Case4

===========================================================================================
----------------- testing Thu Oct 31 06:15:51 UTC 2019 /home/travis/build/icyphy/ptII/ptolemy/actor/lib/hoc/test/auto/Case5.xml
----------------- Instantiating /home/travis/build/icyphy/ptII/ptolemy/actor/lib/hoc/test/auto/Case5.xml
24 ms. Memory: 120832K Free: 83957K (69%)
----------------- Invoking toplevel() on ptolemy.moml.MoMLSimpleApplication@42d037a
----------------- Done invoking toplevel() on ptolemy.moml.MoMLSimpleApplication@42d037a
reloadAllAccessors: .junk

===========================================================================================
----------------- testing Thu Oct 31 06:15:51 UTC 2019 /home/travis/build/icyphy/ptII/ptolemy/actor/lib/hoc/test/auto/Case6.xml
----------------- Instantiating /home/travis/build/icyphy/ptII/ptolemy/actor/lib/hoc/test/auto/Case6.xml
69 ms. Memory: 120832K Free: 72693K (60%)
----------------- Invoking toplevel() on ptolemy.moml.MoMLSimpleApplication@3448f3fb
----------------- Done invoking toplevel() on ptolemy.moml.MoMLSimpleApplication@3448f3fb
reloadAllAccessors: .Case6

===========================================================================================
----------------- testing Thu Oct 31 06:15:51 UTC 2019 /home/travis/build/icyphy/ptII/ptolemy/actor/lib/hoc/test/auto/CaseString2.xml
----------------- Instantiating /home/travis/build/icyphy/ptII/ptolemy/actor/lib/hoc/test/auto/CaseString2.xml
20 ms. Memory: 120832K Free: 65015K (54%)
----------------- Invoking toplevel() on ptolemy.moml.MoMLSimpleApplication@2393a41d
----------------- Done invoking toplevel() on ptolemy.moml.MoMLSimpleApplication@2393a41d
reloadAllAccessors: .CaseString2

===========================================================================================
----------------- testing Thu Oct 31 06:15:51 UTC 2019 /home/travis/build/icyphy/ptII/ptolemy/actor/lib/hoc/test/auto/CatchUpComposite1.xml
----------------- Instantiating /home/travis/build/icyphy/ptII/ptolemy/actor/lib/hoc/test/auto/CatchUpComposite1.xml
39 ms. Memory: 120832K Free: 56309K (47%)
----------------- Invoking toplevel() on ptolemy.moml.MoMLSimpleApplication@19822da
----------------- Done invoking toplevel() on ptolemy.moml.MoMLSimpleApplication@19822da
reloadAllAccessors: .CatchUpComposite1

===========================================================================================
----------------- testing Thu Oct 31 06:15:51 UTC 2019 /home/travis/build/icyphy/ptII/ptolemy/actor/lib/hoc/test/auto/CatchUpComposite2.xml
----------------- Instantiating /home/travis/build/icyphy/ptII/ptolemy/actor/lib/hoc/test/auto/CatchUpComposite2.xml
8 ms. Memory: 120832K Free: 99087K (82%)
----------------- Invoking toplevel() on ptolemy.moml.MoMLSimpleApplication@68ff9c78
----------------- Done invoking toplevel() on ptolemy.moml.MoMLSimpleApplication@68ff9c78
reloadAllAccessors: .CatchUpComposite2

===========================================================================================
----------------- testing Thu Oct 31 06:15:52 UTC 2019 /home/travis/build/icyphy/ptII/ptolemy/actor/lib/hoc/test/auto/CatchUpComposite3.xml
----------------- Instantiating /home/travis/build/icyphy/ptII/ptolemy/actor/lib/hoc/test/auto/CatchUpComposite3.xml
28 ms. Memory: 120832K Free: 90638K (75%)
----------------- Invoking toplevel() on ptolemy.moml.MoMLSimpleApplication@3bdc8442
----------------- Done invoking toplevel() on ptolemy.moml.MoMLSimpleApplication@3bdc8442
reloadAllAccessors: .CatchUpComposite3

===========================================================================================
----------------- testing Thu Oct 31 06:15:52 UTC 2019 /home/travis/build/icyphy/ptII/ptolemy/actor/lib/hoc/test/auto/CatchUpComposite4.xml
----------------- Instantiating /home/travis/build/icyphy/ptII/ptolemy/actor/lib/hoc/test/auto/CatchUpComposite4.xml
11 ms. Memory: 120832K Free: 82612K (68%)
----------------- Invoking toplevel() on ptolemy.moml.MoMLSimpleApplication@1f6fded6
----------------- Done invoking toplevel() on ptolemy.moml.MoMLSimpleApplication@1f6fded6
reloadAllAccessors: .CatchUpComposite4

===========================================================================================
----------------- testing Thu Oct 31 06:15:52 UTC 2019 /home/travis/build/icyphy/ptII/ptolemy/actor/lib/hoc/test/auto/CatchUpComposite5.xml
----------------- Instantiating /home/travis/build/icyphy/ptII/ptolemy/actor/lib/hoc/test/auto/CatchUpComposite5.xml
20 ms. Memory: 120832K Free: 75278K (62%)
----------------- Invoking toplevel() on ptolemy.moml.MoMLSimpleApplication@19116d6b
----------------- Done invoking toplevel() on ptolemy.moml.MoMLSimpleApplication@19116d6b
reloadAllAccessors: .CatchUpComposite5

===========================================================================================
----------------- testing Thu Oct 31 06:15:52 UTC 2019 /home/travis/build/icyphy/ptII/ptolemy/actor/lib/hoc/test/auto/CatchUpComposite6.xml
----------------- Instantiating /home/travis/build/icyphy/ptII/ptolemy/actor/lib/hoc/test/auto/CatchUpComposite6.xml
WARNING: The execution aspects in this model can influence the timing of actors by delaying the 
execution, potentially changing the behavior. There is no guarantee that actors fire at the 
time they request to be fired. 
Use Ptides for deterministic DE behavior that is not influenced by execution aspects. 

101 ms. Memory: 120832K Free: 60558K (50%)
----------------- Invoking toplevel() on ptolemy.moml.MoMLSimpleApplication@7ddab9b0
----------------- Done invoking toplevel() on ptolemy.moml.MoMLSimpleApplication@7ddab9b0
reloadAllAccessors: .CatchUpComposite6

===========================================================================================
----------------- testing Thu Oct 31 06:15:52 UTC 2019 /home/travis/build/icyphy/ptII/ptolemy/actor/lib/hoc/test/auto/CatchUpComposite7.xml
----------------- Instantiating /home/travis/build/icyphy/ptII/ptolemy/actor/lib/hoc/test/auto/CatchUpComposite7.xml
WARNING: The execution aspects in this model can influence the timing of actors by delaying the 
execution, potentially changing the behavior. There is no guarantee that actors fire at the 
time they request to be fired. 
Use Ptides for deterministic DE behavior that is not influenced by execution aspects. 

48 ms. Memory: 166912K Free: 149911K (90%)
----------------- Invoking toplevel() on ptolemy.moml.MoMLSimpleApplication@20526fe8
----------------- Done invoking toplevel() on ptolemy.moml.MoMLSimpleApplication@20526fe8
reloadAllAccessors: .CatchUpComposite7

===========================================================================================
----------------- testing Thu Oct 31 06:15:52 UTC 2019 /home/travis/build/icyphy/ptII/ptolemy/actor/lib/hoc/test/auto/ConcurrentExecutionTimeSDF.xml
----------------- Instantiating /home/travis/build/icyphy/ptII/ptolemy/actor/lib/hoc/test/auto/ConcurrentExecutionTimeSDF.xml
Fired ExecutionTime: 40400000
Fired ExecutionTime: 40400000
Fired ExecutionTime: 40400000
Fired ExecutionTime: 40400000
Fired ExecutionTime: 40400000
Fired ExecutionTime: 40400000
Fired ExecutionTime: 40400000
Fired ExecutionTime: 40400000
Fired ExecutionTime: 40400000
Fired ExecutionTime: 40400000
Fired ExecutionTime: 40400000
Fired ExecutionTime: 40400000
Fired ExecutionTime: 40400000
Fired ExecutionTime: 40400000
Fired ExecutionTime: 40400000
Fired ExecutionTime: 40400000
Fired ExecutionTime: 40400000
Fired ExecutionTime: 40400000
Fired ExecutionTime: 40400000
Fired ExecutionTime: 40400000
634 ms. Memory: 166912K Free: 142229K (85%)
----------------- Invoking toplevel() on ptolemy.moml.MoMLSimpleApplication@4b5a5e9
----------------- Done invoking toplevel() on ptolemy.moml.MoMLSimpleApplication@4b5a5e9
reloadAllAccessors: .ConcurrentExecutionTimeSDF

===========================================================================================
----------------- testing Thu Oct 31 06:15:53 UTC 2019 /home/travis/build/icyphy/ptII/ptolemy/actor/lib/hoc/test/auto/ConcurrentSleep.xml
----------------- Instantiating /home/travis/build/icyphy/ptII/ptolemy/actor/lib/hoc/test/auto/ConcurrentSleep.xml
733 ms. Memory: 166912K Free: 130965K (78%)
----------------- Invoking toplevel() on ptolemy.moml.MoMLSimpleApplication@1c3a1d60
----------------- Done invoking toplevel() on ptolemy.moml.MoMLSimpleApplication@1c3a1d60
reloadAllAccessors: .ConcurrentSleep

===========================================================================================
----------------- testing Thu Oct 31 06:15:53 UTC 2019 /home/travis/build/icyphy/ptII/ptolemy/actor/lib/hoc/test/auto/DEInPNInRunCompositeActor.xml
----------------- Instantiating /home/travis/build/icyphy/ptII/ptolemy/actor/lib/hoc/test/auto/DEInPNInRunCompositeActor.xml
15 ms. Memory: 166912K Free: 125335K (75%)
----------------- Invoking toplevel() on ptolemy.moml.MoMLSimpleApplication@11db59d9
----------------- Done invoking toplevel() on ptolemy.moml.MoMLSimpleApplication@11db59d9
reloadAllAccessors: .DEInPNInRunCompositeActor

===========================================================================================
----------------- testing Thu Oct 31 06:15:53 UTC 2019 /home/travis/build/icyphy/ptII/ptolemy/actor/lib/hoc/test/auto/DFTSubSetTest.xml
----------------- Instantiating /home/travis/build/icyphy/ptII/ptolemy/actor/lib/hoc/test/auto/DFTSubSetTest.xml
251 ms. Memory: 166912K Free: 82327K (49%)
----------------- Invoking toplevel() on ptolemy.moml.MoMLSimpleApplication@899d65c
----------------- Done invoking toplevel() on ptolemy.moml.MoMLSimpleApplication@899d65c
reloadAllAccessors: .DFTSubSetTest

===========================================================================================
----------------- testing Thu Oct 31 06:15:54 UTC 2019 /home/travis/build/icyphy/ptII/ptolemy/actor/lib/hoc/test/auto/HocDE.xml
----------------- Instantiating /home/travis/build/icyphy/ptII/ptolemy/actor/lib/hoc/test/auto/HocDE.xml
143 ms. Memory: 166912K Free: 133787K (80%)
----------------- Invoking toplevel() on ptolemy.moml.MoMLSimpleApplication@3d464ac6
----------------- Done invoking toplevel() on ptolemy.moml.MoMLSimpleApplication@3d464ac6
reloadAllAccessors: .HocDE

===========================================================================================
----------------- testing Thu Oct 31 06:15:54 UTC 2019 /home/travis/build/icyphy/ptII/ptolemy/actor/lib/hoc/test/auto/IterateOverArray.xml
----------------- Instantiating /home/travis/build/icyphy/ptII/ptolemy/actor/lib/hoc/test/auto/IterateOverArray.xml
6 ms. Memory: 166912K Free: 129181K (77%)
----------------- Invoking toplevel() on ptolemy.moml.MoMLSimpleApplication@105cd4fa
----------------- Done invoking toplevel() on ptolemy.moml.MoMLSimpleApplication@105cd4fa
reloadAllAccessors: .IterateOverArray

===========================================================================================
----------------- testing Thu Oct 31 06:15:54 UTC 2019 /home/travis/build/icyphy/ptII/ptolemy/actor/lib/hoc/test/auto/IterateOverArray10.xml
----------------- Instantiating /home/travis/build/icyphy/ptII/ptolemy/actor/lib/hoc/test/auto/IterateOverArray10.xml
8 ms. Memory: 166912K Free: 126109K (76%)
----------------- Invoking toplevel() on ptolemy.moml.MoMLSimpleApplication@4cfa9797
----------------- Done invoking toplevel() on ptolemy.moml.MoMLSimpleApplication@4cfa9797
reloadAllAccessors: .IterateOverArray10

===========================================================================================
----------------- testing Thu Oct 31 06:15:54 UTC 2019 /home/travis/build/icyphy/ptII/ptolemy/actor/lib/hoc/test/auto/IterateOverArray11.xml
----------------- Instantiating /home/travis/build/icyphy/ptII/ptolemy/actor/lib/hoc/test/auto/IterateOverArray11.xml
8 ms. Memory: 166912K Free: 122013K (73%)
----------------- Invoking toplevel() on ptolemy.moml.MoMLSimpleApplication@28fd4298
----------------- Done invoking toplevel() on ptolemy.moml.MoMLSimpleApplication@28fd4298
reloadAllAccessors: .IterateOverArray11

===========================================================================================
----------------- testing Thu Oct 31 06:15:54 UTC 2019 /home/travis/build/icyphy/ptII/ptolemy/actor/lib/hoc/test/auto/IterateOverArray12.xml
----------------- Instantiating /home/travis/build/icyphy/ptII/ptolemy/actor/lib/hoc/test/auto/IterateOverArray12.xml
17 ms. Memory: 166912K Free: 115869K (69%)
----------------- Invoking toplevel() on ptolemy.moml.MoMLSimpleApplication@4891b2bd
----------------- Done invoking toplevel() on ptolemy.moml.MoMLSimpleApplication@4891b2bd
reloadAllAccessors: .IterateOverArray12

===========================================================================================
----------------- testing Thu Oct 31 06:15:54 UTC 2019 /home/travis/build/icyphy/ptII/ptolemy/actor/lib/hoc/test/auto/IterateOverArray13.xml
----------------- Instantiating /home/travis/build/icyphy/ptII/ptolemy/actor/lib/hoc/test/auto/IterateOverArray13.xml
80 ms. Memory: 166912K Free: 86173K (52%)
----------------- Invoking toplevel() on ptolemy.moml.MoMLSimpleApplication@228637cc
----------------- Done invoking toplevel() on ptolemy.moml.MoMLSimpleApplication@228637cc
reloadAllAccessors: .IterateOverArray13

===========================================================================================
----------------- testing Thu Oct 31 06:15:54 UTC 2019 /home/travis/build/icyphy/ptII/ptolemy/actor/lib/hoc/test/auto/IterateOverArray14.xml
----------------- Instantiating /home/travis/build/icyphy/ptII/ptolemy/actor/lib/hoc/test/auto/IterateOverArray14.xml
65 ms. Memory: 166912K Free: 143995K (86%)
----------------- Invoking toplevel() on ptolemy.moml.MoMLSimpleApplication@75021853
----------------- Done invoking toplevel() on ptolemy.moml.MoMLSimpleApplication@75021853
reloadAllAccessors: .IterateOverArray14

===========================================================================================
----------------- testing Thu Oct 31 06:15:55 UTC 2019 /home/travis/build/icyphy/ptII/ptolemy/actor/lib/hoc/test/auto/IterateOverArray2.xml
----------------- Instantiating /home/travis/build/icyphy/ptII/ptolemy/actor/lib/hoc/test/auto/IterateOverArray2.xml
5 ms. Memory: 166912K Free: 138647K (83%)
----------------- Invoking toplevel() on ptolemy.moml.MoMLSimpleApplication@38af4bb4
----------------- Done invoking toplevel() on ptolemy.moml.MoMLSimpleApplication@38af4bb4
reloadAllAccessors: .IterateOverArray2

===========================================================================================
----------------- testing Thu Oct 31 06:15:55 UTC 2019 /home/travis/build/icyphy/ptII/ptolemy/actor/lib/hoc/test/auto/IterateOverArray3.xml
----------------- Instantiating /home/travis/build/icyphy/ptII/ptolemy/actor/lib/hoc/test/auto/IterateOverArray3.xml
7 ms. Memory: 166912K Free: 132503K (79%)
----------------- Invoking toplevel() on ptolemy.moml.MoMLSimpleApplication@9c5fab4
----------------- Done invoking toplevel() on ptolemy.moml.MoMLSimpleApplication@9c5fab4
reloadAllAccessors: .IterateOverArray3

===========================================================================================
----------------- testing Thu Oct 31 06:15:55 UTC 2019 /home/travis/build/icyphy/ptII/ptolemy/actor/lib/hoc/test/auto/IterateOverArray4.xml
----------------- Instantiating /home/travis/build/icyphy/ptII/ptolemy/actor/lib/hoc/test/auto/IterateOverArray4.xml
4 ms. Memory: 166912K Free: 128407K (77%)
----------------- Invoking toplevel() on ptolemy.moml.MoMLSimpleApplication@18770186
----------------- Done invoking toplevel() on ptolemy.moml.MoMLSimpleApplication@18770186
reloadAllAccessors: .IterateOverArray4

===========================================================================================
----------------- testing Thu Oct 31 06:15:55 UTC 2019 /home/travis/build/icyphy/ptII/ptolemy/actor/lib/hoc/test/auto/IterateOverArray5.xml
----------------- Instantiating /home/travis/build/icyphy/ptII/ptolemy/actor/lib/hoc/test/auto/IterateOverArray5.xml
4 ms. Memory: 166912K Free: 124311K (74%)
----------------- Invoking toplevel() on ptolemy.moml.MoMLSimpleApplication@42adf144
----------------- Done invoking toplevel() on ptolemy.moml.MoMLSimpleApplication@42adf144
reloadAllAccessors: .IterateOverArray5

===========================================================================================
----------------- testing Thu Oct 31 06:15:55 UTC 2019 /home/travis/build/icyphy/ptII/ptolemy/actor/lib/hoc/test/auto/IterateOverArray6.xml
----------------- Instantiating /home/travis/build/icyphy/ptII/ptolemy/actor/lib/hoc/test/auto/IterateOverArray6.xml
3 ms. Memory: 166912K Free: 120729K (72%)
----------------- Invoking toplevel() on ptolemy.moml.MoMLSimpleApplication@29eef592
----------------- Done invoking toplevel() on ptolemy.moml.MoMLSimpleApplication@29eef592
reloadAllAccessors: .IterateOverArray6

===========================================================================================
----------------- testing Thu Oct 31 06:15:55 UTC 2019 /home/travis/build/icyphy/ptII/ptolemy/actor/lib/hoc/test/auto/IterateOverArray7.xml
----------------- Instantiating /home/travis/build/icyphy/ptII/ptolemy/actor/lib/hoc/test/auto/IterateOverArray7.xml
6 ms. Memory: 166912K Free: 116119K (70%)
----------------- Invoking toplevel() on ptolemy.moml.MoMLSimpleApplication@8039f5e
----------------- Done invoking toplevel() on ptolemy.moml.MoMLSimpleApplication@8039f5e
reloadAllAccessors: .IterateOverArray7

===========================================================================================
----------------- testing Thu Oct 31 06:15:55 UTC 2019 /home/travis/build/icyphy/ptII/ptolemy/actor/lib/hoc/test/auto/IterateOverArray8.xml
----------------- Instantiating /home/travis/build/icyphy/ptII/ptolemy/actor/lib/hoc/test/auto/IterateOverArray8.xml
4 ms. Memory: 166912K Free: 112023K (67%)
----------------- Invoking toplevel() on ptolemy.moml.MoMLSimpleApplication@102c7329
----------------- Done invoking toplevel() on ptolemy.moml.MoMLSimpleApplication@102c7329
reloadAllAccessors: .IterateOverArray8

===========================================================================================
----------------- testing Thu Oct 31 06:15:55 UTC 2019 /home/travis/build/icyphy/ptII/ptolemy/actor/lib/hoc/test/auto/IterateOverArray9.xml
----------------- Instantiating /home/travis/build/icyphy/ptII/ptolemy/actor/lib/hoc/test/auto/IterateOverArray9.xml
7 ms. Memory: 166912K Free: 107927K (65%)
----------------- Invoking toplevel() on ptolemy.moml.MoMLSimpleApplication@2052ccd3
----------------- Done invoking toplevel() on ptolemy.moml.MoMLSimpleApplication@2052ccd3
reloadAllAccessors: .IterateOverArray9

===========================================================================================
----------------- testing Thu Oct 31 06:15:55 UTC 2019 /home/travis/build/icyphy/ptII/ptolemy/actor/lib/hoc/test/auto/IterateOverArrayCoercedOutputType.xml
----------------- Instantiating /home/travis/build/icyphy/ptII/ptolemy/actor/lib/hoc/test/auto/IterateOverArrayCoercedOutputType.xml
7 ms. Memory: 166912K Free: 102807K (62%)
----------------- Invoking toplevel() on ptolemy.moml.MoMLSimpleApplication@93d04a2
----------------- Done invoking toplevel() on ptolemy.moml.MoMLSimpleApplication@93d04a2
reloadAllAccessors: .IterateOverArrayCoercedOutputType

===========================================================================================
----------------- testing Thu Oct 31 06:15:55 UTC 2019 /home/travis/build/icyphy/ptII/ptolemy/actor/lib/hoc/test/auto/IterateOverArrayInferredOutputType.xml
----------------- Instantiating /home/travis/build/icyphy/ptII/ptolemy/actor/lib/hoc/test/auto/IterateOverArrayInferredOutputType.xml
8 ms. Memory: 166912K Free: 98201K (59%)
----------------- Invoking toplevel() on ptolemy.moml.MoMLSimpleApplication@191ff583
----------------- Done invoking toplevel() on ptolemy.moml.MoMLSimpleApplication@191ff583
reloadAllAccessors: .IterateOverArrayInferredOutputType

===========================================================================================
----------------- testing Thu Oct 31 06:15:55 UTC 2019 /home/travis/build/icyphy/ptII/ptolemy/actor/lib/hoc/test/auto/MobileFunctionTest.xml
----------------- Instantiating /home/travis/build/icyphy/ptII/ptolemy/actor/lib/hoc/test/auto/MobileFunctionTest.xml
3 ms. Memory: 166912K Free: 93577K (56%)
----------------- Invoking toplevel() on ptolemy.moml.MoMLSimpleApplication@55ac34a1
----------------- Done invoking toplevel() on ptolemy.moml.MoMLSimpleApplication@55ac34a1
reloadAllAccessors: .MobileFunctionTest

===========================================================================================
----------------- testing Thu Oct 31 06:15:55 UTC 2019 /home/travis/build/icyphy/ptII/ptolemy/actor/lib/hoc/test/auto/MobileModelTest.xml
----------------- Instantiating /home/travis/build/icyphy/ptII/ptolemy/actor/lib/hoc/test/auto/MobileModelTest.xml
122 ms. Memory: 166912K Free: 72087K (43%)
----------------- Invoking toplevel() on ptolemy.moml.MoMLSimpleApplication@30e9da64
----------------- Done invoking toplevel() on ptolemy.moml.MoMLSimpleApplication@30e9da64
reloadAllAccessors: .MobileModelTest

===========================================================================================
----------------- testing Thu Oct 31 06:15:55 UTC 2019 /home/travis/build/icyphy/ptII/ptolemy/actor/lib/hoc/test/auto/ModelReference.xml
----------------- Instantiating /home/travis/build/icyphy/ptII/ptolemy/actor/lib/hoc/test/auto/ModelReference.xml
3 ms. Memory: 166912K Free: 65433K (39%)
5 ms. Memory: 166912K Free: 64889K (39%)
2 ms. Memory: 166912K Free: 63881K (38%)
2 ms. Memory: 166912K Free: 62857K (38%)
1 ms. Memory: 166912K Free: 62361K (37%)
2 ms. Memory: 166912K Free: 61337K (37%)
2 ms. Memory: 166912K Free: 60809K (36%)
1 ms. Memory: 166912K Free: 59785K (36%)
3 ms. Memory: 166912K Free: 58761K (35%)
4 ms. Memory: 166912K Free: 58265K (35%)
42 ms. Memory: 166912K Free: 58265K (35%)
----------------- Invoking toplevel() on ptolemy.moml.MoMLSimpleApplication@650bcc46
----------------- Done invoking toplevel() on ptolemy.moml.MoMLSimpleApplication@650bcc46
reloadAllAccessors: .ModelReference

===========================================================================================
----------------- testing Thu Oct 31 06:15:55 UTC 2019 /home/travis/build/icyphy/ptII/ptolemy/actor/lib/hoc/test/auto/ModelReference3.xml
----------------- Instantiating /home/travis/build/icyphy/ptII/ptolemy/actor/lib/hoc/test/auto/ModelReference3.xml
1 ms. Memory: 166912K Free: 149825K (90%)
4 ms. Memory: 166912K Free: 148789K (89%)
2 ms. Memory: 166912K Free: 147769K (89%)
4 ms. Memory: 166912K Free: 147271K (88%)
1 ms. Memory: 166912K Free: 146271K (88%)
1 ms. Memory: 166912K Free: 145751K (87%)
3 ms. Memory: 166912K Free: 144697K (87%)
2 ms. Memory: 166912K Free: 143673K (86%)
1 ms. Memory: 166912K Free: 143175K (86%)
1 ms. Memory: 166912K Free: 142175K (85%)
29 ms. Memory: 166912K Free: 142175K (85%)
----------------- Invoking toplevel() on ptolemy.moml.MoMLSimpleApplication@1bbcd136
----------------- Done invoking toplevel() on ptolemy.moml.MoMLSimpleApplication@1bbcd136
reloadAllAccessors: .ModelReference3

===========================================================================================
----------------- testing Thu Oct 31 06:15:55 UTC 2019 /home/travis/build/icyphy/ptII/ptolemy/actor/lib/hoc/test/auto/ModelReference4.xml
----------------- Instantiating /home/travis/build/icyphy/ptII/ptolemy/actor/lib/hoc/test/auto/ModelReference4.xml
2 ms. Memory: 166912K Free: 137537K (82%)
3 ms. Memory: 166912K Free: 136015K (81%)
2 ms. Memory: 166912K Free: 134991K (81%)
5 ms. Memory: 166912K Free: 133433K (80%)
3 ms. Memory: 166912K Free: 132401K (79%)
2 ms. Memory: 166912K Free: 131385K (79%)
4 ms. Memory: 166912K Free: 129909K (78%)
2 ms. Memory: 166912K Free: 128839K (77%)
1 ms. Memory: 166912K Free: 127273K (76%)
3 ms. Memory: 166912K Free: 126273K (76%)
10025 ms. Memory: 166912K Free: 126273K (76%)
----------------- Invoking toplevel() on ptolemy.moml.MoMLSimpleApplication@778eda3
----------------- Done invoking toplevel() on ptolemy.moml.MoMLSimpleApplication@778eda3
reloadAllAccessors: .ModelReference4

===========================================================================================
----------------- testing Thu Oct 31 06:16:05 UTC 2019 /home/travis/build/icyphy/ptII/ptolemy/actor/lib/hoc/test/auto/MultiInstanceComposite.xml
----------------- Instantiating /home/travis/build/icyphy/ptII/ptolemy/actor/lib/hoc/test/auto/MultiInstanceComposite.xml
37 ms. Memory: 166912K Free: 107351K (64%)
----------------- Invoking toplevel() on ptolemy.moml.MoMLSimpleApplication@66ba4bba
----------------- Done invoking toplevel() on ptolemy.moml.MoMLSimpleApplication@66ba4bba
reloadAllAccessors: .MultiInstanceComposite

===========================================================================================
----------------- testing Thu Oct 31 06:16:05 UTC 2019 /home/travis/build/icyphy/ptII/ptolemy/actor/lib/hoc/test/auto/MultiInstanceComposite2.xml
----------------- Instantiating /home/travis/build/icyphy/ptII/ptolemy/actor/lib/hoc/test/auto/MultiInstanceComposite2.xml
22 ms. Memory: 166912K Free: 96058K (58%)
----------------- Invoking toplevel() on ptolemy.moml.MoMLSimpleApplication@668809fd
----------------- Done invoking toplevel() on ptolemy.moml.MoMLSimpleApplication@668809fd
reloadAllAccessors: .MultiInstanceComposite2

===========================================================================================
----------------- testing Thu Oct 31 06:16:05 UTC 2019 /home/travis/build/icyphy/ptII/ptolemy/actor/lib/hoc/test/auto/MulticoreExecution.xml
----------------- Instantiating /home/travis/build/icyphy/ptII/ptolemy/actor/lib/hoc/test/auto/MulticoreExecution.xml
Fired ExecutionTime: 73200000
Fired ExecutionTime: 48400000
Fired ExecutionTime: 61200000
Fired ExecutionTime: 67200000
Fired ExecutionTime: 85200000
Fired ExecutionTime: 93600000
Fired ExecutionTime: 89600000
Fired ExecutionTime: 89600000
Fired ExecutionTime: 90400000
Fired ExecutionTime: 89600000
Fired ExecutionTime: 88800000
Fired ExecutionTime: 89200000
Fired ExecutionTime: 88400000
Fired ExecutionTime: 88800000
Fired ExecutionTime: 84000000
Fired ExecutionTime: 55600000
Fired ExecutionTime: 89200000
Fired ExecutionTime: 82800000
Fired ExecutionTime: 86400000
Fired ExecutionTime: 86400000
1039 ms. Memory: 166912K Free: 86871K (52%)
----------------- Invoking toplevel() on ptolemy.moml.MoMLSimpleApplication@7be932e2
----------------- Done invoking toplevel() on ptolemy.moml.MoMLSimpleApplication@7be932e2
reloadAllAccessors: .MulticoreExecution

===========================================================================================
----------------- testing Thu Oct 31 06:16:06 UTC 2019 /home/travis/build/icyphy/ptII/ptolemy/actor/lib/hoc/test/auto/ParallelExecution.xml
----------------- Instantiating /home/travis/build/icyphy/ptII/ptolemy/actor/lib/hoc/test/auto/ParallelExecution.xml
913 ms. Memory: 166912K Free: 79674K (48%)
----------------- Invoking toplevel() on ptolemy.moml.MoMLSimpleApplication@d98bb75
----------------- Done invoking toplevel() on ptolemy.moml.MoMLSimpleApplication@d98bb75
reloadAllAccessors: .ParallelExecution

===========================================================================================
----------------- testing Thu Oct 31 06:16:07 UTC 2019 /home/travis/build/icyphy/ptII/ptolemy/actor/lib/hoc/test/auto/RunCompositeActor.xml
----------------- Instantiating /home/travis/build/icyphy/ptII/ptolemy/actor/lib/hoc/test/auto/RunCompositeActor.xml
7 ms. Memory: 166912K Free: 72551K (43%)
----------------- Invoking toplevel() on ptolemy.moml.MoMLSimpleApplication@25ee6c98
----------------- Done invoking toplevel() on ptolemy.moml.MoMLSimpleApplication@25ee6c98
reloadAllAccessors: .RunCompositeActor

===========================================================================================
----------------- testing Thu Oct 31 06:16:07 UTC 2019 /home/travis/build/icyphy/ptII/ptolemy/actor/lib/hoc/test/auto/RunCompositeActor2.xml
----------------- Instantiating /home/travis/build/icyphy/ptII/ptolemy/actor/lib/hoc/test/auto/RunCompositeActor2.xml
8 ms. Memory: 166912K Free: 66421K (40%)
----------------- Invoking toplevel() on ptolemy.moml.MoMLSimpleApplication@4f8a45b3
----------------- Done invoking toplevel() on ptolemy.moml.MoMLSimpleApplication@4f8a45b3
reloadAllAccessors: .RunCompositeActor2

===========================================================================================
----------------- testing Thu Oct 31 06:16:07 UTC 2019 /home/travis/build/icyphy/ptII/ptolemy/actor/lib/hoc/test/auto/RunCompositeActor3.xml
----------------- Instantiating /home/travis/build/icyphy/ptII/ptolemy/actor/lib/hoc/test/auto/RunCompositeActor3.xml
3 ms. Memory: 166912K Free: 61287K (37%)
----------------- Invoking toplevel() on ptolemy.moml.MoMLSimpleApplication@1fe37d7d
----------------- Done invoking toplevel() on ptolemy.moml.MoMLSimpleApplication@1fe37d7d
reloadAllAccessors: .RunCompositeActor3

===========================================================================================
----------------- testing Thu Oct 31 06:16:07 UTC 2019 /home/travis/build/icyphy/ptII/ptolemy/actor/lib/hoc/test/auto/RunCompositeActor4.xml
----------------- Instantiating /home/travis/build/icyphy/ptII/ptolemy/actor/lib/hoc/test/auto/RunCompositeActor4.xml
38 ms. Memory: 166912K Free: 149598K (90%)
----------------- Invoking toplevel() on ptolemy.moml.MoMLSimpleApplication@3158e54a
----------------- Done invoking toplevel() on ptolemy.moml.MoMLSimpleApplication@3158e54a
reloadAllAccessors: .RunCompositeActor4

===========================================================================================
----------------- testing Thu Oct 31 06:16:08 UTC 2019 /home/travis/build/icyphy/ptII/ptolemy/actor/lib/hoc/test/auto/RunCompositeIterateOverArray.xml
----------------- Instantiating /home/travis/build/icyphy/ptII/ptolemy/actor/lib/hoc/test/auto/RunCompositeIterateOverArray.xml
4 ms. Memory: 166912K Free: 143236K (86%)
----------------- Invoking toplevel() on ptolemy.moml.MoMLSimpleApplication@29881d70
----------------- Done invoking toplevel() on ptolemy.moml.MoMLSimpleApplication@29881d70
reloadAllAccessors: .RunCompositeIterateOverArray

===========================================================================================
----------------- testing Thu Oct 31 06:16:08 UTC 2019 /home/travis/build/icyphy/ptII/ptolemy/actor/lib/hoc/test/auto/ThreadedJS.xml
----------------- Instantiating /home/travis/build/icyphy/ptII/ptolemy/actor/lib/hoc/test/auto/ThreadedJS.xml
6502 ms. Memory: 290816K Free: 181922K (63%)
----------------- Invoking toplevel() on ptolemy.moml.MoMLSimpleApplication@c8c7bc5
----------------- Done invoking toplevel() on ptolemy.moml.MoMLSimpleApplication@c8c7bc5
reloadAllAccessors: .ThreadedJS
AutoTests.java: About to close Vertx.
AutoTests.java: Vertx closed.
]]></system-out>
  <system-err><![CDATA[java.lang.RuntimeException: Execution failed
	at ptolemy.moml.MoMLSimpleApplication$UnloadThread.run(MoMLSimpleApplication.java:402)
Caused by: ptolemy.kernel.util.IllegalActionException: initialize() was called after wrapup() was called but preinitialize() was not called after wrapup().
	at ptolemy.actor.lib.hoc.test.PreinitializeMustBeInvoked.initialize(PreinitializeMustBeInvoked.java:78)
	at ptolemy.actor.Director.initialize(Director.java:938)
	at ptolemy.actor.Director.initialize(Director.java:907)
	at ptolemy.actor.sched.StaticSchedulingDirector.initialize(StaticSchedulingDirector.java:159)
	at ptolemy.domains.sdf.kernel.SDFDirector.initialize(SDFDirector.java:544)
	at ptolemy.actor.CompositeActor.initialize(CompositeActor.java:935)
	at ptolemy.actor.lib.hoc.LifeCycleManager._executeInsideModel(LifeCycleManager.java:339)
	at ptolemy.actor.lib.hoc.RunCompositeActor.fire(RunCompositeActor.java:205)
	at ptolemy.actor.CompositeActor.iterate(CompositeActor.java:1146)
	at ptolemy.actor.sched.StaticSchedulingDirector.fire(StaticSchedulingDirector.java:216)
	at ptolemy.domains.sdf.kernel.SDFDirector.fire(SDFDirector.java:500)
	at ptolemy.actor.CompositeActor.fire(CompositeActor.java:455)
	at ptolemy.actor.Manager.iterate(Manager.java:851)
	at ptolemy.actor.Manager.execute(Manager.java:369)
	at ptolemy.actor.Manager.run(Manager.java:1263)
	at ptolemy.actor.Manager$PtolemyRunThread.run(Manager.java:1933)
java.lang.reflect.InvocationTargetException
	at java.base/jdk.internal.reflect.NativeConstructorAccessorImpl.newInstance0(Native Method)
	at java.base/jdk.internal.reflect.NativeConstructorAccessorImpl.newInstance(NativeConstructorAccessorImpl.java:62)
	at java.base/jdk.internal.reflect.DelegatingConstructorAccessorImpl.newInstance(DelegatingConstructorAccessorImpl.java:45)
	at java.base/java.lang.reflect.Constructor.newInstance(Constructor.java:490)
	at ptolemy.util.test.junit.AutoKnownFailedTests.RunModel(AutoKnownFailedTests.java:105)
	at java.base/jdk.internal.reflect.NativeMethodAccessorImpl.invoke0(Native Method)
	at java.base/jdk.internal.reflect.NativeMethodAccessorImpl.invoke(NativeMethodAccessorImpl.java:62)
	at java.base/jdk.internal.reflect.DelegatingMethodAccessorImpl.invoke(DelegatingMethodAccessorImpl.java:43)
	at java.base/java.lang.reflect.Method.invoke(Method.java:566)
	at org.junit.runners.model.FrameworkMethod$1.runReflectiveCall(FrameworkMethod.java:44)
	at org.junit.internal.runners.model.ReflectiveCallable.run(ReflectiveCallable.java:15)
	at org.junit.runners.model.FrameworkMethod.invokeExplosively(FrameworkMethod.java:41)
	at junitparams.internal.InvokeParameterisedMethod.evaluate(InvokeParameterisedMethod.java:102)
	at org.junit.internal.runners.statements.FailOnTimeout$1.run(FailOnTimeout.java:28)
Caused by: ptolemy.kernel.util.IllegalActionException: initialize() was called after wrapup() was called but preinitialize() was not called after wrapup().
	at ptolemy.actor.lib.hoc.test.PreinitializeMustBeInvoked.initialize(PreinitializeMustBeInvoked.java:78)
	at ptolemy.actor.Director.initialize(Director.java:938)
	at ptolemy.actor.Director.initialize(Director.java:907)
	at ptolemy.actor.sched.StaticSchedulingDirector.initialize(StaticSchedulingDirector.java:159)
	at ptolemy.domains.sdf.kernel.SDFDirector.initialize(SDFDirector.java:544)
	at ptolemy.actor.CompositeActor.initialize(CompositeActor.java:935)
	at ptolemy.actor.lib.hoc.LifeCycleManager._executeInsideModel(LifeCycleManager.java:339)
	at ptolemy.actor.lib.hoc.RunCompositeActor.fire(RunCompositeActor.java:205)
	at ptolemy.actor.CompositeActor.iterate(CompositeActor.java:1146)
	at ptolemy.actor.sched.StaticSchedulingDirector.fire(StaticSchedulingDirector.java:216)
	at ptolemy.domains.sdf.kernel.SDFDirector.fire(SDFDirector.java:500)
	at ptolemy.actor.CompositeActor.fire(CompositeActor.java:455)
	at ptolemy.actor.Manager.iterate(Manager.java:851)
	at ptolemy.actor.Manager.execute(Manager.java:369)
	at ptolemy.actor.Manager.run(Manager.java:1263)
	at ptolemy.actor.Manager$PtolemyRunThread.run(Manager.java:1933)
Warning: Nashorn engine is planned to be removed from a future JDK release
Warning: Nashorn engine is planned to be removed from a future JDK release
Warning: Nashorn engine is planned to be removed from a future JDK release
Warning: Nashorn engine is planned to be removed from a future JDK release
Warning: Nashorn engine is planned to be removed from a future JDK release
Warning: Nashorn engine is planned to be removed from a future JDK release
Warning: Nashorn engine is planned to be removed from a future JDK release
Warning: Nashorn engine is planned to be removed from a future JDK release
]]></system-err>
</testsuite>
