<?xml version="1.0" encoding="UTF-8" ?>
<testsuite errors="0" failures="0" hostname="travis-job-38b86369-43fc-4000-b41d-e222d42f395d" name="ptolemy.domains.de.test.junit.JUnitTclTest" skipped="0" tests="101" time="134.721" timestamp="2019-11-01T06:10:36">
  <properties>
[...]
</properties>
  <testcase classname="ptolemy.util.test.junit.TclTests" name="[0] /home/travis/build/icyphy/ptII/ptolemy/domains/de/test/DependencyLoop.tcl (RunTclFile)" time="1.037" />
  <testcase classname="ptolemy.util.test.junit.TclTests" name="[1] /home/travis/build/icyphy/ptII/ptolemy/domains/de/test/RunDETestsAsQSS.tcl (RunTclFile)" time="90.972" />
  <testcase classname="ptolemy.util.test.junit.AutoKnownFailedTests" name="[0] /home/travis/build/icyphy/ptII/ptolemy/domains/de/test/auto/knownFailedTests/DESDFClockTest.xml (RunModel)" time="2.052" />
  <testcase classname="ptolemy.util.test.junit.AutoKnownFailedTests" name="[1] /home/travis/build/icyphy/ptII/ptolemy/domains/de/test/auto/knownFailedTests/DirectFeedback.xml (RunModel)" time="0.023" />
  <testcase classname="ptolemy.util.test.junit.AutoKnownFailedTests" name="[2] /home/travis/build/icyphy/ptII/ptolemy/domains/de/test/auto/knownFailedTests/FSMSource.xml (RunModel)" time="0.032" />
  <testcase classname="ptolemy.util.test.junit.AutoKnownFailedTests" name="[3] /home/travis/build/icyphy/ptII/ptolemy/domains/de/test/auto/knownFailedTests/HierarchicalModel.xml (RunModel)" time="0.058" />
  <testcase classname="ptolemy.util.test.junit.AutoKnownFailedTests" name="[4] /home/travis/build/icyphy/ptII/ptolemy/domains/de/test/auto/knownFailedTests/dependencyLoop.xml (RunModel)" time="0.047" />
  <testcase classname="ptolemy.util.test.junit.AutoKnownFailedTests" name="[5] /home/travis/build/icyphy/ptII/ptolemy/domains/de/test/auto/knownFailedTests/dependencyLoop2.xml (RunModel)" time="0.047" />
  <testcase classname="ptolemy.util.test.junit.AutoNameArchTests" name="[0] ThereAreNoAutoArchTests (RunModel)" time="0.001" />
  <testcase classname="ptolemy.util.test.junit.AutoTests" name="[0] /home/travis/build/icyphy/ptII/ptolemy/domains/de/test/auto/ActorDepthCalculation_actorWithoutPorts.xml (RunModel)" time="0.022" />
  <testcase classname="ptolemy.util.test.junit.AutoTests" name="[1] /home/travis/build/icyphy/ptII/ptolemy/domains/de/test/auto/AssemblyLine.xml (RunModel)" time="0.023" />
  <testcase classname="ptolemy.util.test.junit.AutoTests" name="[2] /home/travis/build/icyphy/ptII/ptolemy/domains/de/test/auto/CQBug1.xml (RunModel)" time="0.014" />
  <testcase classname="ptolemy.util.test.junit.AutoTests" name="[3] /home/travis/build/icyphy/ptII/ptolemy/domains/de/test/auto/CancelFireAt.xml (RunModel)" time="0.022" />
  <testcase classname="ptolemy.util.test.junit.AutoTests" name="[4] /home/travis/build/icyphy/ptII/ptolemy/domains/de/test/auto/CausalityAndComposabilityAnalysis.xml (RunModel)" time="0.024" />
  <testcase classname="ptolemy.util.test.junit.AutoTests" name="[5] /home/travis/build/icyphy/ptII/ptolemy/domains/de/test/auto/CausalityInterface1.xml (RunModel)" time="0.015" />
  <testcase classname="ptolemy.util.test.junit.AutoTests" name="[6] /home/travis/build/icyphy/ptII/ptolemy/domains/de/test/auto/CausalityInterface15.xml (RunModel)" time="0.019" />
  <testcase classname="ptolemy.util.test.junit.AutoTests" name="[7] /home/travis/build/icyphy/ptII/ptolemy/domains/de/test/auto/CausalityInterface2.xml (RunModel)" time="0.017" />
  <testcase classname="ptolemy.util.test.junit.AutoTests" name="[8] /home/travis/build/icyphy/ptII/ptolemy/domains/de/test/auto/CausalityInterface3.xml (RunModel)" time="0.017" />
  <testcase classname="ptolemy.util.test.junit.AutoTests" name="[9] /home/travis/build/icyphy/ptII/ptolemy/domains/de/test/auto/ClockDrift.xml (RunModel)" time="0.037" />
  <testcase classname="ptolemy.util.test.junit.AutoTests" name="[10] /home/travis/build/icyphy/ptII/ptolemy/domains/de/test/auto/ClockDriftAndValueChange.xml (RunModel)" time="0.035" />
  <testcase classname="ptolemy.util.test.junit.AutoTests" name="[11] /home/travis/build/icyphy/ptII/ptolemy/domains/de/test/auto/ClockDriftChange.xml (RunModel)" time="0.031" />
  <testcase classname="ptolemy.util.test.junit.AutoTests" name="[12] /home/travis/build/icyphy/ptII/ptolemy/domains/de/test/auto/ComposableCausalityAnalysis.xml (RunModel)" time="0.018" />
  <testcase classname="ptolemy.util.test.junit.AutoTests" name="[13] /home/travis/build/icyphy/ptII/ptolemy/domains/de/test/auto/DEFixedPointLimitation.xml (RunModel)" time="0.009" />
  <testcase classname="ptolemy.util.test.junit.AutoTests" name="[14] /home/travis/build/icyphy/ptII/ptolemy/domains/de/test/auto/DEScheduleTest.xml (RunModel)" time="0.013" />
  <testcase classname="ptolemy.util.test.junit.AutoTests" name="[15] /home/travis/build/icyphy/ptII/ptolemy/domains/de/test/auto/DEinDEwithStartTimes.xml (RunModel)" time="0.015" />
  <testcase classname="ptolemy.util.test.junit.AutoTests" name="[16] /home/travis/build/icyphy/ptII/ptolemy/domains/de/test/auto/DEinDEwithStartTimes2.xml (RunModel)" time="0.017" />
  <testcase classname="ptolemy.util.test.junit.AutoTests" name="[17] /home/travis/build/icyphy/ptII/ptolemy/domains/de/test/auto/DateDemo.xml (RunModel)" time="0.039" />
  <testcase classname="ptolemy.util.test.junit.AutoTests" name="[18] /home/travis/build/icyphy/ptII/ptolemy/domains/de/test/auto/DateToEvent.xml (RunModel)" time="2.044" />
  <testcase classname="ptolemy.util.test.junit.AutoTests" name="[19] /home/travis/build/icyphy/ptII/ptolemy/domains/de/test/auto/DepthTest1.xml (RunModel)" time="0.021" />
  <testcase classname="ptolemy.util.test.junit.AutoTests" name="[20] /home/travis/build/icyphy/ptII/ptolemy/domains/de/test/auto/DepthTest2.xml (RunModel)" time="0.027" />
  <testcase classname="ptolemy.util.test.junit.AutoTests" name="[21] /home/travis/build/icyphy/ptII/ptolemy/domains/de/test/auto/DepthTest3.xml (RunModel)" time="0.019" />
  <testcase classname="ptolemy.util.test.junit.AutoTests" name="[22] /home/travis/build/icyphy/ptII/ptolemy/domains/de/test/auto/DepthTest4.xml (RunModel)" time="0.023" />
  <testcase classname="ptolemy.util.test.junit.AutoTests" name="[23] /home/travis/build/icyphy/ptII/ptolemy/domains/de/test/auto/DepthTest5.xml (RunModel)" time="0.021" />
  <testcase classname="ptolemy.util.test.junit.AutoTests" name="[24] /home/travis/build/icyphy/ptII/ptolemy/domains/de/test/auto/DepthTest6.xml (RunModel)" time="0.017" />
  <testcase classname="ptolemy.util.test.junit.AutoTests" name="[25] /home/travis/build/icyphy/ptII/ptolemy/domains/de/test/auto/DepthTest7.xml (RunModel)" time="0.014" />
  <testcase classname="ptolemy.util.test.junit.AutoTests" name="[26] /home/travis/build/icyphy/ptII/ptolemy/domains/de/test/auto/EventToDate.xml (RunModel)" time="3.058" />
  <testcase classname="ptolemy.util.test.junit.AutoTests" name="[27] /home/travis/build/icyphy/ptII/ptolemy/domains/de/test/auto/FSM1.xml (RunModel)" time="0.037" />
  <testcase classname="ptolemy.util.test.junit.AutoTests" name="[28] /home/travis/build/icyphy/ptII/ptolemy/domains/de/test/auto/FSM7.xml (RunModel)" time="0.048" />
  <testcase classname="ptolemy.util.test.junit.AutoTests" name="[29] /home/travis/build/icyphy/ptII/ptolemy/domains/de/test/auto/Inspection.xml (RunModel)" time="0.041" />
  <testcase classname="ptolemy.util.test.junit.AutoTests" name="[30] /home/travis/build/icyphy/ptII/ptolemy/domains/de/test/auto/Iteration.xml (RunModel)" time="0.03" />
  <testcase classname="ptolemy.util.test.junit.AutoTests" name="[31] /home/travis/build/icyphy/ptII/ptolemy/domains/de/test/auto/LineFault.xml (RunModel)" time="0.671" />
  <testcase classname="ptolemy.util.test.junit.AutoTests" name="[32] /home/travis/build/icyphy/ptII/ptolemy/domains/de/test/auto/MergeModel1Add.xml (RunModel)" time="0.059" />
  <testcase classname="ptolemy.util.test.junit.AutoTests" name="[33] /home/travis/build/icyphy/ptII/ptolemy/domains/de/test/auto/MergeModel2Add.xml (RunModel)" time="0.035" />
  <testcase classname="ptolemy.util.test.junit.AutoTests" name="[34] /home/travis/build/icyphy/ptII/ptolemy/domains/de/test/auto/MergeModel3Add.xml (RunModel)" time="0.046" />
  <testcase classname="ptolemy.util.test.junit.AutoTests" name="[35] /home/travis/build/icyphy/ptII/ptolemy/domains/de/test/auto/MergeWithoutDiscard.xml (RunModel)" time="0.018" />
  <testcase classname="ptolemy.util.test.junit.AutoTests" name="[36] /home/travis/build/icyphy/ptII/ptolemy/domains/de/test/auto/Modal1.xml (RunModel)" time="0.026" />
  <testcase classname="ptolemy.util.test.junit.AutoTests" name="[37] /home/travis/build/icyphy/ptII/ptolemy/domains/de/test/auto/Modal2.xml (RunModel)" time="0.031" />
  <testcase classname="ptolemy.util.test.junit.AutoTests" name="[38] /home/travis/build/icyphy/ptII/ptolemy/domains/de/test/auto/Modal3.xml (RunModel)" time="0.025" />
  <testcase classname="ptolemy.util.test.junit.AutoTests" name="[39] /home/travis/build/icyphy/ptII/ptolemy/domains/de/test/auto/Modal4.xml (RunModel)" time="0.032" />
  <testcase classname="ptolemy.util.test.junit.AutoTests" name="[40] /home/travis/build/icyphy/ptII/ptolemy/domains/de/test/auto/Modal5.xml (RunModel)" time="0.028" />
  <testcase classname="ptolemy.util.test.junit.AutoTests" name="[41] /home/travis/build/icyphy/ptII/ptolemy/domains/de/test/auto/Modal6.xml (RunModel)" time="0.028" />
  <testcase classname="ptolemy.util.test.junit.AutoTests" name="[42] /home/travis/build/icyphy/ptII/ptolemy/domains/de/test/auto/Modal7.xml (RunModel)" time="0.032" />
  <testcase classname="ptolemy.util.test.junit.AutoTests" name="[43] /home/travis/build/icyphy/ptII/ptolemy/domains/de/test/auto/ModalModel.xml (RunModel)" time="0.174" />
  <testcase classname="ptolemy.util.test.junit.AutoTests" name="[44] /home/travis/build/icyphy/ptII/ptolemy/domains/de/test/auto/ModalSource.xml (RunModel)" time="0.027" />
  <testcase classname="ptolemy.util.test.junit.AutoTests" name="[45] /home/travis/build/icyphy/ptII/ptolemy/domains/de/test/auto/NonInterruptibleTimerZeroDelay.xml (RunModel)" time="0.01" />
  <testcase classname="ptolemy.util.test.junit.AutoTests" name="[46] /home/travis/build/icyphy/ptII/ptolemy/domains/de/test/auto/OpenQueueingNetwork.xml (RunModel)" time="2.617" />
  <testcase classname="ptolemy.util.test.junit.AutoTests" name="[47] /home/travis/build/icyphy/ptII/ptolemy/domains/de/test/auto/OpenQueuingNetwork.xml (RunModel)" time="0.283" />
  <testcase classname="ptolemy.util.test.junit.AutoTests" name="[48] /home/travis/build/icyphy/ptII/ptolemy/domains/de/test/auto/PeriodicSampler.xml (RunModel)" time="0.017" />
  <testcase classname="ptolemy.util.test.junit.AutoTests" name="[49] /home/travis/build/icyphy/ptII/ptolemy/domains/de/test/auto/PersistentIO.xml (RunModel)" time="0.021" />
  <testcase classname="ptolemy.util.test.junit.AutoTests" name="[50] /home/travis/build/icyphy/ptII/ptolemy/domains/de/test/auto/PortParameterResetOnInitialize.xml (RunModel)" time="0.008" />
  <testcase classname="ptolemy.util.test.junit.AutoTests" name="[51] /home/travis/build/icyphy/ptII/ptolemy/domains/de/test/auto/PortParameterUpdates.xml (RunModel)" time="0.013" />
  <testcase classname="ptolemy.util.test.junit.AutoTests" name="[52] /home/travis/build/icyphy/ptII/ptolemy/domains/de/test/auto/QueueAndServer.xml (RunModel)" time="0.021" />
  <testcase classname="ptolemy.util.test.junit.AutoTests" name="[53] /home/travis/build/icyphy/ptII/ptolemy/domains/de/test/auto/Records.xml (RunModel)" time="0.014" />
  <testcase classname="ptolemy.util.test.junit.AutoTests" name="[54] /home/travis/build/icyphy/ptII/ptolemy/domains/de/test/auto/ResetTransitionWithStartTime1.xml (RunModel)" time="0.016" />
  <testcase classname="ptolemy.util.test.junit.AutoTests" name="[55] /home/travis/build/icyphy/ptII/ptolemy/domains/de/test/auto/ResetTransitionWithStartTime2.xml (RunModel)" time="0.021" />
  <testcase classname="ptolemy.util.test.junit.AutoTests" name="[56] /home/travis/build/icyphy/ptII/ptolemy/domains/de/test/auto/ResetTransitionWithStartTime3.xml (RunModel)" time="0.018" />
  <testcase classname="ptolemy.util.test.junit.AutoTests" name="[57] /home/travis/build/icyphy/ptII/ptolemy/domains/de/test/auto/ResetTransitionWithStartTime4.xml (RunModel)" time="0.019" />
  <testcase classname="ptolemy.util.test.junit.AutoTests" name="[58] /home/travis/build/icyphy/ptII/ptolemy/domains/de/test/auto/ResettableTimer1.xml (RunModel)" time="0.015" />
  <testcase classname="ptolemy.util.test.junit.AutoTests" name="[59] /home/travis/build/icyphy/ptII/ptolemy/domains/de/test/auto/ResettableTimer2.xml (RunModel)" time="0.009" />
  <testcase classname="ptolemy.util.test.junit.AutoTests" name="[60] /home/travis/build/icyphy/ptII/ptolemy/domains/de/test/auto/ResettableTimer3.xml (RunModel)" time="0.009" />
  <testcase classname="ptolemy.util.test.junit.AutoTests" name="[61] /home/travis/build/icyphy/ptII/ptolemy/domains/de/test/auto/ResettableTimer4.xml (RunModel)" time="0.01" />
  <testcase classname="ptolemy.util.test.junit.AutoTests" name="[62] /home/travis/build/icyphy/ptII/ptolemy/domains/de/test/auto/ResettableTimer5.xml (RunModel)" time="0.009" />
  <testcase classname="ptolemy.util.test.junit.AutoTests" name="[63] /home/travis/build/icyphy/ptII/ptolemy/domains/de/test/auto/ResettableTimer6.xml (RunModel)" time="0.016" />
  <testcase classname="ptolemy.util.test.junit.AutoTests" name="[64] /home/travis/build/icyphy/ptII/ptolemy/domains/de/test/auto/ServerZeroDelay.xml (RunModel)" time="0.01" />
  <testcase classname="ptolemy.util.test.junit.AutoTests" name="[65] /home/travis/build/icyphy/ptII/ptolemy/domains/de/test/auto/SmartSender.xml (RunModel)" time="3.008" />
  <testcase classname="ptolemy.util.test.junit.AutoTests" name="[66] /home/travis/build/icyphy/ptII/ptolemy/domains/de/test/auto/ThreadedComposite.xml (RunModel)" time="0.135" />
  <testcase classname="ptolemy.util.test.junit.AutoTests" name="[67] /home/travis/build/icyphy/ptII/ptolemy/domains/de/test/auto/Time.xml (RunModel)" time="0.469" />
  <testcase classname="ptolemy.util.test.junit.AutoTests" name="[68] /home/travis/build/icyphy/ptII/ptolemy/domains/de/test/auto/TimeDelayZeroDelay.xml (RunModel)" time="0.012" />
  <testcase classname="ptolemy.util.test.junit.AutoTests" name="[69] /home/travis/build/icyphy/ptII/ptolemy/domains/de/test/auto/TimerZeroDelay.xml (RunModel)" time="0.011" />
  <testcase classname="ptolemy.util.test.junit.AutoTests" name="[70] /home/travis/build/icyphy/ptII/ptolemy/domains/de/test/auto/TimingParadox.xml (RunModel)" time="0.382" />
  <testcase classname="ptolemy.util.test.junit.AutoTests" name="[71] /home/travis/build/icyphy/ptII/ptolemy/domains/de/test/auto/TransferInputs.xml (RunModel)" time="0.014" />
  <testcase classname="ptolemy.util.test.junit.AutoTests" name="[72] /home/travis/build/icyphy/ptII/ptolemy/domains/de/test/auto/TransferOutputs2.xml (RunModel)" time="0.015" />
  <testcase classname="ptolemy.util.test.junit.AutoTests" name="[73] /home/travis/build/icyphy/ptII/ptolemy/domains/de/test/auto/Trilateration.xml (RunModel)" time="13.28" />
  <testcase classname="ptolemy.util.test.junit.AutoTests" name="[74] /home/travis/build/icyphy/ptII/ptolemy/domains/de/test/auto/TwoSigmaDelta.xml (RunModel)" time="2.344" />
  <testcase classname="ptolemy.util.test.junit.AutoTests" name="[75] /home/travis/build/icyphy/ptII/ptolemy/domains/de/test/auto/VariableDelay.xml (RunModel)" time="0.011" />
  <testcase classname="ptolemy.util.test.junit.AutoTests" name="[76] /home/travis/build/icyphy/ptII/ptolemy/domains/de/test/auto/VariableDelay2.xml (RunModel)" time="0.01" />
  <testcase classname="ptolemy.util.test.junit.AutoTests" name="[77] /home/travis/build/icyphy/ptII/ptolemy/domains/de/test/auto/VariableDelayZeroDelay.xml (RunModel)" time="0.011" />
  <testcase classname="ptolemy.util.test.junit.AutoTests" name="[78] /home/travis/build/icyphy/ptII/ptolemy/domains/de/test/auto/VariableDelayZeroDelay2.xml (RunModel)" time="0.009" />
  <testcase classname="ptolemy.util.test.junit.AutoTests" name="[79] /home/travis/build/icyphy/ptII/ptolemy/domains/de/test/auto/deInCt.xml (RunModel)" time="0.015" />
  <testcase classname="ptolemy.util.test.junit.AutoTests" name="[80] /home/travis/build/icyphy/ptII/ptolemy/domains/de/test/auto/deInCt2.xml (RunModel)" time="0.014" />
  <testcase classname="ptolemy.util.test.junit.AutoTests" name="[81] /home/travis/build/icyphy/ptII/ptolemy/domains/de/test/auto/dynamicCausalityInterface1.xml (RunModel)" time="0.017" />
  <testcase classname="ptolemy.util.test.junit.AutoTests" name="[82] /home/travis/build/icyphy/ptII/ptolemy/domains/de/test/auto/fsm_de_test.xml (RunModel)" time="0.021" />
  <testcase classname="ptolemy.util.test.junit.AutoTests" name="[83] /home/travis/build/icyphy/ptII/ptolemy/domains/de/test/auto/functionDependencyReconstruction.xml (RunModel)" time="0.033" />
  <testcase classname="ptolemy.util.test.junit.AutoTests" name="[84] /home/travis/build/icyphy/ptII/ptolemy/domains/de/test/auto/multirate.xml (RunModel)" time="0.013" />
  <testcase classname="ptolemy.util.test.junit.AutoTests" name="[85] /home/travis/build/icyphy/ptII/ptolemy/domains/de/test/auto/multirate2.xml (RunModel)" time="0.013" />
  <testcase classname="ptolemy.util.test.junit.AutoTests" name="[86] /home/travis/build/icyphy/ptII/ptolemy/domains/de/test/auto/realtime.xml (RunModel)" time="10.009" />
  <testcase classname="ptolemy.util.test.junit.AutoTests" name="[87] /home/travis/build/icyphy/ptII/ptolemy/domains/de/test/auto/relationGroup.xml (RunModel)" time="0.01" />
  <testcase classname="ptolemy.util.test.junit.AutoTests" name="[88] /home/travis/build/icyphy/ptII/ptolemy/domains/de/test/auto/relationGroup2.xml (RunModel)" time="0.011" />
  <testcase classname="ptolemy.util.test.junit.AutoTests" name="[89] /home/travis/build/icyphy/ptII/ptolemy/domains/de/test/auto/sortWithOpaquePorts.xml (RunModel)" time="0.018" />
  <testcase classname="ptolemy.util.test.junit.AutoTests" name="[90] /home/travis/build/icyphy/ptII/ptolemy/domains/de/test/auto/transferInputsandOutputs.xml (RunModel)" time="0.018" />
  <testcase classname="ptolemy.util.test.junit.AutoTests" name="[91] /home/travis/build/icyphy/ptII/ptolemy/domains/de/test/auto/triggerType.xml (RunModel)" time="0.02" />
  <system-out><![CDATA[/home/travis/build/icyphy/ptII/ptolemy/domains/de/test/DependencyLoop.tcl
testDefs.tcl: setting time out to 9000 seconds at Fri Nov 01 06:10:36 UTC 2019
54 ms. Memory: 120832K Free: 72133K (60%)
28 ms. Memory: 120832K Free: 54710K (45%)
/home/travis/build/icyphy/ptII/ptolemy/domains/de/test/RunDETestsAsQSS.tcl
Run the DE tests using ptolemy.domains.qss.test.QSSDirectorTest, which extends QSSDirector and prints a message in the constructors.
------------------ testing $PTII/ptolemy/domains/de/test/auto/knownFailedTests/DirectFeedback.xml (Known Failure) 
68 ms. Memory: 120832K Free: 48581K (40%)


==== $PTIIhome/travis/build/icyphy/ptII/ptolemy/domains/de/test/../../../../: Auto Automatic test in file $PTII/ptolemy/domains/de/test/auto/knownFailedTests/DirectFeedback.xml
==== Contents of test case:

	    # FIXME: we should use $relativeFilename here, but it
	    # might have backslashes under Windows, which causes no end
	    # of trouble.
	    createAndExecute $file
	    list {}
	
.... Test generated KNOWN error:
    while executing
ptolemy.kernel.util.IllegalActionException: Test fails in iteration 1.
Value was: 1.0. Should have been: 2.0
  in .DirectFeedback.Test
	at ptolemy.actor.lib.Test.fire(Test.java:268)
	at ptolemy.domains.de.kernel.DEDirector._fire(DEDirector.java:1949)
	at ptolemy.domains.de.kernel.DEDirector.fire(DEDirector.java:502)
	at ptolemy.actor.CompositeActor.fire(CompositeActor.java:455)
	at ptolemy.actor.Manager.iterate(Manager.java:851)
	at ptolemy.actor.Manager.execute(Manager.java:369)
	at ptolemy.actor.Manager.run(Manager.java:1263)
	at ptolemy.actor.Manager$PtolemyRunThread.run(Manager.java:1933)

    while executing
ptolemy.kernel.util.IllegalActionException: Test fails in iteration 1.
Value was: 1.0. Should have been: 2.0
  in .DirectFeedback.Test
    while executing
"java::new ptolemy.moml.MoMLSimpleApplication $file
"
    (procedure "createAndExecute" line 2)
    invoked from within
"createAndExecute $file"
    ("uplevel" body line 5)
    invoked from within
"uplevel $contents_of_test"
------------------ testing $PTII/ptolemy/domains/de/test/auto/knownFailedTests/dependencyLoop.xml (Known Failure) 
40 ms. Memory: 120832K Free: 108307K (90%)


==== $PTIIhome/travis/build/icyphy/ptII/ptolemy/domains/de/test/../../../../: Auto Automatic test in file $PTII/ptolemy/domains/de/test/auto/knownFailedTests/dependencyLoop.xml
==== Contents of test case:

	    # FIXME: we should use $relativeFilename here, but it
	    # might have backslashes under Windows, which causes no end
	    # of trouble.
	    createAndExecute $file
	    list {}
	
.... Test generated KNOWN error:
    while executing
ptolemy.kernel.util.IllegalActionException: Found a zero delay loop containing .dependencyLoop.original
  in .dependencyLoop and .dependencyLoop.original
	at ptolemy.actor.util.CausalityInterfaceForComposites._computeOutputPortDepth(CausalityInterfaceForComposites.java:759)
	at ptolemy.actor.util.CausalityInterfaceForComposites._computeInputDepth(CausalityInterfaceForComposites.java:696)
	at ptolemy.actor.util.CausalityInterfaceForComposites._computeOutputPortDepth(CausalityInterfaceForComposites.java:765)
	at ptolemy.actor.util.CausalityInterfaceForComposites._computeInputDepth(CausalityInterfaceForComposites.java:696)
	at ptolemy.actor.util.CausalityInterfaceForComposites._computeOutputPortDepth(CausalityInterfaceForComposites.java:765)
	at ptolemy.actor.util.CausalityInterfaceForComposites._computeInputDepth(CausalityInterfaceForComposites.java:696)
	at ptolemy.actor.util.CausalityInterfaceForComposites._computeActorDepth(CausalityInterfaceForComposites.java:532)
	at ptolemy.actor.util.CausalityInterfaceForComposites.checkForCycles(CausalityInterfaceForComposites.java:96)
	at ptolemy.domains.de.kernel.DEDirector.preinitialize(DEDirector.java:1338)
	at ptolemy.actor.CompositeActor.preinitialize(CompositeActor.java:1828)
	at ptolemy.actor.Manager.preinitializeAndResolveTypes(Manager.java:1040)
	at ptolemy.actor.Manager.initialize(Manager.java:710)
	at ptolemy.actor.Manager.execute(Manager.java:356)
	at ptolemy.actor.Manager.run(Manager.java:1263)
	at ptolemy.actor.Manager$PtolemyRunThread.run(Manager.java:1933)

    while executing
ptolemy.kernel.util.IllegalActionException: Found a zero delay loop containing .dependencyLoop.original
  in .dependencyLoop and .dependencyLoop.original
    while executing
"java::new ptolemy.moml.MoMLSimpleApplication $file
"
    (procedure "createAndExecute" line 2)
    invoked from within
"createAndExecute $file"
    ("uplevel" body line 5)
    invoked from within
"uplevel $contents_of_test"
------------------ testing $PTII/ptolemy/domains/de/test/auto/knownFailedTests/FSMSource.xml (Known Failure) 
44 ms. Memory: 120832K Free: 99152K (82%)
!!!! Auto was marked as failing, but now passes
------------------ testing $PTII/ptolemy/domains/de/test/auto/knownFailedTests/HierarchicalModel.xml (Known Failure) 
6 ms. Memory: 120832K Free: 81737K (68%)


==== $PTIIhome/travis/build/icyphy/ptII/ptolemy/domains/de/test/../../../../: Auto Automatic test in file $PTII/ptolemy/domains/de/test/auto/knownFailedTests/HierarchicalModel.xml
==== Contents of test case:

	    # FIXME: we should use $relativeFilename here, but it
	    # might have backslashes under Windows, which causes no end
	    # of trouble.
	    createAndExecute $file
	    list {}
	
.... Test generated KNOWN error:
    while executing
ptolemy.kernel.util.IllegalActionException: Found a zero delay loop containing .HierarchicalModel.A
  in .HierarchicalModel and .HierarchicalModel.A
	at ptolemy.actor.util.CausalityInterfaceForComposites._computeOutputPortDepth(CausalityInterfaceForComposites.java:759)
	at ptolemy.actor.util.CausalityInterfaceForComposites._computeInputDepth(CausalityInterfaceForComposites.java:696)
	at ptolemy.actor.util.CausalityInterfaceForComposites._computeOutputPortDepth(CausalityInterfaceForComposites.java:765)
	at ptolemy.actor.util.CausalityInterfaceForComposites._computeInputDepth(CausalityInterfaceForComposites.java:696)
	at ptolemy.actor.util.CausalityInterfaceForComposites._computeOutputPortDepth(CausalityInterfaceForComposites.java:765)
	at ptolemy.actor.util.CausalityInterfaceForComposites._computeInputDepth(CausalityInterfaceForComposites.java:696)
	at ptolemy.actor.util.CausalityInterfaceForComposites._computeActorDepth(CausalityInterfaceForComposites.java:532)
	at ptolemy.actor.util.CausalityInterfaceForComposites.checkForCycles(CausalityInterfaceForComposites.java:96)
	at ptolemy.domains.de.kernel.DEDirector.preinitialize(DEDirector.java:1338)
	at ptolemy.actor.CompositeActor.preinitialize(CompositeActor.java:1828)
	at ptolemy.actor.Manager.preinitializeAndResolveTypes(Manager.java:1040)
	at ptolemy.actor.Manager.initialize(Manager.java:710)
	at ptolemy.actor.Manager.execute(Manager.java:356)
	at ptolemy.actor.Manager.run(Manager.java:1263)
	at ptolemy.actor.Manager$PtolemyRunThread.run(Manager.java:1933)

    while executing
ptolemy.kernel.util.IllegalActionException: Found a zero delay loop containing .HierarchicalModel.A
  in .HierarchicalModel and .HierarchicalModel.A
    while executing
"java::new ptolemy.moml.MoMLSimpleApplication $file
"
    (procedure "createAndExecute" line 2)
    invoked from within
"createAndExecute $file"
    ("uplevel" body line 5)
    invoked from within
"uplevel $contents_of_test"
------------------ testing $PTII/ptolemy/domains/de/test/auto/knownFailedTests/dependencyLoop2.xml (Known Failure) 
4 ms. Memory: 120832K Free: 65785K (54%)


==== $PTIIhome/travis/build/icyphy/ptII/ptolemy/domains/de/test/../../../../: Auto Automatic test in file $PTII/ptolemy/domains/de/test/auto/knownFailedTests/dependencyLoop2.xml
==== Contents of test case:

	    # FIXME: we should use $relativeFilename here, but it
	    # might have backslashes under Windows, which causes no end
	    # of trouble.
	    createAndExecute $file
	    list {}
	
.... Test generated KNOWN error:
    while executing
ptolemy.kernel.util.IllegalActionException: Found a zero delay loop containing .dependencyLoop2.original
  in .dependencyLoop2 and .dependencyLoop2.original
	at ptolemy.actor.util.CausalityInterfaceForComposites._computeOutputPortDepth(CausalityInterfaceForComposites.java:759)
	at ptolemy.actor.util.CausalityInterfaceForComposites._computeInputDepth(CausalityInterfaceForComposites.java:696)
	at ptolemy.actor.util.CausalityInterfaceForComposites._computeOutputPortDepth(CausalityInterfaceForComposites.java:765)
	at ptolemy.actor.util.CausalityInterfaceForComposites._computeInputDepth(CausalityInterfaceForComposites.java:696)
	at ptolemy.actor.util.CausalityInterfaceForComposites._computeOutputPortDepth(CausalityInterfaceForComposites.java:765)
	at ptolemy.actor.util.CausalityInterfaceForComposites._computeInputDepth(CausalityInterfaceForComposites.java:696)
	at ptolemy.actor.util.CausalityInterfaceForComposites._computeActorDepth(CausalityInterfaceForComposites.java:532)
	at ptolemy.actor.util.CausalityInterfaceForComposites.checkForCycles(CausalityInterfaceForComposites.java:96)
	at ptolemy.domains.de.kernel.DEDirector.preinitialize(DEDirector.java:1338)
	at ptolemy.actor.CompositeActor.preinitialize(CompositeActor.java:1828)
	at ptolemy.actor.Manager.preinitializeAndResolveTypes(Manager.java:1040)
	at ptolemy.actor.Manager.initialize(Manager.java:710)
	at ptolemy.actor.Manager.execute(Manager.java:356)
	at ptolemy.actor.Manager.run(Manager.java:1263)
	at ptolemy.actor.Manager$PtolemyRunThread.run(Manager.java:1933)

    while executing
ptolemy.kernel.util.IllegalActionException: Found a zero delay loop containing .dependencyLoop2.original
  in .dependencyLoop2 and .dependencyLoop2.original
    while executing
"java::new ptolemy.moml.MoMLSimpleApplication $file
"
    (procedure "createAndExecute" line 2)
    invoked from within
"createAndExecute $file"
    ("uplevel" body line 5)
    invoked from within
"uplevel $contents_of_test"
------------------ testing $PTII/ptolemy/domains/de/test/auto/knownFailedTests/DESDFClockTest.xml (Known Failure) 
2072 ms. Memory: 120832K Free: 94536K (78%)


==== $PTIIhome/travis/build/icyphy/ptII/ptolemy/domains/de/test/../../../../: Auto Automatic test in file $PTII/ptolemy/domains/de/test/auto/knownFailedTests/DESDFClockTest.xml
==== Contents of test case:

	    # FIXME: we should use $relativeFilename here, but it
	    # might have backslashes under Windows, which causes no end
	    # of trouble.
	    createAndExecute $file
	    list {}
	
.... Test generated KNOWN error:
    while executing
ptolemy.kernel.util.IllegalActionException: Actor is not ready to fire.  Perhaps UpSample.prefire() returned false? Try debugging the actor by selecting "Listen to Actor".  Also, for SDF check moml for tokenConsumptionRate on input.
  in .DESDFClockTest.Play Bell.Copy1:SDF Director and .DESDFClockTest.Play Bell.UpSample
	at ptolemy.actor.sched.StaticSchedulingDirector.fire(StaticSchedulingDirector.java:227)
	at ptolemy.domains.sdf.kernel.SDFDirector.fire(SDFDirector.java:500)
	at ptolemy.actor.CompositeActor.fire(CompositeActor.java:455)
	at ptolemy.domains.de.kernel.DEDirector._fire(DEDirector.java:1949)
	at ptolemy.domains.de.kernel.DEDirector.fire(DEDirector.java:502)
	at ptolemy.actor.CompositeActor.fire(CompositeActor.java:455)
	at ptolemy.actor.Manager.iterate(Manager.java:851)
	at ptolemy.actor.Manager.execute(Manager.java:369)
	at ptolemy.actor.Manager.run(Manager.java:1263)
	at ptolemy.actor.Manager$PtolemyRunThread.run(Manager.java:1933)

    while executing
ptolemy.kernel.util.IllegalActionException: Actor is not ready to fire.  Perhaps UpSample.prefire() returned false? Try debugging the actor by selecting "Listen to Actor".  Also, for SDF check moml for tokenConsumptionRate on input.
  in .DESDFClockTest.Play Bell.Copy1:SDF Director and .DESDFClockTest.Play Bell.UpSample
    while executing
"java::new ptolemy.moml.MoMLSimpleApplication $file
"
    (procedure "createAndExecute" line 2)
    invoked from within
"createAndExecute $file"
    ("uplevel" body line 5)
    invoked from within
"uplevel $contents_of_test"
------------------ testing $PTII/ptolemy/domains/de/test/auto/ActorDepthCalculation_actorWithoutPorts.xml
auto.tcl: Setting watchdog for 200 seconds at Fri Nov 01 06:10:40 UTC 2019
8 ms. Memory: 120832K Free: 86858K (72%)
ptolemy.util.test.WatchDog.cancel(): canceling Fri Nov 01 06:10:40 UTC 2019
auto.tcl: Setting watchdog for 200 seconds at Fri Nov 01 06:10:40 UTC 2019
5 ms. Memory: 120832K Free: 85314K (71%)
ptolemy.util.test.WatchDog.cancel(): canceling Fri Nov 01 06:10:40 UTC 2019
------------------ testing $PTII/ptolemy/domains/de/test/auto/AssemblyLine.xml
auto.tcl: Setting watchdog for 200 seconds at Fri Nov 01 06:10:41 UTC 2019
29 ms. Memory: 48128K Free: 26037K (54%)
ptolemy.util.test.WatchDog.cancel(): canceling Fri Nov 01 06:10:41 UTC 2019
auto.tcl: Setting watchdog for 200 seconds at Fri Nov 01 06:10:41 UTC 2019
8 ms. Memory: 48128K Free: 25336K (53%)
ptolemy.util.test.WatchDog.cancel(): canceling Fri Nov 01 06:10:41 UTC 2019
------------------ testing $PTII/ptolemy/domains/de/test/auto/CQBug1.xml
auto.tcl: Setting watchdog for 200 seconds at Fri Nov 01 06:10:41 UTC 2019
3 ms. Memory: 48128K Free: 31465K (65%)
ptolemy.util.test.WatchDog.cancel(): canceling Fri Nov 01 06:10:41 UTC 2019
auto.tcl: Setting watchdog for 200 seconds at Fri Nov 01 06:10:41 UTC 2019
2 ms. Memory: 48128K Free: 31035K (64%)
ptolemy.util.test.WatchDog.cancel(): canceling Fri Nov 01 06:10:41 UTC 2019
------------------ testing $PTII/ptolemy/domains/de/test/auto/CancelFireAt.xml
auto.tcl: Setting watchdog for 200 seconds at Fri Nov 01 06:10:41 UTC 2019
2 ms. Memory: 45056K Free: 29693K (66%)
ptolemy.util.test.WatchDog.cancel(): canceling Fri Nov 01 06:10:41 UTC 2019
auto.tcl: Setting watchdog for 200 seconds at Fri Nov 01 06:10:41 UTC 2019
2 ms. Memory: 45056K Free: 29250K (65%)
ptolemy.util.test.WatchDog.cancel(): canceling Fri Nov 01 06:10:41 UTC 2019
------------------ testing $PTII/ptolemy/domains/de/test/auto/CausalityAndComposabilityAnalysis.xml
auto.tcl: Setting watchdog for 200 seconds at Fri Nov 01 06:10:41 UTC 2019
6 ms. Memory: 45056K Free: 27920K (62%)
ptolemy.util.test.WatchDog.cancel(): canceling Fri Nov 01 06:10:41 UTC 2019
auto.tcl: Setting watchdog for 200 seconds at Fri Nov 01 06:10:41 UTC 2019
5 ms. Memory: 45056K Free: 27095K (60%)
ptolemy.util.test.WatchDog.cancel(): canceling Fri Nov 01 06:10:41 UTC 2019
------------------ testing $PTII/ptolemy/domains/de/test/auto/CausalityInterface1.xml
auto.tcl: Setting watchdog for 200 seconds at Fri Nov 01 06:10:41 UTC 2019
35 ms. Memory: 45056K Free: 26362K (59%)
ptolemy.util.test.WatchDog.cancel(): canceling Fri Nov 01 06:10:41 UTC 2019
auto.tcl: Setting watchdog for 200 seconds at Fri Nov 01 06:10:41 UTC 2019
4 ms. Memory: 45056K Free: 25385K (56%)
ptolemy.util.test.WatchDog.cancel(): canceling Fri Nov 01 06:10:41 UTC 2019
------------------ testing $PTII/ptolemy/domains/de/test/auto/CausalityInterface15.xml
auto.tcl: Setting watchdog for 200 seconds at Fri Nov 01 06:10:42 UTC 2019
6 ms. Memory: 45056K Free: 26038K (58%)
ptolemy.util.test.WatchDog.cancel(): canceling Fri Nov 01 06:10:42 UTC 2019
auto.tcl: Setting watchdog for 200 seconds at Fri Nov 01 06:10:42 UTC 2019
3 ms. Memory: 45056K Free: 25348K (56%)
ptolemy.util.test.WatchDog.cancel(): canceling Fri Nov 01 06:10:42 UTC 2019
------------------ testing $PTII/ptolemy/domains/de/test/auto/CausalityInterface2.xml
auto.tcl: Setting watchdog for 200 seconds at Fri Nov 01 06:10:42 UTC 2019
8 ms. Memory: 45056K Free: 27000K (60%)
ptolemy.util.test.WatchDog.cancel(): canceling Fri Nov 01 06:10:42 UTC 2019
auto.tcl: Setting watchdog for 200 seconds at Fri Nov 01 06:10:42 UTC 2019
6 ms. Memory: 45056K Free: 26281K (58%)
ptolemy.util.test.WatchDog.cancel(): canceling Fri Nov 01 06:10:42 UTC 2019
------------------ testing $PTII/ptolemy/domains/de/test/auto/CausalityInterface3.xml
auto.tcl: Setting watchdog for 200 seconds at Fri Nov 01 06:10:42 UTC 2019
4 ms. Memory: 45056K Free: 26454K (59%)
ptolemy.util.test.WatchDog.cancel(): canceling Fri Nov 01 06:10:42 UTC 2019
auto.tcl: Setting watchdog for 200 seconds at Fri Nov 01 06:10:42 UTC 2019
3 ms. Memory: 45056K Free: 25658K (57%)
ptolemy.util.test.WatchDog.cancel(): canceling Fri Nov 01 06:10:42 UTC 2019
------------------ testing $PTII/ptolemy/domains/de/test/auto/ClockDrift.xml
auto.tcl: Setting watchdog for 200 seconds at Fri Nov 01 06:10:42 UTC 2019
59 ms. Memory: 45056K Free: 19049K (42%)
ptolemy.util.test.WatchDog.cancel(): canceling Fri Nov 01 06:10:42 UTC 2019
auto.tcl: Setting watchdog for 200 seconds at Fri Nov 01 06:10:42 UTC 2019
55 ms. Memory: 45056K Free: 16035K (36%)
ptolemy.util.test.WatchDog.cancel(): canceling Fri Nov 01 06:10:42 UTC 2019
------------------ testing $PTII/ptolemy/domains/de/test/auto/ClockDriftAndValueChange.xml
auto.tcl: Setting watchdog for 200 seconds at Fri Nov 01 06:10:42 UTC 2019
55 ms. Memory: 45056K Free: 19133K (42%)
ptolemy.util.test.WatchDog.cancel(): canceling Fri Nov 01 06:10:42 UTC 2019
auto.tcl: Setting watchdog for 200 seconds at Fri Nov 01 06:10:42 UTC 2019
32 ms. Memory: 45056K Free: 16278K (36%)
ptolemy.util.test.WatchDog.cancel(): canceling Fri Nov 01 06:10:42 UTC 2019
------------------ testing $PTII/ptolemy/domains/de/test/auto/ClockDriftChange.xml
auto.tcl: Setting watchdog for 200 seconds at Fri Nov 01 06:10:42 UTC 2019
20 ms. Memory: 45056K Free: 21180K (47%)
ptolemy.util.test.WatchDog.cancel(): canceling Fri Nov 01 06:10:42 UTC 2019
auto.tcl: Setting watchdog for 200 seconds at Fri Nov 01 06:10:42 UTC 2019
17 ms. Memory: 45056K Free: 18647K (41%)
ptolemy.util.test.WatchDog.cancel(): canceling Fri Nov 01 06:10:42 UTC 2019
------------------ testing $PTII/ptolemy/domains/de/test/auto/ComposableCausalityAnalysis.xml
auto.tcl: Setting watchdog for 200 seconds at Fri Nov 01 06:10:42 UTC 2019
6 ms. Memory: 45056K Free: 25862K (57%)
ptolemy.util.test.WatchDog.cancel(): canceling Fri Nov 01 06:10:42 UTC 2019
auto.tcl: Setting watchdog for 200 seconds at Fri Nov 01 06:10:42 UTC 2019
5 ms. Memory: 45056K Free: 24775K (55%)
ptolemy.util.test.WatchDog.cancel(): canceling Fri Nov 01 06:10:42 UTC 2019
------------------ testing $PTII/ptolemy/domains/de/test/auto/DEFixedPointLimitation.xml
auto.tcl: Setting watchdog for 200 seconds at Fri Nov 01 06:10:42 UTC 2019
3 ms. Memory: 45056K Free: 27145K (60%)
ptolemy.util.test.WatchDog.cancel(): canceling Fri Nov 01 06:10:42 UTC 2019
auto.tcl: Setting watchdog for 200 seconds at Fri Nov 01 06:10:42 UTC 2019
1 ms. Memory: 45056K Free: 26249K (58%)
ptolemy.util.test.WatchDog.cancel(): canceling Fri Nov 01 06:10:42 UTC 2019
------------------ testing $PTII/ptolemy/domains/de/test/auto/DEScheduleTest.xml
auto.tcl: Setting watchdog for 200 seconds at Fri Nov 01 06:10:42 UTC 2019
9 ms. Memory: 45056K Free: 27396K (61%)
ptolemy.util.test.WatchDog.cancel(): canceling Fri Nov 01 06:10:42 UTC 2019
auto.tcl: Setting watchdog for 200 seconds at Fri Nov 01 06:10:42 UTC 2019
3 ms. Memory: 45056K Free: 26670K (59%)
ptolemy.util.test.WatchDog.cancel(): canceling Fri Nov 01 06:10:43 UTC 2019
------------------ testing $PTII/ptolemy/domains/de/test/auto/DEinDEwithStartTimes.xml
auto.tcl: Setting watchdog for 200 seconds at Fri Nov 01 06:10:43 UTC 2019
9 ms. Memory: 45056K Free: 25597K (57%)
ptolemy.util.test.WatchDog.cancel(): canceling Fri Nov 01 06:10:43 UTC 2019
auto.tcl: Setting watchdog for 200 seconds at Fri Nov 01 06:10:43 UTC 2019
7 ms. Memory: 45056K Free: 24573K (55%)
ptolemy.util.test.WatchDog.cancel(): canceling Fri Nov 01 06:10:43 UTC 2019
------------------ testing $PTII/ptolemy/domains/de/test/auto/DEinDEwithStartTimes2.xml
auto.tcl: Setting watchdog for 200 seconds at Fri Nov 01 06:10:43 UTC 2019
7 ms. Memory: 45056K Free: 24852K (55%)
ptolemy.util.test.WatchDog.cancel(): canceling Fri Nov 01 06:10:43 UTC 2019
auto.tcl: Setting watchdog for 200 seconds at Fri Nov 01 06:10:43 UTC 2019
4 ms. Memory: 45056K Free: 23528K (52%)
ptolemy.util.test.WatchDog.cancel(): canceling Fri Nov 01 06:10:43 UTC 2019
------------------ testing $PTII/ptolemy/domains/de/test/auto/DateDemo.xml
auto.tcl: Setting watchdog for 200 seconds at Fri Nov 01 06:10:43 UTC 2019
16 ms. Memory: 45056K Free: 19189K (43%)
ptolemy.util.test.WatchDog.cancel(): canceling Fri Nov 01 06:10:43 UTC 2019
auto.tcl: Setting watchdog for 200 seconds at Fri Nov 01 06:10:43 UTC 2019
9 ms. Memory: 45056K Free: 17648K (39%)
ptolemy.util.test.WatchDog.cancel(): canceling Fri Nov 01 06:10:43 UTC 2019
------------------ testing $PTII/ptolemy/domains/de/test/auto/DateToEvent.xml
auto.tcl: Setting watchdog for 200 seconds at Fri Nov 01 06:10:43 UTC 2019
2010 ms. Memory: 45056K Free: 14949K (33%)
ptolemy.util.test.WatchDog.cancel(): canceling Fri Nov 01 06:10:45 UTC 2019
auto.tcl: Setting watchdog for 200 seconds at Fri Nov 01 06:10:45 UTC 2019
2007 ms. Memory: 45056K Free: 14234K (32%)
ptolemy.util.test.WatchDog.cancel(): canceling Fri Nov 01 06:10:47 UTC 2019
------------------ testing $PTII/ptolemy/domains/de/test/auto/DepthTest1.xml
auto.tcl: Setting watchdog for 200 seconds at Fri Nov 01 06:10:47 UTC 2019
4 ms. Memory: 45056K Free: 28216K (63%)
ptolemy.util.test.WatchDog.cancel(): canceling Fri Nov 01 06:10:47 UTC 2019
auto.tcl: Setting watchdog for 200 seconds at Fri Nov 01 06:10:47 UTC 2019
2 ms. Memory: 45056K Free: 27724K (62%)
ptolemy.util.test.WatchDog.cancel(): canceling Fri Nov 01 06:10:47 UTC 2019
------------------ testing $PTII/ptolemy/domains/de/test/auto/DepthTest2.xml
auto.tcl: Setting watchdog for 200 seconds at Fri Nov 01 06:10:47 UTC 2019
3 ms. Memory: 45056K Free: 24861K (55%)
ptolemy.util.test.WatchDog.cancel(): canceling Fri Nov 01 06:10:47 UTC 2019
auto.tcl: Setting watchdog for 200 seconds at Fri Nov 01 06:10:47 UTC 2019
2 ms. Memory: 45056K Free: 24422K (54%)
ptolemy.util.test.WatchDog.cancel(): canceling Fri Nov 01 06:10:47 UTC 2019
------------------ testing $PTII/ptolemy/domains/de/test/auto/DepthTest3.xml
auto.tcl: Setting watchdog for 200 seconds at Fri Nov 01 06:10:47 UTC 2019
2 ms. Memory: 45056K Free: 28425K (63%)
ptolemy.util.test.WatchDog.cancel(): canceling Fri Nov 01 06:10:47 UTC 2019
auto.tcl: Setting watchdog for 200 seconds at Fri Nov 01 06:10:47 UTC 2019
2 ms. Memory: 45056K Free: 28036K (62%)
ptolemy.util.test.WatchDog.cancel(): canceling Fri Nov 01 06:10:47 UTC 2019
------------------ testing $PTII/ptolemy/domains/de/test/auto/DepthTest4.xml
auto.tcl: Setting watchdog for 200 seconds at Fri Nov 01 06:10:47 UTC 2019
4 ms. Memory: 45056K Free: 26789K (59%)
ptolemy.util.test.WatchDog.cancel(): canceling Fri Nov 01 06:10:47 UTC 2019
auto.tcl: Setting watchdog for 200 seconds at Fri Nov 01 06:10:47 UTC 2019
2 ms. Memory: 45056K Free: 26059K (58%)
ptolemy.util.test.WatchDog.cancel(): canceling Fri Nov 01 06:10:47 UTC 2019
------------------ testing $PTII/ptolemy/domains/de/test/auto/DepthTest5.xml
auto.tcl: Setting watchdog for 200 seconds at Fri Nov 01 06:10:47 UTC 2019
5 ms. Memory: 45056K Free: 26193K (58%)
ptolemy.util.test.WatchDog.cancel(): canceling Fri Nov 01 06:10:47 UTC 2019
auto.tcl: Setting watchdog for 200 seconds at Fri Nov 01 06:10:47 UTC 2019
3 ms. Memory: 45056K Free: 25455K (56%)
ptolemy.util.test.WatchDog.cancel(): canceling Fri Nov 01 06:10:47 UTC 2019
------------------ testing $PTII/ptolemy/domains/de/test/auto/DepthTest6.xml
auto.tcl: Setting watchdog for 200 seconds at Fri Nov 01 06:10:47 UTC 2019
5 ms. Memory: 45056K Free: 25877K (57%)
ptolemy.util.test.WatchDog.cancel(): canceling Fri Nov 01 06:10:47 UTC 2019
auto.tcl: Setting watchdog for 200 seconds at Fri Nov 01 06:10:47 UTC 2019
2 ms. Memory: 45056K Free: 25364K (56%)
ptolemy.util.test.WatchDog.cancel(): canceling Fri Nov 01 06:10:47 UTC 2019
------------------ testing $PTII/ptolemy/domains/de/test/auto/DepthTest7.xml
auto.tcl: Setting watchdog for 200 seconds at Fri Nov 01 06:10:47 UTC 2019
2 ms. Memory: 45056K Free: 26713K (59%)
ptolemy.util.test.WatchDog.cancel(): canceling Fri Nov 01 06:10:47 UTC 2019
auto.tcl: Setting watchdog for 200 seconds at Fri Nov 01 06:10:47 UTC 2019
2 ms. Memory: 45056K Free: 25975K (58%)
ptolemy.util.test.WatchDog.cancel(): canceling Fri Nov 01 06:10:47 UTC 2019
------------------ testing $PTII/ptolemy/domains/de/test/auto/EventToDate.xml
auto.tcl: Setting watchdog for 200 seconds at Fri Nov 01 06:10:48 UTC 2019
3007 ms. Memory: 45056K Free: 17521K (39%)
ptolemy.util.test.WatchDog.cancel(): canceling Fri Nov 01 06:10:51 UTC 2019
auto.tcl: Setting watchdog for 200 seconds at Fri Nov 01 06:10:51 UTC 2019
3006 ms. Memory: 45056K Free: 16800K (37%)
ptolemy.util.test.WatchDog.cancel(): canceling Fri Nov 01 06:10:54 UTC 2019
------------------ testing $PTII/ptolemy/domains/de/test/auto/FSM1.xml
auto.tcl: Setting watchdog for 200 seconds at Fri Nov 01 06:10:54 UTC 2019
48 ms. Memory: 45056K Free: 18204K (40%)
ptolemy.util.test.WatchDog.cancel(): canceling Fri Nov 01 06:10:54 UTC 2019
auto.tcl: Setting watchdog for 200 seconds at Fri Nov 01 06:10:54 UTC 2019
25 ms. Memory: 45056K Free: 15043K (33%)
ptolemy.util.test.WatchDog.cancel(): canceling Fri Nov 01 06:10:54 UTC 2019
------------------ testing $PTII/ptolemy/domains/de/test/auto/FSM7.xml
auto.tcl: Setting watchdog for 200 seconds at Fri Nov 01 06:10:54 UTC 2019
34 ms. Memory: 45056K Free: 18391K (41%)
ptolemy.util.test.WatchDog.cancel(): canceling Fri Nov 01 06:10:54 UTC 2019
auto.tcl: Setting watchdog for 200 seconds at Fri Nov 01 06:10:54 UTC 2019
32 ms. Memory: 45056K Free: 15295K (34%)
ptolemy.util.test.WatchDog.cancel(): canceling Fri Nov 01 06:10:54 UTC 2019
------------------ testing $PTII/ptolemy/domains/de/test/auto/Inspection.xml
auto.tcl: Setting watchdog for 200 seconds at Fri Nov 01 06:10:54 UTC 2019
22 ms. Memory: 45056K Free: 18471K (41%)
ptolemy.util.test.WatchDog.cancel(): canceling Fri Nov 01 06:10:54 UTC 2019
auto.tcl: Setting watchdog for 200 seconds at Fri Nov 01 06:10:54 UTC 2019
19 ms. Memory: 45056K Free: 16717K (37%)
ptolemy.util.test.WatchDog.cancel(): canceling Fri Nov 01 06:10:54 UTC 2019
------------------ testing $PTII/ptolemy/domains/de/test/auto/Iteration.xml
auto.tcl: Setting watchdog for 200 seconds at Fri Nov 01 06:10:54 UTC 2019
9 ms. Memory: 45056K Free: 24203K (54%)
ptolemy.util.test.WatchDog.cancel(): canceling Fri Nov 01 06:10:54 UTC 2019
auto.tcl: Setting watchdog for 200 seconds at Fri Nov 01 06:10:54 UTC 2019
7 ms. Memory: 45056K Free: 22773K (51%)
ptolemy.util.test.WatchDog.cancel(): canceling Fri Nov 01 06:10:54 UTC 2019
------------------ testing $PTII/ptolemy/domains/de/test/auto/LineFault.xml
auto.tcl: Setting watchdog for 200 seconds at Fri Nov 01 06:10:54 UTC 2019
801 ms. Memory: 54272K Free: 16255K (30%)
ptolemy.util.test.WatchDog.cancel(): canceling Fri Nov 01 06:10:55 UTC 2019
auto.tcl: Setting watchdog for 200 seconds at Fri Nov 01 06:10:55 UTC 2019
708 ms. Memory: 54272K Free: 27799K (51%)
ptolemy.util.test.WatchDog.cancel(): canceling Fri Nov 01 06:10:56 UTC 2019
------------------ testing $PTII/ptolemy/domains/de/test/auto/MergeModel1Add.xml
auto.tcl: Setting watchdog for 200 seconds at Fri Nov 01 06:10:56 UTC 2019
38 ms. Memory: 54272K Free: 19211K (35%)
ptolemy.util.test.WatchDog.cancel(): canceling Fri Nov 01 06:10:56 UTC 2019
auto.tcl: Setting watchdog for 200 seconds at Fri Nov 01 06:10:56 UTC 2019
17 ms. Memory: 54272K Free: 17565K (32%)
ptolemy.util.test.WatchDog.cancel(): canceling Fri Nov 01 06:10:56 UTC 2019
------------------ testing $PTII/ptolemy/domains/de/test/auto/MergeModel2Add.xml
auto.tcl: Setting watchdog for 200 seconds at Fri Nov 01 06:10:56 UTC 2019
9 ms. Memory: 51200K Free: 17996K (35%)
ptolemy.util.test.WatchDog.cancel(): canceling Fri Nov 01 06:10:56 UTC 2019
auto.tcl: Setting watchdog for 200 seconds at Fri Nov 01 06:10:56 UTC 2019
8 ms. Memory: 51200K Free: 16235K (32%)
ptolemy.util.test.WatchDog.cancel(): canceling Fri Nov 01 06:10:56 UTC 2019
------------------ testing $PTII/ptolemy/domains/de/test/auto/MergeModel3Add.xml
auto.tcl: Setting watchdog for 200 seconds at Fri Nov 01 06:10:56 UTC 2019
9 ms. Memory: 51200K Free: 18170K (35%)
ptolemy.util.test.WatchDog.cancel(): canceling Fri Nov 01 06:10:56 UTC 2019
auto.tcl: Setting watchdog for 200 seconds at Fri Nov 01 06:10:56 UTC 2019
8 ms. Memory: 51200K Free: 16665K (33%)
ptolemy.util.test.WatchDog.cancel(): canceling Fri Nov 01 06:10:56 UTC 2019
------------------ testing $PTII/ptolemy/domains/de/test/auto/MergeWithoutDiscard.xml
auto.tcl: Setting watchdog for 200 seconds at Fri Nov 01 06:10:57 UTC 2019
2 ms. Memory: 51200K Free: 32574K (64%)
ptolemy.util.test.WatchDog.cancel(): canceling Fri Nov 01 06:10:57 UTC 2019
auto.tcl: Setting watchdog for 200 seconds at Fri Nov 01 06:10:57 UTC 2019
1 ms. Memory: 51200K Free: 32142K (63%)
ptolemy.util.test.WatchDog.cancel(): canceling Fri Nov 01 06:10:57 UTC 2019
------------------ testing $PTII/ptolemy/domains/de/test/auto/Modal1.xml
auto.tcl: Setting watchdog for 200 seconds at Fri Nov 01 06:10:57 UTC 2019
16 ms. Memory: 51200K Free: 24928K (49%)
ptolemy.util.test.WatchDog.cancel(): canceling Fri Nov 01 06:10:57 UTC 2019
auto.tcl: Setting watchdog for 200 seconds at Fri Nov 01 06:10:57 UTC 2019
22 ms. Memory: 51200K Free: 21654K (42%)
ptolemy.util.test.WatchDog.cancel(): canceling Fri Nov 01 06:10:57 UTC 2019
------------------ testing $PTII/ptolemy/domains/de/test/auto/Modal2.xml
auto.tcl: Setting watchdog for 200 seconds at Fri Nov 01 06:10:57 UTC 2019
18 ms. Memory: 51200K Free: 24805K (48%)
ptolemy.util.test.WatchDog.cancel(): canceling Fri Nov 01 06:10:57 UTC 2019
auto.tcl: Setting watchdog for 200 seconds at Fri Nov 01 06:10:57 UTC 2019
14 ms. Memory: 51200K Free: 21571K (42%)
ptolemy.util.test.WatchDog.cancel(): canceling Fri Nov 01 06:10:57 UTC 2019
------------------ testing $PTII/ptolemy/domains/de/test/auto/Modal3.xml
auto.tcl: Setting watchdog for 200 seconds at Fri Nov 01 06:10:57 UTC 2019
11 ms. Memory: 51200K Free: 24774K (48%)
ptolemy.util.test.WatchDog.cancel(): canceling Fri Nov 01 06:10:57 UTC 2019
auto.tcl: Setting watchdog for 200 seconds at Fri Nov 01 06:10:57 UTC 2019
17 ms. Memory: 51200K Free: 21186K (41%)
ptolemy.util.test.WatchDog.cancel(): canceling Fri Nov 01 06:10:57 UTC 2019
------------------ testing $PTII/ptolemy/domains/de/test/auto/Modal4.xml
auto.tcl: Setting watchdog for 200 seconds at Fri Nov 01 06:10:57 UTC 2019
13 ms. Memory: 51200K Free: 23747K (46%)
ptolemy.util.test.WatchDog.cancel(): canceling Fri Nov 01 06:10:57 UTC 2019
auto.tcl: Setting watchdog for 200 seconds at Fri Nov 01 06:10:57 UTC 2019
14 ms. Memory: 51200K Free: 19918K (39%)
ptolemy.util.test.WatchDog.cancel(): canceling Fri Nov 01 06:10:57 UTC 2019
------------------ testing $PTII/ptolemy/domains/de/test/auto/Modal5.xml
auto.tcl: Setting watchdog for 200 seconds at Fri Nov 01 06:10:57 UTC 2019
12 ms. Memory: 51200K Free: 23733K (46%)
ptolemy.util.test.WatchDog.cancel(): canceling Fri Nov 01 06:10:57 UTC 2019
auto.tcl: Setting watchdog for 200 seconds at Fri Nov 01 06:10:57 UTC 2019
14 ms. Memory: 51200K Free: 19905K (39%)
ptolemy.util.test.WatchDog.cancel(): canceling Fri Nov 01 06:10:57 UTC 2019
------------------ testing $PTII/ptolemy/domains/de/test/auto/Modal6.xml
auto.tcl: Setting watchdog for 200 seconds at Fri Nov 01 06:10:57 UTC 2019
12 ms. Memory: 48128K Free: 21464K (45%)
ptolemy.util.test.WatchDog.cancel(): canceling Fri Nov 01 06:10:57 UTC 2019
auto.tcl: Setting watchdog for 200 seconds at Fri Nov 01 06:10:57 UTC 2019
15 ms. Memory: 48128K Free: 17466K (36%)
ptolemy.util.test.WatchDog.cancel(): canceling Fri Nov 01 06:10:57 UTC 2019
------------------ testing $PTII/ptolemy/domains/de/test/auto/Modal7.xml
auto.tcl: Setting watchdog for 200 seconds at Fri Nov 01 06:10:57 UTC 2019
11 ms. Memory: 48128K Free: 20454K (42%)
ptolemy.util.test.WatchDog.cancel(): canceling Fri Nov 01 06:10:57 UTC 2019
auto.tcl: Setting watchdog for 200 seconds at Fri Nov 01 06:10:57 UTC 2019
11 ms. Memory: 48128K Free: 16832K (35%)
ptolemy.util.test.WatchDog.cancel(): canceling Fri Nov 01 06:10:57 UTC 2019
------------------ testing $PTII/ptolemy/domains/de/test/auto/ModalModel.xml
auto.tcl: Setting watchdog for 200 seconds at Fri Nov 01 06:10:57 UTC 2019
229 ms. Memory: 63488K Free: 23828K (38%)
ptolemy.util.test.WatchDog.cancel(): canceling Fri Nov 01 06:10:58 UTC 2019
auto.tcl: Setting watchdog for 200 seconds at Fri Nov 01 06:10:58 UTC 2019
221 ms. Memory: 63488K Free: 22211K (35%)
ptolemy.util.test.WatchDog.cancel(): canceling Fri Nov 01 06:10:58 UTC 2019
------------------ testing $PTII/ptolemy/domains/de/test/auto/ModalSource.xml
auto.tcl: Setting watchdog for 200 seconds at Fri Nov 01 06:10:58 UTC 2019
11 ms. Memory: 51200K Free: 28578K (56%)
ptolemy.util.test.WatchDog.cancel(): canceling Fri Nov 01 06:10:58 UTC 2019
auto.tcl: Setting watchdog for 200 seconds at Fri Nov 01 06:10:58 UTC 2019
6 ms. Memory: 51200K Free: 26530K (52%)
ptolemy.util.test.WatchDog.cancel(): canceling Fri Nov 01 06:10:58 UTC 2019
------------------ testing $PTII/ptolemy/domains/de/test/auto/NonInterruptibleTimerZeroDelay.xml
auto.tcl: Setting watchdog for 200 seconds at Fri Nov 01 06:10:58 UTC 2019
3 ms. Memory: 51200K Free: 33544K (66%)
ptolemy.util.test.WatchDog.cancel(): canceling Fri Nov 01 06:10:58 UTC 2019
auto.tcl: Setting watchdog for 200 seconds at Fri Nov 01 06:10:58 UTC 2019
2 ms. Memory: 51200K Free: 32846K (64%)
ptolemy.util.test.WatchDog.cancel(): canceling Fri Nov 01 06:10:58 UTC 2019
------------------ testing $PTII/ptolemy/domains/de/test/auto/OpenQueueingNetwork.xml
auto.tcl: Setting watchdog for 200 seconds at Fri Nov 01 06:10:58 UTC 2019
2911 ms. Memory: 109568K Free: 56604K (52%)
ptolemy.util.test.WatchDog.cancel(): canceling Fri Nov 01 06:11:01 UTC 2019
auto.tcl: Setting watchdog for 200 seconds at Fri Nov 01 06:11:01 UTC 2019
2631 ms. Memory: 132096K Free: 109429K (83%)
ptolemy.util.test.WatchDog.cancel(): canceling Fri Nov 01 06:11:04 UTC 2019
------------------ testing $PTII/ptolemy/domains/de/test/auto/OpenQueuingNetwork.xml
auto.tcl: Setting watchdog for 200 seconds at Fri Nov 01 06:11:04 UTC 2019
261 ms. Memory: 66560K Free: 37257K (56%)
ptolemy.util.test.WatchDog.cancel(): canceling Fri Nov 01 06:11:04 UTC 2019
auto.tcl: Setting watchdog for 200 seconds at Fri Nov 01 06:11:04 UTC 2019
247 ms. Memory: 66560K Free: 22924K (34%)
ptolemy.util.test.WatchDog.cancel(): canceling Fri Nov 01 06:11:04 UTC 2019
------------------ testing $PTII/ptolemy/domains/de/test/auto/PeriodicSampler.xml
auto.tcl: Setting watchdog for 200 seconds at Fri Nov 01 06:11:04 UTC 2019
4 ms. Memory: 51200K Free: 32713K (64%)
ptolemy.util.test.WatchDog.cancel(): canceling Fri Nov 01 06:11:04 UTC 2019
auto.tcl: Setting watchdog for 200 seconds at Fri Nov 01 06:11:04 UTC 2019
2 ms. Memory: 51200K Free: 32193K (63%)
ptolemy.util.test.WatchDog.cancel(): canceling Fri Nov 01 06:11:04 UTC 2019
------------------ testing $PTII/ptolemy/domains/de/test/auto/PersistentIO.xml
auto.tcl: Setting watchdog for 200 seconds at Fri Nov 01 06:11:04 UTC 2019
13 ms. Memory: 51200K Free: 27637K (54%)
ptolemy.util.test.WatchDog.cancel(): canceling Fri Nov 01 06:11:05 UTC 2019
auto.tcl: Setting watchdog for 200 seconds at Fri Nov 01 06:11:05 UTC 2019
5 ms. Memory: 51200K Free: 26118K (51%)
ptolemy.util.test.WatchDog.cancel(): canceling Fri Nov 01 06:11:05 UTC 2019
------------------ testing $PTII/ptolemy/domains/de/test/auto/PortParameterResetOnInitialize.xml
auto.tcl: Setting watchdog for 200 seconds at Fri Nov 01 06:11:05 UTC 2019
3 ms. Memory: 51200K Free: 32635K (64%)
ptolemy.util.test.WatchDog.cancel(): canceling Fri Nov 01 06:11:05 UTC 2019
auto.tcl: Setting watchdog for 200 seconds at Fri Nov 01 06:11:05 UTC 2019
2 ms. Memory: 51200K Free: 32125K (63%)
ptolemy.util.test.WatchDog.cancel(): canceling Fri Nov 01 06:11:05 UTC 2019
------------------ testing $PTII/ptolemy/domains/de/test/auto/PortParameterUpdates.xml
auto.tcl: Setting watchdog for 200 seconds at Fri Nov 01 06:11:05 UTC 2019
5 ms. Memory: 48128K Free: 27647K (57%)
ptolemy.util.test.WatchDog.cancel(): canceling Fri Nov 01 06:11:05 UTC 2019
auto.tcl: Setting watchdog for 200 seconds at Fri Nov 01 06:11:05 UTC 2019
3 ms. Memory: 48128K Free: 26615K (55%)
ptolemy.util.test.WatchDog.cancel(): canceling Fri Nov 01 06:11:05 UTC 2019
------------------ testing $PTII/ptolemy/domains/de/test/auto/QueueAndServer.xml
auto.tcl: Setting watchdog for 200 seconds at Fri Nov 01 06:11:05 UTC 2019
6 ms. Memory: 48128K Free: 26565K (55%)
ptolemy.util.test.WatchDog.cancel(): canceling Fri Nov 01 06:11:05 UTC 2019
auto.tcl: Setting watchdog for 200 seconds at Fri Nov 01 06:11:05 UTC 2019
7 ms. Memory: 48128K Free: 25116K (52%)
ptolemy.util.test.WatchDog.cancel(): canceling Fri Nov 01 06:11:05 UTC 2019
------------------ testing $PTII/ptolemy/domains/de/test/auto/Records.xml
auto.tcl: Setting watchdog for 200 seconds at Fri Nov 01 06:11:05 UTC 2019
5 ms. Memory: 48128K Free: 29093K (60%)
ptolemy.util.test.WatchDog.cancel(): canceling Fri Nov 01 06:11:05 UTC 2019
auto.tcl: Setting watchdog for 200 seconds at Fri Nov 01 06:11:05 UTC 2019
4 ms. Memory: 48128K Free: 28610K (59%)
ptolemy.util.test.WatchDog.cancel(): canceling Fri Nov 01 06:11:05 UTC 2019
------------------ testing $PTII/ptolemy/domains/de/test/auto/ResetTransitionWithStartTime1.xml
auto.tcl: Setting watchdog for 200 seconds at Fri Nov 01 06:11:05 UTC 2019
13 ms. Memory: 48128K Free: 26049K (54%)
ptolemy.util.test.WatchDog.cancel(): canceling Fri Nov 01 06:11:05 UTC 2019
auto.tcl: Setting watchdog for 200 seconds at Fri Nov 01 06:11:05 UTC 2019
6 ms. Memory: 48128K Free: 23536K (49%)
ptolemy.util.test.WatchDog.cancel(): canceling Fri Nov 01 06:11:05 UTC 2019
------------------ testing $PTII/ptolemy/domains/de/test/auto/ResetTransitionWithStartTime2.xml
auto.tcl: Setting watchdog for 200 seconds at Fri Nov 01 06:11:05 UTC 2019
6 ms. Memory: 48128K Free: 26005K (54%)
ptolemy.util.test.WatchDog.cancel(): canceling Fri Nov 01 06:11:05 UTC 2019
auto.tcl: Setting watchdog for 200 seconds at Fri Nov 01 06:11:05 UTC 2019
6 ms. Memory: 48128K Free: 23957K (50%)
ptolemy.util.test.WatchDog.cancel(): canceling Fri Nov 01 06:11:05 UTC 2019
------------------ testing $PTII/ptolemy/domains/de/test/auto/ResetTransitionWithStartTime3.xml
auto.tcl: Setting watchdog for 200 seconds at Fri Nov 01 06:11:05 UTC 2019
9 ms. Memory: 48128K Free: 26004K (54%)
ptolemy.util.test.WatchDog.cancel(): canceling Fri Nov 01 06:11:05 UTC 2019
auto.tcl: Setting watchdog for 200 seconds at Fri Nov 01 06:11:05 UTC 2019
9 ms. Memory: 48128K Free: 23956K (50%)
ptolemy.util.test.WatchDog.cancel(): canceling Fri Nov 01 06:11:05 UTC 2019
------------------ testing $PTII/ptolemy/domains/de/test/auto/ResetTransitionWithStartTime4.xml
auto.tcl: Setting watchdog for 200 seconds at Fri Nov 01 06:11:05 UTC 2019
11 ms. Memory: 48128K Free: 26491K (55%)
ptolemy.util.test.WatchDog.cancel(): canceling Fri Nov 01 06:11:05 UTC 2019
auto.tcl: Setting watchdog for 200 seconds at Fri Nov 01 06:11:05 UTC 2019
4 ms. Memory: 48128K Free: 25043K (52%)
ptolemy.util.test.WatchDog.cancel(): canceling Fri Nov 01 06:11:05 UTC 2019
------------------ testing $PTII/ptolemy/domains/de/test/auto/ResettableTimer1.xml
auto.tcl: Setting watchdog for 200 seconds at Fri Nov 01 06:11:05 UTC 2019
3 ms. Memory: 48128K Free: 30081K (63%)
ptolemy.util.test.WatchDog.cancel(): canceling Fri Nov 01 06:11:05 UTC 2019
auto.tcl: Setting watchdog for 200 seconds at Fri Nov 01 06:11:05 UTC 2019
3 ms. Memory: 48128K Free: 29098K (60%)
ptolemy.util.test.WatchDog.cancel(): canceling Fri Nov 01 06:11:05 UTC 2019
------------------ testing $PTII/ptolemy/domains/de/test/auto/ResettableTimer2.xml
auto.tcl: Setting watchdog for 200 seconds at Fri Nov 01 06:11:05 UTC 2019
3 ms. Memory: 48128K Free: 30137K (63%)
ptolemy.util.test.WatchDog.cancel(): canceling Fri Nov 01 06:11:05 UTC 2019
auto.tcl: Setting watchdog for 200 seconds at Fri Nov 01 06:11:05 UTC 2019
2 ms. Memory: 48128K Free: 29154K (61%)
ptolemy.util.test.WatchDog.cancel(): canceling Fri Nov 01 06:11:05 UTC 2019
------------------ testing $PTII/ptolemy/domains/de/test/auto/ResettableTimer3.xml
auto.tcl: Setting watchdog for 200 seconds at Fri Nov 01 06:11:05 UTC 2019
2 ms. Memory: 48128K Free: 30168K (63%)
ptolemy.util.test.WatchDog.cancel(): canceling Fri Nov 01 06:11:05 UTC 2019
auto.tcl: Setting watchdog for 200 seconds at Fri Nov 01 06:11:05 UTC 2019
1 ms. Memory: 48128K Free: 30136K (63%)
ptolemy.util.test.WatchDog.cancel(): canceling Fri Nov 01 06:11:05 UTC 2019
------------------ testing $PTII/ptolemy/domains/de/test/auto/ResettableTimer4.xml
auto.tcl: Setting watchdog for 200 seconds at Fri Nov 01 06:11:05 UTC 2019
2 ms. Memory: 48128K Free: 30182K (63%)
ptolemy.util.test.WatchDog.cancel(): canceling Fri Nov 01 06:11:05 UTC 2019
auto.tcl: Setting watchdog for 200 seconds at Fri Nov 01 06:11:05 UTC 2019
1 ms. Memory: 48128K Free: 29684K (62%)
ptolemy.util.test.WatchDog.cancel(): canceling Fri Nov 01 06:11:05 UTC 2019
------------------ testing $PTII/ptolemy/domains/de/test/auto/ResettableTimer5.xml
auto.tcl: Setting watchdog for 200 seconds at Fri Nov 01 06:11:06 UTC 2019
2 ms. Memory: 48128K Free: 29620K (62%)
ptolemy.util.test.WatchDog.cancel(): canceling Fri Nov 01 06:11:06 UTC 2019
auto.tcl: Setting watchdog for 200 seconds at Fri Nov 01 06:11:06 UTC 2019
2 ms. Memory: 48128K Free: 29157K (61%)
ptolemy.util.test.WatchDog.cancel(): canceling Fri Nov 01 06:11:06 UTC 2019
------------------ testing $PTII/ptolemy/domains/de/test/auto/ResettableTimer6.xml
auto.tcl: Setting watchdog for 200 seconds at Fri Nov 01 06:11:06 UTC 2019
2 ms. Memory: 48128K Free: 29610K (62%)
ptolemy.util.test.WatchDog.cancel(): canceling Fri Nov 01 06:11:06 UTC 2019
auto.tcl: Setting watchdog for 200 seconds at Fri Nov 01 06:11:06 UTC 2019
1 ms. Memory: 48128K Free: 29114K (60%)
ptolemy.util.test.WatchDog.cancel(): canceling Fri Nov 01 06:11:06 UTC 2019
------------------ testing $PTII/ptolemy/domains/de/test/auto/ServerZeroDelay.xml
auto.tcl: Setting watchdog for 200 seconds at Fri Nov 01 06:11:06 UTC 2019
4 ms. Memory: 48128K Free: 30130K (63%)
ptolemy.util.test.WatchDog.cancel(): canceling Fri Nov 01 06:11:06 UTC 2019
auto.tcl: Setting watchdog for 200 seconds at Fri Nov 01 06:11:06 UTC 2019
2 ms. Memory: 48128K Free: 29186K (61%)
ptolemy.util.test.WatchDog.cancel(): canceling Fri Nov 01 06:11:06 UTC 2019
------------------ testing $PTII/ptolemy/domains/de/test/auto/SmartSender.xml
auto.tcl: Setting watchdog for 200 seconds at Fri Nov 01 06:11:06 UTC 2019
3002 ms. Memory: 48128K Free: 30149K (63%)
ptolemy.util.test.WatchDog.cancel(): canceling Fri Nov 01 06:11:09 UTC 2019
auto.tcl: Setting watchdog for 200 seconds at Fri Nov 01 06:11:09 UTC 2019
3002 ms. Memory: 48128K Free: 29621K (62%)
ptolemy.util.test.WatchDog.cancel(): canceling Fri Nov 01 06:11:12 UTC 2019
------------------ testing $PTII/ptolemy/domains/de/test/auto/ThreadedComposite.xml
auto.tcl: Setting watchdog for 200 seconds at Fri Nov 01 06:11:12 UTC 2019
258 ms. Memory: 48128K Free: 11192K (23%)
ptolemy.util.test.WatchDog.cancel(): canceling Fri Nov 01 06:11:12 UTC 2019
auto.tcl: Setting watchdog for 200 seconds at Fri Nov 01 06:11:12 UTC 2019
181 ms. Memory: 48128K Free: 23646K (49%)
ptolemy.util.test.WatchDog.cancel(): canceling Fri Nov 01 06:11:12 UTC 2019
------------------ testing $PTII/ptolemy/domains/de/test/auto/Time.xml
auto.tcl: Setting watchdog for 200 seconds at Fri Nov 01 06:11:12 UTC 2019
564 ms. Memory: 48128K Free: 29896K (62%)
ptolemy.util.test.WatchDog.cancel(): canceling Fri Nov 01 06:11:13 UTC 2019
auto.tcl: Setting watchdog for 200 seconds at Fri Nov 01 06:11:13 UTC 2019
505 ms. Memory: 48128K Free: 29303K (61%)
ptolemy.util.test.WatchDog.cancel(): canceling Fri Nov 01 06:11:13 UTC 2019
------------------ testing $PTII/ptolemy/domains/de/test/auto/TimeDelayZeroDelay.xml
auto.tcl: Setting watchdog for 200 seconds at Fri Nov 01 06:11:13 UTC 2019
2 ms. Memory: 48128K Free: 30055K (62%)
ptolemy.util.test.WatchDog.cancel(): canceling Fri Nov 01 06:11:14 UTC 2019
auto.tcl: Setting watchdog for 200 seconds at Fri Nov 01 06:11:14 UTC 2019
2 ms. Memory: 48128K Free: 29183K (61%)
ptolemy.util.test.WatchDog.cancel(): canceling Fri Nov 01 06:11:14 UTC 2019
------------------ testing $PTII/ptolemy/domains/de/test/auto/TimerZeroDelay.xml
auto.tcl: Setting watchdog for 200 seconds at Fri Nov 01 06:11:14 UTC 2019
4 ms. Memory: 48128K Free: 30097K (63%)
ptolemy.util.test.WatchDog.cancel(): canceling Fri Nov 01 06:11:14 UTC 2019
auto.tcl: Setting watchdog for 200 seconds at Fri Nov 01 06:11:14 UTC 2019
2 ms. Memory: 48128K Free: 29672K (62%)
ptolemy.util.test.WatchDog.cancel(): canceling Fri Nov 01 06:11:14 UTC 2019
------------------ testing $PTII/ptolemy/domains/de/test/auto/TimingParadox.xml
auto.tcl: Setting watchdog for 200 seconds at Fri Nov 01 06:11:14 UTC 2019
338 ms. Memory: 48128K Free: 11752K (24%)
ptolemy.util.test.WatchDog.cancel(): canceling Fri Nov 01 06:11:14 UTC 2019
auto.tcl: Setting watchdog for 200 seconds at Fri Nov 01 06:11:14 UTC 2019
343 ms. Memory: 58368K Free: 32036K (55%)
ptolemy.util.test.WatchDog.cancel(): canceling Fri Nov 01 06:11:14 UTC 2019
------------------ testing $PTII/ptolemy/domains/de/test/auto/TransferInputs.xml
auto.tcl: Setting watchdog for 200 seconds at Fri Nov 01 06:11:14 UTC 2019
9 ms. Memory: 55296K Free: 35733K (65%)
ptolemy.util.test.WatchDog.cancel(): canceling Fri Nov 01 06:11:14 UTC 2019
auto.tcl: Setting watchdog for 200 seconds at Fri Nov 01 06:11:14 UTC 2019
2 ms. Memory: 55296K Free: 34822K (63%)
ptolemy.util.test.WatchDog.cancel(): canceling Fri Nov 01 06:11:14 UTC 2019
------------------ testing $PTII/ptolemy/domains/de/test/auto/TransferOutputs2.xml
auto.tcl: Setting watchdog for 200 seconds at Fri Nov 01 06:11:15 UTC 2019
3 ms. Memory: 51200K Free: 29080K (57%)
ptolemy.util.test.WatchDog.cancel(): canceling Fri Nov 01 06:11:15 UTC 2019
auto.tcl: Setting watchdog for 200 seconds at Fri Nov 01 06:11:15 UTC 2019
3 ms. Memory: 51200K Free: 27681K (54%)
ptolemy.util.test.WatchDog.cancel(): canceling Fri Nov 01 06:11:15 UTC 2019
------------------ testing $PTII/ptolemy/domains/de/test/auto/Trilateration.xml
auto.tcl: Setting watchdog for 200 seconds at Fri Nov 01 06:11:15 UTC 2019
14812 ms. Memory: 458752K Free: 305436K (67%)
ptolemy.util.test.WatchDog.cancel(): canceling Fri Nov 01 06:11:31 UTC 2019
auto.tcl: Setting watchdog for 200 seconds at Fri Nov 01 06:11:31 UTC 2019
11274 ms. Memory: 458752K Free: 382717K (83%)
ptolemy.util.test.WatchDog.cancel(): canceling Fri Nov 01 06:11:42 UTC 2019
------------------ testing $PTII/ptolemy/domains/de/test/auto/TwoSigmaDelta.xml
auto.tcl: Setting watchdog for 200 seconds at Fri Nov 01 06:11:42 UTC 2019
2826 ms. Memory: 89088K Free: 18539K (21%)
ptolemy.util.test.WatchDog.cancel(): canceling Fri Nov 01 06:11:45 UTC 2019
auto.tcl: Setting watchdog for 200 seconds at Fri Nov 01 06:11:45 UTC 2019
1998 ms. Memory: 89088K Free: 13908K (16%)
ptolemy.util.test.WatchDog.cancel(): canceling Fri Nov 01 06:11:47 UTC 2019
------------------ testing $PTII/ptolemy/domains/de/test/auto/VariableDelay.xml
auto.tcl: Setting watchdog for 200 seconds at Fri Nov 01 06:11:47 UTC 2019
3 ms. Memory: 55296K Free: 36204K (65%)
ptolemy.util.test.WatchDog.cancel(): canceling Fri Nov 01 06:11:47 UTC 2019
auto.tcl: Setting watchdog for 200 seconds at Fri Nov 01 06:11:47 UTC 2019
2 ms. Memory: 55296K Free: 35210K (64%)
ptolemy.util.test.WatchDog.cancel(): canceling Fri Nov 01 06:11:47 UTC 2019
------------------ testing $PTII/ptolemy/domains/de/test/auto/VariableDelay2.xml
auto.tcl: Setting watchdog for 200 seconds at Fri Nov 01 06:11:47 UTC 2019
12 ms. Memory: 51200K Free: 32738K (64%)
ptolemy.util.test.WatchDog.cancel(): canceling Fri Nov 01 06:11:47 UTC 2019
auto.tcl: Setting watchdog for 200 seconds at Fri Nov 01 06:11:47 UTC 2019
2 ms. Memory: 51200K Free: 32210K (63%)
ptolemy.util.test.WatchDog.cancel(): canceling Fri Nov 01 06:11:47 UTC 2019
------------------ testing $PTII/ptolemy/domains/de/test/auto/VariableDelayZeroDelay.xml
auto.tcl: Setting watchdog for 200 seconds at Fri Nov 01 06:11:47 UTC 2019
2 ms. Memory: 51200K Free: 33050K (65%)
ptolemy.util.test.WatchDog.cancel(): canceling Fri Nov 01 06:11:47 UTC 2019
auto.tcl: Setting watchdog for 200 seconds at Fri Nov 01 06:11:47 UTC 2019
2 ms. Memory: 51200K Free: 32506K (63%)
ptolemy.util.test.WatchDog.cancel(): canceling Fri Nov 01 06:11:47 UTC 2019
------------------ testing $PTII/ptolemy/domains/de/test/auto/VariableDelayZeroDelay2.xml
auto.tcl: Setting watchdog for 200 seconds at Fri Nov 01 06:11:47 UTC 2019
5 ms. Memory: 51200K Free: 33049K (65%)
ptolemy.util.test.WatchDog.cancel(): canceling Fri Nov 01 06:11:47 UTC 2019
auto.tcl: Setting watchdog for 200 seconds at Fri Nov 01 06:11:47 UTC 2019
3 ms. Memory: 51200K Free: 32025K (63%)
ptolemy.util.test.WatchDog.cancel(): canceling Fri Nov 01 06:11:47 UTC 2019
------------------ testing $PTII/ptolemy/domains/de/test/auto/deInCt.xml
auto.tcl: Setting watchdog for 200 seconds at Fri Nov 01 06:11:47 UTC 2019
0
1
1
1
1
0
0
0
1
1
1
0
0
0
1
1
1
0
0
0
0
1
1
1
0
0
0
1
1
1
0
0
1
1
1
0
0
0
0
0
0
0
16 ms. Memory: 51200K Free: 32022K (63%)
ptolemy.util.test.WatchDog.cancel(): canceling Fri Nov 01 06:11:47 UTC 2019
auto.tcl: Setting watchdog for 200 seconds at Fri Nov 01 06:11:47 UTC 2019
0
1
1
1
1
1
1
0
0
0
0
0
1
1
1
0
0
0
1
1
1
1
1
1
13 ms. Memory: 51200K Free: 30484K (60%)
ptolemy.util.test.WatchDog.cancel(): canceling Fri Nov 01 06:11:47 UTC 2019
------------------ testing $PTII/ptolemy/domains/de/test/auto/deInCt2.xml
auto.tcl: Setting watchdog for 200 seconds at Fri Nov 01 06:11:47 UTC 2019
0
1
1
1
0
0
1
1
1
0
0
1
1
1
0
0
1
1
1
0
0
1
1
1
0
0
1
1
1
0
0
1
1
1
0
0
1
1
1
0
0
0
11 ms. Memory: 48128K Free: 28952K (60%)
ptolemy.util.test.WatchDog.cancel(): canceling Fri Nov 01 06:11:47 UTC 2019
auto.tcl: Setting watchdog for 200 seconds at Fri Nov 01 06:11:47 UTC 2019
0
1
1
1
0
0
1
1
1
0
0
1
1
1
0
0
1
1
1
0
0
1
1
1
0
0
1
1
1
0
0
1
1
1
0
0
1
1
1
0
0
0
10 ms. Memory: 48128K Free: 27448K (57%)
ptolemy.util.test.WatchDog.cancel(): canceling Fri Nov 01 06:11:47 UTC 2019
------------------ testing $PTII/ptolemy/domains/de/test/auto/dynamicCausalityInterface1.xml
auto.tcl: Setting watchdog for 200 seconds at Fri Nov 01 06:11:47 UTC 2019
2 ms. Memory: 48128K Free: 24262K (50%)
ptolemy.util.test.WatchDog.cancel(): canceling Fri Nov 01 06:11:47 UTC 2019
auto.tcl: Setting watchdog for 200 seconds at Fri Nov 01 06:11:47 UTC 2019
1 ms. Memory: 48128K Free: 23827K (50%)
ptolemy.util.test.WatchDog.cancel(): canceling Fri Nov 01 06:11:47 UTC 2019
------------------ testing $PTII/ptolemy/domains/de/test/auto/fsm_de_test.xml
auto.tcl: Setting watchdog for 200 seconds at Fri Nov 01 06:11:48 UTC 2019
12 ms. Memory: 48128K Free: 24749K (51%)
ptolemy.util.test.WatchDog.cancel(): canceling Fri Nov 01 06:11:48 UTC 2019
auto.tcl: Setting watchdog for 200 seconds at Fri Nov 01 06:11:48 UTC 2019
8 ms. Memory: 48128K Free: 22763K (47%)
ptolemy.util.test.WatchDog.cancel(): canceling Fri Nov 01 06:11:48 UTC 2019
------------------ testing $PTII/ptolemy/domains/de/test/auto/functionDependencyReconstruction.xml
auto.tcl: Setting watchdog for 200 seconds at Fri Nov 01 06:11:48 UTC 2019
2 ms. Memory: 48128K Free: 18595K (39%)
ptolemy.util.test.WatchDog.cancel(): canceling Fri Nov 01 06:11:48 UTC 2019
auto.tcl: Setting watchdog for 200 seconds at Fri Nov 01 06:11:48 UTC 2019
3 ms. Memory: 48128K Free: 16617K (35%)
ptolemy.util.test.WatchDog.cancel(): canceling Fri Nov 01 06:11:48 UTC 2019
------------------ testing $PTII/ptolemy/domains/de/test/auto/multirate.xml
auto.tcl: Setting watchdog for 200 seconds at Fri Nov 01 06:11:48 UTC 2019
3 ms. Memory: 48128K Free: 26830K (56%)
ptolemy.util.test.WatchDog.cancel(): canceling Fri Nov 01 06:11:48 UTC 2019
auto.tcl: Setting watchdog for 200 seconds at Fri Nov 01 06:11:48 UTC 2019
3 ms. Memory: 48128K Free: 25728K (53%)
ptolemy.util.test.WatchDog.cancel(): canceling Fri Nov 01 06:11:48 UTC 2019
------------------ testing $PTII/ptolemy/domains/de/test/auto/multirate2.xml
auto.tcl: Setting watchdog for 200 seconds at Fri Nov 01 06:11:48 UTC 2019
3 ms. Memory: 48128K Free: 27575K (57%)
ptolemy.util.test.WatchDog.cancel(): canceling Fri Nov 01 06:11:48 UTC 2019
auto.tcl: Setting watchdog for 200 seconds at Fri Nov 01 06:11:48 UTC 2019
6 ms. Memory: 48128K Free: 25906K (54%)
ptolemy.util.test.WatchDog.cancel(): canceling Fri Nov 01 06:11:48 UTC 2019
------------------ testing $PTII/ptolemy/domains/de/test/auto/realtime.xml
auto.tcl: Setting watchdog for 200 seconds at Fri Nov 01 06:11:48 UTC 2019
10001 ms. Memory: 48128K Free: 29637K (62%)
ptolemy.util.test.WatchDog.cancel(): canceling Fri Nov 01 06:11:58 UTC 2019
auto.tcl: Setting watchdog for 200 seconds at Fri Nov 01 06:11:58 UTC 2019
10001 ms. Memory: 48128K Free: 28896K (60%)
ptolemy.util.test.WatchDog.cancel(): canceling Fri Nov 01 06:12:08 UTC 2019
------------------ testing $PTII/ptolemy/domains/de/test/auto/relationGroup.xml
auto.tcl: Setting watchdog for 200 seconds at Fri Nov 01 06:12:08 UTC 2019
3 ms. Memory: 48128K Free: 30686K (64%)
ptolemy.util.test.WatchDog.cancel(): canceling Fri Nov 01 06:12:08 UTC 2019
auto.tcl: Setting watchdog for 200 seconds at Fri Nov 01 06:12:08 UTC 2019
2 ms. Memory: 48128K Free: 29976K (62%)
ptolemy.util.test.WatchDog.cancel(): canceling Fri Nov 01 06:12:08 UTC 2019
------------------ testing $PTII/ptolemy/domains/de/test/auto/relationGroup2.xml
auto.tcl: Setting watchdog for 200 seconds at Fri Nov 01 06:12:08 UTC 2019
2 ms. Memory: 48128K Free: 30736K (64%)
ptolemy.util.test.WatchDog.cancel(): canceling Fri Nov 01 06:12:08 UTC 2019
auto.tcl: Setting watchdog for 200 seconds at Fri Nov 01 06:12:08 UTC 2019
3 ms. Memory: 48128K Free: 30234K (63%)
ptolemy.util.test.WatchDog.cancel(): canceling Fri Nov 01 06:12:08 UTC 2019
------------------ testing $PTII/ptolemy/domains/de/test/auto/sortWithOpaquePorts.xml
auto.tcl: Setting watchdog for 200 seconds at Fri Nov 01 06:12:08 UTC 2019
2 ms. Memory: 48128K Free: 29476K (61%)
ptolemy.util.test.WatchDog.cancel(): canceling Fri Nov 01 06:12:08 UTC 2019
auto.tcl: Setting watchdog for 200 seconds at Fri Nov 01 06:12:08 UTC 2019
2 ms. Memory: 48128K Free: 28493K (59%)
ptolemy.util.test.WatchDog.cancel(): canceling Fri Nov 01 06:12:08 UTC 2019
------------------ testing $PTII/ptolemy/domains/de/test/auto/transferInputsandOutputs.xml
auto.tcl: Setting watchdog for 200 seconds at Fri Nov 01 06:12:08 UTC 2019
6 ms. Memory: 48128K Free: 26919K (56%)
ptolemy.util.test.WatchDog.cancel(): canceling Fri Nov 01 06:12:08 UTC 2019
auto.tcl: Setting watchdog for 200 seconds at Fri Nov 01 06:12:08 UTC 2019
3 ms. Memory: 48128K Free: 25962K (54%)
ptolemy.util.test.WatchDog.cancel(): canceling Fri Nov 01 06:12:08 UTC 2019
------------------ testing $PTII/ptolemy/domains/de/test/auto/triggerType.xml
auto.tcl: Setting watchdog for 200 seconds at Fri Nov 01 06:12:08 UTC 2019
1 ms. Memory: 48128K Free: 29943K (62%)
ptolemy.util.test.WatchDog.cancel(): canceling Fri Nov 01 06:12:08 UTC 2019
auto.tcl: Setting watchdog for 200 seconds at Fri Nov 01 06:12:08 UTC 2019
1 ms. Memory: 48128K Free: 28981K (60%)
ptolemy.util.test.WatchDog.cancel(): canceling Fri Nov 01 06:12:08 UTC 2019
11/01/19 06:12:08
Failed: 0  Total Tests: 192  ((Passed: 187, Newly Passed: 1)  Known Failed: 5) /home/travis/build/icyphy/ptII/ptolemy/domains/de/test
11/01/19 06:12:08
Failed: 0  Total Tests: 192  ((Passed: 187, Newly Passed: 1)  Known Failed: 5) /home/travis/build/icyphy/ptII/ptolemy/domains/de/test
----------------- testing (KnownFailure) /home/travis/build/icyphy/ptII/ptolemy/domains/de/test/auto/knownFailedTests/DESDFClockTest.xml
2013 ms. Memory: 48128K Free: 23339K (48%)
Known Failure: java.lang.reflect.InvocationTargetException
----------------- testing (KnownFailure) /home/travis/build/icyphy/ptII/ptolemy/domains/de/test/auto/knownFailedTests/DirectFeedback.xml
2 ms. Memory: 48128K Free: 19243K (40%)
Known Failure: java.lang.reflect.InvocationTargetException
----------------- testing (KnownFailure) /home/travis/build/icyphy/ptII/ptolemy/domains/de/test/auto/knownFailedTests/FSMSource.xml
14 ms. Memory: 48128K Free: 11565K (24%)
----------------- testing (KnownFailure) /home/travis/build/icyphy/ptII/ptolemy/domains/de/test/auto/knownFailedTests/HierarchicalModel.xml
2 ms. Memory: 48128K Free: 22837K (47%)
Known Failure: java.lang.reflect.InvocationTargetException
----------------- testing (KnownFailure) /home/travis/build/icyphy/ptII/ptolemy/domains/de/test/auto/knownFailedTests/dependencyLoop.xml
2 ms. Memory: 48128K Free: 6997K (15%)
Known Failure: java.lang.reflect.InvocationTargetException
----------------- testing (KnownFailure) /home/travis/build/icyphy/ptII/ptolemy/domains/de/test/auto/knownFailedTests/dependencyLoop2.xml
5 ms. Memory: 48128K Free: 17998K (37%)
Known Failure: java.lang.reflect.InvocationTargetException
No auto/linux-amd64/*.xml tests in /home/travis/build/icyphy/ptII/ptolemy/domains/de/test
AutoTests.java: About to close Vertx.
AutoTests.java: Vertx closed.

===========================================================================================
----------------- testing Fri Nov 01 06:12:11 UTC 2019 /home/travis/build/icyphy/ptII/ptolemy/domains/de/test/auto/ActorDepthCalculation_actorWithoutPorts.xml
----------------- Instantiating /home/travis/build/icyphy/ptII/ptolemy/domains/de/test/auto/ActorDepthCalculation_actorWithoutPorts.xml
2 ms. Memory: 48128K Free: 11532K (24%)
----------------- Invoking toplevel() on ptolemy.moml.MoMLSimpleApplication@15b733be
----------------- Done invoking toplevel() on ptolemy.moml.MoMLSimpleApplication@15b733be
reloadAllAccessors: .ActorDepthCalculation_actorWithoutPorts

===========================================================================================
----------------- testing Fri Nov 01 06:12:11 UTC 2019 /home/travis/build/icyphy/ptII/ptolemy/domains/de/test/auto/AssemblyLine.xml
----------------- Instantiating /home/travis/build/icyphy/ptII/ptolemy/domains/de/test/auto/AssemblyLine.xml
4 ms. Memory: 48128K Free: 30829K (64%)
----------------- Invoking toplevel() on ptolemy.moml.MoMLSimpleApplication@19c00348
----------------- Done invoking toplevel() on ptolemy.moml.MoMLSimpleApplication@19c00348
reloadAllAccessors: .AssemblyLine

===========================================================================================
----------------- testing Fri Nov 01 06:12:11 UTC 2019 /home/travis/build/icyphy/ptII/ptolemy/domains/de/test/auto/CQBug1.xml
----------------- Instantiating /home/travis/build/icyphy/ptII/ptolemy/domains/de/test/auto/CQBug1.xml
1 ms. Memory: 48128K Free: 27759K (58%)
----------------- Invoking toplevel() on ptolemy.moml.MoMLSimpleApplication@3702843c
----------------- Done invoking toplevel() on ptolemy.moml.MoMLSimpleApplication@3702843c
reloadAllAccessors: .CQBug1

===========================================================================================
----------------- testing Fri Nov 01 06:12:11 UTC 2019 /home/travis/build/icyphy/ptII/ptolemy/domains/de/test/auto/CancelFireAt.xml
----------------- Instantiating /home/travis/build/icyphy/ptII/ptolemy/domains/de/test/auto/CancelFireAt.xml
9 ms. Memory: 48128K Free: 25209K (52%)
----------------- Invoking toplevel() on ptolemy.moml.MoMLSimpleApplication@b9f21bb
----------------- Done invoking toplevel() on ptolemy.moml.MoMLSimpleApplication@b9f21bb
reloadAllAccessors: .CancelFireAt

===========================================================================================
----------------- testing Fri Nov 01 06:12:11 UTC 2019 /home/travis/build/icyphy/ptII/ptolemy/domains/de/test/auto/CausalityAndComposabilityAnalysis.xml
----------------- Instantiating /home/travis/build/icyphy/ptII/ptolemy/domains/de/test/auto/CausalityAndComposabilityAnalysis.xml
4 ms. Memory: 48128K Free: 20865K (43%)
----------------- Invoking toplevel() on ptolemy.moml.MoMLSimpleApplication@506615c3
----------------- Done invoking toplevel() on ptolemy.moml.MoMLSimpleApplication@506615c3
reloadAllAccessors: .CausalityAndComposabilityAnalysis

===========================================================================================
----------------- testing Fri Nov 01 06:12:11 UTC 2019 /home/travis/build/icyphy/ptII/ptolemy/domains/de/test/auto/CausalityInterface1.xml
----------------- Instantiating /home/travis/build/icyphy/ptII/ptolemy/domains/de/test/auto/CausalityInterface1.xml
5 ms. Memory: 48128K Free: 15768K (33%)
----------------- Invoking toplevel() on ptolemy.moml.MoMLSimpleApplication@2b0216e8
----------------- Done invoking toplevel() on ptolemy.moml.MoMLSimpleApplication@2b0216e8
reloadAllAccessors: .CausalityInterface1

===========================================================================================
----------------- testing Fri Nov 01 06:12:11 UTC 2019 /home/travis/build/icyphy/ptII/ptolemy/domains/de/test/auto/CausalityInterface15.xml
----------------- Instantiating /home/travis/build/icyphy/ptII/ptolemy/domains/de/test/auto/CausalityInterface15.xml
2 ms. Memory: 48128K Free: 10311K (21%)
----------------- Invoking toplevel() on ptolemy.moml.MoMLSimpleApplication@764b1df3
----------------- Done invoking toplevel() on ptolemy.moml.MoMLSimpleApplication@764b1df3
reloadAllAccessors: .CausalityInterface15

===========================================================================================
----------------- testing Fri Nov 01 06:12:11 UTC 2019 /home/travis/build/icyphy/ptII/ptolemy/domains/de/test/auto/CausalityInterface2.xml
----------------- Instantiating /home/travis/build/icyphy/ptII/ptolemy/domains/de/test/auto/CausalityInterface2.xml
1 ms. Memory: 48128K Free: 32279K (67%)
[...]
	at ptolemy.actor.Manager.run(Manager.java:1263)
	at ptolemy.actor.Manager$PtolemyRunThread.run(Manager.java:1933)
java.lang.RuntimeException: Execution failed
	at ptolemy.moml.MoMLSimpleApplication$UnloadThread.run(MoMLSimpleApplication.java:402)
Caused by: ptolemy.kernel.util.IllegalActionException: Actor is not ready to fire.  Perhaps UpSample.prefire() returned false? Try debugging the actor by selecting "Listen to Actor".  Also, for SDF check moml for tokenConsumptionRate on input.
  in .DESDFClockTest.Play Bell.Copy1:SDF Director and .DESDFClockTest.Play Bell.UpSample
	at ptolemy.actor.sched.StaticSchedulingDirector.fire(StaticSchedulingDirector.java:227)
	at ptolemy.domains.sdf.kernel.SDFDirector.fire(SDFDirector.java:500)
	at ptolemy.actor.CompositeActor.fire(CompositeActor.java:455)
	at ptolemy.domains.de.kernel.DEDirector._fire(DEDirector.java:1949)
	at ptolemy.domains.de.kernel.DEDirector.fire(DEDirector.java:502)
	at ptolemy.actor.CompositeActor.fire(CompositeActor.java:455)
	at ptolemy.actor.Manager.iterate(Manager.java:851)
	at ptolemy.actor.Manager.execute(Manager.java:369)
	at ptolemy.actor.Manager.run(Manager.java:1263)
	at ptolemy.actor.Manager$PtolemyRunThread.run(Manager.java:1933)
java.lang.reflect.InvocationTargetException
	at java.base/jdk.internal.reflect.NativeConstructorAccessorImpl.newInstance0(Native Method)
	at java.base/jdk.internal.reflect.NativeConstructorAccessorImpl.newInstance(NativeConstructorAccessorImpl.java:62)
	at java.base/jdk.internal.reflect.DelegatingConstructorAccessorImpl.newInstance(DelegatingConstructorAccessorImpl.java:45)
	at java.base/java.lang.reflect.Constructor.newInstance(Constructor.java:490)
	at ptolemy.util.test.junit.AutoKnownFailedTests.RunModel(AutoKnownFailedTests.java:105)
	at java.base/jdk.internal.reflect.NativeMethodAccessorImpl.invoke0(Native Method)
	at java.base/jdk.internal.reflect.NativeMethodAccessorImpl.invoke(NativeMethodAccessorImpl.java:62)
	at java.base/jdk.internal.reflect.DelegatingMethodAccessorImpl.invoke(DelegatingMethodAccessorImpl.java:43)
	at java.base/java.lang.reflect.Method.invoke(Method.java:566)
	at org.junit.runners.model.FrameworkMethod$1.runReflectiveCall(FrameworkMethod.java:44)
	at org.junit.internal.runners.model.ReflectiveCallable.run(ReflectiveCallable.java:15)
	at org.junit.runners.model.FrameworkMethod.invokeExplosively(FrameworkMethod.java:41)
	at junitparams.internal.InvokeParameterisedMethod.evaluate(InvokeParameterisedMethod.java:102)
	at org.junit.internal.runners.statements.FailOnTimeout$1.run(FailOnTimeout.java:28)
Caused by: ptolemy.kernel.util.IllegalActionException: Actor is not ready to fire.  Perhaps UpSample.prefire() returned false? Try debugging the actor by selecting "Listen to Actor".  Also, for SDF check moml for tokenConsumptionRate on input.
  in .DESDFClockTest.Play Bell.Copy1:SDF Director and .DESDFClockTest.Play Bell.UpSample
	at ptolemy.actor.sched.StaticSchedulingDirector.fire(StaticSchedulingDirector.java:227)
	at ptolemy.domains.sdf.kernel.SDFDirector.fire(SDFDirector.java:500)
	at ptolemy.actor.CompositeActor.fire(CompositeActor.java:455)
	at ptolemy.domains.de.kernel.DEDirector._fire(DEDirector.java:1949)
	at ptolemy.domains.de.kernel.DEDirector.fire(DEDirector.java:502)
	at ptolemy.actor.CompositeActor.fire(CompositeActor.java:455)
	at ptolemy.actor.Manager.iterate(Manager.java:851)
	at ptolemy.actor.Manager.execute(Manager.java:369)
	at ptolemy.actor.Manager.run(Manager.java:1263)
	at ptolemy.actor.Manager$PtolemyRunThread.run(Manager.java:1933)
java.lang.RuntimeException: Execution failed
	at ptolemy.moml.MoMLSimpleApplication$UnloadThread.run(MoMLSimpleApplication.java:402)
Caused by: ptolemy.kernel.util.IllegalActionException: Test fails in iteration 1.
Value was: 1.0. Should have been: 2.0
  in .DirectFeedback.Test
	at ptolemy.actor.lib.Test.fire(Test.java:268)
	at ptolemy.domains.de.kernel.DEDirector._fire(DEDirector.java:1949)
	at ptolemy.domains.de.kernel.DEDirector.fire(DEDirector.java:502)
	at ptolemy.actor.CompositeActor.fire(CompositeActor.java:455)
	at ptolemy.actor.Manager.iterate(Manager.java:851)
	at ptolemy.actor.Manager.execute(Manager.java:369)
	at ptolemy.actor.Manager.run(Manager.java:1263)
	at ptolemy.actor.Manager$PtolemyRunThread.run(Manager.java:1933)
java.lang.reflect.InvocationTargetException
	at java.base/jdk.internal.reflect.NativeConstructorAccessorImpl.newInstance0(Native Method)
	at java.base/jdk.internal.reflect.NativeConstructorAccessorImpl.newInstance(NativeConstructorAccessorImpl.java:62)
	at java.base/jdk.internal.reflect.DelegatingConstructorAccessorImpl.newInstance(DelegatingConstructorAccessorImpl.java:45)
	at java.base/java.lang.reflect.Constructor.newInstance(Constructor.java:490)
	at ptolemy.util.test.junit.AutoKnownFailedTests.RunModel(AutoKnownFailedTests.java:105)
	at java.base/jdk.internal.reflect.NativeMethodAccessorImpl.invoke0(Native Method)
	at java.base/jdk.internal.reflect.NativeMethodAccessorImpl.invoke(NativeMethodAccessorImpl.java:62)
	at java.base/jdk.internal.reflect.DelegatingMethodAccessorImpl.invoke(DelegatingMethodAccessorImpl.java:43)
	at java.base/java.lang.reflect.Method.invoke(Method.java:566)
	at org.junit.runners.model.FrameworkMethod$1.runReflectiveCall(FrameworkMethod.java:44)
	at org.junit.internal.runners.model.ReflectiveCallable.run(ReflectiveCallable.java:15)
	at org.junit.runners.model.FrameworkMethod.invokeExplosively(FrameworkMethod.java:41)
	at junitparams.internal.InvokeParameterisedMethod.evaluate(InvokeParameterisedMethod.java:102)
	at org.junit.internal.runners.statements.FailOnTimeout$1.run(FailOnTimeout.java:28)
Caused by: ptolemy.kernel.util.IllegalActionException: Test fails in iteration 1.
Value was: 1.0. Should have been: 2.0
  in .DirectFeedback.Test
	at ptolemy.actor.lib.Test.fire(Test.java:268)
	at ptolemy.domains.de.kernel.DEDirector._fire(DEDirector.java:1949)
	at ptolemy.domains.de.kernel.DEDirector.fire(DEDirector.java:502)
	at ptolemy.actor.CompositeActor.fire(CompositeActor.java:455)
	at ptolemy.actor.Manager.iterate(Manager.java:851)
	at ptolemy.actor.Manager.execute(Manager.java:369)
	at ptolemy.actor.Manager.run(Manager.java:1263)
	at ptolemy.actor.Manager$PtolemyRunThread.run(Manager.java:1933)
java.lang.RuntimeException: Execution failed
	at ptolemy.moml.MoMLSimpleApplication$UnloadThread.run(MoMLSimpleApplication.java:402)
Caused by: ptolemy.kernel.util.IllegalActionException: Found a zero delay loop containing .HierarchicalModel.A
  in .HierarchicalModel and .HierarchicalModel.A
	at ptolemy.actor.util.CausalityInterfaceForComposites._computeOutputPortDepth(CausalityInterfaceForComposites.java:759)
	at ptolemy.actor.util.CausalityInterfaceForComposites._computeInputDepth(CausalityInterfaceForComposites.java:696)
	at ptolemy.actor.util.CausalityInterfaceForComposites._computeOutputPortDepth(CausalityInterfaceForComposites.java:765)
	at ptolemy.actor.util.CausalityInterfaceForComposites._computeInputDepth(CausalityInterfaceForComposites.java:696)
	at ptolemy.actor.util.CausalityInterfaceForComposites._computeOutputPortDepth(CausalityInterfaceForComposites.java:765)
	at ptolemy.actor.util.CausalityInterfaceForComposites._computeInputDepth(CausalityInterfaceForComposites.java:696)
	at ptolemy.actor.util.CausalityInterfaceForComposites._computeActorDepth(CausalityInterfaceForComposites.java:532)
	at ptolemy.actor.util.CausalityInterfaceForComposites.checkForCycles(CausalityInterfaceForComposites.java:96)
	at ptolemy.domains.de.kernel.DEDirector.preinitialize(DEDirector.java:1338)
	at ptolemy.actor.CompositeActor.preinitialize(CompositeActor.java:1828)
	at ptolemy.actor.Manager.preinitializeAndResolveTypes(Manager.java:1040)
	at ptolemy.actor.Manager.initialize(Manager.java:710)
	at ptolemy.actor.Manager.execute(Manager.java:356)
	at ptolemy.actor.Manager.run(Manager.java:1263)
	at ptolemy.actor.Manager$PtolemyRunThread.run(Manager.java:1933)
java.lang.reflect.InvocationTargetException
	at java.base/jdk.internal.reflect.NativeConstructorAccessorImpl.newInstance0(Native Method)
	at java.base/jdk.internal.reflect.NativeConstructorAccessorImpl.newInstance(NativeConstructorAccessorImpl.java:62)
	at java.base/jdk.internal.reflect.DelegatingConstructorAccessorImpl.newInstance(DelegatingConstructorAccessorImpl.java:45)
	at java.base/java.lang.reflect.Constructor.newInstance(Constructor.java:490)
	at ptolemy.util.test.junit.AutoKnownFailedTests.RunModel(AutoKnownFailedTests.java:105)
	at java.base/jdk.internal.reflect.NativeMethodAccessorImpl.invoke0(Native Method)
	at java.base/jdk.internal.reflect.NativeMethodAccessorImpl.invoke(NativeMethodAccessorImpl.java:62)
	at java.base/jdk.internal.reflect.DelegatingMethodAccessorImpl.invoke(DelegatingMethodAccessorImpl.java:43)
	at java.base/java.lang.reflect.Method.invoke(Method.java:566)
	at org.junit.runners.model.FrameworkMethod$1.runReflectiveCall(FrameworkMethod.java:44)
	at org.junit.internal.runners.model.ReflectiveCallable.run(ReflectiveCallable.java:15)
	at org.junit.runners.model.FrameworkMethod.invokeExplosively(FrameworkMethod.java:41)
	at junitparams.internal.InvokeParameterisedMethod.evaluate(InvokeParameterisedMethod.java:102)
	at org.junit.internal.runners.statements.FailOnTimeout$1.run(FailOnTimeout.java:28)
Caused by: ptolemy.kernel.util.IllegalActionException: Found a zero delay loop containing .HierarchicalModel.A
  in .HierarchicalModel and .HierarchicalModel.A
	at ptolemy.actor.util.CausalityInterfaceForComposites._computeOutputPortDepth(CausalityInterfaceForComposites.java:759)
	at ptolemy.actor.util.CausalityInterfaceForComposites._computeInputDepth(CausalityInterfaceForComposites.java:696)
	at ptolemy.actor.util.CausalityInterfaceForComposites._computeOutputPortDepth(CausalityInterfaceForComposites.java:765)
	at ptolemy.actor.util.CausalityInterfaceForComposites._computeInputDepth(CausalityInterfaceForComposites.java:696)
	at ptolemy.actor.util.CausalityInterfaceForComposites._computeOutputPortDepth(CausalityInterfaceForComposites.java:765)
	at ptolemy.actor.util.CausalityInterfaceForComposites._computeInputDepth(CausalityInterfaceForComposites.java:696)
	at ptolemy.actor.util.CausalityInterfaceForComposites._computeActorDepth(CausalityInterfaceForComposites.java:532)
	at ptolemy.actor.util.CausalityInterfaceForComposites.checkForCycles(CausalityInterfaceForComposites.java:96)
	at ptolemy.domains.de.kernel.DEDirector.preinitialize(DEDirector.java:1338)
	at ptolemy.actor.CompositeActor.preinitialize(CompositeActor.java:1828)
	at ptolemy.actor.Manager.preinitializeAndResolveTypes(Manager.java:1040)
	at ptolemy.actor.Manager.initialize(Manager.java:710)
	at ptolemy.actor.Manager.execute(Manager.java:356)
	at ptolemy.actor.Manager.run(Manager.java:1263)
	at ptolemy.actor.Manager$PtolemyRunThread.run(Manager.java:1933)
java.lang.RuntimeException: Execution failed
	at ptolemy.moml.MoMLSimpleApplication$UnloadThread.run(MoMLSimpleApplication.java:402)
Caused by: ptolemy.kernel.util.IllegalActionException: Found a zero delay loop containing .dependencyLoop.original
  in .dependencyLoop and .dependencyLoop.original
	at ptolemy.actor.util.CausalityInterfaceForComposites._computeOutputPortDepth(CausalityInterfaceForComposites.java:759)
	at ptolemy.actor.util.CausalityInterfaceForComposites._computeInputDepth(CausalityInterfaceForComposites.java:696)
	at ptolemy.actor.util.CausalityInterfaceForComposites._computeOutputPortDepth(CausalityInterfaceForComposites.java:765)
	at ptolemy.actor.util.CausalityInterfaceForComposites._computeInputDepth(CausalityInterfaceForComposites.java:696)
	at ptolemy.actor.util.CausalityInterfaceForComposites._computeOutputPortDepth(CausalityInterfaceForComposites.java:765)
	at ptolemy.actor.util.CausalityInterfaceForComposites._computeInputDepth(CausalityInterfaceForComposites.java:696)
	at ptolemy.actor.util.CausalityInterfaceForComposites._computeActorDepth(CausalityInterfaceForComposites.java:532)
	at ptolemy.actor.util.CausalityInterfaceForComposites.checkForCycles(CausalityInterfaceForComposites.java:96)
	at ptolemy.domains.de.kernel.DEDirector.preinitialize(DEDirector.java:1338)
	at ptolemy.actor.CompositeActor.preinitialize(CompositeActor.java:1828)
	at ptolemy.actor.Manager.preinitializeAndResolveTypes(Manager.java:1040)
	at ptolemy.actor.Manager.initialize(Manager.java:710)
	at ptolemy.actor.Manager.execute(Manager.java:356)
	at ptolemy.actor.Manager.run(Manager.java:1263)
	at ptolemy.actor.Manager$PtolemyRunThread.run(Manager.java:1933)
java.lang.reflect.InvocationTargetException
	at java.base/jdk.internal.reflect.NativeConstructorAccessorImpl.newInstance0(Native Method)
	at java.base/jdk.internal.reflect.NativeConstructorAccessorImpl.newInstance(NativeConstructorAccessorImpl.java:62)
	at java.base/jdk.internal.reflect.DelegatingConstructorAccessorImpl.newInstance(DelegatingConstructorAccessorImpl.java:45)
	at java.base/java.lang.reflect.Constructor.newInstance(Constructor.java:490)
	at ptolemy.util.test.junit.AutoKnownFailedTests.RunModel(AutoKnownFailedTests.java:105)
	at java.base/jdk.internal.reflect.NativeMethodAccessorImpl.invoke0(Native Method)
	at java.base/jdk.internal.reflect.NativeMethodAccessorImpl.invoke(NativeMethodAccessorImpl.java:62)
	at java.base/jdk.internal.reflect.DelegatingMethodAccessorImpl.invoke(DelegatingMethodAccessorImpl.java:43)
	at java.base/java.lang.reflect.Method.invoke(Method.java:566)
	at org.junit.runners.model.FrameworkMethod$1.runReflectiveCall(FrameworkMethod.java:44)
	at org.junit.internal.runners.model.ReflectiveCallable.run(ReflectiveCallable.java:15)
	at org.junit.runners.model.FrameworkMethod.invokeExplosively(FrameworkMethod.java:41)
	at junitparams.internal.InvokeParameterisedMethod.evaluate(InvokeParameterisedMethod.java:102)
	at org.junit.internal.runners.statements.FailOnTimeout$1.run(FailOnTimeout.java:28)
Caused by: ptolemy.kernel.util.IllegalActionException: Found a zero delay loop containing .dependencyLoop.original
  in .dependencyLoop and .dependencyLoop.original
	at ptolemy.actor.util.CausalityInterfaceForComposites._computeOutputPortDepth(CausalityInterfaceForComposites.java:759)
	at ptolemy.actor.util.CausalityInterfaceForComposites._computeInputDepth(CausalityInterfaceForComposites.java:696)
	at ptolemy.actor.util.CausalityInterfaceForComposites._computeOutputPortDepth(CausalityInterfaceForComposites.java:765)
	at ptolemy.actor.util.CausalityInterfaceForComposites._computeInputDepth(CausalityInterfaceForComposites.java:696)
	at ptolemy.actor.util.CausalityInterfaceForComposites._computeOutputPortDepth(CausalityInterfaceForComposites.java:765)
	at ptolemy.actor.util.CausalityInterfaceForComposites._computeInputDepth(CausalityInterfaceForComposites.java:696)
	at ptolemy.actor.util.CausalityInterfaceForComposites._computeActorDepth(CausalityInterfaceForComposites.java:532)
	at ptolemy.actor.util.CausalityInterfaceForComposites.checkForCycles(CausalityInterfaceForComposites.java:96)
	at ptolemy.domains.de.kernel.DEDirector.preinitialize(DEDirector.java:1338)
	at ptolemy.actor.CompositeActor.preinitialize(CompositeActor.java:1828)
	at ptolemy.actor.Manager.preinitializeAndResolveTypes(Manager.java:1040)
	at ptolemy.actor.Manager.initialize(Manager.java:710)
	at ptolemy.actor.Manager.execute(Manager.java:356)
	at ptolemy.actor.Manager.run(Manager.java:1263)
	at ptolemy.actor.Manager$PtolemyRunThread.run(Manager.java:1933)
java.lang.RuntimeException: Execution failed
	at ptolemy.moml.MoMLSimpleApplication$UnloadThread.run(MoMLSimpleApplication.java:402)
Caused by: ptolemy.kernel.util.IllegalActionException: Found a zero delay loop containing .dependencyLoop2.original
  in .dependencyLoop2 and .dependencyLoop2.original
	at ptolemy.actor.util.CausalityInterfaceForComposites._computeOutputPortDepth(CausalityInterfaceForComposites.java:759)
	at ptolemy.actor.util.CausalityInterfaceForComposites._computeInputDepth(CausalityInterfaceForComposites.java:696)
	at ptolemy.actor.util.CausalityInterfaceForComposites._computeOutputPortDepth(CausalityInterfaceForComposites.java:765)
	at ptolemy.actor.util.CausalityInterfaceForComposites._computeInputDepth(CausalityInterfaceForComposites.java:696)
	at ptolemy.actor.util.CausalityInterfaceForComposites._computeOutputPortDepth(CausalityInterfaceForComposites.java:765)
	at ptolemy.actor.util.CausalityInterfaceForComposites._computeInputDepth(CausalityInterfaceForComposites.java:696)
	at ptolemy.actor.util.CausalityInterfaceForComposites._computeActorDepth(CausalityInterfaceForComposites.java:532)
	at ptolemy.actor.util.CausalityInterfaceForComposites.checkForCycles(CausalityInterfaceForComposites.java:96)
	at ptolemy.domains.de.kernel.DEDirector.preinitialize(DEDirector.java:1338)
	at ptolemy.actor.CompositeActor.preinitialize(CompositeActor.java:1828)
	at ptolemy.actor.Manager.preinitializeAndResolveTypes(Manager.java:1040)
	at ptolemy.actor.Manager.initialize(Manager.java:710)
	at ptolemy.actor.Manager.execute(Manager.java:356)
	at ptolemy.actor.Manager.run(Manager.java:1263)
	at ptolemy.actor.Manager$PtolemyRunThread.run(Manager.java:1933)
java.lang.reflect.InvocationTargetException
	at java.base/jdk.internal.reflect.NativeConstructorAccessorImpl.newInstance0(Native Method)
	at java.base/jdk.internal.reflect.NativeConstructorAccessorImpl.newInstance(NativeConstructorAccessorImpl.java:62)
	at java.base/jdk.internal.reflect.DelegatingConstructorAccessorImpl.newInstance(DelegatingConstructorAccessorImpl.java:45)
	at java.base/java.lang.reflect.Constructor.newInstance(Constructor.java:490)
	at ptolemy.util.test.junit.AutoKnownFailedTests.RunModel(AutoKnownFailedTests.java:105)
	at java.base/jdk.internal.reflect.NativeMethodAccessorImpl.invoke0(Native Method)
	at java.base/jdk.internal.reflect.NativeMethodAccessorImpl.invoke(NativeMethodAccessorImpl.java:62)
	at java.base/jdk.internal.reflect.DelegatingMethodAccessorImpl.invoke(DelegatingMethodAccessorImpl.java:43)
	at java.base/java.lang.reflect.Method.invoke(Method.java:566)
	at org.junit.runners.model.FrameworkMethod$1.runReflectiveCall(FrameworkMethod.java:44)
	at org.junit.internal.runners.model.ReflectiveCallable.run(ReflectiveCallable.java:15)
	at org.junit.runners.model.FrameworkMethod.invokeExplosively(FrameworkMethod.java:41)
	at junitparams.internal.InvokeParameterisedMethod.evaluate(InvokeParameterisedMethod.java:102)
	at org.junit.internal.runners.statements.FailOnTimeout$1.run(FailOnTimeout.java:28)
Caused by: ptolemy.kernel.util.IllegalActionException: Found a zero delay loop containing .dependencyLoop2.original
  in .dependencyLoop2 and .dependencyLoop2.original
	at ptolemy.actor.util.CausalityInterfaceForComposites._computeOutputPortDepth(CausalityInterfaceForComposites.java:759)
	at ptolemy.actor.util.CausalityInterfaceForComposites._computeInputDepth(CausalityInterfaceForComposites.java:696)
	at ptolemy.actor.util.CausalityInterfaceForComposites._computeOutputPortDepth(CausalityInterfaceForComposites.java:765)
	at ptolemy.actor.util.CausalityInterfaceForComposites._computeInputDepth(CausalityInterfaceForComposites.java:696)
	at ptolemy.actor.util.CausalityInterfaceForComposites._computeOutputPortDepth(CausalityInterfaceForComposites.java:765)
	at ptolemy.actor.util.CausalityInterfaceForComposites._computeInputDepth(CausalityInterfaceForComposites.java:696)
	at ptolemy.actor.util.CausalityInterfaceForComposites._computeActorDepth(CausalityInterfaceForComposites.java:532)
	at ptolemy.actor.util.CausalityInterfaceForComposites.checkForCycles(CausalityInterfaceForComposites.java:96)
	at ptolemy.domains.de.kernel.DEDirector.preinitialize(DEDirector.java:1338)
	at ptolemy.actor.CompositeActor.preinitialize(CompositeActor.java:1828)
	at ptolemy.actor.Manager.preinitializeAndResolveTypes(Manager.java:1040)
	at ptolemy.actor.Manager.initialize(Manager.java:710)
	at ptolemy.actor.Manager.execute(Manager.java:356)
	at ptolemy.actor.Manager.run(Manager.java:1263)
	at ptolemy.actor.Manager$PtolemyRunThread.run(Manager.java:1933)
]]></system-err>
</testsuite>
