<?xml version="1.0" encoding="UTF-8" ?>
<testsuite errors="0" failures="0" hostname="travis-job-e7f1440c-f457-4520-8d52-e64013336ff7" name="ptolemy.domains.de.test.junit.JUnitTclTest" skipped="0" tests="101" time="130.32" timestamp="2018-11-21T02:50:10">
  <properties>
[...]
</properties>
  <testcase classname="ptolemy.util.test.junit.TclTests" name="[0] /home/travis/build/icyphy/ptII/ptolemy/domains/de/test/DependencyLoop.tcl (RunTclFile)" time="0.722" />
  <testcase classname="ptolemy.util.test.junit.TclTests" name="[1] /home/travis/build/icyphy/ptII/ptolemy/domains/de/test/RunDETestsAsQSS.tcl (RunTclFile)" time="89.703" />
  <testcase classname="ptolemy.util.test.junit.AutoKnownFailedTests" name="[0] /home/travis/build/icyphy/ptII/ptolemy/domains/de/test/auto/knownFailedTests/DESDFClockTest.xml (RunModel)" time="2.038" />
  <testcase classname="ptolemy.util.test.junit.AutoKnownFailedTests" name="[1] /home/travis/build/icyphy/ptII/ptolemy/domains/de/test/auto/knownFailedTests/DirectFeedback.xml (RunModel)" time="0.021" />
  <testcase classname="ptolemy.util.test.junit.AutoKnownFailedTests" name="[2] /home/travis/build/icyphy/ptII/ptolemy/domains/de/test/auto/knownFailedTests/FSMSource.xml (RunModel)" time="0.025" />
  <testcase classname="ptolemy.util.test.junit.AutoKnownFailedTests" name="[3] /home/travis/build/icyphy/ptII/ptolemy/domains/de/test/auto/knownFailedTests/HierarchicalModel.xml (RunModel)" time="0.048" />
  <testcase classname="ptolemy.util.test.junit.AutoKnownFailedTests" name="[4] /home/travis/build/icyphy/ptII/ptolemy/domains/de/test/auto/knownFailedTests/dependencyLoop.xml (RunModel)" time="0.038" />
  <testcase classname="ptolemy.util.test.junit.AutoKnownFailedTests" name="[5] /home/travis/build/icyphy/ptII/ptolemy/domains/de/test/auto/knownFailedTests/dependencyLoop2.xml (RunModel)" time="0.041" />
  <testcase classname="ptolemy.util.test.junit.AutoNameArchTests" name="[0] ThereAreNoAutoArchTests (RunModel)" time="0.0" />
  <testcase classname="ptolemy.util.test.junit.AutoTests" name="[0] /home/travis/build/icyphy/ptII/ptolemy/domains/de/test/auto/ActorDepthCalculation_actorWithoutPorts.xml (RunModel)" time="0.02" />
  <testcase classname="ptolemy.util.test.junit.AutoTests" name="[1] /home/travis/build/icyphy/ptII/ptolemy/domains/de/test/auto/AssemblyLine.xml (RunModel)" time="0.019" />
  <testcase classname="ptolemy.util.test.junit.AutoTests" name="[2] /home/travis/build/icyphy/ptII/ptolemy/domains/de/test/auto/CQBug1.xml (RunModel)" time="0.011" />
  <testcase classname="ptolemy.util.test.junit.AutoTests" name="[3] /home/travis/build/icyphy/ptII/ptolemy/domains/de/test/auto/CancelFireAt.xml (RunModel)" time="0.005" />
  <testcase classname="ptolemy.util.test.junit.AutoTests" name="[4] /home/travis/build/icyphy/ptII/ptolemy/domains/de/test/auto/CausalityAndComposabilityAnalysis.xml (RunModel)" time="0.015" />
  <testcase classname="ptolemy.util.test.junit.AutoTests" name="[5] /home/travis/build/icyphy/ptII/ptolemy/domains/de/test/auto/CausalityInterface1.xml (RunModel)" time="0.014" />
  <testcase classname="ptolemy.util.test.junit.AutoTests" name="[6] /home/travis/build/icyphy/ptII/ptolemy/domains/de/test/auto/CausalityInterface15.xml (RunModel)" time="0.014" />
  <testcase classname="ptolemy.util.test.junit.AutoTests" name="[7] /home/travis/build/icyphy/ptII/ptolemy/domains/de/test/auto/CausalityInterface2.xml (RunModel)" time="0.014" />
  <testcase classname="ptolemy.util.test.junit.AutoTests" name="[8] /home/travis/build/icyphy/ptII/ptolemy/domains/de/test/auto/CausalityInterface3.xml (RunModel)" time="0.015" />
  <testcase classname="ptolemy.util.test.junit.AutoTests" name="[9] /home/travis/build/icyphy/ptII/ptolemy/domains/de/test/auto/ClockDrift.xml (RunModel)" time="0.045" />
  <testcase classname="ptolemy.util.test.junit.AutoTests" name="[10] /home/travis/build/icyphy/ptII/ptolemy/domains/de/test/auto/ClockDriftAndValueChange.xml (RunModel)" time="0.033" />
  <testcase classname="ptolemy.util.test.junit.AutoTests" name="[11] /home/travis/build/icyphy/ptII/ptolemy/domains/de/test/auto/ClockDriftChange.xml (RunModel)" time="0.031" />
  <testcase classname="ptolemy.util.test.junit.AutoTests" name="[12] /home/travis/build/icyphy/ptII/ptolemy/domains/de/test/auto/ComposableCausalityAnalysis.xml (RunModel)" time="0.016" />
  <testcase classname="ptolemy.util.test.junit.AutoTests" name="[13] /home/travis/build/icyphy/ptII/ptolemy/domains/de/test/auto/DEFixedPointLimitation.xml (RunModel)" time="0.009" />
  <testcase classname="ptolemy.util.test.junit.AutoTests" name="[14] /home/travis/build/icyphy/ptII/ptolemy/domains/de/test/auto/DEScheduleTest.xml (RunModel)" time="0.013" />
  <testcase classname="ptolemy.util.test.junit.AutoTests" name="[15] /home/travis/build/icyphy/ptII/ptolemy/domains/de/test/auto/DEinDEwithStartTimes.xml (RunModel)" time="0.016" />
  <testcase classname="ptolemy.util.test.junit.AutoTests" name="[16] /home/travis/build/icyphy/ptII/ptolemy/domains/de/test/auto/DEinDEwithStartTimes2.xml (RunModel)" time="0.013" />
  <testcase classname="ptolemy.util.test.junit.AutoTests" name="[17] /home/travis/build/icyphy/ptII/ptolemy/domains/de/test/auto/DateDemo.xml (RunModel)" time="0.03" />
  <testcase classname="ptolemy.util.test.junit.AutoTests" name="[18] /home/travis/build/icyphy/ptII/ptolemy/domains/de/test/auto/DateToEvent.xml (RunModel)" time="2.053" />
  <testcase classname="ptolemy.util.test.junit.AutoTests" name="[19] /home/travis/build/icyphy/ptII/ptolemy/domains/de/test/auto/DepthTest1.xml (RunModel)" time="0.017" />
  <testcase classname="ptolemy.util.test.junit.AutoTests" name="[20] /home/travis/build/icyphy/ptII/ptolemy/domains/de/test/auto/DepthTest2.xml (RunModel)" time="0.016" />
  <testcase classname="ptolemy.util.test.junit.AutoTests" name="[21] /home/travis/build/icyphy/ptII/ptolemy/domains/de/test/auto/DepthTest3.xml (RunModel)" time="0.007" />
  <testcase classname="ptolemy.util.test.junit.AutoTests" name="[22] /home/travis/build/icyphy/ptII/ptolemy/domains/de/test/auto/DepthTest4.xml (RunModel)" time="0.012" />
  <testcase classname="ptolemy.util.test.junit.AutoTests" name="[23] /home/travis/build/icyphy/ptII/ptolemy/domains/de/test/auto/DepthTest5.xml (RunModel)" time="0.013" />
  <testcase classname="ptolemy.util.test.junit.AutoTests" name="[24] /home/travis/build/icyphy/ptII/ptolemy/domains/de/test/auto/DepthTest6.xml (RunModel)" time="0.013" />
  <testcase classname="ptolemy.util.test.junit.AutoTests" name="[25] /home/travis/build/icyphy/ptII/ptolemy/domains/de/test/auto/DepthTest7.xml (RunModel)" time="0.012" />
  <testcase classname="ptolemy.util.test.junit.AutoTests" name="[26] /home/travis/build/icyphy/ptII/ptolemy/domains/de/test/auto/EventToDate.xml (RunModel)" time="3.037" />
  <testcase classname="ptolemy.util.test.junit.AutoTests" name="[27] /home/travis/build/icyphy/ptII/ptolemy/domains/de/test/auto/FSM1.xml (RunModel)" time="0.034" />
  <testcase classname="ptolemy.util.test.junit.AutoTests" name="[28] /home/travis/build/icyphy/ptII/ptolemy/domains/de/test/auto/FSM7.xml (RunModel)" time="0.04" />
  <testcase classname="ptolemy.util.test.junit.AutoTests" name="[29] /home/travis/build/icyphy/ptII/ptolemy/domains/de/test/auto/Inspection.xml (RunModel)" time="0.041" />
  <testcase classname="ptolemy.util.test.junit.AutoTests" name="[30] /home/travis/build/icyphy/ptII/ptolemy/domains/de/test/auto/Iteration.xml (RunModel)" time="0.018" />
  <testcase classname="ptolemy.util.test.junit.AutoTests" name="[31] /home/travis/build/icyphy/ptII/ptolemy/domains/de/test/auto/LineFault.xml (RunModel)" time="0.55" />
  <testcase classname="ptolemy.util.test.junit.AutoTests" name="[32] /home/travis/build/icyphy/ptII/ptolemy/domains/de/test/auto/MergeModel1Add.xml (RunModel)" time="0.04" />
  <testcase classname="ptolemy.util.test.junit.AutoTests" name="[33] /home/travis/build/icyphy/ptII/ptolemy/domains/de/test/auto/MergeModel2Add.xml (RunModel)" time="0.037" />
  <testcase classname="ptolemy.util.test.junit.AutoTests" name="[34] /home/travis/build/icyphy/ptII/ptolemy/domains/de/test/auto/MergeModel3Add.xml (RunModel)" time="0.039" />
  <testcase classname="ptolemy.util.test.junit.AutoTests" name="[35] /home/travis/build/icyphy/ptII/ptolemy/domains/de/test/auto/MergeWithoutDiscard.xml (RunModel)" time="0.01" />
  <testcase classname="ptolemy.util.test.junit.AutoTests" name="[36] /home/travis/build/icyphy/ptII/ptolemy/domains/de/test/auto/Modal1.xml (RunModel)" time="0.037" />
  <testcase classname="ptolemy.util.test.junit.AutoTests" name="[37] /home/travis/build/icyphy/ptII/ptolemy/domains/de/test/auto/Modal2.xml (RunModel)" time="0.031" />
  <testcase classname="ptolemy.util.test.junit.AutoTests" name="[38] /home/travis/build/icyphy/ptII/ptolemy/domains/de/test/auto/Modal3.xml (RunModel)" time="0.027" />
  <testcase classname="ptolemy.util.test.junit.AutoTests" name="[39] /home/travis/build/icyphy/ptII/ptolemy/domains/de/test/auto/Modal4.xml (RunModel)" time="0.032" />
  <testcase classname="ptolemy.util.test.junit.AutoTests" name="[40] /home/travis/build/icyphy/ptII/ptolemy/domains/de/test/auto/Modal5.xml (RunModel)" time="0.029" />
  <testcase classname="ptolemy.util.test.junit.AutoTests" name="[41] /home/travis/build/icyphy/ptII/ptolemy/domains/de/test/auto/Modal6.xml (RunModel)" time="0.027" />
  <testcase classname="ptolemy.util.test.junit.AutoTests" name="[42] /home/travis/build/icyphy/ptII/ptolemy/domains/de/test/auto/Modal7.xml (RunModel)" time="0.033" />
  <testcase classname="ptolemy.util.test.junit.AutoTests" name="[43] /home/travis/build/icyphy/ptII/ptolemy/domains/de/test/auto/ModalModel.xml (RunModel)" time="0.151" />
  <testcase classname="ptolemy.util.test.junit.AutoTests" name="[44] /home/travis/build/icyphy/ptII/ptolemy/domains/de/test/auto/ModalSource.xml (RunModel)" time="0.015" />
  <testcase classname="ptolemy.util.test.junit.AutoTests" name="[45] /home/travis/build/icyphy/ptII/ptolemy/domains/de/test/auto/NonInterruptibleTimerZeroDelay.xml (RunModel)" time="0.012" />
  <testcase classname="ptolemy.util.test.junit.AutoTests" name="[46] /home/travis/build/icyphy/ptII/ptolemy/domains/de/test/auto/OpenQueueingNetwork.xml (RunModel)" time="2.238" />
  <testcase classname="ptolemy.util.test.junit.AutoTests" name="[47] /home/travis/build/icyphy/ptII/ptolemy/domains/de/test/auto/OpenQueuingNetwork.xml (RunModel)" time="0.275" />
  <testcase classname="ptolemy.util.test.junit.AutoTests" name="[48] /home/travis/build/icyphy/ptII/ptolemy/domains/de/test/auto/PeriodicSampler.xml (RunModel)" time="0.01" />
  <testcase classname="ptolemy.util.test.junit.AutoTests" name="[49] /home/travis/build/icyphy/ptII/ptolemy/domains/de/test/auto/PersistentIO.xml (RunModel)" time="0.022" />
  <testcase classname="ptolemy.util.test.junit.AutoTests" name="[50] /home/travis/build/icyphy/ptII/ptolemy/domains/de/test/auto/PortParameterResetOnInitialize.xml (RunModel)" time="0.009" />
  <testcase classname="ptolemy.util.test.junit.AutoTests" name="[51] /home/travis/build/icyphy/ptII/ptolemy/domains/de/test/auto/PortParameterUpdates.xml (RunModel)" time="0.014" />
  <testcase classname="ptolemy.util.test.junit.AutoTests" name="[52] /home/travis/build/icyphy/ptII/ptolemy/domains/de/test/auto/QueueAndServer.xml (RunModel)" time="0.02" />
  <testcase classname="ptolemy.util.test.junit.AutoTests" name="[53] /home/travis/build/icyphy/ptII/ptolemy/domains/de/test/auto/Records.xml (RunModel)" time="0.018" />
  <testcase classname="ptolemy.util.test.junit.AutoTests" name="[54] /home/travis/build/icyphy/ptII/ptolemy/domains/de/test/auto/ResetTransitionWithStartTime1.xml (RunModel)" time="0.018" />
  <testcase classname="ptolemy.util.test.junit.AutoTests" name="[55] /home/travis/build/icyphy/ptII/ptolemy/domains/de/test/auto/ResetTransitionWithStartTime2.xml (RunModel)" time="0.021" />
  <testcase classname="ptolemy.util.test.junit.AutoTests" name="[56] /home/travis/build/icyphy/ptII/ptolemy/domains/de/test/auto/ResetTransitionWithStartTime3.xml (RunModel)" time="0.018" />
  <testcase classname="ptolemy.util.test.junit.AutoTests" name="[57] /home/travis/build/icyphy/ptII/ptolemy/domains/de/test/auto/ResetTransitionWithStartTime4.xml (RunModel)" time="0.018" />
  <testcase classname="ptolemy.util.test.junit.AutoTests" name="[58] /home/travis/build/icyphy/ptII/ptolemy/domains/de/test/auto/ResettableTimer1.xml (RunModel)" time="0.012" />
  <testcase classname="ptolemy.util.test.junit.AutoTests" name="[59] /home/travis/build/icyphy/ptII/ptolemy/domains/de/test/auto/ResettableTimer2.xml (RunModel)" time="0.01" />
  <testcase classname="ptolemy.util.test.junit.AutoTests" name="[60] /home/travis/build/icyphy/ptII/ptolemy/domains/de/test/auto/ResettableTimer3.xml (RunModel)" time="0.009" />
  <testcase classname="ptolemy.util.test.junit.AutoTests" name="[61] /home/travis/build/icyphy/ptII/ptolemy/domains/de/test/auto/ResettableTimer4.xml (RunModel)" time="0.013" />
  <testcase classname="ptolemy.util.test.junit.AutoTests" name="[62] /home/travis/build/icyphy/ptII/ptolemy/domains/de/test/auto/ResettableTimer5.xml (RunModel)" time="0.009" />
  <testcase classname="ptolemy.util.test.junit.AutoTests" name="[63] /home/travis/build/icyphy/ptII/ptolemy/domains/de/test/auto/ResettableTimer6.xml (RunModel)" time="0.017" />
  <testcase classname="ptolemy.util.test.junit.AutoTests" name="[64] /home/travis/build/icyphy/ptII/ptolemy/domains/de/test/auto/ServerZeroDelay.xml (RunModel)" time="0.011" />
  <testcase classname="ptolemy.util.test.junit.AutoTests" name="[65] /home/travis/build/icyphy/ptII/ptolemy/domains/de/test/auto/SmartSender.xml (RunModel)" time="3.013" />
  <testcase classname="ptolemy.util.test.junit.AutoTests" name="[66] /home/travis/build/icyphy/ptII/ptolemy/domains/de/test/auto/ThreadedComposite.xml (RunModel)" time="0.126" />
  <testcase classname="ptolemy.util.test.junit.AutoTests" name="[67] /home/travis/build/icyphy/ptII/ptolemy/domains/de/test/auto/Time.xml (RunModel)" time="0.415" />
  <testcase classname="ptolemy.util.test.junit.AutoTests" name="[68] /home/travis/build/icyphy/ptII/ptolemy/domains/de/test/auto/TimeDelayZeroDelay.xml (RunModel)" time="0.011" />
  <testcase classname="ptolemy.util.test.junit.AutoTests" name="[69] /home/travis/build/icyphy/ptII/ptolemy/domains/de/test/auto/TimerZeroDelay.xml (RunModel)" time="0.009" />
  <testcase classname="ptolemy.util.test.junit.AutoTests" name="[70] /home/travis/build/icyphy/ptII/ptolemy/domains/de/test/auto/TimingParadox.xml (RunModel)" time="0.387" />
  <testcase classname="ptolemy.util.test.junit.AutoTests" name="[71] /home/travis/build/icyphy/ptII/ptolemy/domains/de/test/auto/TransferInputs.xml (RunModel)" time="0.021" />
  <testcase classname="ptolemy.util.test.junit.AutoTests" name="[72] /home/travis/build/icyphy/ptII/ptolemy/domains/de/test/auto/TransferOutputs2.xml (RunModel)" time="0.02" />
  <testcase classname="ptolemy.util.test.junit.AutoTests" name="[73] /home/travis/build/icyphy/ptII/ptolemy/domains/de/test/auto/Trilateration.xml (RunModel)" time="11.496" />
  <testcase classname="ptolemy.util.test.junit.AutoTests" name="[74] /home/travis/build/icyphy/ptII/ptolemy/domains/de/test/auto/TwoSigmaDelta.xml (RunModel)" time="2.192" />
  <testcase classname="ptolemy.util.test.junit.AutoTests" name="[75] /home/travis/build/icyphy/ptII/ptolemy/domains/de/test/auto/VariableDelay.xml (RunModel)" time="0.017" />
  <testcase classname="ptolemy.util.test.junit.AutoTests" name="[76] /home/travis/build/icyphy/ptII/ptolemy/domains/de/test/auto/VariableDelay2.xml (RunModel)" time="0.008" />
  <testcase classname="ptolemy.util.test.junit.AutoTests" name="[77] /home/travis/build/icyphy/ptII/ptolemy/domains/de/test/auto/VariableDelayZeroDelay.xml (RunModel)" time="0.01" />
  <testcase classname="ptolemy.util.test.junit.AutoTests" name="[78] /home/travis/build/icyphy/ptII/ptolemy/domains/de/test/auto/VariableDelayZeroDelay2.xml (RunModel)" time="0.009" />
  <testcase classname="ptolemy.util.test.junit.AutoTests" name="[79] /home/travis/build/icyphy/ptII/ptolemy/domains/de/test/auto/deInCt.xml (RunModel)" time="0.021" />
  <testcase classname="ptolemy.util.test.junit.AutoTests" name="[80] /home/travis/build/icyphy/ptII/ptolemy/domains/de/test/auto/deInCt2.xml (RunModel)" time="0.012" />
  <testcase classname="ptolemy.util.test.junit.AutoTests" name="[81] /home/travis/build/icyphy/ptII/ptolemy/domains/de/test/auto/dynamicCausalityInterface1.xml (RunModel)" time="0.018" />
  <testcase classname="ptolemy.util.test.junit.AutoTests" name="[82] /home/travis/build/icyphy/ptII/ptolemy/domains/de/test/auto/fsm_de_test.xml (RunModel)" time="0.022" />
  <testcase classname="ptolemy.util.test.junit.AutoTests" name="[83] /home/travis/build/icyphy/ptII/ptolemy/domains/de/test/auto/functionDependencyReconstruction.xml (RunModel)" time="0.034" />
  <testcase classname="ptolemy.util.test.junit.AutoTests" name="[84] /home/travis/build/icyphy/ptII/ptolemy/domains/de/test/auto/multirate.xml (RunModel)" time="0.015" />
  <testcase classname="ptolemy.util.test.junit.AutoTests" name="[85] /home/travis/build/icyphy/ptII/ptolemy/domains/de/test/auto/multirate2.xml (RunModel)" time="0.013" />
  <testcase classname="ptolemy.util.test.junit.AutoTests" name="[86] /home/travis/build/icyphy/ptII/ptolemy/domains/de/test/auto/realtime.xml (RunModel)" time="10.011" />
  <testcase classname="ptolemy.util.test.junit.AutoTests" name="[87] /home/travis/build/icyphy/ptII/ptolemy/domains/de/test/auto/relationGroup.xml (RunModel)" time="0.008" />
  <testcase classname="ptolemy.util.test.junit.AutoTests" name="[88] /home/travis/build/icyphy/ptII/ptolemy/domains/de/test/auto/relationGroup2.xml (RunModel)" time="0.006" />
  <testcase classname="ptolemy.util.test.junit.AutoTests" name="[89] /home/travis/build/icyphy/ptII/ptolemy/domains/de/test/auto/sortWithOpaquePorts.xml (RunModel)" time="0.006" />
  <testcase classname="ptolemy.util.test.junit.AutoTests" name="[90] /home/travis/build/icyphy/ptII/ptolemy/domains/de/test/auto/transferInputsandOutputs.xml (RunModel)" time="0.01" />
  <testcase classname="ptolemy.util.test.junit.AutoTests" name="[91] /home/travis/build/icyphy/ptII/ptolemy/domains/de/test/auto/triggerType.xml (RunModel)" time="0.01" />
  <system-out><![CDATA[/home/travis/build/icyphy/ptII/ptolemy/domains/de/test/DependencyLoop.tcl
testDefs.tcl: setting time out to 9000 seconds at Wed Nov 21 02:50:10 UTC 2018
14 ms. Memory: 116224K Free: 93470K (80%)
5 ms. Memory: 146944K Free: 135457K (92%)
/home/travis/build/icyphy/ptII/ptolemy/domains/de/test/RunDETestsAsQSS.tcl
Run the DE tests using ptolemy.domains.qss.test.QSSDirectorTest, which extends QSSDirector and prints a message in the constructors.
------------------ testing $PTII/ptolemy/domains/de/test/auto/knownFailedTests/dependencyLoop.xml (Known Failure) 
7 ms. Memory: 146944K Free: 132345K (90%)


==== $PTIIhome/travis/build/icyphy/ptII/ptolemy/domains/de/test/../../../../: Auto Automatic test in file $PTII/ptolemy/domains/de/test/auto/knownFailedTests/dependencyLoop.xml
==== Contents of test case:

	    # FIXME: we should use $relativeFilename here, but it
	    # might have backslashes under Windows, which causes no end
	    # of trouble.
	    createAndExecute $file
	    list {}
	
.... Test generated KNOWN error:
    while executing
ptolemy.kernel.util.IllegalActionException: Found a zero delay loop containing .dependencyLoop.original
  in .dependencyLoop and .dependencyLoop.original
	at ptolemy.actor.util.CausalityInterfaceForComposites._computeOutputPortDepth(CausalityInterfaceForComposites.java:759)
	at ptolemy.actor.util.CausalityInterfaceForComposites._computeInputDepth(CausalityInterfaceForComposites.java:696)
	at ptolemy.actor.util.CausalityInterfaceForComposites._computeOutputPortDepth(CausalityInterfaceForComposites.java:765)
	at ptolemy.actor.util.CausalityInterfaceForComposites._computeInputDepth(CausalityInterfaceForComposites.java:696)
	at ptolemy.actor.util.CausalityInterfaceForComposites._computeOutputPortDepth(CausalityInterfaceForComposites.java:765)
	at ptolemy.actor.util.CausalityInterfaceForComposites._computeInputDepth(CausalityInterfaceForComposites.java:696)
	at ptolemy.actor.util.CausalityInterfaceForComposites._computeActorDepth(CausalityInterfaceForComposites.java:532)
	at ptolemy.actor.util.CausalityInterfaceForComposites.checkForCycles(CausalityInterfaceForComposites.java:96)
	at ptolemy.domains.de.kernel.DEDirector.preinitialize(DEDirector.java:1338)
	at ptolemy.actor.CompositeActor.preinitialize(CompositeActor.java:1828)
	at ptolemy.actor.Manager.preinitializeAndResolveTypes(Manager.java:1040)
	at ptolemy.actor.Manager.initialize(Manager.java:710)
	at ptolemy.actor.Manager.execute(Manager.java:356)
	at ptolemy.actor.Manager.run(Manager.java:1263)
	at ptolemy.actor.Manager$PtolemyRunThread.run(Manager.java:1915)

    while executing
ptolemy.kernel.util.IllegalActionException: Found a zero delay loop containing .dependencyLoop.original
  in .dependencyLoop and .dependencyLoop.original
    while executing
"java::new ptolemy.moml.MoMLSimpleApplication $file
"
    (procedure "createAndExecute" line 2)
    invoked from within
"createAndExecute $file"
    ("uplevel" body line 5)
    invoked from within
"uplevel $contents_of_test"
------------------ testing $PTII/ptolemy/domains/de/test/auto/knownFailedTests/DESDFClockTest.xml (Known Failure) 
2125 ms. Memory: 146944K Free: 116568K (79%)


==== $PTIIhome/travis/build/icyphy/ptII/ptolemy/domains/de/test/../../../../: Auto Automatic test in file $PTII/ptolemy/domains/de/test/auto/knownFailedTests/DESDFClockTest.xml
==== Contents of test case:

	    # FIXME: we should use $relativeFilename here, but it
	    # might have backslashes under Windows, which causes no end
	    # of trouble.
	    createAndExecute $file
	    list {}
	
.... Test generated KNOWN error:
    while executing
ptolemy.kernel.util.IllegalActionException: Actor is not ready to fire.  Perhaps UpSample.prefire() returned false? Try debugging the actor by selecting "Listen to Actor".  Also, for SDF check moml for tokenConsumptionRate on input.
  in .DESDFClockTest.Play Bell.Copy1:SDF Director and .DESDFClockTest.Play Bell.UpSample
	at ptolemy.actor.sched.StaticSchedulingDirector.fire(StaticSchedulingDirector.java:227)
	at ptolemy.domains.sdf.kernel.SDFDirector.fire(SDFDirector.java:500)
	at ptolemy.actor.CompositeActor.fire(CompositeActor.java:455)
	at ptolemy.domains.de.kernel.DEDirector._fire(DEDirector.java:1949)
	at ptolemy.domains.de.kernel.DEDirector.fire(DEDirector.java:502)
	at ptolemy.actor.CompositeActor.fire(CompositeActor.java:455)
	at ptolemy.actor.Manager.iterate(Manager.java:851)
	at ptolemy.actor.Manager.execute(Manager.java:369)
	at ptolemy.actor.Manager.run(Manager.java:1263)
	at ptolemy.actor.Manager$PtolemyRunThread.run(Manager.java:1915)

    while executing
ptolemy.kernel.util.IllegalActionException: Actor is not ready to fire.  Perhaps UpSample.prefire() returned false? Try debugging the actor by selecting "Listen to Actor".  Also, for SDF check moml for tokenConsumptionRate on input.
  in .DESDFClockTest.Play Bell.Copy1:SDF Director and .DESDFClockTest.Play Bell.UpSample
    while executing
"java::new ptolemy.moml.MoMLSimpleApplication $file
"
    (procedure "createAndExecute" line 2)
    invoked from within
"createAndExecute $file"
    ("uplevel" body line 5)
    invoked from within
"uplevel $contents_of_test"
------------------ testing $PTII/ptolemy/domains/de/test/auto/knownFailedTests/FSMSource.xml (Known Failure) 
29 ms. Memory: 146944K Free: 107630K (73%)
!!!! Auto was marked as failing, but now passes
------------------ testing $PTII/ptolemy/domains/de/test/auto/knownFailedTests/dependencyLoop2.xml (Known Failure) 
6 ms. Memory: 146944K Free: 105747K (72%)


==== $PTIIhome/travis/build/icyphy/ptII/ptolemy/domains/de/test/../../../../: Auto Automatic test in file $PTII/ptolemy/domains/de/test/auto/knownFailedTests/dependencyLoop2.xml
==== Contents of test case:

	    # FIXME: we should use $relativeFilename here, but it
	    # might have backslashes under Windows, which causes no end
	    # of trouble.
	    createAndExecute $file
	    list {}
	
.... Test generated KNOWN error:
    while executing
ptolemy.kernel.util.IllegalActionException: Found a zero delay loop containing .dependencyLoop2.original
  in .dependencyLoop2 and .dependencyLoop2.original
	at ptolemy.actor.util.CausalityInterfaceForComposites._computeOutputPortDepth(CausalityInterfaceForComposites.java:759)
	at ptolemy.actor.util.CausalityInterfaceForComposites._computeInputDepth(CausalityInterfaceForComposites.java:696)
	at ptolemy.actor.util.CausalityInterfaceForComposites._computeOutputPortDepth(CausalityInterfaceForComposites.java:765)
	at ptolemy.actor.util.CausalityInterfaceForComposites._computeInputDepth(CausalityInterfaceForComposites.java:696)
	at ptolemy.actor.util.CausalityInterfaceForComposites._computeOutputPortDepth(CausalityInterfaceForComposites.java:765)
	at ptolemy.actor.util.CausalityInterfaceForComposites._computeInputDepth(CausalityInterfaceForComposites.java:696)
	at ptolemy.actor.util.CausalityInterfaceForComposites._computeActorDepth(CausalityInterfaceForComposites.java:532)
	at ptolemy.actor.util.CausalityInterfaceForComposites.checkForCycles(CausalityInterfaceForComposites.java:96)
	at ptolemy.domains.de.kernel.DEDirector.preinitialize(DEDirector.java:1338)
	at ptolemy.actor.CompositeActor.preinitialize(CompositeActor.java:1828)
	at ptolemy.actor.Manager.preinitializeAndResolveTypes(Manager.java:1040)
	at ptolemy.actor.Manager.initialize(Manager.java:710)
	at ptolemy.actor.Manager.execute(Manager.java:356)
	at ptolemy.actor.Manager.run(Manager.java:1263)
	at ptolemy.actor.Manager$PtolemyRunThread.run(Manager.java:1915)

    while executing
ptolemy.kernel.util.IllegalActionException: Found a zero delay loop containing .dependencyLoop2.original
  in .dependencyLoop2 and .dependencyLoop2.original
    while executing
"java::new ptolemy.moml.MoMLSimpleApplication $file
"
    (procedure "createAndExecute" line 2)
    invoked from within
"createAndExecute $file"
    ("uplevel" body line 5)
    invoked from within
"uplevel $contents_of_test"
------------------ testing $PTII/ptolemy/domains/de/test/auto/knownFailedTests/HierarchicalModel.xml (Known Failure) 
6 ms. Memory: 146944K Free: 85255K (58%)


==== $PTIIhome/travis/build/icyphy/ptII/ptolemy/domains/de/test/../../../../: Auto Automatic test in file $PTII/ptolemy/domains/de/test/auto/knownFailedTests/HierarchicalModel.xml
==== Contents of test case:

	    # FIXME: we should use $relativeFilename here, but it
	    # might have backslashes under Windows, which causes no end
	    # of trouble.
	    createAndExecute $file
	    list {}
	
.... Test generated KNOWN error:
    while executing
ptolemy.kernel.util.IllegalActionException: Found a zero delay loop containing .HierarchicalModel.A
  in .HierarchicalModel and .HierarchicalModel.A
	at ptolemy.actor.util.CausalityInterfaceForComposites._computeOutputPortDepth(CausalityInterfaceForComposites.java:759)
	at ptolemy.actor.util.CausalityInterfaceForComposites._computeInputDepth(CausalityInterfaceForComposites.java:696)
	at ptolemy.actor.util.CausalityInterfaceForComposites._computeOutputPortDepth(CausalityInterfaceForComposites.java:765)
	at ptolemy.actor.util.CausalityInterfaceForComposites._computeInputDepth(CausalityInterfaceForComposites.java:696)
	at ptolemy.actor.util.CausalityInterfaceForComposites._computeOutputPortDepth(CausalityInterfaceForComposites.java:765)
	at ptolemy.actor.util.CausalityInterfaceForComposites._computeInputDepth(CausalityInterfaceForComposites.java:696)
	at ptolemy.actor.util.CausalityInterfaceForComposites._computeActorDepth(CausalityInterfaceForComposites.java:532)
	at ptolemy.actor.util.CausalityInterfaceForComposites.checkForCycles(CausalityInterfaceForComposites.java:96)
	at ptolemy.domains.de.kernel.DEDirector.preinitialize(DEDirector.java:1338)
	at ptolemy.actor.CompositeActor.preinitialize(CompositeActor.java:1828)
	at ptolemy.actor.Manager.preinitializeAndResolveTypes(Manager.java:1040)
	at ptolemy.actor.Manager.initialize(Manager.java:710)
	at ptolemy.actor.Manager.execute(Manager.java:356)
	at ptolemy.actor.Manager.run(Manager.java:1263)
	at ptolemy.actor.Manager$PtolemyRunThread.run(Manager.java:1915)

    while executing
ptolemy.kernel.util.IllegalActionException: Found a zero delay loop containing .HierarchicalModel.A
  in .HierarchicalModel and .HierarchicalModel.A
    while executing
"java::new ptolemy.moml.MoMLSimpleApplication $file
"
    (procedure "createAndExecute" line 2)
    invoked from within
"createAndExecute $file"
    ("uplevel" body line 5)
    invoked from within
"uplevel $contents_of_test"
------------------ testing $PTII/ptolemy/domains/de/test/auto/knownFailedTests/DirectFeedback.xml (Known Failure) 
7 ms. Memory: 146944K Free: 141131K (96%)


==== $PTIIhome/travis/build/icyphy/ptII/ptolemy/domains/de/test/../../../../: Auto Automatic test in file $PTII/ptolemy/domains/de/test/auto/knownFailedTests/DirectFeedback.xml
==== Contents of test case:

	    # FIXME: we should use $relativeFilename here, but it
	    # might have backslashes under Windows, which causes no end
	    # of trouble.
	    createAndExecute $file
	    list {}
	
.... Test generated KNOWN error:
    while executing
ptolemy.kernel.util.IllegalActionException: Test fails in iteration 1.
Value was: 1.0. Should have been: 2.0
  in .DirectFeedback.Test
	at ptolemy.actor.lib.Test.fire(Test.java:268)
	at ptolemy.domains.de.kernel.DEDirector._fire(DEDirector.java:1949)
	at ptolemy.domains.de.kernel.DEDirector.fire(DEDirector.java:502)
	at ptolemy.actor.CompositeActor.fire(CompositeActor.java:455)
	at ptolemy.actor.Manager.iterate(Manager.java:851)
	at ptolemy.actor.Manager.execute(Manager.java:369)
	at ptolemy.actor.Manager.run(Manager.java:1263)
	at ptolemy.actor.Manager$PtolemyRunThread.run(Manager.java:1915)

    while executing
ptolemy.kernel.util.IllegalActionException: Test fails in iteration 1.
Value was: 1.0. Should have been: 2.0
  in .DirectFeedback.Test
    while executing
"java::new ptolemy.moml.MoMLSimpleApplication $file
"
    (procedure "createAndExecute" line 2)
    invoked from within
"createAndExecute $file"
    ("uplevel" body line 5)
    invoked from within
"uplevel $contents_of_test"
------------------ testing $PTII/ptolemy/domains/de/test/auto/ActorDepthCalculation_actorWithoutPorts.xml
auto.tcl: Setting watchdog for 200 seconds at Wed Nov 21 02:50:13 UTC 2018
4 ms. Memory: 146944K Free: 132476K (90%)
ptolemy.util.test.WatchDog.cancel(): canceling Wed Nov 21 02:50:13 UTC 2018
auto.tcl: Setting watchdog for 200 seconds at Wed Nov 21 02:50:13 UTC 2018
4 ms. Memory: 146944K Free: 131444K (89%)
ptolemy.util.test.WatchDog.cancel(): canceling Wed Nov 21 02:50:13 UTC 2018
------------------ testing $PTII/ptolemy/domains/de/test/auto/AssemblyLine.xml
auto.tcl: Setting watchdog for 200 seconds at Wed Nov 21 02:50:13 UTC 2018
16 ms. Memory: 208384K Free: 182860K (88%)
ptolemy.util.test.WatchDog.cancel(): canceling Wed Nov 21 02:50:14 UTC 2018
auto.tcl: Setting watchdog for 200 seconds at Wed Nov 21 02:50:14 UTC 2018
8 ms. Memory: 208384K Free: 182860K (88%)
ptolemy.util.test.WatchDog.cancel(): canceling Wed Nov 21 02:50:14 UTC 2018
------------------ testing $PTII/ptolemy/domains/de/test/auto/CQBug1.xml
auto.tcl: Setting watchdog for 200 seconds at Wed Nov 21 02:50:14 UTC 2018
3 ms. Memory: 208384K Free: 197718K (95%)
ptolemy.util.test.WatchDog.cancel(): canceling Wed Nov 21 02:50:14 UTC 2018
auto.tcl: Setting watchdog for 200 seconds at Wed Nov 21 02:50:14 UTC 2018
2 ms. Memory: 208384K Free: 197718K (95%)
ptolemy.util.test.WatchDog.cancel(): canceling Wed Nov 21 02:50:14 UTC 2018
------------------ testing $PTII/ptolemy/domains/de/test/auto/CancelFireAt.xml
auto.tcl: Setting watchdog for 200 seconds at Wed Nov 21 02:50:14 UTC 2018
8 ms. Memory: 208384K Free: 201431K (97%)
ptolemy.util.test.WatchDog.cancel(): canceling Wed Nov 21 02:50:14 UTC 2018
auto.tcl: Setting watchdog for 200 seconds at Wed Nov 21 02:50:14 UTC 2018
3 ms. Memory: 208384K Free: 199339K (96%)
ptolemy.util.test.WatchDog.cancel(): canceling Wed Nov 21 02:50:14 UTC 2018
------------------ testing $PTII/ptolemy/domains/de/test/auto/CausalityAndComposabilityAnalysis.xml
auto.tcl: Setting watchdog for 200 seconds at Wed Nov 21 02:50:14 UTC 2018
16 ms. Memory: 208384K Free: 196845K (94%)
ptolemy.util.test.WatchDog.cancel(): canceling Wed Nov 21 02:50:14 UTC 2018
auto.tcl: Setting watchdog for 200 seconds at Wed Nov 21 02:50:14 UTC 2018
5 ms. Memory: 208384K Free: 196845K (94%)
ptolemy.util.test.WatchDog.cancel(): canceling Wed Nov 21 02:50:14 UTC 2018
------------------ testing $PTII/ptolemy/domains/de/test/auto/CausalityInterface1.xml
auto.tcl: Setting watchdog for 200 seconds at Wed Nov 21 02:50:14 UTC 2018
13 ms. Memory: 208384K Free: 196445K (94%)
ptolemy.util.test.WatchDog.cancel(): canceling Wed Nov 21 02:50:14 UTC 2018
auto.tcl: Setting watchdog for 200 seconds at Wed Nov 21 02:50:14 UTC 2018
4 ms. Memory: 208384K Free: 196445K (94%)
ptolemy.util.test.WatchDog.cancel(): canceling Wed Nov 21 02:50:14 UTC 2018
------------------ testing $PTII/ptolemy/domains/de/test/auto/CausalityInterface15.xml
auto.tcl: Setting watchdog for 200 seconds at Wed Nov 21 02:50:14 UTC 2018
22 ms. Memory: 208384K Free: 196436K (94%)
ptolemy.util.test.WatchDog.cancel(): canceling Wed Nov 21 02:50:14 UTC 2018
auto.tcl: Setting watchdog for 200 seconds at Wed Nov 21 02:50:14 UTC 2018
4 ms. Memory: 208384K Free: 196436K (94%)
ptolemy.util.test.WatchDog.cancel(): canceling Wed Nov 21 02:50:14 UTC 2018
------------------ testing $PTII/ptolemy/domains/de/test/auto/CausalityInterface2.xml
auto.tcl: Setting watchdog for 200 seconds at Wed Nov 21 02:50:14 UTC 2018
3 ms. Memory: 208384K Free: 196419K (94%)
ptolemy.util.test.WatchDog.cancel(): canceling Wed Nov 21 02:50:14 UTC 2018
auto.tcl: Setting watchdog for 200 seconds at Wed Nov 21 02:50:14 UTC 2018
3 ms. Memory: 208384K Free: 196419K (94%)
ptolemy.util.test.WatchDog.cancel(): canceling Wed Nov 21 02:50:14 UTC 2018
------------------ testing $PTII/ptolemy/domains/de/test/auto/CausalityInterface3.xml
auto.tcl: Setting watchdog for 200 seconds at Wed Nov 21 02:50:14 UTC 2018
11 ms. Memory: 208384K Free: 196431K (94%)
ptolemy.util.test.WatchDog.cancel(): canceling Wed Nov 21 02:50:14 UTC 2018
auto.tcl: Setting watchdog for 200 seconds at Wed Nov 21 02:50:14 UTC 2018
3 ms. Memory: 208384K Free: 196431K (94%)
ptolemy.util.test.WatchDog.cancel(): canceling Wed Nov 21 02:50:14 UTC 2018
------------------ testing $PTII/ptolemy/domains/de/test/auto/ClockDrift.xml
auto.tcl: Setting watchdog for 200 seconds at Wed Nov 21 02:50:14 UTC 2018
130 ms. Memory: 208384K Free: 187686K (90%)
ptolemy.util.test.WatchDog.cancel(): canceling Wed Nov 21 02:50:15 UTC 2018
auto.tcl: Setting watchdog for 200 seconds at Wed Nov 21 02:50:15 UTC 2018
46 ms. Memory: 208384K Free: 185594K (89%)
ptolemy.util.test.WatchDog.cancel(): canceling Wed Nov 21 02:50:15 UTC 2018
------------------ testing $PTII/ptolemy/domains/de/test/auto/ClockDriftAndValueChange.xml
auto.tcl: Setting watchdog for 200 seconds at Wed Nov 21 02:50:15 UTC 2018
51 ms. Memory: 208384K Free: 187520K (90%)
ptolemy.util.test.WatchDog.cancel(): canceling Wed Nov 21 02:50:15 UTC 2018
auto.tcl: Setting watchdog for 200 seconds at Wed Nov 21 02:50:15 UTC 2018
36 ms. Memory: 208384K Free: 185428K (89%)
ptolemy.util.test.WatchDog.cancel(): canceling Wed Nov 21 02:50:15 UTC 2018
------------------ testing $PTII/ptolemy/domains/de/test/auto/ClockDriftChange.xml
auto.tcl: Setting watchdog for 200 seconds at Wed Nov 21 02:50:15 UTC 2018
26 ms. Memory: 208384K Free: 190833K (92%)
ptolemy.util.test.WatchDog.cancel(): canceling Wed Nov 21 02:50:15 UTC 2018
auto.tcl: Setting watchdog for 200 seconds at Wed Nov 21 02:50:15 UTC 2018
28 ms. Memory: 208384K Free: 188741K (91%)
ptolemy.util.test.WatchDog.cancel(): canceling Wed Nov 21 02:50:15 UTC 2018
------------------ testing $PTII/ptolemy/domains/de/test/auto/ComposableCausalityAnalysis.xml
auto.tcl: Setting watchdog for 200 seconds at Wed Nov 21 02:50:15 UTC 2018
3 ms. Memory: 208384K Free: 196040K (94%)
ptolemy.util.test.WatchDog.cancel(): canceling Wed Nov 21 02:50:15 UTC 2018
auto.tcl: Setting watchdog for 200 seconds at Wed Nov 21 02:50:15 UTC 2018
2 ms. Memory: 208384K Free: 193947K (93%)
ptolemy.util.test.WatchDog.cancel(): canceling Wed Nov 21 02:50:15 UTC 2018
------------------ testing $PTII/ptolemy/domains/de/test/auto/DEFixedPointLimitation.xml
auto.tcl: Setting watchdog for 200 seconds at Wed Nov 21 02:50:15 UTC 2018
1 ms. Memory: 208384K Free: 195917K (94%)
ptolemy.util.test.WatchDog.cancel(): canceling Wed Nov 21 02:50:15 UTC 2018
auto.tcl: Setting watchdog for 200 seconds at Wed Nov 21 02:50:15 UTC 2018
1 ms. Memory: 208384K Free: 195917K (94%)
ptolemy.util.test.WatchDog.cancel(): canceling Wed Nov 21 02:50:15 UTC 2018
------------------ testing $PTII/ptolemy/domains/de/test/auto/DEScheduleTest.xml
auto.tcl: Setting watchdog for 200 seconds at Wed Nov 21 02:50:15 UTC 2018
6 ms. Memory: 208384K Free: 198382K (95%)
ptolemy.util.test.WatchDog.cancel(): canceling Wed Nov 21 02:50:15 UTC 2018
auto.tcl: Setting watchdog for 200 seconds at Wed Nov 21 02:50:15 UTC 2018
6 ms. Memory: 208384K Free: 195952K (94%)
ptolemy.util.test.WatchDog.cancel(): canceling Wed Nov 21 02:50:15 UTC 2018
------------------ testing $PTII/ptolemy/domains/de/test/auto/DEinDEwithStartTimes.xml
auto.tcl: Setting watchdog for 200 seconds at Wed Nov 21 02:50:15 UTC 2018
10 ms. Memory: 208384K Free: 195921K (94%)
ptolemy.util.test.WatchDog.cancel(): canceling Wed Nov 21 02:50:15 UTC 2018
auto.tcl: Setting watchdog for 200 seconds at Wed Nov 21 02:50:15 UTC 2018
4 ms. Memory: 208384K Free: 193829K (93%)
ptolemy.util.test.WatchDog.cancel(): canceling Wed Nov 21 02:50:15 UTC 2018
------------------ testing $PTII/ptolemy/domains/de/test/auto/DEinDEwithStartTimes2.xml
auto.tcl: Setting watchdog for 200 seconds at Wed Nov 21 02:50:15 UTC 2018
6 ms. Memory: 208384K Free: 196237K (94%)
ptolemy.util.test.WatchDog.cancel(): canceling Wed Nov 21 02:50:15 UTC 2018
auto.tcl: Setting watchdog for 200 seconds at Wed Nov 21 02:50:15 UTC 2018
4 ms. Memory: 208384K Free: 193807K (93%)
ptolemy.util.test.WatchDog.cancel(): canceling Wed Nov 21 02:50:16 UTC 2018
------------------ testing $PTII/ptolemy/domains/de/test/auto/DateDemo.xml
auto.tcl: Setting watchdog for 200 seconds at Wed Nov 21 02:50:16 UTC 2018
14 ms. Memory: 208384K Free: 188369K (90%)
ptolemy.util.test.WatchDog.cancel(): canceling Wed Nov 21 02:50:16 UTC 2018
auto.tcl: Setting watchdog for 200 seconds at Wed Nov 21 02:50:16 UTC 2018
6 ms. Memory: 208384K Free: 186276K (89%)
ptolemy.util.test.WatchDog.cancel(): canceling Wed Nov 21 02:50:16 UTC 2018
------------------ testing $PTII/ptolemy/domains/de/test/auto/DateToEvent.xml
auto.tcl: Setting watchdog for 200 seconds at Wed Nov 21 02:50:16 UTC 2018
2010 ms. Memory: 208384K Free: 183099K (88%)
ptolemy.util.test.WatchDog.cancel(): canceling Wed Nov 21 02:50:18 UTC 2018
auto.tcl: Setting watchdog for 200 seconds at Wed Nov 21 02:50:18 UTC 2018
2008 ms. Memory: 208384K Free: 180641K (87%)
ptolemy.util.test.WatchDog.cancel(): canceling Wed Nov 21 02:50:20 UTC 2018
------------------ testing $PTII/ptolemy/domains/de/test/auto/DepthTest1.xml
auto.tcl: Setting watchdog for 200 seconds at Wed Nov 21 02:50:20 UTC 2018
2 ms. Memory: 208384K Free: 197573K (95%)
ptolemy.util.test.WatchDog.cancel(): canceling Wed Nov 21 02:50:20 UTC 2018
auto.tcl: Setting watchdog for 200 seconds at Wed Nov 21 02:50:20 UTC 2018
2 ms. Memory: 208384K Free: 197573K (95%)
ptolemy.util.test.WatchDog.cancel(): canceling Wed Nov 21 02:50:20 UTC 2018
------------------ testing $PTII/ptolemy/domains/de/test/auto/DepthTest2.xml
auto.tcl: Setting watchdog for 200 seconds at Wed Nov 21 02:50:20 UTC 2018
4 ms. Memory: 208384K Free: 193790K (93%)
ptolemy.util.test.WatchDog.cancel(): canceling Wed Nov 21 02:50:20 UTC 2018
auto.tcl: Setting watchdog for 200 seconds at Wed Nov 21 02:50:20 UTC 2018
6 ms. Memory: 208384K Free: 193790K (93%)
ptolemy.util.test.WatchDog.cancel(): canceling Wed Nov 21 02:50:20 UTC 2018
------------------ testing $PTII/ptolemy/domains/de/test/auto/DepthTest3.xml
auto.tcl: Setting watchdog for 200 seconds at Wed Nov 21 02:50:20 UTC 2018
5 ms. Memory: 208384K Free: 197907K (95%)
ptolemy.util.test.WatchDog.cancel(): canceling Wed Nov 21 02:50:20 UTC 2018
auto.tcl: Setting watchdog for 200 seconds at Wed Nov 21 02:50:20 UTC 2018
5 ms. Memory: 208384K Free: 197907K (95%)
ptolemy.util.test.WatchDog.cancel(): canceling Wed Nov 21 02:50:20 UTC 2018
------------------ testing $PTII/ptolemy/domains/de/test/auto/DepthTest4.xml
auto.tcl: Setting watchdog for 200 seconds at Wed Nov 21 02:50:20 UTC 2018
7 ms. Memory: 208384K Free: 195902K (94%)
ptolemy.util.test.WatchDog.cancel(): canceling Wed Nov 21 02:50:20 UTC 2018
auto.tcl: Setting watchdog for 200 seconds at Wed Nov 21 02:50:20 UTC 2018
3 ms. Memory: 208384K Free: 195902K (94%)
ptolemy.util.test.WatchDog.cancel(): canceling Wed Nov 21 02:50:20 UTC 2018
------------------ testing $PTII/ptolemy/domains/de/test/auto/DepthTest5.xml
auto.tcl: Setting watchdog for 200 seconds at Wed Nov 21 02:50:20 UTC 2018
6 ms. Memory: 208384K Free: 196186K (94%)
ptolemy.util.test.WatchDog.cancel(): canceling Wed Nov 21 02:50:20 UTC 2018
auto.tcl: Setting watchdog for 200 seconds at Wed Nov 21 02:50:20 UTC 2018
2 ms. Memory: 208384K Free: 196186K (94%)
ptolemy.util.test.WatchDog.cancel(): canceling Wed Nov 21 02:50:20 UTC 2018
------------------ testing $PTII/ptolemy/domains/de/test/auto/DepthTest6.xml
auto.tcl: Setting watchdog for 200 seconds at Wed Nov 21 02:50:20 UTC 2018
8 ms. Memory: 208384K Free: 196163K (94%)
ptolemy.util.test.WatchDog.cancel(): canceling Wed Nov 21 02:50:20 UTC 2018
auto.tcl: Setting watchdog for 200 seconds at Wed Nov 21 02:50:20 UTC 2018
3 ms. Memory: 208384K Free: 196163K (94%)
ptolemy.util.test.WatchDog.cancel(): canceling Wed Nov 21 02:50:20 UTC 2018
------------------ testing $PTII/ptolemy/domains/de/test/auto/DepthTest7.xml
auto.tcl: Setting watchdog for 200 seconds at Wed Nov 21 02:50:20 UTC 2018
3 ms. Memory: 208384K Free: 194578K (93%)
ptolemy.util.test.WatchDog.cancel(): canceling Wed Nov 21 02:50:20 UTC 2018
auto.tcl: Setting watchdog for 200 seconds at Wed Nov 21 02:50:20 UTC 2018
2 ms. Memory: 208384K Free: 194578K (93%)
ptolemy.util.test.WatchDog.cancel(): canceling Wed Nov 21 02:50:20 UTC 2018
------------------ testing $PTII/ptolemy/domains/de/test/auto/EventToDate.xml
auto.tcl: Setting watchdog for 200 seconds at Wed Nov 21 02:50:20 UTC 2018
3012 ms. Memory: 208384K Free: 185367K (89%)
ptolemy.util.test.WatchDog.cancel(): canceling Wed Nov 21 02:50:23 UTC 2018
auto.tcl: Setting watchdog for 200 seconds at Wed Nov 21 02:50:23 UTC 2018
3004 ms. Memory: 208384K Free: 185367K (89%)
ptolemy.util.test.WatchDog.cancel(): canceling Wed Nov 21 02:50:26 UTC 2018
------------------ testing $PTII/ptolemy/domains/de/test/auto/FSM1.xml
auto.tcl: Setting watchdog for 200 seconds at Wed Nov 21 02:50:26 UTC 2018
18 ms. Memory: 208384K Free: 188875K (91%)
ptolemy.util.test.WatchDog.cancel(): canceling Wed Nov 21 02:50:27 UTC 2018
auto.tcl: Setting watchdog for 200 seconds at Wed Nov 21 02:50:27 UTC 2018
15 ms. Memory: 208384K Free: 184690K (89%)
ptolemy.util.test.WatchDog.cancel(): canceling Wed Nov 21 02:50:27 UTC 2018
------------------ testing $PTII/ptolemy/domains/de/test/auto/FSM7.xml
auto.tcl: Setting watchdog for 200 seconds at Wed Nov 21 02:50:27 UTC 2018
28 ms. Memory: 208384K Free: 186986K (90%)
ptolemy.util.test.WatchDog.cancel(): canceling Wed Nov 21 02:50:27 UTC 2018
auto.tcl: Setting watchdog for 200 seconds at Wed Nov 21 02:50:27 UTC 2018
16 ms. Memory: 208384K Free: 184893K (89%)
ptolemy.util.test.WatchDog.cancel(): canceling Wed Nov 21 02:50:27 UTC 2018
------------------ testing $PTII/ptolemy/domains/de/test/auto/Inspection.xml
auto.tcl: Setting watchdog for 200 seconds at Wed Nov 21 02:50:27 UTC 2018
28 ms. Memory: 208384K Free: 188198K (90%)
ptolemy.util.test.WatchDog.cancel(): canceling Wed Nov 21 02:50:27 UTC 2018
auto.tcl: Setting watchdog for 200 seconds at Wed Nov 21 02:50:27 UTC 2018
26 ms. Memory: 208384K Free: 186106K (89%)
ptolemy.util.test.WatchDog.cancel(): canceling Wed Nov 21 02:50:27 UTC 2018
------------------ testing $PTII/ptolemy/domains/de/test/auto/Iteration.xml
auto.tcl: Setting watchdog for 200 seconds at Wed Nov 21 02:50:27 UTC 2018
7 ms. Memory: 208384K Free: 195950K (94%)
ptolemy.util.test.WatchDog.cancel(): canceling Wed Nov 21 02:50:27 UTC 2018
auto.tcl: Setting watchdog for 200 seconds at Wed Nov 21 02:50:27 UTC 2018
8 ms. Memory: 208384K Free: 193858K (93%)
ptolemy.util.test.WatchDog.cancel(): canceling Wed Nov 21 02:50:27 UTC 2018
------------------ testing $PTII/ptolemy/domains/de/test/auto/LineFault.xml
auto.tcl: Setting watchdog for 200 seconds at Wed Nov 21 02:50:27 UTC 2018
776 ms. Memory: 208384K Free: 195756K (94%)
ptolemy.util.test.WatchDog.cancel(): canceling Wed Nov 21 02:50:28 UTC 2018
auto.tcl: Setting watchdog for 200 seconds at Wed Nov 21 02:50:28 UTC 2018
659 ms. Memory: 208384K Free: 138628K (67%)
ptolemy.util.test.WatchDog.cancel(): canceling Wed Nov 21 02:50:29 UTC 2018
------------------ testing $PTII/ptolemy/domains/de/test/auto/MergeModel1Add.xml
auto.tcl: Setting watchdog for 200 seconds at Wed Nov 21 02:50:29 UTC 2018
28 ms. Memory: 331264K Free: 298423K (90%)
ptolemy.util.test.WatchDog.cancel(): canceling Wed Nov 21 02:50:29 UTC 2018
auto.tcl: Setting watchdog for 200 seconds at Wed Nov 21 02:50:29 UTC 2018
15 ms. Memory: 331264K Free: 298423K (90%)
ptolemy.util.test.WatchDog.cancel(): canceling Wed Nov 21 02:50:29 UTC 2018
------------------ testing $PTII/ptolemy/domains/de/test/auto/MergeModel2Add.xml
auto.tcl: Setting watchdog for 200 seconds at Wed Nov 21 02:50:29 UTC 2018
12 ms. Memory: 331264K Free: 303706K (92%)
ptolemy.util.test.WatchDog.cancel(): canceling Wed Nov 21 02:50:29 UTC 2018
auto.tcl: Setting watchdog for 200 seconds at Wed Nov 21 02:50:29 UTC 2018
13 ms. Memory: 331264K Free: 299761K (90%)
ptolemy.util.test.WatchDog.cancel(): canceling Wed Nov 21 02:50:29 UTC 2018
------------------ testing $PTII/ptolemy/domains/de/test/auto/MergeModel3Add.xml
auto.tcl: Setting watchdog for 200 seconds at Wed Nov 21 02:50:29 UTC 2018
12 ms. Memory: 331264K Free: 303716K (92%)
ptolemy.util.test.WatchDog.cancel(): canceling Wed Nov 21 02:50:29 UTC 2018
auto.tcl: Setting watchdog for 200 seconds at Wed Nov 21 02:50:29 UTC 2018
9 ms. Memory: 331264K Free: 299771K (90%)
ptolemy.util.test.WatchDog.cancel(): canceling Wed Nov 21 02:50:29 UTC 2018
------------------ testing $PTII/ptolemy/domains/de/test/auto/MergeWithoutDiscard.xml
auto.tcl: Setting watchdog for 200 seconds at Wed Nov 21 02:50:29 UTC 2018
5 ms. Memory: 331264K Free: 319089K (96%)
ptolemy.util.test.WatchDog.cancel(): canceling Wed Nov 21 02:50:29 UTC 2018
auto.tcl: Setting watchdog for 200 seconds at Wed Nov 21 02:50:29 UTC 2018
1 ms. Memory: 331264K Free: 315145K (95%)
ptolemy.util.test.WatchDog.cancel(): canceling Wed Nov 21 02:50:29 UTC 2018
------------------ testing $PTII/ptolemy/domains/de/test/auto/Modal1.xml
auto.tcl: Setting watchdog for 200 seconds at Wed Nov 21 02:50:29 UTC 2018
19 ms. Memory: 331264K Free: 309040K (93%)
ptolemy.util.test.WatchDog.cancel(): canceling Wed Nov 21 02:50:29 UTC 2018
auto.tcl: Setting watchdog for 200 seconds at Wed Nov 21 02:50:29 UTC 2018
27 ms. Memory: 331264K Free: 305096K (92%)
ptolemy.util.test.WatchDog.cancel(): canceling Wed Nov 21 02:50:29 UTC 2018
------------------ testing $PTII/ptolemy/domains/de/test/auto/Modal2.xml
auto.tcl: Setting watchdog for 200 seconds at Wed Nov 21 02:50:30 UTC 2018
19 ms. Memory: 331264K Free: 308922K (93%)
ptolemy.util.test.WatchDog.cancel(): canceling Wed Nov 21 02:50:30 UTC 2018
auto.tcl: Setting watchdog for 200 seconds at Wed Nov 21 02:50:30 UTC 2018
20 ms. Memory: 331264K Free: 304977K (92%)
ptolemy.util.test.WatchDog.cancel(): canceling Wed Nov 21 02:50:30 UTC 2018
------------------ testing $PTII/ptolemy/domains/de/test/auto/Modal3.xml
auto.tcl: Setting watchdog for 200 seconds at Wed Nov 21 02:50:30 UTC 2018
14 ms. Memory: 331264K Free: 309197K (93%)
ptolemy.util.test.WatchDog.cancel(): canceling Wed Nov 21 02:50:30 UTC 2018
auto.tcl: Setting watchdog for 200 seconds at Wed Nov 21 02:50:30 UTC 2018
14 ms. Memory: 331264K Free: 304967K (92%)
ptolemy.util.test.WatchDog.cancel(): canceling Wed Nov 21 02:50:30 UTC 2018
------------------ testing $PTII/ptolemy/domains/de/test/auto/Modal4.xml
auto.tcl: Setting watchdog for 200 seconds at Wed Nov 21 02:50:30 UTC 2018
20 ms. Memory: 331264K Free: 308924K (93%)
ptolemy.util.test.WatchDog.cancel(): canceling Wed Nov 21 02:50:30 UTC 2018
auto.tcl: Setting watchdog for 200 seconds at Wed Nov 21 02:50:30 UTC 2018
16 ms. Memory: 331264K Free: 304980K (92%)
ptolemy.util.test.WatchDog.cancel(): canceling Wed Nov 21 02:50:30 UTC 2018
------------------ testing $PTII/ptolemy/domains/de/test/auto/Modal5.xml
auto.tcl: Setting watchdog for 200 seconds at Wed Nov 21 02:50:30 UTC 2018
14 ms. Memory: 331264K Free: 308912K (93%)
ptolemy.util.test.WatchDog.cancel(): canceling Wed Nov 21 02:50:30 UTC 2018
auto.tcl: Setting watchdog for 200 seconds at Wed Nov 21 02:50:30 UTC 2018
13 ms. Memory: 331264K Free: 304968K (92%)
ptolemy.util.test.WatchDog.cancel(): canceling Wed Nov 21 02:50:30 UTC 2018
------------------ testing $PTII/ptolemy/domains/de/test/auto/Modal6.xml
auto.tcl: Setting watchdog for 200 seconds at Wed Nov 21 02:50:30 UTC 2018
19 ms. Memory: 331264K Free: 308910K (93%)
ptolemy.util.test.WatchDog.cancel(): canceling Wed Nov 21 02:50:30 UTC 2018
auto.tcl: Setting watchdog for 200 seconds at Wed Nov 21 02:50:30 UTC 2018
14 ms. Memory: 331264K Free: 304965K (92%)
ptolemy.util.test.WatchDog.cancel(): canceling Wed Nov 21 02:50:30 UTC 2018
------------------ testing $PTII/ptolemy/domains/de/test/auto/Modal7.xml
auto.tcl: Setting watchdog for 200 seconds at Wed Nov 21 02:50:30 UTC 2018
9 ms. Memory: 331264K Free: 308910K (93%)
ptolemy.util.test.WatchDog.cancel(): canceling Wed Nov 21 02:50:30 UTC 2018
auto.tcl: Setting watchdog for 200 seconds at Wed Nov 21 02:50:30 UTC 2018
9 ms. Memory: 331264K Free: 304965K (92%)
ptolemy.util.test.WatchDog.cancel(): canceling Wed Nov 21 02:50:30 UTC 2018
------------------ testing $PTII/ptolemy/domains/de/test/auto/ModalModel.xml
auto.tcl: Setting watchdog for 200 seconds at Wed Nov 21 02:50:30 UTC 2018
214 ms. Memory: 331264K Free: 245435K (74%)
ptolemy.util.test.WatchDog.cancel(): canceling Wed Nov 21 02:50:31 UTC 2018
auto.tcl: Setting watchdog for 200 seconds at Wed Nov 21 02:50:31 UTC 2018
182 ms. Memory: 331264K Free: 190213K (57%)
ptolemy.util.test.WatchDog.cancel(): canceling Wed Nov 21 02:50:31 UTC 2018
------------------ testing $PTII/ptolemy/domains/de/test/auto/ModalSource.xml
auto.tcl: Setting watchdog for 200 seconds at Wed Nov 21 02:50:31 UTC 2018
8 ms. Memory: 331264K Free: 315691K (95%)
ptolemy.util.test.WatchDog.cancel(): canceling Wed Nov 21 02:50:31 UTC 2018
auto.tcl: Setting watchdog for 200 seconds at Wed Nov 21 02:50:31 UTC 2018
6 ms. Memory: 331264K Free: 312178K (94%)
ptolemy.util.test.WatchDog.cancel(): canceling Wed Nov 21 02:50:31 UTC 2018
------------------ testing $PTII/ptolemy/domains/de/test/auto/NonInterruptibleTimerZeroDelay.xml
auto.tcl: Setting watchdog for 200 seconds at Wed Nov 21 02:50:31 UTC 2018
4 ms. Memory: 331264K Free: 320043K (97%)
ptolemy.util.test.WatchDog.cancel(): canceling Wed Nov 21 02:50:31 UTC 2018
auto.tcl: Setting watchdog for 200 seconds at Wed Nov 21 02:50:31 UTC 2018
3 ms. Memory: 331264K Free: 316529K (96%)
ptolemy.util.test.WatchDog.cancel(): canceling Wed Nov 21 02:50:31 UTC 2018
------------------ testing $PTII/ptolemy/domains/de/test/auto/OpenQueueingNetwork.xml
auto.tcl: Setting watchdog for 200 seconds at Wed Nov 21 02:50:31 UTC 2018
3026 ms. Memory: 573952K Free: 389839K (68%)
ptolemy.util.test.WatchDog.cancel(): canceling Wed Nov 21 02:50:34 UTC 2018
auto.tcl: Setting watchdog for 200 seconds at Wed Nov 21 02:50:34 UTC 2018
2590 ms. Memory: 550912K Free: 275655K (50%)
ptolemy.util.test.WatchDog.cancel(): canceling Wed Nov 21 02:50:37 UTC 2018
------------------ testing $PTII/ptolemy/domains/de/test/auto/OpenQueuingNetwork.xml
auto.tcl: Setting watchdog for 200 seconds at Wed Nov 21 02:50:37 UTC 2018
280 ms. Memory: 549888K Free: 444310K (81%)
ptolemy.util.test.WatchDog.cancel(): canceling Wed Nov 21 02:50:37 UTC 2018
auto.tcl: Setting watchdog for 200 seconds at Wed Nov 21 02:50:37 UTC 2018
217 ms. Memory: 549888K Free: 384651K (70%)
ptolemy.util.test.WatchDog.cancel(): canceling Wed Nov 21 02:50:37 UTC 2018
------------------ testing $PTII/ptolemy/domains/de/test/auto/PeriodicSampler.xml
auto.tcl: Setting watchdog for 200 seconds at Wed Nov 21 02:50:37 UTC 2018
3 ms. Memory: 551936K Free: 529860K (96%)
ptolemy.util.test.WatchDog.cancel(): canceling Wed Nov 21 02:50:37 UTC 2018
auto.tcl: Setting watchdog for 200 seconds at Wed Nov 21 02:50:37 UTC 2018
2 ms. Memory: 551936K Free: 529860K (96%)
ptolemy.util.test.WatchDog.cancel(): canceling Wed Nov 21 02:50:37 UTC 2018
------------------ testing $PTII/ptolemy/domains/de/test/auto/PersistentIO.xml
auto.tcl: Setting watchdog for 200 seconds at Wed Nov 21 02:50:38 UTC 2018
11 ms. Memory: 549376K Free: 521499K (95%)
ptolemy.util.test.WatchDog.cancel(): canceling Wed Nov 21 02:50:38 UTC 2018
auto.tcl: Setting watchdog for 200 seconds at Wed Nov 21 02:50:38 UTC 2018
3 ms. Memory: 549376K Free: 521499K (95%)
ptolemy.util.test.WatchDog.cancel(): canceling Wed Nov 21 02:50:38 UTC 2018
------------------ testing $PTII/ptolemy/domains/de/test/auto/PortParameterResetOnInitialize.xml
auto.tcl: Setting watchdog for 200 seconds at Wed Nov 21 02:50:38 UTC 2018
2 ms. Memory: 551424K Free: 534487K (97%)
ptolemy.util.test.WatchDog.cancel(): canceling Wed Nov 21 02:50:38 UTC 2018
auto.tcl: Setting watchdog for 200 seconds at Wed Nov 21 02:50:38 UTC 2018
2 ms. Memory: 551424K Free: 534487K (97%)
ptolemy.util.test.WatchDog.cancel(): canceling Wed Nov 21 02:50:38 UTC 2018
------------------ testing $PTII/ptolemy/domains/de/test/auto/PortParameterUpdates.xml
auto.tcl: Setting watchdog for 200 seconds at Wed Nov 21 02:50:38 UTC 2018
3 ms. Memory: 549376K Free: 532572K (97%)
ptolemy.util.test.WatchDog.cancel(): canceling Wed Nov 21 02:50:38 UTC 2018
auto.tcl: Setting watchdog for 200 seconds at Wed Nov 21 02:50:38 UTC 2018
3 ms. Memory: 549376K Free: 525943K (96%)
ptolemy.util.test.WatchDog.cancel(): canceling Wed Nov 21 02:50:38 UTC 2018
------------------ testing $PTII/ptolemy/domains/de/test/auto/QueueAndServer.xml
auto.tcl: Setting watchdog for 200 seconds at Wed Nov 21 02:50:38 UTC 2018
10 ms. Memory: 551424K Free: 534583K (97%)
ptolemy.util.test.WatchDog.cancel(): canceling Wed Nov 21 02:50:38 UTC 2018
auto.tcl: Setting watchdog for 200 seconds at Wed Nov 21 02:50:38 UTC 2018
6 ms. Memory: 551424K Free: 527954K (96%)
ptolemy.util.test.WatchDog.cancel(): canceling Wed Nov 21 02:50:38 UTC 2018
------------------ testing $PTII/ptolemy/domains/de/test/auto/Records.xml
auto.tcl: Setting watchdog for 200 seconds at Wed Nov 21 02:50:38 UTC 2018
3 ms. Memory: 549376K Free: 532479K (97%)
ptolemy.util.test.WatchDog.cancel(): canceling Wed Nov 21 02:50:38 UTC 2018
auto.tcl: Setting watchdog for 200 seconds at Wed Nov 21 02:50:38 UTC 2018
2 ms. Memory: 549376K Free: 532479K (97%)
ptolemy.util.test.WatchDog.cancel(): canceling Wed Nov 21 02:50:38 UTC 2018
------------------ testing $PTII/ptolemy/domains/de/test/auto/ResetTransitionWithStartTime1.xml
auto.tcl: Setting watchdog for 200 seconds at Wed Nov 21 02:50:38 UTC 2018
10 ms. Memory: 551424K Free: 527924K (96%)
ptolemy.util.test.WatchDog.cancel(): canceling Wed Nov 21 02:50:38 UTC 2018
auto.tcl: Setting watchdog for 200 seconds at Wed Nov 21 02:50:38 UTC 2018
5 ms. Memory: 551424K Free: 527924K (96%)
ptolemy.util.test.WatchDog.cancel(): canceling Wed Nov 21 02:50:38 UTC 2018
------------------ testing $PTII/ptolemy/domains/de/test/auto/ResetTransitionWithStartTime2.xml
auto.tcl: Setting watchdog for 200 seconds at Wed Nov 21 02:50:38 UTC 2018
5 ms. Memory: 549376K Free: 526096K (96%)
ptolemy.util.test.WatchDog.cancel(): canceling Wed Nov 21 02:50:38 UTC 2018
auto.tcl: Setting watchdog for 200 seconds at Wed Nov 21 02:50:38 UTC 2018
5 ms. Memory: 549376K Free: 526096K (96%)
ptolemy.util.test.WatchDog.cancel(): canceling Wed Nov 21 02:50:38 UTC 2018
------------------ testing $PTII/ptolemy/domains/de/test/auto/ResetTransitionWithStartTime3.xml
auto.tcl: Setting watchdog for 200 seconds at Wed Nov 21 02:50:38 UTC 2018
6 ms. Memory: 550912K Free: 527401K (96%)
ptolemy.util.test.WatchDog.cancel(): canceling Wed Nov 21 02:50:38 UTC 2018
auto.tcl: Setting watchdog for 200 seconds at Wed Nov 21 02:50:38 UTC 2018
5 ms. Memory: 550912K Free: 527401K (96%)
ptolemy.util.test.WatchDog.cancel(): canceling Wed Nov 21 02:50:38 UTC 2018
------------------ testing $PTII/ptolemy/domains/de/test/auto/ResetTransitionWithStartTime4.xml
auto.tcl: Setting watchdog for 200 seconds at Wed Nov 21 02:50:38 UTC 2018
5 ms. Memory: 549376K Free: 525863K (96%)
ptolemy.util.test.WatchDog.cancel(): canceling Wed Nov 21 02:50:38 UTC 2018
auto.tcl: Setting watchdog for 200 seconds at Wed Nov 21 02:50:38 UTC 2018
4 ms. Memory: 549376K Free: 525863K (96%)
ptolemy.util.test.WatchDog.cancel(): canceling Wed Nov 21 02:50:38 UTC 2018
------------------ testing $PTII/ptolemy/domains/de/test/auto/ResettableTimer1.xml
auto.tcl: Setting watchdog for 200 seconds at Wed Nov 21 02:50:38 UTC 2018
3 ms. Memory: 550912K Free: 534023K (97%)
ptolemy.util.test.WatchDog.cancel(): canceling Wed Nov 21 02:50:38 UTC 2018
auto.tcl: Setting watchdog for 200 seconds at Wed Nov 21 02:50:38 UTC 2018
2 ms. Memory: 550912K Free: 534023K (97%)
ptolemy.util.test.WatchDog.cancel(): canceling Wed Nov 21 02:50:38 UTC 2018
------------------ testing $PTII/ptolemy/domains/de/test/auto/ResettableTimer2.xml
auto.tcl: Setting watchdog for 200 seconds at Wed Nov 21 02:50:38 UTC 2018
3 ms. Memory: 549376K Free: 532775K (97%)
ptolemy.util.test.WatchDog.cancel(): canceling Wed Nov 21 02:50:38 UTC 2018
auto.tcl: Setting watchdog for 200 seconds at Wed Nov 21 02:50:38 UTC 2018
2 ms. Memory: 549376K Free: 532775K (97%)
ptolemy.util.test.WatchDog.cancel(): canceling Wed Nov 21 02:50:38 UTC 2018
------------------ testing $PTII/ptolemy/domains/de/test/auto/ResettableTimer3.xml
auto.tcl: Setting watchdog for 200 seconds at Wed Nov 21 02:50:38 UTC 2018
5 ms. Memory: 550912K Free: 534081K (97%)
ptolemy.util.test.WatchDog.cancel(): canceling Wed Nov 21 02:50:38 UTC 2018
auto.tcl: Setting watchdog for 200 seconds at Wed Nov 21 02:50:38 UTC 2018
2 ms. Memory: 550912K Free: 534081K (97%)
ptolemy.util.test.WatchDog.cancel(): canceling Wed Nov 21 02:50:38 UTC 2018
------------------ testing $PTII/ptolemy/domains/de/test/auto/ResettableTimer4.xml
auto.tcl: Setting watchdog for 200 seconds at Wed Nov 21 02:50:38 UTC 2018
1 ms. Memory: 549376K Free: 532788K (97%)
ptolemy.util.test.WatchDog.cancel(): canceling Wed Nov 21 02:50:38 UTC 2018
auto.tcl: Setting watchdog for 200 seconds at Wed Nov 21 02:50:38 UTC 2018
1 ms. Memory: 549376K Free: 532788K (97%)
ptolemy.util.test.WatchDog.cancel(): canceling Wed Nov 21 02:50:38 UTC 2018
------------------ testing $PTII/ptolemy/domains/de/test/auto/ResettableTimer5.xml
auto.tcl: Setting watchdog for 200 seconds at Wed Nov 21 02:50:39 UTC 2018
2 ms. Memory: 550400K Free: 529131K (96%)
ptolemy.util.test.WatchDog.cancel(): canceling Wed Nov 21 02:50:39 UTC 2018
auto.tcl: Setting watchdog for 200 seconds at Wed Nov 21 02:50:39 UTC 2018
1 ms. Memory: 550400K Free: 529131K (96%)
ptolemy.util.test.WatchDog.cancel(): canceling Wed Nov 21 02:50:39 UTC 2018
------------------ testing $PTII/ptolemy/domains/de/test/auto/ResettableTimer6.xml
auto.tcl: Setting watchdog for 200 seconds at Wed Nov 21 02:50:39 UTC 2018
2 ms. Memory: 549376K Free: 527826K (96%)
ptolemy.util.test.WatchDog.cancel(): canceling Wed Nov 21 02:50:39 UTC 2018
auto.tcl: Setting watchdog for 200 seconds at Wed Nov 21 02:50:39 UTC 2018
1 ms. Memory: 549376K Free: 527826K (96%)
ptolemy.util.test.WatchDog.cancel(): canceling Wed Nov 21 02:50:39 UTC 2018
------------------ testing $PTII/ptolemy/domains/de/test/auto/ServerZeroDelay.xml
auto.tcl: Setting watchdog for 200 seconds at Wed Nov 21 02:50:39 UTC 2018
4 ms. Memory: 550400K Free: 533750K (97%)
ptolemy.util.test.WatchDog.cancel(): canceling Wed Nov 21 02:50:39 UTC 2018
auto.tcl: Setting watchdog for 200 seconds at Wed Nov 21 02:50:39 UTC 2018
2 ms. Memory: 550400K Free: 533750K (97%)
ptolemy.util.test.WatchDog.cancel(): canceling Wed Nov 21 02:50:39 UTC 2018
------------------ testing $PTII/ptolemy/domains/de/test/auto/SmartSender.xml
auto.tcl: Setting watchdog for 200 seconds at Wed Nov 21 02:50:39 UTC 2018
3001 ms. Memory: 549376K Free: 518682K (94%)
ptolemy.util.test.WatchDog.cancel(): canceling Wed Nov 21 02:50:42 UTC 2018
auto.tcl: Setting watchdog for 200 seconds at Wed Nov 21 02:50:42 UTC 2018
3003 ms. Memory: 549376K Free: 518682K (94%)
ptolemy.util.test.WatchDog.cancel(): canceling Wed Nov 21 02:50:45 UTC 2018
------------------ testing $PTII/ptolemy/domains/de/test/auto/ThreadedComposite.xml
auto.tcl: Setting watchdog for 200 seconds at Wed Nov 21 02:50:45 UTC 2018
197 ms. Memory: 550400K Free: 512861K (93%)
ptolemy.util.test.WatchDog.cancel(): canceling Wed Nov 21 02:50:45 UTC 2018
auto.tcl: Setting watchdog for 200 seconds at Wed Nov 21 02:50:45 UTC 2018
105 ms. Memory: 550400K Free: 496873K (90%)
ptolemy.util.test.WatchDog.cancel(): canceling Wed Nov 21 02:50:45 UTC 2018
------------------ testing $PTII/ptolemy/domains/de/test/auto/Time.xml
auto.tcl: Setting watchdog for 200 seconds at Wed Nov 21 02:50:45 UTC 2018
542 ms. Memory: 549376K Free: 480739K (88%)
ptolemy.util.test.WatchDog.cancel(): canceling Wed Nov 21 02:50:46 UTC 2018
auto.tcl: Setting watchdog for 200 seconds at Wed Nov 21 02:50:46 UTC 2018
546 ms. Memory: 549376K Free: 427708K (78%)
ptolemy.util.test.WatchDog.cancel(): canceling Wed Nov 21 02:50:46 UTC 2018
------------------ testing $PTII/ptolemy/domains/de/test/auto/TimeDelayZeroDelay.xml
auto.tcl: Setting watchdog for 200 seconds at Wed Nov 21 02:50:46 UTC 2018
3 ms. Memory: 550400K Free: 533437K (97%)
ptolemy.util.test.WatchDog.cancel(): canceling Wed Nov 21 02:50:46 UTC 2018
auto.tcl: Setting watchdog for 200 seconds at Wed Nov 21 02:50:46 UTC 2018
1 ms. Memory: 550400K Free: 533437K (97%)
ptolemy.util.test.WatchDog.cancel(): canceling Wed Nov 21 02:50:46 UTC 2018
------------------ testing $PTII/ptolemy/domains/de/test/auto/TimerZeroDelay.xml
auto.tcl: Setting watchdog for 200 seconds at Wed Nov 21 02:50:46 UTC 2018
2 ms. Memory: 549376K Free: 532686K (97%)
ptolemy.util.test.WatchDog.cancel(): canceling Wed Nov 21 02:50:46 UTC 2018
auto.tcl: Setting watchdog for 200 seconds at Wed Nov 21 02:50:46 UTC 2018
1 ms. Memory: 549376K Free: 532686K (97%)
ptolemy.util.test.WatchDog.cancel(): canceling Wed Nov 21 02:50:46 UTC 2018
------------------ testing $PTII/ptolemy/domains/de/test/auto/TimingParadox.xml
auto.tcl: Setting watchdog for 200 seconds at Wed Nov 21 02:50:46 UTC 2018
358 ms. Memory: 549888K Free: 467066K (85%)
ptolemy.util.test.WatchDog.cancel(): canceling Wed Nov 21 02:50:47 UTC 2018
auto.tcl: Setting watchdog for 200 seconds at Wed Nov 21 02:50:47 UTC 2018
304 ms. Memory: 549888K Free: 433922K (79%)
ptolemy.util.test.WatchDog.cancel(): canceling Wed Nov 21 02:50:47 UTC 2018
------------------ testing $PTII/ptolemy/domains/de/test/auto/TransferInputs.xml
auto.tcl: Setting watchdog for 200 seconds at Wed Nov 21 02:50:47 UTC 2018
2 ms. Memory: 549888K Free: 532102K (97%)
ptolemy.util.test.WatchDog.cancel(): canceling Wed Nov 21 02:50:47 UTC 2018
auto.tcl: Setting watchdog for 200 seconds at Wed Nov 21 02:50:47 UTC 2018
1 ms. Memory: 549888K Free: 532102K (97%)
ptolemy.util.test.WatchDog.cancel(): canceling Wed Nov 21 02:50:47 UTC 2018
------------------ testing $PTII/ptolemy/domains/de/test/auto/TransferOutputs2.xml
auto.tcl: Setting watchdog for 200 seconds at Wed Nov 21 02:50:47 UTC 2018
3 ms. Memory: 549376K Free: 526063K (96%)
ptolemy.util.test.WatchDog.cancel(): canceling Wed Nov 21 02:50:47 UTC 2018
auto.tcl: Setting watchdog for 200 seconds at Wed Nov 21 02:50:47 UTC 2018
3 ms. Memory: 549376K Free: 526063K (96%)
ptolemy.util.test.WatchDog.cancel(): canceling Wed Nov 21 02:50:47 UTC 2018
------------------ testing $PTII/ptolemy/domains/de/test/auto/Trilateration.xml
auto.tcl: Setting watchdog for 200 seconds at Wed Nov 21 02:50:47 UTC 2018
13725 ms. Memory: 766976K Free: 191473K (25%)
ptolemy.util.test.WatchDog.cancel(): canceling Wed Nov 21 02:51:02 UTC 2018
auto.tcl: Setting watchdog for 200 seconds at Wed Nov 21 02:51:02 UTC 2018
10793 ms. Memory: 623104K Free: 575287K (92%)
ptolemy.util.test.WatchDog.cancel(): canceling Wed Nov 21 02:51:13 UTC 2018
------------------ testing $PTII/ptolemy/domains/de/test/auto/TwoSigmaDelta.xml
auto.tcl: Setting watchdog for 200 seconds at Wed Nov 21 02:51:13 UTC 2018
2718 ms. Memory: 619520K Free: 324749K (52%)
ptolemy.util.test.WatchDog.cancel(): canceling Wed Nov 21 02:51:16 UTC 2018
auto.tcl: Setting watchdog for 200 seconds at Wed Nov 21 02:51:16 UTC 2018
2141 ms. Memory: 619520K Free: 96819K (16%)
ptolemy.util.test.WatchDog.cancel(): canceling Wed Nov 21 02:51:18 UTC 2018
------------------ testing $PTII/ptolemy/domains/de/test/auto/VariableDelay.xml
auto.tcl: Setting watchdog for 200 seconds at Wed Nov 21 02:51:18 UTC 2018
2 ms. Memory: 623104K Free: 586074K (94%)
ptolemy.util.test.WatchDog.cancel(): canceling Wed Nov 21 02:51:18 UTC 2018
auto.tcl: Setting watchdog for 200 seconds at Wed Nov 21 02:51:18 UTC 2018
1 ms. Memory: 623104K Free: 586074K (94%)
ptolemy.util.test.WatchDog.cancel(): canceling Wed Nov 21 02:51:18 UTC 2018
------------------ testing $PTII/ptolemy/domains/de/test/auto/VariableDelay2.xml
auto.tcl: Setting watchdog for 200 seconds at Wed Nov 21 02:51:18 UTC 2018
2 ms. Memory: 619520K Free: 588307K (95%)
ptolemy.util.test.WatchDog.cancel(): canceling Wed Nov 21 02:51:18 UTC 2018
auto.tcl: Setting watchdog for 200 seconds at Wed Nov 21 02:51:18 UTC 2018
2 ms. Memory: 619520K Free: 588307K (95%)
ptolemy.util.test.WatchDog.cancel(): canceling Wed Nov 21 02:51:18 UTC 2018
------------------ testing $PTII/ptolemy/domains/de/test/auto/VariableDelayZeroDelay.xml
auto.tcl: Setting watchdog for 200 seconds at Wed Nov 21 02:51:18 UTC 2018
2 ms. Memory: 622592K Free: 585996K (94%)
ptolemy.util.test.WatchDog.cancel(): canceling Wed Nov 21 02:51:18 UTC 2018
auto.tcl: Setting watchdog for 200 seconds at Wed Nov 21 02:51:18 UTC 2018
2 ms. Memory: 622592K Free: 585996K (94%)
ptolemy.util.test.WatchDog.cancel(): canceling Wed Nov 21 02:51:18 UTC 2018
------------------ testing $PTII/ptolemy/domains/de/test/auto/VariableDelayZeroDelay2.xml
auto.tcl: Setting watchdog for 200 seconds at Wed Nov 21 02:51:18 UTC 2018
2 ms. Memory: 619520K Free: 582922K (94%)
ptolemy.util.test.WatchDog.cancel(): canceling Wed Nov 21 02:51:18 UTC 2018
auto.tcl: Setting watchdog for 200 seconds at Wed Nov 21 02:51:18 UTC 2018
2 ms. Memory: 619520K Free: 582922K (94%)
ptolemy.util.test.WatchDog.cancel(): canceling Wed Nov 21 02:51:18 UTC 2018
------------------ testing $PTII/ptolemy/domains/de/test/auto/deInCt.xml
auto.tcl: Setting watchdog for 200 seconds at Wed Nov 21 02:51:19 UTC 2018
0
1
1
1
1
1
0
0
0
0
1
1
1
0
0
0
1
1
1
1
1
0
0
0
1
1
1
1
0
0
0
0
0
11 ms. Memory: 622080K Free: 585480K (94%)
ptolemy.util.test.WatchDog.cancel(): canceling Wed Nov 21 02:51:19 UTC 2018
auto.tcl: Setting watchdog for 200 seconds at Wed Nov 21 02:51:19 UTC 2018
0
1
1
1
1
0
0
0
1
1
1
0
0
0
1
1
1
1
0
0
0
1
1
1
1
1
1
1
1
9 ms. Memory: 622080K Free: 585480K (94%)
ptolemy.util.test.WatchDog.cancel(): canceling Wed Nov 21 02:51:19 UTC 2018
------------------ testing $PTII/ptolemy/domains/de/test/auto/deInCt2.xml
auto.tcl: Setting watchdog for 200 seconds at Wed Nov 21 02:51:19 UTC 2018
0
1
1
1
0
0
1
1
1
0
0
1
1
1
0
0
1
1
1
0
0
1
1
1
0
0
1
1
1
0
0
1
1
1
0
0
1
1
1
0
0
0
15 ms. Memory: 619520K Free: 582889K (94%)
ptolemy.util.test.WatchDog.cancel(): canceling Wed Nov 21 02:51:19 UTC 2018
auto.tcl: Setting watchdog for 200 seconds at Wed Nov 21 02:51:19 UTC 2018
0
1
1
1
0
0
1
1
1
0
0
1
1
1
0
0
1
1
1
0
0
1
1
1
0
0
1
1
1
0
0
1
1
1
0
0
1
1
1
0
0
0
11 ms. Memory: 619520K Free: 582889K (94%)
ptolemy.util.test.WatchDog.cancel(): canceling Wed Nov 21 02:51:19 UTC 2018
------------------ testing $PTII/ptolemy/domains/de/test/auto/dynamicCausalityInterface1.xml
auto.tcl: Setting watchdog for 200 seconds at Wed Nov 21 02:51:19 UTC 2018
1 ms. Memory: 621568K Free: 576667K (93%)
ptolemy.util.test.WatchDog.cancel(): canceling Wed Nov 21 02:51:19 UTC 2018
auto.tcl: Setting watchdog for 200 seconds at Wed Nov 21 02:51:19 UTC 2018
1 ms. Memory: 621568K Free: 576667K (93%)
ptolemy.util.test.WatchDog.cancel(): canceling Wed Nov 21 02:51:19 UTC 2018
------------------ testing $PTII/ptolemy/domains/de/test/auto/fsm_de_test.xml
auto.tcl: Setting watchdog for 200 seconds at Wed Nov 21 02:51:19 UTC 2018
7 ms. Memory: 619520K Free: 582810K (94%)
ptolemy.util.test.WatchDog.cancel(): canceling Wed Nov 21 02:51:19 UTC 2018
auto.tcl: Setting watchdog for 200 seconds at Wed Nov 21 02:51:19 UTC 2018
4 ms. Memory: 619520K Free: 574506K (93%)
ptolemy.util.test.WatchDog.cancel(): canceling Wed Nov 21 02:51:19 UTC 2018
------------------ testing $PTII/ptolemy/domains/de/test/auto/functionDependencyReconstruction.xml
auto.tcl: Setting watchdog for 200 seconds at Wed Nov 21 02:51:19 UTC 2018
2 ms. Memory: 621568K Free: 576544K (93%)
ptolemy.util.test.WatchDog.cancel(): canceling Wed Nov 21 02:51:19 UTC 2018
auto.tcl: Setting watchdog for 200 seconds at Wed Nov 21 02:51:19 UTC 2018
3 ms. Memory: 621568K Free: 568240K (91%)
ptolemy.util.test.WatchDog.cancel(): canceling Wed Nov 21 02:51:19 UTC 2018
------------------ testing $PTII/ptolemy/domains/de/test/auto/multirate.xml
auto.tcl: Setting watchdog for 200 seconds at Wed Nov 21 02:51:19 UTC 2018
3 ms. Memory: 619520K Free: 582676K (94%)
ptolemy.util.test.WatchDog.cancel(): canceling Wed Nov 21 02:51:19 UTC 2018
auto.tcl: Setting watchdog for 200 seconds at Wed Nov 21 02:51:19 UTC 2018
3 ms. Memory: 619520K Free: 582676K (94%)
ptolemy.util.test.WatchDog.cancel(): canceling Wed Nov 21 02:51:19 UTC 2018
------------------ testing $PTII/ptolemy/domains/de/test/auto/multirate2.xml
auto.tcl: Setting watchdog for 200 seconds at Wed Nov 21 02:51:19 UTC 2018
4 ms. Memory: 621056K Free: 584400K (94%)
ptolemy.util.test.WatchDog.cancel(): canceling Wed Nov 21 02:51:19 UTC 2018
auto.tcl: Setting watchdog for 200 seconds at Wed Nov 21 02:51:19 UTC 2018
3 ms. Memory: 621056K Free: 584400K (94%)
ptolemy.util.test.WatchDog.cancel(): canceling Wed Nov 21 02:51:19 UTC 2018
------------------ testing $PTII/ptolemy/domains/de/test/auto/realtime.xml
auto.tcl: Setting watchdog for 200 seconds at Wed Nov 21 02:51:20 UTC 2018
10002 ms. Memory: 619520K Free: 582832K (94%)
ptolemy.util.test.WatchDog.cancel(): canceling Wed Nov 21 02:51:30 UTC 2018
auto.tcl: Setting watchdog for 200 seconds at Wed Nov 21 02:51:30 UTC 2018
10002 ms. Memory: 619520K Free: 582832K (94%)
ptolemy.util.test.WatchDog.cancel(): canceling Wed Nov 21 02:51:40 UTC 2018
------------------ testing $PTII/ptolemy/domains/de/test/auto/relationGroup.xml
auto.tcl: Setting watchdog for 200 seconds at Wed Nov 21 02:51:40 UTC 2018
2 ms. Memory: 621056K Free: 584425K (94%)
ptolemy.util.test.WatchDog.cancel(): canceling Wed Nov 21 02:51:40 UTC 2018
auto.tcl: Setting watchdog for 200 seconds at Wed Nov 21 02:51:40 UTC 2018
1 ms. Memory: 621056K Free: 584425K (94%)
ptolemy.util.test.WatchDog.cancel(): canceling Wed Nov 21 02:51:40 UTC 2018
------------------ testing $PTII/ptolemy/domains/de/test/auto/relationGroup2.xml
auto.tcl: Setting watchdog for 200 seconds at Wed Nov 21 02:51:40 UTC 2018
2 ms. Memory: 619520K Free: 582915K (94%)
ptolemy.util.test.WatchDog.cancel(): canceling Wed Nov 21 02:51:40 UTC 2018
auto.tcl: Setting watchdog for 200 seconds at Wed Nov 21 02:51:40 UTC 2018
2 ms. Memory: 619520K Free: 582915K (94%)
ptolemy.util.test.WatchDog.cancel(): canceling Wed Nov 21 02:51:40 UTC 2018
------------------ testing $PTII/ptolemy/domains/de/test/auto/sortWithOpaquePorts.xml
auto.tcl: Setting watchdog for 200 seconds at Wed Nov 21 02:51:40 UTC 2018
1 ms. Memory: 620544K Free: 583940K (94%)
ptolemy.util.test.WatchDog.cancel(): canceling Wed Nov 21 02:51:40 UTC 2018
auto.tcl: Setting watchdog for 200 seconds at Wed Nov 21 02:51:40 UTC 2018
1 ms. Memory: 620544K Free: 583940K (94%)
ptolemy.util.test.WatchDog.cancel(): canceling Wed Nov 21 02:51:40 UTC 2018
------------------ testing $PTII/ptolemy/domains/de/test/auto/transferInputsandOutputs.xml
auto.tcl: Setting watchdog for 200 seconds at Wed Nov 21 02:51:40 UTC 2018
2 ms. Memory: 619520K Free: 582903K (94%)
ptolemy.util.test.WatchDog.cancel(): canceling Wed Nov 21 02:51:40 UTC 2018
auto.tcl: Setting watchdog for 200 seconds at Wed Nov 21 02:51:40 UTC 2018
2 ms. Memory: 619520K Free: 582903K (94%)
ptolemy.util.test.WatchDog.cancel(): canceling Wed Nov 21 02:51:40 UTC 2018
------------------ testing $PTII/ptolemy/domains/de/test/auto/triggerType.xml
auto.tcl: Setting watchdog for 200 seconds at Wed Nov 21 02:51:40 UTC 2018
1 ms. Memory: 620544K Free: 583879K (94%)
ptolemy.util.test.WatchDog.cancel(): canceling Wed Nov 21 02:51:40 UTC 2018
auto.tcl: Setting watchdog for 200 seconds at Wed Nov 21 02:51:40 UTC 2018
2 ms. Memory: 620544K Free: 583879K (94%)
ptolemy.util.test.WatchDog.cancel(): canceling Wed Nov 21 02:51:40 UTC 2018
11/21/18 02:51:40
Failed: 0  Total Tests: 192  ((Passed: 187, Newly Passed: 1)  Known Failed: 5) /home/travis/build/icyphy/ptII/ptolemy/domains/de/test
11/21/18 02:51:40
Failed: 0  Total Tests: 192  ((Passed: 187, Newly Passed: 1)  Known Failed: 5) /home/travis/build/icyphy/ptII/ptolemy/domains/de/test
----------------- testing (KnownFailure) /home/travis/build/icyphy/ptII/ptolemy/domains/de/test/auto/knownFailedTests/DESDFClockTest.xml
2012 ms. Memory: 619520K Free: 572115K (92%)
Known Failure: java.lang.reflect.InvocationTargetException
----------------- testing (KnownFailure) /home/travis/build/icyphy/ptII/ptolemy/domains/de/test/auto/knownFailedTests/DirectFeedback.xml
1 ms. Memory: 619520K Free: 529066K (85%)
Known Failure: java.lang.reflect.InvocationTargetException
----------------- testing (KnownFailure) /home/travis/build/icyphy/ptII/ptolemy/domains/de/test/auto/knownFailedTests/FSMSource.xml
5 ms. Memory: 619520K Free: 486016K (78%)
----------------- testing (KnownFailure) /home/travis/build/icyphy/ptII/ptolemy/domains/de/test/auto/knownFailedTests/HierarchicalModel.xml
3 ms. Memory: 619520K Free: 453729K (73%)
Known Failure: java.lang.reflect.InvocationTargetException
----------------- testing (KnownFailure) /home/travis/build/icyphy/ptII/ptolemy/domains/de/test/auto/knownFailedTests/dependencyLoop.xml
2 ms. Memory: 619520K Free: 399901K (65%)
Known Failure: java.lang.reflect.InvocationTargetException
----------------- testing (KnownFailure) /home/travis/build/icyphy/ptII/ptolemy/domains/de/test/auto/knownFailedTests/dependencyLoop2.xml
2 ms. Memory: 619520K Free: 346082K (56%)
Known Failure: java.lang.reflect.InvocationTargetException
No auto/linux-amd64/*.xml tests in /home/travis/build/icyphy/ptII/ptolemy/domains/de/test
AutoTests.java: About to close Vertx.
AutoTests.java: Vertx closed.

===========================================================================================
----------------- testing Wed Nov 21 02:51:42 UTC 2018 /home/travis/build/icyphy/ptII/ptolemy/domains/de/test/auto/ActorDepthCalculation_actorWithoutPorts.xml
----------------- Instantiating /home/travis/build/icyphy/ptII/ptolemy/domains/de/test/auto/ActorDepthCalculation_actorWithoutPorts.xml
4 ms. Memory: 619520K Free: 292270K (47%)
----------------- Invoking toplevel() on ptolemy.moml.MoMLSimpleApplication@44fe6473
----------------- Done invoking toplevel() on ptolemy.moml.MoMLSimpleApplication@44fe6473
reloadAllAccessors: .ActorDepthCalculation_actorWithoutPorts

===========================================================================================
----------------- testing Wed Nov 21 02:51:42 UTC 2018 /home/travis/build/icyphy/ptII/ptolemy/domains/de/test/auto/AssemblyLine.xml
----------------- Instantiating /home/travis/build/icyphy/ptII/ptolemy/domains/de/test/auto/AssemblyLine.xml
2 ms. Memory: 619520K Free: 270746K (44%)
----------------- Invoking toplevel() on ptolemy.moml.MoMLSimpleApplication@4a4424e6
----------------- Done invoking toplevel() on ptolemy.moml.MoMLSimpleApplication@4a4424e6
reloadAllAccessors: .AssemblyLine

===========================================================================================
----------------- testing Wed Nov 21 02:51:42 UTC 2018 /home/travis/build/icyphy/ptII/ptolemy/domains/de/test/auto/CQBug1.xml
----------------- Instantiating /home/travis/build/icyphy/ptII/ptolemy/domains/de/test/auto/CQBug1.xml
1 ms. Memory: 619520K Free: 249221K (40%)
----------------- Invoking toplevel() on ptolemy.moml.MoMLSimpleApplication@4df1d273
----------------- Done invoking toplevel() on ptolemy.moml.MoMLSimpleApplication@4df1d273
reloadAllAccessors: .CQBug1

===========================================================================================
----------------- testing Wed Nov 21 02:51:42 UTC 2018 /home/travis/build/icyphy/ptII/ptolemy/domains/de/test/auto/CancelFireAt.xml
----------------- Instantiating /home/travis/build/icyphy/ptII/ptolemy/domains/de/test/auto/CancelFireAt.xml
1 ms. Memory: 619520K Free: 227697K (37%)
----------------- Invoking toplevel() on ptolemy.moml.MoMLSimpleApplication@613b7af7
----------------- Done invoking toplevel() on ptolemy.moml.MoMLSimpleApplication@613b7af7
reloadAllAccessors: .CancelFireAt

===========================================================================================
----------------- testing Wed Nov 21 02:51:42 UTC 2018 /home/travis/build/icyphy/ptII/ptolemy/domains/de/test/auto/CausalityAndComposabilityAnalysis.xml
----------------- Instantiating /home/travis/build/icyphy/ptII/ptolemy/domains/de/test/auto/CausalityAndComposabilityAnalysis.xml
1 ms. Memory: 619520K Free: 206172K (33%)
----------------- Invoking toplevel() on ptolemy.moml.MoMLSimpleApplication@180385a7
----------------- Done invoking toplevel() on ptolemy.moml.MoMLSimpleApplication@180385a7
reloadAllAccessors: .CausalityAndComposabilityAnalysis

===========================================================================================
----------------- testing Wed Nov 21 02:51:42 UTC 2018 /home/travis/build/icyphy/ptII/ptolemy/domains/de/test/auto/CausalityInterface1.xml
----------------- Instantiating /home/travis/build/icyphy/ptII/ptolemy/domains/de/test/auto/CausalityInterface1.xml
5 ms. Memory: 619520K Free: 184648K (30%)
----------------- Invoking toplevel() on ptolemy.moml.MoMLSimpleApplication@23db37e0
----------------- Done invoking toplevel() on ptolemy.moml.MoMLSimpleApplication@23db37e0
reloadAllAccessors: .CausalityInterface1

===========================================================================================
----------------- testing Wed Nov 21 02:51:42 UTC 2018 /home/travis/build/icyphy/ptII/ptolemy/domains/de/test/auto/CausalityInterface15.xml
----------------- Instantiating /home/travis/build/icyphy/ptII/ptolemy/domains/de/test/auto/CausalityInterface15.xml
1 ms. Memory: 619520K Free: 163123K (26%)
----------------- Invoking toplevel() on ptolemy.moml.MoMLSimpleApplication@69eaa83b
----------------- Done invoking toplevel() on ptolemy.moml.MoMLSimpleApplication@69eaa83b
reloadAllAccessors: .CausalityInterface15

[...]
java.lang.RuntimeException: Execution failed
	at ptolemy.moml.MoMLSimpleApplication$UnloadThread.run(MoMLSimpleApplication.java:402)
Caused by: ptolemy.kernel.util.IllegalActionException: Test fails in iteration 1.
Value was: 1.0. Should have been: 2.0
  in .DirectFeedback.Test
	at ptolemy.actor.lib.Test.fire(Test.java:268)
	at ptolemy.domains.de.kernel.DEDirector._fire(DEDirector.java:1949)
	at ptolemy.domains.de.kernel.DEDirector.fire(DEDirector.java:502)
	at ptolemy.actor.CompositeActor.fire(CompositeActor.java:455)
	at ptolemy.actor.Manager.iterate(Manager.java:851)
	at ptolemy.actor.Manager.execute(Manager.java:369)
	at ptolemy.actor.Manager.run(Manager.java:1263)
	at ptolemy.actor.Manager$PtolemyRunThread.run(Manager.java:1915)
java.lang.RuntimeException: Execution failed
	at ptolemy.moml.MoMLSimpleApplication$UnloadThread.run(MoMLSimpleApplication.java:402)
Caused by: ptolemy.kernel.util.IllegalActionException: Actor is not ready to fire.  Perhaps UpSample.prefire() returned false? Try debugging the actor by selecting "Listen to Actor".  Also, for SDF check moml for tokenConsumptionRate on input.
  in .DESDFClockTest.Play Bell.Copy1:SDF Director and .DESDFClockTest.Play Bell.UpSample
	at ptolemy.actor.sched.StaticSchedulingDirector.fire(StaticSchedulingDirector.java:227)
	at ptolemy.domains.sdf.kernel.SDFDirector.fire(SDFDirector.java:500)
	at ptolemy.actor.CompositeActor.fire(CompositeActor.java:455)
	at ptolemy.domains.de.kernel.DEDirector._fire(DEDirector.java:1949)
	at ptolemy.domains.de.kernel.DEDirector.fire(DEDirector.java:502)
	at ptolemy.actor.CompositeActor.fire(CompositeActor.java:455)
	at ptolemy.actor.Manager.iterate(Manager.java:851)
	at ptolemy.actor.Manager.execute(Manager.java:369)
	at ptolemy.actor.Manager.run(Manager.java:1263)
	at ptolemy.actor.Manager$PtolemyRunThread.run(Manager.java:1915)
java.lang.reflect.InvocationTargetException
	at sun.reflect.NativeConstructorAccessorImpl.newInstance0(Native Method)
	at sun.reflect.NativeConstructorAccessorImpl.newInstance(NativeConstructorAccessorImpl.java:62)
	at sun.reflect.DelegatingConstructorAccessorImpl.newInstance(DelegatingConstructorAccessorImpl.java:45)
	at java.lang.reflect.Constructor.newInstance(Constructor.java:423)
	at ptolemy.util.test.junit.AutoKnownFailedTests.RunModel(AutoKnownFailedTests.java:105)
	at sun.reflect.NativeMethodAccessorImpl.invoke0(Native Method)
	at sun.reflect.NativeMethodAccessorImpl.invoke(NativeMethodAccessorImpl.java:62)
	at sun.reflect.DelegatingMethodAccessorImpl.invoke(DelegatingMethodAccessorImpl.java:43)
	at java.lang.reflect.Method.invoke(Method.java:498)
	at org.junit.runners.model.FrameworkMethod$1.runReflectiveCall(FrameworkMethod.java:44)
	at org.junit.internal.runners.model.ReflectiveCallable.run(ReflectiveCallable.java:15)
	at org.junit.runners.model.FrameworkMethod.invokeExplosively(FrameworkMethod.java:41)
	at junitparams.internal.InvokeParameterisedMethod.evaluate(InvokeParameterisedMethod.java:102)
	at org.junit.internal.runners.statements.FailOnTimeout$1.run(FailOnTimeout.java:28)
Caused by: ptolemy.kernel.util.IllegalActionException: Actor is not ready to fire.  Perhaps UpSample.prefire() returned false? Try debugging the actor by selecting "Listen to Actor".  Also, for SDF check moml for tokenConsumptionRate on input.
  in .DESDFClockTest.Play Bell.Copy1:SDF Director and .DESDFClockTest.Play Bell.UpSample
	at ptolemy.actor.sched.StaticSchedulingDirector.fire(StaticSchedulingDirector.java:227)
	at ptolemy.domains.sdf.kernel.SDFDirector.fire(SDFDirector.java:500)
	at ptolemy.actor.CompositeActor.fire(CompositeActor.java:455)
	at ptolemy.domains.de.kernel.DEDirector._fire(DEDirector.java:1949)
	at ptolemy.domains.de.kernel.DEDirector.fire(DEDirector.java:502)
	at ptolemy.actor.CompositeActor.fire(CompositeActor.java:455)
	at ptolemy.actor.Manager.iterate(Manager.java:851)
	at ptolemy.actor.Manager.execute(Manager.java:369)
	at ptolemy.actor.Manager.run(Manager.java:1263)
	at ptolemy.actor.Manager$PtolemyRunThread.run(Manager.java:1915)
java.lang.RuntimeException: Execution failed
	at ptolemy.moml.MoMLSimpleApplication$UnloadThread.run(MoMLSimpleApplication.java:402)
Caused by: ptolemy.kernel.util.IllegalActionException: Test fails in iteration 1.
Value was: 1.0. Should have been: 2.0
  in .DirectFeedback.Test
	at ptolemy.actor.lib.Test.fire(Test.java:268)
	at ptolemy.domains.de.kernel.DEDirector._fire(DEDirector.java:1949)
	at ptolemy.domains.de.kernel.DEDirector.fire(DEDirector.java:502)
	at ptolemy.actor.CompositeActor.fire(CompositeActor.java:455)
	at ptolemy.actor.Manager.iterate(Manager.java:851)
	at ptolemy.actor.Manager.execute(Manager.java:369)
	at ptolemy.actor.Manager.run(Manager.java:1263)
	at ptolemy.actor.Manager$PtolemyRunThread.run(Manager.java:1915)
java.lang.reflect.InvocationTargetException
	at sun.reflect.NativeConstructorAccessorImpl.newInstance0(Native Method)
	at sun.reflect.NativeConstructorAccessorImpl.newInstance(NativeConstructorAccessorImpl.java:62)
	at sun.reflect.DelegatingConstructorAccessorImpl.newInstance(DelegatingConstructorAccessorImpl.java:45)
	at java.lang.reflect.Constructor.newInstance(Constructor.java:423)
	at ptolemy.util.test.junit.AutoKnownFailedTests.RunModel(AutoKnownFailedTests.java:105)
	at sun.reflect.NativeMethodAccessorImpl.invoke0(Native Method)
	at sun.reflect.NativeMethodAccessorImpl.invoke(NativeMethodAccessorImpl.java:62)
	at sun.reflect.DelegatingMethodAccessorImpl.invoke(DelegatingMethodAccessorImpl.java:43)
	at java.lang.reflect.Method.invoke(Method.java:498)
	at org.junit.runners.model.FrameworkMethod$1.runReflectiveCall(FrameworkMethod.java:44)
	at org.junit.internal.runners.model.ReflectiveCallable.run(ReflectiveCallable.java:15)
	at org.junit.runners.model.FrameworkMethod.invokeExplosively(FrameworkMethod.java:41)
	at junitparams.internal.InvokeParameterisedMethod.evaluate(InvokeParameterisedMethod.java:102)
	at org.junit.internal.runners.statements.FailOnTimeout$1.run(FailOnTimeout.java:28)
Caused by: ptolemy.kernel.util.IllegalActionException: Test fails in iteration 1.
Value was: 1.0. Should have been: 2.0
  in .DirectFeedback.Test
	at ptolemy.actor.lib.Test.fire(Test.java:268)
	at ptolemy.domains.de.kernel.DEDirector._fire(DEDirector.java:1949)
	at ptolemy.domains.de.kernel.DEDirector.fire(DEDirector.java:502)
	at ptolemy.actor.CompositeActor.fire(CompositeActor.java:455)
	at ptolemy.actor.Manager.iterate(Manager.java:851)
	at ptolemy.actor.Manager.execute(Manager.java:369)
	at ptolemy.actor.Manager.run(Manager.java:1263)
	at ptolemy.actor.Manager$PtolemyRunThread.run(Manager.java:1915)
java.lang.RuntimeException: Execution failed
	at ptolemy.moml.MoMLSimpleApplication$UnloadThread.run(MoMLSimpleApplication.java:402)
Caused by: ptolemy.kernel.util.IllegalActionException: Found a zero delay loop containing .HierarchicalModel.A
  in .HierarchicalModel and .HierarchicalModel.A
	at ptolemy.actor.util.CausalityInterfaceForComposites._computeOutputPortDepth(CausalityInterfaceForComposites.java:759)
	at ptolemy.actor.util.CausalityInterfaceForComposites._computeInputDepth(CausalityInterfaceForComposites.java:696)
	at ptolemy.actor.util.CausalityInterfaceForComposites._computeOutputPortDepth(CausalityInterfaceForComposites.java:765)
	at ptolemy.actor.util.CausalityInterfaceForComposites._computeInputDepth(CausalityInterfaceForComposites.java:696)
	at ptolemy.actor.util.CausalityInterfaceForComposites._computeOutputPortDepth(CausalityInterfaceForComposites.java:765)
	at ptolemy.actor.util.CausalityInterfaceForComposites._computeInputDepth(CausalityInterfaceForComposites.java:696)
	at ptolemy.actor.util.CausalityInterfaceForComposites._computeActorDepth(CausalityInterfaceForComposites.java:532)
	at ptolemy.actor.util.CausalityInterfaceForComposites.checkForCycles(CausalityInterfaceForComposites.java:96)
	at ptolemy.domains.de.kernel.DEDirector.preinitialize(DEDirector.java:1338)
	at ptolemy.actor.CompositeActor.preinitialize(CompositeActor.java:1828)
	at ptolemy.actor.Manager.preinitializeAndResolveTypes(Manager.java:1040)
	at ptolemy.actor.Manager.initialize(Manager.java:710)
	at ptolemy.actor.Manager.execute(Manager.java:356)
	at ptolemy.actor.Manager.run(Manager.java:1263)
	at ptolemy.actor.Manager$PtolemyRunThread.run(Manager.java:1915)
java.lang.reflect.InvocationTargetException
	at sun.reflect.NativeConstructorAccessorImpl.newInstance0(Native Method)
	at sun.reflect.NativeConstructorAccessorImpl.newInstance(NativeConstructorAccessorImpl.java:62)
	at sun.reflect.DelegatingConstructorAccessorImpl.newInstance(DelegatingConstructorAccessorImpl.java:45)
	at java.lang.reflect.Constructor.newInstance(Constructor.java:423)
	at ptolemy.util.test.junit.AutoKnownFailedTests.RunModel(AutoKnownFailedTests.java:105)
	at sun.reflect.NativeMethodAccessorImpl.invoke0(Native Method)
	at sun.reflect.NativeMethodAccessorImpl.invoke(NativeMethodAccessorImpl.java:62)
	at sun.reflect.DelegatingMethodAccessorImpl.invoke(DelegatingMethodAccessorImpl.java:43)
	at java.lang.reflect.Method.invoke(Method.java:498)
	at org.junit.runners.model.FrameworkMethod$1.runReflectiveCall(FrameworkMethod.java:44)
	at org.junit.internal.runners.model.ReflectiveCallable.run(ReflectiveCallable.java:15)
	at org.junit.runners.model.FrameworkMethod.invokeExplosively(FrameworkMethod.java:41)
	at junitparams.internal.InvokeParameterisedMethod.evaluate(InvokeParameterisedMethod.java:102)
	at org.junit.internal.runners.statements.FailOnTimeout$1.run(FailOnTimeout.java:28)
Caused by: ptolemy.kernel.util.IllegalActionException: Found a zero delay loop containing .HierarchicalModel.A
  in .HierarchicalModel and .HierarchicalModel.A
	at ptolemy.actor.util.CausalityInterfaceForComposites._computeOutputPortDepth(CausalityInterfaceForComposites.java:759)
	at ptolemy.actor.util.CausalityInterfaceForComposites._computeInputDepth(CausalityInterfaceForComposites.java:696)
	at ptolemy.actor.util.CausalityInterfaceForComposites._computeOutputPortDepth(CausalityInterfaceForComposites.java:765)
	at ptolemy.actor.util.CausalityInterfaceForComposites._computeInputDepth(CausalityInterfaceForComposites.java:696)
	at ptolemy.actor.util.CausalityInterfaceForComposites._computeOutputPortDepth(CausalityInterfaceForComposites.java:765)
	at ptolemy.actor.util.CausalityInterfaceForComposites._computeInputDepth(CausalityInterfaceForComposites.java:696)
	at ptolemy.actor.util.CausalityInterfaceForComposites._computeActorDepth(CausalityInterfaceForComposites.java:532)
	at ptolemy.actor.util.CausalityInterfaceForComposites.checkForCycles(CausalityInterfaceForComposites.java:96)
	at ptolemy.domains.de.kernel.DEDirector.preinitialize(DEDirector.java:1338)
	at ptolemy.actor.CompositeActor.preinitialize(CompositeActor.java:1828)
	at ptolemy.actor.Manager.preinitializeAndResolveTypes(Manager.java:1040)
	at ptolemy.actor.Manager.initialize(Manager.java:710)
	at ptolemy.actor.Manager.execute(Manager.java:356)
	at ptolemy.actor.Manager.run(Manager.java:1263)
	at ptolemy.actor.Manager$PtolemyRunThread.run(Manager.java:1915)
java.lang.RuntimeException: Execution failed
	at ptolemy.moml.MoMLSimpleApplication$UnloadThread.run(MoMLSimpleApplication.java:402)
Caused by: ptolemy.kernel.util.IllegalActionException: Found a zero delay loop containing .dependencyLoop.original
  in .dependencyLoop and .dependencyLoop.original
	at ptolemy.actor.util.CausalityInterfaceForComposites._computeOutputPortDepth(CausalityInterfaceForComposites.java:759)
	at ptolemy.actor.util.CausalityInterfaceForComposites._computeInputDepth(CausalityInterfaceForComposites.java:696)
	at ptolemy.actor.util.CausalityInterfaceForComposites._computeOutputPortDepth(CausalityInterfaceForComposites.java:765)
	at ptolemy.actor.util.CausalityInterfaceForComposites._computeInputDepth(CausalityInterfaceForComposites.java:696)
	at ptolemy.actor.util.CausalityInterfaceForComposites._computeOutputPortDepth(CausalityInterfaceForComposites.java:765)
	at ptolemy.actor.util.CausalityInterfaceForComposites._computeInputDepth(CausalityInterfaceForComposites.java:696)
	at ptolemy.actor.util.CausalityInterfaceForComposites._computeActorDepth(CausalityInterfaceForComposites.java:532)
	at ptolemy.actor.util.CausalityInterfaceForComposites.checkForCycles(CausalityInterfaceForComposites.java:96)
	at ptolemy.domains.de.kernel.DEDirector.preinitialize(DEDirector.java:1338)
	at ptolemy.actor.CompositeActor.preinitialize(CompositeActor.java:1828)
	at ptolemy.actor.Manager.preinitializeAndResolveTypes(Manager.java:1040)
	at ptolemy.actor.Manager.initialize(Manager.java:710)
	at ptolemy.actor.Manager.execute(Manager.java:356)
	at ptolemy.actor.Manager.run(Manager.java:1263)
	at ptolemy.actor.Manager$PtolemyRunThread.run(Manager.java:1915)
java.lang.reflect.InvocationTargetException
	at sun.reflect.NativeConstructorAccessorImpl.newInstance0(Native Method)
	at sun.reflect.NativeConstructorAccessorImpl.newInstance(NativeConstructorAccessorImpl.java:62)
	at sun.reflect.DelegatingConstructorAccessorImpl.newInstance(DelegatingConstructorAccessorImpl.java:45)
	at java.lang.reflect.Constructor.newInstance(Constructor.java:423)
	at ptolemy.util.test.junit.AutoKnownFailedTests.RunModel(AutoKnownFailedTests.java:105)
	at sun.reflect.NativeMethodAccessorImpl.invoke0(Native Method)
	at sun.reflect.NativeMethodAccessorImpl.invoke(NativeMethodAccessorImpl.java:62)
	at sun.reflect.DelegatingMethodAccessorImpl.invoke(DelegatingMethodAccessorImpl.java:43)
	at java.lang.reflect.Method.invoke(Method.java:498)
	at org.junit.runners.model.FrameworkMethod$1.runReflectiveCall(FrameworkMethod.java:44)
	at org.junit.internal.runners.model.ReflectiveCallable.run(ReflectiveCallable.java:15)
	at org.junit.runners.model.FrameworkMethod.invokeExplosively(FrameworkMethod.java:41)
	at junitparams.internal.InvokeParameterisedMethod.evaluate(InvokeParameterisedMethod.java:102)
	at org.junit.internal.runners.statements.FailOnTimeout$1.run(FailOnTimeout.java:28)
Caused by: ptolemy.kernel.util.IllegalActionException: Found a zero delay loop containing .dependencyLoop.original
  in .dependencyLoop and .dependencyLoop.original
	at ptolemy.actor.util.CausalityInterfaceForComposites._computeOutputPortDepth(CausalityInterfaceForComposites.java:759)
	at ptolemy.actor.util.CausalityInterfaceForComposites._computeInputDepth(CausalityInterfaceForComposites.java:696)
	at ptolemy.actor.util.CausalityInterfaceForComposites._computeOutputPortDepth(CausalityInterfaceForComposites.java:765)
	at ptolemy.actor.util.CausalityInterfaceForComposites._computeInputDepth(CausalityInterfaceForComposites.java:696)
	at ptolemy.actor.util.CausalityInterfaceForComposites._computeOutputPortDepth(CausalityInterfaceForComposites.java:765)
	at ptolemy.actor.util.CausalityInterfaceForComposites._computeInputDepth(CausalityInterfaceForComposites.java:696)
	at ptolemy.actor.util.CausalityInterfaceForComposites._computeActorDepth(CausalityInterfaceForComposites.java:532)
	at ptolemy.actor.util.CausalityInterfaceForComposites.checkForCycles(CausalityInterfaceForComposites.java:96)
	at ptolemy.domains.de.kernel.DEDirector.preinitialize(DEDirector.java:1338)
	at ptolemy.actor.CompositeActor.preinitialize(CompositeActor.java:1828)
	at ptolemy.actor.Manager.preinitializeAndResolveTypes(Manager.java:1040)
	at ptolemy.actor.Manager.initialize(Manager.java:710)
	at ptolemy.actor.Manager.execute(Manager.java:356)
	at ptolemy.actor.Manager.run(Manager.java:1263)
	at ptolemy.actor.Manager$PtolemyRunThread.run(Manager.java:1915)
java.lang.RuntimeException: Execution failed
	at ptolemy.moml.MoMLSimpleApplication$UnloadThread.run(MoMLSimpleApplication.java:402)
Caused by: ptolemy.kernel.util.IllegalActionException: Found a zero delay loop containing .dependencyLoop2.original
  in .dependencyLoop2 and .dependencyLoop2.original
	at ptolemy.actor.util.CausalityInterfaceForComposites._computeOutputPortDepth(CausalityInterfaceForComposites.java:759)
	at ptolemy.actor.util.CausalityInterfaceForComposites._computeInputDepth(CausalityInterfaceForComposites.java:696)
	at ptolemy.actor.util.CausalityInterfaceForComposites._computeOutputPortDepth(CausalityInterfaceForComposites.java:765)
	at ptolemy.actor.util.CausalityInterfaceForComposites._computeInputDepth(CausalityInterfaceForComposites.java:696)
	at ptolemy.actor.util.CausalityInterfaceForComposites._computeOutputPortDepth(CausalityInterfaceForComposites.java:765)
	at ptolemy.actor.util.CausalityInterfaceForComposites._computeInputDepth(CausalityInterfaceForComposites.java:696)
	at ptolemy.actor.util.CausalityInterfaceForComposites._computeActorDepth(CausalityInterfaceForComposites.java:532)
	at ptolemy.actor.util.CausalityInterfaceForComposites.checkForCycles(CausalityInterfaceForComposites.java:96)
	at ptolemy.domains.de.kernel.DEDirector.preinitialize(DEDirector.java:1338)
	at ptolemy.actor.CompositeActor.preinitialize(CompositeActor.java:1828)
	at ptolemy.actor.Manager.preinitializeAndResolveTypes(Manager.java:1040)
	at ptolemy.actor.Manager.initialize(Manager.java:710)
	at ptolemy.actor.Manager.execute(Manager.java:356)
	at ptolemy.actor.Manager.run(Manager.java:1263)
	at ptolemy.actor.Manager$PtolemyRunThread.run(Manager.java:1915)
java.lang.reflect.InvocationTargetException
	at sun.reflect.NativeConstructorAccessorImpl.newInstance0(Native Method)
	at sun.reflect.NativeConstructorAccessorImpl.newInstance(NativeConstructorAccessorImpl.java:62)
	at sun.reflect.DelegatingConstructorAccessorImpl.newInstance(DelegatingConstructorAccessorImpl.java:45)
	at java.lang.reflect.Constructor.newInstance(Constructor.java:423)
	at ptolemy.util.test.junit.AutoKnownFailedTests.RunModel(AutoKnownFailedTests.java:105)
	at sun.reflect.NativeMethodAccessorImpl.invoke0(Native Method)
	at sun.reflect.NativeMethodAccessorImpl.invoke(NativeMethodAccessorImpl.java:62)
	at sun.reflect.DelegatingMethodAccessorImpl.invoke(DelegatingMethodAccessorImpl.java:43)
	at java.lang.reflect.Method.invoke(Method.java:498)
	at org.junit.runners.model.FrameworkMethod$1.runReflectiveCall(FrameworkMethod.java:44)
	at org.junit.internal.runners.model.ReflectiveCallable.run(ReflectiveCallable.java:15)
	at org.junit.runners.model.FrameworkMethod.invokeExplosively(FrameworkMethod.java:41)
	at junitparams.internal.InvokeParameterisedMethod.evaluate(InvokeParameterisedMethod.java:102)
	at org.junit.internal.runners.statements.FailOnTimeout$1.run(FailOnTimeout.java:28)
Caused by: ptolemy.kernel.util.IllegalActionException: Found a zero delay loop containing .dependencyLoop2.original
  in .dependencyLoop2 and .dependencyLoop2.original
	at ptolemy.actor.util.CausalityInterfaceForComposites._computeOutputPortDepth(CausalityInterfaceForComposites.java:759)
	at ptolemy.actor.util.CausalityInterfaceForComposites._computeInputDepth(CausalityInterfaceForComposites.java:696)
	at ptolemy.actor.util.CausalityInterfaceForComposites._computeOutputPortDepth(CausalityInterfaceForComposites.java:765)
	at ptolemy.actor.util.CausalityInterfaceForComposites._computeInputDepth(CausalityInterfaceForComposites.java:696)
	at ptolemy.actor.util.CausalityInterfaceForComposites._computeOutputPortDepth(CausalityInterfaceForComposites.java:765)
	at ptolemy.actor.util.CausalityInterfaceForComposites._computeInputDepth(CausalityInterfaceForComposites.java:696)
	at ptolemy.actor.util.CausalityInterfaceForComposites._computeActorDepth(CausalityInterfaceForComposites.java:532)
	at ptolemy.actor.util.CausalityInterfaceForComposites.checkForCycles(CausalityInterfaceForComposites.java:96)
	at ptolemy.domains.de.kernel.DEDirector.preinitialize(DEDirector.java:1338)
	at ptolemy.actor.CompositeActor.preinitialize(CompositeActor.java:1828)
	at ptolemy.actor.Manager.preinitializeAndResolveTypes(Manager.java:1040)
	at ptolemy.actor.Manager.initialize(Manager.java:710)
	at ptolemy.actor.Manager.execute(Manager.java:356)
	at ptolemy.actor.Manager.run(Manager.java:1263)
	at ptolemy.actor.Manager$PtolemyRunThread.run(Manager.java:1915)
]]></system-err>
</testsuite>
