<?xml version="1.0" encoding="UTF-8" ?>
<testsuite errors="0" failures="0" hostname="travis-job-c49092a0-f8c6-4fef-85f1-5557b99d58b6" name="ptolemy.domains.de.test.junit.JUnitTclTest" skipped="0" tests="101" time="126.757" timestamp="2020-07-24T16:47:01">
  <properties>
[...]
</properties>
  <testcase classname="ptolemy.util.test.junit.TclTests" name="[0] /home/travis/build/icyphy/ptII/ptolemy/domains/de/test/DependencyLoop.tcl (RunTclFile)" time="1.105" />
  <testcase classname="ptolemy.util.test.junit.TclTests" name="[1] /home/travis/build/icyphy/ptII/ptolemy/domains/de/test/RunDETestsAsQSS.tcl (RunTclFile)" time="85.969" />
  <testcase classname="ptolemy.util.test.junit.AutoKnownFailedTests" name="[0] /home/travis/build/icyphy/ptII/ptolemy/domains/de/test/auto/knownFailedTests/DESDFClockTest.xml (RunModel)" time="2.048" />
  <testcase classname="ptolemy.util.test.junit.AutoKnownFailedTests" name="[1] /home/travis/build/icyphy/ptII/ptolemy/domains/de/test/auto/knownFailedTests/DirectFeedback.xml (RunModel)" time="0.024" />
  <testcase classname="ptolemy.util.test.junit.AutoKnownFailedTests" name="[2] /home/travis/build/icyphy/ptII/ptolemy/domains/de/test/auto/knownFailedTests/FSMSource.xml (RunModel)" time="0.038" />
  <testcase classname="ptolemy.util.test.junit.AutoKnownFailedTests" name="[3] /home/travis/build/icyphy/ptII/ptolemy/domains/de/test/auto/knownFailedTests/HierarchicalModel.xml (RunModel)" time="0.056" />
  <testcase classname="ptolemy.util.test.junit.AutoKnownFailedTests" name="[4] /home/travis/build/icyphy/ptII/ptolemy/domains/de/test/auto/knownFailedTests/dependencyLoop.xml (RunModel)" time="0.042" />
  <testcase classname="ptolemy.util.test.junit.AutoKnownFailedTests" name="[5] /home/travis/build/icyphy/ptII/ptolemy/domains/de/test/auto/knownFailedTests/dependencyLoop2.xml (RunModel)" time="0.048" />
  <testcase classname="ptolemy.util.test.junit.AutoNameArchTests" name="[0] ThereAreNoAutoArchTests (RunModel)" time="0.002" />
  <testcase classname="ptolemy.util.test.junit.AutoTests" name="[0] /home/travis/build/icyphy/ptII/ptolemy/domains/de/test/auto/ActorDepthCalculation_actorWithoutPorts.xml (RunModel)" time="0.03" />
  <testcase classname="ptolemy.util.test.junit.AutoTests" name="[1] /home/travis/build/icyphy/ptII/ptolemy/domains/de/test/auto/AssemblyLine.xml (RunModel)" time="0.023" />
  <testcase classname="ptolemy.util.test.junit.AutoTests" name="[2] /home/travis/build/icyphy/ptII/ptolemy/domains/de/test/auto/CQBug1.xml (RunModel)" time="0.012" />
  <testcase classname="ptolemy.util.test.junit.AutoTests" name="[3] /home/travis/build/icyphy/ptII/ptolemy/domains/de/test/auto/CancelFireAt.xml (RunModel)" time="0.018" />
  <testcase classname="ptolemy.util.test.junit.AutoTests" name="[4] /home/travis/build/icyphy/ptII/ptolemy/domains/de/test/auto/CausalityAndComposabilityAnalysis.xml (RunModel)" time="0.016" />
  <testcase classname="ptolemy.util.test.junit.AutoTests" name="[5] /home/travis/build/icyphy/ptII/ptolemy/domains/de/test/auto/CausalityInterface1.xml (RunModel)" time="0.013" />
  <testcase classname="ptolemy.util.test.junit.AutoTests" name="[6] /home/travis/build/icyphy/ptII/ptolemy/domains/de/test/auto/CausalityInterface15.xml (RunModel)" time="0.014" />
  <testcase classname="ptolemy.util.test.junit.AutoTests" name="[7] /home/travis/build/icyphy/ptII/ptolemy/domains/de/test/auto/CausalityInterface2.xml (RunModel)" time="0.012" />
  <testcase classname="ptolemy.util.test.junit.AutoTests" name="[8] /home/travis/build/icyphy/ptII/ptolemy/domains/de/test/auto/CausalityInterface3.xml (RunModel)" time="0.013" />
  <testcase classname="ptolemy.util.test.junit.AutoTests" name="[9] /home/travis/build/icyphy/ptII/ptolemy/domains/de/test/auto/ClockDrift.xml (RunModel)" time="0.046" />
  <testcase classname="ptolemy.util.test.junit.AutoTests" name="[10] /home/travis/build/icyphy/ptII/ptolemy/domains/de/test/auto/ClockDriftAndValueChange.xml (RunModel)" time="0.034" />
  <testcase classname="ptolemy.util.test.junit.AutoTests" name="[11] /home/travis/build/icyphy/ptII/ptolemy/domains/de/test/auto/ClockDriftChange.xml (RunModel)" time="0.041" />
  <testcase classname="ptolemy.util.test.junit.AutoTests" name="[12] /home/travis/build/icyphy/ptII/ptolemy/domains/de/test/auto/ComposableCausalityAnalysis.xml (RunModel)" time="0.018" />
  <testcase classname="ptolemy.util.test.junit.AutoTests" name="[13] /home/travis/build/icyphy/ptII/ptolemy/domains/de/test/auto/DEFixedPointLimitation.xml (RunModel)" time="0.009" />
  <testcase classname="ptolemy.util.test.junit.AutoTests" name="[14] /home/travis/build/icyphy/ptII/ptolemy/domains/de/test/auto/DEScheduleTest.xml (RunModel)" time="0.012" />
  <testcase classname="ptolemy.util.test.junit.AutoTests" name="[15] /home/travis/build/icyphy/ptII/ptolemy/domains/de/test/auto/DEinDEwithStartTimes.xml (RunModel)" time="0.016" />
  <testcase classname="ptolemy.util.test.junit.AutoTests" name="[16] /home/travis/build/icyphy/ptII/ptolemy/domains/de/test/auto/DEinDEwithStartTimes2.xml (RunModel)" time="0.025" />
  <testcase classname="ptolemy.util.test.junit.AutoTests" name="[17] /home/travis/build/icyphy/ptII/ptolemy/domains/de/test/auto/DateDemo.xml (RunModel)" time="0.051" />
  <testcase classname="ptolemy.util.test.junit.AutoTests" name="[18] /home/travis/build/icyphy/ptII/ptolemy/domains/de/test/auto/DateToEvent.xml (RunModel)" time="2.052" />
  <testcase classname="ptolemy.util.test.junit.AutoTests" name="[19] /home/travis/build/icyphy/ptII/ptolemy/domains/de/test/auto/DepthTest1.xml (RunModel)" time="0.024" />
  <testcase classname="ptolemy.util.test.junit.AutoTests" name="[20] /home/travis/build/icyphy/ptII/ptolemy/domains/de/test/auto/DepthTest2.xml (RunModel)" time="0.022" />
  <testcase classname="ptolemy.util.test.junit.AutoTests" name="[21] /home/travis/build/icyphy/ptII/ptolemy/domains/de/test/auto/DepthTest3.xml (RunModel)" time="0.011" />
  <testcase classname="ptolemy.util.test.junit.AutoTests" name="[22] /home/travis/build/icyphy/ptII/ptolemy/domains/de/test/auto/DepthTest4.xml (RunModel)" time="0.03" />
  <testcase classname="ptolemy.util.test.junit.AutoTests" name="[23] /home/travis/build/icyphy/ptII/ptolemy/domains/de/test/auto/DepthTest5.xml (RunModel)" time="0.015" />
  <testcase classname="ptolemy.util.test.junit.AutoTests" name="[24] /home/travis/build/icyphy/ptII/ptolemy/domains/de/test/auto/DepthTest6.xml (RunModel)" time="0.015" />
  <testcase classname="ptolemy.util.test.junit.AutoTests" name="[25] /home/travis/build/icyphy/ptII/ptolemy/domains/de/test/auto/DepthTest7.xml (RunModel)" time="0.014" />
  <testcase classname="ptolemy.util.test.junit.AutoTests" name="[26] /home/travis/build/icyphy/ptII/ptolemy/domains/de/test/auto/EventToDate.xml (RunModel)" time="3.032" />
  <testcase classname="ptolemy.util.test.junit.AutoTests" name="[27] /home/travis/build/icyphy/ptII/ptolemy/domains/de/test/auto/FSM1.xml (RunModel)" time="0.053" />
  <testcase classname="ptolemy.util.test.junit.AutoTests" name="[28] /home/travis/build/icyphy/ptII/ptolemy/domains/de/test/auto/FSM7.xml (RunModel)" time="0.046" />
  <testcase classname="ptolemy.util.test.junit.AutoTests" name="[29] /home/travis/build/icyphy/ptII/ptolemy/domains/de/test/auto/Inspection.xml (RunModel)" time="0.04" />
  <testcase classname="ptolemy.util.test.junit.AutoTests" name="[30] /home/travis/build/icyphy/ptII/ptolemy/domains/de/test/auto/Iteration.xml (RunModel)" time="0.028" />
  <testcase classname="ptolemy.util.test.junit.AutoTests" name="[31] /home/travis/build/icyphy/ptII/ptolemy/domains/de/test/auto/LineFault.xml (RunModel)" time="0.503" />
  <testcase classname="ptolemy.util.test.junit.AutoTests" name="[32] /home/travis/build/icyphy/ptII/ptolemy/domains/de/test/auto/MergeModel1Add.xml (RunModel)" time="0.045" />
  <testcase classname="ptolemy.util.test.junit.AutoTests" name="[33] /home/travis/build/icyphy/ptII/ptolemy/domains/de/test/auto/MergeModel2Add.xml (RunModel)" time="0.039" />
  <testcase classname="ptolemy.util.test.junit.AutoTests" name="[34] /home/travis/build/icyphy/ptII/ptolemy/domains/de/test/auto/MergeModel3Add.xml (RunModel)" time="0.044" />
  <testcase classname="ptolemy.util.test.junit.AutoTests" name="[35] /home/travis/build/icyphy/ptII/ptolemy/domains/de/test/auto/MergeWithoutDiscard.xml (RunModel)" time="0.012" />
  <testcase classname="ptolemy.util.test.junit.AutoTests" name="[36] /home/travis/build/icyphy/ptII/ptolemy/domains/de/test/auto/Modal1.xml (RunModel)" time="0.03" />
  <testcase classname="ptolemy.util.test.junit.AutoTests" name="[37] /home/travis/build/icyphy/ptII/ptolemy/domains/de/test/auto/Modal2.xml (RunModel)" time="0.035" />
  <testcase classname="ptolemy.util.test.junit.AutoTests" name="[38] /home/travis/build/icyphy/ptII/ptolemy/domains/de/test/auto/Modal3.xml (RunModel)" time="0.033" />
  <testcase classname="ptolemy.util.test.junit.AutoTests" name="[39] /home/travis/build/icyphy/ptII/ptolemy/domains/de/test/auto/Modal4.xml (RunModel)" time="0.034" />
  <testcase classname="ptolemy.util.test.junit.AutoTests" name="[40] /home/travis/build/icyphy/ptII/ptolemy/domains/de/test/auto/Modal5.xml (RunModel)" time="0.03" />
  <testcase classname="ptolemy.util.test.junit.AutoTests" name="[41] /home/travis/build/icyphy/ptII/ptolemy/domains/de/test/auto/Modal6.xml (RunModel)" time="0.029" />
  <testcase classname="ptolemy.util.test.junit.AutoTests" name="[42] /home/travis/build/icyphy/ptII/ptolemy/domains/de/test/auto/Modal7.xml (RunModel)" time="0.029" />
  <testcase classname="ptolemy.util.test.junit.AutoTests" name="[43] /home/travis/build/icyphy/ptII/ptolemy/domains/de/test/auto/ModalModel.xml (RunModel)" time="0.181" />
  <testcase classname="ptolemy.util.test.junit.AutoTests" name="[44] /home/travis/build/icyphy/ptII/ptolemy/domains/de/test/auto/ModalSource.xml (RunModel)" time="0.021" />
  <testcase classname="ptolemy.util.test.junit.AutoTests" name="[45] /home/travis/build/icyphy/ptII/ptolemy/domains/de/test/auto/NonInterruptibleTimerZeroDelay.xml (RunModel)" time="0.011" />
  <testcase classname="ptolemy.util.test.junit.AutoTests" name="[46] /home/travis/build/icyphy/ptII/ptolemy/domains/de/test/auto/OpenQueueingNetwork.xml (RunModel)" time="2.359" />
  <testcase classname="ptolemy.util.test.junit.AutoTests" name="[47] /home/travis/build/icyphy/ptII/ptolemy/domains/de/test/auto/OpenQueuingNetwork.xml (RunModel)" time="0.288" />
  <testcase classname="ptolemy.util.test.junit.AutoTests" name="[48] /home/travis/build/icyphy/ptII/ptolemy/domains/de/test/auto/PeriodicSampler.xml (RunModel)" time="0.014" />
  <testcase classname="ptolemy.util.test.junit.AutoTests" name="[49] /home/travis/build/icyphy/ptII/ptolemy/domains/de/test/auto/PersistentIO.xml (RunModel)" time="0.023" />
  <testcase classname="ptolemy.util.test.junit.AutoTests" name="[50] /home/travis/build/icyphy/ptII/ptolemy/domains/de/test/auto/PortParameterResetOnInitialize.xml (RunModel)" time="0.01" />
  <testcase classname="ptolemy.util.test.junit.AutoTests" name="[51] /home/travis/build/icyphy/ptII/ptolemy/domains/de/test/auto/PortParameterUpdates.xml (RunModel)" time="0.018" />
  <testcase classname="ptolemy.util.test.junit.AutoTests" name="[52] /home/travis/build/icyphy/ptII/ptolemy/domains/de/test/auto/QueueAndServer.xml (RunModel)" time="0.026" />
  <testcase classname="ptolemy.util.test.junit.AutoTests" name="[53] /home/travis/build/icyphy/ptII/ptolemy/domains/de/test/auto/Records.xml (RunModel)" time="0.016" />
  <testcase classname="ptolemy.util.test.junit.AutoTests" name="[54] /home/travis/build/icyphy/ptII/ptolemy/domains/de/test/auto/ResetTransitionWithStartTime1.xml (RunModel)" time="0.017" />
  <testcase classname="ptolemy.util.test.junit.AutoTests" name="[55] /home/travis/build/icyphy/ptII/ptolemy/domains/de/test/auto/ResetTransitionWithStartTime2.xml (RunModel)" time="0.02" />
  <testcase classname="ptolemy.util.test.junit.AutoTests" name="[56] /home/travis/build/icyphy/ptII/ptolemy/domains/de/test/auto/ResetTransitionWithStartTime3.xml (RunModel)" time="0.019" />
  <testcase classname="ptolemy.util.test.junit.AutoTests" name="[57] /home/travis/build/icyphy/ptII/ptolemy/domains/de/test/auto/ResetTransitionWithStartTime4.xml (RunModel)" time="0.019" />
  <testcase classname="ptolemy.util.test.junit.AutoTests" name="[58] /home/travis/build/icyphy/ptII/ptolemy/domains/de/test/auto/ResettableTimer1.xml (RunModel)" time="0.01" />
  <testcase classname="ptolemy.util.test.junit.AutoTests" name="[59] /home/travis/build/icyphy/ptII/ptolemy/domains/de/test/auto/ResettableTimer2.xml (RunModel)" time="0.01" />
  <testcase classname="ptolemy.util.test.junit.AutoTests" name="[60] /home/travis/build/icyphy/ptII/ptolemy/domains/de/test/auto/ResettableTimer3.xml (RunModel)" time="0.009" />
  <testcase classname="ptolemy.util.test.junit.AutoTests" name="[61] /home/travis/build/icyphy/ptII/ptolemy/domains/de/test/auto/ResettableTimer4.xml (RunModel)" time="0.009" />
  <testcase classname="ptolemy.util.test.junit.AutoTests" name="[62] /home/travis/build/icyphy/ptII/ptolemy/domains/de/test/auto/ResettableTimer5.xml (RunModel)" time="0.01" />
  <testcase classname="ptolemy.util.test.junit.AutoTests" name="[63] /home/travis/build/icyphy/ptII/ptolemy/domains/de/test/auto/ResettableTimer6.xml (RunModel)" time="0.017" />
  <testcase classname="ptolemy.util.test.junit.AutoTests" name="[64] /home/travis/build/icyphy/ptII/ptolemy/domains/de/test/auto/ServerZeroDelay.xml (RunModel)" time="0.009" />
  <testcase classname="ptolemy.util.test.junit.AutoTests" name="[65] /home/travis/build/icyphy/ptII/ptolemy/domains/de/test/auto/SmartSender.xml (RunModel)" time="3.008" />
  <testcase classname="ptolemy.util.test.junit.AutoTests" name="[66] /home/travis/build/icyphy/ptII/ptolemy/domains/de/test/auto/ThreadedComposite.xml (RunModel)" time="0.17" />
  <testcase classname="ptolemy.util.test.junit.AutoTests" name="[67] /home/travis/build/icyphy/ptII/ptolemy/domains/de/test/auto/Time.xml (RunModel)" time="0.363" />
  <testcase classname="ptolemy.util.test.junit.AutoTests" name="[68] /home/travis/build/icyphy/ptII/ptolemy/domains/de/test/auto/TimeDelayZeroDelay.xml (RunModel)" time="0.013" />
  <testcase classname="ptolemy.util.test.junit.AutoTests" name="[69] /home/travis/build/icyphy/ptII/ptolemy/domains/de/test/auto/TimerZeroDelay.xml (RunModel)" time="0.012" />
  <testcase classname="ptolemy.util.test.junit.AutoTests" name="[70] /home/travis/build/icyphy/ptII/ptolemy/domains/de/test/auto/TimingParadox.xml (RunModel)" time="0.328" />
  <testcase classname="ptolemy.util.test.junit.AutoTests" name="[71] /home/travis/build/icyphy/ptII/ptolemy/domains/de/test/auto/TransferInputs.xml (RunModel)" time="0.016" />
  <testcase classname="ptolemy.util.test.junit.AutoTests" name="[72] /home/travis/build/icyphy/ptII/ptolemy/domains/de/test/auto/TransferOutputs2.xml (RunModel)" time="0.019" />
  <testcase classname="ptolemy.util.test.junit.AutoTests" name="[73] /home/travis/build/icyphy/ptII/ptolemy/domains/de/test/auto/Trilateration.xml (RunModel)" time="11.305" />
  <testcase classname="ptolemy.util.test.junit.AutoTests" name="[74] /home/travis/build/icyphy/ptII/ptolemy/domains/de/test/auto/TwoSigmaDelta.xml (RunModel)" time="1.821" />
  <testcase classname="ptolemy.util.test.junit.AutoTests" name="[75] /home/travis/build/icyphy/ptII/ptolemy/domains/de/test/auto/VariableDelay.xml (RunModel)" time="0.011" />
  <testcase classname="ptolemy.util.test.junit.AutoTests" name="[76] /home/travis/build/icyphy/ptII/ptolemy/domains/de/test/auto/VariableDelay2.xml (RunModel)" time="0.015" />
  <testcase classname="ptolemy.util.test.junit.AutoTests" name="[77] /home/travis/build/icyphy/ptII/ptolemy/domains/de/test/auto/VariableDelayZeroDelay.xml (RunModel)" time="0.018" />
  <testcase classname="ptolemy.util.test.junit.AutoTests" name="[78] /home/travis/build/icyphy/ptII/ptolemy/domains/de/test/auto/VariableDelayZeroDelay2.xml (RunModel)" time="0.017" />
  <testcase classname="ptolemy.util.test.junit.AutoTests" name="[79] /home/travis/build/icyphy/ptII/ptolemy/domains/de/test/auto/deInCt.xml (RunModel)" time="0.018" />
  <testcase classname="ptolemy.util.test.junit.AutoTests" name="[80] /home/travis/build/icyphy/ptII/ptolemy/domains/de/test/auto/deInCt2.xml (RunModel)" time="0.013" />
  <testcase classname="ptolemy.util.test.junit.AutoTests" name="[81] /home/travis/build/icyphy/ptII/ptolemy/domains/de/test/auto/dynamicCausalityInterface1.xml (RunModel)" time="0.018" />
  <testcase classname="ptolemy.util.test.junit.AutoTests" name="[82] /home/travis/build/icyphy/ptII/ptolemy/domains/de/test/auto/fsm_de_test.xml (RunModel)" time="0.02" />
  <testcase classname="ptolemy.util.test.junit.AutoTests" name="[83] /home/travis/build/icyphy/ptII/ptolemy/domains/de/test/auto/functionDependencyReconstruction.xml (RunModel)" time="0.037" />
  <testcase classname="ptolemy.util.test.junit.AutoTests" name="[84] /home/travis/build/icyphy/ptII/ptolemy/domains/de/test/auto/multirate.xml (RunModel)" time="0.016" />
  <testcase classname="ptolemy.util.test.junit.AutoTests" name="[85] /home/travis/build/icyphy/ptII/ptolemy/domains/de/test/auto/multirate2.xml (RunModel)" time="0.017" />
  <testcase classname="ptolemy.util.test.junit.AutoTests" name="[86] /home/travis/build/icyphy/ptII/ptolemy/domains/de/test/auto/realtime.xml (RunModel)" time="10.011" />
  <testcase classname="ptolemy.util.test.junit.AutoTests" name="[87] /home/travis/build/icyphy/ptII/ptolemy/domains/de/test/auto/relationGroup.xml (RunModel)" time="0.008" />
  <testcase classname="ptolemy.util.test.junit.AutoTests" name="[88] /home/travis/build/icyphy/ptII/ptolemy/domains/de/test/auto/relationGroup2.xml (RunModel)" time="0.016" />
  <testcase classname="ptolemy.util.test.junit.AutoTests" name="[89] /home/travis/build/icyphy/ptII/ptolemy/domains/de/test/auto/sortWithOpaquePorts.xml (RunModel)" time="0.01" />
  <testcase classname="ptolemy.util.test.junit.AutoTests" name="[90] /home/travis/build/icyphy/ptII/ptolemy/domains/de/test/auto/transferInputsandOutputs.xml (RunModel)" time="0.016" />
  <testcase classname="ptolemy.util.test.junit.AutoTests" name="[91] /home/travis/build/icyphy/ptII/ptolemy/domains/de/test/auto/triggerType.xml (RunModel)" time="0.009" />
  <system-out><![CDATA[/home/travis/build/icyphy/ptII/ptolemy/domains/de/test/DependencyLoop.tcl
testDefs.tcl: setting time out to 9000 seconds at Fri Jul 24 16:47:01 UTC 2020
85 ms. Memory: 129024K Free: 78278K (61%)
22 ms. Memory: 129024K Free: 60839K (47%)
/home/travis/build/icyphy/ptII/ptolemy/domains/de/test/RunDETestsAsQSS.tcl
Run the DE tests using ptolemy.domains.qss.test.QSSDirectorTest, which extends QSSDirector and prints a message in the constructors.
------------------ testing $PTII/ptolemy/domains/de/test/auto/knownFailedTests/DirectFeedback.xml (Known Failure) 
48 ms. Memory: 129024K Free: 55240K (43%)


==== $PTIIhome/travis/build/icyphy/ptII/ptolemy/domains/de/test/../../../../: Auto Automatic test in file $PTII/ptolemy/domains/de/test/auto/knownFailedTests/DirectFeedback.xml
==== Contents of test case:

	    # FIXME: we should use $relativeFilename here, but it
	    # might have backslashes under Windows, which causes no end
	    # of trouble.
	    createAndExecute $file
	    list {}
	
.... Test generated KNOWN error:
    while executing
ptolemy.kernel.util.IllegalActionException: Test fails in iteration 1.
Value was: 1.0. Should have been: 2.0
  in .DirectFeedback.Test
	at ptolemy.actor.lib.Test.fire(Test.java:268)
	at ptolemy.domains.de.kernel.DEDirector._fire(DEDirector.java:1949)
	at ptolemy.domains.de.kernel.DEDirector.fire(DEDirector.java:502)
	at ptolemy.actor.CompositeActor.fire(CompositeActor.java:455)
	at ptolemy.actor.Manager.iterate(Manager.java:851)
	at ptolemy.actor.Manager.execute(Manager.java:369)
	at ptolemy.actor.Manager.run(Manager.java:1263)
	at ptolemy.actor.Manager$PtolemyRunThread.run(Manager.java:1933)

    while executing
ptolemy.kernel.util.IllegalActionException: Test fails in iteration 1.
Value was: 1.0. Should have been: 2.0
  in .DirectFeedback.Test
    while executing
"java::new ptolemy.moml.MoMLSimpleApplication $file
"
    (procedure "createAndExecute" line 2)
    invoked from within
"createAndExecute $file"
    ("uplevel" body line 5)
    invoked from within
"uplevel $contents_of_test"
------------------ testing $PTII/ptolemy/domains/de/test/auto/knownFailedTests/dependencyLoop.xml (Known Failure) 
11 ms. Memory: 129024K Free: 52168K (40%)


==== $PTIIhome/travis/build/icyphy/ptII/ptolemy/domains/de/test/../../../../: Auto Automatic test in file $PTII/ptolemy/domains/de/test/auto/knownFailedTests/dependencyLoop.xml
==== Contents of test case:

	    # FIXME: we should use $relativeFilename here, but it
	    # might have backslashes under Windows, which causes no end
	    # of trouble.
	    createAndExecute $file
	    list {}
	
.... Test generated KNOWN error:
    while executing
ptolemy.kernel.util.IllegalActionException: Found a zero delay loop containing .dependencyLoop.original
  in .dependencyLoop and .dependencyLoop.original
	at ptolemy.actor.util.CausalityInterfaceForComposites._computeOutputPortDepth(CausalityInterfaceForComposites.java:759)
	at ptolemy.actor.util.CausalityInterfaceForComposites._computeInputDepth(CausalityInterfaceForComposites.java:696)
	at ptolemy.actor.util.CausalityInterfaceForComposites._computeOutputPortDepth(CausalityInterfaceForComposites.java:765)
	at ptolemy.actor.util.CausalityInterfaceForComposites._computeInputDepth(CausalityInterfaceForComposites.java:696)
	at ptolemy.actor.util.CausalityInterfaceForComposites._computeOutputPortDepth(CausalityInterfaceForComposites.java:765)
	at ptolemy.actor.util.CausalityInterfaceForComposites._computeInputDepth(CausalityInterfaceForComposites.java:696)
	at ptolemy.actor.util.CausalityInterfaceForComposites._computeActorDepth(CausalityInterfaceForComposites.java:532)
	at ptolemy.actor.util.CausalityInterfaceForComposites.checkForCycles(CausalityInterfaceForComposites.java:96)
	at ptolemy.domains.de.kernel.DEDirector.preinitialize(DEDirector.java:1338)
	at ptolemy.actor.CompositeActor.preinitialize(CompositeActor.java:1828)
	at ptolemy.actor.Manager.preinitializeAndResolveTypes(Manager.java:1040)
	at ptolemy.actor.Manager.initialize(Manager.java:710)
	at ptolemy.actor.Manager.execute(Manager.java:356)
	at ptolemy.actor.Manager.run(Manager.java:1263)
	at ptolemy.actor.Manager$PtolemyRunThread.run(Manager.java:1933)

    while executing
ptolemy.kernel.util.IllegalActionException: Found a zero delay loop containing .dependencyLoop.original
  in .dependencyLoop and .dependencyLoop.original
    while executing
"java::new ptolemy.moml.MoMLSimpleApplication $file
"
    (procedure "createAndExecute" line 2)
    invoked from within
"createAndExecute $file"
    ("uplevel" body line 5)
    invoked from within
"uplevel $contents_of_test"
------------------ testing $PTII/ptolemy/domains/de/test/auto/knownFailedTests/FSMSource.xml (Known Failure) 
44 ms. Memory: 129024K Free: 110685K (86%)
!!!! Auto was marked as failing, but now passes
------------------ testing $PTII/ptolemy/domains/de/test/auto/knownFailedTests/HierarchicalModel.xml (Known Failure) 
13 ms. Memory: 129024K Free: 93309K (72%)


==== $PTIIhome/travis/build/icyphy/ptII/ptolemy/domains/de/test/../../../../: Auto Automatic test in file $PTII/ptolemy/domains/de/test/auto/knownFailedTests/HierarchicalModel.xml
==== Contents of test case:

	    # FIXME: we should use $relativeFilename here, but it
	    # might have backslashes under Windows, which causes no end
	    # of trouble.
	    createAndExecute $file
	    list {}
	
.... Test generated KNOWN error:
    while executing
ptolemy.kernel.util.IllegalActionException: Found a zero delay loop containing .HierarchicalModel.A
  in .HierarchicalModel and .HierarchicalModel.A
	at ptolemy.actor.util.CausalityInterfaceForComposites._computeOutputPortDepth(CausalityInterfaceForComposites.java:759)
	at ptolemy.actor.util.CausalityInterfaceForComposites._computeInputDepth(CausalityInterfaceForComposites.java:696)
	at ptolemy.actor.util.CausalityInterfaceForComposites._computeOutputPortDepth(CausalityInterfaceForComposites.java:765)
	at ptolemy.actor.util.CausalityInterfaceForComposites._computeInputDepth(CausalityInterfaceForComposites.java:696)
	at ptolemy.actor.util.CausalityInterfaceForComposites._computeOutputPortDepth(CausalityInterfaceForComposites.java:765)
	at ptolemy.actor.util.CausalityInterfaceForComposites._computeInputDepth(CausalityInterfaceForComposites.java:696)
	at ptolemy.actor.util.CausalityInterfaceForComposites._computeActorDepth(CausalityInterfaceForComposites.java:532)
	at ptolemy.actor.util.CausalityInterfaceForComposites.checkForCycles(CausalityInterfaceForComposites.java:96)
	at ptolemy.domains.de.kernel.DEDirector.preinitialize(DEDirector.java:1338)
	at ptolemy.actor.CompositeActor.preinitialize(CompositeActor.java:1828)
	at ptolemy.actor.Manager.preinitializeAndResolveTypes(Manager.java:1040)
	at ptolemy.actor.Manager.initialize(Manager.java:710)
	at ptolemy.actor.Manager.execute(Manager.java:356)
	at ptolemy.actor.Manager.run(Manager.java:1263)
	at ptolemy.actor.Manager$PtolemyRunThread.run(Manager.java:1933)

    while executing
ptolemy.kernel.util.IllegalActionException: Found a zero delay loop containing .HierarchicalModel.A
  in .HierarchicalModel and .HierarchicalModel.A
    while executing
"java::new ptolemy.moml.MoMLSimpleApplication $file
"
    (procedure "createAndExecute" line 2)
    invoked from within
"createAndExecute $file"
    ("uplevel" body line 5)
    invoked from within
"uplevel $contents_of_test"
------------------ testing $PTII/ptolemy/domains/de/test/auto/knownFailedTests/dependencyLoop2.xml (Known Failure) 
11 ms. Memory: 129024K Free: 77661K (60%)


==== $PTIIhome/travis/build/icyphy/ptII/ptolemy/domains/de/test/../../../../: Auto Automatic test in file $PTII/ptolemy/domains/de/test/auto/knownFailedTests/dependencyLoop2.xml
==== Contents of test case:

	    # FIXME: we should use $relativeFilename here, but it
	    # might have backslashes under Windows, which causes no end
	    # of trouble.
	    createAndExecute $file
	    list {}
	
.... Test generated KNOWN error:
    while executing
ptolemy.kernel.util.IllegalActionException: Found a zero delay loop containing .dependencyLoop2.original
  in .dependencyLoop2 and .dependencyLoop2.original
	at ptolemy.actor.util.CausalityInterfaceForComposites._computeOutputPortDepth(CausalityInterfaceForComposites.java:759)
	at ptolemy.actor.util.CausalityInterfaceForComposites._computeInputDepth(CausalityInterfaceForComposites.java:696)
	at ptolemy.actor.util.CausalityInterfaceForComposites._computeOutputPortDepth(CausalityInterfaceForComposites.java:765)
	at ptolemy.actor.util.CausalityInterfaceForComposites._computeInputDepth(CausalityInterfaceForComposites.java:696)
	at ptolemy.actor.util.CausalityInterfaceForComposites._computeOutputPortDepth(CausalityInterfaceForComposites.java:765)
	at ptolemy.actor.util.CausalityInterfaceForComposites._computeInputDepth(CausalityInterfaceForComposites.java:696)
	at ptolemy.actor.util.CausalityInterfaceForComposites._computeActorDepth(CausalityInterfaceForComposites.java:532)
	at ptolemy.actor.util.CausalityInterfaceForComposites.checkForCycles(CausalityInterfaceForComposites.java:96)
	at ptolemy.domains.de.kernel.DEDirector.preinitialize(DEDirector.java:1338)
	at ptolemy.actor.CompositeActor.preinitialize(CompositeActor.java:1828)
	at ptolemy.actor.Manager.preinitializeAndResolveTypes(Manager.java:1040)
	at ptolemy.actor.Manager.initialize(Manager.java:710)
	at ptolemy.actor.Manager.execute(Manager.java:356)
	at ptolemy.actor.Manager.run(Manager.java:1263)
	at ptolemy.actor.Manager$PtolemyRunThread.run(Manager.java:1933)

    while executing
ptolemy.kernel.util.IllegalActionException: Found a zero delay loop containing .dependencyLoop2.original
  in .dependencyLoop2 and .dependencyLoop2.original
    while executing
"java::new ptolemy.moml.MoMLSimpleApplication $file
"
    (procedure "createAndExecute" line 2)
    invoked from within
"createAndExecute $file"
    ("uplevel" body line 5)
    invoked from within
"uplevel $contents_of_test"
------------------ testing $PTII/ptolemy/domains/de/test/auto/knownFailedTests/DESDFClockTest.xml (Known Failure) 
2045 ms. Memory: 129024K Free: 107566K (83%)


==== $PTIIhome/travis/build/icyphy/ptII/ptolemy/domains/de/test/../../../../: Auto Automatic test in file $PTII/ptolemy/domains/de/test/auto/knownFailedTests/DESDFClockTest.xml
==== Contents of test case:

	    # FIXME: we should use $relativeFilename here, but it
	    # might have backslashes under Windows, which causes no end
	    # of trouble.
	    createAndExecute $file
	    list {}
	
.... Test generated KNOWN error:
    while executing
ptolemy.kernel.util.IllegalActionException: Actor is not ready to fire.  Perhaps UpSample.prefire() returned false? Try debugging the actor by selecting "Listen to Actor".  Also, for SDF check moml for tokenConsumptionRate on input.
  in .DESDFClockTest.Play Bell.Copy1:SDF Director and .DESDFClockTest.Play Bell.UpSample
	at ptolemy.actor.sched.StaticSchedulingDirector.fire(StaticSchedulingDirector.java:227)
	at ptolemy.domains.sdf.kernel.SDFDirector.fire(SDFDirector.java:500)
	at ptolemy.actor.CompositeActor.fire(CompositeActor.java:455)
	at ptolemy.domains.de.kernel.DEDirector._fire(DEDirector.java:1949)
	at ptolemy.domains.de.kernel.DEDirector.fire(DEDirector.java:502)
	at ptolemy.actor.CompositeActor.fire(CompositeActor.java:455)
	at ptolemy.actor.Manager.iterate(Manager.java:851)
	at ptolemy.actor.Manager.execute(Manager.java:369)
	at ptolemy.actor.Manager.run(Manager.java:1263)
	at ptolemy.actor.Manager$PtolemyRunThread.run(Manager.java:1933)

    while executing
ptolemy.kernel.util.IllegalActionException: Actor is not ready to fire.  Perhaps UpSample.prefire() returned false? Try debugging the actor by selecting "Listen to Actor".  Also, for SDF check moml for tokenConsumptionRate on input.
  in .DESDFClockTest.Play Bell.Copy1:SDF Director and .DESDFClockTest.Play Bell.UpSample
    while executing
"java::new ptolemy.moml.MoMLSimpleApplication $file
"
    (procedure "createAndExecute" line 2)
    invoked from within
"createAndExecute $file"
    ("uplevel" body line 5)
    invoked from within
"uplevel $contents_of_test"
------------------ testing $PTII/ptolemy/domains/de/test/auto/ActorDepthCalculation_actorWithoutPorts.xml
auto.tcl: Setting watchdog for 200 seconds at Fri Jul 24 16:47:05 UTC 2020
5 ms. Memory: 129024K Free: 99889K (77%)
ptolemy.util.test.WatchDog.cancel(): canceling Fri Jul 24 16:47:05 UTC 2020
auto.tcl: Setting watchdog for 200 seconds at Fri Jul 24 16:47:05 UTC 2020
5 ms. Memory: 129024K Free: 98865K (77%)
ptolemy.util.test.WatchDog.cancel(): canceling Fri Jul 24 16:47:05 UTC 2020
------------------ testing $PTII/ptolemy/domains/de/test/auto/AssemblyLine.xml
auto.tcl: Setting watchdog for 200 seconds at Fri Jul 24 16:47:06 UTC 2020
8 ms. Memory: 51200K Free: 28170K (55%)
ptolemy.util.test.WatchDog.cancel(): canceling Fri Jul 24 16:47:06 UTC 2020
auto.tcl: Setting watchdog for 200 seconds at Fri Jul 24 16:47:06 UTC 2020
7 ms. Memory: 51200K Free: 27257K (53%)
ptolemy.util.test.WatchDog.cancel(): canceling Fri Jul 24 16:47:06 UTC 2020
------------------ testing $PTII/ptolemy/domains/de/test/auto/CQBug1.xml
auto.tcl: Setting watchdog for 200 seconds at Fri Jul 24 16:47:06 UTC 2020
3 ms. Memory: 51200K Free: 33828K (66%)
ptolemy.util.test.WatchDog.cancel(): canceling Fri Jul 24 16:47:06 UTC 2020
auto.tcl: Setting watchdog for 200 seconds at Fri Jul 24 16:47:06 UTC 2020
3 ms. Memory: 51200K Free: 32923K (64%)
ptolemy.util.test.WatchDog.cancel(): canceling Fri Jul 24 16:47:06 UTC 2020
------------------ testing $PTII/ptolemy/domains/de/test/auto/CancelFireAt.xml
auto.tcl: Setting watchdog for 200 seconds at Fri Jul 24 16:47:06 UTC 2020
6 ms. Memory: 51200K Free: 34738K (68%)
ptolemy.util.test.WatchDog.cancel(): canceling Fri Jul 24 16:47:06 UTC 2020
auto.tcl: Setting watchdog for 200 seconds at Fri Jul 24 16:47:06 UTC 2020
2 ms. Memory: 51200K Free: 34237K (67%)
ptolemy.util.test.WatchDog.cancel(): canceling Fri Jul 24 16:47:06 UTC 2020
------------------ testing $PTII/ptolemy/domains/de/test/auto/CausalityAndComposabilityAnalysis.xml
auto.tcl: Setting watchdog for 200 seconds at Fri Jul 24 16:47:06 UTC 2020
6 ms. Memory: 51200K Free: 32392K (63%)
ptolemy.util.test.WatchDog.cancel(): canceling Fri Jul 24 16:47:06 UTC 2020
auto.tcl: Setting watchdog for 200 seconds at Fri Jul 24 16:47:06 UTC 2020
5 ms. Memory: 51200K Free: 31964K (62%)
ptolemy.util.test.WatchDog.cancel(): canceling Fri Jul 24 16:47:06 UTC 2020
------------------ testing $PTII/ptolemy/domains/de/test/auto/CausalityInterface1.xml
auto.tcl: Setting watchdog for 200 seconds at Fri Jul 24 16:47:06 UTC 2020
25 ms. Memory: 51200K Free: 31389K (61%)
ptolemy.util.test.WatchDog.cancel(): canceling Fri Jul 24 16:47:06 UTC 2020
auto.tcl: Setting watchdog for 200 seconds at Fri Jul 24 16:47:06 UTC 2020
4 ms. Memory: 51200K Free: 30412K (59%)
ptolemy.util.test.WatchDog.cancel(): canceling Fri Jul 24 16:47:06 UTC 2020
------------------ testing $PTII/ptolemy/domains/de/test/auto/CausalityInterface15.xml
auto.tcl: Setting watchdog for 200 seconds at Fri Jul 24 16:47:06 UTC 2020
15 ms. Memory: 51200K Free: 31553K (62%)
ptolemy.util.test.WatchDog.cancel(): canceling Fri Jul 24 16:47:06 UTC 2020
auto.tcl: Setting watchdog for 200 seconds at Fri Jul 24 16:47:06 UTC 2020
4 ms. Memory: 51200K Free: 30376K (59%)
ptolemy.util.test.WatchDog.cancel(): canceling Fri Jul 24 16:47:06 UTC 2020
------------------ testing $PTII/ptolemy/domains/de/test/auto/CausalityInterface2.xml
auto.tcl: Setting watchdog for 200 seconds at Fri Jul 24 16:47:06 UTC 2020
5 ms. Memory: 51200K Free: 32032K (63%)
ptolemy.util.test.WatchDog.cancel(): canceling Fri Jul 24 16:47:06 UTC 2020
auto.tcl: Setting watchdog for 200 seconds at Fri Jul 24 16:47:06 UTC 2020
4 ms. Memory: 51200K Free: 31346K (61%)
ptolemy.util.test.WatchDog.cancel(): canceling Fri Jul 24 16:47:06 UTC 2020
------------------ testing $PTII/ptolemy/domains/de/test/auto/CausalityInterface3.xml
auto.tcl: Setting watchdog for 200 seconds at Fri Jul 24 16:47:06 UTC 2020
4 ms. Memory: 51200K Free: 31582K (62%)
ptolemy.util.test.WatchDog.cancel(): canceling Fri Jul 24 16:47:06 UTC 2020
auto.tcl: Setting watchdog for 200 seconds at Fri Jul 24 16:47:06 UTC 2020
3 ms. Memory: 51200K Free: 31096K (61%)
ptolemy.util.test.WatchDog.cancel(): canceling Fri Jul 24 16:47:06 UTC 2020
------------------ testing $PTII/ptolemy/domains/de/test/auto/ClockDrift.xml
auto.tcl: Setting watchdog for 200 seconds at Fri Jul 24 16:47:06 UTC 2020
57 ms. Memory: 51200K Free: 24156K (47%)
ptolemy.util.test.WatchDog.cancel(): canceling Fri Jul 24 16:47:07 UTC 2020
auto.tcl: Setting watchdog for 200 seconds at Fri Jul 24 16:47:07 UTC 2020
37 ms. Memory: 51200K Free: 20693K (40%)
ptolemy.util.test.WatchDog.cancel(): canceling Fri Jul 24 16:47:07 UTC 2020
------------------ testing $PTII/ptolemy/domains/de/test/auto/ClockDriftAndValueChange.xml
auto.tcl: Setting watchdog for 200 seconds at Fri Jul 24 16:47:07 UTC 2020
42 ms. Memory: 51200K Free: 23982K (47%)
ptolemy.util.test.WatchDog.cancel(): canceling Fri Jul 24 16:47:07 UTC 2020
auto.tcl: Setting watchdog for 200 seconds at Fri Jul 24 16:47:07 UTC 2020
28 ms. Memory: 51200K Free: 20997K (41%)
ptolemy.util.test.WatchDog.cancel(): canceling Fri Jul 24 16:47:07 UTC 2020
------------------ testing $PTII/ptolemy/domains/de/test/auto/ClockDriftChange.xml
auto.tcl: Setting watchdog for 200 seconds at Fri Jul 24 16:47:07 UTC 2020
29 ms. Memory: 51200K Free: 26046K (51%)
ptolemy.util.test.WatchDog.cancel(): canceling Fri Jul 24 16:47:07 UTC 2020
auto.tcl: Setting watchdog for 200 seconds at Fri Jul 24 16:47:07 UTC 2020
32 ms. Memory: 51200K Free: 23488K (46%)
ptolemy.util.test.WatchDog.cancel(): canceling Fri Jul 24 16:47:07 UTC 2020
------------------ testing $PTII/ptolemy/domains/de/test/auto/ComposableCausalityAnalysis.xml
auto.tcl: Setting watchdog for 200 seconds at Fri Jul 24 16:47:07 UTC 2020
2 ms. Memory: 51200K Free: 30833K (60%)
ptolemy.util.test.WatchDog.cancel(): canceling Fri Jul 24 16:47:07 UTC 2020
auto.tcl: Setting watchdog for 200 seconds at Fri Jul 24 16:47:07 UTC 2020
2 ms. Memory: 51200K Free: 29828K (58%)
ptolemy.util.test.WatchDog.cancel(): canceling Fri Jul 24 16:47:07 UTC 2020
------------------ testing $PTII/ptolemy/domains/de/test/auto/DEFixedPointLimitation.xml
auto.tcl: Setting watchdog for 200 seconds at Fri Jul 24 16:47:07 UTC 2020
4 ms. Memory: 51200K Free: 32204K (63%)
ptolemy.util.test.WatchDog.cancel(): canceling Fri Jul 24 16:47:07 UTC 2020
auto.tcl: Setting watchdog for 200 seconds at Fri Jul 24 16:47:07 UTC 2020
1 ms. Memory: 51200K Free: 31325K (61%)
ptolemy.util.test.WatchDog.cancel(): canceling Fri Jul 24 16:47:07 UTC 2020
------------------ testing $PTII/ptolemy/domains/de/test/auto/DEScheduleTest.xml
auto.tcl: Setting watchdog for 200 seconds at Fri Jul 24 16:47:07 UTC 2020
6 ms. Memory: 51200K Free: 32583K (64%)
ptolemy.util.test.WatchDog.cancel(): canceling Fri Jul 24 16:47:07 UTC 2020
auto.tcl: Setting watchdog for 200 seconds at Fri Jul 24 16:47:07 UTC 2020
3 ms. Memory: 51200K Free: 31827K (62%)
ptolemy.util.test.WatchDog.cancel(): canceling Fri Jul 24 16:47:07 UTC 2020
------------------ testing $PTII/ptolemy/domains/de/test/auto/DEinDEwithStartTimes.xml
auto.tcl: Setting watchdog for 200 seconds at Fri Jul 24 16:47:07 UTC 2020
4 ms. Memory: 51200K Free: 30754K (60%)
ptolemy.util.test.WatchDog.cancel(): canceling Fri Jul 24 16:47:07 UTC 2020
auto.tcl: Setting watchdog for 200 seconds at Fri Jul 24 16:47:07 UTC 2020
7 ms. Memory: 51200K Free: 29835K (58%)
ptolemy.util.test.WatchDog.cancel(): canceling Fri Jul 24 16:47:07 UTC 2020
------------------ testing $PTII/ptolemy/domains/de/test/auto/DEinDEwithStartTimes2.xml
auto.tcl: Setting watchdog for 200 seconds at Fri Jul 24 16:47:07 UTC 2020
5 ms. Memory: 51200K Free: 29871K (58%)
ptolemy.util.test.WatchDog.cancel(): canceling Fri Jul 24 16:47:07 UTC 2020
auto.tcl: Setting watchdog for 200 seconds at Fri Jul 24 16:47:07 UTC 2020
3 ms. Memory: 51200K Free: 28856K (56%)
ptolemy.util.test.WatchDog.cancel(): canceling Fri Jul 24 16:47:07 UTC 2020
------------------ testing $PTII/ptolemy/domains/de/test/auto/DateDemo.xml
auto.tcl: Setting watchdog for 200 seconds at Fri Jul 24 16:47:07 UTC 2020
27 ms. Memory: 51200K Free: 24566K (48%)
ptolemy.util.test.WatchDog.cancel(): canceling Fri Jul 24 16:47:07 UTC 2020
auto.tcl: Setting watchdog for 200 seconds at Fri Jul 24 16:47:07 UTC 2020
13 ms. Memory: 51200K Free: 22685K (44%)
ptolemy.util.test.WatchDog.cancel(): canceling Fri Jul 24 16:47:08 UTC 2020
------------------ testing $PTII/ptolemy/domains/de/test/auto/DateToEvent.xml
auto.tcl: Setting watchdog for 200 seconds at Fri Jul 24 16:47:08 UTC 2020
2021 ms. Memory: 51200K Free: 20250K (40%)
ptolemy.util.test.WatchDog.cancel(): canceling Fri Jul 24 16:47:10 UTC 2020
auto.tcl: Setting watchdog for 200 seconds at Fri Jul 24 16:47:10 UTC 2020
2008 ms. Memory: 51200K Free: 19408K (38%)
ptolemy.util.test.WatchDog.cancel(): canceling Fri Jul 24 16:47:12 UTC 2020
------------------ testing $PTII/ptolemy/domains/de/test/auto/DepthTest1.xml
auto.tcl: Setting watchdog for 200 seconds at Fri Jul 24 16:47:12 UTC 2020
3 ms. Memory: 51200K Free: 33436K (65%)
ptolemy.util.test.WatchDog.cancel(): canceling Fri Jul 24 16:47:12 UTC 2020
auto.tcl: Setting watchdog for 200 seconds at Fri Jul 24 16:47:12 UTC 2020
2 ms. Memory: 51200K Free: 32934K (64%)
ptolemy.util.test.WatchDog.cancel(): canceling Fri Jul 24 16:47:12 UTC 2020
------------------ testing $PTII/ptolemy/domains/de/test/auto/DepthTest2.xml
auto.tcl: Setting watchdog for 200 seconds at Fri Jul 24 16:47:12 UTC 2020
5 ms. Memory: 51200K Free: 30210K (59%)
ptolemy.util.test.WatchDog.cancel(): canceling Fri Jul 24 16:47:12 UTC 2020
auto.tcl: Setting watchdog for 200 seconds at Fri Jul 24 16:47:12 UTC 2020
2 ms. Memory: 51200K Free: 29779K (58%)
ptolemy.util.test.WatchDog.cancel(): canceling Fri Jul 24 16:47:12 UTC 2020
------------------ testing $PTII/ptolemy/domains/de/test/auto/DepthTest3.xml
auto.tcl: Setting watchdog for 200 seconds at Fri Jul 24 16:47:12 UTC 2020
2 ms. Memory: 51200K Free: 33743K (66%)
ptolemy.util.test.WatchDog.cancel(): canceling Fri Jul 24 16:47:12 UTC 2020
auto.tcl: Setting watchdog for 200 seconds at Fri Jul 24 16:47:12 UTC 2020
2 ms. Memory: 51200K Free: 33271K (65%)
ptolemy.util.test.WatchDog.cancel(): canceling Fri Jul 24 16:47:12 UTC 2020
------------------ testing $PTII/ptolemy/domains/de/test/auto/DepthTest4.xml
auto.tcl: Setting watchdog for 200 seconds at Fri Jul 24 16:47:12 UTC 2020
5 ms. Memory: 51200K Free: 31974K (62%)
ptolemy.util.test.WatchDog.cancel(): canceling Fri Jul 24 16:47:12 UTC 2020
auto.tcl: Setting watchdog for 200 seconds at Fri Jul 24 16:47:12 UTC 2020
2 ms. Memory: 51200K Free: 31314K (61%)
ptolemy.util.test.WatchDog.cancel(): canceling Fri Jul 24 16:47:12 UTC 2020
------------------ testing $PTII/ptolemy/domains/de/test/auto/DepthTest5.xml
auto.tcl: Setting watchdog for 200 seconds at Fri Jul 24 16:47:12 UTC 2020
6 ms. Memory: 51200K Free: 31423K (61%)
ptolemy.util.test.WatchDog.cancel(): canceling Fri Jul 24 16:47:12 UTC 2020
auto.tcl: Setting watchdog for 200 seconds at Fri Jul 24 16:47:12 UTC 2020
5 ms. Memory: 51200K Free: 30687K (60%)
ptolemy.util.test.WatchDog.cancel(): canceling Fri Jul 24 16:47:12 UTC 2020
------------------ testing $PTII/ptolemy/domains/de/test/auto/DepthTest6.xml
auto.tcl: Setting watchdog for 200 seconds at Fri Jul 24 16:47:12 UTC 2020
9 ms. Memory: 51200K Free: 31137K (61%)
ptolemy.util.test.WatchDog.cancel(): canceling Fri Jul 24 16:47:12 UTC 2020
auto.tcl: Setting watchdog for 200 seconds at Fri Jul 24 16:47:12 UTC 2020
3 ms. Memory: 51200K Free: 30691K (60%)
ptolemy.util.test.WatchDog.cancel(): canceling Fri Jul 24 16:47:12 UTC 2020
------------------ testing $PTII/ptolemy/domains/de/test/auto/DepthTest7.xml
auto.tcl: Setting watchdog for 200 seconds at Fri Jul 24 16:47:12 UTC 2020
3 ms. Memory: 51200K Free: 32129K (63%)
ptolemy.util.test.WatchDog.cancel(): canceling Fri Jul 24 16:47:12 UTC 2020
auto.tcl: Setting watchdog for 200 seconds at Fri Jul 24 16:47:12 UTC 2020
2 ms. Memory: 51200K Free: 31223K (61%)
ptolemy.util.test.WatchDog.cancel(): canceling Fri Jul 24 16:47:12 UTC 2020
------------------ testing $PTII/ptolemy/domains/de/test/auto/EventToDate.xml
auto.tcl: Setting watchdog for 200 seconds at Fri Jul 24 16:47:12 UTC 2020
3010 ms. Memory: 51200K Free: 22968K (45%)
ptolemy.util.test.WatchDog.cancel(): canceling Fri Jul 24 16:47:15 UTC 2020
auto.tcl: Setting watchdog for 200 seconds at Fri Jul 24 16:47:15 UTC 2020
3003 ms. Memory: 51200K Free: 22058K (43%)
ptolemy.util.test.WatchDog.cancel(): canceling Fri Jul 24 16:47:18 UTC 2020
------------------ testing $PTII/ptolemy/domains/de/test/auto/FSM1.xml
auto.tcl: Setting watchdog for 200 seconds at Fri Jul 24 16:47:18 UTC 2020
22 ms. Memory: 51200K Free: 23972K (47%)
ptolemy.util.test.WatchDog.cancel(): canceling Fri Jul 24 16:47:18 UTC 2020
auto.tcl: Setting watchdog for 200 seconds at Fri Jul 24 16:47:18 UTC 2020
23 ms. Memory: 51200K Free: 20699K (40%)
ptolemy.util.test.WatchDog.cancel(): canceling Fri Jul 24 16:47:18 UTC 2020
------------------ testing $PTII/ptolemy/domains/de/test/auto/FSM7.xml
auto.tcl: Setting watchdog for 200 seconds at Fri Jul 24 16:47:18 UTC 2020
15 ms. Memory: 51200K Free: 23622K (46%)
ptolemy.util.test.WatchDog.cancel(): canceling Fri Jul 24 16:47:19 UTC 2020
auto.tcl: Setting watchdog for 200 seconds at Fri Jul 24 16:47:19 UTC 2020
28 ms. Memory: 51200K Free: 20488K (40%)
ptolemy.util.test.WatchDog.cancel(): canceling Fri Jul 24 16:47:19 UTC 2020
------------------ testing $PTII/ptolemy/domains/de/test/auto/Inspection.xml
auto.tcl: Setting watchdog for 200 seconds at Fri Jul 24 16:47:19 UTC 2020
29 ms. Memory: 51200K Free: 24161K (47%)
ptolemy.util.test.WatchDog.cancel(): canceling Fri Jul 24 16:47:19 UTC 2020
auto.tcl: Setting watchdog for 200 seconds at Fri Jul 24 16:47:19 UTC 2020
29 ms. Memory: 51200K Free: 22371K (44%)
ptolemy.util.test.WatchDog.cancel(): canceling Fri Jul 24 16:47:19 UTC 2020
------------------ testing $PTII/ptolemy/domains/de/test/auto/Iteration.xml
auto.tcl: Setting watchdog for 200 seconds at Fri Jul 24 16:47:19 UTC 2020
9 ms. Memory: 51200K Free: 29197K (57%)
ptolemy.util.test.WatchDog.cancel(): canceling Fri Jul 24 16:47:19 UTC 2020
auto.tcl: Setting watchdog for 200 seconds at Fri Jul 24 16:47:19 UTC 2020
6 ms. Memory: 51200K Free: 28014K (55%)
ptolemy.util.test.WatchDog.cancel(): canceling Fri Jul 24 16:47:19 UTC 2020
------------------ testing $PTII/ptolemy/domains/de/test/auto/LineFault.xml
auto.tcl: Setting watchdog for 200 seconds at Fri Jul 24 16:47:19 UTC 2020
614 ms. Memory: 51200K Free: 13749K (27%)
ptolemy.util.test.WatchDog.cancel(): canceling Fri Jul 24 16:47:20 UTC 2020
auto.tcl: Setting watchdog for 200 seconds at Fri Jul 24 16:47:20 UTC 2020
540 ms. Memory: 63488K Free: 39512K (62%)
ptolemy.util.test.WatchDog.cancel(): canceling Fri Jul 24 16:47:20 UTC 2020
------------------ testing $PTII/ptolemy/domains/de/test/auto/MergeModel1Add.xml
auto.tcl: Setting watchdog for 200 seconds at Fri Jul 24 16:47:20 UTC 2020
30 ms. Memory: 58368K Free: 22597K (39%)
ptolemy.util.test.WatchDog.cancel(): canceling Fri Jul 24 16:47:20 UTC 2020
auto.tcl: Setting watchdog for 200 seconds at Fri Jul 24 16:47:20 UTC 2020
12 ms. Memory: 58368K Free: 20993K (36%)
ptolemy.util.test.WatchDog.cancel(): canceling Fri Jul 24 16:47:20 UTC 2020
------------------ testing $PTII/ptolemy/domains/de/test/auto/MergeModel2Add.xml
auto.tcl: Setting watchdog for 200 seconds at Fri Jul 24 16:47:21 UTC 2020
9 ms. Memory: 55296K Free: 21575K (39%)
ptolemy.util.test.WatchDog.cancel(): canceling Fri Jul 24 16:47:21 UTC 2020
auto.tcl: Setting watchdog for 200 seconds at Fri Jul 24 16:47:21 UTC 2020
9 ms. Memory: 55296K Free: 20063K (36%)
ptolemy.util.test.WatchDog.cancel(): canceling Fri Jul 24 16:47:21 UTC 2020
------------------ testing $PTII/ptolemy/domains/de/test/auto/MergeModel3Add.xml
auto.tcl: Setting watchdog for 200 seconds at Fri Jul 24 16:47:21 UTC 2020
8 ms. Memory: 55296K Free: 21536K (39%)
ptolemy.util.test.WatchDog.cancel(): canceling Fri Jul 24 16:47:21 UTC 2020
auto.tcl: Setting watchdog for 200 seconds at Fri Jul 24 16:47:21 UTC 2020
14 ms. Memory: 55296K Free: 20196K (37%)
ptolemy.util.test.WatchDog.cancel(): canceling Fri Jul 24 16:47:21 UTC 2020
------------------ testing $PTII/ptolemy/domains/de/test/auto/MergeWithoutDiscard.xml
auto.tcl: Setting watchdog for 200 seconds at Fri Jul 24 16:47:21 UTC 2020
2 ms. Memory: 55296K Free: 35940K (65%)
ptolemy.util.test.WatchDog.cancel(): canceling Fri Jul 24 16:47:21 UTC 2020
auto.tcl: Setting watchdog for 200 seconds at Fri Jul 24 16:47:21 UTC 2020
2 ms. Memory: 55296K Free: 35501K (64%)
ptolemy.util.test.WatchDog.cancel(): canceling Fri Jul 24 16:47:21 UTC 2020
------------------ testing $PTII/ptolemy/domains/de/test/auto/Modal1.xml
auto.tcl: Setting watchdog for 200 seconds at Fri Jul 24 16:47:21 UTC 2020
16 ms. Memory: 55296K Free: 28572K (52%)
ptolemy.util.test.WatchDog.cancel(): canceling Fri Jul 24 16:47:21 UTC 2020
auto.tcl: Setting watchdog for 200 seconds at Fri Jul 24 16:47:21 UTC 2020
27 ms. Memory: 55296K Free: 25058K (45%)
ptolemy.util.test.WatchDog.cancel(): canceling Fri Jul 24 16:47:21 UTC 2020
------------------ testing $PTII/ptolemy/domains/de/test/auto/Modal2.xml
auto.tcl: Setting watchdog for 200 seconds at Fri Jul 24 16:47:21 UTC 2020
11 ms. Memory: 51200K Free: 24353K (48%)
ptolemy.util.test.WatchDog.cancel(): canceling Fri Jul 24 16:47:21 UTC 2020
auto.tcl: Setting watchdog for 200 seconds at Fri Jul 24 16:47:21 UTC 2020
17 ms. Memory: 51200K Free: 20876K (41%)
ptolemy.util.test.WatchDog.cancel(): canceling Fri Jul 24 16:47:21 UTC 2020
------------------ testing $PTII/ptolemy/domains/de/test/auto/Modal3.xml
auto.tcl: Setting watchdog for 200 seconds at Fri Jul 24 16:47:21 UTC 2020
16 ms. Memory: 51200K Free: 24090K (47%)
ptolemy.util.test.WatchDog.cancel(): canceling Fri Jul 24 16:47:21 UTC 2020
auto.tcl: Setting watchdog for 200 seconds at Fri Jul 24 16:47:21 UTC 2020
16 ms. Memory: 51200K Free: 20854K (41%)
ptolemy.util.test.WatchDog.cancel(): canceling Fri Jul 24 16:47:21 UTC 2020
------------------ testing $PTII/ptolemy/domains/de/test/auto/Modal4.xml
auto.tcl: Setting watchdog for 200 seconds at Fri Jul 24 16:47:21 UTC 2020
20 ms. Memory: 51200K Free: 23077K (45%)
ptolemy.util.test.WatchDog.cancel(): canceling Fri Jul 24 16:47:21 UTC 2020
auto.tcl: Setting watchdog for 200 seconds at Fri Jul 24 16:47:21 UTC 2020
22 ms. Memory: 51200K Free: 19229K (38%)
ptolemy.util.test.WatchDog.cancel(): canceling Fri Jul 24 16:47:21 UTC 2020
------------------ testing $PTII/ptolemy/domains/de/test/auto/Modal5.xml
auto.tcl: Setting watchdog for 200 seconds at Fri Jul 24 16:47:21 UTC 2020
17 ms. Memory: 51200K Free: 23050K (45%)
ptolemy.util.test.WatchDog.cancel(): canceling Fri Jul 24 16:47:21 UTC 2020
auto.tcl: Setting watchdog for 200 seconds at Fri Jul 24 16:47:21 UTC 2020
14 ms. Memory: 51200K Free: 19424K (38%)
ptolemy.util.test.WatchDog.cancel(): canceling Fri Jul 24 16:47:21 UTC 2020
------------------ testing $PTII/ptolemy/domains/de/test/auto/Modal6.xml
auto.tcl: Setting watchdog for 200 seconds at Fri Jul 24 16:47:21 UTC 2020
11 ms. Memory: 51200K Free: 23840K (47%)
ptolemy.util.test.WatchDog.cancel(): canceling Fri Jul 24 16:47:21 UTC 2020
auto.tcl: Setting watchdog for 200 seconds at Fri Jul 24 16:47:21 UTC 2020
14 ms. Memory: 51200K Free: 20235K (40%)
ptolemy.util.test.WatchDog.cancel(): canceling Fri Jul 24 16:47:21 UTC 2020
------------------ testing $PTII/ptolemy/domains/de/test/auto/Modal7.xml
auto.tcl: Setting watchdog for 200 seconds at Fri Jul 24 16:47:21 UTC 2020
16 ms. Memory: 51200K Free: 22779K (44%)
ptolemy.util.test.WatchDog.cancel(): canceling Fri Jul 24 16:47:22 UTC 2020
auto.tcl: Setting watchdog for 200 seconds at Fri Jul 24 16:47:22 UTC 2020
12 ms. Memory: 51200K Free: 19474K (38%)
ptolemy.util.test.WatchDog.cancel(): canceling Fri Jul 24 16:47:22 UTC 2020
------------------ testing $PTII/ptolemy/domains/de/test/auto/ModalModel.xml
auto.tcl: Setting watchdog for 200 seconds at Fri Jul 24 16:47:22 UTC 2020
166 ms. Memory: 51200K Free: 14943K (29%)
ptolemy.util.test.WatchDog.cancel(): canceling Fri Jul 24 16:47:22 UTC 2020
auto.tcl: Setting watchdog for 200 seconds at Fri Jul 24 16:47:22 UTC 2020
203 ms. Memory: 61440K Free: 45048K (73%)
ptolemy.util.test.WatchDog.cancel(): canceling Fri Jul 24 16:47:22 UTC 2020
------------------ testing $PTII/ptolemy/domains/de/test/auto/ModalSource.xml
auto.tcl: Setting watchdog for 200 seconds at Fri Jul 24 16:47:22 UTC 2020
8 ms. Memory: 55296K Free: 31986K (58%)
ptolemy.util.test.WatchDog.cancel(): canceling Fri Jul 24 16:47:22 UTC 2020
auto.tcl: Setting watchdog for 200 seconds at Fri Jul 24 16:47:22 UTC 2020
6 ms. Memory: 55296K Free: 29938K (54%)
ptolemy.util.test.WatchDog.cancel(): canceling Fri Jul 24 16:47:22 UTC 2020
------------------ testing $PTII/ptolemy/domains/de/test/auto/NonInterruptibleTimerZeroDelay.xml
auto.tcl: Setting watchdog for 200 seconds at Fri Jul 24 16:47:22 UTC 2020
4 ms. Memory: 51200K Free: 32818K (64%)
ptolemy.util.test.WatchDog.cancel(): canceling Fri Jul 24 16:47:22 UTC 2020
auto.tcl: Setting watchdog for 200 seconds at Fri Jul 24 16:47:22 UTC 2020
2 ms. Memory: 51200K Free: 32191K (63%)
ptolemy.util.test.WatchDog.cancel(): canceling Fri Jul 24 16:47:22 UTC 2020
------------------ testing $PTII/ptolemy/domains/de/test/auto/OpenQueueingNetwork.xml
auto.tcl: Setting watchdog for 200 seconds at Fri Jul 24 16:47:22 UTC 2020
2782 ms. Memory: 134144K Free: 101054K (75%)
ptolemy.util.test.WatchDog.cancel(): canceling Fri Jul 24 16:47:25 UTC 2020
auto.tcl: Setting watchdog for 200 seconds at Fri Jul 24 16:47:25 UTC 2020
2400 ms. Memory: 161792K Free: 65631K (41%)
ptolemy.util.test.WatchDog.cancel(): canceling Fri Jul 24 16:47:28 UTC 2020
------------------ testing $PTII/ptolemy/domains/de/test/auto/OpenQueuingNetwork.xml
auto.tcl: Setting watchdog for 200 seconds at Fri Jul 24 16:47:28 UTC 2020
235 ms. Memory: 55296K Free: 25491K (46%)
ptolemy.util.test.WatchDog.cancel(): canceling Fri Jul 24 16:47:28 UTC 2020
auto.tcl: Setting watchdog for 200 seconds at Fri Jul 24 16:47:28 UTC 2020
227 ms. Memory: 55296K Free: 34990K (63%)
ptolemy.util.test.WatchDog.cancel(): canceling Fri Jul 24 16:47:28 UTC 2020
------------------ testing $PTII/ptolemy/domains/de/test/auto/PeriodicSampler.xml
auto.tcl: Setting watchdog for 200 seconds at Fri Jul 24 16:47:28 UTC 2020
2 ms. Memory: 55296K Free: 36118K (65%)
ptolemy.util.test.WatchDog.cancel(): canceling Fri Jul 24 16:47:28 UTC 2020
auto.tcl: Setting watchdog for 200 seconds at Fri Jul 24 16:47:28 UTC 2020
2 ms. Memory: 55296K Free: 35590K (64%)
ptolemy.util.test.WatchDog.cancel(): canceling Fri Jul 24 16:47:28 UTC 2020
------------------ testing $PTII/ptolemy/domains/de/test/auto/PersistentIO.xml
auto.tcl: Setting watchdog for 200 seconds at Fri Jul 24 16:47:28 UTC 2020
15 ms. Memory: 55296K Free: 31042K (56%)
ptolemy.util.test.WatchDog.cancel(): canceling Fri Jul 24 16:47:28 UTC 2020
auto.tcl: Setting watchdog for 200 seconds at Fri Jul 24 16:47:28 UTC 2020
4 ms. Memory: 55296K Free: 29522K (53%)
ptolemy.util.test.WatchDog.cancel(): canceling Fri Jul 24 16:47:28 UTC 2020
------------------ testing $PTII/ptolemy/domains/de/test/auto/PortParameterResetOnInitialize.xml
auto.tcl: Setting watchdog for 200 seconds at Fri Jul 24 16:47:28 UTC 2020
2 ms. Memory: 55296K Free: 36218K (65%)
ptolemy.util.test.WatchDog.cancel(): canceling Fri Jul 24 16:47:28 UTC 2020
auto.tcl: Setting watchdog for 200 seconds at Fri Jul 24 16:47:28 UTC 2020
2 ms. Memory: 55296K Free: 35674K (65%)
ptolemy.util.test.WatchDog.cancel(): canceling Fri Jul 24 16:47:28 UTC 2020
------------------ testing $PTII/ptolemy/domains/de/test/auto/PortParameterUpdates.xml
auto.tcl: Setting watchdog for 200 seconds at Fri Jul 24 16:47:28 UTC 2020
6 ms. Memory: 55296K Free: 34111K (62%)
ptolemy.util.test.WatchDog.cancel(): canceling Fri Jul 24 16:47:28 UTC 2020
auto.tcl: Setting watchdog for 200 seconds at Fri Jul 24 16:47:28 UTC 2020
6 ms. Memory: 55296K Free: 33086K (60%)
ptolemy.util.test.WatchDog.cancel(): canceling Fri Jul 24 16:47:28 UTC 2020
------------------ testing $PTII/ptolemy/domains/de/test/auto/QueueAndServer.xml
auto.tcl: Setting watchdog for 200 seconds at Fri Jul 24 16:47:29 UTC 2020
17 ms. Memory: 55296K Free: 32983K (60%)
ptolemy.util.test.WatchDog.cancel(): canceling Fri Jul 24 16:47:29 UTC 2020
auto.tcl: Setting watchdog for 200 seconds at Fri Jul 24 16:47:29 UTC 2020
7 ms. Memory: 55296K Free: 31531K (57%)
ptolemy.util.test.WatchDog.cancel(): canceling Fri Jul 24 16:47:29 UTC 2020
------------------ testing $PTII/ptolemy/domains/de/test/auto/Records.xml
auto.tcl: Setting watchdog for 200 seconds at Fri Jul 24 16:47:29 UTC 2020
6 ms. Memory: 55296K Free: 35266K (64%)
ptolemy.util.test.WatchDog.cancel(): canceling Fri Jul 24 16:47:29 UTC 2020
auto.tcl: Setting watchdog for 200 seconds at Fri Jul 24 16:47:29 UTC 2020
8 ms. Memory: 55296K Free: 34754K (63%)
ptolemy.util.test.WatchDog.cancel(): canceling Fri Jul 24 16:47:29 UTC 2020
------------------ testing $PTII/ptolemy/domains/de/test/auto/ResetTransitionWithStartTime1.xml
auto.tcl: Setting watchdog for 200 seconds at Fri Jul 24 16:47:29 UTC 2020
8 ms. Memory: 55296K Free: 32523K (59%)
ptolemy.util.test.WatchDog.cancel(): canceling Fri Jul 24 16:47:29 UTC 2020
auto.tcl: Setting watchdog for 200 seconds at Fri Jul 24 16:47:29 UTC 2020
6 ms. Memory: 55296K Free: 30475K (55%)
ptolemy.util.test.WatchDog.cancel(): canceling Fri Jul 24 16:47:29 UTC 2020
------------------ testing $PTII/ptolemy/domains/de/test/auto/ResetTransitionWithStartTime2.xml
auto.tcl: Setting watchdog for 200 seconds at Fri Jul 24 16:47:29 UTC 2020
6 ms. Memory: 55296K Free: 32515K (59%)
ptolemy.util.test.WatchDog.cancel(): canceling Fri Jul 24 16:47:29 UTC 2020
auto.tcl: Setting watchdog for 200 seconds at Fri Jul 24 16:47:29 UTC 2020
6 ms. Memory: 55296K Free: 30430K (55%)
ptolemy.util.test.WatchDog.cancel(): canceling Fri Jul 24 16:47:29 UTC 2020
------------------ testing $PTII/ptolemy/domains/de/test/auto/ResetTransitionWithStartTime3.xml
auto.tcl: Setting watchdog for 200 seconds at Fri Jul 24 16:47:29 UTC 2020
11 ms. Memory: 55296K Free: 32514K (59%)
ptolemy.util.test.WatchDog.cancel(): canceling Fri Jul 24 16:47:29 UTC 2020
auto.tcl: Setting watchdog for 200 seconds at Fri Jul 24 16:47:29 UTC 2020
5 ms. Memory: 55296K Free: 30429K (55%)
ptolemy.util.test.WatchDog.cancel(): canceling Fri Jul 24 16:47:29 UTC 2020
------------------ testing $PTII/ptolemy/domains/de/test/auto/ResetTransitionWithStartTime4.xml
auto.tcl: Setting watchdog for 200 seconds at Fri Jul 24 16:47:29 UTC 2020
11 ms. Memory: 55296K Free: 32904K (60%)
ptolemy.util.test.WatchDog.cancel(): canceling Fri Jul 24 16:47:29 UTC 2020
auto.tcl: Setting watchdog for 200 seconds at Fri Jul 24 16:47:29 UTC 2020
4 ms. Memory: 55296K Free: 31452K (57%)
ptolemy.util.test.WatchDog.cancel(): canceling Fri Jul 24 16:47:29 UTC 2020
------------------ testing $PTII/ptolemy/domains/de/test/auto/ResettableTimer1.xml
auto.tcl: Setting watchdog for 200 seconds at Fri Jul 24 16:47:29 UTC 2020
3 ms. Memory: 51200K Free: 32547K (64%)
ptolemy.util.test.WatchDog.cancel(): canceling Fri Jul 24 16:47:29 UTC 2020
auto.tcl: Setting watchdog for 200 seconds at Fri Jul 24 16:47:29 UTC 2020
2 ms. Memory: 51200K Free: 31946K (62%)
ptolemy.util.test.WatchDog.cancel(): canceling Fri Jul 24 16:47:29 UTC 2020
------------------ testing $PTII/ptolemy/domains/de/test/auto/ResettableTimer2.xml
auto.tcl: Setting watchdog for 200 seconds at Fri Jul 24 16:47:29 UTC 2020
3 ms. Memory: 51200K Free: 32653K (64%)
ptolemy.util.test.WatchDog.cancel(): canceling Fri Jul 24 16:47:29 UTC 2020
auto.tcl: Setting watchdog for 200 seconds at Fri Jul 24 16:47:29 UTC 2020
3 ms. Memory: 51200K Free: 31999K (62%)
ptolemy.util.test.WatchDog.cancel(): canceling Fri Jul 24 16:47:29 UTC 2020
------------------ testing $PTII/ptolemy/domains/de/test/auto/ResettableTimer3.xml
auto.tcl: Setting watchdog for 200 seconds at Fri Jul 24 16:47:29 UTC 2020
2 ms. Memory: 51200K Free: 33025K (65%)
ptolemy.util.test.WatchDog.cancel(): canceling Fri Jul 24 16:47:29 UTC 2020
auto.tcl: Setting watchdog for 200 seconds at Fri Jul 24 16:47:29 UTC 2020
1 ms. Memory: 51200K Free: 32532K (64%)
ptolemy.util.test.WatchDog.cancel(): canceling Fri Jul 24 16:47:29 UTC 2020
------------------ testing $PTII/ptolemy/domains/de/test/auto/ResettableTimer4.xml
auto.tcl: Setting watchdog for 200 seconds at Fri Jul 24 16:47:29 UTC 2020
1 ms. Memory: 51200K Free: 32527K (64%)
ptolemy.util.test.WatchDog.cancel(): canceling Fri Jul 24 16:47:29 UTC 2020
auto.tcl: Setting watchdog for 200 seconds at Fri Jul 24 16:47:29 UTC 2020
1 ms. Memory: 51200K Free: 32032K (63%)
ptolemy.util.test.WatchDog.cancel(): canceling Fri Jul 24 16:47:29 UTC 2020
------------------ testing $PTII/ptolemy/domains/de/test/auto/ResettableTimer5.xml
auto.tcl: Setting watchdog for 200 seconds at Fri Jul 24 16:47:29 UTC 2020
1 ms. Memory: 51200K Free: 32005K (63%)
ptolemy.util.test.WatchDog.cancel(): canceling Fri Jul 24 16:47:29 UTC 2020
auto.tcl: Setting watchdog for 200 seconds at Fri Jul 24 16:47:29 UTC 2020
1 ms. Memory: 51200K Free: 31512K (62%)
ptolemy.util.test.WatchDog.cancel(): canceling Fri Jul 24 16:47:29 UTC 2020
------------------ testing $PTII/ptolemy/domains/de/test/auto/ResettableTimer6.xml
auto.tcl: Setting watchdog for 200 seconds at Fri Jul 24 16:47:29 UTC 2020
1 ms. Memory: 51200K Free: 31987K (62%)
ptolemy.util.test.WatchDog.cancel(): canceling Fri Jul 24 16:47:29 UTC 2020
auto.tcl: Setting watchdog for 200 seconds at Fri Jul 24 16:47:29 UTC 2020
1 ms. Memory: 51200K Free: 31491K (62%)
ptolemy.util.test.WatchDog.cancel(): canceling Fri Jul 24 16:47:29 UTC 2020
------------------ testing $PTII/ptolemy/domains/de/test/auto/ServerZeroDelay.xml
auto.tcl: Setting watchdog for 200 seconds at Fri Jul 24 16:47:29 UTC 2020
5 ms. Memory: 51200K Free: 32507K (63%)
ptolemy.util.test.WatchDog.cancel(): canceling Fri Jul 24 16:47:29 UTC 2020
auto.tcl: Setting watchdog for 200 seconds at Fri Jul 24 16:47:29 UTC 2020
2 ms. Memory: 51200K Free: 31489K (62%)
ptolemy.util.test.WatchDog.cancel(): canceling Fri Jul 24 16:47:29 UTC 2020
------------------ testing $PTII/ptolemy/domains/de/test/auto/SmartSender.xml
auto.tcl: Setting watchdog for 200 seconds at Fri Jul 24 16:47:29 UTC 2020
3002 ms. Memory: 51200K Free: 32518K (64%)
ptolemy.util.test.WatchDog.cancel(): canceling Fri Jul 24 16:47:32 UTC 2020
auto.tcl: Setting watchdog for 200 seconds at Fri Jul 24 16:47:32 UTC 2020
3003 ms. Memory: 51200K Free: 31976K (62%)
ptolemy.util.test.WatchDog.cancel(): canceling Fri Jul 24 16:47:35 UTC 2020
------------------ testing $PTII/ptolemy/domains/de/test/auto/ThreadedComposite.xml
auto.tcl: Setting watchdog for 200 seconds at Fri Jul 24 16:47:35 UTC 2020
208 ms. Memory: 51200K Free: 13059K (26%)
ptolemy.util.test.WatchDog.cancel(): canceling Fri Jul 24 16:47:36 UTC 2020
auto.tcl: Setting watchdog for 200 seconds at Fri Jul 24 16:47:36 UTC 2020
118 ms. Memory: 51200K Free: 28692K (56%)
ptolemy.util.test.WatchDog.cancel(): canceling Fri Jul 24 16:47:36 UTC 2020
------------------ testing $PTII/ptolemy/domains/de/test/auto/Time.xml
auto.tcl: Setting watchdog for 200 seconds at Fri Jul 24 16:47:36 UTC 2020
427 ms. Memory: 51200K Free: 7696K (15%)
ptolemy.util.test.WatchDog.cancel(): canceling Fri Jul 24 16:47:36 UTC 2020
auto.tcl: Setting watchdog for 200 seconds at Fri Jul 24 16:47:36 UTC 2020
401 ms. Memory: 51200K Free: 11975K (23%)
ptolemy.util.test.WatchDog.cancel(): canceling Fri Jul 24 16:47:37 UTC 2020
------------------ testing $PTII/ptolemy/domains/de/test/auto/TimeDelayZeroDelay.xml
auto.tcl: Setting watchdog for 200 seconds at Fri Jul 24 16:47:37 UTC 2020
3 ms. Memory: 51200K Free: 32928K (64%)
ptolemy.util.test.WatchDog.cancel(): canceling Fri Jul 24 16:47:37 UTC 2020
auto.tcl: Setting watchdog for 200 seconds at Fri Jul 24 16:47:37 UTC 2020
2 ms. Memory: 51200K Free: 32432K (63%)
ptolemy.util.test.WatchDog.cancel(): canceling Fri Jul 24 16:47:37 UTC 2020
------------------ testing $PTII/ptolemy/domains/de/test/auto/TimerZeroDelay.xml
auto.tcl: Setting watchdog for 200 seconds at Fri Jul 24 16:47:37 UTC 2020
4 ms. Memory: 51200K Free: 32894K (64%)
ptolemy.util.test.WatchDog.cancel(): canceling Fri Jul 24 16:47:37 UTC 2020
auto.tcl: Setting watchdog for 200 seconds at Fri Jul 24 16:47:37 UTC 2020
3 ms. Memory: 51200K Free: 32064K (63%)
ptolemy.util.test.WatchDog.cancel(): canceling Fri Jul 24 16:47:37 UTC 2020
------------------ testing $PTII/ptolemy/domains/de/test/auto/TimingParadox.xml
auto.tcl: Setting watchdog for 200 seconds at Fri Jul 24 16:47:37 UTC 2020
329 ms. Memory: 65536K Free: 42558K (65%)
ptolemy.util.test.WatchDog.cancel(): canceling Fri Jul 24 16:47:37 UTC 2020
auto.tcl: Setting watchdog for 200 seconds at Fri Jul 24 16:47:37 UTC 2020
317 ms. Memory: 65536K Free: 42042K (64%)
ptolemy.util.test.WatchDog.cancel(): canceling Fri Jul 24 16:47:38 UTC 2020
------------------ testing $PTII/ptolemy/domains/de/test/auto/TransferInputs.xml
auto.tcl: Setting watchdog for 200 seconds at Fri Jul 24 16:47:38 UTC 2020
1 ms. Memory: 55296K Free: 35039K (63%)
ptolemy.util.test.WatchDog.cancel(): canceling Fri Jul 24 16:47:38 UTC 2020
auto.tcl: Setting watchdog for 200 seconds at Fri Jul 24 16:47:38 UTC 2020
2 ms. Memory: 55296K Free: 34137K (62%)
ptolemy.util.test.WatchDog.cancel(): canceling Fri Jul 24 16:47:38 UTC 2020
------------------ testing $PTII/ptolemy/domains/de/test/auto/TransferOutputs2.xml
auto.tcl: Setting watchdog for 200 seconds at Fri Jul 24 16:47:38 UTC 2020
3 ms. Memory: 55296K Free: 32482K (59%)
ptolemy.util.test.WatchDog.cancel(): canceling Fri Jul 24 16:47:38 UTC 2020
auto.tcl: Setting watchdog for 200 seconds at Fri Jul 24 16:47:38 UTC 2020
2 ms. Memory: 55296K Free: 31052K (56%)
ptolemy.util.test.WatchDog.cancel(): canceling Fri Jul 24 16:47:38 UTC 2020
------------------ testing $PTII/ptolemy/domains/de/test/auto/Trilateration.xml
auto.tcl: Setting watchdog for 200 seconds at Fri Jul 24 16:47:38 UTC 2020
13754 ms. Memory: 468992K Free: 209324K (45%)
ptolemy.util.test.WatchDog.cancel(): canceling Fri Jul 24 16:47:53 UTC 2020
auto.tcl: Setting watchdog for 200 seconds at Fri Jul 24 16:47:53 UTC 2020
9986 ms. Memory: 468992K Free: 345283K (74%)
ptolemy.util.test.WatchDog.cancel(): canceling Fri Jul 24 16:48:03 UTC 2020
------------------ testing $PTII/ptolemy/domains/de/test/auto/TwoSigmaDelta.xml
auto.tcl: Setting watchdog for 200 seconds at Fri Jul 24 16:48:03 UTC 2020
2278 ms. Memory: 89088K Free: 23992K (27%)
ptolemy.util.test.WatchDog.cancel(): canceling Fri Jul 24 16:48:05 UTC 2020
auto.tcl: Setting watchdog for 200 seconds at Fri Jul 24 16:48:05 UTC 2020
1746 ms. Memory: 89088K Free: 22436K (25%)
ptolemy.util.test.WatchDog.cancel(): canceling Fri Jul 24 16:48:07 UTC 2020
------------------ testing $PTII/ptolemy/domains/de/test/auto/VariableDelay.xml
auto.tcl: Setting watchdog for 200 seconds at Fri Jul 24 16:48:07 UTC 2020
2 ms. Memory: 55296K Free: 35531K (64%)
ptolemy.util.test.WatchDog.cancel(): canceling Fri Jul 24 16:48:07 UTC 2020
auto.tcl: Setting watchdog for 200 seconds at Fri Jul 24 16:48:07 UTC 2020
2 ms. Memory: 55296K Free: 34491K (62%)
ptolemy.util.test.WatchDog.cancel(): canceling Fri Jul 24 16:48:07 UTC 2020
------------------ testing $PTII/ptolemy/domains/de/test/auto/VariableDelay2.xml
auto.tcl: Setting watchdog for 200 seconds at Fri Jul 24 16:48:07 UTC 2020
6 ms. Memory: 51200K Free: 31743K (62%)
ptolemy.util.test.WatchDog.cancel(): canceling Fri Jul 24 16:48:07 UTC 2020
auto.tcl: Setting watchdog for 200 seconds at Fri Jul 24 16:48:07 UTC 2020
2 ms. Memory: 51200K Free: 30793K (60%)
ptolemy.util.test.WatchDog.cancel(): canceling Fri Jul 24 16:48:07 UTC 2020
------------------ testing $PTII/ptolemy/domains/de/test/auto/VariableDelayZeroDelay.xml
auto.tcl: Setting watchdog for 200 seconds at Fri Jul 24 16:48:07 UTC 2020
3 ms. Memory: 51200K Free: 32361K (63%)
ptolemy.util.test.WatchDog.cancel(): canceling Fri Jul 24 16:48:07 UTC 2020
auto.tcl: Setting watchdog for 200 seconds at Fri Jul 24 16:48:07 UTC 2020
2 ms. Memory: 51200K Free: 31835K (62%)
ptolemy.util.test.WatchDog.cancel(): canceling Fri Jul 24 16:48:07 UTC 2020
------------------ testing $PTII/ptolemy/domains/de/test/auto/VariableDelayZeroDelay2.xml
auto.tcl: Setting watchdog for 200 seconds at Fri Jul 24 16:48:07 UTC 2020
2 ms. Memory: 51200K Free: 32359K (63%)
ptolemy.util.test.WatchDog.cancel(): canceling Fri Jul 24 16:48:07 UTC 2020
auto.tcl: Setting watchdog for 200 seconds at Fri Jul 24 16:48:07 UTC 2020
2 ms. Memory: 51200K Free: 31353K (61%)
ptolemy.util.test.WatchDog.cancel(): canceling Fri Jul 24 16:48:07 UTC 2020
------------------ testing $PTII/ptolemy/domains/de/test/auto/deInCt.xml
auto.tcl: Setting watchdog for 200 seconds at Fri Jul 24 16:48:07 UTC 2020
0
1
1
1
1
0
0
0
0
0
1
1
1
0
0
1
1
1
1
0
0
0
0
1
1
1
1
0
0
0
1
1
1
1
19 ms. Memory: 51200K Free: 31333K (61%)
ptolemy.util.test.WatchDog.cancel(): canceling Fri Jul 24 16:48:07 UTC 2020
auto.tcl: Setting watchdog for 200 seconds at Fri Jul 24 16:48:07 UTC 2020
0
1
1
1
0
0
0
1
1
1
1
1
0
0
0
1
1
1
0
0
0
0
1
1
1
1
1
1
0
0
0
0
9 ms. Memory: 51200K Free: 29795K (58%)
ptolemy.util.test.WatchDog.cancel(): canceling Fri Jul 24 16:48:07 UTC 2020
------------------ testing $PTII/ptolemy/domains/de/test/auto/deInCt2.xml
auto.tcl: Setting watchdog for 200 seconds at Fri Jul 24 16:48:07 UTC 2020
0
1
1
1
0
0
1
1
1
0
0
1
1
1
0
0
1
1
1
0
0
1
1
1
0
0
1
1
1
0
0
1
1
1
0
0
1
1
1
0
0
0
15 ms. Memory: 51200K Free: 31335K (61%)
ptolemy.util.test.WatchDog.cancel(): canceling Fri Jul 24 16:48:08 UTC 2020
auto.tcl: Setting watchdog for 200 seconds at Fri Jul 24 16:48:08 UTC 2020
0
1
1
1
0
0
1
1
1
0
0
1
1
1
0
0
1
1
1
0
0
1
1
1
0
0
1
1
1
0
0
1
1
1
0
0
1
1
1
0
0
0
8 ms. Memory: 51200K Free: 29799K (58%)
ptolemy.util.test.WatchDog.cancel(): canceling Fri Jul 24 16:48:08 UTC 2020
------------------ testing $PTII/ptolemy/domains/de/test/auto/dynamicCausalityInterface1.xml
auto.tcl: Setting watchdog for 200 seconds at Fri Jul 24 16:48:08 UTC 2020
2 ms. Memory: 51200K Free: 27233K (53%)
ptolemy.util.test.WatchDog.cancel(): canceling Fri Jul 24 16:48:08 UTC 2020
auto.tcl: Setting watchdog for 200 seconds at Fri Jul 24 16:48:08 UTC 2020
1 ms. Memory: 51200K Free: 26729K (52%)
ptolemy.util.test.WatchDog.cancel(): canceling Fri Jul 24 16:48:08 UTC 2020
------------------ testing $PTII/ptolemy/domains/de/test/auto/fsm_de_test.xml
auto.tcl: Setting watchdog for 200 seconds at Fri Jul 24 16:48:08 UTC 2020
14 ms. Memory: 51200K Free: 27132K (53%)
ptolemy.util.test.WatchDog.cancel(): canceling Fri Jul 24 16:48:08 UTC 2020
auto.tcl: Setting watchdog for 200 seconds at Fri Jul 24 16:48:08 UTC 2020
12 ms. Memory: 51200K Free: 25084K (49%)
ptolemy.util.test.WatchDog.cancel(): canceling Fri Jul 24 16:48:08 UTC 2020
------------------ testing $PTII/ptolemy/domains/de/test/auto/functionDependencyReconstruction.xml
auto.tcl: Setting watchdog for 200 seconds at Fri Jul 24 16:48:08 UTC 2020
10 ms. Memory: 51200K Free: 20978K (41%)
ptolemy.util.test.WatchDog.cancel(): canceling Fri Jul 24 16:48:08 UTC 2020
auto.tcl: Setting watchdog for 200 seconds at Fri Jul 24 16:48:08 UTC 2020
3 ms. Memory: 51200K Free: 18930K (37%)
ptolemy.util.test.WatchDog.cancel(): canceling Fri Jul 24 16:48:08 UTC 2020
------------------ testing $PTII/ptolemy/domains/de/test/auto/multirate.xml
auto.tcl: Setting watchdog for 200 seconds at Fri Jul 24 16:48:08 UTC 2020
3 ms. Memory: 51200K Free: 29772K (58%)
ptolemy.util.test.WatchDog.cancel(): canceling Fri Jul 24 16:48:08 UTC 2020
auto.tcl: Setting watchdog for 200 seconds at Fri Jul 24 16:48:08 UTC 2020
3 ms. Memory: 51200K Free: 28029K (55%)
ptolemy.util.test.WatchDog.cancel(): canceling Fri Jul 24 16:48:08 UTC 2020
------------------ testing $PTII/ptolemy/domains/de/test/auto/multirate2.xml
auto.tcl: Setting watchdog for 200 seconds at Fri Jul 24 16:48:08 UTC 2020
3 ms. Memory: 51200K Free: 29939K (58%)
ptolemy.util.test.WatchDog.cancel(): canceling Fri Jul 24 16:48:08 UTC 2020
auto.tcl: Setting watchdog for 200 seconds at Fri Jul 24 16:48:08 UTC 2020
3 ms. Memory: 51200K Free: 28227K (55%)
ptolemy.util.test.WatchDog.cancel(): canceling Fri Jul 24 16:48:08 UTC 2020
------------------ testing $PTII/ptolemy/domains/de/test/auto/realtime.xml
auto.tcl: Setting watchdog for 200 seconds at Fri Jul 24 16:48:08 UTC 2020
10001 ms. Memory: 51200K Free: 32015K (63%)
ptolemy.util.test.WatchDog.cancel(): canceling Fri Jul 24 16:48:18 UTC 2020
auto.tcl: Setting watchdog for 200 seconds at Fri Jul 24 16:48:18 UTC 2020
10001 ms. Memory: 51200K Free: 31279K (61%)
ptolemy.util.test.WatchDog.cancel(): canceling Fri Jul 24 16:48:28 UTC 2020
------------------ testing $PTII/ptolemy/domains/de/test/auto/relationGroup.xml
auto.tcl: Setting watchdog for 200 seconds at Fri Jul 24 16:48:28 UTC 2020
2 ms. Memory: 51200K Free: 33095K (65%)
ptolemy.util.test.WatchDog.cancel(): canceling Fri Jul 24 16:48:28 UTC 2020
auto.tcl: Setting watchdog for 200 seconds at Fri Jul 24 16:48:28 UTC 2020
2 ms. Memory: 51200K Free: 32592K (64%)
ptolemy.util.test.WatchDog.cancel(): canceling Fri Jul 24 16:48:28 UTC 2020
------------------ testing $PTII/ptolemy/domains/de/test/auto/relationGroup2.xml
auto.tcl: Setting watchdog for 200 seconds at Fri Jul 24 16:48:28 UTC 2020
1 ms. Memory: 51200K Free: 33120K (65%)
ptolemy.util.test.WatchDog.cancel(): canceling Fri Jul 24 16:48:28 UTC 2020
auto.tcl: Setting watchdog for 200 seconds at Fri Jul 24 16:48:28 UTC 2020
1 ms. Memory: 51200K Free: 32601K (64%)
ptolemy.util.test.WatchDog.cancel(): canceling Fri Jul 24 16:48:28 UTC 2020
------------------ testing $PTII/ptolemy/domains/de/test/auto/sortWithOpaquePorts.xml
auto.tcl: Setting watchdog for 200 seconds at Fri Jul 24 16:48:28 UTC 2020
1 ms. Memory: 51200K Free: 32385K (63%)
ptolemy.util.test.WatchDog.cancel(): canceling Fri Jul 24 16:48:28 UTC 2020
auto.tcl: Setting watchdog for 200 seconds at Fri Jul 24 16:48:28 UTC 2020
2 ms. Memory: 51200K Free: 30857K (60%)
ptolemy.util.test.WatchDog.cancel(): canceling Fri Jul 24 16:48:28 UTC 2020
------------------ testing $PTII/ptolemy/domains/de/test/auto/transferInputsandOutputs.xml
auto.tcl: Setting watchdog for 200 seconds at Fri Jul 24 16:48:28 UTC 2020
3 ms. Memory: 51200K Free: 29301K (57%)
ptolemy.util.test.WatchDog.cancel(): canceling Fri Jul 24 16:48:28 UTC 2020
auto.tcl: Setting watchdog for 200 seconds at Fri Jul 24 16:48:28 UTC 2020
2 ms. Memory: 51200K Free: 28277K (55%)
ptolemy.util.test.WatchDog.cancel(): canceling Fri Jul 24 16:48:28 UTC 2020
------------------ testing $PTII/ptolemy/domains/de/test/auto/triggerType.xml
auto.tcl: Setting watchdog for 200 seconds at Fri Jul 24 16:48:28 UTC 2020
2 ms. Memory: 51200K Free: 32326K (63%)
ptolemy.util.test.WatchDog.cancel(): canceling Fri Jul 24 16:48:28 UTC 2020
auto.tcl: Setting watchdog for 200 seconds at Fri Jul 24 16:48:28 UTC 2020
2 ms. Memory: 51200K Free: 31302K (61%)
ptolemy.util.test.WatchDog.cancel(): canceling Fri Jul 24 16:48:28 UTC 2020
07/24/20 04:48:28
Failed: 0  Total Tests: 192  ((Passed: 187, Newly Passed: 1)  Known Failed: 5) /home/travis/build/icyphy/ptII/ptolemy/domains/de/test
07/24/20 04:48:28
Failed: 0  Total Tests: 192  ((Passed: 187, Newly Passed: 1)  Known Failed: 5) /home/travis/build/icyphy/ptII/ptolemy/domains/de/test
----------------- testing (KnownFailure) /home/travis/build/icyphy/ptII/ptolemy/domains/de/test/auto/knownFailedTests/DESDFClockTest.xml
2016 ms. Memory: 51200K Free: 25721K (50%)
Known Failure: java.lang.reflect.InvocationTargetException
----------------- testing (KnownFailure) /home/travis/build/icyphy/ptII/ptolemy/domains/de/test/auto/knownFailedTests/DirectFeedback.xml
2 ms. Memory: 51200K Free: 22139K (43%)
Known Failure: java.lang.reflect.InvocationTargetException
----------------- testing (KnownFailure) /home/travis/build/icyphy/ptII/ptolemy/domains/de/test/auto/knownFailedTests/FSMSource.xml
13 ms. Memory: 51200K Free: 14971K (29%)
----------------- testing (KnownFailure) /home/travis/build/icyphy/ptII/ptolemy/domains/de/test/auto/knownFailedTests/HierarchicalModel.xml
3 ms. Memory: 51200K Free: 27131K (53%)
Known Failure: java.lang.reflect.InvocationTargetException
----------------- testing (KnownFailure) /home/travis/build/icyphy/ptII/ptolemy/domains/de/test/auto/knownFailedTests/dependencyLoop.xml
2 ms. Memory: 51200K Free: 12135K (24%)
Known Failure: java.lang.reflect.InvocationTargetException
----------------- testing (KnownFailure) /home/travis/build/icyphy/ptII/ptolemy/domains/de/test/auto/knownFailedTests/dependencyLoop2.xml
6 ms. Memory: 51200K Free: 24802K (48%)
Known Failure: java.lang.reflect.InvocationTargetException
No auto/linux-amd64/*.xml tests in /home/travis/build/icyphy/ptII/ptolemy/domains/de/test
AutoTests.java: About to close Vertx.
AutoTests.java: Vertx closed.

===========================================================================================
----------------- testing Fri Jul 24 16:48:31 UTC 2020 /home/travis/build/icyphy/ptII/ptolemy/domains/de/test/auto/ActorDepthCalculation_actorWithoutPorts.xml
----------------- Instantiating /home/travis/build/icyphy/ptII/ptolemy/domains/de/test/auto/ActorDepthCalculation_actorWithoutPorts.xml
3 ms. Memory: 51200K Free: 18305K (36%)
----------------- Invoking toplevel() on ptolemy.moml.MoMLSimpleApplication@e5e57ca
----------------- Done invoking toplevel() on ptolemy.moml.MoMLSimpleApplication@e5e57ca
reloadAllAccessors: .ActorDepthCalculation_actorWithoutPorts

===========================================================================================
----------------- testing Fri Jul 24 16:48:31 UTC 2020 /home/travis/build/icyphy/ptII/ptolemy/domains/de/test/auto/AssemblyLine.xml
----------------- Instantiating /home/travis/build/icyphy/ptII/ptolemy/domains/de/test/auto/AssemblyLine.xml
2 ms. Memory: 51200K Free: 11137K (22%)
----------------- Invoking toplevel() on ptolemy.moml.MoMLSimpleApplication@2c6c93c
----------------- Done invoking toplevel() on ptolemy.moml.MoMLSimpleApplication@2c6c93c
reloadAllAccessors: .AssemblyLine

===========================================================================================
----------------- testing Fri Jul 24 16:48:31 UTC 2020 /home/travis/build/icyphy/ptII/ptolemy/domains/de/test/auto/CQBug1.xml
----------------- Instantiating /home/travis/build/icyphy/ptII/ptolemy/domains/de/test/auto/CQBug1.xml
1 ms. Memory: 51200K Free: 8344K (16%)
----------------- Invoking toplevel() on ptolemy.moml.MoMLSimpleApplication@491ea9e2
----------------- Done invoking toplevel() on ptolemy.moml.MoMLSimpleApplication@491ea9e2
reloadAllAccessors: .CQBug1

===========================================================================================
----------------- testing Fri Jul 24 16:48:31 UTC 2020 /home/travis/build/icyphy/ptII/ptolemy/domains/de/test/auto/CancelFireAt.xml
----------------- Instantiating /home/travis/build/icyphy/ptII/ptolemy/domains/de/test/auto/CancelFireAt.xml
7 ms. Memory: 51200K Free: 33927K (66%)
----------------- Invoking toplevel() on ptolemy.moml.MoMLSimpleApplication@1863de13
----------------- Done invoking toplevel() on ptolemy.moml.MoMLSimpleApplication@1863de13
reloadAllAccessors: .CancelFireAt

===========================================================================================
----------------- testing Fri Jul 24 16:48:31 UTC 2020 /home/travis/build/icyphy/ptII/ptolemy/domains/de/test/auto/CausalityAndComposabilityAnalysis.xml
----------------- Instantiating /home/travis/build/icyphy/ptII/ptolemy/domains/de/test/auto/CausalityAndComposabilityAnalysis.xml
1 ms. Memory: 51200K Free: 29570K (58%)
----------------- Invoking toplevel() on ptolemy.moml.MoMLSimpleApplication@70449635
----------------- Done invoking toplevel() on ptolemy.moml.MoMLSimpleApplication@70449635
reloadAllAccessors: .CausalityAndComposabilityAnalysis

===========================================================================================
----------------- testing Fri Jul 24 16:48:31 UTC 2020 /home/travis/build/icyphy/ptII/ptolemy/domains/de/test/auto/CausalityInterface1.xml
----------------- Instantiating /home/travis/build/icyphy/ptII/ptolemy/domains/de/test/auto/CausalityInterface1.xml
4 ms. Memory: 51200K Free: 24442K (48%)
----------------- Invoking toplevel() on ptolemy.moml.MoMLSimpleApplication@2ad69a9b
----------------- Done invoking toplevel() on ptolemy.moml.MoMLSimpleApplication@2ad69a9b
reloadAllAccessors: .CausalityInterface1

===========================================================================================
----------------- testing Fri Jul 24 16:48:31 UTC 2020 /home/travis/build/icyphy/ptII/ptolemy/domains/de/test/auto/CausalityInterface15.xml
----------------- Instantiating /home/travis/build/icyphy/ptII/ptolemy/domains/de/test/auto/CausalityInterface15.xml
2 ms. Memory: 51200K Free: 19054K (37%)
----------------- Invoking toplevel() on ptolemy.moml.MoMLSimpleApplication@141ef1b8
----------------- Done invoking toplevel() on ptolemy.moml.MoMLSimpleApplication@141ef1b8
reloadAllAccessors: .CausalityInterface15

===========================================================================================
----------------- testing Fri Jul 24 16:48:31 UTC 2020 /home/travis/build/icyphy/ptII/ptolemy/domains/de/test/auto/CausalityInterface2.xml
----------------- Instantiating /home/travis/build/icyphy/ptII/ptolemy/domains/de/test/auto/CausalityInterface2.xml
2 ms. Memory: 51200K Free: 14509K (28%)
[...]
	at ptolemy.actor.Manager.run(Manager.java:1263)
	at ptolemy.actor.Manager$PtolemyRunThread.run(Manager.java:1933)
java.lang.RuntimeException: Execution failed
	at ptolemy.moml.MoMLSimpleApplication$UnloadThread.run(MoMLSimpleApplication.java:402)
Caused by: ptolemy.kernel.util.IllegalActionException: Actor is not ready to fire.  Perhaps UpSample.prefire() returned false? Try debugging the actor by selecting "Listen to Actor".  Also, for SDF check moml for tokenConsumptionRate on input.
  in .DESDFClockTest.Play Bell.Copy1:SDF Director and .DESDFClockTest.Play Bell.UpSample
	at ptolemy.actor.sched.StaticSchedulingDirector.fire(StaticSchedulingDirector.java:227)
	at ptolemy.domains.sdf.kernel.SDFDirector.fire(SDFDirector.java:500)
	at ptolemy.actor.CompositeActor.fire(CompositeActor.java:455)
	at ptolemy.domains.de.kernel.DEDirector._fire(DEDirector.java:1949)
	at ptolemy.domains.de.kernel.DEDirector.fire(DEDirector.java:502)
	at ptolemy.actor.CompositeActor.fire(CompositeActor.java:455)
	at ptolemy.actor.Manager.iterate(Manager.java:851)
	at ptolemy.actor.Manager.execute(Manager.java:369)
	at ptolemy.actor.Manager.run(Manager.java:1263)
	at ptolemy.actor.Manager$PtolemyRunThread.run(Manager.java:1933)
java.lang.reflect.InvocationTargetException
	at java.base/jdk.internal.reflect.NativeConstructorAccessorImpl.newInstance0(Native Method)
	at java.base/jdk.internal.reflect.NativeConstructorAccessorImpl.newInstance(NativeConstructorAccessorImpl.java:62)
	at java.base/jdk.internal.reflect.DelegatingConstructorAccessorImpl.newInstance(DelegatingConstructorAccessorImpl.java:45)
	at java.base/java.lang.reflect.Constructor.newInstance(Constructor.java:490)
	at ptolemy.util.test.junit.AutoKnownFailedTests.RunModel(AutoKnownFailedTests.java:105)
	at java.base/jdk.internal.reflect.NativeMethodAccessorImpl.invoke0(Native Method)
	at java.base/jdk.internal.reflect.NativeMethodAccessorImpl.invoke(NativeMethodAccessorImpl.java:62)
	at java.base/jdk.internal.reflect.DelegatingMethodAccessorImpl.invoke(DelegatingMethodAccessorImpl.java:43)
	at java.base/java.lang.reflect.Method.invoke(Method.java:566)
	at org.junit.runners.model.FrameworkMethod$1.runReflectiveCall(FrameworkMethod.java:44)
	at org.junit.internal.runners.model.ReflectiveCallable.run(ReflectiveCallable.java:15)
	at org.junit.runners.model.FrameworkMethod.invokeExplosively(FrameworkMethod.java:41)
	at junitparams.internal.InvokeParameterisedMethod.evaluate(InvokeParameterisedMethod.java:102)
	at org.junit.internal.runners.statements.FailOnTimeout$1.run(FailOnTimeout.java:28)
Caused by: ptolemy.kernel.util.IllegalActionException: Actor is not ready to fire.  Perhaps UpSample.prefire() returned false? Try debugging the actor by selecting "Listen to Actor".  Also, for SDF check moml for tokenConsumptionRate on input.
  in .DESDFClockTest.Play Bell.Copy1:SDF Director and .DESDFClockTest.Play Bell.UpSample
	at ptolemy.actor.sched.StaticSchedulingDirector.fire(StaticSchedulingDirector.java:227)
	at ptolemy.domains.sdf.kernel.SDFDirector.fire(SDFDirector.java:500)
	at ptolemy.actor.CompositeActor.fire(CompositeActor.java:455)
	at ptolemy.domains.de.kernel.DEDirector._fire(DEDirector.java:1949)
	at ptolemy.domains.de.kernel.DEDirector.fire(DEDirector.java:502)
	at ptolemy.actor.CompositeActor.fire(CompositeActor.java:455)
	at ptolemy.actor.Manager.iterate(Manager.java:851)
	at ptolemy.actor.Manager.execute(Manager.java:369)
	at ptolemy.actor.Manager.run(Manager.java:1263)
	at ptolemy.actor.Manager$PtolemyRunThread.run(Manager.java:1933)
java.lang.RuntimeException: Execution failed
	at ptolemy.moml.MoMLSimpleApplication$UnloadThread.run(MoMLSimpleApplication.java:402)
Caused by: ptolemy.kernel.util.IllegalActionException: Test fails in iteration 1.
Value was: 1.0. Should have been: 2.0
  in .DirectFeedback.Test
	at ptolemy.actor.lib.Test.fire(Test.java:268)
	at ptolemy.domains.de.kernel.DEDirector._fire(DEDirector.java:1949)
	at ptolemy.domains.de.kernel.DEDirector.fire(DEDirector.java:502)
	at ptolemy.actor.CompositeActor.fire(CompositeActor.java:455)
	at ptolemy.actor.Manager.iterate(Manager.java:851)
	at ptolemy.actor.Manager.execute(Manager.java:369)
	at ptolemy.actor.Manager.run(Manager.java:1263)
	at ptolemy.actor.Manager$PtolemyRunThread.run(Manager.java:1933)
java.lang.reflect.InvocationTargetException
	at java.base/jdk.internal.reflect.NativeConstructorAccessorImpl.newInstance0(Native Method)
	at java.base/jdk.internal.reflect.NativeConstructorAccessorImpl.newInstance(NativeConstructorAccessorImpl.java:62)
	at java.base/jdk.internal.reflect.DelegatingConstructorAccessorImpl.newInstance(DelegatingConstructorAccessorImpl.java:45)
	at java.base/java.lang.reflect.Constructor.newInstance(Constructor.java:490)
	at ptolemy.util.test.junit.AutoKnownFailedTests.RunModel(AutoKnownFailedTests.java:105)
	at java.base/jdk.internal.reflect.NativeMethodAccessorImpl.invoke0(Native Method)
	at java.base/jdk.internal.reflect.NativeMethodAccessorImpl.invoke(NativeMethodAccessorImpl.java:62)
	at java.base/jdk.internal.reflect.DelegatingMethodAccessorImpl.invoke(DelegatingMethodAccessorImpl.java:43)
	at java.base/java.lang.reflect.Method.invoke(Method.java:566)
	at org.junit.runners.model.FrameworkMethod$1.runReflectiveCall(FrameworkMethod.java:44)
	at org.junit.internal.runners.model.ReflectiveCallable.run(ReflectiveCallable.java:15)
	at org.junit.runners.model.FrameworkMethod.invokeExplosively(FrameworkMethod.java:41)
	at junitparams.internal.InvokeParameterisedMethod.evaluate(InvokeParameterisedMethod.java:102)
	at org.junit.internal.runners.statements.FailOnTimeout$1.run(FailOnTimeout.java:28)
Caused by: ptolemy.kernel.util.IllegalActionException: Test fails in iteration 1.
Value was: 1.0. Should have been: 2.0
  in .DirectFeedback.Test
	at ptolemy.actor.lib.Test.fire(Test.java:268)
	at ptolemy.domains.de.kernel.DEDirector._fire(DEDirector.java:1949)
	at ptolemy.domains.de.kernel.DEDirector.fire(DEDirector.java:502)
	at ptolemy.actor.CompositeActor.fire(CompositeActor.java:455)
	at ptolemy.actor.Manager.iterate(Manager.java:851)
	at ptolemy.actor.Manager.execute(Manager.java:369)
	at ptolemy.actor.Manager.run(Manager.java:1263)
	at ptolemy.actor.Manager$PtolemyRunThread.run(Manager.java:1933)
java.lang.RuntimeException: Execution failed
	at ptolemy.moml.MoMLSimpleApplication$UnloadThread.run(MoMLSimpleApplication.java:402)
Caused by: ptolemy.kernel.util.IllegalActionException: Found a zero delay loop containing .HierarchicalModel.A
  in .HierarchicalModel and .HierarchicalModel.A
	at ptolemy.actor.util.CausalityInterfaceForComposites._computeOutputPortDepth(CausalityInterfaceForComposites.java:759)
	at ptolemy.actor.util.CausalityInterfaceForComposites._computeInputDepth(CausalityInterfaceForComposites.java:696)
	at ptolemy.actor.util.CausalityInterfaceForComposites._computeOutputPortDepth(CausalityInterfaceForComposites.java:765)
	at ptolemy.actor.util.CausalityInterfaceForComposites._computeInputDepth(CausalityInterfaceForComposites.java:696)
	at ptolemy.actor.util.CausalityInterfaceForComposites._computeOutputPortDepth(CausalityInterfaceForComposites.java:765)
	at ptolemy.actor.util.CausalityInterfaceForComposites._computeInputDepth(CausalityInterfaceForComposites.java:696)
	at ptolemy.actor.util.CausalityInterfaceForComposites._computeActorDepth(CausalityInterfaceForComposites.java:532)
	at ptolemy.actor.util.CausalityInterfaceForComposites.checkForCycles(CausalityInterfaceForComposites.java:96)
	at ptolemy.domains.de.kernel.DEDirector.preinitialize(DEDirector.java:1338)
	at ptolemy.actor.CompositeActor.preinitialize(CompositeActor.java:1828)
	at ptolemy.actor.Manager.preinitializeAndResolveTypes(Manager.java:1040)
	at ptolemy.actor.Manager.initialize(Manager.java:710)
	at ptolemy.actor.Manager.execute(Manager.java:356)
	at ptolemy.actor.Manager.run(Manager.java:1263)
	at ptolemy.actor.Manager$PtolemyRunThread.run(Manager.java:1933)
java.lang.reflect.InvocationTargetException
	at java.base/jdk.internal.reflect.NativeConstructorAccessorImpl.newInstance0(Native Method)
	at java.base/jdk.internal.reflect.NativeConstructorAccessorImpl.newInstance(NativeConstructorAccessorImpl.java:62)
	at java.base/jdk.internal.reflect.DelegatingConstructorAccessorImpl.newInstance(DelegatingConstructorAccessorImpl.java:45)
	at java.base/java.lang.reflect.Constructor.newInstance(Constructor.java:490)
	at ptolemy.util.test.junit.AutoKnownFailedTests.RunModel(AutoKnownFailedTests.java:105)
	at java.base/jdk.internal.reflect.NativeMethodAccessorImpl.invoke0(Native Method)
	at java.base/jdk.internal.reflect.NativeMethodAccessorImpl.invoke(NativeMethodAccessorImpl.java:62)
	at java.base/jdk.internal.reflect.DelegatingMethodAccessorImpl.invoke(DelegatingMethodAccessorImpl.java:43)
	at java.base/java.lang.reflect.Method.invoke(Method.java:566)
	at org.junit.runners.model.FrameworkMethod$1.runReflectiveCall(FrameworkMethod.java:44)
	at org.junit.internal.runners.model.ReflectiveCallable.run(ReflectiveCallable.java:15)
	at org.junit.runners.model.FrameworkMethod.invokeExplosively(FrameworkMethod.java:41)
	at junitparams.internal.InvokeParameterisedMethod.evaluate(InvokeParameterisedMethod.java:102)
	at org.junit.internal.runners.statements.FailOnTimeout$1.run(FailOnTimeout.java:28)
Caused by: ptolemy.kernel.util.IllegalActionException: Found a zero delay loop containing .HierarchicalModel.A
  in .HierarchicalModel and .HierarchicalModel.A
	at ptolemy.actor.util.CausalityInterfaceForComposites._computeOutputPortDepth(CausalityInterfaceForComposites.java:759)
	at ptolemy.actor.util.CausalityInterfaceForComposites._computeInputDepth(CausalityInterfaceForComposites.java:696)
	at ptolemy.actor.util.CausalityInterfaceForComposites._computeOutputPortDepth(CausalityInterfaceForComposites.java:765)
	at ptolemy.actor.util.CausalityInterfaceForComposites._computeInputDepth(CausalityInterfaceForComposites.java:696)
	at ptolemy.actor.util.CausalityInterfaceForComposites._computeOutputPortDepth(CausalityInterfaceForComposites.java:765)
	at ptolemy.actor.util.CausalityInterfaceForComposites._computeInputDepth(CausalityInterfaceForComposites.java:696)
	at ptolemy.actor.util.CausalityInterfaceForComposites._computeActorDepth(CausalityInterfaceForComposites.java:532)
	at ptolemy.actor.util.CausalityInterfaceForComposites.checkForCycles(CausalityInterfaceForComposites.java:96)
	at ptolemy.domains.de.kernel.DEDirector.preinitialize(DEDirector.java:1338)
	at ptolemy.actor.CompositeActor.preinitialize(CompositeActor.java:1828)
	at ptolemy.actor.Manager.preinitializeAndResolveTypes(Manager.java:1040)
	at ptolemy.actor.Manager.initialize(Manager.java:710)
	at ptolemy.actor.Manager.execute(Manager.java:356)
	at ptolemy.actor.Manager.run(Manager.java:1263)
	at ptolemy.actor.Manager$PtolemyRunThread.run(Manager.java:1933)
java.lang.RuntimeException: Execution failed
	at ptolemy.moml.MoMLSimpleApplication$UnloadThread.run(MoMLSimpleApplication.java:402)
Caused by: ptolemy.kernel.util.IllegalActionException: Found a zero delay loop containing .dependencyLoop.original
  in .dependencyLoop and .dependencyLoop.original
	at ptolemy.actor.util.CausalityInterfaceForComposites._computeOutputPortDepth(CausalityInterfaceForComposites.java:759)
	at ptolemy.actor.util.CausalityInterfaceForComposites._computeInputDepth(CausalityInterfaceForComposites.java:696)
	at ptolemy.actor.util.CausalityInterfaceForComposites._computeOutputPortDepth(CausalityInterfaceForComposites.java:765)
	at ptolemy.actor.util.CausalityInterfaceForComposites._computeInputDepth(CausalityInterfaceForComposites.java:696)
	at ptolemy.actor.util.CausalityInterfaceForComposites._computeOutputPortDepth(CausalityInterfaceForComposites.java:765)
	at ptolemy.actor.util.CausalityInterfaceForComposites._computeInputDepth(CausalityInterfaceForComposites.java:696)
	at ptolemy.actor.util.CausalityInterfaceForComposites._computeActorDepth(CausalityInterfaceForComposites.java:532)
	at ptolemy.actor.util.CausalityInterfaceForComposites.checkForCycles(CausalityInterfaceForComposites.java:96)
	at ptolemy.domains.de.kernel.DEDirector.preinitialize(DEDirector.java:1338)
	at ptolemy.actor.CompositeActor.preinitialize(CompositeActor.java:1828)
	at ptolemy.actor.Manager.preinitializeAndResolveTypes(Manager.java:1040)
	at ptolemy.actor.Manager.initialize(Manager.java:710)
	at ptolemy.actor.Manager.execute(Manager.java:356)
	at ptolemy.actor.Manager.run(Manager.java:1263)
	at ptolemy.actor.Manager$PtolemyRunThread.run(Manager.java:1933)
java.lang.reflect.InvocationTargetException
	at java.base/jdk.internal.reflect.NativeConstructorAccessorImpl.newInstance0(Native Method)
	at java.base/jdk.internal.reflect.NativeConstructorAccessorImpl.newInstance(NativeConstructorAccessorImpl.java:62)
	at java.base/jdk.internal.reflect.DelegatingConstructorAccessorImpl.newInstance(DelegatingConstructorAccessorImpl.java:45)
	at java.base/java.lang.reflect.Constructor.newInstance(Constructor.java:490)
	at ptolemy.util.test.junit.AutoKnownFailedTests.RunModel(AutoKnownFailedTests.java:105)
	at java.base/jdk.internal.reflect.NativeMethodAccessorImpl.invoke0(Native Method)
	at java.base/jdk.internal.reflect.NativeMethodAccessorImpl.invoke(NativeMethodAccessorImpl.java:62)
	at java.base/jdk.internal.reflect.DelegatingMethodAccessorImpl.invoke(DelegatingMethodAccessorImpl.java:43)
	at java.base/java.lang.reflect.Method.invoke(Method.java:566)
	at org.junit.runners.model.FrameworkMethod$1.runReflectiveCall(FrameworkMethod.java:44)
	at org.junit.internal.runners.model.ReflectiveCallable.run(ReflectiveCallable.java:15)
	at org.junit.runners.model.FrameworkMethod.invokeExplosively(FrameworkMethod.java:41)
	at junitparams.internal.InvokeParameterisedMethod.evaluate(InvokeParameterisedMethod.java:102)
	at org.junit.internal.runners.statements.FailOnTimeout$1.run(FailOnTimeout.java:28)
Caused by: ptolemy.kernel.util.IllegalActionException: Found a zero delay loop containing .dependencyLoop.original
  in .dependencyLoop and .dependencyLoop.original
	at ptolemy.actor.util.CausalityInterfaceForComposites._computeOutputPortDepth(CausalityInterfaceForComposites.java:759)
	at ptolemy.actor.util.CausalityInterfaceForComposites._computeInputDepth(CausalityInterfaceForComposites.java:696)
	at ptolemy.actor.util.CausalityInterfaceForComposites._computeOutputPortDepth(CausalityInterfaceForComposites.java:765)
	at ptolemy.actor.util.CausalityInterfaceForComposites._computeInputDepth(CausalityInterfaceForComposites.java:696)
	at ptolemy.actor.util.CausalityInterfaceForComposites._computeOutputPortDepth(CausalityInterfaceForComposites.java:765)
	at ptolemy.actor.util.CausalityInterfaceForComposites._computeInputDepth(CausalityInterfaceForComposites.java:696)
	at ptolemy.actor.util.CausalityInterfaceForComposites._computeActorDepth(CausalityInterfaceForComposites.java:532)
	at ptolemy.actor.util.CausalityInterfaceForComposites.checkForCycles(CausalityInterfaceForComposites.java:96)
	at ptolemy.domains.de.kernel.DEDirector.preinitialize(DEDirector.java:1338)
	at ptolemy.actor.CompositeActor.preinitialize(CompositeActor.java:1828)
	at ptolemy.actor.Manager.preinitializeAndResolveTypes(Manager.java:1040)
	at ptolemy.actor.Manager.initialize(Manager.java:710)
	at ptolemy.actor.Manager.execute(Manager.java:356)
	at ptolemy.actor.Manager.run(Manager.java:1263)
	at ptolemy.actor.Manager$PtolemyRunThread.run(Manager.java:1933)
java.lang.RuntimeException: Execution failed
	at ptolemy.moml.MoMLSimpleApplication$UnloadThread.run(MoMLSimpleApplication.java:402)
Caused by: ptolemy.kernel.util.IllegalActionException: Found a zero delay loop containing .dependencyLoop2.original
  in .dependencyLoop2 and .dependencyLoop2.original
	at ptolemy.actor.util.CausalityInterfaceForComposites._computeOutputPortDepth(CausalityInterfaceForComposites.java:759)
	at ptolemy.actor.util.CausalityInterfaceForComposites._computeInputDepth(CausalityInterfaceForComposites.java:696)
	at ptolemy.actor.util.CausalityInterfaceForComposites._computeOutputPortDepth(CausalityInterfaceForComposites.java:765)
	at ptolemy.actor.util.CausalityInterfaceForComposites._computeInputDepth(CausalityInterfaceForComposites.java:696)
	at ptolemy.actor.util.CausalityInterfaceForComposites._computeOutputPortDepth(CausalityInterfaceForComposites.java:765)
	at ptolemy.actor.util.CausalityInterfaceForComposites._computeInputDepth(CausalityInterfaceForComposites.java:696)
	at ptolemy.actor.util.CausalityInterfaceForComposites._computeActorDepth(CausalityInterfaceForComposites.java:532)
	at ptolemy.actor.util.CausalityInterfaceForComposites.checkForCycles(CausalityInterfaceForComposites.java:96)
	at ptolemy.domains.de.kernel.DEDirector.preinitialize(DEDirector.java:1338)
	at ptolemy.actor.CompositeActor.preinitialize(CompositeActor.java:1828)
	at ptolemy.actor.Manager.preinitializeAndResolveTypes(Manager.java:1040)
	at ptolemy.actor.Manager.initialize(Manager.java:710)
	at ptolemy.actor.Manager.execute(Manager.java:356)
	at ptolemy.actor.Manager.run(Manager.java:1263)
	at ptolemy.actor.Manager$PtolemyRunThread.run(Manager.java:1933)
java.lang.reflect.InvocationTargetException
	at java.base/jdk.internal.reflect.NativeConstructorAccessorImpl.newInstance0(Native Method)
	at java.base/jdk.internal.reflect.NativeConstructorAccessorImpl.newInstance(NativeConstructorAccessorImpl.java:62)
	at java.base/jdk.internal.reflect.DelegatingConstructorAccessorImpl.newInstance(DelegatingConstructorAccessorImpl.java:45)
	at java.base/java.lang.reflect.Constructor.newInstance(Constructor.java:490)
	at ptolemy.util.test.junit.AutoKnownFailedTests.RunModel(AutoKnownFailedTests.java:105)
	at java.base/jdk.internal.reflect.NativeMethodAccessorImpl.invoke0(Native Method)
	at java.base/jdk.internal.reflect.NativeMethodAccessorImpl.invoke(NativeMethodAccessorImpl.java:62)
	at java.base/jdk.internal.reflect.DelegatingMethodAccessorImpl.invoke(DelegatingMethodAccessorImpl.java:43)
	at java.base/java.lang.reflect.Method.invoke(Method.java:566)
	at org.junit.runners.model.FrameworkMethod$1.runReflectiveCall(FrameworkMethod.java:44)
	at org.junit.internal.runners.model.ReflectiveCallable.run(ReflectiveCallable.java:15)
	at org.junit.runners.model.FrameworkMethod.invokeExplosively(FrameworkMethod.java:41)
	at junitparams.internal.InvokeParameterisedMethod.evaluate(InvokeParameterisedMethod.java:102)
	at org.junit.internal.runners.statements.FailOnTimeout$1.run(FailOnTimeout.java:28)
Caused by: ptolemy.kernel.util.IllegalActionException: Found a zero delay loop containing .dependencyLoop2.original
  in .dependencyLoop2 and .dependencyLoop2.original
	at ptolemy.actor.util.CausalityInterfaceForComposites._computeOutputPortDepth(CausalityInterfaceForComposites.java:759)
	at ptolemy.actor.util.CausalityInterfaceForComposites._computeInputDepth(CausalityInterfaceForComposites.java:696)
	at ptolemy.actor.util.CausalityInterfaceForComposites._computeOutputPortDepth(CausalityInterfaceForComposites.java:765)
	at ptolemy.actor.util.CausalityInterfaceForComposites._computeInputDepth(CausalityInterfaceForComposites.java:696)
	at ptolemy.actor.util.CausalityInterfaceForComposites._computeOutputPortDepth(CausalityInterfaceForComposites.java:765)
	at ptolemy.actor.util.CausalityInterfaceForComposites._computeInputDepth(CausalityInterfaceForComposites.java:696)
	at ptolemy.actor.util.CausalityInterfaceForComposites._computeActorDepth(CausalityInterfaceForComposites.java:532)
	at ptolemy.actor.util.CausalityInterfaceForComposites.checkForCycles(CausalityInterfaceForComposites.java:96)
	at ptolemy.domains.de.kernel.DEDirector.preinitialize(DEDirector.java:1338)
	at ptolemy.actor.CompositeActor.preinitialize(CompositeActor.java:1828)
	at ptolemy.actor.Manager.preinitializeAndResolveTypes(Manager.java:1040)
	at ptolemy.actor.Manager.initialize(Manager.java:710)
	at ptolemy.actor.Manager.execute(Manager.java:356)
	at ptolemy.actor.Manager.run(Manager.java:1263)
	at ptolemy.actor.Manager$PtolemyRunThread.run(Manager.java:1933)
]]></system-err>
</testsuite>
