<?xml version="1.0" encoding="UTF-8" ?>
<testsuite errors="0" failures="0" hostname="travis-job-e42ca0cd-0708-42bb-8347-91d420294192" name="ptolemy.actor.lib.hoc.test.junit.JUnitTclTest" skipped="0" tests="58" time="32.011" timestamp="2020-08-27T15:34:34">
  <properties>
[...]
</properties>
  <testcase classname="ptolemy.util.test.junit.TclTests" name="[0] /home/travis/build/icyphy/ptII/ptolemy/actor/lib/hoc/test/IterateOverArray.tcl (RunTclFile)" time="0.265" />
  <testcase classname="ptolemy.util.test.junit.AutoKnownFailedTests" name="[0] /home/travis/build/icyphy/ptII/ptolemy/actor/lib/hoc/test/auto/knownFailedTests/PreinitializeMustBeInvokedRunComposite.xml (RunModel)" time="0.465" />
  <testcase classname="ptolemy.util.test.junit.AutoNameArchTests" name="[0] ThereAreNoAutoArchTests (RunModel)" time="0.001" />
  <testcase classname="ptolemy.util.test.junit.AutoTests" name="[0] /home/travis/build/icyphy/ptII/ptolemy/actor/lib/hoc/test/auto/AllToAllMultiInstanceComposite.xml (RunModel)" time="0.489" />
  <testcase classname="ptolemy.util.test.junit.AutoTests" name="[1] /home/travis/build/icyphy/ptII/ptolemy/actor/lib/hoc/test/auto/ApplyFFTTest.xml (RunModel)" time="0.416" />
  <testcase classname="ptolemy.util.test.junit.AutoTests" name="[2] /home/travis/build/icyphy/ptII/ptolemy/actor/lib/hoc/test/auto/ApplyFunction.xml (RunModel)" time="0.056" />
  <testcase classname="ptolemy.util.test.junit.AutoTests" name="[3] /home/travis/build/icyphy/ptII/ptolemy/actor/lib/hoc/test/auto/BackgroundExecution.xml (RunModel)" time="0.677" />
  <testcase classname="ptolemy.util.test.junit.AutoTests" name="[4] /home/travis/build/icyphy/ptII/ptolemy/actor/lib/hoc/test/auto/Case.xml (RunModel)" time="0.07" />
  <testcase classname="ptolemy.util.test.junit.AutoTests" name="[5] /home/travis/build/icyphy/ptII/ptolemy/actor/lib/hoc/test/auto/Case1.xml (RunModel)" time="0.07" />
  <testcase classname="ptolemy.util.test.junit.AutoTests" name="[6] /home/travis/build/icyphy/ptII/ptolemy/actor/lib/hoc/test/auto/Case2.xml (RunModel)" time="0.082" />
  <testcase classname="ptolemy.util.test.junit.AutoTests" name="[7] /home/travis/build/icyphy/ptII/ptolemy/actor/lib/hoc/test/auto/Case3.xml (RunModel)" time="0.068" />
  <testcase classname="ptolemy.util.test.junit.AutoTests" name="[8] /home/travis/build/icyphy/ptII/ptolemy/actor/lib/hoc/test/auto/Case4.xml (RunModel)" time="0.079" />
  <testcase classname="ptolemy.util.test.junit.AutoTests" name="[9] /home/travis/build/icyphy/ptII/ptolemy/actor/lib/hoc/test/auto/Case5.xml (RunModel)" time="0.059" />
  <testcase classname="ptolemy.util.test.junit.AutoTests" name="[10] /home/travis/build/icyphy/ptII/ptolemy/actor/lib/hoc/test/auto/Case6.xml (RunModel)" time="0.06" />
  <testcase classname="ptolemy.util.test.junit.AutoTests" name="[11] /home/travis/build/icyphy/ptII/ptolemy/actor/lib/hoc/test/auto/CaseString2.xml (RunModel)" time="0.057" />
  <testcase classname="ptolemy.util.test.junit.AutoTests" name="[12] /home/travis/build/icyphy/ptII/ptolemy/actor/lib/hoc/test/auto/CatchUpComposite1.xml (RunModel)" time="0.088" />
  <testcase classname="ptolemy.util.test.junit.AutoTests" name="[13] /home/travis/build/icyphy/ptII/ptolemy/actor/lib/hoc/test/auto/CatchUpComposite2.xml (RunModel)" time="0.075" />
  <testcase classname="ptolemy.util.test.junit.AutoTests" name="[14] /home/travis/build/icyphy/ptII/ptolemy/actor/lib/hoc/test/auto/CatchUpComposite3.xml (RunModel)" time="0.081" />
  <testcase classname="ptolemy.util.test.junit.AutoTests" name="[15] /home/travis/build/icyphy/ptII/ptolemy/actor/lib/hoc/test/auto/CatchUpComposite4.xml (RunModel)" time="0.067" />
  <testcase classname="ptolemy.util.test.junit.AutoTests" name="[16] /home/travis/build/icyphy/ptII/ptolemy/actor/lib/hoc/test/auto/CatchUpComposite5.xml (RunModel)" time="0.05" />
  <testcase classname="ptolemy.util.test.junit.AutoTests" name="[17] /home/travis/build/icyphy/ptII/ptolemy/actor/lib/hoc/test/auto/CatchUpComposite6.xml (RunModel)" time="0.141" />
  <testcase classname="ptolemy.util.test.junit.AutoTests" name="[18] /home/travis/build/icyphy/ptII/ptolemy/actor/lib/hoc/test/auto/CatchUpComposite7.xml (RunModel)" time="0.088" />
  <testcase classname="ptolemy.util.test.junit.AutoTests" name="[19] /home/travis/build/icyphy/ptII/ptolemy/actor/lib/hoc/test/auto/ConcurrentExecutionTimeSDF.xml (RunModel)" time="0.814" />
  <testcase classname="ptolemy.util.test.junit.AutoTests" name="[20] /home/travis/build/icyphy/ptII/ptolemy/actor/lib/hoc/test/auto/ConcurrentSleep.xml (RunModel)" time="0.763" />
  <testcase classname="ptolemy.util.test.junit.AutoTests" name="[21] /home/travis/build/icyphy/ptII/ptolemy/actor/lib/hoc/test/auto/DEInPNInRunCompositeActor.xml (RunModel)" time="0.026" />
  <testcase classname="ptolemy.util.test.junit.AutoTests" name="[22] /home/travis/build/icyphy/ptII/ptolemy/actor/lib/hoc/test/auto/DFTSubSetTest.xml (RunModel)" time="0.275" />
  <testcase classname="ptolemy.util.test.junit.AutoTests" name="[23] /home/travis/build/icyphy/ptII/ptolemy/actor/lib/hoc/test/auto/HocDE.xml (RunModel)" time="0.197" />
  <testcase classname="ptolemy.util.test.junit.AutoTests" name="[24] /home/travis/build/icyphy/ptII/ptolemy/actor/lib/hoc/test/auto/IterateOverArray.xml (RunModel)" time="0.037" />
  <testcase classname="ptolemy.util.test.junit.AutoTests" name="[25] /home/travis/build/icyphy/ptII/ptolemy/actor/lib/hoc/test/auto/IterateOverArray10.xml (RunModel)" time="0.019" />
  <testcase classname="ptolemy.util.test.junit.AutoTests" name="[26] /home/travis/build/icyphy/ptII/ptolemy/actor/lib/hoc/test/auto/IterateOverArray11.xml (RunModel)" time="0.024" />
  <testcase classname="ptolemy.util.test.junit.AutoTests" name="[27] /home/travis/build/icyphy/ptII/ptolemy/actor/lib/hoc/test/auto/IterateOverArray12.xml (RunModel)" time="0.035" />
  <testcase classname="ptolemy.util.test.junit.AutoTests" name="[28] /home/travis/build/icyphy/ptII/ptolemy/actor/lib/hoc/test/auto/IterateOverArray13.xml (RunModel)" time="0.119" />
  <testcase classname="ptolemy.util.test.junit.AutoTests" name="[29] /home/travis/build/icyphy/ptII/ptolemy/actor/lib/hoc/test/auto/IterateOverArray14.xml (RunModel)" time="0.133" />
  <testcase classname="ptolemy.util.test.junit.AutoTests" name="[30] /home/travis/build/icyphy/ptII/ptolemy/actor/lib/hoc/test/auto/IterateOverArray2.xml (RunModel)" time="0.029" />
  <testcase classname="ptolemy.util.test.junit.AutoTests" name="[31] /home/travis/build/icyphy/ptII/ptolemy/actor/lib/hoc/test/auto/IterateOverArray3.xml (RunModel)" time="0.038" />
  <testcase classname="ptolemy.util.test.junit.AutoTests" name="[32] /home/travis/build/icyphy/ptII/ptolemy/actor/lib/hoc/test/auto/IterateOverArray4.xml (RunModel)" time="0.033" />
  <testcase classname="ptolemy.util.test.junit.AutoTests" name="[33] /home/travis/build/icyphy/ptII/ptolemy/actor/lib/hoc/test/auto/IterateOverArray5.xml (RunModel)" time="0.022" />
  <testcase classname="ptolemy.util.test.junit.AutoTests" name="[34] /home/travis/build/icyphy/ptII/ptolemy/actor/lib/hoc/test/auto/IterateOverArray6.xml (RunModel)" time="0.021" />
  <testcase classname="ptolemy.util.test.junit.AutoTests" name="[35] /home/travis/build/icyphy/ptII/ptolemy/actor/lib/hoc/test/auto/IterateOverArray7.xml (RunModel)" time="0.023" />
  <testcase classname="ptolemy.util.test.junit.AutoTests" name="[36] /home/travis/build/icyphy/ptII/ptolemy/actor/lib/hoc/test/auto/IterateOverArray8.xml (RunModel)" time="0.023" />
  <testcase classname="ptolemy.util.test.junit.AutoTests" name="[37] /home/travis/build/icyphy/ptII/ptolemy/actor/lib/hoc/test/auto/IterateOverArray9.xml (RunModel)" time="0.029" />
  <testcase classname="ptolemy.util.test.junit.AutoTests" name="[38] /home/travis/build/icyphy/ptII/ptolemy/actor/lib/hoc/test/auto/IterateOverArrayCoercedOutputType.xml (RunModel)" time="0.042" />
  <testcase classname="ptolemy.util.test.junit.AutoTests" name="[39] /home/travis/build/icyphy/ptII/ptolemy/actor/lib/hoc/test/auto/IterateOverArrayInferredOutputType.xml (RunModel)" time="0.022" />
  <testcase classname="ptolemy.util.test.junit.AutoTests" name="[40] /home/travis/build/icyphy/ptII/ptolemy/actor/lib/hoc/test/auto/MobileFunctionTest.xml (RunModel)" time="0.026" />
  <testcase classname="ptolemy.util.test.junit.AutoTests" name="[41] /home/travis/build/icyphy/ptII/ptolemy/actor/lib/hoc/test/auto/MobileModelTest.xml (RunModel)" time="0.164" />
  <testcase classname="ptolemy.util.test.junit.AutoTests" name="[42] /home/travis/build/icyphy/ptII/ptolemy/actor/lib/hoc/test/auto/ModelReference.xml (RunModel)" time="0.097" />
  <testcase classname="ptolemy.util.test.junit.AutoTests" name="[43] /home/travis/build/icyphy/ptII/ptolemy/actor/lib/hoc/test/auto/ModelReference3.xml (RunModel)" time="0.052" />
  <testcase classname="ptolemy.util.test.junit.AutoTests" name="[44] /home/travis/build/icyphy/ptII/ptolemy/actor/lib/hoc/test/auto/ModelReference4.xml (RunModel)" time="10.026" />
  <testcase classname="ptolemy.util.test.junit.AutoTests" name="[45] /home/travis/build/icyphy/ptII/ptolemy/actor/lib/hoc/test/auto/MultiInstanceComposite.xml (RunModel)" time="0.049" />
  <testcase classname="ptolemy.util.test.junit.AutoTests" name="[46] /home/travis/build/icyphy/ptII/ptolemy/actor/lib/hoc/test/auto/MultiInstanceComposite2.xml (RunModel)" time="0.032" />
  <testcase classname="ptolemy.util.test.junit.AutoTests" name="[47] /home/travis/build/icyphy/ptII/ptolemy/actor/lib/hoc/test/auto/MulticoreExecution.xml (RunModel)" time="1.053" />
  <testcase classname="ptolemy.util.test.junit.AutoTests" name="[48] /home/travis/build/icyphy/ptII/ptolemy/actor/lib/hoc/test/auto/ParallelExecution.xml (RunModel)" time="0.932" />
  <testcase classname="ptolemy.util.test.junit.AutoTests" name="[49] /home/travis/build/icyphy/ptII/ptolemy/actor/lib/hoc/test/auto/RunCompositeActor.xml (RunModel)" time="0.019" />
  <testcase classname="ptolemy.util.test.junit.AutoTests" name="[50] /home/travis/build/icyphy/ptII/ptolemy/actor/lib/hoc/test/auto/RunCompositeActor2.xml (RunModel)" time="0.029" />
  <testcase classname="ptolemy.util.test.junit.AutoTests" name="[51] /home/travis/build/icyphy/ptII/ptolemy/actor/lib/hoc/test/auto/RunCompositeActor3.xml (RunModel)" time="0.019" />
  <testcase classname="ptolemy.util.test.junit.AutoTests" name="[52] /home/travis/build/icyphy/ptII/ptolemy/actor/lib/hoc/test/auto/RunCompositeActor4.xml (RunModel)" time="0.026" />
  <testcase classname="ptolemy.util.test.junit.AutoTests" name="[53] /home/travis/build/icyphy/ptII/ptolemy/actor/lib/hoc/test/auto/RunCompositeIterateOverArray.xml (RunModel)" time="0.022" />
  <testcase classname="ptolemy.util.test.junit.AutoTests" name="[54] /home/travis/build/icyphy/ptII/ptolemy/actor/lib/hoc/test/auto/ThreadedJS.xml (RunModel)" time="12.517" />
  <system-out><![CDATA[/home/travis/build/icyphy/ptII/ptolemy/actor/lib/hoc/test/IterateOverArray.tcl
testDefs.tcl: setting time out to 9000 seconds at Thu Aug 27 15:34:35 UTC 2020
08/27/20 03:34:35
Failed: 0  Total Tests: 2  ((Passed: 2, Newly Passed: 0)  Known Failed: 0) /home/travis/build/icyphy/ptII/ptolemy/actor/lib/hoc/test
----------------- testing (KnownFailure) /home/travis/build/icyphy/ptII/ptolemy/actor/lib/hoc/test/auto/knownFailedTests/PreinitializeMustBeInvokedRunComposite.xml
131 ms. Memory: 129024K Free: 86466K (67%)
Known Failure: java.lang.reflect.InvocationTargetException
No auto/linux-amd64/*.xml tests in /home/travis/build/icyphy/ptII/ptolemy/actor/lib/hoc/test
AutoTests.java: About to close Vertx.
AutoTests.java: Vertx closed.

===========================================================================================
----------------- testing Thu Aug 27 15:34:36 UTC 2020 /home/travis/build/icyphy/ptII/ptolemy/actor/lib/hoc/test/auto/AllToAllMultiInstanceComposite.xml
----------------- Instantiating /home/travis/build/icyphy/ptII/ptolemy/actor/lib/hoc/test/auto/AllToAllMultiInstanceComposite.xml
265 ms. Memory: 129024K Free: 106417K (82%)
----------------- Invoking toplevel() on ptolemy.moml.MoMLSimpleApplication@49d08107
----------------- Done invoking toplevel() on ptolemy.moml.MoMLSimpleApplication@49d08107
reloadAllAccessors: .AllToAllMultiInstanceComposite

===========================================================================================
----------------- testing Thu Aug 27 15:34:36 UTC 2020 /home/travis/build/icyphy/ptII/ptolemy/actor/lib/hoc/test/auto/ApplyFFTTest.xml
----------------- Instantiating /home/travis/build/icyphy/ptII/ptolemy/actor/lib/hoc/test/auto/ApplyFFTTest.xml
123 ms. Memory: 129024K Free: 87687K (68%)
----------------- Invoking toplevel() on ptolemy.moml.MoMLSimpleApplication@30051e7a
----------------- Done invoking toplevel() on ptolemy.moml.MoMLSimpleApplication@30051e7a
reloadAllAccessors: .ApplyFFTTest

===========================================================================================
----------------- testing Thu Aug 27 15:34:37 UTC 2020 /home/travis/build/icyphy/ptII/ptolemy/actor/lib/hoc/test/auto/ApplyFunction.xml
----------------- Instantiating /home/travis/build/icyphy/ptII/ptolemy/actor/lib/hoc/test/auto/ApplyFunction.xml
11 ms. Memory: 129024K Free: 113909K (88%)
----------------- Invoking toplevel() on ptolemy.moml.MoMLSimpleApplication@578ebe53
----------------- Done invoking toplevel() on ptolemy.moml.MoMLSimpleApplication@578ebe53
reloadAllAccessors: .ApplyFunction

===========================================================================================
----------------- testing Thu Aug 27 15:34:37 UTC 2020 /home/travis/build/icyphy/ptII/ptolemy/actor/lib/hoc/test/auto/BackgroundExecution.xml
----------------- Instantiating /home/travis/build/icyphy/ptII/ptolemy/actor/lib/hoc/test/auto/BackgroundExecution.xml
623 ms. Memory: 129024K Free: 106355K (82%)
----------------- Invoking toplevel() on ptolemy.moml.MoMLSimpleApplication@191bdb51
----------------- Done invoking toplevel() on ptolemy.moml.MoMLSimpleApplication@191bdb51
reloadAllAccessors: .BackgroundExecution

===========================================================================================
----------------- testing Thu Aug 27 15:34:37 UTC 2020 /home/travis/build/icyphy/ptII/ptolemy/actor/lib/hoc/test/auto/Case.xml
----------------- Instantiating /home/travis/build/icyphy/ptII/ptolemy/actor/lib/hoc/test/auto/Case.xml
19 ms. Memory: 129024K Free: 99027K (77%)
----------------- Invoking toplevel() on ptolemy.moml.MoMLSimpleApplication@e4e550f
----------------- Done invoking toplevel() on ptolemy.moml.MoMLSimpleApplication@e4e550f
reloadAllAccessors: .Case

===========================================================================================
----------------- testing Thu Aug 27 15:34:37 UTC 2020 /home/travis/build/icyphy/ptII/ptolemy/actor/lib/hoc/test/auto/Case1.xml
----------------- Instantiating /home/travis/build/icyphy/ptII/ptolemy/actor/lib/hoc/test/auto/Case1.xml
13 ms. Memory: 129024K Free: 92827K (72%)
----------------- Invoking toplevel() on ptolemy.moml.MoMLSimpleApplication@7e8a808b
----------------- Done invoking toplevel() on ptolemy.moml.MoMLSimpleApplication@7e8a808b
reloadAllAccessors: .Case1

===========================================================================================
----------------- testing Thu Aug 27 15:34:37 UTC 2020 /home/travis/build/icyphy/ptII/ptolemy/actor/lib/hoc/test/auto/Case2.xml
----------------- Instantiating /home/travis/build/icyphy/ptII/ptolemy/actor/lib/hoc/test/auto/Case2.xml
44 ms. Memory: 129024K Free: 82849K (64%)
----------------- Invoking toplevel() on ptolemy.moml.MoMLSimpleApplication@624c6973
----------------- Done invoking toplevel() on ptolemy.moml.MoMLSimpleApplication@624c6973
reloadAllAccessors: .Case2

===========================================================================================
----------------- testing Thu Aug 27 15:34:38 UTC 2020 /home/travis/build/icyphy/ptII/ptolemy/actor/lib/hoc/test/auto/Case3.xml
----------------- Instantiating /home/travis/build/icyphy/ptII/ptolemy/actor/lib/hoc/test/auto/Case3.xml
23 ms. Memory: 129024K Free: 113864K (88%)
----------------- Invoking toplevel() on ptolemy.moml.MoMLSimpleApplication@6a93ba3e
----------------- Done invoking toplevel() on ptolemy.moml.MoMLSimpleApplication@6a93ba3e
reloadAllAccessors: .Case3

===========================================================================================
----------------- testing Thu Aug 27 15:34:38 UTC 2020 /home/travis/build/icyphy/ptII/ptolemy/actor/lib/hoc/test/auto/Case4.xml
----------------- Instantiating /home/travis/build/icyphy/ptII/ptolemy/actor/lib/hoc/test/auto/Case4.xml
20 ms. Memory: 129024K Free: 106151K (82%)
----------------- Invoking toplevel() on ptolemy.moml.MoMLSimpleApplication@585bf77e
----------------- Done invoking toplevel() on ptolemy.moml.MoMLSimpleApplication@585bf77e
reloadAllAccessors: .Case4

===========================================================================================
----------------- testing Thu Aug 27 15:34:38 UTC 2020 /home/travis/build/icyphy/ptII/ptolemy/actor/lib/hoc/test/auto/Case5.xml
----------------- Instantiating /home/travis/build/icyphy/ptII/ptolemy/actor/lib/hoc/test/auto/Case5.xml
22 ms. Memory: 129024K Free: 99267K (77%)
----------------- Invoking toplevel() on ptolemy.moml.MoMLSimpleApplication@2c958f09
----------------- Done invoking toplevel() on ptolemy.moml.MoMLSimpleApplication@2c958f09
reloadAllAccessors: .junk

===========================================================================================
----------------- testing Thu Aug 27 15:34:38 UTC 2020 /home/travis/build/icyphy/ptII/ptolemy/actor/lib/hoc/test/auto/Case6.xml
----------------- Instantiating /home/travis/build/icyphy/ptII/ptolemy/actor/lib/hoc/test/auto/Case6.xml
27 ms. Memory: 129024K Free: 88003K (68%)
----------------- Invoking toplevel() on ptolemy.moml.MoMLSimpleApplication@3448f3fb
----------------- Done invoking toplevel() on ptolemy.moml.MoMLSimpleApplication@3448f3fb
reloadAllAccessors: .Case6

===========================================================================================
----------------- testing Thu Aug 27 15:34:38 UTC 2020 /home/travis/build/icyphy/ptII/ptolemy/actor/lib/hoc/test/auto/CaseString2.xml
----------------- Instantiating /home/travis/build/icyphy/ptII/ptolemy/actor/lib/hoc/test/auto/CaseString2.xml
16 ms. Memory: 129024K Free: 80304K (62%)
----------------- Invoking toplevel() on ptolemy.moml.MoMLSimpleApplication@55eb9883
----------------- Done invoking toplevel() on ptolemy.moml.MoMLSimpleApplication@55eb9883
reloadAllAccessors: .CaseString2

===========================================================================================
----------------- testing Thu Aug 27 15:34:38 UTC 2020 /home/travis/build/icyphy/ptII/ptolemy/actor/lib/hoc/test/auto/CatchUpComposite1.xml
----------------- Instantiating /home/travis/build/icyphy/ptII/ptolemy/actor/lib/hoc/test/auto/CatchUpComposite1.xml
34 ms. Memory: 129024K Free: 71373K (55%)
----------------- Invoking toplevel() on ptolemy.moml.MoMLSimpleApplication@4c8ee991
----------------- Done invoking toplevel() on ptolemy.moml.MoMLSimpleApplication@4c8ee991
reloadAllAccessors: .CatchUpComposite1

===========================================================================================
----------------- testing Thu Aug 27 15:34:38 UTC 2020 /home/travis/build/icyphy/ptII/ptolemy/actor/lib/hoc/test/auto/CatchUpComposite2.xml
----------------- Instantiating /home/travis/build/icyphy/ptII/ptolemy/actor/lib/hoc/test/auto/CatchUpComposite2.xml
23 ms. Memory: 155648K Free: 139134K (89%)
----------------- Invoking toplevel() on ptolemy.moml.MoMLSimpleApplication@a4f1365
----------------- Done invoking toplevel() on ptolemy.moml.MoMLSimpleApplication@a4f1365
reloadAllAccessors: .CatchUpComposite2

===========================================================================================
----------------- testing Thu Aug 27 15:34:38 UTC 2020 /home/travis/build/icyphy/ptII/ptolemy/actor/lib/hoc/test/auto/CatchUpComposite3.xml
----------------- Instantiating /home/travis/build/icyphy/ptII/ptolemy/actor/lib/hoc/test/auto/CatchUpComposite3.xml
26 ms. Memory: 155648K Free: 130331K (84%)
----------------- Invoking toplevel() on ptolemy.moml.MoMLSimpleApplication@187e0d18
----------------- Done invoking toplevel() on ptolemy.moml.MoMLSimpleApplication@187e0d18
reloadAllAccessors: .CatchUpComposite3

===========================================================================================
----------------- testing Thu Aug 27 15:34:38 UTC 2020 /home/travis/build/icyphy/ptII/ptolemy/actor/lib/hoc/test/auto/CatchUpComposite4.xml
----------------- Instantiating /home/travis/build/icyphy/ptII/ptolemy/actor/lib/hoc/test/auto/CatchUpComposite4.xml
20 ms. Memory: 155648K Free: 122829K (79%)
----------------- Invoking toplevel() on ptolemy.moml.MoMLSimpleApplication@3af1138
----------------- Done invoking toplevel() on ptolemy.moml.MoMLSimpleApplication@3af1138
reloadAllAccessors: .CatchUpComposite4

===========================================================================================
----------------- testing Thu Aug 27 15:34:38 UTC 2020 /home/travis/build/icyphy/ptII/ptolemy/actor/lib/hoc/test/auto/CatchUpComposite5.xml
----------------- Instantiating /home/travis/build/icyphy/ptII/ptolemy/actor/lib/hoc/test/auto/CatchUpComposite5.xml
17 ms. Memory: 155648K Free: 115032K (74%)
----------------- Invoking toplevel() on ptolemy.moml.MoMLSimpleApplication@761cb0b4
----------------- Done invoking toplevel() on ptolemy.moml.MoMLSimpleApplication@761cb0b4
reloadAllAccessors: .CatchUpComposite5

===========================================================================================
----------------- testing Thu Aug 27 15:34:38 UTC 2020 /home/travis/build/icyphy/ptII/ptolemy/actor/lib/hoc/test/auto/CatchUpComposite6.xml
----------------- Instantiating /home/travis/build/icyphy/ptII/ptolemy/actor/lib/hoc/test/auto/CatchUpComposite6.xml
WARNING: The execution aspects in this model can influence the timing of actors by delaying the 
execution, potentially changing the behavior. There is no guarantee that actors fire at the 
time they request to be fired. 
Use Ptides for deterministic DE behavior that is not influenced by execution aspects. 

78 ms. Memory: 155648K Free: 100751K (65%)
----------------- Invoking toplevel() on ptolemy.moml.MoMLSimpleApplication@6d229db5
----------------- Done invoking toplevel() on ptolemy.moml.MoMLSimpleApplication@6d229db5
reloadAllAccessors: .CatchUpComposite6

===========================================================================================
----------------- testing Thu Aug 27 15:34:38 UTC 2020 /home/travis/build/icyphy/ptII/ptolemy/actor/lib/hoc/test/auto/CatchUpComposite7.xml
----------------- Instantiating /home/travis/build/icyphy/ptII/ptolemy/actor/lib/hoc/test/auto/CatchUpComposite7.xml
WARNING: The execution aspects in this model can influence the timing of actors by delaying the 
execution, potentially changing the behavior. There is no guarantee that actors fire at the 
time they request to be fired. 
Use Ptides for deterministic DE behavior that is not influenced by execution aspects. 

39 ms. Memory: 155648K Free: 86727K (56%)
----------------- Invoking toplevel() on ptolemy.moml.MoMLSimpleApplication@6e77f183
----------------- Done invoking toplevel() on ptolemy.moml.MoMLSimpleApplication@6e77f183
reloadAllAccessors: .CatchUpComposite7

===========================================================================================
----------------- testing Thu Aug 27 15:34:38 UTC 2020 /home/travis/build/icyphy/ptII/ptolemy/actor/lib/hoc/test/auto/ConcurrentExecutionTimeSDF.xml
----------------- Instantiating /home/travis/build/icyphy/ptII/ptolemy/actor/lib/hoc/test/auto/ConcurrentExecutionTimeSDF.xml
Fired ExecutionTime: 40400000
Fired ExecutionTime: 40400000
Fired ExecutionTime: 40400000
Fired ExecutionTime: 40400000
Fired ExecutionTime: 40400000
Fired ExecutionTime: 40400000
Fired ExecutionTime: 40400000
Fired ExecutionTime: 40400000
Fired ExecutionTime: 40400000
Fired ExecutionTime: 40400000
Fired ExecutionTime: 40400000
Fired ExecutionTime: 40400000
Fired ExecutionTime: 40400000
Fired ExecutionTime: 40400000
Fired ExecutionTime: 40400000
Fired ExecutionTime: 40400000
Fired ExecutionTime: 40400000
Fired ExecutionTime: 40400000
Fired ExecutionTime: 40400000
Fired ExecutionTime: 40400000
781 ms. Memory: 155648K Free: 139563K (90%)
----------------- Invoking toplevel() on ptolemy.moml.MoMLSimpleApplication@7a0479d8
----------------- Done invoking toplevel() on ptolemy.moml.MoMLSimpleApplication@7a0479d8
reloadAllAccessors: .ConcurrentExecutionTimeSDF

===========================================================================================
----------------- testing Thu Aug 27 15:34:39 UTC 2020 /home/travis/build/icyphy/ptII/ptolemy/actor/lib/hoc/test/auto/ConcurrentSleep.xml
----------------- Instantiating /home/travis/build/icyphy/ptII/ptolemy/actor/lib/hoc/test/auto/ConcurrentSleep.xml
728 ms. Memory: 155648K Free: 128886K (83%)
----------------- Invoking toplevel() on ptolemy.moml.MoMLSimpleApplication@13946ba8
----------------- Done invoking toplevel() on ptolemy.moml.MoMLSimpleApplication@13946ba8
reloadAllAccessors: .ConcurrentSleep

===========================================================================================
----------------- testing Thu Aug 27 15:34:40 UTC 2020 /home/travis/build/icyphy/ptII/ptolemy/actor/lib/hoc/test/auto/DEInPNInRunCompositeActor.xml
----------------- Instantiating /home/travis/build/icyphy/ptII/ptolemy/actor/lib/hoc/test/auto/DEInPNInRunCompositeActor.xml
9 ms. Memory: 155648K Free: 123402K (79%)
----------------- Invoking toplevel() on ptolemy.moml.MoMLSimpleApplication@ebc6378
----------------- Done invoking toplevel() on ptolemy.moml.MoMLSimpleApplication@ebc6378
reloadAllAccessors: .DEInPNInRunCompositeActor

===========================================================================================
----------------- testing Thu Aug 27 15:34:40 UTC 2020 /home/travis/build/icyphy/ptII/ptolemy/actor/lib/hoc/test/auto/DFTSubSetTest.xml
----------------- Instantiating /home/travis/build/icyphy/ptII/ptolemy/actor/lib/hoc/test/auto/DFTSubSetTest.xml
167 ms. Memory: 155648K Free: 80395K (52%)
----------------- Invoking toplevel() on ptolemy.moml.MoMLSimpleApplication@94ec0b9
----------------- Done invoking toplevel() on ptolemy.moml.MoMLSimpleApplication@94ec0b9
reloadAllAccessors: .DFTSubSetTest

===========================================================================================
----------------- testing Thu Aug 27 15:34:40 UTC 2020 /home/travis/build/icyphy/ptII/ptolemy/actor/lib/hoc/test/auto/HocDE.xml
----------------- Instantiating /home/travis/build/icyphy/ptII/ptolemy/actor/lib/hoc/test/auto/HocDE.xml
134 ms. Memory: 155648K Free: 127942K (82%)
----------------- Invoking toplevel() on ptolemy.moml.MoMLSimpleApplication@7e83601b
----------------- Done invoking toplevel() on ptolemy.moml.MoMLSimpleApplication@7e83601b
reloadAllAccessors: .HocDE

===========================================================================================
----------------- testing Thu Aug 27 15:34:41 UTC 2020 /home/travis/build/icyphy/ptII/ptolemy/actor/lib/hoc/test/auto/IterateOverArray.xml
----------------- Instantiating /home/travis/build/icyphy/ptII/ptolemy/actor/lib/hoc/test/auto/IterateOverArray.xml
5 ms. Memory: 155648K Free: 123434K (79%)
----------------- Invoking toplevel() on ptolemy.moml.MoMLSimpleApplication@32d5c92e
----------------- Done invoking toplevel() on ptolemy.moml.MoMLSimpleApplication@32d5c92e
reloadAllAccessors: .IterateOverArray

===========================================================================================
----------------- testing Thu Aug 27 15:34:41 UTC 2020 /home/travis/build/icyphy/ptII/ptolemy/actor/lib/hoc/test/auto/IterateOverArray10.xml
----------------- Instantiating /home/travis/build/icyphy/ptII/ptolemy/actor/lib/hoc/test/auto/IterateOverArray10.xml
4 ms. Memory: 155648K Free: 120348K (77%)
----------------- Invoking toplevel() on ptolemy.moml.MoMLSimpleApplication@474cf4ef
----------------- Done invoking toplevel() on ptolemy.moml.MoMLSimpleApplication@474cf4ef
reloadAllAccessors: .IterateOverArray10

===========================================================================================
----------------- testing Thu Aug 27 15:34:41 UTC 2020 /home/travis/build/icyphy/ptII/ptolemy/actor/lib/hoc/test/auto/IterateOverArray11.xml
----------------- Instantiating /home/travis/build/icyphy/ptII/ptolemy/actor/lib/hoc/test/auto/IterateOverArray11.xml
4 ms. Memory: 155648K Free: 116266K (75%)
----------------- Invoking toplevel() on ptolemy.moml.MoMLSimpleApplication@116fdccf
----------------- Done invoking toplevel() on ptolemy.moml.MoMLSimpleApplication@116fdccf
reloadAllAccessors: .IterateOverArray11

===========================================================================================
----------------- testing Thu Aug 27 15:34:41 UTC 2020 /home/travis/build/icyphy/ptII/ptolemy/actor/lib/hoc/test/auto/IterateOverArray12.xml
----------------- Instantiating /home/travis/build/icyphy/ptII/ptolemy/actor/lib/hoc/test/auto/IterateOverArray12.xml
12 ms. Memory: 155648K Free: 110122K (71%)
----------------- Invoking toplevel() on ptolemy.moml.MoMLSimpleApplication@10634aae
----------------- Done invoking toplevel() on ptolemy.moml.MoMLSimpleApplication@10634aae
reloadAllAccessors: .IterateOverArray12

===========================================================================================
----------------- testing Thu Aug 27 15:34:41 UTC 2020 /home/travis/build/icyphy/ptII/ptolemy/actor/lib/hoc/test/auto/IterateOverArray13.xml
----------------- Instantiating /home/travis/build/icyphy/ptII/ptolemy/actor/lib/hoc/test/auto/IterateOverArray13.xml
50 ms. Memory: 155648K Free: 81450K (52%)
----------------- Invoking toplevel() on ptolemy.moml.MoMLSimpleApplication@1e2eff7a
----------------- Done invoking toplevel() on ptolemy.moml.MoMLSimpleApplication@1e2eff7a
reloadAllAccessors: .IterateOverArray13

===========================================================================================
----------------- testing Thu Aug 27 15:34:41 UTC 2020 /home/travis/build/icyphy/ptII/ptolemy/actor/lib/hoc/test/auto/IterateOverArray14.xml
----------------- Instantiating /home/travis/build/icyphy/ptII/ptolemy/actor/lib/hoc/test/auto/IterateOverArray14.xml
64 ms. Memory: 155648K Free: 128900K (83%)
----------------- Invoking toplevel() on ptolemy.moml.MoMLSimpleApplication@7677e8cc
----------------- Done invoking toplevel() on ptolemy.moml.MoMLSimpleApplication@7677e8cc
reloadAllAccessors: .IterateOverArray14

===========================================================================================
----------------- testing Thu Aug 27 15:34:41 UTC 2020 /home/travis/build/icyphy/ptII/ptolemy/actor/lib/hoc/test/auto/IterateOverArray2.xml
----------------- Instantiating /home/travis/build/icyphy/ptII/ptolemy/actor/lib/hoc/test/auto/IterateOverArray2.xml
8 ms. Memory: 155648K Free: 124221K (80%)
----------------- Invoking toplevel() on ptolemy.moml.MoMLSimpleApplication@77c7241f
----------------- Done invoking toplevel() on ptolemy.moml.MoMLSimpleApplication@77c7241f
reloadAllAccessors: .IterateOverArray2

===========================================================================================
----------------- testing Thu Aug 27 15:34:41 UTC 2020 /home/travis/build/icyphy/ptII/ptolemy/actor/lib/hoc/test/auto/IterateOverArray3.xml
----------------- Instantiating /home/travis/build/icyphy/ptII/ptolemy/actor/lib/hoc/test/auto/IterateOverArray3.xml
18 ms. Memory: 155648K Free: 118076K (76%)
----------------- Invoking toplevel() on ptolemy.moml.MoMLSimpleApplication@2cfb8a3
----------------- Done invoking toplevel() on ptolemy.moml.MoMLSimpleApplication@2cfb8a3
reloadAllAccessors: .IterateOverArray3

===========================================================================================
----------------- testing Thu Aug 27 15:34:41 UTC 2020 /home/travis/build/icyphy/ptII/ptolemy/actor/lib/hoc/test/auto/IterateOverArray4.xml
----------------- Instantiating /home/travis/build/icyphy/ptII/ptolemy/actor/lib/hoc/test/auto/IterateOverArray4.xml
6 ms. Memory: 155648K Free: 113981K (73%)
----------------- Invoking toplevel() on ptolemy.moml.MoMLSimpleApplication@4d0f59c3
----------------- Done invoking toplevel() on ptolemy.moml.MoMLSimpleApplication@4d0f59c3
reloadAllAccessors: .IterateOverArray4

===========================================================================================
----------------- testing Thu Aug 27 15:34:41 UTC 2020 /home/travis/build/icyphy/ptII/ptolemy/actor/lib/hoc/test/auto/IterateOverArray5.xml
----------------- Instantiating /home/travis/build/icyphy/ptII/ptolemy/actor/lib/hoc/test/auto/IterateOverArray5.xml
3 ms. Memory: 155648K Free: 109885K (71%)
----------------- Invoking toplevel() on ptolemy.moml.MoMLSimpleApplication@23ec5800
----------------- Done invoking toplevel() on ptolemy.moml.MoMLSimpleApplication@23ec5800
reloadAllAccessors: .IterateOverArray5

===========================================================================================
----------------- testing Thu Aug 27 15:34:41 UTC 2020 /home/travis/build/icyphy/ptII/ptolemy/actor/lib/hoc/test/auto/IterateOverArray6.xml
----------------- Instantiating /home/travis/build/icyphy/ptII/ptolemy/actor/lib/hoc/test/auto/IterateOverArray6.xml
3 ms. Memory: 155648K Free: 106334K (68%)
----------------- Invoking toplevel() on ptolemy.moml.MoMLSimpleApplication@43a518ee
----------------- Done invoking toplevel() on ptolemy.moml.MoMLSimpleApplication@43a518ee
reloadAllAccessors: .IterateOverArray6

===========================================================================================
----------------- testing Thu Aug 27 15:34:41 UTC 2020 /home/travis/build/icyphy/ptII/ptolemy/actor/lib/hoc/test/auto/IterateOverArray7.xml
----------------- Instantiating /home/travis/build/icyphy/ptII/ptolemy/actor/lib/hoc/test/auto/IterateOverArray7.xml
4 ms. Memory: 155648K Free: 102135K (66%)
----------------- Invoking toplevel() on ptolemy.moml.MoMLSimpleApplication@70fca2a
----------------- Done invoking toplevel() on ptolemy.moml.MoMLSimpleApplication@70fca2a
reloadAllAccessors: .IterateOverArray7

===========================================================================================
----------------- testing Thu Aug 27 15:34:41 UTC 2020 /home/travis/build/icyphy/ptII/ptolemy/actor/lib/hoc/test/auto/IterateOverArray8.xml
----------------- Instantiating /home/travis/build/icyphy/ptII/ptolemy/actor/lib/hoc/test/auto/IterateOverArray8.xml
5 ms. Memory: 155648K Free: 98158K (63%)
----------------- Invoking toplevel() on ptolemy.moml.MoMLSimpleApplication@392bc062
----------------- Done invoking toplevel() on ptolemy.moml.MoMLSimpleApplication@392bc062
reloadAllAccessors: .IterateOverArray8

===========================================================================================
----------------- testing Thu Aug 27 15:34:41 UTC 2020 /home/travis/build/icyphy/ptII/ptolemy/actor/lib/hoc/test/auto/IterateOverArray9.xml
----------------- Instantiating /home/travis/build/icyphy/ptII/ptolemy/actor/lib/hoc/test/auto/IterateOverArray9.xml
11 ms. Memory: 155648K Free: 94084K (60%)
----------------- Invoking toplevel() on ptolemy.moml.MoMLSimpleApplication@6a717474
----------------- Done invoking toplevel() on ptolemy.moml.MoMLSimpleApplication@6a717474
reloadAllAccessors: .IterateOverArray9

===========================================================================================
----------------- testing Thu Aug 27 15:34:41 UTC 2020 /home/travis/build/icyphy/ptII/ptolemy/actor/lib/hoc/test/auto/IterateOverArrayCoercedOutputType.xml
----------------- Instantiating /home/travis/build/icyphy/ptII/ptolemy/actor/lib/hoc/test/auto/IterateOverArrayCoercedOutputType.xml
6 ms. Memory: 155648K Free: 88910K (57%)
----------------- Invoking toplevel() on ptolemy.moml.MoMLSimpleApplication@63fd6fd3
----------------- Done invoking toplevel() on ptolemy.moml.MoMLSimpleApplication@63fd6fd3
reloadAllAccessors: .IterateOverArrayCoercedOutputType

===========================================================================================
----------------- testing Thu Aug 27 15:34:41 UTC 2020 /home/travis/build/icyphy/ptII/ptolemy/actor/lib/hoc/test/auto/IterateOverArrayInferredOutputType.xml
----------------- Instantiating /home/travis/build/icyphy/ptII/ptolemy/actor/lib/hoc/test/auto/IterateOverArrayInferredOutputType.xml
7 ms. Memory: 155648K Free: 84285K (54%)
----------------- Invoking toplevel() on ptolemy.moml.MoMLSimpleApplication@4aef04c0
----------------- Done invoking toplevel() on ptolemy.moml.MoMLSimpleApplication@4aef04c0
reloadAllAccessors: .IterateOverArrayInferredOutputType

===========================================================================================
----------------- testing Thu Aug 27 15:34:41 UTC 2020 /home/travis/build/icyphy/ptII/ptolemy/actor/lib/hoc/test/auto/MobileFunctionTest.xml
----------------- Instantiating /home/travis/build/icyphy/ptII/ptolemy/actor/lib/hoc/test/auto/MobileFunctionTest.xml
5 ms. Memory: 155648K Free: 80189K (52%)
----------------- Invoking toplevel() on ptolemy.moml.MoMLSimpleApplication@3ad3bca7
----------------- Done invoking toplevel() on ptolemy.moml.MoMLSimpleApplication@3ad3bca7
reloadAllAccessors: .MobileFunctionTest

===========================================================================================
----------------- testing Thu Aug 27 15:34:41 UTC 2020 /home/travis/build/icyphy/ptII/ptolemy/actor/lib/hoc/test/auto/MobileModelTest.xml
----------------- Instantiating /home/travis/build/icyphy/ptII/ptolemy/actor/lib/hoc/test/auto/MobileModelTest.xml
142 ms. Memory: 155648K Free: 59238K (38%)
----------------- Invoking toplevel() on ptolemy.moml.MoMLSimpleApplication@32045f37
----------------- Done invoking toplevel() on ptolemy.moml.MoMLSimpleApplication@32045f37
reloadAllAccessors: .MobileModelTest

===========================================================================================
----------------- testing Thu Aug 27 15:34:41 UTC 2020 /home/travis/build/icyphy/ptII/ptolemy/actor/lib/hoc/test/auto/ModelReference.xml
----------------- Instantiating /home/travis/build/icyphy/ptII/ptolemy/actor/lib/hoc/test/auto/ModelReference.xml
6 ms. Memory: 155648K Free: 52540K (34%)
3 ms. Memory: 155648K Free: 52028K (33%)
2 ms. Memory: 155648K Free: 51062K (33%)
9 ms. Memory: 155648K Free: 139378K (90%)
2 ms. Memory: 155648K Free: 138608K (89%)
2 ms. Memory: 155648K Free: 137584K (88%)
1 ms. Memory: 155648K Free: 136877K (88%)
1 ms. Memory: 155648K Free: 135948K (87%)
3 ms. Memory: 155648K Free: 135290K (87%)
4 ms. Memory: 155648K Free: 134304K (86%)
44 ms. Memory: 155648K Free: 134304K (86%)
----------------- Invoking toplevel() on ptolemy.moml.MoMLSimpleApplication@1c02422b
----------------- Done invoking toplevel() on ptolemy.moml.MoMLSimpleApplication@1c02422b
reloadAllAccessors: .ModelReference

===========================================================================================
----------------- testing Thu Aug 27 15:34:42 UTC 2020 /home/travis/build/icyphy/ptII/ptolemy/actor/lib/hoc/test/auto/ModelReference3.xml
----------------- Instantiating /home/travis/build/icyphy/ptII/ptolemy/actor/lib/hoc/test/auto/ModelReference3.xml
2 ms. Memory: 155648K Free: 129257K (83%)
5 ms. Memory: 155648K Free: 128787K (83%)
1 ms. Memory: 155648K Free: 127744K (82%)
4 ms. Memory: 155648K Free: 127187K (82%)
2 ms. Memory: 155648K Free: 126185K (81%)
1 ms. Memory: 155648K Free: 125161K (80%)
3 ms. Memory: 155648K Free: 124694K (80%)
3 ms. Memory: 155648K Free: 123648K (79%)
2 ms. Memory: 155648K Free: 123091K (79%)
2 ms. Memory: 155648K Free: 122089K (78%)
34 ms. Memory: 155648K Free: 122089K (78%)
----------------- Invoking toplevel() on ptolemy.moml.MoMLSimpleApplication@5b337b89
----------------- Done invoking toplevel() on ptolemy.moml.MoMLSimpleApplication@5b337b89
reloadAllAccessors: .ModelReference3

===========================================================================================
----------------- testing Thu Aug 27 15:34:42 UTC 2020 /home/travis/build/icyphy/ptII/ptolemy/actor/lib/hoc/test/auto/ModelReference4.xml
----------------- Instantiating /home/travis/build/icyphy/ptII/ptolemy/actor/lib/hoc/test/auto/ModelReference4.xml
2 ms. Memory: 155648K Free: 117496K (75%)
3 ms. Memory: 155648K Free: 115945K (74%)
2 ms. Memory: 155648K Free: 114907K (74%)
2 ms. Memory: 155648K Free: 113416K (73%)
2 ms. Memory: 155648K Free: 112376K (72%)
2 ms. Memory: 155648K Free: 111336K (72%)
1 ms. Memory: 155648K Free: 109771K (71%)
1 ms. Memory: 155648K Free: 108755K (70%)
1 ms. Memory: 155648K Free: 107224K (69%)
2 ms. Memory: 155648K Free: 106184K (68%)
10016 ms. Memory: 155648K Free: 106184K (68%)
----------------- Invoking toplevel() on ptolemy.moml.MoMLSimpleApplication@2d191aec
----------------- Done invoking toplevel() on ptolemy.moml.MoMLSimpleApplication@2d191aec
reloadAllAccessors: .ModelReference4

===========================================================================================
----------------- testing Thu Aug 27 15:34:52 UTC 2020 /home/travis/build/icyphy/ptII/ptolemy/actor/lib/hoc/test/auto/MultiInstanceComposite.xml
----------------- Instantiating /home/travis/build/icyphy/ptII/ptolemy/actor/lib/hoc/test/auto/MultiInstanceComposite.xml
23 ms. Memory: 155648K Free: 87273K (56%)
----------------- Invoking toplevel() on ptolemy.moml.MoMLSimpleApplication@14d0bed4
----------------- Done invoking toplevel() on ptolemy.moml.MoMLSimpleApplication@14d0bed4
reloadAllAccessors: .MultiInstanceComposite

===========================================================================================
----------------- testing Thu Aug 27 15:34:52 UTC 2020 /home/travis/build/icyphy/ptII/ptolemy/actor/lib/hoc/test/auto/MultiInstanceComposite2.xml
----------------- Instantiating /home/travis/build/icyphy/ptII/ptolemy/actor/lib/hoc/test/auto/MultiInstanceComposite2.xml
15 ms. Memory: 155648K Free: 75977K (49%)
----------------- Invoking toplevel() on ptolemy.moml.MoMLSimpleApplication@261cf76d
----------------- Done invoking toplevel() on ptolemy.moml.MoMLSimpleApplication@261cf76d
reloadAllAccessors: .MultiInstanceComposite2

===========================================================================================
----------------- testing Thu Aug 27 15:34:52 UTC 2020 /home/travis/build/icyphy/ptII/ptolemy/actor/lib/hoc/test/auto/MulticoreExecution.xml
----------------- Instantiating /home/travis/build/icyphy/ptII/ptolemy/actor/lib/hoc/test/auto/MulticoreExecution.xml
Fired ExecutionTime: 5600000
Fired ExecutionTime: 22800000
Fired ExecutionTime: 50000000
Fired ExecutionTime: 51200000
Fired ExecutionTime: 109200000
Fired ExecutionTime: 110400000
Fired ExecutionTime: 107200000
Fired ExecutionTime: 111600000
Fired ExecutionTime: 108800000
Fired ExecutionTime: 108000000
Fired ExecutionTime: 111200000
Fired ExecutionTime: 109600000
Fired ExecutionTime: 110400000
Fired ExecutionTime: 110400000
Fired ExecutionTime: 110800000
Fired ExecutionTime: 111200000
Fired ExecutionTime: 114800000
Fired ExecutionTime: 114000000
Fired ExecutionTime: 112400000
Fired ExecutionTime: 102800000
1031 ms. Memory: 155648K Free: 67245K (43%)
----------------- Invoking toplevel() on ptolemy.moml.MoMLSimpleApplication@3be620ff
----------------- Done invoking toplevel() on ptolemy.moml.MoMLSimpleApplication@3be620ff
reloadAllAccessors: .MulticoreExecution

===========================================================================================
----------------- testing Thu Aug 27 15:34:53 UTC 2020 /home/travis/build/icyphy/ptII/ptolemy/actor/lib/hoc/test/auto/ParallelExecution.xml
----------------- Instantiating /home/travis/build/icyphy/ptII/ptolemy/actor/lib/hoc/test/auto/ParallelExecution.xml
915 ms. Memory: 155648K Free: 60077K (39%)
----------------- Invoking toplevel() on ptolemy.moml.MoMLSimpleApplication@4620b81
----------------- Done invoking toplevel() on ptolemy.moml.MoMLSimpleApplication@4620b81
reloadAllAccessors: .ParallelExecution

===========================================================================================
----------------- testing Thu Aug 27 15:34:54 UTC 2020 /home/travis/build/icyphy/ptII/ptolemy/actor/lib/hoc/test/auto/RunCompositeActor.xml
----------------- Instantiating /home/travis/build/icyphy/ptII/ptolemy/actor/lib/hoc/test/auto/RunCompositeActor.xml
7 ms. Memory: 155648K Free: 52998K (34%)
----------------- Invoking toplevel() on ptolemy.moml.MoMLSimpleApplication@5d1f863
----------------- Done invoking toplevel() on ptolemy.moml.MoMLSimpleApplication@5d1f863
reloadAllAccessors: .RunCompositeActor

===========================================================================================
----------------- testing Thu Aug 27 15:34:54 UTC 2020 /home/travis/build/icyphy/ptII/ptolemy/actor/lib/hoc/test/auto/RunCompositeActor2.xml
----------------- Instantiating /home/travis/build/icyphy/ptII/ptolemy/actor/lib/hoc/test/auto/RunCompositeActor2.xml
9 ms. Memory: 155648K Free: 136807K (88%)
----------------- Invoking toplevel() on ptolemy.moml.MoMLSimpleApplication@2832a081
----------------- Done invoking toplevel() on ptolemy.moml.MoMLSimpleApplication@2832a081
reloadAllAccessors: .RunCompositeActor2

===========================================================================================
----------------- testing Thu Aug 27 15:34:54 UTC 2020 /home/travis/build/icyphy/ptII/ptolemy/actor/lib/hoc/test/auto/RunCompositeActor3.xml
----------------- Instantiating /home/travis/build/icyphy/ptII/ptolemy/actor/lib/hoc/test/auto/RunCompositeActor3.xml
3 ms. Memory: 155648K Free: 131589K (85%)
----------------- Invoking toplevel() on ptolemy.moml.MoMLSimpleApplication@76f639da
----------------- Done invoking toplevel() on ptolemy.moml.MoMLSimpleApplication@76f639da
reloadAllAccessors: .RunCompositeActor3

===========================================================================================
----------------- testing Thu Aug 27 15:34:54 UTC 2020 /home/travis/build/icyphy/ptII/ptolemy/actor/lib/hoc/test/auto/RunCompositeActor4.xml
----------------- Instantiating /home/travis/build/icyphy/ptII/ptolemy/actor/lib/hoc/test/auto/RunCompositeActor4.xml
11 ms. Memory: 155648K Free: 123479K (79%)
----------------- Invoking toplevel() on ptolemy.moml.MoMLSimpleApplication@d4b1c00
----------------- Done invoking toplevel() on ptolemy.moml.MoMLSimpleApplication@d4b1c00
reloadAllAccessors: .RunCompositeActor4

===========================================================================================
----------------- testing Thu Aug 27 15:34:54 UTC 2020 /home/travis/build/icyphy/ptII/ptolemy/actor/lib/hoc/test/auto/RunCompositeIterateOverArray.xml
----------------- Instantiating /home/travis/build/icyphy/ptII/ptolemy/actor/lib/hoc/test/auto/RunCompositeIterateOverArray.xml
3 ms. Memory: 155648K Free: 117373K (75%)
----------------- Invoking toplevel() on ptolemy.moml.MoMLSimpleApplication@642f4637
----------------- Done invoking toplevel() on ptolemy.moml.MoMLSimpleApplication@642f4637
reloadAllAccessors: .RunCompositeIterateOverArray

===========================================================================================
----------------- testing Thu Aug 27 15:34:54 UTC 2020 /home/travis/build/icyphy/ptII/ptolemy/actor/lib/hoc/test/auto/ThreadedJS.xml
----------------- Instantiating /home/travis/build/icyphy/ptII/ptolemy/actor/lib/hoc/test/auto/ThreadedJS.xml
5840 ms. Memory: 225280K Free: 124799K (55%)
----------------- Invoking toplevel() on ptolemy.moml.MoMLSimpleApplication@2b994aa8
----------------- Done invoking toplevel() on ptolemy.moml.MoMLSimpleApplication@2b994aa8
reloadAllAccessors: .ThreadedJS
AutoTests.java: About to close Vertx.
AutoTests.java: Vertx closed.
]]></system-out>
  <system-err><![CDATA[java.lang.RuntimeException: Execution failed
	at ptolemy.moml.MoMLSimpleApplication$UnloadThread.run(MoMLSimpleApplication.java:402)
Caused by: ptolemy.kernel.util.IllegalActionException: initialize() was called after wrapup() was called but preinitialize() was not called after wrapup().
	at ptolemy.actor.lib.hoc.test.PreinitializeMustBeInvoked.initialize(PreinitializeMustBeInvoked.java:78)
	at ptolemy.actor.Director.initialize(Director.java:938)
	at ptolemy.actor.Director.initialize(Director.java:907)
	at ptolemy.actor.sched.StaticSchedulingDirector.initialize(StaticSchedulingDirector.java:159)
	at ptolemy.domains.sdf.kernel.SDFDirector.initialize(SDFDirector.java:544)
	at ptolemy.actor.CompositeActor.initialize(CompositeActor.java:935)
	at ptolemy.actor.lib.hoc.LifeCycleManager._executeInsideModel(LifeCycleManager.java:339)
	at ptolemy.actor.lib.hoc.RunCompositeActor.fire(RunCompositeActor.java:205)
	at ptolemy.actor.CompositeActor.iterate(CompositeActor.java:1146)
	at ptolemy.actor.sched.StaticSchedulingDirector.fire(StaticSchedulingDirector.java:216)
	at ptolemy.domains.sdf.kernel.SDFDirector.fire(SDFDirector.java:500)
	at ptolemy.actor.CompositeActor.fire(CompositeActor.java:455)
	at ptolemy.actor.Manager.iterate(Manager.java:851)
	at ptolemy.actor.Manager.execute(Manager.java:369)
	at ptolemy.actor.Manager.run(Manager.java:1263)
	at ptolemy.actor.Manager$PtolemyRunThread.run(Manager.java:1933)
java.lang.reflect.InvocationTargetException
	at java.base/jdk.internal.reflect.NativeConstructorAccessorImpl.newInstance0(Native Method)
	at java.base/jdk.internal.reflect.NativeConstructorAccessorImpl.newInstance(NativeConstructorAccessorImpl.java:62)
	at java.base/jdk.internal.reflect.DelegatingConstructorAccessorImpl.newInstance(DelegatingConstructorAccessorImpl.java:45)
	at java.base/java.lang.reflect.Constructor.newInstance(Constructor.java:490)
	at ptolemy.util.test.junit.AutoKnownFailedTests.RunModel(AutoKnownFailedTests.java:105)
	at java.base/jdk.internal.reflect.NativeMethodAccessorImpl.invoke0(Native Method)
	at java.base/jdk.internal.reflect.NativeMethodAccessorImpl.invoke(NativeMethodAccessorImpl.java:62)
	at java.base/jdk.internal.reflect.DelegatingMethodAccessorImpl.invoke(DelegatingMethodAccessorImpl.java:43)
	at java.base/java.lang.reflect.Method.invoke(Method.java:566)
	at org.junit.runners.model.FrameworkMethod$1.runReflectiveCall(FrameworkMethod.java:44)
	at org.junit.internal.runners.model.ReflectiveCallable.run(ReflectiveCallable.java:15)
	at org.junit.runners.model.FrameworkMethod.invokeExplosively(FrameworkMethod.java:41)
	at junitparams.internal.InvokeParameterisedMethod.evaluate(InvokeParameterisedMethod.java:102)
	at org.junit.internal.runners.statements.FailOnTimeout$1.run(FailOnTimeout.java:28)
Caused by: ptolemy.kernel.util.IllegalActionException: initialize() was called after wrapup() was called but preinitialize() was not called after wrapup().
	at ptolemy.actor.lib.hoc.test.PreinitializeMustBeInvoked.initialize(PreinitializeMustBeInvoked.java:78)
	at ptolemy.actor.Director.initialize(Director.java:938)
	at ptolemy.actor.Director.initialize(Director.java:907)
	at ptolemy.actor.sched.StaticSchedulingDirector.initialize(StaticSchedulingDirector.java:159)
	at ptolemy.domains.sdf.kernel.SDFDirector.initialize(SDFDirector.java:544)
	at ptolemy.actor.CompositeActor.initialize(CompositeActor.java:935)
	at ptolemy.actor.lib.hoc.LifeCycleManager._executeInsideModel(LifeCycleManager.java:339)
	at ptolemy.actor.lib.hoc.RunCompositeActor.fire(RunCompositeActor.java:205)
	at ptolemy.actor.CompositeActor.iterate(CompositeActor.java:1146)
	at ptolemy.actor.sched.StaticSchedulingDirector.fire(StaticSchedulingDirector.java:216)
	at ptolemy.domains.sdf.kernel.SDFDirector.fire(SDFDirector.java:500)
	at ptolemy.actor.CompositeActor.fire(CompositeActor.java:455)
	at ptolemy.actor.Manager.iterate(Manager.java:851)
	at ptolemy.actor.Manager.execute(Manager.java:369)
	at ptolemy.actor.Manager.run(Manager.java:1263)
	at ptolemy.actor.Manager$PtolemyRunThread.run(Manager.java:1933)
Warning: Nashorn engine is planned to be removed from a future JDK release
Warning: Nashorn engine is planned to be removed from a future JDK release
Warning: Nashorn engine is planned to be removed from a future JDK release
Warning: Nashorn engine is planned to be removed from a future JDK release
Warning: Nashorn engine is planned to be removed from a future JDK release
Warning: Nashorn engine is planned to be removed from a future JDK release
Warning: Nashorn engine is planned to be removed from a future JDK release
Warning: Nashorn engine is planned to be removed from a future JDK release
]]></system-err>
</testsuite>
