<?xml version="1.0" encoding="UTF-8" ?>
<testsuite errors="0" failures="0" hostname="travis-job-9e6dae41-f960-4cdd-9a18-0ced9b7e19eb" name="ptolemy.domains.sdf.test.junit.JUnitTclTest" skipped="0" tests="66" time="19.557" timestamp="2020-02-03T07:12:53">
  <properties>
[...]
</properties>
  <testcase classname="ptolemy.util.test.junit.TclTests" name="[0] /home/travis/build/icyphy/ptII/ptolemy/domains/sdf/test/SDFSchedulerErrors.tcl (RunTclFile)" time="0.823" />
  <testcase classname="ptolemy.util.test.junit.TclTests" name="[1] /home/travis/build/icyphy/ptII/ptolemy/domains/sdf/test/composition.tcl (RunTclFile)" time="0.132" />
  <testcase classname="ptolemy.util.test.junit.TclTests" name="[2] /home/travis/build/icyphy/ptII/ptolemy/domains/sdf/test/cycle.tcl (RunTclFile)" time="0.068" />
  <testcase classname="ptolemy.util.test.junit.AutoKnownFailedTests" name="[0] ThereAreNoKnowFailedTests (RunModel)" time="0.002" />
  <testcase classname="ptolemy.util.test.junit.AutoNameArchTests" name="[0] ThereAreNoAutoArchTests (RunModel)" time="0.002" />
  <testcase classname="ptolemy.util.test.junit.AutoTests" name="[0] /home/travis/build/icyphy/ptII/ptolemy/domains/sdf/test/auto/Array.xml (RunModel)" time="0.276" />
  <testcase classname="ptolemy.util.test.junit.AutoTests" name="[1] /home/travis/build/icyphy/ptII/ptolemy/domains/sdf/test/auto/Butterfly.xml (RunModel)" time="0.159" />
  <testcase classname="ptolemy.util.test.junit.AutoTests" name="[2] /home/travis/build/icyphy/ptII/ptolemy/domains/sdf/test/auto/Expression.xml (RunModel)" time="0.102" />
  <testcase classname="ptolemy.util.test.junit.AutoTests" name="[3] /home/travis/build/icyphy/ptII/ptolemy/domains/sdf/test/auto/Eye.xml (RunModel)" time="0.255" />
  <testcase classname="ptolemy.util.test.junit.AutoTests" name="[4] /home/travis/build/icyphy/ptII/ptolemy/domains/sdf/test/auto/FixFIR.xml (RunModel)" time="0.371" />
  <testcase classname="ptolemy.util.test.junit.AutoTests" name="[5] /home/travis/build/icyphy/ptII/ptolemy/domains/sdf/test/auto/FixPoint.xml (RunModel)" time="0.028" />
  <testcase classname="ptolemy.util.test.junit.AutoTests" name="[6] /home/travis/build/icyphy/ptII/ptolemy/domains/sdf/test/auto/Gravitation.xml (RunModel)" time="3.309" />
  <testcase classname="ptolemy.util.test.junit.AutoTests" name="[7] /home/travis/build/icyphy/ptII/ptolemy/domains/sdf/test/auto/GravitationWithCollisionDetection.xml (RunModel)" time="5.825" />
  <testcase classname="ptolemy.util.test.junit.AutoTests" name="[8] /home/travis/build/icyphy/ptII/ptolemy/domains/sdf/test/auto/HDF.xml (RunModel)" time="0.146" />
  <testcase classname="ptolemy.util.test.junit.AutoTests" name="[9] /home/travis/build/icyphy/ptII/ptolemy/domains/sdf/test/auto/HDFwithTransientStates.xml (RunModel)" time="0.101" />
  <testcase classname="ptolemy.util.test.junit.AutoTests" name="[10] /home/travis/build/icyphy/ptII/ptolemy/domains/sdf/test/auto/HTVQ.xml (RunModel)" time="0.833" />
  <testcase classname="ptolemy.util.test.junit.AutoTests" name="[11] /home/travis/build/icyphy/ptII/ptolemy/domains/sdf/test/auto/InferInitProduction.xml (RunModel)" time="0.031" />
  <testcase classname="ptolemy.util.test.junit.AutoTests" name="[12] /home/travis/build/icyphy/ptII/ptolemy/domains/sdf/test/auto/InferInitProductionDeeper.xml (RunModel)" time="0.017" />
  <testcase classname="ptolemy.util.test.junit.AutoTests" name="[13] /home/travis/build/icyphy/ptII/ptolemy/domains/sdf/test/auto/LMSAdaptive.xml (RunModel)" time="0.061" />
  <testcase classname="ptolemy.util.test.junit.AutoTests" name="[14] /home/travis/build/icyphy/ptII/ptolemy/domains/sdf/test/auto/LogisticMap.xml (RunModel)" time="0.446" />
  <testcase classname="ptolemy.util.test.junit.AutoTests" name="[15] /home/travis/build/icyphy/ptII/ptolemy/domains/sdf/test/auto/MaximumEntropySpectrum.xml (RunModel)" time="0.296" />
  <testcase classname="ptolemy.util.test.junit.AutoTests" name="[16] /home/travis/build/icyphy/ptII/ptolemy/domains/sdf/test/auto/MultirateSDF.xml (RunModel)" time="0.06" />
  <testcase classname="ptolemy.util.test.junit.AutoTests" name="[17] /home/travis/build/icyphy/ptII/ptolemy/domains/sdf/test/auto/MultirateSDFwithTransientStates.xml (RunModel)" time="0.082" />
  <testcase classname="ptolemy.util.test.junit.AutoTests" name="[18] /home/travis/build/icyphy/ptII/ptolemy/domains/sdf/test/auto/NoisySinewave.xml (RunModel)" time="0.066" />
  <testcase classname="ptolemy.util.test.junit.AutoTests" name="[19] /home/travis/build/icyphy/ptII/ptolemy/domains/sdf/test/auto/Objects.xml (RunModel)" time="0.042" />
  <testcase classname="ptolemy.util.test.junit.AutoTests" name="[20] /home/travis/build/icyphy/ptII/ptolemy/domains/sdf/test/auto/OrthogonalCom.xml (RunModel)" time="0.043" />
  <testcase classname="ptolemy.util.test.junit.AutoTests" name="[21] /home/travis/build/icyphy/ptII/ptolemy/domains/sdf/test/auto/RijndaelEncryption.xml (RunModel)" time="0.461" />
  <testcase classname="ptolemy.util.test.junit.AutoTests" name="[22] /home/travis/build/icyphy/ptII/ptolemy/domains/sdf/test/auto/SDFEmptyIterations.xml (RunModel)" time="0.031" />
  <testcase classname="ptolemy.util.test.junit.AutoTests" name="[23] /home/travis/build/icyphy/ptII/ptolemy/domains/sdf/test/auto/Spectrum.xml (RunModel)" time="0.099" />
  <testcase classname="ptolemy.util.test.junit.AutoTests" name="[24] /home/travis/build/icyphy/ptII/ptolemy/domains/sdf/test/auto/de_inside_sdf.xml (RunModel)" time="0.024" />
  <testcase classname="ptolemy.util.test.junit.AutoTests" name="[25] /home/travis/build/icyphy/ptII/ptolemy/domains/sdf/test/auto/disconnectedHierarchicalSDF.xml (RunModel)" time="0.025" />
  <testcase classname="ptolemy.util.test.junit.AutoTests" name="[26] /home/travis/build/icyphy/ptII/ptolemy/domains/sdf/test/auto/disconnectedSDF.xml (RunModel)" time="0.015" />
  <testcase classname="ptolemy.util.test.junit.AutoTests" name="[27] /home/travis/build/icyphy/ptII/ptolemy/domains/sdf/test/auto/emptyRefinement.xml (RunModel)" time="0.017" />
  <testcase classname="ptolemy.util.test.junit.AutoTests" name="[28] /home/travis/build/icyphy/ptII/ptolemy/domains/sdf/test/auto/filePortParameter.xml (RunModel)" time="0.043" />
  <testcase classname="ptolemy.util.test.junit.AutoTests" name="[29] /home/travis/build/icyphy/ptII/ptolemy/domains/sdf/test/auto/inferRelationWidth1.xml (RunModel)" time="0.013" />
  <testcase classname="ptolemy.util.test.junit.AutoTests" name="[30] /home/travis/build/icyphy/ptII/ptolemy/domains/sdf/test/auto/initProductionInference.xml (RunModel)" time="0.019" />
  <testcase classname="ptolemy.util.test.junit.AutoTests" name="[31] /home/travis/build/icyphy/ptII/ptolemy/domains/sdf/test/auto/relationGroup.xml (RunModel)" time="0.013" />
  <testcase classname="ptolemy.util.test.junit.AutoTests" name="[32] /home/travis/build/icyphy/ptII/ptolemy/domains/sdf/test/auto/relationGroup10.xml (RunModel)" time="0.019" />
  <testcase classname="ptolemy.util.test.junit.AutoTests" name="[33] /home/travis/build/icyphy/ptII/ptolemy/domains/sdf/test/auto/relationGroup11.xml (RunModel)" time="0.014" />
  <testcase classname="ptolemy.util.test.junit.AutoTests" name="[34] /home/travis/build/icyphy/ptII/ptolemy/domains/sdf/test/auto/relationGroup12.xml (RunModel)" time="0.012" />
  <testcase classname="ptolemy.util.test.junit.AutoTests" name="[35] /home/travis/build/icyphy/ptII/ptolemy/domains/sdf/test/auto/relationGroup13.xml (RunModel)" time="0.016" />
  <testcase classname="ptolemy.util.test.junit.AutoTests" name="[36] /home/travis/build/icyphy/ptII/ptolemy/domains/sdf/test/auto/relationGroup14.xml (RunModel)" time="0.014" />
  <testcase classname="ptolemy.util.test.junit.AutoTests" name="[37] /home/travis/build/icyphy/ptII/ptolemy/domains/sdf/test/auto/relationGroup15.xml (RunModel)" time="0.011" />
  <testcase classname="ptolemy.util.test.junit.AutoTests" name="[38] /home/travis/build/icyphy/ptII/ptolemy/domains/sdf/test/auto/relationGroup2.xml (RunModel)" time="0.017" />
  <testcase classname="ptolemy.util.test.junit.AutoTests" name="[39] /home/travis/build/icyphy/ptII/ptolemy/domains/sdf/test/auto/relationGroup3.xml (RunModel)" time="0.008" />
  <testcase classname="ptolemy.util.test.junit.AutoTests" name="[40] /home/travis/build/icyphy/ptII/ptolemy/domains/sdf/test/auto/relationGroup4.xml (RunModel)" time="0.013" />
  <testcase classname="ptolemy.util.test.junit.AutoTests" name="[41] /home/travis/build/icyphy/ptII/ptolemy/domains/sdf/test/auto/relationGroup5.xml (RunModel)" time="0.013" />
  <testcase classname="ptolemy.util.test.junit.AutoTests" name="[42] /home/travis/build/icyphy/ptII/ptolemy/domains/sdf/test/auto/relationGroup6.xml (RunModel)" time="0.017" />
  <testcase classname="ptolemy.util.test.junit.AutoTests" name="[43] /home/travis/build/icyphy/ptII/ptolemy/domains/sdf/test/auto/relationGroup7.xml (RunModel)" time="0.011" />
  <testcase classname="ptolemy.util.test.junit.AutoTests" name="[44] /home/travis/build/icyphy/ptII/ptolemy/domains/sdf/test/auto/relationGroup8.xml (RunModel)" time="0.015" />
  <testcase classname="ptolemy.util.test.junit.AutoTests" name="[45] /home/travis/build/icyphy/ptII/ptolemy/domains/sdf/test/auto/relationGroup9.xml (RunModel)" time="0.015" />
  <testcase classname="ptolemy.util.test.junit.AutoTests" name="[46] /home/travis/build/icyphy/ptII/ptolemy/domains/sdf/test/auto/sdf_inside_de.xml (RunModel)" time="0.035" />
  <testcase classname="ptolemy.util.test.junit.AutoTests" name="[47] /home/travis/build/icyphy/ptII/ptolemy/domains/sdf/test/auto/sdf_inside_pn.xml (RunModel)" time="0.056" />
  <testcase classname="ptolemy.util.test.junit.AutoTests" name="[48] /home/travis/build/icyphy/ptII/ptolemy/domains/sdf/test/auto/sdf_sdf1.xml (RunModel)" time="0.02" />
  <testcase classname="ptolemy.util.test.junit.AutoTests" name="[49] /home/travis/build/icyphy/ptII/ptolemy/domains/sdf/test/auto/test1.xml (RunModel)" time="0.014" />
  <testcase classname="ptolemy.util.test.junit.AutoTests" name="[50] /home/travis/build/icyphy/ptII/ptolemy/domains/sdf/test/auto/time1.xml (RunModel)" time="0.008" />
  <testcase classname="ptolemy.util.test.junit.AutoTests" name="[51] /home/travis/build/icyphy/ptII/ptolemy/domains/sdf/test/auto/time2.xml (RunModel)" time="0.007" />
  <testcase classname="ptolemy.util.test.junit.AutoTests" name="[52] /home/travis/build/icyphy/ptII/ptolemy/domains/sdf/test/auto/time3.xml (RunModel)" time="0.017" />
  <testcase classname="ptolemy.util.test.junit.AutoTests" name="[53] /home/travis/build/icyphy/ptII/ptolemy/domains/sdf/test/auto/time4.xml (RunModel)" time="0.016" />
  <testcase classname="ptolemy.util.test.junit.AutoTests" name="[54] /home/travis/build/icyphy/ptII/ptolemy/domains/sdf/test/auto/time5.xml (RunModel)" time="4.008" />
  <testcase classname="ptolemy.util.test.junit.AutoTests" name="[55] /home/travis/build/icyphy/ptII/ptolemy/domains/sdf/test/auto/typeSystem_Const_Integer_smallest_Type.xml (RunModel)" time="0.041" />
  <testcase classname="ptolemy.util.test.junit.AutoTests" name="[56] /home/travis/build/icyphy/ptII/ptolemy/domains/sdf/test/auto/typeSystem_declared_Inports_OutportTypeException.xml (RunModel)" time="0.02" />
  <testcase classname="ptolemy.util.test.junit.AutoTests" name="[57] /home/travis/build/icyphy/ptII/ptolemy/domains/sdf/test/auto/typeSystem_oneDeclaredInportType_wrongTypeOutport.xml (RunModel)" time="0.015" />
  <testcase classname="ptolemy.util.test.junit.AutoTests" name="[58] /home/travis/build/icyphy/ptII/ptolemy/domains/sdf/test/auto/width.xml (RunModel)" time="0.011" />
  <testcase classname="ptolemy.util.test.junit.AutoTests" name="[59] /home/travis/build/icyphy/ptII/ptolemy/domains/sdf/test/auto/width2.xml (RunModel)" time="0.03" />
  <testcase classname="ptolemy.util.test.junit.AutoTests" name="[60] /home/travis/build/icyphy/ptII/ptolemy/domains/sdf/test/auto/width3.xml (RunModel)" time="0.035" />
  <system-out><![CDATA[/home/travis/build/icyphy/ptII/ptolemy/domains/sdf/test/SDFSchedulerErrors.tcl
testDefs.tcl: setting time out to 9000 seconds at Mon Feb 03 07:12:53 UTC 2020
105 ms. Memory: 129024K Free: 88516K (69%)
7 ms. Memory: 129024K Free: 80838K (63%)
14 ms. Memory: 129024K Free: 74694K (58%)
7 ms. Memory: 129024K Free: 71622K (56%)
/home/travis/build/icyphy/ptII/ptolemy/domains/sdf/test/composition.tcl
24 ms. Memory: 129024K Free: 67526K (52%)
11 ms. Memory: 129024K Free: 65478K (51%)
/home/travis/build/icyphy/ptII/ptolemy/domains/sdf/test/cycle.tcl
.Toplevel.Director Preinitializing ...
Invoking preinitialize():  .Toplevel.Actor1
Invoking preinitialize():  .Toplevel.Actor2
Invoking preinitialize():  .Toplevel.Delay
.Toplevel.Director Finished preinitialize().
### Schedule:
Execute Schedule{
Fire Actor ptolemy.domains.sdf.kernel.test.SDFTestDelay {.Toplevel.Actor1}
Fire Actor ptolemy.domains.sdf.kernel.test.SDFTestDelay {.Toplevel.Actor2}
Fire Actor ptolemy.domains.sdf.lib.SampleDelay {.Toplevel.Delay}
}
### End schedule
Called initialize().
Invoking initialize():  .Toplevel.Actor1
Initializing actor: .Toplevel.Actor1.
Invoking initialize():  .Toplevel.Actor2
Initializing actor: .Toplevel.Actor2.
Invoking initialize():  .Toplevel.Delay
Initializing actor: .Toplevel.Delay.
Director: Called prefire().
-- Setting current time to 0.0
Director prefire returns true.
The actor .Toplevel.Actor1 will be iterated.
The actor .Toplevel.Actor1 was iterated.
The actor .Toplevel.Actor2 will be iterated.
The actor .Toplevel.Actor2 was iterated.
The actor .Toplevel.Delay will be iterated.
The actor .Toplevel.Delay was iterated.
Director: Called postfire().
Postfire returns: true
Director: Called prefire().
-- Setting current time to 0.0
Director prefire returns true.
The actor .Toplevel.Actor1 will be iterated.
The actor .Toplevel.Actor1 was iterated.
The actor .Toplevel.Actor2 will be iterated.
The actor .Toplevel.Actor2 was iterated.
The actor .Toplevel.Delay will be iterated.
The actor .Toplevel.Delay was iterated.
Director: Called postfire().
Postfire returns: true
Director: Called prefire().
-- Setting current time to 0.0
Director prefire returns true.
The actor .Toplevel.Actor1 will be iterated.
The actor .Toplevel.Actor1 was iterated.
The actor .Toplevel.Actor2 will be iterated.
The actor .Toplevel.Actor2 was iterated.
The actor .Toplevel.Delay will be iterated.
The actor .Toplevel.Delay was iterated.
Director: Called postfire().
Postfire returns: true
Director: Called prefire().
-- Setting current time to 0.0
Director prefire returns true.
The actor .Toplevel.Actor1 will be iterated.
The actor .Toplevel.Actor1 was iterated.
The actor .Toplevel.Actor2 will be iterated.
The actor .Toplevel.Actor2 was iterated.
The actor .Toplevel.Delay will be iterated.
The actor .Toplevel.Delay was iterated.
Director: Called postfire().
Postfire returns: true
Director: Called prefire().
-- Setting current time to 0.0
Director prefire returns true.
The actor .Toplevel.Actor1 will be iterated.
The actor .Toplevel.Actor1 was iterated.
The actor .Toplevel.Actor2 will be iterated.
The actor .Toplevel.Actor2 was iterated.
The actor .Toplevel.Delay will be iterated.
The actor .Toplevel.Delay was iterated.
Director: Called postfire().
Postfire returns: true
Director: Called prefire().
-- Setting current time to 0.0
Director prefire returns true.
The actor .Toplevel.Actor1 will be iterated.
The actor .Toplevel.Actor1 was iterated.
The actor .Toplevel.Actor2 will be iterated.
The actor .Toplevel.Actor2 was iterated.
The actor .Toplevel.Delay will be iterated.
The actor .Toplevel.Delay was iterated.
Reached specified number of iterations: 6
Director: Called wrapup().
28 ms. Memory: 129024K Free: 62916K (49%)
02/03/20 07:12:54
Failed: 0  Total Tests: 8  ((Passed: 8, Newly Passed: 0)  Known Failed: 0) /home/travis/build/icyphy/ptII/ptolemy/domains/sdf/test
No auto/knownFailedTests/*.xml tests in /home/travis/build/icyphy/ptII/ptolemy/domains/sdf/test
No auto/linux-amd64/*.xml tests in /home/travis/build/icyphy/ptII/ptolemy/domains/sdf/test
AutoTests.java: About to close Vertx.
AutoTests.java: Vertx closed.

===========================================================================================
----------------- testing Mon Feb 03 07:12:55 UTC 2020 /home/travis/build/icyphy/ptII/ptolemy/domains/sdf/test/auto/Array.xml
----------------- Instantiating /home/travis/build/icyphy/ptII/ptolemy/domains/sdf/test/auto/Array.xml
32 ms. Memory: 129024K Free: 109954K (85%)
----------------- Invoking toplevel() on ptolemy.moml.MoMLSimpleApplication@47282b26
----------------- Done invoking toplevel() on ptolemy.moml.MoMLSimpleApplication@47282b26
reloadAllAccessors: .Array

===========================================================================================
----------------- testing Mon Feb 03 07:12:55 UTC 2020 /home/travis/build/icyphy/ptII/ptolemy/domains/sdf/test/auto/Butterfly.xml
----------------- Instantiating /home/travis/build/icyphy/ptII/ptolemy/domains/sdf/test/auto/Butterfly.xml
118 ms. Memory: 129024K Free: 103864K (80%)
----------------- Invoking toplevel() on ptolemy.moml.MoMLSimpleApplication@66df511a
----------------- Done invoking toplevel() on ptolemy.moml.MoMLSimpleApplication@66df511a
reloadAllAccessors: .Butterfly

===========================================================================================
----------------- testing Mon Feb 03 07:12:55 UTC 2020 /home/travis/build/icyphy/ptII/ptolemy/domains/sdf/test/auto/Expression.xml
----------------- Instantiating /home/travis/build/icyphy/ptII/ptolemy/domains/sdf/test/auto/Expression.xml
56 ms. Memory: 129024K Free: 99393K (77%)
----------------- Invoking toplevel() on ptolemy.moml.MoMLSimpleApplication@3fca0e61
----------------- Done invoking toplevel() on ptolemy.moml.MoMLSimpleApplication@3fca0e61
reloadAllAccessors: .Expression

===========================================================================================
----------------- testing Mon Feb 03 07:12:55 UTC 2020 /home/travis/build/icyphy/ptII/ptolemy/domains/sdf/test/auto/Eye.xml
----------------- Instantiating /home/travis/build/icyphy/ptII/ptolemy/domains/sdf/test/auto/Eye.xml
180 ms. Memory: 129024K Free: 74817K (58%)
----------------- Invoking toplevel() on ptolemy.moml.MoMLSimpleApplication@4fee369f
----------------- Done invoking toplevel() on ptolemy.moml.MoMLSimpleApplication@4fee369f
reloadAllAccessors: .Eye

===========================================================================================
----------------- testing Mon Feb 03 07:12:56 UTC 2020 /home/travis/build/icyphy/ptII/ptolemy/domains/sdf/test/auto/FixFIR.xml
----------------- Instantiating /home/travis/build/icyphy/ptII/ptolemy/domains/sdf/test/auto/FixFIR.xml
141 ms. Memory: 129024K Free: 97875K (76%)
----------------- Invoking toplevel() on ptolemy.moml.MoMLSimpleApplication@42d58e68
----------------- Done invoking toplevel() on ptolemy.moml.MoMLSimpleApplication@42d58e68
reloadAllAccessors: .FixFIR

===========================================================================================
----------------- testing Mon Feb 03 07:12:56 UTC 2020 /home/travis/build/icyphy/ptII/ptolemy/domains/sdf/test/auto/FixPoint.xml
----------------- Instantiating /home/travis/build/icyphy/ptII/ptolemy/domains/sdf/test/auto/FixPoint.xml
11 ms. Memory: 129024K Free: 93205K (72%)
----------------- Invoking toplevel() on ptolemy.moml.MoMLSimpleApplication@652fe290
----------------- Done invoking toplevel() on ptolemy.moml.MoMLSimpleApplication@652fe290
reloadAllAccessors: .FixPoint

===========================================================================================
----------------- testing Mon Feb 03 07:12:56 UTC 2020 /home/travis/build/icyphy/ptII/ptolemy/domains/sdf/test/auto/Gravitation.xml
----------------- Instantiating /home/travis/build/icyphy/ptII/ptolemy/domains/sdf/test/auto/Gravitation.xml
3190 ms. Memory: 155648K Free: 84735K (54%)
----------------- Invoking toplevel() on ptolemy.moml.MoMLSimpleApplication@16d10684
----------------- Done invoking toplevel() on ptolemy.moml.MoMLSimpleApplication@16d10684
reloadAllAccessors: .Gravitation

===========================================================================================
----------------- testing Mon Feb 03 07:12:59 UTC 2020 /home/travis/build/icyphy/ptII/ptolemy/domains/sdf/test/auto/GravitationWithCollisionDetection.xml
----------------- Instantiating /home/travis/build/icyphy/ptII/ptolemy/domains/sdf/test/auto/GravitationWithCollisionDetection.xml
5649 ms. Memory: 270336K Free: 130528K (48%)
----------------- Invoking toplevel() on ptolemy.moml.MoMLSimpleApplication@5711bf90
----------------- Done invoking toplevel() on ptolemy.moml.MoMLSimpleApplication@5711bf90
reloadAllAccessors: .GravitationWithCollisionDetection

===========================================================================================
----------------- testing Mon Feb 03 07:13:05 UTC 2020 /home/travis/build/icyphy/ptII/ptolemy/domains/sdf/test/auto/HDF.xml
----------------- Instantiating /home/travis/build/icyphy/ptII/ptolemy/domains/sdf/test/auto/HDF.xml
66 ms. Memory: 270336K Free: 114640K (42%)
----------------- Invoking toplevel() on ptolemy.moml.MoMLSimpleApplication@24edd2be
----------------- Done invoking toplevel() on ptolemy.moml.MoMLSimpleApplication@24edd2be
reloadAllAccessors: .HDF

===========================================================================================
----------------- testing Mon Feb 03 07:13:05 UTC 2020 /home/travis/build/icyphy/ptII/ptolemy/domains/sdf/test/auto/HDFwithTransientStates.xml
----------------- Instantiating /home/travis/build/icyphy/ptII/ptolemy/domains/sdf/test/auto/HDFwithTransientStates.xml
34 ms. Memory: 270336K Free: 95712K (35%)
----------------- Invoking toplevel() on ptolemy.moml.MoMLSimpleApplication@6f7c8dc5
----------------- Done invoking toplevel() on ptolemy.moml.MoMLSimpleApplication@6f7c8dc5
reloadAllAccessors: .HDFwithTransientStates

===========================================================================================
----------------- testing Mon Feb 03 07:13:05 UTC 2020 /home/travis/build/icyphy/ptII/ptolemy/domains/sdf/test/auto/HTVQ.xml
----------------- Instantiating /home/travis/build/icyphy/ptII/ptolemy/domains/sdf/test/auto/HTVQ.xml
786 ms. Memory: 350208K Free: 323139K (92%)
----------------- Invoking toplevel() on ptolemy.moml.MoMLSimpleApplication@47780f38
----------------- Done invoking toplevel() on ptolemy.moml.MoMLSimpleApplication@47780f38
reloadAllAccessors: .HTVQ

===========================================================================================
----------------- testing Mon Feb 03 07:13:06 UTC 2020 /home/travis/build/icyphy/ptII/ptolemy/domains/sdf/test/auto/InferInitProduction.xml
----------------- Instantiating /home/travis/build/icyphy/ptII/ptolemy/domains/sdf/test/auto/InferInitProduction.xml
7 ms. Memory: 350208K Free: 318019K (91%)
----------------- Invoking toplevel() on ptolemy.moml.MoMLSimpleApplication@7cfbaa4e
----------------- Done invoking toplevel() on ptolemy.moml.MoMLSimpleApplication@7cfbaa4e
reloadAllAccessors: .InferInitProduction

===========================================================================================
----------------- testing Mon Feb 03 07:13:06 UTC 2020 /home/travis/build/icyphy/ptII/ptolemy/domains/sdf/test/auto/InferInitProductionDeeper.xml
----------------- Instantiating /home/travis/build/icyphy/ptII/ptolemy/domains/sdf/test/auto/InferInitProductionDeeper.xml
4 ms. Memory: 350208K Free: 311845K (89%)
----------------- Invoking toplevel() on ptolemy.moml.MoMLSimpleApplication@62b28447
----------------- Done invoking toplevel() on ptolemy.moml.MoMLSimpleApplication@62b28447
reloadAllAccessors: .InferInitProductionDeeper

===========================================================================================
----------------- testing Mon Feb 03 07:13:06 UTC 2020 /home/travis/build/icyphy/ptII/ptolemy/domains/sdf/test/auto/LMSAdaptive.xml
----------------- Instantiating /home/travis/build/icyphy/ptII/ptolemy/domains/sdf/test/auto/LMSAdaptive.xml
10 ms. Memory: 350208K Free: 302659K (86%)
----------------- Invoking toplevel() on ptolemy.moml.MoMLSimpleApplication@43872e73
----------------- Done invoking toplevel() on ptolemy.moml.MoMLSimpleApplication@43872e73
reloadAllAccessors: .LMSAdaptive

===========================================================================================
----------------- testing Mon Feb 03 07:13:06 UTC 2020 /home/travis/build/icyphy/ptII/ptolemy/domains/sdf/test/auto/LogisticMap.xml
----------------- Instantiating /home/travis/build/icyphy/ptII/ptolemy/domains/sdf/test/auto/LogisticMap.xml
427 ms. Memory: 350208K Free: 296515K (85%)
----------------- Invoking toplevel() on ptolemy.moml.MoMLSimpleApplication@63ca331f
----------------- Done invoking toplevel() on ptolemy.moml.MoMLSimpleApplication@63ca331f
reloadAllAccessors: .LogisticMap

===========================================================================================
----------------- testing Mon Feb 03 07:13:07 UTC 2020 /home/travis/build/icyphy/ptII/ptolemy/domains/sdf/test/auto/MaximumEntropySpectrum.xml
----------------- Instantiating /home/travis/build/icyphy/ptII/ptolemy/domains/sdf/test/auto/MaximumEntropySpectrum.xml
72 ms. Memory: 350208K Free: 234565K (67%)
----------------- Invoking toplevel() on ptolemy.moml.MoMLSimpleApplication@657ed896
----------------- Done invoking toplevel() on ptolemy.moml.MoMLSimpleApplication@657ed896
reloadAllAccessors: .MaximumEntropySpectrum

===========================================================================================
----------------- testing Mon Feb 03 07:13:07 UTC 2020 /home/travis/build/icyphy/ptII/ptolemy/domains/sdf/test/auto/MultirateSDF.xml
----------------- Instantiating /home/travis/build/icyphy/ptII/ptolemy/domains/sdf/test/auto/MultirateSDF.xml
16 ms. Memory: 350208K Free: 220229K (63%)
----------------- Invoking toplevel() on ptolemy.moml.MoMLSimpleApplication@15241d0a
----------------- Done invoking toplevel() on ptolemy.moml.MoMLSimpleApplication@15241d0a
reloadAllAccessors: .MultirateSDF

===========================================================================================
----------------- testing Mon Feb 03 07:13:07 UTC 2020 /home/travis/build/icyphy/ptII/ptolemy/domains/sdf/test/auto/MultirateSDFwithTransientStates.xml
----------------- Instantiating /home/travis/build/icyphy/ptII/ptolemy/domains/sdf/test/auto/MultirateSDFwithTransientStates.xml
19 ms. Memory: 350208K Free: 201269K (57%)
----------------- Invoking toplevel() on ptolemy.moml.MoMLSimpleApplication@5f895b5f
----------------- Done invoking toplevel() on ptolemy.moml.MoMLSimpleApplication@5f895b5f
reloadAllAccessors: .MultirateSDFwithTransientStates

===========================================================================================
----------------- testing Mon Feb 03 07:13:07 UTC 2020 /home/travis/build/icyphy/ptII/ptolemy/domains/sdf/test/auto/NoisySinewave.xml
----------------- Instantiating /home/travis/build/icyphy/ptII/ptolemy/domains/sdf/test/auto/NoisySinewave.xml
13 ms. Memory: 350208K Free: 185413K (53%)
----------------- Invoking toplevel() on ptolemy.moml.MoMLSimpleApplication@5ae38489
----------------- Done invoking toplevel() on ptolemy.moml.MoMLSimpleApplication@5ae38489
reloadAllAccessors: .NoisySinewave

===========================================================================================
----------------- testing Mon Feb 03 07:13:07 UTC 2020 /home/travis/build/icyphy/ptII/ptolemy/domains/sdf/test/auto/Objects.xml
----------------- Instantiating /home/travis/build/icyphy/ptII/ptolemy/domains/sdf/test/auto/Objects.xml
5 ms. Memory: 350208K Free: 177221K (51%)
----------------- Invoking toplevel() on ptolemy.moml.MoMLSimpleApplication@7f5fc953
----------------- Done invoking toplevel() on ptolemy.moml.MoMLSimpleApplication@7f5fc953
reloadAllAccessors: .Objects

===========================================================================================
----------------- testing Mon Feb 03 07:13:07 UTC 2020 /home/travis/build/icyphy/ptII/ptolemy/domains/sdf/test/auto/OrthogonalCom.xml
----------------- Instantiating /home/travis/build/icyphy/ptII/ptolemy/domains/sdf/test/auto/OrthogonalCom.xml
5 ms. Memory: 350208K Free: 169539K (48%)
----------------- Invoking toplevel() on ptolemy.moml.MoMLSimpleApplication@25b1c13e
----------------- Done invoking toplevel() on ptolemy.moml.MoMLSimpleApplication@25b1c13e
reloadAllAccessors: .OrthogonalCom

===========================================================================================
----------------- testing Mon Feb 03 07:13:07 UTC 2020 /home/travis/build/icyphy/ptII/ptolemy/domains/sdf/test/auto/RijndaelEncryption.xml
----------------- Instantiating /home/travis/build/icyphy/ptII/ptolemy/domains/sdf/test/auto/RijndaelEncryption.xml
208 ms. Memory: 350208K Free: 231674K (66%)
----------------- Invoking toplevel() on ptolemy.moml.MoMLSimpleApplication@7eee7d45
----------------- Done invoking toplevel() on ptolemy.moml.MoMLSimpleApplication@7eee7d45
reloadAllAccessors: .RijndaelEncryption

===========================================================================================
----------------- testing Mon Feb 03 07:13:08 UTC 2020 /home/travis/build/icyphy/ptII/ptolemy/domains/sdf/test/auto/SDFEmptyIterations.xml
----------------- Instantiating /home/travis/build/icyphy/ptII/ptolemy/domains/sdf/test/auto/SDFEmptyIterations.xml
4 ms. Memory: 350208K Free: 227068K (65%)
----------------- Invoking toplevel() on ptolemy.moml.MoMLSimpleApplication@4ff05680
----------------- Done invoking toplevel() on ptolemy.moml.MoMLSimpleApplication@4ff05680
reloadAllAccessors: .SDFEmptyIterations

===========================================================================================
----------------- testing Mon Feb 03 07:13:08 UTC 2020 /home/travis/build/icyphy/ptII/ptolemy/domains/sdf/test/auto/Spectrum.xml
----------------- Instantiating /home/travis/build/icyphy/ptII/ptolemy/domains/sdf/test/auto/Spectrum.xml
33 ms. Memory: 350208K Free: 201978K (58%)
----------------- Invoking toplevel() on ptolemy.moml.MoMLSimpleApplication@1c402f6d
----------------- Done invoking toplevel() on ptolemy.moml.MoMLSimpleApplication@1c402f6d
reloadAllAccessors: .Spectrum

===========================================================================================
----------------- testing Mon Feb 03 07:13:08 UTC 2020 /home/travis/build/icyphy/ptII/ptolemy/domains/sdf/test/auto/de_inside_sdf.xml
----------------- Instantiating /home/travis/build/icyphy/ptII/ptolemy/domains/sdf/test/auto/de_inside_sdf.xml
6 ms. Memory: 350208K Free: 196828K (56%)
----------------- Invoking toplevel() on ptolemy.moml.MoMLSimpleApplication@617bc6e8
----------------- Done invoking toplevel() on ptolemy.moml.MoMLSimpleApplication@617bc6e8
reloadAllAccessors: .de_inside_sdf

===========================================================================================
----------------- testing Mon Feb 03 07:13:08 UTC 2020 /home/travis/build/icyphy/ptII/ptolemy/domains/sdf/test/auto/disconnectedHierarchicalSDF.xml
----------------- Instantiating /home/travis/build/icyphy/ptII/ptolemy/domains/sdf/test/auto/disconnectedHierarchicalSDF.xml
4 ms. Memory: 350208K Free: 190204K (54%)
----------------- Invoking toplevel() on ptolemy.moml.MoMLSimpleApplication@340d678b
----------------- Done invoking toplevel() on ptolemy.moml.MoMLSimpleApplication@340d678b
reloadAllAccessors: .disconnectedHierarchicalSDF

===========================================================================================
----------------- testing Mon Feb 03 07:13:08 UTC 2020 /home/travis/build/icyphy/ptII/ptolemy/domains/sdf/test/auto/disconnectedSDF.xml
----------------- Instantiating /home/travis/build/icyphy/ptII/ptolemy/domains/sdf/test/auto/disconnectedSDF.xml
3 ms. Memory: 350208K Free: 186618K (53%)
----------------- Invoking toplevel() on ptolemy.moml.MoMLSimpleApplication@52801ba7
----------------- Done invoking toplevel() on ptolemy.moml.MoMLSimpleApplication@52801ba7
reloadAllAccessors: .disconnectedSDF

===========================================================================================
----------------- testing Mon Feb 03 07:13:08 UTC 2020 /home/travis/build/icyphy/ptII/ptolemy/domains/sdf/test/auto/emptyRefinement.xml
----------------- Instantiating /home/travis/build/icyphy/ptII/ptolemy/domains/sdf/test/auto/emptyRefinement.xml
3 ms. Memory: 350208K Free: 182012K (52%)
----------------- Invoking toplevel() on ptolemy.moml.MoMLSimpleApplication@5d91edcb
----------------- Done invoking toplevel() on ptolemy.moml.MoMLSimpleApplication@5d91edcb
reloadAllAccessors: .emptyRefinement

===========================================================================================
----------------- testing Mon Feb 03 07:13:08 UTC 2020 /home/travis/build/icyphy/ptII/ptolemy/domains/sdf/test/auto/filePortParameter.xml
----------------- Instantiating /home/travis/build/icyphy/ptII/ptolemy/domains/sdf/test/auto/filePortParameter.xml
18 ms. Memory: 350208K Free: 174844K (50%)
----------------- Invoking toplevel() on ptolemy.moml.MoMLSimpleApplication@15c2656b
----------------- Done invoking toplevel() on ptolemy.moml.MoMLSimpleApplication@15c2656b
reloadAllAccessors: .filePortParameter

===========================================================================================
----------------- testing Mon Feb 03 07:13:08 UTC 2020 /home/travis/build/icyphy/ptII/ptolemy/domains/sdf/test/auto/inferRelationWidth1.xml
----------------- Instantiating /home/travis/build/icyphy/ptII/ptolemy/domains/sdf/test/auto/inferRelationWidth1.xml
2 ms. Memory: 350208K Free: 171772K (49%)
----------------- Invoking toplevel() on ptolemy.moml.MoMLSimpleApplication@3640e7b2
----------------- Done invoking toplevel() on ptolemy.moml.MoMLSimpleApplication@3640e7b2
reloadAllAccessors: .inferRelationWidth1

===========================================================================================
----------------- testing Mon Feb 03 07:13:08 UTC 2020 /home/travis/build/icyphy/ptII/ptolemy/domains/sdf/test/auto/initProductionInference.xml
----------------- Instantiating /home/travis/build/icyphy/ptII/ptolemy/domains/sdf/test/auto/initProductionInference.xml
7 ms. Memory: 350208K Free: 167676K (48%)
----------------- Invoking toplevel() on ptolemy.moml.MoMLSimpleApplication@4de86973
----------------- Done invoking toplevel() on ptolemy.moml.MoMLSimpleApplication@4de86973
reloadAllAccessors: .initProductionInference

===========================================================================================
----------------- testing Mon Feb 03 07:13:08 UTC 2020 /home/travis/build/icyphy/ptII/ptolemy/domains/sdf/test/auto/relationGroup.xml
----------------- Instantiating /home/travis/build/icyphy/ptII/ptolemy/domains/sdf/test/auto/relationGroup.xml
3 ms. Memory: 350208K Free: 164604K (47%)
----------------- Invoking toplevel() on ptolemy.moml.MoMLSimpleApplication@201cd147
----------------- Done invoking toplevel() on ptolemy.moml.MoMLSimpleApplication@201cd147
reloadAllAccessors: .relationGroup

===========================================================================================
----------------- testing Mon Feb 03 07:13:08 UTC 2020 /home/travis/build/icyphy/ptII/ptolemy/domains/sdf/test/auto/relationGroup10.xml
----------------- Instantiating /home/travis/build/icyphy/ptII/ptolemy/domains/sdf/test/auto/relationGroup10.xml
4 ms. Memory: 350208K Free: 161018K (46%)
----------------- Invoking toplevel() on ptolemy.moml.MoMLSimpleApplication@497c13a5
----------------- Done invoking toplevel() on ptolemy.moml.MoMLSimpleApplication@497c13a5
reloadAllAccessors: .relationGroup10

===========================================================================================
----------------- testing Mon Feb 03 07:13:08 UTC 2020 /home/travis/build/icyphy/ptII/ptolemy/domains/sdf/test/auto/relationGroup11.xml
----------------- Instantiating /home/travis/build/icyphy/ptII/ptolemy/domains/sdf/test/auto/relationGroup11.xml
3 ms. Memory: 350208K Free: 157436K (45%)
----------------- Invoking toplevel() on ptolemy.moml.MoMLSimpleApplication@d1f707a
----------------- Done invoking toplevel() on ptolemy.moml.MoMLSimpleApplication@d1f707a
reloadAllAccessors: .relationGroup11

===========================================================================================
----------------- testing Mon Feb 03 07:13:08 UTC 2020 /home/travis/build/icyphy/ptII/ptolemy/domains/sdf/test/auto/relationGroup12.xml
----------------- Instantiating /home/travis/build/icyphy/ptII/ptolemy/domains/sdf/test/auto/relationGroup12.xml
2 ms. Memory: 350208K Free: 153850K (44%)
----------------- Invoking toplevel() on ptolemy.moml.MoMLSimpleApplication@3f449592
----------------- Done invoking toplevel() on ptolemy.moml.MoMLSimpleApplication@3f449592
reloadAllAccessors: .relationGroup12

===========================================================================================
----------------- testing Mon Feb 03 07:13:08 UTC 2020 /home/travis/build/icyphy/ptII/ptolemy/domains/sdf/test/auto/relationGroup13.xml
----------------- Instantiating /home/travis/build/icyphy/ptII/ptolemy/domains/sdf/test/auto/relationGroup13.xml
7 ms. Memory: 350208K Free: 149244K (43%)
----------------- Invoking toplevel() on ptolemy.moml.MoMLSimpleApplication@2a8dcc4a
----------------- Done invoking toplevel() on ptolemy.moml.MoMLSimpleApplication@2a8dcc4a
reloadAllAccessors: .relationGroup13

===========================================================================================
----------------- testing Mon Feb 03 07:13:08 UTC 2020 /home/travis/build/icyphy/ptII/ptolemy/domains/sdf/test/auto/relationGroup14.xml
----------------- Instantiating /home/travis/build/icyphy/ptII/ptolemy/domains/sdf/test/auto/relationGroup14.xml
3 ms. Memory: 350208K Free: 144634K (41%)
----------------- Invoking toplevel() on ptolemy.moml.MoMLSimpleApplication@6c5ab6a6
----------------- Done invoking toplevel() on ptolemy.moml.MoMLSimpleApplication@6c5ab6a6
reloadAllAccessors: .relationGroup14

===========================================================================================
----------------- testing Mon Feb 03 07:13:08 UTC 2020 /home/travis/build/icyphy/ptII/ptolemy/domains/sdf/test/auto/relationGroup15.xml
----------------- Instantiating /home/travis/build/icyphy/ptII/ptolemy/domains/sdf/test/auto/relationGroup15.xml
2 ms. Memory: 350208K Free: 141052K (40%)
----------------- Invoking toplevel() on ptolemy.moml.MoMLSimpleApplication@4d87e78d
----------------- Done invoking toplevel() on ptolemy.moml.MoMLSimpleApplication@4d87e78d
reloadAllAccessors: .relationGroup15

===========================================================================================
----------------- testing Mon Feb 03 07:13:08 UTC 2020 /home/travis/build/icyphy/ptII/ptolemy/domains/sdf/test/auto/relationGroup2.xml
----------------- Instantiating /home/travis/build/icyphy/ptII/ptolemy/domains/sdf/test/auto/relationGroup2.xml
2 ms. Memory: 350208K Free: 137980K (39%)
----------------- Invoking toplevel() on ptolemy.moml.MoMLSimpleApplication@51f6b443
----------------- Done invoking toplevel() on ptolemy.moml.MoMLSimpleApplication@51f6b443
reloadAllAccessors: .relationGroup2

===========================================================================================
----------------- testing Mon Feb 03 07:13:08 UTC 2020 /home/travis/build/icyphy/ptII/ptolemy/domains/sdf/test/auto/relationGroup3.xml
----------------- Instantiating /home/travis/build/icyphy/ptII/ptolemy/domains/sdf/test/auto/relationGroup3.xml
1 ms. Memory: 350208K Free: 134388K (38%)
----------------- Invoking toplevel() on ptolemy.moml.MoMLSimpleApplication@3f764d71
----------------- Done invoking toplevel() on ptolemy.moml.MoMLSimpleApplication@3f764d71
reloadAllAccessors: .relationGroup3

===========================================================================================
----------------- testing Mon Feb 03 07:13:08 UTC 2020 /home/travis/build/icyphy/ptII/ptolemy/domains/sdf/test/auto/relationGroup4.xml
----------------- Instantiating /home/travis/build/icyphy/ptII/ptolemy/domains/sdf/test/auto/relationGroup4.xml
5 ms. Memory: 350208K Free: 130298K (37%)
----------------- Invoking toplevel() on ptolemy.moml.MoMLSimpleApplication@b761db2
----------------- Done invoking toplevel() on ptolemy.moml.MoMLSimpleApplication@b761db2
reloadAllAccessors: .relationGroup4

===========================================================================================
----------------- testing Mon Feb 03 07:13:08 UTC 2020 /home/travis/build/icyphy/ptII/ptolemy/domains/sdf/test/auto/relationGroup5.xml
----------------- Instantiating /home/travis/build/icyphy/ptII/ptolemy/domains/sdf/test/auto/relationGroup5.xml
4 ms. Memory: 350208K Free: 126172K (36%)
----------------- Invoking toplevel() on ptolemy.moml.MoMLSimpleApplication@27e12119
----------------- Done invoking toplevel() on ptolemy.moml.MoMLSimpleApplication@27e12119
reloadAllAccessors: .relationGroup5

===========================================================================================
----------------- testing Mon Feb 03 07:13:08 UTC 2020 /home/travis/build/icyphy/ptII/ptolemy/domains/sdf/test/auto/relationGroup6.xml
----------------- Instantiating /home/travis/build/icyphy/ptII/ptolemy/domains/sdf/test/auto/relationGroup6.xml
9 ms. Memory: 350208K Free: 330134K (94%)
----------------- Invoking toplevel() on ptolemy.moml.MoMLSimpleApplication@7635b4b1
----------------- Done invoking toplevel() on ptolemy.moml.MoMLSimpleApplication@7635b4b1
reloadAllAccessors: .relationGroup6

===========================================================================================
----------------- testing Mon Feb 03 07:13:08 UTC 2020 /home/travis/build/icyphy/ptII/ptolemy/domains/sdf/test/auto/relationGroup7.xml
----------------- Instantiating /home/travis/build/icyphy/ptII/ptolemy/domains/sdf/test/auto/relationGroup7.xml
1 ms. Memory: 350208K Free: 326842K (93%)
----------------- Invoking toplevel() on ptolemy.moml.MoMLSimpleApplication@6cce6e53
----------------- Done invoking toplevel() on ptolemy.moml.MoMLSimpleApplication@6cce6e53
reloadAllAccessors: .relationGroup7

===========================================================================================
----------------- testing Mon Feb 03 07:13:08 UTC 2020 /home/travis/build/icyphy/ptII/ptolemy/domains/sdf/test/auto/relationGroup8.xml
----------------- Instantiating /home/travis/build/icyphy/ptII/ptolemy/domains/sdf/test/auto/relationGroup8.xml
2 ms. Memory: 350208K Free: 323770K (92%)
----------------- Invoking toplevel() on ptolemy.moml.MoMLSimpleApplication@abc451b
----------------- Done invoking toplevel() on ptolemy.moml.MoMLSimpleApplication@abc451b
reloadAllAccessors: .relationGroup8

===========================================================================================
----------------- testing Mon Feb 03 07:13:08 UTC 2020 /home/travis/build/icyphy/ptII/ptolemy/domains/sdf/test/auto/relationGroup9.xml
----------------- Instantiating /home/travis/build/icyphy/ptII/ptolemy/domains/sdf/test/auto/relationGroup9.xml
5 ms. Memory: 350208K Free: 319160K (91%)
----------------- Invoking toplevel() on ptolemy.moml.MoMLSimpleApplication@45f86a98
----------------- Done invoking toplevel() on ptolemy.moml.MoMLSimpleApplication@45f86a98
reloadAllAccessors: .relationGroup9

===========================================================================================
----------------- testing Mon Feb 03 07:13:08 UTC 2020 /home/travis/build/icyphy/ptII/ptolemy/domains/sdf/test/auto/sdf_inside_de.xml
----------------- Instantiating /home/travis/build/icyphy/ptII/ptolemy/domains/sdf/test/auto/sdf_inside_de.xml
10 ms. Memory: 350208K Free: 310458K (89%)
----------------- Invoking toplevel() on ptolemy.moml.MoMLSimpleApplication@1656371b
----------------- Done invoking toplevel() on ptolemy.moml.MoMLSimpleApplication@1656371b
reloadAllAccessors: .sdf_inside_de

===========================================================================================
----------------- testing Mon Feb 03 07:13:08 UTC 2020 /home/travis/build/icyphy/ptII/ptolemy/domains/sdf/test/auto/sdf_inside_pn.xml
----------------- Instantiating /home/travis/build/icyphy/ptII/ptolemy/domains/sdf/test/auto/sdf_inside_pn.xml
34 ms. Memory: 350208K Free: 301242K (86%)
----------------- Invoking toplevel() on ptolemy.moml.MoMLSimpleApplication@732a0ad6
----------------- Done invoking toplevel() on ptolemy.moml.MoMLSimpleApplication@732a0ad6
reloadAllAccessors: .sdf_inside_pn

===========================================================================================
----------------- testing Mon Feb 03 07:13:09 UTC 2020 /home/travis/build/icyphy/ptII/ptolemy/domains/sdf/test/auto/sdf_sdf1.xml
----------------- Instantiating /home/travis/build/icyphy/ptII/ptolemy/domains/sdf/test/auto/sdf_sdf1.xml
3 ms. Memory: 350208K Free: 295594K (84%)
----------------- Invoking toplevel() on ptolemy.moml.MoMLSimpleApplication@7a0ae73e
----------------- Done invoking toplevel() on ptolemy.moml.MoMLSimpleApplication@7a0ae73e
reloadAllAccessors: .sdf_sdf1

===========================================================================================
----------------- testing Mon Feb 03 07:13:09 UTC 2020 /home/travis/build/icyphy/ptII/ptolemy/domains/sdf/test/auto/test1.xml
----------------- Instantiating /home/travis/build/icyphy/ptII/ptolemy/domains/sdf/test/auto/test1.xml
3 ms. Memory: 350208K Free: 291002K (83%)
----------------- Invoking toplevel() on ptolemy.moml.MoMLSimpleApplication@3207494e
----------------- Done invoking toplevel() on ptolemy.moml.MoMLSimpleApplication@3207494e
reloadAllAccessors: .test1

===========================================================================================
----------------- testing Mon Feb 03 07:13:09 UTC 2020 /home/travis/build/icyphy/ptII/ptolemy/domains/sdf/test/auto/time1.xml
----------------- Instantiating /home/travis/build/icyphy/ptII/ptolemy/domains/sdf/test/auto/time1.xml
1 ms. Memory: 350208K Free: 287416K (82%)
----------------- Invoking toplevel() on ptolemy.moml.MoMLSimpleApplication@7419f5af
----------------- Done invoking toplevel() on ptolemy.moml.MoMLSimpleApplication@7419f5af
reloadAllAccessors: .time1

===========================================================================================
----------------- testing Mon Feb 03 07:13:09 UTC 2020 /home/travis/build/icyphy/ptII/ptolemy/domains/sdf/test/auto/time2.xml
----------------- Instantiating /home/travis/build/icyphy/ptII/ptolemy/domains/sdf/test/auto/time2.xml
2 ms. Memory: 350208K Free: 283834K (81%)
----------------- Invoking toplevel() on ptolemy.moml.MoMLSimpleApplication@1a18ce38
----------------- Done invoking toplevel() on ptolemy.moml.MoMLSimpleApplication@1a18ce38
reloadAllAccessors: .time2

===========================================================================================
----------------- testing Mon Feb 03 07:13:09 UTC 2020 /home/travis/build/icyphy/ptII/ptolemy/domains/sdf/test/auto/time3.xml
----------------- Instantiating /home/travis/build/icyphy/ptII/ptolemy/domains/sdf/test/auto/time3.xml
6 ms. Memory: 350208K Free: 278714K (80%)
----------------- Invoking toplevel() on ptolemy.moml.MoMLSimpleApplication@5775fe95
----------------- Done invoking toplevel() on ptolemy.moml.MoMLSimpleApplication@5775fe95
reloadAllAccessors: .time3

===========================================================================================
----------------- testing Mon Feb 03 07:13:09 UTC 2020 /home/travis/build/icyphy/ptII/ptolemy/domains/sdf/test/auto/time4.xml
----------------- Instantiating /home/travis/build/icyphy/ptII/ptolemy/domains/sdf/test/auto/time4.xml
5 ms. Memory: 350208K Free: 273066K (78%)
----------------- Invoking toplevel() on ptolemy.moml.MoMLSimpleApplication@6d96a3ad
----------------- Done invoking toplevel() on ptolemy.moml.MoMLSimpleApplication@6d96a3ad
reloadAllAccessors: .time4

===========================================================================================
----------------- testing Mon Feb 03 07:13:09 UTC 2020 /home/travis/build/icyphy/ptII/ptolemy/domains/sdf/test/auto/time5.xml
----------------- Instantiating /home/travis/build/icyphy/ptII/ptolemy/domains/sdf/test/auto/time5.xml
4002 ms. Memory: 350208K Free: 269498K (77%)
----------------- Invoking toplevel() on ptolemy.moml.MoMLSimpleApplication@1f45654e
----------------- Done invoking toplevel() on ptolemy.moml.MoMLSimpleApplication@1f45654e
reloadAllAccessors: .time5

===========================================================================================
----------------- testing Mon Feb 03 07:13:13 UTC 2020 /home/travis/build/icyphy/ptII/ptolemy/domains/sdf/test/auto/typeSystem_Const_Integer_smallest_Type.xml
----------------- Instantiating /home/travis/build/icyphy/ptII/ptolemy/domains/sdf/test/auto/typeSystem_Const_Integer_smallest_Type.xml
8 ms. Memory: 350208K Free: 264888K (76%)
----------------- Invoking toplevel() on ptolemy.moml.MoMLSimpleApplication@34261e54
----------------- Done invoking toplevel() on ptolemy.moml.MoMLSimpleApplication@34261e54
reloadAllAccessors: .typeSystem_Const_Integer_smallest_Type

===========================================================================================
----------------- testing Mon Feb 03 07:13:13 UTC 2020 /home/travis/build/icyphy/ptII/ptolemy/domains/sdf/test/auto/typeSystem_declared_Inports_OutportTypeException.xml
----------------- Instantiating /home/travis/build/icyphy/ptII/ptolemy/domains/sdf/test/auto/typeSystem_declared_Inports_OutportTypeException.xml
.typeSystem_declared_Inports_OutportTypeException.TestExceptionAttribute: initialize() was not invoked, but wrapup() was.  This is unusual, but not always a problem.  For example, exporting JNLP will do this.
6 ms. Memory: 350208K Free: 260792K (74%)
----------------- Invoking toplevel() on ptolemy.moml.MoMLSimpleApplication@67270a18
----------------- Done invoking toplevel() on ptolemy.moml.MoMLSimpleApplication@67270a18
reloadAllAccessors: .typeSystem_declared_Inports_OutportTypeException

===========================================================================================
----------------- testing Mon Feb 03 07:13:13 UTC 2020 /home/travis/build/icyphy/ptII/ptolemy/domains/sdf/test/auto/typeSystem_oneDeclaredInportType_wrongTypeOutport.xml
----------------- Instantiating /home/travis/build/icyphy/ptII/ptolemy/domains/sdf/test/auto/typeSystem_oneDeclaredInportType_wrongTypeOutport.xml
4 ms. Memory: 350208K Free: 256696K (73%)
----------------- Invoking toplevel() on ptolemy.moml.MoMLSimpleApplication@548952f4
----------------- Done invoking toplevel() on ptolemy.moml.MoMLSimpleApplication@548952f4
reloadAllAccessors: .typeSystem_oneDeclaredInportType_wrongTypeOutport

===========================================================================================
----------------- testing Mon Feb 03 07:13:13 UTC 2020 /home/travis/build/icyphy/ptII/ptolemy/domains/sdf/test/auto/width.xml
----------------- Instantiating /home/travis/build/icyphy/ptII/ptolemy/domains/sdf/test/auto/width.xml
2 ms. Memory: 350208K Free: 253114K (72%)
----------------- Invoking toplevel() on ptolemy.moml.MoMLSimpleApplication@49a9adfb
----------------- Done invoking toplevel() on ptolemy.moml.MoMLSimpleApplication@49a9adfb
reloadAllAccessors: .width

===========================================================================================
----------------- testing Mon Feb 03 07:13:13 UTC 2020 /home/travis/build/icyphy/ptII/ptolemy/domains/sdf/test/auto/width2.xml
----------------- Instantiating /home/travis/build/icyphy/ptII/ptolemy/domains/sdf/test/auto/width2.xml
22 ms. Memory: 350208K Free: 247994K (71%)
----------------- Invoking toplevel() on ptolemy.moml.MoMLSimpleApplication@29363053
----------------- Done invoking toplevel() on ptolemy.moml.MoMLSimpleApplication@29363053
reloadAllAccessors: .width2

===========================================================================================
----------------- testing Mon Feb 03 07:13:13 UTC 2020 /home/travis/build/icyphy/ptII/ptolemy/domains/sdf/test/auto/width3.xml
----------------- Instantiating /home/travis/build/icyphy/ptII/ptolemy/domains/sdf/test/auto/width3.xml
24 ms. Memory: 350208K Free: 242874K (69%)
----------------- Invoking toplevel() on ptolemy.moml.MoMLSimpleApplication@37aefbfe
----------------- Done invoking toplevel() on ptolemy.moml.MoMLSimpleApplication@37aefbfe
reloadAllAccessors: .width3
AutoTests.java: About to close Vertx.
AutoTests.java: Vertx closed.
]]></system-out>
  <system-err><![CDATA[java.lang.RuntimeException: Execution failed
	at ptolemy.moml.MoMLSimpleApplication$UnloadThread.run(MoMLSimpleApplication.java:402)
Caused by: ptolemy.actor.sched.NotSchedulableException: No solution exists for the balance equations.
Graph is not consistent under the SDF domain detected on external port .rateConsistency.actor.port2
  in .rateConsistency.SDF Director.Scheduler
	at ptolemy.domains.sdf.kernel.SDFScheduler._propagatePort(SDFScheduler.java:1425)
	at ptolemy.domains.sdf.kernel.SDFScheduler._solveBalanceEquations(SDFScheduler.java:710)
	at ptolemy.domains.sdf.kernel.SDFScheduler._getSchedule(SDFScheduler.java:566)
	at ptolemy.actor.sched.Scheduler.getSchedule(Scheduler.java:189)
	at ptolemy.domains.sdf.kernel.SDFDirector.createSchedule(SDFDirector.java:408)
	at ptolemy.domains.sdf.kernel.SDFDirector.preinitialize(SDFDirector.java:764)
	at ptolemy.actor.CompositeActor.preinitialize(CompositeActor.java:1828)
	at ptolemy.actor.Manager.preinitializeAndResolveTypes(Manager.java:1040)
	at ptolemy.actor.Manager.initialize(Manager.java:710)
	at ptolemy.actor.Manager.execute(Manager.java:356)
	at ptolemy.actor.Manager.run(Manager.java:1263)
	at ptolemy.actor.Manager$PtolemyRunThread.run(Manager.java:1933)
java.lang.RuntimeException: Execution failed
	at ptolemy.moml.MoMLSimpleApplication$UnloadThread.run(MoMLSimpleApplication.java:402)
Caused by: ptolemy.kernel.util.IllegalActionException: Failed to compute schedule:
  in .badRateChanges.typed composite actor.SDF Director
Because:
The SDF rate parameter may change. This is not allowed in SDF models that will be run through the code generator.  If you don't care about code generation, then you might consider setting the allowRateChanges parameter of the SDF director to false.
  in .badRateChanges.typed composite actor.Repeat.output.tokenProductionRate
	at ptolemy.domains.sdf.kernel.SDFDirector.createSchedule(SDFDirector.java:418)
	at ptolemy.domains.sdf.kernel.SDFDirector.preinitialize(SDFDirector.java:764)
	at ptolemy.actor.CompositeActor.preinitialize(CompositeActor.java:1828)
	at ptolemy.actor.Director.preinitialize(Director.java:1302)
	at ptolemy.actor.Director.preinitialize(Director.java:1257)
	at ptolemy.domains.sdf.kernel.SDFDirector.preinitialize(SDFDirector.java:763)
	at ptolemy.actor.CompositeActor.preinitialize(CompositeActor.java:1828)
	at ptolemy.actor.Manager.preinitializeAndResolveTypes(Manager.java:1040)
	at ptolemy.actor.Manager.initialize(Manager.java:710)
	at ptolemy.actor.Manager.execute(Manager.java:356)
	at ptolemy.actor.Manager.run(Manager.java:1263)
	at ptolemy.actor.Manager$PtolemyRunThread.run(Manager.java:1933)
Caused by: ptolemy.kernel.util.IllegalActionException: The SDF rate parameter may change. This is not allowed in SDF models that will be run through the code generator.  If you don't care about code generation, then you might consider setting the allowRateChanges parameter of the SDF director to false.
  in .badRateChanges.typed composite actor.Repeat.output.tokenProductionRate
	at ptolemy.domains.sdf.kernel.SDFScheduler._assertDynamicRateVariable(SDFScheduler.java:931)
	at ptolemy.domains.sdf.kernel.SDFScheduler._checkDynamicRateVariables(SDFScheduler.java:339)
	at ptolemy.domains.sdf.kernel.SDFScheduler._getSchedule(SDFScheduler.java:527)
	at ptolemy.actor.sched.Scheduler.getSchedule(Scheduler.java:189)
	at ptolemy.domains.sdf.kernel.SDFDirector.createSchedule(SDFDirector.java:408)
	... 11 more
java.lang.RuntimeException: Execution failed
	at ptolemy.moml.MoMLSimpleApplication$UnloadThread.run(MoMLSimpleApplication.java:402)
Caused by: ptolemy.kernel.util.IllegalActionException: Failed to compute schedule:
  in .badRateChanges2.typed composite actor.SDF Director
Because:
The SDF rate parameter may change. This is not allowed in SDF models that will be run through the code generator.  If you don't care about code generation, then you might consider setting the allowRateChanges parameter of the SDF director to false.
  in .badRateChanges2.typed composite actor.Repeat.output.tokenProductionRate
	at ptolemy.domains.sdf.kernel.SDFDirector.createSchedule(SDFDirector.java:418)
	at ptolemy.domains.sdf.kernel.SDFDirector.preinitialize(SDFDirector.java:764)
	at ptolemy.actor.CompositeActor.preinitialize(CompositeActor.java:1828)
	at ptolemy.actor.Director.preinitialize(Director.java:1302)
	at ptolemy.actor.Director.preinitialize(Director.java:1257)
	at ptolemy.domains.sdf.kernel.SDFDirector.preinitialize(SDFDirector.java:763)
	at ptolemy.actor.CompositeActor.preinitialize(CompositeActor.java:1828)
	at ptolemy.actor.Manager.preinitializeAndResolveTypes(Manager.java:1040)
	at ptolemy.actor.Manager.initialize(Manager.java:710)
	at ptolemy.actor.Manager.execute(Manager.java:356)
	at ptolemy.actor.Manager.run(Manager.java:1263)
	at ptolemy.actor.Manager$PtolemyRunThread.run(Manager.java:1933)
Caused by: ptolemy.kernel.util.IllegalActionException: The SDF rate parameter may change. This is not allowed in SDF models that will be run through the code generator.  If you don't care about code generation, then you might consider setting the allowRateChanges parameter of the SDF director to false.
  in .badRateChanges2.typed composite actor.Repeat.output.tokenProductionRate
	at ptolemy.domains.sdf.kernel.SDFScheduler._assertDynamicRateVariable(SDFScheduler.java:931)
	at ptolemy.domains.sdf.kernel.SDFScheduler._checkDynamicRateVariables(SDFScheduler.java:339)
	at ptolemy.domains.sdf.kernel.SDFScheduler._getSchedule(SDFScheduler.java:527)
	at ptolemy.actor.sched.Scheduler.getSchedule(Scheduler.java:189)
	at ptolemy.domains.sdf.kernel.SDFDirector.createSchedule(SDFDirector.java:408)
	... 11 more
java.lang.RuntimeException: Execution failed
	at ptolemy.moml.MoMLSimpleApplication$UnloadThread.run(MoMLSimpleApplication.java:402)
Caused by: ptolemy.actor.sched.NotSchedulableException: Actors remain that cannot be scheduled!

There are several possible reasons:
* SDF Graphs with feedback loops should have an actor with a delay in the loop, such as a SampleDelay.
* The SDF director has an "allowDisconnectedGraphs"parameter, which, when true, permits disconnected SDF graphs.
* The token consumption rate and production rates might be mismatched.
Usually, actors produce one token or consume one token on a port.  To produce or consume multiple tokens per firing, add a "tokenConsumptionRate" or "tokenProductionRate" parameter to the appropriate port.
Unscheduled actors:
.partiallyConnected.Const2 
Scheduled actors:
.partiallyConnected.Const 
  in .partiallyConnected.SDF Director.Scheduler
	at ptolemy.domains.sdf.kernel.SDFScheduler._scheduleConnectedActors(SDFScheduler.java:1828)
	at ptolemy.domains.sdf.kernel.SDFScheduler._getSchedule(SDFScheduler.java:587)
	at ptolemy.actor.sched.Scheduler.getSchedule(Scheduler.java:189)
	at ptolemy.domains.sdf.kernel.SDFDirector.createSchedule(SDFDirector.java:408)
	at ptolemy.domains.sdf.kernel.SDFDirector.preinitialize(SDFDirector.java:764)
	at ptolemy.actor.CompositeActor.preinitialize(CompositeActor.java:1828)
	at ptolemy.actor.Manager.preinitializeAndResolveTypes(Manager.java:1040)
	at ptolemy.actor.Manager.initialize(Manager.java:710)
	at ptolemy.actor.Manager.execute(Manager.java:356)
	at ptolemy.actor.Manager.run(Manager.java:1263)
	at ptolemy.actor.Manager$PtolemyRunThread.run(Manager.java:1933)
]]></system-err>
</testsuite>
