<?xml version="1.0" encoding="UTF-8" ?>
<testsuite errors="0" failures="0" hostname="travis-job-cb64e701-d9cc-4755-9a21-ae8c01ce8d28" name="ptolemy.domains.de.test.junit.JUnitTclTest" skipped="0" tests="101" time="138.767" timestamp="2019-09-16T05:39:57">
  <properties>
[...]
</properties>
  <testcase classname="ptolemy.util.test.junit.TclTests" name="[0] /home/travis/build/icyphy/ptII/ptolemy/domains/de/test/DependencyLoop.tcl (RunTclFile)" time="1.21" />
  <testcase classname="ptolemy.util.test.junit.TclTests" name="[1] /home/travis/build/icyphy/ptII/ptolemy/domains/de/test/RunDETestsAsQSS.tcl (RunTclFile)" time="94.689" />
  <testcase classname="ptolemy.util.test.junit.AutoKnownFailedTests" name="[0] /home/travis/build/icyphy/ptII/ptolemy/domains/de/test/auto/knownFailedTests/DESDFClockTest.xml (RunModel)" time="2.067" />
  <testcase classname="ptolemy.util.test.junit.AutoKnownFailedTests" name="[1] /home/travis/build/icyphy/ptII/ptolemy/domains/de/test/auto/knownFailedTests/DirectFeedback.xml (RunModel)" time="0.03" />
  <testcase classname="ptolemy.util.test.junit.AutoKnownFailedTests" name="[2] /home/travis/build/icyphy/ptII/ptolemy/domains/de/test/auto/knownFailedTests/FSMSource.xml (RunModel)" time="0.023" />
  <testcase classname="ptolemy.util.test.junit.AutoKnownFailedTests" name="[3] /home/travis/build/icyphy/ptII/ptolemy/domains/de/test/auto/knownFailedTests/HierarchicalModel.xml (RunModel)" time="0.053" />
  <testcase classname="ptolemy.util.test.junit.AutoKnownFailedTests" name="[4] /home/travis/build/icyphy/ptII/ptolemy/domains/de/test/auto/knownFailedTests/dependencyLoop.xml (RunModel)" time="0.052" />
  <testcase classname="ptolemy.util.test.junit.AutoKnownFailedTests" name="[5] /home/travis/build/icyphy/ptII/ptolemy/domains/de/test/auto/knownFailedTests/dependencyLoop2.xml (RunModel)" time="0.039" />
  <testcase classname="ptolemy.util.test.junit.AutoNameArchTests" name="[0] ThereAreNoAutoArchTests (RunModel)" time="0.001" />
  <testcase classname="ptolemy.util.test.junit.AutoTests" name="[0] /home/travis/build/icyphy/ptII/ptolemy/domains/de/test/auto/ActorDepthCalculation_actorWithoutPorts.xml (RunModel)" time="0.022" />
  <testcase classname="ptolemy.util.test.junit.AutoTests" name="[1] /home/travis/build/icyphy/ptII/ptolemy/domains/de/test/auto/AssemblyLine.xml (RunModel)" time="0.027" />
  <testcase classname="ptolemy.util.test.junit.AutoTests" name="[2] /home/travis/build/icyphy/ptII/ptolemy/domains/de/test/auto/CQBug1.xml (RunModel)" time="0.014" />
  <testcase classname="ptolemy.util.test.junit.AutoTests" name="[3] /home/travis/build/icyphy/ptII/ptolemy/domains/de/test/auto/CancelFireAt.xml (RunModel)" time="0.021" />
  <testcase classname="ptolemy.util.test.junit.AutoTests" name="[4] /home/travis/build/icyphy/ptII/ptolemy/domains/de/test/auto/CausalityAndComposabilityAnalysis.xml (RunModel)" time="0.025" />
  <testcase classname="ptolemy.util.test.junit.AutoTests" name="[5] /home/travis/build/icyphy/ptII/ptolemy/domains/de/test/auto/CausalityInterface1.xml (RunModel)" time="0.017" />
  <testcase classname="ptolemy.util.test.junit.AutoTests" name="[6] /home/travis/build/icyphy/ptII/ptolemy/domains/de/test/auto/CausalityInterface15.xml (RunModel)" time="0.02" />
  <testcase classname="ptolemy.util.test.junit.AutoTests" name="[7] /home/travis/build/icyphy/ptII/ptolemy/domains/de/test/auto/CausalityInterface2.xml (RunModel)" time="0.018" />
  <testcase classname="ptolemy.util.test.junit.AutoTests" name="[8] /home/travis/build/icyphy/ptII/ptolemy/domains/de/test/auto/CausalityInterface3.xml (RunModel)" time="0.014" />
  <testcase classname="ptolemy.util.test.junit.AutoTests" name="[9] /home/travis/build/icyphy/ptII/ptolemy/domains/de/test/auto/ClockDrift.xml (RunModel)" time="0.043" />
  <testcase classname="ptolemy.util.test.junit.AutoTests" name="[10] /home/travis/build/icyphy/ptII/ptolemy/domains/de/test/auto/ClockDriftAndValueChange.xml (RunModel)" time="0.039" />
  <testcase classname="ptolemy.util.test.junit.AutoTests" name="[11] /home/travis/build/icyphy/ptII/ptolemy/domains/de/test/auto/ClockDriftChange.xml (RunModel)" time="0.036" />
  <testcase classname="ptolemy.util.test.junit.AutoTests" name="[12] /home/travis/build/icyphy/ptII/ptolemy/domains/de/test/auto/ComposableCausalityAnalysis.xml (RunModel)" time="0.016" />
  <testcase classname="ptolemy.util.test.junit.AutoTests" name="[13] /home/travis/build/icyphy/ptII/ptolemy/domains/de/test/auto/DEFixedPointLimitation.xml (RunModel)" time="0.014" />
  <testcase classname="ptolemy.util.test.junit.AutoTests" name="[14] /home/travis/build/icyphy/ptII/ptolemy/domains/de/test/auto/DEScheduleTest.xml (RunModel)" time="0.039" />
  <testcase classname="ptolemy.util.test.junit.AutoTests" name="[15] /home/travis/build/icyphy/ptII/ptolemy/domains/de/test/auto/DEinDEwithStartTimes.xml (RunModel)" time="0.047" />
  <testcase classname="ptolemy.util.test.junit.AutoTests" name="[16] /home/travis/build/icyphy/ptII/ptolemy/domains/de/test/auto/DEinDEwithStartTimes2.xml (RunModel)" time="0.054" />
  <testcase classname="ptolemy.util.test.junit.AutoTests" name="[17] /home/travis/build/icyphy/ptII/ptolemy/domains/de/test/auto/DateDemo.xml (RunModel)" time="0.085" />
  <testcase classname="ptolemy.util.test.junit.AutoTests" name="[18] /home/travis/build/icyphy/ptII/ptolemy/domains/de/test/auto/DateToEvent.xml (RunModel)" time="2.07" />
  <testcase classname="ptolemy.util.test.junit.AutoTests" name="[19] /home/travis/build/icyphy/ptII/ptolemy/domains/de/test/auto/DepthTest1.xml (RunModel)" time="0.014" />
  <testcase classname="ptolemy.util.test.junit.AutoTests" name="[20] /home/travis/build/icyphy/ptII/ptolemy/domains/de/test/auto/DepthTest2.xml (RunModel)" time="0.025" />
  <testcase classname="ptolemy.util.test.junit.AutoTests" name="[21] /home/travis/build/icyphy/ptII/ptolemy/domains/de/test/auto/DepthTest3.xml (RunModel)" time="0.009" />
  <testcase classname="ptolemy.util.test.junit.AutoTests" name="[22] /home/travis/build/icyphy/ptII/ptolemy/domains/de/test/auto/DepthTest4.xml (RunModel)" time="0.032" />
  <testcase classname="ptolemy.util.test.junit.AutoTests" name="[23] /home/travis/build/icyphy/ptII/ptolemy/domains/de/test/auto/DepthTest5.xml (RunModel)" time="0.043" />
  <testcase classname="ptolemy.util.test.junit.AutoTests" name="[24] /home/travis/build/icyphy/ptII/ptolemy/domains/de/test/auto/DepthTest6.xml (RunModel)" time="0.041" />
  <testcase classname="ptolemy.util.test.junit.AutoTests" name="[25] /home/travis/build/icyphy/ptII/ptolemy/domains/de/test/auto/DepthTest7.xml (RunModel)" time="0.04" />
  <testcase classname="ptolemy.util.test.junit.AutoTests" name="[26] /home/travis/build/icyphy/ptII/ptolemy/domains/de/test/auto/EventToDate.xml (RunModel)" time="3.04" />
  <testcase classname="ptolemy.util.test.junit.AutoTests" name="[27] /home/travis/build/icyphy/ptII/ptolemy/domains/de/test/auto/FSM1.xml (RunModel)" time="0.055" />
  <testcase classname="ptolemy.util.test.junit.AutoTests" name="[28] /home/travis/build/icyphy/ptII/ptolemy/domains/de/test/auto/FSM7.xml (RunModel)" time="0.049" />
  <testcase classname="ptolemy.util.test.junit.AutoTests" name="[29] /home/travis/build/icyphy/ptII/ptolemy/domains/de/test/auto/Inspection.xml (RunModel)" time="0.056" />
  <testcase classname="ptolemy.util.test.junit.AutoTests" name="[30] /home/travis/build/icyphy/ptII/ptolemy/domains/de/test/auto/Iteration.xml (RunModel)" time="0.035" />
  <testcase classname="ptolemy.util.test.junit.AutoTests" name="[31] /home/travis/build/icyphy/ptII/ptolemy/domains/de/test/auto/LineFault.xml (RunModel)" time="0.696" />
  <testcase classname="ptolemy.util.test.junit.AutoTests" name="[32] /home/travis/build/icyphy/ptII/ptolemy/domains/de/test/auto/MergeModel1Add.xml (RunModel)" time="0.064" />
  <testcase classname="ptolemy.util.test.junit.AutoTests" name="[33] /home/travis/build/icyphy/ptII/ptolemy/domains/de/test/auto/MergeModel2Add.xml (RunModel)" time="0.055" />
  <testcase classname="ptolemy.util.test.junit.AutoTests" name="[34] /home/travis/build/icyphy/ptII/ptolemy/domains/de/test/auto/MergeModel3Add.xml (RunModel)" time="0.055" />
  <testcase classname="ptolemy.util.test.junit.AutoTests" name="[35] /home/travis/build/icyphy/ptII/ptolemy/domains/de/test/auto/MergeWithoutDiscard.xml (RunModel)" time="0.018" />
  <testcase classname="ptolemy.util.test.junit.AutoTests" name="[36] /home/travis/build/icyphy/ptII/ptolemy/domains/de/test/auto/Modal1.xml (RunModel)" time="0.029" />
  <testcase classname="ptolemy.util.test.junit.AutoTests" name="[37] /home/travis/build/icyphy/ptII/ptolemy/domains/de/test/auto/Modal2.xml (RunModel)" time="0.038" />
  <testcase classname="ptolemy.util.test.junit.AutoTests" name="[38] /home/travis/build/icyphy/ptII/ptolemy/domains/de/test/auto/Modal3.xml (RunModel)" time="0.042" />
  <testcase classname="ptolemy.util.test.junit.AutoTests" name="[39] /home/travis/build/icyphy/ptII/ptolemy/domains/de/test/auto/Modal4.xml (RunModel)" time="0.039" />
  <testcase classname="ptolemy.util.test.junit.AutoTests" name="[40] /home/travis/build/icyphy/ptII/ptolemy/domains/de/test/auto/Modal5.xml (RunModel)" time="0.048" />
  <testcase classname="ptolemy.util.test.junit.AutoTests" name="[41] /home/travis/build/icyphy/ptII/ptolemy/domains/de/test/auto/Modal6.xml (RunModel)" time="0.039" />
  <testcase classname="ptolemy.util.test.junit.AutoTests" name="[42] /home/travis/build/icyphy/ptII/ptolemy/domains/de/test/auto/Modal7.xml (RunModel)" time="0.047" />
  <testcase classname="ptolemy.util.test.junit.AutoTests" name="[43] /home/travis/build/icyphy/ptII/ptolemy/domains/de/test/auto/ModalModel.xml (RunModel)" time="0.2" />
  <testcase classname="ptolemy.util.test.junit.AutoTests" name="[44] /home/travis/build/icyphy/ptII/ptolemy/domains/de/test/auto/ModalSource.xml (RunModel)" time="0.019" />
  <testcase classname="ptolemy.util.test.junit.AutoTests" name="[45] /home/travis/build/icyphy/ptII/ptolemy/domains/de/test/auto/NonInterruptibleTimerZeroDelay.xml (RunModel)" time="0.01" />
  <testcase classname="ptolemy.util.test.junit.AutoTests" name="[46] /home/travis/build/icyphy/ptII/ptolemy/domains/de/test/auto/OpenQueueingNetwork.xml (RunModel)" time="2.637" />
  <testcase classname="ptolemy.util.test.junit.AutoTests" name="[47] /home/travis/build/icyphy/ptII/ptolemy/domains/de/test/auto/OpenQueuingNetwork.xml (RunModel)" time="0.281" />
  <testcase classname="ptolemy.util.test.junit.AutoTests" name="[48] /home/travis/build/icyphy/ptII/ptolemy/domains/de/test/auto/PeriodicSampler.xml (RunModel)" time="0.013" />
  <testcase classname="ptolemy.util.test.junit.AutoTests" name="[49] /home/travis/build/icyphy/ptII/ptolemy/domains/de/test/auto/PersistentIO.xml (RunModel)" time="0.02" />
  <testcase classname="ptolemy.util.test.junit.AutoTests" name="[50] /home/travis/build/icyphy/ptII/ptolemy/domains/de/test/auto/PortParameterResetOnInitialize.xml (RunModel)" time="0.013" />
  <testcase classname="ptolemy.util.test.junit.AutoTests" name="[51] /home/travis/build/icyphy/ptII/ptolemy/domains/de/test/auto/PortParameterUpdates.xml (RunModel)" time="0.016" />
  <testcase classname="ptolemy.util.test.junit.AutoTests" name="[52] /home/travis/build/icyphy/ptII/ptolemy/domains/de/test/auto/QueueAndServer.xml (RunModel)" time="0.024" />
  <testcase classname="ptolemy.util.test.junit.AutoTests" name="[53] /home/travis/build/icyphy/ptII/ptolemy/domains/de/test/auto/Records.xml (RunModel)" time="0.017" />
  <testcase classname="ptolemy.util.test.junit.AutoTests" name="[54] /home/travis/build/icyphy/ptII/ptolemy/domains/de/test/auto/ResetTransitionWithStartTime1.xml (RunModel)" time="0.021" />
  <testcase classname="ptolemy.util.test.junit.AutoTests" name="[55] /home/travis/build/icyphy/ptII/ptolemy/domains/de/test/auto/ResetTransitionWithStartTime2.xml (RunModel)" time="0.024" />
  <testcase classname="ptolemy.util.test.junit.AutoTests" name="[56] /home/travis/build/icyphy/ptII/ptolemy/domains/de/test/auto/ResetTransitionWithStartTime3.xml (RunModel)" time="0.022" />
  <testcase classname="ptolemy.util.test.junit.AutoTests" name="[57] /home/travis/build/icyphy/ptII/ptolemy/domains/de/test/auto/ResetTransitionWithStartTime4.xml (RunModel)" time="0.02" />
  <testcase classname="ptolemy.util.test.junit.AutoTests" name="[58] /home/travis/build/icyphy/ptII/ptolemy/domains/de/test/auto/ResettableTimer1.xml (RunModel)" time="0.012" />
  <testcase classname="ptolemy.util.test.junit.AutoTests" name="[59] /home/travis/build/icyphy/ptII/ptolemy/domains/de/test/auto/ResettableTimer2.xml (RunModel)" time="0.013" />
  <testcase classname="ptolemy.util.test.junit.AutoTests" name="[60] /home/travis/build/icyphy/ptII/ptolemy/domains/de/test/auto/ResettableTimer3.xml (RunModel)" time="0.01" />
  <testcase classname="ptolemy.util.test.junit.AutoTests" name="[61] /home/travis/build/icyphy/ptII/ptolemy/domains/de/test/auto/ResettableTimer4.xml (RunModel)" time="0.013" />
  <testcase classname="ptolemy.util.test.junit.AutoTests" name="[62] /home/travis/build/icyphy/ptII/ptolemy/domains/de/test/auto/ResettableTimer5.xml (RunModel)" time="0.011" />
  <testcase classname="ptolemy.util.test.junit.AutoTests" name="[63] /home/travis/build/icyphy/ptII/ptolemy/domains/de/test/auto/ResettableTimer6.xml (RunModel)" time="0.021" />
  <testcase classname="ptolemy.util.test.junit.AutoTests" name="[64] /home/travis/build/icyphy/ptII/ptolemy/domains/de/test/auto/ServerZeroDelay.xml (RunModel)" time="0.012" />
  <testcase classname="ptolemy.util.test.junit.AutoTests" name="[65] /home/travis/build/icyphy/ptII/ptolemy/domains/de/test/auto/SmartSender.xml (RunModel)" time="3.009" />
  <testcase classname="ptolemy.util.test.junit.AutoTests" name="[66] /home/travis/build/icyphy/ptII/ptolemy/domains/de/test/auto/ThreadedComposite.xml (RunModel)" time="0.251" />
  <testcase classname="ptolemy.util.test.junit.AutoTests" name="[67] /home/travis/build/icyphy/ptII/ptolemy/domains/de/test/auto/Time.xml (RunModel)" time="0.44" />
  <testcase classname="ptolemy.util.test.junit.AutoTests" name="[68] /home/travis/build/icyphy/ptII/ptolemy/domains/de/test/auto/TimeDelayZeroDelay.xml (RunModel)" time="0.014" />
  <testcase classname="ptolemy.util.test.junit.AutoTests" name="[69] /home/travis/build/icyphy/ptII/ptolemy/domains/de/test/auto/TimerZeroDelay.xml (RunModel)" time="0.01" />
  <testcase classname="ptolemy.util.test.junit.AutoTests" name="[70] /home/travis/build/icyphy/ptII/ptolemy/domains/de/test/auto/TimingParadox.xml (RunModel)" time="0.372" />
  <testcase classname="ptolemy.util.test.junit.AutoTests" name="[71] /home/travis/build/icyphy/ptII/ptolemy/domains/de/test/auto/TransferInputs.xml (RunModel)" time="0.019" />
  <testcase classname="ptolemy.util.test.junit.AutoTests" name="[72] /home/travis/build/icyphy/ptII/ptolemy/domains/de/test/auto/TransferOutputs2.xml (RunModel)" time="0.018" />
  <testcase classname="ptolemy.util.test.junit.AutoTests" name="[73] /home/travis/build/icyphy/ptII/ptolemy/domains/de/test/auto/Trilateration.xml (RunModel)" time="12.749" />
  <testcase classname="ptolemy.util.test.junit.AutoTests" name="[74] /home/travis/build/icyphy/ptII/ptolemy/domains/de/test/auto/TwoSigmaDelta.xml (RunModel)" time="2.392" />
  <testcase classname="ptolemy.util.test.junit.AutoTests" name="[75] /home/travis/build/icyphy/ptII/ptolemy/domains/de/test/auto/VariableDelay.xml (RunModel)" time="0.017" />
  <testcase classname="ptolemy.util.test.junit.AutoTests" name="[76] /home/travis/build/icyphy/ptII/ptolemy/domains/de/test/auto/VariableDelay2.xml (RunModel)" time="0.009" />
  <testcase classname="ptolemy.util.test.junit.AutoTests" name="[77] /home/travis/build/icyphy/ptII/ptolemy/domains/de/test/auto/VariableDelayZeroDelay.xml (RunModel)" time="0.016" />
  <testcase classname="ptolemy.util.test.junit.AutoTests" name="[78] /home/travis/build/icyphy/ptII/ptolemy/domains/de/test/auto/VariableDelayZeroDelay2.xml (RunModel)" time="0.012" />
  <testcase classname="ptolemy.util.test.junit.AutoTests" name="[79] /home/travis/build/icyphy/ptII/ptolemy/domains/de/test/auto/deInCt.xml (RunModel)" time="0.017" />
  <testcase classname="ptolemy.util.test.junit.AutoTests" name="[80] /home/travis/build/icyphy/ptII/ptolemy/domains/de/test/auto/deInCt2.xml (RunModel)" time="0.018" />
  <testcase classname="ptolemy.util.test.junit.AutoTests" name="[81] /home/travis/build/icyphy/ptII/ptolemy/domains/de/test/auto/dynamicCausalityInterface1.xml (RunModel)" time="0.018" />
  <testcase classname="ptolemy.util.test.junit.AutoTests" name="[82] /home/travis/build/icyphy/ptII/ptolemy/domains/de/test/auto/fsm_de_test.xml (RunModel)" time="0.024" />
  <testcase classname="ptolemy.util.test.junit.AutoTests" name="[83] /home/travis/build/icyphy/ptII/ptolemy/domains/de/test/auto/functionDependencyReconstruction.xml (RunModel)" time="0.032" />
  <testcase classname="ptolemy.util.test.junit.AutoTests" name="[84] /home/travis/build/icyphy/ptII/ptolemy/domains/de/test/auto/multirate.xml (RunModel)" time="0.018" />
  <testcase classname="ptolemy.util.test.junit.AutoTests" name="[85] /home/travis/build/icyphy/ptII/ptolemy/domains/de/test/auto/multirate2.xml (RunModel)" time="0.042" />
  <testcase classname="ptolemy.util.test.junit.AutoTests" name="[86] /home/travis/build/icyphy/ptII/ptolemy/domains/de/test/auto/realtime.xml (RunModel)" time="10.01" />
  <testcase classname="ptolemy.util.test.junit.AutoTests" name="[87] /home/travis/build/icyphy/ptII/ptolemy/domains/de/test/auto/relationGroup.xml (RunModel)" time="0.01" />
  <testcase classname="ptolemy.util.test.junit.AutoTests" name="[88] /home/travis/build/icyphy/ptII/ptolemy/domains/de/test/auto/relationGroup2.xml (RunModel)" time="0.012" />
  <testcase classname="ptolemy.util.test.junit.AutoTests" name="[89] /home/travis/build/icyphy/ptII/ptolemy/domains/de/test/auto/sortWithOpaquePorts.xml (RunModel)" time="0.009" />
  <testcase classname="ptolemy.util.test.junit.AutoTests" name="[90] /home/travis/build/icyphy/ptII/ptolemy/domains/de/test/auto/transferInputsandOutputs.xml (RunModel)" time="0.019" />
  <testcase classname="ptolemy.util.test.junit.AutoTests" name="[91] /home/travis/build/icyphy/ptII/ptolemy/domains/de/test/auto/triggerType.xml (RunModel)" time="0.01" />
  <system-out><![CDATA[/home/travis/build/icyphy/ptII/ptolemy/domains/de/test/DependencyLoop.tcl
testDefs.tcl: setting time out to 9000 seconds at Mon Sep 16 05:39:57 UTC 2019
83 ms. Memory: 120832K Free: 72133K (60%)
30 ms. Memory: 120832K Free: 54710K (45%)
/home/travis/build/icyphy/ptII/ptolemy/domains/de/test/RunDETestsAsQSS.tcl
Run the DE tests using ptolemy.domains.qss.test.QSSDirectorTest, which extends QSSDirector and prints a message in the constructors.
------------------ testing $PTII/ptolemy/domains/de/test/auto/knownFailedTests/DirectFeedback.xml (Known Failure) 
59 ms. Memory: 120832K Free: 48581K (40%)


==== $PTIIhome/travis/build/icyphy/ptII/ptolemy/domains/de/test/../../../../: Auto Automatic test in file $PTII/ptolemy/domains/de/test/auto/knownFailedTests/DirectFeedback.xml
==== Contents of test case:

	    # FIXME: we should use $relativeFilename here, but it
	    # might have backslashes under Windows, which causes no end
	    # of trouble.
	    createAndExecute $file
	    list {}
	
.... Test generated KNOWN error:
    while executing
ptolemy.kernel.util.IllegalActionException: Test fails in iteration 1.
Value was: 1.0. Should have been: 2.0
  in .DirectFeedback.Test
	at ptolemy.actor.lib.Test.fire(Test.java:268)
	at ptolemy.domains.de.kernel.DEDirector._fire(DEDirector.java:1949)
	at ptolemy.domains.de.kernel.DEDirector.fire(DEDirector.java:502)
	at ptolemy.actor.CompositeActor.fire(CompositeActor.java:455)
	at ptolemy.actor.Manager.iterate(Manager.java:851)
	at ptolemy.actor.Manager.execute(Manager.java:369)
	at ptolemy.actor.Manager.run(Manager.java:1263)
	at ptolemy.actor.Manager$PtolemyRunThread.run(Manager.java:1933)

    while executing
ptolemy.kernel.util.IllegalActionException: Test fails in iteration 1.
Value was: 1.0. Should have been: 2.0
  in .DirectFeedback.Test
    while executing
"java::new ptolemy.moml.MoMLSimpleApplication $file
"
    (procedure "createAndExecute" line 2)
    invoked from within
"createAndExecute $file"
    ("uplevel" body line 5)
    invoked from within
"uplevel $contents_of_test"
------------------ testing $PTII/ptolemy/domains/de/test/auto/knownFailedTests/dependencyLoop.xml (Known Failure) 
39 ms. Memory: 120832K Free: 108210K (90%)


==== $PTIIhome/travis/build/icyphy/ptII/ptolemy/domains/de/test/../../../../: Auto Automatic test in file $PTII/ptolemy/domains/de/test/auto/knownFailedTests/dependencyLoop.xml
==== Contents of test case:

	    # FIXME: we should use $relativeFilename here, but it
	    # might have backslashes under Windows, which causes no end
	    # of trouble.
	    createAndExecute $file
	    list {}
	
.... Test generated KNOWN error:
    while executing
ptolemy.kernel.util.IllegalActionException: Found a zero delay loop containing .dependencyLoop.original
  in .dependencyLoop and .dependencyLoop.original
	at ptolemy.actor.util.CausalityInterfaceForComposites._computeOutputPortDepth(CausalityInterfaceForComposites.java:759)
	at ptolemy.actor.util.CausalityInterfaceForComposites._computeInputDepth(CausalityInterfaceForComposites.java:696)
	at ptolemy.actor.util.CausalityInterfaceForComposites._computeOutputPortDepth(CausalityInterfaceForComposites.java:765)
	at ptolemy.actor.util.CausalityInterfaceForComposites._computeInputDepth(CausalityInterfaceForComposites.java:696)
	at ptolemy.actor.util.CausalityInterfaceForComposites._computeOutputPortDepth(CausalityInterfaceForComposites.java:765)
	at ptolemy.actor.util.CausalityInterfaceForComposites._computeInputDepth(CausalityInterfaceForComposites.java:696)
	at ptolemy.actor.util.CausalityInterfaceForComposites._computeActorDepth(CausalityInterfaceForComposites.java:532)
	at ptolemy.actor.util.CausalityInterfaceForComposites.checkForCycles(CausalityInterfaceForComposites.java:96)
	at ptolemy.domains.de.kernel.DEDirector.preinitialize(DEDirector.java:1338)
	at ptolemy.actor.CompositeActor.preinitialize(CompositeActor.java:1828)
	at ptolemy.actor.Manager.preinitializeAndResolveTypes(Manager.java:1040)
	at ptolemy.actor.Manager.initialize(Manager.java:710)
	at ptolemy.actor.Manager.execute(Manager.java:356)
	at ptolemy.actor.Manager.run(Manager.java:1263)
	at ptolemy.actor.Manager$PtolemyRunThread.run(Manager.java:1933)

    while executing
ptolemy.kernel.util.IllegalActionException: Found a zero delay loop containing .dependencyLoop.original
  in .dependencyLoop and .dependencyLoop.original
    while executing
"java::new ptolemy.moml.MoMLSimpleApplication $file
"
    (procedure "createAndExecute" line 2)
    invoked from within
"createAndExecute $file"
    ("uplevel" body line 5)
    invoked from within
"uplevel $contents_of_test"
------------------ testing $PTII/ptolemy/domains/de/test/auto/knownFailedTests/FSMSource.xml (Known Failure) 
83 ms. Memory: 120832K Free: 99039K (82%)
!!!! Auto was marked as failing, but now passes
------------------ testing $PTII/ptolemy/domains/de/test/auto/knownFailedTests/HierarchicalModel.xml (Known Failure) 
6 ms. Memory: 120832K Free: 81647K (68%)


==== $PTIIhome/travis/build/icyphy/ptII/ptolemy/domains/de/test/../../../../: Auto Automatic test in file $PTII/ptolemy/domains/de/test/auto/knownFailedTests/HierarchicalModel.xml
==== Contents of test case:

	    # FIXME: we should use $relativeFilename here, but it
	    # might have backslashes under Windows, which causes no end
	    # of trouble.
	    createAndExecute $file
	    list {}
	
.... Test generated KNOWN error:
    while executing
ptolemy.kernel.util.IllegalActionException: Found a zero delay loop containing .HierarchicalModel.A
  in .HierarchicalModel and .HierarchicalModel.A
	at ptolemy.actor.util.CausalityInterfaceForComposites._computeOutputPortDepth(CausalityInterfaceForComposites.java:759)
	at ptolemy.actor.util.CausalityInterfaceForComposites._computeInputDepth(CausalityInterfaceForComposites.java:696)
	at ptolemy.actor.util.CausalityInterfaceForComposites._computeOutputPortDepth(CausalityInterfaceForComposites.java:765)
	at ptolemy.actor.util.CausalityInterfaceForComposites._computeInputDepth(CausalityInterfaceForComposites.java:696)
	at ptolemy.actor.util.CausalityInterfaceForComposites._computeOutputPortDepth(CausalityInterfaceForComposites.java:765)
	at ptolemy.actor.util.CausalityInterfaceForComposites._computeInputDepth(CausalityInterfaceForComposites.java:696)
	at ptolemy.actor.util.CausalityInterfaceForComposites._computeActorDepth(CausalityInterfaceForComposites.java:532)
	at ptolemy.actor.util.CausalityInterfaceForComposites.checkForCycles(CausalityInterfaceForComposites.java:96)
	at ptolemy.domains.de.kernel.DEDirector.preinitialize(DEDirector.java:1338)
	at ptolemy.actor.CompositeActor.preinitialize(CompositeActor.java:1828)
	at ptolemy.actor.Manager.preinitializeAndResolveTypes(Manager.java:1040)
	at ptolemy.actor.Manager.initialize(Manager.java:710)
	at ptolemy.actor.Manager.execute(Manager.java:356)
	at ptolemy.actor.Manager.run(Manager.java:1263)
	at ptolemy.actor.Manager$PtolemyRunThread.run(Manager.java:1933)

    while executing
ptolemy.kernel.util.IllegalActionException: Found a zero delay loop containing .HierarchicalModel.A
  in .HierarchicalModel and .HierarchicalModel.A
    while executing
"java::new ptolemy.moml.MoMLSimpleApplication $file
"
    (procedure "createAndExecute" line 2)
    invoked from within
"createAndExecute $file"
    ("uplevel" body line 5)
    invoked from within
"uplevel $contents_of_test"
------------------ testing $PTII/ptolemy/domains/de/test/auto/knownFailedTests/dependencyLoop2.xml (Known Failure) 
31 ms. Memory: 120832K Free: 106037K (88%)


==== $PTIIhome/travis/build/icyphy/ptII/ptolemy/domains/de/test/../../../../: Auto Automatic test in file $PTII/ptolemy/domains/de/test/auto/knownFailedTests/dependencyLoop2.xml
==== Contents of test case:

	    # FIXME: we should use $relativeFilename here, but it
	    # might have backslashes under Windows, which causes no end
	    # of trouble.
	    createAndExecute $file
	    list {}
	
.... Test generated KNOWN error:
    while executing
ptolemy.kernel.util.IllegalActionException: Found a zero delay loop containing .dependencyLoop2.original
  in .dependencyLoop2 and .dependencyLoop2.original
	at ptolemy.actor.util.CausalityInterfaceForComposites._computeOutputPortDepth(CausalityInterfaceForComposites.java:759)
	at ptolemy.actor.util.CausalityInterfaceForComposites._computeInputDepth(CausalityInterfaceForComposites.java:696)
	at ptolemy.actor.util.CausalityInterfaceForComposites._computeOutputPortDepth(CausalityInterfaceForComposites.java:765)
	at ptolemy.actor.util.CausalityInterfaceForComposites._computeInputDepth(CausalityInterfaceForComposites.java:696)
	at ptolemy.actor.util.CausalityInterfaceForComposites._computeOutputPortDepth(CausalityInterfaceForComposites.java:765)
	at ptolemy.actor.util.CausalityInterfaceForComposites._computeInputDepth(CausalityInterfaceForComposites.java:696)
	at ptolemy.actor.util.CausalityInterfaceForComposites._computeActorDepth(CausalityInterfaceForComposites.java:532)
	at ptolemy.actor.util.CausalityInterfaceForComposites.checkForCycles(CausalityInterfaceForComposites.java:96)
	at ptolemy.domains.de.kernel.DEDirector.preinitialize(DEDirector.java:1338)
	at ptolemy.actor.CompositeActor.preinitialize(CompositeActor.java:1828)
	at ptolemy.actor.Manager.preinitializeAndResolveTypes(Manager.java:1040)
	at ptolemy.actor.Manager.initialize(Manager.java:710)
	at ptolemy.actor.Manager.execute(Manager.java:356)
	at ptolemy.actor.Manager.run(Manager.java:1263)
	at ptolemy.actor.Manager$PtolemyRunThread.run(Manager.java:1933)

    while executing
ptolemy.kernel.util.IllegalActionException: Found a zero delay loop containing .dependencyLoop2.original
  in .dependencyLoop2 and .dependencyLoop2.original
    while executing
"java::new ptolemy.moml.MoMLSimpleApplication $file
"
    (procedure "createAndExecute" line 2)
    invoked from within
"createAndExecute $file"
    ("uplevel" body line 5)
    invoked from within
"uplevel $contents_of_test"
------------------ testing $PTII/ptolemy/domains/de/test/auto/knownFailedTests/DESDFClockTest.xml (Known Failure) 
2044 ms. Memory: 120832K Free: 92762K (77%)


==== $PTIIhome/travis/build/icyphy/ptII/ptolemy/domains/de/test/../../../../: Auto Automatic test in file $PTII/ptolemy/domains/de/test/auto/knownFailedTests/DESDFClockTest.xml
==== Contents of test case:

	    # FIXME: we should use $relativeFilename here, but it
	    # might have backslashes under Windows, which causes no end
	    # of trouble.
	    createAndExecute $file
	    list {}
	
.... Test generated KNOWN error:
    while executing
ptolemy.kernel.util.IllegalActionException: Actor is not ready to fire.  Perhaps UpSample.prefire() returned false? Try debugging the actor by selecting "Listen to Actor".  Also, for SDF check moml for tokenConsumptionRate on input.
  in .DESDFClockTest.Play Bell.Copy1:SDF Director and .DESDFClockTest.Play Bell.UpSample
	at ptolemy.actor.sched.StaticSchedulingDirector.fire(StaticSchedulingDirector.java:227)
	at ptolemy.domains.sdf.kernel.SDFDirector.fire(SDFDirector.java:500)
	at ptolemy.actor.CompositeActor.fire(CompositeActor.java:455)
	at ptolemy.domains.de.kernel.DEDirector._fire(DEDirector.java:1949)
	at ptolemy.domains.de.kernel.DEDirector.fire(DEDirector.java:502)
	at ptolemy.actor.CompositeActor.fire(CompositeActor.java:455)
	at ptolemy.actor.Manager.iterate(Manager.java:851)
	at ptolemy.actor.Manager.execute(Manager.java:369)
	at ptolemy.actor.Manager.run(Manager.java:1263)
	at ptolemy.actor.Manager$PtolemyRunThread.run(Manager.java:1933)

    while executing
ptolemy.kernel.util.IllegalActionException: Actor is not ready to fire.  Perhaps UpSample.prefire() returned false? Try debugging the actor by selecting "Listen to Actor".  Also, for SDF check moml for tokenConsumptionRate on input.
  in .DESDFClockTest.Play Bell.Copy1:SDF Director and .DESDFClockTest.Play Bell.UpSample
    while executing
"java::new ptolemy.moml.MoMLSimpleApplication $file
"
    (procedure "createAndExecute" line 2)
    invoked from within
"createAndExecute $file"
    ("uplevel" body line 5)
    invoked from within
"uplevel $contents_of_test"
------------------ testing $PTII/ptolemy/domains/de/test/auto/ActorDepthCalculation_actorWithoutPorts.xml
auto.tcl: Setting watchdog for 200 seconds at Mon Sep 16 05:40:01 UTC 2019
13 ms. Memory: 120832K Free: 85566K (71%)
ptolemy.util.test.WatchDog.cancel(): canceling Mon Sep 16 05:40:01 UTC 2019
auto.tcl: Setting watchdog for 200 seconds at Mon Sep 16 05:40:01 UTC 2019
10 ms. Memory: 120832K Free: 84428K (70%)
ptolemy.util.test.WatchDog.cancel(): canceling Mon Sep 16 05:40:01 UTC 2019
------------------ testing $PTII/ptolemy/domains/de/test/auto/AssemblyLine.xml
auto.tcl: Setting watchdog for 200 seconds at Mon Sep 16 05:40:02 UTC 2019
8 ms. Memory: 45056K Free: 22465K (50%)
ptolemy.util.test.WatchDog.cancel(): canceling Mon Sep 16 05:40:02 UTC 2019
auto.tcl: Setting watchdog for 200 seconds at Mon Sep 16 05:40:02 UTC 2019
12 ms. Memory: 45056K Free: 22034K (49%)
ptolemy.util.test.WatchDog.cancel(): canceling Mon Sep 16 05:40:02 UTC 2019
------------------ testing $PTII/ptolemy/domains/de/test/auto/CQBug1.xml
auto.tcl: Setting watchdog for 200 seconds at Mon Sep 16 05:40:02 UTC 2019
4 ms. Memory: 45056K Free: 28443K (63%)
ptolemy.util.test.WatchDog.cancel(): canceling Mon Sep 16 05:40:02 UTC 2019
auto.tcl: Setting watchdog for 200 seconds at Mon Sep 16 05:40:02 UTC 2019
2 ms. Memory: 45056K Free: 28012K (62%)
ptolemy.util.test.WatchDog.cancel(): canceling Mon Sep 16 05:40:02 UTC 2019
------------------ testing $PTII/ptolemy/domains/de/test/auto/CancelFireAt.xml
auto.tcl: Setting watchdog for 200 seconds at Mon Sep 16 05:40:02 UTC 2019
2 ms. Memory: 45056K Free: 29674K (66%)
ptolemy.util.test.WatchDog.cancel(): canceling Mon Sep 16 05:40:02 UTC 2019
auto.tcl: Setting watchdog for 200 seconds at Mon Sep 16 05:40:02 UTC 2019
4 ms. Memory: 45056K Free: 29243K (65%)
ptolemy.util.test.WatchDog.cancel(): canceling Mon Sep 16 05:40:02 UTC 2019
------------------ testing $PTII/ptolemy/domains/de/test/auto/CausalityAndComposabilityAnalysis.xml
auto.tcl: Setting watchdog for 200 seconds at Mon Sep 16 05:40:02 UTC 2019
9 ms. Memory: 45056K Free: 27460K (61%)
ptolemy.util.test.WatchDog.cancel(): canceling Mon Sep 16 05:40:02 UTC 2019
auto.tcl: Setting watchdog for 200 seconds at Mon Sep 16 05:40:02 UTC 2019
6 ms. Memory: 45056K Free: 27028K (60%)
ptolemy.util.test.WatchDog.cancel(): canceling Mon Sep 16 05:40:02 UTC 2019
------------------ testing $PTII/ptolemy/domains/de/test/auto/CausalityInterface1.xml
auto.tcl: Setting watchdog for 200 seconds at Mon Sep 16 05:40:02 UTC 2019
23 ms. Memory: 45056K Free: 26379K (59%)
ptolemy.util.test.WatchDog.cancel(): canceling Mon Sep 16 05:40:03 UTC 2019
auto.tcl: Setting watchdog for 200 seconds at Mon Sep 16 05:40:03 UTC 2019
9 ms. Memory: 45056K Free: 25410K (56%)
ptolemy.util.test.WatchDog.cancel(): canceling Mon Sep 16 05:40:03 UTC 2019
------------------ testing $PTII/ptolemy/domains/de/test/auto/CausalityInterface15.xml
auto.tcl: Setting watchdog for 200 seconds at Mon Sep 16 05:40:03 UTC 2019
13 ms. Memory: 45056K Free: 26223K (58%)
ptolemy.util.test.WatchDog.cancel(): canceling Mon Sep 16 05:40:03 UTC 2019
auto.tcl: Setting watchdog for 200 seconds at Mon Sep 16 05:40:03 UTC 2019
4 ms. Memory: 45056K Free: 25245K (56%)
ptolemy.util.test.WatchDog.cancel(): canceling Mon Sep 16 05:40:03 UTC 2019
------------------ testing $PTII/ptolemy/domains/de/test/auto/CausalityInterface2.xml
auto.tcl: Setting watchdog for 200 seconds at Mon Sep 16 05:40:03 UTC 2019
4 ms. Memory: 45056K Free: 27005K (60%)
ptolemy.util.test.WatchDog.cancel(): canceling Mon Sep 16 05:40:03 UTC 2019
auto.tcl: Setting watchdog for 200 seconds at Mon Sep 16 05:40:03 UTC 2019
3 ms. Memory: 45056K Free: 26284K (58%)
ptolemy.util.test.WatchDog.cancel(): canceling Mon Sep 16 05:40:03 UTC 2019
------------------ testing $PTII/ptolemy/domains/de/test/auto/CausalityInterface3.xml
auto.tcl: Setting watchdog for 200 seconds at Mon Sep 16 05:40:03 UTC 2019
13 ms. Memory: 45056K Free: 26455K (59%)
ptolemy.util.test.WatchDog.cancel(): canceling Mon Sep 16 05:40:03 UTC 2019
auto.tcl: Setting watchdog for 200 seconds at Mon Sep 16 05:40:03 UTC 2019
4 ms. Memory: 45056K Free: 25669K (57%)
ptolemy.util.test.WatchDog.cancel(): canceling Mon Sep 16 05:40:03 UTC 2019
------------------ testing $PTII/ptolemy/domains/de/test/auto/ClockDrift.xml
auto.tcl: Setting watchdog for 200 seconds at Mon Sep 16 05:40:03 UTC 2019
108 ms. Memory: 45056K Free: 19060K (42%)
ptolemy.util.test.WatchDog.cancel(): canceling Mon Sep 16 05:40:03 UTC 2019
auto.tcl: Setting watchdog for 200 seconds at Mon Sep 16 05:40:03 UTC 2019
71 ms. Memory: 45056K Free: 16041K (36%)
ptolemy.util.test.WatchDog.cancel(): canceling Mon Sep 16 05:40:03 UTC 2019
------------------ testing $PTII/ptolemy/domains/de/test/auto/ClockDriftAndValueChange.xml
auto.tcl: Setting watchdog for 200 seconds at Mon Sep 16 05:40:03 UTC 2019
39 ms. Memory: 45056K Free: 19131K (42%)
ptolemy.util.test.WatchDog.cancel(): canceling Mon Sep 16 05:40:03 UTC 2019
auto.tcl: Setting watchdog for 200 seconds at Mon Sep 16 05:40:03 UTC 2019
29 ms. Memory: 45056K Free: 16287K (36%)
ptolemy.util.test.WatchDog.cancel(): canceling Mon Sep 16 05:40:03 UTC 2019
------------------ testing $PTII/ptolemy/domains/de/test/auto/ClockDriftChange.xml
auto.tcl: Setting watchdog for 200 seconds at Mon Sep 16 05:40:03 UTC 2019
20 ms. Memory: 45056K Free: 21185K (47%)
ptolemy.util.test.WatchDog.cancel(): canceling Mon Sep 16 05:40:03 UTC 2019
auto.tcl: Setting watchdog for 200 seconds at Mon Sep 16 05:40:03 UTC 2019
28 ms. Memory: 45056K Free: 18330K (41%)
ptolemy.util.test.WatchDog.cancel(): canceling Mon Sep 16 05:40:03 UTC 2019
------------------ testing $PTII/ptolemy/domains/de/test/auto/ComposableCausalityAnalysis.xml
auto.tcl: Setting watchdog for 200 seconds at Mon Sep 16 05:40:03 UTC 2019
2 ms. Memory: 45056K Free: 25862K (57%)
ptolemy.util.test.WatchDog.cancel(): canceling Mon Sep 16 05:40:04 UTC 2019
auto.tcl: Setting watchdog for 200 seconds at Mon Sep 16 05:40:04 UTC 2019
2 ms. Memory: 45056K Free: 24775K (55%)
ptolemy.util.test.WatchDog.cancel(): canceling Mon Sep 16 05:40:04 UTC 2019
------------------ testing $PTII/ptolemy/domains/de/test/auto/DEFixedPointLimitation.xml
auto.tcl: Setting watchdog for 200 seconds at Mon Sep 16 05:40:04 UTC 2019
3 ms. Memory: 45056K Free: 27152K (60%)
ptolemy.util.test.WatchDog.cancel(): canceling Mon Sep 16 05:40:04 UTC 2019
auto.tcl: Setting watchdog for 200 seconds at Mon Sep 16 05:40:04 UTC 2019
2 ms. Memory: 45056K Free: 26240K (58%)
ptolemy.util.test.WatchDog.cancel(): canceling Mon Sep 16 05:40:04 UTC 2019
------------------ testing $PTII/ptolemy/domains/de/test/auto/DEScheduleTest.xml
auto.tcl: Setting watchdog for 200 seconds at Mon Sep 16 05:40:04 UTC 2019
5 ms. Memory: 45056K Free: 27445K (61%)
ptolemy.util.test.WatchDog.cancel(): canceling Mon Sep 16 05:40:04 UTC 2019
auto.tcl: Setting watchdog for 200 seconds at Mon Sep 16 05:40:04 UTC 2019
4 ms. Memory: 45056K Free: 26687K (59%)
ptolemy.util.test.WatchDog.cancel(): canceling Mon Sep 16 05:40:04 UTC 2019
------------------ testing $PTII/ptolemy/domains/de/test/auto/DEinDEwithStartTimes.xml
auto.tcl: Setting watchdog for 200 seconds at Mon Sep 16 05:40:04 UTC 2019
4 ms. Memory: 45056K Free: 25624K (57%)
ptolemy.util.test.WatchDog.cancel(): canceling Mon Sep 16 05:40:04 UTC 2019
auto.tcl: Setting watchdog for 200 seconds at Mon Sep 16 05:40:04 UTC 2019
4 ms. Memory: 45056K Free: 24573K (55%)
ptolemy.util.test.WatchDog.cancel(): canceling Mon Sep 16 05:40:04 UTC 2019
------------------ testing $PTII/ptolemy/domains/de/test/auto/DEinDEwithStartTimes2.xml
auto.tcl: Setting watchdog for 200 seconds at Mon Sep 16 05:40:04 UTC 2019
5 ms. Memory: 45056K Free: 24834K (55%)
ptolemy.util.test.WatchDog.cancel(): canceling Mon Sep 16 05:40:04 UTC 2019
auto.tcl: Setting watchdog for 200 seconds at Mon Sep 16 05:40:04 UTC 2019
5 ms. Memory: 45056K Free: 23528K (52%)
ptolemy.util.test.WatchDog.cancel(): canceling Mon Sep 16 05:40:04 UTC 2019
------------------ testing $PTII/ptolemy/domains/de/test/auto/DateDemo.xml
auto.tcl: Setting watchdog for 200 seconds at Mon Sep 16 05:40:04 UTC 2019
27 ms. Memory: 45056K Free: 19180K (43%)
ptolemy.util.test.WatchDog.cancel(): canceling Mon Sep 16 05:40:04 UTC 2019
auto.tcl: Setting watchdog for 200 seconds at Mon Sep 16 05:40:04 UTC 2019
11 ms. Memory: 45056K Free: 17609K (39%)
ptolemy.util.test.WatchDog.cancel(): canceling Mon Sep 16 05:40:04 UTC 2019
------------------ testing $PTII/ptolemy/domains/de/test/auto/DateToEvent.xml
auto.tcl: Setting watchdog for 200 seconds at Mon Sep 16 05:40:04 UTC 2019
2012 ms. Memory: 45056K Free: 15091K (33%)
ptolemy.util.test.WatchDog.cancel(): canceling Mon Sep 16 05:40:06 UTC 2019
auto.tcl: Setting watchdog for 200 seconds at Mon Sep 16 05:40:06 UTC 2019
2006 ms. Memory: 45056K Free: 14347K (32%)
ptolemy.util.test.WatchDog.cancel(): canceling Mon Sep 16 05:40:08 UTC 2019
------------------ testing $PTII/ptolemy/domains/de/test/auto/DepthTest1.xml
auto.tcl: Setting watchdog for 200 seconds at Mon Sep 16 05:40:08 UTC 2019
7 ms. Memory: 45056K Free: 28059K (62%)
ptolemy.util.test.WatchDog.cancel(): canceling Mon Sep 16 05:40:08 UTC 2019
auto.tcl: Setting watchdog for 200 seconds at Mon Sep 16 05:40:08 UTC 2019
1 ms. Memory: 45056K Free: 27540K (61%)
ptolemy.util.test.WatchDog.cancel(): canceling Mon Sep 16 05:40:08 UTC 2019
------------------ testing $PTII/ptolemy/domains/de/test/auto/DepthTest2.xml
auto.tcl: Setting watchdog for 200 seconds at Mon Sep 16 05:40:08 UTC 2019
4 ms. Memory: 45056K Free: 24733K (55%)
ptolemy.util.test.WatchDog.cancel(): canceling Mon Sep 16 05:40:08 UTC 2019
auto.tcl: Setting watchdog for 200 seconds at Mon Sep 16 05:40:08 UTC 2019
3 ms. Memory: 45056K Free: 24244K (54%)
ptolemy.util.test.WatchDog.cancel(): canceling Mon Sep 16 05:40:08 UTC 2019
------------------ testing $PTII/ptolemy/domains/de/test/auto/DepthTest3.xml
auto.tcl: Setting watchdog for 200 seconds at Mon Sep 16 05:40:08 UTC 2019
3 ms. Memory: 45056K Free: 28387K (63%)
ptolemy.util.test.WatchDog.cancel(): canceling Mon Sep 16 05:40:08 UTC 2019
auto.tcl: Setting watchdog for 200 seconds at Mon Sep 16 05:40:08 UTC 2019
2 ms. Memory: 45056K Free: 27849K (62%)
ptolemy.util.test.WatchDog.cancel(): canceling Mon Sep 16 05:40:08 UTC 2019
------------------ testing $PTII/ptolemy/domains/de/test/auto/DepthTest4.xml
auto.tcl: Setting watchdog for 200 seconds at Mon Sep 16 05:40:08 UTC 2019
4 ms. Memory: 45056K Free: 26610K (59%)
ptolemy.util.test.WatchDog.cancel(): canceling Mon Sep 16 05:40:09 UTC 2019
auto.tcl: Setting watchdog for 200 seconds at Mon Sep 16 05:40:09 UTC 2019
4 ms. Memory: 45056K Free: 25901K (57%)
ptolemy.util.test.WatchDog.cancel(): canceling Mon Sep 16 05:40:09 UTC 2019
------------------ testing $PTII/ptolemy/domains/de/test/auto/DepthTest5.xml
auto.tcl: Setting watchdog for 200 seconds at Mon Sep 16 05:40:09 UTC 2019
5 ms. Memory: 45056K Free: 26014K (58%)
ptolemy.util.test.WatchDog.cancel(): canceling Mon Sep 16 05:40:09 UTC 2019
auto.tcl: Setting watchdog for 200 seconds at Mon Sep 16 05:40:09 UTC 2019
3 ms. Memory: 45056K Free: 25285K (56%)
ptolemy.util.test.WatchDog.cancel(): canceling Mon Sep 16 05:40:09 UTC 2019
------------------ testing $PTII/ptolemy/domains/de/test/auto/DepthTest6.xml
auto.tcl: Setting watchdog for 200 seconds at Mon Sep 16 05:40:09 UTC 2019
4 ms. Memory: 45056K Free: 25734K (57%)
ptolemy.util.test.WatchDog.cancel(): canceling Mon Sep 16 05:40:09 UTC 2019
auto.tcl: Setting watchdog for 200 seconds at Mon Sep 16 05:40:09 UTC 2019
2 ms. Memory: 45056K Free: 25184K (56%)
ptolemy.util.test.WatchDog.cancel(): canceling Mon Sep 16 05:40:09 UTC 2019
------------------ testing $PTII/ptolemy/domains/de/test/auto/DepthTest7.xml
auto.tcl: Setting watchdog for 200 seconds at Mon Sep 16 05:40:09 UTC 2019
4 ms. Memory: 45056K Free: 26534K (59%)
ptolemy.util.test.WatchDog.cancel(): canceling Mon Sep 16 05:40:09 UTC 2019
auto.tcl: Setting watchdog for 200 seconds at Mon Sep 16 05:40:09 UTC 2019
3 ms. Memory: 45056K Free: 25809K (57%)
ptolemy.util.test.WatchDog.cancel(): canceling Mon Sep 16 05:40:09 UTC 2019
------------------ testing $PTII/ptolemy/domains/de/test/auto/EventToDate.xml
auto.tcl: Setting watchdog for 200 seconds at Mon Sep 16 05:40:09 UTC 2019
3007 ms. Memory: 45056K Free: 17334K (38%)
ptolemy.util.test.WatchDog.cancel(): canceling Mon Sep 16 05:40:12 UTC 2019
auto.tcl: Setting watchdog for 200 seconds at Mon Sep 16 05:40:12 UTC 2019
3006 ms. Memory: 45056K Free: 16626K (37%)
ptolemy.util.test.WatchDog.cancel(): canceling Mon Sep 16 05:40:15 UTC 2019
------------------ testing $PTII/ptolemy/domains/de/test/auto/FSM1.xml
auto.tcl: Setting watchdog for 200 seconds at Mon Sep 16 05:40:15 UTC 2019
36 ms. Memory: 45056K Free: 18532K (41%)
ptolemy.util.test.WatchDog.cancel(): canceling Mon Sep 16 05:40:15 UTC 2019
auto.tcl: Setting watchdog for 200 seconds at Mon Sep 16 05:40:15 UTC 2019
23 ms. Memory: 45056K Free: 15281K (34%)
ptolemy.util.test.WatchDog.cancel(): canceling Mon Sep 16 05:40:15 UTC 2019
------------------ testing $PTII/ptolemy/domains/de/test/auto/FSM7.xml
auto.tcl: Setting watchdog for 200 seconds at Mon Sep 16 05:40:15 UTC 2019
15 ms. Memory: 45056K Free: 18240K (40%)
ptolemy.util.test.WatchDog.cancel(): canceling Mon Sep 16 05:40:15 UTC 2019
auto.tcl: Setting watchdog for 200 seconds at Mon Sep 16 05:40:15 UTC 2019
15 ms. Memory: 45056K Free: 15125K (34%)
ptolemy.util.test.WatchDog.cancel(): canceling Mon Sep 16 05:40:15 UTC 2019
------------------ testing $PTII/ptolemy/domains/de/test/auto/Inspection.xml
auto.tcl: Setting watchdog for 200 seconds at Mon Sep 16 05:40:15 UTC 2019
29 ms. Memory: 45056K Free: 18075K (40%)
ptolemy.util.test.WatchDog.cancel(): canceling Mon Sep 16 05:40:15 UTC 2019
auto.tcl: Setting watchdog for 200 seconds at Mon Sep 16 05:40:15 UTC 2019
33 ms. Memory: 45056K Free: 16539K (37%)
ptolemy.util.test.WatchDog.cancel(): canceling Mon Sep 16 05:40:15 UTC 2019
------------------ testing $PTII/ptolemy/domains/de/test/auto/Iteration.xml
auto.tcl: Setting watchdog for 200 seconds at Mon Sep 16 05:40:15 UTC 2019
8 ms. Memory: 45056K Free: 24016K (53%)
ptolemy.util.test.WatchDog.cancel(): canceling Mon Sep 16 05:40:15 UTC 2019
auto.tcl: Setting watchdog for 200 seconds at Mon Sep 16 05:40:15 UTC 2019
8 ms. Memory: 45056K Free: 22596K (50%)
ptolemy.util.test.WatchDog.cancel(): canceling Mon Sep 16 05:40:15 UTC 2019
------------------ testing $PTII/ptolemy/domains/de/test/auto/LineFault.xml
auto.tcl: Setting watchdog for 200 seconds at Mon Sep 16 05:40:15 UTC 2019
826 ms. Memory: 54272K Free: 36400K (67%)
ptolemy.util.test.WatchDog.cancel(): canceling Mon Sep 16 05:40:17 UTC 2019
auto.tcl: Setting watchdog for 200 seconds at Mon Sep 16 05:40:17 UTC 2019
595 ms. Memory: 54272K Free: 30802K (57%)
ptolemy.util.test.WatchDog.cancel(): canceling Mon Sep 16 05:40:17 UTC 2019
------------------ testing $PTII/ptolemy/domains/de/test/auto/MergeModel1Add.xml
auto.tcl: Setting watchdog for 200 seconds at Mon Sep 16 05:40:17 UTC 2019
24 ms. Memory: 54272K Free: 19159K (35%)
ptolemy.util.test.WatchDog.cancel(): canceling Mon Sep 16 05:40:17 UTC 2019
auto.tcl: Setting watchdog for 200 seconds at Mon Sep 16 05:40:17 UTC 2019
14 ms. Memory: 54272K Free: 17411K (32%)
ptolemy.util.test.WatchDog.cancel(): canceling Mon Sep 16 05:40:17 UTC 2019
------------------ testing $PTII/ptolemy/domains/de/test/auto/MergeModel2Add.xml
auto.tcl: Setting watchdog for 200 seconds at Mon Sep 16 05:40:17 UTC 2019
10 ms. Memory: 51200K Free: 18105K (35%)
ptolemy.util.test.WatchDog.cancel(): canceling Mon Sep 16 05:40:18 UTC 2019
auto.tcl: Setting watchdog for 200 seconds at Mon Sep 16 05:40:18 UTC 2019
9 ms. Memory: 51200K Free: 16153K (32%)
ptolemy.util.test.WatchDog.cancel(): canceling Mon Sep 16 05:40:18 UTC 2019
------------------ testing $PTII/ptolemy/domains/de/test/auto/MergeModel3Add.xml
auto.tcl: Setting watchdog for 200 seconds at Mon Sep 16 05:40:18 UTC 2019
9 ms. Memory: 51200K Free: 18098K (35%)
ptolemy.util.test.WatchDog.cancel(): canceling Mon Sep 16 05:40:18 UTC 2019
auto.tcl: Setting watchdog for 200 seconds at Mon Sep 16 05:40:18 UTC 2019
9 ms. Memory: 51200K Free: 16704K (33%)
ptolemy.util.test.WatchDog.cancel(): canceling Mon Sep 16 05:40:18 UTC 2019
------------------ testing $PTII/ptolemy/domains/de/test/auto/MergeWithoutDiscard.xml
auto.tcl: Setting watchdog for 200 seconds at Mon Sep 16 05:40:18 UTC 2019
2 ms. Memory: 51200K Free: 33016K (64%)
ptolemy.util.test.WatchDog.cancel(): canceling Mon Sep 16 05:40:18 UTC 2019
auto.tcl: Setting watchdog for 200 seconds at Mon Sep 16 05:40:18 UTC 2019
2 ms. Memory: 51200K Free: 32092K (63%)
ptolemy.util.test.WatchDog.cancel(): canceling Mon Sep 16 05:40:18 UTC 2019
------------------ testing $PTII/ptolemy/domains/de/test/auto/Modal1.xml
auto.tcl: Setting watchdog for 200 seconds at Mon Sep 16 05:40:18 UTC 2019
12 ms. Memory: 51200K Free: 24620K (48%)
ptolemy.util.test.WatchDog.cancel(): canceling Mon Sep 16 05:40:18 UTC 2019
auto.tcl: Setting watchdog for 200 seconds at Mon Sep 16 05:40:18 UTC 2019
13 ms. Memory: 51200K Free: 21123K (41%)
ptolemy.util.test.WatchDog.cancel(): canceling Mon Sep 16 05:40:18 UTC 2019
------------------ testing $PTII/ptolemy/domains/de/test/auto/Modal2.xml
auto.tcl: Setting watchdog for 200 seconds at Mon Sep 16 05:40:18 UTC 2019
19 ms. Memory: 48128K Free: 21692K (45%)
ptolemy.util.test.WatchDog.cancel(): canceling Mon Sep 16 05:40:18 UTC 2019
auto.tcl: Setting watchdog for 200 seconds at Mon Sep 16 05:40:18 UTC 2019
22 ms. Memory: 48128K Free: 18426K (38%)
ptolemy.util.test.WatchDog.cancel(): canceling Mon Sep 16 05:40:18 UTC 2019
------------------ testing $PTII/ptolemy/domains/de/test/auto/Modal3.xml
auto.tcl: Setting watchdog for 200 seconds at Mon Sep 16 05:40:18 UTC 2019
19 ms. Memory: 48128K Free: 21445K (45%)
ptolemy.util.test.WatchDog.cancel(): canceling Mon Sep 16 05:40:18 UTC 2019
auto.tcl: Setting watchdog for 200 seconds at Mon Sep 16 05:40:18 UTC 2019
17 ms. Memory: 48128K Free: 18464K (38%)
ptolemy.util.test.WatchDog.cancel(): canceling Mon Sep 16 05:40:18 UTC 2019
------------------ testing $PTII/ptolemy/domains/de/test/auto/Modal4.xml
auto.tcl: Setting watchdog for 200 seconds at Mon Sep 16 05:40:18 UTC 2019
31 ms. Memory: 48128K Free: 20649K (43%)
ptolemy.util.test.WatchDog.cancel(): canceling Mon Sep 16 05:40:18 UTC 2019
auto.tcl: Setting watchdog for 200 seconds at Mon Sep 16 05:40:18 UTC 2019
22 ms. Memory: 48128K Free: 16815K (35%)
ptolemy.util.test.WatchDog.cancel(): canceling Mon Sep 16 05:40:18 UTC 2019
------------------ testing $PTII/ptolemy/domains/de/test/auto/Modal5.xml
auto.tcl: Setting watchdog for 200 seconds at Mon Sep 16 05:40:18 UTC 2019
13 ms. Memory: 48128K Free: 20649K (43%)
ptolemy.util.test.WatchDog.cancel(): canceling Mon Sep 16 05:40:18 UTC 2019
auto.tcl: Setting watchdog for 200 seconds at Mon Sep 16 05:40:18 UTC 2019
14 ms. Memory: 48128K Free: 16801K (35%)
ptolemy.util.test.WatchDog.cancel(): canceling Mon Sep 16 05:40:18 UTC 2019
------------------ testing $PTII/ptolemy/domains/de/test/auto/Modal6.xml
auto.tcl: Setting watchdog for 200 seconds at Mon Sep 16 05:40:18 UTC 2019
21 ms. Memory: 48128K Free: 21395K (44%)
ptolemy.util.test.WatchDog.cancel(): canceling Mon Sep 16 05:40:19 UTC 2019
auto.tcl: Setting watchdog for 200 seconds at Mon Sep 16 05:40:19 UTC 2019
22 ms. Memory: 48128K Free: 17409K (36%)
ptolemy.util.test.WatchDog.cancel(): canceling Mon Sep 16 05:40:19 UTC 2019
------------------ testing $PTII/ptolemy/domains/de/test/auto/Modal7.xml
auto.tcl: Setting watchdog for 200 seconds at Mon Sep 16 05:40:19 UTC 2019
19 ms. Memory: 48128K Free: 20611K (43%)
ptolemy.util.test.WatchDog.cancel(): canceling Mon Sep 16 05:40:19 UTC 2019
auto.tcl: Setting watchdog for 200 seconds at Mon Sep 16 05:40:19 UTC 2019
17 ms. Memory: 48128K Free: 17062K (35%)
ptolemy.util.test.WatchDog.cancel(): canceling Mon Sep 16 05:40:19 UTC 2019
------------------ testing $PTII/ptolemy/domains/de/test/auto/ModalModel.xml
auto.tcl: Setting watchdog for 200 seconds at Mon Sep 16 05:40:19 UTC 2019
246 ms. Memory: 58368K Free: 27074K (46%)
ptolemy.util.test.WatchDog.cancel(): canceling Mon Sep 16 05:40:19 UTC 2019
auto.tcl: Setting watchdog for 200 seconds at Mon Sep 16 05:40:19 UTC 2019
198 ms. Memory: 58368K Free: 26666K (46%)
ptolemy.util.test.WatchDog.cancel(): canceling Mon Sep 16 05:40:19 UTC 2019
------------------ testing $PTII/ptolemy/domains/de/test/auto/ModalSource.xml
auto.tcl: Setting watchdog for 200 seconds at Mon Sep 16 05:40:19 UTC 2019
9 ms. Memory: 51200K Free: 28530K (56%)
ptolemy.util.test.WatchDog.cancel(): canceling Mon Sep 16 05:40:19 UTC 2019
auto.tcl: Setting watchdog for 200 seconds at Mon Sep 16 05:40:19 UTC 2019
7 ms. Memory: 51200K Free: 26582K (52%)
ptolemy.util.test.WatchDog.cancel(): canceling Mon Sep 16 05:40:19 UTC 2019
------------------ testing $PTII/ptolemy/domains/de/test/auto/NonInterruptibleTimerZeroDelay.xml
auto.tcl: Setting watchdog for 200 seconds at Mon Sep 16 05:40:19 UTC 2019
4 ms. Memory: 51200K Free: 33373K (65%)
ptolemy.util.test.WatchDog.cancel(): canceling Mon Sep 16 05:40:19 UTC 2019
auto.tcl: Setting watchdog for 200 seconds at Mon Sep 16 05:40:19 UTC 2019
2 ms. Memory: 51200K Free: 32789K (64%)
ptolemy.util.test.WatchDog.cancel(): canceling Mon Sep 16 05:40:19 UTC 2019
------------------ testing $PTII/ptolemy/domains/de/test/auto/OpenQueueingNetwork.xml
auto.tcl: Setting watchdog for 200 seconds at Mon Sep 16 05:40:20 UTC 2019
3451 ms. Memory: 122880K Free: 51489K (42%)
ptolemy.util.test.WatchDog.cancel(): canceling Mon Sep 16 05:40:23 UTC 2019
auto.tcl: Setting watchdog for 200 seconds at Mon Sep 16 05:40:23 UTC 2019
2784 ms. Memory: 182272K Free: 120180K (66%)
ptolemy.util.test.WatchDog.cancel(): canceling Mon Sep 16 05:40:26 UTC 2019
------------------ testing $PTII/ptolemy/domains/de/test/auto/OpenQueuingNetwork.xml
auto.tcl: Setting watchdog for 200 seconds at Mon Sep 16 05:40:26 UTC 2019
274 ms. Memory: 55296K Free: 25575K (46%)
ptolemy.util.test.WatchDog.cancel(): canceling Mon Sep 16 05:40:26 UTC 2019
auto.tcl: Setting watchdog for 200 seconds at Mon Sep 16 05:40:26 UTC 2019
251 ms. Memory: 55296K Free: 34126K (62%)
ptolemy.util.test.WatchDog.cancel(): canceling Mon Sep 16 05:40:27 UTC 2019
------------------ testing $PTII/ptolemy/domains/de/test/auto/PeriodicSampler.xml
auto.tcl: Setting watchdog for 200 seconds at Mon Sep 16 05:40:27 UTC 2019
4 ms. Memory: 51200K Free: 32682K (64%)
ptolemy.util.test.WatchDog.cancel(): canceling Mon Sep 16 05:40:27 UTC 2019
auto.tcl: Setting watchdog for 200 seconds at Mon Sep 16 05:40:27 UTC 2019
3 ms. Memory: 51200K Free: 32155K (63%)
ptolemy.util.test.WatchDog.cancel(): canceling Mon Sep 16 05:40:27 UTC 2019
------------------ testing $PTII/ptolemy/domains/de/test/auto/PersistentIO.xml
auto.tcl: Setting watchdog for 200 seconds at Mon Sep 16 05:40:27 UTC 2019
15 ms. Memory: 48128K Free: 24542K (51%)
ptolemy.util.test.WatchDog.cancel(): canceling Mon Sep 16 05:40:27 UTC 2019
auto.tcl: Setting watchdog for 200 seconds at Mon Sep 16 05:40:27 UTC 2019
5 ms. Memory: 48128K Free: 23058K (48%)
ptolemy.util.test.WatchDog.cancel(): canceling Mon Sep 16 05:40:27 UTC 2019
------------------ testing $PTII/ptolemy/domains/de/test/auto/PortParameterResetOnInitialize.xml
auto.tcl: Setting watchdog for 200 seconds at Mon Sep 16 05:40:27 UTC 2019
9 ms. Memory: 48128K Free: 29518K (61%)
ptolemy.util.test.WatchDog.cancel(): canceling Mon Sep 16 05:40:27 UTC 2019
auto.tcl: Setting watchdog for 200 seconds at Mon Sep 16 05:40:27 UTC 2019
2 ms. Memory: 48128K Free: 29034K (60%)
ptolemy.util.test.WatchDog.cancel(): canceling Mon Sep 16 05:40:27 UTC 2019
------------------ testing $PTII/ptolemy/domains/de/test/auto/PortParameterUpdates.xml
auto.tcl: Setting watchdog for 200 seconds at Mon Sep 16 05:40:27 UTC 2019
4 ms. Memory: 48128K Free: 27587K (57%)
ptolemy.util.test.WatchDog.cancel(): canceling Mon Sep 16 05:40:27 UTC 2019
auto.tcl: Setting watchdog for 200 seconds at Mon Sep 16 05:40:27 UTC 2019
4 ms. Memory: 48128K Free: 26136K (54%)
ptolemy.util.test.WatchDog.cancel(): canceling Mon Sep 16 05:40:27 UTC 2019
------------------ testing $PTII/ptolemy/domains/de/test/auto/QueueAndServer.xml
auto.tcl: Setting watchdog for 200 seconds at Mon Sep 16 05:40:27 UTC 2019
17 ms. Memory: 48128K Free: 26536K (55%)
ptolemy.util.test.WatchDog.cancel(): canceling Mon Sep 16 05:40:27 UTC 2019
auto.tcl: Setting watchdog for 200 seconds at Mon Sep 16 05:40:27 UTC 2019
7 ms. Memory: 48128K Free: 25110K (52%)
ptolemy.util.test.WatchDog.cancel(): canceling Mon Sep 16 05:40:27 UTC 2019
------------------ testing $PTII/ptolemy/domains/de/test/auto/Records.xml
auto.tcl: Setting watchdog for 200 seconds at Mon Sep 16 05:40:27 UTC 2019
3 ms. Memory: 48128K Free: 29062K (60%)
ptolemy.util.test.WatchDog.cancel(): canceling Mon Sep 16 05:40:27 UTC 2019
auto.tcl: Setting watchdog for 200 seconds at Mon Sep 16 05:40:27 UTC 2019
2 ms. Memory: 48128K Free: 28600K (59%)
ptolemy.util.test.WatchDog.cancel(): canceling Mon Sep 16 05:40:27 UTC 2019
------------------ testing $PTII/ptolemy/domains/de/test/auto/ResetTransitionWithStartTime1.xml
auto.tcl: Setting watchdog for 200 seconds at Mon Sep 16 05:40:27 UTC 2019
15 ms. Memory: 48128K Free: 26018K (54%)
ptolemy.util.test.WatchDog.cancel(): canceling Mon Sep 16 05:40:27 UTC 2019
auto.tcl: Setting watchdog for 200 seconds at Mon Sep 16 05:40:27 UTC 2019
8 ms. Memory: 48128K Free: 23970K (50%)
ptolemy.util.test.WatchDog.cancel(): canceling Mon Sep 16 05:40:27 UTC 2019
------------------ testing $PTII/ptolemy/domains/de/test/auto/ResetTransitionWithStartTime2.xml
auto.tcl: Setting watchdog for 200 seconds at Mon Sep 16 05:40:27 UTC 2019
8 ms. Memory: 48128K Free: 25973K (54%)
ptolemy.util.test.WatchDog.cancel(): canceling Mon Sep 16 05:40:27 UTC 2019
auto.tcl: Setting watchdog for 200 seconds at Mon Sep 16 05:40:27 UTC 2019
8 ms. Memory: 48128K Free: 23471K (49%)
ptolemy.util.test.WatchDog.cancel(): canceling Mon Sep 16 05:40:27 UTC 2019
------------------ testing $PTII/ptolemy/domains/de/test/auto/ResetTransitionWithStartTime3.xml
auto.tcl: Setting watchdog for 200 seconds at Mon Sep 16 05:40:27 UTC 2019
12 ms. Memory: 48128K Free: 25972K (54%)
ptolemy.util.test.WatchDog.cancel(): canceling Mon Sep 16 05:40:27 UTC 2019
auto.tcl: Setting watchdog for 200 seconds at Mon Sep 16 05:40:27 UTC 2019
8 ms. Memory: 48128K Free: 23470K (49%)
ptolemy.util.test.WatchDog.cancel(): canceling Mon Sep 16 05:40:27 UTC 2019
------------------ testing $PTII/ptolemy/domains/de/test/auto/ResetTransitionWithStartTime4.xml
auto.tcl: Setting watchdog for 200 seconds at Mon Sep 16 05:40:28 UTC 2019
9 ms. Memory: 48128K Free: 26438K (55%)
ptolemy.util.test.WatchDog.cancel(): canceling Mon Sep 16 05:40:28 UTC 2019
auto.tcl: Setting watchdog for 200 seconds at Mon Sep 16 05:40:28 UTC 2019
4 ms. Memory: 48128K Free: 25019K (52%)
ptolemy.util.test.WatchDog.cancel(): canceling Mon Sep 16 05:40:28 UTC 2019
------------------ testing $PTII/ptolemy/domains/de/test/auto/ResettableTimer1.xml
auto.tcl: Setting watchdog for 200 seconds at Mon Sep 16 05:40:28 UTC 2019
3 ms. Memory: 48128K Free: 30460K (63%)
ptolemy.util.test.WatchDog.cancel(): canceling Mon Sep 16 05:40:28 UTC 2019
auto.tcl: Setting watchdog for 200 seconds at Mon Sep 16 05:40:28 UTC 2019
2 ms. Memory: 48128K Free: 29587K (61%)
ptolemy.util.test.WatchDog.cancel(): canceling Mon Sep 16 05:40:28 UTC 2019
------------------ testing $PTII/ptolemy/domains/de/test/auto/ResettableTimer2.xml
auto.tcl: Setting watchdog for 200 seconds at Mon Sep 16 05:40:28 UTC 2019
3 ms. Memory: 48128K Free: 30242K (63%)
ptolemy.util.test.WatchDog.cancel(): canceling Mon Sep 16 05:40:28 UTC 2019
auto.tcl: Setting watchdog for 200 seconds at Mon Sep 16 05:40:28 UTC 2019
2 ms. Memory: 48128K Free: 29157K (61%)
ptolemy.util.test.WatchDog.cancel(): canceling Mon Sep 16 05:40:28 UTC 2019
------------------ testing $PTII/ptolemy/domains/de/test/auto/ResettableTimer3.xml
auto.tcl: Setting watchdog for 200 seconds at Mon Sep 16 05:40:28 UTC 2019
2 ms. Memory: 48128K Free: 30115K (63%)
ptolemy.util.test.WatchDog.cancel(): canceling Mon Sep 16 05:40:28 UTC 2019
auto.tcl: Setting watchdog for 200 seconds at Mon Sep 16 05:40:28 UTC 2019
1 ms. Memory: 48128K Free: 29619K (62%)
ptolemy.util.test.WatchDog.cancel(): canceling Mon Sep 16 05:40:28 UTC 2019
------------------ testing $PTII/ptolemy/domains/de/test/auto/ResettableTimer4.xml
auto.tcl: Setting watchdog for 200 seconds at Mon Sep 16 05:40:28 UTC 2019
2 ms. Memory: 48128K Free: 30125K (63%)
ptolemy.util.test.WatchDog.cancel(): canceling Mon Sep 16 05:40:28 UTC 2019
auto.tcl: Setting watchdog for 200 seconds at Mon Sep 16 05:40:28 UTC 2019
2 ms. Memory: 48128K Free: 29634K (62%)
ptolemy.util.test.WatchDog.cancel(): canceling Mon Sep 16 05:40:28 UTC 2019
------------------ testing $PTII/ptolemy/domains/de/test/auto/ResettableTimer5.xml
auto.tcl: Setting watchdog for 200 seconds at Mon Sep 16 05:40:28 UTC 2019
2 ms. Memory: 48128K Free: 29587K (61%)
ptolemy.util.test.WatchDog.cancel(): canceling Mon Sep 16 05:40:28 UTC 2019
auto.tcl: Setting watchdog for 200 seconds at Mon Sep 16 05:40:28 UTC 2019
2 ms. Memory: 48128K Free: 29135K (61%)
ptolemy.util.test.WatchDog.cancel(): canceling Mon Sep 16 05:40:28 UTC 2019
------------------ testing $PTII/ptolemy/domains/de/test/auto/ResettableTimer6.xml
auto.tcl: Setting watchdog for 200 seconds at Mon Sep 16 05:40:28 UTC 2019
2 ms. Memory: 48128K Free: 29578K (61%)
ptolemy.util.test.WatchDog.cancel(): canceling Mon Sep 16 05:40:28 UTC 2019
auto.tcl: Setting watchdog for 200 seconds at Mon Sep 16 05:40:28 UTC 2019
2 ms. Memory: 48128K Free: 29093K (60%)
ptolemy.util.test.WatchDog.cancel(): canceling Mon Sep 16 05:40:28 UTC 2019
------------------ testing $PTII/ptolemy/domains/de/test/auto/ServerZeroDelay.xml
auto.tcl: Setting watchdog for 200 seconds at Mon Sep 16 05:40:28 UTC 2019
2 ms. Memory: 48128K Free: 30258K (63%)
ptolemy.util.test.WatchDog.cancel(): canceling Mon Sep 16 05:40:28 UTC 2019
auto.tcl: Setting watchdog for 200 seconds at Mon Sep 16 05:40:28 UTC 2019
2 ms. Memory: 48128K Free: 29169K (61%)
ptolemy.util.test.WatchDog.cancel(): canceling Mon Sep 16 05:40:28 UTC 2019
------------------ testing $PTII/ptolemy/domains/de/test/auto/SmartSender.xml
auto.tcl: Setting watchdog for 200 seconds at Mon Sep 16 05:40:28 UTC 2019
3002 ms. Memory: 48128K Free: 30120K (63%)
ptolemy.util.test.WatchDog.cancel(): canceling Mon Sep 16 05:40:31 UTC 2019
auto.tcl: Setting watchdog for 200 seconds at Mon Sep 16 05:40:31 UTC 2019
3003 ms. Memory: 48128K Free: 29624K (62%)
ptolemy.util.test.WatchDog.cancel(): canceling Mon Sep 16 05:40:34 UTC 2019
------------------ testing $PTII/ptolemy/domains/de/test/auto/ThreadedComposite.xml
auto.tcl: Setting watchdog for 200 seconds at Mon Sep 16 05:40:34 UTC 2019
314 ms. Memory: 48128K Free: 11159K (23%)
ptolemy.util.test.WatchDog.cancel(): canceling Mon Sep 16 05:40:35 UTC 2019
auto.tcl: Setting watchdog for 200 seconds at Mon Sep 16 05:40:35 UTC 2019
284 ms. Memory: 48128K Free: 24320K (51%)
ptolemy.util.test.WatchDog.cancel(): canceling Mon Sep 16 05:40:35 UTC 2019
------------------ testing $PTII/ptolemy/domains/de/test/auto/Time.xml
auto.tcl: Setting watchdog for 200 seconds at Mon Sep 16 05:40:35 UTC 2019
576 ms. Memory: 48128K Free: 27227K (57%)
ptolemy.util.test.WatchDog.cancel(): canceling Mon Sep 16 05:40:35 UTC 2019
auto.tcl: Setting watchdog for 200 seconds at Mon Sep 16 05:40:35 UTC 2019
572 ms. Memory: 48128K Free: 23527K (49%)
ptolemy.util.test.WatchDog.cancel(): canceling Mon Sep 16 05:40:36 UTC 2019
------------------ testing $PTII/ptolemy/domains/de/test/auto/TimeDelayZeroDelay.xml
auto.tcl: Setting watchdog for 200 seconds at Mon Sep 16 05:40:36 UTC 2019
3 ms. Memory: 48128K Free: 30518K (63%)
ptolemy.util.test.WatchDog.cancel(): canceling Mon Sep 16 05:40:36 UTC 2019
auto.tcl: Setting watchdog for 200 seconds at Mon Sep 16 05:40:36 UTC 2019
2 ms. Memory: 48128K Free: 29627K (62%)
ptolemy.util.test.WatchDog.cancel(): canceling Mon Sep 16 05:40:36 UTC 2019
------------------ testing $PTII/ptolemy/domains/de/test/auto/TimerZeroDelay.xml
auto.tcl: Setting watchdog for 200 seconds at Mon Sep 16 05:40:36 UTC 2019
2 ms. Memory: 48128K Free: 30555K (63%)
ptolemy.util.test.WatchDog.cancel(): canceling Mon Sep 16 05:40:36 UTC 2019
auto.tcl: Setting watchdog for 200 seconds at Mon Sep 16 05:40:36 UTC 2019
2 ms. Memory: 48128K Free: 30065K (62%)
ptolemy.util.test.WatchDog.cancel(): canceling Mon Sep 16 05:40:36 UTC 2019
------------------ testing $PTII/ptolemy/domains/de/test/auto/TimingParadox.xml
auto.tcl: Setting watchdog for 200 seconds at Mon Sep 16 05:40:36 UTC 2019
391 ms. Memory: 97280K Free: 62685K (64%)
ptolemy.util.test.WatchDog.cancel(): canceling Mon Sep 16 05:40:37 UTC 2019
auto.tcl: Setting watchdog for 200 seconds at Mon Sep 16 05:40:37 UTC 2019
354 ms. Memory: 97280K Free: 28379K (29%)
ptolemy.util.test.WatchDog.cancel(): canceling Mon Sep 16 05:40:37 UTC 2019
------------------ testing $PTII/ptolemy/domains/de/test/auto/TransferInputs.xml
auto.tcl: Setting watchdog for 200 seconds at Mon Sep 16 05:40:37 UTC 2019
3 ms. Memory: 51200K Free: 31813K (62%)
ptolemy.util.test.WatchDog.cancel(): canceling Mon Sep 16 05:40:37 UTC 2019
auto.tcl: Setting watchdog for 200 seconds at Mon Sep 16 05:40:37 UTC 2019
2 ms. Memory: 51200K Free: 31108K (61%)
ptolemy.util.test.WatchDog.cancel(): canceling Mon Sep 16 05:40:37 UTC 2019
------------------ testing $PTII/ptolemy/domains/de/test/auto/TransferOutputs2.xml
auto.tcl: Setting watchdog for 200 seconds at Mon Sep 16 05:40:37 UTC 2019
3 ms. Memory: 51200K Free: 29047K (57%)
ptolemy.util.test.WatchDog.cancel(): canceling Mon Sep 16 05:40:37 UTC 2019
auto.tcl: Setting watchdog for 200 seconds at Mon Sep 16 05:40:37 UTC 2019
3 ms. Memory: 51200K Free: 27655K (54%)
ptolemy.util.test.WatchDog.cancel(): canceling Mon Sep 16 05:40:37 UTC 2019
------------------ testing $PTII/ptolemy/domains/de/test/auto/Trilateration.xml
auto.tcl: Setting watchdog for 200 seconds at Mon Sep 16 05:40:37 UTC 2019
15679 ms. Memory: 396288K Free: 160787K (41%)
ptolemy.util.test.WatchDog.cancel(): canceling Mon Sep 16 05:40:54 UTC 2019
auto.tcl: Setting watchdog for 200 seconds at Mon Sep 16 05:40:54 UTC 2019
11803 ms. Memory: 396288K Free: 352157K (89%)
ptolemy.util.test.WatchDog.cancel(): canceling Mon Sep 16 05:41:06 UTC 2019
------------------ testing $PTII/ptolemy/domains/de/test/auto/TwoSigmaDelta.xml
auto.tcl: Setting watchdog for 200 seconds at Mon Sep 16 05:41:06 UTC 2019
2895 ms. Memory: 86016K Free: 51261K (60%)
ptolemy.util.test.WatchDog.cancel(): canceling Mon Sep 16 05:41:09 UTC 2019
auto.tcl: Setting watchdog for 200 seconds at Mon Sep 16 05:41:09 UTC 2019
2291 ms. Memory: 86016K Free: 39477K (46%)
ptolemy.util.test.WatchDog.cancel(): canceling Mon Sep 16 05:41:12 UTC 2019
------------------ testing $PTII/ptolemy/domains/de/test/auto/VariableDelay.xml
auto.tcl: Setting watchdog for 200 seconds at Mon Sep 16 05:41:12 UTC 2019
3 ms. Memory: 51200K Free: 32081K (63%)
ptolemy.util.test.WatchDog.cancel(): canceling Mon Sep 16 05:41:12 UTC 2019
auto.tcl: Setting watchdog for 200 seconds at Mon Sep 16 05:41:12 UTC 2019
2 ms. Memory: 51200K Free: 31087K (61%)
ptolemy.util.test.WatchDog.cancel(): canceling Mon Sep 16 05:41:12 UTC 2019
------------------ testing $PTII/ptolemy/domains/de/test/auto/VariableDelay2.xml
auto.tcl: Setting watchdog for 200 seconds at Mon Sep 16 05:41:12 UTC 2019
3 ms. Memory: 48128K Free: 29423K (61%)
ptolemy.util.test.WatchDog.cancel(): canceling Mon Sep 16 05:41:12 UTC 2019
auto.tcl: Setting watchdog for 200 seconds at Mon Sep 16 05:41:12 UTC 2019
2 ms. Memory: 48128K Free: 28927K (60%)
ptolemy.util.test.WatchDog.cancel(): canceling Mon Sep 16 05:41:12 UTC 2019
------------------ testing $PTII/ptolemy/domains/de/test/auto/VariableDelayZeroDelay.xml
auto.tcl: Setting watchdog for 200 seconds at Mon Sep 16 05:41:12 UTC 2019
2 ms. Memory: 48128K Free: 29951K (62%)
ptolemy.util.test.WatchDog.cancel(): canceling Mon Sep 16 05:41:12 UTC 2019
auto.tcl: Setting watchdog for 200 seconds at Mon Sep 16 05:41:12 UTC 2019
2 ms. Memory: 48128K Free: 29464K (61%)
ptolemy.util.test.WatchDog.cancel(): canceling Mon Sep 16 05:41:12 UTC 2019
------------------ testing $PTII/ptolemy/domains/de/test/auto/VariableDelayZeroDelay2.xml
auto.tcl: Setting watchdog for 200 seconds at Mon Sep 16 05:41:12 UTC 2019
3 ms. Memory: 48128K Free: 29950K (62%)
ptolemy.util.test.WatchDog.cancel(): canceling Mon Sep 16 05:41:12 UTC 2019
auto.tcl: Setting watchdog for 200 seconds at Mon Sep 16 05:41:12 UTC 2019
2 ms. Memory: 48128K Free: 28969K (60%)
ptolemy.util.test.WatchDog.cancel(): canceling Mon Sep 16 05:41:12 UTC 2019
------------------ testing $PTII/ptolemy/domains/de/test/auto/deInCt.xml
auto.tcl: Setting watchdog for 200 seconds at Mon Sep 16 05:41:12 UTC 2019
0
1
1
1
0
0
0
0
0
1
1
1
0
0
0
1
1
1
0
0
0
1
1
1
1
0
0
0
1
1
0
0
0
1
1
1
1
0
0
0
20 ms. Memory: 48128K Free: 28923K (60%)
ptolemy.util.test.WatchDog.cancel(): canceling Mon Sep 16 05:41:12 UTC 2019
auto.tcl: Setting watchdog for 200 seconds at Mon Sep 16 05:41:12 UTC 2019
0
1
1
1
1
1
1
1
1
0
0
0
1
1
1
0
0
0
0
1
1
1
0
0
0
1
1
1
0
0
0
0
6 ms. Memory: 48128K Free: 27404K (57%)
ptolemy.util.test.WatchDog.cancel(): canceling Mon Sep 16 05:41:12 UTC 2019
------------------ testing $PTII/ptolemy/domains/de/test/auto/deInCt2.xml
auto.tcl: Setting watchdog for 200 seconds at Mon Sep 16 05:41:12 UTC 2019
0
1
1
1
0
0
1
1
1
0
0
1
1
1
0
0
1
1
1
0
0
1
1
1
0
0
1
1
1
0
0
1
1
1
0
0
1
1
1
0
0
0
12 ms. Memory: 48128K Free: 28928K (60%)
ptolemy.util.test.WatchDog.cancel(): canceling Mon Sep 16 05:41:12 UTC 2019
auto.tcl: Setting watchdog for 200 seconds at Mon Sep 16 05:41:12 UTC 2019
0
1
1
1
0
0
1
1
1
0
0
1
1
1
0
0
1
1
1
0
0
1
1
1
0
0
1
1
1
0
0
1
1
1
0
0
1
1
1
0
0
0
12 ms. Memory: 48128K Free: 27406K (57%)
ptolemy.util.test.WatchDog.cancel(): canceling Mon Sep 16 05:41:12 UTC 2019
------------------ testing $PTII/ptolemy/domains/de/test/auto/dynamicCausalityInterface1.xml
auto.tcl: Setting watchdog for 200 seconds at Mon Sep 16 05:41:12 UTC 2019
2 ms. Memory: 48128K Free: 24187K (50%)
ptolemy.util.test.WatchDog.cancel(): canceling Mon Sep 16 05:41:12 UTC 2019
auto.tcl: Setting watchdog for 200 seconds at Mon Sep 16 05:41:12 UTC 2019
1 ms. Memory: 48128K Free: 23800K (49%)
ptolemy.util.test.WatchDog.cancel(): canceling Mon Sep 16 05:41:12 UTC 2019
------------------ testing $PTII/ptolemy/domains/de/test/auto/fsm_de_test.xml
auto.tcl: Setting watchdog for 200 seconds at Mon Sep 16 05:41:12 UTC 2019
8 ms. Memory: 48128K Free: 24723K (51%)
ptolemy.util.test.WatchDog.cancel(): canceling Mon Sep 16 05:41:12 UTC 2019
auto.tcl: Setting watchdog for 200 seconds at Mon Sep 16 05:41:12 UTC 2019
6 ms. Memory: 48128K Free: 22704K (47%)
ptolemy.util.test.WatchDog.cancel(): canceling Mon Sep 16 05:41:12 UTC 2019
------------------ testing $PTII/ptolemy/domains/de/test/auto/functionDependencyReconstruction.xml
auto.tcl: Setting watchdog for 200 seconds at Mon Sep 16 05:41:12 UTC 2019
3 ms. Memory: 48128K Free: 18601K (39%)
ptolemy.util.test.WatchDog.cancel(): canceling Mon Sep 16 05:41:12 UTC 2019
auto.tcl: Setting watchdog for 200 seconds at Mon Sep 16 05:41:12 UTC 2019
4 ms. Memory: 48128K Free: 16590K (34%)
ptolemy.util.test.WatchDog.cancel(): canceling Mon Sep 16 05:41:12 UTC 2019
------------------ testing $PTII/ptolemy/domains/de/test/auto/multirate.xml
auto.tcl: Setting watchdog for 200 seconds at Mon Sep 16 05:41:13 UTC 2019
8 ms. Memory: 48128K Free: 26814K (56%)
ptolemy.util.test.WatchDog.cancel(): canceling Mon Sep 16 05:41:13 UTC 2019
auto.tcl: Setting watchdog for 200 seconds at Mon Sep 16 05:41:13 UTC 2019
2 ms. Memory: 48128K Free: 25651K (53%)
ptolemy.util.test.WatchDog.cancel(): canceling Mon Sep 16 05:41:13 UTC 2019
------------------ testing $PTII/ptolemy/domains/de/test/auto/multirate2.xml
auto.tcl: Setting watchdog for 200 seconds at Mon Sep 16 05:41:13 UTC 2019
4 ms. Memory: 48128K Free: 27352K (57%)
ptolemy.util.test.WatchDog.cancel(): canceling Mon Sep 16 05:41:13 UTC 2019
auto.tcl: Setting watchdog for 200 seconds at Mon Sep 16 05:41:13 UTC 2019
3 ms. Memory: 48128K Free: 25885K (54%)
ptolemy.util.test.WatchDog.cancel(): canceling Mon Sep 16 05:41:13 UTC 2019
------------------ testing $PTII/ptolemy/domains/de/test/auto/realtime.xml
auto.tcl: Setting watchdog for 200 seconds at Mon Sep 16 05:41:13 UTC 2019
10002 ms. Memory: 48128K Free: 29658K (62%)
ptolemy.util.test.WatchDog.cancel(): canceling Mon Sep 16 05:41:23 UTC 2019
auto.tcl: Setting watchdog for 200 seconds at Mon Sep 16 05:41:23 UTC 2019
10001 ms. Memory: 48128K Free: 28902K (60%)
ptolemy.util.test.WatchDog.cancel(): canceling Mon Sep 16 05:41:33 UTC 2019
------------------ testing $PTII/ptolemy/domains/de/test/auto/relationGroup.xml
auto.tcl: Setting watchdog for 200 seconds at Mon Sep 16 05:41:33 UTC 2019
3 ms. Memory: 48128K Free: 30670K (64%)
ptolemy.util.test.WatchDog.cancel(): canceling Mon Sep 16 05:41:33 UTC 2019
auto.tcl: Setting watchdog for 200 seconds at Mon Sep 16 05:41:33 UTC 2019
2 ms. Memory: 48128K Free: 29952K (62%)
ptolemy.util.test.WatchDog.cancel(): canceling Mon Sep 16 05:41:33 UTC 2019
------------------ testing $PTII/ptolemy/domains/de/test/auto/relationGroup2.xml
auto.tcl: Setting watchdog for 200 seconds at Mon Sep 16 05:41:33 UTC 2019
1 ms. Memory: 48128K Free: 30487K (63%)
ptolemy.util.test.WatchDog.cancel(): canceling Mon Sep 16 05:41:33 UTC 2019
auto.tcl: Setting watchdog for 200 seconds at Mon Sep 16 05:41:33 UTC 2019
2 ms. Memory: 48128K Free: 29977K (62%)
ptolemy.util.test.WatchDog.cancel(): canceling Mon Sep 16 05:41:33 UTC 2019
------------------ testing $PTII/ptolemy/domains/de/test/auto/sortWithOpaquePorts.xml
auto.tcl: Setting watchdog for 200 seconds at Mon Sep 16 05:41:33 UTC 2019
2 ms. Memory: 48128K Free: 29464K (61%)
ptolemy.util.test.WatchDog.cancel(): canceling Mon Sep 16 05:41:33 UTC 2019
auto.tcl: Setting watchdog for 200 seconds at Mon Sep 16 05:41:33 UTC 2019
5 ms. Memory: 48128K Free: 28463K (59%)
ptolemy.util.test.WatchDog.cancel(): canceling Mon Sep 16 05:41:33 UTC 2019
------------------ testing $PTII/ptolemy/domains/de/test/auto/transferInputsandOutputs.xml
auto.tcl: Setting watchdog for 200 seconds at Mon Sep 16 05:41:33 UTC 2019
5 ms. Memory: 48128K Free: 26894K (56%)
ptolemy.util.test.WatchDog.cancel(): canceling Mon Sep 16 05:41:33 UTC 2019
auto.tcl: Setting watchdog for 200 seconds at Mon Sep 16 05:41:33 UTC 2019
3 ms. Memory: 48128K Free: 25898K (54%)
ptolemy.util.test.WatchDog.cancel(): canceling Mon Sep 16 05:41:33 UTC 2019
------------------ testing $PTII/ptolemy/domains/de/test/auto/triggerType.xml
auto.tcl: Setting watchdog for 200 seconds at Mon Sep 16 05:41:33 UTC 2019
1 ms. Memory: 48128K Free: 29919K (62%)
ptolemy.util.test.WatchDog.cancel(): canceling Mon Sep 16 05:41:33 UTC 2019
auto.tcl: Setting watchdog for 200 seconds at Mon Sep 16 05:41:33 UTC 2019
2 ms. Memory: 48128K Free: 28923K (60%)
ptolemy.util.test.WatchDog.cancel(): canceling Mon Sep 16 05:41:33 UTC 2019
09/16/19 05:41:33
Failed: 0  Total Tests: 192  ((Passed: 187, Newly Passed: 1)  Known Failed: 5) /home/travis/build/icyphy/ptII/ptolemy/domains/de/test
09/16/19 05:41:33
Failed: 0  Total Tests: 192  ((Passed: 187, Newly Passed: 1)  Known Failed: 5) /home/travis/build/icyphy/ptII/ptolemy/domains/de/test
----------------- testing (KnownFailure) /home/travis/build/icyphy/ptII/ptolemy/domains/de/test/auto/knownFailedTests/DESDFClockTest.xml
2015 ms. Memory: 48128K Free: 22804K (47%)
Known Failure: java.lang.reflect.InvocationTargetException
----------------- testing (KnownFailure) /home/travis/build/icyphy/ptII/ptolemy/domains/de/test/auto/knownFailedTests/DirectFeedback.xml
2 ms. Memory: 48128K Free: 18708K (39%)
Known Failure: java.lang.reflect.InvocationTargetException
----------------- testing (KnownFailure) /home/travis/build/icyphy/ptII/ptolemy/domains/de/test/auto/knownFailedTests/FSMSource.xml
8 ms. Memory: 48128K Free: 11540K (24%)
----------------- testing (KnownFailure) /home/travis/build/icyphy/ptII/ptolemy/domains/de/test/auto/knownFailedTests/HierarchicalModel.xml
9 ms. Memory: 48128K Free: 21362K (44%)
Known Failure: java.lang.reflect.InvocationTargetException
----------------- testing (KnownFailure) /home/travis/build/icyphy/ptII/ptolemy/domains/de/test/auto/knownFailedTests/dependencyLoop.xml
14 ms. Memory: 48128K Free: 31878K (66%)
Known Failure: java.lang.reflect.InvocationTargetException
----------------- testing (KnownFailure) /home/travis/build/icyphy/ptII/ptolemy/domains/de/test/auto/knownFailedTests/dependencyLoop2.xml
7 ms. Memory: 48128K Free: 16852K (35%)
Known Failure: java.lang.reflect.InvocationTargetException
No auto/linux-amd64/*.xml tests in /home/travis/build/icyphy/ptII/ptolemy/domains/de/test
AutoTests.java: About to close Vertx.
AutoTests.java: Vertx closed.

===========================================================================================
----------------- testing Mon Sep 16 05:41:35 UTC 2019 /home/travis/build/icyphy/ptII/ptolemy/domains/de/test/auto/ActorDepthCalculation_actorWithoutPorts.xml
----------------- Instantiating /home/travis/build/icyphy/ptII/ptolemy/domains/de/test/auto/ActorDepthCalculation_actorWithoutPorts.xml
2 ms. Memory: 48128K Free: 10660K (22%)
----------------- Invoking toplevel() on ptolemy.moml.MoMLSimpleApplication@70ba3291
----------------- Done invoking toplevel() on ptolemy.moml.MoMLSimpleApplication@70ba3291
reloadAllAccessors: .ActorDepthCalculation_actorWithoutPorts

===========================================================================================
----------------- testing Mon Sep 16 05:41:35 UTC 2019 /home/travis/build/icyphy/ptII/ptolemy/domains/de/test/auto/AssemblyLine.xml
----------------- Instantiating /home/travis/build/icyphy/ptII/ptolemy/domains/de/test/auto/AssemblyLine.xml
3 ms. Memory: 48128K Free: 29093K (60%)
----------------- Invoking toplevel() on ptolemy.moml.MoMLSimpleApplication@2e7d2e3c
----------------- Done invoking toplevel() on ptolemy.moml.MoMLSimpleApplication@2e7d2e3c
reloadAllAccessors: .AssemblyLine

===========================================================================================
----------------- testing Mon Sep 16 05:41:36 UTC 2019 /home/travis/build/icyphy/ptII/ptolemy/domains/de/test/auto/CQBug1.xml
----------------- Instantiating /home/travis/build/icyphy/ptII/ptolemy/domains/de/test/auto/CQBug1.xml
2 ms. Memory: 48128K Free: 26160K (54%)
----------------- Invoking toplevel() on ptolemy.moml.MoMLSimpleApplication@6a7129c1
----------------- Done invoking toplevel() on ptolemy.moml.MoMLSimpleApplication@6a7129c1
reloadAllAccessors: .CQBug1

===========================================================================================
----------------- testing Mon Sep 16 05:41:36 UTC 2019 /home/travis/build/icyphy/ptII/ptolemy/domains/de/test/auto/CancelFireAt.xml
----------------- Instantiating /home/travis/build/icyphy/ptII/ptolemy/domains/de/test/auto/CancelFireAt.xml
0 ms. Memory: 48128K Free: 23906K (50%)
----------------- Invoking toplevel() on ptolemy.moml.MoMLSimpleApplication@753b8cf5
----------------- Done invoking toplevel() on ptolemy.moml.MoMLSimpleApplication@753b8cf5
reloadAllAccessors: .CancelFireAt

===========================================================================================
----------------- testing Mon Sep 16 05:41:36 UTC 2019 /home/travis/build/icyphy/ptII/ptolemy/domains/de/test/auto/CausalityAndComposabilityAnalysis.xml
----------------- Instantiating /home/travis/build/icyphy/ptII/ptolemy/domains/de/test/auto/CausalityAndComposabilityAnalysis.xml
3 ms. Memory: 48128K Free: 19642K (41%)
----------------- Invoking toplevel() on ptolemy.moml.MoMLSimpleApplication@1189c274
----------------- Done invoking toplevel() on ptolemy.moml.MoMLSimpleApplication@1189c274
reloadAllAccessors: .CausalityAndComposabilityAnalysis

===========================================================================================
----------------- testing Mon Sep 16 05:41:36 UTC 2019 /home/travis/build/icyphy/ptII/ptolemy/domains/de/test/auto/CausalityInterface1.xml
----------------- Instantiating /home/travis/build/icyphy/ptII/ptolemy/domains/de/test/auto/CausalityInterface1.xml
6 ms. Memory: 48128K Free: 14717K (31%)
----------------- Invoking toplevel() on ptolemy.moml.MoMLSimpleApplication@3c5abe86
----------------- Done invoking toplevel() on ptolemy.moml.MoMLSimpleApplication@3c5abe86
reloadAllAccessors: .CausalityInterface1

===========================================================================================
----------------- testing Mon Sep 16 05:41:36 UTC 2019 /home/travis/build/icyphy/ptII/ptolemy/domains/de/test/auto/CausalityInterface15.xml
----------------- Instantiating /home/travis/build/icyphy/ptII/ptolemy/domains/de/test/auto/CausalityInterface15.xml
2 ms. Memory: 48128K Free: 9376K (19%)
----------------- Invoking toplevel() on ptolemy.moml.MoMLSimpleApplication@3cf6dff5
----------------- Done invoking toplevel() on ptolemy.moml.MoMLSimpleApplication@3cf6dff5
reloadAllAccessors: .CausalityInterface15

===========================================================================================
----------------- testing Mon Sep 16 05:41:36 UTC 2019 /home/travis/build/icyphy/ptII/ptolemy/domains/de/test/auto/CausalityInterface2.xml
----------------- Instantiating /home/travis/build/icyphy/ptII/ptolemy/domains/de/test/auto/CausalityInterface2.xml
1 ms. Memory: 48128K Free: 30504K (63%)
[...]
	at ptolemy.actor.Manager.run(Manager.java:1263)
	at ptolemy.actor.Manager$PtolemyRunThread.run(Manager.java:1933)
java.lang.RuntimeException: Execution failed
	at ptolemy.moml.MoMLSimpleApplication$UnloadThread.run(MoMLSimpleApplication.java:402)
Caused by: ptolemy.kernel.util.IllegalActionException: Actor is not ready to fire.  Perhaps UpSample.prefire() returned false? Try debugging the actor by selecting "Listen to Actor".  Also, for SDF check moml for tokenConsumptionRate on input.
  in .DESDFClockTest.Play Bell.Copy1:SDF Director and .DESDFClockTest.Play Bell.UpSample
	at ptolemy.actor.sched.StaticSchedulingDirector.fire(StaticSchedulingDirector.java:227)
	at ptolemy.domains.sdf.kernel.SDFDirector.fire(SDFDirector.java:500)
	at ptolemy.actor.CompositeActor.fire(CompositeActor.java:455)
	at ptolemy.domains.de.kernel.DEDirector._fire(DEDirector.java:1949)
	at ptolemy.domains.de.kernel.DEDirector.fire(DEDirector.java:502)
	at ptolemy.actor.CompositeActor.fire(CompositeActor.java:455)
	at ptolemy.actor.Manager.iterate(Manager.java:851)
	at ptolemy.actor.Manager.execute(Manager.java:369)
	at ptolemy.actor.Manager.run(Manager.java:1263)
	at ptolemy.actor.Manager$PtolemyRunThread.run(Manager.java:1933)
java.lang.reflect.InvocationTargetException
	at java.base/jdk.internal.reflect.NativeConstructorAccessorImpl.newInstance0(Native Method)
	at java.base/jdk.internal.reflect.NativeConstructorAccessorImpl.newInstance(NativeConstructorAccessorImpl.java:62)
	at java.base/jdk.internal.reflect.DelegatingConstructorAccessorImpl.newInstance(DelegatingConstructorAccessorImpl.java:45)
	at java.base/java.lang.reflect.Constructor.newInstance(Constructor.java:490)
	at ptolemy.util.test.junit.AutoKnownFailedTests.RunModel(AutoKnownFailedTests.java:105)
	at java.base/jdk.internal.reflect.NativeMethodAccessorImpl.invoke0(Native Method)
	at java.base/jdk.internal.reflect.NativeMethodAccessorImpl.invoke(NativeMethodAccessorImpl.java:62)
	at java.base/jdk.internal.reflect.DelegatingMethodAccessorImpl.invoke(DelegatingMethodAccessorImpl.java:43)
	at java.base/java.lang.reflect.Method.invoke(Method.java:566)
	at org.junit.runners.model.FrameworkMethod$1.runReflectiveCall(FrameworkMethod.java:44)
	at org.junit.internal.runners.model.ReflectiveCallable.run(ReflectiveCallable.java:15)
	at org.junit.runners.model.FrameworkMethod.invokeExplosively(FrameworkMethod.java:41)
	at junitparams.internal.InvokeParameterisedMethod.evaluate(InvokeParameterisedMethod.java:102)
	at org.junit.internal.runners.statements.FailOnTimeout$1.run(FailOnTimeout.java:28)
Caused by: ptolemy.kernel.util.IllegalActionException: Actor is not ready to fire.  Perhaps UpSample.prefire() returned false? Try debugging the actor by selecting "Listen to Actor".  Also, for SDF check moml for tokenConsumptionRate on input.
  in .DESDFClockTest.Play Bell.Copy1:SDF Director and .DESDFClockTest.Play Bell.UpSample
	at ptolemy.actor.sched.StaticSchedulingDirector.fire(StaticSchedulingDirector.java:227)
	at ptolemy.domains.sdf.kernel.SDFDirector.fire(SDFDirector.java:500)
	at ptolemy.actor.CompositeActor.fire(CompositeActor.java:455)
	at ptolemy.domains.de.kernel.DEDirector._fire(DEDirector.java:1949)
	at ptolemy.domains.de.kernel.DEDirector.fire(DEDirector.java:502)
	at ptolemy.actor.CompositeActor.fire(CompositeActor.java:455)
	at ptolemy.actor.Manager.iterate(Manager.java:851)
	at ptolemy.actor.Manager.execute(Manager.java:369)
	at ptolemy.actor.Manager.run(Manager.java:1263)
	at ptolemy.actor.Manager$PtolemyRunThread.run(Manager.java:1933)
java.lang.RuntimeException: Execution failed
	at ptolemy.moml.MoMLSimpleApplication$UnloadThread.run(MoMLSimpleApplication.java:402)
Caused by: ptolemy.kernel.util.IllegalActionException: Test fails in iteration 1.
Value was: 1.0. Should have been: 2.0
  in .DirectFeedback.Test
	at ptolemy.actor.lib.Test.fire(Test.java:268)
	at ptolemy.domains.de.kernel.DEDirector._fire(DEDirector.java:1949)
	at ptolemy.domains.de.kernel.DEDirector.fire(DEDirector.java:502)
	at ptolemy.actor.CompositeActor.fire(CompositeActor.java:455)
	at ptolemy.actor.Manager.iterate(Manager.java:851)
	at ptolemy.actor.Manager.execute(Manager.java:369)
	at ptolemy.actor.Manager.run(Manager.java:1263)
	at ptolemy.actor.Manager$PtolemyRunThread.run(Manager.java:1933)
java.lang.reflect.InvocationTargetException
	at java.base/jdk.internal.reflect.NativeConstructorAccessorImpl.newInstance0(Native Method)
	at java.base/jdk.internal.reflect.NativeConstructorAccessorImpl.newInstance(NativeConstructorAccessorImpl.java:62)
	at java.base/jdk.internal.reflect.DelegatingConstructorAccessorImpl.newInstance(DelegatingConstructorAccessorImpl.java:45)
	at java.base/java.lang.reflect.Constructor.newInstance(Constructor.java:490)
	at ptolemy.util.test.junit.AutoKnownFailedTests.RunModel(AutoKnownFailedTests.java:105)
	at java.base/jdk.internal.reflect.NativeMethodAccessorImpl.invoke0(Native Method)
	at java.base/jdk.internal.reflect.NativeMethodAccessorImpl.invoke(NativeMethodAccessorImpl.java:62)
	at java.base/jdk.internal.reflect.DelegatingMethodAccessorImpl.invoke(DelegatingMethodAccessorImpl.java:43)
	at java.base/java.lang.reflect.Method.invoke(Method.java:566)
	at org.junit.runners.model.FrameworkMethod$1.runReflectiveCall(FrameworkMethod.java:44)
	at org.junit.internal.runners.model.ReflectiveCallable.run(ReflectiveCallable.java:15)
	at org.junit.runners.model.FrameworkMethod.invokeExplosively(FrameworkMethod.java:41)
	at junitparams.internal.InvokeParameterisedMethod.evaluate(InvokeParameterisedMethod.java:102)
	at org.junit.internal.runners.statements.FailOnTimeout$1.run(FailOnTimeout.java:28)
Caused by: ptolemy.kernel.util.IllegalActionException: Test fails in iteration 1.
Value was: 1.0. Should have been: 2.0
  in .DirectFeedback.Test
	at ptolemy.actor.lib.Test.fire(Test.java:268)
	at ptolemy.domains.de.kernel.DEDirector._fire(DEDirector.java:1949)
	at ptolemy.domains.de.kernel.DEDirector.fire(DEDirector.java:502)
	at ptolemy.actor.CompositeActor.fire(CompositeActor.java:455)
	at ptolemy.actor.Manager.iterate(Manager.java:851)
	at ptolemy.actor.Manager.execute(Manager.java:369)
	at ptolemy.actor.Manager.run(Manager.java:1263)
	at ptolemy.actor.Manager$PtolemyRunThread.run(Manager.java:1933)
java.lang.RuntimeException: Execution failed
	at ptolemy.moml.MoMLSimpleApplication$UnloadThread.run(MoMLSimpleApplication.java:402)
Caused by: ptolemy.kernel.util.IllegalActionException: Found a zero delay loop containing .HierarchicalModel.A
  in .HierarchicalModel and .HierarchicalModel.A
	at ptolemy.actor.util.CausalityInterfaceForComposites._computeOutputPortDepth(CausalityInterfaceForComposites.java:759)
	at ptolemy.actor.util.CausalityInterfaceForComposites._computeInputDepth(CausalityInterfaceForComposites.java:696)
	at ptolemy.actor.util.CausalityInterfaceForComposites._computeOutputPortDepth(CausalityInterfaceForComposites.java:765)
	at ptolemy.actor.util.CausalityInterfaceForComposites._computeInputDepth(CausalityInterfaceForComposites.java:696)
	at ptolemy.actor.util.CausalityInterfaceForComposites._computeOutputPortDepth(CausalityInterfaceForComposites.java:765)
	at ptolemy.actor.util.CausalityInterfaceForComposites._computeInputDepth(CausalityInterfaceForComposites.java:696)
	at ptolemy.actor.util.CausalityInterfaceForComposites._computeActorDepth(CausalityInterfaceForComposites.java:532)
	at ptolemy.actor.util.CausalityInterfaceForComposites.checkForCycles(CausalityInterfaceForComposites.java:96)
	at ptolemy.domains.de.kernel.DEDirector.preinitialize(DEDirector.java:1338)
	at ptolemy.actor.CompositeActor.preinitialize(CompositeActor.java:1828)
	at ptolemy.actor.Manager.preinitializeAndResolveTypes(Manager.java:1040)
	at ptolemy.actor.Manager.initialize(Manager.java:710)
	at ptolemy.actor.Manager.execute(Manager.java:356)
	at ptolemy.actor.Manager.run(Manager.java:1263)
	at ptolemy.actor.Manager$PtolemyRunThread.run(Manager.java:1933)
java.lang.reflect.InvocationTargetException
	at java.base/jdk.internal.reflect.NativeConstructorAccessorImpl.newInstance0(Native Method)
	at java.base/jdk.internal.reflect.NativeConstructorAccessorImpl.newInstance(NativeConstructorAccessorImpl.java:62)
	at java.base/jdk.internal.reflect.DelegatingConstructorAccessorImpl.newInstance(DelegatingConstructorAccessorImpl.java:45)
	at java.base/java.lang.reflect.Constructor.newInstance(Constructor.java:490)
	at ptolemy.util.test.junit.AutoKnownFailedTests.RunModel(AutoKnownFailedTests.java:105)
	at java.base/jdk.internal.reflect.NativeMethodAccessorImpl.invoke0(Native Method)
	at java.base/jdk.internal.reflect.NativeMethodAccessorImpl.invoke(NativeMethodAccessorImpl.java:62)
	at java.base/jdk.internal.reflect.DelegatingMethodAccessorImpl.invoke(DelegatingMethodAccessorImpl.java:43)
	at java.base/java.lang.reflect.Method.invoke(Method.java:566)
	at org.junit.runners.model.FrameworkMethod$1.runReflectiveCall(FrameworkMethod.java:44)
	at org.junit.internal.runners.model.ReflectiveCallable.run(ReflectiveCallable.java:15)
	at org.junit.runners.model.FrameworkMethod.invokeExplosively(FrameworkMethod.java:41)
	at junitparams.internal.InvokeParameterisedMethod.evaluate(InvokeParameterisedMethod.java:102)
	at org.junit.internal.runners.statements.FailOnTimeout$1.run(FailOnTimeout.java:28)
Caused by: ptolemy.kernel.util.IllegalActionException: Found a zero delay loop containing .HierarchicalModel.A
  in .HierarchicalModel and .HierarchicalModel.A
	at ptolemy.actor.util.CausalityInterfaceForComposites._computeOutputPortDepth(CausalityInterfaceForComposites.java:759)
	at ptolemy.actor.util.CausalityInterfaceForComposites._computeInputDepth(CausalityInterfaceForComposites.java:696)
	at ptolemy.actor.util.CausalityInterfaceForComposites._computeOutputPortDepth(CausalityInterfaceForComposites.java:765)
	at ptolemy.actor.util.CausalityInterfaceForComposites._computeInputDepth(CausalityInterfaceForComposites.java:696)
	at ptolemy.actor.util.CausalityInterfaceForComposites._computeOutputPortDepth(CausalityInterfaceForComposites.java:765)
	at ptolemy.actor.util.CausalityInterfaceForComposites._computeInputDepth(CausalityInterfaceForComposites.java:696)
	at ptolemy.actor.util.CausalityInterfaceForComposites._computeActorDepth(CausalityInterfaceForComposites.java:532)
	at ptolemy.actor.util.CausalityInterfaceForComposites.checkForCycles(CausalityInterfaceForComposites.java:96)
	at ptolemy.domains.de.kernel.DEDirector.preinitialize(DEDirector.java:1338)
	at ptolemy.actor.CompositeActor.preinitialize(CompositeActor.java:1828)
	at ptolemy.actor.Manager.preinitializeAndResolveTypes(Manager.java:1040)
	at ptolemy.actor.Manager.initialize(Manager.java:710)
	at ptolemy.actor.Manager.execute(Manager.java:356)
	at ptolemy.actor.Manager.run(Manager.java:1263)
	at ptolemy.actor.Manager$PtolemyRunThread.run(Manager.java:1933)
java.lang.RuntimeException: Execution failed
	at ptolemy.moml.MoMLSimpleApplication$UnloadThread.run(MoMLSimpleApplication.java:402)
Caused by: ptolemy.kernel.util.IllegalActionException: Found a zero delay loop containing .dependencyLoop.original
  in .dependencyLoop and .dependencyLoop.original
	at ptolemy.actor.util.CausalityInterfaceForComposites._computeOutputPortDepth(CausalityInterfaceForComposites.java:759)
	at ptolemy.actor.util.CausalityInterfaceForComposites._computeInputDepth(CausalityInterfaceForComposites.java:696)
	at ptolemy.actor.util.CausalityInterfaceForComposites._computeOutputPortDepth(CausalityInterfaceForComposites.java:765)
	at ptolemy.actor.util.CausalityInterfaceForComposites._computeInputDepth(CausalityInterfaceForComposites.java:696)
	at ptolemy.actor.util.CausalityInterfaceForComposites._computeOutputPortDepth(CausalityInterfaceForComposites.java:765)
	at ptolemy.actor.util.CausalityInterfaceForComposites._computeInputDepth(CausalityInterfaceForComposites.java:696)
	at ptolemy.actor.util.CausalityInterfaceForComposites._computeActorDepth(CausalityInterfaceForComposites.java:532)
	at ptolemy.actor.util.CausalityInterfaceForComposites.checkForCycles(CausalityInterfaceForComposites.java:96)
	at ptolemy.domains.de.kernel.DEDirector.preinitialize(DEDirector.java:1338)
	at ptolemy.actor.CompositeActor.preinitialize(CompositeActor.java:1828)
	at ptolemy.actor.Manager.preinitializeAndResolveTypes(Manager.java:1040)
	at ptolemy.actor.Manager.initialize(Manager.java:710)
	at ptolemy.actor.Manager.execute(Manager.java:356)
	at ptolemy.actor.Manager.run(Manager.java:1263)
	at ptolemy.actor.Manager$PtolemyRunThread.run(Manager.java:1933)
java.lang.reflect.InvocationTargetException
	at java.base/jdk.internal.reflect.NativeConstructorAccessorImpl.newInstance0(Native Method)
	at java.base/jdk.internal.reflect.NativeConstructorAccessorImpl.newInstance(NativeConstructorAccessorImpl.java:62)
	at java.base/jdk.internal.reflect.DelegatingConstructorAccessorImpl.newInstance(DelegatingConstructorAccessorImpl.java:45)
	at java.base/java.lang.reflect.Constructor.newInstance(Constructor.java:490)
	at ptolemy.util.test.junit.AutoKnownFailedTests.RunModel(AutoKnownFailedTests.java:105)
	at java.base/jdk.internal.reflect.NativeMethodAccessorImpl.invoke0(Native Method)
	at java.base/jdk.internal.reflect.NativeMethodAccessorImpl.invoke(NativeMethodAccessorImpl.java:62)
	at java.base/jdk.internal.reflect.DelegatingMethodAccessorImpl.invoke(DelegatingMethodAccessorImpl.java:43)
	at java.base/java.lang.reflect.Method.invoke(Method.java:566)
	at org.junit.runners.model.FrameworkMethod$1.runReflectiveCall(FrameworkMethod.java:44)
	at org.junit.internal.runners.model.ReflectiveCallable.run(ReflectiveCallable.java:15)
	at org.junit.runners.model.FrameworkMethod.invokeExplosively(FrameworkMethod.java:41)
	at junitparams.internal.InvokeParameterisedMethod.evaluate(InvokeParameterisedMethod.java:102)
	at org.junit.internal.runners.statements.FailOnTimeout$1.run(FailOnTimeout.java:28)
Caused by: ptolemy.kernel.util.IllegalActionException: Found a zero delay loop containing .dependencyLoop.original
  in .dependencyLoop and .dependencyLoop.original
	at ptolemy.actor.util.CausalityInterfaceForComposites._computeOutputPortDepth(CausalityInterfaceForComposites.java:759)
	at ptolemy.actor.util.CausalityInterfaceForComposites._computeInputDepth(CausalityInterfaceForComposites.java:696)
	at ptolemy.actor.util.CausalityInterfaceForComposites._computeOutputPortDepth(CausalityInterfaceForComposites.java:765)
	at ptolemy.actor.util.CausalityInterfaceForComposites._computeInputDepth(CausalityInterfaceForComposites.java:696)
	at ptolemy.actor.util.CausalityInterfaceForComposites._computeOutputPortDepth(CausalityInterfaceForComposites.java:765)
	at ptolemy.actor.util.CausalityInterfaceForComposites._computeInputDepth(CausalityInterfaceForComposites.java:696)
	at ptolemy.actor.util.CausalityInterfaceForComposites._computeActorDepth(CausalityInterfaceForComposites.java:532)
	at ptolemy.actor.util.CausalityInterfaceForComposites.checkForCycles(CausalityInterfaceForComposites.java:96)
	at ptolemy.domains.de.kernel.DEDirector.preinitialize(DEDirector.java:1338)
	at ptolemy.actor.CompositeActor.preinitialize(CompositeActor.java:1828)
	at ptolemy.actor.Manager.preinitializeAndResolveTypes(Manager.java:1040)
	at ptolemy.actor.Manager.initialize(Manager.java:710)
	at ptolemy.actor.Manager.execute(Manager.java:356)
	at ptolemy.actor.Manager.run(Manager.java:1263)
	at ptolemy.actor.Manager$PtolemyRunThread.run(Manager.java:1933)
java.lang.RuntimeException: Execution failed
	at ptolemy.moml.MoMLSimpleApplication$UnloadThread.run(MoMLSimpleApplication.java:402)
Caused by: ptolemy.kernel.util.IllegalActionException: Found a zero delay loop containing .dependencyLoop2.original
  in .dependencyLoop2 and .dependencyLoop2.original
	at ptolemy.actor.util.CausalityInterfaceForComposites._computeOutputPortDepth(CausalityInterfaceForComposites.java:759)
	at ptolemy.actor.util.CausalityInterfaceForComposites._computeInputDepth(CausalityInterfaceForComposites.java:696)
	at ptolemy.actor.util.CausalityInterfaceForComposites._computeOutputPortDepth(CausalityInterfaceForComposites.java:765)
	at ptolemy.actor.util.CausalityInterfaceForComposites._computeInputDepth(CausalityInterfaceForComposites.java:696)
	at ptolemy.actor.util.CausalityInterfaceForComposites._computeOutputPortDepth(CausalityInterfaceForComposites.java:765)
	at ptolemy.actor.util.CausalityInterfaceForComposites._computeInputDepth(CausalityInterfaceForComposites.java:696)
	at ptolemy.actor.util.CausalityInterfaceForComposites._computeActorDepth(CausalityInterfaceForComposites.java:532)
	at ptolemy.actor.util.CausalityInterfaceForComposites.checkForCycles(CausalityInterfaceForComposites.java:96)
	at ptolemy.domains.de.kernel.DEDirector.preinitialize(DEDirector.java:1338)
	at ptolemy.actor.CompositeActor.preinitialize(CompositeActor.java:1828)
	at ptolemy.actor.Manager.preinitializeAndResolveTypes(Manager.java:1040)
	at ptolemy.actor.Manager.initialize(Manager.java:710)
	at ptolemy.actor.Manager.execute(Manager.java:356)
	at ptolemy.actor.Manager.run(Manager.java:1263)
	at ptolemy.actor.Manager$PtolemyRunThread.run(Manager.java:1933)
java.lang.reflect.InvocationTargetException
	at java.base/jdk.internal.reflect.NativeConstructorAccessorImpl.newInstance0(Native Method)
	at java.base/jdk.internal.reflect.NativeConstructorAccessorImpl.newInstance(NativeConstructorAccessorImpl.java:62)
	at java.base/jdk.internal.reflect.DelegatingConstructorAccessorImpl.newInstance(DelegatingConstructorAccessorImpl.java:45)
	at java.base/java.lang.reflect.Constructor.newInstance(Constructor.java:490)
	at ptolemy.util.test.junit.AutoKnownFailedTests.RunModel(AutoKnownFailedTests.java:105)
	at java.base/jdk.internal.reflect.NativeMethodAccessorImpl.invoke0(Native Method)
	at java.base/jdk.internal.reflect.NativeMethodAccessorImpl.invoke(NativeMethodAccessorImpl.java:62)
	at java.base/jdk.internal.reflect.DelegatingMethodAccessorImpl.invoke(DelegatingMethodAccessorImpl.java:43)
	at java.base/java.lang.reflect.Method.invoke(Method.java:566)
	at org.junit.runners.model.FrameworkMethod$1.runReflectiveCall(FrameworkMethod.java:44)
	at org.junit.internal.runners.model.ReflectiveCallable.run(ReflectiveCallable.java:15)
	at org.junit.runners.model.FrameworkMethod.invokeExplosively(FrameworkMethod.java:41)
	at junitparams.internal.InvokeParameterisedMethod.evaluate(InvokeParameterisedMethod.java:102)
	at org.junit.internal.runners.statements.FailOnTimeout$1.run(FailOnTimeout.java:28)
Caused by: ptolemy.kernel.util.IllegalActionException: Found a zero delay loop containing .dependencyLoop2.original
  in .dependencyLoop2 and .dependencyLoop2.original
	at ptolemy.actor.util.CausalityInterfaceForComposites._computeOutputPortDepth(CausalityInterfaceForComposites.java:759)
	at ptolemy.actor.util.CausalityInterfaceForComposites._computeInputDepth(CausalityInterfaceForComposites.java:696)
	at ptolemy.actor.util.CausalityInterfaceForComposites._computeOutputPortDepth(CausalityInterfaceForComposites.java:765)
	at ptolemy.actor.util.CausalityInterfaceForComposites._computeInputDepth(CausalityInterfaceForComposites.java:696)
	at ptolemy.actor.util.CausalityInterfaceForComposites._computeOutputPortDepth(CausalityInterfaceForComposites.java:765)
	at ptolemy.actor.util.CausalityInterfaceForComposites._computeInputDepth(CausalityInterfaceForComposites.java:696)
	at ptolemy.actor.util.CausalityInterfaceForComposites._computeActorDepth(CausalityInterfaceForComposites.java:532)
	at ptolemy.actor.util.CausalityInterfaceForComposites.checkForCycles(CausalityInterfaceForComposites.java:96)
	at ptolemy.domains.de.kernel.DEDirector.preinitialize(DEDirector.java:1338)
	at ptolemy.actor.CompositeActor.preinitialize(CompositeActor.java:1828)
	at ptolemy.actor.Manager.preinitializeAndResolveTypes(Manager.java:1040)
	at ptolemy.actor.Manager.initialize(Manager.java:710)
	at ptolemy.actor.Manager.execute(Manager.java:356)
	at ptolemy.actor.Manager.run(Manager.java:1263)
	at ptolemy.actor.Manager$PtolemyRunThread.run(Manager.java:1933)
]]></system-err>
</testsuite>
