<?xml version="1.0" encoding="UTF-8" ?>
<testsuite errors="0" failures="0" hostname="travis-job-c8456778-40a2-4074-bf8b-48d2f27beaf3" name="ptolemy.domains.sdf.test.junit.JUnitTclTest" skipped="0" tests="66" time="22.032" timestamp="2019-07-14T05:10:22">
  <properties>
[...]
</properties>
  <testcase classname="ptolemy.util.test.junit.TclTests" name="[0] /home/travis/build/icyphy/ptII/ptolemy/domains/sdf/test/SDFSchedulerErrors.tcl (RunTclFile)" time="0.956" />
  <testcase classname="ptolemy.util.test.junit.TclTests" name="[1] /home/travis/build/icyphy/ptII/ptolemy/domains/sdf/test/composition.tcl (RunTclFile)" time="0.153" />
  <testcase classname="ptolemy.util.test.junit.TclTests" name="[2] /home/travis/build/icyphy/ptII/ptolemy/domains/sdf/test/cycle.tcl (RunTclFile)" time="0.059" />
  <testcase classname="ptolemy.util.test.junit.AutoKnownFailedTests" name="[0] ThereAreNoKnowFailedTests (RunModel)" time="0.008" />
  <testcase classname="ptolemy.util.test.junit.AutoNameArchTests" name="[0] ThereAreNoAutoArchTests (RunModel)" time="0.008" />
  <testcase classname="ptolemy.util.test.junit.AutoTests" name="[0] /home/travis/build/icyphy/ptII/ptolemy/domains/sdf/test/auto/Array.xml (RunModel)" time="0.322" />
  <testcase classname="ptolemy.util.test.junit.AutoTests" name="[1] /home/travis/build/icyphy/ptII/ptolemy/domains/sdf/test/auto/Butterfly.xml (RunModel)" time="0.129" />
  <testcase classname="ptolemy.util.test.junit.AutoTests" name="[2] /home/travis/build/icyphy/ptII/ptolemy/domains/sdf/test/auto/Expression.xml (RunModel)" time="0.158" />
  <testcase classname="ptolemy.util.test.junit.AutoTests" name="[3] /home/travis/build/icyphy/ptII/ptolemy/domains/sdf/test/auto/Eye.xml (RunModel)" time="0.375" />
  <testcase classname="ptolemy.util.test.junit.AutoTests" name="[4] /home/travis/build/icyphy/ptII/ptolemy/domains/sdf/test/auto/FixFIR.xml (RunModel)" time="0.471" />
  <testcase classname="ptolemy.util.test.junit.AutoTests" name="[5] /home/travis/build/icyphy/ptII/ptolemy/domains/sdf/test/auto/FixPoint.xml (RunModel)" time="0.047" />
  <testcase classname="ptolemy.util.test.junit.AutoTests" name="[6] /home/travis/build/icyphy/ptII/ptolemy/domains/sdf/test/auto/Gravitation.xml (RunModel)" time="3.354" />
  <testcase classname="ptolemy.util.test.junit.AutoTests" name="[7] /home/travis/build/icyphy/ptII/ptolemy/domains/sdf/test/auto/GravitationWithCollisionDetection.xml (RunModel)" time="7.345" />
  <testcase classname="ptolemy.util.test.junit.AutoTests" name="[8] /home/travis/build/icyphy/ptII/ptolemy/domains/sdf/test/auto/HDF.xml (RunModel)" time="0.112" />
  <testcase classname="ptolemy.util.test.junit.AutoTests" name="[9] /home/travis/build/icyphy/ptII/ptolemy/domains/sdf/test/auto/HDFwithTransientStates.xml (RunModel)" time="0.078" />
  <testcase classname="ptolemy.util.test.junit.AutoTests" name="[10] /home/travis/build/icyphy/ptII/ptolemy/domains/sdf/test/auto/HTVQ.xml (RunModel)" time="0.881" />
  <testcase classname="ptolemy.util.test.junit.AutoTests" name="[11] /home/travis/build/icyphy/ptII/ptolemy/domains/sdf/test/auto/InferInitProduction.xml (RunModel)" time="0.025" />
  <testcase classname="ptolemy.util.test.junit.AutoTests" name="[12] /home/travis/build/icyphy/ptII/ptolemy/domains/sdf/test/auto/InferInitProductionDeeper.xml (RunModel)" time="0.021" />
  <testcase classname="ptolemy.util.test.junit.AutoTests" name="[13] /home/travis/build/icyphy/ptII/ptolemy/domains/sdf/test/auto/LMSAdaptive.xml (RunModel)" time="0.09" />
  <testcase classname="ptolemy.util.test.junit.AutoTests" name="[14] /home/travis/build/icyphy/ptII/ptolemy/domains/sdf/test/auto/LogisticMap.xml (RunModel)" time="0.485" />
  <testcase classname="ptolemy.util.test.junit.AutoTests" name="[15] /home/travis/build/icyphy/ptII/ptolemy/domains/sdf/test/auto/MaximumEntropySpectrum.xml (RunModel)" time="0.303" />
  <testcase classname="ptolemy.util.test.junit.AutoTests" name="[16] /home/travis/build/icyphy/ptII/ptolemy/domains/sdf/test/auto/MultirateSDF.xml (RunModel)" time="0.058" />
  <testcase classname="ptolemy.util.test.junit.AutoTests" name="[17] /home/travis/build/icyphy/ptII/ptolemy/domains/sdf/test/auto/MultirateSDFwithTransientStates.xml (RunModel)" time="0.083" />
  <testcase classname="ptolemy.util.test.junit.AutoTests" name="[18] /home/travis/build/icyphy/ptII/ptolemy/domains/sdf/test/auto/NoisySinewave.xml (RunModel)" time="0.101" />
  <testcase classname="ptolemy.util.test.junit.AutoTests" name="[19] /home/travis/build/icyphy/ptII/ptolemy/domains/sdf/test/auto/Objects.xml (RunModel)" time="0.054" />
  <testcase classname="ptolemy.util.test.junit.AutoTests" name="[20] /home/travis/build/icyphy/ptII/ptolemy/domains/sdf/test/auto/OrthogonalCom.xml (RunModel)" time="0.044" />
  <testcase classname="ptolemy.util.test.junit.AutoTests" name="[21] /home/travis/build/icyphy/ptII/ptolemy/domains/sdf/test/auto/RijndaelEncryption.xml (RunModel)" time="0.61" />
  <testcase classname="ptolemy.util.test.junit.AutoTests" name="[22] /home/travis/build/icyphy/ptII/ptolemy/domains/sdf/test/auto/SDFEmptyIterations.xml (RunModel)" time="0.028" />
  <testcase classname="ptolemy.util.test.junit.AutoTests" name="[23] /home/travis/build/icyphy/ptII/ptolemy/domains/sdf/test/auto/Spectrum.xml (RunModel)" time="0.071" />
  <testcase classname="ptolemy.util.test.junit.AutoTests" name="[24] /home/travis/build/icyphy/ptII/ptolemy/domains/sdf/test/auto/de_inside_sdf.xml (RunModel)" time="0.033" />
  <testcase classname="ptolemy.util.test.junit.AutoTests" name="[25] /home/travis/build/icyphy/ptII/ptolemy/domains/sdf/test/auto/disconnectedHierarchicalSDF.xml (RunModel)" time="0.025" />
  <testcase classname="ptolemy.util.test.junit.AutoTests" name="[26] /home/travis/build/icyphy/ptII/ptolemy/domains/sdf/test/auto/disconnectedSDF.xml (RunModel)" time="0.024" />
  <testcase classname="ptolemy.util.test.junit.AutoTests" name="[27] /home/travis/build/icyphy/ptII/ptolemy/domains/sdf/test/auto/emptyRefinement.xml (RunModel)" time="0.024" />
  <testcase classname="ptolemy.util.test.junit.AutoTests" name="[28] /home/travis/build/icyphy/ptII/ptolemy/domains/sdf/test/auto/filePortParameter.xml (RunModel)" time="0.075" />
  <testcase classname="ptolemy.util.test.junit.AutoTests" name="[29] /home/travis/build/icyphy/ptII/ptolemy/domains/sdf/test/auto/inferRelationWidth1.xml (RunModel)" time="0.019" />
  <testcase classname="ptolemy.util.test.junit.AutoTests" name="[30] /home/travis/build/icyphy/ptII/ptolemy/domains/sdf/test/auto/initProductionInference.xml (RunModel)" time="0.025" />
  <testcase classname="ptolemy.util.test.junit.AutoTests" name="[31] /home/travis/build/icyphy/ptII/ptolemy/domains/sdf/test/auto/relationGroup.xml (RunModel)" time="0.018" />
  <testcase classname="ptolemy.util.test.junit.AutoTests" name="[32] /home/travis/build/icyphy/ptII/ptolemy/domains/sdf/test/auto/relationGroup10.xml (RunModel)" time="0.016" />
  <testcase classname="ptolemy.util.test.junit.AutoTests" name="[33] /home/travis/build/icyphy/ptII/ptolemy/domains/sdf/test/auto/relationGroup11.xml (RunModel)" time="0.025" />
  <testcase classname="ptolemy.util.test.junit.AutoTests" name="[34] /home/travis/build/icyphy/ptII/ptolemy/domains/sdf/test/auto/relationGroup12.xml (RunModel)" time="0.016" />
  <testcase classname="ptolemy.util.test.junit.AutoTests" name="[35] /home/travis/build/icyphy/ptII/ptolemy/domains/sdf/test/auto/relationGroup13.xml (RunModel)" time="0.018" />
  <testcase classname="ptolemy.util.test.junit.AutoTests" name="[36] /home/travis/build/icyphy/ptII/ptolemy/domains/sdf/test/auto/relationGroup14.xml (RunModel)" time="0.02" />
  <testcase classname="ptolemy.util.test.junit.AutoTests" name="[37] /home/travis/build/icyphy/ptII/ptolemy/domains/sdf/test/auto/relationGroup15.xml (RunModel)" time="0.018" />
  <testcase classname="ptolemy.util.test.junit.AutoTests" name="[38] /home/travis/build/icyphy/ptII/ptolemy/domains/sdf/test/auto/relationGroup2.xml (RunModel)" time="0.018" />
  <testcase classname="ptolemy.util.test.junit.AutoTests" name="[39] /home/travis/build/icyphy/ptII/ptolemy/domains/sdf/test/auto/relationGroup3.xml (RunModel)" time="0.011" />
  <testcase classname="ptolemy.util.test.junit.AutoTests" name="[40] /home/travis/build/icyphy/ptII/ptolemy/domains/sdf/test/auto/relationGroup4.xml (RunModel)" time="0.018" />
  <testcase classname="ptolemy.util.test.junit.AutoTests" name="[41] /home/travis/build/icyphy/ptII/ptolemy/domains/sdf/test/auto/relationGroup5.xml (RunModel)" time="0.012" />
  <testcase classname="ptolemy.util.test.junit.AutoTests" name="[42] /home/travis/build/icyphy/ptII/ptolemy/domains/sdf/test/auto/relationGroup6.xml (RunModel)" time="0.016" />
  <testcase classname="ptolemy.util.test.junit.AutoTests" name="[43] /home/travis/build/icyphy/ptII/ptolemy/domains/sdf/test/auto/relationGroup7.xml (RunModel)" time="0.011" />
  <testcase classname="ptolemy.util.test.junit.AutoTests" name="[44] /home/travis/build/icyphy/ptII/ptolemy/domains/sdf/test/auto/relationGroup8.xml (RunModel)" time="0.009" />
  <testcase classname="ptolemy.util.test.junit.AutoTests" name="[45] /home/travis/build/icyphy/ptII/ptolemy/domains/sdf/test/auto/relationGroup9.xml (RunModel)" time="0.015" />
  <testcase classname="ptolemy.util.test.junit.AutoTests" name="[46] /home/travis/build/icyphy/ptII/ptolemy/domains/sdf/test/auto/sdf_inside_de.xml (RunModel)" time="0.046" />
  <testcase classname="ptolemy.util.test.junit.AutoTests" name="[47] /home/travis/build/icyphy/ptII/ptolemy/domains/sdf/test/auto/sdf_inside_pn.xml (RunModel)" time="0.064" />
  <testcase classname="ptolemy.util.test.junit.AutoTests" name="[48] /home/travis/build/icyphy/ptII/ptolemy/domains/sdf/test/auto/sdf_sdf1.xml (RunModel)" time="0.029" />
  <testcase classname="ptolemy.util.test.junit.AutoTests" name="[49] /home/travis/build/icyphy/ptII/ptolemy/domains/sdf/test/auto/test1.xml (RunModel)" time="0.018" />
  <testcase classname="ptolemy.util.test.junit.AutoTests" name="[50] /home/travis/build/icyphy/ptII/ptolemy/domains/sdf/test/auto/time1.xml (RunModel)" time="0.011" />
  <testcase classname="ptolemy.util.test.junit.AutoTests" name="[51] /home/travis/build/icyphy/ptII/ptolemy/domains/sdf/test/auto/time2.xml (RunModel)" time="0.01" />
  <testcase classname="ptolemy.util.test.junit.AutoTests" name="[52] /home/travis/build/icyphy/ptII/ptolemy/domains/sdf/test/auto/time3.xml (RunModel)" time="0.022" />
  <testcase classname="ptolemy.util.test.junit.AutoTests" name="[53] /home/travis/build/icyphy/ptII/ptolemy/domains/sdf/test/auto/time4.xml (RunModel)" time="0.022" />
  <testcase classname="ptolemy.util.test.junit.AutoTests" name="[54] /home/travis/build/icyphy/ptII/ptolemy/domains/sdf/test/auto/time5.xml (RunModel)" time="4.011" />
  <testcase classname="ptolemy.util.test.junit.AutoTests" name="[55] /home/travis/build/icyphy/ptII/ptolemy/domains/sdf/test/auto/typeSystem_Const_Integer_smallest_Type.xml (RunModel)" time="0.045" />
  <testcase classname="ptolemy.util.test.junit.AutoTests" name="[56] /home/travis/build/icyphy/ptII/ptolemy/domains/sdf/test/auto/typeSystem_declared_Inports_OutportTypeException.xml (RunModel)" time="0.022" />
  <testcase classname="ptolemy.util.test.junit.AutoTests" name="[57] /home/travis/build/icyphy/ptII/ptolemy/domains/sdf/test/auto/typeSystem_oneDeclaredInportType_wrongTypeOutport.xml (RunModel)" time="0.018" />
  <testcase classname="ptolemy.util.test.junit.AutoTests" name="[58] /home/travis/build/icyphy/ptII/ptolemy/domains/sdf/test/auto/width.xml (RunModel)" time="0.011" />
  <testcase classname="ptolemy.util.test.junit.AutoTests" name="[59] /home/travis/build/icyphy/ptII/ptolemy/domains/sdf/test/auto/width2.xml (RunModel)" time="0.038" />
  <testcase classname="ptolemy.util.test.junit.AutoTests" name="[60] /home/travis/build/icyphy/ptII/ptolemy/domains/sdf/test/auto/width3.xml (RunModel)" time="0.04" />
  <system-out><![CDATA[/home/travis/build/icyphy/ptII/ptolemy/domains/sdf/test/SDFSchedulerErrors.tcl
testDefs.tcl: setting time out to 9000 seconds at Sun Jul 14 05:10:22 UTC 2019
106 ms. Memory: 120832K Free: 81349K (67%)
8 ms. Memory: 120832K Free: 73671K (61%)
16 ms. Memory: 120832K Free: 67006K (55%)
9 ms. Memory: 120832K Free: 63941K (53%)
/home/travis/build/icyphy/ptII/ptolemy/domains/sdf/test/composition.tcl
30 ms. Memory: 120832K Free: 60359K (50%)
8 ms. Memory: 120832K Free: 58311K (48%)
/home/travis/build/icyphy/ptII/ptolemy/domains/sdf/test/cycle.tcl
.Toplevel.Director Preinitializing ...
Invoking preinitialize():  .Toplevel.Actor1
Invoking preinitialize():  .Toplevel.Actor2
Invoking preinitialize():  .Toplevel.Delay
.Toplevel.Director Finished preinitialize().
### Schedule:
Execute Schedule{
Fire Actor ptolemy.domains.sdf.kernel.test.SDFTestDelay {.Toplevel.Actor1}
Fire Actor ptolemy.domains.sdf.kernel.test.SDFTestDelay {.Toplevel.Actor2}
Fire Actor ptolemy.domains.sdf.lib.SampleDelay {.Toplevel.Delay}
}
### End schedule
Called initialize().
Invoking initialize():  .Toplevel.Actor1
Initializing actor: .Toplevel.Actor1.
Invoking initialize():  .Toplevel.Actor2
Initializing actor: .Toplevel.Actor2.
Invoking initialize():  .Toplevel.Delay
Initializing actor: .Toplevel.Delay.
Director: Called prefire().
-- Setting current time to 0.0
Director prefire returns true.
The actor .Toplevel.Actor1 will be iterated.
The actor .Toplevel.Actor1 was iterated.
The actor .Toplevel.Actor2 will be iterated.
The actor .Toplevel.Actor2 was iterated.
The actor .Toplevel.Delay will be iterated.
The actor .Toplevel.Delay was iterated.
Director: Called postfire().
Postfire returns: true
Director: Called prefire().
-- Setting current time to 0.0
Director prefire returns true.
The actor .Toplevel.Actor1 will be iterated.
The actor .Toplevel.Actor1 was iterated.
The actor .Toplevel.Actor2 will be iterated.
The actor .Toplevel.Actor2 was iterated.
The actor .Toplevel.Delay will be iterated.
The actor .Toplevel.Delay was iterated.
Director: Called postfire().
Postfire returns: true
Director: Called prefire().
-- Setting current time to 0.0
Director prefire returns true.
The actor .Toplevel.Actor1 will be iterated.
The actor .Toplevel.Actor1 was iterated.
The actor .Toplevel.Actor2 will be iterated.
The actor .Toplevel.Actor2 was iterated.
The actor .Toplevel.Delay will be iterated.
The actor .Toplevel.Delay was iterated.
Director: Called postfire().
Postfire returns: true
Director: Called prefire().
-- Setting current time to 0.0
Director prefire returns true.
The actor .Toplevel.Actor1 will be iterated.
The actor .Toplevel.Actor1 was iterated.
The actor .Toplevel.Actor2 will be iterated.
The actor .Toplevel.Actor2 was iterated.
The actor .Toplevel.Delay will be iterated.
The actor .Toplevel.Delay was iterated.
Director: Called postfire().
Postfire returns: true
Director: Called prefire().
-- Setting current time to 0.0
Director prefire returns true.
The actor .Toplevel.Actor1 will be iterated.
The actor .Toplevel.Actor1 was iterated.
The actor .Toplevel.Actor2 will be iterated.
The actor .Toplevel.Actor2 was iterated.
The actor .Toplevel.Delay will be iterated.
The actor .Toplevel.Delay was iterated.
Director: Called postfire().
Postfire returns: true
Director: Called prefire().
-- Setting current time to 0.0
Director prefire returns true.
The actor .Toplevel.Actor1 will be iterated.
The actor .Toplevel.Actor1 was iterated.
The actor .Toplevel.Actor2 will be iterated.
The actor .Toplevel.Actor2 was iterated.
The actor .Toplevel.Delay will be iterated.
The actor .Toplevel.Delay was iterated.
Reached specified number of iterations: 6
Director: Called wrapup().
35 ms. Memory: 120832K Free: 55239K (46%)
07/14/19 05:10:23
Failed: 0  Total Tests: 8  ((Passed: 8, Newly Passed: 0)  Known Failed: 0) /home/travis/build/icyphy/ptII/ptolemy/domains/sdf/test
No auto/knownFailedTests/*.xml tests in /home/travis/build/icyphy/ptII/ptolemy/domains/sdf/test
No auto/linux-amd64/*.xml tests in /home/travis/build/icyphy/ptII/ptolemy/domains/sdf/test
AutoTests.java: About to close Vertx.
AutoTests.java: Vertx closed.

===========================================================================================
----------------- testing Sun Jul 14 05:10:24 UTC 2019 /home/travis/build/icyphy/ptII/ptolemy/domains/sdf/test/auto/Array.xml
----------------- Instantiating /home/travis/build/icyphy/ptII/ptolemy/domains/sdf/test/auto/Array.xml
71 ms. Memory: 120832K Free: 92528K (77%)
----------------- Invoking toplevel() on ptolemy.moml.MoMLSimpleApplication@276928ff
----------------- Done invoking toplevel() on ptolemy.moml.MoMLSimpleApplication@276928ff
reloadAllAccessors: .Array

===========================================================================================
----------------- testing Sun Jul 14 05:10:24 UTC 2019 /home/travis/build/icyphy/ptII/ptolemy/domains/sdf/test/auto/Butterfly.xml
----------------- Instantiating /home/travis/build/icyphy/ptII/ptolemy/domains/sdf/test/auto/Butterfly.xml
75 ms. Memory: 120832K Free: 102105K (85%)
----------------- Invoking toplevel() on ptolemy.moml.MoMLSimpleApplication@c30c490
----------------- Done invoking toplevel() on ptolemy.moml.MoMLSimpleApplication@c30c490
reloadAllAccessors: .Butterfly

===========================================================================================
----------------- testing Sun Jul 14 05:10:24 UTC 2019 /home/travis/build/icyphy/ptII/ptolemy/domains/sdf/test/auto/Expression.xml
----------------- Instantiating /home/travis/build/icyphy/ptII/ptolemy/domains/sdf/test/auto/Expression.xml
98 ms. Memory: 120832K Free: 97215K (80%)
----------------- Invoking toplevel() on ptolemy.moml.MoMLSimpleApplication@2e9e09d9
----------------- Done invoking toplevel() on ptolemy.moml.MoMLSimpleApplication@2e9e09d9
reloadAllAccessors: .Expression

===========================================================================================
----------------- testing Sun Jul 14 05:10:24 UTC 2019 /home/travis/build/icyphy/ptII/ptolemy/domains/sdf/test/auto/Eye.xml
----------------- Instantiating /home/travis/build/icyphy/ptII/ptolemy/domains/sdf/test/auto/Eye.xml
212 ms. Memory: 120832K Free: 101742K (84%)
----------------- Invoking toplevel() on ptolemy.moml.MoMLSimpleApplication@b5e4d8e
----------------- Done invoking toplevel() on ptolemy.moml.MoMLSimpleApplication@b5e4d8e
reloadAllAccessors: .Eye

===========================================================================================
----------------- testing Sun Jul 14 05:10:25 UTC 2019 /home/travis/build/icyphy/ptII/ptolemy/domains/sdf/test/auto/FixFIR.xml
----------------- Instantiating /home/travis/build/icyphy/ptII/ptolemy/domains/sdf/test/auto/FixFIR.xml
241 ms. Memory: 120832K Free: 68560K (57%)
----------------- Invoking toplevel() on ptolemy.moml.MoMLSimpleApplication@c62ac3c
----------------- Done invoking toplevel() on ptolemy.moml.MoMLSimpleApplication@c62ac3c
reloadAllAccessors: .FixFIR

===========================================================================================
----------------- testing Sun Jul 14 05:10:25 UTC 2019 /home/travis/build/icyphy/ptII/ptolemy/domains/sdf/test/auto/FixPoint.xml
----------------- Instantiating /home/travis/build/icyphy/ptII/ptolemy/domains/sdf/test/auto/FixPoint.xml
18 ms. Memory: 120832K Free: 64600K (53%)
----------------- Invoking toplevel() on ptolemy.moml.MoMLSimpleApplication@2b7eb5a4
----------------- Done invoking toplevel() on ptolemy.moml.MoMLSimpleApplication@2b7eb5a4
reloadAllAccessors: .FixPoint

===========================================================================================
----------------- testing Sun Jul 14 05:10:25 UTC 2019 /home/travis/build/icyphy/ptII/ptolemy/domains/sdf/test/auto/Gravitation.xml
----------------- Instantiating /home/travis/build/icyphy/ptII/ptolemy/domains/sdf/test/auto/Gravitation.xml
3217 ms. Memory: 145408K Free: 69993K (48%)
----------------- Invoking toplevel() on ptolemy.moml.MoMLSimpleApplication@3556a34b
----------------- Done invoking toplevel() on ptolemy.moml.MoMLSimpleApplication@3556a34b
reloadAllAccessors: .Gravitation

===========================================================================================
----------------- testing Sun Jul 14 05:10:29 UTC 2019 /home/travis/build/icyphy/ptII/ptolemy/domains/sdf/test/auto/GravitationWithCollisionDetection.xml
----------------- Instantiating /home/travis/build/icyphy/ptII/ptolemy/domains/sdf/test/auto/GravitationWithCollisionDetection.xml
7100 ms. Memory: 358400K Free: 253638K (71%)
----------------- Invoking toplevel() on ptolemy.moml.MoMLSimpleApplication@750c096d
----------------- Done invoking toplevel() on ptolemy.moml.MoMLSimpleApplication@750c096d
reloadAllAccessors: .GravitationWithCollisionDetection

===========================================================================================
----------------- testing Sun Jul 14 05:10:36 UTC 2019 /home/travis/build/icyphy/ptII/ptolemy/domains/sdf/test/auto/HDF.xml
----------------- Instantiating /home/travis/build/icyphy/ptII/ptolemy/domains/sdf/test/auto/HDF.xml
49 ms. Memory: 358400K Free: 237750K (66%)
----------------- Invoking toplevel() on ptolemy.moml.MoMLSimpleApplication@32562848
----------------- Done invoking toplevel() on ptolemy.moml.MoMLSimpleApplication@32562848
reloadAllAccessors: .HDF

===========================================================================================
----------------- testing Sun Jul 14 05:10:36 UTC 2019 /home/travis/build/icyphy/ptII/ptolemy/domains/sdf/test/auto/HDFwithTransientStates.xml
----------------- Instantiating /home/travis/build/icyphy/ptII/ptolemy/domains/sdf/test/auto/HDFwithTransientStates.xml
20 ms. Memory: 358400K Free: 218822K (61%)
----------------- Invoking toplevel() on ptolemy.moml.MoMLSimpleApplication@4b2ca6cc
----------------- Done invoking toplevel() on ptolemy.moml.MoMLSimpleApplication@4b2ca6cc
reloadAllAccessors: .HDFwithTransientStates

===========================================================================================
----------------- testing Sun Jul 14 05:10:36 UTC 2019 /home/travis/build/icyphy/ptII/ptolemy/domains/sdf/test/auto/HTVQ.xml
----------------- Instantiating /home/travis/build/icyphy/ptII/ptolemy/domains/sdf/test/auto/HTVQ.xml
816 ms. Memory: 358400K Free: 260962K (73%)
----------------- Invoking toplevel() on ptolemy.moml.MoMLSimpleApplication@4206949c
----------------- Done invoking toplevel() on ptolemy.moml.MoMLSimpleApplication@4206949c
reloadAllAccessors: .HTVQ

===========================================================================================
----------------- testing Sun Jul 14 05:10:37 UTC 2019 /home/travis/build/icyphy/ptII/ptolemy/domains/sdf/test/auto/InferInitProduction.xml
----------------- Instantiating /home/travis/build/icyphy/ptII/ptolemy/domains/sdf/test/auto/InferInitProduction.xml
5 ms. Memory: 358400K Free: 254903K (71%)
----------------- Invoking toplevel() on ptolemy.moml.MoMLSimpleApplication@5d585db9
----------------- Done invoking toplevel() on ptolemy.moml.MoMLSimpleApplication@5d585db9
reloadAllAccessors: .InferInitProduction

===========================================================================================
----------------- testing Sun Jul 14 05:10:37 UTC 2019 /home/travis/build/icyphy/ptII/ptolemy/domains/sdf/test/auto/InferInitProductionDeeper.xml
----------------- Instantiating /home/travis/build/icyphy/ptII/ptolemy/domains/sdf/test/auto/InferInitProductionDeeper.xml
4 ms. Memory: 358400K Free: 249287K (70%)
----------------- Invoking toplevel() on ptolemy.moml.MoMLSimpleApplication@5e8073c0
----------------- Done invoking toplevel() on ptolemy.moml.MoMLSimpleApplication@5e8073c0
reloadAllAccessors: .InferInitProductionDeeper

===========================================================================================
----------------- testing Sun Jul 14 05:10:37 UTC 2019 /home/travis/build/icyphy/ptII/ptolemy/domains/sdf/test/auto/LMSAdaptive.xml
----------------- Instantiating /home/travis/build/icyphy/ptII/ptolemy/domains/sdf/test/auto/LMSAdaptive.xml
19 ms. Memory: 358400K Free: 240071K (67%)
----------------- Invoking toplevel() on ptolemy.moml.MoMLSimpleApplication@1d3544e1
----------------- Done invoking toplevel() on ptolemy.moml.MoMLSimpleApplication@1d3544e1
reloadAllAccessors: .LMSAdaptive

===========================================================================================
----------------- testing Sun Jul 14 05:10:37 UTC 2019 /home/travis/build/icyphy/ptII/ptolemy/domains/sdf/test/auto/LogisticMap.xml
----------------- Instantiating /home/travis/build/icyphy/ptII/ptolemy/domains/sdf/test/auto/LogisticMap.xml
455 ms. Memory: 358400K Free: 233927K (65%)
----------------- Invoking toplevel() on ptolemy.moml.MoMLSimpleApplication@6398c0d9
----------------- Done invoking toplevel() on ptolemy.moml.MoMLSimpleApplication@6398c0d9
reloadAllAccessors: .LogisticMap

===========================================================================================
----------------- testing Sun Jul 14 05:10:38 UTC 2019 /home/travis/build/icyphy/ptII/ptolemy/domains/sdf/test/auto/MaximumEntropySpectrum.xml
----------------- Instantiating /home/travis/build/icyphy/ptII/ptolemy/domains/sdf/test/auto/MaximumEntropySpectrum.xml
76 ms. Memory: 358400K Free: 172487K (48%)
----------------- Invoking toplevel() on ptolemy.moml.MoMLSimpleApplication@66efbbb3
----------------- Done invoking toplevel() on ptolemy.moml.MoMLSimpleApplication@66efbbb3
reloadAllAccessors: .MaximumEntropySpectrum

===========================================================================================
----------------- testing Sun Jul 14 05:10:38 UTC 2019 /home/travis/build/icyphy/ptII/ptolemy/domains/sdf/test/auto/MultirateSDF.xml
----------------- Instantiating /home/travis/build/icyphy/ptII/ptolemy/domains/sdf/test/auto/MultirateSDF.xml
21 ms. Memory: 358400K Free: 157623K (44%)
----------------- Invoking toplevel() on ptolemy.moml.MoMLSimpleApplication@1dd1c85f
----------------- Done invoking toplevel() on ptolemy.moml.MoMLSimpleApplication@1dd1c85f
reloadAllAccessors: .MultirateSDF

===========================================================================================
----------------- testing Sun Jul 14 05:10:38 UTC 2019 /home/travis/build/icyphy/ptII/ptolemy/domains/sdf/test/auto/MultirateSDFwithTransientStates.xml
----------------- Instantiating /home/travis/build/icyphy/ptII/ptolemy/domains/sdf/test/auto/MultirateSDFwithTransientStates.xml
28 ms. Memory: 358400K Free: 138695K (39%)
----------------- Invoking toplevel() on ptolemy.moml.MoMLSimpleApplication@4cad3939
----------------- Done invoking toplevel() on ptolemy.moml.MoMLSimpleApplication@4cad3939
reloadAllAccessors: .MultirateSDFwithTransientStates

===========================================================================================
----------------- testing Sun Jul 14 05:10:38 UTC 2019 /home/travis/build/icyphy/ptII/ptolemy/domains/sdf/test/auto/NoisySinewave.xml
----------------- Instantiating /home/travis/build/icyphy/ptII/ptolemy/domains/sdf/test/auto/NoisySinewave.xml
24 ms. Memory: 358400K Free: 332085K (93%)
----------------- Invoking toplevel() on ptolemy.moml.MoMLSimpleApplication@65e4f1a6
----------------- Done invoking toplevel() on ptolemy.moml.MoMLSimpleApplication@65e4f1a6
reloadAllAccessors: .NoisySinewave

===========================================================================================
----------------- testing Sun Jul 14 05:10:38 UTC 2019 /home/travis/build/icyphy/ptII/ptolemy/domains/sdf/test/auto/Objects.xml
----------------- Instantiating /home/travis/build/icyphy/ptII/ptolemy/domains/sdf/test/auto/Objects.xml
6 ms. Memory: 358400K Free: 323893K (90%)
----------------- Invoking toplevel() on ptolemy.moml.MoMLSimpleApplication@4cb6938b
----------------- Done invoking toplevel() on ptolemy.moml.MoMLSimpleApplication@4cb6938b
reloadAllAccessors: .Objects

===========================================================================================
----------------- testing Sun Jul 14 05:10:38 UTC 2019 /home/travis/build/icyphy/ptII/ptolemy/domains/sdf/test/auto/OrthogonalCom.xml
----------------- Instantiating /home/travis/build/icyphy/ptII/ptolemy/domains/sdf/test/auto/OrthogonalCom.xml
8 ms. Memory: 358400K Free: 316211K (88%)
----------------- Invoking toplevel() on ptolemy.moml.MoMLSimpleApplication@1a4e84d9
----------------- Done invoking toplevel() on ptolemy.moml.MoMLSimpleApplication@1a4e84d9
reloadAllAccessors: .OrthogonalCom

===========================================================================================
----------------- testing Sun Jul 14 05:10:38 UTC 2019 /home/travis/build/icyphy/ptII/ptolemy/domains/sdf/test/auto/RijndaelEncryption.xml
----------------- Instantiating /home/travis/build/icyphy/ptII/ptolemy/domains/sdf/test/auto/RijndaelEncryption.xml
317 ms. Memory: 358400K Free: 170293K (48%)
----------------- Invoking toplevel() on ptolemy.moml.MoMLSimpleApplication@1095fa2a
----------------- Done invoking toplevel() on ptolemy.moml.MoMLSimpleApplication@1095fa2a
reloadAllAccessors: .RijndaelEncryption

===========================================================================================
----------------- testing Sun Jul 14 05:10:39 UTC 2019 /home/travis/build/icyphy/ptII/ptolemy/domains/sdf/test/auto/SDFEmptyIterations.xml
----------------- Instantiating /home/travis/build/icyphy/ptII/ptolemy/domains/sdf/test/auto/SDFEmptyIterations.xml
4 ms. Memory: 358400K Free: 165668K (46%)
----------------- Invoking toplevel() on ptolemy.moml.MoMLSimpleApplication@221ce2e
----------------- Done invoking toplevel() on ptolemy.moml.MoMLSimpleApplication@221ce2e
reloadAllAccessors: .SDFEmptyIterations

===========================================================================================
----------------- testing Sun Jul 14 05:10:39 UTC 2019 /home/travis/build/icyphy/ptII/ptolemy/domains/sdf/test/auto/Spectrum.xml
----------------- Instantiating /home/travis/build/icyphy/ptII/ptolemy/domains/sdf/test/auto/Spectrum.xml
27 ms. Memory: 358400K Free: 148275K (41%)
----------------- Invoking toplevel() on ptolemy.moml.MoMLSimpleApplication@175de2fa
----------------- Done invoking toplevel() on ptolemy.moml.MoMLSimpleApplication@175de2fa
reloadAllAccessors: .Spectrum

===========================================================================================
----------------- testing Sun Jul 14 05:10:39 UTC 2019 /home/travis/build/icyphy/ptII/ptolemy/domains/sdf/test/auto/de_inside_sdf.xml
----------------- Instantiating /home/travis/build/icyphy/ptII/ptolemy/domains/sdf/test/auto/de_inside_sdf.xml
12 ms. Memory: 358400K Free: 143124K (40%)
----------------- Invoking toplevel() on ptolemy.moml.MoMLSimpleApplication@68b08d0c
----------------- Done invoking toplevel() on ptolemy.moml.MoMLSimpleApplication@68b08d0c
reloadAllAccessors: .de_inside_sdf

===========================================================================================
----------------- testing Sun Jul 14 05:10:39 UTC 2019 /home/travis/build/icyphy/ptII/ptolemy/domains/sdf/test/auto/disconnectedHierarchicalSDF.xml
----------------- Instantiating /home/travis/build/icyphy/ptII/ptolemy/domains/sdf/test/auto/disconnectedHierarchicalSDF.xml
5 ms. Memory: 358400K Free: 136996K (38%)
----------------- Invoking toplevel() on ptolemy.moml.MoMLSimpleApplication@24861822
----------------- Done invoking toplevel() on ptolemy.moml.MoMLSimpleApplication@24861822
reloadAllAccessors: .disconnectedHierarchicalSDF

===========================================================================================
----------------- testing Sun Jul 14 05:10:39 UTC 2019 /home/travis/build/icyphy/ptII/ptolemy/domains/sdf/test/auto/disconnectedSDF.xml
----------------- Instantiating /home/travis/build/icyphy/ptII/ptolemy/domains/sdf/test/auto/disconnectedSDF.xml
7 ms. Memory: 358400K Free: 133429K (37%)
----------------- Invoking toplevel() on ptolemy.moml.MoMLSimpleApplication@3b504538
----------------- Done invoking toplevel() on ptolemy.moml.MoMLSimpleApplication@3b504538
reloadAllAccessors: .disconnectedSDF

===========================================================================================
----------------- testing Sun Jul 14 05:10:39 UTC 2019 /home/travis/build/icyphy/ptII/ptolemy/domains/sdf/test/auto/emptyRefinement.xml
----------------- Instantiating /home/travis/build/icyphy/ptII/ptolemy/domains/sdf/test/auto/emptyRefinement.xml
4 ms. Memory: 358400K Free: 128819K (36%)
----------------- Invoking toplevel() on ptolemy.moml.MoMLSimpleApplication@48afb66b
----------------- Done invoking toplevel() on ptolemy.moml.MoMLSimpleApplication@48afb66b
reloadAllAccessors: .emptyRefinement

===========================================================================================
----------------- testing Sun Jul 14 05:10:39 UTC 2019 /home/travis/build/icyphy/ptII/ptolemy/domains/sdf/test/auto/filePortParameter.xml
----------------- Instantiating /home/travis/build/icyphy/ptII/ptolemy/domains/sdf/test/auto/filePortParameter.xml
28 ms. Memory: 358400K Free: 335629K (94%)
----------------- Invoking toplevel() on ptolemy.moml.MoMLSimpleApplication@2d254470
----------------- Done invoking toplevel() on ptolemy.moml.MoMLSimpleApplication@2d254470
reloadAllAccessors: .filePortParameter

===========================================================================================
----------------- testing Sun Jul 14 05:10:39 UTC 2019 /home/travis/build/icyphy/ptII/ptolemy/domains/sdf/test/auto/inferRelationWidth1.xml
----------------- Instantiating /home/travis/build/icyphy/ptII/ptolemy/domains/sdf/test/auto/inferRelationWidth1.xml
3 ms. Memory: 358400K Free: 332559K (93%)
----------------- Invoking toplevel() on ptolemy.moml.MoMLSimpleApplication@11c6cce6
----------------- Done invoking toplevel() on ptolemy.moml.MoMLSimpleApplication@11c6cce6
reloadAllAccessors: .inferRelationWidth1

===========================================================================================
----------------- testing Sun Jul 14 05:10:39 UTC 2019 /home/travis/build/icyphy/ptII/ptolemy/domains/sdf/test/auto/initProductionInference.xml
----------------- Instantiating /home/travis/build/icyphy/ptII/ptolemy/domains/sdf/test/auto/initProductionInference.xml
11 ms. Memory: 358400K Free: 328463K (92%)
----------------- Invoking toplevel() on ptolemy.moml.MoMLSimpleApplication@349716ef
----------------- Done invoking toplevel() on ptolemy.moml.MoMLSimpleApplication@349716ef
reloadAllAccessors: .initProductionInference

===========================================================================================
----------------- testing Sun Jul 14 05:10:39 UTC 2019 /home/travis/build/icyphy/ptII/ptolemy/domains/sdf/test/auto/relationGroup.xml
----------------- Instantiating /home/travis/build/icyphy/ptII/ptolemy/domains/sdf/test/auto/relationGroup.xml
3 ms. Memory: 358400K Free: 324877K (91%)
----------------- Invoking toplevel() on ptolemy.moml.MoMLSimpleApplication@1ba4fc17
----------------- Done invoking toplevel() on ptolemy.moml.MoMLSimpleApplication@1ba4fc17
reloadAllAccessors: .relationGroup

===========================================================================================
----------------- testing Sun Jul 14 05:10:39 UTC 2019 /home/travis/build/icyphy/ptII/ptolemy/domains/sdf/test/auto/relationGroup10.xml
----------------- Instantiating /home/travis/build/icyphy/ptII/ptolemy/domains/sdf/test/auto/relationGroup10.xml
3 ms. Memory: 358400K Free: 321295K (90%)
----------------- Invoking toplevel() on ptolemy.moml.MoMLSimpleApplication@6a755220
----------------- Done invoking toplevel() on ptolemy.moml.MoMLSimpleApplication@6a755220
reloadAllAccessors: .relationGroup10

===========================================================================================
----------------- testing Sun Jul 14 05:10:39 UTC 2019 /home/travis/build/icyphy/ptII/ptolemy/domains/sdf/test/auto/relationGroup11.xml
----------------- Instantiating /home/travis/build/icyphy/ptII/ptolemy/domains/sdf/test/auto/relationGroup11.xml
13 ms. Memory: 358400K Free: 317709K (89%)
----------------- Invoking toplevel() on ptolemy.moml.MoMLSimpleApplication@66e69c2e
----------------- Done invoking toplevel() on ptolemy.moml.MoMLSimpleApplication@66e69c2e
reloadAllAccessors: .relationGroup11

===========================================================================================
----------------- testing Sun Jul 14 05:10:39 UTC 2019 /home/travis/build/icyphy/ptII/ptolemy/domains/sdf/test/auto/relationGroup12.xml
----------------- Instantiating /home/travis/build/icyphy/ptII/ptolemy/domains/sdf/test/auto/relationGroup12.xml
2 ms. Memory: 358400K Free: 314127K (88%)
----------------- Invoking toplevel() on ptolemy.moml.MoMLSimpleApplication@4924fdad
----------------- Done invoking toplevel() on ptolemy.moml.MoMLSimpleApplication@4924fdad
reloadAllAccessors: .relationGroup12

===========================================================================================
----------------- testing Sun Jul 14 05:10:39 UTC 2019 /home/travis/build/icyphy/ptII/ptolemy/domains/sdf/test/auto/relationGroup13.xml
----------------- Instantiating /home/travis/build/icyphy/ptII/ptolemy/domains/sdf/test/auto/relationGroup13.xml
5 ms. Memory: 358400K Free: 309517K (86%)
----------------- Invoking toplevel() on ptolemy.moml.MoMLSimpleApplication@687e19c8
----------------- Done invoking toplevel() on ptolemy.moml.MoMLSimpleApplication@687e19c8
reloadAllAccessors: .relationGroup13

===========================================================================================
----------------- testing Sun Jul 14 05:10:39 UTC 2019 /home/travis/build/icyphy/ptII/ptolemy/domains/sdf/test/auto/relationGroup14.xml
----------------- Instantiating /home/travis/build/icyphy/ptII/ptolemy/domains/sdf/test/auto/relationGroup14.xml
6 ms. Memory: 358400K Free: 304911K (85%)
----------------- Invoking toplevel() on ptolemy.moml.MoMLSimpleApplication@1abe6442
----------------- Done invoking toplevel() on ptolemy.moml.MoMLSimpleApplication@1abe6442
reloadAllAccessors: .relationGroup14

===========================================================================================
----------------- testing Sun Jul 14 05:10:39 UTC 2019 /home/travis/build/icyphy/ptII/ptolemy/domains/sdf/test/auto/relationGroup15.xml
----------------- Instantiating /home/travis/build/icyphy/ptII/ptolemy/domains/sdf/test/auto/relationGroup15.xml
2 ms. Memory: 358400K Free: 301325K (84%)
----------------- Invoking toplevel() on ptolemy.moml.MoMLSimpleApplication@17342ff7
----------------- Done invoking toplevel() on ptolemy.moml.MoMLSimpleApplication@17342ff7
reloadAllAccessors: .relationGroup15

===========================================================================================
----------------- testing Sun Jul 14 05:10:39 UTC 2019 /home/travis/build/icyphy/ptII/ptolemy/domains/sdf/test/auto/relationGroup2.xml
----------------- Instantiating /home/travis/build/icyphy/ptII/ptolemy/domains/sdf/test/auto/relationGroup2.xml
3 ms. Memory: 358400K Free: 298253K (83%)
----------------- Invoking toplevel() on ptolemy.moml.MoMLSimpleApplication@37b9513c
----------------- Done invoking toplevel() on ptolemy.moml.MoMLSimpleApplication@37b9513c
reloadAllAccessors: .relationGroup2

===========================================================================================
----------------- testing Sun Jul 14 05:10:40 UTC 2019 /home/travis/build/icyphy/ptII/ptolemy/domains/sdf/test/auto/relationGroup3.xml
----------------- Instantiating /home/travis/build/icyphy/ptII/ptolemy/domains/sdf/test/auto/relationGroup3.xml
2 ms. Memory: 358400K Free: 295181K (82%)
----------------- Invoking toplevel() on ptolemy.moml.MoMLSimpleApplication@5fbdb183
----------------- Done invoking toplevel() on ptolemy.moml.MoMLSimpleApplication@5fbdb183
reloadAllAccessors: .relationGroup3

===========================================================================================
----------------- testing Sun Jul 14 05:10:40 UTC 2019 /home/travis/build/icyphy/ptII/ptolemy/domains/sdf/test/auto/relationGroup4.xml
----------------- Instantiating /home/travis/build/icyphy/ptII/ptolemy/domains/sdf/test/auto/relationGroup4.xml
7 ms. Memory: 358400K Free: 291055K (81%)
----------------- Invoking toplevel() on ptolemy.moml.MoMLSimpleApplication@576d7161
----------------- Done invoking toplevel() on ptolemy.moml.MoMLSimpleApplication@576d7161
reloadAllAccessors: .relationGroup4

===========================================================================================
----------------- testing Sun Jul 14 05:10:40 UTC 2019 /home/travis/build/icyphy/ptII/ptolemy/domains/sdf/test/auto/relationGroup5.xml
----------------- Instantiating /home/travis/build/icyphy/ptII/ptolemy/domains/sdf/test/auto/relationGroup5.xml
3 ms. Memory: 358400K Free: 286479K (80%)
----------------- Invoking toplevel() on ptolemy.moml.MoMLSimpleApplication@53ef990
----------------- Done invoking toplevel() on ptolemy.moml.MoMLSimpleApplication@53ef990
reloadAllAccessors: .relationGroup5

===========================================================================================
----------------- testing Sun Jul 14 05:10:40 UTC 2019 /home/travis/build/icyphy/ptII/ptolemy/domains/sdf/test/auto/relationGroup6.xml
----------------- Instantiating /home/travis/build/icyphy/ptII/ptolemy/domains/sdf/test/auto/relationGroup6.xml
2 ms. Memory: 358400K Free: 282383K (79%)
----------------- Invoking toplevel() on ptolemy.moml.MoMLSimpleApplication@341281c1
----------------- Done invoking toplevel() on ptolemy.moml.MoMLSimpleApplication@341281c1
reloadAllAccessors: .relationGroup6

===========================================================================================
----------------- testing Sun Jul 14 05:10:40 UTC 2019 /home/travis/build/icyphy/ptII/ptolemy/domains/sdf/test/auto/relationGroup7.xml
----------------- Instantiating /home/travis/build/icyphy/ptII/ptolemy/domains/sdf/test/auto/relationGroup7.xml
2 ms. Memory: 358400K Free: 279311K (78%)
----------------- Invoking toplevel() on ptolemy.moml.MoMLSimpleApplication@67bf1bad
----------------- Done invoking toplevel() on ptolemy.moml.MoMLSimpleApplication@67bf1bad
reloadAllAccessors: .relationGroup7

===========================================================================================
----------------- testing Sun Jul 14 05:10:40 UTC 2019 /home/travis/build/icyphy/ptII/ptolemy/domains/sdf/test/auto/relationGroup8.xml
----------------- Instantiating /home/travis/build/icyphy/ptII/ptolemy/domains/sdf/test/auto/relationGroup8.xml
1 ms. Memory: 358400K Free: 276239K (77%)
----------------- Invoking toplevel() on ptolemy.moml.MoMLSimpleApplication@5fb67b94
----------------- Done invoking toplevel() on ptolemy.moml.MoMLSimpleApplication@5fb67b94
reloadAllAccessors: .relationGroup8

===========================================================================================
----------------- testing Sun Jul 14 05:10:40 UTC 2019 /home/travis/build/icyphy/ptII/ptolemy/domains/sdf/test/auto/relationGroup9.xml
----------------- Instantiating /home/travis/build/icyphy/ptII/ptolemy/domains/sdf/test/auto/relationGroup9.xml
6 ms. Memory: 358400K Free: 271629K (76%)
----------------- Invoking toplevel() on ptolemy.moml.MoMLSimpleApplication@1ea1fb3f
----------------- Done invoking toplevel() on ptolemy.moml.MoMLSimpleApplication@1ea1fb3f
reloadAllAccessors: .relationGroup9

===========================================================================================
----------------- testing Sun Jul 14 05:10:40 UTC 2019 /home/travis/build/icyphy/ptII/ptolemy/domains/sdf/test/auto/sdf_inside_de.xml
----------------- Instantiating /home/travis/build/icyphy/ptII/ptolemy/domains/sdf/test/auto/sdf_inside_de.xml
15 ms. Memory: 358400K Free: 262927K (73%)
----------------- Invoking toplevel() on ptolemy.moml.MoMLSimpleApplication@6730bf4a
----------------- Done invoking toplevel() on ptolemy.moml.MoMLSimpleApplication@6730bf4a
reloadAllAccessors: .sdf_inside_de

===========================================================================================
----------------- testing Sun Jul 14 05:10:40 UTC 2019 /home/travis/build/icyphy/ptII/ptolemy/domains/sdf/test/auto/sdf_inside_pn.xml
----------------- Instantiating /home/travis/build/icyphy/ptII/ptolemy/domains/sdf/test/auto/sdf_inside_pn.xml
38 ms. Memory: 358400K Free: 254221K (71%)
----------------- Invoking toplevel() on ptolemy.moml.MoMLSimpleApplication@1dfaef6
----------------- Done invoking toplevel() on ptolemy.moml.MoMLSimpleApplication@1dfaef6
reloadAllAccessors: .sdf_inside_pn

===========================================================================================
----------------- testing Sun Jul 14 05:10:40 UTC 2019 /home/travis/build/icyphy/ptII/ptolemy/domains/sdf/test/auto/sdf_sdf1.xml
----------------- Instantiating /home/travis/build/icyphy/ptII/ptolemy/domains/sdf/test/auto/sdf_sdf1.xml
4 ms. Memory: 358400K Free: 248591K (69%)
----------------- Invoking toplevel() on ptolemy.moml.MoMLSimpleApplication@3e05070c
----------------- Done invoking toplevel() on ptolemy.moml.MoMLSimpleApplication@3e05070c
reloadAllAccessors: .sdf_sdf1

===========================================================================================
----------------- testing Sun Jul 14 05:10:40 UTC 2019 /home/travis/build/icyphy/ptII/ptolemy/domains/sdf/test/auto/test1.xml
----------------- Instantiating /home/travis/build/icyphy/ptII/ptolemy/domains/sdf/test/auto/test1.xml
4 ms. Memory: 358400K Free: 243471K (68%)
----------------- Invoking toplevel() on ptolemy.moml.MoMLSimpleApplication@1b592cbf
----------------- Done invoking toplevel() on ptolemy.moml.MoMLSimpleApplication@1b592cbf
reloadAllAccessors: .test1

===========================================================================================
----------------- testing Sun Jul 14 05:10:40 UTC 2019 /home/travis/build/icyphy/ptII/ptolemy/domains/sdf/test/auto/time1.xml
----------------- Instantiating /home/travis/build/icyphy/ptII/ptolemy/domains/sdf/test/auto/time1.xml
3 ms. Memory: 358400K Free: 239885K (67%)
----------------- Invoking toplevel() on ptolemy.moml.MoMLSimpleApplication@2088ded5
----------------- Done invoking toplevel() on ptolemy.moml.MoMLSimpleApplication@2088ded5
reloadAllAccessors: .time1

===========================================================================================
----------------- testing Sun Jul 14 05:10:40 UTC 2019 /home/travis/build/icyphy/ptII/ptolemy/domains/sdf/test/auto/time2.xml
----------------- Instantiating /home/travis/build/icyphy/ptII/ptolemy/domains/sdf/test/auto/time2.xml
2 ms. Memory: 358400K Free: 236303K (66%)
----------------- Invoking toplevel() on ptolemy.moml.MoMLSimpleApplication@ceaa0d
----------------- Done invoking toplevel() on ptolemy.moml.MoMLSimpleApplication@ceaa0d
reloadAllAccessors: .time2

===========================================================================================
----------------- testing Sun Jul 14 05:10:40 UTC 2019 /home/travis/build/icyphy/ptII/ptolemy/domains/sdf/test/auto/time3.xml
----------------- Instantiating /home/travis/build/icyphy/ptII/ptolemy/domains/sdf/test/auto/time3.xml
9 ms. Memory: 358400K Free: 231183K (65%)
----------------- Invoking toplevel() on ptolemy.moml.MoMLSimpleApplication@44310a2a
----------------- Done invoking toplevel() on ptolemy.moml.MoMLSimpleApplication@44310a2a
reloadAllAccessors: .time3

===========================================================================================
----------------- testing Sun Jul 14 05:10:40 UTC 2019 /home/travis/build/icyphy/ptII/ptolemy/domains/sdf/test/auto/time4.xml
----------------- Instantiating /home/travis/build/icyphy/ptII/ptolemy/domains/sdf/test/auto/time4.xml
7 ms. Memory: 358400K Free: 225535K (63%)
----------------- Invoking toplevel() on ptolemy.moml.MoMLSimpleApplication@583bb01c
----------------- Done invoking toplevel() on ptolemy.moml.MoMLSimpleApplication@583bb01c
reloadAllAccessors: .time4

===========================================================================================
----------------- testing Sun Jul 14 05:10:40 UTC 2019 /home/travis/build/icyphy/ptII/ptolemy/domains/sdf/test/auto/time5.xml
----------------- Instantiating /home/travis/build/icyphy/ptII/ptolemy/domains/sdf/test/auto/time5.xml
4003 ms. Memory: 358400K Free: 221967K (62%)
----------------- Invoking toplevel() on ptolemy.moml.MoMLSimpleApplication@6a862d8
----------------- Done invoking toplevel() on ptolemy.moml.MoMLSimpleApplication@6a862d8
reloadAllAccessors: .time5

===========================================================================================
----------------- testing Sun Jul 14 05:10:44 UTC 2019 /home/travis/build/icyphy/ptII/ptolemy/domains/sdf/test/auto/typeSystem_Const_Integer_smallest_Type.xml
----------------- Instantiating /home/travis/build/icyphy/ptII/ptolemy/domains/sdf/test/auto/typeSystem_Const_Integer_smallest_Type.xml
5 ms. Memory: 358400K Free: 217357K (61%)
----------------- Invoking toplevel() on ptolemy.moml.MoMLSimpleApplication@1e82c8fd
----------------- Done invoking toplevel() on ptolemy.moml.MoMLSimpleApplication@1e82c8fd
reloadAllAccessors: .typeSystem_Const_Integer_smallest_Type

===========================================================================================
----------------- testing Sun Jul 14 05:10:44 UTC 2019 /home/travis/build/icyphy/ptII/ptolemy/domains/sdf/test/auto/typeSystem_declared_Inports_OutportTypeException.xml
----------------- Instantiating /home/travis/build/icyphy/ptII/ptolemy/domains/sdf/test/auto/typeSystem_declared_Inports_OutportTypeException.xml
.typeSystem_declared_Inports_OutportTypeException.TestExceptionAttribute: initialize() was not invoked, but wrapup() was.  This is unusual, but not always a problem.  For example, exporting JNLP will do this.
7 ms. Memory: 358400K Free: 213261K (60%)
----------------- Invoking toplevel() on ptolemy.moml.MoMLSimpleApplication@743b36b3
----------------- Done invoking toplevel() on ptolemy.moml.MoMLSimpleApplication@743b36b3
reloadAllAccessors: .typeSystem_declared_Inports_OutportTypeException

===========================================================================================
----------------- testing Sun Jul 14 05:10:44 UTC 2019 /home/travis/build/icyphy/ptII/ptolemy/domains/sdf/test/auto/typeSystem_oneDeclaredInportType_wrongTypeOutport.xml
----------------- Instantiating /home/travis/build/icyphy/ptII/ptolemy/domains/sdf/test/auto/typeSystem_oneDeclaredInportType_wrongTypeOutport.xml
3 ms. Memory: 358400K Free: 209165K (58%)
----------------- Invoking toplevel() on ptolemy.moml.MoMLSimpleApplication@3f07cdc8
----------------- Done invoking toplevel() on ptolemy.moml.MoMLSimpleApplication@3f07cdc8
reloadAllAccessors: .typeSystem_oneDeclaredInportType_wrongTypeOutport

===========================================================================================
----------------- testing Sun Jul 14 05:10:44 UTC 2019 /home/travis/build/icyphy/ptII/ptolemy/domains/sdf/test/auto/width.xml
----------------- Instantiating /home/travis/build/icyphy/ptII/ptolemy/domains/sdf/test/auto/width.xml
1 ms. Memory: 358400K Free: 205583K (57%)
----------------- Invoking toplevel() on ptolemy.moml.MoMLSimpleApplication@784a07b2
----------------- Done invoking toplevel() on ptolemy.moml.MoMLSimpleApplication@784a07b2
reloadAllAccessors: .width

===========================================================================================
----------------- testing Sun Jul 14 05:10:44 UTC 2019 /home/travis/build/icyphy/ptII/ptolemy/domains/sdf/test/auto/width2.xml
----------------- Instantiating /home/travis/build/icyphy/ptII/ptolemy/domains/sdf/test/auto/width2.xml
28 ms. Memory: 358400K Free: 200463K (56%)
----------------- Invoking toplevel() on ptolemy.moml.MoMLSimpleApplication@1ca6e9c0
----------------- Done invoking toplevel() on ptolemy.moml.MoMLSimpleApplication@1ca6e9c0
reloadAllAccessors: .width2

===========================================================================================
----------------- testing Sun Jul 14 05:10:44 UTC 2019 /home/travis/build/icyphy/ptII/ptolemy/domains/sdf/test/auto/width3.xml
----------------- Instantiating /home/travis/build/icyphy/ptII/ptolemy/domains/sdf/test/auto/width3.xml
28 ms. Memory: 358400K Free: 194829K (54%)
----------------- Invoking toplevel() on ptolemy.moml.MoMLSimpleApplication@9e083fd
----------------- Done invoking toplevel() on ptolemy.moml.MoMLSimpleApplication@9e083fd
reloadAllAccessors: .width3
AutoTests.java: About to close Vertx.
AutoTests.java: Vertx closed.
]]></system-out>
  <system-err><![CDATA[java.lang.RuntimeException: Execution failed
	at ptolemy.moml.MoMLSimpleApplication$UnloadThread.run(MoMLSimpleApplication.java:402)
Caused by: ptolemy.actor.sched.NotSchedulableException: No solution exists for the balance equations.
Graph is not consistent under the SDF domain detected on external port .rateConsistency.actor.port2
  in .rateConsistency.SDF Director.Scheduler
	at ptolemy.domains.sdf.kernel.SDFScheduler._propagatePort(SDFScheduler.java:1425)
	at ptolemy.domains.sdf.kernel.SDFScheduler._solveBalanceEquations(SDFScheduler.java:710)
	at ptolemy.domains.sdf.kernel.SDFScheduler._getSchedule(SDFScheduler.java:566)
	at ptolemy.actor.sched.Scheduler.getSchedule(Scheduler.java:189)
	at ptolemy.domains.sdf.kernel.SDFDirector.createSchedule(SDFDirector.java:408)
	at ptolemy.domains.sdf.kernel.SDFDirector.preinitialize(SDFDirector.java:764)
	at ptolemy.actor.CompositeActor.preinitialize(CompositeActor.java:1828)
	at ptolemy.actor.Manager.preinitializeAndResolveTypes(Manager.java:1040)
	at ptolemy.actor.Manager.initialize(Manager.java:710)
	at ptolemy.actor.Manager.execute(Manager.java:356)
	at ptolemy.actor.Manager.run(Manager.java:1263)
	at ptolemy.actor.Manager$PtolemyRunThread.run(Manager.java:1915)
java.lang.RuntimeException: Execution failed
	at ptolemy.moml.MoMLSimpleApplication$UnloadThread.run(MoMLSimpleApplication.java:402)
Caused by: ptolemy.kernel.util.IllegalActionException: Failed to compute schedule:
  in .badRateChanges.typed composite actor.SDF Director
Because:
The SDF rate parameter may change. This is not allowed in SDF models that will be run through the code generator.  If you don't care about code generation, then you might consider setting the allowRateChanges parameter of the SDF director to false.
  in .badRateChanges.typed composite actor.Repeat.output.tokenProductionRate
	at ptolemy.domains.sdf.kernel.SDFDirector.createSchedule(SDFDirector.java:418)
	at ptolemy.domains.sdf.kernel.SDFDirector.preinitialize(SDFDirector.java:764)
	at ptolemy.actor.CompositeActor.preinitialize(CompositeActor.java:1828)
	at ptolemy.actor.Director.preinitialize(Director.java:1302)
	at ptolemy.actor.Director.preinitialize(Director.java:1257)
	at ptolemy.domains.sdf.kernel.SDFDirector.preinitialize(SDFDirector.java:763)
	at ptolemy.actor.CompositeActor.preinitialize(CompositeActor.java:1828)
	at ptolemy.actor.Manager.preinitializeAndResolveTypes(Manager.java:1040)
	at ptolemy.actor.Manager.initialize(Manager.java:710)
	at ptolemy.actor.Manager.execute(Manager.java:356)
	at ptolemy.actor.Manager.run(Manager.java:1263)
	at ptolemy.actor.Manager$PtolemyRunThread.run(Manager.java:1915)
Caused by: ptolemy.kernel.util.IllegalActionException: The SDF rate parameter may change. This is not allowed in SDF models that will be run through the code generator.  If you don't care about code generation, then you might consider setting the allowRateChanges parameter of the SDF director to false.
  in .badRateChanges.typed composite actor.Repeat.output.tokenProductionRate
	at ptolemy.domains.sdf.kernel.SDFScheduler._assertDynamicRateVariable(SDFScheduler.java:931)
	at ptolemy.domains.sdf.kernel.SDFScheduler._checkDynamicRateVariables(SDFScheduler.java:339)
	at ptolemy.domains.sdf.kernel.SDFScheduler._getSchedule(SDFScheduler.java:527)
	at ptolemy.actor.sched.Scheduler.getSchedule(Scheduler.java:189)
	at ptolemy.domains.sdf.kernel.SDFDirector.createSchedule(SDFDirector.java:408)
	... 11 more
java.lang.RuntimeException: Execution failed
	at ptolemy.moml.MoMLSimpleApplication$UnloadThread.run(MoMLSimpleApplication.java:402)
Caused by: ptolemy.kernel.util.IllegalActionException: Failed to compute schedule:
  in .badRateChanges2.typed composite actor.SDF Director
Because:
The SDF rate parameter may change. This is not allowed in SDF models that will be run through the code generator.  If you don't care about code generation, then you might consider setting the allowRateChanges parameter of the SDF director to false.
  in .badRateChanges2.typed composite actor.Repeat.output.tokenProductionRate
	at ptolemy.domains.sdf.kernel.SDFDirector.createSchedule(SDFDirector.java:418)
	at ptolemy.domains.sdf.kernel.SDFDirector.preinitialize(SDFDirector.java:764)
	at ptolemy.actor.CompositeActor.preinitialize(CompositeActor.java:1828)
	at ptolemy.actor.Director.preinitialize(Director.java:1302)
	at ptolemy.actor.Director.preinitialize(Director.java:1257)
	at ptolemy.domains.sdf.kernel.SDFDirector.preinitialize(SDFDirector.java:763)
	at ptolemy.actor.CompositeActor.preinitialize(CompositeActor.java:1828)
	at ptolemy.actor.Manager.preinitializeAndResolveTypes(Manager.java:1040)
	at ptolemy.actor.Manager.initialize(Manager.java:710)
	at ptolemy.actor.Manager.execute(Manager.java:356)
	at ptolemy.actor.Manager.run(Manager.java:1263)
	at ptolemy.actor.Manager$PtolemyRunThread.run(Manager.java:1915)
Caused by: ptolemy.kernel.util.IllegalActionException: The SDF rate parameter may change. This is not allowed in SDF models that will be run through the code generator.  If you don't care about code generation, then you might consider setting the allowRateChanges parameter of the SDF director to false.
  in .badRateChanges2.typed composite actor.Repeat.output.tokenProductionRate
	at ptolemy.domains.sdf.kernel.SDFScheduler._assertDynamicRateVariable(SDFScheduler.java:931)
	at ptolemy.domains.sdf.kernel.SDFScheduler._checkDynamicRateVariables(SDFScheduler.java:339)
	at ptolemy.domains.sdf.kernel.SDFScheduler._getSchedule(SDFScheduler.java:527)
	at ptolemy.actor.sched.Scheduler.getSchedule(Scheduler.java:189)
	at ptolemy.domains.sdf.kernel.SDFDirector.createSchedule(SDFDirector.java:408)
	... 11 more
java.lang.RuntimeException: Execution failed
	at ptolemy.moml.MoMLSimpleApplication$UnloadThread.run(MoMLSimpleApplication.java:402)
Caused by: ptolemy.actor.sched.NotSchedulableException: Actors remain that cannot be scheduled!

There are several possible reasons:
* SDF Graphs with feedback loops should have an actor with a delay in the loop, such as a SampleDelay.
* The SDF director has an "allowDisconnectedGraphs"parameter, which, when true, permits disconnected SDF graphs.
* The token consumption rate and production rates might be mismatched.
Usually, actors produce one token or consume one token on a port.  To produce or consume multiple tokens per firing, add a "tokenConsumptionRate" or "tokenProductionRate" parameter to the appropriate port.
Unscheduled actors:
.partiallyConnected.Const2 
Scheduled actors:
.partiallyConnected.Const 
  in .partiallyConnected.SDF Director.Scheduler
	at ptolemy.domains.sdf.kernel.SDFScheduler._scheduleConnectedActors(SDFScheduler.java:1828)
	at ptolemy.domains.sdf.kernel.SDFScheduler._getSchedule(SDFScheduler.java:587)
	at ptolemy.actor.sched.Scheduler.getSchedule(Scheduler.java:189)
	at ptolemy.domains.sdf.kernel.SDFDirector.createSchedule(SDFDirector.java:408)
	at ptolemy.domains.sdf.kernel.SDFDirector.preinitialize(SDFDirector.java:764)
	at ptolemy.actor.CompositeActor.preinitialize(CompositeActor.java:1828)
	at ptolemy.actor.Manager.preinitializeAndResolveTypes(Manager.java:1040)
	at ptolemy.actor.Manager.initialize(Manager.java:710)
	at ptolemy.actor.Manager.execute(Manager.java:356)
	at ptolemy.actor.Manager.run(Manager.java:1263)
	at ptolemy.actor.Manager$PtolemyRunThread.run(Manager.java:1915)
]]></system-err>
</testsuite>
