<?xml version="1.0" encoding="UTF-8" ?>
<testsuite errors="0" failures="0" hostname="travis-job-1b545026-5425-4155-bd96-498560be8cf2" name="ptolemy.domains.continuous.test.junit.JUnitTclTest" skipped="0" tests="156" time="73.999" timestamp="2020-10-03T15:40:23">
  <properties>
[...]
</properties>
  <testcase classname="ptolemy.util.test.junit.TclTests" name="[0] ThereAreNoTclTests (RunTclFile)" time="0.009" />
  <testcase classname="ptolemy.util.test.junit.AutoKnownFailedTests" name="[0] ThereAreNoKnowFailedTests (RunModel)" time="0.011" />
  <testcase classname="ptolemy.util.test.junit.AutoNameArchTests" name="[0] ThereAreNoAutoArchTests (RunModel)" time="0.032" />
  <testcase classname="ptolemy.util.test.junit.AutoTests" name="[0] /home/travis/build/icyphy/ptII/ptolemy/domains/continuous/test/auto/BouncingBall.xml (RunModel)" time="3.06" />
  <testcase classname="ptolemy.util.test.junit.AutoTests" name="[1] /home/travis/build/icyphy/ptII/ptolemy/domains/continuous/test/auto/BouncingBallWithoutGR.xml (RunModel)" time="0.797" />
  <testcase classname="ptolemy.util.test.junit.AutoTests" name="[2] /home/travis/build/icyphy/ptII/ptolemy/domains/continuous/test/auto/Brownian.xml (RunModel)" time="0.155" />
  <testcase classname="ptolemy.util.test.junit.AutoTests" name="[3] /home/travis/build/icyphy/ptII/ptolemy/domains/continuous/test/auto/CarTracking.xml (RunModel)" time="4.198" />
  <testcase classname="ptolemy.util.test.junit.AutoTests" name="[4] /home/travis/build/icyphy/ptII/ptolemy/domains/continuous/test/auto/CartPendulum.xml (RunModel)" time="0.592" />
  <testcase classname="ptolemy.util.test.junit.AutoTests" name="[5] /home/travis/build/icyphy/ptII/ptolemy/domains/continuous/test/auto/CausalityInterface10.xml (RunModel)" time="0.078" />
  <testcase classname="ptolemy.util.test.junit.AutoTests" name="[6] /home/travis/build/icyphy/ptII/ptolemy/domains/continuous/test/auto/CausalityInterface11.xml (RunModel)" time="0.042" />
  <testcase classname="ptolemy.util.test.junit.AutoTests" name="[7] /home/travis/build/icyphy/ptII/ptolemy/domains/continuous/test/auto/CausalityInterface12.xml (RunModel)" time="0.027" />
  <testcase classname="ptolemy.util.test.junit.AutoTests" name="[8] /home/travis/build/icyphy/ptII/ptolemy/domains/continuous/test/auto/CausalityInterface13.xml (RunModel)" time="0.045" />
  <testcase classname="ptolemy.util.test.junit.AutoTests" name="[9] /home/travis/build/icyphy/ptII/ptolemy/domains/continuous/test/auto/CausalityInterface14.xml (RunModel)" time="0.028" />
  <testcase classname="ptolemy.util.test.junit.AutoTests" name="[10] /home/travis/build/icyphy/ptII/ptolemy/domains/continuous/test/auto/CausalityInterface4.xml (RunModel)" time="0.029" />
  <testcase classname="ptolemy.util.test.junit.AutoTests" name="[11] /home/travis/build/icyphy/ptII/ptolemy/domains/continuous/test/auto/CausalityInterface5.xml (RunModel)" time="0.035" />
  <testcase classname="ptolemy.util.test.junit.AutoTests" name="[12] /home/travis/build/icyphy/ptII/ptolemy/domains/continuous/test/auto/CausalityInterface6.xml (RunModel)" time="0.031" />
  <testcase classname="ptolemy.util.test.junit.AutoTests" name="[13] /home/travis/build/icyphy/ptII/ptolemy/domains/continuous/test/auto/CausalityInterface7.xml (RunModel)" time="0.042" />
  <testcase classname="ptolemy.util.test.junit.AutoTests" name="[14] /home/travis/build/icyphy/ptII/ptolemy/domains/continuous/test/auto/CausalityInterface8.xml (RunModel)" time="0.039" />
  <testcase classname="ptolemy.util.test.junit.AutoTests" name="[15] /home/travis/build/icyphy/ptII/ptolemy/domains/continuous/test/auto/CausalityInterface9.xml (RunModel)" time="0.054" />
  <testcase classname="ptolemy.util.test.junit.AutoTests" name="[16] /home/travis/build/icyphy/ptII/ptolemy/domains/continuous/test/auto/CausalityInterfaceFeedback1.xml (RunModel)" time="0.029" />
  <testcase classname="ptolemy.util.test.junit.AutoTests" name="[17] /home/travis/build/icyphy/ptII/ptolemy/domains/continuous/test/auto/CausalityInterfaceFeedback2.xml (RunModel)" time="0.034" />
  <testcase classname="ptolemy.util.test.junit.AutoTests" name="[18] /home/travis/build/icyphy/ptII/ptolemy/domains/continuous/test/auto/CompareWithCurrentTime.xml (RunModel)" time="0.025" />
  <testcase classname="ptolemy.util.test.junit.AutoTests" name="[19] /home/travis/build/icyphy/ptII/ptolemy/domains/continuous/test/auto/ComparedClocks.xml (RunModel)" time="0.087" />
  <testcase classname="ptolemy.util.test.junit.AutoTests" name="[20] /home/travis/build/icyphy/ptII/ptolemy/domains/continuous/test/auto/ContinuousAOCClone.xml (RunModel)" time="2.621" />
  <testcase classname="ptolemy.util.test.junit.AutoTests" name="[21] /home/travis/build/icyphy/ptII/ptolemy/domains/continuous/test/auto/ContinuousClock.xml (RunModel)" time="0.12" />
  <testcase classname="ptolemy.util.test.junit.AutoTests" name="[22] /home/travis/build/icyphy/ptII/ptolemy/domains/continuous/test/auto/ContinuousInContinuous.xml (RunModel)" time="0.088" />
  <testcase classname="ptolemy.util.test.junit.AutoTests" name="[23] /home/travis/build/icyphy/ptII/ptolemy/domains/continuous/test/auto/ContinuousInContinuousInContinuous.xml (RunModel)" time="0.037" />
  <testcase classname="ptolemy.util.test.junit.AutoTests" name="[24] /home/travis/build/icyphy/ptII/ptolemy/domains/continuous/test/auto/ContinuousInDE.xml (RunModel)" time="0.117" />
  <testcase classname="ptolemy.util.test.junit.AutoTests" name="[25] /home/travis/build/icyphy/ptII/ptolemy/domains/continuous/test/auto/ContinuousInDE2.xml (RunModel)" time="0.051" />
  <testcase classname="ptolemy.util.test.junit.AutoTests" name="[26] /home/travis/build/icyphy/ptII/ptolemy/domains/continuous/test/auto/ContinuousInDE3.xml (RunModel)" time="0.054" />
  <testcase classname="ptolemy.util.test.junit.AutoTests" name="[27] /home/travis/build/icyphy/ptII/ptolemy/domains/continuous/test/auto/ContinuousInDE4.xml (RunModel)" time="0.029" />
  <testcase classname="ptolemy.util.test.junit.AutoTests" name="[28] /home/travis/build/icyphy/ptII/ptolemy/domains/continuous/test/auto/ContinuousInDEDifferentRefinements.xml (RunModel)" time="0.098" />
  <testcase classname="ptolemy.util.test.junit.AutoTests" name="[29] /home/travis/build/icyphy/ptII/ptolemy/domains/continuous/test/auto/ContinuousInDEDifferentRefinementsPreemptive.xml (RunModel)" time="0.1" />
  <testcase classname="ptolemy.util.test.junit.AutoTests" name="[30] /home/travis/build/icyphy/ptII/ptolemy/domains/continuous/test/auto/ContinuousInDEInContinuous2.xml (RunModel)" time="0.061" />
  <testcase classname="ptolemy.util.test.junit.AutoTests" name="[31] /home/travis/build/icyphy/ptII/ptolemy/domains/continuous/test/auto/ContinuousInDEInContinuous3.xml (RunModel)" time="0.061" />
  <testcase classname="ptolemy.util.test.junit.AutoTests" name="[32] /home/travis/build/icyphy/ptII/ptolemy/domains/continuous/test/auto/ContinuousInDEInput.xml (RunModel)" time="0.036" />
  <testcase classname="ptolemy.util.test.junit.AutoTests" name="[33] /home/travis/build/icyphy/ptII/ptolemy/domains/continuous/test/auto/ContinuousInDEInput2.xml (RunModel)" time="0.039" />
  <testcase classname="ptolemy.util.test.junit.AutoTests" name="[34] /home/travis/build/icyphy/ptII/ptolemy/domains/continuous/test/auto/ContinuousInDEInput3.xml (RunModel)" time="0.033" />
  <testcase classname="ptolemy.util.test.junit.AutoTests" name="[35] /home/travis/build/icyphy/ptII/ptolemy/domains/continuous/test/auto/ContinuousInDESharingRefinement.xml (RunModel)" time="0.215" />
  <testcase classname="ptolemy.util.test.junit.AutoTests" name="[36] /home/travis/build/icyphy/ptII/ptolemy/domains/continuous/test/auto/ContinuousInDEwithNoPorts.xml (RunModel)" time="0.02" />
  <testcase classname="ptolemy.util.test.junit.AutoTests" name="[37] /home/travis/build/icyphy/ptII/ptolemy/domains/continuous/test/auto/ContinuousInsideDE.xml (RunModel)" time="0.081" />
  <testcase classname="ptolemy.util.test.junit.AutoTests" name="[38] /home/travis/build/icyphy/ptII/ptolemy/domains/continuous/test/auto/ContinuousMerge1.xml (RunModel)" time="0.015" />
  <testcase classname="ptolemy.util.test.junit.AutoTests" name="[39] /home/travis/build/icyphy/ptII/ptolemy/domains/continuous/test/auto/ContinuousMerge2.xml (RunModel)" time="0.047" />
  <testcase classname="ptolemy.util.test.junit.AutoTests" name="[40] /home/travis/build/icyphy/ptII/ptolemy/domains/continuous/test/auto/ContinuousMerge3.xml (RunModel)" time="0.067" />
  <testcase classname="ptolemy.util.test.junit.AutoTests" name="[41] /home/travis/build/icyphy/ptII/ptolemy/domains/continuous/test/auto/ContinuousWithinContinuous.xml (RunModel)" time="0.056" />
  <testcase classname="ptolemy.util.test.junit.AutoTests" name="[42] /home/travis/build/icyphy/ptII/ptolemy/domains/continuous/test/auto/ContinuousWithinContinuous2.xml (RunModel)" time="0.086" />
  <testcase classname="ptolemy.util.test.junit.AutoTests" name="[43] /home/travis/build/icyphy/ptII/ptolemy/domains/continuous/test/auto/ContinuousWithinContinuous3.xml (RunModel)" time="0.043" />
  <testcase classname="ptolemy.util.test.junit.AutoTests" name="[44] /home/travis/build/icyphy/ptII/ptolemy/domains/continuous/test/auto/ContinuousWithinContinuous4.xml (RunModel)" time="0.088" />
  <testcase classname="ptolemy.util.test.junit.AutoTests" name="[45] /home/travis/build/icyphy/ptII/ptolemy/domains/continuous/test/auto/ContinuousWithinContinuous5.xml (RunModel)" time="0.04" />
  <testcase classname="ptolemy.util.test.junit.AutoTests" name="[46] /home/travis/build/icyphy/ptII/ptolemy/domains/continuous/test/auto/ContinuousWithinContinuous6.xml (RunModel)" time="0.029" />
  <testcase classname="ptolemy.util.test.junit.AutoTests" name="[47] /home/travis/build/icyphy/ptII/ptolemy/domains/continuous/test/auto/ContinuousWithinContinuous7.xml (RunModel)" time="0.076" />
  <testcase classname="ptolemy.util.test.junit.AutoTests" name="[48] /home/travis/build/icyphy/ptII/ptolemy/domains/continuous/test/auto/DCMotor.xml (RunModel)" time="15.032" />
  <testcase classname="ptolemy.util.test.junit.AutoTests" name="[49] /home/travis/build/icyphy/ptII/ptolemy/domains/continuous/test/auto/DEInContinuous.xml (RunModel)" time="0.022" />
  <testcase classname="ptolemy.util.test.junit.AutoTests" name="[50] /home/travis/build/icyphy/ptII/ptolemy/domains/continuous/test/auto/DEinContinuous2.xml (RunModel)" time="0.026" />
  <testcase classname="ptolemy.util.test.junit.AutoTests" name="[51] /home/travis/build/icyphy/ptII/ptolemy/domains/continuous/test/auto/Derivative.xml (RunModel)" time="0.172" />
  <testcase classname="ptolemy.util.test.junit.AutoTests" name="[52] /home/travis/build/icyphy/ptII/ptolemy/domains/continuous/test/auto/Derivative1.xml (RunModel)" time="0.035" />
  <testcase classname="ptolemy.util.test.junit.AutoTests" name="[53] /home/travis/build/icyphy/ptII/ptolemy/domains/continuous/test/auto/DiscreteClock.xml (RunModel)" time="0.012" />
  <testcase classname="ptolemy.util.test.junit.AutoTests" name="[54] /home/travis/build/icyphy/ptII/ptolemy/domains/continuous/test/auto/EfficiencyCurve.xml (RunModel)" time="0.07" />
  <testcase classname="ptolemy.util.test.junit.AutoTests" name="[55] /home/travis/build/icyphy/ptII/ptolemy/domains/continuous/test/auto/ExponentialResponse.xml (RunModel)" time="0.1" />
  <testcase classname="ptolemy.util.test.junit.AutoTests" name="[56] /home/travis/build/icyphy/ptII/ptolemy/domains/continuous/test/auto/ExponentialResponseRK45.xml (RunModel)" time="0.032" />
  <testcase classname="ptolemy.util.test.junit.AutoTests" name="[57] /home/travis/build/icyphy/ptII/ptolemy/domains/continuous/test/auto/Friction.xml (RunModel)" time="1.533" />
  <testcase classname="ptolemy.util.test.junit.AutoTests" name="[58] /home/travis/build/icyphy/ptII/ptolemy/domains/continuous/test/auto/FurutaPendulum.xml (RunModel)" time="3.1" />
  <testcase classname="ptolemy.util.test.junit.AutoTests" name="[59] /home/travis/build/icyphy/ptII/ptolemy/domains/continuous/test/auto/HierarchicalExecution.xml (RunModel)" time="2.122" />
  <testcase classname="ptolemy.util.test.junit.AutoTests" name="[60] /home/travis/build/icyphy/ptII/ptolemy/domains/continuous/test/auto/HybridPlant.xml (RunModel)" time="0.557" />
  <testcase classname="ptolemy.util.test.junit.AutoTests" name="[61] /home/travis/build/icyphy/ptII/ptolemy/domains/continuous/test/auto/Hysteresis.xml (RunModel)" time="0.186" />
  <testcase classname="ptolemy.util.test.junit.AutoTests" name="[62] /home/travis/build/icyphy/ptII/ptolemy/domains/continuous/test/auto/HysteresisWithRandomDelay.xml (RunModel)" time="0.218" />
  <testcase classname="ptolemy.util.test.junit.AutoTests" name="[63] /home/travis/build/icyphy/ptII/ptolemy/domains/continuous/test/auto/HysteresisWithRandomLosses.xml (RunModel)" time="2.307" />
  <testcase classname="ptolemy.util.test.junit.AutoTests" name="[64] /home/travis/build/icyphy/ptII/ptolemy/domains/continuous/test/auto/ImmediateTransitions.xml (RunModel)" time="0.036" />
  <testcase classname="ptolemy.util.test.junit.AutoTests" name="[65] /home/travis/build/icyphy/ptII/ptolemy/domains/continuous/test/auto/ImpulseFeedback.xml (RunModel)" time="0.023" />
  <testcase classname="ptolemy.util.test.junit.AutoTests" name="[66] /home/travis/build/icyphy/ptII/ptolemy/domains/continuous/test/auto/ImpulseFeedback2.xml (RunModel)" time="0.024" />
  <testcase classname="ptolemy.util.test.junit.AutoTests" name="[67] /home/travis/build/icyphy/ptII/ptolemy/domains/continuous/test/auto/IncreasingRatePoisson.xml (RunModel)" time="0.754" />
  <testcase classname="ptolemy.util.test.junit.AutoTests" name="[68] /home/travis/build/icyphy/ptII/ptolemy/domains/continuous/test/auto/InitialStateFeedback.xml (RunModel)" time="0.013" />
  <testcase classname="ptolemy.util.test.junit.AutoTests" name="[69] /home/travis/build/icyphy/ptII/ptolemy/domains/continuous/test/auto/Integration.xml (RunModel)" time="0.011" />
  <testcase classname="ptolemy.util.test.junit.AutoTests" name="[70] /home/travis/build/icyphy/ptII/ptolemy/domains/continuous/test/auto/Integration2.xml (RunModel)" time="0.088" />
  <testcase classname="ptolemy.util.test.junit.AutoTests" name="[71] /home/travis/build/icyphy/ptII/ptolemy/domains/continuous/test/auto/Integration3.xml (RunModel)" time="0.011" />
  <testcase classname="ptolemy.util.test.junit.AutoTests" name="[72] /home/travis/build/icyphy/ptII/ptolemy/domains/continuous/test/auto/Integration5.xml (RunModel)" time="0.015" />
  <testcase classname="ptolemy.util.test.junit.AutoTests" name="[73] /home/travis/build/icyphy/ptII/ptolemy/domains/continuous/test/auto/IntegratorImpulse.xml (RunModel)" time="0.015" />
  <testcase classname="ptolemy.util.test.junit.AutoTests" name="[74] /home/travis/build/icyphy/ptII/ptolemy/domains/continuous/test/auto/IntegratorImpulse2.xml (RunModel)" time="0.011" />
  <testcase classname="ptolemy.util.test.junit.AutoTests" name="[75] /home/travis/build/icyphy/ptII/ptolemy/domains/continuous/test/auto/LevelCrossing1.xml (RunModel)" time="0.013" />
  <testcase classname="ptolemy.util.test.junit.AutoTests" name="[76] /home/travis/build/icyphy/ptII/ptolemy/domains/continuous/test/auto/LevelCrossing2.xml (RunModel)" time="0.012" />
  <testcase classname="ptolemy.util.test.junit.AutoTests" name="[77] /home/travis/build/icyphy/ptII/ptolemy/domains/continuous/test/auto/LevelCrossing3.xml (RunModel)" time="0.014" />
  <testcase classname="ptolemy.util.test.junit.AutoTests" name="[78] /home/travis/build/icyphy/ptII/ptolemy/domains/continuous/test/auto/LevelCrossing4.xml (RunModel)" time="0.018" />
  <testcase classname="ptolemy.util.test.junit.AutoTests" name="[79] /home/travis/build/icyphy/ptII/ptolemy/domains/continuous/test/auto/LevelCrossing5.xml (RunModel)" time="0.014" />
  <testcase classname="ptolemy.util.test.junit.AutoTests" name="[80] /home/travis/build/icyphy/ptII/ptolemy/domains/continuous/test/auto/LevelCrossing6.xml (RunModel)" time="0.012" />
  <testcase classname="ptolemy.util.test.junit.AutoTests" name="[81] /home/travis/build/icyphy/ptII/ptolemy/domains/continuous/test/auto/LevelCrossingDetector.xml (RunModel)" time="0.04" />
  <testcase classname="ptolemy.util.test.junit.AutoTests" name="[82] /home/travis/build/icyphy/ptII/ptolemy/domains/continuous/test/auto/LevelCrossingDetectorDetectingDirections.xml (RunModel)" time="0.077" />
  <testcase classname="ptolemy.util.test.junit.AutoTests" name="[83] /home/travis/build/icyphy/ptII/ptolemy/domains/continuous/test/auto/LevelCrossingDetectorDetectsGlitches.xml (RunModel)" time="0.058" />
  <testcase classname="ptolemy.util.test.junit.AutoTests" name="[84] /home/travis/build/icyphy/ptII/ptolemy/domains/continuous/test/auto/LevelCrossingNoInitialOuput.xml (RunModel)" time="0.014" />
  <testcase classname="ptolemy.util.test.junit.AutoTests" name="[85] /home/travis/build/icyphy/ptII/ptolemy/domains/continuous/test/auto/LinearStateSpaceExample.xml (RunModel)" time="0.067" />
  <testcase classname="ptolemy.util.test.junit.AutoTests" name="[86] /home/travis/build/icyphy/ptII/ptolemy/domains/continuous/test/auto/Lorenz.xml (RunModel)" time="3.498" />
  <testcase classname="ptolemy.util.test.junit.AutoTests" name="[87] /home/travis/build/icyphy/ptII/ptolemy/domains/continuous/test/auto/LorenzDifferentialSystem.xml (RunModel)" time="1.016" />
  <testcase classname="ptolemy.util.test.junit.AutoTests" name="[88] /home/travis/build/icyphy/ptII/ptolemy/domains/continuous/test/auto/LorenzDifferentialSystemWithInput.xml (RunModel)" time="1.541" />
  <testcase classname="ptolemy.util.test.junit.AutoTests" name="[89] /home/travis/build/icyphy/ptII/ptolemy/domains/continuous/test/auto/LorenzDifferentialSystemWithTime.xml (RunModel)" time="0.692" />
  <testcase classname="ptolemy.util.test.junit.AutoTests" name="[90] /home/travis/build/icyphy/ptII/ptolemy/domains/continuous/test/auto/Microsteps.xml (RunModel)" time="0.025" />
  <testcase classname="ptolemy.util.test.junit.AutoTests" name="[91] /home/travis/build/icyphy/ptII/ptolemy/domains/continuous/test/auto/Modal1.xml (RunModel)" time="0.036" />
  <testcase classname="ptolemy.util.test.junit.AutoTests" name="[92] /home/travis/build/icyphy/ptII/ptolemy/domains/continuous/test/auto/Modal2.xml (RunModel)" time="0.054" />
  <testcase classname="ptolemy.util.test.junit.AutoTests" name="[93] /home/travis/build/icyphy/ptII/ptolemy/domains/continuous/test/auto/ModalTransitionGuardWithReset.xml (RunModel)" time="0.029" />
  <testcase classname="ptolemy.util.test.junit.AutoTests" name="[94] /home/travis/build/icyphy/ptII/ptolemy/domains/continuous/test/auto/ModalTransitionGuardWithResetUsingPreemptiveTransition.xml (RunModel)" time="0.025" />
  <testcase classname="ptolemy.util.test.junit.AutoTests" name="[95] /home/travis/build/icyphy/ptII/ptolemy/domains/continuous/test/auto/ModalTransitionGuardWithResetUsingPreemptiveTransition2.xml (RunModel)" time="0.033" />
  <testcase classname="ptolemy.util.test.junit.AutoTests" name="[96] /home/travis/build/icyphy/ptII/ptolemy/domains/continuous/test/auto/ModalTransitionGuardWithResetUsingPreemptiveTransition3.xml (RunModel)" time="0.028" />
  <testcase classname="ptolemy.util.test.junit.AutoTests" name="[97] /home/travis/build/icyphy/ptII/ptolemy/domains/continuous/test/auto/NewtonsCradle.xml (RunModel)" time="0.746" />
  <testcase classname="ptolemy.util.test.junit.AutoTests" name="[98] /home/travis/build/icyphy/ptII/ptolemy/domains/continuous/test/auto/NewtonsCradleAnimated.xml (RunModel)" time="1.197" />
  <testcase classname="ptolemy.util.test.junit.AutoTests" name="[99] /home/travis/build/icyphy/ptII/ptolemy/domains/continuous/test/auto/NewtonsCradleComplicated.xml (RunModel)" time="0.956" />
  <testcase classname="ptolemy.util.test.junit.AutoTests" name="[100] /home/travis/build/icyphy/ptII/ptolemy/domains/continuous/test/auto/NewtonsCradleNondeterministic.xml (RunModel)" time="0.708" />
  <testcase classname="ptolemy.util.test.junit.AutoTests" name="[101] /home/travis/build/icyphy/ptII/ptolemy/domains/continuous/test/auto/NewtonsCradlePerfectlyInelastic1.xml (RunModel)" time="1.233" />
  <testcase classname="ptolemy.util.test.junit.AutoTests" name="[102] /home/travis/build/icyphy/ptII/ptolemy/domains/continuous/test/auto/Noise.xml (RunModel)" time="0.183" />
  <testcase classname="ptolemy.util.test.junit.AutoTests" name="[103] /home/travis/build/icyphy/ptII/ptolemy/domains/continuous/test/auto/NoiseSpectrum.xml (RunModel)" time="0.706" />
  <testcase classname="ptolemy.util.test.junit.AutoTests" name="[104] /home/travis/build/icyphy/ptII/ptolemy/domains/continuous/test/auto/ParameterizedNewtonsCradleAnimated.xml (RunModel)" time="0.338" />
  <testcase classname="ptolemy.util.test.junit.AutoTests" name="[105] /home/travis/build/icyphy/ptII/ptolemy/domains/continuous/test/auto/ParameterizedNewtonsCradleAnimatedNondeterministic.xml (RunModel)" time="1.09" />
  <testcase classname="ptolemy.util.test.junit.AutoTests" name="[106] /home/travis/build/icyphy/ptII/ptolemy/domains/continuous/test/auto/Pendulum3D.xml (RunModel)" time="0.155" />
  <testcase classname="ptolemy.util.test.junit.AutoTests" name="[107] /home/travis/build/icyphy/ptII/ptolemy/domains/continuous/test/auto/PeriodicSampler.xml (RunModel)" time="0.008" />
  <testcase classname="ptolemy.util.test.junit.AutoTests" name="[108] /home/travis/build/icyphy/ptII/ptolemy/domains/continuous/test/auto/PeriodicSampler1.xml (RunModel)" time="0.041" />
  <testcase classname="ptolemy.util.test.junit.AutoTests" name="[109] /home/travis/build/icyphy/ptII/ptolemy/domains/continuous/test/auto/PeriodicSampler2.xml (RunModel)" time="0.073" />
  <testcase classname="ptolemy.util.test.junit.AutoTests" name="[110] /home/travis/build/icyphy/ptII/ptolemy/domains/continuous/test/auto/Poisson.xml (RunModel)" time="0.469" />
  <testcase classname="ptolemy.util.test.junit.AutoTests" name="[111] /home/travis/build/icyphy/ptII/ptolemy/domains/continuous/test/auto/PoissonClock.xml (RunModel)" time="0.019" />
  <testcase classname="ptolemy.util.test.junit.AutoTests" name="[112] /home/travis/build/icyphy/ptII/ptolemy/domains/continuous/test/auto/PoissonClock2.xml (RunModel)" time="0.013" />
  <testcase classname="ptolemy.util.test.junit.AutoTests" name="[113] /home/travis/build/icyphy/ptII/ptolemy/domains/continuous/test/auto/PortParameterHierarchy.xml (RunModel)" time="0.027" />
  <testcase classname="ptolemy.util.test.junit.AutoTests" name="[114] /home/travis/build/icyphy/ptII/ptolemy/domains/continuous/test/auto/RandomHybridPlant.xml (RunModel)" time="0.654" />
  <testcase classname="ptolemy.util.test.junit.AutoTests" name="[115] /home/travis/build/icyphy/ptII/ptolemy/domains/continuous/test/auto/ResetTransitionWithStartTime1.xml (RunModel)" time="0.032" />
  <testcase classname="ptolemy.util.test.junit.AutoTests" name="[116] /home/travis/build/icyphy/ptII/ptolemy/domains/continuous/test/auto/ResetTransitionWithStartTime2.xml (RunModel)" time="0.031" />
  <testcase classname="ptolemy.util.test.junit.AutoTests" name="[117] /home/travis/build/icyphy/ptII/ptolemy/domains/continuous/test/auto/ResetTransitionWithStartTime3.xml (RunModel)" time="0.036" />
  <testcase classname="ptolemy.util.test.junit.AutoTests" name="[118] /home/travis/build/icyphy/ptII/ptolemy/domains/continuous/test/auto/ResetTransitionWithStartTime4.xml (RunModel)" time="0.031" />
  <testcase classname="ptolemy.util.test.junit.AutoTests" name="[119] /home/travis/build/icyphy/ptII/ptolemy/domains/continuous/test/auto/ResetTransitionWithStartTime5.xml (RunModel)" time="0.029" />
  <testcase classname="ptolemy.util.test.junit.AutoTests" name="[120] /home/travis/build/icyphy/ptII/ptolemy/domains/continuous/test/auto/ResetTransitionWithStartTime6.xml (RunModel)" time="0.026" />
  <testcase classname="ptolemy.util.test.junit.AutoTests" name="[121] /home/travis/build/icyphy/ptII/ptolemy/domains/continuous/test/auto/SRinContinuous.xml (RunModel)" time="0.022" />
  <testcase classname="ptolemy.util.test.junit.AutoTests" name="[122] /home/travis/build/icyphy/ptII/ptolemy/domains/continuous/test/auto/SampledClocks.xml (RunModel)" time="0.03" />
  <testcase classname="ptolemy.util.test.junit.AutoTests" name="[123] /home/travis/build/icyphy/ptII/ptolemy/domains/continuous/test/auto/Satellite.xml (RunModel)" time="0.901" />
  <testcase classname="ptolemy.util.test.junit.AutoTests" name="[124] /home/travis/build/icyphy/ptII/ptolemy/domains/continuous/test/auto/SigmaDelta.xml (RunModel)" time="2.234" />
  <testcase classname="ptolemy.util.test.junit.AutoTests" name="[125] /home/travis/build/icyphy/ptII/ptolemy/domains/continuous/test/auto/SingleRefinement.xml (RunModel)" time="0.426" />
  <testcase classname="ptolemy.util.test.junit.AutoTests" name="[126] /home/travis/build/icyphy/ptII/ptolemy/domains/continuous/test/auto/SinuBouncingBall.xml (RunModel)" time="0.807" />
  <testcase classname="ptolemy.util.test.junit.AutoTests" name="[127] /home/travis/build/icyphy/ptII/ptolemy/domains/continuous/test/auto/Sinusoid.xml (RunModel)" time="0.018" />
  <testcase classname="ptolemy.util.test.junit.AutoTests" name="[128] /home/travis/build/icyphy/ptII/ptolemy/domains/continuous/test/auto/SinusoidInNoise.xml (RunModel)" time="0.848" />
  <testcase classname="ptolemy.util.test.junit.AutoTests" name="[129] /home/travis/build/icyphy/ptII/ptolemy/domains/continuous/test/auto/SinusoidRK45.xml (RunModel)" time="0.011" />
  <testcase classname="ptolemy.util.test.junit.AutoTests" name="[130] /home/travis/build/icyphy/ptII/ptolemy/domains/continuous/test/auto/SinusoidWithMultipleImpulses.xml (RunModel)" time="0.01" />
  <testcase classname="ptolemy.util.test.junit.AutoTests" name="[131] /home/travis/build/icyphy/ptII/ptolemy/domains/continuous/test/auto/SquareWave.xml (RunModel)" time="0.154" />
  <testcase classname="ptolemy.util.test.junit.AutoTests" name="[132] /home/travis/build/icyphy/ptII/ptolemy/domains/continuous/test/auto/Starmac.xml (RunModel)" time="3.397" />
  <testcase classname="ptolemy.util.test.junit.AutoTests" name="[133] /home/travis/build/icyphy/ptII/ptolemy/domains/continuous/test/auto/StaticUnits.xml (RunModel)" time="2.511" />
  <testcase classname="ptolemy.util.test.junit.AutoTests" name="[134] /home/travis/build/icyphy/ptII/ptolemy/domains/continuous/test/auto/StickyMasses.xml (RunModel)" time="0.183" />
  <testcase classname="ptolemy.util.test.junit.AutoTests" name="[135] /home/travis/build/icyphy/ptII/ptolemy/domains/continuous/test/auto/StopTime.xml (RunModel)" time="0.061" />
  <testcase classname="ptolemy.util.test.junit.AutoTests" name="[136] /home/travis/build/icyphy/ptII/ptolemy/domains/continuous/test/auto/StopTime2.xml (RunModel)" time="0.05" />
  <testcase classname="ptolemy.util.test.junit.AutoTests" name="[137] /home/travis/build/icyphy/ptII/ptolemy/domains/continuous/test/auto/Switch.xml (RunModel)" time="0.054" />
  <testcase classname="ptolemy.util.test.junit.AutoTests" name="[138] /home/travis/build/icyphy/ptII/ptolemy/domains/continuous/test/auto/Thermostat.xml (RunModel)" time="0.199" />
  <testcase classname="ptolemy.util.test.junit.AutoTests" name="[139] /home/travis/build/icyphy/ptII/ptolemy/domains/continuous/test/auto/TimeDelay.xml (RunModel)" time="0.012" />
  <testcase classname="ptolemy.util.test.junit.AutoTests" name="[140] /home/travis/build/icyphy/ptII/ptolemy/domains/continuous/test/auto/TimeDelay2.xml (RunModel)" time="0.022" />
  <testcase classname="ptolemy.util.test.junit.AutoTests" name="[141] /home/travis/build/icyphy/ptII/ptolemy/domains/continuous/test/auto/TimeDelay3.xml (RunModel)" time="0.009" />
  <testcase classname="ptolemy.util.test.junit.AutoTests" name="[142] /home/travis/build/icyphy/ptII/ptolemy/domains/continuous/test/auto/TransferAbsentToInside.xml (RunModel)" time="0.092" />
  <testcase classname="ptolemy.util.test.junit.AutoTests" name="[143] /home/travis/build/icyphy/ptII/ptolemy/domains/continuous/test/auto/Transmission.xml (RunModel)" time="0.763" />
  <testcase classname="ptolemy.util.test.junit.AutoTests" name="[144] /home/travis/build/icyphy/ptII/ptolemy/domains/continuous/test/auto/TriggeredContinuousClock.xml (RunModel)" time="0.073" />
  <testcase classname="ptolemy.util.test.junit.AutoTests" name="[145] /home/travis/build/icyphy/ptII/ptolemy/domains/continuous/test/auto/TwoMachineInfiniteBusControl.xml (RunModel)" time="2.679" />
  <testcase classname="ptolemy.util.test.junit.AutoTests" name="[146] /home/travis/build/icyphy/ptII/ptolemy/domains/continuous/test/auto/V2V.xml (RunModel)" time="0.695" />
  <testcase classname="ptolemy.util.test.junit.AutoTests" name="[147] /home/travis/build/icyphy/ptII/ptolemy/domains/continuous/test/auto/hierarchicalModalModel.xml (RunModel)" time="0.027" />
  <testcase classname="ptolemy.util.test.junit.AutoTests" name="[148] /home/travis/build/icyphy/ptII/ptolemy/domains/continuous/test/auto/hierarchicalModalModel1.xml (RunModel)" time="0.029" />
  <testcase classname="ptolemy.util.test.junit.AutoTests" name="[149] /home/travis/build/icyphy/ptII/ptolemy/domains/continuous/test/auto/hierarchicalModalModel2.xml (RunModel)" time="0.026" />
  <testcase classname="ptolemy.util.test.junit.AutoTests" name="[150] /home/travis/build/icyphy/ptII/ptolemy/domains/continuous/test/auto/hierarchicalModalModel3.xml (RunModel)" time="0.027" />
  <testcase classname="ptolemy.util.test.junit.AutoTests" name="[151] /home/travis/build/icyphy/ptII/ptolemy/domains/continuous/test/auto/hierarchicalModalModel4.xml (RunModel)" time="0.026" />
  <testcase classname="ptolemy.util.test.junit.AutoTests" name="[152] /home/travis/build/icyphy/ptII/ptolemy/domains/continuous/test/auto/junk.xml (RunModel)" time="0.145" />
  <system-out><![CDATA[No tcl tests in /home/travis/build/icyphy/ptII/ptolemy/domains/continuous/test
No auto/knownFailedTests/*.xml tests in /home/travis/build/icyphy/ptII/ptolemy/domains/continuous/test
No auto/linux-amd64/*.xml tests in /home/travis/build/icyphy/ptII/ptolemy/domains/continuous/test
AutoTests.java: About to close Vertx.
AutoTests.java: Vertx closed.

===========================================================================================
----------------- testing Sat Oct 03 15:40:23 UTC 2020 /home/travis/build/icyphy/ptII/ptolemy/domains/continuous/test/auto/BouncingBall.xml
----------------- Instantiating /home/travis/build/icyphy/ptII/ptolemy/domains/continuous/test/auto/BouncingBall.xml
2423 ms. Memory: 165888K Free: 138570K (84%)
----------------- Invoking toplevel() on ptolemy.moml.MoMLSimpleApplication@3c2b036b
----------------- Done invoking toplevel() on ptolemy.moml.MoMLSimpleApplication@3c2b036b
reloadAllAccessors: .BouncingBall

===========================================================================================
----------------- testing Sat Oct 03 15:40:26 UTC 2020 /home/travis/build/icyphy/ptII/ptolemy/domains/continuous/test/auto/BouncingBallWithoutGR.xml
----------------- Instantiating /home/travis/build/icyphy/ptII/ptolemy/domains/continuous/test/auto/BouncingBallWithoutGR.xml
704 ms. Memory: 165888K Free: 57110K (34%)
----------------- Invoking toplevel() on ptolemy.moml.MoMLSimpleApplication@68e14595
----------------- Done invoking toplevel() on ptolemy.moml.MoMLSimpleApplication@68e14595
reloadAllAccessors: .BouncingBallWithoutGR

===========================================================================================
----------------- testing Sat Oct 03 15:40:27 UTC 2020 /home/travis/build/icyphy/ptII/ptolemy/domains/continuous/test/auto/Brownian.xml
----------------- Instantiating /home/travis/build/icyphy/ptII/ptolemy/domains/continuous/test/auto/Brownian.xml
29 ms. Memory: 165888K Free: 145597K (88%)
----------------- Invoking toplevel() on ptolemy.moml.MoMLSimpleApplication@3706054b
----------------- Done invoking toplevel() on ptolemy.moml.MoMLSimpleApplication@3706054b
reloadAllAccessors: .Brownian

===========================================================================================
----------------- testing Sat Oct 03 15:40:27 UTC 2020 /home/travis/build/icyphy/ptII/ptolemy/domains/continuous/test/auto/CarTracking.xml
----------------- Instantiating /home/travis/build/icyphy/ptII/ptolemy/domains/continuous/test/auto/CarTracking.xml
3802 ms. Memory: 199680K Free: 94325K (47%)
----------------- Invoking toplevel() on ptolemy.moml.MoMLSimpleApplication@530e7b62
----------------- Done invoking toplevel() on ptolemy.moml.MoMLSimpleApplication@530e7b62
reloadAllAccessors: .CarTracking

===========================================================================================
----------------- testing Sat Oct 03 15:40:32 UTC 2020 /home/travis/build/icyphy/ptII/ptolemy/domains/continuous/test/auto/CartPendulum.xml
----------------- Instantiating /home/travis/build/icyphy/ptII/ptolemy/domains/continuous/test/auto/CartPendulum.xml
426 ms. Memory: 239616K Free: 159961K (67%)
----------------- Invoking toplevel() on ptolemy.moml.MoMLSimpleApplication@2457c695
----------------- Done invoking toplevel() on ptolemy.moml.MoMLSimpleApplication@2457c695
reloadAllAccessors: .CartPendulum

===========================================================================================
----------------- testing Sat Oct 03 15:40:32 UTC 2020 /home/travis/build/icyphy/ptII/ptolemy/domains/continuous/test/auto/CausalityInterface10.xml
----------------- Instantiating /home/travis/build/icyphy/ptII/ptolemy/domains/continuous/test/auto/CausalityInterface10.xml
23 ms. Memory: 239616K Free: 149207K (62%)
----------------- Invoking toplevel() on ptolemy.moml.MoMLSimpleApplication@38a17eee
----------------- Done invoking toplevel() on ptolemy.moml.MoMLSimpleApplication@38a17eee
reloadAllAccessors: .CausalityInterface10

===========================================================================================
----------------- testing Sat Oct 03 15:40:32 UTC 2020 /home/travis/build/icyphy/ptII/ptolemy/domains/continuous/test/auto/CausalityInterface11.xml
----------------- Instantiating /home/travis/build/icyphy/ptII/ptolemy/domains/continuous/test/auto/CausalityInterface11.xml
4 ms. Memory: 239616K Free: 143577K (60%)
----------------- Invoking toplevel() on ptolemy.moml.MoMLSimpleApplication@6ca63f2b
----------------- Done invoking toplevel() on ptolemy.moml.MoMLSimpleApplication@6ca63f2b
reloadAllAccessors: .CausalityInterface11

===========================================================================================
----------------- testing Sat Oct 03 15:40:32 UTC 2020 /home/travis/build/icyphy/ptII/ptolemy/domains/continuous/test/auto/CausalityInterface12.xml
----------------- Instantiating /home/travis/build/icyphy/ptII/ptolemy/domains/continuous/test/auto/CausalityInterface12.xml
6 ms. Memory: 239616K Free: 137433K (57%)
----------------- Invoking toplevel() on ptolemy.moml.MoMLSimpleApplication@4fd880a9
----------------- Done invoking toplevel() on ptolemy.moml.MoMLSimpleApplication@4fd880a9
reloadAllAccessors: .CausalityInterface12

===========================================================================================
----------------- testing Sat Oct 03 15:40:32 UTC 2020 /home/travis/build/icyphy/ptII/ptolemy/domains/continuous/test/auto/CausalityInterface13.xml
----------------- Instantiating /home/travis/build/icyphy/ptII/ptolemy/domains/continuous/test/auto/CausalityInterface13.xml
10 ms. Memory: 239616K Free: 131289K (55%)
----------------- Invoking toplevel() on ptolemy.moml.MoMLSimpleApplication@64ee120
----------------- Done invoking toplevel() on ptolemy.moml.MoMLSimpleApplication@64ee120
reloadAllAccessors: .CausalityInterface13

===========================================================================================
----------------- testing Sat Oct 03 15:40:32 UTC 2020 /home/travis/build/icyphy/ptII/ptolemy/domains/continuous/test/auto/CausalityInterface14.xml
----------------- Instantiating /home/travis/build/icyphy/ptII/ptolemy/domains/continuous/test/auto/CausalityInterface14.xml
4 ms. Memory: 239616K Free: 125641K (52%)
----------------- Invoking toplevel() on ptolemy.moml.MoMLSimpleApplication@1280eb8b
----------------- Done invoking toplevel() on ptolemy.moml.MoMLSimpleApplication@1280eb8b
reloadAllAccessors: .CausalityInterface14

===========================================================================================
----------------- testing Sat Oct 03 15:40:32 UTC 2020 /home/travis/build/icyphy/ptII/ptolemy/domains/continuous/test/auto/CausalityInterface4.xml
----------------- Instantiating /home/travis/build/icyphy/ptII/ptolemy/domains/continuous/test/auto/CausalityInterface4.xml
4 ms. Memory: 239616K Free: 119001K (50%)
----------------- Invoking toplevel() on ptolemy.moml.MoMLSimpleApplication@53f99d2e
----------------- Done invoking toplevel() on ptolemy.moml.MoMLSimpleApplication@53f99d2e
reloadAllAccessors: .CausalityInterface4

===========================================================================================
----------------- testing Sat Oct 03 15:40:32 UTC 2020 /home/travis/build/icyphy/ptII/ptolemy/domains/continuous/test/auto/CausalityInterface5.xml
----------------- Instantiating /home/travis/build/icyphy/ptII/ptolemy/domains/continuous/test/auto/CausalityInterface5.xml
4 ms. Memory: 239616K Free: 110809K (46%)
----------------- Invoking toplevel() on ptolemy.moml.MoMLSimpleApplication@6f6176e4
----------------- Done invoking toplevel() on ptolemy.moml.MoMLSimpleApplication@6f6176e4
reloadAllAccessors: .CausalityInterface5

===========================================================================================
----------------- testing Sat Oct 03 15:40:33 UTC 2020 /home/travis/build/icyphy/ptII/ptolemy/domains/continuous/test/auto/CausalityInterface6.xml
----------------- Instantiating /home/travis/build/icyphy/ptII/ptolemy/domains/continuous/test/auto/CausalityInterface6.xml
5 ms. Memory: 239616K Free: 105175K (44%)
----------------- Invoking toplevel() on ptolemy.moml.MoMLSimpleApplication@25be06d2
----------------- Done invoking toplevel() on ptolemy.moml.MoMLSimpleApplication@25be06d2
reloadAllAccessors: .CausalityInterface6

===========================================================================================
----------------- testing Sat Oct 03 15:40:33 UTC 2020 /home/travis/build/icyphy/ptII/ptolemy/domains/continuous/test/auto/CausalityInterface7.xml
----------------- Instantiating /home/travis/build/icyphy/ptII/ptolemy/domains/continuous/test/auto/CausalityInterface7.xml
9 ms. Memory: 239616K Free: 96473K (40%)
----------------- Invoking toplevel() on ptolemy.moml.MoMLSimpleApplication@596cb9ce
----------------- Done invoking toplevel() on ptolemy.moml.MoMLSimpleApplication@596cb9ce
reloadAllAccessors: .CausalityInterface7

===========================================================================================
----------------- testing Sat Oct 03 15:40:33 UTC 2020 /home/travis/build/icyphy/ptII/ptolemy/domains/continuous/test/auto/CausalityInterface8.xml
----------------- Instantiating /home/travis/build/icyphy/ptII/ptolemy/domains/continuous/test/auto/CausalityInterface8.xml
6 ms. Memory: 239616K Free: 87257K (36%)
----------------- Invoking toplevel() on ptolemy.moml.MoMLSimpleApplication@529d15b8
----------------- Done invoking toplevel() on ptolemy.moml.MoMLSimpleApplication@529d15b8
reloadAllAccessors: .CausalityInterface8

===========================================================================================
----------------- testing Sat Oct 03 15:40:33 UTC 2020 /home/travis/build/icyphy/ptII/ptolemy/domains/continuous/test/auto/CausalityInterface9.xml
----------------- Instantiating /home/travis/build/icyphy/ptII/ptolemy/domains/continuous/test/auto/CausalityInterface9.xml
6 ms. Memory: 239616K Free: 217973K (91%)
----------------- Invoking toplevel() on ptolemy.moml.MoMLSimpleApplication@64b0aed1
----------------- Done invoking toplevel() on ptolemy.moml.MoMLSimpleApplication@64b0aed1
reloadAllAccessors: .CausalityInterface9

===========================================================================================
----------------- testing Sat Oct 03 15:40:33 UTC 2020 /home/travis/build/icyphy/ptII/ptolemy/domains/continuous/test/auto/CausalityInterfaceFeedback1.xml
----------------- Instantiating /home/travis/build/icyphy/ptII/ptolemy/domains/continuous/test/auto/CausalityInterfaceFeedback1.xml
5 ms. Memory: 239616K Free: 211338K (88%)
----------------- Invoking toplevel() on ptolemy.moml.MoMLSimpleApplication@45cc46eb
----------------- Done invoking toplevel() on ptolemy.moml.MoMLSimpleApplication@45cc46eb
reloadAllAccessors: .CausalityInterfaceFeedback1

===========================================================================================
----------------- testing Sat Oct 03 15:40:33 UTC 2020 /home/travis/build/icyphy/ptII/ptolemy/domains/continuous/test/auto/CausalityInterfaceFeedback2.xml
----------------- Instantiating /home/travis/build/icyphy/ptII/ptolemy/domains/continuous/test/auto/CausalityInterfaceFeedback2.xml
4 ms. Memory: 239616K Free: 204666K (85%)
----------------- Invoking toplevel() on ptolemy.moml.MoMLSimpleApplication@182ed799
----------------- Done invoking toplevel() on ptolemy.moml.MoMLSimpleApplication@182ed799
reloadAllAccessors: .CausalityInterfaceFeedback2

===========================================================================================
----------------- testing Sat Oct 03 15:40:33 UTC 2020 /home/travis/build/icyphy/ptII/ptolemy/domains/continuous/test/auto/CompareWithCurrentTime.xml
----------------- Instantiating /home/travis/build/icyphy/ptII/ptolemy/domains/continuous/test/auto/CompareWithCurrentTime.xml
4 ms. Memory: 239616K Free: 200584K (84%)
----------------- Invoking toplevel() on ptolemy.moml.MoMLSimpleApplication@60cdfa44
----------------- Done invoking toplevel() on ptolemy.moml.MoMLSimpleApplication@60cdfa44
reloadAllAccessors: .CompareWithCurrentTime

===========================================================================================
----------------- testing Sat Oct 03 15:40:33 UTC 2020 /home/travis/build/icyphy/ptII/ptolemy/domains/continuous/test/auto/ComparedClocks.xml
----------------- Instantiating /home/travis/build/icyphy/ptII/ptolemy/domains/continuous/test/auto/ComparedClocks.xml
10 ms. Memory: 239616K Free: 185738K (78%)
----------------- Invoking toplevel() on ptolemy.moml.MoMLSimpleApplication@5346dcd8
----------------- Done invoking toplevel() on ptolemy.moml.MoMLSimpleApplication@5346dcd8
reloadAllAccessors: .ComparedClocks

===========================================================================================
----------------- testing Sat Oct 03 15:40:33 UTC 2020 /home/travis/build/icyphy/ptII/ptolemy/domains/continuous/test/auto/ContinuousAOCClone.xml
----------------- Instantiating /home/travis/build/icyphy/ptII/ptolemy/domains/continuous/test/auto/ContinuousAOCClone.xml
2408 ms. Memory: 239616K Free: 85211K (36%)
----------------- Invoking toplevel() on ptolemy.moml.MoMLSimpleApplication@17edf519
----------------- Done invoking toplevel() on ptolemy.moml.MoMLSimpleApplication@17edf519
reloadAllAccessors: .ContinuousAOCClone

===========================================================================================
----------------- testing Sat Oct 03 15:40:36 UTC 2020 /home/travis/build/icyphy/ptII/ptolemy/domains/continuous/test/auto/ContinuousClock.xml
----------------- Instantiating /home/travis/build/icyphy/ptII/ptolemy/domains/continuous/test/auto/ContinuousClock.xml
31 ms. Memory: 239616K Free: 206023K (86%)
----------------- Invoking toplevel() on ptolemy.moml.MoMLSimpleApplication@2457dc5d
----------------- Done invoking toplevel() on ptolemy.moml.MoMLSimpleApplication@2457dc5d
reloadAllAccessors: .ContinuousClock

===========================================================================================
----------------- testing Sat Oct 03 15:40:36 UTC 2020 /home/travis/build/icyphy/ptII/ptolemy/domains/continuous/test/auto/ContinuousInContinuous.xml
----------------- Instantiating /home/travis/build/icyphy/ptII/ptolemy/domains/continuous/test/auto/ContinuousInContinuous.xml
43 ms. Memory: 239616K Free: 182471K (76%)
----------------- Invoking toplevel() on ptolemy.moml.MoMLSimpleApplication@2675c23d
----------------- Done invoking toplevel() on ptolemy.moml.MoMLSimpleApplication@2675c23d
reloadAllAccessors: .ContinuousInContinuous

===========================================================================================
----------------- testing Sat Oct 03 15:40:36 UTC 2020 /home/travis/build/icyphy/ptII/ptolemy/domains/continuous/test/auto/ContinuousInContinuousInContinuous.xml
----------------- Instantiating /home/travis/build/icyphy/ptII/ptolemy/domains/continuous/test/auto/ContinuousInContinuousInContinuous.xml
10 ms. Memory: 239616K Free: 174789K (73%)
----------------- Invoking toplevel() on ptolemy.moml.MoMLSimpleApplication@229cdc6
----------------- Done invoking toplevel() on ptolemy.moml.MoMLSimpleApplication@229cdc6
reloadAllAccessors: .ContinuousInContinuousInContinuous

===========================================================================================
----------------- testing Sat Oct 03 15:40:36 UTC 2020 /home/travis/build/icyphy/ptII/ptolemy/domains/continuous/test/auto/ContinuousInDE.xml
----------------- Instantiating /home/travis/build/icyphy/ptII/ptolemy/domains/continuous/test/auto/ContinuousInDE.xml
90 ms. Memory: 239616K Free: 164549K (69%)
----------------- Invoking toplevel() on ptolemy.moml.MoMLSimpleApplication@e645a9
----------------- Done invoking toplevel() on ptolemy.moml.MoMLSimpleApplication@e645a9
reloadAllAccessors: .ContinuousInDE

===========================================================================================
----------------- testing Sat Oct 03 15:40:36 UTC 2020 /home/travis/build/icyphy/ptII/ptolemy/domains/continuous/test/auto/ContinuousInDE2.xml
----------------- Instantiating /home/travis/build/icyphy/ptII/ptolemy/domains/continuous/test/auto/ContinuousInDE2.xml
36 ms. Memory: 239616K Free: 154823K (65%)
----------------- Invoking toplevel() on ptolemy.moml.MoMLSimpleApplication@67b5172c
----------------- Done invoking toplevel() on ptolemy.moml.MoMLSimpleApplication@67b5172c
reloadAllAccessors: .ContinuousInDE2

===========================================================================================
----------------- testing Sat Oct 03 15:40:36 UTC 2020 /home/travis/build/icyphy/ptII/ptolemy/domains/continuous/test/auto/ContinuousInDE3.xml
----------------- Instantiating /home/travis/build/icyphy/ptII/ptolemy/domains/continuous/test/auto/ContinuousInDE3.xml
34 ms. Memory: 239616K Free: 145093K (61%)
----------------- Invoking toplevel() on ptolemy.moml.MoMLSimpleApplication@5dfb8074
----------------- Done invoking toplevel() on ptolemy.moml.MoMLSimpleApplication@5dfb8074
reloadAllAccessors: .ContinuousInDE3

===========================================================================================
----------------- testing Sat Oct 03 15:40:36 UTC 2020 /home/travis/build/icyphy/ptII/ptolemy/domains/continuous/test/auto/ContinuousInDE4.xml
----------------- Instantiating /home/travis/build/icyphy/ptII/ptolemy/domains/continuous/test/auto/ContinuousInDE4.xml
12 ms. Memory: 239616K Free: 138949K (58%)
----------------- Invoking toplevel() on ptolemy.moml.MoMLSimpleApplication@5cdcaace
----------------- Done invoking toplevel() on ptolemy.moml.MoMLSimpleApplication@5cdcaace
reloadAllAccessors: .ContinuousInDE4

===========================================================================================
----------------- testing Sat Oct 03 15:40:36 UTC 2020 /home/travis/build/icyphy/ptII/ptolemy/domains/continuous/test/auto/ContinuousInDEDifferentRefinements.xml
----------------- Instantiating /home/travis/build/icyphy/ptII/ptolemy/domains/continuous/test/auto/ContinuousInDEDifferentRefinements.xml
61 ms. Memory: 239616K Free: 107719K (45%)
----------------- Invoking toplevel() on ptolemy.moml.MoMLSimpleApplication@35f76330
----------------- Done invoking toplevel() on ptolemy.moml.MoMLSimpleApplication@35f76330
reloadAllAccessors: .ContinuousInDEDifferentRefinements

===========================================================================================
----------------- testing Sat Oct 03 15:40:36 UTC 2020 /home/travis/build/icyphy/ptII/ptolemy/domains/continuous/test/auto/ContinuousInDEDifferentRefinementsPreemptive.xml
----------------- Instantiating /home/travis/build/icyphy/ptII/ptolemy/domains/continuous/test/auto/ContinuousInDEDifferentRefinementsPreemptive.xml
56 ms. Memory: 239616K Free: 219618K (92%)
----------------- Invoking toplevel() on ptolemy.moml.MoMLSimpleApplication@65577dd6
----------------- Done invoking toplevel() on ptolemy.moml.MoMLSimpleApplication@65577dd6
reloadAllAccessors: .ContinuousInDEDifferentRefinementsPreemptive

===========================================================================================
----------------- testing Sat Oct 03 15:40:36 UTC 2020 /home/travis/build/icyphy/ptII/ptolemy/domains/continuous/test/auto/ContinuousInDEInContinuous2.xml
----------------- Instantiating /home/travis/build/icyphy/ptII/ptolemy/domains/continuous/test/auto/ContinuousInDEInContinuous2.xml
38 ms. Memory: 239616K Free: 208151K (87%)
----------------- Invoking toplevel() on ptolemy.moml.MoMLSimpleApplication@1137a424
----------------- Done invoking toplevel() on ptolemy.moml.MoMLSimpleApplication@1137a424
reloadAllAccessors: .ContinuousInDEInContinuous2

===========================================================================================
----------------- testing Sat Oct 03 15:40:36 UTC 2020 /home/travis/build/icyphy/ptII/ptolemy/domains/continuous/test/auto/ContinuousInDEInContinuous3.xml
----------------- Instantiating /home/travis/build/icyphy/ptII/ptolemy/domains/continuous/test/auto/ContinuousInDEInContinuous3.xml
38 ms. Memory: 239616K Free: 195863K (82%)
----------------- Invoking toplevel() on ptolemy.moml.MoMLSimpleApplication@6071322b
----------------- Done invoking toplevel() on ptolemy.moml.MoMLSimpleApplication@6071322b
reloadAllAccessors: .ContinuousInDEInContinuous3

===========================================================================================
----------------- testing Sat Oct 03 15:40:36 UTC 2020 /home/travis/build/icyphy/ptII/ptolemy/domains/continuous/test/auto/ContinuousInDEInput.xml
----------------- Instantiating /home/travis/build/icyphy/ptII/ptolemy/domains/continuous/test/auto/ContinuousInDEInput.xml
15 ms. Memory: 239616K Free: 188695K (79%)
----------------- Invoking toplevel() on ptolemy.moml.MoMLSimpleApplication@27e38dcf
----------------- Done invoking toplevel() on ptolemy.moml.MoMLSimpleApplication@27e38dcf
reloadAllAccessors: .ContinuousInDEInput

===========================================================================================
----------------- testing Sat Oct 03 15:40:36 UTC 2020 /home/travis/build/icyphy/ptII/ptolemy/domains/continuous/test/auto/ContinuousInDEInput2.xml
----------------- Instantiating /home/travis/build/icyphy/ptII/ptolemy/domains/continuous/test/auto/ContinuousInDEInput2.xml
13 ms. Memory: 239616K Free: 181527K (76%)
----------------- Invoking toplevel() on ptolemy.moml.MoMLSimpleApplication@234098c8
----------------- Done invoking toplevel() on ptolemy.moml.MoMLSimpleApplication@234098c8
reloadAllAccessors: .ContinuousInDEInput2

===========================================================================================
----------------- testing Sat Oct 03 15:40:36 UTC 2020 /home/travis/build/icyphy/ptII/ptolemy/domains/continuous/test/auto/ContinuousInDEInput3.xml
----------------- Instantiating /home/travis/build/icyphy/ptII/ptolemy/domains/continuous/test/auto/ContinuousInDEInput3.xml
12 ms. Memory: 239616K Free: 174359K (73%)
----------------- Invoking toplevel() on ptolemy.moml.MoMLSimpleApplication@6fb79278
----------------- Done invoking toplevel() on ptolemy.moml.MoMLSimpleApplication@6fb79278
reloadAllAccessors: .ContinuousInDEInput3

===========================================================================================
----------------- testing Sat Oct 03 15:40:36 UTC 2020 /home/travis/build/icyphy/ptII/ptolemy/domains/continuous/test/auto/ContinuousInDESharingRefinement.xml
----------------- Instantiating /home/travis/build/icyphy/ptII/ptolemy/domains/continuous/test/auto/ContinuousInDESharingRefinement.xml
189 ms. Memory: 239616K Free: 222056K (93%)
----------------- Invoking toplevel() on ptolemy.moml.MoMLSimpleApplication@67bd8195
----------------- Done invoking toplevel() on ptolemy.moml.MoMLSimpleApplication@67bd8195
reloadAllAccessors: .ContinuousInDESharingRefinement

===========================================================================================
----------------- testing Sat Oct 03 15:40:37 UTC 2020 /home/travis/build/icyphy/ptII/ptolemy/domains/continuous/test/auto/ContinuousInDEwithNoPorts.xml
----------------- Instantiating /home/travis/build/icyphy/ptII/ptolemy/domains/continuous/test/auto/ContinuousInDEwithNoPorts.xml
4 ms. Memory: 239616K Free: 217450K (91%)
----------------- Invoking toplevel() on ptolemy.moml.MoMLSimpleApplication@32c27576
----------------- Done invoking toplevel() on ptolemy.moml.MoMLSimpleApplication@32c27576
reloadAllAccessors: .ContinuousInDEwithNoPorts

===========================================================================================
----------------- testing Sat Oct 03 15:40:37 UTC 2020 /home/travis/build/icyphy/ptII/ptolemy/domains/continuous/test/auto/ContinuousInsideDE.xml
----------------- Instantiating /home/travis/build/icyphy/ptII/ptolemy/domains/continuous/test/auto/ContinuousInsideDE.xml
38 ms. Memory: 239616K Free: 205672K (86%)
----------------- Invoking toplevel() on ptolemy.moml.MoMLSimpleApplication@d5421e0
----------------- Done invoking toplevel() on ptolemy.moml.MoMLSimpleApplication@d5421e0
reloadAllAccessors: .ContinuousInsideDE

===========================================================================================
----------------- testing Sat Oct 03 15:40:37 UTC 2020 /home/travis/build/icyphy/ptII/ptolemy/domains/continuous/test/auto/ContinuousMerge1.xml
----------------- Instantiating /home/travis/build/icyphy/ptII/ptolemy/domains/continuous/test/auto/ContinuousMerge1.xml
2 ms. Memory: 239616K Free: 201066K (84%)
----------------- Invoking toplevel() on ptolemy.moml.MoMLSimpleApplication@49f08e41
----------------- Done invoking toplevel() on ptolemy.moml.MoMLSimpleApplication@49f08e41
reloadAllAccessors: .ContinuousMerge1

===========================================================================================
----------------- testing Sat Oct 03 15:40:37 UTC 2020 /home/travis/build/icyphy/ptII/ptolemy/domains/continuous/test/auto/ContinuousMerge2.xml
----------------- Instantiating /home/travis/build/icyphy/ptII/ptolemy/domains/continuous/test/auto/ContinuousMerge2.xml
14 ms. Memory: 239616K Free: 190826K (80%)
----------------- Invoking toplevel() on ptolemy.moml.MoMLSimpleApplication@6aecff46
----------------- Done invoking toplevel() on ptolemy.moml.MoMLSimpleApplication@6aecff46
reloadAllAccessors: .ContinuousMerge2

===========================================================================================
----------------- testing Sat Oct 03 15:40:37 UTC 2020 /home/travis/build/icyphy/ptII/ptolemy/domains/continuous/test/auto/ContinuousMerge3.xml
----------------- Instantiating /home/travis/build/icyphy/ptII/ptolemy/domains/continuous/test/auto/ContinuousMerge3.xml
43 ms. Memory: 239616K Free: 180072K (75%)
----------------- Invoking toplevel() on ptolemy.moml.MoMLSimpleApplication@dbd122a
----------------- Done invoking toplevel() on ptolemy.moml.MoMLSimpleApplication@dbd122a
reloadAllAccessors: .ContinuousMerge3

===========================================================================================
----------------- testing Sat Oct 03 15:40:37 UTC 2020 /home/travis/build/icyphy/ptII/ptolemy/domains/continuous/test/auto/ContinuousWithinContinuous.xml
----------------- Instantiating /home/travis/build/icyphy/ptII/ptolemy/domains/continuous/test/auto/ContinuousWithinContinuous.xml
39 ms. Memory: 239616K Free: 170346K (71%)
----------------- Invoking toplevel() on ptolemy.moml.MoMLSimpleApplication@36993de2
----------------- Done invoking toplevel() on ptolemy.moml.MoMLSimpleApplication@36993de2
reloadAllAccessors: .ContinuousWithinContinuous

===========================================================================================
----------------- testing Sat Oct 03 15:40:37 UTC 2020 /home/travis/build/icyphy/ptII/ptolemy/domains/continuous/test/auto/ContinuousWithinContinuous2.xml
----------------- Instantiating /home/travis/build/icyphy/ptII/ptolemy/domains/continuous/test/auto/ContinuousWithinContinuous2.xml
73 ms. Memory: 239616K Free: 159082K (66%)
----------------- Invoking toplevel() on ptolemy.moml.MoMLSimpleApplication@6d04d76d
----------------- Done invoking toplevel() on ptolemy.moml.MoMLSimpleApplication@6d04d76d
reloadAllAccessors: .ContinuousWithinContinuous2

===========================================================================================
----------------- testing Sat Oct 03 15:40:37 UTC 2020 /home/travis/build/icyphy/ptII/ptolemy/domains/continuous/test/auto/ContinuousWithinContinuous3.xml
----------------- Instantiating /home/travis/build/icyphy/ptII/ptolemy/domains/continuous/test/auto/ContinuousWithinContinuous3.xml
14 ms. Memory: 239616K Free: 152424K (64%)
----------------- Invoking toplevel() on ptolemy.moml.MoMLSimpleApplication@ac0ed59
----------------- Done invoking toplevel() on ptolemy.moml.MoMLSimpleApplication@ac0ed59
reloadAllAccessors: .ContinuousWithinContinuous3

===========================================================================================
----------------- testing Sat Oct 03 15:40:37 UTC 2020 /home/travis/build/icyphy/ptII/ptolemy/domains/continuous/test/auto/ContinuousWithinContinuous4.xml
----------------- Instantiating /home/travis/build/icyphy/ptII/ptolemy/domains/continuous/test/auto/ContinuousWithinContinuous4.xml
70 ms. Memory: 239616K Free: 140136K (58%)
----------------- Invoking toplevel() on ptolemy.moml.MoMLSimpleApplication@37e1fd29
----------------- Done invoking toplevel() on ptolemy.moml.MoMLSimpleApplication@37e1fd29
reloadAllAccessors: .ContinuousWithinContinuous4

===========================================================================================
----------------- testing Sat Oct 03 15:40:37 UTC 2020 /home/travis/build/icyphy/ptII/ptolemy/domains/continuous/test/auto/ContinuousWithinContinuous5.xml
----------------- Instantiating /home/travis/build/icyphy/ptII/ptolemy/domains/continuous/test/auto/ContinuousWithinContinuous5.xml
22 ms. Memory: 239616K Free: 132968K (55%)
----------------- Invoking toplevel() on ptolemy.moml.MoMLSimpleApplication@2202b880
----------------- Done invoking toplevel() on ptolemy.moml.MoMLSimpleApplication@2202b880
reloadAllAccessors: .ContinuousWithinContinuous5

===========================================================================================
----------------- testing Sat Oct 03 15:40:37 UTC 2020 /home/travis/build/icyphy/ptII/ptolemy/domains/continuous/test/auto/ContinuousWithinContinuous6.xml
----------------- Instantiating /home/travis/build/icyphy/ptII/ptolemy/domains/continuous/test/auto/ContinuousWithinContinuous6.xml
13 ms. Memory: 239616K Free: 125800K (53%)
----------------- Invoking toplevel() on ptolemy.moml.MoMLSimpleApplication@d4ecdee
----------------- Done invoking toplevel() on ptolemy.moml.MoMLSimpleApplication@d4ecdee
reloadAllAccessors: .ContinuousWithinContinuous6

===========================================================================================
----------------- testing Sat Oct 03 15:40:37 UTC 2020 /home/travis/build/icyphy/ptII/ptolemy/domains/continuous/test/auto/ContinuousWithinContinuous7.xml
----------------- Instantiating /home/travis/build/icyphy/ptII/ptolemy/domains/continuous/test/auto/ContinuousWithinContinuous7.xml
58 ms. Memory: 239616K Free: 114536K (48%)
----------------- Invoking toplevel() on ptolemy.moml.MoMLSimpleApplication@7ff0d0c3
----------------- Done invoking toplevel() on ptolemy.moml.MoMLSimpleApplication@7ff0d0c3
reloadAllAccessors: .ContinuousWithinContinuous7

===========================================================================================
----------------- testing Sat Oct 03 15:40:37 UTC 2020 /home/travis/build/icyphy/ptII/ptolemy/domains/continuous/test/auto/DCMotor.xml
----------------- Instantiating /home/travis/build/icyphy/ptII/ptolemy/domains/continuous/test/auto/DCMotor.xml
14942 ms. Memory: 239616K Free: 105302K (44%)
----------------- Invoking toplevel() on ptolemy.moml.MoMLSimpleApplication@d927888
----------------- Done invoking toplevel() on ptolemy.moml.MoMLSimpleApplication@d927888
reloadAllAccessors: .DCMotor

===========================================================================================
----------------- testing Sat Oct 03 15:40:52 UTC 2020 /home/travis/build/icyphy/ptII/ptolemy/domains/continuous/test/auto/DEInContinuous.xml
----------------- Instantiating /home/travis/build/icyphy/ptII/ptolemy/domains/continuous/test/auto/DEInContinuous.xml
9 ms. Memory: 239616K Free: 99158K (41%)
----------------- Invoking toplevel() on ptolemy.moml.MoMLSimpleApplication@1b29ebb3
----------------- Done invoking toplevel() on ptolemy.moml.MoMLSimpleApplication@1b29ebb3
reloadAllAccessors: .DEInContinuous

===========================================================================================
----------------- testing Sat Oct 03 15:40:52 UTC 2020 /home/travis/build/icyphy/ptII/ptolemy/domains/continuous/test/auto/DEinContinuous2.xml
----------------- Instantiating /home/travis/build/icyphy/ptII/ptolemy/domains/continuous/test/auto/DEinContinuous2.xml
6 ms. Memory: 239616K Free: 91462K (38%)
----------------- Invoking toplevel() on ptolemy.moml.MoMLSimpleApplication@1efafdc1
----------------- Done invoking toplevel() on ptolemy.moml.MoMLSimpleApplication@1efafdc1
reloadAllAccessors: .DEinContinuous2

===========================================================================================
----------------- testing Sat Oct 03 15:40:52 UTC 2020 /home/travis/build/icyphy/ptII/ptolemy/domains/continuous/test/auto/Derivative.xml
----------------- Instantiating /home/travis/build/icyphy/ptII/ptolemy/domains/continuous/test/auto/Derivative.xml
119 ms. Memory: 239616K Free: 203073K (85%)
----------------- Invoking toplevel() on ptolemy.moml.MoMLSimpleApplication@411081a2
----------------- Done invoking toplevel() on ptolemy.moml.MoMLSimpleApplication@411081a2
reloadAllAccessors: .Derivative2

===========================================================================================
----------------- testing Sat Oct 03 15:40:53 UTC 2020 /home/travis/build/icyphy/ptII/ptolemy/domains/continuous/test/auto/Derivative1.xml
----------------- Instantiating /home/travis/build/icyphy/ptII/ptolemy/domains/continuous/test/auto/Derivative1.xml
13 ms. Memory: 239616K Free: 188737K (79%)
----------------- Invoking toplevel() on ptolemy.moml.MoMLSimpleApplication@1d355858
----------------- Done invoking toplevel() on ptolemy.moml.MoMLSimpleApplication@1d355858
reloadAllAccessors: .Derivative1

===========================================================================================
----------------- testing Sat Oct 03 15:40:53 UTC 2020 /home/travis/build/icyphy/ptII/ptolemy/domains/continuous/test/auto/DiscreteClock.xml
----------------- Instantiating /home/travis/build/icyphy/ptII/ptolemy/domains/continuous/test/auto/DiscreteClock.xml
3 ms. Memory: 239616K Free: 183617K (77%)
----------------- Invoking toplevel() on ptolemy.moml.MoMLSimpleApplication@91ddb8d
----------------- Done invoking toplevel() on ptolemy.moml.MoMLSimpleApplication@91ddb8d
reloadAllAccessors: .DiscreteClock

===========================================================================================
----------------- testing Sat Oct 03 15:40:53 UTC 2020 /home/travis/build/icyphy/ptII/ptolemy/domains/continuous/test/auto/EfficiencyCurve.xml
----------------- Instantiating /home/travis/build/icyphy/ptII/ptolemy/domains/continuous/test/auto/EfficiencyCurve.xml
40 ms. Memory: 239616K Free: 174401K (73%)
----------------- Invoking toplevel() on ptolemy.moml.MoMLSimpleApplication@6dfd7ed4
----------------- Done invoking toplevel() on ptolemy.moml.MoMLSimpleApplication@6dfd7ed4
reloadAllAccessors: .EfficiencyCurve

===========================================================================================
----------------- testing Sat Oct 03 15:40:53 UTC 2020 /home/travis/build/icyphy/ptII/ptolemy/domains/continuous/test/auto/ExponentialResponse.xml
----------------- Instantiating /home/travis/build/icyphy/ptII/ptolemy/domains/continuous/test/auto/ExponentialResponse.xml
93 ms. Memory: 239616K Free: 158527K (66%)
----------------- Invoking toplevel() on ptolemy.moml.MoMLSimpleApplication@56523214
----------------- Done invoking toplevel() on ptolemy.moml.MoMLSimpleApplication@56523214
reloadAllAccessors: .ExponentialResponse

===========================================================================================
----------------- testing Sat Oct 03 15:40:53 UTC 2020 /home/travis/build/icyphy/ptII/ptolemy/domains/continuous/test/auto/ExponentialResponseRK45.xml
----------------- Instantiating /home/travis/build/icyphy/ptII/ptolemy/domains/continuous/test/auto/ExponentialResponseRK45.xml
21 ms. Memory: 239616K Free: 151873K (63%)
----------------- Invoking toplevel() on ptolemy.moml.MoMLSimpleApplication@45845e26
----------------- Done invoking toplevel() on ptolemy.moml.MoMLSimpleApplication@45845e26
reloadAllAccessors: .ExponentialResponseRK45

===========================================================================================
----------------- testing Sat Oct 03 15:40:53 UTC 2020 /home/travis/build/icyphy/ptII/ptolemy/domains/continuous/test/auto/Friction.xml
----------------- Instantiating /home/travis/build/icyphy/ptII/ptolemy/domains/continuous/test/auto/Friction.xml
1424 ms. Memory: 239616K Free: 152853K (64%)
----------------- Invoking toplevel() on ptolemy.moml.MoMLSimpleApplication@7830fdf4
----------------- Done invoking toplevel() on ptolemy.moml.MoMLSimpleApplication@7830fdf4
reloadAllAccessors: .Friction

===========================================================================================
----------------- testing Sat Oct 03 15:40:54 UTC 2020 /home/travis/build/icyphy/ptII/ptolemy/domains/continuous/test/auto/FurutaPendulum.xml
----------------- Instantiating /home/travis/build/icyphy/ptII/ptolemy/domains/continuous/test/auto/FurutaPendulum.xml
2968 ms. Memory: 239616K Free: 215743K (90%)
----------------- Invoking toplevel() on ptolemy.moml.MoMLSimpleApplication@3b4987b8
----------------- Done invoking toplevel() on ptolemy.moml.MoMLSimpleApplication@3b4987b8
reloadAllAccessors: .FurutaPendulum

===========================================================================================
----------------- testing Sat Oct 03 15:40:58 UTC 2020 /home/travis/build/icyphy/ptII/ptolemy/domains/continuous/test/auto/HierarchicalExecution.xml
----------------- Instantiating /home/travis/build/icyphy/ptII/ptolemy/domains/continuous/test/auto/HierarchicalExecution.xml
1713 ms. Memory: 239616K Free: 195932K (82%)
----------------- Invoking toplevel() on ptolemy.moml.MoMLSimpleApplication@39dccec6
----------------- Done invoking toplevel() on ptolemy.moml.MoMLSimpleApplication@39dccec6
reloadAllAccessors: .HierarchicalExecution

===========================================================================================
----------------- testing Sat Oct 03 15:41:00 UTC 2020 /home/travis/build/icyphy/ptII/ptolemy/domains/continuous/test/auto/HybridPlant.xml
----------------- Instantiating /home/travis/build/icyphy/ptII/ptolemy/domains/continuous/test/auto/HybridPlant.xml
503 ms. Memory: 287744K Free: 121666K (42%)
----------------- Invoking toplevel() on ptolemy.moml.MoMLSimpleApplication@2c1ba961
----------------- Done invoking toplevel() on ptolemy.moml.MoMLSimpleApplication@2c1ba961
reloadAllAccessors: .HybridPlant

===========================================================================================
----------------- testing Sat Oct 03 15:41:00 UTC 2020 /home/travis/build/icyphy/ptII/ptolemy/domains/continuous/test/auto/Hysteresis.xml
----------------- Instantiating /home/travis/build/icyphy/ptII/ptolemy/domains/continuous/test/auto/Hysteresis.xml
137 ms. Memory: 287744K Free: 229767K (80%)
----------------- Invoking toplevel() on ptolemy.moml.MoMLSimpleApplication@6e3980da
----------------- Done invoking toplevel() on ptolemy.moml.MoMLSimpleApplication@6e3980da
reloadAllAccessors: .Hysteresis

===========================================================================================
----------------- testing Sat Oct 03 15:41:00 UTC 2020 /home/travis/build/icyphy/ptII/ptolemy/domains/continuous/test/auto/HysteresisWithRandomDelay.xml
----------------- Instantiating /home/travis/build/icyphy/ptII/ptolemy/domains/continuous/test/auto/HysteresisWithRandomDelay.xml
171 ms. Memory: 287744K Free: 157716K (55%)
----------------- Invoking toplevel() on ptolemy.moml.MoMLSimpleApplication@1f69c81d
----------------- Done invoking toplevel() on ptolemy.moml.MoMLSimpleApplication@1f69c81d
reloadAllAccessors: .HysteresisWithRandomDelay

===========================================================================================
----------------- testing Sat Oct 03 15:41:01 UTC 2020 /home/travis/build/icyphy/ptII/ptolemy/domains/continuous/test/auto/HysteresisWithRandomLosses.xml
----------------- Instantiating /home/travis/build/icyphy/ptII/ptolemy/domains/continuous/test/auto/HysteresisWithRandomLosses.xml
2237 ms. Memory: 346112K Free: 319915K (92%)
----------------- Invoking toplevel() on ptolemy.moml.MoMLSimpleApplication@e421446
----------------- Done invoking toplevel() on ptolemy.moml.MoMLSimpleApplication@e421446
reloadAllAccessors: .HysteresisWithRandomLosses

===========================================================================================
----------------- testing Sat Oct 03 15:41:03 UTC 2020 /home/travis/build/icyphy/ptII/ptolemy/domains/continuous/test/auto/ImmediateTransitions.xml
----------------- Instantiating /home/travis/build/icyphy/ptII/ptolemy/domains/continuous/test/auto/ImmediateTransitions.xml
11 ms. Memory: 346112K Free: 308651K (89%)
----------------- Invoking toplevel() on ptolemy.moml.MoMLSimpleApplication@13998dcf
----------------- Done invoking toplevel() on ptolemy.moml.MoMLSimpleApplication@13998dcf
reloadAllAccessors: .ImmediateTransitions

===========================================================================================
----------------- testing Sat Oct 03 15:41:03 UTC 2020 /home/travis/build/icyphy/ptII/ptolemy/domains/continuous/test/auto/ImpulseFeedback.xml
----------------- Instantiating /home/travis/build/icyphy/ptII/ptolemy/domains/continuous/test/auto/ImpulseFeedback.xml
8 ms. Memory: 346112K Free: 303017K (88%)
----------------- Invoking toplevel() on ptolemy.moml.MoMLSimpleApplication@42b926c5
----------------- Done invoking toplevel() on ptolemy.moml.MoMLSimpleApplication@42b926c5
reloadAllAccessors: .ImpulseFeedback

===========================================================================================
----------------- testing Sat Oct 03 15:41:03 UTC 2020 /home/travis/build/icyphy/ptII/ptolemy/domains/continuous/test/auto/ImpulseFeedback2.xml
----------------- Instantiating /home/travis/build/icyphy/ptII/ptolemy/domains/continuous/test/auto/ImpulseFeedback2.xml
6 ms. Memory: 346112K Free: 297387K (86%)
----------------- Invoking toplevel() on ptolemy.moml.MoMLSimpleApplication@2d2a4392
----------------- Done invoking toplevel() on ptolemy.moml.MoMLSimpleApplication@2d2a4392
reloadAllAccessors: .ImpulseFeedback2

===========================================================================================
----------------- testing Sat Oct 03 15:41:03 UTC 2020 /home/travis/build/icyphy/ptII/ptolemy/domains/continuous/test/auto/IncreasingRatePoisson.xml
----------------- Instantiating /home/travis/build/icyphy/ptII/ptolemy/domains/continuous/test/auto/IncreasingRatePoisson.xml
725 ms. Memory: 346112K Free: 180865K (52%)
----------------- Invoking toplevel() on ptolemy.moml.MoMLSimpleApplication@4ba5d4c0
----------------- Done invoking toplevel() on ptolemy.moml.MoMLSimpleApplication@4ba5d4c0
reloadAllAccessors: .IncreasingRatePoisson

===========================================================================================
----------------- testing Sat Oct 03 15:41:04 UTC 2020 /home/travis/build/icyphy/ptII/ptolemy/domains/continuous/test/auto/InitialStateFeedback.xml
----------------- Instantiating /home/travis/build/icyphy/ptII/ptolemy/domains/continuous/test/auto/InitialStateFeedback.xml
3 ms. Memory: 346112K Free: 176259K (51%)
----------------- Invoking toplevel() on ptolemy.moml.MoMLSimpleApplication@34765256
----------------- Done invoking toplevel() on ptolemy.moml.MoMLSimpleApplication@34765256
reloadAllAccessors: .InitialStateFeedback

===========================================================================================
----------------- testing Sat Oct 03 15:41:04 UTC 2020 /home/travis/build/icyphy/ptII/ptolemy/domains/continuous/test/auto/Integration.xml
----------------- Instantiating /home/travis/build/icyphy/ptII/ptolemy/domains/continuous/test/auto/Integration.xml
1 ms. Memory: 346112K Free: 172163K (50%)
----------------- Invoking toplevel() on ptolemy.moml.MoMLSimpleApplication@227bb590
----------------- Done invoking toplevel() on ptolemy.moml.MoMLSimpleApplication@227bb590
reloadAllAccessors: .Integration

===========================================================================================
----------------- testing Sat Oct 03 15:41:04 UTC 2020 /home/travis/build/icyphy/ptII/ptolemy/domains/continuous/test/auto/Integration2.xml
----------------- Instantiating /home/travis/build/icyphy/ptII/ptolemy/domains/continuous/test/auto/Integration2.xml
70 ms. Memory: 346112K Free: 157313K (45%)
----------------- Invoking toplevel() on ptolemy.moml.MoMLSimpleApplication@70b3ff04
----------------- Done invoking toplevel() on ptolemy.moml.MoMLSimpleApplication@70b3ff04
reloadAllAccessors: .Integration2

===========================================================================================
----------------- testing Sat Oct 03 15:41:04 UTC 2020 /home/travis/build/icyphy/ptII/ptolemy/domains/continuous/test/auto/Integration3.xml
----------------- Instantiating /home/travis/build/icyphy/ptII/ptolemy/domains/continuous/test/auto/Integration3.xml
2 ms. Memory: 346112K Free: 152707K (44%)
----------------- Invoking toplevel() on ptolemy.moml.MoMLSimpleApplication@1bcdf486
----------------- Done invoking toplevel() on ptolemy.moml.MoMLSimpleApplication@1bcdf486
reloadAllAccessors: .Integration3

===========================================================================================
----------------- testing Sat Oct 03 15:41:04 UTC 2020 /home/travis/build/icyphy/ptII/ptolemy/domains/continuous/test/auto/Integration5.xml
----------------- Instantiating /home/travis/build/icyphy/ptII/ptolemy/domains/continuous/test/auto/Integration5.xml
2 ms. Memory: 346112K Free: 148611K (43%)
----------------- Invoking toplevel() on ptolemy.moml.MoMLSimpleApplication@4ace4d80
----------------- Done invoking toplevel() on ptolemy.moml.MoMLSimpleApplication@4ace4d80
reloadAllAccessors: .Integration5

===========================================================================================
----------------- testing Sat Oct 03 15:41:04 UTC 2020 /home/travis/build/icyphy/ptII/ptolemy/domains/continuous/test/auto/IntegratorImpulse.xml
----------------- Instantiating /home/travis/build/icyphy/ptII/ptolemy/domains/continuous/test/auto/IntegratorImpulse.xml
2 ms. Memory: 346112K Free: 144515K (42%)
----------------- Invoking toplevel() on ptolemy.moml.MoMLSimpleApplication@5a49f521
----------------- Done invoking toplevel() on ptolemy.moml.MoMLSimpleApplication@5a49f521
reloadAllAccessors: .IntegratorImpulse

===========================================================================================
----------------- testing Sat Oct 03 15:41:04 UTC 2020 /home/travis/build/icyphy/ptII/ptolemy/domains/continuous/test/auto/IntegratorImpulse2.xml
----------------- Instantiating /home/travis/build/icyphy/ptII/ptolemy/domains/continuous/test/auto/IntegratorImpulse2.xml
4 ms. Memory: 346112K Free: 139891K (40%)
----------------- Invoking toplevel() on ptolemy.moml.MoMLSimpleApplication@1fd3057c
----------------- Done invoking toplevel() on ptolemy.moml.MoMLSimpleApplication@1fd3057c
reloadAllAccessors: .IntegratorImpulse2

===========================================================================================
----------------- testing Sat Oct 03 15:41:04 UTC 2020 /home/travis/build/icyphy/ptII/ptolemy/domains/continuous/test/auto/LevelCrossing1.xml
----------------- Instantiating /home/travis/build/icyphy/ptII/ptolemy/domains/continuous/test/auto/LevelCrossing1.xml
2 ms. Memory: 346112K Free: 134785K (39%)
----------------- Invoking toplevel() on ptolemy.moml.MoMLSimpleApplication@28e2c84a
----------------- Done invoking toplevel() on ptolemy.moml.MoMLSimpleApplication@28e2c84a
reloadAllAccessors: .LevelCrossing1

===========================================================================================
----------------- testing Sat Oct 03 15:41:04 UTC 2020 /home/travis/build/icyphy/ptII/ptolemy/domains/continuous/test/auto/LevelCrossing2.xml
----------------- Instantiating /home/travis/build/icyphy/ptII/ptolemy/domains/continuous/test/auto/LevelCrossing2.xml
2 ms. Memory: 346112K Free: 129665K (37%)
----------------- Invoking toplevel() on ptolemy.moml.MoMLSimpleApplication@3cd92d60
----------------- Done invoking toplevel() on ptolemy.moml.MoMLSimpleApplication@3cd92d60
reloadAllAccessors: .LevelCrossing2

===========================================================================================
----------------- testing Sat Oct 03 15:41:04 UTC 2020 /home/travis/build/icyphy/ptII/ptolemy/domains/continuous/test/auto/LevelCrossing3.xml
----------------- Instantiating /home/travis/build/icyphy/ptII/ptolemy/domains/continuous/test/auto/LevelCrossing3.xml
2 ms. Memory: 346112K Free: 124545K (36%)
----------------- Invoking toplevel() on ptolemy.moml.MoMLSimpleApplication@77d1fb44
----------------- Done invoking toplevel() on ptolemy.moml.MoMLSimpleApplication@77d1fb44
reloadAllAccessors: .LevelCrossing3

===========================================================================================
----------------- testing Sat Oct 03 15:41:04 UTC 2020 /home/travis/build/icyphy/ptII/ptolemy/domains/continuous/test/auto/LevelCrossing4.xml
----------------- Instantiating /home/travis/build/icyphy/ptII/ptolemy/domains/continuous/test/auto/LevelCrossing4.xml
6 ms. Memory: 346112K Free: 325393K (94%)
----------------- Invoking toplevel() on ptolemy.moml.MoMLSimpleApplication@484b5ada
----------------- Done invoking toplevel() on ptolemy.moml.MoMLSimpleApplication@484b5ada
reloadAllAccessors: .LevelCrossing4

===========================================================================================
----------------- testing Sat Oct 03 15:41:04 UTC 2020 /home/travis/build/icyphy/ptII/ptolemy/domains/continuous/test/auto/LevelCrossing5.xml
----------------- Instantiating /home/travis/build/icyphy/ptII/ptolemy/domains/continuous/test/auto/LevelCrossing5.xml
4 ms. Memory: 346112K Free: 320273K (93%)
----------------- Invoking toplevel() on ptolemy.moml.MoMLSimpleApplication@40185469
----------------- Done invoking toplevel() on ptolemy.moml.MoMLSimpleApplication@40185469
reloadAllAccessors: .LevelCrossing5

===========================================================================================
[...]
reloadAllAccessors: .ResetTransitionWithStartTime6

===========================================================================================
----------------- testing Sat Oct 03 15:41:20 UTC 2020 /home/travis/build/icyphy/ptII/ptolemy/domains/continuous/test/auto/SRinContinuous.xml
----------------- Instantiating /home/travis/build/icyphy/ptII/ptolemy/domains/continuous/test/auto/SRinContinuous.xml
6 ms. Memory: 346112K Free: 292077K (84%)
----------------- Invoking toplevel() on ptolemy.moml.MoMLSimpleApplication@5044de29
----------------- Done invoking toplevel() on ptolemy.moml.MoMLSimpleApplication@5044de29
reloadAllAccessors: .SRinContinuous

===========================================================================================
----------------- testing Sat Oct 03 15:41:20 UTC 2020 /home/travis/build/icyphy/ptII/ptolemy/domains/continuous/test/auto/SampledClocks.xml
----------------- Instantiating /home/travis/build/icyphy/ptII/ptolemy/domains/continuous/test/auto/SampledClocks.xml
7 ms. Memory: 346112K Free: 279279K (81%)
----------------- Invoking toplevel() on ptolemy.moml.MoMLSimpleApplication@f6fe0b4
----------------- Done invoking toplevel() on ptolemy.moml.MoMLSimpleApplication@f6fe0b4
reloadAllAccessors: .SampledClocks

===========================================================================================
----------------- testing Sat Oct 03 15:41:20 UTC 2020 /home/travis/build/icyphy/ptII/ptolemy/domains/continuous/test/auto/Satellite.xml
----------------- Instantiating /home/travis/build/icyphy/ptII/ptolemy/domains/continuous/test/auto/Satellite.xml
885 ms. Memory: 346112K Free: 290342K (84%)
----------------- Invoking toplevel() on ptolemy.moml.MoMLSimpleApplication@42e3889d
----------------- Done invoking toplevel() on ptolemy.moml.MoMLSimpleApplication@42e3889d
reloadAllAccessors: .Satellite

===========================================================================================
----------------- testing Sat Oct 03 15:41:21 UTC 2020 /home/travis/build/icyphy/ptII/ptolemy/domains/continuous/test/auto/SigmaDelta.xml
----------------- Instantiating /home/travis/build/icyphy/ptII/ptolemy/domains/continuous/test/auto/SigmaDelta.xml
2117 ms. Memory: 346112K Free: 230475K (67%)
----------------- Invoking toplevel() on ptolemy.moml.MoMLSimpleApplication@18511
----------------- Done invoking toplevel() on ptolemy.moml.MoMLSimpleApplication@18511
reloadAllAccessors: .SigmaDelta

===========================================================================================
----------------- testing Sat Oct 03 15:41:23 UTC 2020 /home/travis/build/icyphy/ptII/ptolemy/domains/continuous/test/auto/SingleRefinement.xml
----------------- Instantiating /home/travis/build/icyphy/ptII/ptolemy/domains/continuous/test/auto/SingleRefinement.xml
319 ms. Memory: 346112K Free: 253613K (73%)
----------------- Invoking toplevel() on ptolemy.moml.MoMLSimpleApplication@3ed02a65
----------------- Done invoking toplevel() on ptolemy.moml.MoMLSimpleApplication@3ed02a65
reloadAllAccessors: .SingleRefinement

===========================================================================================
----------------- testing Sat Oct 03 15:41:24 UTC 2020 /home/travis/build/icyphy/ptII/ptolemy/domains/continuous/test/auto/SinuBouncingBall.xml
----------------- Instantiating /home/travis/build/icyphy/ptII/ptolemy/domains/continuous/test/auto/SinuBouncingBall.xml
740 ms. Memory: 346112K Free: 246295K (71%)
----------------- Invoking toplevel() on ptolemy.moml.MoMLSimpleApplication@4e5a7d94
----------------- Done invoking toplevel() on ptolemy.moml.MoMLSimpleApplication@4e5a7d94
reloadAllAccessors: .SinuBouncingBall

===========================================================================================
----------------- testing Sat Oct 03 15:41:25 UTC 2020 /home/travis/build/icyphy/ptII/ptolemy/domains/continuous/test/auto/Sinusoid.xml
----------------- Instantiating /home/travis/build/icyphy/ptII/ptolemy/domains/continuous/test/auto/Sinusoid.xml
4 ms. Memory: 346112K Free: 241671K (70%)
----------------- Invoking toplevel() on ptolemy.moml.MoMLSimpleApplication@31aa656c
----------------- Done invoking toplevel() on ptolemy.moml.MoMLSimpleApplication@31aa656c
reloadAllAccessors: .Sinusoid

===========================================================================================
----------------- testing Sat Oct 03 15:41:25 UTC 2020 /home/travis/build/icyphy/ptII/ptolemy/domains/continuous/test/auto/SinusoidInNoise.xml
----------------- Instantiating /home/travis/build/icyphy/ptII/ptolemy/domains/continuous/test/auto/SinusoidInNoise.xml
811 ms. Memory: 346112K Free: 308764K (89%)
----------------- Invoking toplevel() on ptolemy.moml.MoMLSimpleApplication@30e8826
----------------- Done invoking toplevel() on ptolemy.moml.MoMLSimpleApplication@30e8826
reloadAllAccessors: .SinusoidInNoise

===========================================================================================
----------------- testing Sat Oct 03 15:41:25 UTC 2020 /home/travis/build/icyphy/ptII/ptolemy/domains/continuous/test/auto/SinusoidRK45.xml
----------------- Instantiating /home/travis/build/icyphy/ptII/ptolemy/domains/continuous/test/auto/SinusoidRK45.xml
3 ms. Memory: 346112K Free: 304158K (88%)
----------------- Invoking toplevel() on ptolemy.moml.MoMLSimpleApplication@59e1472e
----------------- Done invoking toplevel() on ptolemy.moml.MoMLSimpleApplication@59e1472e
reloadAllAccessors: .SinusoidRK45

===========================================================================================
----------------- testing Sat Oct 03 15:41:25 UTC 2020 /home/travis/build/icyphy/ptII/ptolemy/domains/continuous/test/auto/SinusoidWithMultipleImpulses.xml
----------------- Instantiating /home/travis/build/icyphy/ptII/ptolemy/domains/continuous/test/auto/SinusoidWithMultipleImpulses.xml
3 ms. Memory: 346112K Free: 299548K (87%)
----------------- Invoking toplevel() on ptolemy.moml.MoMLSimpleApplication@3da48cfd
----------------- Done invoking toplevel() on ptolemy.moml.MoMLSimpleApplication@3da48cfd
reloadAllAccessors: .SinusoidWithMultipleImpulses

===========================================================================================
----------------- testing Sat Oct 03 15:41:25 UTC 2020 /home/travis/build/icyphy/ptII/ptolemy/domains/continuous/test/auto/SquareWave.xml
----------------- Instantiating /home/travis/build/icyphy/ptII/ptolemy/domains/continuous/test/auto/SquareWave.xml
125 ms. Memory: 346112K Free: 272924K (79%)
----------------- Invoking toplevel() on ptolemy.moml.MoMLSimpleApplication@20e49fb0
----------------- Done invoking toplevel() on ptolemy.moml.MoMLSimpleApplication@20e49fb0
reloadAllAccessors: .SquareWave

===========================================================================================
----------------- testing Sat Oct 03 15:41:26 UTC 2020 /home/travis/build/icyphy/ptII/ptolemy/domains/continuous/test/auto/Starmac.xml
----------------- Instantiating /home/travis/build/icyphy/ptII/ptolemy/domains/continuous/test/auto/Starmac.xml
3072 ms. Memory: 346112K Free: 155376K (45%)
----------------- Invoking toplevel() on ptolemy.moml.MoMLSimpleApplication@4434e25e
----------------- Done invoking toplevel() on ptolemy.moml.MoMLSimpleApplication@4434e25e
reloadAllAccessors: .Starmac

===========================================================================================
----------------- testing Sat Oct 03 15:41:29 UTC 2020 /home/travis/build/icyphy/ptII/ptolemy/domains/continuous/test/auto/StaticUnits.xml
----------------- Instantiating /home/travis/build/icyphy/ptII/ptolemy/domains/continuous/test/auto/StaticUnits.xml
1812 ms. Memory: 346112K Free: 284827K (82%)
----------------- Invoking toplevel() on ptolemy.moml.MoMLSimpleApplication@4c1adf70
----------------- Done invoking toplevel() on ptolemy.moml.MoMLSimpleApplication@4c1adf70
reloadAllAccessors: .StaticUnits

===========================================================================================
----------------- testing Sat Oct 03 15:41:32 UTC 2020 /home/travis/build/icyphy/ptII/ptolemy/domains/continuous/test/auto/StickyMasses.xml
----------------- Instantiating /home/travis/build/icyphy/ptII/ptolemy/domains/continuous/test/auto/StickyMasses.xml
138 ms. Memory: 346112K Free: 235660K (68%)
----------------- Invoking toplevel() on ptolemy.moml.MoMLSimpleApplication@69ed5c6c
----------------- Done invoking toplevel() on ptolemy.moml.MoMLSimpleApplication@69ed5c6c
reloadAllAccessors: .StickyMasses

===========================================================================================
----------------- testing Sat Oct 03 15:41:32 UTC 2020 /home/travis/build/icyphy/ptII/ptolemy/domains/continuous/test/auto/StopTime.xml
----------------- Instantiating /home/travis/build/icyphy/ptII/ptolemy/domains/continuous/test/auto/StopTime.xml
40 ms. Memory: 346112K Free: 210589K (61%)
----------------- Invoking toplevel() on ptolemy.moml.MoMLSimpleApplication@82f7ba3
----------------- Done invoking toplevel() on ptolemy.moml.MoMLSimpleApplication@82f7ba3
reloadAllAccessors: .StopTime

===========================================================================================
----------------- testing Sat Oct 03 15:41:32 UTC 2020 /home/travis/build/icyphy/ptII/ptolemy/domains/continuous/test/auto/StopTime2.xml
----------------- Instantiating /home/travis/build/icyphy/ptII/ptolemy/domains/continuous/test/auto/StopTime2.xml
30 ms. Memory: 346112K Free: 188556K (54%)
----------------- Invoking toplevel() on ptolemy.moml.MoMLSimpleApplication@4cf095a8
----------------- Done invoking toplevel() on ptolemy.moml.MoMLSimpleApplication@4cf095a8
reloadAllAccessors: .StopTime2

===========================================================================================
----------------- testing Sat Oct 03 15:41:32 UTC 2020 /home/travis/build/icyphy/ptII/ptolemy/domains/continuous/test/auto/Switch.xml
----------------- Instantiating /home/travis/build/icyphy/ptII/ptolemy/domains/continuous/test/auto/Switch.xml
35 ms. Memory: 346112K Free: 163980K (47%)
----------------- Invoking toplevel() on ptolemy.moml.MoMLSimpleApplication@1032a929
----------------- Done invoking toplevel() on ptolemy.moml.MoMLSimpleApplication@1032a929
reloadAllAccessors: .Switch

===========================================================================================
----------------- testing Sat Oct 03 15:41:32 UTC 2020 /home/travis/build/icyphy/ptII/ptolemy/domains/continuous/test/auto/Thermostat.xml
----------------- Instantiating /home/travis/build/icyphy/ptII/ptolemy/domains/continuous/test/auto/Thermostat.xml
176 ms. Memory: 346112K Free: 293457K (85%)
----------------- Invoking toplevel() on ptolemy.moml.MoMLSimpleApplication@10b2fa32
----------------- Done invoking toplevel() on ptolemy.moml.MoMLSimpleApplication@10b2fa32
reloadAllAccessors: .Thermostat

===========================================================================================
----------------- testing Sat Oct 03 15:41:32 UTC 2020 /home/travis/build/icyphy/ptII/ptolemy/domains/continuous/test/auto/TimeDelay.xml
----------------- Instantiating /home/travis/build/icyphy/ptII/ptolemy/domains/continuous/test/auto/TimeDelay.xml
4 ms. Memory: 346112K Free: 288337K (83%)
----------------- Invoking toplevel() on ptolemy.moml.MoMLSimpleApplication@156c3643
----------------- Done invoking toplevel() on ptolemy.moml.MoMLSimpleApplication@156c3643
reloadAllAccessors: .TimeDelay

===========================================================================================
----------------- testing Sat Oct 03 15:41:32 UTC 2020 /home/travis/build/icyphy/ptII/ptolemy/domains/continuous/test/auto/TimeDelay2.xml
----------------- Instantiating /home/travis/build/icyphy/ptII/ptolemy/domains/continuous/test/auto/TimeDelay2.xml
6 ms. Memory: 346112K Free: 278607K (80%)
----------------- Invoking toplevel() on ptolemy.moml.MoMLSimpleApplication@5ed6a598
----------------- Done invoking toplevel() on ptolemy.moml.MoMLSimpleApplication@5ed6a598
reloadAllAccessors: .TimeDelay2

===========================================================================================
----------------- testing Sat Oct 03 15:41:32 UTC 2020 /home/travis/build/icyphy/ptII/ptolemy/domains/continuous/test/auto/TimeDelay3.xml
----------------- Instantiating /home/travis/build/icyphy/ptII/ptolemy/domains/continuous/test/auto/TimeDelay3.xml
2 ms. Memory: 346112K Free: 274001K (79%)
----------------- Invoking toplevel() on ptolemy.moml.MoMLSimpleApplication@4c8b1669
----------------- Done invoking toplevel() on ptolemy.moml.MoMLSimpleApplication@4c8b1669
reloadAllAccessors: .TimeDelay3

===========================================================================================
----------------- testing Sat Oct 03 15:41:32 UTC 2020 /home/travis/build/icyphy/ptII/ptolemy/domains/continuous/test/auto/TransferAbsentToInside.xml
----------------- Instantiating /home/travis/build/icyphy/ptII/ptolemy/domains/continuous/test/auto/TransferAbsentToInside.xml
24 ms. Memory: 346112K Free: 221248K (64%)
----------------- Invoking toplevel() on ptolemy.moml.MoMLSimpleApplication@477be701
----------------- Done invoking toplevel() on ptolemy.moml.MoMLSimpleApplication@477be701
reloadAllAccessors: .TransferAbsentToInside

===========================================================================================
----------------- testing Sat Oct 03 15:41:32 UTC 2020 /home/travis/build/icyphy/ptII/ptolemy/domains/continuous/test/auto/Transmission.xml
----------------- Instantiating /home/travis/build/icyphy/ptII/ptolemy/domains/continuous/test/auto/Transmission.xml
737 ms. Memory: 346112K Free: 188969K (55%)
----------------- Invoking toplevel() on ptolemy.moml.MoMLSimpleApplication@70f011bc
----------------- Done invoking toplevel() on ptolemy.moml.MoMLSimpleApplication@70f011bc
reloadAllAccessors: .Transmission

===========================================================================================
----------------- testing Sat Oct 03 15:41:33 UTC 2020 /home/travis/build/icyphy/ptII/ptolemy/domains/continuous/test/auto/TriggeredContinuousClock.xml
----------------- Instantiating /home/travis/build/icyphy/ptII/ptolemy/domains/continuous/test/auto/TriggeredContinuousClock.xml
46 ms. Memory: 346112K Free: 159289K (46%)
----------------- Invoking toplevel() on ptolemy.moml.MoMLSimpleApplication@af9a635
----------------- Done invoking toplevel() on ptolemy.moml.MoMLSimpleApplication@af9a635
reloadAllAccessors: .TriggeredContinuousClock

===========================================================================================
----------------- testing Sat Oct 03 15:41:33 UTC 2020 /home/travis/build/icyphy/ptII/ptolemy/domains/continuous/test/auto/TwoMachineInfiniteBusControl.xml
----------------- Instantiating /home/travis/build/icyphy/ptII/ptolemy/domains/continuous/test/auto/TwoMachineInfiniteBusControl.xml
2522 ms. Memory: 346112K Free: 179238K (52%)
----------------- Invoking toplevel() on ptolemy.moml.MoMLSimpleApplication@52c0b809
----------------- Done invoking toplevel() on ptolemy.moml.MoMLSimpleApplication@52c0b809
reloadAllAccessors: .TwoMachineInfiniteBusControl

===========================================================================================
----------------- testing Sat Oct 03 15:41:36 UTC 2020 /home/travis/build/icyphy/ptII/ptolemy/domains/continuous/test/auto/V2V.xml
----------------- Instantiating /home/travis/build/icyphy/ptII/ptolemy/domains/continuous/test/auto/V2V.xml
626 ms. Memory: 346112K Free: 192024K (55%)
----------------- Invoking toplevel() on ptolemy.moml.MoMLSimpleApplication@527104c0
----------------- Done invoking toplevel() on ptolemy.moml.MoMLSimpleApplication@527104c0
reloadAllAccessors: .V2V

===========================================================================================
----------------- testing Sat Oct 03 15:41:36 UTC 2020 /home/travis/build/icyphy/ptII/ptolemy/domains/continuous/test/auto/hierarchicalModalModel.xml
----------------- Instantiating /home/travis/build/icyphy/ptII/ptolemy/domains/continuous/test/auto/hierarchicalModalModel.xml
8 ms. Memory: 346112K Free: 177688K (51%)
----------------- Invoking toplevel() on ptolemy.moml.MoMLSimpleApplication@7314d871
----------------- Done invoking toplevel() on ptolemy.moml.MoMLSimpleApplication@7314d871
reloadAllAccessors: .hierarchicalModalModel

===========================================================================================
----------------- testing Sat Oct 03 15:41:36 UTC 2020 /home/travis/build/icyphy/ptII/ptolemy/domains/continuous/test/auto/hierarchicalModalModel1.xml
----------------- Instantiating /home/travis/build/icyphy/ptII/ptolemy/domains/continuous/test/auto/hierarchicalModalModel1.xml
8 ms. Memory: 346112K Free: 163352K (47%)
----------------- Invoking toplevel() on ptolemy.moml.MoMLSimpleApplication@78d68dc9
----------------- Done invoking toplevel() on ptolemy.moml.MoMLSimpleApplication@78d68dc9
reloadAllAccessors: .hierarchicalModalModel1

===========================================================================================
----------------- testing Sat Oct 03 15:41:37 UTC 2020 /home/travis/build/icyphy/ptII/ptolemy/domains/continuous/test/auto/hierarchicalModalModel2.xml
----------------- Instantiating /home/travis/build/icyphy/ptII/ptolemy/domains/continuous/test/auto/hierarchicalModalModel2.xml
6 ms. Memory: 346112K Free: 151064K (44%)
----------------- Invoking toplevel() on ptolemy.moml.MoMLSimpleApplication@7d9299c7
----------------- Done invoking toplevel() on ptolemy.moml.MoMLSimpleApplication@7d9299c7
reloadAllAccessors: .hierarchicalModalModel2

===========================================================================================
----------------- testing Sat Oct 03 15:41:37 UTC 2020 /home/travis/build/icyphy/ptII/ptolemy/domains/continuous/test/auto/hierarchicalModalModel3.xml
----------------- Instantiating /home/travis/build/icyphy/ptII/ptolemy/domains/continuous/test/auto/hierarchicalModalModel3.xml
10 ms. Memory: 346112K Free: 140310K (41%)
----------------- Invoking toplevel() on ptolemy.moml.MoMLSimpleApplication@1bac6e9e
----------------- Done invoking toplevel() on ptolemy.moml.MoMLSimpleApplication@1bac6e9e
reloadAllAccessors: .hierarchicalModalModel3

===========================================================================================
----------------- testing Sat Oct 03 15:41:37 UTC 2020 /home/travis/build/icyphy/ptII/ptolemy/domains/continuous/test/auto/hierarchicalModalModel4.xml
----------------- Instantiating /home/travis/build/icyphy/ptII/ptolemy/domains/continuous/test/auto/hierarchicalModalModel4.xml
4 ms. Memory: 346112K Free: 128536K (37%)
----------------- Invoking toplevel() on ptolemy.moml.MoMLSimpleApplication@6aa6461
----------------- Done invoking toplevel() on ptolemy.moml.MoMLSimpleApplication@6aa6461
reloadAllAccessors: .hierarchicalModalModel4

===========================================================================================
----------------- testing Sat Oct 03 15:41:37 UTC 2020 /home/travis/build/icyphy/ptII/ptolemy/domains/continuous/test/auto/junk.xml
----------------- Instantiating /home/travis/build/icyphy/ptII/ptolemy/domains/continuous/test/auto/junk.xml
111 ms. Memory: 346112K Free: 303103K (88%)
----------------- Invoking toplevel() on ptolemy.moml.MoMLSimpleApplication@24b034bd
----------------- Done invoking toplevel() on ptolemy.moml.MoMLSimpleApplication@24b034bd
reloadAllAccessors: .junk
AutoTests.java: About to close Vertx.
AutoTests.java: Vertx closed.
]]></system-out>
  <system-err><![CDATA[Warning: '.HysteresisWithRandomDelay.NonStrictTest3' The test produced only 20 tokens, yet the correctValues parameter was expecting 30 tokens.
Warning: '.Poisson.NonStrictTest' The test produced only 429 tokens, yet the correctValues parameter was expecting 430 tokens.
]]></system-err>
</testsuite>
