<?xml version="1.0" encoding="UTF-8" ?>
<testsuite errors="0" failures="0" hostname="travis-job-38ea5fe3-ff45-42c9-9055-c869d02ab988" name="ptolemy.domains.continuous.test.junit.JUnitTclTest" skipped="0" tests="156" time="80.148" timestamp="2019-08-26T05:46:09">
  <properties>
[...]
</properties>
  <testcase classname="ptolemy.util.test.junit.TclTests" name="[0] ThereAreNoTclTests (RunTclFile)" time="0.008" />
  <testcase classname="ptolemy.util.test.junit.AutoKnownFailedTests" name="[0] ThereAreNoKnowFailedTests (RunModel)" time="0.005" />
  <testcase classname="ptolemy.util.test.junit.AutoNameArchTests" name="[0] ThereAreNoAutoArchTests (RunModel)" time="0.02" />
  <testcase classname="ptolemy.util.test.junit.AutoTests" name="[0] /home/travis/build/icyphy/ptII/ptolemy/domains/continuous/test/auto/BouncingBall.xml (RunModel)" time="3.376" />
  <testcase classname="ptolemy.util.test.junit.AutoTests" name="[1] /home/travis/build/icyphy/ptII/ptolemy/domains/continuous/test/auto/BouncingBallWithoutGR.xml (RunModel)" time="0.861" />
  <testcase classname="ptolemy.util.test.junit.AutoTests" name="[2] /home/travis/build/icyphy/ptII/ptolemy/domains/continuous/test/auto/Brownian.xml (RunModel)" time="0.134" />
  <testcase classname="ptolemy.util.test.junit.AutoTests" name="[3] /home/travis/build/icyphy/ptII/ptolemy/domains/continuous/test/auto/CarTracking.xml (RunModel)" time="4.283" />
  <testcase classname="ptolemy.util.test.junit.AutoTests" name="[4] /home/travis/build/icyphy/ptII/ptolemy/domains/continuous/test/auto/CartPendulum.xml (RunModel)" time="0.583" />
  <testcase classname="ptolemy.util.test.junit.AutoTests" name="[5] /home/travis/build/icyphy/ptII/ptolemy/domains/continuous/test/auto/CausalityInterface10.xml (RunModel)" time="0.059" />
  <testcase classname="ptolemy.util.test.junit.AutoTests" name="[6] /home/travis/build/icyphy/ptII/ptolemy/domains/continuous/test/auto/CausalityInterface11.xml (RunModel)" time="0.041" />
  <testcase classname="ptolemy.util.test.junit.AutoTests" name="[7] /home/travis/build/icyphy/ptII/ptolemy/domains/continuous/test/auto/CausalityInterface12.xml (RunModel)" time="0.062" />
  <testcase classname="ptolemy.util.test.junit.AutoTests" name="[8] /home/travis/build/icyphy/ptII/ptolemy/domains/continuous/test/auto/CausalityInterface13.xml (RunModel)" time="0.082" />
  <testcase classname="ptolemy.util.test.junit.AutoTests" name="[9] /home/travis/build/icyphy/ptII/ptolemy/domains/continuous/test/auto/CausalityInterface14.xml (RunModel)" time="0.032" />
  <testcase classname="ptolemy.util.test.junit.AutoTests" name="[10] /home/travis/build/icyphy/ptII/ptolemy/domains/continuous/test/auto/CausalityInterface4.xml (RunModel)" time="0.031" />
  <testcase classname="ptolemy.util.test.junit.AutoTests" name="[11] /home/travis/build/icyphy/ptII/ptolemy/domains/continuous/test/auto/CausalityInterface5.xml (RunModel)" time="0.051" />
  <testcase classname="ptolemy.util.test.junit.AutoTests" name="[12] /home/travis/build/icyphy/ptII/ptolemy/domains/continuous/test/auto/CausalityInterface6.xml (RunModel)" time="0.04" />
  <testcase classname="ptolemy.util.test.junit.AutoTests" name="[13] /home/travis/build/icyphy/ptII/ptolemy/domains/continuous/test/auto/CausalityInterface7.xml (RunModel)" time="0.046" />
  <testcase classname="ptolemy.util.test.junit.AutoTests" name="[14] /home/travis/build/icyphy/ptII/ptolemy/domains/continuous/test/auto/CausalityInterface8.xml (RunModel)" time="0.046" />
  <testcase classname="ptolemy.util.test.junit.AutoTests" name="[15] /home/travis/build/icyphy/ptII/ptolemy/domains/continuous/test/auto/CausalityInterface9.xml (RunModel)" time="0.055" />
  <testcase classname="ptolemy.util.test.junit.AutoTests" name="[16] /home/travis/build/icyphy/ptII/ptolemy/domains/continuous/test/auto/CausalityInterfaceFeedback1.xml (RunModel)" time="0.034" />
  <testcase classname="ptolemy.util.test.junit.AutoTests" name="[17] /home/travis/build/icyphy/ptII/ptolemy/domains/continuous/test/auto/CausalityInterfaceFeedback2.xml (RunModel)" time="0.04" />
  <testcase classname="ptolemy.util.test.junit.AutoTests" name="[18] /home/travis/build/icyphy/ptII/ptolemy/domains/continuous/test/auto/CompareWithCurrentTime.xml (RunModel)" time="0.029" />
  <testcase classname="ptolemy.util.test.junit.AutoTests" name="[19] /home/travis/build/icyphy/ptII/ptolemy/domains/continuous/test/auto/ComparedClocks.xml (RunModel)" time="0.074" />
  <testcase classname="ptolemy.util.test.junit.AutoTests" name="[20] /home/travis/build/icyphy/ptII/ptolemy/domains/continuous/test/auto/ContinuousAOCClone.xml (RunModel)" time="2.794" />
  <testcase classname="ptolemy.util.test.junit.AutoTests" name="[21] /home/travis/build/icyphy/ptII/ptolemy/domains/continuous/test/auto/ContinuousClock.xml (RunModel)" time="0.124" />
  <testcase classname="ptolemy.util.test.junit.AutoTests" name="[22] /home/travis/build/icyphy/ptII/ptolemy/domains/continuous/test/auto/ContinuousInContinuous.xml (RunModel)" time="0.089" />
  <testcase classname="ptolemy.util.test.junit.AutoTests" name="[23] /home/travis/build/icyphy/ptII/ptolemy/domains/continuous/test/auto/ContinuousInContinuousInContinuous.xml (RunModel)" time="0.025" />
  <testcase classname="ptolemy.util.test.junit.AutoTests" name="[24] /home/travis/build/icyphy/ptII/ptolemy/domains/continuous/test/auto/ContinuousInDE.xml (RunModel)" time="0.13" />
  <testcase classname="ptolemy.util.test.junit.AutoTests" name="[25] /home/travis/build/icyphy/ptII/ptolemy/domains/continuous/test/auto/ContinuousInDE2.xml (RunModel)" time="0.059" />
  <testcase classname="ptolemy.util.test.junit.AutoTests" name="[26] /home/travis/build/icyphy/ptII/ptolemy/domains/continuous/test/auto/ContinuousInDE3.xml (RunModel)" time="0.06" />
  <testcase classname="ptolemy.util.test.junit.AutoTests" name="[27] /home/travis/build/icyphy/ptII/ptolemy/domains/continuous/test/auto/ContinuousInDE4.xml (RunModel)" time="0.036" />
  <testcase classname="ptolemy.util.test.junit.AutoTests" name="[28] /home/travis/build/icyphy/ptII/ptolemy/domains/continuous/test/auto/ContinuousInDEDifferentRefinements.xml (RunModel)" time="0.113" />
  <testcase classname="ptolemy.util.test.junit.AutoTests" name="[29] /home/travis/build/icyphy/ptII/ptolemy/domains/continuous/test/auto/ContinuousInDEDifferentRefinementsPreemptive.xml (RunModel)" time="0.099" />
  <testcase classname="ptolemy.util.test.junit.AutoTests" name="[30] /home/travis/build/icyphy/ptII/ptolemy/domains/continuous/test/auto/ContinuousInDEInContinuous2.xml (RunModel)" time="0.063" />
  <testcase classname="ptolemy.util.test.junit.AutoTests" name="[31] /home/travis/build/icyphy/ptII/ptolemy/domains/continuous/test/auto/ContinuousInDEInContinuous3.xml (RunModel)" time="0.075" />
  <testcase classname="ptolemy.util.test.junit.AutoTests" name="[32] /home/travis/build/icyphy/ptII/ptolemy/domains/continuous/test/auto/ContinuousInDEInput.xml (RunModel)" time="0.041" />
  <testcase classname="ptolemy.util.test.junit.AutoTests" name="[33] /home/travis/build/icyphy/ptII/ptolemy/domains/continuous/test/auto/ContinuousInDEInput2.xml (RunModel)" time="0.043" />
  <testcase classname="ptolemy.util.test.junit.AutoTests" name="[34] /home/travis/build/icyphy/ptII/ptolemy/domains/continuous/test/auto/ContinuousInDEInput3.xml (RunModel)" time="0.035" />
  <testcase classname="ptolemy.util.test.junit.AutoTests" name="[35] /home/travis/build/icyphy/ptII/ptolemy/domains/continuous/test/auto/ContinuousInDESharingRefinement.xml (RunModel)" time="0.184" />
  <testcase classname="ptolemy.util.test.junit.AutoTests" name="[36] /home/travis/build/icyphy/ptII/ptolemy/domains/continuous/test/auto/ContinuousInDEwithNoPorts.xml (RunModel)" time="0.019" />
  <testcase classname="ptolemy.util.test.junit.AutoTests" name="[37] /home/travis/build/icyphy/ptII/ptolemy/domains/continuous/test/auto/ContinuousInsideDE.xml (RunModel)" time="0.101" />
  <testcase classname="ptolemy.util.test.junit.AutoTests" name="[38] /home/travis/build/icyphy/ptII/ptolemy/domains/continuous/test/auto/ContinuousMerge1.xml (RunModel)" time="0.016" />
  <testcase classname="ptolemy.util.test.junit.AutoTests" name="[39] /home/travis/build/icyphy/ptII/ptolemy/domains/continuous/test/auto/ContinuousMerge2.xml (RunModel)" time="0.049" />
  <testcase classname="ptolemy.util.test.junit.AutoTests" name="[40] /home/travis/build/icyphy/ptII/ptolemy/domains/continuous/test/auto/ContinuousMerge3.xml (RunModel)" time="0.075" />
  <testcase classname="ptolemy.util.test.junit.AutoTests" name="[41] /home/travis/build/icyphy/ptII/ptolemy/domains/continuous/test/auto/ContinuousWithinContinuous.xml (RunModel)" time="0.066" />
  <testcase classname="ptolemy.util.test.junit.AutoTests" name="[42] /home/travis/build/icyphy/ptII/ptolemy/domains/continuous/test/auto/ContinuousWithinContinuous2.xml (RunModel)" time="0.101" />
  <testcase classname="ptolemy.util.test.junit.AutoTests" name="[43] /home/travis/build/icyphy/ptII/ptolemy/domains/continuous/test/auto/ContinuousWithinContinuous3.xml (RunModel)" time="0.042" />
  <testcase classname="ptolemy.util.test.junit.AutoTests" name="[44] /home/travis/build/icyphy/ptII/ptolemy/domains/continuous/test/auto/ContinuousWithinContinuous4.xml (RunModel)" time="0.101" />
  <testcase classname="ptolemy.util.test.junit.AutoTests" name="[45] /home/travis/build/icyphy/ptII/ptolemy/domains/continuous/test/auto/ContinuousWithinContinuous5.xml (RunModel)" time="0.035" />
  <testcase classname="ptolemy.util.test.junit.AutoTests" name="[46] /home/travis/build/icyphy/ptII/ptolemy/domains/continuous/test/auto/ContinuousWithinContinuous6.xml (RunModel)" time="0.045" />
  <testcase classname="ptolemy.util.test.junit.AutoTests" name="[47] /home/travis/build/icyphy/ptII/ptolemy/domains/continuous/test/auto/ContinuousWithinContinuous7.xml (RunModel)" time="0.078" />
  <testcase classname="ptolemy.util.test.junit.AutoTests" name="[48] /home/travis/build/icyphy/ptII/ptolemy/domains/continuous/test/auto/DCMotor.xml (RunModel)" time="14.597" />
  <testcase classname="ptolemy.util.test.junit.AutoTests" name="[49] /home/travis/build/icyphy/ptII/ptolemy/domains/continuous/test/auto/DEInContinuous.xml (RunModel)" time="0.044" />
  <testcase classname="ptolemy.util.test.junit.AutoTests" name="[50] /home/travis/build/icyphy/ptII/ptolemy/domains/continuous/test/auto/DEinContinuous2.xml (RunModel)" time="0.038" />
  <testcase classname="ptolemy.util.test.junit.AutoTests" name="[51] /home/travis/build/icyphy/ptII/ptolemy/domains/continuous/test/auto/Derivative.xml (RunModel)" time="0.236" />
  <testcase classname="ptolemy.util.test.junit.AutoTests" name="[52] /home/travis/build/icyphy/ptII/ptolemy/domains/continuous/test/auto/Derivative1.xml (RunModel)" time="0.042" />
  <testcase classname="ptolemy.util.test.junit.AutoTests" name="[53] /home/travis/build/icyphy/ptII/ptolemy/domains/continuous/test/auto/DiscreteClock.xml (RunModel)" time="0.015" />
  <testcase classname="ptolemy.util.test.junit.AutoTests" name="[54] /home/travis/build/icyphy/ptII/ptolemy/domains/continuous/test/auto/EfficiencyCurve.xml (RunModel)" time="0.119" />
  <testcase classname="ptolemy.util.test.junit.AutoTests" name="[55] /home/travis/build/icyphy/ptII/ptolemy/domains/continuous/test/auto/ExponentialResponse.xml (RunModel)" time="0.156" />
  <testcase classname="ptolemy.util.test.junit.AutoTests" name="[56] /home/travis/build/icyphy/ptII/ptolemy/domains/continuous/test/auto/ExponentialResponseRK45.xml (RunModel)" time="0.043" />
  <testcase classname="ptolemy.util.test.junit.AutoTests" name="[57] /home/travis/build/icyphy/ptII/ptolemy/domains/continuous/test/auto/Friction.xml (RunModel)" time="1.792" />
  <testcase classname="ptolemy.util.test.junit.AutoTests" name="[58] /home/travis/build/icyphy/ptII/ptolemy/domains/continuous/test/auto/FurutaPendulum.xml (RunModel)" time="3.681" />
  <testcase classname="ptolemy.util.test.junit.AutoTests" name="[59] /home/travis/build/icyphy/ptII/ptolemy/domains/continuous/test/auto/HierarchicalExecution.xml (RunModel)" time="2.17" />
  <testcase classname="ptolemy.util.test.junit.AutoTests" name="[60] /home/travis/build/icyphy/ptII/ptolemy/domains/continuous/test/auto/HybridPlant.xml (RunModel)" time="0.604" />
  <testcase classname="ptolemy.util.test.junit.AutoTests" name="[61] /home/travis/build/icyphy/ptII/ptolemy/domains/continuous/test/auto/Hysteresis.xml (RunModel)" time="0.197" />
  <testcase classname="ptolemy.util.test.junit.AutoTests" name="[62] /home/travis/build/icyphy/ptII/ptolemy/domains/continuous/test/auto/HysteresisWithRandomDelay.xml (RunModel)" time="0.235" />
  <testcase classname="ptolemy.util.test.junit.AutoTests" name="[63] /home/travis/build/icyphy/ptII/ptolemy/domains/continuous/test/auto/HysteresisWithRandomLosses.xml (RunModel)" time="2.496" />
  <testcase classname="ptolemy.util.test.junit.AutoTests" name="[64] /home/travis/build/icyphy/ptII/ptolemy/domains/continuous/test/auto/ImmediateTransitions.xml (RunModel)" time="0.032" />
  <testcase classname="ptolemy.util.test.junit.AutoTests" name="[65] /home/travis/build/icyphy/ptII/ptolemy/domains/continuous/test/auto/ImpulseFeedback.xml (RunModel)" time="0.026" />
  <testcase classname="ptolemy.util.test.junit.AutoTests" name="[66] /home/travis/build/icyphy/ptII/ptolemy/domains/continuous/test/auto/ImpulseFeedback2.xml (RunModel)" time="0.016" />
  <testcase classname="ptolemy.util.test.junit.AutoTests" name="[67] /home/travis/build/icyphy/ptII/ptolemy/domains/continuous/test/auto/IncreasingRatePoisson.xml (RunModel)" time="0.777" />
  <testcase classname="ptolemy.util.test.junit.AutoTests" name="[68] /home/travis/build/icyphy/ptII/ptolemy/domains/continuous/test/auto/InitialStateFeedback.xml (RunModel)" time="0.018" />
  <testcase classname="ptolemy.util.test.junit.AutoTests" name="[69] /home/travis/build/icyphy/ptII/ptolemy/domains/continuous/test/auto/Integration.xml (RunModel)" time="0.01" />
  <testcase classname="ptolemy.util.test.junit.AutoTests" name="[70] /home/travis/build/icyphy/ptII/ptolemy/domains/continuous/test/auto/Integration2.xml (RunModel)" time="0.102" />
  <testcase classname="ptolemy.util.test.junit.AutoTests" name="[71] /home/travis/build/icyphy/ptII/ptolemy/domains/continuous/test/auto/Integration3.xml (RunModel)" time="0.012" />
  <testcase classname="ptolemy.util.test.junit.AutoTests" name="[72] /home/travis/build/icyphy/ptII/ptolemy/domains/continuous/test/auto/Integration5.xml (RunModel)" time="0.01" />
  <testcase classname="ptolemy.util.test.junit.AutoTests" name="[73] /home/travis/build/icyphy/ptII/ptolemy/domains/continuous/test/auto/IntegratorImpulse.xml (RunModel)" time="0.008" />
  <testcase classname="ptolemy.util.test.junit.AutoTests" name="[74] /home/travis/build/icyphy/ptII/ptolemy/domains/continuous/test/auto/IntegratorImpulse2.xml (RunModel)" time="0.014" />
  <testcase classname="ptolemy.util.test.junit.AutoTests" name="[75] /home/travis/build/icyphy/ptII/ptolemy/domains/continuous/test/auto/LevelCrossing1.xml (RunModel)" time="0.013" />
  <testcase classname="ptolemy.util.test.junit.AutoTests" name="[76] /home/travis/build/icyphy/ptII/ptolemy/domains/continuous/test/auto/LevelCrossing2.xml (RunModel)" time="0.015" />
  <testcase classname="ptolemy.util.test.junit.AutoTests" name="[77] /home/travis/build/icyphy/ptII/ptolemy/domains/continuous/test/auto/LevelCrossing3.xml (RunModel)" time="0.011" />
  <testcase classname="ptolemy.util.test.junit.AutoTests" name="[78] /home/travis/build/icyphy/ptII/ptolemy/domains/continuous/test/auto/LevelCrossing4.xml (RunModel)" time="0.016" />
  <testcase classname="ptolemy.util.test.junit.AutoTests" name="[79] /home/travis/build/icyphy/ptII/ptolemy/domains/continuous/test/auto/LevelCrossing5.xml (RunModel)" time="0.014" />
  <testcase classname="ptolemy.util.test.junit.AutoTests" name="[80] /home/travis/build/icyphy/ptII/ptolemy/domains/continuous/test/auto/LevelCrossing6.xml (RunModel)" time="0.013" />
  <testcase classname="ptolemy.util.test.junit.AutoTests" name="[81] /home/travis/build/icyphy/ptII/ptolemy/domains/continuous/test/auto/LevelCrossingDetector.xml (RunModel)" time="0.041" />
  <testcase classname="ptolemy.util.test.junit.AutoTests" name="[82] /home/travis/build/icyphy/ptII/ptolemy/domains/continuous/test/auto/LevelCrossingDetectorDetectingDirections.xml (RunModel)" time="0.085" />
  <testcase classname="ptolemy.util.test.junit.AutoTests" name="[83] /home/travis/build/icyphy/ptII/ptolemy/domains/continuous/test/auto/LevelCrossingDetectorDetectsGlitches.xml (RunModel)" time="0.073" />
  <testcase classname="ptolemy.util.test.junit.AutoTests" name="[84] /home/travis/build/icyphy/ptII/ptolemy/domains/continuous/test/auto/LevelCrossingNoInitialOuput.xml (RunModel)" time="0.016" />
  <testcase classname="ptolemy.util.test.junit.AutoTests" name="[85] /home/travis/build/icyphy/ptII/ptolemy/domains/continuous/test/auto/LinearStateSpaceExample.xml (RunModel)" time="0.062" />
  <testcase classname="ptolemy.util.test.junit.AutoTests" name="[86] /home/travis/build/icyphy/ptII/ptolemy/domains/continuous/test/auto/Lorenz.xml (RunModel)" time="4.174" />
  <testcase classname="ptolemy.util.test.junit.AutoTests" name="[87] /home/travis/build/icyphy/ptII/ptolemy/domains/continuous/test/auto/LorenzDifferentialSystem.xml (RunModel)" time="1.185" />
  <testcase classname="ptolemy.util.test.junit.AutoTests" name="[88] /home/travis/build/icyphy/ptII/ptolemy/domains/continuous/test/auto/LorenzDifferentialSystemWithInput.xml (RunModel)" time="1.376" />
  <testcase classname="ptolemy.util.test.junit.AutoTests" name="[89] /home/travis/build/icyphy/ptII/ptolemy/domains/continuous/test/auto/LorenzDifferentialSystemWithTime.xml (RunModel)" time="0.767" />
  <testcase classname="ptolemy.util.test.junit.AutoTests" name="[90] /home/travis/build/icyphy/ptII/ptolemy/domains/continuous/test/auto/Microsteps.xml (RunModel)" time="0.035" />
  <testcase classname="ptolemy.util.test.junit.AutoTests" name="[91] /home/travis/build/icyphy/ptII/ptolemy/domains/continuous/test/auto/Modal1.xml (RunModel)" time="0.056" />
  <testcase classname="ptolemy.util.test.junit.AutoTests" name="[92] /home/travis/build/icyphy/ptII/ptolemy/domains/continuous/test/auto/Modal2.xml (RunModel)" time="0.054" />
  <testcase classname="ptolemy.util.test.junit.AutoTests" name="[93] /home/travis/build/icyphy/ptII/ptolemy/domains/continuous/test/auto/ModalTransitionGuardWithReset.xml (RunModel)" time="0.029" />
  <testcase classname="ptolemy.util.test.junit.AutoTests" name="[94] /home/travis/build/icyphy/ptII/ptolemy/domains/continuous/test/auto/ModalTransitionGuardWithResetUsingPreemptiveTransition.xml (RunModel)" time="0.028" />
  <testcase classname="ptolemy.util.test.junit.AutoTests" name="[95] /home/travis/build/icyphy/ptII/ptolemy/domains/continuous/test/auto/ModalTransitionGuardWithResetUsingPreemptiveTransition2.xml (RunModel)" time="0.041" />
  <testcase classname="ptolemy.util.test.junit.AutoTests" name="[96] /home/travis/build/icyphy/ptII/ptolemy/domains/continuous/test/auto/ModalTransitionGuardWithResetUsingPreemptiveTransition3.xml (RunModel)" time="0.025" />
  <testcase classname="ptolemy.util.test.junit.AutoTests" name="[97] /home/travis/build/icyphy/ptII/ptolemy/domains/continuous/test/auto/NewtonsCradle.xml (RunModel)" time="0.796" />
  <testcase classname="ptolemy.util.test.junit.AutoTests" name="[98] /home/travis/build/icyphy/ptII/ptolemy/domains/continuous/test/auto/NewtonsCradleAnimated.xml (RunModel)" time="1.353" />
  <testcase classname="ptolemy.util.test.junit.AutoTests" name="[99] /home/travis/build/icyphy/ptII/ptolemy/domains/continuous/test/auto/NewtonsCradleComplicated.xml (RunModel)" time="0.957" />
  <testcase classname="ptolemy.util.test.junit.AutoTests" name="[100] /home/travis/build/icyphy/ptII/ptolemy/domains/continuous/test/auto/NewtonsCradleNondeterministic.xml (RunModel)" time="0.743" />
  <testcase classname="ptolemy.util.test.junit.AutoTests" name="[101] /home/travis/build/icyphy/ptII/ptolemy/domains/continuous/test/auto/NewtonsCradlePerfectlyInelastic1.xml (RunModel)" time="1.483" />
  <testcase classname="ptolemy.util.test.junit.AutoTests" name="[102] /home/travis/build/icyphy/ptII/ptolemy/domains/continuous/test/auto/Noise.xml (RunModel)" time="0.184" />
  <testcase classname="ptolemy.util.test.junit.AutoTests" name="[103] /home/travis/build/icyphy/ptII/ptolemy/domains/continuous/test/auto/NoiseSpectrum.xml (RunModel)" time="0.793" />
  <testcase classname="ptolemy.util.test.junit.AutoTests" name="[104] /home/travis/build/icyphy/ptII/ptolemy/domains/continuous/test/auto/ParameterizedNewtonsCradleAnimated.xml (RunModel)" time="0.418" />
  <testcase classname="ptolemy.util.test.junit.AutoTests" name="[105] /home/travis/build/icyphy/ptII/ptolemy/domains/continuous/test/auto/ParameterizedNewtonsCradleAnimatedNondeterministic.xml (RunModel)" time="1.251" />
  <testcase classname="ptolemy.util.test.junit.AutoTests" name="[106] /home/travis/build/icyphy/ptII/ptolemy/domains/continuous/test/auto/Pendulum3D.xml (RunModel)" time="0.186" />
  <testcase classname="ptolemy.util.test.junit.AutoTests" name="[107] /home/travis/build/icyphy/ptII/ptolemy/domains/continuous/test/auto/PeriodicSampler.xml (RunModel)" time="0.012" />
  <testcase classname="ptolemy.util.test.junit.AutoTests" name="[108] /home/travis/build/icyphy/ptII/ptolemy/domains/continuous/test/auto/PeriodicSampler1.xml (RunModel)" time="0.041" />
  <testcase classname="ptolemy.util.test.junit.AutoTests" name="[109] /home/travis/build/icyphy/ptII/ptolemy/domains/continuous/test/auto/PeriodicSampler2.xml (RunModel)" time="0.079" />
  <testcase classname="ptolemy.util.test.junit.AutoTests" name="[110] /home/travis/build/icyphy/ptII/ptolemy/domains/continuous/test/auto/Poisson.xml (RunModel)" time="0.491" />
  <testcase classname="ptolemy.util.test.junit.AutoTests" name="[111] /home/travis/build/icyphy/ptII/ptolemy/domains/continuous/test/auto/PoissonClock.xml (RunModel)" time="0.012" />
  <testcase classname="ptolemy.util.test.junit.AutoTests" name="[112] /home/travis/build/icyphy/ptII/ptolemy/domains/continuous/test/auto/PoissonClock2.xml (RunModel)" time="0.012" />
  <testcase classname="ptolemy.util.test.junit.AutoTests" name="[113] /home/travis/build/icyphy/ptII/ptolemy/domains/continuous/test/auto/PortParameterHierarchy.xml (RunModel)" time="0.026" />
  <testcase classname="ptolemy.util.test.junit.AutoTests" name="[114] /home/travis/build/icyphy/ptII/ptolemy/domains/continuous/test/auto/RandomHybridPlant.xml (RunModel)" time="0.558" />
  <testcase classname="ptolemy.util.test.junit.AutoTests" name="[115] /home/travis/build/icyphy/ptII/ptolemy/domains/continuous/test/auto/ResetTransitionWithStartTime1.xml (RunModel)" time="0.033" />
  <testcase classname="ptolemy.util.test.junit.AutoTests" name="[116] /home/travis/build/icyphy/ptII/ptolemy/domains/continuous/test/auto/ResetTransitionWithStartTime2.xml (RunModel)" time="0.037" />
  <testcase classname="ptolemy.util.test.junit.AutoTests" name="[117] /home/travis/build/icyphy/ptII/ptolemy/domains/continuous/test/auto/ResetTransitionWithStartTime3.xml (RunModel)" time="0.037" />
  <testcase classname="ptolemy.util.test.junit.AutoTests" name="[118] /home/travis/build/icyphy/ptII/ptolemy/domains/continuous/test/auto/ResetTransitionWithStartTime4.xml (RunModel)" time="0.032" />
  <testcase classname="ptolemy.util.test.junit.AutoTests" name="[119] /home/travis/build/icyphy/ptII/ptolemy/domains/continuous/test/auto/ResetTransitionWithStartTime5.xml (RunModel)" time="0.037" />
  <testcase classname="ptolemy.util.test.junit.AutoTests" name="[120] /home/travis/build/icyphy/ptII/ptolemy/domains/continuous/test/auto/ResetTransitionWithStartTime6.xml (RunModel)" time="0.024" />
  <testcase classname="ptolemy.util.test.junit.AutoTests" name="[121] /home/travis/build/icyphy/ptII/ptolemy/domains/continuous/test/auto/SRinContinuous.xml (RunModel)" time="0.023" />
  <testcase classname="ptolemy.util.test.junit.AutoTests" name="[122] /home/travis/build/icyphy/ptII/ptolemy/domains/continuous/test/auto/SampledClocks.xml (RunModel)" time="0.035" />
  <testcase classname="ptolemy.util.test.junit.AutoTests" name="[123] /home/travis/build/icyphy/ptII/ptolemy/domains/continuous/test/auto/Satellite.xml (RunModel)" time="0.811" />
  <testcase classname="ptolemy.util.test.junit.AutoTests" name="[124] /home/travis/build/icyphy/ptII/ptolemy/domains/continuous/test/auto/SigmaDelta.xml (RunModel)" time="2.488" />
  <testcase classname="ptolemy.util.test.junit.AutoTests" name="[125] /home/travis/build/icyphy/ptII/ptolemy/domains/continuous/test/auto/SingleRefinement.xml (RunModel)" time="0.471" />
  <testcase classname="ptolemy.util.test.junit.AutoTests" name="[126] /home/travis/build/icyphy/ptII/ptolemy/domains/continuous/test/auto/SinuBouncingBall.xml (RunModel)" time="0.888" />
  <testcase classname="ptolemy.util.test.junit.AutoTests" name="[127] /home/travis/build/icyphy/ptII/ptolemy/domains/continuous/test/auto/Sinusoid.xml (RunModel)" time="0.023" />
  <testcase classname="ptolemy.util.test.junit.AutoTests" name="[128] /home/travis/build/icyphy/ptII/ptolemy/domains/continuous/test/auto/SinusoidInNoise.xml (RunModel)" time="1.182" />
  <testcase classname="ptolemy.util.test.junit.AutoTests" name="[129] /home/travis/build/icyphy/ptII/ptolemy/domains/continuous/test/auto/SinusoidRK45.xml (RunModel)" time="0.017" />
  <testcase classname="ptolemy.util.test.junit.AutoTests" name="[130] /home/travis/build/icyphy/ptII/ptolemy/domains/continuous/test/auto/SinusoidWithMultipleImpulses.xml (RunModel)" time="0.012" />
  <testcase classname="ptolemy.util.test.junit.AutoTests" name="[131] /home/travis/build/icyphy/ptII/ptolemy/domains/continuous/test/auto/SquareWave.xml (RunModel)" time="0.213" />
  <testcase classname="ptolemy.util.test.junit.AutoTests" name="[132] /home/travis/build/icyphy/ptII/ptolemy/domains/continuous/test/auto/Starmac.xml (RunModel)" time="3.376" />
  <testcase classname="ptolemy.util.test.junit.AutoTests" name="[133] /home/travis/build/icyphy/ptII/ptolemy/domains/continuous/test/auto/StaticUnits.xml (RunModel)" time="3.059" />
  <testcase classname="ptolemy.util.test.junit.AutoTests" name="[134] /home/travis/build/icyphy/ptII/ptolemy/domains/continuous/test/auto/StickyMasses.xml (RunModel)" time="0.225" />
  <testcase classname="ptolemy.util.test.junit.AutoTests" name="[135] /home/travis/build/icyphy/ptII/ptolemy/domains/continuous/test/auto/StopTime.xml (RunModel)" time="0.063" />
  <testcase classname="ptolemy.util.test.junit.AutoTests" name="[136] /home/travis/build/icyphy/ptII/ptolemy/domains/continuous/test/auto/StopTime2.xml (RunModel)" time="0.058" />
  <testcase classname="ptolemy.util.test.junit.AutoTests" name="[137] /home/travis/build/icyphy/ptII/ptolemy/domains/continuous/test/auto/Switch.xml (RunModel)" time="0.065" />
  <testcase classname="ptolemy.util.test.junit.AutoTests" name="[138] /home/travis/build/icyphy/ptII/ptolemy/domains/continuous/test/auto/Thermostat.xml (RunModel)" time="0.228" />
  <testcase classname="ptolemy.util.test.junit.AutoTests" name="[139] /home/travis/build/icyphy/ptII/ptolemy/domains/continuous/test/auto/TimeDelay.xml (RunModel)" time="0.014" />
  <testcase classname="ptolemy.util.test.junit.AutoTests" name="[140] /home/travis/build/icyphy/ptII/ptolemy/domains/continuous/test/auto/TimeDelay2.xml (RunModel)" time="0.025" />
  <testcase classname="ptolemy.util.test.junit.AutoTests" name="[141] /home/travis/build/icyphy/ptII/ptolemy/domains/continuous/test/auto/TimeDelay3.xml (RunModel)" time="0.01" />
  <testcase classname="ptolemy.util.test.junit.AutoTests" name="[142] /home/travis/build/icyphy/ptII/ptolemy/domains/continuous/test/auto/TransferAbsentToInside.xml (RunModel)" time="0.121" />
  <testcase classname="ptolemy.util.test.junit.AutoTests" name="[143] /home/travis/build/icyphy/ptII/ptolemy/domains/continuous/test/auto/Transmission.xml (RunModel)" time="0.804" />
  <testcase classname="ptolemy.util.test.junit.AutoTests" name="[144] /home/travis/build/icyphy/ptII/ptolemy/domains/continuous/test/auto/TriggeredContinuousClock.xml (RunModel)" time="0.066" />
  <testcase classname="ptolemy.util.test.junit.AutoTests" name="[145] /home/travis/build/icyphy/ptII/ptolemy/domains/continuous/test/auto/TwoMachineInfiniteBusControl.xml (RunModel)" time="3.295" />
  <testcase classname="ptolemy.util.test.junit.AutoTests" name="[146] /home/travis/build/icyphy/ptII/ptolemy/domains/continuous/test/auto/V2V.xml (RunModel)" time="0.948" />
  <testcase classname="ptolemy.util.test.junit.AutoTests" name="[147] /home/travis/build/icyphy/ptII/ptolemy/domains/continuous/test/auto/hierarchicalModalModel.xml (RunModel)" time="0.034" />
  <testcase classname="ptolemy.util.test.junit.AutoTests" name="[148] /home/travis/build/icyphy/ptII/ptolemy/domains/continuous/test/auto/hierarchicalModalModel1.xml (RunModel)" time="0.033" />
  <testcase classname="ptolemy.util.test.junit.AutoTests" name="[149] /home/travis/build/icyphy/ptII/ptolemy/domains/continuous/test/auto/hierarchicalModalModel2.xml (RunModel)" time="0.028" />
  <testcase classname="ptolemy.util.test.junit.AutoTests" name="[150] /home/travis/build/icyphy/ptII/ptolemy/domains/continuous/test/auto/hierarchicalModalModel3.xml (RunModel)" time="0.044" />
  <testcase classname="ptolemy.util.test.junit.AutoTests" name="[151] /home/travis/build/icyphy/ptII/ptolemy/domains/continuous/test/auto/hierarchicalModalModel4.xml (RunModel)" time="0.035" />
  <testcase classname="ptolemy.util.test.junit.AutoTests" name="[152] /home/travis/build/icyphy/ptII/ptolemy/domains/continuous/test/auto/junk.xml (RunModel)" time="0.177" />
  <system-out><![CDATA[No tcl tests in /home/travis/build/icyphy/ptII/ptolemy/domains/continuous/test
No auto/knownFailedTests/*.xml tests in /home/travis/build/icyphy/ptII/ptolemy/domains/continuous/test
No auto/linux-amd64/*.xml tests in /home/travis/build/icyphy/ptII/ptolemy/domains/continuous/test
AutoTests.java: About to close Vertx.
AutoTests.java: Vertx closed.

===========================================================================================
----------------- testing Mon Aug 26 05:46:10 UTC 2019 /home/travis/build/icyphy/ptII/ptolemy/domains/continuous/test/auto/BouncingBall.xml
----------------- Instantiating /home/travis/build/icyphy/ptII/ptolemy/domains/continuous/test/auto/BouncingBall.xml
2652 ms. Memory: 120832K Free: 83455K (69%)
----------------- Invoking toplevel() on ptolemy.moml.MoMLSimpleApplication@3c2b036b
----------------- Done invoking toplevel() on ptolemy.moml.MoMLSimpleApplication@3c2b036b
reloadAllAccessors: .BouncingBall

===========================================================================================
----------------- testing Mon Aug 26 05:46:13 UTC 2019 /home/travis/build/icyphy/ptII/ptolemy/domains/continuous/test/auto/BouncingBallWithoutGR.xml
----------------- Instantiating /home/travis/build/icyphy/ptII/ptolemy/domains/continuous/test/auto/BouncingBallWithoutGR.xml
732 ms. Memory: 145408K Free: 66904K (46%)
----------------- Invoking toplevel() on ptolemy.moml.MoMLSimpleApplication@751199d6
----------------- Done invoking toplevel() on ptolemy.moml.MoMLSimpleApplication@751199d6
reloadAllAccessors: .BouncingBallWithoutGR

===========================================================================================
----------------- testing Mon Aug 26 05:46:14 UTC 2019 /home/travis/build/icyphy/ptII/ptolemy/domains/continuous/test/auto/Brownian.xml
----------------- Instantiating /home/travis/build/icyphy/ptII/ptolemy/domains/continuous/test/auto/Brownian.xml
49 ms. Memory: 145408K Free: 57688K (40%)
----------------- Invoking toplevel() on ptolemy.moml.MoMLSimpleApplication@73275a89
----------------- Done invoking toplevel() on ptolemy.moml.MoMLSimpleApplication@73275a89
reloadAllAccessors: .Brownian

===========================================================================================
----------------- testing Mon Aug 26 05:46:14 UTC 2019 /home/travis/build/icyphy/ptII/ptolemy/domains/continuous/test/auto/CarTracking.xml
----------------- Instantiating /home/travis/build/icyphy/ptII/ptolemy/domains/continuous/test/auto/CarTracking.xml
3859 ms. Memory: 219136K Free: 142832K (65%)
----------------- Invoking toplevel() on ptolemy.moml.MoMLSimpleApplication@238787d5
----------------- Done invoking toplevel() on ptolemy.moml.MoMLSimpleApplication@238787d5
reloadAllAccessors: .CarTracking

===========================================================================================
----------------- testing Mon Aug 26 05:46:19 UTC 2019 /home/travis/build/icyphy/ptII/ptolemy/domains/continuous/test/auto/CartPendulum.xml
----------------- Instantiating /home/travis/build/icyphy/ptII/ptolemy/domains/continuous/test/auto/CartPendulum.xml
446 ms. Memory: 219136K Free: 177864K (81%)
----------------- Invoking toplevel() on ptolemy.moml.MoMLSimpleApplication@33d22c5
----------------- Done invoking toplevel() on ptolemy.moml.MoMLSimpleApplication@33d22c5
reloadAllAccessors: .CartPendulum

===========================================================================================
----------------- testing Mon Aug 26 05:46:19 UTC 2019 /home/travis/build/icyphy/ptII/ptolemy/domains/continuous/test/auto/CausalityInterface10.xml
----------------- Instantiating /home/travis/build/icyphy/ptII/ptolemy/domains/continuous/test/auto/CausalityInterface10.xml
7 ms. Memory: 219136K Free: 167114K (76%)
----------------- Invoking toplevel() on ptolemy.moml.MoMLSimpleApplication@3720091c
----------------- Done invoking toplevel() on ptolemy.moml.MoMLSimpleApplication@3720091c
reloadAllAccessors: .CausalityInterface10

===========================================================================================
----------------- testing Mon Aug 26 05:46:19 UTC 2019 /home/travis/build/icyphy/ptII/ptolemy/domains/continuous/test/auto/CausalityInterface11.xml
----------------- Instantiating /home/travis/build/icyphy/ptII/ptolemy/domains/continuous/test/auto/CausalityInterface11.xml
10 ms. Memory: 219136K Free: 160970K (73%)
----------------- Invoking toplevel() on ptolemy.moml.MoMLSimpleApplication@1175c4fb
----------------- Done invoking toplevel() on ptolemy.moml.MoMLSimpleApplication@1175c4fb
reloadAllAccessors: .CausalityInterface11

===========================================================================================
----------------- testing Mon Aug 26 05:46:19 UTC 2019 /home/travis/build/icyphy/ptII/ptolemy/domains/continuous/test/auto/CausalityInterface12.xml
----------------- Instantiating /home/travis/build/icyphy/ptII/ptolemy/domains/continuous/test/auto/CausalityInterface12.xml
18 ms. Memory: 219136K Free: 154826K (71%)
----------------- Invoking toplevel() on ptolemy.moml.MoMLSimpleApplication@7237bd6d
----------------- Done invoking toplevel() on ptolemy.moml.MoMLSimpleApplication@7237bd6d
reloadAllAccessors: .CausalityInterface12

===========================================================================================
----------------- testing Mon Aug 26 05:46:20 UTC 2019 /home/travis/build/icyphy/ptII/ptolemy/domains/continuous/test/auto/CausalityInterface13.xml
----------------- Instantiating /home/travis/build/icyphy/ptII/ptolemy/domains/continuous/test/auto/CausalityInterface13.xml
4 ms. Memory: 219136K Free: 148682K (68%)
----------------- Invoking toplevel() on ptolemy.moml.MoMLSimpleApplication@441535e5
----------------- Done invoking toplevel() on ptolemy.moml.MoMLSimpleApplication@441535e5
reloadAllAccessors: .CausalityInterface13

===========================================================================================
----------------- testing Mon Aug 26 05:46:20 UTC 2019 /home/travis/build/icyphy/ptII/ptolemy/domains/continuous/test/auto/CausalityInterface14.xml
----------------- Instantiating /home/travis/build/icyphy/ptII/ptolemy/domains/continuous/test/auto/CausalityInterface14.xml
5 ms. Memory: 219136K Free: 143034K (65%)
----------------- Invoking toplevel() on ptolemy.moml.MoMLSimpleApplication@45a6bc43
----------------- Done invoking toplevel() on ptolemy.moml.MoMLSimpleApplication@45a6bc43
reloadAllAccessors: .CausalityInterface14

===========================================================================================
----------------- testing Mon Aug 26 05:46:20 UTC 2019 /home/travis/build/icyphy/ptII/ptolemy/domains/continuous/test/auto/CausalityInterface4.xml
----------------- Instantiating /home/travis/build/icyphy/ptII/ptolemy/domains/continuous/test/auto/CausalityInterface4.xml
4 ms. Memory: 219136K Free: 135866K (62%)
----------------- Invoking toplevel() on ptolemy.moml.MoMLSimpleApplication@2da8cc60
----------------- Done invoking toplevel() on ptolemy.moml.MoMLSimpleApplication@2da8cc60
reloadAllAccessors: .CausalityInterface4

===========================================================================================
----------------- testing Mon Aug 26 05:46:20 UTC 2019 /home/travis/build/icyphy/ptII/ptolemy/domains/continuous/test/auto/CausalityInterface5.xml
----------------- Instantiating /home/travis/build/icyphy/ptII/ptolemy/domains/continuous/test/auto/CausalityInterface5.xml
10 ms. Memory: 219136K Free: 127688K (58%)
----------------- Invoking toplevel() on ptolemy.moml.MoMLSimpleApplication@34d0e7a
----------------- Done invoking toplevel() on ptolemy.moml.MoMLSimpleApplication@34d0e7a
reloadAllAccessors: .CausalityInterface5

===========================================================================================
----------------- testing Mon Aug 26 05:46:20 UTC 2019 /home/travis/build/icyphy/ptII/ptolemy/domains/continuous/test/auto/CausalityInterface6.xml
----------------- Instantiating /home/travis/build/icyphy/ptII/ptolemy/domains/continuous/test/auto/CausalityInterface6.xml
11 ms. Memory: 219136K Free: 122554K (56%)
----------------- Invoking toplevel() on ptolemy.moml.MoMLSimpleApplication@484c7282
----------------- Done invoking toplevel() on ptolemy.moml.MoMLSimpleApplication@484c7282
reloadAllAccessors: .CausalityInterface6

===========================================================================================
----------------- testing Mon Aug 26 05:46:20 UTC 2019 /home/travis/build/icyphy/ptII/ptolemy/domains/continuous/test/auto/CausalityInterface7.xml
----------------- Instantiating /home/travis/build/icyphy/ptII/ptolemy/domains/continuous/test/auto/CausalityInterface7.xml
12 ms. Memory: 219136K Free: 113866K (52%)
----------------- Invoking toplevel() on ptolemy.moml.MoMLSimpleApplication@185098f
----------------- Done invoking toplevel() on ptolemy.moml.MoMLSimpleApplication@185098f
reloadAllAccessors: .CausalityInterface7

===========================================================================================
----------------- testing Mon Aug 26 05:46:20 UTC 2019 /home/travis/build/icyphy/ptII/ptolemy/domains/continuous/test/auto/CausalityInterface8.xml
----------------- Instantiating /home/travis/build/icyphy/ptII/ptolemy/domains/continuous/test/auto/CausalityInterface8.xml
8 ms. Memory: 219136K Free: 104650K (48%)
----------------- Invoking toplevel() on ptolemy.moml.MoMLSimpleApplication@6ff6190c
----------------- Done invoking toplevel() on ptolemy.moml.MoMLSimpleApplication@6ff6190c
reloadAllAccessors: .CausalityInterface8

===========================================================================================
----------------- testing Mon Aug 26 05:46:20 UTC 2019 /home/travis/build/icyphy/ptII/ptolemy/domains/continuous/test/auto/CausalityInterface9.xml
----------------- Instantiating /home/travis/build/icyphy/ptII/ptolemy/domains/continuous/test/auto/CausalityInterface9.xml
11 ms. Memory: 219136K Free: 93896K (43%)
----------------- Invoking toplevel() on ptolemy.moml.MoMLSimpleApplication@30becbd1
----------------- Done invoking toplevel() on ptolemy.moml.MoMLSimpleApplication@30becbd1
reloadAllAccessors: .CausalityInterface9

===========================================================================================
----------------- testing Mon Aug 26 05:46:20 UTC 2019 /home/travis/build/icyphy/ptII/ptolemy/domains/continuous/test/auto/CausalityInterfaceFeedback1.xml
----------------- Instantiating /home/travis/build/icyphy/ptII/ptolemy/domains/continuous/test/auto/CausalityInterfaceFeedback1.xml
6 ms. Memory: 219136K Free: 87242K (40%)
----------------- Invoking toplevel() on ptolemy.moml.MoMLSimpleApplication@15e93120
----------------- Done invoking toplevel() on ptolemy.moml.MoMLSimpleApplication@15e93120
reloadAllAccessors: .CausalityInterfaceFeedback1

===========================================================================================
----------------- testing Mon Aug 26 05:46:20 UTC 2019 /home/travis/build/icyphy/ptII/ptolemy/domains/continuous/test/auto/CausalityInterfaceFeedback2.xml
----------------- Instantiating /home/travis/build/icyphy/ptII/ptolemy/domains/continuous/test/auto/CausalityInterfaceFeedback2.xml
7 ms. Memory: 219136K Free: 80570K (37%)
----------------- Invoking toplevel() on ptolemy.moml.MoMLSimpleApplication@485dccc
----------------- Done invoking toplevel() on ptolemy.moml.MoMLSimpleApplication@485dccc
reloadAllAccessors: .CausalityInterfaceFeedback2

===========================================================================================
----------------- testing Mon Aug 26 05:46:20 UTC 2019 /home/travis/build/icyphy/ptII/ptolemy/domains/continuous/test/auto/CompareWithCurrentTime.xml
----------------- Instantiating /home/travis/build/icyphy/ptII/ptolemy/domains/continuous/test/auto/CompareWithCurrentTime.xml
3 ms. Memory: 219136K Free: 76488K (35%)
----------------- Invoking toplevel() on ptolemy.moml.MoMLSimpleApplication@3a8c727
----------------- Done invoking toplevel() on ptolemy.moml.MoMLSimpleApplication@3a8c727
reloadAllAccessors: .CompareWithCurrentTime

===========================================================================================
----------------- testing Mon Aug 26 05:46:20 UTC 2019 /home/travis/build/icyphy/ptII/ptolemy/domains/continuous/test/auto/ComparedClocks.xml
----------------- Instantiating /home/travis/build/icyphy/ptII/ptolemy/domains/continuous/test/auto/ComparedClocks.xml
7 ms. Memory: 219136K Free: 190869K (87%)
----------------- Invoking toplevel() on ptolemy.moml.MoMLSimpleApplication@10188045
----------------- Done invoking toplevel() on ptolemy.moml.MoMLSimpleApplication@10188045
reloadAllAccessors: .ComparedClocks

===========================================================================================
----------------- testing Mon Aug 26 05:46:20 UTC 2019 /home/travis/build/icyphy/ptII/ptolemy/domains/continuous/test/auto/ContinuousAOCClone.xml
----------------- Instantiating /home/travis/build/icyphy/ptII/ptolemy/domains/continuous/test/auto/ContinuousAOCClone.xml
2591 ms. Memory: 263168K Free: 227623K (86%)
----------------- Invoking toplevel() on ptolemy.moml.MoMLSimpleApplication@3a05e99e
----------------- Done invoking toplevel() on ptolemy.moml.MoMLSimpleApplication@3a05e99e
reloadAllAccessors: .ContinuousAOCClone

===========================================================================================
----------------- testing Mon Aug 26 05:46:23 UTC 2019 /home/travis/build/icyphy/ptII/ptolemy/domains/continuous/test/auto/ContinuousClock.xml
----------------- Instantiating /home/travis/build/icyphy/ptII/ptolemy/domains/continuous/test/auto/ContinuousClock.xml
39 ms. Memory: 263168K Free: 205615K (78%)
----------------- Invoking toplevel() on ptolemy.moml.MoMLSimpleApplication@f0046a0
----------------- Done invoking toplevel() on ptolemy.moml.MoMLSimpleApplication@f0046a0
reloadAllAccessors: .ContinuousClock

===========================================================================================
----------------- testing Mon Aug 26 05:46:23 UTC 2019 /home/travis/build/icyphy/ptII/ptolemy/domains/continuous/test/auto/ContinuousInContinuous.xml
----------------- Instantiating /home/travis/build/icyphy/ptII/ptolemy/domains/continuous/test/auto/ContinuousInContinuous.xml
42 ms. Memory: 263168K Free: 182063K (69%)
----------------- Invoking toplevel() on ptolemy.moml.MoMLSimpleApplication@72b15e8c
----------------- Done invoking toplevel() on ptolemy.moml.MoMLSimpleApplication@72b15e8c
reloadAllAccessors: .ContinuousInContinuous

===========================================================================================
----------------- testing Mon Aug 26 05:46:23 UTC 2019 /home/travis/build/icyphy/ptII/ptolemy/domains/continuous/test/auto/ContinuousInContinuousInContinuous.xml
----------------- Instantiating /home/travis/build/icyphy/ptII/ptolemy/domains/continuous/test/auto/ContinuousInContinuousInContinuous.xml
6 ms. Memory: 263168K Free: 174381K (66%)
----------------- Invoking toplevel() on ptolemy.moml.MoMLSimpleApplication@29ea78b3
----------------- Done invoking toplevel() on ptolemy.moml.MoMLSimpleApplication@29ea78b3
reloadAllAccessors: .ContinuousInContinuousInContinuous

===========================================================================================
----------------- testing Mon Aug 26 05:46:23 UTC 2019 /home/travis/build/icyphy/ptII/ptolemy/domains/continuous/test/auto/ContinuousInDE.xml
----------------- Instantiating /home/travis/build/icyphy/ptII/ptolemy/domains/continuous/test/auto/ContinuousInDE.xml
105 ms. Memory: 263168K Free: 163631K (62%)
----------------- Invoking toplevel() on ptolemy.moml.MoMLSimpleApplication@217f8f6e
----------------- Done invoking toplevel() on ptolemy.moml.MoMLSimpleApplication@217f8f6e
reloadAllAccessors: .ContinuousInDE

===========================================================================================
----------------- testing Mon Aug 26 05:46:23 UTC 2019 /home/travis/build/icyphy/ptII/ptolemy/domains/continuous/test/auto/ContinuousInDE2.xml
----------------- Instantiating /home/travis/build/icyphy/ptII/ptolemy/domains/continuous/test/auto/ContinuousInDE2.xml
42 ms. Memory: 263168K Free: 153901K (58%)
----------------- Invoking toplevel() on ptolemy.moml.MoMLSimpleApplication@56caa5cd
----------------- Done invoking toplevel() on ptolemy.moml.MoMLSimpleApplication@56caa5cd
reloadAllAccessors: .ContinuousInDE2

===========================================================================================
----------------- testing Mon Aug 26 05:46:23 UTC 2019 /home/travis/build/icyphy/ptII/ptolemy/domains/continuous/test/auto/ContinuousInDE3.xml
----------------- Instantiating /home/travis/build/icyphy/ptII/ptolemy/domains/continuous/test/auto/ContinuousInDE3.xml
42 ms. Memory: 263168K Free: 144175K (55%)
----------------- Invoking toplevel() on ptolemy.moml.MoMLSimpleApplication@11dc13c5
----------------- Done invoking toplevel() on ptolemy.moml.MoMLSimpleApplication@11dc13c5
reloadAllAccessors: .ContinuousInDE3

===========================================================================================
----------------- testing Mon Aug 26 05:46:23 UTC 2019 /home/travis/build/icyphy/ptII/ptolemy/domains/continuous/test/auto/ContinuousInDE4.xml
----------------- Instantiating /home/travis/build/icyphy/ptII/ptolemy/domains/continuous/test/auto/ContinuousInDE4.xml
16 ms. Memory: 263168K Free: 138031K (52%)
----------------- Invoking toplevel() on ptolemy.moml.MoMLSimpleApplication@18f22813
----------------- Done invoking toplevel() on ptolemy.moml.MoMLSimpleApplication@18f22813
reloadAllAccessors: .ContinuousInDE4

===========================================================================================
----------------- testing Mon Aug 26 05:46:23 UTC 2019 /home/travis/build/icyphy/ptII/ptolemy/domains/continuous/test/auto/ContinuousInDEDifferentRefinements.xml
----------------- Instantiating /home/travis/build/icyphy/ptII/ptolemy/domains/continuous/test/auto/ContinuousInDEDifferentRefinements.xml
62 ms. Memory: 263168K Free: 106783K (41%)
----------------- Invoking toplevel() on ptolemy.moml.MoMLSimpleApplication@c20ba76
----------------- Done invoking toplevel() on ptolemy.moml.MoMLSimpleApplication@c20ba76
reloadAllAccessors: .ContinuousInDEDifferentRefinements

===========================================================================================
----------------- testing Mon Aug 26 05:46:24 UTC 2019 /home/travis/build/icyphy/ptII/ptolemy/domains/continuous/test/auto/ContinuousInDEDifferentRefinementsPreemptive.xml
----------------- Instantiating /home/travis/build/icyphy/ptII/ptolemy/domains/continuous/test/auto/ContinuousInDEDifferentRefinementsPreemptive.xml
56 ms. Memory: 263168K Free: 231974K (88%)
----------------- Invoking toplevel() on ptolemy.moml.MoMLSimpleApplication@32868611
----------------- Done invoking toplevel() on ptolemy.moml.MoMLSimpleApplication@32868611
reloadAllAccessors: .ContinuousInDEDifferentRefinementsPreemptive

===========================================================================================
----------------- testing Mon Aug 26 05:46:24 UTC 2019 /home/travis/build/icyphy/ptII/ptolemy/domains/continuous/test/auto/ContinuousInDEInContinuous2.xml
----------------- Instantiating /home/travis/build/icyphy/ptII/ptolemy/domains/continuous/test/auto/ContinuousInDEInContinuous2.xml
43 ms. Memory: 263168K Free: 219951K (84%)
----------------- Invoking toplevel() on ptolemy.moml.MoMLSimpleApplication@18285e0
----------------- Done invoking toplevel() on ptolemy.moml.MoMLSimpleApplication@18285e0
reloadAllAccessors: .ContinuousInDEInContinuous2

===========================================================================================
----------------- testing Mon Aug 26 05:46:24 UTC 2019 /home/travis/build/icyphy/ptII/ptolemy/domains/continuous/test/auto/ContinuousInDEInContinuous3.xml
----------------- Instantiating /home/travis/build/icyphy/ptII/ptolemy/domains/continuous/test/auto/ContinuousInDEInContinuous3.xml
50 ms. Memory: 263168K Free: 207663K (79%)
----------------- Invoking toplevel() on ptolemy.moml.MoMLSimpleApplication@24f2c98b
----------------- Done invoking toplevel() on ptolemy.moml.MoMLSimpleApplication@24f2c98b
reloadAllAccessors: .ContinuousInDEInContinuous3

===========================================================================================
----------------- testing Mon Aug 26 05:46:24 UTC 2019 /home/travis/build/icyphy/ptII/ptolemy/domains/continuous/test/auto/ContinuousInDEInput.xml
----------------- Instantiating /home/travis/build/icyphy/ptII/ptolemy/domains/continuous/test/auto/ContinuousInDEInput.xml
22 ms. Memory: 263168K Free: 200495K (76%)
----------------- Invoking toplevel() on ptolemy.moml.MoMLSimpleApplication@478d5612
----------------- Done invoking toplevel() on ptolemy.moml.MoMLSimpleApplication@478d5612
reloadAllAccessors: .ContinuousInDEInput

===========================================================================================
----------------- testing Mon Aug 26 05:46:24 UTC 2019 /home/travis/build/icyphy/ptII/ptolemy/domains/continuous/test/auto/ContinuousInDEInput2.xml
----------------- Instantiating /home/travis/build/icyphy/ptII/ptolemy/domains/continuous/test/auto/ContinuousInDEInput2.xml
15 ms. Memory: 263168K Free: 193327K (73%)
----------------- Invoking toplevel() on ptolemy.moml.MoMLSimpleApplication@468fdd8e
----------------- Done invoking toplevel() on ptolemy.moml.MoMLSimpleApplication@468fdd8e
reloadAllAccessors: .ContinuousInDEInput2

===========================================================================================
----------------- testing Mon Aug 26 05:46:24 UTC 2019 /home/travis/build/icyphy/ptII/ptolemy/domains/continuous/test/auto/ContinuousInDEInput3.xml
----------------- Instantiating /home/travis/build/icyphy/ptII/ptolemy/domains/continuous/test/auto/ContinuousInDEInput3.xml
17 ms. Memory: 263168K Free: 185645K (71%)
----------------- Invoking toplevel() on ptolemy.moml.MoMLSimpleApplication@187a89b0
----------------- Done invoking toplevel() on ptolemy.moml.MoMLSimpleApplication@187a89b0
reloadAllAccessors: .ContinuousInDEInput3

===========================================================================================
----------------- testing Mon Aug 26 05:46:24 UTC 2019 /home/travis/build/icyphy/ptII/ptolemy/domains/continuous/test/auto/ContinuousInDESharingRefinement.xml
----------------- Instantiating /home/travis/build/icyphy/ptII/ptolemy/domains/continuous/test/auto/ContinuousInDESharingRefinement.xml
158 ms. Memory: 263168K Free: 247335K (94%)
----------------- Invoking toplevel() on ptolemy.moml.MoMLSimpleApplication@562c9806
----------------- Done invoking toplevel() on ptolemy.moml.MoMLSimpleApplication@562c9806
reloadAllAccessors: .ContinuousInDESharingRefinement

===========================================================================================
----------------- testing Mon Aug 26 05:46:24 UTC 2019 /home/travis/build/icyphy/ptII/ptolemy/domains/continuous/test/auto/ContinuousInDEwithNoPorts.xml
----------------- Instantiating /home/travis/build/icyphy/ptII/ptolemy/domains/continuous/test/auto/ContinuousInDEwithNoPorts.xml
5 ms. Memory: 263168K Free: 242695K (92%)
----------------- Invoking toplevel() on ptolemy.moml.MoMLSimpleApplication@2411471
----------------- Done invoking toplevel() on ptolemy.moml.MoMLSimpleApplication@2411471
reloadAllAccessors: .ContinuousInDEwithNoPorts

===========================================================================================
----------------- testing Mon Aug 26 05:46:24 UTC 2019 /home/travis/build/icyphy/ptII/ptolemy/domains/continuous/test/auto/ContinuousInsideDE.xml
----------------- Instantiating /home/travis/build/icyphy/ptII/ptolemy/domains/continuous/test/auto/ContinuousInsideDE.xml
41 ms. Memory: 263168K Free: 230951K (88%)
----------------- Invoking toplevel() on ptolemy.moml.MoMLSimpleApplication@1c61fd49
----------------- Done invoking toplevel() on ptolemy.moml.MoMLSimpleApplication@1c61fd49
reloadAllAccessors: .ContinuousInsideDE

===========================================================================================
----------------- testing Mon Aug 26 05:46:24 UTC 2019 /home/travis/build/icyphy/ptII/ptolemy/domains/continuous/test/auto/ContinuousMerge1.xml
----------------- Instantiating /home/travis/build/icyphy/ptII/ptolemy/domains/continuous/test/auto/ContinuousMerge1.xml
2 ms. Memory: 263168K Free: 226855K (86%)
----------------- Invoking toplevel() on ptolemy.moml.MoMLSimpleApplication@3eeb2d47
----------------- Done invoking toplevel() on ptolemy.moml.MoMLSimpleApplication@3eeb2d47
reloadAllAccessors: .ContinuousMerge1

===========================================================================================
----------------- testing Mon Aug 26 05:46:24 UTC 2019 /home/travis/build/icyphy/ptII/ptolemy/domains/continuous/test/auto/ContinuousMerge2.xml
----------------- Instantiating /home/travis/build/icyphy/ptII/ptolemy/domains/continuous/test/auto/ContinuousMerge2.xml
15 ms. Memory: 263168K Free: 216615K (82%)
----------------- Invoking toplevel() on ptolemy.moml.MoMLSimpleApplication@457a1776
----------------- Done invoking toplevel() on ptolemy.moml.MoMLSimpleApplication@457a1776
reloadAllAccessors: .ContinuousMerge2

===========================================================================================
----------------- testing Mon Aug 26 05:46:24 UTC 2019 /home/travis/build/icyphy/ptII/ptolemy/domains/continuous/test/auto/ContinuousMerge3.xml
----------------- Instantiating /home/travis/build/icyphy/ptII/ptolemy/domains/continuous/test/auto/ContinuousMerge3.xml
52 ms. Memory: 263168K Free: 205861K (78%)
----------------- Invoking toplevel() on ptolemy.moml.MoMLSimpleApplication@5ad4d82f
----------------- Done invoking toplevel() on ptolemy.moml.MoMLSimpleApplication@5ad4d82f
reloadAllAccessors: .ContinuousMerge3

===========================================================================================
----------------- testing Mon Aug 26 05:46:24 UTC 2019 /home/travis/build/icyphy/ptII/ptolemy/domains/continuous/test/auto/ContinuousWithinContinuous.xml
----------------- Instantiating /home/travis/build/icyphy/ptII/ptolemy/domains/continuous/test/auto/ContinuousWithinContinuous.xml
45 ms. Memory: 263168K Free: 196645K (75%)
----------------- Invoking toplevel() on ptolemy.moml.MoMLSimpleApplication@6447255e
----------------- Done invoking toplevel() on ptolemy.moml.MoMLSimpleApplication@6447255e
reloadAllAccessors: .ContinuousWithinContinuous

===========================================================================================
----------------- testing Mon Aug 26 05:46:24 UTC 2019 /home/travis/build/icyphy/ptII/ptolemy/domains/continuous/test/auto/ContinuousWithinContinuous2.xml
----------------- Instantiating /home/travis/build/icyphy/ptII/ptolemy/domains/continuous/test/auto/ContinuousWithinContinuous2.xml
89 ms. Memory: 263168K Free: 185381K (70%)
----------------- Invoking toplevel() on ptolemy.moml.MoMLSimpleApplication@14a77d16
----------------- Done invoking toplevel() on ptolemy.moml.MoMLSimpleApplication@14a77d16
reloadAllAccessors: .ContinuousWithinContinuous2

===========================================================================================
----------------- testing Mon Aug 26 05:46:25 UTC 2019 /home/travis/build/icyphy/ptII/ptolemy/domains/continuous/test/auto/ContinuousWithinContinuous3.xml
----------------- Instantiating /home/travis/build/icyphy/ptII/ptolemy/domains/continuous/test/auto/ContinuousWithinContinuous3.xml
20 ms. Memory: 263168K Free: 178213K (68%)
----------------- Invoking toplevel() on ptolemy.moml.MoMLSimpleApplication@49466690
----------------- Done invoking toplevel() on ptolemy.moml.MoMLSimpleApplication@49466690
reloadAllAccessors: .ContinuousWithinContinuous3

===========================================================================================
----------------- testing Mon Aug 26 05:46:25 UTC 2019 /home/travis/build/icyphy/ptII/ptolemy/domains/continuous/test/auto/ContinuousWithinContinuous4.xml
----------------- Instantiating /home/travis/build/icyphy/ptII/ptolemy/domains/continuous/test/auto/ContinuousWithinContinuous4.xml
85 ms. Memory: 263168K Free: 165925K (63%)
----------------- Invoking toplevel() on ptolemy.moml.MoMLSimpleApplication@78a48017
----------------- Done invoking toplevel() on ptolemy.moml.MoMLSimpleApplication@78a48017
reloadAllAccessors: .ContinuousWithinContinuous4

===========================================================================================
----------------- testing Mon Aug 26 05:46:25 UTC 2019 /home/travis/build/icyphy/ptII/ptolemy/domains/continuous/test/auto/ContinuousWithinContinuous5.xml
----------------- Instantiating /home/travis/build/icyphy/ptII/ptolemy/domains/continuous/test/auto/ContinuousWithinContinuous5.xml
16 ms. Memory: 263168K Free: 158757K (60%)
----------------- Invoking toplevel() on ptolemy.moml.MoMLSimpleApplication@4e4c4de7
----------------- Done invoking toplevel() on ptolemy.moml.MoMLSimpleApplication@4e4c4de7
reloadAllAccessors: .ContinuousWithinContinuous5

===========================================================================================
----------------- testing Mon Aug 26 05:46:25 UTC 2019 /home/travis/build/icyphy/ptII/ptolemy/domains/continuous/test/auto/ContinuousWithinContinuous6.xml
----------------- Instantiating /home/travis/build/icyphy/ptII/ptolemy/domains/continuous/test/auto/ContinuousWithinContinuous6.xml
13 ms. Memory: 263168K Free: 151589K (58%)
----------------- Invoking toplevel() on ptolemy.moml.MoMLSimpleApplication@64151cbd
----------------- Done invoking toplevel() on ptolemy.moml.MoMLSimpleApplication@64151cbd
reloadAllAccessors: .ContinuousWithinContinuous6

===========================================================================================
----------------- testing Mon Aug 26 05:46:25 UTC 2019 /home/travis/build/icyphy/ptII/ptolemy/domains/continuous/test/auto/ContinuousWithinContinuous7.xml
----------------- Instantiating /home/travis/build/icyphy/ptII/ptolemy/domains/continuous/test/auto/ContinuousWithinContinuous7.xml
67 ms. Memory: 263168K Free: 140325K (53%)
----------------- Invoking toplevel() on ptolemy.moml.MoMLSimpleApplication@6864471f
----------------- Done invoking toplevel() on ptolemy.moml.MoMLSimpleApplication@6864471f
reloadAllAccessors: .ContinuousWithinContinuous7

===========================================================================================
----------------- testing Mon Aug 26 05:46:25 UTC 2019 /home/travis/build/icyphy/ptII/ptolemy/domains/continuous/test/auto/DCMotor.xml
----------------- Instantiating /home/travis/build/icyphy/ptII/ptolemy/domains/continuous/test/auto/DCMotor.xml
14524 ms. Memory: 263168K Free: 172535K (66%)
----------------- Invoking toplevel() on ptolemy.moml.MoMLSimpleApplication@3478fa25
----------------- Done invoking toplevel() on ptolemy.moml.MoMLSimpleApplication@3478fa25
reloadAllAccessors: .DCMotor

===========================================================================================
----------------- testing Mon Aug 26 05:46:39 UTC 2019 /home/travis/build/icyphy/ptII/ptolemy/domains/continuous/test/auto/DEInContinuous.xml
----------------- Instantiating /home/travis/build/icyphy/ptII/ptolemy/domains/continuous/test/auto/DEInContinuous.xml
17 ms. Memory: 263168K Free: 166405K (63%)
----------------- Invoking toplevel() on ptolemy.moml.MoMLSimpleApplication@788db9f2
----------------- Done invoking toplevel() on ptolemy.moml.MoMLSimpleApplication@788db9f2
reloadAllAccessors: .DEInContinuous

===========================================================================================
----------------- testing Mon Aug 26 05:46:40 UTC 2019 /home/travis/build/icyphy/ptII/ptolemy/domains/continuous/test/auto/DEinContinuous2.xml
----------------- Instantiating /home/travis/build/icyphy/ptII/ptolemy/domains/continuous/test/auto/DEinContinuous2.xml
16 ms. Memory: 263168K Free: 158199K (60%)
----------------- Invoking toplevel() on ptolemy.moml.MoMLSimpleApplication@63c69952
----------------- Done invoking toplevel() on ptolemy.moml.MoMLSimpleApplication@63c69952
reloadAllAccessors: .DEinContinuous2

===========================================================================================
----------------- testing Mon Aug 26 05:46:40 UTC 2019 /home/travis/build/icyphy/ptII/ptolemy/domains/continuous/test/auto/Derivative.xml
----------------- Instantiating /home/travis/build/icyphy/ptII/ptolemy/domains/continuous/test/auto/Derivative.xml
173 ms. Memory: 263168K Free: 129031K (49%)
----------------- Invoking toplevel() on ptolemy.moml.MoMLSimpleApplication@6ed8a028
----------------- Done invoking toplevel() on ptolemy.moml.MoMLSimpleApplication@6ed8a028
reloadAllAccessors: .Derivative2

===========================================================================================
----------------- testing Mon Aug 26 05:46:40 UTC 2019 /home/travis/build/icyphy/ptII/ptolemy/domains/continuous/test/auto/Derivative1.xml
----------------- Instantiating /home/travis/build/icyphy/ptII/ptolemy/domains/continuous/test/auto/Derivative1.xml
19 ms. Memory: 263168K Free: 114695K (44%)
----------------- Invoking toplevel() on ptolemy.moml.MoMLSimpleApplication@394eb880
----------------- Done invoking toplevel() on ptolemy.moml.MoMLSimpleApplication@394eb880
reloadAllAccessors: .Derivative1

===========================================================================================
----------------- testing Mon Aug 26 05:46:40 UTC 2019 /home/travis/build/icyphy/ptII/ptolemy/domains/continuous/test/auto/DiscreteClock.xml
----------------- Instantiating /home/travis/build/icyphy/ptII/ptolemy/domains/continuous/test/auto/DiscreteClock.xml
4 ms. Memory: 263168K Free: 109575K (42%)
----------------- Invoking toplevel() on ptolemy.moml.MoMLSimpleApplication@2618fde7
----------------- Done invoking toplevel() on ptolemy.moml.MoMLSimpleApplication@2618fde7
reloadAllAccessors: .DiscreteClock

===========================================================================================
----------------- testing Mon Aug 26 05:46:40 UTC 2019 /home/travis/build/icyphy/ptII/ptolemy/domains/continuous/test/auto/EfficiencyCurve.xml
----------------- Instantiating /home/travis/build/icyphy/ptII/ptolemy/domains/continuous/test/auto/EfficiencyCurve.xml
79 ms. Memory: 263168K Free: 100359K (38%)
----------------- Invoking toplevel() on ptolemy.moml.MoMLSimpleApplication@5bc6a7c5
----------------- Done invoking toplevel() on ptolemy.moml.MoMLSimpleApplication@5bc6a7c5
reloadAllAccessors: .EfficiencyCurve

===========================================================================================
----------------- testing Mon Aug 26 05:46:40 UTC 2019 /home/travis/build/icyphy/ptII/ptolemy/domains/continuous/test/auto/ExponentialResponse.xml
----------------- Instantiating /home/travis/build/icyphy/ptII/ptolemy/domains/continuous/test/auto/ExponentialResponse.xml
146 ms. Memory: 263168K Free: 241206K (92%)
----------------- Invoking toplevel() on ptolemy.moml.MoMLSimpleApplication@72f5009c
----------------- Done invoking toplevel() on ptolemy.moml.MoMLSimpleApplication@72f5009c
reloadAllAccessors: .ExponentialResponse

===========================================================================================
----------------- testing Mon Aug 26 05:46:40 UTC 2019 /home/travis/build/icyphy/ptII/ptolemy/domains/continuous/test/auto/ExponentialResponseRK45.xml
----------------- Instantiating /home/travis/build/icyphy/ptII/ptolemy/domains/continuous/test/auto/ExponentialResponseRK45.xml
33 ms. Memory: 263168K Free: 234347K (89%)
----------------- Invoking toplevel() on ptolemy.moml.MoMLSimpleApplication@7c5f8ec4
----------------- Done invoking toplevel() on ptolemy.moml.MoMLSimpleApplication@7c5f8ec4
reloadAllAccessors: .ExponentialResponseRK45

===========================================================================================
----------------- testing Mon Aug 26 05:46:40 UTC 2019 /home/travis/build/icyphy/ptII/ptolemy/domains/continuous/test/auto/Friction.xml
----------------- Instantiating /home/travis/build/icyphy/ptII/ptolemy/domains/continuous/test/auto/Friction.xml
1660 ms. Memory: 263168K Free: 120080K (46%)
----------------- Invoking toplevel() on ptolemy.moml.MoMLSimpleApplication@2a54ef1a
----------------- Done invoking toplevel() on ptolemy.moml.MoMLSimpleApplication@2a54ef1a
reloadAllAccessors: .Friction

===========================================================================================
----------------- testing Mon Aug 26 05:46:42 UTC 2019 /home/travis/build/icyphy/ptII/ptolemy/domains/continuous/test/auto/FurutaPendulum.xml
----------------- Instantiating /home/travis/build/icyphy/ptII/ptolemy/domains/continuous/test/auto/FurutaPendulum.xml
3507 ms. Memory: 263168K Free: 239007K (91%)
----------------- Invoking toplevel() on ptolemy.moml.MoMLSimpleApplication@26762b78
----------------- Done invoking toplevel() on ptolemy.moml.MoMLSimpleApplication@26762b78
reloadAllAccessors: .FurutaPendulum

===========================================================================================
----------------- testing Mon Aug 26 05:46:46 UTC 2019 /home/travis/build/icyphy/ptII/ptolemy/domains/continuous/test/auto/HierarchicalExecution.xml
----------------- Instantiating /home/travis/build/icyphy/ptII/ptolemy/domains/continuous/test/auto/HierarchicalExecution.xml
1868 ms. Memory: 263168K Free: 119503K (45%)
----------------- Invoking toplevel() on ptolemy.moml.MoMLSimpleApplication@1fd01d1
----------------- Done invoking toplevel() on ptolemy.moml.MoMLSimpleApplication@1fd01d1
reloadAllAccessors: .HierarchicalExecution

===========================================================================================
----------------- testing Mon Aug 26 05:46:48 UTC 2019 /home/travis/build/icyphy/ptII/ptolemy/domains/continuous/test/auto/HybridPlant.xml
----------------- Instantiating /home/travis/build/icyphy/ptII/ptolemy/domains/continuous/test/auto/HybridPlant.xml
541 ms. Memory: 263168K Free: 168979K (64%)
----------------- Invoking toplevel() on ptolemy.moml.MoMLSimpleApplication@6a70151a
----------------- Done invoking toplevel() on ptolemy.moml.MoMLSimpleApplication@6a70151a
reloadAllAccessors: .HybridPlant

===========================================================================================
----------------- testing Mon Aug 26 05:46:48 UTC 2019 /home/travis/build/icyphy/ptII/ptolemy/domains/continuous/test/auto/Hysteresis.xml
----------------- Instantiating /home/travis/build/icyphy/ptII/ptolemy/domains/continuous/test/auto/Hysteresis.xml
138 ms. Memory: 263168K Free: 106515K (40%)
----------------- Invoking toplevel() on ptolemy.moml.MoMLSimpleApplication@4d130f12
----------------- Done invoking toplevel() on ptolemy.moml.MoMLSimpleApplication@4d130f12
reloadAllAccessors: .Hysteresis

===========================================================================================
----------------- testing Mon Aug 26 05:46:49 UTC 2019 /home/travis/build/icyphy/ptII/ptolemy/domains/continuous/test/auto/HysteresisWithRandomDelay.xml
----------------- Instantiating /home/travis/build/icyphy/ptII/ptolemy/domains/continuous/test/auto/HysteresisWithRandomDelay.xml
176 ms. Memory: 263168K Free: 191552K (73%)
----------------- Invoking toplevel() on ptolemy.moml.MoMLSimpleApplication@b0bda9f
----------------- Done invoking toplevel() on ptolemy.moml.MoMLSimpleApplication@b0bda9f
reloadAllAccessors: .HysteresisWithRandomDelay

===========================================================================================
----------------- testing Mon Aug 26 05:46:49 UTC 2019 /home/travis/build/icyphy/ptII/ptolemy/domains/continuous/test/auto/HysteresisWithRandomLosses.xml
----------------- Instantiating /home/travis/build/icyphy/ptII/ptolemy/domains/continuous/test/auto/HysteresisWithRandomLosses.xml
2420 ms. Memory: 263168K Free: 230751K (88%)
----------------- Invoking toplevel() on ptolemy.moml.MoMLSimpleApplication@1cd6fee3
----------------- Done invoking toplevel() on ptolemy.moml.MoMLSimpleApplication@1cd6fee3
reloadAllAccessors: .HysteresisWithRandomLosses

===========================================================================================
----------------- testing Mon Aug 26 05:46:51 UTC 2019 /home/travis/build/icyphy/ptII/ptolemy/domains/continuous/test/auto/ImmediateTransitions.xml
----------------- Instantiating /home/travis/build/icyphy/ptII/ptolemy/domains/continuous/test/auto/ImmediateTransitions.xml
9 ms. Memory: 263168K Free: 219983K (84%)
----------------- Invoking toplevel() on ptolemy.moml.MoMLSimpleApplication@2c6262bf
----------------- Done invoking toplevel() on ptolemy.moml.MoMLSimpleApplication@2c6262bf
reloadAllAccessors: .ImmediateTransitions

===========================================================================================
----------------- testing Mon Aug 26 05:46:51 UTC 2019 /home/travis/build/icyphy/ptII/ptolemy/domains/continuous/test/auto/ImpulseFeedback.xml
----------------- Instantiating /home/travis/build/icyphy/ptII/ptolemy/domains/continuous/test/auto/ImpulseFeedback.xml
7 ms. Memory: 263168K Free: 214367K (81%)
----------------- Invoking toplevel() on ptolemy.moml.MoMLSimpleApplication@4d365612
----------------- Done invoking toplevel() on ptolemy.moml.MoMLSimpleApplication@4d365612
reloadAllAccessors: .ImpulseFeedback

===========================================================================================
----------------- testing Mon Aug 26 05:46:51 UTC 2019 /home/travis/build/icyphy/ptII/ptolemy/domains/continuous/test/auto/ImpulseFeedback2.xml
----------------- Instantiating /home/travis/build/icyphy/ptII/ptolemy/domains/continuous/test/auto/ImpulseFeedback2.xml
6 ms. Memory: 263168K Free: 208733K (79%)
----------------- Invoking toplevel() on ptolemy.moml.MoMLSimpleApplication@4e2d9801
----------------- Done invoking toplevel() on ptolemy.moml.MoMLSimpleApplication@4e2d9801
reloadAllAccessors: .ImpulseFeedback2

===========================================================================================
----------------- testing Mon Aug 26 05:46:51 UTC 2019 /home/travis/build/icyphy/ptII/ptolemy/domains/continuous/test/auto/IncreasingRatePoisson.xml
----------------- Instantiating /home/travis/build/icyphy/ptII/ptolemy/domains/continuous/test/auto/IncreasingRatePoisson.xml
756 ms. Memory: 263168K Free: 200574K (76%)
----------------- Invoking toplevel() on ptolemy.moml.MoMLSimpleApplication@4612510b
----------------- Done invoking toplevel() on ptolemy.moml.MoMLSimpleApplication@4612510b
reloadAllAccessors: .IncreasingRatePoisson

===========================================================================================
----------------- testing Mon Aug 26 05:46:52 UTC 2019 /home/travis/build/icyphy/ptII/ptolemy/domains/continuous/test/auto/InitialStateFeedback.xml
----------------- Instantiating /home/travis/build/icyphy/ptII/ptolemy/domains/continuous/test/auto/InitialStateFeedback.xml
3 ms. Memory: 263168K Free: 195974K (74%)
----------------- Invoking toplevel() on ptolemy.moml.MoMLSimpleApplication@172ce38f
----------------- Done invoking toplevel() on ptolemy.moml.MoMLSimpleApplication@172ce38f
reloadAllAccessors: .InitialStateFeedback

===========================================================================================
----------------- testing Mon Aug 26 05:46:52 UTC 2019 /home/travis/build/icyphy/ptII/ptolemy/domains/continuous/test/auto/Integration.xml
----------------- Instantiating /home/travis/build/icyphy/ptII/ptolemy/domains/continuous/test/auto/Integration.xml
3 ms. Memory: 263168K Free: 191878K (73%)
----------------- Invoking toplevel() on ptolemy.moml.MoMLSimpleApplication@5ddf50f4
----------------- Done invoking toplevel() on ptolemy.moml.MoMLSimpleApplication@5ddf50f4
reloadAllAccessors: .Integration

===========================================================================================
----------------- testing Mon Aug 26 05:46:52 UTC 2019 /home/travis/build/icyphy/ptII/ptolemy/domains/continuous/test/auto/Integration2.xml
----------------- Instantiating /home/travis/build/icyphy/ptII/ptolemy/domains/continuous/test/auto/Integration2.xml
84 ms. Memory: 263168K Free: 177542K (67%)
----------------- Invoking toplevel() on ptolemy.moml.MoMLSimpleApplication@bc7b13e
----------------- Done invoking toplevel() on ptolemy.moml.MoMLSimpleApplication@bc7b13e
reloadAllAccessors: .Integration2

===========================================================================================
----------------- testing Mon Aug 26 05:46:52 UTC 2019 /home/travis/build/icyphy/ptII/ptolemy/domains/continuous/test/auto/Integration3.xml
----------------- Instantiating /home/travis/build/icyphy/ptII/ptolemy/domains/continuous/test/auto/Integration3.xml
2 ms. Memory: 263168K Free: 172918K (66%)
----------------- Invoking toplevel() on ptolemy.moml.MoMLSimpleApplication@3aa5783d
----------------- Done invoking toplevel() on ptolemy.moml.MoMLSimpleApplication@3aa5783d
reloadAllAccessors: .Integration3

===========================================================================================
----------------- testing Mon Aug 26 05:46:52 UTC 2019 /home/travis/build/icyphy/ptII/ptolemy/domains/continuous/test/auto/Integration5.xml
----------------- Instantiating /home/travis/build/icyphy/ptII/ptolemy/domains/continuous/test/auto/Integration5.xml
2 ms. Memory: 263168K Free: 168836K (64%)
----------------- Invoking toplevel() on ptolemy.moml.MoMLSimpleApplication@468e89b2
----------------- Done invoking toplevel() on ptolemy.moml.MoMLSimpleApplication@468e89b2
reloadAllAccessors: .Integration5

===========================================================================================
----------------- testing Mon Aug 26 05:46:52 UTC 2019 /home/travis/build/icyphy/ptII/ptolemy/domains/continuous/test/auto/IntegratorImpulse.xml
----------------- Instantiating /home/travis/build/icyphy/ptII/ptolemy/domains/continuous/test/auto/IntegratorImpulse.xml
2 ms. Memory: 263168K Free: 164726K (63%)
----------------- Invoking toplevel() on ptolemy.moml.MoMLSimpleApplication@4ad46d78
----------------- Done invoking toplevel() on ptolemy.moml.MoMLSimpleApplication@4ad46d78
reloadAllAccessors: .IntegratorImpulse

===========================================================================================
----------------- testing Mon Aug 26 05:46:52 UTC 2019 /home/travis/build/icyphy/ptII/ptolemy/domains/continuous/test/auto/IntegratorImpulse2.xml
----------------- Instantiating /home/travis/build/icyphy/ptII/ptolemy/domains/continuous/test/auto/IntegratorImpulse2.xml
4 ms. Memory: 263168K Free: 160134K (61%)
----------------- Invoking toplevel() on ptolemy.moml.MoMLSimpleApplication@211e24dc
----------------- Done invoking toplevel() on ptolemy.moml.MoMLSimpleApplication@211e24dc
reloadAllAccessors: .IntegratorImpulse2

===========================================================================================
----------------- testing Mon Aug 26 05:46:52 UTC 2019 /home/travis/build/icyphy/ptII/ptolemy/domains/continuous/test/auto/LevelCrossing1.xml
----------------- Instantiating /home/travis/build/icyphy/ptII/ptolemy/domains/continuous/test/auto/LevelCrossing1.xml
3 ms. Memory: 263168K Free: 155014K (59%)
----------------- Invoking toplevel() on ptolemy.moml.MoMLSimpleApplication@4529caf6
----------------- Done invoking toplevel() on ptolemy.moml.MoMLSimpleApplication@4529caf6
reloadAllAccessors: .LevelCrossing1

===========================================================================================
----------------- testing Mon Aug 26 05:46:52 UTC 2019 /home/travis/build/icyphy/ptII/ptolemy/domains/continuous/test/auto/LevelCrossing2.xml
----------------- Instantiating /home/travis/build/icyphy/ptII/ptolemy/domains/continuous/test/auto/LevelCrossing2.xml
3 ms. Memory: 263168K Free: 149894K (57%)
----------------- Invoking toplevel() on ptolemy.moml.MoMLSimpleApplication@6f917b67
----------------- Done invoking toplevel() on ptolemy.moml.MoMLSimpleApplication@6f917b67
reloadAllAccessors: .LevelCrossing2

===========================================================================================
----------------- testing Mon Aug 26 05:46:52 UTC 2019 /home/travis/build/icyphy/ptII/ptolemy/domains/continuous/test/auto/LevelCrossing3.xml
----------------- Instantiating /home/travis/build/icyphy/ptII/ptolemy/domains/continuous/test/auto/LevelCrossing3.xml
3 ms. Memory: 263168K Free: 144774K (55%)
----------------- Invoking toplevel() on ptolemy.moml.MoMLSimpleApplication@6069cf0e
----------------- Done invoking toplevel() on ptolemy.moml.MoMLSimpleApplication@6069cf0e
reloadAllAccessors: .LevelCrossing3

===========================================================================================
----------------- testing Mon Aug 26 05:46:52 UTC 2019 /home/travis/build/icyphy/ptII/ptolemy/domains/continuous/test/auto/LevelCrossing4.xml
----------------- Instantiating /home/travis/build/icyphy/ptII/ptolemy/domains/continuous/test/auto/LevelCrossing4.xml
3 ms. Memory: 263168K Free: 139654K (53%)
----------------- Invoking toplevel() on ptolemy.moml.MoMLSimpleApplication@3156e421
----------------- Done invoking toplevel() on ptolemy.moml.MoMLSimpleApplication@3156e421
reloadAllAccessors: .LevelCrossing4

===========================================================================================
----------------- testing Mon Aug 26 05:46:52 UTC 2019 /home/travis/build/icyphy/ptII/ptolemy/domains/continuous/test/auto/LevelCrossing5.xml
----------------- Instantiating /home/travis/build/icyphy/ptII/ptolemy/domains/continuous/test/auto/LevelCrossing5.xml
4 ms. Memory: 263168K Free: 134534K (51%)
----------------- Invoking toplevel() on ptolemy.moml.MoMLSimpleApplication@28665635
----------------- Done invoking toplevel() on ptolemy.moml.MoMLSimpleApplication@28665635
reloadAllAccessors: .LevelCrossing5

===========================================================================================
[...]
reloadAllAccessors: .ResetTransitionWithStartTime6

===========================================================================================
----------------- testing Mon Aug 26 05:47:10 UTC 2019 /home/travis/build/icyphy/ptII/ptolemy/domains/continuous/test/auto/SRinContinuous.xml
----------------- Instantiating /home/travis/build/icyphy/ptII/ptolemy/domains/continuous/test/auto/SRinContinuous.xml
7 ms. Memory: 316416K Free: 198296K (63%)
----------------- Invoking toplevel() on ptolemy.moml.MoMLSimpleApplication@5d81b2a1
----------------- Done invoking toplevel() on ptolemy.moml.MoMLSimpleApplication@5d81b2a1
reloadAllAccessors: .SRinContinuous

===========================================================================================
----------------- testing Mon Aug 26 05:47:10 UTC 2019 /home/travis/build/icyphy/ptII/ptolemy/domains/continuous/test/auto/SampledClocks.xml
----------------- Instantiating /home/travis/build/icyphy/ptII/ptolemy/domains/continuous/test/auto/SampledClocks.xml
7 ms. Memory: 316416K Free: 185494K (59%)
----------------- Invoking toplevel() on ptolemy.moml.MoMLSimpleApplication@3e161b4e
----------------- Done invoking toplevel() on ptolemy.moml.MoMLSimpleApplication@3e161b4e
reloadAllAccessors: .SampledClocks

===========================================================================================
----------------- testing Mon Aug 26 05:47:10 UTC 2019 /home/travis/build/icyphy/ptII/ptolemy/domains/continuous/test/auto/Satellite.xml
----------------- Instantiating /home/travis/build/icyphy/ptII/ptolemy/domains/continuous/test/auto/Satellite.xml
789 ms. Memory: 316416K Free: 181932K (57%)
----------------- Invoking toplevel() on ptolemy.moml.MoMLSimpleApplication@1263f9f1
----------------- Done invoking toplevel() on ptolemy.moml.MoMLSimpleApplication@1263f9f1
reloadAllAccessors: .Satellite

===========================================================================================
----------------- testing Mon Aug 26 05:47:11 UTC 2019 /home/travis/build/icyphy/ptII/ptolemy/domains/continuous/test/auto/SigmaDelta.xml
----------------- Instantiating /home/travis/build/icyphy/ptII/ptolemy/domains/continuous/test/auto/SigmaDelta.xml
2360 ms. Memory: 316416K Free: 288640K (91%)
----------------- Invoking toplevel() on ptolemy.moml.MoMLSimpleApplication@1e5d55ad
----------------- Done invoking toplevel() on ptolemy.moml.MoMLSimpleApplication@1e5d55ad
reloadAllAccessors: .SigmaDelta

===========================================================================================
----------------- testing Mon Aug 26 05:47:14 UTC 2019 /home/travis/build/icyphy/ptII/ptolemy/domains/continuous/test/auto/SingleRefinement.xml
----------------- Instantiating /home/travis/build/icyphy/ptII/ptolemy/domains/continuous/test/auto/SingleRefinement.xml
357 ms. Memory: 316416K Free: 293760K (93%)
----------------- Invoking toplevel() on ptolemy.moml.MoMLSimpleApplication@35b5e3d3
----------------- Done invoking toplevel() on ptolemy.moml.MoMLSimpleApplication@35b5e3d3
reloadAllAccessors: .SingleRefinement

===========================================================================================
----------------- testing Mon Aug 26 05:47:14 UTC 2019 /home/travis/build/icyphy/ptII/ptolemy/domains/continuous/test/auto/SinuBouncingBall.xml
----------------- Instantiating /home/travis/build/icyphy/ptII/ptolemy/domains/continuous/test/auto/SinuBouncingBall.xml
812 ms. Memory: 316416K Free: 268392K (85%)
----------------- Invoking toplevel() on ptolemy.moml.MoMLSimpleApplication@499c59e4
----------------- Done invoking toplevel() on ptolemy.moml.MoMLSimpleApplication@499c59e4
reloadAllAccessors: .SinuBouncingBall

===========================================================================================
----------------- testing Mon Aug 26 05:47:15 UTC 2019 /home/travis/build/icyphy/ptII/ptolemy/domains/continuous/test/auto/Sinusoid.xml
----------------- Instantiating /home/travis/build/icyphy/ptII/ptolemy/domains/continuous/test/auto/Sinusoid.xml
5 ms. Memory: 316416K Free: 263786K (83%)
----------------- Invoking toplevel() on ptolemy.moml.MoMLSimpleApplication@6fe88293
----------------- Done invoking toplevel() on ptolemy.moml.MoMLSimpleApplication@6fe88293
reloadAllAccessors: .Sinusoid

===========================================================================================
----------------- testing Mon Aug 26 05:47:15 UTC 2019 /home/travis/build/icyphy/ptII/ptolemy/domains/continuous/test/auto/SinusoidInNoise.xml
----------------- Instantiating /home/travis/build/icyphy/ptII/ptolemy/domains/continuous/test/auto/SinusoidInNoise.xml
1142 ms. Memory: 316416K Free: 128104K (40%)
----------------- Invoking toplevel() on ptolemy.moml.MoMLSimpleApplication@5e52feda
----------------- Done invoking toplevel() on ptolemy.moml.MoMLSimpleApplication@5e52feda
reloadAllAccessors: .SinusoidInNoise

===========================================================================================
----------------- testing Mon Aug 26 05:47:16 UTC 2019 /home/travis/build/icyphy/ptII/ptolemy/domains/continuous/test/auto/SinusoidRK45.xml
----------------- Instantiating /home/travis/build/icyphy/ptII/ptolemy/domains/continuous/test/auto/SinusoidRK45.xml
2 ms. Memory: 316416K Free: 123994K (39%)
----------------- Invoking toplevel() on ptolemy.moml.MoMLSimpleApplication@3e24cec7
----------------- Done invoking toplevel() on ptolemy.moml.MoMLSimpleApplication@3e24cec7
reloadAllAccessors: .SinusoidRK45

===========================================================================================
----------------- testing Mon Aug 26 05:47:16 UTC 2019 /home/travis/build/icyphy/ptII/ptolemy/domains/continuous/test/auto/SinusoidWithMultipleImpulses.xml
----------------- Instantiating /home/travis/build/icyphy/ptII/ptolemy/domains/continuous/test/auto/SinusoidWithMultipleImpulses.xml
3 ms. Memory: 316416K Free: 119402K (38%)
----------------- Invoking toplevel() on ptolemy.moml.MoMLSimpleApplication@73ebd14c
----------------- Done invoking toplevel() on ptolemy.moml.MoMLSimpleApplication@73ebd14c
reloadAllAccessors: .SinusoidWithMultipleImpulses

===========================================================================================
----------------- testing Mon Aug 26 05:47:16 UTC 2019 /home/travis/build/icyphy/ptII/ptolemy/domains/continuous/test/auto/SquareWave.xml
----------------- Instantiating /home/travis/build/icyphy/ptII/ptolemy/domains/continuous/test/auto/SquareWave.xml
176 ms. Memory: 316416K Free: 280555K (89%)
----------------- Invoking toplevel() on ptolemy.moml.MoMLSimpleApplication@304136c
----------------- Done invoking toplevel() on ptolemy.moml.MoMLSimpleApplication@304136c
reloadAllAccessors: .SquareWave

===========================================================================================
----------------- testing Mon Aug 26 05:47:16 UTC 2019 /home/travis/build/icyphy/ptII/ptolemy/domains/continuous/test/auto/Starmac.xml
----------------- Instantiating /home/travis/build/icyphy/ptII/ptolemy/domains/continuous/test/auto/Starmac.xml
3077 ms. Memory: 316416K Free: 161320K (51%)
----------------- Invoking toplevel() on ptolemy.moml.MoMLSimpleApplication@4d09c585
----------------- Done invoking toplevel() on ptolemy.moml.MoMLSimpleApplication@4d09c585
reloadAllAccessors: .Starmac

===========================================================================================
----------------- testing Mon Aug 26 05:47:20 UTC 2019 /home/travis/build/icyphy/ptII/ptolemy/domains/continuous/test/auto/StaticUnits.xml
----------------- Instantiating /home/travis/build/icyphy/ptII/ptolemy/domains/continuous/test/auto/StaticUnits.xml
2407 ms. Memory: 379904K Free: 142686K (38%)
----------------- Invoking toplevel() on ptolemy.moml.MoMLSimpleApplication@da857ad
----------------- Done invoking toplevel() on ptolemy.moml.MoMLSimpleApplication@da857ad
reloadAllAccessors: .StaticUnits

===========================================================================================
----------------- testing Mon Aug 26 05:47:23 UTC 2019 /home/travis/build/icyphy/ptII/ptolemy/domains/continuous/test/auto/StickyMasses.xml
----------------- Instantiating /home/travis/build/icyphy/ptII/ptolemy/domains/continuous/test/auto/StickyMasses.xml
159 ms. Memory: 379904K Free: 315159K (83%)
----------------- Invoking toplevel() on ptolemy.moml.MoMLSimpleApplication@2824ec46
----------------- Done invoking toplevel() on ptolemy.moml.MoMLSimpleApplication@2824ec46
reloadAllAccessors: .StickyMasses

===========================================================================================
----------------- testing Mon Aug 26 05:47:23 UTC 2019 /home/travis/build/icyphy/ptII/ptolemy/domains/continuous/test/auto/StopTime.xml
----------------- Instantiating /home/travis/build/icyphy/ptII/ptolemy/domains/continuous/test/auto/StopTime.xml
43 ms. Memory: 379904K Free: 290073K (76%)
----------------- Invoking toplevel() on ptolemy.moml.MoMLSimpleApplication@28fa4519
----------------- Done invoking toplevel() on ptolemy.moml.MoMLSimpleApplication@28fa4519
reloadAllAccessors: .StopTime

===========================================================================================
----------------- testing Mon Aug 26 05:47:23 UTC 2019 /home/travis/build/icyphy/ptII/ptolemy/domains/continuous/test/auto/StopTime2.xml
----------------- Instantiating /home/travis/build/icyphy/ptII/ptolemy/domains/continuous/test/auto/StopTime2.xml
36 ms. Memory: 379904K Free: 268041K (71%)
----------------- Invoking toplevel() on ptolemy.moml.MoMLSimpleApplication@141e8fe4
----------------- Done invoking toplevel() on ptolemy.moml.MoMLSimpleApplication@141e8fe4
reloadAllAccessors: .StopTime2

===========================================================================================
----------------- testing Mon Aug 26 05:47:23 UTC 2019 /home/travis/build/icyphy/ptII/ptolemy/domains/continuous/test/auto/Switch.xml
----------------- Instantiating /home/travis/build/icyphy/ptII/ptolemy/domains/continuous/test/auto/Switch.xml
42 ms. Memory: 379904K Free: 243479K (64%)
----------------- Invoking toplevel() on ptolemy.moml.MoMLSimpleApplication@1147d2b7
----------------- Done invoking toplevel() on ptolemy.moml.MoMLSimpleApplication@1147d2b7
reloadAllAccessors: .Switch

===========================================================================================
----------------- testing Mon Aug 26 05:47:23 UTC 2019 /home/travis/build/icyphy/ptII/ptolemy/domains/continuous/test/auto/Thermostat.xml
----------------- Instantiating /home/travis/build/icyphy/ptII/ptolemy/domains/continuous/test/auto/Thermostat.xml
203 ms. Memory: 379904K Free: 171289K (45%)
----------------- Invoking toplevel() on ptolemy.moml.MoMLSimpleApplication@18262cb3
----------------- Done invoking toplevel() on ptolemy.moml.MoMLSimpleApplication@18262cb3
reloadAllAccessors: .Thermostat

===========================================================================================
----------------- testing Mon Aug 26 05:47:24 UTC 2019 /home/travis/build/icyphy/ptII/ptolemy/domains/continuous/test/auto/TimeDelay.xml
----------------- Instantiating /home/travis/build/icyphy/ptII/ptolemy/domains/continuous/test/auto/TimeDelay.xml
6 ms. Memory: 379904K Free: 166679K (44%)
----------------- Invoking toplevel() on ptolemy.moml.MoMLSimpleApplication@44eb8359
----------------- Done invoking toplevel() on ptolemy.moml.MoMLSimpleApplication@44eb8359
reloadAllAccessors: .TimeDelay

===========================================================================================
----------------- testing Mon Aug 26 05:47:24 UTC 2019 /home/travis/build/icyphy/ptII/ptolemy/domains/continuous/test/auto/TimeDelay2.xml
----------------- Instantiating /home/travis/build/icyphy/ptII/ptolemy/domains/continuous/test/auto/TimeDelay2.xml
8 ms. Memory: 379904K Free: 156953K (41%)
----------------- Invoking toplevel() on ptolemy.moml.MoMLSimpleApplication@20cf2d1e
----------------- Done invoking toplevel() on ptolemy.moml.MoMLSimpleApplication@20cf2d1e
reloadAllAccessors: .TimeDelay2

===========================================================================================
----------------- testing Mon Aug 26 05:47:24 UTC 2019 /home/travis/build/icyphy/ptII/ptolemy/domains/continuous/test/auto/TimeDelay3.xml
----------------- Instantiating /home/travis/build/icyphy/ptII/ptolemy/domains/continuous/test/auto/TimeDelay3.xml
2 ms. Memory: 379904K Free: 152313K (40%)
----------------- Invoking toplevel() on ptolemy.moml.MoMLSimpleApplication@6b06b03a
----------------- Done invoking toplevel() on ptolemy.moml.MoMLSimpleApplication@6b06b03a
reloadAllAccessors: .TimeDelay3

===========================================================================================
----------------- testing Mon Aug 26 05:47:24 UTC 2019 /home/travis/build/icyphy/ptII/ptolemy/domains/continuous/test/auto/TransferAbsentToInside.xml
----------------- Instantiating /home/travis/build/icyphy/ptII/ptolemy/domains/continuous/test/auto/TransferAbsentToInside.xml
27 ms. Memory: 379904K Free: 320244K (84%)
----------------- Invoking toplevel() on ptolemy.moml.MoMLSimpleApplication@78b08e89
----------------- Done invoking toplevel() on ptolemy.moml.MoMLSimpleApplication@78b08e89
reloadAllAccessors: .TransferAbsentToInside

===========================================================================================
----------------- testing Mon Aug 26 05:47:24 UTC 2019 /home/travis/build/icyphy/ptII/ptolemy/domains/continuous/test/auto/Transmission.xml
----------------- Instantiating /home/travis/build/icyphy/ptII/ptolemy/domains/continuous/test/auto/Transmission.xml
771 ms. Memory: 379904K Free: 310544K (82%)
----------------- Invoking toplevel() on ptolemy.moml.MoMLSimpleApplication@2fadc7d6
----------------- Done invoking toplevel() on ptolemy.moml.MoMLSimpleApplication@2fadc7d6
reloadAllAccessors: .Transmission

===========================================================================================
----------------- testing Mon Aug 26 05:47:25 UTC 2019 /home/travis/build/icyphy/ptII/ptolemy/domains/continuous/test/auto/TriggeredContinuousClock.xml
----------------- Instantiating /home/travis/build/icyphy/ptII/ptolemy/domains/continuous/test/auto/TriggeredContinuousClock.xml
39 ms. Memory: 379904K Free: 280848K (74%)
----------------- Invoking toplevel() on ptolemy.moml.MoMLSimpleApplication@4e4b27ab
----------------- Done invoking toplevel() on ptolemy.moml.MoMLSimpleApplication@4e4b27ab
reloadAllAccessors: .TriggeredContinuousClock

===========================================================================================
----------------- testing Mon Aug 26 05:47:25 UTC 2019 /home/travis/build/icyphy/ptII/ptolemy/domains/continuous/test/auto/TwoMachineInfiniteBusControl.xml
----------------- Instantiating /home/travis/build/icyphy/ptII/ptolemy/domains/continuous/test/auto/TwoMachineInfiniteBusControl.xml
3163 ms. Memory: 379904K Free: 153317K (40%)
----------------- Invoking toplevel() on ptolemy.moml.MoMLSimpleApplication@760a964f
----------------- Done invoking toplevel() on ptolemy.moml.MoMLSimpleApplication@760a964f
reloadAllAccessors: .TwoMachineInfiniteBusControl

===========================================================================================
----------------- testing Mon Aug 26 05:47:28 UTC 2019 /home/travis/build/icyphy/ptII/ptolemy/domains/continuous/test/auto/V2V.xml
----------------- Instantiating /home/travis/build/icyphy/ptII/ptolemy/domains/continuous/test/auto/V2V.xml
858 ms. Memory: 379904K Free: 187123K (49%)
----------------- Invoking toplevel() on ptolemy.moml.MoMLSimpleApplication@52163bac
----------------- Done invoking toplevel() on ptolemy.moml.MoMLSimpleApplication@52163bac
reloadAllAccessors: .V2V

===========================================================================================
----------------- testing Mon Aug 26 05:47:29 UTC 2019 /home/travis/build/icyphy/ptII/ptolemy/domains/continuous/test/auto/hierarchicalModalModel.xml
----------------- Instantiating /home/travis/build/icyphy/ptII/ptolemy/domains/continuous/test/auto/hierarchicalModalModel.xml
9 ms. Memory: 379904K Free: 172773K (45%)
----------------- Invoking toplevel() on ptolemy.moml.MoMLSimpleApplication@427fc731
----------------- Done invoking toplevel() on ptolemy.moml.MoMLSimpleApplication@427fc731
reloadAllAccessors: .hierarchicalModalModel

===========================================================================================
----------------- testing Mon Aug 26 05:47:29 UTC 2019 /home/travis/build/icyphy/ptII/ptolemy/domains/continuous/test/auto/hierarchicalModalModel1.xml
----------------- Instantiating /home/travis/build/icyphy/ptII/ptolemy/domains/continuous/test/auto/hierarchicalModalModel1.xml
9 ms. Memory: 379904K Free: 158451K (42%)
----------------- Invoking toplevel() on ptolemy.moml.MoMLSimpleApplication@2c6b3bd3
----------------- Done invoking toplevel() on ptolemy.moml.MoMLSimpleApplication@2c6b3bd3
reloadAllAccessors: .hierarchicalModalModel1

===========================================================================================
----------------- testing Mon Aug 26 05:47:29 UTC 2019 /home/travis/build/icyphy/ptII/ptolemy/domains/continuous/test/auto/hierarchicalModalModel2.xml
----------------- Instantiating /home/travis/build/icyphy/ptII/ptolemy/domains/continuous/test/auto/hierarchicalModalModel2.xml
7 ms. Memory: 379904K Free: 145653K (38%)
----------------- Invoking toplevel() on ptolemy.moml.MoMLSimpleApplication@7a1d02e1
----------------- Done invoking toplevel() on ptolemy.moml.MoMLSimpleApplication@7a1d02e1
reloadAllAccessors: .hierarchicalModalModel2

===========================================================================================
----------------- testing Mon Aug 26 05:47:29 UTC 2019 /home/travis/build/icyphy/ptII/ptolemy/domains/continuous/test/auto/hierarchicalModalModel3.xml
----------------- Instantiating /home/travis/build/icyphy/ptII/ptolemy/domains/continuous/test/auto/hierarchicalModalModel3.xml
25 ms. Memory: 379904K Free: 356563K (94%)
----------------- Invoking toplevel() on ptolemy.moml.MoMLSimpleApplication@20cd2c07
----------------- Done invoking toplevel() on ptolemy.moml.MoMLSimpleApplication@20cd2c07
reloadAllAccessors: .hierarchicalModalModel3

===========================================================================================
----------------- testing Mon Aug 26 05:47:29 UTC 2019 /home/travis/build/icyphy/ptII/ptolemy/domains/continuous/test/auto/hierarchicalModalModel4.xml
----------------- Instantiating /home/travis/build/icyphy/ptII/ptolemy/domains/continuous/test/auto/hierarchicalModalModel4.xml
5 ms. Memory: 379904K Free: 344275K (91%)
----------------- Invoking toplevel() on ptolemy.moml.MoMLSimpleApplication@deba1b
----------------- Done invoking toplevel() on ptolemy.moml.MoMLSimpleApplication@deba1b
reloadAllAccessors: .hierarchicalModalModel4

===========================================================================================
----------------- testing Mon Aug 26 05:47:29 UTC 2019 /home/travis/build/icyphy/ptII/ptolemy/domains/continuous/test/auto/junk.xml
----------------- Instantiating /home/travis/build/icyphy/ptII/ptolemy/domains/continuous/test/auto/junk.xml
153 ms. Memory: 379904K Free: 315603K (83%)
----------------- Invoking toplevel() on ptolemy.moml.MoMLSimpleApplication@3ed3c379
----------------- Done invoking toplevel() on ptolemy.moml.MoMLSimpleApplication@3ed3c379
reloadAllAccessors: .junk
AutoTests.java: About to close Vertx.
AutoTests.java: Vertx closed.
]]></system-out>
  <system-err><![CDATA[Warning: '.HysteresisWithRandomDelay.NonStrictTest3' The test produced only 27 tokens, yet the correctValues parameter was expecting 30 tokens.
Warning: '.Poisson.NonStrictTest' The test produced only 423 tokens, yet the correctValues parameter was expecting 430 tokens.
]]></system-err>
</testsuite>
