<?xml version="1.0" encoding="UTF-8" ?>
<testsuite errors="0" failures="0" hostname="travis-job-53730396-8b69-43cf-84e6-98a880adf7d8" name="ptolemy.domains.de.test.junit.JUnitTclTest" skipped="0" tests="101" time="126.933" timestamp="2020-05-25T14:25:33">
  <properties>
[...]
</properties>
  <testcase classname="ptolemy.util.test.junit.TclTests" name="[0] /home/travis/build/icyphy/ptII/ptolemy/domains/de/test/DependencyLoop.tcl (RunTclFile)" time="1.056" />
  <testcase classname="ptolemy.util.test.junit.TclTests" name="[1] /home/travis/build/icyphy/ptII/ptolemy/domains/de/test/RunDETestsAsQSS.tcl (RunTclFile)" time="87.201" />
  <testcase classname="ptolemy.util.test.junit.AutoKnownFailedTests" name="[0] /home/travis/build/icyphy/ptII/ptolemy/domains/de/test/auto/knownFailedTests/DESDFClockTest.xml (RunModel)" time="2.046" />
  <testcase classname="ptolemy.util.test.junit.AutoKnownFailedTests" name="[1] /home/travis/build/icyphy/ptII/ptolemy/domains/de/test/auto/knownFailedTests/DirectFeedback.xml (RunModel)" time="0.018" />
  <testcase classname="ptolemy.util.test.junit.AutoKnownFailedTests" name="[2] /home/travis/build/icyphy/ptII/ptolemy/domains/de/test/auto/knownFailedTests/FSMSource.xml (RunModel)" time="0.032" />
  <testcase classname="ptolemy.util.test.junit.AutoKnownFailedTests" name="[3] /home/travis/build/icyphy/ptII/ptolemy/domains/de/test/auto/knownFailedTests/HierarchicalModel.xml (RunModel)" time="0.048" />
  <testcase classname="ptolemy.util.test.junit.AutoKnownFailedTests" name="[4] /home/travis/build/icyphy/ptII/ptolemy/domains/de/test/auto/knownFailedTests/dependencyLoop.xml (RunModel)" time="0.043" />
  <testcase classname="ptolemy.util.test.junit.AutoKnownFailedTests" name="[5] /home/travis/build/icyphy/ptII/ptolemy/domains/de/test/auto/knownFailedTests/dependencyLoop2.xml (RunModel)" time="0.042" />
  <testcase classname="ptolemy.util.test.junit.AutoNameArchTests" name="[0] ThereAreNoAutoArchTests (RunModel)" time="0.001" />
  <testcase classname="ptolemy.util.test.junit.AutoTests" name="[0] /home/travis/build/icyphy/ptII/ptolemy/domains/de/test/auto/ActorDepthCalculation_actorWithoutPorts.xml (RunModel)" time="0.017" />
  <testcase classname="ptolemy.util.test.junit.AutoTests" name="[1] /home/travis/build/icyphy/ptII/ptolemy/domains/de/test/auto/AssemblyLine.xml (RunModel)" time="0.019" />
  <testcase classname="ptolemy.util.test.junit.AutoTests" name="[2] /home/travis/build/icyphy/ptII/ptolemy/domains/de/test/auto/CQBug1.xml (RunModel)" time="0.01" />
  <testcase classname="ptolemy.util.test.junit.AutoTests" name="[3] /home/travis/build/icyphy/ptII/ptolemy/domains/de/test/auto/CancelFireAt.xml (RunModel)" time="0.019" />
  <testcase classname="ptolemy.util.test.junit.AutoTests" name="[4] /home/travis/build/icyphy/ptII/ptolemy/domains/de/test/auto/CausalityAndComposabilityAnalysis.xml (RunModel)" time="0.016" />
  <testcase classname="ptolemy.util.test.junit.AutoTests" name="[5] /home/travis/build/icyphy/ptII/ptolemy/domains/de/test/auto/CausalityInterface1.xml (RunModel)" time="0.015" />
  <testcase classname="ptolemy.util.test.junit.AutoTests" name="[6] /home/travis/build/icyphy/ptII/ptolemy/domains/de/test/auto/CausalityInterface15.xml (RunModel)" time="0.015" />
  <testcase classname="ptolemy.util.test.junit.AutoTests" name="[7] /home/travis/build/icyphy/ptII/ptolemy/domains/de/test/auto/CausalityInterface2.xml (RunModel)" time="0.013" />
  <testcase classname="ptolemy.util.test.junit.AutoTests" name="[8] /home/travis/build/icyphy/ptII/ptolemy/domains/de/test/auto/CausalityInterface3.xml (RunModel)" time="0.013" />
  <testcase classname="ptolemy.util.test.junit.AutoTests" name="[9] /home/travis/build/icyphy/ptII/ptolemy/domains/de/test/auto/ClockDrift.xml (RunModel)" time="0.039" />
  <testcase classname="ptolemy.util.test.junit.AutoTests" name="[10] /home/travis/build/icyphy/ptII/ptolemy/domains/de/test/auto/ClockDriftAndValueChange.xml (RunModel)" time="0.029" />
  <testcase classname="ptolemy.util.test.junit.AutoTests" name="[11] /home/travis/build/icyphy/ptII/ptolemy/domains/de/test/auto/ClockDriftChange.xml (RunModel)" time="0.034" />
  <testcase classname="ptolemy.util.test.junit.AutoTests" name="[12] /home/travis/build/icyphy/ptII/ptolemy/domains/de/test/auto/ComposableCausalityAnalysis.xml (RunModel)" time="0.014" />
  <testcase classname="ptolemy.util.test.junit.AutoTests" name="[13] /home/travis/build/icyphy/ptII/ptolemy/domains/de/test/auto/DEFixedPointLimitation.xml (RunModel)" time="0.012" />
  <testcase classname="ptolemy.util.test.junit.AutoTests" name="[14] /home/travis/build/icyphy/ptII/ptolemy/domains/de/test/auto/DEScheduleTest.xml (RunModel)" time="0.015" />
  <testcase classname="ptolemy.util.test.junit.AutoTests" name="[15] /home/travis/build/icyphy/ptII/ptolemy/domains/de/test/auto/DEinDEwithStartTimes.xml (RunModel)" time="0.016" />
  <testcase classname="ptolemy.util.test.junit.AutoTests" name="[16] /home/travis/build/icyphy/ptII/ptolemy/domains/de/test/auto/DEinDEwithStartTimes2.xml (RunModel)" time="0.024" />
  <testcase classname="ptolemy.util.test.junit.AutoTests" name="[17] /home/travis/build/icyphy/ptII/ptolemy/domains/de/test/auto/DateDemo.xml (RunModel)" time="0.038" />
  <testcase classname="ptolemy.util.test.junit.AutoTests" name="[18] /home/travis/build/icyphy/ptII/ptolemy/domains/de/test/auto/DateToEvent.xml (RunModel)" time="2.043" />
  <testcase classname="ptolemy.util.test.junit.AutoTests" name="[19] /home/travis/build/icyphy/ptII/ptolemy/domains/de/test/auto/DepthTest1.xml (RunModel)" time="0.01" />
  <testcase classname="ptolemy.util.test.junit.AutoTests" name="[20] /home/travis/build/icyphy/ptII/ptolemy/domains/de/test/auto/DepthTest2.xml (RunModel)" time="0.022" />
  <testcase classname="ptolemy.util.test.junit.AutoTests" name="[21] /home/travis/build/icyphy/ptII/ptolemy/domains/de/test/auto/DepthTest3.xml (RunModel)" time="0.01" />
  <testcase classname="ptolemy.util.test.junit.AutoTests" name="[22] /home/travis/build/icyphy/ptII/ptolemy/domains/de/test/auto/DepthTest4.xml (RunModel)" time="0.013" />
  <testcase classname="ptolemy.util.test.junit.AutoTests" name="[23] /home/travis/build/icyphy/ptII/ptolemy/domains/de/test/auto/DepthTest5.xml (RunModel)" time="0.024" />
  <testcase classname="ptolemy.util.test.junit.AutoTests" name="[24] /home/travis/build/icyphy/ptII/ptolemy/domains/de/test/auto/DepthTest6.xml (RunModel)" time="0.013" />
  <testcase classname="ptolemy.util.test.junit.AutoTests" name="[25] /home/travis/build/icyphy/ptII/ptolemy/domains/de/test/auto/DepthTest7.xml (RunModel)" time="0.011" />
  <testcase classname="ptolemy.util.test.junit.AutoTests" name="[26] /home/travis/build/icyphy/ptII/ptolemy/domains/de/test/auto/EventToDate.xml (RunModel)" time="3.034" />
  <testcase classname="ptolemy.util.test.junit.AutoTests" name="[27] /home/travis/build/icyphy/ptII/ptolemy/domains/de/test/auto/FSM1.xml (RunModel)" time="0.044" />
  <testcase classname="ptolemy.util.test.junit.AutoTests" name="[28] /home/travis/build/icyphy/ptII/ptolemy/domains/de/test/auto/FSM7.xml (RunModel)" time="0.045" />
  <testcase classname="ptolemy.util.test.junit.AutoTests" name="[29] /home/travis/build/icyphy/ptII/ptolemy/domains/de/test/auto/Inspection.xml (RunModel)" time="0.041" />
  <testcase classname="ptolemy.util.test.junit.AutoTests" name="[30] /home/travis/build/icyphy/ptII/ptolemy/domains/de/test/auto/Iteration.xml (RunModel)" time="0.025" />
  <testcase classname="ptolemy.util.test.junit.AutoTests" name="[31] /home/travis/build/icyphy/ptII/ptolemy/domains/de/test/auto/LineFault.xml (RunModel)" time="0.534" />
  <testcase classname="ptolemy.util.test.junit.AutoTests" name="[32] /home/travis/build/icyphy/ptII/ptolemy/domains/de/test/auto/MergeModel1Add.xml (RunModel)" time="0.044" />
  <testcase classname="ptolemy.util.test.junit.AutoTests" name="[33] /home/travis/build/icyphy/ptII/ptolemy/domains/de/test/auto/MergeModel2Add.xml (RunModel)" time="0.042" />
  <testcase classname="ptolemy.util.test.junit.AutoTests" name="[34] /home/travis/build/icyphy/ptII/ptolemy/domains/de/test/auto/MergeModel3Add.xml (RunModel)" time="0.043" />
  <testcase classname="ptolemy.util.test.junit.AutoTests" name="[35] /home/travis/build/icyphy/ptII/ptolemy/domains/de/test/auto/MergeWithoutDiscard.xml (RunModel)" time="0.01" />
  <testcase classname="ptolemy.util.test.junit.AutoTests" name="[36] /home/travis/build/icyphy/ptII/ptolemy/domains/de/test/auto/Modal1.xml (RunModel)" time="0.028" />
  <testcase classname="ptolemy.util.test.junit.AutoTests" name="[37] /home/travis/build/icyphy/ptII/ptolemy/domains/de/test/auto/Modal2.xml (RunModel)" time="0.038" />
  <testcase classname="ptolemy.util.test.junit.AutoTests" name="[38] /home/travis/build/icyphy/ptII/ptolemy/domains/de/test/auto/Modal3.xml (RunModel)" time="0.047" />
  <testcase classname="ptolemy.util.test.junit.AutoTests" name="[39] /home/travis/build/icyphy/ptII/ptolemy/domains/de/test/auto/Modal4.xml (RunModel)" time="0.034" />
  <testcase classname="ptolemy.util.test.junit.AutoTests" name="[40] /home/travis/build/icyphy/ptII/ptolemy/domains/de/test/auto/Modal5.xml (RunModel)" time="0.033" />
  <testcase classname="ptolemy.util.test.junit.AutoTests" name="[41] /home/travis/build/icyphy/ptII/ptolemy/domains/de/test/auto/Modal6.xml (RunModel)" time="0.028" />
  <testcase classname="ptolemy.util.test.junit.AutoTests" name="[42] /home/travis/build/icyphy/ptII/ptolemy/domains/de/test/auto/Modal7.xml (RunModel)" time="0.027" />
  <testcase classname="ptolemy.util.test.junit.AutoTests" name="[43] /home/travis/build/icyphy/ptII/ptolemy/domains/de/test/auto/ModalModel.xml (RunModel)" time="0.181" />
  <testcase classname="ptolemy.util.test.junit.AutoTests" name="[44] /home/travis/build/icyphy/ptII/ptolemy/domains/de/test/auto/ModalSource.xml (RunModel)" time="0.024" />
  <testcase classname="ptolemy.util.test.junit.AutoTests" name="[45] /home/travis/build/icyphy/ptII/ptolemy/domains/de/test/auto/NonInterruptibleTimerZeroDelay.xml (RunModel)" time="0.009" />
  <testcase classname="ptolemy.util.test.junit.AutoTests" name="[46] /home/travis/build/icyphy/ptII/ptolemy/domains/de/test/auto/OpenQueueingNetwork.xml (RunModel)" time="2.331" />
  <testcase classname="ptolemy.util.test.junit.AutoTests" name="[47] /home/travis/build/icyphy/ptII/ptolemy/domains/de/test/auto/OpenQueuingNetwork.xml (RunModel)" time="0.295" />
  <testcase classname="ptolemy.util.test.junit.AutoTests" name="[48] /home/travis/build/icyphy/ptII/ptolemy/domains/de/test/auto/PeriodicSampler.xml (RunModel)" time="0.014" />
  <testcase classname="ptolemy.util.test.junit.AutoTests" name="[49] /home/travis/build/icyphy/ptII/ptolemy/domains/de/test/auto/PersistentIO.xml (RunModel)" time="0.021" />
  <testcase classname="ptolemy.util.test.junit.AutoTests" name="[50] /home/travis/build/icyphy/ptII/ptolemy/domains/de/test/auto/PortParameterResetOnInitialize.xml (RunModel)" time="0.01" />
  <testcase classname="ptolemy.util.test.junit.AutoTests" name="[51] /home/travis/build/icyphy/ptII/ptolemy/domains/de/test/auto/PortParameterUpdates.xml (RunModel)" time="0.014" />
  <testcase classname="ptolemy.util.test.junit.AutoTests" name="[52] /home/travis/build/icyphy/ptII/ptolemy/domains/de/test/auto/QueueAndServer.xml (RunModel)" time="0.022" />
  <testcase classname="ptolemy.util.test.junit.AutoTests" name="[53] /home/travis/build/icyphy/ptII/ptolemy/domains/de/test/auto/Records.xml (RunModel)" time="0.014" />
  <testcase classname="ptolemy.util.test.junit.AutoTests" name="[54] /home/travis/build/icyphy/ptII/ptolemy/domains/de/test/auto/ResetTransitionWithStartTime1.xml (RunModel)" time="0.017" />
  <testcase classname="ptolemy.util.test.junit.AutoTests" name="[55] /home/travis/build/icyphy/ptII/ptolemy/domains/de/test/auto/ResetTransitionWithStartTime2.xml (RunModel)" time="0.021" />
  <testcase classname="ptolemy.util.test.junit.AutoTests" name="[56] /home/travis/build/icyphy/ptII/ptolemy/domains/de/test/auto/ResetTransitionWithStartTime3.xml (RunModel)" time="0.027" />
  <testcase classname="ptolemy.util.test.junit.AutoTests" name="[57] /home/travis/build/icyphy/ptII/ptolemy/domains/de/test/auto/ResetTransitionWithStartTime4.xml (RunModel)" time="0.017" />
  <testcase classname="ptolemy.util.test.junit.AutoTests" name="[58] /home/travis/build/icyphy/ptII/ptolemy/domains/de/test/auto/ResettableTimer1.xml (RunModel)" time="0.011" />
  <testcase classname="ptolemy.util.test.junit.AutoTests" name="[59] /home/travis/build/icyphy/ptII/ptolemy/domains/de/test/auto/ResettableTimer2.xml (RunModel)" time="0.01" />
  <testcase classname="ptolemy.util.test.junit.AutoTests" name="[60] /home/travis/build/icyphy/ptII/ptolemy/domains/de/test/auto/ResettableTimer3.xml (RunModel)" time="0.009" />
  <testcase classname="ptolemy.util.test.junit.AutoTests" name="[61] /home/travis/build/icyphy/ptII/ptolemy/domains/de/test/auto/ResettableTimer4.xml (RunModel)" time="0.011" />
  <testcase classname="ptolemy.util.test.junit.AutoTests" name="[62] /home/travis/build/icyphy/ptII/ptolemy/domains/de/test/auto/ResettableTimer5.xml (RunModel)" time="0.009" />
  <testcase classname="ptolemy.util.test.junit.AutoTests" name="[63] /home/travis/build/icyphy/ptII/ptolemy/domains/de/test/auto/ResettableTimer6.xml (RunModel)" time="0.015" />
  <testcase classname="ptolemy.util.test.junit.AutoTests" name="[64] /home/travis/build/icyphy/ptII/ptolemy/domains/de/test/auto/ServerZeroDelay.xml (RunModel)" time="0.014" />
  <testcase classname="ptolemy.util.test.junit.AutoTests" name="[65] /home/travis/build/icyphy/ptII/ptolemy/domains/de/test/auto/SmartSender.xml (RunModel)" time="3.008" />
  <testcase classname="ptolemy.util.test.junit.AutoTests" name="[66] /home/travis/build/icyphy/ptII/ptolemy/domains/de/test/auto/ThreadedComposite.xml (RunModel)" time="0.106" />
  <testcase classname="ptolemy.util.test.junit.AutoTests" name="[67] /home/travis/build/icyphy/ptII/ptolemy/domains/de/test/auto/Time.xml (RunModel)" time="0.354" />
  <testcase classname="ptolemy.util.test.junit.AutoTests" name="[68] /home/travis/build/icyphy/ptII/ptolemy/domains/de/test/auto/TimeDelayZeroDelay.xml (RunModel)" time="0.014" />
  <testcase classname="ptolemy.util.test.junit.AutoTests" name="[69] /home/travis/build/icyphy/ptII/ptolemy/domains/de/test/auto/TimerZeroDelay.xml (RunModel)" time="0.009" />
  <testcase classname="ptolemy.util.test.junit.AutoTests" name="[70] /home/travis/build/icyphy/ptII/ptolemy/domains/de/test/auto/TimingParadox.xml (RunModel)" time="0.295" />
  <testcase classname="ptolemy.util.test.junit.AutoTests" name="[71] /home/travis/build/icyphy/ptII/ptolemy/domains/de/test/auto/TransferInputs.xml (RunModel)" time="0.012" />
  <testcase classname="ptolemy.util.test.junit.AutoTests" name="[72] /home/travis/build/icyphy/ptII/ptolemy/domains/de/test/auto/TransferOutputs2.xml (RunModel)" time="0.016" />
  <testcase classname="ptolemy.util.test.junit.AutoTests" name="[73] /home/travis/build/icyphy/ptII/ptolemy/domains/de/test/auto/Trilateration.xml (RunModel)" time="10.572" />
  <testcase classname="ptolemy.util.test.junit.AutoTests" name="[74] /home/travis/build/icyphy/ptII/ptolemy/domains/de/test/auto/TwoSigmaDelta.xml (RunModel)" time="1.748" />
  <testcase classname="ptolemy.util.test.junit.AutoTests" name="[75] /home/travis/build/icyphy/ptII/ptolemy/domains/de/test/auto/VariableDelay.xml (RunModel)" time="0.017" />
  <testcase classname="ptolemy.util.test.junit.AutoTests" name="[76] /home/travis/build/icyphy/ptII/ptolemy/domains/de/test/auto/VariableDelay2.xml (RunModel)" time="0.008" />
  <testcase classname="ptolemy.util.test.junit.AutoTests" name="[77] /home/travis/build/icyphy/ptII/ptolemy/domains/de/test/auto/VariableDelayZeroDelay.xml (RunModel)" time="0.011" />
  <testcase classname="ptolemy.util.test.junit.AutoTests" name="[78] /home/travis/build/icyphy/ptII/ptolemy/domains/de/test/auto/VariableDelayZeroDelay2.xml (RunModel)" time="0.011" />
  <testcase classname="ptolemy.util.test.junit.AutoTests" name="[79] /home/travis/build/icyphy/ptII/ptolemy/domains/de/test/auto/deInCt.xml (RunModel)" time="0.021" />
  <testcase classname="ptolemy.util.test.junit.AutoTests" name="[80] /home/travis/build/icyphy/ptII/ptolemy/domains/de/test/auto/deInCt2.xml (RunModel)" time="0.019" />
  <testcase classname="ptolemy.util.test.junit.AutoTests" name="[81] /home/travis/build/icyphy/ptII/ptolemy/domains/de/test/auto/dynamicCausalityInterface1.xml (RunModel)" time="0.018" />
  <testcase classname="ptolemy.util.test.junit.AutoTests" name="[82] /home/travis/build/icyphy/ptII/ptolemy/domains/de/test/auto/fsm_de_test.xml (RunModel)" time="0.023" />
  <testcase classname="ptolemy.util.test.junit.AutoTests" name="[83] /home/travis/build/icyphy/ptII/ptolemy/domains/de/test/auto/functionDependencyReconstruction.xml (RunModel)" time="0.031" />
  <testcase classname="ptolemy.util.test.junit.AutoTests" name="[84] /home/travis/build/icyphy/ptII/ptolemy/domains/de/test/auto/multirate.xml (RunModel)" time="0.013" />
  <testcase classname="ptolemy.util.test.junit.AutoTests" name="[85] /home/travis/build/icyphy/ptII/ptolemy/domains/de/test/auto/multirate2.xml (RunModel)" time="0.016" />
  <testcase classname="ptolemy.util.test.junit.AutoTests" name="[86] /home/travis/build/icyphy/ptII/ptolemy/domains/de/test/auto/realtime.xml (RunModel)" time="10.01" />
  <testcase classname="ptolemy.util.test.junit.AutoTests" name="[87] /home/travis/build/icyphy/ptII/ptolemy/domains/de/test/auto/relationGroup.xml (RunModel)" time="0.012" />
  <testcase classname="ptolemy.util.test.junit.AutoTests" name="[88] /home/travis/build/icyphy/ptII/ptolemy/domains/de/test/auto/relationGroup2.xml (RunModel)" time="0.013" />
  <testcase classname="ptolemy.util.test.junit.AutoTests" name="[89] /home/travis/build/icyphy/ptII/ptolemy/domains/de/test/auto/sortWithOpaquePorts.xml (RunModel)" time="0.011" />
  <testcase classname="ptolemy.util.test.junit.AutoTests" name="[90] /home/travis/build/icyphy/ptII/ptolemy/domains/de/test/auto/transferInputsandOutputs.xml (RunModel)" time="0.016" />
  <testcase classname="ptolemy.util.test.junit.AutoTests" name="[91] /home/travis/build/icyphy/ptII/ptolemy/domains/de/test/auto/triggerType.xml (RunModel)" time="0.009" />
  <system-out><![CDATA[/home/travis/build/icyphy/ptII/ptolemy/domains/de/test/DependencyLoop.tcl
testDefs.tcl: setting time out to 9000 seconds at Mon May 25 14:25:33 UTC 2020
46 ms. Memory: 129024K Free: 78278K (61%)
21 ms. Memory: 129024K Free: 60870K (47%)
/home/travis/build/icyphy/ptII/ptolemy/domains/de/test/RunDETestsAsQSS.tcl
Run the DE tests using ptolemy.domains.qss.test.QSSDirectorTest, which extends QSSDirector and prints a message in the constructors.
------------------ testing $PTII/ptolemy/domains/de/test/auto/knownFailedTests/DirectFeedback.xml (Known Failure) 
54 ms. Memory: 129024K Free: 55240K (43%)


==== $PTIIhome/travis/build/icyphy/ptII/ptolemy/domains/de/test/../../../../: Auto Automatic test in file $PTII/ptolemy/domains/de/test/auto/knownFailedTests/DirectFeedback.xml
==== Contents of test case:

	    # FIXME: we should use $relativeFilename here, but it
	    # might have backslashes under Windows, which causes no end
	    # of trouble.
	    createAndExecute $file
	    list {}
	
.... Test generated KNOWN error:
    while executing
ptolemy.kernel.util.IllegalActionException: Test fails in iteration 1.
Value was: 1.0. Should have been: 2.0
  in .DirectFeedback.Test
	at ptolemy.actor.lib.Test.fire(Test.java:268)
	at ptolemy.domains.de.kernel.DEDirector._fire(DEDirector.java:1949)
	at ptolemy.domains.de.kernel.DEDirector.fire(DEDirector.java:502)
	at ptolemy.actor.CompositeActor.fire(CompositeActor.java:455)
	at ptolemy.actor.Manager.iterate(Manager.java:851)
	at ptolemy.actor.Manager.execute(Manager.java:369)
	at ptolemy.actor.Manager.run(Manager.java:1263)
	at ptolemy.actor.Manager$PtolemyRunThread.run(Manager.java:1933)

    while executing
ptolemy.kernel.util.IllegalActionException: Test fails in iteration 1.
Value was: 1.0. Should have been: 2.0
  in .DirectFeedback.Test
    while executing
"java::new ptolemy.moml.MoMLSimpleApplication $file
"
    (procedure "createAndExecute" line 2)
    invoked from within
"createAndExecute $file"
    ("uplevel" body line 5)
    invoked from within
"uplevel $contents_of_test"
------------------ testing $PTII/ptolemy/domains/de/test/auto/knownFailedTests/dependencyLoop.xml (Known Failure) 
12 ms. Memory: 129024K Free: 52168K (40%)


==== $PTIIhome/travis/build/icyphy/ptII/ptolemy/domains/de/test/../../../../: Auto Automatic test in file $PTII/ptolemy/domains/de/test/auto/knownFailedTests/dependencyLoop.xml
==== Contents of test case:

	    # FIXME: we should use $relativeFilename here, but it
	    # might have backslashes under Windows, which causes no end
	    # of trouble.
	    createAndExecute $file
	    list {}
	
.... Test generated KNOWN error:
    while executing
ptolemy.kernel.util.IllegalActionException: Found a zero delay loop containing .dependencyLoop.original
  in .dependencyLoop and .dependencyLoop.original
	at ptolemy.actor.util.CausalityInterfaceForComposites._computeOutputPortDepth(CausalityInterfaceForComposites.java:759)
	at ptolemy.actor.util.CausalityInterfaceForComposites._computeInputDepth(CausalityInterfaceForComposites.java:696)
	at ptolemy.actor.util.CausalityInterfaceForComposites._computeOutputPortDepth(CausalityInterfaceForComposites.java:765)
	at ptolemy.actor.util.CausalityInterfaceForComposites._computeInputDepth(CausalityInterfaceForComposites.java:696)
	at ptolemy.actor.util.CausalityInterfaceForComposites._computeOutputPortDepth(CausalityInterfaceForComposites.java:765)
	at ptolemy.actor.util.CausalityInterfaceForComposites._computeInputDepth(CausalityInterfaceForComposites.java:696)
	at ptolemy.actor.util.CausalityInterfaceForComposites._computeActorDepth(CausalityInterfaceForComposites.java:532)
	at ptolemy.actor.util.CausalityInterfaceForComposites.checkForCycles(CausalityInterfaceForComposites.java:96)
	at ptolemy.domains.de.kernel.DEDirector.preinitialize(DEDirector.java:1338)
	at ptolemy.actor.CompositeActor.preinitialize(CompositeActor.java:1828)
	at ptolemy.actor.Manager.preinitializeAndResolveTypes(Manager.java:1040)
	at ptolemy.actor.Manager.initialize(Manager.java:710)
	at ptolemy.actor.Manager.execute(Manager.java:356)
	at ptolemy.actor.Manager.run(Manager.java:1263)
	at ptolemy.actor.Manager$PtolemyRunThread.run(Manager.java:1933)

    while executing
ptolemy.kernel.util.IllegalActionException: Found a zero delay loop containing .dependencyLoop.original
  in .dependencyLoop and .dependencyLoop.original
    while executing
"java::new ptolemy.moml.MoMLSimpleApplication $file
"
    (procedure "createAndExecute" line 2)
    invoked from within
"createAndExecute $file"
    ("uplevel" body line 5)
    invoked from within
"uplevel $contents_of_test"
------------------ testing $PTII/ptolemy/domains/de/test/auto/knownFailedTests/FSMSource.xml (Known Failure) 
77 ms. Memory: 129024K Free: 110574K (86%)
!!!! Auto was marked as failing, but now passes
------------------ testing $PTII/ptolemy/domains/de/test/auto/knownFailedTests/HierarchicalModel.xml (Known Failure) 
18 ms. Memory: 129024K Free: 93482K (72%)


==== $PTIIhome/travis/build/icyphy/ptII/ptolemy/domains/de/test/../../../../: Auto Automatic test in file $PTII/ptolemy/domains/de/test/auto/knownFailedTests/HierarchicalModel.xml
==== Contents of test case:

	    # FIXME: we should use $relativeFilename here, but it
	    # might have backslashes under Windows, which causes no end
	    # of trouble.
	    createAndExecute $file
	    list {}
	
.... Test generated KNOWN error:
    while executing
ptolemy.kernel.util.IllegalActionException: Found a zero delay loop containing .HierarchicalModel.A
  in .HierarchicalModel and .HierarchicalModel.A
	at ptolemy.actor.util.CausalityInterfaceForComposites._computeOutputPortDepth(CausalityInterfaceForComposites.java:759)
	at ptolemy.actor.util.CausalityInterfaceForComposites._computeInputDepth(CausalityInterfaceForComposites.java:696)
	at ptolemy.actor.util.CausalityInterfaceForComposites._computeOutputPortDepth(CausalityInterfaceForComposites.java:765)
	at ptolemy.actor.util.CausalityInterfaceForComposites._computeInputDepth(CausalityInterfaceForComposites.java:696)
	at ptolemy.actor.util.CausalityInterfaceForComposites._computeOutputPortDepth(CausalityInterfaceForComposites.java:765)
	at ptolemy.actor.util.CausalityInterfaceForComposites._computeInputDepth(CausalityInterfaceForComposites.java:696)
	at ptolemy.actor.util.CausalityInterfaceForComposites._computeActorDepth(CausalityInterfaceForComposites.java:532)
	at ptolemy.actor.util.CausalityInterfaceForComposites.checkForCycles(CausalityInterfaceForComposites.java:96)
	at ptolemy.domains.de.kernel.DEDirector.preinitialize(DEDirector.java:1338)
	at ptolemy.actor.CompositeActor.preinitialize(CompositeActor.java:1828)
	at ptolemy.actor.Manager.preinitializeAndResolveTypes(Manager.java:1040)
	at ptolemy.actor.Manager.initialize(Manager.java:710)
	at ptolemy.actor.Manager.execute(Manager.java:356)
	at ptolemy.actor.Manager.run(Manager.java:1263)
	at ptolemy.actor.Manager$PtolemyRunThread.run(Manager.java:1933)

    while executing
ptolemy.kernel.util.IllegalActionException: Found a zero delay loop containing .HierarchicalModel.A
  in .HierarchicalModel and .HierarchicalModel.A
    while executing
"java::new ptolemy.moml.MoMLSimpleApplication $file
"
    (procedure "createAndExecute" line 2)
    invoked from within
"createAndExecute $file"
    ("uplevel" body line 5)
    invoked from within
"uplevel $contents_of_test"
------------------ testing $PTII/ptolemy/domains/de/test/auto/knownFailedTests/dependencyLoop2.xml (Known Failure) 
9 ms. Memory: 129024K Free: 77455K (60%)


==== $PTIIhome/travis/build/icyphy/ptII/ptolemy/domains/de/test/../../../../: Auto Automatic test in file $PTII/ptolemy/domains/de/test/auto/knownFailedTests/dependencyLoop2.xml
==== Contents of test case:

	    # FIXME: we should use $relativeFilename here, but it
	    # might have backslashes under Windows, which causes no end
	    # of trouble.
	    createAndExecute $file
	    list {}
	
.... Test generated KNOWN error:
    while executing
ptolemy.kernel.util.IllegalActionException: Found a zero delay loop containing .dependencyLoop2.original
  in .dependencyLoop2 and .dependencyLoop2.original
	at ptolemy.actor.util.CausalityInterfaceForComposites._computeOutputPortDepth(CausalityInterfaceForComposites.java:759)
	at ptolemy.actor.util.CausalityInterfaceForComposites._computeInputDepth(CausalityInterfaceForComposites.java:696)
	at ptolemy.actor.util.CausalityInterfaceForComposites._computeOutputPortDepth(CausalityInterfaceForComposites.java:765)
	at ptolemy.actor.util.CausalityInterfaceForComposites._computeInputDepth(CausalityInterfaceForComposites.java:696)
	at ptolemy.actor.util.CausalityInterfaceForComposites._computeOutputPortDepth(CausalityInterfaceForComposites.java:765)
	at ptolemy.actor.util.CausalityInterfaceForComposites._computeInputDepth(CausalityInterfaceForComposites.java:696)
	at ptolemy.actor.util.CausalityInterfaceForComposites._computeActorDepth(CausalityInterfaceForComposites.java:532)
	at ptolemy.actor.util.CausalityInterfaceForComposites.checkForCycles(CausalityInterfaceForComposites.java:96)
	at ptolemy.domains.de.kernel.DEDirector.preinitialize(DEDirector.java:1338)
	at ptolemy.actor.CompositeActor.preinitialize(CompositeActor.java:1828)
	at ptolemy.actor.Manager.preinitializeAndResolveTypes(Manager.java:1040)
	at ptolemy.actor.Manager.initialize(Manager.java:710)
	at ptolemy.actor.Manager.execute(Manager.java:356)
	at ptolemy.actor.Manager.run(Manager.java:1263)
	at ptolemy.actor.Manager$PtolemyRunThread.run(Manager.java:1933)

    while executing
ptolemy.kernel.util.IllegalActionException: Found a zero delay loop containing .dependencyLoop2.original
  in .dependencyLoop2 and .dependencyLoop2.original
    while executing
"java::new ptolemy.moml.MoMLSimpleApplication $file
"
    (procedure "createAndExecute" line 2)
    invoked from within
"createAndExecute $file"
    ("uplevel" body line 5)
    invoked from within
"uplevel $contents_of_test"
------------------ testing $PTII/ptolemy/domains/de/test/auto/knownFailedTests/DESDFClockTest.xml (Known Failure) 
2058 ms. Memory: 129024K Free: 108578K (84%)


==== $PTIIhome/travis/build/icyphy/ptII/ptolemy/domains/de/test/../../../../: Auto Automatic test in file $PTII/ptolemy/domains/de/test/auto/knownFailedTests/DESDFClockTest.xml
==== Contents of test case:

	    # FIXME: we should use $relativeFilename here, but it
	    # might have backslashes under Windows, which causes no end
	    # of trouble.
	    createAndExecute $file
	    list {}
	
.... Test generated KNOWN error:
    while executing
ptolemy.kernel.util.IllegalActionException: Actor is not ready to fire.  Perhaps UpSample.prefire() returned false? Try debugging the actor by selecting "Listen to Actor".  Also, for SDF check moml for tokenConsumptionRate on input.
  in .DESDFClockTest.Play Bell.Copy1:SDF Director and .DESDFClockTest.Play Bell.UpSample
	at ptolemy.actor.sched.StaticSchedulingDirector.fire(StaticSchedulingDirector.java:227)
	at ptolemy.domains.sdf.kernel.SDFDirector.fire(SDFDirector.java:500)
	at ptolemy.actor.CompositeActor.fire(CompositeActor.java:455)
	at ptolemy.domains.de.kernel.DEDirector._fire(DEDirector.java:1949)
	at ptolemy.domains.de.kernel.DEDirector.fire(DEDirector.java:502)
	at ptolemy.actor.CompositeActor.fire(CompositeActor.java:455)
	at ptolemy.actor.Manager.iterate(Manager.java:851)
	at ptolemy.actor.Manager.execute(Manager.java:369)
	at ptolemy.actor.Manager.run(Manager.java:1263)
	at ptolemy.actor.Manager$PtolemyRunThread.run(Manager.java:1933)

    while executing
ptolemy.kernel.util.IllegalActionException: Actor is not ready to fire.  Perhaps UpSample.prefire() returned false? Try debugging the actor by selecting "Listen to Actor".  Also, for SDF check moml for tokenConsumptionRate on input.
  in .DESDFClockTest.Play Bell.Copy1:SDF Director and .DESDFClockTest.Play Bell.UpSample
    while executing
"java::new ptolemy.moml.MoMLSimpleApplication $file
"
    (procedure "createAndExecute" line 2)
    invoked from within
"createAndExecute $file"
    ("uplevel" body line 5)
    invoked from within
"uplevel $contents_of_test"
------------------ testing $PTII/ptolemy/domains/de/test/auto/ActorDepthCalculation_actorWithoutPorts.xml
auto.tcl: Setting watchdog for 200 seconds at Mon May 25 14:25:37 UTC 2020
11 ms. Memory: 129024K Free: 100900K (78%)
ptolemy.util.test.WatchDog.cancel(): canceling Mon May 25 14:25:37 UTC 2020
auto.tcl: Setting watchdog for 200 seconds at Mon May 25 14:25:37 UTC 2020
5 ms. Memory: 129024K Free: 99348K (77%)
ptolemy.util.test.WatchDog.cancel(): canceling Mon May 25 14:25:37 UTC 2020
------------------ testing $PTII/ptolemy/domains/de/test/auto/AssemblyLine.xml
auto.tcl: Setting watchdog for 200 seconds at Mon May 25 14:25:38 UTC 2020
17 ms. Memory: 51200K Free: 27478K (54%)
ptolemy.util.test.WatchDog.cancel(): canceling Mon May 25 14:25:38 UTC 2020
auto.tcl: Setting watchdog for 200 seconds at Mon May 25 14:25:38 UTC 2020
9 ms. Memory: 51200K Free: 26990K (53%)
ptolemy.util.test.WatchDog.cancel(): canceling Mon May 25 14:25:38 UTC 2020
------------------ testing $PTII/ptolemy/domains/de/test/auto/CQBug1.xml
auto.tcl: Setting watchdog for 200 seconds at Mon May 25 14:25:38 UTC 2020
3 ms. Memory: 51200K Free: 33251K (65%)
ptolemy.util.test.WatchDog.cancel(): canceling Mon May 25 14:25:38 UTC 2020
auto.tcl: Setting watchdog for 200 seconds at Mon May 25 14:25:38 UTC 2020
2 ms. Memory: 51200K Free: 33251K (65%)
ptolemy.util.test.WatchDog.cancel(): canceling Mon May 25 14:25:38 UTC 2020
------------------ testing $PTII/ptolemy/domains/de/test/auto/CancelFireAt.xml
auto.tcl: Setting watchdog for 200 seconds at Mon May 25 14:25:38 UTC 2020
7 ms. Memory: 51200K Free: 34482K (67%)
ptolemy.util.test.WatchDog.cancel(): canceling Mon May 25 14:25:38 UTC 2020
auto.tcl: Setting watchdog for 200 seconds at Mon May 25 14:25:38 UTC 2020
3 ms. Memory: 51200K Free: 33993K (66%)
ptolemy.util.test.WatchDog.cancel(): canceling Mon May 25 14:25:38 UTC 2020
------------------ testing $PTII/ptolemy/domains/de/test/auto/CausalityAndComposabilityAnalysis.xml
auto.tcl: Setting watchdog for 200 seconds at Mon May 25 14:25:38 UTC 2020
11 ms. Memory: 51200K Free: 32708K (64%)
ptolemy.util.test.WatchDog.cancel(): canceling Mon May 25 14:25:38 UTC 2020
auto.tcl: Setting watchdog for 200 seconds at Mon May 25 14:25:38 UTC 2020
5 ms. Memory: 51200K Free: 31952K (62%)
ptolemy.util.test.WatchDog.cancel(): canceling Mon May 25 14:25:38 UTC 2020
------------------ testing $PTII/ptolemy/domains/de/test/auto/CausalityInterface1.xml
auto.tcl: Setting watchdog for 200 seconds at Mon May 25 14:25:38 UTC 2020
24 ms. Memory: 51200K Free: 31377K (61%)
ptolemy.util.test.WatchDog.cancel(): canceling Mon May 25 14:25:38 UTC 2020
auto.tcl: Setting watchdog for 200 seconds at Mon May 25 14:25:38 UTC 2020
5 ms. Memory: 51200K Free: 30382K (59%)
ptolemy.util.test.WatchDog.cancel(): canceling Mon May 25 14:25:38 UTC 2020
------------------ testing $PTII/ptolemy/domains/de/test/auto/CausalityInterface15.xml
auto.tcl: Setting watchdog for 200 seconds at Mon May 25 14:25:38 UTC 2020
12 ms. Memory: 51200K Free: 31535K (62%)
ptolemy.util.test.WatchDog.cancel(): canceling Mon May 25 14:25:38 UTC 2020
auto.tcl: Setting watchdog for 200 seconds at Mon May 25 14:25:38 UTC 2020
4 ms. Memory: 51200K Free: 30329K (59%)
ptolemy.util.test.WatchDog.cancel(): canceling Mon May 25 14:25:38 UTC 2020
------------------ testing $PTII/ptolemy/domains/de/test/auto/CausalityInterface2.xml
auto.tcl: Setting watchdog for 200 seconds at Mon May 25 14:25:38 UTC 2020
4 ms. Memory: 51200K Free: 31964K (62%)
ptolemy.util.test.WatchDog.cancel(): canceling Mon May 25 14:25:38 UTC 2020
auto.tcl: Setting watchdog for 200 seconds at Mon May 25 14:25:38 UTC 2020
3 ms. Memory: 51200K Free: 30882K (60%)
ptolemy.util.test.WatchDog.cancel(): canceling Mon May 25 14:25:38 UTC 2020
------------------ testing $PTII/ptolemy/domains/de/test/auto/CausalityInterface3.xml
auto.tcl: Setting watchdog for 200 seconds at Mon May 25 14:25:38 UTC 2020
8 ms. Memory: 51200K Free: 31561K (62%)
ptolemy.util.test.WatchDog.cancel(): canceling Mon May 25 14:25:38 UTC 2020
auto.tcl: Setting watchdog for 200 seconds at Mon May 25 14:25:38 UTC 2020
4 ms. Memory: 51200K Free: 31074K (61%)
ptolemy.util.test.WatchDog.cancel(): canceling Mon May 25 14:25:38 UTC 2020
------------------ testing $PTII/ptolemy/domains/de/test/auto/ClockDrift.xml
auto.tcl: Setting watchdog for 200 seconds at Mon May 25 14:25:39 UTC 2020
53 ms. Memory: 51200K Free: 24144K (47%)
ptolemy.util.test.WatchDog.cancel(): canceling Mon May 25 14:25:39 UTC 2020
auto.tcl: Setting watchdog for 200 seconds at Mon May 25 14:25:39 UTC 2020
38 ms. Memory: 51200K Free: 21130K (41%)
ptolemy.util.test.WatchDog.cancel(): canceling Mon May 25 14:25:39 UTC 2020
------------------ testing $PTII/ptolemy/domains/de/test/auto/ClockDriftAndValueChange.xml
auto.tcl: Setting watchdog for 200 seconds at Mon May 25 14:25:39 UTC 2020
35 ms. Memory: 51200K Free: 24247K (47%)
ptolemy.util.test.WatchDog.cancel(): canceling Mon May 25 14:25:39 UTC 2020
auto.tcl: Setting watchdog for 200 seconds at Mon May 25 14:25:39 UTC 2020
40 ms. Memory: 51200K Free: 21433K (42%)
ptolemy.util.test.WatchDog.cancel(): canceling Mon May 25 14:25:39 UTC 2020
------------------ testing $PTII/ptolemy/domains/de/test/auto/ClockDriftChange.xml
auto.tcl: Setting watchdog for 200 seconds at Mon May 25 14:25:39 UTC 2020
22 ms. Memory: 51200K Free: 26036K (51%)
ptolemy.util.test.WatchDog.cancel(): canceling Mon May 25 14:25:39 UTC 2020
auto.tcl: Setting watchdog for 200 seconds at Mon May 25 14:25:39 UTC 2020
30 ms. Memory: 51200K Free: 23478K (46%)
ptolemy.util.test.WatchDog.cancel(): canceling Mon May 25 14:25:39 UTC 2020
------------------ testing $PTII/ptolemy/domains/de/test/auto/ComposableCausalityAnalysis.xml
auto.tcl: Setting watchdog for 200 seconds at Mon May 25 14:25:39 UTC 2020
2 ms. Memory: 51200K Free: 30852K (60%)
ptolemy.util.test.WatchDog.cancel(): canceling Mon May 25 14:25:39 UTC 2020
auto.tcl: Setting watchdog for 200 seconds at Mon May 25 14:25:39 UTC 2020
3 ms. Memory: 51200K Free: 29828K (58%)
ptolemy.util.test.WatchDog.cancel(): canceling Mon May 25 14:25:39 UTC 2020
------------------ testing $PTII/ptolemy/domains/de/test/auto/DEFixedPointLimitation.xml
auto.tcl: Setting watchdog for 200 seconds at Mon May 25 14:25:39 UTC 2020
6 ms. Memory: 51200K Free: 32203K (63%)
ptolemy.util.test.WatchDog.cancel(): canceling Mon May 25 14:25:39 UTC 2020
auto.tcl: Setting watchdog for 200 seconds at Mon May 25 14:25:39 UTC 2020
1 ms. Memory: 51200K Free: 31352K (61%)
ptolemy.util.test.WatchDog.cancel(): canceling Mon May 25 14:25:39 UTC 2020
------------------ testing $PTII/ptolemy/domains/de/test/auto/DEScheduleTest.xml
auto.tcl: Setting watchdog for 200 seconds at Mon May 25 14:25:39 UTC 2020
5 ms. Memory: 51200K Free: 32589K (64%)
ptolemy.util.test.WatchDog.cancel(): canceling Mon May 25 14:25:39 UTC 2020
auto.tcl: Setting watchdog for 200 seconds at Mon May 25 14:25:39 UTC 2020
2 ms. Memory: 51200K Free: 31823K (62%)
ptolemy.util.test.WatchDog.cancel(): canceling Mon May 25 14:25:39 UTC 2020
------------------ testing $PTII/ptolemy/domains/de/test/auto/DEinDEwithStartTimes.xml
auto.tcl: Setting watchdog for 200 seconds at Mon May 25 14:25:39 UTC 2020
8 ms. Memory: 51200K Free: 30750K (60%)
ptolemy.util.test.WatchDog.cancel(): canceling Mon May 25 14:25:39 UTC 2020
auto.tcl: Setting watchdog for 200 seconds at Mon May 25 14:25:39 UTC 2020
3 ms. Memory: 51200K Free: 29726K (58%)
ptolemy.util.test.WatchDog.cancel(): canceling Mon May 25 14:25:39 UTC 2020
------------------ testing $PTII/ptolemy/domains/de/test/auto/DEinDEwithStartTimes2.xml
auto.tcl: Setting watchdog for 200 seconds at Mon May 25 14:25:39 UTC 2020
7 ms. Memory: 51200K Free: 29889K (58%)
ptolemy.util.test.WatchDog.cancel(): canceling Mon May 25 14:25:39 UTC 2020
auto.tcl: Setting watchdog for 200 seconds at Mon May 25 14:25:39 UTC 2020
4 ms. Memory: 51200K Free: 28681K (56%)
ptolemy.util.test.WatchDog.cancel(): canceling Mon May 25 14:25:39 UTC 2020
------------------ testing $PTII/ptolemy/domains/de/test/auto/DateDemo.xml
auto.tcl: Setting watchdog for 200 seconds at Mon May 25 14:25:39 UTC 2020
11 ms. Memory: 51200K Free: 24292K (47%)
ptolemy.util.test.WatchDog.cancel(): canceling Mon May 25 14:25:39 UTC 2020
auto.tcl: Setting watchdog for 200 seconds at Mon May 25 14:25:39 UTC 2020
8 ms. Memory: 51200K Free: 22656K (44%)
ptolemy.util.test.WatchDog.cancel(): canceling Mon May 25 14:25:39 UTC 2020
------------------ testing $PTII/ptolemy/domains/de/test/auto/DateToEvent.xml
auto.tcl: Setting watchdog for 200 seconds at Mon May 25 14:25:40 UTC 2020
2021 ms. Memory: 51200K Free: 20245K (40%)
ptolemy.util.test.WatchDog.cancel(): canceling Mon May 25 14:25:42 UTC 2020
auto.tcl: Setting watchdog for 200 seconds at Mon May 25 14:25:42 UTC 2020
2004 ms. Memory: 51200K Free: 19421K (38%)
ptolemy.util.test.WatchDog.cancel(): canceling Mon May 25 14:25:44 UTC 2020
------------------ testing $PTII/ptolemy/domains/de/test/auto/DepthTest1.xml
auto.tcl: Setting watchdog for 200 seconds at Mon May 25 14:25:44 UTC 2020
4 ms. Memory: 51200K Free: 33419K (65%)
ptolemy.util.test.WatchDog.cancel(): canceling Mon May 25 14:25:44 UTC 2020
auto.tcl: Setting watchdog for 200 seconds at Mon May 25 14:25:44 UTC 2020
2 ms. Memory: 51200K Free: 32947K (64%)
ptolemy.util.test.WatchDog.cancel(): canceling Mon May 25 14:25:44 UTC 2020
------------------ testing $PTII/ptolemy/domains/de/test/auto/DepthTest2.xml
auto.tcl: Setting watchdog for 200 seconds at Mon May 25 14:25:44 UTC 2020
3 ms. Memory: 51200K Free: 30179K (59%)
ptolemy.util.test.WatchDog.cancel(): canceling Mon May 25 14:25:44 UTC 2020
auto.tcl: Setting watchdog for 200 seconds at Mon May 25 14:25:44 UTC 2020
2 ms. Memory: 51200K Free: 29726K (58%)
ptolemy.util.test.WatchDog.cancel(): canceling Mon May 25 14:25:44 UTC 2020
------------------ testing $PTII/ptolemy/domains/de/test/auto/DepthTest3.xml
auto.tcl: Setting watchdog for 200 seconds at Mon May 25 14:25:44 UTC 2020
2 ms. Memory: 51200K Free: 33749K (66%)
ptolemy.util.test.WatchDog.cancel(): canceling Mon May 25 14:25:44 UTC 2020
auto.tcl: Setting watchdog for 200 seconds at Mon May 25 14:25:44 UTC 2020
2 ms. Memory: 51200K Free: 33260K (65%)
ptolemy.util.test.WatchDog.cancel(): canceling Mon May 25 14:25:44 UTC 2020
------------------ testing $PTII/ptolemy/domains/de/test/auto/DepthTest4.xml
auto.tcl: Setting watchdog for 200 seconds at Mon May 25 14:25:44 UTC 2020
3 ms. Memory: 51200K Free: 31947K (62%)
ptolemy.util.test.WatchDog.cancel(): canceling Mon May 25 14:25:44 UTC 2020
auto.tcl: Setting watchdog for 200 seconds at Mon May 25 14:25:44 UTC 2020
3 ms. Memory: 51200K Free: 30846K (60%)
ptolemy.util.test.WatchDog.cancel(): canceling Mon May 25 14:25:44 UTC 2020
------------------ testing $PTII/ptolemy/domains/de/test/auto/DepthTest5.xml
auto.tcl: Setting watchdog for 200 seconds at Mon May 25 14:25:44 UTC 2020
7 ms. Memory: 51200K Free: 31418K (61%)
ptolemy.util.test.WatchDog.cancel(): canceling Mon May 25 14:25:44 UTC 2020
auto.tcl: Setting watchdog for 200 seconds at Mon May 25 14:25:44 UTC 2020
4 ms. Memory: 51200K Free: 30682K (60%)
ptolemy.util.test.WatchDog.cancel(): canceling Mon May 25 14:25:44 UTC 2020
------------------ testing $PTII/ptolemy/domains/de/test/auto/DepthTest6.xml
auto.tcl: Setting watchdog for 200 seconds at Mon May 25 14:25:44 UTC 2020
7 ms. Memory: 51200K Free: 31148K (61%)
ptolemy.util.test.WatchDog.cancel(): canceling Mon May 25 14:25:44 UTC 2020
auto.tcl: Setting watchdog for 200 seconds at Mon May 25 14:25:44 UTC 2020
2 ms. Memory: 51200K Free: 30711K (60%)
ptolemy.util.test.WatchDog.cancel(): canceling Mon May 25 14:25:44 UTC 2020
------------------ testing $PTII/ptolemy/domains/de/test/auto/DepthTest7.xml
auto.tcl: Setting watchdog for 200 seconds at Mon May 25 14:25:44 UTC 2020
3 ms. Memory: 51200K Free: 31681K (62%)
ptolemy.util.test.WatchDog.cancel(): canceling Mon May 25 14:25:44 UTC 2020
auto.tcl: Setting watchdog for 200 seconds at Mon May 25 14:25:44 UTC 2020
2 ms. Memory: 51200K Free: 30787K (60%)
ptolemy.util.test.WatchDog.cancel(): canceling Mon May 25 14:25:44 UTC 2020
------------------ testing $PTII/ptolemy/domains/de/test/auto/EventToDate.xml
auto.tcl: Setting watchdog for 200 seconds at Mon May 25 14:25:44 UTC 2020
3005 ms. Memory: 51200K Free: 22686K (44%)
ptolemy.util.test.WatchDog.cancel(): canceling Mon May 25 14:25:47 UTC 2020
auto.tcl: Setting watchdog for 200 seconds at Mon May 25 14:25:47 UTC 2020
3004 ms. Memory: 51200K Free: 22037K (43%)
ptolemy.util.test.WatchDog.cancel(): canceling Mon May 25 14:25:50 UTC 2020
------------------ testing $PTII/ptolemy/domains/de/test/auto/FSM1.xml
auto.tcl: Setting watchdog for 200 seconds at Mon May 25 14:25:50 UTC 2020
26 ms. Memory: 51200K Free: 23953K (47%)
ptolemy.util.test.WatchDog.cancel(): canceling Mon May 25 14:25:50 UTC 2020
auto.tcl: Setting watchdog for 200 seconds at Mon May 25 14:25:50 UTC 2020
23 ms. Memory: 51200K Free: 20694K (40%)
ptolemy.util.test.WatchDog.cancel(): canceling Mon May 25 14:25:50 UTC 2020
------------------ testing $PTII/ptolemy/domains/de/test/auto/FSM7.xml
auto.tcl: Setting watchdog for 200 seconds at Mon May 25 14:25:50 UTC 2020
28 ms. Memory: 51200K Free: 23617K (46%)
ptolemy.util.test.WatchDog.cancel(): canceling Mon May 25 14:25:50 UTC 2020
auto.tcl: Setting watchdog for 200 seconds at Mon May 25 14:25:50 UTC 2020
28 ms. Memory: 51200K Free: 20483K (40%)
ptolemy.util.test.WatchDog.cancel(): canceling Mon May 25 14:25:50 UTC 2020
------------------ testing $PTII/ptolemy/domains/de/test/auto/Inspection.xml
auto.tcl: Setting watchdog for 200 seconds at Mon May 25 14:25:50 UTC 2020
19 ms. Memory: 51200K Free: 23613K (46%)
ptolemy.util.test.WatchDog.cancel(): canceling Mon May 25 14:25:51 UTC 2020
auto.tcl: Setting watchdog for 200 seconds at Mon May 25 14:25:51 UTC 2020
18 ms. Memory: 51200K Free: 21931K (43%)
ptolemy.util.test.WatchDog.cancel(): canceling Mon May 25 14:25:51 UTC 2020
------------------ testing $PTII/ptolemy/domains/de/test/auto/Iteration.xml
auto.tcl: Setting watchdog for 200 seconds at Mon May 25 14:25:51 UTC 2020
7 ms. Memory: 51200K Free: 29191K (57%)
ptolemy.util.test.WatchDog.cancel(): canceling Mon May 25 14:25:51 UTC 2020
auto.tcl: Setting watchdog for 200 seconds at Mon May 25 14:25:51 UTC 2020
6 ms. Memory: 51200K Free: 28008K (55%)
ptolemy.util.test.WatchDog.cancel(): canceling Mon May 25 14:25:51 UTC 2020
------------------ testing $PTII/ptolemy/domains/de/test/auto/LineFault.xml
auto.tcl: Setting watchdog for 200 seconds at Mon May 25 14:25:51 UTC 2020
564 ms. Memory: 51200K Free: 17302K (34%)
ptolemy.util.test.WatchDog.cancel(): canceling Mon May 25 14:25:52 UTC 2020
auto.tcl: Setting watchdog for 200 seconds at Mon May 25 14:25:52 UTC 2020
566 ms. Memory: 64512K Free: 47204K (73%)
ptolemy.util.test.WatchDog.cancel(): canceling Mon May 25 14:25:52 UTC 2020
------------------ testing $PTII/ptolemy/domains/de/test/auto/MergeModel1Add.xml
auto.tcl: Setting watchdog for 200 seconds at Mon May 25 14:25:52 UTC 2020
35 ms. Memory: 55296K Free: 19521K (35%)
ptolemy.util.test.WatchDog.cancel(): canceling Mon May 25 14:25:52 UTC 2020
auto.tcl: Setting watchdog for 200 seconds at Mon May 25 14:25:52 UTC 2020
13 ms. Memory: 55296K Free: 17894K (32%)
ptolemy.util.test.WatchDog.cancel(): canceling Mon May 25 14:25:52 UTC 2020
------------------ testing $PTII/ptolemy/domains/de/test/auto/MergeModel2Add.xml
auto.tcl: Setting watchdog for 200 seconds at Mon May 25 14:25:52 UTC 2020
12 ms. Memory: 51200K Free: 17467K (34%)
ptolemy.util.test.WatchDog.cancel(): canceling Mon May 25 14:25:52 UTC 2020
auto.tcl: Setting watchdog for 200 seconds at Mon May 25 14:25:52 UTC 2020
10 ms. Memory: 51200K Free: 15524K (30%)
ptolemy.util.test.WatchDog.cancel(): canceling Mon May 25 14:25:52 UTC 2020
------------------ testing $PTII/ptolemy/domains/de/test/auto/MergeModel3Add.xml
auto.tcl: Setting watchdog for 200 seconds at Mon May 25 14:25:52 UTC 2020
8 ms. Memory: 51200K Free: 17512K (34%)
ptolemy.util.test.WatchDog.cancel(): canceling Mon May 25 14:25:53 UTC 2020
auto.tcl: Setting watchdog for 200 seconds at Mon May 25 14:25:53 UTC 2020
6 ms. Memory: 51200K Free: 15972K (31%)
ptolemy.util.test.WatchDog.cancel(): canceling Mon May 25 14:25:53 UTC 2020
------------------ testing $PTII/ptolemy/domains/de/test/auto/MergeWithoutDiscard.xml
auto.tcl: Setting watchdog for 200 seconds at Mon May 25 14:25:53 UTC 2020
2 ms. Memory: 51200K Free: 32051K (63%)
ptolemy.util.test.WatchDog.cancel(): canceling Mon May 25 14:25:53 UTC 2020
auto.tcl: Setting watchdog for 200 seconds at Mon May 25 14:25:53 UTC 2020
2 ms. Memory: 51200K Free: 31623K (62%)
ptolemy.util.test.WatchDog.cancel(): canceling Mon May 25 14:25:53 UTC 2020
------------------ testing $PTII/ptolemy/domains/de/test/auto/Modal1.xml
auto.tcl: Setting watchdog for 200 seconds at Mon May 25 14:25:53 UTC 2020
18 ms. Memory: 51200K Free: 24213K (47%)
ptolemy.util.test.WatchDog.cancel(): canceling Mon May 25 14:25:53 UTC 2020
auto.tcl: Setting watchdog for 200 seconds at Mon May 25 14:25:53 UTC 2020
20 ms. Memory: 51200K Free: 20952K (41%)
ptolemy.util.test.WatchDog.cancel(): canceling Mon May 25 14:25:53 UTC 2020
------------------ testing $PTII/ptolemy/domains/de/test/auto/Modal2.xml
auto.tcl: Setting watchdog for 200 seconds at Mon May 25 14:25:53 UTC 2020
10 ms. Memory: 51200K Free: 24348K (48%)
ptolemy.util.test.WatchDog.cancel(): canceling Mon May 25 14:25:53 UTC 2020
auto.tcl: Setting watchdog for 200 seconds at Mon May 25 14:25:53 UTC 2020
13 ms. Memory: 51200K Free: 20847K (41%)
ptolemy.util.test.WatchDog.cancel(): canceling Mon May 25 14:25:53 UTC 2020
------------------ testing $PTII/ptolemy/domains/de/test/auto/Modal3.xml
auto.tcl: Setting watchdog for 200 seconds at Mon May 25 14:25:53 UTC 2020
10 ms. Memory: 51200K Free: 23854K (47%)
ptolemy.util.test.WatchDog.cancel(): canceling Mon May 25 14:25:53 UTC 2020
auto.tcl: Setting watchdog for 200 seconds at Mon May 25 14:25:53 UTC 2020
11 ms. Memory: 51200K Free: 20879K (41%)
ptolemy.util.test.WatchDog.cancel(): canceling Mon May 25 14:25:53 UTC 2020
------------------ testing $PTII/ptolemy/domains/de/test/auto/Modal4.xml
auto.tcl: Setting watchdog for 200 seconds at Mon May 25 14:25:53 UTC 2020
14 ms. Memory: 51200K Free: 23058K (45%)
ptolemy.util.test.WatchDog.cancel(): canceling Mon May 25 14:25:53 UTC 2020
auto.tcl: Setting watchdog for 200 seconds at Mon May 25 14:25:53 UTC 2020
15 ms. Memory: 51200K Free: 19224K (38%)
ptolemy.util.test.WatchDog.cancel(): canceling Mon May 25 14:25:53 UTC 2020
------------------ testing $PTII/ptolemy/domains/de/test/auto/Modal5.xml
auto.tcl: Setting watchdog for 200 seconds at Mon May 25 14:25:53 UTC 2020
13 ms. Memory: 51200K Free: 23060K (45%)
ptolemy.util.test.WatchDog.cancel(): canceling Mon May 25 14:25:53 UTC 2020
auto.tcl: Setting watchdog for 200 seconds at Mon May 25 14:25:53 UTC 2020
16 ms. Memory: 51200K Free: 19212K (38%)
ptolemy.util.test.WatchDog.cancel(): canceling Mon May 25 14:25:53 UTC 2020
------------------ testing $PTII/ptolemy/domains/de/test/auto/Modal6.xml
auto.tcl: Setting watchdog for 200 seconds at Mon May 25 14:25:53 UTC 2020
12 ms. Memory: 51200K Free: 23306K (46%)
ptolemy.util.test.WatchDog.cancel(): canceling Mon May 25 14:25:53 UTC 2020
auto.tcl: Setting watchdog for 200 seconds at Mon May 25 14:25:53 UTC 2020
18 ms. Memory: 51200K Free: 19415K (38%)
ptolemy.util.test.WatchDog.cancel(): canceling Mon May 25 14:25:53 UTC 2020
------------------ testing $PTII/ptolemy/domains/de/test/auto/Modal7.xml
auto.tcl: Setting watchdog for 200 seconds at Mon May 25 14:25:53 UTC 2020
18 ms. Memory: 51200K Free: 22760K (44%)
ptolemy.util.test.WatchDog.cancel(): canceling Mon May 25 14:25:53 UTC 2020
auto.tcl: Setting watchdog for 200 seconds at Mon May 25 14:25:53 UTC 2020
23 ms. Memory: 51200K Free: 19210K (38%)
ptolemy.util.test.WatchDog.cancel(): canceling Mon May 25 14:25:53 UTC 2020
------------------ testing $PTII/ptolemy/domains/de/test/auto/ModalModel.xml
auto.tcl: Setting watchdog for 200 seconds at Mon May 25 14:25:53 UTC 2020
183 ms. Memory: 51200K Free: 14842K (29%)
ptolemy.util.test.WatchDog.cancel(): canceling Mon May 25 14:25:54 UTC 2020
auto.tcl: Setting watchdog for 200 seconds at Mon May 25 14:25:54 UTC 2020
217 ms. Memory: 64512K Free: 48054K (74%)
ptolemy.util.test.WatchDog.cancel(): canceling Mon May 25 14:25:54 UTC 2020
------------------ testing $PTII/ptolemy/domains/de/test/auto/ModalSource.xml
auto.tcl: Setting watchdog for 200 seconds at Mon May 25 14:25:54 UTC 2020
8 ms. Memory: 55296K Free: 31980K (58%)
ptolemy.util.test.WatchDog.cancel(): canceling Mon May 25 14:25:54 UTC 2020
auto.tcl: Setting watchdog for 200 seconds at Mon May 25 14:25:54 UTC 2020
6 ms. Memory: 55296K Free: 29932K (54%)
ptolemy.util.test.WatchDog.cancel(): canceling Mon May 25 14:25:54 UTC 2020
------------------ testing $PTII/ptolemy/domains/de/test/auto/NonInterruptibleTimerZeroDelay.xml
auto.tcl: Setting watchdog for 200 seconds at Mon May 25 14:25:54 UTC 2020
4 ms. Memory: 51200K Free: 32820K (64%)
ptolemy.util.test.WatchDog.cancel(): canceling Mon May 25 14:25:54 UTC 2020
auto.tcl: Setting watchdog for 200 seconds at Mon May 25 14:25:54 UTC 2020
3 ms. Memory: 51200K Free: 32155K (63%)
ptolemy.util.test.WatchDog.cancel(): canceling Mon May 25 14:25:54 UTC 2020
------------------ testing $PTII/ptolemy/domains/de/test/auto/OpenQueueingNetwork.xml
auto.tcl: Setting watchdog for 200 seconds at Mon May 25 14:25:54 UTC 2020
3586 ms. Memory: 113664K Free: 81063K (71%)
ptolemy.util.test.WatchDog.cancel(): canceling Mon May 25 14:25:58 UTC 2020
auto.tcl: Setting watchdog for 200 seconds at Mon May 25 14:25:58 UTC 2020
2955 ms. Memory: 137216K Free: 117433K (86%)
ptolemy.util.test.WatchDog.cancel(): canceling Mon May 25 14:26:01 UTC 2020
------------------ testing $PTII/ptolemy/domains/de/test/auto/OpenQueuingNetwork.xml
auto.tcl: Setting watchdog for 200 seconds at Mon May 25 14:26:01 UTC 2020
257 ms. Memory: 58368K Free: 31023K (53%)
ptolemy.util.test.WatchDog.cancel(): canceling Mon May 25 14:26:01 UTC 2020
auto.tcl: Setting watchdog for 200 seconds at Mon May 25 14:26:01 UTC 2020
243 ms. Memory: 58368K Free: 10900K (19%)
ptolemy.util.test.WatchDog.cancel(): canceling Mon May 25 14:26:01 UTC 2020
------------------ testing $PTII/ptolemy/domains/de/test/auto/PeriodicSampler.xml
auto.tcl: Setting watchdog for 200 seconds at Mon May 25 14:26:01 UTC 2020
2 ms. Memory: 51200K Free: 32024K (63%)
ptolemy.util.test.WatchDog.cancel(): canceling Mon May 25 14:26:01 UTC 2020
auto.tcl: Setting watchdog for 200 seconds at Mon May 25 14:26:01 UTC 2020
2 ms. Memory: 51200K Free: 31504K (62%)
ptolemy.util.test.WatchDog.cancel(): canceling Mon May 25 14:26:01 UTC 2020
------------------ testing $PTII/ptolemy/domains/de/test/auto/PersistentIO.xml
auto.tcl: Setting watchdog for 200 seconds at Mon May 25 14:26:01 UTC 2020
14 ms. Memory: 51200K Free: 26949K (53%)
ptolemy.util.test.WatchDog.cancel(): canceling Mon May 25 14:26:02 UTC 2020
auto.tcl: Setting watchdog for 200 seconds at Mon May 25 14:26:02 UTC 2020
4 ms. Memory: 51200K Free: 25429K (50%)
ptolemy.util.test.WatchDog.cancel(): canceling Mon May 25 14:26:02 UTC 2020
------------------ testing $PTII/ptolemy/domains/de/test/auto/PortParameterResetOnInitialize.xml
auto.tcl: Setting watchdog for 200 seconds at Mon May 25 14:26:02 UTC 2020
2 ms. Memory: 51200K Free: 31930K (62%)
ptolemy.util.test.WatchDog.cancel(): canceling Mon May 25 14:26:02 UTC 2020
auto.tcl: Setting watchdog for 200 seconds at Mon May 25 14:26:02 UTC 2020
2 ms. Memory: 51200K Free: 31437K (61%)
ptolemy.util.test.WatchDog.cancel(): canceling Mon May 25 14:26:02 UTC 2020
------------------ testing $PTII/ptolemy/domains/de/test/auto/PortParameterUpdates.xml
auto.tcl: Setting watchdog for 200 seconds at Mon May 25 14:26:02 UTC 2020
5 ms. Memory: 51200K Free: 30017K (59%)
ptolemy.util.test.WatchDog.cancel(): canceling Mon May 25 14:26:02 UTC 2020
auto.tcl: Setting watchdog for 200 seconds at Mon May 25 14:26:02 UTC 2020
5 ms. Memory: 51200K Free: 28993K (57%)
ptolemy.util.test.WatchDog.cancel(): canceling Mon May 25 14:26:02 UTC 2020
------------------ testing $PTII/ptolemy/domains/de/test/auto/QueueAndServer.xml
auto.tcl: Setting watchdog for 200 seconds at Mon May 25 14:26:02 UTC 2020
14 ms. Memory: 51200K Free: 28909K (56%)
ptolemy.util.test.WatchDog.cancel(): canceling Mon May 25 14:26:02 UTC 2020
auto.tcl: Setting watchdog for 200 seconds at Mon May 25 14:26:02 UTC 2020
8 ms. Memory: 51200K Free: 27437K (54%)
ptolemy.util.test.WatchDog.cancel(): canceling Mon May 25 14:26:02 UTC 2020
------------------ testing $PTII/ptolemy/domains/de/test/auto/Records.xml
auto.tcl: Setting watchdog for 200 seconds at Mon May 25 14:26:02 UTC 2020
4 ms. Memory: 51200K Free: 31175K (61%)
ptolemy.util.test.WatchDog.cancel(): canceling Mon May 25 14:26:02 UTC 2020
auto.tcl: Setting watchdog for 200 seconds at Mon May 25 14:26:02 UTC 2020
2 ms. Memory: 51200K Free: 30663K (60%)
ptolemy.util.test.WatchDog.cancel(): canceling Mon May 25 14:26:02 UTC 2020
------------------ testing $PTII/ptolemy/domains/de/test/auto/ResetTransitionWithStartTime1.xml
auto.tcl: Setting watchdog for 200 seconds at Mon May 25 14:26:02 UTC 2020
6 ms. Memory: 51200K Free: 28433K (56%)
ptolemy.util.test.WatchDog.cancel(): canceling Mon May 25 14:26:02 UTC 2020
auto.tcl: Setting watchdog for 200 seconds at Mon May 25 14:26:02 UTC 2020
6 ms. Memory: 51200K Free: 25867K (51%)
ptolemy.util.test.WatchDog.cancel(): canceling Mon May 25 14:26:02 UTC 2020
------------------ testing $PTII/ptolemy/domains/de/test/auto/ResetTransitionWithStartTime2.xml
auto.tcl: Setting watchdog for 200 seconds at Mon May 25 14:26:02 UTC 2020
5 ms. Memory: 51200K Free: 28388K (55%)
ptolemy.util.test.WatchDog.cancel(): canceling Mon May 25 14:26:02 UTC 2020
auto.tcl: Setting watchdog for 200 seconds at Mon May 25 14:26:02 UTC 2020
7 ms. Memory: 51200K Free: 26340K (51%)
ptolemy.util.test.WatchDog.cancel(): canceling Mon May 25 14:26:02 UTC 2020
------------------ testing $PTII/ptolemy/domains/de/test/auto/ResetTransitionWithStartTime3.xml
auto.tcl: Setting watchdog for 200 seconds at Mon May 25 14:26:02 UTC 2020
8 ms. Memory: 51200K Free: 28387K (55%)
ptolemy.util.test.WatchDog.cancel(): canceling Mon May 25 14:26:02 UTC 2020
auto.tcl: Setting watchdog for 200 seconds at Mon May 25 14:26:02 UTC 2020
7 ms. Memory: 51200K Free: 26348K (51%)
ptolemy.util.test.WatchDog.cancel(): canceling Mon May 25 14:26:02 UTC 2020
------------------ testing $PTII/ptolemy/domains/de/test/auto/ResetTransitionWithStartTime4.xml
auto.tcl: Setting watchdog for 200 seconds at Mon May 25 14:26:02 UTC 2020
11 ms. Memory: 51200K Free: 28814K (56%)
ptolemy.util.test.WatchDog.cancel(): canceling Mon May 25 14:26:02 UTC 2020
auto.tcl: Setting watchdog for 200 seconds at Mon May 25 14:26:02 UTC 2020
9 ms. Memory: 51200K Free: 27362K (53%)
ptolemy.util.test.WatchDog.cancel(): canceling Mon May 25 14:26:02 UTC 2020
------------------ testing $PTII/ptolemy/domains/de/test/auto/ResettableTimer1.xml
auto.tcl: Setting watchdog for 200 seconds at Mon May 25 14:26:02 UTC 2020
2 ms. Memory: 51200K Free: 32464K (63%)
ptolemy.util.test.WatchDog.cancel(): canceling Mon May 25 14:26:02 UTC 2020
auto.tcl: Setting watchdog for 200 seconds at Mon May 25 14:26:02 UTC 2020
2 ms. Memory: 51200K Free: 31440K (61%)
ptolemy.util.test.WatchDog.cancel(): canceling Mon May 25 14:26:02 UTC 2020
------------------ testing $PTII/ptolemy/domains/de/test/auto/ResettableTimer2.xml
auto.tcl: Setting watchdog for 200 seconds at Mon May 25 14:26:02 UTC 2020
2 ms. Memory: 51200K Free: 32521K (64%)
ptolemy.util.test.WatchDog.cancel(): canceling Mon May 25 14:26:02 UTC 2020
auto.tcl: Setting watchdog for 200 seconds at Mon May 25 14:26:02 UTC 2020
2 ms. Memory: 51200K Free: 31497K (62%)
ptolemy.util.test.WatchDog.cancel(): canceling Mon May 25 14:26:02 UTC 2020
------------------ testing $PTII/ptolemy/domains/de/test/auto/ResettableTimer3.xml
auto.tcl: Setting watchdog for 200 seconds at Mon May 25 14:26:02 UTC 2020
1 ms. Memory: 51200K Free: 32519K (64%)
ptolemy.util.test.WatchDog.cancel(): canceling Mon May 25 14:26:02 UTC 2020
auto.tcl: Setting watchdog for 200 seconds at Mon May 25 14:26:02 UTC 2020
1 ms. Memory: 51200K Free: 32519K (64%)
ptolemy.util.test.WatchDog.cancel(): canceling Mon May 25 14:26:02 UTC 2020
------------------ testing $PTII/ptolemy/domains/de/test/auto/ResettableTimer4.xml
auto.tcl: Setting watchdog for 200 seconds at Mon May 25 14:26:02 UTC 2020
1 ms. Memory: 51200K Free: 32533K (64%)
ptolemy.util.test.WatchDog.cancel(): canceling Mon May 25 14:26:02 UTC 2020
auto.tcl: Setting watchdog for 200 seconds at Mon May 25 14:26:02 UTC 2020
1 ms. Memory: 51200K Free: 32019K (63%)
ptolemy.util.test.WatchDog.cancel(): canceling Mon May 25 14:26:02 UTC 2020
------------------ testing $PTII/ptolemy/domains/de/test/auto/ResettableTimer5.xml
auto.tcl: Setting watchdog for 200 seconds at Mon May 25 14:26:02 UTC 2020
1 ms. Memory: 51200K Free: 32017K (63%)
ptolemy.util.test.WatchDog.cancel(): canceling Mon May 25 14:26:02 UTC 2020
auto.tcl: Setting watchdog for 200 seconds at Mon May 25 14:26:02 UTC 2020
2 ms. Memory: 51200K Free: 31507K (62%)
ptolemy.util.test.WatchDog.cancel(): canceling Mon May 25 14:26:02 UTC 2020
------------------ testing $PTII/ptolemy/domains/de/test/auto/ResettableTimer6.xml
auto.tcl: Setting watchdog for 200 seconds at Mon May 25 14:26:02 UTC 2020
2 ms. Memory: 51200K Free: 32008K (63%)
ptolemy.util.test.WatchDog.cancel(): canceling Mon May 25 14:26:03 UTC 2020
auto.tcl: Setting watchdog for 200 seconds at Mon May 25 14:26:03 UTC 2020
2 ms. Memory: 51200K Free: 31498K (62%)
ptolemy.util.test.WatchDog.cancel(): canceling Mon May 25 14:26:03 UTC 2020
------------------ testing $PTII/ptolemy/domains/de/test/auto/ServerZeroDelay.xml
auto.tcl: Setting watchdog for 200 seconds at Mon May 25 14:26:03 UTC 2020
3 ms. Memory: 51200K Free: 32513K (64%)
ptolemy.util.test.WatchDog.cancel(): canceling Mon May 25 14:26:03 UTC 2020
auto.tcl: Setting watchdog for 200 seconds at Mon May 25 14:26:03 UTC 2020
2 ms. Memory: 51200K Free: 31489K (62%)
ptolemy.util.test.WatchDog.cancel(): canceling Mon May 25 14:26:03 UTC 2020
------------------ testing $PTII/ptolemy/domains/de/test/auto/SmartSender.xml
auto.tcl: Setting watchdog for 200 seconds at Mon May 25 14:26:03 UTC 2020
3001 ms. Memory: 51200K Free: 31993K (62%)
ptolemy.util.test.WatchDog.cancel(): canceling Mon May 25 14:26:06 UTC 2020
auto.tcl: Setting watchdog for 200 seconds at Mon May 25 14:26:06 UTC 2020
3003 ms. Memory: 51200K Free: 31483K (61%)
ptolemy.util.test.WatchDog.cancel(): canceling Mon May 25 14:26:09 UTC 2020
------------------ testing $PTII/ptolemy/domains/de/test/auto/ThreadedComposite.xml
auto.tcl: Setting watchdog for 200 seconds at Mon May 25 14:26:09 UTC 2020
319 ms. Memory: 51200K Free: 35212K (69%)
ptolemy.util.test.WatchDog.cancel(): canceling Mon May 25 14:26:09 UTC 2020
auto.tcl: Setting watchdog for 200 seconds at Mon May 25 14:26:09 UTC 2020
179 ms. Memory: 51200K Free: 20305K (40%)
ptolemy.util.test.WatchDog.cancel(): canceling Mon May 25 14:26:09 UTC 2020
------------------ testing $PTII/ptolemy/domains/de/test/auto/Time.xml
auto.tcl: Setting watchdog for 200 seconds at Mon May 25 14:26:09 UTC 2020
454 ms. Memory: 51200K Free: 32639K (64%)
ptolemy.util.test.WatchDog.cancel(): canceling Mon May 25 14:26:10 UTC 2020
auto.tcl: Setting watchdog for 200 seconds at Mon May 25 14:26:10 UTC 2020
405 ms. Memory: 70656K Free: 51533K (73%)
ptolemy.util.test.WatchDog.cancel(): canceling Mon May 25 14:26:10 UTC 2020
------------------ testing $PTII/ptolemy/domains/de/test/auto/TimeDelayZeroDelay.xml
auto.tcl: Setting watchdog for 200 seconds at Mon May 25 14:26:10 UTC 2020
2 ms. Memory: 55296K Free: 36532K (66%)
ptolemy.util.test.WatchDog.cancel(): canceling Mon May 25 14:26:10 UTC 2020
auto.tcl: Setting watchdog for 200 seconds at Mon May 25 14:26:10 UTC 2020
3 ms. Memory: 55296K Free: 36052K (65%)
ptolemy.util.test.WatchDog.cancel(): canceling Mon May 25 14:26:10 UTC 2020
------------------ testing $PTII/ptolemy/domains/de/test/auto/TimerZeroDelay.xml
auto.tcl: Setting watchdog for 200 seconds at Mon May 25 14:26:10 UTC 2020
3 ms. Memory: 55296K Free: 36910K (67%)
ptolemy.util.test.WatchDog.cancel(): canceling Mon May 25 14:26:10 UTC 2020
auto.tcl: Setting watchdog for 200 seconds at Mon May 25 14:26:10 UTC 2020
3 ms. Memory: 55296K Free: 36125K (65%)
ptolemy.util.test.WatchDog.cancel(): canceling Mon May 25 14:26:10 UTC 2020
------------------ testing $PTII/ptolemy/domains/de/test/auto/TimingParadox.xml
auto.tcl: Setting watchdog for 200 seconds at Mon May 25 14:26:10 UTC 2020
309 ms. Memory: 51200K Free: 19086K (37%)
ptolemy.util.test.WatchDog.cancel(): canceling Mon May 25 14:26:11 UTC 2020
auto.tcl: Setting watchdog for 200 seconds at Mon May 25 14:26:11 UTC 2020
279 ms. Memory: 51200K Free: 34050K (67%)
ptolemy.util.test.WatchDog.cancel(): canceling Mon May 25 14:26:11 UTC 2020
------------------ testing $PTII/ptolemy/domains/de/test/auto/TransferInputs.xml
auto.tcl: Setting watchdog for 200 seconds at Mon May 25 14:26:11 UTC 2020
2 ms. Memory: 51200K Free: 30960K (60%)
ptolemy.util.test.WatchDog.cancel(): canceling Mon May 25 14:26:11 UTC 2020
auto.tcl: Setting watchdog for 200 seconds at Mon May 25 14:26:11 UTC 2020
1 ms. Memory: 51200K Free: 30038K (59%)
ptolemy.util.test.WatchDog.cancel(): canceling Mon May 25 14:26:11 UTC 2020
------------------ testing $PTII/ptolemy/domains/de/test/auto/TransferOutputs2.xml
auto.tcl: Setting watchdog for 200 seconds at Mon May 25 14:26:11 UTC 2020
2 ms. Memory: 51200K Free: 28388K (55%)
ptolemy.util.test.WatchDog.cancel(): canceling Mon May 25 14:26:11 UTC 2020
auto.tcl: Setting watchdog for 200 seconds at Mon May 25 14:26:11 UTC 2020
3 ms. Memory: 51200K Free: 26968K (53%)
ptolemy.util.test.WatchDog.cancel(): canceling Mon May 25 14:26:11 UTC 2020
------------------ testing $PTII/ptolemy/domains/de/test/auto/Trilateration.xml
auto.tcl: Setting watchdog for 200 seconds at Mon May 25 14:26:11 UTC 2020
13603 ms. Memory: 487424K Free: 297899K (61%)
ptolemy.util.test.WatchDog.cancel(): canceling Mon May 25 14:26:26 UTC 2020
auto.tcl: Setting watchdog for 200 seconds at Mon May 25 14:26:26 UTC 2020
9872 ms. Memory: 487424K Free: 246602K (51%)
ptolemy.util.test.WatchDog.cancel(): canceling Mon May 25 14:26:36 UTC 2020
------------------ testing $PTII/ptolemy/domains/de/test/auto/TwoSigmaDelta.xml
auto.tcl: Setting watchdog for 200 seconds at Mon May 25 14:26:36 UTC 2020
2235 ms. Memory: 89088K Free: 17284K (19%)
ptolemy.util.test.WatchDog.cancel(): canceling Mon May 25 14:26:38 UTC 2020
auto.tcl: Setting watchdog for 200 seconds at Mon May 25 14:26:38 UTC 2020
1923 ms. Memory: 89088K Free: 61854K (69%)
ptolemy.util.test.WatchDog.cancel(): canceling Mon May 25 14:26:40 UTC 2020
------------------ testing $PTII/ptolemy/domains/de/test/auto/VariableDelay.xml
auto.tcl: Setting watchdog for 200 seconds at Mon May 25 14:26:40 UTC 2020
3 ms. Memory: 58368K Free: 38585K (66%)
ptolemy.util.test.WatchDog.cancel(): canceling Mon May 25 14:26:40 UTC 2020
auto.tcl: Setting watchdog for 200 seconds at Mon May 25 14:26:40 UTC 2020
2 ms. Memory: 58368K Free: 37591K (64%)
ptolemy.util.test.WatchDog.cancel(): canceling Mon May 25 14:26:40 UTC 2020
------------------ testing $PTII/ptolemy/domains/de/test/auto/VariableDelay2.xml
auto.tcl: Setting watchdog for 200 seconds at Mon May 25 14:26:40 UTC 2020
2 ms. Memory: 55296K Free: 35911K (65%)
ptolemy.util.test.WatchDog.cancel(): canceling Mon May 25 14:26:40 UTC 2020
auto.tcl: Setting watchdog for 200 seconds at Mon May 25 14:26:40 UTC 2020
2 ms. Memory: 55296K Free: 35431K (64%)
ptolemy.util.test.WatchDog.cancel(): canceling Mon May 25 14:26:40 UTC 2020
------------------ testing $PTII/ptolemy/domains/de/test/auto/VariableDelayZeroDelay.xml
auto.tcl: Setting watchdog for 200 seconds at Mon May 25 14:26:40 UTC 2020
2 ms. Memory: 51200K Free: 32359K (63%)
ptolemy.util.test.WatchDog.cancel(): canceling Mon May 25 14:26:40 UTC 2020
auto.tcl: Setting watchdog for 200 seconds at Mon May 25 14:26:40 UTC 2020
2 ms. Memory: 51200K Free: 31815K (62%)
ptolemy.util.test.WatchDog.cancel(): canceling Mon May 25 14:26:40 UTC 2020
------------------ testing $PTII/ptolemy/domains/de/test/auto/VariableDelayZeroDelay2.xml
auto.tcl: Setting watchdog for 200 seconds at Mon May 25 14:26:40 UTC 2020
1 ms. Memory: 51200K Free: 32357K (63%)
ptolemy.util.test.WatchDog.cancel(): canceling Mon May 25 14:26:40 UTC 2020
auto.tcl: Setting watchdog for 200 seconds at Mon May 25 14:26:40 UTC 2020
2 ms. Memory: 51200K Free: 31333K (61%)
ptolemy.util.test.WatchDog.cancel(): canceling Mon May 25 14:26:40 UTC 2020
------------------ testing $PTII/ptolemy/domains/de/test/auto/deInCt.xml
auto.tcl: Setting watchdog for 200 seconds at Mon May 25 14:26:40 UTC 2020
0
1
1
1
0
0
0
0
1
1
1
1
0
0
0
1
1
0
0
0
1
1
1
1
0
0
0
1
1
1
0
0
0
0
1
1
1
0
0
0
0
10 ms. Memory: 51200K Free: 31331K (61%)
ptolemy.util.test.WatchDog.cancel(): canceling Mon May 25 14:26:41 UTC 2020
auto.tcl: Setting watchdog for 200 seconds at Mon May 25 14:26:41 UTC 2020
0
1
1
1
0
0
0
1
1
1
0
0
0
0
1
1
0
0
0
0
1
1
0
0
0
0
1
1
1
0
0
1
1
1
1
0
0
0
1
1
1
0
0
0
1
1
1
1
6 ms. Memory: 51200K Free: 29791K (58%)
ptolemy.util.test.WatchDog.cancel(): canceling Mon May 25 14:26:41 UTC 2020
------------------ testing $PTII/ptolemy/domains/de/test/auto/deInCt2.xml
auto.tcl: Setting watchdog for 200 seconds at Mon May 25 14:26:41 UTC 2020
0
1
1
1
0
0
1
1
1
0
0
1
1
1
0
0
1
1
1
0
0
1
1
1
0
0
1
1
1
0
0
1
1
1
0
0
1
1
1
0
0
0
11 ms. Memory: 51200K Free: 31333K (61%)
ptolemy.util.test.WatchDog.cancel(): canceling Mon May 25 14:26:41 UTC 2020
auto.tcl: Setting watchdog for 200 seconds at Mon May 25 14:26:41 UTC 2020
0
1
1
1
0
0
1
1
1
0
0
1
1
1
0
0
1
1
1
0
0
1
1
1
0
0
1
1
1
0
0
1
1
1
0
0
1
1
1
0
0
0
9 ms. Memory: 51200K Free: 29808K (58%)
ptolemy.util.test.WatchDog.cancel(): canceling Mon May 25 14:26:41 UTC 2020
------------------ testing $PTII/ptolemy/domains/de/test/auto/dynamicCausalityInterface1.xml
auto.tcl: Setting watchdog for 200 seconds at Mon May 25 14:26:41 UTC 2020
4 ms. Memory: 51200K Free: 27232K (53%)
ptolemy.util.test.WatchDog.cancel(): canceling Mon May 25 14:26:41 UTC 2020
auto.tcl: Setting watchdog for 200 seconds at Mon May 25 14:26:41 UTC 2020
1 ms. Memory: 51200K Free: 26718K (52%)
ptolemy.util.test.WatchDog.cancel(): canceling Mon May 25 14:26:41 UTC 2020
------------------ testing $PTII/ptolemy/domains/de/test/auto/fsm_de_test.xml
auto.tcl: Setting watchdog for 200 seconds at Mon May 25 14:26:41 UTC 2020
7 ms. Memory: 51200K Free: 27130K (53%)
ptolemy.util.test.WatchDog.cancel(): canceling Mon May 25 14:26:41 UTC 2020
auto.tcl: Setting watchdog for 200 seconds at Mon May 25 14:26:41 UTC 2020
5 ms. Memory: 51200K Free: 25082K (49%)
ptolemy.util.test.WatchDog.cancel(): canceling Mon May 25 14:26:41 UTC 2020
------------------ testing $PTII/ptolemy/domains/de/test/auto/functionDependencyReconstruction.xml
auto.tcl: Setting watchdog for 200 seconds at Mon May 25 14:26:41 UTC 2020
3 ms. Memory: 51200K Free: 21066K (41%)
ptolemy.util.test.WatchDog.cancel(): canceling Mon May 25 14:26:41 UTC 2020
auto.tcl: Setting watchdog for 200 seconds at Mon May 25 14:26:41 UTC 2020
3 ms. Memory: 51200K Free: 18928K (37%)
ptolemy.util.test.WatchDog.cancel(): canceling Mon May 25 14:26:41 UTC 2020
------------------ testing $PTII/ptolemy/domains/de/test/auto/multirate.xml
auto.tcl: Setting watchdog for 200 seconds at Mon May 25 14:26:41 UTC 2020
6 ms. Memory: 51200K Free: 29772K (58%)
ptolemy.util.test.WatchDog.cancel(): canceling Mon May 25 14:26:41 UTC 2020
auto.tcl: Setting watchdog for 200 seconds at Mon May 25 14:26:41 UTC 2020
3 ms. Memory: 51200K Free: 28042K (55%)
ptolemy.util.test.WatchDog.cancel(): canceling Mon May 25 14:26:41 UTC 2020
------------------ testing $PTII/ptolemy/domains/de/test/auto/multirate2.xml
auto.tcl: Setting watchdog for 200 seconds at Mon May 25 14:26:41 UTC 2020
3 ms. Memory: 51200K Free: 29926K (58%)
ptolemy.util.test.WatchDog.cancel(): canceling Mon May 25 14:26:41 UTC 2020
auto.tcl: Setting watchdog for 200 seconds at Mon May 25 14:26:41 UTC 2020
3 ms. Memory: 51200K Free: 28207K (55%)
ptolemy.util.test.WatchDog.cancel(): canceling Mon May 25 14:26:41 UTC 2020
------------------ testing $PTII/ptolemy/domains/de/test/auto/realtime.xml
auto.tcl: Setting watchdog for 200 seconds at Mon May 25 14:26:41 UTC 2020
10003 ms. Memory: 51200K Free: 31983K (62%)
ptolemy.util.test.WatchDog.cancel(): canceling Mon May 25 14:26:51 UTC 2020
auto.tcl: Setting watchdog for 200 seconds at Mon May 25 14:26:51 UTC 2020
10001 ms. Memory: 51200K Free: 31277K (61%)
ptolemy.util.test.WatchDog.cancel(): canceling Mon May 25 14:27:01 UTC 2020
------------------ testing $PTII/ptolemy/domains/de/test/auto/relationGroup.xml
auto.tcl: Setting watchdog for 200 seconds at Mon May 25 14:27:01 UTC 2020
2 ms. Memory: 51200K Free: 33092K (65%)
ptolemy.util.test.WatchDog.cancel(): canceling Mon May 25 14:27:01 UTC 2020
auto.tcl: Setting watchdog for 200 seconds at Mon May 25 14:27:01 UTC 2020
2 ms. Memory: 51200K Free: 32357K (63%)
ptolemy.util.test.WatchDog.cancel(): canceling Mon May 25 14:27:01 UTC 2020
------------------ testing $PTII/ptolemy/domains/de/test/auto/relationGroup2.xml
auto.tcl: Setting watchdog for 200 seconds at Mon May 25 14:27:01 UTC 2020
1 ms. Memory: 51200K Free: 33118K (65%)
ptolemy.util.test.WatchDog.cancel(): canceling Mon May 25 14:27:01 UTC 2020
auto.tcl: Setting watchdog for 200 seconds at Mon May 25 14:27:01 UTC 2020
1 ms. Memory: 51200K Free: 32622K (64%)
ptolemy.util.test.WatchDog.cancel(): canceling Mon May 25 14:27:01 UTC 2020
------------------ testing $PTII/ptolemy/domains/de/test/auto/sortWithOpaquePorts.xml
auto.tcl: Setting watchdog for 200 seconds at Mon May 25 14:27:01 UTC 2020
3 ms. Memory: 51200K Free: 31856K (62%)
ptolemy.util.test.WatchDog.cancel(): canceling Mon May 25 14:27:01 UTC 2020
auto.tcl: Setting watchdog for 200 seconds at Mon May 25 14:27:01 UTC 2020
3 ms. Memory: 51200K Free: 30831K (60%)
ptolemy.util.test.WatchDog.cancel(): canceling Mon May 25 14:27:01 UTC 2020
------------------ testing $PTII/ptolemy/domains/de/test/auto/transferInputsandOutputs.xml
auto.tcl: Setting watchdog for 200 seconds at Mon May 25 14:27:01 UTC 2020
5 ms. Memory: 51200K Free: 29299K (57%)
ptolemy.util.test.WatchDog.cancel(): canceling Mon May 25 14:27:01 UTC 2020
auto.tcl: Setting watchdog for 200 seconds at Mon May 25 14:27:01 UTC 2020
3 ms. Memory: 51200K Free: 28275K (55%)
ptolemy.util.test.WatchDog.cancel(): canceling Mon May 25 14:27:01 UTC 2020
------------------ testing $PTII/ptolemy/domains/de/test/auto/triggerType.xml
auto.tcl: Setting watchdog for 200 seconds at Mon May 25 14:27:01 UTC 2020
2 ms. Memory: 51200K Free: 32324K (63%)
ptolemy.util.test.WatchDog.cancel(): canceling Mon May 25 14:27:01 UTC 2020
auto.tcl: Setting watchdog for 200 seconds at Mon May 25 14:27:01 UTC 2020
2 ms. Memory: 51200K Free: 31300K (61%)
ptolemy.util.test.WatchDog.cancel(): canceling Mon May 25 14:27:01 UTC 2020
05/25/20 02:27:01
Failed: 0  Total Tests: 192  ((Passed: 187, Newly Passed: 1)  Known Failed: 5) /home/travis/build/icyphy/ptII/ptolemy/domains/de/test
05/25/20 02:27:01
Failed: 0  Total Tests: 192  ((Passed: 187, Newly Passed: 1)  Known Failed: 5) /home/travis/build/icyphy/ptII/ptolemy/domains/de/test
----------------- testing (KnownFailure) /home/travis/build/icyphy/ptII/ptolemy/domains/de/test/auto/knownFailedTests/DESDFClockTest.xml
2013 ms. Memory: 51200K Free: 25719K (50%)
Known Failure: java.lang.reflect.InvocationTargetException
----------------- testing (KnownFailure) /home/travis/build/icyphy/ptII/ptolemy/domains/de/test/auto/knownFailedTests/DirectFeedback.xml
2 ms. Memory: 51200K Free: 22137K (43%)
Known Failure: java.lang.reflect.InvocationTargetException
----------------- testing (KnownFailure) /home/travis/build/icyphy/ptII/ptolemy/domains/de/test/auto/knownFailedTests/FSMSource.xml
19 ms. Memory: 51200K Free: 14969K (29%)
----------------- testing (KnownFailure) /home/travis/build/icyphy/ptII/ptolemy/domains/de/test/auto/knownFailedTests/HierarchicalModel.xml
4 ms. Memory: 51200K Free: 27198K (53%)
Known Failure: java.lang.reflect.InvocationTargetException
----------------- testing (KnownFailure) /home/travis/build/icyphy/ptII/ptolemy/domains/de/test/auto/knownFailedTests/dependencyLoop.xml
2 ms. Memory: 51200K Free: 11886K (23%)
Known Failure: java.lang.reflect.InvocationTargetException
----------------- testing (KnownFailure) /home/travis/build/icyphy/ptII/ptolemy/domains/de/test/auto/knownFailedTests/dependencyLoop2.xml
4 ms. Memory: 51200K Free: 24771K (48%)
Known Failure: java.lang.reflect.InvocationTargetException
No auto/linux-amd64/*.xml tests in /home/travis/build/icyphy/ptII/ptolemy/domains/de/test
AutoTests.java: About to close Vertx.
AutoTests.java: Vertx closed.

===========================================================================================
----------------- testing Mon May 25 14:27:04 UTC 2020 /home/travis/build/icyphy/ptII/ptolemy/domains/de/test/auto/ActorDepthCalculation_actorWithoutPorts.xml
----------------- Instantiating /home/travis/build/icyphy/ptII/ptolemy/domains/de/test/auto/ActorDepthCalculation_actorWithoutPorts.xml
2 ms. Memory: 51200K Free: 18260K (36%)
----------------- Invoking toplevel() on ptolemy.moml.MoMLSimpleApplication@55e03665
----------------- Done invoking toplevel() on ptolemy.moml.MoMLSimpleApplication@55e03665
reloadAllAccessors: .ActorDepthCalculation_actorWithoutPorts

===========================================================================================
----------------- testing Mon May 25 14:27:04 UTC 2020 /home/travis/build/icyphy/ptII/ptolemy/domains/de/test/auto/AssemblyLine.xml
----------------- Instantiating /home/travis/build/icyphy/ptII/ptolemy/domains/de/test/auto/AssemblyLine.xml
5 ms. Memory: 51200K Free: 11401K (22%)
----------------- Invoking toplevel() on ptolemy.moml.MoMLSimpleApplication@26b4f371
----------------- Done invoking toplevel() on ptolemy.moml.MoMLSimpleApplication@26b4f371
reloadAllAccessors: .AssemblyLine

===========================================================================================
----------------- testing Mon May 25 14:27:04 UTC 2020 /home/travis/build/icyphy/ptII/ptolemy/domains/de/test/auto/CQBug1.xml
----------------- Instantiating /home/travis/build/icyphy/ptII/ptolemy/domains/de/test/auto/CQBug1.xml
1 ms. Memory: 51200K Free: 8443K (16%)
----------------- Invoking toplevel() on ptolemy.moml.MoMLSimpleApplication@316a6ff3
----------------- Done invoking toplevel() on ptolemy.moml.MoMLSimpleApplication@316a6ff3
reloadAllAccessors: .CQBug1

===========================================================================================
----------------- testing Mon May 25 14:27:04 UTC 2020 /home/travis/build/icyphy/ptII/ptolemy/domains/de/test/auto/CancelFireAt.xml
----------------- Instantiating /home/travis/build/icyphy/ptII/ptolemy/domains/de/test/auto/CancelFireAt.xml
10 ms. Memory: 51200K Free: 33928K (66%)
----------------- Invoking toplevel() on ptolemy.moml.MoMLSimpleApplication@59a1aa52
----------------- Done invoking toplevel() on ptolemy.moml.MoMLSimpleApplication@59a1aa52
reloadAllAccessors: .CancelFireAt

===========================================================================================
----------------- testing Mon May 25 14:27:04 UTC 2020 /home/travis/build/icyphy/ptII/ptolemy/domains/de/test/auto/CausalityAndComposabilityAnalysis.xml
----------------- Instantiating /home/travis/build/icyphy/ptII/ptolemy/domains/de/test/auto/CausalityAndComposabilityAnalysis.xml
2 ms. Memory: 51200K Free: 29526K (58%)
----------------- Invoking toplevel() on ptolemy.moml.MoMLSimpleApplication@7897509b
----------------- Done invoking toplevel() on ptolemy.moml.MoMLSimpleApplication@7897509b
reloadAllAccessors: .CausalityAndComposabilityAnalysis

===========================================================================================
----------------- testing Mon May 25 14:27:04 UTC 2020 /home/travis/build/icyphy/ptII/ptolemy/domains/de/test/auto/CausalityInterface1.xml
----------------- Instantiating /home/travis/build/icyphy/ptII/ptolemy/domains/de/test/auto/CausalityInterface1.xml
5 ms. Memory: 51200K Free: 24438K (48%)
----------------- Invoking toplevel() on ptolemy.moml.MoMLSimpleApplication@114a092a
----------------- Done invoking toplevel() on ptolemy.moml.MoMLSimpleApplication@114a092a
reloadAllAccessors: .CausalityInterface1

===========================================================================================
----------------- testing Mon May 25 14:27:04 UTC 2020 /home/travis/build/icyphy/ptII/ptolemy/domains/de/test/auto/CausalityInterface15.xml
----------------- Instantiating /home/travis/build/icyphy/ptII/ptolemy/domains/de/test/auto/CausalityInterface15.xml
2 ms. Memory: 51200K Free: 18969K (37%)
----------------- Invoking toplevel() on ptolemy.moml.MoMLSimpleApplication@278eb1af
----------------- Done invoking toplevel() on ptolemy.moml.MoMLSimpleApplication@278eb1af
reloadAllAccessors: .CausalityInterface15

===========================================================================================
----------------- testing Mon May 25 14:27:04 UTC 2020 /home/travis/build/icyphy/ptII/ptolemy/domains/de/test/auto/CausalityInterface2.xml
----------------- Instantiating /home/travis/build/icyphy/ptII/ptolemy/domains/de/test/auto/CausalityInterface2.xml
1 ms. Memory: 51200K Free: 14435K (28%)
[...]
	at ptolemy.actor.Manager.run(Manager.java:1263)
	at ptolemy.actor.Manager$PtolemyRunThread.run(Manager.java:1933)
java.lang.RuntimeException: Execution failed
	at ptolemy.moml.MoMLSimpleApplication$UnloadThread.run(MoMLSimpleApplication.java:402)
Caused by: ptolemy.kernel.util.IllegalActionException: Actor is not ready to fire.  Perhaps UpSample.prefire() returned false? Try debugging the actor by selecting "Listen to Actor".  Also, for SDF check moml for tokenConsumptionRate on input.
  in .DESDFClockTest.Play Bell.Copy1:SDF Director and .DESDFClockTest.Play Bell.UpSample
	at ptolemy.actor.sched.StaticSchedulingDirector.fire(StaticSchedulingDirector.java:227)
	at ptolemy.domains.sdf.kernel.SDFDirector.fire(SDFDirector.java:500)
	at ptolemy.actor.CompositeActor.fire(CompositeActor.java:455)
	at ptolemy.domains.de.kernel.DEDirector._fire(DEDirector.java:1949)
	at ptolemy.domains.de.kernel.DEDirector.fire(DEDirector.java:502)
	at ptolemy.actor.CompositeActor.fire(CompositeActor.java:455)
	at ptolemy.actor.Manager.iterate(Manager.java:851)
	at ptolemy.actor.Manager.execute(Manager.java:369)
	at ptolemy.actor.Manager.run(Manager.java:1263)
	at ptolemy.actor.Manager$PtolemyRunThread.run(Manager.java:1933)
java.lang.reflect.InvocationTargetException
	at java.base/jdk.internal.reflect.NativeConstructorAccessorImpl.newInstance0(Native Method)
	at java.base/jdk.internal.reflect.NativeConstructorAccessorImpl.newInstance(NativeConstructorAccessorImpl.java:62)
	at java.base/jdk.internal.reflect.DelegatingConstructorAccessorImpl.newInstance(DelegatingConstructorAccessorImpl.java:45)
	at java.base/java.lang.reflect.Constructor.newInstance(Constructor.java:490)
	at ptolemy.util.test.junit.AutoKnownFailedTests.RunModel(AutoKnownFailedTests.java:105)
	at java.base/jdk.internal.reflect.NativeMethodAccessorImpl.invoke0(Native Method)
	at java.base/jdk.internal.reflect.NativeMethodAccessorImpl.invoke(NativeMethodAccessorImpl.java:62)
	at java.base/jdk.internal.reflect.DelegatingMethodAccessorImpl.invoke(DelegatingMethodAccessorImpl.java:43)
	at java.base/java.lang.reflect.Method.invoke(Method.java:566)
	at org.junit.runners.model.FrameworkMethod$1.runReflectiveCall(FrameworkMethod.java:44)
	at org.junit.internal.runners.model.ReflectiveCallable.run(ReflectiveCallable.java:15)
	at org.junit.runners.model.FrameworkMethod.invokeExplosively(FrameworkMethod.java:41)
	at junitparams.internal.InvokeParameterisedMethod.evaluate(InvokeParameterisedMethod.java:102)
	at org.junit.internal.runners.statements.FailOnTimeout$1.run(FailOnTimeout.java:28)
Caused by: ptolemy.kernel.util.IllegalActionException: Actor is not ready to fire.  Perhaps UpSample.prefire() returned false? Try debugging the actor by selecting "Listen to Actor".  Also, for SDF check moml for tokenConsumptionRate on input.
  in .DESDFClockTest.Play Bell.Copy1:SDF Director and .DESDFClockTest.Play Bell.UpSample
	at ptolemy.actor.sched.StaticSchedulingDirector.fire(StaticSchedulingDirector.java:227)
	at ptolemy.domains.sdf.kernel.SDFDirector.fire(SDFDirector.java:500)
	at ptolemy.actor.CompositeActor.fire(CompositeActor.java:455)
	at ptolemy.domains.de.kernel.DEDirector._fire(DEDirector.java:1949)
	at ptolemy.domains.de.kernel.DEDirector.fire(DEDirector.java:502)
	at ptolemy.actor.CompositeActor.fire(CompositeActor.java:455)
	at ptolemy.actor.Manager.iterate(Manager.java:851)
	at ptolemy.actor.Manager.execute(Manager.java:369)
	at ptolemy.actor.Manager.run(Manager.java:1263)
	at ptolemy.actor.Manager$PtolemyRunThread.run(Manager.java:1933)
java.lang.RuntimeException: Execution failed
	at ptolemy.moml.MoMLSimpleApplication$UnloadThread.run(MoMLSimpleApplication.java:402)
Caused by: ptolemy.kernel.util.IllegalActionException: Test fails in iteration 1.
Value was: 1.0. Should have been: 2.0
  in .DirectFeedback.Test
	at ptolemy.actor.lib.Test.fire(Test.java:268)
	at ptolemy.domains.de.kernel.DEDirector._fire(DEDirector.java:1949)
	at ptolemy.domains.de.kernel.DEDirector.fire(DEDirector.java:502)
	at ptolemy.actor.CompositeActor.fire(CompositeActor.java:455)
	at ptolemy.actor.Manager.iterate(Manager.java:851)
	at ptolemy.actor.Manager.execute(Manager.java:369)
	at ptolemy.actor.Manager.run(Manager.java:1263)
	at ptolemy.actor.Manager$PtolemyRunThread.run(Manager.java:1933)
java.lang.reflect.InvocationTargetException
	at java.base/jdk.internal.reflect.NativeConstructorAccessorImpl.newInstance0(Native Method)
	at java.base/jdk.internal.reflect.NativeConstructorAccessorImpl.newInstance(NativeConstructorAccessorImpl.java:62)
	at java.base/jdk.internal.reflect.DelegatingConstructorAccessorImpl.newInstance(DelegatingConstructorAccessorImpl.java:45)
	at java.base/java.lang.reflect.Constructor.newInstance(Constructor.java:490)
	at ptolemy.util.test.junit.AutoKnownFailedTests.RunModel(AutoKnownFailedTests.java:105)
	at java.base/jdk.internal.reflect.NativeMethodAccessorImpl.invoke0(Native Method)
	at java.base/jdk.internal.reflect.NativeMethodAccessorImpl.invoke(NativeMethodAccessorImpl.java:62)
	at java.base/jdk.internal.reflect.DelegatingMethodAccessorImpl.invoke(DelegatingMethodAccessorImpl.java:43)
	at java.base/java.lang.reflect.Method.invoke(Method.java:566)
	at org.junit.runners.model.FrameworkMethod$1.runReflectiveCall(FrameworkMethod.java:44)
	at org.junit.internal.runners.model.ReflectiveCallable.run(ReflectiveCallable.java:15)
	at org.junit.runners.model.FrameworkMethod.invokeExplosively(FrameworkMethod.java:41)
	at junitparams.internal.InvokeParameterisedMethod.evaluate(InvokeParameterisedMethod.java:102)
	at org.junit.internal.runners.statements.FailOnTimeout$1.run(FailOnTimeout.java:28)
Caused by: ptolemy.kernel.util.IllegalActionException: Test fails in iteration 1.
Value was: 1.0. Should have been: 2.0
  in .DirectFeedback.Test
	at ptolemy.actor.lib.Test.fire(Test.java:268)
	at ptolemy.domains.de.kernel.DEDirector._fire(DEDirector.java:1949)
	at ptolemy.domains.de.kernel.DEDirector.fire(DEDirector.java:502)
	at ptolemy.actor.CompositeActor.fire(CompositeActor.java:455)
	at ptolemy.actor.Manager.iterate(Manager.java:851)
	at ptolemy.actor.Manager.execute(Manager.java:369)
	at ptolemy.actor.Manager.run(Manager.java:1263)
	at ptolemy.actor.Manager$PtolemyRunThread.run(Manager.java:1933)
java.lang.RuntimeException: Execution failed
	at ptolemy.moml.MoMLSimpleApplication$UnloadThread.run(MoMLSimpleApplication.java:402)
Caused by: ptolemy.kernel.util.IllegalActionException: Found a zero delay loop containing .HierarchicalModel.A
  in .HierarchicalModel and .HierarchicalModel.A
	at ptolemy.actor.util.CausalityInterfaceForComposites._computeOutputPortDepth(CausalityInterfaceForComposites.java:759)
	at ptolemy.actor.util.CausalityInterfaceForComposites._computeInputDepth(CausalityInterfaceForComposites.java:696)
	at ptolemy.actor.util.CausalityInterfaceForComposites._computeOutputPortDepth(CausalityInterfaceForComposites.java:765)
	at ptolemy.actor.util.CausalityInterfaceForComposites._computeInputDepth(CausalityInterfaceForComposites.java:696)
	at ptolemy.actor.util.CausalityInterfaceForComposites._computeOutputPortDepth(CausalityInterfaceForComposites.java:765)
	at ptolemy.actor.util.CausalityInterfaceForComposites._computeInputDepth(CausalityInterfaceForComposites.java:696)
	at ptolemy.actor.util.CausalityInterfaceForComposites._computeActorDepth(CausalityInterfaceForComposites.java:532)
	at ptolemy.actor.util.CausalityInterfaceForComposites.checkForCycles(CausalityInterfaceForComposites.java:96)
	at ptolemy.domains.de.kernel.DEDirector.preinitialize(DEDirector.java:1338)
	at ptolemy.actor.CompositeActor.preinitialize(CompositeActor.java:1828)
	at ptolemy.actor.Manager.preinitializeAndResolveTypes(Manager.java:1040)
	at ptolemy.actor.Manager.initialize(Manager.java:710)
	at ptolemy.actor.Manager.execute(Manager.java:356)
	at ptolemy.actor.Manager.run(Manager.java:1263)
	at ptolemy.actor.Manager$PtolemyRunThread.run(Manager.java:1933)
java.lang.reflect.InvocationTargetException
	at java.base/jdk.internal.reflect.NativeConstructorAccessorImpl.newInstance0(Native Method)
	at java.base/jdk.internal.reflect.NativeConstructorAccessorImpl.newInstance(NativeConstructorAccessorImpl.java:62)
	at java.base/jdk.internal.reflect.DelegatingConstructorAccessorImpl.newInstance(DelegatingConstructorAccessorImpl.java:45)
	at java.base/java.lang.reflect.Constructor.newInstance(Constructor.java:490)
	at ptolemy.util.test.junit.AutoKnownFailedTests.RunModel(AutoKnownFailedTests.java:105)
	at java.base/jdk.internal.reflect.NativeMethodAccessorImpl.invoke0(Native Method)
	at java.base/jdk.internal.reflect.NativeMethodAccessorImpl.invoke(NativeMethodAccessorImpl.java:62)
	at java.base/jdk.internal.reflect.DelegatingMethodAccessorImpl.invoke(DelegatingMethodAccessorImpl.java:43)
	at java.base/java.lang.reflect.Method.invoke(Method.java:566)
	at org.junit.runners.model.FrameworkMethod$1.runReflectiveCall(FrameworkMethod.java:44)
	at org.junit.internal.runners.model.ReflectiveCallable.run(ReflectiveCallable.java:15)
	at org.junit.runners.model.FrameworkMethod.invokeExplosively(FrameworkMethod.java:41)
	at junitparams.internal.InvokeParameterisedMethod.evaluate(InvokeParameterisedMethod.java:102)
	at org.junit.internal.runners.statements.FailOnTimeout$1.run(FailOnTimeout.java:28)
Caused by: ptolemy.kernel.util.IllegalActionException: Found a zero delay loop containing .HierarchicalModel.A
  in .HierarchicalModel and .HierarchicalModel.A
	at ptolemy.actor.util.CausalityInterfaceForComposites._computeOutputPortDepth(CausalityInterfaceForComposites.java:759)
	at ptolemy.actor.util.CausalityInterfaceForComposites._computeInputDepth(CausalityInterfaceForComposites.java:696)
	at ptolemy.actor.util.CausalityInterfaceForComposites._computeOutputPortDepth(CausalityInterfaceForComposites.java:765)
	at ptolemy.actor.util.CausalityInterfaceForComposites._computeInputDepth(CausalityInterfaceForComposites.java:696)
	at ptolemy.actor.util.CausalityInterfaceForComposites._computeOutputPortDepth(CausalityInterfaceForComposites.java:765)
	at ptolemy.actor.util.CausalityInterfaceForComposites._computeInputDepth(CausalityInterfaceForComposites.java:696)
	at ptolemy.actor.util.CausalityInterfaceForComposites._computeActorDepth(CausalityInterfaceForComposites.java:532)
	at ptolemy.actor.util.CausalityInterfaceForComposites.checkForCycles(CausalityInterfaceForComposites.java:96)
	at ptolemy.domains.de.kernel.DEDirector.preinitialize(DEDirector.java:1338)
	at ptolemy.actor.CompositeActor.preinitialize(CompositeActor.java:1828)
	at ptolemy.actor.Manager.preinitializeAndResolveTypes(Manager.java:1040)
	at ptolemy.actor.Manager.initialize(Manager.java:710)
	at ptolemy.actor.Manager.execute(Manager.java:356)
	at ptolemy.actor.Manager.run(Manager.java:1263)
	at ptolemy.actor.Manager$PtolemyRunThread.run(Manager.java:1933)
java.lang.RuntimeException: Execution failed
	at ptolemy.moml.MoMLSimpleApplication$UnloadThread.run(MoMLSimpleApplication.java:402)
Caused by: ptolemy.kernel.util.IllegalActionException: Found a zero delay loop containing .dependencyLoop.original
  in .dependencyLoop and .dependencyLoop.original
	at ptolemy.actor.util.CausalityInterfaceForComposites._computeOutputPortDepth(CausalityInterfaceForComposites.java:759)
	at ptolemy.actor.util.CausalityInterfaceForComposites._computeInputDepth(CausalityInterfaceForComposites.java:696)
	at ptolemy.actor.util.CausalityInterfaceForComposites._computeOutputPortDepth(CausalityInterfaceForComposites.java:765)
	at ptolemy.actor.util.CausalityInterfaceForComposites._computeInputDepth(CausalityInterfaceForComposites.java:696)
	at ptolemy.actor.util.CausalityInterfaceForComposites._computeOutputPortDepth(CausalityInterfaceForComposites.java:765)
	at ptolemy.actor.util.CausalityInterfaceForComposites._computeInputDepth(CausalityInterfaceForComposites.java:696)
	at ptolemy.actor.util.CausalityInterfaceForComposites._computeActorDepth(CausalityInterfaceForComposites.java:532)
	at ptolemy.actor.util.CausalityInterfaceForComposites.checkForCycles(CausalityInterfaceForComposites.java:96)
	at ptolemy.domains.de.kernel.DEDirector.preinitialize(DEDirector.java:1338)
	at ptolemy.actor.CompositeActor.preinitialize(CompositeActor.java:1828)
	at ptolemy.actor.Manager.preinitializeAndResolveTypes(Manager.java:1040)
	at ptolemy.actor.Manager.initialize(Manager.java:710)
	at ptolemy.actor.Manager.execute(Manager.java:356)
	at ptolemy.actor.Manager.run(Manager.java:1263)
	at ptolemy.actor.Manager$PtolemyRunThread.run(Manager.java:1933)
java.lang.reflect.InvocationTargetException
	at java.base/jdk.internal.reflect.NativeConstructorAccessorImpl.newInstance0(Native Method)
	at java.base/jdk.internal.reflect.NativeConstructorAccessorImpl.newInstance(NativeConstructorAccessorImpl.java:62)
	at java.base/jdk.internal.reflect.DelegatingConstructorAccessorImpl.newInstance(DelegatingConstructorAccessorImpl.java:45)
	at java.base/java.lang.reflect.Constructor.newInstance(Constructor.java:490)
	at ptolemy.util.test.junit.AutoKnownFailedTests.RunModel(AutoKnownFailedTests.java:105)
	at java.base/jdk.internal.reflect.NativeMethodAccessorImpl.invoke0(Native Method)
	at java.base/jdk.internal.reflect.NativeMethodAccessorImpl.invoke(NativeMethodAccessorImpl.java:62)
	at java.base/jdk.internal.reflect.DelegatingMethodAccessorImpl.invoke(DelegatingMethodAccessorImpl.java:43)
	at java.base/java.lang.reflect.Method.invoke(Method.java:566)
	at org.junit.runners.model.FrameworkMethod$1.runReflectiveCall(FrameworkMethod.java:44)
	at org.junit.internal.runners.model.ReflectiveCallable.run(ReflectiveCallable.java:15)
	at org.junit.runners.model.FrameworkMethod.invokeExplosively(FrameworkMethod.java:41)
	at junitparams.internal.InvokeParameterisedMethod.evaluate(InvokeParameterisedMethod.java:102)
	at org.junit.internal.runners.statements.FailOnTimeout$1.run(FailOnTimeout.java:28)
Caused by: ptolemy.kernel.util.IllegalActionException: Found a zero delay loop containing .dependencyLoop.original
  in .dependencyLoop and .dependencyLoop.original
	at ptolemy.actor.util.CausalityInterfaceForComposites._computeOutputPortDepth(CausalityInterfaceForComposites.java:759)
	at ptolemy.actor.util.CausalityInterfaceForComposites._computeInputDepth(CausalityInterfaceForComposites.java:696)
	at ptolemy.actor.util.CausalityInterfaceForComposites._computeOutputPortDepth(CausalityInterfaceForComposites.java:765)
	at ptolemy.actor.util.CausalityInterfaceForComposites._computeInputDepth(CausalityInterfaceForComposites.java:696)
	at ptolemy.actor.util.CausalityInterfaceForComposites._computeOutputPortDepth(CausalityInterfaceForComposites.java:765)
	at ptolemy.actor.util.CausalityInterfaceForComposites._computeInputDepth(CausalityInterfaceForComposites.java:696)
	at ptolemy.actor.util.CausalityInterfaceForComposites._computeActorDepth(CausalityInterfaceForComposites.java:532)
	at ptolemy.actor.util.CausalityInterfaceForComposites.checkForCycles(CausalityInterfaceForComposites.java:96)
	at ptolemy.domains.de.kernel.DEDirector.preinitialize(DEDirector.java:1338)
	at ptolemy.actor.CompositeActor.preinitialize(CompositeActor.java:1828)
	at ptolemy.actor.Manager.preinitializeAndResolveTypes(Manager.java:1040)
	at ptolemy.actor.Manager.initialize(Manager.java:710)
	at ptolemy.actor.Manager.execute(Manager.java:356)
	at ptolemy.actor.Manager.run(Manager.java:1263)
	at ptolemy.actor.Manager$PtolemyRunThread.run(Manager.java:1933)
java.lang.RuntimeException: Execution failed
	at ptolemy.moml.MoMLSimpleApplication$UnloadThread.run(MoMLSimpleApplication.java:402)
Caused by: ptolemy.kernel.util.IllegalActionException: Found a zero delay loop containing .dependencyLoop2.original
  in .dependencyLoop2 and .dependencyLoop2.original
	at ptolemy.actor.util.CausalityInterfaceForComposites._computeOutputPortDepth(CausalityInterfaceForComposites.java:759)
	at ptolemy.actor.util.CausalityInterfaceForComposites._computeInputDepth(CausalityInterfaceForComposites.java:696)
	at ptolemy.actor.util.CausalityInterfaceForComposites._computeOutputPortDepth(CausalityInterfaceForComposites.java:765)
	at ptolemy.actor.util.CausalityInterfaceForComposites._computeInputDepth(CausalityInterfaceForComposites.java:696)
	at ptolemy.actor.util.CausalityInterfaceForComposites._computeOutputPortDepth(CausalityInterfaceForComposites.java:765)
	at ptolemy.actor.util.CausalityInterfaceForComposites._computeInputDepth(CausalityInterfaceForComposites.java:696)
	at ptolemy.actor.util.CausalityInterfaceForComposites._computeActorDepth(CausalityInterfaceForComposites.java:532)
	at ptolemy.actor.util.CausalityInterfaceForComposites.checkForCycles(CausalityInterfaceForComposites.java:96)
	at ptolemy.domains.de.kernel.DEDirector.preinitialize(DEDirector.java:1338)
	at ptolemy.actor.CompositeActor.preinitialize(CompositeActor.java:1828)
	at ptolemy.actor.Manager.preinitializeAndResolveTypes(Manager.java:1040)
	at ptolemy.actor.Manager.initialize(Manager.java:710)
	at ptolemy.actor.Manager.execute(Manager.java:356)
	at ptolemy.actor.Manager.run(Manager.java:1263)
	at ptolemy.actor.Manager$PtolemyRunThread.run(Manager.java:1933)
java.lang.reflect.InvocationTargetException
	at java.base/jdk.internal.reflect.NativeConstructorAccessorImpl.newInstance0(Native Method)
	at java.base/jdk.internal.reflect.NativeConstructorAccessorImpl.newInstance(NativeConstructorAccessorImpl.java:62)
	at java.base/jdk.internal.reflect.DelegatingConstructorAccessorImpl.newInstance(DelegatingConstructorAccessorImpl.java:45)
	at java.base/java.lang.reflect.Constructor.newInstance(Constructor.java:490)
	at ptolemy.util.test.junit.AutoKnownFailedTests.RunModel(AutoKnownFailedTests.java:105)
	at java.base/jdk.internal.reflect.NativeMethodAccessorImpl.invoke0(Native Method)
	at java.base/jdk.internal.reflect.NativeMethodAccessorImpl.invoke(NativeMethodAccessorImpl.java:62)
	at java.base/jdk.internal.reflect.DelegatingMethodAccessorImpl.invoke(DelegatingMethodAccessorImpl.java:43)
	at java.base/java.lang.reflect.Method.invoke(Method.java:566)
	at org.junit.runners.model.FrameworkMethod$1.runReflectiveCall(FrameworkMethod.java:44)
	at org.junit.internal.runners.model.ReflectiveCallable.run(ReflectiveCallable.java:15)
	at org.junit.runners.model.FrameworkMethod.invokeExplosively(FrameworkMethod.java:41)
	at junitparams.internal.InvokeParameterisedMethod.evaluate(InvokeParameterisedMethod.java:102)
	at org.junit.internal.runners.statements.FailOnTimeout$1.run(FailOnTimeout.java:28)
Caused by: ptolemy.kernel.util.IllegalActionException: Found a zero delay loop containing .dependencyLoop2.original
  in .dependencyLoop2 and .dependencyLoop2.original
	at ptolemy.actor.util.CausalityInterfaceForComposites._computeOutputPortDepth(CausalityInterfaceForComposites.java:759)
	at ptolemy.actor.util.CausalityInterfaceForComposites._computeInputDepth(CausalityInterfaceForComposites.java:696)
	at ptolemy.actor.util.CausalityInterfaceForComposites._computeOutputPortDepth(CausalityInterfaceForComposites.java:765)
	at ptolemy.actor.util.CausalityInterfaceForComposites._computeInputDepth(CausalityInterfaceForComposites.java:696)
	at ptolemy.actor.util.CausalityInterfaceForComposites._computeOutputPortDepth(CausalityInterfaceForComposites.java:765)
	at ptolemy.actor.util.CausalityInterfaceForComposites._computeInputDepth(CausalityInterfaceForComposites.java:696)
	at ptolemy.actor.util.CausalityInterfaceForComposites._computeActorDepth(CausalityInterfaceForComposites.java:532)
	at ptolemy.actor.util.CausalityInterfaceForComposites.checkForCycles(CausalityInterfaceForComposites.java:96)
	at ptolemy.domains.de.kernel.DEDirector.preinitialize(DEDirector.java:1338)
	at ptolemy.actor.CompositeActor.preinitialize(CompositeActor.java:1828)
	at ptolemy.actor.Manager.preinitializeAndResolveTypes(Manager.java:1040)
	at ptolemy.actor.Manager.initialize(Manager.java:710)
	at ptolemy.actor.Manager.execute(Manager.java:356)
	at ptolemy.actor.Manager.run(Manager.java:1263)
	at ptolemy.actor.Manager$PtolemyRunThread.run(Manager.java:1933)
]]></system-err>
</testsuite>
