<?xml version="1.0" encoding="UTF-8" ?>
<testsuite errors="0" failures="0" hostname="travis-job-581a1431-6204-4bd6-9509-7371adc6a808" name="ptolemy.domains.de.test.junit.JUnitTclTest" skipped="0" tests="101" time="134.73" timestamp="2018-07-02T01:31:09">
  <properties>
[...]
</properties>
  <testcase classname="ptolemy.util.test.junit.TclTests" name="[0] /home/travis/build/icyphy/ptII/ptolemy/domains/de/test/DependencyLoop.tcl (RunTclFile)" time="0.804" />
  <testcase classname="ptolemy.util.test.junit.TclTests" name="[1] /home/travis/build/icyphy/ptII/ptolemy/domains/de/test/RunDETestsAsQSS.tcl (RunTclFile)" time="93.877" />
  <testcase classname="ptolemy.util.test.junit.AutoKnownFailedTests" name="[0] /home/travis/build/icyphy/ptII/ptolemy/domains/de/test/auto/knownFailedTests/DESDFClockTest.xml (RunModel)" time="2.035" />
  <testcase classname="ptolemy.util.test.junit.AutoKnownFailedTests" name="[1] /home/travis/build/icyphy/ptII/ptolemy/domains/de/test/auto/knownFailedTests/DirectFeedback.xml (RunModel)" time="0.018" />
  <testcase classname="ptolemy.util.test.junit.AutoKnownFailedTests" name="[2] /home/travis/build/icyphy/ptII/ptolemy/domains/de/test/auto/knownFailedTests/FSMSource.xml (RunModel)" time="0.027" />
  <testcase classname="ptolemy.util.test.junit.AutoKnownFailedTests" name="[3] /home/travis/build/icyphy/ptII/ptolemy/domains/de/test/auto/knownFailedTests/HierarchicalModel.xml (RunModel)" time="0.031" />
  <testcase classname="ptolemy.util.test.junit.AutoKnownFailedTests" name="[4] /home/travis/build/icyphy/ptII/ptolemy/domains/de/test/auto/knownFailedTests/dependencyLoop.xml (RunModel)" time="0.033" />
  <testcase classname="ptolemy.util.test.junit.AutoKnownFailedTests" name="[5] /home/travis/build/icyphy/ptII/ptolemy/domains/de/test/auto/knownFailedTests/dependencyLoop2.xml (RunModel)" time="0.031" />
  <testcase classname="ptolemy.util.test.junit.AutoNameArchTests" name="[0] ThereAreNoAutoArchTests (RunModel)" time="0.001" />
  <testcase classname="ptolemy.util.test.junit.AutoTests" name="[0] /home/travis/build/icyphy/ptII/ptolemy/domains/de/test/auto/ActorDepthCalculation_actorWithoutPorts.xml (RunModel)" time="0.014" />
  <testcase classname="ptolemy.util.test.junit.AutoTests" name="[1] /home/travis/build/icyphy/ptII/ptolemy/domains/de/test/auto/AssemblyLine.xml (RunModel)" time="0.012" />
  <testcase classname="ptolemy.util.test.junit.AutoTests" name="[2] /home/travis/build/icyphy/ptII/ptolemy/domains/de/test/auto/CQBug1.xml (RunModel)" time="0.005" />
  <testcase classname="ptolemy.util.test.junit.AutoTests" name="[3] /home/travis/build/icyphy/ptII/ptolemy/domains/de/test/auto/CancelFireAt.xml (RunModel)" time="0.004" />
  <testcase classname="ptolemy.util.test.junit.AutoTests" name="[4] /home/travis/build/icyphy/ptII/ptolemy/domains/de/test/auto/CausalityAndComposabilityAnalysis.xml (RunModel)" time="0.008" />
  <testcase classname="ptolemy.util.test.junit.AutoTests" name="[5] /home/travis/build/icyphy/ptII/ptolemy/domains/de/test/auto/CausalityInterface1.xml (RunModel)" time="0.01" />
  <testcase classname="ptolemy.util.test.junit.AutoTests" name="[6] /home/travis/build/icyphy/ptII/ptolemy/domains/de/test/auto/CausalityInterface15.xml (RunModel)" time="0.011" />
  <testcase classname="ptolemy.util.test.junit.AutoTests" name="[7] /home/travis/build/icyphy/ptII/ptolemy/domains/de/test/auto/CausalityInterface2.xml (RunModel)" time="0.008" />
  <testcase classname="ptolemy.util.test.junit.AutoTests" name="[8] /home/travis/build/icyphy/ptII/ptolemy/domains/de/test/auto/CausalityInterface3.xml (RunModel)" time="0.009" />
  <testcase classname="ptolemy.util.test.junit.AutoTests" name="[9] /home/travis/build/icyphy/ptII/ptolemy/domains/de/test/auto/ClockDrift.xml (RunModel)" time="0.025" />
  <testcase classname="ptolemy.util.test.junit.AutoTests" name="[10] /home/travis/build/icyphy/ptII/ptolemy/domains/de/test/auto/ClockDriftAndValueChange.xml (RunModel)" time="0.03" />
  <testcase classname="ptolemy.util.test.junit.AutoTests" name="[11] /home/travis/build/icyphy/ptII/ptolemy/domains/de/test/auto/ClockDriftChange.xml (RunModel)" time="0.019" />
  <testcase classname="ptolemy.util.test.junit.AutoTests" name="[12] /home/travis/build/icyphy/ptII/ptolemy/domains/de/test/auto/ComposableCausalityAnalysis.xml (RunModel)" time="0.013" />
  <testcase classname="ptolemy.util.test.junit.AutoTests" name="[13] /home/travis/build/icyphy/ptII/ptolemy/domains/de/test/auto/DEFixedPointLimitation.xml (RunModel)" time="0.007" />
  <testcase classname="ptolemy.util.test.junit.AutoTests" name="[14] /home/travis/build/icyphy/ptII/ptolemy/domains/de/test/auto/DEScheduleTest.xml (RunModel)" time="0.008" />
  <testcase classname="ptolemy.util.test.junit.AutoTests" name="[15] /home/travis/build/icyphy/ptII/ptolemy/domains/de/test/auto/DEinDEwithStartTimes.xml (RunModel)" time="0.009" />
  <testcase classname="ptolemy.util.test.junit.AutoTests" name="[16] /home/travis/build/icyphy/ptII/ptolemy/domains/de/test/auto/DEinDEwithStartTimes2.xml (RunModel)" time="0.01" />
  <testcase classname="ptolemy.util.test.junit.AutoTests" name="[17] /home/travis/build/icyphy/ptII/ptolemy/domains/de/test/auto/DateDemo.xml (RunModel)" time="0.019" />
  <testcase classname="ptolemy.util.test.junit.AutoTests" name="[18] /home/travis/build/icyphy/ptII/ptolemy/domains/de/test/auto/DateToEvent.xml (RunModel)" time="2.039" />
  <testcase classname="ptolemy.util.test.junit.AutoTests" name="[19] /home/travis/build/icyphy/ptII/ptolemy/domains/de/test/auto/DepthTest1.xml (RunModel)" time="0.01" />
  <testcase classname="ptolemy.util.test.junit.AutoTests" name="[20] /home/travis/build/icyphy/ptII/ptolemy/domains/de/test/auto/DepthTest2.xml (RunModel)" time="0.017" />
  <testcase classname="ptolemy.util.test.junit.AutoTests" name="[21] /home/travis/build/icyphy/ptII/ptolemy/domains/de/test/auto/DepthTest3.xml (RunModel)" time="0.01" />
  <testcase classname="ptolemy.util.test.junit.AutoTests" name="[22] /home/travis/build/icyphy/ptII/ptolemy/domains/de/test/auto/DepthTest4.xml (RunModel)" time="0.008" />
  <testcase classname="ptolemy.util.test.junit.AutoTests" name="[23] /home/travis/build/icyphy/ptII/ptolemy/domains/de/test/auto/DepthTest5.xml (RunModel)" time="0.011" />
  <testcase classname="ptolemy.util.test.junit.AutoTests" name="[24] /home/travis/build/icyphy/ptII/ptolemy/domains/de/test/auto/DepthTest6.xml (RunModel)" time="0.01" />
  <testcase classname="ptolemy.util.test.junit.AutoTests" name="[25] /home/travis/build/icyphy/ptII/ptolemy/domains/de/test/auto/DepthTest7.xml (RunModel)" time="0.016" />
  <testcase classname="ptolemy.util.test.junit.AutoTests" name="[26] /home/travis/build/icyphy/ptII/ptolemy/domains/de/test/auto/EventToDate.xml (RunModel)" time="3.034" />
  <testcase classname="ptolemy.util.test.junit.AutoTests" name="[27] /home/travis/build/icyphy/ptII/ptolemy/domains/de/test/auto/FSM1.xml (RunModel)" time="0.028" />
  <testcase classname="ptolemy.util.test.junit.AutoTests" name="[28] /home/travis/build/icyphy/ptII/ptolemy/domains/de/test/auto/FSM7.xml (RunModel)" time="0.024" />
  <testcase classname="ptolemy.util.test.junit.AutoTests" name="[29] /home/travis/build/icyphy/ptII/ptolemy/domains/de/test/auto/Inspection.xml (RunModel)" time="0.032" />
  <testcase classname="ptolemy.util.test.junit.AutoTests" name="[30] /home/travis/build/icyphy/ptII/ptolemy/domains/de/test/auto/Iteration.xml (RunModel)" time="0.014" />
  <testcase classname="ptolemy.util.test.junit.AutoTests" name="[31] /home/travis/build/icyphy/ptII/ptolemy/domains/de/test/auto/LineFault.xml (RunModel)" time="0.426" />
  <testcase classname="ptolemy.util.test.junit.AutoTests" name="[32] /home/travis/build/icyphy/ptII/ptolemy/domains/de/test/auto/MergeModel1Add.xml (RunModel)" time="0.028" />
  <testcase classname="ptolemy.util.test.junit.AutoTests" name="[33] /home/travis/build/icyphy/ptII/ptolemy/domains/de/test/auto/MergeModel2Add.xml (RunModel)" time="0.03" />
  <testcase classname="ptolemy.util.test.junit.AutoTests" name="[34] /home/travis/build/icyphy/ptII/ptolemy/domains/de/test/auto/MergeModel3Add.xml (RunModel)" time="0.025" />
  <testcase classname="ptolemy.util.test.junit.AutoTests" name="[35] /home/travis/build/icyphy/ptII/ptolemy/domains/de/test/auto/MergeWithoutDiscard.xml (RunModel)" time="0.008" />
  <testcase classname="ptolemy.util.test.junit.AutoTests" name="[36] /home/travis/build/icyphy/ptII/ptolemy/domains/de/test/auto/Modal1.xml (RunModel)" time="0.02" />
  <testcase classname="ptolemy.util.test.junit.AutoTests" name="[37] /home/travis/build/icyphy/ptII/ptolemy/domains/de/test/auto/Modal2.xml (RunModel)" time="0.02" />
  <testcase classname="ptolemy.util.test.junit.AutoTests" name="[38] /home/travis/build/icyphy/ptII/ptolemy/domains/de/test/auto/Modal3.xml (RunModel)" time="0.02" />
  <testcase classname="ptolemy.util.test.junit.AutoTests" name="[39] /home/travis/build/icyphy/ptII/ptolemy/domains/de/test/auto/Modal4.xml (RunModel)" time="0.021" />
  <testcase classname="ptolemy.util.test.junit.AutoTests" name="[40] /home/travis/build/icyphy/ptII/ptolemy/domains/de/test/auto/Modal5.xml (RunModel)" time="0.021" />
  <testcase classname="ptolemy.util.test.junit.AutoTests" name="[41] /home/travis/build/icyphy/ptII/ptolemy/domains/de/test/auto/Modal6.xml (RunModel)" time="0.021" />
  <testcase classname="ptolemy.util.test.junit.AutoTests" name="[42] /home/travis/build/icyphy/ptII/ptolemy/domains/de/test/auto/Modal7.xml (RunModel)" time="0.024" />
  <testcase classname="ptolemy.util.test.junit.AutoTests" name="[43] /home/travis/build/icyphy/ptII/ptolemy/domains/de/test/auto/ModalModel.xml (RunModel)" time="0.128" />
  <testcase classname="ptolemy.util.test.junit.AutoTests" name="[44] /home/travis/build/icyphy/ptII/ptolemy/domains/de/test/auto/ModalSource.xml (RunModel)" time="0.016" />
  <testcase classname="ptolemy.util.test.junit.AutoTests" name="[45] /home/travis/build/icyphy/ptII/ptolemy/domains/de/test/auto/NonInterruptibleTimerZeroDelay.xml (RunModel)" time="0.013" />
  <testcase classname="ptolemy.util.test.junit.AutoTests" name="[46] /home/travis/build/icyphy/ptII/ptolemy/domains/de/test/auto/OpenQueueingNetwork.xml (RunModel)" time="2.255" />
  <testcase classname="ptolemy.util.test.junit.AutoTests" name="[47] /home/travis/build/icyphy/ptII/ptolemy/domains/de/test/auto/OpenQueuingNetwork.xml (RunModel)" time="0.302" />
  <testcase classname="ptolemy.util.test.junit.AutoTests" name="[48] /home/travis/build/icyphy/ptII/ptolemy/domains/de/test/auto/PeriodicSampler.xml (RunModel)" time="0.009" />
  <testcase classname="ptolemy.util.test.junit.AutoTests" name="[49] /home/travis/build/icyphy/ptII/ptolemy/domains/de/test/auto/PersistentIO.xml (RunModel)" time="0.022" />
  <testcase classname="ptolemy.util.test.junit.AutoTests" name="[50] /home/travis/build/icyphy/ptII/ptolemy/domains/de/test/auto/PortParameterResetOnInitialize.xml (RunModel)" time="0.012" />
  <testcase classname="ptolemy.util.test.junit.AutoTests" name="[51] /home/travis/build/icyphy/ptII/ptolemy/domains/de/test/auto/PortParameterUpdates.xml (RunModel)" time="0.017" />
  <testcase classname="ptolemy.util.test.junit.AutoTests" name="[52] /home/travis/build/icyphy/ptII/ptolemy/domains/de/test/auto/QueueAndServer.xml (RunModel)" time="0.026" />
  <testcase classname="ptolemy.util.test.junit.AutoTests" name="[53] /home/travis/build/icyphy/ptII/ptolemy/domains/de/test/auto/Records.xml (RunModel)" time="0.015" />
  <testcase classname="ptolemy.util.test.junit.AutoTests" name="[54] /home/travis/build/icyphy/ptII/ptolemy/domains/de/test/auto/ResetTransitionWithStartTime1.xml (RunModel)" time="0.023" />
  <testcase classname="ptolemy.util.test.junit.AutoTests" name="[55] /home/travis/build/icyphy/ptII/ptolemy/domains/de/test/auto/ResetTransitionWithStartTime2.xml (RunModel)" time="0.02" />
  <testcase classname="ptolemy.util.test.junit.AutoTests" name="[56] /home/travis/build/icyphy/ptII/ptolemy/domains/de/test/auto/ResetTransitionWithStartTime3.xml (RunModel)" time="0.022" />
  <testcase classname="ptolemy.util.test.junit.AutoTests" name="[57] /home/travis/build/icyphy/ptII/ptolemy/domains/de/test/auto/ResetTransitionWithStartTime4.xml (RunModel)" time="0.021" />
  <testcase classname="ptolemy.util.test.junit.AutoTests" name="[58] /home/travis/build/icyphy/ptII/ptolemy/domains/de/test/auto/ResettableTimer1.xml (RunModel)" time="0.011" />
  <testcase classname="ptolemy.util.test.junit.AutoTests" name="[59] /home/travis/build/icyphy/ptII/ptolemy/domains/de/test/auto/ResettableTimer2.xml (RunModel)" time="0.011" />
  <testcase classname="ptolemy.util.test.junit.AutoTests" name="[60] /home/travis/build/icyphy/ptII/ptolemy/domains/de/test/auto/ResettableTimer3.xml (RunModel)" time="0.009" />
  <testcase classname="ptolemy.util.test.junit.AutoTests" name="[61] /home/travis/build/icyphy/ptII/ptolemy/domains/de/test/auto/ResettableTimer4.xml (RunModel)" time="0.013" />
  <testcase classname="ptolemy.util.test.junit.AutoTests" name="[62] /home/travis/build/icyphy/ptII/ptolemy/domains/de/test/auto/ResettableTimer5.xml (RunModel)" time="0.012" />
  <testcase classname="ptolemy.util.test.junit.AutoTests" name="[63] /home/travis/build/icyphy/ptII/ptolemy/domains/de/test/auto/ResettableTimer6.xml (RunModel)" time="0.011" />
  <testcase classname="ptolemy.util.test.junit.AutoTests" name="[64] /home/travis/build/icyphy/ptII/ptolemy/domains/de/test/auto/ServerZeroDelay.xml (RunModel)" time="0.01" />
  <testcase classname="ptolemy.util.test.junit.AutoTests" name="[65] /home/travis/build/icyphy/ptII/ptolemy/domains/de/test/auto/SmartSender.xml (RunModel)" time="3.01" />
  <testcase classname="ptolemy.util.test.junit.AutoTests" name="[66] /home/travis/build/icyphy/ptII/ptolemy/domains/de/test/auto/ThreadedComposite.xml (RunModel)" time="0.157" />
  <testcase classname="ptolemy.util.test.junit.AutoTests" name="[67] /home/travis/build/icyphy/ptII/ptolemy/domains/de/test/auto/Time.xml (RunModel)" time="0.47" />
  <testcase classname="ptolemy.util.test.junit.AutoTests" name="[68] /home/travis/build/icyphy/ptII/ptolemy/domains/de/test/auto/TimeDelayZeroDelay.xml (RunModel)" time="0.011" />
  <testcase classname="ptolemy.util.test.junit.AutoTests" name="[69] /home/travis/build/icyphy/ptII/ptolemy/domains/de/test/auto/TimerZeroDelay.xml (RunModel)" time="0.01" />
  <testcase classname="ptolemy.util.test.junit.AutoTests" name="[70] /home/travis/build/icyphy/ptII/ptolemy/domains/de/test/auto/TimingParadox.xml (RunModel)" time="0.383" />
  <testcase classname="ptolemy.util.test.junit.AutoTests" name="[71] /home/travis/build/icyphy/ptII/ptolemy/domains/de/test/auto/TransferInputs.xml (RunModel)" time="0.01" />
  <testcase classname="ptolemy.util.test.junit.AutoTests" name="[72] /home/travis/build/icyphy/ptII/ptolemy/domains/de/test/auto/TransferOutputs2.xml (RunModel)" time="0.017" />
  <testcase classname="ptolemy.util.test.junit.AutoTests" name="[73] /home/travis/build/icyphy/ptII/ptolemy/domains/de/test/auto/Trilateration.xml (RunModel)" time="11.749" />
  <testcase classname="ptolemy.util.test.junit.AutoTests" name="[74] /home/travis/build/icyphy/ptII/ptolemy/domains/de/test/auto/TwoSigmaDelta.xml (RunModel)" time="2.447" />
  <testcase classname="ptolemy.util.test.junit.AutoTests" name="[75] /home/travis/build/icyphy/ptII/ptolemy/domains/de/test/auto/VariableDelay.xml (RunModel)" time="0.011" />
  <testcase classname="ptolemy.util.test.junit.AutoTests" name="[76] /home/travis/build/icyphy/ptII/ptolemy/domains/de/test/auto/VariableDelay2.xml (RunModel)" time="0.01" />
  <testcase classname="ptolemy.util.test.junit.AutoTests" name="[77] /home/travis/build/icyphy/ptII/ptolemy/domains/de/test/auto/VariableDelayZeroDelay.xml (RunModel)" time="0.011" />
  <testcase classname="ptolemy.util.test.junit.AutoTests" name="[78] /home/travis/build/icyphy/ptII/ptolemy/domains/de/test/auto/VariableDelayZeroDelay2.xml (RunModel)" time="0.01" />
  <testcase classname="ptolemy.util.test.junit.AutoTests" name="[79] /home/travis/build/icyphy/ptII/ptolemy/domains/de/test/auto/deInCt.xml (RunModel)" time="0.015" />
  <testcase classname="ptolemy.util.test.junit.AutoTests" name="[80] /home/travis/build/icyphy/ptII/ptolemy/domains/de/test/auto/deInCt2.xml (RunModel)" time="0.014" />
  <testcase classname="ptolemy.util.test.junit.AutoTests" name="[81] /home/travis/build/icyphy/ptII/ptolemy/domains/de/test/auto/dynamicCausalityInterface1.xml (RunModel)" time="0.018" />
  <testcase classname="ptolemy.util.test.junit.AutoTests" name="[82] /home/travis/build/icyphy/ptII/ptolemy/domains/de/test/auto/fsm_de_test.xml (RunModel)" time="0.023" />
  <testcase classname="ptolemy.util.test.junit.AutoTests" name="[83] /home/travis/build/icyphy/ptII/ptolemy/domains/de/test/auto/functionDependencyReconstruction.xml (RunModel)" time="0.036" />
  <testcase classname="ptolemy.util.test.junit.AutoTests" name="[84] /home/travis/build/icyphy/ptII/ptolemy/domains/de/test/auto/multirate.xml (RunModel)" time="0.017" />
  <testcase classname="ptolemy.util.test.junit.AutoTests" name="[85] /home/travis/build/icyphy/ptII/ptolemy/domains/de/test/auto/multirate2.xml (RunModel)" time="0.016" />
  <testcase classname="ptolemy.util.test.junit.AutoTests" name="[86] /home/travis/build/icyphy/ptII/ptolemy/domains/de/test/auto/realtime.xml (RunModel)" time="10.012" />
  <testcase classname="ptolemy.util.test.junit.AutoTests" name="[87] /home/travis/build/icyphy/ptII/ptolemy/domains/de/test/auto/relationGroup.xml (RunModel)" time="0.01" />
  <testcase classname="ptolemy.util.test.junit.AutoTests" name="[88] /home/travis/build/icyphy/ptII/ptolemy/domains/de/test/auto/relationGroup2.xml (RunModel)" time="0.009" />
  <testcase classname="ptolemy.util.test.junit.AutoTests" name="[89] /home/travis/build/icyphy/ptII/ptolemy/domains/de/test/auto/sortWithOpaquePorts.xml (RunModel)" time="0.015" />
  <testcase classname="ptolemy.util.test.junit.AutoTests" name="[90] /home/travis/build/icyphy/ptII/ptolemy/domains/de/test/auto/transferInputsandOutputs.xml (RunModel)" time="0.015" />
  <testcase classname="ptolemy.util.test.junit.AutoTests" name="[91] /home/travis/build/icyphy/ptII/ptolemy/domains/de/test/auto/triggerType.xml (RunModel)" time="0.009" />
  <system-out><![CDATA[/home/travis/build/icyphy/ptII/ptolemy/domains/de/test/DependencyLoop.tcl
testDefs.tcl: setting time out to 9000 seconds at Mon Jul 02 01:31:09 UTC 2018
17 ms. Memory: 116224K Free: 93427K (80%)
10 ms. Memory: 146944K Free: 135490K (92%)
/home/travis/build/icyphy/ptII/ptolemy/domains/de/test/RunDETestsAsQSS.tcl
Run the DE tests using ptolemy.domains.qss.test.QSSDirectorTest, which extends QSSDirector and prints a message in the constructors.
------------------ testing $PTII/ptolemy/domains/de/test/auto/knownFailedTests/dependencyLoop.xml (Known Failure) 
11 ms. Memory: 146944K Free: 132378K (90%)


==== $PTIIhome/travis/build/icyphy/ptII/ptolemy/domains/de/test/../../../../: Auto Automatic test in file $PTII/ptolemy/domains/de/test/auto/knownFailedTests/dependencyLoop.xml
==== Contents of test case:

	    # FIXME: we should use $relativeFilename here, but it
	    # might have backslashes under Windows, which causes no end
	    # of trouble.
	    createAndExecute $file
	    list {}
	
.... Test generated KNOWN error:
    while executing
ptolemy.kernel.util.IllegalActionException: Found a zero delay loop containing .dependencyLoop.original
  in .dependencyLoop and .dependencyLoop.original
	at ptolemy.actor.util.CausalityInterfaceForComposites._computeOutputPortDepth(CausalityInterfaceForComposites.java:759)
	at ptolemy.actor.util.CausalityInterfaceForComposites._computeInputDepth(CausalityInterfaceForComposites.java:696)
	at ptolemy.actor.util.CausalityInterfaceForComposites._computeOutputPortDepth(CausalityInterfaceForComposites.java:765)
	at ptolemy.actor.util.CausalityInterfaceForComposites._computeInputDepth(CausalityInterfaceForComposites.java:696)
	at ptolemy.actor.util.CausalityInterfaceForComposites._computeOutputPortDepth(CausalityInterfaceForComposites.java:765)
	at ptolemy.actor.util.CausalityInterfaceForComposites._computeInputDepth(CausalityInterfaceForComposites.java:696)
	at ptolemy.actor.util.CausalityInterfaceForComposites._computeActorDepth(CausalityInterfaceForComposites.java:532)
	at ptolemy.actor.util.CausalityInterfaceForComposites.checkForCycles(CausalityInterfaceForComposites.java:96)
	at ptolemy.domains.de.kernel.DEDirector.preinitialize(DEDirector.java:1338)
	at ptolemy.actor.CompositeActor.preinitialize(CompositeActor.java:1828)
	at ptolemy.actor.Manager.preinitializeAndResolveTypes(Manager.java:1040)
	at ptolemy.actor.Manager.initialize(Manager.java:710)
	at ptolemy.actor.Manager.execute(Manager.java:356)
	at ptolemy.actor.Manager.run(Manager.java:1263)
	at ptolemy.actor.Manager$PtolemyRunThread.run(Manager.java:1915)

    while executing
ptolemy.kernel.util.IllegalActionException: Found a zero delay loop containing .dependencyLoop.original
  in .dependencyLoop and .dependencyLoop.original
    while executing
"java::new ptolemy.moml.MoMLSimpleApplication $file
"
    (procedure "createAndExecute" line 2)
    invoked from within
"createAndExecute $file"
    ("uplevel" body line 5)
    invoked from within
"uplevel $contents_of_test"
------------------ testing $PTII/ptolemy/domains/de/test/auto/knownFailedTests/DESDFClockTest.xml (Known Failure) 
2103 ms. Memory: 146944K Free: 116649K (79%)


==== $PTIIhome/travis/build/icyphy/ptII/ptolemy/domains/de/test/../../../../: Auto Automatic test in file $PTII/ptolemy/domains/de/test/auto/knownFailedTests/DESDFClockTest.xml
==== Contents of test case:

	    # FIXME: we should use $relativeFilename here, but it
	    # might have backslashes under Windows, which causes no end
	    # of trouble.
	    createAndExecute $file
	    list {}
	
.... Test generated KNOWN error:
    while executing
ptolemy.kernel.util.IllegalActionException: Actor is not ready to fire.  Perhaps UpSample.prefire() returned false? Try debugging the actor by selecting "Listen to Actor".  Also, for SDF check moml for tokenConsumptionRate on input.
  in .DESDFClockTest.Play Bell.Copy1:SDF Director and .DESDFClockTest.Play Bell.UpSample
	at ptolemy.actor.sched.StaticSchedulingDirector.fire(StaticSchedulingDirector.java:227)
	at ptolemy.domains.sdf.kernel.SDFDirector.fire(SDFDirector.java:500)
	at ptolemy.actor.CompositeActor.fire(CompositeActor.java:455)
	at ptolemy.domains.de.kernel.DEDirector._fire(DEDirector.java:1949)
	at ptolemy.domains.de.kernel.DEDirector.fire(DEDirector.java:502)
	at ptolemy.actor.CompositeActor.fire(CompositeActor.java:455)
	at ptolemy.actor.Manager.iterate(Manager.java:851)
	at ptolemy.actor.Manager.execute(Manager.java:369)
	at ptolemy.actor.Manager.run(Manager.java:1263)
	at ptolemy.actor.Manager$PtolemyRunThread.run(Manager.java:1915)

    while executing
ptolemy.kernel.util.IllegalActionException: Actor is not ready to fire.  Perhaps UpSample.prefire() returned false? Try debugging the actor by selecting "Listen to Actor".  Also, for SDF check moml for tokenConsumptionRate on input.
  in .DESDFClockTest.Play Bell.Copy1:SDF Director and .DESDFClockTest.Play Bell.UpSample
    while executing
"java::new ptolemy.moml.MoMLSimpleApplication $file
"
    (procedure "createAndExecute" line 2)
    invoked from within
"createAndExecute $file"
    ("uplevel" body line 5)
    invoked from within
"uplevel $contents_of_test"
------------------ testing $PTII/ptolemy/domains/de/test/auto/knownFailedTests/FSMSource.xml (Known Failure) 
45 ms. Memory: 146944K Free: 107712K (73%)
!!!! Auto was marked as failing, but now passes
------------------ testing $PTII/ptolemy/domains/de/test/auto/knownFailedTests/dependencyLoop2.xml (Known Failure) 
11 ms. Memory: 146944K Free: 105828K (72%)


==== $PTIIhome/travis/build/icyphy/ptII/ptolemy/domains/de/test/../../../../: Auto Automatic test in file $PTII/ptolemy/domains/de/test/auto/knownFailedTests/dependencyLoop2.xml
==== Contents of test case:

	    # FIXME: we should use $relativeFilename here, but it
	    # might have backslashes under Windows, which causes no end
	    # of trouble.
	    createAndExecute $file
	    list {}
	
.... Test generated KNOWN error:
    while executing
ptolemy.kernel.util.IllegalActionException: Found a zero delay loop containing .dependencyLoop2.original
  in .dependencyLoop2 and .dependencyLoop2.original
	at ptolemy.actor.util.CausalityInterfaceForComposites._computeOutputPortDepth(CausalityInterfaceForComposites.java:759)
	at ptolemy.actor.util.CausalityInterfaceForComposites._computeInputDepth(CausalityInterfaceForComposites.java:696)
	at ptolemy.actor.util.CausalityInterfaceForComposites._computeOutputPortDepth(CausalityInterfaceForComposites.java:765)
	at ptolemy.actor.util.CausalityInterfaceForComposites._computeInputDepth(CausalityInterfaceForComposites.java:696)
	at ptolemy.actor.util.CausalityInterfaceForComposites._computeOutputPortDepth(CausalityInterfaceForComposites.java:765)
	at ptolemy.actor.util.CausalityInterfaceForComposites._computeInputDepth(CausalityInterfaceForComposites.java:696)
	at ptolemy.actor.util.CausalityInterfaceForComposites._computeActorDepth(CausalityInterfaceForComposites.java:532)
	at ptolemy.actor.util.CausalityInterfaceForComposites.checkForCycles(CausalityInterfaceForComposites.java:96)
	at ptolemy.domains.de.kernel.DEDirector.preinitialize(DEDirector.java:1338)
	at ptolemy.actor.CompositeActor.preinitialize(CompositeActor.java:1828)
	at ptolemy.actor.Manager.preinitializeAndResolveTypes(Manager.java:1040)
	at ptolemy.actor.Manager.initialize(Manager.java:710)
	at ptolemy.actor.Manager.execute(Manager.java:356)
	at ptolemy.actor.Manager.run(Manager.java:1263)
	at ptolemy.actor.Manager$PtolemyRunThread.run(Manager.java:1915)

    while executing
ptolemy.kernel.util.IllegalActionException: Found a zero delay loop containing .dependencyLoop2.original
  in .dependencyLoop2 and .dependencyLoop2.original
    while executing
"java::new ptolemy.moml.MoMLSimpleApplication $file
"
    (procedure "createAndExecute" line 2)
    invoked from within
"createAndExecute $file"
    ("uplevel" body line 5)
    invoked from within
"uplevel $contents_of_test"
------------------ testing $PTII/ptolemy/domains/de/test/auto/knownFailedTests/HierarchicalModel.xml (Known Failure) 
7 ms. Memory: 146944K Free: 84199K (57%)


==== $PTIIhome/travis/build/icyphy/ptII/ptolemy/domains/de/test/../../../../: Auto Automatic test in file $PTII/ptolemy/domains/de/test/auto/knownFailedTests/HierarchicalModel.xml
==== Contents of test case:

	    # FIXME: we should use $relativeFilename here, but it
	    # might have backslashes under Windows, which causes no end
	    # of trouble.
	    createAndExecute $file
	    list {}
	
.... Test generated KNOWN error:
    while executing
ptolemy.kernel.util.IllegalActionException: Found a zero delay loop containing .HierarchicalModel.A
  in .HierarchicalModel and .HierarchicalModel.A
	at ptolemy.actor.util.CausalityInterfaceForComposites._computeOutputPortDepth(CausalityInterfaceForComposites.java:759)
	at ptolemy.actor.util.CausalityInterfaceForComposites._computeInputDepth(CausalityInterfaceForComposites.java:696)
	at ptolemy.actor.util.CausalityInterfaceForComposites._computeOutputPortDepth(CausalityInterfaceForComposites.java:765)
	at ptolemy.actor.util.CausalityInterfaceForComposites._computeInputDepth(CausalityInterfaceForComposites.java:696)
	at ptolemy.actor.util.CausalityInterfaceForComposites._computeOutputPortDepth(CausalityInterfaceForComposites.java:765)
	at ptolemy.actor.util.CausalityInterfaceForComposites._computeInputDepth(CausalityInterfaceForComposites.java:696)
	at ptolemy.actor.util.CausalityInterfaceForComposites._computeActorDepth(CausalityInterfaceForComposites.java:532)
	at ptolemy.actor.util.CausalityInterfaceForComposites.checkForCycles(CausalityInterfaceForComposites.java:96)
	at ptolemy.domains.de.kernel.DEDirector.preinitialize(DEDirector.java:1338)
	at ptolemy.actor.CompositeActor.preinitialize(CompositeActor.java:1828)
	at ptolemy.actor.Manager.preinitializeAndResolveTypes(Manager.java:1040)
	at ptolemy.actor.Manager.initialize(Manager.java:710)
	at ptolemy.actor.Manager.execute(Manager.java:356)
	at ptolemy.actor.Manager.run(Manager.java:1263)
	at ptolemy.actor.Manager$PtolemyRunThread.run(Manager.java:1915)

    while executing
ptolemy.kernel.util.IllegalActionException: Found a zero delay loop containing .HierarchicalModel.A
  in .HierarchicalModel and .HierarchicalModel.A
    while executing
"java::new ptolemy.moml.MoMLSimpleApplication $file
"
    (procedure "createAndExecute" line 2)
    invoked from within
"createAndExecute $file"
    ("uplevel" body line 5)
    invoked from within
"uplevel $contents_of_test"
------------------ testing $PTII/ptolemy/domains/de/test/auto/knownFailedTests/DirectFeedback.xml (Known Failure) 
10 ms. Memory: 146944K Free: 141406K (96%)


==== $PTIIhome/travis/build/icyphy/ptII/ptolemy/domains/de/test/../../../../: Auto Automatic test in file $PTII/ptolemy/domains/de/test/auto/knownFailedTests/DirectFeedback.xml
==== Contents of test case:

	    # FIXME: we should use $relativeFilename here, but it
	    # might have backslashes under Windows, which causes no end
	    # of trouble.
	    createAndExecute $file
	    list {}
	
.... Test generated KNOWN error:
    while executing
ptolemy.kernel.util.IllegalActionException: Test fails in iteration 1.
Value was: 1.0. Should have been: 2.0
  in .DirectFeedback.Test
	at ptolemy.actor.lib.Test.fire(Test.java:268)
	at ptolemy.domains.de.kernel.DEDirector._fire(DEDirector.java:1949)
	at ptolemy.domains.de.kernel.DEDirector.fire(DEDirector.java:502)
	at ptolemy.actor.CompositeActor.fire(CompositeActor.java:455)
	at ptolemy.actor.Manager.iterate(Manager.java:851)
	at ptolemy.actor.Manager.execute(Manager.java:369)
	at ptolemy.actor.Manager.run(Manager.java:1263)
	at ptolemy.actor.Manager$PtolemyRunThread.run(Manager.java:1915)

    while executing
ptolemy.kernel.util.IllegalActionException: Test fails in iteration 1.
Value was: 1.0. Should have been: 2.0
  in .DirectFeedback.Test
    while executing
"java::new ptolemy.moml.MoMLSimpleApplication $file
"
    (procedure "createAndExecute" line 2)
    invoked from within
"createAndExecute $file"
    ("uplevel" body line 5)
    invoked from within
"uplevel $contents_of_test"
------------------ testing $PTII/ptolemy/domains/de/test/auto/ActorDepthCalculation_actorWithoutPorts.xml
auto.tcl: Setting watchdog for 200 seconds at Mon Jul 02 01:31:13 UTC 2018
11 ms. Memory: 146944K Free: 132446K (90%)
ptolemy.util.test.WatchDog.cancel(): canceling Mon Jul 02 01:31:13 UTC 2018
auto.tcl: Setting watchdog for 200 seconds at Mon Jul 02 01:31:13 UTC 2018
5 ms. Memory: 146944K Free: 131406K (89%)
ptolemy.util.test.WatchDog.cancel(): canceling Mon Jul 02 01:31:13 UTC 2018
------------------ testing $PTII/ptolemy/domains/de/test/auto/AssemblyLine.xml
auto.tcl: Setting watchdog for 200 seconds at Mon Jul 02 01:31:14 UTC 2018
17 ms. Memory: 208384K Free: 186361K (89%)
ptolemy.util.test.WatchDog.cancel(): canceling Mon Jul 02 01:31:14 UTC 2018
auto.tcl: Setting watchdog for 200 seconds at Mon Jul 02 01:31:14 UTC 2018
8 ms. Memory: 208384K Free: 186361K (89%)
ptolemy.util.test.WatchDog.cancel(): canceling Mon Jul 02 01:31:14 UTC 2018
------------------ testing $PTII/ptolemy/domains/de/test/auto/CQBug1.xml
auto.tcl: Setting watchdog for 200 seconds at Mon Jul 02 01:31:14 UTC 2018
6 ms. Memory: 208384K Free: 197734K (95%)
ptolemy.util.test.WatchDog.cancel(): canceling Mon Jul 02 01:31:14 UTC 2018
auto.tcl: Setting watchdog for 200 seconds at Mon Jul 02 01:31:14 UTC 2018
2 ms. Memory: 208384K Free: 197734K (95%)
ptolemy.util.test.WatchDog.cancel(): canceling Mon Jul 02 01:31:14 UTC 2018
------------------ testing $PTII/ptolemy/domains/de/test/auto/CancelFireAt.xml
auto.tcl: Setting watchdog for 200 seconds at Mon Jul 02 01:31:14 UTC 2018
5 ms. Memory: 208384K Free: 201445K (97%)
ptolemy.util.test.WatchDog.cancel(): canceling Mon Jul 02 01:31:14 UTC 2018
auto.tcl: Setting watchdog for 200 seconds at Mon Jul 02 01:31:14 UTC 2018
3 ms. Memory: 208384K Free: 199354K (96%)
ptolemy.util.test.WatchDog.cancel(): canceling Mon Jul 02 01:31:14 UTC 2018
------------------ testing $PTII/ptolemy/domains/de/test/auto/CausalityAndComposabilityAnalysis.xml
auto.tcl: Setting watchdog for 200 seconds at Mon Jul 02 01:31:14 UTC 2018
9 ms. Memory: 208384K Free: 196525K (94%)
ptolemy.util.test.WatchDog.cancel(): canceling Mon Jul 02 01:31:14 UTC 2018
auto.tcl: Setting watchdog for 200 seconds at Mon Jul 02 01:31:14 UTC 2018
6 ms. Memory: 208384K Free: 196525K (94%)
ptolemy.util.test.WatchDog.cancel(): canceling Mon Jul 02 01:31:14 UTC 2018
------------------ testing $PTII/ptolemy/domains/de/test/auto/CausalityInterface1.xml
auto.tcl: Setting watchdog for 200 seconds at Mon Jul 02 01:31:14 UTC 2018
19 ms. Memory: 208384K Free: 196461K (94%)
ptolemy.util.test.WatchDog.cancel(): canceling Mon Jul 02 01:31:14 UTC 2018
auto.tcl: Setting watchdog for 200 seconds at Mon Jul 02 01:31:14 UTC 2018
7 ms. Memory: 208384K Free: 196461K (94%)
ptolemy.util.test.WatchDog.cancel(): canceling Mon Jul 02 01:31:14 UTC 2018
------------------ testing $PTII/ptolemy/domains/de/test/auto/CausalityInterface15.xml
auto.tcl: Setting watchdog for 200 seconds at Mon Jul 02 01:31:14 UTC 2018
31 ms. Memory: 208384K Free: 196452K (94%)
ptolemy.util.test.WatchDog.cancel(): canceling Mon Jul 02 01:31:14 UTC 2018
auto.tcl: Setting watchdog for 200 seconds at Mon Jul 02 01:31:14 UTC 2018
4 ms. Memory: 208384K Free: 194361K (93%)
ptolemy.util.test.WatchDog.cancel(): canceling Mon Jul 02 01:31:14 UTC 2018
------------------ testing $PTII/ptolemy/domains/de/test/auto/CausalityInterface2.xml
auto.tcl: Setting watchdog for 200 seconds at Mon Jul 02 01:31:14 UTC 2018
9 ms. Memory: 208384K Free: 196436K (94%)
ptolemy.util.test.WatchDog.cancel(): canceling Mon Jul 02 01:31:14 UTC 2018
auto.tcl: Setting watchdog for 200 seconds at Mon Jul 02 01:31:14 UTC 2018
3 ms. Memory: 208384K Free: 196436K (94%)
ptolemy.util.test.WatchDog.cancel(): canceling Mon Jul 02 01:31:14 UTC 2018
------------------ testing $PTII/ptolemy/domains/de/test/auto/CausalityInterface3.xml
auto.tcl: Setting watchdog for 200 seconds at Mon Jul 02 01:31:15 UTC 2018
8 ms. Memory: 208384K Free: 196449K (94%)
ptolemy.util.test.WatchDog.cancel(): canceling Mon Jul 02 01:31:15 UTC 2018
auto.tcl: Setting watchdog for 200 seconds at Mon Jul 02 01:31:15 UTC 2018
5 ms. Memory: 208384K Free: 196449K (94%)
ptolemy.util.test.WatchDog.cancel(): canceling Mon Jul 02 01:31:15 UTC 2018
------------------ testing $PTII/ptolemy/domains/de/test/auto/ClockDrift.xml
auto.tcl: Setting watchdog for 200 seconds at Mon Jul 02 01:31:15 UTC 2018
75 ms. Memory: 208384K Free: 187694K (90%)
ptolemy.util.test.WatchDog.cancel(): canceling Mon Jul 02 01:31:15 UTC 2018
auto.tcl: Setting watchdog for 200 seconds at Mon Jul 02 01:31:15 UTC 2018
77 ms. Memory: 208384K Free: 185588K (89%)
ptolemy.util.test.WatchDog.cancel(): canceling Mon Jul 02 01:31:15 UTC 2018
------------------ testing $PTII/ptolemy/domains/de/test/auto/ClockDriftAndValueChange.xml
auto.tcl: Setting watchdog for 200 seconds at Mon Jul 02 01:31:15 UTC 2018
59 ms. Memory: 208384K Free: 187505K (90%)
ptolemy.util.test.WatchDog.cancel(): canceling Mon Jul 02 01:31:15 UTC 2018
auto.tcl: Setting watchdog for 200 seconds at Mon Jul 02 01:31:15 UTC 2018
39 ms. Memory: 208384K Free: 185399K (89%)
ptolemy.util.test.WatchDog.cancel(): canceling Mon Jul 02 01:31:15 UTC 2018
------------------ testing $PTII/ptolemy/domains/de/test/auto/ClockDriftChange.xml
auto.tcl: Setting watchdog for 200 seconds at Mon Jul 02 01:31:15 UTC 2018
54 ms. Memory: 208384K Free: 190829K (92%)
ptolemy.util.test.WatchDog.cancel(): canceling Mon Jul 02 01:31:15 UTC 2018
auto.tcl: Setting watchdog for 200 seconds at Mon Jul 02 01:31:15 UTC 2018
21 ms. Memory: 208384K Free: 188723K (91%)
ptolemy.util.test.WatchDog.cancel(): canceling Mon Jul 02 01:31:15 UTC 2018
------------------ testing $PTII/ptolemy/domains/de/test/auto/ComposableCausalityAnalysis.xml
auto.tcl: Setting watchdog for 200 seconds at Mon Jul 02 01:31:15 UTC 2018
2 ms. Memory: 208384K Free: 196046K (94%)
ptolemy.util.test.WatchDog.cancel(): canceling Mon Jul 02 01:31:15 UTC 2018
auto.tcl: Setting watchdog for 200 seconds at Mon Jul 02 01:31:15 UTC 2018
2 ms. Memory: 208384K Free: 193940K (93%)
ptolemy.util.test.WatchDog.cancel(): canceling Mon Jul 02 01:31:15 UTC 2018
------------------ testing $PTII/ptolemy/domains/de/test/auto/DEFixedPointLimitation.xml
auto.tcl: Setting watchdog for 200 seconds at Mon Jul 02 01:31:15 UTC 2018
2 ms. Memory: 208384K Free: 195907K (94%)
ptolemy.util.test.WatchDog.cancel(): canceling Mon Jul 02 01:31:15 UTC 2018
auto.tcl: Setting watchdog for 200 seconds at Mon Jul 02 01:31:15 UTC 2018
2 ms. Memory: 208384K Free: 195907K (94%)
ptolemy.util.test.WatchDog.cancel(): canceling Mon Jul 02 01:31:15 UTC 2018
------------------ testing $PTII/ptolemy/domains/de/test/auto/DEScheduleTest.xml
auto.tcl: Setting watchdog for 200 seconds at Mon Jul 02 01:31:15 UTC 2018
8 ms. Memory: 208384K Free: 198056K (95%)
ptolemy.util.test.WatchDog.cancel(): canceling Mon Jul 02 01:31:16 UTC 2018
auto.tcl: Setting watchdog for 200 seconds at Mon Jul 02 01:31:16 UTC 2018
3 ms. Memory: 208384K Free: 195966K (94%)
ptolemy.util.test.WatchDog.cancel(): canceling Mon Jul 02 01:31:16 UTC 2018
------------------ testing $PTII/ptolemy/domains/de/test/auto/DEinDEwithStartTimes.xml
auto.tcl: Setting watchdog for 200 seconds at Mon Jul 02 01:31:16 UTC 2018
4 ms. Memory: 208384K Free: 195919K (94%)
ptolemy.util.test.WatchDog.cancel(): canceling Mon Jul 02 01:31:16 UTC 2018
auto.tcl: Setting watchdog for 200 seconds at Mon Jul 02 01:31:16 UTC 2018
8 ms. Memory: 208384K Free: 193813K (93%)
ptolemy.util.test.WatchDog.cancel(): canceling Mon Jul 02 01:31:16 UTC 2018
------------------ testing $PTII/ptolemy/domains/de/test/auto/DEinDEwithStartTimes2.xml
auto.tcl: Setting watchdog for 200 seconds at Mon Jul 02 01:31:16 UTC 2018
4 ms. Memory: 208384K Free: 195923K (94%)
ptolemy.util.test.WatchDog.cancel(): canceling Mon Jul 02 01:31:16 UTC 2018
auto.tcl: Setting watchdog for 200 seconds at Mon Jul 02 01:31:16 UTC 2018
4 ms. Memory: 208384K Free: 193817K (93%)
ptolemy.util.test.WatchDog.cancel(): canceling Mon Jul 02 01:31:16 UTC 2018
------------------ testing $PTII/ptolemy/domains/de/test/auto/DateDemo.xml
auto.tcl: Setting watchdog for 200 seconds at Mon Jul 02 01:31:16 UTC 2018
14 ms. Memory: 208384K Free: 188342K (90%)
ptolemy.util.test.WatchDog.cancel(): canceling Mon Jul 02 01:31:16 UTC 2018
auto.tcl: Setting watchdog for 200 seconds at Mon Jul 02 01:31:16 UTC 2018
6 ms. Memory: 208384K Free: 186236K (89%)
ptolemy.util.test.WatchDog.cancel(): canceling Mon Jul 02 01:31:16 UTC 2018
------------------ testing $PTII/ptolemy/domains/de/test/auto/DateToEvent.xml
auto.tcl: Setting watchdog for 200 seconds at Mon Jul 02 01:31:16 UTC 2018
2010 ms. Memory: 208384K Free: 183062K (88%)
ptolemy.util.test.WatchDog.cancel(): canceling Mon Jul 02 01:31:18 UTC 2018
auto.tcl: Setting watchdog for 200 seconds at Mon Jul 02 01:31:18 UTC 2018
2004 ms. Memory: 208384K Free: 180605K (87%)
ptolemy.util.test.WatchDog.cancel(): canceling Mon Jul 02 01:31:20 UTC 2018
------------------ testing $PTII/ptolemy/domains/de/test/auto/DepthTest1.xml
auto.tcl: Setting watchdog for 200 seconds at Mon Jul 02 01:31:20 UTC 2018
5 ms. Memory: 208384K Free: 197576K (95%)
ptolemy.util.test.WatchDog.cancel(): canceling Mon Jul 02 01:31:20 UTC 2018
auto.tcl: Setting watchdog for 200 seconds at Mon Jul 02 01:31:20 UTC 2018
5 ms. Memory: 208384K Free: 197576K (95%)
ptolemy.util.test.WatchDog.cancel(): canceling Mon Jul 02 01:31:20 UTC 2018
------------------ testing $PTII/ptolemy/domains/de/test/auto/DepthTest2.xml
auto.tcl: Setting watchdog for 200 seconds at Mon Jul 02 01:31:20 UTC 2018
4 ms. Memory: 208384K Free: 193798K (93%)
ptolemy.util.test.WatchDog.cancel(): canceling Mon Jul 02 01:31:20 UTC 2018
auto.tcl: Setting watchdog for 200 seconds at Mon Jul 02 01:31:20 UTC 2018
3 ms. Memory: 208384K Free: 193798K (93%)
ptolemy.util.test.WatchDog.cancel(): canceling Mon Jul 02 01:31:20 UTC 2018
------------------ testing $PTII/ptolemy/domains/de/test/auto/DepthTest3.xml
auto.tcl: Setting watchdog for 200 seconds at Mon Jul 02 01:31:20 UTC 2018
2 ms. Memory: 208384K Free: 197911K (95%)
ptolemy.util.test.WatchDog.cancel(): canceling Mon Jul 02 01:31:20 UTC 2018
auto.tcl: Setting watchdog for 200 seconds at Mon Jul 02 01:31:20 UTC 2018
2 ms. Memory: 208384K Free: 197911K (95%)
ptolemy.util.test.WatchDog.cancel(): canceling Mon Jul 02 01:31:20 UTC 2018
------------------ testing $PTII/ptolemy/domains/de/test/auto/DepthTest4.xml
auto.tcl: Setting watchdog for 200 seconds at Mon Jul 02 01:31:20 UTC 2018
8 ms. Memory: 208384K Free: 195907K (94%)
ptolemy.util.test.WatchDog.cancel(): canceling Mon Jul 02 01:31:20 UTC 2018
auto.tcl: Setting watchdog for 200 seconds at Mon Jul 02 01:31:20 UTC 2018
5 ms. Memory: 208384K Free: 195907K (94%)
ptolemy.util.test.WatchDog.cancel(): canceling Mon Jul 02 01:31:20 UTC 2018
------------------ testing $PTII/ptolemy/domains/de/test/auto/DepthTest5.xml
auto.tcl: Setting watchdog for 200 seconds at Mon Jul 02 01:31:20 UTC 2018
3 ms. Memory: 208384K Free: 196207K (94%)
ptolemy.util.test.WatchDog.cancel(): canceling Mon Jul 02 01:31:20 UTC 2018
auto.tcl: Setting watchdog for 200 seconds at Mon Jul 02 01:31:20 UTC 2018
3 ms. Memory: 208384K Free: 195870K (94%)
ptolemy.util.test.WatchDog.cancel(): canceling Mon Jul 02 01:31:20 UTC 2018
------------------ testing $PTII/ptolemy/domains/de/test/auto/DepthTest6.xml
auto.tcl: Setting watchdog for 200 seconds at Mon Jul 02 01:31:20 UTC 2018
7 ms. Memory: 208384K Free: 196183K (94%)
ptolemy.util.test.WatchDog.cancel(): canceling Mon Jul 02 01:31:21 UTC 2018
auto.tcl: Setting watchdog for 200 seconds at Mon Jul 02 01:31:21 UTC 2018
2 ms. Memory: 208384K Free: 196183K (94%)
ptolemy.util.test.WatchDog.cancel(): canceling Mon Jul 02 01:31:21 UTC 2018
------------------ testing $PTII/ptolemy/domains/de/test/auto/DepthTest7.xml
auto.tcl: Setting watchdog for 200 seconds at Mon Jul 02 01:31:21 UTC 2018
3 ms. Memory: 208384K Free: 195796K (94%)
ptolemy.util.test.WatchDog.cancel(): canceling Mon Jul 02 01:31:21 UTC 2018
auto.tcl: Setting watchdog for 200 seconds at Mon Jul 02 01:31:21 UTC 2018
2 ms. Memory: 208384K Free: 195796K (94%)
ptolemy.util.test.WatchDog.cancel(): canceling Mon Jul 02 01:31:21 UTC 2018
------------------ testing $PTII/ptolemy/domains/de/test/auto/EventToDate.xml
auto.tcl: Setting watchdog for 200 seconds at Mon Jul 02 01:31:21 UTC 2018
3009 ms. Memory: 208384K Free: 185366K (89%)
ptolemy.util.test.WatchDog.cancel(): canceling Mon Jul 02 01:31:24 UTC 2018
auto.tcl: Setting watchdog for 200 seconds at Mon Jul 02 01:31:24 UTC 2018
3004 ms. Memory: 208384K Free: 185366K (89%)
ptolemy.util.test.WatchDog.cancel(): canceling Mon Jul 02 01:31:27 UTC 2018
------------------ testing $PTII/ptolemy/domains/de/test/auto/FSM1.xml
auto.tcl: Setting watchdog for 200 seconds at Mon Jul 02 01:31:27 UTC 2018
28 ms. Memory: 208384K Free: 188844K (91%)
ptolemy.util.test.WatchDog.cancel(): canceling Mon Jul 02 01:31:27 UTC 2018
auto.tcl: Setting watchdog for 200 seconds at Mon Jul 02 01:31:27 UTC 2018
24 ms. Memory: 208384K Free: 184664K (89%)
ptolemy.util.test.WatchDog.cancel(): canceling Mon Jul 02 01:31:27 UTC 2018
------------------ testing $PTII/ptolemy/domains/de/test/auto/FSM7.xml
auto.tcl: Setting watchdog for 200 seconds at Mon Jul 02 01:31:27 UTC 2018
21 ms. Memory: 208384K Free: 187304K (90%)
ptolemy.util.test.WatchDog.cancel(): canceling Mon Jul 02 01:31:27 UTC 2018
auto.tcl: Setting watchdog for 200 seconds at Mon Jul 02 01:31:27 UTC 2018
16 ms. Memory: 208384K Free: 184861K (89%)
ptolemy.util.test.WatchDog.cancel(): canceling Mon Jul 02 01:31:27 UTC 2018
------------------ testing $PTII/ptolemy/domains/de/test/auto/Inspection.xml
auto.tcl: Setting watchdog for 200 seconds at Mon Jul 02 01:31:27 UTC 2018
42 ms. Memory: 208384K Free: 188180K (90%)
ptolemy.util.test.WatchDog.cancel(): canceling Mon Jul 02 01:31:27 UTC 2018
auto.tcl: Setting watchdog for 200 seconds at Mon Jul 02 01:31:27 UTC 2018
29 ms. Memory: 208384K Free: 186074K (89%)
ptolemy.util.test.WatchDog.cancel(): canceling Mon Jul 02 01:31:27 UTC 2018
------------------ testing $PTII/ptolemy/domains/de/test/auto/Iteration.xml
auto.tcl: Setting watchdog for 200 seconds at Mon Jul 02 01:31:27 UTC 2018
13 ms. Memory: 208384K Free: 195619K (94%)
ptolemy.util.test.WatchDog.cancel(): canceling Mon Jul 02 01:31:27 UTC 2018
auto.tcl: Setting watchdog for 200 seconds at Mon Jul 02 01:31:27 UTC 2018
8 ms. Memory: 208384K Free: 193513K (93%)
ptolemy.util.test.WatchDog.cancel(): canceling Mon Jul 02 01:31:27 UTC 2018
------------------ testing $PTII/ptolemy/domains/de/test/auto/LineFault.xml
auto.tcl: Setting watchdog for 200 seconds at Mon Jul 02 01:31:27 UTC 2018
706 ms. Memory: 208384K Free: 195759K (94%)
ptolemy.util.test.WatchDog.cancel(): canceling Mon Jul 02 01:31:28 UTC 2018
auto.tcl: Setting watchdog for 200 seconds at Mon Jul 02 01:31:28 UTC 2018
662 ms. Memory: 208384K Free: 138584K (67%)
ptolemy.util.test.WatchDog.cancel(): canceling Mon Jul 02 01:31:29 UTC 2018
------------------ testing $PTII/ptolemy/domains/de/test/auto/MergeModel1Add.xml
auto.tcl: Setting watchdog for 200 seconds at Mon Jul 02 01:31:29 UTC 2018
33 ms. Memory: 331264K Free: 298431K (90%)
ptolemy.util.test.WatchDog.cancel(): canceling Mon Jul 02 01:31:29 UTC 2018
auto.tcl: Setting watchdog for 200 seconds at Mon Jul 02 01:31:29 UTC 2018
13 ms. Memory: 331264K Free: 298431K (90%)
ptolemy.util.test.WatchDog.cancel(): canceling Mon Jul 02 01:31:29 UTC 2018
------------------ testing $PTII/ptolemy/domains/de/test/auto/MergeModel2Add.xml
auto.tcl: Setting watchdog for 200 seconds at Mon Jul 02 01:31:29 UTC 2018
11 ms. Memory: 331264K Free: 303724K (92%)
ptolemy.util.test.WatchDog.cancel(): canceling Mon Jul 02 01:31:29 UTC 2018
auto.tcl: Setting watchdog for 200 seconds at Mon Jul 02 01:31:29 UTC 2018
10 ms. Memory: 331264K Free: 299770K (90%)
ptolemy.util.test.WatchDog.cancel(): canceling Mon Jul 02 01:31:29 UTC 2018
------------------ testing $PTII/ptolemy/domains/de/test/auto/MergeModel3Add.xml
auto.tcl: Setting watchdog for 200 seconds at Mon Jul 02 01:31:29 UTC 2018
13 ms. Memory: 331264K Free: 303750K (92%)
ptolemy.util.test.WatchDog.cancel(): canceling Mon Jul 02 01:31:30 UTC 2018
auto.tcl: Setting watchdog for 200 seconds at Mon Jul 02 01:31:30 UTC 2018
13 ms. Memory: 331264K Free: 299812K (91%)
ptolemy.util.test.WatchDog.cancel(): canceling Mon Jul 02 01:31:30 UTC 2018
------------------ testing $PTII/ptolemy/domains/de/test/auto/MergeWithoutDiscard.xml
auto.tcl: Setting watchdog for 200 seconds at Mon Jul 02 01:31:30 UTC 2018
2 ms. Memory: 331264K Free: 319796K (97%)
ptolemy.util.test.WatchDog.cancel(): canceling Mon Jul 02 01:31:30 UTC 2018
auto.tcl: Setting watchdog for 200 seconds at Mon Jul 02 01:31:30 UTC 2018
1 ms. Memory: 331264K Free: 315856K (95%)
ptolemy.util.test.WatchDog.cancel(): canceling Mon Jul 02 01:31:30 UTC 2018
------------------ testing $PTII/ptolemy/domains/de/test/auto/Modal1.xml
auto.tcl: Setting watchdog for 200 seconds at Mon Jul 02 01:31:30 UTC 2018
13 ms. Memory: 331264K Free: 309465K (93%)
ptolemy.util.test.WatchDog.cancel(): canceling Mon Jul 02 01:31:30 UTC 2018
auto.tcl: Setting watchdog for 200 seconds at Mon Jul 02 01:31:30 UTC 2018
13 ms. Memory: 331264K Free: 305510K (92%)
ptolemy.util.test.WatchDog.cancel(): canceling Mon Jul 02 01:31:30 UTC 2018
------------------ testing $PTII/ptolemy/domains/de/test/auto/Modal2.xml
auto.tcl: Setting watchdog for 200 seconds at Mon Jul 02 01:31:30 UTC 2018
13 ms. Memory: 331264K Free: 309339K (93%)
ptolemy.util.test.WatchDog.cancel(): canceling Mon Jul 02 01:31:30 UTC 2018
auto.tcl: Setting watchdog for 200 seconds at Mon Jul 02 01:31:30 UTC 2018
13 ms. Memory: 331264K Free: 305384K (92%)
ptolemy.util.test.WatchDog.cancel(): canceling Mon Jul 02 01:31:30 UTC 2018
------------------ testing $PTII/ptolemy/domains/de/test/auto/Modal3.xml
auto.tcl: Setting watchdog for 200 seconds at Mon Jul 02 01:31:30 UTC 2018
11 ms. Memory: 331264K Free: 304399K (92%)
ptolemy.util.test.WatchDog.cancel(): canceling Mon Jul 02 01:31:30 UTC 2018
auto.tcl: Setting watchdog for 200 seconds at Mon Jul 02 01:31:30 UTC 2018
12 ms. Memory: 331264K Free: 300444K (91%)
ptolemy.util.test.WatchDog.cancel(): canceling Mon Jul 02 01:31:30 UTC 2018
------------------ testing $PTII/ptolemy/domains/de/test/auto/Modal4.xml
auto.tcl: Setting watchdog for 200 seconds at Mon Jul 02 01:31:30 UTC 2018
28 ms. Memory: 331264K Free: 309359K (93%)
ptolemy.util.test.WatchDog.cancel(): canceling Mon Jul 02 01:31:30 UTC 2018
auto.tcl: Setting watchdog for 200 seconds at Mon Jul 02 01:31:30 UTC 2018
25 ms. Memory: 331264K Free: 305404K (92%)
ptolemy.util.test.WatchDog.cancel(): canceling Mon Jul 02 01:31:30 UTC 2018
------------------ testing $PTII/ptolemy/domains/de/test/auto/Modal5.xml
auto.tcl: Setting watchdog for 200 seconds at Mon Jul 02 01:31:30 UTC 2018
22 ms. Memory: 331264K Free: 309346K (93%)
ptolemy.util.test.WatchDog.cancel(): canceling Mon Jul 02 01:31:30 UTC 2018
auto.tcl: Setting watchdog for 200 seconds at Mon Jul 02 01:31:30 UTC 2018
17 ms. Memory: 331264K Free: 305391K (92%)
ptolemy.util.test.WatchDog.cancel(): canceling Mon Jul 02 01:31:30 UTC 2018
------------------ testing $PTII/ptolemy/domains/de/test/auto/Modal6.xml
auto.tcl: Setting watchdog for 200 seconds at Mon Jul 02 01:31:30 UTC 2018
15 ms. Memory: 331264K Free: 309327K (93%)
ptolemy.util.test.WatchDog.cancel(): canceling Mon Jul 02 01:31:30 UTC 2018
auto.tcl: Setting watchdog for 200 seconds at Mon Jul 02 01:31:30 UTC 2018
16 ms. Memory: 331264K Free: 305373K (92%)
ptolemy.util.test.WatchDog.cancel(): canceling Mon Jul 02 01:31:30 UTC 2018
------------------ testing $PTII/ptolemy/domains/de/test/auto/Modal7.xml
auto.tcl: Setting watchdog for 200 seconds at Mon Jul 02 01:31:30 UTC 2018
12 ms. Memory: 331264K Free: 309319K (93%)
ptolemy.util.test.WatchDog.cancel(): canceling Mon Jul 02 01:31:30 UTC 2018
auto.tcl: Setting watchdog for 200 seconds at Mon Jul 02 01:31:30 UTC 2018
12 ms. Memory: 331264K Free: 305380K (92%)
ptolemy.util.test.WatchDog.cancel(): canceling Mon Jul 02 01:31:30 UTC 2018
------------------ testing $PTII/ptolemy/domains/de/test/auto/ModalModel.xml
auto.tcl: Setting watchdog for 200 seconds at Mon Jul 02 01:31:31 UTC 2018
230 ms. Memory: 331264K Free: 245347K (74%)
ptolemy.util.test.WatchDog.cancel(): canceling Mon Jul 02 01:31:31 UTC 2018
auto.tcl: Setting watchdog for 200 seconds at Mon Jul 02 01:31:31 UTC 2018
214 ms. Memory: 331264K Free: 190062K (57%)
ptolemy.util.test.WatchDog.cancel(): canceling Mon Jul 02 01:31:31 UTC 2018
------------------ testing $PTII/ptolemy/domains/de/test/auto/ModalSource.xml
auto.tcl: Setting watchdog for 200 seconds at Mon Jul 02 01:31:31 UTC 2018
12 ms. Memory: 331264K Free: 316069K (95%)
ptolemy.util.test.WatchDog.cancel(): canceling Mon Jul 02 01:31:31 UTC 2018
auto.tcl: Setting watchdog for 200 seconds at Mon Jul 02 01:31:31 UTC 2018
10 ms. Memory: 331264K Free: 312545K (94%)
ptolemy.util.test.WatchDog.cancel(): canceling Mon Jul 02 01:31:31 UTC 2018
------------------ testing $PTII/ptolemy/domains/de/test/auto/NonInterruptibleTimerZeroDelay.xml
auto.tcl: Setting watchdog for 200 seconds at Mon Jul 02 01:31:31 UTC 2018
5 ms. Memory: 331264K Free: 320245K (97%)
ptolemy.util.test.WatchDog.cancel(): canceling Mon Jul 02 01:31:31 UTC 2018
auto.tcl: Setting watchdog for 200 seconds at Mon Jul 02 01:31:31 UTC 2018
3 ms. Memory: 331264K Free: 316729K (96%)
ptolemy.util.test.WatchDog.cancel(): canceling Mon Jul 02 01:31:31 UTC 2018
------------------ testing $PTII/ptolemy/domains/de/test/auto/OpenQueueingNetwork.xml
auto.tcl: Setting watchdog for 200 seconds at Mon Jul 02 01:31:31 UTC 2018
3364 ms. Memory: 317952K Free: 155769K (49%)
ptolemy.util.test.WatchDog.cancel(): canceling Mon Jul 02 01:31:35 UTC 2018
auto.tcl: Setting watchdog for 200 seconds at Mon Jul 02 01:31:35 UTC 2018
2374 ms. Memory: 287232K Free: 235876K (82%)
ptolemy.util.test.WatchDog.cancel(): canceling Mon Jul 02 01:31:37 UTC 2018
------------------ testing $PTII/ptolemy/domains/de/test/auto/OpenQueuingNetwork.xml
auto.tcl: Setting watchdog for 200 seconds at Mon Jul 02 01:31:37 UTC 2018
266 ms. Memory: 287232K Free: 186947K (65%)
ptolemy.util.test.WatchDog.cancel(): canceling Mon Jul 02 01:31:38 UTC 2018
auto.tcl: Setting watchdog for 200 seconds at Mon Jul 02 01:31:38 UTC 2018
249 ms. Memory: 287232K Free: 126624K (44%)
ptolemy.util.test.WatchDog.cancel(): canceling Mon Jul 02 01:31:38 UTC 2018
------------------ testing $PTII/ptolemy/domains/de/test/auto/PeriodicSampler.xml
auto.tcl: Setting watchdog for 200 seconds at Mon Jul 02 01:31:38 UTC 2018
3 ms. Memory: 289792K Free: 274210K (95%)
ptolemy.util.test.WatchDog.cancel(): canceling Mon Jul 02 01:31:38 UTC 2018
auto.tcl: Setting watchdog for 200 seconds at Mon Jul 02 01:31:38 UTC 2018
3 ms. Memory: 289792K Free: 274210K (95%)
ptolemy.util.test.WatchDog.cancel(): canceling Mon Jul 02 01:31:38 UTC 2018
------------------ testing $PTII/ptolemy/domains/de/test/auto/PersistentIO.xml
auto.tcl: Setting watchdog for 200 seconds at Mon Jul 02 01:31:38 UTC 2018
14 ms. Memory: 287232K Free: 266448K (93%)
ptolemy.util.test.WatchDog.cancel(): canceling Mon Jul 02 01:31:38 UTC 2018
auto.tcl: Setting watchdog for 200 seconds at Mon Jul 02 01:31:38 UTC 2018
10 ms. Memory: 287232K Free: 266448K (93%)
ptolemy.util.test.WatchDog.cancel(): canceling Mon Jul 02 01:31:38 UTC 2018
------------------ testing $PTII/ptolemy/domains/de/test/auto/PortParameterResetOnInitialize.xml
auto.tcl: Setting watchdog for 200 seconds at Mon Jul 02 01:31:38 UTC 2018
3 ms. Memory: 289280K Free: 274042K (95%)
ptolemy.util.test.WatchDog.cancel(): canceling Mon Jul 02 01:31:38 UTC 2018
auto.tcl: Setting watchdog for 200 seconds at Mon Jul 02 01:31:38 UTC 2018
3 ms. Memory: 289280K Free: 274042K (95%)
ptolemy.util.test.WatchDog.cancel(): canceling Mon Jul 02 01:31:38 UTC 2018
------------------ testing $PTII/ptolemy/domains/de/test/auto/PortParameterUpdates.xml
auto.tcl: Setting watchdog for 200 seconds at Mon Jul 02 01:31:38 UTC 2018
9 ms. Memory: 287232K Free: 272143K (95%)
ptolemy.util.test.WatchDog.cancel(): canceling Mon Jul 02 01:31:38 UTC 2018
auto.tcl: Setting watchdog for 200 seconds at Mon Jul 02 01:31:38 UTC 2018
4 ms. Memory: 287232K Free: 269239K (94%)
ptolemy.util.test.WatchDog.cancel(): canceling Mon Jul 02 01:31:38 UTC 2018
------------------ testing $PTII/ptolemy/domains/de/test/auto/QueueAndServer.xml
auto.tcl: Setting watchdog for 200 seconds at Mon Jul 02 01:31:38 UTC 2018
10 ms. Memory: 289280K Free: 273417K (95%)
ptolemy.util.test.WatchDog.cancel(): canceling Mon Jul 02 01:31:38 UTC 2018
auto.tcl: Setting watchdog for 200 seconds at Mon Jul 02 01:31:38 UTC 2018
7 ms. Memory: 289280K Free: 273316K (94%)
ptolemy.util.test.WatchDog.cancel(): canceling Mon Jul 02 01:31:38 UTC 2018
------------------ testing $PTII/ptolemy/domains/de/test/auto/Records.xml
auto.tcl: Setting watchdog for 200 seconds at Mon Jul 02 01:31:38 UTC 2018
6 ms. Memory: 287232K Free: 274091K (95%)
ptolemy.util.test.WatchDog.cancel(): canceling Mon Jul 02 01:31:38 UTC 2018
auto.tcl: Setting watchdog for 200 seconds at Mon Jul 02 01:31:38 UTC 2018
6 ms. Memory: 287232K Free: 274091K (95%)
ptolemy.util.test.WatchDog.cancel(): canceling Mon Jul 02 01:31:38 UTC 2018
------------------ testing $PTII/ptolemy/domains/de/test/auto/ResetTransitionWithStartTime1.xml
auto.tcl: Setting watchdog for 200 seconds at Mon Jul 02 01:31:38 UTC 2018
8 ms. Memory: 288768K Free: 272740K (94%)
ptolemy.util.test.WatchDog.cancel(): canceling Mon Jul 02 01:31:38 UTC 2018
auto.tcl: Setting watchdog for 200 seconds at Mon Jul 02 01:31:38 UTC 2018
8 ms. Memory: 288768K Free: 269828K (93%)
ptolemy.util.test.WatchDog.cancel(): canceling Mon Jul 02 01:31:38 UTC 2018
------------------ testing $PTII/ptolemy/domains/de/test/auto/ResetTransitionWithStartTime2.xml
auto.tcl: Setting watchdog for 200 seconds at Mon Jul 02 01:31:39 UTC 2018
8 ms. Memory: 287232K Free: 271296K (94%)
ptolemy.util.test.WatchDog.cancel(): canceling Mon Jul 02 01:31:39 UTC 2018
auto.tcl: Setting watchdog for 200 seconds at Mon Jul 02 01:31:39 UTC 2018
8 ms. Memory: 287232K Free: 268384K (93%)
ptolemy.util.test.WatchDog.cancel(): canceling Mon Jul 02 01:31:39 UTC 2018
------------------ testing $PTII/ptolemy/domains/de/test/auto/ResetTransitionWithStartTime3.xml
auto.tcl: Setting watchdog for 200 seconds at Mon Jul 02 01:31:39 UTC 2018
8 ms. Memory: 288768K Free: 272738K (94%)
ptolemy.util.test.WatchDog.cancel(): canceling Mon Jul 02 01:31:39 UTC 2018
auto.tcl: Setting watchdog for 200 seconds at Mon Jul 02 01:31:39 UTC 2018
6 ms. Memory: 288768K Free: 269834K (93%)
ptolemy.util.test.WatchDog.cancel(): canceling Mon Jul 02 01:31:39 UTC 2018
------------------ testing $PTII/ptolemy/domains/de/test/auto/ResetTransitionWithStartTime4.xml
auto.tcl: Setting watchdog for 200 seconds at Mon Jul 02 01:31:39 UTC 2018
4 ms. Memory: 287232K Free: 271217K (94%)
ptolemy.util.test.WatchDog.cancel(): canceling Mon Jul 02 01:31:39 UTC 2018
auto.tcl: Setting watchdog for 200 seconds at Mon Jul 02 01:31:39 UTC 2018
4 ms. Memory: 287232K Free: 271217K (94%)
ptolemy.util.test.WatchDog.cancel(): canceling Mon Jul 02 01:31:39 UTC 2018
------------------ testing $PTII/ptolemy/domains/de/test/auto/ResettableTimer1.xml
auto.tcl: Setting watchdog for 200 seconds at Mon Jul 02 01:31:39 UTC 2018
4 ms. Memory: 288768K Free: 275652K (95%)
ptolemy.util.test.WatchDog.cancel(): canceling Mon Jul 02 01:31:39 UTC 2018
auto.tcl: Setting watchdog for 200 seconds at Mon Jul 02 01:31:39 UTC 2018
3 ms. Memory: 288768K Free: 275652K (95%)
ptolemy.util.test.WatchDog.cancel(): canceling Mon Jul 02 01:31:39 UTC 2018
------------------ testing $PTII/ptolemy/domains/de/test/auto/ResettableTimer2.xml
auto.tcl: Setting watchdog for 200 seconds at Mon Jul 02 01:31:39 UTC 2018
2 ms. Memory: 287232K Free: 274259K (95%)
ptolemy.util.test.WatchDog.cancel(): canceling Mon Jul 02 01:31:39 UTC 2018
auto.tcl: Setting watchdog for 200 seconds at Mon Jul 02 01:31:39 UTC 2018
2 ms. Memory: 287232K Free: 274259K (95%)
ptolemy.util.test.WatchDog.cancel(): canceling Mon Jul 02 01:31:39 UTC 2018
------------------ testing $PTII/ptolemy/domains/de/test/auto/ResettableTimer3.xml
auto.tcl: Setting watchdog for 200 seconds at Mon Jul 02 01:31:39 UTC 2018
1 ms. Memory: 288256K Free: 275182K (95%)
ptolemy.util.test.WatchDog.cancel(): canceling Mon Jul 02 01:31:39 UTC 2018
auto.tcl: Setting watchdog for 200 seconds at Mon Jul 02 01:31:39 UTC 2018
1 ms. Memory: 288256K Free: 275182K (95%)
ptolemy.util.test.WatchDog.cancel(): canceling Mon Jul 02 01:31:39 UTC 2018
------------------ testing $PTII/ptolemy/domains/de/test/auto/ResettableTimer4.xml
auto.tcl: Setting watchdog for 200 seconds at Mon Jul 02 01:31:39 UTC 2018
2 ms. Memory: 287232K Free: 274272K (95%)
ptolemy.util.test.WatchDog.cancel(): canceling Mon Jul 02 01:31:39 UTC 2018
auto.tcl: Setting watchdog for 200 seconds at Mon Jul 02 01:31:39 UTC 2018
1 ms. Memory: 287232K Free: 274272K (95%)
ptolemy.util.test.WatchDog.cancel(): canceling Mon Jul 02 01:31:39 UTC 2018
------------------ testing $PTII/ptolemy/domains/de/test/auto/ResettableTimer5.xml
auto.tcl: Setting watchdog for 200 seconds at Mon Jul 02 01:31:39 UTC 2018
1 ms. Memory: 288256K Free: 273236K (95%)
ptolemy.util.test.WatchDog.cancel(): canceling Mon Jul 02 01:31:39 UTC 2018
auto.tcl: Setting watchdog for 200 seconds at Mon Jul 02 01:31:39 UTC 2018
1 ms. Memory: 288256K Free: 273236K (95%)
ptolemy.util.test.WatchDog.cancel(): canceling Mon Jul 02 01:31:39 UTC 2018
------------------ testing $PTII/ptolemy/domains/de/test/auto/ResettableTimer6.xml
auto.tcl: Setting watchdog for 200 seconds at Mon Jul 02 01:31:39 UTC 2018
2 ms. Memory: 287232K Free: 272060K (95%)
ptolemy.util.test.WatchDog.cancel(): canceling Mon Jul 02 01:31:39 UTC 2018
auto.tcl: Setting watchdog for 200 seconds at Mon Jul 02 01:31:39 UTC 2018
2 ms. Memory: 287232K Free: 272060K (95%)
ptolemy.util.test.WatchDog.cancel(): canceling Mon Jul 02 01:31:39 UTC 2018
------------------ testing $PTII/ptolemy/domains/de/test/auto/ServerZeroDelay.xml
auto.tcl: Setting watchdog for 200 seconds at Mon Jul 02 01:31:39 UTC 2018
2 ms. Memory: 288256K Free: 275133K (95%)
ptolemy.util.test.WatchDog.cancel(): canceling Mon Jul 02 01:31:39 UTC 2018
auto.tcl: Setting watchdog for 200 seconds at Mon Jul 02 01:31:39 UTC 2018
3 ms. Memory: 288256K Free: 275133K (95%)
ptolemy.util.test.WatchDog.cancel(): canceling Mon Jul 02 01:31:39 UTC 2018
------------------ testing $PTII/ptolemy/domains/de/test/auto/SmartSender.xml
auto.tcl: Setting watchdog for 200 seconds at Mon Jul 02 01:31:39 UTC 2018
3001 ms. Memory: 287232K Free: 274205K (95%)
ptolemy.util.test.WatchDog.cancel(): canceling Mon Jul 02 01:31:42 UTC 2018
auto.tcl: Setting watchdog for 200 seconds at Mon Jul 02 01:31:42 UTC 2018
3002 ms. Memory: 287232K Free: 274205K (95%)
ptolemy.util.test.WatchDog.cancel(): canceling Mon Jul 02 01:31:45 UTC 2018
------------------ testing $PTII/ptolemy/domains/de/test/auto/ThreadedComposite.xml
auto.tcl: Setting watchdog for 200 seconds at Mon Jul 02 01:31:45 UTC 2018
283 ms. Memory: 288256K Free: 247913K (86%)
ptolemy.util.test.WatchDog.cancel(): canceling Mon Jul 02 01:31:46 UTC 2018
auto.tcl: Setting watchdog for 200 seconds at Mon Jul 02 01:31:46 UTC 2018
258 ms. Memory: 288256K Free: 229771K (80%)
ptolemy.util.test.WatchDog.cancel(): canceling Mon Jul 02 01:31:46 UTC 2018
------------------ testing $PTII/ptolemy/domains/de/test/auto/Time.xml
auto.tcl: Setting watchdog for 200 seconds at Mon Jul 02 01:31:46 UTC 2018
585 ms. Memory: 287232K Free: 218256K (76%)
ptolemy.util.test.WatchDog.cancel(): canceling Mon Jul 02 01:31:47 UTC 2018
auto.tcl: Setting watchdog for 200 seconds at Mon Jul 02 01:31:47 UTC 2018
562 ms. Memory: 287232K Free: 163230K (57%)
ptolemy.util.test.WatchDog.cancel(): canceling Mon Jul 02 01:31:47 UTC 2018
------------------ testing $PTII/ptolemy/domains/de/test/auto/TimeDelayZeroDelay.xml
auto.tcl: Setting watchdog for 200 seconds at Mon Jul 02 01:31:47 UTC 2018
2 ms. Memory: 287744K Free: 275193K (96%)
ptolemy.util.test.WatchDog.cancel(): canceling Mon Jul 02 01:31:47 UTC 2018
auto.tcl: Setting watchdog for 200 seconds at Mon Jul 02 01:31:47 UTC 2018
2 ms. Memory: 287744K Free: 275193K (96%)
ptolemy.util.test.WatchDog.cancel(): canceling Mon Jul 02 01:31:47 UTC 2018
------------------ testing $PTII/ptolemy/domains/de/test/auto/TimerZeroDelay.xml
auto.tcl: Setting watchdog for 200 seconds at Mon Jul 02 01:31:47 UTC 2018
4 ms. Memory: 287232K Free: 274791K (96%)
ptolemy.util.test.WatchDog.cancel(): canceling Mon Jul 02 01:31:47 UTC 2018
auto.tcl: Setting watchdog for 200 seconds at Mon Jul 02 01:31:47 UTC 2018
2 ms. Memory: 287232K Free: 274791K (96%)
ptolemy.util.test.WatchDog.cancel(): canceling Mon Jul 02 01:31:47 UTC 2018
------------------ testing $PTII/ptolemy/domains/de/test/auto/TimingParadox.xml
auto.tcl: Setting watchdog for 200 seconds at Mon Jul 02 01:31:47 UTC 2018
400 ms. Memory: 287744K Free: 207028K (72%)
ptolemy.util.test.WatchDog.cancel(): canceling Mon Jul 02 01:31:48 UTC 2018
auto.tcl: Setting watchdog for 200 seconds at Mon Jul 02 01:31:48 UTC 2018
379 ms. Memory: 287744K Free: 170804K (59%)
ptolemy.util.test.WatchDog.cancel(): canceling Mon Jul 02 01:31:48 UTC 2018
------------------ testing $PTII/ptolemy/domains/de/test/auto/TransferInputs.xml
auto.tcl: Setting watchdog for 200 seconds at Mon Jul 02 01:31:48 UTC 2018
2 ms. Memory: 287744K Free: 274215K (95%)
ptolemy.util.test.WatchDog.cancel(): canceling Mon Jul 02 01:31:48 UTC 2018
auto.tcl: Setting watchdog for 200 seconds at Mon Jul 02 01:31:48 UTC 2018
2 ms. Memory: 287744K Free: 274215K (95%)
ptolemy.util.test.WatchDog.cancel(): canceling Mon Jul 02 01:31:48 UTC 2018
------------------ testing $PTII/ptolemy/domains/de/test/auto/TransferOutputs2.xml
auto.tcl: Setting watchdog for 200 seconds at Mon Jul 02 01:31:48 UTC 2018
7 ms. Memory: 287232K Free: 272223K (95%)
ptolemy.util.test.WatchDog.cancel(): canceling Mon Jul 02 01:31:48 UTC 2018
auto.tcl: Setting watchdog for 200 seconds at Mon Jul 02 01:31:48 UTC 2018
3 ms. Memory: 287232K Free: 269633K (94%)
ptolemy.util.test.WatchDog.cancel(): canceling Mon Jul 02 01:31:48 UTC 2018
------------------ testing $PTII/ptolemy/domains/de/test/auto/Trilateration.xml
auto.tcl: Setting watchdog for 200 seconds at Mon Jul 02 01:31:49 UTC 2018
15398 ms. Memory: 455168K Free: 125530K (28%)
ptolemy.util.test.WatchDog.cancel(): canceling Mon Jul 02 01:32:05 UTC 2018
auto.tcl: Setting watchdog for 200 seconds at Mon Jul 02 01:32:05 UTC 2018
11846 ms. Memory: 326144K Free: 158334K (49%)
ptolemy.util.test.WatchDog.cancel(): canceling Mon Jul 02 01:32:17 UTC 2018
------------------ testing $PTII/ptolemy/domains/de/test/auto/TwoSigmaDelta.xml
auto.tcl: Setting watchdog for 200 seconds at Mon Jul 02 01:32:17 UTC 2018
2995 ms. Memory: 315904K Free: 266892K (84%)
ptolemy.util.test.WatchDog.cancel(): canceling Mon Jul 02 01:32:20 UTC 2018
auto.tcl: Setting watchdog for 200 seconds at Mon Jul 02 01:32:20 UTC 2018
2430 ms. Memory: 305152K Free: 260892K (85%)
ptolemy.util.test.WatchDog.cancel(): canceling Mon Jul 02 01:32:23 UTC 2018
------------------ testing $PTII/ptolemy/domains/de/test/auto/VariableDelay.xml
auto.tcl: Setting watchdog for 200 seconds at Mon Jul 02 01:32:23 UTC 2018
3 ms. Memory: 305152K Free: 288343K (94%)
ptolemy.util.test.WatchDog.cancel(): canceling Mon Jul 02 01:32:23 UTC 2018
auto.tcl: Setting watchdog for 200 seconds at Mon Jul 02 01:32:23 UTC 2018
2 ms. Memory: 305152K Free: 288343K (94%)
ptolemy.util.test.WatchDog.cancel(): canceling Mon Jul 02 01:32:23 UTC 2018
------------------ testing $PTII/ptolemy/domains/de/test/auto/VariableDelay2.xml
auto.tcl: Setting watchdog for 200 seconds at Mon Jul 02 01:32:23 UTC 2018
7 ms. Memory: 307200K Free: 293023K (95%)
ptolemy.util.test.WatchDog.cancel(): canceling Mon Jul 02 01:32:23 UTC 2018
auto.tcl: Setting watchdog for 200 seconds at Mon Jul 02 01:32:23 UTC 2018
2 ms. Memory: 307200K Free: 293023K (95%)
ptolemy.util.test.WatchDog.cancel(): canceling Mon Jul 02 01:32:23 UTC 2018
------------------ testing $PTII/ptolemy/domains/de/test/auto/VariableDelayZeroDelay.xml
auto.tcl: Setting watchdog for 200 seconds at Mon Jul 02 01:32:23 UTC 2018
2 ms. Memory: 305152K Free: 292052K (96%)
ptolemy.util.test.WatchDog.cancel(): canceling Mon Jul 02 01:32:23 UTC 2018
auto.tcl: Setting watchdog for 200 seconds at Mon Jul 02 01:32:23 UTC 2018
2 ms. Memory: 305152K Free: 288752K (95%)
ptolemy.util.test.WatchDog.cancel(): canceling Mon Jul 02 01:32:23 UTC 2018
------------------ testing $PTII/ptolemy/domains/de/test/auto/VariableDelayZeroDelay2.xml
auto.tcl: Setting watchdog for 200 seconds at Mon Jul 02 01:32:23 UTC 2018
2 ms. Memory: 306688K Free: 290271K (95%)
ptolemy.util.test.WatchDog.cancel(): canceling Mon Jul 02 01:32:23 UTC 2018
auto.tcl: Setting watchdog for 200 seconds at Mon Jul 02 01:32:23 UTC 2018
2 ms. Memory: 306688K Free: 290271K (95%)
ptolemy.util.test.WatchDog.cancel(): canceling Mon Jul 02 01:32:23 UTC 2018
------------------ testing $PTII/ptolemy/domains/de/test/auto/deInCt.xml
auto.tcl: Setting watchdog for 200 seconds at Mon Jul 02 01:32:23 UTC 2018
0
1
1
1
1
1
1
1
0
0
0
1
1
1
0
0
0
1
1
1
1
1
1
0
0
0
1
1
1
1
6 ms. Memory: 305152K Free: 288744K (95%)
ptolemy.util.test.WatchDog.cancel(): canceling Mon Jul 02 01:32:23 UTC 2018
auto.tcl: Setting watchdog for 200 seconds at Mon Jul 02 01:32:23 UTC 2018
0
1
1
1
0
0
0
1
1
1
0
0
0
0
1
1
1
0
0
0
1
1
1
0
0
0
1
1
1
1
0
0
0
0
1
1
1
1
0
0
0
0
0
8 ms. Memory: 305152K Free: 288744K (95%)
ptolemy.util.test.WatchDog.cancel(): canceling Mon Jul 02 01:32:23 UTC 2018
------------------ testing $PTII/ptolemy/domains/de/test/auto/deInCt2.xml
auto.tcl: Setting watchdog for 200 seconds at Mon Jul 02 01:32:23 UTC 2018
0
1
1
1
0
0
1
1
1
0
0
1
1
1
0
0
1
1
1
0
0
1
1
1
0
0
1
1
1
0
0
1
1
1
0
0
1
1
1
0
0
0
10 ms. Memory: 306688K Free: 290280K (95%)
ptolemy.util.test.WatchDog.cancel(): canceling Mon Jul 02 01:32:23 UTC 2018
auto.tcl: Setting watchdog for 200 seconds at Mon Jul 02 01:32:23 UTC 2018
0
1
1
1
0
0
1
1
1
0
0
1
1
1
0
0
1
1
1
0
0
1
1
1
0
0
1
1
1
0
0
1
1
1
0
0
1
1
1
0
0
0
6 ms. Memory: 306688K Free: 290280K (95%)
ptolemy.util.test.WatchDog.cancel(): canceling Mon Jul 02 01:32:23 UTC 2018
------------------ testing $PTII/ptolemy/domains/de/test/auto/dynamicCausalityInterface1.xml
auto.tcl: Setting watchdog for 200 seconds at Mon Jul 02 01:32:23 UTC 2018
1 ms. Memory: 305152K Free: 287664K (94%)
ptolemy.util.test.WatchDog.cancel(): canceling Mon Jul 02 01:32:23 UTC 2018
auto.tcl: Setting watchdog for 200 seconds at Mon Jul 02 01:32:23 UTC 2018
1 ms. Memory: 305152K Free: 284347K (93%)
ptolemy.util.test.WatchDog.cancel(): canceling Mon Jul 02 01:32:23 UTC 2018
------------------ testing $PTII/ptolemy/domains/de/test/auto/fsm_de_test.xml
auto.tcl: Setting watchdog for 200 seconds at Mon Jul 02 01:32:23 UTC 2018
7 ms. Memory: 306176K Free: 286345K (94%)
ptolemy.util.test.WatchDog.cancel(): canceling Mon Jul 02 01:32:23 UTC 2018
auto.tcl: Setting watchdog for 200 seconds at Mon Jul 02 01:32:23 UTC 2018
5 ms. Memory: 306176K Free: 283045K (92%)
ptolemy.util.test.WatchDog.cancel(): canceling Mon Jul 02 01:32:23 UTC 2018
------------------ testing $PTII/ptolemy/domains/de/test/auto/functionDependencyReconstruction.xml
auto.tcl: Setting watchdog for 200 seconds at Mon Jul 02 01:32:23 UTC 2018
3 ms. Memory: 305152K Free: 278711K (91%)
ptolemy.util.test.WatchDog.cancel(): canceling Mon Jul 02 01:32:23 UTC 2018
auto.tcl: Setting watchdog for 200 seconds at Mon Jul 02 01:32:23 UTC 2018
3 ms. Memory: 305152K Free: 275395K (90%)
ptolemy.util.test.WatchDog.cancel(): canceling Mon Jul 02 01:32:23 UTC 2018
------------------ testing $PTII/ptolemy/domains/de/test/auto/multirate.xml
auto.tcl: Setting watchdog for 200 seconds at Mon Jul 02 01:32:24 UTC 2018
7 ms. Memory: 306176K Free: 291757K (95%)
ptolemy.util.test.WatchDog.cancel(): canceling Mon Jul 02 01:32:24 UTC 2018
auto.tcl: Setting watchdog for 200 seconds at Mon Jul 02 01:32:24 UTC 2018
3 ms. Memory: 306176K Free: 288445K (94%)
ptolemy.util.test.WatchDog.cancel(): canceling Mon Jul 02 01:32:24 UTC 2018
------------------ testing $PTII/ptolemy/domains/de/test/auto/multirate2.xml
auto.tcl: Setting watchdog for 200 seconds at Mon Jul 02 01:32:24 UTC 2018
3 ms. Memory: 305152K Free: 290911K (95%)
ptolemy.util.test.WatchDog.cancel(): canceling Mon Jul 02 01:32:24 UTC 2018
auto.tcl: Setting watchdog for 200 seconds at Mon Jul 02 01:32:24 UTC 2018
3 ms. Memory: 305152K Free: 287611K (94%)
ptolemy.util.test.WatchDog.cancel(): canceling Mon Jul 02 01:32:24 UTC 2018
------------------ testing $PTII/ptolemy/domains/de/test/auto/realtime.xml
auto.tcl: Setting watchdog for 200 seconds at Mon Jul 02 01:32:24 UTC 2018
10001 ms. Memory: 306176K Free: 289693K (95%)
ptolemy.util.test.WatchDog.cancel(): canceling Mon Jul 02 01:32:34 UTC 2018
auto.tcl: Setting watchdog for 200 seconds at Mon Jul 02 01:32:34 UTC 2018
10001 ms. Memory: 306176K Free: 289693K (95%)
ptolemy.util.test.WatchDog.cancel(): canceling Mon Jul 02 01:32:44 UTC 2018
------------------ testing $PTII/ptolemy/domains/de/test/auto/relationGroup.xml
auto.tcl: Setting watchdog for 200 seconds at Mon Jul 02 01:32:44 UTC 2018
7 ms. Memory: 305152K Free: 294252K (96%)
ptolemy.util.test.WatchDog.cancel(): canceling Mon Jul 02 01:32:44 UTC 2018
auto.tcl: Setting watchdog for 200 seconds at Mon Jul 02 01:32:44 UTC 2018
2 ms. Memory: 305152K Free: 294252K (96%)
ptolemy.util.test.WatchDog.cancel(): canceling Mon Jul 02 01:32:44 UTC 2018
------------------ testing $PTII/ptolemy/domains/de/test/auto/relationGroup2.xml
auto.tcl: Setting watchdog for 200 seconds at Mon Jul 02 01:32:44 UTC 2018
1 ms. Memory: 305664K Free: 292554K (96%)
ptolemy.util.test.WatchDog.cancel(): canceling Mon Jul 02 01:32:44 UTC 2018
auto.tcl: Setting watchdog for 200 seconds at Mon Jul 02 01:32:44 UTC 2018
1 ms. Memory: 305664K Free: 292554K (96%)
ptolemy.util.test.WatchDog.cancel(): canceling Mon Jul 02 01:32:44 UTC 2018
------------------ testing $PTII/ptolemy/domains/de/test/auto/sortWithOpaquePorts.xml
auto.tcl: Setting watchdog for 200 seconds at Mon Jul 02 01:32:44 UTC 2018
1 ms. Memory: 305152K Free: 288726K (95%)
ptolemy.util.test.WatchDog.cancel(): canceling Mon Jul 02 01:32:44 UTC 2018
auto.tcl: Setting watchdog for 200 seconds at Mon Jul 02 01:32:44 UTC 2018
2 ms. Memory: 305152K Free: 288726K (95%)
ptolemy.util.test.WatchDog.cancel(): canceling Mon Jul 02 01:32:44 UTC 2018
------------------ testing $PTII/ptolemy/domains/de/test/auto/transferInputsandOutputs.xml
auto.tcl: Setting watchdog for 200 seconds at Mon Jul 02 01:32:44 UTC 2018
2 ms. Memory: 305664K Free: 289224K (95%)
ptolemy.util.test.WatchDog.cancel(): canceling Mon Jul 02 01:32:44 UTC 2018
auto.tcl: Setting watchdog for 200 seconds at Mon Jul 02 01:32:44 UTC 2018
1 ms. Memory: 305664K Free: 285908K (94%)
ptolemy.util.test.WatchDog.cancel(): canceling Mon Jul 02 01:32:44 UTC 2018
------------------ testing $PTII/ptolemy/domains/de/test/auto/triggerType.xml
auto.tcl: Setting watchdog for 200 seconds at Mon Jul 02 01:32:44 UTC 2018
1 ms. Memory: 305152K Free: 291979K (96%)
ptolemy.util.test.WatchDog.cancel(): canceling Mon Jul 02 01:32:44 UTC 2018
auto.tcl: Setting watchdog for 200 seconds at Mon Jul 02 01:32:44 UTC 2018
2 ms. Memory: 305152K Free: 288679K (95%)
ptolemy.util.test.WatchDog.cancel(): canceling Mon Jul 02 01:32:44 UTC 2018
07/02/18 01:32:44
Failed: 0  Total Tests: 192  ((Passed: 187, Newly Passed: 1)  Known Failed: 5) /home/travis/build/icyphy/ptII/ptolemy/domains/de/test
07/02/18 01:32:44
Failed: 0  Total Tests: 192  ((Passed: 187, Newly Passed: 1)  Known Failed: 5) /home/travis/build/icyphy/ptII/ptolemy/domains/de/test
----------------- testing (KnownFailure) /home/travis/build/icyphy/ptII/ptolemy/domains/de/test/auto/knownFailedTests/DESDFClockTest.xml
2009 ms. Memory: 305664K Free: 283576K (93%)
Known Failure: java.lang.reflect.InvocationTargetException
----------------- testing (KnownFailure) /home/travis/build/icyphy/ptII/ptolemy/domains/de/test/auto/knownFailedTests/DirectFeedback.xml
1 ms. Memory: 305664K Free: 265676K (87%)
Known Failure: java.lang.reflect.InvocationTargetException
----------------- testing (KnownFailure) /home/travis/build/icyphy/ptII/ptolemy/domains/de/test/auto/knownFailedTests/FSMSource.xml
9 ms. Memory: 305664K Free: 243285K (80%)
----------------- testing (KnownFailure) /home/travis/build/icyphy/ptII/ptolemy/domains/de/test/auto/knownFailedTests/HierarchicalModel.xml
2 ms. Memory: 305664K Free: 220879K (72%)
Known Failure: java.lang.reflect.InvocationTargetException
----------------- testing (KnownFailure) /home/travis/build/icyphy/ptII/ptolemy/domains/de/test/auto/knownFailedTests/dependencyLoop.xml
2 ms. Memory: 305664K Free: 189538K (62%)
Known Failure: java.lang.reflect.InvocationTargetException
----------------- testing (KnownFailure) /home/travis/build/icyphy/ptII/ptolemy/domains/de/test/auto/knownFailedTests/dependencyLoop2.xml
2 ms. Memory: 305664K Free: 158182K (52%)
Known Failure: java.lang.reflect.InvocationTargetException
No auto/linux-amd64/*.xml tests in /home/travis/build/icyphy/ptII/ptolemy/domains/de/test
AutoTests.java: About to close Vertx.
AutoTests.java: Vertx closed.

===========================================================================================
----------------- testing Mon Jul 02 01:32:46 UTC 2018 /home/travis/build/icyphy/ptII/ptolemy/domains/de/test/auto/ActorDepthCalculation_actorWithoutPorts.xml
----------------- Instantiating /home/travis/build/icyphy/ptII/ptolemy/domains/de/test/auto/ActorDepthCalculation_actorWithoutPorts.xml
1 ms. Memory: 305664K Free: 131316K (43%)
----------------- Invoking toplevel() on ptolemy.moml.MoMLSimpleApplication@28bdddef
----------------- Done invoking toplevel() on ptolemy.moml.MoMLSimpleApplication@28bdddef
reloadAllAccessors: .ActorDepthCalculation_actorWithoutPorts

===========================================================================================
----------------- testing Mon Jul 02 01:32:46 UTC 2018 /home/travis/build/icyphy/ptII/ptolemy/domains/de/test/auto/AssemblyLine.xml
----------------- Instantiating /home/travis/build/icyphy/ptII/ptolemy/domains/de/test/auto/AssemblyLine.xml
2 ms. Memory: 305664K Free: 117875K (39%)
----------------- Invoking toplevel() on ptolemy.moml.MoMLSimpleApplication@7ea54a1c
----------------- Done invoking toplevel() on ptolemy.moml.MoMLSimpleApplication@7ea54a1c
reloadAllAccessors: .AssemblyLine

===========================================================================================
----------------- testing Mon Jul 02 01:32:46 UTC 2018 /home/travis/build/icyphy/ptII/ptolemy/domains/de/test/auto/CQBug1.xml
----------------- Instantiating /home/travis/build/icyphy/ptII/ptolemy/domains/de/test/auto/CQBug1.xml
0 ms. Memory: 305664K Free: 108926K (36%)
----------------- Invoking toplevel() on ptolemy.moml.MoMLSimpleApplication@42b77f34
----------------- Done invoking toplevel() on ptolemy.moml.MoMLSimpleApplication@42b77f34
reloadAllAccessors: .CQBug1

===========================================================================================
----------------- testing Mon Jul 02 01:32:46 UTC 2018 /home/travis/build/icyphy/ptII/ptolemy/domains/de/test/auto/CancelFireAt.xml
----------------- Instantiating /home/travis/build/icyphy/ptII/ptolemy/domains/de/test/auto/CancelFireAt.xml
1 ms. Memory: 305664K Free: 99976K (33%)
----------------- Invoking toplevel() on ptolemy.moml.MoMLSimpleApplication@6bbb0d05
----------------- Done invoking toplevel() on ptolemy.moml.MoMLSimpleApplication@6bbb0d05
reloadAllAccessors: .CancelFireAt

===========================================================================================
----------------- testing Mon Jul 02 01:32:46 UTC 2018 /home/travis/build/icyphy/ptII/ptolemy/domains/de/test/auto/CausalityAndComposabilityAnalysis.xml
----------------- Instantiating /home/travis/build/icyphy/ptII/ptolemy/domains/de/test/auto/CausalityAndComposabilityAnalysis.xml
1 ms. Memory: 305664K Free: 91026K (30%)
----------------- Invoking toplevel() on ptolemy.moml.MoMLSimpleApplication@8ecae
----------------- Done invoking toplevel() on ptolemy.moml.MoMLSimpleApplication@8ecae
reloadAllAccessors: .CausalityAndComposabilityAnalysis

===========================================================================================
----------------- testing Mon Jul 02 01:32:46 UTC 2018 /home/travis/build/icyphy/ptII/ptolemy/domains/de/test/auto/CausalityInterface1.xml
----------------- Instantiating /home/travis/build/icyphy/ptII/ptolemy/domains/de/test/auto/CausalityInterface1.xml
2 ms. Memory: 305664K Free: 78776K (26%)
----------------- Invoking toplevel() on ptolemy.moml.MoMLSimpleApplication@3bac1ba5
----------------- Done invoking toplevel() on ptolemy.moml.MoMLSimpleApplication@3bac1ba5
reloadAllAccessors: .CausalityInterface1

===========================================================================================
----------------- testing Mon Jul 02 01:32:46 UTC 2018 /home/travis/build/icyphy/ptII/ptolemy/domains/de/test/auto/CausalityInterface15.xml
----------------- Instantiating /home/travis/build/icyphy/ptII/ptolemy/domains/de/test/auto/CausalityInterface15.xml
1 ms. Memory: 295424K Free: 283121K (96%)
----------------- Invoking toplevel() on ptolemy.moml.MoMLSimpleApplication@21e6642d
----------------- Done invoking toplevel() on ptolemy.moml.MoMLSimpleApplication@21e6642d
reloadAllAccessors: .CausalityInterface15

[...]
java.lang.RuntimeException: Execution failed
	at ptolemy.moml.MoMLSimpleApplication$UnloadThread.run(MoMLSimpleApplication.java:402)
Caused by: ptolemy.kernel.util.IllegalActionException: Test fails in iteration 1.
Value was: 1.0. Should have been: 2.0
  in .DirectFeedback.Test
	at ptolemy.actor.lib.Test.fire(Test.java:268)
	at ptolemy.domains.de.kernel.DEDirector._fire(DEDirector.java:1949)
	at ptolemy.domains.de.kernel.DEDirector.fire(DEDirector.java:502)
	at ptolemy.actor.CompositeActor.fire(CompositeActor.java:455)
	at ptolemy.actor.Manager.iterate(Manager.java:851)
	at ptolemy.actor.Manager.execute(Manager.java:369)
	at ptolemy.actor.Manager.run(Manager.java:1263)
	at ptolemy.actor.Manager$PtolemyRunThread.run(Manager.java:1915)
java.lang.RuntimeException: Execution failed
	at ptolemy.moml.MoMLSimpleApplication$UnloadThread.run(MoMLSimpleApplication.java:402)
Caused by: ptolemy.kernel.util.IllegalActionException: Actor is not ready to fire.  Perhaps UpSample.prefire() returned false? Try debugging the actor by selecting "Listen to Actor".  Also, for SDF check moml for tokenConsumptionRate on input.
  in .DESDFClockTest.Play Bell.Copy1:SDF Director and .DESDFClockTest.Play Bell.UpSample
	at ptolemy.actor.sched.StaticSchedulingDirector.fire(StaticSchedulingDirector.java:227)
	at ptolemy.domains.sdf.kernel.SDFDirector.fire(SDFDirector.java:500)
	at ptolemy.actor.CompositeActor.fire(CompositeActor.java:455)
	at ptolemy.domains.de.kernel.DEDirector._fire(DEDirector.java:1949)
	at ptolemy.domains.de.kernel.DEDirector.fire(DEDirector.java:502)
	at ptolemy.actor.CompositeActor.fire(CompositeActor.java:455)
	at ptolemy.actor.Manager.iterate(Manager.java:851)
	at ptolemy.actor.Manager.execute(Manager.java:369)
	at ptolemy.actor.Manager.run(Manager.java:1263)
	at ptolemy.actor.Manager$PtolemyRunThread.run(Manager.java:1915)
java.lang.reflect.InvocationTargetException
	at sun.reflect.NativeConstructorAccessorImpl.newInstance0(Native Method)
	at sun.reflect.NativeConstructorAccessorImpl.newInstance(NativeConstructorAccessorImpl.java:62)
	at sun.reflect.DelegatingConstructorAccessorImpl.newInstance(DelegatingConstructorAccessorImpl.java:45)
	at java.lang.reflect.Constructor.newInstance(Constructor.java:423)
	at ptolemy.util.test.junit.AutoKnownFailedTests.RunModel(AutoKnownFailedTests.java:107)
	at sun.reflect.NativeMethodAccessorImpl.invoke0(Native Method)
	at sun.reflect.NativeMethodAccessorImpl.invoke(NativeMethodAccessorImpl.java:62)
	at sun.reflect.DelegatingMethodAccessorImpl.invoke(DelegatingMethodAccessorImpl.java:43)
	at java.lang.reflect.Method.invoke(Method.java:498)
	at org.junit.runners.model.FrameworkMethod$1.runReflectiveCall(FrameworkMethod.java:44)
	at org.junit.internal.runners.model.ReflectiveCallable.run(ReflectiveCallable.java:15)
	at org.junit.runners.model.FrameworkMethod.invokeExplosively(FrameworkMethod.java:41)
	at junitparams.internal.InvokeParameterisedMethod.evaluate(InvokeParameterisedMethod.java:102)
	at org.junit.internal.runners.statements.FailOnTimeout$1.run(FailOnTimeout.java:28)
Caused by: ptolemy.kernel.util.IllegalActionException: Actor is not ready to fire.  Perhaps UpSample.prefire() returned false? Try debugging the actor by selecting "Listen to Actor".  Also, for SDF check moml for tokenConsumptionRate on input.
  in .DESDFClockTest.Play Bell.Copy1:SDF Director and .DESDFClockTest.Play Bell.UpSample
	at ptolemy.actor.sched.StaticSchedulingDirector.fire(StaticSchedulingDirector.java:227)
	at ptolemy.domains.sdf.kernel.SDFDirector.fire(SDFDirector.java:500)
	at ptolemy.actor.CompositeActor.fire(CompositeActor.java:455)
	at ptolemy.domains.de.kernel.DEDirector._fire(DEDirector.java:1949)
	at ptolemy.domains.de.kernel.DEDirector.fire(DEDirector.java:502)
	at ptolemy.actor.CompositeActor.fire(CompositeActor.java:455)
	at ptolemy.actor.Manager.iterate(Manager.java:851)
	at ptolemy.actor.Manager.execute(Manager.java:369)
	at ptolemy.actor.Manager.run(Manager.java:1263)
	at ptolemy.actor.Manager$PtolemyRunThread.run(Manager.java:1915)
java.lang.RuntimeException: Execution failed
	at ptolemy.moml.MoMLSimpleApplication$UnloadThread.run(MoMLSimpleApplication.java:402)
Caused by: ptolemy.kernel.util.IllegalActionException: Test fails in iteration 1.
Value was: 1.0. Should have been: 2.0
  in .DirectFeedback.Test
	at ptolemy.actor.lib.Test.fire(Test.java:268)
	at ptolemy.domains.de.kernel.DEDirector._fire(DEDirector.java:1949)
	at ptolemy.domains.de.kernel.DEDirector.fire(DEDirector.java:502)
	at ptolemy.actor.CompositeActor.fire(CompositeActor.java:455)
	at ptolemy.actor.Manager.iterate(Manager.java:851)
	at ptolemy.actor.Manager.execute(Manager.java:369)
	at ptolemy.actor.Manager.run(Manager.java:1263)
	at ptolemy.actor.Manager$PtolemyRunThread.run(Manager.java:1915)
java.lang.reflect.InvocationTargetException
	at sun.reflect.NativeConstructorAccessorImpl.newInstance0(Native Method)
	at sun.reflect.NativeConstructorAccessorImpl.newInstance(NativeConstructorAccessorImpl.java:62)
	at sun.reflect.DelegatingConstructorAccessorImpl.newInstance(DelegatingConstructorAccessorImpl.java:45)
	at java.lang.reflect.Constructor.newInstance(Constructor.java:423)
	at ptolemy.util.test.junit.AutoKnownFailedTests.RunModel(AutoKnownFailedTests.java:107)
	at sun.reflect.NativeMethodAccessorImpl.invoke0(Native Method)
	at sun.reflect.NativeMethodAccessorImpl.invoke(NativeMethodAccessorImpl.java:62)
	at sun.reflect.DelegatingMethodAccessorImpl.invoke(DelegatingMethodAccessorImpl.java:43)
	at java.lang.reflect.Method.invoke(Method.java:498)
	at org.junit.runners.model.FrameworkMethod$1.runReflectiveCall(FrameworkMethod.java:44)
	at org.junit.internal.runners.model.ReflectiveCallable.run(ReflectiveCallable.java:15)
	at org.junit.runners.model.FrameworkMethod.invokeExplosively(FrameworkMethod.java:41)
	at junitparams.internal.InvokeParameterisedMethod.evaluate(InvokeParameterisedMethod.java:102)
	at org.junit.internal.runners.statements.FailOnTimeout$1.run(FailOnTimeout.java:28)
Caused by: ptolemy.kernel.util.IllegalActionException: Test fails in iteration 1.
Value was: 1.0. Should have been: 2.0
  in .DirectFeedback.Test
	at ptolemy.actor.lib.Test.fire(Test.java:268)
	at ptolemy.domains.de.kernel.DEDirector._fire(DEDirector.java:1949)
	at ptolemy.domains.de.kernel.DEDirector.fire(DEDirector.java:502)
	at ptolemy.actor.CompositeActor.fire(CompositeActor.java:455)
	at ptolemy.actor.Manager.iterate(Manager.java:851)
	at ptolemy.actor.Manager.execute(Manager.java:369)
	at ptolemy.actor.Manager.run(Manager.java:1263)
	at ptolemy.actor.Manager$PtolemyRunThread.run(Manager.java:1915)
java.lang.RuntimeException: Execution failed
	at ptolemy.moml.MoMLSimpleApplication$UnloadThread.run(MoMLSimpleApplication.java:402)
Caused by: ptolemy.kernel.util.IllegalActionException: Found a zero delay loop containing .HierarchicalModel.A
  in .HierarchicalModel and .HierarchicalModel.A
	at ptolemy.actor.util.CausalityInterfaceForComposites._computeOutputPortDepth(CausalityInterfaceForComposites.java:759)
	at ptolemy.actor.util.CausalityInterfaceForComposites._computeInputDepth(CausalityInterfaceForComposites.java:696)
	at ptolemy.actor.util.CausalityInterfaceForComposites._computeOutputPortDepth(CausalityInterfaceForComposites.java:765)
	at ptolemy.actor.util.CausalityInterfaceForComposites._computeInputDepth(CausalityInterfaceForComposites.java:696)
	at ptolemy.actor.util.CausalityInterfaceForComposites._computeOutputPortDepth(CausalityInterfaceForComposites.java:765)
	at ptolemy.actor.util.CausalityInterfaceForComposites._computeInputDepth(CausalityInterfaceForComposites.java:696)
	at ptolemy.actor.util.CausalityInterfaceForComposites._computeActorDepth(CausalityInterfaceForComposites.java:532)
	at ptolemy.actor.util.CausalityInterfaceForComposites.checkForCycles(CausalityInterfaceForComposites.java:96)
	at ptolemy.domains.de.kernel.DEDirector.preinitialize(DEDirector.java:1338)
	at ptolemy.actor.CompositeActor.preinitialize(CompositeActor.java:1828)
	at ptolemy.actor.Manager.preinitializeAndResolveTypes(Manager.java:1040)
	at ptolemy.actor.Manager.initialize(Manager.java:710)
	at ptolemy.actor.Manager.execute(Manager.java:356)
	at ptolemy.actor.Manager.run(Manager.java:1263)
	at ptolemy.actor.Manager$PtolemyRunThread.run(Manager.java:1915)
java.lang.reflect.InvocationTargetException
	at sun.reflect.NativeConstructorAccessorImpl.newInstance0(Native Method)
	at sun.reflect.NativeConstructorAccessorImpl.newInstance(NativeConstructorAccessorImpl.java:62)
	at sun.reflect.DelegatingConstructorAccessorImpl.newInstance(DelegatingConstructorAccessorImpl.java:45)
	at java.lang.reflect.Constructor.newInstance(Constructor.java:423)
	at ptolemy.util.test.junit.AutoKnownFailedTests.RunModel(AutoKnownFailedTests.java:107)
	at sun.reflect.NativeMethodAccessorImpl.invoke0(Native Method)
	at sun.reflect.NativeMethodAccessorImpl.invoke(NativeMethodAccessorImpl.java:62)
	at sun.reflect.DelegatingMethodAccessorImpl.invoke(DelegatingMethodAccessorImpl.java:43)
	at java.lang.reflect.Method.invoke(Method.java:498)
	at org.junit.runners.model.FrameworkMethod$1.runReflectiveCall(FrameworkMethod.java:44)
	at org.junit.internal.runners.model.ReflectiveCallable.run(ReflectiveCallable.java:15)
	at org.junit.runners.model.FrameworkMethod.invokeExplosively(FrameworkMethod.java:41)
	at junitparams.internal.InvokeParameterisedMethod.evaluate(InvokeParameterisedMethod.java:102)
	at org.junit.internal.runners.statements.FailOnTimeout$1.run(FailOnTimeout.java:28)
Caused by: ptolemy.kernel.util.IllegalActionException: Found a zero delay loop containing .HierarchicalModel.A
  in .HierarchicalModel and .HierarchicalModel.A
	at ptolemy.actor.util.CausalityInterfaceForComposites._computeOutputPortDepth(CausalityInterfaceForComposites.java:759)
	at ptolemy.actor.util.CausalityInterfaceForComposites._computeInputDepth(CausalityInterfaceForComposites.java:696)
	at ptolemy.actor.util.CausalityInterfaceForComposites._computeOutputPortDepth(CausalityInterfaceForComposites.java:765)
	at ptolemy.actor.util.CausalityInterfaceForComposites._computeInputDepth(CausalityInterfaceForComposites.java:696)
	at ptolemy.actor.util.CausalityInterfaceForComposites._computeOutputPortDepth(CausalityInterfaceForComposites.java:765)
	at ptolemy.actor.util.CausalityInterfaceForComposites._computeInputDepth(CausalityInterfaceForComposites.java:696)
	at ptolemy.actor.util.CausalityInterfaceForComposites._computeActorDepth(CausalityInterfaceForComposites.java:532)
	at ptolemy.actor.util.CausalityInterfaceForComposites.checkForCycles(CausalityInterfaceForComposites.java:96)
	at ptolemy.domains.de.kernel.DEDirector.preinitialize(DEDirector.java:1338)
	at ptolemy.actor.CompositeActor.preinitialize(CompositeActor.java:1828)
	at ptolemy.actor.Manager.preinitializeAndResolveTypes(Manager.java:1040)
	at ptolemy.actor.Manager.initialize(Manager.java:710)
	at ptolemy.actor.Manager.execute(Manager.java:356)
	at ptolemy.actor.Manager.run(Manager.java:1263)
	at ptolemy.actor.Manager$PtolemyRunThread.run(Manager.java:1915)
java.lang.RuntimeException: Execution failed
	at ptolemy.moml.MoMLSimpleApplication$UnloadThread.run(MoMLSimpleApplication.java:402)
Caused by: ptolemy.kernel.util.IllegalActionException: Found a zero delay loop containing .dependencyLoop.original
  in .dependencyLoop and .dependencyLoop.original
	at ptolemy.actor.util.CausalityInterfaceForComposites._computeOutputPortDepth(CausalityInterfaceForComposites.java:759)
	at ptolemy.actor.util.CausalityInterfaceForComposites._computeInputDepth(CausalityInterfaceForComposites.java:696)
	at ptolemy.actor.util.CausalityInterfaceForComposites._computeOutputPortDepth(CausalityInterfaceForComposites.java:765)
	at ptolemy.actor.util.CausalityInterfaceForComposites._computeInputDepth(CausalityInterfaceForComposites.java:696)
	at ptolemy.actor.util.CausalityInterfaceForComposites._computeOutputPortDepth(CausalityInterfaceForComposites.java:765)
	at ptolemy.actor.util.CausalityInterfaceForComposites._computeInputDepth(CausalityInterfaceForComposites.java:696)
	at ptolemy.actor.util.CausalityInterfaceForComposites._computeActorDepth(CausalityInterfaceForComposites.java:532)
	at ptolemy.actor.util.CausalityInterfaceForComposites.checkForCycles(CausalityInterfaceForComposites.java:96)
	at ptolemy.domains.de.kernel.DEDirector.preinitialize(DEDirector.java:1338)
	at ptolemy.actor.CompositeActor.preinitialize(CompositeActor.java:1828)
	at ptolemy.actor.Manager.preinitializeAndResolveTypes(Manager.java:1040)
	at ptolemy.actor.Manager.initialize(Manager.java:710)
	at ptolemy.actor.Manager.execute(Manager.java:356)
	at ptolemy.actor.Manager.run(Manager.java:1263)
	at ptolemy.actor.Manager$PtolemyRunThread.run(Manager.java:1915)
java.lang.reflect.InvocationTargetException
	at sun.reflect.NativeConstructorAccessorImpl.newInstance0(Native Method)
	at sun.reflect.NativeConstructorAccessorImpl.newInstance(NativeConstructorAccessorImpl.java:62)
	at sun.reflect.DelegatingConstructorAccessorImpl.newInstance(DelegatingConstructorAccessorImpl.java:45)
	at java.lang.reflect.Constructor.newInstance(Constructor.java:423)
	at ptolemy.util.test.junit.AutoKnownFailedTests.RunModel(AutoKnownFailedTests.java:107)
	at sun.reflect.NativeMethodAccessorImpl.invoke0(Native Method)
	at sun.reflect.NativeMethodAccessorImpl.invoke(NativeMethodAccessorImpl.java:62)
	at sun.reflect.DelegatingMethodAccessorImpl.invoke(DelegatingMethodAccessorImpl.java:43)
	at java.lang.reflect.Method.invoke(Method.java:498)
	at org.junit.runners.model.FrameworkMethod$1.runReflectiveCall(FrameworkMethod.java:44)
	at org.junit.internal.runners.model.ReflectiveCallable.run(ReflectiveCallable.java:15)
	at org.junit.runners.model.FrameworkMethod.invokeExplosively(FrameworkMethod.java:41)
	at junitparams.internal.InvokeParameterisedMethod.evaluate(InvokeParameterisedMethod.java:102)
	at org.junit.internal.runners.statements.FailOnTimeout$1.run(FailOnTimeout.java:28)
Caused by: ptolemy.kernel.util.IllegalActionException: Found a zero delay loop containing .dependencyLoop.original
  in .dependencyLoop and .dependencyLoop.original
	at ptolemy.actor.util.CausalityInterfaceForComposites._computeOutputPortDepth(CausalityInterfaceForComposites.java:759)
	at ptolemy.actor.util.CausalityInterfaceForComposites._computeInputDepth(CausalityInterfaceForComposites.java:696)
	at ptolemy.actor.util.CausalityInterfaceForComposites._computeOutputPortDepth(CausalityInterfaceForComposites.java:765)
	at ptolemy.actor.util.CausalityInterfaceForComposites._computeInputDepth(CausalityInterfaceForComposites.java:696)
	at ptolemy.actor.util.CausalityInterfaceForComposites._computeOutputPortDepth(CausalityInterfaceForComposites.java:765)
	at ptolemy.actor.util.CausalityInterfaceForComposites._computeInputDepth(CausalityInterfaceForComposites.java:696)
	at ptolemy.actor.util.CausalityInterfaceForComposites._computeActorDepth(CausalityInterfaceForComposites.java:532)
	at ptolemy.actor.util.CausalityInterfaceForComposites.checkForCycles(CausalityInterfaceForComposites.java:96)
	at ptolemy.domains.de.kernel.DEDirector.preinitialize(DEDirector.java:1338)
	at ptolemy.actor.CompositeActor.preinitialize(CompositeActor.java:1828)
	at ptolemy.actor.Manager.preinitializeAndResolveTypes(Manager.java:1040)
	at ptolemy.actor.Manager.initialize(Manager.java:710)
	at ptolemy.actor.Manager.execute(Manager.java:356)
	at ptolemy.actor.Manager.run(Manager.java:1263)
	at ptolemy.actor.Manager$PtolemyRunThread.run(Manager.java:1915)
java.lang.RuntimeException: Execution failed
	at ptolemy.moml.MoMLSimpleApplication$UnloadThread.run(MoMLSimpleApplication.java:402)
Caused by: ptolemy.kernel.util.IllegalActionException: Found a zero delay loop containing .dependencyLoop2.original
  in .dependencyLoop2 and .dependencyLoop2.original
	at ptolemy.actor.util.CausalityInterfaceForComposites._computeOutputPortDepth(CausalityInterfaceForComposites.java:759)
	at ptolemy.actor.util.CausalityInterfaceForComposites._computeInputDepth(CausalityInterfaceForComposites.java:696)
	at ptolemy.actor.util.CausalityInterfaceForComposites._computeOutputPortDepth(CausalityInterfaceForComposites.java:765)
	at ptolemy.actor.util.CausalityInterfaceForComposites._computeInputDepth(CausalityInterfaceForComposites.java:696)
	at ptolemy.actor.util.CausalityInterfaceForComposites._computeOutputPortDepth(CausalityInterfaceForComposites.java:765)
	at ptolemy.actor.util.CausalityInterfaceForComposites._computeInputDepth(CausalityInterfaceForComposites.java:696)
	at ptolemy.actor.util.CausalityInterfaceForComposites._computeActorDepth(CausalityInterfaceForComposites.java:532)
	at ptolemy.actor.util.CausalityInterfaceForComposites.checkForCycles(CausalityInterfaceForComposites.java:96)
	at ptolemy.domains.de.kernel.DEDirector.preinitialize(DEDirector.java:1338)
	at ptolemy.actor.CompositeActor.preinitialize(CompositeActor.java:1828)
	at ptolemy.actor.Manager.preinitializeAndResolveTypes(Manager.java:1040)
	at ptolemy.actor.Manager.initialize(Manager.java:710)
	at ptolemy.actor.Manager.execute(Manager.java:356)
	at ptolemy.actor.Manager.run(Manager.java:1263)
	at ptolemy.actor.Manager$PtolemyRunThread.run(Manager.java:1915)
java.lang.reflect.InvocationTargetException
	at sun.reflect.NativeConstructorAccessorImpl.newInstance0(Native Method)
	at sun.reflect.NativeConstructorAccessorImpl.newInstance(NativeConstructorAccessorImpl.java:62)
	at sun.reflect.DelegatingConstructorAccessorImpl.newInstance(DelegatingConstructorAccessorImpl.java:45)
	at java.lang.reflect.Constructor.newInstance(Constructor.java:423)
	at ptolemy.util.test.junit.AutoKnownFailedTests.RunModel(AutoKnownFailedTests.java:107)
	at sun.reflect.NativeMethodAccessorImpl.invoke0(Native Method)
	at sun.reflect.NativeMethodAccessorImpl.invoke(NativeMethodAccessorImpl.java:62)
	at sun.reflect.DelegatingMethodAccessorImpl.invoke(DelegatingMethodAccessorImpl.java:43)
	at java.lang.reflect.Method.invoke(Method.java:498)
	at org.junit.runners.model.FrameworkMethod$1.runReflectiveCall(FrameworkMethod.java:44)
	at org.junit.internal.runners.model.ReflectiveCallable.run(ReflectiveCallable.java:15)
	at org.junit.runners.model.FrameworkMethod.invokeExplosively(FrameworkMethod.java:41)
	at junitparams.internal.InvokeParameterisedMethod.evaluate(InvokeParameterisedMethod.java:102)
	at org.junit.internal.runners.statements.FailOnTimeout$1.run(FailOnTimeout.java:28)
Caused by: ptolemy.kernel.util.IllegalActionException: Found a zero delay loop containing .dependencyLoop2.original
  in .dependencyLoop2 and .dependencyLoop2.original
	at ptolemy.actor.util.CausalityInterfaceForComposites._computeOutputPortDepth(CausalityInterfaceForComposites.java:759)
	at ptolemy.actor.util.CausalityInterfaceForComposites._computeInputDepth(CausalityInterfaceForComposites.java:696)
	at ptolemy.actor.util.CausalityInterfaceForComposites._computeOutputPortDepth(CausalityInterfaceForComposites.java:765)
	at ptolemy.actor.util.CausalityInterfaceForComposites._computeInputDepth(CausalityInterfaceForComposites.java:696)
	at ptolemy.actor.util.CausalityInterfaceForComposites._computeOutputPortDepth(CausalityInterfaceForComposites.java:765)
	at ptolemy.actor.util.CausalityInterfaceForComposites._computeInputDepth(CausalityInterfaceForComposites.java:696)
	at ptolemy.actor.util.CausalityInterfaceForComposites._computeActorDepth(CausalityInterfaceForComposites.java:532)
	at ptolemy.actor.util.CausalityInterfaceForComposites.checkForCycles(CausalityInterfaceForComposites.java:96)
	at ptolemy.domains.de.kernel.DEDirector.preinitialize(DEDirector.java:1338)
	at ptolemy.actor.CompositeActor.preinitialize(CompositeActor.java:1828)
	at ptolemy.actor.Manager.preinitializeAndResolveTypes(Manager.java:1040)
	at ptolemy.actor.Manager.initialize(Manager.java:710)
	at ptolemy.actor.Manager.execute(Manager.java:356)
	at ptolemy.actor.Manager.run(Manager.java:1263)
	at ptolemy.actor.Manager$PtolemyRunThread.run(Manager.java:1915)
]]></system-err>
</testsuite>
