<?xml version="1.0" encoding="UTF-8" ?>
<testsuite errors="0" failures="0" hostname="travis-job-7428078c-6a57-42af-974c-1466f1a927d1" name="ptolemy.domains.de.test.junit.JUnitTclTest" skipped="0" tests="101" time="130.987" timestamp="2019-09-26T05:42:40">
  <properties>
[...]
</properties>
  <testcase classname="ptolemy.util.test.junit.TclTests" name="[0] /home/travis/build/icyphy/ptII/ptolemy/domains/de/test/DependencyLoop.tcl (RunTclFile)" time="0.993" />
  <testcase classname="ptolemy.util.test.junit.TclTests" name="[1] /home/travis/build/icyphy/ptII/ptolemy/domains/de/test/RunDETestsAsQSS.tcl (RunTclFile)" time="88.261" />
  <testcase classname="ptolemy.util.test.junit.AutoKnownFailedTests" name="[0] /home/travis/build/icyphy/ptII/ptolemy/domains/de/test/auto/knownFailedTests/DESDFClockTest.xml (RunModel)" time="2.041" />
  <testcase classname="ptolemy.util.test.junit.AutoKnownFailedTests" name="[1] /home/travis/build/icyphy/ptII/ptolemy/domains/de/test/auto/knownFailedTests/DirectFeedback.xml (RunModel)" time="0.023" />
  <testcase classname="ptolemy.util.test.junit.AutoKnownFailedTests" name="[2] /home/travis/build/icyphy/ptII/ptolemy/domains/de/test/auto/knownFailedTests/FSMSource.xml (RunModel)" time="0.045" />
  <testcase classname="ptolemy.util.test.junit.AutoKnownFailedTests" name="[3] /home/travis/build/icyphy/ptII/ptolemy/domains/de/test/auto/knownFailedTests/HierarchicalModel.xml (RunModel)" time="0.067" />
  <testcase classname="ptolemy.util.test.junit.AutoKnownFailedTests" name="[4] /home/travis/build/icyphy/ptII/ptolemy/domains/de/test/auto/knownFailedTests/dependencyLoop.xml (RunModel)" time="0.048" />
  <testcase classname="ptolemy.util.test.junit.AutoKnownFailedTests" name="[5] /home/travis/build/icyphy/ptII/ptolemy/domains/de/test/auto/knownFailedTests/dependencyLoop2.xml (RunModel)" time="0.051" />
  <testcase classname="ptolemy.util.test.junit.AutoNameArchTests" name="[0] ThereAreNoAutoArchTests (RunModel)" time="0.005" />
  <testcase classname="ptolemy.util.test.junit.AutoTests" name="[0] /home/travis/build/icyphy/ptII/ptolemy/domains/de/test/auto/ActorDepthCalculation_actorWithoutPorts.xml (RunModel)" time="0.027" />
  <testcase classname="ptolemy.util.test.junit.AutoTests" name="[1] /home/travis/build/icyphy/ptII/ptolemy/domains/de/test/auto/AssemblyLine.xml (RunModel)" time="0.03" />
  <testcase classname="ptolemy.util.test.junit.AutoTests" name="[2] /home/travis/build/icyphy/ptII/ptolemy/domains/de/test/auto/CQBug1.xml (RunModel)" time="0.012" />
  <testcase classname="ptolemy.util.test.junit.AutoTests" name="[3] /home/travis/build/icyphy/ptII/ptolemy/domains/de/test/auto/CancelFireAt.xml (RunModel)" time="0.022" />
  <testcase classname="ptolemy.util.test.junit.AutoTests" name="[4] /home/travis/build/icyphy/ptII/ptolemy/domains/de/test/auto/CausalityAndComposabilityAnalysis.xml (RunModel)" time="0.022" />
  <testcase classname="ptolemy.util.test.junit.AutoTests" name="[5] /home/travis/build/icyphy/ptII/ptolemy/domains/de/test/auto/CausalityInterface1.xml (RunModel)" time="0.023" />
  <testcase classname="ptolemy.util.test.junit.AutoTests" name="[6] /home/travis/build/icyphy/ptII/ptolemy/domains/de/test/auto/CausalityInterface15.xml (RunModel)" time="0.021" />
  <testcase classname="ptolemy.util.test.junit.AutoTests" name="[7] /home/travis/build/icyphy/ptII/ptolemy/domains/de/test/auto/CausalityInterface2.xml (RunModel)" time="0.015" />
  <testcase classname="ptolemy.util.test.junit.AutoTests" name="[8] /home/travis/build/icyphy/ptII/ptolemy/domains/de/test/auto/CausalityInterface3.xml (RunModel)" time="0.022" />
  <testcase classname="ptolemy.util.test.junit.AutoTests" name="[9] /home/travis/build/icyphy/ptII/ptolemy/domains/de/test/auto/ClockDrift.xml (RunModel)" time="0.045" />
  <testcase classname="ptolemy.util.test.junit.AutoTests" name="[10] /home/travis/build/icyphy/ptII/ptolemy/domains/de/test/auto/ClockDriftAndValueChange.xml (RunModel)" time="0.043" />
  <testcase classname="ptolemy.util.test.junit.AutoTests" name="[11] /home/travis/build/icyphy/ptII/ptolemy/domains/de/test/auto/ClockDriftChange.xml (RunModel)" time="0.04" />
  <testcase classname="ptolemy.util.test.junit.AutoTests" name="[12] /home/travis/build/icyphy/ptII/ptolemy/domains/de/test/auto/ComposableCausalityAnalysis.xml (RunModel)" time="0.021" />
  <testcase classname="ptolemy.util.test.junit.AutoTests" name="[13] /home/travis/build/icyphy/ptII/ptolemy/domains/de/test/auto/DEFixedPointLimitation.xml (RunModel)" time="0.012" />
  <testcase classname="ptolemy.util.test.junit.AutoTests" name="[14] /home/travis/build/icyphy/ptII/ptolemy/domains/de/test/auto/DEScheduleTest.xml (RunModel)" time="0.017" />
  <testcase classname="ptolemy.util.test.junit.AutoTests" name="[15] /home/travis/build/icyphy/ptII/ptolemy/domains/de/test/auto/DEinDEwithStartTimes.xml (RunModel)" time="0.02" />
  <testcase classname="ptolemy.util.test.junit.AutoTests" name="[16] /home/travis/build/icyphy/ptII/ptolemy/domains/de/test/auto/DEinDEwithStartTimes2.xml (RunModel)" time="0.024" />
  <testcase classname="ptolemy.util.test.junit.AutoTests" name="[17] /home/travis/build/icyphy/ptII/ptolemy/domains/de/test/auto/DateDemo.xml (RunModel)" time="0.039" />
  <testcase classname="ptolemy.util.test.junit.AutoTests" name="[18] /home/travis/build/icyphy/ptII/ptolemy/domains/de/test/auto/DateToEvent.xml (RunModel)" time="2.054" />
  <testcase classname="ptolemy.util.test.junit.AutoTests" name="[19] /home/travis/build/icyphy/ptII/ptolemy/domains/de/test/auto/DepthTest1.xml (RunModel)" time="0.01" />
  <testcase classname="ptolemy.util.test.junit.AutoTests" name="[20] /home/travis/build/icyphy/ptII/ptolemy/domains/de/test/auto/DepthTest2.xml (RunModel)" time="0.02" />
  <testcase classname="ptolemy.util.test.junit.AutoTests" name="[21] /home/travis/build/icyphy/ptII/ptolemy/domains/de/test/auto/DepthTest3.xml (RunModel)" time="0.009" />
  <testcase classname="ptolemy.util.test.junit.AutoTests" name="[22] /home/travis/build/icyphy/ptII/ptolemy/domains/de/test/auto/DepthTest4.xml (RunModel)" time="0.018" />
  <testcase classname="ptolemy.util.test.junit.AutoTests" name="[23] /home/travis/build/icyphy/ptII/ptolemy/domains/de/test/auto/DepthTest5.xml (RunModel)" time="0.017" />
  <testcase classname="ptolemy.util.test.junit.AutoTests" name="[24] /home/travis/build/icyphy/ptII/ptolemy/domains/de/test/auto/DepthTest6.xml (RunModel)" time="0.016" />
  <testcase classname="ptolemy.util.test.junit.AutoTests" name="[25] /home/travis/build/icyphy/ptII/ptolemy/domains/de/test/auto/DepthTest7.xml (RunModel)" time="0.013" />
  <testcase classname="ptolemy.util.test.junit.AutoTests" name="[26] /home/travis/build/icyphy/ptII/ptolemy/domains/de/test/auto/EventToDate.xml (RunModel)" time="3.069" />
  <testcase classname="ptolemy.util.test.junit.AutoTests" name="[27] /home/travis/build/icyphy/ptII/ptolemy/domains/de/test/auto/FSM1.xml (RunModel)" time="0.048" />
  <testcase classname="ptolemy.util.test.junit.AutoTests" name="[28] /home/travis/build/icyphy/ptII/ptolemy/domains/de/test/auto/FSM7.xml (RunModel)" time="0.047" />
  <testcase classname="ptolemy.util.test.junit.AutoTests" name="[29] /home/travis/build/icyphy/ptII/ptolemy/domains/de/test/auto/Inspection.xml (RunModel)" time="0.048" />
  <testcase classname="ptolemy.util.test.junit.AutoTests" name="[30] /home/travis/build/icyphy/ptII/ptolemy/domains/de/test/auto/Iteration.xml (RunModel)" time="0.03" />
  <testcase classname="ptolemy.util.test.junit.AutoTests" name="[31] /home/travis/build/icyphy/ptII/ptolemy/domains/de/test/auto/LineFault.xml (RunModel)" time="0.708" />
  <testcase classname="ptolemy.util.test.junit.AutoTests" name="[32] /home/travis/build/icyphy/ptII/ptolemy/domains/de/test/auto/MergeModel1Add.xml (RunModel)" time="0.05" />
  <testcase classname="ptolemy.util.test.junit.AutoTests" name="[33] /home/travis/build/icyphy/ptII/ptolemy/domains/de/test/auto/MergeModel2Add.xml (RunModel)" time="0.039" />
  <testcase classname="ptolemy.util.test.junit.AutoTests" name="[34] /home/travis/build/icyphy/ptII/ptolemy/domains/de/test/auto/MergeModel3Add.xml (RunModel)" time="0.05" />
  <testcase classname="ptolemy.util.test.junit.AutoTests" name="[35] /home/travis/build/icyphy/ptII/ptolemy/domains/de/test/auto/MergeWithoutDiscard.xml (RunModel)" time="0.019" />
  <testcase classname="ptolemy.util.test.junit.AutoTests" name="[36] /home/travis/build/icyphy/ptII/ptolemy/domains/de/test/auto/Modal1.xml (RunModel)" time="0.031" />
  <testcase classname="ptolemy.util.test.junit.AutoTests" name="[37] /home/travis/build/icyphy/ptII/ptolemy/domains/de/test/auto/Modal2.xml (RunModel)" time="0.042" />
  <testcase classname="ptolemy.util.test.junit.AutoTests" name="[38] /home/travis/build/icyphy/ptII/ptolemy/domains/de/test/auto/Modal3.xml (RunModel)" time="0.033" />
  <testcase classname="ptolemy.util.test.junit.AutoTests" name="[39] /home/travis/build/icyphy/ptII/ptolemy/domains/de/test/auto/Modal4.xml (RunModel)" time="0.041" />
  <testcase classname="ptolemy.util.test.junit.AutoTests" name="[40] /home/travis/build/icyphy/ptII/ptolemy/domains/de/test/auto/Modal5.xml (RunModel)" time="0.026" />
  <testcase classname="ptolemy.util.test.junit.AutoTests" name="[41] /home/travis/build/icyphy/ptII/ptolemy/domains/de/test/auto/Modal6.xml (RunModel)" time="0.034" />
  <testcase classname="ptolemy.util.test.junit.AutoTests" name="[42] /home/travis/build/icyphy/ptII/ptolemy/domains/de/test/auto/Modal7.xml (RunModel)" time="0.028" />
  <testcase classname="ptolemy.util.test.junit.AutoTests" name="[43] /home/travis/build/icyphy/ptII/ptolemy/domains/de/test/auto/ModalModel.xml (RunModel)" time="0.188" />
  <testcase classname="ptolemy.util.test.junit.AutoTests" name="[44] /home/travis/build/icyphy/ptII/ptolemy/domains/de/test/auto/ModalSource.xml (RunModel)" time="0.02" />
  <testcase classname="ptolemy.util.test.junit.AutoTests" name="[45] /home/travis/build/icyphy/ptII/ptolemy/domains/de/test/auto/NonInterruptibleTimerZeroDelay.xml (RunModel)" time="0.017" />
  <testcase classname="ptolemy.util.test.junit.AutoTests" name="[46] /home/travis/build/icyphy/ptII/ptolemy/domains/de/test/auto/OpenQueueingNetwork.xml (RunModel)" time="2.579" />
  <testcase classname="ptolemy.util.test.junit.AutoTests" name="[47] /home/travis/build/icyphy/ptII/ptolemy/domains/de/test/auto/OpenQueuingNetwork.xml (RunModel)" time="0.293" />
  <testcase classname="ptolemy.util.test.junit.AutoTests" name="[48] /home/travis/build/icyphy/ptII/ptolemy/domains/de/test/auto/PeriodicSampler.xml (RunModel)" time="0.011" />
  <testcase classname="ptolemy.util.test.junit.AutoTests" name="[49] /home/travis/build/icyphy/ptII/ptolemy/domains/de/test/auto/PersistentIO.xml (RunModel)" time="0.026" />
  <testcase classname="ptolemy.util.test.junit.AutoTests" name="[50] /home/travis/build/icyphy/ptII/ptolemy/domains/de/test/auto/PortParameterResetOnInitialize.xml (RunModel)" time="0.01" />
  <testcase classname="ptolemy.util.test.junit.AutoTests" name="[51] /home/travis/build/icyphy/ptII/ptolemy/domains/de/test/auto/PortParameterUpdates.xml (RunModel)" time="0.016" />
  <testcase classname="ptolemy.util.test.junit.AutoTests" name="[52] /home/travis/build/icyphy/ptII/ptolemy/domains/de/test/auto/QueueAndServer.xml (RunModel)" time="0.023" />
  <testcase classname="ptolemy.util.test.junit.AutoTests" name="[53] /home/travis/build/icyphy/ptII/ptolemy/domains/de/test/auto/Records.xml (RunModel)" time="0.02" />
  <testcase classname="ptolemy.util.test.junit.AutoTests" name="[54] /home/travis/build/icyphy/ptII/ptolemy/domains/de/test/auto/ResetTransitionWithStartTime1.xml (RunModel)" time="0.024" />
  <testcase classname="ptolemy.util.test.junit.AutoTests" name="[55] /home/travis/build/icyphy/ptII/ptolemy/domains/de/test/auto/ResetTransitionWithStartTime2.xml (RunModel)" time="0.021" />
  <testcase classname="ptolemy.util.test.junit.AutoTests" name="[56] /home/travis/build/icyphy/ptII/ptolemy/domains/de/test/auto/ResetTransitionWithStartTime3.xml (RunModel)" time="0.027" />
  <testcase classname="ptolemy.util.test.junit.AutoTests" name="[57] /home/travis/build/icyphy/ptII/ptolemy/domains/de/test/auto/ResetTransitionWithStartTime4.xml (RunModel)" time="0.024" />
  <testcase classname="ptolemy.util.test.junit.AutoTests" name="[58] /home/travis/build/icyphy/ptII/ptolemy/domains/de/test/auto/ResettableTimer1.xml (RunModel)" time="0.013" />
  <testcase classname="ptolemy.util.test.junit.AutoTests" name="[59] /home/travis/build/icyphy/ptII/ptolemy/domains/de/test/auto/ResettableTimer2.xml (RunModel)" time="0.015" />
  <testcase classname="ptolemy.util.test.junit.AutoTests" name="[60] /home/travis/build/icyphy/ptII/ptolemy/domains/de/test/auto/ResettableTimer3.xml (RunModel)" time="0.012" />
  <testcase classname="ptolemy.util.test.junit.AutoTests" name="[61] /home/travis/build/icyphy/ptII/ptolemy/domains/de/test/auto/ResettableTimer4.xml (RunModel)" time="0.013" />
  <testcase classname="ptolemy.util.test.junit.AutoTests" name="[62] /home/travis/build/icyphy/ptII/ptolemy/domains/de/test/auto/ResettableTimer5.xml (RunModel)" time="0.015" />
  <testcase classname="ptolemy.util.test.junit.AutoTests" name="[63] /home/travis/build/icyphy/ptII/ptolemy/domains/de/test/auto/ResettableTimer6.xml (RunModel)" time="0.02" />
  <testcase classname="ptolemy.util.test.junit.AutoTests" name="[64] /home/travis/build/icyphy/ptII/ptolemy/domains/de/test/auto/ServerZeroDelay.xml (RunModel)" time="0.013" />
  <testcase classname="ptolemy.util.test.junit.AutoTests" name="[65] /home/travis/build/icyphy/ptII/ptolemy/domains/de/test/auto/SmartSender.xml (RunModel)" time="3.009" />
  <testcase classname="ptolemy.util.test.junit.AutoTests" name="[66] /home/travis/build/icyphy/ptII/ptolemy/domains/de/test/auto/ThreadedComposite.xml (RunModel)" time="0.115" />
  <testcase classname="ptolemy.util.test.junit.AutoTests" name="[67] /home/travis/build/icyphy/ptII/ptolemy/domains/de/test/auto/Time.xml (RunModel)" time="0.382" />
  <testcase classname="ptolemy.util.test.junit.AutoTests" name="[68] /home/travis/build/icyphy/ptII/ptolemy/domains/de/test/auto/TimeDelayZeroDelay.xml (RunModel)" time="0.015" />
  <testcase classname="ptolemy.util.test.junit.AutoTests" name="[69] /home/travis/build/icyphy/ptII/ptolemy/domains/de/test/auto/TimerZeroDelay.xml (RunModel)" time="0.02" />
  <testcase classname="ptolemy.util.test.junit.AutoTests" name="[70] /home/travis/build/icyphy/ptII/ptolemy/domains/de/test/auto/TimingParadox.xml (RunModel)" time="0.341" />
  <testcase classname="ptolemy.util.test.junit.AutoTests" name="[71] /home/travis/build/icyphy/ptII/ptolemy/domains/de/test/auto/TransferInputs.xml (RunModel)" time="0.008" />
  <testcase classname="ptolemy.util.test.junit.AutoTests" name="[72] /home/travis/build/icyphy/ptII/ptolemy/domains/de/test/auto/TransferOutputs2.xml (RunModel)" time="0.014" />
  <testcase classname="ptolemy.util.test.junit.AutoTests" name="[73] /home/travis/build/icyphy/ptII/ptolemy/domains/de/test/auto/Trilateration.xml (RunModel)" time="12.366" />
  <testcase classname="ptolemy.util.test.junit.AutoTests" name="[74] /home/travis/build/icyphy/ptII/ptolemy/domains/de/test/auto/TwoSigmaDelta.xml (RunModel)" time="2.132" />
  <testcase classname="ptolemy.util.test.junit.AutoTests" name="[75] /home/travis/build/icyphy/ptII/ptolemy/domains/de/test/auto/VariableDelay.xml (RunModel)" time="0.013" />
  <testcase classname="ptolemy.util.test.junit.AutoTests" name="[76] /home/travis/build/icyphy/ptII/ptolemy/domains/de/test/auto/VariableDelay2.xml (RunModel)" time="0.02" />
  <testcase classname="ptolemy.util.test.junit.AutoTests" name="[77] /home/travis/build/icyphy/ptII/ptolemy/domains/de/test/auto/VariableDelayZeroDelay.xml (RunModel)" time="0.014" />
  <testcase classname="ptolemy.util.test.junit.AutoTests" name="[78] /home/travis/build/icyphy/ptII/ptolemy/domains/de/test/auto/VariableDelayZeroDelay2.xml (RunModel)" time="0.008" />
  <testcase classname="ptolemy.util.test.junit.AutoTests" name="[79] /home/travis/build/icyphy/ptII/ptolemy/domains/de/test/auto/deInCt.xml (RunModel)" time="0.015" />
  <testcase classname="ptolemy.util.test.junit.AutoTests" name="[80] /home/travis/build/icyphy/ptII/ptolemy/domains/de/test/auto/deInCt2.xml (RunModel)" time="0.013" />
  <testcase classname="ptolemy.util.test.junit.AutoTests" name="[81] /home/travis/build/icyphy/ptII/ptolemy/domains/de/test/auto/dynamicCausalityInterface1.xml (RunModel)" time="0.019" />
  <testcase classname="ptolemy.util.test.junit.AutoTests" name="[82] /home/travis/build/icyphy/ptII/ptolemy/domains/de/test/auto/fsm_de_test.xml (RunModel)" time="0.022" />
  <testcase classname="ptolemy.util.test.junit.AutoTests" name="[83] /home/travis/build/icyphy/ptII/ptolemy/domains/de/test/auto/functionDependencyReconstruction.xml (RunModel)" time="0.031" />
  <testcase classname="ptolemy.util.test.junit.AutoTests" name="[84] /home/travis/build/icyphy/ptII/ptolemy/domains/de/test/auto/multirate.xml (RunModel)" time="0.015" />
  <testcase classname="ptolemy.util.test.junit.AutoTests" name="[85] /home/travis/build/icyphy/ptII/ptolemy/domains/de/test/auto/multirate2.xml (RunModel)" time="0.019" />
  <testcase classname="ptolemy.util.test.junit.AutoTests" name="[86] /home/travis/build/icyphy/ptII/ptolemy/domains/de/test/auto/realtime.xml (RunModel)" time="10.009" />
  <testcase classname="ptolemy.util.test.junit.AutoTests" name="[87] /home/travis/build/icyphy/ptII/ptolemy/domains/de/test/auto/relationGroup.xml (RunModel)" time="0.007" />
  <testcase classname="ptolemy.util.test.junit.AutoTests" name="[88] /home/travis/build/icyphy/ptII/ptolemy/domains/de/test/auto/relationGroup2.xml (RunModel)" time="0.006" />
  <testcase classname="ptolemy.util.test.junit.AutoTests" name="[89] /home/travis/build/icyphy/ptII/ptolemy/domains/de/test/auto/sortWithOpaquePorts.xml (RunModel)" time="0.015" />
  <testcase classname="ptolemy.util.test.junit.AutoTests" name="[90] /home/travis/build/icyphy/ptII/ptolemy/domains/de/test/auto/transferInputsandOutputs.xml (RunModel)" time="0.03" />
  <testcase classname="ptolemy.util.test.junit.AutoTests" name="[91] /home/travis/build/icyphy/ptII/ptolemy/domains/de/test/auto/triggerType.xml (RunModel)" time="0.016" />
  <system-out><![CDATA[/home/travis/build/icyphy/ptII/ptolemy/domains/de/test/DependencyLoop.tcl
testDefs.tcl: setting time out to 9000 seconds at Thu Sep 26 05:42:40 UTC 2019
99 ms. Memory: 120832K Free: 71620K (59%)
22 ms. Memory: 120832K Free: 54212K (45%)
/home/travis/build/icyphy/ptII/ptolemy/domains/de/test/RunDETestsAsQSS.tcl
Run the DE tests using ptolemy.domains.qss.test.QSSDirectorTest, which extends QSSDirector and prints a message in the constructors.
------------------ testing $PTII/ptolemy/domains/de/test/auto/knownFailedTests/DirectFeedback.xml (Known Failure) 
62 ms. Memory: 120832K Free: 48578K (40%)


==== $PTIIhome/travis/build/icyphy/ptII/ptolemy/domains/de/test/../../../../: Auto Automatic test in file $PTII/ptolemy/domains/de/test/auto/knownFailedTests/DirectFeedback.xml
==== Contents of test case:

	    # FIXME: we should use $relativeFilename here, but it
	    # might have backslashes under Windows, which causes no end
	    # of trouble.
	    createAndExecute $file
	    list {}
	
.... Test generated KNOWN error:
    while executing
ptolemy.kernel.util.IllegalActionException: Test fails in iteration 1.
Value was: 1.0. Should have been: 2.0
  in .DirectFeedback.Test
	at ptolemy.actor.lib.Test.fire(Test.java:268)
	at ptolemy.domains.de.kernel.DEDirector._fire(DEDirector.java:1949)
	at ptolemy.domains.de.kernel.DEDirector.fire(DEDirector.java:502)
	at ptolemy.actor.CompositeActor.fire(CompositeActor.java:455)
	at ptolemy.actor.Manager.iterate(Manager.java:851)
	at ptolemy.actor.Manager.execute(Manager.java:369)
	at ptolemy.actor.Manager.run(Manager.java:1263)
	at ptolemy.actor.Manager$PtolemyRunThread.run(Manager.java:1933)

    while executing
ptolemy.kernel.util.IllegalActionException: Test fails in iteration 1.
Value was: 1.0. Should have been: 2.0
  in .DirectFeedback.Test
    while executing
"java::new ptolemy.moml.MoMLSimpleApplication $file
"
    (procedure "createAndExecute" line 2)
    invoked from within
"createAndExecute $file"
    ("uplevel" body line 5)
    invoked from within
"uplevel $contents_of_test"
------------------ testing $PTII/ptolemy/domains/de/test/auto/knownFailedTests/dependencyLoop.xml (Known Failure) 
30 ms. Memory: 120832K Free: 108127K (89%)


==== $PTIIhome/travis/build/icyphy/ptII/ptolemy/domains/de/test/../../../../: Auto Automatic test in file $PTII/ptolemy/domains/de/test/auto/knownFailedTests/dependencyLoop.xml
==== Contents of test case:

	    # FIXME: we should use $relativeFilename here, but it
	    # might have backslashes under Windows, which causes no end
	    # of trouble.
	    createAndExecute $file
	    list {}
	
.... Test generated KNOWN error:
    while executing
ptolemy.kernel.util.IllegalActionException: Found a zero delay loop containing .dependencyLoop.original
  in .dependencyLoop and .dependencyLoop.original
	at ptolemy.actor.util.CausalityInterfaceForComposites._computeOutputPortDepth(CausalityInterfaceForComposites.java:759)
	at ptolemy.actor.util.CausalityInterfaceForComposites._computeInputDepth(CausalityInterfaceForComposites.java:696)
	at ptolemy.actor.util.CausalityInterfaceForComposites._computeOutputPortDepth(CausalityInterfaceForComposites.java:765)
	at ptolemy.actor.util.CausalityInterfaceForComposites._computeInputDepth(CausalityInterfaceForComposites.java:696)
	at ptolemy.actor.util.CausalityInterfaceForComposites._computeOutputPortDepth(CausalityInterfaceForComposites.java:765)
	at ptolemy.actor.util.CausalityInterfaceForComposites._computeInputDepth(CausalityInterfaceForComposites.java:696)
	at ptolemy.actor.util.CausalityInterfaceForComposites._computeActorDepth(CausalityInterfaceForComposites.java:532)
	at ptolemy.actor.util.CausalityInterfaceForComposites.checkForCycles(CausalityInterfaceForComposites.java:96)
	at ptolemy.domains.de.kernel.DEDirector.preinitialize(DEDirector.java:1338)
	at ptolemy.actor.CompositeActor.preinitialize(CompositeActor.java:1828)
	at ptolemy.actor.Manager.preinitializeAndResolveTypes(Manager.java:1040)
	at ptolemy.actor.Manager.initialize(Manager.java:710)
	at ptolemy.actor.Manager.execute(Manager.java:356)
	at ptolemy.actor.Manager.run(Manager.java:1263)
	at ptolemy.actor.Manager$PtolemyRunThread.run(Manager.java:1933)

    while executing
ptolemy.kernel.util.IllegalActionException: Found a zero delay loop containing .dependencyLoop.original
  in .dependencyLoop and .dependencyLoop.original
    while executing
"java::new ptolemy.moml.MoMLSimpleApplication $file
"
    (procedure "createAndExecute" line 2)
    invoked from within
"createAndExecute $file"
    ("uplevel" body line 5)
    invoked from within
"uplevel $contents_of_test"
------------------ testing $PTII/ptolemy/domains/de/test/auto/knownFailedTests/FSMSource.xml (Known Failure) 
72 ms. Memory: 120832K Free: 98972K (82%)
!!!! Auto was marked as failing, but now passes
------------------ testing $PTII/ptolemy/domains/de/test/auto/knownFailedTests/HierarchicalModel.xml (Known Failure) 
4 ms. Memory: 120832K Free: 81548K (67%)


==== $PTIIhome/travis/build/icyphy/ptII/ptolemy/domains/de/test/../../../../: Auto Automatic test in file $PTII/ptolemy/domains/de/test/auto/knownFailedTests/HierarchicalModel.xml
==== Contents of test case:

	    # FIXME: we should use $relativeFilename here, but it
	    # might have backslashes under Windows, which causes no end
	    # of trouble.
	    createAndExecute $file
	    list {}
	
.... Test generated KNOWN error:
    while executing
ptolemy.kernel.util.IllegalActionException: Found a zero delay loop containing .HierarchicalModel.A
  in .HierarchicalModel and .HierarchicalModel.A
	at ptolemy.actor.util.CausalityInterfaceForComposites._computeOutputPortDepth(CausalityInterfaceForComposites.java:759)
	at ptolemy.actor.util.CausalityInterfaceForComposites._computeInputDepth(CausalityInterfaceForComposites.java:696)
	at ptolemy.actor.util.CausalityInterfaceForComposites._computeOutputPortDepth(CausalityInterfaceForComposites.java:765)
	at ptolemy.actor.util.CausalityInterfaceForComposites._computeInputDepth(CausalityInterfaceForComposites.java:696)
	at ptolemy.actor.util.CausalityInterfaceForComposites._computeOutputPortDepth(CausalityInterfaceForComposites.java:765)
	at ptolemy.actor.util.CausalityInterfaceForComposites._computeInputDepth(CausalityInterfaceForComposites.java:696)
	at ptolemy.actor.util.CausalityInterfaceForComposites._computeActorDepth(CausalityInterfaceForComposites.java:532)
	at ptolemy.actor.util.CausalityInterfaceForComposites.checkForCycles(CausalityInterfaceForComposites.java:96)
	at ptolemy.domains.de.kernel.DEDirector.preinitialize(DEDirector.java:1338)
	at ptolemy.actor.CompositeActor.preinitialize(CompositeActor.java:1828)
	at ptolemy.actor.Manager.preinitializeAndResolveTypes(Manager.java:1040)
	at ptolemy.actor.Manager.initialize(Manager.java:710)
	at ptolemy.actor.Manager.execute(Manager.java:356)
	at ptolemy.actor.Manager.run(Manager.java:1263)
	at ptolemy.actor.Manager$PtolemyRunThread.run(Manager.java:1933)

    while executing
ptolemy.kernel.util.IllegalActionException: Found a zero delay loop containing .HierarchicalModel.A
  in .HierarchicalModel and .HierarchicalModel.A
    while executing
"java::new ptolemy.moml.MoMLSimpleApplication $file
"
    (procedure "createAndExecute" line 2)
    invoked from within
"createAndExecute $file"
    ("uplevel" body line 5)
    invoked from within
"uplevel $contents_of_test"
------------------ testing $PTII/ptolemy/domains/de/test/auto/knownFailedTests/dependencyLoop2.xml (Known Failure) 
25 ms. Memory: 120832K Free: 106341K (88%)


==== $PTIIhome/travis/build/icyphy/ptII/ptolemy/domains/de/test/../../../../: Auto Automatic test in file $PTII/ptolemy/domains/de/test/auto/knownFailedTests/dependencyLoop2.xml
==== Contents of test case:

	    # FIXME: we should use $relativeFilename here, but it
	    # might have backslashes under Windows, which causes no end
	    # of trouble.
	    createAndExecute $file
	    list {}
	
.... Test generated KNOWN error:
    while executing
ptolemy.kernel.util.IllegalActionException: Found a zero delay loop containing .dependencyLoop2.original
  in .dependencyLoop2 and .dependencyLoop2.original
	at ptolemy.actor.util.CausalityInterfaceForComposites._computeOutputPortDepth(CausalityInterfaceForComposites.java:759)
	at ptolemy.actor.util.CausalityInterfaceForComposites._computeInputDepth(CausalityInterfaceForComposites.java:696)
	at ptolemy.actor.util.CausalityInterfaceForComposites._computeOutputPortDepth(CausalityInterfaceForComposites.java:765)
	at ptolemy.actor.util.CausalityInterfaceForComposites._computeInputDepth(CausalityInterfaceForComposites.java:696)
	at ptolemy.actor.util.CausalityInterfaceForComposites._computeOutputPortDepth(CausalityInterfaceForComposites.java:765)
	at ptolemy.actor.util.CausalityInterfaceForComposites._computeInputDepth(CausalityInterfaceForComposites.java:696)
	at ptolemy.actor.util.CausalityInterfaceForComposites._computeActorDepth(CausalityInterfaceForComposites.java:532)
	at ptolemy.actor.util.CausalityInterfaceForComposites.checkForCycles(CausalityInterfaceForComposites.java:96)
	at ptolemy.domains.de.kernel.DEDirector.preinitialize(DEDirector.java:1338)
	at ptolemy.actor.CompositeActor.preinitialize(CompositeActor.java:1828)
	at ptolemy.actor.Manager.preinitializeAndResolveTypes(Manager.java:1040)
	at ptolemy.actor.Manager.initialize(Manager.java:710)
	at ptolemy.actor.Manager.execute(Manager.java:356)
	at ptolemy.actor.Manager.run(Manager.java:1263)
	at ptolemy.actor.Manager$PtolemyRunThread.run(Manager.java:1933)

    while executing
ptolemy.kernel.util.IllegalActionException: Found a zero delay loop containing .dependencyLoop2.original
  in .dependencyLoop2 and .dependencyLoop2.original
    while executing
"java::new ptolemy.moml.MoMLSimpleApplication $file
"
    (procedure "createAndExecute" line 2)
    invoked from within
"createAndExecute $file"
    ("uplevel" body line 5)
    invoked from within
"uplevel $contents_of_test"
------------------ testing $PTII/ptolemy/domains/de/test/auto/knownFailedTests/DESDFClockTest.xml (Known Failure) 
2061 ms. Memory: 120832K Free: 93297K (77%)


==== $PTIIhome/travis/build/icyphy/ptII/ptolemy/domains/de/test/../../../../: Auto Automatic test in file $PTII/ptolemy/domains/de/test/auto/knownFailedTests/DESDFClockTest.xml
==== Contents of test case:

	    # FIXME: we should use $relativeFilename here, but it
	    # might have backslashes under Windows, which causes no end
	    # of trouble.
	    createAndExecute $file
	    list {}
	
.... Test generated KNOWN error:
    while executing
ptolemy.kernel.util.IllegalActionException: Actor is not ready to fire.  Perhaps UpSample.prefire() returned false? Try debugging the actor by selecting "Listen to Actor".  Also, for SDF check moml for tokenConsumptionRate on input.
  in .DESDFClockTest.Play Bell.Copy1:SDF Director and .DESDFClockTest.Play Bell.UpSample
	at ptolemy.actor.sched.StaticSchedulingDirector.fire(StaticSchedulingDirector.java:227)
	at ptolemy.domains.sdf.kernel.SDFDirector.fire(SDFDirector.java:500)
	at ptolemy.actor.CompositeActor.fire(CompositeActor.java:455)
	at ptolemy.domains.de.kernel.DEDirector._fire(DEDirector.java:1949)
	at ptolemy.domains.de.kernel.DEDirector.fire(DEDirector.java:502)
	at ptolemy.actor.CompositeActor.fire(CompositeActor.java:455)
	at ptolemy.actor.Manager.iterate(Manager.java:851)
	at ptolemy.actor.Manager.execute(Manager.java:369)
	at ptolemy.actor.Manager.run(Manager.java:1263)
	at ptolemy.actor.Manager$PtolemyRunThread.run(Manager.java:1933)

    while executing
ptolemy.kernel.util.IllegalActionException: Actor is not ready to fire.  Perhaps UpSample.prefire() returned false? Try debugging the actor by selecting "Listen to Actor".  Also, for SDF check moml for tokenConsumptionRate on input.
  in .DESDFClockTest.Play Bell.Copy1:SDF Director and .DESDFClockTest.Play Bell.UpSample
    while executing
"java::new ptolemy.moml.MoMLSimpleApplication $file
"
    (procedure "createAndExecute" line 2)
    invoked from within
"createAndExecute $file"
    ("uplevel" body line 5)
    invoked from within
"uplevel $contents_of_test"
------------------ testing $PTII/ptolemy/domains/de/test/auto/ActorDepthCalculation_actorWithoutPorts.xml
auto.tcl: Setting watchdog for 200 seconds at Thu Sep 26 05:42:43 UTC 2019
5 ms. Memory: 120832K Free: 86457K (72%)
ptolemy.util.test.WatchDog.cancel(): canceling Thu Sep 26 05:42:44 UTC 2019
auto.tcl: Setting watchdog for 200 seconds at Thu Sep 26 05:42:44 UTC 2019
4 ms. Memory: 120832K Free: 84781K (70%)
ptolemy.util.test.WatchDog.cancel(): canceling Thu Sep 26 05:42:44 UTC 2019
------------------ testing $PTII/ptolemy/domains/de/test/auto/AssemblyLine.xml
auto.tcl: Setting watchdog for 200 seconds at Thu Sep 26 05:42:44 UTC 2019
16 ms. Memory: 48128K Free: 26011K (54%)
ptolemy.util.test.WatchDog.cancel(): canceling Thu Sep 26 05:42:44 UTC 2019
auto.tcl: Setting watchdog for 200 seconds at Thu Sep 26 05:42:44 UTC 2019
7 ms. Memory: 48128K Free: 25304K (53%)
ptolemy.util.test.WatchDog.cancel(): canceling Thu Sep 26 05:42:44 UTC 2019
------------------ testing $PTII/ptolemy/domains/de/test/auto/CQBug1.xml
auto.tcl: Setting watchdog for 200 seconds at Thu Sep 26 05:42:44 UTC 2019
2 ms. Memory: 48128K Free: 31581K (66%)
ptolemy.util.test.WatchDog.cancel(): canceling Thu Sep 26 05:42:44 UTC 2019
auto.tcl: Setting watchdog for 200 seconds at Thu Sep 26 05:42:44 UTC 2019
5 ms. Memory: 48128K Free: 31141K (65%)
ptolemy.util.test.WatchDog.cancel(): canceling Thu Sep 26 05:42:44 UTC 2019
------------------ testing $PTII/ptolemy/domains/de/test/auto/CancelFireAt.xml
auto.tcl: Setting watchdog for 200 seconds at Thu Sep 26 05:42:44 UTC 2019
2 ms. Memory: 45056K Free: 29706K (66%)
ptolemy.util.test.WatchDog.cancel(): canceling Thu Sep 26 05:42:44 UTC 2019
auto.tcl: Setting watchdog for 200 seconds at Thu Sep 26 05:42:44 UTC 2019
3 ms. Memory: 45056K Free: 29276K (65%)
ptolemy.util.test.WatchDog.cancel(): canceling Thu Sep 26 05:42:44 UTC 2019
------------------ testing $PTII/ptolemy/domains/de/test/auto/CausalityAndComposabilityAnalysis.xml
auto.tcl: Setting watchdog for 200 seconds at Thu Sep 26 05:42:44 UTC 2019
6 ms. Memory: 45056K Free: 27925K (62%)
ptolemy.util.test.WatchDog.cancel(): canceling Thu Sep 26 05:42:44 UTC 2019
auto.tcl: Setting watchdog for 200 seconds at Thu Sep 26 05:42:44 UTC 2019
9 ms. Memory: 45056K Free: 27095K (60%)
ptolemy.util.test.WatchDog.cancel(): canceling Thu Sep 26 05:42:44 UTC 2019
------------------ testing $PTII/ptolemy/domains/de/test/auto/CausalityInterface1.xml
auto.tcl: Setting watchdog for 200 seconds at Thu Sep 26 05:42:44 UTC 2019
32 ms. Memory: 45056K Free: 26347K (58%)
ptolemy.util.test.WatchDog.cancel(): canceling Thu Sep 26 05:42:44 UTC 2019
auto.tcl: Setting watchdog for 200 seconds at Thu Sep 26 05:42:44 UTC 2019
4 ms. Memory: 45056K Free: 25389K (56%)
ptolemy.util.test.WatchDog.cancel(): canceling Thu Sep 26 05:42:44 UTC 2019
------------------ testing $PTII/ptolemy/domains/de/test/auto/CausalityInterface15.xml
auto.tcl: Setting watchdog for 200 seconds at Thu Sep 26 05:42:45 UTC 2019
4 ms. Memory: 45056K Free: 26066K (58%)
ptolemy.util.test.WatchDog.cancel(): canceling Thu Sep 26 05:42:45 UTC 2019
auto.tcl: Setting watchdog for 200 seconds at Thu Sep 26 05:42:45 UTC 2019
9 ms. Memory: 45056K Free: 25368K (56%)
ptolemy.util.test.WatchDog.cancel(): canceling Thu Sep 26 05:42:45 UTC 2019
------------------ testing $PTII/ptolemy/domains/de/test/auto/CausalityInterface2.xml
auto.tcl: Setting watchdog for 200 seconds at Thu Sep 26 05:42:45 UTC 2019
9 ms. Memory: 45056K Free: 27096K (60%)
ptolemy.util.test.WatchDog.cancel(): canceling Thu Sep 26 05:42:45 UTC 2019
auto.tcl: Setting watchdog for 200 seconds at Thu Sep 26 05:42:45 UTC 2019
3 ms. Memory: 45056K Free: 26339K (58%)
ptolemy.util.test.WatchDog.cancel(): canceling Thu Sep 26 05:42:45 UTC 2019
------------------ testing $PTII/ptolemy/domains/de/test/auto/CausalityInterface3.xml
auto.tcl: Setting watchdog for 200 seconds at Thu Sep 26 05:42:45 UTC 2019
9 ms. Memory: 45056K Free: 26530K (59%)
ptolemy.util.test.WatchDog.cancel(): canceling Thu Sep 26 05:42:45 UTC 2019
auto.tcl: Setting watchdog for 200 seconds at Thu Sep 26 05:42:45 UTC 2019
3 ms. Memory: 45056K Free: 26103K (58%)
ptolemy.util.test.WatchDog.cancel(): canceling Thu Sep 26 05:42:45 UTC 2019
------------------ testing $PTII/ptolemy/domains/de/test/auto/ClockDrift.xml
auto.tcl: Setting watchdog for 200 seconds at Thu Sep 26 05:42:45 UTC 2019
112 ms. Memory: 45056K Free: 18696K (41%)
ptolemy.util.test.WatchDog.cancel(): canceling Thu Sep 26 05:42:45 UTC 2019
auto.tcl: Setting watchdog for 200 seconds at Thu Sep 26 05:42:45 UTC 2019
67 ms. Memory: 45056K Free: 15734K (35%)
ptolemy.util.test.WatchDog.cancel(): canceling Thu Sep 26 05:42:45 UTC 2019
------------------ testing $PTII/ptolemy/domains/de/test/auto/ClockDriftAndValueChange.xml
auto.tcl: Setting watchdog for 200 seconds at Thu Sep 26 05:42:45 UTC 2019
44 ms. Memory: 45056K Free: 19227K (43%)
ptolemy.util.test.WatchDog.cancel(): canceling Thu Sep 26 05:42:45 UTC 2019
auto.tcl: Setting watchdog for 200 seconds at Thu Sep 26 05:42:45 UTC 2019
29 ms. Memory: 45056K Free: 16372K (36%)
ptolemy.util.test.WatchDog.cancel(): canceling Thu Sep 26 05:42:45 UTC 2019
------------------ testing $PTII/ptolemy/domains/de/test/auto/ClockDriftChange.xml
auto.tcl: Setting watchdog for 200 seconds at Thu Sep 26 05:42:45 UTC 2019
23 ms. Memory: 45056K Free: 21266K (47%)
ptolemy.util.test.WatchDog.cancel(): canceling Thu Sep 26 05:42:45 UTC 2019
auto.tcl: Setting watchdog for 200 seconds at Thu Sep 26 05:42:45 UTC 2019
29 ms. Memory: 45056K Free: 18713K (42%)
ptolemy.util.test.WatchDog.cancel(): canceling Thu Sep 26 05:42:45 UTC 2019
------------------ testing $PTII/ptolemy/domains/de/test/auto/ComposableCausalityAnalysis.xml
auto.tcl: Setting watchdog for 200 seconds at Thu Sep 26 05:42:45 UTC 2019
2 ms. Memory: 45056K Free: 25903K (57%)
ptolemy.util.test.WatchDog.cancel(): canceling Thu Sep 26 05:42:45 UTC 2019
auto.tcl: Setting watchdog for 200 seconds at Thu Sep 26 05:42:45 UTC 2019
2 ms. Memory: 45056K Free: 24866K (55%)
ptolemy.util.test.WatchDog.cancel(): canceling Thu Sep 26 05:42:46 UTC 2019
------------------ testing $PTII/ptolemy/domains/de/test/auto/DEFixedPointLimitation.xml
auto.tcl: Setting watchdog for 200 seconds at Thu Sep 26 05:42:46 UTC 2019
4 ms. Memory: 45056K Free: 27265K (61%)
ptolemy.util.test.WatchDog.cancel(): canceling Thu Sep 26 05:42:46 UTC 2019
auto.tcl: Setting watchdog for 200 seconds at Thu Sep 26 05:42:46 UTC 2019
2 ms. Memory: 45056K Free: 26354K (58%)
ptolemy.util.test.WatchDog.cancel(): canceling Thu Sep 26 05:42:46 UTC 2019
------------------ testing $PTII/ptolemy/domains/de/test/auto/DEScheduleTest.xml
auto.tcl: Setting watchdog for 200 seconds at Thu Sep 26 05:42:46 UTC 2019
11 ms. Memory: 45056K Free: 27494K (61%)
ptolemy.util.test.WatchDog.cancel(): canceling Thu Sep 26 05:42:46 UTC 2019
auto.tcl: Setting watchdog for 200 seconds at Thu Sep 26 05:42:46 UTC 2019
4 ms. Memory: 45056K Free: 26767K (59%)
ptolemy.util.test.WatchDog.cancel(): canceling Thu Sep 26 05:42:46 UTC 2019
------------------ testing $PTII/ptolemy/domains/de/test/auto/DEinDEwithStartTimes.xml
auto.tcl: Setting watchdog for 200 seconds at Thu Sep 26 05:42:46 UTC 2019
8 ms. Memory: 45056K Free: 25710K (57%)
ptolemy.util.test.WatchDog.cancel(): canceling Thu Sep 26 05:42:46 UTC 2019
auto.tcl: Setting watchdog for 200 seconds at Thu Sep 26 05:42:46 UTC 2019
9 ms. Memory: 45056K Free: 24306K (54%)
ptolemy.util.test.WatchDog.cancel(): canceling Thu Sep 26 05:42:46 UTC 2019
------------------ testing $PTII/ptolemy/domains/de/test/auto/DEinDEwithStartTimes2.xml
auto.tcl: Setting watchdog for 200 seconds at Thu Sep 26 05:42:46 UTC 2019
10 ms. Memory: 45056K Free: 24991K (55%)
ptolemy.util.test.WatchDog.cancel(): canceling Thu Sep 26 05:42:46 UTC 2019
auto.tcl: Setting watchdog for 200 seconds at Thu Sep 26 05:42:46 UTC 2019
4 ms. Memory: 45056K Free: 23623K (52%)
ptolemy.util.test.WatchDog.cancel(): canceling Thu Sep 26 05:42:46 UTC 2019
------------------ testing $PTII/ptolemy/domains/de/test/auto/DateDemo.xml
auto.tcl: Setting watchdog for 200 seconds at Thu Sep 26 05:42:46 UTC 2019
26 ms. Memory: 45056K Free: 19276K (43%)
ptolemy.util.test.WatchDog.cancel(): canceling Thu Sep 26 05:42:46 UTC 2019
auto.tcl: Setting watchdog for 200 seconds at Thu Sep 26 05:42:46 UTC 2019
15 ms. Memory: 45056K Free: 17699K (39%)
ptolemy.util.test.WatchDog.cancel(): canceling Thu Sep 26 05:42:46 UTC 2019
------------------ testing $PTII/ptolemy/domains/de/test/auto/DateToEvent.xml
auto.tcl: Setting watchdog for 200 seconds at Thu Sep 26 05:42:46 UTC 2019
2019 ms. Memory: 45056K Free: 15185K (34%)
ptolemy.util.test.WatchDog.cancel(): canceling Thu Sep 26 05:42:48 UTC 2019
auto.tcl: Setting watchdog for 200 seconds at Thu Sep 26 05:42:48 UTC 2019
2006 ms. Memory: 45056K Free: 14477K (32%)
ptolemy.util.test.WatchDog.cancel(): canceling Thu Sep 26 05:42:50 UTC 2019
------------------ testing $PTII/ptolemy/domains/de/test/auto/DepthTest1.xml
auto.tcl: Setting watchdog for 200 seconds at Thu Sep 26 05:42:50 UTC 2019
3 ms. Memory: 45056K Free: 28472K (63%)
ptolemy.util.test.WatchDog.cancel(): canceling Thu Sep 26 05:42:50 UTC 2019
auto.tcl: Setting watchdog for 200 seconds at Thu Sep 26 05:42:50 UTC 2019
2 ms. Memory: 45056K Free: 27964K (62%)
ptolemy.util.test.WatchDog.cancel(): canceling Thu Sep 26 05:42:50 UTC 2019
------------------ testing $PTII/ptolemy/domains/de/test/auto/DepthTest2.xml
auto.tcl: Setting watchdog for 200 seconds at Thu Sep 26 05:42:50 UTC 2019
4 ms. Memory: 45056K Free: 25200K (56%)
ptolemy.util.test.WatchDog.cancel(): canceling Thu Sep 26 05:42:50 UTC 2019
auto.tcl: Setting watchdog for 200 seconds at Thu Sep 26 05:42:50 UTC 2019
2 ms. Memory: 45056K Free: 24819K (55%)
ptolemy.util.test.WatchDog.cancel(): canceling Thu Sep 26 05:42:50 UTC 2019
------------------ testing $PTII/ptolemy/domains/de/test/auto/DepthTest3.xml
auto.tcl: Setting watchdog for 200 seconds at Thu Sep 26 05:42:50 UTC 2019
2 ms. Memory: 45056K Free: 28660K (64%)
ptolemy.util.test.WatchDog.cancel(): canceling Thu Sep 26 05:42:51 UTC 2019
auto.tcl: Setting watchdog for 200 seconds at Thu Sep 26 05:42:51 UTC 2019
1 ms. Memory: 45056K Free: 28277K (63%)
ptolemy.util.test.WatchDog.cancel(): canceling Thu Sep 26 05:42:51 UTC 2019
------------------ testing $PTII/ptolemy/domains/de/test/auto/DepthTest4.xml
auto.tcl: Setting watchdog for 200 seconds at Thu Sep 26 05:42:51 UTC 2019
5 ms. Memory: 45056K Free: 27024K (60%)
ptolemy.util.test.WatchDog.cancel(): canceling Thu Sep 26 05:42:51 UTC 2019
auto.tcl: Setting watchdog for 200 seconds at Thu Sep 26 05:42:51 UTC 2019
3 ms. Memory: 45056K Free: 26299K (58%)
ptolemy.util.test.WatchDog.cancel(): canceling Thu Sep 26 05:42:51 UTC 2019
------------------ testing $PTII/ptolemy/domains/de/test/auto/DepthTest5.xml
auto.tcl: Setting watchdog for 200 seconds at Thu Sep 26 05:42:51 UTC 2019
4 ms. Memory: 45056K Free: 26175K (58%)
ptolemy.util.test.WatchDog.cancel(): canceling Thu Sep 26 05:42:51 UTC 2019
auto.tcl: Setting watchdog for 200 seconds at Thu Sep 26 05:42:51 UTC 2019
2 ms. Memory: 45056K Free: 25787K (57%)
ptolemy.util.test.WatchDog.cancel(): canceling Thu Sep 26 05:42:51 UTC 2019
------------------ testing $PTII/ptolemy/domains/de/test/auto/DepthTest6.xml
auto.tcl: Setting watchdog for 200 seconds at Thu Sep 26 05:42:51 UTC 2019
4 ms. Memory: 45056K Free: 26148K (58%)
ptolemy.util.test.WatchDog.cancel(): canceling Thu Sep 26 05:42:51 UTC 2019
auto.tcl: Setting watchdog for 200 seconds at Thu Sep 26 05:42:51 UTC 2019
3 ms. Memory: 45056K Free: 25599K (57%)
ptolemy.util.test.WatchDog.cancel(): canceling Thu Sep 26 05:42:51 UTC 2019
------------------ testing $PTII/ptolemy/domains/de/test/auto/DepthTest7.xml
auto.tcl: Setting watchdog for 200 seconds at Thu Sep 26 05:42:51 UTC 2019
7 ms. Memory: 45056K Free: 26949K (60%)
ptolemy.util.test.WatchDog.cancel(): canceling Thu Sep 26 05:42:51 UTC 2019
auto.tcl: Setting watchdog for 200 seconds at Thu Sep 26 05:42:51 UTC 2019
3 ms. Memory: 45056K Free: 26225K (58%)
ptolemy.util.test.WatchDog.cancel(): canceling Thu Sep 26 05:42:51 UTC 2019
------------------ testing $PTII/ptolemy/domains/de/test/auto/EventToDate.xml
auto.tcl: Setting watchdog for 200 seconds at Thu Sep 26 05:42:51 UTC 2019
3005 ms. Memory: 45056K Free: 17700K (39%)
ptolemy.util.test.WatchDog.cancel(): canceling Thu Sep 26 05:42:54 UTC 2019
auto.tcl: Setting watchdog for 200 seconds at Thu Sep 26 05:42:54 UTC 2019
3005 ms. Memory: 45056K Free: 17041K (38%)
ptolemy.util.test.WatchDog.cancel(): canceling Thu Sep 26 05:42:57 UTC 2019
------------------ testing $PTII/ptolemy/domains/de/test/auto/FSM1.xml
auto.tcl: Setting watchdog for 200 seconds at Thu Sep 26 05:42:57 UTC 2019
26 ms. Memory: 45056K Free: 18454K (41%)
ptolemy.util.test.WatchDog.cancel(): canceling Thu Sep 26 05:42:57 UTC 2019
auto.tcl: Setting watchdog for 200 seconds at Thu Sep 26 05:42:57 UTC 2019
36 ms. Memory: 45056K Free: 15301K (34%)
ptolemy.util.test.WatchDog.cancel(): canceling Thu Sep 26 05:42:57 UTC 2019
------------------ testing $PTII/ptolemy/domains/de/test/auto/FSM7.xml
auto.tcl: Setting watchdog for 200 seconds at Thu Sep 26 05:42:57 UTC 2019
16 ms. Memory: 45056K Free: 18671K (41%)
ptolemy.util.test.WatchDog.cancel(): canceling Thu Sep 26 05:42:57 UTC 2019
auto.tcl: Setting watchdog for 200 seconds at Thu Sep 26 05:42:57 UTC 2019
20 ms. Memory: 45056K Free: 15553K (35%)
ptolemy.util.test.WatchDog.cancel(): canceling Thu Sep 26 05:42:57 UTC 2019
------------------ testing $PTII/ptolemy/domains/de/test/auto/Inspection.xml
auto.tcl: Setting watchdog for 200 seconds at Thu Sep 26 05:42:57 UTC 2019
40 ms. Memory: 45056K Free: 18675K (41%)
ptolemy.util.test.WatchDog.cancel(): canceling Thu Sep 26 05:42:57 UTC 2019
auto.tcl: Setting watchdog for 200 seconds at Thu Sep 26 05:42:57 UTC 2019
28 ms. Memory: 45056K Free: 16945K (38%)
ptolemy.util.test.WatchDog.cancel(): canceling Thu Sep 26 05:42:57 UTC 2019
------------------ testing $PTII/ptolemy/domains/de/test/auto/Iteration.xml
auto.tcl: Setting watchdog for 200 seconds at Thu Sep 26 05:42:57 UTC 2019
9 ms. Memory: 45056K Free: 24416K (54%)
ptolemy.util.test.WatchDog.cancel(): canceling Thu Sep 26 05:42:57 UTC 2019
auto.tcl: Setting watchdog for 200 seconds at Thu Sep 26 05:42:57 UTC 2019
8 ms. Memory: 45056K Free: 23014K (51%)
ptolemy.util.test.WatchDog.cancel(): canceling Thu Sep 26 05:42:57 UTC 2019
------------------ testing $PTII/ptolemy/domains/de/test/auto/LineFault.xml
auto.tcl: Setting watchdog for 200 seconds at Thu Sep 26 05:42:58 UTC 2019
724 ms. Memory: 45056K Free: 12129K (27%)
ptolemy.util.test.WatchDog.cancel(): canceling Thu Sep 26 05:42:58 UTC 2019
auto.tcl: Setting watchdog for 200 seconds at Thu Sep 26 05:42:58 UTC 2019
577 ms. Memory: 55296K Free: 27809K (50%)
ptolemy.util.test.WatchDog.cancel(): canceling Thu Sep 26 05:42:59 UTC 2019
------------------ testing $PTII/ptolemy/domains/de/test/auto/MergeModel1Add.xml
auto.tcl: Setting watchdog for 200 seconds at Thu Sep 26 05:42:59 UTC 2019
17 ms. Memory: 51200K Free: 16540K (32%)
ptolemy.util.test.WatchDog.cancel(): canceling Thu Sep 26 05:42:59 UTC 2019
auto.tcl: Setting watchdog for 200 seconds at Thu Sep 26 05:42:59 UTC 2019
14 ms. Memory: 51200K Free: 14924K (29%)
ptolemy.util.test.WatchDog.cancel(): canceling Thu Sep 26 05:42:59 UTC 2019
------------------ testing $PTII/ptolemy/domains/de/test/auto/MergeModel2Add.xml
auto.tcl: Setting watchdog for 200 seconds at Thu Sep 26 05:42:59 UTC 2019
13 ms. Memory: 48128K Free: 15339K (32%)
ptolemy.util.test.WatchDog.cancel(): canceling Thu Sep 26 05:42:59 UTC 2019
auto.tcl: Setting watchdog for 200 seconds at Thu Sep 26 05:42:59 UTC 2019
8 ms. Memory: 48128K Free: 13574K (28%)
ptolemy.util.test.WatchDog.cancel(): canceling Thu Sep 26 05:42:59 UTC 2019
------------------ testing $PTII/ptolemy/domains/de/test/auto/MergeModel3Add.xml
auto.tcl: Setting watchdog for 200 seconds at Thu Sep 26 05:42:59 UTC 2019
7 ms. Memory: 48128K Free: 15551K (32%)
ptolemy.util.test.WatchDog.cancel(): canceling Thu Sep 26 05:42:59 UTC 2019
auto.tcl: Setting watchdog for 200 seconds at Thu Sep 26 05:42:59 UTC 2019
6 ms. Memory: 48128K Free: 13985K (29%)
ptolemy.util.test.WatchDog.cancel(): canceling Thu Sep 26 05:42:59 UTC 2019
------------------ testing $PTII/ptolemy/domains/de/test/auto/MergeWithoutDiscard.xml
auto.tcl: Setting watchdog for 200 seconds at Thu Sep 26 05:43:00 UTC 2019
3 ms. Memory: 48128K Free: 30111K (63%)
ptolemy.util.test.WatchDog.cancel(): canceling Thu Sep 26 05:43:00 UTC 2019
auto.tcl: Setting watchdog for 200 seconds at Thu Sep 26 05:43:00 UTC 2019
1 ms. Memory: 48128K Free: 29696K (62%)
ptolemy.util.test.WatchDog.cancel(): canceling Thu Sep 26 05:43:00 UTC 2019
------------------ testing $PTII/ptolemy/domains/de/test/auto/Modal1.xml
auto.tcl: Setting watchdog for 200 seconds at Thu Sep 26 05:43:00 UTC 2019
12 ms. Memory: 48128K Free: 22019K (46%)
ptolemy.util.test.WatchDog.cancel(): canceling Thu Sep 26 05:43:00 UTC 2019
auto.tcl: Setting watchdog for 200 seconds at Thu Sep 26 05:43:00 UTC 2019
13 ms. Memory: 48128K Free: 18599K (39%)
ptolemy.util.test.WatchDog.cancel(): canceling Thu Sep 26 05:43:00 UTC 2019
------------------ testing $PTII/ptolemy/domains/de/test/auto/Modal2.xml
auto.tcl: Setting watchdog for 200 seconds at Thu Sep 26 05:43:00 UTC 2019
19 ms. Memory: 48128K Free: 22136K (46%)
ptolemy.util.test.WatchDog.cancel(): canceling Thu Sep 26 05:43:00 UTC 2019
auto.tcl: Setting watchdog for 200 seconds at Thu Sep 26 05:43:00 UTC 2019
19 ms. Memory: 48128K Free: 18896K (39%)
ptolemy.util.test.WatchDog.cancel(): canceling Thu Sep 26 05:43:00 UTC 2019
------------------ testing $PTII/ptolemy/domains/de/test/auto/Modal3.xml
auto.tcl: Setting watchdog for 200 seconds at Thu Sep 26 05:43:00 UTC 2019
15 ms. Memory: 48128K Free: 22105K (46%)
ptolemy.util.test.WatchDog.cancel(): canceling Thu Sep 26 05:43:00 UTC 2019
auto.tcl: Setting watchdog for 200 seconds at Thu Sep 26 05:43:00 UTC 2019
14 ms. Memory: 48128K Free: 18542K (39%)
ptolemy.util.test.WatchDog.cancel(): canceling Thu Sep 26 05:43:00 UTC 2019
------------------ testing $PTII/ptolemy/domains/de/test/auto/Modal4.xml
auto.tcl: Setting watchdog for 200 seconds at Thu Sep 26 05:43:00 UTC 2019
15 ms. Memory: 48128K Free: 21053K (44%)
ptolemy.util.test.WatchDog.cancel(): canceling Thu Sep 26 05:43:00 UTC 2019
auto.tcl: Setting watchdog for 200 seconds at Thu Sep 26 05:43:00 UTC 2019
24 ms. Memory: 48128K Free: 17238K (36%)
ptolemy.util.test.WatchDog.cancel(): canceling Thu Sep 26 05:43:00 UTC 2019
------------------ testing $PTII/ptolemy/domains/de/test/auto/Modal5.xml
auto.tcl: Setting watchdog for 200 seconds at Thu Sep 26 05:43:00 UTC 2019
16 ms. Memory: 48128K Free: 21064K (44%)
ptolemy.util.test.WatchDog.cancel(): canceling Thu Sep 26 05:43:00 UTC 2019
auto.tcl: Setting watchdog for 200 seconds at Thu Sep 26 05:43:00 UTC 2019
16 ms. Memory: 48128K Free: 17225K (36%)
ptolemy.util.test.WatchDog.cancel(): canceling Thu Sep 26 05:43:00 UTC 2019
------------------ testing $PTII/ptolemy/domains/de/test/auto/Modal6.xml
auto.tcl: Setting watchdog for 200 seconds at Thu Sep 26 05:43:00 UTC 2019
22 ms. Memory: 48128K Free: 21844K (45%)
ptolemy.util.test.WatchDog.cancel(): canceling Thu Sep 26 05:43:00 UTC 2019
auto.tcl: Setting watchdog for 200 seconds at Thu Sep 26 05:43:00 UTC 2019
19 ms. Memory: 48128K Free: 17895K (37%)
ptolemy.util.test.WatchDog.cancel(): canceling Thu Sep 26 05:43:00 UTC 2019
------------------ testing $PTII/ptolemy/domains/de/test/auto/Modal7.xml
auto.tcl: Setting watchdog for 200 seconds at Thu Sep 26 05:43:00 UTC 2019
16 ms. Memory: 48128K Free: 20821K (43%)
ptolemy.util.test.WatchDog.cancel(): canceling Thu Sep 26 05:43:00 UTC 2019
auto.tcl: Setting watchdog for 200 seconds at Thu Sep 26 05:43:00 UTC 2019
14 ms. Memory: 48128K Free: 17224K (36%)
ptolemy.util.test.WatchDog.cancel(): canceling Thu Sep 26 05:43:00 UTC 2019
------------------ testing $PTII/ptolemy/domains/de/test/auto/ModalModel.xml
auto.tcl: Setting watchdog for 200 seconds at Thu Sep 26 05:43:00 UTC 2019
233 ms. Memory: 66560K Free: 48145K (72%)
ptolemy.util.test.WatchDog.cancel(): canceling Thu Sep 26 05:43:01 UTC 2019
auto.tcl: Setting watchdog for 200 seconds at Thu Sep 26 05:43:01 UTC 2019
186 ms. Memory: 66560K Free: 49094K (74%)
ptolemy.util.test.WatchDog.cancel(): canceling Thu Sep 26 05:43:01 UTC 2019
------------------ testing $PTII/ptolemy/domains/de/test/auto/ModalSource.xml
auto.tcl: Setting watchdog for 200 seconds at Thu Sep 26 05:43:01 UTC 2019
7 ms. Memory: 51200K Free: 28980K (57%)
ptolemy.util.test.WatchDog.cancel(): canceling Thu Sep 26 05:43:01 UTC 2019
auto.tcl: Setting watchdog for 200 seconds at Thu Sep 26 05:43:01 UTC 2019
7 ms. Memory: 51200K Free: 26923K (53%)
ptolemy.util.test.WatchDog.cancel(): canceling Thu Sep 26 05:43:01 UTC 2019
------------------ testing $PTII/ptolemy/domains/de/test/auto/NonInterruptibleTimerZeroDelay.xml
auto.tcl: Setting watchdog for 200 seconds at Thu Sep 26 05:43:01 UTC 2019
4 ms. Memory: 51200K Free: 33914K (66%)
ptolemy.util.test.WatchDog.cancel(): canceling Thu Sep 26 05:43:01 UTC 2019
auto.tcl: Setting watchdog for 200 seconds at Thu Sep 26 05:43:01 UTC 2019
2 ms. Memory: 51200K Free: 33259K (65%)
ptolemy.util.test.WatchDog.cancel(): canceling Thu Sep 26 05:43:01 UTC 2019
------------------ testing $PTII/ptolemy/domains/de/test/auto/OpenQueueingNetwork.xml
auto.tcl: Setting watchdog for 200 seconds at Thu Sep 26 05:43:01 UTC 2019
2905 ms. Memory: 104448K Free: 80030K (77%)
ptolemy.util.test.WatchDog.cancel(): canceling Thu Sep 26 05:43:04 UTC 2019
auto.tcl: Setting watchdog for 200 seconds at Thu Sep 26 05:43:04 UTC 2019
2234 ms. Memory: 125952K Free: 58522K (46%)
ptolemy.util.test.WatchDog.cancel(): canceling Thu Sep 26 05:43:06 UTC 2019
------------------ testing $PTII/ptolemy/domains/de/test/auto/OpenQueuingNetwork.xml
auto.tcl: Setting watchdog for 200 seconds at Thu Sep 26 05:43:07 UTC 2019
248 ms. Memory: 51200K Free: 18463K (36%)
ptolemy.util.test.WatchDog.cancel(): canceling Thu Sep 26 05:43:07 UTC 2019
auto.tcl: Setting watchdog for 200 seconds at Thu Sep 26 05:43:07 UTC 2019
246 ms. Memory: 61440K Free: 34021K (55%)
ptolemy.util.test.WatchDog.cancel(): canceling Thu Sep 26 05:43:07 UTC 2019
------------------ testing $PTII/ptolemy/domains/de/test/auto/PeriodicSampler.xml
auto.tcl: Setting watchdog for 200 seconds at Thu Sep 26 05:43:07 UTC 2019
3 ms. Memory: 48128K Free: 30031K (62%)
ptolemy.util.test.WatchDog.cancel(): canceling Thu Sep 26 05:43:07 UTC 2019
auto.tcl: Setting watchdog for 200 seconds at Thu Sep 26 05:43:07 UTC 2019
2 ms. Memory: 48128K Free: 29105K (60%)
ptolemy.util.test.WatchDog.cancel(): canceling Thu Sep 26 05:43:07 UTC 2019
------------------ testing $PTII/ptolemy/domains/de/test/auto/PersistentIO.xml
auto.tcl: Setting watchdog for 200 seconds at Thu Sep 26 05:43:07 UTC 2019
19 ms. Memory: 48128K Free: 24940K (52%)
ptolemy.util.test.WatchDog.cancel(): canceling Thu Sep 26 05:43:07 UTC 2019
auto.tcl: Setting watchdog for 200 seconds at Thu Sep 26 05:43:07 UTC 2019
4 ms. Memory: 48128K Free: 23526K (49%)
ptolemy.util.test.WatchDog.cancel(): canceling Thu Sep 26 05:43:07 UTC 2019
------------------ testing $PTII/ptolemy/domains/de/test/auto/PortParameterResetOnInitialize.xml
auto.tcl: Setting watchdog for 200 seconds at Thu Sep 26 05:43:07 UTC 2019
2 ms. Memory: 48128K Free: 29920K (62%)
ptolemy.util.test.WatchDog.cancel(): canceling Thu Sep 26 05:43:07 UTC 2019
auto.tcl: Setting watchdog for 200 seconds at Thu Sep 26 05:43:07 UTC 2019
2 ms. Memory: 48128K Free: 29470K (61%)
ptolemy.util.test.WatchDog.cancel(): canceling Thu Sep 26 05:43:07 UTC 2019
------------------ testing $PTII/ptolemy/domains/de/test/auto/PortParameterUpdates.xml
auto.tcl: Setting watchdog for 200 seconds at Thu Sep 26 05:43:07 UTC 2019
4 ms. Memory: 48128K Free: 28038K (58%)
ptolemy.util.test.WatchDog.cancel(): canceling Thu Sep 26 05:43:07 UTC 2019
auto.tcl: Setting watchdog for 200 seconds at Thu Sep 26 05:43:07 UTC 2019
4 ms. Memory: 48128K Free: 26618K (55%)
ptolemy.util.test.WatchDog.cancel(): canceling Thu Sep 26 05:43:07 UTC 2019
------------------ testing $PTII/ptolemy/domains/de/test/auto/QueueAndServer.xml
auto.tcl: Setting watchdog for 200 seconds at Thu Sep 26 05:43:08 UTC 2019
7 ms. Memory: 48128K Free: 26956K (56%)
ptolemy.util.test.WatchDog.cancel(): canceling Thu Sep 26 05:43:08 UTC 2019
auto.tcl: Setting watchdog for 200 seconds at Thu Sep 26 05:43:08 UTC 2019
7 ms. Memory: 48128K Free: 25541K (53%)
ptolemy.util.test.WatchDog.cancel(): canceling Thu Sep 26 05:43:08 UTC 2019
------------------ testing $PTII/ptolemy/domains/de/test/auto/Records.xml
auto.tcl: Setting watchdog for 200 seconds at Thu Sep 26 05:43:08 UTC 2019
5 ms. Memory: 48128K Free: 29510K (61%)
ptolemy.util.test.WatchDog.cancel(): canceling Thu Sep 26 05:43:08 UTC 2019
auto.tcl: Setting watchdog for 200 seconds at Thu Sep 26 05:43:08 UTC 2019
3 ms. Memory: 48128K Free: 29023K (60%)
ptolemy.util.test.WatchDog.cancel(): canceling Thu Sep 26 05:43:08 UTC 2019
------------------ testing $PTII/ptolemy/domains/de/test/auto/ResetTransitionWithStartTime1.xml
auto.tcl: Setting watchdog for 200 seconds at Thu Sep 26 05:43:08 UTC 2019
13 ms. Memory: 48128K Free: 26277K (55%)
ptolemy.util.test.WatchDog.cancel(): canceling Thu Sep 26 05:43:08 UTC 2019
auto.tcl: Setting watchdog for 200 seconds at Thu Sep 26 05:43:08 UTC 2019
10 ms. Memory: 48128K Free: 23754K (49%)
ptolemy.util.test.WatchDog.cancel(): canceling Thu Sep 26 05:43:08 UTC 2019
------------------ testing $PTII/ptolemy/domains/de/test/auto/ResetTransitionWithStartTime2.xml
auto.tcl: Setting watchdog for 200 seconds at Thu Sep 26 05:43:08 UTC 2019
8 ms. Memory: 48128K Free: 26392K (55%)
ptolemy.util.test.WatchDog.cancel(): canceling Thu Sep 26 05:43:08 UTC 2019
auto.tcl: Setting watchdog for 200 seconds at Thu Sep 26 05:43:08 UTC 2019
6 ms. Memory: 48128K Free: 24183K (50%)
ptolemy.util.test.WatchDog.cancel(): canceling Thu Sep 26 05:43:08 UTC 2019
------------------ testing $PTII/ptolemy/domains/de/test/auto/ResetTransitionWithStartTime3.xml
auto.tcl: Setting watchdog for 200 seconds at Thu Sep 26 05:43:08 UTC 2019
9 ms. Memory: 48128K Free: 26405K (55%)
ptolemy.util.test.WatchDog.cancel(): canceling Thu Sep 26 05:43:08 UTC 2019
auto.tcl: Setting watchdog for 200 seconds at Thu Sep 26 05:43:08 UTC 2019
5 ms. Memory: 48128K Free: 24182K (50%)
ptolemy.util.test.WatchDog.cancel(): canceling Thu Sep 26 05:43:08 UTC 2019
------------------ testing $PTII/ptolemy/domains/de/test/auto/ResetTransitionWithStartTime4.xml
auto.tcl: Setting watchdog for 200 seconds at Thu Sep 26 05:43:08 UTC 2019
10 ms. Memory: 48128K Free: 26718K (56%)
ptolemy.util.test.WatchDog.cancel(): canceling Thu Sep 26 05:43:08 UTC 2019
auto.tcl: Setting watchdog for 200 seconds at Thu Sep 26 05:43:08 UTC 2019
3 ms. Memory: 48128K Free: 25325K (53%)
ptolemy.util.test.WatchDog.cancel(): canceling Thu Sep 26 05:43:08 UTC 2019
------------------ testing $PTII/ptolemy/domains/de/test/auto/ResettableTimer1.xml
auto.tcl: Setting watchdog for 200 seconds at Thu Sep 26 05:43:08 UTC 2019
2 ms. Memory: 48128K Free: 30726K (64%)
ptolemy.util.test.WatchDog.cancel(): canceling Thu Sep 26 05:43:08 UTC 2019
auto.tcl: Setting watchdog for 200 seconds at Thu Sep 26 05:43:08 UTC 2019
2 ms. Memory: 48128K Free: 29824K (62%)
ptolemy.util.test.WatchDog.cancel(): canceling Thu Sep 26 05:43:08 UTC 2019
------------------ testing $PTII/ptolemy/domains/de/test/auto/ResettableTimer2.xml
auto.tcl: Setting watchdog for 200 seconds at Thu Sep 26 05:43:08 UTC 2019
2 ms. Memory: 48128K Free: 30807K (64%)
ptolemy.util.test.WatchDog.cancel(): canceling Thu Sep 26 05:43:08 UTC 2019
auto.tcl: Setting watchdog for 200 seconds at Thu Sep 26 05:43:08 UTC 2019
2 ms. Memory: 48128K Free: 29880K (62%)
ptolemy.util.test.WatchDog.cancel(): canceling Thu Sep 26 05:43:08 UTC 2019
------------------ testing $PTII/ptolemy/domains/de/test/auto/ResettableTimer3.xml
auto.tcl: Setting watchdog for 200 seconds at Thu Sep 26 05:43:08 UTC 2019
1 ms. Memory: 48128K Free: 30399K (63%)
ptolemy.util.test.WatchDog.cancel(): canceling Thu Sep 26 05:43:08 UTC 2019
auto.tcl: Setting watchdog for 200 seconds at Thu Sep 26 05:43:08 UTC 2019
1 ms. Memory: 48128K Free: 30360K (63%)
ptolemy.util.test.WatchDog.cancel(): canceling Thu Sep 26 05:43:08 UTC 2019
------------------ testing $PTII/ptolemy/domains/de/test/auto/ResettableTimer4.xml
auto.tcl: Setting watchdog for 200 seconds at Thu Sep 26 05:43:08 UTC 2019
3 ms. Memory: 48128K Free: 30443K (63%)
ptolemy.util.test.WatchDog.cancel(): canceling Thu Sep 26 05:43:08 UTC 2019
auto.tcl: Setting watchdog for 200 seconds at Thu Sep 26 05:43:08 UTC 2019
2 ms. Memory: 48128K Free: 29931K (62%)
ptolemy.util.test.WatchDog.cancel(): canceling Thu Sep 26 05:43:08 UTC 2019
------------------ testing $PTII/ptolemy/domains/de/test/auto/ResettableTimer5.xml
auto.tcl: Setting watchdog for 200 seconds at Thu Sep 26 05:43:08 UTC 2019
1 ms. Memory: 48128K Free: 29846K (62%)
ptolemy.util.test.WatchDog.cancel(): canceling Thu Sep 26 05:43:08 UTC 2019
auto.tcl: Setting watchdog for 200 seconds at Thu Sep 26 05:43:08 UTC 2019
2 ms. Memory: 48128K Free: 29387K (61%)
ptolemy.util.test.WatchDog.cancel(): canceling Thu Sep 26 05:43:08 UTC 2019
------------------ testing $PTII/ptolemy/domains/de/test/auto/ResettableTimer6.xml
auto.tcl: Setting watchdog for 200 seconds at Thu Sep 26 05:43:08 UTC 2019
2 ms. Memory: 48128K Free: 29845K (62%)
ptolemy.util.test.WatchDog.cancel(): canceling Thu Sep 26 05:43:08 UTC 2019
auto.tcl: Setting watchdog for 200 seconds at Thu Sep 26 05:43:08 UTC 2019
2 ms. Memory: 48128K Free: 29341K (61%)
ptolemy.util.test.WatchDog.cancel(): canceling Thu Sep 26 05:43:08 UTC 2019
------------------ testing $PTII/ptolemy/domains/de/test/auto/ServerZeroDelay.xml
auto.tcl: Setting watchdog for 200 seconds at Thu Sep 26 05:43:09 UTC 2019
4 ms. Memory: 48128K Free: 30356K (63%)
ptolemy.util.test.WatchDog.cancel(): canceling Thu Sep 26 05:43:09 UTC 2019
auto.tcl: Setting watchdog for 200 seconds at Thu Sep 26 05:43:09 UTC 2019
2 ms. Memory: 48128K Free: 29438K (61%)
ptolemy.util.test.WatchDog.cancel(): canceling Thu Sep 26 05:43:09 UTC 2019
------------------ testing $PTII/ptolemy/domains/de/test/auto/SmartSender.xml
auto.tcl: Setting watchdog for 200 seconds at Thu Sep 26 05:43:09 UTC 2019
3001 ms. Memory: 48128K Free: 30388K (63%)
ptolemy.util.test.WatchDog.cancel(): canceling Thu Sep 26 05:43:12 UTC 2019
auto.tcl: Setting watchdog for 200 seconds at Thu Sep 26 05:43:12 UTC 2019
3003 ms. Memory: 48128K Free: 29906K (62%)
ptolemy.util.test.WatchDog.cancel(): canceling Thu Sep 26 05:43:15 UTC 2019
------------------ testing $PTII/ptolemy/domains/de/test/auto/ThreadedComposite.xml
auto.tcl: Setting watchdog for 200 seconds at Thu Sep 26 05:43:15 UTC 2019
164 ms. Memory: 48128K Free: 10909K (23%)
ptolemy.util.test.WatchDog.cancel(): canceling Thu Sep 26 05:43:15 UTC 2019
auto.tcl: Setting watchdog for 200 seconds at Thu Sep 26 05:43:15 UTC 2019
181 ms. Memory: 48128K Free: 22226K (46%)
ptolemy.util.test.WatchDog.cancel(): canceling Thu Sep 26 05:43:15 UTC 2019
------------------ testing $PTII/ptolemy/domains/de/test/auto/Time.xml
auto.tcl: Setting watchdog for 200 seconds at Thu Sep 26 05:43:15 UTC 2019
518 ms. Memory: 48128K Free: 32181K (67%)
ptolemy.util.test.WatchDog.cancel(): canceling Thu Sep 26 05:43:16 UTC 2019
auto.tcl: Setting watchdog for 200 seconds at Thu Sep 26 05:43:16 UTC 2019
470 ms. Memory: 48128K Free: 33238K (69%)
ptolemy.util.test.WatchDog.cancel(): canceling Thu Sep 26 05:43:16 UTC 2019
------------------ testing $PTII/ptolemy/domains/de/test/auto/TimeDelayZeroDelay.xml
auto.tcl: Setting watchdog for 200 seconds at Thu Sep 26 05:43:16 UTC 2019
3 ms. Memory: 48128K Free: 30281K (63%)
ptolemy.util.test.WatchDog.cancel(): canceling Thu Sep 26 05:43:16 UTC 2019
auto.tcl: Setting watchdog for 200 seconds at Thu Sep 26 05:43:16 UTC 2019
2 ms. Memory: 48128K Free: 29438K (61%)
ptolemy.util.test.WatchDog.cancel(): canceling Thu Sep 26 05:43:16 UTC 2019
------------------ testing $PTII/ptolemy/domains/de/test/auto/TimerZeroDelay.xml
auto.tcl: Setting watchdog for 200 seconds at Thu Sep 26 05:43:16 UTC 2019
3 ms. Memory: 48128K Free: 30323K (63%)
ptolemy.util.test.WatchDog.cancel(): canceling Thu Sep 26 05:43:16 UTC 2019
auto.tcl: Setting watchdog for 200 seconds at Thu Sep 26 05:43:16 UTC 2019
2 ms. Memory: 48128K Free: 29870K (62%)
ptolemy.util.test.WatchDog.cancel(): canceling Thu Sep 26 05:43:16 UTC 2019
------------------ testing $PTII/ptolemy/domains/de/test/auto/TimingParadox.xml
auto.tcl: Setting watchdog for 200 seconds at Thu Sep 26 05:43:16 UTC 2019
343 ms. Memory: 48128K Free: 13795K (29%)
ptolemy.util.test.WatchDog.cancel(): canceling Thu Sep 26 05:43:17 UTC 2019
auto.tcl: Setting watchdog for 200 seconds at Thu Sep 26 05:43:17 UTC 2019
351 ms. Memory: 59392K Free: 36943K (62%)
ptolemy.util.test.WatchDog.cancel(): canceling Thu Sep 26 05:43:17 UTC 2019
------------------ testing $PTII/ptolemy/domains/de/test/auto/TransferInputs.xml
auto.tcl: Setting watchdog for 200 seconds at Thu Sep 26 05:43:17 UTC 2019
2 ms. Memory: 55296K Free: 35959K (65%)
ptolemy.util.test.WatchDog.cancel(): canceling Thu Sep 26 05:43:17 UTC 2019
auto.tcl: Setting watchdog for 200 seconds at Thu Sep 26 05:43:17 UTC 2019
2 ms. Memory: 55296K Free: 35050K (63%)
ptolemy.util.test.WatchDog.cancel(): canceling Thu Sep 26 05:43:17 UTC 2019
------------------ testing $PTII/ptolemy/domains/de/test/auto/TransferOutputs2.xml
auto.tcl: Setting watchdog for 200 seconds at Thu Sep 26 05:43:17 UTC 2019
3 ms. Memory: 51200K Free: 29305K (57%)
ptolemy.util.test.WatchDog.cancel(): canceling Thu Sep 26 05:43:17 UTC 2019
auto.tcl: Setting watchdog for 200 seconds at Thu Sep 26 05:43:17 UTC 2019
3 ms. Memory: 51200K Free: 27896K (54%)
ptolemy.util.test.WatchDog.cancel(): canceling Thu Sep 26 05:43:17 UTC 2019
------------------ testing $PTII/ptolemy/domains/de/test/auto/Trilateration.xml
auto.tcl: Setting watchdog for 200 seconds at Thu Sep 26 05:43:17 UTC 2019
13452 ms. Memory: 525312K Free: 362040K (69%)
ptolemy.util.test.WatchDog.cancel(): canceling Thu Sep 26 05:43:32 UTC 2019
auto.tcl: Setting watchdog for 200 seconds at Thu Sep 26 05:43:32 UTC 2019
10530 ms. Memory: 525312K Free: 205983K (39%)
ptolemy.util.test.WatchDog.cancel(): canceling Thu Sep 26 05:43:42 UTC 2019
------------------ testing $PTII/ptolemy/domains/de/test/auto/TwoSigmaDelta.xml
auto.tcl: Setting watchdog for 200 seconds at Thu Sep 26 05:43:43 UTC 2019
2760 ms. Memory: 89088K Free: 16213K (18%)
ptolemy.util.test.WatchDog.cancel(): canceling Thu Sep 26 05:43:45 UTC 2019
auto.tcl: Setting watchdog for 200 seconds at Thu Sep 26 05:43:45 UTC 2019
2106 ms. Memory: 89088K Free: 59698K (67%)
ptolemy.util.test.WatchDog.cancel(): canceling Thu Sep 26 05:43:48 UTC 2019
------------------ testing $PTII/ptolemy/domains/de/test/auto/VariableDelay.xml
auto.tcl: Setting watchdog for 200 seconds at Thu Sep 26 05:43:48 UTC 2019
3 ms. Memory: 51200K Free: 32357K (63%)
ptolemy.util.test.WatchDog.cancel(): canceling Thu Sep 26 05:43:48 UTC 2019
auto.tcl: Setting watchdog for 200 seconds at Thu Sep 26 05:43:48 UTC 2019
2 ms. Memory: 51200K Free: 31341K (61%)
ptolemy.util.test.WatchDog.cancel(): canceling Thu Sep 26 05:43:48 UTC 2019
------------------ testing $PTII/ptolemy/domains/de/test/auto/VariableDelay2.xml
auto.tcl: Setting watchdog for 200 seconds at Thu Sep 26 05:43:48 UTC 2019
7 ms. Memory: 51200K Free: 32764K (64%)
ptolemy.util.test.WatchDog.cancel(): canceling Thu Sep 26 05:43:48 UTC 2019
auto.tcl: Setting watchdog for 200 seconds at Thu Sep 26 05:43:48 UTC 2019
2 ms. Memory: 51200K Free: 32260K (63%)
ptolemy.util.test.WatchDog.cancel(): canceling Thu Sep 26 05:43:48 UTC 2019
------------------ testing $PTII/ptolemy/domains/de/test/auto/VariableDelayZeroDelay.xml
auto.tcl: Setting watchdog for 200 seconds at Thu Sep 26 05:43:48 UTC 2019
3 ms. Memory: 51200K Free: 33382K (65%)
ptolemy.util.test.WatchDog.cancel(): canceling Thu Sep 26 05:43:48 UTC 2019
auto.tcl: Setting watchdog for 200 seconds at Thu Sep 26 05:43:48 UTC 2019
1 ms. Memory: 51200K Free: 32755K (64%)
ptolemy.util.test.WatchDog.cancel(): canceling Thu Sep 26 05:43:48 UTC 2019
------------------ testing $PTII/ptolemy/domains/de/test/auto/VariableDelayZeroDelay2.xml
auto.tcl: Setting watchdog for 200 seconds at Thu Sep 26 05:43:48 UTC 2019
2 ms. Memory: 51200K Free: 33282K (65%)
ptolemy.util.test.WatchDog.cancel(): canceling Thu Sep 26 05:43:48 UTC 2019
auto.tcl: Setting watchdog for 200 seconds at Thu Sep 26 05:43:48 UTC 2019
2 ms. Memory: 51200K Free: 32258K (63%)
ptolemy.util.test.WatchDog.cancel(): canceling Thu Sep 26 05:43:48 UTC 2019
------------------ testing $PTII/ptolemy/domains/de/test/auto/deInCt.xml
auto.tcl: Setting watchdog for 200 seconds at Thu Sep 26 05:43:48 UTC 2019
0
1
1
1
0
0
0
0
1
1
1
0
0
0
1
1
1
0
0
0
0
1
1
1
0
0
0
1
1
1
1
1
1
14 ms. Memory: 51200K Free: 32255K (63%)
ptolemy.util.test.WatchDog.cancel(): canceling Thu Sep 26 05:43:48 UTC 2019
auto.tcl: Setting watchdog for 200 seconds at Thu Sep 26 05:43:48 UTC 2019
0
1
1
1
0
0
0
0
0
1
1
1
0
0
0
1
1
1
0
0
1
1
1
1
0
0
0
0
1
1
1
0
0
0
0
1
1
1
0
0
0
0
7 ms. Memory: 51200K Free: 30717K (60%)
ptolemy.util.test.WatchDog.cancel(): canceling Thu Sep 26 05:43:48 UTC 2019
------------------ testing $PTII/ptolemy/domains/de/test/auto/deInCt2.xml
auto.tcl: Setting watchdog for 200 seconds at Thu Sep 26 05:43:48 UTC 2019
0
1
1
1
0
0
1
1
1
0
0
1
1
1
0
0
1
1
1
0
0
1
1
1
0
0
1
1
1
0
0
1
1
1
0
0
1
1
1
0
0
0
12 ms. Memory: 51200K Free: 32302K (63%)
ptolemy.util.test.WatchDog.cancel(): canceling Thu Sep 26 05:43:48 UTC 2019
auto.tcl: Setting watchdog for 200 seconds at Thu Sep 26 05:43:48 UTC 2019
0
1
1
1
0
0
1
1
1
0
0
1
1
1
0
0
1
1
1
0
0
1
1
1
0
0
1
1
1
0
0
1
1
1
0
0
1
1
1
0
0
0
5 ms. Memory: 51200K Free: 30690K (60%)
ptolemy.util.test.WatchDog.cancel(): canceling Thu Sep 26 05:43:48 UTC 2019
------------------ testing $PTII/ptolemy/domains/de/test/auto/dynamicCausalityInterface1.xml
auto.tcl: Setting watchdog for 200 seconds at Thu Sep 26 05:43:48 UTC 2019
2 ms. Memory: 48128K Free: 25084K (52%)
ptolemy.util.test.WatchDog.cancel(): canceling Thu Sep 26 05:43:48 UTC 2019
auto.tcl: Setting watchdog for 200 seconds at Thu Sep 26 05:43:48 UTC 2019
1 ms. Memory: 48128K Free: 24122K (50%)
ptolemy.util.test.WatchDog.cancel(): canceling Thu Sep 26 05:43:48 UTC 2019
------------------ testing $PTII/ptolemy/domains/de/test/auto/fsm_de_test.xml
auto.tcl: Setting watchdog for 200 seconds at Thu Sep 26 05:43:48 UTC 2019
7 ms. Memory: 48128K Free: 24981K (52%)
ptolemy.util.test.WatchDog.cancel(): canceling Thu Sep 26 05:43:48 UTC 2019
auto.tcl: Setting watchdog for 200 seconds at Thu Sep 26 05:43:48 UTC 2019
6 ms. Memory: 48128K Free: 23001K (48%)
ptolemy.util.test.WatchDog.cancel(): canceling Thu Sep 26 05:43:48 UTC 2019
------------------ testing $PTII/ptolemy/domains/de/test/auto/functionDependencyReconstruction.xml
auto.tcl: Setting watchdog for 200 seconds at Thu Sep 26 05:43:48 UTC 2019
3 ms. Memory: 48128K Free: 18827K (39%)
ptolemy.util.test.WatchDog.cancel(): canceling Thu Sep 26 05:43:48 UTC 2019
auto.tcl: Setting watchdog for 200 seconds at Thu Sep 26 05:43:48 UTC 2019
3 ms. Memory: 48128K Free: 16839K (35%)
ptolemy.util.test.WatchDog.cancel(): canceling Thu Sep 26 05:43:48 UTC 2019
------------------ testing $PTII/ptolemy/domains/de/test/auto/multirate.xml
auto.tcl: Setting watchdog for 200 seconds at Thu Sep 26 05:43:48 UTC 2019
3 ms. Memory: 48128K Free: 27633K (57%)
ptolemy.util.test.WatchDog.cancel(): canceling Thu Sep 26 05:43:48 UTC 2019
auto.tcl: Setting watchdog for 200 seconds at Thu Sep 26 05:43:48 UTC 2019
2 ms. Memory: 48128K Free: 25925K (54%)
ptolemy.util.test.WatchDog.cancel(): canceling Thu Sep 26 05:43:48 UTC 2019
------------------ testing $PTII/ptolemy/domains/de/test/auto/multirate2.xml
auto.tcl: Setting watchdog for 200 seconds at Thu Sep 26 05:43:48 UTC 2019
2 ms. Memory: 48128K Free: 27578K (57%)
ptolemy.util.test.WatchDog.cancel(): canceling Thu Sep 26 05:43:48 UTC 2019
auto.tcl: Setting watchdog for 200 seconds at Thu Sep 26 05:43:48 UTC 2019
2 ms. Memory: 48128K Free: 26107K (54%)
ptolemy.util.test.WatchDog.cancel(): canceling Thu Sep 26 05:43:48 UTC 2019
------------------ testing $PTII/ptolemy/domains/de/test/auto/realtime.xml
auto.tcl: Setting watchdog for 200 seconds at Thu Sep 26 05:43:48 UTC 2019
10001 ms. Memory: 48128K Free: 29870K (62%)
ptolemy.util.test.WatchDog.cancel(): canceling Thu Sep 26 05:43:59 UTC 2019
auto.tcl: Setting watchdog for 200 seconds at Thu Sep 26 05:43:59 UTC 2019
10001 ms. Memory: 48128K Free: 29128K (61%)
ptolemy.util.test.WatchDog.cancel(): canceling Thu Sep 26 05:44:09 UTC 2019
------------------ testing $PTII/ptolemy/domains/de/test/auto/relationGroup.xml
auto.tcl: Setting watchdog for 200 seconds at Thu Sep 26 05:44:09 UTC 2019
2 ms. Memory: 48128K Free: 30706K (64%)
ptolemy.util.test.WatchDog.cancel(): canceling Thu Sep 26 05:44:09 UTC 2019
auto.tcl: Setting watchdog for 200 seconds at Thu Sep 26 05:44:09 UTC 2019
2 ms. Memory: 48128K Free: 29735K (62%)
ptolemy.util.test.WatchDog.cancel(): canceling Thu Sep 26 05:44:09 UTC 2019
------------------ testing $PTII/ptolemy/domains/de/test/auto/relationGroup2.xml
auto.tcl: Setting watchdog for 200 seconds at Thu Sep 26 05:44:09 UTC 2019
1 ms. Memory: 48128K Free: 30732K (64%)
ptolemy.util.test.WatchDog.cancel(): canceling Thu Sep 26 05:44:09 UTC 2019
auto.tcl: Setting watchdog for 200 seconds at Thu Sep 26 05:44:09 UTC 2019
2 ms. Memory: 48128K Free: 29775K (62%)
ptolemy.util.test.WatchDog.cancel(): canceling Thu Sep 26 05:44:09 UTC 2019
------------------ testing $PTII/ptolemy/domains/de/test/auto/sortWithOpaquePorts.xml
auto.tcl: Setting watchdog for 200 seconds at Thu Sep 26 05:44:09 UTC 2019
2 ms. Memory: 48128K Free: 29709K (62%)
ptolemy.util.test.WatchDog.cancel(): canceling Thu Sep 26 05:44:09 UTC 2019
auto.tcl: Setting watchdog for 200 seconds at Thu Sep 26 05:44:09 UTC 2019
2 ms. Memory: 48128K Free: 28730K (60%)
ptolemy.util.test.WatchDog.cancel(): canceling Thu Sep 26 05:44:09 UTC 2019
------------------ testing $PTII/ptolemy/domains/de/test/auto/transferInputsandOutputs.xml
auto.tcl: Setting watchdog for 200 seconds at Thu Sep 26 05:44:09 UTC 2019
6 ms. Memory: 48128K Free: 27152K (56%)
ptolemy.util.test.WatchDog.cancel(): canceling Thu Sep 26 05:44:09 UTC 2019
auto.tcl: Setting watchdog for 200 seconds at Thu Sep 26 05:44:09 UTC 2019
2 ms. Memory: 48128K Free: 26171K (54%)
ptolemy.util.test.WatchDog.cancel(): canceling Thu Sep 26 05:44:09 UTC 2019
------------------ testing $PTII/ptolemy/domains/de/test/auto/triggerType.xml
auto.tcl: Setting watchdog for 200 seconds at Thu Sep 26 05:44:09 UTC 2019
2 ms. Memory: 48128K Free: 30177K (63%)
ptolemy.util.test.WatchDog.cancel(): canceling Thu Sep 26 05:44:09 UTC 2019
auto.tcl: Setting watchdog for 200 seconds at Thu Sep 26 05:44:09 UTC 2019
2 ms. Memory: 48128K Free: 29209K (61%)
ptolemy.util.test.WatchDog.cancel(): canceling Thu Sep 26 05:44:09 UTC 2019
09/26/19 05:44:09
Failed: 0  Total Tests: 192  ((Passed: 187, Newly Passed: 1)  Known Failed: 5) /home/travis/build/icyphy/ptII/ptolemy/domains/de/test
09/26/19 05:44:09
Failed: 0  Total Tests: 192  ((Passed: 187, Newly Passed: 1)  Known Failed: 5) /home/travis/build/icyphy/ptII/ptolemy/domains/de/test
----------------- testing (KnownFailure) /home/travis/build/icyphy/ptII/ptolemy/domains/de/test/auto/knownFailedTests/DESDFClockTest.xml
2012 ms. Memory: 48128K Free: 23572K (49%)
Known Failure: java.lang.reflect.InvocationTargetException
----------------- testing (KnownFailure) /home/travis/build/icyphy/ptII/ptolemy/domains/de/test/auto/knownFailedTests/DirectFeedback.xml
2 ms. Memory: 48128K Free: 19990K (42%)
Known Failure: java.lang.reflect.InvocationTargetException
----------------- testing (KnownFailure) /home/travis/build/icyphy/ptII/ptolemy/domains/de/test/auto/knownFailedTests/FSMSource.xml
11 ms. Memory: 48128K Free: 12822K (27%)
----------------- testing (KnownFailure) /home/travis/build/icyphy/ptII/ptolemy/domains/de/test/auto/knownFailedTests/HierarchicalModel.xml
3 ms. Memory: 48128K Free: 24035K (50%)
Known Failure: java.lang.reflect.InvocationTargetException
----------------- testing (KnownFailure) /home/travis/build/icyphy/ptII/ptolemy/domains/de/test/auto/knownFailedTests/dependencyLoop.xml
2 ms. Memory: 48128K Free: 8732K (18%)
Known Failure: java.lang.reflect.InvocationTargetException
----------------- testing (KnownFailure) /home/travis/build/icyphy/ptII/ptolemy/domains/de/test/auto/knownFailedTests/dependencyLoop2.xml
3 ms. Memory: 48128K Free: 20781K (43%)
Known Failure: java.lang.reflect.InvocationTargetException
No auto/linux-amd64/*.xml tests in /home/travis/build/icyphy/ptII/ptolemy/domains/de/test
AutoTests.java: About to close Vertx.
AutoTests.java: Vertx closed.

===========================================================================================
----------------- testing Thu Sep 26 05:44:11 UTC 2019 /home/travis/build/icyphy/ptII/ptolemy/domains/de/test/auto/ActorDepthCalculation_actorWithoutPorts.xml
----------------- Instantiating /home/travis/build/icyphy/ptII/ptolemy/domains/de/test/auto/ActorDepthCalculation_actorWithoutPorts.xml
3 ms. Memory: 48128K Free: 13809K (29%)
----------------- Invoking toplevel() on ptolemy.moml.MoMLSimpleApplication@48159a06
----------------- Done invoking toplevel() on ptolemy.moml.MoMLSimpleApplication@48159a06
reloadAllAccessors: .ActorDepthCalculation_actorWithoutPorts

===========================================================================================
----------------- testing Thu Sep 26 05:44:11 UTC 2019 /home/travis/build/icyphy/ptII/ptolemy/domains/de/test/auto/AssemblyLine.xml
----------------- Instantiating /home/travis/build/icyphy/ptII/ptolemy/domains/de/test/auto/AssemblyLine.xml
8 ms. Memory: 48128K Free: 33611K (70%)
----------------- Invoking toplevel() on ptolemy.moml.MoMLSimpleApplication@70440ac5
----------------- Done invoking toplevel() on ptolemy.moml.MoMLSimpleApplication@70440ac5
reloadAllAccessors: .AssemblyLine

===========================================================================================
----------------- testing Thu Sep 26 05:44:11 UTC 2019 /home/travis/build/icyphy/ptII/ptolemy/domains/de/test/auto/CQBug1.xml
----------------- Instantiating /home/travis/build/icyphy/ptII/ptolemy/domains/de/test/auto/CQBug1.xml
2 ms. Memory: 48128K Free: 30442K (63%)
----------------- Invoking toplevel() on ptolemy.moml.MoMLSimpleApplication@61d3b455
----------------- Done invoking toplevel() on ptolemy.moml.MoMLSimpleApplication@61d3b455
reloadAllAccessors: .CQBug1

===========================================================================================
----------------- testing Thu Sep 26 05:44:11 UTC 2019 /home/travis/build/icyphy/ptII/ptolemy/domains/de/test/auto/CancelFireAt.xml
----------------- Instantiating /home/travis/build/icyphy/ptII/ptolemy/domains/de/test/auto/CancelFireAt.xml
1 ms. Memory: 48128K Free: 28170K (59%)
----------------- Invoking toplevel() on ptolemy.moml.MoMLSimpleApplication@102e5a40
----------------- Done invoking toplevel() on ptolemy.moml.MoMLSimpleApplication@102e5a40
reloadAllAccessors: .CancelFireAt

===========================================================================================
----------------- testing Thu Sep 26 05:44:11 UTC 2019 /home/travis/build/icyphy/ptII/ptolemy/domains/de/test/auto/CausalityAndComposabilityAnalysis.xml
----------------- Instantiating /home/travis/build/icyphy/ptII/ptolemy/domains/de/test/auto/CausalityAndComposabilityAnalysis.xml
2 ms. Memory: 48128K Free: 24090K (50%)
----------------- Invoking toplevel() on ptolemy.moml.MoMLSimpleApplication@17894450
----------------- Done invoking toplevel() on ptolemy.moml.MoMLSimpleApplication@17894450
reloadAllAccessors: .CausalityAndComposabilityAnalysis

===========================================================================================
----------------- testing Thu Sep 26 05:44:11 UTC 2019 /home/travis/build/icyphy/ptII/ptolemy/domains/de/test/auto/CausalityInterface1.xml
----------------- Instantiating /home/travis/build/icyphy/ptII/ptolemy/domains/de/test/auto/CausalityInterface1.xml
6 ms. Memory: 48128K Free: 19140K (40%)
----------------- Invoking toplevel() on ptolemy.moml.MoMLSimpleApplication@33ee5479
----------------- Done invoking toplevel() on ptolemy.moml.MoMLSimpleApplication@33ee5479
reloadAllAccessors: .CausalityInterface1

===========================================================================================
----------------- testing Thu Sep 26 05:44:11 UTC 2019 /home/travis/build/icyphy/ptII/ptolemy/domains/de/test/auto/CausalityInterface15.xml
----------------- Instantiating /home/travis/build/icyphy/ptII/ptolemy/domains/de/test/auto/CausalityInterface15.xml
3 ms. Memory: 48128K Free: 13786K (29%)
----------------- Invoking toplevel() on ptolemy.moml.MoMLSimpleApplication@743bc6e6
----------------- Done invoking toplevel() on ptolemy.moml.MoMLSimpleApplication@743bc6e6
reloadAllAccessors: .CausalityInterface15

===========================================================================================
----------------- testing Thu Sep 26 05:44:11 UTC 2019 /home/travis/build/icyphy/ptII/ptolemy/domains/de/test/auto/CausalityInterface2.xml
----------------- Instantiating /home/travis/build/icyphy/ptII/ptolemy/domains/de/test/auto/CausalityInterface2.xml
2 ms. Memory: 48128K Free: 9117K (19%)
[...]
	at ptolemy.actor.Manager.run(Manager.java:1263)
	at ptolemy.actor.Manager$PtolemyRunThread.run(Manager.java:1933)
java.lang.RuntimeException: Execution failed
	at ptolemy.moml.MoMLSimpleApplication$UnloadThread.run(MoMLSimpleApplication.java:402)
Caused by: ptolemy.kernel.util.IllegalActionException: Actor is not ready to fire.  Perhaps UpSample.prefire() returned false? Try debugging the actor by selecting "Listen to Actor".  Also, for SDF check moml for tokenConsumptionRate on input.
  in .DESDFClockTest.Play Bell.Copy1:SDF Director and .DESDFClockTest.Play Bell.UpSample
	at ptolemy.actor.sched.StaticSchedulingDirector.fire(StaticSchedulingDirector.java:227)
	at ptolemy.domains.sdf.kernel.SDFDirector.fire(SDFDirector.java:500)
	at ptolemy.actor.CompositeActor.fire(CompositeActor.java:455)
	at ptolemy.domains.de.kernel.DEDirector._fire(DEDirector.java:1949)
	at ptolemy.domains.de.kernel.DEDirector.fire(DEDirector.java:502)
	at ptolemy.actor.CompositeActor.fire(CompositeActor.java:455)
	at ptolemy.actor.Manager.iterate(Manager.java:851)
	at ptolemy.actor.Manager.execute(Manager.java:369)
	at ptolemy.actor.Manager.run(Manager.java:1263)
	at ptolemy.actor.Manager$PtolemyRunThread.run(Manager.java:1933)
java.lang.reflect.InvocationTargetException
	at java.base/jdk.internal.reflect.NativeConstructorAccessorImpl.newInstance0(Native Method)
	at java.base/jdk.internal.reflect.NativeConstructorAccessorImpl.newInstance(NativeConstructorAccessorImpl.java:62)
	at java.base/jdk.internal.reflect.DelegatingConstructorAccessorImpl.newInstance(DelegatingConstructorAccessorImpl.java:45)
	at java.base/java.lang.reflect.Constructor.newInstance(Constructor.java:490)
	at ptolemy.util.test.junit.AutoKnownFailedTests.RunModel(AutoKnownFailedTests.java:105)
	at java.base/jdk.internal.reflect.NativeMethodAccessorImpl.invoke0(Native Method)
	at java.base/jdk.internal.reflect.NativeMethodAccessorImpl.invoke(NativeMethodAccessorImpl.java:62)
	at java.base/jdk.internal.reflect.DelegatingMethodAccessorImpl.invoke(DelegatingMethodAccessorImpl.java:43)
	at java.base/java.lang.reflect.Method.invoke(Method.java:566)
	at org.junit.runners.model.FrameworkMethod$1.runReflectiveCall(FrameworkMethod.java:44)
	at org.junit.internal.runners.model.ReflectiveCallable.run(ReflectiveCallable.java:15)
	at org.junit.runners.model.FrameworkMethod.invokeExplosively(FrameworkMethod.java:41)
	at junitparams.internal.InvokeParameterisedMethod.evaluate(InvokeParameterisedMethod.java:102)
	at org.junit.internal.runners.statements.FailOnTimeout$1.run(FailOnTimeout.java:28)
Caused by: ptolemy.kernel.util.IllegalActionException: Actor is not ready to fire.  Perhaps UpSample.prefire() returned false? Try debugging the actor by selecting "Listen to Actor".  Also, for SDF check moml for tokenConsumptionRate on input.
  in .DESDFClockTest.Play Bell.Copy1:SDF Director and .DESDFClockTest.Play Bell.UpSample
	at ptolemy.actor.sched.StaticSchedulingDirector.fire(StaticSchedulingDirector.java:227)
	at ptolemy.domains.sdf.kernel.SDFDirector.fire(SDFDirector.java:500)
	at ptolemy.actor.CompositeActor.fire(CompositeActor.java:455)
	at ptolemy.domains.de.kernel.DEDirector._fire(DEDirector.java:1949)
	at ptolemy.domains.de.kernel.DEDirector.fire(DEDirector.java:502)
	at ptolemy.actor.CompositeActor.fire(CompositeActor.java:455)
	at ptolemy.actor.Manager.iterate(Manager.java:851)
	at ptolemy.actor.Manager.execute(Manager.java:369)
	at ptolemy.actor.Manager.run(Manager.java:1263)
	at ptolemy.actor.Manager$PtolemyRunThread.run(Manager.java:1933)
java.lang.RuntimeException: Execution failed
	at ptolemy.moml.MoMLSimpleApplication$UnloadThread.run(MoMLSimpleApplication.java:402)
Caused by: ptolemy.kernel.util.IllegalActionException: Test fails in iteration 1.
Value was: 1.0. Should have been: 2.0
  in .DirectFeedback.Test
	at ptolemy.actor.lib.Test.fire(Test.java:268)
	at ptolemy.domains.de.kernel.DEDirector._fire(DEDirector.java:1949)
	at ptolemy.domains.de.kernel.DEDirector.fire(DEDirector.java:502)
	at ptolemy.actor.CompositeActor.fire(CompositeActor.java:455)
	at ptolemy.actor.Manager.iterate(Manager.java:851)
	at ptolemy.actor.Manager.execute(Manager.java:369)
	at ptolemy.actor.Manager.run(Manager.java:1263)
	at ptolemy.actor.Manager$PtolemyRunThread.run(Manager.java:1933)
java.lang.reflect.InvocationTargetException
	at java.base/jdk.internal.reflect.NativeConstructorAccessorImpl.newInstance0(Native Method)
	at java.base/jdk.internal.reflect.NativeConstructorAccessorImpl.newInstance(NativeConstructorAccessorImpl.java:62)
	at java.base/jdk.internal.reflect.DelegatingConstructorAccessorImpl.newInstance(DelegatingConstructorAccessorImpl.java:45)
	at java.base/java.lang.reflect.Constructor.newInstance(Constructor.java:490)
	at ptolemy.util.test.junit.AutoKnownFailedTests.RunModel(AutoKnownFailedTests.java:105)
	at java.base/jdk.internal.reflect.NativeMethodAccessorImpl.invoke0(Native Method)
	at java.base/jdk.internal.reflect.NativeMethodAccessorImpl.invoke(NativeMethodAccessorImpl.java:62)
	at java.base/jdk.internal.reflect.DelegatingMethodAccessorImpl.invoke(DelegatingMethodAccessorImpl.java:43)
	at java.base/java.lang.reflect.Method.invoke(Method.java:566)
	at org.junit.runners.model.FrameworkMethod$1.runReflectiveCall(FrameworkMethod.java:44)
	at org.junit.internal.runners.model.ReflectiveCallable.run(ReflectiveCallable.java:15)
	at org.junit.runners.model.FrameworkMethod.invokeExplosively(FrameworkMethod.java:41)
	at junitparams.internal.InvokeParameterisedMethod.evaluate(InvokeParameterisedMethod.java:102)
	at org.junit.internal.runners.statements.FailOnTimeout$1.run(FailOnTimeout.java:28)
Caused by: ptolemy.kernel.util.IllegalActionException: Test fails in iteration 1.
Value was: 1.0. Should have been: 2.0
  in .DirectFeedback.Test
	at ptolemy.actor.lib.Test.fire(Test.java:268)
	at ptolemy.domains.de.kernel.DEDirector._fire(DEDirector.java:1949)
	at ptolemy.domains.de.kernel.DEDirector.fire(DEDirector.java:502)
	at ptolemy.actor.CompositeActor.fire(CompositeActor.java:455)
	at ptolemy.actor.Manager.iterate(Manager.java:851)
	at ptolemy.actor.Manager.execute(Manager.java:369)
	at ptolemy.actor.Manager.run(Manager.java:1263)
	at ptolemy.actor.Manager$PtolemyRunThread.run(Manager.java:1933)
java.lang.RuntimeException: Execution failed
	at ptolemy.moml.MoMLSimpleApplication$UnloadThread.run(MoMLSimpleApplication.java:402)
Caused by: ptolemy.kernel.util.IllegalActionException: Found a zero delay loop containing .HierarchicalModel.A
  in .HierarchicalModel and .HierarchicalModel.A
	at ptolemy.actor.util.CausalityInterfaceForComposites._computeOutputPortDepth(CausalityInterfaceForComposites.java:759)
	at ptolemy.actor.util.CausalityInterfaceForComposites._computeInputDepth(CausalityInterfaceForComposites.java:696)
	at ptolemy.actor.util.CausalityInterfaceForComposites._computeOutputPortDepth(CausalityInterfaceForComposites.java:765)
	at ptolemy.actor.util.CausalityInterfaceForComposites._computeInputDepth(CausalityInterfaceForComposites.java:696)
	at ptolemy.actor.util.CausalityInterfaceForComposites._computeOutputPortDepth(CausalityInterfaceForComposites.java:765)
	at ptolemy.actor.util.CausalityInterfaceForComposites._computeInputDepth(CausalityInterfaceForComposites.java:696)
	at ptolemy.actor.util.CausalityInterfaceForComposites._computeActorDepth(CausalityInterfaceForComposites.java:532)
	at ptolemy.actor.util.CausalityInterfaceForComposites.checkForCycles(CausalityInterfaceForComposites.java:96)
	at ptolemy.domains.de.kernel.DEDirector.preinitialize(DEDirector.java:1338)
	at ptolemy.actor.CompositeActor.preinitialize(CompositeActor.java:1828)
	at ptolemy.actor.Manager.preinitializeAndResolveTypes(Manager.java:1040)
	at ptolemy.actor.Manager.initialize(Manager.java:710)
	at ptolemy.actor.Manager.execute(Manager.java:356)
	at ptolemy.actor.Manager.run(Manager.java:1263)
	at ptolemy.actor.Manager$PtolemyRunThread.run(Manager.java:1933)
java.lang.reflect.InvocationTargetException
	at java.base/jdk.internal.reflect.NativeConstructorAccessorImpl.newInstance0(Native Method)
	at java.base/jdk.internal.reflect.NativeConstructorAccessorImpl.newInstance(NativeConstructorAccessorImpl.java:62)
	at java.base/jdk.internal.reflect.DelegatingConstructorAccessorImpl.newInstance(DelegatingConstructorAccessorImpl.java:45)
	at java.base/java.lang.reflect.Constructor.newInstance(Constructor.java:490)
	at ptolemy.util.test.junit.AutoKnownFailedTests.RunModel(AutoKnownFailedTests.java:105)
	at java.base/jdk.internal.reflect.NativeMethodAccessorImpl.invoke0(Native Method)
	at java.base/jdk.internal.reflect.NativeMethodAccessorImpl.invoke(NativeMethodAccessorImpl.java:62)
	at java.base/jdk.internal.reflect.DelegatingMethodAccessorImpl.invoke(DelegatingMethodAccessorImpl.java:43)
	at java.base/java.lang.reflect.Method.invoke(Method.java:566)
	at org.junit.runners.model.FrameworkMethod$1.runReflectiveCall(FrameworkMethod.java:44)
	at org.junit.internal.runners.model.ReflectiveCallable.run(ReflectiveCallable.java:15)
	at org.junit.runners.model.FrameworkMethod.invokeExplosively(FrameworkMethod.java:41)
	at junitparams.internal.InvokeParameterisedMethod.evaluate(InvokeParameterisedMethod.java:102)
	at org.junit.internal.runners.statements.FailOnTimeout$1.run(FailOnTimeout.java:28)
Caused by: ptolemy.kernel.util.IllegalActionException: Found a zero delay loop containing .HierarchicalModel.A
  in .HierarchicalModel and .HierarchicalModel.A
	at ptolemy.actor.util.CausalityInterfaceForComposites._computeOutputPortDepth(CausalityInterfaceForComposites.java:759)
	at ptolemy.actor.util.CausalityInterfaceForComposites._computeInputDepth(CausalityInterfaceForComposites.java:696)
	at ptolemy.actor.util.CausalityInterfaceForComposites._computeOutputPortDepth(CausalityInterfaceForComposites.java:765)
	at ptolemy.actor.util.CausalityInterfaceForComposites._computeInputDepth(CausalityInterfaceForComposites.java:696)
	at ptolemy.actor.util.CausalityInterfaceForComposites._computeOutputPortDepth(CausalityInterfaceForComposites.java:765)
	at ptolemy.actor.util.CausalityInterfaceForComposites._computeInputDepth(CausalityInterfaceForComposites.java:696)
	at ptolemy.actor.util.CausalityInterfaceForComposites._computeActorDepth(CausalityInterfaceForComposites.java:532)
	at ptolemy.actor.util.CausalityInterfaceForComposites.checkForCycles(CausalityInterfaceForComposites.java:96)
	at ptolemy.domains.de.kernel.DEDirector.preinitialize(DEDirector.java:1338)
	at ptolemy.actor.CompositeActor.preinitialize(CompositeActor.java:1828)
	at ptolemy.actor.Manager.preinitializeAndResolveTypes(Manager.java:1040)
	at ptolemy.actor.Manager.initialize(Manager.java:710)
	at ptolemy.actor.Manager.execute(Manager.java:356)
	at ptolemy.actor.Manager.run(Manager.java:1263)
	at ptolemy.actor.Manager$PtolemyRunThread.run(Manager.java:1933)
java.lang.RuntimeException: Execution failed
	at ptolemy.moml.MoMLSimpleApplication$UnloadThread.run(MoMLSimpleApplication.java:402)
Caused by: ptolemy.kernel.util.IllegalActionException: Found a zero delay loop containing .dependencyLoop.original
  in .dependencyLoop and .dependencyLoop.original
	at ptolemy.actor.util.CausalityInterfaceForComposites._computeOutputPortDepth(CausalityInterfaceForComposites.java:759)
	at ptolemy.actor.util.CausalityInterfaceForComposites._computeInputDepth(CausalityInterfaceForComposites.java:696)
	at ptolemy.actor.util.CausalityInterfaceForComposites._computeOutputPortDepth(CausalityInterfaceForComposites.java:765)
	at ptolemy.actor.util.CausalityInterfaceForComposites._computeInputDepth(CausalityInterfaceForComposites.java:696)
	at ptolemy.actor.util.CausalityInterfaceForComposites._computeOutputPortDepth(CausalityInterfaceForComposites.java:765)
	at ptolemy.actor.util.CausalityInterfaceForComposites._computeInputDepth(CausalityInterfaceForComposites.java:696)
	at ptolemy.actor.util.CausalityInterfaceForComposites._computeActorDepth(CausalityInterfaceForComposites.java:532)
	at ptolemy.actor.util.CausalityInterfaceForComposites.checkForCycles(CausalityInterfaceForComposites.java:96)
	at ptolemy.domains.de.kernel.DEDirector.preinitialize(DEDirector.java:1338)
	at ptolemy.actor.CompositeActor.preinitialize(CompositeActor.java:1828)
	at ptolemy.actor.Manager.preinitializeAndResolveTypes(Manager.java:1040)
	at ptolemy.actor.Manager.initialize(Manager.java:710)
	at ptolemy.actor.Manager.execute(Manager.java:356)
	at ptolemy.actor.Manager.run(Manager.java:1263)
	at ptolemy.actor.Manager$PtolemyRunThread.run(Manager.java:1933)
java.lang.reflect.InvocationTargetException
	at java.base/jdk.internal.reflect.NativeConstructorAccessorImpl.newInstance0(Native Method)
	at java.base/jdk.internal.reflect.NativeConstructorAccessorImpl.newInstance(NativeConstructorAccessorImpl.java:62)
	at java.base/jdk.internal.reflect.DelegatingConstructorAccessorImpl.newInstance(DelegatingConstructorAccessorImpl.java:45)
	at java.base/java.lang.reflect.Constructor.newInstance(Constructor.java:490)
	at ptolemy.util.test.junit.AutoKnownFailedTests.RunModel(AutoKnownFailedTests.java:105)
	at java.base/jdk.internal.reflect.NativeMethodAccessorImpl.invoke0(Native Method)
	at java.base/jdk.internal.reflect.NativeMethodAccessorImpl.invoke(NativeMethodAccessorImpl.java:62)
	at java.base/jdk.internal.reflect.DelegatingMethodAccessorImpl.invoke(DelegatingMethodAccessorImpl.java:43)
	at java.base/java.lang.reflect.Method.invoke(Method.java:566)
	at org.junit.runners.model.FrameworkMethod$1.runReflectiveCall(FrameworkMethod.java:44)
	at org.junit.internal.runners.model.ReflectiveCallable.run(ReflectiveCallable.java:15)
	at org.junit.runners.model.FrameworkMethod.invokeExplosively(FrameworkMethod.java:41)
	at junitparams.internal.InvokeParameterisedMethod.evaluate(InvokeParameterisedMethod.java:102)
	at org.junit.internal.runners.statements.FailOnTimeout$1.run(FailOnTimeout.java:28)
Caused by: ptolemy.kernel.util.IllegalActionException: Found a zero delay loop containing .dependencyLoop.original
  in .dependencyLoop and .dependencyLoop.original
	at ptolemy.actor.util.CausalityInterfaceForComposites._computeOutputPortDepth(CausalityInterfaceForComposites.java:759)
	at ptolemy.actor.util.CausalityInterfaceForComposites._computeInputDepth(CausalityInterfaceForComposites.java:696)
	at ptolemy.actor.util.CausalityInterfaceForComposites._computeOutputPortDepth(CausalityInterfaceForComposites.java:765)
	at ptolemy.actor.util.CausalityInterfaceForComposites._computeInputDepth(CausalityInterfaceForComposites.java:696)
	at ptolemy.actor.util.CausalityInterfaceForComposites._computeOutputPortDepth(CausalityInterfaceForComposites.java:765)
	at ptolemy.actor.util.CausalityInterfaceForComposites._computeInputDepth(CausalityInterfaceForComposites.java:696)
	at ptolemy.actor.util.CausalityInterfaceForComposites._computeActorDepth(CausalityInterfaceForComposites.java:532)
	at ptolemy.actor.util.CausalityInterfaceForComposites.checkForCycles(CausalityInterfaceForComposites.java:96)
	at ptolemy.domains.de.kernel.DEDirector.preinitialize(DEDirector.java:1338)
	at ptolemy.actor.CompositeActor.preinitialize(CompositeActor.java:1828)
	at ptolemy.actor.Manager.preinitializeAndResolveTypes(Manager.java:1040)
	at ptolemy.actor.Manager.initialize(Manager.java:710)
	at ptolemy.actor.Manager.execute(Manager.java:356)
	at ptolemy.actor.Manager.run(Manager.java:1263)
	at ptolemy.actor.Manager$PtolemyRunThread.run(Manager.java:1933)
java.lang.RuntimeException: Execution failed
	at ptolemy.moml.MoMLSimpleApplication$UnloadThread.run(MoMLSimpleApplication.java:402)
Caused by: ptolemy.kernel.util.IllegalActionException: Found a zero delay loop containing .dependencyLoop2.original
  in .dependencyLoop2 and .dependencyLoop2.original
	at ptolemy.actor.util.CausalityInterfaceForComposites._computeOutputPortDepth(CausalityInterfaceForComposites.java:759)
	at ptolemy.actor.util.CausalityInterfaceForComposites._computeInputDepth(CausalityInterfaceForComposites.java:696)
	at ptolemy.actor.util.CausalityInterfaceForComposites._computeOutputPortDepth(CausalityInterfaceForComposites.java:765)
	at ptolemy.actor.util.CausalityInterfaceForComposites._computeInputDepth(CausalityInterfaceForComposites.java:696)
	at ptolemy.actor.util.CausalityInterfaceForComposites._computeOutputPortDepth(CausalityInterfaceForComposites.java:765)
	at ptolemy.actor.util.CausalityInterfaceForComposites._computeInputDepth(CausalityInterfaceForComposites.java:696)
	at ptolemy.actor.util.CausalityInterfaceForComposites._computeActorDepth(CausalityInterfaceForComposites.java:532)
	at ptolemy.actor.util.CausalityInterfaceForComposites.checkForCycles(CausalityInterfaceForComposites.java:96)
	at ptolemy.domains.de.kernel.DEDirector.preinitialize(DEDirector.java:1338)
	at ptolemy.actor.CompositeActor.preinitialize(CompositeActor.java:1828)
	at ptolemy.actor.Manager.preinitializeAndResolveTypes(Manager.java:1040)
	at ptolemy.actor.Manager.initialize(Manager.java:710)
	at ptolemy.actor.Manager.execute(Manager.java:356)
	at ptolemy.actor.Manager.run(Manager.java:1263)
	at ptolemy.actor.Manager$PtolemyRunThread.run(Manager.java:1933)
java.lang.reflect.InvocationTargetException
	at java.base/jdk.internal.reflect.NativeConstructorAccessorImpl.newInstance0(Native Method)
	at java.base/jdk.internal.reflect.NativeConstructorAccessorImpl.newInstance(NativeConstructorAccessorImpl.java:62)
	at java.base/jdk.internal.reflect.DelegatingConstructorAccessorImpl.newInstance(DelegatingConstructorAccessorImpl.java:45)
	at java.base/java.lang.reflect.Constructor.newInstance(Constructor.java:490)
	at ptolemy.util.test.junit.AutoKnownFailedTests.RunModel(AutoKnownFailedTests.java:105)
	at java.base/jdk.internal.reflect.NativeMethodAccessorImpl.invoke0(Native Method)
	at java.base/jdk.internal.reflect.NativeMethodAccessorImpl.invoke(NativeMethodAccessorImpl.java:62)
	at java.base/jdk.internal.reflect.DelegatingMethodAccessorImpl.invoke(DelegatingMethodAccessorImpl.java:43)
	at java.base/java.lang.reflect.Method.invoke(Method.java:566)
	at org.junit.runners.model.FrameworkMethod$1.runReflectiveCall(FrameworkMethod.java:44)
	at org.junit.internal.runners.model.ReflectiveCallable.run(ReflectiveCallable.java:15)
	at org.junit.runners.model.FrameworkMethod.invokeExplosively(FrameworkMethod.java:41)
	at junitparams.internal.InvokeParameterisedMethod.evaluate(InvokeParameterisedMethod.java:102)
	at org.junit.internal.runners.statements.FailOnTimeout$1.run(FailOnTimeout.java:28)
Caused by: ptolemy.kernel.util.IllegalActionException: Found a zero delay loop containing .dependencyLoop2.original
  in .dependencyLoop2 and .dependencyLoop2.original
	at ptolemy.actor.util.CausalityInterfaceForComposites._computeOutputPortDepth(CausalityInterfaceForComposites.java:759)
	at ptolemy.actor.util.CausalityInterfaceForComposites._computeInputDepth(CausalityInterfaceForComposites.java:696)
	at ptolemy.actor.util.CausalityInterfaceForComposites._computeOutputPortDepth(CausalityInterfaceForComposites.java:765)
	at ptolemy.actor.util.CausalityInterfaceForComposites._computeInputDepth(CausalityInterfaceForComposites.java:696)
	at ptolemy.actor.util.CausalityInterfaceForComposites._computeOutputPortDepth(CausalityInterfaceForComposites.java:765)
	at ptolemy.actor.util.CausalityInterfaceForComposites._computeInputDepth(CausalityInterfaceForComposites.java:696)
	at ptolemy.actor.util.CausalityInterfaceForComposites._computeActorDepth(CausalityInterfaceForComposites.java:532)
	at ptolemy.actor.util.CausalityInterfaceForComposites.checkForCycles(CausalityInterfaceForComposites.java:96)
	at ptolemy.domains.de.kernel.DEDirector.preinitialize(DEDirector.java:1338)
	at ptolemy.actor.CompositeActor.preinitialize(CompositeActor.java:1828)
	at ptolemy.actor.Manager.preinitializeAndResolveTypes(Manager.java:1040)
	at ptolemy.actor.Manager.initialize(Manager.java:710)
	at ptolemy.actor.Manager.execute(Manager.java:356)
	at ptolemy.actor.Manager.run(Manager.java:1263)
	at ptolemy.actor.Manager$PtolemyRunThread.run(Manager.java:1933)
]]></system-err>
</testsuite>
