<?xml version="1.0" encoding="UTF-8" ?>
<testsuite errors="0" failures="0" hostname="travis-job-8cffab8e-8aa6-4583-872a-e8378106b097" name="ptolemy.actor.lib.fmi.test.junit.JUnitTclTest" skipped="0" tests="63" time="22.884" timestamp="2019-07-12T04:58:38">
  <properties>
[...]
</properties>
  <testcase classname="ptolemy.util.test.junit.TclTests" name="[0] /home/travis/build/icyphy/ptII/ptolemy/actor/lib/fmi/test/FMUImport.tcl (RunTclFile)" time="3.081" />
  <testcase classname="ptolemy.util.test.junit.TclTests" name="[1] /home/travis/build/icyphy/ptII/ptolemy/actor/lib/fmi/test/FMUQSS.tcl (RunTclFile)" time="0.102" />
  <testcase classname="ptolemy.util.test.junit.AutoKnownFailedTests" name="[0] /home/travis/build/icyphy/ptII/ptolemy/actor/lib/fmi/test/auto/knownFailedTests/FMUContinuousInc20.xml (RunModel)" time="0.362" />
  <testcase classname="ptolemy.util.test.junit.AutoNameArchTests" name="[0] /home/travis/build/icyphy/ptII/ptolemy/actor/lib/fmi/test/auto/linux-amd64/FMUQSSAirOulet1_QSS1.xml (RunModel)" time="1.356" />
  <testcase classname="ptolemy.util.test.junit.AutoNameArchTests" name="[1] /home/travis/build/icyphy/ptII/ptolemy/actor/lib/fmi/test/auto/linux-amd64/FMUQSSAirToOulet1_QSS1.xml (RunModel)" time="0.784" />
  <testcase classname="ptolemy.util.test.junit.AutoNameArchTests" name="[2] /home/travis/build/icyphy/ptII/ptolemy/actor/lib/fmi/test/auto/linux-amd64/FMUQSSAirToOulet2_QSS1.xml (RunModel)" time="2.168" />
  <testcase classname="ptolemy.util.test.junit.AutoNameArchTests" name="[3] /home/travis/build/icyphy/ptII/ptolemy/actor/lib/fmi/test/auto/linux-amd64/FMUQSSStateEvent1_QSS1.xml (RunModel)" time="0.218" />
  <testcase classname="ptolemy.util.test.junit.AutoNameArchTests" name="[4] /home/travis/build/icyphy/ptII/ptolemy/actor/lib/fmi/test/auto/linux-amd64/FMUQSSStateEvent1_QSS2.xml (RunModel)" time="1.037" />
  <testcase classname="ptolemy.util.test.junit.AutoNameArchTests" name="[5] /home/travis/build/icyphy/ptII/ptolemy/actor/lib/fmi/test/auto/linux-amd64/FMUQSSStateEvent1_QSS3.xml (RunModel)" time="0.373" />
  <testcase classname="ptolemy.util.test.junit.AutoNameArchTests" name="[6] /home/travis/build/icyphy/ptII/ptolemy/actor/lib/fmi/test/auto/linux-amd64/FMUQSSStateEvent2_QSS1.xml (RunModel)" time="0.729" />
  <testcase classname="ptolemy.util.test.junit.AutoNameArchTests" name="[7] /home/travis/build/icyphy/ptII/ptolemy/actor/lib/fmi/test/auto/linux-amd64/FMUQSSStateEvent2_QSS2.xml (RunModel)" time="0.99" />
  <testcase classname="ptolemy.util.test.junit.AutoNameArchTests" name="[8] /home/travis/build/icyphy/ptII/ptolemy/actor/lib/fmi/test/auto/linux-amd64/FMUQSSStateEvent4_QSS1.xml (RunModel)" time="0.177" />
  <testcase classname="ptolemy.util.test.junit.AutoNameArchTests" name="[9] /home/travis/build/icyphy/ptII/ptolemy/actor/lib/fmi/test/auto/linux-amd64/FMUQSSStateEvent4_QSS2.xml (RunModel)" time="0.101" />
  <testcase classname="ptolemy.util.test.junit.AutoNameArchTests" name="[10] /home/travis/build/icyphy/ptII/ptolemy/actor/lib/fmi/test/auto/linux-amd64/FMUQSSStateEvent4_QSS3.xml (RunModel)" time="0.112" />
  <testcase classname="ptolemy.util.test.junit.AutoNameArchTests" name="[11] /home/travis/build/icyphy/ptII/ptolemy/actor/lib/fmi/test/auto/linux-amd64/FMUQSSStateEvent5_QSS1.xml (RunModel)" time="0.318" />
  <testcase classname="ptolemy.util.test.junit.AutoNameArchTests" name="[12] /home/travis/build/icyphy/ptII/ptolemy/actor/lib/fmi/test/auto/linux-amd64/FMUQSSStateEvent5_QSS2.xml (RunModel)" time="0.503" />
  <testcase classname="ptolemy.util.test.junit.AutoNameArchTests" name="[13] /home/travis/build/icyphy/ptII/ptolemy/actor/lib/fmi/test/auto/linux-amd64/FMUQSSStateEvent5_QSS3.xml (RunModel)" time="0.107" />
  <testcase classname="ptolemy.util.test.junit.AutoNameArchTests" name="[14] /home/travis/build/icyphy/ptII/ptolemy/actor/lib/fmi/test/auto/linux-amd64/FMUQSSStateEvent6_QSS1.xml (RunModel)" time="0.719" />
  <testcase classname="ptolemy.util.test.junit.AutoNameArchTests" name="[15] /home/travis/build/icyphy/ptII/ptolemy/actor/lib/fmi/test/auto/linux-amd64/FMUQSSStateEvent6_QSS2.xml (RunModel)" time="0.891" />
  <testcase classname="ptolemy.util.test.junit.AutoTests" name="[0] /home/travis/build/icyphy/ptII/ptolemy/actor/lib/fmi/test/auto/FMU30Inc.xml (RunModel)" time="0.417" />
  <testcase classname="ptolemy.util.test.junit.AutoTests" name="[1] /home/travis/build/icyphy/ptII/ptolemy/actor/lib/fmi/test/auto/FMUBouncingBall.xml (RunModel)" time="0.188" />
  <testcase classname="ptolemy.util.test.junit.AutoTests" name="[2] /home/travis/build/icyphy/ptII/ptolemy/actor/lib/fmi/test/auto/FMUBouncingBallME20.xml (RunModel)" time="0.205" />
  <testcase classname="ptolemy.util.test.junit.AutoTests" name="[3] /home/travis/build/icyphy/ptII/ptolemy/actor/lib/fmi/test/auto/FMUDQ.xml (RunModel)" time="0.043" />
  <testcase classname="ptolemy.util.test.junit.AutoTests" name="[4] /home/travis/build/icyphy/ptII/ptolemy/actor/lib/fmi/test/auto/FMUDq20.xml (RunModel)" time="0.115" />
  <testcase classname="ptolemy.util.test.junit.AutoTests" name="[5] /home/travis/build/icyphy/ptII/ptolemy/actor/lib/fmi/test/auto/FMUDqME20.xml (RunModel)" time="0.033" />
  <testcase classname="ptolemy.util.test.junit.AutoTests" name="[6] /home/travis/build/icyphy/ptII/ptolemy/actor/lib/fmi/test/auto/FMUFourInputsFourOutputsME20.xml (RunModel)" time="0.047" />
  <testcase classname="ptolemy.util.test.junit.AutoTests" name="[7] /home/travis/build/icyphy/ptII/ptolemy/actor/lib/fmi/test/auto/FMUHeaterFlowResistance.xml (RunModel)" time="0.395" />
  <testcase classname="ptolemy.util.test.junit.AutoTests" name="[8] /home/travis/build/icyphy/ptII/ptolemy/actor/lib/fmi/test/auto/FMUHelloWorld.xml (RunModel)" time="0.03" />
  <testcase classname="ptolemy.util.test.junit.AutoTests" name="[9] /home/travis/build/icyphy/ptII/ptolemy/actor/lib/fmi/test/auto/FMUHelloWorldUnBuilt.xml (RunModel)" time="0.105" />
  <testcase classname="ptolemy.util.test.junit.AutoTests" name="[10] /home/travis/build/icyphy/ptII/ptolemy/actor/lib/fmi/test/auto/FMUInc.xml (RunModel)" time="0.019" />
  <testcase classname="ptolemy.util.test.junit.AutoTests" name="[11] /home/travis/build/icyphy/ptII/ptolemy/actor/lib/fmi/test/auto/FMUInc2.xml (RunModel)" time="0.032" />
  <testcase classname="ptolemy.util.test.junit.AutoTests" name="[12] /home/travis/build/icyphy/ptII/ptolemy/actor/lib/fmi/test/auto/FMUIncME1.xml (RunModel)" time="0.033" />
  <testcase classname="ptolemy.util.test.junit.AutoTests" name="[13] /home/travis/build/icyphy/ptII/ptolemy/actor/lib/fmi/test/auto/FMUIncME20.xml (RunModel)" time="0.028" />
  <testcase classname="ptolemy.util.test.junit.AutoTests" name="[14] /home/travis/build/icyphy/ptII/ptolemy/actor/lib/fmi/test/auto/FMUIncScale20RC1pt.xml (RunModel)" time="0.032" />
  <testcase classname="ptolemy.util.test.junit.AutoTests" name="[15] /home/travis/build/icyphy/ptII/ptolemy/actor/lib/fmi/test/auto/FMULevelStairs.xml (RunModel)" time="0.066" />
  <testcase classname="ptolemy.util.test.junit.AutoTests" name="[16] /home/travis/build/icyphy/ptII/ptolemy/actor/lib/fmi/test/auto/FMUPumpConstantSpeed.xml (RunModel)" time="0.156" />
  <testcase classname="ptolemy.util.test.junit.AutoTests" name="[17] /home/travis/build/icyphy/ptII/ptolemy/actor/lib/fmi/test/auto/FMUQSSTankOpen.xml (RunModel)" time="2.97" />
  <testcase classname="ptolemy.util.test.junit.AutoTests" name="[18] /home/travis/build/icyphy/ptII/ptolemy/actor/lib/fmi/test/auto/FMUSDFBouncingBall.xml (RunModel)" time="0.027" />
  <testcase classname="ptolemy.util.test.junit.AutoTests" name="[19] /home/travis/build/icyphy/ptII/ptolemy/actor/lib/fmi/test/auto/FMUSDFBouncingBall20.xml (RunModel)" time="0.413" />
  <testcase classname="ptolemy.util.test.junit.AutoTests" name="[20] /home/travis/build/icyphy/ptII/ptolemy/actor/lib/fmi/test/auto/FMUSDFBouncingBall20RC1.xml (RunModel)" time="0.044" />
  <testcase classname="ptolemy.util.test.junit.AutoTests" name="[21] /home/travis/build/icyphy/ptII/ptolemy/actor/lib/fmi/test/auto/FMUSDFInc20.xml (RunModel)" time="0.032" />
  <testcase classname="ptolemy.util.test.junit.AutoTests" name="[22] /home/travis/build/icyphy/ptII/ptolemy/actor/lib/fmi/test/auto/FMUStairs.xml (RunModel)" time="0.046" />
  <testcase classname="ptolemy.util.test.junit.AutoTests" name="[23] /home/travis/build/icyphy/ptII/ptolemy/actor/lib/fmi/test/auto/FMUStepCounter1.xml (RunModel)" time="0.14" />
  <testcase classname="ptolemy.util.test.junit.AutoTests" name="[24] /home/travis/build/icyphy/ptII/ptolemy/actor/lib/fmi/test/auto/FMUStepCounter2.xml (RunModel)" time="0.159" />
  <testcase classname="ptolemy.util.test.junit.AutoTests" name="[25] /home/travis/build/icyphy/ptII/ptolemy/actor/lib/fmi/test/auto/FMUStepCounterContinuous1.xml (RunModel)" time="0.032" />
  <testcase classname="ptolemy.util.test.junit.AutoTests" name="[26] /home/travis/build/icyphy/ptII/ptolemy/actor/lib/fmi/test/auto/FMUStepCounterContinuous2.xml (RunModel)" time="0.031" />
  <testcase classname="ptolemy.util.test.junit.AutoTests" name="[27] /home/travis/build/icyphy/ptII/ptolemy/actor/lib/fmi/test/auto/FMUStepCounterContinuousTwoFMUs1.xml (RunModel)" time="0.032" />
  <testcase classname="ptolemy.util.test.junit.AutoTests" name="[28] /home/travis/build/icyphy/ptII/ptolemy/actor/lib/fmi/test/auto/FMUStepCounterContinuousTwoFMUs2.xml (RunModel)" time="0.045" />
  <testcase classname="ptolemy.util.test.junit.AutoTests" name="[29] /home/travis/build/icyphy/ptII/ptolemy/actor/lib/fmi/test/auto/FMUStepCounterExtendedFMI.xml (RunModel)" time="0.151" />
  <testcase classname="ptolemy.util.test.junit.AutoTests" name="[30] /home/travis/build/icyphy/ptII/ptolemy/actor/lib/fmi/test/auto/FMUStepCounterPeriodInNameContinuous2.xml (RunModel)" time="0.116" />
  <testcase classname="ptolemy.util.test.junit.AutoTests" name="[31] /home/travis/build/icyphy/ptII/ptolemy/actor/lib/fmi/test/auto/FMUTankOpen.xml (RunModel)" time="0.062" />
  <testcase classname="ptolemy.util.test.junit.AutoTests" name="[32] /home/travis/build/icyphy/ptII/ptolemy/actor/lib/fmi/test/auto/FMUTwoBallCollision.xml (RunModel)" time="0.359" />
  <testcase classname="ptolemy.util.test.junit.AutoTests" name="[33] /home/travis/build/icyphy/ptII/ptolemy/actor/lib/fmi/test/auto/FMUValues.xml (RunModel)" time="0.061" />
  <testcase classname="ptolemy.util.test.junit.AutoTests" name="[34] /home/travis/build/icyphy/ptII/ptolemy/actor/lib/fmi/test/auto/FMUValues20.xml (RunModel)" time="0.04" />
  <testcase classname="ptolemy.util.test.junit.AutoTests" name="[35] /home/travis/build/icyphy/ptII/ptolemy/actor/lib/fmi/test/auto/FMUValuesME20.xml (RunModel)" time="0.066" />
  <testcase classname="ptolemy.util.test.junit.AutoTests" name="[36] /home/travis/build/icyphy/ptII/ptolemy/actor/lib/fmi/test/auto/FMUVanDerPol.xml (RunModel)" time="0.021" />
  <testcase classname="ptolemy.util.test.junit.AutoTests" name="[37] /home/travis/build/icyphy/ptII/ptolemy/actor/lib/fmi/test/auto/FMUVanDerPol20.xml (RunModel)" time="0.071" />
  <testcase classname="ptolemy.util.test.junit.AutoTests" name="[38] /home/travis/build/icyphy/ptII/ptolemy/actor/lib/fmi/test/auto/FMUVanDerPolME20.xml (RunModel)" time="0.037" />
  <testcase classname="ptolemy.util.test.junit.AutoTests" name="[39] /home/travis/build/icyphy/ptII/ptolemy/actor/lib/fmi/test/auto/FMUdq20RC1.xml (RunModel)" time="0.015" />
  <testcase classname="ptolemy.util.test.junit.AutoTests" name="[40] /home/travis/build/icyphy/ptII/ptolemy/actor/lib/fmi/test/auto/FMUvalues20RC1.xml (RunModel)" time="0.033" />
  <testcase classname="ptolemy.util.test.junit.AutoTests" name="[41] /home/travis/build/icyphy/ptII/ptolemy/actor/lib/fmi/test/auto/FMUvanDerPol20RC1.xml (RunModel)" time="0.028" />
  <testcase classname="ptolemy.util.test.junit.AutoTests" name="[42] /home/travis/build/icyphy/ptII/ptolemy/actor/lib/fmi/test/auto/TestZeroDelayFeedback.xml (RunModel)" time="1.111" />
  <testcase classname="ptolemy.util.test.junit.AutoTests" name="[43] /home/travis/build/icyphy/ptII/ptolemy/actor/lib/fmi/test/auto/helloWorldME2.xml (RunModel)" time="0.026" />
  <system-out><![CDATA[/home/travis/build/icyphy/ptII/ptolemy/actor/lib/fmi/test/FMUImport.tcl
testDefs.tcl: setting time out to 9000 seconds at Fri Jul 12 04:58:38 UTC 2019
.top.qss1State1OutputNoBinaries
.top.helloWorld
FMUImport.tcl: auto/valuesME20.fmu is to be imported as a modelExchange fmu.
.top.valuesME
Warning: FMU modelDescription provides Integer representation of time, but precision is not specified
.top.HybridSequenceCheck
.top.inc
.top.values
.top.stairsB
.top.values20RC
.top.stepCounter
Warning: FMU modelDescription provides Integer representation of time, but precision is not specified
.top.HybridConstantSignalGenerator
.top.bouncingBall20RC
.top.SamplerFP
Warning: FMU modelDescription provides Integer representation of time, but precision is not specified
.top.HybridTriggeredConst
Warning: FMU modelDescription provides Integer representation of time, but precision is not specified
.top.HybridDelay
FMUImport.tcl: auto/dqME20.fmu is to be imported as a modelExchange fmu.
.top.dqME
.top.inc20pt
Warning: FMU modelDescription provides Integer representation of time, but precision is not specified
.top.ConstantIT
Warning: FMU modelDescription provides Integer representation of time, but precision is not specified
.top.SamplerIT
Warning: FMU modelDescription provides Integer representation of time, but precision is not specified
.top.ZeroCrossingDetectorIT
Warning: FMU modelDescription provides Integer representation of time, but precision is not specified
.top.HybridAdder
FMUImport.tcl: auto/incME20.fmu is to be imported as a modelExchange fmu.
.top.incME
.top.stepCounterExtendedFMI
.top.ballDynamics
.top.inc20RC
Warning: FMU modelDescription provides Integer representation of time, but precision is not specified
.top.DelayW
Warning: FMU modelDescription provides Integer representation of time, but precision is not specified
.top.Adder
FMUImport.tcl: auto/vanDerPolME1.fmu is to be imported as a modelExchange fmu.
.top.vanDerPolME
.top.bouncingBall
.top.fmuB20pt
.top.ClockFP
.top.onOffSupervisor
.top.fmuD20pt
.top.scale20pt
.top.stairsA
.top.dq
.top.pumpConstantSpeed
FMUImport.tcl: auto/bouncingBallME1.fmu is to be imported as a modelExchange fmu.
.top.bouncingBallME
FMUImport.tcl: auto/valuesME1.fmu is to be imported as a modelExchange fmu.
.top.valuesME
Warning: FMU modelDescription provides Integer representation of time, but precision is not specified
.top.CheckEqualityIT
Warning: FMU modelDescription provides Integer representation of time, but precision is not specified
.top.CTClockW
.top.dq20RC
.top.stepCounter
.top.helloWorldME
.top.scale20RC
Warning: FMU modelDescription provides Integer representation of time, but precision is not specified
.top.ClockW
Warning: FMU modelDescription provides Integer representation of time, but precision is not specified
.top.HybridIntegratorReset
Warning: FMU modelDescription provides Integer representation of time, but precision is not specified
.top.HybridZeroCrossingDetector
.top.fmuC20pt
.top.vanDerPol20RC
.top.levelStairs
.top.fmuA20pt
Warning: FMU modelDescription provides Integer representation of time, but precision is not specified
.top.CTClockIT
.top.stepCounterPeriodInName
Warning: FMU modelDescription provides Integer representation of time, but precision is not specified
.top.IntegratorIT
FMUImport.tcl: auto/fourInputsFourOutputsME20.fmu is to be imported as a modelExchange fmu.
.top.fourInputsFourOutputsME
Warning: FMU modelDescription provides Integer representation of time, but precision is not specified
.top.Clock
FMUImport.tcl: auto/dqME1.fmu is to be imported as a modelExchange fmu.
.top.dqME
FMUImport.tcl: auto/incME1.fmu is to be imported as a modelExchange fmu.
.top.incME
.top.CheckEqualityFP
.top.vanDerPol
Warning: FMU modelDescription provides Integer representation of time, but precision is not specified
.top.ClockIT
FMUImport.tcl: auto/tankOpen.fmu is to be imported as a modelExchange fmu.
.top.tankOpen
.top.heaterFlowResistance
FMUImport.tcl: auto/vanDerPolME20.fmu is to be imported as a modelExchange fmu.
.top.vanDerPolME
Warning: FMU modelDescription provides Integer representation of time, but precision is not specified
.top.Constant
Warning: FMU modelDescription provides Integer representation of time, but precision is not specified
.top.ZeroCrossingDetector
Warning: FMU modelDescription provides Integer representation of time, but precision is not specified
.top.Integrator
Warning: FMU modelDescription provides Integer representation of time, but precision is not specified
.top.AdderIT
Warning: FMU modelDescription provides Integer representation of time, but precision is not specified
.top.DelayIT
.top.out20pt
Warning: FMU modelDescription provides Integer representation of time, but precision is not specified
.top.Delay
.top.stairsA20RC1F
FMUImport.tcl: auto/bouncingBallME20.fmu is to be imported as a modelExchange fmu.
.top.bouncingBallME
.top.helloWorldUnBuilt
/home/travis/build/icyphy/ptII/ptolemy/actor/lib/fmi/test/FMUQSS.tcl
07/12/19 04:58:41
Failed: 0  Total Tests: 80  ((Passed: 80, Newly Passed: 0)  Known Failed: 0) /home/travis/build/icyphy/ptII/ptolemy/actor/lib/fmi/test
----------------- testing (KnownFailure) /home/travis/build/icyphy/ptII/ptolemy/actor/lib/fmi/test/auto/knownFailedTests/FMUContinuousInc20.xml
231 ms. Memory: 182272K Free: 164604K (90%)
Known Failure: java.lang.reflect.InvocationTargetException

===========================================================================================
----------------- testing Fri Jul 12 04:58:41 UTC 2019 /home/travis/build/icyphy/ptII/ptolemy/actor/lib/fmi/test/auto/linux-amd64/FMUQSSAirOulet1_QSS1.xml
----------------- Instantiating /home/travis/build/icyphy/ptII/ptolemy/actor/lib/fmi/test/auto/linux-amd64/FMUQSSAirOulet1_QSS1.xml
 Number of steps: 1811
  stateEvents: 3
  stepEvents: 0
  timeEvents: 0
1131 ms. Memory: 182272K Free: 111639K (61%)
----------------- Invoking toplevel() on ptolemy.moml.MoMLSimpleApplication@4cb5f6c9
----------------- Done invoking toplevel() on ptolemy.moml.MoMLSimpleApplication@4cb5f6c9
reloadAllAccessors: .FMUQSSAirOulet1_QSS1

===========================================================================================
----------------- testing Fri Jul 12 04:58:43 UTC 2019 /home/travis/build/icyphy/ptII/ptolemy/actor/lib/fmi/test/auto/linux-amd64/FMUQSSAirToOulet1_QSS1.xml
----------------- Instantiating /home/travis/build/icyphy/ptII/ptolemy/actor/lib/fmi/test/auto/linux-amd64/FMUQSSAirToOulet1_QSS1.xml
 Number of steps: 1811
  stateEvents: 3
  stepEvents: 0
  timeEvents: 0
691 ms. Memory: 182272K Free: 64021K (35%)
----------------- Invoking toplevel() on ptolemy.moml.MoMLSimpleApplication@2bedfa1
----------------- Done invoking toplevel() on ptolemy.moml.MoMLSimpleApplication@2bedfa1
reloadAllAccessors: .FMUQSSAirToOulet1_QSS1

===========================================================================================
----------------- testing Fri Jul 12 04:58:43 UTC 2019 /home/travis/build/icyphy/ptII/ptolemy/actor/lib/fmi/test/auto/linux-amd64/FMUQSSAirToOulet2_QSS1.xml
----------------- Instantiating /home/travis/build/icyphy/ptII/ptolemy/actor/lib/fmi/test/auto/linux-amd64/FMUQSSAirToOulet2_QSS1.xml
 Number of steps: 9936
  stateEvents: 1
  stepEvents: 0
  timeEvents: 8
1993 ms. Memory: 244736K Free: 109743K (45%)
----------------- Invoking toplevel() on ptolemy.moml.MoMLSimpleApplication@332f3f68
----------------- Done invoking toplevel() on ptolemy.moml.MoMLSimpleApplication@332f3f68
reloadAllAccessors: .FMUQSSAirToOulet2_QSS1

===========================================================================================
----------------- testing Fri Jul 12 04:58:46 UTC 2019 /home/travis/build/icyphy/ptII/ptolemy/actor/lib/fmi/test/auto/linux-amd64/FMUQSSStateEvent1_QSS1.xml
----------------- Instantiating /home/travis/build/icyphy/ptII/ptolemy/actor/lib/fmi/test/auto/linux-amd64/FMUQSSStateEvent1_QSS1.xml
 Number of steps: 295
  stateEvents: 1
  stepEvents: 0
  timeEvents: 0
156 ms. Memory: 244736K Free: 213860K (87%)
----------------- Invoking toplevel() on ptolemy.moml.MoMLSimpleApplication@5d45fb7a
----------------- Done invoking toplevel() on ptolemy.moml.MoMLSimpleApplication@5d45fb7a
reloadAllAccessors: .FMUQSSStateEvent1_QSS1

===========================================================================================
----------------- testing Fri Jul 12 04:58:46 UTC 2019 /home/travis/build/icyphy/ptII/ptolemy/actor/lib/fmi/test/auto/linux-amd64/FMUQSSStateEvent1_QSS2.xml
----------------- Instantiating /home/travis/build/icyphy/ptII/ptolemy/actor/lib/fmi/test/auto/linux-amd64/FMUQSSStateEvent1_QSS2.xml
 Number of steps: 6179
  stateEvents: 1
  stepEvents: 0
  timeEvents: 0
972 ms. Memory: 244736K Free: 84653K (35%)
----------------- Invoking toplevel() on ptolemy.moml.MoMLSimpleApplication@6a9b0d5a
----------------- Done invoking toplevel() on ptolemy.moml.MoMLSimpleApplication@6a9b0d5a
reloadAllAccessors: .FMUQSSStateEvent1_QSS2

===========================================================================================
----------------- testing Fri Jul 12 04:58:47 UTC 2019 /home/travis/build/icyphy/ptII/ptolemy/actor/lib/fmi/test/auto/linux-amd64/FMUQSSStateEvent1_QSS3.xml
----------------- Instantiating /home/travis/build/icyphy/ptII/ptolemy/actor/lib/fmi/test/auto/linux-amd64/FMUQSSStateEvent1_QSS3.xml
 Number of steps: 1067
  stateEvents: 1
  stepEvents: 0
  timeEvents: 0
201 ms. Memory: 244736K Free: 192810K (79%)
----------------- Invoking toplevel() on ptolemy.moml.MoMLSimpleApplication@6442a047
----------------- Done invoking toplevel() on ptolemy.moml.MoMLSimpleApplication@6442a047
reloadAllAccessors: .FMUQSSStateEvent1_QSS3

===========================================================================================
----------------- testing Fri Jul 12 04:58:47 UTC 2019 /home/travis/build/icyphy/ptII/ptolemy/actor/lib/fmi/test/auto/linux-amd64/FMUQSSStateEvent2_QSS1.xml
----------------- Instantiating /home/travis/build/icyphy/ptII/ptolemy/actor/lib/fmi/test/auto/linux-amd64/FMUQSSStateEvent2_QSS1.xml
 Number of steps: 3368
  stateEvents: 8
  stepEvents: 0
  timeEvents: 0
584 ms. Memory: 244736K Free: 111404K (46%)
----------------- Invoking toplevel() on ptolemy.moml.MoMLSimpleApplication@48209ab0
----------------- Done invoking toplevel() on ptolemy.moml.MoMLSimpleApplication@48209ab0
reloadAllAccessors: .FMUQSSStateEvent2_QSS1

===========================================================================================
----------------- testing Fri Jul 12 04:58:48 UTC 2019 /home/travis/build/icyphy/ptII/ptolemy/actor/lib/fmi/test/auto/linux-amd64/FMUQSSStateEvent2_QSS2.xml
----------------- Instantiating /home/travis/build/icyphy/ptII/ptolemy/actor/lib/fmi/test/auto/linux-amd64/FMUQSSStateEvent2_QSS2.xml
 Number of steps: 2499
  stateEvents: 8
  stepEvents: 0
  timeEvents: 0
761 ms. Memory: 244736K Free: 140832K (58%)
----------------- Invoking toplevel() on ptolemy.moml.MoMLSimpleApplication@6e7fa483
----------------- Done invoking toplevel() on ptolemy.moml.MoMLSimpleApplication@6e7fa483
reloadAllAccessors: .FMUQSSStateEvent2_QSS2

===========================================================================================
----------------- testing Fri Jul 12 04:58:49 UTC 2019 /home/travis/build/icyphy/ptII/ptolemy/actor/lib/fmi/test/auto/linux-amd64/FMUQSSStateEvent4_QSS1.xml
----------------- Instantiating /home/travis/build/icyphy/ptII/ptolemy/actor/lib/fmi/test/auto/linux-amd64/FMUQSSStateEvent4_QSS1.xml
 Number of steps: 707
  stateEvents: 1
  stepEvents: 0
  timeEvents: 1
118 ms. Memory: 244736K Free: 119645K (49%)
----------------- Invoking toplevel() on ptolemy.moml.MoMLSimpleApplication@417edbae
----------------- Done invoking toplevel() on ptolemy.moml.MoMLSimpleApplication@417edbae
reloadAllAccessors: .FMUQSSStateEvent4_QSS1

===========================================================================================
----------------- testing Fri Jul 12 04:58:49 UTC 2019 /home/travis/build/icyphy/ptII/ptolemy/actor/lib/fmi/test/auto/linux-amd64/FMUQSSStateEvent4_QSS2.xml
----------------- Instantiating /home/travis/build/icyphy/ptII/ptolemy/actor/lib/fmi/test/auto/linux-amd64/FMUQSSStateEvent4_QSS2.xml
 Number of steps: 528
  stateEvents: 1
  stepEvents: 0
  timeEvents: 1
83 ms. Memory: 244736K Free: 103771K (42%)
----------------- Invoking toplevel() on ptolemy.moml.MoMLSimpleApplication@4e83fc25
----------------- Done invoking toplevel() on ptolemy.moml.MoMLSimpleApplication@4e83fc25
reloadAllAccessors: .FMUQSSStateEvent4_QSS2

===========================================================================================
----------------- testing Fri Jul 12 04:58:49 UTC 2019 /home/travis/build/icyphy/ptII/ptolemy/actor/lib/fmi/test/auto/linux-amd64/FMUQSSStateEvent4_QSS3.xml
----------------- Instantiating /home/travis/build/icyphy/ptII/ptolemy/actor/lib/fmi/test/auto/linux-amd64/FMUQSSStateEvent4_QSS3.xml
 Number of steps: 546
  stateEvents: 1
  stepEvents: 0
  timeEvents: 1
88 ms. Memory: 244736K Free: 86877K (35%)
----------------- Invoking toplevel() on ptolemy.moml.MoMLSimpleApplication@3c41fbb7
----------------- Done invoking toplevel() on ptolemy.moml.MoMLSimpleApplication@3c41fbb7
reloadAllAccessors: .FMUQSSStateEvent4_QSS3

===========================================================================================
----------------- testing Fri Jul 12 04:58:49 UTC 2019 /home/travis/build/icyphy/ptII/ptolemy/actor/lib/fmi/test/auto/linux-amd64/FMUQSSStateEvent5_QSS1.xml
----------------- Instantiating /home/travis/build/icyphy/ptII/ptolemy/actor/lib/fmi/test/auto/linux-amd64/FMUQSSStateEvent5_QSS1.xml
 Number of steps: 991
  stateEvents: 2
  stepEvents: 0
  timeEvents: 0
260 ms. Memory: 475136K Free: 423790K (89%)
----------------- Invoking toplevel() on ptolemy.moml.MoMLSimpleApplication@24548619
----------------- Done invoking toplevel() on ptolemy.moml.MoMLSimpleApplication@24548619
reloadAllAccessors: .FMUQSSStateEvent5_QSS1

===========================================================================================
----------------- testing Fri Jul 12 04:58:50 UTC 2019 /home/travis/build/icyphy/ptII/ptolemy/actor/lib/fmi/test/auto/linux-amd64/FMUQSSStateEvent5_QSS2.xml
----------------- Instantiating /home/travis/build/icyphy/ptII/ptolemy/actor/lib/fmi/test/auto/linux-amd64/FMUQSSStateEvent5_QSS2.xml
 Number of steps: 3082
  stateEvents: 2
  stepEvents: 0
  timeEvents: 0
479 ms. Memory: 475136K Free: 355182K (75%)
----------------- Invoking toplevel() on ptolemy.moml.MoMLSimpleApplication@4a04a489
----------------- Done invoking toplevel() on ptolemy.moml.MoMLSimpleApplication@4a04a489
reloadAllAccessors: .FMUQSSStateEvent5_QSS2

===========================================================================================
----------------- testing Fri Jul 12 04:58:50 UTC 2019 /home/travis/build/icyphy/ptII/ptolemy/actor/lib/fmi/test/auto/linux-amd64/FMUQSSStateEvent5_QSS3.xml
----------------- Instantiating /home/travis/build/icyphy/ptII/ptolemy/actor/lib/fmi/test/auto/linux-amd64/FMUQSSStateEvent5_QSS3.xml
 Number of steps: 416
  stateEvents: 2
  stepEvents: 0
  timeEvents: 0
80 ms. Memory: 475136K Free: 341356K (72%)
----------------- Invoking toplevel() on ptolemy.moml.MoMLSimpleApplication@76a63790
----------------- Done invoking toplevel() on ptolemy.moml.MoMLSimpleApplication@76a63790
reloadAllAccessors: .FMUQSSStateEvent5_QSS3

===========================================================================================
----------------- testing Fri Jul 12 04:58:50 UTC 2019 /home/travis/build/icyphy/ptII/ptolemy/actor/lib/fmi/test/auto/linux-amd64/FMUQSSStateEvent6_QSS1.xml
----------------- Instantiating /home/travis/build/icyphy/ptII/ptolemy/actor/lib/fmi/test/auto/linux-amd64/FMUQSSStateEvent6_QSS1.xml
 Number of steps: 4328
  stateEvents: 8
  stepEvents: 0
  timeEvents: 0
650 ms. Memory: 475136K Free: 242542K (51%)
----------------- Invoking toplevel() on ptolemy.moml.MoMLSimpleApplication@2f7d3cb1
----------------- Done invoking toplevel() on ptolemy.moml.MoMLSimpleApplication@2f7d3cb1
reloadAllAccessors: .FMUQSSStateEvent6_QSS1

===========================================================================================
----------------- testing Fri Jul 12 04:58:51 UTC 2019 /home/travis/build/icyphy/ptII/ptolemy/actor/lib/fmi/test/auto/linux-amd64/FMUQSSStateEvent6_QSS2.xml
----------------- Instantiating /home/travis/build/icyphy/ptII/ptolemy/actor/lib/fmi/test/auto/linux-amd64/FMUQSSStateEvent6_QSS2.xml
 Number of steps: 2682
  stateEvents: 9
  stepEvents: 0
  timeEvents: 0
768 ms. Memory: 475136K Free: 396654K (83%)
----------------- Invoking toplevel() on ptolemy.moml.MoMLSimpleApplication@20dd232a
----------------- Done invoking toplevel() on ptolemy.moml.MoMLSimpleApplication@20dd232a
reloadAllAccessors: .FMUQSSStateEvent6_QSS2
AutoTests.java: About to close Vertx.
AutoTests.java: Vertx closed.

===========================================================================================
----------------- testing Fri Jul 12 04:58:52 UTC 2019 /home/travis/build/icyphy/ptII/ptolemy/actor/lib/fmi/test/auto/FMU30Inc.xml
----------------- Instantiating /home/travis/build/icyphy/ptII/ptolemy/actor/lib/fmi/test/auto/FMU30Inc.xml
217 ms. Memory: 475136K Free: 336748K (71%)
----------------- Invoking toplevel() on ptolemy.moml.MoMLSimpleApplication@3a49321a
----------------- Done invoking toplevel() on ptolemy.moml.MoMLSimpleApplication@3a49321a
reloadAllAccessors: .FMU30Inc

===========================================================================================
----------------- testing Fri Jul 12 04:58:53 UTC 2019 /home/travis/build/icyphy/ptII/ptolemy/actor/lib/fmi/test/auto/FMUBouncingBall.xml
----------------- Instantiating /home/travis/build/icyphy/ptII/ptolemy/actor/lib/fmi/test/auto/FMUBouncingBall.xml
122 ms. Memory: 475136K Free: 325998K (69%)
----------------- Invoking toplevel() on ptolemy.moml.MoMLSimpleApplication@61680ac4
----------------- Done invoking toplevel() on ptolemy.moml.MoMLSimpleApplication@61680ac4
reloadAllAccessors: .FMUBouncingBall

===========================================================================================
----------------- testing Fri Jul 12 04:58:53 UTC 2019 /home/travis/build/icyphy/ptII/ptolemy/actor/lib/fmi/test/auto/FMUBouncingBallME20.xml
----------------- Instantiating /home/travis/build/icyphy/ptII/ptolemy/actor/lib/fmi/test/auto/FMUBouncingBallME20.xml
99 ms. Memory: 475136K Free: 311662K (66%)
----------------- Invoking toplevel() on ptolemy.moml.MoMLSimpleApplication@2b999329
----------------- Done invoking toplevel() on ptolemy.moml.MoMLSimpleApplication@2b999329
reloadAllAccessors: .FMUBouncingBallME20

===========================================================================================
----------------- testing Fri Jul 12 04:58:53 UTC 2019 /home/travis/build/icyphy/ptII/ptolemy/actor/lib/fmi/test/auto/FMUDQ.xml
----------------- Instantiating /home/travis/build/icyphy/ptII/ptolemy/actor/lib/fmi/test/auto/FMUDQ.xml
14 ms. Memory: 475136K Free: 307052K (65%)
----------------- Invoking toplevel() on ptolemy.moml.MoMLSimpleApplication@4db348e3
----------------- Done invoking toplevel() on ptolemy.moml.MoMLSimpleApplication@4db348e3
reloadAllAccessors: .FMUDQ

===========================================================================================
----------------- testing Fri Jul 12 04:58:53 UTC 2019 /home/travis/build/icyphy/ptII/ptolemy/actor/lib/fmi/test/auto/FMUDq20.xml
----------------- Instantiating /home/travis/build/icyphy/ptII/ptolemy/actor/lib/fmi/test/auto/FMUDq20.xml
47 ms. Memory: 475136K Free: 296812K (62%)
----------------- Invoking toplevel() on ptolemy.moml.MoMLSimpleApplication@377ed4f3
----------------- Done invoking toplevel() on ptolemy.moml.MoMLSimpleApplication@377ed4f3
reloadAllAccessors: .FMUDq20

===========================================================================================
----------------- testing Fri Jul 12 04:58:53 UTC 2019 /home/travis/build/icyphy/ptII/ptolemy/actor/lib/fmi/test/auto/FMUDqME20.xml
----------------- Instantiating /home/travis/build/icyphy/ptII/ptolemy/actor/lib/fmi/test/auto/FMUDqME20.xml
11 ms. Memory: 475136K Free: 290668K (61%)
----------------- Invoking toplevel() on ptolemy.moml.MoMLSimpleApplication@5028a1aa
----------------- Done invoking toplevel() on ptolemy.moml.MoMLSimpleApplication@5028a1aa
reloadAllAccessors: .FMUDqME20

===========================================================================================
----------------- testing Fri Jul 12 04:58:53 UTC 2019 /home/travis/build/icyphy/ptII/ptolemy/actor/lib/fmi/test/auto/FMUFourInputsFourOutputsME20.xml
----------------- Instantiating /home/travis/build/icyphy/ptII/ptolemy/actor/lib/fmi/test/auto/FMUFourInputsFourOutputsME20.xml
18 ms. Memory: 475136K Free: 281966K (59%)
----------------- Invoking toplevel() on ptolemy.moml.MoMLSimpleApplication@5d569dbf
----------------- Done invoking toplevel() on ptolemy.moml.MoMLSimpleApplication@5d569dbf
reloadAllAccessors: .FMUFourInputsFourOutputsME20

===========================================================================================
----------------- testing Fri Jul 12 04:58:53 UTC 2019 /home/travis/build/icyphy/ptII/ptolemy/actor/lib/fmi/test/auto/FMUHeaterFlowResistance.xml
----------------- Instantiating /home/travis/build/icyphy/ptII/ptolemy/actor/lib/fmi/test/auto/FMUHeaterFlowResistance.xml
FMU Builder messages:

Attempting to build /tmp/FMUFile10184020501101108112.tmp/binaries/linux64/heaterFlowResistance.so
architecture: linux64 isWindows: false  command: make target: linux64
make ARCH=linux64 CBITSFLAGS=-fvisibility=hidden PIC=-fPIC SHARED_LIBRARY_SUFFIX=so heaterFlowResistance.so
make[1]: Entering directory '/tmp/FMUFile10184020501101108112.tmp/sources'
echo `pwd`
/tmp/FMUFile10184020501101108112.tmp/sources
cc -g -c -fvisibility=hidden -fPIC -Wall -DFMI_COSIMULATION -I.  heaterFlowResistance.c -o heaterFlowResistance.o
Creating ../binaries/linux64/
cc -fvisibility=hidden -g -Wall -shared -Wl,-soname,heaterFlowResistance.so -DFMI_COSIMULATION -I. -o ../binaries/linux64/heaterFlowResistance.so heaterFlowResistance.o 

364 ms. Memory: 475136K Free: 272748K (57%)
----------------- Invoking toplevel() on ptolemy.moml.MoMLSimpleApplication@35181796
----------------- Done invoking toplevel() on ptolemy.moml.MoMLSimpleApplication@35181796
reloadAllAccessors: .FMUHeaterFlowResistance

===========================================================================================
----------------- testing Fri Jul 12 04:58:54 UTC 2019 /home/travis/build/icyphy/ptII/ptolemy/actor/lib/fmi/test/auto/FMUHelloWorld.xml
----------------- Instantiating /home/travis/build/icyphy/ptII/ptolemy/actor/lib/fmi/test/auto/FMUHelloWorld.xml
9 ms. Memory: 475136K Free: 268654K (57%)
----------------- Invoking toplevel() on ptolemy.moml.MoMLSimpleApplication@da84a4d
----------------- Done invoking toplevel() on ptolemy.moml.MoMLSimpleApplication@da84a4d
reloadAllAccessors: .FMUHelloWorld

===========================================================================================
----------------- testing Fri Jul 12 04:58:54 UTC 2019 /home/travis/build/icyphy/ptII/ptolemy/actor/lib/fmi/test/auto/FMUHelloWorldUnBuilt.xml
----------------- Instantiating /home/travis/build/icyphy/ptII/ptolemy/actor/lib/fmi/test/auto/FMUHelloWorldUnBuilt.xml
FMU Builder messages:

Attempting to build /tmp/FMUFile16246374873753559511.tmp/binaries/linux64/helloWorld.so
architecture: linux64 isWindows: false  command: make target: linux64
make ARCH=linux64 CBITSFLAGS=-fvisibility=hidden PIC=-fPIC SHARED_LIBRARY_SUFFIX=so helloWorld.so
make[1]: Entering directory '/tmp/FMUFile16246374873753559511.tmp/sources'
echo `pwd`
/tmp/FMUFile16246374873753559511.tmp/sources
cc -g -c -fvisibility=hidden -fPIC -Wall -DFMI_COSIMULATION -I.  helloWorld.c -o helloWorld.o
Creating ../binaries/linux64/
cc -fvisibility=hidden -g -Wall -shared -Wl,-soname,helloWorld.so -DFMI_COSIMULATION -I. -o ../binaries/linux64/helloWorld.so helloWorld.o 
rm helloWorld.o
make[1]: Leaving directory '/tmp/FMUFile16246374873753559511.tmp/sources'

90 ms. Memory: 475136K Free: 263534K (55%)
----------------- Invoking toplevel() on ptolemy.moml.MoMLSimpleApplication@5429e504
----------------- Done invoking toplevel() on ptolemy.moml.MoMLSimpleApplication@5429e504
reloadAllAccessors: .FMUHelloWorldUnBuilt

===========================================================================================
----------------- testing Fri Jul 12 04:58:54 UTC 2019 /home/travis/build/icyphy/ptII/ptolemy/actor/lib/fmi/test/auto/FMUInc.xml
----------------- Instantiating /home/travis/build/icyphy/ptII/ptolemy/actor/lib/fmi/test/auto/FMUInc.xml
6 ms. Memory: 475136K Free: 259948K (55%)
----------------- Invoking toplevel() on ptolemy.moml.MoMLSimpleApplication@42845de0
----------------- Done invoking toplevel() on ptolemy.moml.MoMLSimpleApplication@42845de0
reloadAllAccessors: .FMUInc

===========================================================================================
----------------- testing Fri Jul 12 04:58:54 UTC 2019 /home/travis/build/icyphy/ptII/ptolemy/actor/lib/fmi/test/auto/FMUInc2.xml
----------------- Instantiating /home/travis/build/icyphy/ptII/ptolemy/actor/lib/fmi/test/auto/FMUInc2.xml
15 ms. Memory: 475136K Free: 255821K (54%)
----------------- Invoking toplevel() on ptolemy.moml.MoMLSimpleApplication@247fe40a
----------------- Done invoking toplevel() on ptolemy.moml.MoMLSimpleApplication@247fe40a
reloadAllAccessors: .FMUInc2

===========================================================================================
----------------- testing Fri Jul 12 04:58:54 UTC 2019 /home/travis/build/icyphy/ptII/ptolemy/actor/lib/fmi/test/auto/FMUIncME1.xml
----------------- Instantiating /home/travis/build/icyphy/ptII/ptolemy/actor/lib/fmi/test/auto/FMUIncME1.xml
24 ms. Memory: 475136K Free: 252270K (53%)
----------------- Invoking toplevel() on ptolemy.moml.MoMLSimpleApplication@56d01553
----------------- Done invoking toplevel() on ptolemy.moml.MoMLSimpleApplication@56d01553
reloadAllAccessors: .FMUIncME1

===========================================================================================
----------------- testing Fri Jul 12 04:58:54 UTC 2019 /home/travis/build/icyphy/ptII/ptolemy/actor/lib/fmi/test/auto/FMUIncME20.xml
----------------- Instantiating /home/travis/build/icyphy/ptII/ptolemy/actor/lib/fmi/test/auto/FMUIncME20.xml
9 ms. Memory: 475136K Free: 248684K (52%)
----------------- Invoking toplevel() on ptolemy.moml.MoMLSimpleApplication@49f12209
----------------- Done invoking toplevel() on ptolemy.moml.MoMLSimpleApplication@49f12209
reloadAllAccessors: .FMUIncME20

===========================================================================================
----------------- testing Fri Jul 12 04:58:54 UTC 2019 /home/travis/build/icyphy/ptII/ptolemy/actor/lib/fmi/test/auto/FMUIncScale20RC1pt.xml
----------------- Instantiating /home/travis/build/icyphy/ptII/ptolemy/actor/lib/fmi/test/auto/FMUIncScale20RC1pt.xml
15 ms. Memory: 475136K Free: 243054K (51%)
----------------- Invoking toplevel() on ptolemy.moml.MoMLSimpleApplication@5aba8993
----------------- Done invoking toplevel() on ptolemy.moml.MoMLSimpleApplication@5aba8993
reloadAllAccessors: .FMUIncScale20RC1pt

===========================================================================================
----------------- testing Fri Jul 12 04:58:54 UTC 2019 /home/travis/build/icyphy/ptII/ptolemy/actor/lib/fmi/test/auto/FMULevelStairs.xml
----------------- Instantiating /home/travis/build/icyphy/ptII/ptolemy/actor/lib/fmi/test/auto/FMULevelStairs.xml
46 ms. Memory: 475136K Free: 238444K (50%)
----------------- Invoking toplevel() on ptolemy.moml.MoMLSimpleApplication@38a7b50a
----------------- Done invoking toplevel() on ptolemy.moml.MoMLSimpleApplication@38a7b50a
reloadAllAccessors: .FMULevelStairs

===========================================================================================
----------------- testing Fri Jul 12 04:58:54 UTC 2019 /home/travis/build/icyphy/ptII/ptolemy/actor/lib/fmi/test/auto/FMUPumpConstantSpeed.xml
----------------- Instantiating /home/travis/build/icyphy/ptII/ptolemy/actor/lib/fmi/test/auto/FMUPumpConstantSpeed.xml
FMU Builder messages:

Attempting to build /tmp/FMUFile11668821502520700029.tmp/binaries/linux64/pumpConstantSpeed.so
architecture: linux64 isWindows: false  command: make target: linux64
make ARCH=linux64 CBITSFLAGS=-fvisibility=hidden PIC=-fPIC SHARED_LIBRARY_SUFFIX=so pumpConstantSpeed.so
make[1]: Entering directory '/tmp/FMUFile11668821502520700029.tmp/sources'
echo `pwd`
/tmp/FMUFile11668821502520700029.tmp/sources
cc -g -c -fvisibility=hidden -fPIC -Wall -DFMI_COSIMULATION -I.  pumpConstantSpeed.c -o pumpConstantSpeed.o
Creating ../binaries/linux64/
cc -fvisibility=hidden -g -Wall -shared -Wl,-soname,pumpConstantSpeed.so -DFMI_COSIMULATION -I. -o ../binaries/linux64/pumpConstantSpeed.so pumpConstantSpeed.o 
rm pumpConstantSpeed.o
make[1]: Leaving directory '/tmp/FMUFile11668821502520700029.tmp/sources'

113 ms. Memory: 475136K Free: 230766K (49%)
----------------- Invoking toplevel() on ptolemy.moml.MoMLSimpleApplication@6bdfd54b
----------------- Done invoking toplevel() on ptolemy.moml.MoMLSimpleApplication@6bdfd54b
reloadAllAccessors: .FMUPumpConstantSpeed

===========================================================================================
----------------- testing Fri Jul 12 04:58:54 UTC 2019 /home/travis/build/icyphy/ptII/ptolemy/actor/lib/fmi/test/auto/FMUQSSTankOpen.xml
----------------- Instantiating /home/travis/build/icyphy/ptII/ptolemy/actor/lib/fmi/test/auto/FMUQSSTankOpen.xml
FMU Builder messages:

Attempting to build /tmp/FMUFile14731416278031112577.tmp/binaries/linux64/tankOpen.so
architecture: linux64 isWindows: false  command: make target: linux64
make ARCH=linux64 CBITSFLAGS=-fvisibility=hidden PIC=-fPIC SHARED_LIBRARY_SUFFIX=so tankOpen.so
make[1]: Entering directory '/tmp/FMUFile14731416278031112577.tmp/sources'
echo `pwd`
/tmp/FMUFile14731416278031112577.tmp/sources
cc -g -c -fvisibility=hidden -fPIC -Wall -DFMI_COSIMULATION -I.  tankOpen.c -o tankOpen.o
Creating ../binaries/linux64/
cc -fvisibility=hidden -g -Wall -shared -Wl,-soname,tankOpen.so -DFMI_COSIMULATION -I. -o ../binaries/linux64/tankOpen.so tankOpen.o -lm
rm tankOpen.o
make[1]: Leaving directory '/tmp/FMUFile14731416278031112577.tmp/sources'

 Number of steps: 39894
  stateEvents: 0
  stepEvents: 0
  timeEvents: 0
2873 ms. Memory: 475136K Free: 195648K (41%)
----------------- Invoking toplevel() on ptolemy.moml.MoMLSimpleApplication@eec4100
----------------- Done invoking toplevel() on ptolemy.moml.MoMLSimpleApplication@eec4100
reloadAllAccessors: .FMUQSSTankOpen

===========================================================================================
----------------- testing Fri Jul 12 04:58:57 UTC 2019 /home/travis/build/icyphy/ptII/ptolemy/actor/lib/fmi/test/auto/FMUSDFBouncingBall.xml
----------------- Instantiating /home/travis/build/icyphy/ptII/ptolemy/actor/lib/fmi/test/auto/FMUSDFBouncingBall.xml
8 ms. Memory: 475136K Free: 190014K (40%)
----------------- Invoking toplevel() on ptolemy.moml.MoMLSimpleApplication@3ce24bd6
----------------- Done invoking toplevel() on ptolemy.moml.MoMLSimpleApplication@3ce24bd6
reloadAllAccessors: .FMUSDFBouncingBall

===========================================================================================
----------------- testing Fri Jul 12 04:58:57 UTC 2019 /home/travis/build/icyphy/ptII/ptolemy/actor/lib/fmi/test/auto/FMUSDFBouncingBall20.xml
----------------- Instantiating /home/travis/build/icyphy/ptII/ptolemy/actor/lib/fmi/test/auto/FMUSDFBouncingBall20.xml
335 ms. Memory: 475136K Free: 415478K (87%)
----------------- Invoking toplevel() on ptolemy.moml.MoMLSimpleApplication@15c6b0d7
----------------- Done invoking toplevel() on ptolemy.moml.MoMLSimpleApplication@15c6b0d7
reloadAllAccessors: .FMUSDFBouncingBall20

===========================================================================================
----------------- testing Fri Jul 12 04:58:58 UTC 2019 /home/travis/build/icyphy/ptII/ptolemy/actor/lib/fmi/test/auto/FMUSDFBouncingBall20RC1.xml
----------------- Instantiating /home/travis/build/icyphy/ptII/ptolemy/actor/lib/fmi/test/auto/FMUSDFBouncingBall20RC1.xml
10 ms. Memory: 475136K Free: 409150K (86%)
----------------- Invoking toplevel() on ptolemy.moml.MoMLSimpleApplication@7abd1d7c
----------------- Done invoking toplevel() on ptolemy.moml.MoMLSimpleApplication@7abd1d7c
reloadAllAccessors: .FMUSDFBouncingBall20RC1

===========================================================================================
----------------- testing Fri Jul 12 04:58:58 UTC 2019 /home/travis/build/icyphy/ptII/ptolemy/actor/lib/fmi/test/auto/FMUSDFInc20.xml
----------------- Instantiating /home/travis/build/icyphy/ptII/ptolemy/actor/lib/fmi/test/auto/FMUSDFInc20.xml
14 ms. Memory: 475136K Free: 403520K (85%)
----------------- Invoking toplevel() on ptolemy.moml.MoMLSimpleApplication@3fdf609b
----------------- Done invoking toplevel() on ptolemy.moml.MoMLSimpleApplication@3fdf609b
reloadAllAccessors: .FMUSDFInc20

===========================================================================================
----------------- testing Fri Jul 12 04:58:58 UTC 2019 /home/travis/build/icyphy/ptII/ptolemy/actor/lib/fmi/test/auto/FMUStairs.xml
----------------- Instantiating /home/travis/build/icyphy/ptII/ptolemy/actor/lib/fmi/test/auto/FMUStairs.xml
28 ms. Memory: 475136K Free: 397376K (84%)
----------------- Invoking toplevel() on ptolemy.moml.MoMLSimpleApplication@77f3630d
----------------- Done invoking toplevel() on ptolemy.moml.MoMLSimpleApplication@77f3630d
reloadAllAccessors: .FMUStairs

===========================================================================================
----------------- testing Fri Jul 12 04:58:58 UTC 2019 /home/travis/build/icyphy/ptII/ptolemy/actor/lib/fmi/test/auto/FMUStepCounter1.xml
----------------- Instantiating /home/travis/build/icyphy/ptII/ptolemy/actor/lib/fmi/test/auto/FMUStepCounter1.xml
FMU Builder messages:

Attempting to build /tmp/FMUFile7213656637463065672.tmp/binaries/linux64/stepCounter1.so
architecture: linux64 isWindows: false  command: make target: linux64
make ARCH=linux64 CBITSFLAGS=-fvisibility=hidden PIC=-fPIC SHARED_LIBRARY_SUFFIX=so stepCounter1.so
make[1]: Entering directory '/tmp/FMUFile7213656637463065672.tmp/sources'
echo `pwd`
/tmp/FMUFile7213656637463065672.tmp/sources
cc -g -c -fvisibility=hidden -fPIC -Wall -DFMI_COSIMULATION -I.  stepCounter1.c -o stepCounter1.o
Creating ../binaries/linux64/
cc -fvisibility=hidden -g -Wall -shared -Wl,-soname,stepCounter1.so -DFMI_COSIMULATION -I. -o ../binaries/linux64/stepCounter1.so stepCounter1.o 

117 ms. Memory: 475136K Free: 392254K (83%)
----------------- Invoking toplevel() on ptolemy.moml.MoMLSimpleApplication@220c2117
----------------- Done invoking toplevel() on ptolemy.moml.MoMLSimpleApplication@220c2117
reloadAllAccessors: .FMUStepCounter1

===========================================================================================
----------------- testing Fri Jul 12 04:58:58 UTC 2019 /home/travis/build/icyphy/ptII/ptolemy/actor/lib/fmi/test/auto/FMUStepCounter2.xml
----------------- Instantiating /home/travis/build/icyphy/ptII/ptolemy/actor/lib/fmi/test/auto/FMUStepCounter2.xml
FMU Builder messages:

Attempting to build /tmp/FMUFile12660171250418040777.tmp/binaries/linux64/stepCounter.so
architecture: linux64 isWindows: false  command: make target: linux64
make ARCH=linux64 CBITSFLAGS=-fvisibility=hidden PIC=-fPIC SHARED_LIBRARY_SUFFIX=so stepCounter.so
make[1]: Entering directory '/tmp/FMUFile12660171250418040777.tmp/sources'
echo `pwd`
/tmp/FMUFile12660171250418040777.tmp/sources
cc -g -c -fvisibility=hidden -fPIC -Wall -DFMI_COSIMULATION -I.  stepCounter.c -o stepCounter.o
Creating ../binaries/linux64/
cc -fvisibility=hidden -g -Wall -shared -Wl,-soname,stepCounter.so -DFMI_COSIMULATION -I. -o ../binaries/linux64/stepCounter.so stepCounter.o 
rm stepCounter.o
make[1]: Leaving directory '/tmp/FMUFile12660171250418040777.tmp/sources'

140 ms. Memory: 475136K Free: 387136K (81%)
----------------- Invoking toplevel() on ptolemy.moml.MoMLSimpleApplication@29b1fa6a
----------------- Done invoking toplevel() on ptolemy.moml.MoMLSimpleApplication@29b1fa6a
reloadAllAccessors: .FMUStepCounter2

===========================================================================================
----------------- testing Fri Jul 12 04:58:58 UTC 2019 /home/travis/build/icyphy/ptII/ptolemy/actor/lib/fmi/test/auto/FMUStepCounterContinuous1.xml
----------------- Instantiating /home/travis/build/icyphy/ptII/ptolemy/actor/lib/fmi/test/auto/FMUStepCounterContinuous1.xml
19 ms. Memory: 475136K Free: 383550K (81%)
----------------- Invoking toplevel() on ptolemy.moml.MoMLSimpleApplication@49333666
----------------- Done invoking toplevel() on ptolemy.moml.MoMLSimpleApplication@49333666
reloadAllAccessors: .FMUStepCounterContinuous

===========================================================================================
----------------- testing Fri Jul 12 04:58:58 UTC 2019 /home/travis/build/icyphy/ptII/ptolemy/actor/lib/fmi/test/auto/FMUStepCounterContinuous2.xml
----------------- Instantiating /home/travis/build/icyphy/ptII/ptolemy/actor/lib/fmi/test/auto/FMUStepCounterContinuous2.xml
8 ms. Memory: 475136K Free: 379968K (80%)
----------------- Invoking toplevel() on ptolemy.moml.MoMLSimpleApplication@423efacb
----------------- Done invoking toplevel() on ptolemy.moml.MoMLSimpleApplication@423efacb
reloadAllAccessors: .FMUStepCounterContinuous2

===========================================================================================
----------------- testing Fri Jul 12 04:58:58 UTC 2019 /home/travis/build/icyphy/ptII/ptolemy/actor/lib/fmi/test/auto/FMUStepCounterContinuousTwoFMUs1.xml
----------------- Instantiating /home/travis/build/icyphy/ptII/ptolemy/actor/lib/fmi/test/auto/FMUStepCounterContinuousTwoFMUs1.xml
14 ms. Memory: 475136K Free: 374848K (79%)
----------------- Invoking toplevel() on ptolemy.moml.MoMLSimpleApplication@70899eda
----------------- Done invoking toplevel() on ptolemy.moml.MoMLSimpleApplication@70899eda
reloadAllAccessors: .FMUStepCounterContinuousTwoFMUs

===========================================================================================
----------------- testing Fri Jul 12 04:58:58 UTC 2019 /home/travis/build/icyphy/ptII/ptolemy/actor/lib/fmi/test/auto/FMUStepCounterContinuousTwoFMUs2.xml
----------------- Instantiating /home/travis/build/icyphy/ptII/ptolemy/actor/lib/fmi/test/auto/FMUStepCounterContinuousTwoFMUs2.xml
23 ms. Memory: 475136K Free: 369214K (78%)
----------------- Invoking toplevel() on ptolemy.moml.MoMLSimpleApplication@4eba5c84
----------------- Done invoking toplevel() on ptolemy.moml.MoMLSimpleApplication@4eba5c84
reloadAllAccessors: .FMUStepCounterContinuousTwoFMUs2

===========================================================================================
----------------- testing Fri Jul 12 04:58:58 UTC 2019 /home/travis/build/icyphy/ptII/ptolemy/actor/lib/fmi/test/auto/FMUStepCounterExtendedFMI.xml
----------------- Instantiating /home/travis/build/icyphy/ptII/ptolemy/actor/lib/fmi/test/auto/FMUStepCounterExtendedFMI.xml
FMU Builder messages:

Attempting to build /tmp/FMUFile541852308614832307.tmp/binaries/linux64/stepCounterExtendedFMI.so
architecture: linux64 isWindows: false  command: make target: linux64
make ARCH=linux64 CBITSFLAGS=-fvisibility=hidden PIC=-fPIC SHARED_LIBRARY_SUFFIX=so stepCounterExtendedFMI.so
make[1]: Entering directory '/tmp/FMUFile541852308614832307.tmp/sources'
echo `pwd`
/tmp/FMUFile541852308614832307.tmp/sources
cc -g -c -fvisibility=hidden -fPIC -Wall -DFMI_COSIMULATION -I.  stepCounterExtendedFMI.c -o stepCounterExtendedFMI.o
Creating ../binaries/linux64/
cc -fvisibility=hidden -g -Wall -shared -Wl,-soname,stepCounterExtendedFMI.so -DFMI_COSIMULATION -I. -o ../binaries/linux64/stepCounterExtendedFMI.so stepCounterExtendedFMI.o 
rm stepCounterExtendedFMI.o
make[1]: Leaving directory '/tmp/FMUFile541852308614832307.tmp/sources'

129 ms. Memory: 475136K Free: 361536K (76%)
----------------- Invoking toplevel() on ptolemy.moml.MoMLSimpleApplication@2758eb2b
----------------- Done invoking toplevel() on ptolemy.moml.MoMLSimpleApplication@2758eb2b
reloadAllAccessors: .FMUStepCounterExtendedFMI

===========================================================================================
----------------- testing Fri Jul 12 04:58:58 UTC 2019 /home/travis/build/icyphy/ptII/ptolemy/actor/lib/fmi/test/auto/FMUStepCounterPeriodInNameContinuous2.xml
----------------- Instantiating /home/travis/build/icyphy/ptII/ptolemy/actor/lib/fmi/test/auto/FMUStepCounterPeriodInNameContinuous2.xml
FMU Builder messages:

Attempting to build /tmp/FMUFile1521615814065218524.tmp/binaries/linux64/stepCounterPeriodInName.so
architecture: linux64 isWindows: false  command: make target: linux64
make ARCH=linux64 CBITSFLAGS=-fvisibility=hidden PIC=-fPIC SHARED_LIBRARY_SUFFIX=so stepCounterPeriodInName.so
make[1]: Entering directory '/tmp/FMUFile1521615814065218524.tmp/sources'
echo `pwd`
/tmp/FMUFile1521615814065218524.tmp/sources
cc -g -c -fvisibility=hidden -fPIC -Wall -DFMI_COSIMULATION -I.  stepCounterPeriodInName.c -o stepCounterPeriodInName.o
Creating ../binaries/linux64/
cc -fvisibility=hidden -g -Wall -shared -Wl,-soname,stepCounterPeriodInName.so -DFMI_COSIMULATION -I. -o ../binaries/linux64/stepCounterPeriodInName.so stepCounterPeriodInName.o 
rm stepCounterPeriodInName.o
make[1]: Leaving directory '/tmp/FMUFile1521615814065218524.tmp/sources'

101 ms. Memory: 475136K Free: 356416K (75%)
----------------- Invoking toplevel() on ptolemy.moml.MoMLSimpleApplication@5bb63875
----------------- Done invoking toplevel() on ptolemy.moml.MoMLSimpleApplication@5bb63875
reloadAllAccessors: .FMUStepCounterPeriodInNameContinuous2

===========================================================================================
----------------- testing Fri Jul 12 04:58:58 UTC 2019 /home/travis/build/icyphy/ptII/ptolemy/actor/lib/fmi/test/auto/FMUTankOpen.xml
----------------- Instantiating /home/travis/build/icyphy/ptII/ptolemy/actor/lib/fmi/test/auto/FMUTankOpen.xml
35 ms. Memory: 475136K Free: 347710K (73%)
----------------- Invoking toplevel() on ptolemy.moml.MoMLSimpleApplication@38c8a93d
----------------- Done invoking toplevel() on ptolemy.moml.MoMLSimpleApplication@38c8a93d
reloadAllAccessors: .FMUTankOpen

===========================================================================================
----------------- testing Fri Jul 12 04:58:58 UTC 2019 /home/travis/build/icyphy/ptII/ptolemy/actor/lib/fmi/test/auto/FMUTwoBallCollision.xml
----------------- Instantiating /home/travis/build/icyphy/ptII/ptolemy/actor/lib/fmi/test/auto/FMUTwoBallCollision.xml
131 ms. Memory: 475136K Free: 314942K (66%)
----------------- Invoking toplevel() on ptolemy.moml.MoMLSimpleApplication@5278d490
----------------- Done invoking toplevel() on ptolemy.moml.MoMLSimpleApplication@5278d490
reloadAllAccessors: .FMUTwoBallCollision

===========================================================================================
----------------- testing Fri Jul 12 04:58:59 UTC 2019 /home/travis/build/icyphy/ptII/ptolemy/actor/lib/fmi/test/auto/FMUValues.xml
----------------- Instantiating /home/travis/build/icyphy/ptII/ptolemy/actor/lib/fmi/test/auto/FMUValues.xml
15 ms. Memory: 475136K Free: 307264K (65%)
----------------- Invoking toplevel() on ptolemy.moml.MoMLSimpleApplication@3dcb53ac
----------------- Done invoking toplevel() on ptolemy.moml.MoMLSimpleApplication@3dcb53ac
reloadAllAccessors: .FMUValues

===========================================================================================
----------------- testing Fri Jul 12 04:58:59 UTC 2019 /home/travis/build/icyphy/ptII/ptolemy/actor/lib/fmi/test/auto/FMUValues20.xml
----------------- Instantiating /home/travis/build/icyphy/ptII/ptolemy/actor/lib/fmi/test/auto/FMUValues20.xml
13 ms. Memory: 475136K Free: 298528K (63%)
----------------- Invoking toplevel() on ptolemy.moml.MoMLSimpleApplication@470e1fa5
----------------- Done invoking toplevel() on ptolemy.moml.MoMLSimpleApplication@470e1fa5
reloadAllAccessors: .FMUValues20

===========================================================================================
----------------- testing Fri Jul 12 04:58:59 UTC 2019 /home/travis/build/icyphy/ptII/ptolemy/actor/lib/fmi/test/auto/FMUValuesME20.xml
----------------- Instantiating /home/travis/build/icyphy/ptII/ptolemy/actor/lib/fmi/test/auto/FMUValuesME20.xml
38 ms. Memory: 475136K Free: 285246K (60%)
----------------- Invoking toplevel() on ptolemy.moml.MoMLSimpleApplication@28ed482f
----------------- Done invoking toplevel() on ptolemy.moml.MoMLSimpleApplication@28ed482f
reloadAllAccessors: .FMUValuesME20

===========================================================================================
----------------- testing Fri Jul 12 04:58:59 UTC 2019 /home/travis/build/icyphy/ptII/ptolemy/actor/lib/fmi/test/auto/FMUVanDerPol.xml
----------------- Instantiating /home/travis/build/icyphy/ptII/ptolemy/actor/lib/fmi/test/auto/FMUVanDerPol.xml
5 ms. Memory: 475136K Free: 280126K (59%)
----------------- Invoking toplevel() on ptolemy.moml.MoMLSimpleApplication@627580e
----------------- Done invoking toplevel() on ptolemy.moml.MoMLSimpleApplication@627580e
reloadAllAccessors: .FMUVanDerPol

===========================================================================================
----------------- testing Fri Jul 12 04:58:59 UTC 2019 /home/travis/build/icyphy/ptII/ptolemy/actor/lib/fmi/test/auto/FMUVanDerPol20.xml
----------------- Instantiating /home/travis/build/icyphy/ptII/ptolemy/actor/lib/fmi/test/auto/FMUVanDerPol20.xml
40 ms. Memory: 475136K Free: 264766K (56%)
----------------- Invoking toplevel() on ptolemy.moml.MoMLSimpleApplication@16fc7caa
----------------- Done invoking toplevel() on ptolemy.moml.MoMLSimpleApplication@16fc7caa
reloadAllAccessors: .FMUVanDerPol20

===========================================================================================
----------------- testing Fri Jul 12 04:58:59 UTC 2019 /home/travis/build/icyphy/ptII/ptolemy/actor/lib/fmi/test/auto/FMUVanDerPolME20.xml
----------------- Instantiating /home/travis/build/icyphy/ptII/ptolemy/actor/lib/fmi/test/auto/FMUVanDerPolME20.xml
12 ms. Memory: 475136K Free: 255040K (54%)
----------------- Invoking toplevel() on ptolemy.moml.MoMLSimpleApplication@5d934221
----------------- Done invoking toplevel() on ptolemy.moml.MoMLSimpleApplication@5d934221
reloadAllAccessors: .FMUVanDerPolME20

===========================================================================================
----------------- testing Fri Jul 12 04:58:59 UTC 2019 /home/travis/build/icyphy/ptII/ptolemy/actor/lib/fmi/test/auto/FMUdq20RC1.xml
----------------- Instantiating /home/travis/build/icyphy/ptII/ptolemy/actor/lib/fmi/test/auto/FMUdq20RC1.xml
4 ms. Memory: 475136K Free: 250430K (53%)
----------------- Invoking toplevel() on ptolemy.moml.MoMLSimpleApplication@4db20733
----------------- Done invoking toplevel() on ptolemy.moml.MoMLSimpleApplication@4db20733
reloadAllAccessors: .FMUdq20RC1

===========================================================================================
----------------- testing Fri Jul 12 04:58:59 UTC 2019 /home/travis/build/icyphy/ptII/ptolemy/actor/lib/fmi/test/auto/FMUvalues20RC1.xml
----------------- Instantiating /home/travis/build/icyphy/ptII/ptolemy/actor/lib/fmi/test/auto/FMUvalues20RC1.xml
13 ms. Memory: 475136K Free: 242238K (51%)
----------------- Invoking toplevel() on ptolemy.moml.MoMLSimpleApplication@70415377
----------------- Done invoking toplevel() on ptolemy.moml.MoMLSimpleApplication@70415377
reloadAllAccessors: .FMUvalues20RC1

===========================================================================================
----------------- testing Fri Jul 12 04:58:59 UTC 2019 /home/travis/build/icyphy/ptII/ptolemy/actor/lib/fmi/test/auto/FMUvanDerPol20RC1.xml
----------------- Instantiating /home/travis/build/icyphy/ptII/ptolemy/actor/lib/fmi/test/auto/FMUvanDerPol20RC1.xml
9 ms. Memory: 475136K Free: 236094K (50%)
----------------- Invoking toplevel() on ptolemy.moml.MoMLSimpleApplication@5ee41507
----------------- Done invoking toplevel() on ptolemy.moml.MoMLSimpleApplication@5ee41507
reloadAllAccessors: .FMUvanDerPol20RC1

===========================================================================================
----------------- testing Fri Jul 12 04:58:59 UTC 2019 /home/travis/build/icyphy/ptII/ptolemy/actor/lib/fmi/test/auto/TestZeroDelayFeedback.xml
----------------- Instantiating /home/travis/build/icyphy/ptII/ptolemy/actor/lib/fmi/test/auto/TestZeroDelayFeedback.xml
FMU Builder messages:

Attempting to build /tmp/FMUFile1083229765082418736.tmp/binaries/linux64/Constant.so
architecture: linux64 isWindows: false  command: make target: linux64
make ARCH=linux64 CBITSFLAGS=-fvisibility=hidden PIC=-fPIC SHARED_LIBRARY_SUFFIX=so Constant.so
make[1]: Entering directory '/tmp/FMUFile1083229765082418736.tmp/sources'
echo `pwd`
/tmp/FMUFile1083229765082418736.tmp/sources
cc -g -c -fvisibility=hidden -fPIC -Wall -DFMI_COSIMULATION -I.  Constant.c -o Constant.o
Creating ../binaries/linux64/
cc -fvisibility=hidden -g -Wall -shared -Wl,-soname,Constant.so -DFMI_COSIMULATION -I. -o ../binaries/linux64/Constant.so Constant.o 
rm Constant.o
make[1]: Leaving directory '/tmp/FMUFile1083229765082418736.tmp/sources'

FMU Builder messages:

Attempting to build /tmp/FMUFile4882254165178838742.tmp/binaries/linux64/Integrator.so
architecture: linux64 isWindows: false  command: make target: linux64
make ARCH=linux64 CBITSFLAGS=-fvisibility=hidden PIC=-fPIC SHARED_LIBRARY_SUFFIX=so Integrator.so
make[1]: Entering directory '/tmp/FMUFile4882254165178838742.tmp/sources'
echo `pwd`
/tmp/FMUFile4882254165178838742.tmp/sources
cc -g -c -fvisibility=hidden -fPIC -Wall -DFMI_COSIMULATION -I.  Integrator.c -o Integrator.o
Integrator.c: In function ‘fmi2HybridGetMaxStepSize’:
Integrator.c:112:20: warning: unused variable ‘comp’ [-Wunused-variable]
     ModelInstance *comp = (ModelInstance *)c;
                    ^
In file included from Integrator.c:123:0:
fmuTemplate.c: In function ‘fmi2HybridDoStep’:
fmuTemplate.c:992:12: warning: variable ‘prevState’ set but not used [-Wunused-but-set-variable]
     double prevState[max(NUMBER_OF_STATES, 1)];
            ^
Creating ../binaries/linux64/
cc -fvisibility=hidden -g -Wall -shared -Wl,-soname,Integrator.so -DFMI_COSIMULATION -I. -o ../binaries/linux64/Integrator.so Integrator.o 

FMU Builder messages:

Attempting to build /tmp/FMUFile2791980619167351662.tmp/binaries/linux64/Adder.so
architecture: linux64 isWindows: false  command: make target: linux64
make ARCH=linux64 CBITSFLAGS=-fvisibility=hidden PIC=-fPIC SHARED_LIBRARY_SUFFIX=so Adder.so
make[1]: Entering directory '/tmp/FMUFile2791980619167351662.tmp/sources'
echo `pwd`
/tmp/FMUFile2791980619167351662.tmp/sources
cc -g -c -fvisibility=hidden -fPIC -Wall -DFMI_COSIMULATION -I.  Adder.c -o Adder.o
Creating ../binaries/linux64/
cc -fvisibility=hidden -g -Wall -shared -Wl,-soname,Adder.so -DFMI_COSIMULATION -I. -o ../binaries/linux64/Adder.so Adder.o 
rm Adder.o
make[1]: Leaving directory '/tmp/FMUFile2791980619167351662.tmp/sources'

FMU Builder messages:

Attempting to build /tmp/FMUFile1795769597844145069.tmp/binaries/linux64/ZeroCrossingDetector.so
architecture: linux64 isWindows: false  command: make target: linux64
make ARCH=linux64 CBITSFLAGS=-fvisibility=hidden PIC=-fPIC SHARED_LIBRARY_SUFFIX=so ZeroCrossingDetector.so
make[1]: Entering directory '/tmp/FMUFile1795769597844145069.tmp/sources'
echo `pwd`
/tmp/FMUFile1795769597844145069.tmp/sources
cc -g -c -fvisibility=hidden -fPIC -Wall -DFMI_COSIMULATION -I.  ZeroCrossingDetector.c -o ZeroCrossingDetector.o
Creating ../binaries/linux64/
cc -fvisibility=hidden -g -Wall -shared -Wl,-soname,ZeroCrossingDetector.so -DFMI_COSIMULATION -I. -o ../binaries/linux64/ZeroCrossingDetector.so ZeroCrossingDetector.o 
rm ZeroCrossingDetector.o
make[1]: Leaving directory '/tmp/FMUFile1795769597844145069.tmp/sources'

FMU Builder messages:

Attempting to build /tmp/FMUFile11186086088350619197.tmp/binaries/linux64/Delay.so
architecture: linux64 isWindows: false  command: make target: linux64
make ARCH=linux64 CBITSFLAGS=-fvisibility=hidden PIC=-fPIC SHARED_LIBRARY_SUFFIX=so Delay.so
make[1]: Entering directory '/tmp/FMUFile11186086088350619197.tmp/sources'
echo `pwd`
/tmp/FMUFile11186086088350619197.tmp/sources
cc -g -c -fvisibility=hidden -fPIC -Wall -DFMI_COSIMULATION -I.  Delay.c -o Delay.o
Creating ../binaries/linux64/
cc -fvisibility=hidden -g -Wall -shared -Wl,-soname,Delay.so -DFMI_COSIMULATION -I. -o ../binaries/linux64/Delay.so Delay.o 
rm Delay.o
make[1]: Leaving directory '/tmp/FMUFile11186086088350619197.tmp/sources'

1083 ms. Memory: 475136K Free: 219710K (46%)
----------------- Invoking toplevel() on ptolemy.moml.MoMLSimpleApplication@21d677f8
----------------- Done invoking toplevel() on ptolemy.moml.MoMLSimpleApplication@21d677f8
reloadAllAccessors: .TestZeroDelayFeedback

===========================================================================================
----------------- testing Fri Jul 12 04:59:00 UTC 2019 /home/travis/build/icyphy/ptII/ptolemy/actor/lib/fmi/test/auto/helloWorldME2.xml
----------------- Instantiating /home/travis/build/icyphy/ptII/ptolemy/actor/lib/fmi/test/auto/helloWorldME2.xml
15 ms. Memory: 475136K Free: 216128K (45%)
----------------- Invoking toplevel() on ptolemy.moml.MoMLSimpleApplication@1d251465
----------------- Done invoking toplevel() on ptolemy.moml.MoMLSimpleApplication@1d251465
reloadAllAccessors: .helloWorldME2
AutoTests.java: About to close Vertx.
AutoTests.java: Vertx closed.
]]></system-out>
  <system-err><![CDATA[java.lang.RuntimeException: Execution failed
	at ptolemy.moml.MoMLSimpleApplication$UnloadThread.run(MoMLSimpleApplication.java:402)
Caused by: ptolemy.kernel.util.IllegalActionException: Could not simulate, inc20_fmiDoStep(Component, /* time */ 0.0, /* stepSize */0.0, /* newStep */ 1) returned fmiError
  in .FMUInc20.inc20
	at ptolemy.actor.lib.fmi.FMUImport._fmiDoStep(FMUImport.java:2739)
	at ptolemy.actor.lib.fmi.FMUImport.fire(FMUImport.java:675)
	at ptolemy.actor.sched.FixedPointDirector._fireActor(FixedPointDirector.java:768)
	at ptolemy.actor.sched.FixedPointDirector.fire(FixedPointDirector.java:244)
	at ptolemy.domains.continuous.kernel.ContinuousDirector.fire(ContinuousDirector.java:494)
	at ptolemy.actor.CompositeActor.fire(CompositeActor.java:455)
	at ptolemy.actor.Manager.iterate(Manager.java:851)
	at ptolemy.actor.Manager.execute(Manager.java:369)
	at ptolemy.actor.Manager.run(Manager.java:1263)
	at ptolemy.actor.Manager$PtolemyRunThread.run(Manager.java:1915)
java.lang.reflect.InvocationTargetException
	at java.base/jdk.internal.reflect.NativeConstructorAccessorImpl.newInstance0(Native Method)
	at java.base/jdk.internal.reflect.NativeConstructorAccessorImpl.newInstance(NativeConstructorAccessorImpl.java:62)
	at java.base/jdk.internal.reflect.DelegatingConstructorAccessorImpl.newInstance(DelegatingConstructorAccessorImpl.java:45)
	at java.base/java.lang.reflect.Constructor.newInstance(Constructor.java:490)
	at ptolemy.util.test.junit.AutoKnownFailedTests.RunModel(AutoKnownFailedTests.java:105)
	at java.base/jdk.internal.reflect.NativeMethodAccessorImpl.invoke0(Native Method)
	at java.base/jdk.internal.reflect.NativeMethodAccessorImpl.invoke(NativeMethodAccessorImpl.java:62)
	at java.base/jdk.internal.reflect.DelegatingMethodAccessorImpl.invoke(DelegatingMethodAccessorImpl.java:43)
	at java.base/java.lang.reflect.Method.invoke(Method.java:566)
	at org.junit.runners.model.FrameworkMethod$1.runReflectiveCall(FrameworkMethod.java:44)
	at org.junit.internal.runners.model.ReflectiveCallable.run(ReflectiveCallable.java:15)
	at org.junit.runners.model.FrameworkMethod.invokeExplosively(FrameworkMethod.java:41)
	at junitparams.internal.InvokeParameterisedMethod.evaluate(InvokeParameterisedMethod.java:102)
	at org.junit.internal.runners.statements.FailOnTimeout$1.run(FailOnTimeout.java:28)
Caused by: ptolemy.kernel.util.IllegalActionException: Could not simulate, inc20_fmiDoStep(Component, /* time */ 0.0, /* stepSize */0.0, /* newStep */ 1) returned fmiError
  in .FMUInc20.inc20
	at ptolemy.actor.lib.fmi.FMUImport._fmiDoStep(FMUImport.java:2739)
	at ptolemy.actor.lib.fmi.FMUImport.fire(FMUImport.java:675)
	at ptolemy.actor.sched.FixedPointDirector._fireActor(FixedPointDirector.java:768)
	at ptolemy.actor.sched.FixedPointDirector.fire(FixedPointDirector.java:244)
	at ptolemy.domains.continuous.kernel.ContinuousDirector.fire(ContinuousDirector.java:494)
	at ptolemy.actor.CompositeActor.fire(CompositeActor.java:455)
	at ptolemy.actor.Manager.iterate(Manager.java:851)
	at ptolemy.actor.Manager.execute(Manager.java:369)
	at ptolemy.actor.Manager.run(Manager.java:1263)
	at ptolemy.actor.Manager$PtolemyRunThread.run(Manager.java:1915)
]]></system-err>
</testsuite>
