<?xml version="1.0" encoding="UTF-8" ?>
<testsuite errors="0" failures="0" hostname="travis-job-0b918cea-a1ef-4de4-b1c3-505dd4c4135b" name="ptolemy.actor.lib.hoc.test.junit.JUnitTclTest" skipped="0" tests="58" time="30.439" timestamp="2020-10-13T15:45:40">
  <properties>
[...]
</properties>
  <testcase classname="ptolemy.util.test.junit.TclTests" name="[0] /home/travis/build/icyphy/ptII/ptolemy/actor/lib/hoc/test/IterateOverArray.tcl (RunTclFile)" time="0.312" />
  <testcase classname="ptolemy.util.test.junit.AutoKnownFailedTests" name="[0] /home/travis/build/icyphy/ptII/ptolemy/actor/lib/hoc/test/auto/knownFailedTests/PreinitializeMustBeInvokedRunComposite.xml (RunModel)" time="0.393" />
  <testcase classname="ptolemy.util.test.junit.AutoNameArchTests" name="[0] ThereAreNoAutoArchTests (RunModel)" time="0.002" />
  <testcase classname="ptolemy.util.test.junit.AutoTests" name="[0] /home/travis/build/icyphy/ptII/ptolemy/actor/lib/hoc/test/auto/AllToAllMultiInstanceComposite.xml (RunModel)" time="0.374" />
  <testcase classname="ptolemy.util.test.junit.AutoTests" name="[1] /home/travis/build/icyphy/ptII/ptolemy/actor/lib/hoc/test/auto/ApplyFFTTest.xml (RunModel)" time="0.263" />
  <testcase classname="ptolemy.util.test.junit.AutoTests" name="[2] /home/travis/build/icyphy/ptII/ptolemy/actor/lib/hoc/test/auto/ApplyFunction.xml (RunModel)" time="0.039" />
  <testcase classname="ptolemy.util.test.junit.AutoTests" name="[3] /home/travis/build/icyphy/ptII/ptolemy/actor/lib/hoc/test/auto/BackgroundExecution.xml (RunModel)" time="0.747" />
  <testcase classname="ptolemy.util.test.junit.AutoTests" name="[4] /home/travis/build/icyphy/ptII/ptolemy/actor/lib/hoc/test/auto/Case.xml (RunModel)" time="0.098" />
  <testcase classname="ptolemy.util.test.junit.AutoTests" name="[5] /home/travis/build/icyphy/ptII/ptolemy/actor/lib/hoc/test/auto/Case1.xml (RunModel)" time="0.059" />
  <testcase classname="ptolemy.util.test.junit.AutoTests" name="[6] /home/travis/build/icyphy/ptII/ptolemy/actor/lib/hoc/test/auto/Case2.xml (RunModel)" time="0.09" />
  <testcase classname="ptolemy.util.test.junit.AutoTests" name="[7] /home/travis/build/icyphy/ptII/ptolemy/actor/lib/hoc/test/auto/Case3.xml (RunModel)" time="0.054" />
  <testcase classname="ptolemy.util.test.junit.AutoTests" name="[8] /home/travis/build/icyphy/ptII/ptolemy/actor/lib/hoc/test/auto/Case4.xml (RunModel)" time="0.069" />
  <testcase classname="ptolemy.util.test.junit.AutoTests" name="[9] /home/travis/build/icyphy/ptII/ptolemy/actor/lib/hoc/test/auto/Case5.xml (RunModel)" time="0.086" />
  <testcase classname="ptolemy.util.test.junit.AutoTests" name="[10] /home/travis/build/icyphy/ptII/ptolemy/actor/lib/hoc/test/auto/Case6.xml (RunModel)" time="0.109" />
  <testcase classname="ptolemy.util.test.junit.AutoTests" name="[11] /home/travis/build/icyphy/ptII/ptolemy/actor/lib/hoc/test/auto/CaseString2.xml (RunModel)" time="0.054" />
  <testcase classname="ptolemy.util.test.junit.AutoTests" name="[12] /home/travis/build/icyphy/ptII/ptolemy/actor/lib/hoc/test/auto/CatchUpComposite1.xml (RunModel)" time="0.082" />
  <testcase classname="ptolemy.util.test.junit.AutoTests" name="[13] /home/travis/build/icyphy/ptII/ptolemy/actor/lib/hoc/test/auto/CatchUpComposite2.xml (RunModel)" time="0.077" />
  <testcase classname="ptolemy.util.test.junit.AutoTests" name="[14] /home/travis/build/icyphy/ptII/ptolemy/actor/lib/hoc/test/auto/CatchUpComposite3.xml (RunModel)" time="0.051" />
  <testcase classname="ptolemy.util.test.junit.AutoTests" name="[15] /home/travis/build/icyphy/ptII/ptolemy/actor/lib/hoc/test/auto/CatchUpComposite4.xml (RunModel)" time="0.036" />
  <testcase classname="ptolemy.util.test.junit.AutoTests" name="[16] /home/travis/build/icyphy/ptII/ptolemy/actor/lib/hoc/test/auto/CatchUpComposite5.xml (RunModel)" time="0.029" />
  <testcase classname="ptolemy.util.test.junit.AutoTests" name="[17] /home/travis/build/icyphy/ptII/ptolemy/actor/lib/hoc/test/auto/CatchUpComposite6.xml (RunModel)" time="0.158" />
  <testcase classname="ptolemy.util.test.junit.AutoTests" name="[18] /home/travis/build/icyphy/ptII/ptolemy/actor/lib/hoc/test/auto/CatchUpComposite7.xml (RunModel)" time="0.059" />
  <testcase classname="ptolemy.util.test.junit.AutoTests" name="[19] /home/travis/build/icyphy/ptII/ptolemy/actor/lib/hoc/test/auto/ConcurrentExecutionTimeSDF.xml (RunModel)" time="1.566" />
  <testcase classname="ptolemy.util.test.junit.AutoTests" name="[20] /home/travis/build/icyphy/ptII/ptolemy/actor/lib/hoc/test/auto/ConcurrentSleep.xml (RunModel)" time="0.755" />
  <testcase classname="ptolemy.util.test.junit.AutoTests" name="[21] /home/travis/build/icyphy/ptII/ptolemy/actor/lib/hoc/test/auto/DEInPNInRunCompositeActor.xml (RunModel)" time="0.051" />
  <testcase classname="ptolemy.util.test.junit.AutoTests" name="[22] /home/travis/build/icyphy/ptII/ptolemy/actor/lib/hoc/test/auto/DFTSubSetTest.xml (RunModel)" time="0.248" />
  <testcase classname="ptolemy.util.test.junit.AutoTests" name="[23] /home/travis/build/icyphy/ptII/ptolemy/actor/lib/hoc/test/auto/HocDE.xml (RunModel)" time="0.168" />
  <testcase classname="ptolemy.util.test.junit.AutoTests" name="[24] /home/travis/build/icyphy/ptII/ptolemy/actor/lib/hoc/test/auto/IterateOverArray.xml (RunModel)" time="0.039" />
  <testcase classname="ptolemy.util.test.junit.AutoTests" name="[25] /home/travis/build/icyphy/ptII/ptolemy/actor/lib/hoc/test/auto/IterateOverArray10.xml (RunModel)" time="0.024" />
  <testcase classname="ptolemy.util.test.junit.AutoTests" name="[26] /home/travis/build/icyphy/ptII/ptolemy/actor/lib/hoc/test/auto/IterateOverArray11.xml (RunModel)" time="0.018" />
  <testcase classname="ptolemy.util.test.junit.AutoTests" name="[27] /home/travis/build/icyphy/ptII/ptolemy/actor/lib/hoc/test/auto/IterateOverArray12.xml (RunModel)" time="0.024" />
  <testcase classname="ptolemy.util.test.junit.AutoTests" name="[28] /home/travis/build/icyphy/ptII/ptolemy/actor/lib/hoc/test/auto/IterateOverArray13.xml (RunModel)" time="0.15" />
  <testcase classname="ptolemy.util.test.junit.AutoTests" name="[29] /home/travis/build/icyphy/ptII/ptolemy/actor/lib/hoc/test/auto/IterateOverArray14.xml (RunModel)" time="0.149" />
  <testcase classname="ptolemy.util.test.junit.AutoTests" name="[30] /home/travis/build/icyphy/ptII/ptolemy/actor/lib/hoc/test/auto/IterateOverArray2.xml (RunModel)" time="0.027" />
  <testcase classname="ptolemy.util.test.junit.AutoTests" name="[31] /home/travis/build/icyphy/ptII/ptolemy/actor/lib/hoc/test/auto/IterateOverArray3.xml (RunModel)" time="0.04" />
  <testcase classname="ptolemy.util.test.junit.AutoTests" name="[32] /home/travis/build/icyphy/ptII/ptolemy/actor/lib/hoc/test/auto/IterateOverArray4.xml (RunModel)" time="0.026" />
  <testcase classname="ptolemy.util.test.junit.AutoTests" name="[33] /home/travis/build/icyphy/ptII/ptolemy/actor/lib/hoc/test/auto/IterateOverArray5.xml (RunModel)" time="0.023" />
  <testcase classname="ptolemy.util.test.junit.AutoTests" name="[34] /home/travis/build/icyphy/ptII/ptolemy/actor/lib/hoc/test/auto/IterateOverArray6.xml (RunModel)" time="0.022" />
  <testcase classname="ptolemy.util.test.junit.AutoTests" name="[35] /home/travis/build/icyphy/ptII/ptolemy/actor/lib/hoc/test/auto/IterateOverArray7.xml (RunModel)" time="0.021" />
  <testcase classname="ptolemy.util.test.junit.AutoTests" name="[36] /home/travis/build/icyphy/ptII/ptolemy/actor/lib/hoc/test/auto/IterateOverArray8.xml (RunModel)" time="0.022" />
  <testcase classname="ptolemy.util.test.junit.AutoTests" name="[37] /home/travis/build/icyphy/ptII/ptolemy/actor/lib/hoc/test/auto/IterateOverArray9.xml (RunModel)" time="0.02" />
  <testcase classname="ptolemy.util.test.junit.AutoTests" name="[38] /home/travis/build/icyphy/ptII/ptolemy/actor/lib/hoc/test/auto/IterateOverArrayCoercedOutputType.xml (RunModel)" time="0.038" />
  <testcase classname="ptolemy.util.test.junit.AutoTests" name="[39] /home/travis/build/icyphy/ptII/ptolemy/actor/lib/hoc/test/auto/IterateOverArrayInferredOutputType.xml (RunModel)" time="0.031" />
  <testcase classname="ptolemy.util.test.junit.AutoTests" name="[40] /home/travis/build/icyphy/ptII/ptolemy/actor/lib/hoc/test/auto/MobileFunctionTest.xml (RunModel)" time="0.021" />
  <testcase classname="ptolemy.util.test.junit.AutoTests" name="[41] /home/travis/build/icyphy/ptII/ptolemy/actor/lib/hoc/test/auto/MobileModelTest.xml (RunModel)" time="0.184" />
  <testcase classname="ptolemy.util.test.junit.AutoTests" name="[42] /home/travis/build/icyphy/ptII/ptolemy/actor/lib/hoc/test/auto/ModelReference.xml (RunModel)" time="0.065" />
  <testcase classname="ptolemy.util.test.junit.AutoTests" name="[43] /home/travis/build/icyphy/ptII/ptolemy/actor/lib/hoc/test/auto/ModelReference3.xml (RunModel)" time="0.036" />
  <testcase classname="ptolemy.util.test.junit.AutoTests" name="[44] /home/travis/build/icyphy/ptII/ptolemy/actor/lib/hoc/test/auto/ModelReference4.xml (RunModel)" time="10.025" />
  <testcase classname="ptolemy.util.test.junit.AutoTests" name="[45] /home/travis/build/icyphy/ptII/ptolemy/actor/lib/hoc/test/auto/MultiInstanceComposite.xml (RunModel)" time="0.053" />
  <testcase classname="ptolemy.util.test.junit.AutoTests" name="[46] /home/travis/build/icyphy/ptII/ptolemy/actor/lib/hoc/test/auto/MultiInstanceComposite2.xml (RunModel)" time="0.037" />
  <testcase classname="ptolemy.util.test.junit.AutoTests" name="[47] /home/travis/build/icyphy/ptII/ptolemy/actor/lib/hoc/test/auto/MulticoreExecution.xml (RunModel)" time="1.085" />
  <testcase classname="ptolemy.util.test.junit.AutoTests" name="[48] /home/travis/build/icyphy/ptII/ptolemy/actor/lib/hoc/test/auto/ParallelExecution.xml (RunModel)" time="0.931" />
  <testcase classname="ptolemy.util.test.junit.AutoTests" name="[49] /home/travis/build/icyphy/ptII/ptolemy/actor/lib/hoc/test/auto/RunCompositeActor.xml (RunModel)" time="0.019" />
  <testcase classname="ptolemy.util.test.junit.AutoTests" name="[50] /home/travis/build/icyphy/ptII/ptolemy/actor/lib/hoc/test/auto/RunCompositeActor2.xml (RunModel)" time="0.02" />
  <testcase classname="ptolemy.util.test.junit.AutoTests" name="[51] /home/travis/build/icyphy/ptII/ptolemy/actor/lib/hoc/test/auto/RunCompositeActor3.xml (RunModel)" time="0.015" />
  <testcase classname="ptolemy.util.test.junit.AutoTests" name="[52] /home/travis/build/icyphy/ptII/ptolemy/actor/lib/hoc/test/auto/RunCompositeActor4.xml (RunModel)" time="0.021" />
  <testcase classname="ptolemy.util.test.junit.AutoTests" name="[53] /home/travis/build/icyphy/ptII/ptolemy/actor/lib/hoc/test/auto/RunCompositeIterateOverArray.xml (RunModel)" time="0.023" />
  <testcase classname="ptolemy.util.test.junit.AutoTests" name="[54] /home/travis/build/icyphy/ptII/ptolemy/actor/lib/hoc/test/auto/ThreadedJS.xml (RunModel)" time="10.601" />
  <system-out><![CDATA[/home/travis/build/icyphy/ptII/ptolemy/actor/lib/hoc/test/IterateOverArray.tcl
testDefs.tcl: setting time out to 9000 seconds at Tue Oct 13 15:45:41 UTC 2020
10/13/20 03:45:41
Failed: 0  Total Tests: 2  ((Passed: 2, Newly Passed: 0)  Known Failed: 0) /home/travis/build/icyphy/ptII/ptolemy/actor/lib/hoc/test
----------------- testing (KnownFailure) /home/travis/build/icyphy/ptII/ptolemy/actor/lib/hoc/test/auto/knownFailedTests/PreinitializeMustBeInvokedRunComposite.xml
86 ms. Memory: 129024K Free: 86470K (67%)
Known Failure: java.lang.reflect.InvocationTargetException
No auto/linux-amd64/*.xml tests in /home/travis/build/icyphy/ptII/ptolemy/actor/lib/hoc/test
AutoTests.java: About to close Vertx.
AutoTests.java: Vertx closed.

===========================================================================================
----------------- testing Tue Oct 13 15:45:42 UTC 2020 /home/travis/build/icyphy/ptII/ptolemy/actor/lib/hoc/test/auto/AllToAllMultiInstanceComposite.xml
----------------- Instantiating /home/travis/build/icyphy/ptII/ptolemy/actor/lib/hoc/test/auto/AllToAllMultiInstanceComposite.xml
145 ms. Memory: 129024K Free: 107120K (83%)
----------------- Invoking toplevel() on ptolemy.moml.MoMLSimpleApplication@797ad2a8
----------------- Done invoking toplevel() on ptolemy.moml.MoMLSimpleApplication@797ad2a8
reloadAllAccessors: .AllToAllMultiInstanceComposite

===========================================================================================
----------------- testing Tue Oct 13 15:45:42 UTC 2020 /home/travis/build/icyphy/ptII/ptolemy/actor/lib/hoc/test/auto/ApplyFFTTest.xml
----------------- Instantiating /home/travis/build/icyphy/ptII/ptolemy/actor/lib/hoc/test/auto/ApplyFFTTest.xml
99 ms. Memory: 129024K Free: 88525K (69%)
----------------- Invoking toplevel() on ptolemy.moml.MoMLSimpleApplication@135aaf42
----------------- Done invoking toplevel() on ptolemy.moml.MoMLSimpleApplication@135aaf42
reloadAllAccessors: .ApplyFFTTest

===========================================================================================
----------------- testing Tue Oct 13 15:45:42 UTC 2020 /home/travis/build/icyphy/ptII/ptolemy/actor/lib/hoc/test/auto/ApplyFunction.xml
----------------- Instantiating /home/travis/build/icyphy/ptII/ptolemy/actor/lib/hoc/test/auto/ApplyFunction.xml
4 ms. Memory: 129024K Free: 85626K (66%)
----------------- Invoking toplevel() on ptolemy.moml.MoMLSimpleApplication@6b67dfd0
----------------- Done invoking toplevel() on ptolemy.moml.MoMLSimpleApplication@6b67dfd0
reloadAllAccessors: .ApplyFunction

===========================================================================================
----------------- testing Tue Oct 13 15:45:42 UTC 2020 /home/travis/build/icyphy/ptII/ptolemy/actor/lib/hoc/test/auto/BackgroundExecution.xml
----------------- Instantiating /home/travis/build/icyphy/ptII/ptolemy/actor/lib/hoc/test/auto/BackgroundExecution.xml
626 ms. Memory: 129024K Free: 107836K (84%)
----------------- Invoking toplevel() on ptolemy.moml.MoMLSimpleApplication@25fb1a25
----------------- Done invoking toplevel() on ptolemy.moml.MoMLSimpleApplication@25fb1a25
reloadAllAccessors: .BackgroundExecution

===========================================================================================
----------------- testing Tue Oct 13 15:45:43 UTC 2020 /home/travis/build/icyphy/ptII/ptolemy/actor/lib/hoc/test/auto/Case.xml
----------------- Instantiating /home/travis/build/icyphy/ptII/ptolemy/actor/lib/hoc/test/auto/Case.xml
22 ms. Memory: 129024K Free: 100470K (78%)
----------------- Invoking toplevel() on ptolemy.moml.MoMLSimpleApplication@1ccc184e
----------------- Done invoking toplevel() on ptolemy.moml.MoMLSimpleApplication@1ccc184e
reloadAllAccessors: .Case

===========================================================================================
----------------- testing Tue Oct 13 15:45:43 UTC 2020 /home/travis/build/icyphy/ptII/ptolemy/actor/lib/hoc/test/auto/Case1.xml
----------------- Instantiating /home/travis/build/icyphy/ptII/ptolemy/actor/lib/hoc/test/auto/Case1.xml
20 ms. Memory: 129024K Free: 94307K (73%)
----------------- Invoking toplevel() on ptolemy.moml.MoMLSimpleApplication@2fe2dccb
----------------- Done invoking toplevel() on ptolemy.moml.MoMLSimpleApplication@2fe2dccb
reloadAllAccessors: .Case1

===========================================================================================
----------------- testing Tue Oct 13 15:45:43 UTC 2020 /home/travis/build/icyphy/ptII/ptolemy/actor/lib/hoc/test/auto/Case2.xml
----------------- Instantiating /home/travis/build/icyphy/ptII/ptolemy/actor/lib/hoc/test/auto/Case2.xml
42 ms. Memory: 129024K Free: 84289K (65%)
----------------- Invoking toplevel() on ptolemy.moml.MoMLSimpleApplication@60a901e7
----------------- Done invoking toplevel() on ptolemy.moml.MoMLSimpleApplication@60a901e7
reloadAllAccessors: .Case2

===========================================================================================
----------------- testing Tue Oct 13 15:45:43 UTC 2020 /home/travis/build/icyphy/ptII/ptolemy/actor/lib/hoc/test/auto/Case3.xml
----------------- Instantiating /home/travis/build/icyphy/ptII/ptolemy/actor/lib/hoc/test/auto/Case3.xml
25 ms. Memory: 129024K Free: 78515K (61%)
----------------- Invoking toplevel() on ptolemy.moml.MoMLSimpleApplication@61b7c7f5
----------------- Done invoking toplevel() on ptolemy.moml.MoMLSimpleApplication@61b7c7f5
reloadAllAccessors: .Case3

===========================================================================================
----------------- testing Tue Oct 13 15:45:43 UTC 2020 /home/travis/build/icyphy/ptII/ptolemy/actor/lib/hoc/test/auto/Case4.xml
----------------- Instantiating /home/travis/build/icyphy/ptII/ptolemy/actor/lib/hoc/test/auto/Case4.xml
13 ms. Memory: 129024K Free: 108830K (84%)
----------------- Invoking toplevel() on ptolemy.moml.MoMLSimpleApplication@78477116
----------------- Done invoking toplevel() on ptolemy.moml.MoMLSimpleApplication@78477116
reloadAllAccessors: .Case4

===========================================================================================
----------------- testing Tue Oct 13 15:45:43 UTC 2020 /home/travis/build/icyphy/ptII/ptolemy/actor/lib/hoc/test/auto/Case5.xml
----------------- Instantiating /home/travis/build/icyphy/ptII/ptolemy/actor/lib/hoc/test/auto/Case5.xml
49 ms. Memory: 129024K Free: 102352K (79%)
----------------- Invoking toplevel() on ptolemy.moml.MoMLSimpleApplication@2d44f61
----------------- Done invoking toplevel() on ptolemy.moml.MoMLSimpleApplication@2d44f61
reloadAllAccessors: .junk

===========================================================================================
----------------- testing Tue Oct 13 15:45:43 UTC 2020 /home/travis/build/icyphy/ptII/ptolemy/actor/lib/hoc/test/auto/Case6.xml
----------------- Instantiating /home/travis/build/icyphy/ptII/ptolemy/actor/lib/hoc/test/auto/Case6.xml
46 ms. Memory: 129024K Free: 90399K (70%)
----------------- Invoking toplevel() on ptolemy.moml.MoMLSimpleApplication@1f96c3bb
----------------- Done invoking toplevel() on ptolemy.moml.MoMLSimpleApplication@1f96c3bb
reloadAllAccessors: .Case6

===========================================================================================
----------------- testing Tue Oct 13 15:45:44 UTC 2020 /home/travis/build/icyphy/ptII/ptolemy/actor/lib/hoc/test/auto/CaseString2.xml
----------------- Instantiating /home/travis/build/icyphy/ptII/ptolemy/actor/lib/hoc/test/auto/CaseString2.xml
17 ms. Memory: 129024K Free: 82880K (64%)
----------------- Invoking toplevel() on ptolemy.moml.MoMLSimpleApplication@251e9dd5
----------------- Done invoking toplevel() on ptolemy.moml.MoMLSimpleApplication@251e9dd5
reloadAllAccessors: .CaseString2

===========================================================================================
----------------- testing Tue Oct 13 15:45:44 UTC 2020 /home/travis/build/icyphy/ptII/ptolemy/actor/lib/hoc/test/auto/CatchUpComposite1.xml
----------------- Instantiating /home/travis/build/icyphy/ptII/ptolemy/actor/lib/hoc/test/auto/CatchUpComposite1.xml
35 ms. Memory: 129024K Free: 73680K (57%)
----------------- Invoking toplevel() on ptolemy.moml.MoMLSimpleApplication@48e94cb
----------------- Done invoking toplevel() on ptolemy.moml.MoMLSimpleApplication@48e94cb
reloadAllAccessors: .CatchUpComposite1

===========================================================================================
----------------- testing Tue Oct 13 15:45:44 UTC 2020 /home/travis/build/icyphy/ptII/ptolemy/actor/lib/hoc/test/auto/CatchUpComposite2.xml
----------------- Instantiating /home/travis/build/icyphy/ptII/ptolemy/actor/lib/hoc/test/auto/CatchUpComposite2.xml
15 ms. Memory: 129024K Free: 65488K (51%)
----------------- Invoking toplevel() on ptolemy.moml.MoMLSimpleApplication@685cf430
----------------- Done invoking toplevel() on ptolemy.moml.MoMLSimpleApplication@685cf430
reloadAllAccessors: .CatchUpComposite2

===========================================================================================
----------------- testing Tue Oct 13 15:45:44 UTC 2020 /home/travis/build/icyphy/ptII/ptolemy/actor/lib/hoc/test/auto/CatchUpComposite3.xml
----------------- Instantiating /home/travis/build/icyphy/ptII/ptolemy/actor/lib/hoc/test/auto/CatchUpComposite3.xml
12 ms. Memory: 129024K Free: 106968K (83%)
----------------- Invoking toplevel() on ptolemy.moml.MoMLSimpleApplication@6983a98a
----------------- Done invoking toplevel() on ptolemy.moml.MoMLSimpleApplication@6983a98a
reloadAllAccessors: .CatchUpComposite3

===========================================================================================
----------------- testing Tue Oct 13 15:45:44 UTC 2020 /home/travis/build/icyphy/ptII/ptolemy/actor/lib/hoc/test/auto/CatchUpComposite4.xml
----------------- Instantiating /home/travis/build/icyphy/ptII/ptolemy/actor/lib/hoc/test/auto/CatchUpComposite4.xml
8 ms. Memory: 129024K Free: 99041K (77%)
----------------- Invoking toplevel() on ptolemy.moml.MoMLSimpleApplication@5f9f3983
----------------- Done invoking toplevel() on ptolemy.moml.MoMLSimpleApplication@5f9f3983
reloadAllAccessors: .CatchUpComposite4

===========================================================================================
----------------- testing Tue Oct 13 15:45:44 UTC 2020 /home/travis/build/icyphy/ptII/ptolemy/actor/lib/hoc/test/auto/CatchUpComposite5.xml
----------------- Instantiating /home/travis/build/icyphy/ptII/ptolemy/actor/lib/hoc/test/auto/CatchUpComposite5.xml
6 ms. Memory: 129024K Free: 91608K (71%)
----------------- Invoking toplevel() on ptolemy.moml.MoMLSimpleApplication@18efe49d
----------------- Done invoking toplevel() on ptolemy.moml.MoMLSimpleApplication@18efe49d
reloadAllAccessors: .CatchUpComposite5

===========================================================================================
----------------- testing Tue Oct 13 15:45:44 UTC 2020 /home/travis/build/icyphy/ptII/ptolemy/actor/lib/hoc/test/auto/CatchUpComposite6.xml
----------------- Instantiating /home/travis/build/icyphy/ptII/ptolemy/actor/lib/hoc/test/auto/CatchUpComposite6.xml
WARNING: The execution aspects in this model can influence the timing of actors by delaying the 
execution, potentially changing the behavior. There is no guarantee that actors fire at the 
time they request to be fired. 
Use Ptides for deterministic DE behavior that is not influenced by execution aspects. 

84 ms. Memory: 129024K Free: 76907K (60%)
----------------- Invoking toplevel() on ptolemy.moml.MoMLSimpleApplication@7f4b9943
----------------- Done invoking toplevel() on ptolemy.moml.MoMLSimpleApplication@7f4b9943
reloadAllAccessors: .CatchUpComposite6

===========================================================================================
----------------- testing Tue Oct 13 15:45:44 UTC 2020 /home/travis/build/icyphy/ptII/ptolemy/actor/lib/hoc/test/auto/CatchUpComposite7.xml
----------------- Instantiating /home/travis/build/icyphy/ptII/ptolemy/actor/lib/hoc/test/auto/CatchUpComposite7.xml
WARNING: The execution aspects in this model can influence the timing of actors by delaying the 
execution, potentially changing the behavior. There is no guarantee that actors fire at the 
time they request to be fired. 
Use Ptides for deterministic DE behavior that is not influenced by execution aspects. 

20 ms. Memory: 129024K Free: 63231K (49%)
----------------- Invoking toplevel() on ptolemy.moml.MoMLSimpleApplication@2eb1dde1
----------------- Done invoking toplevel() on ptolemy.moml.MoMLSimpleApplication@2eb1dde1
reloadAllAccessors: .CatchUpComposite7

===========================================================================================
----------------- testing Tue Oct 13 15:45:44 UTC 2020 /home/travis/build/icyphy/ptII/ptolemy/actor/lib/hoc/test/auto/ConcurrentExecutionTimeSDF.xml
----------------- Instantiating /home/travis/build/icyphy/ptII/ptolemy/actor/lib/hoc/test/auto/ConcurrentExecutionTimeSDF.xml
Fired ExecutionTime: 40400000
Fired ExecutionTime: 40400000
Fired ExecutionTime: 40400000
Fired ExecutionTime: 40400000
Fired ExecutionTime: 40400000
Fired ExecutionTime: 40400000
Fired ExecutionTime: 40400000
Fired ExecutionTime: 40400000
Fired ExecutionTime: 40400000
Fired ExecutionTime: 40400000
Fired ExecutionTime: 40400000
Fired ExecutionTime: 40400000
Fired ExecutionTime: 40400000
Fired ExecutionTime: 40400000
Fired ExecutionTime: 40400000
Fired ExecutionTime: 40400000
Fired ExecutionTime: 40400000
Fired ExecutionTime: 40400000
Fired ExecutionTime: 40400000
Fired ExecutionTime: 40400000
1549 ms. Memory: 129024K Free: 56427K (44%)
----------------- Invoking toplevel() on ptolemy.moml.MoMLSimpleApplication@51ea9c22
----------------- Done invoking toplevel() on ptolemy.moml.MoMLSimpleApplication@51ea9c22
reloadAllAccessors: .ConcurrentExecutionTimeSDF

===========================================================================================
----------------- testing Tue Oct 13 15:45:46 UTC 2020 /home/travis/build/icyphy/ptII/ptolemy/actor/lib/hoc/test/auto/ConcurrentSleep.xml
----------------- Instantiating /home/travis/build/icyphy/ptII/ptolemy/actor/lib/hoc/test/auto/ConcurrentSleep.xml
724 ms. Memory: 129024K Free: 45823K (36%)
----------------- Invoking toplevel() on ptolemy.moml.MoMLSimpleApplication@676421fe
----------------- Done invoking toplevel() on ptolemy.moml.MoMLSimpleApplication@676421fe
reloadAllAccessors: .ConcurrentSleep

===========================================================================================
----------------- testing Tue Oct 13 15:45:46 UTC 2020 /home/travis/build/icyphy/ptII/ptolemy/actor/lib/hoc/test/auto/DEInPNInRunCompositeActor.xml
----------------- Instantiating /home/travis/build/icyphy/ptII/ptolemy/actor/lib/hoc/test/auto/DEInPNInRunCompositeActor.xml
30 ms. Memory: 129024K Free: 113225K (88%)
----------------- Invoking toplevel() on ptolemy.moml.MoMLSimpleApplication@12b4ff10
----------------- Done invoking toplevel() on ptolemy.moml.MoMLSimpleApplication@12b4ff10
reloadAllAccessors: .DEInPNInRunCompositeActor

===========================================================================================
----------------- testing Tue Oct 13 15:45:46 UTC 2020 /home/travis/build/icyphy/ptII/ptolemy/actor/lib/hoc/test/auto/DFTSubSetTest.xml
----------------- Instantiating /home/travis/build/icyphy/ptII/ptolemy/actor/lib/hoc/test/auto/DFTSubSetTest.xml
154 ms. Memory: 129024K Free: 70501K (55%)
----------------- Invoking toplevel() on ptolemy.moml.MoMLSimpleApplication@3a262e22
----------------- Done invoking toplevel() on ptolemy.moml.MoMLSimpleApplication@3a262e22
reloadAllAccessors: .DFTSubSetTest

===========================================================================================
----------------- testing Tue Oct 13 15:45:47 UTC 2020 /home/travis/build/icyphy/ptII/ptolemy/actor/lib/hoc/test/auto/HocDE.xml
----------------- Instantiating /home/travis/build/icyphy/ptII/ptolemy/actor/lib/hoc/test/auto/HocDE.xml
130 ms. Memory: 129024K Free: 45641K (35%)
----------------- Invoking toplevel() on ptolemy.moml.MoMLSimpleApplication@1831a4f1
----------------- Done invoking toplevel() on ptolemy.moml.MoMLSimpleApplication@1831a4f1
reloadAllAccessors: .HocDE

===========================================================================================
----------------- testing Tue Oct 13 15:45:47 UTC 2020 /home/travis/build/icyphy/ptII/ptolemy/actor/lib/hoc/test/auto/IterateOverArray.xml
----------------- Instantiating /home/travis/build/icyphy/ptII/ptolemy/actor/lib/hoc/test/auto/IterateOverArray.xml
8 ms. Memory: 129024K Free: 41174K (32%)
----------------- Invoking toplevel() on ptolemy.moml.MoMLSimpleApplication@362ea458
----------------- Done invoking toplevel() on ptolemy.moml.MoMLSimpleApplication@362ea458
reloadAllAccessors: .IterateOverArray

===========================================================================================
----------------- testing Tue Oct 13 15:45:47 UTC 2020 /home/travis/build/icyphy/ptII/ptolemy/actor/lib/hoc/test/auto/IterateOverArray10.xml
----------------- Instantiating /home/travis/build/icyphy/ptII/ptolemy/actor/lib/hoc/test/auto/IterateOverArray10.xml
2 ms. Memory: 158720K Free: 141208K (89%)
----------------- Invoking toplevel() on ptolemy.moml.MoMLSimpleApplication@7a9aef19
----------------- Done invoking toplevel() on ptolemy.moml.MoMLSimpleApplication@7a9aef19
reloadAllAccessors: .IterateOverArray10

===========================================================================================
----------------- testing Tue Oct 13 15:45:47 UTC 2020 /home/travis/build/icyphy/ptII/ptolemy/actor/lib/hoc/test/auto/IterateOverArray11.xml
----------------- Instantiating /home/travis/build/icyphy/ptII/ptolemy/actor/lib/hoc/test/auto/IterateOverArray11.xml
3 ms. Memory: 158720K Free: 137085K (86%)
----------------- Invoking toplevel() on ptolemy.moml.MoMLSimpleApplication@42dca666
----------------- Done invoking toplevel() on ptolemy.moml.MoMLSimpleApplication@42dca666
reloadAllAccessors: .IterateOverArray11

===========================================================================================
----------------- testing Tue Oct 13 15:45:47 UTC 2020 /home/travis/build/icyphy/ptII/ptolemy/actor/lib/hoc/test/auto/IterateOverArray12.xml
----------------- Instantiating /home/travis/build/icyphy/ptII/ptolemy/actor/lib/hoc/test/auto/IterateOverArray12.xml
10 ms. Memory: 158720K Free: 130982K (83%)
----------------- Invoking toplevel() on ptolemy.moml.MoMLSimpleApplication@38ed7be6
----------------- Done invoking toplevel() on ptolemy.moml.MoMLSimpleApplication@38ed7be6
reloadAllAccessors: .IterateOverArray12

===========================================================================================
----------------- testing Tue Oct 13 15:45:47 UTC 2020 /home/travis/build/icyphy/ptII/ptolemy/actor/lib/hoc/test/auto/IterateOverArray13.xml
----------------- Instantiating /home/travis/build/icyphy/ptII/ptolemy/actor/lib/hoc/test/auto/IterateOverArray13.xml
57 ms. Memory: 158720K Free: 102310K (64%)
----------------- Invoking toplevel() on ptolemy.moml.MoMLSimpleApplication@658866e3
----------------- Done invoking toplevel() on ptolemy.moml.MoMLSimpleApplication@658866e3
reloadAllAccessors: .IterateOverArray13

===========================================================================================
----------------- testing Tue Oct 13 15:45:47 UTC 2020 /home/travis/build/icyphy/ptII/ptolemy/actor/lib/hoc/test/auto/IterateOverArray14.xml
----------------- Instantiating /home/travis/build/icyphy/ptII/ptolemy/actor/lib/hoc/test/auto/IterateOverArray14.xml
70 ms. Memory: 158720K Free: 70566K (44%)
----------------- Invoking toplevel() on ptolemy.moml.MoMLSimpleApplication@393a81a8
----------------- Done invoking toplevel() on ptolemy.moml.MoMLSimpleApplication@393a81a8
reloadAllAccessors: .IterateOverArray14

===========================================================================================
----------------- testing Tue Oct 13 15:45:47 UTC 2020 /home/travis/build/icyphy/ptII/ptolemy/actor/lib/hoc/test/auto/IterateOverArray2.xml
----------------- Instantiating /home/travis/build/icyphy/ptII/ptolemy/actor/lib/hoc/test/auto/IterateOverArray2.xml
8 ms. Memory: 158720K Free: 65960K (42%)
----------------- Invoking toplevel() on ptolemy.moml.MoMLSimpleApplication@4b367a24
----------------- Done invoking toplevel() on ptolemy.moml.MoMLSimpleApplication@4b367a24
reloadAllAccessors: .IterateOverArray2

===========================================================================================
----------------- testing Tue Oct 13 15:45:47 UTC 2020 /home/travis/build/icyphy/ptII/ptolemy/actor/lib/hoc/test/auto/IterateOverArray3.xml
----------------- Instantiating /home/travis/build/icyphy/ptII/ptolemy/actor/lib/hoc/test/auto/IterateOverArray3.xml
17 ms. Memory: 158720K Free: 60326K (38%)
----------------- Invoking toplevel() on ptolemy.moml.MoMLSimpleApplication@719ce4b1
----------------- Done invoking toplevel() on ptolemy.moml.MoMLSimpleApplication@719ce4b1
reloadAllAccessors: .IterateOverArray3

===========================================================================================
----------------- testing Tue Oct 13 15:45:47 UTC 2020 /home/travis/build/icyphy/ptII/ptolemy/actor/lib/hoc/test/auto/IterateOverArray4.xml
----------------- Instantiating /home/travis/build/icyphy/ptII/ptolemy/actor/lib/hoc/test/auto/IterateOverArray4.xml
5 ms. Memory: 158720K Free: 140131K (88%)
----------------- Invoking toplevel() on ptolemy.moml.MoMLSimpleApplication@18770186
----------------- Done invoking toplevel() on ptolemy.moml.MoMLSimpleApplication@18770186
reloadAllAccessors: .IterateOverArray4

===========================================================================================
----------------- testing Tue Oct 13 15:45:47 UTC 2020 /home/travis/build/icyphy/ptII/ptolemy/actor/lib/hoc/test/auto/IterateOverArray5.xml
----------------- Instantiating /home/travis/build/icyphy/ptII/ptolemy/actor/lib/hoc/test/auto/IterateOverArray5.xml
6 ms. Memory: 158720K Free: 136041K (86%)
----------------- Invoking toplevel() on ptolemy.moml.MoMLSimpleApplication@2c51ff4
----------------- Done invoking toplevel() on ptolemy.moml.MoMLSimpleApplication@2c51ff4
reloadAllAccessors: .IterateOverArray5

===========================================================================================
----------------- testing Tue Oct 13 15:45:47 UTC 2020 /home/travis/build/icyphy/ptII/ptolemy/actor/lib/hoc/test/auto/IterateOverArray6.xml
----------------- Instantiating /home/travis/build/icyphy/ptII/ptolemy/actor/lib/hoc/test/auto/IterateOverArray6.xml
3 ms. Memory: 158720K Free: 132459K (83%)
----------------- Invoking toplevel() on ptolemy.moml.MoMLSimpleApplication@1e8591f4
----------------- Done invoking toplevel() on ptolemy.moml.MoMLSimpleApplication@1e8591f4
reloadAllAccessors: .IterateOverArray6

===========================================================================================
----------------- testing Tue Oct 13 15:45:47 UTC 2020 /home/travis/build/icyphy/ptII/ptolemy/actor/lib/hoc/test/auto/IterateOverArray7.xml
----------------- Instantiating /home/travis/build/icyphy/ptII/ptolemy/actor/lib/hoc/test/auto/IterateOverArray7.xml
4 ms. Memory: 158720K Free: 127849K (81%)
----------------- Invoking toplevel() on ptolemy.moml.MoMLSimpleApplication@2e821c53
----------------- Done invoking toplevel() on ptolemy.moml.MoMLSimpleApplication@2e821c53
reloadAllAccessors: .IterateOverArray7

===========================================================================================
----------------- testing Tue Oct 13 15:45:47 UTC 2020 /home/travis/build/icyphy/ptII/ptolemy/actor/lib/hoc/test/auto/IterateOverArray8.xml
----------------- Instantiating /home/travis/build/icyphy/ptII/ptolemy/actor/lib/hoc/test/auto/IterateOverArray8.xml
4 ms. Memory: 158720K Free: 123753K (78%)
----------------- Invoking toplevel() on ptolemy.moml.MoMLSimpleApplication@6dceb8c6
----------------- Done invoking toplevel() on ptolemy.moml.MoMLSimpleApplication@6dceb8c6
reloadAllAccessors: .IterateOverArray8

===========================================================================================
----------------- testing Tue Oct 13 15:45:48 UTC 2020 /home/travis/build/icyphy/ptII/ptolemy/actor/lib/hoc/test/auto/IterateOverArray9.xml
----------------- Instantiating /home/travis/build/icyphy/ptII/ptolemy/actor/lib/hoc/test/auto/IterateOverArray9.xml
6 ms. Memory: 158720K Free: 119657K (75%)
----------------- Invoking toplevel() on ptolemy.moml.MoMLSimpleApplication@539c8dcf
----------------- Done invoking toplevel() on ptolemy.moml.MoMLSimpleApplication@539c8dcf
reloadAllAccessors: .IterateOverArray9

===========================================================================================
----------------- testing Tue Oct 13 15:45:48 UTC 2020 /home/travis/build/icyphy/ptII/ptolemy/actor/lib/hoc/test/auto/IterateOverArrayCoercedOutputType.xml
----------------- Instantiating /home/travis/build/icyphy/ptII/ptolemy/actor/lib/hoc/test/auto/IterateOverArrayCoercedOutputType.xml
4 ms. Memory: 158720K Free: 114537K (72%)
----------------- Invoking toplevel() on ptolemy.moml.MoMLSimpleApplication@472c0da2
----------------- Done invoking toplevel() on ptolemy.moml.MoMLSimpleApplication@472c0da2
reloadAllAccessors: .IterateOverArrayCoercedOutputType

===========================================================================================
----------------- testing Tue Oct 13 15:45:48 UTC 2020 /home/travis/build/icyphy/ptII/ptolemy/actor/lib/hoc/test/auto/IterateOverArrayInferredOutputType.xml
----------------- Instantiating /home/travis/build/icyphy/ptII/ptolemy/actor/lib/hoc/test/auto/IterateOverArrayInferredOutputType.xml
17 ms. Memory: 158720K Free: 109931K (69%)
----------------- Invoking toplevel() on ptolemy.moml.MoMLSimpleApplication@1cc84fa2
----------------- Done invoking toplevel() on ptolemy.moml.MoMLSimpleApplication@1cc84fa2
reloadAllAccessors: .IterateOverArrayInferredOutputType

===========================================================================================
----------------- testing Tue Oct 13 15:45:48 UTC 2020 /home/travis/build/icyphy/ptII/ptolemy/actor/lib/hoc/test/auto/MobileFunctionTest.xml
----------------- Instantiating /home/travis/build/icyphy/ptII/ptolemy/actor/lib/hoc/test/auto/MobileFunctionTest.xml
3 ms. Memory: 158720K Free: 105835K (67%)
----------------- Invoking toplevel() on ptolemy.moml.MoMLSimpleApplication@9c42fe5
----------------- Done invoking toplevel() on ptolemy.moml.MoMLSimpleApplication@9c42fe5
reloadAllAccessors: .MobileFunctionTest

===========================================================================================
----------------- testing Tue Oct 13 15:45:48 UTC 2020 /home/travis/build/icyphy/ptII/ptolemy/actor/lib/hoc/test/auto/MobileModelTest.xml
----------------- Instantiating /home/travis/build/icyphy/ptII/ptolemy/actor/lib/hoc/test/auto/MobileModelTest.xml
151 ms. Memory: 158720K Free: 84841K (53%)
----------------- Invoking toplevel() on ptolemy.moml.MoMLSimpleApplication@6e557de1
----------------- Done invoking toplevel() on ptolemy.moml.MoMLSimpleApplication@6e557de1
reloadAllAccessors: .MobileModelTest

===========================================================================================
----------------- testing Tue Oct 13 15:45:48 UTC 2020 /home/travis/build/icyphy/ptII/ptolemy/actor/lib/hoc/test/auto/ModelReference.xml
----------------- Instantiating /home/travis/build/icyphy/ptII/ptolemy/actor/lib/hoc/test/auto/ModelReference.xml
3 ms. Memory: 158720K Free: 78187K (49%)
3 ms. Memory: 158720K Free: 77643K (49%)
2 ms. Memory: 158720K Free: 76635K (48%)
1 ms. Memory: 158720K Free: 75611K (48%)
1 ms. Memory: 158720K Free: 75115K (47%)
2 ms. Memory: 158720K Free: 74091K (47%)
2 ms. Memory: 158720K Free: 73547K (46%)
1 ms. Memory: 158720K Free: 72539K (46%)
3 ms. Memory: 158720K Free: 71515K (45%)
2 ms. Memory: 158720K Free: 71019K (45%)
29 ms. Memory: 158720K Free: 71019K (45%)
----------------- Invoking toplevel() on ptolemy.moml.MoMLSimpleApplication@2a2ef934
----------------- Done invoking toplevel() on ptolemy.moml.MoMLSimpleApplication@2a2ef934
reloadAllAccessors: .ModelReference

===========================================================================================
----------------- testing Tue Oct 13 15:45:48 UTC 2020 /home/travis/build/icyphy/ptII/ptolemy/actor/lib/hoc/test/auto/ModelReference3.xml
----------------- Instantiating /home/travis/build/icyphy/ptII/ptolemy/actor/lib/hoc/test/auto/ModelReference3.xml
1 ms. Memory: 158720K Free: 66395K (42%)
3 ms. Memory: 158720K Free: 65899K (42%)
2 ms. Memory: 158720K Free: 64875K (41%)
3 ms. Memory: 158720K Free: 64355K (41%)
2 ms. Memory: 158720K Free: 63307K (40%)
1 ms. Memory: 158720K Free: 62283K (39%)
3 ms. Memory: 158720K Free: 61803K (39%)
2 ms. Memory: 158720K Free: 60779K (38%)
2 ms. Memory: 158720K Free: 60235K (38%)
1 ms. Memory: 158720K Free: 59227K (37%)
25 ms. Memory: 158720K Free: 59227K (37%)
----------------- Invoking toplevel() on ptolemy.moml.MoMLSimpleApplication@1bc7efb8
----------------- Done invoking toplevel() on ptolemy.moml.MoMLSimpleApplication@1bc7efb8
reloadAllAccessors: .ModelReference3

===========================================================================================
----------------- testing Tue Oct 13 15:45:48 UTC 2020 /home/travis/build/icyphy/ptII/ptolemy/actor/lib/hoc/test/auto/ModelReference4.xml
----------------- Instantiating /home/travis/build/icyphy/ptII/ptolemy/actor/lib/hoc/test/auto/ModelReference4.xml
2 ms. Memory: 158720K Free: 54635K (34%)
3 ms. Memory: 158720K Free: 53091K (33%)
9 ms. Memory: 158720K Free: 143077K (90%)
2 ms. Memory: 158720K Free: 141886K (89%)
2 ms. Memory: 158720K Free: 140862K (89%)
3 ms. Memory: 158720K Free: 139816K (88%)
2 ms. Memory: 158720K Free: 138800K (87%)
2 ms. Memory: 158720K Free: 137768K (87%)
2 ms. Memory: 158720K Free: 136744K (86%)
5 ms. Memory: 158720K Free: 135720K (86%)
10016 ms. Memory: 158720K Free: 135720K (86%)
----------------- Invoking toplevel() on ptolemy.moml.MoMLSimpleApplication@62f7e180
----------------- Done invoking toplevel() on ptolemy.moml.MoMLSimpleApplication@62f7e180
reloadAllAccessors: .ModelReference4

===========================================================================================
----------------- testing Tue Oct 13 15:45:58 UTC 2020 /home/travis/build/icyphy/ptII/ptolemy/actor/lib/hoc/test/auto/MultiInstanceComposite.xml
----------------- Instantiating /home/travis/build/icyphy/ptII/ptolemy/actor/lib/hoc/test/auto/MultiInstanceComposite.xml
28 ms. Memory: 158720K Free: 116286K (73%)
----------------- Invoking toplevel() on ptolemy.moml.MoMLSimpleApplication@66ba4bba
----------------- Done invoking toplevel() on ptolemy.moml.MoMLSimpleApplication@66ba4bba
reloadAllAccessors: .MultiInstanceComposite

===========================================================================================
----------------- testing Tue Oct 13 15:45:58 UTC 2020 /home/travis/build/icyphy/ptII/ptolemy/actor/lib/hoc/test/auto/MultiInstanceComposite2.xml
----------------- Instantiating /home/travis/build/icyphy/ptII/ptolemy/actor/lib/hoc/test/auto/MultiInstanceComposite2.xml
21 ms. Memory: 158720K Free: 105022K (66%)
----------------- Invoking toplevel() on ptolemy.moml.MoMLSimpleApplication@ebac821
----------------- Done invoking toplevel() on ptolemy.moml.MoMLSimpleApplication@ebac821
reloadAllAccessors: .MultiInstanceComposite2

===========================================================================================
----------------- testing Tue Oct 13 15:45:58 UTC 2020 /home/travis/build/icyphy/ptII/ptolemy/actor/lib/hoc/test/auto/MulticoreExecution.xml
----------------- Instantiating /home/travis/build/icyphy/ptII/ptolemy/actor/lib/hoc/test/auto/MulticoreExecution.xml
Fired ExecutionTime: 2400000
Fired ExecutionTime: 3600000
Fired ExecutionTime: 2400000
Fired ExecutionTime: 2400000
Fired ExecutionTime: 13200000
Fired ExecutionTime: 5600000
Fired ExecutionTime: 34800000
Fired ExecutionTime: 40000000
Fired ExecutionTime: 30800000
Fired ExecutionTime: 63600000
Fired ExecutionTime: 56000000
Fired ExecutionTime: 32400000
Fired ExecutionTime: 66800000
Fired ExecutionTime: 96000000
Fired ExecutionTime: 111600000
Fired ExecutionTime: 111600000
Fired ExecutionTime: 115200000
Fired ExecutionTime: 114800000
Fired ExecutionTime: 111600000
Fired ExecutionTime: 110800000
1070 ms. Memory: 158720K Free: 96269K (61%)
----------------- Invoking toplevel() on ptolemy.moml.MoMLSimpleApplication@7be932e2
----------------- Done invoking toplevel() on ptolemy.moml.MoMLSimpleApplication@7be932e2
reloadAllAccessors: .MulticoreExecution

===========================================================================================
----------------- testing Tue Oct 13 15:45:59 UTC 2020 /home/travis/build/icyphy/ptII/ptolemy/actor/lib/hoc/test/auto/ParallelExecution.xml
----------------- Instantiating /home/travis/build/icyphy/ptII/ptolemy/actor/lib/hoc/test/auto/ParallelExecution.xml
912 ms. Memory: 158720K Free: 89101K (56%)
----------------- Invoking toplevel() on ptolemy.moml.MoMLSimpleApplication@16dfefd4
----------------- Done invoking toplevel() on ptolemy.moml.MoMLSimpleApplication@16dfefd4
reloadAllAccessors: .ParallelExecution

===========================================================================================
----------------- testing Tue Oct 13 15:46:00 UTC 2020 /home/travis/build/icyphy/ptII/ptolemy/actor/lib/hoc/test/auto/RunCompositeActor.xml
----------------- Instantiating /home/travis/build/icyphy/ptII/ptolemy/actor/lib/hoc/test/auto/RunCompositeActor.xml
6 ms. Memory: 158720K Free: 81987K (52%)
----------------- Invoking toplevel() on ptolemy.moml.MoMLSimpleApplication@463d51ab
----------------- Done invoking toplevel() on ptolemy.moml.MoMLSimpleApplication@463d51ab
reloadAllAccessors: .RunCompositeActor

===========================================================================================
----------------- testing Tue Oct 13 15:46:00 UTC 2020 /home/travis/build/icyphy/ptII/ptolemy/actor/lib/hoc/test/auto/RunCompositeActor2.xml
----------------- Instantiating /home/travis/build/icyphy/ptII/ptolemy/actor/lib/hoc/test/auto/RunCompositeActor2.xml
6 ms. Memory: 158720K Free: 75859K (48%)
----------------- Invoking toplevel() on ptolemy.moml.MoMLSimpleApplication@1cdb4607
----------------- Done invoking toplevel() on ptolemy.moml.MoMLSimpleApplication@1cdb4607
reloadAllAccessors: .RunCompositeActor2

===========================================================================================
----------------- testing Tue Oct 13 15:46:00 UTC 2020 /home/travis/build/icyphy/ptII/ptolemy/actor/lib/hoc/test/auto/RunCompositeActor3.xml
----------------- Instantiating /home/travis/build/icyphy/ptII/ptolemy/actor/lib/hoc/test/auto/RunCompositeActor3.xml
3 ms. Memory: 158720K Free: 70721K (45%)
----------------- Invoking toplevel() on ptolemy.moml.MoMLSimpleApplication@2c249ad0
----------------- Done invoking toplevel() on ptolemy.moml.MoMLSimpleApplication@2c249ad0
reloadAllAccessors: .RunCompositeActor3

===========================================================================================
----------------- testing Tue Oct 13 15:46:00 UTC 2020 /home/travis/build/icyphy/ptII/ptolemy/actor/lib/hoc/test/auto/RunCompositeActor4.xml
----------------- Instantiating /home/travis/build/icyphy/ptII/ptolemy/actor/lib/hoc/test/auto/RunCompositeActor4.xml
11 ms. Memory: 158720K Free: 62555K (39%)
----------------- Invoking toplevel() on ptolemy.moml.MoMLSimpleApplication@700b0e25
----------------- Done invoking toplevel() on ptolemy.moml.MoMLSimpleApplication@700b0e25
reloadAllAccessors: .RunCompositeActor4

===========================================================================================
----------------- testing Tue Oct 13 15:46:00 UTC 2020 /home/travis/build/icyphy/ptII/ptolemy/actor/lib/hoc/test/auto/RunCompositeIterateOverArray.xml
----------------- Instantiating /home/travis/build/icyphy/ptII/ptolemy/actor/lib/hoc/test/auto/RunCompositeIterateOverArray.xml
9 ms. Memory: 158720K Free: 56425K (36%)
----------------- Invoking toplevel() on ptolemy.moml.MoMLSimpleApplication@322b4b41
----------------- Done invoking toplevel() on ptolemy.moml.MoMLSimpleApplication@322b4b41
reloadAllAccessors: .RunCompositeIterateOverArray

===========================================================================================
----------------- testing Tue Oct 13 15:46:00 UTC 2020 /home/travis/build/icyphy/ptII/ptolemy/actor/lib/hoc/test/auto/ThreadedJS.xml
----------------- Instantiating /home/travis/build/icyphy/ptII/ptolemy/actor/lib/hoc/test/auto/ThreadedJS.xml
4822 ms. Memory: 229376K Free: 104960K (46%)
----------------- Invoking toplevel() on ptolemy.moml.MoMLSimpleApplication@11e99fa1
----------------- Done invoking toplevel() on ptolemy.moml.MoMLSimpleApplication@11e99fa1
reloadAllAccessors: .ThreadedJS
AutoTests.java: About to close Vertx.
AutoTests.java: Vertx closed.
]]></system-out>
  <system-err><![CDATA[java.lang.RuntimeException: Execution failed
	at ptolemy.moml.MoMLSimpleApplication$UnloadThread.run(MoMLSimpleApplication.java:402)
Caused by: ptolemy.kernel.util.IllegalActionException: initialize() was called after wrapup() was called but preinitialize() was not called after wrapup().
	at ptolemy.actor.lib.hoc.test.PreinitializeMustBeInvoked.initialize(PreinitializeMustBeInvoked.java:78)
	at ptolemy.actor.Director.initialize(Director.java:938)
	at ptolemy.actor.Director.initialize(Director.java:907)
	at ptolemy.actor.sched.StaticSchedulingDirector.initialize(StaticSchedulingDirector.java:159)
	at ptolemy.domains.sdf.kernel.SDFDirector.initialize(SDFDirector.java:544)
	at ptolemy.actor.CompositeActor.initialize(CompositeActor.java:935)
	at ptolemy.actor.lib.hoc.LifeCycleManager._executeInsideModel(LifeCycleManager.java:339)
	at ptolemy.actor.lib.hoc.RunCompositeActor.fire(RunCompositeActor.java:205)
	at ptolemy.actor.CompositeActor.iterate(CompositeActor.java:1146)
	at ptolemy.actor.sched.StaticSchedulingDirector.fire(StaticSchedulingDirector.java:216)
	at ptolemy.domains.sdf.kernel.SDFDirector.fire(SDFDirector.java:500)
	at ptolemy.actor.CompositeActor.fire(CompositeActor.java:455)
	at ptolemy.actor.Manager.iterate(Manager.java:851)
	at ptolemy.actor.Manager.execute(Manager.java:369)
	at ptolemy.actor.Manager.run(Manager.java:1263)
	at ptolemy.actor.Manager$PtolemyRunThread.run(Manager.java:1933)
java.lang.reflect.InvocationTargetException
	at java.base/jdk.internal.reflect.NativeConstructorAccessorImpl.newInstance0(Native Method)
	at java.base/jdk.internal.reflect.NativeConstructorAccessorImpl.newInstance(NativeConstructorAccessorImpl.java:62)
	at java.base/jdk.internal.reflect.DelegatingConstructorAccessorImpl.newInstance(DelegatingConstructorAccessorImpl.java:45)
	at java.base/java.lang.reflect.Constructor.newInstance(Constructor.java:490)
	at ptolemy.util.test.junit.AutoKnownFailedTests.RunModel(AutoKnownFailedTests.java:105)
	at java.base/jdk.internal.reflect.NativeMethodAccessorImpl.invoke0(Native Method)
	at java.base/jdk.internal.reflect.NativeMethodAccessorImpl.invoke(NativeMethodAccessorImpl.java:62)
	at java.base/jdk.internal.reflect.DelegatingMethodAccessorImpl.invoke(DelegatingMethodAccessorImpl.java:43)
	at java.base/java.lang.reflect.Method.invoke(Method.java:566)
	at org.junit.runners.model.FrameworkMethod$1.runReflectiveCall(FrameworkMethod.java:44)
	at org.junit.internal.runners.model.ReflectiveCallable.run(ReflectiveCallable.java:15)
	at org.junit.runners.model.FrameworkMethod.invokeExplosively(FrameworkMethod.java:41)
	at junitparams.internal.InvokeParameterisedMethod.evaluate(InvokeParameterisedMethod.java:102)
	at org.junit.internal.runners.statements.FailOnTimeout$1.run(FailOnTimeout.java:28)
Caused by: ptolemy.kernel.util.IllegalActionException: initialize() was called after wrapup() was called but preinitialize() was not called after wrapup().
	at ptolemy.actor.lib.hoc.test.PreinitializeMustBeInvoked.initialize(PreinitializeMustBeInvoked.java:78)
	at ptolemy.actor.Director.initialize(Director.java:938)
	at ptolemy.actor.Director.initialize(Director.java:907)
	at ptolemy.actor.sched.StaticSchedulingDirector.initialize(StaticSchedulingDirector.java:159)
	at ptolemy.domains.sdf.kernel.SDFDirector.initialize(SDFDirector.java:544)
	at ptolemy.actor.CompositeActor.initialize(CompositeActor.java:935)
	at ptolemy.actor.lib.hoc.LifeCycleManager._executeInsideModel(LifeCycleManager.java:339)
	at ptolemy.actor.lib.hoc.RunCompositeActor.fire(RunCompositeActor.java:205)
	at ptolemy.actor.CompositeActor.iterate(CompositeActor.java:1146)
	at ptolemy.actor.sched.StaticSchedulingDirector.fire(StaticSchedulingDirector.java:216)
	at ptolemy.domains.sdf.kernel.SDFDirector.fire(SDFDirector.java:500)
	at ptolemy.actor.CompositeActor.fire(CompositeActor.java:455)
	at ptolemy.actor.Manager.iterate(Manager.java:851)
	at ptolemy.actor.Manager.execute(Manager.java:369)
	at ptolemy.actor.Manager.run(Manager.java:1263)
	at ptolemy.actor.Manager$PtolemyRunThread.run(Manager.java:1933)
Warning: Nashorn engine is planned to be removed from a future JDK release
Warning: Nashorn engine is planned to be removed from a future JDK release
Warning: Nashorn engine is planned to be removed from a future JDK release
Warning: Nashorn engine is planned to be removed from a future JDK release
Warning: Nashorn engine is planned to be removed from a future JDK release
Warning: Nashorn engine is planned to be removed from a future JDK release
Warning: Nashorn engine is planned to be removed from a future JDK release
Warning: Nashorn engine is planned to be removed from a future JDK release
]]></system-err>
</testsuite>
