<?xml version="1.0" encoding="UTF-8" ?>
<testsuite errors="0" failures="0" hostname="travis-job-e281ef2d-b318-460a-8b73-fdf2153bd3cd" name="ptolemy.domains.de.test.junit.JUnitTclTest" skipped="0" tests="101" time="131.699" timestamp="2018-06-20T05:11:13">
  <properties>
[...]
</properties>
  <testcase classname="ptolemy.util.test.junit.TclTests" name="[0] /home/travis/build/icyphy/ptII/ptolemy/domains/de/test/DependencyLoop.tcl (RunTclFile)" time="0.674" />
  <testcase classname="ptolemy.util.test.junit.TclTests" name="[1] /home/travis/build/icyphy/ptII/ptolemy/domains/de/test/RunDETestsAsQSS.tcl (RunTclFile)" time="89.823" />
  <testcase classname="ptolemy.util.test.junit.AutoKnownFailedTests" name="[0] /home/travis/build/icyphy/ptII/ptolemy/domains/de/test/auto/knownFailedTests/DESDFClockTest.xml (RunModel)" time="2.025" />
  <testcase classname="ptolemy.util.test.junit.AutoKnownFailedTests" name="[1] /home/travis/build/icyphy/ptII/ptolemy/domains/de/test/auto/knownFailedTests/DirectFeedback.xml (RunModel)" time="0.008" />
  <testcase classname="ptolemy.util.test.junit.AutoKnownFailedTests" name="[2] /home/travis/build/icyphy/ptII/ptolemy/domains/de/test/auto/knownFailedTests/FSMSource.xml (RunModel)" time="0.026" />
  <testcase classname="ptolemy.util.test.junit.AutoKnownFailedTests" name="[3] /home/travis/build/icyphy/ptII/ptolemy/domains/de/test/auto/knownFailedTests/HierarchicalModel.xml (RunModel)" time="0.038" />
  <testcase classname="ptolemy.util.test.junit.AutoKnownFailedTests" name="[4] /home/travis/build/icyphy/ptII/ptolemy/domains/de/test/auto/knownFailedTests/dependencyLoop.xml (RunModel)" time="0.027" />
  <testcase classname="ptolemy.util.test.junit.AutoKnownFailedTests" name="[5] /home/travis/build/icyphy/ptII/ptolemy/domains/de/test/auto/knownFailedTests/dependencyLoop2.xml (RunModel)" time="0.027" />
  <testcase classname="ptolemy.util.test.junit.AutoNameArchTests" name="[0] ThereAreNoAutoArchTests (RunModel)" time="0.004" />
  <testcase classname="ptolemy.util.test.junit.AutoTests" name="[0] /home/travis/build/icyphy/ptII/ptolemy/domains/de/test/auto/ActorDepthCalculation_actorWithoutPorts.xml (RunModel)" time="0.017" />
  <testcase classname="ptolemy.util.test.junit.AutoTests" name="[1] /home/travis/build/icyphy/ptII/ptolemy/domains/de/test/auto/AssemblyLine.xml (RunModel)" time="0.014" />
  <testcase classname="ptolemy.util.test.junit.AutoTests" name="[2] /home/travis/build/icyphy/ptII/ptolemy/domains/de/test/auto/CQBug1.xml (RunModel)" time="0.011" />
  <testcase classname="ptolemy.util.test.junit.AutoTests" name="[3] /home/travis/build/icyphy/ptII/ptolemy/domains/de/test/auto/CancelFireAt.xml (RunModel)" time="0.011" />
  <testcase classname="ptolemy.util.test.junit.AutoTests" name="[4] /home/travis/build/icyphy/ptII/ptolemy/domains/de/test/auto/CausalityAndComposabilityAnalysis.xml (RunModel)" time="0.01" />
  <testcase classname="ptolemy.util.test.junit.AutoTests" name="[5] /home/travis/build/icyphy/ptII/ptolemy/domains/de/test/auto/CausalityInterface1.xml (RunModel)" time="0.01" />
  <testcase classname="ptolemy.util.test.junit.AutoTests" name="[6] /home/travis/build/icyphy/ptII/ptolemy/domains/de/test/auto/CausalityInterface15.xml (RunModel)" time="0.014" />
  <testcase classname="ptolemy.util.test.junit.AutoTests" name="[7] /home/travis/build/icyphy/ptII/ptolemy/domains/de/test/auto/CausalityInterface2.xml (RunModel)" time="0.011" />
  <testcase classname="ptolemy.util.test.junit.AutoTests" name="[8] /home/travis/build/icyphy/ptII/ptolemy/domains/de/test/auto/CausalityInterface3.xml (RunModel)" time="0.021" />
  <testcase classname="ptolemy.util.test.junit.AutoTests" name="[9] /home/travis/build/icyphy/ptII/ptolemy/domains/de/test/auto/ClockDrift.xml (RunModel)" time="0.038" />
  <testcase classname="ptolemy.util.test.junit.AutoTests" name="[10] /home/travis/build/icyphy/ptII/ptolemy/domains/de/test/auto/ClockDriftAndValueChange.xml (RunModel)" time="0.026" />
  <testcase classname="ptolemy.util.test.junit.AutoTests" name="[11] /home/travis/build/icyphy/ptII/ptolemy/domains/de/test/auto/ClockDriftChange.xml (RunModel)" time="0.023" />
  <testcase classname="ptolemy.util.test.junit.AutoTests" name="[12] /home/travis/build/icyphy/ptII/ptolemy/domains/de/test/auto/ComposableCausalityAnalysis.xml (RunModel)" time="0.009" />
  <testcase classname="ptolemy.util.test.junit.AutoTests" name="[13] /home/travis/build/icyphy/ptII/ptolemy/domains/de/test/auto/DEFixedPointLimitation.xml (RunModel)" time="0.007" />
  <testcase classname="ptolemy.util.test.junit.AutoTests" name="[14] /home/travis/build/icyphy/ptII/ptolemy/domains/de/test/auto/DEScheduleTest.xml (RunModel)" time="0.023" />
  <testcase classname="ptolemy.util.test.junit.AutoTests" name="[15] /home/travis/build/icyphy/ptII/ptolemy/domains/de/test/auto/DEinDEwithStartTimes.xml (RunModel)" time="0.015" />
  <testcase classname="ptolemy.util.test.junit.AutoTests" name="[16] /home/travis/build/icyphy/ptII/ptolemy/domains/de/test/auto/DEinDEwithStartTimes2.xml (RunModel)" time="0.014" />
  <testcase classname="ptolemy.util.test.junit.AutoTests" name="[17] /home/travis/build/icyphy/ptII/ptolemy/domains/de/test/auto/DateDemo.xml (RunModel)" time="0.029" />
  <testcase classname="ptolemy.util.test.junit.AutoTests" name="[18] /home/travis/build/icyphy/ptII/ptolemy/domains/de/test/auto/DateToEvent.xml (RunModel)" time="2.035" />
  <testcase classname="ptolemy.util.test.junit.AutoTests" name="[19] /home/travis/build/icyphy/ptII/ptolemy/domains/de/test/auto/DepthTest1.xml (RunModel)" time="0.008" />
  <testcase classname="ptolemy.util.test.junit.AutoTests" name="[20] /home/travis/build/icyphy/ptII/ptolemy/domains/de/test/auto/DepthTest2.xml (RunModel)" time="0.02" />
  <testcase classname="ptolemy.util.test.junit.AutoTests" name="[21] /home/travis/build/icyphy/ptII/ptolemy/domains/de/test/auto/DepthTest3.xml (RunModel)" time="0.008" />
  <testcase classname="ptolemy.util.test.junit.AutoTests" name="[22] /home/travis/build/icyphy/ptII/ptolemy/domains/de/test/auto/DepthTest4.xml (RunModel)" time="0.013" />
  <testcase classname="ptolemy.util.test.junit.AutoTests" name="[23] /home/travis/build/icyphy/ptII/ptolemy/domains/de/test/auto/DepthTest5.xml (RunModel)" time="0.014" />
  <testcase classname="ptolemy.util.test.junit.AutoTests" name="[24] /home/travis/build/icyphy/ptII/ptolemy/domains/de/test/auto/DepthTest6.xml (RunModel)" time="0.014" />
  <testcase classname="ptolemy.util.test.junit.AutoTests" name="[25] /home/travis/build/icyphy/ptII/ptolemy/domains/de/test/auto/DepthTest7.xml (RunModel)" time="0.013" />
  <testcase classname="ptolemy.util.test.junit.AutoTests" name="[26] /home/travis/build/icyphy/ptII/ptolemy/domains/de/test/auto/EventToDate.xml (RunModel)" time="3.037" />
  <testcase classname="ptolemy.util.test.junit.AutoTests" name="[27] /home/travis/build/icyphy/ptII/ptolemy/domains/de/test/auto/FSM1.xml (RunModel)" time="0.043" />
  <testcase classname="ptolemy.util.test.junit.AutoTests" name="[28] /home/travis/build/icyphy/ptII/ptolemy/domains/de/test/auto/FSM7.xml (RunModel)" time="0.043" />
  <testcase classname="ptolemy.util.test.junit.AutoTests" name="[29] /home/travis/build/icyphy/ptII/ptolemy/domains/de/test/auto/Inspection.xml (RunModel)" time="0.048" />
  <testcase classname="ptolemy.util.test.junit.AutoTests" name="[30] /home/travis/build/icyphy/ptII/ptolemy/domains/de/test/auto/Iteration.xml (RunModel)" time="0.028" />
  <testcase classname="ptolemy.util.test.junit.AutoTests" name="[31] /home/travis/build/icyphy/ptII/ptolemy/domains/de/test/auto/LineFault.xml (RunModel)" time="0.578" />
  <testcase classname="ptolemy.util.test.junit.AutoTests" name="[32] /home/travis/build/icyphy/ptII/ptolemy/domains/de/test/auto/MergeModel1Add.xml (RunModel)" time="0.044" />
  <testcase classname="ptolemy.util.test.junit.AutoTests" name="[33] /home/travis/build/icyphy/ptII/ptolemy/domains/de/test/auto/MergeModel2Add.xml (RunModel)" time="0.037" />
  <testcase classname="ptolemy.util.test.junit.AutoTests" name="[34] /home/travis/build/icyphy/ptII/ptolemy/domains/de/test/auto/MergeModel3Add.xml (RunModel)" time="0.042" />
  <testcase classname="ptolemy.util.test.junit.AutoTests" name="[35] /home/travis/build/icyphy/ptII/ptolemy/domains/de/test/auto/MergeWithoutDiscard.xml (RunModel)" time="0.011" />
  <testcase classname="ptolemy.util.test.junit.AutoTests" name="[36] /home/travis/build/icyphy/ptII/ptolemy/domains/de/test/auto/Modal1.xml (RunModel)" time="0.032" />
  <testcase classname="ptolemy.util.test.junit.AutoTests" name="[37] /home/travis/build/icyphy/ptII/ptolemy/domains/de/test/auto/Modal2.xml (RunModel)" time="0.028" />
  <testcase classname="ptolemy.util.test.junit.AutoTests" name="[38] /home/travis/build/icyphy/ptII/ptolemy/domains/de/test/auto/Modal3.xml (RunModel)" time="0.028" />
  <testcase classname="ptolemy.util.test.junit.AutoTests" name="[39] /home/travis/build/icyphy/ptII/ptolemy/domains/de/test/auto/Modal4.xml (RunModel)" time="0.031" />
  <testcase classname="ptolemy.util.test.junit.AutoTests" name="[40] /home/travis/build/icyphy/ptII/ptolemy/domains/de/test/auto/Modal5.xml (RunModel)" time="0.025" />
  <testcase classname="ptolemy.util.test.junit.AutoTests" name="[41] /home/travis/build/icyphy/ptII/ptolemy/domains/de/test/auto/Modal6.xml (RunModel)" time="0.025" />
  <testcase classname="ptolemy.util.test.junit.AutoTests" name="[42] /home/travis/build/icyphy/ptII/ptolemy/domains/de/test/auto/Modal7.xml (RunModel)" time="0.028" />
  <testcase classname="ptolemy.util.test.junit.AutoTests" name="[43] /home/travis/build/icyphy/ptII/ptolemy/domains/de/test/auto/ModalModel.xml (RunModel)" time="0.156" />
  <testcase classname="ptolemy.util.test.junit.AutoTests" name="[44] /home/travis/build/icyphy/ptII/ptolemy/domains/de/test/auto/ModalSource.xml (RunModel)" time="0.021" />
  <testcase classname="ptolemy.util.test.junit.AutoTests" name="[45] /home/travis/build/icyphy/ptII/ptolemy/domains/de/test/auto/NonInterruptibleTimerZeroDelay.xml (RunModel)" time="0.011" />
  <testcase classname="ptolemy.util.test.junit.AutoTests" name="[46] /home/travis/build/icyphy/ptII/ptolemy/domains/de/test/auto/OpenQueueingNetwork.xml (RunModel)" time="2.166" />
  <testcase classname="ptolemy.util.test.junit.AutoTests" name="[47] /home/travis/build/icyphy/ptII/ptolemy/domains/de/test/auto/OpenQueuingNetwork.xml (RunModel)" time="0.267" />
  <testcase classname="ptolemy.util.test.junit.AutoTests" name="[48] /home/travis/build/icyphy/ptII/ptolemy/domains/de/test/auto/PeriodicSampler.xml (RunModel)" time="0.008" />
  <testcase classname="ptolemy.util.test.junit.AutoTests" name="[49] /home/travis/build/icyphy/ptII/ptolemy/domains/de/test/auto/PersistentIO.xml (RunModel)" time="0.018" />
  <testcase classname="ptolemy.util.test.junit.AutoTests" name="[50] /home/travis/build/icyphy/ptII/ptolemy/domains/de/test/auto/PortParameterResetOnInitialize.xml (RunModel)" time="0.008" />
  <testcase classname="ptolemy.util.test.junit.AutoTests" name="[51] /home/travis/build/icyphy/ptII/ptolemy/domains/de/test/auto/PortParameterUpdates.xml (RunModel)" time="0.014" />
  <testcase classname="ptolemy.util.test.junit.AutoTests" name="[52] /home/travis/build/icyphy/ptII/ptolemy/domains/de/test/auto/QueueAndServer.xml (RunModel)" time="0.02" />
  <testcase classname="ptolemy.util.test.junit.AutoTests" name="[53] /home/travis/build/icyphy/ptII/ptolemy/domains/de/test/auto/Records.xml (RunModel)" time="0.016" />
  <testcase classname="ptolemy.util.test.junit.AutoTests" name="[54] /home/travis/build/icyphy/ptII/ptolemy/domains/de/test/auto/ResetTransitionWithStartTime1.xml (RunModel)" time="0.02" />
  <testcase classname="ptolemy.util.test.junit.AutoTests" name="[55] /home/travis/build/icyphy/ptII/ptolemy/domains/de/test/auto/ResetTransitionWithStartTime2.xml (RunModel)" time="0.02" />
  <testcase classname="ptolemy.util.test.junit.AutoTests" name="[56] /home/travis/build/icyphy/ptII/ptolemy/domains/de/test/auto/ResetTransitionWithStartTime3.xml (RunModel)" time="0.019" />
  <testcase classname="ptolemy.util.test.junit.AutoTests" name="[57] /home/travis/build/icyphy/ptII/ptolemy/domains/de/test/auto/ResetTransitionWithStartTime4.xml (RunModel)" time="0.018" />
  <testcase classname="ptolemy.util.test.junit.AutoTests" name="[58] /home/travis/build/icyphy/ptII/ptolemy/domains/de/test/auto/ResettableTimer1.xml (RunModel)" time="0.011" />
  <testcase classname="ptolemy.util.test.junit.AutoTests" name="[59] /home/travis/build/icyphy/ptII/ptolemy/domains/de/test/auto/ResettableTimer2.xml (RunModel)" time="0.011" />
  <testcase classname="ptolemy.util.test.junit.AutoTests" name="[60] /home/travis/build/icyphy/ptII/ptolemy/domains/de/test/auto/ResettableTimer3.xml (RunModel)" time="0.01" />
  <testcase classname="ptolemy.util.test.junit.AutoTests" name="[61] /home/travis/build/icyphy/ptII/ptolemy/domains/de/test/auto/ResettableTimer4.xml (RunModel)" time="0.01" />
  <testcase classname="ptolemy.util.test.junit.AutoTests" name="[62] /home/travis/build/icyphy/ptII/ptolemy/domains/de/test/auto/ResettableTimer5.xml (RunModel)" time="0.009" />
  <testcase classname="ptolemy.util.test.junit.AutoTests" name="[63] /home/travis/build/icyphy/ptII/ptolemy/domains/de/test/auto/ResettableTimer6.xml (RunModel)" time="0.02" />
  <testcase classname="ptolemy.util.test.junit.AutoTests" name="[64] /home/travis/build/icyphy/ptII/ptolemy/domains/de/test/auto/ServerZeroDelay.xml (RunModel)" time="0.011" />
  <testcase classname="ptolemy.util.test.junit.AutoTests" name="[65] /home/travis/build/icyphy/ptII/ptolemy/domains/de/test/auto/SmartSender.xml (RunModel)" time="3.009" />
  <testcase classname="ptolemy.util.test.junit.AutoTests" name="[66] /home/travis/build/icyphy/ptII/ptolemy/domains/de/test/auto/ThreadedComposite.xml (RunModel)" time="0.142" />
  <testcase classname="ptolemy.util.test.junit.AutoTests" name="[67] /home/travis/build/icyphy/ptII/ptolemy/domains/de/test/auto/Time.xml (RunModel)" time="0.42" />
  <testcase classname="ptolemy.util.test.junit.AutoTests" name="[68] /home/travis/build/icyphy/ptII/ptolemy/domains/de/test/auto/TimeDelayZeroDelay.xml (RunModel)" time="0.011" />
  <testcase classname="ptolemy.util.test.junit.AutoTests" name="[69] /home/travis/build/icyphy/ptII/ptolemy/domains/de/test/auto/TimerZeroDelay.xml (RunModel)" time="0.009" />
  <testcase classname="ptolemy.util.test.junit.AutoTests" name="[70] /home/travis/build/icyphy/ptII/ptolemy/domains/de/test/auto/TimingParadox.xml (RunModel)" time="0.334" />
  <testcase classname="ptolemy.util.test.junit.AutoTests" name="[71] /home/travis/build/icyphy/ptII/ptolemy/domains/de/test/auto/TransferInputs.xml (RunModel)" time="0.015" />
  <testcase classname="ptolemy.util.test.junit.AutoTests" name="[72] /home/travis/build/icyphy/ptII/ptolemy/domains/de/test/auto/TransferOutputs2.xml (RunModel)" time="0.015" />
  <testcase classname="ptolemy.util.test.junit.AutoTests" name="[73] /home/travis/build/icyphy/ptII/ptolemy/domains/de/test/auto/Trilateration.xml (RunModel)" time="13.032" />
  <testcase classname="ptolemy.util.test.junit.AutoTests" name="[74] /home/travis/build/icyphy/ptII/ptolemy/domains/de/test/auto/TwoSigmaDelta.xml (RunModel)" time="2.133" />
  <testcase classname="ptolemy.util.test.junit.AutoTests" name="[75] /home/travis/build/icyphy/ptII/ptolemy/domains/de/test/auto/VariableDelay.xml (RunModel)" time="0.011" />
  <testcase classname="ptolemy.util.test.junit.AutoTests" name="[76] /home/travis/build/icyphy/ptII/ptolemy/domains/de/test/auto/VariableDelay2.xml (RunModel)" time="0.013" />
  <testcase classname="ptolemy.util.test.junit.AutoTests" name="[77] /home/travis/build/icyphy/ptII/ptolemy/domains/de/test/auto/VariableDelayZeroDelay.xml (RunModel)" time="0.014" />
  <testcase classname="ptolemy.util.test.junit.AutoTests" name="[78] /home/travis/build/icyphy/ptII/ptolemy/domains/de/test/auto/VariableDelayZeroDelay2.xml (RunModel)" time="0.01" />
  <testcase classname="ptolemy.util.test.junit.AutoTests" name="[79] /home/travis/build/icyphy/ptII/ptolemy/domains/de/test/auto/deInCt.xml (RunModel)" time="0.015" />
  <testcase classname="ptolemy.util.test.junit.AutoTests" name="[80] /home/travis/build/icyphy/ptII/ptolemy/domains/de/test/auto/deInCt2.xml (RunModel)" time="0.013" />
  <testcase classname="ptolemy.util.test.junit.AutoTests" name="[81] /home/travis/build/icyphy/ptII/ptolemy/domains/de/test/auto/dynamicCausalityInterface1.xml (RunModel)" time="0.018" />
  <testcase classname="ptolemy.util.test.junit.AutoTests" name="[82] /home/travis/build/icyphy/ptII/ptolemy/domains/de/test/auto/fsm_de_test.xml (RunModel)" time="0.029" />
  <testcase classname="ptolemy.util.test.junit.AutoTests" name="[83] /home/travis/build/icyphy/ptII/ptolemy/domains/de/test/auto/functionDependencyReconstruction.xml (RunModel)" time="0.033" />
  <testcase classname="ptolemy.util.test.junit.AutoTests" name="[84] /home/travis/build/icyphy/ptII/ptolemy/domains/de/test/auto/multirate.xml (RunModel)" time="0.016" />
  <testcase classname="ptolemy.util.test.junit.AutoTests" name="[85] /home/travis/build/icyphy/ptII/ptolemy/domains/de/test/auto/multirate2.xml (RunModel)" time="0.015" />
  <testcase classname="ptolemy.util.test.junit.AutoTests" name="[86] /home/travis/build/icyphy/ptII/ptolemy/domains/de/test/auto/realtime.xml (RunModel)" time="10.012" />
  <testcase classname="ptolemy.util.test.junit.AutoTests" name="[87] /home/travis/build/icyphy/ptII/ptolemy/domains/de/test/auto/relationGroup.xml (RunModel)" time="0.011" />
  <testcase classname="ptolemy.util.test.junit.AutoTests" name="[88] /home/travis/build/icyphy/ptII/ptolemy/domains/de/test/auto/relationGroup2.xml (RunModel)" time="0.008" />
  <testcase classname="ptolemy.util.test.junit.AutoTests" name="[89] /home/travis/build/icyphy/ptII/ptolemy/domains/de/test/auto/sortWithOpaquePorts.xml (RunModel)" time="0.007" />
  <testcase classname="ptolemy.util.test.junit.AutoTests" name="[90] /home/travis/build/icyphy/ptII/ptolemy/domains/de/test/auto/transferInputsandOutputs.xml (RunModel)" time="0.021" />
  <testcase classname="ptolemy.util.test.junit.AutoTests" name="[91] /home/travis/build/icyphy/ptII/ptolemy/domains/de/test/auto/triggerType.xml (RunModel)" time="0.012" />
  <system-out><![CDATA[/home/travis/build/icyphy/ptII/ptolemy/domains/de/test/DependencyLoop.tcl
testDefs.tcl: setting time out to 9000 seconds at Wed Jun 20 05:11:13 UTC 2018
13 ms. Memory: 116224K Free: 93492K (80%)
6 ms. Memory: 146944K Free: 135498K (92%)
/home/travis/build/icyphy/ptII/ptolemy/domains/de/test/RunDETestsAsQSS.tcl
Run the DE tests using ptolemy.domains.qss.test.QSSDirectorTest, which extends QSSDirector and prints a message in the constructors.
------------------ testing $PTII/ptolemy/domains/de/test/auto/knownFailedTests/dependencyLoop.xml (Known Failure) 
7 ms. Memory: 146944K Free: 132385K (90%)


==== $PTIIhome/travis/build/icyphy/ptII/ptolemy/domains/de/test/../../../../: Auto Automatic test in file $PTII/ptolemy/domains/de/test/auto/knownFailedTests/dependencyLoop.xml
==== Contents of test case:

	    # FIXME: we should use $relativeFilename here, but it
	    # might have backslashes under Windows, which causes no end
	    # of trouble.
	    createAndExecute $file
	    list {}
	
.... Test generated KNOWN error:
    while executing
ptolemy.kernel.util.IllegalActionException: Found a zero delay loop containing .dependencyLoop.original
  in .dependencyLoop and .dependencyLoop.original
	at ptolemy.actor.util.CausalityInterfaceForComposites._computeOutputPortDepth(CausalityInterfaceForComposites.java:759)
	at ptolemy.actor.util.CausalityInterfaceForComposites._computeInputDepth(CausalityInterfaceForComposites.java:696)
	at ptolemy.actor.util.CausalityInterfaceForComposites._computeOutputPortDepth(CausalityInterfaceForComposites.java:765)
	at ptolemy.actor.util.CausalityInterfaceForComposites._computeInputDepth(CausalityInterfaceForComposites.java:696)
	at ptolemy.actor.util.CausalityInterfaceForComposites._computeOutputPortDepth(CausalityInterfaceForComposites.java:765)
	at ptolemy.actor.util.CausalityInterfaceForComposites._computeInputDepth(CausalityInterfaceForComposites.java:696)
	at ptolemy.actor.util.CausalityInterfaceForComposites._computeActorDepth(CausalityInterfaceForComposites.java:532)
	at ptolemy.actor.util.CausalityInterfaceForComposites.checkForCycles(CausalityInterfaceForComposites.java:96)
	at ptolemy.domains.de.kernel.DEDirector.preinitialize(DEDirector.java:1338)
	at ptolemy.actor.CompositeActor.preinitialize(CompositeActor.java:1828)
	at ptolemy.actor.Manager.preinitializeAndResolveTypes(Manager.java:1040)
	at ptolemy.actor.Manager.initialize(Manager.java:710)
	at ptolemy.actor.Manager.execute(Manager.java:356)
	at ptolemy.actor.Manager.run(Manager.java:1263)
	at ptolemy.actor.Manager$PtolemyRunThread.run(Manager.java:1915)

    while executing
ptolemy.kernel.util.IllegalActionException: Found a zero delay loop containing .dependencyLoop.original
  in .dependencyLoop and .dependencyLoop.original
    while executing
"java::new ptolemy.moml.MoMLSimpleApplication $file
"
    (procedure "createAndExecute" line 2)
    invoked from within
"createAndExecute $file"
    ("uplevel" body line 5)
    invoked from within
"uplevel $contents_of_test"
------------------ testing $PTII/ptolemy/domains/de/test/auto/knownFailedTests/DESDFClockTest.xml (Known Failure) 
2050 ms. Memory: 146944K Free: 116641K (79%)


==== $PTIIhome/travis/build/icyphy/ptII/ptolemy/domains/de/test/../../../../: Auto Automatic test in file $PTII/ptolemy/domains/de/test/auto/knownFailedTests/DESDFClockTest.xml
==== Contents of test case:

	    # FIXME: we should use $relativeFilename here, but it
	    # might have backslashes under Windows, which causes no end
	    # of trouble.
	    createAndExecute $file
	    list {}
	
.... Test generated KNOWN error:
    while executing
ptolemy.kernel.util.IllegalActionException: Actor is not ready to fire.  Perhaps UpSample.prefire() returned false? Try debugging the actor by selecting "Listen to Actor".  Also, for SDF check moml for tokenConsumptionRate on input.
  in .DESDFClockTest.Play Bell.Copy1:SDF Director and .DESDFClockTest.Play Bell.UpSample
	at ptolemy.actor.sched.StaticSchedulingDirector.fire(StaticSchedulingDirector.java:227)
	at ptolemy.domains.sdf.kernel.SDFDirector.fire(SDFDirector.java:500)
	at ptolemy.actor.CompositeActor.fire(CompositeActor.java:455)
	at ptolemy.domains.de.kernel.DEDirector._fire(DEDirector.java:1949)
	at ptolemy.domains.de.kernel.DEDirector.fire(DEDirector.java:502)
	at ptolemy.actor.CompositeActor.fire(CompositeActor.java:455)
	at ptolemy.actor.Manager.iterate(Manager.java:851)
	at ptolemy.actor.Manager.execute(Manager.java:369)
	at ptolemy.actor.Manager.run(Manager.java:1263)
	at ptolemy.actor.Manager$PtolemyRunThread.run(Manager.java:1915)

    while executing
ptolemy.kernel.util.IllegalActionException: Actor is not ready to fire.  Perhaps UpSample.prefire() returned false? Try debugging the actor by selecting "Listen to Actor".  Also, for SDF check moml for tokenConsumptionRate on input.
  in .DESDFClockTest.Play Bell.Copy1:SDF Director and .DESDFClockTest.Play Bell.UpSample
    while executing
"java::new ptolemy.moml.MoMLSimpleApplication $file
"
    (procedure "createAndExecute" line 2)
    invoked from within
"createAndExecute $file"
    ("uplevel" body line 5)
    invoked from within
"uplevel $contents_of_test"
------------------ testing $PTII/ptolemy/domains/de/test/auto/knownFailedTests/FSMSource.xml (Known Failure) 
27 ms. Memory: 146944K Free: 107121K (73%)
!!!! Auto was marked as failing, but now passes
------------------ testing $PTII/ptolemy/domains/de/test/auto/knownFailedTests/dependencyLoop2.xml (Known Failure) 
13 ms. Memory: 146944K Free: 105261K (72%)


==== $PTIIhome/travis/build/icyphy/ptII/ptolemy/domains/de/test/../../../../: Auto Automatic test in file $PTII/ptolemy/domains/de/test/auto/knownFailedTests/dependencyLoop2.xml
==== Contents of test case:

	    # FIXME: we should use $relativeFilename here, but it
	    # might have backslashes under Windows, which causes no end
	    # of trouble.
	    createAndExecute $file
	    list {}
	
.... Test generated KNOWN error:
    while executing
ptolemy.kernel.util.IllegalActionException: Found a zero delay loop containing .dependencyLoop2.original
  in .dependencyLoop2 and .dependencyLoop2.original
	at ptolemy.actor.util.CausalityInterfaceForComposites._computeOutputPortDepth(CausalityInterfaceForComposites.java:759)
	at ptolemy.actor.util.CausalityInterfaceForComposites._computeInputDepth(CausalityInterfaceForComposites.java:696)
	at ptolemy.actor.util.CausalityInterfaceForComposites._computeOutputPortDepth(CausalityInterfaceForComposites.java:765)
	at ptolemy.actor.util.CausalityInterfaceForComposites._computeInputDepth(CausalityInterfaceForComposites.java:696)
	at ptolemy.actor.util.CausalityInterfaceForComposites._computeOutputPortDepth(CausalityInterfaceForComposites.java:765)
	at ptolemy.actor.util.CausalityInterfaceForComposites._computeInputDepth(CausalityInterfaceForComposites.java:696)
	at ptolemy.actor.util.CausalityInterfaceForComposites._computeActorDepth(CausalityInterfaceForComposites.java:532)
	at ptolemy.actor.util.CausalityInterfaceForComposites.checkForCycles(CausalityInterfaceForComposites.java:96)
	at ptolemy.domains.de.kernel.DEDirector.preinitialize(DEDirector.java:1338)
	at ptolemy.actor.CompositeActor.preinitialize(CompositeActor.java:1828)
	at ptolemy.actor.Manager.preinitializeAndResolveTypes(Manager.java:1040)
	at ptolemy.actor.Manager.initialize(Manager.java:710)
	at ptolemy.actor.Manager.execute(Manager.java:356)
	at ptolemy.actor.Manager.run(Manager.java:1263)
	at ptolemy.actor.Manager$PtolemyRunThread.run(Manager.java:1915)

    while executing
ptolemy.kernel.util.IllegalActionException: Found a zero delay loop containing .dependencyLoop2.original
  in .dependencyLoop2 and .dependencyLoop2.original
    while executing
"java::new ptolemy.moml.MoMLSimpleApplication $file
"
    (procedure "createAndExecute" line 2)
    invoked from within
"createAndExecute $file"
    ("uplevel" body line 5)
    invoked from within
"uplevel $contents_of_test"
------------------ testing $PTII/ptolemy/domains/de/test/auto/knownFailedTests/HierarchicalModel.xml (Known Failure) 
8 ms. Memory: 146944K Free: 83685K (57%)


==== $PTIIhome/travis/build/icyphy/ptII/ptolemy/domains/de/test/../../../../: Auto Automatic test in file $PTII/ptolemy/domains/de/test/auto/knownFailedTests/HierarchicalModel.xml
==== Contents of test case:

	    # FIXME: we should use $relativeFilename here, but it
	    # might have backslashes under Windows, which causes no end
	    # of trouble.
	    createAndExecute $file
	    list {}
	
.... Test generated KNOWN error:
    while executing
ptolemy.kernel.util.IllegalActionException: Found a zero delay loop containing .HierarchicalModel.A
  in .HierarchicalModel and .HierarchicalModel.A
	at ptolemy.actor.util.CausalityInterfaceForComposites._computeOutputPortDepth(CausalityInterfaceForComposites.java:759)
	at ptolemy.actor.util.CausalityInterfaceForComposites._computeInputDepth(CausalityInterfaceForComposites.java:696)
	at ptolemy.actor.util.CausalityInterfaceForComposites._computeOutputPortDepth(CausalityInterfaceForComposites.java:765)
	at ptolemy.actor.util.CausalityInterfaceForComposites._computeInputDepth(CausalityInterfaceForComposites.java:696)
	at ptolemy.actor.util.CausalityInterfaceForComposites._computeOutputPortDepth(CausalityInterfaceForComposites.java:765)
	at ptolemy.actor.util.CausalityInterfaceForComposites._computeInputDepth(CausalityInterfaceForComposites.java:696)
	at ptolemy.actor.util.CausalityInterfaceForComposites._computeActorDepth(CausalityInterfaceForComposites.java:532)
	at ptolemy.actor.util.CausalityInterfaceForComposites.checkForCycles(CausalityInterfaceForComposites.java:96)
	at ptolemy.domains.de.kernel.DEDirector.preinitialize(DEDirector.java:1338)
	at ptolemy.actor.CompositeActor.preinitialize(CompositeActor.java:1828)
	at ptolemy.actor.Manager.preinitializeAndResolveTypes(Manager.java:1040)
	at ptolemy.actor.Manager.initialize(Manager.java:710)
	at ptolemy.actor.Manager.execute(Manager.java:356)
	at ptolemy.actor.Manager.run(Manager.java:1263)
	at ptolemy.actor.Manager$PtolemyRunThread.run(Manager.java:1915)

    while executing
ptolemy.kernel.util.IllegalActionException: Found a zero delay loop containing .HierarchicalModel.A
  in .HierarchicalModel and .HierarchicalModel.A
    while executing
"java::new ptolemy.moml.MoMLSimpleApplication $file
"
    (procedure "createAndExecute" line 2)
    invoked from within
"createAndExecute $file"
    ("uplevel" body line 5)
    invoked from within
"uplevel $contents_of_test"
------------------ testing $PTII/ptolemy/domains/de/test/auto/knownFailedTests/DirectFeedback.xml (Known Failure) 
9 ms. Memory: 146944K Free: 140104K (95%)


==== $PTIIhome/travis/build/icyphy/ptII/ptolemy/domains/de/test/../../../../: Auto Automatic test in file $PTII/ptolemy/domains/de/test/auto/knownFailedTests/DirectFeedback.xml
==== Contents of test case:

	    # FIXME: we should use $relativeFilename here, but it
	    # might have backslashes under Windows, which causes no end
	    # of trouble.
	    createAndExecute $file
	    list {}
	
.... Test generated KNOWN error:
    while executing
ptolemy.kernel.util.IllegalActionException: Test fails in iteration 1.
Value was: 1.0. Should have been: 2.0
  in .DirectFeedback.Test
	at ptolemy.actor.lib.Test.fire(Test.java:268)
	at ptolemy.domains.de.kernel.DEDirector._fire(DEDirector.java:1949)
	at ptolemy.domains.de.kernel.DEDirector.fire(DEDirector.java:502)
	at ptolemy.actor.CompositeActor.fire(CompositeActor.java:455)
	at ptolemy.actor.Manager.iterate(Manager.java:851)
	at ptolemy.actor.Manager.execute(Manager.java:369)
	at ptolemy.actor.Manager.run(Manager.java:1263)
	at ptolemy.actor.Manager$PtolemyRunThread.run(Manager.java:1915)

    while executing
ptolemy.kernel.util.IllegalActionException: Test fails in iteration 1.
Value was: 1.0. Should have been: 2.0
  in .DirectFeedback.Test
    while executing
"java::new ptolemy.moml.MoMLSimpleApplication $file
"
    (procedure "createAndExecute" line 2)
    invoked from within
"createAndExecute $file"
    ("uplevel" body line 5)
    invoked from within
"uplevel $contents_of_test"
------------------ testing $PTII/ptolemy/domains/de/test/auto/ActorDepthCalculation_actorWithoutPorts.xml
auto.tcl: Setting watchdog for 200 seconds at Wed Jun 20 05:11:16 UTC 2018
6 ms. Memory: 146944K Free: 131449K (89%)
ptolemy.util.test.WatchDog.cancel(): canceling Wed Jun 20 05:11:17 UTC 2018
auto.tcl: Setting watchdog for 200 seconds at Wed Jun 20 05:11:17 UTC 2018
4 ms. Memory: 146944K Free: 130417K (89%)
ptolemy.util.test.WatchDog.cancel(): canceling Wed Jun 20 05:11:17 UTC 2018
------------------ testing $PTII/ptolemy/domains/de/test/auto/AssemblyLine.xml
auto.tcl: Setting watchdog for 200 seconds at Wed Jun 20 05:11:17 UTC 2018
22 ms. Memory: 208384K Free: 182863K (88%)
ptolemy.util.test.WatchDog.cancel(): canceling Wed Jun 20 05:11:17 UTC 2018
auto.tcl: Setting watchdog for 200 seconds at Wed Jun 20 05:11:17 UTC 2018
10 ms. Memory: 208384K Free: 182863K (88%)
ptolemy.util.test.WatchDog.cancel(): canceling Wed Jun 20 05:11:17 UTC 2018
------------------ testing $PTII/ptolemy/domains/de/test/auto/CQBug1.xml
auto.tcl: Setting watchdog for 200 seconds at Wed Jun 20 05:11:17 UTC 2018
3 ms. Memory: 208384K Free: 197728K (95%)
ptolemy.util.test.WatchDog.cancel(): canceling Wed Jun 20 05:11:17 UTC 2018
auto.tcl: Setting watchdog for 200 seconds at Wed Jun 20 05:11:17 UTC 2018
2 ms. Memory: 208384K Free: 197728K (95%)
ptolemy.util.test.WatchDog.cancel(): canceling Wed Jun 20 05:11:17 UTC 2018
------------------ testing $PTII/ptolemy/domains/de/test/auto/CancelFireAt.xml
auto.tcl: Setting watchdog for 200 seconds at Wed Jun 20 05:11:17 UTC 2018
3 ms. Memory: 208384K Free: 201438K (97%)
ptolemy.util.test.WatchDog.cancel(): canceling Wed Jun 20 05:11:17 UTC 2018
auto.tcl: Setting watchdog for 200 seconds at Wed Jun 20 05:11:17 UTC 2018
2 ms. Memory: 208384K Free: 199340K (96%)
ptolemy.util.test.WatchDog.cancel(): canceling Wed Jun 20 05:11:17 UTC 2018
------------------ testing $PTII/ptolemy/domains/de/test/auto/CausalityAndComposabilityAnalysis.xml
auto.tcl: Setting watchdog for 200 seconds at Wed Jun 20 05:11:17 UTC 2018
15 ms. Memory: 208384K Free: 196845K (94%)
ptolemy.util.test.WatchDog.cancel(): canceling Wed Jun 20 05:11:17 UTC 2018
auto.tcl: Setting watchdog for 200 seconds at Wed Jun 20 05:11:17 UTC 2018
5 ms. Memory: 208384K Free: 196507K (94%)
ptolemy.util.test.WatchDog.cancel(): canceling Wed Jun 20 05:11:17 UTC 2018
------------------ testing $PTII/ptolemy/domains/de/test/auto/CausalityInterface1.xml
auto.tcl: Setting watchdog for 200 seconds at Wed Jun 20 05:11:17 UTC 2018
22 ms. Memory: 208384K Free: 196445K (94%)
ptolemy.util.test.WatchDog.cancel(): canceling Wed Jun 20 05:11:17 UTC 2018
auto.tcl: Setting watchdog for 200 seconds at Wed Jun 20 05:11:17 UTC 2018
3 ms. Memory: 208384K Free: 196445K (94%)
ptolemy.util.test.WatchDog.cancel(): canceling Wed Jun 20 05:11:17 UTC 2018
------------------ testing $PTII/ptolemy/domains/de/test/auto/CausalityInterface15.xml
auto.tcl: Setting watchdog for 200 seconds at Wed Jun 20 05:11:17 UTC 2018
9 ms. Memory: 208384K Free: 196436K (94%)
ptolemy.util.test.WatchDog.cancel(): canceling Wed Jun 20 05:11:18 UTC 2018
auto.tcl: Setting watchdog for 200 seconds at Wed Jun 20 05:11:18 UTC 2018
3 ms. Memory: 208384K Free: 196436K (94%)
ptolemy.util.test.WatchDog.cancel(): canceling Wed Jun 20 05:11:18 UTC 2018
------------------ testing $PTII/ptolemy/domains/de/test/auto/CausalityInterface2.xml
auto.tcl: Setting watchdog for 200 seconds at Wed Jun 20 05:11:18 UTC 2018
6 ms. Memory: 208384K Free: 196419K (94%)
ptolemy.util.test.WatchDog.cancel(): canceling Wed Jun 20 05:11:18 UTC 2018
auto.tcl: Setting watchdog for 200 seconds at Wed Jun 20 05:11:18 UTC 2018
7 ms. Memory: 208384K Free: 196419K (94%)
ptolemy.util.test.WatchDog.cancel(): canceling Wed Jun 20 05:11:18 UTC 2018
------------------ testing $PTII/ptolemy/domains/de/test/auto/CausalityInterface3.xml
auto.tcl: Setting watchdog for 200 seconds at Wed Jun 20 05:11:18 UTC 2018
3 ms. Memory: 208384K Free: 196431K (94%)
ptolemy.util.test.WatchDog.cancel(): canceling Wed Jun 20 05:11:18 UTC 2018
auto.tcl: Setting watchdog for 200 seconds at Wed Jun 20 05:11:18 UTC 2018
8 ms. Memory: 208384K Free: 196431K (94%)
ptolemy.util.test.WatchDog.cancel(): canceling Wed Jun 20 05:11:18 UTC 2018
------------------ testing $PTII/ptolemy/domains/de/test/auto/ClockDrift.xml
auto.tcl: Setting watchdog for 200 seconds at Wed Jun 20 05:11:18 UTC 2018
73 ms. Memory: 208384K Free: 187677K (90%)
ptolemy.util.test.WatchDog.cancel(): canceling Wed Jun 20 05:11:18 UTC 2018
auto.tcl: Setting watchdog for 200 seconds at Wed Jun 20 05:11:18 UTC 2018
56 ms. Memory: 208384K Free: 185581K (89%)
ptolemy.util.test.WatchDog.cancel(): canceling Wed Jun 20 05:11:18 UTC 2018
------------------ testing $PTII/ptolemy/domains/de/test/auto/ClockDriftAndValueChange.xml
auto.tcl: Setting watchdog for 200 seconds at Wed Jun 20 05:11:18 UTC 2018
38 ms. Memory: 208384K Free: 187511K (90%)
ptolemy.util.test.WatchDog.cancel(): canceling Wed Jun 20 05:11:18 UTC 2018
auto.tcl: Setting watchdog for 200 seconds at Wed Jun 20 05:11:18 UTC 2018
29 ms. Memory: 208384K Free: 185415K (89%)
ptolemy.util.test.WatchDog.cancel(): canceling Wed Jun 20 05:11:18 UTC 2018
------------------ testing $PTII/ptolemy/domains/de/test/auto/ClockDriftChange.xml
auto.tcl: Setting watchdog for 200 seconds at Wed Jun 20 05:11:18 UTC 2018
30 ms. Memory: 208384K Free: 190832K (92%)
ptolemy.util.test.WatchDog.cancel(): canceling Wed Jun 20 05:11:18 UTC 2018
auto.tcl: Setting watchdog for 200 seconds at Wed Jun 20 05:11:18 UTC 2018
29 ms. Memory: 208384K Free: 188737K (91%)
ptolemy.util.test.WatchDog.cancel(): canceling Wed Jun 20 05:11:18 UTC 2018
------------------ testing $PTII/ptolemy/domains/de/test/auto/ComposableCausalityAnalysis.xml
auto.tcl: Setting watchdog for 200 seconds at Wed Jun 20 05:11:18 UTC 2018
5 ms. Memory: 208384K Free: 196629K (94%)
ptolemy.util.test.WatchDog.cancel(): canceling Wed Jun 20 05:11:18 UTC 2018
auto.tcl: Setting watchdog for 200 seconds at Wed Jun 20 05:11:18 UTC 2018
1 ms. Memory: 208384K Free: 194533K (93%)
ptolemy.util.test.WatchDog.cancel(): canceling Wed Jun 20 05:11:18 UTC 2018
------------------ testing $PTII/ptolemy/domains/de/test/auto/DEFixedPointLimitation.xml
auto.tcl: Setting watchdog for 200 seconds at Wed Jun 20 05:11:18 UTC 2018
2 ms. Memory: 208384K Free: 196372K (94%)
ptolemy.util.test.WatchDog.cancel(): canceling Wed Jun 20 05:11:18 UTC 2018
auto.tcl: Setting watchdog for 200 seconds at Wed Jun 20 05:11:18 UTC 2018
1 ms. Memory: 208384K Free: 196372K (94%)
ptolemy.util.test.WatchDog.cancel(): canceling Wed Jun 20 05:11:18 UTC 2018
------------------ testing $PTII/ptolemy/domains/de/test/auto/DEScheduleTest.xml
auto.tcl: Setting watchdog for 200 seconds at Wed Jun 20 05:11:18 UTC 2018
5 ms. Memory: 208384K Free: 198841K (95%)
ptolemy.util.test.WatchDog.cancel(): canceling Wed Jun 20 05:11:19 UTC 2018
auto.tcl: Setting watchdog for 200 seconds at Wed Jun 20 05:11:19 UTC 2018
4 ms. Memory: 208384K Free: 196408K (94%)
ptolemy.util.test.WatchDog.cancel(): canceling Wed Jun 20 05:11:19 UTC 2018
------------------ testing $PTII/ptolemy/domains/de/test/auto/DEinDEwithStartTimes.xml
auto.tcl: Setting watchdog for 200 seconds at Wed Jun 20 05:11:19 UTC 2018
7 ms. Memory: 208384K Free: 196377K (94%)
ptolemy.util.test.WatchDog.cancel(): canceling Wed Jun 20 05:11:19 UTC 2018
auto.tcl: Setting watchdog for 200 seconds at Wed Jun 20 05:11:19 UTC 2018
7 ms. Memory: 208384K Free: 194282K (93%)
ptolemy.util.test.WatchDog.cancel(): canceling Wed Jun 20 05:11:19 UTC 2018
------------------ testing $PTII/ptolemy/domains/de/test/auto/DEinDEwithStartTimes2.xml
auto.tcl: Setting watchdog for 200 seconds at Wed Jun 20 05:11:19 UTC 2018
4 ms. Memory: 208384K Free: 196692K (94%)
ptolemy.util.test.WatchDog.cancel(): canceling Wed Jun 20 05:11:19 UTC 2018
auto.tcl: Setting watchdog for 200 seconds at Wed Jun 20 05:11:19 UTC 2018
4 ms. Memory: 208384K Free: 194259K (93%)
ptolemy.util.test.WatchDog.cancel(): canceling Wed Jun 20 05:11:19 UTC 2018
------------------ testing $PTII/ptolemy/domains/de/test/auto/DateDemo.xml
auto.tcl: Setting watchdog for 200 seconds at Wed Jun 20 05:11:19 UTC 2018
12 ms. Memory: 208384K Free: 188806K (91%)
ptolemy.util.test.WatchDog.cancel(): canceling Wed Jun 20 05:11:19 UTC 2018
auto.tcl: Setting watchdog for 200 seconds at Wed Jun 20 05:11:19 UTC 2018
10 ms. Memory: 208384K Free: 186710K (90%)
ptolemy.util.test.WatchDog.cancel(): canceling Wed Jun 20 05:11:19 UTC 2018
------------------ testing $PTII/ptolemy/domains/de/test/auto/DateToEvent.xml
auto.tcl: Setting watchdog for 200 seconds at Wed Jun 20 05:11:19 UTC 2018
2019 ms. Memory: 208384K Free: 183542K (88%)
ptolemy.util.test.WatchDog.cancel(): canceling Wed Jun 20 05:11:21 UTC 2018
auto.tcl: Setting watchdog for 200 seconds at Wed Jun 20 05:11:21 UTC 2018
2008 ms. Memory: 208384K Free: 181084K (87%)
ptolemy.util.test.WatchDog.cancel(): canceling Wed Jun 20 05:11:23 UTC 2018
------------------ testing $PTII/ptolemy/domains/de/test/auto/DepthTest1.xml
auto.tcl: Setting watchdog for 200 seconds at Wed Jun 20 05:11:23 UTC 2018
2 ms. Memory: 208384K Free: 198030K (95%)
ptolemy.util.test.WatchDog.cancel(): canceling Wed Jun 20 05:11:23 UTC 2018
auto.tcl: Setting watchdog for 200 seconds at Wed Jun 20 05:11:23 UTC 2018
1 ms. Memory: 208384K Free: 198030K (95%)
ptolemy.util.test.WatchDog.cancel(): canceling Wed Jun 20 05:11:23 UTC 2018
------------------ testing $PTII/ptolemy/domains/de/test/auto/DepthTest2.xml
auto.tcl: Setting watchdog for 200 seconds at Wed Jun 20 05:11:23 UTC 2018
3 ms. Memory: 208384K Free: 194240K (93%)
ptolemy.util.test.WatchDog.cancel(): canceling Wed Jun 20 05:11:23 UTC 2018
auto.tcl: Setting watchdog for 200 seconds at Wed Jun 20 05:11:23 UTC 2018
2 ms. Memory: 208384K Free: 194240K (93%)
ptolemy.util.test.WatchDog.cancel(): canceling Wed Jun 20 05:11:23 UTC 2018
------------------ testing $PTII/ptolemy/domains/de/test/auto/DepthTest3.xml
auto.tcl: Setting watchdog for 200 seconds at Wed Jun 20 05:11:23 UTC 2018
1 ms. Memory: 208384K Free: 198702K (95%)
ptolemy.util.test.WatchDog.cancel(): canceling Wed Jun 20 05:11:23 UTC 2018
auto.tcl: Setting watchdog for 200 seconds at Wed Jun 20 05:11:23 UTC 2018
4 ms. Memory: 208384K Free: 198702K (95%)
ptolemy.util.test.WatchDog.cancel(): canceling Wed Jun 20 05:11:23 UTC 2018
------------------ testing $PTII/ptolemy/domains/de/test/auto/DepthTest4.xml
auto.tcl: Setting watchdog for 200 seconds at Wed Jun 20 05:11:23 UTC 2018
13 ms. Memory: 208384K Free: 196357K (94%)
ptolemy.util.test.WatchDog.cancel(): canceling Wed Jun 20 05:11:23 UTC 2018
auto.tcl: Setting watchdog for 200 seconds at Wed Jun 20 05:11:23 UTC 2018
2 ms. Memory: 208384K Free: 196357K (94%)
ptolemy.util.test.WatchDog.cancel(): canceling Wed Jun 20 05:11:23 UTC 2018
------------------ testing $PTII/ptolemy/domains/de/test/auto/DepthTest5.xml
auto.tcl: Setting watchdog for 200 seconds at Wed Jun 20 05:11:23 UTC 2018
3 ms. Memory: 208384K Free: 196304K (94%)
ptolemy.util.test.WatchDog.cancel(): canceling Wed Jun 20 05:11:23 UTC 2018
auto.tcl: Setting watchdog for 200 seconds at Wed Jun 20 05:11:23 UTC 2018
2 ms. Memory: 208384K Free: 196304K (94%)
ptolemy.util.test.WatchDog.cancel(): canceling Wed Jun 20 05:11:23 UTC 2018
------------------ testing $PTII/ptolemy/domains/de/test/auto/DepthTest6.xml
auto.tcl: Setting watchdog for 200 seconds at Wed Jun 20 05:11:23 UTC 2018
7 ms. Memory: 208384K Free: 196599K (94%)
ptolemy.util.test.WatchDog.cancel(): canceling Wed Jun 20 05:11:23 UTC 2018
auto.tcl: Setting watchdog for 200 seconds at Wed Jun 20 05:11:23 UTC 2018
2 ms. Memory: 208384K Free: 196599K (94%)
ptolemy.util.test.WatchDog.cancel(): canceling Wed Jun 20 05:11:23 UTC 2018
------------------ testing $PTII/ptolemy/domains/de/test/auto/DepthTest7.xml
auto.tcl: Setting watchdog for 200 seconds at Wed Jun 20 05:11:23 UTC 2018
6 ms. Memory: 208384K Free: 196244K (94%)
ptolemy.util.test.WatchDog.cancel(): canceling Wed Jun 20 05:11:23 UTC 2018
auto.tcl: Setting watchdog for 200 seconds at Wed Jun 20 05:11:23 UTC 2018
2 ms. Memory: 208384K Free: 196244K (94%)
ptolemy.util.test.WatchDog.cancel(): canceling Wed Jun 20 05:11:23 UTC 2018
------------------ testing $PTII/ptolemy/domains/de/test/auto/EventToDate.xml
auto.tcl: Setting watchdog for 200 seconds at Wed Jun 20 05:11:23 UTC 2018
3010 ms. Memory: 208384K Free: 185756K (89%)
ptolemy.util.test.WatchDog.cancel(): canceling Wed Jun 20 05:11:27 UTC 2018
auto.tcl: Setting watchdog for 200 seconds at Wed Jun 20 05:11:27 UTC 2018
3004 ms. Memory: 208384K Free: 185756K (89%)
ptolemy.util.test.WatchDog.cancel(): canceling Wed Jun 20 05:11:30 UTC 2018
------------------ testing $PTII/ptolemy/domains/de/test/auto/FSM1.xml
auto.tcl: Setting watchdog for 200 seconds at Wed Jun 20 05:11:30 UTC 2018
29 ms. Memory: 208384K Free: 189264K (91%)
ptolemy.util.test.WatchDog.cancel(): canceling Wed Jun 20 05:11:30 UTC 2018
auto.tcl: Setting watchdog for 200 seconds at Wed Jun 20 05:11:30 UTC 2018
21 ms. Memory: 208384K Free: 185041K (89%)
ptolemy.util.test.WatchDog.cancel(): canceling Wed Jun 20 05:11:30 UTC 2018
------------------ testing $PTII/ptolemy/domains/de/test/auto/FSM7.xml
auto.tcl: Setting watchdog for 200 seconds at Wed Jun 20 05:11:30 UTC 2018
14 ms. Memory: 208384K Free: 187719K (90%)
ptolemy.util.test.WatchDog.cancel(): canceling Wed Jun 20 05:11:30 UTC 2018
auto.tcl: Setting watchdog for 200 seconds at Wed Jun 20 05:11:30 UTC 2018
12 ms. Memory: 208384K Free: 185270K (89%)
ptolemy.util.test.WatchDog.cancel(): canceling Wed Jun 20 05:11:30 UTC 2018
------------------ testing $PTII/ptolemy/domains/de/test/auto/Inspection.xml
auto.tcl: Setting watchdog for 200 seconds at Wed Jun 20 05:11:30 UTC 2018
21 ms. Memory: 208384K Free: 188611K (91%)
ptolemy.util.test.WatchDog.cancel(): canceling Wed Jun 20 05:11:30 UTC 2018
auto.tcl: Setting watchdog for 200 seconds at Wed Jun 20 05:11:30 UTC 2018
24 ms. Memory: 208384K Free: 186500K (89%)
ptolemy.util.test.WatchDog.cancel(): canceling Wed Jun 20 05:11:30 UTC 2018
------------------ testing $PTII/ptolemy/domains/de/test/auto/Iteration.xml
auto.tcl: Setting watchdog for 200 seconds at Wed Jun 20 05:11:30 UTC 2018
7 ms. Memory: 208384K Free: 196067K (94%)
ptolemy.util.test.WatchDog.cancel(): canceling Wed Jun 20 05:11:30 UTC 2018
auto.tcl: Setting watchdog for 200 seconds at Wed Jun 20 05:11:30 UTC 2018
7 ms. Memory: 208384K Free: 193956K (93%)
ptolemy.util.test.WatchDog.cancel(): canceling Wed Jun 20 05:11:30 UTC 2018
------------------ testing $PTII/ptolemy/domains/de/test/auto/LineFault.xml
auto.tcl: Setting watchdog for 200 seconds at Wed Jun 20 05:11:30 UTC 2018
666 ms. Memory: 208384K Free: 196249K (94%)
ptolemy.util.test.WatchDog.cancel(): canceling Wed Jun 20 05:11:31 UTC 2018
auto.tcl: Setting watchdog for 200 seconds at Wed Jun 20 05:11:31 UTC 2018
586 ms. Memory: 208384K Free: 138947K (67%)
ptolemy.util.test.WatchDog.cancel(): canceling Wed Jun 20 05:11:32 UTC 2018
------------------ testing $PTII/ptolemy/domains/de/test/auto/MergeModel1Add.xml
auto.tcl: Setting watchdog for 200 seconds at Wed Jun 20 05:11:32 UTC 2018
19 ms. Memory: 331264K Free: 298925K (90%)
ptolemy.util.test.WatchDog.cancel(): canceling Wed Jun 20 05:11:32 UTC 2018
auto.tcl: Setting watchdog for 200 seconds at Wed Jun 20 05:11:32 UTC 2018
9 ms. Memory: 331264K Free: 298925K (90%)
ptolemy.util.test.WatchDog.cancel(): canceling Wed Jun 20 05:11:32 UTC 2018
------------------ testing $PTII/ptolemy/domains/de/test/auto/MergeModel2Add.xml
auto.tcl: Setting watchdog for 200 seconds at Wed Jun 20 05:11:32 UTC 2018
16 ms. Memory: 331264K Free: 304204K (92%)
ptolemy.util.test.WatchDog.cancel(): canceling Wed Jun 20 05:11:32 UTC 2018
auto.tcl: Setting watchdog for 200 seconds at Wed Jun 20 05:11:32 UTC 2018
11 ms. Memory: 331264K Free: 300256K (91%)
ptolemy.util.test.WatchDog.cancel(): canceling Wed Jun 20 05:11:32 UTC 2018
------------------ testing $PTII/ptolemy/domains/de/test/auto/MergeModel3Add.xml
auto.tcl: Setting watchdog for 200 seconds at Wed Jun 20 05:11:32 UTC 2018
9 ms. Memory: 331264K Free: 304222K (92%)
ptolemy.util.test.WatchDog.cancel(): canceling Wed Jun 20 05:11:32 UTC 2018
auto.tcl: Setting watchdog for 200 seconds at Wed Jun 20 05:11:32 UTC 2018
7 ms. Memory: 331264K Free: 300290K (91%)
ptolemy.util.test.WatchDog.cancel(): canceling Wed Jun 20 05:11:32 UTC 2018
------------------ testing $PTII/ptolemy/domains/de/test/auto/MergeWithoutDiscard.xml
auto.tcl: Setting watchdog for 200 seconds at Wed Jun 20 05:11:32 UTC 2018
6 ms. Memory: 331264K Free: 319963K (97%)
ptolemy.util.test.WatchDog.cancel(): canceling Wed Jun 20 05:11:32 UTC 2018
auto.tcl: Setting watchdog for 200 seconds at Wed Jun 20 05:11:32 UTC 2018
1 ms. Memory: 331264K Free: 316031K (95%)
ptolemy.util.test.WatchDog.cancel(): canceling Wed Jun 20 05:11:32 UTC 2018
------------------ testing $PTII/ptolemy/domains/de/test/auto/Modal1.xml
auto.tcl: Setting watchdog for 200 seconds at Wed Jun 20 05:11:32 UTC 2018
19 ms. Memory: 331264K Free: 309924K (94%)
ptolemy.util.test.WatchDog.cancel(): canceling Wed Jun 20 05:11:32 UTC 2018
auto.tcl: Setting watchdog for 200 seconds at Wed Jun 20 05:11:32 UTC 2018
20 ms. Memory: 331264K Free: 305992K (92%)
ptolemy.util.test.WatchDog.cancel(): canceling Wed Jun 20 05:11:32 UTC 2018
------------------ testing $PTII/ptolemy/domains/de/test/auto/Modal2.xml
auto.tcl: Setting watchdog for 200 seconds at Wed Jun 20 05:11:32 UTC 2018
13 ms. Memory: 331264K Free: 309809K (94%)
ptolemy.util.test.WatchDog.cancel(): canceling Wed Jun 20 05:11:32 UTC 2018
auto.tcl: Setting watchdog for 200 seconds at Wed Jun 20 05:11:32 UTC 2018
16 ms. Memory: 331264K Free: 305877K (92%)
ptolemy.util.test.WatchDog.cancel(): canceling Wed Jun 20 05:11:32 UTC 2018
------------------ testing $PTII/ptolemy/domains/de/test/auto/Modal3.xml
auto.tcl: Setting watchdog for 200 seconds at Wed Jun 20 05:11:32 UTC 2018
10 ms. Memory: 331264K Free: 310089K (94%)
ptolemy.util.test.WatchDog.cancel(): canceling Wed Jun 20 05:11:32 UTC 2018
auto.tcl: Setting watchdog for 200 seconds at Wed Jun 20 05:11:32 UTC 2018
9 ms. Memory: 331264K Free: 305856K (92%)
ptolemy.util.test.WatchDog.cancel(): canceling Wed Jun 20 05:11:32 UTC 2018
------------------ testing $PTII/ptolemy/domains/de/test/auto/Modal4.xml
auto.tcl: Setting watchdog for 200 seconds at Wed Jun 20 05:11:32 UTC 2018
20 ms. Memory: 331264K Free: 309809K (94%)
ptolemy.util.test.WatchDog.cancel(): canceling Wed Jun 20 05:11:32 UTC 2018
auto.tcl: Setting watchdog for 200 seconds at Wed Jun 20 05:11:32 UTC 2018
15 ms. Memory: 331264K Free: 305861K (92%)
ptolemy.util.test.WatchDog.cancel(): canceling Wed Jun 20 05:11:32 UTC 2018
------------------ testing $PTII/ptolemy/domains/de/test/auto/Modal5.xml
auto.tcl: Setting watchdog for 200 seconds at Wed Jun 20 05:11:33 UTC 2018
16 ms. Memory: 331264K Free: 309797K (94%)
ptolemy.util.test.WatchDog.cancel(): canceling Wed Jun 20 05:11:33 UTC 2018
auto.tcl: Setting watchdog for 200 seconds at Wed Jun 20 05:11:33 UTC 2018
9 ms. Memory: 331264K Free: 305857K (92%)
ptolemy.util.test.WatchDog.cancel(): canceling Wed Jun 20 05:11:33 UTC 2018
------------------ testing $PTII/ptolemy/domains/de/test/auto/Modal6.xml
auto.tcl: Setting watchdog for 200 seconds at Wed Jun 20 05:11:33 UTC 2018
10 ms. Memory: 331264K Free: 309792K (94%)
ptolemy.util.test.WatchDog.cancel(): canceling Wed Jun 20 05:11:33 UTC 2018
auto.tcl: Setting watchdog for 200 seconds at Wed Jun 20 05:11:33 UTC 2018
12 ms. Memory: 331264K Free: 305844K (92%)
ptolemy.util.test.WatchDog.cancel(): canceling Wed Jun 20 05:11:33 UTC 2018
------------------ testing $PTII/ptolemy/domains/de/test/auto/Modal7.xml
auto.tcl: Setting watchdog for 200 seconds at Wed Jun 20 05:11:33 UTC 2018
16 ms. Memory: 331264K Free: 309776K (94%)
ptolemy.util.test.WatchDog.cancel(): canceling Wed Jun 20 05:11:33 UTC 2018
auto.tcl: Setting watchdog for 200 seconds at Wed Jun 20 05:11:33 UTC 2018
9 ms. Memory: 331264K Free: 305828K (92%)
ptolemy.util.test.WatchDog.cancel(): canceling Wed Jun 20 05:11:33 UTC 2018
------------------ testing $PTII/ptolemy/domains/de/test/auto/ModalModel.xml
auto.tcl: Setting watchdog for 200 seconds at Wed Jun 20 05:11:33 UTC 2018
171 ms. Memory: 331264K Free: 248612K (75%)
ptolemy.util.test.WatchDog.cancel(): canceling Wed Jun 20 05:11:33 UTC 2018
auto.tcl: Setting watchdog for 200 seconds at Wed Jun 20 05:11:33 UTC 2018
162 ms. Memory: 331264K Free: 193412K (58%)
ptolemy.util.test.WatchDog.cancel(): canceling Wed Jun 20 05:11:33 UTC 2018
------------------ testing $PTII/ptolemy/domains/de/test/auto/ModalSource.xml
auto.tcl: Setting watchdog for 200 seconds at Wed Jun 20 05:11:33 UTC 2018
9 ms. Memory: 331264K Free: 316535K (96%)
ptolemy.util.test.WatchDog.cancel(): canceling Wed Jun 20 05:11:33 UTC 2018
auto.tcl: Setting watchdog for 200 seconds at Wed Jun 20 05:11:33 UTC 2018
5 ms. Memory: 331264K Free: 313014K (94%)
ptolemy.util.test.WatchDog.cancel(): canceling Wed Jun 20 05:11:33 UTC 2018
------------------ testing $PTII/ptolemy/domains/de/test/auto/NonInterruptibleTimerZeroDelay.xml
auto.tcl: Setting watchdog for 200 seconds at Wed Jun 20 05:11:33 UTC 2018
3 ms. Memory: 331264K Free: 320894K (97%)
ptolemy.util.test.WatchDog.cancel(): canceling Wed Jun 20 05:11:33 UTC 2018
auto.tcl: Setting watchdog for 200 seconds at Wed Jun 20 05:11:33 UTC 2018
3 ms. Memory: 331264K Free: 317358K (96%)
ptolemy.util.test.WatchDog.cancel(): canceling Wed Jun 20 05:11:33 UTC 2018
------------------ testing $PTII/ptolemy/domains/de/test/auto/OpenQueueingNetwork.xml
auto.tcl: Setting watchdog for 200 seconds at Wed Jun 20 05:11:33 UTC 2018
2791 ms. Memory: 317952K Free: 161185K (51%)
ptolemy.util.test.WatchDog.cancel(): canceling Wed Jun 20 05:11:36 UTC 2018
auto.tcl: Setting watchdog for 200 seconds at Wed Jun 20 05:11:36 UTC 2018
2257 ms. Memory: 287232K Free: 249133K (87%)
ptolemy.util.test.WatchDog.cancel(): canceling Wed Jun 20 05:11:39 UTC 2018
------------------ testing $PTII/ptolemy/domains/de/test/auto/OpenQueuingNetwork.xml
auto.tcl: Setting watchdog for 200 seconds at Wed Jun 20 05:11:39 UTC 2018
215 ms. Memory: 287232K Free: 194825K (68%)
ptolemy.util.test.WatchDog.cancel(): canceling Wed Jun 20 05:11:39 UTC 2018
auto.tcl: Setting watchdog for 200 seconds at Wed Jun 20 05:11:39 UTC 2018
212 ms. Memory: 287232K Free: 137476K (48%)
ptolemy.util.test.WatchDog.cancel(): canceling Wed Jun 20 05:11:39 UTC 2018
------------------ testing $PTII/ptolemy/domains/de/test/auto/PeriodicSampler.xml
auto.tcl: Setting watchdog for 200 seconds at Wed Jun 20 05:11:39 UTC 2018
2 ms. Memory: 289792K Free: 274827K (95%)
ptolemy.util.test.WatchDog.cancel(): canceling Wed Jun 20 05:11:39 UTC 2018
auto.tcl: Setting watchdog for 200 seconds at Wed Jun 20 05:11:39 UTC 2018
1 ms. Memory: 289792K Free: 274827K (95%)
ptolemy.util.test.WatchDog.cancel(): canceling Wed Jun 20 05:11:39 UTC 2018
------------------ testing $PTII/ptolemy/domains/de/test/auto/PersistentIO.xml
auto.tcl: Setting watchdog for 200 seconds at Wed Jun 20 05:11:39 UTC 2018
5 ms. Memory: 287232K Free: 267037K (93%)
ptolemy.util.test.WatchDog.cancel(): canceling Wed Jun 20 05:11:39 UTC 2018
auto.tcl: Setting watchdog for 200 seconds at Wed Jun 20 05:11:39 UTC 2018
4 ms. Memory: 287232K Free: 267037K (93%)
ptolemy.util.test.WatchDog.cancel(): canceling Wed Jun 20 05:11:39 UTC 2018
------------------ testing $PTII/ptolemy/domains/de/test/auto/PortParameterResetOnInitialize.xml
auto.tcl: Setting watchdog for 200 seconds at Wed Jun 20 05:11:39 UTC 2018
3 ms. Memory: 289280K Free: 274683K (95%)
ptolemy.util.test.WatchDog.cancel(): canceling Wed Jun 20 05:11:39 UTC 2018
auto.tcl: Setting watchdog for 200 seconds at Wed Jun 20 05:11:39 UTC 2018
2 ms. Memory: 289280K Free: 274683K (95%)
ptolemy.util.test.WatchDog.cancel(): canceling Wed Jun 20 05:11:39 UTC 2018
------------------ testing $PTII/ptolemy/domains/de/test/auto/PortParameterUpdates.xml
auto.tcl: Setting watchdog for 200 seconds at Wed Jun 20 05:11:39 UTC 2018
4 ms. Memory: 287232K Free: 272861K (95%)
ptolemy.util.test.WatchDog.cancel(): canceling Wed Jun 20 05:11:39 UTC 2018
auto.tcl: Setting watchdog for 200 seconds at Wed Jun 20 05:11:39 UTC 2018
4 ms. Memory: 287232K Free: 269931K (94%)
ptolemy.util.test.WatchDog.cancel(): canceling Wed Jun 20 05:11:39 UTC 2018
------------------ testing $PTII/ptolemy/domains/de/test/auto/QueueAndServer.xml
auto.tcl: Setting watchdog for 200 seconds at Wed Jun 20 05:11:39 UTC 2018
11 ms. Memory: 289280K Free: 271943K (94%)
ptolemy.util.test.WatchDog.cancel(): canceling Wed Jun 20 05:11:39 UTC 2018
auto.tcl: Setting watchdog for 200 seconds at Wed Jun 20 05:11:39 UTC 2018
6 ms. Memory: 289280K Free: 271943K (94%)
ptolemy.util.test.WatchDog.cancel(): canceling Wed Jun 20 05:11:40 UTC 2018
------------------ testing $PTII/ptolemy/domains/de/test/auto/Records.xml
auto.tcl: Setting watchdog for 200 seconds at Wed Jun 20 05:11:40 UTC 2018
10 ms. Memory: 287232K Free: 272777K (95%)
ptolemy.util.test.WatchDog.cancel(): canceling Wed Jun 20 05:11:40 UTC 2018
auto.tcl: Setting watchdog for 200 seconds at Wed Jun 20 05:11:40 UTC 2018
2 ms. Memory: 287232K Free: 272777K (95%)
ptolemy.util.test.WatchDog.cancel(): canceling Wed Jun 20 05:11:40 UTC 2018
------------------ testing $PTII/ptolemy/domains/de/test/auto/ResetTransitionWithStartTime1.xml
auto.tcl: Setting watchdog for 200 seconds at Wed Jun 20 05:11:40 UTC 2018
7 ms. Memory: 288768K Free: 271300K (94%)
ptolemy.util.test.WatchDog.cancel(): canceling Wed Jun 20 05:11:40 UTC 2018
auto.tcl: Setting watchdog for 200 seconds at Wed Jun 20 05:11:40 UTC 2018
6 ms. Memory: 288768K Free: 268386K (93%)
ptolemy.util.test.WatchDog.cancel(): canceling Wed Jun 20 05:11:40 UTC 2018
------------------ testing $PTII/ptolemy/domains/de/test/auto/ResetTransitionWithStartTime2.xml
auto.tcl: Setting watchdog for 200 seconds at Wed Jun 20 05:11:40 UTC 2018
5 ms. Memory: 287232K Free: 269755K (94%)
ptolemy.util.test.WatchDog.cancel(): canceling Wed Jun 20 05:11:40 UTC 2018
auto.tcl: Setting watchdog for 200 seconds at Wed Jun 20 05:11:40 UTC 2018
5 ms. Memory: 287232K Free: 266825K (93%)
ptolemy.util.test.WatchDog.cancel(): canceling Wed Jun 20 05:11:40 UTC 2018
------------------ testing $PTII/ptolemy/domains/de/test/auto/ResetTransitionWithStartTime3.xml
auto.tcl: Setting watchdog for 200 seconds at Wed Jun 20 05:11:40 UTC 2018
6 ms. Memory: 288768K Free: 273372K (95%)
ptolemy.util.test.WatchDog.cancel(): canceling Wed Jun 20 05:11:40 UTC 2018
auto.tcl: Setting watchdog for 200 seconds at Wed Jun 20 05:11:40 UTC 2018
5 ms. Memory: 288768K Free: 270449K (94%)
ptolemy.util.test.WatchDog.cancel(): canceling Wed Jun 20 05:11:40 UTC 2018
------------------ testing $PTII/ptolemy/domains/de/test/auto/ResetTransitionWithStartTime4.xml
auto.tcl: Setting watchdog for 200 seconds at Wed Jun 20 05:11:40 UTC 2018
3 ms. Memory: 287232K Free: 271826K (95%)
ptolemy.util.test.WatchDog.cancel(): canceling Wed Jun 20 05:11:40 UTC 2018
auto.tcl: Setting watchdog for 200 seconds at Wed Jun 20 05:11:40 UTC 2018
3 ms. Memory: 287232K Free: 271826K (95%)
ptolemy.util.test.WatchDog.cancel(): canceling Wed Jun 20 05:11:40 UTC 2018
------------------ testing $PTII/ptolemy/domains/de/test/auto/ResettableTimer1.xml
auto.tcl: Setting watchdog for 200 seconds at Wed Jun 20 05:11:40 UTC 2018
3 ms. Memory: 288768K Free: 276272K (96%)
ptolemy.util.test.WatchDog.cancel(): canceling Wed Jun 20 05:11:40 UTC 2018
auto.tcl: Setting watchdog for 200 seconds at Wed Jun 20 05:11:40 UTC 2018
2 ms. Memory: 288768K Free: 276272K (96%)
ptolemy.util.test.WatchDog.cancel(): canceling Wed Jun 20 05:11:40 UTC 2018
------------------ testing $PTII/ptolemy/domains/de/test/auto/ResettableTimer2.xml
auto.tcl: Setting watchdog for 200 seconds at Wed Jun 20 05:11:40 UTC 2018
3 ms. Memory: 287232K Free: 274895K (96%)
ptolemy.util.test.WatchDog.cancel(): canceling Wed Jun 20 05:11:40 UTC 2018
auto.tcl: Setting watchdog for 200 seconds at Wed Jun 20 05:11:40 UTC 2018
2 ms. Memory: 287232K Free: 274895K (96%)
ptolemy.util.test.WatchDog.cancel(): canceling Wed Jun 20 05:11:40 UTC 2018
------------------ testing $PTII/ptolemy/domains/de/test/auto/ResettableTimer3.xml
auto.tcl: Setting watchdog for 200 seconds at Wed Jun 20 05:11:40 UTC 2018
1 ms. Memory: 288256K Free: 275834K (96%)
ptolemy.util.test.WatchDog.cancel(): canceling Wed Jun 20 05:11:40 UTC 2018
auto.tcl: Setting watchdog for 200 seconds at Wed Jun 20 05:11:40 UTC 2018
1 ms. Memory: 288256K Free: 275834K (96%)
ptolemy.util.test.WatchDog.cancel(): canceling Wed Jun 20 05:11:40 UTC 2018
------------------ testing $PTII/ptolemy/domains/de/test/auto/ResettableTimer4.xml
auto.tcl: Setting watchdog for 200 seconds at Wed Jun 20 05:11:40 UTC 2018
1 ms. Memory: 287232K Free: 274924K (96%)
ptolemy.util.test.WatchDog.cancel(): canceling Wed Jun 20 05:11:40 UTC 2018
auto.tcl: Setting watchdog for 200 seconds at Wed Jun 20 05:11:40 UTC 2018
1 ms. Memory: 287232K Free: 274924K (96%)
ptolemy.util.test.WatchDog.cancel(): canceling Wed Jun 20 05:11:40 UTC 2018
------------------ testing $PTII/ptolemy/domains/de/test/auto/ResettableTimer5.xml
auto.tcl: Setting watchdog for 200 seconds at Wed Jun 20 05:11:40 UTC 2018
2 ms. Memory: 288256K Free: 273771K (95%)
ptolemy.util.test.WatchDog.cancel(): canceling Wed Jun 20 05:11:40 UTC 2018
auto.tcl: Setting watchdog for 200 seconds at Wed Jun 20 05:11:40 UTC 2018
1 ms. Memory: 288256K Free: 273771K (95%)
ptolemy.util.test.WatchDog.cancel(): canceling Wed Jun 20 05:11:40 UTC 2018
------------------ testing $PTII/ptolemy/domains/de/test/auto/ResettableTimer6.xml
auto.tcl: Setting watchdog for 200 seconds at Wed Jun 20 05:11:40 UTC 2018
4 ms. Memory: 287232K Free: 274770K (96%)
ptolemy.util.test.WatchDog.cancel(): canceling Wed Jun 20 05:11:40 UTC 2018
auto.tcl: Setting watchdog for 200 seconds at Wed Jun 20 05:11:40 UTC 2018
2 ms. Memory: 287232K Free: 274770K (96%)
ptolemy.util.test.WatchDog.cancel(): canceling Wed Jun 20 05:11:40 UTC 2018
------------------ testing $PTII/ptolemy/domains/de/test/auto/ServerZeroDelay.xml
auto.tcl: Setting watchdog for 200 seconds at Wed Jun 20 05:11:40 UTC 2018
3 ms. Memory: 288256K Free: 275869K (96%)
ptolemy.util.test.WatchDog.cancel(): canceling Wed Jun 20 05:11:40 UTC 2018
auto.tcl: Setting watchdog for 200 seconds at Wed Jun 20 05:11:40 UTC 2018
2 ms. Memory: 288256K Free: 275869K (96%)
ptolemy.util.test.WatchDog.cancel(): canceling Wed Jun 20 05:11:40 UTC 2018
------------------ testing $PTII/ptolemy/domains/de/test/auto/SmartSender.xml
auto.tcl: Setting watchdog for 200 seconds at Wed Jun 20 05:11:40 UTC 2018
3001 ms. Memory: 287232K Free: 274841K (96%)
ptolemy.util.test.WatchDog.cancel(): canceling Wed Jun 20 05:11:43 UTC 2018
auto.tcl: Setting watchdog for 200 seconds at Wed Jun 20 05:11:43 UTC 2018
3001 ms. Memory: 287232K Free: 274841K (96%)
ptolemy.util.test.WatchDog.cancel(): canceling Wed Jun 20 05:11:46 UTC 2018
------------------ testing $PTII/ptolemy/domains/de/test/auto/ThreadedComposite.xml
auto.tcl: Setting watchdog for 200 seconds at Wed Jun 20 05:11:46 UTC 2018
275 ms. Memory: 288256K Free: 248526K (86%)
ptolemy.util.test.WatchDog.cancel(): canceling Wed Jun 20 05:11:47 UTC 2018
auto.tcl: Setting watchdog for 200 seconds at Wed Jun 20 05:11:47 UTC 2018
154 ms. Memory: 288256K Free: 233262K (81%)
ptolemy.util.test.WatchDog.cancel(): canceling Wed Jun 20 05:11:47 UTC 2018
------------------ testing $PTII/ptolemy/domains/de/test/auto/Time.xml
auto.tcl: Setting watchdog for 200 seconds at Wed Jun 20 05:11:47 UTC 2018
492 ms. Memory: 287232K Free: 231241K (81%)
ptolemy.util.test.WatchDog.cancel(): canceling Wed Jun 20 05:11:47 UTC 2018
auto.tcl: Setting watchdog for 200 seconds at Wed Jun 20 05:11:47 UTC 2018
501 ms. Memory: 287232K Free: 187528K (65%)
ptolemy.util.test.WatchDog.cancel(): canceling Wed Jun 20 05:11:48 UTC 2018
------------------ testing $PTII/ptolemy/domains/de/test/auto/TimeDelayZeroDelay.xml
auto.tcl: Setting watchdog for 200 seconds at Wed Jun 20 05:11:48 UTC 2018
2 ms. Memory: 287744K Free: 275182K (96%)
ptolemy.util.test.WatchDog.cancel(): canceling Wed Jun 20 05:11:48 UTC 2018
auto.tcl: Setting watchdog for 200 seconds at Wed Jun 20 05:11:48 UTC 2018
2 ms. Memory: 287744K Free: 275182K (96%)
ptolemy.util.test.WatchDog.cancel(): canceling Wed Jun 20 05:11:48 UTC 2018
------------------ testing $PTII/ptolemy/domains/de/test/auto/TimerZeroDelay.xml
auto.tcl: Setting watchdog for 200 seconds at Wed Jun 20 05:11:48 UTC 2018
4 ms. Memory: 287232K Free: 274815K (96%)
ptolemy.util.test.WatchDog.cancel(): canceling Wed Jun 20 05:11:48 UTC 2018
auto.tcl: Setting watchdog for 200 seconds at Wed Jun 20 05:11:48 UTC 2018
1 ms. Memory: 287232K Free: 274815K (96%)
ptolemy.util.test.WatchDog.cancel(): canceling Wed Jun 20 05:11:48 UTC 2018
------------------ testing $PTII/ptolemy/domains/de/test/auto/TimingParadox.xml
auto.tcl: Setting watchdog for 200 seconds at Wed Jun 20 05:11:48 UTC 2018
329 ms. Memory: 287744K Free: 214266K (74%)
ptolemy.util.test.WatchDog.cancel(): canceling Wed Jun 20 05:11:49 UTC 2018
auto.tcl: Setting watchdog for 200 seconds at Wed Jun 20 05:11:49 UTC 2018
329 ms. Memory: 287744K Free: 185124K (64%)
ptolemy.util.test.WatchDog.cancel(): canceling Wed Jun 20 05:11:49 UTC 2018
------------------ testing $PTII/ptolemy/domains/de/test/auto/TransferInputs.xml
auto.tcl: Setting watchdog for 200 seconds at Wed Jun 20 05:11:49 UTC 2018
2 ms. Memory: 287744K Free: 274223K (95%)
ptolemy.util.test.WatchDog.cancel(): canceling Wed Jun 20 05:11:49 UTC 2018
auto.tcl: Setting watchdog for 200 seconds at Wed Jun 20 05:11:49 UTC 2018
1 ms. Memory: 287744K Free: 274223K (95%)
ptolemy.util.test.WatchDog.cancel(): canceling Wed Jun 20 05:11:49 UTC 2018
------------------ testing $PTII/ptolemy/domains/de/test/auto/TransferOutputs2.xml
auto.tcl: Setting watchdog for 200 seconds at Wed Jun 20 05:11:49 UTC 2018
3 ms. Memory: 287232K Free: 269841K (94%)
ptolemy.util.test.WatchDog.cancel(): canceling Wed Jun 20 05:11:49 UTC 2018
auto.tcl: Setting watchdog for 200 seconds at Wed Jun 20 05:11:49 UTC 2018
2 ms. Memory: 287232K Free: 269841K (94%)
ptolemy.util.test.WatchDog.cancel(): canceling Wed Jun 20 05:11:49 UTC 2018
------------------ testing $PTII/ptolemy/domains/de/test/auto/Trilateration.xml
auto.tcl: Setting watchdog for 200 seconds at Wed Jun 20 05:11:49 UTC 2018
14827 ms. Memory: 473088K Free: 252352K (53%)
ptolemy.util.test.WatchDog.cancel(): canceling Wed Jun 20 05:12:05 UTC 2018
auto.tcl: Setting watchdog for 200 seconds at Wed Jun 20 05:12:05 UTC 2018
12669 ms. Memory: 352256K Free: 182008K (52%)
ptolemy.util.test.WatchDog.cancel(): canceling Wed Jun 20 05:12:18 UTC 2018
------------------ testing $PTII/ptolemy/domains/de/test/auto/TwoSigmaDelta.xml
auto.tcl: Setting watchdog for 200 seconds at Wed Jun 20 05:12:18 UTC 2018
2697 ms. Memory: 339968K Free: 303297K (89%)
ptolemy.util.test.WatchDog.cancel(): canceling Wed Jun 20 05:12:21 UTC 2018
auto.tcl: Setting watchdog for 200 seconds at Wed Jun 20 05:12:21 UTC 2018
1956 ms. Memory: 339968K Free: 72858K (21%)
ptolemy.util.test.WatchDog.cancel(): canceling Wed Jun 20 05:12:23 UTC 2018
------------------ testing $PTII/ptolemy/domains/de/test/auto/VariableDelay.xml
auto.tcl: Setting watchdog for 200 seconds at Wed Jun 20 05:12:23 UTC 2018
7 ms. Memory: 337408K Free: 325944K (97%)
ptolemy.util.test.WatchDog.cancel(): canceling Wed Jun 20 05:12:23 UTC 2018
auto.tcl: Setting watchdog for 200 seconds at Wed Jun 20 05:12:23 UTC 2018
2 ms. Memory: 337408K Free: 322101K (95%)
ptolemy.util.test.WatchDog.cancel(): canceling Wed Jun 20 05:12:23 UTC 2018
------------------ testing $PTII/ptolemy/domains/de/test/auto/VariableDelay2.xml
auto.tcl: Setting watchdog for 200 seconds at Wed Jun 20 05:12:23 UTC 2018
7 ms. Memory: 339456K Free: 328408K (97%)
ptolemy.util.test.WatchDog.cancel(): canceling Wed Jun 20 05:12:23 UTC 2018
auto.tcl: Setting watchdog for 200 seconds at Wed Jun 20 05:12:23 UTC 2018
2 ms. Memory: 339456K Free: 324557K (96%)
ptolemy.util.test.WatchDog.cancel(): canceling Wed Jun 20 05:12:23 UTC 2018
------------------ testing $PTII/ptolemy/domains/de/test/auto/VariableDelayZeroDelay.xml
auto.tcl: Setting watchdog for 200 seconds at Wed Jun 20 05:12:23 UTC 2018
2 ms. Memory: 337408K Free: 323798K (96%)
ptolemy.util.test.WatchDog.cancel(): canceling Wed Jun 20 05:12:23 UTC 2018
auto.tcl: Setting watchdog for 200 seconds at Wed Jun 20 05:12:23 UTC 2018
2 ms. Memory: 337408K Free: 319947K (95%)
ptolemy.util.test.WatchDog.cancel(): canceling Wed Jun 20 05:12:23 UTC 2018
------------------ testing $PTII/ptolemy/domains/de/test/auto/VariableDelayZeroDelay2.xml
auto.tcl: Setting watchdog for 200 seconds at Wed Jun 20 05:12:23 UTC 2018
2 ms. Memory: 339456K Free: 325845K (96%)
ptolemy.util.test.WatchDog.cancel(): canceling Wed Jun 20 05:12:23 UTC 2018
auto.tcl: Setting watchdog for 200 seconds at Wed Jun 20 05:12:23 UTC 2018
2 ms. Memory: 339456K Free: 322010K (95%)
ptolemy.util.test.WatchDog.cancel(): canceling Wed Jun 20 05:12:23 UTC 2018
------------------ testing $PTII/ptolemy/domains/de/test/auto/deInCt.xml
auto.tcl: Setting watchdog for 200 seconds at Wed Jun 20 05:12:23 UTC 2018
0
1
1
1
0
0
0
1
1
1
0
0
0
1
1
1
0
0
0
1
1
1
0
0
0
1
1
1
0
0
0
0
0
1
1
0
0
0
0
0
0
1
1
1
1
12 ms. Memory: 337408K Free: 319934K (95%)
ptolemy.util.test.WatchDog.cancel(): canceling Wed Jun 20 05:12:23 UTC 2018
auto.tcl: Setting watchdog for 200 seconds at Wed Jun 20 05:12:23 UTC 2018
0
1
1
1
1
1
0
0
0
0
0
1
1
1
1
1
1
1
0
0
0
0
5 ms. Memory: 337408K Free: 319934K (95%)
ptolemy.util.test.WatchDog.cancel(): canceling Wed Jun 20 05:12:23 UTC 2018
------------------ testing $PTII/ptolemy/domains/de/test/auto/deInCt2.xml
auto.tcl: Setting watchdog for 200 seconds at Wed Jun 20 05:12:23 UTC 2018
0
1
1
1
0
0
1
1
1
0
0
1
1
1
0
0
1
1
1
0
0
1
1
1
0
0
1
1
1
0
0
1
1
1
0
0
1
1
1
0
0
0
21 ms. Memory: 338944K Free: 321469K (95%)
ptolemy.util.test.WatchDog.cancel(): canceling Wed Jun 20 05:12:23 UTC 2018
auto.tcl: Setting watchdog for 200 seconds at Wed Jun 20 05:12:23 UTC 2018
0
1
1
1
0
0
1
1
1
0
0
1
1
1
0
0
1
1
1
0
0
1
1
1
0
0
1
1
1
0
0
1
1
1
0
0
1
1
1
0
0
0
11 ms. Memory: 338944K Free: 321469K (95%)
ptolemy.util.test.WatchDog.cancel(): canceling Wed Jun 20 05:12:23 UTC 2018
------------------ testing $PTII/ptolemy/domains/de/test/auto/dynamicCausalityInterface1.xml
auto.tcl: Setting watchdog for 200 seconds at Wed Jun 20 05:12:23 UTC 2018
4 ms. Memory: 337408K Free: 318678K (94%)
ptolemy.util.test.WatchDog.cancel(): canceling Wed Jun 20 05:12:23 UTC 2018
auto.tcl: Setting watchdog for 200 seconds at Wed Jun 20 05:12:23 UTC 2018
1 ms. Memory: 337408K Free: 318678K (94%)
ptolemy.util.test.WatchDog.cancel(): canceling Wed Jun 20 05:12:23 UTC 2018
------------------ testing $PTII/ptolemy/domains/de/test/auto/fsm_de_test.xml
auto.tcl: Setting watchdog for 200 seconds at Wed Jun 20 05:12:23 UTC 2018
18 ms. Memory: 338944K Free: 317533K (94%)
ptolemy.util.test.WatchDog.cancel(): canceling Wed Jun 20 05:12:23 UTC 2018
auto.tcl: Setting watchdog for 200 seconds at Wed Jun 20 05:12:23 UTC 2018
5 ms. Memory: 338944K Free: 317533K (94%)
ptolemy.util.test.WatchDog.cancel(): canceling Wed Jun 20 05:12:23 UTC 2018
------------------ testing $PTII/ptolemy/domains/de/test/auto/functionDependencyReconstruction.xml
auto.tcl: Setting watchdog for 200 seconds at Wed Jun 20 05:12:23 UTC 2018
2 ms. Memory: 337408K Free: 312128K (93%)
ptolemy.util.test.WatchDog.cancel(): canceling Wed Jun 20 05:12:23 UTC 2018
auto.tcl: Setting watchdog for 200 seconds at Wed Jun 20 05:12:23 UTC 2018
2 ms. Memory: 337408K Free: 308291K (91%)
ptolemy.util.test.WatchDog.cancel(): canceling Wed Jun 20 05:12:23 UTC 2018
------------------ testing $PTII/ptolemy/domains/de/test/auto/multirate.xml
auto.tcl: Setting watchdog for 200 seconds at Wed Jun 20 05:12:23 UTC 2018
8 ms. Memory: 338432K Free: 323289K (96%)
ptolemy.util.test.WatchDog.cancel(): canceling Wed Jun 20 05:12:23 UTC 2018
auto.tcl: Setting watchdog for 200 seconds at Wed Jun 20 05:12:23 UTC 2018
3 ms. Memory: 338432K Free: 323289K (96%)
ptolemy.util.test.WatchDog.cancel(): canceling Wed Jun 20 05:12:23 UTC 2018
------------------ testing $PTII/ptolemy/domains/de/test/auto/multirate2.xml
auto.tcl: Setting watchdog for 200 seconds at Wed Jun 20 05:12:23 UTC 2018
3 ms. Memory: 337408K Free: 322453K (96%)
ptolemy.util.test.WatchDog.cancel(): canceling Wed Jun 20 05:12:23 UTC 2018
auto.tcl: Setting watchdog for 200 seconds at Wed Jun 20 05:12:23 UTC 2018
3 ms. Memory: 337408K Free: 322453K (96%)
ptolemy.util.test.WatchDog.cancel(): canceling Wed Jun 20 05:12:23 UTC 2018
------------------ testing $PTII/ptolemy/domains/de/test/auto/realtime.xml
auto.tcl: Setting watchdog for 200 seconds at Wed Jun 20 05:12:23 UTC 2018
10001 ms. Memory: 338432K Free: 323475K (96%)
ptolemy.util.test.WatchDog.cancel(): canceling Wed Jun 20 05:12:33 UTC 2018
auto.tcl: Setting watchdog for 200 seconds at Wed Jun 20 05:12:33 UTC 2018
10001 ms. Memory: 338432K Free: 323475K (96%)
ptolemy.util.test.WatchDog.cancel(): canceling Wed Jun 20 05:12:43 UTC 2018
------------------ testing $PTII/ptolemy/domains/de/test/auto/relationGroup.xml
auto.tcl: Setting watchdog for 200 seconds at Wed Jun 20 05:12:43 UTC 2018
1 ms. Memory: 337408K Free: 326321K (97%)
ptolemy.util.test.WatchDog.cancel(): canceling Wed Jun 20 05:12:43 UTC 2018
auto.tcl: Setting watchdog for 200 seconds at Wed Jun 20 05:12:43 UTC 2018
1 ms. Memory: 337408K Free: 326321K (97%)
ptolemy.util.test.WatchDog.cancel(): canceling Wed Jun 20 05:12:43 UTC 2018
------------------ testing $PTII/ptolemy/domains/de/test/auto/relationGroup2.xml
auto.tcl: Setting watchdog for 200 seconds at Wed Jun 20 05:12:44 UTC 2018
1 ms. Memory: 338432K Free: 327373K (97%)
ptolemy.util.test.WatchDog.cancel(): canceling Wed Jun 20 05:12:44 UTC 2018
auto.tcl: Setting watchdog for 200 seconds at Wed Jun 20 05:12:44 UTC 2018
1 ms. Memory: 338432K Free: 327373K (97%)
ptolemy.util.test.WatchDog.cancel(): canceling Wed Jun 20 05:12:44 UTC 2018
------------------ testing $PTII/ptolemy/domains/de/test/auto/sortWithOpaquePorts.xml
auto.tcl: Setting watchdog for 200 seconds at Wed Jun 20 05:12:44 UTC 2018
2 ms. Memory: 337408K Free: 323790K (96%)
ptolemy.util.test.WatchDog.cancel(): canceling Wed Jun 20 05:12:44 UTC 2018
auto.tcl: Setting watchdog for 200 seconds at Wed Jun 20 05:12:44 UTC 2018
2 ms. Memory: 337408K Free: 319955K (95%)
ptolemy.util.test.WatchDog.cancel(): canceling Wed Jun 20 05:12:44 UTC 2018
------------------ testing $PTII/ptolemy/domains/de/test/auto/transferInputsandOutputs.xml
auto.tcl: Setting watchdog for 200 seconds at Wed Jun 20 05:12:44 UTC 2018
2 ms. Memory: 337920K Free: 322997K (96%)
ptolemy.util.test.WatchDog.cancel(): canceling Wed Jun 20 05:12:44 UTC 2018
auto.tcl: Setting watchdog for 200 seconds at Wed Jun 20 05:12:44 UTC 2018
1 ms. Memory: 337920K Free: 322997K (96%)
ptolemy.util.test.WatchDog.cancel(): canceling Wed Jun 20 05:12:44 UTC 2018
------------------ testing $PTII/ptolemy/domains/de/test/auto/triggerType.xml
auto.tcl: Setting watchdog for 200 seconds at Wed Jun 20 05:12:44 UTC 2018
2 ms. Memory: 337408K Free: 323727K (96%)
ptolemy.util.test.WatchDog.cancel(): canceling Wed Jun 20 05:12:44 UTC 2018
auto.tcl: Setting watchdog for 200 seconds at Wed Jun 20 05:12:44 UTC 2018
1 ms. Memory: 337408K Free: 319877K (95%)
ptolemy.util.test.WatchDog.cancel(): canceling Wed Jun 20 05:12:44 UTC 2018
06/20/18 05:12:44
Failed: 0  Total Tests: 192  ((Passed: 187, Newly Passed: 1)  Known Failed: 5) /home/travis/build/icyphy/ptII/ptolemy/domains/de/test
06/20/18 05:12:44
Failed: 0  Total Tests: 192  ((Passed: 187, Newly Passed: 1)  Known Failed: 5) /home/travis/build/icyphy/ptII/ptolemy/domains/de/test
----------------- testing (KnownFailure) /home/travis/build/icyphy/ptII/ptolemy/domains/de/test/auto/knownFailedTests/DESDFClockTest.xml
2007 ms. Memory: 337920K Free: 314037K (93%)
Known Failure: java.lang.reflect.InvocationTargetException
----------------- testing (KnownFailure) /home/travis/build/icyphy/ptII/ptolemy/domains/de/test/auto/knownFailedTests/DirectFeedback.xml
1 ms. Memory: 337920K Free: 293556K (87%)
Known Failure: java.lang.reflect.InvocationTargetException
----------------- testing (KnownFailure) /home/travis/build/icyphy/ptII/ptolemy/domains/de/test/auto/knownFailedTests/FSMSource.xml
8 ms. Memory: 337920K Free: 267940K (79%)
----------------- testing (KnownFailure) /home/travis/build/icyphy/ptII/ptolemy/domains/de/test/auto/knownFailedTests/HierarchicalModel.xml
2 ms. Memory: 337920K Free: 242298K (72%)
Known Failure: java.lang.reflect.InvocationTargetException
----------------- testing (KnownFailure) /home/travis/build/icyphy/ptII/ptolemy/domains/de/test/auto/knownFailedTests/dependencyLoop.xml
1 ms. Memory: 337920K Free: 211578K (63%)
Known Failure: java.lang.reflect.InvocationTargetException
----------------- testing (KnownFailure) /home/travis/build/icyphy/ptII/ptolemy/domains/de/test/auto/knownFailedTests/dependencyLoop2.xml
1 ms. Memory: 337920K Free: 180842K (54%)
Known Failure: java.lang.reflect.InvocationTargetException
No auto/linux-amd64/*.xml tests in /home/travis/build/icyphy/ptII/ptolemy/domains/de/test
AutoTests.java: About to close Vertx.
AutoTests.java: Vertx closed.

===========================================================================================
----------------- testing Wed Jun 20 05:12:46 UTC 2018 /home/travis/build/icyphy/ptII/ptolemy/domains/de/test/auto/ActorDepthCalculation_actorWithoutPorts.xml
----------------- Instantiating /home/travis/build/icyphy/ptII/ptolemy/domains/de/test/auto/ActorDepthCalculation_actorWithoutPorts.xml
2 ms. Memory: 337920K Free: 155241K (46%)
----------------- Invoking toplevel() on ptolemy.moml.MoMLSimpleApplication@3ba4eac2
----------------- Done invoking toplevel() on ptolemy.moml.MoMLSimpleApplication@3ba4eac2
reloadAllAccessors: .ActorDepthCalculation_actorWithoutPorts

===========================================================================================
----------------- testing Wed Jun 20 05:12:46 UTC 2018 /home/travis/build/icyphy/ptII/ptolemy/domains/de/test/auto/AssemblyLine.xml
----------------- Instantiating /home/travis/build/icyphy/ptII/ptolemy/domains/de/test/auto/AssemblyLine.xml
2 ms. Memory: 337920K Free: 139881K (41%)
----------------- Invoking toplevel() on ptolemy.moml.MoMLSimpleApplication@1226b3af
----------------- Done invoking toplevel() on ptolemy.moml.MoMLSimpleApplication@1226b3af
reloadAllAccessors: .AssemblyLine

===========================================================================================
----------------- testing Wed Jun 20 05:12:46 UTC 2018 /home/travis/build/icyphy/ptII/ptolemy/domains/de/test/auto/CQBug1.xml
----------------- Instantiating /home/travis/build/icyphy/ptII/ptolemy/domains/de/test/auto/CQBug1.xml
1 ms. Memory: 337920K Free: 129641K (38%)
----------------- Invoking toplevel() on ptolemy.moml.MoMLSimpleApplication@40c4fb8a
----------------- Done invoking toplevel() on ptolemy.moml.MoMLSimpleApplication@40c4fb8a
reloadAllAccessors: .CQBug1

===========================================================================================
----------------- testing Wed Jun 20 05:12:46 UTC 2018 /home/travis/build/icyphy/ptII/ptolemy/domains/de/test/auto/CancelFireAt.xml
----------------- Instantiating /home/travis/build/icyphy/ptII/ptolemy/domains/de/test/auto/CancelFireAt.xml
1 ms. Memory: 337920K Free: 119401K (35%)
----------------- Invoking toplevel() on ptolemy.moml.MoMLSimpleApplication@7fe19006
----------------- Done invoking toplevel() on ptolemy.moml.MoMLSimpleApplication@7fe19006
reloadAllAccessors: .CancelFireAt

===========================================================================================
----------------- testing Wed Jun 20 05:12:46 UTC 2018 /home/travis/build/icyphy/ptII/ptolemy/domains/de/test/auto/CausalityAndComposabilityAnalysis.xml
----------------- Instantiating /home/travis/build/icyphy/ptII/ptolemy/domains/de/test/auto/CausalityAndComposabilityAnalysis.xml
1 ms. Memory: 337920K Free: 109161K (32%)
----------------- Invoking toplevel() on ptolemy.moml.MoMLSimpleApplication@bab789d
----------------- Done invoking toplevel() on ptolemy.moml.MoMLSimpleApplication@bab789d
reloadAllAccessors: .CausalityAndComposabilityAnalysis

===========================================================================================
----------------- testing Wed Jun 20 05:12:46 UTC 2018 /home/travis/build/icyphy/ptII/ptolemy/domains/de/test/auto/CausalityInterface1.xml
----------------- Instantiating /home/travis/build/icyphy/ptII/ptolemy/domains/de/test/auto/CausalityInterface1.xml
4 ms. Memory: 337920K Free: 98921K (29%)
----------------- Invoking toplevel() on ptolemy.moml.MoMLSimpleApplication@3da47dc1
----------------- Done invoking toplevel() on ptolemy.moml.MoMLSimpleApplication@3da47dc1
reloadAllAccessors: .CausalityInterface1

===========================================================================================
----------------- testing Wed Jun 20 05:12:46 UTC 2018 /home/travis/build/icyphy/ptII/ptolemy/domains/de/test/auto/CausalityInterface15.xml
----------------- Instantiating /home/travis/build/icyphy/ptII/ptolemy/domains/de/test/auto/CausalityInterface15.xml
2 ms. Memory: 337920K Free: 84846K (25%)
----------------- Invoking toplevel() on ptolemy.moml.MoMLSimpleApplication@738257eb
----------------- Done invoking toplevel() on ptolemy.moml.MoMLSimpleApplication@738257eb
reloadAllAccessors: .CausalityInterface15

[...]
java.lang.RuntimeException: Execution failed
	at ptolemy.moml.MoMLSimpleApplication$UnloadThread.run(MoMLSimpleApplication.java:402)
Caused by: ptolemy.kernel.util.IllegalActionException: Test fails in iteration 1.
Value was: 1.0. Should have been: 2.0
  in .DirectFeedback.Test
	at ptolemy.actor.lib.Test.fire(Test.java:268)
	at ptolemy.domains.de.kernel.DEDirector._fire(DEDirector.java:1949)
	at ptolemy.domains.de.kernel.DEDirector.fire(DEDirector.java:502)
	at ptolemy.actor.CompositeActor.fire(CompositeActor.java:455)
	at ptolemy.actor.Manager.iterate(Manager.java:851)
	at ptolemy.actor.Manager.execute(Manager.java:369)
	at ptolemy.actor.Manager.run(Manager.java:1263)
	at ptolemy.actor.Manager$PtolemyRunThread.run(Manager.java:1915)
java.lang.RuntimeException: Execution failed
	at ptolemy.moml.MoMLSimpleApplication$UnloadThread.run(MoMLSimpleApplication.java:402)
Caused by: ptolemy.kernel.util.IllegalActionException: Actor is not ready to fire.  Perhaps UpSample.prefire() returned false? Try debugging the actor by selecting "Listen to Actor".  Also, for SDF check moml for tokenConsumptionRate on input.
  in .DESDFClockTest.Play Bell.Copy1:SDF Director and .DESDFClockTest.Play Bell.UpSample
	at ptolemy.actor.sched.StaticSchedulingDirector.fire(StaticSchedulingDirector.java:227)
	at ptolemy.domains.sdf.kernel.SDFDirector.fire(SDFDirector.java:500)
	at ptolemy.actor.CompositeActor.fire(CompositeActor.java:455)
	at ptolemy.domains.de.kernel.DEDirector._fire(DEDirector.java:1949)
	at ptolemy.domains.de.kernel.DEDirector.fire(DEDirector.java:502)
	at ptolemy.actor.CompositeActor.fire(CompositeActor.java:455)
	at ptolemy.actor.Manager.iterate(Manager.java:851)
	at ptolemy.actor.Manager.execute(Manager.java:369)
	at ptolemy.actor.Manager.run(Manager.java:1263)
	at ptolemy.actor.Manager$PtolemyRunThread.run(Manager.java:1915)
java.lang.reflect.InvocationTargetException
	at sun.reflect.NativeConstructorAccessorImpl.newInstance0(Native Method)
	at sun.reflect.NativeConstructorAccessorImpl.newInstance(NativeConstructorAccessorImpl.java:62)
	at sun.reflect.DelegatingConstructorAccessorImpl.newInstance(DelegatingConstructorAccessorImpl.java:45)
	at java.lang.reflect.Constructor.newInstance(Constructor.java:423)
	at ptolemy.util.test.junit.AutoKnownFailedTests.RunModel(AutoKnownFailedTests.java:107)
	at sun.reflect.NativeMethodAccessorImpl.invoke0(Native Method)
	at sun.reflect.NativeMethodAccessorImpl.invoke(NativeMethodAccessorImpl.java:62)
	at sun.reflect.DelegatingMethodAccessorImpl.invoke(DelegatingMethodAccessorImpl.java:43)
	at java.lang.reflect.Method.invoke(Method.java:498)
	at org.junit.runners.model.FrameworkMethod$1.runReflectiveCall(FrameworkMethod.java:44)
	at org.junit.internal.runners.model.ReflectiveCallable.run(ReflectiveCallable.java:15)
	at org.junit.runners.model.FrameworkMethod.invokeExplosively(FrameworkMethod.java:41)
	at junitparams.internal.InvokeParameterisedMethod.evaluate(InvokeParameterisedMethod.java:102)
	at org.junit.internal.runners.statements.FailOnTimeout$1.run(FailOnTimeout.java:28)
Caused by: ptolemy.kernel.util.IllegalActionException: Actor is not ready to fire.  Perhaps UpSample.prefire() returned false? Try debugging the actor by selecting "Listen to Actor".  Also, for SDF check moml for tokenConsumptionRate on input.
  in .DESDFClockTest.Play Bell.Copy1:SDF Director and .DESDFClockTest.Play Bell.UpSample
	at ptolemy.actor.sched.StaticSchedulingDirector.fire(StaticSchedulingDirector.java:227)
	at ptolemy.domains.sdf.kernel.SDFDirector.fire(SDFDirector.java:500)
	at ptolemy.actor.CompositeActor.fire(CompositeActor.java:455)
	at ptolemy.domains.de.kernel.DEDirector._fire(DEDirector.java:1949)
	at ptolemy.domains.de.kernel.DEDirector.fire(DEDirector.java:502)
	at ptolemy.actor.CompositeActor.fire(CompositeActor.java:455)
	at ptolemy.actor.Manager.iterate(Manager.java:851)
	at ptolemy.actor.Manager.execute(Manager.java:369)
	at ptolemy.actor.Manager.run(Manager.java:1263)
	at ptolemy.actor.Manager$PtolemyRunThread.run(Manager.java:1915)
java.lang.RuntimeException: Execution failed
	at ptolemy.moml.MoMLSimpleApplication$UnloadThread.run(MoMLSimpleApplication.java:402)
Caused by: ptolemy.kernel.util.IllegalActionException: Test fails in iteration 1.
Value was: 1.0. Should have been: 2.0
  in .DirectFeedback.Test
	at ptolemy.actor.lib.Test.fire(Test.java:268)
	at ptolemy.domains.de.kernel.DEDirector._fire(DEDirector.java:1949)
	at ptolemy.domains.de.kernel.DEDirector.fire(DEDirector.java:502)
	at ptolemy.actor.CompositeActor.fire(CompositeActor.java:455)
	at ptolemy.actor.Manager.iterate(Manager.java:851)
	at ptolemy.actor.Manager.execute(Manager.java:369)
	at ptolemy.actor.Manager.run(Manager.java:1263)
	at ptolemy.actor.Manager$PtolemyRunThread.run(Manager.java:1915)
java.lang.reflect.InvocationTargetException
	at sun.reflect.NativeConstructorAccessorImpl.newInstance0(Native Method)
	at sun.reflect.NativeConstructorAccessorImpl.newInstance(NativeConstructorAccessorImpl.java:62)
	at sun.reflect.DelegatingConstructorAccessorImpl.newInstance(DelegatingConstructorAccessorImpl.java:45)
	at java.lang.reflect.Constructor.newInstance(Constructor.java:423)
	at ptolemy.util.test.junit.AutoKnownFailedTests.RunModel(AutoKnownFailedTests.java:107)
	at sun.reflect.NativeMethodAccessorImpl.invoke0(Native Method)
	at sun.reflect.NativeMethodAccessorImpl.invoke(NativeMethodAccessorImpl.java:62)
	at sun.reflect.DelegatingMethodAccessorImpl.invoke(DelegatingMethodAccessorImpl.java:43)
	at java.lang.reflect.Method.invoke(Method.java:498)
	at org.junit.runners.model.FrameworkMethod$1.runReflectiveCall(FrameworkMethod.java:44)
	at org.junit.internal.runners.model.ReflectiveCallable.run(ReflectiveCallable.java:15)
	at org.junit.runners.model.FrameworkMethod.invokeExplosively(FrameworkMethod.java:41)
	at junitparams.internal.InvokeParameterisedMethod.evaluate(InvokeParameterisedMethod.java:102)
	at org.junit.internal.runners.statements.FailOnTimeout$1.run(FailOnTimeout.java:28)
Caused by: ptolemy.kernel.util.IllegalActionException: Test fails in iteration 1.
Value was: 1.0. Should have been: 2.0
  in .DirectFeedback.Test
	at ptolemy.actor.lib.Test.fire(Test.java:268)
	at ptolemy.domains.de.kernel.DEDirector._fire(DEDirector.java:1949)
	at ptolemy.domains.de.kernel.DEDirector.fire(DEDirector.java:502)
	at ptolemy.actor.CompositeActor.fire(CompositeActor.java:455)
	at ptolemy.actor.Manager.iterate(Manager.java:851)
	at ptolemy.actor.Manager.execute(Manager.java:369)
	at ptolemy.actor.Manager.run(Manager.java:1263)
	at ptolemy.actor.Manager$PtolemyRunThread.run(Manager.java:1915)
java.lang.RuntimeException: Execution failed
	at ptolemy.moml.MoMLSimpleApplication$UnloadThread.run(MoMLSimpleApplication.java:402)
Caused by: ptolemy.kernel.util.IllegalActionException: Found a zero delay loop containing .HierarchicalModel.A
  in .HierarchicalModel and .HierarchicalModel.A
	at ptolemy.actor.util.CausalityInterfaceForComposites._computeOutputPortDepth(CausalityInterfaceForComposites.java:759)
	at ptolemy.actor.util.CausalityInterfaceForComposites._computeInputDepth(CausalityInterfaceForComposites.java:696)
	at ptolemy.actor.util.CausalityInterfaceForComposites._computeOutputPortDepth(CausalityInterfaceForComposites.java:765)
	at ptolemy.actor.util.CausalityInterfaceForComposites._computeInputDepth(CausalityInterfaceForComposites.java:696)
	at ptolemy.actor.util.CausalityInterfaceForComposites._computeOutputPortDepth(CausalityInterfaceForComposites.java:765)
	at ptolemy.actor.util.CausalityInterfaceForComposites._computeInputDepth(CausalityInterfaceForComposites.java:696)
	at ptolemy.actor.util.CausalityInterfaceForComposites._computeActorDepth(CausalityInterfaceForComposites.java:532)
	at ptolemy.actor.util.CausalityInterfaceForComposites.checkForCycles(CausalityInterfaceForComposites.java:96)
	at ptolemy.domains.de.kernel.DEDirector.preinitialize(DEDirector.java:1338)
	at ptolemy.actor.CompositeActor.preinitialize(CompositeActor.java:1828)
	at ptolemy.actor.Manager.preinitializeAndResolveTypes(Manager.java:1040)
	at ptolemy.actor.Manager.initialize(Manager.java:710)
	at ptolemy.actor.Manager.execute(Manager.java:356)
	at ptolemy.actor.Manager.run(Manager.java:1263)
	at ptolemy.actor.Manager$PtolemyRunThread.run(Manager.java:1915)
java.lang.reflect.InvocationTargetException
	at sun.reflect.NativeConstructorAccessorImpl.newInstance0(Native Method)
	at sun.reflect.NativeConstructorAccessorImpl.newInstance(NativeConstructorAccessorImpl.java:62)
	at sun.reflect.DelegatingConstructorAccessorImpl.newInstance(DelegatingConstructorAccessorImpl.java:45)
	at java.lang.reflect.Constructor.newInstance(Constructor.java:423)
	at ptolemy.util.test.junit.AutoKnownFailedTests.RunModel(AutoKnownFailedTests.java:107)
	at sun.reflect.NativeMethodAccessorImpl.invoke0(Native Method)
	at sun.reflect.NativeMethodAccessorImpl.invoke(NativeMethodAccessorImpl.java:62)
	at sun.reflect.DelegatingMethodAccessorImpl.invoke(DelegatingMethodAccessorImpl.java:43)
	at java.lang.reflect.Method.invoke(Method.java:498)
	at org.junit.runners.model.FrameworkMethod$1.runReflectiveCall(FrameworkMethod.java:44)
	at org.junit.internal.runners.model.ReflectiveCallable.run(ReflectiveCallable.java:15)
	at org.junit.runners.model.FrameworkMethod.invokeExplosively(FrameworkMethod.java:41)
	at junitparams.internal.InvokeParameterisedMethod.evaluate(InvokeParameterisedMethod.java:102)
	at org.junit.internal.runners.statements.FailOnTimeout$1.run(FailOnTimeout.java:28)
Caused by: ptolemy.kernel.util.IllegalActionException: Found a zero delay loop containing .HierarchicalModel.A
  in .HierarchicalModel and .HierarchicalModel.A
	at ptolemy.actor.util.CausalityInterfaceForComposites._computeOutputPortDepth(CausalityInterfaceForComposites.java:759)
	at ptolemy.actor.util.CausalityInterfaceForComposites._computeInputDepth(CausalityInterfaceForComposites.java:696)
	at ptolemy.actor.util.CausalityInterfaceForComposites._computeOutputPortDepth(CausalityInterfaceForComposites.java:765)
	at ptolemy.actor.util.CausalityInterfaceForComposites._computeInputDepth(CausalityInterfaceForComposites.java:696)
	at ptolemy.actor.util.CausalityInterfaceForComposites._computeOutputPortDepth(CausalityInterfaceForComposites.java:765)
	at ptolemy.actor.util.CausalityInterfaceForComposites._computeInputDepth(CausalityInterfaceForComposites.java:696)
	at ptolemy.actor.util.CausalityInterfaceForComposites._computeActorDepth(CausalityInterfaceForComposites.java:532)
	at ptolemy.actor.util.CausalityInterfaceForComposites.checkForCycles(CausalityInterfaceForComposites.java:96)
	at ptolemy.domains.de.kernel.DEDirector.preinitialize(DEDirector.java:1338)
	at ptolemy.actor.CompositeActor.preinitialize(CompositeActor.java:1828)
	at ptolemy.actor.Manager.preinitializeAndResolveTypes(Manager.java:1040)
	at ptolemy.actor.Manager.initialize(Manager.java:710)
	at ptolemy.actor.Manager.execute(Manager.java:356)
	at ptolemy.actor.Manager.run(Manager.java:1263)
	at ptolemy.actor.Manager$PtolemyRunThread.run(Manager.java:1915)
java.lang.RuntimeException: Execution failed
	at ptolemy.moml.MoMLSimpleApplication$UnloadThread.run(MoMLSimpleApplication.java:402)
Caused by: ptolemy.kernel.util.IllegalActionException: Found a zero delay loop containing .dependencyLoop.original
  in .dependencyLoop and .dependencyLoop.original
	at ptolemy.actor.util.CausalityInterfaceForComposites._computeOutputPortDepth(CausalityInterfaceForComposites.java:759)
	at ptolemy.actor.util.CausalityInterfaceForComposites._computeInputDepth(CausalityInterfaceForComposites.java:696)
	at ptolemy.actor.util.CausalityInterfaceForComposites._computeOutputPortDepth(CausalityInterfaceForComposites.java:765)
	at ptolemy.actor.util.CausalityInterfaceForComposites._computeInputDepth(CausalityInterfaceForComposites.java:696)
	at ptolemy.actor.util.CausalityInterfaceForComposites._computeOutputPortDepth(CausalityInterfaceForComposites.java:765)
	at ptolemy.actor.util.CausalityInterfaceForComposites._computeInputDepth(CausalityInterfaceForComposites.java:696)
	at ptolemy.actor.util.CausalityInterfaceForComposites._computeActorDepth(CausalityInterfaceForComposites.java:532)
	at ptolemy.actor.util.CausalityInterfaceForComposites.checkForCycles(CausalityInterfaceForComposites.java:96)
	at ptolemy.domains.de.kernel.DEDirector.preinitialize(DEDirector.java:1338)
	at ptolemy.actor.CompositeActor.preinitialize(CompositeActor.java:1828)
	at ptolemy.actor.Manager.preinitializeAndResolveTypes(Manager.java:1040)
	at ptolemy.actor.Manager.initialize(Manager.java:710)
	at ptolemy.actor.Manager.execute(Manager.java:356)
	at ptolemy.actor.Manager.run(Manager.java:1263)
	at ptolemy.actor.Manager$PtolemyRunThread.run(Manager.java:1915)
java.lang.reflect.InvocationTargetException
	at sun.reflect.NativeConstructorAccessorImpl.newInstance0(Native Method)
	at sun.reflect.NativeConstructorAccessorImpl.newInstance(NativeConstructorAccessorImpl.java:62)
	at sun.reflect.DelegatingConstructorAccessorImpl.newInstance(DelegatingConstructorAccessorImpl.java:45)
	at java.lang.reflect.Constructor.newInstance(Constructor.java:423)
	at ptolemy.util.test.junit.AutoKnownFailedTests.RunModel(AutoKnownFailedTests.java:107)
	at sun.reflect.NativeMethodAccessorImpl.invoke0(Native Method)
	at sun.reflect.NativeMethodAccessorImpl.invoke(NativeMethodAccessorImpl.java:62)
	at sun.reflect.DelegatingMethodAccessorImpl.invoke(DelegatingMethodAccessorImpl.java:43)
	at java.lang.reflect.Method.invoke(Method.java:498)
	at org.junit.runners.model.FrameworkMethod$1.runReflectiveCall(FrameworkMethod.java:44)
	at org.junit.internal.runners.model.ReflectiveCallable.run(ReflectiveCallable.java:15)
	at org.junit.runners.model.FrameworkMethod.invokeExplosively(FrameworkMethod.java:41)
	at junitparams.internal.InvokeParameterisedMethod.evaluate(InvokeParameterisedMethod.java:102)
	at org.junit.internal.runners.statements.FailOnTimeout$1.run(FailOnTimeout.java:28)
Caused by: ptolemy.kernel.util.IllegalActionException: Found a zero delay loop containing .dependencyLoop.original
  in .dependencyLoop and .dependencyLoop.original
	at ptolemy.actor.util.CausalityInterfaceForComposites._computeOutputPortDepth(CausalityInterfaceForComposites.java:759)
	at ptolemy.actor.util.CausalityInterfaceForComposites._computeInputDepth(CausalityInterfaceForComposites.java:696)
	at ptolemy.actor.util.CausalityInterfaceForComposites._computeOutputPortDepth(CausalityInterfaceForComposites.java:765)
	at ptolemy.actor.util.CausalityInterfaceForComposites._computeInputDepth(CausalityInterfaceForComposites.java:696)
	at ptolemy.actor.util.CausalityInterfaceForComposites._computeOutputPortDepth(CausalityInterfaceForComposites.java:765)
	at ptolemy.actor.util.CausalityInterfaceForComposites._computeInputDepth(CausalityInterfaceForComposites.java:696)
	at ptolemy.actor.util.CausalityInterfaceForComposites._computeActorDepth(CausalityInterfaceForComposites.java:532)
	at ptolemy.actor.util.CausalityInterfaceForComposites.checkForCycles(CausalityInterfaceForComposites.java:96)
	at ptolemy.domains.de.kernel.DEDirector.preinitialize(DEDirector.java:1338)
	at ptolemy.actor.CompositeActor.preinitialize(CompositeActor.java:1828)
	at ptolemy.actor.Manager.preinitializeAndResolveTypes(Manager.java:1040)
	at ptolemy.actor.Manager.initialize(Manager.java:710)
	at ptolemy.actor.Manager.execute(Manager.java:356)
	at ptolemy.actor.Manager.run(Manager.java:1263)
	at ptolemy.actor.Manager$PtolemyRunThread.run(Manager.java:1915)
java.lang.RuntimeException: Execution failed
	at ptolemy.moml.MoMLSimpleApplication$UnloadThread.run(MoMLSimpleApplication.java:402)
Caused by: ptolemy.kernel.util.IllegalActionException: Found a zero delay loop containing .dependencyLoop2.original
  in .dependencyLoop2 and .dependencyLoop2.original
	at ptolemy.actor.util.CausalityInterfaceForComposites._computeOutputPortDepth(CausalityInterfaceForComposites.java:759)
	at ptolemy.actor.util.CausalityInterfaceForComposites._computeInputDepth(CausalityInterfaceForComposites.java:696)
	at ptolemy.actor.util.CausalityInterfaceForComposites._computeOutputPortDepth(CausalityInterfaceForComposites.java:765)
	at ptolemy.actor.util.CausalityInterfaceForComposites._computeInputDepth(CausalityInterfaceForComposites.java:696)
	at ptolemy.actor.util.CausalityInterfaceForComposites._computeOutputPortDepth(CausalityInterfaceForComposites.java:765)
	at ptolemy.actor.util.CausalityInterfaceForComposites._computeInputDepth(CausalityInterfaceForComposites.java:696)
	at ptolemy.actor.util.CausalityInterfaceForComposites._computeActorDepth(CausalityInterfaceForComposites.java:532)
	at ptolemy.actor.util.CausalityInterfaceForComposites.checkForCycles(CausalityInterfaceForComposites.java:96)
	at ptolemy.domains.de.kernel.DEDirector.preinitialize(DEDirector.java:1338)
	at ptolemy.actor.CompositeActor.preinitialize(CompositeActor.java:1828)
	at ptolemy.actor.Manager.preinitializeAndResolveTypes(Manager.java:1040)
	at ptolemy.actor.Manager.initialize(Manager.java:710)
	at ptolemy.actor.Manager.execute(Manager.java:356)
	at ptolemy.actor.Manager.run(Manager.java:1263)
	at ptolemy.actor.Manager$PtolemyRunThread.run(Manager.java:1915)
java.lang.reflect.InvocationTargetException
	at sun.reflect.NativeConstructorAccessorImpl.newInstance0(Native Method)
	at sun.reflect.NativeConstructorAccessorImpl.newInstance(NativeConstructorAccessorImpl.java:62)
	at sun.reflect.DelegatingConstructorAccessorImpl.newInstance(DelegatingConstructorAccessorImpl.java:45)
	at java.lang.reflect.Constructor.newInstance(Constructor.java:423)
	at ptolemy.util.test.junit.AutoKnownFailedTests.RunModel(AutoKnownFailedTests.java:107)
	at sun.reflect.NativeMethodAccessorImpl.invoke0(Native Method)
	at sun.reflect.NativeMethodAccessorImpl.invoke(NativeMethodAccessorImpl.java:62)
	at sun.reflect.DelegatingMethodAccessorImpl.invoke(DelegatingMethodAccessorImpl.java:43)
	at java.lang.reflect.Method.invoke(Method.java:498)
	at org.junit.runners.model.FrameworkMethod$1.runReflectiveCall(FrameworkMethod.java:44)
	at org.junit.internal.runners.model.ReflectiveCallable.run(ReflectiveCallable.java:15)
	at org.junit.runners.model.FrameworkMethod.invokeExplosively(FrameworkMethod.java:41)
	at junitparams.internal.InvokeParameterisedMethod.evaluate(InvokeParameterisedMethod.java:102)
	at org.junit.internal.runners.statements.FailOnTimeout$1.run(FailOnTimeout.java:28)
Caused by: ptolemy.kernel.util.IllegalActionException: Found a zero delay loop containing .dependencyLoop2.original
  in .dependencyLoop2 and .dependencyLoop2.original
	at ptolemy.actor.util.CausalityInterfaceForComposites._computeOutputPortDepth(CausalityInterfaceForComposites.java:759)
	at ptolemy.actor.util.CausalityInterfaceForComposites._computeInputDepth(CausalityInterfaceForComposites.java:696)
	at ptolemy.actor.util.CausalityInterfaceForComposites._computeOutputPortDepth(CausalityInterfaceForComposites.java:765)
	at ptolemy.actor.util.CausalityInterfaceForComposites._computeInputDepth(CausalityInterfaceForComposites.java:696)
	at ptolemy.actor.util.CausalityInterfaceForComposites._computeOutputPortDepth(CausalityInterfaceForComposites.java:765)
	at ptolemy.actor.util.CausalityInterfaceForComposites._computeInputDepth(CausalityInterfaceForComposites.java:696)
	at ptolemy.actor.util.CausalityInterfaceForComposites._computeActorDepth(CausalityInterfaceForComposites.java:532)
	at ptolemy.actor.util.CausalityInterfaceForComposites.checkForCycles(CausalityInterfaceForComposites.java:96)
	at ptolemy.domains.de.kernel.DEDirector.preinitialize(DEDirector.java:1338)
	at ptolemy.actor.CompositeActor.preinitialize(CompositeActor.java:1828)
	at ptolemy.actor.Manager.preinitializeAndResolveTypes(Manager.java:1040)
	at ptolemy.actor.Manager.initialize(Manager.java:710)
	at ptolemy.actor.Manager.execute(Manager.java:356)
	at ptolemy.actor.Manager.run(Manager.java:1263)
	at ptolemy.actor.Manager$PtolemyRunThread.run(Manager.java:1915)
]]></system-err>
</testsuite>
