<?xml version="1.0" encoding="UTF-8" ?>
<testsuite errors="0" failures="0" hostname="travis-job-0c72b847-72f9-486f-825b-6a7161cebc22" name="ptolemy.domains.de.test.junit.JUnitTclTest" skipped="0" tests="101" time="126.89" timestamp="2019-12-24T16:21:39">
  <properties>
[...]
</properties>
  <testcase classname="ptolemy.util.test.junit.TclTests" name="[0] /home/travis/build/icyphy/ptII/ptolemy/domains/de/test/DependencyLoop.tcl (RunTclFile)" time="1.097" />
  <testcase classname="ptolemy.util.test.junit.TclTests" name="[1] /home/travis/build/icyphy/ptII/ptolemy/domains/de/test/RunDETestsAsQSS.tcl (RunTclFile)" time="86.439" />
  <testcase classname="ptolemy.util.test.junit.AutoKnownFailedTests" name="[0] /home/travis/build/icyphy/ptII/ptolemy/domains/de/test/auto/knownFailedTests/DESDFClockTest.xml (RunModel)" time="2.046" />
  <testcase classname="ptolemy.util.test.junit.AutoKnownFailedTests" name="[1] /home/travis/build/icyphy/ptII/ptolemy/domains/de/test/auto/knownFailedTests/DirectFeedback.xml (RunModel)" time="0.014" />
  <testcase classname="ptolemy.util.test.junit.AutoKnownFailedTests" name="[2] /home/travis/build/icyphy/ptII/ptolemy/domains/de/test/auto/knownFailedTests/FSMSource.xml (RunModel)" time="0.041" />
  <testcase classname="ptolemy.util.test.junit.AutoKnownFailedTests" name="[3] /home/travis/build/icyphy/ptII/ptolemy/domains/de/test/auto/knownFailedTests/HierarchicalModel.xml (RunModel)" time="0.057" />
  <testcase classname="ptolemy.util.test.junit.AutoKnownFailedTests" name="[4] /home/travis/build/icyphy/ptII/ptolemy/domains/de/test/auto/knownFailedTests/dependencyLoop.xml (RunModel)" time="0.044" />
  <testcase classname="ptolemy.util.test.junit.AutoKnownFailedTests" name="[5] /home/travis/build/icyphy/ptII/ptolemy/domains/de/test/auto/knownFailedTests/dependencyLoop2.xml (RunModel)" time="0.047" />
  <testcase classname="ptolemy.util.test.junit.AutoNameArchTests" name="[0] ThereAreNoAutoArchTests (RunModel)" time="0.004" />
  <testcase classname="ptolemy.util.test.junit.AutoTests" name="[0] /home/travis/build/icyphy/ptII/ptolemy/domains/de/test/auto/ActorDepthCalculation_actorWithoutPorts.xml (RunModel)" time="0.016" />
  <testcase classname="ptolemy.util.test.junit.AutoTests" name="[1] /home/travis/build/icyphy/ptII/ptolemy/domains/de/test/auto/AssemblyLine.xml (RunModel)" time="0.029" />
  <testcase classname="ptolemy.util.test.junit.AutoTests" name="[2] /home/travis/build/icyphy/ptII/ptolemy/domains/de/test/auto/CQBug1.xml (RunModel)" time="0.015" />
  <testcase classname="ptolemy.util.test.junit.AutoTests" name="[3] /home/travis/build/icyphy/ptII/ptolemy/domains/de/test/auto/CancelFireAt.xml (RunModel)" time="0.012" />
  <testcase classname="ptolemy.util.test.junit.AutoTests" name="[4] /home/travis/build/icyphy/ptII/ptolemy/domains/de/test/auto/CausalityAndComposabilityAnalysis.xml (RunModel)" time="0.028" />
  <testcase classname="ptolemy.util.test.junit.AutoTests" name="[5] /home/travis/build/icyphy/ptII/ptolemy/domains/de/test/auto/CausalityInterface1.xml (RunModel)" time="0.02" />
  <testcase classname="ptolemy.util.test.junit.AutoTests" name="[6] /home/travis/build/icyphy/ptII/ptolemy/domains/de/test/auto/CausalityInterface15.xml (RunModel)" time="0.02" />
  <testcase classname="ptolemy.util.test.junit.AutoTests" name="[7] /home/travis/build/icyphy/ptII/ptolemy/domains/de/test/auto/CausalityInterface2.xml (RunModel)" time="0.017" />
  <testcase classname="ptolemy.util.test.junit.AutoTests" name="[8] /home/travis/build/icyphy/ptII/ptolemy/domains/de/test/auto/CausalityInterface3.xml (RunModel)" time="0.013" />
  <testcase classname="ptolemy.util.test.junit.AutoTests" name="[9] /home/travis/build/icyphy/ptII/ptolemy/domains/de/test/auto/ClockDrift.xml (RunModel)" time="0.039" />
  <testcase classname="ptolemy.util.test.junit.AutoTests" name="[10] /home/travis/build/icyphy/ptII/ptolemy/domains/de/test/auto/ClockDriftAndValueChange.xml (RunModel)" time="0.032" />
  <testcase classname="ptolemy.util.test.junit.AutoTests" name="[11] /home/travis/build/icyphy/ptII/ptolemy/domains/de/test/auto/ClockDriftChange.xml (RunModel)" time="0.028" />
  <testcase classname="ptolemy.util.test.junit.AutoTests" name="[12] /home/travis/build/icyphy/ptII/ptolemy/domains/de/test/auto/ComposableCausalityAnalysis.xml (RunModel)" time="0.017" />
  <testcase classname="ptolemy.util.test.junit.AutoTests" name="[13] /home/travis/build/icyphy/ptII/ptolemy/domains/de/test/auto/DEFixedPointLimitation.xml (RunModel)" time="0.014" />
  <testcase classname="ptolemy.util.test.junit.AutoTests" name="[14] /home/travis/build/icyphy/ptII/ptolemy/domains/de/test/auto/DEScheduleTest.xml (RunModel)" time="0.015" />
  <testcase classname="ptolemy.util.test.junit.AutoTests" name="[15] /home/travis/build/icyphy/ptII/ptolemy/domains/de/test/auto/DEinDEwithStartTimes.xml (RunModel)" time="0.016" />
  <testcase classname="ptolemy.util.test.junit.AutoTests" name="[16] /home/travis/build/icyphy/ptII/ptolemy/domains/de/test/auto/DEinDEwithStartTimes2.xml (RunModel)" time="0.017" />
  <testcase classname="ptolemy.util.test.junit.AutoTests" name="[17] /home/travis/build/icyphy/ptII/ptolemy/domains/de/test/auto/DateDemo.xml (RunModel)" time="0.048" />
  <testcase classname="ptolemy.util.test.junit.AutoTests" name="[18] /home/travis/build/icyphy/ptII/ptolemy/domains/de/test/auto/DateToEvent.xml (RunModel)" time="2.044" />
  <testcase classname="ptolemy.util.test.junit.AutoTests" name="[19] /home/travis/build/icyphy/ptII/ptolemy/domains/de/test/auto/DepthTest1.xml (RunModel)" time="0.016" />
  <testcase classname="ptolemy.util.test.junit.AutoTests" name="[20] /home/travis/build/icyphy/ptII/ptolemy/domains/de/test/auto/DepthTest2.xml (RunModel)" time="0.023" />
  <testcase classname="ptolemy.util.test.junit.AutoTests" name="[21] /home/travis/build/icyphy/ptII/ptolemy/domains/de/test/auto/DepthTest3.xml (RunModel)" time="0.009" />
  <testcase classname="ptolemy.util.test.junit.AutoTests" name="[22] /home/travis/build/icyphy/ptII/ptolemy/domains/de/test/auto/DepthTest4.xml (RunModel)" time="0.027" />
  <testcase classname="ptolemy.util.test.junit.AutoTests" name="[23] /home/travis/build/icyphy/ptII/ptolemy/domains/de/test/auto/DepthTest5.xml (RunModel)" time="0.017" />
  <testcase classname="ptolemy.util.test.junit.AutoTests" name="[24] /home/travis/build/icyphy/ptII/ptolemy/domains/de/test/auto/DepthTest6.xml (RunModel)" time="0.013" />
  <testcase classname="ptolemy.util.test.junit.AutoTests" name="[25] /home/travis/build/icyphy/ptII/ptolemy/domains/de/test/auto/DepthTest7.xml (RunModel)" time="0.017" />
  <testcase classname="ptolemy.util.test.junit.AutoTests" name="[26] /home/travis/build/icyphy/ptII/ptolemy/domains/de/test/auto/EventToDate.xml (RunModel)" time="3.043" />
  <testcase classname="ptolemy.util.test.junit.AutoTests" name="[27] /home/travis/build/icyphy/ptII/ptolemy/domains/de/test/auto/FSM1.xml (RunModel)" time="0.04" />
  <testcase classname="ptolemy.util.test.junit.AutoTests" name="[28] /home/travis/build/icyphy/ptII/ptolemy/domains/de/test/auto/FSM7.xml (RunModel)" time="0.039" />
  <testcase classname="ptolemy.util.test.junit.AutoTests" name="[29] /home/travis/build/icyphy/ptII/ptolemy/domains/de/test/auto/Inspection.xml (RunModel)" time="0.043" />
  <testcase classname="ptolemy.util.test.junit.AutoTests" name="[30] /home/travis/build/icyphy/ptII/ptolemy/domains/de/test/auto/Iteration.xml (RunModel)" time="0.024" />
  <testcase classname="ptolemy.util.test.junit.AutoTests" name="[31] /home/travis/build/icyphy/ptII/ptolemy/domains/de/test/auto/LineFault.xml (RunModel)" time="0.554" />
  <testcase classname="ptolemy.util.test.junit.AutoTests" name="[32] /home/travis/build/icyphy/ptII/ptolemy/domains/de/test/auto/MergeModel1Add.xml (RunModel)" time="0.046" />
  <testcase classname="ptolemy.util.test.junit.AutoTests" name="[33] /home/travis/build/icyphy/ptII/ptolemy/domains/de/test/auto/MergeModel2Add.xml (RunModel)" time="0.042" />
  <testcase classname="ptolemy.util.test.junit.AutoTests" name="[34] /home/travis/build/icyphy/ptII/ptolemy/domains/de/test/auto/MergeModel3Add.xml (RunModel)" time="0.05" />
  <testcase classname="ptolemy.util.test.junit.AutoTests" name="[35] /home/travis/build/icyphy/ptII/ptolemy/domains/de/test/auto/MergeWithoutDiscard.xml (RunModel)" time="0.016" />
  <testcase classname="ptolemy.util.test.junit.AutoTests" name="[36] /home/travis/build/icyphy/ptII/ptolemy/domains/de/test/auto/Modal1.xml (RunModel)" time="0.027" />
  <testcase classname="ptolemy.util.test.junit.AutoTests" name="[37] /home/travis/build/icyphy/ptII/ptolemy/domains/de/test/auto/Modal2.xml (RunModel)" time="0.032" />
  <testcase classname="ptolemy.util.test.junit.AutoTests" name="[38] /home/travis/build/icyphy/ptII/ptolemy/domains/de/test/auto/Modal3.xml (RunModel)" time="0.026" />
  <testcase classname="ptolemy.util.test.junit.AutoTests" name="[39] /home/travis/build/icyphy/ptII/ptolemy/domains/de/test/auto/Modal4.xml (RunModel)" time="0.034" />
  <testcase classname="ptolemy.util.test.junit.AutoTests" name="[40] /home/travis/build/icyphy/ptII/ptolemy/domains/de/test/auto/Modal5.xml (RunModel)" time="0.036" />
  <testcase classname="ptolemy.util.test.junit.AutoTests" name="[41] /home/travis/build/icyphy/ptII/ptolemy/domains/de/test/auto/Modal6.xml (RunModel)" time="0.029" />
  <testcase classname="ptolemy.util.test.junit.AutoTests" name="[42] /home/travis/build/icyphy/ptII/ptolemy/domains/de/test/auto/Modal7.xml (RunModel)" time="0.031" />
  <testcase classname="ptolemy.util.test.junit.AutoTests" name="[43] /home/travis/build/icyphy/ptII/ptolemy/domains/de/test/auto/ModalModel.xml (RunModel)" time="0.187" />
  <testcase classname="ptolemy.util.test.junit.AutoTests" name="[44] /home/travis/build/icyphy/ptII/ptolemy/domains/de/test/auto/ModalSource.xml (RunModel)" time="0.024" />
  <testcase classname="ptolemy.util.test.junit.AutoTests" name="[45] /home/travis/build/icyphy/ptII/ptolemy/domains/de/test/auto/NonInterruptibleTimerZeroDelay.xml (RunModel)" time="0.01" />
  <testcase classname="ptolemy.util.test.junit.AutoTests" name="[46] /home/travis/build/icyphy/ptII/ptolemy/domains/de/test/auto/OpenQueueingNetwork.xml (RunModel)" time="2.195" />
  <testcase classname="ptolemy.util.test.junit.AutoTests" name="[47] /home/travis/build/icyphy/ptII/ptolemy/domains/de/test/auto/OpenQueuingNetwork.xml (RunModel)" time="0.269" />
  <testcase classname="ptolemy.util.test.junit.AutoTests" name="[48] /home/travis/build/icyphy/ptII/ptolemy/domains/de/test/auto/PeriodicSampler.xml (RunModel)" time="0.009" />
  <testcase classname="ptolemy.util.test.junit.AutoTests" name="[49] /home/travis/build/icyphy/ptII/ptolemy/domains/de/test/auto/PersistentIO.xml (RunModel)" time="0.022" />
  <testcase classname="ptolemy.util.test.junit.AutoTests" name="[50] /home/travis/build/icyphy/ptII/ptolemy/domains/de/test/auto/PortParameterResetOnInitialize.xml (RunModel)" time="0.01" />
  <testcase classname="ptolemy.util.test.junit.AutoTests" name="[51] /home/travis/build/icyphy/ptII/ptolemy/domains/de/test/auto/PortParameterUpdates.xml (RunModel)" time="0.018" />
  <testcase classname="ptolemy.util.test.junit.AutoTests" name="[52] /home/travis/build/icyphy/ptII/ptolemy/domains/de/test/auto/QueueAndServer.xml (RunModel)" time="0.026" />
  <testcase classname="ptolemy.util.test.junit.AutoTests" name="[53] /home/travis/build/icyphy/ptII/ptolemy/domains/de/test/auto/Records.xml (RunModel)" time="0.018" />
  <testcase classname="ptolemy.util.test.junit.AutoTests" name="[54] /home/travis/build/icyphy/ptII/ptolemy/domains/de/test/auto/ResetTransitionWithStartTime1.xml (RunModel)" time="0.026" />
  <testcase classname="ptolemy.util.test.junit.AutoTests" name="[55] /home/travis/build/icyphy/ptII/ptolemy/domains/de/test/auto/ResetTransitionWithStartTime2.xml (RunModel)" time="0.024" />
  <testcase classname="ptolemy.util.test.junit.AutoTests" name="[56] /home/travis/build/icyphy/ptII/ptolemy/domains/de/test/auto/ResetTransitionWithStartTime3.xml (RunModel)" time="0.024" />
  <testcase classname="ptolemy.util.test.junit.AutoTests" name="[57] /home/travis/build/icyphy/ptII/ptolemy/domains/de/test/auto/ResetTransitionWithStartTime4.xml (RunModel)" time="0.019" />
  <testcase classname="ptolemy.util.test.junit.AutoTests" name="[58] /home/travis/build/icyphy/ptII/ptolemy/domains/de/test/auto/ResettableTimer1.xml (RunModel)" time="0.012" />
  <testcase classname="ptolemy.util.test.junit.AutoTests" name="[59] /home/travis/build/icyphy/ptII/ptolemy/domains/de/test/auto/ResettableTimer2.xml (RunModel)" time="0.014" />
  <testcase classname="ptolemy.util.test.junit.AutoTests" name="[60] /home/travis/build/icyphy/ptII/ptolemy/domains/de/test/auto/ResettableTimer3.xml (RunModel)" time="0.012" />
  <testcase classname="ptolemy.util.test.junit.AutoTests" name="[61] /home/travis/build/icyphy/ptII/ptolemy/domains/de/test/auto/ResettableTimer4.xml (RunModel)" time="0.012" />
  <testcase classname="ptolemy.util.test.junit.AutoTests" name="[62] /home/travis/build/icyphy/ptII/ptolemy/domains/de/test/auto/ResettableTimer5.xml (RunModel)" time="0.011" />
  <testcase classname="ptolemy.util.test.junit.AutoTests" name="[63] /home/travis/build/icyphy/ptII/ptolemy/domains/de/test/auto/ResettableTimer6.xml (RunModel)" time="0.019" />
  <testcase classname="ptolemy.util.test.junit.AutoTests" name="[64] /home/travis/build/icyphy/ptII/ptolemy/domains/de/test/auto/ServerZeroDelay.xml (RunModel)" time="0.013" />
  <testcase classname="ptolemy.util.test.junit.AutoTests" name="[65] /home/travis/build/icyphy/ptII/ptolemy/domains/de/test/auto/SmartSender.xml (RunModel)" time="3.012" />
  <testcase classname="ptolemy.util.test.junit.AutoTests" name="[66] /home/travis/build/icyphy/ptII/ptolemy/domains/de/test/auto/ThreadedComposite.xml (RunModel)" time="0.127" />
  <testcase classname="ptolemy.util.test.junit.AutoTests" name="[67] /home/travis/build/icyphy/ptII/ptolemy/domains/de/test/auto/Time.xml (RunModel)" time="0.363" />
  <testcase classname="ptolemy.util.test.junit.AutoTests" name="[68] /home/travis/build/icyphy/ptII/ptolemy/domains/de/test/auto/TimeDelayZeroDelay.xml (RunModel)" time="0.011" />
  <testcase classname="ptolemy.util.test.junit.AutoTests" name="[69] /home/travis/build/icyphy/ptII/ptolemy/domains/de/test/auto/TimerZeroDelay.xml (RunModel)" time="0.011" />
  <testcase classname="ptolemy.util.test.junit.AutoTests" name="[70] /home/travis/build/icyphy/ptII/ptolemy/domains/de/test/auto/TimingParadox.xml (RunModel)" time="0.299" />
  <testcase classname="ptolemy.util.test.junit.AutoTests" name="[71] /home/travis/build/icyphy/ptII/ptolemy/domains/de/test/auto/TransferInputs.xml (RunModel)" time="0.01" />
  <testcase classname="ptolemy.util.test.junit.AutoTests" name="[72] /home/travis/build/icyphy/ptII/ptolemy/domains/de/test/auto/TransferOutputs2.xml (RunModel)" time="0.016" />
  <testcase classname="ptolemy.util.test.junit.AutoTests" name="[73] /home/travis/build/icyphy/ptII/ptolemy/domains/de/test/auto/Trilateration.xml (RunModel)" time="10.95" />
  <testcase classname="ptolemy.util.test.junit.AutoTests" name="[74] /home/travis/build/icyphy/ptII/ptolemy/domains/de/test/auto/TwoSigmaDelta.xml (RunModel)" time="2.033" />
  <testcase classname="ptolemy.util.test.junit.AutoTests" name="[75] /home/travis/build/icyphy/ptII/ptolemy/domains/de/test/auto/VariableDelay.xml (RunModel)" time="0.016" />
  <testcase classname="ptolemy.util.test.junit.AutoTests" name="[76] /home/travis/build/icyphy/ptII/ptolemy/domains/de/test/auto/VariableDelay2.xml (RunModel)" time="0.014" />
  <testcase classname="ptolemy.util.test.junit.AutoTests" name="[77] /home/travis/build/icyphy/ptII/ptolemy/domains/de/test/auto/VariableDelayZeroDelay.xml (RunModel)" time="0.018" />
  <testcase classname="ptolemy.util.test.junit.AutoTests" name="[78] /home/travis/build/icyphy/ptII/ptolemy/domains/de/test/auto/VariableDelayZeroDelay2.xml (RunModel)" time="0.015" />
  <testcase classname="ptolemy.util.test.junit.AutoTests" name="[79] /home/travis/build/icyphy/ptII/ptolemy/domains/de/test/auto/deInCt.xml (RunModel)" time="0.013" />
  <testcase classname="ptolemy.util.test.junit.AutoTests" name="[80] /home/travis/build/icyphy/ptII/ptolemy/domains/de/test/auto/deInCt2.xml (RunModel)" time="0.013" />
  <testcase classname="ptolemy.util.test.junit.AutoTests" name="[81] /home/travis/build/icyphy/ptII/ptolemy/domains/de/test/auto/dynamicCausalityInterface1.xml (RunModel)" time="0.019" />
  <testcase classname="ptolemy.util.test.junit.AutoTests" name="[82] /home/travis/build/icyphy/ptII/ptolemy/domains/de/test/auto/fsm_de_test.xml (RunModel)" time="0.024" />
  <testcase classname="ptolemy.util.test.junit.AutoTests" name="[83] /home/travis/build/icyphy/ptII/ptolemy/domains/de/test/auto/functionDependencyReconstruction.xml (RunModel)" time="0.061" />
  <testcase classname="ptolemy.util.test.junit.AutoTests" name="[84] /home/travis/build/icyphy/ptII/ptolemy/domains/de/test/auto/multirate.xml (RunModel)" time="0.02" />
  <testcase classname="ptolemy.util.test.junit.AutoTests" name="[85] /home/travis/build/icyphy/ptII/ptolemy/domains/de/test/auto/multirate2.xml (RunModel)" time="0.022" />
  <testcase classname="ptolemy.util.test.junit.AutoTests" name="[86] /home/travis/build/icyphy/ptII/ptolemy/domains/de/test/auto/realtime.xml (RunModel)" time="10.018" />
  <testcase classname="ptolemy.util.test.junit.AutoTests" name="[87] /home/travis/build/icyphy/ptII/ptolemy/domains/de/test/auto/relationGroup.xml (RunModel)" time="0.008" />
  <testcase classname="ptolemy.util.test.junit.AutoTests" name="[88] /home/travis/build/icyphy/ptII/ptolemy/domains/de/test/auto/relationGroup2.xml (RunModel)" time="0.006" />
  <testcase classname="ptolemy.util.test.junit.AutoTests" name="[89] /home/travis/build/icyphy/ptII/ptolemy/domains/de/test/auto/sortWithOpaquePorts.xml (RunModel)" time="0.009" />
  <testcase classname="ptolemy.util.test.junit.AutoTests" name="[90] /home/travis/build/icyphy/ptII/ptolemy/domains/de/test/auto/transferInputsandOutputs.xml (RunModel)" time="0.016" />
  <testcase classname="ptolemy.util.test.junit.AutoTests" name="[91] /home/travis/build/icyphy/ptII/ptolemy/domains/de/test/auto/triggerType.xml (RunModel)" time="0.006" />
  <system-out><![CDATA[/home/travis/build/icyphy/ptII/ptolemy/domains/de/test/DependencyLoop.tcl
testDefs.tcl: setting time out to 9000 seconds at Tue Dec 24 16:21:39 UTC 2019
74 ms. Memory: 129024K Free: 80325K (62%)
21 ms. Memory: 129024K Free: 62902K (49%)
/home/travis/build/icyphy/ptII/ptolemy/domains/de/test/RunDETestsAsQSS.tcl
Run the DE tests using ptolemy.domains.qss.test.QSSDirectorTest, which extends QSSDirector and prints a message in the constructors.
------------------ testing $PTII/ptolemy/domains/de/test/auto/knownFailedTests/DirectFeedback.xml (Known Failure) 
61 ms. Memory: 129024K Free: 56773K (44%)


==== $PTIIhome/travis/build/icyphy/ptII/ptolemy/domains/de/test/../../../../: Auto Automatic test in file $PTII/ptolemy/domains/de/test/auto/knownFailedTests/DirectFeedback.xml
==== Contents of test case:

	    # FIXME: we should use $relativeFilename here, but it
	    # might have backslashes under Windows, which causes no end
	    # of trouble.
	    createAndExecute $file
	    list {}
	
.... Test generated KNOWN error:
    while executing
ptolemy.kernel.util.IllegalActionException: Test fails in iteration 1.
Value was: 1.0. Should have been: 2.0
  in .DirectFeedback.Test
	at ptolemy.actor.lib.Test.fire(Test.java:268)
	at ptolemy.domains.de.kernel.DEDirector._fire(DEDirector.java:1949)
	at ptolemy.domains.de.kernel.DEDirector.fire(DEDirector.java:502)
	at ptolemy.actor.CompositeActor.fire(CompositeActor.java:455)
	at ptolemy.actor.Manager.iterate(Manager.java:851)
	at ptolemy.actor.Manager.execute(Manager.java:369)
	at ptolemy.actor.Manager.run(Manager.java:1263)
	at ptolemy.actor.Manager$PtolemyRunThread.run(Manager.java:1933)

    while executing
ptolemy.kernel.util.IllegalActionException: Test fails in iteration 1.
Value was: 1.0. Should have been: 2.0
  in .DirectFeedback.Test
    while executing
"java::new ptolemy.moml.MoMLSimpleApplication $file
"
    (procedure "createAndExecute" line 2)
    invoked from within
"createAndExecute $file"
    ("uplevel" body line 5)
    invoked from within
"uplevel $contents_of_test"
------------------ testing $PTII/ptolemy/domains/de/test/auto/knownFailedTests/dependencyLoop.xml (Known Failure) 
11 ms. Memory: 129024K Free: 53701K (42%)


==== $PTIIhome/travis/build/icyphy/ptII/ptolemy/domains/de/test/../../../../: Auto Automatic test in file $PTII/ptolemy/domains/de/test/auto/knownFailedTests/dependencyLoop.xml
==== Contents of test case:

	    # FIXME: we should use $relativeFilename here, but it
	    # might have backslashes under Windows, which causes no end
	    # of trouble.
	    createAndExecute $file
	    list {}
	
.... Test generated KNOWN error:
    while executing
ptolemy.kernel.util.IllegalActionException: Found a zero delay loop containing .dependencyLoop.original
  in .dependencyLoop and .dependencyLoop.original
	at ptolemy.actor.util.CausalityInterfaceForComposites._computeOutputPortDepth(CausalityInterfaceForComposites.java:759)
	at ptolemy.actor.util.CausalityInterfaceForComposites._computeInputDepth(CausalityInterfaceForComposites.java:696)
	at ptolemy.actor.util.CausalityInterfaceForComposites._computeOutputPortDepth(CausalityInterfaceForComposites.java:765)
	at ptolemy.actor.util.CausalityInterfaceForComposites._computeInputDepth(CausalityInterfaceForComposites.java:696)
	at ptolemy.actor.util.CausalityInterfaceForComposites._computeOutputPortDepth(CausalityInterfaceForComposites.java:765)
	at ptolemy.actor.util.CausalityInterfaceForComposites._computeInputDepth(CausalityInterfaceForComposites.java:696)
	at ptolemy.actor.util.CausalityInterfaceForComposites._computeActorDepth(CausalityInterfaceForComposites.java:532)
	at ptolemy.actor.util.CausalityInterfaceForComposites.checkForCycles(CausalityInterfaceForComposites.java:96)
	at ptolemy.domains.de.kernel.DEDirector.preinitialize(DEDirector.java:1338)
	at ptolemy.actor.CompositeActor.preinitialize(CompositeActor.java:1828)
	at ptolemy.actor.Manager.preinitializeAndResolveTypes(Manager.java:1040)
	at ptolemy.actor.Manager.initialize(Manager.java:710)
	at ptolemy.actor.Manager.execute(Manager.java:356)
	at ptolemy.actor.Manager.run(Manager.java:1263)
	at ptolemy.actor.Manager$PtolemyRunThread.run(Manager.java:1933)

    while executing
ptolemy.kernel.util.IllegalActionException: Found a zero delay loop containing .dependencyLoop.original
  in .dependencyLoop and .dependencyLoop.original
    while executing
"java::new ptolemy.moml.MoMLSimpleApplication $file
"
    (procedure "createAndExecute" line 2)
    invoked from within
"createAndExecute $file"
    ("uplevel" body line 5)
    invoked from within
"uplevel $contents_of_test"
------------------ testing $PTII/ptolemy/domains/de/test/auto/knownFailedTests/FSMSource.xml (Known Failure) 
76 ms. Memory: 129024K Free: 111547K (86%)
!!!! Auto was marked as failing, but now passes
------------------ testing $PTII/ptolemy/domains/de/test/auto/knownFailedTests/HierarchicalModel.xml (Known Failure) 
12 ms. Memory: 129024K Free: 94131K (73%)


==== $PTIIhome/travis/build/icyphy/ptII/ptolemy/domains/de/test/../../../../: Auto Automatic test in file $PTII/ptolemy/domains/de/test/auto/knownFailedTests/HierarchicalModel.xml
==== Contents of test case:

	    # FIXME: we should use $relativeFilename here, but it
	    # might have backslashes under Windows, which causes no end
	    # of trouble.
	    createAndExecute $file
	    list {}
	
.... Test generated KNOWN error:
    while executing
ptolemy.kernel.util.IllegalActionException: Found a zero delay loop containing .HierarchicalModel.A
  in .HierarchicalModel and .HierarchicalModel.A
	at ptolemy.actor.util.CausalityInterfaceForComposites._computeOutputPortDepth(CausalityInterfaceForComposites.java:759)
	at ptolemy.actor.util.CausalityInterfaceForComposites._computeInputDepth(CausalityInterfaceForComposites.java:696)
	at ptolemy.actor.util.CausalityInterfaceForComposites._computeOutputPortDepth(CausalityInterfaceForComposites.java:765)
	at ptolemy.actor.util.CausalityInterfaceForComposites._computeInputDepth(CausalityInterfaceForComposites.java:696)
	at ptolemy.actor.util.CausalityInterfaceForComposites._computeOutputPortDepth(CausalityInterfaceForComposites.java:765)
	at ptolemy.actor.util.CausalityInterfaceForComposites._computeInputDepth(CausalityInterfaceForComposites.java:696)
	at ptolemy.actor.util.CausalityInterfaceForComposites._computeActorDepth(CausalityInterfaceForComposites.java:532)
	at ptolemy.actor.util.CausalityInterfaceForComposites.checkForCycles(CausalityInterfaceForComposites.java:96)
	at ptolemy.domains.de.kernel.DEDirector.preinitialize(DEDirector.java:1338)
	at ptolemy.actor.CompositeActor.preinitialize(CompositeActor.java:1828)
	at ptolemy.actor.Manager.preinitializeAndResolveTypes(Manager.java:1040)
	at ptolemy.actor.Manager.initialize(Manager.java:710)
	at ptolemy.actor.Manager.execute(Manager.java:356)
	at ptolemy.actor.Manager.run(Manager.java:1263)
	at ptolemy.actor.Manager$PtolemyRunThread.run(Manager.java:1933)

    while executing
ptolemy.kernel.util.IllegalActionException: Found a zero delay loop containing .HierarchicalModel.A
  in .HierarchicalModel and .HierarchicalModel.A
    while executing
"java::new ptolemy.moml.MoMLSimpleApplication $file
"
    (procedure "createAndExecute" line 2)
    invoked from within
"createAndExecute $file"
    ("uplevel" body line 5)
    invoked from within
"uplevel $contents_of_test"
------------------ testing $PTII/ptolemy/domains/de/test/auto/knownFailedTests/dependencyLoop2.xml (Known Failure) 
5 ms. Memory: 129024K Free: 78244K (61%)


==== $PTIIhome/travis/build/icyphy/ptII/ptolemy/domains/de/test/../../../../: Auto Automatic test in file $PTII/ptolemy/domains/de/test/auto/knownFailedTests/dependencyLoop2.xml
==== Contents of test case:

	    # FIXME: we should use $relativeFilename here, but it
	    # might have backslashes under Windows, which causes no end
	    # of trouble.
	    createAndExecute $file
	    list {}
	
.... Test generated KNOWN error:
    while executing
ptolemy.kernel.util.IllegalActionException: Found a zero delay loop containing .dependencyLoop2.original
  in .dependencyLoop2 and .dependencyLoop2.original
	at ptolemy.actor.util.CausalityInterfaceForComposites._computeOutputPortDepth(CausalityInterfaceForComposites.java:759)
	at ptolemy.actor.util.CausalityInterfaceForComposites._computeInputDepth(CausalityInterfaceForComposites.java:696)
	at ptolemy.actor.util.CausalityInterfaceForComposites._computeOutputPortDepth(CausalityInterfaceForComposites.java:765)
	at ptolemy.actor.util.CausalityInterfaceForComposites._computeInputDepth(CausalityInterfaceForComposites.java:696)
	at ptolemy.actor.util.CausalityInterfaceForComposites._computeOutputPortDepth(CausalityInterfaceForComposites.java:765)
	at ptolemy.actor.util.CausalityInterfaceForComposites._computeInputDepth(CausalityInterfaceForComposites.java:696)
	at ptolemy.actor.util.CausalityInterfaceForComposites._computeActorDepth(CausalityInterfaceForComposites.java:532)
	at ptolemy.actor.util.CausalityInterfaceForComposites.checkForCycles(CausalityInterfaceForComposites.java:96)
	at ptolemy.domains.de.kernel.DEDirector.preinitialize(DEDirector.java:1338)
	at ptolemy.actor.CompositeActor.preinitialize(CompositeActor.java:1828)
	at ptolemy.actor.Manager.preinitializeAndResolveTypes(Manager.java:1040)
	at ptolemy.actor.Manager.initialize(Manager.java:710)
	at ptolemy.actor.Manager.execute(Manager.java:356)
	at ptolemy.actor.Manager.run(Manager.java:1263)
	at ptolemy.actor.Manager$PtolemyRunThread.run(Manager.java:1933)

    while executing
ptolemy.kernel.util.IllegalActionException: Found a zero delay loop containing .dependencyLoop2.original
  in .dependencyLoop2 and .dependencyLoop2.original
    while executing
"java::new ptolemy.moml.MoMLSimpleApplication $file
"
    (procedure "createAndExecute" line 2)
    invoked from within
"createAndExecute $file"
    ("uplevel" body line 5)
    invoked from within
"uplevel $contents_of_test"
------------------ testing $PTII/ptolemy/domains/de/test/auto/knownFailedTests/DESDFClockTest.xml (Known Failure) 
2063 ms. Memory: 129024K Free: 109363K (85%)


==== $PTIIhome/travis/build/icyphy/ptII/ptolemy/domains/de/test/../../../../: Auto Automatic test in file $PTII/ptolemy/domains/de/test/auto/knownFailedTests/DESDFClockTest.xml
==== Contents of test case:

	    # FIXME: we should use $relativeFilename here, but it
	    # might have backslashes under Windows, which causes no end
	    # of trouble.
	    createAndExecute $file
	    list {}
	
.... Test generated KNOWN error:
    while executing
ptolemy.kernel.util.IllegalActionException: Actor is not ready to fire.  Perhaps UpSample.prefire() returned false? Try debugging the actor by selecting "Listen to Actor".  Also, for SDF check moml for tokenConsumptionRate on input.
  in .DESDFClockTest.Play Bell.Copy1:SDF Director and .DESDFClockTest.Play Bell.UpSample
	at ptolemy.actor.sched.StaticSchedulingDirector.fire(StaticSchedulingDirector.java:227)
	at ptolemy.domains.sdf.kernel.SDFDirector.fire(SDFDirector.java:500)
	at ptolemy.actor.CompositeActor.fire(CompositeActor.java:455)
	at ptolemy.domains.de.kernel.DEDirector._fire(DEDirector.java:1949)
	at ptolemy.domains.de.kernel.DEDirector.fire(DEDirector.java:502)
	at ptolemy.actor.CompositeActor.fire(CompositeActor.java:455)
	at ptolemy.actor.Manager.iterate(Manager.java:851)
	at ptolemy.actor.Manager.execute(Manager.java:369)
	at ptolemy.actor.Manager.run(Manager.java:1263)
	at ptolemy.actor.Manager$PtolemyRunThread.run(Manager.java:1933)

    while executing
ptolemy.kernel.util.IllegalActionException: Actor is not ready to fire.  Perhaps UpSample.prefire() returned false? Try debugging the actor by selecting "Listen to Actor".  Also, for SDF check moml for tokenConsumptionRate on input.
  in .DESDFClockTest.Play Bell.Copy1:SDF Director and .DESDFClockTest.Play Bell.UpSample
    while executing
"java::new ptolemy.moml.MoMLSimpleApplication $file
"
    (procedure "createAndExecute" line 2)
    invoked from within
"createAndExecute $file"
    ("uplevel" body line 5)
    invoked from within
"uplevel $contents_of_test"
------------------ testing $PTII/ptolemy/domains/de/test/auto/ActorDepthCalculation_actorWithoutPorts.xml
auto.tcl: Setting watchdog for 200 seconds at Tue Dec 24 16:21:43 UTC 2019
4 ms. Memory: 129024K Free: 101667K (79%)
ptolemy.util.test.WatchDog.cancel(): canceling Tue Dec 24 16:21:43 UTC 2019
auto.tcl: Setting watchdog for 200 seconds at Tue Dec 24 16:21:43 UTC 2019
9 ms. Memory: 129024K Free: 100147K (78%)
ptolemy.util.test.WatchDog.cancel(): canceling Tue Dec 24 16:21:43 UTC 2019
------------------ testing $PTII/ptolemy/domains/de/test/auto/AssemblyLine.xml
auto.tcl: Setting watchdog for 200 seconds at Tue Dec 24 16:21:44 UTC 2019
9 ms. Memory: 48128K Free: 26013K (54%)
ptolemy.util.test.WatchDog.cancel(): canceling Tue Dec 24 16:21:44 UTC 2019
auto.tcl: Setting watchdog for 200 seconds at Tue Dec 24 16:21:44 UTC 2019
11 ms. Memory: 48128K Free: 25318K (53%)
ptolemy.util.test.WatchDog.cancel(): canceling Tue Dec 24 16:21:44 UTC 2019
------------------ testing $PTII/ptolemy/domains/de/test/auto/CQBug1.xml
auto.tcl: Setting watchdog for 200 seconds at Tue Dec 24 16:21:44 UTC 2019
13 ms. Memory: 48128K Free: 31476K (65%)
ptolemy.util.test.WatchDog.cancel(): canceling Tue Dec 24 16:21:44 UTC 2019
auto.tcl: Setting watchdog for 200 seconds at Tue Dec 24 16:21:44 UTC 2019
3 ms. Memory: 48128K Free: 31036K (64%)
ptolemy.util.test.WatchDog.cancel(): canceling Tue Dec 24 16:21:44 UTC 2019
------------------ testing $PTII/ptolemy/domains/de/test/auto/CancelFireAt.xml
auto.tcl: Setting watchdog for 200 seconds at Tue Dec 24 16:21:44 UTC 2019
7 ms. Memory: 45056K Free: 29685K (66%)
ptolemy.util.test.WatchDog.cancel(): canceling Tue Dec 24 16:21:44 UTC 2019
auto.tcl: Setting watchdog for 200 seconds at Tue Dec 24 16:21:44 UTC 2019
2 ms. Memory: 45056K Free: 29273K (65%)
ptolemy.util.test.WatchDog.cancel(): canceling Tue Dec 24 16:21:44 UTC 2019
------------------ testing $PTII/ptolemy/domains/de/test/auto/CausalityAndComposabilityAnalysis.xml
auto.tcl: Setting watchdog for 200 seconds at Tue Dec 24 16:21:44 UTC 2019
22 ms. Memory: 45056K Free: 27324K (61%)
ptolemy.util.test.WatchDog.cancel(): canceling Tue Dec 24 16:21:44 UTC 2019
auto.tcl: Setting watchdog for 200 seconds at Tue Dec 24 16:21:44 UTC 2019
5 ms. Memory: 45056K Free: 26945K (60%)
ptolemy.util.test.WatchDog.cancel(): canceling Tue Dec 24 16:21:44 UTC 2019
------------------ testing $PTII/ptolemy/domains/de/test/auto/CausalityInterface1.xml
auto.tcl: Setting watchdog for 200 seconds at Tue Dec 24 16:21:44 UTC 2019
16 ms. Memory: 45056K Free: 26285K (58%)
ptolemy.util.test.WatchDog.cancel(): canceling Tue Dec 24 16:21:44 UTC 2019
auto.tcl: Setting watchdog for 200 seconds at Tue Dec 24 16:21:44 UTC 2019
5 ms. Memory: 45056K Free: 25421K (56%)
ptolemy.util.test.WatchDog.cancel(): canceling Tue Dec 24 16:21:44 UTC 2019
------------------ testing $PTII/ptolemy/domains/de/test/auto/CausalityInterface15.xml
auto.tcl: Setting watchdog for 200 seconds at Tue Dec 24 16:21:44 UTC 2019
8 ms. Memory: 45056K Free: 26009K (58%)
ptolemy.util.test.WatchDog.cancel(): canceling Tue Dec 24 16:21:44 UTC 2019
auto.tcl: Setting watchdog for 200 seconds at Tue Dec 24 16:21:44 UTC 2019
6 ms. Memory: 45056K Free: 25371K (56%)
ptolemy.util.test.WatchDog.cancel(): canceling Tue Dec 24 16:21:44 UTC 2019
------------------ testing $PTII/ptolemy/domains/de/test/auto/CausalityInterface2.xml
auto.tcl: Setting watchdog for 200 seconds at Tue Dec 24 16:21:44 UTC 2019
4 ms. Memory: 45056K Free: 27104K (60%)
ptolemy.util.test.WatchDog.cancel(): canceling Tue Dec 24 16:21:44 UTC 2019
auto.tcl: Setting watchdog for 200 seconds at Tue Dec 24 16:21:44 UTC 2019
3 ms. Memory: 45056K Free: 26381K (59%)
ptolemy.util.test.WatchDog.cancel(): canceling Tue Dec 24 16:21:44 UTC 2019
------------------ testing $PTII/ptolemy/domains/de/test/auto/CausalityInterface3.xml
auto.tcl: Setting watchdog for 200 seconds at Tue Dec 24 16:21:44 UTC 2019
11 ms. Memory: 45056K Free: 26464K (59%)
ptolemy.util.test.WatchDog.cancel(): canceling Tue Dec 24 16:21:44 UTC 2019
auto.tcl: Setting watchdog for 200 seconds at Tue Dec 24 16:21:44 UTC 2019
6 ms. Memory: 45056K Free: 26035K (58%)
ptolemy.util.test.WatchDog.cancel(): canceling Tue Dec 24 16:21:44 UTC 2019
------------------ testing $PTII/ptolemy/domains/de/test/auto/ClockDrift.xml
auto.tcl: Setting watchdog for 200 seconds at Tue Dec 24 16:21:45 UTC 2019
109 ms. Memory: 45056K Free: 19174K (43%)
ptolemy.util.test.WatchDog.cancel(): canceling Tue Dec 24 16:21:45 UTC 2019
auto.tcl: Setting watchdog for 200 seconds at Tue Dec 24 16:21:45 UTC 2019
60 ms. Memory: 45056K Free: 16154K (36%)
ptolemy.util.test.WatchDog.cancel(): canceling Tue Dec 24 16:21:45 UTC 2019
------------------ testing $PTII/ptolemy/domains/de/test/auto/ClockDriftAndValueChange.xml
auto.tcl: Setting watchdog for 200 seconds at Tue Dec 24 16:21:45 UTC 2019
27 ms. Memory: 45056K Free: 19230K (43%)
ptolemy.util.test.WatchDog.cancel(): canceling Tue Dec 24 16:21:45 UTC 2019
auto.tcl: Setting watchdog for 200 seconds at Tue Dec 24 16:21:45 UTC 2019
16 ms. Memory: 45056K Free: 16375K (36%)
ptolemy.util.test.WatchDog.cancel(): canceling Tue Dec 24 16:21:45 UTC 2019
------------------ testing $PTII/ptolemy/domains/de/test/auto/ClockDriftChange.xml
auto.tcl: Setting watchdog for 200 seconds at Tue Dec 24 16:21:45 UTC 2019
14 ms. Memory: 45056K Free: 21284K (47%)
ptolemy.util.test.WatchDog.cancel(): canceling Tue Dec 24 16:21:45 UTC 2019
auto.tcl: Setting watchdog for 200 seconds at Tue Dec 24 16:21:45 UTC 2019
15 ms. Memory: 45056K Free: 18442K (41%)
ptolemy.util.test.WatchDog.cancel(): canceling Tue Dec 24 16:21:45 UTC 2019
------------------ testing $PTII/ptolemy/domains/de/test/auto/ComposableCausalityAnalysis.xml
auto.tcl: Setting watchdog for 200 seconds at Tue Dec 24 16:21:45 UTC 2019
2 ms. Memory: 45056K Free: 25844K (57%)
ptolemy.util.test.WatchDog.cancel(): canceling Tue Dec 24 16:21:45 UTC 2019
auto.tcl: Setting watchdog for 200 seconds at Tue Dec 24 16:21:45 UTC 2019
5 ms. Memory: 45056K Free: 24602K (55%)
ptolemy.util.test.WatchDog.cancel(): canceling Tue Dec 24 16:21:45 UTC 2019
------------------ testing $PTII/ptolemy/domains/de/test/auto/DEFixedPointLimitation.xml
auto.tcl: Setting watchdog for 200 seconds at Tue Dec 24 16:21:45 UTC 2019
8 ms. Memory: 45056K Free: 27259K (61%)
ptolemy.util.test.WatchDog.cancel(): canceling Tue Dec 24 16:21:45 UTC 2019
auto.tcl: Setting watchdog for 200 seconds at Tue Dec 24 16:21:45 UTC 2019
2 ms. Memory: 45056K Free: 26360K (59%)
ptolemy.util.test.WatchDog.cancel(): canceling Tue Dec 24 16:21:45 UTC 2019
------------------ testing $PTII/ptolemy/domains/de/test/auto/DEScheduleTest.xml
auto.tcl: Setting watchdog for 200 seconds at Tue Dec 24 16:21:45 UTC 2019
8 ms. Memory: 45056K Free: 27501K (61%)
ptolemy.util.test.WatchDog.cancel(): canceling Tue Dec 24 16:21:45 UTC 2019
auto.tcl: Setting watchdog for 200 seconds at Tue Dec 24 16:21:45 UTC 2019
3 ms. Memory: 45056K Free: 26779K (59%)
ptolemy.util.test.WatchDog.cancel(): canceling Tue Dec 24 16:21:45 UTC 2019
------------------ testing $PTII/ptolemy/domains/de/test/auto/DEinDEwithStartTimes.xml
auto.tcl: Setting watchdog for 200 seconds at Tue Dec 24 16:21:45 UTC 2019
6 ms. Memory: 45056K Free: 25719K (57%)
ptolemy.util.test.WatchDog.cancel(): canceling Tue Dec 24 16:21:45 UTC 2019
auto.tcl: Setting watchdog for 200 seconds at Tue Dec 24 16:21:45 UTC 2019
5 ms. Memory: 45056K Free: 24667K (55%)
ptolemy.util.test.WatchDog.cancel(): canceling Tue Dec 24 16:21:45 UTC 2019
------------------ testing $PTII/ptolemy/domains/de/test/auto/DEinDEwithStartTimes2.xml
auto.tcl: Setting watchdog for 200 seconds at Tue Dec 24 16:21:45 UTC 2019
7 ms. Memory: 45056K Free: 25001K (55%)
ptolemy.util.test.WatchDog.cancel(): canceling Tue Dec 24 16:21:45 UTC 2019
auto.tcl: Setting watchdog for 200 seconds at Tue Dec 24 16:21:45 UTC 2019
8 ms. Memory: 45056K Free: 23622K (52%)
ptolemy.util.test.WatchDog.cancel(): canceling Tue Dec 24 16:21:45 UTC 2019
------------------ testing $PTII/ptolemy/domains/de/test/auto/DateDemo.xml
auto.tcl: Setting watchdog for 200 seconds at Tue Dec 24 16:21:45 UTC 2019
25 ms. Memory: 45056K Free: 19286K (43%)
ptolemy.util.test.WatchDog.cancel(): canceling Tue Dec 24 16:21:46 UTC 2019
auto.tcl: Setting watchdog for 200 seconds at Tue Dec 24 16:21:46 UTC 2019
11 ms. Memory: 45056K Free: 17754K (39%)
ptolemy.util.test.WatchDog.cancel(): canceling Tue Dec 24 16:21:46 UTC 2019
------------------ testing $PTII/ptolemy/domains/de/test/auto/DateToEvent.xml
auto.tcl: Setting watchdog for 200 seconds at Tue Dec 24 16:21:46 UTC 2019
2019 ms. Memory: 45056K Free: 15186K (34%)
ptolemy.util.test.WatchDog.cancel(): canceling Tue Dec 24 16:21:48 UTC 2019
auto.tcl: Setting watchdog for 200 seconds at Tue Dec 24 16:21:48 UTC 2019
2005 ms. Memory: 45056K Free: 14513K (32%)
ptolemy.util.test.WatchDog.cancel(): canceling Tue Dec 24 16:21:50 UTC 2019
------------------ testing $PTII/ptolemy/domains/de/test/auto/DepthTest1.xml
auto.tcl: Setting watchdog for 200 seconds at Tue Dec 24 16:21:50 UTC 2019
6 ms. Memory: 45056K Free: 28333K (63%)
ptolemy.util.test.WatchDog.cancel(): canceling Tue Dec 24 16:21:50 UTC 2019
auto.tcl: Setting watchdog for 200 seconds at Tue Dec 24 16:21:50 UTC 2019
1 ms. Memory: 45056K Free: 27947K (62%)
ptolemy.util.test.WatchDog.cancel(): canceling Tue Dec 24 16:21:50 UTC 2019
------------------ testing $PTII/ptolemy/domains/de/test/auto/DepthTest2.xml
auto.tcl: Setting watchdog for 200 seconds at Tue Dec 24 16:21:50 UTC 2019
5 ms. Memory: 45056K Free: 25134K (56%)
ptolemy.util.test.WatchDog.cancel(): canceling Tue Dec 24 16:21:50 UTC 2019
auto.tcl: Setting watchdog for 200 seconds at Tue Dec 24 16:21:50 UTC 2019
3 ms. Memory: 45056K Free: 24730K (55%)
ptolemy.util.test.WatchDog.cancel(): canceling Tue Dec 24 16:21:50 UTC 2019
------------------ testing $PTII/ptolemy/domains/de/test/auto/DepthTest3.xml
auto.tcl: Setting watchdog for 200 seconds at Tue Dec 24 16:21:50 UTC 2019
3 ms. Memory: 45056K Free: 28810K (64%)
ptolemy.util.test.WatchDog.cancel(): canceling Tue Dec 24 16:21:50 UTC 2019
auto.tcl: Setting watchdog for 200 seconds at Tue Dec 24 16:21:50 UTC 2019
2 ms. Memory: 45056K Free: 28274K (63%)
ptolemy.util.test.WatchDog.cancel(): canceling Tue Dec 24 16:21:50 UTC 2019
------------------ testing $PTII/ptolemy/domains/de/test/auto/DepthTest4.xml
auto.tcl: Setting watchdog for 200 seconds at Tue Dec 24 16:21:50 UTC 2019
3 ms. Memory: 45056K Free: 27073K (60%)
ptolemy.util.test.WatchDog.cancel(): canceling Tue Dec 24 16:21:50 UTC 2019
auto.tcl: Setting watchdog for 200 seconds at Tue Dec 24 16:21:50 UTC 2019
3 ms. Memory: 45056K Free: 26312K (58%)
ptolemy.util.test.WatchDog.cancel(): canceling Tue Dec 24 16:21:50 UTC 2019
------------------ testing $PTII/ptolemy/domains/de/test/auto/DepthTest5.xml
auto.tcl: Setting watchdog for 200 seconds at Tue Dec 24 16:21:50 UTC 2019
5 ms. Memory: 45056K Free: 26162K (58%)
ptolemy.util.test.WatchDog.cancel(): canceling Tue Dec 24 16:21:50 UTC 2019
auto.tcl: Setting watchdog for 200 seconds at Tue Dec 24 16:21:50 UTC 2019
3 ms. Memory: 45056K Free: 25790K (57%)
ptolemy.util.test.WatchDog.cancel(): canceling Tue Dec 24 16:21:50 UTC 2019
------------------ testing $PTII/ptolemy/domains/de/test/auto/DepthTest6.xml
auto.tcl: Setting watchdog for 200 seconds at Tue Dec 24 16:21:50 UTC 2019
3 ms. Memory: 45056K Free: 26116K (58%)
ptolemy.util.test.WatchDog.cancel(): canceling Tue Dec 24 16:21:50 UTC 2019
auto.tcl: Setting watchdog for 200 seconds at Tue Dec 24 16:21:50 UTC 2019
2 ms. Memory: 45056K Free: 25602K (57%)
ptolemy.util.test.WatchDog.cancel(): canceling Tue Dec 24 16:21:50 UTC 2019
------------------ testing $PTII/ptolemy/domains/de/test/auto/DepthTest7.xml
auto.tcl: Setting watchdog for 200 seconds at Tue Dec 24 16:21:50 UTC 2019
3 ms. Memory: 45056K Free: 26952K (60%)
ptolemy.util.test.WatchDog.cancel(): canceling Tue Dec 24 16:21:50 UTC 2019
auto.tcl: Setting watchdog for 200 seconds at Tue Dec 24 16:21:50 UTC 2019
2 ms. Memory: 45056K Free: 26219K (58%)
ptolemy.util.test.WatchDog.cancel(): canceling Tue Dec 24 16:21:50 UTC 2019
------------------ testing $PTII/ptolemy/domains/de/test/auto/EventToDate.xml
auto.tcl: Setting watchdog for 200 seconds at Tue Dec 24 16:21:50 UTC 2019
3008 ms. Memory: 45056K Free: 17750K (39%)
ptolemy.util.test.WatchDog.cancel(): canceling Tue Dec 24 16:21:53 UTC 2019
auto.tcl: Setting watchdog for 200 seconds at Tue Dec 24 16:21:53 UTC 2019
3004 ms. Memory: 45056K Free: 17053K (38%)
ptolemy.util.test.WatchDog.cancel(): canceling Tue Dec 24 16:21:56 UTC 2019
------------------ testing $PTII/ptolemy/domains/de/test/auto/FSM1.xml
auto.tcl: Setting watchdog for 200 seconds at Tue Dec 24 16:21:56 UTC 2019
36 ms. Memory: 45056K Free: 18961K (42%)
ptolemy.util.test.WatchDog.cancel(): canceling Tue Dec 24 16:21:57 UTC 2019
auto.tcl: Setting watchdog for 200 seconds at Tue Dec 24 16:21:57 UTC 2019
25 ms. Memory: 45056K Free: 15705K (35%)
ptolemy.util.test.WatchDog.cancel(): canceling Tue Dec 24 16:21:57 UTC 2019
------------------ testing $PTII/ptolemy/domains/de/test/auto/FSM7.xml
auto.tcl: Setting watchdog for 200 seconds at Tue Dec 24 16:21:57 UTC 2019
18 ms. Memory: 45056K Free: 18692K (41%)
ptolemy.util.test.WatchDog.cancel(): canceling Tue Dec 24 16:21:57 UTC 2019
auto.tcl: Setting watchdog for 200 seconds at Tue Dec 24 16:21:57 UTC 2019
26 ms. Memory: 45056K Free: 15275K (34%)
ptolemy.util.test.WatchDog.cancel(): canceling Tue Dec 24 16:21:57 UTC 2019
------------------ testing $PTII/ptolemy/domains/de/test/auto/Inspection.xml
auto.tcl: Setting watchdog for 200 seconds at Tue Dec 24 16:21:57 UTC 2019
31 ms. Memory: 45056K Free: 18710K (42%)
ptolemy.util.test.WatchDog.cancel(): canceling Tue Dec 24 16:21:57 UTC 2019
auto.tcl: Setting watchdog for 200 seconds at Tue Dec 24 16:21:57 UTC 2019
33 ms. Memory: 45056K Free: 16956K (38%)
ptolemy.util.test.WatchDog.cancel(): canceling Tue Dec 24 16:21:57 UTC 2019
------------------ testing $PTII/ptolemy/domains/de/test/auto/Iteration.xml
auto.tcl: Setting watchdog for 200 seconds at Tue Dec 24 16:21:57 UTC 2019
8 ms. Memory: 45056K Free: 24436K (54%)
ptolemy.util.test.WatchDog.cancel(): canceling Tue Dec 24 16:21:57 UTC 2019
auto.tcl: Setting watchdog for 200 seconds at Tue Dec 24 16:21:57 UTC 2019
6 ms. Memory: 45056K Free: 23012K (51%)
ptolemy.util.test.WatchDog.cancel(): canceling Tue Dec 24 16:21:57 UTC 2019
------------------ testing $PTII/ptolemy/domains/de/test/auto/LineFault.xml
auto.tcl: Setting watchdog for 200 seconds at Tue Dec 24 16:21:57 UTC 2019
533 ms. Memory: 45056K Free: 25085K (56%)
ptolemy.util.test.WatchDog.cancel(): canceling Tue Dec 24 16:21:58 UTC 2019
auto.tcl: Setting watchdog for 200 seconds at Tue Dec 24 16:21:58 UTC 2019
569 ms. Memory: 54272K Free: 17148K (32%)
ptolemy.util.test.WatchDog.cancel(): canceling Tue Dec 24 16:21:58 UTC 2019
------------------ testing $PTII/ptolemy/domains/de/test/auto/MergeModel1Add.xml
auto.tcl: Setting watchdog for 200 seconds at Tue Dec 24 16:21:58 UTC 2019
34 ms. Memory: 51200K Free: 16546K (32%)
ptolemy.util.test.WatchDog.cancel(): canceling Tue Dec 24 16:21:59 UTC 2019
auto.tcl: Setting watchdog for 200 seconds at Tue Dec 24 16:21:59 UTC 2019
12 ms. Memory: 51200K Free: 14970K (29%)
ptolemy.util.test.WatchDog.cancel(): canceling Tue Dec 24 16:21:59 UTC 2019
------------------ testing $PTII/ptolemy/domains/de/test/auto/MergeModel2Add.xml
auto.tcl: Setting watchdog for 200 seconds at Tue Dec 24 16:21:59 UTC 2019
10 ms. Memory: 51200K Free: 18382K (36%)
ptolemy.util.test.WatchDog.cancel(): canceling Tue Dec 24 16:21:59 UTC 2019
auto.tcl: Setting watchdog for 200 seconds at Tue Dec 24 16:21:59 UTC 2019
10 ms. Memory: 51200K Free: 16646K (33%)
ptolemy.util.test.WatchDog.cancel(): canceling Tue Dec 24 16:21:59 UTC 2019
------------------ testing $PTII/ptolemy/domains/de/test/auto/MergeModel3Add.xml
auto.tcl: Setting watchdog for 200 seconds at Tue Dec 24 16:21:59 UTC 2019
10 ms. Memory: 48128K Free: 15567K (32%)
ptolemy.util.test.WatchDog.cancel(): canceling Tue Dec 24 16:21:59 UTC 2019
auto.tcl: Setting watchdog for 200 seconds at Tue Dec 24 16:21:59 UTC 2019
10 ms. Memory: 48128K Free: 13981K (29%)
ptolemy.util.test.WatchDog.cancel(): canceling Tue Dec 24 16:21:59 UTC 2019
------------------ testing $PTII/ptolemy/domains/de/test/auto/MergeWithoutDiscard.xml
auto.tcl: Setting watchdog for 200 seconds at Tue Dec 24 16:21:59 UTC 2019
3 ms. Memory: 48128K Free: 30051K (62%)
ptolemy.util.test.WatchDog.cancel(): canceling Tue Dec 24 16:21:59 UTC 2019
auto.tcl: Setting watchdog for 200 seconds at Tue Dec 24 16:21:59 UTC 2019
1 ms. Memory: 48128K Free: 29674K (62%)
ptolemy.util.test.WatchDog.cancel(): canceling Tue Dec 24 16:21:59 UTC 2019
------------------ testing $PTII/ptolemy/domains/de/test/auto/Modal1.xml
auto.tcl: Setting watchdog for 200 seconds at Tue Dec 24 16:21:59 UTC 2019
13 ms. Memory: 48128K Free: 22035K (46%)
ptolemy.util.test.WatchDog.cancel(): canceling Tue Dec 24 16:21:59 UTC 2019
auto.tcl: Setting watchdog for 200 seconds at Tue Dec 24 16:21:59 UTC 2019
19 ms. Memory: 48128K Free: 18589K (39%)
ptolemy.util.test.WatchDog.cancel(): canceling Tue Dec 24 16:21:59 UTC 2019
------------------ testing $PTII/ptolemy/domains/de/test/auto/Modal2.xml
auto.tcl: Setting watchdog for 200 seconds at Tue Dec 24 16:21:59 UTC 2019
11 ms. Memory: 48128K Free: 22127K (46%)
ptolemy.util.test.WatchDog.cancel(): canceling Tue Dec 24 16:21:59 UTC 2019
auto.tcl: Setting watchdog for 200 seconds at Tue Dec 24 16:21:59 UTC 2019
13 ms. Memory: 48128K Free: 18923K (39%)
ptolemy.util.test.WatchDog.cancel(): canceling Tue Dec 24 16:21:59 UTC 2019
------------------ testing $PTII/ptolemy/domains/de/test/auto/Modal3.xml
auto.tcl: Setting watchdog for 200 seconds at Tue Dec 24 16:21:59 UTC 2019
16 ms. Memory: 48128K Free: 22110K (46%)
ptolemy.util.test.WatchDog.cancel(): canceling Tue Dec 24 16:21:59 UTC 2019
auto.tcl: Setting watchdog for 200 seconds at Tue Dec 24 16:21:59 UTC 2019
13 ms. Memory: 48128K Free: 18551K (39%)
ptolemy.util.test.WatchDog.cancel(): canceling Tue Dec 24 16:21:59 UTC 2019
------------------ testing $PTII/ptolemy/domains/de/test/auto/Modal4.xml
auto.tcl: Setting watchdog for 200 seconds at Tue Dec 24 16:21:59 UTC 2019
28 ms. Memory: 48128K Free: 21083K (44%)
ptolemy.util.test.WatchDog.cancel(): canceling Tue Dec 24 16:21:59 UTC 2019
auto.tcl: Setting watchdog for 200 seconds at Tue Dec 24 16:21:59 UTC 2019
25 ms. Memory: 48128K Free: 17234K (36%)
ptolemy.util.test.WatchDog.cancel(): canceling Tue Dec 24 16:21:59 UTC 2019
------------------ testing $PTII/ptolemy/domains/de/test/auto/Modal5.xml
auto.tcl: Setting watchdog for 200 seconds at Tue Dec 24 16:21:59 UTC 2019
18 ms. Memory: 48128K Free: 21069K (44%)
ptolemy.util.test.WatchDog.cancel(): canceling Tue Dec 24 16:21:59 UTC 2019
auto.tcl: Setting watchdog for 200 seconds at Tue Dec 24 16:21:59 UTC 2019
16 ms. Memory: 48128K Free: 17229K (36%)
ptolemy.util.test.WatchDog.cancel(): canceling Tue Dec 24 16:21:59 UTC 2019
------------------ testing $PTII/ptolemy/domains/de/test/auto/Modal6.xml
auto.tcl: Setting watchdog for 200 seconds at Tue Dec 24 16:21:59 UTC 2019
12 ms. Memory: 48128K Free: 21860K (45%)
ptolemy.util.test.WatchDog.cancel(): canceling Tue Dec 24 16:22:00 UTC 2019
auto.tcl: Setting watchdog for 200 seconds at Tue Dec 24 16:22:00 UTC 2019
14 ms. Memory: 48128K Free: 17876K (37%)
ptolemy.util.test.WatchDog.cancel(): canceling Tue Dec 24 16:22:00 UTC 2019
------------------ testing $PTII/ptolemy/domains/de/test/auto/Modal7.xml
auto.tcl: Setting watchdog for 200 seconds at Tue Dec 24 16:22:00 UTC 2019
10 ms. Memory: 48128K Free: 20883K (43%)
ptolemy.util.test.WatchDog.cancel(): canceling Tue Dec 24 16:22:00 UTC 2019
auto.tcl: Setting watchdog for 200 seconds at Tue Dec 24 16:22:00 UTC 2019
9 ms. Memory: 48128K Free: 17235K (36%)
ptolemy.util.test.WatchDog.cancel(): canceling Tue Dec 24 16:22:00 UTC 2019
------------------ testing $PTII/ptolemy/domains/de/test/auto/ModalModel.xml
auto.tcl: Setting watchdog for 200 seconds at Tue Dec 24 16:22:00 UTC 2019
196 ms. Memory: 58368K Free: 38487K (66%)
ptolemy.util.test.WatchDog.cancel(): canceling Tue Dec 24 16:22:00 UTC 2019
auto.tcl: Setting watchdog for 200 seconds at Tue Dec 24 16:22:00 UTC 2019
197 ms. Memory: 58368K Free: 32783K (56%)
ptolemy.util.test.WatchDog.cancel(): canceling Tue Dec 24 16:22:00 UTC 2019
------------------ testing $PTII/ptolemy/domains/de/test/auto/ModalSource.xml
auto.tcl: Setting watchdog for 200 seconds at Tue Dec 24 16:22:00 UTC 2019
12 ms. Memory: 48128K Free: 25943K (54%)
ptolemy.util.test.WatchDog.cancel(): canceling Tue Dec 24 16:22:00 UTC 2019
auto.tcl: Setting watchdog for 200 seconds at Tue Dec 24 16:22:00 UTC 2019
7 ms. Memory: 48128K Free: 23845K (50%)
ptolemy.util.test.WatchDog.cancel(): canceling Tue Dec 24 16:22:00 UTC 2019
------------------ testing $PTII/ptolemy/domains/de/test/auto/NonInterruptibleTimerZeroDelay.xml
auto.tcl: Setting watchdog for 200 seconds at Tue Dec 24 16:22:00 UTC 2019
3 ms. Memory: 48128K Free: 30883K (64%)
ptolemy.util.test.WatchDog.cancel(): canceling Tue Dec 24 16:22:00 UTC 2019
auto.tcl: Setting watchdog for 200 seconds at Tue Dec 24 16:22:00 UTC 2019
3 ms. Memory: 48128K Free: 30164K (63%)
ptolemy.util.test.WatchDog.cancel(): canceling Tue Dec 24 16:22:00 UTC 2019
------------------ testing $PTII/ptolemy/domains/de/test/auto/OpenQueueingNetwork.xml
auto.tcl: Setting watchdog for 200 seconds at Tue Dec 24 16:22:00 UTC 2019
2876 ms. Memory: 90112K Free: 41711K (46%)
ptolemy.util.test.WatchDog.cancel(): canceling Tue Dec 24 16:22:03 UTC 2019
auto.tcl: Setting watchdog for 200 seconds at Tue Dec 24 16:22:03 UTC 2019
2630 ms. Memory: 90112K Free: 36612K (41%)
ptolemy.util.test.WatchDog.cancel(): canceling Tue Dec 24 16:22:06 UTC 2019
------------------ testing $PTII/ptolemy/domains/de/test/auto/OpenQueuingNetwork.xml
auto.tcl: Setting watchdog for 200 seconds at Tue Dec 24 16:22:06 UTC 2019
245 ms. Memory: 51200K Free: 18149K (35%)
ptolemy.util.test.WatchDog.cancel(): canceling Tue Dec 24 16:22:06 UTC 2019
auto.tcl: Setting watchdog for 200 seconds at Tue Dec 24 16:22:06 UTC 2019
235 ms. Memory: 51200K Free: 23375K (46%)
ptolemy.util.test.WatchDog.cancel(): canceling Tue Dec 24 16:22:07 UTC 2019
------------------ testing $PTII/ptolemy/domains/de/test/auto/PeriodicSampler.xml
auto.tcl: Setting watchdog for 200 seconds at Tue Dec 24 16:22:07 UTC 2019
3 ms. Memory: 51200K Free: 33099K (65%)
ptolemy.util.test.WatchDog.cancel(): canceling Tue Dec 24 16:22:07 UTC 2019
auto.tcl: Setting watchdog for 200 seconds at Tue Dec 24 16:22:07 UTC 2019
2 ms. Memory: 51200K Free: 32141K (63%)
ptolemy.util.test.WatchDog.cancel(): canceling Tue Dec 24 16:22:07 UTC 2019
------------------ testing $PTII/ptolemy/domains/de/test/auto/PersistentIO.xml
auto.tcl: Setting watchdog for 200 seconds at Tue Dec 24 16:22:07 UTC 2019
5 ms. Memory: 51200K Free: 28007K (55%)
ptolemy.util.test.WatchDog.cancel(): canceling Tue Dec 24 16:22:07 UTC 2019
auto.tcl: Setting watchdog for 200 seconds at Tue Dec 24 16:22:07 UTC 2019
3 ms. Memory: 51200K Free: 26594K (52%)
ptolemy.util.test.WatchDog.cancel(): canceling Tue Dec 24 16:22:07 UTC 2019
------------------ testing $PTII/ptolemy/domains/de/test/auto/PortParameterResetOnInitialize.xml
auto.tcl: Setting watchdog for 200 seconds at Tue Dec 24 16:22:07 UTC 2019
2 ms. Memory: 51200K Free: 33012K (64%)
ptolemy.util.test.WatchDog.cancel(): canceling Tue Dec 24 16:22:07 UTC 2019
auto.tcl: Setting watchdog for 200 seconds at Tue Dec 24 16:22:07 UTC 2019
2 ms. Memory: 51200K Free: 32535K (64%)
ptolemy.util.test.WatchDog.cancel(): canceling Tue Dec 24 16:22:07 UTC 2019
------------------ testing $PTII/ptolemy/domains/de/test/auto/PortParameterUpdates.xml
auto.tcl: Setting watchdog for 200 seconds at Tue Dec 24 16:22:07 UTC 2019
4 ms. Memory: 51200K Free: 31075K (61%)
ptolemy.util.test.WatchDog.cancel(): canceling Tue Dec 24 16:22:07 UTC 2019
auto.tcl: Setting watchdog for 200 seconds at Tue Dec 24 16:22:07 UTC 2019
3 ms. Memory: 51200K Free: 29646K (58%)
ptolemy.util.test.WatchDog.cancel(): canceling Tue Dec 24 16:22:07 UTC 2019
------------------ testing $PTII/ptolemy/domains/de/test/auto/QueueAndServer.xml
auto.tcl: Setting watchdog for 200 seconds at Tue Dec 24 16:22:07 UTC 2019
16 ms. Memory: 51200K Free: 30002K (59%)
ptolemy.util.test.WatchDog.cancel(): canceling Tue Dec 24 16:22:07 UTC 2019
auto.tcl: Setting watchdog for 200 seconds at Tue Dec 24 16:22:07 UTC 2019
12 ms. Memory: 51200K Free: 28567K (56%)
ptolemy.util.test.WatchDog.cancel(): canceling Tue Dec 24 16:22:07 UTC 2019
------------------ testing $PTII/ptolemy/domains/de/test/auto/Records.xml
auto.tcl: Setting watchdog for 200 seconds at Tue Dec 24 16:22:07 UTC 2019
3 ms. Memory: 51200K Free: 32549K (64%)
ptolemy.util.test.WatchDog.cancel(): canceling Tue Dec 24 16:22:07 UTC 2019
auto.tcl: Setting watchdog for 200 seconds at Tue Dec 24 16:22:07 UTC 2019
1 ms. Memory: 51200K Free: 32056K (63%)
ptolemy.util.test.WatchDog.cancel(): canceling Tue Dec 24 16:22:07 UTC 2019
------------------ testing $PTII/ptolemy/domains/de/test/auto/ResetTransitionWithStartTime1.xml
auto.tcl: Setting watchdog for 200 seconds at Tue Dec 24 16:22:07 UTC 2019
7 ms. Memory: 48128K Free: 26433K (55%)
ptolemy.util.test.WatchDog.cancel(): canceling Tue Dec 24 16:22:07 UTC 2019
auto.tcl: Setting watchdog for 200 seconds at Tue Dec 24 16:22:07 UTC 2019
6 ms. Memory: 48128K Free: 23941K (50%)
ptolemy.util.test.WatchDog.cancel(): canceling Tue Dec 24 16:22:07 UTC 2019
------------------ testing $PTII/ptolemy/domains/de/test/auto/ResetTransitionWithStartTime2.xml
auto.tcl: Setting watchdog for 200 seconds at Tue Dec 24 16:22:07 UTC 2019
5 ms. Memory: 48128K Free: 26565K (55%)
ptolemy.util.test.WatchDog.cancel(): canceling Tue Dec 24 16:22:07 UTC 2019
auto.tcl: Setting watchdog for 200 seconds at Tue Dec 24 16:22:07 UTC 2019
6 ms. Memory: 48128K Free: 24339K (51%)
ptolemy.util.test.WatchDog.cancel(): canceling Tue Dec 24 16:22:07 UTC 2019
------------------ testing $PTII/ptolemy/domains/de/test/auto/ResetTransitionWithStartTime3.xml
auto.tcl: Setting watchdog for 200 seconds at Tue Dec 24 16:22:07 UTC 2019
10 ms. Memory: 48128K Free: 26563K (55%)
ptolemy.util.test.WatchDog.cancel(): canceling Tue Dec 24 16:22:07 UTC 2019
auto.tcl: Setting watchdog for 200 seconds at Tue Dec 24 16:22:07 UTC 2019
6 ms. Memory: 48128K Free: 24338K (51%)
ptolemy.util.test.WatchDog.cancel(): canceling Tue Dec 24 16:22:07 UTC 2019
------------------ testing $PTII/ptolemy/domains/de/test/auto/ResetTransitionWithStartTime4.xml
auto.tcl: Setting watchdog for 200 seconds at Tue Dec 24 16:22:07 UTC 2019
11 ms. Memory: 48128K Free: 26875K (56%)
ptolemy.util.test.WatchDog.cancel(): canceling Tue Dec 24 16:22:07 UTC 2019
auto.tcl: Setting watchdog for 200 seconds at Tue Dec 24 16:22:07 UTC 2019
5 ms. Memory: 48128K Free: 25484K (53%)
ptolemy.util.test.WatchDog.cancel(): canceling Tue Dec 24 16:22:07 UTC 2019
------------------ testing $PTII/ptolemy/domains/de/test/auto/ResettableTimer1.xml
auto.tcl: Setting watchdog for 200 seconds at Tue Dec 24 16:22:07 UTC 2019
4 ms. Memory: 48128K Free: 30464K (63%)
ptolemy.util.test.WatchDog.cancel(): canceling Tue Dec 24 16:22:07 UTC 2019
auto.tcl: Setting watchdog for 200 seconds at Tue Dec 24 16:22:07 UTC 2019
6 ms. Memory: 48128K Free: 29578K (61%)
ptolemy.util.test.WatchDog.cancel(): canceling Tue Dec 24 16:22:07 UTC 2019
------------------ testing $PTII/ptolemy/domains/de/test/auto/ResettableTimer2.xml
auto.tcl: Setting watchdog for 200 seconds at Tue Dec 24 16:22:07 UTC 2019
4 ms. Memory: 48128K Free: 30520K (63%)
ptolemy.util.test.WatchDog.cancel(): canceling Tue Dec 24 16:22:07 UTC 2019
auto.tcl: Setting watchdog for 200 seconds at Tue Dec 24 16:22:07 UTC 2019
2 ms. Memory: 48128K Free: 29610K (62%)
ptolemy.util.test.WatchDog.cancel(): canceling Tue Dec 24 16:22:07 UTC 2019
------------------ testing $PTII/ptolemy/domains/de/test/auto/ResettableTimer3.xml
auto.tcl: Setting watchdog for 200 seconds at Tue Dec 24 16:22:08 UTC 2019
1 ms. Memory: 48128K Free: 30573K (64%)
ptolemy.util.test.WatchDog.cancel(): canceling Tue Dec 24 16:22:08 UTC 2019
auto.tcl: Setting watchdog for 200 seconds at Tue Dec 24 16:22:08 UTC 2019
2 ms. Memory: 48128K Free: 30519K (63%)
ptolemy.util.test.WatchDog.cancel(): canceling Tue Dec 24 16:22:08 UTC 2019
------------------ testing $PTII/ptolemy/domains/de/test/auto/ResettableTimer4.xml
auto.tcl: Setting watchdog for 200 seconds at Tue Dec 24 16:22:08 UTC 2019
1 ms. Memory: 48128K Free: 30571K (64%)
ptolemy.util.test.WatchDog.cancel(): canceling Tue Dec 24 16:22:08 UTC 2019
auto.tcl: Setting watchdog for 200 seconds at Tue Dec 24 16:22:08 UTC 2019
1 ms. Memory: 48128K Free: 30075K (62%)
ptolemy.util.test.WatchDog.cancel(): canceling Tue Dec 24 16:22:08 UTC 2019
------------------ testing $PTII/ptolemy/domains/de/test/auto/ResettableTimer5.xml
auto.tcl: Setting watchdog for 200 seconds at Tue Dec 24 16:22:08 UTC 2019
2 ms. Memory: 48128K Free: 30003K (62%)
ptolemy.util.test.WatchDog.cancel(): canceling Tue Dec 24 16:22:08 UTC 2019
auto.tcl: Setting watchdog for 200 seconds at Tue Dec 24 16:22:08 UTC 2019
1 ms. Memory: 48128K Free: 29553K (61%)
ptolemy.util.test.WatchDog.cancel(): canceling Tue Dec 24 16:22:08 UTC 2019
------------------ testing $PTII/ptolemy/domains/de/test/auto/ResettableTimer6.xml
auto.tcl: Setting watchdog for 200 seconds at Tue Dec 24 16:22:08 UTC 2019
2 ms. Memory: 48128K Free: 29994K (62%)
ptolemy.util.test.WatchDog.cancel(): canceling Tue Dec 24 16:22:08 UTC 2019
auto.tcl: Setting watchdog for 200 seconds at Tue Dec 24 16:22:08 UTC 2019
2 ms. Memory: 48128K Free: 29498K (61%)
ptolemy.util.test.WatchDog.cancel(): canceling Tue Dec 24 16:22:08 UTC 2019
------------------ testing $PTII/ptolemy/domains/de/test/auto/ServerZeroDelay.xml
auto.tcl: Setting watchdog for 200 seconds at Tue Dec 24 16:22:08 UTC 2019
3 ms. Memory: 48128K Free: 30513K (63%)
ptolemy.util.test.WatchDog.cancel(): canceling Tue Dec 24 16:22:08 UTC 2019
auto.tcl: Setting watchdog for 200 seconds at Tue Dec 24 16:22:08 UTC 2019
3 ms. Memory: 48128K Free: 29606K (62%)
ptolemy.util.test.WatchDog.cancel(): canceling Tue Dec 24 16:22:08 UTC 2019
------------------ testing $PTII/ptolemy/domains/de/test/auto/SmartSender.xml
auto.tcl: Setting watchdog for 200 seconds at Tue Dec 24 16:22:08 UTC 2019
3002 ms. Memory: 48128K Free: 30545K (63%)
ptolemy.util.test.WatchDog.cancel(): canceling Tue Dec 24 16:22:11 UTC 2019
auto.tcl: Setting watchdog for 200 seconds at Tue Dec 24 16:22:11 UTC 2019
3001 ms. Memory: 48128K Free: 30049K (62%)
ptolemy.util.test.WatchDog.cancel(): canceling Tue Dec 24 16:22:14 UTC 2019
------------------ testing $PTII/ptolemy/domains/de/test/auto/ThreadedComposite.xml
auto.tcl: Setting watchdog for 200 seconds at Tue Dec 24 16:22:14 UTC 2019
195 ms. Memory: 48128K Free: 12089K (25%)
ptolemy.util.test.WatchDog.cancel(): canceling Tue Dec 24 16:22:14 UTC 2019
auto.tcl: Setting watchdog for 200 seconds at Tue Dec 24 16:22:14 UTC 2019
126 ms. Memory: 48128K Free: 25953K (54%)
ptolemy.util.test.WatchDog.cancel(): canceling Tue Dec 24 16:22:14 UTC 2019
------------------ testing $PTII/ptolemy/domains/de/test/auto/Time.xml
auto.tcl: Setting watchdog for 200 seconds at Tue Dec 24 16:22:14 UTC 2019
478 ms. Memory: 48128K Free: 28667K (60%)
ptolemy.util.test.WatchDog.cancel(): canceling Tue Dec 24 16:22:15 UTC 2019
auto.tcl: Setting watchdog for 200 seconds at Tue Dec 24 16:22:15 UTC 2019
458 ms. Memory: 48128K Free: 26251K (55%)
ptolemy.util.test.WatchDog.cancel(): canceling Tue Dec 24 16:22:15 UTC 2019
------------------ testing $PTII/ptolemy/domains/de/test/auto/TimeDelayZeroDelay.xml
auto.tcl: Setting watchdog for 200 seconds at Tue Dec 24 16:22:15 UTC 2019
2 ms. Memory: 48128K Free: 30934K (64%)
ptolemy.util.test.WatchDog.cancel(): canceling Tue Dec 24 16:22:15 UTC 2019
auto.tcl: Setting watchdog for 200 seconds at Tue Dec 24 16:22:15 UTC 2019
2 ms. Memory: 48128K Free: 30039K (62%)
ptolemy.util.test.WatchDog.cancel(): canceling Tue Dec 24 16:22:15 UTC 2019
------------------ testing $PTII/ptolemy/domains/de/test/auto/TimerZeroDelay.xml
auto.tcl: Setting watchdog for 200 seconds at Tue Dec 24 16:22:15 UTC 2019
3 ms. Memory: 48128K Free: 30961K (64%)
ptolemy.util.test.WatchDog.cancel(): canceling Tue Dec 24 16:22:15 UTC 2019
auto.tcl: Setting watchdog for 200 seconds at Tue Dec 24 16:22:15 UTC 2019
2 ms. Memory: 48128K Free: 30481K (63%)
ptolemy.util.test.WatchDog.cancel(): canceling Tue Dec 24 16:22:15 UTC 2019
------------------ testing $PTII/ptolemy/domains/de/test/auto/TimingParadox.xml
auto.tcl: Setting watchdog for 200 seconds at Tue Dec 24 16:22:15 UTC 2019
377 ms. Memory: 48128K Free: 14968K (31%)
ptolemy.util.test.WatchDog.cancel(): canceling Tue Dec 24 16:22:16 UTC 2019
auto.tcl: Setting watchdog for 200 seconds at Tue Dec 24 16:22:16 UTC 2019
305 ms. Memory: 96256K Free: 52806K (55%)
ptolemy.util.test.WatchDog.cancel(): canceling Tue Dec 24 16:22:16 UTC 2019
------------------ testing $PTII/ptolemy/domains/de/test/auto/TransferInputs.xml
auto.tcl: Setting watchdog for 200 seconds at Tue Dec 24 16:22:16 UTC 2019
2 ms. Memory: 55296K Free: 36117K (65%)
ptolemy.util.test.WatchDog.cancel(): canceling Tue Dec 24 16:22:16 UTC 2019
auto.tcl: Setting watchdog for 200 seconds at Tue Dec 24 16:22:16 UTC 2019
2 ms. Memory: 55296K Free: 35209K (64%)
ptolemy.util.test.WatchDog.cancel(): canceling Tue Dec 24 16:22:16 UTC 2019
------------------ testing $PTII/ptolemy/domains/de/test/auto/TransferOutputs2.xml
auto.tcl: Setting watchdog for 200 seconds at Tue Dec 24 16:22:16 UTC 2019
11 ms. Memory: 51200K Free: 29463K (58%)
ptolemy.util.test.WatchDog.cancel(): canceling Tue Dec 24 16:22:16 UTC 2019
auto.tcl: Setting watchdog for 200 seconds at Tue Dec 24 16:22:16 UTC 2019
3 ms. Memory: 51200K Free: 28055K (55%)
ptolemy.util.test.WatchDog.cancel(): canceling Tue Dec 24 16:22:16 UTC 2019
------------------ testing $PTII/ptolemy/domains/de/test/auto/Trilateration.xml
auto.tcl: Setting watchdog for 200 seconds at Tue Dec 24 16:22:16 UTC 2019
13414 ms. Memory: 393216K Free: 252486K (64%)
ptolemy.util.test.WatchDog.cancel(): canceling Tue Dec 24 16:22:31 UTC 2019
auto.tcl: Setting watchdog for 200 seconds at Tue Dec 24 16:22:31 UTC 2019
9929 ms. Memory: 393216K Free: 187292K (48%)
ptolemy.util.test.WatchDog.cancel(): canceling Tue Dec 24 16:22:41 UTC 2019
------------------ testing $PTII/ptolemy/domains/de/test/auto/TwoSigmaDelta.xml
auto.tcl: Setting watchdog for 200 seconds at Tue Dec 24 16:22:41 UTC 2019
2359 ms. Memory: 86016K Free: 59828K (70%)
ptolemy.util.test.WatchDog.cancel(): canceling Tue Dec 24 16:22:44 UTC 2019
auto.tcl: Setting watchdog for 200 seconds at Tue Dec 24 16:22:44 UTC 2019
1824 ms. Memory: 86016K Free: 52701K (61%)
ptolemy.util.test.WatchDog.cancel(): canceling Tue Dec 24 16:22:45 UTC 2019
------------------ testing $PTII/ptolemy/domains/de/test/auto/VariableDelay.xml
auto.tcl: Setting watchdog for 200 seconds at Tue Dec 24 16:22:45 UTC 2019
3 ms. Memory: 48128K Free: 29447K (61%)
ptolemy.util.test.WatchDog.cancel(): canceling Tue Dec 24 16:22:45 UTC 2019
auto.tcl: Setting watchdog for 200 seconds at Tue Dec 24 16:22:45 UTC 2019
2 ms. Memory: 48128K Free: 28431K (59%)
ptolemy.util.test.WatchDog.cancel(): canceling Tue Dec 24 16:22:45 UTC 2019
------------------ testing $PTII/ptolemy/domains/de/test/auto/VariableDelay2.xml
auto.tcl: Setting watchdog for 200 seconds at Tue Dec 24 16:22:46 UTC 2019
2 ms. Memory: 48128K Free: 29845K (62%)
ptolemy.util.test.WatchDog.cancel(): canceling Tue Dec 24 16:22:46 UTC 2019
auto.tcl: Setting watchdog for 200 seconds at Tue Dec 24 16:22:46 UTC 2019
2 ms. Memory: 48128K Free: 29349K (61%)
ptolemy.util.test.WatchDog.cancel(): canceling Tue Dec 24 16:22:46 UTC 2019
------------------ testing $PTII/ptolemy/domains/de/test/auto/VariableDelayZeroDelay.xml
auto.tcl: Setting watchdog for 200 seconds at Tue Dec 24 16:22:46 UTC 2019
2 ms. Memory: 48128K Free: 30373K (63%)
ptolemy.util.test.WatchDog.cancel(): canceling Tue Dec 24 16:22:46 UTC 2019
auto.tcl: Setting watchdog for 200 seconds at Tue Dec 24 16:22:46 UTC 2019
2 ms. Memory: 48128K Free: 29850K (62%)
ptolemy.util.test.WatchDog.cancel(): canceling Tue Dec 24 16:22:46 UTC 2019
------------------ testing $PTII/ptolemy/domains/de/test/auto/VariableDelayZeroDelay2.xml
auto.tcl: Setting watchdog for 200 seconds at Tue Dec 24 16:22:46 UTC 2019
2 ms. Memory: 48128K Free: 30372K (63%)
ptolemy.util.test.WatchDog.cancel(): canceling Tue Dec 24 16:22:46 UTC 2019
auto.tcl: Setting watchdog for 200 seconds at Tue Dec 24 16:22:46 UTC 2019
2 ms. Memory: 48128K Free: 29348K (61%)
ptolemy.util.test.WatchDog.cancel(): canceling Tue Dec 24 16:22:46 UTC 2019
------------------ testing $PTII/ptolemy/domains/de/test/auto/deInCt.xml
auto.tcl: Setting watchdog for 200 seconds at Tue Dec 24 16:22:46 UTC 2019
0
1
1
1
0
0
0
0
1
1
1
0
0
0
1
1
1
0
0
0
1
1
1
0
0
0
1
1
1
1
0
0
0
1
1
0
0
0
1
1
1
1
0
0
0
1
1
1
1
0
0
0
17 ms. Memory: 48128K Free: 29345K (61%)
ptolemy.util.test.WatchDog.cancel(): canceling Tue Dec 24 16:22:46 UTC 2019
auto.tcl: Setting watchdog for 200 seconds at Tue Dec 24 16:22:46 UTC 2019
0
1
1
1
0
0
1
1
1
0
0
0
1
1
1
0
0
0
0
1
1
1
1
1
0
0
0
0
0
0
1
1
1
0
0
0
1
1
1
11 ms. Memory: 48128K Free: 27807K (58%)
ptolemy.util.test.WatchDog.cancel(): canceling Tue Dec 24 16:22:46 UTC 2019
------------------ testing $PTII/ptolemy/domains/de/test/auto/deInCt2.xml
auto.tcl: Setting watchdog for 200 seconds at Tue Dec 24 16:22:46 UTC 2019
0
1
1
1
0
0
1
1
1
0
0
1
1
1
0
0
1
1
1
0
0
1
1
1
0
0
1
1
1
0
0
1
1
1
0
0
1
1
1
0
0
0
13 ms. Memory: 48128K Free: 29348K (61%)
ptolemy.util.test.WatchDog.cancel(): canceling Tue Dec 24 16:22:46 UTC 2019
auto.tcl: Setting watchdog for 200 seconds at Tue Dec 24 16:22:46 UTC 2019
0
1
1
1
0
0
1
1
1
0
0
1
1
1
0
0
1
1
1
0
0
1
1
1
0
0
1
1
1
0
0
1
1
1
0
0
1
1
1
0
0
0
7 ms. Memory: 48128K Free: 27796K (58%)
ptolemy.util.test.WatchDog.cancel(): canceling Tue Dec 24 16:22:46 UTC 2019
------------------ testing $PTII/ptolemy/domains/de/test/auto/dynamicCausalityInterface1.xml
auto.tcl: Setting watchdog for 200 seconds at Tue Dec 24 16:22:46 UTC 2019
1 ms. Memory: 48128K Free: 25246K (52%)
ptolemy.util.test.WatchDog.cancel(): canceling Tue Dec 24 16:22:46 UTC 2019
auto.tcl: Setting watchdog for 200 seconds at Tue Dec 24 16:22:46 UTC 2019
1 ms. Memory: 48128K Free: 24732K (51%)
ptolemy.util.test.WatchDog.cancel(): canceling Tue Dec 24 16:22:46 UTC 2019
------------------ testing $PTII/ptolemy/domains/de/test/auto/fsm_de_test.xml
auto.tcl: Setting watchdog for 200 seconds at Tue Dec 24 16:22:46 UTC 2019
7 ms. Memory: 48128K Free: 25144K (52%)
ptolemy.util.test.WatchDog.cancel(): canceling Tue Dec 24 16:22:46 UTC 2019
auto.tcl: Setting watchdog for 200 seconds at Tue Dec 24 16:22:46 UTC 2019
6 ms. Memory: 48128K Free: 23096K (48%)
ptolemy.util.test.WatchDog.cancel(): canceling Tue Dec 24 16:22:46 UTC 2019
------------------ testing $PTII/ptolemy/domains/de/test/auto/functionDependencyReconstruction.xml
auto.tcl: Setting watchdog for 200 seconds at Tue Dec 24 16:22:46 UTC 2019
3 ms. Memory: 48128K Free: 18990K (39%)
ptolemy.util.test.WatchDog.cancel(): canceling Tue Dec 24 16:22:46 UTC 2019
auto.tcl: Setting watchdog for 200 seconds at Tue Dec 24 16:22:46 UTC 2019
3 ms. Memory: 48128K Free: 16942K (35%)
ptolemy.util.test.WatchDog.cancel(): canceling Tue Dec 24 16:22:46 UTC 2019
------------------ testing $PTII/ptolemy/domains/de/test/auto/multirate.xml
auto.tcl: Setting watchdog for 200 seconds at Tue Dec 24 16:22:46 UTC 2019
10 ms. Memory: 48128K Free: 27750K (58%)
ptolemy.util.test.WatchDog.cancel(): canceling Tue Dec 24 16:22:46 UTC 2019
auto.tcl: Setting watchdog for 200 seconds at Tue Dec 24 16:22:46 UTC 2019
4 ms. Memory: 48128K Free: 26067K (54%)
ptolemy.util.test.WatchDog.cancel(): canceling Tue Dec 24 16:22:46 UTC 2019
------------------ testing $PTII/ptolemy/domains/de/test/auto/multirate2.xml
auto.tcl: Setting watchdog for 200 seconds at Tue Dec 24 16:22:46 UTC 2019
4 ms. Memory: 48128K Free: 27725K (58%)
ptolemy.util.test.WatchDog.cancel(): canceling Tue Dec 24 16:22:46 UTC 2019
auto.tcl: Setting watchdog for 200 seconds at Tue Dec 24 16:22:46 UTC 2019
3 ms. Memory: 48128K Free: 26221K (54%)
ptolemy.util.test.WatchDog.cancel(): canceling Tue Dec 24 16:22:46 UTC 2019
------------------ testing $PTII/ptolemy/domains/de/test/auto/realtime.xml
auto.tcl: Setting watchdog for 200 seconds at Tue Dec 24 16:22:46 UTC 2019
10002 ms. Memory: 48128K Free: 30017K (62%)
ptolemy.util.test.WatchDog.cancel(): canceling Tue Dec 24 16:22:56 UTC 2019
auto.tcl: Setting watchdog for 200 seconds at Tue Dec 24 16:22:56 UTC 2019
10002 ms. Memory: 48128K Free: 29291K (61%)
ptolemy.util.test.WatchDog.cancel(): canceling Tue Dec 24 16:23:06 UTC 2019
------------------ testing $PTII/ptolemy/domains/de/test/auto/relationGroup.xml
auto.tcl: Setting watchdog for 200 seconds at Tue Dec 24 16:23:06 UTC 2019
2 ms. Memory: 48128K Free: 31082K (65%)
ptolemy.util.test.WatchDog.cancel(): canceling Tue Dec 24 16:23:06 UTC 2019
auto.tcl: Setting watchdog for 200 seconds at Tue Dec 24 16:23:06 UTC 2019
1 ms. Memory: 48128K Free: 30372K (63%)
ptolemy.util.test.WatchDog.cancel(): canceling Tue Dec 24 16:23:06 UTC 2019
------------------ testing $PTII/ptolemy/domains/de/test/auto/relationGroup2.xml
auto.tcl: Setting watchdog for 200 seconds at Tue Dec 24 16:23:06 UTC 2019
2 ms. Memory: 48128K Free: 30908K (64%)
ptolemy.util.test.WatchDog.cancel(): canceling Tue Dec 24 16:23:06 UTC 2019
auto.tcl: Setting watchdog for 200 seconds at Tue Dec 24 16:23:06 UTC 2019
2 ms. Memory: 48128K Free: 30407K (63%)
ptolemy.util.test.WatchDog.cancel(): canceling Tue Dec 24 16:23:06 UTC 2019
------------------ testing $PTII/ptolemy/domains/de/test/auto/sortWithOpaquePorts.xml
auto.tcl: Setting watchdog for 200 seconds at Tue Dec 24 16:23:06 UTC 2019
1 ms. Memory: 48128K Free: 29871K (62%)
ptolemy.util.test.WatchDog.cancel(): canceling Tue Dec 24 16:23:06 UTC 2019
auto.tcl: Setting watchdog for 200 seconds at Tue Dec 24 16:23:06 UTC 2019
2 ms. Memory: 48128K Free: 28860K (60%)
ptolemy.util.test.WatchDog.cancel(): canceling Tue Dec 24 16:23:06 UTC 2019
------------------ testing $PTII/ptolemy/domains/de/test/auto/transferInputsandOutputs.xml
auto.tcl: Setting watchdog for 200 seconds at Tue Dec 24 16:23:07 UTC 2019
2 ms. Memory: 48128K Free: 27314K (57%)
ptolemy.util.test.WatchDog.cancel(): canceling Tue Dec 24 16:23:07 UTC 2019
auto.tcl: Setting watchdog for 200 seconds at Tue Dec 24 16:23:07 UTC 2019
2 ms. Memory: 48128K Free: 26317K (55%)
ptolemy.util.test.WatchDog.cancel(): canceling Tue Dec 24 16:23:07 UTC 2019
------------------ testing $PTII/ptolemy/domains/de/test/auto/triggerType.xml
auto.tcl: Setting watchdog for 200 seconds at Tue Dec 24 16:23:07 UTC 2019
1 ms. Memory: 48128K Free: 30339K (63%)
ptolemy.util.test.WatchDog.cancel(): canceling Tue Dec 24 16:23:07 UTC 2019
auto.tcl: Setting watchdog for 200 seconds at Tue Dec 24 16:23:07 UTC 2019
2 ms. Memory: 48128K Free: 29334K (61%)
ptolemy.util.test.WatchDog.cancel(): canceling Tue Dec 24 16:23:07 UTC 2019
12/24/19 04:23:07
Failed: 0  Total Tests: 192  ((Passed: 187, Newly Passed: 1)  Known Failed: 5) /home/travis/build/icyphy/ptII/ptolemy/domains/de/test
12/24/19 04:23:07
Failed: 0  Total Tests: 192  ((Passed: 187, Newly Passed: 1)  Known Failed: 5) /home/travis/build/icyphy/ptII/ptolemy/domains/de/test
----------------- testing (KnownFailure) /home/travis/build/icyphy/ptII/ptolemy/domains/de/test/auto/knownFailedTests/DESDFClockTest.xml
2013 ms. Memory: 48128K Free: 23224K (48%)
Known Failure: java.lang.reflect.InvocationTargetException
----------------- testing (KnownFailure) /home/travis/build/icyphy/ptII/ptolemy/domains/de/test/auto/knownFailedTests/DirectFeedback.xml
2 ms. Memory: 48128K Free: 19638K (41%)
Known Failure: java.lang.reflect.InvocationTargetException
----------------- testing (KnownFailure) /home/travis/build/icyphy/ptII/ptolemy/domains/de/test/auto/knownFailedTests/FSMSource.xml
17 ms. Memory: 48128K Free: 11432K (24%)
----------------- testing (KnownFailure) /home/travis/build/icyphy/ptII/ptolemy/domains/de/test/auto/knownFailedTests/HierarchicalModel.xml
3 ms. Memory: 48128K Free: 21328K (44%)
Known Failure: java.lang.reflect.InvocationTargetException
----------------- testing (KnownFailure) /home/travis/build/icyphy/ptII/ptolemy/domains/de/test/auto/knownFailedTests/dependencyLoop.xml
2 ms. Memory: 48128K Free: 31629K (66%)
Known Failure: java.lang.reflect.InvocationTargetException
----------------- testing (KnownFailure) /home/travis/build/icyphy/ptII/ptolemy/domains/de/test/auto/knownFailedTests/dependencyLoop2.xml
8 ms. Memory: 48128K Free: 16269K (34%)
Known Failure: java.lang.reflect.InvocationTargetException
No auto/linux-amd64/*.xml tests in /home/travis/build/icyphy/ptII/ptolemy/domains/de/test
AutoTests.java: About to close Vertx.
AutoTests.java: Vertx closed.

===========================================================================================
----------------- testing Tue Dec 24 16:23:09 UTC 2019 /home/travis/build/icyphy/ptII/ptolemy/domains/de/test/auto/ActorDepthCalculation_actorWithoutPorts.xml
----------------- Instantiating /home/travis/build/icyphy/ptII/ptolemy/domains/de/test/auto/ActorDepthCalculation_actorWithoutPorts.xml
2 ms. Memory: 48128K Free: 9774K (20%)
----------------- Invoking toplevel() on ptolemy.moml.MoMLSimpleApplication@5dbf5dd7
----------------- Done invoking toplevel() on ptolemy.moml.MoMLSimpleApplication@5dbf5dd7
reloadAllAccessors: .ActorDepthCalculation_actorWithoutPorts

===========================================================================================
----------------- testing Tue Dec 24 16:23:09 UTC 2019 /home/travis/build/icyphy/ptII/ptolemy/domains/de/test/auto/AssemblyLine.xml
----------------- Instantiating /home/travis/build/icyphy/ptII/ptolemy/domains/de/test/auto/AssemblyLine.xml
6 ms. Memory: 48128K Free: 28429K (59%)
----------------- Invoking toplevel() on ptolemy.moml.MoMLSimpleApplication@52eb2edf
----------------- Done invoking toplevel() on ptolemy.moml.MoMLSimpleApplication@52eb2edf
reloadAllAccessors: .AssemblyLine

===========================================================================================
----------------- testing Tue Dec 24 16:23:09 UTC 2019 /home/travis/build/icyphy/ptII/ptolemy/domains/de/test/auto/CQBug1.xml
----------------- Instantiating /home/travis/build/icyphy/ptII/ptolemy/domains/de/test/auto/CQBug1.xml
1 ms. Memory: 48128K Free: 25341K (53%)
----------------- Invoking toplevel() on ptolemy.moml.MoMLSimpleApplication@6f9771b9
----------------- Done invoking toplevel() on ptolemy.moml.MoMLSimpleApplication@6f9771b9
reloadAllAccessors: .CQBug1

===========================================================================================
----------------- testing Tue Dec 24 16:23:09 UTC 2019 /home/travis/build/icyphy/ptII/ptolemy/domains/de/test/auto/CancelFireAt.xml
----------------- Instantiating /home/travis/build/icyphy/ptII/ptolemy/domains/de/test/auto/CancelFireAt.xml
1 ms. Memory: 48128K Free: 22821K (47%)
----------------- Invoking toplevel() on ptolemy.moml.MoMLSimpleApplication@46c61134
----------------- Done invoking toplevel() on ptolemy.moml.MoMLSimpleApplication@46c61134
reloadAllAccessors: .CancelFireAt

===========================================================================================
----------------- testing Tue Dec 24 16:23:09 UTC 2019 /home/travis/build/icyphy/ptII/ptolemy/domains/de/test/auto/CausalityAndComposabilityAnalysis.xml
----------------- Instantiating /home/travis/build/icyphy/ptII/ptolemy/domains/de/test/auto/CausalityAndComposabilityAnalysis.xml
2 ms. Memory: 48128K Free: 18431K (38%)
----------------- Invoking toplevel() on ptolemy.moml.MoMLSimpleApplication@878ee79
----------------- Done invoking toplevel() on ptolemy.moml.MoMLSimpleApplication@878ee79
reloadAllAccessors: .CausalityAndComposabilityAnalysis

===========================================================================================
----------------- testing Tue Dec 24 16:23:09 UTC 2019 /home/travis/build/icyphy/ptII/ptolemy/domains/de/test/auto/CausalityInterface1.xml
----------------- Instantiating /home/travis/build/icyphy/ptII/ptolemy/domains/de/test/auto/CausalityInterface1.xml
5 ms. Memory: 48128K Free: 13349K (28%)
----------------- Invoking toplevel() on ptolemy.moml.MoMLSimpleApplication@43e08f8
----------------- Done invoking toplevel() on ptolemy.moml.MoMLSimpleApplication@43e08f8
reloadAllAccessors: .CausalityInterface1

===========================================================================================
----------------- testing Tue Dec 24 16:23:09 UTC 2019 /home/travis/build/icyphy/ptII/ptolemy/domains/de/test/auto/CausalityInterface15.xml
----------------- Instantiating /home/travis/build/icyphy/ptII/ptolemy/domains/de/test/auto/CausalityInterface15.xml
5 ms. Memory: 48128K Free: 33761K (70%)
----------------- Invoking toplevel() on ptolemy.moml.MoMLSimpleApplication@36515c6b
----------------- Done invoking toplevel() on ptolemy.moml.MoMLSimpleApplication@36515c6b
reloadAllAccessors: .CausalityInterface15

===========================================================================================
----------------- testing Tue Dec 24 16:23:09 UTC 2019 /home/travis/build/icyphy/ptII/ptolemy/domains/de/test/auto/CausalityInterface2.xml
----------------- Instantiating /home/travis/build/icyphy/ptII/ptolemy/domains/de/test/auto/CausalityInterface2.xml
2 ms. Memory: 48128K Free: 29089K (60%)
[...]
	at ptolemy.actor.Manager.run(Manager.java:1263)
	at ptolemy.actor.Manager$PtolemyRunThread.run(Manager.java:1933)
java.lang.RuntimeException: Execution failed
	at ptolemy.moml.MoMLSimpleApplication$UnloadThread.run(MoMLSimpleApplication.java:402)
Caused by: ptolemy.kernel.util.IllegalActionException: Actor is not ready to fire.  Perhaps UpSample.prefire() returned false? Try debugging the actor by selecting "Listen to Actor".  Also, for SDF check moml for tokenConsumptionRate on input.
  in .DESDFClockTest.Play Bell.Copy1:SDF Director and .DESDFClockTest.Play Bell.UpSample
	at ptolemy.actor.sched.StaticSchedulingDirector.fire(StaticSchedulingDirector.java:227)
	at ptolemy.domains.sdf.kernel.SDFDirector.fire(SDFDirector.java:500)
	at ptolemy.actor.CompositeActor.fire(CompositeActor.java:455)
	at ptolemy.domains.de.kernel.DEDirector._fire(DEDirector.java:1949)
	at ptolemy.domains.de.kernel.DEDirector.fire(DEDirector.java:502)
	at ptolemy.actor.CompositeActor.fire(CompositeActor.java:455)
	at ptolemy.actor.Manager.iterate(Manager.java:851)
	at ptolemy.actor.Manager.execute(Manager.java:369)
	at ptolemy.actor.Manager.run(Manager.java:1263)
	at ptolemy.actor.Manager$PtolemyRunThread.run(Manager.java:1933)
java.lang.reflect.InvocationTargetException
	at java.base/jdk.internal.reflect.NativeConstructorAccessorImpl.newInstance0(Native Method)
	at java.base/jdk.internal.reflect.NativeConstructorAccessorImpl.newInstance(NativeConstructorAccessorImpl.java:62)
	at java.base/jdk.internal.reflect.DelegatingConstructorAccessorImpl.newInstance(DelegatingConstructorAccessorImpl.java:45)
	at java.base/java.lang.reflect.Constructor.newInstance(Constructor.java:490)
	at ptolemy.util.test.junit.AutoKnownFailedTests.RunModel(AutoKnownFailedTests.java:105)
	at java.base/jdk.internal.reflect.NativeMethodAccessorImpl.invoke0(Native Method)
	at java.base/jdk.internal.reflect.NativeMethodAccessorImpl.invoke(NativeMethodAccessorImpl.java:62)
	at java.base/jdk.internal.reflect.DelegatingMethodAccessorImpl.invoke(DelegatingMethodAccessorImpl.java:43)
	at java.base/java.lang.reflect.Method.invoke(Method.java:566)
	at org.junit.runners.model.FrameworkMethod$1.runReflectiveCall(FrameworkMethod.java:44)
	at org.junit.internal.runners.model.ReflectiveCallable.run(ReflectiveCallable.java:15)
	at org.junit.runners.model.FrameworkMethod.invokeExplosively(FrameworkMethod.java:41)
	at junitparams.internal.InvokeParameterisedMethod.evaluate(InvokeParameterisedMethod.java:102)
	at org.junit.internal.runners.statements.FailOnTimeout$1.run(FailOnTimeout.java:28)
Caused by: ptolemy.kernel.util.IllegalActionException: Actor is not ready to fire.  Perhaps UpSample.prefire() returned false? Try debugging the actor by selecting "Listen to Actor".  Also, for SDF check moml for tokenConsumptionRate on input.
  in .DESDFClockTest.Play Bell.Copy1:SDF Director and .DESDFClockTest.Play Bell.UpSample
	at ptolemy.actor.sched.StaticSchedulingDirector.fire(StaticSchedulingDirector.java:227)
	at ptolemy.domains.sdf.kernel.SDFDirector.fire(SDFDirector.java:500)
	at ptolemy.actor.CompositeActor.fire(CompositeActor.java:455)
	at ptolemy.domains.de.kernel.DEDirector._fire(DEDirector.java:1949)
	at ptolemy.domains.de.kernel.DEDirector.fire(DEDirector.java:502)
	at ptolemy.actor.CompositeActor.fire(CompositeActor.java:455)
	at ptolemy.actor.Manager.iterate(Manager.java:851)
	at ptolemy.actor.Manager.execute(Manager.java:369)
	at ptolemy.actor.Manager.run(Manager.java:1263)
	at ptolemy.actor.Manager$PtolemyRunThread.run(Manager.java:1933)
java.lang.RuntimeException: Execution failed
	at ptolemy.moml.MoMLSimpleApplication$UnloadThread.run(MoMLSimpleApplication.java:402)
Caused by: ptolemy.kernel.util.IllegalActionException: Test fails in iteration 1.
Value was: 1.0. Should have been: 2.0
  in .DirectFeedback.Test
	at ptolemy.actor.lib.Test.fire(Test.java:268)
	at ptolemy.domains.de.kernel.DEDirector._fire(DEDirector.java:1949)
	at ptolemy.domains.de.kernel.DEDirector.fire(DEDirector.java:502)
	at ptolemy.actor.CompositeActor.fire(CompositeActor.java:455)
	at ptolemy.actor.Manager.iterate(Manager.java:851)
	at ptolemy.actor.Manager.execute(Manager.java:369)
	at ptolemy.actor.Manager.run(Manager.java:1263)
	at ptolemy.actor.Manager$PtolemyRunThread.run(Manager.java:1933)
java.lang.reflect.InvocationTargetException
	at java.base/jdk.internal.reflect.NativeConstructorAccessorImpl.newInstance0(Native Method)
	at java.base/jdk.internal.reflect.NativeConstructorAccessorImpl.newInstance(NativeConstructorAccessorImpl.java:62)
	at java.base/jdk.internal.reflect.DelegatingConstructorAccessorImpl.newInstance(DelegatingConstructorAccessorImpl.java:45)
	at java.base/java.lang.reflect.Constructor.newInstance(Constructor.java:490)
	at ptolemy.util.test.junit.AutoKnownFailedTests.RunModel(AutoKnownFailedTests.java:105)
	at java.base/jdk.internal.reflect.NativeMethodAccessorImpl.invoke0(Native Method)
	at java.base/jdk.internal.reflect.NativeMethodAccessorImpl.invoke(NativeMethodAccessorImpl.java:62)
	at java.base/jdk.internal.reflect.DelegatingMethodAccessorImpl.invoke(DelegatingMethodAccessorImpl.java:43)
	at java.base/java.lang.reflect.Method.invoke(Method.java:566)
	at org.junit.runners.model.FrameworkMethod$1.runReflectiveCall(FrameworkMethod.java:44)
	at org.junit.internal.runners.model.ReflectiveCallable.run(ReflectiveCallable.java:15)
	at org.junit.runners.model.FrameworkMethod.invokeExplosively(FrameworkMethod.java:41)
	at junitparams.internal.InvokeParameterisedMethod.evaluate(InvokeParameterisedMethod.java:102)
	at org.junit.internal.runners.statements.FailOnTimeout$1.run(FailOnTimeout.java:28)
Caused by: ptolemy.kernel.util.IllegalActionException: Test fails in iteration 1.
Value was: 1.0. Should have been: 2.0
  in .DirectFeedback.Test
	at ptolemy.actor.lib.Test.fire(Test.java:268)
	at ptolemy.domains.de.kernel.DEDirector._fire(DEDirector.java:1949)
	at ptolemy.domains.de.kernel.DEDirector.fire(DEDirector.java:502)
	at ptolemy.actor.CompositeActor.fire(CompositeActor.java:455)
	at ptolemy.actor.Manager.iterate(Manager.java:851)
	at ptolemy.actor.Manager.execute(Manager.java:369)
	at ptolemy.actor.Manager.run(Manager.java:1263)
	at ptolemy.actor.Manager$PtolemyRunThread.run(Manager.java:1933)
java.lang.RuntimeException: Execution failed
	at ptolemy.moml.MoMLSimpleApplication$UnloadThread.run(MoMLSimpleApplication.java:402)
Caused by: ptolemy.kernel.util.IllegalActionException: Found a zero delay loop containing .HierarchicalModel.A
  in .HierarchicalModel and .HierarchicalModel.A
	at ptolemy.actor.util.CausalityInterfaceForComposites._computeOutputPortDepth(CausalityInterfaceForComposites.java:759)
	at ptolemy.actor.util.CausalityInterfaceForComposites._computeInputDepth(CausalityInterfaceForComposites.java:696)
	at ptolemy.actor.util.CausalityInterfaceForComposites._computeOutputPortDepth(CausalityInterfaceForComposites.java:765)
	at ptolemy.actor.util.CausalityInterfaceForComposites._computeInputDepth(CausalityInterfaceForComposites.java:696)
	at ptolemy.actor.util.CausalityInterfaceForComposites._computeOutputPortDepth(CausalityInterfaceForComposites.java:765)
	at ptolemy.actor.util.CausalityInterfaceForComposites._computeInputDepth(CausalityInterfaceForComposites.java:696)
	at ptolemy.actor.util.CausalityInterfaceForComposites._computeActorDepth(CausalityInterfaceForComposites.java:532)
	at ptolemy.actor.util.CausalityInterfaceForComposites.checkForCycles(CausalityInterfaceForComposites.java:96)
	at ptolemy.domains.de.kernel.DEDirector.preinitialize(DEDirector.java:1338)
	at ptolemy.actor.CompositeActor.preinitialize(CompositeActor.java:1828)
	at ptolemy.actor.Manager.preinitializeAndResolveTypes(Manager.java:1040)
	at ptolemy.actor.Manager.initialize(Manager.java:710)
	at ptolemy.actor.Manager.execute(Manager.java:356)
	at ptolemy.actor.Manager.run(Manager.java:1263)
	at ptolemy.actor.Manager$PtolemyRunThread.run(Manager.java:1933)
java.lang.reflect.InvocationTargetException
	at java.base/jdk.internal.reflect.NativeConstructorAccessorImpl.newInstance0(Native Method)
	at java.base/jdk.internal.reflect.NativeConstructorAccessorImpl.newInstance(NativeConstructorAccessorImpl.java:62)
	at java.base/jdk.internal.reflect.DelegatingConstructorAccessorImpl.newInstance(DelegatingConstructorAccessorImpl.java:45)
	at java.base/java.lang.reflect.Constructor.newInstance(Constructor.java:490)
	at ptolemy.util.test.junit.AutoKnownFailedTests.RunModel(AutoKnownFailedTests.java:105)
	at java.base/jdk.internal.reflect.NativeMethodAccessorImpl.invoke0(Native Method)
	at java.base/jdk.internal.reflect.NativeMethodAccessorImpl.invoke(NativeMethodAccessorImpl.java:62)
	at java.base/jdk.internal.reflect.DelegatingMethodAccessorImpl.invoke(DelegatingMethodAccessorImpl.java:43)
	at java.base/java.lang.reflect.Method.invoke(Method.java:566)
	at org.junit.runners.model.FrameworkMethod$1.runReflectiveCall(FrameworkMethod.java:44)
	at org.junit.internal.runners.model.ReflectiveCallable.run(ReflectiveCallable.java:15)
	at org.junit.runners.model.FrameworkMethod.invokeExplosively(FrameworkMethod.java:41)
	at junitparams.internal.InvokeParameterisedMethod.evaluate(InvokeParameterisedMethod.java:102)
	at org.junit.internal.runners.statements.FailOnTimeout$1.run(FailOnTimeout.java:28)
Caused by: ptolemy.kernel.util.IllegalActionException: Found a zero delay loop containing .HierarchicalModel.A
  in .HierarchicalModel and .HierarchicalModel.A
	at ptolemy.actor.util.CausalityInterfaceForComposites._computeOutputPortDepth(CausalityInterfaceForComposites.java:759)
	at ptolemy.actor.util.CausalityInterfaceForComposites._computeInputDepth(CausalityInterfaceForComposites.java:696)
	at ptolemy.actor.util.CausalityInterfaceForComposites._computeOutputPortDepth(CausalityInterfaceForComposites.java:765)
	at ptolemy.actor.util.CausalityInterfaceForComposites._computeInputDepth(CausalityInterfaceForComposites.java:696)
	at ptolemy.actor.util.CausalityInterfaceForComposites._computeOutputPortDepth(CausalityInterfaceForComposites.java:765)
	at ptolemy.actor.util.CausalityInterfaceForComposites._computeInputDepth(CausalityInterfaceForComposites.java:696)
	at ptolemy.actor.util.CausalityInterfaceForComposites._computeActorDepth(CausalityInterfaceForComposites.java:532)
	at ptolemy.actor.util.CausalityInterfaceForComposites.checkForCycles(CausalityInterfaceForComposites.java:96)
	at ptolemy.domains.de.kernel.DEDirector.preinitialize(DEDirector.java:1338)
	at ptolemy.actor.CompositeActor.preinitialize(CompositeActor.java:1828)
	at ptolemy.actor.Manager.preinitializeAndResolveTypes(Manager.java:1040)
	at ptolemy.actor.Manager.initialize(Manager.java:710)
	at ptolemy.actor.Manager.execute(Manager.java:356)
	at ptolemy.actor.Manager.run(Manager.java:1263)
	at ptolemy.actor.Manager$PtolemyRunThread.run(Manager.java:1933)
java.lang.RuntimeException: Execution failed
	at ptolemy.moml.MoMLSimpleApplication$UnloadThread.run(MoMLSimpleApplication.java:402)
Caused by: ptolemy.kernel.util.IllegalActionException: Found a zero delay loop containing .dependencyLoop.original
  in .dependencyLoop and .dependencyLoop.original
	at ptolemy.actor.util.CausalityInterfaceForComposites._computeOutputPortDepth(CausalityInterfaceForComposites.java:759)
	at ptolemy.actor.util.CausalityInterfaceForComposites._computeInputDepth(CausalityInterfaceForComposites.java:696)
	at ptolemy.actor.util.CausalityInterfaceForComposites._computeOutputPortDepth(CausalityInterfaceForComposites.java:765)
	at ptolemy.actor.util.CausalityInterfaceForComposites._computeInputDepth(CausalityInterfaceForComposites.java:696)
	at ptolemy.actor.util.CausalityInterfaceForComposites._computeOutputPortDepth(CausalityInterfaceForComposites.java:765)
	at ptolemy.actor.util.CausalityInterfaceForComposites._computeInputDepth(CausalityInterfaceForComposites.java:696)
	at ptolemy.actor.util.CausalityInterfaceForComposites._computeActorDepth(CausalityInterfaceForComposites.java:532)
	at ptolemy.actor.util.CausalityInterfaceForComposites.checkForCycles(CausalityInterfaceForComposites.java:96)
	at ptolemy.domains.de.kernel.DEDirector.preinitialize(DEDirector.java:1338)
	at ptolemy.actor.CompositeActor.preinitialize(CompositeActor.java:1828)
	at ptolemy.actor.Manager.preinitializeAndResolveTypes(Manager.java:1040)
	at ptolemy.actor.Manager.initialize(Manager.java:710)
	at ptolemy.actor.Manager.execute(Manager.java:356)
	at ptolemy.actor.Manager.run(Manager.java:1263)
	at ptolemy.actor.Manager$PtolemyRunThread.run(Manager.java:1933)
java.lang.reflect.InvocationTargetException
	at java.base/jdk.internal.reflect.NativeConstructorAccessorImpl.newInstance0(Native Method)
	at java.base/jdk.internal.reflect.NativeConstructorAccessorImpl.newInstance(NativeConstructorAccessorImpl.java:62)
	at java.base/jdk.internal.reflect.DelegatingConstructorAccessorImpl.newInstance(DelegatingConstructorAccessorImpl.java:45)
	at java.base/java.lang.reflect.Constructor.newInstance(Constructor.java:490)
	at ptolemy.util.test.junit.AutoKnownFailedTests.RunModel(AutoKnownFailedTests.java:105)
	at java.base/jdk.internal.reflect.NativeMethodAccessorImpl.invoke0(Native Method)
	at java.base/jdk.internal.reflect.NativeMethodAccessorImpl.invoke(NativeMethodAccessorImpl.java:62)
	at java.base/jdk.internal.reflect.DelegatingMethodAccessorImpl.invoke(DelegatingMethodAccessorImpl.java:43)
	at java.base/java.lang.reflect.Method.invoke(Method.java:566)
	at org.junit.runners.model.FrameworkMethod$1.runReflectiveCall(FrameworkMethod.java:44)
	at org.junit.internal.runners.model.ReflectiveCallable.run(ReflectiveCallable.java:15)
	at org.junit.runners.model.FrameworkMethod.invokeExplosively(FrameworkMethod.java:41)
	at junitparams.internal.InvokeParameterisedMethod.evaluate(InvokeParameterisedMethod.java:102)
	at org.junit.internal.runners.statements.FailOnTimeout$1.run(FailOnTimeout.java:28)
Caused by: ptolemy.kernel.util.IllegalActionException: Found a zero delay loop containing .dependencyLoop.original
  in .dependencyLoop and .dependencyLoop.original
	at ptolemy.actor.util.CausalityInterfaceForComposites._computeOutputPortDepth(CausalityInterfaceForComposites.java:759)
	at ptolemy.actor.util.CausalityInterfaceForComposites._computeInputDepth(CausalityInterfaceForComposites.java:696)
	at ptolemy.actor.util.CausalityInterfaceForComposites._computeOutputPortDepth(CausalityInterfaceForComposites.java:765)
	at ptolemy.actor.util.CausalityInterfaceForComposites._computeInputDepth(CausalityInterfaceForComposites.java:696)
	at ptolemy.actor.util.CausalityInterfaceForComposites._computeOutputPortDepth(CausalityInterfaceForComposites.java:765)
	at ptolemy.actor.util.CausalityInterfaceForComposites._computeInputDepth(CausalityInterfaceForComposites.java:696)
	at ptolemy.actor.util.CausalityInterfaceForComposites._computeActorDepth(CausalityInterfaceForComposites.java:532)
	at ptolemy.actor.util.CausalityInterfaceForComposites.checkForCycles(CausalityInterfaceForComposites.java:96)
	at ptolemy.domains.de.kernel.DEDirector.preinitialize(DEDirector.java:1338)
	at ptolemy.actor.CompositeActor.preinitialize(CompositeActor.java:1828)
	at ptolemy.actor.Manager.preinitializeAndResolveTypes(Manager.java:1040)
	at ptolemy.actor.Manager.initialize(Manager.java:710)
	at ptolemy.actor.Manager.execute(Manager.java:356)
	at ptolemy.actor.Manager.run(Manager.java:1263)
	at ptolemy.actor.Manager$PtolemyRunThread.run(Manager.java:1933)
java.lang.RuntimeException: Execution failed
	at ptolemy.moml.MoMLSimpleApplication$UnloadThread.run(MoMLSimpleApplication.java:402)
Caused by: ptolemy.kernel.util.IllegalActionException: Found a zero delay loop containing .dependencyLoop2.original
  in .dependencyLoop2 and .dependencyLoop2.original
	at ptolemy.actor.util.CausalityInterfaceForComposites._computeOutputPortDepth(CausalityInterfaceForComposites.java:759)
	at ptolemy.actor.util.CausalityInterfaceForComposites._computeInputDepth(CausalityInterfaceForComposites.java:696)
	at ptolemy.actor.util.CausalityInterfaceForComposites._computeOutputPortDepth(CausalityInterfaceForComposites.java:765)
	at ptolemy.actor.util.CausalityInterfaceForComposites._computeInputDepth(CausalityInterfaceForComposites.java:696)
	at ptolemy.actor.util.CausalityInterfaceForComposites._computeOutputPortDepth(CausalityInterfaceForComposites.java:765)
	at ptolemy.actor.util.CausalityInterfaceForComposites._computeInputDepth(CausalityInterfaceForComposites.java:696)
	at ptolemy.actor.util.CausalityInterfaceForComposites._computeActorDepth(CausalityInterfaceForComposites.java:532)
	at ptolemy.actor.util.CausalityInterfaceForComposites.checkForCycles(CausalityInterfaceForComposites.java:96)
	at ptolemy.domains.de.kernel.DEDirector.preinitialize(DEDirector.java:1338)
	at ptolemy.actor.CompositeActor.preinitialize(CompositeActor.java:1828)
	at ptolemy.actor.Manager.preinitializeAndResolveTypes(Manager.java:1040)
	at ptolemy.actor.Manager.initialize(Manager.java:710)
	at ptolemy.actor.Manager.execute(Manager.java:356)
	at ptolemy.actor.Manager.run(Manager.java:1263)
	at ptolemy.actor.Manager$PtolemyRunThread.run(Manager.java:1933)
java.lang.reflect.InvocationTargetException
	at java.base/jdk.internal.reflect.NativeConstructorAccessorImpl.newInstance0(Native Method)
	at java.base/jdk.internal.reflect.NativeConstructorAccessorImpl.newInstance(NativeConstructorAccessorImpl.java:62)
	at java.base/jdk.internal.reflect.DelegatingConstructorAccessorImpl.newInstance(DelegatingConstructorAccessorImpl.java:45)
	at java.base/java.lang.reflect.Constructor.newInstance(Constructor.java:490)
	at ptolemy.util.test.junit.AutoKnownFailedTests.RunModel(AutoKnownFailedTests.java:105)
	at java.base/jdk.internal.reflect.NativeMethodAccessorImpl.invoke0(Native Method)
	at java.base/jdk.internal.reflect.NativeMethodAccessorImpl.invoke(NativeMethodAccessorImpl.java:62)
	at java.base/jdk.internal.reflect.DelegatingMethodAccessorImpl.invoke(DelegatingMethodAccessorImpl.java:43)
	at java.base/java.lang.reflect.Method.invoke(Method.java:566)
	at org.junit.runners.model.FrameworkMethod$1.runReflectiveCall(FrameworkMethod.java:44)
	at org.junit.internal.runners.model.ReflectiveCallable.run(ReflectiveCallable.java:15)
	at org.junit.runners.model.FrameworkMethod.invokeExplosively(FrameworkMethod.java:41)
	at junitparams.internal.InvokeParameterisedMethod.evaluate(InvokeParameterisedMethod.java:102)
	at org.junit.internal.runners.statements.FailOnTimeout$1.run(FailOnTimeout.java:28)
Caused by: ptolemy.kernel.util.IllegalActionException: Found a zero delay loop containing .dependencyLoop2.original
  in .dependencyLoop2 and .dependencyLoop2.original
	at ptolemy.actor.util.CausalityInterfaceForComposites._computeOutputPortDepth(CausalityInterfaceForComposites.java:759)
	at ptolemy.actor.util.CausalityInterfaceForComposites._computeInputDepth(CausalityInterfaceForComposites.java:696)
	at ptolemy.actor.util.CausalityInterfaceForComposites._computeOutputPortDepth(CausalityInterfaceForComposites.java:765)
	at ptolemy.actor.util.CausalityInterfaceForComposites._computeInputDepth(CausalityInterfaceForComposites.java:696)
	at ptolemy.actor.util.CausalityInterfaceForComposites._computeOutputPortDepth(CausalityInterfaceForComposites.java:765)
	at ptolemy.actor.util.CausalityInterfaceForComposites._computeInputDepth(CausalityInterfaceForComposites.java:696)
	at ptolemy.actor.util.CausalityInterfaceForComposites._computeActorDepth(CausalityInterfaceForComposites.java:532)
	at ptolemy.actor.util.CausalityInterfaceForComposites.checkForCycles(CausalityInterfaceForComposites.java:96)
	at ptolemy.domains.de.kernel.DEDirector.preinitialize(DEDirector.java:1338)
	at ptolemy.actor.CompositeActor.preinitialize(CompositeActor.java:1828)
	at ptolemy.actor.Manager.preinitializeAndResolveTypes(Manager.java:1040)
	at ptolemy.actor.Manager.initialize(Manager.java:710)
	at ptolemy.actor.Manager.execute(Manager.java:356)
	at ptolemy.actor.Manager.run(Manager.java:1263)
	at ptolemy.actor.Manager$PtolemyRunThread.run(Manager.java:1933)
]]></system-err>
</testsuite>
