<?xml version="1.0" encoding="UTF-8" ?>
<testsuite errors="0" failures="0" hostname="travis-job-9213c5b8-ccbf-46a0-bfdd-c601be15a76e" name="ptolemy.domains.de.test.junit.JUnitTclTest" skipped="0" tests="101" time="128.254" timestamp="2019-01-24T03:23:36">
  <properties>
[...]
</properties>
  <testcase classname="ptolemy.util.test.junit.TclTests" name="[0] /home/travis/build/icyphy/ptII/ptolemy/domains/de/test/DependencyLoop.tcl (RunTclFile)" time="0.772" />
  <testcase classname="ptolemy.util.test.junit.TclTests" name="[1] /home/travis/build/icyphy/ptII/ptolemy/domains/de/test/RunDETestsAsQSS.tcl (RunTclFile)" time="86.197" />
  <testcase classname="ptolemy.util.test.junit.AutoKnownFailedTests" name="[0] /home/travis/build/icyphy/ptII/ptolemy/domains/de/test/auto/knownFailedTests/DESDFClockTest.xml (RunModel)" time="2.038" />
  <testcase classname="ptolemy.util.test.junit.AutoKnownFailedTests" name="[1] /home/travis/build/icyphy/ptII/ptolemy/domains/de/test/auto/knownFailedTests/DirectFeedback.xml (RunModel)" time="0.021" />
  <testcase classname="ptolemy.util.test.junit.AutoKnownFailedTests" name="[2] /home/travis/build/icyphy/ptII/ptolemy/domains/de/test/auto/knownFailedTests/FSMSource.xml (RunModel)" time="0.014" />
  <testcase classname="ptolemy.util.test.junit.AutoKnownFailedTests" name="[3] /home/travis/build/icyphy/ptII/ptolemy/domains/de/test/auto/knownFailedTests/HierarchicalModel.xml (RunModel)" time="0.028" />
  <testcase classname="ptolemy.util.test.junit.AutoKnownFailedTests" name="[4] /home/travis/build/icyphy/ptII/ptolemy/domains/de/test/auto/knownFailedTests/dependencyLoop.xml (RunModel)" time="0.031" />
  <testcase classname="ptolemy.util.test.junit.AutoKnownFailedTests" name="[5] /home/travis/build/icyphy/ptII/ptolemy/domains/de/test/auto/knownFailedTests/dependencyLoop2.xml (RunModel)" time="0.046" />
  <testcase classname="ptolemy.util.test.junit.AutoNameArchTests" name="[0] ThereAreNoAutoArchTests (RunModel)" time="0.005" />
  <testcase classname="ptolemy.util.test.junit.AutoTests" name="[0] /home/travis/build/icyphy/ptII/ptolemy/domains/de/test/auto/ActorDepthCalculation_actorWithoutPorts.xml (RunModel)" time="0.013" />
  <testcase classname="ptolemy.util.test.junit.AutoTests" name="[1] /home/travis/build/icyphy/ptII/ptolemy/domains/de/test/auto/AssemblyLine.xml (RunModel)" time="0.012" />
  <testcase classname="ptolemy.util.test.junit.AutoTests" name="[2] /home/travis/build/icyphy/ptII/ptolemy/domains/de/test/auto/CQBug1.xml (RunModel)" time="0.006" />
  <testcase classname="ptolemy.util.test.junit.AutoTests" name="[3] /home/travis/build/icyphy/ptII/ptolemy/domains/de/test/auto/CancelFireAt.xml (RunModel)" time="0.005" />
  <testcase classname="ptolemy.util.test.junit.AutoTests" name="[4] /home/travis/build/icyphy/ptII/ptolemy/domains/de/test/auto/CausalityAndComposabilityAnalysis.xml (RunModel)" time="0.009" />
  <testcase classname="ptolemy.util.test.junit.AutoTests" name="[5] /home/travis/build/icyphy/ptII/ptolemy/domains/de/test/auto/CausalityInterface1.xml (RunModel)" time="0.011" />
  <testcase classname="ptolemy.util.test.junit.AutoTests" name="[6] /home/travis/build/icyphy/ptII/ptolemy/domains/de/test/auto/CausalityInterface15.xml (RunModel)" time="0.01" />
  <testcase classname="ptolemy.util.test.junit.AutoTests" name="[7] /home/travis/build/icyphy/ptII/ptolemy/domains/de/test/auto/CausalityInterface2.xml (RunModel)" time="0.009" />
  <testcase classname="ptolemy.util.test.junit.AutoTests" name="[8] /home/travis/build/icyphy/ptII/ptolemy/domains/de/test/auto/CausalityInterface3.xml (RunModel)" time="0.009" />
  <testcase classname="ptolemy.util.test.junit.AutoTests" name="[9] /home/travis/build/icyphy/ptII/ptolemy/domains/de/test/auto/ClockDrift.xml (RunModel)" time="0.026" />
  <testcase classname="ptolemy.util.test.junit.AutoTests" name="[10] /home/travis/build/icyphy/ptII/ptolemy/domains/de/test/auto/ClockDriftAndValueChange.xml (RunModel)" time="0.024" />
  <testcase classname="ptolemy.util.test.junit.AutoTests" name="[11] /home/travis/build/icyphy/ptII/ptolemy/domains/de/test/auto/ClockDriftChange.xml (RunModel)" time="0.021" />
  <testcase classname="ptolemy.util.test.junit.AutoTests" name="[12] /home/travis/build/icyphy/ptII/ptolemy/domains/de/test/auto/ComposableCausalityAnalysis.xml (RunModel)" time="0.017" />
  <testcase classname="ptolemy.util.test.junit.AutoTests" name="[13] /home/travis/build/icyphy/ptII/ptolemy/domains/de/test/auto/DEFixedPointLimitation.xml (RunModel)" time="0.007" />
  <testcase classname="ptolemy.util.test.junit.AutoTests" name="[14] /home/travis/build/icyphy/ptII/ptolemy/domains/de/test/auto/DEScheduleTest.xml (RunModel)" time="0.009" />
  <testcase classname="ptolemy.util.test.junit.AutoTests" name="[15] /home/travis/build/icyphy/ptII/ptolemy/domains/de/test/auto/DEinDEwithStartTimes.xml (RunModel)" time="0.01" />
  <testcase classname="ptolemy.util.test.junit.AutoTests" name="[16] /home/travis/build/icyphy/ptII/ptolemy/domains/de/test/auto/DEinDEwithStartTimes2.xml (RunModel)" time="0.011" />
  <testcase classname="ptolemy.util.test.junit.AutoTests" name="[17] /home/travis/build/icyphy/ptII/ptolemy/domains/de/test/auto/DateDemo.xml (RunModel)" time="0.025" />
  <testcase classname="ptolemy.util.test.junit.AutoTests" name="[18] /home/travis/build/icyphy/ptII/ptolemy/domains/de/test/auto/DateToEvent.xml (RunModel)" time="2.042" />
  <testcase classname="ptolemy.util.test.junit.AutoTests" name="[19] /home/travis/build/icyphy/ptII/ptolemy/domains/de/test/auto/DepthTest1.xml (RunModel)" time="0.008" />
  <testcase classname="ptolemy.util.test.junit.AutoTests" name="[20] /home/travis/build/icyphy/ptII/ptolemy/domains/de/test/auto/DepthTest2.xml (RunModel)" time="0.018" />
  <testcase classname="ptolemy.util.test.junit.AutoTests" name="[21] /home/travis/build/icyphy/ptII/ptolemy/domains/de/test/auto/DepthTest3.xml (RunModel)" time="0.009" />
  <testcase classname="ptolemy.util.test.junit.AutoTests" name="[22] /home/travis/build/icyphy/ptII/ptolemy/domains/de/test/auto/DepthTest4.xml (RunModel)" time="0.014" />
  <testcase classname="ptolemy.util.test.junit.AutoTests" name="[23] /home/travis/build/icyphy/ptII/ptolemy/domains/de/test/auto/DepthTest5.xml (RunModel)" time="0.016" />
  <testcase classname="ptolemy.util.test.junit.AutoTests" name="[24] /home/travis/build/icyphy/ptII/ptolemy/domains/de/test/auto/DepthTest6.xml (RunModel)" time="0.015" />
  <testcase classname="ptolemy.util.test.junit.AutoTests" name="[25] /home/travis/build/icyphy/ptII/ptolemy/domains/de/test/auto/DepthTest7.xml (RunModel)" time="0.013" />
  <testcase classname="ptolemy.util.test.junit.AutoTests" name="[26] /home/travis/build/icyphy/ptII/ptolemy/domains/de/test/auto/EventToDate.xml (RunModel)" time="3.037" />
  <testcase classname="ptolemy.util.test.junit.AutoTests" name="[27] /home/travis/build/icyphy/ptII/ptolemy/domains/de/test/auto/FSM1.xml (RunModel)" time="0.033" />
  <testcase classname="ptolemy.util.test.junit.AutoTests" name="[28] /home/travis/build/icyphy/ptII/ptolemy/domains/de/test/auto/FSM7.xml (RunModel)" time="0.033" />
  <testcase classname="ptolemy.util.test.junit.AutoTests" name="[29] /home/travis/build/icyphy/ptII/ptolemy/domains/de/test/auto/Inspection.xml (RunModel)" time="0.04" />
  <testcase classname="ptolemy.util.test.junit.AutoTests" name="[30] /home/travis/build/icyphy/ptII/ptolemy/domains/de/test/auto/Iteration.xml (RunModel)" time="0.02" />
  <testcase classname="ptolemy.util.test.junit.AutoTests" name="[31] /home/travis/build/icyphy/ptII/ptolemy/domains/de/test/auto/LineFault.xml (RunModel)" time="0.512" />
  <testcase classname="ptolemy.util.test.junit.AutoTests" name="[32] /home/travis/build/icyphy/ptII/ptolemy/domains/de/test/auto/MergeModel1Add.xml (RunModel)" time="0.035" />
  <testcase classname="ptolemy.util.test.junit.AutoTests" name="[33] /home/travis/build/icyphy/ptII/ptolemy/domains/de/test/auto/MergeModel2Add.xml (RunModel)" time="0.027" />
  <testcase classname="ptolemy.util.test.junit.AutoTests" name="[34] /home/travis/build/icyphy/ptII/ptolemy/domains/de/test/auto/MergeModel3Add.xml (RunModel)" time="0.026" />
  <testcase classname="ptolemy.util.test.junit.AutoTests" name="[35] /home/travis/build/icyphy/ptII/ptolemy/domains/de/test/auto/MergeWithoutDiscard.xml (RunModel)" time="0.008" />
  <testcase classname="ptolemy.util.test.junit.AutoTests" name="[36] /home/travis/build/icyphy/ptII/ptolemy/domains/de/test/auto/Modal1.xml (RunModel)" time="0.022" />
  <testcase classname="ptolemy.util.test.junit.AutoTests" name="[37] /home/travis/build/icyphy/ptII/ptolemy/domains/de/test/auto/Modal2.xml (RunModel)" time="0.02" />
  <testcase classname="ptolemy.util.test.junit.AutoTests" name="[38] /home/travis/build/icyphy/ptII/ptolemy/domains/de/test/auto/Modal3.xml (RunModel)" time="0.02" />
  <testcase classname="ptolemy.util.test.junit.AutoTests" name="[39] /home/travis/build/icyphy/ptII/ptolemy/domains/de/test/auto/Modal4.xml (RunModel)" time="0.021" />
  <testcase classname="ptolemy.util.test.junit.AutoTests" name="[40] /home/travis/build/icyphy/ptII/ptolemy/domains/de/test/auto/Modal5.xml (RunModel)" time="0.021" />
  <testcase classname="ptolemy.util.test.junit.AutoTests" name="[41] /home/travis/build/icyphy/ptII/ptolemy/domains/de/test/auto/Modal6.xml (RunModel)" time="0.022" />
  <testcase classname="ptolemy.util.test.junit.AutoTests" name="[42] /home/travis/build/icyphy/ptII/ptolemy/domains/de/test/auto/Modal7.xml (RunModel)" time="0.023" />
  <testcase classname="ptolemy.util.test.junit.AutoTests" name="[43] /home/travis/build/icyphy/ptII/ptolemy/domains/de/test/auto/ModalModel.xml (RunModel)" time="0.106" />
  <testcase classname="ptolemy.util.test.junit.AutoTests" name="[44] /home/travis/build/icyphy/ptII/ptolemy/domains/de/test/auto/ModalSource.xml (RunModel)" time="0.013" />
  <testcase classname="ptolemy.util.test.junit.AutoTests" name="[45] /home/travis/build/icyphy/ptII/ptolemy/domains/de/test/auto/NonInterruptibleTimerZeroDelay.xml (RunModel)" time="0.007" />
  <testcase classname="ptolemy.util.test.junit.AutoTests" name="[46] /home/travis/build/icyphy/ptII/ptolemy/domains/de/test/auto/OpenQueueingNetwork.xml (RunModel)" time="1.946" />
  <testcase classname="ptolemy.util.test.junit.AutoTests" name="[47] /home/travis/build/icyphy/ptII/ptolemy/domains/de/test/auto/OpenQueuingNetwork.xml (RunModel)" time="0.257" />
  <testcase classname="ptolemy.util.test.junit.AutoTests" name="[48] /home/travis/build/icyphy/ptII/ptolemy/domains/de/test/auto/PeriodicSampler.xml (RunModel)" time="0.008" />
  <testcase classname="ptolemy.util.test.junit.AutoTests" name="[49] /home/travis/build/icyphy/ptII/ptolemy/domains/de/test/auto/PersistentIO.xml (RunModel)" time="0.016" />
  <testcase classname="ptolemy.util.test.junit.AutoTests" name="[50] /home/travis/build/icyphy/ptII/ptolemy/domains/de/test/auto/PortParameterResetOnInitialize.xml (RunModel)" time="0.008" />
  <testcase classname="ptolemy.util.test.junit.AutoTests" name="[51] /home/travis/build/icyphy/ptII/ptolemy/domains/de/test/auto/PortParameterUpdates.xml (RunModel)" time="0.011" />
  <testcase classname="ptolemy.util.test.junit.AutoTests" name="[52] /home/travis/build/icyphy/ptII/ptolemy/domains/de/test/auto/QueueAndServer.xml (RunModel)" time="0.016" />
  <testcase classname="ptolemy.util.test.junit.AutoTests" name="[53] /home/travis/build/icyphy/ptII/ptolemy/domains/de/test/auto/Records.xml (RunModel)" time="0.011" />
  <testcase classname="ptolemy.util.test.junit.AutoTests" name="[54] /home/travis/build/icyphy/ptII/ptolemy/domains/de/test/auto/ResetTransitionWithStartTime1.xml (RunModel)" time="0.018" />
  <testcase classname="ptolemy.util.test.junit.AutoTests" name="[55] /home/travis/build/icyphy/ptII/ptolemy/domains/de/test/auto/ResetTransitionWithStartTime2.xml (RunModel)" time="0.016" />
  <testcase classname="ptolemy.util.test.junit.AutoTests" name="[56] /home/travis/build/icyphy/ptII/ptolemy/domains/de/test/auto/ResetTransitionWithStartTime3.xml (RunModel)" time="0.016" />
  <testcase classname="ptolemy.util.test.junit.AutoTests" name="[57] /home/travis/build/icyphy/ptII/ptolemy/domains/de/test/auto/ResetTransitionWithStartTime4.xml (RunModel)" time="0.024" />
  <testcase classname="ptolemy.util.test.junit.AutoTests" name="[58] /home/travis/build/icyphy/ptII/ptolemy/domains/de/test/auto/ResettableTimer1.xml (RunModel)" time="0.009" />
  <testcase classname="ptolemy.util.test.junit.AutoTests" name="[59] /home/travis/build/icyphy/ptII/ptolemy/domains/de/test/auto/ResettableTimer2.xml (RunModel)" time="0.01" />
  <testcase classname="ptolemy.util.test.junit.AutoTests" name="[60] /home/travis/build/icyphy/ptII/ptolemy/domains/de/test/auto/ResettableTimer3.xml (RunModel)" time="0.007" />
  <testcase classname="ptolemy.util.test.junit.AutoTests" name="[61] /home/travis/build/icyphy/ptII/ptolemy/domains/de/test/auto/ResettableTimer4.xml (RunModel)" time="0.007" />
  <testcase classname="ptolemy.util.test.junit.AutoTests" name="[62] /home/travis/build/icyphy/ptII/ptolemy/domains/de/test/auto/ResettableTimer5.xml (RunModel)" time="0.008" />
  <testcase classname="ptolemy.util.test.junit.AutoTests" name="[63] /home/travis/build/icyphy/ptII/ptolemy/domains/de/test/auto/ResettableTimer6.xml (RunModel)" time="0.008" />
  <testcase classname="ptolemy.util.test.junit.AutoTests" name="[64] /home/travis/build/icyphy/ptII/ptolemy/domains/de/test/auto/ServerZeroDelay.xml (RunModel)" time="0.008" />
  <testcase classname="ptolemy.util.test.junit.AutoTests" name="[65] /home/travis/build/icyphy/ptII/ptolemy/domains/de/test/auto/SmartSender.xml (RunModel)" time="3.008" />
  <testcase classname="ptolemy.util.test.junit.AutoTests" name="[66] /home/travis/build/icyphy/ptII/ptolemy/domains/de/test/auto/ThreadedComposite.xml (RunModel)" time="3.162" />
  <testcase classname="ptolemy.util.test.junit.AutoTests" name="[67] /home/travis/build/icyphy/ptII/ptolemy/domains/de/test/auto/Time.xml (RunModel)" time="0.411" />
  <testcase classname="ptolemy.util.test.junit.AutoTests" name="[68] /home/travis/build/icyphy/ptII/ptolemy/domains/de/test/auto/TimeDelayZeroDelay.xml (RunModel)" time="0.011" />
  <testcase classname="ptolemy.util.test.junit.AutoTests" name="[69] /home/travis/build/icyphy/ptII/ptolemy/domains/de/test/auto/TimerZeroDelay.xml (RunModel)" time="0.01" />
  <testcase classname="ptolemy.util.test.junit.AutoTests" name="[70] /home/travis/build/icyphy/ptII/ptolemy/domains/de/test/auto/TimingParadox.xml (RunModel)" time="0.342" />
  <testcase classname="ptolemy.util.test.junit.AutoTests" name="[71] /home/travis/build/icyphy/ptII/ptolemy/domains/de/test/auto/TransferInputs.xml (RunModel)" time="0.015" />
  <testcase classname="ptolemy.util.test.junit.AutoTests" name="[72] /home/travis/build/icyphy/ptII/ptolemy/domains/de/test/auto/TransferOutputs2.xml (RunModel)" time="0.016" />
  <testcase classname="ptolemy.util.test.junit.AutoTests" name="[73] /home/travis/build/icyphy/ptII/ptolemy/domains/de/test/auto/Trilateration.xml (RunModel)" time="10.984" />
  <testcase classname="ptolemy.util.test.junit.AutoTests" name="[74] /home/travis/build/icyphy/ptII/ptolemy/domains/de/test/auto/TwoSigmaDelta.xml (RunModel)" time="1.863" />
  <testcase classname="ptolemy.util.test.junit.AutoTests" name="[75] /home/travis/build/icyphy/ptII/ptolemy/domains/de/test/auto/VariableDelay.xml (RunModel)" time="0.021" />
  <testcase classname="ptolemy.util.test.junit.AutoTests" name="[76] /home/travis/build/icyphy/ptII/ptolemy/domains/de/test/auto/VariableDelay2.xml (RunModel)" time="0.008" />
  <testcase classname="ptolemy.util.test.junit.AutoTests" name="[77] /home/travis/build/icyphy/ptII/ptolemy/domains/de/test/auto/VariableDelayZeroDelay.xml (RunModel)" time="0.009" />
  <testcase classname="ptolemy.util.test.junit.AutoTests" name="[78] /home/travis/build/icyphy/ptII/ptolemy/domains/de/test/auto/VariableDelayZeroDelay2.xml (RunModel)" time="0.009" />
  <testcase classname="ptolemy.util.test.junit.AutoTests" name="[79] /home/travis/build/icyphy/ptII/ptolemy/domains/de/test/auto/deInCt.xml (RunModel)" time="0.017" />
  <testcase classname="ptolemy.util.test.junit.AutoTests" name="[80] /home/travis/build/icyphy/ptII/ptolemy/domains/de/test/auto/deInCt2.xml (RunModel)" time="0.012" />
  <testcase classname="ptolemy.util.test.junit.AutoTests" name="[81] /home/travis/build/icyphy/ptII/ptolemy/domains/de/test/auto/dynamicCausalityInterface1.xml (RunModel)" time="0.017" />
  <testcase classname="ptolemy.util.test.junit.AutoTests" name="[82] /home/travis/build/icyphy/ptII/ptolemy/domains/de/test/auto/fsm_de_test.xml (RunModel)" time="0.021" />
  <testcase classname="ptolemy.util.test.junit.AutoTests" name="[83] /home/travis/build/icyphy/ptII/ptolemy/domains/de/test/auto/functionDependencyReconstruction.xml (RunModel)" time="0.033" />
  <testcase classname="ptolemy.util.test.junit.AutoTests" name="[84] /home/travis/build/icyphy/ptII/ptolemy/domains/de/test/auto/multirate.xml (RunModel)" time="0.015" />
  <testcase classname="ptolemy.util.test.junit.AutoTests" name="[85] /home/travis/build/icyphy/ptII/ptolemy/domains/de/test/auto/multirate2.xml (RunModel)" time="0.013" />
  <testcase classname="ptolemy.util.test.junit.AutoTests" name="[86] /home/travis/build/icyphy/ptII/ptolemy/domains/de/test/auto/realtime.xml (RunModel)" time="10.009" />
  <testcase classname="ptolemy.util.test.junit.AutoTests" name="[87] /home/travis/build/icyphy/ptII/ptolemy/domains/de/test/auto/relationGroup.xml (RunModel)" time="0.007" />
  <testcase classname="ptolemy.util.test.junit.AutoTests" name="[88] /home/travis/build/icyphy/ptII/ptolemy/domains/de/test/auto/relationGroup2.xml (RunModel)" time="0.006" />
  <testcase classname="ptolemy.util.test.junit.AutoTests" name="[89] /home/travis/build/icyphy/ptII/ptolemy/domains/de/test/auto/sortWithOpaquePorts.xml (RunModel)" time="0.008" />
  <testcase classname="ptolemy.util.test.junit.AutoTests" name="[90] /home/travis/build/icyphy/ptII/ptolemy/domains/de/test/auto/transferInputsandOutputs.xml (RunModel)" time="0.014" />
  <testcase classname="ptolemy.util.test.junit.AutoTests" name="[91] /home/travis/build/icyphy/ptII/ptolemy/domains/de/test/auto/triggerType.xml (RunModel)" time="0.008" />
  <system-out><![CDATA[/home/travis/build/icyphy/ptII/ptolemy/domains/de/test/DependencyLoop.tcl
testDefs.tcl: setting time out to 9000 seconds at Thu Jan 24 03:23:36 UTC 2019
16 ms. Memory: 116224K Free: 93878K (81%)
6 ms. Memory: 146944K Free: 135440K (92%)
/home/travis/build/icyphy/ptII/ptolemy/domains/de/test/RunDETestsAsQSS.tcl
Run the DE tests using ptolemy.domains.qss.test.QSSDirectorTest, which extends QSSDirector and prints a message in the constructors.
------------------ testing $PTII/ptolemy/domains/de/test/auto/knownFailedTests/dependencyLoop.xml (Known Failure) 
9 ms. Memory: 146944K Free: 132328K (90%)


==== $PTIIhome/travis/build/icyphy/ptII/ptolemy/domains/de/test/../../../../: Auto Automatic test in file $PTII/ptolemy/domains/de/test/auto/knownFailedTests/dependencyLoop.xml
==== Contents of test case:

	    # FIXME: we should use $relativeFilename here, but it
	    # might have backslashes under Windows, which causes no end
	    # of trouble.
	    createAndExecute $file
	    list {}
	
.... Test generated KNOWN error:
    while executing
ptolemy.kernel.util.IllegalActionException: Found a zero delay loop containing .dependencyLoop.original
  in .dependencyLoop and .dependencyLoop.original
	at ptolemy.actor.util.CausalityInterfaceForComposites._computeOutputPortDepth(CausalityInterfaceForComposites.java:759)
	at ptolemy.actor.util.CausalityInterfaceForComposites._computeInputDepth(CausalityInterfaceForComposites.java:696)
	at ptolemy.actor.util.CausalityInterfaceForComposites._computeOutputPortDepth(CausalityInterfaceForComposites.java:765)
	at ptolemy.actor.util.CausalityInterfaceForComposites._computeInputDepth(CausalityInterfaceForComposites.java:696)
	at ptolemy.actor.util.CausalityInterfaceForComposites._computeOutputPortDepth(CausalityInterfaceForComposites.java:765)
	at ptolemy.actor.util.CausalityInterfaceForComposites._computeInputDepth(CausalityInterfaceForComposites.java:696)
	at ptolemy.actor.util.CausalityInterfaceForComposites._computeActorDepth(CausalityInterfaceForComposites.java:532)
	at ptolemy.actor.util.CausalityInterfaceForComposites.checkForCycles(CausalityInterfaceForComposites.java:96)
	at ptolemy.domains.de.kernel.DEDirector.preinitialize(DEDirector.java:1338)
	at ptolemy.actor.CompositeActor.preinitialize(CompositeActor.java:1828)
	at ptolemy.actor.Manager.preinitializeAndResolveTypes(Manager.java:1040)
	at ptolemy.actor.Manager.initialize(Manager.java:710)
	at ptolemy.actor.Manager.execute(Manager.java:356)
	at ptolemy.actor.Manager.run(Manager.java:1263)
	at ptolemy.actor.Manager$PtolemyRunThread.run(Manager.java:1915)

    while executing
ptolemy.kernel.util.IllegalActionException: Found a zero delay loop containing .dependencyLoop.original
  in .dependencyLoop and .dependencyLoop.original
    while executing
"java::new ptolemy.moml.MoMLSimpleApplication $file
"
    (procedure "createAndExecute" line 2)
    invoked from within
"createAndExecute $file"
    ("uplevel" body line 5)
    invoked from within
"uplevel $contents_of_test"
------------------ testing $PTII/ptolemy/domains/de/test/auto/knownFailedTests/DESDFClockTest.xml (Known Failure) 
2072 ms. Memory: 146944K Free: 116405K (79%)


==== $PTIIhome/travis/build/icyphy/ptII/ptolemy/domains/de/test/../../../../: Auto Automatic test in file $PTII/ptolemy/domains/de/test/auto/knownFailedTests/DESDFClockTest.xml
==== Contents of test case:

	    # FIXME: we should use $relativeFilename here, but it
	    # might have backslashes under Windows, which causes no end
	    # of trouble.
	    createAndExecute $file
	    list {}
	
.... Test generated KNOWN error:
    while executing
ptolemy.kernel.util.IllegalActionException: Actor is not ready to fire.  Perhaps UpSample.prefire() returned false? Try debugging the actor by selecting "Listen to Actor".  Also, for SDF check moml for tokenConsumptionRate on input.
  in .DESDFClockTest.Play Bell.Copy1:SDF Director and .DESDFClockTest.Play Bell.UpSample
	at ptolemy.actor.sched.StaticSchedulingDirector.fire(StaticSchedulingDirector.java:227)
	at ptolemy.domains.sdf.kernel.SDFDirector.fire(SDFDirector.java:500)
	at ptolemy.actor.CompositeActor.fire(CompositeActor.java:455)
	at ptolemy.domains.de.kernel.DEDirector._fire(DEDirector.java:1949)
	at ptolemy.domains.de.kernel.DEDirector.fire(DEDirector.java:502)
	at ptolemy.actor.CompositeActor.fire(CompositeActor.java:455)
	at ptolemy.actor.Manager.iterate(Manager.java:851)
	at ptolemy.actor.Manager.execute(Manager.java:369)
	at ptolemy.actor.Manager.run(Manager.java:1263)
	at ptolemy.actor.Manager$PtolemyRunThread.run(Manager.java:1915)

    while executing
ptolemy.kernel.util.IllegalActionException: Actor is not ready to fire.  Perhaps UpSample.prefire() returned false? Try debugging the actor by selecting "Listen to Actor".  Also, for SDF check moml for tokenConsumptionRate on input.
  in .DESDFClockTest.Play Bell.Copy1:SDF Director and .DESDFClockTest.Play Bell.UpSample
    while executing
"java::new ptolemy.moml.MoMLSimpleApplication $file
"
    (procedure "createAndExecute" line 2)
    invoked from within
"createAndExecute $file"
    ("uplevel" body line 5)
    invoked from within
"uplevel $contents_of_test"
------------------ testing $PTII/ptolemy/domains/de/test/auto/knownFailedTests/FSMSource.xml (Known Failure) 
22 ms. Memory: 146944K Free: 107300K (73%)
!!!! Auto was marked as failing, but now passes
------------------ testing $PTII/ptolemy/domains/de/test/auto/knownFailedTests/dependencyLoop2.xml (Known Failure) 
6 ms. Memory: 146944K Free: 105416K (72%)


==== $PTIIhome/travis/build/icyphy/ptII/ptolemy/domains/de/test/../../../../: Auto Automatic test in file $PTII/ptolemy/domains/de/test/auto/knownFailedTests/dependencyLoop2.xml
==== Contents of test case:

	    # FIXME: we should use $relativeFilename here, but it
	    # might have backslashes under Windows, which causes no end
	    # of trouble.
	    createAndExecute $file
	    list {}
	
.... Test generated KNOWN error:
    while executing
ptolemy.kernel.util.IllegalActionException: Found a zero delay loop containing .dependencyLoop2.original
  in .dependencyLoop2 and .dependencyLoop2.original
	at ptolemy.actor.util.CausalityInterfaceForComposites._computeOutputPortDepth(CausalityInterfaceForComposites.java:759)
	at ptolemy.actor.util.CausalityInterfaceForComposites._computeInputDepth(CausalityInterfaceForComposites.java:696)
	at ptolemy.actor.util.CausalityInterfaceForComposites._computeOutputPortDepth(CausalityInterfaceForComposites.java:765)
	at ptolemy.actor.util.CausalityInterfaceForComposites._computeInputDepth(CausalityInterfaceForComposites.java:696)
	at ptolemy.actor.util.CausalityInterfaceForComposites._computeOutputPortDepth(CausalityInterfaceForComposites.java:765)
	at ptolemy.actor.util.CausalityInterfaceForComposites._computeInputDepth(CausalityInterfaceForComposites.java:696)
	at ptolemy.actor.util.CausalityInterfaceForComposites._computeActorDepth(CausalityInterfaceForComposites.java:532)
	at ptolemy.actor.util.CausalityInterfaceForComposites.checkForCycles(CausalityInterfaceForComposites.java:96)
	at ptolemy.domains.de.kernel.DEDirector.preinitialize(DEDirector.java:1338)
	at ptolemy.actor.CompositeActor.preinitialize(CompositeActor.java:1828)
	at ptolemy.actor.Manager.preinitializeAndResolveTypes(Manager.java:1040)
	at ptolemy.actor.Manager.initialize(Manager.java:710)
	at ptolemy.actor.Manager.execute(Manager.java:356)
	at ptolemy.actor.Manager.run(Manager.java:1263)
	at ptolemy.actor.Manager$PtolemyRunThread.run(Manager.java:1915)

    while executing
ptolemy.kernel.util.IllegalActionException: Found a zero delay loop containing .dependencyLoop2.original
  in .dependencyLoop2 and .dependencyLoop2.original
    while executing
"java::new ptolemy.moml.MoMLSimpleApplication $file
"
    (procedure "createAndExecute" line 2)
    invoked from within
"createAndExecute $file"
    ("uplevel" body line 5)
    invoked from within
"uplevel $contents_of_test"
------------------ testing $PTII/ptolemy/domains/de/test/auto/knownFailedTests/HierarchicalModel.xml (Known Failure) 
11 ms. Memory: 146944K Free: 84717K (58%)


==== $PTIIhome/travis/build/icyphy/ptII/ptolemy/domains/de/test/../../../../: Auto Automatic test in file $PTII/ptolemy/domains/de/test/auto/knownFailedTests/HierarchicalModel.xml
==== Contents of test case:

	    # FIXME: we should use $relativeFilename here, but it
	    # might have backslashes under Windows, which causes no end
	    # of trouble.
	    createAndExecute $file
	    list {}
	
.... Test generated KNOWN error:
    while executing
ptolemy.kernel.util.IllegalActionException: Found a zero delay loop containing .HierarchicalModel.A
  in .HierarchicalModel and .HierarchicalModel.A
	at ptolemy.actor.util.CausalityInterfaceForComposites._computeOutputPortDepth(CausalityInterfaceForComposites.java:759)
	at ptolemy.actor.util.CausalityInterfaceForComposites._computeInputDepth(CausalityInterfaceForComposites.java:696)
	at ptolemy.actor.util.CausalityInterfaceForComposites._computeOutputPortDepth(CausalityInterfaceForComposites.java:765)
	at ptolemy.actor.util.CausalityInterfaceForComposites._computeInputDepth(CausalityInterfaceForComposites.java:696)
	at ptolemy.actor.util.CausalityInterfaceForComposites._computeOutputPortDepth(CausalityInterfaceForComposites.java:765)
	at ptolemy.actor.util.CausalityInterfaceForComposites._computeInputDepth(CausalityInterfaceForComposites.java:696)
	at ptolemy.actor.util.CausalityInterfaceForComposites._computeActorDepth(CausalityInterfaceForComposites.java:532)
	at ptolemy.actor.util.CausalityInterfaceForComposites.checkForCycles(CausalityInterfaceForComposites.java:96)
	at ptolemy.domains.de.kernel.DEDirector.preinitialize(DEDirector.java:1338)
	at ptolemy.actor.CompositeActor.preinitialize(CompositeActor.java:1828)
	at ptolemy.actor.Manager.preinitializeAndResolveTypes(Manager.java:1040)
	at ptolemy.actor.Manager.initialize(Manager.java:710)
	at ptolemy.actor.Manager.execute(Manager.java:356)
	at ptolemy.actor.Manager.run(Manager.java:1263)
	at ptolemy.actor.Manager$PtolemyRunThread.run(Manager.java:1915)

    while executing
ptolemy.kernel.util.IllegalActionException: Found a zero delay loop containing .HierarchicalModel.A
  in .HierarchicalModel and .HierarchicalModel.A
    while executing
"java::new ptolemy.moml.MoMLSimpleApplication $file
"
    (procedure "createAndExecute" line 2)
    invoked from within
"createAndExecute $file"
    ("uplevel" body line 5)
    invoked from within
"uplevel $contents_of_test"
------------------ testing $PTII/ptolemy/domains/de/test/auto/knownFailedTests/DirectFeedback.xml (Known Failure) 
4 ms. Memory: 146944K Free: 141344K (96%)


==== $PTIIhome/travis/build/icyphy/ptII/ptolemy/domains/de/test/../../../../: Auto Automatic test in file $PTII/ptolemy/domains/de/test/auto/knownFailedTests/DirectFeedback.xml
==== Contents of test case:

	    # FIXME: we should use $relativeFilename here, but it
	    # might have backslashes under Windows, which causes no end
	    # of trouble.
	    createAndExecute $file
	    list {}
	
.... Test generated KNOWN error:
    while executing
ptolemy.kernel.util.IllegalActionException: Test fails in iteration 1.
Value was: 1.0. Should have been: 2.0
  in .DirectFeedback.Test
	at ptolemy.actor.lib.Test.fire(Test.java:268)
	at ptolemy.domains.de.kernel.DEDirector._fire(DEDirector.java:1949)
	at ptolemy.domains.de.kernel.DEDirector.fire(DEDirector.java:502)
	at ptolemy.actor.CompositeActor.fire(CompositeActor.java:455)
	at ptolemy.actor.Manager.iterate(Manager.java:851)
	at ptolemy.actor.Manager.execute(Manager.java:369)
	at ptolemy.actor.Manager.run(Manager.java:1263)
	at ptolemy.actor.Manager$PtolemyRunThread.run(Manager.java:1915)

    while executing
ptolemy.kernel.util.IllegalActionException: Test fails in iteration 1.
Value was: 1.0. Should have been: 2.0
  in .DirectFeedback.Test
    while executing
"java::new ptolemy.moml.MoMLSimpleApplication $file
"
    (procedure "createAndExecute" line 2)
    invoked from within
"createAndExecute $file"
    ("uplevel" body line 5)
    invoked from within
"uplevel $contents_of_test"
------------------ testing $PTII/ptolemy/domains/de/test/auto/ActorDepthCalculation_actorWithoutPorts.xml
auto.tcl: Setting watchdog for 200 seconds at Thu Jan 24 03:23:39 UTC 2019
4 ms. Memory: 146944K Free: 132299K (90%)
ptolemy.util.test.WatchDog.cancel(): canceling Thu Jan 24 03:23:39 UTC 2019
auto.tcl: Setting watchdog for 200 seconds at Thu Jan 24 03:23:39 UTC 2019
5 ms. Memory: 146944K Free: 131244K (89%)
ptolemy.util.test.WatchDog.cancel(): canceling Thu Jan 24 03:23:39 UTC 2019
------------------ testing $PTII/ptolemy/domains/de/test/auto/AssemblyLine.xml
auto.tcl: Setting watchdog for 200 seconds at Thu Jan 24 03:23:39 UTC 2019
12 ms. Memory: 208384K Free: 182745K (88%)
ptolemy.util.test.WatchDog.cancel(): canceling Thu Jan 24 03:23:40 UTC 2019
auto.tcl: Setting watchdog for 200 seconds at Thu Jan 24 03:23:40 UTC 2019
11 ms. Memory: 208384K Free: 182745K (88%)
ptolemy.util.test.WatchDog.cancel(): canceling Thu Jan 24 03:23:40 UTC 2019
------------------ testing $PTII/ptolemy/domains/de/test/auto/CQBug1.xml
auto.tcl: Setting watchdog for 200 seconds at Thu Jan 24 03:23:40 UTC 2019
14 ms. Memory: 208384K Free: 197662K (95%)
ptolemy.util.test.WatchDog.cancel(): canceling Thu Jan 24 03:23:40 UTC 2019
auto.tcl: Setting watchdog for 200 seconds at Thu Jan 24 03:23:40 UTC 2019
2 ms. Memory: 208384K Free: 197662K (95%)
ptolemy.util.test.WatchDog.cancel(): canceling Thu Jan 24 03:23:40 UTC 2019
------------------ testing $PTII/ptolemy/domains/de/test/auto/CancelFireAt.xml
auto.tcl: Setting watchdog for 200 seconds at Thu Jan 24 03:23:40 UTC 2019
10 ms. Memory: 208384K Free: 201065K (96%)
ptolemy.util.test.WatchDog.cancel(): canceling Thu Jan 24 03:23:40 UTC 2019
auto.tcl: Setting watchdog for 200 seconds at Thu Jan 24 03:23:40 UTC 2019
2 ms. Memory: 208384K Free: 198943K (95%)
ptolemy.util.test.WatchDog.cancel(): canceling Thu Jan 24 03:23:40 UTC 2019
------------------ testing $PTII/ptolemy/domains/de/test/auto/CausalityAndComposabilityAnalysis.xml
auto.tcl: Setting watchdog for 200 seconds at Thu Jan 24 03:23:40 UTC 2019
7 ms. Memory: 208384K Free: 198541K (95%)
ptolemy.util.test.WatchDog.cancel(): canceling Thu Jan 24 03:23:40 UTC 2019
auto.tcl: Setting watchdog for 200 seconds at Thu Jan 24 03:23:40 UTC 2019
8 ms. Memory: 208384K Free: 196419K (94%)
ptolemy.util.test.WatchDog.cancel(): canceling Thu Jan 24 03:23:40 UTC 2019
------------------ testing $PTII/ptolemy/domains/de/test/auto/CausalityInterface1.xml
auto.tcl: Setting watchdog for 200 seconds at Thu Jan 24 03:23:40 UTC 2019
18 ms. Memory: 208384K Free: 196357K (94%)
ptolemy.util.test.WatchDog.cancel(): canceling Thu Jan 24 03:23:40 UTC 2019
auto.tcl: Setting watchdog for 200 seconds at Thu Jan 24 03:23:40 UTC 2019
3 ms. Memory: 208384K Free: 196357K (94%)
ptolemy.util.test.WatchDog.cancel(): canceling Thu Jan 24 03:23:40 UTC 2019
------------------ testing $PTII/ptolemy/domains/de/test/auto/CausalityInterface15.xml
auto.tcl: Setting watchdog for 200 seconds at Thu Jan 24 03:23:40 UTC 2019
18 ms. Memory: 208384K Free: 196348K (94%)
ptolemy.util.test.WatchDog.cancel(): canceling Thu Jan 24 03:23:40 UTC 2019
auto.tcl: Setting watchdog for 200 seconds at Thu Jan 24 03:23:40 UTC 2019
8 ms. Memory: 208384K Free: 196348K (94%)
ptolemy.util.test.WatchDog.cancel(): canceling Thu Jan 24 03:23:40 UTC 2019
------------------ testing $PTII/ptolemy/domains/de/test/auto/CausalityInterface2.xml
auto.tcl: Setting watchdog for 200 seconds at Thu Jan 24 03:23:40 UTC 2019
13 ms. Memory: 208384K Free: 196332K (94%)
ptolemy.util.test.WatchDog.cancel(): canceling Thu Jan 24 03:23:40 UTC 2019
auto.tcl: Setting watchdog for 200 seconds at Thu Jan 24 03:23:40 UTC 2019
2 ms. Memory: 208384K Free: 196332K (94%)
ptolemy.util.test.WatchDog.cancel(): canceling Thu Jan 24 03:23:40 UTC 2019
------------------ testing $PTII/ptolemy/domains/de/test/auto/CausalityInterface3.xml
auto.tcl: Setting watchdog for 200 seconds at Thu Jan 24 03:23:40 UTC 2019
6 ms. Memory: 208384K Free: 196345K (94%)
ptolemy.util.test.WatchDog.cancel(): canceling Thu Jan 24 03:23:40 UTC 2019
auto.tcl: Setting watchdog for 200 seconds at Thu Jan 24 03:23:40 UTC 2019
3 ms. Memory: 208384K Free: 196345K (94%)
ptolemy.util.test.WatchDog.cancel(): canceling Thu Jan 24 03:23:40 UTC 2019
------------------ testing $PTII/ptolemy/domains/de/test/auto/ClockDrift.xml
auto.tcl: Setting watchdog for 200 seconds at Thu Jan 24 03:23:40 UTC 2019
94 ms. Memory: 208384K Free: 187512K (90%)
ptolemy.util.test.WatchDog.cancel(): canceling Thu Jan 24 03:23:41 UTC 2019
auto.tcl: Setting watchdog for 200 seconds at Thu Jan 24 03:23:41 UTC 2019
53 ms. Memory: 208384K Free: 185390K (89%)
ptolemy.util.test.WatchDog.cancel(): canceling Thu Jan 24 03:23:41 UTC 2019
------------------ testing $PTII/ptolemy/domains/de/test/auto/ClockDriftAndValueChange.xml
auto.tcl: Setting watchdog for 200 seconds at Thu Jan 24 03:23:41 UTC 2019
48 ms. Memory: 208384K Free: 187344K (90%)
ptolemy.util.test.WatchDog.cancel(): canceling Thu Jan 24 03:23:41 UTC 2019
auto.tcl: Setting watchdog for 200 seconds at Thu Jan 24 03:23:41 UTC 2019
36 ms. Memory: 208384K Free: 185222K (89%)
ptolemy.util.test.WatchDog.cancel(): canceling Thu Jan 24 03:23:41 UTC 2019
------------------ testing $PTII/ptolemy/domains/de/test/auto/ClockDriftChange.xml
auto.tcl: Setting watchdog for 200 seconds at Thu Jan 24 03:23:41 UTC 2019
23 ms. Memory: 208384K Free: 190689K (92%)
ptolemy.util.test.WatchDog.cancel(): canceling Thu Jan 24 03:23:41 UTC 2019
auto.tcl: Setting watchdog for 200 seconds at Thu Jan 24 03:23:41 UTC 2019
19 ms. Memory: 208384K Free: 188567K (90%)
ptolemy.util.test.WatchDog.cancel(): canceling Thu Jan 24 03:23:41 UTC 2019
------------------ testing $PTII/ptolemy/domains/de/test/auto/ComposableCausalityAnalysis.xml
auto.tcl: Setting watchdog for 200 seconds at Thu Jan 24 03:23:41 UTC 2019
2 ms. Memory: 208384K Free: 196198K (94%)
ptolemy.util.test.WatchDog.cancel(): canceling Thu Jan 24 03:23:41 UTC 2019
auto.tcl: Setting watchdog for 200 seconds at Thu Jan 24 03:23:41 UTC 2019
2 ms. Memory: 208384K Free: 194076K (93%)
ptolemy.util.test.WatchDog.cancel(): canceling Thu Jan 24 03:23:41 UTC 2019
------------------ testing $PTII/ptolemy/domains/de/test/auto/DEFixedPointLimitation.xml
auto.tcl: Setting watchdog for 200 seconds at Thu Jan 24 03:23:41 UTC 2019
1 ms. Memory: 208384K Free: 198198K (95%)
ptolemy.util.test.WatchDog.cancel(): canceling Thu Jan 24 03:23:41 UTC 2019
auto.tcl: Setting watchdog for 200 seconds at Thu Jan 24 03:23:41 UTC 2019
2 ms. Memory: 208384K Free: 196076K (94%)
ptolemy.util.test.WatchDog.cancel(): canceling Thu Jan 24 03:23:41 UTC 2019
------------------ testing $PTII/ptolemy/domains/de/test/auto/DEScheduleTest.xml
auto.tcl: Setting watchdog for 200 seconds at Thu Jan 24 03:23:41 UTC 2019
8 ms. Memory: 208384K Free: 198232K (95%)
ptolemy.util.test.WatchDog.cancel(): canceling Thu Jan 24 03:23:41 UTC 2019
auto.tcl: Setting watchdog for 200 seconds at Thu Jan 24 03:23:41 UTC 2019
2 ms. Memory: 208384K Free: 196111K (94%)
ptolemy.util.test.WatchDog.cancel(): canceling Thu Jan 24 03:23:41 UTC 2019
------------------ testing $PTII/ptolemy/domains/de/test/auto/DEinDEwithStartTimes.xml
auto.tcl: Setting watchdog for 200 seconds at Thu Jan 24 03:23:41 UTC 2019
6 ms. Memory: 208384K Free: 196080K (94%)
ptolemy.util.test.WatchDog.cancel(): canceling Thu Jan 24 03:23:41 UTC 2019
auto.tcl: Setting watchdog for 200 seconds at Thu Jan 24 03:23:41 UTC 2019
5 ms. Memory: 208384K Free: 193959K (93%)
ptolemy.util.test.WatchDog.cancel(): canceling Thu Jan 24 03:23:41 UTC 2019
------------------ testing $PTII/ptolemy/domains/de/test/auto/DEinDEwithStartTimes2.xml
auto.tcl: Setting watchdog for 200 seconds at Thu Jan 24 03:23:41 UTC 2019
5 ms. Memory: 208384K Free: 196398K (94%)
ptolemy.util.test.WatchDog.cancel(): canceling Thu Jan 24 03:23:41 UTC 2019
auto.tcl: Setting watchdog for 200 seconds at Thu Jan 24 03:23:41 UTC 2019
5 ms. Memory: 208384K Free: 193938K (93%)
ptolemy.util.test.WatchDog.cancel(): canceling Thu Jan 24 03:23:41 UTC 2019
------------------ testing $PTII/ptolemy/domains/de/test/auto/DateDemo.xml
auto.tcl: Setting watchdog for 200 seconds at Thu Jan 24 03:23:41 UTC 2019
9 ms. Memory: 208384K Free: 188433K (90%)
ptolemy.util.test.WatchDog.cancel(): canceling Thu Jan 24 03:23:41 UTC 2019
auto.tcl: Setting watchdog for 200 seconds at Thu Jan 24 03:23:41 UTC 2019
10 ms. Memory: 208384K Free: 186312K (89%)
ptolemy.util.test.WatchDog.cancel(): canceling Thu Jan 24 03:23:41 UTC 2019
------------------ testing $PTII/ptolemy/domains/de/test/auto/DateToEvent.xml
auto.tcl: Setting watchdog for 200 seconds at Thu Jan 24 03:23:42 UTC 2019
2010 ms. Memory: 208384K Free: 183067K (88%)
ptolemy.util.test.WatchDog.cancel(): canceling Thu Jan 24 03:23:44 UTC 2019
auto.tcl: Setting watchdog for 200 seconds at Thu Jan 24 03:23:44 UTC 2019
2005 ms. Memory: 208384K Free: 180609K (87%)
ptolemy.util.test.WatchDog.cancel(): canceling Thu Jan 24 03:23:46 UTC 2019
------------------ testing $PTII/ptolemy/domains/de/test/auto/DepthTest1.xml
auto.tcl: Setting watchdog for 200 seconds at Thu Jan 24 03:23:46 UTC 2019
2 ms. Memory: 208384K Free: 198100K (95%)
ptolemy.util.test.WatchDog.cancel(): canceling Thu Jan 24 03:23:46 UTC 2019
auto.tcl: Setting watchdog for 200 seconds at Thu Jan 24 03:23:46 UTC 2019
4 ms. Memory: 208384K Free: 198100K (95%)
ptolemy.util.test.WatchDog.cancel(): canceling Thu Jan 24 03:23:46 UTC 2019
------------------ testing $PTII/ptolemy/domains/de/test/auto/DepthTest2.xml
auto.tcl: Setting watchdog for 200 seconds at Thu Jan 24 03:23:46 UTC 2019
6 ms. Memory: 208384K Free: 193950K (93%)
ptolemy.util.test.WatchDog.cancel(): canceling Thu Jan 24 03:23:46 UTC 2019
auto.tcl: Setting watchdog for 200 seconds at Thu Jan 24 03:23:46 UTC 2019
5 ms. Memory: 208384K Free: 193950K (93%)
ptolemy.util.test.WatchDog.cancel(): canceling Thu Jan 24 03:23:46 UTC 2019
------------------ testing $PTII/ptolemy/domains/de/test/auto/DepthTest3.xml
auto.tcl: Setting watchdog for 200 seconds at Thu Jan 24 03:23:46 UTC 2019
1 ms. Memory: 208384K Free: 198094K (95%)
ptolemy.util.test.WatchDog.cancel(): canceling Thu Jan 24 03:23:46 UTC 2019
auto.tcl: Setting watchdog for 200 seconds at Thu Jan 24 03:23:46 UTC 2019
2 ms. Memory: 208384K Free: 198094K (95%)
ptolemy.util.test.WatchDog.cancel(): canceling Thu Jan 24 03:23:46 UTC 2019
------------------ testing $PTII/ptolemy/domains/de/test/auto/DepthTest4.xml
auto.tcl: Setting watchdog for 200 seconds at Thu Jan 24 03:23:46 UTC 2019
3 ms. Memory: 208384K Free: 196060K (94%)
ptolemy.util.test.WatchDog.cancel(): canceling Thu Jan 24 03:23:46 UTC 2019
auto.tcl: Setting watchdog for 200 seconds at Thu Jan 24 03:23:46 UTC 2019
2 ms. Memory: 208384K Free: 196060K (94%)
ptolemy.util.test.WatchDog.cancel(): canceling Thu Jan 24 03:23:46 UTC 2019
------------------ testing $PTII/ptolemy/domains/de/test/auto/DepthTest5.xml
auto.tcl: Setting watchdog for 200 seconds at Thu Jan 24 03:23:46 UTC 2019
5 ms. Memory: 208384K Free: 196007K (94%)
ptolemy.util.test.WatchDog.cancel(): canceling Thu Jan 24 03:23:46 UTC 2019
auto.tcl: Setting watchdog for 200 seconds at Thu Jan 24 03:23:46 UTC 2019
2 ms. Memory: 208384K Free: 196007K (94%)
ptolemy.util.test.WatchDog.cancel(): canceling Thu Jan 24 03:23:46 UTC 2019
------------------ testing $PTII/ptolemy/domains/de/test/auto/DepthTest6.xml
auto.tcl: Setting watchdog for 200 seconds at Thu Jan 24 03:23:46 UTC 2019
7 ms. Memory: 208384K Free: 196304K (94%)
ptolemy.util.test.WatchDog.cancel(): canceling Thu Jan 24 03:23:46 UTC 2019
auto.tcl: Setting watchdog for 200 seconds at Thu Jan 24 03:23:46 UTC 2019
3 ms. Memory: 208384K Free: 196304K (94%)
ptolemy.util.test.WatchDog.cancel(): canceling Thu Jan 24 03:23:46 UTC 2019
------------------ testing $PTII/ptolemy/domains/de/test/auto/DepthTest7.xml
auto.tcl: Setting watchdog for 200 seconds at Thu Jan 24 03:23:46 UTC 2019
3 ms. Memory: 208384K Free: 195963K (94%)
ptolemy.util.test.WatchDog.cancel(): canceling Thu Jan 24 03:23:46 UTC 2019
auto.tcl: Setting watchdog for 200 seconds at Thu Jan 24 03:23:46 UTC 2019
2 ms. Memory: 208384K Free: 195963K (94%)
ptolemy.util.test.WatchDog.cancel(): canceling Thu Jan 24 03:23:46 UTC 2019
------------------ testing $PTII/ptolemy/domains/de/test/auto/EventToDate.xml
auto.tcl: Setting watchdog for 200 seconds at Thu Jan 24 03:23:46 UTC 2019
3011 ms. Memory: 208384K Free: 185376K (89%)
ptolemy.util.test.WatchDog.cancel(): canceling Thu Jan 24 03:23:49 UTC 2019
auto.tcl: Setting watchdog for 200 seconds at Thu Jan 24 03:23:49 UTC 2019
3005 ms. Memory: 208384K Free: 185376K (89%)
ptolemy.util.test.WatchDog.cancel(): canceling Thu Jan 24 03:23:52 UTC 2019
------------------ testing $PTII/ptolemy/domains/de/test/auto/FSM1.xml
auto.tcl: Setting watchdog for 200 seconds at Thu Jan 24 03:23:52 UTC 2019
17 ms. Memory: 208384K Free: 188971K (91%)
ptolemy.util.test.WatchDog.cancel(): canceling Thu Jan 24 03:23:52 UTC 2019
auto.tcl: Setting watchdog for 200 seconds at Thu Jan 24 03:23:52 UTC 2019
14 ms. Memory: 208384K Free: 184727K (89%)
ptolemy.util.test.WatchDog.cancel(): canceling Thu Jan 24 03:23:52 UTC 2019
------------------ testing $PTII/ptolemy/domains/de/test/auto/FSM7.xml
auto.tcl: Setting watchdog for 200 seconds at Thu Jan 24 03:23:52 UTC 2019
16 ms. Memory: 208384K Free: 187050K (90%)
ptolemy.util.test.WatchDog.cancel(): canceling Thu Jan 24 03:23:52 UTC 2019
auto.tcl: Setting watchdog for 200 seconds at Thu Jan 24 03:23:52 UTC 2019
14 ms. Memory: 208384K Free: 184928K (89%)
ptolemy.util.test.WatchDog.cancel(): canceling Thu Jan 24 03:23:52 UTC 2019
------------------ testing $PTII/ptolemy/domains/de/test/auto/Inspection.xml
auto.tcl: Setting watchdog for 200 seconds at Thu Jan 24 03:23:53 UTC 2019
39 ms. Memory: 208384K Free: 188602K (91%)
ptolemy.util.test.WatchDog.cancel(): canceling Thu Jan 24 03:23:53 UTC 2019
auto.tcl: Setting watchdog for 200 seconds at Thu Jan 24 03:23:53 UTC 2019
21 ms. Memory: 208384K Free: 186480K (89%)
ptolemy.util.test.WatchDog.cancel(): canceling Thu Jan 24 03:23:53 UTC 2019
------------------ testing $PTII/ptolemy/domains/de/test/auto/Iteration.xml
auto.tcl: Setting watchdog for 200 seconds at Thu Jan 24 03:23:53 UTC 2019
7 ms. Memory: 208384K Free: 196105K (94%)
ptolemy.util.test.WatchDog.cancel(): canceling Thu Jan 24 03:23:53 UTC 2019
auto.tcl: Setting watchdog for 200 seconds at Thu Jan 24 03:23:53 UTC 2019
8 ms. Memory: 208384K Free: 193983K (93%)
ptolemy.util.test.WatchDog.cancel(): canceling Thu Jan 24 03:23:53 UTC 2019
------------------ testing $PTII/ptolemy/domains/de/test/auto/LineFault.xml
auto.tcl: Setting watchdog for 200 seconds at Thu Jan 24 03:23:53 UTC 2019
624 ms. Memory: 208384K Free: 194706K (93%)
ptolemy.util.test.WatchDog.cancel(): canceling Thu Jan 24 03:23:54 UTC 2019
auto.tcl: Setting watchdog for 200 seconds at Thu Jan 24 03:23:54 UTC 2019
565 ms. Memory: 208384K Free: 138636K (67%)
ptolemy.util.test.WatchDog.cancel(): canceling Thu Jan 24 03:23:54 UTC 2019
------------------ testing $PTII/ptolemy/domains/de/test/auto/MergeModel1Add.xml
auto.tcl: Setting watchdog for 200 seconds at Thu Jan 24 03:23:54 UTC 2019
25 ms. Memory: 331264K Free: 298807K (90%)
ptolemy.util.test.WatchDog.cancel(): canceling Thu Jan 24 03:23:54 UTC 2019
auto.tcl: Setting watchdog for 200 seconds at Thu Jan 24 03:23:54 UTC 2019
11 ms. Memory: 331264K Free: 298807K (90%)
ptolemy.util.test.WatchDog.cancel(): canceling Thu Jan 24 03:23:54 UTC 2019
------------------ testing $PTII/ptolemy/domains/de/test/auto/MergeModel2Add.xml
auto.tcl: Setting watchdog for 200 seconds at Thu Jan 24 03:23:54 UTC 2019
8 ms. Memory: 331264K Free: 304066K (92%)
ptolemy.util.test.WatchDog.cancel(): canceling Thu Jan 24 03:23:55 UTC 2019
auto.tcl: Setting watchdog for 200 seconds at Thu Jan 24 03:23:55 UTC 2019
17 ms. Memory: 331264K Free: 300145K (91%)
ptolemy.util.test.WatchDog.cancel(): canceling Thu Jan 24 03:23:55 UTC 2019
------------------ testing $PTII/ptolemy/domains/de/test/auto/MergeModel3Add.xml
auto.tcl: Setting watchdog for 200 seconds at Thu Jan 24 03:23:55 UTC 2019
13 ms. Memory: 331264K Free: 304076K (92%)
ptolemy.util.test.WatchDog.cancel(): canceling Thu Jan 24 03:23:55 UTC 2019
auto.tcl: Setting watchdog for 200 seconds at Thu Jan 24 03:23:55 UTC 2019
9 ms. Memory: 331264K Free: 300155K (91%)
ptolemy.util.test.WatchDog.cancel(): canceling Thu Jan 24 03:23:55 UTC 2019
------------------ testing $PTII/ptolemy/domains/de/test/auto/MergeWithoutDiscard.xml
auto.tcl: Setting watchdog for 200 seconds at Thu Jan 24 03:23:55 UTC 2019
2 ms. Memory: 331264K Free: 320042K (97%)
ptolemy.util.test.WatchDog.cancel(): canceling Thu Jan 24 03:23:55 UTC 2019
auto.tcl: Setting watchdog for 200 seconds at Thu Jan 24 03:23:55 UTC 2019
1 ms. Memory: 331264K Free: 315835K (95%)
ptolemy.util.test.WatchDog.cancel(): canceling Thu Jan 24 03:23:55 UTC 2019
------------------ testing $PTII/ptolemy/domains/de/test/auto/Modal1.xml
auto.tcl: Setting watchdog for 200 seconds at Thu Jan 24 03:23:55 UTC 2019
10 ms. Memory: 331264K Free: 309763K (94%)
ptolemy.util.test.WatchDog.cancel(): canceling Thu Jan 24 03:23:55 UTC 2019
auto.tcl: Setting watchdog for 200 seconds at Thu Jan 24 03:23:55 UTC 2019
11 ms. Memory: 331264K Free: 305842K (92%)
ptolemy.util.test.WatchDog.cancel(): canceling Thu Jan 24 03:23:55 UTC 2019
------------------ testing $PTII/ptolemy/domains/de/test/auto/Modal2.xml
auto.tcl: Setting watchdog for 200 seconds at Thu Jan 24 03:23:55 UTC 2019
16 ms. Memory: 331264K Free: 309637K (93%)
ptolemy.util.test.WatchDog.cancel(): canceling Thu Jan 24 03:23:55 UTC 2019
auto.tcl: Setting watchdog for 200 seconds at Thu Jan 24 03:23:55 UTC 2019
14 ms. Memory: 331264K Free: 305717K (92%)
ptolemy.util.test.WatchDog.cancel(): canceling Thu Jan 24 03:23:55 UTC 2019
------------------ testing $PTII/ptolemy/domains/de/test/auto/Modal3.xml
auto.tcl: Setting watchdog for 200 seconds at Thu Jan 24 03:23:55 UTC 2019
11 ms. Memory: 331264K Free: 309636K (93%)
ptolemy.util.test.WatchDog.cancel(): canceling Thu Jan 24 03:23:55 UTC 2019
auto.tcl: Setting watchdog for 200 seconds at Thu Jan 24 03:23:55 UTC 2019
10 ms. Memory: 331264K Free: 305715K (92%)
ptolemy.util.test.WatchDog.cancel(): canceling Thu Jan 24 03:23:55 UTC 2019
------------------ testing $PTII/ptolemy/domains/de/test/auto/Modal4.xml
auto.tcl: Setting watchdog for 200 seconds at Thu Jan 24 03:23:55 UTC 2019
21 ms. Memory: 331264K Free: 309641K (93%)
ptolemy.util.test.WatchDog.cancel(): canceling Thu Jan 24 03:23:55 UTC 2019
auto.tcl: Setting watchdog for 200 seconds at Thu Jan 24 03:23:55 UTC 2019
21 ms. Memory: 331264K Free: 305720K (92%)
ptolemy.util.test.WatchDog.cancel(): canceling Thu Jan 24 03:23:55 UTC 2019
------------------ testing $PTII/ptolemy/domains/de/test/auto/Modal5.xml
auto.tcl: Setting watchdog for 200 seconds at Thu Jan 24 03:23:55 UTC 2019
18 ms. Memory: 331264K Free: 309627K (93%)
ptolemy.util.test.WatchDog.cancel(): canceling Thu Jan 24 03:23:55 UTC 2019
auto.tcl: Setting watchdog for 200 seconds at Thu Jan 24 03:23:55 UTC 2019
12 ms. Memory: 331264K Free: 305707K (92%)
ptolemy.util.test.WatchDog.cancel(): canceling Thu Jan 24 03:23:55 UTC 2019
------------------ testing $PTII/ptolemy/domains/de/test/auto/Modal6.xml
auto.tcl: Setting watchdog for 200 seconds at Thu Jan 24 03:23:55 UTC 2019
10 ms. Memory: 331264K Free: 309625K (93%)
ptolemy.util.test.WatchDog.cancel(): canceling Thu Jan 24 03:23:55 UTC 2019
auto.tcl: Setting watchdog for 200 seconds at Thu Jan 24 03:23:55 UTC 2019
13 ms. Memory: 331264K Free: 305704K (92%)
ptolemy.util.test.WatchDog.cancel(): canceling Thu Jan 24 03:23:55 UTC 2019
------------------ testing $PTII/ptolemy/domains/de/test/auto/Modal7.xml
auto.tcl: Setting watchdog for 200 seconds at Thu Jan 24 03:23:55 UTC 2019
9 ms. Memory: 331264K Free: 305704K (92%)
ptolemy.util.test.WatchDog.cancel(): canceling Thu Jan 24 03:23:55 UTC 2019
auto.tcl: Setting watchdog for 200 seconds at Thu Jan 24 03:23:55 UTC 2019
10 ms. Memory: 331264K Free: 305704K (92%)
ptolemy.util.test.WatchDog.cancel(): canceling Thu Jan 24 03:23:56 UTC 2019
------------------ testing $PTII/ptolemy/domains/de/test/auto/ModalModel.xml
auto.tcl: Setting watchdog for 200 seconds at Thu Jan 24 03:23:56 UTC 2019
210 ms. Memory: 331264K Free: 246221K (74%)
ptolemy.util.test.WatchDog.cancel(): canceling Thu Jan 24 03:23:56 UTC 2019
auto.tcl: Setting watchdog for 200 seconds at Thu Jan 24 03:23:56 UTC 2019
179 ms. Memory: 331264K Free: 191330K (58%)
ptolemy.util.test.WatchDog.cancel(): canceling Thu Jan 24 03:23:56 UTC 2019
------------------ testing $PTII/ptolemy/domains/de/test/auto/ModalSource.xml
auto.tcl: Setting watchdog for 200 seconds at Thu Jan 24 03:23:56 UTC 2019
11 ms. Memory: 331264K Free: 316557K (96%)
ptolemy.util.test.WatchDog.cancel(): canceling Thu Jan 24 03:23:56 UTC 2019
auto.tcl: Setting watchdog for 200 seconds at Thu Jan 24 03:23:56 UTC 2019
6 ms. Memory: 331264K Free: 313062K (95%)
ptolemy.util.test.WatchDog.cancel(): canceling Thu Jan 24 03:23:56 UTC 2019
------------------ testing $PTII/ptolemy/domains/de/test/auto/NonInterruptibleTimerZeroDelay.xml
auto.tcl: Setting watchdog for 200 seconds at Thu Jan 24 03:23:56 UTC 2019
3 ms. Memory: 331264K Free: 320705K (97%)
ptolemy.util.test.WatchDog.cancel(): canceling Thu Jan 24 03:23:56 UTC 2019
auto.tcl: Setting watchdog for 200 seconds at Thu Jan 24 03:23:56 UTC 2019
2 ms. Memory: 331264K Free: 317210K (96%)
ptolemy.util.test.WatchDog.cancel(): canceling Thu Jan 24 03:23:56 UTC 2019
------------------ testing $PTII/ptolemy/domains/de/test/auto/OpenQueueingNetwork.xml
auto.tcl: Setting watchdog for 200 seconds at Thu Jan 24 03:23:56 UTC 2019
2706 ms. Memory: 317952K Free: 169512K (53%)
ptolemy.util.test.WatchDog.cancel(): canceling Thu Jan 24 03:23:59 UTC 2019
auto.tcl: Setting watchdog for 200 seconds at Thu Jan 24 03:23:59 UTC 2019
2216 ms. Memory: 287232K Free: 245538K (85%)
ptolemy.util.test.WatchDog.cancel(): canceling Thu Jan 24 03:24:01 UTC 2019
------------------ testing $PTII/ptolemy/domains/de/test/auto/OpenQueuingNetwork.xml
auto.tcl: Setting watchdog for 200 seconds at Thu Jan 24 03:24:01 UTC 2019
237 ms. Memory: 287232K Free: 187100K (65%)
ptolemy.util.test.WatchDog.cancel(): canceling Thu Jan 24 03:24:02 UTC 2019
auto.tcl: Setting watchdog for 200 seconds at Thu Jan 24 03:24:02 UTC 2019
228 ms. Memory: 287232K Free: 129450K (45%)
ptolemy.util.test.WatchDog.cancel(): canceling Thu Jan 24 03:24:02 UTC 2019
------------------ testing $PTII/ptolemy/domains/de/test/auto/PeriodicSampler.xml
auto.tcl: Setting watchdog for 200 seconds at Thu Jan 24 03:24:02 UTC 2019
2 ms. Memory: 289792K Free: 274648K (95%)
ptolemy.util.test.WatchDog.cancel(): canceling Thu Jan 24 03:24:02 UTC 2019
auto.tcl: Setting watchdog for 200 seconds at Thu Jan 24 03:24:02 UTC 2019
1 ms. Memory: 289792K Free: 274648K (95%)
ptolemy.util.test.WatchDog.cancel(): canceling Thu Jan 24 03:24:02 UTC 2019
------------------ testing $PTII/ptolemy/domains/de/test/auto/PersistentIO.xml
auto.tcl: Setting watchdog for 200 seconds at Thu Jan 24 03:24:02 UTC 2019
14 ms. Memory: 287232K Free: 266862K (93%)
ptolemy.util.test.WatchDog.cancel(): canceling Thu Jan 24 03:24:02 UTC 2019
auto.tcl: Setting watchdog for 200 seconds at Thu Jan 24 03:24:02 UTC 2019
4 ms. Memory: 287232K Free: 266862K (93%)
ptolemy.util.test.WatchDog.cancel(): canceling Thu Jan 24 03:24:02 UTC 2019
------------------ testing $PTII/ptolemy/domains/de/test/auto/PortParameterResetOnInitialize.xml
auto.tcl: Setting watchdog for 200 seconds at Thu Jan 24 03:24:02 UTC 2019
3 ms. Memory: 289280K Free: 274480K (95%)
ptolemy.util.test.WatchDog.cancel(): canceling Thu Jan 24 03:24:02 UTC 2019
auto.tcl: Setting watchdog for 200 seconds at Thu Jan 24 03:24:02 UTC 2019
2 ms. Memory: 289280K Free: 274480K (95%)
ptolemy.util.test.WatchDog.cancel(): canceling Thu Jan 24 03:24:02 UTC 2019
------------------ testing $PTII/ptolemy/domains/de/test/auto/PortParameterUpdates.xml
auto.tcl: Setting watchdog for 200 seconds at Thu Jan 24 03:24:02 UTC 2019
3 ms. Memory: 287232K Free: 272581K (95%)
ptolemy.util.test.WatchDog.cancel(): canceling Thu Jan 24 03:24:02 UTC 2019
auto.tcl: Setting watchdog for 200 seconds at Thu Jan 24 03:24:02 UTC 2019
4 ms. Memory: 287232K Free: 269661K (94%)
ptolemy.util.test.WatchDog.cancel(): canceling Thu Jan 24 03:24:02 UTC 2019
------------------ testing $PTII/ptolemy/domains/de/test/auto/QueueAndServer.xml
auto.tcl: Setting watchdog for 200 seconds at Thu Jan 24 03:24:02 UTC 2019
15 ms. Memory: 289280K Free: 273722K (95%)
ptolemy.util.test.WatchDog.cancel(): canceling Thu Jan 24 03:24:02 UTC 2019
auto.tcl: Setting watchdog for 200 seconds at Thu Jan 24 03:24:02 UTC 2019
6 ms. Memory: 289280K Free: 273722K (95%)
ptolemy.util.test.WatchDog.cancel(): canceling Thu Jan 24 03:24:02 UTC 2019
------------------ testing $PTII/ptolemy/domains/de/test/auto/Records.xml
auto.tcl: Setting watchdog for 200 seconds at Thu Jan 24 03:24:02 UTC 2019
5 ms. Memory: 287232K Free: 274527K (96%)
ptolemy.util.test.WatchDog.cancel(): canceling Thu Jan 24 03:24:02 UTC 2019
auto.tcl: Setting watchdog for 200 seconds at Thu Jan 24 03:24:02 UTC 2019
1 ms. Memory: 287232K Free: 274527K (96%)
ptolemy.util.test.WatchDog.cancel(): canceling Thu Jan 24 03:24:02 UTC 2019
------------------ testing $PTII/ptolemy/domains/de/test/auto/ResetTransitionWithStartTime1.xml
auto.tcl: Setting watchdog for 200 seconds at Thu Jan 24 03:24:02 UTC 2019
10 ms. Memory: 288768K Free: 273278K (95%)
ptolemy.util.test.WatchDog.cancel(): canceling Thu Jan 24 03:24:02 UTC 2019
auto.tcl: Setting watchdog for 200 seconds at Thu Jan 24 03:24:02 UTC 2019
5 ms. Memory: 288768K Free: 270256K (94%)
ptolemy.util.test.WatchDog.cancel(): canceling Thu Jan 24 03:24:02 UTC 2019
------------------ testing $PTII/ptolemy/domains/de/test/auto/ResetTransitionWithStartTime2.xml
auto.tcl: Setting watchdog for 200 seconds at Thu Jan 24 03:24:02 UTC 2019
6 ms. Memory: 287232K Free: 271725K (95%)
ptolemy.util.test.WatchDog.cancel(): canceling Thu Jan 24 03:24:02 UTC 2019
auto.tcl: Setting watchdog for 200 seconds at Thu Jan 24 03:24:02 UTC 2019
3 ms. Memory: 287232K Free: 268805K (94%)
ptolemy.util.test.WatchDog.cancel(): canceling Thu Jan 24 03:24:02 UTC 2019
------------------ testing $PTII/ptolemy/domains/de/test/auto/ResetTransitionWithStartTime3.xml
auto.tcl: Setting watchdog for 200 seconds at Thu Jan 24 03:24:03 UTC 2019
5 ms. Memory: 288768K Free: 273175K (95%)
ptolemy.util.test.WatchDog.cancel(): canceling Thu Jan 24 03:24:03 UTC 2019
auto.tcl: Setting watchdog for 200 seconds at Thu Jan 24 03:24:03 UTC 2019
5 ms. Memory: 288768K Free: 270254K (94%)
ptolemy.util.test.WatchDog.cancel(): canceling Thu Jan 24 03:24:03 UTC 2019
------------------ testing $PTII/ptolemy/domains/de/test/auto/ResetTransitionWithStartTime4.xml
auto.tcl: Setting watchdog for 200 seconds at Thu Jan 24 03:24:03 UTC 2019
5 ms. Memory: 287232K Free: 267528K (93%)
ptolemy.util.test.WatchDog.cancel(): canceling Thu Jan 24 03:24:03 UTC 2019
auto.tcl: Setting watchdog for 200 seconds at Thu Jan 24 03:24:03 UTC 2019
3 ms. Memory: 287232K Free: 267528K (93%)
ptolemy.util.test.WatchDog.cancel(): canceling Thu Jan 24 03:24:03 UTC 2019
------------------ testing $PTII/ptolemy/domains/de/test/auto/ResettableTimer1.xml
auto.tcl: Setting watchdog for 200 seconds at Thu Jan 24 03:24:03 UTC 2019
2 ms. Memory: 288768K Free: 276089K (96%)
ptolemy.util.test.WatchDog.cancel(): canceling Thu Jan 24 03:24:03 UTC 2019
auto.tcl: Setting watchdog for 200 seconds at Thu Jan 24 03:24:03 UTC 2019
2 ms. Memory: 288768K Free: 276089K (96%)
ptolemy.util.test.WatchDog.cancel(): canceling Thu Jan 24 03:24:03 UTC 2019
------------------ testing $PTII/ptolemy/domains/de/test/auto/ResettableTimer2.xml
auto.tcl: Setting watchdog for 200 seconds at Thu Jan 24 03:24:03 UTC 2019
3 ms. Memory: 287232K Free: 274696K (96%)
ptolemy.util.test.WatchDog.cancel(): canceling Thu Jan 24 03:24:03 UTC 2019
auto.tcl: Setting watchdog for 200 seconds at Thu Jan 24 03:24:03 UTC 2019
2 ms. Memory: 287232K Free: 274696K (96%)
ptolemy.util.test.WatchDog.cancel(): canceling Thu Jan 24 03:24:03 UTC 2019
------------------ testing $PTII/ptolemy/domains/de/test/auto/ResettableTimer3.xml
auto.tcl: Setting watchdog for 200 seconds at Thu Jan 24 03:24:03 UTC 2019
1 ms. Memory: 288256K Free: 275619K (96%)
ptolemy.util.test.WatchDog.cancel(): canceling Thu Jan 24 03:24:03 UTC 2019
auto.tcl: Setting watchdog for 200 seconds at Thu Jan 24 03:24:03 UTC 2019
1 ms. Memory: 288256K Free: 275619K (96%)
ptolemy.util.test.WatchDog.cancel(): canceling Thu Jan 24 03:24:03 UTC 2019
------------------ testing $PTII/ptolemy/domains/de/test/auto/ResettableTimer4.xml
auto.tcl: Setting watchdog for 200 seconds at Thu Jan 24 03:24:03 UTC 2019
2 ms. Memory: 287232K Free: 274607K (96%)
ptolemy.util.test.WatchDog.cancel(): canceling Thu Jan 24 03:24:03 UTC 2019
auto.tcl: Setting watchdog for 200 seconds at Thu Jan 24 03:24:03 UTC 2019
1 ms. Memory: 287232K Free: 274607K (96%)
ptolemy.util.test.WatchDog.cancel(): canceling Thu Jan 24 03:24:03 UTC 2019
------------------ testing $PTII/ptolemy/domains/de/test/auto/ResettableTimer5.xml
auto.tcl: Setting watchdog for 200 seconds at Thu Jan 24 03:24:03 UTC 2019
3 ms. Memory: 288256K Free: 275731K (96%)
ptolemy.util.test.WatchDog.cancel(): canceling Thu Jan 24 03:24:03 UTC 2019
auto.tcl: Setting watchdog for 200 seconds at Thu Jan 24 03:24:03 UTC 2019
2 ms. Memory: 288256K Free: 275731K (96%)
ptolemy.util.test.WatchDog.cancel(): canceling Thu Jan 24 03:24:03 UTC 2019
------------------ testing $PTII/ptolemy/domains/de/test/auto/ResettableTimer6.xml
auto.tcl: Setting watchdog for 200 seconds at Thu Jan 24 03:24:03 UTC 2019
2 ms. Memory: 287232K Free: 274555K (96%)
ptolemy.util.test.WatchDog.cancel(): canceling Thu Jan 24 03:24:03 UTC 2019
auto.tcl: Setting watchdog for 200 seconds at Thu Jan 24 03:24:03 UTC 2019
1 ms. Memory: 287232K Free: 274555K (96%)
ptolemy.util.test.WatchDog.cancel(): canceling Thu Jan 24 03:24:03 UTC 2019
------------------ testing $PTII/ptolemy/domains/de/test/auto/ServerZeroDelay.xml
auto.tcl: Setting watchdog for 200 seconds at Thu Jan 24 03:24:03 UTC 2019
5 ms. Memory: 288256K Free: 275586K (96%)
ptolemy.util.test.WatchDog.cancel(): canceling Thu Jan 24 03:24:03 UTC 2019
auto.tcl: Setting watchdog for 200 seconds at Thu Jan 24 03:24:03 UTC 2019
2 ms. Memory: 288256K Free: 275586K (96%)
ptolemy.util.test.WatchDog.cancel(): canceling Thu Jan 24 03:24:03 UTC 2019
------------------ testing $PTII/ptolemy/domains/de/test/auto/SmartSender.xml
auto.tcl: Setting watchdog for 200 seconds at Thu Jan 24 03:24:03 UTC 2019
3003 ms. Memory: 287232K Free: 274642K (96%)
ptolemy.util.test.WatchDog.cancel(): canceling Thu Jan 24 03:24:06 UTC 2019
auto.tcl: Setting watchdog for 200 seconds at Thu Jan 24 03:24:06 UTC 2019
3001 ms. Memory: 287232K Free: 274642K (96%)
ptolemy.util.test.WatchDog.cancel(): canceling Thu Jan 24 03:24:09 UTC 2019
------------------ testing $PTII/ptolemy/domains/de/test/auto/ThreadedComposite.xml
auto.tcl: Setting watchdog for 200 seconds at Thu Jan 24 03:24:09 UTC 2019
204 ms. Memory: 288256K Free: 254514K (88%)
ptolemy.util.test.WatchDog.cancel(): canceling Thu Jan 24 03:24:09 UTC 2019
auto.tcl: Setting watchdog for 200 seconds at Thu Jan 24 03:24:09 UTC 2019
150 ms. Memory: 288256K Free: 238414K (83%)
ptolemy.util.test.WatchDog.cancel(): canceling Thu Jan 24 03:24:09 UTC 2019
------------------ testing $PTII/ptolemy/domains/de/test/auto/Time.xml
auto.tcl: Setting watchdog for 200 seconds at Thu Jan 24 03:24:10 UTC 2019
498 ms. Memory: 287232K Free: 220763K (77%)
ptolemy.util.test.WatchDog.cancel(): canceling Thu Jan 24 03:24:10 UTC 2019
auto.tcl: Setting watchdog for 200 seconds at Thu Jan 24 03:24:10 UTC 2019
456 ms. Memory: 287232K Free: 165576K (58%)
ptolemy.util.test.WatchDog.cancel(): canceling Thu Jan 24 03:24:10 UTC 2019
------------------ testing $PTII/ptolemy/domains/de/test/auto/TimeDelayZeroDelay.xml
auto.tcl: Setting watchdog for 200 seconds at Thu Jan 24 03:24:11 UTC 2019
2 ms. Memory: 287744K Free: 275621K (96%)
ptolemy.util.test.WatchDog.cancel(): canceling Thu Jan 24 03:24:11 UTC 2019
auto.tcl: Setting watchdog for 200 seconds at Thu Jan 24 03:24:11 UTC 2019
2 ms. Memory: 287744K Free: 275621K (96%)
ptolemy.util.test.WatchDog.cancel(): canceling Thu Jan 24 03:24:11 UTC 2019
------------------ testing $PTII/ptolemy/domains/de/test/auto/TimerZeroDelay.xml
auto.tcl: Setting watchdog for 200 seconds at Thu Jan 24 03:24:11 UTC 2019
2 ms. Memory: 287232K Free: 275219K (96%)
ptolemy.util.test.WatchDog.cancel(): canceling Thu Jan 24 03:24:11 UTC 2019
auto.tcl: Setting watchdog for 200 seconds at Thu Jan 24 03:24:11 UTC 2019
1 ms. Memory: 287232K Free: 275219K (96%)
ptolemy.util.test.WatchDog.cancel(): canceling Thu Jan 24 03:24:11 UTC 2019
------------------ testing $PTII/ptolemy/domains/de/test/auto/TimingParadox.xml
auto.tcl: Setting watchdog for 200 seconds at Thu Jan 24 03:24:11 UTC 2019
345 ms. Memory: 287744K Free: 209322K (73%)
ptolemy.util.test.WatchDog.cancel(): canceling Thu Jan 24 03:24:11 UTC 2019
auto.tcl: Setting watchdog for 200 seconds at Thu Jan 24 03:24:11 UTC 2019
297 ms. Memory: 287744K Free: 172830K (60%)
ptolemy.util.test.WatchDog.cancel(): canceling Thu Jan 24 03:24:11 UTC 2019
------------------ testing $PTII/ptolemy/domains/de/test/auto/TransferInputs.xml
auto.tcl: Setting watchdog for 200 seconds at Thu Jan 24 03:24:11 UTC 2019
8 ms. Memory: 287744K Free: 274598K (95%)
ptolemy.util.test.WatchDog.cancel(): canceling Thu Jan 24 03:24:11 UTC 2019
auto.tcl: Setting watchdog for 200 seconds at Thu Jan 24 03:24:11 UTC 2019
2 ms. Memory: 287744K Free: 274598K (95%)
ptolemy.util.test.WatchDog.cancel(): canceling Thu Jan 24 03:24:11 UTC 2019
------------------ testing $PTII/ptolemy/domains/de/test/auto/TransferOutputs2.xml
auto.tcl: Setting watchdog for 200 seconds at Thu Jan 24 03:24:12 UTC 2019
6 ms. Memory: 287232K Free: 272573K (95%)
ptolemy.util.test.WatchDog.cancel(): canceling Thu Jan 24 03:24:12 UTC 2019
auto.tcl: Setting watchdog for 200 seconds at Thu Jan 24 03:24:12 UTC 2019
2 ms. Memory: 287232K Free: 269943K (94%)
ptolemy.util.test.WatchDog.cancel(): canceling Thu Jan 24 03:24:12 UTC 2019
------------------ testing $PTII/ptolemy/domains/de/test/auto/Trilateration.xml
auto.tcl: Setting watchdog for 200 seconds at Thu Jan 24 03:24:12 UTC 2019
13026 ms. Memory: 793088K Free: 72415K (9%)
ptolemy.util.test.WatchDog.cancel(): canceling Thu Jan 24 03:24:26 UTC 2019
auto.tcl: Setting watchdog for 200 seconds at Thu Jan 24 03:24:26 UTC 2019
10471 ms. Memory: 639488K Free: 571157K (89%)
ptolemy.util.test.WatchDog.cancel(): canceling Thu Jan 24 03:24:36 UTC 2019
------------------ testing $PTII/ptolemy/domains/de/test/auto/TwoSigmaDelta.xml
auto.tcl: Setting watchdog for 200 seconds at Thu Jan 24 03:24:36 UTC 2019
2833 ms. Memory: 643072K Free: 328127K (51%)
ptolemy.util.test.WatchDog.cancel(): canceling Thu Jan 24 03:24:39 UTC 2019
auto.tcl: Setting watchdog for 200 seconds at Thu Jan 24 03:24:39 UTC 2019
2136 ms. Memory: 643072K Free: 96459K (15%)
ptolemy.util.test.WatchDog.cancel(): canceling Thu Jan 24 03:24:41 UTC 2019
------------------ testing $PTII/ptolemy/domains/de/test/auto/VariableDelay.xml
auto.tcl: Setting watchdog for 200 seconds at Thu Jan 24 03:24:41 UTC 2019
3 ms. Memory: 640000K Free: 620713K (97%)
ptolemy.util.test.WatchDog.cancel(): canceling Thu Jan 24 03:24:41 UTC 2019
auto.tcl: Setting watchdog for 200 seconds at Thu Jan 24 03:24:41 UTC 2019
1 ms. Memory: 640000K Free: 620713K (97%)
ptolemy.util.test.WatchDog.cancel(): canceling Thu Jan 24 03:24:41 UTC 2019
------------------ testing $PTII/ptolemy/domains/de/test/auto/VariableDelay2.xml
auto.tcl: Setting watchdog for 200 seconds at Thu Jan 24 03:24:41 UTC 2019
6 ms. Memory: 639488K Free: 620624K (97%)
ptolemy.util.test.WatchDog.cancel(): canceling Thu Jan 24 03:24:41 UTC 2019
auto.tcl: Setting watchdog for 200 seconds at Thu Jan 24 03:24:41 UTC 2019
2 ms. Memory: 639488K Free: 620624K (97%)
ptolemy.util.test.WatchDog.cancel(): canceling Thu Jan 24 03:24:41 UTC 2019
------------------ testing $PTII/ptolemy/domains/de/test/auto/VariableDelayZeroDelay.xml
auto.tcl: Setting watchdog for 200 seconds at Thu Jan 24 03:24:42 UTC 2019
2 ms. Memory: 639488K Free: 615042K (96%)
ptolemy.util.test.WatchDog.cancel(): canceling Thu Jan 24 03:24:42 UTC 2019
auto.tcl: Setting watchdog for 200 seconds at Thu Jan 24 03:24:42 UTC 2019
2 ms. Memory: 639488K Free: 615042K (96%)
ptolemy.util.test.WatchDog.cancel(): canceling Thu Jan 24 03:24:42 UTC 2019
------------------ testing $PTII/ptolemy/domains/de/test/auto/VariableDelayZeroDelay2.xml
auto.tcl: Setting watchdog for 200 seconds at Thu Jan 24 03:24:42 UTC 2019
2 ms. Memory: 642048K Free: 617600K (96%)
ptolemy.util.test.WatchDog.cancel(): canceling Thu Jan 24 03:24:42 UTC 2019
auto.tcl: Setting watchdog for 200 seconds at Thu Jan 24 03:24:42 UTC 2019
2 ms. Memory: 642048K Free: 617600K (96%)
ptolemy.util.test.WatchDog.cancel(): canceling Thu Jan 24 03:24:42 UTC 2019
------------------ testing $PTII/ptolemy/domains/de/test/auto/deInCt.xml
auto.tcl: Setting watchdog for 200 seconds at Thu Jan 24 03:24:42 UTC 2019
0
1
1
1
0
0
0
1
1
1
1
0
0
0
1
1
1
0
0
0
1
1
1
0
0
0
1
1
1
0
0
0
0
1
1
1
0
0
0
0
12 ms. Memory: 639488K Free: 615029K (96%)
ptolemy.util.test.WatchDog.cancel(): canceling Thu Jan 24 03:24:42 UTC 2019
auto.tcl: Setting watchdog for 200 seconds at Thu Jan 24 03:24:42 UTC 2019
0
1
1
1
0
0
0
1
1
1
0
0
0
1
1
1
1
1
0
0
0
1
1
1
1
0
0
0
0
1
1
1
0
0
0
1
1
1
0
0
0
1
1
1
0
0
1
1
1
1
10 ms. Memory: 639488K Free: 615029K (96%)
ptolemy.util.test.WatchDog.cancel(): canceling Thu Jan 24 03:24:42 UTC 2019
------------------ testing $PTII/ptolemy/domains/de/test/auto/deInCt2.xml
auto.tcl: Setting watchdog for 200 seconds at Thu Jan 24 03:24:42 UTC 2019
0
1
1
1
0
0
1
1
1
0
0
1
1
1
0
0
1
1
1
0
0
1
1
1
0
0
1
1
1
0
0
1
1
1
0
0
1
1
1
0
0
0
9 ms. Memory: 642048K Free: 617597K (96%)
ptolemy.util.test.WatchDog.cancel(): canceling Thu Jan 24 03:24:42 UTC 2019
auto.tcl: Setting watchdog for 200 seconds at Thu Jan 24 03:24:42 UTC 2019
0
1
1
1
0
0
1
1
1
0
0
1
1
1
0
0
1
1
1
0
0
1
1
1
0
0
1
1
1
0
0
1
1
1
0
0
1
1
1
0
0
0
4 ms. Memory: 642048K Free: 617597K (96%)
ptolemy.util.test.WatchDog.cancel(): canceling Thu Jan 24 03:24:42 UTC 2019
------------------ testing $PTII/ptolemy/domains/de/test/auto/dynamicCausalityInterface1.xml
auto.tcl: Setting watchdog for 200 seconds at Thu Jan 24 03:24:42 UTC 2019
1 ms. Memory: 639488K Free: 606613K (95%)
ptolemy.util.test.WatchDog.cancel(): canceling Thu Jan 24 03:24:42 UTC 2019
auto.tcl: Setting watchdog for 200 seconds at Thu Jan 24 03:24:42 UTC 2019
0 ms. Memory: 639488K Free: 606613K (95%)
ptolemy.util.test.WatchDog.cancel(): canceling Thu Jan 24 03:24:42 UTC 2019
------------------ testing $PTII/ptolemy/domains/de/test/auto/fsm_de_test.xml
auto.tcl: Setting watchdog for 200 seconds at Thu Jan 24 03:24:42 UTC 2019
13 ms. Memory: 641536K Free: 616976K (96%)
ptolemy.util.test.WatchDog.cancel(): canceling Thu Jan 24 03:24:42 UTC 2019
auto.tcl: Setting watchdog for 200 seconds at Thu Jan 24 03:24:42 UTC 2019
4 ms. Memory: 641536K Free: 608556K (95%)
ptolemy.util.test.WatchDog.cancel(): canceling Thu Jan 24 03:24:42 UTC 2019
------------------ testing $PTII/ptolemy/domains/de/test/auto/functionDependencyReconstruction.xml
auto.tcl: Setting watchdog for 200 seconds at Thu Jan 24 03:24:42 UTC 2019
2 ms. Memory: 639488K Free: 606499K (95%)
ptolemy.util.test.WatchDog.cancel(): canceling Thu Jan 24 03:24:42 UTC 2019
auto.tcl: Setting watchdog for 200 seconds at Thu Jan 24 03:24:42 UTC 2019
3 ms. Memory: 639488K Free: 598095K (94%)
ptolemy.util.test.WatchDog.cancel(): canceling Thu Jan 24 03:24:42 UTC 2019
------------------ testing $PTII/ptolemy/domains/de/test/auto/multirate.xml
auto.tcl: Setting watchdog for 200 seconds at Thu Jan 24 03:24:42 UTC 2019
4 ms. Memory: 641536K Free: 616843K (96%)
ptolemy.util.test.WatchDog.cancel(): canceling Thu Jan 24 03:24:42 UTC 2019
auto.tcl: Setting watchdog for 200 seconds at Thu Jan 24 03:24:42 UTC 2019
2 ms. Memory: 641536K Free: 616843K (96%)
ptolemy.util.test.WatchDog.cancel(): canceling Thu Jan 24 03:24:42 UTC 2019
------------------ testing $PTII/ptolemy/domains/de/test/auto/multirate2.xml
auto.tcl: Setting watchdog for 200 seconds at Thu Jan 24 03:24:42 UTC 2019
2 ms. Memory: 639488K Free: 614984K (96%)
ptolemy.util.test.WatchDog.cancel(): canceling Thu Jan 24 03:24:42 UTC 2019
auto.tcl: Setting watchdog for 200 seconds at Thu Jan 24 03:24:42 UTC 2019
2 ms. Memory: 639488K Free: 614984K (96%)
ptolemy.util.test.WatchDog.cancel(): canceling Thu Jan 24 03:24:42 UTC 2019
------------------ testing $PTII/ptolemy/domains/de/test/auto/realtime.xml
auto.tcl: Setting watchdog for 200 seconds at Thu Jan 24 03:24:42 UTC 2019
10001 ms. Memory: 641024K Free: 616509K (96%)
ptolemy.util.test.WatchDog.cancel(): canceling Thu Jan 24 03:24:52 UTC 2019
auto.tcl: Setting watchdog for 200 seconds at Thu Jan 24 03:24:52 UTC 2019
10001 ms. Memory: 641024K Free: 616509K (96%)
ptolemy.util.test.WatchDog.cancel(): canceling Thu Jan 24 03:25:02 UTC 2019
------------------ testing $PTII/ptolemy/domains/de/test/auto/relationGroup.xml
auto.tcl: Setting watchdog for 200 seconds at Thu Jan 24 03:25:02 UTC 2019
2 ms. Memory: 639488K Free: 615008K (96%)
ptolemy.util.test.WatchDog.cancel(): canceling Thu Jan 24 03:25:02 UTC 2019
auto.tcl: Setting watchdog for 200 seconds at Thu Jan 24 03:25:02 UTC 2019
1 ms. Memory: 639488K Free: 615008K (96%)
ptolemy.util.test.WatchDog.cancel(): canceling Thu Jan 24 03:25:02 UTC 2019
------------------ testing $PTII/ptolemy/domains/de/test/auto/relationGroup2.xml
auto.tcl: Setting watchdog for 200 seconds at Thu Jan 24 03:25:02 UTC 2019
2 ms. Memory: 641024K Free: 616570K (96%)
ptolemy.util.test.WatchDog.cancel(): canceling Thu Jan 24 03:25:02 UTC 2019
auto.tcl: Setting watchdog for 200 seconds at Thu Jan 24 03:25:02 UTC 2019
1 ms. Memory: 641024K Free: 616570K (96%)
ptolemy.util.test.WatchDog.cancel(): canceling Thu Jan 24 03:25:02 UTC 2019
------------------ testing $PTII/ptolemy/domains/de/test/auto/sortWithOpaquePorts.xml
auto.tcl: Setting watchdog for 200 seconds at Thu Jan 24 03:25:02 UTC 2019
2 ms. Memory: 639488K Free: 615035K (96%)
ptolemy.util.test.WatchDog.cancel(): canceling Thu Jan 24 03:25:02 UTC 2019
auto.tcl: Setting watchdog for 200 seconds at Thu Jan 24 03:25:02 UTC 2019
2 ms. Memory: 639488K Free: 615035K (96%)
ptolemy.util.test.WatchDog.cancel(): canceling Thu Jan 24 03:25:02 UTC 2019
------------------ testing $PTII/ptolemy/domains/de/test/auto/transferInputsandOutputs.xml
auto.tcl: Setting watchdog for 200 seconds at Thu Jan 24 03:25:02 UTC 2019
2 ms. Memory: 640512K Free: 616046K (96%)
ptolemy.util.test.WatchDog.cancel(): canceling Thu Jan 24 03:25:02 UTC 2019
auto.tcl: Setting watchdog for 200 seconds at Thu Jan 24 03:25:02 UTC 2019
2 ms. Memory: 640512K Free: 616046K (96%)
ptolemy.util.test.WatchDog.cancel(): canceling Thu Jan 24 03:25:02 UTC 2019
------------------ testing $PTII/ptolemy/domains/de/test/auto/triggerType.xml
auto.tcl: Setting watchdog for 200 seconds at Thu Jan 24 03:25:03 UTC 2019
2 ms. Memory: 639488K Free: 614972K (96%)
ptolemy.util.test.WatchDog.cancel(): canceling Thu Jan 24 03:25:03 UTC 2019
auto.tcl: Setting watchdog for 200 seconds at Thu Jan 24 03:25:03 UTC 2019
1 ms. Memory: 639488K Free: 614972K (96%)
ptolemy.util.test.WatchDog.cancel(): canceling Thu Jan 24 03:25:03 UTC 2019
01/24/19 03:25:03
Failed: 0  Total Tests: 192  ((Passed: 187, Newly Passed: 1)  Known Failed: 5) /home/travis/build/icyphy/ptII/ptolemy/domains/de/test
01/24/19 03:25:03
Failed: 0  Total Tests: 192  ((Passed: 187, Newly Passed: 1)  Known Failed: 5) /home/travis/build/icyphy/ptII/ptolemy/domains/de/test
----------------- testing (KnownFailure) /home/travis/build/icyphy/ptII/ptolemy/domains/de/test/auto/knownFailedTests/DESDFClockTest.xml
2010 ms. Memory: 640512K Free: 604880K (94%)
Known Failure: java.lang.reflect.InvocationTargetException
----------------- testing (KnownFailure) /home/travis/build/icyphy/ptII/ptolemy/domains/de/test/auto/knownFailedTests/DirectFeedback.xml
2 ms. Memory: 640512K Free: 560233K (87%)
Known Failure: java.lang.reflect.InvocationTargetException
----------------- testing (KnownFailure) /home/travis/build/icyphy/ptII/ptolemy/domains/de/test/auto/knownFailedTests/FSMSource.xml
4 ms. Memory: 640512K Free: 515586K (80%)
----------------- testing (KnownFailure) /home/travis/build/icyphy/ptII/ptolemy/domains/de/test/auto/knownFailedTests/HierarchicalModel.xml
1 ms. Memory: 640512K Free: 482086K (75%)
Known Failure: java.lang.reflect.InvocationTargetException
----------------- testing (KnownFailure) /home/travis/build/icyphy/ptII/ptolemy/domains/de/test/auto/knownFailedTests/dependencyLoop.xml
1 ms. Memory: 640512K Free: 426261K (67%)
Known Failure: java.lang.reflect.InvocationTargetException
----------------- testing (KnownFailure) /home/travis/build/icyphy/ptII/ptolemy/domains/de/test/auto/knownFailedTests/dependencyLoop2.xml
2 ms. Memory: 640512K Free: 370437K (58%)
Known Failure: java.lang.reflect.InvocationTargetException
No auto/linux-amd64/*.xml tests in /home/travis/build/icyphy/ptII/ptolemy/domains/de/test
AutoTests.java: About to close Vertx.
AutoTests.java: Vertx closed.

===========================================================================================
----------------- testing Thu Jan 24 03:25:05 UTC 2019 /home/travis/build/icyphy/ptII/ptolemy/domains/de/test/auto/ActorDepthCalculation_actorWithoutPorts.xml
----------------- Instantiating /home/travis/build/icyphy/ptII/ptolemy/domains/de/test/auto/ActorDepthCalculation_actorWithoutPorts.xml
2 ms. Memory: 640512K Free: 314629K (49%)
----------------- Invoking toplevel() on ptolemy.moml.MoMLSimpleApplication@e30d88a
----------------- Done invoking toplevel() on ptolemy.moml.MoMLSimpleApplication@e30d88a
reloadAllAccessors: .ActorDepthCalculation_actorWithoutPorts

===========================================================================================
----------------- testing Thu Jan 24 03:25:05 UTC 2019 /home/travis/build/icyphy/ptII/ptolemy/domains/de/test/auto/AssemblyLine.xml
----------------- Instantiating /home/travis/build/icyphy/ptII/ptolemy/domains/de/test/auto/AssemblyLine.xml
2 ms. Memory: 640512K Free: 292306K (46%)
----------------- Invoking toplevel() on ptolemy.moml.MoMLSimpleApplication@74881388
----------------- Done invoking toplevel() on ptolemy.moml.MoMLSimpleApplication@74881388
reloadAllAccessors: .AssemblyLine

===========================================================================================
----------------- testing Thu Jan 24 03:25:05 UTC 2019 /home/travis/build/icyphy/ptII/ptolemy/domains/de/test/auto/CQBug1.xml
----------------- Instantiating /home/travis/build/icyphy/ptII/ptolemy/domains/de/test/auto/CQBug1.xml
0 ms. Memory: 640512K Free: 269982K (42%)
----------------- Invoking toplevel() on ptolemy.moml.MoMLSimpleApplication@6f53d277
----------------- Done invoking toplevel() on ptolemy.moml.MoMLSimpleApplication@6f53d277
reloadAllAccessors: .CQBug1

===========================================================================================
----------------- testing Thu Jan 24 03:25:05 UTC 2019 /home/travis/build/icyphy/ptII/ptolemy/domains/de/test/auto/CancelFireAt.xml
----------------- Instantiating /home/travis/build/icyphy/ptII/ptolemy/domains/de/test/auto/CancelFireAt.xml
1 ms. Memory: 640512K Free: 247659K (39%)
----------------- Invoking toplevel() on ptolemy.moml.MoMLSimpleApplication@6f50a452
----------------- Done invoking toplevel() on ptolemy.moml.MoMLSimpleApplication@6f50a452
reloadAllAccessors: .CancelFireAt

===========================================================================================
----------------- testing Thu Jan 24 03:25:05 UTC 2019 /home/travis/build/icyphy/ptII/ptolemy/domains/de/test/auto/CausalityAndComposabilityAnalysis.xml
----------------- Instantiating /home/travis/build/icyphy/ptII/ptolemy/domains/de/test/auto/CausalityAndComposabilityAnalysis.xml
1 ms. Memory: 640512K Free: 225336K (35%)
----------------- Invoking toplevel() on ptolemy.moml.MoMLSimpleApplication@3de4a4d8
----------------- Done invoking toplevel() on ptolemy.moml.MoMLSimpleApplication@3de4a4d8
reloadAllAccessors: .CausalityAndComposabilityAnalysis

===========================================================================================
----------------- testing Thu Jan 24 03:25:05 UTC 2019 /home/travis/build/icyphy/ptII/ptolemy/domains/de/test/auto/CausalityInterface1.xml
----------------- Instantiating /home/travis/build/icyphy/ptII/ptolemy/domains/de/test/auto/CausalityInterface1.xml
3 ms. Memory: 640512K Free: 203013K (32%)
----------------- Invoking toplevel() on ptolemy.moml.MoMLSimpleApplication@64538e25
----------------- Done invoking toplevel() on ptolemy.moml.MoMLSimpleApplication@64538e25
reloadAllAccessors: .CausalityInterface1

===========================================================================================
----------------- testing Thu Jan 24 03:25:05 UTC 2019 /home/travis/build/icyphy/ptII/ptolemy/domains/de/test/auto/CausalityInterface15.xml
----------------- Instantiating /home/travis/build/icyphy/ptII/ptolemy/domains/de/test/auto/CausalityInterface15.xml
2 ms. Memory: 640512K Free: 180689K (28%)
----------------- Invoking toplevel() on ptolemy.moml.MoMLSimpleApplication@36bd431d
----------------- Done invoking toplevel() on ptolemy.moml.MoMLSimpleApplication@36bd431d
reloadAllAccessors: .CausalityInterface15

[...]
java.lang.RuntimeException: Execution failed
	at ptolemy.moml.MoMLSimpleApplication$UnloadThread.run(MoMLSimpleApplication.java:402)
Caused by: ptolemy.kernel.util.IllegalActionException: Test fails in iteration 1.
Value was: 1.0. Should have been: 2.0
  in .DirectFeedback.Test
	at ptolemy.actor.lib.Test.fire(Test.java:268)
	at ptolemy.domains.de.kernel.DEDirector._fire(DEDirector.java:1949)
	at ptolemy.domains.de.kernel.DEDirector.fire(DEDirector.java:502)
	at ptolemy.actor.CompositeActor.fire(CompositeActor.java:455)
	at ptolemy.actor.Manager.iterate(Manager.java:851)
	at ptolemy.actor.Manager.execute(Manager.java:369)
	at ptolemy.actor.Manager.run(Manager.java:1263)
	at ptolemy.actor.Manager$PtolemyRunThread.run(Manager.java:1915)
java.lang.RuntimeException: Execution failed
	at ptolemy.moml.MoMLSimpleApplication$UnloadThread.run(MoMLSimpleApplication.java:402)
Caused by: ptolemy.kernel.util.IllegalActionException: Actor is not ready to fire.  Perhaps UpSample.prefire() returned false? Try debugging the actor by selecting "Listen to Actor".  Also, for SDF check moml for tokenConsumptionRate on input.
  in .DESDFClockTest.Play Bell.Copy1:SDF Director and .DESDFClockTest.Play Bell.UpSample
	at ptolemy.actor.sched.StaticSchedulingDirector.fire(StaticSchedulingDirector.java:227)
	at ptolemy.domains.sdf.kernel.SDFDirector.fire(SDFDirector.java:500)
	at ptolemy.actor.CompositeActor.fire(CompositeActor.java:455)
	at ptolemy.domains.de.kernel.DEDirector._fire(DEDirector.java:1949)
	at ptolemy.domains.de.kernel.DEDirector.fire(DEDirector.java:502)
	at ptolemy.actor.CompositeActor.fire(CompositeActor.java:455)
	at ptolemy.actor.Manager.iterate(Manager.java:851)
	at ptolemy.actor.Manager.execute(Manager.java:369)
	at ptolemy.actor.Manager.run(Manager.java:1263)
	at ptolemy.actor.Manager$PtolemyRunThread.run(Manager.java:1915)
java.lang.reflect.InvocationTargetException
	at sun.reflect.NativeConstructorAccessorImpl.newInstance0(Native Method)
	at sun.reflect.NativeConstructorAccessorImpl.newInstance(NativeConstructorAccessorImpl.java:62)
	at sun.reflect.DelegatingConstructorAccessorImpl.newInstance(DelegatingConstructorAccessorImpl.java:45)
	at java.lang.reflect.Constructor.newInstance(Constructor.java:423)
	at ptolemy.util.test.junit.AutoKnownFailedTests.RunModel(AutoKnownFailedTests.java:105)
	at sun.reflect.NativeMethodAccessorImpl.invoke0(Native Method)
	at sun.reflect.NativeMethodAccessorImpl.invoke(NativeMethodAccessorImpl.java:62)
	at sun.reflect.DelegatingMethodAccessorImpl.invoke(DelegatingMethodAccessorImpl.java:43)
	at java.lang.reflect.Method.invoke(Method.java:498)
	at org.junit.runners.model.FrameworkMethod$1.runReflectiveCall(FrameworkMethod.java:44)
	at org.junit.internal.runners.model.ReflectiveCallable.run(ReflectiveCallable.java:15)
	at org.junit.runners.model.FrameworkMethod.invokeExplosively(FrameworkMethod.java:41)
	at junitparams.internal.InvokeParameterisedMethod.evaluate(InvokeParameterisedMethod.java:102)
	at org.junit.internal.runners.statements.FailOnTimeout$1.run(FailOnTimeout.java:28)
Caused by: ptolemy.kernel.util.IllegalActionException: Actor is not ready to fire.  Perhaps UpSample.prefire() returned false? Try debugging the actor by selecting "Listen to Actor".  Also, for SDF check moml for tokenConsumptionRate on input.
  in .DESDFClockTest.Play Bell.Copy1:SDF Director and .DESDFClockTest.Play Bell.UpSample
	at ptolemy.actor.sched.StaticSchedulingDirector.fire(StaticSchedulingDirector.java:227)
	at ptolemy.domains.sdf.kernel.SDFDirector.fire(SDFDirector.java:500)
	at ptolemy.actor.CompositeActor.fire(CompositeActor.java:455)
	at ptolemy.domains.de.kernel.DEDirector._fire(DEDirector.java:1949)
	at ptolemy.domains.de.kernel.DEDirector.fire(DEDirector.java:502)
	at ptolemy.actor.CompositeActor.fire(CompositeActor.java:455)
	at ptolemy.actor.Manager.iterate(Manager.java:851)
	at ptolemy.actor.Manager.execute(Manager.java:369)
	at ptolemy.actor.Manager.run(Manager.java:1263)
	at ptolemy.actor.Manager$PtolemyRunThread.run(Manager.java:1915)
java.lang.RuntimeException: Execution failed
	at ptolemy.moml.MoMLSimpleApplication$UnloadThread.run(MoMLSimpleApplication.java:402)
Caused by: ptolemy.kernel.util.IllegalActionException: Test fails in iteration 1.
Value was: 1.0. Should have been: 2.0
  in .DirectFeedback.Test
	at ptolemy.actor.lib.Test.fire(Test.java:268)
	at ptolemy.domains.de.kernel.DEDirector._fire(DEDirector.java:1949)
	at ptolemy.domains.de.kernel.DEDirector.fire(DEDirector.java:502)
	at ptolemy.actor.CompositeActor.fire(CompositeActor.java:455)
	at ptolemy.actor.Manager.iterate(Manager.java:851)
	at ptolemy.actor.Manager.execute(Manager.java:369)
	at ptolemy.actor.Manager.run(Manager.java:1263)
	at ptolemy.actor.Manager$PtolemyRunThread.run(Manager.java:1915)
java.lang.reflect.InvocationTargetException
	at sun.reflect.NativeConstructorAccessorImpl.newInstance0(Native Method)
	at sun.reflect.NativeConstructorAccessorImpl.newInstance(NativeConstructorAccessorImpl.java:62)
	at sun.reflect.DelegatingConstructorAccessorImpl.newInstance(DelegatingConstructorAccessorImpl.java:45)
	at java.lang.reflect.Constructor.newInstance(Constructor.java:423)
	at ptolemy.util.test.junit.AutoKnownFailedTests.RunModel(AutoKnownFailedTests.java:105)
	at sun.reflect.NativeMethodAccessorImpl.invoke0(Native Method)
	at sun.reflect.NativeMethodAccessorImpl.invoke(NativeMethodAccessorImpl.java:62)
	at sun.reflect.DelegatingMethodAccessorImpl.invoke(DelegatingMethodAccessorImpl.java:43)
	at java.lang.reflect.Method.invoke(Method.java:498)
	at org.junit.runners.model.FrameworkMethod$1.runReflectiveCall(FrameworkMethod.java:44)
	at org.junit.internal.runners.model.ReflectiveCallable.run(ReflectiveCallable.java:15)
	at org.junit.runners.model.FrameworkMethod.invokeExplosively(FrameworkMethod.java:41)
	at junitparams.internal.InvokeParameterisedMethod.evaluate(InvokeParameterisedMethod.java:102)
	at org.junit.internal.runners.statements.FailOnTimeout$1.run(FailOnTimeout.java:28)
Caused by: ptolemy.kernel.util.IllegalActionException: Test fails in iteration 1.
Value was: 1.0. Should have been: 2.0
  in .DirectFeedback.Test
	at ptolemy.actor.lib.Test.fire(Test.java:268)
	at ptolemy.domains.de.kernel.DEDirector._fire(DEDirector.java:1949)
	at ptolemy.domains.de.kernel.DEDirector.fire(DEDirector.java:502)
	at ptolemy.actor.CompositeActor.fire(CompositeActor.java:455)
	at ptolemy.actor.Manager.iterate(Manager.java:851)
	at ptolemy.actor.Manager.execute(Manager.java:369)
	at ptolemy.actor.Manager.run(Manager.java:1263)
	at ptolemy.actor.Manager$PtolemyRunThread.run(Manager.java:1915)
java.lang.RuntimeException: Execution failed
	at ptolemy.moml.MoMLSimpleApplication$UnloadThread.run(MoMLSimpleApplication.java:402)
Caused by: ptolemy.kernel.util.IllegalActionException: Found a zero delay loop containing .HierarchicalModel.A
  in .HierarchicalModel and .HierarchicalModel.A
	at ptolemy.actor.util.CausalityInterfaceForComposites._computeOutputPortDepth(CausalityInterfaceForComposites.java:759)
	at ptolemy.actor.util.CausalityInterfaceForComposites._computeInputDepth(CausalityInterfaceForComposites.java:696)
	at ptolemy.actor.util.CausalityInterfaceForComposites._computeOutputPortDepth(CausalityInterfaceForComposites.java:765)
	at ptolemy.actor.util.CausalityInterfaceForComposites._computeInputDepth(CausalityInterfaceForComposites.java:696)
	at ptolemy.actor.util.CausalityInterfaceForComposites._computeOutputPortDepth(CausalityInterfaceForComposites.java:765)
	at ptolemy.actor.util.CausalityInterfaceForComposites._computeInputDepth(CausalityInterfaceForComposites.java:696)
	at ptolemy.actor.util.CausalityInterfaceForComposites._computeActorDepth(CausalityInterfaceForComposites.java:532)
	at ptolemy.actor.util.CausalityInterfaceForComposites.checkForCycles(CausalityInterfaceForComposites.java:96)
	at ptolemy.domains.de.kernel.DEDirector.preinitialize(DEDirector.java:1338)
	at ptolemy.actor.CompositeActor.preinitialize(CompositeActor.java:1828)
	at ptolemy.actor.Manager.preinitializeAndResolveTypes(Manager.java:1040)
	at ptolemy.actor.Manager.initialize(Manager.java:710)
	at ptolemy.actor.Manager.execute(Manager.java:356)
	at ptolemy.actor.Manager.run(Manager.java:1263)
	at ptolemy.actor.Manager$PtolemyRunThread.run(Manager.java:1915)
java.lang.reflect.InvocationTargetException
	at sun.reflect.NativeConstructorAccessorImpl.newInstance0(Native Method)
	at sun.reflect.NativeConstructorAccessorImpl.newInstance(NativeConstructorAccessorImpl.java:62)
	at sun.reflect.DelegatingConstructorAccessorImpl.newInstance(DelegatingConstructorAccessorImpl.java:45)
	at java.lang.reflect.Constructor.newInstance(Constructor.java:423)
	at ptolemy.util.test.junit.AutoKnownFailedTests.RunModel(AutoKnownFailedTests.java:105)
	at sun.reflect.NativeMethodAccessorImpl.invoke0(Native Method)
	at sun.reflect.NativeMethodAccessorImpl.invoke(NativeMethodAccessorImpl.java:62)
	at sun.reflect.DelegatingMethodAccessorImpl.invoke(DelegatingMethodAccessorImpl.java:43)
	at java.lang.reflect.Method.invoke(Method.java:498)
	at org.junit.runners.model.FrameworkMethod$1.runReflectiveCall(FrameworkMethod.java:44)
	at org.junit.internal.runners.model.ReflectiveCallable.run(ReflectiveCallable.java:15)
	at org.junit.runners.model.FrameworkMethod.invokeExplosively(FrameworkMethod.java:41)
	at junitparams.internal.InvokeParameterisedMethod.evaluate(InvokeParameterisedMethod.java:102)
	at org.junit.internal.runners.statements.FailOnTimeout$1.run(FailOnTimeout.java:28)
Caused by: ptolemy.kernel.util.IllegalActionException: Found a zero delay loop containing .HierarchicalModel.A
  in .HierarchicalModel and .HierarchicalModel.A
	at ptolemy.actor.util.CausalityInterfaceForComposites._computeOutputPortDepth(CausalityInterfaceForComposites.java:759)
	at ptolemy.actor.util.CausalityInterfaceForComposites._computeInputDepth(CausalityInterfaceForComposites.java:696)
	at ptolemy.actor.util.CausalityInterfaceForComposites._computeOutputPortDepth(CausalityInterfaceForComposites.java:765)
	at ptolemy.actor.util.CausalityInterfaceForComposites._computeInputDepth(CausalityInterfaceForComposites.java:696)
	at ptolemy.actor.util.CausalityInterfaceForComposites._computeOutputPortDepth(CausalityInterfaceForComposites.java:765)
	at ptolemy.actor.util.CausalityInterfaceForComposites._computeInputDepth(CausalityInterfaceForComposites.java:696)
	at ptolemy.actor.util.CausalityInterfaceForComposites._computeActorDepth(CausalityInterfaceForComposites.java:532)
	at ptolemy.actor.util.CausalityInterfaceForComposites.checkForCycles(CausalityInterfaceForComposites.java:96)
	at ptolemy.domains.de.kernel.DEDirector.preinitialize(DEDirector.java:1338)
	at ptolemy.actor.CompositeActor.preinitialize(CompositeActor.java:1828)
	at ptolemy.actor.Manager.preinitializeAndResolveTypes(Manager.java:1040)
	at ptolemy.actor.Manager.initialize(Manager.java:710)
	at ptolemy.actor.Manager.execute(Manager.java:356)
	at ptolemy.actor.Manager.run(Manager.java:1263)
	at ptolemy.actor.Manager$PtolemyRunThread.run(Manager.java:1915)
java.lang.RuntimeException: Execution failed
	at ptolemy.moml.MoMLSimpleApplication$UnloadThread.run(MoMLSimpleApplication.java:402)
Caused by: ptolemy.kernel.util.IllegalActionException: Found a zero delay loop containing .dependencyLoop.original
  in .dependencyLoop and .dependencyLoop.original
	at ptolemy.actor.util.CausalityInterfaceForComposites._computeOutputPortDepth(CausalityInterfaceForComposites.java:759)
	at ptolemy.actor.util.CausalityInterfaceForComposites._computeInputDepth(CausalityInterfaceForComposites.java:696)
	at ptolemy.actor.util.CausalityInterfaceForComposites._computeOutputPortDepth(CausalityInterfaceForComposites.java:765)
	at ptolemy.actor.util.CausalityInterfaceForComposites._computeInputDepth(CausalityInterfaceForComposites.java:696)
	at ptolemy.actor.util.CausalityInterfaceForComposites._computeOutputPortDepth(CausalityInterfaceForComposites.java:765)
	at ptolemy.actor.util.CausalityInterfaceForComposites._computeInputDepth(CausalityInterfaceForComposites.java:696)
	at ptolemy.actor.util.CausalityInterfaceForComposites._computeActorDepth(CausalityInterfaceForComposites.java:532)
	at ptolemy.actor.util.CausalityInterfaceForComposites.checkForCycles(CausalityInterfaceForComposites.java:96)
	at ptolemy.domains.de.kernel.DEDirector.preinitialize(DEDirector.java:1338)
	at ptolemy.actor.CompositeActor.preinitialize(CompositeActor.java:1828)
	at ptolemy.actor.Manager.preinitializeAndResolveTypes(Manager.java:1040)
	at ptolemy.actor.Manager.initialize(Manager.java:710)
	at ptolemy.actor.Manager.execute(Manager.java:356)
	at ptolemy.actor.Manager.run(Manager.java:1263)
	at ptolemy.actor.Manager$PtolemyRunThread.run(Manager.java:1915)
java.lang.reflect.InvocationTargetException
	at sun.reflect.NativeConstructorAccessorImpl.newInstance0(Native Method)
	at sun.reflect.NativeConstructorAccessorImpl.newInstance(NativeConstructorAccessorImpl.java:62)
	at sun.reflect.DelegatingConstructorAccessorImpl.newInstance(DelegatingConstructorAccessorImpl.java:45)
	at java.lang.reflect.Constructor.newInstance(Constructor.java:423)
	at ptolemy.util.test.junit.AutoKnownFailedTests.RunModel(AutoKnownFailedTests.java:105)
	at sun.reflect.NativeMethodAccessorImpl.invoke0(Native Method)
	at sun.reflect.NativeMethodAccessorImpl.invoke(NativeMethodAccessorImpl.java:62)
	at sun.reflect.DelegatingMethodAccessorImpl.invoke(DelegatingMethodAccessorImpl.java:43)
	at java.lang.reflect.Method.invoke(Method.java:498)
	at org.junit.runners.model.FrameworkMethod$1.runReflectiveCall(FrameworkMethod.java:44)
	at org.junit.internal.runners.model.ReflectiveCallable.run(ReflectiveCallable.java:15)
	at org.junit.runners.model.FrameworkMethod.invokeExplosively(FrameworkMethod.java:41)
	at junitparams.internal.InvokeParameterisedMethod.evaluate(InvokeParameterisedMethod.java:102)
	at org.junit.internal.runners.statements.FailOnTimeout$1.run(FailOnTimeout.java:28)
Caused by: ptolemy.kernel.util.IllegalActionException: Found a zero delay loop containing .dependencyLoop.original
  in .dependencyLoop and .dependencyLoop.original
	at ptolemy.actor.util.CausalityInterfaceForComposites._computeOutputPortDepth(CausalityInterfaceForComposites.java:759)
	at ptolemy.actor.util.CausalityInterfaceForComposites._computeInputDepth(CausalityInterfaceForComposites.java:696)
	at ptolemy.actor.util.CausalityInterfaceForComposites._computeOutputPortDepth(CausalityInterfaceForComposites.java:765)
	at ptolemy.actor.util.CausalityInterfaceForComposites._computeInputDepth(CausalityInterfaceForComposites.java:696)
	at ptolemy.actor.util.CausalityInterfaceForComposites._computeOutputPortDepth(CausalityInterfaceForComposites.java:765)
	at ptolemy.actor.util.CausalityInterfaceForComposites._computeInputDepth(CausalityInterfaceForComposites.java:696)
	at ptolemy.actor.util.CausalityInterfaceForComposites._computeActorDepth(CausalityInterfaceForComposites.java:532)
	at ptolemy.actor.util.CausalityInterfaceForComposites.checkForCycles(CausalityInterfaceForComposites.java:96)
	at ptolemy.domains.de.kernel.DEDirector.preinitialize(DEDirector.java:1338)
	at ptolemy.actor.CompositeActor.preinitialize(CompositeActor.java:1828)
	at ptolemy.actor.Manager.preinitializeAndResolveTypes(Manager.java:1040)
	at ptolemy.actor.Manager.initialize(Manager.java:710)
	at ptolemy.actor.Manager.execute(Manager.java:356)
	at ptolemy.actor.Manager.run(Manager.java:1263)
	at ptolemy.actor.Manager$PtolemyRunThread.run(Manager.java:1915)
java.lang.RuntimeException: Execution failed
	at ptolemy.moml.MoMLSimpleApplication$UnloadThread.run(MoMLSimpleApplication.java:402)
Caused by: ptolemy.kernel.util.IllegalActionException: Found a zero delay loop containing .dependencyLoop2.original
  in .dependencyLoop2 and .dependencyLoop2.original
	at ptolemy.actor.util.CausalityInterfaceForComposites._computeOutputPortDepth(CausalityInterfaceForComposites.java:759)
	at ptolemy.actor.util.CausalityInterfaceForComposites._computeInputDepth(CausalityInterfaceForComposites.java:696)
	at ptolemy.actor.util.CausalityInterfaceForComposites._computeOutputPortDepth(CausalityInterfaceForComposites.java:765)
	at ptolemy.actor.util.CausalityInterfaceForComposites._computeInputDepth(CausalityInterfaceForComposites.java:696)
	at ptolemy.actor.util.CausalityInterfaceForComposites._computeOutputPortDepth(CausalityInterfaceForComposites.java:765)
	at ptolemy.actor.util.CausalityInterfaceForComposites._computeInputDepth(CausalityInterfaceForComposites.java:696)
	at ptolemy.actor.util.CausalityInterfaceForComposites._computeActorDepth(CausalityInterfaceForComposites.java:532)
	at ptolemy.actor.util.CausalityInterfaceForComposites.checkForCycles(CausalityInterfaceForComposites.java:96)
	at ptolemy.domains.de.kernel.DEDirector.preinitialize(DEDirector.java:1338)
	at ptolemy.actor.CompositeActor.preinitialize(CompositeActor.java:1828)
	at ptolemy.actor.Manager.preinitializeAndResolveTypes(Manager.java:1040)
	at ptolemy.actor.Manager.initialize(Manager.java:710)
	at ptolemy.actor.Manager.execute(Manager.java:356)
	at ptolemy.actor.Manager.run(Manager.java:1263)
	at ptolemy.actor.Manager$PtolemyRunThread.run(Manager.java:1915)
java.lang.reflect.InvocationTargetException
	at sun.reflect.NativeConstructorAccessorImpl.newInstance0(Native Method)
	at sun.reflect.NativeConstructorAccessorImpl.newInstance(NativeConstructorAccessorImpl.java:62)
	at sun.reflect.DelegatingConstructorAccessorImpl.newInstance(DelegatingConstructorAccessorImpl.java:45)
	at java.lang.reflect.Constructor.newInstance(Constructor.java:423)
	at ptolemy.util.test.junit.AutoKnownFailedTests.RunModel(AutoKnownFailedTests.java:105)
	at sun.reflect.NativeMethodAccessorImpl.invoke0(Native Method)
	at sun.reflect.NativeMethodAccessorImpl.invoke(NativeMethodAccessorImpl.java:62)
	at sun.reflect.DelegatingMethodAccessorImpl.invoke(DelegatingMethodAccessorImpl.java:43)
	at java.lang.reflect.Method.invoke(Method.java:498)
	at org.junit.runners.model.FrameworkMethod$1.runReflectiveCall(FrameworkMethod.java:44)
	at org.junit.internal.runners.model.ReflectiveCallable.run(ReflectiveCallable.java:15)
	at org.junit.runners.model.FrameworkMethod.invokeExplosively(FrameworkMethod.java:41)
	at junitparams.internal.InvokeParameterisedMethod.evaluate(InvokeParameterisedMethod.java:102)
	at org.junit.internal.runners.statements.FailOnTimeout$1.run(FailOnTimeout.java:28)
Caused by: ptolemy.kernel.util.IllegalActionException: Found a zero delay loop containing .dependencyLoop2.original
  in .dependencyLoop2 and .dependencyLoop2.original
	at ptolemy.actor.util.CausalityInterfaceForComposites._computeOutputPortDepth(CausalityInterfaceForComposites.java:759)
	at ptolemy.actor.util.CausalityInterfaceForComposites._computeInputDepth(CausalityInterfaceForComposites.java:696)
	at ptolemy.actor.util.CausalityInterfaceForComposites._computeOutputPortDepth(CausalityInterfaceForComposites.java:765)
	at ptolemy.actor.util.CausalityInterfaceForComposites._computeInputDepth(CausalityInterfaceForComposites.java:696)
	at ptolemy.actor.util.CausalityInterfaceForComposites._computeOutputPortDepth(CausalityInterfaceForComposites.java:765)
	at ptolemy.actor.util.CausalityInterfaceForComposites._computeInputDepth(CausalityInterfaceForComposites.java:696)
	at ptolemy.actor.util.CausalityInterfaceForComposites._computeActorDepth(CausalityInterfaceForComposites.java:532)
	at ptolemy.actor.util.CausalityInterfaceForComposites.checkForCycles(CausalityInterfaceForComposites.java:96)
	at ptolemy.domains.de.kernel.DEDirector.preinitialize(DEDirector.java:1338)
	at ptolemy.actor.CompositeActor.preinitialize(CompositeActor.java:1828)
	at ptolemy.actor.Manager.preinitializeAndResolveTypes(Manager.java:1040)
	at ptolemy.actor.Manager.initialize(Manager.java:710)
	at ptolemy.actor.Manager.execute(Manager.java:356)
	at ptolemy.actor.Manager.run(Manager.java:1263)
	at ptolemy.actor.Manager$PtolemyRunThread.run(Manager.java:1915)
]]></system-err>
</testsuite>
