<?xml version="1.0" encoding="UTF-8" ?>
<testsuite errors="0" failures="0" hostname="travis-job-b5e54a14-5946-4d13-9d64-7501277885e4" name="ptolemy.domains.continuous.test.junit.JUnitTclTest" skipped="0" tests="156" time="75.317" timestamp="2019-02-16T05:01:00">
  <properties>
[...]
</properties>
  <testcase classname="ptolemy.util.test.junit.TclTests" name="[0] ThereAreNoTclTests (RunTclFile)" time="0.002" />
  <testcase classname="ptolemy.util.test.junit.AutoKnownFailedTests" name="[0] ThereAreNoKnowFailedTests (RunModel)" time="0.001" />
  <testcase classname="ptolemy.util.test.junit.AutoNameArchTests" name="[0] ThereAreNoAutoArchTests (RunModel)" time="0.003" />
  <testcase classname="ptolemy.util.test.junit.AutoTests" name="[0] /home/travis/build/icyphy/ptII/ptolemy/domains/continuous/test/auto/BouncingBall.xml (RunModel)" time="3.205" />
  <testcase classname="ptolemy.util.test.junit.AutoTests" name="[1] /home/travis/build/icyphy/ptII/ptolemy/domains/continuous/test/auto/BouncingBallWithoutGR.xml (RunModel)" time="0.943" />
  <testcase classname="ptolemy.util.test.junit.AutoTests" name="[2] /home/travis/build/icyphy/ptII/ptolemy/domains/continuous/test/auto/Brownian.xml (RunModel)" time="0.16" />
  <testcase classname="ptolemy.util.test.junit.AutoTests" name="[3] /home/travis/build/icyphy/ptII/ptolemy/domains/continuous/test/auto/CarTracking.xml (RunModel)" time="3.881" />
  <testcase classname="ptolemy.util.test.junit.AutoTests" name="[4] /home/travis/build/icyphy/ptII/ptolemy/domains/continuous/test/auto/CartPendulum.xml (RunModel)" time="0.545" />
  <testcase classname="ptolemy.util.test.junit.AutoTests" name="[5] /home/travis/build/icyphy/ptII/ptolemy/domains/continuous/test/auto/CausalityInterface10.xml (RunModel)" time="0.047" />
  <testcase classname="ptolemy.util.test.junit.AutoTests" name="[6] /home/travis/build/icyphy/ptII/ptolemy/domains/continuous/test/auto/CausalityInterface11.xml (RunModel)" time="0.036" />
  <testcase classname="ptolemy.util.test.junit.AutoTests" name="[7] /home/travis/build/icyphy/ptII/ptolemy/domains/continuous/test/auto/CausalityInterface12.xml (RunModel)" time="0.039" />
  <testcase classname="ptolemy.util.test.junit.AutoTests" name="[8] /home/travis/build/icyphy/ptII/ptolemy/domains/continuous/test/auto/CausalityInterface13.xml (RunModel)" time="0.042" />
  <testcase classname="ptolemy.util.test.junit.AutoTests" name="[9] /home/travis/build/icyphy/ptII/ptolemy/domains/continuous/test/auto/CausalityInterface14.xml (RunModel)" time="0.026" />
  <testcase classname="ptolemy.util.test.junit.AutoTests" name="[10] /home/travis/build/icyphy/ptII/ptolemy/domains/continuous/test/auto/CausalityInterface4.xml (RunModel)" time="0.033" />
  <testcase classname="ptolemy.util.test.junit.AutoTests" name="[11] /home/travis/build/icyphy/ptII/ptolemy/domains/continuous/test/auto/CausalityInterface5.xml (RunModel)" time="0.03" />
  <testcase classname="ptolemy.util.test.junit.AutoTests" name="[12] /home/travis/build/icyphy/ptII/ptolemy/domains/continuous/test/auto/CausalityInterface6.xml (RunModel)" time="0.026" />
  <testcase classname="ptolemy.util.test.junit.AutoTests" name="[13] /home/travis/build/icyphy/ptII/ptolemy/domains/continuous/test/auto/CausalityInterface7.xml (RunModel)" time="0.036" />
  <testcase classname="ptolemy.util.test.junit.AutoTests" name="[14] /home/travis/build/icyphy/ptII/ptolemy/domains/continuous/test/auto/CausalityInterface8.xml (RunModel)" time="0.038" />
  <testcase classname="ptolemy.util.test.junit.AutoTests" name="[15] /home/travis/build/icyphy/ptII/ptolemy/domains/continuous/test/auto/CausalityInterface9.xml (RunModel)" time="0.04" />
  <testcase classname="ptolemy.util.test.junit.AutoTests" name="[16] /home/travis/build/icyphy/ptII/ptolemy/domains/continuous/test/auto/CausalityInterfaceFeedback1.xml (RunModel)" time="0.028" />
  <testcase classname="ptolemy.util.test.junit.AutoTests" name="[17] /home/travis/build/icyphy/ptII/ptolemy/domains/continuous/test/auto/CausalityInterfaceFeedback2.xml (RunModel)" time="0.041" />
  <testcase classname="ptolemy.util.test.junit.AutoTests" name="[18] /home/travis/build/icyphy/ptII/ptolemy/domains/continuous/test/auto/CompareWithCurrentTime.xml (RunModel)" time="0.028" />
  <testcase classname="ptolemy.util.test.junit.AutoTests" name="[19] /home/travis/build/icyphy/ptII/ptolemy/domains/continuous/test/auto/ComparedClocks.xml (RunModel)" time="0.072" />
  <testcase classname="ptolemy.util.test.junit.AutoTests" name="[20] /home/travis/build/icyphy/ptII/ptolemy/domains/continuous/test/auto/ContinuousAOCClone.xml (RunModel)" time="2.688" />
  <testcase classname="ptolemy.util.test.junit.AutoTests" name="[21] /home/travis/build/icyphy/ptII/ptolemy/domains/continuous/test/auto/ContinuousClock.xml (RunModel)" time="0.095" />
  <testcase classname="ptolemy.util.test.junit.AutoTests" name="[22] /home/travis/build/icyphy/ptII/ptolemy/domains/continuous/test/auto/ContinuousInContinuous.xml (RunModel)" time="0.081" />
  <testcase classname="ptolemy.util.test.junit.AutoTests" name="[23] /home/travis/build/icyphy/ptII/ptolemy/domains/continuous/test/auto/ContinuousInContinuousInContinuous.xml (RunModel)" time="0.028" />
  <testcase classname="ptolemy.util.test.junit.AutoTests" name="[24] /home/travis/build/icyphy/ptII/ptolemy/domains/continuous/test/auto/ContinuousInDE.xml (RunModel)" time="0.139" />
  <testcase classname="ptolemy.util.test.junit.AutoTests" name="[25] /home/travis/build/icyphy/ptII/ptolemy/domains/continuous/test/auto/ContinuousInDE2.xml (RunModel)" time="0.067" />
  <testcase classname="ptolemy.util.test.junit.AutoTests" name="[26] /home/travis/build/icyphy/ptII/ptolemy/domains/continuous/test/auto/ContinuousInDE3.xml (RunModel)" time="0.053" />
  <testcase classname="ptolemy.util.test.junit.AutoTests" name="[27] /home/travis/build/icyphy/ptII/ptolemy/domains/continuous/test/auto/ContinuousInDE4.xml (RunModel)" time="0.036" />
  <testcase classname="ptolemy.util.test.junit.AutoTests" name="[28] /home/travis/build/icyphy/ptII/ptolemy/domains/continuous/test/auto/ContinuousInDEDifferentRefinements.xml (RunModel)" time="0.112" />
  <testcase classname="ptolemy.util.test.junit.AutoTests" name="[29] /home/travis/build/icyphy/ptII/ptolemy/domains/continuous/test/auto/ContinuousInDEDifferentRefinementsPreemptive.xml (RunModel)" time="0.089" />
  <testcase classname="ptolemy.util.test.junit.AutoTests" name="[30] /home/travis/build/icyphy/ptII/ptolemy/domains/continuous/test/auto/ContinuousInDEInContinuous2.xml (RunModel)" time="0.062" />
  <testcase classname="ptolemy.util.test.junit.AutoTests" name="[31] /home/travis/build/icyphy/ptII/ptolemy/domains/continuous/test/auto/ContinuousInDEInContinuous3.xml (RunModel)" time="0.059" />
  <testcase classname="ptolemy.util.test.junit.AutoTests" name="[32] /home/travis/build/icyphy/ptII/ptolemy/domains/continuous/test/auto/ContinuousInDEInput.xml (RunModel)" time="0.04" />
  <testcase classname="ptolemy.util.test.junit.AutoTests" name="[33] /home/travis/build/icyphy/ptII/ptolemy/domains/continuous/test/auto/ContinuousInDEInput2.xml (RunModel)" time="0.036" />
  <testcase classname="ptolemy.util.test.junit.AutoTests" name="[34] /home/travis/build/icyphy/ptII/ptolemy/domains/continuous/test/auto/ContinuousInDEInput3.xml (RunModel)" time="0.026" />
  <testcase classname="ptolemy.util.test.junit.AutoTests" name="[35] /home/travis/build/icyphy/ptII/ptolemy/domains/continuous/test/auto/ContinuousInDESharingRefinement.xml (RunModel)" time="0.182" />
  <testcase classname="ptolemy.util.test.junit.AutoTests" name="[36] /home/travis/build/icyphy/ptII/ptolemy/domains/continuous/test/auto/ContinuousInDEwithNoPorts.xml (RunModel)" time="0.015" />
  <testcase classname="ptolemy.util.test.junit.AutoTests" name="[37] /home/travis/build/icyphy/ptII/ptolemy/domains/continuous/test/auto/ContinuousInsideDE.xml (RunModel)" time="0.066" />
  <testcase classname="ptolemy.util.test.junit.AutoTests" name="[38] /home/travis/build/icyphy/ptII/ptolemy/domains/continuous/test/auto/ContinuousMerge1.xml (RunModel)" time="0.015" />
  <testcase classname="ptolemy.util.test.junit.AutoTests" name="[39] /home/travis/build/icyphy/ptII/ptolemy/domains/continuous/test/auto/ContinuousMerge2.xml (RunModel)" time="0.037" />
  <testcase classname="ptolemy.util.test.junit.AutoTests" name="[40] /home/travis/build/icyphy/ptII/ptolemy/domains/continuous/test/auto/ContinuousMerge3.xml (RunModel)" time="0.078" />
  <testcase classname="ptolemy.util.test.junit.AutoTests" name="[41] /home/travis/build/icyphy/ptII/ptolemy/domains/continuous/test/auto/ContinuousWithinContinuous.xml (RunModel)" time="0.05" />
  <testcase classname="ptolemy.util.test.junit.AutoTests" name="[42] /home/travis/build/icyphy/ptII/ptolemy/domains/continuous/test/auto/ContinuousWithinContinuous2.xml (RunModel)" time="0.081" />
  <testcase classname="ptolemy.util.test.junit.AutoTests" name="[43] /home/travis/build/icyphy/ptII/ptolemy/domains/continuous/test/auto/ContinuousWithinContinuous3.xml (RunModel)" time="0.026" />
  <testcase classname="ptolemy.util.test.junit.AutoTests" name="[44] /home/travis/build/icyphy/ptII/ptolemy/domains/continuous/test/auto/ContinuousWithinContinuous4.xml (RunModel)" time="0.078" />
  <testcase classname="ptolemy.util.test.junit.AutoTests" name="[45] /home/travis/build/icyphy/ptII/ptolemy/domains/continuous/test/auto/ContinuousWithinContinuous5.xml (RunModel)" time="0.029" />
  <testcase classname="ptolemy.util.test.junit.AutoTests" name="[46] /home/travis/build/icyphy/ptII/ptolemy/domains/continuous/test/auto/ContinuousWithinContinuous6.xml (RunModel)" time="0.028" />
  <testcase classname="ptolemy.util.test.junit.AutoTests" name="[47] /home/travis/build/icyphy/ptII/ptolemy/domains/continuous/test/auto/ContinuousWithinContinuous7.xml (RunModel)" time="0.063" />
  <testcase classname="ptolemy.util.test.junit.AutoTests" name="[48] /home/travis/build/icyphy/ptII/ptolemy/domains/continuous/test/auto/DCMotor.xml (RunModel)" time="14.421" />
  <testcase classname="ptolemy.util.test.junit.AutoTests" name="[49] /home/travis/build/icyphy/ptII/ptolemy/domains/continuous/test/auto/DEInContinuous.xml (RunModel)" time="0.022" />
  <testcase classname="ptolemy.util.test.junit.AutoTests" name="[50] /home/travis/build/icyphy/ptII/ptolemy/domains/continuous/test/auto/DEinContinuous2.xml (RunModel)" time="0.04" />
  <testcase classname="ptolemy.util.test.junit.AutoTests" name="[51] /home/travis/build/icyphy/ptII/ptolemy/domains/continuous/test/auto/Derivative.xml (RunModel)" time="0.214" />
  <testcase classname="ptolemy.util.test.junit.AutoTests" name="[52] /home/travis/build/icyphy/ptII/ptolemy/domains/continuous/test/auto/Derivative1.xml (RunModel)" time="0.045" />
  <testcase classname="ptolemy.util.test.junit.AutoTests" name="[53] /home/travis/build/icyphy/ptII/ptolemy/domains/continuous/test/auto/DiscreteClock.xml (RunModel)" time="0.017" />
  <testcase classname="ptolemy.util.test.junit.AutoTests" name="[54] /home/travis/build/icyphy/ptII/ptolemy/domains/continuous/test/auto/EfficiencyCurve.xml (RunModel)" time="0.098" />
  <testcase classname="ptolemy.util.test.junit.AutoTests" name="[55] /home/travis/build/icyphy/ptII/ptolemy/domains/continuous/test/auto/ExponentialResponse.xml (RunModel)" time="0.118" />
  <testcase classname="ptolemy.util.test.junit.AutoTests" name="[56] /home/travis/build/icyphy/ptII/ptolemy/domains/continuous/test/auto/ExponentialResponseRK45.xml (RunModel)" time="0.033" />
  <testcase classname="ptolemy.util.test.junit.AutoTests" name="[57] /home/travis/build/icyphy/ptII/ptolemy/domains/continuous/test/auto/Friction.xml (RunModel)" time="1.366" />
  <testcase classname="ptolemy.util.test.junit.AutoTests" name="[58] /home/travis/build/icyphy/ptII/ptolemy/domains/continuous/test/auto/FurutaPendulum.xml (RunModel)" time="3.668" />
  <testcase classname="ptolemy.util.test.junit.AutoTests" name="[59] /home/travis/build/icyphy/ptII/ptolemy/domains/continuous/test/auto/HierarchicalExecution.xml (RunModel)" time="2.466" />
  <testcase classname="ptolemy.util.test.junit.AutoTests" name="[60] /home/travis/build/icyphy/ptII/ptolemy/domains/continuous/test/auto/HybridPlant.xml (RunModel)" time="0.62" />
  <testcase classname="ptolemy.util.test.junit.AutoTests" name="[61] /home/travis/build/icyphy/ptII/ptolemy/domains/continuous/test/auto/Hysteresis.xml (RunModel)" time="0.177" />
  <testcase classname="ptolemy.util.test.junit.AutoTests" name="[62] /home/travis/build/icyphy/ptII/ptolemy/domains/continuous/test/auto/HysteresisWithRandomDelay.xml (RunModel)" time="0.224" />
  <testcase classname="ptolemy.util.test.junit.AutoTests" name="[63] /home/travis/build/icyphy/ptII/ptolemy/domains/continuous/test/auto/HysteresisWithRandomLosses.xml (RunModel)" time="2.477" />
  <testcase classname="ptolemy.util.test.junit.AutoTests" name="[64] /home/travis/build/icyphy/ptII/ptolemy/domains/continuous/test/auto/ImmediateTransitions.xml (RunModel)" time="0.034" />
  <testcase classname="ptolemy.util.test.junit.AutoTests" name="[65] /home/travis/build/icyphy/ptII/ptolemy/domains/continuous/test/auto/ImpulseFeedback.xml (RunModel)" time="0.026" />
  <testcase classname="ptolemy.util.test.junit.AutoTests" name="[66] /home/travis/build/icyphy/ptII/ptolemy/domains/continuous/test/auto/ImpulseFeedback2.xml (RunModel)" time="0.022" />
  <testcase classname="ptolemy.util.test.junit.AutoTests" name="[67] /home/travis/build/icyphy/ptII/ptolemy/domains/continuous/test/auto/IncreasingRatePoisson.xml (RunModel)" time="0.695" />
  <testcase classname="ptolemy.util.test.junit.AutoTests" name="[68] /home/travis/build/icyphy/ptII/ptolemy/domains/continuous/test/auto/InitialStateFeedback.xml (RunModel)" time="0.013" />
  <testcase classname="ptolemy.util.test.junit.AutoTests" name="[69] /home/travis/build/icyphy/ptII/ptolemy/domains/continuous/test/auto/Integration.xml (RunModel)" time="0.013" />
  <testcase classname="ptolemy.util.test.junit.AutoTests" name="[70] /home/travis/build/icyphy/ptII/ptolemy/domains/continuous/test/auto/Integration2.xml (RunModel)" time="0.09" />
  <testcase classname="ptolemy.util.test.junit.AutoTests" name="[71] /home/travis/build/icyphy/ptII/ptolemy/domains/continuous/test/auto/Integration3.xml (RunModel)" time="0.011" />
  <testcase classname="ptolemy.util.test.junit.AutoTests" name="[72] /home/travis/build/icyphy/ptII/ptolemy/domains/continuous/test/auto/Integration5.xml (RunModel)" time="0.022" />
  <testcase classname="ptolemy.util.test.junit.AutoTests" name="[73] /home/travis/build/icyphy/ptII/ptolemy/domains/continuous/test/auto/IntegratorImpulse.xml (RunModel)" time="0.013" />
  <testcase classname="ptolemy.util.test.junit.AutoTests" name="[74] /home/travis/build/icyphy/ptII/ptolemy/domains/continuous/test/auto/IntegratorImpulse2.xml (RunModel)" time="0.012" />
  <testcase classname="ptolemy.util.test.junit.AutoTests" name="[75] /home/travis/build/icyphy/ptII/ptolemy/domains/continuous/test/auto/LevelCrossing1.xml (RunModel)" time="0.012" />
  <testcase classname="ptolemy.util.test.junit.AutoTests" name="[76] /home/travis/build/icyphy/ptII/ptolemy/domains/continuous/test/auto/LevelCrossing2.xml (RunModel)" time="0.014" />
  <testcase classname="ptolemy.util.test.junit.AutoTests" name="[77] /home/travis/build/icyphy/ptII/ptolemy/domains/continuous/test/auto/LevelCrossing3.xml (RunModel)" time="0.017" />
  <testcase classname="ptolemy.util.test.junit.AutoTests" name="[78] /home/travis/build/icyphy/ptII/ptolemy/domains/continuous/test/auto/LevelCrossing4.xml (RunModel)" time="0.015" />
  <testcase classname="ptolemy.util.test.junit.AutoTests" name="[79] /home/travis/build/icyphy/ptII/ptolemy/domains/continuous/test/auto/LevelCrossing5.xml (RunModel)" time="0.012" />
  <testcase classname="ptolemy.util.test.junit.AutoTests" name="[80] /home/travis/build/icyphy/ptII/ptolemy/domains/continuous/test/auto/LevelCrossing6.xml (RunModel)" time="0.016" />
  <testcase classname="ptolemy.util.test.junit.AutoTests" name="[81] /home/travis/build/icyphy/ptII/ptolemy/domains/continuous/test/auto/LevelCrossingDetector.xml (RunModel)" time="0.043" />
  <testcase classname="ptolemy.util.test.junit.AutoTests" name="[82] /home/travis/build/icyphy/ptII/ptolemy/domains/continuous/test/auto/LevelCrossingDetectorDetectingDirections.xml (RunModel)" time="0.083" />
  <testcase classname="ptolemy.util.test.junit.AutoTests" name="[83] /home/travis/build/icyphy/ptII/ptolemy/domains/continuous/test/auto/LevelCrossingDetectorDetectsGlitches.xml (RunModel)" time="0.065" />
  <testcase classname="ptolemy.util.test.junit.AutoTests" name="[84] /home/travis/build/icyphy/ptII/ptolemy/domains/continuous/test/auto/LevelCrossingNoInitialOuput.xml (RunModel)" time="0.012" />
  <testcase classname="ptolemy.util.test.junit.AutoTests" name="[85] /home/travis/build/icyphy/ptII/ptolemy/domains/continuous/test/auto/LinearStateSpaceExample.xml (RunModel)" time="0.036" />
  <testcase classname="ptolemy.util.test.junit.AutoTests" name="[86] /home/travis/build/icyphy/ptII/ptolemy/domains/continuous/test/auto/Lorenz.xml (RunModel)" time="3.98" />
  <testcase classname="ptolemy.util.test.junit.AutoTests" name="[87] /home/travis/build/icyphy/ptII/ptolemy/domains/continuous/test/auto/LorenzDifferentialSystem.xml (RunModel)" time="1.061" />
  <testcase classname="ptolemy.util.test.junit.AutoTests" name="[88] /home/travis/build/icyphy/ptII/ptolemy/domains/continuous/test/auto/LorenzDifferentialSystemWithInput.xml (RunModel)" time="1.401" />
  <testcase classname="ptolemy.util.test.junit.AutoTests" name="[89] /home/travis/build/icyphy/ptII/ptolemy/domains/continuous/test/auto/LorenzDifferentialSystemWithTime.xml (RunModel)" time="0.829" />
  <testcase classname="ptolemy.util.test.junit.AutoTests" name="[90] /home/travis/build/icyphy/ptII/ptolemy/domains/continuous/test/auto/Microsteps.xml (RunModel)" time="0.052" />
  <testcase classname="ptolemy.util.test.junit.AutoTests" name="[91] /home/travis/build/icyphy/ptII/ptolemy/domains/continuous/test/auto/Modal1.xml (RunModel)" time="0.076" />
  <testcase classname="ptolemy.util.test.junit.AutoTests" name="[92] /home/travis/build/icyphy/ptII/ptolemy/domains/continuous/test/auto/Modal2.xml (RunModel)" time="0.083" />
  <testcase classname="ptolemy.util.test.junit.AutoTests" name="[93] /home/travis/build/icyphy/ptII/ptolemy/domains/continuous/test/auto/ModalTransitionGuardWithReset.xml (RunModel)" time="0.046" />
  <testcase classname="ptolemy.util.test.junit.AutoTests" name="[94] /home/travis/build/icyphy/ptII/ptolemy/domains/continuous/test/auto/ModalTransitionGuardWithResetUsingPreemptiveTransition.xml (RunModel)" time="0.055" />
  <testcase classname="ptolemy.util.test.junit.AutoTests" name="[95] /home/travis/build/icyphy/ptII/ptolemy/domains/continuous/test/auto/ModalTransitionGuardWithResetUsingPreemptiveTransition2.xml (RunModel)" time="0.028" />
  <testcase classname="ptolemy.util.test.junit.AutoTests" name="[96] /home/travis/build/icyphy/ptII/ptolemy/domains/continuous/test/auto/ModalTransitionGuardWithResetUsingPreemptiveTransition3.xml (RunModel)" time="0.032" />
  <testcase classname="ptolemy.util.test.junit.AutoTests" name="[97] /home/travis/build/icyphy/ptII/ptolemy/domains/continuous/test/auto/NewtonsCradle.xml (RunModel)" time="0.778" />
  <testcase classname="ptolemy.util.test.junit.AutoTests" name="[98] /home/travis/build/icyphy/ptII/ptolemy/domains/continuous/test/auto/NewtonsCradleAnimated.xml (RunModel)" time="1.299" />
  <testcase classname="ptolemy.util.test.junit.AutoTests" name="[99] /home/travis/build/icyphy/ptII/ptolemy/domains/continuous/test/auto/NewtonsCradleComplicated.xml (RunModel)" time="0.947" />
  <testcase classname="ptolemy.util.test.junit.AutoTests" name="[100] /home/travis/build/icyphy/ptII/ptolemy/domains/continuous/test/auto/NewtonsCradleNondeterministic.xml (RunModel)" time="0.735" />
  <testcase classname="ptolemy.util.test.junit.AutoTests" name="[101] /home/travis/build/icyphy/ptII/ptolemy/domains/continuous/test/auto/NewtonsCradlePerfectlyInelastic1.xml (RunModel)" time="1.291" />
  <testcase classname="ptolemy.util.test.junit.AutoTests" name="[102] /home/travis/build/icyphy/ptII/ptolemy/domains/continuous/test/auto/Noise.xml (RunModel)" time="0.185" />
  <testcase classname="ptolemy.util.test.junit.AutoTests" name="[103] /home/travis/build/icyphy/ptII/ptolemy/domains/continuous/test/auto/NoiseSpectrum.xml (RunModel)" time="0.759" />
  <testcase classname="ptolemy.util.test.junit.AutoTests" name="[104] /home/travis/build/icyphy/ptII/ptolemy/domains/continuous/test/auto/ParameterizedNewtonsCradleAnimated.xml (RunModel)" time="0.361" />
  <testcase classname="ptolemy.util.test.junit.AutoTests" name="[105] /home/travis/build/icyphy/ptII/ptolemy/domains/continuous/test/auto/ParameterizedNewtonsCradleAnimatedNondeterministic.xml (RunModel)" time="1.139" />
  <testcase classname="ptolemy.util.test.junit.AutoTests" name="[106] /home/travis/build/icyphy/ptII/ptolemy/domains/continuous/test/auto/Pendulum3D.xml (RunModel)" time="0.158" />
  <testcase classname="ptolemy.util.test.junit.AutoTests" name="[107] /home/travis/build/icyphy/ptII/ptolemy/domains/continuous/test/auto/PeriodicSampler.xml (RunModel)" time="0.009" />
  <testcase classname="ptolemy.util.test.junit.AutoTests" name="[108] /home/travis/build/icyphy/ptII/ptolemy/domains/continuous/test/auto/PeriodicSampler1.xml (RunModel)" time="0.05" />
  <testcase classname="ptolemy.util.test.junit.AutoTests" name="[109] /home/travis/build/icyphy/ptII/ptolemy/domains/continuous/test/auto/PeriodicSampler2.xml (RunModel)" time="0.072" />
  <testcase classname="ptolemy.util.test.junit.AutoTests" name="[110] /home/travis/build/icyphy/ptII/ptolemy/domains/continuous/test/auto/Poisson.xml (RunModel)" time="0.457" />
  <testcase classname="ptolemy.util.test.junit.AutoTests" name="[111] /home/travis/build/icyphy/ptII/ptolemy/domains/continuous/test/auto/PoissonClock.xml (RunModel)" time="0.009" />
  <testcase classname="ptolemy.util.test.junit.AutoTests" name="[112] /home/travis/build/icyphy/ptII/ptolemy/domains/continuous/test/auto/PoissonClock2.xml (RunModel)" time="0.013" />
  <testcase classname="ptolemy.util.test.junit.AutoTests" name="[113] /home/travis/build/icyphy/ptII/ptolemy/domains/continuous/test/auto/PortParameterHierarchy.xml (RunModel)" time="0.02" />
  <testcase classname="ptolemy.util.test.junit.AutoTests" name="[114] /home/travis/build/icyphy/ptII/ptolemy/domains/continuous/test/auto/RandomHybridPlant.xml (RunModel)" time="0.507" />
  <testcase classname="ptolemy.util.test.junit.AutoTests" name="[115] /home/travis/build/icyphy/ptII/ptolemy/domains/continuous/test/auto/ResetTransitionWithStartTime1.xml (RunModel)" time="0.043" />
  <testcase classname="ptolemy.util.test.junit.AutoTests" name="[116] /home/travis/build/icyphy/ptII/ptolemy/domains/continuous/test/auto/ResetTransitionWithStartTime2.xml (RunModel)" time="0.036" />
  <testcase classname="ptolemy.util.test.junit.AutoTests" name="[117] /home/travis/build/icyphy/ptII/ptolemy/domains/continuous/test/auto/ResetTransitionWithStartTime3.xml (RunModel)" time="0.038" />
  <testcase classname="ptolemy.util.test.junit.AutoTests" name="[118] /home/travis/build/icyphy/ptII/ptolemy/domains/continuous/test/auto/ResetTransitionWithStartTime4.xml (RunModel)" time="0.026" />
  <testcase classname="ptolemy.util.test.junit.AutoTests" name="[119] /home/travis/build/icyphy/ptII/ptolemy/domains/continuous/test/auto/ResetTransitionWithStartTime5.xml (RunModel)" time="0.031" />
  <testcase classname="ptolemy.util.test.junit.AutoTests" name="[120] /home/travis/build/icyphy/ptII/ptolemy/domains/continuous/test/auto/ResetTransitionWithStartTime6.xml (RunModel)" time="0.027" />
  <testcase classname="ptolemy.util.test.junit.AutoTests" name="[121] /home/travis/build/icyphy/ptII/ptolemy/domains/continuous/test/auto/SRinContinuous.xml (RunModel)" time="0.026" />
  <testcase classname="ptolemy.util.test.junit.AutoTests" name="[122] /home/travis/build/icyphy/ptII/ptolemy/domains/continuous/test/auto/SampledClocks.xml (RunModel)" time="0.027" />
  <testcase classname="ptolemy.util.test.junit.AutoTests" name="[123] /home/travis/build/icyphy/ptII/ptolemy/domains/continuous/test/auto/Satellite.xml (RunModel)" time="0.846" />
  <testcase classname="ptolemy.util.test.junit.AutoTests" name="[124] /home/travis/build/icyphy/ptII/ptolemy/domains/continuous/test/auto/SigmaDelta.xml (RunModel)" time="2.322" />
  <testcase classname="ptolemy.util.test.junit.AutoTests" name="[125] /home/travis/build/icyphy/ptII/ptolemy/domains/continuous/test/auto/SingleRefinement.xml (RunModel)" time="0.41" />
  <testcase classname="ptolemy.util.test.junit.AutoTests" name="[126] /home/travis/build/icyphy/ptII/ptolemy/domains/continuous/test/auto/SinuBouncingBall.xml (RunModel)" time="0.791" />
  <testcase classname="ptolemy.util.test.junit.AutoTests" name="[127] /home/travis/build/icyphy/ptII/ptolemy/domains/continuous/test/auto/Sinusoid.xml (RunModel)" time="0.018" />
  <testcase classname="ptolemy.util.test.junit.AutoTests" name="[128] /home/travis/build/icyphy/ptII/ptolemy/domains/continuous/test/auto/SinusoidInNoise.xml (RunModel)" time="0.879" />
  <testcase classname="ptolemy.util.test.junit.AutoTests" name="[129] /home/travis/build/icyphy/ptII/ptolemy/domains/continuous/test/auto/SinusoidRK45.xml (RunModel)" time="0.021" />
  <testcase classname="ptolemy.util.test.junit.AutoTests" name="[130] /home/travis/build/icyphy/ptII/ptolemy/domains/continuous/test/auto/SinusoidWithMultipleImpulses.xml (RunModel)" time="0.021" />
  <testcase classname="ptolemy.util.test.junit.AutoTests" name="[131] /home/travis/build/icyphy/ptII/ptolemy/domains/continuous/test/auto/SquareWave.xml (RunModel)" time="0.171" />
  <testcase classname="ptolemy.util.test.junit.AutoTests" name="[132] /home/travis/build/icyphy/ptII/ptolemy/domains/continuous/test/auto/Starmac.xml (RunModel)" time="3.52" />
  <testcase classname="ptolemy.util.test.junit.AutoTests" name="[133] /home/travis/build/icyphy/ptII/ptolemy/domains/continuous/test/auto/StaticUnits.xml (RunModel)" time="2.519" />
  <testcase classname="ptolemy.util.test.junit.AutoTests" name="[134] /home/travis/build/icyphy/ptII/ptolemy/domains/continuous/test/auto/StickyMasses.xml (RunModel)" time="0.18" />
  <testcase classname="ptolemy.util.test.junit.AutoTests" name="[135] /home/travis/build/icyphy/ptII/ptolemy/domains/continuous/test/auto/StopTime.xml (RunModel)" time="0.059" />
  <testcase classname="ptolemy.util.test.junit.AutoTests" name="[136] /home/travis/build/icyphy/ptII/ptolemy/domains/continuous/test/auto/StopTime2.xml (RunModel)" time="0.054" />
  <testcase classname="ptolemy.util.test.junit.AutoTests" name="[137] /home/travis/build/icyphy/ptII/ptolemy/domains/continuous/test/auto/Switch.xml (RunModel)" time="0.059" />
  <testcase classname="ptolemy.util.test.junit.AutoTests" name="[138] /home/travis/build/icyphy/ptII/ptolemy/domains/continuous/test/auto/Thermostat.xml (RunModel)" time="0.221" />
  <testcase classname="ptolemy.util.test.junit.AutoTests" name="[139] /home/travis/build/icyphy/ptII/ptolemy/domains/continuous/test/auto/TimeDelay.xml (RunModel)" time="0.013" />
  <testcase classname="ptolemy.util.test.junit.AutoTests" name="[140] /home/travis/build/icyphy/ptII/ptolemy/domains/continuous/test/auto/TimeDelay2.xml (RunModel)" time="0.018" />
  <testcase classname="ptolemy.util.test.junit.AutoTests" name="[141] /home/travis/build/icyphy/ptII/ptolemy/domains/continuous/test/auto/TimeDelay3.xml (RunModel)" time="0.014" />
  <testcase classname="ptolemy.util.test.junit.AutoTests" name="[142] /home/travis/build/icyphy/ptII/ptolemy/domains/continuous/test/auto/TransferAbsentToInside.xml (RunModel)" time="0.1" />
  <testcase classname="ptolemy.util.test.junit.AutoTests" name="[143] /home/travis/build/icyphy/ptII/ptolemy/domains/continuous/test/auto/Transmission.xml (RunModel)" time="0.745" />
  <testcase classname="ptolemy.util.test.junit.AutoTests" name="[144] /home/travis/build/icyphy/ptII/ptolemy/domains/continuous/test/auto/TriggeredContinuousClock.xml (RunModel)" time="0.06" />
  <testcase classname="ptolemy.util.test.junit.AutoTests" name="[145] /home/travis/build/icyphy/ptII/ptolemy/domains/continuous/test/auto/TwoMachineInfiniteBusControl.xml (RunModel)" time="2.682" />
  <testcase classname="ptolemy.util.test.junit.AutoTests" name="[146] /home/travis/build/icyphy/ptII/ptolemy/domains/continuous/test/auto/V2V.xml (RunModel)" time="0.796" />
  <testcase classname="ptolemy.util.test.junit.AutoTests" name="[147] /home/travis/build/icyphy/ptII/ptolemy/domains/continuous/test/auto/hierarchicalModalModel.xml (RunModel)" time="0.029" />
  <testcase classname="ptolemy.util.test.junit.AutoTests" name="[148] /home/travis/build/icyphy/ptII/ptolemy/domains/continuous/test/auto/hierarchicalModalModel1.xml (RunModel)" time="0.036" />
  <testcase classname="ptolemy.util.test.junit.AutoTests" name="[149] /home/travis/build/icyphy/ptII/ptolemy/domains/continuous/test/auto/hierarchicalModalModel2.xml (RunModel)" time="0.031" />
  <testcase classname="ptolemy.util.test.junit.AutoTests" name="[150] /home/travis/build/icyphy/ptII/ptolemy/domains/continuous/test/auto/hierarchicalModalModel3.xml (RunModel)" time="0.03" />
  <testcase classname="ptolemy.util.test.junit.AutoTests" name="[151] /home/travis/build/icyphy/ptII/ptolemy/domains/continuous/test/auto/hierarchicalModalModel4.xml (RunModel)" time="0.027" />
  <testcase classname="ptolemy.util.test.junit.AutoTests" name="[152] /home/travis/build/icyphy/ptII/ptolemy/domains/continuous/test/auto/junk.xml (RunModel)" time="0.138" />
  <system-out><![CDATA[No tcl tests in /home/travis/build/icyphy/ptII/ptolemy/domains/continuous/test
No auto/knownFailedTests/*.xml tests in /home/travis/build/icyphy/ptII/ptolemy/domains/continuous/test
No auto/linux-amd64/*.xml tests in /home/travis/build/icyphy/ptII/ptolemy/domains/continuous/test
AutoTests.java: About to close Vertx.
AutoTests.java: Vertx closed.

===========================================================================================
----------------- testing Sat Feb 16 05:01:00 UTC 2019 /home/travis/build/icyphy/ptII/ptolemy/domains/continuous/test/auto/BouncingBall.xml
----------------- Instantiating /home/travis/build/icyphy/ptII/ptolemy/domains/continuous/test/auto/BouncingBall.xml
2677 ms. Memory: 332288K Free: 268107K (81%)
----------------- Invoking toplevel() on ptolemy.moml.MoMLSimpleApplication@206eae6a
----------------- Done invoking toplevel() on ptolemy.moml.MoMLSimpleApplication@206eae6a
reloadAllAccessors: .BouncingBall

===========================================================================================
----------------- testing Sat Feb 16 05:01:03 UTC 2019 /home/travis/build/icyphy/ptII/ptolemy/domains/continuous/test/auto/BouncingBallWithoutGR.xml
----------------- Instantiating /home/travis/build/icyphy/ptII/ptolemy/domains/continuous/test/auto/BouncingBallWithoutGR.xml
813 ms. Memory: 332288K Free: 82861K (25%)
----------------- Invoking toplevel() on ptolemy.moml.MoMLSimpleApplication@715c6774
----------------- Done invoking toplevel() on ptolemy.moml.MoMLSimpleApplication@715c6774
reloadAllAccessors: .BouncingBallWithoutGR

===========================================================================================
----------------- testing Sat Feb 16 05:01:04 UTC 2019 /home/travis/build/icyphy/ptII/ptolemy/domains/continuous/test/auto/Brownian.xml
----------------- Instantiating /home/travis/build/icyphy/ptII/ptolemy/domains/continuous/test/auto/Brownian.xml
42 ms. Memory: 332288K Free: 318437K (96%)
----------------- Invoking toplevel() on ptolemy.moml.MoMLSimpleApplication@5f968eff
----------------- Done invoking toplevel() on ptolemy.moml.MoMLSimpleApplication@5f968eff
reloadAllAccessors: .Brownian

===========================================================================================
----------------- testing Sat Feb 16 05:01:04 UTC 2019 /home/travis/build/icyphy/ptII/ptolemy/domains/continuous/test/auto/CarTracking.xml
----------------- Instantiating /home/travis/build/icyphy/ptII/ptolemy/domains/continuous/test/auto/CarTracking.xml
3522 ms. Memory: 578560K Free: 468825K (81%)
----------------- Invoking toplevel() on ptolemy.moml.MoMLSimpleApplication@70dc764f
----------------- Done invoking toplevel() on ptolemy.moml.MoMLSimpleApplication@70dc764f
reloadAllAccessors: .CarTracking

===========================================================================================
----------------- testing Sat Feb 16 05:01:08 UTC 2019 /home/travis/build/icyphy/ptII/ptolemy/domains/continuous/test/auto/CartPendulum.xml
----------------- Instantiating /home/travis/build/icyphy/ptII/ptolemy/domains/continuous/test/auto/CartPendulum.xml
412 ms. Memory: 578560K Free: 364490K (63%)
----------------- Invoking toplevel() on ptolemy.moml.MoMLSimpleApplication@6b0c29be
----------------- Done invoking toplevel() on ptolemy.moml.MoMLSimpleApplication@6b0c29be
reloadAllAccessors: .CartPendulum

===========================================================================================
----------------- testing Sat Feb 16 05:01:09 UTC 2019 /home/travis/build/icyphy/ptII/ptolemy/domains/continuous/test/auto/CausalityInterface10.xml
----------------- Instantiating /home/travis/build/icyphy/ptII/ptolemy/domains/continuous/test/auto/CausalityInterface10.xml
11 ms. Memory: 578560K Free: 351366K (61%)
----------------- Invoking toplevel() on ptolemy.moml.MoMLSimpleApplication@48d14780
----------------- Done invoking toplevel() on ptolemy.moml.MoMLSimpleApplication@48d14780
reloadAllAccessors: .CausalityInterface10

===========================================================================================
----------------- testing Sat Feb 16 05:01:09 UTC 2019 /home/travis/build/icyphy/ptII/ptolemy/domains/continuous/test/auto/CausalityInterface11.xml
----------------- Instantiating /home/travis/build/icyphy/ptII/ptolemy/domains/continuous/test/auto/CausalityInterface11.xml
9 ms. Memory: 578560K Free: 341520K (59%)
----------------- Invoking toplevel() on ptolemy.moml.MoMLSimpleApplication@7bc75aa6
----------------- Done invoking toplevel() on ptolemy.moml.MoMLSimpleApplication@7bc75aa6
reloadAllAccessors: .CausalityInterface11

===========================================================================================
----------------- testing Sat Feb 16 05:01:09 UTC 2019 /home/travis/build/icyphy/ptII/ptolemy/domains/continuous/test/auto/CausalityInterface12.xml
----------------- Instantiating /home/travis/build/icyphy/ptII/ptolemy/domains/continuous/test/auto/CausalityInterface12.xml
9 ms. Memory: 578560K Free: 328780K (57%)
----------------- Invoking toplevel() on ptolemy.moml.MoMLSimpleApplication@3d308a03
----------------- Done invoking toplevel() on ptolemy.moml.MoMLSimpleApplication@3d308a03
reloadAllAccessors: .CausalityInterface12

===========================================================================================
----------------- testing Sat Feb 16 05:01:09 UTC 2019 /home/travis/build/icyphy/ptII/ptolemy/domains/continuous/test/auto/CausalityInterface13.xml
----------------- Instantiating /home/travis/build/icyphy/ptII/ptolemy/domains/continuous/test/auto/CausalityInterface13.xml
7 ms. Memory: 578560K Free: 318933K (55%)
----------------- Invoking toplevel() on ptolemy.moml.MoMLSimpleApplication@281f68fe
----------------- Done invoking toplevel() on ptolemy.moml.MoMLSimpleApplication@281f68fe
reloadAllAccessors: .CausalityInterface13

===========================================================================================
----------------- testing Sat Feb 16 05:01:09 UTC 2019 /home/travis/build/icyphy/ptII/ptolemy/domains/continuous/test/auto/CausalityInterface14.xml
----------------- Instantiating /home/travis/build/icyphy/ptII/ptolemy/domains/continuous/test/auto/CausalityInterface14.xml
2 ms. Memory: 578560K Free: 309087K (53%)
----------------- Invoking toplevel() on ptolemy.moml.MoMLSimpleApplication@23b3b916
----------------- Done invoking toplevel() on ptolemy.moml.MoMLSimpleApplication@23b3b916
reloadAllAccessors: .CausalityInterface14

===========================================================================================
----------------- testing Sat Feb 16 05:01:09 UTC 2019 /home/travis/build/icyphy/ptII/ptolemy/domains/continuous/test/auto/CausalityInterface4.xml
----------------- Instantiating /home/travis/build/icyphy/ptII/ptolemy/domains/continuous/test/auto/CausalityInterface4.xml
3 ms. Memory: 578560K Free: 299256K (52%)
----------------- Invoking toplevel() on ptolemy.moml.MoMLSimpleApplication@6dc160d4
----------------- Done invoking toplevel() on ptolemy.moml.MoMLSimpleApplication@6dc160d4
reloadAllAccessors: .CausalityInterface4

===========================================================================================
----------------- testing Sat Feb 16 05:01:09 UTC 2019 /home/travis/build/icyphy/ptII/ptolemy/domains/continuous/test/auto/CausalityInterface5.xml
----------------- Instantiating /home/travis/build/icyphy/ptII/ptolemy/domains/continuous/test/auto/CausalityInterface5.xml
4 ms. Memory: 578560K Free: 283247K (49%)
----------------- Invoking toplevel() on ptolemy.moml.MoMLSimpleApplication@53bc5c55
----------------- Done invoking toplevel() on ptolemy.moml.MoMLSimpleApplication@53bc5c55
reloadAllAccessors: .CausalityInterface5

===========================================================================================
----------------- testing Sat Feb 16 05:01:09 UTC 2019 /home/travis/build/icyphy/ptII/ptolemy/domains/continuous/test/auto/CausalityInterface6.xml
----------------- Instantiating /home/travis/build/icyphy/ptII/ptolemy/domains/continuous/test/auto/CausalityInterface6.xml
7 ms. Memory: 578560K Free: 273416K (47%)
----------------- Invoking toplevel() on ptolemy.moml.MoMLSimpleApplication@a43400a
----------------- Done invoking toplevel() on ptolemy.moml.MoMLSimpleApplication@a43400a
reloadAllAccessors: .CausalityInterface6

===========================================================================================
----------------- testing Sat Feb 16 05:01:09 UTC 2019 /home/travis/build/icyphy/ptII/ptolemy/domains/continuous/test/auto/CausalityInterface7.xml
----------------- Instantiating /home/travis/build/icyphy/ptII/ptolemy/domains/continuous/test/auto/CausalityInterface7.xml
7 ms. Memory: 578560K Free: 260309K (45%)
----------------- Invoking toplevel() on ptolemy.moml.MoMLSimpleApplication@435fde61
----------------- Done invoking toplevel() on ptolemy.moml.MoMLSimpleApplication@435fde61
reloadAllAccessors: .CausalityInterface7

===========================================================================================
----------------- testing Sat Feb 16 05:01:09 UTC 2019 /home/travis/build/icyphy/ptII/ptolemy/domains/continuous/test/auto/CausalityInterface8.xml
----------------- Instantiating /home/travis/build/icyphy/ptII/ptolemy/domains/continuous/test/auto/CausalityInterface8.xml
8 ms. Memory: 578560K Free: 247178K (43%)
----------------- Invoking toplevel() on ptolemy.moml.MoMLSimpleApplication@62969b21
----------------- Done invoking toplevel() on ptolemy.moml.MoMLSimpleApplication@62969b21
reloadAllAccessors: .CausalityInterface8

===========================================================================================
----------------- testing Sat Feb 16 05:01:09 UTC 2019 /home/travis/build/icyphy/ptII/ptolemy/domains/continuous/test/auto/CausalityInterface9.xml
----------------- Instantiating /home/travis/build/icyphy/ptII/ptolemy/domains/continuous/test/auto/CausalityInterface9.xml
4 ms. Memory: 578560K Free: 227899K (39%)
----------------- Invoking toplevel() on ptolemy.moml.MoMLSimpleApplication@5dac3155
----------------- Done invoking toplevel() on ptolemy.moml.MoMLSimpleApplication@5dac3155
reloadAllAccessors: .CausalityInterface9

===========================================================================================
----------------- testing Sat Feb 16 05:01:09 UTC 2019 /home/travis/build/icyphy/ptII/ptolemy/domains/continuous/test/auto/CausalityInterfaceFeedback1.xml
----------------- Instantiating /home/travis/build/icyphy/ptII/ptolemy/domains/continuous/test/auto/CausalityInterfaceFeedback1.xml
4 ms. Memory: 578560K Free: 218053K (38%)
----------------- Invoking toplevel() on ptolemy.moml.MoMLSimpleApplication@5a75309d
----------------- Done invoking toplevel() on ptolemy.moml.MoMLSimpleApplication@5a75309d
reloadAllAccessors: .CausalityInterfaceFeedback1

===========================================================================================
----------------- testing Sat Feb 16 05:01:09 UTC 2019 /home/travis/build/icyphy/ptII/ptolemy/domains/continuous/test/auto/CausalityInterfaceFeedback2.xml
----------------- Instantiating /home/travis/build/icyphy/ptII/ptolemy/domains/continuous/test/auto/CausalityInterfaceFeedback2.xml
5 ms. Memory: 578560K Free: 208206K (36%)
----------------- Invoking toplevel() on ptolemy.moml.MoMLSimpleApplication@72fa262f
----------------- Done invoking toplevel() on ptolemy.moml.MoMLSimpleApplication@72fa262f
reloadAllAccessors: .CausalityInterfaceFeedback2

===========================================================================================
----------------- testing Sat Feb 16 05:01:09 UTC 2019 /home/travis/build/icyphy/ptII/ptolemy/domains/continuous/test/auto/CompareWithCurrentTime.xml
----------------- Instantiating /home/travis/build/icyphy/ptII/ptolemy/domains/continuous/test/auto/CompareWithCurrentTime.xml
7 ms. Memory: 578560K Free: 198759K (34%)
----------------- Invoking toplevel() on ptolemy.moml.MoMLSimpleApplication@79b8fdf6
----------------- Done invoking toplevel() on ptolemy.moml.MoMLSimpleApplication@79b8fdf6
reloadAllAccessors: .CompareWithCurrentTime

===========================================================================================
----------------- testing Sat Feb 16 05:01:09 UTC 2019 /home/travis/build/icyphy/ptII/ptolemy/domains/continuous/test/auto/ComparedClocks.xml
----------------- Instantiating /home/travis/build/icyphy/ptII/ptolemy/domains/continuous/test/auto/ComparedClocks.xml
7 ms. Memory: 578560K Free: 179050K (31%)
----------------- Invoking toplevel() on ptolemy.moml.MoMLSimpleApplication@5c4de781
----------------- Done invoking toplevel() on ptolemy.moml.MoMLSimpleApplication@5c4de781
reloadAllAccessors: .ComparedClocks

===========================================================================================
----------------- testing Sat Feb 16 05:01:10 UTC 2019 /home/travis/build/icyphy/ptII/ptolemy/domains/continuous/test/auto/ContinuousAOCClone.xml
----------------- Instantiating /home/travis/build/icyphy/ptII/ptolemy/domains/continuous/test/auto/ContinuousAOCClone.xml
2463 ms. Memory: 872960K Free: 436108K (50%)
----------------- Invoking toplevel() on ptolemy.moml.MoMLSimpleApplication@4fdce496
----------------- Done invoking toplevel() on ptolemy.moml.MoMLSimpleApplication@4fdce496
reloadAllAccessors: .ContinuousAOCClone

===========================================================================================
----------------- testing Sat Feb 16 05:01:12 UTC 2019 /home/travis/build/icyphy/ptII/ptolemy/domains/continuous/test/auto/ContinuousClock.xml
----------------- Instantiating /home/travis/build/icyphy/ptII/ptolemy/domains/continuous/test/auto/ContinuousClock.xml
33 ms. Memory: 872960K Free: 403194K (46%)
----------------- Invoking toplevel() on ptolemy.moml.MoMLSimpleApplication@4a38f80
----------------- Done invoking toplevel() on ptolemy.moml.MoMLSimpleApplication@4a38f80
reloadAllAccessors: .ContinuousClock

===========================================================================================
----------------- testing Sat Feb 16 05:01:12 UTC 2019 /home/travis/build/icyphy/ptII/ptolemy/domains/continuous/test/auto/ContinuousInContinuous.xml
----------------- Instantiating /home/travis/build/icyphy/ptII/ptolemy/domains/continuous/test/auto/ContinuousInContinuous.xml
38 ms. Memory: 872960K Free: 371725K (43%)
----------------- Invoking toplevel() on ptolemy.moml.MoMLSimpleApplication@40c58627
----------------- Done invoking toplevel() on ptolemy.moml.MoMLSimpleApplication@40c58627
reloadAllAccessors: .ContinuousInContinuous

===========================================================================================
----------------- testing Sat Feb 16 05:01:12 UTC 2019 /home/travis/build/icyphy/ptII/ptolemy/domains/continuous/test/auto/ContinuousInContinuousInContinuous.xml
----------------- Instantiating /home/travis/build/icyphy/ptII/ptolemy/domains/continuous/test/auto/ContinuousInContinuousInContinuous.xml
7 ms. Memory: 872960K Free: 355990K (41%)
----------------- Invoking toplevel() on ptolemy.moml.MoMLSimpleApplication@70280e2a
----------------- Done invoking toplevel() on ptolemy.moml.MoMLSimpleApplication@70280e2a
reloadAllAccessors: .ContinuousInContinuousInContinuous

===========================================================================================
----------------- testing Sat Feb 16 05:01:12 UTC 2019 /home/travis/build/icyphy/ptII/ptolemy/domains/continuous/test/auto/ContinuousInDE.xml
----------------- Instantiating /home/travis/build/icyphy/ptII/ptolemy/domains/continuous/test/auto/ContinuousInDE.xml
113 ms. Memory: 872960K Free: 337134K (39%)
----------------- Invoking toplevel() on ptolemy.moml.MoMLSimpleApplication@776114e8
----------------- Done invoking toplevel() on ptolemy.moml.MoMLSimpleApplication@776114e8
reloadAllAccessors: .ContinuousInDE

===========================================================================================
----------------- testing Sat Feb 16 05:01:13 UTC 2019 /home/travis/build/icyphy/ptII/ptolemy/domains/continuous/test/auto/ContinuousInDE2.xml
----------------- Instantiating /home/travis/build/icyphy/ptII/ptolemy/domains/continuous/test/auto/ContinuousInDE2.xml
45 ms. Memory: 872960K Free: 321416K (37%)
----------------- Invoking toplevel() on ptolemy.moml.MoMLSimpleApplication@50602874
----------------- Done invoking toplevel() on ptolemy.moml.MoMLSimpleApplication@50602874
reloadAllAccessors: .ContinuousInDE2

===========================================================================================
----------------- testing Sat Feb 16 05:01:13 UTC 2019 /home/travis/build/icyphy/ptII/ptolemy/domains/continuous/test/auto/ContinuousInDE3.xml
----------------- Instantiating /home/travis/build/icyphy/ptII/ptolemy/domains/continuous/test/auto/ContinuousInDE3.xml
40 ms. Memory: 872960K Free: 305697K (35%)
----------------- Invoking toplevel() on ptolemy.moml.MoMLSimpleApplication@14e04174
----------------- Done invoking toplevel() on ptolemy.moml.MoMLSimpleApplication@14e04174
reloadAllAccessors: .ContinuousInDE3

===========================================================================================
----------------- testing Sat Feb 16 05:01:13 UTC 2019 /home/travis/build/icyphy/ptII/ptolemy/domains/continuous/test/auto/ContinuousInDE4.xml
----------------- Instantiating /home/travis/build/icyphy/ptII/ptolemy/domains/continuous/test/auto/ContinuousInDE4.xml
19 ms. Memory: 872960K Free: 295218K (34%)
----------------- Invoking toplevel() on ptolemy.moml.MoMLSimpleApplication@1335f952
----------------- Done invoking toplevel() on ptolemy.moml.MoMLSimpleApplication@1335f952
reloadAllAccessors: .ContinuousInDE4

===========================================================================================
----------------- testing Sat Feb 16 05:01:13 UTC 2019 /home/travis/build/icyphy/ptII/ptolemy/domains/continuous/test/auto/ContinuousInDEDifferentRefinements.xml
----------------- Instantiating /home/travis/build/icyphy/ptII/ptolemy/domains/continuous/test/auto/ContinuousInDEDifferentRefinements.xml
56 ms. Memory: 872960K Free: 255365K (29%)
----------------- Invoking toplevel() on ptolemy.moml.MoMLSimpleApplication@d018770
----------------- Done invoking toplevel() on ptolemy.moml.MoMLSimpleApplication@d018770
reloadAllAccessors: .ContinuousInDEDifferentRefinements

===========================================================================================
----------------- testing Sat Feb 16 05:01:13 UTC 2019 /home/travis/build/icyphy/ptII/ptolemy/domains/continuous/test/auto/ContinuousInDEDifferentRefinementsPreemptive.xml
----------------- Instantiating /home/travis/build/icyphy/ptII/ptolemy/domains/continuous/test/auto/ContinuousInDEDifferentRefinementsPreemptive.xml
51 ms. Memory: 872960K Free: 218648K (25%)
----------------- Invoking toplevel() on ptolemy.moml.MoMLSimpleApplication@44e22c25
----------------- Done invoking toplevel() on ptolemy.moml.MoMLSimpleApplication@44e22c25
reloadAllAccessors: .ContinuousInDEDifferentRefinementsPreemptive

===========================================================================================
----------------- testing Sat Feb 16 05:01:13 UTC 2019 /home/travis/build/icyphy/ptII/ptolemy/domains/continuous/test/auto/ContinuousInDEInContinuous2.xml
----------------- Instantiating /home/travis/build/icyphy/ptII/ptolemy/domains/continuous/test/auto/ContinuousInDEInContinuous2.xml
37 ms. Memory: 872960K Free: 202914K (23%)
----------------- Invoking toplevel() on ptolemy.moml.MoMLSimpleApplication@fc81b7e
----------------- Done invoking toplevel() on ptolemy.moml.MoMLSimpleApplication@fc81b7e
reloadAllAccessors: .ContinuousInDEInContinuous2

===========================================================================================
----------------- testing Sat Feb 16 05:01:13 UTC 2019 /home/travis/build/icyphy/ptII/ptolemy/domains/continuous/test/auto/ContinuousInDEInContinuous3.xml
----------------- Instantiating /home/travis/build/icyphy/ptII/ptolemy/domains/continuous/test/auto/ContinuousInDEInContinuous3.xml
36 ms. Memory: 872960K Free: 181940K (21%)
----------------- Invoking toplevel() on ptolemy.moml.MoMLSimpleApplication@637245e5
----------------- Done invoking toplevel() on ptolemy.moml.MoMLSimpleApplication@637245e5
reloadAllAccessors: .ContinuousInDEInContinuous3

===========================================================================================
----------------- testing Sat Feb 16 05:01:13 UTC 2019 /home/travis/build/icyphy/ptII/ptolemy/domains/continuous/test/auto/ContinuousInDEInput.xml
----------------- Instantiating /home/travis/build/icyphy/ptII/ptolemy/domains/continuous/test/auto/ContinuousInDEInput.xml
15 ms. Memory: 872960K Free: 168324K (19%)
----------------- Invoking toplevel() on ptolemy.moml.MoMLSimpleApplication@7e23ebe4
----------------- Done invoking toplevel() on ptolemy.moml.MoMLSimpleApplication@7e23ebe4
reloadAllAccessors: .ContinuousInDEInput

===========================================================================================
----------------- testing Sat Feb 16 05:01:13 UTC 2019 /home/travis/build/icyphy/ptII/ptolemy/domains/continuous/test/auto/ContinuousInDEInput2.xml
----------------- Instantiating /home/travis/build/icyphy/ptII/ptolemy/domains/continuous/test/auto/ContinuousInDEInput2.xml
14 ms. Memory: 872960K Free: 157845K (18%)
----------------- Invoking toplevel() on ptolemy.moml.MoMLSimpleApplication@34116304
----------------- Done invoking toplevel() on ptolemy.moml.MoMLSimpleApplication@34116304
reloadAllAccessors: .ContinuousInDEInput2

===========================================================================================
----------------- testing Sat Feb 16 05:01:13 UTC 2019 /home/travis/build/icyphy/ptII/ptolemy/domains/continuous/test/auto/ContinuousInDEInput3.xml
----------------- Instantiating /home/travis/build/icyphy/ptII/ptolemy/domains/continuous/test/auto/ContinuousInDEInput3.xml
11 ms. Memory: 872960K Free: 147366K (17%)
----------------- Invoking toplevel() on ptolemy.moml.MoMLSimpleApplication@4f6ed80f
----------------- Done invoking toplevel() on ptolemy.moml.MoMLSimpleApplication@4f6ed80f
reloadAllAccessors: .ContinuousInDEInput3

===========================================================================================
----------------- testing Sat Feb 16 05:01:13 UTC 2019 /home/travis/build/icyphy/ptII/ptolemy/domains/continuous/test/auto/ContinuousInDESharingRefinement.xml
----------------- Instantiating /home/travis/build/icyphy/ptII/ptolemy/domains/continuous/test/auto/ContinuousInDESharingRefinement.xml
153 ms. Memory: 829952K Free: 792241K (95%)
----------------- Invoking toplevel() on ptolemy.moml.MoMLSimpleApplication@56f2331f
----------------- Done invoking toplevel() on ptolemy.moml.MoMLSimpleApplication@56f2331f
reloadAllAccessors: .ContinuousInDESharingRefinement

===========================================================================================
----------------- testing Sat Feb 16 05:01:13 UTC 2019 /home/travis/build/icyphy/ptII/ptolemy/domains/continuous/test/auto/ContinuousInDEwithNoPorts.xml
----------------- Instantiating /home/travis/build/icyphy/ptII/ptolemy/domains/continuous/test/auto/ContinuousInDEwithNoPorts.xml
2 ms. Memory: 829952K Free: 777699K (94%)
----------------- Invoking toplevel() on ptolemy.moml.MoMLSimpleApplication@2abaa3c8
----------------- Done invoking toplevel() on ptolemy.moml.MoMLSimpleApplication@2abaa3c8
reloadAllAccessors: .ContinuousInDEwithNoPorts

===========================================================================================
----------------- testing Sat Feb 16 05:01:13 UTC 2019 /home/travis/build/icyphy/ptII/ptolemy/domains/continuous/test/auto/ContinuousInsideDE.xml
----------------- Instantiating /home/travis/build/icyphy/ptII/ptolemy/domains/continuous/test/auto/ContinuousInsideDE.xml
34 ms. Memory: 829952K Free: 762728K (92%)
----------------- Invoking toplevel() on ptolemy.moml.MoMLSimpleApplication@7dd8a24f
----------------- Done invoking toplevel() on ptolemy.moml.MoMLSimpleApplication@7dd8a24f
reloadAllAccessors: .ContinuousInsideDE

===========================================================================================
----------------- testing Sat Feb 16 05:01:13 UTC 2019 /home/travis/build/icyphy/ptII/ptolemy/domains/continuous/test/auto/ContinuousMerge1.xml
----------------- Instantiating /home/travis/build/icyphy/ptII/ptolemy/domains/continuous/test/auto/ContinuousMerge1.xml
2 ms. Memory: 829952K Free: 750732K (90%)
----------------- Invoking toplevel() on ptolemy.moml.MoMLSimpleApplication@52c3b6de
----------------- Done invoking toplevel() on ptolemy.moml.MoMLSimpleApplication@52c3b6de
reloadAllAccessors: .ContinuousMerge1

===========================================================================================
----------------- testing Sat Feb 16 05:01:13 UTC 2019 /home/travis/build/icyphy/ptII/ptolemy/domains/continuous/test/auto/ContinuousMerge2.xml
----------------- Instantiating /home/travis/build/icyphy/ptII/ptolemy/domains/continuous/test/auto/ContinuousMerge2.xml
11 ms. Memory: 829952K Free: 735605K (89%)
----------------- Invoking toplevel() on ptolemy.moml.MoMLSimpleApplication@35b60289
----------------- Done invoking toplevel() on ptolemy.moml.MoMLSimpleApplication@35b60289
reloadAllAccessors: .ContinuousMerge2

===========================================================================================
----------------- testing Sat Feb 16 05:01:13 UTC 2019 /home/travis/build/icyphy/ptII/ptolemy/domains/continuous/test/auto/ContinuousMerge3.xml
----------------- Instantiating /home/travis/build/icyphy/ptII/ptolemy/domains/continuous/test/auto/ContinuousMerge3.xml
46 ms. Memory: 829952K Free: 713628K (86%)
----------------- Invoking toplevel() on ptolemy.moml.MoMLSimpleApplication@23c1cf42
----------------- Done invoking toplevel() on ptolemy.moml.MoMLSimpleApplication@23c1cf42
reloadAllAccessors: .ContinuousMerge3

===========================================================================================
----------------- testing Sat Feb 16 05:01:14 UTC 2019 /home/travis/build/icyphy/ptII/ptolemy/domains/continuous/test/auto/ContinuousWithinContinuous.xml
----------------- Instantiating /home/travis/build/icyphy/ptII/ptolemy/domains/continuous/test/auto/ContinuousWithinContinuous.xml
32 ms. Memory: 829952K Free: 703647K (85%)
----------------- Invoking toplevel() on ptolemy.moml.MoMLSimpleApplication@2d796e99
----------------- Done invoking toplevel() on ptolemy.moml.MoMLSimpleApplication@2d796e99
reloadAllAccessors: .ContinuousWithinContinuous

===========================================================================================
----------------- testing Sat Feb 16 05:01:14 UTC 2019 /home/travis/build/icyphy/ptII/ptolemy/domains/continuous/test/auto/ContinuousWithinContinuous2.xml
----------------- Instantiating /home/travis/build/icyphy/ptII/ptolemy/domains/continuous/test/auto/ContinuousWithinContinuous2.xml
67 ms. Memory: 829952K Free: 688676K (83%)
----------------- Invoking toplevel() on ptolemy.moml.MoMLSimpleApplication@36756963
----------------- Done invoking toplevel() on ptolemy.moml.MoMLSimpleApplication@36756963
reloadAllAccessors: .ContinuousWithinContinuous2

===========================================================================================
----------------- testing Sat Feb 16 05:01:14 UTC 2019 /home/travis/build/icyphy/ptII/ptolemy/domains/continuous/test/auto/ContinuousWithinContinuous3.xml
----------------- Instantiating /home/travis/build/icyphy/ptII/ptolemy/domains/continuous/test/auto/ContinuousWithinContinuous3.xml
11 ms. Memory: 829952K Free: 676680K (82%)
----------------- Invoking toplevel() on ptolemy.moml.MoMLSimpleApplication@6c019568
----------------- Done invoking toplevel() on ptolemy.moml.MoMLSimpleApplication@6c019568
reloadAllAccessors: .ContinuousWithinContinuous3

===========================================================================================
----------------- testing Sat Feb 16 05:01:14 UTC 2019 /home/travis/build/icyphy/ptII/ptolemy/domains/continuous/test/auto/ContinuousWithinContinuous4.xml
----------------- Instantiating /home/travis/build/icyphy/ptII/ptolemy/domains/continuous/test/auto/ContinuousWithinContinuous4.xml
61 ms. Memory: 829952K Free: 661709K (80%)
----------------- Invoking toplevel() on ptolemy.moml.MoMLSimpleApplication@602a979f
----------------- Done invoking toplevel() on ptolemy.moml.MoMLSimpleApplication@602a979f
reloadAllAccessors: .ContinuousWithinContinuous4

===========================================================================================
----------------- testing Sat Feb 16 05:01:14 UTC 2019 /home/travis/build/icyphy/ptII/ptolemy/domains/continuous/test/auto/ContinuousWithinContinuous5.xml
----------------- Instantiating /home/travis/build/icyphy/ptII/ptolemy/domains/continuous/test/auto/ContinuousWithinContinuous5.xml
10 ms. Memory: 829952K Free: 644706K (78%)
----------------- Invoking toplevel() on ptolemy.moml.MoMLSimpleApplication@1ac056e1
----------------- Done invoking toplevel() on ptolemy.moml.MoMLSimpleApplication@1ac056e1
reloadAllAccessors: .ContinuousWithinContinuous5

===========================================================================================
----------------- testing Sat Feb 16 05:01:14 UTC 2019 /home/travis/build/icyphy/ptII/ptolemy/domains/continuous/test/auto/ContinuousWithinContinuous6.xml
----------------- Instantiating /home/travis/build/icyphy/ptII/ptolemy/domains/continuous/test/auto/ContinuousWithinContinuous6.xml
12 ms. Memory: 829952K Free: 634726K (76%)
----------------- Invoking toplevel() on ptolemy.moml.MoMLSimpleApplication@49c516c9
----------------- Done invoking toplevel() on ptolemy.moml.MoMLSimpleApplication@49c516c9
reloadAllAccessors: .ContinuousWithinContinuous6

===========================================================================================
----------------- testing Sat Feb 16 05:01:14 UTC 2019 /home/travis/build/icyphy/ptII/ptolemy/domains/continuous/test/auto/ContinuousWithinContinuous7.xml
----------------- Instantiating /home/travis/build/icyphy/ptII/ptolemy/domains/continuous/test/auto/ContinuousWithinContinuous7.xml
51 ms. Memory: 829952K Free: 619755K (75%)
----------------- Invoking toplevel() on ptolemy.moml.MoMLSimpleApplication@3cac4771
----------------- Done invoking toplevel() on ptolemy.moml.MoMLSimpleApplication@3cac4771
reloadAllAccessors: .ContinuousWithinContinuous7

===========================================================================================
----------------- testing Sat Feb 16 05:01:14 UTC 2019 /home/travis/build/icyphy/ptII/ptolemy/domains/continuous/test/auto/DCMotor.xml
----------------- Instantiating /home/travis/build/icyphy/ptII/ptolemy/domains/continuous/test/auto/DCMotor.xml
14339 ms. Memory: 668160K Free: 515247K (77%)
----------------- Invoking toplevel() on ptolemy.moml.MoMLSimpleApplication@60d2a20b
----------------- Done invoking toplevel() on ptolemy.moml.MoMLSimpleApplication@60d2a20b
reloadAllAccessors: .DCMotor

===========================================================================================
----------------- testing Sat Feb 16 05:01:28 UTC 2019 /home/travis/build/icyphy/ptII/ptolemy/domains/continuous/test/auto/DEInContinuous.xml
----------------- Instantiating /home/travis/build/icyphy/ptII/ptolemy/domains/continuous/test/auto/DEInContinuous.xml
9 ms. Memory: 668160K Free: 500264K (75%)
----------------- Invoking toplevel() on ptolemy.moml.MoMLSimpleApplication@6cbb724e
----------------- Done invoking toplevel() on ptolemy.moml.MoMLSimpleApplication@6cbb724e
reloadAllAccessors: .DEInContinuous

===========================================================================================
----------------- testing Sat Feb 16 05:01:28 UTC 2019 /home/travis/build/icyphy/ptII/ptolemy/domains/continuous/test/auto/DEinContinuous2.xml
----------------- Instantiating /home/travis/build/icyphy/ptII/ptolemy/domains/continuous/test/auto/DEinContinuous2.xml
10 ms. Memory: 668160K Free: 481548K (72%)
----------------- Invoking toplevel() on ptolemy.moml.MoMLSimpleApplication@42102b50
----------------- Done invoking toplevel() on ptolemy.moml.MoMLSimpleApplication@42102b50
reloadAllAccessors: .DEinContinuous2

===========================================================================================
----------------- testing Sat Feb 16 05:01:28 UTC 2019 /home/travis/build/icyphy/ptII/ptolemy/domains/continuous/test/auto/Derivative.xml
----------------- Instantiating /home/travis/build/icyphy/ptII/ptolemy/domains/continuous/test/auto/Derivative.xml
146 ms. Memory: 668160K Free: 445171K (67%)
----------------- Invoking toplevel() on ptolemy.moml.MoMLSimpleApplication@328faa52
----------------- Done invoking toplevel() on ptolemy.moml.MoMLSimpleApplication@328faa52
reloadAllAccessors: .Derivative2

===========================================================================================
----------------- testing Sat Feb 16 05:01:29 UTC 2019 /home/travis/build/icyphy/ptII/ptolemy/domains/continuous/test/auto/Derivative1.xml
----------------- Instantiating /home/travis/build/icyphy/ptII/ptolemy/domains/continuous/test/auto/Derivative1.xml
14 ms. Memory: 668160K Free: 426456K (64%)
----------------- Invoking toplevel() on ptolemy.moml.MoMLSimpleApplication@35e8794e
----------------- Done invoking toplevel() on ptolemy.moml.MoMLSimpleApplication@35e8794e
reloadAllAccessors: .Derivative1

===========================================================================================
----------------- testing Sat Feb 16 05:01:29 UTC 2019 /home/travis/build/icyphy/ptII/ptolemy/domains/continuous/test/auto/DiscreteClock.xml
----------------- Instantiating /home/travis/build/icyphy/ptII/ptolemy/domains/continuous/test/auto/DiscreteClock.xml
8 ms. Memory: 668160K Free: 414721K (62%)
----------------- Invoking toplevel() on ptolemy.moml.MoMLSimpleApplication@28ddc57
----------------- Done invoking toplevel() on ptolemy.moml.MoMLSimpleApplication@28ddc57
reloadAllAccessors: .DiscreteClock

===========================================================================================
----------------- testing Sat Feb 16 05:01:29 UTC 2019 /home/travis/build/icyphy/ptII/ptolemy/domains/continuous/test/auto/EfficiencyCurve.xml
----------------- Instantiating /home/travis/build/icyphy/ptII/ptolemy/domains/continuous/test/auto/EfficiencyCurve.xml
57 ms. Memory: 668160K Free: 401889K (60%)
----------------- Invoking toplevel() on ptolemy.moml.MoMLSimpleApplication@3ffd67ab
----------------- Done invoking toplevel() on ptolemy.moml.MoMLSimpleApplication@3ffd67ab
reloadAllAccessors: .EfficiencyCurve

===========================================================================================
----------------- testing Sat Feb 16 05:01:29 UTC 2019 /home/travis/build/icyphy/ptII/ptolemy/domains/continuous/test/auto/ExponentialResponse.xml
----------------- Instantiating /home/travis/build/icyphy/ptII/ptolemy/domains/continuous/test/auto/ExponentialResponse.xml
107 ms. Memory: 668160K Free: 373509K (56%)
----------------- Invoking toplevel() on ptolemy.moml.MoMLSimpleApplication@66c36f1c
----------------- Done invoking toplevel() on ptolemy.moml.MoMLSimpleApplication@66c36f1c
reloadAllAccessors: .ExponentialResponse

===========================================================================================
----------------- testing Sat Feb 16 05:01:29 UTC 2019 /home/travis/build/icyphy/ptII/ptolemy/domains/continuous/test/auto/ExponentialResponseRK45.xml
----------------- Instantiating /home/travis/build/icyphy/ptII/ptolemy/domains/continuous/test/auto/ExponentialResponseRK45.xml
24 ms. Memory: 668160K Free: 360677K (54%)
----------------- Invoking toplevel() on ptolemy.moml.MoMLSimpleApplication@3a4c8d97
----------------- Done invoking toplevel() on ptolemy.moml.MoMLSimpleApplication@3a4c8d97
reloadAllAccessors: .ExponentialResponseRK45

===========================================================================================
----------------- testing Sat Feb 16 05:01:29 UTC 2019 /home/travis/build/icyphy/ptII/ptolemy/domains/continuous/test/auto/Friction.xml
----------------- Instantiating /home/travis/build/icyphy/ptII/ptolemy/domains/continuous/test/auto/Friction.xml
1265 ms. Memory: 647168K Free: 482885K (75%)
----------------- Invoking toplevel() on ptolemy.moml.MoMLSimpleApplication@6ed89b7b
----------------- Done invoking toplevel() on ptolemy.moml.MoMLSimpleApplication@6ed89b7b
reloadAllAccessors: .Friction

===========================================================================================
----------------- testing Sat Feb 16 05:01:30 UTC 2019 /home/travis/build/icyphy/ptII/ptolemy/domains/continuous/test/auto/FurutaPendulum.xml
----------------- Instantiating /home/travis/build/icyphy/ptII/ptolemy/domains/continuous/test/auto/FurutaPendulum.xml
3517 ms. Memory: 617472K Free: 502504K (81%)
----------------- Invoking toplevel() on ptolemy.moml.MoMLSimpleApplication@5b757cf8
----------------- Done invoking toplevel() on ptolemy.moml.MoMLSimpleApplication@5b757cf8
reloadAllAccessors: .FurutaPendulum

===========================================================================================
----------------- testing Sat Feb 16 05:01:34 UTC 2019 /home/travis/build/icyphy/ptII/ptolemy/domains/continuous/test/auto/HierarchicalExecution.xml
----------------- Instantiating /home/travis/build/icyphy/ptII/ptolemy/domains/continuous/test/auto/HierarchicalExecution.xml
2101 ms. Memory: 617472K Free: 173983K (28%)
----------------- Invoking toplevel() on ptolemy.moml.MoMLSimpleApplication@2d5b672e
----------------- Done invoking toplevel() on ptolemy.moml.MoMLSimpleApplication@2d5b672e
reloadAllAccessors: .HierarchicalExecution

===========================================================================================
----------------- testing Sat Feb 16 05:01:36 UTC 2019 /home/travis/build/icyphy/ptII/ptolemy/domains/continuous/test/auto/HybridPlant.xml
----------------- Instantiating /home/travis/build/icyphy/ptII/ptolemy/domains/continuous/test/auto/HybridPlant.xml
556 ms. Memory: 589824K Free: 402665K (68%)
----------------- Invoking toplevel() on ptolemy.moml.MoMLSimpleApplication@3ea730e0
----------------- Done invoking toplevel() on ptolemy.moml.MoMLSimpleApplication@3ea730e0
reloadAllAccessors: .HybridPlant

===========================================================================================
----------------- testing Sat Feb 16 05:01:37 UTC 2019 /home/travis/build/icyphy/ptII/ptolemy/domains/continuous/test/auto/Hysteresis.xml
----------------- Instantiating /home/travis/build/icyphy/ptII/ptolemy/domains/continuous/test/auto/Hysteresis.xml
140 ms. Memory: 589824K Free: 332448K (56%)
----------------- Invoking toplevel() on ptolemy.moml.MoMLSimpleApplication@56db7482
----------------- Done invoking toplevel() on ptolemy.moml.MoMLSimpleApplication@56db7482
reloadAllAccessors: .Hysteresis

===========================================================================================
----------------- testing Sat Feb 16 05:01:37 UTC 2019 /home/travis/build/icyphy/ptII/ptolemy/domains/continuous/test/auto/HysteresisWithRandomDelay.xml
----------------- Instantiating /home/travis/build/icyphy/ptII/ptolemy/domains/continuous/test/auto/HysteresisWithRandomDelay.xml
161 ms. Memory: 589824K Free: 253415K (43%)
----------------- Invoking toplevel() on ptolemy.moml.MoMLSimpleApplication@668057f8
----------------- Done invoking toplevel() on ptolemy.moml.MoMLSimpleApplication@668057f8
reloadAllAccessors: .HysteresisWithRandomDelay

===========================================================================================
----------------- testing Sat Feb 16 05:01:37 UTC 2019 /home/travis/build/icyphy/ptII/ptolemy/domains/continuous/test/auto/HysteresisWithRandomLosses.xml
----------------- Instantiating /home/travis/build/icyphy/ptII/ptolemy/domains/continuous/test/auto/HysteresisWithRandomLosses.xml
2400 ms. Memory: 543232K Free: 407070K (75%)
----------------- Invoking toplevel() on ptolemy.moml.MoMLSimpleApplication@113bfeea
----------------- Done invoking toplevel() on ptolemy.moml.MoMLSimpleApplication@113bfeea
reloadAllAccessors: .HysteresisWithRandomLosses

===========================================================================================
----------------- testing Sat Feb 16 05:01:40 UTC 2019 /home/travis/build/icyphy/ptII/ptolemy/domains/continuous/test/auto/ImmediateTransitions.xml
----------------- Instantiating /home/travis/build/icyphy/ptII/ptolemy/domains/continuous/test/auto/ImmediateTransitions.xml
8 ms. Memory: 543232K Free: 388934K (72%)
----------------- Invoking toplevel() on ptolemy.moml.MoMLSimpleApplication@2bc0b486
----------------- Done invoking toplevel() on ptolemy.moml.MoMLSimpleApplication@2bc0b486
reloadAllAccessors: .ImmediateTransitions

===========================================================================================
----------------- testing Sat Feb 16 05:01:40 UTC 2019 /home/travis/build/icyphy/ptII/ptolemy/domains/continuous/test/auto/ImpulseFeedback.xml
----------------- Instantiating /home/travis/build/icyphy/ptII/ptolemy/domains/continuous/test/auto/ImpulseFeedback.xml
7 ms. Memory: 543232K Free: 378907K (70%)
----------------- Invoking toplevel() on ptolemy.moml.MoMLSimpleApplication@7b3cc996
----------------- Done invoking toplevel() on ptolemy.moml.MoMLSimpleApplication@7b3cc996
reloadAllAccessors: .ImpulseFeedback

===========================================================================================
----------------- testing Sat Feb 16 05:01:40 UTC 2019 /home/travis/build/icyphy/ptII/ptolemy/domains/continuous/test/auto/ImpulseFeedback2.xml
----------------- Instantiating /home/travis/build/icyphy/ptII/ptolemy/domains/continuous/test/auto/ImpulseFeedback2.xml
9 ms. Memory: 543232K Free: 368700K (68%)
----------------- Invoking toplevel() on ptolemy.moml.MoMLSimpleApplication@53389c47
----------------- Done invoking toplevel() on ptolemy.moml.MoMLSimpleApplication@53389c47
reloadAllAccessors: .ImpulseFeedback2

===========================================================================================
----------------- testing Sat Feb 16 05:01:40 UTC 2019 /home/travis/build/icyphy/ptII/ptolemy/domains/continuous/test/auto/IncreasingRatePoisson.xml
----------------- Instantiating /home/travis/build/icyphy/ptII/ptolemy/domains/continuous/test/auto/IncreasingRatePoisson.xml
670 ms. Memory: 521728K Free: 490835K (94%)
----------------- Invoking toplevel() on ptolemy.moml.MoMLSimpleApplication@3e310bc4
----------------- Done invoking toplevel() on ptolemy.moml.MoMLSimpleApplication@3e310bc4
reloadAllAccessors: .IncreasingRatePoisson

===========================================================================================
----------------- testing Sat Feb 16 05:01:41 UTC 2019 /home/travis/build/icyphy/ptII/ptolemy/domains/continuous/test/auto/InitialStateFeedback.xml
----------------- Instantiating /home/travis/build/icyphy/ptII/ptolemy/domains/continuous/test/auto/InitialStateFeedback.xml
3 ms. Memory: 521728K Free: 482458K (92%)
----------------- Invoking toplevel() on ptolemy.moml.MoMLSimpleApplication@ed4484b
----------------- Done invoking toplevel() on ptolemy.moml.MoMLSimpleApplication@ed4484b
reloadAllAccessors: .InitialStateFeedback

===========================================================================================
----------------- testing Sat Feb 16 05:01:41 UTC 2019 /home/travis/build/icyphy/ptII/ptolemy/domains/continuous/test/auto/Integration.xml
----------------- Instantiating /home/travis/build/icyphy/ptII/ptolemy/domains/continuous/test/auto/Integration.xml
2 ms. Memory: 521728K Free: 475740K (91%)
----------------- Invoking toplevel() on ptolemy.moml.MoMLSimpleApplication@2b8f5bfc
----------------- Done invoking toplevel() on ptolemy.moml.MoMLSimpleApplication@2b8f5bfc
reloadAllAccessors: .Integration

===========================================================================================
----------------- testing Sat Feb 16 05:01:41 UTC 2019 /home/travis/build/icyphy/ptII/ptolemy/domains/continuous/test/auto/Integration2.xml
----------------- Instantiating /home/travis/build/icyphy/ptII/ptolemy/domains/continuous/test/auto/Integration2.xml
78 ms. Memory: 521728K Free: 454334K (87%)
----------------- Invoking toplevel() on ptolemy.moml.MoMLSimpleApplication@eb37f46
----------------- Done invoking toplevel() on ptolemy.moml.MoMLSimpleApplication@eb37f46
reloadAllAccessors: .Integration2

===========================================================================================
----------------- testing Sat Feb 16 05:01:41 UTC 2019 /home/travis/build/icyphy/ptII/ptolemy/domains/continuous/test/auto/Integration3.xml
----------------- Instantiating /home/travis/build/icyphy/ptII/ptolemy/domains/continuous/test/auto/Integration3.xml
2 ms. Memory: 521728K Free: 447624K (86%)
----------------- Invoking toplevel() on ptolemy.moml.MoMLSimpleApplication@34133cd0
----------------- Done invoking toplevel() on ptolemy.moml.MoMLSimpleApplication@34133cd0
reloadAllAccessors: .Integration3

===========================================================================================
----------------- testing Sat Feb 16 05:01:41 UTC 2019 /home/travis/build/icyphy/ptII/ptolemy/domains/continuous/test/auto/Integration5.xml
----------------- Instantiating /home/travis/build/icyphy/ptII/ptolemy/domains/continuous/test/auto/Integration5.xml
3 ms. Memory: 521728K Free: 440912K (85%)
----------------- Invoking toplevel() on ptolemy.moml.MoMLSimpleApplication@2d0addbb
----------------- Done invoking toplevel() on ptolemy.moml.MoMLSimpleApplication@2d0addbb
reloadAllAccessors: .Integration5

===========================================================================================
----------------- testing Sat Feb 16 05:01:41 UTC 2019 /home/travis/build/icyphy/ptII/ptolemy/domains/continuous/test/auto/IntegratorImpulse.xml
----------------- Instantiating /home/travis/build/icyphy/ptII/ptolemy/domains/continuous/test/auto/IntegratorImpulse.xml
2 ms. Memory: 521728K Free: 434201K (83%)
----------------- Invoking toplevel() on ptolemy.moml.MoMLSimpleApplication@472a6053
----------------- Done invoking toplevel() on ptolemy.moml.MoMLSimpleApplication@472a6053
reloadAllAccessors: .IntegratorImpulse

===========================================================================================
----------------- testing Sat Feb 16 05:01:41 UTC 2019 /home/travis/build/icyphy/ptII/ptolemy/domains/continuous/test/auto/IntegratorImpulse2.xml
----------------- Instantiating /home/travis/build/icyphy/ptII/ptolemy/domains/continuous/test/auto/IntegratorImpulse2.xml
4 ms. Memory: 521728K Free: 427490K (82%)
----------------- Invoking toplevel() on ptolemy.moml.MoMLSimpleApplication@5fd9c8fd
----------------- Done invoking toplevel() on ptolemy.moml.MoMLSimpleApplication@5fd9c8fd
reloadAllAccessors: .IntegratorImpulse2

===========================================================================================
----------------- testing Sat Feb 16 05:01:41 UTC 2019 /home/travis/build/icyphy/ptII/ptolemy/domains/continuous/test/auto/LevelCrossing1.xml
----------------- Instantiating /home/travis/build/icyphy/ptII/ptolemy/domains/continuous/test/auto/LevelCrossing1.xml
2 ms. Memory: 521728K Free: 417843K (80%)
----------------- Invoking toplevel() on ptolemy.moml.MoMLSimpleApplication@78768549
----------------- Done invoking toplevel() on ptolemy.moml.MoMLSimpleApplication@78768549
reloadAllAccessors: .LevelCrossing1

===========================================================================================
----------------- testing Sat Feb 16 05:01:41 UTC 2019 /home/travis/build/icyphy/ptII/ptolemy/domains/continuous/test/auto/LevelCrossing2.xml
----------------- Instantiating /home/travis/build/icyphy/ptII/ptolemy/domains/continuous/test/auto/LevelCrossing2.xml
3 ms. Memory: 521728K Free: 408055K (78%)
----------------- Invoking toplevel() on ptolemy.moml.MoMLSimpleApplication@76eaebe1
----------------- Done invoking toplevel() on ptolemy.moml.MoMLSimpleApplication@76eaebe1
reloadAllAccessors: .LevelCrossing2

===========================================================================================
----------------- testing Sat Feb 16 05:01:41 UTC 2019 /home/travis/build/icyphy/ptII/ptolemy/domains/continuous/test/auto/LevelCrossing3.xml
----------------- Instantiating /home/travis/build/icyphy/ptII/ptolemy/domains/continuous/test/auto/LevelCrossing3.xml
3 ms. Memory: 521728K Free: 398408K (76%)
----------------- Invoking toplevel() on ptolemy.moml.MoMLSimpleApplication@3c0d9b1f
----------------- Done invoking toplevel() on ptolemy.moml.MoMLSimpleApplication@3c0d9b1f
reloadAllAccessors: .LevelCrossing3

===========================================================================================
----------------- testing Sat Feb 16 05:01:41 UTC 2019 /home/travis/build/icyphy/ptII/ptolemy/domains/continuous/test/auto/LevelCrossing4.xml
----------------- Instantiating /home/travis/build/icyphy/ptII/ptolemy/domains/continuous/test/auto/LevelCrossing4.xml
3 ms. Memory: 521728K Free: 388746K (75%)
----------------- Invoking toplevel() on ptolemy.moml.MoMLSimpleApplication@7f6f4a8d
----------------- Done invoking toplevel() on ptolemy.moml.MoMLSimpleApplication@7f6f4a8d
reloadAllAccessors: .LevelCrossing4

===========================================================================================
----------------- testing Sat Feb 16 05:01:41 UTC 2019 /home/travis/build/icyphy/ptII/ptolemy/domains/continuous/test/auto/LevelCrossing5.xml
----------------- Instantiating /home/travis/build/icyphy/ptII/ptolemy/domains/continuous/test/auto/LevelCrossing5.xml
3 ms. Memory: 521728K Free: 379083K (73%)
----------------- Invoking toplevel() on ptolemy.moml.MoMLSimpleApplication@7152fceb
----------------- Done invoking toplevel() on ptolemy.moml.MoMLSimpleApplication@7152fceb
reloadAllAccessors: .LevelCrossing5

===========================================================================================
[...]
----------------- testing Sat Feb 16 05:01:58 UTC 2019 /home/travis/build/icyphy/ptII/ptolemy/domains/continuous/test/auto/SRinContinuous.xml
----------------- Instantiating /home/travis/build/icyphy/ptII/ptolemy/domains/continuous/test/auto/SRinContinuous.xml
7 ms. Memory: 578048K Free: 477916K (83%)
----------------- Invoking toplevel() on ptolemy.moml.MoMLSimpleApplication@5e1b7fdf
----------------- Done invoking toplevel() on ptolemy.moml.MoMLSimpleApplication@5e1b7fdf
reloadAllAccessors: .SRinContinuous

===========================================================================================
----------------- testing Sat Feb 16 05:01:58 UTC 2019 /home/travis/build/icyphy/ptII/ptolemy/domains/continuous/test/auto/SampledClocks.xml
----------------- Instantiating /home/travis/build/icyphy/ptII/ptolemy/domains/continuous/test/auto/SampledClocks.xml
8 ms. Memory: 578048K Free: 467242K (81%)
----------------- Invoking toplevel() on ptolemy.moml.MoMLSimpleApplication@7dbf1015
----------------- Done invoking toplevel() on ptolemy.moml.MoMLSimpleApplication@7dbf1015
reloadAllAccessors: .SampledClocks

===========================================================================================
----------------- testing Sat Feb 16 05:01:58 UTC 2019 /home/travis/build/icyphy/ptII/ptolemy/domains/continuous/test/auto/Satellite.xml
----------------- Instantiating /home/travis/build/icyphy/ptII/ptolemy/domains/continuous/test/auto/Satellite.xml
826 ms. Memory: 578048K Free: 285501K (49%)
----------------- Invoking toplevel() on ptolemy.moml.MoMLSimpleApplication@29914ded
----------------- Done invoking toplevel() on ptolemy.moml.MoMLSimpleApplication@29914ded
reloadAllAccessors: .Satellite

===========================================================================================
----------------- testing Sat Feb 16 05:01:59 UTC 2019 /home/travis/build/icyphy/ptII/ptolemy/domains/continuous/test/auto/SigmaDelta.xml
----------------- Instantiating /home/travis/build/icyphy/ptII/ptolemy/domains/continuous/test/auto/SigmaDelta.xml
2173 ms. Memory: 554496K Free: 371756K (67%)
----------------- Invoking toplevel() on ptolemy.moml.MoMLSimpleApplication@145d2ee
----------------- Done invoking toplevel() on ptolemy.moml.MoMLSimpleApplication@145d2ee
reloadAllAccessors: .SigmaDelta

===========================================================================================
----------------- testing Sat Feb 16 05:02:01 UTC 2019 /home/travis/build/icyphy/ptII/ptolemy/domains/continuous/test/auto/SingleRefinement.xml
----------------- Instantiating /home/travis/build/icyphy/ptII/ptolemy/domains/continuous/test/auto/SingleRefinement.xml
291 ms. Memory: 554496K Free: 186818K (34%)
----------------- Invoking toplevel() on ptolemy.moml.MoMLSimpleApplication@11a52e1a
----------------- Done invoking toplevel() on ptolemy.moml.MoMLSimpleApplication@11a52e1a
reloadAllAccessors: .SingleRefinement

===========================================================================================
----------------- testing Sat Feb 16 05:02:02 UTC 2019 /home/travis/build/icyphy/ptII/ptolemy/domains/continuous/test/auto/SinuBouncingBall.xml
----------------- Instantiating /home/travis/build/icyphy/ptII/ptolemy/domains/continuous/test/auto/SinuBouncingBall.xml
728 ms. Memory: 665600K Free: 540529K (81%)
----------------- Invoking toplevel() on ptolemy.moml.MoMLSimpleApplication@650b8c2e
----------------- Done invoking toplevel() on ptolemy.moml.MoMLSimpleApplication@650b8c2e
reloadAllAccessors: .SinuBouncingBall

===========================================================================================
----------------- testing Sat Feb 16 05:02:02 UTC 2019 /home/travis/build/icyphy/ptII/ptolemy/domains/continuous/test/auto/Sinusoid.xml
----------------- Instantiating /home/travis/build/icyphy/ptII/ptolemy/domains/continuous/test/auto/Sinusoid.xml
8 ms. Memory: 665600K Free: 529935K (80%)
----------------- Invoking toplevel() on ptolemy.moml.MoMLSimpleApplication@de6bae6
----------------- Done invoking toplevel() on ptolemy.moml.MoMLSimpleApplication@de6bae6
reloadAllAccessors: .Sinusoid

===========================================================================================
----------------- testing Sat Feb 16 05:02:02 UTC 2019 /home/travis/build/icyphy/ptII/ptolemy/domains/continuous/test/auto/SinusoidInNoise.xml
----------------- Instantiating /home/travis/build/icyphy/ptII/ptolemy/domains/continuous/test/auto/SinusoidInNoise.xml
848 ms. Memory: 665600K Free: 326983K (49%)
----------------- Invoking toplevel() on ptolemy.moml.MoMLSimpleApplication@13eae3c7
----------------- Done invoking toplevel() on ptolemy.moml.MoMLSimpleApplication@13eae3c7
reloadAllAccessors: .SinusoidInNoise

===========================================================================================
----------------- testing Sat Feb 16 05:02:03 UTC 2019 /home/travis/build/icyphy/ptII/ptolemy/domains/continuous/test/auto/SinusoidRK45.xml
----------------- Instantiating /home/travis/build/icyphy/ptII/ptolemy/domains/continuous/test/auto/SinusoidRK45.xml
2 ms. Memory: 665600K Free: 318246K (48%)
----------------- Invoking toplevel() on ptolemy.moml.MoMLSimpleApplication@32f202a8
----------------- Done invoking toplevel() on ptolemy.moml.MoMLSimpleApplication@32f202a8
reloadAllAccessors: .SinusoidRK45

===========================================================================================
----------------- testing Sat Feb 16 05:02:03 UTC 2019 /home/travis/build/icyphy/ptII/ptolemy/domains/continuous/test/auto/SinusoidWithMultipleImpulses.xml
----------------- Instantiating /home/travis/build/icyphy/ptII/ptolemy/domains/continuous/test/auto/SinusoidWithMultipleImpulses.xml
10 ms. Memory: 665600K Free: 309614K (47%)
----------------- Invoking toplevel() on ptolemy.moml.MoMLSimpleApplication@1bc6baad
----------------- Done invoking toplevel() on ptolemy.moml.MoMLSimpleApplication@1bc6baad
reloadAllAccessors: .SinusoidWithMultipleImpulses

===========================================================================================
----------------- testing Sat Feb 16 05:02:03 UTC 2019 /home/travis/build/icyphy/ptII/ptolemy/domains/continuous/test/auto/SquareWave.xml
----------------- Instantiating /home/travis/build/icyphy/ptII/ptolemy/domains/continuous/test/auto/SquareWave.xml
148 ms. Memory: 665600K Free: 277544K (42%)
----------------- Invoking toplevel() on ptolemy.moml.MoMLSimpleApplication@2aa34b94
----------------- Done invoking toplevel() on ptolemy.moml.MoMLSimpleApplication@2aa34b94
reloadAllAccessors: .SquareWave

===========================================================================================
----------------- testing Sat Feb 16 05:02:04 UTC 2019 /home/travis/build/icyphy/ptII/ptolemy/domains/continuous/test/auto/Starmac.xml
----------------- Instantiating /home/travis/build/icyphy/ptII/ptolemy/domains/continuous/test/auto/Starmac.xml
3045 ms. Memory: 641024K Free: 476562K (74%)
----------------- Invoking toplevel() on ptolemy.moml.MoMLSimpleApplication@84a5e93
----------------- Done invoking toplevel() on ptolemy.moml.MoMLSimpleApplication@84a5e93
reloadAllAccessors: .Starmac

===========================================================================================
----------------- testing Sat Feb 16 05:02:07 UTC 2019 /home/travis/build/icyphy/ptII/ptolemy/domains/continuous/test/auto/StaticUnits.xml
----------------- Instantiating /home/travis/build/icyphy/ptII/ptolemy/domains/continuous/test/auto/StaticUnits.xml
2125 ms. Memory: 641024K Free: 23111K (4%)
----------------- Invoking toplevel() on ptolemy.moml.MoMLSimpleApplication@626b5dcc
----------------- Done invoking toplevel() on ptolemy.moml.MoMLSimpleApplication@626b5dcc
reloadAllAccessors: .StaticUnits

===========================================================================================
----------------- testing Sat Feb 16 05:02:10 UTC 2019 /home/travis/build/icyphy/ptII/ptolemy/domains/continuous/test/auto/StickyMasses.xml
----------------- Instantiating /home/travis/build/icyphy/ptII/ptolemy/domains/continuous/test/auto/StickyMasses.xml
119 ms. Memory: 610816K Free: 491170K (80%)
----------------- Invoking toplevel() on ptolemy.moml.MoMLSimpleApplication@76adb93
----------------- Done invoking toplevel() on ptolemy.moml.MoMLSimpleApplication@76adb93
reloadAllAccessors: .StickyMasses

===========================================================================================
----------------- testing Sat Feb 16 05:02:10 UTC 2019 /home/travis/build/icyphy/ptII/ptolemy/domains/continuous/test/auto/StopTime.xml
----------------- Instantiating /home/travis/build/icyphy/ptII/ptolemy/domains/continuous/test/auto/StopTime.xml
38 ms. Memory: 610816K Free: 461982K (76%)
----------------- Invoking toplevel() on ptolemy.moml.MoMLSimpleApplication@77bc2048
----------------- Done invoking toplevel() on ptolemy.moml.MoMLSimpleApplication@77bc2048
reloadAllAccessors: .StopTime

===========================================================================================
----------------- testing Sat Feb 16 05:02:10 UTC 2019 /home/travis/build/icyphy/ptII/ptolemy/domains/continuous/test/auto/StopTime2.xml
----------------- Instantiating /home/travis/build/icyphy/ptII/ptolemy/domains/continuous/test/auto/StopTime2.xml
31 ms. Memory: 610816K Free: 436332K (71%)
----------------- Invoking toplevel() on ptolemy.moml.MoMLSimpleApplication@7cca252b
----------------- Done invoking toplevel() on ptolemy.moml.MoMLSimpleApplication@7cca252b
reloadAllAccessors: .StopTime2

===========================================================================================
----------------- testing Sat Feb 16 05:02:10 UTC 2019 /home/travis/build/icyphy/ptII/ptolemy/domains/continuous/test/auto/Switch.xml
----------------- Instantiating /home/travis/build/icyphy/ptII/ptolemy/domains/continuous/test/auto/Switch.xml
36 ms. Memory: 610816K Free: 407131K (67%)
----------------- Invoking toplevel() on ptolemy.moml.MoMLSimpleApplication@275901c3
----------------- Done invoking toplevel() on ptolemy.moml.MoMLSimpleApplication@275901c3
reloadAllAccessors: .Switch

===========================================================================================
----------------- testing Sat Feb 16 05:02:10 UTC 2019 /home/travis/build/icyphy/ptII/ptolemy/domains/continuous/test/auto/Thermostat.xml
----------------- Instantiating /home/travis/build/icyphy/ptII/ptolemy/domains/continuous/test/auto/Thermostat.xml
187 ms. Memory: 610816K Free: 328397K (54%)
----------------- Invoking toplevel() on ptolemy.moml.MoMLSimpleApplication@99622c1
----------------- Done invoking toplevel() on ptolemy.moml.MoMLSimpleApplication@99622c1
reloadAllAccessors: .Thermostat

===========================================================================================
----------------- testing Sat Feb 16 05:02:10 UTC 2019 /home/travis/build/icyphy/ptII/ptolemy/domains/continuous/test/auto/TimeDelay.xml
----------------- Instantiating /home/travis/build/icyphy/ptII/ptolemy/domains/continuous/test/auto/TimeDelay.xml
6 ms. Memory: 610816K Free: 320400K (52%)
----------------- Invoking toplevel() on ptolemy.moml.MoMLSimpleApplication@12130eae
----------------- Done invoking toplevel() on ptolemy.moml.MoMLSimpleApplication@12130eae
reloadAllAccessors: .TimeDelay

===========================================================================================
----------------- testing Sat Feb 16 05:02:10 UTC 2019 /home/travis/build/icyphy/ptII/ptolemy/domains/continuous/test/auto/TimeDelay2.xml
----------------- Instantiating /home/travis/build/icyphy/ptII/ptolemy/domains/continuous/test/auto/TimeDelay2.xml
7 ms. Memory: 610816K Free: 308876K (51%)
----------------- Invoking toplevel() on ptolemy.moml.MoMLSimpleApplication@3edcc929
----------------- Done invoking toplevel() on ptolemy.moml.MoMLSimpleApplication@3edcc929
reloadAllAccessors: .TimeDelay2

===========================================================================================
----------------- testing Sat Feb 16 05:02:10 UTC 2019 /home/travis/build/icyphy/ptII/ptolemy/domains/continuous/test/auto/TimeDelay3.xml
----------------- Instantiating /home/travis/build/icyphy/ptII/ptolemy/domains/continuous/test/auto/TimeDelay3.xml
6 ms. Memory: 610816K Free: 300879K (49%)
----------------- Invoking toplevel() on ptolemy.moml.MoMLSimpleApplication@65fdd932
----------------- Done invoking toplevel() on ptolemy.moml.MoMLSimpleApplication@65fdd932
reloadAllAccessors: .TimeDelay3

===========================================================================================
----------------- testing Sat Feb 16 05:02:10 UTC 2019 /home/travis/build/icyphy/ptII/ptolemy/domains/continuous/test/auto/TransferAbsentToInside.xml
----------------- Instantiating /home/travis/build/icyphy/ptII/ptolemy/domains/continuous/test/auto/TransferAbsentToInside.xml
23 ms. Memory: 610816K Free: 239797K (39%)
----------------- Invoking toplevel() on ptolemy.moml.MoMLSimpleApplication@5ca570e9
----------------- Done invoking toplevel() on ptolemy.moml.MoMLSimpleApplication@5ca570e9
reloadAllAccessors: .TransferAbsentToInside

===========================================================================================
----------------- testing Sat Feb 16 05:02:10 UTC 2019 /home/travis/build/icyphy/ptII/ptolemy/domains/continuous/test/auto/Transmission.xml
----------------- Instantiating /home/travis/build/icyphy/ptII/ptolemy/domains/continuous/test/auto/Transmission.xml
717 ms. Memory: 586752K Free: 506174K (86%)
----------------- Invoking toplevel() on ptolemy.moml.MoMLSimpleApplication@2eacf3e0
----------------- Done invoking toplevel() on ptolemy.moml.MoMLSimpleApplication@2eacf3e0
reloadAllAccessors: .Transmission

===========================================================================================
----------------- testing Sat Feb 16 05:02:11 UTC 2019 /home/travis/build/icyphy/ptII/ptolemy/domains/continuous/test/auto/TriggeredContinuousClock.xml
----------------- Instantiating /home/travis/build/icyphy/ptII/ptolemy/domains/continuous/test/auto/TriggeredContinuousClock.xml
34 ms. Memory: 586752K Free: 470498K (80%)
----------------- Invoking toplevel() on ptolemy.moml.MoMLSimpleApplication@57959b10
----------------- Done invoking toplevel() on ptolemy.moml.MoMLSimpleApplication@57959b10
reloadAllAccessors: .TriggeredContinuousClock

===========================================================================================
----------------- testing Sat Feb 16 05:02:11 UTC 2019 /home/travis/build/icyphy/ptII/ptolemy/domains/continuous/test/auto/TwoMachineInfiniteBusControl.xml
----------------- Instantiating /home/travis/build/icyphy/ptII/ptolemy/domains/continuous/test/auto/TwoMachineInfiniteBusControl.xml
2550 ms. Memory: 563712K Free: 399090K (71%)
----------------- Invoking toplevel() on ptolemy.moml.MoMLSimpleApplication@52aa261
----------------- Done invoking toplevel() on ptolemy.moml.MoMLSimpleApplication@52aa261
reloadAllAccessors: .TwoMachineInfiniteBusControl

===========================================================================================
----------------- testing Sat Feb 16 05:02:14 UTC 2019 /home/travis/build/icyphy/ptII/ptolemy/domains/continuous/test/auto/V2V.xml
----------------- Instantiating /home/travis/build/icyphy/ptII/ptolemy/domains/continuous/test/auto/V2V.xml
700 ms. Memory: 563712K Free: 205861K (37%)
----------------- Invoking toplevel() on ptolemy.moml.MoMLSimpleApplication@2b14ea5f
----------------- Done invoking toplevel() on ptolemy.moml.MoMLSimpleApplication@2b14ea5f
reloadAllAccessors: .V2V

===========================================================================================
----------------- testing Sat Feb 16 05:02:15 UTC 2019 /home/travis/build/icyphy/ptII/ptolemy/domains/continuous/test/auto/hierarchicalModalModel.xml
----------------- Instantiating /home/travis/build/icyphy/ptII/ptolemy/domains/continuous/test/auto/hierarchicalModalModel.xml
7 ms. Memory: 563712K Free: 188002K (33%)
----------------- Invoking toplevel() on ptolemy.moml.MoMLSimpleApplication@217b64ec
----------------- Done invoking toplevel() on ptolemy.moml.MoMLSimpleApplication@217b64ec
reloadAllAccessors: .hierarchicalModalModel

===========================================================================================
----------------- testing Sat Feb 16 05:02:15 UTC 2019 /home/travis/build/icyphy/ptII/ptolemy/domains/continuous/test/auto/hierarchicalModalModel1.xml
----------------- Instantiating /home/travis/build/icyphy/ptII/ptolemy/domains/continuous/test/auto/hierarchicalModalModel1.xml
10 ms. Memory: 563712K Free: 170202K (30%)
----------------- Invoking toplevel() on ptolemy.moml.MoMLSimpleApplication@5539c435
----------------- Done invoking toplevel() on ptolemy.moml.MoMLSimpleApplication@5539c435
reloadAllAccessors: .hierarchicalModalModel1

===========================================================================================
----------------- testing Sat Feb 16 05:02:15 UTC 2019 /home/travis/build/icyphy/ptII/ptolemy/domains/continuous/test/auto/hierarchicalModalModel2.xml
----------------- Instantiating /home/travis/build/icyphy/ptII/ptolemy/domains/continuous/test/auto/hierarchicalModalModel2.xml
9 ms. Memory: 563712K Free: 152344K (27%)
----------------- Invoking toplevel() on ptolemy.moml.MoMLSimpleApplication@692ed563
----------------- Done invoking toplevel() on ptolemy.moml.MoMLSimpleApplication@692ed563
reloadAllAccessors: .hierarchicalModalModel2

===========================================================================================
----------------- testing Sat Feb 16 05:02:15 UTC 2019 /home/travis/build/icyphy/ptII/ptolemy/domains/continuous/test/auto/hierarchicalModalModel3.xml
----------------- Instantiating /home/travis/build/icyphy/ptII/ptolemy/domains/continuous/test/auto/hierarchicalModalModel3.xml
9 ms. Memory: 563712K Free: 139308K (25%)
----------------- Invoking toplevel() on ptolemy.moml.MoMLSimpleApplication@781f69e3
----------------- Done invoking toplevel() on ptolemy.moml.MoMLSimpleApplication@781f69e3
reloadAllAccessors: .hierarchicalModalModel3

===========================================================================================
----------------- testing Sat Feb 16 05:02:15 UTC 2019 /home/travis/build/icyphy/ptII/ptolemy/domains/continuous/test/auto/hierarchicalModalModel4.xml
----------------- Instantiating /home/travis/build/icyphy/ptII/ptolemy/domains/continuous/test/auto/hierarchicalModalModel4.xml
5 ms. Memory: 563712K Free: 123944K (22%)
----------------- Invoking toplevel() on ptolemy.moml.MoMLSimpleApplication@1c672e74
----------------- Done invoking toplevel() on ptolemy.moml.MoMLSimpleApplication@1c672e74
reloadAllAccessors: .hierarchicalModalModel4

===========================================================================================
----------------- testing Sat Feb 16 05:02:15 UTC 2019 /home/travis/build/icyphy/ptII/ptolemy/domains/continuous/test/auto/junk.xml
----------------- Instantiating /home/travis/build/icyphy/ptII/ptolemy/domains/continuous/test/auto/junk.xml
122 ms. Memory: 563712K Free: 91711K (16%)
----------------- Invoking toplevel() on ptolemy.moml.MoMLSimpleApplication@542ac7c7
----------------- Done invoking toplevel() on ptolemy.moml.MoMLSimpleApplication@542ac7c7
reloadAllAccessors: .junk
AutoTests.java: About to close Vertx.
AutoTests.java: Vertx closed.
]]></system-out>
  <system-err><![CDATA[Warning: '.HysteresisWithRandomDelay.NonStrictTest3' The test produced only 26 tokens, yet the correctValues parameter was expecting 30 tokens.
Warning: '.IncreasingRatePoisson.NonStrictTest' The test produced only 392 tokens, yet the correctValues parameter was expecting 402 tokens.
Warning: '.Poisson.NonStrictTest' The test produced only 405 tokens, yet the correctValues parameter was expecting 430 tokens.
]]></system-err>
</testsuite>
