/home/travis/build/icyphy/ptII/bin/ant: Running /home/travis/build/icyphy/ptII/ant/bin/ant build test.export6.xml
Buildfile: /home/travis/build/icyphy/ptII/build.xml

build-message:
     [echo] Use ant -p to see other targets. JAVA_HOME=/usr/local/lib/jvm/openjdk11
     [echo] tools.jar is necessary for compilation of doc/doclets/.
     [echo] If compilation fails, try setting JAVA_HOME to the location of the JDK.
     [echo] For example:
     [echo]   [bldmastr@sisyphus ptII]$ which java
     [echo]   /usr/bin/java
     [echo]   [bldmastr@sisyphus ptII]$ ls -l /usr/bin/java
     [echo]   lrwxrwxrwx 1 root root 26 Jul 31 10:12 /usr/bin/java -> /usr/java/default/bin/java
     [echo]   [bldmastr@sisyphus ptII]$ export JAVA_HOME=/usr/java/default
     [echo]     

-build-subprojects-empty:

build-subprojects:

-check-node:

-check-node-works:
     [exec] /home/travis/build/icyphy/ptII/bin/node: Running /home/travis/.nvm/versions/node/v7.10.1/bin/node --version
     [exec] v7.10.1

-check-npm:

-check-npm-works:
     [exec] /home/travis/build/icyphy/ptII/bin/npm: Running /home/travis/.nvm/versions/node/v7.10.1/bin/npm --version
     [exec] /home/travis/build/icyphy/ptII/bin/node: Running /home/travis/.nvm/versions/node/v7.10.1/bin/node /home/travis/.nvm/versions/node/v7.10.1/bin/npm --version
     [exec] 4.2.0

-check-if-npmjs-org-is-up:
     [echo] Check to see if https://www.npmjs.org is up.

-jsdoc-no-network-message:

-check-jsdoc:

jsdoc-install:

jsdoc-update:
     [exec] /home/travis/build/icyphy/ptII/bin/npm: Running /home/travis/.nvm/versions/node/v7.10.1/bin/npm update @terraswarm/jsdoc
     [exec] /home/travis/build/icyphy/ptII/bin/node: Running /home/travis/.nvm/versions/node/v7.10.1/bin/node /home/travis/.nvm/versions/node/v7.10.1/bin/npm update @terraswarm/jsdoc

-ptdoc-no-node:

-ptdoc-no-npm:

ptdoc:
     [echo] 
     [echo]       If the ptdoc target fails, then try running:
     [echo]           ant build-project build-bin
     [echo]     

-check-node:

-check-node-works:
     [exec] /home/travis/build/icyphy/ptII/bin/node: Running /home/travis/.nvm/versions/node/v7.10.1/bin/node --version
     [exec] v7.10.1

-check-npm:

-check-npm-works:
     [exec] /home/travis/build/icyphy/ptII/bin/npm: Running /home/travis/.nvm/versions/node/v7.10.1/bin/npm --version
     [exec] /home/travis/build/icyphy/ptII/bin/node: Running /home/travis/.nvm/versions/node/v7.10.1/bin/node /home/travis/.nvm/versions/node/v7.10.1/bin/npm --version
     [exec] 4.2.0

-check-if-npmjs-org-is-up:
     [echo] Check to see if https://www.npmjs.org is up or $TRAVIS is set.

-jsdoc-no-network-message:

-check-jsdoc:
     [echo] To stop CapeCode from invoking jsdoc and svn, set the PT_NO_NET environment variable.  
     [echo]     Under BASH:
     [echo]         export PT_NO_NET=true
     [echo]     If ptdoc fails, and you are building from $PTII, try:
     [echo]         ant build-project build-bin
     [echo]     

jsdoc-install:
     [echo] npm.executable: npm
    [mkdir] Created dir: /home/travis/build/icyphy/ptII/org/terraswarm/accessor/accessors/node_modules
     [exec] /home/travis/build/icyphy/ptII/bin/npm: Running /home/travis/.nvm/versions/node/v7.10.1/bin/npm install @terraswarm/jsdoc
     [exec] /home/travis/build/icyphy/ptII/bin/node: Running /home/travis/.nvm/versions/node/v7.10.1/bin/node /home/travis/.nvm/versions/node/v7.10.1/bin/npm install @terraswarm/jsdoc
     [exec] npm WARN lifecycle The node binary used for scripts is /home/travis/build/icyphy/ptII/bin/node but npm is using /home/travis/.nvm/versions/node/v7.10.1/bin/node itself. Use the `--scripts-prepend-node-path` option to include the path for the node binary npm was executed with.
     [exec] /home/travis/build/icyphy/ptII/org/terraswarm/accessor/accessors
     [exec] └─┬ @terraswarm/jsdoc@3.5.1-dev 
     [exec]   ├── bluebird@3.4.7 
     [exec]   ├─┬ catharsis@0.8.11 
     [exec]   │ └── lodash@4.17.21 
     [exec]   ├── escape-string-regexp@1.0.5 
     [exec]   ├─┬ espree@3.1.7 
     [exec]   │ ├── acorn@3.3.0 
     [exec]   │ └── acorn-jsx@3.0.1 
     [exec]   ├── js2xmlparser@1.0.0 
     [exec]   ├─┬ klaw@1.3.1 
     [exec]   │ └── graceful-fs@4.2.8 
     [exec]   ├── marked@0.3.19 
     [exec]   ├─┬ mkdirp@0.5.5 
     [exec]   │ └── minimist@1.2.5 
     [exec]   ├── requizzle@0.2.3 
     [exec]   ├── strip-json-comments@2.0.1 
     [exec]   ├── taffydb@2.6.2 
     [exec]   └── underscore@1.8.3 
     [exec] 
     [exec] npm WARN enoent ENOENT: no such file or directory, open '/home/travis/build/icyphy/ptII/org/terraswarm/accessor/accessors/package.json'
     [exec] npm WARN accessors No description
     [exec] npm WARN accessors No repository field.
     [exec] npm WARN accessors No README data
     [exec] npm WARN accessors No license field.

jsdoc-update:
     [exec] /home/travis/build/icyphy/ptII/bin/npm: Running /home/travis/.nvm/versions/node/v7.10.1/bin/npm update @terraswarm/jsdoc
     [exec] /home/travis/build/icyphy/ptII/bin/node: Running /home/travis/.nvm/versions/node/v7.10.1/bin/node /home/travis/.nvm/versions/node/v7.10.1/bin/npm update @terraswarm/jsdoc

-ptdoc-no-node-message:

-ptdoc-no-npm-message:

-check-jsdoc-again:

-jsdoc-command-message:

ptdoc:
     [echo] Invoke /home/travis/build/icyphy/ptII/org/terraswarm/accessor/accessors/web/../node_modules/@terraswarm/jsdoc/jsdoc.js to read *.js files and generate *PtDoc.xml files suitable for Ptolemy.
     [echo]     See https://chess.eecs.berkeley.edu/ptexternal/wiki/Main/JSDocSystems
     [echo]     See jsdoc/jsdoc.json
     [echo]     See jsdoc/plugins/accessorJSDocTags.js
     [echo]     See jsdoc/templates/ptdoc/publish.js
     [echo] 
     [echo]     If the ptdoc target fails, the there is likely a problem with node or npm.  It is possible
     [echo]     to use CapeCode even if the ptdoc target fails.
     [echo]     
     [echo]     If you are building from $PTII, try:
     [echo]         ant build-project build-bin
     [echo] 
     [echo]     
     [exec] /home/travis/build/icyphy/ptII/bin/node: Running /home/travis/.nvm/versions/node/v7.10.1/bin/node /home/travis/build/icyphy/ptII/org/terraswarm/accessor/accessors/web/../node_modules/@terraswarm/jsdoc/jsdoc.js --configure jsdoc/jsdoc.json --recurse --template jsdoc/templates/ptdoc --verbose .
     [exec] Generating output files...
     [exec] Finished running in 13.85 seconds.

build-project:
     [echo] ptII: /home/travis/build/icyphy/ptII/build.xml
    [javac] Compiling 4257 source files to /home/travis/build/icyphy/ptII
    [javac] /home/travis/build/icyphy/ptII/ptolemy/util/StringUtilities.java:48: warning: Unsafe is internal proprietary API and may be removed in a future release
    [javac] import sun.misc.Unsafe;
    [javac]                ^
    [javac] /home/travis/build/icyphy/ptII/ptolemy/actor/lib/jjs/JavaScript.java:2677: warning: [removal] ScriptObjectMirror in jdk.nashorn.api.scripting has been deprecated and marked for removal
    [javac]                 if (possibilities instanceof ScriptObjectMirror) {
    [javac]                                              ^
    [javac] /home/travis/build/icyphy/ptII/ptolemy/actor/lib/jjs/JavaScript.java:2678: warning: [removal] ScriptObjectMirror in jdk.nashorn.api.scripting has been deprecated and marked for removal
    [javac]                     choices = ((ScriptObjectMirror) possibilities).values();
    [javac]                                 ^
    [javac] /home/travis/build/icyphy/ptII/ptolemy/actor/lib/jjs/HelperBase.java:71: warning: [removal] ScriptObjectMirror in jdk.nashorn.api.scripting has been deprecated and marked for removal
    [javac]     public HelperBase(Object actor, ScriptObjectMirror helping) {
    [javac]                                     ^
    [javac] /home/travis/build/icyphy/ptII/ptolemy/actor/lib/jjs/HelperBase.java:93: warning: [removal] ScriptObjectMirror in jdk.nashorn.api.scripting has been deprecated and marked for removal
    [javac]     public ScriptObjectMirror getHelping() {
    [javac]            ^
    [javac] /home/travis/build/icyphy/ptII/ptolemy/actor/lib/jjs/HelperBase.java:178: warning: [removal] ScriptObjectMirror in jdk.nashorn.api.scripting has been deprecated and marked for removal
    [javac]     protected void _error(ScriptObjectMirror emitter, final String message) {
    [javac]                           ^
    [javac] /home/travis/build/icyphy/ptII/ptolemy/actor/lib/jjs/HelperBase.java:202: warning: [removal] ScriptObjectMirror in jdk.nashorn.api.scripting has been deprecated and marked for removal
    [javac]     protected void _error(ScriptObjectMirror emitter, final String message,
    [javac]                           ^
    [javac] /home/travis/build/icyphy/ptII/ptolemy/actor/lib/jjs/HelperBase.java:462: warning: [removal] ScriptObjectMirror in jdk.nashorn.api.scripting has been deprecated and marked for removal
    [javac]         if (object instanceof ScriptObjectMirror /* || object instanceof NativeArray*/) {
    [javac]                               ^
    [javac] /home/travis/build/icyphy/ptII/ptolemy/actor/lib/jjs/HelperBase.java:465: warning: [removal] ScriptObjectMirror in jdk.nashorn.api.scripting has been deprecated and marked for removal
    [javac]             ScriptObjectMirror objectMirror = ((ScriptObjectMirror) object);
    [javac]             ^
    [javac] /home/travis/build/icyphy/ptII/ptolemy/actor/lib/jjs/HelperBase.java:465: warning: [removal] ScriptObjectMirror in jdk.nashorn.api.scripting has been deprecated and marked for removal
    [javac]             ScriptObjectMirror objectMirror = ((ScriptObjectMirror) object);
    [javac]                                                 ^
    [javac] /home/travis/build/icyphy/ptII/ptolemy/actor/lib/jjs/HelperBase.java:537: warning: [removal] ScriptObjectMirror in jdk.nashorn.api.scripting has been deprecated and marked for removal
    [javac]     protected ScriptObjectMirror _currentObj;
    [javac]               ^
    [javac] /home/travis/build/icyphy/ptII/ptolemy/actor/lib/jjs/NashornAccessorHostApplication.java:459: warning: [removal] ScriptObjectMirror in jdk.nashorn.api.scripting has been deprecated and marked for removal
    [javac]         public void setTopLevelAccessor(ScriptObjectMirror accessor) {
    [javac]                                         ^
    [javac] /home/travis/build/icyphy/ptII/ptolemy/actor/lib/jjs/VertxHelperBase.java:286: warning: [removal] ScriptObjectMirror in jdk.nashorn.api.scripting has been deprecated and marked for removal
    [javac]     protected VertxHelperBase(Object actor, ScriptObjectMirror helping) {
    [javac]                                             ^
    [javac] /home/travis/build/icyphy/ptII/ptolemy/actor/lib/jjs/VertxHelperBase.java:300: warning: [removal] ScriptObjectMirror in jdk.nashorn.api.scripting has been deprecated and marked for removal
    [javac]     protected VertxHelperBase(Object actor, ScriptObjectMirror helping,
    [javac]                                             ^
    [javac] /home/travis/build/icyphy/ptII/ptolemy/actor/lib/jjs/modules/audio/AudioHelper.java:71: warning: [removal] ScriptObjectMirror in jdk.nashorn.api.scripting has been deprecated and marked for removal
    [javac]     public AudioHelper(Object actor, ScriptObjectMirror currentObj) {
    [javac]                                      ^
    [javac] /home/travis/build/icyphy/ptII/ptolemy/actor/lib/jjs/modules/audio/ClipPlayerHelper.java:57: warning: [removal] ScriptObjectMirror in jdk.nashorn.api.scripting has been deprecated and marked for removal
    [javac]     public ClipPlayerHelper(Object actor, ScriptObjectMirror helping) {
    [javac]                                           ^
    [javac] /home/travis/build/icyphy/ptII/ptolemy/actor/lib/jjs/modules/cameras/CameraHelper.java:107: warning: [removal] ScriptObjectMirror in jdk.nashorn.api.scripting has been deprecated and marked for removal
    [javac]     public CameraHelper(Object actor, ScriptObjectMirror currentObj)
    [javac]                                       ^
    [javac] /home/travis/build/icyphy/ptII/ptolemy/actor/lib/jjs/modules/cameras/CameraHelper.java:121: warning: [removal] ScriptObjectMirror in jdk.nashorn.api.scripting has been deprecated and marked for removal
    [javac]     public CameraHelper(Object actor, ScriptObjectMirror currentObj,
    [javac]                                       ^
    [javac] /home/travis/build/icyphy/ptII/ptolemy/actor/lib/jjs/modules/crypto/CryptoHelper.java:81: warning: [removal] ScriptObjectMirror in jdk.nashorn.api.scripting has been deprecated and marked for removal
    [javac]     public CryptoHelper(Object actor, ScriptObjectMirror currentObj) {
    [javac]                                       ^
    [javac] /home/travis/build/icyphy/ptII/ptolemy/actor/lib/jjs/modules/dataConverter/DataConverterHelper.java:58: warning: [removal] ScriptObjectMirror in jdk.nashorn.api.scripting has been deprecated and marked for removal
    [javac]     public DataConverterHelper(Object actor, ScriptObjectMirror currentObj) {
    [javac]                                              ^
    [javac] /home/travis/build/icyphy/ptII/ptolemy/actor/lib/jjs/modules/eventbus/EventBusHelper.java:95: warning: [removal] ScriptObjectMirror in jdk.nashorn.api.scripting has been deprecated and marked for removal
    [javac]     public EventBusHelper(Object actor, ScriptObjectMirror vertxBusJS,
    [javac]                                         ^
    [javac] /home/travis/build/icyphy/ptII/ptolemy/actor/lib/jjs/modules/eventbus/EventBusHelper.java:277: warning: [removal] ScriptObjectMirror in jdk.nashorn.api.scripting has been deprecated and marked for removal
    [javac]     private ScriptObjectMirror _vertxBusJS;
    [javac]             ^
    [javac] /home/travis/build/icyphy/ptII/ptolemy/actor/lib/jjs/modules/httpClient/HttpClientHelper.java:132: warning: [removal] ScriptObjectMirror in jdk.nashorn.api.scripting has been deprecated and marked for removal
    [javac]     public void request(ScriptObjectMirror currentObj,
    [javac]                         ^
    [javac] /home/travis/build/icyphy/ptII/ptolemy/actor/lib/jjs/modules/httpClient/HttpClientHelper.java:148: warning: [removal] ScriptObjectMirror in jdk.nashorn.api.scripting has been deprecated and marked for removal
    [javac]             ScriptObjectMirror helping) {
    [javac]             ^
    [javac] /home/travis/build/icyphy/ptII/ptolemy/actor/lib/jjs/modules/httpClient/HttpClientHelper.java:212: warning: [removal] ScriptObjectMirror in jdk.nashorn.api.scripting has been deprecated and marked for removal
    [javac]     protected HttpClientHelper(Object actor, ScriptObjectMirror helping) {
    [javac]                                              ^
    [javac] /home/travis/build/icyphy/ptII/ptolemy/actor/lib/jjs/modules/httpClient/HttpClientHelper.java:221: warning: [removal] ScriptObjectMirror in jdk.nashorn.api.scripting has been deprecated and marked for removal
    [javac]     protected HttpClientHelper(Object actor, ScriptObjectMirror helping,
    [javac]                                              ^
    [javac] /home/travis/build/icyphy/ptII/ptolemy/actor/lib/jjs/modules/httpClient/HttpClientHelper.java:246: warning: [removal] ScriptObjectMirror in jdk.nashorn.api.scripting has been deprecated and marked for removal
    [javac]         protected ScriptObjectMirror _requestObj;
    [javac]                   ^
    [javac] /home/travis/build/icyphy/ptII/ptolemy/actor/lib/jjs/modules/httpClient/HttpClientHelper.java:248: warning: [removal] ScriptObjectMirror in jdk.nashorn.api.scripting has been deprecated and marked for removal
    [javac]         public HttpClientExceptionHandler(ScriptObjectMirror requestObj,
    [javac]                                           ^
    [javac] /home/travis/build/icyphy/ptII/ptolemy/actor/lib/jjs/modules/httpClient/HttpClientHelper.java:310: warning: [removal] ScriptObjectMirror in jdk.nashorn.api.scripting has been deprecated and marked for removal
    [javac]         protected ScriptObjectMirror _requestObj;
    [javac]                   ^
    [javac] /home/travis/build/icyphy/ptII/ptolemy/actor/lib/jjs/modules/httpClient/HttpClientHelper.java:312: warning: [removal] ScriptObjectMirror in jdk.nashorn.api.scripting has been deprecated and marked for removal
    [javac]         public HttpClientResponseHandler(ScriptObjectMirror requestObj,
    [javac]                                          ^
    [javac] /home/travis/build/icyphy/ptII/ptolemy/actor/lib/jjs/modules/httpClient/HttpClientHelper.java:604: warning: [removal] ScriptObjectMirror in jdk.nashorn.api.scripting has been deprecated and marked for removal
    [javac]         protected ScriptObjectMirror _requestObj;
    [javac]                   ^
    [javac] /home/travis/build/icyphy/ptII/ptolemy/actor/lib/jjs/modules/httpClient/HttpClientHelper.java:606: warning: [removal] ScriptObjectMirror in jdk.nashorn.api.scripting has been deprecated and marked for removal
    [javac]         public StartHttpRequest(ScriptObjectMirror requestObj,
    [javac]                                 ^
    [javac] /home/travis/build/icyphy/ptII/ptolemy/actor/lib/jjs/modules/httpServer/HttpServerHelper.java:138: warning: [removal] ScriptObjectMirror in jdk.nashorn.api.scripting has been deprecated and marked for removal
    [javac]             ScriptObjectMirror currentObj, String hostInterface, int port) {
    [javac]             ^
    [javac] /home/travis/build/icyphy/ptII/ptolemy/actor/lib/jjs/modules/httpServer/HttpServerHelper.java:306: warning: [removal] ScriptObjectMirror in jdk.nashorn.api.scripting has been deprecated and marked for removal
    [javac]     private HttpServerHelper(Object actor, ScriptObjectMirror currentObj,
    [javac]                                            ^
    [javac] /home/travis/build/icyphy/ptII/ptolemy/actor/lib/jjs/modules/mqtt/MQTTHelper.java:73: warning: [removal] ScriptObjectMirror in jdk.nashorn.api.scripting has been deprecated and marked for removal
    [javac]     public MQTTHelper(Object actor, ScriptObjectMirror helping) {
    [javac]                                     ^
    [javac] /home/travis/build/icyphy/ptII/ptolemy/actor/lib/jjs/modules/mqtt/MQTTHelper.java:89: warning: [removal] ScriptObjectMirror in jdk.nashorn.api.scripting has been deprecated and marked for removal
    [javac]             ScriptObjectMirror helping) {
    [javac]             ^
    [javac] /home/travis/build/icyphy/ptII/ptolemy/actor/lib/jjs/modules/mqtt/MQTTHelper.java:146: warning: [removal] ScriptObjectMirror in jdk.nashorn.api.scripting has been deprecated and marked for removal
    [javac]         public MQTTClientWrapper(ScriptObjectMirror currentObj, int port,
    [javac]                                  ^
    [javac] /home/travis/build/icyphy/ptII/ptolemy/actor/lib/jjs/modules/mqtt/MQTTHelper.java:298: warning: [removal] ScriptObjectMirror in jdk.nashorn.api.scripting has been deprecated and marked for removal
    [javac]         private ScriptObjectMirror _currentObj;
    [javac]                 ^
    [javac] /home/travis/build/icyphy/ptII/ptolemy/actor/lib/jjs/modules/serial/SerialHelper.java:77: warning: [removal] ScriptObjectMirror in jdk.nashorn.api.scripting has been deprecated and marked for removal
    [javac]     public SerialHelper(Object actor, ScriptObjectMirror helping,
    [javac]                                       ^
    [javac] /home/travis/build/icyphy/ptII/ptolemy/actor/lib/jjs/modules/shell/ShellHelper.java:74: warning: [removal] ScriptObjectMirror in jdk.nashorn.api.scripting has been deprecated and marked for removal
    [javac]     public static ShellHelper createShell(ScriptObjectMirror scriptObjectMirror,
    [javac]                                           ^
    [javac] /home/travis/build/icyphy/ptII/ptolemy/actor/lib/jjs/modules/shell/ShellHelper.java:148: warning: [removal] ScriptObjectMirror in jdk.nashorn.api.scripting has been deprecated and marked for removal
    [javac]     private ShellHelper(ScriptObjectMirror currentObj, String command) {
    [javac]                         ^
    [javac] /home/travis/build/icyphy/ptII/ptolemy/actor/lib/jjs/modules/shell/ShellHelper.java:232: warning: [removal] ScriptObjectMirror in jdk.nashorn.api.scripting has been deprecated and marked for removal
    [javac]     private ScriptObjectMirror _currentObj;
    [javac]             ^
    [javac] /home/travis/build/icyphy/ptII/ptolemy/actor/lib/jjs/modules/socket/SocketHelper.java:98: warning: [removal] ScriptObjectMirror in jdk.nashorn.api.scripting has been deprecated and marked for removal
    [javac]     public SocketHelper(Object actor, ScriptObjectMirror helping) {
    [javac]                                       ^
    [javac] /home/travis/build/icyphy/ptII/ptolemy/actor/lib/jjs/modules/socket/SocketHelper.java:122: warning: [removal] ScriptObjectMirror in jdk.nashorn.api.scripting has been deprecated and marked for removal
    [javac]     public void openClientSocket(final ScriptObjectMirror socketClient,
    [javac]                                        ^
    [javac] /home/travis/build/icyphy/ptII/ptolemy/actor/lib/jjs/modules/socket/SocketHelper.java:246: warning: [removal] ScriptObjectMirror in jdk.nashorn.api.scripting has been deprecated and marked for removal
    [javac]             ScriptObjectMirror helping) {
    [javac]             ^
    [javac] /home/travis/build/icyphy/ptII/ptolemy/actor/lib/jjs/modules/socket/SocketHelper.java:298: warning: [removal] ScriptObjectMirror in jdk.nashorn.api.scripting has been deprecated and marked for removal
    [javac]     public void startServer(final ScriptObjectMirror socketServer,
    [javac]                                   ^
    [javac] /home/travis/build/icyphy/ptII/ptolemy/actor/lib/jjs/modules/socket/SocketHelper.java:548: warning: [removal] ScriptObjectMirror in jdk.nashorn.api.scripting has been deprecated and marked for removal
    [javac]         public SocketWrapper(ScriptObjectMirror eventEmitter, Object socket,
    [javac]                              ^
    [javac] /home/travis/build/icyphy/ptII/ptolemy/actor/lib/jjs/modules/socket/SocketHelper.java:1015: warning: [removal] ScriptObjectMirror in jdk.nashorn.api.scripting has been deprecated and marked for removal
    [javac]         private ScriptObjectMirror _eventEmitter;
    [javac]                 ^
    [javac] /home/travis/build/icyphy/ptII/ptolemy/actor/lib/jjs/modules/speechRecognition/SpeechRecognitionHelper.java:92: warning: [removal] ScriptObjectMirror in jdk.nashorn.api.scripting has been deprecated and marked for removal
    [javac]     public SpeechRecognitionHelper(Object actor, ScriptObjectMirror helping,
    [javac]                                                  ^
    [javac] /home/travis/build/icyphy/ptII/ptolemy/actor/lib/jjs/modules/speechRecognition/SpeechRecognitionHelper.java:93: warning: [removal] ScriptObjectMirror in jdk.nashorn.api.scripting has been deprecated and marked for removal
    [javac]             ScriptObjectMirror options) throws IllegalActionException {
    [javac]             ^
    [javac] /home/travis/build/icyphy/ptII/ptolemy/actor/lib/jjs/modules/speechRecognition/SpeechRecognitionHelper.java:167: warning: [removal] ScriptObjectMirror in jdk.nashorn.api.scripting has been deprecated and marked for removal
    [javac]     public void setOptions(ScriptObjectMirror options)
    [javac]                            ^
    [javac] /home/travis/build/icyphy/ptII/ptolemy/actor/lib/jjs/modules/textDisplay/TextDisplayHelper.java:66: warning: [removal] ScriptObjectMirror in jdk.nashorn.api.scripting has been deprecated and marked for removal
    [javac]     public TextDisplayHelper(Object actor, ScriptObjectMirror currentObj) {
    [javac]                                            ^
    [javac] /home/travis/build/icyphy/ptII/ptolemy/actor/lib/jjs/modules/textDisplay/TextDisplayHelper.java:75: warning: [removal] ScriptObjectMirror in jdk.nashorn.api.scripting has been deprecated and marked for removal
    [javac]     public TextDisplayHelper(Object actor, ScriptObjectMirror currentObj,
    [javac]                                            ^
    [javac] /home/travis/build/icyphy/ptII/ptolemy/actor/lib/jjs/modules/udpSocket/UDPSocketHelper.java:71: warning: [removal] ScriptObjectMirror in jdk.nashorn.api.scripting has been deprecated and marked for removal
    [javac]     public UDPSocketHelper(Object actor, ScriptObjectMirror helping) {
    [javac]                                          ^
    [javac] /home/travis/build/icyphy/ptII/ptolemy/actor/lib/jjs/modules/udpSocket/UDPSocketHelper.java:83: warning: [removal] ScriptObjectMirror in jdk.nashorn.api.scripting has been deprecated and marked for removal
    [javac]     public UDPSocket createSocket(ScriptObjectMirror scriptObjectMirror,
    [javac]                                   ^
    [javac] /home/travis/build/icyphy/ptII/ptolemy/actor/lib/jjs/modules/udpSocket/UDPSocketHelper.java:97: warning: [removal] ScriptObjectMirror in jdk.nashorn.api.scripting has been deprecated and marked for removal
    [javac]             ScriptObjectMirror helping) {
    [javac]             ^
    [javac] /home/travis/build/icyphy/ptII/ptolemy/actor/lib/jjs/modules/udpSocket/UDPSocketHelper.java:139: warning: [removal] ScriptObjectMirror in jdk.nashorn.api.scripting has been deprecated and marked for removal
    [javac]         public UDPSocket(ScriptObjectMirror currentObj,
    [javac]                          ^
    [javac] /home/travis/build/icyphy/ptII/ptolemy/actor/lib/jjs/modules/udpSocket/UDPSocketHelper.java:161: warning: [removal] ScriptObjectMirror in jdk.nashorn.api.scripting has been deprecated and marked for removal
    [javac]                 final ScriptObjectMirror callback) {
    [javac]                       ^
    [javac] /home/travis/build/icyphy/ptII/ptolemy/actor/lib/jjs/modules/udpSocket/UDPSocketHelper.java:249: warning: [removal] ScriptObjectMirror in jdk.nashorn.api.scripting has been deprecated and marked for removal
    [javac]                 final String hostname, final ScriptObjectMirror callback) {
    [javac]                                              ^
    [javac] /home/travis/build/icyphy/ptII/ptolemy/actor/lib/jjs/modules/udpSocket/UDPSocketHelper.java:263: warning: [removal] ScriptObjectMirror in jdk.nashorn.api.scripting has been deprecated and marked for removal
    [javac]                 } else if (data instanceof ScriptObjectMirror) {
    [javac]                                            ^
    [javac] /home/travis/build/icyphy/ptII/ptolemy/actor/lib/jjs/modules/udpSocket/UDPSocketHelper.java:277: warning: [removal] ScriptObjectMirror in jdk.nashorn.api.scripting has been deprecated and marked for removal
    [javac]                         for (Object element : ((ScriptObjectMirror) data)
    [javac]                                                 ^
    [javac] /home/travis/build/icyphy/ptII/ptolemy/actor/lib/jjs/modules/udpSocket/UDPSocketHelper.java:285: warning: [removal] ScriptObjectMirror in jdk.nashorn.api.scripting has been deprecated and marked for removal
    [javac]                         for (Object element : ((ScriptObjectMirror) data)
    [javac]                                                 ^
    [javac] /home/travis/build/icyphy/ptII/ptolemy/actor/lib/jjs/modules/udpSocket/UDPSocketHelper.java:468: warning: [removal] ScriptObjectMirror in jdk.nashorn.api.scripting has been deprecated and marked for removal
    [javac]         private ScriptObjectMirror _currentObj;
    [javac]                 ^
    [javac] /home/travis/build/icyphy/ptII/ptolemy/actor/lib/jjs/modules/userInterface/VertxBrowserHelper.java:73: warning: [removal] ScriptObjectMirror in jdk.nashorn.api.scripting has been deprecated and marked for removal
    [javac]     public VertxBrowserHelper(Object actor, ScriptObjectMirror currentObj)
    [javac]                                             ^
    [javac] /home/travis/build/icyphy/ptII/ptolemy/actor/lib/jjs/modules/webSocket/WebSocketHelper.java:138: warning: [removal] ScriptObjectMirror in jdk.nashorn.api.scripting has been deprecated and marked for removal
    [javac]             ScriptObjectMirror currentObj, String host, boolean sslTls,
    [javac]             ^
    [javac] /home/travis/build/icyphy/ptII/ptolemy/actor/lib/jjs/modules/webSocket/WebSocketHelper.java:170: warning: [removal] ScriptObjectMirror in jdk.nashorn.api.scripting has been deprecated and marked for removal
    [javac]             ScriptObjectMirror currentObj, WebSocketBase serverWebSocket,
    [javac]             ^
    [javac] /home/travis/build/icyphy/ptII/ptolemy/actor/lib/jjs/modules/webSocket/WebSocketHelper.java:471: warning: [removal] ScriptObjectMirror in jdk.nashorn.api.scripting has been deprecated and marked for removal
    [javac]     private WebSocketHelper(Object actor, ScriptObjectMirror currentObj,
    [javac]                                           ^
    [javac] /home/travis/build/icyphy/ptII/ptolemy/actor/lib/jjs/modules/webSocket/WebSocketHelper.java:542: warning: [removal] ScriptObjectMirror in jdk.nashorn.api.scripting has been deprecated and marked for removal
    [javac]     private WebSocketHelper(Object actor, ScriptObjectMirror currentObj,
    [javac]                                           ^
    [javac] /home/travis/build/icyphy/ptII/ptolemy/actor/lib/jjs/modules/webSocket/WebSocketServerHelper.java:123: warning: [removal] ScriptObjectMirror in jdk.nashorn.api.scripting has been deprecated and marked for removal
    [javac]             ScriptObjectMirror currentObj, String hostInterface, boolean sslTls,
    [javac]             ^
    [javac] /home/travis/build/icyphy/ptII/ptolemy/actor/lib/jjs/modules/webSocket/WebSocketServerHelper.java:304: warning: [removal] ScriptObjectMirror in jdk.nashorn.api.scripting has been deprecated and marked for removal
    [javac]     private WebSocketServerHelper(Object actor, ScriptObjectMirror currentObj,
    [javac]                                                 ^
    [javac] /home/travis/build/icyphy/ptII/ptolemy/actor/lib/jjs/modules/xbee/XBeeHelper.java:69: warning: [removal] ScriptObjectMirror in jdk.nashorn.api.scripting has been deprecated and marked for removal
    [javac]     public XBeeHelper(Object actor, ScriptObjectMirror helping, String portName,
    [javac]                                     ^
    [javac] /home/travis/build/icyphy/ptII/ptolemy/util/StringUtilities.java:118: warning: Unsafe is internal proprietary API and may be removed in a future release
    [javac]             Field theUnsafe = Unsafe.class.getDeclaredField("theUnsafe");
    [javac]                               ^
    [javac] /home/travis/build/icyphy/ptII/ptolemy/util/StringUtilities.java:120: warning: Unsafe is internal proprietary API and may be removed in a future release
    [javac]             Unsafe unsafe = (Unsafe) theUnsafe.get(null);
    [javac]             ^
    [javac] /home/travis/build/icyphy/ptII/ptolemy/util/StringUtilities.java:120: warning: Unsafe is internal proprietary API and may be removed in a future release
    [javac]             Unsafe unsafe = (Unsafe) theUnsafe.get(null);
    [javac]                              ^
    [javac] Note: Some input files use or override a deprecated API.
    [javac] Note: Recompile with -Xlint:deprecation for details.
    [javac] Note: Some input files use unchecked or unsafe operations.
    [javac] Note: Recompile with -Xlint:unchecked for details.
    [javac] 74 warnings

-check-ptII-mk-file:

-check-bin-vergil:

-check-make-bin-vergil:

build-bin-not:

build-not-bin-vergil:
     [echo] 
     [echo] 	$PTII/bin/vergil does not exist, perhaps (cd $PTII/bin; make) has not been run?
     [echo] 	This can happen if the make binary cannot be found in the path or if $PTII/mk/ptII.mk
     [echo] 	is not present.
     [echo] 	Skipping running make in $PTII/bin, which creates scripts like $PTII/bin/vergil.
     [echo] 	This is only an issue if you want to invoke "$PTII/bin/vergil" instead of "ant vergil".
     [echo] 	However, $PTII/bin does include other scripts that may be of use.
     [echo]       

build-bin:
     [exec] for file in .momllib-util .nc2moml-util .ncapp2moml-util capecode convertToLazy copernicus decompile emachine giottoc histogram homer jode mescal moml obfuscate ptcg ptcodegen ptexecute ptjacl ptjaclapp ptplot ptstartjini ptolemy ptweb pxgraph soot tinicomm tinic tiniconverter startjini.gui vergil; do \
     [exec] 	echo "$file"; \
     [exec] 	rm -f "$file"; \
     [exec] 	ln -s ptinvoke "$file"; \
     [exec] 	chmod a+x "$file"; \
     [exec] done
     [exec] .momllib-util
     [exec] .nc2moml-util
     [exec] .ncapp2moml-util
     [exec] capecode
     [exec] convertToLazy
     [exec] copernicus
     [exec] decompile
     [exec] emachine
     [exec] giottoc
     [exec] histogram
     [exec] homer
     [exec] jode
     [exec] mescal
     [exec] moml
     [exec] obfuscate
     [exec] ptcg
     [exec] ptcodegen
     [exec] ptexecute
     [exec] ptjacl
     [exec] ptjaclapp
     [exec] ptplot
     [exec] ptstartjini
     [exec] ptolemy
     [exec] ptweb
     [exec] pxgraph
     [exec] soot
     [exec] tinicomm
     [exec] tinic
     [exec] tiniconverter
     [exec] startjini.gui
     [exec] vergil
     [exec] rm -f makebat
     [exec] ln -s ptinvoke makebat
     [exec] rm -f ".momllib-util.bat"
     [exec] ./makebat -q "`basename .momllib-util.bat .bat`"
     [exec] rm -f ".nc2moml-util.bat"
     [exec] ./makebat -q "`basename .nc2moml-util.bat .bat`"
     [exec] rm -f ".ncapp2moml-util.bat"
     [exec] ./makebat -q "`basename .ncapp2moml-util.bat .bat`"
     [exec] rm -f "capecode.bat"
     [exec] ./makebat -q "`basename capecode.bat .bat`"
     [exec] rm -f "convertToLazy.bat"
     [exec] ./makebat -q "`basename convertToLazy.bat .bat`"
     [exec] rm -f "copernicus.bat"
     [exec] ./makebat -q "`basename copernicus.bat .bat`"
     [exec] rm -f "decompile.bat"
     [exec] ./makebat -q "`basename decompile.bat .bat`"
     [exec] rm -f "emachine.bat"
     [exec] ./makebat -q "`basename emachine.bat .bat`"
     [exec] rm -f "giottoc.bat"
     [exec] ./makebat -q "`basename giottoc.bat .bat`"
     [exec] rm -f "histogram.bat"
     [exec] ./makebat -q "`basename histogram.bat .bat`"
     [exec] rm -f "homer.bat"
     [exec] ./makebat -q "`basename homer.bat .bat`"
     [exec] rm -f "jode.bat"
     [exec] ./makebat -q "`basename jode.bat .bat`"
     [exec] rm -f "mescal.bat"
     [exec] ./makebat -q "`basename mescal.bat .bat`"
     [exec] LD_LIBRARY_PATH = /home/travis/build/icyphy/ptII/mescal/lib:/home/travis/build/icyphy/ptII/mescal/bin:/usr/local/lib:/home/travis/build/icyphy/ptII/lib:/home/travis/pthla/certi-tools/lib:/home/travis/pthla/certi-tools/lib:/usr/lib/jni:/usr/local/share/OpenCV/java/:/usr/share/OpenCV/java:
     [exec] rm -f "moml.bat"
     [exec] ./makebat -q "`basename moml.bat .bat`"
     [exec] rm -f "obfuscate.bat"
     [exec] ./makebat -q "`basename obfuscate.bat .bat`"
     [exec] rm -f "ptcg.bat"
     [exec] ./makebat -q "`basename ptcg.bat .bat`"
     [exec] rm -f "ptcodegen.bat"
     [exec] ./makebat -q "`basename ptcodegen.bat .bat`"
     [exec] rm -f "ptexecute.bat"
     [exec] ./makebat -q "`basename ptexecute.bat .bat`"
     [exec] rm -f "ptjacl.bat"
     [exec] ./makebat -q "`basename ptjacl.bat .bat`"
     [exec] rm -f "ptjaclapp.bat"
     [exec] ./makebat -q "`basename ptjaclapp.bat .bat`"
     [exec] rm -f "ptplot.bat"
     [exec] ./makebat -q "`basename ptplot.bat .bat`"
     [exec] rm -f "ptstartjini.bat"
     [exec] ./makebat -q "`basename ptstartjini.bat .bat`"
     [exec] rm -f "ptolemy.bat"
     [exec] ./makebat -q "`basename ptolemy.bat .bat`"
     [exec] rm -f "ptweb.bat"
     [exec] ./makebat -q "`basename ptweb.bat .bat`"
     [exec] rm -f "pxgraph.bat"
     [exec] ./makebat -q "`basename pxgraph.bat .bat`"
     [exec] rm -f "soot.bat"
     [exec] ./makebat -q "`basename soot.bat .bat`"
     [exec] rm -f "tinicomm.bat"
     [exec] ./makebat -q "`basename tinicomm.bat .bat`"
     [exec] rm -f "tinic.bat"
     [exec] ./makebat -q "`basename tinic.bat .bat`"
     [exec] rm -f "tiniconverter.bat"
     [exec] ./makebat -q "`basename tiniconverter.bat .bat`"
     [exec] rm -f "startjini.gui.bat"
     [exec] ./makebat -q "`basename startjini.gui.bat .bat`"
     [exec] rm -f "vergil.bat"
     [exec] ./makebat -q "`basename vergil.bat .bat`"
     [exec] Cloning into 'universalJavaApplicationStub'...
     [exec] rm -f makeapp
     [exec] ln -s ptinvoke makeapp
     [exec] chmod a+x ptinvoke makeapp
     [exec] ./makeapp CapeCode.app CAPECODE -capecode
     [exec] ./makeapp: /home/travis/build/icyphy/ptII/vendors/universalJavaApplicationStub/src/universalJavaApplicationStub does not exist, creating it from GitHub.
     [exec] Updating universalJavaApplicationStub from /home/travis/build/icyphy/ptII/vendors/universalJavaApplicationStub/src/universalJavaApplicationStub
     [exec] Untaring /home/travis/build/icyphy/ptII/vendors/installer/MacJVM.tar.gz in /home/travis/build/icyphy/ptII/ now: Mon Aug 23 21:08:20 UTC 2021
     [exec] ./makeapp: Installation of /home/travis/build/icyphy/ptII/jdk succeeded.
     [exec] ./makeapp: copying /home/travis/build/icyphy/ptII/vendors/jogl to /home/travis/build/icyphy/ptII/bin
     [exec] touch CapeCode.app
     [exec] ./makeapp Vergil.app FULL -full
     [exec] Updating universalJavaApplicationStub from /home/travis/build/icyphy/ptII/vendors/universalJavaApplicationStub/src/universalJavaApplicationStub
     [exec] Untaring /home/travis/build/icyphy/ptII/vendors/installer/MacJVM.tar.gz in /home/travis/build/icyphy/ptII/ now: Mon Aug 23 21:08:22 UTC 2021
     [exec] ./makeapp: Installation of /home/travis/build/icyphy/ptII/jdk succeeded.
     [exec] touch Vergil.app
     [exec] chmod a+x ant cyphysim hyvisual startjini mkjnlp mkl4j mkosgi mkptdemo mkptlivelinkdemo mkpttest node npm ptjunit ptIITravisBuild.sh reloadAllAccessors updateFmu viptos 

build:

initReports:
    [mkdir] Created dir: /home/travis/build/icyphy/ptII/reports/doccheck
    [mkdir] Created dir: /home/travis/build/icyphy/ptII/reports/ojdcheck

test.export6.xml:
     [echo] 
     [echo]       ==test.export6.xml ==
     [echo]       This target runs the sixth batch of export demo tests
     [echo]       and generates JUnit xml output.
     [echo]       timeout = 4000000 milliseconds
     [echo]     
    [junit] +java --module-path /home/travis/build/icyphy/ptII/vendors/javafx/javafx-sdk-11.0.2/lib: --add-modules javafx.controls,javafx.swing,javafx.media, -Djava.net.preferIPv4Stack=true -Djavafx.verbose=true -Dprism.verbose=true -Dptolemy.ptII.dir=/home/travis/build/icyphy/ptII -Dptolemy.ptII.batchMode=true -Xmx3200m -classpath /home/travis/build/icyphy/ptII:/home/travis/build/icyphy/ptII/lib/bsh-2.0b4.jar:/home/travis/build/icyphy/ptII/lib/ptCal.jar:/home/travis/build/icyphy/ptII/lib/java_cup.jar:/home/travis/build/icyphy/ptII/lib/saxon8.jar:/home/travis/build/icyphy/ptII/lib/saxon8-dom.jar:/home/travis/build/icyphy/ptII/lib/chic.jar:/home/travis/build/icyphy/ptII/lib/ptcolt.jar:/home/travis/build/icyphy/ptII/vendors/misc/itext/iText.jar:/home/travis/build/icyphy/ptII/lib/g4ltl.jar:/home/travis/build/icyphy/ptII/lib/StructuralCoder.jar:/home/travis/build/icyphy/ptII/lib/jcerti.jar:/home/travis/build/icyphy/ptII/lib/javax.mail.jar:/home/travis/build/icyphy/ptII/vendors/JMF-2.1.1e/lib/jmf.jar:/home/travis/build/icyphy/ptII/lib/jna-4.0.0-variadic.jar:/home/travis/build/icyphy/ptII/vendors/misc/joystick/Joystick.jar:/home/travis/build/icyphy/ptII/lib/ptjacl.jar:/home/travis/build/icyphy/ptII/lib/jsoup-1.8.2.jar:/home/travis/build/icyphy/ptII/lib/junit-4.8.2.jar:/home/travis/build/icyphy/ptII/lib/JUnitParams-0.4.0.jar:/home/travis/build/icyphy/ptII/ptolemy/actor/lib/excel/jxl.jar:/home/travis/build/icyphy/ptII/lib/jython.jar:/home/travis/build/icyphy/ptII/lib/kieler.jar:/home/travis/build/icyphy/ptII/vendors/opencv/share/OpenCV/java/opencv-341.jar:/home/travis/build/icyphy/ptII/lib/oscP5.jar:/home/travis/build/icyphy/ptII/lib/nrjavaserial-3.11.0.devel.jar:/home/travis/build/icyphy/ptII/vendors/j3d/lib/Linux/j3dcore.jar:/home/travis/build/icyphy/ptII/vendors/j3d/lib/Linux/j3dutils.jar:/home/travis/build/icyphy/ptII/vendors/j3d/lib/Linux/vecmath.jar:/home/travis/build/icyphy/ptII/vendors/jogl/lib/Linux/gluegen-rt-natives-linux-amd64.jar:/home/travis/build/icyphy/ptII/vendors/jogl/lib/Linux/gluegen-rt.jar:/home/travis/build/icyphy/ptII/vendors/jogl/lib/Linux/jogl-all-natives-linux-amd64.jar:/home/travis/build/icyphy/ptII/vendors/jogl/lib/Linux/jogl-all.jar:/home/travis/build/icyphy/ptII/ptolemy/distributed/jini/jar/jini-core.jar:/home/travis/build/icyphy/ptII/ptolemy/distributed/jini/jar/jini-ext.jar:/home/travis/build/icyphy/ptII/ptolemy/distributed/jini/jar/sun-util.jar:/home/travis/build/icyphy/ptII/lib/protobuf-java-2.4.1.jar:/home/travis/build/icyphy/ptII/lib/org.eclipse.paho.client.mqttv3.jar:/home/travis/build/icyphy/ptII/lib/mapss.jar:/home/travis/build/icyphy/ptII/ptolemy/actor/ptalon/antlr/antlr.jar:/home/travis/build/icyphy/ptII/lib/JRI.jar:/home/travis/build/icyphy/ptII/lib/commons-lang-2.6.jar:/home/travis/build/icyphy/ptII/lib/commons-logging-1.1.1.jar:/home/travis/build/icyphy/ptII/lib/sootclasses.jar:/home/travis/build/icyphy/ptII/ptolemy/actor/lib/database/mysql-connector-java-5.1.6-bin.jar:/home/travis/build/icyphy/ptII/vendors/misc/sphinx4/sphinx4-data-5prealpha.jar:/home/travis/build/icyphy/ptII/vendors/misc/sphinx4/sphinx4-core-5prealpha.jar:/home/travis/build/icyphy/ptII/lib/PDFRenderer.jar:/home/travis/build/icyphy/ptII/lib/svgSalamander.jar:/home/travis/build/icyphy/ptII/lib/rsyntaxtextarea-2.6.0-SNAPSHOT.jar:/home/travis/build/icyphy/ptII/lib/hazelcast-3.8.2.jar:/home/travis/build/icyphy/ptII/lib/jackson-annotations-2.9.0.jar:/home/travis/build/icyphy/ptII/lib/jackson-core-2.9.3.jar:/home/travis/build/icyphy/ptII/lib/jackson-databind-2.9.3.jar:/home/travis/build/icyphy/ptII/lib/netty-buffer-4.1.19.Final.jar:/home/travis/build/icyphy/ptII/lib/netty-codec-4.1.19.Final.jar:/home/travis/build/icyphy/ptII/lib/netty-codec-dns-4.1.19.Final.jar:/home/travis/build/icyphy/ptII/lib/netty-codec-http-4.1.19.Final.jar:/home/travis/build/icyphy/ptII/lib/netty-codec-http2-4.1.19.Final.jar:/home/travis/build/icyphy/ptII/lib/netty-common-4.1.19.Final.jar:/home/travis/build/icyphy/ptII/lib/netty-handler-4.1.19.Final.jar:/home/travis/build/icyphy/ptII/lib/netty-resolver-4.1.19.Final.jar:/home/travis/build/icyphy/ptII/lib/netty-resolver-dns-4.1.19.Final.jar:/home/travis/build/icyphy/ptII/lib/netty-transport-4.1.19.Final.jar:/home/travis/build/icyphy/ptII/lib/vertx-codegen-3.5.1.jar:/home/travis/build/icyphy/ptII/lib/vertx-core-3.5.2-SNAPSHOT.jar:/home/travis/build/icyphy/ptII/lib/vertx-hazelcast-3.5.1.jar:/home/travis/build/icyphy/ptII/lib/vertx-lang-js-3.5.1.jar:/home/travis/build/icyphy/ptII/lib/vertx-service-proxy-3.5.1.jar:/home/travis/build/icyphy/ptII/lib/vertx-web-3.5.1.jar:/home/travis/build/icyphy/ptII/lib/slf4j-api-1.7.13.jar:/home/travis/build/icyphy/ptII/lib/slf4j-simple-1.7.13.jar:/home/travis/build/icyphy/ptII/lib/webcam-capture-0.3.12.jar:/home/travis/build/icyphy/ptII/lib/bridj-0.7.0.jar:/home/travis/build/icyphy/ptII/lib/xbjlib-1.1.0.nrjavaserial.jar:/home/travis/build/icyphy/ptII/ptolemy/moml/test:/home/travis/build/icyphy/ptII/ant/lib/ant-launcher.jar:/home/travis/build/icyphy/ptII/ant/lib/ant.jar:/home/travis/build/icyphy/ptII/ant/lib/ant-junit.jar:/home/travis/build/icyphy/ptII/ant/lib/ant-junit4.jar org.apache.tools.ant.taskdefs.optional.junit.JUnitTestRunner ptolemy.vergil.basic.export.test.junit.ExportModelJUnitTestBatch6 skipNonTests=false filtertrace=true haltOnError=false haltOnFailure=false formatter=org.apache.tools.ant.taskdefs.optional.junit.OutErrSummaryJUnitResultFormatter showoutput=true outputtoformatters=true logfailedtests=true threadid=0 logtestlistenerevents=false formatter=org.apache.tools.ant.taskdefs.optional.junit.XMLJUnitResultFormatter,/home/travis/build/icyphy/ptII/reports/junit/TEST-ptolemy.vergil.basic.export.test.junit.ExportModelJUnitTestBatch6.xml crashfile=/home/travis/build/icyphy/ptII/junitvmwatcher6422558661986036436.properties propsfile=/home/travis/build/icyphy/ptII/junit12336817028124828777.properties
    [junit] javachdir: directory = ptolemy/vergil/basic/export/test
    [junit] javachdir: pwd: /home/travis/build/icyphy/ptII/ptolemy/vergil/basic/export/test  Invoking with -Djava.net.preferIPv4Stack=true
    [junit] ExportModeJUnitTestBatch: There are 744 demos. Exporting demos: 591 to 690.
    [junit] Running ptolemy.vergil.basic.export.test.junit.ExportModelJUnitTestBatch6
    [junit] ####### 1 Mon Aug 23 21:08:26 UTC 2021 $PTII/bin/ptinvoke ptolemy.vergil.basic.export.ExportModel -force htm  -openComposites -timeOut 30000 -whiteBackground ptolemy/domains/modal/demo/SystemLevelType/ThreadB.xml $PTII/ptolemy/domains/modal/demo/SystemLevelType/ThreadB
    [junit] Warning: not running ptolemy/domains/modal/demo/SystemLevelType/ThreadB.xml. See ptolemy/vergil/basic/export/test/junit/ExportModelJUnitTest.java
    [junit] Exported /home/travis/build/icyphy/ptII/ptolemy/domains/modal/demo/SystemLevelType/ThreadB/index.html
    [junit] 5603 ms. Memory: 172032K Free: 126019K (73%)
    [junit] ####### 2 Mon Aug 23 21:08:31 UTC 2021 $PTII/bin/ptinvoke ptolemy.vergil.basic.export.ExportModel -force htm  -openComposites -timeOut 30000 -whiteBackground ptolemy/domains/modal/demo/SystemLevelType/ThreadBNotifies.xml $PTII/ptolemy/domains/modal/demo/SystemLevelType/ThreadBNotifies
    [junit] Warning: not running ptolemy/domains/modal/demo/SystemLevelType/ThreadBNotifies.xml. See ptolemy/vergil/basic/export/test/junit/ExportModelJUnitTest.java
    [junit] Exported /home/travis/build/icyphy/ptII/ptolemy/domains/modal/demo/SystemLevelType/ThreadBNotifies/index.html
    [junit] 3527 ms. Memory: 172032K Free: 79679K (46%)
    [junit] ####### 3 Mon Aug 23 21:08:35 UTC 2021 $PTII/bin/ptinvoke ptolemy.vergil.basic.export.ExportModel -force htm  -openComposites -timeOut 30000 -whiteBackground ptolemy/domains/modal/demo/SystemLevelType/Trigger.xml $PTII/ptolemy/domains/modal/demo/SystemLevelType/Trigger
    [junit] Warning: not running ptolemy/domains/modal/demo/SystemLevelType/Trigger.xml. See ptolemy/vergil/basic/export/test/junit/ExportModelJUnitTest.java
    [junit] Exported /home/travis/build/icyphy/ptII/ptolemy/domains/modal/demo/SystemLevelType/Trigger/index.html
    [junit] 3352 ms. Memory: 172032K Free: 137359K (80%)
    [junit] ####### 4 Mon Aug 23 21:08:38 UTC 2021 $PTII/bin/ptinvoke ptolemy.vergil.basic.export.ExportModel -force htm  -openComposites -timeOut 30000 -whiteBackground ptolemy/domains/modal/demo/SystemLevelType/UNKNOWN.xml $PTII/ptolemy/domains/modal/demo/SystemLevelType/UNKNOWN
    [junit] Warning: not running ptolemy/domains/modal/demo/SystemLevelType/UNKNOWN.xml. See ptolemy/vergil/basic/export/test/junit/ExportModelJUnitTest.java
    [junit] Exported /home/travis/build/icyphy/ptII/ptolemy/domains/modal/demo/SystemLevelType/UNKNOWN/index.html
    [junit] 3340 ms. Memory: 172032K Free: 119808K (70%)
    [junit] ####### 5 Mon Aug 23 21:08:41 UTC 2021 $PTII/bin/ptinvoke ptolemy.vergil.basic.export.ExportModel -force htm -run -openComposites -timeOut 30000 -whiteBackground ptolemy/domains/petrinet/demo/PetriNetDiningPhilosophers/PetriNetDiningPhilosophers.xml $PTII/ptolemy/domains/petrinet/demo/PetriNetDiningPhilosophers/PetriNetDiningPhilosophers
    [junit] Running .PetriNetDiningPhilosophers
    [junit] 58 ms. Memory: 172032K Free: 85248K (50%)
    [junit] Exported /home/travis/build/icyphy/ptII/ptolemy/domains/petrinet/demo/PetriNetDiningPhilosophers/PetriNetDiningPhilosophers/index.html
    [junit] 5773 ms. Memory: 172032K Free: 61158K (36%)
    [junit] ####### 6 Mon Aug 23 21:08:47 UTC 2021 $PTII/bin/ptinvoke ptolemy.vergil.basic.export.ExportModel -force htm -run -openComposites -timeOut 30000 -whiteBackground ptolemy/domains/petrinet/demo/PetriNetSimple/PetriNetSimple.xml $PTII/ptolemy/domains/petrinet/demo/PetriNetSimple/PetriNetSimple
    [junit] Running .PetriNetSimple
    [junit] 20 ms. Memory: 172032K Free: 86266K (50%)
    [junit] Exported /home/travis/build/icyphy/ptII/ptolemy/domains/petrinet/demo/PetriNetSimple/PetriNetSimple/index.html
    [junit] 4304 ms. Memory: 172032K Free: 34016K (20%)
    [junit] ####### 7 Mon Aug 23 21:08:52 UTC 2021 $PTII/bin/ptinvoke ptolemy.vergil.basic.export.ExportModel -force htm -run -openComposites -timeOut 30000 -whiteBackground ptolemy/domains/pn/demo/BrockAckerman/BrockAckerman.xml $PTII/ptolemy/domains/pn/demo/BrockAckerman/BrockAckerman
    [junit] Running .BrockAckerman
    [junit] 61 ms. Memory: 172032K Free: 57082K (33%)
    [junit] Exported /home/travis/build/icyphy/ptII/ptolemy/domains/pn/demo/BrockAckerman/BrockAckerman/index.html
    [junit] 4954 ms. Memory: 172032K Free: 71197K (41%)
    [junit] ####### 8 Mon Aug 23 21:08:56 UTC 2021 $PTII/bin/ptinvoke ptolemy.vergil.basic.export.ExportModel -force htm -run -openComposites -timeOut 30000 -whiteBackground ptolemy/domains/pn/demo/CounterMachine/CounterMachine.xml $PTII/ptolemy/domains/pn/demo/CounterMachine/CounterMachine
    [junit] Running .CounterMachine
    [junit] ExportHTMLTimer went off after 30000 ms., calling getDirector().finish and getDirector().stopFire()
    [junit] 30023 ms. Memory: 206848K Free: 116267K (56%)
    [junit] Exported /home/travis/build/icyphy/ptII/ptolemy/domains/pn/demo/CounterMachine/CounterMachine/index.html
    [junit] 39128 ms. Memory: 206848K Free: 90209K (44%)
    [junit] ####### 9 Mon Aug 23 21:09:36 UTC 2021 $PTII/bin/ptinvoke ptolemy.vergil.basic.export.ExportModel -force htm -run -openComposites -timeOut 30000 -whiteBackground ptolemy/domains/pn/demo/CounterMachine/CounterMachinePrelim.xml $PTII/ptolemy/domains/pn/demo/CounterMachine/CounterMachinePrelim
    [junit] Running .CounterMachinePrelim
    [junit] 128 ms. Memory: 206848K Free: 37985K (18%)
    [junit] Exported /home/travis/build/icyphy/ptII/ptolemy/domains/pn/demo/CounterMachine/CounterMachinePrelim/index.html
    [junit] 5888 ms. Memory: 248832K Free: 25465K (10%)
    [junit] ####### 10 Mon Aug 23 21:09:42 UTC 2021 $PTII/bin/ptinvoke ptolemy.vergil.basic.export.ExportModel -force htm -run -openComposites -timeOut 30000 -whiteBackground ptolemy/domains/pn/demo/CounterMachine/CounterMachineWithException.xml $PTII/ptolemy/domains/pn/demo/CounterMachine/CounterMachineWithException
    [junit] Running .CounterMachineWithException
    [junit] 393 ms. Memory: 359424K Free: 122366K (34%)
    [junit] Exported /home/travis/build/icyphy/ptII/ptolemy/domains/pn/demo/CounterMachine/CounterMachineWithException/index.html
    [junit] 8747 ms. Memory: 438272K Free: 238772K (54%)
    [junit] ####### 11 Mon Aug 23 21:09:50 UTC 2021 $PTII/bin/ptinvoke ptolemy.vergil.basic.export.ExportModel -force htm -run -openComposites -timeOut 30000 -whiteBackground ptolemy/domains/pn/demo/NondeterministicMerge/NondeterministicMerge.xml $PTII/ptolemy/domains/pn/demo/NondeterministicMerge/NondeterministicMerge
    [junit] Running .NondeterministicMerge
    [junit] ExportHTMLTimer went off after 30000 ms., calling getDirector().finish and getDirector().stopFire()
    [junit] 30014 ms. Memory: 438272K Free: 142550K (33%)
    [junit] Exported /home/travis/build/icyphy/ptII/ptolemy/domains/pn/demo/NondeterministicMerge/NondeterministicMerge/index.html
    [junit] 34252 ms. Memory: 438272K Free: 81605K (19%)
    [junit] ####### 12 Mon Aug 23 21:10:25 UTC 2021 $PTII/bin/ptinvoke ptolemy.vergil.basic.export.ExportModel -force htm -run -openComposites -timeOut 30000 -whiteBackground ptolemy/domains/pn/demo/NondeterministicMergeWithFeedback/NondeterministicMergeWithFeedback.xml $PTII/ptolemy/domains/pn/demo/NondeterministicMergeWithFeedback/NondeterministicMergeWithFeedback
    [junit] Running .NondeterministicMergeWithFeedback
    [junit] 74 ms. Memory: 438272K Free: 256728K (59%)
    [junit] Exported /home/travis/build/icyphy/ptII/ptolemy/domains/pn/demo/NondeterministicMergeWithFeedback/NondeterministicMergeWithFeedback/index.html
    [junit] 4478 ms. Memory: 438272K Free: 177141K (40%)
    [junit] ####### 13 Mon Aug 23 21:10:29 UTC 2021 $PTII/bin/ptinvoke ptolemy.vergil.basic.export.ExportModel -force htm -run -openComposites -timeOut 30000 -whiteBackground ptolemy/domains/pn/demo/OrderedMerge/OrderedMerge.xml $PTII/ptolemy/domains/pn/demo/OrderedMerge/OrderedMerge
    [junit] Running .OrderedMerge
    [junit] 129 ms. Memory: 438272K Free: 323800K (74%)
    [junit] Exported /home/travis/build/icyphy/ptII/ptolemy/domains/pn/demo/OrderedMerge/OrderedMerge/index.html
    [junit] 4391 ms. Memory: 438272K Free: 288450K (66%)
    [junit] ####### 14 Mon Aug 23 21:10:33 UTC 2021 $PTII/bin/ptinvoke ptolemy.vergil.basic.export.ExportModel -force htm -run -openComposites -timeOut 30000 -whiteBackground ptolemy/domains/pn/demo/QR/QR.xml $PTII/ptolemy/domains/pn/demo/QR/QR
    [junit] Running .QR
    [junit] 48 ms. Memory: 438272K Free: 189142K (43%)
    [junit] Exported /home/travis/build/icyphy/ptII/ptolemy/domains/pn/demo/QR/QR/index.html
    [junit] 4257 ms. Memory: 438272K Free: 149690K (34%)
    [junit] ####### 15 Mon Aug 23 21:10:38 UTC 2021 $PTII/bin/ptinvoke ptolemy.vergil.basic.export.ExportModel -force htm -run -openComposites -timeOut 30000 -whiteBackground ptolemy/domains/pn/demo/RemoveNilTokens/RemoveNilTokens.xml $PTII/ptolemy/domains/pn/demo/RemoveNilTokens/RemoveNilTokens
    [junit] Running .RemoveNilTokens
    [junit] 11 ms. Memory: 438272K Free: 285789K (65%)
    [junit] Exported /home/travis/build/icyphy/ptII/ptolemy/domains/pn/demo/RemoveNilTokens/RemoveNilTokens/index.html
    [junit] 4264 ms. Memory: 438272K Free: 257600K (59%)
    [junit] ####### 16 Mon Aug 23 21:10:42 UTC 2021 $PTII/bin/ptinvoke ptolemy.vergil.basic.export.ExportModel -force htm -run -openComposites -timeOut 30000 -whiteBackground ptolemy/domains/pn/demo/Stack/Stack.xml $PTII/ptolemy/domains/pn/demo/Stack/Stack
    [junit] Running .Stack
    [junit] 89 ms. Memory: 438272K Free: 252766K (58%)
    [junit] Exported /home/travis/build/icyphy/ptII/ptolemy/domains/pn/demo/Stack/Stack/index.html
    [junit] 4548 ms. Memory: 438272K Free: 133972K (31%)
    [junit] ####### 17 Mon Aug 23 21:10:46 UTC 2021 $PTII/bin/ptinvoke ptolemy.vergil.basic.export.ExportModel -force htm -run -openComposites -timeOut 30000 -whiteBackground ptolemy/domains/psdf/demo/BlindCommunication/BlindCommunication.xml $PTII/ptolemy/domains/psdf/demo/BlindCommunication/BlindCommunication
    [junit] Running .BlindCommunication
    [junit] 1902 ms. Memory: 438272K Free: 121148K (28%)
    [junit] Exported /home/travis/build/icyphy/ptII/ptolemy/domains/psdf/demo/BlindCommunication/BlindCommunication/index.html
    [junit] 7247 ms. Memory: 438272K Free: 191139K (44%)
    [junit] ####### 18 Mon Aug 23 21:10:54 UTC 2021 $PTII/bin/ptinvoke ptolemy.vergil.basic.export.ExportModel -force htm -run -openComposites -timeOut 30000 -whiteBackground ptolemy/domains/psdf/demo/Speech/Speech.xml $PTII/ptolemy/domains/psdf/demo/Speech/Speech
    [junit] Running .Speech
    [junit] 391 ms. Memory: 438272K Free: 273125K (62%)
    [junit] Exported /home/travis/build/icyphy/ptII/ptolemy/domains/psdf/demo/Speech/Speech/index.html
    [junit] 4744 ms. Memory: 438272K Free: 155830K (36%)
    [junit] ####### 19 Mon Aug 23 21:10:58 UTC 2021 $PTII/bin/ptinvoke ptolemy.vergil.basic.export.ExportModel -force htm -run -openComposites -timeOut 30000 -whiteBackground ptolemy/domains/ptera/demo/AdaptiveCarWash/AdaptiveCarWash.xml $PTII/ptolemy/domains/ptera/demo/AdaptiveCarWash/AdaptiveCarWash
    [junit] Running .AdaptiveCarWash
    [junit] 724 ms. Memory: 438272K Free: 157184K (36%)
    [junit] TransformationEditor: Ignoring clone of .Utilities beause we don't known how to import it. Exception was: ptolemy.kernel.util.NameDuplicationException: Attempt to insert object named "Utilities" into container named ".library", which already contains an object with that name.
    [junit] TransformationEditor: Ignoring clone of .Directors beause we don't known how to import it. Exception was: ptolemy.kernel.util.NameDuplicationException: Attempt to insert object named "Directors" into container named ".library", which already contains an object with that name.
    [junit] TransformationEditor: Ignoring clone of .Actors beause we don't known how to import it. Exception was: ptolemy.kernel.util.NameDuplicationException: Attempt to insert object named "Actors" into container named ".library", which already contains an object with that name.
    [junit] TransformationEditor: Ignoring clone of .MoreLibraries beause we don't known how to import it. Exception was: ptolemy.kernel.util.NameDuplicationException: Attempt to insert object named "MoreLibraries" into container named ".library", which already contains an object with that name.
    [junit] TransformationEditor: Ignoring clone of .Utilities beause we don't known how to import it. Exception was: ptolemy.kernel.util.NameDuplicationException: Attempt to insert object named "Utilities" into container named ".library", which already contains an object with that name.
    [junit] TransformationEditor: Ignoring clone of .Directors beause we don't known how to import it. Exception was: ptolemy.kernel.util.NameDuplicationException: Attempt to insert object named "Directors" into container named ".library", which already contains an object with that name.
    [junit] TransformationEditor: Ignoring clone of .Actors beause we don't known how to import it. Exception was: ptolemy.kernel.util.NameDuplicationException: Attempt to insert object named "Actors" into container named ".library", which already contains an object with that name.
    [junit] TransformationEditor: Ignoring clone of .MoreLibraries beause we don't known how to import it. Exception was: ptolemy.kernel.util.NameDuplicationException: Attempt to insert object named "MoreLibraries" into container named ".library", which already contains an object with that name.
    [junit] TransformationEditor: Ignoring clone of .Utilities beause we don't known how to import it. Exception was: ptolemy.kernel.util.NameDuplicationException: Attempt to insert object named "Utilities" into container named ".library", which already contains an object with that name.
    [junit] TransformationEditor: Ignoring clone of .Directors beause we don't known how to import it. Exception was: ptolemy.kernel.util.NameDuplicationException: Attempt to insert object named "Directors" into container named ".library", which already contains an object with that name.
    [junit] TransformationEditor: Ignoring clone of .Actors beause we don't known how to import it. Exception was: ptolemy.kernel.util.NameDuplicationException: Attempt to insert object named "Actors" into container named ".library", which already contains an object with that name.
    [junit] TransformationEditor: Ignoring clone of .MoreLibraries beause we don't known how to import it. Exception was: ptolemy.kernel.util.NameDuplicationException: Attempt to insert object named "MoreLibraries" into container named ".library", which already contains an object with that name.
    [junit] TransformationEditor: Ignoring clone of .Utilities beause we don't known how to import it. Exception was: ptolemy.kernel.util.NameDuplicationException: Attempt to insert object named "Utilities" into container named ".library", which already contains an object with that name.
    [junit] TransformationEditor: Ignoring clone of .Directors beause we don't known how to import it. Exception was: ptolemy.kernel.util.NameDuplicationException: Attempt to insert object named "Directors" into container named ".library", which already contains an object with that name.
    [junit] TransformationEditor: Ignoring clone of .Actors beause we don't known how to import it. Exception was: ptolemy.kernel.util.NameDuplicationException: Attempt to insert object named "Actors" into container named ".library", which already contains an object with that name.
    [junit] TransformationEditor: Ignoring clone of .MoreLibraries beause we don't known how to import it. Exception was: ptolemy.kernel.util.NameDuplicationException: Attempt to insert object named "MoreLibraries" into container named ".library", which already contains an object with that name.
    [junit] TransformationEditor: Ignoring clone of .Utilities beause we don't known how to import it. Exception was: ptolemy.kernel.util.NameDuplicationException: Attempt to insert object named "Utilities" into container named ".library", which already contains an object with that name.
    [junit] TransformationEditor: Ignoring clone of .Directors beause we don't known how to import it. Exception was: ptolemy.kernel.util.NameDuplicationException: Attempt to insert object named "Directors" into container named ".library", which already contains an object with that name.
    [junit] TransformationEditor: Ignoring clone of .Actors beause we don't known how to import it. Exception was: ptolemy.kernel.util.NameDuplicationException: Attempt to insert object named "Actors" into container named ".library", which already contains an object with that name.
    [junit] TransformationEditor: Ignoring clone of .MoreLibraries beause we don't known how to import it. Exception was: ptolemy.kernel.util.NameDuplicationException: Attempt to insert object named "MoreLibraries" into container named ".library", which already contains an object with that name.
    [junit] Exported /home/travis/build/icyphy/ptII/ptolemy/domains/ptera/demo/AdaptiveCarWash/AdaptiveCarWash/index.html
    [junit] 6653 ms. Memory: 438272K Free: 98533K (22%)
    [junit] ####### 20 Mon Aug 23 21:11:05 UTC 2021 $PTII/bin/ptinvoke ptolemy.vergil.basic.export.ExportModel -force htm -run -openComposites -timeOut 30000 -whiteBackground ptolemy/domains/ptera/demo/AdaptiveCarWash/AdaptiveCarWashFSM.xml $PTII/ptolemy/domains/ptera/demo/AdaptiveCarWash/AdaptiveCarWashFSM
    [junit] Running .AdaptiveCarWashFSM
    [junit] 391 ms. Memory: 438272K Free: 147072K (34%)
    [junit] Exported /home/travis/build/icyphy/ptII/ptolemy/domains/ptera/demo/AdaptiveCarWash/AdaptiveCarWashFSM/index.html
    [junit] 4837 ms. Memory: 438272K Free: 237336K (54%)
    [junit] ####### 21 Mon Aug 23 21:11:10 UTC 2021 $PTII/bin/ptinvoke ptolemy.vergil.basic.export.ExportModel -force htm -run -openComposites -timeOut 30000 -whiteBackground ptolemy/domains/ptera/demo/CarWash/CarWash.xml $PTII/ptolemy/domains/ptera/demo/CarWash/CarWash
    [junit] Running .CarWash
    [junit] 218 ms. Memory: 438272K Free: 305748K (70%)
    [junit] Exported /home/travis/build/icyphy/ptII/ptolemy/domains/ptera/demo/CarWash/CarWash/index.html
    [junit] 4495 ms. Memory: 438272K Free: 275560K (63%)
    [junit] ####### 22 Mon Aug 23 21:11:14 UTC 2021 $PTII/bin/ptinvoke ptolemy.vergil.basic.export.ExportModel -force htm -run -openComposites -timeOut 30000 -whiteBackground ptolemy/domains/ptera/demo/CarWash/CarWashDE.xml $PTII/ptolemy/domains/ptera/demo/CarWash/CarWashDE
    [junit] Running .CarWashDE
    [junit] 206 ms. Memory: 438272K Free: 132221K (30%)
    [junit] Exported /home/travis/build/icyphy/ptII/ptolemy/domains/ptera/demo/CarWash/CarWashDE/index.html
    [junit] 4568 ms. Memory: 438272K Free: 253707K (58%)
    [junit] ####### 23 Mon Aug 23 21:11:19 UTC 2021 $PTII/bin/ptinvoke ptolemy.vergil.basic.export.ExportModel -force htm -run -openComposites -timeOut 30000 -whiteBackground ptolemy/domains/ptera/demo/SimultaneousCarWash/SimultaneousCarWash.xml $PTII/ptolemy/domains/ptera/demo/SimultaneousCarWash/SimultaneousCarWash
    [junit] Running .SimultaneousCarWash
    [junit] 412 ms. Memory: 438272K Free: 65862K (15%)
    [junit] Exported /home/travis/build/icyphy/ptII/ptolemy/domains/ptera/demo/SimultaneousCarWash/SimultaneousCarWash/index.html
    [junit] 4844 ms. Memory: 438272K Free: 128828K (29%)
    [junit] ####### 24 Mon Aug 23 21:11:24 UTC 2021 $PTII/bin/ptinvoke ptolemy.vergil.basic.export.ExportModel -force htm -run -openComposites -timeOut 30000 -whiteBackground ptolemy/domains/ptera/demo/TrafficLight/TrafficLight.xml $PTII/ptolemy/domains/ptera/demo/TrafficLight/TrafficLight
    [junit] Running .TrafficLight
    [junit] ExportHTMLTimer went off after 30000 ms., calling getDirector().finish and getDirector().stopFire()
    [junit] 30000 ms. Memory: 438272K Free: 223046K (51%)
    [junit] Exported /home/travis/build/icyphy/ptII/ptolemy/domains/ptera/demo/TrafficLight/TrafficLight/index.html
    [junit] 34823 ms. Memory: 438272K Free: 131910K (30%)
    [junit] ####### 25 Mon Aug 23 21:11:59 UTC 2021 $PTII/bin/ptinvoke ptolemy.vergil.basic.export.ExportModel -force htm -run -openComposites -timeOut 30000 -whiteBackground ptolemy/domains/pthales/demo/AdaptiveBeamForming/AdaptiveBeamForming.xml $PTII/ptolemy/domains/pthales/demo/AdaptiveBeamForming/AdaptiveBeamForming
    [junit] Running .AdaptiveBeamForming
    [junit] 1941 ms. Memory: 178176K Free: 98488K (55%)
    [junit] Exported /home/travis/build/icyphy/ptII/ptolemy/domains/pthales/demo/AdaptiveBeamForming/AdaptiveBeamForming/index.html
    [junit] 6200 ms. Memory: 178176K Free: 37035K (21%)
    [junit] ####### 26 Mon Aug 23 21:12:05 UTC 2021 $PTII/bin/ptinvoke ptolemy.vergil.basic.export.ExportModel -force htm -run -openComposites -timeOut 30000 -whiteBackground ptolemy/domains/pthales/demo/HelloWorld/HelloWorld.xml $PTII/ptolemy/domains/pthales/demo/HelloWorld/HelloWorld
    [junit] Running .HelloWorld
    [junit] 135 ms. Memory: 174080K Free: 116941K (67%)
    [junit] Exported /home/travis/build/icyphy/ptII/ptolemy/domains/pthales/demo/HelloWorld/HelloWorld/index.html
    [junit] 4378 ms. Memory: 174080K Free: 34975K (20%)
    [junit] ####### 27 Mon Aug 23 21:12:09 UTC 2021 $PTII/bin/ptinvoke ptolemy.vergil.basic.export.ExportModel -force htm -run -openComposites -timeOut 30000 -whiteBackground ptolemy/domains/pthales/demo/Illustrative/Illustrative.xml $PTII/ptolemy/domains/pthales/demo/Illustrative/Illustrative
    [junit] Running .Illustrative
    [junit] 216 ms. Memory: 174080K Free: 63292K (36%)
    [junit] Exported /home/travis/build/icyphy/ptII/ptolemy/domains/pthales/demo/Illustrative/Illustrative/index.html
    [junit] 4612 ms. Memory: 174080K Free: 83980K (48%)
    [junit] ####### 28 Mon Aug 23 21:12:14 UTC 2021 $PTII/bin/ptinvoke ptolemy.vergil.basic.export.ExportModel -force htm -run -openComposites -timeOut 30000 -whiteBackground ptolemy/domains/ptides/demo/ActuatorPattern/ActuatorPattern.xml $PTII/ptolemy/domains/ptides/demo/ActuatorPattern/ActuatorPattern
    [junit] Running .ActuatorPattern
    [junit] 19 ms. Memory: 174080K Free: 62929K (36%)
    [junit] Exported /home/travis/build/icyphy/ptII/ptolemy/domains/ptides/demo/ActuatorPattern/ActuatorPattern/index.html
    [junit] 4394 ms. Memory: 174080K Free: 87083K (50%)
    [junit] ####### 29 Mon Aug 23 21:12:18 UTC 2021 $PTII/bin/ptinvoke ptolemy.vergil.basic.export.ExportModel -force htm -run -openComposites -timeOut 30000 -whiteBackground ptolemy/domains/ptides/demo/Controller/Controller.xml $PTII/ptolemy/domains/ptides/demo/Controller/Controller
    [junit] Running .Controller
    [junit] WARNING: The execution aspects in this model can influence the timing of actors by delaying the 
    [junit] execution, potentially changing the behavior. There is no guarantee that actors fire at the 
    [junit] time they request to be fired. 
    [junit] Use Ptides for deterministic DE behavior that is not influenced by execution aspects. 
    [junit] 
    [junit] ExportHTMLTimer went off after 30000 ms., calling getDirector().finish and getDirector().stopFire()
    [junit] 30015 ms. Memory: 250880K Free: 52783K (21%)
    [junit] Exported /home/travis/build/icyphy/ptII/ptolemy/domains/ptides/demo/Controller/Controller/index.html
    [junit] 37170 ms. Memory: 361472K Free: 235028K (65%)
    [junit] ####### 30 Mon Aug 23 21:12:55 UTC 2021 $PTII/bin/ptinvoke ptolemy.vergil.basic.export.ExportModel -force htm -run -openComposites -timeOut 30000 -whiteBackground ptolemy/domains/ptides/demo/CoSimulation/CoSimulation.xml $PTII/ptolemy/domains/ptides/demo/CoSimulation/CoSimulation
    [junit] Running .CoSimulation
    [junit] 893 ms. Memory: 361472K Free: 234677K (65%)
    [junit] Exported /home/travis/build/icyphy/ptII/ptolemy/domains/ptides/demo/CoSimulation/CoSimulation/index.html
    [junit] 7443 ms. Memory: 434176K Free: 207683K (48%)
    [junit] ####### 31 Mon Aug 23 21:13:03 UTC 2021 $PTII/bin/ptinvoke ptolemy.vergil.basic.export.ExportModel -force htm -run -openComposites -timeOut 30000 -whiteBackground ptolemy/domains/ptides/demo/DistributedPowerPlant/DistributedPowerPlant.xml $PTII/ptolemy/domains/ptides/demo/DistributedPowerPlant/DistributedPowerPlant
    [junit] Running .DistributedPowerPlant
    [junit] 248 ms. Memory: 434176K Free: 197988K (46%)
    [junit] Exported /home/travis/build/icyphy/ptII/ptolemy/domains/ptides/demo/DistributedPowerPlant/DistributedPowerPlant/index.html
    [junit] 6400 ms. Memory: 521216K Free: 171671K (33%)
    [junit] ####### 32 Mon Aug 23 21:13:09 UTC 2021 $PTII/bin/ptinvoke ptolemy.vergil.basic.export.ExportModel -force htm -run -openComposites -timeOut 30000 -whiteBackground ptolemy/domains/ptides/demo/LocalSource/LocalSource.xml $PTII/ptolemy/domains/ptides/demo/LocalSource/LocalSource
    [junit] Running .LocalSource
    [junit] 12 ms. Memory: 521216K Free: 82635K (16%)
    [junit] Exported /home/travis/build/icyphy/ptII/ptolemy/domains/ptides/demo/LocalSource/LocalSource/index.html
    [junit] 4206 ms. Memory: 521216K Free: 323771K (62%)
    [junit] ####### 33 Mon Aug 23 21:13:14 UTC 2021 $PTII/bin/ptinvoke ptolemy.vergil.basic.export.ExportModel -force htm -run -openComposites -timeOut 30000 -whiteBackground ptolemy/domains/ptides/demo/MixedSimulator/MixedSimulator.xml $PTII/ptolemy/domains/ptides/demo/MixedSimulator/MixedSimulator
    [junit] Running .MixedSimulator
    [junit] 49 ms. Memory: 521216K Free: 199384K (38%)
    [junit] Exported /home/travis/build/icyphy/ptII/ptolemy/domains/ptides/demo/MixedSimulator/MixedSimulator/index.html
    [junit] 4334 ms. Memory: 521216K Free: 359158K (69%)
    [junit] ####### 34 Mon Aug 23 21:13:18 UTC 2021 $PTII/bin/ptinvoke ptolemy.vergil.basic.export.ExportModel -force htm -run -openComposites -timeOut 30000 -whiteBackground ptolemy/domains/ptides/demo/MultiPlatformTDMA/MultiPlatformTDMA.xml $PTII/ptolemy/domains/ptides/demo/MultiPlatformTDMA/MultiPlatformTDMA
    [junit] Running .MultiPlatformTDMA
    [junit] 163 ms. Memory: 521216K Free: 135712K (26%)
    [junit] Exported /home/travis/build/icyphy/ptII/ptolemy/domains/ptides/demo/MultiPlatformTDMA/MultiPlatformTDMA/index.html
    [junit] 4872 ms. Memory: 521216K Free: 133659K (26%)
    [junit] ####### 35 Mon Aug 23 21:13:23 UTC 2021 $PTII/bin/ptinvoke ptolemy.vergil.basic.export.ExportModel -force htm -run -openComposites -timeOut 30000 -whiteBackground ptolemy/domains/ptides/demo/MultipleCores/MultipleCores.xml $PTII/ptolemy/domains/ptides/demo/MultipleCores/MultipleCores
    [junit] Running .MultipleCores
    [junit] 12 ms. Memory: 521216K Free: 314090K (60%)
    [junit] Exported /home/travis/build/icyphy/ptII/ptolemy/domains/ptides/demo/MultipleCores/MultipleCores/index.html
    [junit] 4261 ms. Memory: 521216K Free: 232664K (45%)
    [junit] ####### 36 Mon Aug 23 21:13:27 UTC 2021 $PTII/bin/ptinvoke ptolemy.vergil.basic.export.ExportModel -force htm -run -openComposites -timeOut 30000 -whiteBackground ptolemy/domains/ptides/demo/PowerManagementUnitSamplingWithoutCurrentLocalTime/PowerManagementUnitSamplingWithoutCurrentLocalTime.xml $PTII/ptolemy/domains/ptides/demo/PowerManagementUnitSamplingWithoutCurrentLocalTime/PowerManagementUnitSamplingWithoutCurrentLocalTime
    [junit] Running .PowerManagementUnitSamplingWithoutCurrentLocalTime
    [junit] 101 ms. Memory: 521216K Free: 281395K (54%)
    [junit] Exported /home/travis/build/icyphy/ptII/ptolemy/domains/ptides/demo/PowerManagementUnitSamplingWithoutCurrentLocalTime/PowerManagementUnitSamplingWithoutCurrentLocalTime/index.html
    [junit] 6694 ms. Memory: 521216K Free: 156362K (30%)
    [junit] ####### 37 Mon Aug 23 21:13:34 UTC 2021 $PTII/bin/ptinvoke ptolemy.vergil.basic.export.ExportModel -force htm -run -openComposites -timeOut 30000 -whiteBackground ptolemy/domains/ptides/demo/PowerPlant/PowerPlant.xml $PTII/ptolemy/domains/ptides/demo/PowerPlant/PowerPlant
    [junit] Running .PowerPlant
    [junit] 177 ms. Memory: 521216K Free: 229598K (44%)
    [junit] Exported /home/travis/build/icyphy/ptII/ptolemy/domains/ptides/demo/PowerPlant/PowerPlant/index.html
    [junit] 5837 ms. Memory: 521216K Free: 51771K (10%)
    [junit] ####### 38 Mon Aug 23 21:13:40 UTC 2021 $PTII/bin/ptinvoke ptolemy.vergil.basic.export.ExportModel -force htm -run -openComposites -timeOut 30000 -whiteBackground ptolemy/domains/ptides/demo/PrintingPress/PrintingPress.xml $PTII/ptolemy/domains/ptides/demo/PrintingPress/PrintingPress
    [junit] Running .PrintingPress
    [junit] Warning: '.PrintingPress.reserveFeedMonitor.NonStrictTest' The test produced only 1377 tokens, yet the correctValues parameter was expecting 1876 tokens.
    [junit] Warning: '.PrintingPress.reserveFeedMonitor.NonStrictTest2' The test produced only 1101 tokens, yet the correctValues parameter was expecting 1501 tokens.
    [junit] Warning: '.PrintingPress.reserveFeedMonitor.NonStrictTest3' The test produced only 1101 tokens, yet the correctValues parameter was expecting 1501 tokens.
    [junit] ExportHTMLTimer went off after 30000 ms., calling getDirector().finish and getDirector().stopFire()
    [junit] 30003 ms. Memory: 521216K Free: 133752K (26%)
    [junit] Exported /home/travis/build/icyphy/ptII/ptolemy/domains/ptides/demo/PrintingPress/PrintingPress/index.html
    [junit] 61280 ms. Memory: 834560K Free: 177061K (21%)
    [junit] ####### 39 Mon Aug 23 21:14:41 UTC 2021 $PTII/bin/ptinvoke ptolemy.vergil.basic.export.ExportModel -force htm -run -openComposites -timeOut 30000 -whiteBackground ptolemy/domains/ptides/demo/PrintingPress/PrintingPress_AnimationsOnly.xml $PTII/ptolemy/domains/ptides/demo/PrintingPress/PrintingPress_AnimationsOnly
    [junit] Running .PrintingPress_AnimationsOnly
    [junit] 10451 ms. Memory: 834560K Free: 329953K (40%)
    [junit] Exported /home/travis/build/icyphy/ptII/ptolemy/domains/ptides/demo/PrintingPress/PrintingPress_AnimationsOnly/index.html
    [junit] 16091 ms. Memory: 834560K Free: 584901K (70%)
    [junit] ####### 40 Mon Aug 23 21:14:57 UTC 2021 $PTII/bin/ptinvoke ptolemy.vergil.basic.export.ExportModel -force htm -run -openComposites -timeOut 30000 -whiteBackground ptolemy/domains/ptides/demo/PtidesSynchrophasor/PtidesSynchrophasor.xml $PTII/ptolemy/domains/ptides/demo/PtidesSynchrophasor/PtidesSynchrophasor
    [junit] Running .PtidesSynchrophasor
    [junit] 1842 ms. Memory: 834560K Free: 550183K (66%)
    [junit] Exported /home/travis/build/icyphy/ptII/ptolemy/domains/ptides/demo/PtidesSynchrophasor/PtidesSynchrophasor/index.html
    [junit] 7556 ms. Memory: 834560K Free: 112687K (14%)
    [junit] ####### 41 Mon Aug 23 21:15:04 UTC 2021 $PTII/bin/ptinvoke ptolemy.vergil.basic.export.ExportModel -force htm -run -openComposites -timeOut 30000 -whiteBackground ptolemy/domains/ptides/demo/SRinPtides/SRinPtides.xml $PTII/ptolemy/domains/ptides/demo/SRinPtides/SRinPtides
    [junit] Running .SRinPtides
    [junit] 35 ms. Memory: 834560K Free: 409256K (49%)
    [junit] Exported /home/travis/build/icyphy/ptII/ptolemy/domains/ptides/demo/SRinPtides/SRinPtides/index.html
    [junit] 5869 ms. Memory: 834560K Free: 186687K (22%)
    [junit] ####### 42 Mon Aug 23 21:15:10 UTC 2021 $PTII/bin/ptinvoke ptolemy.vergil.basic.export.ExportModel -force htm -run -openComposites -timeOut 30000 -whiteBackground ptolemy/domains/ptides/demo/TREX/TREX.xml $PTII/ptolemy/domains/ptides/demo/TREX/TREX
    [junit] Running .TREX
    [junit] 25834 ms. Memory: 834560K Free: 353092K (42%)
    [junit] Exported /home/travis/build/icyphy/ptII/ptolemy/domains/ptides/demo/TREX/TREX/index.html
    [junit] 36095 ms. Memory: 834560K Free: 366575K (44%)
    [junit] ####### 43 Mon Aug 23 21:15:46 UTC 2021 $PTII/bin/ptinvoke ptolemy.vergil.basic.export.ExportModel -force htm -run -openComposites -timeOut 30000 -whiteBackground ptolemy/domains/ptides/demo/TTE/TTE.xml $PTII/ptolemy/domains/ptides/demo/TTE/TTE
    [junit] Running .TTE
    [junit] 44 ms. Memory: 834560K Free: 100345K (12%)
    [junit] Exported /home/travis/build/icyphy/ptII/ptolemy/domains/ptides/demo/TTE/TTE/index.html
    [junit] 6099 ms. Memory: 834560K Free: 311919K (37%)
    [junit] ####### 44 Mon Aug 23 21:15:53 UTC 2021 $PTII/bin/ptinvoke ptolemy.vergil.basic.export.ExportModel -force htm -run -openComposites -timeOut 30000 -whiteBackground ptolemy/domains/qss/demo/BouncingBall/BouncingBall.xml $PTII/ptolemy/domains/qss/demo/BouncingBall/BouncingBall
    [junit] Running .BouncingBall
    [junit] 84 ms. Memory: 834560K Free: 161938K (19%)
    [junit] Exported /home/travis/build/icyphy/ptII/ptolemy/domains/qss/demo/BouncingBall/BouncingBall/index.html
    [junit] 4281 ms. Memory: 834560K Free: 520060K (62%)
    [junit] ####### 45 Mon Aug 23 21:15:57 UTC 2021 $PTII/bin/ptinvoke ptolemy.vergil.basic.export.ExportModel -force htm -run -openComposites -timeOut 30000 -whiteBackground ptolemy/domains/qss/demo/FirstOrder/FirstOrder.xml $PTII/ptolemy/domains/qss/demo/FirstOrder/FirstOrder
    [junit] Running .FirstOrder
    [junit] 19 ms. Memory: 834560K Free: 420248K (50%)
    [junit] Exported /home/travis/build/icyphy/ptII/ptolemy/domains/qss/demo/FirstOrder/FirstOrder/index.html
    [junit] 4137 ms. Memory: 834560K Free: 371605K (45%)
    [junit] ####### 46 Mon Aug 23 21:16:01 UTC 2021 $PTII/bin/ptinvoke ptolemy.vergil.basic.export.ExportModel -force htm -run -openComposites -timeOut 30000 -whiteBackground ptolemy/domains/qss/demo/FirstOrder/FirstOrderOscillating.xml $PTII/ptolemy/domains/qss/demo/FirstOrder/FirstOrderOscillating
    [junit] Running .FirstOrderOscillating
    [junit] 20 ms. Memory: 834560K Free: 274845K (33%)
    [junit] Exported /home/travis/build/icyphy/ptII/ptolemy/domains/qss/demo/FirstOrder/FirstOrderOscillating/index.html
    [junit] 4140 ms. Memory: 834560K Free: 226197K (27%)
    [junit] ####### 47 Mon Aug 23 21:16:05 UTC 2021 $PTII/bin/ptinvoke ptolemy.vergil.basic.export.ExportModel -force htm -run -openComposites -timeOut 30000 -whiteBackground ptolemy/domains/qss/demo/HelloWorld/HelloWorld.xml $PTII/ptolemy/domains/qss/demo/HelloWorld/HelloWorld
    [junit] Running .HelloWorld
    [junit] 14 ms. Memory: 834560K Free: 528285K (63%)
    [junit] Exported /home/travis/build/icyphy/ptII/ptolemy/domains/qss/demo/HelloWorld/HelloWorld/index.html
    [junit] 4130 ms. Memory: 834560K Free: 479643K (57%)
    [junit] ####### 48 Mon Aug 23 21:16:09 UTC 2021 $PTII/bin/ptinvoke ptolemy.vergil.basic.export.ExportModel -force htm -run -openComposites -timeOut 30000 -whiteBackground ptolemy/domains/qss/demo/HelloWorld/HelloWorldComputationallyExact.xml $PTII/ptolemy/domains/qss/demo/HelloWorld/HelloWorldComputationallyExact
    [junit] Running .HelloWorldComputationallyExact
    [junit] 30 ms. Memory: 834560K Free: 306088K (37%)
    [junit] Exported /home/travis/build/icyphy/ptII/ptolemy/domains/qss/demo/HelloWorld/HelloWorldComputationallyExact/index.html
    [junit] 4196 ms. Memory: 834560K Free: 174477K (21%)
    [junit] ####### 49 Mon Aug 23 21:16:13 UTC 2021 $PTII/bin/ptinvoke ptolemy.vergil.basic.export.ExportModel -force htm -run -openComposites -timeOut 30000 -whiteBackground ptolemy/domains/qss/demo/HelloWorld/HelloWorldContinuous.xml $PTII/ptolemy/domains/qss/demo/HelloWorld/HelloWorldContinuous
    [junit] Running .HelloWorldContinuous
    [junit] 7 ms. Memory: 834560K Free: 495782K (59%)
    [junit] Exported /home/travis/build/icyphy/ptII/ptolemy/domains/qss/demo/HelloWorld/HelloWorldContinuous/index.html
    [junit] 4143 ms. Memory: 834560K Free: 430236K (52%)
    [junit] ####### 50 Mon Aug 23 21:16:18 UTC 2021 $PTII/bin/ptinvoke ptolemy.vergil.basic.export.ExportModel -force htm -run -openComposites -timeOut 30000 -whiteBackground ptolemy/domains/qss/demo/HelloWorld/HelloWorldPropagate.xml $PTII/ptolemy/domains/qss/demo/HelloWorld/HelloWorldPropagate
    [junit] Running .HelloWorldPropagate
    [junit] 19 ms. Memory: 834560K Free: 243863K (29%)
    [junit] Exported /home/travis/build/icyphy/ptII/ptolemy/domains/qss/demo/HelloWorld/HelloWorldPropagate/index.html
    [junit] 4173 ms. Memory: 834560K Free: 154772K (19%)
    [junit] ####### 51 Mon Aug 23 21:16:22 UTC 2021 $PTII/bin/ptinvoke ptolemy.vergil.basic.export.ExportModel -force htm -run -openComposites -timeOut 30000 -whiteBackground ptolemy/domains/qss/demo/HelloWorld/HelloWorldQSS1.xml $PTII/ptolemy/domains/qss/demo/HelloWorld/HelloWorldQSS1
    [junit] Running .HelloWorldQSS1
    [junit] 20 ms. Memory: 834560K Free: 432978K (52%)
    [junit] Exported /home/travis/build/icyphy/ptII/ptolemy/domains/qss/demo/HelloWorld/HelloWorldQSS1/index.html
    [junit] 4166 ms. Memory: 834560K Free: 348989K (42%)
    [junit] ####### 52 Mon Aug 23 21:16:26 UTC 2021 $PTII/bin/ptinvoke ptolemy.vergil.basic.export.ExportModel -force htm -run -openComposites -timeOut 30000 -whiteBackground ptolemy/domains/qss/demo/HelloWorld/HelloWorldQSS2.xml $PTII/ptolemy/domains/qss/demo/HelloWorld/HelloWorldQSS2
    [junit] Running .HelloWorldQSS2
    [junit] 13 ms. Memory: 834560K Free: 196944K (24%)
    [junit] Exported /home/travis/build/icyphy/ptII/ptolemy/domains/qss/demo/HelloWorld/HelloWorldQSS2/index.html
    [junit] 4129 ms. Memory: 834560K Free: 105796K (13%)
    [junit] ####### 53 Mon Aug 23 21:16:30 UTC 2021 $PTII/bin/ptinvoke ptolemy.vergil.basic.export.ExportModel -force htm -run -openComposites -timeOut 30000 -whiteBackground ptolemy/domains/qss/demo/Lorenz/Lorenz.xml $PTII/ptolemy/domains/qss/demo/Lorenz/Lorenz
    [junit] Running .Lorenz
    [junit] 2036 ms. Memory: 834560K Free: 417857K (50%)
    [junit] Exported /home/travis/build/icyphy/ptII/ptolemy/domains/qss/demo/Lorenz/Lorenz/index.html
    [junit] 6217 ms. Memory: 834560K Free: 370740K (44%)
    [junit] ####### 54 Mon Aug 23 21:16:36 UTC 2021 $PTII/bin/ptinvoke ptolemy.vergil.basic.export.ExportModel -force htm -run -openComposites -timeOut 30000 -whiteBackground ptolemy/domains/qss/demo/RLC/RLC.xml $PTII/ptolemy/domains/qss/demo/RLC/RLC
    [junit] Running .RLC
    [junit] 56 ms. Memory: 834560K Free: 243263K (29%)
    [junit] Exported /home/travis/build/icyphy/ptII/ptolemy/domains/qss/demo/RLC/RLC/index.html
    [junit] 4312 ms. Memory: 834560K Free: 134543K (16%)
    [junit] ####### 55 Mon Aug 23 21:16:41 UTC 2021 $PTII/bin/ptinvoke ptolemy.vergil.basic.export.ExportModel -force htm -run -openComposites -timeOut 30000 -whiteBackground ptolemy/domains/qss/demo/SecondOrder/SecondOrder.xml $PTII/ptolemy/domains/qss/demo/SecondOrder/SecondOrder
    [junit] Running .SecondOrder
    [junit] 617 ms. Memory: 834560K Free: 362874K (43%)
    [junit] Exported /home/travis/build/icyphy/ptII/ptolemy/domains/qss/demo/SecondOrder/SecondOrder/index.html
    [junit] 4820 ms. Memory: 834560K Free: 324453K (39%)
    [junit] ####### 56 Mon Aug 23 21:16:45 UTC 2021 $PTII/bin/ptinvoke ptolemy.vergil.basic.export.ExportModel -force htm -run -openComposites -timeOut 30000 -whiteBackground ptolemy/domains/qss/demo/SecondOrder/SecondOrderContinuous.xml $PTII/ptolemy/domains/qss/demo/SecondOrder/SecondOrderContinuous
    [junit] Running .SecondOrderContinuous
    [junit] 172 ms. Memory: 834560K Free: 216442K (26%)
    [junit] Exported /home/travis/build/icyphy/ptII/ptolemy/domains/qss/demo/SecondOrder/SecondOrderContinuous/index.html
    [junit] 4294 ms. Memory: 834560K Free: 162659K (19%)
    [junit] ####### 57 Mon Aug 23 21:16:50 UTC 2021 $PTII/bin/ptinvoke ptolemy.vergil.basic.export.ExportModel -force htm -run -openComposites -timeOut 30000 -whiteBackground ptolemy/domains/qss/demo/SmoothToken/SmoothToken.xml $PTII/ptolemy/domains/qss/demo/SmoothToken/SmoothToken
    [junit] Running .SmoothToken
    [junit] 43 ms. Memory: 834560K Free: 509068K (61%)
    [junit] Exported /home/travis/build/icyphy/ptII/ptolemy/domains/qss/demo/SmoothToken/SmoothToken/index.html
    [junit] 4240 ms. Memory: 834560K Free: 467562K (56%)
    [junit] ####### 58 Mon Aug 23 21:16:54 UTC 2021 $PTII/bin/ptinvoke ptolemy.vergil.basic.export.ExportModel -force htm -run -openComposites -timeOut 30000 -whiteBackground ptolemy/domains/qss/demo/Thermal/Thermal.xml $PTII/ptolemy/domains/qss/demo/Thermal/Thermal
    [junit] Running .Thermal
    [junit] 52 ms. Memory: 834560K Free: 280721K (34%)
    [junit] Exported /home/travis/build/icyphy/ptII/ptolemy/domains/qss/demo/Thermal/Thermal/index.html
    [junit] 4330 ms. Memory: 834560K Free: 209520K (25%)
    [junit] ####### 59 Mon Aug 23 21:16:58 UTC 2021 $PTII/bin/ptinvoke ptolemy.vergil.basic.export.ExportModel -force htm -run -openComposites -timeOut 30000 -whiteBackground ptolemy/domains/rendezvous/demo/Barrier/Barrier.xml $PTII/ptolemy/domains/rendezvous/demo/Barrier/Barrier
    [junit] Running .Barrier
    [junit] ExportHTMLTimer went off after 30000 ms., calling getDirector().finish and getDirector().stopFire()
    [junit] 30584 ms. Memory: 834560K Free: 517264K (62%)
    [junit] Exported /home/travis/build/icyphy/ptII/ptolemy/domains/rendezvous/demo/Barrier/Barrier/index.html
    [junit] 34747 ms. Memory: 834560K Free: 486567K (58%)
    [junit] ####### 60 Mon Aug 23 21:17:33 UTC 2021 $PTII/bin/ptinvoke ptolemy.vergil.basic.export.ExportModel -force htm -run -openComposites -timeOut 30000 -whiteBackground ptolemy/domains/rendezvous/demo/ResourcePool/ResourcePool.xml $PTII/ptolemy/domains/rendezvous/demo/ResourcePool/ResourcePool
    [junit] Running .ResourcePool
    [junit] ExportHTMLTimer went off after 30000 ms., calling getDirector().finish and getDirector().stopFire()
    [junit] 30004 ms. Memory: 834560K Free: 379585K (45%)
    [junit] Exported /home/travis/build/icyphy/ptII/ptolemy/domains/rendezvous/demo/ResourcePool/ResourcePool/index.html
    [junit] 34133 ms. Memory: 834560K Free: 350378K (42%)
    [junit] ####### 61 Mon Aug 23 21:18:07 UTC 2021 $PTII/bin/ptinvoke ptolemy.vergil.basic.export.ExportModel -force htm -run -openComposites -timeOut 30000 -whiteBackground ptolemy/domains/rendezvous/demo/Sequencing/Sequencing.xml $PTII/ptolemy/domains/rendezvous/demo/Sequencing/Sequencing
    [junit] Running .Sequencing
    [junit] 8 ms. Memory: 834560K Free: 230591K (28%)
    [junit] Exported /home/travis/build/icyphy/ptII/ptolemy/domains/rendezvous/demo/Sequencing/Sequencing/index.html
    [junit] 4184 ms. Memory: 834560K Free: 197308K (24%)
    [junit] ####### 62 Mon Aug 23 21:18:11 UTC 2021 $PTII/bin/ptinvoke ptolemy.vergil.basic.export.ExportModel -force htm -run -openComposites -timeOut 30000 -whiteBackground ptolemy/domains/rendezvous/demo/WriteRegulator/WriteRegulator.xml $PTII/ptolemy/domains/rendezvous/demo/WriteRegulator/WriteRegulator
    [junit] Running .WriteRegulator
    [junit] ExportHTMLTimer went off after 30000 ms., calling getDirector().finish and getDirector().stopFire()
    [junit] 30358 ms. Memory: 834560K Free: 515289K (62%)
    [junit] Exported /home/travis/build/icyphy/ptII/ptolemy/domains/rendezvous/demo/WriteRegulator/WriteRegulator/index.html
    [junit] 34470 ms. Memory: 834560K Free: 485068K (58%)
    [junit] ####### 63 Mon Aug 23 21:18:46 UTC 2021 $PTII/bin/ptinvoke ptolemy.vergil.basic.export.ExportModel -force htm -run -openComposites -timeOut 30000 -whiteBackground ptolemy/domains/scr/demo/FuelSystemSCR/FuelSystemSCR.xml $PTII/ptolemy/domains/scr/demo/FuelSystemSCR/FuelSystemSCR
    [junit] Running .FuelSystemSCR
    [junit] 10022 ms. Memory: 834560K Free: 107195K (13%)
    [junit] Exported /home/travis/build/icyphy/ptII/ptolemy/domains/scr/demo/FuelSystemSCR/FuelSystemSCR/index.html
    [junit] 14921 ms. Memory: 834560K Free: 301724K (36%)
    [junit] ####### 64 Mon Aug 23 21:19:01 UTC 2021 $PTII/bin/ptinvoke ptolemy.vergil.basic.export.ExportModel -force htm -run -openComposites -timeOut 30000 -whiteBackground ptolemy/domains/scr/demo/HelloWorldSCR/HelloWorldSCR.xml $PTII/ptolemy/domains/scr/demo/HelloWorldSCR/HelloWorldSCR
    [junit] Running .HelloWorldSCR
    [junit] 55 ms. Memory: 834560K Free: 171261K (21%)
    [junit] Exported /home/travis/build/icyphy/ptII/ptolemy/domains/scr/demo/HelloWorldSCR/HelloWorldSCR/index.html
    [junit] 4290 ms. Memory: 834560K Free: 126649K (15%)
    [junit] ####### 65 Mon Aug 23 21:19:05 UTC 2021 $PTII/bin/ptinvoke ptolemy.vergil.basic.export.ExportModel -force htm -run -openComposites -timeOut 30000 -whiteBackground ptolemy/domains/scr/demo/SafetyInjection/SafetyInjection.xml $PTII/ptolemy/domains/scr/demo/SafetyInjection/SafetyInjection
    [junit] Running .SafetyInjection
    [junit] 3012 ms. Memory: 834560K Free: 372491K (45%)
    [junit] Exported /home/travis/build/icyphy/ptII/ptolemy/domains/scr/demo/SafetyInjection/SafetyInjection/index.html
    [junit] 7375 ms. Memory: 834560K Free: 249573K (30%)
    [junit] ####### 66 Mon Aug 23 21:19:12 UTC 2021 $PTII/bin/ptinvoke ptolemy.vergil.basic.export.ExportModel -force htm -run -openComposites -timeOut 30000 -whiteBackground ptolemy/domains/scr/demo/TrafficLight/TrafficLight.xml $PTII/ptolemy/domains/scr/demo/TrafficLight/TrafficLight
    [junit] Running .TrafficLight
    [junit] 266 ms. Memory: 834560K Free: 478617K (57%)
    [junit] Exported /home/travis/build/icyphy/ptII/ptolemy/domains/scr/demo/TrafficLight/TrafficLight/index.html
    [junit] 4507 ms. Memory: 834560K Free: 425833K (51%)
    [junit] ####### 67 Mon Aug 23 21:19:17 UTC 2021 $PTII/bin/ptinvoke ptolemy.vergil.basic.export.ExportModel -force htm -run -openComposites -timeOut 30000 -whiteBackground ptolemy/domains/sdf/demo/Array/Array.xml $PTII/ptolemy/domains/sdf/demo/Array/Array
    [junit] Running .Array
    [junit] 38 ms. Memory: 834560K Free: 282009K (34%)
    [junit] Exported /home/travis/build/icyphy/ptII/ptolemy/domains/sdf/demo/Array/Array/index.html
    [junit] 4201 ms. Memory: 834560K Free: 230273K (28%)
    [junit] ####### 68 Mon Aug 23 21:19:21 UTC 2021 $PTII/bin/ptinvoke ptolemy.vergil.basic.export.ExportModel -force htm -run -openComposites -timeOut 30000 -whiteBackground ptolemy/domains/sdf/demo/Butterfly/Butterfly.xml $PTII/ptolemy/domains/sdf/demo/Butterfly/Butterfly
    [junit] Running .Butterfly
    [junit] 131 ms. Memory: 834560K Free: 125337K (15%)
    [junit] Exported /home/travis/build/icyphy/ptII/ptolemy/domains/sdf/demo/Butterfly/Butterfly/index.html
    [junit] 4258 ms. Memory: 834560K Free: 514096K (62%)
    [junit] ####### 69 Mon Aug 23 21:19:25 UTC 2021 $PTII/bin/ptinvoke ptolemy.vergil.basic.export.ExportModel -force htm -run -openComposites -timeOut 30000 -whiteBackground ptolemy/domains/sdf/demo/Expression/Expression.xml $PTII/ptolemy/domains/sdf/demo/Expression/Expression
    [junit] Running .Expression
    [junit] 17 ms. Memory: 834560K Free: 496929K (60%)
    [junit] Exported /home/travis/build/icyphy/ptII/ptolemy/domains/sdf/demo/Expression/Expression/index.html
    [junit] 4144 ms. Memory: 834560K Free: 494457K (59%)
    [junit] ####### 70 Mon Aug 23 21:19:30 UTC 2021 $PTII/bin/ptinvoke ptolemy.vergil.basic.export.ExportModel -force htm -run -openComposites -timeOut 30000 -whiteBackground ptolemy/domains/sdf/demo/Eye/Eye.xml $PTII/ptolemy/domains/sdf/demo/Eye/Eye
    [junit] Running .Eye
    [junit] 551 ms. Memory: 834560K Free: 511026K (61%)
    [junit] Exported /home/travis/build/icyphy/ptII/ptolemy/domains/sdf/demo/Eye/Eye/index.html
    [junit] 4739 ms. Memory: 834560K Free: 471587K (57%)
    [junit] ####### 71 Mon Aug 23 21:19:34 UTC 2021 $PTII/bin/ptinvoke ptolemy.vergil.basic.export.ExportModel -force htm -run -openComposites -timeOut 30000 -whiteBackground ptolemy/domains/sdf/demo/FixFIR/FixFIR.xml $PTII/ptolemy/domains/sdf/demo/FixFIR/FixFIR
    [junit] Running .FixFIR
    [junit] 127 ms. Memory: 834560K Free: 514378K (62%)
    [junit] Exported /home/travis/build/icyphy/ptII/ptolemy/domains/sdf/demo/FixFIR/FixFIR/index.html
    [junit] 4351 ms. Memory: 834560K Free: 442171K (53%)
    [junit] ####### 72 Mon Aug 23 21:19:39 UTC 2021 $PTII/bin/ptinvoke ptolemy.vergil.basic.export.ExportModel -force htm -run -openComposites -timeOut 30000 -whiteBackground ptolemy/domains/sdf/demo/FixPoint/FixPoint.xml $PTII/ptolemy/domains/sdf/demo/FixPoint/FixPoint
    [junit] Running .FixPoint
    [junit] 14 ms. Memory: 834560K Free: 468227K (56%)
    [junit] Exported /home/travis/build/icyphy/ptII/ptolemy/domains/sdf/demo/FixPoint/FixPoint/index.html
    [junit] 4126 ms. Memory: 834560K Free: 432385K (52%)
    [junit] ####### 73 Mon Aug 23 21:19:43 UTC 2021 $PTII/bin/ptinvoke ptolemy.vergil.basic.export.ExportModel -force htm -run -openComposites -timeOut 30000 -whiteBackground ptolemy/domains/sdf/demo/FourierSeries/FourierSeries.xml $PTII/ptolemy/domains/sdf/demo/FourierSeries/FourierSeries
    [junit] Running .FourierSeries
    [junit] 19 ms. Memory: 834560K Free: 459526K (55%)
    [junit] Exported /home/travis/build/icyphy/ptII/ptolemy/domains/sdf/demo/FourierSeries/FourierSeries/index.html
    [junit] 4147 ms. Memory: 834560K Free: 419593K (50%)
    [junit] ####### 74 Mon Aug 23 21:19:47 UTC 2021 $PTII/bin/ptinvoke ptolemy.vergil.basic.export.ExportModel -force htm -run  -timeOut 30000 -whiteBackground ptolemy/domains/sdf/demo/Gravitation/Gravitation.xml $PTII/ptolemy/domains/sdf/demo/Gravitation/Gravitation
    [junit] Warning: not opening composites for ptolemy/domains/sdf/demo/Gravitation/Gravitation.xml. See ptolemy/vergil/basic/export/test/junit/ExportModelJUnitTest.java
    [junit] Running .Gravitation
    [junit] WARNING: An illegal reflective access operation has occurred
    [junit] WARNING: Illegal reflective access by javax.media.j3d.JoglPipeline (file:/home/travis/build/icyphy/ptII/vendors/j3d/lib/Linux/j3dcore.jar) to method sun.awt.AppContext.getAppContext()
    [junit] WARNING: Please consider reporting this to the maintainers of javax.media.j3d.JoglPipeline
    [junit] WARNING: Use --illegal-access=warn to enable warnings of further illegal reflective access operations
    [junit] WARNING: All illegal access operations will be denied in a future release
    [junit] 10833 ms. Memory: 834560K Free: 430864K (52%)
    [junit] Exported /home/travis/build/icyphy/ptII/ptolemy/domains/sdf/demo/Gravitation/Gravitation/index.html
    [junit] 15065 ms. Memory: 834560K Free: 394475K (47%)
    [junit] ####### 75 Mon Aug 23 21:20:02 UTC 2021 $PTII/bin/ptinvoke ptolemy.vergil.basic.export.ExportModel -force htm -run  -timeOut 30000 -whiteBackground ptolemy/domains/sdf/demo/Gravitation/GravitationWithCollisionDetection.xml $PTII/ptolemy/domains/sdf/demo/Gravitation/GravitationWithCollisionDetection
    [junit] Warning: not opening composites for ptolemy/domains/sdf/demo/Gravitation/GravitationWithCollisionDetection.xml. See ptolemy/vergil/basic/export/test/junit/ExportModelJUnitTest.java
    [junit] Running .GravitationWithCollisionDetection
    [junit] ExportHTMLTimer went off after 30000 ms., calling getDirector().finish and getDirector().stopFire()
    [junit] 30017 ms. Memory: 834560K Free: 483327K (58%)
    [junit] Exported /home/travis/build/icyphy/ptII/ptolemy/domains/sdf/demo/Gravitation/GravitationWithCollisionDetection/index.html
    [junit] 34314 ms. Memory: 834560K Free: 438765K (53%)
    [junit] ####### 76 Mon Aug 23 21:20:36 UTC 2021 $PTII/bin/ptinvoke ptolemy.vergil.basic.export.ExportModel -force htm -run -openComposites -timeOut 30000 -whiteBackground ptolemy/domains/sdf/demo/HTVQ/HTVQ.xml $PTII/ptolemy/domains/sdf/demo/HTVQ/HTVQ
    [junit] Running .HTVQ
    [junit] 738 ms. Memory: 834560K Free: 199580K (24%)
    [junit] Exported /home/travis/build/icyphy/ptII/ptolemy/domains/sdf/demo/HTVQ/HTVQ/index.html
    [junit] 4913 ms. Memory: 834560K Free: 435594K (52%)
    [junit] ####### 77 Mon Aug 23 21:20:41 UTC 2021 $PTII/bin/ptinvoke ptolemy.vergil.basic.export.ExportModel -force htm -run -openComposites -timeOut 30000 -whiteBackground ptolemy/domains/sdf/demo/LMSAdaptive/LMSAdaptive.xml $PTII/ptolemy/domains/sdf/demo/LMSAdaptive/LMSAdaptive
    [junit] Running .LMSAdaptive
    [junit] ExportHTMLTimer went off after 30000 ms., calling getDirector().finish and getDirector().stopFire()
    [junit] 30000 ms. Memory: 834560K Free: 258306K (31%)
    [junit] Exported /home/travis/build/icyphy/ptII/ptolemy/domains/sdf/demo/LMSAdaptive/LMSAdaptive/index.html
    [junit] 34185 ms. Memory: 834560K Free: 220848K (26%)
    [junit] ####### 78 Mon Aug 23 21:21:15 UTC 2021 $PTII/bin/ptinvoke ptolemy.vergil.basic.export.ExportModel -force htm -run -openComposites -timeOut 30000 -whiteBackground ptolemy/domains/sdf/demo/LogisticMap/LogisticMap.xml $PTII/ptolemy/domains/sdf/demo/LogisticMap/LogisticMap
    [junit] Running .LogisticMap
    [junit] ExportHTMLTimer went off after 30000 ms., calling getDirector().finish and getDirector().stopFire()
    [junit] 30024 ms. Memory: 834560K Free: 97016K (12%)
    [junit] Exported /home/travis/build/icyphy/ptII/ptolemy/domains/sdf/demo/LogisticMap/LogisticMap/index.html
    [junit] 34188 ms. Memory: 834560K Free: 438372K (53%)
    [junit] ####### 79 Mon Aug 23 21:21:50 UTC 2021 $PTII/bin/ptinvoke ptolemy.vergil.basic.export.ExportModel -force htm -run -openComposites -timeOut 30000 -whiteBackground ptolemy/domains/sdf/demo/MaximumEntropySpectrum/MaximumEntropySpectrum.xml $PTII/ptolemy/domains/sdf/demo/MaximumEntropySpectrum/MaximumEntropySpectrum
    [junit] Running .MaximumEntropySpectrum
    [junit] 110 ms. Memory: 834560K Free: 439201K (53%)
    [junit] Exported /home/travis/build/icyphy/ptII/ptolemy/domains/sdf/demo/MaximumEntropySpectrum/MaximumEntropySpectrum/index.html
    [junit] 4646 ms. Memory: 834560K Free: 259944K (31%)
    [junit] ####### 80 Mon Aug 23 21:21:54 UTC 2021 $PTII/bin/ptinvoke ptolemy.vergil.basic.export.ExportModel -force htm -run -openComposites -timeOut 30000 -whiteBackground ptolemy/domains/sdf/demo/ModelDisplay/ModelDisplay.xml $PTII/ptolemy/domains/sdf/demo/ModelDisplay/ModelDisplay
    [junit] Running .ModelDisplay
    [junit] ExportHTMLTimer went off after 30000 ms., calling getDirector().finish and getDirector().stopFire()
    [junit] 30025 ms. Memory: 834560K Free: 455942K (55%)
    [junit] Exported /home/travis/build/icyphy/ptII/ptolemy/domains/sdf/demo/ModelDisplay/ModelDisplay/index.html
    [junit] 34243 ms. Memory: 834560K Free: 430814K (52%)
    [junit] ####### 81 Mon Aug 23 21:22:28 UTC 2021 $PTII/bin/ptinvoke ptolemy.vergil.basic.export.ExportModel -force htm -run -openComposites -timeOut 30000 -whiteBackground ptolemy/domains/sdf/demo/MultipleRuns/MultipleRuns.xml $PTII/ptolemy/domains/sdf/demo/MultipleRuns/MultipleRuns
    [junit] Running .MultipleRuns
    [junit] 112 ms. Memory: 834560K Free: 299784K (36%)
    [junit] Exported /home/travis/build/icyphy/ptII/ptolemy/domains/sdf/demo/MultipleRuns/MultipleRuns/index.html
    [junit] 4321 ms. Memory: 834560K Free: 524926K (63%)
    [junit] ####### 82 Mon Aug 23 21:22:33 UTC 2021 $PTII/bin/ptinvoke ptolemy.vergil.basic.export.ExportModel -force htm -run -openComposites -timeOut 30000 -whiteBackground ptolemy/domains/sdf/demo/NoisySinewave/NoisySinewave.xml $PTII/ptolemy/domains/sdf/demo/NoisySinewave/NoisySinewave
    [junit] Running .NoisySinewave
    [junit] 26 ms. Memory: 834560K Free: 361703K (43%)
    [junit] Exported /home/travis/build/icyphy/ptII/ptolemy/domains/sdf/demo/NoisySinewave/NoisySinewave/index.html
    [junit] 4304 ms. Memory: 834560K Free: 254627K (31%)
    [junit] ####### 83 Mon Aug 23 21:22:37 UTC 2021 $PTII/bin/ptinvoke ptolemy.vergil.basic.export.ExportModel -force htm -run -openComposites -timeOut 30000 -whiteBackground ptolemy/domains/sdf/demo/OrthogonalCom/OrthogonalCom.xml $PTII/ptolemy/domains/sdf/demo/OrthogonalCom/OrthogonalCom
    [junit] Running .OrthogonalCom
    [junit] 0
    [junit] 0
    [junit] 0
    [junit] 0
    [junit] 0
    [junit] 0
    [junit] 0
    [junit] 0
    [junit] 0
    [junit] 0
    [junit] 0
    [junit] 0
    [junit] 0
    [junit] 0
    [junit] 0
    [junit] 0
    [junit] 0
    [junit] 0
    [junit] 1
    [junit] 0
    [junit] 16 ms. Memory: 834560K Free: 630628K (76%)
    [junit] Exported /home/travis/build/icyphy/ptII/ptolemy/domains/sdf/demo/OrthogonalCom/OrthogonalCom/index.html
    [junit] 4255 ms. Memory: 834560K Free: 696136K (83%)
    [junit] ####### 84 Mon Aug 23 21:22:41 UTC 2021 $PTII/bin/ptinvoke ptolemy.vergil.basic.export.ExportModel -force htm  -openComposites -timeOut 30000 -whiteBackground ptolemy/domains/sdf/demo/RijndaelEncryption/RijndaelEncryption.xml $PTII/ptolemy/domains/sdf/demo/RijndaelEncryption/RijndaelEncryption
    [junit] Warning: not running ptolemy/domains/sdf/demo/RijndaelEncryption/RijndaelEncryption.xml. See ptolemy/vergil/basic/export/test/junit/ExportModelJUnitTest.java
    [junit] Exported /home/travis/build/icyphy/ptII/ptolemy/domains/sdf/demo/RijndaelEncryption/RijndaelEncryption/index.html
    [junit] 5359 ms. Memory: 834560K Free: 316200K (38%)
    [junit] ####### 85 Mon Aug 23 21:22:47 UTC 2021 $PTII/bin/ptinvoke ptolemy.vergil.basic.export.ExportModel -force htm -run -openComposites -timeOut 30000 -whiteBackground ptolemy/domains/sdf/demo/Sketch/Sketch.xml $PTII/ptolemy/domains/sdf/demo/Sketch/Sketch
    [junit] Running .Sketch
    [junit] 28 ms. Memory: 834560K Free: 216921K (26%)
    [junit] Exported /home/travis/build/icyphy/ptII/ptolemy/domains/sdf/demo/Sketch/Sketch/index.html
    [junit] 4171 ms. Memory: 834560K Free: 152358K (18%)
    [junit] ####### 86 Mon Aug 23 21:22:51 UTC 2021 $PTII/bin/ptinvoke ptolemy.vergil.basic.export.ExportModel -force htm  -openComposites -timeOut 30000 -whiteBackground ptolemy/domains/sdf/demo/SoundSpectrum/SoundSpectrum.xml $PTII/ptolemy/domains/sdf/demo/SoundSpectrum/SoundSpectrum
    [junit] Warning: not running ptolemy/domains/sdf/demo/SoundSpectrum/SoundSpectrum.xml. See ptolemy/vergil/basic/export/test/junit/ExportModelJUnitTest.java
    [junit] Exported /home/travis/build/icyphy/ptII/ptolemy/domains/sdf/demo/SoundSpectrum/SoundSpectrum/index.html
    [junit] 3182 ms. Memory: 834560K Free: 518983K (62%)
    [junit] ####### 87 Mon Aug 23 21:22:54 UTC 2021 $PTII/bin/ptinvoke ptolemy.vergil.basic.export.ExportModel -force htm -run -openComposites -timeOut 30000 -whiteBackground ptolemy/domains/sdf/demo/Spectrum/Spectrum.xml $PTII/ptolemy/domains/sdf/demo/Spectrum/Spectrum
    [junit] Running .Spectrum
    [junit] 53 ms. Memory: 834560K Free: 308569K (37%)
    [junit] Exported /home/travis/build/icyphy/ptII/ptolemy/domains/sdf/demo/Spectrum/Spectrum/index.html
    [junit] 4291 ms. Memory: 834560K Free: 200509K (24%)
    [junit] ####### 88 Mon Aug 23 21:22:58 UTC 2021 $PTII/bin/ptinvoke ptolemy.vergil.basic.export.ExportModel -force htm  -openComposites -timeOut 30000 -whiteBackground ptolemy/domains/sdf/demo/SynthesizedVoice/SynthesizedVoice.xml $PTII/ptolemy/domains/sdf/demo/SynthesizedVoice/SynthesizedVoice
    [junit] Warning: not running ptolemy/domains/sdf/demo/SynthesizedVoice/SynthesizedVoice.xml. See ptolemy/vergil/basic/export/test/junit/ExportModelJUnitTest.java
    [junit] Exported /home/travis/build/icyphy/ptII/ptolemy/domains/sdf/demo/SynthesizedVoice/SynthesizedVoice/index.html
    [junit] 3175 ms. Memory: 834560K Free: 596804K (72%)
    [junit] ####### 89 Mon Aug 23 21:23:02 UTC 2021 $PTII/bin/ptinvoke ptolemy.vergil.basic.export.ExportModel -force htm -run -openComposites -timeOut 30000 -whiteBackground ptolemy/domains/sdf/demo/Type/Type.xml $PTII/ptolemy/domains/sdf/demo/Type/Type
    [junit] Running .Type
    [junit] 45 ms. Memory: 834560K Free: 498011K (60%)
    [junit] Exported /home/travis/build/icyphy/ptII/ptolemy/domains/sdf/demo/Type/Type/index.html
    [junit] 4167 ms. Memory: 834560K Free: 453425K (54%)
    [junit] ####### 90 Mon Aug 23 21:23:06 UTC 2021 $PTII/bin/ptinvoke ptolemy.vergil.basic.export.ExportModel -force htm -run -openComposites -timeOut 30000 -whiteBackground ptolemy/domains/sdf/optimize/demo/SDFOptimize/SDFOptimize.xml $PTII/ptolemy/domains/sdf/optimize/demo/SDFOptimize/SDFOptimize
    [junit] Running .SDFOptimize
    [junit] 14 ms. Memory: 834560K Free: 369486K (44%)
    [junit] Exported /home/travis/build/icyphy/ptII/ptolemy/domains/sdf/optimize/demo/SDFOptimize/SDFOptimize/index.html
    [junit] 4126 ms. Memory: 834560K Free: 339778K (41%)
    [junit] ####### 91 Mon Aug 23 21:23:10 UTC 2021 $PTII/bin/ptinvoke ptolemy.vergil.basic.export.ExportModel -force htm -run -openComposites -timeOut 30000 -whiteBackground ptolemy/domains/sequence/demo/HelloWorld/HelloWorld.xml $PTII/ptolemy/domains/sequence/demo/HelloWorld/HelloWorld
    [junit] Running .HelloWorld
    [junit] 16 ms. Memory: 834560K Free: 259909K (31%)
    [junit] Exported /home/travis/build/icyphy/ptII/ptolemy/domains/sequence/demo/HelloWorld/HelloWorld/index.html
    [junit] 4140 ms. Memory: 834560K Free: 224576K (27%)
    [junit] ####### 92 Mon Aug 23 21:23:14 UTC 2021 $PTII/bin/ptinvoke ptolemy.vergil.basic.export.ExportModel -force htm  -openComposites -timeOut 30000 -whiteBackground ptolemy/domains/sequence/demo/SequencedActors/SequencedActors.xml $PTII/ptolemy/domains/sequence/demo/SequencedActors/SequencedActors
    [junit] Warning: not running ptolemy/domains/sequence/demo/SequencedActors/SequencedActors.xml. See ptolemy/vergil/basic/export/test/junit/ExportModelJUnitTest.java
    [junit] Exported /home/travis/build/icyphy/ptII/ptolemy/domains/sequence/demo/SequencedActors/SequencedActors/index.html
    [junit] 3140 ms. Memory: 834560K Free: 612688K (73%)
    [junit] ####### 93 Mon Aug 23 21:23:17 UTC 2021 $PTII/bin/ptinvoke ptolemy.vergil.basic.export.ExportModel -force htm -run -openComposites -timeOut 30000 -whiteBackground ptolemy/domains/sequence/demo/SequencedActors/SequencedIntegratorMultipleInstances.xml $PTII/ptolemy/domains/sequence/demo/SequencedActors/SequencedIntegratorMultipleInstances
    [junit] Running .SequencedIntegratorMultipleInstances
    [junit] 41 ms. Memory: 834560K Free: 499513K (60%)
    [junit] Exported /home/travis/build/icyphy/ptII/ptolemy/domains/sequence/demo/SequencedActors/SequencedIntegratorMultipleInstances/index.html
    [junit] 4214 ms. Memory: 834560K Free: 452401K (54%)
    [junit] ####### 94 Mon Aug 23 21:23:21 UTC 2021 $PTII/bin/ptinvoke ptolemy.vergil.basic.export.ExportModel -force htm -run -openComposites -timeOut 30000 -whiteBackground ptolemy/domains/sequence/demo/SequencedActors/SequencedVariableMultipleInstances.xml $PTII/ptolemy/domains/sequence/demo/SequencedActors/SequencedVariableMultipleInstances
    [junit] Running .SequencedVariableMultipleInstances
    [junit] 9 ms. Memory: 834560K Free: 353618K (42%)
    [junit] Exported /home/travis/build/icyphy/ptII/ptolemy/domains/sequence/demo/SequencedActors/SequencedVariableMultipleInstances/index.html
    [junit] 4140 ms. Memory: 834560K Free: 329023K (39%)
    [junit] ####### 95 Mon Aug 23 21:23:25 UTC 2021 $PTII/bin/ptinvoke ptolemy.vergil.basic.export.ExportModel -force htm -run -openComposites -timeOut 30000 -whiteBackground ptolemy/domains/sequence/demo/Visual/Visual.xml $PTII/ptolemy/domains/sequence/demo/Visual/Visual
    [junit] Running .Visual
    [junit] 1 ms. Memory: 834560K Free: 250606K (30%)
    [junit] Exported /home/travis/build/icyphy/ptII/ptolemy/domains/sequence/demo/Visual/Visual/index.html
    [junit] 4151 ms. Memory: 834560K Free: 215864K (26%)
    [junit] ####### 96 Mon Aug 23 21:23:30 UTC 2021 $PTII/bin/ptinvoke ptolemy.vergil.basic.export.ExportModel -force htm -run -openComposites -timeOut 30000 -whiteBackground ptolemy/domains/space/demo/DOPCenter/DOPCenter.xml $PTII/ptolemy/domains/space/demo/DOPCenter/DOPCenter
    [junit] Running .DOPCenter
    [junit] ptolemy.kernel.util.IllegalActionException: Failed to open connection to the database.
    [junit]   in .DOPCenter.DatabaseManager
    [junit] Because:
    [junit] Communications link failure
    [junit] 
    [junit] Last packet sent to the server was 0 ms ago.
    [junit] 	at ptolemy.actor.lib.database.DatabaseManager.getConnection(DatabaseManager.java:566)
    [junit] 	at ptolemy.actor.lib.database.DatabaseManager.preinitialize(DatabaseManager.java:583)
    [junit] 	at ptolemy.actor.Director.preinitialize(Director.java:1302)
    [junit] 	at ptolemy.actor.Director.preinitialize(Director.java:1257)
    [junit] 	at ptolemy.domains.sdf.kernel.SDFDirector.preinitialize(SDFDirector.java:763)
    [junit] 	at ptolemy.actor.CompositeActor.preinitialize(CompositeActor.java:1828)
    [junit] 	at ptolemy.actor.Manager.preinitializeAndResolveTypes(Manager.java:1040)
    [junit] 	at ptolemy.actor.Manager.initialize(Manager.java:710)
    [junit] 	at ptolemy.actor.Manager.execute(Manager.java:356)
    [junit] 	at ptolemy.vergil.basic.export.ExportModel$2.run(ExportModel.java:390)
    [junit] 	at java.desktop/java.awt.event.InvocationEvent.dispatch(InvocationEvent.java:303)
    [junit] 	at java.desktop/java.awt.EventQueue.dispatchEventImpl(EventQueue.java:770)
    [junit] 	at java.desktop/java.awt.EventQueue$4.run(EventQueue.java:721)
    [junit] 	at java.desktop/java.awt.EventQueue$4.run(EventQueue.java:715)
    [junit] 	at java.base/java.security.AccessController.doPrivileged(Native Method)
    [junit] 	at java.base/java.security.ProtectionDomain$JavaSecurityAccessImpl.doIntersectionPrivilege(ProtectionDomain.java:85)
    [junit] 	at java.desktop/java.awt.EventQueue.dispatchEvent(EventQueue.java:740)
    [junit] 	at java.desktop/java.awt.EventDispatchThread.pumpOneEventForFilters(EventDispatchThread.java:203)
    [junit] 	at java.desktop/java.awt.EventDispatchThread.pumpEventsForFilter(EventDispatchThread.java:124)
    [junit] 	at java.desktop/java.awt.EventDispatchThread.pumpEventsForHierarchy(EventDispatchThread.java:113)
    [junit] 	at java.desktop/java.awt.EventDispatchThread.pumpEvents(EventDispatchThread.java:109)
    [junit] 	at java.desktop/java.awt.EventDispatchThread.pumpEvents(EventDispatchThread.java:101)
    [junit] 	at java.desktop/java.awt.EventDispatchThread.run(EventDispatchThread.java:90)
    [junit] Caused by: com.mysql.jdbc.exceptions.jdbc4.CommunicationsException: Communications link failure
    [junit] 
    [junit] Last packet sent to the server was 0 ms ago.
    [junit] 	at java.base/jdk.internal.reflect.NativeConstructorAccessorImpl.newInstance0(Native Method)
    [junit] 	at java.base/jdk.internal.reflect.NativeConstructorAccessorImpl.newInstance(NativeConstructorAccessorImpl.java:62)
    [junit] 	at java.base/jdk.internal.reflect.DelegatingConstructorAccessorImpl.newInstance(DelegatingConstructorAccessorImpl.java:45)
    [junit] 	at java.base/java.lang.reflect.Constructor.newInstance(Constructor.java:490)
    [junit] 	at com.mysql.jdbc.Util.handleNewInstance(Util.java:406)
    [junit] 	at com.mysql.jdbc.SQLError.createCommunicationsException(SQLError.java:1074)
    [junit] 	at com.mysql.jdbc.ConnectionImpl.createNewIO(ConnectionImpl.java:2103)
    [junit] 	at com.mysql.jdbc.ConnectionImpl.<init>(ConnectionImpl.java:718)
    [junit] 	at com.mysql.jdbc.JDBC4Connection.<init>(JDBC4Connection.java:46)
    [junit] 	at java.base/jdk.internal.reflect.NativeConstructorAccessorImpl.newInstance0(Native Method)
    [junit] 	at java.base/jdk.internal.reflect.NativeConstructorAccessorImpl.newInstance(NativeConstructorAccessorImpl.java:62)
    [junit] 	at java.base/jdk.internal.reflect.DelegatingConstructorAccessorImpl.newInstance(DelegatingConstructorAccessorImpl.java:45)
    [junit] 	at java.base/java.lang.reflect.Constructor.newInstance(Constructor.java:490)
    [junit] 	at com.mysql.jdbc.Util.handleNewInstance(Util.java:406)
    [junit] 	at com.mysql.jdbc.ConnectionImpl.getInstance(ConnectionImpl.java:302)
    [junit] 	at com.mysql.jdbc.NonRegisteringDriver.connect(NonRegisteringDriver.java:282)
    [junit] 	at java.sql/java.sql.DriverManager.getConnection(DriverManager.java:677)
    [junit] 	at java.sql/java.sql.DriverManager.getConnection(DriverManager.java:228)
    [junit] 	at ptolemy.actor.lib.database.DatabaseManager$MakeConnection.run(DatabaseManager.java:633)
    [junit] Caused by: java.net.ConnectException: Connection refused (Connection refused)
    [junit] 	at java.base/java.net.PlainSocketImpl.socketConnect(Native Method)
    [junit] 	at java.base/java.net.AbstractPlainSocketImpl.doConnect(AbstractPlainSocketImpl.java:399)
    [junit] 	at java.base/java.net.AbstractPlainSocketImpl.connectToAddress(AbstractPlainSocketImpl.java:242)
    [junit] 	at java.base/java.net.AbstractPlainSocketImpl.connect(AbstractPlainSocketImpl.java:224)
    [junit] 	at java.base/java.net.SocksSocketImpl.connect(SocksSocketImpl.java:403)
    [junit] 	at java.base/java.net.Socket.connect(Socket.java:591)
    [junit] 	at java.base/java.net.Socket.connect(Socket.java:540)
    [junit] 	at java.base/java.net.Socket.<init>(Socket.java:436)
    [junit] 	at java.base/java.net.Socket.<init>(Socket.java:246)
    [junit] 	at com.mysql.jdbc.StandardSocketFactory.connect(StandardSocketFactory.java:253)
    [junit] 	at com.mysql.jdbc.MysqlIO.<init>(MysqlIO.java:280)
    [junit] 	at com.mysql.jdbc.ConnectionImpl.createNewIO(ConnectionImpl.java:2026)
    [junit] 	... 12 more
    [junit] Caused by: com.mysql.jdbc.exceptions.jdbc4.CommunicationsException: Communications link failure
    [junit] 
    [junit] Last packet sent to the server was 0 ms ago.
    [junit] 	at java.base/jdk.internal.reflect.NativeConstructorAccessorImpl.newInstance0(Native Method)
    [junit] 	at java.base/jdk.internal.reflect.NativeConstructorAccessorImpl.newInstance(NativeConstructorAccessorImpl.java:62)
    [junit] 	at java.base/jdk.internal.reflect.DelegatingConstructorAccessorImpl.newInstance(DelegatingConstructorAccessorImpl.java:45)
    [junit] 	at java.base/java.lang.reflect.Constructor.newInstance(Constructor.java:490)
    [junit] 	at com.mysql.jdbc.Util.handleNewInstance(Util.java:406)
    [junit] 	at com.mysql.jdbc.SQLError.createCommunicationsException(SQLError.java:1074)
    [junit] 	at com.mysql.jdbc.ConnectionImpl.createNewIO(ConnectionImpl.java:2103)
    [junit] 	at com.mysql.jdbc.ConnectionImpl.<init>(ConnectionImpl.java:718)
    [junit] 	at com.mysql.jdbc.JDBC4Connection.<init>(JDBC4Connection.java:46)
    [junit] 	at java.base/jdk.internal.reflect.NativeConstructorAccessorImpl.newInstance0(Native Method)
    [junit] 	at java.base/jdk.internal.reflect.NativeConstructorAccessorImpl.newInstance(NativeConstructorAccessorImpl.java:62)
    [junit] 	at java.base/jdk.internal.reflect.DelegatingConstructorAccessorImpl.newInstance(DelegatingConstructorAccessorImpl.java:45)
    [junit] 	at java.base/java.lang.reflect.Constructor.newInstance(Constructor.java:490)
    [junit] 	at com.mysql.jdbc.Util.handleNewInstance(Util.java:406)
    [junit] 	at com.mysql.jdbc.ConnectionImpl.getInstance(ConnectionImpl.java:302)
    [junit] 	at com.mysql.jdbc.NonRegisteringDriver.connect(NonRegisteringDriver.java:282)
    [junit] 	at java.sql/java.sql.DriverManager.getConnection(DriverManager.java:677)
    [junit] 	at java.sql/java.sql.DriverManager.getConnection(DriverManager.java:228)
    [junit] 	at ptolemy.actor.lib.database.DatabaseManager$MakeConnection.run(DatabaseManager.java:633)
    [junit] Caused by: java.net.ConnectException: Connection refused (Connection refused)
    [junit] 	at java.base/java.net.PlainSocketImpl.socketConnect(Native Method)
    [junit] 	at java.base/java.net.AbstractPlainSocketImpl.doConnect(AbstractPlainSocketImpl.java:399)
    [junit] 	at java.base/java.net.AbstractPlainSocketImpl.connectToAddress(AbstractPlainSocketImpl.java:242)
    [junit] 	at java.base/java.net.AbstractPlainSocketImpl.connect(AbstractPlainSocketImpl.java:224)
    [junit] 	at java.base/java.net.SocksSocketImpl.connect(SocksSocketImpl.java:403)
    [junit] 	at java.base/java.net.Socket.connect(Socket.java:591)
    [junit] 	at java.base/java.net.Socket.connect(Socket.java:540)
    [junit] 	at java.base/java.net.Socket.<init>(Socket.java:436)
    [junit] 	at java.base/java.net.Socket.<init>(Socket.java:246)
    [junit] 	at com.mysql.jdbc.StandardSocketFactory.connect(StandardSocketFactory.java:253)
    [junit] 	at com.mysql.jdbc.MysqlIO.<init>(MysqlIO.java:280)
    [junit] 	at com.mysql.jdbc.ConnectionImpl.createNewIO(ConnectionImpl.java:2026)
    [junit] 	... 12 more
    [junit] java.lang.reflect.InvocationTargetException
    [junit] 	at java.desktop/java.awt.EventQueue.invokeAndWait(EventQueue.java:1367)
    [junit] 	at java.desktop/java.awt.EventQueue.invokeAndWait(EventQueue.java:1342)
    [junit] 	at java.desktop/javax.swing.SwingUtilities.invokeAndWait(SwingUtilities.java:1480)
    [junit] 	at ptolemy.vergil.basic.export.ExportModel.exportModel(ExportModel.java:401)
    [junit] 	at ptolemy.vergil.basic.export.test.junit.ExportModelJUnitTest.RunExportModel(ExportModelJUnitTest.java:153)
    [junit] 	at ptolemy.vergil.basic.export.test.junit.ExportModelJUnitTestBatch.RunExportModel(ExportModelJUnitTestBatch.java:84)
    [junit] 	at jdk.internal.reflect.GeneratedMethodAccessor21.invoke(Unknown Source)
    [junit] 	at java.base/jdk.internal.reflect.DelegatingMethodAccessorImpl.invoke(DelegatingMethodAccessorImpl.java:43)
    [junit] 	at java.base/java.lang.reflect.Method.invoke(Method.java:566)
    [junit] 	at org.junit.runners.model.FrameworkMethod$1.runReflectiveCall(FrameworkMethod.java:44)
    [junit] 	at org.junit.internal.runners.model.ReflectiveCallable.run(ReflectiveCallable.java:15)
    [junit] 	at org.junit.runners.model.FrameworkMethod.invokeExplosively(FrameworkMethod.java:41)
    [junit] 	at junitparams.internal.InvokeParameterisedMethod.evaluate(InvokeParameterisedMethod.java:102)
    [junit] 	at junitparams.internal.ParameterisedTestMethodRunner.runMethodInvoker(ParameterisedTestMethodRunner.java:47)
    [junit] 	at junitparams.internal.ParameterisedTestMethodRunner.runTestMethod(ParameterisedTestMethodRunner.java:41)
    [junit] 	at junitparams.internal.ParameterisedTestClassRunner.runParameterisedTest(ParameterisedTestClassRunner.java:143)
    [junit] 	at junitparams.JUnitParamsRunner.runChild(JUnitParamsRunner.java:237)
    [junit] 	at junitparams.JUnitParamsRunner.runChild(JUnitParamsRunner.java:215)
    [junit] 	at org.junit.runners.ParentRunner$3.run(ParentRunner.java:193)
    [junit] 	at org.junit.runners.ParentRunner$1.schedule(ParentRunner.java:52)
    [junit] 	at org.junit.runners.ParentRunner.runChildren(ParentRunner.java:191)
    [junit] 	at org.junit.runners.ParentRunner.access$000(ParentRunner.java:42)
    [junit] 	at org.junit.runners.ParentRunner$2.evaluate(ParentRunner.java:184)
    [junit] 	at org.junit.runners.ParentRunner.run(ParentRunner.java:236)
    [junit] 	at junit.framework.JUnit4TestAdapter.run(JUnit4TestAdapter.java:39)
    [junit] 	at org.apache.tools.ant.taskdefs.optional.junit.JUnitTestRunner.run(JUnitTestRunner.java:535)
    [junit] 	at org.apache.tools.ant.taskdefs.optional.junit.JUnitTestRunner.launch(JUnitTestRunner.java:1182)
    [junit] 	at org.apache.tools.ant.taskdefs.optional.junit.JUnitTestRunner.main(JUnitTestRunner.java:1033)
    [junit] Caused by: java.lang.RuntimeException: ptolemy.kernel.util.IllegalActionException: Failed to open connection to the database.
    [junit]   in .DOPCenter.DatabaseManager
    [junit] Because:
    [junit] Communications link failure
    [junit] 
    [junit] Last packet sent to the server was 0 ms ago.
    [junit] 	at ptolemy.vergil.basic.export.ExportModel$2.run(ExportModel.java:397)
    [junit] 	at java.desktop/java.awt.event.InvocationEvent.dispatch(InvocationEvent.java:303)
    [junit] 	at java.desktop/java.awt.EventQueue.dispatchEventImpl(EventQueue.java:770)
    [junit] 	at java.desktop/java.awt.EventQueue$4.run(EventQueue.java:721)
    [junit] 	at java.desktop/java.awt.EventQueue$4.run(EventQueue.java:715)
    [junit] 	at java.base/java.security.AccessController.doPrivileged(Native Method)
    [junit] 	at java.base/java.security.ProtectionDomain$JavaSecurityAccessImpl.doIntersectionPrivilege(ProtectionDomain.java:85)
    [junit] 	at java.desktop/java.awt.EventQueue.dispatchEvent(EventQueue.java:740)
    [junit] 	at java.desktop/java.awt.EventDispatchThread.pumpOneEventForFilters(EventDispatchThread.java:203)
    [junit] 	at java.desktop/java.awt.EventDispatchThread.pumpEventsForFilter(EventDispatchThread.java:124)
    [junit] 	at java.desktop/java.awt.EventDispatchThread.pumpEventsForHierarchy(EventDispatchThread.java:113)
    [junit] 	at java.desktop/java.awt.EventDispatchThread.pumpEvents(EventDispatchThread.java:109)
    [junit] 	at java.desktop/java.awt.EventDispatchThread.pumpEvents(EventDispatchThread.java:101)
    [junit] 	at java.desktop/java.awt.EventDispatchThread.run(EventDispatchThread.java:90)
    [junit] Caused by: ptolemy.kernel.util.IllegalActionException: Failed to open connection to the database.
    [junit]   in .DOPCenter.DatabaseManager
    [junit] Because:
    [junit] Communications link failure
    [junit] 
    [junit] Last packet sent to the server was 0 ms ago.
    [junit] 	at ptolemy.actor.lib.database.DatabaseManager.getConnection(DatabaseManager.java:566)
    [junit] 	at ptolemy.actor.lib.database.DatabaseManager.preinitialize(DatabaseManager.java:583)
    [junit] 	at ptolemy.actor.Director.preinitialize(Director.java:1302)
    [junit] 	at ptolemy.actor.Director.preinitialize(Director.java:1257)
    [junit] 	at ptolemy.domains.sdf.kernel.SDFDirector.preinitialize(SDFDirector.java:763)
    [junit] 	at ptolemy.actor.CompositeActor.preinitialize(CompositeActor.java:1828)
    [junit] 	at ptolemy.actor.Manager.preinitializeAndResolveTypes(Manager.java:1040)
    [junit] 	at ptolemy.actor.Manager.initialize(Manager.java:710)
    [junit] 	at ptolemy.actor.Manager.execute(Manager.java:356)
    [junit] 	at ptolemy.vergil.basic.export.ExportModel$2.run(ExportModel.java:390)
    [junit] 	... 13 more
    [junit] Caused by: com.mysql.jdbc.exceptions.jdbc4.CommunicationsException: Communications link failure
    [junit] 
    [junit] Last packet sent to the server was 0 ms ago.
    [junit] 	at java.base/jdk.internal.reflect.NativeConstructorAccessorImpl.newInstance0(Native Method)
    [junit] 	at java.base/jdk.internal.reflect.NativeConstructorAccessorImpl.newInstance(NativeConstructorAccessorImpl.java:62)
    [junit] 	at java.base/jdk.internal.reflect.DelegatingConstructorAccessorImpl.newInstance(DelegatingConstructorAccessorImpl.java:45)
    [junit] 	at java.base/java.lang.reflect.Constructor.newInstance(Constructor.java:490)
    [junit] 	at com.mysql.jdbc.Util.handleNewInstance(Util.java:406)
    [junit] 	at com.mysql.jdbc.SQLError.createCommunicationsException(SQLError.java:1074)
    [junit] 	at com.mysql.jdbc.ConnectionImpl.createNewIO(ConnectionImpl.java:2103)
    [junit] 	at com.mysql.jdbc.ConnectionImpl.<init>(ConnectionImpl.java:718)
    [junit] 	at com.mysql.jdbc.JDBC4Connection.<init>(JDBC4Connection.java:46)
    [junit] 	at java.base/jdk.internal.reflect.NativeConstructorAccessorImpl.newInstance0(Native Method)
    [junit] 	at java.base/jdk.internal.reflect.NativeConstructorAccessorImpl.newInstance(NativeConstructorAccessorImpl.java:62)
    [junit] 	at java.base/jdk.internal.reflect.DelegatingConstructorAccessorImpl.newInstance(DelegatingConstructorAccessorImpl.java:45)
    [junit] 	at java.base/java.lang.reflect.Constructor.newInstance(Constructor.java:490)
    [junit] 	at com.mysql.jdbc.Util.handleNewInstance(Util.java:406)
    [junit] 	at com.mysql.jdbc.ConnectionImpl.getInstance(ConnectionImpl.java:302)
    [junit] 	at com.mysql.jdbc.NonRegisteringDriver.connect(NonRegisteringDriver.java:282)
    [junit] 	at java.sql/java.sql.DriverManager.getConnection(DriverManager.java:677)
    [junit] 	at java.sql/java.sql.DriverManager.getConnection(DriverManager.java:228)
    [junit] 	at ptolemy.actor.lib.database.DatabaseManager$MakeConnection.run(DatabaseManager.java:633)
    [junit] Caused by: java.net.ConnectException: Connection refused (Connection refused)
    [junit] 	at java.base/java.net.PlainSocketImpl.socketConnect(Native Method)
    [junit] 	at java.base/java.net.AbstractPlainSocketImpl.doConnect(AbstractPlainSocketImpl.java:399)
    [junit] 	at java.base/java.net.AbstractPlainSocketImpl.connectToAddress(AbstractPlainSocketImpl.java:242)
    [junit] 	at java.base/java.net.AbstractPlainSocketImpl.connect(AbstractPlainSocketImpl.java:224)
    [junit] 	at java.base/java.net.SocksSocketImpl.connect(SocksSocketImpl.java:403)
    [junit] 	at java.base/java.net.Socket.connect(Socket.java:591)
    [junit] 	at java.base/java.net.Socket.connect(Socket.java:540)
    [junit] 	at java.base/java.net.Socket.<init>(Socket.java:436)
    [junit] 	at java.base/java.net.Socket.<init>(Socket.java:246)
    [junit] 	at com.mysql.jdbc.StandardSocketFactory.connect(StandardSocketFactory.java:253)
    [junit] 	at com.mysql.jdbc.MysqlIO.<init>(MysqlIO.java:280)
    [junit] 	at com.mysql.jdbc.ConnectionImpl.createNewIO(ConnectionImpl.java:2026)
    [junit] 	... 12 more
    [junit] 321 ms. Memory: 834560K Free: 559961K (67%)
    [junit] ####### 97 Mon Aug 23 21:23:31 UTC 2021 $PTII/bin/ptinvoke ptolemy.vergil.basic.export.ExportModel -force htm -run -openComposites -timeOut 30000 -whiteBackground ptolemy/domains/space/demo/DOPCenter/Placard.xml $PTII/ptolemy/domains/space/demo/DOPCenter/Placard
    [junit] Running .Placard
    [junit] ptolemy.kernel.util.IllegalActionException: Failed to open connection to the database.
    [junit]   in .Placard.DatabaseManager
    [junit] Because:
    [junit] Communications link failure
    [junit] 
    [junit] Last packet sent to the server was 0 ms ago.
    [junit] 	at ptolemy.actor.lib.database.DatabaseManager.getConnection(DatabaseManager.java:566)
    [junit] 	at ptolemy.actor.lib.database.DatabaseManager.preinitialize(DatabaseManager.java:583)
    [junit] 	at ptolemy.actor.Director.preinitialize(Director.java:1302)
    [junit] 	at ptolemy.actor.Director.preinitialize(Director.java:1257)
    [junit] 	at ptolemy.domains.sdf.kernel.SDFDirector.preinitialize(SDFDirector.java:763)
    [junit] 	at ptolemy.actor.CompositeActor.preinitialize(CompositeActor.java:1828)
    [junit] 	at ptolemy.actor.Manager.preinitializeAndResolveTypes(Manager.java:1040)
    [junit] 	at ptolemy.actor.Manager.initialize(Manager.java:710)
    [junit] 	at ptolemy.actor.Manager.execute(Manager.java:356)
    [junit] 	at ptolemy.vergil.basic.export.ExportModel$2.run(ExportModel.java:390)
    [junit] 	at java.desktop/java.awt.event.InvocationEvent.dispatch(InvocationEvent.java:303)
    [junit] 	at java.desktop/java.awt.EventQueue.dispatchEventImpl(EventQueue.java:770)
    [junit] 	at java.desktop/java.awt.EventQueue$4.run(EventQueue.java:721)
    [junit] 	at java.desktop/java.awt.EventQueue$4.run(EventQueue.java:715)
    [junit] 	at java.base/java.security.AccessController.doPrivileged(Native Method)
    [junit] 	at java.base/java.security.ProtectionDomain$JavaSecurityAccessImpl.doIntersectionPrivilege(ProtectionDomain.java:85)
    [junit] 	at java.desktop/java.awt.EventQueue.dispatchEvent(EventQueue.java:740)
    [junit] 	at java.desktop/java.awt.EventDispatchThread.pumpOneEventForFilters(EventDispatchThread.java:203)
    [junit] 	at java.desktop/java.awt.EventDispatchThread.pumpEventsForFilter(EventDispatchThread.java:124)
    [junit] 	at java.desktop/java.awt.EventDispatchThread.pumpEventsForHierarchy(EventDispatchThread.java:113)
    [junit] 	at java.desktop/java.awt.EventDispatchThread.pumpEvents(EventDispatchThread.java:109)
    [junit] 	at java.desktop/java.awt.EventDispatchThread.pumpEvents(EventDispatchThread.java:101)
    [junit] 	at java.desktop/java.awt.EventDispatchThread.run(EventDispatchThread.java:90)
    [junit] Caused by: com.mysql.jdbc.exceptions.jdbc4.CommunicationsException: Communications link failure
    [junit] 
    [junit] Last packet sent to the server was 0 ms ago.
    [junit] 	at java.base/jdk.internal.reflect.NativeConstructorAccessorImpl.newInstance0(Native Method)
    [junit] 	at java.base/jdk.internal.reflect.NativeConstructorAccessorImpl.newInstance(NativeConstructorAccessorImpl.java:62)
    [junit] 	at java.base/jdk.internal.reflect.DelegatingConstructorAccessorImpl.newInstance(DelegatingConstructorAccessorImpl.java:45)
    [junit] 	at java.base/java.lang.reflect.Constructor.newInstance(Constructor.java:490)
    [junit] 	at com.mysql.jdbc.Util.handleNewInstance(Util.java:406)
    [junit] 	at com.mysql.jdbc.SQLError.createCommunicationsException(SQLError.java:1074)
    [junit] 	at com.mysql.jdbc.ConnectionImpl.createNewIO(ConnectionImpl.java:2103)
    [junit] 	at com.mysql.jdbc.ConnectionImpl.<init>(ConnectionImpl.java:718)
    [junit] 	at com.mysql.jdbc.JDBC4Connection.<init>(JDBC4Connection.java:46)
    [junit] 	at java.base/jdk.internal.reflect.NativeConstructorAccessorImpl.newInstance0(Native Method)
    [junit] 	at java.base/jdk.internal.reflect.NativeConstructorAccessorImpl.newInstance(NativeConstructorAccessorImpl.java:62)
    [junit] 	at java.base/jdk.internal.reflect.DelegatingConstructorAccessorImpl.newInstance(DelegatingConstructorAccessorImpl.java:45)
    [junit] 	at java.base/java.lang.reflect.Constructor.newInstance(Constructor.java:490)
    [junit] 	at com.mysql.jdbc.Util.handleNewInstance(Util.java:406)
    [junit] 	at com.mysql.jdbc.ConnectionImpl.getInstance(ConnectionImpl.java:302)
    [junit] 	at com.mysql.jdbc.NonRegisteringDriver.connect(NonRegisteringDriver.java:282)
    [junit] 	at java.sql/java.sql.DriverManager.getConnection(DriverManager.java:677)
    [junit] 	at java.sql/java.sql.DriverManager.getConnection(DriverManager.java:228)
    [junit] 	at ptolemy.actor.lib.database.DatabaseManager$MakeConnection.run(DatabaseManager.java:633)
    [junit] Caused by: java.net.ConnectException: Connection refused (Connection refused)
    [junit] 	at java.base/java.net.PlainSocketImpl.socketConnect(Native Method)
    [junit] 	at java.base/java.net.AbstractPlainSocketImpl.doConnect(AbstractPlainSocketImpl.java:399)
    [junit] 	at java.base/java.net.AbstractPlainSocketImpl.connectToAddress(AbstractPlainSocketImpl.java:242)
    [junit] 	at java.base/java.net.AbstractPlainSocketImpl.connect(AbstractPlainSocketImpl.java:224)
    [junit] 	at java.base/java.net.SocksSocketImpl.connect(SocksSocketImpl.java:403)
    [junit] 	at java.base/java.net.Socket.connect(Socket.java:591)
    [junit] 	at java.base/java.net.Socket.connect(Socket.java:540)
    [junit] 	at java.base/java.net.Socket.<init>(Socket.java:436)
    [junit] 	at java.base/java.net.Socket.<init>(Socket.java:246)
    [junit] 	at com.mysql.jdbc.StandardSocketFactory.connect(StandardSocketFactory.java:253)
    [junit] 	at com.mysql.jdbc.MysqlIO.<init>(MysqlIO.java:280)
    [junit] 	at com.mysql.jdbc.ConnectionImpl.createNewIO(ConnectionImpl.java:2026)
    [junit] 	... 12 more
    [junit] Caused by: com.mysql.jdbc.exceptions.jdbc4.CommunicationsException: Communications link failure
    [junit] 
    [junit] Last packet sent to the server was 0 ms ago.
    [junit] 	at java.base/jdk.internal.reflect.NativeConstructorAccessorImpl.newInstance0(Native Method)
    [junit] 	at java.base/jdk.internal.reflect.NativeConstructorAccessorImpl.newInstance(NativeConstructorAccessorImpl.java:62)
    [junit] 	at java.base/jdk.internal.reflect.DelegatingConstructorAccessorImpl.newInstance(DelegatingConstructorAccessorImpl.java:45)
    [junit] 	at java.base/java.lang.reflect.Constructor.newInstance(Constructor.java:490)
    [junit] 	at com.mysql.jdbc.Util.handleNewInstance(Util.java:406)
    [junit] 	at com.mysql.jdbc.SQLError.createCommunicationsException(SQLError.java:1074)
    [junit] 	at com.mysql.jdbc.ConnectionImpl.createNewIO(ConnectionImpl.java:2103)
    [junit] 	at com.mysql.jdbc.ConnectionImpl.<init>(ConnectionImpl.java:718)
    [junit] 	at com.mysql.jdbc.JDBC4Connection.<init>(JDBC4Connection.java:46)
    [junit] 	at java.base/jdk.internal.reflect.NativeConstructorAccessorImpl.newInstance0(Native Method)
    [junit] 	at java.base/jdk.internal.reflect.NativeConstructorAccessorImpl.newInstance(NativeConstructorAccessorImpl.java:62)
    [junit] 	at java.base/jdk.internal.reflect.DelegatingConstructorAccessorImpl.newInstance(DelegatingConstructorAccessorImpl.java:45)
    [junit] 	at java.base/java.lang.reflect.Constructor.newInstance(Constructor.java:490)
    [junit] 	at com.mysql.jdbc.Util.handleNewInstance(Util.java:406)
    [junit] 	at com.mysql.jdbc.ConnectionImpl.getInstance(ConnectionImpl.java:302)
    [junit] 	at com.mysql.jdbc.NonRegisteringDriver.connect(NonRegisteringDriver.java:282)
    [junit] 	at java.sql/java.sql.DriverManager.getConnection(DriverManager.java:677)
    [junit] 	at java.sql/java.sql.DriverManager.getConnection(DriverManager.java:228)
    [junit] 	at ptolemy.actor.lib.database.DatabaseManager$MakeConnection.run(DatabaseManager.java:633)
    [junit] Caused by: java.net.ConnectException: Connection refused (Connection refused)
    [junit] 	at java.base/java.net.PlainSocketImpl.socketConnect(Native Method)
    [junit] 	at java.base/java.net.AbstractPlainSocketImpl.doConnect(AbstractPlainSocketImpl.java:399)
    [junit] 	at java.base/java.net.AbstractPlainSocketImpl.connectToAddress(AbstractPlainSocketImpl.java:242)
    [junit] 	at java.base/java.net.AbstractPlainSocketImpl.connect(AbstractPlainSocketImpl.java:224)
    [junit] 	at java.base/java.net.SocksSocketImpl.connect(SocksSocketImpl.java:403)
    [junit] 	at java.base/java.net.Socket.connect(Socket.java:591)
    [junit] 	at java.base/java.net.Socket.connect(Socket.java:540)
    [junit] 	at java.base/java.net.Socket.<init>(Socket.java:436)
    [junit] 	at java.base/java.net.Socket.<init>(Socket.java:246)
    [junit] 	at com.mysql.jdbc.StandardSocketFactory.connect(StandardSocketFactory.java:253)
    [junit] 	at com.mysql.jdbc.MysqlIO.<init>(MysqlIO.java:280)
    [junit] 	at com.mysql.jdbc.ConnectionImpl.createNewIO(ConnectionImpl.java:2026)
    [junit] 	... 12 more
    [junit] java.lang.reflect.InvocationTargetException
    [junit] 	at java.desktop/java.awt.EventQueue.invokeAndWait(EventQueue.java:1367)
    [junit] 259 ms. Memory: 834560K Free: 504153K (60%)
    [junit] 	at java.desktop/java.awt.EventQueue.invokeAndWait(EventQueue.java:1342)
    [junit] 	at java.desktop/javax.swing.SwingUtilities.invokeAndWait(SwingUtilities.java:1480)
    [junit] ####### 98 Mon Aug 23 21:23:33 UTC 2021 $PTII/bin/ptinvoke ptolemy.vergil.basic.export.ExportModel -force htm -run -openComposites -timeOut 30000 -whiteBackground ptolemy/domains/sr/demo/FeedbackLoop/FeedbackLoop.xml $PTII/ptolemy/domains/sr/demo/FeedbackLoop/FeedbackLoop
    [junit] 	at ptolemy.vergil.basic.export.ExportModel.exportModel(ExportModel.java:401)
    [junit] 	at ptolemy.vergil.basic.export.test.junit.ExportModelJUnitTest.RunExportModel(ExportModelJUnitTest.java:153)
    [junit] 	at ptolemy.vergil.basic.export.test.junit.ExportModelJUnitTestBatch.RunExportModel(ExportModelJUnitTestBatch.java:84)
    [junit] 	at jdk.internal.reflect.GeneratedMethodAccessor21.invoke(Unknown Source)
    [junit] 	at java.base/jdk.internal.reflect.DelegatingMethodAccessorImpl.invoke(DelegatingMethodAccessorImpl.java:43)
    [junit] 	at java.base/java.lang.reflect.Method.invoke(Method.java:566)
    [junit] 	at org.junit.runners.model.FrameworkMethod$1.runReflectiveCall(FrameworkMethod.java:44)
    [junit] 	at org.junit.internal.runners.model.ReflectiveCallable.run(ReflectiveCallable.java:15)
    [junit] 	at org.junit.runners.model.FrameworkMethod.invokeExplosively(FrameworkMethod.java:41)
    [junit] 	at junitparams.internal.InvokeParameterisedMethod.evaluate(InvokeParameterisedMethod.java:102)
    [junit] 	at junitparams.internal.ParameterisedTestMethodRunner.runMethodInvoker(ParameterisedTestMethodRunner.java:47)
    [junit] 	at junitparams.internal.ParameterisedTestMethodRunner.runTestMethod(ParameterisedTestMethodRunner.java:41)
    [junit] 	at junitparams.internal.ParameterisedTestClassRunner.runParameterisedTest(ParameterisedTestClassRunner.java:143)
    [junit] 	at junitparams.JUnitParamsRunner.runChild(JUnitParamsRunner.java:237)
    [junit] 	at junitparams.JUnitParamsRunner.runChild(JUnitParamsRunner.java:215)
    [junit] 	at org.junit.runners.ParentRunner$3.run(ParentRunner.java:193)
    [junit] 	at org.junit.runners.ParentRunner$1.schedule(ParentRunner.java:52)
    [junit] 	at org.junit.runners.ParentRunner.runChildren(ParentRunner.java:191)
    [junit] 	at org.junit.runners.ParentRunner.access$000(ParentRunner.java:42)
    [junit] 	at org.junit.runners.ParentRunner$2.evaluate(ParentRunner.java:184)
    [junit] 	at org.junit.runners.ParentRunner.run(ParentRunner.java:236)
    [junit] 	at junit.framework.JUnit4TestAdapter.run(JUnit4TestAdapter.java:39)
    [junit] 	at org.apache.tools.ant.taskdefs.optional.junit.JUnitTestRunner.run(JUnitTestRunner.java:535)
    [junit] 	at org.apache.tools.ant.taskdefs.optional.junit.JUnitTestRunner.launch(JUnitTestRunner.java:1182)
    [junit] 	at org.apache.tools.ant.taskdefs.optional.junit.JUnitTestRunner.main(JUnitTestRunner.java:1033)
    [junit] Caused by: java.lang.RuntimeException: ptolemy.kernel.util.IllegalActionException: Failed to open connection to the database.
    [junit]   in .Placard.DatabaseManager
    [junit] Because:
    [junit] Communications link failure
    [junit] 
    [junit] Last packet sent to the server was 0 ms ago.
    [junit] 	at ptolemy.vergil.basic.export.ExportModel$2.run(ExportModel.java:397)
    [junit] 	at java.desktop/java.awt.event.InvocationEvent.dispatch(InvocationEvent.java:303)
    [junit] 	at java.desktop/java.awt.EventQueue.dispatchEventImpl(EventQueue.java:770)
    [junit] 	at java.desktop/java.awt.EventQueue$4.run(EventQueue.java:721)
    [junit] 	at java.desktop/java.awt.EventQueue$4.run(EventQueue.java:715)
    [junit] 	at java.base/java.security.AccessController.doPrivileged(Native Method)
    [junit] 	at java.base/java.security.ProtectionDomain$JavaSecurityAccessImpl.doIntersectionPrivilege(ProtectionDomain.java:85)
    [junit] 	at java.desktop/java.awt.EventQueue.dispatchEvent(EventQueue.java:740)
    [junit] 	at java.desktop/java.awt.EventDispatchThread.pumpOneEventForFilters(EventDispatchThread.java:203)
    [junit] 	at java.desktop/java.awt.EventDispatchThread.pumpEventsForFilter(EventDispatchThread.java:124)
    [junit] 	at java.desktop/java.awt.EventDispatchThread.pumpEventsForHierarchy(EventDispatchThread.java:113)
    [junit] 	at java.desktop/java.awt.EventDispatchThread.pumpEvents(EventDispatchThread.java:109)
    [junit] 	at java.desktop/java.awt.EventDispatchThread.pumpEvents(EventDispatchThread.java:101)
    [junit] 	at java.desktop/java.awt.EventDispatchThread.run(EventDispatchThread.java:90)
    [junit] Caused by: ptolemy.kernel.util.IllegalActionException: Failed to open connection to the database.
    [junit]   in .Placard.DatabaseManager
    [junit] Because:
    [junit] Communications link failure
    [junit] 
    [junit] Last packet sent to the server was 0 ms ago.
    [junit] 	at ptolemy.actor.lib.database.DatabaseManager.getConnection(DatabaseManager.java:566)
    [junit] 	at ptolemy.actor.lib.database.DatabaseManager.preinitialize(DatabaseManager.java:583)
    [junit] 	at ptolemy.actor.Director.preinitialize(Director.java:1302)
    [junit] 	at ptolemy.actor.Director.preinitialize(Director.java:1257)
    [junit] 	at ptolemy.domains.sdf.kernel.SDFDirector.preinitialize(SDFDirector.java:763)
    [junit] 	at ptolemy.actor.CompositeActor.preinitialize(CompositeActor.java:1828)
    [junit] 	at ptolemy.actor.Manager.preinitializeAndResolveTypes(Manager.java:1040)
    [junit] 	at ptolemy.actor.Manager.initialize(Manager.java:710)
    [junit] 	at ptolemy.actor.Manager.execute(Manager.java:356)
    [junit] 	at ptolemy.vergil.basic.export.ExportModel$2.run(ExportModel.java:390)
    [junit] 	... 13 more
    [junit] Caused by: com.mysql.jdbc.exceptions.jdbc4.CommunicationsException: Communications link failure
    [junit] 
    [junit] Last packet sent to the server was 0 ms ago.
    [junit] 	at java.base/jdk.internal.reflect.NativeConstructorAccessorImpl.newInstance0(Native Method)
    [junit] 	at java.base/jdk.internal.reflect.NativeConstructorAccessorImpl.newInstance(NativeConstructorAccessorImpl.java:62)
    [junit] 	at java.base/jdk.internal.reflect.DelegatingConstructorAccessorImpl.newInstance(DelegatingConstructorAccessorImpl.java:45)
    [junit] 	at java.base/java.lang.reflect.Constructor.newInstance(Constructor.java:490)
    [junit] 	at com.mysql.jdbc.Util.handleNewInstance(Util.java:406)
    [junit] 	at com.mysql.jdbc.SQLError.createCommunicationsException(SQLError.java:1074)
    [junit] 	at com.mysql.jdbc.ConnectionImpl.createNewIO(ConnectionImpl.java:2103)
    [junit] 	at com.mysql.jdbc.ConnectionImpl.<init>(ConnectionImpl.java:718)
    [junit] 	at com.mysql.jdbc.JDBC4Connection.<init>(JDBC4Connection.java:46)
    [junit] 	at java.base/jdk.internal.reflect.NativeConstructorAccessorImpl.newInstance0(Native Method)
    [junit] 	at java.base/jdk.internal.reflect.NativeConstructorAccessorImpl.newInstance(NativeConstructorAccessorImpl.java:62)
    [junit] 	at java.base/jdk.internal.reflect.DelegatingConstructorAccessorImpl.newInstance(DelegatingConstructorAccessorImpl.java:45)
    [junit] 	at java.base/java.lang.reflect.Constructor.newInstance(Constructor.java:490)
    [junit] 	at com.mysql.jdbc.Util.handleNewInstance(Util.java:406)
    [junit] 	at com.mysql.jdbc.ConnectionImpl.getInstance(ConnectionImpl.java:302)
    [junit] 	at com.mysql.jdbc.NonRegisteringDriver.connect(NonRegisteringDriver.java:282)
    [junit] 	at java.sql/java.sql.DriverManager.getConnection(DriverManager.java:677)
    [junit] 	at java.sql/java.sql.DriverManager.getConnection(DriverManager.java:228)
    [junit] 	at ptolemy.actor.lib.database.DatabaseManager$MakeConnection.run(DatabaseManager.java:633)
    [junit] Caused by: java.net.ConnectException: Connection refused (Connection refused)
    [junit] 	at java.base/java.net.PlainSocketImpl.socketConnect(Native Method)
    [junit] 	at java.base/java.net.AbstractPlainSocketImpl.doConnect(AbstractPlainSocketImpl.java:399)
    [junit] 	at java.base/java.net.AbstractPlainSocketImpl.connectToAddress(AbstractPlainSocketImpl.java:242)
    [junit] 	at java.base/java.net.AbstractPlainSocketImpl.connect(AbstractPlainSocketImpl.java:224)
    [junit] 	at java.base/java.net.SocksSocketImpl.connect(SocksSocketImpl.java:403)
    [junit] 	at java.base/java.net.Socket.connect(Socket.java:591)
    [junit] 	at java.base/java.net.Socket.connect(Socket.java:540)
    [junit] 	at java.base/java.net.Socket.<init>(Socket.java:436)
    [junit] 	at java.base/java.net.Socket.<init>(Socket.java:246)
    [junit] 	at com.mysql.jdbc.StandardSocketFactory.connect(StandardSocketFactory.java:253)
    [junit] 	at com.mysql.jdbc.MysqlIO.<init>(MysqlIO.java:280)
    [junit] 	at com.mysql.jdbc.ConnectionImpl.createNewIO(ConnectionImpl.java:2026)
    [junit] 	... 12 more
    [junit] Running .FeedbackLoop
    [junit] 20 ms. Memory: 834560K Free: 492363K (59%)
    [junit] Exported /home/travis/build/icyphy/ptII/ptolemy/domains/sr/demo/FeedbackLoop/FeedbackLoop/index.html
    [junit] 4052 ms. Memory: 834560K Free: 467243K (56%)
    [junit] ####### 99 Mon Aug 23 21:23:37 UTC 2021 $PTII/bin/ptinvoke ptolemy.vergil.basic.export.ExportModel -force htm -run -openComposites -timeOut 30000 -whiteBackground ptolemy/domains/sr/demo/GuardedCount/GuardedCount.xml $PTII/ptolemy/domains/sr/demo/GuardedCount/GuardedCount
    [junit] Running .GuardedCount
    [junit] 34 ms. Memory: 834560K Free: 356144K (43%)
    [junit] Exported /home/travis/build/icyphy/ptII/ptolemy/domains/sr/demo/GuardedCount/GuardedCount/index.html
    [junit] 4258 ms. Memory: 834560K Free: 263500K (32%)
    [junit] ####### 100 Mon Aug 23 21:23:41 UTC 2021 $PTII/bin/ptinvoke ptolemy.vergil.basic.export.ExportModel -force htm -run -openComposites -timeOut 30000 -whiteBackground ptolemy/domains/sr/demo/GuardedCount/GuardedCountTimed.xml $PTII/ptolemy/domains/sr/demo/GuardedCount/GuardedCountTimed
    [junit] Running .GuardedCountTimed
    [junit] 13 ms. Memory: 834560K Free: 641356K (77%)
    [junit] Exported /home/travis/build/icyphy/ptII/ptolemy/domains/sr/demo/GuardedCount/GuardedCountTimed/index.html
    [junit] 4198 ms. Memory: 834560K Free: 570689K (68%)
    [junit] Tests run: 100, Failures: 2, Errors: 0, Skipped: 0, Time elapsed: 919.703 sec
    [junit] Output:
    [junit] ExportModeJUnitTestBatch: There are 744 demos. Exporting demos: 591 to 690.
    [junit] ####### 1 Mon Aug 23 21:08:26 UTC 2021 $PTII/bin/ptinvoke ptolemy.vergil.basic.export.ExportModel -force htm  -openComposites -timeOut 30000 -whiteBackground ptolemy/domains/modal/demo/SystemLevelType/ThreadB.xml $PTII/ptolemy/domains/modal/demo/SystemLevelType/ThreadB
    [junit] Warning: not running ptolemy/domains/modal/demo/SystemLevelType/ThreadB.xml. See ptolemy/vergil/basic/export/test/junit/ExportModelJUnitTest.java
    [junit] Exported /home/travis/build/icyphy/ptII/ptolemy/domains/modal/demo/SystemLevelType/ThreadB/index.html
    [junit] 5603 ms. Memory: 172032K Free: 126019K (73%)
    [junit] ####### 2 Mon Aug 23 21:08:31 UTC 2021 $PTII/bin/ptinvoke ptolemy.vergil.basic.export.ExportModel -force htm  -openComposites -timeOut 30000 -whiteBackground ptolemy/domains/modal/demo/SystemLevelType/ThreadBNotifies.xml $PTII/ptolemy/domains/modal/demo/SystemLevelType/ThreadBNotifies
    [junit] Warning: not running ptolemy/domains/modal/demo/SystemLevelType/ThreadBNotifies.xml. See ptolemy/vergil/basic/export/test/junit/ExportModelJUnitTest.java
    [junit] Exported /home/travis/build/icyphy/ptII/ptolemy/domains/modal/demo/SystemLevelType/ThreadBNotifies/index.html
    [junit] 3527 ms. Memory: 172032K Free: 79679K (46%)
    [junit] ####### 3 Mon Aug 23 21:08:35 UTC 2021 $PTII/bin/ptinvoke ptolemy.vergil.basic.export.ExportModel -force htm  -openComposites -timeOut 30000 -whiteBackground ptolemy/domains/modal/demo/SystemLevelType/Trigger.xml $PTII/ptolemy/domains/modal/demo/SystemLevelType/Trigger
    [junit] Warning: not running ptolemy/domains/modal/demo/SystemLevelType/Trigger.xml. See ptolemy/vergil/basic/export/test/junit/ExportModelJUnitTest.java
    [junit] Exported /home/travis/build/icyphy/ptII/ptolemy/domains/modal/demo/SystemLevelType/Trigger/index.html
    [junit] 3352 ms. Memory: 172032K Free: 137359K (80%)
    [junit] ####### 4 Mon Aug 23 21:08:38 UTC 2021 $PTII/bin/ptinvoke ptolemy.vergil.basic.export.ExportModel -force htm  -openComposites -timeOut 30000 -whiteBackground ptolemy/domains/modal/demo/SystemLevelType/UNKNOWN.xml $PTII/ptolemy/domains/modal/demo/SystemLevelType/UNKNOWN
    [junit] Warning: not running ptolemy/domains/modal/demo/SystemLevelType/UNKNOWN.xml. See ptolemy/vergil/basic/export/test/junit/ExportModelJUnitTest.java
    [junit] Exported /home/travis/build/icyphy/ptII/ptolemy/domains/modal/demo/SystemLevelType/UNKNOWN/index.html
    [junit] 3340 ms. Memory: 172032K Free: 119808K (70%)
    [junit] ####### 5 Mon Aug 23 21:08:41 UTC 2021 $PTII/bin/ptinvoke ptolemy.vergil.basic.export.ExportModel -force htm -run -openComposites -timeOut 30000 -whiteBackground ptolemy/domains/petrinet/demo/PetriNetDiningPhilosophers/PetriNetDiningPhilosophers.xml $PTII/ptolemy/domains/petrinet/demo/PetriNetDiningPhilosophers/PetriNetDiningPhilosophers
    [junit] Running .PetriNetDiningPhilosophers
    [junit] 58 ms. Memory: 172032K Free: 85248K (50%)
    [junit] Exported /home/travis/build/icyphy/ptII/ptolemy/domains/petrinet/demo/PetriNetDiningPhilosophers/PetriNetDiningPhilosophers/index.html
    [junit] 5773 ms. Memory: 172032K Free: 61158K (36%)
    [junit] ####### 6 Mon Aug 23 21:08:47 UTC 2021 $PTII/bin/ptinvoke ptolemy.vergil.basic.export.ExportModel -force htm -run -openComposites -timeOut 30000 -whiteBackground ptolemy/domains/petrinet/demo/PetriNetSimple/PetriNetSimple.xml $PTII/ptolemy/domains/petrinet/demo/PetriNetSimple/PetriNetSimple
    [junit] Running .PetriNetSimple
    [junit] 20 ms. Memory: 172032K Free: 86266K (50%)
    [junit] Exported /home/travis/build/icyphy/ptII/ptolemy/domains/petrinet/demo/PetriNetSimple/PetriNetSimple/index.html
    [junit] 4304 ms. Memory: 172032K Free: 34016K (20%)
    [junit] ####### 7 Mon Aug 23 21:08:52 UTC 2021 $PTII/bin/ptinvoke ptolemy.vergil.basic.export.ExportModel -force htm -run -openComposites -timeOut 30000 -whiteBackground ptolemy/domains/pn/demo/BrockAckerman/BrockAckerman.xml $PTII/ptolemy/domains/pn/demo/BrockAckerman/BrockAckerman
    [junit] Running .BrockAckerman
    [junit] 61 ms. Memory: 172032K Free: 57082K (33%)
    [junit] Exported /home/travis/build/icyphy/ptII/ptolemy/domains/pn/demo/BrockAckerman/BrockAckerman/index.html
    [junit] 4954 ms. Memory: 172032K Free: 71197K (41%)
    [junit] ####### 8 Mon Aug 23 21:08:56 UTC 2021 $PTII/bin/ptinvoke ptolemy.vergil.basic.export.ExportModel -force htm -run -openComposites -timeOut 30000 -whiteBackground ptolemy/domains/pn/demo/CounterMachine/CounterMachine.xml $PTII/ptolemy/domains/pn/demo/CounterMachine/CounterMachine
    [junit] Running .CounterMachine
    [junit] ExportHTMLTimer went off after 30000 ms., calling getDirector().finish and getDirector().stopFire()
    [junit] 30023 ms. Memory: 206848K Free: 116267K (56%)
    [junit] Exported /home/travis/build/icyphy/ptII/ptolemy/domains/pn/demo/CounterMachine/CounterMachine/index.html
    [junit] 39128 ms. Memory: 206848K Free: 90209K (44%)
    [junit] ####### 9 Mon Aug 23 21:09:36 UTC 2021 $PTII/bin/ptinvoke ptolemy.vergil.basic.export.ExportModel -force htm -run -openComposites -timeOut 30000 -whiteBackground ptolemy/domains/pn/demo/CounterMachine/CounterMachinePrelim.xml $PTII/ptolemy/domains/pn/demo/CounterMachine/CounterMachinePrelim
    [junit] Running .CounterMachinePrelim
    [junit] 128 ms. Memory: 206848K Free: 37985K (18%)
    [junit] Exported /home/travis/build/icyphy/ptII/ptolemy/domains/pn/demo/CounterMachine/CounterMachinePrelim/index.html
    [junit] 5888 ms. Memory: 248832K Free: 25465K (10%)
    [junit] ####### 10 Mon Aug 23 21:09:42 UTC 2021 $PTII/bin/ptinvoke ptolemy.vergil.basic.export.ExportModel -force htm -run -openComposites -timeOut 30000 -whiteBackground ptolemy/domains/pn/demo/CounterMachine/CounterMachineWithException.xml $PTII/ptolemy/domains/pn/demo/CounterMachine/CounterMachineWithException
    [junit] Running .CounterMachineWithException
    [junit] 393 ms. Memory: 359424K Free: 122366K (34%)
    [junit] Exported /home/travis/build/icyphy/ptII/ptolemy/domains/pn/demo/CounterMachine/CounterMachineWithException/index.html
    [junit] 8747 ms. Memory: 438272K Free: 238772K (54%)
    [junit] ####### 11 Mon Aug 23 21:09:50 UTC 2021 $PTII/bin/ptinvoke ptolemy.vergil.basic.export.ExportModel -force htm -run -openComposites -timeOut 30000 -whiteBackground ptolemy/domains/pn/demo/NondeterministicMerge/NondeterministicMerge.xml $PTII/ptolemy/domains/pn/demo/NondeterministicMerge/NondeterministicMerge
    [junit] Running .NondeterministicMerge
    [junit] ExportHTMLTimer went off after 30000 ms., calling getDirector().finish and getDirector().stopFire()
    [junit] 30014 ms. Memory: 438272K Free: 142550K (33%)
    [junit] Exported /home/travis/build/icyphy/ptII/ptolemy/domains/pn/demo/NondeterministicMerge/NondeterministicMerge/index.html
    [junit] 34252 ms. Memory: 438272K Free: 81605K (19%)
    [junit] ####### 12 Mon Aug 23 21:10:25 UTC 2021 $PTII/bin/ptinvoke ptolemy.vergil.basic.export.ExportModel -force htm -run -openComposites -timeOut 30000 -whiteBackground ptolemy/domains/pn/demo/NondeterministicMergeWithFeedback/NondeterministicMergeWithFeedback.xml $PTII/ptolemy/domains/pn/demo/NondeterministicMergeWithFeedback/NondeterministicMergeWithFeedback
    [junit] Running .NondeterministicMergeWithFeedback
    [junit] 74 ms. Memory: 438272K Free: 256728K (59%)
    [junit] Exported /home/travis/build/icyphy/ptII/ptolemy/domains/pn/demo/NondeterministicMergeWithFeedback/NondeterministicMergeWithFeedback/index.html
    [junit] 4478 ms. Memory: 438272K Free: 177141K (40%)
    [junit] ####### 13 Mon Aug 23 21:10:29 UTC 2021 $PTII/bin/ptinvoke ptolemy.vergil.basic.export.ExportModel -force htm -run -openComposites -timeOut 30000 -whiteBackground ptolemy/domains/pn/demo/OrderedMerge/OrderedMerge.xml $PTII/ptolemy/domains/pn/demo/OrderedMerge/OrderedMerge
    [junit] Running .OrderedMerge
    [junit] 129 ms. Memory: 438272K Free: 323800K (74%)
    [junit] Exported /home/travis/build/icyphy/ptII/ptolemy/domains/pn/demo/OrderedMerge/OrderedMerge/index.html
    [junit] 4391 ms. Memory: 438272K Free: 288450K (66%)
    [junit] ####### 14 Mon Aug 23 21:10:33 UTC 2021 $PTII/bin/ptinvoke ptolemy.vergil.basic.export.ExportModel -force htm -run -openComposites -timeOut 30000 -whiteBackground ptolemy/domains/pn/demo/QR/QR.xml $PTII/ptolemy/domains/pn/demo/QR/QR
    [junit] Running .QR
    [junit] 48 ms. Memory: 438272K Free: 189142K (43%)
    [junit] Exported /home/travis/build/icyphy/ptII/ptolemy/domains/pn/demo/QR/QR/index.html
    [junit] 4257 ms. Memory: 438272K Free: 149690K (34%)
    [junit] ####### 15 Mon Aug 23 21:10:38 UTC 2021 $PTII/bin/ptinvoke ptolemy.vergil.basic.export.ExportModel -force htm -run -openComposites -timeOut 30000 -whiteBackground ptolemy/domains/pn/demo/RemoveNilTokens/RemoveNilTokens.xml $PTII/ptolemy/domains/pn/demo/RemoveNilTokens/RemoveNilTokens
    [junit] Running .RemoveNilTokens
    [junit] 11 ms. Memory: 438272K Free: 285789K (65%)
    [junit] Exported /home/travis/build/icyphy/ptII/ptolemy/domains/pn/demo/RemoveNilTokens/RemoveNilTokens/index.html
    [junit] 4264 ms. Memory: 438272K Free: 257600K (59%)
    [junit] ####### 16 Mon Aug 23 21:10:42 UTC 2021 $PTII/bin/ptinvoke ptolemy.vergil.basic.export.ExportModel -force htm -run -openComposites -timeOut 30000 -whiteBackground ptolemy/domains/pn/demo/Stack/Stack.xml $PTII/ptolemy/domains/pn/demo/Stack/Stack
    [junit] Running .Stack
    [junit] 89 ms. Memory: 438272K Free: 252766K (58%)
    [junit] Exported /home/travis/build/icyphy/ptII/ptolemy/domains/pn/demo/Stack/Stack/index.html
    [junit] 4548 ms. Memory: 438272K Free: 133972K (31%)
    [junit] ####### 17 Mon Aug 23 21:10:46 UTC 2021 $PTII/bin/ptinvoke ptolemy.vergil.basic.export.ExportModel -force htm -run -openComposites -timeOut 30000 -whiteBackground ptolemy/domains/psdf/demo/BlindCommunication/BlindCommunication.xml $PTII/ptolemy/domains/psdf/demo/BlindCommunication/BlindCommunication
    [junit] Running .BlindCommunication
    [junit] 1902 ms. Memory: 438272K Free: 121148K (28%)
    [junit] Exported /home/travis/build/icyphy/ptII/ptolemy/domains/psdf/demo/BlindCommunication/BlindCommunication/index.html
    [junit] 7247 ms. Memory: 438272K Free: 191139K (44%)
    [junit] ####### 18 Mon Aug 23 21:10:54 UTC 2021 $PTII/bin/ptinvoke ptolemy.vergil.basic.export.ExportModel -force htm -run -openComposites -timeOut 30000 -whiteBackground ptolemy/domains/psdf/demo/Speech/Speech.xml $PTII/ptolemy/domains/psdf/demo/Speech/Speech
    [junit] Running .Speech
    [junit] 391 ms. Memory: 438272K Free: 273125K (62%)
    [junit] Exported /home/travis/build/icyphy/ptII/ptolemy/domains/psdf/demo/Speech/Speech/index.html
    [junit] 4744 ms. Memory: 438272K Free: 155830K (36%)
    [junit] ####### 19 Mon Aug 23 21:10:58 UTC 2021 $PTII/bin/ptinvoke ptolemy.vergil.basic.export.ExportModel -force htm -run -openComposites -timeOut 30000 -whiteBackground ptolemy/domains/ptera/demo/AdaptiveCarWash/AdaptiveCarWash.xml $PTII/ptolemy/domains/ptera/demo/AdaptiveCarWash/AdaptiveCarWash
    [junit] Running .AdaptiveCarWash
    [junit] 724 ms. Memory: 438272K Free: 157184K (36%)
    [junit] Exported /home/travis/build/icyphy/ptII/ptolemy/domains/ptera/demo/AdaptiveCarWash/AdaptiveCarWash/index.html
    [junit] 6653 ms. Memory: 438272K Free: 98533K (22%)
    [junit] ####### 20 Mon Aug 23 21:11:05 UTC 2021 $PTII/bin/ptinvoke ptolemy.vergil.basic.export.ExportModel -force htm -run -openComposites -timeOut 30000 -whiteBackground ptolemy/domains/ptera/demo/AdaptiveCarWash/AdaptiveCarWashFSM.xml $PTII/ptolemy/domains/ptera/demo/AdaptiveCarWash/AdaptiveCarWashFSM
    [junit] Running .AdaptiveCarWashFSM
    [junit] 391 ms. Memory: 438272K Free: 147072K (34%)
    [junit] Exported /home/travis/build/icyphy/ptII/ptolemy/domains/ptera/demo/AdaptiveCarWash/AdaptiveCarWashFSM/index.html
    [junit] 4837 ms. Memory: 438272K Free: 237336K (54%)
    [junit] ####### 21 Mon Aug 23 21:11:10 UTC 2021 $PTII/bin/ptinvoke ptolemy.vergil.basic.export.ExportModel -force htm -run -openComposites -timeOut 30000 -whiteBackground ptolemy/domains/ptera/demo/CarWash/CarWash.xml $PTII/ptolemy/domains/ptera/demo/CarWash/CarWash
    [junit] Running .CarWash
    [junit] 218 ms. Memory: 438272K Free: 305748K (70%)
    [junit] Exported /home/travis/build/icyphy/ptII/ptolemy/domains/ptera/demo/CarWash/CarWash/index.html
    [junit] 4495 ms. Memory: 438272K Free: 275560K (63%)
    [junit] ####### 22 Mon Aug 23 21:11:14 UTC 2021 $PTII/bin/ptinvoke ptolemy.vergil.basic.export.ExportModel -force htm -run -openComposites -timeOut 30000 -whiteBackground ptolemy/domains/ptera/demo/CarWash/CarWashDE.xml $PTII/ptolemy/domains/ptera/demo/CarWash/CarWashDE
    [junit] Running .CarWashDE
    [junit] 206 ms. Memory: 438272K Free: 132221K (30%)
    [junit] Exported /home/travis/build/icyphy/ptII/ptolemy/domains/ptera/demo/CarWash/CarWashDE/index.html
    [junit] 4568 ms. Memory: 438272K Free: 253707K (58%)
    [junit] ####### 23 Mon Aug 23 21:11:19 UTC 2021 $PTII/bin/ptinvoke ptolemy.vergil.basic.export.ExportModel -force htm -run -openComposites -timeOut 30000 -whiteBackground ptolemy/domains/ptera/demo/SimultaneousCarWash/SimultaneousCarWash.xml $PTII/ptolemy/domains/ptera/demo/SimultaneousCarWash/SimultaneousCarWash
    [junit] Running .SimultaneousCarWash
    [junit] 412 ms. Memory: 438272K Free: 65862K (15%)
    [junit] Exported /home/travis/build/icyphy/ptII/ptolemy/domains/ptera/demo/SimultaneousCarWash/SimultaneousCarWash/index.html
    [junit] 4844 ms. Memory: 438272K Free: 128828K (29%)
    [junit] ####### 24 Mon Aug 23 21:11:24 UTC 2021 $PTII/bin/ptinvoke ptolemy.vergil.basic.export.ExportModel -force htm -run -openComposites -timeOut 30000 -whiteBackground ptolemy/domains/ptera/demo/TrafficLight/TrafficLight.xml $PTII/ptolemy/domains/ptera/demo/TrafficLight/TrafficLight
    [junit] Running .TrafficLight
    [junit] ExportHTMLTimer went off after 30000 ms., calling getDirector().finish and getDirector().stopFire()
    [junit] 30000 ms. Memory: 438272K Free: 223046K (51%)
    [junit] Exported /home/travis/build/icyphy/ptII/ptolemy/domains/ptera/demo/TrafficLight/TrafficLight/index.html
    [junit] 34823 ms. Memory: 438272K Free: 131910K (30%)
    [junit] ####### 25 Mon Aug 23 21:11:59 UTC 2021 $PTII/bin/ptinvoke ptolemy.vergil.basic.export.ExportModel -force htm -run -openComposites -timeOut 30000 -whiteBackground ptolemy/domains/pthales/demo/AdaptiveBeamForming/AdaptiveBeamForming.xml $PTII/ptolemy/domains/pthales/demo/AdaptiveBeamForming/AdaptiveBeamForming
    [junit] Running .AdaptiveBeamForming
    [junit] 1941 ms. Memory: 178176K Free: 98488K (55%)
    [junit] Exported /home/travis/build/icyphy/ptII/ptolemy/domains/pthales/demo/AdaptiveBeamForming/AdaptiveBeamForming/index.html
    [junit] 6200 ms. Memory: 178176K Free: 37035K (21%)
    [junit] ####### 26 Mon Aug 23 21:12:05 UTC 2021 $PTII/bin/ptinvoke ptolemy.vergil.basic.export.ExportModel -force htm -run -openComposites -timeOut 30000 -whiteBackground ptolemy/domains/pthales/demo/HelloWorld/HelloWorld.xml $PTII/ptolemy/domains/pthales/demo/HelloWorld/HelloWorld
    [junit] Running .HelloWorld
    [junit] 135 ms. Memory: 174080K Free: 116941K (67%)
    [junit] Exported /home/travis/build/icyphy/ptII/ptolemy/domains/pthales/demo/HelloWorld/HelloWorld/index.html
    [junit] 4378 ms. Memory: 174080K Free: 34975K (20%)
    [junit] ####### 27 Mon Aug 23 21:12:09 UTC 2021 $PTII/bin/ptinvoke ptolemy.vergil.basic.export.ExportModel -force htm -run -openComposites -timeOut 30000 -whiteBackground ptolemy/domains/pthales/demo/Illustrative/Illustrative.xml $PTII/ptolemy/domains/pthales/demo/Illustrative/Illustrative
    [junit] Running .Illustrative
    [junit] 216 ms. Memory: 174080K Free: 63292K (36%)
    [junit] Exported /home/travis/build/icyphy/ptII/ptolemy/domains/pthales/demo/Illustrative/Illustrative/index.html
    [junit] 4612 ms. Memory: 174080K Free: 83980K (48%)
    [junit] ####### 28 Mon Aug 23 21:12:14 UTC 2021 $PTII/bin/ptinvoke ptolemy.vergil.basic.export.ExportModel -force htm -run -openComposites -timeOut 30000 -whiteBackground ptolemy/domains/ptides/demo/ActuatorPattern/ActuatorPattern.xml $PTII/ptolemy/domains/ptides/demo/ActuatorPattern/ActuatorPattern
    [junit] Running .ActuatorPattern
    [junit] 19 ms. Memory: 174080K Free: 62929K (36%)
    [junit] Exported /home/travis/build/icyphy/ptII/ptolemy/domains/ptides/demo/ActuatorPattern/ActuatorPattern/index.html
    [junit] 4394 ms. Memory: 174080K Free: 87083K (50%)
    [junit] ####### 29 Mon Aug 23 21:12:18 UTC 2021 $PTII/bin/ptinvoke ptolemy.vergil.basic.export.ExportModel -force htm -run -openComposites -timeOut 30000 -whiteBackground ptolemy/domains/ptides/demo/Controller/Controller.xml $PTII/ptolemy/domains/ptides/demo/Controller/Controller
    [junit] Running .Controller
    [junit] WARNING: The execution aspects in this model can influence the timing of actors by delaying the 
    [junit] execution, potentially changing the behavior. There is no guarantee that actors fire at the 
    [junit] time they request to be fired. 
    [junit] Use Ptides for deterministic DE behavior that is not influenced by execution aspects. 
    [junit] 
    [junit] ExportHTMLTimer went off after 30000 ms., calling getDirector().finish and getDirector().stopFire()
    [junit] 30015 ms. Memory: 250880K Free: 52783K (21%)
    [junit] Exported /home/travis/build/icyphy/ptII/ptolemy/domains/ptides/demo/Controller/Controller/index.html
    [junit] 37170 ms. Memory: 361472K Free: 235028K (65%)
    [junit] ####### 30 Mon Aug 23 21:12:55 UTC 2021 $PTII/bin/ptinvoke ptolemy.vergil.basic.export.ExportModel -force htm -run -openComposites -timeOut 30000 -whiteBackground ptolemy/domains/ptides/demo/CoSimulation/CoSimulation.xml $PTII/ptolemy/domains/ptides/demo/CoSimulation/CoSimulation
    [junit] Running .CoSimulation
    [junit] 893 ms. Memory: 361472K Free: 234677K (65%)
    [junit] Exported /home/travis/build/icyphy/ptII/ptolemy/domains/ptides/demo/CoSimulation/CoSimulation/index.html
    [junit] 7443 ms. Memory: 434176K Free: 207683K (48%)
    [junit] ####### 31 Mon Aug 23 21:13:03 UTC 2021 $PTII/bin/ptinvoke ptolemy.vergil.basic.export.ExportModel -force htm -run -openComposites -timeOut 30000 -whiteBackground ptolemy/domains/ptides/demo/DistributedPowerPlant/DistributedPowerPlant.xml $PTII/ptolemy/domains/ptides/demo/DistributedPowerPlant/DistributedPowerPlant
    [junit] Running .DistributedPowerPlant
    [junit] 248 ms. Memory: 434176K Free: 197988K (46%)
    [junit] Exported /home/travis/build/icyphy/ptII/ptolemy/domains/ptides/demo/DistributedPowerPlant/DistributedPowerPlant/index.html
    [junit] 6400 ms. Memory: 521216K Free: 171671K (33%)
    [junit] ####### 32 Mon Aug 23 21:13:09 UTC 2021 $PTII/bin/ptinvoke ptolemy.vergil.basic.export.ExportModel -force htm -run -openComposites -timeOut 30000 -whiteBackground ptolemy/domains/ptides/demo/LocalSource/LocalSource.xml $PTII/ptolemy/domains/ptides/demo/LocalSource/LocalSource
    [junit] Running .LocalSource
    [junit] 12 ms. Memory: 521216K Free: 82635K (16%)
    [junit] Exported /home/travis/build/icyphy/ptII/ptolemy/domains/ptides/demo/LocalSource/LocalSource/index.html
    [junit] 4206 ms. Memory: 521216K Free: 323771K (62%)
    [junit] ####### 33 Mon Aug 23 21:13:14 UTC 2021 $PTII/bin/ptinvoke ptolemy.vergil.basic.export.ExportModel -force htm -run -openComposites -timeOut 30000 -whiteBackground ptolemy/domains/ptides/demo/MixedSimulator/MixedSimulator.xml $PTII/ptolemy/domains/ptides/demo/MixedSimulator/MixedSimulator
    [junit] Running .MixedSimulator
    [junit] 49 ms. Memory: 521216K Free: 199384K (38%)
    [junit] Exported /home/travis/build/icyphy/ptII/ptolemy/domains/ptides/demo/MixedSimulator/MixedSimulator/index.html
    [junit] 4334 ms. Memory: 521216K Free: 359158K (69%)
    [junit] ####### 34 Mon Aug 23 21:13:18 UTC 2021 $PTII/bin/ptinvoke ptolemy.vergil.basic.export.ExportModel -force htm -run -openComposites -timeOut 30000 -whiteBackground ptolemy/domains/ptides/demo/MultiPlatformTDMA/MultiPlatformTDMA.xml $PTII/ptolemy/domains/ptides/demo/MultiPlatformTDMA/MultiPlatformTDMA
    [junit] Running .MultiPlatformTDMA
    [junit] 163 ms. Memory: 521216K Free: 135712K (26%)
    [junit] Exported /home/travis/build/icyphy/ptII/ptolemy/domains/ptides/demo/MultiPlatformTDMA/MultiPlatformTDMA/index.html
    [junit] 4872 ms. Memory: 521216K Free: 133659K (26%)
    [junit] ####### 35 Mon Aug 23 21:13:23 UTC 2021 $PTII/bin/ptinvoke ptolemy.vergil.basic.export.ExportModel -force htm -run -openComposites -timeOut 30000 -whiteBackground ptolemy/domains/ptides/demo/MultipleCores/MultipleCores.xml $PTII/ptolemy/domains/ptides/demo/MultipleCores/MultipleCores
    [junit] Running .MultipleCores
    [junit] 12 ms. Memory: 521216K Free: 314090K (60%)
    [junit] Exported /home/travis/build/icyphy/ptII/ptolemy/domains/ptides/demo/MultipleCores/MultipleCores/index.html
    [junit] 4261 ms. Memory: 521216K Free: 232664K (45%)
    [junit] ####### 36 Mon Aug 23 21:13:27 UTC 2021 $PTII/bin/ptinvoke ptolemy.vergil.basic.export.ExportModel -force htm -run -openComposites -timeOut 30000 -whiteBackground ptolemy/domains/ptides/demo/PowerManagementUnitSamplingWithoutCurrentLocalTime/PowerManagementUnitSamplingWithoutCurrentLocalTime.xml $PTII/ptolemy/domains/ptides/demo/PowerManagementUnitSamplingWithoutCurrentLocalTime/PowerManagementUnitSamplingWithoutCurrentLocalTime
    [junit] Running .PowerManagementUnitSamplingWithoutCurrentLocalTime
    [junit] 101 ms. Memory: 521216K Free: 281395K (54%)
    [junit] Exported /home/travis/build/icyphy/ptII/ptolemy/domains/ptides/demo/PowerManagementUnitSamplingWithoutCurrentLocalTime/PowerManagementUnitSamplingWithoutCurrentLocalTime/index.html
    [junit] 6694 ms. Memory: 521216K Free: 156362K (30%)
    [junit] ####### 37 Mon Aug 23 21:13:34 UTC 2021 $PTII/bin/ptinvoke ptolemy.vergil.basic.export.ExportModel -force htm -run -openComposites -timeOut 30000 -whiteBackground ptolemy/domains/ptides/demo/PowerPlant/PowerPlant.xml $PTII/ptolemy/domains/ptides/demo/PowerPlant/PowerPlant
    [junit] Running .PowerPlant
    [junit] 177 ms. Memory: 521216K Free: 229598K (44%)
    [junit] Exported /home/travis/build/icyphy/ptII/ptolemy/domains/ptides/demo/PowerPlant/PowerPlant/index.html
    [junit] 5837 ms. Memory: 521216K Free: 51771K (10%)
    [junit] ####### 38 Mon Aug 23 21:13:40 UTC 2021 $PTII/bin/ptinvoke ptolemy.vergil.basic.export.ExportModel -force htm -run -openComposites -timeOut 30000 -whiteBackground ptolemy/domains/ptides/demo/PrintingPress/PrintingPress.xml $PTII/ptolemy/domains/ptides/demo/PrintingPress/PrintingPress
    [junit] Running .PrintingPress
    [junit] ExportHTMLTimer went off after 30000 ms., calling getDirector().finish and getDirector().stopFire()
    [junit] 30003 ms. Memory: 521216K Free: 133752K (26%)
    [junit] Exported /home/travis/build/icyphy/ptII/ptolemy/domains/ptides/demo/PrintingPress/PrintingPress/index.html
    [junit] 61280 ms. Memory: 834560K Free: 177061K (21%)
    [junit] ####### 39 Mon Aug 23 21:14:41 UTC 2021 $PTII/bin/ptinvoke ptolemy.vergil.basic.export.ExportModel -force htm -run -openComposites -timeOut 30000 -whiteBackground ptolemy/domains/ptides/demo/PrintingPress/PrintingPress_AnimationsOnly.xml $PTII/ptolemy/domains/ptides/demo/PrintingPress/PrintingPress_AnimationsOnly
    [junit] Running .PrintingPress_AnimationsOnly
    [junit] 10451 ms. Memory: 834560K Free: 329953K (40%)
    [junit] Exported /home/travis/build/icyphy/ptII/ptolemy/domains/ptides/demo/PrintingPress/PrintingPress_AnimationsOnly/index.html
    [junit] 16091 ms. Memory: 834560K Free: 584901K (70%)
    [junit] ####### 40 Mon Aug 23 21:14:57 UTC 2021 $PTII/bin/ptinvoke ptolemy.vergil.basic.export.ExportModel -force htm -run -openComposites -timeOut 30000 -whiteBackground ptolemy/domains/ptides/demo/PtidesSynchrophasor/PtidesSynchrophasor.xml $PTII/ptolemy/domains/ptides/demo/PtidesSynchrophasor/PtidesSynchrophasor
    [junit] Running .PtidesSynchrophasor
    [junit] 1842 ms. Memory: 834560K Free: 550183K (66%)
    [junit] Exported /home/travis/build/icyphy/ptII/ptolemy/domains/ptides/demo/PtidesSynchrophasor/PtidesSynchrophasor/index.html
    [junit] 7556 ms. Memory: 834560K Free: 112687K (14%)
    [junit] ####### 41 Mon Aug 23 21:15:04 UTC 2021 $PTII/bin/ptinvoke ptolemy.vergil.basic.export.ExportModel -force htm -run -openComposites -timeOut 30000 -whiteBackground ptolemy/domains/ptides/demo/SRinPtides/SRinPtides.xml $PTII/ptolemy/domains/ptides/demo/SRinPtides/SRinPtides
    [junit] Running .SRinPtides
    [junit] 35 ms. Memory: 834560K Free: 409256K (49%)
    [junit] Exported /home/travis/build/icyphy/ptII/ptolemy/domains/ptides/demo/SRinPtides/SRinPtides/index.html
    [junit] 5869 ms. Memory: 834560K Free: 186687K (22%)
    [junit] ####### 42 Mon Aug 23 21:15:10 UTC 2021 $PTII/bin/ptinvoke ptolemy.vergil.basic.export.ExportModel -force htm -run -openComposites -timeOut 30000 -whiteBackground ptolemy/domains/ptides/demo/TREX/TREX.xml $PTII/ptolemy/domains/ptides/demo/TREX/TREX
    [junit] Running .TREX
    [junit] 25834 ms. Memory: 834560K Free: 353092K (42%)
    [junit] Exported /home/travis/build/icyphy/ptII/ptolemy/domains/ptides/demo/TREX/TREX/index.html
    [junit] 36095 ms. Memory: 834560K Free: 366575K (44%)
    [junit] ####### 43 Mon Aug 23 21:15:46 UTC 2021 $PTII/bin/ptinvoke ptolemy.vergil.basic.export.ExportModel -force htm -run -openComposites -timeOut 30000 -whiteBackground ptolemy/domains/ptides/demo/TTE/TTE.xml $PTII/ptolemy/domains/ptides/demo/TTE/TTE
    [junit] Running .TTE
    [junit] 44 ms. Memory: 834560K Free: 100345K (12%)
    [junit] Exported /home/travis/build/icyphy/ptII/ptolemy/domains/ptides/demo/TTE/TTE/index.html
    [junit] 6099 ms. Memory: 834560K Free: 311919K (37%)
    [junit] ####### 44 Mon Aug 23 21:15:53 UTC 2021 $PTII/bin/ptinvoke ptolemy.vergil.basic.export.ExportModel -force htm -run -openComposites -timeOut 30000 -whiteBackground ptolemy/domains/qss/demo/BouncingBall/BouncingBall.xml $PTII/ptolemy/domains/qss/demo/BouncingBall/BouncingBall
    [junit] Running .BouncingBall
    [junit] 84 ms. Memory: 834560K Free: 161938K (19%)
    [junit] Exported /home/travis/build/icyphy/ptII/ptolemy/domains/qss/demo/BouncingBall/BouncingBall/index.html
    [junit] 4281 ms. Memory: 834560K Free: 520060K (62%)
    [junit] ####### 45 Mon Aug 23 21:15:57 UTC 2021 $PTII/bin/ptinvoke ptolemy.vergil.basic.export.ExportModel -force htm -run -openComposites -timeOut 30000 -whiteBackground ptolemy/domains/qss/demo/FirstOrder/FirstOrder.xml $PTII/ptolemy/domains/qss/demo/FirstOrder/FirstOrder
    [junit] Running .FirstOrder
    [junit] 19 ms. Memory: 834560K Free: 420248K (50%)
    [junit] Exported /home/travis/build/icyphy/ptII/ptolemy/domains/qss/demo/FirstOrder/FirstOrder/index.html
    [junit] 4137 ms. Memory: 834560K Free: 371605K (45%)
    [junit] ####### 46 Mon Aug 23 21:16:01 UTC 2021 $PTII/bin/ptinvoke ptolemy.vergil.basic.export.ExportModel -force htm -run -openComposites -timeOut 30000 -whiteBackground ptolemy/domains/qss/demo/FirstOrder/FirstOrderOscillating.xml $PTII/ptolemy/domains/qss/demo/FirstOrder/FirstOrderOscillating
    [junit] Running .FirstOrderOscillating
    [junit] 20 ms. Memory: 834560K Free: 274845K (33%)
    [junit] Exported /home/travis/build/icyphy/ptII/ptolemy/domains/qss/demo/FirstOrder/FirstOrderOscillating/index.html
    [junit] 4140 ms. Memory: 834560K Free: 226197K (27%)
    [junit] ####### 47 Mon Aug 23 21:16:05 UTC 2021 $PTII/bin/ptinvoke ptolemy.vergil.basic.export.ExportModel -force htm -run -openComposites -timeOut 30000 -whiteBackground ptolemy/domains/qss/demo/HelloWorld/HelloWorld.xml $PTII/ptolemy/domains/qss/demo/HelloWorld/HelloWorld
    [junit] Running .HelloWorld
    [junit] 14 ms. Memory: 834560K Free: 528285K (63%)
    [junit] Exported /home/travis/build/icyphy/ptII/ptolemy/domains/qss/demo/HelloWorld/HelloWorld/index.html
    [junit] 4130 ms. Memory: 834560K Free: 479643K (57%)
    [junit] ####### 48 Mon Aug 23 21:16:09 UTC 2021 $PTII/bin/ptinvoke ptolemy.vergil.basic.export.ExportModel -force htm -run -openComposites -timeOut 30000 -whiteBackground ptolemy/domains/qss/demo/HelloWorld/HelloWorldComputationallyExact.xml $PTII/ptolemy/domains/qss/demo/HelloWorld/HelloWorldComputationallyExact
    [junit] Running .HelloWorldComputationallyExact
    [junit] 30 ms. Memory: 834560K Free: 306088K (37%)
    [junit] Exported /home/travis/build/icyphy/ptII/ptolemy/domains/qss/demo/HelloWorld/HelloWorldComputationallyExact/index.html
    [junit] 4196 ms. Memory: 834560K Free: 174477K (21%)
    [junit] ####### 49 Mon Aug 23 21:16:13 UTC 2021 $PTII/bin/ptinvoke ptolemy.vergil.basic.export.ExportModel -force htm -run -openComposites -timeOut 30000 -whiteBackground ptolemy/domains/qss/demo/HelloWorld/HelloWorldContinuous.xml $PTII/ptolemy/domains/qss/demo/HelloWorld/HelloWorldContinuous
    [junit] Running .HelloWorldContinuous
    [junit] 7 ms. Memory: 834560K Free: 495782K (59%)
    [junit] Exported /home/travis/build/icyphy/ptII/ptolemy/domains/qss/demo/HelloWorld/HelloWorldContinuous/index.html
    [junit] 4143 ms. Memory: 834560K Free: 430236K (52%)
    [junit] ####### 50 Mon Aug 23 21:16:18 UTC 2021 $PTII/bin/ptinvoke ptolemy.vergil.basic.export.ExportModel -force htm -run -openComposites -timeOut 30000 -whiteBackground ptolemy/domains/qss/demo/HelloWorld/HelloWorldPropagate.xml $PTII/ptolemy/domains/qss/demo/HelloWorld/HelloWorldPropagate
    [junit] Running .HelloWorldPropagate
    [junit] 19 ms. Memory: 834560K Free: 243863K (29%)
    [junit] Exported /home/travis/build/icyphy/ptII/ptolemy/domains/qss/demo/HelloWorld/HelloWorldPropagate/index.html
    [junit] 4173 ms. Memory: 834560K Free: 154772K (19%)
    [junit] ####### 51 Mon Aug 23 21:16:22 UTC 2021 $PTII/bin/ptinvoke ptolemy.vergil.basic.export.ExportModel -force htm -run -openComposites -timeOut 30000 -whiteBackground ptolemy/domains/qss/demo/HelloWorld/HelloWorldQSS1.xml $PTII/ptolemy/domains/qss/demo/HelloWorld/HelloWorldQSS1
    [junit] Running .HelloWorldQSS1
    [junit] 20 ms. Memory: 834560K Free: 432978K (52%)
    [junit] Exported /home/travis/build/icyphy/ptII/ptolemy/domains/qss/demo/HelloWorld/HelloWorldQSS1/index.html
    [junit] 4166 ms. Memory: 834560K Free: 348989K (42%)
    [junit] ####### 52 Mon Aug 23 21:16:26 UTC 2021 $PTII/bin/ptinvoke ptolemy.vergil.basic.export.ExportModel -force htm -run -openComposites -timeOut 30000 -whiteBackground ptolemy/domains/qss/demo/HelloWorld/HelloWorldQSS2.xml $PTII/ptolemy/domains/qss/demo/HelloWorld/HelloWorldQSS2
    [junit] Running .HelloWorldQSS2
    [junit] 13 ms. Memory: 834560K Free: 196944K (24%)
    [junit] Exported /home/travis/build/icyphy/ptII/ptolemy/domains/qss/demo/HelloWorld/HelloWorldQSS2/index.html
    [junit] 4129 ms. Memory: 834560K Free: 105796K (13%)
    [junit] ####### 53 Mon Aug 23 21:16:30 UTC 2021 $PTII/bin/ptinvoke ptolemy.vergil.basic.export.ExportModel -force htm -run -openComposites -timeOut 30000 -whiteBackground ptolemy/domains/qss/demo/Lorenz/Lorenz.xml $PTII/ptolemy/domains/qss/demo/Lorenz/Lorenz
    [junit] Running .Lorenz
    [junit] 2036 ms. Memory: 834560K Free: 417857K (50%)
    [junit] Exported /home/travis/build/icyphy/ptII/ptolemy/domains/qss/demo/Lorenz/Lorenz/index.html
    [junit] 6217 ms. Memory: 834560K Free: 370740K (44%)
    [junit] ####### 54 Mon Aug 23 21:16:36 UTC 2021 $PTII/bin/ptinvoke ptolemy.vergil.basic.export.ExportModel -force htm -run -openComposites -timeOut 30000 -whiteBackground ptolemy/domains/qss/demo/RLC/RLC.xml $PTII/ptolemy/domains/qss/demo/RLC/RLC
    [junit] Running .RLC
    [junit] 56 ms. Memory: 834560K Free: 243263K (29%)
    [junit] Exported /home/travis/build/icyphy/ptII/ptolemy/domains/qss/demo/RLC/RLC/index.html
    [junit] 4312 ms. Memory: 834560K Free: 134543K (16%)
    [junit] ####### 55 Mon Aug 23 21:16:41 UTC 2021 $PTII/bin/ptinvoke ptolemy.vergil.basic.export.ExportModel -force htm -run -openComposites -timeOut 30000 -whiteBackground ptolemy/domains/qss/demo/SecondOrder/SecondOrder.xml $PTII/ptolemy/domains/qss/demo/SecondOrder/SecondOrder
    [junit] Running .SecondOrder
    [junit] 617 ms. Memory: 834560K Free: 362874K (43%)
    [junit] Exported /home/travis/build/icyphy/ptII/ptolemy/domains/qss/demo/SecondOrder/SecondOrder/index.html
    [junit] 4820 ms. Memory: 834560K Free: 324453K (39%)
    [junit] ####### 56 Mon Aug 23 21:16:45 UTC 2021 $PTII/bin/ptinvoke ptolemy.vergil.basic.export.ExportModel -force htm -run -openComposites -timeOut 30000 -whiteBackground ptolemy/domains/qss/demo/SecondOrder/SecondOrderContinuous.xml $PTII/ptolemy/domains/qss/demo/SecondOrder/SecondOrderContinuous
    [junit] Running .SecondOrderContinuous
    [junit] 172 ms. Memory: 834560K Free: 216442K (26%)
    [junit] Exported /home/travis/build/icyphy/ptII/ptolemy/domains/qss/demo/SecondOrder/SecondOrderContinuous/index.html
    [junit] 4294 ms. Memory: 834560K Free: 162659K (19%)
    [junit] ####### 57 Mon Aug 23 21:16:50 UTC 2021 $PTII/bin/ptinvoke ptolemy.vergil.basic.export.ExportModel -force htm -run -openComposites -timeOut 30000 -whiteBackground ptolemy/domains/qss/demo/SmoothToken/SmoothToken.xml $PTII/ptolemy/domains/qss/demo/SmoothToken/SmoothToken
    [junit] Running .SmoothToken
    [junit] 43 ms. Memory: 834560K Free: 509068K (61%)
    [junit] Exported /home/travis/build/icyphy/ptII/ptolemy/domains/qss/demo/SmoothToken/SmoothToken/index.html
    [junit] 4240 ms. Memory: 834560K Free: 467562K (56%)
    [junit] ####### 58 Mon Aug 23 21:16:54 UTC 2021 $PTII/bin/ptinvoke ptolemy.vergil.basic.export.ExportModel -force htm -run -openComposites -timeOut 30000 -whiteBackground ptolemy/domains/qss/demo/Thermal/Thermal.xml $PTII/ptolemy/domains/qss/demo/Thermal/Thermal
    [junit] Running .Thermal
    [junit] 52 ms. Memory: 834560K Free: 280721K (34%)
    [junit] Exported /home/travis/build/icyphy/ptII/ptolemy/domains/qss/demo/Thermal/Thermal/index.html
    [junit] 4330 ms. Memory: 834560K Free: 209520K (25%)
    [junit] ####### 59 Mon Aug 23 21:16:58 UTC 2021 $PTII/bin/ptinvoke ptolemy.vergil.basic.export.ExportModel -force htm -run -openComposites -timeOut 30000 -whiteBackground ptolemy/domains/rendezvous/demo/Barrier/Barrier.xml $PTII/ptolemy/domains/rendezvous/demo/Barrier/Barrier
    [junit] Running .Barrier
    [junit] ExportHTMLTimer went off after 30000 ms., calling getDirector().finish and getDirector().stopFire()
    [junit] 30584 ms. Memory: 834560K Free: 517264K (62%)
    [junit] Exported /home/travis/build/icyphy/ptII/ptolemy/domains/rendezvous/demo/Barrier/Barrier/index.html
    [junit] 34747 ms. Memory: 834560K Free: 486567K (58%)
    [junit] ####### 60 Mon Aug 23 21:17:33 UTC 2021 $PTII/bin/ptinvoke ptolemy.vergil.basic.export.ExportModel -force htm -run -openComposites -timeOut 30000 -whiteBackground ptolemy/domains/rendezvous/demo/ResourcePool/ResourcePool.xml $PTII/ptolemy/domains/rendezvous/demo/ResourcePool/ResourcePool
    [junit] Running .ResourcePool
    [junit] ExportHTMLTimer went off after 30000 ms., calling getDirector().finish and getDirector().stopFire()
    [junit] 30004 ms. Memory: 834560K Free: 379585K (45%)
    [junit] Exported /home/travis/build/icyphy/ptII/ptolemy/domains/rendezvous/demo/ResourcePool/ResourcePool/index.html
    [junit] 34133 ms. Memory: 834560K Free: 350378K (42%)
    [junit] ####### 61 Mon Aug 23 21:18:07 UTC 2021 $PTII/bin/ptinvoke ptolemy.vergil.basic.export.ExportModel -force htm -run -openComposites -timeOut 30000 -whiteBackground ptolemy/domains/rendezvous/demo/Sequencing/Sequencing.xml $PTII/ptolemy/domains/rendezvous/demo/Sequencing/Sequencing
    [junit] Running .Sequencing
    [junit] 8 ms. Memory: 834560K Free: 230591K (28%)
    [junit] Exported /home/travis/build/icyphy/ptII/ptolemy/domains/rendezvous/demo/Sequencing/Sequencing/index.html
    [junit] 4184 ms. Memory: 834560K Free: 197308K (24%)
    [junit] ####### 62 Mon Aug 23 21:18:11 UTC 2021 $PTII/bin/ptinvoke ptolemy.vergil.basic.export.ExportModel -force htm -run -openComposites -timeOut 30000 -whiteBackground ptolemy/domains/rendezvous/demo/WriteRegulator/WriteRegulator.xml $PTII/ptolemy/domains/rendezvous/demo/WriteRegulator/WriteRegulator
    [junit] Running .WriteRegulator
    [junit] ExportHTMLTimer went off after 30000 ms., calling getDirector().finish and getDirector().stopFire()
    [junit] 30358 ms. Memory: 834560K Free: 515289K (62%)
    [junit] Exported /home/travis/build/icyphy/ptII/ptolemy/domains/rendezvous/demo/WriteRegulator/WriteRegulator/index.html
    [junit] 34470 ms. Memory: 834560K Free: 485068K (58%)
    [junit] ####### 63 Mon Aug 23 21:18:46 UTC 2021 $PTII/bin/ptinvoke ptolemy.vergil.basic.export.ExportModel -force htm -run -openComposites -timeOut 30000 -whiteBackground ptolemy/domains/scr/demo/FuelSystemSCR/FuelSystemSCR.xml $PTII/ptolemy/domains/scr/demo/FuelSystemSCR/FuelSystemSCR
    [junit] Running .FuelSystemSCR
    [junit] 10022 ms. Memory: 834560K Free: 107195K (13%)
    [junit] Exported /home/travis/build/icyphy/ptII/ptolemy/domains/scr/demo/FuelSystemSCR/FuelSystemSCR/index.html
    [junit] 14921 ms. Memory: 834560K Free: 301724K (36%)
    [junit] ####### 64 Mon Aug 23 21:19:01 UTC 2021 $PTII/bin/ptinvoke ptolemy.vergil.basic.export.ExportModel -force htm -run -openComposites -timeOut 30000 -whiteBackground ptolemy/domains/scr/demo/HelloWorldSCR/HelloWorldSCR.xml $PTII/ptolemy/domains/scr/demo/HelloWorldSCR/HelloWorldSCR
    [junit] Running .HelloWorldSCR
    [junit] 55 ms. Memory: 834560K Free: 171261K (21%)
    [junit] Exported /home/travis/build/icyphy/ptII/ptolemy/domains/scr/demo/HelloWorldSCR/HelloWorldSCR/index.html
    [junit] 4290 ms. Memory: 834560K Free: 126649K (15%)
    [junit] ####### 65 Mon Aug 23 21:19:05 UTC 2021 $PTII/bin/ptinvoke ptolemy.vergil.basic.export.ExportModel -force htm -run -openComposites -timeOut 30000 -whiteBackground ptolemy/domains/scr/demo/SafetyInjection/SafetyInjection.xml $PTII/ptolemy/domains/scr/demo/SafetyInjection/SafetyInjection
    [junit] Running .SafetyInjection
    [junit] 3012 ms. Memory: 834560K Free: 372491K (45%)
    [junit] Exported /home/travis/build/icyphy/ptII/ptolemy/domains/scr/demo/SafetyInjection/SafetyInjection/index.html
    [junit] 7375 ms. Memory: 834560K Free: 249573K (30%)
    [junit] ####### 66 Mon Aug 23 21:19:12 UTC 2021 $PTII/bin/ptinvoke ptolemy.vergil.basic.export.ExportModel -force htm -run -openComposites -timeOut 30000 -whiteBackground ptolemy/domains/scr/demo/TrafficLight/TrafficLight.xml $PTII/ptolemy/domains/scr/demo/TrafficLight/TrafficLight
    [junit] Running .TrafficLight
    [junit] 266 ms. Memory: 834560K Free: 478617K (57%)
    [junit] Exported /home/travis/build/icyphy/ptII/ptolemy/domains/scr/demo/TrafficLight/TrafficLight/index.html
    [junit] 4507 ms. Memory: 834560K Free: 425833K (51%)
    [junit] ####### 67 Mon Aug 23 21:19:17 UTC 2021 $PTII/bin/ptinvoke ptolemy.vergil.basic.export.ExportModel -force htm -run -openComposites -timeOut 30000 -whiteBackground ptolemy/domains/sdf/demo/Array/Array.xml $PTII/ptolemy/domains/sdf/demo/Array/Array
    [junit] Running .Array
    [junit] 38 ms. Memory: 834560K Free: 282009K (34%)
    [junit] Exported /home/travis/build/icyphy/ptII/ptolemy/domains/sdf/demo/Array/Array/index.html
    [junit] 4201 ms. Memory: 834560K Free: 230273K (28%)
    [junit] ####### 68 Mon Aug 23 21:19:21 UTC 2021 $PTII/bin/ptinvoke ptolemy.vergil.basic.export.ExportModel -force htm -run -openComposites -timeOut 30000 -whiteBackground ptolemy/domains/sdf/demo/Butterfly/Butterfly.xml $PTII/ptolemy/domains/sdf/demo/Butterfly/Butterfly
    [junit] Running .Butterfly
    [junit] 131 ms. Memory: 834560K Free: 125337K (15%)
    [junit] Exported /home/travis/build/icyphy/ptII/ptolemy/domains/sdf/demo/Butterfly/Butterfly/index.html
    [junit] 4258 ms. Memory: 834560K Free: 514096K (62%)
    [junit] ####### 69 Mon Aug 23 21:19:25 UTC 2021 $PTII/bin/ptinvoke ptolemy.vergil.basic.export.ExportModel -force htm -run -openComposites -timeOut 30000 -whiteBackground ptolemy/domains/sdf/demo/Expression/Expression.xml $PTII/ptolemy/domains/sdf/demo/Expression/Expression
    [junit] Running .Expression
    [junit] 17 ms. Memory: 834560K Free: 496929K (60%)
    [junit] Exported /home/travis/build/icyphy/ptII/ptolemy/domains/sdf/demo/Expression/Expression/index.html
    [junit] 4144 ms. Memory: 834560K Free: 494457K (59%)
    [junit] ####### 70 Mon Aug 23 21:19:30 UTC 2021 $PTII/bin/ptinvoke ptolemy.vergil.basic.export.ExportModel -force htm -run -openComposites -timeOut 30000 -whiteBackground ptolemy/domains/sdf/demo/Eye/Eye.xml $PTII/ptolemy/domains/sdf/demo/Eye/Eye
    [junit] Running .Eye
    [junit] 551 ms. Memory: 834560K Free: 511026K (61%)
    [junit] Exported /home/travis/build/icyphy/ptII/ptolemy/domains/sdf/demo/Eye/Eye/index.html
    [junit] 4739 ms. Memory: 834560K Free: 471587K (57%)
    [junit] ####### 71 Mon Aug 23 21:19:34 UTC 2021 $PTII/bin/ptinvoke ptolemy.vergil.basic.export.ExportModel -force htm -run -openComposites -timeOut 30000 -whiteBackground ptolemy/domains/sdf/demo/FixFIR/FixFIR.xml $PTII/ptolemy/domains/sdf/demo/FixFIR/FixFIR
    [junit] Running .FixFIR
    [junit] 127 ms. Memory: 834560K Free: 514378K (62%)
    [junit] Exported /home/travis/build/icyphy/ptII/ptolemy/domains/sdf/demo/FixFIR/FixFIR/index.html
    [junit] 4351 ms. Memory: 834560K Free: 442171K (53%)
    [junit] ####### 72 Mon Aug 23 21:19:39 UTC 2021 $PTII/bin/ptinvoke ptolemy.vergil.basic.export.ExportModel -force htm -run -openComposites -timeOut 30000 -whiteBackground ptolemy/domains/sdf/demo/FixPoint/FixPoint.xml $PTII/ptolemy/domains/sdf/demo/FixPoint/FixPoint
    [junit] Running .FixPoint
    [junit] 14 ms. Memory: 834560K Free: 468227K (56%)
    [junit] Exported /home/travis/build/icyphy/ptII/ptolemy/domains/sdf/demo/FixPoint/FixPoint/index.html
    [junit] 4126 ms. Memory: 834560K Free: 432385K (52%)
    [junit] ####### 73 Mon Aug 23 21:19:43 UTC 2021 $PTII/bin/ptinvoke ptolemy.vergil.basic.export.ExportModel -force htm -run -openComposites -timeOut 30000 -whiteBackground ptolemy/domains/sdf/demo/FourierSeries/FourierSeries.xml $PTII/ptolemy/domains/sdf/demo/FourierSeries/FourierSeries
    [junit] Running .FourierSeries
    [junit] 19 ms. Memory: 834560K Free: 459526K (55%)
    [junit] Exported /home/travis/build/icyphy/ptII/ptolemy/domains/sdf/demo/FourierSeries/FourierSeries/index.html
    [junit] 4147 ms. Memory: 834560K Free: 419593K (50%)
    [junit] ####### 74 Mon Aug 23 21:19:47 UTC 2021 $PTII/bin/ptinvoke ptolemy.vergil.basic.export.ExportModel -force htm -run  -timeOut 30000 -whiteBackground ptolemy/domains/sdf/demo/Gravitation/Gravitation.xml $PTII/ptolemy/domains/sdf/demo/Gravitation/Gravitation
    [junit] Warning: not opening composites for ptolemy/domains/sdf/demo/Gravitation/Gravitation.xml. See ptolemy/vergil/basic/export/test/junit/ExportModelJUnitTest.java
    [junit] Running .Gravitation
    [junit] 10833 ms. Memory: 834560K Free: 430864K (52%)
    [junit] Exported /home/travis/build/icyphy/ptII/ptolemy/domains/sdf/demo/Gravitation/Gravitation/index.html
    [junit] 15065 ms. Memory: 834560K Free: 394475K (47%)
    [junit] ####### 75 Mon Aug 23 21:20:02 UTC 2021 $PTII/bin/ptinvoke ptolemy.vergil.basic.export.ExportModel -force htm -run  -timeOut 30000 -whiteBackground ptolemy/domains/sdf/demo/Gravitation/GravitationWithCollisionDetection.xml $PTII/ptolemy/domains/sdf/demo/Gravitation/GravitationWithCollisionDetection
    [junit] Warning: not opening composites for ptolemy/domains/sdf/demo/Gravitation/GravitationWithCollisionDetection.xml. See ptolemy/vergil/basic/export/test/junit/ExportModelJUnitTest.java
    [junit] Running .GravitationWithCollisionDetection
    [junit] ExportHTMLTimer went off after 30000 ms., calling getDirector().finish and getDirector().stopFire()
    [junit] 30017 ms. Memory: 834560K Free: 483327K (58%)
    [junit] Exported /home/travis/build/icyphy/ptII/ptolemy/domains/sdf/demo/Gravitation/GravitationWithCollisionDetection/index.html
    [junit] 34314 ms. Memory: 834560K Free: 438765K (53%)
    [junit] ####### 76 Mon Aug 23 21:20:36 UTC 2021 $PTII/bin/ptinvoke ptolemy.vergil.basic.export.ExportModel -force htm -run -openComposites -timeOut 30000 -whiteBackground ptolemy/domains/sdf/demo/HTVQ/HTVQ.xml $PTII/ptolemy/domains/sdf/demo/HTVQ/HTVQ
    [junit] Running .HTVQ
    [junit] 738 ms. Memory: 834560K Free: 199580K (24%)
    [junit] Exported /home/travis/build/icyphy/ptII/ptolemy/domains/sdf/demo/HTVQ/HTVQ/index.html
    [junit] 4913 ms. Memory: 834560K Free: 435594K (52%)
    [junit] ####### 77 Mon Aug 23 21:20:41 UTC 2021 $PTII/bin/ptinvoke ptolemy.vergil.basic.export.ExportModel -force htm -run -openComposites -timeOut 30000 -whiteBackground ptolemy/domains/sdf/demo/LMSAdaptive/LMSAdaptive.xml $PTII/ptolemy/domains/sdf/demo/LMSAdaptive/LMSAdaptive
    [junit] Running .LMSAdaptive
    [junit] ExportHTMLTimer went off after 30000 ms., calling getDirector().finish and getDirector().stopFire()
    [junit] 30000 ms. Memory: 834560K Free: 258306K (31%)
    [junit] Exported /home/travis/build/icyphy/ptII/ptolemy/domains/sdf/demo/LMSAdaptive/LMSAdaptive/index.html
    [junit] 34185 ms. Memory: 834560K Free: 220848K (26%)
    [junit] ####### 78 Mon Aug 23 21:21:15 UTC 2021 $PTII/bin/ptinvoke ptolemy.vergil.basic.export.ExportModel -force htm -run -openComposites -timeOut 30000 -whiteBackground ptolemy/domains/sdf/demo/LogisticMap/LogisticMap.xml $PTII/ptolemy/domains/sdf/demo/LogisticMap/LogisticMap
    [junit] Running .LogisticMap
    [junit] ExportHTMLTimer went off after 30000 ms., calling getDirector().finish and getDirector().stopFire()
    [junit] 30024 ms. Memory: 834560K Free: 97016K (12%)
    [junit] Exported /home/travis/build/icyphy/ptII/ptolemy/domains/sdf/demo/LogisticMap/LogisticMap/index.html
    [junit] 34188 ms. Memory: 834560K Free: 438372K (53%)
    [junit] ####### 79 Mon Aug 23 21:21:50 UTC 2021 $PTII/bin/ptinvoke ptolemy.vergil.basic.export.ExportModel -force htm -run -openComposites -timeOut 30000 -whiteBackground ptolemy/domains/sdf/demo/MaximumEntropySpectrum/MaximumEntropySpectrum.xml $PTII/ptolemy/domains/sdf/demo/MaximumEntropySpectrum/MaximumEntropySpectrum
    [junit] Running .MaximumEntropySpectrum
    [junit] 110 ms. Memory: 834560K Free: 439201K (53%)
    [junit] Exported /home/travis/build/icyphy/ptII/ptolemy/domains/sdf/demo/MaximumEntropySpectrum/MaximumEntropySpectrum/index.html
    [junit] 4646 ms. Memory: 834560K Free: 259944K (31%)
    [junit] ####### 80 Mon Aug 23 21:21:54 UTC 2021 $PTII/bin/ptinvoke ptolemy.vergil.basic.export.ExportModel -force htm -run -openComposites -timeOut 30000 -whiteBackground ptolemy/domains/sdf/demo/ModelDisplay/ModelDisplay.xml $PTII/ptolemy/domains/sdf/demo/ModelDisplay/ModelDisplay
    [junit] Running .ModelDisplay
    [junit] ExportHTMLTimer went off after 30000 ms., calling getDirector().finish and getDirector().stopFire()
    [junit] 30025 ms. Memory: 834560K Free: 455942K (55%)
    [junit] Exported /home/travis/build/icyphy/ptII/ptolemy/domains/sdf/demo/ModelDisplay/ModelDisplay/index.html
    [junit] 34243 ms. Memory: 834560K Free: 430814K (52%)
    [junit] ####### 81 Mon Aug 23 21:22:28 UTC 2021 $PTII/bin/ptinvoke ptolemy.vergil.basic.export.ExportModel -force htm -run -openComposites -timeOut 30000 -whiteBackground ptolemy/domains/sdf/demo/MultipleRuns/MultipleRuns.xml $PTII/ptolemy/domains/sdf/demo/MultipleRuns/MultipleRuns
    [junit] Running .MultipleRuns
    [junit] 112 ms. Memory: 834560K Free: 299784K (36%)
    [junit] Exported /home/travis/build/icyphy/ptII/ptolemy/domains/sdf/demo/MultipleRuns/MultipleRuns/index.html
    [junit] 4321 ms. Memory: 834560K Free: 524926K (63%)
    [junit] ####### 82 Mon Aug 23 21:22:33 UTC 2021 $PTII/bin/ptinvoke ptolemy.vergil.basic.export.ExportModel -force htm -run -openComposites -timeOut 30000 -whiteBackground ptolemy/domains/sdf/demo/NoisySinewave/NoisySinewave.xml $PTII/ptolemy/domains/sdf/demo/NoisySinewave/NoisySinewave
    [junit] Running .NoisySinewave
    [junit] 26 ms. Memory: 834560K Free: 361703K (43%)
    [junit] Exported /home/travis/build/icyphy/ptII/ptolemy/domains/sdf/demo/NoisySinewave/NoisySinewave/index.html
    [junit] 4304 ms. Memory: 834560K Free: 254627K (31%)
    [junit] ####### 83 Mon Aug 23 21:22:37 UTC 2021 $PTII/bin/ptinvoke ptolemy.vergil.basic.export.ExportModel -force htm -run -openComposites -timeOut 30000 -whiteBackground ptolemy/domains/sdf/demo/OrthogonalCom/OrthogonalCom.xml $PTII/ptolemy/domains/sdf/demo/OrthogonalCom/OrthogonalCom
    [junit] Running .OrthogonalCom
    [junit] 0
    [junit] 0
    [junit] 0
    [junit] 0
    [junit] 0
    [junit] 0
    [junit] 0
    [junit] 0
    [junit] 0
    [junit] 0
    [junit] 0
    [junit] 0
    [junit] 0
    [junit] 0
    [junit] 0
    [junit] 0
    [junit] 0
    [junit] 0
    [junit] 1
    [junit] 0
    [junit] 16 ms. Memory: 834560K Free: 630628K (76%)
    [junit] Exported /home/travis/build/icyphy/ptII/ptolemy/domains/sdf/demo/OrthogonalCom/OrthogonalCom/index.html
    [junit] 4255 ms. Memory: 834560K Free: 696136K (83%)
    [junit] ####### 84 Mon Aug 23 21:22:41 UTC 2021 $PTII/bin/ptinvoke ptolemy.vergil.basic.export.ExportModel -force htm  -openComposites -timeOut 30000 -whiteBackground ptolemy/domains/sdf/demo/RijndaelEncryption/RijndaelEncryption.xml $PTII/ptolemy/domains/sdf/demo/RijndaelEncryption/RijndaelEncryption
    [junit] Warning: not running ptolemy/domains/sdf/demo/RijndaelEncryption/RijndaelEncryption.xml. See ptolemy/vergil/basic/export/test/junit/ExportModelJUnitTest.java
    [junit] Exported /home/travis/build/icyphy/ptII/ptolemy/domains/sdf/demo/RijndaelEncryption/RijndaelEncryption/index.html
    [junit] 5359 ms. Memory: 834560K Free: 316200K (38%)
    [junit] ####### 85 Mon Aug 23 21:22:47 UTC 2021 $PTII/bin/ptinvoke ptolemy.vergil.basic.export.ExportModel -force htm -run -openComposites -timeOut 30000 -whiteBackground ptolemy/domains/sdf/demo/Sketch/Sketch.xml $PTII/ptolemy/domains/sdf/demo/Sketch/Sketch
    [junit] Running .Sketch
    [junit] 28 ms. Memory: 834560K Free: 216921K (26%)
    [junit] Exported /home/travis/build/icyphy/ptII/ptolemy/domains/sdf/demo/Sketch/Sketch/index.html
    [junit] 4171 ms. Memory: 834560K Free: 152358K (18%)
    [junit] ####### 86 Mon Aug 23 21:22:51 UTC 2021 $PTII/bin/ptinvoke ptolemy.vergil.basic.export.ExportModel -force htm  -openComposites -timeOut 30000 -whiteBackground ptolemy/domains/sdf/demo/SoundSpectrum/SoundSpectrum.xml $PTII/ptolemy/domains/sdf/demo/SoundSpectrum/SoundSpectrum
    [junit] Warning: not running ptolemy/domains/sdf/demo/SoundSpectrum/SoundSpectrum.xml. See ptolemy/vergil/basic/export/test/junit/ExportModelJUnitTest.java
    [junit] Exported /home/travis/build/icyphy/ptII/ptolemy/domains/sdf/demo/SoundSpectrum/SoundSpectrum/index.html
    [junit] 3182 ms. Memory: 834560K Free: 518983K (62%)
    [junit] ####### 87 Mon Aug 23 21:22:54 UTC 2021 $PTII/bin/ptinvoke ptolemy.vergil.basic.export.ExportModel -force htm -run -openComposites -timeOut 30000 -whiteBackground ptolemy/domains/sdf/demo/Spectrum/Spectrum.xml $PTII/ptolemy/domains/sdf/demo/Spectrum/Spectrum
    [junit] Running .Spectrum
    [junit] 53 ms. Memory: 834560K Free: 308569K (37%)
    [junit] Exported /home/travis/build/icyphy/ptII/ptolemy/domains/sdf/demo/Spectrum/Spectrum/index.html
    [junit] 4291 ms. Memory: 834560K Free: 200509K (24%)
    [junit] ####### 88 Mon Aug 23 21:22:58 UTC 2021 $PTII/bin/ptinvoke ptolemy.vergil.basic.export.ExportModel -force htm  -openComposites -timeOut 30000 -whiteBackground ptolemy/domains/sdf/demo/SynthesizedVoice/SynthesizedVoice.xml $PTII/ptolemy/domains/sdf/demo/SynthesizedVoice/SynthesizedVoice
    [junit] Warning: not running ptolemy/domains/sdf/demo/SynthesizedVoice/SynthesizedVoice.xml. See ptolemy/vergil/basic/export/test/junit/ExportModelJUnitTest.java
    [junit] Exported /home/travis/build/icyphy/ptII/ptolemy/domains/sdf/demo/SynthesizedVoice/SynthesizedVoice/index.html
    [junit] 3175 ms. Memory: 834560K Free: 596804K (72%)
    [junit] ####### 89 Mon Aug 23 21:23:02 UTC 2021 $PTII/bin/ptinvoke ptolemy.vergil.basic.export.ExportModel -force htm -run -openComposites -timeOut 30000 -whiteBackground ptolemy/domains/sdf/demo/Type/Type.xml $PTII/ptolemy/domains/sdf/demo/Type/Type
    [junit] Running .Type
    [junit] 45 ms. Memory: 834560K Free: 498011K (60%)
    [junit] Exported /home/travis/build/icyphy/ptII/ptolemy/domains/sdf/demo/Type/Type/index.html
    [junit] 4167 ms. Memory: 834560K Free: 453425K (54%)
    [junit] ####### 90 Mon Aug 23 21:23:06 UTC 2021 $PTII/bin/ptinvoke ptolemy.vergil.basic.export.ExportModel -force htm -run -openComposites -timeOut 30000 -whiteBackground ptolemy/domains/sdf/optimize/demo/SDFOptimize/SDFOptimize.xml $PTII/ptolemy/domains/sdf/optimize/demo/SDFOptimize/SDFOptimize
    [junit] Running .SDFOptimize
    [junit] 14 ms. Memory: 834560K Free: 369486K (44%)
    [junit] Exported /home/travis/build/icyphy/ptII/ptolemy/domains/sdf/optimize/demo/SDFOptimize/SDFOptimize/index.html
    [junit] 4126 ms. Memory: 834560K Free: 339778K (41%)
    [junit] ####### 91 Mon Aug 23 21:23:10 UTC 2021 $PTII/bin/ptinvoke ptolemy.vergil.basic.export.ExportModel -force htm -run -openComposites -timeOut 30000 -whiteBackground ptolemy/domains/sequence/demo/HelloWorld/HelloWorld.xml $PTII/ptolemy/domains/sequence/demo/HelloWorld/HelloWorld
    [junit] Running .HelloWorld
    [junit] 16 ms. Memory: 834560K Free: 259909K (31%)
    [junit] Exported /home/travis/build/icyphy/ptII/ptolemy/domains/sequence/demo/HelloWorld/HelloWorld/index.html
    [junit] 4140 ms. Memory: 834560K Free: 224576K (27%)
    [junit] ####### 92 Mon Aug 23 21:23:14 UTC 2021 $PTII/bin/ptinvoke ptolemy.vergil.basic.export.ExportModel -force htm  -openComposites -timeOut 30000 -whiteBackground ptolemy/domains/sequence/demo/SequencedActors/SequencedActors.xml $PTII/ptolemy/domains/sequence/demo/SequencedActors/SequencedActors
    [junit] Warning: not running ptolemy/domains/sequence/demo/SequencedActors/SequencedActors.xml. See ptolemy/vergil/basic/export/test/junit/ExportModelJUnitTest.java
    [junit] Exported /home/travis/build/icyphy/ptII/ptolemy/domains/sequence/demo/SequencedActors/SequencedActors/index.html
    [junit] 3140 ms. Memory: 834560K Free: 612688K (73%)
    [junit] ####### 93 Mon Aug 23 21:23:17 UTC 2021 $PTII/bin/ptinvoke ptolemy.vergil.basic.export.ExportModel -force htm -run -openComposites -timeOut 30000 -whiteBackground ptolemy/domains/sequence/demo/SequencedActors/SequencedIntegratorMultipleInstances.xml $PTII/ptolemy/domains/sequence/demo/SequencedActors/SequencedIntegratorMultipleInstances
    [junit] Running .SequencedIntegratorMultipleInstances
    [junit] 41 ms. Memory: 834560K Free: 499513K (60%)
    [junit] Exported /home/travis/build/icyphy/ptII/ptolemy/domains/sequence/demo/SequencedActors/SequencedIntegratorMultipleInstances/index.html
    [junit] 4214 ms. Memory: 834560K Free: 452401K (54%)
    [junit] ####### 94 Mon Aug 23 21:23:21 UTC 2021 $PTII/bin/ptinvoke ptolemy.vergil.basic.export.ExportModel -force htm -run -openComposites -timeOut 30000 -whiteBackground ptolemy/domains/sequence/demo/SequencedActors/SequencedVariableMultipleInstances.xml $PTII/ptolemy/domains/sequence/demo/SequencedActors/SequencedVariableMultipleInstances
    [junit] Running .SequencedVariableMultipleInstances
    [junit] 9 ms. Memory: 834560K Free: 353618K (42%)
    [junit] Exported /home/travis/build/icyphy/ptII/ptolemy/domains/sequence/demo/SequencedActors/SequencedVariableMultipleInstances/index.html
    [junit] 4140 ms. Memory: 834560K Free: 329023K (39%)
    [junit] ####### 95 Mon Aug 23 21:23:25 UTC 2021 $PTII/bin/ptinvoke ptolemy.vergil.basic.export.ExportModel -force htm -run -openComposites -timeOut 30000 -whiteBackground ptolemy/domains/sequence/demo/Visual/Visual.xml $PTII/ptolemy/domains/sequence/demo/Visual/Visual
    [junit] Running .Visual
    [junit] 1 ms. Memory: 834560K Free: 250606K (30%)
    [junit] Exported /home/travis/build/icyphy/ptII/ptolemy/domains/sequence/demo/Visual/Visual/index.html
    [junit] 4151 ms. Memory: 834560K Free: 215864K (26%)
    [junit] ####### 96 Mon Aug 23 21:23:30 UTC 2021 $PTII/bin/ptinvoke ptolemy.vergil.basic.export.ExportModel -force htm -run -openComposites -timeOut 30000 -whiteBackground ptolemy/domains/space/demo/DOPCenter/DOPCenter.xml $PTII/ptolemy/domains/space/demo/DOPCenter/DOPCenter
    [junit] Running .DOPCenter
    [junit] 321 ms. Memory: 834560K Free: 559961K (67%)
    [junit] ####### 97 Mon Aug 23 21:23:31 UTC 2021 $PTII/bin/ptinvoke ptolemy.vergil.basic.export.ExportModel -force htm -run -openComposites -timeOut 30000 -whiteBackground ptolemy/domains/space/demo/DOPCenter/Placard.xml $PTII/ptolemy/domains/space/demo/DOPCenter/Placard
    [junit] Running .Placard
    [junit] 259 ms. Memory: 834560K Free: 504153K (60%)
    [junit] ####### 98 Mon Aug 23 21:23:33 UTC 2021 $PTII/bin/ptinvoke ptolemy.vergil.basic.export.ExportModel -force htm -run -openComposites -timeOut 30000 -whiteBackground ptolemy/domains/sr/demo/FeedbackLoop/FeedbackLoop.xml $PTII/ptolemy/domains/sr/demo/FeedbackLoop/FeedbackLoop
    [junit] Running .FeedbackLoop
    [junit] 20 ms. Memory: 834560K Free: 492363K (59%)
    [junit] Exported /home/travis/build/icyphy/ptII/ptolemy/domains/sr/demo/FeedbackLoop/FeedbackLoop/index.html
    [junit] 4052 ms. Memory: 834560K Free: 467243K (56%)
    [junit] ####### 99 Mon Aug 23 21:23:37 UTC 2021 $PTII/bin/ptinvoke ptolemy.vergil.basic.export.ExportModel -force htm -run -openComposites -timeOut 30000 -whiteBackground ptolemy/domains/sr/demo/GuardedCount/GuardedCount.xml $PTII/ptolemy/domains/sr/demo/GuardedCount/GuardedCount
    [junit] Running .GuardedCount
    [junit] 34 ms. Memory: 834560K Free: 356144K (43%)
    [junit] Exported /home/travis/build/icyphy/ptII/ptolemy/domains/sr/demo/GuardedCount/GuardedCount/index.html
    [junit] 4258 ms. Memory: 834560K Free: 263500K (32%)
    [junit] ####### 100 Mon Aug 23 21:23:41 UTC 2021 $PTII/bin/ptinvoke ptolemy.vergil.basic.export.ExportModel -force htm -run -openComposites -timeOut 30000 -whiteBackground ptolemy/domains/sr/demo/GuardedCount/GuardedCountTimed.xml $PTII/ptolemy/domains/sr/demo/GuardedCount/GuardedCountTimed
    [junit] Running .GuardedCountTimed
    [junit] 13 ms. Memory: 834560K Free: 641356K (77%)
    [junit] Exported /home/travis/build/icyphy/ptII/ptolemy/domains/sr/demo/GuardedCount/GuardedCountTimed/index.html
    [junit] 4198 ms. Memory: 834560K Free: 570689K (68%)
    [junit] 
    [junit] Error: 
    [junit] TransformationEditor: Ignoring clone of .Utilities beause we don't known how to import it. Exception was: ptolemy.kernel.util.NameDuplicationException: Attempt to insert object named "Utilities" into container named ".library", which already contains an object with that name.
    [junit] TransformationEditor: Ignoring clone of .Directors beause we don't known how to import it. Exception was: ptolemy.kernel.util.NameDuplicationException: Attempt to insert object named "Directors" into container named ".library", which already contains an object with that name.
    [junit] TransformationEditor: Ignoring clone of .Actors beause we don't known how to import it. Exception was: ptolemy.kernel.util.NameDuplicationException: Attempt to insert object named "Actors" into container named ".library", which already contains an object with that name.
    [junit] TransformationEditor: Ignoring clone of .MoreLibraries beause we don't known how to import it. Exception was: ptolemy.kernel.util.NameDuplicationException: Attempt to insert object named "MoreLibraries" into container named ".library", which already contains an object with that name.
    [junit] TransformationEditor: Ignoring clone of .Utilities beause we don't known how to import it. Exception was: ptolemy.kernel.util.NameDuplicationException: Attempt to insert object named "Utilities" into container named ".library", which already contains an object with that name.
    [junit] TransformationEditor: Ignoring clone of .Directors beause we don't known how to import it. Exception was: ptolemy.kernel.util.NameDuplicationException: Attempt to insert object named "Directors" into container named ".library", which already contains an object with that name.
    [junit] TransformationEditor: Ignoring clone of .Actors beause we don't known how to import it. Exception was: ptolemy.kernel.util.NameDuplicationException: Attempt to insert object named "Actors" into container named ".library", which already contains an object with that name.
    [junit] TransformationEditor: Ignoring clone of .MoreLibraries beause we don't known how to import it. Exception was: ptolemy.kernel.util.NameDuplicationException: Attempt to insert object named "MoreLibraries" into container named ".library", which already contains an object with that name.
    [junit] TransformationEditor: Ignoring clone of .Utilities beause we don't known how to import it. Exception was: ptolemy.kernel.util.NameDuplicationException: Attempt to insert object named "Utilities" into container named ".library", which already contains an object with that name.
    [junit] TransformationEditor: Ignoring clone of .Directors beause we don't known how to import it. Exception was: ptolemy.kernel.util.NameDuplicationException: Attempt to insert object named "Directors" into container named ".library", which already contains an object with that name.
    [junit] TransformationEditor: Ignoring clone of .Actors beause we don't known how to import it. Exception was: ptolemy.kernel.util.NameDuplicationException: Attempt to insert object named "Actors" into container named ".library", which already contains an object with that name.
    [junit] TransformationEditor: Ignoring clone of .MoreLibraries beause we don't known how to import it. Exception was: ptolemy.kernel.util.NameDuplicationException: Attempt to insert object named "MoreLibraries" into container named ".library", which already contains an object with that name.
    [junit] TransformationEditor: Ignoring clone of .Utilities beause we don't known how to import it. Exception was: ptolemy.kernel.util.NameDuplicationException: Attempt to insert object named "Utilities" into container named ".library", which already contains an object with that name.
    [junit] TransformationEditor: Ignoring clone of .Directors beause we don't known how to import it. Exception was: ptolemy.kernel.util.NameDuplicationException: Attempt to insert object named "Directors" into container named ".library", which already contains an object with that name.
    [junit] TransformationEditor: Ignoring clone of .Actors beause we don't known how to import it. Exception was: ptolemy.kernel.util.NameDuplicationException: Attempt to insert object named "Actors" into container named ".library", which already contains an object with that name.
    [junit] TransformationEditor: Ignoring clone of .MoreLibraries beause we don't known how to import it. Exception was: ptolemy.kernel.util.NameDuplicationException: Attempt to insert object named "MoreLibraries" into container named ".library", which already contains an object with that name.
    [junit] TransformationEditor: Ignoring clone of .Utilities beause we don't known how to import it. Exception was: ptolemy.kernel.util.NameDuplicationException: Attempt to insert object named "Utilities" into container named ".library", which already contains an object with that name.
    [junit] TransformationEditor: Ignoring clone of .Directors beause we don't known how to import it. Exception was: ptolemy.kernel.util.NameDuplicationException: Attempt to insert object named "Directors" into container named ".library", which already contains an object with that name.
    [junit] TransformationEditor: Ignoring clone of .Actors beause we don't known how to import it. Exception was: ptolemy.kernel.util.NameDuplicationException: Attempt to insert object named "Actors" into container named ".library", which already contains an object with that name.
    [junit] TransformationEditor: Ignoring clone of .MoreLibraries beause we don't known how to import it. Exception was: ptolemy.kernel.util.NameDuplicationException: Attempt to insert object named "MoreLibraries" into container named ".library", which already contains an object with that name.
    [junit] Warning: '.PrintingPress.reserveFeedMonitor.NonStrictTest' The test produced only 1377 tokens, yet the correctValues parameter was expecting 1876 tokens.
    [junit] Warning: '.PrintingPress.reserveFeedMonitor.NonStrictTest2' The test produced only 1101 tokens, yet the correctValues parameter was expecting 1501 tokens.
    [junit] Warning: '.PrintingPress.reserveFeedMonitor.NonStrictTest3' The test produced only 1101 tokens, yet the correctValues parameter was expecting 1501 tokens.
    [junit] ptolemy.kernel.util.IllegalActionException: Failed to open connection to the database.
    [junit]   in .DOPCenter.DatabaseManager
    [junit] Because:
    [junit] Communications link failure
    [junit] 
    [junit] Last packet sent to the server was 0 ms ago.
    [junit] 	at ptolemy.actor.lib.database.DatabaseManager.getConnection(DatabaseManager.java:566)
    [junit] 	at ptolemy.actor.lib.database.DatabaseManager.preinitialize(DatabaseManager.java:583)
    [junit] 	at ptolemy.actor.Director.preinitialize(Director.java:1302)
    [junit] 	at ptolemy.actor.Director.preinitialize(Director.java:1257)
    [junit] 	at ptolemy.domains.sdf.kernel.SDFDirector.preinitialize(SDFDirector.java:763)
    [junit] 	at ptolemy.actor.CompositeActor.preinitialize(CompositeActor.java:1828)
    [junit] 	at ptolemy.actor.Manager.preinitializeAndResolveTypes(Manager.java:1040)
    [junit] 	at ptolemy.actor.Manager.initialize(Manager.java:710)
    [junit] 	at ptolemy.actor.Manager.execute(Manager.java:356)
    [junit] 	at ptolemy.vergil.basic.export.ExportModel$2.run(ExportModel.java:390)
    [junit] 	at java.desktop/java.awt.event.InvocationEvent.dispatch(InvocationEvent.java:303)
    [junit] 	at java.desktop/java.awt.EventQueue.dispatchEventImpl(EventQueue.java:770)
    [junit] 	at java.desktop/java.awt.EventQueue$4.run(EventQueue.java:721)
    [junit] 	at java.desktop/java.awt.EventQueue$4.run(EventQueue.java:715)
    [junit] 	at java.base/java.security.AccessController.doPrivileged(Native Method)
    [junit] 	at java.base/java.security.ProtectionDomain$JavaSecurityAccessImpl.doIntersectionPrivilege(ProtectionDomain.java:85)
    [junit] 	at java.desktop/java.awt.EventQueue.dispatchEvent(EventQueue.java:740)
    [junit] 	at java.desktop/java.awt.EventDispatchThread.pumpOneEventForFilters(EventDispatchThread.java:203)
    [junit] 	at java.desktop/java.awt.EventDispatchThread.pumpEventsForFilter(EventDispatchThread.java:124)
    [junit] 	at java.desktop/java.awt.EventDispatchThread.pumpEventsForHierarchy(EventDispatchThread.java:113)
    [junit] 	at java.desktop/java.awt.EventDispatchThread.pumpEvents(EventDispatchThread.java:109)
    [junit] 	at java.desktop/java.awt.EventDispatchThread.pumpEvents(EventDispatchThread.java:101)
    [junit] 	at java.desktop/java.awt.EventDispatchThread.run(EventDispatchThread.java:90)
    [junit] Caused by: com.mysql.jdbc.exceptions.jdbc4.CommunicationsException: Communications link failure
    [junit] 
    [junit] Last packet sent to the server was 0 ms ago.
    [junit] 	at java.base/jdk.internal.reflect.NativeConstructorAccessorImpl.newInstance0(Native Method)
    [junit] 	at java.base/jdk.internal.reflect.NativeConstructorAccessorImpl.newInstance(NativeConstructorAccessorImpl.java:62)
    [junit] 	at java.base/jdk.internal.reflect.DelegatingConstructorAccessorImpl.newInstance(DelegatingConstructorAccessorImpl.java:45)
    [junit] 	at java.base/java.lang.reflect.Constructor.newInstance(Constructor.java:490)
    [junit] 	at com.mysql.jdbc.Util.handleNewInstance(Util.java:406)
    [junit] 	at com.mysql.jdbc.SQLError.createCommunicationsException(SQLError.java:1074)
    [junit] 	at com.mysql.jdbc.ConnectionImpl.createNewIO(ConnectionImpl.java:2103)
    [junit] 	at com.mysql.jdbc.ConnectionImpl.<init>(ConnectionImpl.java:718)
    [junit] 	at com.mysql.jdbc.JDBC4Connection.<init>(JDBC4Connection.java:46)
    [junit] 	at java.base/jdk.internal.reflect.NativeConstructorAccessorImpl.newInstance0(Native Method)
    [junit] 	at java.base/jdk.internal.reflect.NativeConstructorAccessorImpl.newInstance(NativeConstructorAccessorImpl.java:62)
    [junit] 	at java.base/jdk.internal.reflect.DelegatingConstructorAccessorImpl.newInstance(DelegatingConstructorAccessorImpl.java:45)
    [junit] 	at java.base/java.lang.reflect.Constructor.newInstance(Constructor.java:490)
    [junit] 	at com.mysql.jdbc.Util.handleNewInstance(Util.java:406)
    [junit] 	at com.mysql.jdbc.ConnectionImpl.getInstance(ConnectionImpl.java:302)
    [junit] 	at com.mysql.jdbc.NonRegisteringDriver.connect(NonRegisteringDriver.java:282)
    [junit] 	at java.sql/java.sql.DriverManager.getConnection(DriverManager.java:677)
    [junit] 	at java.sql/java.sql.DriverManager.getConnection(DriverManager.java:228)
    [junit] 	at ptolemy.actor.lib.database.DatabaseManager$MakeConnection.run(DatabaseManager.java:633)
    [junit] Caused by: java.net.ConnectException: Connection refused (Connection refused)
    [junit] 	at java.base/java.net.PlainSocketImpl.socketConnect(Native Method)
    [junit] 	at java.base/java.net.AbstractPlainSocketImpl.doConnect(AbstractPlainSocketImpl.java:399)
    [junit] 	at java.base/java.net.AbstractPlainSocketImpl.connectToAddress(AbstractPlainSocketImpl.java:242)
    [junit] 	at java.base/java.net.AbstractPlainSocketImpl.connect(AbstractPlainSocketImpl.java:224)
    [junit] 	at java.base/java.net.SocksSocketImpl.connect(SocksSocketImpl.java:403)
    [junit] 	at java.base/java.net.Socket.connect(Socket.java:591)
    [junit] 	at java.base/java.net.Socket.connect(Socket.java:540)
    [junit] 	at java.base/java.net.Socket.<init>(Socket.java:436)
    [junit] 	at java.base/java.net.Socket.<init>(Socket.java:246)
    [junit] 	at com.mysql.jdbc.StandardSocketFactory.connect(StandardSocketFactory.java:253)
    [junit] 	at com.mysql.jdbc.MysqlIO.<init>(MysqlIO.java:280)
    [junit] 	at com.mysql.jdbc.ConnectionImpl.createNewIO(ConnectionImpl.java:2026)
    [junit] 	... 12 more
    [junit] Caused by: com.mysql.jdbc.exceptions.jdbc4.CommunicationsException: Communications link failure
    [junit] 
    [junit] Last packet sent to the server was 0 ms ago.
    [junit] 	at java.base/jdk.internal.reflect.NativeConstructorAccessorImpl.newInstance0(Native Method)
    [junit] 	at java.base/jdk.internal.reflect.NativeConstructorAccessorImpl.newInstance(NativeConstructorAccessorImpl.java:62)
    [junit] 	at java.base/jdk.internal.reflect.DelegatingConstructorAccessorImpl.newInstance(DelegatingConstructorAccessorImpl.java:45)
    [junit] 	at java.base/java.lang.reflect.Constructor.newInstance(Constructor.java:490)
    [junit] 	at com.mysql.jdbc.Util.handleNewInstance(Util.java:406)
    [junit] 	at com.mysql.jdbc.SQLError.createCommunicationsException(SQLError.java:1074)
    [junit] 	at com.mysql.jdbc.ConnectionImpl.createNewIO(ConnectionImpl.java:2103)
    [junit] 	at com.mysql.jdbc.ConnectionImpl.<init>(ConnectionImpl.java:718)
    [junit] 	at com.mysql.jdbc.JDBC4Connection.<init>(JDBC4Connection.java:46)
    [junit] 	at java.base/jdk.internal.reflect.NativeConstructorAccessorImpl.newInstance0(Native Method)
    [junit] 	at java.base/jdk.internal.reflect.NativeConstructorAccessorImpl.newInstance(NativeConstructorAccessorImpl.java:62)
    [junit] 	at java.base/jdk.internal.reflect.DelegatingConstructorAccessorImpl.newInstance(DelegatingConstructorAccessorImpl.java:45)
    [junit] 	at java.base/java.lang.reflect.Constructor.newInstance(Constructor.java:490)
    [junit] 	at com.mysql.jdbc.Util.handleNewInstance(Util.java:406)
    [junit] 	at com.mysql.jdbc.ConnectionImpl.getInstance(ConnectionImpl.java:302)
    [junit] 	at com.mysql.jdbc.NonRegisteringDriver.connect(NonRegisteringDriver.java:282)
    [junit] 	at java.sql/java.sql.DriverManager.getConnection(DriverManager.java:677)
    [junit] 	at java.sql/java.sql.DriverManager.getConnection(DriverManager.java:228)
    [junit] 	at ptolemy.actor.lib.database.DatabaseManager$MakeConnection.run(DatabaseManager.java:633)
    [junit] Caused by: java.net.ConnectException: Connection refused (Connection refused)
    [junit] 	at java.base/java.net.PlainSocketImpl.socketConnect(Native Method)
    [junit] 	at java.base/java.net.AbstractPlainSocketImpl.doConnect(AbstractPlainSocketImpl.java:399)
    [junit] 	at java.base/java.net.AbstractPlainSocketImpl.connectToAddress(AbstractPlainSocketImpl.java:242)
    [junit] 	at java.base/java.net.AbstractPlainSocketImpl.connect(AbstractPlainSocketImpl.java:224)
    [junit] 	at java.base/java.net.SocksSocketImpl.connect(SocksSocketImpl.java:403)
    [junit] 	at java.base/java.net.Socket.connect(Socket.java:591)
    [junit] 	at java.base/java.net.Socket.connect(Socket.java:540)
    [junit] 	at java.base/java.net.Socket.<init>(Socket.java:436)
    [junit] 	at java.base/java.net.Socket.<init>(Socket.java:246)
    [junit] 	at com.mysql.jdbc.StandardSocketFactory.connect(StandardSocketFactory.java:253)
    [junit] 	at com.mysql.jdbc.MysqlIO.<init>(MysqlIO.java:280)
    [junit] 	at com.mysql.jdbc.ConnectionImpl.createNewIO(ConnectionImpl.java:2026)
    [junit] 	... 12 more
    [junit] java.lang.reflect.InvocationTargetException
    [junit] 	at java.desktop/java.awt.EventQueue.invokeAndWait(EventQueue.java:1367)
    [junit] 	at java.desktop/java.awt.EventQueue.invokeAndWait(EventQueue.java:1342)
    [junit] 	at java.desktop/javax.swing.SwingUtilities.invokeAndWait(SwingUtilities.java:1480)
    [junit] 	at ptolemy.vergil.basic.export.ExportModel.exportModel(ExportModel.java:401)
    [junit] 	at ptolemy.vergil.basic.export.test.junit.ExportModelJUnitTest.RunExportModel(ExportModelJUnitTest.java:153)
    [junit] 	at ptolemy.vergil.basic.export.test.junit.ExportModelJUnitTestBatch.RunExportModel(ExportModelJUnitTestBatch.java:84)
    [junit] 	at jdk.internal.reflect.GeneratedMethodAccessor21.invoke(Unknown Source)
    [junit] 	at java.base/jdk.internal.reflect.DelegatingMethodAccessorImpl.invoke(DelegatingMethodAccessorImpl.java:43)
    [junit] 	at java.base/java.lang.reflect.Method.invoke(Method.java:566)
    [junit] 	at org.junit.runners.model.FrameworkMethod$1.runReflectiveCall(FrameworkMethod.java:44)
    [junit] 	at org.junit.internal.runners.model.ReflectiveCallable.run(ReflectiveCallable.java:15)
    [junit] 	at org.junit.runners.model.FrameworkMethod.invokeExplosively(FrameworkMethod.java:41)
    [junit] 	at junitparams.internal.InvokeParameterisedMethod.evaluate(InvokeParameterisedMethod.java:102)
    [junit] 	at junitparams.internal.ParameterisedTestMethodRunner.runMethodInvoker(ParameterisedTestMethodRunner.java:47)
    [junit] 	at junitparams.internal.ParameterisedTestMethodRunner.runTestMethod(ParameterisedTestMethodRunner.java:41)
    [junit] 	at junitparams.internal.ParameterisedTestClassRunner.runParameterisedTest(ParameterisedTestClassRunner.java:143)
    [junit] 	at junitparams.JUnitParamsRunner.runChild(JUnitParamsRunner.java:237)
    [junit] 	at junitparams.JUnitParamsRunner.runChild(JUnitParamsRunner.java:215)
    [junit] 	at org.junit.runners.ParentRunner$3.run(ParentRunner.java:193)
    [junit] 	at org.junit.runners.ParentRunner$1.schedule(ParentRunner.java:52)
    [junit] 	at org.junit.runners.ParentRunner.runChildren(ParentRunner.java:191)
    [junit] 	at org.junit.runners.ParentRunner.access$000(ParentRunner.java:42)
    [junit] 	at org.junit.runners.ParentRunner$2.evaluate(ParentRunner.java:184)
    [junit] 	at org.junit.runners.ParentRunner.run(ParentRunner.java:236)
    [junit] 	at junit.framework.JUnit4TestAdapter.run(JUnit4TestAdapter.java:39)
    [junit] 	at org.apache.tools.ant.taskdefs.optional.junit.JUnitTestRunner.run(JUnitTestRunner.java:535)
    [junit] 	at org.apache.tools.ant.taskdefs.optional.junit.JUnitTestRunner.launch(JUnitTestRunner.java:1182)
    [junit] 	at org.apache.tools.ant.taskdefs.optional.junit.JUnitTestRunner.main(JUnitTestRunner.java:1033)
    [junit] Caused by: java.lang.RuntimeException: ptolemy.kernel.util.IllegalActionException: Failed to open connection to the database.
    [junit]   in .DOPCenter.DatabaseManager
    [junit] Because:
    [junit] Communications link failure
    [junit] 
    [junit] Last packet sent to the server was 0 ms ago.
    [junit] 	at ptolemy.vergil.basic.export.ExportModel$2.run(ExportModel.java:397)
    [junit] 	at java.desktop/java.awt.event.InvocationEvent.dispatch(InvocationEvent.java:303)
    [junit] 	at java.desktop/java.awt.EventQueue.dispatchEventImpl(EventQueue.java:770)
    [junit] 	at java.desktop/java.awt.EventQueue$4.run(EventQueue.java:721)
    [junit] 	at java.desktop/java.awt.EventQueue$4.run(EventQueue.java:715)
    [junit] 	at java.base/java.security.AccessController.doPrivileged(Native Method)
    [junit] 	at java.base/java.security.ProtectionDomain$JavaSecurityAccessImpl.doIntersectionPrivilege(ProtectionDomain.java:85)
    [junit] 	at java.desktop/java.awt.EventQueue.dispatchEvent(EventQueue.java:740)
    [junit] 	at java.desktop/java.awt.EventDispatchThread.pumpOneEventForFilters(EventDispatchThread.java:203)
    [junit] 	at java.desktop/java.awt.EventDispatchThread.pumpEventsForFilter(EventDispatchThread.java:124)
    [junit] 	at java.desktop/java.awt.EventDispatchThread.pumpEventsForHierarchy(EventDispatchThread.java:113)
    [junit] 	at java.desktop/java.awt.EventDispatchThread.pumpEvents(EventDispatchThread.java:109)
    [junit] 	at java.desktop/java.awt.EventDispatchThread.pumpEvents(EventDispatchThread.java:101)
    [junit] 	at java.desktop/java.awt.EventDispatchThread.run(EventDispatchThread.java:90)
    [junit] Caused by: ptolemy.kernel.util.IllegalActionException: Failed to open connection to the database.
    [junit]   in .DOPCenter.DatabaseManager
    [junit] Because:
    [junit] Communications link failure
    [junit] 
    [junit] Last packet sent to the server was 0 ms ago.
    [junit] 	at ptolemy.actor.lib.database.DatabaseManager.getConnection(DatabaseManager.java:566)
    [junit] 	at ptolemy.actor.lib.database.DatabaseManager.preinitialize(DatabaseManager.java:583)
    [junit] 	at ptolemy.actor.Director.preinitialize(Director.java:1302)
    [junit] 	at ptolemy.actor.Director.preinitialize(Director.java:1257)
    [junit] 	at ptolemy.domains.sdf.kernel.SDFDirector.preinitialize(SDFDirector.java:763)
    [junit] 	at ptolemy.actor.CompositeActor.preinitialize(CompositeActor.java:1828)
    [junit] 	at ptolemy.actor.Manager.preinitializeAndResolveTypes(Manager.java:1040)
    [junit] 	at ptolemy.actor.Manager.initialize(Manager.java:710)
    [junit] 	at ptolemy.actor.Manager.execute(Manager.java:356)
    [junit] 	at ptolemy.vergil.basic.export.ExportModel$2.run(ExportModel.java:390)
    [junit] 	... 13 more
    [junit] Caused by: com.mysql.jdbc.exceptions.jdbc4.CommunicationsException: Communications link failure
    [junit] 
    [junit] Last packet sent to the server was 0 ms ago.
    [junit] 	at java.base/jdk.internal.reflect.NativeConstructorAccessorImpl.newInstance0(Native Method)
    [junit] 	at java.base/jdk.internal.reflect.NativeConstructorAccessorImpl.newInstance(NativeConstructorAccessorImpl.java:62)
    [junit] 	at java.base/jdk.internal.reflect.DelegatingConstructorAccessorImpl.newInstance(DelegatingConstructorAccessorImpl.java:45)
    [junit] 	at java.base/java.lang.reflect.Constructor.newInstance(Constructor.java:490)
    [junit] 	at com.mysql.jdbc.Util.handleNewInstance(Util.java:406)
    [junit] 	at com.mysql.jdbc.SQLError.createCommunicationsException(SQLError.java:1074)
    [junit] 	at com.mysql.jdbc.ConnectionImpl.createNewIO(ConnectionImpl.java:2103)
    [junit] 	at com.mysql.jdbc.ConnectionImpl.<init>(ConnectionImpl.java:718)
    [junit] 	at com.mysql.jdbc.JDBC4Connection.<init>(JDBC4Connection.java:46)
    [junit] 	at java.base/jdk.internal.reflect.NativeConstructorAccessorImpl.newInstance0(Native Method)
    [junit] 	at java.base/jdk.internal.reflect.NativeConstructorAccessorImpl.newInstance(NativeConstructorAccessorImpl.java:62)
    [junit] 	at java.base/jdk.internal.reflect.DelegatingConstructorAccessorImpl.newInstance(DelegatingConstructorAccessorImpl.java:45)
    [junit] 	at java.base/java.lang.reflect.Constructor.newInstance(Constructor.java:490)
    [junit] 	at com.mysql.jdbc.Util.handleNewInstance(Util.java:406)
    [junit] 	at com.mysql.jdbc.ConnectionImpl.getInstance(ConnectionImpl.java:302)
    [junit] 	at com.mysql.jdbc.NonRegisteringDriver.connect(NonRegisteringDriver.java:282)
    [junit] 	at java.sql/java.sql.DriverManager.getConnection(DriverManager.java:677)
    [junit] 	at java.sql/java.sql.DriverManager.getConnection(DriverManager.java:228)
    [junit] 	at ptolemy.actor.lib.database.DatabaseManager$MakeConnection.run(DatabaseManager.java:633)
    [junit] Caused by: java.net.ConnectException: Connection refused (Connection refused)
    [junit] 	at java.base/java.net.PlainSocketImpl.socketConnect(Native Method)
    [junit] 	at java.base/java.net.AbstractPlainSocketImpl.doConnect(AbstractPlainSocketImpl.java:399)
    [junit] 	at java.base/java.net.AbstractPlainSocketImpl.connectToAddress(AbstractPlainSocketImpl.java:242)
    [junit] 	at java.base/java.net.AbstractPlainSocketImpl.connect(AbstractPlainSocketImpl.java:224)
    [junit] 	at java.base/java.net.SocksSocketImpl.connect(SocksSocketImpl.java:403)
    [junit] 	at java.base/java.net.Socket.connect(Socket.java:591)
    [junit] 	at java.base/java.net.Socket.connect(Socket.java:540)
    [junit] 	at java.base/java.net.Socket.<init>(Socket.java:436)
    [junit] 	at java.base/java.net.Socket.<init>(Socket.java:246)
    [junit] 	at com.mysql.jdbc.StandardSocketFactory.connect(StandardSocketFactory.java:253)
    [junit] 	at com.mysql.jdbc.MysqlIO.<init>(MysqlIO.java:280)
    [junit] 	at com.mysql.jdbc.ConnectionImpl.createNewIO(ConnectionImpl.java:2026)
    [junit] 	... 12 more
    [junit] ptolemy.kernel.util.IllegalActionException: Failed to open connection to the database.
    [junit]   in .Placard.DatabaseManager
    [junit] Because:
    [junit] Communications link failure
    [junit] 
    [junit] Last packet sent to the server was 0 ms ago.
    [junit] 	at ptolemy.actor.lib.database.DatabaseManager.getConnection(DatabaseManager.java:566)
    [junit] 	at ptolemy.actor.lib.database.DatabaseManager.preinitialize(DatabaseManager.java:583)
    [junit] 	at ptolemy.actor.Director.preinitialize(Director.java:1302)
    [junit] 	at ptolemy.actor.Director.preinitialize(Director.java:1257)
    [junit] 	at ptolemy.domains.sdf.kernel.SDFDirector.preinitialize(SDFDirector.java:763)
    [junit] 	at ptolemy.actor.CompositeActor.preinitialize(CompositeActor.java:1828)
    [junit] 	at ptolemy.actor.Manager.preinitializeAndResolveTypes(Manager.java:1040)
    [junit] 	at ptolemy.actor.Manager.initialize(Manager.java:710)
    [junit] 	at ptolemy.actor.Manager.execute(Manager.java:356)
    [junit] 	at ptolemy.vergil.basic.export.ExportModel$2.run(ExportModel.java:390)
    [junit] 	at java.desktop/java.awt.event.InvocationEvent.dispatch(InvocationEvent.java:303)
    [junit] 	at java.desktop/java.awt.EventQueue.dispatchEventImpl(EventQueue.java:770)
    [junit] 	at java.desktop/java.awt.EventQueue$4.run(EventQueue.java:721)
    [junit] 	at java.desktop/java.awt.EventQueue$4.run(EventQueue.java:715)
    [junit] 	at java.base/java.security.AccessController.doPrivileged(Native Method)
    [junit] 	at java.base/java.security.ProtectionDomain$JavaSecurityAccessImpl.doIntersectionPrivilege(ProtectionDomain.java:85)
    [junit] 	at java.desktop/java.awt.EventQueue.dispatchEvent(EventQueue.java:740)
    [junit] 	at java.desktop/java.awt.EventDispatchThread.pumpOneEventForFilters(EventDispatchThread.java:203)
    [junit] 	at java.desktop/java.awt.EventDispatchThread.pumpEventsForFilter(EventDispatchThread.java:124)
    [junit] 	at java.desktop/java.awt.EventDispatchThread.pumpEventsForHierarchy(EventDispatchThread.java:113)
    [junit] 	at java.desktop/java.awt.EventDispatchThread.pumpEvents(EventDispatchThread.java:109)
    [junit] 	at java.desktop/java.awt.EventDispatchThread.pumpEvents(EventDispatchThread.java:101)
    [junit] 	at java.desktop/java.awt.EventDispatchThread.run(EventDispatchThread.java:90)
    [junit] Caused by: com.mysql.jdbc.exceptions.jdbc4.CommunicationsException: Communications link failure
    [junit] 
    [junit] Last packet sent to the server was 0 ms ago.
    [junit] 	at java.base/jdk.internal.reflect.NativeConstructorAccessorImpl.newInstance0(Native Method)
    [junit] 	at java.base/jdk.internal.reflect.NativeConstructorAccessorImpl.newInstance(NativeConstructorAccessorImpl.java:62)
    [junit] 	at java.base/jdk.internal.reflect.DelegatingConstructorAccessorImpl.newInstance(DelegatingConstructorAccessorImpl.java:45)
    [junit] 	at java.base/java.lang.reflect.Constructor.newInstance(Constructor.java:490)
    [junit] 	at com.mysql.jdbc.Util.handleNewInstance(Util.java:406)
    [junit] 	at com.mysql.jdbc.SQLError.createCommunicationsException(SQLError.java:1074)
    [junit] 	at com.mysql.jdbc.ConnectionImpl.createNewIO(ConnectionImpl.java:2103)
    [junit] 	at com.mysql.jdbc.ConnectionImpl.<init>(ConnectionImpl.java:718)
    [junit] 	at com.mysql.jdbc.JDBC4Connection.<init>(JDBC4Connection.java:46)
    [junit] 	at java.base/jdk.internal.reflect.NativeConstructorAccessorImpl.newInstance0(Native Method)
    [junit] 	at java.base/jdk.internal.reflect.NativeConstructorAccessorImpl.newInstance(NativeConstructorAccessorImpl.java:62)
    [junit] 	at java.base/jdk.internal.reflect.DelegatingConstructorAccessorImpl.newInstance(DelegatingConstructorAccessorImpl.java:45)
    [junit] 	at java.base/java.lang.reflect.Constructor.newInstance(Constructor.java:490)
    [junit] 	at com.mysql.jdbc.Util.handleNewInstance(Util.java:406)
    [junit] 	at com.mysql.jdbc.ConnectionImpl.getInstance(ConnectionImpl.java:302)
    [junit] 	at com.mysql.jdbc.NonRegisteringDriver.connect(NonRegisteringDriver.java:282)
    [junit] 	at java.sql/java.sql.DriverManager.getConnection(DriverManager.java:677)
    [junit] 	at java.sql/java.sql.DriverManager.getConnection(DriverManager.java:228)
    [junit] 	at ptolemy.actor.lib.database.DatabaseManager$MakeConnection.run(DatabaseManager.java:633)
    [junit] Caused by: java.net.ConnectException: Connection refused (Connection refused)
    [junit] 	at java.base/java.net.PlainSocketImpl.socketConnect(Native Method)
    [junit] 	at java.base/java.net.AbstractPlainSocketImpl.doConnect(AbstractPlainSocketImpl.java:399)
    [junit] 	at java.base/java.net.AbstractPlainSocketImpl.connectToAddress(AbstractPlainSocketImpl.java:242)
    [junit] 	at java.base/java.net.AbstractPlainSocketImpl.connect(AbstractPlainSocketImpl.java:224)
    [junit] 	at java.base/java.net.SocksSocketImpl.connect(SocksSocketImpl.java:403)
    [junit] 	at java.base/java.net.Socket.connect(Socket.java:591)
    [junit] 	at java.base/java.net.Socket.connect(Socket.java:540)
    [junit] 	at java.base/java.net.Socket.<init>(Socket.java:436)
    [junit] 	at java.base/java.net.Socket.<init>(Socket.java:246)
    [junit] 	at com.mysql.jdbc.StandardSocketFactory.connect(StandardSocketFactory.java:253)
    [junit] 	at com.mysql.jdbc.MysqlIO.<init>(MysqlIO.java:280)
    [junit] 	at com.mysql.jdbc.ConnectionImpl.createNewIO(ConnectionImpl.java:2026)
    [junit] 	... 12 more
    [junit] Caused by: com.mysql.jdbc.exceptions.jdbc4.CommunicationsException: Communications link failure
    [junit] 
    [junit] Last packet sent to the server was 0 ms ago.
    [junit] 	at java.base/jdk.internal.reflect.NativeConstructorAccessorImpl.newInstance0(Native Method)
    [junit] 	at java.base/jdk.internal.reflect.NativeConstructorAccessorImpl.newInstance(NativeConstructorAccessorImpl.java:62)
    [junit] 	at java.base/jdk.internal.reflect.DelegatingConstructorAccessorImpl.newInstance(DelegatingConstructorAccessorImpl.java:45)
    [junit] 	at java.base/java.lang.reflect.Constructor.newInstance(Constructor.java:490)
    [junit] 	at com.mysql.jdbc.Util.handleNewInstance(Util.java:406)
    [junit] 	at com.mysql.jdbc.SQLError.createCommunicationsException(SQLError.java:1074)
    [junit] 	at com.mysql.jdbc.ConnectionImpl.createNewIO(ConnectionImpl.java:2103)
    [junit] 	at com.mysql.jdbc.ConnectionImpl.<init>(ConnectionImpl.java:718)
    [junit] 	at com.mysql.jdbc.JDBC4Connection.<init>(JDBC4Connection.java:46)
    [junit] 	at java.base/jdk.internal.reflect.NativeConstructorAccessorImpl.newInstance0(Native Method)
    [junit] 	at java.base/jdk.internal.reflect.NativeConstructorAccessorImpl.newInstance(NativeConstructorAccessorImpl.java:62)
    [junit] 	at java.base/jdk.internal.reflect.DelegatingConstructorAccessorImpl.newInstance(DelegatingConstructorAccessorImpl.java:45)
    [junit] 	at java.base/java.lang.reflect.Constructor.newInstance(Constructor.java:490)
    [junit] 	at com.mysql.jdbc.Util.handleNewInstance(Util.java:406)
    [junit] 	at com.mysql.jdbc.ConnectionImpl.getInstance(ConnectionImpl.java:302)
    [junit] 	at com.mysql.jdbc.NonRegisteringDriver.connect(NonRegisteringDriver.java:282)
    [junit] 	at java.sql/java.sql.DriverManager.getConnection(DriverManager.java:677)
    [junit] 	at java.sql/java.sql.DriverManager.getConnection(DriverManager.java:228)
    [junit] 	at ptolemy.actor.lib.database.DatabaseManager$MakeConnection.run(DatabaseManager.java:633)
    [junit] Caused by: java.net.ConnectException: Connection refused (Connection refused)
    [junit] 	at java.base/java.net.PlainSocketImpl.socketConnect(Native Method)
    [junit] 	at java.base/java.net.AbstractPlainSocketImpl.doConnect(AbstractPlainSocketImpl.java:399)
    [junit] 	at java.base/java.net.AbstractPlainSocketImpl.connectToAddress(AbstractPlainSocketImpl.java:242)
    [junit] 	at java.base/java.net.AbstractPlainSocketImpl.connect(AbstractPlainSocketImpl.java:224)
    [junit] 	at java.base/java.net.SocksSocketImpl.connect(SocksSocketImpl.java:403)
    [junit] 	at java.base/java.net.Socket.connect(Socket.java:591)
    [junit] 	at java.base/java.net.Socket.connect(Socket.java:540)
    [junit] 	at java.base/java.net.Socket.<init>(Socket.java:436)
    [junit] 	at java.base/java.net.Socket.<init>(Socket.java:246)
    [junit] 	at com.mysql.jdbc.StandardSocketFactory.connect(StandardSocketFactory.java:253)
    [junit] 	at com.mysql.jdbc.MysqlIO.<init>(MysqlIO.java:280)
    [junit] 	at com.mysql.jdbc.ConnectionImpl.createNewIO(ConnectionImpl.java:2026)
    [junit] 	... 12 more
    [junit] java.lang.reflect.InvocationTargetException
    [junit] 	at java.desktop/java.awt.EventQueue.invokeAndWait(EventQueue.java:1367)
    [junit] 	at java.desktop/java.awt.EventQueue.invokeAndWait(EventQueue.java:1342)
    [junit] 	at java.desktop/javax.swing.SwingUtilities.invokeAndWait(SwingUtilities.java:1480)
    [junit] 	at ptolemy.vergil.basic.export.ExportModel.exportModel(ExportModel.java:401)
    [junit] 	at ptolemy.vergil.basic.export.test.junit.ExportModelJUnitTest.RunExportModel(ExportModelJUnitTest.java:153)
    [junit] 	at ptolemy.vergil.basic.export.test.junit.ExportModelJUnitTestBatch.RunExportModel(ExportModelJUnitTestBatch.java:84)
    [junit] 	at jdk.internal.reflect.GeneratedMethodAccessor21.invoke(Unknown Source)
    [junit] 	at java.base/jdk.internal.reflect.DelegatingMethodAccessorImpl.invoke(DelegatingMethodAccessorImpl.java:43)
    [junit] 	at java.base/java.lang.reflect.Method.invoke(Method.java:566)
    [junit] 	at org.junit.runners.model.FrameworkMethod$1.runReflectiveCall(FrameworkMethod.java:44)
    [junit] 	at org.junit.internal.runners.model.ReflectiveCallable.run(ReflectiveCallable.java:15)
    [junit] 	at org.junit.runners.model.FrameworkMethod.invokeExplosively(FrameworkMethod.java:41)
    [junit] 	at junitparams.internal.InvokeParameterisedMethod.evaluate(InvokeParameterisedMethod.java:102)
    [junit] 	at junitparams.internal.ParameterisedTestMethodRunner.runMethodInvoker(ParameterisedTestMethodRunner.java:47)
    [junit] 	at junitparams.internal.ParameterisedTestMethodRunner.runTestMethod(ParameterisedTestMethodRunner.java:41)
    [junit] 	at junitparams.internal.ParameterisedTestClassRunner.runParameterisedTest(ParameterisedTestClassRunner.java:143)
    [junit] 	at junitparams.JUnitParamsRunner.runChild(JUnitParamsRunner.java:237)
    [junit] 	at junitparams.JUnitParamsRunner.runChild(JUnitParamsRunner.java:215)
    [junit] 	at org.junit.runners.ParentRunner$3.run(ParentRunner.java:193)
    [junit] 	at org.junit.runners.ParentRunner$1.schedule(ParentRunner.java:52)
    [junit] 	at org.junit.runners.ParentRunner.runChildren(ParentRunner.java:191)
    [junit] 	at org.junit.runners.ParentRunner.access$000(ParentRunner.java:42)
    [junit] 	at org.junit.runners.ParentRunner$2.evaluate(ParentRunner.java:184)
    [junit] 	at org.junit.runners.ParentRunner.run(ParentRunner.java:236)
    [junit] 	at junit.framework.JUnit4TestAdapter.run(JUnit4TestAdapter.java:39)
    [junit] 	at org.apache.tools.ant.taskdefs.optional.junit.JUnitTestRunner.run(JUnitTestRunner.java:535)
    [junit] 	at org.apache.tools.ant.taskdefs.optional.junit.JUnitTestRunner.launch(JUnitTestRunner.java:1182)
    [junit] 	at org.apache.tools.ant.taskdefs.optional.junit.JUnitTestRunner.main(JUnitTestRunner.java:1033)
    [junit] Caused by: java.lang.RuntimeException: ptolemy.kernel.util.IllegalActionException: Failed to open connection to the database.
    [junit]   in .Placard.DatabaseManager
    [junit] Because:
    [junit] Communications link failure
    [junit] 
    [junit] Last packet sent to the server was 0 ms ago.
    [junit] 	at ptolemy.vergil.basic.export.ExportModel$2.run(ExportModel.java:397)
    [junit] 	at java.desktop/java.awt.event.InvocationEvent.dispatch(InvocationEvent.java:303)
    [junit] 	at java.desktop/java.awt.EventQueue.dispatchEventImpl(EventQueue.java:770)
    [junit] 	at java.desktop/java.awt.EventQueue$4.run(EventQueue.java:721)
    [junit] 	at java.desktop/java.awt.EventQueue$4.run(EventQueue.java:715)
    [junit] 	at java.base/java.security.AccessController.doPrivileged(Native Method)
    [junit] 	at java.base/java.security.ProtectionDomain$JavaSecurityAccessImpl.doIntersectionPrivilege(ProtectionDomain.java:85)
    [junit] 	at java.desktop/java.awt.EventQueue.dispatchEvent(EventQueue.java:740)
    [junit] 	at java.desktop/java.awt.EventDispatchThread.pumpOneEventForFilters(EventDispatchThread.java:203)
    [junit] 	at java.desktop/java.awt.EventDispatchThread.pumpEventsForFilter(EventDispatchThread.java:124)
    [junit] 	at java.desktop/java.awt.EventDispatchThread.pumpEventsForHierarchy(EventDispatchThread.java:113)
    [junit] 	at java.desktop/java.awt.EventDispatchThread.pumpEvents(EventDispatchThread.java:109)
    [junit] 	at java.desktop/java.awt.EventDispatchThread.pumpEvents(EventDispatchThread.java:101)
    [junit] 	at java.desktop/java.awt.EventDispatchThread.run(EventDispatchThread.java:90)
    [junit] Caused by: ptolemy.kernel.util.IllegalActionException: Failed to open connection to the database.
    [junit]   in .Placard.DatabaseManager
    [junit] Because:
    [junit] Communications link failure
    [junit] 
    [junit] Last packet sent to the server was 0 ms ago.
    [junit] 	at ptolemy.actor.lib.database.DatabaseManager.getConnection(DatabaseManager.java:566)
    [junit] 	at ptolemy.actor.lib.database.DatabaseManager.preinitialize(DatabaseManager.java:583)
    [junit] 	at ptolemy.actor.Director.preinitialize(Director.java:1302)
    [junit] 	at ptolemy.actor.Director.preinitialize(Director.java:1257)
    [junit] 	at ptolemy.domains.sdf.kernel.SDFDirector.preinitialize(SDFDirector.java:763)
    [junit] 	at ptolemy.actor.CompositeActor.preinitialize(CompositeActor.java:1828)
    [junit] 	at ptolemy.actor.Manager.preinitializeAndResolveTypes(Manager.java:1040)
    [junit] 	at ptolemy.actor.Manager.initialize(Manager.java:710)
    [junit] 	at ptolemy.actor.Manager.execute(Manager.java:356)
    [junit] 	at ptolemy.vergil.basic.export.ExportModel$2.run(ExportModel.java:390)
    [junit] 	... 13 more
    [junit] Caused by: com.mysql.jdbc.exceptions.jdbc4.CommunicationsException: Communications link failure
    [junit] 
    [junit] Last packet sent to the server was 0 ms ago.
    [junit] 	at java.base/jdk.internal.reflect.NativeConstructorAccessorImpl.newInstance0(Native Method)
    [junit] 	at java.base/jdk.internal.reflect.NativeConstructorAccessorImpl.newInstance(NativeConstructorAccessorImpl.java:62)
    [junit] 	at java.base/jdk.internal.reflect.DelegatingConstructorAccessorImpl.newInstance(DelegatingConstructorAccessorImpl.java:45)
    [junit] 	at java.base/java.lang.reflect.Constructor.newInstance(Constructor.java:490)
    [junit] 	at com.mysql.jdbc.Util.handleNewInstance(Util.java:406)
    [junit] 	at com.mysql.jdbc.SQLError.createCommunicationsException(SQLError.java:1074)
    [junit] 	at com.mysql.jdbc.ConnectionImpl.createNewIO(ConnectionImpl.java:2103)
    [junit] 	at com.mysql.jdbc.ConnectionImpl.<init>(ConnectionImpl.java:718)
    [junit] 	at com.mysql.jdbc.JDBC4Connection.<init>(JDBC4Connection.java:46)
    [junit] 	at java.base/jdk.internal.reflect.NativeConstructorAccessorImpl.newInstance0(Native Method)
    [junit] 	at java.base/jdk.internal.reflect.NativeConstructorAccessorImpl.newInstance(NativeConstructorAccessorImpl.java:62)
    [junit] 	at java.base/jdk.internal.reflect.DelegatingConstructorAccessorImpl.newInstance(DelegatingConstructorAccessorImpl.java:45)
    [junit] 	at java.base/java.lang.reflect.Constructor.newInstance(Constructor.java:490)
    [junit] 	at com.mysql.jdbc.Util.handleNewInstance(Util.java:406)
    [junit] 	at com.mysql.jdbc.ConnectionImpl.getInstance(ConnectionImpl.java:302)
    [junit] 	at com.mysql.jdbc.NonRegisteringDriver.connect(NonRegisteringDriver.java:282)
    [junit] 	at java.sql/java.sql.DriverManager.getConnection(DriverManager.java:677)
    [junit] 	at java.sql/java.sql.DriverManager.getConnection(DriverManager.java:228)
    [junit] 	at ptolemy.actor.lib.database.DatabaseManager$MakeConnection.run(DatabaseManager.java:633)
    [junit] Caused by: java.net.ConnectException: Connection refused (Connection refused)
    [junit] 	at java.base/java.net.PlainSocketImpl.socketConnect(Native Method)
    [junit] 	at java.base/java.net.AbstractPlainSocketImpl.doConnect(AbstractPlainSocketImpl.java:399)
    [junit] 	at java.base/java.net.AbstractPlainSocketImpl.connectToAddress(AbstractPlainSocketImpl.java:242)
    [junit] 	at java.base/java.net.AbstractPlainSocketImpl.connect(AbstractPlainSocketImpl.java:224)
    [junit] 	at java.base/java.net.SocksSocketImpl.connect(SocksSocketImpl.java:403)
    [junit] 	at java.base/java.net.Socket.connect(Socket.java:591)
    [junit] 	at java.base/java.net.Socket.connect(Socket.java:540)
    [junit] 	at java.base/java.net.Socket.<init>(Socket.java:436)
    [junit] 	at java.base/java.net.Socket.<init>(Socket.java:246)
    [junit] 	at com.mysql.jdbc.StandardSocketFactory.connect(StandardSocketFactory.java:253)
    [junit] 	at com.mysql.jdbc.MysqlIO.<init>(MysqlIO.java:280)
    [junit] 	at com.mysql.jdbc.ConnectionImpl.createNewIO(ConnectionImpl.java:2026)
    [junit] 	... 12 more
    [junit] 
    [junit] X11Util.Display: Shutdown (JVM shutdown: true, open (no close attempt): 2/2, reusable (open, marked uncloseable): 0, pending (open in creation order): 2)
    [junit] X11Util: Open X11 Display Connections: 2
    [junit] X11Util: Open[0]: NamedX11Display[:99.0, 0x7f4e6009bb10, refCount 1, unCloseable false]
    [junit] X11Util: Open[1]: NamedX11Display[:99.0, 0x7f4e60a4c140, refCount 1, unCloseable false]
    [junit] Test ptolemy.vergil.basic.export.test.junit.ExportModelJUnitTestBatch6 FAILED

BUILD SUCCESSFUL
Total time: 16 minutes 29 seconds
