<?xml version="1.0" encoding="UTF-8" ?>
<testsuite errors="0" failures="0" hostname="travis-job-d2db8219-115b-43a3-9bf1-87295b6f788a" name="ptolemy.domains.sdf.test.junit.JUnitTclTest" skipped="0" tests="66" time="21.995" timestamp="2019-09-05T06:13:14">
  <properties>
[...]
</properties>
  <testcase classname="ptolemy.util.test.junit.TclTests" name="[0] /home/travis/build/icyphy/ptII/ptolemy/domains/sdf/test/SDFSchedulerErrors.tcl (RunTclFile)" time="1.064" />
  <testcase classname="ptolemy.util.test.junit.TclTests" name="[1] /home/travis/build/icyphy/ptII/ptolemy/domains/sdf/test/composition.tcl (RunTclFile)" time="0.154" />
  <testcase classname="ptolemy.util.test.junit.TclTests" name="[2] /home/travis/build/icyphy/ptII/ptolemy/domains/sdf/test/cycle.tcl (RunTclFile)" time="0.07" />
  <testcase classname="ptolemy.util.test.junit.AutoKnownFailedTests" name="[0] ThereAreNoKnowFailedTests (RunModel)" time="0.002" />
  <testcase classname="ptolemy.util.test.junit.AutoNameArchTests" name="[0] ThereAreNoAutoArchTests (RunModel)" time="0.002" />
  <testcase classname="ptolemy.util.test.junit.AutoTests" name="[0] /home/travis/build/icyphy/ptII/ptolemy/domains/sdf/test/auto/Array.xml (RunModel)" time="0.312" />
  <testcase classname="ptolemy.util.test.junit.AutoTests" name="[1] /home/travis/build/icyphy/ptII/ptolemy/domains/sdf/test/auto/Butterfly.xml (RunModel)" time="0.21" />
  <testcase classname="ptolemy.util.test.junit.AutoTests" name="[2] /home/travis/build/icyphy/ptII/ptolemy/domains/sdf/test/auto/Expression.xml (RunModel)" time="0.139" />
  <testcase classname="ptolemy.util.test.junit.AutoTests" name="[3] /home/travis/build/icyphy/ptII/ptolemy/domains/sdf/test/auto/Eye.xml (RunModel)" time="0.322" />
  <testcase classname="ptolemy.util.test.junit.AutoTests" name="[4] /home/travis/build/icyphy/ptII/ptolemy/domains/sdf/test/auto/FixFIR.xml (RunModel)" time="0.379" />
  <testcase classname="ptolemy.util.test.junit.AutoTests" name="[5] /home/travis/build/icyphy/ptII/ptolemy/domains/sdf/test/auto/FixPoint.xml (RunModel)" time="0.033" />
  <testcase classname="ptolemy.util.test.junit.AutoTests" name="[6] /home/travis/build/icyphy/ptII/ptolemy/domains/sdf/test/auto/Gravitation.xml (RunModel)" time="3.281" />
  <testcase classname="ptolemy.util.test.junit.AutoTests" name="[7] /home/travis/build/icyphy/ptII/ptolemy/domains/sdf/test/auto/GravitationWithCollisionDetection.xml (RunModel)" time="7.138" />
  <testcase classname="ptolemy.util.test.junit.AutoTests" name="[8] /home/travis/build/icyphy/ptII/ptolemy/domains/sdf/test/auto/HDF.xml (RunModel)" time="0.13" />
  <testcase classname="ptolemy.util.test.junit.AutoTests" name="[9] /home/travis/build/icyphy/ptII/ptolemy/domains/sdf/test/auto/HDFwithTransientStates.xml (RunModel)" time="0.113" />
  <testcase classname="ptolemy.util.test.junit.AutoTests" name="[10] /home/travis/build/icyphy/ptII/ptolemy/domains/sdf/test/auto/HTVQ.xml (RunModel)" time="0.906" />
  <testcase classname="ptolemy.util.test.junit.AutoTests" name="[11] /home/travis/build/icyphy/ptII/ptolemy/domains/sdf/test/auto/InferInitProduction.xml (RunModel)" time="0.035" />
  <testcase classname="ptolemy.util.test.junit.AutoTests" name="[12] /home/travis/build/icyphy/ptII/ptolemy/domains/sdf/test/auto/InferInitProductionDeeper.xml (RunModel)" time="0.027" />
  <testcase classname="ptolemy.util.test.junit.AutoTests" name="[13] /home/travis/build/icyphy/ptII/ptolemy/domains/sdf/test/auto/LMSAdaptive.xml (RunModel)" time="0.108" />
  <testcase classname="ptolemy.util.test.junit.AutoTests" name="[14] /home/travis/build/icyphy/ptII/ptolemy/domains/sdf/test/auto/LogisticMap.xml (RunModel)" time="0.493" />
  <testcase classname="ptolemy.util.test.junit.AutoTests" name="[15] /home/travis/build/icyphy/ptII/ptolemy/domains/sdf/test/auto/MaximumEntropySpectrum.xml (RunModel)" time="0.312" />
  <testcase classname="ptolemy.util.test.junit.AutoTests" name="[16] /home/travis/build/icyphy/ptII/ptolemy/domains/sdf/test/auto/MultirateSDF.xml (RunModel)" time="0.074" />
  <testcase classname="ptolemy.util.test.junit.AutoTests" name="[17] /home/travis/build/icyphy/ptII/ptolemy/domains/sdf/test/auto/MultirateSDFwithTransientStates.xml (RunModel)" time="0.089" />
  <testcase classname="ptolemy.util.test.junit.AutoTests" name="[18] /home/travis/build/icyphy/ptII/ptolemy/domains/sdf/test/auto/NoisySinewave.xml (RunModel)" time="0.075" />
  <testcase classname="ptolemy.util.test.junit.AutoTests" name="[19] /home/travis/build/icyphy/ptII/ptolemy/domains/sdf/test/auto/Objects.xml (RunModel)" time="0.056" />
  <testcase classname="ptolemy.util.test.junit.AutoTests" name="[20] /home/travis/build/icyphy/ptII/ptolemy/domains/sdf/test/auto/OrthogonalCom.xml (RunModel)" time="0.056" />
  <testcase classname="ptolemy.util.test.junit.AutoTests" name="[21] /home/travis/build/icyphy/ptII/ptolemy/domains/sdf/test/auto/RijndaelEncryption.xml (RunModel)" time="0.67" />
  <testcase classname="ptolemy.util.test.junit.AutoTests" name="[22] /home/travis/build/icyphy/ptII/ptolemy/domains/sdf/test/auto/SDFEmptyIterations.xml (RunModel)" time="0.027" />
  <testcase classname="ptolemy.util.test.junit.AutoTests" name="[23] /home/travis/build/icyphy/ptII/ptolemy/domains/sdf/test/auto/Spectrum.xml (RunModel)" time="0.115" />
  <testcase classname="ptolemy.util.test.junit.AutoTests" name="[24] /home/travis/build/icyphy/ptII/ptolemy/domains/sdf/test/auto/de_inside_sdf.xml (RunModel)" time="0.023" />
  <testcase classname="ptolemy.util.test.junit.AutoTests" name="[25] /home/travis/build/icyphy/ptII/ptolemy/domains/sdf/test/auto/disconnectedHierarchicalSDF.xml (RunModel)" time="0.025" />
  <testcase classname="ptolemy.util.test.junit.AutoTests" name="[26] /home/travis/build/icyphy/ptII/ptolemy/domains/sdf/test/auto/disconnectedSDF.xml (RunModel)" time="0.019" />
  <testcase classname="ptolemy.util.test.junit.AutoTests" name="[27] /home/travis/build/icyphy/ptII/ptolemy/domains/sdf/test/auto/emptyRefinement.xml (RunModel)" time="0.024" />
  <testcase classname="ptolemy.util.test.junit.AutoTests" name="[28] /home/travis/build/icyphy/ptII/ptolemy/domains/sdf/test/auto/filePortParameter.xml (RunModel)" time="0.042" />
  <testcase classname="ptolemy.util.test.junit.AutoTests" name="[29] /home/travis/build/icyphy/ptII/ptolemy/domains/sdf/test/auto/inferRelationWidth1.xml (RunModel)" time="0.014" />
  <testcase classname="ptolemy.util.test.junit.AutoTests" name="[30] /home/travis/build/icyphy/ptII/ptolemy/domains/sdf/test/auto/initProductionInference.xml (RunModel)" time="0.017" />
  <testcase classname="ptolemy.util.test.junit.AutoTests" name="[31] /home/travis/build/icyphy/ptII/ptolemy/domains/sdf/test/auto/relationGroup.xml (RunModel)" time="0.025" />
  <testcase classname="ptolemy.util.test.junit.AutoTests" name="[32] /home/travis/build/icyphy/ptII/ptolemy/domains/sdf/test/auto/relationGroup10.xml (RunModel)" time="0.028" />
  <testcase classname="ptolemy.util.test.junit.AutoTests" name="[33] /home/travis/build/icyphy/ptII/ptolemy/domains/sdf/test/auto/relationGroup11.xml (RunModel)" time="0.02" />
  <testcase classname="ptolemy.util.test.junit.AutoTests" name="[34] /home/travis/build/icyphy/ptII/ptolemy/domains/sdf/test/auto/relationGroup12.xml (RunModel)" time="0.016" />
  <testcase classname="ptolemy.util.test.junit.AutoTests" name="[35] /home/travis/build/icyphy/ptII/ptolemy/domains/sdf/test/auto/relationGroup13.xml (RunModel)" time="0.019" />
  <testcase classname="ptolemy.util.test.junit.AutoTests" name="[36] /home/travis/build/icyphy/ptII/ptolemy/domains/sdf/test/auto/relationGroup14.xml (RunModel)" time="0.015" />
  <testcase classname="ptolemy.util.test.junit.AutoTests" name="[37] /home/travis/build/icyphy/ptII/ptolemy/domains/sdf/test/auto/relationGroup15.xml (RunModel)" time="0.016" />
  <testcase classname="ptolemy.util.test.junit.AutoTests" name="[38] /home/travis/build/icyphy/ptII/ptolemy/domains/sdf/test/auto/relationGroup2.xml (RunModel)" time="0.011" />
  <testcase classname="ptolemy.util.test.junit.AutoTests" name="[39] /home/travis/build/icyphy/ptII/ptolemy/domains/sdf/test/auto/relationGroup3.xml (RunModel)" time="0.016" />
  <testcase classname="ptolemy.util.test.junit.AutoTests" name="[40] /home/travis/build/icyphy/ptII/ptolemy/domains/sdf/test/auto/relationGroup4.xml (RunModel)" time="0.011" />
  <testcase classname="ptolemy.util.test.junit.AutoTests" name="[41] /home/travis/build/icyphy/ptII/ptolemy/domains/sdf/test/auto/relationGroup5.xml (RunModel)" time="0.01" />
  <testcase classname="ptolemy.util.test.junit.AutoTests" name="[42] /home/travis/build/icyphy/ptII/ptolemy/domains/sdf/test/auto/relationGroup6.xml (RunModel)" time="0.019" />
  <testcase classname="ptolemy.util.test.junit.AutoTests" name="[43] /home/travis/build/icyphy/ptII/ptolemy/domains/sdf/test/auto/relationGroup7.xml (RunModel)" time="0.015" />
  <testcase classname="ptolemy.util.test.junit.AutoTests" name="[44] /home/travis/build/icyphy/ptII/ptolemy/domains/sdf/test/auto/relationGroup8.xml (RunModel)" time="0.018" />
  <testcase classname="ptolemy.util.test.junit.AutoTests" name="[45] /home/travis/build/icyphy/ptII/ptolemy/domains/sdf/test/auto/relationGroup9.xml (RunModel)" time="0.016" />
  <testcase classname="ptolemy.util.test.junit.AutoTests" name="[46] /home/travis/build/icyphy/ptII/ptolemy/domains/sdf/test/auto/sdf_inside_de.xml (RunModel)" time="0.042" />
  <testcase classname="ptolemy.util.test.junit.AutoTests" name="[47] /home/travis/build/icyphy/ptII/ptolemy/domains/sdf/test/auto/sdf_inside_pn.xml (RunModel)" time="0.066" />
  <testcase classname="ptolemy.util.test.junit.AutoTests" name="[48] /home/travis/build/icyphy/ptII/ptolemy/domains/sdf/test/auto/sdf_sdf1.xml (RunModel)" time="0.021" />
  <testcase classname="ptolemy.util.test.junit.AutoTests" name="[49] /home/travis/build/icyphy/ptII/ptolemy/domains/sdf/test/auto/test1.xml (RunModel)" time="0.016" />
  <testcase classname="ptolemy.util.test.junit.AutoTests" name="[50] /home/travis/build/icyphy/ptII/ptolemy/domains/sdf/test/auto/time1.xml (RunModel)" time="0.011" />
  <testcase classname="ptolemy.util.test.junit.AutoTests" name="[51] /home/travis/build/icyphy/ptII/ptolemy/domains/sdf/test/auto/time2.xml (RunModel)" time="0.01" />
  <testcase classname="ptolemy.util.test.junit.AutoTests" name="[52] /home/travis/build/icyphy/ptII/ptolemy/domains/sdf/test/auto/time3.xml (RunModel)" time="0.024" />
  <testcase classname="ptolemy.util.test.junit.AutoTests" name="[53] /home/travis/build/icyphy/ptII/ptolemy/domains/sdf/test/auto/time4.xml (RunModel)" time="0.017" />
  <testcase classname="ptolemy.util.test.junit.AutoTests" name="[54] /home/travis/build/icyphy/ptII/ptolemy/domains/sdf/test/auto/time5.xml (RunModel)" time="4.01" />
  <testcase classname="ptolemy.util.test.junit.AutoTests" name="[55] /home/travis/build/icyphy/ptII/ptolemy/domains/sdf/test/auto/typeSystem_Const_Integer_smallest_Type.xml (RunModel)" time="0.034" />
  <testcase classname="ptolemy.util.test.junit.AutoTests" name="[56] /home/travis/build/icyphy/ptII/ptolemy/domains/sdf/test/auto/typeSystem_declared_Inports_OutportTypeException.xml (RunModel)" time="0.023" />
  <testcase classname="ptolemy.util.test.junit.AutoTests" name="[57] /home/travis/build/icyphy/ptII/ptolemy/domains/sdf/test/auto/typeSystem_oneDeclaredInportType_wrongTypeOutport.xml (RunModel)" time="0.02" />
  <testcase classname="ptolemy.util.test.junit.AutoTests" name="[58] /home/travis/build/icyphy/ptII/ptolemy/domains/sdf/test/auto/width.xml (RunModel)" time="0.017" />
  <testcase classname="ptolemy.util.test.junit.AutoTests" name="[59] /home/travis/build/icyphy/ptII/ptolemy/domains/sdf/test/auto/width2.xml (RunModel)" time="0.039" />
  <testcase classname="ptolemy.util.test.junit.AutoTests" name="[60] /home/travis/build/icyphy/ptII/ptolemy/domains/sdf/test/auto/width3.xml (RunModel)" time="0.044" />
  <system-out><![CDATA[/home/travis/build/icyphy/ptII/ptolemy/domains/sdf/test/SDFSchedulerErrors.tcl
testDefs.tcl: setting time out to 9000 seconds at Thu Sep 05 06:13:14 UTC 2019
90 ms. Memory: 120832K Free: 82373K (68%)
15 ms. Memory: 120832K Free: 74695K (62%)
16 ms. Memory: 120832K Free: 68022K (56%)
16 ms. Memory: 120832K Free: 64965K (54%)
/home/travis/build/icyphy/ptII/ptolemy/domains/sdf/test/composition.tcl
23 ms. Memory: 120832K Free: 61383K (51%)
14 ms. Memory: 120832K Free: 59335K (49%)
/home/travis/build/icyphy/ptII/ptolemy/domains/sdf/test/cycle.tcl
.Toplevel.Director Preinitializing ...
Invoking preinitialize():  .Toplevel.Actor1
Invoking preinitialize():  .Toplevel.Actor2
Invoking preinitialize():  .Toplevel.Delay
.Toplevel.Director Finished preinitialize().
### Schedule:
Execute Schedule{
Fire Actor ptolemy.domains.sdf.kernel.test.SDFTestDelay {.Toplevel.Actor1}
Fire Actor ptolemy.domains.sdf.kernel.test.SDFTestDelay {.Toplevel.Actor2}
Fire Actor ptolemy.domains.sdf.lib.SampleDelay {.Toplevel.Delay}
}
### End schedule
Called initialize().
Invoking initialize():  .Toplevel.Actor1
Initializing actor: .Toplevel.Actor1.
Invoking initialize():  .Toplevel.Actor2
Initializing actor: .Toplevel.Actor2.
Invoking initialize():  .Toplevel.Delay
Initializing actor: .Toplevel.Delay.
Director: Called prefire().
-- Setting current time to 0.0
Director prefire returns true.
The actor .Toplevel.Actor1 will be iterated.
The actor .Toplevel.Actor1 was iterated.
The actor .Toplevel.Actor2 will be iterated.
The actor .Toplevel.Actor2 was iterated.
The actor .Toplevel.Delay will be iterated.
The actor .Toplevel.Delay was iterated.
Director: Called postfire().
Postfire returns: true
Director: Called prefire().
-- Setting current time to 0.0
Director prefire returns true.
The actor .Toplevel.Actor1 will be iterated.
The actor .Toplevel.Actor1 was iterated.
The actor .Toplevel.Actor2 will be iterated.
The actor .Toplevel.Actor2 was iterated.
The actor .Toplevel.Delay will be iterated.
The actor .Toplevel.Delay was iterated.
Director: Called postfire().
Postfire returns: true
Director: Called prefire().
-- Setting current time to 0.0
Director prefire returns true.
The actor .Toplevel.Actor1 will be iterated.
The actor .Toplevel.Actor1 was iterated.
The actor .Toplevel.Actor2 will be iterated.
The actor .Toplevel.Actor2 was iterated.
The actor .Toplevel.Delay will be iterated.
The actor .Toplevel.Delay was iterated.
Director: Called postfire().
Postfire returns: true
Director: Called prefire().
-- Setting current time to 0.0
Director prefire returns true.
The actor .Toplevel.Actor1 will be iterated.
The actor .Toplevel.Actor1 was iterated.
The actor .Toplevel.Actor2 will be iterated.
The actor .Toplevel.Actor2 was iterated.
The actor .Toplevel.Delay will be iterated.
The actor .Toplevel.Delay was iterated.
Director: Called postfire().
Postfire returns: true
Director: Called prefire().
-- Setting current time to 0.0
Director prefire returns true.
The actor .Toplevel.Actor1 will be iterated.
The actor .Toplevel.Actor1 was iterated.
The actor .Toplevel.Actor2 will be iterated.
The actor .Toplevel.Actor2 was iterated.
The actor .Toplevel.Delay will be iterated.
The actor .Toplevel.Delay was iterated.
Director: Called postfire().
Postfire returns: true
Director: Called prefire().
-- Setting current time to 0.0
Director prefire returns true.
The actor .Toplevel.Actor1 will be iterated.
The actor .Toplevel.Actor1 was iterated.
The actor .Toplevel.Actor2 will be iterated.
The actor .Toplevel.Actor2 was iterated.
The actor .Toplevel.Delay will be iterated.
The actor .Toplevel.Delay was iterated.
Reached specified number of iterations: 6
Director: Called wrapup().
39 ms. Memory: 120832K Free: 56263K (47%)
09/05/19 06:13:15
Failed: 0  Total Tests: 8  ((Passed: 8, Newly Passed: 0)  Known Failed: 0) /home/travis/build/icyphy/ptII/ptolemy/domains/sdf/test
No auto/knownFailedTests/*.xml tests in /home/travis/build/icyphy/ptII/ptolemy/domains/sdf/test
No auto/linux-amd64/*.xml tests in /home/travis/build/icyphy/ptII/ptolemy/domains/sdf/test
AutoTests.java: About to close Vertx.
AutoTests.java: Vertx closed.

===========================================================================================
----------------- testing Thu Sep 05 06:13:15 UTC 2019 /home/travis/build/icyphy/ptII/ptolemy/domains/sdf/test/auto/Array.xml
----------------- Instantiating /home/travis/build/icyphy/ptII/ptolemy/domains/sdf/test/auto/Array.xml
67 ms. Memory: 120832K Free: 93356K (77%)
----------------- Invoking toplevel() on ptolemy.moml.MoMLSimpleApplication@2ffa990c
----------------- Done invoking toplevel() on ptolemy.moml.MoMLSimpleApplication@2ffa990c
reloadAllAccessors: .Array

===========================================================================================
----------------- testing Thu Sep 05 06:13:16 UTC 2019 /home/travis/build/icyphy/ptII/ptolemy/domains/sdf/test/auto/Butterfly.xml
----------------- Instantiating /home/travis/build/icyphy/ptII/ptolemy/domains/sdf/test/auto/Butterfly.xml
124 ms. Memory: 120832K Free: 107035K (89%)
----------------- Invoking toplevel() on ptolemy.moml.MoMLSimpleApplication@37d6953d
----------------- Done invoking toplevel() on ptolemy.moml.MoMLSimpleApplication@37d6953d
reloadAllAccessors: .Butterfly

===========================================================================================
----------------- testing Thu Sep 05 06:13:16 UTC 2019 /home/travis/build/icyphy/ptII/ptolemy/domains/sdf/test/auto/Expression.xml
----------------- Instantiating /home/travis/build/icyphy/ptII/ptolemy/domains/sdf/test/auto/Expression.xml
78 ms. Memory: 120832K Free: 101668K (84%)
----------------- Invoking toplevel() on ptolemy.moml.MoMLSimpleApplication@79225bd2
----------------- Done invoking toplevel() on ptolemy.moml.MoMLSimpleApplication@79225bd2
reloadAllAccessors: .Expression

===========================================================================================
----------------- testing Thu Sep 05 06:13:16 UTC 2019 /home/travis/build/icyphy/ptII/ptolemy/domains/sdf/test/auto/Eye.xml
----------------- Instantiating /home/travis/build/icyphy/ptII/ptolemy/domains/sdf/test/auto/Eye.xml
166 ms. Memory: 120832K Free: 77092K (64%)
----------------- Invoking toplevel() on ptolemy.moml.MoMLSimpleApplication@1f58c6c1
----------------- Done invoking toplevel() on ptolemy.moml.MoMLSimpleApplication@1f58c6c1
reloadAllAccessors: .Eye

===========================================================================================
----------------- testing Thu Sep 05 06:13:16 UTC 2019 /home/travis/build/icyphy/ptII/ptolemy/domains/sdf/test/auto/FixFIR.xml
----------------- Instantiating /home/travis/build/icyphy/ptII/ptolemy/domains/sdf/test/auto/FixFIR.xml
149 ms. Memory: 120832K Free: 77162K (64%)
----------------- Invoking toplevel() on ptolemy.moml.MoMLSimpleApplication@1f1e4e51
----------------- Done invoking toplevel() on ptolemy.moml.MoMLSimpleApplication@1f1e4e51
reloadAllAccessors: .FixFIR

===========================================================================================
----------------- testing Thu Sep 05 06:13:17 UTC 2019 /home/travis/build/icyphy/ptII/ptolemy/domains/sdf/test/auto/FixPoint.xml
----------------- Instantiating /home/travis/build/icyphy/ptII/ptolemy/domains/sdf/test/auto/FixPoint.xml
14 ms. Memory: 120832K Free: 72749K (60%)
----------------- Invoking toplevel() on ptolemy.moml.MoMLSimpleApplication@56f9ce10
----------------- Done invoking toplevel() on ptolemy.moml.MoMLSimpleApplication@56f9ce10
reloadAllAccessors: .FixPoint

===========================================================================================
----------------- testing Thu Sep 05 06:13:17 UTC 2019 /home/travis/build/icyphy/ptII/ptolemy/domains/sdf/test/auto/Gravitation.xml
----------------- Instantiating /home/travis/build/icyphy/ptII/ptolemy/domains/sdf/test/auto/Gravitation.xml
3167 ms. Memory: 145408K Free: 73990K (51%)
----------------- Invoking toplevel() on ptolemy.moml.MoMLSimpleApplication@68ad634c
----------------- Done invoking toplevel() on ptolemy.moml.MoMLSimpleApplication@68ad634c
reloadAllAccessors: .Gravitation

===========================================================================================
----------------- testing Thu Sep 05 06:13:20 UTC 2019 /home/travis/build/icyphy/ptII/ptolemy/domains/sdf/test/auto/GravitationWithCollisionDetection.xml
----------------- Instantiating /home/travis/build/icyphy/ptII/ptolemy/domains/sdf/test/auto/GravitationWithCollisionDetection.xml
6882 ms. Memory: 323584K Free: 306104K (95%)
----------------- Invoking toplevel() on ptolemy.moml.MoMLSimpleApplication@326e3fe0
----------------- Done invoking toplevel() on ptolemy.moml.MoMLSimpleApplication@326e3fe0
reloadAllAccessors: .GravitationWithCollisionDetection

===========================================================================================
----------------- testing Thu Sep 05 06:13:27 UTC 2019 /home/travis/build/icyphy/ptII/ptolemy/domains/sdf/test/auto/HDF.xml
----------------- Instantiating /home/travis/build/icyphy/ptII/ptolemy/domains/sdf/test/auto/HDF.xml
29 ms. Memory: 323584K Free: 290234K (90%)
----------------- Invoking toplevel() on ptolemy.moml.MoMLSimpleApplication@1d79130
----------------- Done invoking toplevel() on ptolemy.moml.MoMLSimpleApplication@1d79130
reloadAllAccessors: .HDF

===========================================================================================
----------------- testing Thu Sep 05 06:13:27 UTC 2019 /home/travis/build/icyphy/ptII/ptolemy/domains/sdf/test/auto/HDFwithTransientStates.xml
----------------- Instantiating /home/travis/build/icyphy/ptII/ptolemy/domains/sdf/test/auto/HDFwithTransientStates.xml
52 ms. Memory: 323584K Free: 271288K (84%)
----------------- Invoking toplevel() on ptolemy.moml.MoMLSimpleApplication@66834a46
----------------- Done invoking toplevel() on ptolemy.moml.MoMLSimpleApplication@66834a46
reloadAllAccessors: .HDFwithTransientStates

===========================================================================================
----------------- testing Thu Sep 05 06:13:27 UTC 2019 /home/travis/build/icyphy/ptII/ptolemy/domains/sdf/test/auto/HTVQ.xml
----------------- Instantiating /home/travis/build/icyphy/ptII/ptolemy/domains/sdf/test/auto/HTVQ.xml
852 ms. Memory: 323584K Free: 294133K (91%)
----------------- Invoking toplevel() on ptolemy.moml.MoMLSimpleApplication@6b3064ec
----------------- Done invoking toplevel() on ptolemy.moml.MoMLSimpleApplication@6b3064ec
reloadAllAccessors: .HTVQ

===========================================================================================
----------------- testing Thu Sep 05 06:13:28 UTC 2019 /home/travis/build/icyphy/ptII/ptolemy/domains/sdf/test/auto/InferInitProduction.xml
----------------- Instantiating /home/travis/build/icyphy/ptII/ptolemy/domains/sdf/test/auto/InferInitProduction.xml
8 ms. Memory: 323584K Free: 288074K (89%)
----------------- Invoking toplevel() on ptolemy.moml.MoMLSimpleApplication@5b09efc2
----------------- Done invoking toplevel() on ptolemy.moml.MoMLSimpleApplication@5b09efc2
reloadAllAccessors: .InferInitProduction

===========================================================================================
----------------- testing Thu Sep 05 06:13:28 UTC 2019 /home/travis/build/icyphy/ptII/ptolemy/domains/sdf/test/auto/InferInitProductionDeeper.xml
----------------- Instantiating /home/travis/build/icyphy/ptII/ptolemy/domains/sdf/test/auto/InferInitProductionDeeper.xml
5 ms. Memory: 323584K Free: 282458K (87%)
----------------- Invoking toplevel() on ptolemy.moml.MoMLSimpleApplication@1a430225
----------------- Done invoking toplevel() on ptolemy.moml.MoMLSimpleApplication@1a430225
reloadAllAccessors: .InferInitProductionDeeper

===========================================================================================
----------------- testing Thu Sep 05 06:13:28 UTC 2019 /home/travis/build/icyphy/ptII/ptolemy/domains/sdf/test/auto/LMSAdaptive.xml
----------------- Instantiating /home/travis/build/icyphy/ptII/ptolemy/domains/sdf/test/auto/LMSAdaptive.xml
21 ms. Memory: 323584K Free: 272728K (84%)
----------------- Invoking toplevel() on ptolemy.moml.MoMLSimpleApplication@4f061afd
----------------- Done invoking toplevel() on ptolemy.moml.MoMLSimpleApplication@4f061afd
reloadAllAccessors: .LMSAdaptive

===========================================================================================
----------------- testing Thu Sep 05 06:13:29 UTC 2019 /home/travis/build/icyphy/ptII/ptolemy/domains/sdf/test/auto/LogisticMap.xml
----------------- Instantiating /home/travis/build/icyphy/ptII/ptolemy/domains/sdf/test/auto/LogisticMap.xml
450 ms. Memory: 323584K Free: 267098K (83%)
----------------- Invoking toplevel() on ptolemy.moml.MoMLSimpleApplication@283f14d7
----------------- Done invoking toplevel() on ptolemy.moml.MoMLSimpleApplication@283f14d7
reloadAllAccessors: .LogisticMap

===========================================================================================
----------------- testing Thu Sep 05 06:13:29 UTC 2019 /home/travis/build/icyphy/ptII/ptolemy/domains/sdf/test/auto/MaximumEntropySpectrum.xml
----------------- Instantiating /home/travis/build/icyphy/ptII/ptolemy/domains/sdf/test/auto/MaximumEntropySpectrum.xml
94 ms. Memory: 323584K Free: 205658K (64%)
----------------- Invoking toplevel() on ptolemy.moml.MoMLSimpleApplication@530a6e41
----------------- Done invoking toplevel() on ptolemy.moml.MoMLSimpleApplication@530a6e41
reloadAllAccessors: .MaximumEntropySpectrum

===========================================================================================
----------------- testing Thu Sep 05 06:13:29 UTC 2019 /home/travis/build/icyphy/ptII/ptolemy/domains/sdf/test/auto/MultirateSDF.xml
----------------- Instantiating /home/travis/build/icyphy/ptII/ptolemy/domains/sdf/test/auto/MultirateSDF.xml
22 ms. Memory: 323584K Free: 190778K (59%)
----------------- Invoking toplevel() on ptolemy.moml.MoMLSimpleApplication@15241d0a
----------------- Done invoking toplevel() on ptolemy.moml.MoMLSimpleApplication@15241d0a
reloadAllAccessors: .MultirateSDF

===========================================================================================
----------------- testing Thu Sep 05 06:13:29 UTC 2019 /home/travis/build/icyphy/ptII/ptolemy/domains/sdf/test/auto/MultirateSDFwithTransientStates.xml
----------------- Instantiating /home/travis/build/icyphy/ptII/ptolemy/domains/sdf/test/auto/MultirateSDFwithTransientStates.xml
21 ms. Memory: 323584K Free: 171866K (53%)
----------------- Invoking toplevel() on ptolemy.moml.MoMLSimpleApplication@718354e6
----------------- Done invoking toplevel() on ptolemy.moml.MoMLSimpleApplication@718354e6
reloadAllAccessors: .MultirateSDFwithTransientStates

===========================================================================================
----------------- testing Thu Sep 05 06:13:30 UTC 2019 /home/travis/build/icyphy/ptII/ptolemy/domains/sdf/test/auto/NoisySinewave.xml
----------------- Instantiating /home/travis/build/icyphy/ptII/ptolemy/domains/sdf/test/auto/NoisySinewave.xml
16 ms. Memory: 323584K Free: 155482K (48%)
----------------- Invoking toplevel() on ptolemy.moml.MoMLSimpleApplication@e02dc2c
----------------- Done invoking toplevel() on ptolemy.moml.MoMLSimpleApplication@e02dc2c
reloadAllAccessors: .NoisySinewave

===========================================================================================
----------------- testing Thu Sep 05 06:13:30 UTC 2019 /home/travis/build/icyphy/ptII/ptolemy/domains/sdf/test/auto/Objects.xml
----------------- Instantiating /home/travis/build/icyphy/ptII/ptolemy/domains/sdf/test/auto/Objects.xml
6 ms. Memory: 323584K Free: 146776K (45%)
----------------- Invoking toplevel() on ptolemy.moml.MoMLSimpleApplication@1f0061dd
----------------- Done invoking toplevel() on ptolemy.moml.MoMLSimpleApplication@1f0061dd
reloadAllAccessors: .Objects

===========================================================================================
----------------- testing Thu Sep 05 06:13:30 UTC 2019 /home/travis/build/icyphy/ptII/ptolemy/domains/sdf/test/auto/OrthogonalCom.xml
----------------- Instantiating /home/travis/build/icyphy/ptII/ptolemy/domains/sdf/test/auto/OrthogonalCom.xml
10 ms. Memory: 323584K Free: 138584K (43%)
----------------- Invoking toplevel() on ptolemy.moml.MoMLSimpleApplication@118606df
----------------- Done invoking toplevel() on ptolemy.moml.MoMLSimpleApplication@118606df
reloadAllAccessors: .OrthogonalCom

===========================================================================================
----------------- testing Thu Sep 05 06:13:30 UTC 2019 /home/travis/build/icyphy/ptII/ptolemy/domains/sdf/test/auto/RijndaelEncryption.xml
----------------- Instantiating /home/travis/build/icyphy/ptII/ptolemy/domains/sdf/test/auto/RijndaelEncryption.xml
348 ms. Memory: 323584K Free: 182894K (57%)
----------------- Invoking toplevel() on ptolemy.moml.MoMLSimpleApplication@5079cfdf
----------------- Done invoking toplevel() on ptolemy.moml.MoMLSimpleApplication@5079cfdf
reloadAllAccessors: .RijndaelEncryption

===========================================================================================
----------------- testing Thu Sep 05 06:13:30 UTC 2019 /home/travis/build/icyphy/ptII/ptolemy/domains/sdf/test/auto/SDFEmptyIterations.xml
----------------- Instantiating /home/travis/build/icyphy/ptII/ptolemy/domains/sdf/test/auto/SDFEmptyIterations.xml
6 ms. Memory: 323584K Free: 178288K (55%)
----------------- Invoking toplevel() on ptolemy.moml.MoMLSimpleApplication@9bda2e
----------------- Done invoking toplevel() on ptolemy.moml.MoMLSimpleApplication@9bda2e
reloadAllAccessors: .SDFEmptyIterations

===========================================================================================
----------------- testing Thu Sep 05 06:13:30 UTC 2019 /home/travis/build/icyphy/ptII/ptolemy/domains/sdf/test/auto/Spectrum.xml
----------------- Instantiating /home/travis/build/icyphy/ptII/ptolemy/domains/sdf/test/auto/Spectrum.xml
34 ms. Memory: 323584K Free: 153198K (47%)
----------------- Invoking toplevel() on ptolemy.moml.MoMLSimpleApplication@5930aaf3
----------------- Done invoking toplevel() on ptolemy.moml.MoMLSimpleApplication@5930aaf3
reloadAllAccessors: .Spectrum

===========================================================================================
----------------- testing Thu Sep 05 06:13:31 UTC 2019 /home/travis/build/icyphy/ptII/ptolemy/domains/sdf/test/auto/de_inside_sdf.xml
----------------- Instantiating /home/travis/build/icyphy/ptII/ptolemy/domains/sdf/test/auto/de_inside_sdf.xml
6 ms. Memory: 323584K Free: 148048K (46%)
----------------- Invoking toplevel() on ptolemy.moml.MoMLSimpleApplication@7a33a15
----------------- Done invoking toplevel() on ptolemy.moml.MoMLSimpleApplication@7a33a15
reloadAllAccessors: .de_inside_sdf

===========================================================================================
----------------- testing Thu Sep 05 06:13:31 UTC 2019 /home/travis/build/icyphy/ptII/ptolemy/domains/sdf/test/auto/disconnectedHierarchicalSDF.xml
----------------- Instantiating /home/travis/build/icyphy/ptII/ptolemy/domains/sdf/test/auto/disconnectedHierarchicalSDF.xml
5 ms. Memory: 323584K Free: 141920K (44%)
----------------- Invoking toplevel() on ptolemy.moml.MoMLSimpleApplication@169f3215
----------------- Done invoking toplevel() on ptolemy.moml.MoMLSimpleApplication@169f3215
reloadAllAccessors: .disconnectedHierarchicalSDF

===========================================================================================
----------------- testing Thu Sep 05 06:13:31 UTC 2019 /home/travis/build/icyphy/ptII/ptolemy/domains/sdf/test/auto/disconnectedSDF.xml
----------------- Instantiating /home/travis/build/icyphy/ptII/ptolemy/domains/sdf/test/auto/disconnectedSDF.xml
2 ms. Memory: 323584K Free: 137838K (43%)
----------------- Invoking toplevel() on ptolemy.moml.MoMLSimpleApplication@ad53158
----------------- Done invoking toplevel() on ptolemy.moml.MoMLSimpleApplication@ad53158
reloadAllAccessors: .disconnectedSDF

===========================================================================================
----------------- testing Thu Sep 05 06:13:31 UTC 2019 /home/travis/build/icyphy/ptII/ptolemy/domains/sdf/test/auto/emptyRefinement.xml
----------------- Instantiating /home/travis/build/icyphy/ptII/ptolemy/domains/sdf/test/auto/emptyRefinement.xml
3 ms. Memory: 323584K Free: 133232K (41%)
----------------- Invoking toplevel() on ptolemy.moml.MoMLSimpleApplication@1a21b4ea
----------------- Done invoking toplevel() on ptolemy.moml.MoMLSimpleApplication@1a21b4ea
reloadAllAccessors: .emptyRefinement

===========================================================================================
----------------- testing Thu Sep 05 06:13:31 UTC 2019 /home/travis/build/icyphy/ptII/ptolemy/domains/sdf/test/auto/filePortParameter.xml
----------------- Instantiating /home/travis/build/icyphy/ptII/ptolemy/domains/sdf/test/auto/filePortParameter.xml
12 ms. Memory: 323584K Free: 126064K (39%)
----------------- Invoking toplevel() on ptolemy.moml.MoMLSimpleApplication@15b7b90
----------------- Done invoking toplevel() on ptolemy.moml.MoMLSimpleApplication@15b7b90
reloadAllAccessors: .filePortParameter

===========================================================================================
----------------- testing Thu Sep 05 06:13:31 UTC 2019 /home/travis/build/icyphy/ptII/ptolemy/domains/sdf/test/auto/inferRelationWidth1.xml
----------------- Instantiating /home/travis/build/icyphy/ptII/ptolemy/domains/sdf/test/auto/inferRelationWidth1.xml
1 ms. Memory: 323584K Free: 122992K (38%)
----------------- Invoking toplevel() on ptolemy.moml.MoMLSimpleApplication@605870d2
----------------- Done invoking toplevel() on ptolemy.moml.MoMLSimpleApplication@605870d2
reloadAllAccessors: .inferRelationWidth1

===========================================================================================
----------------- testing Thu Sep 05 06:13:31 UTC 2019 /home/travis/build/icyphy/ptII/ptolemy/domains/sdf/test/auto/initProductionInference.xml
----------------- Instantiating /home/travis/build/icyphy/ptII/ptolemy/domains/sdf/test/auto/initProductionInference.xml
3 ms. Memory: 323584K Free: 118896K (37%)
----------------- Invoking toplevel() on ptolemy.moml.MoMLSimpleApplication@c51a3cc
----------------- Done invoking toplevel() on ptolemy.moml.MoMLSimpleApplication@c51a3cc
reloadAllAccessors: .initProductionInference

===========================================================================================
----------------- testing Thu Sep 05 06:13:31 UTC 2019 /home/travis/build/icyphy/ptII/ptolemy/domains/sdf/test/auto/relationGroup.xml
----------------- Instantiating /home/travis/build/icyphy/ptII/ptolemy/domains/sdf/test/auto/relationGroup.xml
2 ms. Memory: 323584K Free: 115824K (36%)
----------------- Invoking toplevel() on ptolemy.moml.MoMLSimpleApplication@60ba56f9
----------------- Done invoking toplevel() on ptolemy.moml.MoMLSimpleApplication@60ba56f9
reloadAllAccessors: .relationGroup

===========================================================================================
----------------- testing Thu Sep 05 06:13:31 UTC 2019 /home/travis/build/icyphy/ptII/ptolemy/domains/sdf/test/auto/relationGroup10.xml
----------------- Instantiating /home/travis/build/icyphy/ptII/ptolemy/domains/sdf/test/auto/relationGroup10.xml
3 ms. Memory: 323584K Free: 304457K (94%)
----------------- Invoking toplevel() on ptolemy.moml.MoMLSimpleApplication@50337cde
----------------- Done invoking toplevel() on ptolemy.moml.MoMLSimpleApplication@50337cde
reloadAllAccessors: .relationGroup10

===========================================================================================
----------------- testing Thu Sep 05 06:13:31 UTC 2019 /home/travis/build/icyphy/ptII/ptolemy/domains/sdf/test/auto/relationGroup11.xml
----------------- Instantiating /home/travis/build/icyphy/ptII/ptolemy/domains/sdf/test/auto/relationGroup11.xml
5 ms. Memory: 323584K Free: 300871K (93%)
----------------- Invoking toplevel() on ptolemy.moml.MoMLSimpleApplication@74029379
----------------- Done invoking toplevel() on ptolemy.moml.MoMLSimpleApplication@74029379
reloadAllAccessors: .relationGroup11

===========================================================================================
----------------- testing Thu Sep 05 06:13:31 UTC 2019 /home/travis/build/icyphy/ptII/ptolemy/domains/sdf/test/auto/relationGroup12.xml
----------------- Instantiating /home/travis/build/icyphy/ptII/ptolemy/domains/sdf/test/auto/relationGroup12.xml
3 ms. Memory: 323584K Free: 296775K (92%)
----------------- Invoking toplevel() on ptolemy.moml.MoMLSimpleApplication@605b814e
----------------- Done invoking toplevel() on ptolemy.moml.MoMLSimpleApplication@605b814e
reloadAllAccessors: .relationGroup12

===========================================================================================
----------------- testing Thu Sep 05 06:13:31 UTC 2019 /home/travis/build/icyphy/ptII/ptolemy/domains/sdf/test/auto/relationGroup13.xml
----------------- Instantiating /home/travis/build/icyphy/ptII/ptolemy/domains/sdf/test/auto/relationGroup13.xml
9 ms. Memory: 323584K Free: 292169K (90%)
----------------- Invoking toplevel() on ptolemy.moml.MoMLSimpleApplication@77d8b1
----------------- Done invoking toplevel() on ptolemy.moml.MoMLSimpleApplication@77d8b1
reloadAllAccessors: .relationGroup13

===========================================================================================
----------------- testing Thu Sep 05 06:13:31 UTC 2019 /home/travis/build/icyphy/ptII/ptolemy/domains/sdf/test/auto/relationGroup14.xml
----------------- Instantiating /home/travis/build/icyphy/ptII/ptolemy/domains/sdf/test/auto/relationGroup14.xml
3 ms. Memory: 323584K Free: 287559K (89%)
----------------- Invoking toplevel() on ptolemy.moml.MoMLSimpleApplication@3f744603
----------------- Done invoking toplevel() on ptolemy.moml.MoMLSimpleApplication@3f744603
reloadAllAccessors: .relationGroup14

===========================================================================================
----------------- testing Thu Sep 05 06:13:31 UTC 2019 /home/travis/build/icyphy/ptII/ptolemy/domains/sdf/test/auto/relationGroup15.xml
----------------- Instantiating /home/travis/build/icyphy/ptII/ptolemy/domains/sdf/test/auto/relationGroup15.xml
2 ms. Memory: 323584K Free: 283977K (88%)
----------------- Invoking toplevel() on ptolemy.moml.MoMLSimpleApplication@61110a0a
----------------- Done invoking toplevel() on ptolemy.moml.MoMLSimpleApplication@61110a0a
reloadAllAccessors: .relationGroup15

===========================================================================================
----------------- testing Thu Sep 05 06:13:31 UTC 2019 /home/travis/build/icyphy/ptII/ptolemy/domains/sdf/test/auto/relationGroup2.xml
----------------- Instantiating /home/travis/build/icyphy/ptII/ptolemy/domains/sdf/test/auto/relationGroup2.xml
2 ms. Memory: 323584K Free: 280905K (87%)
----------------- Invoking toplevel() on ptolemy.moml.MoMLSimpleApplication@6a771b15
----------------- Done invoking toplevel() on ptolemy.moml.MoMLSimpleApplication@6a771b15
reloadAllAccessors: .relationGroup2

===========================================================================================
----------------- testing Thu Sep 05 06:13:31 UTC 2019 /home/travis/build/icyphy/ptII/ptolemy/domains/sdf/test/auto/relationGroup3.xml
----------------- Instantiating /home/travis/build/icyphy/ptII/ptolemy/domains/sdf/test/auto/relationGroup3.xml
1 ms. Memory: 323584K Free: 277833K (86%)
----------------- Invoking toplevel() on ptolemy.moml.MoMLSimpleApplication@4bb5a62e
----------------- Done invoking toplevel() on ptolemy.moml.MoMLSimpleApplication@4bb5a62e
reloadAllAccessors: .relationGroup3

===========================================================================================
----------------- testing Thu Sep 05 06:13:31 UTC 2019 /home/travis/build/icyphy/ptII/ptolemy/domains/sdf/test/auto/relationGroup4.xml
----------------- Instantiating /home/travis/build/icyphy/ptII/ptolemy/domains/sdf/test/auto/relationGroup4.xml
3 ms. Memory: 323584K Free: 273223K (84%)
----------------- Invoking toplevel() on ptolemy.moml.MoMLSimpleApplication@2bed8491
----------------- Done invoking toplevel() on ptolemy.moml.MoMLSimpleApplication@2bed8491
reloadAllAccessors: .relationGroup4

===========================================================================================
----------------- testing Thu Sep 05 06:13:31 UTC 2019 /home/travis/build/icyphy/ptII/ptolemy/domains/sdf/test/auto/relationGroup5.xml
----------------- Instantiating /home/travis/build/icyphy/ptII/ptolemy/domains/sdf/test/auto/relationGroup5.xml
3 ms. Memory: 323584K Free: 269097K (83%)
----------------- Invoking toplevel() on ptolemy.moml.MoMLSimpleApplication@47df6ab4
----------------- Done invoking toplevel() on ptolemy.moml.MoMLSimpleApplication@47df6ab4
reloadAllAccessors: .relationGroup5

===========================================================================================
----------------- testing Thu Sep 05 06:13:31 UTC 2019 /home/travis/build/icyphy/ptII/ptolemy/domains/sdf/test/auto/relationGroup6.xml
----------------- Instantiating /home/travis/build/icyphy/ptII/ptolemy/domains/sdf/test/auto/relationGroup6.xml
11 ms. Memory: 323584K Free: 264521K (82%)
----------------- Invoking toplevel() on ptolemy.moml.MoMLSimpleApplication@b38cac4
----------------- Done invoking toplevel() on ptolemy.moml.MoMLSimpleApplication@b38cac4
reloadAllAccessors: .relationGroup6

===========================================================================================
----------------- testing Thu Sep 05 06:13:31 UTC 2019 /home/travis/build/icyphy/ptII/ptolemy/domains/sdf/test/auto/relationGroup7.xml
----------------- Instantiating /home/travis/build/icyphy/ptII/ptolemy/domains/sdf/test/auto/relationGroup7.xml
2 ms. Memory: 323584K Free: 261449K (81%)
----------------- Invoking toplevel() on ptolemy.moml.MoMLSimpleApplication@398f26b1
----------------- Done invoking toplevel() on ptolemy.moml.MoMLSimpleApplication@398f26b1
reloadAllAccessors: .relationGroup7

===========================================================================================
----------------- testing Thu Sep 05 06:13:31 UTC 2019 /home/travis/build/icyphy/ptII/ptolemy/domains/sdf/test/auto/relationGroup8.xml
----------------- Instantiating /home/travis/build/icyphy/ptII/ptolemy/domains/sdf/test/auto/relationGroup8.xml
2 ms. Memory: 323584K Free: 258377K (80%)
----------------- Invoking toplevel() on ptolemy.moml.MoMLSimpleApplication@42151d8a
----------------- Done invoking toplevel() on ptolemy.moml.MoMLSimpleApplication@42151d8a
reloadAllAccessors: .relationGroup8

===========================================================================================
----------------- testing Thu Sep 05 06:13:31 UTC 2019 /home/travis/build/icyphy/ptII/ptolemy/domains/sdf/test/auto/relationGroup9.xml
----------------- Instantiating /home/travis/build/icyphy/ptII/ptolemy/domains/sdf/test/auto/relationGroup9.xml
6 ms. Memory: 323584K Free: 253767K (78%)
----------------- Invoking toplevel() on ptolemy.moml.MoMLSimpleApplication@413675a3
----------------- Done invoking toplevel() on ptolemy.moml.MoMLSimpleApplication@413675a3
reloadAllAccessors: .relationGroup9

===========================================================================================
----------------- testing Thu Sep 05 06:13:31 UTC 2019 /home/travis/build/icyphy/ptII/ptolemy/domains/sdf/test/auto/sdf_inside_de.xml
----------------- Instantiating /home/travis/build/icyphy/ptII/ptolemy/domains/sdf/test/auto/sdf_inside_de.xml
13 ms. Memory: 323584K Free: 245065K (76%)
----------------- Invoking toplevel() on ptolemy.moml.MoMLSimpleApplication@55899231
----------------- Done invoking toplevel() on ptolemy.moml.MoMLSimpleApplication@55899231
reloadAllAccessors: .sdf_inside_de

===========================================================================================
----------------- testing Thu Sep 05 06:13:31 UTC 2019 /home/travis/build/icyphy/ptII/ptolemy/domains/sdf/test/auto/sdf_inside_pn.xml
----------------- Instantiating /home/travis/build/icyphy/ptII/ptolemy/domains/sdf/test/auto/sdf_inside_pn.xml
41 ms. Memory: 323584K Free: 235849K (73%)
----------------- Invoking toplevel() on ptolemy.moml.MoMLSimpleApplication@306af8a6
----------------- Done invoking toplevel() on ptolemy.moml.MoMLSimpleApplication@306af8a6
reloadAllAccessors: .sdf_inside_pn

===========================================================================================
----------------- testing Thu Sep 05 06:13:31 UTC 2019 /home/travis/build/icyphy/ptII/ptolemy/domains/sdf/test/auto/sdf_sdf1.xml
----------------- Instantiating /home/travis/build/icyphy/ptII/ptolemy/domains/sdf/test/auto/sdf_sdf1.xml
4 ms. Memory: 323584K Free: 230729K (71%)
----------------- Invoking toplevel() on ptolemy.moml.MoMLSimpleApplication@782d2708
----------------- Done invoking toplevel() on ptolemy.moml.MoMLSimpleApplication@782d2708
reloadAllAccessors: .sdf_sdf1

===========================================================================================
----------------- testing Thu Sep 05 06:13:31 UTC 2019 /home/travis/build/icyphy/ptII/ptolemy/domains/sdf/test/auto/test1.xml
----------------- Instantiating /home/travis/build/icyphy/ptII/ptolemy/domains/sdf/test/auto/test1.xml
3 ms. Memory: 323584K Free: 225095K (70%)
----------------- Invoking toplevel() on ptolemy.moml.MoMLSimpleApplication@4451c138
----------------- Done invoking toplevel() on ptolemy.moml.MoMLSimpleApplication@4451c138
reloadAllAccessors: .test1

===========================================================================================
----------------- testing Thu Sep 05 06:13:31 UTC 2019 /home/travis/build/icyphy/ptII/ptolemy/domains/sdf/test/auto/time1.xml
----------------- Instantiating /home/travis/build/icyphy/ptII/ptolemy/domains/sdf/test/auto/time1.xml
2 ms. Memory: 323584K Free: 221513K (68%)
----------------- Invoking toplevel() on ptolemy.moml.MoMLSimpleApplication@1c15108d
----------------- Done invoking toplevel() on ptolemy.moml.MoMLSimpleApplication@1c15108d
reloadAllAccessors: .time1

===========================================================================================
----------------- testing Thu Sep 05 06:13:31 UTC 2019 /home/travis/build/icyphy/ptII/ptolemy/domains/sdf/test/auto/time2.xml
----------------- Instantiating /home/travis/build/icyphy/ptII/ptolemy/domains/sdf/test/auto/time2.xml
2 ms. Memory: 323584K Free: 217927K (67%)
----------------- Invoking toplevel() on ptolemy.moml.MoMLSimpleApplication@591a62e1
----------------- Done invoking toplevel() on ptolemy.moml.MoMLSimpleApplication@591a62e1
reloadAllAccessors: .time2

===========================================================================================
----------------- testing Thu Sep 05 06:13:31 UTC 2019 /home/travis/build/icyphy/ptII/ptolemy/domains/sdf/test/auto/time3.xml
----------------- Instantiating /home/travis/build/icyphy/ptII/ptolemy/domains/sdf/test/auto/time3.xml
6 ms. Memory: 323584K Free: 212807K (66%)
----------------- Invoking toplevel() on ptolemy.moml.MoMLSimpleApplication@c8a6976
----------------- Done invoking toplevel() on ptolemy.moml.MoMLSimpleApplication@c8a6976
reloadAllAccessors: .time3

===========================================================================================
----------------- testing Thu Sep 05 06:13:31 UTC 2019 /home/travis/build/icyphy/ptII/ptolemy/domains/sdf/test/auto/time4.xml
----------------- Instantiating /home/travis/build/icyphy/ptII/ptolemy/domains/sdf/test/auto/time4.xml
6 ms. Memory: 323584K Free: 207177K (64%)
----------------- Invoking toplevel() on ptolemy.moml.MoMLSimpleApplication@42519a61
----------------- Done invoking toplevel() on ptolemy.moml.MoMLSimpleApplication@42519a61
reloadAllAccessors: .time4

===========================================================================================
----------------- testing Thu Sep 05 06:13:31 UTC 2019 /home/travis/build/icyphy/ptII/ptolemy/domains/sdf/test/auto/time5.xml
----------------- Instantiating /home/travis/build/icyphy/ptII/ptolemy/domains/sdf/test/auto/time5.xml
4002 ms. Memory: 323584K Free: 203591K (63%)
----------------- Invoking toplevel() on ptolemy.moml.MoMLSimpleApplication@1a41b73d
----------------- Done invoking toplevel() on ptolemy.moml.MoMLSimpleApplication@1a41b73d
reloadAllAccessors: .time5

===========================================================================================
----------------- testing Thu Sep 05 06:13:35 UTC 2019 /home/travis/build/icyphy/ptII/ptolemy/domains/sdf/test/auto/typeSystem_Const_Integer_smallest_Type.xml
----------------- Instantiating /home/travis/build/icyphy/ptII/ptolemy/domains/sdf/test/auto/typeSystem_Const_Integer_smallest_Type.xml
11 ms. Memory: 323584K Free: 198985K (61%)
----------------- Invoking toplevel() on ptolemy.moml.MoMLSimpleApplication@3b352a7d
----------------- Done invoking toplevel() on ptolemy.moml.MoMLSimpleApplication@3b352a7d
reloadAllAccessors: .typeSystem_Const_Integer_smallest_Type

===========================================================================================
----------------- testing Thu Sep 05 06:13:35 UTC 2019 /home/travis/build/icyphy/ptII/ptolemy/domains/sdf/test/auto/typeSystem_declared_Inports_OutportTypeException.xml
----------------- Instantiating /home/travis/build/icyphy/ptII/ptolemy/domains/sdf/test/auto/typeSystem_declared_Inports_OutportTypeException.xml
.typeSystem_declared_Inports_OutportTypeException.TestExceptionAttribute: initialize() was not invoked, but wrapup() was.  This is unusual, but not always a problem.  For example, exporting JNLP will do this.
6 ms. Memory: 323584K Free: 194375K (60%)
----------------- Invoking toplevel() on ptolemy.moml.MoMLSimpleApplication@700efc6c
----------------- Done invoking toplevel() on ptolemy.moml.MoMLSimpleApplication@700efc6c
reloadAllAccessors: .typeSystem_declared_Inports_OutportTypeException

===========================================================================================
----------------- testing Thu Sep 05 06:13:35 UTC 2019 /home/travis/build/icyphy/ptII/ptolemy/domains/sdf/test/auto/typeSystem_oneDeclaredInportType_wrongTypeOutport.xml
----------------- Instantiating /home/travis/build/icyphy/ptII/ptolemy/domains/sdf/test/auto/typeSystem_oneDeclaredInportType_wrongTypeOutport.xml
4 ms. Memory: 323584K Free: 190279K (59%)
----------------- Invoking toplevel() on ptolemy.moml.MoMLSimpleApplication@5d80b180
----------------- Done invoking toplevel() on ptolemy.moml.MoMLSimpleApplication@5d80b180
reloadAllAccessors: .typeSystem_oneDeclaredInportType_wrongTypeOutport

===========================================================================================
----------------- testing Thu Sep 05 06:13:35 UTC 2019 /home/travis/build/icyphy/ptII/ptolemy/domains/sdf/test/auto/width.xml
----------------- Instantiating /home/travis/build/icyphy/ptII/ptolemy/domains/sdf/test/auto/width.xml
6 ms. Memory: 323584K Free: 186697K (58%)
----------------- Invoking toplevel() on ptolemy.moml.MoMLSimpleApplication@2beef707
----------------- Done invoking toplevel() on ptolemy.moml.MoMLSimpleApplication@2beef707
reloadAllAccessors: .width

===========================================================================================
----------------- testing Thu Sep 05 06:13:35 UTC 2019 /home/travis/build/icyphy/ptII/ptolemy/domains/sdf/test/auto/width2.xml
----------------- Instantiating /home/travis/build/icyphy/ptII/ptolemy/domains/sdf/test/auto/width2.xml
28 ms. Memory: 323584K Free: 181577K (56%)
----------------- Invoking toplevel() on ptolemy.moml.MoMLSimpleApplication@6ac43994
----------------- Done invoking toplevel() on ptolemy.moml.MoMLSimpleApplication@6ac43994
reloadAllAccessors: .width2

===========================================================================================
----------------- testing Thu Sep 05 06:13:35 UTC 2019 /home/travis/build/icyphy/ptII/ptolemy/domains/sdf/test/auto/width3.xml
----------------- Instantiating /home/travis/build/icyphy/ptII/ptolemy/domains/sdf/test/auto/width3.xml
29 ms. Memory: 323584K Free: 176457K (55%)
----------------- Invoking toplevel() on ptolemy.moml.MoMLSimpleApplication@2358e3a0
----------------- Done invoking toplevel() on ptolemy.moml.MoMLSimpleApplication@2358e3a0
reloadAllAccessors: .width3
AutoTests.java: About to close Vertx.
AutoTests.java: Vertx closed.
]]></system-out>
  <system-err><![CDATA[java.lang.RuntimeException: Execution failed
	at ptolemy.moml.MoMLSimpleApplication$UnloadThread.run(MoMLSimpleApplication.java:402)
Caused by: ptolemy.actor.sched.NotSchedulableException: No solution exists for the balance equations.
Graph is not consistent under the SDF domain detected on external port .rateConsistency.actor.port2
  in .rateConsistency.SDF Director.Scheduler
	at ptolemy.domains.sdf.kernel.SDFScheduler._propagatePort(SDFScheduler.java:1425)
	at ptolemy.domains.sdf.kernel.SDFScheduler._solveBalanceEquations(SDFScheduler.java:710)
	at ptolemy.domains.sdf.kernel.SDFScheduler._getSchedule(SDFScheduler.java:566)
	at ptolemy.actor.sched.Scheduler.getSchedule(Scheduler.java:189)
	at ptolemy.domains.sdf.kernel.SDFDirector.createSchedule(SDFDirector.java:408)
	at ptolemy.domains.sdf.kernel.SDFDirector.preinitialize(SDFDirector.java:764)
	at ptolemy.actor.CompositeActor.preinitialize(CompositeActor.java:1828)
	at ptolemy.actor.Manager.preinitializeAndResolveTypes(Manager.java:1040)
	at ptolemy.actor.Manager.initialize(Manager.java:710)
	at ptolemy.actor.Manager.execute(Manager.java:356)
	at ptolemy.actor.Manager.run(Manager.java:1263)
	at ptolemy.actor.Manager$PtolemyRunThread.run(Manager.java:1933)
java.lang.RuntimeException: Execution failed
	at ptolemy.moml.MoMLSimpleApplication$UnloadThread.run(MoMLSimpleApplication.java:402)
Caused by: ptolemy.kernel.util.IllegalActionException: Failed to compute schedule:
  in .badRateChanges.typed composite actor.SDF Director
Because:
The SDF rate parameter may change. This is not allowed in SDF models that will be run through the code generator.  If you don't care about code generation, then you might consider setting the allowRateChanges parameter of the SDF director to false.
  in .badRateChanges.typed composite actor.Repeat.output.tokenProductionRate
	at ptolemy.domains.sdf.kernel.SDFDirector.createSchedule(SDFDirector.java:418)
	at ptolemy.domains.sdf.kernel.SDFDirector.preinitialize(SDFDirector.java:764)
	at ptolemy.actor.CompositeActor.preinitialize(CompositeActor.java:1828)
	at ptolemy.actor.Director.preinitialize(Director.java:1302)
	at ptolemy.actor.Director.preinitialize(Director.java:1257)
	at ptolemy.domains.sdf.kernel.SDFDirector.preinitialize(SDFDirector.java:763)
	at ptolemy.actor.CompositeActor.preinitialize(CompositeActor.java:1828)
	at ptolemy.actor.Manager.preinitializeAndResolveTypes(Manager.java:1040)
	at ptolemy.actor.Manager.initialize(Manager.java:710)
	at ptolemy.actor.Manager.execute(Manager.java:356)
	at ptolemy.actor.Manager.run(Manager.java:1263)
	at ptolemy.actor.Manager$PtolemyRunThread.run(Manager.java:1933)
Caused by: ptolemy.kernel.util.IllegalActionException: The SDF rate parameter may change. This is not allowed in SDF models that will be run through the code generator.  If you don't care about code generation, then you might consider setting the allowRateChanges parameter of the SDF director to false.
  in .badRateChanges.typed composite actor.Repeat.output.tokenProductionRate
	at ptolemy.domains.sdf.kernel.SDFScheduler._assertDynamicRateVariable(SDFScheduler.java:931)
	at ptolemy.domains.sdf.kernel.SDFScheduler._checkDynamicRateVariables(SDFScheduler.java:339)
	at ptolemy.domains.sdf.kernel.SDFScheduler._getSchedule(SDFScheduler.java:527)
	at ptolemy.actor.sched.Scheduler.getSchedule(Scheduler.java:189)
	at ptolemy.domains.sdf.kernel.SDFDirector.createSchedule(SDFDirector.java:408)
	... 11 more
java.lang.RuntimeException: Execution failed
	at ptolemy.moml.MoMLSimpleApplication$UnloadThread.run(MoMLSimpleApplication.java:402)
Caused by: ptolemy.kernel.util.IllegalActionException: Failed to compute schedule:
  in .badRateChanges2.typed composite actor.SDF Director
Because:
The SDF rate parameter may change. This is not allowed in SDF models that will be run through the code generator.  If you don't care about code generation, then you might consider setting the allowRateChanges parameter of the SDF director to false.
  in .badRateChanges2.typed composite actor.Repeat.output.tokenProductionRate
	at ptolemy.domains.sdf.kernel.SDFDirector.createSchedule(SDFDirector.java:418)
	at ptolemy.domains.sdf.kernel.SDFDirector.preinitialize(SDFDirector.java:764)
	at ptolemy.actor.CompositeActor.preinitialize(CompositeActor.java:1828)
	at ptolemy.actor.Director.preinitialize(Director.java:1302)
	at ptolemy.actor.Director.preinitialize(Director.java:1257)
	at ptolemy.domains.sdf.kernel.SDFDirector.preinitialize(SDFDirector.java:763)
	at ptolemy.actor.CompositeActor.preinitialize(CompositeActor.java:1828)
	at ptolemy.actor.Manager.preinitializeAndResolveTypes(Manager.java:1040)
	at ptolemy.actor.Manager.initialize(Manager.java:710)
	at ptolemy.actor.Manager.execute(Manager.java:356)
	at ptolemy.actor.Manager.run(Manager.java:1263)
	at ptolemy.actor.Manager$PtolemyRunThread.run(Manager.java:1933)
Caused by: ptolemy.kernel.util.IllegalActionException: The SDF rate parameter may change. This is not allowed in SDF models that will be run through the code generator.  If you don't care about code generation, then you might consider setting the allowRateChanges parameter of the SDF director to false.
  in .badRateChanges2.typed composite actor.Repeat.output.tokenProductionRate
	at ptolemy.domains.sdf.kernel.SDFScheduler._assertDynamicRateVariable(SDFScheduler.java:931)
	at ptolemy.domains.sdf.kernel.SDFScheduler._checkDynamicRateVariables(SDFScheduler.java:339)
	at ptolemy.domains.sdf.kernel.SDFScheduler._getSchedule(SDFScheduler.java:527)
	at ptolemy.actor.sched.Scheduler.getSchedule(Scheduler.java:189)
	at ptolemy.domains.sdf.kernel.SDFDirector.createSchedule(SDFDirector.java:408)
	... 11 more
java.lang.RuntimeException: Execution failed
	at ptolemy.moml.MoMLSimpleApplication$UnloadThread.run(MoMLSimpleApplication.java:402)
Caused by: ptolemy.actor.sched.NotSchedulableException: Actors remain that cannot be scheduled!

There are several possible reasons:
* SDF Graphs with feedback loops should have an actor with a delay in the loop, such as a SampleDelay.
* The SDF director has an "allowDisconnectedGraphs"parameter, which, when true, permits disconnected SDF graphs.
* The token consumption rate and production rates might be mismatched.
Usually, actors produce one token or consume one token on a port.  To produce or consume multiple tokens per firing, add a "tokenConsumptionRate" or "tokenProductionRate" parameter to the appropriate port.
Unscheduled actors:
.partiallyConnected.Const2 
Scheduled actors:
.partiallyConnected.Const 
  in .partiallyConnected.SDF Director.Scheduler
	at ptolemy.domains.sdf.kernel.SDFScheduler._scheduleConnectedActors(SDFScheduler.java:1828)
	at ptolemy.domains.sdf.kernel.SDFScheduler._getSchedule(SDFScheduler.java:587)
	at ptolemy.actor.sched.Scheduler.getSchedule(Scheduler.java:189)
	at ptolemy.domains.sdf.kernel.SDFDirector.createSchedule(SDFDirector.java:408)
	at ptolemy.domains.sdf.kernel.SDFDirector.preinitialize(SDFDirector.java:764)
	at ptolemy.actor.CompositeActor.preinitialize(CompositeActor.java:1828)
	at ptolemy.actor.Manager.preinitializeAndResolveTypes(Manager.java:1040)
	at ptolemy.actor.Manager.initialize(Manager.java:710)
	at ptolemy.actor.Manager.execute(Manager.java:356)
	at ptolemy.actor.Manager.run(Manager.java:1263)
	at ptolemy.actor.Manager$PtolemyRunThread.run(Manager.java:1933)
]]></system-err>
</testsuite>
