<?xml version="1.0" encoding="UTF-8" ?>
<testsuite errors="0" failures="0" hostname="travis-job-3440f2af-1978-4a90-8b9b-7887615b90b2" name="ptolemy.domains.de.test.junit.JUnitTclTest" skipped="0" tests="101" time="126.226" timestamp="2019-12-30T06:32:10">
  <properties>
[...]
</properties>
  <testcase classname="ptolemy.util.test.junit.TclTests" name="[0] /home/travis/build/icyphy/ptII/ptolemy/domains/de/test/DependencyLoop.tcl (RunTclFile)" time="0.996" />
  <testcase classname="ptolemy.util.test.junit.TclTests" name="[1] /home/travis/build/icyphy/ptII/ptolemy/domains/de/test/RunDETestsAsQSS.tcl (RunTclFile)" time="85.897" />
  <testcase classname="ptolemy.util.test.junit.AutoKnownFailedTests" name="[0] /home/travis/build/icyphy/ptII/ptolemy/domains/de/test/auto/knownFailedTests/DESDFClockTest.xml (RunModel)" time="2.035" />
  <testcase classname="ptolemy.util.test.junit.AutoKnownFailedTests" name="[1] /home/travis/build/icyphy/ptII/ptolemy/domains/de/test/auto/knownFailedTests/DirectFeedback.xml (RunModel)" time="0.017" />
  <testcase classname="ptolemy.util.test.junit.AutoKnownFailedTests" name="[2] /home/travis/build/icyphy/ptII/ptolemy/domains/de/test/auto/knownFailedTests/FSMSource.xml (RunModel)" time="0.021" />
  <testcase classname="ptolemy.util.test.junit.AutoKnownFailedTests" name="[3] /home/travis/build/icyphy/ptII/ptolemy/domains/de/test/auto/knownFailedTests/HierarchicalModel.xml (RunModel)" time="0.042" />
  <testcase classname="ptolemy.util.test.junit.AutoKnownFailedTests" name="[4] /home/travis/build/icyphy/ptII/ptolemy/domains/de/test/auto/knownFailedTests/dependencyLoop.xml (RunModel)" time="0.031" />
  <testcase classname="ptolemy.util.test.junit.AutoKnownFailedTests" name="[5] /home/travis/build/icyphy/ptII/ptolemy/domains/de/test/auto/knownFailedTests/dependencyLoop2.xml (RunModel)" time="0.035" />
  <testcase classname="ptolemy.util.test.junit.AutoNameArchTests" name="[0] ThereAreNoAutoArchTests (RunModel)" time="0.004" />
  <testcase classname="ptolemy.util.test.junit.AutoTests" name="[0] /home/travis/build/icyphy/ptII/ptolemy/domains/de/test/auto/ActorDepthCalculation_actorWithoutPorts.xml (RunModel)" time="0.018" />
  <testcase classname="ptolemy.util.test.junit.AutoTests" name="[1] /home/travis/build/icyphy/ptII/ptolemy/domains/de/test/auto/AssemblyLine.xml (RunModel)" time="0.02" />
  <testcase classname="ptolemy.util.test.junit.AutoTests" name="[2] /home/travis/build/icyphy/ptII/ptolemy/domains/de/test/auto/CQBug1.xml (RunModel)" time="0.012" />
  <testcase classname="ptolemy.util.test.junit.AutoTests" name="[3] /home/travis/build/icyphy/ptII/ptolemy/domains/de/test/auto/CancelFireAt.xml (RunModel)" time="0.01" />
  <testcase classname="ptolemy.util.test.junit.AutoTests" name="[4] /home/travis/build/icyphy/ptII/ptolemy/domains/de/test/auto/CausalityAndComposabilityAnalysis.xml (RunModel)" time="0.011" />
  <testcase classname="ptolemy.util.test.junit.AutoTests" name="[5] /home/travis/build/icyphy/ptII/ptolemy/domains/de/test/auto/CausalityInterface1.xml (RunModel)" time="0.013" />
  <testcase classname="ptolemy.util.test.junit.AutoTests" name="[6] /home/travis/build/icyphy/ptII/ptolemy/domains/de/test/auto/CausalityInterface15.xml (RunModel)" time="0.016" />
  <testcase classname="ptolemy.util.test.junit.AutoTests" name="[7] /home/travis/build/icyphy/ptII/ptolemy/domains/de/test/auto/CausalityInterface2.xml (RunModel)" time="0.02" />
  <testcase classname="ptolemy.util.test.junit.AutoTests" name="[8] /home/travis/build/icyphy/ptII/ptolemy/domains/de/test/auto/CausalityInterface3.xml (RunModel)" time="0.013" />
  <testcase classname="ptolemy.util.test.junit.AutoTests" name="[9] /home/travis/build/icyphy/ptII/ptolemy/domains/de/test/auto/ClockDrift.xml (RunModel)" time="0.035" />
  <testcase classname="ptolemy.util.test.junit.AutoTests" name="[10] /home/travis/build/icyphy/ptII/ptolemy/domains/de/test/auto/ClockDriftAndValueChange.xml (RunModel)" time="0.031" />
  <testcase classname="ptolemy.util.test.junit.AutoTests" name="[11] /home/travis/build/icyphy/ptII/ptolemy/domains/de/test/auto/ClockDriftChange.xml (RunModel)" time="0.022" />
  <testcase classname="ptolemy.util.test.junit.AutoTests" name="[12] /home/travis/build/icyphy/ptII/ptolemy/domains/de/test/auto/ComposableCausalityAnalysis.xml (RunModel)" time="0.012" />
  <testcase classname="ptolemy.util.test.junit.AutoTests" name="[13] /home/travis/build/icyphy/ptII/ptolemy/domains/de/test/auto/DEFixedPointLimitation.xml (RunModel)" time="0.012" />
  <testcase classname="ptolemy.util.test.junit.AutoTests" name="[14] /home/travis/build/icyphy/ptII/ptolemy/domains/de/test/auto/DEScheduleTest.xml (RunModel)" time="0.012" />
  <testcase classname="ptolemy.util.test.junit.AutoTests" name="[15] /home/travis/build/icyphy/ptII/ptolemy/domains/de/test/auto/DEinDEwithStartTimes.xml (RunModel)" time="0.012" />
  <testcase classname="ptolemy.util.test.junit.AutoTests" name="[16] /home/travis/build/icyphy/ptII/ptolemy/domains/de/test/auto/DEinDEwithStartTimes2.xml (RunModel)" time="0.014" />
  <testcase classname="ptolemy.util.test.junit.AutoTests" name="[17] /home/travis/build/icyphy/ptII/ptolemy/domains/de/test/auto/DateDemo.xml (RunModel)" time="0.029" />
  <testcase classname="ptolemy.util.test.junit.AutoTests" name="[18] /home/travis/build/icyphy/ptII/ptolemy/domains/de/test/auto/DateToEvent.xml (RunModel)" time="2.034" />
  <testcase classname="ptolemy.util.test.junit.AutoTests" name="[19] /home/travis/build/icyphy/ptII/ptolemy/domains/de/test/auto/DepthTest1.xml (RunModel)" time="0.007" />
  <testcase classname="ptolemy.util.test.junit.AutoTests" name="[20] /home/travis/build/icyphy/ptII/ptolemy/domains/de/test/auto/DepthTest2.xml (RunModel)" time="0.025" />
  <testcase classname="ptolemy.util.test.junit.AutoTests" name="[21] /home/travis/build/icyphy/ptII/ptolemy/domains/de/test/auto/DepthTest3.xml (RunModel)" time="0.006" />
  <testcase classname="ptolemy.util.test.junit.AutoTests" name="[22] /home/travis/build/icyphy/ptII/ptolemy/domains/de/test/auto/DepthTest4.xml (RunModel)" time="0.009" />
  <testcase classname="ptolemy.util.test.junit.AutoTests" name="[23] /home/travis/build/icyphy/ptII/ptolemy/domains/de/test/auto/DepthTest5.xml (RunModel)" time="0.01" />
  <testcase classname="ptolemy.util.test.junit.AutoTests" name="[24] /home/travis/build/icyphy/ptII/ptolemy/domains/de/test/auto/DepthTest6.xml (RunModel)" time="0.01" />
  <testcase classname="ptolemy.util.test.junit.AutoTests" name="[25] /home/travis/build/icyphy/ptII/ptolemy/domains/de/test/auto/DepthTest7.xml (RunModel)" time="0.012" />
  <testcase classname="ptolemy.util.test.junit.AutoTests" name="[26] /home/travis/build/icyphy/ptII/ptolemy/domains/de/test/auto/EventToDate.xml (RunModel)" time="3.046" />
  <testcase classname="ptolemy.util.test.junit.AutoTests" name="[27] /home/travis/build/icyphy/ptII/ptolemy/domains/de/test/auto/FSM1.xml (RunModel)" time="0.047" />
  <testcase classname="ptolemy.util.test.junit.AutoTests" name="[28] /home/travis/build/icyphy/ptII/ptolemy/domains/de/test/auto/FSM7.xml (RunModel)" time="0.037" />
  <testcase classname="ptolemy.util.test.junit.AutoTests" name="[29] /home/travis/build/icyphy/ptII/ptolemy/domains/de/test/auto/Inspection.xml (RunModel)" time="0.044" />
  <testcase classname="ptolemy.util.test.junit.AutoTests" name="[30] /home/travis/build/icyphy/ptII/ptolemy/domains/de/test/auto/Iteration.xml (RunModel)" time="0.025" />
  <testcase classname="ptolemy.util.test.junit.AutoTests" name="[31] /home/travis/build/icyphy/ptII/ptolemy/domains/de/test/auto/LineFault.xml (RunModel)" time="0.583" />
  <testcase classname="ptolemy.util.test.junit.AutoTests" name="[32] /home/travis/build/icyphy/ptII/ptolemy/domains/de/test/auto/MergeModel1Add.xml (RunModel)" time="0.046" />
  <testcase classname="ptolemy.util.test.junit.AutoTests" name="[33] /home/travis/build/icyphy/ptII/ptolemy/domains/de/test/auto/MergeModel2Add.xml (RunModel)" time="0.041" />
  <testcase classname="ptolemy.util.test.junit.AutoTests" name="[34] /home/travis/build/icyphy/ptII/ptolemy/domains/de/test/auto/MergeModel3Add.xml (RunModel)" time="0.04" />
  <testcase classname="ptolemy.util.test.junit.AutoTests" name="[35] /home/travis/build/icyphy/ptII/ptolemy/domains/de/test/auto/MergeWithoutDiscard.xml (RunModel)" time="0.01" />
  <testcase classname="ptolemy.util.test.junit.AutoTests" name="[36] /home/travis/build/icyphy/ptII/ptolemy/domains/de/test/auto/Modal1.xml (RunModel)" time="0.028" />
  <testcase classname="ptolemy.util.test.junit.AutoTests" name="[37] /home/travis/build/icyphy/ptII/ptolemy/domains/de/test/auto/Modal2.xml (RunModel)" time="0.031" />
  <testcase classname="ptolemy.util.test.junit.AutoTests" name="[38] /home/travis/build/icyphy/ptII/ptolemy/domains/de/test/auto/Modal3.xml (RunModel)" time="0.027" />
  <testcase classname="ptolemy.util.test.junit.AutoTests" name="[39] /home/travis/build/icyphy/ptII/ptolemy/domains/de/test/auto/Modal4.xml (RunModel)" time="0.033" />
  <testcase classname="ptolemy.util.test.junit.AutoTests" name="[40] /home/travis/build/icyphy/ptII/ptolemy/domains/de/test/auto/Modal5.xml (RunModel)" time="0.035" />
  <testcase classname="ptolemy.util.test.junit.AutoTests" name="[41] /home/travis/build/icyphy/ptII/ptolemy/domains/de/test/auto/Modal6.xml (RunModel)" time="0.03" />
  <testcase classname="ptolemy.util.test.junit.AutoTests" name="[42] /home/travis/build/icyphy/ptII/ptolemy/domains/de/test/auto/Modal7.xml (RunModel)" time="0.031" />
  <testcase classname="ptolemy.util.test.junit.AutoTests" name="[43] /home/travis/build/icyphy/ptII/ptolemy/domains/de/test/auto/ModalModel.xml (RunModel)" time="0.201" />
  <testcase classname="ptolemy.util.test.junit.AutoTests" name="[44] /home/travis/build/icyphy/ptII/ptolemy/domains/de/test/auto/ModalSource.xml (RunModel)" time="0.023" />
  <testcase classname="ptolemy.util.test.junit.AutoTests" name="[45] /home/travis/build/icyphy/ptII/ptolemy/domains/de/test/auto/NonInterruptibleTimerZeroDelay.xml (RunModel)" time="0.01" />
  <testcase classname="ptolemy.util.test.junit.AutoTests" name="[46] /home/travis/build/icyphy/ptII/ptolemy/domains/de/test/auto/OpenQueueingNetwork.xml (RunModel)" time="2.681" />
  <testcase classname="ptolemy.util.test.junit.AutoTests" name="[47] /home/travis/build/icyphy/ptII/ptolemy/domains/de/test/auto/OpenQueuingNetwork.xml (RunModel)" time="0.319" />
  <testcase classname="ptolemy.util.test.junit.AutoTests" name="[48] /home/travis/build/icyphy/ptII/ptolemy/domains/de/test/auto/PeriodicSampler.xml (RunModel)" time="0.008" />
  <testcase classname="ptolemy.util.test.junit.AutoTests" name="[49] /home/travis/build/icyphy/ptII/ptolemy/domains/de/test/auto/PersistentIO.xml (RunModel)" time="0.021" />
  <testcase classname="ptolemy.util.test.junit.AutoTests" name="[50] /home/travis/build/icyphy/ptII/ptolemy/domains/de/test/auto/PortParameterResetOnInitialize.xml (RunModel)" time="0.009" />
  <testcase classname="ptolemy.util.test.junit.AutoTests" name="[51] /home/travis/build/icyphy/ptII/ptolemy/domains/de/test/auto/PortParameterUpdates.xml (RunModel)" time="0.01" />
  <testcase classname="ptolemy.util.test.junit.AutoTests" name="[52] /home/travis/build/icyphy/ptII/ptolemy/domains/de/test/auto/QueueAndServer.xml (RunModel)" time="0.016" />
  <testcase classname="ptolemy.util.test.junit.AutoTests" name="[53] /home/travis/build/icyphy/ptII/ptolemy/domains/de/test/auto/Records.xml (RunModel)" time="0.016" />
  <testcase classname="ptolemy.util.test.junit.AutoTests" name="[54] /home/travis/build/icyphy/ptII/ptolemy/domains/de/test/auto/ResetTransitionWithStartTime1.xml (RunModel)" time="0.014" />
  <testcase classname="ptolemy.util.test.junit.AutoTests" name="[55] /home/travis/build/icyphy/ptII/ptolemy/domains/de/test/auto/ResetTransitionWithStartTime2.xml (RunModel)" time="0.017" />
  <testcase classname="ptolemy.util.test.junit.AutoTests" name="[56] /home/travis/build/icyphy/ptII/ptolemy/domains/de/test/auto/ResetTransitionWithStartTime3.xml (RunModel)" time="0.016" />
  <testcase classname="ptolemy.util.test.junit.AutoTests" name="[57] /home/travis/build/icyphy/ptII/ptolemy/domains/de/test/auto/ResetTransitionWithStartTime4.xml (RunModel)" time="0.014" />
  <testcase classname="ptolemy.util.test.junit.AutoTests" name="[58] /home/travis/build/icyphy/ptII/ptolemy/domains/de/test/auto/ResettableTimer1.xml (RunModel)" time="0.01" />
  <testcase classname="ptolemy.util.test.junit.AutoTests" name="[59] /home/travis/build/icyphy/ptII/ptolemy/domains/de/test/auto/ResettableTimer2.xml (RunModel)" time="0.007" />
  <testcase classname="ptolemy.util.test.junit.AutoTests" name="[60] /home/travis/build/icyphy/ptII/ptolemy/domains/de/test/auto/ResettableTimer3.xml (RunModel)" time="0.008" />
  <testcase classname="ptolemy.util.test.junit.AutoTests" name="[61] /home/travis/build/icyphy/ptII/ptolemy/domains/de/test/auto/ResettableTimer4.xml (RunModel)" time="0.008" />
  <testcase classname="ptolemy.util.test.junit.AutoTests" name="[62] /home/travis/build/icyphy/ptII/ptolemy/domains/de/test/auto/ResettableTimer5.xml (RunModel)" time="0.01" />
  <testcase classname="ptolemy.util.test.junit.AutoTests" name="[63] /home/travis/build/icyphy/ptII/ptolemy/domains/de/test/auto/ResettableTimer6.xml (RunModel)" time="0.015" />
  <testcase classname="ptolemy.util.test.junit.AutoTests" name="[64] /home/travis/build/icyphy/ptII/ptolemy/domains/de/test/auto/ServerZeroDelay.xml (RunModel)" time="0.009" />
  <testcase classname="ptolemy.util.test.junit.AutoTests" name="[65] /home/travis/build/icyphy/ptII/ptolemy/domains/de/test/auto/SmartSender.xml (RunModel)" time="3.006" />
  <testcase classname="ptolemy.util.test.junit.AutoTests" name="[66] /home/travis/build/icyphy/ptII/ptolemy/domains/de/test/auto/ThreadedComposite.xml (RunModel)" time="0.125" />
  <testcase classname="ptolemy.util.test.junit.AutoTests" name="[67] /home/travis/build/icyphy/ptII/ptolemy/domains/de/test/auto/Time.xml (RunModel)" time="0.424" />
  <testcase classname="ptolemy.util.test.junit.AutoTests" name="[68] /home/travis/build/icyphy/ptII/ptolemy/domains/de/test/auto/TimeDelayZeroDelay.xml (RunModel)" time="0.013" />
  <testcase classname="ptolemy.util.test.junit.AutoTests" name="[69] /home/travis/build/icyphy/ptII/ptolemy/domains/de/test/auto/TimerZeroDelay.xml (RunModel)" time="0.017" />
  <testcase classname="ptolemy.util.test.junit.AutoTests" name="[70] /home/travis/build/icyphy/ptII/ptolemy/domains/de/test/auto/TimingParadox.xml (RunModel)" time="0.376" />
  <testcase classname="ptolemy.util.test.junit.AutoTests" name="[71] /home/travis/build/icyphy/ptII/ptolemy/domains/de/test/auto/TransferInputs.xml (RunModel)" time="0.016" />
  <testcase classname="ptolemy.util.test.junit.AutoTests" name="[72] /home/travis/build/icyphy/ptII/ptolemy/domains/de/test/auto/TransferOutputs2.xml (RunModel)" time="0.014" />
  <testcase classname="ptolemy.util.test.junit.AutoTests" name="[73] /home/travis/build/icyphy/ptII/ptolemy/domains/de/test/auto/Trilateration.xml (RunModel)" time="10.502" />
  <testcase classname="ptolemy.util.test.junit.AutoTests" name="[74] /home/travis/build/icyphy/ptII/ptolemy/domains/de/test/auto/TwoSigmaDelta.xml (RunModel)" time="2.011" />
  <testcase classname="ptolemy.util.test.junit.AutoTests" name="[75] /home/travis/build/icyphy/ptII/ptolemy/domains/de/test/auto/VariableDelay.xml (RunModel)" time="0.013" />
  <testcase classname="ptolemy.util.test.junit.AutoTests" name="[76] /home/travis/build/icyphy/ptII/ptolemy/domains/de/test/auto/VariableDelay2.xml (RunModel)" time="0.013" />
  <testcase classname="ptolemy.util.test.junit.AutoTests" name="[77] /home/travis/build/icyphy/ptII/ptolemy/domains/de/test/auto/VariableDelayZeroDelay.xml (RunModel)" time="0.009" />
  <testcase classname="ptolemy.util.test.junit.AutoTests" name="[78] /home/travis/build/icyphy/ptII/ptolemy/domains/de/test/auto/VariableDelayZeroDelay2.xml (RunModel)" time="0.011" />
  <testcase classname="ptolemy.util.test.junit.AutoTests" name="[79] /home/travis/build/icyphy/ptII/ptolemy/domains/de/test/auto/deInCt.xml (RunModel)" time="0.015" />
  <testcase classname="ptolemy.util.test.junit.AutoTests" name="[80] /home/travis/build/icyphy/ptII/ptolemy/domains/de/test/auto/deInCt2.xml (RunModel)" time="0.01" />
  <testcase classname="ptolemy.util.test.junit.AutoTests" name="[81] /home/travis/build/icyphy/ptII/ptolemy/domains/de/test/auto/dynamicCausalityInterface1.xml (RunModel)" time="0.027" />
  <testcase classname="ptolemy.util.test.junit.AutoTests" name="[82] /home/travis/build/icyphy/ptII/ptolemy/domains/de/test/auto/fsm_de_test.xml (RunModel)" time="0.021" />
  <testcase classname="ptolemy.util.test.junit.AutoTests" name="[83] /home/travis/build/icyphy/ptII/ptolemy/domains/de/test/auto/functionDependencyReconstruction.xml (RunModel)" time="0.034" />
  <testcase classname="ptolemy.util.test.junit.AutoTests" name="[84] /home/travis/build/icyphy/ptII/ptolemy/domains/de/test/auto/multirate.xml (RunModel)" time="0.016" />
  <testcase classname="ptolemy.util.test.junit.AutoTests" name="[85] /home/travis/build/icyphy/ptII/ptolemy/domains/de/test/auto/multirate2.xml (RunModel)" time="0.026" />
  <testcase classname="ptolemy.util.test.junit.AutoTests" name="[86] /home/travis/build/icyphy/ptII/ptolemy/domains/de/test/auto/realtime.xml (RunModel)" time="10.01" />
  <testcase classname="ptolemy.util.test.junit.AutoTests" name="[87] /home/travis/build/icyphy/ptII/ptolemy/domains/de/test/auto/relationGroup.xml (RunModel)" time="0.009" />
  <testcase classname="ptolemy.util.test.junit.AutoTests" name="[88] /home/travis/build/icyphy/ptII/ptolemy/domains/de/test/auto/relationGroup2.xml (RunModel)" time="0.014" />
  <testcase classname="ptolemy.util.test.junit.AutoTests" name="[89] /home/travis/build/icyphy/ptII/ptolemy/domains/de/test/auto/sortWithOpaquePorts.xml (RunModel)" time="0.021" />
  <testcase classname="ptolemy.util.test.junit.AutoTests" name="[90] /home/travis/build/icyphy/ptII/ptolemy/domains/de/test/auto/transferInputsandOutputs.xml (RunModel)" time="0.014" />
  <testcase classname="ptolemy.util.test.junit.AutoTests" name="[91] /home/travis/build/icyphy/ptII/ptolemy/domains/de/test/auto/triggerType.xml (RunModel)" time="0.034" />
  <system-out><![CDATA[/home/travis/build/icyphy/ptII/ptolemy/domains/de/test/DependencyLoop.tcl
testDefs.tcl: setting time out to 9000 seconds at Mon Dec 30 06:32:10 UTC 2019
78 ms. Memory: 129024K Free: 80325K (62%)
21 ms. Memory: 129024K Free: 62903K (49%)
/home/travis/build/icyphy/ptII/ptolemy/domains/de/test/RunDETestsAsQSS.tcl
Run the DE tests using ptolemy.domains.qss.test.QSSDirectorTest, which extends QSSDirector and prints a message in the constructors.
------------------ testing $PTII/ptolemy/domains/de/test/auto/knownFailedTests/DirectFeedback.xml (Known Failure) 
39 ms. Memory: 129024K Free: 57287K (44%)


==== $PTIIhome/travis/build/icyphy/ptII/ptolemy/domains/de/test/../../../../: Auto Automatic test in file $PTII/ptolemy/domains/de/test/auto/knownFailedTests/DirectFeedback.xml
==== Contents of test case:

	    # FIXME: we should use $relativeFilename here, but it
	    # might have backslashes under Windows, which causes no end
	    # of trouble.
	    createAndExecute $file
	    list {}
	
.... Test generated KNOWN error:
    while executing
ptolemy.kernel.util.IllegalActionException: Test fails in iteration 1.
Value was: 1.0. Should have been: 2.0
  in .DirectFeedback.Test
	at ptolemy.actor.lib.Test.fire(Test.java:268)
	at ptolemy.domains.de.kernel.DEDirector._fire(DEDirector.java:1949)
	at ptolemy.domains.de.kernel.DEDirector.fire(DEDirector.java:502)
	at ptolemy.actor.CompositeActor.fire(CompositeActor.java:455)
	at ptolemy.actor.Manager.iterate(Manager.java:851)
	at ptolemy.actor.Manager.execute(Manager.java:369)
	at ptolemy.actor.Manager.run(Manager.java:1263)
	at ptolemy.actor.Manager$PtolemyRunThread.run(Manager.java:1933)

    while executing
ptolemy.kernel.util.IllegalActionException: Test fails in iteration 1.
Value was: 1.0. Should have been: 2.0
  in .DirectFeedback.Test
    while executing
"java::new ptolemy.moml.MoMLSimpleApplication $file
"
    (procedure "createAndExecute" line 2)
    invoked from within
"createAndExecute $file"
    ("uplevel" body line 5)
    invoked from within
"uplevel $contents_of_test"
------------------ testing $PTII/ptolemy/domains/de/test/auto/knownFailedTests/dependencyLoop.xml (Known Failure) 
11 ms. Memory: 129024K Free: 54215K (42%)


==== $PTIIhome/travis/build/icyphy/ptII/ptolemy/domains/de/test/../../../../: Auto Automatic test in file $PTII/ptolemy/domains/de/test/auto/knownFailedTests/dependencyLoop.xml
==== Contents of test case:

	    # FIXME: we should use $relativeFilename here, but it
	    # might have backslashes under Windows, which causes no end
	    # of trouble.
	    createAndExecute $file
	    list {}
	
.... Test generated KNOWN error:
    while executing
ptolemy.kernel.util.IllegalActionException: Found a zero delay loop containing .dependencyLoop.original
  in .dependencyLoop and .dependencyLoop.original
	at ptolemy.actor.util.CausalityInterfaceForComposites._computeOutputPortDepth(CausalityInterfaceForComposites.java:759)
	at ptolemy.actor.util.CausalityInterfaceForComposites._computeInputDepth(CausalityInterfaceForComposites.java:696)
	at ptolemy.actor.util.CausalityInterfaceForComposites._computeOutputPortDepth(CausalityInterfaceForComposites.java:765)
	at ptolemy.actor.util.CausalityInterfaceForComposites._computeInputDepth(CausalityInterfaceForComposites.java:696)
	at ptolemy.actor.util.CausalityInterfaceForComposites._computeOutputPortDepth(CausalityInterfaceForComposites.java:765)
	at ptolemy.actor.util.CausalityInterfaceForComposites._computeInputDepth(CausalityInterfaceForComposites.java:696)
	at ptolemy.actor.util.CausalityInterfaceForComposites._computeActorDepth(CausalityInterfaceForComposites.java:532)
	at ptolemy.actor.util.CausalityInterfaceForComposites.checkForCycles(CausalityInterfaceForComposites.java:96)
	at ptolemy.domains.de.kernel.DEDirector.preinitialize(DEDirector.java:1338)
	at ptolemy.actor.CompositeActor.preinitialize(CompositeActor.java:1828)
	at ptolemy.actor.Manager.preinitializeAndResolveTypes(Manager.java:1040)
	at ptolemy.actor.Manager.initialize(Manager.java:710)
	at ptolemy.actor.Manager.execute(Manager.java:356)
	at ptolemy.actor.Manager.run(Manager.java:1263)
	at ptolemy.actor.Manager$PtolemyRunThread.run(Manager.java:1933)

    while executing
ptolemy.kernel.util.IllegalActionException: Found a zero delay loop containing .dependencyLoop.original
  in .dependencyLoop and .dependencyLoop.original
    while executing
"java::new ptolemy.moml.MoMLSimpleApplication $file
"
    (procedure "createAndExecute" line 2)
    invoked from within
"createAndExecute $file"
    ("uplevel" body line 5)
    invoked from within
"uplevel $contents_of_test"
------------------ testing $PTII/ptolemy/domains/de/test/auto/knownFailedTests/FSMSource.xml (Known Failure) 
64 ms. Memory: 129024K Free: 112486K (87%)
!!!! Auto was marked as failing, but now passes
------------------ testing $PTII/ptolemy/domains/de/test/auto/knownFailedTests/HierarchicalModel.xml (Known Failure) 
7 ms. Memory: 129024K Free: 95070K (74%)


==== $PTIIhome/travis/build/icyphy/ptII/ptolemy/domains/de/test/../../../../: Auto Automatic test in file $PTII/ptolemy/domains/de/test/auto/knownFailedTests/HierarchicalModel.xml
==== Contents of test case:

	    # FIXME: we should use $relativeFilename here, but it
	    # might have backslashes under Windows, which causes no end
	    # of trouble.
	    createAndExecute $file
	    list {}
	
.... Test generated KNOWN error:
    while executing
ptolemy.kernel.util.IllegalActionException: Found a zero delay loop containing .HierarchicalModel.A
  in .HierarchicalModel and .HierarchicalModel.A
	at ptolemy.actor.util.CausalityInterfaceForComposites._computeOutputPortDepth(CausalityInterfaceForComposites.java:759)
	at ptolemy.actor.util.CausalityInterfaceForComposites._computeInputDepth(CausalityInterfaceForComposites.java:696)
	at ptolemy.actor.util.CausalityInterfaceForComposites._computeOutputPortDepth(CausalityInterfaceForComposites.java:765)
	at ptolemy.actor.util.CausalityInterfaceForComposites._computeInputDepth(CausalityInterfaceForComposites.java:696)
	at ptolemy.actor.util.CausalityInterfaceForComposites._computeOutputPortDepth(CausalityInterfaceForComposites.java:765)
	at ptolemy.actor.util.CausalityInterfaceForComposites._computeInputDepth(CausalityInterfaceForComposites.java:696)
	at ptolemy.actor.util.CausalityInterfaceForComposites._computeActorDepth(CausalityInterfaceForComposites.java:532)
	at ptolemy.actor.util.CausalityInterfaceForComposites.checkForCycles(CausalityInterfaceForComposites.java:96)
	at ptolemy.domains.de.kernel.DEDirector.preinitialize(DEDirector.java:1338)
	at ptolemy.actor.CompositeActor.preinitialize(CompositeActor.java:1828)
	at ptolemy.actor.Manager.preinitializeAndResolveTypes(Manager.java:1040)
	at ptolemy.actor.Manager.initialize(Manager.java:710)
	at ptolemy.actor.Manager.execute(Manager.java:356)
	at ptolemy.actor.Manager.run(Manager.java:1263)
	at ptolemy.actor.Manager$PtolemyRunThread.run(Manager.java:1933)

    while executing
ptolemy.kernel.util.IllegalActionException: Found a zero delay loop containing .HierarchicalModel.A
  in .HierarchicalModel and .HierarchicalModel.A
    while executing
"java::new ptolemy.moml.MoMLSimpleApplication $file
"
    (procedure "createAndExecute" line 2)
    invoked from within
"createAndExecute $file"
    ("uplevel" body line 5)
    invoked from within
"uplevel $contents_of_test"
------------------ testing $PTII/ptolemy/domains/de/test/auto/knownFailedTests/dependencyLoop2.xml (Known Failure) 
3 ms. Memory: 129024K Free: 78684K (61%)


==== $PTIIhome/travis/build/icyphy/ptII/ptolemy/domains/de/test/../../../../: Auto Automatic test in file $PTII/ptolemy/domains/de/test/auto/knownFailedTests/dependencyLoop2.xml
==== Contents of test case:

	    # FIXME: we should use $relativeFilename here, but it
	    # might have backslashes under Windows, which causes no end
	    # of trouble.
	    createAndExecute $file
	    list {}
	
.... Test generated KNOWN error:
    while executing
ptolemy.kernel.util.IllegalActionException: Found a zero delay loop containing .dependencyLoop2.original
  in .dependencyLoop2 and .dependencyLoop2.original
	at ptolemy.actor.util.CausalityInterfaceForComposites._computeOutputPortDepth(CausalityInterfaceForComposites.java:759)
	at ptolemy.actor.util.CausalityInterfaceForComposites._computeInputDepth(CausalityInterfaceForComposites.java:696)
	at ptolemy.actor.util.CausalityInterfaceForComposites._computeOutputPortDepth(CausalityInterfaceForComposites.java:765)
	at ptolemy.actor.util.CausalityInterfaceForComposites._computeInputDepth(CausalityInterfaceForComposites.java:696)
	at ptolemy.actor.util.CausalityInterfaceForComposites._computeOutputPortDepth(CausalityInterfaceForComposites.java:765)
	at ptolemy.actor.util.CausalityInterfaceForComposites._computeInputDepth(CausalityInterfaceForComposites.java:696)
	at ptolemy.actor.util.CausalityInterfaceForComposites._computeActorDepth(CausalityInterfaceForComposites.java:532)
	at ptolemy.actor.util.CausalityInterfaceForComposites.checkForCycles(CausalityInterfaceForComposites.java:96)
	at ptolemy.domains.de.kernel.DEDirector.preinitialize(DEDirector.java:1338)
	at ptolemy.actor.CompositeActor.preinitialize(CompositeActor.java:1828)
	at ptolemy.actor.Manager.preinitializeAndResolveTypes(Manager.java:1040)
	at ptolemy.actor.Manager.initialize(Manager.java:710)
	at ptolemy.actor.Manager.execute(Manager.java:356)
	at ptolemy.actor.Manager.run(Manager.java:1263)
	at ptolemy.actor.Manager$PtolemyRunThread.run(Manager.java:1933)

    while executing
ptolemy.kernel.util.IllegalActionException: Found a zero delay loop containing .dependencyLoop2.original
  in .dependencyLoop2 and .dependencyLoop2.original
    while executing
"java::new ptolemy.moml.MoMLSimpleApplication $file
"
    (procedure "createAndExecute" line 2)
    invoked from within
"createAndExecute $file"
    ("uplevel" body line 5)
    invoked from within
"uplevel $contents_of_test"
------------------ testing $PTII/ptolemy/domains/de/test/auto/knownFailedTests/DESDFClockTest.xml (Known Failure) 
2057 ms. Memory: 129024K Free: 110047K (85%)


==== $PTIIhome/travis/build/icyphy/ptII/ptolemy/domains/de/test/../../../../: Auto Automatic test in file $PTII/ptolemy/domains/de/test/auto/knownFailedTests/DESDFClockTest.xml
==== Contents of test case:

	    # FIXME: we should use $relativeFilename here, but it
	    # might have backslashes under Windows, which causes no end
	    # of trouble.
	    createAndExecute $file
	    list {}
	
.... Test generated KNOWN error:
    while executing
ptolemy.kernel.util.IllegalActionException: Actor is not ready to fire.  Perhaps UpSample.prefire() returned false? Try debugging the actor by selecting "Listen to Actor".  Also, for SDF check moml for tokenConsumptionRate on input.
  in .DESDFClockTest.Play Bell.Copy1:SDF Director and .DESDFClockTest.Play Bell.UpSample
	at ptolemy.actor.sched.StaticSchedulingDirector.fire(StaticSchedulingDirector.java:227)
	at ptolemy.domains.sdf.kernel.SDFDirector.fire(SDFDirector.java:500)
	at ptolemy.actor.CompositeActor.fire(CompositeActor.java:455)
	at ptolemy.domains.de.kernel.DEDirector._fire(DEDirector.java:1949)
	at ptolemy.domains.de.kernel.DEDirector.fire(DEDirector.java:502)
	at ptolemy.actor.CompositeActor.fire(CompositeActor.java:455)
	at ptolemy.actor.Manager.iterate(Manager.java:851)
	at ptolemy.actor.Manager.execute(Manager.java:369)
	at ptolemy.actor.Manager.run(Manager.java:1263)
	at ptolemy.actor.Manager$PtolemyRunThread.run(Manager.java:1933)

    while executing
ptolemy.kernel.util.IllegalActionException: Actor is not ready to fire.  Perhaps UpSample.prefire() returned false? Try debugging the actor by selecting "Listen to Actor".  Also, for SDF check moml for tokenConsumptionRate on input.
  in .DESDFClockTest.Play Bell.Copy1:SDF Director and .DESDFClockTest.Play Bell.UpSample
    while executing
"java::new ptolemy.moml.MoMLSimpleApplication $file
"
    (procedure "createAndExecute" line 2)
    invoked from within
"createAndExecute $file"
    ("uplevel" body line 5)
    invoked from within
"uplevel $contents_of_test"
------------------ testing $PTII/ptolemy/domains/de/test/auto/ActorDepthCalculation_actorWithoutPorts.xml
auto.tcl: Setting watchdog for 200 seconds at Mon Dec 30 06:32:13 UTC 2019
14 ms. Memory: 129024K Free: 102351K (79%)
ptolemy.util.test.WatchDog.cancel(): canceling Mon Dec 30 06:32:13 UTC 2019
auto.tcl: Setting watchdog for 200 seconds at Mon Dec 30 06:32:13 UTC 2019
4 ms. Memory: 129024K Free: 100831K (78%)
ptolemy.util.test.WatchDog.cancel(): canceling Mon Dec 30 06:32:13 UTC 2019
------------------ testing $PTII/ptolemy/domains/de/test/auto/AssemblyLine.xml
auto.tcl: Setting watchdog for 200 seconds at Mon Dec 30 06:32:14 UTC 2019
7 ms. Memory: 48128K Free: 25503K (53%)
ptolemy.util.test.WatchDog.cancel(): canceling Mon Dec 30 06:32:14 UTC 2019
auto.tcl: Setting watchdog for 200 seconds at Mon Dec 30 06:32:14 UTC 2019
5 ms. Memory: 48128K Free: 25031K (52%)
ptolemy.util.test.WatchDog.cancel(): canceling Mon Dec 30 06:32:14 UTC 2019
------------------ testing $PTII/ptolemy/domains/de/test/auto/CQBug1.xml
auto.tcl: Setting watchdog for 200 seconds at Mon Dec 30 06:32:14 UTC 2019
2 ms. Memory: 48128K Free: 31587K (66%)
ptolemy.util.test.WatchDog.cancel(): canceling Mon Dec 30 06:32:14 UTC 2019
auto.tcl: Setting watchdog for 200 seconds at Mon Dec 30 06:32:14 UTC 2019
2 ms. Memory: 48128K Free: 31154K (65%)
ptolemy.util.test.WatchDog.cancel(): canceling Mon Dec 30 06:32:14 UTC 2019
------------------ testing $PTII/ptolemy/domains/de/test/auto/CancelFireAt.xml
auto.tcl: Setting watchdog for 200 seconds at Mon Dec 30 06:32:14 UTC 2019
5 ms. Memory: 48128K Free: 32749K (68%)
ptolemy.util.test.WatchDog.cancel(): canceling Mon Dec 30 06:32:14 UTC 2019
auto.tcl: Setting watchdog for 200 seconds at Mon Dec 30 06:32:14 UTC 2019
2 ms. Memory: 48128K Free: 32284K (67%)
ptolemy.util.test.WatchDog.cancel(): canceling Mon Dec 30 06:32:14 UTC 2019
------------------ testing $PTII/ptolemy/domains/de/test/auto/CausalityAndComposabilityAnalysis.xml
auto.tcl: Setting watchdog for 200 seconds at Mon Dec 30 06:32:14 UTC 2019
17 ms. Memory: 48128K Free: 30991K (64%)
ptolemy.util.test.WatchDog.cancel(): canceling Mon Dec 30 06:32:14 UTC 2019
auto.tcl: Setting watchdog for 200 seconds at Mon Dec 30 06:32:14 UTC 2019
4 ms. Memory: 48128K Free: 30109K (63%)
ptolemy.util.test.WatchDog.cancel(): canceling Mon Dec 30 06:32:14 UTC 2019
------------------ testing $PTII/ptolemy/domains/de/test/auto/CausalityInterface1.xml
auto.tcl: Setting watchdog for 200 seconds at Mon Dec 30 06:32:14 UTC 2019
35 ms. Memory: 48128K Free: 29435K (61%)
ptolemy.util.test.WatchDog.cancel(): canceling Mon Dec 30 06:32:14 UTC 2019
auto.tcl: Setting watchdog for 200 seconds at Mon Dec 30 06:32:14 UTC 2019
6 ms. Memory: 48128K Free: 28468K (59%)
ptolemy.util.test.WatchDog.cancel(): canceling Mon Dec 30 06:32:14 UTC 2019
------------------ testing $PTII/ptolemy/domains/de/test/auto/CausalityInterface15.xml
auto.tcl: Setting watchdog for 200 seconds at Mon Dec 30 06:32:14 UTC 2019
16 ms. Memory: 48128K Free: 29307K (61%)
ptolemy.util.test.WatchDog.cancel(): canceling Mon Dec 30 06:32:14 UTC 2019
auto.tcl: Setting watchdog for 200 seconds at Mon Dec 30 06:32:14 UTC 2019
3 ms. Memory: 48128K Free: 28417K (59%)
ptolemy.util.test.WatchDog.cancel(): canceling Mon Dec 30 06:32:14 UTC 2019
------------------ testing $PTII/ptolemy/domains/de/test/auto/CausalityInterface2.xml
auto.tcl: Setting watchdog for 200 seconds at Mon Dec 30 06:32:14 UTC 2019
4 ms. Memory: 48128K Free: 30088K (63%)
ptolemy.util.test.WatchDog.cancel(): canceling Mon Dec 30 06:32:15 UTC 2019
auto.tcl: Setting watchdog for 200 seconds at Mon Dec 30 06:32:15 UTC 2019
9 ms. Memory: 48128K Free: 28947K (60%)
ptolemy.util.test.WatchDog.cancel(): canceling Mon Dec 30 06:32:15 UTC 2019
------------------ testing $PTII/ptolemy/domains/de/test/auto/CausalityInterface3.xml
auto.tcl: Setting watchdog for 200 seconds at Mon Dec 30 06:32:15 UTC 2019
6 ms. Memory: 48128K Free: 29593K (61%)
ptolemy.util.test.WatchDog.cancel(): canceling Mon Dec 30 06:32:15 UTC 2019
auto.tcl: Setting watchdog for 200 seconds at Mon Dec 30 06:32:15 UTC 2019
3 ms. Memory: 48128K Free: 29144K (61%)
ptolemy.util.test.WatchDog.cancel(): canceling Mon Dec 30 06:32:15 UTC 2019
------------------ testing $PTII/ptolemy/domains/de/test/auto/ClockDrift.xml
auto.tcl: Setting watchdog for 200 seconds at Mon Dec 30 06:32:15 UTC 2019
64 ms. Memory: 48128K Free: 21935K (46%)
ptolemy.util.test.WatchDog.cancel(): canceling Mon Dec 30 06:32:15 UTC 2019
auto.tcl: Setting watchdog for 200 seconds at Mon Dec 30 06:32:15 UTC 2019
64 ms. Memory: 48128K Free: 18735K (39%)
ptolemy.util.test.WatchDog.cancel(): canceling Mon Dec 30 06:32:15 UTC 2019
------------------ testing $PTII/ptolemy/domains/de/test/auto/ClockDriftAndValueChange.xml
auto.tcl: Setting watchdog for 200 seconds at Mon Dec 30 06:32:15 UTC 2019
41 ms. Memory: 48128K Free: 22269K (46%)
ptolemy.util.test.WatchDog.cancel(): canceling Mon Dec 30 06:32:15 UTC 2019
auto.tcl: Setting watchdog for 200 seconds at Mon Dec 30 06:32:15 UTC 2019
28 ms. Memory: 48128K Free: 19445K (40%)
ptolemy.util.test.WatchDog.cancel(): canceling Mon Dec 30 06:32:15 UTC 2019
------------------ testing $PTII/ptolemy/domains/de/test/auto/ClockDriftChange.xml
auto.tcl: Setting watchdog for 200 seconds at Mon Dec 30 06:32:15 UTC 2019
22 ms. Memory: 48128K Free: 24316K (51%)
ptolemy.util.test.WatchDog.cancel(): canceling Mon Dec 30 06:32:15 UTC 2019
auto.tcl: Setting watchdog for 200 seconds at Mon Dec 30 06:32:15 UTC 2019
31 ms. Memory: 48128K Free: 21713K (45%)
ptolemy.util.test.WatchDog.cancel(): canceling Mon Dec 30 06:32:15 UTC 2019
------------------ testing $PTII/ptolemy/domains/de/test/auto/ComposableCausalityAnalysis.xml
auto.tcl: Setting watchdog for 200 seconds at Mon Dec 30 06:32:15 UTC 2019
2 ms. Memory: 48128K Free: 28736K (60%)
ptolemy.util.test.WatchDog.cancel(): canceling Mon Dec 30 06:32:15 UTC 2019
auto.tcl: Setting watchdog for 200 seconds at Mon Dec 30 06:32:15 UTC 2019
4 ms. Memory: 48128K Free: 27658K (57%)
ptolemy.util.test.WatchDog.cancel(): canceling Mon Dec 30 06:32:15 UTC 2019
------------------ testing $PTII/ptolemy/domains/de/test/auto/DEFixedPointLimitation.xml
auto.tcl: Setting watchdog for 200 seconds at Mon Dec 30 06:32:15 UTC 2019
6 ms. Memory: 48128K Free: 30088K (63%)
ptolemy.util.test.WatchDog.cancel(): canceling Mon Dec 30 06:32:15 UTC 2019
auto.tcl: Setting watchdog for 200 seconds at Mon Dec 30 06:32:15 UTC 2019
2 ms. Memory: 48128K Free: 29179K (61%)
ptolemy.util.test.WatchDog.cancel(): canceling Mon Dec 30 06:32:15 UTC 2019
------------------ testing $PTII/ptolemy/domains/de/test/auto/DEScheduleTest.xml
auto.tcl: Setting watchdog for 200 seconds at Mon Dec 30 06:32:15 UTC 2019
7 ms. Memory: 48128K Free: 30373K (63%)
ptolemy.util.test.WatchDog.cancel(): canceling Mon Dec 30 06:32:15 UTC 2019
auto.tcl: Setting watchdog for 200 seconds at Mon Dec 30 06:32:15 UTC 2019
3 ms. Memory: 48128K Free: 29597K (61%)
ptolemy.util.test.WatchDog.cancel(): canceling Mon Dec 30 06:32:15 UTC 2019
------------------ testing $PTII/ptolemy/domains/de/test/auto/DEinDEwithStartTimes.xml
auto.tcl: Setting watchdog for 200 seconds at Mon Dec 30 06:32:15 UTC 2019
3 ms. Memory: 48128K Free: 28538K (59%)
ptolemy.util.test.WatchDog.cancel(): canceling Mon Dec 30 06:32:15 UTC 2019
auto.tcl: Setting watchdog for 200 seconds at Mon Dec 30 06:32:15 UTC 2019
4 ms. Memory: 48128K Free: 27499K (57%)
ptolemy.util.test.WatchDog.cancel(): canceling Mon Dec 30 06:32:15 UTC 2019
------------------ testing $PTII/ptolemy/domains/de/test/auto/DEinDEwithStartTimes2.xml
auto.tcl: Setting watchdog for 200 seconds at Mon Dec 30 06:32:15 UTC 2019
8 ms. Memory: 48128K Free: 27707K (58%)
ptolemy.util.test.WatchDog.cancel(): canceling Mon Dec 30 06:32:15 UTC 2019
auto.tcl: Setting watchdog for 200 seconds at Mon Dec 30 06:32:15 UTC 2019
3 ms. Memory: 48128K Free: 26454K (55%)
ptolemy.util.test.WatchDog.cancel(): canceling Mon Dec 30 06:32:15 UTC 2019
------------------ testing $PTII/ptolemy/domains/de/test/auto/DateDemo.xml
auto.tcl: Setting watchdog for 200 seconds at Mon Dec 30 06:32:16 UTC 2019
15 ms. Memory: 48128K Free: 22096K (46%)
ptolemy.util.test.WatchDog.cancel(): canceling Mon Dec 30 06:32:16 UTC 2019
auto.tcl: Setting watchdog for 200 seconds at Mon Dec 30 06:32:16 UTC 2019
7 ms. Memory: 48128K Free: 20493K (43%)
ptolemy.util.test.WatchDog.cancel(): canceling Mon Dec 30 06:32:16 UTC 2019
------------------ testing $PTII/ptolemy/domains/de/test/auto/DateToEvent.xml
auto.tcl: Setting watchdog for 200 seconds at Mon Dec 30 06:32:16 UTC 2019
2018 ms. Memory: 48128K Free: 18018K (37%)
ptolemy.util.test.WatchDog.cancel(): canceling Mon Dec 30 06:32:18 UTC 2019
auto.tcl: Setting watchdog for 200 seconds at Mon Dec 30 06:32:18 UTC 2019
2004 ms. Memory: 48128K Free: 17211K (36%)
ptolemy.util.test.WatchDog.cancel(): canceling Mon Dec 30 06:32:20 UTC 2019
------------------ testing $PTII/ptolemy/domains/de/test/auto/DepthTest1.xml
auto.tcl: Setting watchdog for 200 seconds at Mon Dec 30 06:32:20 UTC 2019
6 ms. Memory: 48128K Free: 30582K (64%)
ptolemy.util.test.WatchDog.cancel(): canceling Mon Dec 30 06:32:20 UTC 2019
auto.tcl: Setting watchdog for 200 seconds at Mon Dec 30 06:32:20 UTC 2019
1 ms. Memory: 48128K Free: 30150K (63%)
ptolemy.util.test.WatchDog.cancel(): canceling Mon Dec 30 06:32:20 UTC 2019
------------------ testing $PTII/ptolemy/domains/de/test/auto/DepthTest2.xml
auto.tcl: Setting watchdog for 200 seconds at Mon Dec 30 06:32:20 UTC 2019
3 ms. Memory: 48128K Free: 27994K (58%)
ptolemy.util.test.WatchDog.cancel(): canceling Mon Dec 30 06:32:20 UTC 2019
auto.tcl: Setting watchdog for 200 seconds at Mon Dec 30 06:32:20 UTC 2019
2 ms. Memory: 48128K Free: 27561K (57%)
ptolemy.util.test.WatchDog.cancel(): canceling Mon Dec 30 06:32:20 UTC 2019
------------------ testing $PTII/ptolemy/domains/de/test/auto/DepthTest3.xml
auto.tcl: Setting watchdog for 200 seconds at Mon Dec 30 06:32:20 UTC 2019
2 ms. Memory: 48128K Free: 31495K (65%)
ptolemy.util.test.WatchDog.cancel(): canceling Mon Dec 30 06:32:20 UTC 2019
auto.tcl: Setting watchdog for 200 seconds at Mon Dec 30 06:32:20 UTC 2019
1 ms. Memory: 48128K Free: 31063K (65%)
ptolemy.util.test.WatchDog.cancel(): canceling Mon Dec 30 06:32:20 UTC 2019
------------------ testing $PTII/ptolemy/domains/de/test/auto/DepthTest4.xml
auto.tcl: Setting watchdog for 200 seconds at Mon Dec 30 06:32:20 UTC 2019
10 ms. Memory: 48128K Free: 29845K (62%)
ptolemy.util.test.WatchDog.cancel(): canceling Mon Dec 30 06:32:20 UTC 2019
auto.tcl: Setting watchdog for 200 seconds at Mon Dec 30 06:32:20 UTC 2019
2 ms. Memory: 48128K Free: 29127K (61%)
ptolemy.util.test.WatchDog.cancel(): canceling Mon Dec 30 06:32:20 UTC 2019
------------------ testing $PTII/ptolemy/domains/de/test/auto/DepthTest5.xml
auto.tcl: Setting watchdog for 200 seconds at Mon Dec 30 06:32:20 UTC 2019
4 ms. Memory: 48128K Free: 29201K (61%)
ptolemy.util.test.WatchDog.cancel(): canceling Mon Dec 30 06:32:20 UTC 2019
auto.tcl: Setting watchdog for 200 seconds at Mon Dec 30 06:32:20 UTC 2019
2 ms. Memory: 48128K Free: 28455K (59%)
ptolemy.util.test.WatchDog.cancel(): canceling Mon Dec 30 06:32:20 UTC 2019
------------------ testing $PTII/ptolemy/domains/de/test/auto/DepthTest6.xml
auto.tcl: Setting watchdog for 200 seconds at Mon Dec 30 06:32:20 UTC 2019
3 ms. Memory: 48128K Free: 28716K (60%)
ptolemy.util.test.WatchDog.cancel(): canceling Mon Dec 30 06:32:20 UTC 2019
auto.tcl: Setting watchdog for 200 seconds at Mon Dec 30 06:32:20 UTC 2019
2 ms. Memory: 48128K Free: 28014K (58%)
ptolemy.util.test.WatchDog.cancel(): canceling Mon Dec 30 06:32:20 UTC 2019
------------------ testing $PTII/ptolemy/domains/de/test/auto/DepthTest7.xml
auto.tcl: Setting watchdog for 200 seconds at Mon Dec 30 06:32:20 UTC 2019
2 ms. Memory: 48128K Free: 29769K (62%)
ptolemy.util.test.WatchDog.cancel(): canceling Mon Dec 30 06:32:20 UTC 2019
auto.tcl: Setting watchdog for 200 seconds at Mon Dec 30 06:32:20 UTC 2019
2 ms. Memory: 48128K Free: 29052K (60%)
ptolemy.util.test.WatchDog.cancel(): canceling Mon Dec 30 06:32:20 UTC 2019
------------------ testing $PTII/ptolemy/domains/de/test/auto/EventToDate.xml
auto.tcl: Setting watchdog for 200 seconds at Mon Dec 30 06:32:20 UTC 2019
3005 ms. Memory: 48128K Free: 20473K (43%)
ptolemy.util.test.WatchDog.cancel(): canceling Mon Dec 30 06:32:23 UTC 2019
auto.tcl: Setting watchdog for 200 seconds at Mon Dec 30 06:32:23 UTC 2019
3004 ms. Memory: 48128K Free: 19839K (41%)
ptolemy.util.test.WatchDog.cancel(): canceling Mon Dec 30 06:32:26 UTC 2019
------------------ testing $PTII/ptolemy/domains/de/test/auto/FSM1.xml
auto.tcl: Setting watchdog for 200 seconds at Mon Dec 30 06:32:26 UTC 2019
34 ms. Memory: 48128K Free: 21760K (45%)
ptolemy.util.test.WatchDog.cancel(): canceling Mon Dec 30 06:32:26 UTC 2019
auto.tcl: Setting watchdog for 200 seconds at Mon Dec 30 06:32:26 UTC 2019
15 ms. Memory: 48128K Free: 18502K (38%)
ptolemy.util.test.WatchDog.cancel(): canceling Mon Dec 30 06:32:26 UTC 2019
------------------ testing $PTII/ptolemy/domains/de/test/auto/FSM7.xml
auto.tcl: Setting watchdog for 200 seconds at Mon Dec 30 06:32:26 UTC 2019
28 ms. Memory: 48128K Free: 21426K (45%)
ptolemy.util.test.WatchDog.cancel(): canceling Mon Dec 30 06:32:27 UTC 2019
auto.tcl: Setting watchdog for 200 seconds at Mon Dec 30 06:32:27 UTC 2019
24 ms. Memory: 48128K Free: 18310K (38%)
ptolemy.util.test.WatchDog.cancel(): canceling Mon Dec 30 06:32:27 UTC 2019
------------------ testing $PTII/ptolemy/domains/de/test/auto/Inspection.xml
auto.tcl: Setting watchdog for 200 seconds at Mon Dec 30 06:32:27 UTC 2019
20 ms. Memory: 48128K Free: 21444K (45%)
ptolemy.util.test.WatchDog.cancel(): canceling Mon Dec 30 06:32:27 UTC 2019
auto.tcl: Setting watchdog for 200 seconds at Mon Dec 30 06:32:27 UTC 2019
21 ms. Memory: 48128K Free: 19734K (41%)
ptolemy.util.test.WatchDog.cancel(): canceling Mon Dec 30 06:32:27 UTC 2019
------------------ testing $PTII/ptolemy/domains/de/test/auto/Iteration.xml
auto.tcl: Setting watchdog for 200 seconds at Mon Dec 30 06:32:27 UTC 2019
8 ms. Memory: 48128K Free: 27219K (57%)
ptolemy.util.test.WatchDog.cancel(): canceling Mon Dec 30 06:32:27 UTC 2019
auto.tcl: Setting watchdog for 200 seconds at Mon Dec 30 06:32:27 UTC 2019
6 ms. Memory: 48128K Free: 25807K (54%)
ptolemy.util.test.WatchDog.cancel(): canceling Mon Dec 30 06:32:27 UTC 2019
------------------ testing $PTII/ptolemy/domains/de/test/auto/LineFault.xml
auto.tcl: Setting watchdog for 200 seconds at Mon Dec 30 06:32:27 UTC 2019
807 ms. Memory: 58368K Free: 17294K (30%)
ptolemy.util.test.WatchDog.cancel(): canceling Mon Dec 30 06:32:28 UTC 2019
auto.tcl: Setting watchdog for 200 seconds at Mon Dec 30 06:32:28 UTC 2019
694 ms. Memory: 58368K Free: 15886K (27%)
ptolemy.util.test.WatchDog.cancel(): canceling Mon Dec 30 06:32:29 UTC 2019
------------------ testing $PTII/ptolemy/domains/de/test/auto/MergeModel1Add.xml
auto.tcl: Setting watchdog for 200 seconds at Mon Dec 30 06:32:29 UTC 2019
15 ms. Memory: 55296K Free: 20359K (37%)
ptolemy.util.test.WatchDog.cancel(): canceling Mon Dec 30 06:32:29 UTC 2019
auto.tcl: Setting watchdog for 200 seconds at Mon Dec 30 06:32:29 UTC 2019
13 ms. Memory: 55296K Free: 18752K (34%)
ptolemy.util.test.WatchDog.cancel(): canceling Mon Dec 30 06:32:29 UTC 2019
------------------ testing $PTII/ptolemy/domains/de/test/auto/MergeModel2Add.xml
auto.tcl: Setting watchdog for 200 seconds at Mon Dec 30 06:32:29 UTC 2019
11 ms. Memory: 48128K Free: 15006K (31%)
ptolemy.util.test.WatchDog.cancel(): canceling Mon Dec 30 06:32:29 UTC 2019
auto.tcl: Setting watchdog for 200 seconds at Mon Dec 30 06:32:29 UTC 2019
10 ms. Memory: 48128K Free: 13316K (28%)
ptolemy.util.test.WatchDog.cancel(): canceling Mon Dec 30 06:32:29 UTC 2019
------------------ testing $PTII/ptolemy/domains/de/test/auto/MergeModel3Add.xml
auto.tcl: Setting watchdog for 200 seconds at Mon Dec 30 06:32:29 UTC 2019
10 ms. Memory: 48128K Free: 15262K (32%)
ptolemy.util.test.WatchDog.cancel(): canceling Mon Dec 30 06:32:29 UTC 2019
auto.tcl: Setting watchdog for 200 seconds at Mon Dec 30 06:32:29 UTC 2019
9 ms. Memory: 48128K Free: 13738K (29%)
ptolemy.util.test.WatchDog.cancel(): canceling Mon Dec 30 06:32:29 UTC 2019
------------------ testing $PTII/ptolemy/domains/de/test/auto/MergeWithoutDiscard.xml
auto.tcl: Setting watchdog for 200 seconds at Mon Dec 30 06:32:29 UTC 2019
1 ms. Memory: 48128K Free: 29618K (62%)
ptolemy.util.test.WatchDog.cancel(): canceling Mon Dec 30 06:32:29 UTC 2019
auto.tcl: Setting watchdog for 200 seconds at Mon Dec 30 06:32:29 UTC 2019
1 ms. Memory: 48128K Free: 29179K (61%)
ptolemy.util.test.WatchDog.cancel(): canceling Mon Dec 30 06:32:29 UTC 2019
------------------ testing $PTII/ptolemy/domains/de/test/auto/Modal1.xml
auto.tcl: Setting watchdog for 200 seconds at Mon Dec 30 06:32:29 UTC 2019
15 ms. Memory: 48128K Free: 21730K (45%)
ptolemy.util.test.WatchDog.cancel(): canceling Mon Dec 30 06:32:29 UTC 2019
auto.tcl: Setting watchdog for 200 seconds at Mon Dec 30 06:32:29 UTC 2019
21 ms. Memory: 48128K Free: 18295K (38%)
ptolemy.util.test.WatchDog.cancel(): canceling Mon Dec 30 06:32:29 UTC 2019
------------------ testing $PTII/ptolemy/domains/de/test/auto/Modal2.xml
auto.tcl: Setting watchdog for 200 seconds at Mon Dec 30 06:32:29 UTC 2019
10 ms. Memory: 48128K Free: 22115K (46%)
ptolemy.util.test.WatchDog.cancel(): canceling Mon Dec 30 06:32:29 UTC 2019
auto.tcl: Setting watchdog for 200 seconds at Mon Dec 30 06:32:29 UTC 2019
11 ms. Memory: 48128K Free: 18622K (39%)
ptolemy.util.test.WatchDog.cancel(): canceling Mon Dec 30 06:32:29 UTC 2019
------------------ testing $PTII/ptolemy/domains/de/test/auto/Modal3.xml
auto.tcl: Setting watchdog for 200 seconds at Mon Dec 30 06:32:29 UTC 2019
10 ms. Memory: 48128K Free: 21374K (44%)
ptolemy.util.test.WatchDog.cancel(): canceling Mon Dec 30 06:32:29 UTC 2019
auto.tcl: Setting watchdog for 200 seconds at Mon Dec 30 06:32:29 UTC 2019
11 ms. Memory: 48128K Free: 18252K (38%)
ptolemy.util.test.WatchDog.cancel(): canceling Mon Dec 30 06:32:29 UTC 2019
------------------ testing $PTII/ptolemy/domains/de/test/auto/Modal4.xml
auto.tcl: Setting watchdog for 200 seconds at Mon Dec 30 06:32:29 UTC 2019
26 ms. Memory: 48128K Free: 20579K (43%)
ptolemy.util.test.WatchDog.cancel(): canceling Mon Dec 30 06:32:29 UTC 2019
auto.tcl: Setting watchdog for 200 seconds at Mon Dec 30 06:32:29 UTC 2019
17 ms. Memory: 48128K Free: 16601K (34%)
ptolemy.util.test.WatchDog.cancel(): canceling Mon Dec 30 06:32:29 UTC 2019
------------------ testing $PTII/ptolemy/domains/de/test/auto/Modal5.xml
auto.tcl: Setting watchdog for 200 seconds at Mon Dec 30 06:32:29 UTC 2019
15 ms. Memory: 48128K Free: 20825K (43%)
ptolemy.util.test.WatchDog.cancel(): canceling Mon Dec 30 06:32:29 UTC 2019
auto.tcl: Setting watchdog for 200 seconds at Mon Dec 30 06:32:29 UTC 2019
14 ms. Memory: 48128K Free: 16977K (35%)
ptolemy.util.test.WatchDog.cancel(): canceling Mon Dec 30 06:32:29 UTC 2019
------------------ testing $PTII/ptolemy/domains/de/test/auto/Modal6.xml
auto.tcl: Setting watchdog for 200 seconds at Mon Dec 30 06:32:30 UTC 2019
15 ms. Memory: 48128K Free: 21572K (45%)
ptolemy.util.test.WatchDog.cancel(): canceling Mon Dec 30 06:32:30 UTC 2019
auto.tcl: Setting watchdog for 200 seconds at Mon Dec 30 06:32:30 UTC 2019
13 ms. Memory: 48128K Free: 17597K (37%)
ptolemy.util.test.WatchDog.cancel(): canceling Mon Dec 30 06:32:30 UTC 2019
------------------ testing $PTII/ptolemy/domains/de/test/auto/Modal7.xml
auto.tcl: Setting watchdog for 200 seconds at Mon Dec 30 06:32:30 UTC 2019
8 ms. Memory: 48128K Free: 20557K (43%)
ptolemy.util.test.WatchDog.cancel(): canceling Mon Dec 30 06:32:30 UTC 2019
auto.tcl: Setting watchdog for 200 seconds at Mon Dec 30 06:32:30 UTC 2019
9 ms. Memory: 48128K Free: 17185K (36%)
ptolemy.util.test.WatchDog.cancel(): canceling Mon Dec 30 06:32:30 UTC 2019
------------------ testing $PTII/ptolemy/domains/de/test/auto/ModalModel.xml
auto.tcl: Setting watchdog for 200 seconds at Mon Dec 30 06:32:30 UTC 2019
204 ms. Memory: 48128K Free: 12689K (26%)
ptolemy.util.test.WatchDog.cancel(): canceling Mon Dec 30 06:32:30 UTC 2019
auto.tcl: Setting watchdog for 200 seconds at Mon Dec 30 06:32:30 UTC 2019
205 ms. Memory: 63488K Free: 19299K (30%)
ptolemy.util.test.WatchDog.cancel(): canceling Mon Dec 30 06:32:30 UTC 2019
------------------ testing $PTII/ptolemy/domains/de/test/auto/ModalSource.xml
auto.tcl: Setting watchdog for 200 seconds at Mon Dec 30 06:32:30 UTC 2019
9 ms. Memory: 51200K Free: 28723K (56%)
ptolemy.util.test.WatchDog.cancel(): canceling Mon Dec 30 06:32:30 UTC 2019
auto.tcl: Setting watchdog for 200 seconds at Mon Dec 30 06:32:30 UTC 2019
6 ms. Memory: 51200K Free: 26675K (52%)
ptolemy.util.test.WatchDog.cancel(): canceling Mon Dec 30 06:32:30 UTC 2019
------------------ testing $PTII/ptolemy/domains/de/test/auto/NonInterruptibleTimerZeroDelay.xml
auto.tcl: Setting watchdog for 200 seconds at Mon Dec 30 06:32:30 UTC 2019
4 ms. Memory: 48128K Free: 30863K (64%)
ptolemy.util.test.WatchDog.cancel(): canceling Mon Dec 30 06:32:30 UTC 2019
auto.tcl: Setting watchdog for 200 seconds at Mon Dec 30 06:32:30 UTC 2019
3 ms. Memory: 48128K Free: 29971K (62%)
ptolemy.util.test.WatchDog.cancel(): canceling Mon Dec 30 06:32:30 UTC 2019
------------------ testing $PTII/ptolemy/domains/de/test/auto/OpenQueueingNetwork.xml
auto.tcl: Setting watchdog for 200 seconds at Mon Dec 30 06:32:30 UTC 2019
3447 ms. Memory: 73728K Free: 18999K (26%)
ptolemy.util.test.WatchDog.cancel(): canceling Mon Dec 30 06:32:34 UTC 2019
auto.tcl: Setting watchdog for 200 seconds at Mon Dec 30 06:32:34 UTC 2019
2576 ms. Memory: 89088K Free: 61969K (70%)
ptolemy.util.test.WatchDog.cancel(): canceling Mon Dec 30 06:32:37 UTC 2019
------------------ testing $PTII/ptolemy/domains/de/test/auto/OpenQueuingNetwork.xml
auto.tcl: Setting watchdog for 200 seconds at Mon Dec 30 06:32:37 UTC 2019
278 ms. Memory: 55296K Free: 27173K (49%)
ptolemy.util.test.WatchDog.cancel(): canceling Mon Dec 30 06:32:37 UTC 2019
auto.tcl: Setting watchdog for 200 seconds at Mon Dec 30 06:32:37 UTC 2019
245 ms. Memory: 55296K Free: 37358K (68%)
ptolemy.util.test.WatchDog.cancel(): canceling Mon Dec 30 06:32:37 UTC 2019
------------------ testing $PTII/ptolemy/domains/de/test/auto/PeriodicSampler.xml
auto.tcl: Setting watchdog for 200 seconds at Mon Dec 30 06:32:37 UTC 2019
3 ms. Memory: 51200K Free: 32860K (64%)
ptolemy.util.test.WatchDog.cancel(): canceling Mon Dec 30 06:32:37 UTC 2019
auto.tcl: Setting watchdog for 200 seconds at Mon Dec 30 06:32:37 UTC 2019
2 ms. Memory: 51200K Free: 32340K (63%)
ptolemy.util.test.WatchDog.cancel(): canceling Mon Dec 30 06:32:37 UTC 2019
------------------ testing $PTII/ptolemy/domains/de/test/auto/PersistentIO.xml
auto.tcl: Setting watchdog for 200 seconds at Mon Dec 30 06:32:37 UTC 2019
6 ms. Memory: 51200K Free: 27784K (54%)
ptolemy.util.test.WatchDog.cancel(): canceling Mon Dec 30 06:32:37 UTC 2019
auto.tcl: Setting watchdog for 200 seconds at Mon Dec 30 06:32:37 UTC 2019
5 ms. Memory: 51200K Free: 26264K (51%)
ptolemy.util.test.WatchDog.cancel(): canceling Mon Dec 30 06:32:37 UTC 2019
------------------ testing $PTII/ptolemy/domains/de/test/auto/PortParameterResetOnInitialize.xml
auto.tcl: Setting watchdog for 200 seconds at Mon Dec 30 06:32:37 UTC 2019
2 ms. Memory: 48128K Free: 29680K (62%)
ptolemy.util.test.WatchDog.cancel(): canceling Mon Dec 30 06:32:37 UTC 2019
auto.tcl: Setting watchdog for 200 seconds at Mon Dec 30 06:32:37 UTC 2019
2 ms. Memory: 48128K Free: 29198K (61%)
ptolemy.util.test.WatchDog.cancel(): canceling Mon Dec 30 06:32:37 UTC 2019
------------------ testing $PTII/ptolemy/domains/de/test/auto/PortParameterUpdates.xml
auto.tcl: Setting watchdog for 200 seconds at Mon Dec 30 06:32:37 UTC 2019
4 ms. Memory: 48128K Free: 28008K (58%)
ptolemy.util.test.WatchDog.cancel(): canceling Mon Dec 30 06:32:37 UTC 2019
auto.tcl: Setting watchdog for 200 seconds at Mon Dec 30 06:32:37 UTC 2019
4 ms. Memory: 48128K Free: 26769K (56%)
ptolemy.util.test.WatchDog.cancel(): canceling Mon Dec 30 06:32:37 UTC 2019
------------------ testing $PTII/ptolemy/domains/de/test/auto/QueueAndServer.xml
auto.tcl: Setting watchdog for 200 seconds at Mon Dec 30 06:32:37 UTC 2019
7 ms. Memory: 48128K Free: 26714K (56%)
ptolemy.util.test.WatchDog.cancel(): canceling Mon Dec 30 06:32:37 UTC 2019
auto.tcl: Setting watchdog for 200 seconds at Mon Dec 30 06:32:37 UTC 2019
6 ms. Memory: 48128K Free: 25266K (52%)
ptolemy.util.test.WatchDog.cancel(): canceling Mon Dec 30 06:32:37 UTC 2019
------------------ testing $PTII/ptolemy/domains/de/test/auto/Records.xml
auto.tcl: Setting watchdog for 200 seconds at Mon Dec 30 06:32:38 UTC 2019
3 ms. Memory: 48128K Free: 29240K (61%)
ptolemy.util.test.WatchDog.cancel(): canceling Mon Dec 30 06:32:38 UTC 2019
auto.tcl: Setting watchdog for 200 seconds at Mon Dec 30 06:32:38 UTC 2019
2 ms. Memory: 48128K Free: 28764K (60%)
ptolemy.util.test.WatchDog.cancel(): canceling Mon Dec 30 06:32:38 UTC 2019
------------------ testing $PTII/ptolemy/domains/de/test/auto/ResetTransitionWithStartTime1.xml
auto.tcl: Setting watchdog for 200 seconds at Mon Dec 30 06:32:38 UTC 2019
11 ms. Memory: 48128K Free: 26197K (54%)
ptolemy.util.test.WatchDog.cancel(): canceling Mon Dec 30 06:32:38 UTC 2019
auto.tcl: Setting watchdog for 200 seconds at Mon Dec 30 06:32:38 UTC 2019
5 ms. Memory: 48128K Free: 24149K (50%)
ptolemy.util.test.WatchDog.cancel(): canceling Mon Dec 30 06:32:38 UTC 2019
------------------ testing $PTII/ptolemy/domains/de/test/auto/ResetTransitionWithStartTime2.xml
auto.tcl: Setting watchdog for 200 seconds at Mon Dec 30 06:32:38 UTC 2019
7 ms. Memory: 48128K Free: 26152K (54%)
ptolemy.util.test.WatchDog.cancel(): canceling Mon Dec 30 06:32:38 UTC 2019
auto.tcl: Setting watchdog for 200 seconds at Mon Dec 30 06:32:38 UTC 2019
7 ms. Memory: 48128K Free: 23616K (49%)
ptolemy.util.test.WatchDog.cancel(): canceling Mon Dec 30 06:32:38 UTC 2019
------------------ testing $PTII/ptolemy/domains/de/test/auto/ResetTransitionWithStartTime3.xml
auto.tcl: Setting watchdog for 200 seconds at Mon Dec 30 06:32:38 UTC 2019
7 ms. Memory: 48128K Free: 26151K (54%)
ptolemy.util.test.WatchDog.cancel(): canceling Mon Dec 30 06:32:38 UTC 2019
auto.tcl: Setting watchdog for 200 seconds at Mon Dec 30 06:32:38 UTC 2019
5 ms. Memory: 48128K Free: 24103K (50%)
ptolemy.util.test.WatchDog.cancel(): canceling Mon Dec 30 06:32:38 UTC 2019
------------------ testing $PTII/ptolemy/domains/de/test/auto/ResetTransitionWithStartTime4.xml
auto.tcl: Setting watchdog for 200 seconds at Mon Dec 30 06:32:38 UTC 2019
8 ms. Memory: 48128K Free: 26615K (55%)
ptolemy.util.test.WatchDog.cancel(): canceling Mon Dec 30 06:32:38 UTC 2019
auto.tcl: Setting watchdog for 200 seconds at Mon Dec 30 06:32:38 UTC 2019
3 ms. Memory: 48128K Free: 25155K (52%)
ptolemy.util.test.WatchDog.cancel(): canceling Mon Dec 30 06:32:38 UTC 2019
------------------ testing $PTII/ptolemy/domains/de/test/auto/ResettableTimer1.xml
auto.tcl: Setting watchdog for 200 seconds at Mon Dec 30 06:32:38 UTC 2019
12 ms. Memory: 48128K Free: 30388K (63%)
ptolemy.util.test.WatchDog.cancel(): canceling Mon Dec 30 06:32:38 UTC 2019
auto.tcl: Setting watchdog for 200 seconds at Mon Dec 30 06:32:38 UTC 2019
3 ms. Memory: 48128K Free: 29748K (62%)
ptolemy.util.test.WatchDog.cancel(): canceling Mon Dec 30 06:32:38 UTC 2019
------------------ testing $PTII/ptolemy/domains/de/test/auto/ResettableTimer2.xml
auto.tcl: Setting watchdog for 200 seconds at Mon Dec 30 06:32:38 UTC 2019
2 ms. Memory: 48128K Free: 30476K (63%)
ptolemy.util.test.WatchDog.cancel(): canceling Mon Dec 30 06:32:38 UTC 2019
auto.tcl: Setting watchdog for 200 seconds at Mon Dec 30 06:32:38 UTC 2019
2 ms. Memory: 48128K Free: 29796K (62%)
ptolemy.util.test.WatchDog.cancel(): canceling Mon Dec 30 06:32:38 UTC 2019
------------------ testing $PTII/ptolemy/domains/de/test/auto/ResettableTimer3.xml
auto.tcl: Setting watchdog for 200 seconds at Mon Dec 30 06:32:38 UTC 2019
1 ms. Memory: 48128K Free: 30283K (63%)
ptolemy.util.test.WatchDog.cancel(): canceling Mon Dec 30 06:32:38 UTC 2019
auto.tcl: Setting watchdog for 200 seconds at Mon Dec 30 06:32:38 UTC 2019
1 ms. Memory: 48128K Free: 29817K (62%)
ptolemy.util.test.WatchDog.cancel(): canceling Mon Dec 30 06:32:38 UTC 2019
------------------ testing $PTII/ptolemy/domains/de/test/auto/ResettableTimer4.xml
auto.tcl: Setting watchdog for 200 seconds at Mon Dec 30 06:32:38 UTC 2019
1 ms. Memory: 48128K Free: 30296K (63%)
ptolemy.util.test.WatchDog.cancel(): canceling Mon Dec 30 06:32:38 UTC 2019
auto.tcl: Setting watchdog for 200 seconds at Mon Dec 30 06:32:38 UTC 2019
1 ms. Memory: 48128K Free: 29817K (62%)
ptolemy.util.test.WatchDog.cancel(): canceling Mon Dec 30 06:32:38 UTC 2019
------------------ testing $PTII/ptolemy/domains/de/test/auto/ResettableTimer5.xml
auto.tcl: Setting watchdog for 200 seconds at Mon Dec 30 06:32:38 UTC 2019
1 ms. Memory: 48128K Free: 29766K (62%)
ptolemy.util.test.WatchDog.cancel(): canceling Mon Dec 30 06:32:38 UTC 2019
auto.tcl: Setting watchdog for 200 seconds at Mon Dec 30 06:32:38 UTC 2019
2 ms. Memory: 48128K Free: 29303K (61%)
ptolemy.util.test.WatchDog.cancel(): canceling Mon Dec 30 06:32:38 UTC 2019
------------------ testing $PTII/ptolemy/domains/de/test/auto/ResettableTimer6.xml
auto.tcl: Setting watchdog for 200 seconds at Mon Dec 30 06:32:38 UTC 2019
1 ms. Memory: 48128K Free: 29757K (62%)
ptolemy.util.test.WatchDog.cancel(): canceling Mon Dec 30 06:32:38 UTC 2019
auto.tcl: Setting watchdog for 200 seconds at Mon Dec 30 06:32:38 UTC 2019
2 ms. Memory: 48128K Free: 29276K (61%)
ptolemy.util.test.WatchDog.cancel(): canceling Mon Dec 30 06:32:38 UTC 2019
------------------ testing $PTII/ptolemy/domains/de/test/auto/ServerZeroDelay.xml
auto.tcl: Setting watchdog for 200 seconds at Mon Dec 30 06:32:38 UTC 2019
3 ms. Memory: 48128K Free: 30397K (63%)
ptolemy.util.test.WatchDog.cancel(): canceling Mon Dec 30 06:32:38 UTC 2019
auto.tcl: Setting watchdog for 200 seconds at Mon Dec 30 06:32:38 UTC 2019
2 ms. Memory: 48128K Free: 29325K (61%)
ptolemy.util.test.WatchDog.cancel(): canceling Mon Dec 30 06:32:38 UTC 2019
------------------ testing $PTII/ptolemy/domains/de/test/auto/SmartSender.xml
auto.tcl: Setting watchdog for 200 seconds at Mon Dec 30 06:32:38 UTC 2019
3001 ms. Memory: 48128K Free: 30279K (63%)
ptolemy.util.test.WatchDog.cancel(): canceling Mon Dec 30 06:32:41 UTC 2019
auto.tcl: Setting watchdog for 200 seconds at Mon Dec 30 06:32:41 UTC 2019
3001 ms. Memory: 48128K Free: 29791K (62%)
ptolemy.util.test.WatchDog.cancel(): canceling Mon Dec 30 06:32:44 UTC 2019
------------------ testing $PTII/ptolemy/domains/de/test/auto/ThreadedComposite.xml
auto.tcl: Setting watchdog for 200 seconds at Mon Dec 30 06:32:44 UTC 2019
259 ms. Memory: 48128K Free: 11852K (25%)
ptolemy.util.test.WatchDog.cancel(): canceling Mon Dec 30 06:32:45 UTC 2019
auto.tcl: Setting watchdog for 200 seconds at Mon Dec 30 06:32:45 UTC 2019
179 ms. Memory: 48128K Free: 24815K (52%)
ptolemy.util.test.WatchDog.cancel(): canceling Mon Dec 30 06:32:45 UTC 2019
------------------ testing $PTII/ptolemy/domains/de/test/auto/Time.xml
auto.tcl: Setting watchdog for 200 seconds at Mon Dec 30 06:32:45 UTC 2019
670 ms. Memory: 48128K Free: 32123K (67%)
ptolemy.util.test.WatchDog.cancel(): canceling Mon Dec 30 06:32:45 UTC 2019
auto.tcl: Setting watchdog for 200 seconds at Mon Dec 30 06:32:45 UTC 2019
665 ms. Memory: 48128K Free: 33552K (70%)
ptolemy.util.test.WatchDog.cancel(): canceling Mon Dec 30 06:32:46 UTC 2019
------------------ testing $PTII/ptolemy/domains/de/test/auto/TimeDelayZeroDelay.xml
auto.tcl: Setting watchdog for 200 seconds at Mon Dec 30 06:32:46 UTC 2019
2 ms. Memory: 48128K Free: 30201K (63%)
ptolemy.util.test.WatchDog.cancel(): canceling Mon Dec 30 06:32:46 UTC 2019
auto.tcl: Setting watchdog for 200 seconds at Mon Dec 30 06:32:46 UTC 2019
2 ms. Memory: 48128K Free: 29349K (61%)
ptolemy.util.test.WatchDog.cancel(): canceling Mon Dec 30 06:32:46 UTC 2019
------------------ testing $PTII/ptolemy/domains/de/test/auto/TimerZeroDelay.xml
auto.tcl: Setting watchdog for 200 seconds at Mon Dec 30 06:32:46 UTC 2019
3 ms. Memory: 48128K Free: 30243K (63%)
ptolemy.util.test.WatchDog.cancel(): canceling Mon Dec 30 06:32:46 UTC 2019
auto.tcl: Setting watchdog for 200 seconds at Mon Dec 30 06:32:46 UTC 2019
3 ms. Memory: 48128K Free: 29810K (62%)
ptolemy.util.test.WatchDog.cancel(): canceling Mon Dec 30 06:32:46 UTC 2019
------------------ testing $PTII/ptolemy/domains/de/test/auto/TimingParadox.xml
auto.tcl: Setting watchdog for 200 seconds at Mon Dec 30 06:32:46 UTC 2019
446 ms. Memory: 58368K Free: 23952K (41%)
ptolemy.util.test.WatchDog.cancel(): canceling Mon Dec 30 06:32:47 UTC 2019
auto.tcl: Setting watchdog for 200 seconds at Mon Dec 30 06:32:47 UTC 2019
321 ms. Memory: 58368K Free: 20831K (36%)
ptolemy.util.test.WatchDog.cancel(): canceling Mon Dec 30 06:32:47 UTC 2019
------------------ testing $PTII/ptolemy/domains/de/test/auto/TransferInputs.xml
auto.tcl: Setting watchdog for 200 seconds at Mon Dec 30 06:32:47 UTC 2019
3 ms. Memory: 55296K Free: 35887K (65%)
ptolemy.util.test.WatchDog.cancel(): canceling Mon Dec 30 06:32:47 UTC 2019
auto.tcl: Setting watchdog for 200 seconds at Mon Dec 30 06:32:47 UTC 2019
1 ms. Memory: 55296K Free: 34949K (63%)
ptolemy.util.test.WatchDog.cancel(): canceling Mon Dec 30 06:32:47 UTC 2019
------------------ testing $PTII/ptolemy/domains/de/test/auto/TransferOutputs2.xml
auto.tcl: Setting watchdog for 200 seconds at Mon Dec 30 06:32:47 UTC 2019
3 ms. Memory: 48128K Free: 26154K (54%)
ptolemy.util.test.WatchDog.cancel(): canceling Mon Dec 30 06:32:47 UTC 2019
auto.tcl: Setting watchdog for 200 seconds at Mon Dec 30 06:32:47 UTC 2019
3 ms. Memory: 48128K Free: 24753K (51%)
ptolemy.util.test.WatchDog.cancel(): canceling Mon Dec 30 06:32:47 UTC 2019
------------------ testing $PTII/ptolemy/domains/de/test/auto/Trilateration.xml
auto.tcl: Setting watchdog for 200 seconds at Mon Dec 30 06:32:47 UTC 2019
13251 ms. Memory: 443392K Free: 304039K (69%)
ptolemy.util.test.WatchDog.cancel(): canceling Mon Dec 30 06:33:02 UTC 2019
auto.tcl: Setting watchdog for 200 seconds at Mon Dec 30 06:33:02 UTC 2019
9495 ms. Memory: 443392K Free: 291628K (66%)
ptolemy.util.test.WatchDog.cancel(): canceling Mon Dec 30 06:33:11 UTC 2019
------------------ testing $PTII/ptolemy/domains/de/test/auto/TwoSigmaDelta.xml
auto.tcl: Setting watchdog for 200 seconds at Mon Dec 30 06:33:11 UTC 2019
2425 ms. Memory: 92160K Free: 45258K (49%)
ptolemy.util.test.WatchDog.cancel(): canceling Mon Dec 30 06:33:14 UTC 2019
auto.tcl: Setting watchdog for 200 seconds at Mon Dec 30 06:33:14 UTC 2019
1809 ms. Memory: 92160K Free: 49389K (54%)
ptolemy.util.test.WatchDog.cancel(): canceling Mon Dec 30 06:33:16 UTC 2019
------------------ testing $PTII/ptolemy/domains/de/test/auto/VariableDelay.xml
auto.tcl: Setting watchdog for 200 seconds at Mon Dec 30 06:33:16 UTC 2019
2 ms. Memory: 51200K Free: 32277K (63%)
ptolemy.util.test.WatchDog.cancel(): canceling Mon Dec 30 06:33:16 UTC 2019
auto.tcl: Setting watchdog for 200 seconds at Mon Dec 30 06:33:16 UTC 2019
1 ms. Memory: 51200K Free: 31261K (61%)
ptolemy.util.test.WatchDog.cancel(): canceling Mon Dec 30 06:33:16 UTC 2019
------------------ testing $PTII/ptolemy/domains/de/test/auto/VariableDelay2.xml
auto.tcl: Setting watchdog for 200 seconds at Mon Dec 30 06:33:16 UTC 2019
2 ms. Memory: 51200K Free: 32585K (64%)
ptolemy.util.test.WatchDog.cancel(): canceling Mon Dec 30 06:33:16 UTC 2019
auto.tcl: Setting watchdog for 200 seconds at Mon Dec 30 06:33:16 UTC 2019
2 ms. Memory: 51200K Free: 31635K (62%)
ptolemy.util.test.WatchDog.cancel(): canceling Mon Dec 30 06:33:16 UTC 2019
------------------ testing $PTII/ptolemy/domains/de/test/auto/VariableDelayZeroDelay.xml
auto.tcl: Setting watchdog for 200 seconds at Mon Dec 30 06:33:16 UTC 2019
2 ms. Memory: 51200K Free: 33301K (65%)
ptolemy.util.test.WatchDog.cancel(): canceling Mon Dec 30 06:33:16 UTC 2019
auto.tcl: Setting watchdog for 200 seconds at Mon Dec 30 06:33:16 UTC 2019
2 ms. Memory: 51200K Free: 32674K (64%)
ptolemy.util.test.WatchDog.cancel(): canceling Mon Dec 30 06:33:16 UTC 2019
------------------ testing $PTII/ptolemy/domains/de/test/auto/VariableDelayZeroDelay2.xml
auto.tcl: Setting watchdog for 200 seconds at Mon Dec 30 06:33:16 UTC 2019
2 ms. Memory: 51200K Free: 33201K (65%)
ptolemy.util.test.WatchDog.cancel(): canceling Mon Dec 30 06:33:16 UTC 2019
auto.tcl: Setting watchdog for 200 seconds at Mon Dec 30 06:33:16 UTC 2019
2 ms. Memory: 51200K Free: 32177K (63%)
ptolemy.util.test.WatchDog.cancel(): canceling Mon Dec 30 06:33:16 UTC 2019
------------------ testing $PTII/ptolemy/domains/de/test/auto/deInCt.xml
auto.tcl: Setting watchdog for 200 seconds at Mon Dec 30 06:33:16 UTC 2019
0
1
1
1
0
0
0
1
1
1
0
0
0
0
1
1
1
1
1
1
0
0
0
0
0
0
0
14 ms. Memory: 48128K Free: 29103K (60%)
ptolemy.util.test.WatchDog.cancel(): canceling Mon Dec 30 06:33:16 UTC 2019
auto.tcl: Setting watchdog for 200 seconds at Mon Dec 30 06:33:16 UTC 2019
0
1
1
1
0
0
0
0
1
1
1
0
0
0
1
1
1
0
0
0
1
1
1
0
0
0
1
1
1
0
0
0
0
0
0
0
5 ms. Memory: 48128K Free: 27563K (57%)
ptolemy.util.test.WatchDog.cancel(): canceling Mon Dec 30 06:33:16 UTC 2019
------------------ testing $PTII/ptolemy/domains/de/test/auto/deInCt2.xml
auto.tcl: Setting watchdog for 200 seconds at Mon Dec 30 06:33:16 UTC 2019
0
1
1
1
0
0
1
1
1
0
0
1
1
1
0
0
1
1
1
0
0
1
1
1
0
0
1
1
1
0
0
1
1
1
0
0
1
1
1
0
0
0
12 ms. Memory: 48128K Free: 29105K (60%)
ptolemy.util.test.WatchDog.cancel(): canceling Mon Dec 30 06:33:16 UTC 2019
auto.tcl: Setting watchdog for 200 seconds at Mon Dec 30 06:33:16 UTC 2019
0
1
1
1
0
0
1
1
1
0
0
1
1
1
0
0
1
1
1
0
0
1
1
1
0
0
1
1
1
0
0
1
1
1
0
0
1
1
1
0
0
0
5 ms. Memory: 48128K Free: 27613K (57%)
ptolemy.util.test.WatchDog.cancel(): canceling Mon Dec 30 06:33:16 UTC 2019
------------------ testing $PTII/ptolemy/domains/de/test/auto/dynamicCausalityInterface1.xml
auto.tcl: Setting watchdog for 200 seconds at Mon Dec 30 06:33:16 UTC 2019
2 ms. Memory: 48128K Free: 24415K (51%)
ptolemy.util.test.WatchDog.cancel(): canceling Mon Dec 30 06:33:16 UTC 2019
auto.tcl: Setting watchdog for 200 seconds at Mon Dec 30 06:33:16 UTC 2019
1 ms. Memory: 48128K Free: 23979K (50%)
ptolemy.util.test.WatchDog.cancel(): canceling Mon Dec 30 06:33:16 UTC 2019
------------------ testing $PTII/ptolemy/domains/de/test/auto/fsm_de_test.xml
auto.tcl: Setting watchdog for 200 seconds at Mon Dec 30 06:33:16 UTC 2019
10 ms. Memory: 48128K Free: 24902K (52%)
ptolemy.util.test.WatchDog.cancel(): canceling Mon Dec 30 06:33:16 UTC 2019
auto.tcl: Setting watchdog for 200 seconds at Mon Dec 30 06:33:16 UTC 2019
5 ms. Memory: 48128K Free: 22897K (48%)
ptolemy.util.test.WatchDog.cancel(): canceling Mon Dec 30 06:33:16 UTC 2019
------------------ testing $PTII/ptolemy/domains/de/test/auto/functionDependencyReconstruction.xml
auto.tcl: Setting watchdog for 200 seconds at Mon Dec 30 06:33:16 UTC 2019
2 ms. Memory: 48128K Free: 18892K (39%)
ptolemy.util.test.WatchDog.cancel(): canceling Mon Dec 30 06:33:16 UTC 2019
auto.tcl: Setting watchdog for 200 seconds at Mon Dec 30 06:33:16 UTC 2019
2 ms. Memory: 48128K Free: 16743K (35%)
ptolemy.util.test.WatchDog.cancel(): canceling Mon Dec 30 06:33:16 UTC 2019
------------------ testing $PTII/ptolemy/domains/de/test/auto/multirate.xml
auto.tcl: Setting watchdog for 200 seconds at Mon Dec 30 06:33:16 UTC 2019
3 ms. Memory: 48128K Free: 27574K (57%)
ptolemy.util.test.WatchDog.cancel(): canceling Mon Dec 30 06:33:16 UTC 2019
auto.tcl: Setting watchdog for 200 seconds at Mon Dec 30 06:33:16 UTC 2019
2 ms. Memory: 48128K Free: 25900K (54%)
ptolemy.util.test.WatchDog.cancel(): canceling Mon Dec 30 06:33:16 UTC 2019
------------------ testing $PTII/ptolemy/domains/de/test/auto/multirate2.xml
auto.tcl: Setting watchdog for 200 seconds at Mon Dec 30 06:33:16 UTC 2019
5 ms. Memory: 48128K Free: 27499K (57%)
ptolemy.util.test.WatchDog.cancel(): canceling Mon Dec 30 06:33:16 UTC 2019
auto.tcl: Setting watchdog for 200 seconds at Mon Dec 30 06:33:16 UTC 2019
3 ms. Memory: 48128K Free: 26054K (54%)
ptolemy.util.test.WatchDog.cancel(): canceling Mon Dec 30 06:33:16 UTC 2019
------------------ testing $PTII/ptolemy/domains/de/test/auto/realtime.xml
auto.tcl: Setting watchdog for 200 seconds at Mon Dec 30 06:33:16 UTC 2019
10001 ms. Memory: 48128K Free: 29791K (62%)
ptolemy.util.test.WatchDog.cancel(): canceling Mon Dec 30 06:33:26 UTC 2019
auto.tcl: Setting watchdog for 200 seconds at Mon Dec 30 06:33:26 UTC 2019
10001 ms. Memory: 48128K Free: 29049K (60%)
ptolemy.util.test.WatchDog.cancel(): canceling Mon Dec 30 06:33:36 UTC 2019
------------------ testing $PTII/ptolemy/domains/de/test/auto/relationGroup.xml
auto.tcl: Setting watchdog for 200 seconds at Mon Dec 30 06:33:36 UTC 2019
2 ms. Memory: 48128K Free: 30839K (64%)
ptolemy.util.test.WatchDog.cancel(): canceling Mon Dec 30 06:33:36 UTC 2019
auto.tcl: Setting watchdog for 200 seconds at Mon Dec 30 06:33:36 UTC 2019
1 ms. Memory: 48128K Free: 30129K (63%)
ptolemy.util.test.WatchDog.cancel(): canceling Mon Dec 30 06:33:36 UTC 2019
------------------ testing $PTII/ptolemy/domains/de/test/auto/relationGroup2.xml
auto.tcl: Setting watchdog for 200 seconds at Mon Dec 30 06:33:37 UTC 2019
1 ms. Memory: 48128K Free: 30839K (64%)
ptolemy.util.test.WatchDog.cancel(): canceling Mon Dec 30 06:33:37 UTC 2019
auto.tcl: Setting watchdog for 200 seconds at Mon Dec 30 06:33:37 UTC 2019
1 ms. Memory: 48128K Free: 30154K (63%)
ptolemy.util.test.WatchDog.cancel(): canceling Mon Dec 30 06:33:37 UTC 2019
------------------ testing $PTII/ptolemy/domains/de/test/auto/sortWithOpaquePorts.xml
auto.tcl: Setting watchdog for 200 seconds at Mon Dec 30 06:33:37 UTC 2019
1 ms. Memory: 48128K Free: 29627K (62%)
ptolemy.util.test.WatchDog.cancel(): canceling Mon Dec 30 06:33:37 UTC 2019
auto.tcl: Setting watchdog for 200 seconds at Mon Dec 30 06:33:37 UTC 2019
2 ms. Memory: 48128K Free: 28644K (60%)
ptolemy.util.test.WatchDog.cancel(): canceling Mon Dec 30 06:33:37 UTC 2019
------------------ testing $PTII/ptolemy/domains/de/test/auto/transferInputsandOutputs.xml
auto.tcl: Setting watchdog for 200 seconds at Mon Dec 30 06:33:37 UTC 2019
4 ms. Memory: 48128K Free: 27071K (56%)
ptolemy.util.test.WatchDog.cancel(): canceling Mon Dec 30 06:33:37 UTC 2019
auto.tcl: Setting watchdog for 200 seconds at Mon Dec 30 06:33:37 UTC 2019
2 ms. Memory: 48128K Free: 26097K (54%)
ptolemy.util.test.WatchDog.cancel(): canceling Mon Dec 30 06:33:37 UTC 2019
------------------ testing $PTII/ptolemy/domains/de/test/auto/triggerType.xml
auto.tcl: Setting watchdog for 200 seconds at Mon Dec 30 06:33:37 UTC 2019
1 ms. Memory: 48128K Free: 30096K (63%)
ptolemy.util.test.WatchDog.cancel(): canceling Mon Dec 30 06:33:37 UTC 2019
auto.tcl: Setting watchdog for 200 seconds at Mon Dec 30 06:33:37 UTC 2019
1 ms. Memory: 48128K Free: 29130K (61%)
ptolemy.util.test.WatchDog.cancel(): canceling Mon Dec 30 06:33:37 UTC 2019
12/30/19 06:33:37
Failed: 0  Total Tests: 192  ((Passed: 187, Newly Passed: 1)  Known Failed: 5) /home/travis/build/icyphy/ptII/ptolemy/domains/de/test
12/30/19 06:33:37
Failed: 0  Total Tests: 192  ((Passed: 187, Newly Passed: 1)  Known Failed: 5) /home/travis/build/icyphy/ptII/ptolemy/domains/de/test
----------------- testing (KnownFailure) /home/travis/build/icyphy/ptII/ptolemy/domains/de/test/auto/knownFailedTests/DESDFClockTest.xml
2012 ms. Memory: 48128K Free: 23490K (49%)
Known Failure: java.lang.reflect.InvocationTargetException
----------------- testing (KnownFailure) /home/travis/build/icyphy/ptII/ptolemy/domains/de/test/auto/knownFailedTests/DirectFeedback.xml
2 ms. Memory: 48128K Free: 19394K (40%)
Known Failure: java.lang.reflect.InvocationTargetException
----------------- testing (KnownFailure) /home/travis/build/icyphy/ptII/ptolemy/domains/de/test/auto/knownFailedTests/FSMSource.xml
4 ms. Memory: 48128K Free: 11202K (23%)
----------------- testing (KnownFailure) /home/travis/build/icyphy/ptII/ptolemy/domains/de/test/auto/knownFailedTests/HierarchicalModel.xml
2 ms. Memory: 48128K Free: 20938K (44%)
Known Failure: java.lang.reflect.InvocationTargetException
----------------- testing (KnownFailure) /home/travis/build/icyphy/ptII/ptolemy/domains/de/test/auto/knownFailedTests/dependencyLoop.xml
2 ms. Memory: 48128K Free: 30796K (64%)
Known Failure: java.lang.reflect.InvocationTargetException
----------------- testing (KnownFailure) /home/travis/build/icyphy/ptII/ptolemy/domains/de/test/auto/knownFailedTests/dependencyLoop2.xml
4 ms. Memory: 48128K Free: 15766K (33%)
Known Failure: java.lang.reflect.InvocationTargetException
No auto/linux-amd64/*.xml tests in /home/travis/build/icyphy/ptII/ptolemy/domains/de/test
AutoTests.java: About to close Vertx.
AutoTests.java: Vertx closed.

===========================================================================================
----------------- testing Mon Dec 30 06:33:39 UTC 2019 /home/travis/build/icyphy/ptII/ptolemy/domains/de/test/auto/ActorDepthCalculation_actorWithoutPorts.xml
----------------- Instantiating /home/travis/build/icyphy/ptII/ptolemy/domains/de/test/auto/ActorDepthCalculation_actorWithoutPorts.xml
2 ms. Memory: 48128K Free: 9254K (19%)
----------------- Invoking toplevel() on ptolemy.moml.MoMLSimpleApplication@4fa2d049
----------------- Done invoking toplevel() on ptolemy.moml.MoMLSimpleApplication@4fa2d049
reloadAllAccessors: .ActorDepthCalculation_actorWithoutPorts

===========================================================================================
----------------- testing Mon Dec 30 06:33:39 UTC 2019 /home/travis/build/icyphy/ptII/ptolemy/domains/de/test/auto/AssemblyLine.xml
----------------- Instantiating /home/travis/build/icyphy/ptII/ptolemy/domains/de/test/auto/AssemblyLine.xml
2 ms. Memory: 48128K Free: 27707K (58%)
----------------- Invoking toplevel() on ptolemy.moml.MoMLSimpleApplication@60fdb18f
----------------- Done invoking toplevel() on ptolemy.moml.MoMLSimpleApplication@60fdb18f
reloadAllAccessors: .AssemblyLine

===========================================================================================
----------------- testing Mon Dec 30 06:33:39 UTC 2019 /home/travis/build/icyphy/ptII/ptolemy/domains/de/test/auto/CQBug1.xml
----------------- Instantiating /home/travis/build/icyphy/ptII/ptolemy/domains/de/test/auto/CQBug1.xml
1 ms. Memory: 48128K Free: 24635K (51%)
----------------- Invoking toplevel() on ptolemy.moml.MoMLSimpleApplication@616256c
----------------- Done invoking toplevel() on ptolemy.moml.MoMLSimpleApplication@616256c
reloadAllAccessors: .CQBug1

===========================================================================================
----------------- testing Mon Dec 30 06:33:39 UTC 2019 /home/travis/build/icyphy/ptII/ptolemy/domains/de/test/auto/CancelFireAt.xml
----------------- Instantiating /home/travis/build/icyphy/ptII/ptolemy/domains/de/test/auto/CancelFireAt.xml
2 ms. Memory: 48128K Free: 22315K (46%)
----------------- Invoking toplevel() on ptolemy.moml.MoMLSimpleApplication@704389ad
----------------- Done invoking toplevel() on ptolemy.moml.MoMLSimpleApplication@704389ad
reloadAllAccessors: .CancelFireAt

===========================================================================================
----------------- testing Mon Dec 30 06:33:39 UTC 2019 /home/travis/build/icyphy/ptII/ptolemy/domains/de/test/auto/CausalityAndComposabilityAnalysis.xml
----------------- Instantiating /home/travis/build/icyphy/ptII/ptolemy/domains/de/test/auto/CausalityAndComposabilityAnalysis.xml
2 ms. Memory: 48128K Free: 17947K (37%)
----------------- Invoking toplevel() on ptolemy.moml.MoMLSimpleApplication@67ff90cd
----------------- Done invoking toplevel() on ptolemy.moml.MoMLSimpleApplication@67ff90cd
reloadAllAccessors: .CausalityAndComposabilityAnalysis

===========================================================================================
----------------- testing Mon Dec 30 06:33:39 UTC 2019 /home/travis/build/icyphy/ptII/ptolemy/domains/de/test/auto/CausalityInterface1.xml
----------------- Instantiating /home/travis/build/icyphy/ptII/ptolemy/domains/de/test/auto/CausalityInterface1.xml
4 ms. Memory: 48128K Free: 12857K (27%)
----------------- Invoking toplevel() on ptolemy.moml.MoMLSimpleApplication@5386551e
----------------- Done invoking toplevel() on ptolemy.moml.MoMLSimpleApplication@5386551e
reloadAllAccessors: .CausalityInterface1

===========================================================================================
----------------- testing Mon Dec 30 06:33:39 UTC 2019 /home/travis/build/icyphy/ptII/ptolemy/domains/de/test/auto/CausalityInterface15.xml
----------------- Instantiating /home/travis/build/icyphy/ptII/ptolemy/domains/de/test/auto/CausalityInterface15.xml
5 ms. Memory: 48128K Free: 33331K (69%)
----------------- Invoking toplevel() on ptolemy.moml.MoMLSimpleApplication@5aaf1dbc
----------------- Done invoking toplevel() on ptolemy.moml.MoMLSimpleApplication@5aaf1dbc
reloadAllAccessors: .CausalityInterface15

===========================================================================================
----------------- testing Mon Dec 30 06:33:39 UTC 2019 /home/travis/build/icyphy/ptII/ptolemy/domains/de/test/auto/CausalityInterface2.xml
----------------- Instantiating /home/travis/build/icyphy/ptII/ptolemy/domains/de/test/auto/CausalityInterface2.xml
1 ms. Memory: 48128K Free: 28492K (59%)
[...]
	at ptolemy.actor.Manager.run(Manager.java:1263)
	at ptolemy.actor.Manager$PtolemyRunThread.run(Manager.java:1933)
java.lang.RuntimeException: Execution failed
	at ptolemy.moml.MoMLSimpleApplication$UnloadThread.run(MoMLSimpleApplication.java:402)
Caused by: ptolemy.kernel.util.IllegalActionException: Actor is not ready to fire.  Perhaps UpSample.prefire() returned false? Try debugging the actor by selecting "Listen to Actor".  Also, for SDF check moml for tokenConsumptionRate on input.
  in .DESDFClockTest.Play Bell.Copy1:SDF Director and .DESDFClockTest.Play Bell.UpSample
	at ptolemy.actor.sched.StaticSchedulingDirector.fire(StaticSchedulingDirector.java:227)
	at ptolemy.domains.sdf.kernel.SDFDirector.fire(SDFDirector.java:500)
	at ptolemy.actor.CompositeActor.fire(CompositeActor.java:455)
	at ptolemy.domains.de.kernel.DEDirector._fire(DEDirector.java:1949)
	at ptolemy.domains.de.kernel.DEDirector.fire(DEDirector.java:502)
	at ptolemy.actor.CompositeActor.fire(CompositeActor.java:455)
	at ptolemy.actor.Manager.iterate(Manager.java:851)
	at ptolemy.actor.Manager.execute(Manager.java:369)
	at ptolemy.actor.Manager.run(Manager.java:1263)
	at ptolemy.actor.Manager$PtolemyRunThread.run(Manager.java:1933)
java.lang.reflect.InvocationTargetException
	at java.base/jdk.internal.reflect.NativeConstructorAccessorImpl.newInstance0(Native Method)
	at java.base/jdk.internal.reflect.NativeConstructorAccessorImpl.newInstance(NativeConstructorAccessorImpl.java:62)
	at java.base/jdk.internal.reflect.DelegatingConstructorAccessorImpl.newInstance(DelegatingConstructorAccessorImpl.java:45)
	at java.base/java.lang.reflect.Constructor.newInstance(Constructor.java:490)
	at ptolemy.util.test.junit.AutoKnownFailedTests.RunModel(AutoKnownFailedTests.java:105)
	at java.base/jdk.internal.reflect.NativeMethodAccessorImpl.invoke0(Native Method)
	at java.base/jdk.internal.reflect.NativeMethodAccessorImpl.invoke(NativeMethodAccessorImpl.java:62)
	at java.base/jdk.internal.reflect.DelegatingMethodAccessorImpl.invoke(DelegatingMethodAccessorImpl.java:43)
	at java.base/java.lang.reflect.Method.invoke(Method.java:566)
	at org.junit.runners.model.FrameworkMethod$1.runReflectiveCall(FrameworkMethod.java:44)
	at org.junit.internal.runners.model.ReflectiveCallable.run(ReflectiveCallable.java:15)
	at org.junit.runners.model.FrameworkMethod.invokeExplosively(FrameworkMethod.java:41)
	at junitparams.internal.InvokeParameterisedMethod.evaluate(InvokeParameterisedMethod.java:102)
	at org.junit.internal.runners.statements.FailOnTimeout$1.run(FailOnTimeout.java:28)
Caused by: ptolemy.kernel.util.IllegalActionException: Actor is not ready to fire.  Perhaps UpSample.prefire() returned false? Try debugging the actor by selecting "Listen to Actor".  Also, for SDF check moml for tokenConsumptionRate on input.
  in .DESDFClockTest.Play Bell.Copy1:SDF Director and .DESDFClockTest.Play Bell.UpSample
	at ptolemy.actor.sched.StaticSchedulingDirector.fire(StaticSchedulingDirector.java:227)
	at ptolemy.domains.sdf.kernel.SDFDirector.fire(SDFDirector.java:500)
	at ptolemy.actor.CompositeActor.fire(CompositeActor.java:455)
	at ptolemy.domains.de.kernel.DEDirector._fire(DEDirector.java:1949)
	at ptolemy.domains.de.kernel.DEDirector.fire(DEDirector.java:502)
	at ptolemy.actor.CompositeActor.fire(CompositeActor.java:455)
	at ptolemy.actor.Manager.iterate(Manager.java:851)
	at ptolemy.actor.Manager.execute(Manager.java:369)
	at ptolemy.actor.Manager.run(Manager.java:1263)
	at ptolemy.actor.Manager$PtolemyRunThread.run(Manager.java:1933)
java.lang.RuntimeException: Execution failed
	at ptolemy.moml.MoMLSimpleApplication$UnloadThread.run(MoMLSimpleApplication.java:402)
Caused by: ptolemy.kernel.util.IllegalActionException: Test fails in iteration 1.
Value was: 1.0. Should have been: 2.0
  in .DirectFeedback.Test
	at ptolemy.actor.lib.Test.fire(Test.java:268)
	at ptolemy.domains.de.kernel.DEDirector._fire(DEDirector.java:1949)
	at ptolemy.domains.de.kernel.DEDirector.fire(DEDirector.java:502)
	at ptolemy.actor.CompositeActor.fire(CompositeActor.java:455)
	at ptolemy.actor.Manager.iterate(Manager.java:851)
	at ptolemy.actor.Manager.execute(Manager.java:369)
	at ptolemy.actor.Manager.run(Manager.java:1263)
	at ptolemy.actor.Manager$PtolemyRunThread.run(Manager.java:1933)
java.lang.reflect.InvocationTargetException
	at java.base/jdk.internal.reflect.NativeConstructorAccessorImpl.newInstance0(Native Method)
	at java.base/jdk.internal.reflect.NativeConstructorAccessorImpl.newInstance(NativeConstructorAccessorImpl.java:62)
	at java.base/jdk.internal.reflect.DelegatingConstructorAccessorImpl.newInstance(DelegatingConstructorAccessorImpl.java:45)
	at java.base/java.lang.reflect.Constructor.newInstance(Constructor.java:490)
	at ptolemy.util.test.junit.AutoKnownFailedTests.RunModel(AutoKnownFailedTests.java:105)
	at java.base/jdk.internal.reflect.NativeMethodAccessorImpl.invoke0(Native Method)
	at java.base/jdk.internal.reflect.NativeMethodAccessorImpl.invoke(NativeMethodAccessorImpl.java:62)
	at java.base/jdk.internal.reflect.DelegatingMethodAccessorImpl.invoke(DelegatingMethodAccessorImpl.java:43)
	at java.base/java.lang.reflect.Method.invoke(Method.java:566)
	at org.junit.runners.model.FrameworkMethod$1.runReflectiveCall(FrameworkMethod.java:44)
	at org.junit.internal.runners.model.ReflectiveCallable.run(ReflectiveCallable.java:15)
	at org.junit.runners.model.FrameworkMethod.invokeExplosively(FrameworkMethod.java:41)
	at junitparams.internal.InvokeParameterisedMethod.evaluate(InvokeParameterisedMethod.java:102)
	at org.junit.internal.runners.statements.FailOnTimeout$1.run(FailOnTimeout.java:28)
Caused by: ptolemy.kernel.util.IllegalActionException: Test fails in iteration 1.
Value was: 1.0. Should have been: 2.0
  in .DirectFeedback.Test
	at ptolemy.actor.lib.Test.fire(Test.java:268)
	at ptolemy.domains.de.kernel.DEDirector._fire(DEDirector.java:1949)
	at ptolemy.domains.de.kernel.DEDirector.fire(DEDirector.java:502)
	at ptolemy.actor.CompositeActor.fire(CompositeActor.java:455)
	at ptolemy.actor.Manager.iterate(Manager.java:851)
	at ptolemy.actor.Manager.execute(Manager.java:369)
	at ptolemy.actor.Manager.run(Manager.java:1263)
	at ptolemy.actor.Manager$PtolemyRunThread.run(Manager.java:1933)
java.lang.RuntimeException: Execution failed
	at ptolemy.moml.MoMLSimpleApplication$UnloadThread.run(MoMLSimpleApplication.java:402)
Caused by: ptolemy.kernel.util.IllegalActionException: Found a zero delay loop containing .HierarchicalModel.A
  in .HierarchicalModel and .HierarchicalModel.A
	at ptolemy.actor.util.CausalityInterfaceForComposites._computeOutputPortDepth(CausalityInterfaceForComposites.java:759)
	at ptolemy.actor.util.CausalityInterfaceForComposites._computeInputDepth(CausalityInterfaceForComposites.java:696)
	at ptolemy.actor.util.CausalityInterfaceForComposites._computeOutputPortDepth(CausalityInterfaceForComposites.java:765)
	at ptolemy.actor.util.CausalityInterfaceForComposites._computeInputDepth(CausalityInterfaceForComposites.java:696)
	at ptolemy.actor.util.CausalityInterfaceForComposites._computeOutputPortDepth(CausalityInterfaceForComposites.java:765)
	at ptolemy.actor.util.CausalityInterfaceForComposites._computeInputDepth(CausalityInterfaceForComposites.java:696)
	at ptolemy.actor.util.CausalityInterfaceForComposites._computeActorDepth(CausalityInterfaceForComposites.java:532)
	at ptolemy.actor.util.CausalityInterfaceForComposites.checkForCycles(CausalityInterfaceForComposites.java:96)
	at ptolemy.domains.de.kernel.DEDirector.preinitialize(DEDirector.java:1338)
	at ptolemy.actor.CompositeActor.preinitialize(CompositeActor.java:1828)
	at ptolemy.actor.Manager.preinitializeAndResolveTypes(Manager.java:1040)
	at ptolemy.actor.Manager.initialize(Manager.java:710)
	at ptolemy.actor.Manager.execute(Manager.java:356)
	at ptolemy.actor.Manager.run(Manager.java:1263)
	at ptolemy.actor.Manager$PtolemyRunThread.run(Manager.java:1933)
java.lang.reflect.InvocationTargetException
	at java.base/jdk.internal.reflect.NativeConstructorAccessorImpl.newInstance0(Native Method)
	at java.base/jdk.internal.reflect.NativeConstructorAccessorImpl.newInstance(NativeConstructorAccessorImpl.java:62)
	at java.base/jdk.internal.reflect.DelegatingConstructorAccessorImpl.newInstance(DelegatingConstructorAccessorImpl.java:45)
	at java.base/java.lang.reflect.Constructor.newInstance(Constructor.java:490)
	at ptolemy.util.test.junit.AutoKnownFailedTests.RunModel(AutoKnownFailedTests.java:105)
	at java.base/jdk.internal.reflect.NativeMethodAccessorImpl.invoke0(Native Method)
	at java.base/jdk.internal.reflect.NativeMethodAccessorImpl.invoke(NativeMethodAccessorImpl.java:62)
	at java.base/jdk.internal.reflect.DelegatingMethodAccessorImpl.invoke(DelegatingMethodAccessorImpl.java:43)
	at java.base/java.lang.reflect.Method.invoke(Method.java:566)
	at org.junit.runners.model.FrameworkMethod$1.runReflectiveCall(FrameworkMethod.java:44)
	at org.junit.internal.runners.model.ReflectiveCallable.run(ReflectiveCallable.java:15)
	at org.junit.runners.model.FrameworkMethod.invokeExplosively(FrameworkMethod.java:41)
	at junitparams.internal.InvokeParameterisedMethod.evaluate(InvokeParameterisedMethod.java:102)
	at org.junit.internal.runners.statements.FailOnTimeout$1.run(FailOnTimeout.java:28)
Caused by: ptolemy.kernel.util.IllegalActionException: Found a zero delay loop containing .HierarchicalModel.A
  in .HierarchicalModel and .HierarchicalModel.A
	at ptolemy.actor.util.CausalityInterfaceForComposites._computeOutputPortDepth(CausalityInterfaceForComposites.java:759)
	at ptolemy.actor.util.CausalityInterfaceForComposites._computeInputDepth(CausalityInterfaceForComposites.java:696)
	at ptolemy.actor.util.CausalityInterfaceForComposites._computeOutputPortDepth(CausalityInterfaceForComposites.java:765)
	at ptolemy.actor.util.CausalityInterfaceForComposites._computeInputDepth(CausalityInterfaceForComposites.java:696)
	at ptolemy.actor.util.CausalityInterfaceForComposites._computeOutputPortDepth(CausalityInterfaceForComposites.java:765)
	at ptolemy.actor.util.CausalityInterfaceForComposites._computeInputDepth(CausalityInterfaceForComposites.java:696)
	at ptolemy.actor.util.CausalityInterfaceForComposites._computeActorDepth(CausalityInterfaceForComposites.java:532)
	at ptolemy.actor.util.CausalityInterfaceForComposites.checkForCycles(CausalityInterfaceForComposites.java:96)
	at ptolemy.domains.de.kernel.DEDirector.preinitialize(DEDirector.java:1338)
	at ptolemy.actor.CompositeActor.preinitialize(CompositeActor.java:1828)
	at ptolemy.actor.Manager.preinitializeAndResolveTypes(Manager.java:1040)
	at ptolemy.actor.Manager.initialize(Manager.java:710)
	at ptolemy.actor.Manager.execute(Manager.java:356)
	at ptolemy.actor.Manager.run(Manager.java:1263)
	at ptolemy.actor.Manager$PtolemyRunThread.run(Manager.java:1933)
java.lang.RuntimeException: Execution failed
	at ptolemy.moml.MoMLSimpleApplication$UnloadThread.run(MoMLSimpleApplication.java:402)
Caused by: ptolemy.kernel.util.IllegalActionException: Found a zero delay loop containing .dependencyLoop.original
  in .dependencyLoop and .dependencyLoop.original
	at ptolemy.actor.util.CausalityInterfaceForComposites._computeOutputPortDepth(CausalityInterfaceForComposites.java:759)
	at ptolemy.actor.util.CausalityInterfaceForComposites._computeInputDepth(CausalityInterfaceForComposites.java:696)
	at ptolemy.actor.util.CausalityInterfaceForComposites._computeOutputPortDepth(CausalityInterfaceForComposites.java:765)
	at ptolemy.actor.util.CausalityInterfaceForComposites._computeInputDepth(CausalityInterfaceForComposites.java:696)
	at ptolemy.actor.util.CausalityInterfaceForComposites._computeOutputPortDepth(CausalityInterfaceForComposites.java:765)
	at ptolemy.actor.util.CausalityInterfaceForComposites._computeInputDepth(CausalityInterfaceForComposites.java:696)
	at ptolemy.actor.util.CausalityInterfaceForComposites._computeActorDepth(CausalityInterfaceForComposites.java:532)
	at ptolemy.actor.util.CausalityInterfaceForComposites.checkForCycles(CausalityInterfaceForComposites.java:96)
	at ptolemy.domains.de.kernel.DEDirector.preinitialize(DEDirector.java:1338)
	at ptolemy.actor.CompositeActor.preinitialize(CompositeActor.java:1828)
	at ptolemy.actor.Manager.preinitializeAndResolveTypes(Manager.java:1040)
	at ptolemy.actor.Manager.initialize(Manager.java:710)
	at ptolemy.actor.Manager.execute(Manager.java:356)
	at ptolemy.actor.Manager.run(Manager.java:1263)
	at ptolemy.actor.Manager$PtolemyRunThread.run(Manager.java:1933)
java.lang.reflect.InvocationTargetException
	at java.base/jdk.internal.reflect.NativeConstructorAccessorImpl.newInstance0(Native Method)
	at java.base/jdk.internal.reflect.NativeConstructorAccessorImpl.newInstance(NativeConstructorAccessorImpl.java:62)
	at java.base/jdk.internal.reflect.DelegatingConstructorAccessorImpl.newInstance(DelegatingConstructorAccessorImpl.java:45)
	at java.base/java.lang.reflect.Constructor.newInstance(Constructor.java:490)
	at ptolemy.util.test.junit.AutoKnownFailedTests.RunModel(AutoKnownFailedTests.java:105)
	at java.base/jdk.internal.reflect.NativeMethodAccessorImpl.invoke0(Native Method)
	at java.base/jdk.internal.reflect.NativeMethodAccessorImpl.invoke(NativeMethodAccessorImpl.java:62)
	at java.base/jdk.internal.reflect.DelegatingMethodAccessorImpl.invoke(DelegatingMethodAccessorImpl.java:43)
	at java.base/java.lang.reflect.Method.invoke(Method.java:566)
	at org.junit.runners.model.FrameworkMethod$1.runReflectiveCall(FrameworkMethod.java:44)
	at org.junit.internal.runners.model.ReflectiveCallable.run(ReflectiveCallable.java:15)
	at org.junit.runners.model.FrameworkMethod.invokeExplosively(FrameworkMethod.java:41)
	at junitparams.internal.InvokeParameterisedMethod.evaluate(InvokeParameterisedMethod.java:102)
	at org.junit.internal.runners.statements.FailOnTimeout$1.run(FailOnTimeout.java:28)
Caused by: ptolemy.kernel.util.IllegalActionException: Found a zero delay loop containing .dependencyLoop.original
  in .dependencyLoop and .dependencyLoop.original
	at ptolemy.actor.util.CausalityInterfaceForComposites._computeOutputPortDepth(CausalityInterfaceForComposites.java:759)
	at ptolemy.actor.util.CausalityInterfaceForComposites._computeInputDepth(CausalityInterfaceForComposites.java:696)
	at ptolemy.actor.util.CausalityInterfaceForComposites._computeOutputPortDepth(CausalityInterfaceForComposites.java:765)
	at ptolemy.actor.util.CausalityInterfaceForComposites._computeInputDepth(CausalityInterfaceForComposites.java:696)
	at ptolemy.actor.util.CausalityInterfaceForComposites._computeOutputPortDepth(CausalityInterfaceForComposites.java:765)
	at ptolemy.actor.util.CausalityInterfaceForComposites._computeInputDepth(CausalityInterfaceForComposites.java:696)
	at ptolemy.actor.util.CausalityInterfaceForComposites._computeActorDepth(CausalityInterfaceForComposites.java:532)
	at ptolemy.actor.util.CausalityInterfaceForComposites.checkForCycles(CausalityInterfaceForComposites.java:96)
	at ptolemy.domains.de.kernel.DEDirector.preinitialize(DEDirector.java:1338)
	at ptolemy.actor.CompositeActor.preinitialize(CompositeActor.java:1828)
	at ptolemy.actor.Manager.preinitializeAndResolveTypes(Manager.java:1040)
	at ptolemy.actor.Manager.initialize(Manager.java:710)
	at ptolemy.actor.Manager.execute(Manager.java:356)
	at ptolemy.actor.Manager.run(Manager.java:1263)
	at ptolemy.actor.Manager$PtolemyRunThread.run(Manager.java:1933)
java.lang.RuntimeException: Execution failed
	at ptolemy.moml.MoMLSimpleApplication$UnloadThread.run(MoMLSimpleApplication.java:402)
Caused by: ptolemy.kernel.util.IllegalActionException: Found a zero delay loop containing .dependencyLoop2.original
  in .dependencyLoop2 and .dependencyLoop2.original
	at ptolemy.actor.util.CausalityInterfaceForComposites._computeOutputPortDepth(CausalityInterfaceForComposites.java:759)
	at ptolemy.actor.util.CausalityInterfaceForComposites._computeInputDepth(CausalityInterfaceForComposites.java:696)
	at ptolemy.actor.util.CausalityInterfaceForComposites._computeOutputPortDepth(CausalityInterfaceForComposites.java:765)
	at ptolemy.actor.util.CausalityInterfaceForComposites._computeInputDepth(CausalityInterfaceForComposites.java:696)
	at ptolemy.actor.util.CausalityInterfaceForComposites._computeOutputPortDepth(CausalityInterfaceForComposites.java:765)
	at ptolemy.actor.util.CausalityInterfaceForComposites._computeInputDepth(CausalityInterfaceForComposites.java:696)
	at ptolemy.actor.util.CausalityInterfaceForComposites._computeActorDepth(CausalityInterfaceForComposites.java:532)
	at ptolemy.actor.util.CausalityInterfaceForComposites.checkForCycles(CausalityInterfaceForComposites.java:96)
	at ptolemy.domains.de.kernel.DEDirector.preinitialize(DEDirector.java:1338)
	at ptolemy.actor.CompositeActor.preinitialize(CompositeActor.java:1828)
	at ptolemy.actor.Manager.preinitializeAndResolveTypes(Manager.java:1040)
	at ptolemy.actor.Manager.initialize(Manager.java:710)
	at ptolemy.actor.Manager.execute(Manager.java:356)
	at ptolemy.actor.Manager.run(Manager.java:1263)
	at ptolemy.actor.Manager$PtolemyRunThread.run(Manager.java:1933)
java.lang.reflect.InvocationTargetException
	at java.base/jdk.internal.reflect.NativeConstructorAccessorImpl.newInstance0(Native Method)
	at java.base/jdk.internal.reflect.NativeConstructorAccessorImpl.newInstance(NativeConstructorAccessorImpl.java:62)
	at java.base/jdk.internal.reflect.DelegatingConstructorAccessorImpl.newInstance(DelegatingConstructorAccessorImpl.java:45)
	at java.base/java.lang.reflect.Constructor.newInstance(Constructor.java:490)
	at ptolemy.util.test.junit.AutoKnownFailedTests.RunModel(AutoKnownFailedTests.java:105)
	at java.base/jdk.internal.reflect.NativeMethodAccessorImpl.invoke0(Native Method)
	at java.base/jdk.internal.reflect.NativeMethodAccessorImpl.invoke(NativeMethodAccessorImpl.java:62)
	at java.base/jdk.internal.reflect.DelegatingMethodAccessorImpl.invoke(DelegatingMethodAccessorImpl.java:43)
	at java.base/java.lang.reflect.Method.invoke(Method.java:566)
	at org.junit.runners.model.FrameworkMethod$1.runReflectiveCall(FrameworkMethod.java:44)
	at org.junit.internal.runners.model.ReflectiveCallable.run(ReflectiveCallable.java:15)
	at org.junit.runners.model.FrameworkMethod.invokeExplosively(FrameworkMethod.java:41)
	at junitparams.internal.InvokeParameterisedMethod.evaluate(InvokeParameterisedMethod.java:102)
	at org.junit.internal.runners.statements.FailOnTimeout$1.run(FailOnTimeout.java:28)
Caused by: ptolemy.kernel.util.IllegalActionException: Found a zero delay loop containing .dependencyLoop2.original
  in .dependencyLoop2 and .dependencyLoop2.original
	at ptolemy.actor.util.CausalityInterfaceForComposites._computeOutputPortDepth(CausalityInterfaceForComposites.java:759)
	at ptolemy.actor.util.CausalityInterfaceForComposites._computeInputDepth(CausalityInterfaceForComposites.java:696)
	at ptolemy.actor.util.CausalityInterfaceForComposites._computeOutputPortDepth(CausalityInterfaceForComposites.java:765)
	at ptolemy.actor.util.CausalityInterfaceForComposites._computeInputDepth(CausalityInterfaceForComposites.java:696)
	at ptolemy.actor.util.CausalityInterfaceForComposites._computeOutputPortDepth(CausalityInterfaceForComposites.java:765)
	at ptolemy.actor.util.CausalityInterfaceForComposites._computeInputDepth(CausalityInterfaceForComposites.java:696)
	at ptolemy.actor.util.CausalityInterfaceForComposites._computeActorDepth(CausalityInterfaceForComposites.java:532)
	at ptolemy.actor.util.CausalityInterfaceForComposites.checkForCycles(CausalityInterfaceForComposites.java:96)
	at ptolemy.domains.de.kernel.DEDirector.preinitialize(DEDirector.java:1338)
	at ptolemy.actor.CompositeActor.preinitialize(CompositeActor.java:1828)
	at ptolemy.actor.Manager.preinitializeAndResolveTypes(Manager.java:1040)
	at ptolemy.actor.Manager.initialize(Manager.java:710)
	at ptolemy.actor.Manager.execute(Manager.java:356)
	at ptolemy.actor.Manager.run(Manager.java:1263)
	at ptolemy.actor.Manager$PtolemyRunThread.run(Manager.java:1933)
]]></system-err>
</testsuite>
