<?xml version="1.0" encoding="UTF-8" ?>
<testsuite errors="0" failures="0" hostname="travis-job-079e0dcd-bc1a-4398-b9f3-dffb345f320a" name="ptolemy.actor.lib.hoc.test.junit.JUnitTclTest" skipped="0" tests="58" time="30.326" timestamp="2020-09-13T15:41:01">
  <properties>
[...]
</properties>
  <testcase classname="ptolemy.util.test.junit.TclTests" name="[0] /home/travis/build/icyphy/ptII/ptolemy/actor/lib/hoc/test/IterateOverArray.tcl (RunTclFile)" time="0.309" />
  <testcase classname="ptolemy.util.test.junit.AutoKnownFailedTests" name="[0] /home/travis/build/icyphy/ptII/ptolemy/actor/lib/hoc/test/auto/knownFailedTests/PreinitializeMustBeInvokedRunComposite.xml (RunModel)" time="0.327" />
  <testcase classname="ptolemy.util.test.junit.AutoNameArchTests" name="[0] ThereAreNoAutoArchTests (RunModel)" time="0.005" />
  <testcase classname="ptolemy.util.test.junit.AutoTests" name="[0] /home/travis/build/icyphy/ptII/ptolemy/actor/lib/hoc/test/auto/AllToAllMultiInstanceComposite.xml (RunModel)" time="0.386" />
  <testcase classname="ptolemy.util.test.junit.AutoTests" name="[1] /home/travis/build/icyphy/ptII/ptolemy/actor/lib/hoc/test/auto/ApplyFFTTest.xml (RunModel)" time="0.368" />
  <testcase classname="ptolemy.util.test.junit.AutoTests" name="[2] /home/travis/build/icyphy/ptII/ptolemy/actor/lib/hoc/test/auto/ApplyFunction.xml (RunModel)" time="0.087" />
  <testcase classname="ptolemy.util.test.junit.AutoTests" name="[3] /home/travis/build/icyphy/ptII/ptolemy/actor/lib/hoc/test/auto/BackgroundExecution.xml (RunModel)" time="0.759" />
  <testcase classname="ptolemy.util.test.junit.AutoTests" name="[4] /home/travis/build/icyphy/ptII/ptolemy/actor/lib/hoc/test/auto/Case.xml (RunModel)" time="0.074" />
  <testcase classname="ptolemy.util.test.junit.AutoTests" name="[5] /home/travis/build/icyphy/ptII/ptolemy/actor/lib/hoc/test/auto/Case1.xml (RunModel)" time="0.058" />
  <testcase classname="ptolemy.util.test.junit.AutoTests" name="[6] /home/travis/build/icyphy/ptII/ptolemy/actor/lib/hoc/test/auto/Case2.xml (RunModel)" time="0.11" />
  <testcase classname="ptolemy.util.test.junit.AutoTests" name="[7] /home/travis/build/icyphy/ptII/ptolemy/actor/lib/hoc/test/auto/Case3.xml (RunModel)" time="0.054" />
  <testcase classname="ptolemy.util.test.junit.AutoTests" name="[8] /home/travis/build/icyphy/ptII/ptolemy/actor/lib/hoc/test/auto/Case4.xml (RunModel)" time="0.071" />
  <testcase classname="ptolemy.util.test.junit.AutoTests" name="[9] /home/travis/build/icyphy/ptII/ptolemy/actor/lib/hoc/test/auto/Case5.xml (RunModel)" time="0.06" />
  <testcase classname="ptolemy.util.test.junit.AutoTests" name="[10] /home/travis/build/icyphy/ptII/ptolemy/actor/lib/hoc/test/auto/Case6.xml (RunModel)" time="0.114" />
  <testcase classname="ptolemy.util.test.junit.AutoTests" name="[11] /home/travis/build/icyphy/ptII/ptolemy/actor/lib/hoc/test/auto/CaseString2.xml (RunModel)" time="0.055" />
  <testcase classname="ptolemy.util.test.junit.AutoTests" name="[12] /home/travis/build/icyphy/ptII/ptolemy/actor/lib/hoc/test/auto/CatchUpComposite1.xml (RunModel)" time="0.074" />
  <testcase classname="ptolemy.util.test.junit.AutoTests" name="[13] /home/travis/build/icyphy/ptII/ptolemy/actor/lib/hoc/test/auto/CatchUpComposite2.xml (RunModel)" time="0.042" />
  <testcase classname="ptolemy.util.test.junit.AutoTests" name="[14] /home/travis/build/icyphy/ptII/ptolemy/actor/lib/hoc/test/auto/CatchUpComposite3.xml (RunModel)" time="0.038" />
  <testcase classname="ptolemy.util.test.junit.AutoTests" name="[15] /home/travis/build/icyphy/ptII/ptolemy/actor/lib/hoc/test/auto/CatchUpComposite4.xml (RunModel)" time="0.04" />
  <testcase classname="ptolemy.util.test.junit.AutoTests" name="[16] /home/travis/build/icyphy/ptII/ptolemy/actor/lib/hoc/test/auto/CatchUpComposite5.xml (RunModel)" time="0.035" />
  <testcase classname="ptolemy.util.test.junit.AutoTests" name="[17] /home/travis/build/icyphy/ptII/ptolemy/actor/lib/hoc/test/auto/CatchUpComposite6.xml (RunModel)" time="0.149" />
  <testcase classname="ptolemy.util.test.junit.AutoTests" name="[18] /home/travis/build/icyphy/ptII/ptolemy/actor/lib/hoc/test/auto/CatchUpComposite7.xml (RunModel)" time="0.106" />
  <testcase classname="ptolemy.util.test.junit.AutoTests" name="[19] /home/travis/build/icyphy/ptII/ptolemy/actor/lib/hoc/test/auto/ConcurrentExecutionTimeSDF.xml (RunModel)" time="1.044" />
  <testcase classname="ptolemy.util.test.junit.AutoTests" name="[20] /home/travis/build/icyphy/ptII/ptolemy/actor/lib/hoc/test/auto/ConcurrentSleep.xml (RunModel)" time="0.775" />
  <testcase classname="ptolemy.util.test.junit.AutoTests" name="[21] /home/travis/build/icyphy/ptII/ptolemy/actor/lib/hoc/test/auto/DEInPNInRunCompositeActor.xml (RunModel)" time="0.03" />
  <testcase classname="ptolemy.util.test.junit.AutoTests" name="[22] /home/travis/build/icyphy/ptII/ptolemy/actor/lib/hoc/test/auto/DFTSubSetTest.xml (RunModel)" time="0.187" />
  <testcase classname="ptolemy.util.test.junit.AutoTests" name="[23] /home/travis/build/icyphy/ptII/ptolemy/actor/lib/hoc/test/auto/HocDE.xml (RunModel)" time="0.161" />
  <testcase classname="ptolemy.util.test.junit.AutoTests" name="[24] /home/travis/build/icyphy/ptII/ptolemy/actor/lib/hoc/test/auto/IterateOverArray.xml (RunModel)" time="0.047" />
  <testcase classname="ptolemy.util.test.junit.AutoTests" name="[25] /home/travis/build/icyphy/ptII/ptolemy/actor/lib/hoc/test/auto/IterateOverArray10.xml (RunModel)" time="0.02" />
  <testcase classname="ptolemy.util.test.junit.AutoTests" name="[26] /home/travis/build/icyphy/ptII/ptolemy/actor/lib/hoc/test/auto/IterateOverArray11.xml (RunModel)" time="0.02" />
  <testcase classname="ptolemy.util.test.junit.AutoTests" name="[27] /home/travis/build/icyphy/ptII/ptolemy/actor/lib/hoc/test/auto/IterateOverArray12.xml (RunModel)" time="0.034" />
  <testcase classname="ptolemy.util.test.junit.AutoTests" name="[28] /home/travis/build/icyphy/ptII/ptolemy/actor/lib/hoc/test/auto/IterateOverArray13.xml (RunModel)" time="0.148" />
  <testcase classname="ptolemy.util.test.junit.AutoTests" name="[29] /home/travis/build/icyphy/ptII/ptolemy/actor/lib/hoc/test/auto/IterateOverArray14.xml (RunModel)" time="0.112" />
  <testcase classname="ptolemy.util.test.junit.AutoTests" name="[30] /home/travis/build/icyphy/ptII/ptolemy/actor/lib/hoc/test/auto/IterateOverArray2.xml (RunModel)" time="0.018" />
  <testcase classname="ptolemy.util.test.junit.AutoTests" name="[31] /home/travis/build/icyphy/ptII/ptolemy/actor/lib/hoc/test/auto/IterateOverArray3.xml (RunModel)" time="0.026" />
  <testcase classname="ptolemy.util.test.junit.AutoTests" name="[32] /home/travis/build/icyphy/ptII/ptolemy/actor/lib/hoc/test/auto/IterateOverArray4.xml (RunModel)" time="0.016" />
  <testcase classname="ptolemy.util.test.junit.AutoTests" name="[33] /home/travis/build/icyphy/ptII/ptolemy/actor/lib/hoc/test/auto/IterateOverArray5.xml (RunModel)" time="0.015" />
  <testcase classname="ptolemy.util.test.junit.AutoTests" name="[34] /home/travis/build/icyphy/ptII/ptolemy/actor/lib/hoc/test/auto/IterateOverArray6.xml (RunModel)" time="0.015" />
  <testcase classname="ptolemy.util.test.junit.AutoTests" name="[35] /home/travis/build/icyphy/ptII/ptolemy/actor/lib/hoc/test/auto/IterateOverArray7.xml (RunModel)" time="0.022" />
  <testcase classname="ptolemy.util.test.junit.AutoTests" name="[36] /home/travis/build/icyphy/ptII/ptolemy/actor/lib/hoc/test/auto/IterateOverArray8.xml (RunModel)" time="0.023" />
  <testcase classname="ptolemy.util.test.junit.AutoTests" name="[37] /home/travis/build/icyphy/ptII/ptolemy/actor/lib/hoc/test/auto/IterateOverArray9.xml (RunModel)" time="0.029" />
  <testcase classname="ptolemy.util.test.junit.AutoTests" name="[38] /home/travis/build/icyphy/ptII/ptolemy/actor/lib/hoc/test/auto/IterateOverArrayCoercedOutputType.xml (RunModel)" time="0.032" />
  <testcase classname="ptolemy.util.test.junit.AutoTests" name="[39] /home/travis/build/icyphy/ptII/ptolemy/actor/lib/hoc/test/auto/IterateOverArrayInferredOutputType.xml (RunModel)" time="0.024" />
  <testcase classname="ptolemy.util.test.junit.AutoTests" name="[40] /home/travis/build/icyphy/ptII/ptolemy/actor/lib/hoc/test/auto/MobileFunctionTest.xml (RunModel)" time="0.02" />
  <testcase classname="ptolemy.util.test.junit.AutoTests" name="[41] /home/travis/build/icyphy/ptII/ptolemy/actor/lib/hoc/test/auto/MobileModelTest.xml (RunModel)" time="0.137" />
  <testcase classname="ptolemy.util.test.junit.AutoTests" name="[42] /home/travis/build/icyphy/ptII/ptolemy/actor/lib/hoc/test/auto/ModelReference.xml (RunModel)" time="0.064" />
  <testcase classname="ptolemy.util.test.junit.AutoTests" name="[43] /home/travis/build/icyphy/ptII/ptolemy/actor/lib/hoc/test/auto/ModelReference3.xml (RunModel)" time="0.063" />
  <testcase classname="ptolemy.util.test.junit.AutoTests" name="[44] /home/travis/build/icyphy/ptII/ptolemy/actor/lib/hoc/test/auto/ModelReference4.xml (RunModel)" time="10.026" />
  <testcase classname="ptolemy.util.test.junit.AutoTests" name="[45] /home/travis/build/icyphy/ptII/ptolemy/actor/lib/hoc/test/auto/MultiInstanceComposite.xml (RunModel)" time="0.052" />
  <testcase classname="ptolemy.util.test.junit.AutoTests" name="[46] /home/travis/build/icyphy/ptII/ptolemy/actor/lib/hoc/test/auto/MultiInstanceComposite2.xml (RunModel)" time="0.032" />
  <testcase classname="ptolemy.util.test.junit.AutoTests" name="[47] /home/travis/build/icyphy/ptII/ptolemy/actor/lib/hoc/test/auto/MulticoreExecution.xml (RunModel)" time="1.082" />
  <testcase classname="ptolemy.util.test.junit.AutoTests" name="[48] /home/travis/build/icyphy/ptII/ptolemy/actor/lib/hoc/test/auto/ParallelExecution.xml (RunModel)" time="0.926" />
  <testcase classname="ptolemy.util.test.junit.AutoTests" name="[49] /home/travis/build/icyphy/ptII/ptolemy/actor/lib/hoc/test/auto/RunCompositeActor.xml (RunModel)" time="0.019" />
  <testcase classname="ptolemy.util.test.junit.AutoTests" name="[50] /home/travis/build/icyphy/ptII/ptolemy/actor/lib/hoc/test/auto/RunCompositeActor2.xml (RunModel)" time="0.017" />
  <testcase classname="ptolemy.util.test.junit.AutoTests" name="[51] /home/travis/build/icyphy/ptII/ptolemy/actor/lib/hoc/test/auto/RunCompositeActor3.xml (RunModel)" time="0.021" />
  <testcase classname="ptolemy.util.test.junit.AutoTests" name="[52] /home/travis/build/icyphy/ptII/ptolemy/actor/lib/hoc/test/auto/RunCompositeActor4.xml (RunModel)" time="0.048" />
  <testcase classname="ptolemy.util.test.junit.AutoTests" name="[53] /home/travis/build/icyphy/ptII/ptolemy/actor/lib/hoc/test/auto/RunCompositeIterateOverArray.xml (RunModel)" time="0.025" />
  <testcase classname="ptolemy.util.test.junit.AutoTests" name="[54] /home/travis/build/icyphy/ptII/ptolemy/actor/lib/hoc/test/auto/ThreadedJS.xml (RunModel)" time="11.017" />
  <system-out><![CDATA[/home/travis/build/icyphy/ptII/ptolemy/actor/lib/hoc/test/IterateOverArray.tcl
testDefs.tcl: setting time out to 9000 seconds at Sun Sep 13 15:41:01 UTC 2020
09/13/20 03:41:01
Failed: 0  Total Tests: 2  ((Passed: 2, Newly Passed: 0)  Known Failed: 0) /home/travis/build/icyphy/ptII/ptolemy/actor/lib/hoc/test
----------------- testing (KnownFailure) /home/travis/build/icyphy/ptII/ptolemy/actor/lib/hoc/test/auto/knownFailedTests/PreinitializeMustBeInvokedRunComposite.xml
71 ms. Memory: 129024K Free: 86470K (67%)
Known Failure: java.lang.reflect.InvocationTargetException
No auto/linux-amd64/*.xml tests in /home/travis/build/icyphy/ptII/ptolemy/actor/lib/hoc/test
AutoTests.java: About to close Vertx.
AutoTests.java: Vertx closed.

===========================================================================================
----------------- testing Sun Sep 13 15:41:02 UTC 2020 /home/travis/build/icyphy/ptII/ptolemy/actor/lib/hoc/test/auto/AllToAllMultiInstanceComposite.xml
----------------- Instantiating /home/travis/build/icyphy/ptII/ptolemy/actor/lib/hoc/test/auto/AllToAllMultiInstanceComposite.xml
210 ms. Memory: 129024K Free: 107842K (84%)
----------------- Invoking toplevel() on ptolemy.moml.MoMLSimpleApplication@6363fcae
----------------- Done invoking toplevel() on ptolemy.moml.MoMLSimpleApplication@6363fcae
reloadAllAccessors: .AllToAllMultiInstanceComposite

===========================================================================================
----------------- testing Sun Sep 13 15:41:02 UTC 2020 /home/travis/build/icyphy/ptII/ptolemy/actor/lib/hoc/test/auto/ApplyFFTTest.xml
----------------- Instantiating /home/travis/build/icyphy/ptII/ptolemy/actor/lib/hoc/test/auto/ApplyFFTTest.xml
137 ms. Memory: 129024K Free: 89469K (69%)
----------------- Invoking toplevel() on ptolemy.moml.MoMLSimpleApplication@61d378d5
----------------- Done invoking toplevel() on ptolemy.moml.MoMLSimpleApplication@61d378d5
reloadAllAccessors: .ApplyFFTTest

===========================================================================================
----------------- testing Sun Sep 13 15:41:03 UTC 2020 /home/travis/build/icyphy/ptII/ptolemy/actor/lib/hoc/test/auto/ApplyFunction.xml
----------------- Instantiating /home/travis/build/icyphy/ptII/ptolemy/actor/lib/hoc/test/auto/ApplyFunction.xml
14 ms. Memory: 129024K Free: 86368K (67%)
----------------- Invoking toplevel() on ptolemy.moml.MoMLSimpleApplication@6f6a49bd
----------------- Done invoking toplevel() on ptolemy.moml.MoMLSimpleApplication@6f6a49bd
reloadAllAccessors: .ApplyFunction

===========================================================================================
----------------- testing Sun Sep 13 15:41:03 UTC 2020 /home/travis/build/icyphy/ptII/ptolemy/actor/lib/hoc/test/auto/BackgroundExecution.xml
----------------- Instantiating /home/travis/build/icyphy/ptII/ptolemy/actor/lib/hoc/test/auto/BackgroundExecution.xml
637 ms. Memory: 129024K Free: 79213K (61%)
----------------- Invoking toplevel() on ptolemy.moml.MoMLSimpleApplication@54fb006e
----------------- Done invoking toplevel() on ptolemy.moml.MoMLSimpleApplication@54fb006e
reloadAllAccessors: .BackgroundExecution

===========================================================================================
----------------- testing Sun Sep 13 15:41:03 UTC 2020 /home/travis/build/icyphy/ptII/ptolemy/actor/lib/hoc/test/auto/Case.xml
----------------- Instantiating /home/travis/build/icyphy/ptII/ptolemy/actor/lib/hoc/test/auto/Case.xml
18 ms. Memory: 129024K Free: 71714K (56%)
----------------- Invoking toplevel() on ptolemy.moml.MoMLSimpleApplication@6238cbe8
----------------- Done invoking toplevel() on ptolemy.moml.MoMLSimpleApplication@6238cbe8
reloadAllAccessors: .Case

===========================================================================================
----------------- testing Sun Sep 13 15:41:04 UTC 2020 /home/travis/build/icyphy/ptII/ptolemy/actor/lib/hoc/test/auto/Case1.xml
----------------- Instantiating /home/travis/build/icyphy/ptII/ptolemy/actor/lib/hoc/test/auto/Case1.xml
19 ms. Memory: 129024K Free: 110155K (85%)
----------------- Invoking toplevel() on ptolemy.moml.MoMLSimpleApplication@23841879
----------------- Done invoking toplevel() on ptolemy.moml.MoMLSimpleApplication@23841879
reloadAllAccessors: .Case1

===========================================================================================
----------------- testing Sun Sep 13 15:41:04 UTC 2020 /home/travis/build/icyphy/ptII/ptolemy/actor/lib/hoc/test/auto/Case2.xml
----------------- Instantiating /home/travis/build/icyphy/ptII/ptolemy/actor/lib/hoc/test/auto/Case2.xml
30 ms. Memory: 129024K Free: 99985K (77%)
----------------- Invoking toplevel() on ptolemy.moml.MoMLSimpleApplication@5a498356
----------------- Done invoking toplevel() on ptolemy.moml.MoMLSimpleApplication@5a498356
reloadAllAccessors: .Case2

===========================================================================================
----------------- testing Sun Sep 13 15:41:04 UTC 2020 /home/travis/build/icyphy/ptII/ptolemy/actor/lib/hoc/test/auto/Case3.xml
----------------- Instantiating /home/travis/build/icyphy/ptII/ptolemy/actor/lib/hoc/test/auto/Case3.xml
15 ms. Memory: 129024K Free: 94107K (73%)
----------------- Invoking toplevel() on ptolemy.moml.MoMLSimpleApplication@6200ee26
----------------- Done invoking toplevel() on ptolemy.moml.MoMLSimpleApplication@6200ee26
reloadAllAccessors: .Case3

===========================================================================================
----------------- testing Sun Sep 13 15:41:04 UTC 2020 /home/travis/build/icyphy/ptII/ptolemy/actor/lib/hoc/test/auto/Case4.xml
----------------- Instantiating /home/travis/build/icyphy/ptII/ptolemy/actor/lib/hoc/test/auto/Case4.xml
16 ms. Memory: 129024K Free: 86374K (67%)
----------------- Invoking toplevel() on ptolemy.moml.MoMLSimpleApplication@3d74cc38
----------------- Done invoking toplevel() on ptolemy.moml.MoMLSimpleApplication@3d74cc38
reloadAllAccessors: .Case4

===========================================================================================
----------------- testing Sun Sep 13 15:41:04 UTC 2020 /home/travis/build/icyphy/ptII/ptolemy/actor/lib/hoc/test/auto/Case5.xml
----------------- Instantiating /home/travis/build/icyphy/ptII/ptolemy/actor/lib/hoc/test/auto/Case5.xml
37 ms. Memory: 129024K Free: 80241K (62%)
----------------- Invoking toplevel() on ptolemy.moml.MoMLSimpleApplication@63910295
----------------- Done invoking toplevel() on ptolemy.moml.MoMLSimpleApplication@63910295
reloadAllAccessors: .junk

===========================================================================================
----------------- testing Sun Sep 13 15:41:04 UTC 2020 /home/travis/build/icyphy/ptII/ptolemy/actor/lib/hoc/test/auto/Case6.xml
----------------- Instantiating /home/travis/build/icyphy/ptII/ptolemy/actor/lib/hoc/test/auto/Case6.xml
41 ms. Memory: 129024K Free: 69014K (53%)
----------------- Invoking toplevel() on ptolemy.moml.MoMLSimpleApplication@57e78a01
----------------- Done invoking toplevel() on ptolemy.moml.MoMLSimpleApplication@57e78a01
reloadAllAccessors: .Case6

===========================================================================================
----------------- testing Sun Sep 13 15:41:04 UTC 2020 /home/travis/build/icyphy/ptII/ptolemy/actor/lib/hoc/test/auto/CaseString2.xml
----------------- Instantiating /home/travis/build/icyphy/ptII/ptolemy/actor/lib/hoc/test/auto/CaseString2.xml
15 ms. Memory: 129024K Free: 113365K (88%)
----------------- Invoking toplevel() on ptolemy.moml.MoMLSimpleApplication@4a814aed
----------------- Done invoking toplevel() on ptolemy.moml.MoMLSimpleApplication@4a814aed
reloadAllAccessors: .CaseString2

===========================================================================================
----------------- testing Sun Sep 13 15:41:04 UTC 2020 /home/travis/build/icyphy/ptII/ptolemy/actor/lib/hoc/test/auto/CatchUpComposite1.xml
----------------- Instantiating /home/travis/build/icyphy/ptII/ptolemy/actor/lib/hoc/test/auto/CatchUpComposite1.xml
28 ms. Memory: 129024K Free: 103857K (80%)
----------------- Invoking toplevel() on ptolemy.moml.MoMLSimpleApplication@3b7b04a7
----------------- Done invoking toplevel() on ptolemy.moml.MoMLSimpleApplication@3b7b04a7
reloadAllAccessors: .CatchUpComposite1

===========================================================================================
----------------- testing Sun Sep 13 15:41:04 UTC 2020 /home/travis/build/icyphy/ptII/ptolemy/actor/lib/hoc/test/auto/CatchUpComposite2.xml
----------------- Instantiating /home/travis/build/icyphy/ptII/ptolemy/actor/lib/hoc/test/auto/CatchUpComposite2.xml
7 ms. Memory: 129024K Free: 95649K (74%)
----------------- Invoking toplevel() on ptolemy.moml.MoMLSimpleApplication@ae05ee5
----------------- Done invoking toplevel() on ptolemy.moml.MoMLSimpleApplication@ae05ee5
reloadAllAccessors: .CatchUpComposite2

===========================================================================================
----------------- testing Sun Sep 13 15:41:04 UTC 2020 /home/travis/build/icyphy/ptII/ptolemy/actor/lib/hoc/test/auto/CatchUpComposite3.xml
----------------- Instantiating /home/travis/build/icyphy/ptII/ptolemy/actor/lib/hoc/test/auto/CatchUpComposite3.xml
14 ms. Memory: 129024K Free: 87442K (68%)
----------------- Invoking toplevel() on ptolemy.moml.MoMLSimpleApplication@6d1f9a5a
----------------- Done invoking toplevel() on ptolemy.moml.MoMLSimpleApplication@6d1f9a5a
reloadAllAccessors: .CatchUpComposite3

===========================================================================================
----------------- testing Sun Sep 13 15:41:04 UTC 2020 /home/travis/build/icyphy/ptII/ptolemy/actor/lib/hoc/test/auto/CatchUpComposite4.xml
----------------- Instantiating /home/travis/build/icyphy/ptII/ptolemy/actor/lib/hoc/test/auto/CatchUpComposite4.xml
8 ms. Memory: 129024K Free: 79542K (62%)
----------------- Invoking toplevel() on ptolemy.moml.MoMLSimpleApplication@791dc3cf
----------------- Done invoking toplevel() on ptolemy.moml.MoMLSimpleApplication@791dc3cf
reloadAllAccessors: .CatchUpComposite4

===========================================================================================
----------------- testing Sun Sep 13 15:41:04 UTC 2020 /home/travis/build/icyphy/ptII/ptolemy/actor/lib/hoc/test/auto/CatchUpComposite5.xml
----------------- Instantiating /home/travis/build/icyphy/ptII/ptolemy/actor/lib/hoc/test/auto/CatchUpComposite5.xml
7 ms. Memory: 129024K Free: 72390K (56%)
----------------- Invoking toplevel() on ptolemy.moml.MoMLSimpleApplication@69ccabe4
----------------- Done invoking toplevel() on ptolemy.moml.MoMLSimpleApplication@69ccabe4
reloadAllAccessors: .CatchUpComposite5

===========================================================================================
----------------- testing Sun Sep 13 15:41:04 UTC 2020 /home/travis/build/icyphy/ptII/ptolemy/actor/lib/hoc/test/auto/CatchUpComposite6.xml
----------------- Instantiating /home/travis/build/icyphy/ptII/ptolemy/actor/lib/hoc/test/auto/CatchUpComposite6.xml
WARNING: The execution aspects in this model can influence the timing of actors by delaying the 
execution, potentially changing the behavior. There is no guarantee that actors fire at the 
time they request to be fired. 
Use Ptides for deterministic DE behavior that is not influenced by execution aspects. 

79 ms. Memory: 129024K Free: 57777K (45%)
----------------- Invoking toplevel() on ptolemy.moml.MoMLSimpleApplication@5cdb091d
----------------- Done invoking toplevel() on ptolemy.moml.MoMLSimpleApplication@5cdb091d
reloadAllAccessors: .CatchUpComposite6

===========================================================================================
----------------- testing Sun Sep 13 15:41:04 UTC 2020 /home/travis/build/icyphy/ptII/ptolemy/actor/lib/hoc/test/auto/CatchUpComposite7.xml
----------------- Instantiating /home/travis/build/icyphy/ptII/ptolemy/actor/lib/hoc/test/auto/CatchUpComposite7.xml
WARNING: The execution aspects in this model can influence the timing of actors by delaying the 
execution, potentially changing the behavior. There is no guarantee that actors fire at the 
time they request to be fired. 
Use Ptides for deterministic DE behavior that is not influenced by execution aspects. 

38 ms. Memory: 129024K Free: 105486K (82%)
----------------- Invoking toplevel() on ptolemy.moml.MoMLSimpleApplication@5e788669
----------------- Done invoking toplevel() on ptolemy.moml.MoMLSimpleApplication@5e788669
reloadAllAccessors: .CatchUpComposite7

===========================================================================================
----------------- testing Sun Sep 13 15:41:05 UTC 2020 /home/travis/build/icyphy/ptII/ptolemy/actor/lib/hoc/test/auto/ConcurrentExecutionTimeSDF.xml
----------------- Instantiating /home/travis/build/icyphy/ptII/ptolemy/actor/lib/hoc/test/auto/ConcurrentExecutionTimeSDF.xml
Fired ExecutionTime: 40400000
Fired ExecutionTime: 40400000
Fired ExecutionTime: 40400000
Fired ExecutionTime: 40400000
Fired ExecutionTime: 40400000
Fired ExecutionTime: 40400000
Fired ExecutionTime: 40400000
Fired ExecutionTime: 40400000
Fired ExecutionTime: 40400000
Fired ExecutionTime: 40400000
Fired ExecutionTime: 40400000
Fired ExecutionTime: 40400000
Fired ExecutionTime: 40400000
Fired ExecutionTime: 40400000
Fired ExecutionTime: 40400000
Fired ExecutionTime: 40400000
Fired ExecutionTime: 40400000
Fired ExecutionTime: 40400000
Fired ExecutionTime: 40400000
Fired ExecutionTime: 40400000
1017 ms. Memory: 129024K Free: 98692K (76%)
----------------- Invoking toplevel() on ptolemy.moml.MoMLSimpleApplication@2c20f6f4
----------------- Done invoking toplevel() on ptolemy.moml.MoMLSimpleApplication@2c20f6f4
reloadAllAccessors: .ConcurrentExecutionTimeSDF

===========================================================================================
----------------- testing Sun Sep 13 15:41:06 UTC 2020 /home/travis/build/icyphy/ptII/ptolemy/actor/lib/hoc/test/auto/ConcurrentSleep.xml
----------------- Instantiating /home/travis/build/icyphy/ptII/ptolemy/actor/lib/hoc/test/auto/ConcurrentSleep.xml
727 ms. Memory: 129024K Free: 88078K (68%)
----------------- Invoking toplevel() on ptolemy.moml.MoMLSimpleApplication@1bbe1d6
----------------- Done invoking toplevel() on ptolemy.moml.MoMLSimpleApplication@1bbe1d6
reloadAllAccessors: .ConcurrentSleep

===========================================================================================
----------------- testing Sun Sep 13 15:41:06 UTC 2020 /home/travis/build/icyphy/ptII/ptolemy/actor/lib/hoc/test/auto/DEInPNInRunCompositeActor.xml
----------------- Instantiating /home/travis/build/icyphy/ptII/ptolemy/actor/lib/hoc/test/auto/DEInPNInRunCompositeActor.xml
15 ms. Memory: 129024K Free: 82684K (64%)
----------------- Invoking toplevel() on ptolemy.moml.MoMLSimpleApplication@148da872
----------------- Done invoking toplevel() on ptolemy.moml.MoMLSimpleApplication@148da872
reloadAllAccessors: .DEInPNInRunCompositeActor

===========================================================================================
----------------- testing Sun Sep 13 15:41:06 UTC 2020 /home/travis/build/icyphy/ptII/ptolemy/actor/lib/hoc/test/auto/DFTSubSetTest.xml
----------------- Instantiating /home/travis/build/icyphy/ptII/ptolemy/actor/lib/hoc/test/auto/DFTSubSetTest.xml
125 ms. Memory: 129024K Free: 40324K (31%)
----------------- Invoking toplevel() on ptolemy.moml.MoMLSimpleApplication@3adec842
----------------- Done invoking toplevel() on ptolemy.moml.MoMLSimpleApplication@3adec842
reloadAllAccessors: .DFTSubSetTest

===========================================================================================
----------------- testing Sun Sep 13 15:41:07 UTC 2020 /home/travis/build/icyphy/ptII/ptolemy/actor/lib/hoc/test/auto/HocDE.xml
----------------- Instantiating /home/travis/build/icyphy/ptII/ptolemy/actor/lib/hoc/test/auto/HocDE.xml
120 ms. Memory: 160768K Free: 121620K (76%)
----------------- Invoking toplevel() on ptolemy.moml.MoMLSimpleApplication@41a805c7
----------------- Done invoking toplevel() on ptolemy.moml.MoMLSimpleApplication@41a805c7
reloadAllAccessors: .HocDE

===========================================================================================
----------------- testing Sun Sep 13 15:41:07 UTC 2020 /home/travis/build/icyphy/ptII/ptolemy/actor/lib/hoc/test/auto/IterateOverArray.xml
----------------- Instantiating /home/travis/build/icyphy/ptII/ptolemy/actor/lib/hoc/test/auto/IterateOverArray.xml
6 ms. Memory: 160768K Free: 117010K (73%)
----------------- Invoking toplevel() on ptolemy.moml.MoMLSimpleApplication@343785f9
----------------- Done invoking toplevel() on ptolemy.moml.MoMLSimpleApplication@343785f9
reloadAllAccessors: .IterateOverArray

===========================================================================================
----------------- testing Sun Sep 13 15:41:07 UTC 2020 /home/travis/build/icyphy/ptII/ptolemy/actor/lib/hoc/test/auto/IterateOverArray10.xml
----------------- Instantiating /home/travis/build/icyphy/ptII/ptolemy/actor/lib/hoc/test/auto/IterateOverArray10.xml
4 ms. Memory: 160768K Free: 113428K (71%)
----------------- Invoking toplevel() on ptolemy.moml.MoMLSimpleApplication@67ac5578
----------------- Done invoking toplevel() on ptolemy.moml.MoMLSimpleApplication@67ac5578
reloadAllAccessors: .IterateOverArray10

===========================================================================================
----------------- testing Sun Sep 13 15:41:07 UTC 2020 /home/travis/build/icyphy/ptII/ptolemy/actor/lib/hoc/test/auto/IterateOverArray11.xml
----------------- Instantiating /home/travis/build/icyphy/ptII/ptolemy/actor/lib/hoc/test/auto/IterateOverArray11.xml
5 ms. Memory: 160768K Free: 109332K (68%)
----------------- Invoking toplevel() on ptolemy.moml.MoMLSimpleApplication@4defb6d5
----------------- Done invoking toplevel() on ptolemy.moml.MoMLSimpleApplication@4defb6d5
reloadAllAccessors: .IterateOverArray11

===========================================================================================
----------------- testing Sun Sep 13 15:41:07 UTC 2020 /home/travis/build/icyphy/ptII/ptolemy/actor/lib/hoc/test/auto/IterateOverArray12.xml
----------------- Instantiating /home/travis/build/icyphy/ptII/ptolemy/actor/lib/hoc/test/auto/IterateOverArray12.xml
13 ms. Memory: 160768K Free: 103188K (64%)
----------------- Invoking toplevel() on ptolemy.moml.MoMLSimpleApplication@49f4cd6e
----------------- Done invoking toplevel() on ptolemy.moml.MoMLSimpleApplication@49f4cd6e
reloadAllAccessors: .IterateOverArray12

===========================================================================================
----------------- testing Sun Sep 13 15:41:07 UTC 2020 /home/travis/build/icyphy/ptII/ptolemy/actor/lib/hoc/test/auto/IterateOverArray13.xml
----------------- Instantiating /home/travis/build/icyphy/ptII/ptolemy/actor/lib/hoc/test/auto/IterateOverArray13.xml
70 ms. Memory: 160768K Free: 74516K (46%)
----------------- Invoking toplevel() on ptolemy.moml.MoMLSimpleApplication@27e85ffc
----------------- Done invoking toplevel() on ptolemy.moml.MoMLSimpleApplication@27e85ffc
reloadAllAccessors: .IterateOverArray13

===========================================================================================
----------------- testing Sun Sep 13 15:41:07 UTC 2020 /home/travis/build/icyphy/ptII/ptolemy/actor/lib/hoc/test/auto/IterateOverArray14.xml
----------------- Instantiating /home/travis/build/icyphy/ptII/ptolemy/actor/lib/hoc/test/auto/IterateOverArray14.xml
52 ms. Memory: 160768K Free: 135713K (84%)
----------------- Invoking toplevel() on ptolemy.moml.MoMLSimpleApplication@ce2b309
----------------- Done invoking toplevel() on ptolemy.moml.MoMLSimpleApplication@ce2b309
reloadAllAccessors: .IterateOverArray14

===========================================================================================
----------------- testing Sun Sep 13 15:41:07 UTC 2020 /home/travis/build/icyphy/ptII/ptolemy/actor/lib/hoc/test/auto/IterateOverArray2.xml
----------------- Instantiating /home/travis/build/icyphy/ptII/ptolemy/actor/lib/hoc/test/auto/IterateOverArray2.xml
4 ms. Memory: 160768K Free: 131094K (82%)
----------------- Invoking toplevel() on ptolemy.moml.MoMLSimpleApplication@7ac50f69
----------------- Done invoking toplevel() on ptolemy.moml.MoMLSimpleApplication@7ac50f69
reloadAllAccessors: .IterateOverArray2

===========================================================================================
----------------- testing Sun Sep 13 15:41:07 UTC 2020 /home/travis/build/icyphy/ptII/ptolemy/actor/lib/hoc/test/auto/IterateOverArray3.xml
----------------- Instantiating /home/travis/build/icyphy/ptII/ptolemy/actor/lib/hoc/test/auto/IterateOverArray3.xml
8 ms. Memory: 160768K Free: 125464K (78%)
----------------- Invoking toplevel() on ptolemy.moml.MoMLSimpleApplication@5a9743e1
----------------- Done invoking toplevel() on ptolemy.moml.MoMLSimpleApplication@5a9743e1
reloadAllAccessors: .IterateOverArray3

===========================================================================================
----------------- testing Sun Sep 13 15:41:07 UTC 2020 /home/travis/build/icyphy/ptII/ptolemy/actor/lib/hoc/test/auto/IterateOverArray4.xml
----------------- Instantiating /home/travis/build/icyphy/ptII/ptolemy/actor/lib/hoc/test/auto/IterateOverArray4.xml
3 ms. Memory: 160768K Free: 121368K (75%)
----------------- Invoking toplevel() on ptolemy.moml.MoMLSimpleApplication@193ba122
----------------- Done invoking toplevel() on ptolemy.moml.MoMLSimpleApplication@193ba122
reloadAllAccessors: .IterateOverArray4

===========================================================================================
----------------- testing Sun Sep 13 15:41:07 UTC 2020 /home/travis/build/icyphy/ptII/ptolemy/actor/lib/hoc/test/auto/IterateOverArray5.xml
----------------- Instantiating /home/travis/build/icyphy/ptII/ptolemy/actor/lib/hoc/test/auto/IterateOverArray5.xml
3 ms. Memory: 160768K Free: 117272K (73%)
----------------- Invoking toplevel() on ptolemy.moml.MoMLSimpleApplication@66f555
----------------- Done invoking toplevel() on ptolemy.moml.MoMLSimpleApplication@66f555
reloadAllAccessors: .IterateOverArray5

===========================================================================================
----------------- testing Sun Sep 13 15:41:07 UTC 2020 /home/travis/build/icyphy/ptII/ptolemy/actor/lib/hoc/test/auto/IterateOverArray6.xml
----------------- Instantiating /home/travis/build/icyphy/ptII/ptolemy/actor/lib/hoc/test/auto/IterateOverArray6.xml
3 ms. Memory: 160768K Free: 113686K (71%)
----------------- Invoking toplevel() on ptolemy.moml.MoMLSimpleApplication@75dc5fa1
----------------- Done invoking toplevel() on ptolemy.moml.MoMLSimpleApplication@75dc5fa1
reloadAllAccessors: .IterateOverArray6

===========================================================================================
----------------- testing Sun Sep 13 15:41:07 UTC 2020 /home/travis/build/icyphy/ptII/ptolemy/actor/lib/hoc/test/auto/IterateOverArray7.xml
----------------- Instantiating /home/travis/build/icyphy/ptII/ptolemy/actor/lib/hoc/test/auto/IterateOverArray7.xml
7 ms. Memory: 160768K Free: 109080K (68%)
----------------- Invoking toplevel() on ptolemy.moml.MoMLSimpleApplication@77f4ea9d
----------------- Done invoking toplevel() on ptolemy.moml.MoMLSimpleApplication@77f4ea9d
reloadAllAccessors: .IterateOverArray7

===========================================================================================
----------------- testing Sun Sep 13 15:41:07 UTC 2020 /home/travis/build/icyphy/ptII/ptolemy/actor/lib/hoc/test/auto/IterateOverArray8.xml
----------------- Instantiating /home/travis/build/icyphy/ptII/ptolemy/actor/lib/hoc/test/auto/IterateOverArray8.xml
3 ms. Memory: 160768K Free: 104984K (65%)
----------------- Invoking toplevel() on ptolemy.moml.MoMLSimpleApplication@179c6703
----------------- Done invoking toplevel() on ptolemy.moml.MoMLSimpleApplication@179c6703
reloadAllAccessors: .IterateOverArray8

===========================================================================================
----------------- testing Sun Sep 13 15:41:07 UTC 2020 /home/travis/build/icyphy/ptII/ptolemy/actor/lib/hoc/test/auto/IterateOverArray9.xml
----------------- Instantiating /home/travis/build/icyphy/ptII/ptolemy/actor/lib/hoc/test/auto/IterateOverArray9.xml
5 ms. Memory: 160768K Free: 100888K (63%)
----------------- Invoking toplevel() on ptolemy.moml.MoMLSimpleApplication@686d4ab8
----------------- Done invoking toplevel() on ptolemy.moml.MoMLSimpleApplication@686d4ab8
reloadAllAccessors: .IterateOverArray9

===========================================================================================
----------------- testing Sun Sep 13 15:41:07 UTC 2020 /home/travis/build/icyphy/ptII/ptolemy/actor/lib/hoc/test/auto/IterateOverArrayCoercedOutputType.xml
----------------- Instantiating /home/travis/build/icyphy/ptII/ptolemy/actor/lib/hoc/test/auto/IterateOverArrayCoercedOutputType.xml
6 ms. Memory: 160768K Free: 95768K (60%)
----------------- Invoking toplevel() on ptolemy.moml.MoMLSimpleApplication@17ea9a33
----------------- Done invoking toplevel() on ptolemy.moml.MoMLSimpleApplication@17ea9a33
reloadAllAccessors: .IterateOverArrayCoercedOutputType

===========================================================================================
----------------- testing Sun Sep 13 15:41:07 UTC 2020 /home/travis/build/icyphy/ptII/ptolemy/actor/lib/hoc/test/auto/IterateOverArrayInferredOutputType.xml
----------------- Instantiating /home/travis/build/icyphy/ptII/ptolemy/actor/lib/hoc/test/auto/IterateOverArrayInferredOutputType.xml
10 ms. Memory: 160768K Free: 91158K (57%)
----------------- Invoking toplevel() on ptolemy.moml.MoMLSimpleApplication@991da5c
----------------- Done invoking toplevel() on ptolemy.moml.MoMLSimpleApplication@991da5c
reloadAllAccessors: .IterateOverArrayInferredOutputType

===========================================================================================
----------------- testing Sun Sep 13 15:41:07 UTC 2020 /home/travis/build/icyphy/ptII/ptolemy/actor/lib/hoc/test/auto/MobileFunctionTest.xml
----------------- Instantiating /home/travis/build/icyphy/ptII/ptolemy/actor/lib/hoc/test/auto/MobileFunctionTest.xml
3 ms. Memory: 160768K Free: 87056K (54%)
----------------- Invoking toplevel() on ptolemy.moml.MoMLSimpleApplication@12db8f8a
----------------- Done invoking toplevel() on ptolemy.moml.MoMLSimpleApplication@12db8f8a
reloadAllAccessors: .MobileFunctionTest

===========================================================================================
----------------- testing Sun Sep 13 15:41:07 UTC 2020 /home/travis/build/icyphy/ptII/ptolemy/actor/lib/hoc/test/auto/MobileModelTest.xml
----------------- Instantiating /home/travis/build/icyphy/ptII/ptolemy/actor/lib/hoc/test/auto/MobileModelTest.xml
119 ms. Memory: 160768K Free: 66072K (41%)
----------------- Invoking toplevel() on ptolemy.moml.MoMLSimpleApplication@28ea397f
----------------- Done invoking toplevel() on ptolemy.moml.MoMLSimpleApplication@28ea397f
reloadAllAccessors: .MobileModelTest

===========================================================================================
----------------- testing Sun Sep 13 15:41:08 UTC 2020 /home/travis/build/icyphy/ptII/ptolemy/actor/lib/hoc/test/auto/ModelReference.xml
----------------- Instantiating /home/travis/build/icyphy/ptII/ptolemy/actor/lib/hoc/test/auto/ModelReference.xml
2 ms. Memory: 160768K Free: 59414K (37%)
3 ms. Memory: 160768K Free: 58904K (37%)
2 ms. Memory: 160768K Free: 57880K (36%)
2 ms. Memory: 160768K Free: 56856K (35%)
1 ms. Memory: 160768K Free: 56328K (35%)
1 ms. Memory: 160768K Free: 55318K (34%)
1 ms. Memory: 160768K Free: 54808K (34%)
1 ms. Memory: 160768K Free: 53784K (33%)
2 ms. Memory: 160768K Free: 53240K (33%)
5 ms. Memory: 160768K Free: 52232K (32%)
27 ms. Memory: 160768K Free: 52232K (32%)
----------------- Invoking toplevel() on ptolemy.moml.MoMLSimpleApplication@711dc0da
----------------- Done invoking toplevel() on ptolemy.moml.MoMLSimpleApplication@711dc0da
reloadAllAccessors: .ModelReference

===========================================================================================
----------------- testing Sun Sep 13 15:41:08 UTC 2020 /home/travis/build/icyphy/ptII/ptolemy/actor/lib/hoc/test/auto/ModelReference3.xml
----------------- Instantiating /home/travis/build/icyphy/ptII/ptolemy/actor/lib/hoc/test/auto/ModelReference3.xml
2 ms. Memory: 160768K Free: 140044K (87%)
6 ms. Memory: 160768K Free: 139020K (86%)
2 ms. Memory: 160768K Free: 137996K (86%)
3 ms. Memory: 160768K Free: 137500K (86%)
2 ms. Memory: 160768K Free: 136476K (85%)
1 ms. Memory: 160768K Free: 135932K (85%)
3 ms. Memory: 160768K Free: 134924K (84%)
4 ms. Memory: 160768K Free: 133900K (83%)
2 ms. Memory: 160768K Free: 133404K (83%)
2 ms. Memory: 160768K Free: 132380K (82%)
33 ms. Memory: 160768K Free: 132380K (82%)
----------------- Invoking toplevel() on ptolemy.moml.MoMLSimpleApplication@e40b9aa
----------------- Done invoking toplevel() on ptolemy.moml.MoMLSimpleApplication@e40b9aa
reloadAllAccessors: .ModelReference3

===========================================================================================
----------------- testing Sun Sep 13 15:41:08 UTC 2020 /home/travis/build/icyphy/ptII/ptolemy/actor/lib/hoc/test/auto/ModelReference4.xml
----------------- Instantiating /home/travis/build/icyphy/ptII/ptolemy/actor/lib/hoc/test/auto/ModelReference4.xml
5 ms. Memory: 160768K Free: 127756K (79%)
4 ms. Memory: 160768K Free: 126236K (79%)
4 ms. Memory: 160768K Free: 125212K (78%)
1 ms. Memory: 160768K Free: 123668K (77%)
2 ms. Memory: 160768K Free: 122636K (76%)
2 ms. Memory: 160768K Free: 121620K (76%)
4 ms. Memory: 160768K Free: 120092K (75%)
3 ms. Memory: 160768K Free: 119068K (74%)
2 ms. Memory: 160768K Free: 117524K (73%)
3 ms. Memory: 160768K Free: 115996K (72%)
10015 ms. Memory: 160768K Free: 115996K (72%)
----------------- Invoking toplevel() on ptolemy.moml.MoMLSimpleApplication@6a160478
----------------- Done invoking toplevel() on ptolemy.moml.MoMLSimpleApplication@6a160478
reloadAllAccessors: .ModelReference4

===========================================================================================
----------------- testing Sun Sep 13 15:41:18 UTC 2020 /home/travis/build/icyphy/ptII/ptolemy/actor/lib/hoc/test/auto/MultiInstanceComposite.xml
----------------- Instantiating /home/travis/build/icyphy/ptII/ptolemy/actor/lib/hoc/test/auto/MultiInstanceComposite.xml
26 ms. Memory: 160768K Free: 97050K (60%)
----------------- Invoking toplevel() on ptolemy.moml.MoMLSimpleApplication@32c7a1a
----------------- Done invoking toplevel() on ptolemy.moml.MoMLSimpleApplication@32c7a1a
reloadAllAccessors: .MultiInstanceComposite

===========================================================================================
----------------- testing Sun Sep 13 15:41:18 UTC 2020 /home/travis/build/icyphy/ptII/ptolemy/actor/lib/hoc/test/auto/MultiInstanceComposite2.xml
----------------- Instantiating /home/travis/build/icyphy/ptII/ptolemy/actor/lib/hoc/test/auto/MultiInstanceComposite2.xml
13 ms. Memory: 160768K Free: 85786K (53%)
----------------- Invoking toplevel() on ptolemy.moml.MoMLSimpleApplication@40116a97
----------------- Done invoking toplevel() on ptolemy.moml.MoMLSimpleApplication@40116a97
reloadAllAccessors: .MultiInstanceComposite2

===========================================================================================
----------------- testing Sun Sep 13 15:41:18 UTC 2020 /home/travis/build/icyphy/ptII/ptolemy/actor/lib/hoc/test/auto/MulticoreExecution.xml
----------------- Instantiating /home/travis/build/icyphy/ptII/ptolemy/actor/lib/hoc/test/auto/MulticoreExecution.xml
Fired ExecutionTime: 4000000
Fired ExecutionTime: 2400000
Fired ExecutionTime: 9600000
Fired ExecutionTime: 15200000
Fired ExecutionTime: 109200000
Fired ExecutionTime: 106800000
Fired ExecutionTime: 108800000
Fired ExecutionTime: 108400000
Fired ExecutionTime: 94800000
Fired ExecutionTime: 114000000
Fired ExecutionTime: 108400000
Fired ExecutionTime: 109200000
Fired ExecutionTime: 108400000
Fired ExecutionTime: 108800000
Fired ExecutionTime: 108800000
Fired ExecutionTime: 113600000
Fired ExecutionTime: 112000000
Fired ExecutionTime: 111600000
Fired ExecutionTime: 113200000
Fired ExecutionTime: 111600000
1044 ms. Memory: 160768K Free: 76570K (48%)
----------------- Invoking toplevel() on ptolemy.moml.MoMLSimpleApplication@122aa8e4
----------------- Done invoking toplevel() on ptolemy.moml.MoMLSimpleApplication@122aa8e4
reloadAllAccessors: .MulticoreExecution

===========================================================================================
----------------- testing Sun Sep 13 15:41:19 UTC 2020 /home/travis/build/icyphy/ptII/ptolemy/actor/lib/hoc/test/auto/ParallelExecution.xml
----------------- Instantiating /home/travis/build/icyphy/ptII/ptolemy/actor/lib/hoc/test/auto/ParallelExecution.xml
911 ms. Memory: 160768K Free: 68892K (43%)
----------------- Invoking toplevel() on ptolemy.moml.MoMLSimpleApplication@1e39b9d7
----------------- Done invoking toplevel() on ptolemy.moml.MoMLSimpleApplication@1e39b9d7
reloadAllAccessors: .ParallelExecution

===========================================================================================
----------------- testing Sun Sep 13 15:41:20 UTC 2020 /home/travis/build/icyphy/ptII/ptolemy/actor/lib/hoc/test/auto/RunCompositeActor.xml
----------------- Instantiating /home/travis/build/icyphy/ptII/ptolemy/actor/lib/hoc/test/auto/RunCompositeActor.xml
6 ms. Memory: 160768K Free: 61724K (38%)
----------------- Invoking toplevel() on ptolemy.moml.MoMLSimpleApplication@1b2c8497
----------------- Done invoking toplevel() on ptolemy.moml.MoMLSimpleApplication@1b2c8497
reloadAllAccessors: .RunCompositeActor

===========================================================================================
----------------- testing Sun Sep 13 15:41:20 UTC 2020 /home/travis/build/icyphy/ptII/ptolemy/actor/lib/hoc/test/auto/RunCompositeActor2.xml
----------------- Instantiating /home/travis/build/icyphy/ptII/ptolemy/actor/lib/hoc/test/auto/RunCompositeActor2.xml
4 ms. Memory: 160768K Free: 55580K (35%)
----------------- Invoking toplevel() on ptolemy.moml.MoMLSimpleApplication@75146975
----------------- Done invoking toplevel() on ptolemy.moml.MoMLSimpleApplication@75146975
reloadAllAccessors: .RunCompositeActor2

===========================================================================================
----------------- testing Sun Sep 13 15:41:20 UTC 2020 /home/travis/build/icyphy/ptII/ptolemy/actor/lib/hoc/test/auto/RunCompositeActor3.xml
----------------- Instantiating /home/travis/build/icyphy/ptII/ptolemy/actor/lib/hoc/test/auto/RunCompositeActor3.xml
8 ms. Memory: 160768K Free: 144819K (90%)
----------------- Invoking toplevel() on ptolemy.moml.MoMLSimpleApplication@6786d744
----------------- Done invoking toplevel() on ptolemy.moml.MoMLSimpleApplication@6786d744
reloadAllAccessors: .RunCompositeActor3

===========================================================================================
----------------- testing Sun Sep 13 15:41:20 UTC 2020 /home/travis/build/icyphy/ptII/ptolemy/actor/lib/hoc/test/auto/RunCompositeActor4.xml
----------------- Instantiating /home/travis/build/icyphy/ptII/ptolemy/actor/lib/hoc/test/auto/RunCompositeActor4.xml
14 ms. Memory: 160768K Free: 136099K (85%)
----------------- Invoking toplevel() on ptolemy.moml.MoMLSimpleApplication@64548364
----------------- Done invoking toplevel() on ptolemy.moml.MoMLSimpleApplication@64548364
reloadAllAccessors: .RunCompositeActor4

===========================================================================================
----------------- testing Sun Sep 13 15:41:20 UTC 2020 /home/travis/build/icyphy/ptII/ptolemy/actor/lib/hoc/test/auto/RunCompositeIterateOverArray.xml
----------------- Instantiating /home/travis/build/icyphy/ptII/ptolemy/actor/lib/hoc/test/auto/RunCompositeIterateOverArray.xml
4 ms. Memory: 160768K Free: 130483K (81%)
----------------- Invoking toplevel() on ptolemy.moml.MoMLSimpleApplication@523a136f
----------------- Done invoking toplevel() on ptolemy.moml.MoMLSimpleApplication@523a136f
reloadAllAccessors: .RunCompositeIterateOverArray

===========================================================================================
----------------- testing Sun Sep 13 15:41:20 UTC 2020 /home/travis/build/icyphy/ptII/ptolemy/actor/lib/hoc/test/auto/ThreadedJS.xml
----------------- Instantiating /home/travis/build/icyphy/ptII/ptolemy/actor/lib/hoc/test/auto/ThreadedJS.xml
5169 ms. Memory: 232448K Free: 116913K (50%)
----------------- Invoking toplevel() on ptolemy.moml.MoMLSimpleApplication@27f1f24c
----------------- Done invoking toplevel() on ptolemy.moml.MoMLSimpleApplication@27f1f24c
reloadAllAccessors: .ThreadedJS
AutoTests.java: About to close Vertx.
AutoTests.java: Vertx closed.
]]></system-out>
  <system-err><![CDATA[java.lang.RuntimeException: Execution failed
	at ptolemy.moml.MoMLSimpleApplication$UnloadThread.run(MoMLSimpleApplication.java:402)
Caused by: ptolemy.kernel.util.IllegalActionException: initialize() was called after wrapup() was called but preinitialize() was not called after wrapup().
	at ptolemy.actor.lib.hoc.test.PreinitializeMustBeInvoked.initialize(PreinitializeMustBeInvoked.java:78)
	at ptolemy.actor.Director.initialize(Director.java:938)
	at ptolemy.actor.Director.initialize(Director.java:907)
	at ptolemy.actor.sched.StaticSchedulingDirector.initialize(StaticSchedulingDirector.java:159)
	at ptolemy.domains.sdf.kernel.SDFDirector.initialize(SDFDirector.java:544)
	at ptolemy.actor.CompositeActor.initialize(CompositeActor.java:935)
	at ptolemy.actor.lib.hoc.LifeCycleManager._executeInsideModel(LifeCycleManager.java:339)
	at ptolemy.actor.lib.hoc.RunCompositeActor.fire(RunCompositeActor.java:205)
	at ptolemy.actor.CompositeActor.iterate(CompositeActor.java:1146)
	at ptolemy.actor.sched.StaticSchedulingDirector.fire(StaticSchedulingDirector.java:216)
	at ptolemy.domains.sdf.kernel.SDFDirector.fire(SDFDirector.java:500)
	at ptolemy.actor.CompositeActor.fire(CompositeActor.java:455)
	at ptolemy.actor.Manager.iterate(Manager.java:851)
	at ptolemy.actor.Manager.execute(Manager.java:369)
	at ptolemy.actor.Manager.run(Manager.java:1263)
	at ptolemy.actor.Manager$PtolemyRunThread.run(Manager.java:1933)
java.lang.reflect.InvocationTargetException
	at java.base/jdk.internal.reflect.NativeConstructorAccessorImpl.newInstance0(Native Method)
	at java.base/jdk.internal.reflect.NativeConstructorAccessorImpl.newInstance(NativeConstructorAccessorImpl.java:62)
	at java.base/jdk.internal.reflect.DelegatingConstructorAccessorImpl.newInstance(DelegatingConstructorAccessorImpl.java:45)
	at java.base/java.lang.reflect.Constructor.newInstance(Constructor.java:490)
	at ptolemy.util.test.junit.AutoKnownFailedTests.RunModel(AutoKnownFailedTests.java:105)
	at java.base/jdk.internal.reflect.NativeMethodAccessorImpl.invoke0(Native Method)
	at java.base/jdk.internal.reflect.NativeMethodAccessorImpl.invoke(NativeMethodAccessorImpl.java:62)
	at java.base/jdk.internal.reflect.DelegatingMethodAccessorImpl.invoke(DelegatingMethodAccessorImpl.java:43)
	at java.base/java.lang.reflect.Method.invoke(Method.java:566)
	at org.junit.runners.model.FrameworkMethod$1.runReflectiveCall(FrameworkMethod.java:44)
	at org.junit.internal.runners.model.ReflectiveCallable.run(ReflectiveCallable.java:15)
	at org.junit.runners.model.FrameworkMethod.invokeExplosively(FrameworkMethod.java:41)
	at junitparams.internal.InvokeParameterisedMethod.evaluate(InvokeParameterisedMethod.java:102)
	at org.junit.internal.runners.statements.FailOnTimeout$1.run(FailOnTimeout.java:28)
Caused by: ptolemy.kernel.util.IllegalActionException: initialize() was called after wrapup() was called but preinitialize() was not called after wrapup().
	at ptolemy.actor.lib.hoc.test.PreinitializeMustBeInvoked.initialize(PreinitializeMustBeInvoked.java:78)
	at ptolemy.actor.Director.initialize(Director.java:938)
	at ptolemy.actor.Director.initialize(Director.java:907)
	at ptolemy.actor.sched.StaticSchedulingDirector.initialize(StaticSchedulingDirector.java:159)
	at ptolemy.domains.sdf.kernel.SDFDirector.initialize(SDFDirector.java:544)
	at ptolemy.actor.CompositeActor.initialize(CompositeActor.java:935)
	at ptolemy.actor.lib.hoc.LifeCycleManager._executeInsideModel(LifeCycleManager.java:339)
	at ptolemy.actor.lib.hoc.RunCompositeActor.fire(RunCompositeActor.java:205)
	at ptolemy.actor.CompositeActor.iterate(CompositeActor.java:1146)
	at ptolemy.actor.sched.StaticSchedulingDirector.fire(StaticSchedulingDirector.java:216)
	at ptolemy.domains.sdf.kernel.SDFDirector.fire(SDFDirector.java:500)
	at ptolemy.actor.CompositeActor.fire(CompositeActor.java:455)
	at ptolemy.actor.Manager.iterate(Manager.java:851)
	at ptolemy.actor.Manager.execute(Manager.java:369)
	at ptolemy.actor.Manager.run(Manager.java:1263)
	at ptolemy.actor.Manager$PtolemyRunThread.run(Manager.java:1933)
Warning: Nashorn engine is planned to be removed from a future JDK release
Warning: Nashorn engine is planned to be removed from a future JDK release
Warning: Nashorn engine is planned to be removed from a future JDK release
Warning: Nashorn engine is planned to be removed from a future JDK release
Warning: Nashorn engine is planned to be removed from a future JDK release
Warning: Nashorn engine is planned to be removed from a future JDK release
Warning: Nashorn engine is planned to be removed from a future JDK release
Warning: Nashorn engine is planned to be removed from a future JDK release
]]></system-err>
</testsuite>
