<?xml version="1.0" encoding="UTF-8" ?>
<testsuite errors="0" failures="0" hostname="travis-job-5ecbf2eb-b888-4883-af7d-88dca41ccfae" name="ptolemy.vergil.basic.export.test.junit.ExportModelJUnitTestBatch4" skipped="0" tests="85" time="615.13" timestamp="2018-09-19T02:34:21">
  <properties>
[...]
</properties>
  <testcase classname="ptolemy.vergil.basic.export.test.junit.ExportModelJUnitTestBatch4" name="[0] ptolemy/actor/lib/r/demo/RRecordToDataframe/RRecordToDataframe.xml (RunExportModel)" time="6.229" />
  <testcase classname="ptolemy.vergil.basic.export.test.junit.ExportModelJUnitTestBatch4" name="[1] ptolemy/actor/lib/security/demo/Signature/Signature.xml (RunExportModel)" time="3.834" />
  <testcase classname="ptolemy.vergil.basic.export.test.junit.ExportModelJUnitTestBatch4" name="[2] ptolemy/actor/lib/video/demo/DCT2x2dc/DCT2x2dc.xml (RunExportModel)" time="4.471" />
  <testcase classname="ptolemy.vergil.basic.export.test.junit.ExportModelJUnitTestBatch4" name="[3] ptolemy/actor/lib/video/demo/DCT4x4dc/DCT4x4dc.xml (RunExportModel)" time="4.439" />
  <testcase classname="ptolemy.vergil.basic.export.test.junit.ExportModelJUnitTestBatch4" name="[4] ptolemy/actor/lib/video/demo/DCT8x8/DCT8x8.xml (RunExportModel)" time="4.353" />
  <testcase classname="ptolemy.vergil.basic.export.test.junit.ExportModelJUnitTestBatch4" name="[5] ptolemy/actor/lib/xslt/demo/MoMLFileTransformation/MoMLFileTransformation.xml (RunExportModel)" time="5.182" />
  <testcase classname="ptolemy.vergil.basic.export.test.junit.ExportModelJUnitTestBatch4" name="[6] ptolemy/actor/lib/xslt/demo/XMLInclusion/XMLInclusion.xml (RunExportModel)" time="4.326" />
  <testcase classname="ptolemy.vergil.basic.export.test.junit.ExportModelJUnitTestBatch4" name="[7] ptolemy/actor/parameters/demo/Bouncer/Bouncer.xml (RunExportModel)" time="14.596" />
  <testcase classname="ptolemy.vergil.basic.export.test.junit.ExportModelJUnitTestBatch4" name="[8] ptolemy/actor/parameters/demo/SliderParameter/SliderParameter.xml (RunExportModel)" time="34.358" />
  <testcase classname="ptolemy.vergil.basic.export.test.junit.ExportModelJUnitTestBatch4" name="[9] ptolemy/actor/ptalon/demo/CruiseControl/CruiseControl.xml (RunExportModel)" time="4.442" />
  <testcase classname="ptolemy.vergil.basic.export.test.junit.ExportModelJUnitTestBatch4" name="[10] ptolemy/actor/ptalon/demo/EightChannelFFT/EightChannelFFT.xml (RunExportModel)" time="5.479" />
  <testcase classname="ptolemy.vergil.basic.export.test.junit.ExportModelJUnitTestBatch4" name="[11] ptolemy/actor/ptalon/demo/GameOfLife/GameOfLife.xml (RunExportModel)" time="34.872" />
  <testcase classname="ptolemy.vergil.basic.export.test.junit.ExportModelJUnitTestBatch4" name="[12] ptolemy/actor/ptalon/demo/MapReduce/MapReduce.xml (RunExportModel)" time="5.242" />
  <testcase classname="ptolemy.vergil.basic.export.test.junit.ExportModelJUnitTestBatch4" name="[13] ptolemy/actor/ptalon/demo/ModelChange/ModelChange.xml (RunExportModel)" time="4.219" />
  <testcase classname="ptolemy.vergil.basic.export.test.junit.ExportModelJUnitTestBatch4" name="[14] ptolemy/actor/ptalon/demo/SmallWorld/ParameterSweepSmallWorldFSM.xml (RunExportModel)" time="35.526" />
  <testcase classname="ptolemy.vergil.basic.export.test.junit.ExportModelJUnitTestBatch4" name="[15] ptolemy/actor/ptalon/demo/SmallWorld/ParameterSweepSmallWorldSDF.xml (RunExportModel)" time="6.25" />
  <testcase classname="ptolemy.vergil.basic.export.test.junit.ExportModelJUnitTestBatch4" name="[16] ptolemy/actor/ptalon/demo/SmallWorld/SmallWorld.xml (RunExportModel)" time="5.439" />
  <testcase classname="ptolemy.vergil.basic.export.test.junit.ExportModelJUnitTestBatch4" name="[17] ptolemy/actor/ptalon/demo/SmallWorld/SmallWorldMultiInstanceComposite.xml (RunExportModel)" time="40.414" />
  <testcase classname="ptolemy.vergil.basic.export.test.junit.ExportModelJUnitTestBatch4" name="[18] ptolemy/actor/ptalon/demo/SmallWorld/SmallWorldPtalonActor.xml (RunExportModel)" time="5.374" />
  <testcase classname="ptolemy.vergil.basic.export.test.junit.ExportModelJUnitTestBatch4" name="[19] ptolemy/actor/ptalon/demo/Unicycle/Unicycle.xml (RunExportModel)" time="4.732" />
  <testcase classname="ptolemy.vergil.basic.export.test.junit.ExportModelJUnitTestBatch4" name="[20] ptolemy/actor/ptalon/gt/demo/Adder/Adder.xml (RunExportModel)" time="3.565" />
  <testcase classname="ptolemy.vergil.basic.export.test.junit.ExportModelJUnitTestBatch4" name="[21] ptolemy/backtrack/demo/PrimeTest/PrimeTest.xml (RunExportModel)" time="6.829" />
  <testcase classname="ptolemy.vergil.basic.export.test.junit.ExportModelJUnitTestBatch4" name="[22] ptolemy/backtrack/demo/RampRollback/RampRollback.xml (RunExportModel)" time="4.424" />
  <testcase classname="ptolemy.vergil.basic.export.test.junit.ExportModelJUnitTestBatch4" name="[23] ptolemy/backtrack/demo/TrialModule/TrialModule.xml (RunExportModel)" time="34.342" />
  <testcase classname="ptolemy.vergil.basic.export.test.junit.ExportModelJUnitTestBatch4" name="[24] ptolemy/caltrop/demo/FunctionClosures/FunctionClosures.xml (RunExportModel)" time="4.578" />
  <testcase classname="ptolemy.vergil.basic.export.test.junit.ExportModelJUnitTestBatch4" name="[25] ptolemy/caltrop/demo/FunctionDefinition/FunctionDefinition.xml (RunExportModel)" time="4.544" />
  <testcase classname="ptolemy.vergil.basic.export.test.junit.ExportModelJUnitTestBatch4" name="[26] ptolemy/caltrop/demo/Primes/Primes.xml (RunExportModel)" time="4.325" />
  <testcase classname="ptolemy.vergil.basic.export.test.junit.ExportModelJUnitTestBatch4" name="[27] ptolemy/caltrop/demo/SDFDDI/SDFDDI.xml (RunExportModel)" time="4.353" />
  <testcase classname="ptolemy.vergil.basic.export.test.junit.ExportModelJUnitTestBatch4" name="[28] ptolemy/cg/adapter/generic/html/demo/HierarchicalModel/HierarchicalModel.xml (RunExportModel)" time="34.372" />
  <testcase classname="ptolemy.vergil.basic.export.test.junit.ExportModelJUnitTestBatch4" name="[29] ptolemy/cg/adapter/generic/program/procedural/c/arduino/adapters/ptolemy/vergil/actor/lib/demo/Blink/Blink.xml (RunExportModel)" time="6.858" />
  <testcase classname="ptolemy.vergil.basic.export.test.junit.ExportModelJUnitTestBatch4" name="[30] ptolemy/cg/adapter/generic/program/procedural/c/arduino/adapters/ptolemy/vergil/actor/lib/demo/Life/Life.xml (RunExportModel)" time="9.653" />
  <testcase classname="ptolemy.vergil.basic.export.test.junit.ExportModelJUnitTestBatch4" name="[31] ptolemy/cg/adapter/generic/program/procedural/c/arduino/adapters/ptolemy/vergil/actor/lib/demo/Ultrasonic/Ultrasonic.xml (RunExportModel)" time="3.223" />
  <testcase classname="ptolemy.vergil.basic.export.test.junit.ExportModelJUnitTestBatch4" name="[32] ptolemy/cg/kernel/generic/accessor/demo/TestComposite/TestComposite.xml (RunExportModel)" time="11.076" />
  <testcase classname="ptolemy.vergil.basic.export.test.junit.ExportModelJUnitTestBatch4" name="[33] ptolemy/cg/lib/demo/CompiledCompositeActor/CompiledCompositeActor.xml (RunExportModel)" time="5.162" />
  <testcase classname="ptolemy.vergil.basic.export.test.junit.ExportModelJUnitTestBatch4" name="[34] ptolemy/cg/lib/demo/DECG/DECG.xml (RunExportModel)" time="3.19" />
  <testcase classname="ptolemy.vergil.basic.export.test.junit.ExportModelJUnitTestBatch4" name="[35] ptolemy/cg/lib/demo/DECG/DECGClockRamp.xml (RunExportModel)" time="4.23" />
  <testcase classname="ptolemy.vergil.basic.export.test.junit.ExportModelJUnitTestBatch4" name="[36] ptolemy/cg/lib/demo/DECG/DECGDelay.xml (RunExportModel)" time="4.218" />
  <testcase classname="ptolemy.vergil.basic.export.test.junit.ExportModelJUnitTestBatch4" name="[37] ptolemy/cg/lib/demo/DECG/DECGHelloWorld.xml (RunExportModel)" time="4.16" />
  <testcase classname="ptolemy.vergil.basic.export.test.junit.ExportModelJUnitTestBatch4" name="[38] ptolemy/cg/lib/demo/DECG/DECGHeterogeneous.xml (RunExportModel)" time="4.273" />
  <testcase classname="ptolemy.vergil.basic.export.test.junit.ExportModelJUnitTestBatch4" name="[39] ptolemy/cg/lib/demo/DECG/DECGHeterogeneousMk2.xml (RunExportModel)" time="4.628" />
  <testcase classname="ptolemy.vergil.basic.export.test.junit.ExportModelJUnitTestBatch4" name="[40] ptolemy/cg/lib/demo/DECG/DECGMath.xml (RunExportModel)" time="4.186" />
  <testcase classname="ptolemy.vergil.basic.export.test.junit.ExportModelJUnitTestBatch4" name="[41] ptolemy/cg/lib/demo/DECG/DECGPi.xml (RunExportModel)" time="4.309" />
  <testcase classname="ptolemy.vergil.basic.export.test.junit.ExportModelJUnitTestBatch4" name="[42] ptolemy/cg/lib/demo/DECG/DECGPiSquare.xml (RunExportModel)" time="4.328" />
  <testcase classname="ptolemy.vergil.basic.export.test.junit.ExportModelJUnitTestBatch4" name="[43] ptolemy/cg/lib/demo/DECG/DECGPoisson.xml (RunExportModel)" time="4.18" />
  <testcase classname="ptolemy.vergil.basic.export.test.junit.ExportModelJUnitTestBatch4" name="[44] ptolemy/cg/lib/demo/ModularCG/ModularCG.xml (RunExportModel)" time="4.926" />
  <testcase classname="ptolemy.vergil.basic.export.test.junit.ExportModelJUnitTestBatch4" name="[45] ptolemy/cg/lib/demo/ModularCGPubSub/ModularCGPubSub.xml (RunExportModel)" time="11.962" />
  <testcase classname="ptolemy.vergil.basic.export.test.junit.ExportModelJUnitTestBatch4" name="[46] ptolemy/cg/lib/demo/Scale/Scale.xml (RunExportModel)" time="3.149" />
  <testcase classname="ptolemy.vergil.basic.export.test.junit.ExportModelJUnitTestBatch4" name="[47] ptolemy/cg/lib/demo/Scale/ScaleC.xml (RunExportModel)" time="3.149" />
  <testcase classname="ptolemy.vergil.basic.export.test.junit.ExportModelJUnitTestBatch4" name="[48] ptolemy/cg/lib/demo/Scale/ScaleCFlat.xml (RunExportModel)" time="4.252" />
  <testcase classname="ptolemy.vergil.basic.export.test.junit.ExportModelJUnitTestBatch4" name="[49] ptolemy/cg/lib/demo/Scale/ScaleJava.xml (RunExportModel)" time="4.862" />
  <testcase classname="ptolemy.vergil.basic.export.test.junit.ExportModelJUnitTestBatch4" name="[50] ptolemy/configs/doc/ClassesIllustrated.xml (RunExportModel)" time="4.263" />
  <testcase classname="ptolemy.vergil.basic.export.test.junit.ExportModelJUnitTestBatch4" name="[51] ptolemy/data/ontologies/demo/CarTracking/CarTracking.xml (RunExportModel)" time="8.12" />
  <testcase classname="ptolemy.vergil.basic.export.test.junit.ExportModelJUnitTestBatch4" name="[52] ptolemy/data/ontologies/demo/ConstAbstractInterpretation/ConstAbstractInterpretation.xml (RunExportModel)" time="4.619" />
  <testcase classname="ptolemy.vergil.basic.export.test.junit.ExportModelJUnitTestBatch4" name="[53] ptolemy/data/ontologies/demo/ConstAbstractInterpretationObservable/ConstAbstractInterpretationObservable.xml (RunExportModel)" time="3.171" />
  <testcase classname="ptolemy.vergil.basic.export.test.junit.ExportModelJUnitTestBatch4" name="[54] ptolemy/data/ontologies/demo/ConstAbstractInterpretationObservable/ConstComparatorEqualToDemo.xml (RunExportModel)" time="5.936" />
  <testcase classname="ptolemy.vergil.basic.export.test.junit.ExportModelJUnitTestBatch4" name="[55] ptolemy/data/ontologies/demo/ConstAbstractInterpretationObservable/ConstComparatorGreaterThanDemo.xml (RunExportModel)" time="5.882" />
  <testcase classname="ptolemy.vergil.basic.export.test.junit.ExportModelJUnitTestBatch4" name="[56] ptolemy/data/ontologies/demo/ConstAbstractInterpretationObservable/ConstComparatorGTEDemo.xml (RunExportModel)" time="5.716" />
  <testcase classname="ptolemy.vergil.basic.export.test.junit.ExportModelJUnitTestBatch4" name="[57] ptolemy/data/ontologies/demo/ConstAbstractInterpretationObservable/ConstComparatorLessThanDemo.xml (RunExportModel)" time="5.404" />
  <testcase classname="ptolemy.vergil.basic.export.test.junit.ExportModelJUnitTestBatch4" name="[58] ptolemy/data/ontologies/demo/ConstAbstractInterpretationObservable/ConstComparatorLTEDemo.xml (RunExportModel)" time="5.337" />
  <testcase classname="ptolemy.vergil.basic.export.test.junit.ExportModelJUnitTestBatch4" name="[59] ptolemy/data/ontologies/demo/ConstAbstractInterpretationObservable/ConstMultiplyDivideDemo.xml (RunExportModel)" time="6.214" />
  <testcase classname="ptolemy.vergil.basic.export.test.junit.ExportModelJUnitTestBatch4" name="[60] ptolemy/data/ontologies/demo/ConstAbstractInterpretationObservable/ConstScaleDemo.xml (RunExportModel)" time="5.243" />
  <testcase classname="ptolemy.vergil.basic.export.test.junit.ExportModelJUnitTestBatch4" name="[61] ptolemy/data/ontologies/demo/ConstNonconst/Const.xml (RunExportModel)" time="3.189" />
  <testcase classname="ptolemy.vergil.basic.export.test.junit.ExportModelJUnitTestBatch4" name="[62] ptolemy/data/ontologies/demo/ConstNonconst/ConstNonconst.xml (RunExportModel)" time="4.554" />
  <testcase classname="ptolemy.vergil.basic.export.test.junit.ExportModelJUnitTestBatch4" name="[63] ptolemy/data/ontologies/demo/ConstPropagation/BooleanSwitchDemoProductLattice.xml (RunExportModel)" time="5.823" />
  <testcase classname="ptolemy.vergil.basic.export.test.junit.ExportModelJUnitTestBatch4" name="[64] ptolemy/data/ontologies/demo/ConstPropagation/ConstComparatorEqualToDemo.xml (RunExportModel)" time="6.326" />
  <testcase classname="ptolemy.vergil.basic.export.test.junit.ExportModelJUnitTestBatch4" name="[65] ptolemy/data/ontologies/demo/ConstPropagation/ConstComparatorGreaterThanDemo.xml (RunExportModel)" time="6.2" />
  <testcase classname="ptolemy.vergil.basic.export.test.junit.ExportModelJUnitTestBatch4" name="[66] ptolemy/data/ontologies/demo/ConstPropagation/ConstMultiplyDivideDemo.xml (RunExportModel)" time="7.117" />
  <testcase classname="ptolemy.vergil.basic.export.test.junit.ExportModelJUnitTestBatch4" name="[67] ptolemy/data/ontologies/demo/ConstPropagation/ConstPropagation.xml (RunExportModel)" time="3.13" />
  <testcase classname="ptolemy.vergil.basic.export.test.junit.ExportModelJUnitTestBatch4" name="[68] ptolemy/data/ontologies/demo/ConstPropagation/ConstPropagationAbsIntObservableReachableProductSolverModel.xml (RunExportModel)" time="4.577" />
  <testcase classname="ptolemy.vergil.basic.export.test.junit.ExportModelJUnitTestBatch4" name="[69] ptolemy/data/ontologies/demo/ConstPropagation/ConstPropagationAbsIntScale.xml (RunExportModel)" time="4.19" />
  <testcase classname="ptolemy.vergil.basic.export.test.junit.ExportModelJUnitTestBatch4" name="[70] ptolemy/data/ontologies/demo/ConstPropagation/SimpleConstPropagationDemo.xml (RunExportModel)" time="4.456" />
  <testcase classname="ptolemy.vergil.basic.export.test.junit.ExportModelJUnitTestBatch4" name="[71] ptolemy/data/ontologies/demo/ConstPropagation/SimpleNonconstPropagationDemo.xml (RunExportModel)" time="4.481" />
  <testcase classname="ptolemy.vergil.basic.export.test.junit.ExportModelJUnitTestBatch4" name="[72] ptolemy/data/ontologies/demo/DimensionSystemExample/DimensionSystemExample.xml (RunExportModel)" time="3.151" />
  <testcase classname="ptolemy.vergil.basic.export.test.junit.ExportModelJUnitTestBatch4" name="[73] ptolemy/data/ontologies/demo/ExceptionAnalysis/ExceptionAnalysis.xml (RunExportModel)" time="4.186" />
  <testcase classname="ptolemy.vergil.basic.export.test.junit.ExportModelJUnitTestBatch4" name="[74] ptolemy/data/ontologies/demo/MonotonicityAnalysis/MonotonicityAnalysis.xml (RunExportModel)" time="4.255" />
  <testcase classname="ptolemy.vergil.basic.export.test.junit.ExportModelJUnitTestBatch4" name="[75] ptolemy/data/ontologies/demo/Observable/Observable.xml (RunExportModel)" time="4.292" />
  <testcase classname="ptolemy.vergil.basic.export.test.junit.ExportModelJUnitTestBatch4" name="[76] ptolemy/data/ontologies/demo/ProductLattices/BooleanSwitchDemoProductLattice.xml (RunExportModel)" time="6.363" />
  <testcase classname="ptolemy.vergil.basic.export.test.junit.ExportModelJUnitTestBatch4" name="[77] ptolemy/data/ontologies/demo/ProductLattices/ConstAbsIntObservableReachableProductSolverModel.xml (RunExportModel)" time="4.463" />
  <testcase classname="ptolemy.vergil.basic.export.test.junit.ExportModelJUnitTestBatch4" name="[78] ptolemy/data/ontologies/demo/ProductLattices/ConstMultiplyDivideDemoProductLattice.xml (RunExportModel)" time="5.75" />
  <testcase classname="ptolemy.vergil.basic.export.test.junit.ExportModelJUnitTestBatch4" name="[79] ptolemy/data/ontologies/demo/ProductLattices/ConstScaleDemoProductLattice.xml (RunExportModel)" time="5.083" />
  <testcase classname="ptolemy.vergil.basic.export.test.junit.ExportModelJUnitTestBatch4" name="[80] ptolemy/data/ontologies/demo/ProductLattices/ConstScaleZeroDemoProductLattice.xml (RunExportModel)" time="3.189" />
  <testcase classname="ptolemy.vergil.basic.export.test.junit.ExportModelJUnitTestBatch4" name="[81] ptolemy/data/ontologies/demo/ProductLattices/LatticeComposition.xml (RunExportModel)" time="3.201" />
  <testcase classname="ptolemy.vergil.basic.export.test.junit.ExportModelJUnitTestBatch4" name="[82] ptolemy/data/ontologies/demo/ProductLattices/LatticeCompositionSolverModel.xml (RunExportModel)" time="4.456" />
  <testcase classname="ptolemy.vergil.basic.export.test.junit.ExportModelJUnitTestBatch4" name="[83] ptolemy/data/ontologies/demo/ProductLattices/ProductLattices.xml (RunExportModel)" time="3.123" />
  <testcase classname="ptolemy.vergil.basic.export.test.junit.ExportModelJUnitTestBatch4" name="[84] ptolemy/data/ontologies/demo/ProductLattices/SimpleConstDemo.xml (RunExportModel)" time="4.261" />
  <system-out><![CDATA[ExportModeJUnitTestBatch: There are 756 demos. Exporting demos: 276 to 360.
####### 1 Wed Sep 19 02:34:21 UTC 2018 $PTII/bin/ptinvoke ptolemy.vergil.basic.export.ExportModel -force htm  -openComposites -timeOut 30000 -whiteBackground ptolemy/actor/lib/r/demo/RRecordToDataframe/RRecordToDataframe.xml $PTII/ptolemy/actor/lib/r/demo/RRecordToDataframe/RRecordToDataframe
Warning: not running ptolemy/actor/lib/r/demo/RRecordToDataframe/RRecordToDataframe.xml. See ptolemy/vergil/basic/export/test/junit/ExportModelJUnitTest.java
Exported /home/travis/build/icyphy/ptII/ptolemy/actor/lib/r/demo/RRecordToDataframe/RRecordToDataframe/index.html
6218 ms. Memory: 152064K Free: 132040K (87%)
####### 2 Wed Sep 19 02:34:28 UTC 2018 $PTII/bin/ptinvoke ptolemy.vergil.basic.export.ExportModel -force htm  -openComposites -timeOut 30000 -whiteBackground ptolemy/actor/lib/security/demo/Signature/Signature.xml $PTII/ptolemy/actor/lib/security/demo/Signature/Signature
Warning: not running ptolemy/actor/lib/security/demo/Signature/Signature.xml. See ptolemy/vergil/basic/export/test/junit/ExportModelJUnitTest.java
Exported /home/travis/build/icyphy/ptII/ptolemy/actor/lib/security/demo/Signature/Signature/index.html
3834 ms. Memory: 176640K Free: 74984K (42%)
####### 3 Wed Sep 19 02:34:31 UTC 2018 $PTII/bin/ptinvoke ptolemy.vergil.basic.export.ExportModel -force htm -run -openComposites -timeOut 30000 -whiteBackground ptolemy/actor/lib/video/demo/DCT2x2dc/DCT2x2dc.xml $PTII/ptolemy/actor/lib/video/demo/DCT2x2dc/DCT2x2dc
Running .DCT2x2dc
111 ms. Memory: 203776K Free: 129121K (63%)
Exported /home/travis/build/icyphy/ptII/ptolemy/actor/lib/video/demo/DCT2x2dc/DCT2x2dc/index.html
4471 ms. Memory: 203776K Free: 105220K (52%)
####### 4 Wed Sep 19 02:34:36 UTC 2018 $PTII/bin/ptinvoke ptolemy.vergil.basic.export.ExportModel -force htm -run -openComposites -timeOut 30000 -whiteBackground ptolemy/actor/lib/video/demo/DCT4x4dc/DCT4x4dc.xml $PTII/ptolemy/actor/lib/video/demo/DCT4x4dc/DCT4x4dc
Running .DCT4x4dc
53 ms. Memory: 204288K Free: 162820K (80%)
Exported /home/travis/build/icyphy/ptII/ptolemy/actor/lib/video/demo/DCT4x4dc/DCT4x4dc/index.html
4439 ms. Memory: 204288K Free: 139591K (68%)
####### 5 Wed Sep 19 02:34:40 UTC 2018 $PTII/bin/ptinvoke ptolemy.vergil.basic.export.ExportModel -force htm -run -openComposites -timeOut 30000 -whiteBackground ptolemy/actor/lib/video/demo/DCT8x8/DCT8x8.xml $PTII/ptolemy/actor/lib/video/demo/DCT8x8/DCT8x8
Running .DCT8x8
54 ms. Memory: 204288K Free: 46151K (23%)
Exported /home/travis/build/icyphy/ptII/ptolemy/actor/lib/video/demo/DCT8x8/DCT8x8/index.html
4353 ms. Memory: 234496K Free: 195783K (83%)
####### 6 Wed Sep 19 02:34:45 UTC 2018 $PTII/bin/ptinvoke ptolemy.vergil.basic.export.ExportModel -force htm -run -openComposites -timeOut 30000 -whiteBackground ptolemy/actor/lib/xslt/demo/MoMLFileTransformation/MoMLFileTransformation.xml $PTII/ptolemy/actor/lib/xslt/demo/MoMLFileTransformation/MoMLFileTransformation
Running .MOMLFileTransformation
714 ms. Memory: 239616K Free: 196323K (82%)
Exported /home/travis/build/icyphy/ptII/ptolemy/actor/lib/xslt/demo/MoMLFileTransformation/MoMLFileTransformation/index.html
5182 ms. Memory: 239616K Free: 96491K (40%)
####### 7 Wed Sep 19 02:34:50 UTC 2018 $PTII/bin/ptinvoke ptolemy.vergil.basic.export.ExportModel -force htm -run -openComposites -timeOut 30000 -whiteBackground ptolemy/actor/lib/xslt/demo/XMLInclusion/XMLInclusion.xml $PTII/ptolemy/actor/lib/xslt/demo/XMLInclusion/XMLInclusion
Running .XMLInclusion
34 ms. Memory: 271360K Free: 211130K (78%)
Exported /home/travis/build/icyphy/ptII/ptolemy/actor/lib/xslt/demo/XMLInclusion/XMLInclusion/index.html
4324 ms. Memory: 271360K Free: 114212K (42%)
####### 8 Wed Sep 19 02:34:54 UTC 2018 $PTII/bin/ptinvoke ptolemy.vergil.basic.export.ExportModel -force htm -run -openComposites -timeOut 30000 -whiteBackground ptolemy/actor/parameters/demo/Bouncer/Bouncer.xml $PTII/ptolemy/actor/parameters/demo/Bouncer/Bouncer
Running .Bouncer
10069 ms. Memory: 304128K Free: 206955K (68%)
Exported /home/travis/build/icyphy/ptII/ptolemy/actor/parameters/demo/Bouncer/Bouncer/index.html
14595 ms. Memory: 304128K Free: 128754K (42%)
####### 9 Wed Sep 19 02:35:09 UTC 2018 $PTII/bin/ptinvoke ptolemy.vergil.basic.export.ExportModel -force htm -run -openComposites -timeOut 30000 -whiteBackground ptolemy/actor/parameters/demo/SliderParameter/SliderParameter.xml $PTII/ptolemy/actor/parameters/demo/SliderParameter/SliderParameter
Running .SliderParameter
ExportHTMLTimer went off after 30000 ms., calling getDirector().finish and getDirector().stopFire()
30000 ms. Memory: 643072K Free: 126384K (20%)
Exported /home/travis/build/icyphy/ptII/ptolemy/actor/parameters/demo/SliderParameter/SliderParameter/index.html
34358 ms. Memory: 690688K Free: 647583K (94%)
####### 10 Wed Sep 19 02:35:43 UTC 2018 $PTII/bin/ptinvoke ptolemy.vergil.basic.export.ExportModel -force htm -run -openComposites -timeOut 30000 -whiteBackground ptolemy/actor/ptalon/demo/CruiseControl/CruiseControl.xml $PTII/ptolemy/actor/ptalon/demo/CruiseControl/CruiseControl
Running .CruiseControl
77 ms. Memory: 690688K Free: 504697K (73%)
Exported /home/travis/build/icyphy/ptII/ptolemy/actor/ptalon/demo/CruiseControl/CruiseControl/index.html
4441 ms. Memory: 690688K Free: 428948K (62%)
####### 11 Wed Sep 19 02:35:48 UTC 2018 $PTII/bin/ptinvoke ptolemy.vergil.basic.export.ExportModel -force htm -run -openComposites -timeOut 30000 -whiteBackground ptolemy/actor/ptalon/demo/EightChannelFFT/EightChannelFFT.xml $PTII/ptolemy/actor/ptalon/demo/EightChannelFFT/EightChannelFFT
Running .EightChannelFFT
41 ms. Memory: 690688K Free: 258858K (37%)
Exported /home/travis/build/icyphy/ptII/ptolemy/actor/ptalon/demo/EightChannelFFT/EightChannelFFT/index.html
5479 ms. Memory: 692224K Free: 456972K (66%)
####### 12 Wed Sep 19 02:35:53 UTC 2018 $PTII/bin/ptinvoke ptolemy.vergil.basic.export.ExportModel -force htm -run -openComposites -timeOut 30000 -whiteBackground ptolemy/actor/ptalon/demo/GameOfLife/GameOfLife.xml $PTII/ptolemy/actor/ptalon/demo/GameOfLife/GameOfLife
Running .GameOfLife
ExportHTMLTimer went off after 30000 ms., calling getDirector().finish and getDirector().stopFire()
30180 ms. Memory: 692224K Free: 236948K (34%)
Exported /home/travis/build/icyphy/ptII/ptolemy/actor/ptalon/demo/GameOfLife/GameOfLife/index.html
34871 ms. Memory: 692224K Free: 125136K (18%)
####### 13 Wed Sep 19 02:36:28 UTC 2018 $PTII/bin/ptinvoke ptolemy.vergil.basic.export.ExportModel -force htm -run -openComposites -timeOut 30000 -whiteBackground ptolemy/actor/ptalon/demo/MapReduce/MapReduce.xml $PTII/ptolemy/actor/ptalon/demo/MapReduce/MapReduce
Running .MapReduce
122 ms. Memory: 738816K Free: 432944K (59%)
Exported /home/travis/build/icyphy/ptII/ptolemy/actor/ptalon/demo/MapReduce/MapReduce/index.html
5242 ms. Memory: 742400K Free: 604549K (81%)
####### 14 Wed Sep 19 02:36:33 UTC 2018 $PTII/bin/ptinvoke ptolemy.vergil.basic.export.ExportModel -force htm -run -openComposites -timeOut 30000 -whiteBackground ptolemy/actor/ptalon/demo/ModelChange/ModelChange.xml $PTII/ptolemy/actor/ptalon/demo/ModelChange/ModelChange
Running .ModelChange
13 ms. Memory: 742400K Free: 511210K (69%)
Exported /home/travis/build/icyphy/ptII/ptolemy/actor/ptalon/demo/ModelChange/ModelChange/index.html
4218 ms. Memory: 742400K Free: 446250K (60%)
####### 15 Wed Sep 19 02:36:37 UTC 2018 $PTII/bin/ptinvoke ptolemy.vergil.basic.export.ExportModel -force htm -run -openComposites -timeOut 30000 -whiteBackground ptolemy/actor/ptalon/demo/SmallWorld/ParameterSweepSmallWorldFSM.xml $PTII/ptolemy/actor/ptalon/demo/SmallWorld/ParameterSweepSmallWorldFSM
Running .ParameterSweepSmallWorldFSM
1
1
1
1
1
1
1
1
1
2
2
2
2
2
2
2
2
3
3
3
3
3
3
3
3
3
3
3
3
3
3
4
4
4
4
4
4
4
4
4
5
5
5
5
5
5
6
6
321 ms. Memory: 800256K Free: 86423K (11%)
ExportHTMLTimer went off after 30000 ms., calling getDirector().finish and getDirector().stopFire()
30001 ms. Memory: 1274880K Free: 358768K (28%)
Exported /home/travis/build/icyphy/ptII/ptolemy/actor/ptalon/demo/SmallWorld/ParameterSweepSmallWorldFSM/index.html
35526 ms. Memory: 1274880K Free: 266061K (21%)
####### 16 Wed Sep 19 02:37:13 UTC 2018 $PTII/bin/ptinvoke ptolemy.vergil.basic.export.ExportModel -force htm -run -openComposites -timeOut 30000 -whiteBackground ptolemy/actor/ptalon/demo/SmallWorld/ParameterSweepSmallWorldSDF.xml $PTII/ptolemy/actor/ptalon/demo/SmallWorld/ParameterSweepSmallWorldSDF
Running .ParameterSweepSmallWorldSDF
215 ms. Memory: 1370624K Free: 439418K (32%)
125 ms. Memory: 1370624K Free: 319242K (23%)
113 ms. Memory: 1370624K Free: 199081K (15%)
125 ms. Memory: 1370624K Free: 78903K (6%)
1037 ms. Memory: 1370624K Free: 78903K (6%)
Exported /home/travis/build/icyphy/ptII/ptolemy/actor/ptalon/demo/SmallWorld/ParameterSweepSmallWorldSDF/index.html
6249 ms. Memory: 1370624K Free: 40290K (3%)
####### 17 Wed Sep 19 02:37:19 UTC 2018 $PTII/bin/ptinvoke ptolemy.vergil.basic.export.ExportModel -force htm -run -openComposites -timeOut 30000 -whiteBackground ptolemy/actor/ptalon/demo/SmallWorld/SmallWorld.xml $PTII/ptolemy/actor/ptalon/demo/SmallWorld/SmallWorld
Running .SmallWorld
1
1
1
1
1
1
1
1
1
2
2
2
2
2
2
2
2
3
3
3
3
3
3
3
3
3
3
3
3
3
3
4
4
4
4
4
4
4
4
4
5
5
5
5
5
5
6
6
202 ms. Memory: 1375744K Free: 350938K (26%)
Exported /home/travis/build/icyphy/ptII/ptolemy/actor/ptalon/demo/SmallWorld/SmallWorld/index.html
5439 ms. Memory: 1375744K Free: 219809K (16%)
####### 18 Wed Sep 19 02:37:25 UTC 2018 $PTII/bin/ptinvoke ptolemy.vergil.basic.export.ExportModel -force htm -run -openComposites -timeOut 30000 -whiteBackground ptolemy/actor/ptalon/demo/SmallWorld/SmallWorldMultiInstanceComposite.xml $PTII/ptolemy/actor/ptalon/demo/SmallWorld/SmallWorldMultiInstanceComposite
Running .SmallWorldMultiInstanceComposite
1
1
1
1
1
1
1
1
1
2
2
2
2
2
2
2
2
3
3
3
3
3
3
3
3
3
3
3
3
3
3
4
4
4
4
4
4
4
4
4
5
5
5
5
5
5
6
6
479 ms. Memory: 1480192K Free: 1185854K (80%)
Exported /home/travis/build/icyphy/ptII/ptolemy/actor/ptalon/demo/SmallWorld/SmallWorldMultiInstanceComposite/index.html
40413 ms. Memory: 1783808K Free: 913152K (51%)
####### 19 Wed Sep 19 02:38:05 UTC 2018 $PTII/bin/ptinvoke ptolemy.vergil.basic.export.ExportModel -force htm -run -openComposites -timeOut 30000 -whiteBackground ptolemy/actor/ptalon/demo/SmallWorld/SmallWorldPtalonActor.xml $PTII/ptolemy/actor/ptalon/demo/SmallWorld/SmallWorldPtalonActor
Running .SmallWorldPtalonActor
1
1
1
1
1
1
1
1
1
2
2
2
2
2
2
2
2
3
3
3
3
3
3
3
3
3
3
3
3
3
3
4
4
4
4
4
4
4
4
4
5
5
5
5
5
5
6
6
143 ms. Memory: 1807872K Free: 1395609K (77%)
Exported /home/travis/build/icyphy/ptII/ptolemy/actor/ptalon/demo/SmallWorld/SmallWorldPtalonActor/index.html
5374 ms. Memory: 1807872K Free: 1264305K (70%)
####### 20 Wed Sep 19 02:38:10 UTC 2018 $PTII/bin/ptinvoke ptolemy.vergil.basic.export.ExportModel -force htm -run -openComposites -timeOut 30000 -whiteBackground ptolemy/actor/ptalon/demo/Unicycle/Unicycle.xml $PTII/ptolemy/actor/ptalon/demo/Unicycle/Unicycle
Running .Unicycle
421 ms. Memory: 1807872K Free: 827207K (46%)
Exported /home/travis/build/icyphy/ptII/ptolemy/actor/ptalon/demo/Unicycle/Unicycle/index.html
4730 ms. Memory: 1807872K Free: 740958K (41%)
####### 21 Wed Sep 19 02:38:15 UTC 2018 $PTII/bin/ptinvoke ptolemy.vergil.basic.export.ExportModel -force htm  -openComposites -timeOut 30000 -whiteBackground ptolemy/actor/ptalon/gt/demo/Adder/Adder.xml $PTII/ptolemy/actor/ptalon/gt/demo/Adder/Adder
Warning: not running ptolemy/actor/ptalon/gt/demo/Adder/Adder.xml. See ptolemy/vergil/basic/export/test/junit/ExportModelJUnitTest.java
Exported /home/travis/build/icyphy/ptII/ptolemy/actor/ptalon/gt/demo/Adder/Adder/index.html
3565 ms. Memory: 1807872K Free: 291436K (16%)
####### 22 Wed Sep 19 02:38:19 UTC 2018 $PTII/bin/ptinvoke ptolemy.vergil.basic.export.ExportModel -force htm -run -openComposites -timeOut 30000 -whiteBackground ptolemy/backtrack/demo/PrimeTest/PrimeTest.xml $PTII/ptolemy/backtrack/demo/PrimeTest/PrimeTest
Running .PrimeTest
2471 ms. Memory: 1800192K Free: 1387912K (77%)
Exported /home/travis/build/icyphy/ptII/ptolemy/backtrack/demo/PrimeTest/PrimeTest/index.html
6829 ms. Memory: 1800192K Free: 1333747K (74%)
####### 23 Wed Sep 19 02:38:26 UTC 2018 $PTII/bin/ptinvoke ptolemy.vergil.basic.export.ExportModel -force htm -run -openComposites -timeOut 30000 -whiteBackground ptolemy/backtrack/demo/RampRollback/RampRollback.xml $PTII/ptolemy/backtrack/demo/RampRollback/RampRollback
Running .RampRollback
158 ms. Memory: 1800192K Free: 1188224K (66%)
Exported /home/travis/build/icyphy/ptII/ptolemy/backtrack/demo/RampRollback/RampRollback/index.html
4423 ms. Memory: 1800192K Free: 1144938K (64%)
####### 24 Wed Sep 19 02:38:30 UTC 2018 $PTII/bin/ptinvoke ptolemy.vergil.basic.export.ExportModel -force htm -run -openComposites -timeOut 30000 -whiteBackground ptolemy/backtrack/demo/TrialModule/TrialModule.xml $PTII/ptolemy/backtrack/demo/TrialModule/TrialModule
Running .TrialModule
ExportHTMLTimer went off after 30000 ms., calling getDirector().finish and getDirector().stopFire()
30001 ms. Memory: 1805312K Free: 950546K (53%)
Exported /home/travis/build/icyphy/ptII/ptolemy/backtrack/demo/TrialModule/TrialModule/index.html
34340 ms. Memory: 1805312K Free: 854704K (47%)
####### 25 Wed Sep 19 02:39:04 UTC 2018 $PTII/bin/ptinvoke ptolemy.vergil.basic.export.ExportModel -force htm -run -openComposites -timeOut 30000 -whiteBackground ptolemy/caltrop/demo/FunctionClosures/FunctionClosures.xml $PTII/ptolemy/caltrop/demo/FunctionClosures/FunctionClosures
Running .FunctionClosures
38 ms. Memory: 1805312K Free: 719815K (40%)
Exported /home/travis/build/icyphy/ptII/ptolemy/caltrop/demo/FunctionClosures/FunctionClosures/index.html
4578 ms. Memory: 1805312K Free: 681814K (38%)
####### 26 Wed Sep 19 02:39:09 UTC 2018 $PTII/bin/ptinvoke ptolemy.vergil.basic.export.ExportModel -force htm -run -openComposites -timeOut 30000 -whiteBackground ptolemy/caltrop/demo/FunctionDefinition/FunctionDefinition.xml $PTII/ptolemy/caltrop/demo/FunctionDefinition/FunctionDefinition
Running .FunctionDefinition
15 ms. Memory: 1805312K Free: 553029K (31%)
Exported /home/travis/build/icyphy/ptII/ptolemy/caltrop/demo/FunctionDefinition/FunctionDefinition/index.html
4543 ms. Memory: 1805312K Free: 512816K (28%)
####### 27 Wed Sep 19 02:39:13 UTC 2018 $PTII/bin/ptinvoke ptolemy.vergil.basic.export.ExportModel -force htm -run -openComposites -timeOut 30000 -whiteBackground ptolemy/caltrop/demo/Primes/Primes.xml $PTII/ptolemy/caltrop/demo/Primes/Primes
Running .Primes
22 ms. Memory: 1805312K Free: 396226K (22%)
Exported /home/travis/build/icyphy/ptII/ptolemy/caltrop/demo/Primes/Primes/index.html
4324 ms. Memory: 1805312K Free: 349156K (19%)
####### 28 Wed Sep 19 02:39:18 UTC 2018 $PTII/bin/ptinvoke ptolemy.vergil.basic.export.ExportModel -force htm -run -openComposites -timeOut 30000 -whiteBackground ptolemy/caltrop/demo/SDFDDI/SDFDDI.xml $PTII/ptolemy/caltrop/demo/SDFDDI/SDFDDI
Running .SDFDDI
77 ms. Memory: 1805312K Free: 214322K (12%)
Exported /home/travis/build/icyphy/ptII/ptolemy/caltrop/demo/SDFDDI/SDFDDI/index.html
4351 ms. Memory: 1805312K Free: 187391K (10%)
####### 29 Wed Sep 19 02:39:22 UTC 2018 $PTII/bin/ptinvoke ptolemy.vergil.basic.export.ExportModel -force htm -run -openComposites -timeOut 30000 -whiteBackground ptolemy/cg/adapter/generic/html/demo/HierarchicalModel/HierarchicalModel.xml $PTII/ptolemy/cg/adapter/generic/html/demo/HierarchicalModel/HierarchicalModel
Running .HierarchicalModel
ExportHTMLTimer went off after 30000 ms., calling getDirector().finish and getDirector().stopFire()
30009 ms. Memory: 1822208K Free: 1032941K (57%)
Exported /home/travis/build/icyphy/ptII/ptolemy/cg/adapter/generic/html/demo/HierarchicalModel/HierarchicalModel/index.html
34371 ms. Memory: 1822208K Free: 835136K (46%)
####### 30 Wed Sep 19 02:39:57 UTC 2018 $PTII/bin/ptinvoke ptolemy.vergil.basic.export.ExportModel -force htm -run -openComposites -timeOut 30000 -whiteBackground ptolemy/cg/adapter/generic/program/procedural/c/arduino/adapters/ptolemy/vergil/actor/lib/demo/Blink/Blink.xml $PTII/ptolemy/cg/adapter/generic/program/procedural/c/arduino/adapters/ptolemy/vergil/actor/lib/demo/Blink/Blink
Running .Blink
CompiledCompositeActor: Building shared object: The effigy ptolemy.actor.gui.PtolemyEffigy {.configuration.directory.effigy}(model : ptolemy.actor.TypedCompositeActor {.Blink}) says the model was modified and thus it does not matter if the shared object file is newer than the model file because the model file is out of date.
CompiledCompositeActor wrote file:/home/travis/cg/ Blink_EmbeddedCodeActor.java
In "/home/travis/cg", about to execute:
    javac -classpath . Blink_EmbeddedCodeActor.java
In "/home/travis/cg", about to execute:
    rm -f Blink_EmbeddedCodeActor.h
All Done
Not deleting /home/travis/cg/, there might be .class files that we just generated.
CCodeGenerator set the container? : actor.getContainer(): ptolemy.actor.TypedCompositeActor {.Blink} _isTopLevel: false generateEmbeddedCode: true
CCodeGenerator include the container .h? : container.getContainer(): ptolemy.actor.TypedCompositeActor {.Blink} _isTopLevel: false generateEmbeddedCode: true


CCodeGeneratorAdapter: appended to path /usr/lib/jvm/java-8-oracle/jre/bin/client
Reading "ptolemy/cg/kernel/generic/program/procedural/c/jnimakefile.in",
    writing "/home/travis/cg/Blink_EmbeddedCodeActor.mk"
Using ptolemy/cg/kernel/generic/program/procedural/c/jnimakefile.in
In "/home/travis/cg", about to execute:
    make -f Blink_EmbeddedCodeActor.mk
gcc -DPTJNI -D__int64="long long" -Wall  -std=c99 -ggdb  -I /home/travis/cg//_EmbeddedCodeActor -I"/usr/lib/jvm/java-8-oracle/include/linux" -I"/usr/lib/jvm/java-8-oracle/include" -I /home/travis/cg/commons/ -fPIC -shared -o libBlink_EmbeddedCodeActor.so ./_EmbeddedCodeActor/Blink_EmbeddedCodeActor.c ./_EmbeddedCodeActor/Blink_EmbeddedCodeActor_EmbeddedActor.c ./_EmbeddedCodeActor/Blink_EmbeddedCodeActor_SDFSchedule.c ./commons/_SDFReceiver.c ./commons/_CompositeActor.c ./commons/_AtomicActor.c ./commons/_Director.c ./commons/pblSet.c ./commons/pblHeap.c ./commons/_LocalClock.c ./commons/_SDFDirector.c ./commons/pblIterator.c ./commons/_Receiver.c ./commons/_IOPort.c ./commons/pblMap.c ./commons/_Actor.c ./commons/pblList.c ./commons/_ptTypes.c ./commons/pblCollection.c ./commons/pblPriorityQueue.c ./commons/pblhash.c ./commons/_TypedIOPort.c ./commons/pbl.c ./Blink_EmbeddedCodeActor_Main.c -lm -L"" -ljvm
In file included from ./Blink_EmbeddedCodeActor_Main.c:21:0:
./Blink_EmbeddedCodeActor_Main.h:24:21: warning: ‘input’ defined but not used [-Wunused-variable]
 static jobjectArray input;
                     ^
All Done
2623 ms. Memory: 1822208K Free: 453488K (25%)
Exported /home/travis/build/icyphy/ptII/ptolemy/cg/adapter/generic/program/procedural/c/arduino/adapters/ptolemy/vergil/actor/lib/demo/Blink/Blink/index.html
6858 ms. Memory: 1822208K Free: 395421K (22%)
####### 31 Wed Sep 19 02:40:03 UTC 2018 $PTII/bin/ptinvoke ptolemy.vergil.basic.export.ExportModel -force htm -run -openComposites -timeOut 30000 -whiteBackground ptolemy/cg/adapter/generic/program/procedural/c/arduino/adapters/ptolemy/vergil/actor/lib/demo/Life/Life.xml $PTII/ptolemy/cg/adapter/generic/program/procedural/c/arduino/adapters/ptolemy/vergil/actor/lib/demo/Life/Life
Running .Life
4040 ms. Memory: 1819136K Free: 1686408K (93%)
Exported /home/travis/build/icyphy/ptII/ptolemy/cg/adapter/generic/program/procedural/c/arduino/adapters/ptolemy/vergil/actor/lib/demo/Life/Life/index.html
9653 ms. Memory: 1819136K Free: 1228296K (68%)
####### 32 Wed Sep 19 02:40:13 UTC 2018 $PTII/bin/ptinvoke ptolemy.vergil.basic.export.ExportModel -force htm  -openComposites -timeOut 30000 -whiteBackground ptolemy/cg/adapter/generic/program/procedural/c/arduino/adapters/ptolemy/vergil/actor/lib/demo/Ultrasonic/Ultrasonic.xml $PTII/ptolemy/cg/adapter/generic/program/procedural/c/arduino/adapters/ptolemy/vergil/actor/lib/demo/Ultrasonic/Ultrasonic
Warning: not running ptolemy/cg/adapter/generic/program/procedural/c/arduino/adapters/ptolemy/vergil/actor/lib/demo/Ultrasonic/Ultrasonic.xml. See ptolemy/vergil/basic/export/test/junit/ExportModelJUnitTest.java
Exported /home/travis/build/icyphy/ptII/ptolemy/cg/adapter/generic/program/procedural/c/arduino/adapters/ptolemy/vergil/actor/lib/demo/Ultrasonic/Ultrasonic/index.html
3223 ms. Memory: 1819136K Free: 977502K (54%)
####### 33 Wed Sep 19 02:40:16 UTC 2018 $PTII/bin/ptinvoke ptolemy.vergil.basic.export.ExportModel -force htm -run -openComposites -timeOut 30000 -whiteBackground ptolemy/cg/kernel/generic/accessor/demo/TestComposite/TestComposite.xml $PTII/ptolemy/cg/kernel/generic/accessor/demo/TestComposite/TestComposite
JSAccessor: PT_NO_NET environment variable is set, so git pull and ptdoc are not being run.
Running .TestComposite
2606 ms. Memory: 1819136K Free: 131753K (7%)
Exported /home/travis/build/icyphy/ptII/ptolemy/cg/kernel/generic/accessor/demo/TestComposite/TestComposite/index.html
11076 ms. Memory: 1826816K Free: 1623881K (89%)
####### 34 Wed Sep 19 02:40:27 UTC 2018 $PTII/bin/ptinvoke ptolemy.vergil.basic.export.ExportModel -force htm -run -openComposites -timeOut 30000 -whiteBackground ptolemy/cg/lib/demo/CompiledCompositeActor/CompiledCompositeActor.xml $PTII/ptolemy/cg/lib/demo/CompiledCompositeActor/CompiledCompositeActor
Running .CompiledCompositeActor
CompiledCompositeActor: Building shared object: The sharedObjectFile has a modification time that is earlier than the modelFile modification time.
Writing CompiledCompositeActor_CompiledCompositeActor.java in file:/home/travis/cg/ (13466 characters)
Reading "ptolemy/cg/kernel/generic/program/procedural/java/makefile.in",
    writing "/home/travis/cg/CompiledCompositeActor_CompiledCompositeActor.mk"
Using ptolemy/cg/kernel/generic/program/procedural/java/makefile.in
In "/home/travis/cg", about to execute:
    make -f CompiledCompositeActor_CompiledCompositeActor.mk
javac -classpath ".:."    CompiledCompositeActor_CompiledCompositeActor.java
All Done
924 ms. Memory: 1826816K Free: 1471682K (81%)
Exported /home/travis/build/icyphy/ptII/ptolemy/cg/lib/demo/CompiledCompositeActor/CompiledCompositeActor/index.html
5162 ms. Memory: 1826816K Free: 1391264K (76%)
####### 35 Wed Sep 19 02:40:33 UTC 2018 $PTII/bin/ptinvoke ptolemy.vergil.basic.export.ExportModel -force htm  -openComposites -timeOut 30000 -whiteBackground ptolemy/cg/lib/demo/DECG/DECG.xml $PTII/ptolemy/cg/lib/demo/DECG/DECG
Warning: not running ptolemy/cg/lib/demo/DECG/DECG.xml. See ptolemy/vergil/basic/export/test/junit/ExportModelJUnitTest.java
Exported /home/travis/build/icyphy/ptII/ptolemy/cg/lib/demo/DECG/DECG/index.html
3189 ms. Memory: 1826816K Free: 1248646K (68%)
####### 36 Wed Sep 19 02:40:36 UTC 2018 $PTII/bin/ptinvoke ptolemy.vergil.basic.export.ExportModel -force htm -run -openComposites -timeOut 30000 -whiteBackground ptolemy/cg/lib/demo/DECG/DECGClockRamp.xml $PTII/ptolemy/cg/lib/demo/DECG/DECGClockRamp
Running .DECGClockRamp
20 ms. Memory: 1826816K Free: 1106358K (61%)
Exported /home/travis/build/icyphy/ptII/ptolemy/cg/lib/demo/DECG/DECGClockRamp/index.html
4229 ms. Memory: 1826816K Free: 1070427K (59%)
####### 37 Wed Sep 19 02:40:40 UTC 2018 $PTII/bin/ptinvoke ptolemy.vergil.basic.export.ExportModel -force htm -run -openComposites -timeOut 30000 -whiteBackground ptolemy/cg/lib/demo/DECG/DECGDelay.xml $PTII/ptolemy/cg/lib/demo/DECG/DECGDelay
Running .DECGDelay
15 ms. Memory: 1826816K Free: 935097K (51%)
Exported /home/travis/build/icyphy/ptII/ptolemy/cg/lib/demo/DECG/DECGDelay/index.html
4217 ms. Memory: 1826816K Free: 899167K (49%)
####### 38 Wed Sep 19 02:40:44 UTC 2018 $PTII/bin/ptinvoke ptolemy.vergil.basic.export.ExportModel -force htm -run -openComposites -timeOut 30000 -whiteBackground ptolemy/cg/lib/demo/DECG/DECGHelloWorld.xml $PTII/ptolemy/cg/lib/demo/DECG/DECGHelloWorld
Running .DECGHelloWorld
15 ms. Memory: 1826816K Free: 766257K (42%)
Exported /home/travis/build/icyphy/ptII/ptolemy/cg/lib/demo/DECG/DECGHelloWorld/index.html
4160 ms. Memory: 1826816K Free: 731956K (40%)
####### 39 Wed Sep 19 02:40:48 UTC 2018 $PTII/bin/ptinvoke ptolemy.vergil.basic.export.ExportModel -force htm -run -openComposites -timeOut 30000 -whiteBackground ptolemy/cg/lib/demo/DECG/DECGHeterogeneous.xml $PTII/ptolemy/cg/lib/demo/DECG/DECGHeterogeneous
Running .DECGHeterogeneous
51 ms. Memory: 1826816K Free: 488354K (27%)
Exported /home/travis/build/icyphy/ptII/ptolemy/cg/lib/demo/DECG/DECGHeterogeneous/index.html
4273 ms. Memory: 1826816K Free: 423675K (23%)
####### 40 Wed Sep 19 02:40:53 UTC 2018 $PTII/bin/ptinvoke ptolemy.vergil.basic.export.ExportModel -force htm -run -openComposites -timeOut 30000 -whiteBackground ptolemy/cg/lib/demo/DECG/DECGHeterogeneousMk2.xml $PTII/ptolemy/cg/lib/demo/DECG/DECGHeterogeneousMk2
Running .DECGHeterogeneousMk2
61 ms. Memory: 1826816K Free: 219402K (12%)
Exported /home/travis/build/icyphy/ptII/ptolemy/cg/lib/demo/DECG/DECGHeterogeneousMk2/index.html
4628 ms. Memory: 1808384K Free: 1407192K (78%)
####### 41 Wed Sep 19 02:40:57 UTC 2018 $PTII/bin/ptinvoke ptolemy.vergil.basic.export.ExportModel -force htm -run -openComposites -timeOut 30000 -whiteBackground ptolemy/cg/lib/demo/DECG/DECGMath.xml $PTII/ptolemy/cg/lib/demo/DECG/DECGMath
Running .DECGMath
11 ms. Memory: 1808384K Free: 1240403K (69%)
Exported /home/travis/build/icyphy/ptII/ptolemy/cg/lib/demo/DECG/DECGMath/index.html
4186 ms. Memory: 1808384K Free: 1195748K (66%)
####### 42 Wed Sep 19 02:41:01 UTC 2018 $PTII/bin/ptinvoke ptolemy.vergil.basic.export.ExportModel -force htm -run -openComposites -timeOut 30000 -whiteBackground ptolemy/cg/lib/demo/DECG/DECGPi.xml $PTII/ptolemy/cg/lib/demo/DECG/DECGPi
Running .DECGPi
44 ms. Memory: 1808384K Free: 966355K (53%)
Exported /home/travis/build/icyphy/ptII/ptolemy/cg/lib/demo/DECG/DECGPi/index.html
4309 ms. Memory: 1808384K Free: 906307K (50%)
####### 43 Wed Sep 19 02:41:06 UTC 2018 $PTII/bin/ptinvoke ptolemy.vergil.basic.export.ExportModel -force htm -run -openComposites -timeOut 30000 -whiteBackground ptolemy/cg/lib/demo/DECG/DECGPiSquare.xml $PTII/ptolemy/cg/lib/demo/DECG/DECGPiSquare
Running .DECGPiSquare
124 ms. Memory: 1808384K Free: 687444K (38%)
Exported /home/travis/build/icyphy/ptII/ptolemy/cg/lib/demo/DECG/DECGPiSquare/index.html
4328 ms. Memory: 1808384K Free: 634940K (35%)
####### 44 Wed Sep 19 02:41:10 UTC 2018 $PTII/bin/ptinvoke ptolemy.vergil.basic.export.ExportModel -force htm -run -openComposites -timeOut 30000 -whiteBackground ptolemy/cg/lib/demo/DECG/DECGPoisson.xml $PTII/ptolemy/cg/lib/demo/DECG/DECGPoisson
Running .DECGPoisson
16 ms. Memory: 1808384K Free: 501952K (28%)
Exported /home/travis/build/icyphy/ptII/ptolemy/cg/lib/demo/DECG/DECGPoisson/index.html
4180 ms. Memory: 1808384K Free: 469327K (26%)
####### 45 Wed Sep 19 02:41:14 UTC 2018 $PTII/bin/ptinvoke ptolemy.vergil.basic.export.ExportModel -force htm  -openComposites -timeOut 30000 -whiteBackground ptolemy/cg/lib/demo/ModularCG/ModularCG.xml $PTII/ptolemy/cg/lib/demo/ModularCG/ModularCG
Warning: not running ptolemy/cg/lib/demo/ModularCG/ModularCG.xml. See ptolemy/vergil/basic/export/test/junit/ExportModelJUnitTest.java
Exported /home/travis/build/icyphy/ptII/ptolemy/cg/lib/demo/ModularCG/ModularCG/index.html
4925 ms. Memory: 1794560K Free: 114858K (6%)
####### 46 Wed Sep 19 02:41:19 UTC 2018 $PTII/bin/ptinvoke ptolemy.vergil.basic.export.ExportModel -force htm -run -openComposites -timeOut 30000 -whiteBackground ptolemy/cg/lib/demo/ModularCGPubSub/ModularCGPubSub.xml $PTII/ptolemy/cg/lib/demo/ModularCGPubSub/ModularCGPubSub
Running .ModularCGPubSub
In "/home/travis/cg", about to execute:
    pwd
In "/home/travis/cg", about to execute:
    ls -l
/home/travis/cg
In "/home/travis/cg", about to execute:
    javac -classpath
.:/home/travis/build/icyphy/ptII:/home/travis/build/icyphy/ptII/lib/bsh-2.0b4.j
ar:/home/travis/build/icyphy/ptII/lib/ptCal.jar:/home/travis/build/icyphy/ptII/
lib/java_cup.jar:/home/travis/build/icyphy/ptII/lib/saxon8.jar:/home/travis/bui
ld/icyphy/ptII/lib/saxon8-dom.jar:/home/travis/build/icyphy/ptII/lib/chic.jar:/
home/travis/build/icyphy/ptII/lib/ptcolt.jar:/usr/lib/jvm/java-8-oracle/lib/too
ls.jar:/usr/lib/eclipse/plugins/org.eclipse.jdt.core_3.8.2.dist.jar:/usr/lib/ec
lipse/plugins/org.eclipse.core.runtime_3.8.0.dist.jar:/usr/lib/eclipse/plugins/
org.eclipse.osgi_3.8.1.dist.jar:/usr/lib/eclipse/plugins/org.eclipse.core.resou
rces_3.8.1.dist.jar:/usr/lib/eclipse/plugins/org.eclipse.equinox.common_3.6.100
.dist.jar:/usr/lib/eclipse/plugins/org.eclipse.core.jobs_3.5.200.dist.jar:/usr/
lib/eclipse/plugins/org.eclipse.core.contenttype_3.4.200.dist.jar:/usr/lib/ecli
pse/plugins/org.eclipse.equinox.preferences_3.5.0.dist.jar:/usr/lib/eclipse/plu
gins/org.eclipse.text_3.5.200.dist.jar:/usr/lib/eclipse/plugins/org.eclipse.ui.
workbench_3.8.1.dist.jar:/usr/lib/eclipse/plugins/org.eclipse.jface_3.8.0.dist.
jar:/usr/lib/eclipse/plugins/org.eclipse.swt_3.8.2.jar:/usr/lib/eclipse/plugins
/org.eclipse.jface.text_3.8.1.dist.jar:/usr/lib/eclipse/plugins/org.eclipse.ui.
workbench.texteditor_3.8.0.dist.jar:/usr/lib/eclipse/plugins/org.eclipse.ui.edi
tors_3.8.0.dist.jar:/usr/lib/eclipse/plugins/org.eclipse.core.commands_3.6.1.di
st.jar:/usr/lib/eclipse/plugins/org.eclipse.equinox.registry_3.5.200.dist.jar:/
usr/lib/eclipse/plugins/org.eclipse.ui.console_3.5.100.dist.jar:/usr/lib/eclips
e/plugins/org.eclipse.ui.forms_3.5.200.dist.jar:/usr/lib/eclipse/plugins/org.ec
lipse.ui.ide_3.8.1.dist.jar:/home/travis/build/icyphy/ptII/vendors/oracle/dbxml
.jar:/home/travis/build/icyphy/ptII/vendors/oracle/db.jar:/home/travis/build/ic
yphy/ptII/vendors/misc/itext/iText.jar:/home/travis/build/icyphy/ptII/lib/g4ltl
.jar:/home/travis/build/icyphy/ptII/lib/StructuralCoder.jar:/home/travis/build/
icyphy/ptII/lib/org-openide-util.jar:/home/travis/build/icyphy/ptII/lib/org-ope
nide-util-lookup.jar:/home/travis/build/icyphy/ptII/lib/org-netbeans-api-visual
.jar:/home/travis/build/icyphy/ptII/vendors/jai-1_1_2_01/lib/jai_core.jar:/home
/travis/build/icyphy/ptII/vendors/jai-1_1_2_01/lib/jai_codec.jar:/home/travis/b
uild/icyphy/ptII/lib/jcerti.jar:/home/travis/build/icyphy/ptII/lib/smack.jar:/h
ome/travis/build/icyphy/ptII/lib/smackx.jar:/home/travis/build/icyphy/ptII/lib/
jetty-all-8.1.5-v20120716.jar:/home/travis/build/icyphy/ptII/lib/javax.servlet-
api-3.0.1.jar:/home/travis/build/icyphy/ptII/lib/javax.mail.jar:/home/travis/bu
ild/icyphy/ptII/vendors/JMF-2.1.1e/lib/jmf.jar:/home/travis/build/icyphy/ptII/l
ib/jna-4.0.0-variadic.jar:/home/travis/build/icyphy/ptII/vendors/misc/joystick/
Joystick.jar:/home/travis/build/icyphy/ptII/lib/ptjacl.jar:/home/travis/build/i
cyphy/ptII/lib/jsoup-1.8.2.jar:/home/travis/build/icyphy/ptII/lib/junit-4.8.2.j
ar:/home/travis/build/icyphy/ptII/lib/JUnitParams-0.4.0.jar:/home/travis/build/
icyphy/ptII/ptolemy/actor/lib/excel/jxl.jar:/home/travis/build/icyphy/ptII/lib/
jython.jar:/home/travis/build/icyphy/ptII/lib/kieler.jar:/home/travis/build/icy
phy/ptII/vendors/opencv/share/OpenCV/java/opencv-341.jar:/home/travis/build/icy
phy/ptII/lib/oscP5.jar:/home/travis/build/icyphy/ptII/lib/nrjavaserial-3.11.0.d
evel.jar:/home/travis/build/icyphy/ptII/vendors/j3d/lib/j3dcore.jar:/home/travi
s/build/icyphy/ptII/vendors/j3d/lib/j3dutils.jar:/home/travis/build/icyphy/ptII
/vendors/j3d/lib/vecmath.jar:/home/travis/build/icyphy/ptII/ptolemy/distributed
/jini/jar/jini-core.jar:/home/travis/build/icyphy/ptII/ptolemy/distributed/jini
/jar/jini-ext.jar:/home/travis/build/icyphy/ptII/ptolemy/distributed/jini/jar/s
un-util.jar:/home/travis/build/icyphy/ptII/lib/protobuf-java-2.4.1.jar:/home/tr
avis/build/icyphy/ptII/lib/org.eclipse.paho.client.mqttv3.jar:/home/travis/buil
d/icyphy/ptII/ptserver/lib/hessian-4.0.7.jar:/home/travis/build/icyphy/ptII/pts
erver/lib/wmqtt.jar:/home/travis/build/icyphy/ptII/lib/mapss.jar:/home/travis/b
uild/icyphy/ptII/ptolemy/actor/ptalon/antlr/antlr.jar:/home/travis/build/icyphy
/ptII/lib/JRI.jar:/home/travis/build/icyphy/ptII/lib/commons-lang-2.6.jar:/home
/travis/build/icyphy/ptII/lib/commons-logging-1.1.1.jar:/home/travis/build/icyp
hy/ptII/lib/sootclasses.jar:/home/travis/build/icyphy/ptII/ptolemy/actor/lib/da
tabase/mysql-connector-java-5.1.6-bin.jar:/home/travis/build/icyphy/ptII/vendor
s/misc/sphinx4/sphinx4-data-5prealpha.jar:/home/travis/build/icyphy/ptII/vendor
s/misc/sphinx4/sphinx4-core-5prealpha.jar:/home/travis/build/icyphy/ptII/lib/PD
FRenderer.jar:/home/travis/build/icyphy/ptII/lib/svgSalamander.jar:/home/travis
/build/icyphy/ptII/lib/rsyntaxtextarea-2.6.0-SNAPSHOT.jar:/home/travis/build/ic
yphy/ptII/lib/hazelcast-3.8.2.jar:/home/travis/build/icyphy/ptII/lib/jackson-an
notations-2.9.0.jar:/home/travis/build/icyphy/ptII/lib/jackson-core-2.9.3.jar:/
home/travis/build/icyphy/ptII/lib/jackson-databind-2.9.3.jar:/home/travis/build
/icyphy/ptII/lib/netty-buffer-4.1.19.Final.jar:/home/travis/build/icyphy/ptII/l
ib/netty-codec-4.1.19.Final.jar:/home/travis/build/icyphy/ptII/lib/netty-codec-
dns-4.1.19.Final.jar:/home/travis/build/icyphy/ptII/lib/netty-codec-http-4.1.19
.Final.jar:/home/travis/build/icyphy/ptII/lib/netty-codec-http2-4.1.19.Final.ja
r:/home/travis/build/icyphy/ptII/lib/netty-common-4.1.19.Final.jar:/home/travis
/build/icyphy/ptII/lib/netty-handler-4.1.19.Final.jar:/home/travis/build/icyphy
/ptII/lib/netty-resolver-4.1.19.Final.jar:/home/travis/build/icyphy/ptII/lib/ne
tty-resolver-dns-4.1.19.Final.jar:/home/travis/build/icyphy/ptII/lib/netty-tran
sport-4.1.19.Final.jar:/home/travis/build/icyphy/ptII/lib/vertx-codegen-3.5.1.j
ar:/home/travis/build/icyphy/ptII/lib/vertx-core-3.5.2-SNAPSHOT.jar:/home/travi
s/build/icyphy/ptII/lib/vertx-hazelcast-3.5.1.jar:/home/travis/build/icyphy/ptI
I/lib/vertx-lang-js-3.5.1.jar:/home/travis/build/icyphy/ptII/lib/vertx-service-
proxy-3.5.1.jar:/home/travis/build/icyphy/ptII/lib/vertx-web-3.5.1.jar:/home/tr
avis/build/icyphy/ptII/lib/slf4j-api-1.7.13.jar:/home/travis/build/icyphy/ptII/
lib/slf4j-simple-1.7.13.jar:/home/travis/build/icyphy/ptII/lib/webcam-capture-0
.3.12.jar:/home/travis/build/icyphy/ptII/lib/bridj-0.7.0.jar:/home/travis/build
/icyphy/ptII/lib/xbjlib-1.1.0.nrjavaserial.jar:/home/travis/build/icyphy/ptII/p
tolemy/moml/test:/home/travis/build/icyphy/ptII/ant/lib/ant-launcher.jar:/home/
travis/build/icyphy/ptII/ant/lib/ant.jar:/home/travis/build/icyphy/ptII/ant/lib
/ant-junit.jar:/home/travis/build/icyphy/ptII/ant/lib/ant-junit4.jar:/home/trav
is/build/icyphy/ptII ModularCGPubSub_A1_A2_profile.java
total 396
-rw-rw-r-- 1 travis travis    476 Sep 19 02:39 Blink_EmbeddedCodeActor.class
-rw-rw-r-- 1 travis travis    270 Sep 19 02:39 Blink_EmbeddedCodeActor.java
-rw-rw-r-- 1 travis travis   2870 Sep 19 02:39 Blink_EmbeddedCodeActor_Main.c
-rw-rw-r-- 1 travis travis   1596 Sep 19 02:39 Blink_EmbeddedCodeActor_Main.h
-rw-rw-r-- 1 travis travis   1793 Sep 19 02:39 Blink_EmbeddedCodeActor.mk
drwxrwxr-x 2 travis travis   4096 Sep 19 02:39 commons
-rw-rw-r-- 1 travis travis   4895 Sep 19 02:40 CompiledCompositeActor_CompiledCompositeActor.class
-rw-rw-r-- 1 travis travis   1592 Sep 19 02:40 CompiledCompositeActor_CompiledCompositeActor$_CompiledCompositeActor_CompiledCompositeActor.class
-rw-rw-r-- 1 travis travis  13466 Sep 19 02:40 CompiledCompositeActor_CompiledCompositeActor.java
-rw-rw-r-- 1 travis travis   1593 Sep 19 02:40 CompiledCompositeActor_CompiledCompositeActor.mk
drwxrwxr-x 2 travis travis   4096 Sep 19 02:39 _EmbeddedCodeActor
-rwxrwxr-x 1 travis travis 328528 Sep 19 02:40 libBlink_EmbeddedCodeActor.so
-rw-rw-r-- 1 travis travis   1222 Sep 19 02:41 ModularCGPubSub_A1_A2_profile.java
-rw-rw-r-- 1 travis travis    432 Sep 19 02:40 Token.class
-rw-rw-r-- 1 travis travis    251 Sep 19 02:40 Token.java
warning: Supported source version 'RELEASE_6' from annotation processor 'org.netbeans.modules.openide.util.NbBundleProcessor' less than -source '1.8'
warning: Supported source version 'RELEASE_6' from annotation processor 'org.netbeans.modules.openide.util.URLStreamHandlerRegistrationProcessor' less than -source '1.8'
warning: Supported source version 'RELEASE_6' from annotation processor 'org.netbeans.modules.openide.util.ServiceProviderProcessor' less than -source '1.8'
3 warnings
All Done
Writing ModularCGPubSub_A1_A2.java in file:/home/travis/cg/ (9076 characters)
Reading "ptolemy/cg/kernel/generic/program/procedural/java/modular/makefile.in",
    writing "/home/travis/cg/ModularCGPubSub_A1_A2.mk"
Using ptolemy/cg/kernel/generic/program/procedural/java/modular/makefile.in
In "/home/travis/cg", about to execute:
    make -f ModularCGPubSub_A1_A2.mk
javac -classpath ".:.."    ModularCGPubSub_A1_A2.java
All Done
In "/home/travis/cg", about to execute:
    pwd
/home/travis/cg
In "/home/travis/cg", about to execute:
    ls -l
total 424
-rw-rw-r-- 1 travis travis    476 Sep 19 02:39 Blink_EmbeddedCodeActor.class
-rw-rw-r-- 1 travis travis    270 Sep 19 02:39 Blink_EmbeddedCodeActor.java
-rw-rw-r-- 1 travis travis   2870 Sep 19 02:39 Blink_EmbeddedCodeActor_Main.c
-rw-rw-r-- 1 travis travis   1596 Sep 19 02:39 Blink_EmbeddedCodeActor_Main.h
-rw-rw-r-- 1 travis travis   1793 Sep 19 02:39 Blink_EmbeddedCodeActor.mk
drwxrwxr-x 2 travis travis   4096 Sep 19 02:39 commons
-rw-rw-r-- 1 travis travis   4895 Sep 19 02:40 CompiledCompositeActor_CompiledCompositeActor.class
-rw-rw-r-- 1 travis travis   1592 Sep 19 02:40 CompiledCompositeActor_CompiledCompositeActor$_CompiledCompositeActor_CompiledCompositeActor.class
-rw-rw-r-- 1 travis travis  13466 Sep 19 02:40 CompiledCompositeActor_CompiledCompositeActor.java
-rw-rw-r-- 1 travis travis   1593 Sep 19 02:40 CompiledCompositeActor_CompiledCompositeActor.mk
drwxrwxr-x 2 travis travis   4096 Sep 19 02:39 _EmbeddedCodeActor
-rwxrwxr-x 1 travis travis 328528 Sep 19 02:40 libBlink_EmbeddedCodeActor.so
-rw-rw-r-- 1 travis travis   3473 Sep 19 02:41 ModularCGPubSub_A1_A2.class
-rw-rw-r-- 1 travis travis   9076 Sep 19 02:41 ModularCGPubSub_A1_A2.java
-rw-rw-r-- 1 travis travis    880 Sep 19 02:41 ModularCGPubSub_A1_A2.mk
-rw-rw-r-- 1 travis travis   1300 Sep 19 02:41 ModularCGPubSub_A1_A2_profile.class
-rw-rw-r-- 1 travis travis   1222 Sep 19 02:41 ModularCGPubSub_A1_A2_profile.java
-rw-rw-r-- 1 travis travis   1388 Sep 19 02:41 ModularCGPubSub_A1_profile.java
-rw-rw-r-- 1 travis travis    432 Sep 19 02:41 Token.class
-rw-rw-r-- 1 travis travis    251 Sep 19 02:41 Token.java
In "/home/travis/cg", about to execute:
    javac -classpath
.:/home/travis/build/icyphy/ptII:/home/travis/build/icyphy/ptII/lib/bsh-2.0b4.j
ar:/home/travis/build/icyphy/ptII/lib/ptCal.jar:/home/travis/build/icyphy/ptII/
lib/java_cup.jar:/home/travis/build/icyphy/ptII/lib/saxon8.jar:/home/travis/bui
ld/icyphy/ptII/lib/saxon8-dom.jar:/home/travis/build/icyphy/ptII/lib/chic.jar:/
home/travis/build/icyphy/ptII/lib/ptcolt.jar:/usr/lib/jvm/java-8-oracle/lib/too
ls.jar:/usr/lib/eclipse/plugins/org.eclipse.jdt.core_3.8.2.dist.jar:/usr/lib/ec
lipse/plugins/org.eclipse.core.runtime_3.8.0.dist.jar:/usr/lib/eclipse/plugins/
org.eclipse.osgi_3.8.1.dist.jar:/usr/lib/eclipse/plugins/org.eclipse.core.resou
rces_3.8.1.dist.jar:/usr/lib/eclipse/plugins/org.eclipse.equinox.common_3.6.100
.dist.jar:/usr/lib/eclipse/plugins/org.eclipse.core.jobs_3.5.200.dist.jar:/usr/
lib/eclipse/plugins/org.eclipse.core.contenttype_3.4.200.dist.jar:/usr/lib/ecli
pse/plugins/org.eclipse.equinox.preferences_3.5.0.dist.jar:/usr/lib/eclipse/plu
gins/org.eclipse.text_3.5.200.dist.jar:/usr/lib/eclipse/plugins/org.eclipse.ui.
workbench_3.8.1.dist.jar:/usr/lib/eclipse/plugins/org.eclipse.jface_3.8.0.dist.
jar:/usr/lib/eclipse/plugins/org.eclipse.swt_3.8.2.jar:/usr/lib/eclipse/plugins
/org.eclipse.jface.text_3.8.1.dist.jar:/usr/lib/eclipse/plugins/org.eclipse.ui.
workbench.texteditor_3.8.0.dist.jar:/usr/lib/eclipse/plugins/org.eclipse.ui.edi
tors_3.8.0.dist.jar:/usr/lib/eclipse/plugins/org.eclipse.core.commands_3.6.1.di
st.jar:/usr/lib/eclipse/plugins/org.eclipse.equinox.registry_3.5.200.dist.jar:/
usr/lib/eclipse/plugins/org.eclipse.ui.console_3.5.100.dist.jar:/usr/lib/eclips
e/plugins/org.eclipse.ui.forms_3.5.200.dist.jar:/usr/lib/eclipse/plugins/org.ec
lipse.ui.ide_3.8.1.dist.jar:/home/travis/build/icyphy/ptII/vendors/oracle/dbxml
.jar:/home/travis/build/icyphy/ptII/vendors/oracle/db.jar:/home/travis/build/ic
yphy/ptII/vendors/misc/itext/iText.jar:/home/travis/build/icyphy/ptII/lib/g4ltl
.jar:/home/travis/build/icyphy/ptII/lib/StructuralCoder.jar:/home/travis/build/
icyphy/ptII/lib/org-openide-util.jar:/home/travis/build/icyphy/ptII/lib/org-ope
nide-util-lookup.jar:/home/travis/build/icyphy/ptII/lib/org-netbeans-api-visual
.jar:/home/travis/build/icyphy/ptII/vendors/jai-1_1_2_01/lib/jai_core.jar:/home
/travis/build/icyphy/ptII/vendors/jai-1_1_2_01/lib/jai_codec.jar:/home/travis/b
uild/icyphy/ptII/lib/jcerti.jar:/home/travis/build/icyphy/ptII/lib/smack.jar:/h
ome/travis/build/icyphy/ptII/lib/smackx.jar:/home/travis/build/icyphy/ptII/lib/
jetty-all-8.1.5-v20120716.jar:/home/travis/build/icyphy/ptII/lib/javax.servlet-
api-3.0.1.jar:/home/travis/build/icyphy/ptII/lib/javax.mail.jar:/home/travis/bu
ild/icyphy/ptII/vendors/JMF-2.1.1e/lib/jmf.jar:/home/travis/build/icyphy/ptII/l
ib/jna-4.0.0-variadic.jar:/home/travis/build/icyphy/ptII/vendors/misc/joystick/
Joystick.jar:/home/travis/build/icyphy/ptII/lib/ptjacl.jar:/home/travis/build/i
cyphy/ptII/lib/jsoup-1.8.2.jar:/home/travis/build/icyphy/ptII/lib/junit-4.8.2.j
ar:/home/travis/build/icyphy/ptII/lib/JUnitParams-0.4.0.jar:/home/travis/build/
icyphy/ptII/ptolemy/actor/lib/excel/jxl.jar:/home/travis/build/icyphy/ptII/lib/
jython.jar:/home/travis/build/icyphy/ptII/lib/kieler.jar:/home/travis/build/icy
phy/ptII/vendors/opencv/share/OpenCV/java/opencv-341.jar:/home/travis/build/icy
phy/ptII/lib/oscP5.jar:/home/travis/build/icyphy/ptII/lib/nrjavaserial-3.11.0.d
evel.jar:/home/travis/build/icyphy/ptII/vendors/j3d/lib/j3dcore.jar:/home/travi
s/build/icyphy/ptII/vendors/j3d/lib/j3dutils.jar:/home/travis/build/icyphy/ptII
/vendors/j3d/lib/vecmath.jar:/home/travis/build/icyphy/ptII/ptolemy/distributed
/jini/jar/jini-core.jar:/home/travis/build/icyphy/ptII/ptolemy/distributed/jini
/jar/jini-ext.jar:/home/travis/build/icyphy/ptII/ptolemy/distributed/jini/jar/s
un-util.jar:/home/travis/build/icyphy/ptII/lib/protobuf-java-2.4.1.jar:/home/tr
avis/build/icyphy/ptII/lib/org.eclipse.paho.client.mqttv3.jar:/home/travis/buil
d/icyphy/ptII/ptserver/lib/hessian-4.0.7.jar:/home/travis/build/icyphy/ptII/pts
erver/lib/wmqtt.jar:/home/travis/build/icyphy/ptII/lib/mapss.jar:/home/travis/b
uild/icyphy/ptII/ptolemy/actor/ptalon/antlr/antlr.jar:/home/travis/build/icyphy
/ptII/lib/JRI.jar:/home/travis/build/icyphy/ptII/lib/commons-lang-2.6.jar:/home
/travis/build/icyphy/ptII/lib/commons-logging-1.1.1.jar:/home/travis/build/icyp
hy/ptII/lib/sootclasses.jar:/home/travis/build/icyphy/ptII/ptolemy/actor/lib/da
tabase/mysql-connector-java-5.1.6-bin.jar:/home/travis/build/icyphy/ptII/vendor
s/misc/sphinx4/sphinx4-data-5prealpha.jar:/home/travis/build/icyphy/ptII/vendor
s/misc/sphinx4/sphinx4-core-5prealpha.jar:/home/travis/build/icyphy/ptII/lib/PD
FRenderer.jar:/home/travis/build/icyphy/ptII/lib/svgSalamander.jar:/home/travis
/build/icyphy/ptII/lib/rsyntaxtextarea-2.6.0-SNAPSHOT.jar:/home/travis/build/ic
yphy/ptII/lib/hazelcast-3.8.2.jar:/home/travis/build/icyphy/ptII/lib/jackson-an
notations-2.9.0.jar:/home/travis/build/icyphy/ptII/lib/jackson-core-2.9.3.jar:/
home/travis/build/icyphy/ptII/lib/jackson-databind-2.9.3.jar:/home/travis/build
/icyphy/ptII/lib/netty-buffer-4.1.19.Final.jar:/home/travis/build/icyphy/ptII/l
ib/netty-codec-4.1.19.Final.jar:/home/travis/build/icyphy/ptII/lib/netty-codec-
dns-4.1.19.Final.jar:/home/travis/build/icyphy/ptII/lib/netty-codec-http-4.1.19
.Final.jar:/home/travis/build/icyphy/ptII/lib/netty-codec-http2-4.1.19.Final.ja
r:/home/travis/build/icyphy/ptII/lib/netty-common-4.1.19.Final.jar:/home/travis
/build/icyphy/ptII/lib/netty-handler-4.1.19.Final.jar:/home/travis/build/icyphy
/ptII/lib/netty-resolver-4.1.19.Final.jar:/home/travis/build/icyphy/ptII/lib/ne
tty-resolver-dns-4.1.19.Final.jar:/home/travis/build/icyphy/ptII/lib/netty-tran
sport-4.1.19.Final.jar:/home/travis/build/icyphy/ptII/lib/vertx-codegen-3.5.1.j
ar:/home/travis/build/icyphy/ptII/lib/vertx-core-3.5.2-SNAPSHOT.jar:/home/travi
s/build/icyphy/ptII/lib/vertx-hazelcast-3.5.1.jar:/home/travis/build/icyphy/ptI
I/lib/vertx-lang-js-3.5.1.jar:/home/travis/build/icyphy/ptII/lib/vertx-service-
proxy-3.5.1.jar:/home/travis/build/icyphy/ptII/lib/vertx-web-3.5.1.jar:/home/tr
avis/build/icyphy/ptII/lib/slf4j-api-1.7.13.jar:/home/travis/build/icyphy/ptII/
lib/slf4j-simple-1.7.13.jar:/home/travis/build/icyphy/ptII/lib/webcam-capture-0
.3.12.jar:/home/travis/build/icyphy/ptII/lib/bridj-0.7.0.jar:/home/travis/build
/icyphy/ptII/lib/xbjlib-1.1.0.nrjavaserial.jar:/home/travis/build/icyphy/ptII/p
tolemy/moml/test:/home/travis/build/icyphy/ptII/ant/lib/ant-launcher.jar:/home/
travis/build/icyphy/ptII/ant/lib/ant.jar:/home/travis/build/icyphy/ptII/ant/lib
/ant-junit.jar:/home/travis/build/icyphy/ptII/ant/lib/ant-junit4.jar:/home/trav
is/build/icyphy/ptII ModularCGPubSub_A1_profile.java
warning: Supported source version 'RELEASE_6' from annotation processor 'org.netbeans.modules.openide.util.NbBundleProcessor' less than -source '1.8'
warning: Supported source version 'RELEASE_6' from annotation processor 'org.netbeans.modules.openide.util.URLStreamHandlerRegistrationProcessor' less than -source '1.8'
warning: Supported source version 'RELEASE_6' from annotation processor 'org.netbeans.modules.openide.util.ServiceProviderProcessor' less than -source '1.8'
3 warnings
All Done
Writing ModularCGPubSub_A1.java in file:/home/travis/cg/ (9836 characters)
Reading "ptolemy/cg/kernel/generic/program/procedural/java/modular/makefile.in",
    writing "/home/travis/cg/ModularCGPubSub_A1.mk"
Using ptolemy/cg/kernel/generic/program/procedural/java/modular/makefile.in
In "/home/travis/cg", about to execute:
    make -f ModularCGPubSub_A1.mk
javac -classpath ".:.."    ModularCGPubSub_A1.java
All Done
5191 ms. Memory: 1776128K Free: 747670K (42%)
Exported /home/travis/build/icyphy/ptII/ptolemy/cg/lib/demo/ModularCGPubSub/ModularCGPubSub/index.html
11962 ms. Memory: 1799168K Free: 1362273K (76%)
####### 47 Wed Sep 19 02:41:31 UTC 2018 $PTII/bin/ptinvoke ptolemy.vergil.basic.export.ExportModel -force htm  -openComposites -timeOut 30000 -whiteBackground ptolemy/cg/lib/demo/Scale/Scale.xml $PTII/ptolemy/cg/lib/demo/Scale/Scale
Warning: not running ptolemy/cg/lib/demo/Scale/Scale.xml. See ptolemy/vergil/basic/export/test/junit/ExportModelJUnitTest.java
Exported /home/travis/build/icyphy/ptII/ptolemy/cg/lib/demo/Scale/Scale/index.html
3149 ms. Memory: 1799168K Free: 1245465K (69%)
####### 48 Wed Sep 19 02:41:34 UTC 2018 $PTII/bin/ptinvoke ptolemy.vergil.basic.export.ExportModel -force htm  -openComposites -timeOut 30000 -whiteBackground ptolemy/cg/lib/demo/Scale/ScaleC.xml $PTII/ptolemy/cg/lib/demo/Scale/ScaleC
Warning: not running ptolemy/cg/lib/demo/Scale/ScaleC.xml. See ptolemy/vergil/basic/export/test/junit/ExportModelJUnitTest.java
Exported /home/travis/build/icyphy/ptII/ptolemy/cg/lib/demo/Scale/ScaleC/index.html
3149 ms. Memory: 1799168K Free: 1105347K (61%)
####### 49 Wed Sep 19 02:41:37 UTC 2018 $PTII/bin/ptinvoke ptolemy.vergil.basic.export.ExportModel -force htm -run -openComposites -timeOut 30000 -whiteBackground ptolemy/cg/lib/demo/Scale/ScaleCFlat.xml $PTII/ptolemy/cg/lib/demo/Scale/ScaleCFlat
Running .ScaleCFlat
52 ms. Memory: 1799168K Free: 914847K (51%)
Exported /home/travis/build/icyphy/ptII/ptolemy/cg/lib/demo/Scale/ScaleCFlat/index.html
4251 ms. Memory: 1799168K Free: 879651K (49%)
####### 50 Wed Sep 19 02:41:42 UTC 2018 $PTII/bin/ptinvoke ptolemy.vergil.basic.export.ExportModel -force htm -run -openComposites -timeOut 30000 -whiteBackground ptolemy/cg/lib/demo/Scale/ScaleJava.xml $PTII/ptolemy/cg/lib/demo/Scale/ScaleJava
Running .ScaleJava
CompiledCompositeActor: Building shared object: The sharedObjectFile has a modification time that is earlier than the modelFile modification time.
Writing ScaleJava_EmbeddedActor.java in file:/home/travis/cg/ (9330 characters)
Reading "ptolemy/cg/kernel/generic/program/procedural/java/makefile.in",
    writing "/home/travis/cg/ScaleJava_EmbeddedActor.mk"
Using ptolemy/cg/kernel/generic/program/procedural/java/makefile.in
In "/home/travis/cg", about to execute:
    make -f ScaleJava_EmbeddedActor.mk
javac -classpath ".:."    ScaleJava_EmbeddedActor.java
All Done
715 ms. Memory: 1799168K Free: 726778K (40%)
Exported /home/travis/build/icyphy/ptII/ptolemy/cg/lib/demo/Scale/ScaleJava/index.html
4860 ms. Memory: 1799168K Free: 696578K (39%)
####### 51 Wed Sep 19 02:41:47 UTC 2018 $PTII/bin/ptinvoke ptolemy.vergil.basic.export.ExportModel -force htm -run -openComposites -timeOut 30000 -whiteBackground ptolemy/configs/doc/ClassesIllustrated.xml $PTII/ptolemy/configs/doc/ClassesIllustrated
Running .ClassesIllustrated
1 ms. Memory: 1799168K Free: 524951K (29%)
Exported /home/travis/build/icyphy/ptII/ptolemy/configs/doc/ClassesIllustrated/index.html
4263 ms. Memory: 1799168K Free: 332030K (18%)
####### 52 Wed Sep 19 02:41:51 UTC 2018 $PTII/bin/ptinvoke ptolemy.vergil.basic.export.ExportModel -force htm -run -openComposites -timeOut 30000 -whiteBackground ptolemy/data/ontologies/demo/CarTracking/CarTracking.xml $PTII/ptolemy/data/ontologies/demo/CarTracking/CarTracking
Running .CarTracking
2416 ms. Memory: 1769984K Free: 797057K (45%)
Exported /home/travis/build/icyphy/ptII/ptolemy/data/ontologies/demo/CarTracking/CarTracking/index.html
8120 ms. Memory: 1769984K Free: 211870K (12%)
####### 53 Wed Sep 19 02:41:59 UTC 2018 $PTII/bin/ptinvoke ptolemy.vergil.basic.export.ExportModel -force htm -run -openComposites -timeOut 30000 -whiteBackground ptolemy/data/ontologies/demo/ConstAbstractInterpretation/ConstAbstractInterpretation.xml $PTII/ptolemy/data/ontologies/demo/ConstAbstractInterpretation/ConstAbstractInterpretation
Running .ConstAbstractInterpretation
295 ms. Memory: 1783808K Free: 1463491K (82%)
Exported /home/travis/build/icyphy/ptII/ptolemy/data/ontologies/demo/ConstAbstractInterpretation/ConstAbstractInterpretation/index.html
4619 ms. Memory: 1783808K Free: 1408359K (79%)
####### 54 Wed Sep 19 02:42:04 UTC 2018 $PTII/bin/ptinvoke ptolemy.vergil.basic.export.ExportModel -force htm  -openComposites -timeOut 30000 -whiteBackground ptolemy/data/ontologies/demo/ConstAbstractInterpretationObservable/ConstAbstractInterpretationObservable.xml $PTII/ptolemy/data/ontologies/demo/ConstAbstractInterpretationObservable/ConstAbstractInterpretationObservable
Warning: not running ptolemy/data/ontologies/demo/ConstAbstractInterpretationObservable/ConstAbstractInterpretationObservable.xml. See ptolemy/vergil/basic/export/test/junit/ExportModelJUnitTest.java
Exported /home/travis/build/icyphy/ptII/ptolemy/data/ontologies/demo/ConstAbstractInterpretationObservable/ConstAbstractInterpretationObservable/index.html
3171 ms. Memory: 1783808K Free: 1264634K (71%)
####### 55 Wed Sep 19 02:42:07 UTC 2018 $PTII/bin/ptinvoke ptolemy.vergil.basic.export.ExportModel -force htm -run -openComposites -timeOut 30000 -whiteBackground ptolemy/data/ontologies/demo/ConstAbstractInterpretationObservable/ConstComparatorEqualToDemo.xml $PTII/ptolemy/data/ontologies/demo/ConstAbstractInterpretationObservable/ConstComparatorEqualToDemo
Running .ConstComparatorEqualToDemo
1636 ms. Memory: 1783808K Free: 387814K (22%)
Exported /home/travis/build/icyphy/ptII/ptolemy/data/ontologies/demo/ConstAbstractInterpretationObservable/ConstComparatorEqualToDemo/index.html
5936 ms. Memory: 1783808K Free: 315007K (18%)
####### 56 Wed Sep 19 02:42:13 UTC 2018 $PTII/bin/ptinvoke ptolemy.vergil.basic.export.ExportModel -force htm -run -openComposites -timeOut 30000 -whiteBackground ptolemy/data/ontologies/demo/ConstAbstractInterpretationObservable/ConstComparatorGreaterThanDemo.xml $PTII/ptolemy/data/ontologies/demo/ConstAbstractInterpretationObservable/ConstComparatorGreaterThanDemo
Running .ConstComparatorGreaterThanDemo
1618 ms. Memory: 1751040K Free: 903521K (52%)
Exported /home/travis/build/icyphy/ptII/ptolemy/data/ontologies/demo/ConstAbstractInterpretationObservable/ConstComparatorGreaterThanDemo/index.html
5882 ms. Memory: 1751040K Free: 827100K (47%)
####### 57 Wed Sep 19 02:42:19 UTC 2018 $PTII/bin/ptinvoke ptolemy.vergil.basic.export.ExportModel -force htm -run -openComposites -timeOut 30000 -whiteBackground ptolemy/data/ontologies/demo/ConstAbstractInterpretationObservable/ConstComparatorGTEDemo.xml $PTII/ptolemy/data/ontologies/demo/ConstAbstractInterpretationObservable/ConstComparatorGTEDemo
Running .ConstComparatorGTEDemo
1498 ms. Memory: 1754112K Free: 1385012K (79%)
Exported /home/travis/build/icyphy/ptII/ptolemy/data/ontologies/demo/ConstAbstractInterpretationObservable/ConstComparatorGTEDemo/index.html
5715 ms. Memory: 1754112K Free: 1310393K (75%)
####### 58 Wed Sep 19 02:42:24 UTC 2018 $PTII/bin/ptinvoke ptolemy.vergil.basic.export.ExportModel -force htm -run -openComposites -timeOut 30000 -whiteBackground ptolemy/data/ontologies/demo/ConstAbstractInterpretationObservable/ConstComparatorLessThanDemo.xml $PTII/ptolemy/data/ontologies/demo/ConstAbstractInterpretationObservable/ConstComparatorLessThanDemo
Running .ConstComparatorLessThanDemo
1188 ms. Memory: 1754112K Free: 435314K (25%)
Exported /home/travis/build/icyphy/ptII/ptolemy/data/ontologies/demo/ConstAbstractInterpretationObservable/ConstComparatorLessThanDemo/index.html
5403 ms. Memory: 1754112K Free: 358612K (20%)
####### 59 Wed Sep 19 02:42:30 UTC 2018 $PTII/bin/ptinvoke ptolemy.vergil.basic.export.ExportModel -force htm -run -openComposites -timeOut 30000 -whiteBackground ptolemy/data/ontologies/demo/ConstAbstractInterpretationObservable/ConstComparatorLTEDemo.xml $PTII/ptolemy/data/ontologies/demo/ConstAbstractInterpretationObservable/ConstComparatorLTEDemo
Running .ConstComparatorLTEDemo
1134 ms. Memory: 1771008K Free: 970001K (55%)
Exported /home/travis/build/icyphy/ptII/ptolemy/data/ontologies/demo/ConstAbstractInterpretationObservable/ConstComparatorLTEDemo/index.html
5337 ms. Memory: 1771008K Free: 893670K (50%)
####### 60 Wed Sep 19 02:42:35 UTC 2018 $PTII/bin/ptinvoke ptolemy.vergil.basic.export.ExportModel -force htm -run -openComposites -timeOut 30000 -whiteBackground ptolemy/data/ontologies/demo/ConstAbstractInterpretationObservable/ConstMultiplyDivideDemo.xml $PTII/ptolemy/data/ontologies/demo/ConstAbstractInterpretationObservable/ConstMultiplyDivideDemo
Running .ConstMultiplyDivideDemo
2023 ms. Memory: 1756672K Free: 854329K (49%)
Exported /home/travis/build/icyphy/ptII/ptolemy/data/ontologies/demo/ConstAbstractInterpretationObservable/ConstMultiplyDivideDemo/index.html
6213 ms. Memory: 1756672K Free: 752756K (43%)
####### 61 Wed Sep 19 02:42:41 UTC 2018 $PTII/bin/ptinvoke ptolemy.vergil.basic.export.ExportModel -force htm -run -openComposites -timeOut 30000 -whiteBackground ptolemy/data/ontologies/demo/ConstAbstractInterpretationObservable/ConstScaleDemo.xml $PTII/ptolemy/data/ontologies/demo/ConstAbstractInterpretationObservable/ConstScaleDemo
Running .ConstScaleDemo
1051 ms. Memory: 1729536K Free: 1322358K (76%)
Exported /home/travis/build/icyphy/ptII/ptolemy/data/ontologies/demo/ConstAbstractInterpretationObservable/ConstScaleDemo/index.html
5242 ms. Memory: 1729536K Free: 1230689K (71%)
####### 62 Wed Sep 19 02:42:46 UTC 2018 $PTII/bin/ptinvoke ptolemy.vergil.basic.export.ExportModel -force htm  -openComposites -timeOut 30000 -whiteBackground ptolemy/data/ontologies/demo/ConstNonconst/Const.xml $PTII/ptolemy/data/ontologies/demo/ConstNonconst/Const
Warning: not running ptolemy/data/ontologies/demo/ConstNonconst/Const.xml. See ptolemy/vergil/basic/export/test/junit/ExportModelJUnitTest.java
Exported /home/travis/build/icyphy/ptII/ptolemy/data/ontologies/demo/ConstNonconst/Const/index.html
3189 ms. Memory: 1729536K Free: 1057179K (61%)
####### 63 Wed Sep 19 02:42:50 UTC 2018 $PTII/bin/ptinvoke ptolemy.vergil.basic.export.ExportModel -force htm -run -openComposites -timeOut 30000 -whiteBackground ptolemy/data/ontologies/demo/ConstNonconst/ConstNonconst.xml $PTII/ptolemy/data/ontologies/demo/ConstNonconst/ConstNonconst
Running .ConstNonconst
324 ms. Memory: 1729536K Free: 744469K (43%)
Exported /home/travis/build/icyphy/ptII/ptolemy/data/ontologies/demo/ConstNonconst/ConstNonconst/index.html
4554 ms. Memory: 1729536K Free: 684719K (40%)
####### 64 Wed Sep 19 02:42:54 UTC 2018 $PTII/bin/ptinvoke ptolemy.vergil.basic.export.ExportModel -force htm -run -openComposites -timeOut 30000 -whiteBackground ptolemy/data/ontologies/demo/ConstPropagation/BooleanSwitchDemoProductLattice.xml $PTII/ptolemy/data/ontologies/demo/ConstPropagation/BooleanSwitchDemoProductLattice
Running .BooleanSwitchDemoProductLattice
1385 ms. Memory: 1762304K Free: 1264563K (72%)
Exported /home/travis/build/icyphy/ptII/ptolemy/data/ontologies/demo/ConstPropagation/BooleanSwitchDemoProductLattice/index.html
5823 ms. Memory: 1762304K Free: 1184271K (67%)
####### 65 Wed Sep 19 02:43:00 UTC 2018 $PTII/bin/ptinvoke ptolemy.vergil.basic.export.ExportModel -force htm -run -openComposites -timeOut 30000 -whiteBackground ptolemy/data/ontologies/demo/ConstPropagation/ConstComparatorEqualToDemo.xml $PTII/ptolemy/data/ontologies/demo/ConstPropagation/ConstComparatorEqualToDemo
Running .ConstComparatorEqualToDemo
2097 ms. Memory: 1757696K Free: 1453567K (83%)
Exported /home/travis/build/icyphy/ptII/ptolemy/data/ontologies/demo/ConstPropagation/ConstComparatorEqualToDemo/index.html
6325 ms. Memory: 1757696K Free: 1374593K (78%)
####### 66 Wed Sep 19 02:43:06 UTC 2018 $PTII/bin/ptinvoke ptolemy.vergil.basic.export.ExportModel -force htm -run -openComposites -timeOut 30000 -whiteBackground ptolemy/data/ontologies/demo/ConstPropagation/ConstComparatorGreaterThanDemo.xml $PTII/ptolemy/data/ontologies/demo/ConstPropagation/ConstComparatorGreaterThanDemo
Running .ConstComparatorGreaterThanDemo
1882 ms. Memory: 1757696K Free: 303762K (17%)
Exported /home/travis/build/icyphy/ptII/ptolemy/data/ontologies/demo/ConstPropagation/ConstComparatorGreaterThanDemo/index.html
6200 ms. Memory: 1757696K Free: 220827K (13%)
####### 67 Wed Sep 19 02:43:13 UTC 2018 $PTII/bin/ptinvoke ptolemy.vergil.basic.export.ExportModel -force htm -run -openComposites -timeOut 30000 -whiteBackground ptolemy/data/ontologies/demo/ConstPropagation/ConstMultiplyDivideDemo.xml $PTII/ptolemy/data/ontologies/demo/ConstPropagation/ConstMultiplyDivideDemo
Running .ConstMultiplyDivideDemo
2391 ms. Memory: 1707520K Free: 1436532K (84%)
Exported /home/travis/build/icyphy/ptII/ptolemy/data/ontologies/demo/ConstPropagation/ConstMultiplyDivideDemo/index.html
7117 ms. Memory: 1707520K Free: 1319118K (77%)
####### 68 Wed Sep 19 02:43:20 UTC 2018 $PTII/bin/ptinvoke ptolemy.vergil.basic.export.ExportModel -force htm  -openComposites -timeOut 30000 -whiteBackground ptolemy/data/ontologies/demo/ConstPropagation/ConstPropagation.xml $PTII/ptolemy/data/ontologies/demo/ConstPropagation/ConstPropagation
Warning: not running ptolemy/data/ontologies/demo/ConstPropagation/ConstPropagation.xml. See ptolemy/vergil/basic/export/test/junit/ExportModelJUnitTest.java
Exported /home/travis/build/icyphy/ptII/ptolemy/data/ontologies/demo/ConstPropagation/ConstPropagation/index.html
3130 ms. Memory: 1707520K Free: 1168272K (68%)
####### 69 Wed Sep 19 02:43:23 UTC 2018 $PTII/bin/ptinvoke ptolemy.vergil.basic.export.ExportModel -force htm -run -openComposites -timeOut 30000 -whiteBackground ptolemy/data/ontologies/demo/ConstPropagation/ConstPropagationAbsIntObservableReachableProductSolverModel.xml $PTII/ptolemy/data/ontologies/demo/ConstPropagation/ConstPropagationAbsIntObservableReachableProductSolverModel
.ConstPropagationAbsIntObservableReachableProductSolverModel is a ptolemy.data.ontologies.OntologySolverModel not a TypedCompositeActor, so it cannot be run.
Exported /home/travis/build/icyphy/ptII/ptolemy/data/ontologies/demo/ConstPropagation/ConstPropagationAbsIntObservableReachableProductSolverModel/index.html
4577 ms. Memory: 1707520K Free: 628075K (37%)
####### 70 Wed Sep 19 02:43:27 UTC 2018 $PTII/bin/ptinvoke ptolemy.vergil.basic.export.ExportModel -force htm -run -openComposites -timeOut 30000 -whiteBackground ptolemy/data/ontologies/demo/ConstPropagation/ConstPropagationAbsIntScale.xml $PTII/ptolemy/data/ontologies/demo/ConstPropagation/ConstPropagationAbsIntScale
Running .ConstPropagationAbsIntScale
17 ms. Memory: 1707520K Free: 466585K (27%)
Exported /home/travis/build/icyphy/ptII/ptolemy/data/ontologies/demo/ConstPropagation/ConstPropagationAbsIntScale/index.html
4190 ms. Memory: 1707520K Free: 438859K (26%)
####### 71 Wed Sep 19 02:43:32 UTC 2018 $PTII/bin/ptinvoke ptolemy.vergil.basic.export.ExportModel -force htm -run -openComposites -timeOut 30000 -whiteBackground ptolemy/data/ontologies/demo/ConstPropagation/SimpleConstPropagationDemo.xml $PTII/ptolemy/data/ontologies/demo/ConstPropagation/SimpleConstPropagationDemo
Running .SimpleConstPropagationDemo
290 ms. Memory: 1707520K Free: 147368K (9%)
Exported /home/travis/build/icyphy/ptII/ptolemy/data/ontologies/demo/ConstPropagation/SimpleConstPropagationDemo/index.html
4455 ms. Memory: 1734144K Free: 1587595K (92%)
####### 72 Wed Sep 19 02:43:36 UTC 2018 $PTII/bin/ptinvoke ptolemy.vergil.basic.export.ExportModel -force htm -run -openComposites -timeOut 30000 -whiteBackground ptolemy/data/ontologies/demo/ConstPropagation/SimpleNonconstPropagationDemo.xml $PTII/ptolemy/data/ontologies/demo/ConstPropagation/SimpleNonconstPropagationDemo
Running .SimpleNonconstPropagationDemo
325 ms. Memory: 1734144K Free: 1281831K (74%)
Exported /home/travis/build/icyphy/ptII/ptolemy/data/ontologies/demo/ConstPropagation/SimpleNonconstPropagationDemo/index.html
4481 ms. Memory: 1734144K Free: 1227225K (71%)
####### 73 Wed Sep 19 02:43:41 UTC 2018 $PTII/bin/ptinvoke ptolemy.vergil.basic.export.ExportModel -force htm  -openComposites -timeOut 30000 -whiteBackground ptolemy/data/ontologies/demo/DimensionSystemExample/DimensionSystemExample.xml $PTII/ptolemy/data/ontologies/demo/DimensionSystemExample/DimensionSystemExample
Warning: not running ptolemy/data/ontologies/demo/DimensionSystemExample/DimensionSystemExample.xml. See ptolemy/vergil/basic/export/test/junit/ExportModelJUnitTest.java
Exported /home/travis/build/icyphy/ptII/ptolemy/data/ontologies/demo/DimensionSystemExample/DimensionSystemExample/index.html
3151 ms. Memory: 1734144K Free: 1068828K (62%)
####### 74 Wed Sep 19 02:43:44 UTC 2018 $PTII/bin/ptinvoke ptolemy.vergil.basic.export.ExportModel -force htm -run -openComposites -timeOut 30000 -whiteBackground ptolemy/data/ontologies/demo/ExceptionAnalysis/ExceptionAnalysis.xml $PTII/ptolemy/data/ontologies/demo/ExceptionAnalysis/ExceptionAnalysis
Running .ExceptionAnalysis
7 ms. Memory: 1734144K Free: 954448K (55%)
Exported /home/travis/build/icyphy/ptII/ptolemy/data/ontologies/demo/ExceptionAnalysis/ExceptionAnalysis/index.html
4186 ms. Memory: 1734144K Free: 897662K (52%)
####### 75 Wed Sep 19 02:43:48 UTC 2018 $PTII/bin/ptinvoke ptolemy.vergil.basic.export.ExportModel -force htm -run -openComposites -timeOut 30000 -whiteBackground ptolemy/data/ontologies/demo/MonotonicityAnalysis/MonotonicityAnalysis.xml $PTII/ptolemy/data/ontologies/demo/MonotonicityAnalysis/MonotonicityAnalysis
Running .MonotonicityAnalysis
107 ms. Memory: 1734144K Free: 714836K (41%)
Exported /home/travis/build/icyphy/ptII/ptolemy/data/ontologies/demo/MonotonicityAnalysis/MonotonicityAnalysis/index.html
4255 ms. Memory: 1734144K Free: 667154K (38%)
####### 76 Wed Sep 19 02:43:52 UTC 2018 $PTII/bin/ptinvoke ptolemy.vergil.basic.export.ExportModel -force htm -run -openComposites -timeOut 30000 -whiteBackground ptolemy/data/ontologies/demo/Observable/Observable.xml $PTII/ptolemy/data/ontologies/demo/Observable/Observable
Running .Observable
134 ms. Memory: 1734144K Free: 484347K (28%)
Exported /home/travis/build/icyphy/ptII/ptolemy/data/ontologies/demo/Observable/Observable/index.html
4292 ms. Memory: 1734144K Free: 441924K (25%)
####### 77 Wed Sep 19 02:43:56 UTC 2018 $PTII/bin/ptinvoke ptolemy.vergil.basic.export.ExportModel -force htm -run -openComposites -timeOut 30000 -whiteBackground ptolemy/data/ontologies/demo/ProductLattices/BooleanSwitchDemoProductLattice.xml $PTII/ptolemy/data/ontologies/demo/ProductLattices/BooleanSwitchDemoProductLattice
Running .BooleanSwitchDemoProductLattice
1991 ms. Memory: 1736192K Free: 1454412K (84%)
Exported /home/travis/build/icyphy/ptII/ptolemy/data/ontologies/demo/ProductLattices/BooleanSwitchDemoProductLattice/index.html
6363 ms. Memory: 1736192K Free: 1352917K (78%)
####### 78 Wed Sep 19 02:44:03 UTC 2018 $PTII/bin/ptinvoke ptolemy.vergil.basic.export.ExportModel -force htm -run -openComposites -timeOut 30000 -whiteBackground ptolemy/data/ontologies/demo/ProductLattices/ConstAbsIntObservableReachableProductSolverModel.xml $PTII/ptolemy/data/ontologies/demo/ProductLattices/ConstAbsIntObservableReachableProductSolverModel
.ConstAbsIntObservableReachableProductSolverModel is a ptolemy.data.ontologies.OntologySolverModel not a TypedCompositeActor, so it cannot be run.
Exported /home/travis/build/icyphy/ptII/ptolemy/data/ontologies/demo/ProductLattices/ConstAbsIntObservableReachableProductSolverModel/index.html
4463 ms. Memory: 1736192K Free: 836887K (48%)
####### 79 Wed Sep 19 02:44:07 UTC 2018 $PTII/bin/ptinvoke ptolemy.vergil.basic.export.ExportModel -force htm -run -openComposites -timeOut 30000 -whiteBackground ptolemy/data/ontologies/demo/ProductLattices/ConstMultiplyDivideDemoProductLattice.xml $PTII/ptolemy/data/ontologies/demo/ProductLattices/ConstMultiplyDivideDemoProductLattice
Running .ConstMultiplyDivideDemoProductLattice
1523 ms. Memory: 1730048K Free: 1211208K (70%)
Exported /home/travis/build/icyphy/ptII/ptolemy/data/ontologies/demo/ProductLattices/ConstMultiplyDivideDemoProductLattice/index.html
5750 ms. Memory: 1730048K Free: 1127586K (65%)
####### 80 Wed Sep 19 02:44:13 UTC 2018 $PTII/bin/ptinvoke ptolemy.vergil.basic.export.ExportModel -force htm -run -openComposites -timeOut 30000 -whiteBackground ptolemy/data/ontologies/demo/ProductLattices/ConstScaleDemoProductLattice.xml $PTII/ptolemy/data/ontologies/demo/ProductLattices/ConstScaleDemoProductLattice
Running .ConstScaleDemoProductLattice
848 ms. Memory: 1730048K Free: 335213K (19%)
Exported /home/travis/build/icyphy/ptII/ptolemy/data/ontologies/demo/ProductLattices/ConstScaleDemoProductLattice/index.html
5083 ms. Memory: 1737216K Free: 1613805K (93%)
####### 81 Wed Sep 19 02:44:18 UTC 2018 $PTII/bin/ptinvoke ptolemy.vergil.basic.export.ExportModel -force htm  -openComposites -timeOut 30000 -whiteBackground ptolemy/data/ontologies/demo/ProductLattices/ConstScaleZeroDemoProductLattice.xml $PTII/ptolemy/data/ontologies/demo/ProductLattices/ConstScaleZeroDemoProductLattice
Warning: not running ptolemy/data/ontologies/demo/ProductLattices/ConstScaleZeroDemoProductLattice.xml. See ptolemy/vergil/basic/export/test/junit/ExportModelJUnitTest.java
Exported /home/travis/build/icyphy/ptII/ptolemy/data/ontologies/demo/ProductLattices/ConstScaleZeroDemoProductLattice/index.html
3188 ms. Memory: 1737216K Free: 1409384K (81%)
####### 82 Wed Sep 19 02:44:21 UTC 2018 $PTII/bin/ptinvoke ptolemy.vergil.basic.export.ExportModel -force htm  -openComposites -timeOut 30000 -whiteBackground ptolemy/data/ontologies/demo/ProductLattices/LatticeComposition.xml $PTII/ptolemy/data/ontologies/demo/ProductLattices/LatticeComposition
Warning: not running ptolemy/data/ontologies/demo/ProductLattices/LatticeComposition.xml. See ptolemy/vergil/basic/export/test/junit/ExportModelJUnitTest.java
Exported /home/travis/build/icyphy/ptII/ptolemy/data/ontologies/demo/ProductLattices/LatticeComposition/index.html
3201 ms. Memory: 1737216K Free: 1070492K (62%)
####### 83 Wed Sep 19 02:44:25 UTC 2018 $PTII/bin/ptinvoke ptolemy.vergil.basic.export.ExportModel -force htm -run -openComposites -timeOut 30000 -whiteBackground ptolemy/data/ontologies/demo/ProductLattices/LatticeCompositionSolverModel.xml $PTII/ptolemy/data/ontologies/demo/ProductLattices/LatticeCompositionSolverModel
.LatticeCompositionSolverModel is a ptolemy.data.ontologies.OntologySolverModel not a TypedCompositeActor, so it cannot be run.
Exported /home/travis/build/icyphy/ptII/ptolemy/data/ontologies/demo/ProductLattices/LatticeCompositionSolverModel/index.html
4455 ms. Memory: 1737216K Free: 418806K (24%)
####### 84 Wed Sep 19 02:44:29 UTC 2018 $PTII/bin/ptinvoke ptolemy.vergil.basic.export.ExportModel -force htm  -openComposites -timeOut 30000 -whiteBackground ptolemy/data/ontologies/demo/ProductLattices/ProductLattices.xml $PTII/ptolemy/data/ontologies/demo/ProductLattices/ProductLattices
Warning: not running ptolemy/data/ontologies/demo/ProductLattices/ProductLattices.xml. See ptolemy/vergil/basic/export/test/junit/ExportModelJUnitTest.java
Exported /home/travis/build/icyphy/ptII/ptolemy/data/ontologies/demo/ProductLattices/ProductLattices/index.html
3123 ms. Memory: 1733632K Free: 1661704K (96%)
####### 85 Wed Sep 19 02:44:32 UTC 2018 $PTII/bin/ptinvoke ptolemy.vergil.basic.export.ExportModel -force htm -run -openComposites -timeOut 30000 -whiteBackground ptolemy/data/ontologies/demo/ProductLattices/SimpleConstDemo.xml $PTII/ptolemy/data/ontologies/demo/ProductLattices/SimpleConstDemo
Running .SimpleConstDemo
91 ms. Memory: 1733632K Free: 1482993K (86%)
Exported /home/travis/build/icyphy/ptII/ptolemy/data/ontologies/demo/ProductLattices/SimpleConstDemo/index.html
4259 ms. Memory: 1733632K Free: 1437546K (83%)
]]></system-out>
  <system-err><![CDATA[Warning: Running an XSLT 1.0 stylesheet with an XSLT 2.0 processor
Warning: Running an XSLT 1.0 stylesheet with an XSLT 2.0 processor
Warning: Running an XSLT 1.0 stylesheet with an XSLT 2.0 processor
TransformationEditor: Ignoring clone of .Utilities beause we don't known how to import it. Exception was: ptolemy.kernel.util.NameDuplicationException: Attempt to insert object named "Utilities" into container named ".library", which already contains an object with that name.
TransformationEditor: Ignoring clone of .Directors beause we don't known how to import it. Exception was: ptolemy.kernel.util.NameDuplicationException: Attempt to insert object named "Directors" into container named ".library", which already contains an object with that name.
TransformationEditor: Ignoring clone of .Actors beause we don't known how to import it. Exception was: ptolemy.kernel.util.NameDuplicationException: Attempt to insert object named "Actors" into container named ".library", which already contains an object with that name.
TransformationEditor: Ignoring clone of .MoreLibraries beause we don't known how to import it. Exception was: ptolemy.kernel.util.NameDuplicationException: Attempt to insert object named "MoreLibraries" into container named ".library", which already contains an object with that name.
TransformationEditor: Ignoring clone of .Utilities beause we don't known how to import it. Exception was: ptolemy.kernel.util.NameDuplicationException: Attempt to insert object named "Utilities" into container named ".library", which already contains an object with that name.
TransformationEditor: Ignoring clone of .Directors beause we don't known how to import it. Exception was: ptolemy.kernel.util.NameDuplicationException: Attempt to insert object named "Directors" into container named ".library", which already contains an object with that name.
TransformationEditor: Ignoring clone of .Actors beause we don't known how to import it. Exception was: ptolemy.kernel.util.NameDuplicationException: Attempt to insert object named "Actors" into container named ".library", which already contains an object with that name.
TransformationEditor: Ignoring clone of .MoreLibraries beause we don't known how to import it. Exception was: ptolemy.kernel.util.NameDuplicationException: Attempt to insert object named "MoreLibraries" into container named ".library", which already contains an object with that name.
TransformationEditor: Ignoring clone of .Utilities beause we don't known how to import it. Exception was: ptolemy.kernel.util.NameDuplicationException: Attempt to insert object named "Utilities" into container named ".library", which already contains an object with that name.
TransformationEditor: Ignoring clone of .Directors beause we don't known how to import it. Exception was: ptolemy.kernel.util.NameDuplicationException: Attempt to insert object named "Directors" into container named ".library", which already contains an object with that name.
TransformationEditor: Ignoring clone of .Actors beause we don't known how to import it. Exception was: ptolemy.kernel.util.NameDuplicationException: Attempt to insert object named "Actors" into container named ".library", which already contains an object with that name.
TransformationEditor: Ignoring clone of .MoreLibraries beause we don't known how to import it. Exception was: ptolemy.kernel.util.NameDuplicationException: Attempt to insert object named "MoreLibraries" into container named ".library", which already contains an object with that name.
TransformationEditor: Ignoring clone of .Utilities beause we don't known how to import it. Exception was: ptolemy.kernel.util.NameDuplicationException: Attempt to insert object named "Utilities" into container named ".library", which already contains an object with that name.
TransformationEditor: Ignoring clone of .Directors beause we don't known how to import it. Exception was: ptolemy.kernel.util.NameDuplicationException: Attempt to insert object named "Directors" into container named ".library", which already contains an object with that name.
TransformationEditor: Ignoring clone of .Actors beause we don't known how to import it. Exception was: ptolemy.kernel.util.NameDuplicationException: Attempt to insert object named "Actors" into container named ".library", which already contains an object with that name.
TransformationEditor: Ignoring clone of .MoreLibraries beause we don't known how to import it. Exception was: ptolemy.kernel.util.NameDuplicationException: Attempt to insert object named "MoreLibraries" into container named ".library", which already contains an object with that name.
]]></system-err>
</testsuite>
