<?xml version="1.0" encoding="UTF-8" ?>
<testsuite errors="0" failures="0" hostname="travis-job-1c6560bb-4901-4970-b542-733f5326be05" name="ptolemy.domains.de.test.junit.JUnitTclTest" skipped="0" tests="101" time="122.871" timestamp="2020-08-14T15:26:20">
  <properties>
[...]
</properties>
  <testcase classname="ptolemy.util.test.junit.TclTests" name="[0] /home/travis/build/icyphy/ptII/ptolemy/domains/de/test/DependencyLoop.tcl (RunTclFile)" time="1.061" />
  <testcase classname="ptolemy.util.test.junit.TclTests" name="[1] /home/travis/build/icyphy/ptII/ptolemy/domains/de/test/RunDETestsAsQSS.tcl (RunTclFile)" time="83.27" />
  <testcase classname="ptolemy.util.test.junit.AutoKnownFailedTests" name="[0] /home/travis/build/icyphy/ptII/ptolemy/domains/de/test/auto/knownFailedTests/DESDFClockTest.xml (RunModel)" time="2.034" />
  <testcase classname="ptolemy.util.test.junit.AutoKnownFailedTests" name="[1] /home/travis/build/icyphy/ptII/ptolemy/domains/de/test/auto/knownFailedTests/DirectFeedback.xml (RunModel)" time="0.016" />
  <testcase classname="ptolemy.util.test.junit.AutoKnownFailedTests" name="[2] /home/travis/build/icyphy/ptII/ptolemy/domains/de/test/auto/knownFailedTests/FSMSource.xml (RunModel)" time="0.025" />
  <testcase classname="ptolemy.util.test.junit.AutoKnownFailedTests" name="[3] /home/travis/build/icyphy/ptII/ptolemy/domains/de/test/auto/knownFailedTests/HierarchicalModel.xml (RunModel)" time="0.049" />
  <testcase classname="ptolemy.util.test.junit.AutoKnownFailedTests" name="[4] /home/travis/build/icyphy/ptII/ptolemy/domains/de/test/auto/knownFailedTests/dependencyLoop.xml (RunModel)" time="0.044" />
  <testcase classname="ptolemy.util.test.junit.AutoKnownFailedTests" name="[5] /home/travis/build/icyphy/ptII/ptolemy/domains/de/test/auto/knownFailedTests/dependencyLoop2.xml (RunModel)" time="0.046" />
  <testcase classname="ptolemy.util.test.junit.AutoNameArchTests" name="[0] ThereAreNoAutoArchTests (RunModel)" time="0.001" />
  <testcase classname="ptolemy.util.test.junit.AutoTests" name="[0] /home/travis/build/icyphy/ptII/ptolemy/domains/de/test/auto/ActorDepthCalculation_actorWithoutPorts.xml (RunModel)" time="0.031" />
  <testcase classname="ptolemy.util.test.junit.AutoTests" name="[1] /home/travis/build/icyphy/ptII/ptolemy/domains/de/test/auto/AssemblyLine.xml (RunModel)" time="0.023" />
  <testcase classname="ptolemy.util.test.junit.AutoTests" name="[2] /home/travis/build/icyphy/ptII/ptolemy/domains/de/test/auto/CQBug1.xml (RunModel)" time="0.015" />
  <testcase classname="ptolemy.util.test.junit.AutoTests" name="[3] /home/travis/build/icyphy/ptII/ptolemy/domains/de/test/auto/CancelFireAt.xml (RunModel)" time="0.032" />
  <testcase classname="ptolemy.util.test.junit.AutoTests" name="[4] /home/travis/build/icyphy/ptII/ptolemy/domains/de/test/auto/CausalityAndComposabilityAnalysis.xml (RunModel)" time="0.018" />
  <testcase classname="ptolemy.util.test.junit.AutoTests" name="[5] /home/travis/build/icyphy/ptII/ptolemy/domains/de/test/auto/CausalityInterface1.xml (RunModel)" time="0.015" />
  <testcase classname="ptolemy.util.test.junit.AutoTests" name="[6] /home/travis/build/icyphy/ptII/ptolemy/domains/de/test/auto/CausalityInterface15.xml (RunModel)" time="0.014" />
  <testcase classname="ptolemy.util.test.junit.AutoTests" name="[7] /home/travis/build/icyphy/ptII/ptolemy/domains/de/test/auto/CausalityInterface2.xml (RunModel)" time="0.015" />
  <testcase classname="ptolemy.util.test.junit.AutoTests" name="[8] /home/travis/build/icyphy/ptII/ptolemy/domains/de/test/auto/CausalityInterface3.xml (RunModel)" time="0.015" />
  <testcase classname="ptolemy.util.test.junit.AutoTests" name="[9] /home/travis/build/icyphy/ptII/ptolemy/domains/de/test/auto/ClockDrift.xml (RunModel)" time="0.038" />
  <testcase classname="ptolemy.util.test.junit.AutoTests" name="[10] /home/travis/build/icyphy/ptII/ptolemy/domains/de/test/auto/ClockDriftAndValueChange.xml (RunModel)" time="0.03" />
  <testcase classname="ptolemy.util.test.junit.AutoTests" name="[11] /home/travis/build/icyphy/ptII/ptolemy/domains/de/test/auto/ClockDriftChange.xml (RunModel)" time="0.034" />
  <testcase classname="ptolemy.util.test.junit.AutoTests" name="[12] /home/travis/build/icyphy/ptII/ptolemy/domains/de/test/auto/ComposableCausalityAnalysis.xml (RunModel)" time="0.02" />
  <testcase classname="ptolemy.util.test.junit.AutoTests" name="[13] /home/travis/build/icyphy/ptII/ptolemy/domains/de/test/auto/DEFixedPointLimitation.xml (RunModel)" time="0.009" />
  <testcase classname="ptolemy.util.test.junit.AutoTests" name="[14] /home/travis/build/icyphy/ptII/ptolemy/domains/de/test/auto/DEScheduleTest.xml (RunModel)" time="0.014" />
  <testcase classname="ptolemy.util.test.junit.AutoTests" name="[15] /home/travis/build/icyphy/ptII/ptolemy/domains/de/test/auto/DEinDEwithStartTimes.xml (RunModel)" time="0.015" />
  <testcase classname="ptolemy.util.test.junit.AutoTests" name="[16] /home/travis/build/icyphy/ptII/ptolemy/domains/de/test/auto/DEinDEwithStartTimes2.xml (RunModel)" time="0.016" />
  <testcase classname="ptolemy.util.test.junit.AutoTests" name="[17] /home/travis/build/icyphy/ptII/ptolemy/domains/de/test/auto/DateDemo.xml (RunModel)" time="0.027" />
  <testcase classname="ptolemy.util.test.junit.AutoTests" name="[18] /home/travis/build/icyphy/ptII/ptolemy/domains/de/test/auto/DateToEvent.xml (RunModel)" time="2.038" />
  <testcase classname="ptolemy.util.test.junit.AutoTests" name="[19] /home/travis/build/icyphy/ptII/ptolemy/domains/de/test/auto/DepthTest1.xml (RunModel)" time="0.01" />
  <testcase classname="ptolemy.util.test.junit.AutoTests" name="[20] /home/travis/build/icyphy/ptII/ptolemy/domains/de/test/auto/DepthTest2.xml (RunModel)" time="0.017" />
  <testcase classname="ptolemy.util.test.junit.AutoTests" name="[21] /home/travis/build/icyphy/ptII/ptolemy/domains/de/test/auto/DepthTest3.xml (RunModel)" time="0.01" />
  <testcase classname="ptolemy.util.test.junit.AutoTests" name="[22] /home/travis/build/icyphy/ptII/ptolemy/domains/de/test/auto/DepthTest4.xml (RunModel)" time="0.018" />
  <testcase classname="ptolemy.util.test.junit.AutoTests" name="[23] /home/travis/build/icyphy/ptII/ptolemy/domains/de/test/auto/DepthTest5.xml (RunModel)" time="0.015" />
  <testcase classname="ptolemy.util.test.junit.AutoTests" name="[24] /home/travis/build/icyphy/ptII/ptolemy/domains/de/test/auto/DepthTest6.xml (RunModel)" time="0.014" />
  <testcase classname="ptolemy.util.test.junit.AutoTests" name="[25] /home/travis/build/icyphy/ptII/ptolemy/domains/de/test/auto/DepthTest7.xml (RunModel)" time="0.014" />
  <testcase classname="ptolemy.util.test.junit.AutoTests" name="[26] /home/travis/build/icyphy/ptII/ptolemy/domains/de/test/auto/EventToDate.xml (RunModel)" time="3.04" />
  <testcase classname="ptolemy.util.test.junit.AutoTests" name="[27] /home/travis/build/icyphy/ptII/ptolemy/domains/de/test/auto/FSM1.xml (RunModel)" time="0.036" />
  <testcase classname="ptolemy.util.test.junit.AutoTests" name="[28] /home/travis/build/icyphy/ptII/ptolemy/domains/de/test/auto/FSM7.xml (RunModel)" time="0.045" />
  <testcase classname="ptolemy.util.test.junit.AutoTests" name="[29] /home/travis/build/icyphy/ptII/ptolemy/domains/de/test/auto/Inspection.xml (RunModel)" time="0.042" />
  <testcase classname="ptolemy.util.test.junit.AutoTests" name="[30] /home/travis/build/icyphy/ptII/ptolemy/domains/de/test/auto/Iteration.xml (RunModel)" time="0.026" />
  <testcase classname="ptolemy.util.test.junit.AutoTests" name="[31] /home/travis/build/icyphy/ptII/ptolemy/domains/de/test/auto/LineFault.xml (RunModel)" time="0.526" />
  <testcase classname="ptolemy.util.test.junit.AutoTests" name="[32] /home/travis/build/icyphy/ptII/ptolemy/domains/de/test/auto/MergeModel1Add.xml (RunModel)" time="0.053" />
  <testcase classname="ptolemy.util.test.junit.AutoTests" name="[33] /home/travis/build/icyphy/ptII/ptolemy/domains/de/test/auto/MergeModel2Add.xml (RunModel)" time="0.036" />
  <testcase classname="ptolemy.util.test.junit.AutoTests" name="[34] /home/travis/build/icyphy/ptII/ptolemy/domains/de/test/auto/MergeModel3Add.xml (RunModel)" time="0.045" />
  <testcase classname="ptolemy.util.test.junit.AutoTests" name="[35] /home/travis/build/icyphy/ptII/ptolemy/domains/de/test/auto/MergeWithoutDiscard.xml (RunModel)" time="0.015" />
  <testcase classname="ptolemy.util.test.junit.AutoTests" name="[36] /home/travis/build/icyphy/ptII/ptolemy/domains/de/test/auto/Modal1.xml (RunModel)" time="0.034" />
  <testcase classname="ptolemy.util.test.junit.AutoTests" name="[37] /home/travis/build/icyphy/ptII/ptolemy/domains/de/test/auto/Modal2.xml (RunModel)" time="0.026" />
  <testcase classname="ptolemy.util.test.junit.AutoTests" name="[38] /home/travis/build/icyphy/ptII/ptolemy/domains/de/test/auto/Modal3.xml (RunModel)" time="0.035" />
  <testcase classname="ptolemy.util.test.junit.AutoTests" name="[39] /home/travis/build/icyphy/ptII/ptolemy/domains/de/test/auto/Modal4.xml (RunModel)" time="0.03" />
  <testcase classname="ptolemy.util.test.junit.AutoTests" name="[40] /home/travis/build/icyphy/ptII/ptolemy/domains/de/test/auto/Modal5.xml (RunModel)" time="0.032" />
  <testcase classname="ptolemy.util.test.junit.AutoTests" name="[41] /home/travis/build/icyphy/ptII/ptolemy/domains/de/test/auto/Modal6.xml (RunModel)" time="0.03" />
  <testcase classname="ptolemy.util.test.junit.AutoTests" name="[42] /home/travis/build/icyphy/ptII/ptolemy/domains/de/test/auto/Modal7.xml (RunModel)" time="0.033" />
  <testcase classname="ptolemy.util.test.junit.AutoTests" name="[43] /home/travis/build/icyphy/ptII/ptolemy/domains/de/test/auto/ModalModel.xml (RunModel)" time="0.151" />
  <testcase classname="ptolemy.util.test.junit.AutoTests" name="[44] /home/travis/build/icyphy/ptII/ptolemy/domains/de/test/auto/ModalSource.xml (RunModel)" time="0.026" />
  <testcase classname="ptolemy.util.test.junit.AutoTests" name="[45] /home/travis/build/icyphy/ptII/ptolemy/domains/de/test/auto/NonInterruptibleTimerZeroDelay.xml (RunModel)" time="0.011" />
  <testcase classname="ptolemy.util.test.junit.AutoTests" name="[46] /home/travis/build/icyphy/ptII/ptolemy/domains/de/test/auto/OpenQueueingNetwork.xml (RunModel)" time="2.383" />
  <testcase classname="ptolemy.util.test.junit.AutoTests" name="[47] /home/travis/build/icyphy/ptII/ptolemy/domains/de/test/auto/OpenQueuingNetwork.xml (RunModel)" time="0.269" />
  <testcase classname="ptolemy.util.test.junit.AutoTests" name="[48] /home/travis/build/icyphy/ptII/ptolemy/domains/de/test/auto/PeriodicSampler.xml (RunModel)" time="0.013" />
  <testcase classname="ptolemy.util.test.junit.AutoTests" name="[49] /home/travis/build/icyphy/ptII/ptolemy/domains/de/test/auto/PersistentIO.xml (RunModel)" time="0.023" />
  <testcase classname="ptolemy.util.test.junit.AutoTests" name="[50] /home/travis/build/icyphy/ptII/ptolemy/domains/de/test/auto/PortParameterResetOnInitialize.xml (RunModel)" time="0.009" />
  <testcase classname="ptolemy.util.test.junit.AutoTests" name="[51] /home/travis/build/icyphy/ptII/ptolemy/domains/de/test/auto/PortParameterUpdates.xml (RunModel)" time="0.017" />
  <testcase classname="ptolemy.util.test.junit.AutoTests" name="[52] /home/travis/build/icyphy/ptII/ptolemy/domains/de/test/auto/QueueAndServer.xml (RunModel)" time="0.02" />
  <testcase classname="ptolemy.util.test.junit.AutoTests" name="[53] /home/travis/build/icyphy/ptII/ptolemy/domains/de/test/auto/Records.xml (RunModel)" time="0.014" />
  <testcase classname="ptolemy.util.test.junit.AutoTests" name="[54] /home/travis/build/icyphy/ptII/ptolemy/domains/de/test/auto/ResetTransitionWithStartTime1.xml (RunModel)" time="0.019" />
  <testcase classname="ptolemy.util.test.junit.AutoTests" name="[55] /home/travis/build/icyphy/ptII/ptolemy/domains/de/test/auto/ResetTransitionWithStartTime2.xml (RunModel)" time="0.017" />
  <testcase classname="ptolemy.util.test.junit.AutoTests" name="[56] /home/travis/build/icyphy/ptII/ptolemy/domains/de/test/auto/ResetTransitionWithStartTime3.xml (RunModel)" time="0.022" />
  <testcase classname="ptolemy.util.test.junit.AutoTests" name="[57] /home/travis/build/icyphy/ptII/ptolemy/domains/de/test/auto/ResetTransitionWithStartTime4.xml (RunModel)" time="0.02" />
  <testcase classname="ptolemy.util.test.junit.AutoTests" name="[58] /home/travis/build/icyphy/ptII/ptolemy/domains/de/test/auto/ResettableTimer1.xml (RunModel)" time="0.01" />
  <testcase classname="ptolemy.util.test.junit.AutoTests" name="[59] /home/travis/build/icyphy/ptII/ptolemy/domains/de/test/auto/ResettableTimer2.xml (RunModel)" time="0.011" />
  <testcase classname="ptolemy.util.test.junit.AutoTests" name="[60] /home/travis/build/icyphy/ptII/ptolemy/domains/de/test/auto/ResettableTimer3.xml (RunModel)" time="0.009" />
  <testcase classname="ptolemy.util.test.junit.AutoTests" name="[61] /home/travis/build/icyphy/ptII/ptolemy/domains/de/test/auto/ResettableTimer4.xml (RunModel)" time="0.009" />
  <testcase classname="ptolemy.util.test.junit.AutoTests" name="[62] /home/travis/build/icyphy/ptII/ptolemy/domains/de/test/auto/ResettableTimer5.xml (RunModel)" time="0.008" />
  <testcase classname="ptolemy.util.test.junit.AutoTests" name="[63] /home/travis/build/icyphy/ptII/ptolemy/domains/de/test/auto/ResettableTimer6.xml (RunModel)" time="0.008" />
  <testcase classname="ptolemy.util.test.junit.AutoTests" name="[64] /home/travis/build/icyphy/ptII/ptolemy/domains/de/test/auto/ServerZeroDelay.xml (RunModel)" time="0.013" />
  <testcase classname="ptolemy.util.test.junit.AutoTests" name="[65] /home/travis/build/icyphy/ptII/ptolemy/domains/de/test/auto/SmartSender.xml (RunModel)" time="3.009" />
  <testcase classname="ptolemy.util.test.junit.AutoTests" name="[66] /home/travis/build/icyphy/ptII/ptolemy/domains/de/test/auto/ThreadedComposite.xml (RunModel)" time="0.12" />
  <testcase classname="ptolemy.util.test.junit.AutoTests" name="[67] /home/travis/build/icyphy/ptII/ptolemy/domains/de/test/auto/Time.xml (RunModel)" time="0.372" />
  <testcase classname="ptolemy.util.test.junit.AutoTests" name="[68] /home/travis/build/icyphy/ptII/ptolemy/domains/de/test/auto/TimeDelayZeroDelay.xml (RunModel)" time="0.013" />
  <testcase classname="ptolemy.util.test.junit.AutoTests" name="[69] /home/travis/build/icyphy/ptII/ptolemy/domains/de/test/auto/TimerZeroDelay.xml (RunModel)" time="0.014" />
  <testcase classname="ptolemy.util.test.junit.AutoTests" name="[70] /home/travis/build/icyphy/ptII/ptolemy/domains/de/test/auto/TimingParadox.xml (RunModel)" time="0.31" />
  <testcase classname="ptolemy.util.test.junit.AutoTests" name="[71] /home/travis/build/icyphy/ptII/ptolemy/domains/de/test/auto/TransferInputs.xml (RunModel)" time="0.012" />
  <testcase classname="ptolemy.util.test.junit.AutoTests" name="[72] /home/travis/build/icyphy/ptII/ptolemy/domains/de/test/auto/TransferOutputs2.xml (RunModel)" time="0.014" />
  <testcase classname="ptolemy.util.test.junit.AutoTests" name="[73] /home/travis/build/icyphy/ptII/ptolemy/domains/de/test/auto/Trilateration.xml (RunModel)" time="10.402" />
  <testcase classname="ptolemy.util.test.junit.AutoTests" name="[74] /home/travis/build/icyphy/ptII/ptolemy/domains/de/test/auto/TwoSigmaDelta.xml (RunModel)" time="1.791" />
  <testcase classname="ptolemy.util.test.junit.AutoTests" name="[75] /home/travis/build/icyphy/ptII/ptolemy/domains/de/test/auto/VariableDelay.xml (RunModel)" time="0.015" />
  <testcase classname="ptolemy.util.test.junit.AutoTests" name="[76] /home/travis/build/icyphy/ptII/ptolemy/domains/de/test/auto/VariableDelay2.xml (RunModel)" time="0.015" />
  <testcase classname="ptolemy.util.test.junit.AutoTests" name="[77] /home/travis/build/icyphy/ptII/ptolemy/domains/de/test/auto/VariableDelayZeroDelay.xml (RunModel)" time="0.012" />
  <testcase classname="ptolemy.util.test.junit.AutoTests" name="[78] /home/travis/build/icyphy/ptII/ptolemy/domains/de/test/auto/VariableDelayZeroDelay2.xml (RunModel)" time="0.01" />
  <testcase classname="ptolemy.util.test.junit.AutoTests" name="[79] /home/travis/build/icyphy/ptII/ptolemy/domains/de/test/auto/deInCt.xml (RunModel)" time="0.015" />
  <testcase classname="ptolemy.util.test.junit.AutoTests" name="[80] /home/travis/build/icyphy/ptII/ptolemy/domains/de/test/auto/deInCt2.xml (RunModel)" time="0.013" />
  <testcase classname="ptolemy.util.test.junit.AutoTests" name="[81] /home/travis/build/icyphy/ptII/ptolemy/domains/de/test/auto/dynamicCausalityInterface1.xml (RunModel)" time="0.021" />
  <testcase classname="ptolemy.util.test.junit.AutoTests" name="[82] /home/travis/build/icyphy/ptII/ptolemy/domains/de/test/auto/fsm_de_test.xml (RunModel)" time="0.024" />
  <testcase classname="ptolemy.util.test.junit.AutoTests" name="[83] /home/travis/build/icyphy/ptII/ptolemy/domains/de/test/auto/functionDependencyReconstruction.xml (RunModel)" time="0.034" />
  <testcase classname="ptolemy.util.test.junit.AutoTests" name="[84] /home/travis/build/icyphy/ptII/ptolemy/domains/de/test/auto/multirate.xml (RunModel)" time="0.014" />
  <testcase classname="ptolemy.util.test.junit.AutoTests" name="[85] /home/travis/build/icyphy/ptII/ptolemy/domains/de/test/auto/multirate2.xml (RunModel)" time="0.015" />
  <testcase classname="ptolemy.util.test.junit.AutoTests" name="[86] /home/travis/build/icyphy/ptII/ptolemy/domains/de/test/auto/realtime.xml (RunModel)" time="10.009" />
  <testcase classname="ptolemy.util.test.junit.AutoTests" name="[87] /home/travis/build/icyphy/ptII/ptolemy/domains/de/test/auto/relationGroup.xml (RunModel)" time="0.011" />
  <testcase classname="ptolemy.util.test.junit.AutoTests" name="[88] /home/travis/build/icyphy/ptII/ptolemy/domains/de/test/auto/relationGroup2.xml (RunModel)" time="0.014" />
  <testcase classname="ptolemy.util.test.junit.AutoTests" name="[89] /home/travis/build/icyphy/ptII/ptolemy/domains/de/test/auto/sortWithOpaquePorts.xml (RunModel)" time="0.013" />
  <testcase classname="ptolemy.util.test.junit.AutoTests" name="[90] /home/travis/build/icyphy/ptII/ptolemy/domains/de/test/auto/transferInputsandOutputs.xml (RunModel)" time="0.021" />
  <testcase classname="ptolemy.util.test.junit.AutoTests" name="[91] /home/travis/build/icyphy/ptII/ptolemy/domains/de/test/auto/triggerType.xml (RunModel)" time="0.02" />
  <system-out><![CDATA[/home/travis/build/icyphy/ptII/ptolemy/domains/de/test/DependencyLoop.tcl
testDefs.tcl: setting time out to 9000 seconds at Fri Aug 14 15:26:20 UTC 2020
82 ms. Memory: 129024K Free: 78278K (61%)
19 ms. Memory: 129024K Free: 60870K (47%)
/home/travis/build/icyphy/ptII/ptolemy/domains/de/test/RunDETestsAsQSS.tcl
Run the DE tests using ptolemy.domains.qss.test.QSSDirectorTest, which extends QSSDirector and prints a message in the constructors.
------------------ testing $PTII/ptolemy/domains/de/test/auto/knownFailedTests/DirectFeedback.xml (Known Failure) 
30 ms. Memory: 129024K Free: 55240K (43%)


==== $PTIIhome/travis/build/icyphy/ptII/ptolemy/domains/de/test/../../../../: Auto Automatic test in file $PTII/ptolemy/domains/de/test/auto/knownFailedTests/DirectFeedback.xml
==== Contents of test case:

	    # FIXME: we should use $relativeFilename here, but it
	    # might have backslashes under Windows, which causes no end
	    # of trouble.
	    createAndExecute $file
	    list {}
	
.... Test generated KNOWN error:
    while executing
ptolemy.kernel.util.IllegalActionException: Test fails in iteration 1.
Value was: 1.0. Should have been: 2.0
  in .DirectFeedback.Test
	at ptolemy.actor.lib.Test.fire(Test.java:268)
	at ptolemy.domains.de.kernel.DEDirector._fire(DEDirector.java:1949)
	at ptolemy.domains.de.kernel.DEDirector.fire(DEDirector.java:502)
	at ptolemy.actor.CompositeActor.fire(CompositeActor.java:455)
	at ptolemy.actor.Manager.iterate(Manager.java:851)
	at ptolemy.actor.Manager.execute(Manager.java:369)
	at ptolemy.actor.Manager.run(Manager.java:1263)
	at ptolemy.actor.Manager$PtolemyRunThread.run(Manager.java:1933)

    while executing
ptolemy.kernel.util.IllegalActionException: Test fails in iteration 1.
Value was: 1.0. Should have been: 2.0
  in .DirectFeedback.Test
    while executing
"java::new ptolemy.moml.MoMLSimpleApplication $file
"
    (procedure "createAndExecute" line 2)
    invoked from within
"createAndExecute $file"
    ("uplevel" body line 5)
    invoked from within
"uplevel $contents_of_test"
------------------ testing $PTII/ptolemy/domains/de/test/auto/knownFailedTests/dependencyLoop.xml (Known Failure) 
16 ms. Memory: 129024K Free: 52168K (40%)


==== $PTIIhome/travis/build/icyphy/ptII/ptolemy/domains/de/test/../../../../: Auto Automatic test in file $PTII/ptolemy/domains/de/test/auto/knownFailedTests/dependencyLoop.xml
==== Contents of test case:

	    # FIXME: we should use $relativeFilename here, but it
	    # might have backslashes under Windows, which causes no end
	    # of trouble.
	    createAndExecute $file
	    list {}
	
.... Test generated KNOWN error:
    while executing
ptolemy.kernel.util.IllegalActionException: Found a zero delay loop containing .dependencyLoop.original
  in .dependencyLoop and .dependencyLoop.original
	at ptolemy.actor.util.CausalityInterfaceForComposites._computeOutputPortDepth(CausalityInterfaceForComposites.java:759)
	at ptolemy.actor.util.CausalityInterfaceForComposites._computeInputDepth(CausalityInterfaceForComposites.java:696)
	at ptolemy.actor.util.CausalityInterfaceForComposites._computeOutputPortDepth(CausalityInterfaceForComposites.java:765)
	at ptolemy.actor.util.CausalityInterfaceForComposites._computeInputDepth(CausalityInterfaceForComposites.java:696)
	at ptolemy.actor.util.CausalityInterfaceForComposites._computeOutputPortDepth(CausalityInterfaceForComposites.java:765)
	at ptolemy.actor.util.CausalityInterfaceForComposites._computeInputDepth(CausalityInterfaceForComposites.java:696)
	at ptolemy.actor.util.CausalityInterfaceForComposites._computeActorDepth(CausalityInterfaceForComposites.java:532)
	at ptolemy.actor.util.CausalityInterfaceForComposites.checkForCycles(CausalityInterfaceForComposites.java:96)
	at ptolemy.domains.de.kernel.DEDirector.preinitialize(DEDirector.java:1338)
	at ptolemy.actor.CompositeActor.preinitialize(CompositeActor.java:1828)
	at ptolemy.actor.Manager.preinitializeAndResolveTypes(Manager.java:1040)
	at ptolemy.actor.Manager.initialize(Manager.java:710)
	at ptolemy.actor.Manager.execute(Manager.java:356)
	at ptolemy.actor.Manager.run(Manager.java:1263)
	at ptolemy.actor.Manager$PtolemyRunThread.run(Manager.java:1933)

    while executing
ptolemy.kernel.util.IllegalActionException: Found a zero delay loop containing .dependencyLoop.original
  in .dependencyLoop and .dependencyLoop.original
    while executing
"java::new ptolemy.moml.MoMLSimpleApplication $file
"
    (procedure "createAndExecute" line 2)
    invoked from within
"createAndExecute $file"
    ("uplevel" body line 5)
    invoked from within
"uplevel $contents_of_test"
------------------ testing $PTII/ptolemy/domains/de/test/auto/knownFailedTests/FSMSource.xml (Known Failure) 
102 ms. Memory: 129024K Free: 110911K (86%)
!!!! Auto was marked as failing, but now passes
------------------ testing $PTII/ptolemy/domains/de/test/auto/knownFailedTests/HierarchicalModel.xml (Known Failure) 
6 ms. Memory: 129024K Free: 93470K (72%)


==== $PTIIhome/travis/build/icyphy/ptII/ptolemy/domains/de/test/../../../../: Auto Automatic test in file $PTII/ptolemy/domains/de/test/auto/knownFailedTests/HierarchicalModel.xml
==== Contents of test case:

	    # FIXME: we should use $relativeFilename here, but it
	    # might have backslashes under Windows, which causes no end
	    # of trouble.
	    createAndExecute $file
	    list {}
	
.... Test generated KNOWN error:
    while executing
ptolemy.kernel.util.IllegalActionException: Found a zero delay loop containing .HierarchicalModel.A
  in .HierarchicalModel and .HierarchicalModel.A
	at ptolemy.actor.util.CausalityInterfaceForComposites._computeOutputPortDepth(CausalityInterfaceForComposites.java:759)
	at ptolemy.actor.util.CausalityInterfaceForComposites._computeInputDepth(CausalityInterfaceForComposites.java:696)
	at ptolemy.actor.util.CausalityInterfaceForComposites._computeOutputPortDepth(CausalityInterfaceForComposites.java:765)
	at ptolemy.actor.util.CausalityInterfaceForComposites._computeInputDepth(CausalityInterfaceForComposites.java:696)
	at ptolemy.actor.util.CausalityInterfaceForComposites._computeOutputPortDepth(CausalityInterfaceForComposites.java:765)
	at ptolemy.actor.util.CausalityInterfaceForComposites._computeInputDepth(CausalityInterfaceForComposites.java:696)
	at ptolemy.actor.util.CausalityInterfaceForComposites._computeActorDepth(CausalityInterfaceForComposites.java:532)
	at ptolemy.actor.util.CausalityInterfaceForComposites.checkForCycles(CausalityInterfaceForComposites.java:96)
	at ptolemy.domains.de.kernel.DEDirector.preinitialize(DEDirector.java:1338)
	at ptolemy.actor.CompositeActor.preinitialize(CompositeActor.java:1828)
	at ptolemy.actor.Manager.preinitializeAndResolveTypes(Manager.java:1040)
	at ptolemy.actor.Manager.initialize(Manager.java:710)
	at ptolemy.actor.Manager.execute(Manager.java:356)
	at ptolemy.actor.Manager.run(Manager.java:1263)
	at ptolemy.actor.Manager$PtolemyRunThread.run(Manager.java:1933)

    while executing
ptolemy.kernel.util.IllegalActionException: Found a zero delay loop containing .HierarchicalModel.A
  in .HierarchicalModel and .HierarchicalModel.A
    while executing
"java::new ptolemy.moml.MoMLSimpleApplication $file
"
    (procedure "createAndExecute" line 2)
    invoked from within
"createAndExecute $file"
    ("uplevel" body line 5)
    invoked from within
"uplevel $contents_of_test"
------------------ testing $PTII/ptolemy/domains/de/test/auto/knownFailedTests/dependencyLoop2.xml (Known Failure) 
4 ms. Memory: 129024K Free: 77465K (60%)


==== $PTIIhome/travis/build/icyphy/ptII/ptolemy/domains/de/test/../../../../: Auto Automatic test in file $PTII/ptolemy/domains/de/test/auto/knownFailedTests/dependencyLoop2.xml
==== Contents of test case:

	    # FIXME: we should use $relativeFilename here, but it
	    # might have backslashes under Windows, which causes no end
	    # of trouble.
	    createAndExecute $file
	    list {}
	
.... Test generated KNOWN error:
    while executing
ptolemy.kernel.util.IllegalActionException: Found a zero delay loop containing .dependencyLoop2.original
  in .dependencyLoop2 and .dependencyLoop2.original
	at ptolemy.actor.util.CausalityInterfaceForComposites._computeOutputPortDepth(CausalityInterfaceForComposites.java:759)
	at ptolemy.actor.util.CausalityInterfaceForComposites._computeInputDepth(CausalityInterfaceForComposites.java:696)
	at ptolemy.actor.util.CausalityInterfaceForComposites._computeOutputPortDepth(CausalityInterfaceForComposites.java:765)
	at ptolemy.actor.util.CausalityInterfaceForComposites._computeInputDepth(CausalityInterfaceForComposites.java:696)
	at ptolemy.actor.util.CausalityInterfaceForComposites._computeOutputPortDepth(CausalityInterfaceForComposites.java:765)
	at ptolemy.actor.util.CausalityInterfaceForComposites._computeInputDepth(CausalityInterfaceForComposites.java:696)
	at ptolemy.actor.util.CausalityInterfaceForComposites._computeActorDepth(CausalityInterfaceForComposites.java:532)
	at ptolemy.actor.util.CausalityInterfaceForComposites.checkForCycles(CausalityInterfaceForComposites.java:96)
	at ptolemy.domains.de.kernel.DEDirector.preinitialize(DEDirector.java:1338)
	at ptolemy.actor.CompositeActor.preinitialize(CompositeActor.java:1828)
	at ptolemy.actor.Manager.preinitializeAndResolveTypes(Manager.java:1040)
	at ptolemy.actor.Manager.initialize(Manager.java:710)
	at ptolemy.actor.Manager.execute(Manager.java:356)
	at ptolemy.actor.Manager.run(Manager.java:1263)
	at ptolemy.actor.Manager$PtolemyRunThread.run(Manager.java:1933)

    while executing
ptolemy.kernel.util.IllegalActionException: Found a zero delay loop containing .dependencyLoop2.original
  in .dependencyLoop2 and .dependencyLoop2.original
    while executing
"java::new ptolemy.moml.MoMLSimpleApplication $file
"
    (procedure "createAndExecute" line 2)
    invoked from within
"createAndExecute $file"
    ("uplevel" body line 5)
    invoked from within
"uplevel $contents_of_test"
------------------ testing $PTII/ptolemy/domains/de/test/auto/knownFailedTests/DESDFClockTest.xml (Known Failure) 
2063 ms. Memory: 129024K Free: 108290K (84%)


==== $PTIIhome/travis/build/icyphy/ptII/ptolemy/domains/de/test/../../../../: Auto Automatic test in file $PTII/ptolemy/domains/de/test/auto/knownFailedTests/DESDFClockTest.xml
==== Contents of test case:

	    # FIXME: we should use $relativeFilename here, but it
	    # might have backslashes under Windows, which causes no end
	    # of trouble.
	    createAndExecute $file
	    list {}
	
.... Test generated KNOWN error:
    while executing
ptolemy.kernel.util.IllegalActionException: Actor is not ready to fire.  Perhaps UpSample.prefire() returned false? Try debugging the actor by selecting "Listen to Actor".  Also, for SDF check moml for tokenConsumptionRate on input.
  in .DESDFClockTest.Play Bell.Copy1:SDF Director and .DESDFClockTest.Play Bell.UpSample
	at ptolemy.actor.sched.StaticSchedulingDirector.fire(StaticSchedulingDirector.java:227)
	at ptolemy.domains.sdf.kernel.SDFDirector.fire(SDFDirector.java:500)
	at ptolemy.actor.CompositeActor.fire(CompositeActor.java:455)
	at ptolemy.domains.de.kernel.DEDirector._fire(DEDirector.java:1949)
	at ptolemy.domains.de.kernel.DEDirector.fire(DEDirector.java:502)
	at ptolemy.actor.CompositeActor.fire(CompositeActor.java:455)
	at ptolemy.actor.Manager.iterate(Manager.java:851)
	at ptolemy.actor.Manager.execute(Manager.java:369)
	at ptolemy.actor.Manager.run(Manager.java:1263)
	at ptolemy.actor.Manager$PtolemyRunThread.run(Manager.java:1933)

    while executing
ptolemy.kernel.util.IllegalActionException: Actor is not ready to fire.  Perhaps UpSample.prefire() returned false? Try debugging the actor by selecting "Listen to Actor".  Also, for SDF check moml for tokenConsumptionRate on input.
  in .DESDFClockTest.Play Bell.Copy1:SDF Director and .DESDFClockTest.Play Bell.UpSample
    while executing
"java::new ptolemy.moml.MoMLSimpleApplication $file
"
    (procedure "createAndExecute" line 2)
    invoked from within
"createAndExecute $file"
    ("uplevel" body line 5)
    invoked from within
"uplevel $contents_of_test"
------------------ testing $PTII/ptolemy/domains/de/test/auto/ActorDepthCalculation_actorWithoutPorts.xml
auto.tcl: Setting watchdog for 200 seconds at Fri Aug 14 15:26:24 UTC 2020
9 ms. Memory: 129024K Free: 101122K (78%)
ptolemy.util.test.WatchDog.cancel(): canceling Fri Aug 14 15:26:24 UTC 2020
auto.tcl: Setting watchdog for 200 seconds at Fri Aug 14 15:26:24 UTC 2020
8 ms. Memory: 129024K Free: 99570K (77%)
ptolemy.util.test.WatchDog.cancel(): canceling Fri Aug 14 15:26:24 UTC 2020
------------------ testing $PTII/ptolemy/domains/de/test/auto/AssemblyLine.xml
auto.tcl: Setting watchdog for 200 seconds at Fri Aug 14 15:26:24 UTC 2020
11 ms. Memory: 51200K Free: 27483K (54%)
ptolemy.util.test.WatchDog.cancel(): canceling Fri Aug 14 15:26:24 UTC 2020
auto.tcl: Setting watchdog for 200 seconds at Fri Aug 14 15:26:24 UTC 2020
11 ms. Memory: 51200K Free: 26997K (53%)
ptolemy.util.test.WatchDog.cancel(): canceling Fri Aug 14 15:26:24 UTC 2020
------------------ testing $PTII/ptolemy/domains/de/test/auto/CQBug1.xml
auto.tcl: Setting watchdog for 200 seconds at Fri Aug 14 15:26:24 UTC 2020
3 ms. Memory: 51200K Free: 33256K (65%)
ptolemy.util.test.WatchDog.cancel(): canceling Fri Aug 14 15:26:24 UTC 2020
auto.tcl: Setting watchdog for 200 seconds at Fri Aug 14 15:26:24 UTC 2020
2 ms. Memory: 51200K Free: 32797K (64%)
ptolemy.util.test.WatchDog.cancel(): canceling Fri Aug 14 15:26:24 UTC 2020
------------------ testing $PTII/ptolemy/domains/de/test/auto/CancelFireAt.xml
auto.tcl: Setting watchdog for 200 seconds at Fri Aug 14 15:26:24 UTC 2020
4 ms. Memory: 51200K Free: 34708K (68%)
ptolemy.util.test.WatchDog.cancel(): canceling Fri Aug 14 15:26:24 UTC 2020
auto.tcl: Setting watchdog for 200 seconds at Fri Aug 14 15:26:24 UTC 2020
3 ms. Memory: 51200K Free: 34101K (67%)
ptolemy.util.test.WatchDog.cancel(): canceling Fri Aug 14 15:26:24 UTC 2020
------------------ testing $PTII/ptolemy/domains/de/test/auto/CausalityAndComposabilityAnalysis.xml
auto.tcl: Setting watchdog for 200 seconds at Fri Aug 14 15:26:24 UTC 2020
11 ms. Memory: 48128K Free: 29661K (62%)
ptolemy.util.test.WatchDog.cancel(): canceling Fri Aug 14 15:26:25 UTC 2020
auto.tcl: Setting watchdog for 200 seconds at Fri Aug 14 15:26:25 UTC 2020
5 ms. Memory: 48128K Free: 28885K (60%)
ptolemy.util.test.WatchDog.cancel(): canceling Fri Aug 14 15:26:25 UTC 2020
------------------ testing $PTII/ptolemy/domains/de/test/auto/CausalityInterface1.xml
auto.tcl: Setting watchdog for 200 seconds at Fri Aug 14 15:26:25 UTC 2020
19 ms. Memory: 48128K Free: 28352K (59%)
ptolemy.util.test.WatchDog.cancel(): canceling Fri Aug 14 15:26:25 UTC 2020
auto.tcl: Setting watchdog for 200 seconds at Fri Aug 14 15:26:25 UTC 2020
4 ms. Memory: 48128K Free: 27369K (57%)
ptolemy.util.test.WatchDog.cancel(): canceling Fri Aug 14 15:26:25 UTC 2020
------------------ testing $PTII/ptolemy/domains/de/test/auto/CausalityInterface15.xml
auto.tcl: Setting watchdog for 200 seconds at Fri Aug 14 15:26:25 UTC 2020
4 ms. Memory: 48128K Free: 28279K (59%)
ptolemy.util.test.WatchDog.cancel(): canceling Fri Aug 14 15:26:25 UTC 2020
auto.tcl: Setting watchdog for 200 seconds at Fri Aug 14 15:26:25 UTC 2020
4 ms. Memory: 48128K Free: 27333K (57%)
ptolemy.util.test.WatchDog.cancel(): canceling Fri Aug 14 15:26:25 UTC 2020
------------------ testing $PTII/ptolemy/domains/de/test/auto/CausalityInterface2.xml
auto.tcl: Setting watchdog for 200 seconds at Fri Aug 14 15:26:25 UTC 2020
6 ms. Memory: 48128K Free: 29045K (60%)
ptolemy.util.test.WatchDog.cancel(): canceling Fri Aug 14 15:26:25 UTC 2020
auto.tcl: Setting watchdog for 200 seconds at Fri Aug 14 15:26:25 UTC 2020
7 ms. Memory: 48128K Free: 27913K (58%)
ptolemy.util.test.WatchDog.cancel(): canceling Fri Aug 14 15:26:25 UTC 2020
------------------ testing $PTII/ptolemy/domains/de/test/auto/CausalityInterface3.xml
auto.tcl: Setting watchdog for 200 seconds at Fri Aug 14 15:26:25 UTC 2020
6 ms. Memory: 48128K Free: 28534K (59%)
ptolemy.util.test.WatchDog.cancel(): canceling Fri Aug 14 15:26:25 UTC 2020
auto.tcl: Setting watchdog for 200 seconds at Fri Aug 14 15:26:25 UTC 2020
3 ms. Memory: 48128K Free: 27747K (58%)
ptolemy.util.test.WatchDog.cancel(): canceling Fri Aug 14 15:26:25 UTC 2020
------------------ testing $PTII/ptolemy/domains/de/test/auto/ClockDrift.xml
auto.tcl: Setting watchdog for 200 seconds at Fri Aug 14 15:26:25 UTC 2020
71 ms. Memory: 48128K Free: 21097K (44%)
ptolemy.util.test.WatchDog.cancel(): canceling Fri Aug 14 15:26:25 UTC 2020
auto.tcl: Setting watchdog for 200 seconds at Fri Aug 14 15:26:25 UTC 2020
46 ms. Memory: 48128K Free: 18083K (38%)
ptolemy.util.test.WatchDog.cancel(): canceling Fri Aug 14 15:26:25 UTC 2020
------------------ testing $PTII/ptolemy/domains/de/test/auto/ClockDriftAndValueChange.xml
auto.tcl: Setting watchdog for 200 seconds at Fri Aug 14 15:26:25 UTC 2020
20 ms. Memory: 48128K Free: 21198K (44%)
ptolemy.util.test.WatchDog.cancel(): canceling Fri Aug 14 15:26:25 UTC 2020
auto.tcl: Setting watchdog for 200 seconds at Fri Aug 14 15:26:25 UTC 2020
16 ms. Memory: 48128K Free: 18364K (38%)
ptolemy.util.test.WatchDog.cancel(): canceling Fri Aug 14 15:26:25 UTC 2020
------------------ testing $PTII/ptolemy/domains/de/test/auto/ClockDriftChange.xml
auto.tcl: Setting watchdog for 200 seconds at Fri Aug 14 15:26:25 UTC 2020
22 ms. Memory: 48128K Free: 23247K (48%)
ptolemy.util.test.WatchDog.cancel(): canceling Fri Aug 14 15:26:25 UTC 2020
auto.tcl: Setting watchdog for 200 seconds at Fri Aug 14 15:26:25 UTC 2020
34 ms. Memory: 48128K Free: 20667K (43%)
ptolemy.util.test.WatchDog.cancel(): canceling Fri Aug 14 15:26:25 UTC 2020
------------------ testing $PTII/ptolemy/domains/de/test/auto/ComposableCausalityAnalysis.xml
auto.tcl: Setting watchdog for 200 seconds at Fri Aug 14 15:26:25 UTC 2020
2 ms. Memory: 48128K Free: 27895K (58%)
ptolemy.util.test.WatchDog.cancel(): canceling Fri Aug 14 15:26:25 UTC 2020
auto.tcl: Setting watchdog for 200 seconds at Fri Aug 14 15:26:25 UTC 2020
5 ms. Memory: 48128K Free: 26848K (56%)
ptolemy.util.test.WatchDog.cancel(): canceling Fri Aug 14 15:26:25 UTC 2020
------------------ testing $PTII/ptolemy/domains/de/test/auto/DEFixedPointLimitation.xml
auto.tcl: Setting watchdog for 200 seconds at Fri Aug 14 15:26:26 UTC 2020
3 ms. Memory: 48128K Free: 29235K (61%)
ptolemy.util.test.WatchDog.cancel(): canceling Fri Aug 14 15:26:26 UTC 2020
auto.tcl: Setting watchdog for 200 seconds at Fri Aug 14 15:26:26 UTC 2020
2 ms. Memory: 48128K Free: 28310K (59%)
ptolemy.util.test.WatchDog.cancel(): canceling Fri Aug 14 15:26:26 UTC 2020
------------------ testing $PTII/ptolemy/domains/de/test/auto/DEScheduleTest.xml
auto.tcl: Setting watchdog for 200 seconds at Fri Aug 14 15:26:26 UTC 2020
5 ms. Memory: 48128K Free: 29534K (61%)
ptolemy.util.test.WatchDog.cancel(): canceling Fri Aug 14 15:26:26 UTC 2020
auto.tcl: Setting watchdog for 200 seconds at Fri Aug 14 15:26:26 UTC 2020
3 ms. Memory: 48128K Free: 28757K (60%)
ptolemy.util.test.WatchDog.cancel(): canceling Fri Aug 14 15:26:26 UTC 2020
------------------ testing $PTII/ptolemy/domains/de/test/auto/DEinDEwithStartTimes.xml
auto.tcl: Setting watchdog for 200 seconds at Fri Aug 14 15:26:26 UTC 2020
6 ms. Memory: 48128K Free: 27684K (58%)
ptolemy.util.test.WatchDog.cancel(): canceling Fri Aug 14 15:26:26 UTC 2020
auto.tcl: Setting watchdog for 200 seconds at Fri Aug 14 15:26:26 UTC 2020
6 ms. Memory: 48128K Free: 26660K (55%)
ptolemy.util.test.WatchDog.cancel(): canceling Fri Aug 14 15:26:26 UTC 2020
------------------ testing $PTII/ptolemy/domains/de/test/auto/DEinDEwithStartTimes2.xml
auto.tcl: Setting watchdog for 200 seconds at Fri Aug 14 15:26:26 UTC 2020
10 ms. Memory: 48128K Free: 26869K (56%)
ptolemy.util.test.WatchDog.cancel(): canceling Fri Aug 14 15:26:26 UTC 2020
auto.tcl: Setting watchdog for 200 seconds at Fri Aug 14 15:26:26 UTC 2020
6 ms. Memory: 48128K Free: 25615K (53%)
ptolemy.util.test.WatchDog.cancel(): canceling Fri Aug 14 15:26:26 UTC 2020
------------------ testing $PTII/ptolemy/domains/de/test/auto/DateDemo.xml
auto.tcl: Setting watchdog for 200 seconds at Fri Aug 14 15:26:26 UTC 2020
20 ms. Memory: 48128K Free: 21257K (44%)
ptolemy.util.test.WatchDog.cancel(): canceling Fri Aug 14 15:26:26 UTC 2020
auto.tcl: Setting watchdog for 200 seconds at Fri Aug 14 15:26:26 UTC 2020
10 ms. Memory: 48128K Free: 19662K (41%)
ptolemy.util.test.WatchDog.cancel(): canceling Fri Aug 14 15:26:26 UTC 2020
------------------ testing $PTII/ptolemy/domains/de/test/auto/DateToEvent.xml
auto.tcl: Setting watchdog for 200 seconds at Fri Aug 14 15:26:26 UTC 2020
2010 ms. Memory: 48128K Free: 17179K (36%)
ptolemy.util.test.WatchDog.cancel(): canceling Fri Aug 14 15:26:28 UTC 2020
auto.tcl: Setting watchdog for 200 seconds at Fri Aug 14 15:26:28 UTC 2020
2007 ms. Memory: 48128K Free: 16211K (34%)
ptolemy.util.test.WatchDog.cancel(): canceling Fri Aug 14 15:26:30 UTC 2020
------------------ testing $PTII/ptolemy/domains/de/test/auto/DepthTest1.xml
auto.tcl: Setting watchdog for 200 seconds at Fri Aug 14 15:26:30 UTC 2020
3 ms. Memory: 48128K Free: 30327K (63%)
ptolemy.util.test.WatchDog.cancel(): canceling Fri Aug 14 15:26:30 UTC 2020
auto.tcl: Setting watchdog for 200 seconds at Fri Aug 14 15:26:30 UTC 2020
2 ms. Memory: 48128K Free: 29924K (62%)
ptolemy.util.test.WatchDog.cancel(): canceling Fri Aug 14 15:26:30 UTC 2020
------------------ testing $PTII/ptolemy/domains/de/test/auto/DepthTest2.xml
auto.tcl: Setting watchdog for 200 seconds at Fri Aug 14 15:26:30 UTC 2020
3 ms. Memory: 48128K Free: 27132K (56%)
ptolemy.util.test.WatchDog.cancel(): canceling Fri Aug 14 15:26:30 UTC 2020
auto.tcl: Setting watchdog for 200 seconds at Fri Aug 14 15:26:30 UTC 2020
2 ms. Memory: 48128K Free: 26736K (56%)
ptolemy.util.test.WatchDog.cancel(): canceling Fri Aug 14 15:26:30 UTC 2020
------------------ testing $PTII/ptolemy/domains/de/test/auto/DepthTest3.xml
auto.tcl: Setting watchdog for 200 seconds at Fri Aug 14 15:26:30 UTC 2020
2 ms. Memory: 48128K Free: 30657K (64%)
ptolemy.util.test.WatchDog.cancel(): canceling Fri Aug 14 15:26:30 UTC 2020
auto.tcl: Setting watchdog for 200 seconds at Fri Aug 14 15:26:30 UTC 2020
2 ms. Memory: 48128K Free: 30229K (63%)
ptolemy.util.test.WatchDog.cancel(): canceling Fri Aug 14 15:26:30 UTC 2020
------------------ testing $PTII/ptolemy/domains/de/test/auto/DepthTest4.xml
auto.tcl: Setting watchdog for 200 seconds at Fri Aug 14 15:26:30 UTC 2020
3 ms. Memory: 48128K Free: 29008K (60%)
ptolemy.util.test.WatchDog.cancel(): canceling Fri Aug 14 15:26:30 UTC 2020
auto.tcl: Setting watchdog for 200 seconds at Fri Aug 14 15:26:30 UTC 2020
2 ms. Memory: 48128K Free: 28265K (59%)
ptolemy.util.test.WatchDog.cancel(): canceling Fri Aug 14 15:26:30 UTC 2020
------------------ testing $PTII/ptolemy/domains/de/test/auto/DepthTest5.xml
auto.tcl: Setting watchdog for 200 seconds at Fri Aug 14 15:26:30 UTC 2020
4 ms. Memory: 48128K Free: 28405K (59%)
ptolemy.util.test.WatchDog.cancel(): canceling Fri Aug 14 15:26:30 UTC 2020
auto.tcl: Setting watchdog for 200 seconds at Fri Aug 14 15:26:30 UTC 2020
3 ms. Memory: 48128K Free: 27618K (57%)
ptolemy.util.test.WatchDog.cancel(): canceling Fri Aug 14 15:26:30 UTC 2020
------------------ testing $PTII/ptolemy/domains/de/test/auto/DepthTest6.xml
auto.tcl: Setting watchdog for 200 seconds at Fri Aug 14 15:26:30 UTC 2020
4 ms. Memory: 48128K Free: 28092K (58%)
ptolemy.util.test.WatchDog.cancel(): canceling Fri Aug 14 15:26:30 UTC 2020
auto.tcl: Setting watchdog for 200 seconds at Fri Aug 14 15:26:30 UTC 2020
4 ms. Memory: 48128K Free: 27681K (58%)
ptolemy.util.test.WatchDog.cancel(): canceling Fri Aug 14 15:26:30 UTC 2020
------------------ testing $PTII/ptolemy/domains/de/test/auto/DepthTest7.xml
auto.tcl: Setting watchdog for 200 seconds at Fri Aug 14 15:26:30 UTC 2020
3 ms. Memory: 48128K Free: 28696K (60%)
ptolemy.util.test.WatchDog.cancel(): canceling Fri Aug 14 15:26:31 UTC 2020
auto.tcl: Setting watchdog for 200 seconds at Fri Aug 14 15:26:31 UTC 2020
2 ms. Memory: 48128K Free: 27769K (58%)
ptolemy.util.test.WatchDog.cancel(): canceling Fri Aug 14 15:26:31 UTC 2020
------------------ testing $PTII/ptolemy/domains/de/test/auto/EventToDate.xml
auto.tcl: Setting watchdog for 200 seconds at Fri Aug 14 15:26:31 UTC 2020
3008 ms. Memory: 48128K Free: 19691K (41%)
ptolemy.util.test.WatchDog.cancel(): canceling Fri Aug 14 15:26:34 UTC 2020
auto.tcl: Setting watchdog for 200 seconds at Fri Aug 14 15:26:34 UTC 2020
3004 ms. Memory: 48128K Free: 19023K (40%)
ptolemy.util.test.WatchDog.cancel(): canceling Fri Aug 14 15:26:37 UTC 2020
------------------ testing $PTII/ptolemy/domains/de/test/auto/FSM1.xml
auto.tcl: Setting watchdog for 200 seconds at Fri Aug 14 15:26:37 UTC 2020
26 ms. Memory: 48128K Free: 20924K (43%)
ptolemy.util.test.WatchDog.cancel(): canceling Fri Aug 14 15:26:37 UTC 2020
auto.tcl: Setting watchdog for 200 seconds at Fri Aug 14 15:26:37 UTC 2020
37 ms. Memory: 48128K Free: 17666K (37%)
ptolemy.util.test.WatchDog.cancel(): canceling Fri Aug 14 15:26:37 UTC 2020
------------------ testing $PTII/ptolemy/domains/de/test/auto/FSM7.xml
auto.tcl: Setting watchdog for 200 seconds at Fri Aug 14 15:26:37 UTC 2020
33 ms. Memory: 48128K Free: 20637K (43%)
ptolemy.util.test.WatchDog.cancel(): canceling Fri Aug 14 15:26:37 UTC 2020
auto.tcl: Setting watchdog for 200 seconds at Fri Aug 14 15:26:37 UTC 2020
24 ms. Memory: 48128K Free: 17509K (36%)
ptolemy.util.test.WatchDog.cancel(): canceling Fri Aug 14 15:26:37 UTC 2020
------------------ testing $PTII/ptolemy/domains/de/test/auto/Inspection.xml
auto.tcl: Setting watchdog for 200 seconds at Fri Aug 14 15:26:37 UTC 2020
27 ms. Memory: 48128K Free: 20640K (43%)
ptolemy.util.test.WatchDog.cancel(): canceling Fri Aug 14 15:26:37 UTC 2020
auto.tcl: Setting watchdog for 200 seconds at Fri Aug 14 15:26:37 UTC 2020
31 ms. Memory: 48128K Free: 18917K (39%)
ptolemy.util.test.WatchDog.cancel(): canceling Fri Aug 14 15:26:37 UTC 2020
------------------ testing $PTII/ptolemy/domains/de/test/auto/Iteration.xml
auto.tcl: Setting watchdog for 200 seconds at Fri Aug 14 15:26:37 UTC 2020
8 ms. Memory: 48128K Free: 26384K (55%)
ptolemy.util.test.WatchDog.cancel(): canceling Fri Aug 14 15:26:37 UTC 2020
auto.tcl: Setting watchdog for 200 seconds at Fri Aug 14 15:26:37 UTC 2020
6 ms. Memory: 48128K Free: 24972K (52%)
ptolemy.util.test.WatchDog.cancel(): canceling Fri Aug 14 15:26:37 UTC 2020
------------------ testing $PTII/ptolemy/domains/de/test/auto/LineFault.xml
auto.tcl: Setting watchdog for 200 seconds at Fri Aug 14 15:26:37 UTC 2020
574 ms. Memory: 48128K Free: 23691K (49%)
ptolemy.util.test.WatchDog.cancel(): canceling Fri Aug 14 15:26:38 UTC 2020
auto.tcl: Setting watchdog for 200 seconds at Fri Aug 14 15:26:38 UTC 2020
580 ms. Memory: 59392K Free: 20741K (35%)
ptolemy.util.test.WatchDog.cancel(): canceling Fri Aug 14 15:26:39 UTC 2020
------------------ testing $PTII/ptolemy/domains/de/test/auto/MergeModel1Add.xml
auto.tcl: Setting watchdog for 200 seconds at Fri Aug 14 15:26:39 UTC 2020
29 ms. Memory: 55296K Free: 19547K (35%)
ptolemy.util.test.WatchDog.cancel(): canceling Fri Aug 14 15:26:39 UTC 2020
auto.tcl: Setting watchdog for 200 seconds at Fri Aug 14 15:26:39 UTC 2020
10 ms. Memory: 55296K Free: 17901K (32%)
ptolemy.util.test.WatchDog.cancel(): canceling Fri Aug 14 15:26:39 UTC 2020
------------------ testing $PTII/ptolemy/domains/de/test/auto/MergeModel2Add.xml
auto.tcl: Setting watchdog for 200 seconds at Fri Aug 14 15:26:39 UTC 2020
9 ms. Memory: 55296K Free: 21342K (39%)
ptolemy.util.test.WatchDog.cancel(): canceling Fri Aug 14 15:26:39 UTC 2020
auto.tcl: Setting watchdog for 200 seconds at Fri Aug 14 15:26:39 UTC 2020
9 ms. Memory: 55296K Free: 19624K (35%)
ptolemy.util.test.WatchDog.cancel(): canceling Fri Aug 14 15:26:39 UTC 2020
------------------ testing $PTII/ptolemy/domains/de/test/auto/MergeModel3Add.xml
auto.tcl: Setting watchdog for 200 seconds at Fri Aug 14 15:26:39 UTC 2020
9 ms. Memory: 55296K Free: 21607K (39%)
ptolemy.util.test.WatchDog.cancel(): canceling Fri Aug 14 15:26:39 UTC 2020
auto.tcl: Setting watchdog for 200 seconds at Fri Aug 14 15:26:39 UTC 2020
9 ms. Memory: 55296K Free: 20074K (36%)
ptolemy.util.test.WatchDog.cancel(): canceling Fri Aug 14 15:26:39 UTC 2020
------------------ testing $PTII/ptolemy/domains/de/test/auto/MergeWithoutDiscard.xml
auto.tcl: Setting watchdog for 200 seconds at Fri Aug 14 15:26:39 UTC 2020
2 ms. Memory: 51200K Free: 32034K (63%)
ptolemy.util.test.WatchDog.cancel(): canceling Fri Aug 14 15:26:39 UTC 2020
auto.tcl: Setting watchdog for 200 seconds at Fri Aug 14 15:26:39 UTC 2020
1 ms. Memory: 51200K Free: 31599K (62%)
ptolemy.util.test.WatchDog.cancel(): canceling Fri Aug 14 15:26:39 UTC 2020
------------------ testing $PTII/ptolemy/domains/de/test/auto/Modal1.xml
auto.tcl: Setting watchdog for 200 seconds at Fri Aug 14 15:26:39 UTC 2020
16 ms. Memory: 51200K Free: 24230K (47%)
ptolemy.util.test.WatchDog.cancel(): canceling Fri Aug 14 15:26:39 UTC 2020
auto.tcl: Setting watchdog for 200 seconds at Fri Aug 14 15:26:39 UTC 2020
25 ms. Memory: 51200K Free: 20518K (40%)
ptolemy.util.test.WatchDog.cancel(): canceling Fri Aug 14 15:26:39 UTC 2020
------------------ testing $PTII/ptolemy/domains/de/test/auto/Modal2.xml
auto.tcl: Setting watchdog for 200 seconds at Fri Aug 14 15:26:39 UTC 2020
16 ms. Memory: 51200K Free: 24103K (47%)
ptolemy.util.test.WatchDog.cancel(): canceling Fri Aug 14 15:26:39 UTC 2020
auto.tcl: Setting watchdog for 200 seconds at Fri Aug 14 15:26:39 UTC 2020
19 ms. Memory: 51200K Free: 20885K (41%)
ptolemy.util.test.WatchDog.cancel(): canceling Fri Aug 14 15:26:39 UTC 2020
------------------ testing $PTII/ptolemy/domains/de/test/auto/Modal3.xml
auto.tcl: Setting watchdog for 200 seconds at Fri Aug 14 15:26:39 UTC 2020
17 ms. Memory: 51200K Free: 24086K (47%)
ptolemy.util.test.WatchDog.cancel(): canceling Fri Aug 14 15:26:39 UTC 2020
auto.tcl: Setting watchdog for 200 seconds at Fri Aug 14 15:26:39 UTC 2020
18 ms. Memory: 51200K Free: 20495K (40%)
ptolemy.util.test.WatchDog.cancel(): canceling Fri Aug 14 15:26:39 UTC 2020
------------------ testing $PTII/ptolemy/domains/de/test/auto/Modal4.xml
auto.tcl: Setting watchdog for 200 seconds at Fri Aug 14 15:26:39 UTC 2020
34 ms. Memory: 51200K Free: 23049K (45%)
ptolemy.util.test.WatchDog.cancel(): canceling Fri Aug 14 15:26:40 UTC 2020
auto.tcl: Setting watchdog for 200 seconds at Fri Aug 14 15:26:40 UTC 2020
15 ms. Memory: 51200K Free: 19230K (38%)
ptolemy.util.test.WatchDog.cancel(): canceling Fri Aug 14 15:26:40 UTC 2020
------------------ testing $PTII/ptolemy/domains/de/test/auto/Modal5.xml
auto.tcl: Setting watchdog for 200 seconds at Fri Aug 14 15:26:40 UTC 2020
14 ms. Memory: 51200K Free: 23046K (45%)
ptolemy.util.test.WatchDog.cancel(): canceling Fri Aug 14 15:26:40 UTC 2020
auto.tcl: Setting watchdog for 200 seconds at Fri Aug 14 15:26:40 UTC 2020
14 ms. Memory: 51200K Free: 19217K (38%)
ptolemy.util.test.WatchDog.cancel(): canceling Fri Aug 14 15:26:40 UTC 2020
------------------ testing $PTII/ptolemy/domains/de/test/auto/Modal6.xml
auto.tcl: Setting watchdog for 200 seconds at Fri Aug 14 15:26:40 UTC 2020
17 ms. Memory: 51200K Free: 23861K (47%)
ptolemy.util.test.WatchDog.cancel(): canceling Fri Aug 14 15:26:40 UTC 2020
auto.tcl: Setting watchdog for 200 seconds at Fri Aug 14 15:26:40 UTC 2020
13 ms. Memory: 51200K Free: 19847K (39%)
ptolemy.util.test.WatchDog.cancel(): canceling Fri Aug 14 15:26:40 UTC 2020
------------------ testing $PTII/ptolemy/domains/de/test/auto/Modal7.xml
auto.tcl: Setting watchdog for 200 seconds at Fri Aug 14 15:26:40 UTC 2020
10 ms. Memory: 51200K Free: 22780K (44%)
ptolemy.util.test.WatchDog.cancel(): canceling Fri Aug 14 15:26:40 UTC 2020
auto.tcl: Setting watchdog for 200 seconds at Fri Aug 14 15:26:40 UTC 2020
8 ms. Memory: 51200K Free: 19216K (38%)
ptolemy.util.test.WatchDog.cancel(): canceling Fri Aug 14 15:26:40 UTC 2020
------------------ testing $PTII/ptolemy/domains/de/test/auto/ModalModel.xml
auto.tcl: Setting watchdog for 200 seconds at Fri Aug 14 15:26:40 UTC 2020
195 ms. Memory: 51200K Free: 14283K (28%)
ptolemy.util.test.WatchDog.cancel(): canceling Fri Aug 14 15:26:40 UTC 2020
auto.tcl: Setting watchdog for 200 seconds at Fri Aug 14 15:26:40 UTC 2020
205 ms. Memory: 66560K Free: 50124K (75%)
ptolemy.util.test.WatchDog.cancel(): canceling Fri Aug 14 15:26:40 UTC 2020
------------------ testing $PTII/ptolemy/domains/de/test/auto/ModalSource.xml
auto.tcl: Setting watchdog for 200 seconds at Fri Aug 14 15:26:40 UTC 2020
9 ms. Memory: 51200K Free: 27890K (54%)
ptolemy.util.test.WatchDog.cancel(): canceling Fri Aug 14 15:26:40 UTC 2020
auto.tcl: Setting watchdog for 200 seconds at Fri Aug 14 15:26:40 UTC 2020
5 ms. Memory: 51200K Free: 25842K (50%)
ptolemy.util.test.WatchDog.cancel(): canceling Fri Aug 14 15:26:40 UTC 2020
------------------ testing $PTII/ptolemy/domains/de/test/auto/NonInterruptibleTimerZeroDelay.xml
auto.tcl: Setting watchdog for 200 seconds at Fri Aug 14 15:26:41 UTC 2020
3 ms. Memory: 51200K Free: 32832K (64%)
ptolemy.util.test.WatchDog.cancel(): canceling Fri Aug 14 15:26:41 UTC 2020
auto.tcl: Setting watchdog for 200 seconds at Fri Aug 14 15:26:41 UTC 2020
2 ms. Memory: 51200K Free: 32175K (63%)
ptolemy.util.test.WatchDog.cancel(): canceling Fri Aug 14 15:26:41 UTC 2020
------------------ testing $PTII/ptolemy/domains/de/test/auto/OpenQueueingNetwork.xml
auto.tcl: Setting watchdog for 200 seconds at Fri Aug 14 15:26:41 UTC 2020
2766 ms. Memory: 141312K Free: 122021K (86%)
ptolemy.util.test.WatchDog.cancel(): canceling Fri Aug 14 15:26:43 UTC 2020
auto.tcl: Setting watchdog for 200 seconds at Fri Aug 14 15:26:43 UTC 2020
2375 ms. Memory: 169984K Free: 99431K (58%)
ptolemy.util.test.WatchDog.cancel(): canceling Fri Aug 14 15:26:46 UTC 2020
------------------ testing $PTII/ptolemy/domains/de/test/auto/OpenQueuingNetwork.xml
auto.tcl: Setting watchdog for 200 seconds at Fri Aug 14 15:26:46 UTC 2020
220 ms. Memory: 58368K Free: 31589K (54%)
ptolemy.util.test.WatchDog.cancel(): canceling Fri Aug 14 15:26:46 UTC 2020
auto.tcl: Setting watchdog for 200 seconds at Fri Aug 14 15:26:46 UTC 2020
218 ms. Memory: 58368K Free: 12491K (21%)
ptolemy.util.test.WatchDog.cancel(): canceling Fri Aug 14 15:26:46 UTC 2020
------------------ testing $PTII/ptolemy/domains/de/test/auto/PeriodicSampler.xml
auto.tcl: Setting watchdog for 200 seconds at Fri Aug 14 15:26:46 UTC 2020
3 ms. Memory: 51200K Free: 32027K (63%)
ptolemy.util.test.WatchDog.cancel(): canceling Fri Aug 14 15:26:46 UTC 2020
auto.tcl: Setting watchdog for 200 seconds at Fri Aug 14 15:26:46 UTC 2020
1 ms. Memory: 51200K Free: 31507K (62%)
ptolemy.util.test.WatchDog.cancel(): canceling Fri Aug 14 15:26:46 UTC 2020
------------------ testing $PTII/ptolemy/domains/de/test/auto/PersistentIO.xml
auto.tcl: Setting watchdog for 200 seconds at Fri Aug 14 15:26:47 UTC 2020
5 ms. Memory: 51200K Free: 26952K (53%)
ptolemy.util.test.WatchDog.cancel(): canceling Fri Aug 14 15:26:47 UTC 2020
auto.tcl: Setting watchdog for 200 seconds at Fri Aug 14 15:26:47 UTC 2020
4 ms. Memory: 51200K Free: 25432K (50%)
ptolemy.util.test.WatchDog.cancel(): canceling Fri Aug 14 15:26:47 UTC 2020
------------------ testing $PTII/ptolemy/domains/de/test/auto/PortParameterResetOnInitialize.xml
auto.tcl: Setting watchdog for 200 seconds at Fri Aug 14 15:26:47 UTC 2020
2 ms. Memory: 51200K Free: 31950K (62%)
ptolemy.util.test.WatchDog.cancel(): canceling Fri Aug 14 15:26:47 UTC 2020
auto.tcl: Setting watchdog for 200 seconds at Fri Aug 14 15:26:47 UTC 2020
2 ms. Memory: 51200K Free: 31440K (61%)
ptolemy.util.test.WatchDog.cancel(): canceling Fri Aug 14 15:26:47 UTC 2020
------------------ testing $PTII/ptolemy/domains/de/test/auto/PortParameterUpdates.xml
auto.tcl: Setting watchdog for 200 seconds at Fri Aug 14 15:26:47 UTC 2020
4 ms. Memory: 51200K Free: 30020K (59%)
ptolemy.util.test.WatchDog.cancel(): canceling Fri Aug 14 15:26:47 UTC 2020
auto.tcl: Setting watchdog for 200 seconds at Fri Aug 14 15:26:47 UTC 2020
3 ms. Memory: 51200K Free: 28996K (57%)
ptolemy.util.test.WatchDog.cancel(): canceling Fri Aug 14 15:26:47 UTC 2020
------------------ testing $PTII/ptolemy/domains/de/test/auto/QueueAndServer.xml
auto.tcl: Setting watchdog for 200 seconds at Fri Aug 14 15:26:47 UTC 2020
17 ms. Memory: 51200K Free: 28975K (57%)
ptolemy.util.test.WatchDog.cancel(): canceling Fri Aug 14 15:26:47 UTC 2020
auto.tcl: Setting watchdog for 200 seconds at Fri Aug 14 15:26:47 UTC 2020
6 ms. Memory: 51200K Free: 27441K (54%)
ptolemy.util.test.WatchDog.cancel(): canceling Fri Aug 14 15:26:47 UTC 2020
------------------ testing $PTII/ptolemy/domains/de/test/auto/Records.xml
auto.tcl: Setting watchdog for 200 seconds at Fri Aug 14 15:26:47 UTC 2020
3 ms. Memory: 51200K Free: 31183K (61%)
ptolemy.util.test.WatchDog.cancel(): canceling Fri Aug 14 15:26:47 UTC 2020
auto.tcl: Setting watchdog for 200 seconds at Fri Aug 14 15:26:47 UTC 2020
2 ms. Memory: 51200K Free: 30671K (60%)
ptolemy.util.test.WatchDog.cancel(): canceling Fri Aug 14 15:26:47 UTC 2020
------------------ testing $PTII/ptolemy/domains/de/test/auto/ResetTransitionWithStartTime1.xml
auto.tcl: Setting watchdog for 200 seconds at Fri Aug 14 15:26:47 UTC 2020
12 ms. Memory: 51200K Free: 28437K (56%)
ptolemy.util.test.WatchDog.cancel(): canceling Fri Aug 14 15:26:47 UTC 2020
auto.tcl: Setting watchdog for 200 seconds at Fri Aug 14 15:26:47 UTC 2020
6 ms. Memory: 51200K Free: 26389K (52%)
ptolemy.util.test.WatchDog.cancel(): canceling Fri Aug 14 15:26:47 UTC 2020
------------------ testing $PTII/ptolemy/domains/de/test/auto/ResetTransitionWithStartTime2.xml
auto.tcl: Setting watchdog for 200 seconds at Fri Aug 14 15:26:47 UTC 2020
6 ms. Memory: 51200K Free: 28392K (55%)
ptolemy.util.test.WatchDog.cancel(): canceling Fri Aug 14 15:26:47 UTC 2020
auto.tcl: Setting watchdog for 200 seconds at Fri Aug 14 15:26:47 UTC 2020
5 ms. Memory: 51200K Free: 26344K (51%)
ptolemy.util.test.WatchDog.cancel(): canceling Fri Aug 14 15:26:47 UTC 2020
------------------ testing $PTII/ptolemy/domains/de/test/auto/ResetTransitionWithStartTime3.xml
auto.tcl: Setting watchdog for 200 seconds at Fri Aug 14 15:26:47 UTC 2020
9 ms. Memory: 51200K Free: 28425K (56%)
ptolemy.util.test.WatchDog.cancel(): canceling Fri Aug 14 15:26:47 UTC 2020
auto.tcl: Setting watchdog for 200 seconds at Fri Aug 14 15:26:47 UTC 2020
6 ms. Memory: 51200K Free: 26340K (51%)
ptolemy.util.test.WatchDog.cancel(): canceling Fri Aug 14 15:26:47 UTC 2020
------------------ testing $PTII/ptolemy/domains/de/test/auto/ResetTransitionWithStartTime4.xml
auto.tcl: Setting watchdog for 200 seconds at Fri Aug 14 15:26:47 UTC 2020
10 ms. Memory: 51200K Free: 28815K (56%)
ptolemy.util.test.WatchDog.cancel(): canceling Fri Aug 14 15:26:47 UTC 2020
auto.tcl: Setting watchdog for 200 seconds at Fri Aug 14 15:26:47 UTC 2020
4 ms. Memory: 51200K Free: 27363K (53%)
ptolemy.util.test.WatchDog.cancel(): canceling Fri Aug 14 15:26:47 UTC 2020
------------------ testing $PTII/ptolemy/domains/de/test/auto/ResettableTimer1.xml
auto.tcl: Setting watchdog for 200 seconds at Fri Aug 14 15:26:47 UTC 2020
3 ms. Memory: 51200K Free: 32562K (64%)
ptolemy.util.test.WatchDog.cancel(): canceling Fri Aug 14 15:26:47 UTC 2020
auto.tcl: Setting watchdog for 200 seconds at Fri Aug 14 15:26:47 UTC 2020
3 ms. Memory: 51200K Free: 31935K (62%)
ptolemy.util.test.WatchDog.cancel(): canceling Fri Aug 14 15:26:47 UTC 2020
------------------ testing $PTII/ptolemy/domains/de/test/auto/ResettableTimer2.xml
auto.tcl: Setting watchdog for 200 seconds at Fri Aug 14 15:26:47 UTC 2020
3 ms. Memory: 51200K Free: 32621K (64%)
ptolemy.util.test.WatchDog.cancel(): canceling Fri Aug 14 15:26:47 UTC 2020
auto.tcl: Setting watchdog for 200 seconds at Fri Aug 14 15:26:47 UTC 2020
2 ms. Memory: 51200K Free: 32008K (63%)
ptolemy.util.test.WatchDog.cancel(): canceling Fri Aug 14 15:26:47 UTC 2020
------------------ testing $PTII/ptolemy/domains/de/test/auto/ResettableTimer3.xml
auto.tcl: Setting watchdog for 200 seconds at Fri Aug 14 15:26:47 UTC 2020
1 ms. Memory: 51200K Free: 32521K (64%)
ptolemy.util.test.WatchDog.cancel(): canceling Fri Aug 14 15:26:47 UTC 2020
auto.tcl: Setting watchdog for 200 seconds at Fri Aug 14 15:26:47 UTC 2020
2 ms. Memory: 51200K Free: 32521K (64%)
ptolemy.util.test.WatchDog.cancel(): canceling Fri Aug 14 15:26:47 UTC 2020
------------------ testing $PTII/ptolemy/domains/de/test/auto/ResettableTimer4.xml
auto.tcl: Setting watchdog for 200 seconds at Fri Aug 14 15:26:47 UTC 2020
2 ms. Memory: 51200K Free: 32534K (64%)
ptolemy.util.test.WatchDog.cancel(): canceling Fri Aug 14 15:26:47 UTC 2020
auto.tcl: Setting watchdog for 200 seconds at Fri Aug 14 15:26:47 UTC 2020
2 ms. Memory: 51200K Free: 32020K (63%)
ptolemy.util.test.WatchDog.cancel(): canceling Fri Aug 14 15:26:47 UTC 2020
------------------ testing $PTII/ptolemy/domains/de/test/auto/ResettableTimer5.xml
auto.tcl: Setting watchdog for 200 seconds at Fri Aug 14 15:26:47 UTC 2020
2 ms. Memory: 51200K Free: 32019K (63%)
ptolemy.util.test.WatchDog.cancel(): canceling Fri Aug 14 15:26:47 UTC 2020
auto.tcl: Setting watchdog for 200 seconds at Fri Aug 14 15:26:47 UTC 2020
1 ms. Memory: 51200K Free: 31509K (62%)
ptolemy.util.test.WatchDog.cancel(): canceling Fri Aug 14 15:26:47 UTC 2020
------------------ testing $PTII/ptolemy/domains/de/test/auto/ResettableTimer6.xml
auto.tcl: Setting watchdog for 200 seconds at Fri Aug 14 15:26:47 UTC 2020
2 ms. Memory: 51200K Free: 32010K (63%)
ptolemy.util.test.WatchDog.cancel(): canceling Fri Aug 14 15:26:47 UTC 2020
auto.tcl: Setting watchdog for 200 seconds at Fri Aug 14 15:26:47 UTC 2020
1 ms. Memory: 51200K Free: 31500K (62%)
ptolemy.util.test.WatchDog.cancel(): canceling Fri Aug 14 15:26:47 UTC 2020
------------------ testing $PTII/ptolemy/domains/de/test/auto/ServerZeroDelay.xml
auto.tcl: Setting watchdog for 200 seconds at Fri Aug 14 15:26:48 UTC 2020
3 ms. Memory: 51200K Free: 32514K (64%)
ptolemy.util.test.WatchDog.cancel(): canceling Fri Aug 14 15:26:48 UTC 2020
auto.tcl: Setting watchdog for 200 seconds at Fri Aug 14 15:26:48 UTC 2020
2 ms. Memory: 51200K Free: 31490K (62%)
ptolemy.util.test.WatchDog.cancel(): canceling Fri Aug 14 15:26:48 UTC 2020
------------------ testing $PTII/ptolemy/domains/de/test/auto/SmartSender.xml
auto.tcl: Setting watchdog for 200 seconds at Fri Aug 14 15:26:48 UTC 2020
3002 ms. Memory: 51200K Free: 31995K (62%)
ptolemy.util.test.WatchDog.cancel(): canceling Fri Aug 14 15:26:51 UTC 2020
auto.tcl: Setting watchdog for 200 seconds at Fri Aug 14 15:26:51 UTC 2020
3001 ms. Memory: 51200K Free: 31485K (61%)
ptolemy.util.test.WatchDog.cancel(): canceling Fri Aug 14 15:26:54 UTC 2020
------------------ testing $PTII/ptolemy/domains/de/test/auto/ThreadedComposite.xml
auto.tcl: Setting watchdog for 200 seconds at Fri Aug 14 15:26:54 UTC 2020
254 ms. Memory: 51200K Free: 11018K (22%)
ptolemy.util.test.WatchDog.cancel(): canceling Fri Aug 14 15:26:54 UTC 2020
auto.tcl: Setting watchdog for 200 seconds at Fri Aug 14 15:26:54 UTC 2020
151 ms. Memory: 51200K Free: 26669K (52%)
ptolemy.util.test.WatchDog.cancel(): canceling Fri Aug 14 15:26:54 UTC 2020
------------------ testing $PTII/ptolemy/domains/de/test/auto/Time.xml
auto.tcl: Setting watchdog for 200 seconds at Fri Aug 14 15:26:54 UTC 2020
482 ms. Memory: 51200K Free: 35259K (69%)
ptolemy.util.test.WatchDog.cancel(): canceling Fri Aug 14 15:26:55 UTC 2020
auto.tcl: Setting watchdog for 200 seconds at Fri Aug 14 15:26:55 UTC 2020
472 ms. Memory: 51200K Free: 8532K (17%)
ptolemy.util.test.WatchDog.cancel(): canceling Fri Aug 14 15:26:55 UTC 2020
------------------ testing $PTII/ptolemy/domains/de/test/auto/TimeDelayZeroDelay.xml
auto.tcl: Setting watchdog for 200 seconds at Fri Aug 14 15:26:55 UTC 2020
3 ms. Memory: 51200K Free: 32437K (63%)
ptolemy.util.test.WatchDog.cancel(): canceling Fri Aug 14 15:26:55 UTC 2020
auto.tcl: Setting watchdog for 200 seconds at Fri Aug 14 15:26:55 UTC 2020
3 ms. Memory: 51200K Free: 31955K (62%)
ptolemy.util.test.WatchDog.cancel(): canceling Fri Aug 14 15:26:55 UTC 2020
------------------ testing $PTII/ptolemy/domains/de/test/auto/TimerZeroDelay.xml
auto.tcl: Setting watchdog for 200 seconds at Fri Aug 14 15:26:55 UTC 2020
2 ms. Memory: 51200K Free: 32814K (64%)
ptolemy.util.test.WatchDog.cancel(): canceling Fri Aug 14 15:26:55 UTC 2020
auto.tcl: Setting watchdog for 200 seconds at Fri Aug 14 15:26:55 UTC 2020
2 ms. Memory: 51200K Free: 32480K (63%)
ptolemy.util.test.WatchDog.cancel(): canceling Fri Aug 14 15:26:55 UTC 2020
------------------ testing $PTII/ptolemy/domains/de/test/auto/TimingParadox.xml
auto.tcl: Setting watchdog for 200 seconds at Fri Aug 14 15:26:55 UTC 2020
328 ms. Memory: 63488K Free: 31813K (50%)
ptolemy.util.test.WatchDog.cancel(): canceling Fri Aug 14 15:26:56 UTC 2020
auto.tcl: Setting watchdog for 200 seconds at Fri Aug 14 15:26:56 UTC 2020
294 ms. Memory: 63488K Free: 29385K (46%)
ptolemy.util.test.WatchDog.cancel(): canceling Fri Aug 14 15:26:56 UTC 2020
------------------ testing $PTII/ptolemy/domains/de/test/auto/TransferInputs.xml
auto.tcl: Setting watchdog for 200 seconds at Fri Aug 14 15:26:56 UTC 2020
2 ms. Memory: 55296K Free: 35044K (63%)
ptolemy.util.test.WatchDog.cancel(): canceling Fri Aug 14 15:26:56 UTC 2020
auto.tcl: Setting watchdog for 200 seconds at Fri Aug 14 15:26:56 UTC 2020
2 ms. Memory: 55296K Free: 34098K (62%)
ptolemy.util.test.WatchDog.cancel(): canceling Fri Aug 14 15:26:56 UTC 2020
------------------ testing $PTII/ptolemy/domains/de/test/auto/TransferOutputs2.xml
auto.tcl: Setting watchdog for 200 seconds at Fri Aug 14 15:26:56 UTC 2020
3 ms. Memory: 51200K Free: 28390K (55%)
ptolemy.util.test.WatchDog.cancel(): canceling Fri Aug 14 15:26:56 UTC 2020
auto.tcl: Setting watchdog for 200 seconds at Fri Aug 14 15:26:56 UTC 2020
2 ms. Memory: 51200K Free: 26946K (53%)
ptolemy.util.test.WatchDog.cancel(): canceling Fri Aug 14 15:26:56 UTC 2020
------------------ testing $PTII/ptolemy/domains/de/test/auto/Trilateration.xml
auto.tcl: Setting watchdog for 200 seconds at Fri Aug 14 15:26:56 UTC 2020
12370 ms. Memory: 483328K Free: 278079K (58%)
ptolemy.util.test.WatchDog.cancel(): canceling Fri Aug 14 15:27:10 UTC 2020
auto.tcl: Setting watchdog for 200 seconds at Fri Aug 14 15:27:10 UTC 2020
9053 ms. Memory: 483328K Free: 209115K (43%)
ptolemy.util.test.WatchDog.cancel(): canceling Fri Aug 14 15:27:19 UTC 2020
------------------ testing $PTII/ptolemy/domains/de/test/auto/TwoSigmaDelta.xml
auto.tcl: Setting watchdog for 200 seconds at Fri Aug 14 15:27:19 UTC 2020
2270 ms. Memory: 92160K Free: 21950K (24%)
ptolemy.util.test.WatchDog.cancel(): canceling Fri Aug 14 15:27:21 UTC 2020
auto.tcl: Setting watchdog for 200 seconds at Fri Aug 14 15:27:21 UTC 2020
1661 ms. Memory: 92160K Free: 22441K (24%)
ptolemy.util.test.WatchDog.cancel(): canceling Fri Aug 14 15:27:23 UTC 2020
------------------ testing $PTII/ptolemy/domains/de/test/auto/VariableDelay.xml
auto.tcl: Setting watchdog for 200 seconds at Fri Aug 14 15:27:23 UTC 2020
2 ms. Memory: 51200K Free: 31441K (61%)
ptolemy.util.test.WatchDog.cancel(): canceling Fri Aug 14 15:27:23 UTC 2020
auto.tcl: Setting watchdog for 200 seconds at Fri Aug 14 15:27:23 UTC 2020
1 ms. Memory: 51200K Free: 30425K (59%)
ptolemy.util.test.WatchDog.cancel(): canceling Fri Aug 14 15:27:23 UTC 2020
------------------ testing $PTII/ptolemy/domains/de/test/auto/VariableDelay2.xml
auto.tcl: Setting watchdog for 200 seconds at Fri Aug 14 15:27:23 UTC 2020
16 ms. Memory: 51200K Free: 31749K (62%)
ptolemy.util.test.WatchDog.cancel(): canceling Fri Aug 14 15:27:23 UTC 2020
auto.tcl: Setting watchdog for 200 seconds at Fri Aug 14 15:27:23 UTC 2020
2 ms. Memory: 51200K Free: 30799K (60%)
ptolemy.util.test.WatchDog.cancel(): canceling Fri Aug 14 15:27:23 UTC 2020
------------------ testing $PTII/ptolemy/domains/de/test/auto/VariableDelayZeroDelay.xml
auto.tcl: Setting watchdog for 200 seconds at Fri Aug 14 15:27:23 UTC 2020
2 ms. Memory: 51200K Free: 32465K (63%)
ptolemy.util.test.WatchDog.cancel(): canceling Fri Aug 14 15:27:23 UTC 2020
auto.tcl: Setting watchdog for 200 seconds at Fri Aug 14 15:27:23 UTC 2020
2 ms. Memory: 51200K Free: 31838K (62%)
ptolemy.util.test.WatchDog.cancel(): canceling Fri Aug 14 15:27:23 UTC 2020
------------------ testing $PTII/ptolemy/domains/de/test/auto/VariableDelayZeroDelay2.xml
auto.tcl: Setting watchdog for 200 seconds at Fri Aug 14 15:27:23 UTC 2020
4 ms. Memory: 51200K Free: 32365K (63%)
ptolemy.util.test.WatchDog.cancel(): canceling Fri Aug 14 15:27:23 UTC 2020
auto.tcl: Setting watchdog for 200 seconds at Fri Aug 14 15:27:23 UTC 2020
2 ms. Memory: 51200K Free: 31341K (61%)
ptolemy.util.test.WatchDog.cancel(): canceling Fri Aug 14 15:27:23 UTC 2020
------------------ testing $PTII/ptolemy/domains/de/test/auto/deInCt.xml
auto.tcl: Setting watchdog for 200 seconds at Fri Aug 14 15:27:23 UTC 2020
0
1
1
1
1
0
0
1
1
0
0
0
1
1
1
0
0
0
1
1
1
1
1
0
0
0
1
1
1
0
0
0
0
0
0
13 ms. Memory: 51200K Free: 31339K (61%)
ptolemy.util.test.WatchDog.cancel(): canceling Fri Aug 14 15:27:23 UTC 2020
auto.tcl: Setting watchdog for 200 seconds at Fri Aug 14 15:27:23 UTC 2020
0
1
1
1
0
0
0
1
1
1
0
0
0
1
1
1
0
0
0
1
1
1
0
0
0
0
1
1
1
1
0
0
0
0
1
1
1
0
0
0
1
1
1
0
0
0
1
1
0
0
0
0
12 ms. Memory: 51200K Free: 29801K (58%)
ptolemy.util.test.WatchDog.cancel(): canceling Fri Aug 14 15:27:23 UTC 2020
------------------ testing $PTII/ptolemy/domains/de/test/auto/deInCt2.xml
auto.tcl: Setting watchdog for 200 seconds at Fri Aug 14 15:27:23 UTC 2020
0
1
1
1
0
0
1
1
1
0
0
1
1
1
0
0
1
1
1
0
0
1
1
1
0
0
1
1
1
0
0
1
1
1
0
0
1
1
1
0
0
0
14 ms. Memory: 51200K Free: 31384K (61%)
ptolemy.util.test.WatchDog.cancel(): canceling Fri Aug 14 15:27:23 UTC 2020
auto.tcl: Setting watchdog for 200 seconds at Fri Aug 14 15:27:23 UTC 2020
0
1
1
1
0
0
1
1
1
0
0
1
1
1
0
0
1
1
1
0
0
1
1
1
0
0
1
1
1
0
0
1
1
1
0
0
1
1
1
0
0
0
6 ms. Memory: 51200K Free: 29772K (58%)
ptolemy.util.test.WatchDog.cancel(): canceling Fri Aug 14 15:27:23 UTC 2020
------------------ testing $PTII/ptolemy/domains/de/test/auto/dynamicCausalityInterface1.xml
auto.tcl: Setting watchdog for 200 seconds at Fri Aug 14 15:27:23 UTC 2020
2 ms. Memory: 51200K Free: 27238K (53%)
ptolemy.util.test.WatchDog.cancel(): canceling Fri Aug 14 15:27:23 UTC 2020
auto.tcl: Setting watchdog for 200 seconds at Fri Aug 14 15:27:23 UTC 2020
0 ms. Memory: 51200K Free: 26724K (52%)
ptolemy.util.test.WatchDog.cancel(): canceling Fri Aug 14 15:27:23 UTC 2020
------------------ testing $PTII/ptolemy/domains/de/test/auto/fsm_de_test.xml
auto.tcl: Setting watchdog for 200 seconds at Fri Aug 14 15:27:23 UTC 2020
10 ms. Memory: 51200K Free: 27136K (53%)
ptolemy.util.test.WatchDog.cancel(): canceling Fri Aug 14 15:27:23 UTC 2020
auto.tcl: Setting watchdog for 200 seconds at Fri Aug 14 15:27:23 UTC 2020
10 ms. Memory: 51200K Free: 25088K (49%)
ptolemy.util.test.WatchDog.cancel(): canceling Fri Aug 14 15:27:23 UTC 2020
------------------ testing $PTII/ptolemy/domains/de/test/auto/functionDependencyReconstruction.xml
auto.tcl: Setting watchdog for 200 seconds at Fri Aug 14 15:27:23 UTC 2020
3 ms. Memory: 51200K Free: 21105K (41%)
ptolemy.util.test.WatchDog.cancel(): canceling Fri Aug 14 15:27:24 UTC 2020
auto.tcl: Setting watchdog for 200 seconds at Fri Aug 14 15:27:24 UTC 2020
3 ms. Memory: 51200K Free: 18934K (37%)
ptolemy.util.test.WatchDog.cancel(): canceling Fri Aug 14 15:27:24 UTC 2020
------------------ testing $PTII/ptolemy/domains/de/test/auto/multirate.xml
auto.tcl: Setting watchdog for 200 seconds at Fri Aug 14 15:27:24 UTC 2020
4 ms. Memory: 51200K Free: 29742K (58%)
ptolemy.util.test.WatchDog.cancel(): canceling Fri Aug 14 15:27:24 UTC 2020
auto.tcl: Setting watchdog for 200 seconds at Fri Aug 14 15:27:24 UTC 2020
3 ms. Memory: 51200K Free: 28031K (55%)
ptolemy.util.test.WatchDog.cancel(): canceling Fri Aug 14 15:27:24 UTC 2020
------------------ testing $PTII/ptolemy/domains/de/test/auto/multirate2.xml
auto.tcl: Setting watchdog for 200 seconds at Fri Aug 14 15:27:24 UTC 2020
3 ms. Memory: 51200K Free: 29931K (58%)
ptolemy.util.test.WatchDog.cancel(): canceling Fri Aug 14 15:27:24 UTC 2020
auto.tcl: Setting watchdog for 200 seconds at Fri Aug 14 15:27:24 UTC 2020
3 ms. Memory: 51200K Free: 28212K (55%)
ptolemy.util.test.WatchDog.cancel(): canceling Fri Aug 14 15:27:24 UTC 2020
------------------ testing $PTII/ptolemy/domains/de/test/auto/realtime.xml
auto.tcl: Setting watchdog for 200 seconds at Fri Aug 14 15:27:24 UTC 2020
10001 ms. Memory: 51200K Free: 32007K (63%)
ptolemy.util.test.WatchDog.cancel(): canceling Fri Aug 14 15:27:34 UTC 2020
auto.tcl: Setting watchdog for 200 seconds at Fri Aug 14 15:27:34 UTC 2020
10001 ms. Memory: 51200K Free: 31463K (61%)
ptolemy.util.test.WatchDog.cancel(): canceling Fri Aug 14 15:27:44 UTC 2020
------------------ testing $PTII/ptolemy/domains/de/test/auto/relationGroup.xml
auto.tcl: Setting watchdog for 200 seconds at Fri Aug 14 15:27:44 UTC 2020
2 ms. Memory: 51200K Free: 32872K (64%)
ptolemy.util.test.WatchDog.cancel(): canceling Fri Aug 14 15:27:44 UTC 2020
auto.tcl: Setting watchdog for 200 seconds at Fri Aug 14 15:27:44 UTC 2020
2 ms. Memory: 51200K Free: 32362K (63%)
ptolemy.util.test.WatchDog.cancel(): canceling Fri Aug 14 15:27:44 UTC 2020
------------------ testing $PTII/ptolemy/domains/de/test/auto/relationGroup2.xml
auto.tcl: Setting watchdog for 200 seconds at Fri Aug 14 15:27:44 UTC 2020
1 ms. Memory: 51200K Free: 32897K (64%)
ptolemy.util.test.WatchDog.cancel(): canceling Fri Aug 14 15:27:44 UTC 2020
auto.tcl: Setting watchdog for 200 seconds at Fri Aug 14 15:27:44 UTC 2020
2 ms. Memory: 51200K Free: 32401K (63%)
ptolemy.util.test.WatchDog.cancel(): canceling Fri Aug 14 15:27:44 UTC 2020
------------------ testing $PTII/ptolemy/domains/de/test/auto/sortWithOpaquePorts.xml
auto.tcl: Setting watchdog for 200 seconds at Fri Aug 14 15:27:44 UTC 2020
2 ms. Memory: 51200K Free: 31860K (62%)
ptolemy.util.test.WatchDog.cancel(): canceling Fri Aug 14 15:27:44 UTC 2020
auto.tcl: Setting watchdog for 200 seconds at Fri Aug 14 15:27:44 UTC 2020
2 ms. Memory: 51200K Free: 30836K (60%)
ptolemy.util.test.WatchDog.cancel(): canceling Fri Aug 14 15:27:44 UTC 2020
------------------ testing $PTII/ptolemy/domains/de/test/auto/transferInputsandOutputs.xml
auto.tcl: Setting watchdog for 200 seconds at Fri Aug 14 15:27:44 UTC 2020
2 ms. Memory: 51200K Free: 29303K (57%)
ptolemy.util.test.WatchDog.cancel(): canceling Fri Aug 14 15:27:44 UTC 2020
auto.tcl: Setting watchdog for 200 seconds at Fri Aug 14 15:27:44 UTC 2020
2 ms. Memory: 51200K Free: 28279K (55%)
ptolemy.util.test.WatchDog.cancel(): canceling Fri Aug 14 15:27:44 UTC 2020
------------------ testing $PTII/ptolemy/domains/de/test/auto/triggerType.xml
auto.tcl: Setting watchdog for 200 seconds at Fri Aug 14 15:27:44 UTC 2020
1 ms. Memory: 51200K Free: 32328K (63%)
ptolemy.util.test.WatchDog.cancel(): canceling Fri Aug 14 15:27:44 UTC 2020
auto.tcl: Setting watchdog for 200 seconds at Fri Aug 14 15:27:44 UTC 2020
2 ms. Memory: 51200K Free: 31304K (61%)
ptolemy.util.test.WatchDog.cancel(): canceling Fri Aug 14 15:27:44 UTC 2020
08/14/20 03:27:44
Failed: 0  Total Tests: 192  ((Passed: 187, Newly Passed: 1)  Known Failed: 5) /home/travis/build/icyphy/ptII/ptolemy/domains/de/test
08/14/20 03:27:44
Failed: 0  Total Tests: 192  ((Passed: 187, Newly Passed: 1)  Known Failed: 5) /home/travis/build/icyphy/ptII/ptolemy/domains/de/test
----------------- testing (KnownFailure) /home/travis/build/icyphy/ptII/ptolemy/domains/de/test/auto/knownFailedTests/DESDFClockTest.xml
2010 ms. Memory: 51200K Free: 25723K (50%)
Known Failure: java.lang.reflect.InvocationTargetException
----------------- testing (KnownFailure) /home/travis/build/icyphy/ptII/ptolemy/domains/de/test/auto/knownFailedTests/DirectFeedback.xml
2 ms. Memory: 51200K Free: 22141K (43%)
Known Failure: java.lang.reflect.InvocationTargetException
----------------- testing (KnownFailure) /home/travis/build/icyphy/ptII/ptolemy/domains/de/test/auto/knownFailedTests/FSMSource.xml
7 ms. Memory: 51200K Free: 14973K (29%)
----------------- testing (KnownFailure) /home/travis/build/icyphy/ptII/ptolemy/domains/de/test/auto/knownFailedTests/HierarchicalModel.xml
3 ms. Memory: 51200K Free: 27756K (54%)
Known Failure: java.lang.reflect.InvocationTargetException
----------------- testing (KnownFailure) /home/travis/build/icyphy/ptII/ptolemy/domains/de/test/auto/knownFailedTests/dependencyLoop.xml
3 ms. Memory: 51200K Free: 12502K (24%)
Known Failure: java.lang.reflect.InvocationTargetException
----------------- testing (KnownFailure) /home/travis/build/icyphy/ptII/ptolemy/domains/de/test/auto/knownFailedTests/dependencyLoop2.xml
5 ms. Memory: 51200K Free: 26416K (52%)
Known Failure: java.lang.reflect.InvocationTargetException
No auto/linux-amd64/*.xml tests in /home/travis/build/icyphy/ptII/ptolemy/domains/de/test
AutoTests.java: About to close Vertx.
AutoTests.java: Vertx closed.

===========================================================================================
----------------- testing Fri Aug 14 15:27:46 UTC 2020 /home/travis/build/icyphy/ptII/ptolemy/domains/de/test/auto/ActorDepthCalculation_actorWithoutPorts.xml
----------------- Instantiating /home/travis/build/icyphy/ptII/ptolemy/domains/de/test/auto/ActorDepthCalculation_actorWithoutPorts.xml
2 ms. Memory: 51200K Free: 19658K (38%)
----------------- Invoking toplevel() on ptolemy.moml.MoMLSimpleApplication@1a9b312e
----------------- Done invoking toplevel() on ptolemy.moml.MoMLSimpleApplication@1a9b312e
reloadAllAccessors: .ActorDepthCalculation_actorWithoutPorts

===========================================================================================
----------------- testing Fri Aug 14 15:27:46 UTC 2020 /home/travis/build/icyphy/ptII/ptolemy/domains/de/test/auto/AssemblyLine.xml
----------------- Instantiating /home/travis/build/icyphy/ptII/ptolemy/domains/de/test/auto/AssemblyLine.xml
4 ms. Memory: 51200K Free: 12407K (24%)
----------------- Invoking toplevel() on ptolemy.moml.MoMLSimpleApplication@25c8d504
----------------- Done invoking toplevel() on ptolemy.moml.MoMLSimpleApplication@25c8d504
reloadAllAccessors: .AssemblyLine

===========================================================================================
----------------- testing Fri Aug 14 15:27:46 UTC 2020 /home/travis/build/icyphy/ptII/ptolemy/domains/de/test/auto/CQBug1.xml
----------------- Instantiating /home/travis/build/icyphy/ptII/ptolemy/domains/de/test/auto/CQBug1.xml
2 ms. Memory: 51200K Free: 9442K (18%)
----------------- Invoking toplevel() on ptolemy.moml.MoMLSimpleApplication@663c0936
----------------- Done invoking toplevel() on ptolemy.moml.MoMLSimpleApplication@663c0936
reloadAllAccessors: .CQBug1

===========================================================================================
----------------- testing Fri Aug 14 15:27:46 UTC 2020 /home/travis/build/icyphy/ptII/ptolemy/domains/de/test/auto/CancelFireAt.xml
----------------- Instantiating /home/travis/build/icyphy/ptII/ptolemy/domains/de/test/auto/CancelFireAt.xml
15 ms. Memory: 51200K Free: 35949K (70%)
----------------- Invoking toplevel() on ptolemy.moml.MoMLSimpleApplication@2832df46
----------------- Done invoking toplevel() on ptolemy.moml.MoMLSimpleApplication@2832df46
reloadAllAccessors: .CancelFireAt

===========================================================================================
----------------- testing Fri Aug 14 15:27:46 UTC 2020 /home/travis/build/icyphy/ptII/ptolemy/domains/de/test/auto/CausalityAndComposabilityAnalysis.xml
----------------- Instantiating /home/travis/build/icyphy/ptII/ptolemy/domains/de/test/auto/CausalityAndComposabilityAnalysis.xml
2 ms. Memory: 51200K Free: 31582K (62%)
----------------- Invoking toplevel() on ptolemy.moml.MoMLSimpleApplication@7374e9bc
----------------- Done invoking toplevel() on ptolemy.moml.MoMLSimpleApplication@7374e9bc
reloadAllAccessors: .CausalityAndComposabilityAnalysis

===========================================================================================
----------------- testing Fri Aug 14 15:27:46 UTC 2020 /home/travis/build/icyphy/ptII/ptolemy/domains/de/test/auto/CausalityInterface1.xml
----------------- Instantiating /home/travis/build/icyphy/ptII/ptolemy/domains/de/test/auto/CausalityInterface1.xml
5 ms. Memory: 51200K Free: 26441K (52%)
----------------- Invoking toplevel() on ptolemy.moml.MoMLSimpleApplication@42ed6a7f
----------------- Done invoking toplevel() on ptolemy.moml.MoMLSimpleApplication@42ed6a7f
reloadAllAccessors: .CausalityInterface1

===========================================================================================
----------------- testing Fri Aug 14 15:27:46 UTC 2020 /home/travis/build/icyphy/ptII/ptolemy/domains/de/test/auto/CausalityInterface15.xml
----------------- Instantiating /home/travis/build/icyphy/ptII/ptolemy/domains/de/test/auto/CausalityInterface15.xml
2 ms. Memory: 51200K Free: 20951K (41%)
----------------- Invoking toplevel() on ptolemy.moml.MoMLSimpleApplication@61f967eb
----------------- Done invoking toplevel() on ptolemy.moml.MoMLSimpleApplication@61f967eb
reloadAllAccessors: .CausalityInterface15

===========================================================================================
----------------- testing Fri Aug 14 15:27:46 UTC 2020 /home/travis/build/icyphy/ptII/ptolemy/domains/de/test/auto/CausalityInterface2.xml
----------------- Instantiating /home/travis/build/icyphy/ptII/ptolemy/domains/de/test/auto/CausalityInterface2.xml
1 ms. Memory: 51200K Free: 16400K (32%)
[...]
	at ptolemy.actor.Manager.run(Manager.java:1263)
	at ptolemy.actor.Manager$PtolemyRunThread.run(Manager.java:1933)
java.lang.RuntimeException: Execution failed
	at ptolemy.moml.MoMLSimpleApplication$UnloadThread.run(MoMLSimpleApplication.java:402)
Caused by: ptolemy.kernel.util.IllegalActionException: Actor is not ready to fire.  Perhaps UpSample.prefire() returned false? Try debugging the actor by selecting "Listen to Actor".  Also, for SDF check moml for tokenConsumptionRate on input.
  in .DESDFClockTest.Play Bell.Copy1:SDF Director and .DESDFClockTest.Play Bell.UpSample
	at ptolemy.actor.sched.StaticSchedulingDirector.fire(StaticSchedulingDirector.java:227)
	at ptolemy.domains.sdf.kernel.SDFDirector.fire(SDFDirector.java:500)
	at ptolemy.actor.CompositeActor.fire(CompositeActor.java:455)
	at ptolemy.domains.de.kernel.DEDirector._fire(DEDirector.java:1949)
	at ptolemy.domains.de.kernel.DEDirector.fire(DEDirector.java:502)
	at ptolemy.actor.CompositeActor.fire(CompositeActor.java:455)
	at ptolemy.actor.Manager.iterate(Manager.java:851)
	at ptolemy.actor.Manager.execute(Manager.java:369)
	at ptolemy.actor.Manager.run(Manager.java:1263)
	at ptolemy.actor.Manager$PtolemyRunThread.run(Manager.java:1933)
java.lang.reflect.InvocationTargetException
	at java.base/jdk.internal.reflect.NativeConstructorAccessorImpl.newInstance0(Native Method)
	at java.base/jdk.internal.reflect.NativeConstructorAccessorImpl.newInstance(NativeConstructorAccessorImpl.java:62)
	at java.base/jdk.internal.reflect.DelegatingConstructorAccessorImpl.newInstance(DelegatingConstructorAccessorImpl.java:45)
	at java.base/java.lang.reflect.Constructor.newInstance(Constructor.java:490)
	at ptolemy.util.test.junit.AutoKnownFailedTests.RunModel(AutoKnownFailedTests.java:105)
	at java.base/jdk.internal.reflect.NativeMethodAccessorImpl.invoke0(Native Method)
	at java.base/jdk.internal.reflect.NativeMethodAccessorImpl.invoke(NativeMethodAccessorImpl.java:62)
	at java.base/jdk.internal.reflect.DelegatingMethodAccessorImpl.invoke(DelegatingMethodAccessorImpl.java:43)
	at java.base/java.lang.reflect.Method.invoke(Method.java:566)
	at org.junit.runners.model.FrameworkMethod$1.runReflectiveCall(FrameworkMethod.java:44)
	at org.junit.internal.runners.model.ReflectiveCallable.run(ReflectiveCallable.java:15)
	at org.junit.runners.model.FrameworkMethod.invokeExplosively(FrameworkMethod.java:41)
	at junitparams.internal.InvokeParameterisedMethod.evaluate(InvokeParameterisedMethod.java:102)
	at org.junit.internal.runners.statements.FailOnTimeout$1.run(FailOnTimeout.java:28)
Caused by: ptolemy.kernel.util.IllegalActionException: Actor is not ready to fire.  Perhaps UpSample.prefire() returned false? Try debugging the actor by selecting "Listen to Actor".  Also, for SDF check moml for tokenConsumptionRate on input.
  in .DESDFClockTest.Play Bell.Copy1:SDF Director and .DESDFClockTest.Play Bell.UpSample
	at ptolemy.actor.sched.StaticSchedulingDirector.fire(StaticSchedulingDirector.java:227)
	at ptolemy.domains.sdf.kernel.SDFDirector.fire(SDFDirector.java:500)
	at ptolemy.actor.CompositeActor.fire(CompositeActor.java:455)
	at ptolemy.domains.de.kernel.DEDirector._fire(DEDirector.java:1949)
	at ptolemy.domains.de.kernel.DEDirector.fire(DEDirector.java:502)
	at ptolemy.actor.CompositeActor.fire(CompositeActor.java:455)
	at ptolemy.actor.Manager.iterate(Manager.java:851)
	at ptolemy.actor.Manager.execute(Manager.java:369)
	at ptolemy.actor.Manager.run(Manager.java:1263)
	at ptolemy.actor.Manager$PtolemyRunThread.run(Manager.java:1933)
java.lang.RuntimeException: Execution failed
	at ptolemy.moml.MoMLSimpleApplication$UnloadThread.run(MoMLSimpleApplication.java:402)
Caused by: ptolemy.kernel.util.IllegalActionException: Test fails in iteration 1.
Value was: 1.0. Should have been: 2.0
  in .DirectFeedback.Test
	at ptolemy.actor.lib.Test.fire(Test.java:268)
	at ptolemy.domains.de.kernel.DEDirector._fire(DEDirector.java:1949)
	at ptolemy.domains.de.kernel.DEDirector.fire(DEDirector.java:502)
	at ptolemy.actor.CompositeActor.fire(CompositeActor.java:455)
	at ptolemy.actor.Manager.iterate(Manager.java:851)
	at ptolemy.actor.Manager.execute(Manager.java:369)
	at ptolemy.actor.Manager.run(Manager.java:1263)
	at ptolemy.actor.Manager$PtolemyRunThread.run(Manager.java:1933)
java.lang.reflect.InvocationTargetException
	at java.base/jdk.internal.reflect.NativeConstructorAccessorImpl.newInstance0(Native Method)
	at java.base/jdk.internal.reflect.NativeConstructorAccessorImpl.newInstance(NativeConstructorAccessorImpl.java:62)
	at java.base/jdk.internal.reflect.DelegatingConstructorAccessorImpl.newInstance(DelegatingConstructorAccessorImpl.java:45)
	at java.base/java.lang.reflect.Constructor.newInstance(Constructor.java:490)
	at ptolemy.util.test.junit.AutoKnownFailedTests.RunModel(AutoKnownFailedTests.java:105)
	at java.base/jdk.internal.reflect.NativeMethodAccessorImpl.invoke0(Native Method)
	at java.base/jdk.internal.reflect.NativeMethodAccessorImpl.invoke(NativeMethodAccessorImpl.java:62)
	at java.base/jdk.internal.reflect.DelegatingMethodAccessorImpl.invoke(DelegatingMethodAccessorImpl.java:43)
	at java.base/java.lang.reflect.Method.invoke(Method.java:566)
	at org.junit.runners.model.FrameworkMethod$1.runReflectiveCall(FrameworkMethod.java:44)
	at org.junit.internal.runners.model.ReflectiveCallable.run(ReflectiveCallable.java:15)
	at org.junit.runners.model.FrameworkMethod.invokeExplosively(FrameworkMethod.java:41)
	at junitparams.internal.InvokeParameterisedMethod.evaluate(InvokeParameterisedMethod.java:102)
	at org.junit.internal.runners.statements.FailOnTimeout$1.run(FailOnTimeout.java:28)
Caused by: ptolemy.kernel.util.IllegalActionException: Test fails in iteration 1.
Value was: 1.0. Should have been: 2.0
  in .DirectFeedback.Test
	at ptolemy.actor.lib.Test.fire(Test.java:268)
	at ptolemy.domains.de.kernel.DEDirector._fire(DEDirector.java:1949)
	at ptolemy.domains.de.kernel.DEDirector.fire(DEDirector.java:502)
	at ptolemy.actor.CompositeActor.fire(CompositeActor.java:455)
	at ptolemy.actor.Manager.iterate(Manager.java:851)
	at ptolemy.actor.Manager.execute(Manager.java:369)
	at ptolemy.actor.Manager.run(Manager.java:1263)
	at ptolemy.actor.Manager$PtolemyRunThread.run(Manager.java:1933)
java.lang.RuntimeException: Execution failed
	at ptolemy.moml.MoMLSimpleApplication$UnloadThread.run(MoMLSimpleApplication.java:402)
Caused by: ptolemy.kernel.util.IllegalActionException: Found a zero delay loop containing .HierarchicalModel.A
  in .HierarchicalModel and .HierarchicalModel.A
	at ptolemy.actor.util.CausalityInterfaceForComposites._computeOutputPortDepth(CausalityInterfaceForComposites.java:759)
	at ptolemy.actor.util.CausalityInterfaceForComposites._computeInputDepth(CausalityInterfaceForComposites.java:696)
	at ptolemy.actor.util.CausalityInterfaceForComposites._computeOutputPortDepth(CausalityInterfaceForComposites.java:765)
	at ptolemy.actor.util.CausalityInterfaceForComposites._computeInputDepth(CausalityInterfaceForComposites.java:696)
	at ptolemy.actor.util.CausalityInterfaceForComposites._computeOutputPortDepth(CausalityInterfaceForComposites.java:765)
	at ptolemy.actor.util.CausalityInterfaceForComposites._computeInputDepth(CausalityInterfaceForComposites.java:696)
	at ptolemy.actor.util.CausalityInterfaceForComposites._computeActorDepth(CausalityInterfaceForComposites.java:532)
	at ptolemy.actor.util.CausalityInterfaceForComposites.checkForCycles(CausalityInterfaceForComposites.java:96)
	at ptolemy.domains.de.kernel.DEDirector.preinitialize(DEDirector.java:1338)
	at ptolemy.actor.CompositeActor.preinitialize(CompositeActor.java:1828)
	at ptolemy.actor.Manager.preinitializeAndResolveTypes(Manager.java:1040)
	at ptolemy.actor.Manager.initialize(Manager.java:710)
	at ptolemy.actor.Manager.execute(Manager.java:356)
	at ptolemy.actor.Manager.run(Manager.java:1263)
	at ptolemy.actor.Manager$PtolemyRunThread.run(Manager.java:1933)
java.lang.reflect.InvocationTargetException
	at java.base/jdk.internal.reflect.NativeConstructorAccessorImpl.newInstance0(Native Method)
	at java.base/jdk.internal.reflect.NativeConstructorAccessorImpl.newInstance(NativeConstructorAccessorImpl.java:62)
	at java.base/jdk.internal.reflect.DelegatingConstructorAccessorImpl.newInstance(DelegatingConstructorAccessorImpl.java:45)
	at java.base/java.lang.reflect.Constructor.newInstance(Constructor.java:490)
	at ptolemy.util.test.junit.AutoKnownFailedTests.RunModel(AutoKnownFailedTests.java:105)
	at java.base/jdk.internal.reflect.NativeMethodAccessorImpl.invoke0(Native Method)
	at java.base/jdk.internal.reflect.NativeMethodAccessorImpl.invoke(NativeMethodAccessorImpl.java:62)
	at java.base/jdk.internal.reflect.DelegatingMethodAccessorImpl.invoke(DelegatingMethodAccessorImpl.java:43)
	at java.base/java.lang.reflect.Method.invoke(Method.java:566)
	at org.junit.runners.model.FrameworkMethod$1.runReflectiveCall(FrameworkMethod.java:44)
	at org.junit.internal.runners.model.ReflectiveCallable.run(ReflectiveCallable.java:15)
	at org.junit.runners.model.FrameworkMethod.invokeExplosively(FrameworkMethod.java:41)
	at junitparams.internal.InvokeParameterisedMethod.evaluate(InvokeParameterisedMethod.java:102)
	at org.junit.internal.runners.statements.FailOnTimeout$1.run(FailOnTimeout.java:28)
Caused by: ptolemy.kernel.util.IllegalActionException: Found a zero delay loop containing .HierarchicalModel.A
  in .HierarchicalModel and .HierarchicalModel.A
	at ptolemy.actor.util.CausalityInterfaceForComposites._computeOutputPortDepth(CausalityInterfaceForComposites.java:759)
	at ptolemy.actor.util.CausalityInterfaceForComposites._computeInputDepth(CausalityInterfaceForComposites.java:696)
	at ptolemy.actor.util.CausalityInterfaceForComposites._computeOutputPortDepth(CausalityInterfaceForComposites.java:765)
	at ptolemy.actor.util.CausalityInterfaceForComposites._computeInputDepth(CausalityInterfaceForComposites.java:696)
	at ptolemy.actor.util.CausalityInterfaceForComposites._computeOutputPortDepth(CausalityInterfaceForComposites.java:765)
	at ptolemy.actor.util.CausalityInterfaceForComposites._computeInputDepth(CausalityInterfaceForComposites.java:696)
	at ptolemy.actor.util.CausalityInterfaceForComposites._computeActorDepth(CausalityInterfaceForComposites.java:532)
	at ptolemy.actor.util.CausalityInterfaceForComposites.checkForCycles(CausalityInterfaceForComposites.java:96)
	at ptolemy.domains.de.kernel.DEDirector.preinitialize(DEDirector.java:1338)
	at ptolemy.actor.CompositeActor.preinitialize(CompositeActor.java:1828)
	at ptolemy.actor.Manager.preinitializeAndResolveTypes(Manager.java:1040)
	at ptolemy.actor.Manager.initialize(Manager.java:710)
	at ptolemy.actor.Manager.execute(Manager.java:356)
	at ptolemy.actor.Manager.run(Manager.java:1263)
	at ptolemy.actor.Manager$PtolemyRunThread.run(Manager.java:1933)
java.lang.RuntimeException: Execution failed
	at ptolemy.moml.MoMLSimpleApplication$UnloadThread.run(MoMLSimpleApplication.java:402)
Caused by: ptolemy.kernel.util.IllegalActionException: Found a zero delay loop containing .dependencyLoop.original
  in .dependencyLoop and .dependencyLoop.original
	at ptolemy.actor.util.CausalityInterfaceForComposites._computeOutputPortDepth(CausalityInterfaceForComposites.java:759)
	at ptolemy.actor.util.CausalityInterfaceForComposites._computeInputDepth(CausalityInterfaceForComposites.java:696)
	at ptolemy.actor.util.CausalityInterfaceForComposites._computeOutputPortDepth(CausalityInterfaceForComposites.java:765)
	at ptolemy.actor.util.CausalityInterfaceForComposites._computeInputDepth(CausalityInterfaceForComposites.java:696)
	at ptolemy.actor.util.CausalityInterfaceForComposites._computeOutputPortDepth(CausalityInterfaceForComposites.java:765)
	at ptolemy.actor.util.CausalityInterfaceForComposites._computeInputDepth(CausalityInterfaceForComposites.java:696)
	at ptolemy.actor.util.CausalityInterfaceForComposites._computeActorDepth(CausalityInterfaceForComposites.java:532)
	at ptolemy.actor.util.CausalityInterfaceForComposites.checkForCycles(CausalityInterfaceForComposites.java:96)
	at ptolemy.domains.de.kernel.DEDirector.preinitialize(DEDirector.java:1338)
	at ptolemy.actor.CompositeActor.preinitialize(CompositeActor.java:1828)
	at ptolemy.actor.Manager.preinitializeAndResolveTypes(Manager.java:1040)
	at ptolemy.actor.Manager.initialize(Manager.java:710)
	at ptolemy.actor.Manager.execute(Manager.java:356)
	at ptolemy.actor.Manager.run(Manager.java:1263)
	at ptolemy.actor.Manager$PtolemyRunThread.run(Manager.java:1933)
java.lang.reflect.InvocationTargetException
	at java.base/jdk.internal.reflect.NativeConstructorAccessorImpl.newInstance0(Native Method)
	at java.base/jdk.internal.reflect.NativeConstructorAccessorImpl.newInstance(NativeConstructorAccessorImpl.java:62)
	at java.base/jdk.internal.reflect.DelegatingConstructorAccessorImpl.newInstance(DelegatingConstructorAccessorImpl.java:45)
	at java.base/java.lang.reflect.Constructor.newInstance(Constructor.java:490)
	at ptolemy.util.test.junit.AutoKnownFailedTests.RunModel(AutoKnownFailedTests.java:105)
	at java.base/jdk.internal.reflect.NativeMethodAccessorImpl.invoke0(Native Method)
	at java.base/jdk.internal.reflect.NativeMethodAccessorImpl.invoke(NativeMethodAccessorImpl.java:62)
	at java.base/jdk.internal.reflect.DelegatingMethodAccessorImpl.invoke(DelegatingMethodAccessorImpl.java:43)
	at java.base/java.lang.reflect.Method.invoke(Method.java:566)
	at org.junit.runners.model.FrameworkMethod$1.runReflectiveCall(FrameworkMethod.java:44)
	at org.junit.internal.runners.model.ReflectiveCallable.run(ReflectiveCallable.java:15)
	at org.junit.runners.model.FrameworkMethod.invokeExplosively(FrameworkMethod.java:41)
	at junitparams.internal.InvokeParameterisedMethod.evaluate(InvokeParameterisedMethod.java:102)
	at org.junit.internal.runners.statements.FailOnTimeout$1.run(FailOnTimeout.java:28)
Caused by: ptolemy.kernel.util.IllegalActionException: Found a zero delay loop containing .dependencyLoop.original
  in .dependencyLoop and .dependencyLoop.original
	at ptolemy.actor.util.CausalityInterfaceForComposites._computeOutputPortDepth(CausalityInterfaceForComposites.java:759)
	at ptolemy.actor.util.CausalityInterfaceForComposites._computeInputDepth(CausalityInterfaceForComposites.java:696)
	at ptolemy.actor.util.CausalityInterfaceForComposites._computeOutputPortDepth(CausalityInterfaceForComposites.java:765)
	at ptolemy.actor.util.CausalityInterfaceForComposites._computeInputDepth(CausalityInterfaceForComposites.java:696)
	at ptolemy.actor.util.CausalityInterfaceForComposites._computeOutputPortDepth(CausalityInterfaceForComposites.java:765)
	at ptolemy.actor.util.CausalityInterfaceForComposites._computeInputDepth(CausalityInterfaceForComposites.java:696)
	at ptolemy.actor.util.CausalityInterfaceForComposites._computeActorDepth(CausalityInterfaceForComposites.java:532)
	at ptolemy.actor.util.CausalityInterfaceForComposites.checkForCycles(CausalityInterfaceForComposites.java:96)
	at ptolemy.domains.de.kernel.DEDirector.preinitialize(DEDirector.java:1338)
	at ptolemy.actor.CompositeActor.preinitialize(CompositeActor.java:1828)
	at ptolemy.actor.Manager.preinitializeAndResolveTypes(Manager.java:1040)
	at ptolemy.actor.Manager.initialize(Manager.java:710)
	at ptolemy.actor.Manager.execute(Manager.java:356)
	at ptolemy.actor.Manager.run(Manager.java:1263)
	at ptolemy.actor.Manager$PtolemyRunThread.run(Manager.java:1933)
java.lang.RuntimeException: Execution failed
	at ptolemy.moml.MoMLSimpleApplication$UnloadThread.run(MoMLSimpleApplication.java:402)
Caused by: ptolemy.kernel.util.IllegalActionException: Found a zero delay loop containing .dependencyLoop2.original
  in .dependencyLoop2 and .dependencyLoop2.original
	at ptolemy.actor.util.CausalityInterfaceForComposites._computeOutputPortDepth(CausalityInterfaceForComposites.java:759)
	at ptolemy.actor.util.CausalityInterfaceForComposites._computeInputDepth(CausalityInterfaceForComposites.java:696)
	at ptolemy.actor.util.CausalityInterfaceForComposites._computeOutputPortDepth(CausalityInterfaceForComposites.java:765)
	at ptolemy.actor.util.CausalityInterfaceForComposites._computeInputDepth(CausalityInterfaceForComposites.java:696)
	at ptolemy.actor.util.CausalityInterfaceForComposites._computeOutputPortDepth(CausalityInterfaceForComposites.java:765)
	at ptolemy.actor.util.CausalityInterfaceForComposites._computeInputDepth(CausalityInterfaceForComposites.java:696)
	at ptolemy.actor.util.CausalityInterfaceForComposites._computeActorDepth(CausalityInterfaceForComposites.java:532)
	at ptolemy.actor.util.CausalityInterfaceForComposites.checkForCycles(CausalityInterfaceForComposites.java:96)
	at ptolemy.domains.de.kernel.DEDirector.preinitialize(DEDirector.java:1338)
	at ptolemy.actor.CompositeActor.preinitialize(CompositeActor.java:1828)
	at ptolemy.actor.Manager.preinitializeAndResolveTypes(Manager.java:1040)
	at ptolemy.actor.Manager.initialize(Manager.java:710)
	at ptolemy.actor.Manager.execute(Manager.java:356)
	at ptolemy.actor.Manager.run(Manager.java:1263)
	at ptolemy.actor.Manager$PtolemyRunThread.run(Manager.java:1933)
java.lang.reflect.InvocationTargetException
	at java.base/jdk.internal.reflect.NativeConstructorAccessorImpl.newInstance0(Native Method)
	at java.base/jdk.internal.reflect.NativeConstructorAccessorImpl.newInstance(NativeConstructorAccessorImpl.java:62)
	at java.base/jdk.internal.reflect.DelegatingConstructorAccessorImpl.newInstance(DelegatingConstructorAccessorImpl.java:45)
	at java.base/java.lang.reflect.Constructor.newInstance(Constructor.java:490)
	at ptolemy.util.test.junit.AutoKnownFailedTests.RunModel(AutoKnownFailedTests.java:105)
	at java.base/jdk.internal.reflect.NativeMethodAccessorImpl.invoke0(Native Method)
	at java.base/jdk.internal.reflect.NativeMethodAccessorImpl.invoke(NativeMethodAccessorImpl.java:62)
	at java.base/jdk.internal.reflect.DelegatingMethodAccessorImpl.invoke(DelegatingMethodAccessorImpl.java:43)
	at java.base/java.lang.reflect.Method.invoke(Method.java:566)
	at org.junit.runners.model.FrameworkMethod$1.runReflectiveCall(FrameworkMethod.java:44)
	at org.junit.internal.runners.model.ReflectiveCallable.run(ReflectiveCallable.java:15)
	at org.junit.runners.model.FrameworkMethod.invokeExplosively(FrameworkMethod.java:41)
	at junitparams.internal.InvokeParameterisedMethod.evaluate(InvokeParameterisedMethod.java:102)
	at org.junit.internal.runners.statements.FailOnTimeout$1.run(FailOnTimeout.java:28)
Caused by: ptolemy.kernel.util.IllegalActionException: Found a zero delay loop containing .dependencyLoop2.original
  in .dependencyLoop2 and .dependencyLoop2.original
	at ptolemy.actor.util.CausalityInterfaceForComposites._computeOutputPortDepth(CausalityInterfaceForComposites.java:759)
	at ptolemy.actor.util.CausalityInterfaceForComposites._computeInputDepth(CausalityInterfaceForComposites.java:696)
	at ptolemy.actor.util.CausalityInterfaceForComposites._computeOutputPortDepth(CausalityInterfaceForComposites.java:765)
	at ptolemy.actor.util.CausalityInterfaceForComposites._computeInputDepth(CausalityInterfaceForComposites.java:696)
	at ptolemy.actor.util.CausalityInterfaceForComposites._computeOutputPortDepth(CausalityInterfaceForComposites.java:765)
	at ptolemy.actor.util.CausalityInterfaceForComposites._computeInputDepth(CausalityInterfaceForComposites.java:696)
	at ptolemy.actor.util.CausalityInterfaceForComposites._computeActorDepth(CausalityInterfaceForComposites.java:532)
	at ptolemy.actor.util.CausalityInterfaceForComposites.checkForCycles(CausalityInterfaceForComposites.java:96)
	at ptolemy.domains.de.kernel.DEDirector.preinitialize(DEDirector.java:1338)
	at ptolemy.actor.CompositeActor.preinitialize(CompositeActor.java:1828)
	at ptolemy.actor.Manager.preinitializeAndResolveTypes(Manager.java:1040)
	at ptolemy.actor.Manager.initialize(Manager.java:710)
	at ptolemy.actor.Manager.execute(Manager.java:356)
	at ptolemy.actor.Manager.run(Manager.java:1263)
	at ptolemy.actor.Manager$PtolemyRunThread.run(Manager.java:1933)
]]></system-err>
</testsuite>
