<?xml version="1.0" encoding="UTF-8" ?>
<testsuite errors="0" failures="0" hostname="travis-job-79351775-0aaa-4dd0-9f44-21a3b54021ad" name="ptolemy.actor.lib.hoc.test.junit.JUnitTclTest" skipped="0" tests="58" time="30.179" timestamp="2020-03-27T13:39:02">
  <properties>
[...]
</properties>
  <testcase classname="ptolemy.util.test.junit.TclTests" name="[0] /home/travis/build/icyphy/ptII/ptolemy/actor/lib/hoc/test/IterateOverArray.tcl (RunTclFile)" time="0.279" />
  <testcase classname="ptolemy.util.test.junit.AutoKnownFailedTests" name="[0] /home/travis/build/icyphy/ptII/ptolemy/actor/lib/hoc/test/auto/knownFailedTests/PreinitializeMustBeInvokedRunComposite.xml (RunModel)" time="0.383" />
  <testcase classname="ptolemy.util.test.junit.AutoNameArchTests" name="[0] ThereAreNoAutoArchTests (RunModel)" time="0.001" />
  <testcase classname="ptolemy.util.test.junit.AutoTests" name="[0] /home/travis/build/icyphy/ptII/ptolemy/actor/lib/hoc/test/auto/AllToAllMultiInstanceComposite.xml (RunModel)" time="0.445" />
  <testcase classname="ptolemy.util.test.junit.AutoTests" name="[1] /home/travis/build/icyphy/ptII/ptolemy/actor/lib/hoc/test/auto/ApplyFFTTest.xml (RunModel)" time="0.295" />
  <testcase classname="ptolemy.util.test.junit.AutoTests" name="[2] /home/travis/build/icyphy/ptII/ptolemy/actor/lib/hoc/test/auto/ApplyFunction.xml (RunModel)" time="0.047" />
  <testcase classname="ptolemy.util.test.junit.AutoTests" name="[3] /home/travis/build/icyphy/ptII/ptolemy/actor/lib/hoc/test/auto/BackgroundExecution.xml (RunModel)" time="0.749" />
  <testcase classname="ptolemy.util.test.junit.AutoTests" name="[4] /home/travis/build/icyphy/ptII/ptolemy/actor/lib/hoc/test/auto/Case.xml (RunModel)" time="0.061" />
  <testcase classname="ptolemy.util.test.junit.AutoTests" name="[5] /home/travis/build/icyphy/ptII/ptolemy/actor/lib/hoc/test/auto/Case1.xml (RunModel)" time="0.073" />
  <testcase classname="ptolemy.util.test.junit.AutoTests" name="[6] /home/travis/build/icyphy/ptII/ptolemy/actor/lib/hoc/test/auto/Case2.xml (RunModel)" time="0.125" />
  <testcase classname="ptolemy.util.test.junit.AutoTests" name="[7] /home/travis/build/icyphy/ptII/ptolemy/actor/lib/hoc/test/auto/Case3.xml (RunModel)" time="0.044" />
  <testcase classname="ptolemy.util.test.junit.AutoTests" name="[8] /home/travis/build/icyphy/ptII/ptolemy/actor/lib/hoc/test/auto/Case4.xml (RunModel)" time="0.06" />
  <testcase classname="ptolemy.util.test.junit.AutoTests" name="[9] /home/travis/build/icyphy/ptII/ptolemy/actor/lib/hoc/test/auto/Case5.xml (RunModel)" time="0.065" />
  <testcase classname="ptolemy.util.test.junit.AutoTests" name="[10] /home/travis/build/icyphy/ptII/ptolemy/actor/lib/hoc/test/auto/Case6.xml (RunModel)" time="0.078" />
  <testcase classname="ptolemy.util.test.junit.AutoTests" name="[11] /home/travis/build/icyphy/ptII/ptolemy/actor/lib/hoc/test/auto/CaseString2.xml (RunModel)" time="0.038" />
  <testcase classname="ptolemy.util.test.junit.AutoTests" name="[12] /home/travis/build/icyphy/ptII/ptolemy/actor/lib/hoc/test/auto/CatchUpComposite1.xml (RunModel)" time="0.073" />
  <testcase classname="ptolemy.util.test.junit.AutoTests" name="[13] /home/travis/build/icyphy/ptII/ptolemy/actor/lib/hoc/test/auto/CatchUpComposite2.xml (RunModel)" time="0.072" />
  <testcase classname="ptolemy.util.test.junit.AutoTests" name="[14] /home/travis/build/icyphy/ptII/ptolemy/actor/lib/hoc/test/auto/CatchUpComposite3.xml (RunModel)" time="0.047" />
  <testcase classname="ptolemy.util.test.junit.AutoTests" name="[15] /home/travis/build/icyphy/ptII/ptolemy/actor/lib/hoc/test/auto/CatchUpComposite4.xml (RunModel)" time="0.037" />
  <testcase classname="ptolemy.util.test.junit.AutoTests" name="[16] /home/travis/build/icyphy/ptII/ptolemy/actor/lib/hoc/test/auto/CatchUpComposite5.xml (RunModel)" time="0.033" />
  <testcase classname="ptolemy.util.test.junit.AutoTests" name="[17] /home/travis/build/icyphy/ptII/ptolemy/actor/lib/hoc/test/auto/CatchUpComposite6.xml (RunModel)" time="0.153" />
  <testcase classname="ptolemy.util.test.junit.AutoTests" name="[18] /home/travis/build/icyphy/ptII/ptolemy/actor/lib/hoc/test/auto/CatchUpComposite7.xml (RunModel)" time="0.099" />
  <testcase classname="ptolemy.util.test.junit.AutoTests" name="[19] /home/travis/build/icyphy/ptII/ptolemy/actor/lib/hoc/test/auto/ConcurrentExecutionTimeSDF.xml (RunModel)" time="0.969" />
  <testcase classname="ptolemy.util.test.junit.AutoTests" name="[20] /home/travis/build/icyphy/ptII/ptolemy/actor/lib/hoc/test/auto/ConcurrentSleep.xml (RunModel)" time="0.762" />
  <testcase classname="ptolemy.util.test.junit.AutoTests" name="[21] /home/travis/build/icyphy/ptII/ptolemy/actor/lib/hoc/test/auto/DEInPNInRunCompositeActor.xml (RunModel)" time="0.028" />
  <testcase classname="ptolemy.util.test.junit.AutoTests" name="[22] /home/travis/build/icyphy/ptII/ptolemy/actor/lib/hoc/test/auto/DFTSubSetTest.xml (RunModel)" time="0.18" />
  <testcase classname="ptolemy.util.test.junit.AutoTests" name="[23] /home/travis/build/icyphy/ptII/ptolemy/actor/lib/hoc/test/auto/HocDE.xml (RunModel)" time="0.129" />
  <testcase classname="ptolemy.util.test.junit.AutoTests" name="[24] /home/travis/build/icyphy/ptII/ptolemy/actor/lib/hoc/test/auto/IterateOverArray.xml (RunModel)" time="0.018" />
  <testcase classname="ptolemy.util.test.junit.AutoTests" name="[25] /home/travis/build/icyphy/ptII/ptolemy/actor/lib/hoc/test/auto/IterateOverArray10.xml (RunModel)" time="0.012" />
  <testcase classname="ptolemy.util.test.junit.AutoTests" name="[26] /home/travis/build/icyphy/ptII/ptolemy/actor/lib/hoc/test/auto/IterateOverArray11.xml (RunModel)" time="0.024" />
  <testcase classname="ptolemy.util.test.junit.AutoTests" name="[27] /home/travis/build/icyphy/ptII/ptolemy/actor/lib/hoc/test/auto/IterateOverArray12.xml (RunModel)" time="0.026" />
  <testcase classname="ptolemy.util.test.junit.AutoTests" name="[28] /home/travis/build/icyphy/ptII/ptolemy/actor/lib/hoc/test/auto/IterateOverArray13.xml (RunModel)" time="0.139" />
  <testcase classname="ptolemy.util.test.junit.AutoTests" name="[29] /home/travis/build/icyphy/ptII/ptolemy/actor/lib/hoc/test/auto/IterateOverArray14.xml (RunModel)" time="0.153" />
  <testcase classname="ptolemy.util.test.junit.AutoTests" name="[30] /home/travis/build/icyphy/ptII/ptolemy/actor/lib/hoc/test/auto/IterateOverArray2.xml (RunModel)" time="0.027" />
  <testcase classname="ptolemy.util.test.junit.AutoTests" name="[31] /home/travis/build/icyphy/ptII/ptolemy/actor/lib/hoc/test/auto/IterateOverArray3.xml (RunModel)" time="0.042" />
  <testcase classname="ptolemy.util.test.junit.AutoTests" name="[32] /home/travis/build/icyphy/ptII/ptolemy/actor/lib/hoc/test/auto/IterateOverArray4.xml (RunModel)" time="0.024" />
  <testcase classname="ptolemy.util.test.junit.AutoTests" name="[33] /home/travis/build/icyphy/ptII/ptolemy/actor/lib/hoc/test/auto/IterateOverArray5.xml (RunModel)" time="0.013" />
  <testcase classname="ptolemy.util.test.junit.AutoTests" name="[34] /home/travis/build/icyphy/ptII/ptolemy/actor/lib/hoc/test/auto/IterateOverArray6.xml (RunModel)" time="0.025" />
  <testcase classname="ptolemy.util.test.junit.AutoTests" name="[35] /home/travis/build/icyphy/ptII/ptolemy/actor/lib/hoc/test/auto/IterateOverArray7.xml (RunModel)" time="0.015" />
  <testcase classname="ptolemy.util.test.junit.AutoTests" name="[36] /home/travis/build/icyphy/ptII/ptolemy/actor/lib/hoc/test/auto/IterateOverArray8.xml (RunModel)" time="0.019" />
  <testcase classname="ptolemy.util.test.junit.AutoTests" name="[37] /home/travis/build/icyphy/ptII/ptolemy/actor/lib/hoc/test/auto/IterateOverArray9.xml (RunModel)" time="0.019" />
  <testcase classname="ptolemy.util.test.junit.AutoTests" name="[38] /home/travis/build/icyphy/ptII/ptolemy/actor/lib/hoc/test/auto/IterateOverArrayCoercedOutputType.xml (RunModel)" time="0.033" />
  <testcase classname="ptolemy.util.test.junit.AutoTests" name="[39] /home/travis/build/icyphy/ptII/ptolemy/actor/lib/hoc/test/auto/IterateOverArrayInferredOutputType.xml (RunModel)" time="0.031" />
  <testcase classname="ptolemy.util.test.junit.AutoTests" name="[40] /home/travis/build/icyphy/ptII/ptolemy/actor/lib/hoc/test/auto/MobileFunctionTest.xml (RunModel)" time="0.024" />
  <testcase classname="ptolemy.util.test.junit.AutoTests" name="[41] /home/travis/build/icyphy/ptII/ptolemy/actor/lib/hoc/test/auto/MobileModelTest.xml (RunModel)" time="0.193" />
  <testcase classname="ptolemy.util.test.junit.AutoTests" name="[42] /home/travis/build/icyphy/ptII/ptolemy/actor/lib/hoc/test/auto/ModelReference.xml (RunModel)" time="0.063" />
  <testcase classname="ptolemy.util.test.junit.AutoTests" name="[43] /home/travis/build/icyphy/ptII/ptolemy/actor/lib/hoc/test/auto/ModelReference3.xml (RunModel)" time="0.042" />
  <testcase classname="ptolemy.util.test.junit.AutoTests" name="[44] /home/travis/build/icyphy/ptII/ptolemy/actor/lib/hoc/test/auto/ModelReference4.xml (RunModel)" time="10.032" />
  <testcase classname="ptolemy.util.test.junit.AutoTests" name="[45] /home/travis/build/icyphy/ptII/ptolemy/actor/lib/hoc/test/auto/MultiInstanceComposite.xml (RunModel)" time="0.055" />
  <testcase classname="ptolemy.util.test.junit.AutoTests" name="[46] /home/travis/build/icyphy/ptII/ptolemy/actor/lib/hoc/test/auto/MultiInstanceComposite2.xml (RunModel)" time="0.036" />
  <testcase classname="ptolemy.util.test.junit.AutoTests" name="[47] /home/travis/build/icyphy/ptII/ptolemy/actor/lib/hoc/test/auto/MulticoreExecution.xml (RunModel)" time="1.077" />
  <testcase classname="ptolemy.util.test.junit.AutoTests" name="[48] /home/travis/build/icyphy/ptII/ptolemy/actor/lib/hoc/test/auto/ParallelExecution.xml (RunModel)" time="0.938" />
  <testcase classname="ptolemy.util.test.junit.AutoTests" name="[49] /home/travis/build/icyphy/ptII/ptolemy/actor/lib/hoc/test/auto/RunCompositeActor.xml (RunModel)" time="0.04" />
  <testcase classname="ptolemy.util.test.junit.AutoTests" name="[50] /home/travis/build/icyphy/ptII/ptolemy/actor/lib/hoc/test/auto/RunCompositeActor2.xml (RunModel)" time="0.026" />
  <testcase classname="ptolemy.util.test.junit.AutoTests" name="[51] /home/travis/build/icyphy/ptII/ptolemy/actor/lib/hoc/test/auto/RunCompositeActor3.xml (RunModel)" time="0.016" />
  <testcase classname="ptolemy.util.test.junit.AutoTests" name="[52] /home/travis/build/icyphy/ptII/ptolemy/actor/lib/hoc/test/auto/RunCompositeActor4.xml (RunModel)" time="0.023" />
  <testcase classname="ptolemy.util.test.junit.AutoTests" name="[53] /home/travis/build/icyphy/ptII/ptolemy/actor/lib/hoc/test/auto/RunCompositeIterateOverArray.xml (RunModel)" time="0.034" />
  <testcase classname="ptolemy.util.test.junit.AutoTests" name="[54] /home/travis/build/icyphy/ptII/ptolemy/actor/lib/hoc/test/auto/ThreadedJS.xml (RunModel)" time="11.038" />
  <system-out><![CDATA[/home/travis/build/icyphy/ptII/ptolemy/actor/lib/hoc/test/IterateOverArray.tcl
testDefs.tcl: setting time out to 9000 seconds at Fri Mar 27 13:39:02 UTC 2020
03/27/20 01:39:03
Failed: 0  Total Tests: 2  ((Passed: 2, Newly Passed: 0)  Known Failed: 0) /home/travis/build/icyphy/ptII/ptolemy/actor/lib/hoc/test
----------------- testing (KnownFailure) /home/travis/build/icyphy/ptII/ptolemy/actor/lib/hoc/test/auto/knownFailedTests/PreinitializeMustBeInvokedRunComposite.xml
110 ms. Memory: 129024K Free: 86466K (67%)
Known Failure: java.lang.reflect.InvocationTargetException
No auto/linux-amd64/*.xml tests in /home/travis/build/icyphy/ptII/ptolemy/actor/lib/hoc/test
AutoTests.java: About to close Vertx.
AutoTests.java: Vertx closed.

===========================================================================================
----------------- testing Fri Mar 27 13:39:03 UTC 2020 /home/travis/build/icyphy/ptII/ptolemy/actor/lib/hoc/test/auto/AllToAllMultiInstanceComposite.xml
----------------- Instantiating /home/travis/build/icyphy/ptII/ptolemy/actor/lib/hoc/test/auto/AllToAllMultiInstanceComposite.xml
222 ms. Memory: 129024K Free: 107784K (84%)
----------------- Invoking toplevel() on ptolemy.moml.MoMLSimpleApplication@676567cf
----------------- Done invoking toplevel() on ptolemy.moml.MoMLSimpleApplication@676567cf
reloadAllAccessors: .AllToAllMultiInstanceComposite

===========================================================================================
----------------- testing Fri Mar 27 13:39:04 UTC 2020 /home/travis/build/icyphy/ptII/ptolemy/actor/lib/hoc/test/auto/ApplyFFTTest.xml
----------------- Instantiating /home/travis/build/icyphy/ptII/ptolemy/actor/lib/hoc/test/auto/ApplyFFTTest.xml
148 ms. Memory: 129024K Free: 88963K (69%)
----------------- Invoking toplevel() on ptolemy.moml.MoMLSimpleApplication@78132242
----------------- Done invoking toplevel() on ptolemy.moml.MoMLSimpleApplication@78132242
reloadAllAccessors: .ApplyFFTTest

===========================================================================================
----------------- testing Fri Mar 27 13:39:04 UTC 2020 /home/travis/build/icyphy/ptII/ptolemy/actor/lib/hoc/test/auto/ApplyFunction.xml
----------------- Instantiating /home/travis/build/icyphy/ptII/ptolemy/actor/lib/hoc/test/auto/ApplyFunction.xml
6 ms. Memory: 129024K Free: 85546K (66%)
----------------- Invoking toplevel() on ptolemy.moml.MoMLSimpleApplication@243c9f5f
----------------- Done invoking toplevel() on ptolemy.moml.MoMLSimpleApplication@243c9f5f
reloadAllAccessors: .ApplyFunction

===========================================================================================
----------------- testing Fri Mar 27 13:39:04 UTC 2020 /home/travis/build/icyphy/ptII/ptolemy/actor/lib/hoc/test/auto/BackgroundExecution.xml
----------------- Instantiating /home/travis/build/icyphy/ptII/ptolemy/actor/lib/hoc/test/auto/BackgroundExecution.xml
639 ms. Memory: 129024K Free: 78054K (60%)
----------------- Invoking toplevel() on ptolemy.moml.MoMLSimpleApplication@106a5b64
----------------- Done invoking toplevel() on ptolemy.moml.MoMLSimpleApplication@106a5b64
reloadAllAccessors: .BackgroundExecution

===========================================================================================
----------------- testing Fri Mar 27 13:39:05 UTC 2020 /home/travis/build/icyphy/ptII/ptolemy/actor/lib/hoc/test/auto/Case.xml
----------------- Instantiating /home/travis/build/icyphy/ptII/ptolemy/actor/lib/hoc/test/auto/Case.xml
16 ms. Memory: 129024K Free: 71232K (55%)
----------------- Invoking toplevel() on ptolemy.moml.MoMLSimpleApplication@8f52e1
----------------- Done invoking toplevel() on ptolemy.moml.MoMLSimpleApplication@8f52e1
reloadAllAccessors: .Case

===========================================================================================
----------------- testing Fri Mar 27 13:39:05 UTC 2020 /home/travis/build/icyphy/ptII/ptolemy/actor/lib/hoc/test/auto/Case1.xml
----------------- Instantiating /home/travis/build/icyphy/ptII/ptolemy/actor/lib/hoc/test/auto/Case1.xml
21 ms. Memory: 129024K Free: 110333K (86%)
----------------- Invoking toplevel() on ptolemy.moml.MoMLSimpleApplication@4b652c35
----------------- Done invoking toplevel() on ptolemy.moml.MoMLSimpleApplication@4b652c35
reloadAllAccessors: .Case1

===========================================================================================
----------------- testing Fri Mar 27 13:39:05 UTC 2020 /home/travis/build/icyphy/ptII/ptolemy/actor/lib/hoc/test/auto/Case2.xml
----------------- Instantiating /home/travis/build/icyphy/ptII/ptolemy/actor/lib/hoc/test/auto/Case2.xml
55 ms. Memory: 129024K Free: 100093K (78%)
----------------- Invoking toplevel() on ptolemy.moml.MoMLSimpleApplication@470b05ee
----------------- Done invoking toplevel() on ptolemy.moml.MoMLSimpleApplication@470b05ee
reloadAllAccessors: .Case2

===========================================================================================
----------------- testing Fri Mar 27 13:39:05 UTC 2020 /home/travis/build/icyphy/ptII/ptolemy/actor/lib/hoc/test/auto/Case3.xml
----------------- Instantiating /home/travis/build/icyphy/ptII/ptolemy/actor/lib/hoc/test/auto/Case3.xml
13 ms. Memory: 129024K Free: 94217K (73%)
----------------- Invoking toplevel() on ptolemy.moml.MoMLSimpleApplication@1936703
----------------- Done invoking toplevel() on ptolemy.moml.MoMLSimpleApplication@1936703
reloadAllAccessors: .Case3

===========================================================================================
----------------- testing Fri Mar 27 13:39:05 UTC 2020 /home/travis/build/icyphy/ptII/ptolemy/actor/lib/hoc/test/auto/Case4.xml
----------------- Instantiating /home/travis/build/icyphy/ptII/ptolemy/actor/lib/hoc/test/auto/Case4.xml
16 ms. Memory: 129024K Free: 86491K (67%)
----------------- Invoking toplevel() on ptolemy.moml.MoMLSimpleApplication@41e5a43
----------------- Done invoking toplevel() on ptolemy.moml.MoMLSimpleApplication@41e5a43
reloadAllAccessors: .Case4

===========================================================================================
----------------- testing Fri Mar 27 13:39:05 UTC 2020 /home/travis/build/icyphy/ptII/ptolemy/actor/lib/hoc/test/auto/Case5.xml
----------------- Instantiating /home/travis/build/icyphy/ptII/ptolemy/actor/lib/hoc/test/auto/Case5.xml
33 ms. Memory: 129024K Free: 80371K (62%)
----------------- Invoking toplevel() on ptolemy.moml.MoMLSimpleApplication@362a926b
----------------- Done invoking toplevel() on ptolemy.moml.MoMLSimpleApplication@362a926b
reloadAllAccessors: .junk

===========================================================================================
----------------- testing Fri Mar 27 13:39:05 UTC 2020 /home/travis/build/icyphy/ptII/ptolemy/actor/lib/hoc/test/auto/Case6.xml
----------------- Instantiating /home/travis/build/icyphy/ptII/ptolemy/actor/lib/hoc/test/auto/Case6.xml
32 ms. Memory: 129024K Free: 68840K (53%)
----------------- Invoking toplevel() on ptolemy.moml.MoMLSimpleApplication@2941c7e8
----------------- Done invoking toplevel() on ptolemy.moml.MoMLSimpleApplication@2941c7e8
reloadAllAccessors: .Case6

===========================================================================================
----------------- testing Fri Mar 27 13:39:05 UTC 2020 /home/travis/build/icyphy/ptII/ptolemy/actor/lib/hoc/test/auto/CaseString2.xml
----------------- Instantiating /home/travis/build/icyphy/ptII/ptolemy/actor/lib/hoc/test/auto/CaseString2.xml
11 ms. Memory: 129024K Free: 113185K (88%)
----------------- Invoking toplevel() on ptolemy.moml.MoMLSimpleApplication@53156363
----------------- Done invoking toplevel() on ptolemy.moml.MoMLSimpleApplication@53156363
reloadAllAccessors: .CaseString2

===========================================================================================
----------------- testing Fri Mar 27 13:39:06 UTC 2020 /home/travis/build/icyphy/ptII/ptolemy/actor/lib/hoc/test/auto/CatchUpComposite1.xml
----------------- Instantiating /home/travis/build/icyphy/ptII/ptolemy/actor/lib/hoc/test/auto/CatchUpComposite1.xml
34 ms. Memory: 129024K Free: 103759K (80%)
----------------- Invoking toplevel() on ptolemy.moml.MoMLSimpleApplication@208d85c9
----------------- Done invoking toplevel() on ptolemy.moml.MoMLSimpleApplication@208d85c9
reloadAllAccessors: .CatchUpComposite1

===========================================================================================
----------------- testing Fri Mar 27 13:39:06 UTC 2020 /home/travis/build/icyphy/ptII/ptolemy/actor/lib/hoc/test/auto/CatchUpComposite2.xml
----------------- Instantiating /home/travis/build/icyphy/ptII/ptolemy/actor/lib/hoc/test/auto/CatchUpComposite2.xml
15 ms. Memory: 129024K Free: 95293K (74%)
----------------- Invoking toplevel() on ptolemy.moml.MoMLSimpleApplication@37995d25
----------------- Done invoking toplevel() on ptolemy.moml.MoMLSimpleApplication@37995d25
reloadAllAccessors: .CatchUpComposite2

===========================================================================================
----------------- testing Fri Mar 27 13:39:06 UTC 2020 /home/travis/build/icyphy/ptII/ptolemy/actor/lib/hoc/test/auto/CatchUpComposite3.xml
----------------- Instantiating /home/travis/build/icyphy/ptII/ptolemy/actor/lib/hoc/test/auto/CatchUpComposite3.xml
16 ms. Memory: 129024K Free: 86337K (67%)
----------------- Invoking toplevel() on ptolemy.moml.MoMLSimpleApplication@58a1f6c2
----------------- Done invoking toplevel() on ptolemy.moml.MoMLSimpleApplication@58a1f6c2
reloadAllAccessors: .CatchUpComposite3

===========================================================================================
----------------- testing Fri Mar 27 13:39:06 UTC 2020 /home/travis/build/icyphy/ptII/ptolemy/actor/lib/hoc/test/auto/CatchUpComposite4.xml
----------------- Instantiating /home/travis/build/icyphy/ptII/ptolemy/actor/lib/hoc/test/auto/CatchUpComposite4.xml
11 ms. Memory: 129024K Free: 78909K (61%)
----------------- Invoking toplevel() on ptolemy.moml.MoMLSimpleApplication@2096265c
----------------- Done invoking toplevel() on ptolemy.moml.MoMLSimpleApplication@2096265c
reloadAllAccessors: .CatchUpComposite4

===========================================================================================
----------------- testing Fri Mar 27 13:39:06 UTC 2020 /home/travis/build/icyphy/ptII/ptolemy/actor/lib/hoc/test/auto/CatchUpComposite5.xml
----------------- Instantiating /home/travis/build/icyphy/ptII/ptolemy/actor/lib/hoc/test/auto/CatchUpComposite5.xml
11 ms. Memory: 129024K Free: 71741K (56%)
----------------- Invoking toplevel() on ptolemy.moml.MoMLSimpleApplication@6f754f6a
----------------- Done invoking toplevel() on ptolemy.moml.MoMLSimpleApplication@6f754f6a
reloadAllAccessors: .CatchUpComposite5

===========================================================================================
----------------- testing Fri Mar 27 13:39:06 UTC 2020 /home/travis/build/icyphy/ptII/ptolemy/actor/lib/hoc/test/auto/CatchUpComposite6.xml
----------------- Instantiating /home/travis/build/icyphy/ptII/ptolemy/actor/lib/hoc/test/auto/CatchUpComposite6.xml
WARNING: The execution aspects in this model can influence the timing of actors by delaying the 
execution, potentially changing the behavior. There is no guarantee that actors fire at the 
time they request to be fired. 
Use Ptides for deterministic DE behavior that is not influenced by execution aspects. 

85 ms. Memory: 129024K Free: 56655K (44%)
----------------- Invoking toplevel() on ptolemy.moml.MoMLSimpleApplication@22d82d4a
----------------- Done invoking toplevel() on ptolemy.moml.MoMLSimpleApplication@22d82d4a
reloadAllAccessors: .CatchUpComposite6

===========================================================================================
----------------- testing Fri Mar 27 13:39:06 UTC 2020 /home/travis/build/icyphy/ptII/ptolemy/actor/lib/hoc/test/auto/CatchUpComposite7.xml
----------------- Instantiating /home/travis/build/icyphy/ptII/ptolemy/actor/lib/hoc/test/auto/CatchUpComposite7.xml
WARNING: The execution aspects in this model can influence the timing of actors by delaying the 
execution, potentially changing the behavior. There is no guarantee that actors fire at the 
time they request to be fired. 
Use Ptides for deterministic DE behavior that is not influenced by execution aspects. 

41 ms. Memory: 129024K Free: 43343K (34%)
----------------- Invoking toplevel() on ptolemy.moml.MoMLSimpleApplication@2275790f
----------------- Done invoking toplevel() on ptolemy.moml.MoMLSimpleApplication@2275790f
reloadAllAccessors: .CatchUpComposite7

===========================================================================================
----------------- testing Fri Mar 27 13:39:06 UTC 2020 /home/travis/build/icyphy/ptII/ptolemy/actor/lib/hoc/test/auto/ConcurrentExecutionTimeSDF.xml
----------------- Instantiating /home/travis/build/icyphy/ptII/ptolemy/actor/lib/hoc/test/auto/ConcurrentExecutionTimeSDF.xml
Fired ExecutionTime: 40400000
Fired ExecutionTime: 40400000
Fired ExecutionTime: 40400000
Fired ExecutionTime: 40400000
Fired ExecutionTime: 40400000
Fired ExecutionTime: 40400000
Fired ExecutionTime: 40400000
Fired ExecutionTime: 40400000
Fired ExecutionTime: 40400000
Fired ExecutionTime: 40400000
Fired ExecutionTime: 40400000
Fired ExecutionTime: 40400000
Fired ExecutionTime: 40400000
Fired ExecutionTime: 40400000
Fired ExecutionTime: 40400000
Fired ExecutionTime: 40400000
Fired ExecutionTime: 40400000
Fired ExecutionTime: 40400000
Fired ExecutionTime: 40400000
Fired ExecutionTime: 40400000
939 ms. Memory: 129024K Free: 110380K (86%)
----------------- Invoking toplevel() on ptolemy.moml.MoMLSimpleApplication@5ae900a7
----------------- Done invoking toplevel() on ptolemy.moml.MoMLSimpleApplication@5ae900a7
reloadAllAccessors: .ConcurrentExecutionTimeSDF

===========================================================================================
----------------- testing Fri Mar 27 13:39:07 UTC 2020 /home/travis/build/icyphy/ptII/ptolemy/actor/lib/hoc/test/auto/ConcurrentSleep.xml
----------------- Instantiating /home/travis/build/icyphy/ptII/ptolemy/actor/lib/hoc/test/auto/ConcurrentSleep.xml
726 ms. Memory: 129024K Free: 99116K (77%)
----------------- Invoking toplevel() on ptolemy.moml.MoMLSimpleApplication@c5af529
----------------- Done invoking toplevel() on ptolemy.moml.MoMLSimpleApplication@c5af529
reloadAllAccessors: .ConcurrentSleep

===========================================================================================
----------------- testing Fri Mar 27 13:39:08 UTC 2020 /home/travis/build/icyphy/ptII/ptolemy/actor/lib/hoc/test/auto/DEInPNInRunCompositeActor.xml
----------------- Instantiating /home/travis/build/icyphy/ptII/ptolemy/actor/lib/hoc/test/auto/DEInPNInRunCompositeActor.xml
8 ms. Memory: 129024K Free: 92447K (72%)
----------------- Invoking toplevel() on ptolemy.moml.MoMLSimpleApplication@625f169
----------------- Done invoking toplevel() on ptolemy.moml.MoMLSimpleApplication@625f169
reloadAllAccessors: .DEInPNInRunCompositeActor

===========================================================================================
----------------- testing Fri Mar 27 13:39:08 UTC 2020 /home/travis/build/icyphy/ptII/ptolemy/actor/lib/hoc/test/auto/DFTSubSetTest.xml
----------------- Instantiating /home/travis/build/icyphy/ptII/ptolemy/actor/lib/hoc/test/auto/DFTSubSetTest.xml
116 ms. Memory: 129024K Free: 49964K (39%)
----------------- Invoking toplevel() on ptolemy.moml.MoMLSimpleApplication@2f31ff44
----------------- Done invoking toplevel() on ptolemy.moml.MoMLSimpleApplication@2f31ff44
reloadAllAccessors: .DFTSubSetTest

===========================================================================================
----------------- testing Fri Mar 27 13:39:08 UTC 2020 /home/travis/build/icyphy/ptII/ptolemy/actor/lib/hoc/test/auto/HocDE.xml
----------------- Instantiating /home/travis/build/icyphy/ptII/ptolemy/actor/lib/hoc/test/auto/HocDE.xml
94 ms. Memory: 129024K Free: 99334K (77%)
----------------- Invoking toplevel() on ptolemy.moml.MoMLSimpleApplication@2ce5593f
----------------- Done invoking toplevel() on ptolemy.moml.MoMLSimpleApplication@2ce5593f
reloadAllAccessors: .HocDE

===========================================================================================
----------------- testing Fri Mar 27 13:39:08 UTC 2020 /home/travis/build/icyphy/ptII/ptolemy/actor/lib/hoc/test/auto/IterateOverArray.xml
----------------- Instantiating /home/travis/build/icyphy/ptII/ptolemy/actor/lib/hoc/test/auto/IterateOverArray.xml
5 ms. Memory: 129024K Free: 94775K (73%)
----------------- Invoking toplevel() on ptolemy.moml.MoMLSimpleApplication@57263eed
----------------- Done invoking toplevel() on ptolemy.moml.MoMLSimpleApplication@57263eed
reloadAllAccessors: .IterateOverArray

===========================================================================================
----------------- testing Fri Mar 27 13:39:08 UTC 2020 /home/travis/build/icyphy/ptII/ptolemy/actor/lib/hoc/test/auto/IterateOverArray10.xml
----------------- Instantiating /home/travis/build/icyphy/ptII/ptolemy/actor/lib/hoc/test/auto/IterateOverArray10.xml
2 ms. Memory: 129024K Free: 91327K (71%)
----------------- Invoking toplevel() on ptolemy.moml.MoMLSimpleApplication@2e29aa93
----------------- Done invoking toplevel() on ptolemy.moml.MoMLSimpleApplication@2e29aa93
reloadAllAccessors: .IterateOverArray10

===========================================================================================
----------------- testing Fri Mar 27 13:39:08 UTC 2020 /home/travis/build/icyphy/ptII/ptolemy/actor/lib/hoc/test/auto/IterateOverArray11.xml
----------------- Instantiating /home/travis/build/icyphy/ptII/ptolemy/actor/lib/hoc/test/auto/IterateOverArray11.xml
6 ms. Memory: 129024K Free: 87201K (68%)
----------------- Invoking toplevel() on ptolemy.moml.MoMLSimpleApplication@69e41f67
----------------- Done invoking toplevel() on ptolemy.moml.MoMLSimpleApplication@69e41f67
reloadAllAccessors: .IterateOverArray11

===========================================================================================
----------------- testing Fri Mar 27 13:39:08 UTC 2020 /home/travis/build/icyphy/ptII/ptolemy/actor/lib/hoc/test/auto/IterateOverArray12.xml
----------------- Instantiating /home/travis/build/icyphy/ptII/ptolemy/actor/lib/hoc/test/auto/IterateOverArray12.xml
9 ms. Memory: 129024K Free: 81088K (63%)
----------------- Invoking toplevel() on ptolemy.moml.MoMLSimpleApplication@1630e249
----------------- Done invoking toplevel() on ptolemy.moml.MoMLSimpleApplication@1630e249
reloadAllAccessors: .IterateOverArray12

===========================================================================================
----------------- testing Fri Mar 27 13:39:08 UTC 2020 /home/travis/build/icyphy/ptII/ptolemy/actor/lib/hoc/test/auto/IterateOverArray13.xml
----------------- Instantiating /home/travis/build/icyphy/ptII/ptolemy/actor/lib/hoc/test/auto/IterateOverArray13.xml
70 ms. Memory: 129024K Free: 51392K (40%)
----------------- Invoking toplevel() on ptolemy.moml.MoMLSimpleApplication@76af62d4
----------------- Done invoking toplevel() on ptolemy.moml.MoMLSimpleApplication@76af62d4
reloadAllAccessors: .IterateOverArray13

===========================================================================================
----------------- testing Fri Mar 27 13:39:08 UTC 2020 /home/travis/build/icyphy/ptII/ptolemy/actor/lib/hoc/test/auto/IterateOverArray14.xml
----------------- Instantiating /home/travis/build/icyphy/ptII/ptolemy/actor/lib/hoc/test/auto/IterateOverArray14.xml
60 ms. Memory: 129024K Free: 92159K (71%)
----------------- Invoking toplevel() on ptolemy.moml.MoMLSimpleApplication@48f45743
----------------- Done invoking toplevel() on ptolemy.moml.MoMLSimpleApplication@48f45743
reloadAllAccessors: .IterateOverArray14

===========================================================================================
----------------- testing Fri Mar 27 13:39:08 UTC 2020 /home/travis/build/icyphy/ptII/ptolemy/actor/lib/hoc/test/auto/IterateOverArray2.xml
----------------- Instantiating /home/travis/build/icyphy/ptII/ptolemy/actor/lib/hoc/test/auto/IterateOverArray2.xml
9 ms. Memory: 129024K Free: 87571K (68%)
----------------- Invoking toplevel() on ptolemy.moml.MoMLSimpleApplication@79e54d4
----------------- Done invoking toplevel() on ptolemy.moml.MoMLSimpleApplication@79e54d4
reloadAllAccessors: .IterateOverArray2

===========================================================================================
----------------- testing Fri Mar 27 13:39:09 UTC 2020 /home/travis/build/icyphy/ptII/ptolemy/actor/lib/hoc/test/auto/IterateOverArray3.xml
----------------- Instantiating /home/travis/build/icyphy/ptII/ptolemy/actor/lib/hoc/test/auto/IterateOverArray3.xml
16 ms. Memory: 129024K Free: 81919K (63%)
----------------- Invoking toplevel() on ptolemy.moml.MoMLSimpleApplication@47868e5f
----------------- Done invoking toplevel() on ptolemy.moml.MoMLSimpleApplication@47868e5f
reloadAllAccessors: .IterateOverArray3

===========================================================================================
----------------- testing Fri Mar 27 13:39:09 UTC 2020 /home/travis/build/icyphy/ptII/ptolemy/actor/lib/hoc/test/auto/IterateOverArray4.xml
----------------- Instantiating /home/travis/build/icyphy/ptII/ptolemy/actor/lib/hoc/test/auto/IterateOverArray4.xml
5 ms. Memory: 129024K Free: 77822K (60%)
----------------- Invoking toplevel() on ptolemy.moml.MoMLSimpleApplication@635230ce
----------------- Done invoking toplevel() on ptolemy.moml.MoMLSimpleApplication@635230ce
reloadAllAccessors: .IterateOverArray4

===========================================================================================
----------------- testing Fri Mar 27 13:39:09 UTC 2020 /home/travis/build/icyphy/ptII/ptolemy/actor/lib/hoc/test/auto/IterateOverArray5.xml
----------------- Instantiating /home/travis/build/icyphy/ptII/ptolemy/actor/lib/hoc/test/auto/IterateOverArray5.xml
3 ms. Memory: 129024K Free: 73727K (57%)
----------------- Invoking toplevel() on ptolemy.moml.MoMLSimpleApplication@678690fb
----------------- Done invoking toplevel() on ptolemy.moml.MoMLSimpleApplication@678690fb
reloadAllAccessors: .IterateOverArray5

===========================================================================================
----------------- testing Fri Mar 27 13:39:09 UTC 2020 /home/travis/build/icyphy/ptII/ptolemy/actor/lib/hoc/test/auto/IterateOverArray6.xml
----------------- Instantiating /home/travis/build/icyphy/ptII/ptolemy/actor/lib/hoc/test/auto/IterateOverArray6.xml
6 ms. Memory: 129024K Free: 70655K (55%)
----------------- Invoking toplevel() on ptolemy.moml.MoMLSimpleApplication@587a6df7
----------------- Done invoking toplevel() on ptolemy.moml.MoMLSimpleApplication@587a6df7
reloadAllAccessors: .IterateOverArray6

===========================================================================================
----------------- testing Fri Mar 27 13:39:09 UTC 2020 /home/travis/build/icyphy/ptII/ptolemy/actor/lib/hoc/test/auto/IterateOverArray7.xml
----------------- Instantiating /home/travis/build/icyphy/ptII/ptolemy/actor/lib/hoc/test/auto/IterateOverArray7.xml
4 ms. Memory: 129024K Free: 66037K (51%)
----------------- Invoking toplevel() on ptolemy.moml.MoMLSimpleApplication@5b45b189
----------------- Done invoking toplevel() on ptolemy.moml.MoMLSimpleApplication@5b45b189
reloadAllAccessors: .IterateOverArray7

===========================================================================================
----------------- testing Fri Mar 27 13:39:09 UTC 2020 /home/travis/build/icyphy/ptII/ptolemy/actor/lib/hoc/test/auto/IterateOverArray8.xml
----------------- Instantiating /home/travis/build/icyphy/ptII/ptolemy/actor/lib/hoc/test/auto/IterateOverArray8.xml
4 ms. Memory: 129024K Free: 61971K (48%)
----------------- Invoking toplevel() on ptolemy.moml.MoMLSimpleApplication@b11dbdb
----------------- Done invoking toplevel() on ptolemy.moml.MoMLSimpleApplication@b11dbdb
reloadAllAccessors: .IterateOverArray8

===========================================================================================
----------------- testing Fri Mar 27 13:39:09 UTC 2020 /home/travis/build/icyphy/ptII/ptolemy/actor/lib/hoc/test/auto/IterateOverArray9.xml
----------------- Instantiating /home/travis/build/icyphy/ptII/ptolemy/actor/lib/hoc/test/auto/IterateOverArray9.xml
4 ms. Memory: 129024K Free: 57854K (45%)
----------------- Invoking toplevel() on ptolemy.moml.MoMLSimpleApplication@6673317b
----------------- Done invoking toplevel() on ptolemy.moml.MoMLSimpleApplication@6673317b
reloadAllAccessors: .IterateOverArray9

===========================================================================================
----------------- testing Fri Mar 27 13:39:09 UTC 2020 /home/travis/build/icyphy/ptII/ptolemy/actor/lib/hoc/test/auto/IterateOverArrayCoercedOutputType.xml
----------------- Instantiating /home/travis/build/icyphy/ptII/ptolemy/actor/lib/hoc/test/auto/IterateOverArrayCoercedOutputType.xml
4 ms. Memory: 129024K Free: 52756K (41%)
----------------- Invoking toplevel() on ptolemy.moml.MoMLSimpleApplication@12baee0f
----------------- Done invoking toplevel() on ptolemy.moml.MoMLSimpleApplication@12baee0f
reloadAllAccessors: .IterateOverArrayCoercedOutputType

===========================================================================================
----------------- testing Fri Mar 27 13:39:09 UTC 2020 /home/travis/build/icyphy/ptII/ptolemy/actor/lib/hoc/test/auto/IterateOverArrayInferredOutputType.xml
----------------- Instantiating /home/travis/build/icyphy/ptII/ptolemy/actor/lib/hoc/test/auto/IterateOverArrayInferredOutputType.xml
10 ms. Memory: 129024K Free: 48128K (37%)
----------------- Invoking toplevel() on ptolemy.moml.MoMLSimpleApplication@7dd76a4a
----------------- Done invoking toplevel() on ptolemy.moml.MoMLSimpleApplication@7dd76a4a
reloadAllAccessors: .IterateOverArrayInferredOutputType

===========================================================================================
----------------- testing Fri Mar 27 13:39:09 UTC 2020 /home/travis/build/icyphy/ptII/ptolemy/actor/lib/hoc/test/auto/MobileFunctionTest.xml
----------------- Instantiating /home/travis/build/icyphy/ptII/ptolemy/actor/lib/hoc/test/auto/MobileFunctionTest.xml
5 ms. Memory: 129024K Free: 43518K (34%)
----------------- Invoking toplevel() on ptolemy.moml.MoMLSimpleApplication@222d43be
----------------- Done invoking toplevel() on ptolemy.moml.MoMLSimpleApplication@222d43be
reloadAllAccessors: .MobileFunctionTest

===========================================================================================
----------------- testing Fri Mar 27 13:39:09 UTC 2020 /home/travis/build/icyphy/ptII/ptolemy/actor/lib/hoc/test/auto/MobileModelTest.xml
----------------- Instantiating /home/travis/build/icyphy/ptII/ptolemy/actor/lib/hoc/test/auto/MobileModelTest.xml
151 ms. Memory: 155648K Free: 123664K (79%)
----------------- Invoking toplevel() on ptolemy.moml.MoMLSimpleApplication@1366951e
----------------- Done invoking toplevel() on ptolemy.moml.MoMLSimpleApplication@1366951e
reloadAllAccessors: .MobileModelTest

===========================================================================================
----------------- testing Fri Mar 27 13:39:09 UTC 2020 /home/travis/build/icyphy/ptII/ptolemy/actor/lib/hoc/test/auto/ModelReference.xml
----------------- Instantiating /home/travis/build/icyphy/ptII/ptolemy/actor/lib/hoc/test/auto/ModelReference.xml
4 ms. Memory: 155648K Free: 117040K (75%)
2 ms. Memory: 155648K Free: 116496K (75%)
2 ms. Memory: 155648K Free: 115488K (74%)
2 ms. Memory: 155648K Free: 114464K (74%)
3 ms. Memory: 155648K Free: 113968K (73%)
2 ms. Memory: 155648K Free: 112944K (73%)
2 ms. Memory: 155648K Free: 112400K (72%)
2 ms. Memory: 155648K Free: 111392K (72%)
2 ms. Memory: 155648K Free: 110368K (71%)
2 ms. Memory: 155648K Free: 109872K (71%)
32 ms. Memory: 155648K Free: 109872K (71%)
----------------- Invoking toplevel() on ptolemy.moml.MoMLSimpleApplication@f1631dc
----------------- Done invoking toplevel() on ptolemy.moml.MoMLSimpleApplication@f1631dc
reloadAllAccessors: .ModelReference

===========================================================================================
----------------- testing Fri Mar 27 13:39:09 UTC 2020 /home/travis/build/icyphy/ptII/ptolemy/actor/lib/hoc/test/auto/ModelReference3.xml
----------------- Instantiating /home/travis/build/icyphy/ptII/ptolemy/actor/lib/hoc/test/auto/ModelReference3.xml
2 ms. Memory: 155648K Free: 104752K (67%)
4 ms. Memory: 155648K Free: 104208K (67%)
2 ms. Memory: 155648K Free: 103214K (66%)
3 ms. Memory: 155648K Free: 102704K (66%)
1 ms. Memory: 155648K Free: 101680K (65%)
1 ms. Memory: 155648K Free: 100656K (65%)
3 ms. Memory: 155648K Free: 100128K (64%)
2 ms. Memory: 155648K Free: 99118K (64%)
1 ms. Memory: 155648K Free: 98608K (63%)
2 ms. Memory: 155648K Free: 97584K (63%)
30 ms. Memory: 155648K Free: 97584K (63%)
----------------- Invoking toplevel() on ptolemy.moml.MoMLSimpleApplication@23ce04d0
----------------- Done invoking toplevel() on ptolemy.moml.MoMLSimpleApplication@23ce04d0
reloadAllAccessors: .ModelReference3

===========================================================================================
----------------- testing Fri Mar 27 13:39:09 UTC 2020 /home/travis/build/icyphy/ptII/ptolemy/actor/lib/hoc/test/auto/ModelReference4.xml
----------------- Instantiating /home/travis/build/icyphy/ptII/ptolemy/actor/lib/hoc/test/auto/ModelReference4.xml
1 ms. Memory: 155648K Free: 92974K (60%)
4 ms. Memory: 155648K Free: 91440K (59%)
2 ms. Memory: 155648K Free: 90416K (58%)
2 ms. Memory: 155648K Free: 88872K (57%)
2 ms. Memory: 155648K Free: 87840K (56%)
2 ms. Memory: 155648K Free: 86824K (56%)
9 ms. Memory: 155648K Free: 85296K (55%)
2 ms. Memory: 155648K Free: 84272K (54%)
2 ms. Memory: 155648K Free: 82734K (53%)
2 ms. Memory: 155648K Free: 81680K (52%)
10023 ms. Memory: 155648K Free: 81680K (52%)
----------------- Invoking toplevel() on ptolemy.moml.MoMLSimpleApplication@c1aadae
----------------- Done invoking toplevel() on ptolemy.moml.MoMLSimpleApplication@c1aadae
reloadAllAccessors: .ModelReference4

===========================================================================================
----------------- testing Fri Mar 27 13:39:19 UTC 2020 /home/travis/build/icyphy/ptII/ptolemy/actor/lib/hoc/test/auto/MultiInstanceComposite.xml
----------------- Instantiating /home/travis/build/icyphy/ptII/ptolemy/actor/lib/hoc/test/auto/MultiInstanceComposite.xml
31 ms. Memory: 155648K Free: 62768K (40%)
----------------- Invoking toplevel() on ptolemy.moml.MoMLSimpleApplication@12fc054f
----------------- Done invoking toplevel() on ptolemy.moml.MoMLSimpleApplication@12fc054f
reloadAllAccessors: .MultiInstanceComposite

===========================================================================================
----------------- testing Fri Mar 27 13:39:19 UTC 2020 /home/travis/build/icyphy/ptII/ptolemy/actor/lib/hoc/test/auto/MultiInstanceComposite2.xml
----------------- Instantiating /home/travis/build/icyphy/ptII/ptolemy/actor/lib/hoc/test/auto/MultiInstanceComposite2.xml
20 ms. Memory: 155648K Free: 51504K (33%)
----------------- Invoking toplevel() on ptolemy.moml.MoMLSimpleApplication@180a757b
----------------- Done invoking toplevel() on ptolemy.moml.MoMLSimpleApplication@180a757b
reloadAllAccessors: .MultiInstanceComposite2

===========================================================================================
----------------- testing Fri Mar 27 13:39:19 UTC 2020 /home/travis/build/icyphy/ptII/ptolemy/actor/lib/hoc/test/auto/MulticoreExecution.xml
----------------- Instantiating /home/travis/build/icyphy/ptII/ptolemy/actor/lib/hoc/test/auto/MulticoreExecution.xml
Fired ExecutionTime: 4400000
Fired ExecutionTime: 2400000
Fired ExecutionTime: 86400000
Fired ExecutionTime: 97200000
Fired ExecutionTime: 109200000
Fired ExecutionTime: 109600000
Fired ExecutionTime: 111600000
Fired ExecutionTime: 85600000
Fired ExecutionTime: 113600000
Fired ExecutionTime: 113600000
Fired ExecutionTime: 109600000
Fired ExecutionTime: 109600000
Fired ExecutionTime: 100400000
Fired ExecutionTime: 104000000
Fired ExecutionTime: 109600000
Fired ExecutionTime: 110000000
Fired ExecutionTime: 109200000
Fired ExecutionTime: 110000000
Fired ExecutionTime: 106800000
Fired ExecutionTime: 110800000
1054 ms. Memory: 155648K Free: 133601K (86%)
----------------- Invoking toplevel() on ptolemy.moml.MoMLSimpleApplication@3ed2f475
----------------- Done invoking toplevel() on ptolemy.moml.MoMLSimpleApplication@3ed2f475
reloadAllAccessors: .MulticoreExecution

===========================================================================================
----------------- testing Fri Mar 27 13:39:20 UTC 2020 /home/travis/build/icyphy/ptII/ptolemy/actor/lib/hoc/test/auto/ParallelExecution.xml
----------------- Instantiating /home/travis/build/icyphy/ptII/ptolemy/actor/lib/hoc/test/auto/ParallelExecution.xml
916 ms. Memory: 155648K Free: 126323K (81%)
----------------- Invoking toplevel() on ptolemy.moml.MoMLSimpleApplication@de4d26d
----------------- Done invoking toplevel() on ptolemy.moml.MoMLSimpleApplication@de4d26d
reloadAllAccessors: .ParallelExecution

===========================================================================================
----------------- testing Fri Mar 27 13:39:21 UTC 2020 /home/travis/build/icyphy/ptII/ptolemy/actor/lib/hoc/test/auto/RunCompositeActor.xml
----------------- Instantiating /home/travis/build/icyphy/ptII/ptolemy/actor/lib/hoc/test/auto/RunCompositeActor.xml
6 ms. Memory: 155648K Free: 119219K (77%)
----------------- Invoking toplevel() on ptolemy.moml.MoMLSimpleApplication@525589f8
----------------- Done invoking toplevel() on ptolemy.moml.MoMLSimpleApplication@525589f8
reloadAllAccessors: .RunCompositeActor

===========================================================================================
----------------- testing Fri Mar 27 13:39:21 UTC 2020 /home/travis/build/icyphy/ptII/ptolemy/actor/lib/hoc/test/auto/RunCompositeActor2.xml
----------------- Instantiating /home/travis/build/icyphy/ptII/ptolemy/actor/lib/hoc/test/auto/RunCompositeActor2.xml
6 ms. Memory: 155648K Free: 113059K (73%)
----------------- Invoking toplevel() on ptolemy.moml.MoMLSimpleApplication@2ea75125
----------------- Done invoking toplevel() on ptolemy.moml.MoMLSimpleApplication@2ea75125
reloadAllAccessors: .RunCompositeActor2

===========================================================================================
----------------- testing Fri Mar 27 13:39:21 UTC 2020 /home/travis/build/icyphy/ptII/ptolemy/actor/lib/hoc/test/auto/RunCompositeActor3.xml
----------------- Instantiating /home/travis/build/icyphy/ptII/ptolemy/actor/lib/hoc/test/auto/RunCompositeActor3.xml
3 ms. Memory: 155648K Free: 107403K (69%)
----------------- Invoking toplevel() on ptolemy.moml.MoMLSimpleApplication@600c8b01
----------------- Done invoking toplevel() on ptolemy.moml.MoMLSimpleApplication@600c8b01
reloadAllAccessors: .RunCompositeActor3

===========================================================================================
----------------- testing Fri Mar 27 13:39:21 UTC 2020 /home/travis/build/icyphy/ptII/ptolemy/actor/lib/hoc/test/auto/RunCompositeActor4.xml
----------------- Instantiating /home/travis/build/icyphy/ptII/ptolemy/actor/lib/hoc/test/auto/RunCompositeActor4.xml
11 ms. Memory: 155648K Free: 99219K (64%)
----------------- Invoking toplevel() on ptolemy.moml.MoMLSimpleApplication@1b4e826e
----------------- Done invoking toplevel() on ptolemy.moml.MoMLSimpleApplication@1b4e826e
reloadAllAccessors: .RunCompositeActor4

===========================================================================================
----------------- testing Fri Mar 27 13:39:21 UTC 2020 /home/travis/build/icyphy/ptII/ptolemy/actor/lib/hoc/test/auto/RunCompositeIterateOverArray.xml
----------------- Instantiating /home/travis/build/icyphy/ptII/ptolemy/actor/lib/hoc/test/auto/RunCompositeIterateOverArray.xml
4 ms. Memory: 155648K Free: 93643K (60%)
----------------- Invoking toplevel() on ptolemy.moml.MoMLSimpleApplication@6c7d042b
----------------- Done invoking toplevel() on ptolemy.moml.MoMLSimpleApplication@6c7d042b
reloadAllAccessors: .RunCompositeIterateOverArray

===========================================================================================
----------------- testing Fri Mar 27 13:39:21 UTC 2020 /home/travis/build/icyphy/ptII/ptolemy/actor/lib/hoc/test/auto/ThreadedJS.xml
----------------- Instantiating /home/travis/build/icyphy/ptII/ptolemy/actor/lib/hoc/test/auto/ThreadedJS.xml
5158 ms. Memory: 225280K Free: 153174K (68%)
----------------- Invoking toplevel() on ptolemy.moml.MoMLSimpleApplication@49ffea42
----------------- Done invoking toplevel() on ptolemy.moml.MoMLSimpleApplication@49ffea42
reloadAllAccessors: .ThreadedJS
AutoTests.java: About to close Vertx.
AutoTests.java: Vertx closed.
]]></system-out>
  <system-err><![CDATA[java.lang.RuntimeException: Execution failed
	at ptolemy.moml.MoMLSimpleApplication$UnloadThread.run(MoMLSimpleApplication.java:402)
Caused by: ptolemy.kernel.util.IllegalActionException: initialize() was called after wrapup() was called but preinitialize() was not called after wrapup().
	at ptolemy.actor.lib.hoc.test.PreinitializeMustBeInvoked.initialize(PreinitializeMustBeInvoked.java:78)
	at ptolemy.actor.Director.initialize(Director.java:938)
	at ptolemy.actor.Director.initialize(Director.java:907)
	at ptolemy.actor.sched.StaticSchedulingDirector.initialize(StaticSchedulingDirector.java:159)
	at ptolemy.domains.sdf.kernel.SDFDirector.initialize(SDFDirector.java:544)
	at ptolemy.actor.CompositeActor.initialize(CompositeActor.java:935)
	at ptolemy.actor.lib.hoc.LifeCycleManager._executeInsideModel(LifeCycleManager.java:339)
	at ptolemy.actor.lib.hoc.RunCompositeActor.fire(RunCompositeActor.java:205)
	at ptolemy.actor.CompositeActor.iterate(CompositeActor.java:1146)
	at ptolemy.actor.sched.StaticSchedulingDirector.fire(StaticSchedulingDirector.java:216)
	at ptolemy.domains.sdf.kernel.SDFDirector.fire(SDFDirector.java:500)
	at ptolemy.actor.CompositeActor.fire(CompositeActor.java:455)
	at ptolemy.actor.Manager.iterate(Manager.java:851)
	at ptolemy.actor.Manager.execute(Manager.java:369)
	at ptolemy.actor.Manager.run(Manager.java:1263)
	at ptolemy.actor.Manager$PtolemyRunThread.run(Manager.java:1933)
java.lang.reflect.InvocationTargetException
	at java.base/jdk.internal.reflect.NativeConstructorAccessorImpl.newInstance0(Native Method)
	at java.base/jdk.internal.reflect.NativeConstructorAccessorImpl.newInstance(NativeConstructorAccessorImpl.java:62)
	at java.base/jdk.internal.reflect.DelegatingConstructorAccessorImpl.newInstance(DelegatingConstructorAccessorImpl.java:45)
	at java.base/java.lang.reflect.Constructor.newInstance(Constructor.java:490)
	at ptolemy.util.test.junit.AutoKnownFailedTests.RunModel(AutoKnownFailedTests.java:105)
	at java.base/jdk.internal.reflect.NativeMethodAccessorImpl.invoke0(Native Method)
	at java.base/jdk.internal.reflect.NativeMethodAccessorImpl.invoke(NativeMethodAccessorImpl.java:62)
	at java.base/jdk.internal.reflect.DelegatingMethodAccessorImpl.invoke(DelegatingMethodAccessorImpl.java:43)
	at java.base/java.lang.reflect.Method.invoke(Method.java:566)
	at org.junit.runners.model.FrameworkMethod$1.runReflectiveCall(FrameworkMethod.java:44)
	at org.junit.internal.runners.model.ReflectiveCallable.run(ReflectiveCallable.java:15)
	at org.junit.runners.model.FrameworkMethod.invokeExplosively(FrameworkMethod.java:41)
	at junitparams.internal.InvokeParameterisedMethod.evaluate(InvokeParameterisedMethod.java:102)
	at org.junit.internal.runners.statements.FailOnTimeout$1.run(FailOnTimeout.java:28)
Caused by: ptolemy.kernel.util.IllegalActionException: initialize() was called after wrapup() was called but preinitialize() was not called after wrapup().
	at ptolemy.actor.lib.hoc.test.PreinitializeMustBeInvoked.initialize(PreinitializeMustBeInvoked.java:78)
	at ptolemy.actor.Director.initialize(Director.java:938)
	at ptolemy.actor.Director.initialize(Director.java:907)
	at ptolemy.actor.sched.StaticSchedulingDirector.initialize(StaticSchedulingDirector.java:159)
	at ptolemy.domains.sdf.kernel.SDFDirector.initialize(SDFDirector.java:544)
	at ptolemy.actor.CompositeActor.initialize(CompositeActor.java:935)
	at ptolemy.actor.lib.hoc.LifeCycleManager._executeInsideModel(LifeCycleManager.java:339)
	at ptolemy.actor.lib.hoc.RunCompositeActor.fire(RunCompositeActor.java:205)
	at ptolemy.actor.CompositeActor.iterate(CompositeActor.java:1146)
	at ptolemy.actor.sched.StaticSchedulingDirector.fire(StaticSchedulingDirector.java:216)
	at ptolemy.domains.sdf.kernel.SDFDirector.fire(SDFDirector.java:500)
	at ptolemy.actor.CompositeActor.fire(CompositeActor.java:455)
	at ptolemy.actor.Manager.iterate(Manager.java:851)
	at ptolemy.actor.Manager.execute(Manager.java:369)
	at ptolemy.actor.Manager.run(Manager.java:1263)
	at ptolemy.actor.Manager$PtolemyRunThread.run(Manager.java:1933)
Warning: Nashorn engine is planned to be removed from a future JDK release
Warning: Nashorn engine is planned to be removed from a future JDK release
Warning: Nashorn engine is planned to be removed from a future JDK release
Warning: Nashorn engine is planned to be removed from a future JDK release
Warning: Nashorn engine is planned to be removed from a future JDK release
Warning: Nashorn engine is planned to be removed from a future JDK release
Warning: Nashorn engine is planned to be removed from a future JDK release
Warning: Nashorn engine is planned to be removed from a future JDK release
]]></system-err>
</testsuite>
