<?xml version="1.0" encoding="UTF-8" ?>
<testsuite errors="0" failures="0" hostname="travis-job-c046f8a4-ffc0-4286-a53d-72f00a2fdebb" name="ptolemy.domains.sdf.lib.test.junit.JUnitTclTest" skipped="0" tests="82" time="10.148" timestamp="2019-06-25T04:59:40">
  <properties>
[...]
</properties>
  <testcase classname="ptolemy.util.test.junit.TclTests" name="[0] /home/travis/build/icyphy/ptII/ptolemy/domains/sdf/lib/test/ArrayToSequence.tcl (RunTclFile)" time="0.756" />
  <testcase classname="ptolemy.util.test.junit.TclTests" name="[1] /home/travis/build/icyphy/ptII/ptolemy/domains/sdf/lib/test/BitsToInt.tcl (RunTclFile)" time="0.079" />
  <testcase classname="ptolemy.util.test.junit.TclTests" name="[2] /home/travis/build/icyphy/ptII/ptolemy/domains/sdf/lib/test/DelayLine.tcl (RunTclFile)" time="0.048" />
  <testcase classname="ptolemy.util.test.junit.TclTests" name="[3] /home/travis/build/icyphy/ptII/ptolemy/domains/sdf/lib/test/FFT.tcl (RunTclFile)" time="0.056" />
  <testcase classname="ptolemy.util.test.junit.TclTests" name="[4] /home/travis/build/icyphy/ptII/ptolemy/domains/sdf/lib/test/FIR.tcl (RunTclFile)" time="0.131" />
  <testcase classname="ptolemy.util.test.junit.TclTests" name="[5] /home/travis/build/icyphy/ptII/ptolemy/domains/sdf/lib/test/IntToBits.tcl (RunTclFile)" time="0.062" />
  <testcase classname="ptolemy.util.test.junit.TclTests" name="[6] /home/travis/build/icyphy/ptII/ptolemy/domains/sdf/lib/test/MaximumEntropySpectrum.tcl (RunTclFile)" time="0.352" />
  <testcase classname="ptolemy.util.test.junit.TclTests" name="[7] /home/travis/build/icyphy/ptII/ptolemy/domains/sdf/lib/test/Repeat.tcl (RunTclFile)" time="0.039" />
  <testcase classname="ptolemy.util.test.junit.TclTests" name="[8] /home/travis/build/icyphy/ptII/ptolemy/domains/sdf/lib/test/SampleDelay.tcl (RunTclFile)" time="0.075" />
  <testcase classname="ptolemy.util.test.junit.TclTests" name="[9] /home/travis/build/icyphy/ptII/ptolemy/domains/sdf/lib/test/SequenceToArray.tcl (RunTclFile)" time="0.095" />
  <testcase classname="ptolemy.util.test.junit.AutoKnownFailedTests" name="[0] ThereAreNoKnowFailedTests (RunModel)" time="0.007" />
  <testcase classname="ptolemy.util.test.junit.AutoNameArchTests" name="[0] ThereAreNoAutoArchTests (RunModel)" time="0.008" />
  <testcase classname="ptolemy.util.test.junit.AutoTests" name="[0] /home/travis/build/icyphy/ptII/ptolemy/domains/sdf/lib/test/auto/ArrayToSequence.xml (RunModel)" time="0.243" />
  <testcase classname="ptolemy.util.test.junit.AutoTests" name="[1] /home/travis/build/icyphy/ptII/ptolemy/domains/sdf/lib/test/auto/ArrayToSequenceTest.xml (RunModel)" time="0.087" />
  <testcase classname="ptolemy.util.test.junit.AutoTests" name="[2] /home/travis/build/icyphy/ptII/ptolemy/domains/sdf/lib/test/auto/Autocorrelation.xml (RunModel)" time="0.053" />
  <testcase classname="ptolemy.util.test.junit.AutoTests" name="[3] /home/travis/build/icyphy/ptII/ptolemy/domains/sdf/lib/test/auto/Autocorrelation2.xml (RunModel)" time="0.076" />
  <testcase classname="ptolemy.util.test.junit.AutoTests" name="[4] /home/travis/build/icyphy/ptII/ptolemy/domains/sdf/lib/test/auto/Autocorrelation3.xml (RunModel)" time="0.059" />
  <testcase classname="ptolemy.util.test.junit.AutoTests" name="[5] /home/travis/build/icyphy/ptII/ptolemy/domains/sdf/lib/test/auto/Autocorrelation4.xml (RunModel)" time="0.058" />
  <testcase classname="ptolemy.util.test.junit.AutoTests" name="[6] /home/travis/build/icyphy/ptII/ptolemy/domains/sdf/lib/test/auto/Autocorrelation5.xml (RunModel)" time="0.12" />
  <testcase classname="ptolemy.util.test.junit.AutoTests" name="[7] /home/travis/build/icyphy/ptII/ptolemy/domains/sdf/lib/test/auto/BitsToInt.xml (RunModel)" time="0.028" />
  <testcase classname="ptolemy.util.test.junit.AutoTests" name="[8] /home/travis/build/icyphy/ptII/ptolemy/domains/sdf/lib/test/auto/BooleanJoin.xml (RunModel)" time="0.043" />
  <testcase classname="ptolemy.util.test.junit.AutoTests" name="[9] /home/travis/build/icyphy/ptII/ptolemy/domains/sdf/lib/test/auto/BootstrapSampleDelay.xml (RunModel)" time="0.047" />
  <testcase classname="ptolemy.util.test.junit.AutoTests" name="[10] /home/travis/build/icyphy/ptII/ptolemy/domains/sdf/lib/test/auto/Chop.xml (RunModel)" time="0.081" />
  <testcase classname="ptolemy.util.test.junit.AutoTests" name="[11] /home/travis/build/icyphy/ptII/ptolemy/domains/sdf/lib/test/auto/Chop2.xml (RunModel)" time="0.087" />
  <testcase classname="ptolemy.util.test.junit.AutoTests" name="[12] /home/travis/build/icyphy/ptII/ptolemy/domains/sdf/lib/test/auto/ComplexJoin.xml (RunModel)" time="0.063" />
  <testcase classname="ptolemy.util.test.junit.AutoTests" name="[13] /home/travis/build/icyphy/ptII/ptolemy/domains/sdf/lib/test/auto/CountTrues.xml (RunModel)" time="0.069" />
  <testcase classname="ptolemy.util.test.junit.AutoTests" name="[14] /home/travis/build/icyphy/ptII/ptolemy/domains/sdf/lib/test/auto/DelayLine.xml (RunModel)" time="0.054" />
  <testcase classname="ptolemy.util.test.junit.AutoTests" name="[15] /home/travis/build/icyphy/ptII/ptolemy/domains/sdf/lib/test/auto/DotProduct.xml (RunModel)" time="0.035" />
  <testcase classname="ptolemy.util.test.junit.AutoTests" name="[16] /home/travis/build/icyphy/ptII/ptolemy/domains/sdf/lib/test/auto/DotProductMatrix.xml (RunModel)" time="0.024" />
  <testcase classname="ptolemy.util.test.junit.AutoTests" name="[17] /home/travis/build/icyphy/ptII/ptolemy/domains/sdf/lib/test/auto/DownSample1.xml (RunModel)" time="0.031" />
  <testcase classname="ptolemy.util.test.junit.AutoTests" name="[18] /home/travis/build/icyphy/ptII/ptolemy/domains/sdf/lib/test/auto/DynamicRateChange.xml (RunModel)" time="0.048" />
  <testcase classname="ptolemy.util.test.junit.AutoTests" name="[19] /home/travis/build/icyphy/ptII/ptolemy/domains/sdf/lib/test/auto/DynamicRates.xml (RunModel)" time="0.029" />
  <testcase classname="ptolemy.util.test.junit.AutoTests" name="[20] /home/travis/build/icyphy/ptII/ptolemy/domains/sdf/lib/test/auto/FFT1.xml (RunModel)" time="0.05" />
  <testcase classname="ptolemy.util.test.junit.AutoTests" name="[21] /home/travis/build/icyphy/ptII/ptolemy/domains/sdf/lib/test/auto/FIR1.xml (RunModel)" time="0.059" />
  <testcase classname="ptolemy.util.test.junit.AutoTests" name="[22] /home/travis/build/icyphy/ptII/ptolemy/domains/sdf/lib/test/auto/FIR2.xml (RunModel)" time="0.03" />
  <testcase classname="ptolemy.util.test.junit.AutoTests" name="[23] /home/travis/build/icyphy/ptII/ptolemy/domains/sdf/lib/test/auto/FIR4.xml (RunModel)" time="0.054" />
  <testcase classname="ptolemy.util.test.junit.AutoTests" name="[24] /home/travis/build/icyphy/ptII/ptolemy/domains/sdf/lib/test/auto/FixJoin.xml (RunModel)" time="0.046" />
  <testcase classname="ptolemy.util.test.junit.AutoTests" name="[25] /home/travis/build/icyphy/ptII/ptolemy/domains/sdf/lib/test/auto/IntJoin1.xml (RunModel)" time="0.029" />
  <testcase classname="ptolemy.util.test.junit.AutoTests" name="[26] /home/travis/build/icyphy/ptII/ptolemy/domains/sdf/lib/test/auto/IntJoin2.xml (RunModel)" time="0.026" />
  <testcase classname="ptolemy.util.test.junit.AutoTests" name="[27] /home/travis/build/icyphy/ptII/ptolemy/domains/sdf/lib/test/auto/IntJoin3.xml (RunModel)" time="0.027" />
  <testcase classname="ptolemy.util.test.junit.AutoTests" name="[28] /home/travis/build/icyphy/ptII/ptolemy/domains/sdf/lib/test/auto/IntJoin4.xml (RunModel)" time="0.027" />
  <testcase classname="ptolemy.util.test.junit.AutoTests" name="[29] /home/travis/build/icyphy/ptII/ptolemy/domains/sdf/lib/test/auto/IntJoin5.xml (RunModel)" time="0.028" />
  <testcase classname="ptolemy.util.test.junit.AutoTests" name="[30] /home/travis/build/icyphy/ptII/ptolemy/domains/sdf/lib/test/auto/IntToBits.xml (RunModel)" time="0.028" />
  <testcase classname="ptolemy.util.test.junit.AutoTests" name="[31] /home/travis/build/icyphy/ptII/ptolemy/domains/sdf/lib/test/auto/LMSAdaptive.xml (RunModel)" time="0.086" />
  <testcase classname="ptolemy.util.test.junit.AutoTests" name="[32] /home/travis/build/icyphy/ptII/ptolemy/domains/sdf/lib/test/auto/LMSAdaptiveFIR.xml (RunModel)" time="0.411" />
  <testcase classname="ptolemy.util.test.junit.AutoTests" name="[33] /home/travis/build/icyphy/ptII/ptolemy/domains/sdf/lib/test/auto/LMSAdaptiveFIR2.xml (RunModel)" time="0.499" />
  <testcase classname="ptolemy.util.test.junit.AutoTests" name="[34] /home/travis/build/icyphy/ptII/ptolemy/domains/sdf/lib/test/auto/LongJoin.xml (RunModel)" time="0.031" />
  <testcase classname="ptolemy.util.test.junit.AutoTests" name="[35] /home/travis/build/icyphy/ptII/ptolemy/domains/sdf/lib/test/auto/Matrix1.xml (RunModel)" time="0.024" />
  <testcase classname="ptolemy.util.test.junit.AutoTests" name="[36] /home/travis/build/icyphy/ptII/ptolemy/domains/sdf/lib/test/auto/Matrix2.xml (RunModel)" time="0.039" />
  <testcase classname="ptolemy.util.test.junit.AutoTests" name="[37] /home/travis/build/icyphy/ptII/ptolemy/domains/sdf/lib/test/auto/MatrixJoin1.xml (RunModel)" time="0.027" />
  <testcase classname="ptolemy.util.test.junit.AutoTests" name="[38] /home/travis/build/icyphy/ptII/ptolemy/domains/sdf/lib/test/auto/MatrixJoin2.xml (RunModel)" time="0.049" />
  <testcase classname="ptolemy.util.test.junit.AutoTests" name="[39] /home/travis/build/icyphy/ptII/ptolemy/domains/sdf/lib/test/auto/MatrixJoin3.xml (RunModel)" time="0.03" />
  <testcase classname="ptolemy.util.test.junit.AutoTests" name="[40] /home/travis/build/icyphy/ptII/ptolemy/domains/sdf/lib/test/auto/MatrixJoin4.xml (RunModel)" time="0.023" />
  <testcase classname="ptolemy.util.test.junit.AutoTests" name="[41] /home/travis/build/icyphy/ptII/ptolemy/domains/sdf/lib/test/auto/MatrixJoin5.xml (RunModel)" time="0.019" />
  <testcase classname="ptolemy.util.test.junit.AutoTests" name="[42] /home/travis/build/icyphy/ptII/ptolemy/domains/sdf/lib/test/auto/MatrixSplit1.xml (RunModel)" time="0.028" />
  <testcase classname="ptolemy.util.test.junit.AutoTests" name="[43] /home/travis/build/icyphy/ptII/ptolemy/domains/sdf/lib/test/auto/MatrixSplit10.xml (RunModel)" time="0.019" />
  <testcase classname="ptolemy.util.test.junit.AutoTests" name="[44] /home/travis/build/icyphy/ptII/ptolemy/domains/sdf/lib/test/auto/MatrixSplit11.xml (RunModel)" time="0.015" />
  <testcase classname="ptolemy.util.test.junit.AutoTests" name="[45] /home/travis/build/icyphy/ptII/ptolemy/domains/sdf/lib/test/auto/MatrixSplit12.xml (RunModel)" time="0.033" />
  <testcase classname="ptolemy.util.test.junit.AutoTests" name="[46] /home/travis/build/icyphy/ptII/ptolemy/domains/sdf/lib/test/auto/MatrixSplit13.xml (RunModel)" time="0.029" />
  <testcase classname="ptolemy.util.test.junit.AutoTests" name="[47] /home/travis/build/icyphy/ptII/ptolemy/domains/sdf/lib/test/auto/MatrixSplit14.xml (RunModel)" time="0.034" />
  <testcase classname="ptolemy.util.test.junit.AutoTests" name="[48] /home/travis/build/icyphy/ptII/ptolemy/domains/sdf/lib/test/auto/MatrixSplit2.xml (RunModel)" time="0.018" />
  <testcase classname="ptolemy.util.test.junit.AutoTests" name="[49] /home/travis/build/icyphy/ptII/ptolemy/domains/sdf/lib/test/auto/MatrixSplit3.xml (RunModel)" time="0.017" />
  <testcase classname="ptolemy.util.test.junit.AutoTests" name="[50] /home/travis/build/icyphy/ptII/ptolemy/domains/sdf/lib/test/auto/MatrixSplit4.xml (RunModel)" time="0.017" />
  <testcase classname="ptolemy.util.test.junit.AutoTests" name="[51] /home/travis/build/icyphy/ptII/ptolemy/domains/sdf/lib/test/auto/MatrixSplit5.xml (RunModel)" time="0.028" />
  <testcase classname="ptolemy.util.test.junit.AutoTests" name="[52] /home/travis/build/icyphy/ptII/ptolemy/domains/sdf/lib/test/auto/MatrixSplit6.xml (RunModel)" time="0.017" />
  <testcase classname="ptolemy.util.test.junit.AutoTests" name="[53] /home/travis/build/icyphy/ptII/ptolemy/domains/sdf/lib/test/auto/MatrixSplit7.xml (RunModel)" time="0.015" />
  <testcase classname="ptolemy.util.test.junit.AutoTests" name="[54] /home/travis/build/icyphy/ptII/ptolemy/domains/sdf/lib/test/auto/MatrixSplit8.xml (RunModel)" time="0.019" />
  <testcase classname="ptolemy.util.test.junit.AutoTests" name="[55] /home/travis/build/icyphy/ptII/ptolemy/domains/sdf/lib/test/auto/MatrixSplit9.xml (RunModel)" time="0.033" />
  <testcase classname="ptolemy.util.test.junit.AutoTests" name="[56] /home/travis/build/icyphy/ptII/ptolemy/domains/sdf/lib/test/auto/MatrixToSequence.xml (RunModel)" time="0.053" />
  <testcase classname="ptolemy.util.test.junit.AutoTests" name="[57] /home/travis/build/icyphy/ptII/ptolemy/domains/sdf/lib/test/auto/MaximumEntropySpectrum.xml (RunModel)" time="0.093" />
  <testcase classname="ptolemy.util.test.junit.AutoTests" name="[58] /home/travis/build/icyphy/ptII/ptolemy/domains/sdf/lib/test/auto/SampleDelayConversion.xml (RunModel)" time="0.017" />
  <testcase classname="ptolemy.util.test.junit.AutoTests" name="[59] /home/travis/build/icyphy/ptII/ptolemy/domains/sdf/lib/test/auto/SequenceToArray.xml (RunModel)" time="0.041" />
  <testcase classname="ptolemy.util.test.junit.AutoTests" name="[60] /home/travis/build/icyphy/ptII/ptolemy/domains/sdf/lib/test/auto/SequenceToMatrix.xml (RunModel)" time="3.976" />
  <testcase classname="ptolemy.util.test.junit.AutoTests" name="[61] /home/travis/build/icyphy/ptII/ptolemy/domains/sdf/lib/test/auto/SmoothedPeriodogram.xml (RunModel)" time="0.06" />
  <testcase classname="ptolemy.util.test.junit.AutoTests" name="[62] /home/travis/build/icyphy/ptII/ptolemy/domains/sdf/lib/test/auto/UpDownSample1.xml (RunModel)" time="0.017" />
  <testcase classname="ptolemy.util.test.junit.AutoTests" name="[63] /home/travis/build/icyphy/ptII/ptolemy/domains/sdf/lib/test/auto/UpSample1.xml (RunModel)" time="0.01" />
  <testcase classname="ptolemy.util.test.junit.AutoTests" name="[64] /home/travis/build/icyphy/ptII/ptolemy/domains/sdf/lib/test/auto/VariableFIR.xml (RunModel)" time="0.017" />
  <testcase classname="ptolemy.util.test.junit.AutoTests" name="[65] /home/travis/build/icyphy/ptII/ptolemy/domains/sdf/lib/test/auto/VariableFIR2.xml (RunModel)" time="0.04" />
  <testcase classname="ptolemy.util.test.junit.AutoTests" name="[66] /home/travis/build/icyphy/ptII/ptolemy/domains/sdf/lib/test/auto/VariableLattice.xml (RunModel)" time="0.036" />
  <testcase classname="ptolemy.util.test.junit.AutoTests" name="[67] /home/travis/build/icyphy/ptII/ptolemy/domains/sdf/lib/test/auto/VariableLattice2.xml (RunModel)" time="0.026" />
  <testcase classname="ptolemy.util.test.junit.AutoTests" name="[68] /home/travis/build/icyphy/ptII/ptolemy/domains/sdf/lib/test/auto/VariableRecursiveLattice.xml (RunModel)" time="0.02" />
  <testcase classname="ptolemy.util.test.junit.AutoTests" name="[69] /home/travis/build/icyphy/ptII/ptolemy/domains/sdf/lib/test/auto/VariableRecursiveLattice2.xml (RunModel)" time="0.017" />
  <system-out><![CDATA[/home/travis/build/icyphy/ptII/ptolemy/domains/sdf/lib/test/ArrayToSequence.tcl
testDefs.tcl: setting time out to 9000 seconds at Tue Jun 25 04:59:41 UTC 2019
98 ms. Memory: 120832K Free: 101310K (84%)
12 ms. Memory: 120832K Free: 99198K (82%)
29 ms. Memory: 120832K Free: 97200K (80%)
57 ms. Memory: 120832K Free: 108682K (90%)
/home/travis/build/icyphy/ptII/ptolemy/domains/sdf/lib/test/BitsToInt.tcl
19 ms. Memory: 120832K Free: 107058K (89%)
20 ms. Memory: 120832K Free: 105141K (87%)
/home/travis/build/icyphy/ptII/ptolemy/domains/sdf/lib/test/DelayLine.tcl
16 ms. Memory: 120832K Free: 103532K (86%)
/home/travis/build/icyphy/ptII/ptolemy/domains/sdf/lib/test/FFT.tcl
6 ms. Memory: 120832K Free: 101484K (84%)
/home/travis/build/icyphy/ptII/ptolemy/domains/sdf/lib/test/FIR.tcl
8 ms. Memory: 120832K Free: 99466K (82%)
54 ms. Memory: 120832K Free: 95370K (79%)
ptolemy.kernel.util.IllegalActionException: multiplyReverse method not supported between ptolemy.data.FixToken 'fix(-0.0625,6,2)' and ptolemy.data.IntToken '1' because the types are incomparable.
  in .top.FIRclone
Because:
multiplyReverse method not supported between ptolemy.data.FixToken 'fix(-0.0625,6,2)' and ptolemy.data.IntToken '1' because the types are incomparable.
25 ms. Memory: 120832K Free: 93322K (77%)
/home/travis/build/icyphy/ptII/ptolemy/domains/sdf/lib/test/IntToBits.tcl
15 ms. Memory: 120832K Free: 91837K (76%)
6 ms. Memory: 120832K Free: 89811K (74%)
/home/travis/build/icyphy/ptII/ptolemy/domains/sdf/lib/test/MaximumEntropySpectrum.tcl
/home/travis/build/icyphy/ptII/ptolemy/domains/sdf/lib/test/Repeat.tcl
10 ms. Memory: 174080K Free: 142422K (82%)
/home/travis/build/icyphy/ptII/ptolemy/domains/sdf/lib/test/SampleDelay.tcl
9 ms. Memory: 174080K Free: 140388K (81%)
14 ms. Memory: 174080K Free: 139358K (80%)
12 ms. Memory: 174080K Free: 138340K (79%)
5 ms. Memory: 174080K Free: 137830K (79%)
3 ms. Memory: 174080K Free: 137302K (79%)
2 ms. Memory: 174080K Free: 136806K (79%)
/home/travis/build/icyphy/ptII/ptolemy/domains/sdf/lib/test/SequenceToArray.tcl
12 ms. Memory: 174080K Free: 135254K (78%)
17 ms. Memory: 174080K Free: 134230K (77%)
16 ms. Memory: 174080K Free: 132710K (76%)
6 ms. Memory: 174080K Free: 131686K (76%)
06/25/19 04:59:42
Failed: 0  Total Tests: 41  ((Passed: 41, Newly Passed: 0)  Known Failed: 0) /home/travis/build/icyphy/ptII/ptolemy/domains/sdf/lib/test
No auto/knownFailedTests/*.xml tests in /home/travis/build/icyphy/ptII/ptolemy/domains/sdf/lib/test
No auto/linux-amd64/*.xml tests in /home/travis/build/icyphy/ptII/ptolemy/domains/sdf/lib/test
AutoTests.java: About to close Vertx.
AutoTests.java: Vertx closed.

===========================================================================================
----------------- testing Tue Jun 25 04:59:43 UTC 2019 /home/travis/build/icyphy/ptII/ptolemy/domains/sdf/lib/test/auto/ArrayToSequence.xml
----------------- Instantiating /home/travis/build/icyphy/ptII/ptolemy/domains/sdf/lib/test/auto/ArrayToSequence.xml
43 ms. Memory: 174080K Free: 139410K (80%)
----------------- Invoking toplevel() on ptolemy.moml.MoMLSimpleApplication@6c0731e1
----------------- Done invoking toplevel() on ptolemy.moml.MoMLSimpleApplication@6c0731e1
reloadAllAccessors: .ArrayToSequence

===========================================================================================
----------------- testing Tue Jun 25 04:59:43 UTC 2019 /home/travis/build/icyphy/ptII/ptolemy/domains/sdf/lib/test/auto/ArrayToSequenceTest.xml
----------------- Instantiating /home/travis/build/icyphy/ptII/ptolemy/domains/sdf/lib/test/auto/ArrayToSequenceTest.xml
16 ms. Memory: 174080K Free: 133266K (77%)
----------------- Invoking toplevel() on ptolemy.moml.MoMLSimpleApplication@4d08080b
----------------- Done invoking toplevel() on ptolemy.moml.MoMLSimpleApplication@4d08080b
reloadAllAccessors: .ArrayToSequenceTest

===========================================================================================
----------------- testing Tue Jun 25 04:59:43 UTC 2019 /home/travis/build/icyphy/ptII/ptolemy/domains/sdf/lib/test/auto/Autocorrelation.xml
----------------- Instantiating /home/travis/build/icyphy/ptII/ptolemy/domains/sdf/lib/test/auto/Autocorrelation.xml
6 ms. Memory: 174080K Free: 128660K (74%)
----------------- Invoking toplevel() on ptolemy.moml.MoMLSimpleApplication@6f816a7d
----------------- Done invoking toplevel() on ptolemy.moml.MoMLSimpleApplication@6f816a7d
reloadAllAccessors: .Autocorrelation

===========================================================================================
----------------- testing Tue Jun 25 04:59:43 UTC 2019 /home/travis/build/icyphy/ptII/ptolemy/domains/sdf/lib/test/auto/Autocorrelation2.xml
----------------- Instantiating /home/travis/build/icyphy/ptII/ptolemy/domains/sdf/lib/test/auto/Autocorrelation2.xml
5 ms. Memory: 174080K Free: 124564K (72%)
----------------- Invoking toplevel() on ptolemy.moml.MoMLSimpleApplication@4da4a7e5
----------------- Done invoking toplevel() on ptolemy.moml.MoMLSimpleApplication@4da4a7e5
reloadAllAccessors: .Autocorrelation2

===========================================================================================
----------------- testing Tue Jun 25 04:59:43 UTC 2019 /home/travis/build/icyphy/ptII/ptolemy/domains/sdf/lib/test/auto/Autocorrelation3.xml
----------------- Instantiating /home/travis/build/icyphy/ptII/ptolemy/domains/sdf/lib/test/auto/Autocorrelation3.xml
5 ms. Memory: 174080K Free: 120978K (69%)
----------------- Invoking toplevel() on ptolemy.moml.MoMLSimpleApplication@1d05e17
----------------- Done invoking toplevel() on ptolemy.moml.MoMLSimpleApplication@1d05e17
reloadAllAccessors: .Autocorrelation3

===========================================================================================
----------------- testing Tue Jun 25 04:59:43 UTC 2019 /home/travis/build/icyphy/ptII/ptolemy/domains/sdf/lib/test/auto/Autocorrelation4.xml
----------------- Instantiating /home/travis/build/icyphy/ptII/ptolemy/domains/sdf/lib/test/auto/Autocorrelation4.xml
11 ms. Memory: 174080K Free: 115858K (67%)
----------------- Invoking toplevel() on ptolemy.moml.MoMLSimpleApplication@69700313
----------------- Done invoking toplevel() on ptolemy.moml.MoMLSimpleApplication@69700313
reloadAllAccessors: .Autocorrelation4

===========================================================================================
----------------- testing Tue Jun 25 04:59:43 UTC 2019 /home/travis/build/icyphy/ptII/ptolemy/domains/sdf/lib/test/auto/Autocorrelation5.xml
----------------- Instantiating /home/travis/build/icyphy/ptII/ptolemy/domains/sdf/lib/test/auto/Autocorrelation5.xml
37 ms. Memory: 174080K Free: 109204K (63%)
----------------- Invoking toplevel() on ptolemy.moml.MoMLSimpleApplication@40c525a7
----------------- Done invoking toplevel() on ptolemy.moml.MoMLSimpleApplication@40c525a7
reloadAllAccessors: .Autocorrelation5

===========================================================================================
----------------- testing Tue Jun 25 04:59:43 UTC 2019 /home/travis/build/icyphy/ptII/ptolemy/domains/sdf/lib/test/auto/BitsToInt.xml
----------------- Instantiating /home/travis/build/icyphy/ptII/ptolemy/domains/sdf/lib/test/auto/BitsToInt.xml
5 ms. Memory: 174080K Free: 105618K (61%)
----------------- Invoking toplevel() on ptolemy.moml.MoMLSimpleApplication@5dd35d9b
----------------- Done invoking toplevel() on ptolemy.moml.MoMLSimpleApplication@5dd35d9b
reloadAllAccessors: .BitsToInt

===========================================================================================
----------------- testing Tue Jun 25 04:59:43 UTC 2019 /home/travis/build/icyphy/ptII/ptolemy/domains/sdf/lib/test/auto/BooleanJoin.xml
----------------- Instantiating /home/travis/build/icyphy/ptII/ptolemy/domains/sdf/lib/test/auto/BooleanJoin.xml
10 ms. Memory: 174080K Free: 101522K (58%)
----------------- Invoking toplevel() on ptolemy.moml.MoMLSimpleApplication@51c047d4
----------------- Done invoking toplevel() on ptolemy.moml.MoMLSimpleApplication@51c047d4
reloadAllAccessors: .BooleanJoin

===========================================================================================
----------------- testing Tue Jun 25 04:59:43 UTC 2019 /home/travis/build/icyphy/ptII/ptolemy/domains/sdf/lib/test/auto/BootstrapSampleDelay.xml
----------------- Instantiating /home/travis/build/icyphy/ptII/ptolemy/domains/sdf/lib/test/auto/BootstrapSampleDelay.xml
7 ms. Memory: 174080K Free: 97426K (56%)
----------------- Invoking toplevel() on ptolemy.moml.MoMLSimpleApplication@5c37bdd2
----------------- Done invoking toplevel() on ptolemy.moml.MoMLSimpleApplication@5c37bdd2
reloadAllAccessors: .BootstrapSampleDelay

===========================================================================================
----------------- testing Tue Jun 25 04:59:43 UTC 2019 /home/travis/build/icyphy/ptII/ptolemy/domains/sdf/lib/test/auto/Chop.xml
----------------- Instantiating /home/travis/build/icyphy/ptII/ptolemy/domains/sdf/lib/test/auto/Chop.xml
19 ms. Memory: 174080K Free: 90258K (52%)
----------------- Invoking toplevel() on ptolemy.moml.MoMLSimpleApplication@3409246e
----------------- Done invoking toplevel() on ptolemy.moml.MoMLSimpleApplication@3409246e
reloadAllAccessors: .Chop

===========================================================================================
----------------- testing Tue Jun 25 04:59:44 UTC 2019 /home/travis/build/icyphy/ptII/ptolemy/domains/sdf/lib/test/auto/Chop2.xml
----------------- Instantiating /home/travis/build/icyphy/ptII/ptolemy/domains/sdf/lib/test/auto/Chop2.xml
9 ms. Memory: 174080K Free: 84114K (48%)
----------------- Invoking toplevel() on ptolemy.moml.MoMLSimpleApplication@7188bcb8
----------------- Done invoking toplevel() on ptolemy.moml.MoMLSimpleApplication@7188bcb8
reloadAllAccessors: .Chop2

===========================================================================================
----------------- testing Tue Jun 25 04:59:44 UTC 2019 /home/travis/build/icyphy/ptII/ptolemy/domains/sdf/lib/test/auto/ComplexJoin.xml
----------------- Instantiating /home/travis/build/icyphy/ptII/ptolemy/domains/sdf/lib/test/auto/ComplexJoin.xml
7 ms. Memory: 174080K Free: 79508K (46%)
----------------- Invoking toplevel() on ptolemy.moml.MoMLSimpleApplication@4fa1930b
----------------- Done invoking toplevel() on ptolemy.moml.MoMLSimpleApplication@4fa1930b
reloadAllAccessors: .ComplexJoin

===========================================================================================
----------------- testing Tue Jun 25 04:59:44 UTC 2019 /home/travis/build/icyphy/ptII/ptolemy/domains/sdf/lib/test/auto/CountTrues.xml
----------------- Instantiating /home/travis/build/icyphy/ptII/ptolemy/domains/sdf/lib/test/auto/CountTrues.xml
4 ms. Memory: 174080K Free: 156503K (90%)
----------------- Invoking toplevel() on ptolemy.moml.MoMLSimpleApplication@5ea196a2
----------------- Done invoking toplevel() on ptolemy.moml.MoMLSimpleApplication@5ea196a2
reloadAllAccessors: .CountTrues

===========================================================================================
----------------- testing Tue Jun 25 04:59:44 UTC 2019 /home/travis/build/icyphy/ptII/ptolemy/domains/sdf/lib/test/auto/DelayLine.xml
----------------- Instantiating /home/travis/build/icyphy/ptII/ptolemy/domains/sdf/lib/test/auto/DelayLine.xml
6 ms. Memory: 174080K Free: 150839K (87%)
----------------- Invoking toplevel() on ptolemy.moml.MoMLSimpleApplication@6294eda
----------------- Done invoking toplevel() on ptolemy.moml.MoMLSimpleApplication@6294eda
reloadAllAccessors: .DelayLine

===========================================================================================
----------------- testing Tue Jun 25 04:59:44 UTC 2019 /home/travis/build/icyphy/ptII/ptolemy/domains/sdf/lib/test/auto/DotProduct.xml
----------------- Instantiating /home/travis/build/icyphy/ptII/ptolemy/domains/sdf/lib/test/auto/DotProduct.xml
5 ms. Memory: 174080K Free: 147797K (85%)
----------------- Invoking toplevel() on ptolemy.moml.MoMLSimpleApplication@4f41391d
----------------- Done invoking toplevel() on ptolemy.moml.MoMLSimpleApplication@4f41391d
reloadAllAccessors: .DotProduct

===========================================================================================
----------------- testing Tue Jun 25 04:59:44 UTC 2019 /home/travis/build/icyphy/ptII/ptolemy/domains/sdf/lib/test/auto/DotProductMatrix.xml
----------------- Instantiating /home/travis/build/icyphy/ptII/ptolemy/domains/sdf/lib/test/auto/DotProductMatrix.xml
5 ms. Memory: 174080K Free: 144725K (83%)
----------------- Invoking toplevel() on ptolemy.moml.MoMLSimpleApplication@c85af91
----------------- Done invoking toplevel() on ptolemy.moml.MoMLSimpleApplication@c85af91
reloadAllAccessors: .DotProductMatrix

===========================================================================================
----------------- testing Tue Jun 25 04:59:44 UTC 2019 /home/travis/build/icyphy/ptII/ptolemy/domains/sdf/lib/test/auto/DownSample1.xml
----------------- Instantiating /home/travis/build/icyphy/ptII/ptolemy/domains/sdf/lib/test/auto/DownSample1.xml
7 ms. Memory: 174080K Free: 141653K (81%)
----------------- Invoking toplevel() on ptolemy.moml.MoMLSimpleApplication@62510302
----------------- Done invoking toplevel() on ptolemy.moml.MoMLSimpleApplication@62510302
reloadAllAccessors: .DownSample1

===========================================================================================
----------------- testing Tue Jun 25 04:59:44 UTC 2019 /home/travis/build/icyphy/ptII/ptolemy/domains/sdf/lib/test/auto/DynamicRateChange.xml
----------------- Instantiating /home/travis/build/icyphy/ptII/ptolemy/domains/sdf/lib/test/auto/DynamicRateChange.xml
18 ms. Memory: 174080K Free: 135495K (78%)
----------------- Invoking toplevel() on ptolemy.moml.MoMLSimpleApplication@4fa70afb
----------------- Done invoking toplevel() on ptolemy.moml.MoMLSimpleApplication@4fa70afb
reloadAllAccessors: .DynamicRateChange

===========================================================================================
----------------- testing Tue Jun 25 04:59:44 UTC 2019 /home/travis/build/icyphy/ptII/ptolemy/domains/sdf/lib/test/auto/DynamicRates.xml
----------------- Instantiating /home/travis/build/icyphy/ptII/ptolemy/domains/sdf/lib/test/auto/DynamicRates.xml
7 ms. Memory: 174080K Free: 130389K (75%)
----------------- Invoking toplevel() on ptolemy.moml.MoMLSimpleApplication@34b8c723
----------------- Done invoking toplevel() on ptolemy.moml.MoMLSimpleApplication@34b8c723
reloadAllAccessors: .DynamicRates

===========================================================================================
----------------- testing Tue Jun 25 04:59:44 UTC 2019 /home/travis/build/icyphy/ptII/ptolemy/domains/sdf/lib/test/auto/FFT1.xml
----------------- Instantiating /home/travis/build/icyphy/ptII/ptolemy/domains/sdf/lib/test/auto/FFT1.xml
14 ms. Memory: 174080K Free: 125269K (72%)
----------------- Invoking toplevel() on ptolemy.moml.MoMLSimpleApplication@45f41d0a
----------------- Done invoking toplevel() on ptolemy.moml.MoMLSimpleApplication@45f41d0a
reloadAllAccessors: .FFT1

===========================================================================================
----------------- testing Tue Jun 25 04:59:44 UTC 2019 /home/travis/build/icyphy/ptII/ptolemy/domains/sdf/lib/test/auto/FIR1.xml
----------------- Instantiating /home/travis/build/icyphy/ptII/ptolemy/domains/sdf/lib/test/auto/FIR1.xml
23 ms. Memory: 174080K Free: 119125K (68%)
----------------- Invoking toplevel() on ptolemy.moml.MoMLSimpleApplication@136eb0a0
----------------- Done invoking toplevel() on ptolemy.moml.MoMLSimpleApplication@136eb0a0
reloadAllAccessors: .FIR1

===========================================================================================
----------------- testing Tue Jun 25 04:59:44 UTC 2019 /home/travis/build/icyphy/ptII/ptolemy/domains/sdf/lib/test/auto/FIR2.xml
----------------- Instantiating /home/travis/build/icyphy/ptII/ptolemy/domains/sdf/lib/test/auto/FIR2.xml
6 ms. Memory: 174080K Free: 116053K (67%)
----------------- Invoking toplevel() on ptolemy.moml.MoMLSimpleApplication@32ebc6a2
----------------- Done invoking toplevel() on ptolemy.moml.MoMLSimpleApplication@32ebc6a2
reloadAllAccessors: .FIR2

===========================================================================================
----------------- testing Tue Jun 25 04:59:44 UTC 2019 /home/travis/build/icyphy/ptII/ptolemy/domains/sdf/lib/test/auto/FIR4.xml
----------------- Instantiating /home/travis/build/icyphy/ptII/ptolemy/domains/sdf/lib/test/auto/FIR4.xml
9 ms. Memory: 174080K Free: 108375K (62%)
----------------- Invoking toplevel() on ptolemy.moml.MoMLSimpleApplication@7a0b2c66
----------------- Done invoking toplevel() on ptolemy.moml.MoMLSimpleApplication@7a0b2c66
reloadAllAccessors: .FIR4

===========================================================================================
----------------- testing Tue Jun 25 04:59:44 UTC 2019 /home/travis/build/icyphy/ptII/ptolemy/domains/sdf/lib/test/auto/FixJoin.xml
----------------- Instantiating /home/travis/build/icyphy/ptII/ptolemy/domains/sdf/lib/test/auto/FixJoin.xml
4 ms. Memory: 174080K Free: 104279K (60%)
----------------- Invoking toplevel() on ptolemy.moml.MoMLSimpleApplication@32987efe
----------------- Done invoking toplevel() on ptolemy.moml.MoMLSimpleApplication@32987efe
reloadAllAccessors: .FixJoin

===========================================================================================
----------------- testing Tue Jun 25 04:59:44 UTC 2019 /home/travis/build/icyphy/ptII/ptolemy/domains/sdf/lib/test/auto/IntJoin1.xml
----------------- Instantiating /home/travis/build/icyphy/ptII/ptolemy/domains/sdf/lib/test/auto/IntJoin1.xml
4 ms. Memory: 174080K Free: 99669K (57%)
----------------- Invoking toplevel() on ptolemy.moml.MoMLSimpleApplication@38507968
----------------- Done invoking toplevel() on ptolemy.moml.MoMLSimpleApplication@38507968
reloadAllAccessors: .IntJoin1

===========================================================================================
----------------- testing Tue Jun 25 04:59:44 UTC 2019 /home/travis/build/icyphy/ptII/ptolemy/domains/sdf/lib/test/auto/IntJoin2.xml
----------------- Instantiating /home/travis/build/icyphy/ptII/ptolemy/domains/sdf/lib/test/auto/IntJoin2.xml
3 ms. Memory: 174080K Free: 95573K (55%)
----------------- Invoking toplevel() on ptolemy.moml.MoMLSimpleApplication@cfa5a50
----------------- Done invoking toplevel() on ptolemy.moml.MoMLSimpleApplication@cfa5a50
reloadAllAccessors: .IntJoin2

===========================================================================================
----------------- testing Tue Jun 25 04:59:44 UTC 2019 /home/travis/build/icyphy/ptII/ptolemy/domains/sdf/lib/test/auto/IntJoin3.xml
----------------- Instantiating /home/travis/build/icyphy/ptII/ptolemy/domains/sdf/lib/test/auto/IntJoin3.xml
6 ms. Memory: 174080K Free: 90967K (52%)
----------------- Invoking toplevel() on ptolemy.moml.MoMLSimpleApplication@4a98aca
----------------- Done invoking toplevel() on ptolemy.moml.MoMLSimpleApplication@4a98aca
reloadAllAccessors: .IntJoin3

===========================================================================================
----------------- testing Tue Jun 25 04:59:44 UTC 2019 /home/travis/build/icyphy/ptII/ptolemy/domains/sdf/lib/test/auto/IntJoin4.xml
----------------- Instantiating /home/travis/build/icyphy/ptII/ptolemy/domains/sdf/lib/test/auto/IntJoin4.xml
3 ms. Memory: 174080K Free: 86871K (50%)
----------------- Invoking toplevel() on ptolemy.moml.MoMLSimpleApplication@4fd98d9c
----------------- Done invoking toplevel() on ptolemy.moml.MoMLSimpleApplication@4fd98d9c
reloadAllAccessors: .IntJoin4

===========================================================================================
----------------- testing Tue Jun 25 04:59:44 UTC 2019 /home/travis/build/icyphy/ptII/ptolemy/domains/sdf/lib/test/auto/IntJoin5.xml
----------------- Instantiating /home/travis/build/icyphy/ptII/ptolemy/domains/sdf/lib/test/auto/IntJoin5.xml
4 ms. Memory: 174080K Free: 82261K (47%)
----------------- Invoking toplevel() on ptolemy.moml.MoMLSimpleApplication@10b6d3a7
----------------- Done invoking toplevel() on ptolemy.moml.MoMLSimpleApplication@10b6d3a7
reloadAllAccessors: .IntJoin5

===========================================================================================
----------------- testing Tue Jun 25 04:59:44 UTC 2019 /home/travis/build/icyphy/ptII/ptolemy/domains/sdf/lib/test/auto/IntToBits.xml
----------------- Instantiating /home/travis/build/icyphy/ptII/ptolemy/domains/sdf/lib/test/auto/IntToBits.xml
8 ms. Memory: 174080K Free: 79189K (45%)
----------------- Invoking toplevel() on ptolemy.moml.MoMLSimpleApplication@501bed3
----------------- Done invoking toplevel() on ptolemy.moml.MoMLSimpleApplication@501bed3
reloadAllAccessors: .IntToBits

===========================================================================================
----------------- testing Tue Jun 25 04:59:44 UTC 2019 /home/travis/build/icyphy/ptII/ptolemy/domains/sdf/lib/test/auto/LMSAdaptive.xml
----------------- Instantiating /home/travis/build/icyphy/ptII/ptolemy/domains/sdf/lib/test/auto/LMSAdaptive.xml
17 ms. Memory: 174080K Free: 70487K (40%)
----------------- Invoking toplevel() on ptolemy.moml.MoMLSimpleApplication@1f538ee2
----------------- Done invoking toplevel() on ptolemy.moml.MoMLSimpleApplication@1f538ee2
reloadAllAccessors: .LMSAdaptive

===========================================================================================
----------------- testing Tue Jun 25 04:59:45 UTC 2019 /home/travis/build/icyphy/ptII/ptolemy/domains/sdf/lib/test/auto/LMSAdaptiveFIR.xml
----------------- Instantiating /home/travis/build/icyphy/ptII/ptolemy/domains/sdf/lib/test/auto/LMSAdaptiveFIR.xml
255 ms. Memory: 174080K Free: 135656K (78%)
----------------- Invoking toplevel() on ptolemy.moml.MoMLSimpleApplication@2c334d76
----------------- Done invoking toplevel() on ptolemy.moml.MoMLSimpleApplication@2c334d76
reloadAllAccessors: .LMSAdaptiveFIR

===========================================================================================
----------------- testing Tue Jun 25 04:59:45 UTC 2019 /home/travis/build/icyphy/ptII/ptolemy/domains/sdf/lib/test/auto/LMSAdaptiveFIR2.xml
----------------- Instantiating /home/travis/build/icyphy/ptII/ptolemy/domains/sdf/lib/test/auto/LMSAdaptiveFIR2.xml
395 ms. Memory: 174080K Free: 77288K (44%)
----------------- Invoking toplevel() on ptolemy.moml.MoMLSimpleApplication@1ba95e67
----------------- Done invoking toplevel() on ptolemy.moml.MoMLSimpleApplication@1ba95e67
reloadAllAccessors: .LMSAdaptiveFIR2

===========================================================================================
----------------- testing Tue Jun 25 04:59:45 UTC 2019 /home/travis/build/icyphy/ptII/ptolemy/domains/sdf/lib/test/auto/LongJoin.xml
----------------- Instantiating /home/travis/build/icyphy/ptII/ptolemy/domains/sdf/lib/test/auto/LongJoin.xml
5 ms. Memory: 174080K Free: 73192K (42%)
----------------- Invoking toplevel() on ptolemy.moml.MoMLSimpleApplication@2ee4112
----------------- Done invoking toplevel() on ptolemy.moml.MoMLSimpleApplication@2ee4112
reloadAllAccessors: .LongJoin

===========================================================================================
----------------- testing Tue Jun 25 04:59:45 UTC 2019 /home/travis/build/icyphy/ptII/ptolemy/domains/sdf/lib/test/auto/Matrix1.xml
----------------- Instantiating /home/travis/build/icyphy/ptII/ptolemy/domains/sdf/lib/test/auto/Matrix1.xml
5 ms. Memory: 174080K Free: 69096K (40%)
----------------- Invoking toplevel() on ptolemy.moml.MoMLSimpleApplication@35fbe6af
----------------- Done invoking toplevel() on ptolemy.moml.MoMLSimpleApplication@35fbe6af
reloadAllAccessors: .Matrix1

===========================================================================================
----------------- testing Tue Jun 25 04:59:45 UTC 2019 /home/travis/build/icyphy/ptII/ptolemy/domains/sdf/lib/test/auto/Matrix2.xml
----------------- Instantiating /home/travis/build/icyphy/ptII/ptolemy/domains/sdf/lib/test/auto/Matrix2.xml
11 ms. Memory: 174080K Free: 65510K (38%)
----------------- Invoking toplevel() on ptolemy.moml.MoMLSimpleApplication@4ad5a079
----------------- Done invoking toplevel() on ptolemy.moml.MoMLSimpleApplication@4ad5a079
reloadAllAccessors: .Matrix2

===========================================================================================
----------------- testing Tue Jun 25 04:59:46 UTC 2019 /home/travis/build/icyphy/ptII/ptolemy/domains/sdf/lib/test/auto/MatrixJoin1.xml
----------------- Instantiating /home/travis/build/icyphy/ptII/ptolemy/domains/sdf/lib/test/auto/MatrixJoin1.xml
3 ms. Memory: 174080K Free: 60904K (35%)
----------------- Invoking toplevel() on ptolemy.moml.MoMLSimpleApplication@6ada37a7
----------------- Done invoking toplevel() on ptolemy.moml.MoMLSimpleApplication@6ada37a7
reloadAllAccessors: .MatrixJoin1

===========================================================================================
----------------- testing Tue Jun 25 04:59:46 UTC 2019 /home/travis/build/icyphy/ptII/ptolemy/domains/sdf/lib/test/auto/MatrixJoin2.xml
----------------- Instantiating /home/travis/build/icyphy/ptII/ptolemy/domains/sdf/lib/test/auto/MatrixJoin2.xml
3 ms. Memory: 228352K Free: 209776K (92%)
----------------- Invoking toplevel() on ptolemy.moml.MoMLSimpleApplication@ece3a04
----------------- Done invoking toplevel() on ptolemy.moml.MoMLSimpleApplication@ece3a04
reloadAllAccessors: .MatrixJoin2

===========================================================================================
----------------- testing Tue Jun 25 04:59:46 UTC 2019 /home/travis/build/icyphy/ptII/ptolemy/domains/sdf/lib/test/auto/MatrixJoin3.xml
----------------- Instantiating /home/travis/build/icyphy/ptII/ptolemy/domains/sdf/lib/test/auto/MatrixJoin3.xml
8 ms. Memory: 228352K Free: 205184K (90%)
----------------- Invoking toplevel() on ptolemy.moml.MoMLSimpleApplication@224ac057
----------------- Done invoking toplevel() on ptolemy.moml.MoMLSimpleApplication@224ac057
reloadAllAccessors: .MatrixJoin3

===========================================================================================
----------------- testing Tue Jun 25 04:59:46 UTC 2019 /home/travis/build/icyphy/ptII/ptolemy/domains/sdf/lib/test/auto/MatrixJoin4.xml
----------------- Instantiating /home/travis/build/icyphy/ptII/ptolemy/domains/sdf/lib/test/auto/MatrixJoin4.xml
3 ms. Memory: 228352K Free: 200574K (88%)
----------------- Invoking toplevel() on ptolemy.moml.MoMLSimpleApplication@6a98be36
----------------- Done invoking toplevel() on ptolemy.moml.MoMLSimpleApplication@6a98be36
reloadAllAccessors: .MatrixJoin4

===========================================================================================
----------------- testing Tue Jun 25 04:59:46 UTC 2019 /home/travis/build/icyphy/ptII/ptolemy/domains/sdf/lib/test/auto/MatrixJoin5.xml
----------------- Instantiating /home/travis/build/icyphy/ptII/ptolemy/domains/sdf/lib/test/auto/MatrixJoin5.xml
2 ms. Memory: 228352K Free: 196478K (86%)
----------------- Invoking toplevel() on ptolemy.moml.MoMLSimpleApplication@422d0e37
----------------- Done invoking toplevel() on ptolemy.moml.MoMLSimpleApplication@422d0e37
reloadAllAccessors: .MatrixJoin5

===========================================================================================
----------------- testing Tue Jun 25 04:59:46 UTC 2019 /home/travis/build/icyphy/ptII/ptolemy/domains/sdf/lib/test/auto/MatrixSplit1.xml
----------------- Instantiating /home/travis/build/icyphy/ptII/ptolemy/domains/sdf/lib/test/auto/MatrixSplit1.xml
3 ms. Memory: 228352K Free: 191358K (84%)
----------------- Invoking toplevel() on ptolemy.moml.MoMLSimpleApplication@40896b63
----------------- Done invoking toplevel() on ptolemy.moml.MoMLSimpleApplication@40896b63
reloadAllAccessors: .MatrixSplit1

===========================================================================================
----------------- testing Tue Jun 25 04:59:46 UTC 2019 /home/travis/build/icyphy/ptII/ptolemy/domains/sdf/lib/test/auto/MatrixSplit10.xml
----------------- Instantiating /home/travis/build/icyphy/ptII/ptolemy/domains/sdf/lib/test/auto/MatrixSplit10.xml
3 ms. Memory: 228352K Free: 188286K (82%)
----------------- Invoking toplevel() on ptolemy.moml.MoMLSimpleApplication@15f2c58d
----------------- Done invoking toplevel() on ptolemy.moml.MoMLSimpleApplication@15f2c58d
reloadAllAccessors: .MatrixSplit10

===========================================================================================
----------------- testing Tue Jun 25 04:59:46 UTC 2019 /home/travis/build/icyphy/ptII/ptolemy/domains/sdf/lib/test/auto/MatrixSplit11.xml
----------------- Instantiating /home/travis/build/icyphy/ptII/ptolemy/domains/sdf/lib/test/auto/MatrixSplit11.xml
2 ms. Memory: 228352K Free: 184704K (81%)
----------------- Invoking toplevel() on ptolemy.moml.MoMLSimpleApplication@50f44570
----------------- Done invoking toplevel() on ptolemy.moml.MoMLSimpleApplication@50f44570
reloadAllAccessors: .MatrixSplit11

===========================================================================================
----------------- testing Tue Jun 25 04:59:46 UTC 2019 /home/travis/build/icyphy/ptII/ptolemy/domains/sdf/lib/test/auto/MatrixSplit12.xml
----------------- Instantiating /home/travis/build/icyphy/ptII/ptolemy/domains/sdf/lib/test/auto/MatrixSplit12.xml
2 ms. Memory: 228352K Free: 181632K (80%)
----------------- Invoking toplevel() on ptolemy.moml.MoMLSimpleApplication@792c5680
----------------- Done invoking toplevel() on ptolemy.moml.MoMLSimpleApplication@792c5680
reloadAllAccessors: .MatrixSplit12

===========================================================================================
----------------- testing Tue Jun 25 04:59:46 UTC 2019 /home/travis/build/icyphy/ptII/ptolemy/domains/sdf/lib/test/auto/MatrixSplit13.xml
----------------- Instantiating /home/travis/build/icyphy/ptII/ptolemy/domains/sdf/lib/test/auto/MatrixSplit13.xml
4 ms. Memory: 228352K Free: 177536K (78%)
----------------- Invoking toplevel() on ptolemy.moml.MoMLSimpleApplication@38741ad3
----------------- Done invoking toplevel() on ptolemy.moml.MoMLSimpleApplication@38741ad3
reloadAllAccessors: .MatrixSplit13

===========================================================================================
----------------- testing Tue Jun 25 04:59:46 UTC 2019 /home/travis/build/icyphy/ptII/ptolemy/domains/sdf/lib/test/auto/MatrixSplit14.xml
----------------- Instantiating /home/travis/build/icyphy/ptII/ptolemy/domains/sdf/lib/test/auto/MatrixSplit14.xml
3 ms. Memory: 228352K Free: 174464K (76%)
----------------- Invoking toplevel() on ptolemy.moml.MoMLSimpleApplication@2aa13ee7
----------------- Done invoking toplevel() on ptolemy.moml.MoMLSimpleApplication@2aa13ee7
reloadAllAccessors: .MatrixSplit14

===========================================================================================
----------------- testing Tue Jun 25 04:59:46 UTC 2019 /home/travis/build/icyphy/ptII/ptolemy/domains/sdf/lib/test/auto/MatrixSplit2.xml
----------------- Instantiating /home/travis/build/icyphy/ptII/ptolemy/domains/sdf/lib/test/auto/MatrixSplit2.xml
2 ms. Memory: 228352K Free: 170878K (75%)
----------------- Invoking toplevel() on ptolemy.moml.MoMLSimpleApplication@46bfba0e
----------------- Done invoking toplevel() on ptolemy.moml.MoMLSimpleApplication@46bfba0e
reloadAllAccessors: .MatrixSplit2

===========================================================================================
----------------- testing Tue Jun 25 04:59:46 UTC 2019 /home/travis/build/icyphy/ptII/ptolemy/domains/sdf/lib/test/auto/MatrixSplit3.xml
----------------- Instantiating /home/travis/build/icyphy/ptII/ptolemy/domains/sdf/lib/test/auto/MatrixSplit3.xml
2 ms. Memory: 228352K Free: 167806K (73%)
----------------- Invoking toplevel() on ptolemy.moml.MoMLSimpleApplication@7849edb4
----------------- Done invoking toplevel() on ptolemy.moml.MoMLSimpleApplication@7849edb4
reloadAllAccessors: .MatrixSplit3

===========================================================================================
----------------- testing Tue Jun 25 04:59:46 UTC 2019 /home/travis/build/icyphy/ptII/ptolemy/domains/sdf/lib/test/auto/MatrixSplit4.xml
----------------- Instantiating /home/travis/build/icyphy/ptII/ptolemy/domains/sdf/lib/test/auto/MatrixSplit4.xml
2 ms. Memory: 228352K Free: 164224K (72%)
----------------- Invoking toplevel() on ptolemy.moml.MoMLSimpleApplication@232c00cb
----------------- Done invoking toplevel() on ptolemy.moml.MoMLSimpleApplication@232c00cb
reloadAllAccessors: .MatrixSplit4

===========================================================================================
----------------- testing Tue Jun 25 04:59:46 UTC 2019 /home/travis/build/icyphy/ptII/ptolemy/domains/sdf/lib/test/auto/MatrixSplit5.xml
----------------- Instantiating /home/travis/build/icyphy/ptII/ptolemy/domains/sdf/lib/test/auto/MatrixSplit5.xml
12 ms. Memory: 228352K Free: 161152K (71%)
----------------- Invoking toplevel() on ptolemy.moml.MoMLSimpleApplication@7847c764
----------------- Done invoking toplevel() on ptolemy.moml.MoMLSimpleApplication@7847c764
reloadAllAccessors: .MatrixSplit5

===========================================================================================
----------------- testing Tue Jun 25 04:59:46 UTC 2019 /home/travis/build/icyphy/ptII/ptolemy/domains/sdf/lib/test/auto/MatrixSplit6.xml
----------------- Instantiating /home/travis/build/icyphy/ptII/ptolemy/domains/sdf/lib/test/auto/MatrixSplit6.xml
3 ms. Memory: 228352K Free: 157566K (69%)
----------------- Invoking toplevel() on ptolemy.moml.MoMLSimpleApplication@74df3584
----------------- Done invoking toplevel() on ptolemy.moml.MoMLSimpleApplication@74df3584
reloadAllAccessors: .MatrixSplit6

===========================================================================================
----------------- testing Tue Jun 25 04:59:46 UTC 2019 /home/travis/build/icyphy/ptII/ptolemy/domains/sdf/lib/test/auto/MatrixSplit7.xml
----------------- Instantiating /home/travis/build/icyphy/ptII/ptolemy/domains/sdf/lib/test/auto/MatrixSplit7.xml
2 ms. Memory: 228352K Free: 154494K (68%)
----------------- Invoking toplevel() on ptolemy.moml.MoMLSimpleApplication@9d44943
----------------- Done invoking toplevel() on ptolemy.moml.MoMLSimpleApplication@9d44943
reloadAllAccessors: .MatrixSplit7

===========================================================================================
----------------- testing Tue Jun 25 04:59:46 UTC 2019 /home/travis/build/icyphy/ptII/ptolemy/domains/sdf/lib/test/auto/MatrixSplit8.xml
----------------- Instantiating /home/travis/build/icyphy/ptII/ptolemy/domains/sdf/lib/test/auto/MatrixSplit8.xml
2 ms. Memory: 228352K Free: 150912K (66%)
----------------- Invoking toplevel() on ptolemy.moml.MoMLSimpleApplication@32d1d216
----------------- Done invoking toplevel() on ptolemy.moml.MoMLSimpleApplication@32d1d216
reloadAllAccessors: .MatrixSplit8

===========================================================================================
----------------- testing Tue Jun 25 04:59:46 UTC 2019 /home/travis/build/icyphy/ptII/ptolemy/domains/sdf/lib/test/auto/MatrixSplit9.xml
----------------- Instantiating /home/travis/build/icyphy/ptII/ptolemy/domains/sdf/lib/test/auto/MatrixSplit9.xml
6 ms. Memory: 228352K Free: 147840K (65%)
----------------- Invoking toplevel() on ptolemy.moml.MoMLSimpleApplication@6da07105
----------------- Done invoking toplevel() on ptolemy.moml.MoMLSimpleApplication@6da07105
reloadAllAccessors: .MatrixSplit9

===========================================================================================
----------------- testing Tue Jun 25 04:59:46 UTC 2019 /home/travis/build/icyphy/ptII/ptolemy/domains/sdf/lib/test/auto/MatrixToSequence.xml
----------------- Instantiating /home/travis/build/icyphy/ptII/ptolemy/domains/sdf/lib/test/auto/MatrixToSequence.xml
23 ms. Memory: 228352K Free: 138624K (61%)
----------------- Invoking toplevel() on ptolemy.moml.MoMLSimpleApplication@615517af
----------------- Done invoking toplevel() on ptolemy.moml.MoMLSimpleApplication@615517af
reloadAllAccessors: .MatrixToSequence

===========================================================================================
----------------- testing Tue Jun 25 04:59:46 UTC 2019 /home/travis/build/icyphy/ptII/ptolemy/domains/sdf/lib/test/auto/MaximumEntropySpectrum.xml
----------------- Instantiating /home/travis/build/icyphy/ptII/ptolemy/domains/sdf/lib/test/auto/MaximumEntropySpectrum.xml
16 ms. Memory: 228352K Free: 118144K (52%)
----------------- Invoking toplevel() on ptolemy.moml.MoMLSimpleApplication@e8a4fb0
----------------- Done invoking toplevel() on ptolemy.moml.MoMLSimpleApplication@e8a4fb0
reloadAllAccessors: .MaximumEntropySpectrum

===========================================================================================
----------------- testing Tue Jun 25 04:59:46 UTC 2019 /home/travis/build/icyphy/ptII/ptolemy/domains/sdf/lib/test/auto/SampleDelayConversion.xml
----------------- Instantiating /home/travis/build/icyphy/ptII/ptolemy/domains/sdf/lib/test/auto/SampleDelayConversion.xml
2 ms. Memory: 228352K Free: 114048K (50%)
----------------- Invoking toplevel() on ptolemy.moml.MoMLSimpleApplication@2cb05cfe
----------------- Done invoking toplevel() on ptolemy.moml.MoMLSimpleApplication@2cb05cfe
reloadAllAccessors: .SampleDelayConversion

===========================================================================================
----------------- testing Tue Jun 25 04:59:46 UTC 2019 /home/travis/build/icyphy/ptII/ptolemy/domains/sdf/lib/test/auto/SequenceToArray.xml
----------------- Instantiating /home/travis/build/icyphy/ptII/ptolemy/domains/sdf/lib/test/auto/SequenceToArray.xml
9 ms. Memory: 228352K Free: 102784K (45%)
----------------- Invoking toplevel() on ptolemy.moml.MoMLSimpleApplication@1dd34903
----------------- Done invoking toplevel() on ptolemy.moml.MoMLSimpleApplication@1dd34903
reloadAllAccessors: .SequenceToArray

===========================================================================================
----------------- testing Tue Jun 25 04:59:46 UTC 2019 /home/travis/build/icyphy/ptII/ptolemy/domains/sdf/lib/test/auto/SequenceToMatrix.xml
----------------- Instantiating /home/travis/build/icyphy/ptII/ptolemy/domains/sdf/lib/test/auto/SequenceToMatrix.xml
3951 ms. Memory: 228352K Free: 112100K (49%)
----------------- Invoking toplevel() on ptolemy.moml.MoMLSimpleApplication@79ddc8fd
----------------- Done invoking toplevel() on ptolemy.moml.MoMLSimpleApplication@79ddc8fd
reloadAllAccessors: .SequenceToMatrix

===========================================================================================
----------------- testing Tue Jun 25 04:59:50 UTC 2019 /home/travis/build/icyphy/ptII/ptolemy/domains/sdf/lib/test/auto/SmoothedPeriodogram.xml
----------------- Instantiating /home/travis/build/icyphy/ptII/ptolemy/domains/sdf/lib/test/auto/SmoothedPeriodogram.xml
10 ms. Memory: 228352K Free: 96230K (42%)
----------------- Invoking toplevel() on ptolemy.moml.MoMLSimpleApplication@37dc788d
----------------- Done invoking toplevel() on ptolemy.moml.MoMLSimpleApplication@37dc788d
reloadAllAccessors: .SmoothedPeriodogram

===========================================================================================
----------------- testing Tue Jun 25 04:59:50 UTC 2019 /home/travis/build/icyphy/ptII/ptolemy/domains/sdf/lib/test/auto/UpDownSample1.xml
----------------- Instantiating /home/travis/build/icyphy/ptII/ptolemy/domains/sdf/lib/test/auto/UpDownSample1.xml
2 ms. Memory: 228352K Free: 92644K (41%)
----------------- Invoking toplevel() on ptolemy.moml.MoMLSimpleApplication@53cec913
----------------- Done invoking toplevel() on ptolemy.moml.MoMLSimpleApplication@53cec913
reloadAllAccessors: .UpDownSample1

===========================================================================================
----------------- testing Tue Jun 25 04:59:50 UTC 2019 /home/travis/build/icyphy/ptII/ptolemy/domains/sdf/lib/test/auto/UpSample1.xml
----------------- Instantiating /home/travis/build/icyphy/ptII/ptolemy/domains/sdf/lib/test/auto/UpSample1.xml
2 ms. Memory: 228352K Free: 88548K (39%)
----------------- Invoking toplevel() on ptolemy.moml.MoMLSimpleApplication@5fc08d0
----------------- Done invoking toplevel() on ptolemy.moml.MoMLSimpleApplication@5fc08d0
reloadAllAccessors: .UpSample1

===========================================================================================
----------------- testing Tue Jun 25 04:59:50 UTC 2019 /home/travis/build/icyphy/ptII/ptolemy/domains/sdf/lib/test/auto/VariableFIR.xml
----------------- Instantiating /home/travis/build/icyphy/ptII/ptolemy/domains/sdf/lib/test/auto/VariableFIR.xml
3 ms. Memory: 228352K Free: 83428K (37%)
----------------- Invoking toplevel() on ptolemy.moml.MoMLSimpleApplication@248be087
----------------- Done invoking toplevel() on ptolemy.moml.MoMLSimpleApplication@248be087
reloadAllAccessors: .VariableFIR

===========================================================================================
----------------- testing Tue Jun 25 04:59:50 UTC 2019 /home/travis/build/icyphy/ptII/ptolemy/domains/sdf/lib/test/auto/VariableFIR2.xml
----------------- Instantiating /home/travis/build/icyphy/ptII/ptolemy/domains/sdf/lib/test/auto/VariableFIR2.xml
5 ms. Memory: 228352K Free: 209378K (92%)
----------------- Invoking toplevel() on ptolemy.moml.MoMLSimpleApplication@5faa4668
----------------- Done invoking toplevel() on ptolemy.moml.MoMLSimpleApplication@5faa4668
reloadAllAccessors: .VariableFIR2

===========================================================================================
----------------- testing Tue Jun 25 04:59:50 UTC 2019 /home/travis/build/icyphy/ptII/ptolemy/domains/sdf/lib/test/auto/VariableLattice.xml
----------------- Instantiating /home/travis/build/icyphy/ptII/ptolemy/domains/sdf/lib/test/auto/VariableLattice.xml
5 ms. Memory: 228352K Free: 203234K (89%)
----------------- Invoking toplevel() on ptolemy.moml.MoMLSimpleApplication@2f3de15d
----------------- Done invoking toplevel() on ptolemy.moml.MoMLSimpleApplication@2f3de15d
reloadAllAccessors: .VariableLattice

===========================================================================================
----------------- testing Tue Jun 25 04:59:50 UTC 2019 /home/travis/build/icyphy/ptII/ptolemy/domains/sdf/lib/test/auto/VariableLattice2.xml
----------------- Instantiating /home/travis/build/icyphy/ptII/ptolemy/domains/sdf/lib/test/auto/VariableLattice2.xml
1.0
-1.999999602036
1.9099998677481
-0.9099996420674
0.205
0.0
0.0
1.0
-0.25
-0.5
0.0
0.0
0.0
0.0
10 ms. Memory: 228352K Free: 198628K (87%)
----------------- Invoking toplevel() on ptolemy.moml.MoMLSimpleApplication@75efd4ae
----------------- Done invoking toplevel() on ptolemy.moml.MoMLSimpleApplication@75efd4ae
reloadAllAccessors: .VariableLattice2

===========================================================================================
----------------- testing Tue Jun 25 04:59:50 UTC 2019 /home/travis/build/icyphy/ptII/ptolemy/domains/sdf/lib/test/auto/VariableRecursiveLattice.xml
----------------- Instantiating /home/travis/build/icyphy/ptII/ptolemy/domains/sdf/lib/test/auto/VariableRecursiveLattice.xml
4 ms. Memory: 228352K Free: 194018K (85%)
----------------- Invoking toplevel() on ptolemy.moml.MoMLSimpleApplication@682094ef
----------------- Done invoking toplevel() on ptolemy.moml.MoMLSimpleApplication@682094ef
reloadAllAccessors: .VariableRecursiveLattice

===========================================================================================
----------------- testing Tue Jun 25 04:59:50 UTC 2019 /home/travis/build/icyphy/ptII/ptolemy/domains/sdf/lib/test/auto/VariableRecursiveLattice2.xml
----------------- Instantiating /home/travis/build/icyphy/ptII/ptolemy/domains/sdf/lib/test/auto/VariableRecursiveLattice2.xml
3 ms. Memory: 228352K Free: 189922K (83%)
----------------- Invoking toplevel() on ptolemy.moml.MoMLSimpleApplication@293d8318
----------------- Done invoking toplevel() on ptolemy.moml.MoMLSimpleApplication@293d8318
reloadAllAccessors: .VariableRecursiveLattice2
AutoTests.java: About to close Vertx.
AutoTests.java: Vertx closed.
]]></system-out>
  <system-err><![CDATA[]]></system-err>
</testsuite>
