<?xml version="1.0" encoding="UTF-8" ?>
<testsuite errors="0" failures="0" hostname="travis-job-a4fd7723-56ed-48c5-8a2b-2a1eda85a2b0" name="ptolemy.domains.de.test.junit.JUnitTclTest" skipped="0" tests="101" time="130.785" timestamp="2018-12-12T03:08:54">
  <properties>
[...]
</properties>
  <testcase classname="ptolemy.util.test.junit.TclTests" name="[0] /home/travis/build/icyphy/ptII/ptolemy/domains/de/test/DependencyLoop.tcl (RunTclFile)" time="0.731" />
  <testcase classname="ptolemy.util.test.junit.TclTests" name="[1] /home/travis/build/icyphy/ptII/ptolemy/domains/de/test/RunDETestsAsQSS.tcl (RunTclFile)" time="88.531" />
  <testcase classname="ptolemy.util.test.junit.AutoKnownFailedTests" name="[0] /home/travis/build/icyphy/ptII/ptolemy/domains/de/test/auto/knownFailedTests/DESDFClockTest.xml (RunModel)" time="2.026" />
  <testcase classname="ptolemy.util.test.junit.AutoKnownFailedTests" name="[1] /home/travis/build/icyphy/ptII/ptolemy/domains/de/test/auto/knownFailedTests/DirectFeedback.xml (RunModel)" time="0.016" />
  <testcase classname="ptolemy.util.test.junit.AutoKnownFailedTests" name="[2] /home/travis/build/icyphy/ptII/ptolemy/domains/de/test/auto/knownFailedTests/FSMSource.xml (RunModel)" time="0.019" />
  <testcase classname="ptolemy.util.test.junit.AutoKnownFailedTests" name="[3] /home/travis/build/icyphy/ptII/ptolemy/domains/de/test/auto/knownFailedTests/HierarchicalModel.xml (RunModel)" time="0.047" />
  <testcase classname="ptolemy.util.test.junit.AutoKnownFailedTests" name="[4] /home/travis/build/icyphy/ptII/ptolemy/domains/de/test/auto/knownFailedTests/dependencyLoop.xml (RunModel)" time="0.034" />
  <testcase classname="ptolemy.util.test.junit.AutoKnownFailedTests" name="[5] /home/travis/build/icyphy/ptII/ptolemy/domains/de/test/auto/knownFailedTests/dependencyLoop2.xml (RunModel)" time="0.038" />
  <testcase classname="ptolemy.util.test.junit.AutoNameArchTests" name="[0] ThereAreNoAutoArchTests (RunModel)" time="0.001" />
  <testcase classname="ptolemy.util.test.junit.AutoTests" name="[0] /home/travis/build/icyphy/ptII/ptolemy/domains/de/test/auto/ActorDepthCalculation_actorWithoutPorts.xml (RunModel)" time="0.016" />
  <testcase classname="ptolemy.util.test.junit.AutoTests" name="[1] /home/travis/build/icyphy/ptII/ptolemy/domains/de/test/auto/AssemblyLine.xml (RunModel)" time="0.015" />
  <testcase classname="ptolemy.util.test.junit.AutoTests" name="[2] /home/travis/build/icyphy/ptII/ptolemy/domains/de/test/auto/CQBug1.xml (RunModel)" time="0.009" />
  <testcase classname="ptolemy.util.test.junit.AutoTests" name="[3] /home/travis/build/icyphy/ptII/ptolemy/domains/de/test/auto/CancelFireAt.xml (RunModel)" time="0.011" />
  <testcase classname="ptolemy.util.test.junit.AutoTests" name="[4] /home/travis/build/icyphy/ptII/ptolemy/domains/de/test/auto/CausalityAndComposabilityAnalysis.xml (RunModel)" time="0.013" />
  <testcase classname="ptolemy.util.test.junit.AutoTests" name="[5] /home/travis/build/icyphy/ptII/ptolemy/domains/de/test/auto/CausalityInterface1.xml (RunModel)" time="0.012" />
  <testcase classname="ptolemy.util.test.junit.AutoTests" name="[6] /home/travis/build/icyphy/ptII/ptolemy/domains/de/test/auto/CausalityInterface15.xml (RunModel)" time="0.011" />
  <testcase classname="ptolemy.util.test.junit.AutoTests" name="[7] /home/travis/build/icyphy/ptII/ptolemy/domains/de/test/auto/CausalityInterface2.xml (RunModel)" time="0.016" />
  <testcase classname="ptolemy.util.test.junit.AutoTests" name="[8] /home/travis/build/icyphy/ptII/ptolemy/domains/de/test/auto/CausalityInterface3.xml (RunModel)" time="0.008" />
  <testcase classname="ptolemy.util.test.junit.AutoTests" name="[9] /home/travis/build/icyphy/ptII/ptolemy/domains/de/test/auto/ClockDrift.xml (RunModel)" time="0.034" />
  <testcase classname="ptolemy.util.test.junit.AutoTests" name="[10] /home/travis/build/icyphy/ptII/ptolemy/domains/de/test/auto/ClockDriftAndValueChange.xml (RunModel)" time="0.025" />
  <testcase classname="ptolemy.util.test.junit.AutoTests" name="[11] /home/travis/build/icyphy/ptII/ptolemy/domains/de/test/auto/ClockDriftChange.xml (RunModel)" time="0.022" />
  <testcase classname="ptolemy.util.test.junit.AutoTests" name="[12] /home/travis/build/icyphy/ptII/ptolemy/domains/de/test/auto/ComposableCausalityAnalysis.xml (RunModel)" time="0.015" />
  <testcase classname="ptolemy.util.test.junit.AutoTests" name="[13] /home/travis/build/icyphy/ptII/ptolemy/domains/de/test/auto/DEFixedPointLimitation.xml (RunModel)" time="0.007" />
  <testcase classname="ptolemy.util.test.junit.AutoTests" name="[14] /home/travis/build/icyphy/ptII/ptolemy/domains/de/test/auto/DEScheduleTest.xml (RunModel)" time="0.008" />
  <testcase classname="ptolemy.util.test.junit.AutoTests" name="[15] /home/travis/build/icyphy/ptII/ptolemy/domains/de/test/auto/DEinDEwithStartTimes.xml (RunModel)" time="0.011" />
  <testcase classname="ptolemy.util.test.junit.AutoTests" name="[16] /home/travis/build/icyphy/ptII/ptolemy/domains/de/test/auto/DEinDEwithStartTimes2.xml (RunModel)" time="0.01" />
  <testcase classname="ptolemy.util.test.junit.AutoTests" name="[17] /home/travis/build/icyphy/ptII/ptolemy/domains/de/test/auto/DateDemo.xml (RunModel)" time="0.022" />
  <testcase classname="ptolemy.util.test.junit.AutoTests" name="[18] /home/travis/build/icyphy/ptII/ptolemy/domains/de/test/auto/DateToEvent.xml (RunModel)" time="2.028" />
  <testcase classname="ptolemy.util.test.junit.AutoTests" name="[19] /home/travis/build/icyphy/ptII/ptolemy/domains/de/test/auto/DepthTest1.xml (RunModel)" time="0.013" />
  <testcase classname="ptolemy.util.test.junit.AutoTests" name="[20] /home/travis/build/icyphy/ptII/ptolemy/domains/de/test/auto/DepthTest2.xml (RunModel)" time="0.023" />
  <testcase classname="ptolemy.util.test.junit.AutoTests" name="[21] /home/travis/build/icyphy/ptII/ptolemy/domains/de/test/auto/DepthTest3.xml (RunModel)" time="0.007" />
  <testcase classname="ptolemy.util.test.junit.AutoTests" name="[22] /home/travis/build/icyphy/ptII/ptolemy/domains/de/test/auto/DepthTest4.xml (RunModel)" time="0.012" />
  <testcase classname="ptolemy.util.test.junit.AutoTests" name="[23] /home/travis/build/icyphy/ptII/ptolemy/domains/de/test/auto/DepthTest5.xml (RunModel)" time="0.025" />
  <testcase classname="ptolemy.util.test.junit.AutoTests" name="[24] /home/travis/build/icyphy/ptII/ptolemy/domains/de/test/auto/DepthTest6.xml (RunModel)" time="0.017" />
  <testcase classname="ptolemy.util.test.junit.AutoTests" name="[25] /home/travis/build/icyphy/ptII/ptolemy/domains/de/test/auto/DepthTest7.xml (RunModel)" time="0.018" />
  <testcase classname="ptolemy.util.test.junit.AutoTests" name="[26] /home/travis/build/icyphy/ptII/ptolemy/domains/de/test/auto/EventToDate.xml (RunModel)" time="3.039" />
  <testcase classname="ptolemy.util.test.junit.AutoTests" name="[27] /home/travis/build/icyphy/ptII/ptolemy/domains/de/test/auto/FSM1.xml (RunModel)" time="0.046" />
  <testcase classname="ptolemy.util.test.junit.AutoTests" name="[28] /home/travis/build/icyphy/ptII/ptolemy/domains/de/test/auto/FSM7.xml (RunModel)" time="0.037" />
  <testcase classname="ptolemy.util.test.junit.AutoTests" name="[29] /home/travis/build/icyphy/ptII/ptolemy/domains/de/test/auto/Inspection.xml (RunModel)" time="0.036" />
  <testcase classname="ptolemy.util.test.junit.AutoTests" name="[30] /home/travis/build/icyphy/ptII/ptolemy/domains/de/test/auto/Iteration.xml (RunModel)" time="0.017" />
  <testcase classname="ptolemy.util.test.junit.AutoTests" name="[31] /home/travis/build/icyphy/ptII/ptolemy/domains/de/test/auto/LineFault.xml (RunModel)" time="0.545" />
  <testcase classname="ptolemy.util.test.junit.AutoTests" name="[32] /home/travis/build/icyphy/ptII/ptolemy/domains/de/test/auto/MergeModel1Add.xml (RunModel)" time="0.046" />
  <testcase classname="ptolemy.util.test.junit.AutoTests" name="[33] /home/travis/build/icyphy/ptII/ptolemy/domains/de/test/auto/MergeModel2Add.xml (RunModel)" time="0.035" />
  <testcase classname="ptolemy.util.test.junit.AutoTests" name="[34] /home/travis/build/icyphy/ptII/ptolemy/domains/de/test/auto/MergeModel3Add.xml (RunModel)" time="0.043" />
  <testcase classname="ptolemy.util.test.junit.AutoTests" name="[35] /home/travis/build/icyphy/ptII/ptolemy/domains/de/test/auto/MergeWithoutDiscard.xml (RunModel)" time="0.014" />
  <testcase classname="ptolemy.util.test.junit.AutoTests" name="[36] /home/travis/build/icyphy/ptII/ptolemy/domains/de/test/auto/Modal1.xml (RunModel)" time="0.027" />
  <testcase classname="ptolemy.util.test.junit.AutoTests" name="[37] /home/travis/build/icyphy/ptII/ptolemy/domains/de/test/auto/Modal2.xml (RunModel)" time="0.029" />
  <testcase classname="ptolemy.util.test.junit.AutoTests" name="[38] /home/travis/build/icyphy/ptII/ptolemy/domains/de/test/auto/Modal3.xml (RunModel)" time="0.027" />
  <testcase classname="ptolemy.util.test.junit.AutoTests" name="[39] /home/travis/build/icyphy/ptII/ptolemy/domains/de/test/auto/Modal4.xml (RunModel)" time="0.033" />
  <testcase classname="ptolemy.util.test.junit.AutoTests" name="[40] /home/travis/build/icyphy/ptII/ptolemy/domains/de/test/auto/Modal5.xml (RunModel)" time="0.029" />
  <testcase classname="ptolemy.util.test.junit.AutoTests" name="[41] /home/travis/build/icyphy/ptII/ptolemy/domains/de/test/auto/Modal6.xml (RunModel)" time="0.028" />
  <testcase classname="ptolemy.util.test.junit.AutoTests" name="[42] /home/travis/build/icyphy/ptII/ptolemy/domains/de/test/auto/Modal7.xml (RunModel)" time="0.028" />
  <testcase classname="ptolemy.util.test.junit.AutoTests" name="[43] /home/travis/build/icyphy/ptII/ptolemy/domains/de/test/auto/ModalModel.xml (RunModel)" time="0.153" />
  <testcase classname="ptolemy.util.test.junit.AutoTests" name="[44] /home/travis/build/icyphy/ptII/ptolemy/domains/de/test/auto/ModalSource.xml (RunModel)" time="0.017" />
  <testcase classname="ptolemy.util.test.junit.AutoTests" name="[45] /home/travis/build/icyphy/ptII/ptolemy/domains/de/test/auto/NonInterruptibleTimerZeroDelay.xml (RunModel)" time="0.012" />
  <testcase classname="ptolemy.util.test.junit.AutoTests" name="[46] /home/travis/build/icyphy/ptII/ptolemy/domains/de/test/auto/OpenQueueingNetwork.xml (RunModel)" time="2.165" />
  <testcase classname="ptolemy.util.test.junit.AutoTests" name="[47] /home/travis/build/icyphy/ptII/ptolemy/domains/de/test/auto/OpenQueuingNetwork.xml (RunModel)" time="0.257" />
  <testcase classname="ptolemy.util.test.junit.AutoTests" name="[48] /home/travis/build/icyphy/ptII/ptolemy/domains/de/test/auto/PeriodicSampler.xml (RunModel)" time="0.007" />
  <testcase classname="ptolemy.util.test.junit.AutoTests" name="[49] /home/travis/build/icyphy/ptII/ptolemy/domains/de/test/auto/PersistentIO.xml (RunModel)" time="0.026" />
  <testcase classname="ptolemy.util.test.junit.AutoTests" name="[50] /home/travis/build/icyphy/ptII/ptolemy/domains/de/test/auto/PortParameterResetOnInitialize.xml (RunModel)" time="0.017" />
  <testcase classname="ptolemy.util.test.junit.AutoTests" name="[51] /home/travis/build/icyphy/ptII/ptolemy/domains/de/test/auto/PortParameterUpdates.xml (RunModel)" time="0.019" />
  <testcase classname="ptolemy.util.test.junit.AutoTests" name="[52] /home/travis/build/icyphy/ptII/ptolemy/domains/de/test/auto/QueueAndServer.xml (RunModel)" time="0.021" />
  <testcase classname="ptolemy.util.test.junit.AutoTests" name="[53] /home/travis/build/icyphy/ptII/ptolemy/domains/de/test/auto/Records.xml (RunModel)" time="0.011" />
  <testcase classname="ptolemy.util.test.junit.AutoTests" name="[54] /home/travis/build/icyphy/ptII/ptolemy/domains/de/test/auto/ResetTransitionWithStartTime1.xml (RunModel)" time="0.016" />
  <testcase classname="ptolemy.util.test.junit.AutoTests" name="[55] /home/travis/build/icyphy/ptII/ptolemy/domains/de/test/auto/ResetTransitionWithStartTime2.xml (RunModel)" time="0.017" />
  <testcase classname="ptolemy.util.test.junit.AutoTests" name="[56] /home/travis/build/icyphy/ptII/ptolemy/domains/de/test/auto/ResetTransitionWithStartTime3.xml (RunModel)" time="0.017" />
  <testcase classname="ptolemy.util.test.junit.AutoTests" name="[57] /home/travis/build/icyphy/ptII/ptolemy/domains/de/test/auto/ResetTransitionWithStartTime4.xml (RunModel)" time="0.017" />
  <testcase classname="ptolemy.util.test.junit.AutoTests" name="[58] /home/travis/build/icyphy/ptII/ptolemy/domains/de/test/auto/ResettableTimer1.xml (RunModel)" time="0.009" />
  <testcase classname="ptolemy.util.test.junit.AutoTests" name="[59] /home/travis/build/icyphy/ptII/ptolemy/domains/de/test/auto/ResettableTimer2.xml (RunModel)" time="0.009" />
  <testcase classname="ptolemy.util.test.junit.AutoTests" name="[60] /home/travis/build/icyphy/ptII/ptolemy/domains/de/test/auto/ResettableTimer3.xml (RunModel)" time="0.008" />
  <testcase classname="ptolemy.util.test.junit.AutoTests" name="[61] /home/travis/build/icyphy/ptII/ptolemy/domains/de/test/auto/ResettableTimer4.xml (RunModel)" time="0.008" />
  <testcase classname="ptolemy.util.test.junit.AutoTests" name="[62] /home/travis/build/icyphy/ptII/ptolemy/domains/de/test/auto/ResettableTimer5.xml (RunModel)" time="0.008" />
  <testcase classname="ptolemy.util.test.junit.AutoTests" name="[63] /home/travis/build/icyphy/ptII/ptolemy/domains/de/test/auto/ResettableTimer6.xml (RunModel)" time="0.01" />
  <testcase classname="ptolemy.util.test.junit.AutoTests" name="[64] /home/travis/build/icyphy/ptII/ptolemy/domains/de/test/auto/ServerZeroDelay.xml (RunModel)" time="0.01" />
  <testcase classname="ptolemy.util.test.junit.AutoTests" name="[65] /home/travis/build/icyphy/ptII/ptolemy/domains/de/test/auto/SmartSender.xml (RunModel)" time="3.008" />
  <testcase classname="ptolemy.util.test.junit.AutoTests" name="[66] /home/travis/build/icyphy/ptII/ptolemy/domains/de/test/auto/ThreadedComposite.xml (RunModel)" time="2.088" />
  <testcase classname="ptolemy.util.test.junit.AutoTests" name="[67] /home/travis/build/icyphy/ptII/ptolemy/domains/de/test/auto/Time.xml (RunModel)" time="0.423" />
  <testcase classname="ptolemy.util.test.junit.AutoTests" name="[68] /home/travis/build/icyphy/ptII/ptolemy/domains/de/test/auto/TimeDelayZeroDelay.xml (RunModel)" time="0.014" />
  <testcase classname="ptolemy.util.test.junit.AutoTests" name="[69] /home/travis/build/icyphy/ptII/ptolemy/domains/de/test/auto/TimerZeroDelay.xml (RunModel)" time="0.015" />
  <testcase classname="ptolemy.util.test.junit.AutoTests" name="[70] /home/travis/build/icyphy/ptII/ptolemy/domains/de/test/auto/TimingParadox.xml (RunModel)" time="0.309" />
  <testcase classname="ptolemy.util.test.junit.AutoTests" name="[71] /home/travis/build/icyphy/ptII/ptolemy/domains/de/test/auto/TransferInputs.xml (RunModel)" time="0.009" />
  <testcase classname="ptolemy.util.test.junit.AutoTests" name="[72] /home/travis/build/icyphy/ptII/ptolemy/domains/de/test/auto/TransferOutputs2.xml (RunModel)" time="0.016" />
  <testcase classname="ptolemy.util.test.junit.AutoTests" name="[73] /home/travis/build/icyphy/ptII/ptolemy/domains/de/test/auto/Trilateration.xml (RunModel)" time="11.619" />
  <testcase classname="ptolemy.util.test.junit.AutoTests" name="[74] /home/travis/build/icyphy/ptII/ptolemy/domains/de/test/auto/TwoSigmaDelta.xml (RunModel)" time="2.035" />
  <testcase classname="ptolemy.util.test.junit.AutoTests" name="[75] /home/travis/build/icyphy/ptII/ptolemy/domains/de/test/auto/VariableDelay.xml (RunModel)" time="0.009" />
  <testcase classname="ptolemy.util.test.junit.AutoTests" name="[76] /home/travis/build/icyphy/ptII/ptolemy/domains/de/test/auto/VariableDelay2.xml (RunModel)" time="0.014" />
  <testcase classname="ptolemy.util.test.junit.AutoTests" name="[77] /home/travis/build/icyphy/ptII/ptolemy/domains/de/test/auto/VariableDelayZeroDelay.xml (RunModel)" time="0.014" />
  <testcase classname="ptolemy.util.test.junit.AutoTests" name="[78] /home/travis/build/icyphy/ptII/ptolemy/domains/de/test/auto/VariableDelayZeroDelay2.xml (RunModel)" time="0.008" />
  <testcase classname="ptolemy.util.test.junit.AutoTests" name="[79] /home/travis/build/icyphy/ptII/ptolemy/domains/de/test/auto/deInCt.xml (RunModel)" time="0.018" />
  <testcase classname="ptolemy.util.test.junit.AutoTests" name="[80] /home/travis/build/icyphy/ptII/ptolemy/domains/de/test/auto/deInCt2.xml (RunModel)" time="0.021" />
  <testcase classname="ptolemy.util.test.junit.AutoTests" name="[81] /home/travis/build/icyphy/ptII/ptolemy/domains/de/test/auto/dynamicCausalityInterface1.xml (RunModel)" time="0.023" />
  <testcase classname="ptolemy.util.test.junit.AutoTests" name="[82] /home/travis/build/icyphy/ptII/ptolemy/domains/de/test/auto/fsm_de_test.xml (RunModel)" time="0.02" />
  <testcase classname="ptolemy.util.test.junit.AutoTests" name="[83] /home/travis/build/icyphy/ptII/ptolemy/domains/de/test/auto/functionDependencyReconstruction.xml (RunModel)" time="0.03" />
  <testcase classname="ptolemy.util.test.junit.AutoTests" name="[84] /home/travis/build/icyphy/ptII/ptolemy/domains/de/test/auto/multirate.xml (RunModel)" time="0.015" />
  <testcase classname="ptolemy.util.test.junit.AutoTests" name="[85] /home/travis/build/icyphy/ptII/ptolemy/domains/de/test/auto/multirate2.xml (RunModel)" time="0.013" />
  <testcase classname="ptolemy.util.test.junit.AutoTests" name="[86] /home/travis/build/icyphy/ptII/ptolemy/domains/de/test/auto/realtime.xml (RunModel)" time="10.01" />
  <testcase classname="ptolemy.util.test.junit.AutoTests" name="[87] /home/travis/build/icyphy/ptII/ptolemy/domains/de/test/auto/relationGroup.xml (RunModel)" time="0.01" />
  <testcase classname="ptolemy.util.test.junit.AutoTests" name="[88] /home/travis/build/icyphy/ptII/ptolemy/domains/de/test/auto/relationGroup2.xml (RunModel)" time="0.008" />
  <testcase classname="ptolemy.util.test.junit.AutoTests" name="[89] /home/travis/build/icyphy/ptII/ptolemy/domains/de/test/auto/sortWithOpaquePorts.xml (RunModel)" time="0.01" />
  <testcase classname="ptolemy.util.test.junit.AutoTests" name="[90] /home/travis/build/icyphy/ptII/ptolemy/domains/de/test/auto/transferInputsandOutputs.xml (RunModel)" time="0.016" />
  <testcase classname="ptolemy.util.test.junit.AutoTests" name="[91] /home/travis/build/icyphy/ptII/ptolemy/domains/de/test/auto/triggerType.xml (RunModel)" time="0.008" />
  <system-out><![CDATA[/home/travis/build/icyphy/ptII/ptolemy/domains/de/test/DependencyLoop.tcl
testDefs.tcl: setting time out to 9000 seconds at Wed Dec 12 03:08:54 UTC 2018
15 ms. Memory: 116224K Free: 93954K (81%)
6 ms. Memory: 146944K Free: 135489K (92%)
/home/travis/build/icyphy/ptII/ptolemy/domains/de/test/RunDETestsAsQSS.tcl
Run the DE tests using ptolemy.domains.qss.test.QSSDirectorTest, which extends QSSDirector and prints a message in the constructors.
------------------ testing $PTII/ptolemy/domains/de/test/auto/knownFailedTests/dependencyLoop.xml (Known Failure) 
5 ms. Memory: 146944K Free: 132377K (90%)


==== $PTIIhome/travis/build/icyphy/ptII/ptolemy/domains/de/test/../../../../: Auto Automatic test in file $PTII/ptolemy/domains/de/test/auto/knownFailedTests/dependencyLoop.xml
==== Contents of test case:

	    # FIXME: we should use $relativeFilename here, but it
	    # might have backslashes under Windows, which causes no end
	    # of trouble.
	    createAndExecute $file
	    list {}
	
.... Test generated KNOWN error:
    while executing
ptolemy.kernel.util.IllegalActionException: Found a zero delay loop containing .dependencyLoop.original
  in .dependencyLoop and .dependencyLoop.original
	at ptolemy.actor.util.CausalityInterfaceForComposites._computeOutputPortDepth(CausalityInterfaceForComposites.java:759)
	at ptolemy.actor.util.CausalityInterfaceForComposites._computeInputDepth(CausalityInterfaceForComposites.java:696)
	at ptolemy.actor.util.CausalityInterfaceForComposites._computeOutputPortDepth(CausalityInterfaceForComposites.java:765)
	at ptolemy.actor.util.CausalityInterfaceForComposites._computeInputDepth(CausalityInterfaceForComposites.java:696)
	at ptolemy.actor.util.CausalityInterfaceForComposites._computeOutputPortDepth(CausalityInterfaceForComposites.java:765)
	at ptolemy.actor.util.CausalityInterfaceForComposites._computeInputDepth(CausalityInterfaceForComposites.java:696)
	at ptolemy.actor.util.CausalityInterfaceForComposites._computeActorDepth(CausalityInterfaceForComposites.java:532)
	at ptolemy.actor.util.CausalityInterfaceForComposites.checkForCycles(CausalityInterfaceForComposites.java:96)
	at ptolemy.domains.de.kernel.DEDirector.preinitialize(DEDirector.java:1338)
	at ptolemy.actor.CompositeActor.preinitialize(CompositeActor.java:1828)
	at ptolemy.actor.Manager.preinitializeAndResolveTypes(Manager.java:1040)
	at ptolemy.actor.Manager.initialize(Manager.java:710)
	at ptolemy.actor.Manager.execute(Manager.java:356)
	at ptolemy.actor.Manager.run(Manager.java:1263)
	at ptolemy.actor.Manager$PtolemyRunThread.run(Manager.java:1915)

    while executing
ptolemy.kernel.util.IllegalActionException: Found a zero delay loop containing .dependencyLoop.original
  in .dependencyLoop and .dependencyLoop.original
    while executing
"java::new ptolemy.moml.MoMLSimpleApplication $file
"
    (procedure "createAndExecute" line 2)
    invoked from within
"createAndExecute $file"
    ("uplevel" body line 5)
    invoked from within
"uplevel $contents_of_test"
------------------ testing $PTII/ptolemy/domains/de/test/auto/knownFailedTests/DESDFClockTest.xml (Known Failure) 
2067 ms. Memory: 146944K Free: 116608K (79%)


==== $PTIIhome/travis/build/icyphy/ptII/ptolemy/domains/de/test/../../../../: Auto Automatic test in file $PTII/ptolemy/domains/de/test/auto/knownFailedTests/DESDFClockTest.xml
==== Contents of test case:

	    # FIXME: we should use $relativeFilename here, but it
	    # might have backslashes under Windows, which causes no end
	    # of trouble.
	    createAndExecute $file
	    list {}
	
.... Test generated KNOWN error:
    while executing
ptolemy.kernel.util.IllegalActionException: Actor is not ready to fire.  Perhaps UpSample.prefire() returned false? Try debugging the actor by selecting "Listen to Actor".  Also, for SDF check moml for tokenConsumptionRate on input.
  in .DESDFClockTest.Play Bell.Copy1:SDF Director and .DESDFClockTest.Play Bell.UpSample
	at ptolemy.actor.sched.StaticSchedulingDirector.fire(StaticSchedulingDirector.java:227)
	at ptolemy.domains.sdf.kernel.SDFDirector.fire(SDFDirector.java:500)
	at ptolemy.actor.CompositeActor.fire(CompositeActor.java:455)
	at ptolemy.domains.de.kernel.DEDirector._fire(DEDirector.java:1949)
	at ptolemy.domains.de.kernel.DEDirector.fire(DEDirector.java:502)
	at ptolemy.actor.CompositeActor.fire(CompositeActor.java:455)
	at ptolemy.actor.Manager.iterate(Manager.java:851)
	at ptolemy.actor.Manager.execute(Manager.java:369)
	at ptolemy.actor.Manager.run(Manager.java:1263)
	at ptolemy.actor.Manager$PtolemyRunThread.run(Manager.java:1915)

    while executing
ptolemy.kernel.util.IllegalActionException: Actor is not ready to fire.  Perhaps UpSample.prefire() returned false? Try debugging the actor by selecting "Listen to Actor".  Also, for SDF check moml for tokenConsumptionRate on input.
  in .DESDFClockTest.Play Bell.Copy1:SDF Director and .DESDFClockTest.Play Bell.UpSample
    while executing
"java::new ptolemy.moml.MoMLSimpleApplication $file
"
    (procedure "createAndExecute" line 2)
    invoked from within
"createAndExecute $file"
    ("uplevel" body line 5)
    invoked from within
"uplevel $contents_of_test"
------------------ testing $PTII/ptolemy/domains/de/test/auto/knownFailedTests/FSMSource.xml (Known Failure) 
30 ms. Memory: 146944K Free: 107625K (73%)
!!!! Auto was marked as failing, but now passes
------------------ testing $PTII/ptolemy/domains/de/test/auto/knownFailedTests/dependencyLoop2.xml (Known Failure) 
14 ms. Memory: 146944K Free: 105742K (72%)


==== $PTIIhome/travis/build/icyphy/ptII/ptolemy/domains/de/test/../../../../: Auto Automatic test in file $PTII/ptolemy/domains/de/test/auto/knownFailedTests/dependencyLoop2.xml
==== Contents of test case:

	    # FIXME: we should use $relativeFilename here, but it
	    # might have backslashes under Windows, which causes no end
	    # of trouble.
	    createAndExecute $file
	    list {}
	
.... Test generated KNOWN error:
    while executing
ptolemy.kernel.util.IllegalActionException: Found a zero delay loop containing .dependencyLoop2.original
  in .dependencyLoop2 and .dependencyLoop2.original
	at ptolemy.actor.util.CausalityInterfaceForComposites._computeOutputPortDepth(CausalityInterfaceForComposites.java:759)
	at ptolemy.actor.util.CausalityInterfaceForComposites._computeInputDepth(CausalityInterfaceForComposites.java:696)
	at ptolemy.actor.util.CausalityInterfaceForComposites._computeOutputPortDepth(CausalityInterfaceForComposites.java:765)
	at ptolemy.actor.util.CausalityInterfaceForComposites._computeInputDepth(CausalityInterfaceForComposites.java:696)
	at ptolemy.actor.util.CausalityInterfaceForComposites._computeOutputPortDepth(CausalityInterfaceForComposites.java:765)
	at ptolemy.actor.util.CausalityInterfaceForComposites._computeInputDepth(CausalityInterfaceForComposites.java:696)
	at ptolemy.actor.util.CausalityInterfaceForComposites._computeActorDepth(CausalityInterfaceForComposites.java:532)
	at ptolemy.actor.util.CausalityInterfaceForComposites.checkForCycles(CausalityInterfaceForComposites.java:96)
	at ptolemy.domains.de.kernel.DEDirector.preinitialize(DEDirector.java:1338)
	at ptolemy.actor.CompositeActor.preinitialize(CompositeActor.java:1828)
	at ptolemy.actor.Manager.preinitializeAndResolveTypes(Manager.java:1040)
	at ptolemy.actor.Manager.initialize(Manager.java:710)
	at ptolemy.actor.Manager.execute(Manager.java:356)
	at ptolemy.actor.Manager.run(Manager.java:1263)
	at ptolemy.actor.Manager$PtolemyRunThread.run(Manager.java:1915)

    while executing
ptolemy.kernel.util.IllegalActionException: Found a zero delay loop containing .dependencyLoop2.original
  in .dependencyLoop2 and .dependencyLoop2.original
    while executing
"java::new ptolemy.moml.MoMLSimpleApplication $file
"
    (procedure "createAndExecute" line 2)
    invoked from within
"createAndExecute $file"
    ("uplevel" body line 5)
    invoked from within
"uplevel $contents_of_test"
------------------ testing $PTII/ptolemy/domains/de/test/auto/knownFailedTests/HierarchicalModel.xml (Known Failure) 
5 ms. Memory: 146944K Free: 84065K (57%)


==== $PTIIhome/travis/build/icyphy/ptII/ptolemy/domains/de/test/../../../../: Auto Automatic test in file $PTII/ptolemy/domains/de/test/auto/knownFailedTests/HierarchicalModel.xml
==== Contents of test case:

	    # FIXME: we should use $relativeFilename here, but it
	    # might have backslashes under Windows, which causes no end
	    # of trouble.
	    createAndExecute $file
	    list {}
	
.... Test generated KNOWN error:
    while executing
ptolemy.kernel.util.IllegalActionException: Found a zero delay loop containing .HierarchicalModel.A
  in .HierarchicalModel and .HierarchicalModel.A
	at ptolemy.actor.util.CausalityInterfaceForComposites._computeOutputPortDepth(CausalityInterfaceForComposites.java:759)
	at ptolemy.actor.util.CausalityInterfaceForComposites._computeInputDepth(CausalityInterfaceForComposites.java:696)
	at ptolemy.actor.util.CausalityInterfaceForComposites._computeOutputPortDepth(CausalityInterfaceForComposites.java:765)
	at ptolemy.actor.util.CausalityInterfaceForComposites._computeInputDepth(CausalityInterfaceForComposites.java:696)
	at ptolemy.actor.util.CausalityInterfaceForComposites._computeOutputPortDepth(CausalityInterfaceForComposites.java:765)
	at ptolemy.actor.util.CausalityInterfaceForComposites._computeInputDepth(CausalityInterfaceForComposites.java:696)
	at ptolemy.actor.util.CausalityInterfaceForComposites._computeActorDepth(CausalityInterfaceForComposites.java:532)
	at ptolemy.actor.util.CausalityInterfaceForComposites.checkForCycles(CausalityInterfaceForComposites.java:96)
	at ptolemy.domains.de.kernel.DEDirector.preinitialize(DEDirector.java:1338)
	at ptolemy.actor.CompositeActor.preinitialize(CompositeActor.java:1828)
	at ptolemy.actor.Manager.preinitializeAndResolveTypes(Manager.java:1040)
	at ptolemy.actor.Manager.initialize(Manager.java:710)
	at ptolemy.actor.Manager.execute(Manager.java:356)
	at ptolemy.actor.Manager.run(Manager.java:1263)
	at ptolemy.actor.Manager$PtolemyRunThread.run(Manager.java:1915)

    while executing
ptolemy.kernel.util.IllegalActionException: Found a zero delay loop containing .HierarchicalModel.A
  in .HierarchicalModel and .HierarchicalModel.A
    while executing
"java::new ptolemy.moml.MoMLSimpleApplication $file
"
    (procedure "createAndExecute" line 2)
    invoked from within
"createAndExecute $file"
    ("uplevel" body line 5)
    invoked from within
"uplevel $contents_of_test"
------------------ testing $PTII/ptolemy/domains/de/test/auto/knownFailedTests/DirectFeedback.xml (Known Failure) 
9 ms. Memory: 146944K Free: 141363K (96%)


==== $PTIIhome/travis/build/icyphy/ptII/ptolemy/domains/de/test/../../../../: Auto Automatic test in file $PTII/ptolemy/domains/de/test/auto/knownFailedTests/DirectFeedback.xml
==== Contents of test case:

	    # FIXME: we should use $relativeFilename here, but it
	    # might have backslashes under Windows, which causes no end
	    # of trouble.
	    createAndExecute $file
	    list {}
	
.... Test generated KNOWN error:
    while executing
ptolemy.kernel.util.IllegalActionException: Test fails in iteration 1.
Value was: 1.0. Should have been: 2.0
  in .DirectFeedback.Test
	at ptolemy.actor.lib.Test.fire(Test.java:268)
	at ptolemy.domains.de.kernel.DEDirector._fire(DEDirector.java:1949)
	at ptolemy.domains.de.kernel.DEDirector.fire(DEDirector.java:502)
	at ptolemy.actor.CompositeActor.fire(CompositeActor.java:455)
	at ptolemy.actor.Manager.iterate(Manager.java:851)
	at ptolemy.actor.Manager.execute(Manager.java:369)
	at ptolemy.actor.Manager.run(Manager.java:1263)
	at ptolemy.actor.Manager$PtolemyRunThread.run(Manager.java:1915)

    while executing
ptolemy.kernel.util.IllegalActionException: Test fails in iteration 1.
Value was: 1.0. Should have been: 2.0
  in .DirectFeedback.Test
    while executing
"java::new ptolemy.moml.MoMLSimpleApplication $file
"
    (procedure "createAndExecute" line 2)
    invoked from within
"createAndExecute $file"
    ("uplevel" body line 5)
    invoked from within
"uplevel $contents_of_test"
------------------ testing $PTII/ptolemy/domains/de/test/auto/ActorDepthCalculation_actorWithoutPorts.xml
auto.tcl: Setting watchdog for 200 seconds at Wed Dec 12 03:08:57 UTC 2018
16 ms. Memory: 146944K Free: 132353K (90%)
ptolemy.util.test.WatchDog.cancel(): canceling Wed Dec 12 03:08:57 UTC 2018
auto.tcl: Setting watchdog for 200 seconds at Wed Dec 12 03:08:57 UTC 2018
5 ms. Memory: 146944K Free: 131310K (89%)
ptolemy.util.test.WatchDog.cancel(): canceling Wed Dec 12 03:08:57 UTC 2018
------------------ testing $PTII/ptolemy/domains/de/test/auto/AssemblyLine.xml
auto.tcl: Setting watchdog for 200 seconds at Wed Dec 12 03:08:57 UTC 2018
15 ms. Memory: 208384K Free: 186333K (89%)
ptolemy.util.test.WatchDog.cancel(): canceling Wed Dec 12 03:08:57 UTC 2018
auto.tcl: Setting watchdog for 200 seconds at Wed Dec 12 03:08:57 UTC 2018
6 ms. Memory: 208384K Free: 186333K (89%)
ptolemy.util.test.WatchDog.cancel(): canceling Wed Dec 12 03:08:57 UTC 2018
------------------ testing $PTII/ptolemy/domains/de/test/auto/CQBug1.xml
auto.tcl: Setting watchdog for 200 seconds at Wed Dec 12 03:08:58 UTC 2018
3 ms. Memory: 208384K Free: 197715K (95%)
ptolemy.util.test.WatchDog.cancel(): canceling Wed Dec 12 03:08:58 UTC 2018
auto.tcl: Setting watchdog for 200 seconds at Wed Dec 12 03:08:58 UTC 2018
2 ms. Memory: 208384K Free: 197715K (95%)
ptolemy.util.test.WatchDog.cancel(): canceling Wed Dec 12 03:08:58 UTC 2018
------------------ testing $PTII/ptolemy/domains/de/test/auto/CancelFireAt.xml
auto.tcl: Setting watchdog for 200 seconds at Wed Dec 12 03:08:58 UTC 2018
3 ms. Memory: 208384K Free: 201430K (97%)
ptolemy.util.test.WatchDog.cancel(): canceling Wed Dec 12 03:08:58 UTC 2018
auto.tcl: Setting watchdog for 200 seconds at Wed Dec 12 03:08:58 UTC 2018
3 ms. Memory: 208384K Free: 199335K (96%)
ptolemy.util.test.WatchDog.cancel(): canceling Wed Dec 12 03:08:58 UTC 2018
------------------ testing $PTII/ptolemy/domains/de/test/auto/CausalityAndComposabilityAnalysis.xml
auto.tcl: Setting watchdog for 200 seconds at Wed Dec 12 03:08:58 UTC 2018
7 ms. Memory: 208384K Free: 196840K (94%)
ptolemy.util.test.WatchDog.cancel(): canceling Wed Dec 12 03:08:58 UTC 2018
auto.tcl: Setting watchdog for 200 seconds at Wed Dec 12 03:08:58 UTC 2018
14 ms. Memory: 208384K Free: 196502K (94%)
ptolemy.util.test.WatchDog.cancel(): canceling Wed Dec 12 03:08:58 UTC 2018
------------------ testing $PTII/ptolemy/domains/de/test/auto/CausalityInterface1.xml
auto.tcl: Setting watchdog for 200 seconds at Wed Dec 12 03:08:58 UTC 2018
25 ms. Memory: 208384K Free: 196440K (94%)
ptolemy.util.test.WatchDog.cancel(): canceling Wed Dec 12 03:08:58 UTC 2018
auto.tcl: Setting watchdog for 200 seconds at Wed Dec 12 03:08:58 UTC 2018
4 ms. Memory: 208384K Free: 196440K (94%)
ptolemy.util.test.WatchDog.cancel(): canceling Wed Dec 12 03:08:58 UTC 2018
------------------ testing $PTII/ptolemy/domains/de/test/auto/CausalityInterface15.xml
auto.tcl: Setting watchdog for 200 seconds at Wed Dec 12 03:08:58 UTC 2018
8 ms. Memory: 208384K Free: 196431K (94%)
ptolemy.util.test.WatchDog.cancel(): canceling Wed Dec 12 03:08:58 UTC 2018
auto.tcl: Setting watchdog for 200 seconds at Wed Dec 12 03:08:58 UTC 2018
8 ms. Memory: 208384K Free: 196431K (94%)
ptolemy.util.test.WatchDog.cancel(): canceling Wed Dec 12 03:08:58 UTC 2018
------------------ testing $PTII/ptolemy/domains/de/test/auto/CausalityInterface2.xml
auto.tcl: Setting watchdog for 200 seconds at Wed Dec 12 03:08:58 UTC 2018
7 ms. Memory: 208384K Free: 196414K (94%)
ptolemy.util.test.WatchDog.cancel(): canceling Wed Dec 12 03:08:58 UTC 2018
auto.tcl: Setting watchdog for 200 seconds at Wed Dec 12 03:08:58 UTC 2018
3 ms. Memory: 208384K Free: 196414K (94%)
ptolemy.util.test.WatchDog.cancel(): canceling Wed Dec 12 03:08:58 UTC 2018
------------------ testing $PTII/ptolemy/domains/de/test/auto/CausalityInterface3.xml
auto.tcl: Setting watchdog for 200 seconds at Wed Dec 12 03:08:58 UTC 2018
6 ms. Memory: 208384K Free: 196427K (94%)
ptolemy.util.test.WatchDog.cancel(): canceling Wed Dec 12 03:08:58 UTC 2018
auto.tcl: Setting watchdog for 200 seconds at Wed Dec 12 03:08:58 UTC 2018
3 ms. Memory: 208384K Free: 196427K (94%)
ptolemy.util.test.WatchDog.cancel(): canceling Wed Dec 12 03:08:58 UTC 2018
------------------ testing $PTII/ptolemy/domains/de/test/auto/ClockDrift.xml
auto.tcl: Setting watchdog for 200 seconds at Wed Dec 12 03:08:58 UTC 2018
85 ms. Memory: 208384K Free: 187678K (90%)
ptolemy.util.test.WatchDog.cancel(): canceling Wed Dec 12 03:08:58 UTC 2018
auto.tcl: Setting watchdog for 200 seconds at Wed Dec 12 03:08:58 UTC 2018
47 ms. Memory: 208384K Free: 185584K (89%)
ptolemy.util.test.WatchDog.cancel(): canceling Wed Dec 12 03:08:58 UTC 2018
------------------ testing $PTII/ptolemy/domains/de/test/auto/ClockDriftAndValueChange.xml
auto.tcl: Setting watchdog for 200 seconds at Wed Dec 12 03:08:59 UTC 2018
51 ms. Memory: 208384K Free: 187514K (90%)
ptolemy.util.test.WatchDog.cancel(): canceling Wed Dec 12 03:08:59 UTC 2018
auto.tcl: Setting watchdog for 200 seconds at Wed Dec 12 03:08:59 UTC 2018
21 ms. Memory: 208384K Free: 185420K (89%)
ptolemy.util.test.WatchDog.cancel(): canceling Wed Dec 12 03:08:59 UTC 2018
------------------ testing $PTII/ptolemy/domains/de/test/auto/ClockDriftChange.xml
auto.tcl: Setting watchdog for 200 seconds at Wed Dec 12 03:08:59 UTC 2018
29 ms. Memory: 208384K Free: 190830K (92%)
ptolemy.util.test.WatchDog.cancel(): canceling Wed Dec 12 03:08:59 UTC 2018
auto.tcl: Setting watchdog for 200 seconds at Wed Dec 12 03:08:59 UTC 2018
28 ms. Memory: 208384K Free: 188736K (91%)
ptolemy.util.test.WatchDog.cancel(): canceling Wed Dec 12 03:08:59 UTC 2018
------------------ testing $PTII/ptolemy/domains/de/test/auto/ComposableCausalityAnalysis.xml
auto.tcl: Setting watchdog for 200 seconds at Wed Dec 12 03:08:59 UTC 2018
2 ms. Memory: 208384K Free: 196283K (94%)
ptolemy.util.test.WatchDog.cancel(): canceling Wed Dec 12 03:08:59 UTC 2018
auto.tcl: Setting watchdog for 200 seconds at Wed Dec 12 03:08:59 UTC 2018
2 ms. Memory: 208384K Free: 194189K (93%)
ptolemy.util.test.WatchDog.cancel(): canceling Wed Dec 12 03:08:59 UTC 2018
------------------ testing $PTII/ptolemy/domains/de/test/auto/DEFixedPointLimitation.xml
auto.tcl: Setting watchdog for 200 seconds at Wed Dec 12 03:08:59 UTC 2018
6 ms. Memory: 208384K Free: 196363K (94%)
ptolemy.util.test.WatchDog.cancel(): canceling Wed Dec 12 03:08:59 UTC 2018
auto.tcl: Setting watchdog for 200 seconds at Wed Dec 12 03:08:59 UTC 2018
1 ms. Memory: 208384K Free: 196363K (94%)
ptolemy.util.test.WatchDog.cancel(): canceling Wed Dec 12 03:08:59 UTC 2018
------------------ testing $PTII/ptolemy/domains/de/test/auto/DEScheduleTest.xml
auto.tcl: Setting watchdog for 200 seconds at Wed Dec 12 03:08:59 UTC 2018
3 ms. Memory: 208384K Free: 198493K (95%)
ptolemy.util.test.WatchDog.cancel(): canceling Wed Dec 12 03:08:59 UTC 2018
auto.tcl: Setting watchdog for 200 seconds at Wed Dec 12 03:08:59 UTC 2018
6 ms. Memory: 208384K Free: 196399K (94%)
ptolemy.util.test.WatchDog.cancel(): canceling Wed Dec 12 03:08:59 UTC 2018
------------------ testing $PTII/ptolemy/domains/de/test/auto/DEinDEwithStartTimes.xml
auto.tcl: Setting watchdog for 200 seconds at Wed Dec 12 03:08:59 UTC 2018
7 ms. Memory: 208384K Free: 196369K (94%)
ptolemy.util.test.WatchDog.cancel(): canceling Wed Dec 12 03:08:59 UTC 2018
auto.tcl: Setting watchdog for 200 seconds at Wed Dec 12 03:08:59 UTC 2018
4 ms. Memory: 208384K Free: 194275K (93%)
ptolemy.util.test.WatchDog.cancel(): canceling Wed Dec 12 03:08:59 UTC 2018
------------------ testing $PTII/ptolemy/domains/de/test/auto/DEinDEwithStartTimes2.xml
auto.tcl: Setting watchdog for 200 seconds at Wed Dec 12 03:08:59 UTC 2018
8 ms. Memory: 208384K Free: 196686K (94%)
ptolemy.util.test.WatchDog.cancel(): canceling Wed Dec 12 03:08:59 UTC 2018
auto.tcl: Setting watchdog for 200 seconds at Wed Dec 12 03:08:59 UTC 2018
5 ms. Memory: 208384K Free: 194254K (93%)
ptolemy.util.test.WatchDog.cancel(): canceling Wed Dec 12 03:08:59 UTC 2018
------------------ testing $PTII/ptolemy/domains/de/test/auto/DateDemo.xml
auto.tcl: Setting watchdog for 200 seconds at Wed Dec 12 03:08:59 UTC 2018
9 ms. Memory: 208384K Free: 188812K (91%)
ptolemy.util.test.WatchDog.cancel(): canceling Wed Dec 12 03:08:59 UTC 2018
auto.tcl: Setting watchdog for 200 seconds at Wed Dec 12 03:08:59 UTC 2018
7 ms. Memory: 208384K Free: 186718K (90%)
ptolemy.util.test.WatchDog.cancel(): canceling Wed Dec 12 03:08:59 UTC 2018
------------------ testing $PTII/ptolemy/domains/de/test/auto/DateToEvent.xml
auto.tcl: Setting watchdog for 200 seconds at Wed Dec 12 03:08:59 UTC 2018
2016 ms. Memory: 208384K Free: 183545K (88%)
ptolemy.util.test.WatchDog.cancel(): canceling Wed Dec 12 03:09:02 UTC 2018
auto.tcl: Setting watchdog for 200 seconds at Wed Dec 12 03:09:02 UTC 2018
2004 ms. Memory: 208384K Free: 183545K (88%)
ptolemy.util.test.WatchDog.cancel(): canceling Wed Dec 12 03:09:04 UTC 2018
------------------ testing $PTII/ptolemy/domains/de/test/auto/DepthTest1.xml
auto.tcl: Setting watchdog for 200 seconds at Wed Dec 12 03:09:04 UTC 2018
7 ms. Memory: 208384K Free: 198022K (95%)
ptolemy.util.test.WatchDog.cancel(): canceling Wed Dec 12 03:09:04 UTC 2018
auto.tcl: Setting watchdog for 200 seconds at Wed Dec 12 03:09:04 UTC 2018
2 ms. Memory: 208384K Free: 198022K (95%)
ptolemy.util.test.WatchDog.cancel(): canceling Wed Dec 12 03:09:04 UTC 2018
------------------ testing $PTII/ptolemy/domains/de/test/auto/DepthTest2.xml
auto.tcl: Setting watchdog for 200 seconds at Wed Dec 12 03:09:04 UTC 2018
12 ms. Memory: 208384K Free: 194234K (93%)
ptolemy.util.test.WatchDog.cancel(): canceling Wed Dec 12 03:09:04 UTC 2018
auto.tcl: Setting watchdog for 200 seconds at Wed Dec 12 03:09:04 UTC 2018
3 ms. Memory: 208384K Free: 194234K (93%)
ptolemy.util.test.WatchDog.cancel(): canceling Wed Dec 12 03:09:04 UTC 2018
------------------ testing $PTII/ptolemy/domains/de/test/auto/DepthTest3.xml
auto.tcl: Setting watchdog for 200 seconds at Wed Dec 12 03:09:04 UTC 2018
4 ms. Memory: 208384K Free: 198354K (95%)
ptolemy.util.test.WatchDog.cancel(): canceling Wed Dec 12 03:09:04 UTC 2018
auto.tcl: Setting watchdog for 200 seconds at Wed Dec 12 03:09:04 UTC 2018
1 ms. Memory: 208384K Free: 198354K (95%)
ptolemy.util.test.WatchDog.cancel(): canceling Wed Dec 12 03:09:04 UTC 2018
------------------ testing $PTII/ptolemy/domains/de/test/auto/DepthTest4.xml
auto.tcl: Setting watchdog for 200 seconds at Wed Dec 12 03:09:04 UTC 2018
6 ms. Memory: 208384K Free: 196347K (94%)
ptolemy.util.test.WatchDog.cancel(): canceling Wed Dec 12 03:09:04 UTC 2018
auto.tcl: Setting watchdog for 200 seconds at Wed Dec 12 03:09:04 UTC 2018
2 ms. Memory: 208384K Free: 196347K (94%)
ptolemy.util.test.WatchDog.cancel(): canceling Wed Dec 12 03:09:04 UTC 2018
------------------ testing $PTII/ptolemy/domains/de/test/auto/DepthTest5.xml
auto.tcl: Setting watchdog for 200 seconds at Wed Dec 12 03:09:04 UTC 2018
3 ms. Memory: 208384K Free: 196295K (94%)
ptolemy.util.test.WatchDog.cancel(): canceling Wed Dec 12 03:09:04 UTC 2018
auto.tcl: Setting watchdog for 200 seconds at Wed Dec 12 03:09:04 UTC 2018
3 ms. Memory: 208384K Free: 196295K (94%)
ptolemy.util.test.WatchDog.cancel(): canceling Wed Dec 12 03:09:04 UTC 2018
------------------ testing $PTII/ptolemy/domains/de/test/auto/DepthTest6.xml
auto.tcl: Setting watchdog for 200 seconds at Wed Dec 12 03:09:04 UTC 2018
14 ms. Memory: 208384K Free: 196262K (94%)
ptolemy.util.test.WatchDog.cancel(): canceling Wed Dec 12 03:09:04 UTC 2018
auto.tcl: Setting watchdog for 200 seconds at Wed Dec 12 03:09:04 UTC 2018
3 ms. Memory: 208384K Free: 196262K (94%)
ptolemy.util.test.WatchDog.cancel(): canceling Wed Dec 12 03:09:04 UTC 2018
------------------ testing $PTII/ptolemy/domains/de/test/auto/DepthTest7.xml
auto.tcl: Setting watchdog for 200 seconds at Wed Dec 12 03:09:04 UTC 2018
3 ms. Memory: 208384K Free: 196252K (94%)
ptolemy.util.test.WatchDog.cancel(): canceling Wed Dec 12 03:09:04 UTC 2018
auto.tcl: Setting watchdog for 200 seconds at Wed Dec 12 03:09:04 UTC 2018
2 ms. Memory: 208384K Free: 196252K (94%)
ptolemy.util.test.WatchDog.cancel(): canceling Wed Dec 12 03:09:04 UTC 2018
------------------ testing $PTII/ptolemy/domains/de/test/auto/EventToDate.xml
auto.tcl: Setting watchdog for 200 seconds at Wed Dec 12 03:09:04 UTC 2018
3008 ms. Memory: 208384K Free: 185803K (89%)
ptolemy.util.test.WatchDog.cancel(): canceling Wed Dec 12 03:09:07 UTC 2018
auto.tcl: Setting watchdog for 200 seconds at Wed Dec 12 03:09:07 UTC 2018
3006 ms. Memory: 208384K Free: 185803K (89%)
ptolemy.util.test.WatchDog.cancel(): canceling Wed Dec 12 03:09:10 UTC 2018
------------------ testing $PTII/ptolemy/domains/de/test/auto/FSM1.xml
auto.tcl: Setting watchdog for 200 seconds at Wed Dec 12 03:09:10 UTC 2018
18 ms. Memory: 208384K Free: 189314K (91%)
ptolemy.util.test.WatchDog.cancel(): canceling Wed Dec 12 03:09:10 UTC 2018
auto.tcl: Setting watchdog for 200 seconds at Wed Dec 12 03:09:10 UTC 2018
29 ms. Memory: 208384K Free: 185126K (89%)
ptolemy.util.test.WatchDog.cancel(): canceling Wed Dec 12 03:09:10 UTC 2018
------------------ testing $PTII/ptolemy/domains/de/test/auto/FSM7.xml
auto.tcl: Setting watchdog for 200 seconds at Wed Dec 12 03:09:10 UTC 2018
12 ms. Memory: 208384K Free: 187424K (90%)
ptolemy.util.test.WatchDog.cancel(): canceling Wed Dec 12 03:09:10 UTC 2018
auto.tcl: Setting watchdog for 200 seconds at Wed Dec 12 03:09:10 UTC 2018
12 ms. Memory: 208384K Free: 185330K (89%)
ptolemy.util.test.WatchDog.cancel(): canceling Wed Dec 12 03:09:10 UTC 2018
------------------ testing $PTII/ptolemy/domains/de/test/auto/Inspection.xml
auto.tcl: Setting watchdog for 200 seconds at Wed Dec 12 03:09:10 UTC 2018
28 ms. Memory: 208384K Free: 188977K (91%)
ptolemy.util.test.WatchDog.cancel(): canceling Wed Dec 12 03:09:11 UTC 2018
auto.tcl: Setting watchdog for 200 seconds at Wed Dec 12 03:09:11 UTC 2018
33 ms. Memory: 208384K Free: 186884K (90%)
ptolemy.util.test.WatchDog.cancel(): canceling Wed Dec 12 03:09:11 UTC 2018
------------------ testing $PTII/ptolemy/domains/de/test/auto/Iteration.xml
auto.tcl: Setting watchdog for 200 seconds at Wed Dec 12 03:09:11 UTC 2018
10 ms. Memory: 208384K Free: 196059K (94%)
ptolemy.util.test.WatchDog.cancel(): canceling Wed Dec 12 03:09:11 UTC 2018
auto.tcl: Setting watchdog for 200 seconds at Wed Dec 12 03:09:11 UTC 2018
6 ms. Memory: 208384K Free: 193965K (93%)
ptolemy.util.test.WatchDog.cancel(): canceling Wed Dec 12 03:09:11 UTC 2018
------------------ testing $PTII/ptolemy/domains/de/test/auto/LineFault.xml
auto.tcl: Setting watchdog for 200 seconds at Wed Dec 12 03:09:11 UTC 2018
783 ms. Memory: 208384K Free: 197279K (95%)
ptolemy.util.test.WatchDog.cancel(): canceling Wed Dec 12 03:09:12 UTC 2018
auto.tcl: Setting watchdog for 200 seconds at Wed Dec 12 03:09:12 UTC 2018
596 ms. Memory: 208384K Free: 143806K (69%)
ptolemy.util.test.WatchDog.cancel(): canceling Wed Dec 12 03:09:12 UTC 2018
------------------ testing $PTII/ptolemy/domains/de/test/auto/MergeModel1Add.xml
auto.tcl: Setting watchdog for 200 seconds at Wed Dec 12 03:09:12 UTC 2018
17 ms. Memory: 331264K Free: 300253K (91%)
ptolemy.util.test.WatchDog.cancel(): canceling Wed Dec 12 03:09:13 UTC 2018
auto.tcl: Setting watchdog for 200 seconds at Wed Dec 12 03:09:13 UTC 2018
19 ms. Memory: 331264K Free: 300253K (91%)
ptolemy.util.test.WatchDog.cancel(): canceling Wed Dec 12 03:09:13 UTC 2018
------------------ testing $PTII/ptolemy/domains/de/test/auto/MergeModel2Add.xml
auto.tcl: Setting watchdog for 200 seconds at Wed Dec 12 03:09:13 UTC 2018
10 ms. Memory: 331264K Free: 301591K (91%)
ptolemy.util.test.WatchDog.cancel(): canceling Wed Dec 12 03:09:13 UTC 2018
auto.tcl: Setting watchdog for 200 seconds at Wed Dec 12 03:09:13 UTC 2018
7 ms. Memory: 331264K Free: 301591K (91%)
ptolemy.util.test.WatchDog.cancel(): canceling Wed Dec 12 03:09:13 UTC 2018
------------------ testing $PTII/ptolemy/domains/de/test/auto/MergeModel3Add.xml
auto.tcl: Setting watchdog for 200 seconds at Wed Dec 12 03:09:13 UTC 2018
10 ms. Memory: 331264K Free: 305281K (92%)
ptolemy.util.test.WatchDog.cancel(): canceling Wed Dec 12 03:09:13 UTC 2018
auto.tcl: Setting watchdog for 200 seconds at Wed Dec 12 03:09:13 UTC 2018
9 ms. Memory: 331264K Free: 301593K (91%)
ptolemy.util.test.WatchDog.cancel(): canceling Wed Dec 12 03:09:13 UTC 2018
------------------ testing $PTII/ptolemy/domains/de/test/auto/MergeWithoutDiscard.xml
auto.tcl: Setting watchdog for 200 seconds at Wed Dec 12 03:09:13 UTC 2018
2 ms. Memory: 331264K Free: 316788K (96%)
ptolemy.util.test.WatchDog.cancel(): canceling Wed Dec 12 03:09:13 UTC 2018
auto.tcl: Setting watchdog for 200 seconds at Wed Dec 12 03:09:13 UTC 2018
1 ms. Memory: 331264K Free: 316788K (96%)
ptolemy.util.test.WatchDog.cancel(): canceling Wed Dec 12 03:09:13 UTC 2018
------------------ testing $PTII/ptolemy/domains/de/test/auto/Modal1.xml
auto.tcl: Setting watchdog for 200 seconds at Wed Dec 12 03:09:13 UTC 2018
15 ms. Memory: 331264K Free: 310957K (94%)
ptolemy.util.test.WatchDog.cancel(): canceling Wed Dec 12 03:09:13 UTC 2018
auto.tcl: Setting watchdog for 200 seconds at Wed Dec 12 03:09:13 UTC 2018
10 ms. Memory: 331264K Free: 306831K (93%)
ptolemy.util.test.WatchDog.cancel(): canceling Wed Dec 12 03:09:13 UTC 2018
------------------ testing $PTII/ptolemy/domains/de/test/auto/Modal2.xml
auto.tcl: Setting watchdog for 200 seconds at Wed Dec 12 03:09:13 UTC 2018
20 ms. Memory: 331264K Free: 310392K (94%)
ptolemy.util.test.WatchDog.cancel(): canceling Wed Dec 12 03:09:13 UTC 2018
auto.tcl: Setting watchdog for 200 seconds at Wed Dec 12 03:09:13 UTC 2018
17 ms. Memory: 331264K Free: 306704K (93%)
ptolemy.util.test.WatchDog.cancel(): canceling Wed Dec 12 03:09:13 UTC 2018
------------------ testing $PTII/ptolemy/domains/de/test/auto/Modal3.xml
auto.tcl: Setting watchdog for 200 seconds at Wed Dec 12 03:09:13 UTC 2018
15 ms. Memory: 331264K Free: 310390K (94%)
ptolemy.util.test.WatchDog.cancel(): canceling Wed Dec 12 03:09:13 UTC 2018
auto.tcl: Setting watchdog for 200 seconds at Wed Dec 12 03:09:13 UTC 2018
16 ms. Memory: 331264K Free: 306702K (93%)
ptolemy.util.test.WatchDog.cancel(): canceling Wed Dec 12 03:09:13 UTC 2018
------------------ testing $PTII/ptolemy/domains/de/test/auto/Modal4.xml
auto.tcl: Setting watchdog for 200 seconds at Wed Dec 12 03:09:13 UTC 2018
12 ms. Memory: 331264K Free: 310387K (94%)
ptolemy.util.test.WatchDog.cancel(): canceling Wed Dec 12 03:09:13 UTC 2018
auto.tcl: Setting watchdog for 200 seconds at Wed Dec 12 03:09:13 UTC 2018
13 ms. Memory: 331264K Free: 306700K (93%)
ptolemy.util.test.WatchDog.cancel(): canceling Wed Dec 12 03:09:13 UTC 2018
------------------ testing $PTII/ptolemy/domains/de/test/auto/Modal5.xml
auto.tcl: Setting watchdog for 200 seconds at Wed Dec 12 03:09:13 UTC 2018
16 ms. Memory: 331264K Free: 310375K (94%)
ptolemy.util.test.WatchDog.cancel(): canceling Wed Dec 12 03:09:13 UTC 2018
auto.tcl: Setting watchdog for 200 seconds at Wed Dec 12 03:09:13 UTC 2018
16 ms. Memory: 331264K Free: 306687K (93%)
ptolemy.util.test.WatchDog.cancel(): canceling Wed Dec 12 03:09:13 UTC 2018
------------------ testing $PTII/ptolemy/domains/de/test/auto/Modal6.xml
auto.tcl: Setting watchdog for 200 seconds at Wed Dec 12 03:09:13 UTC 2018
14 ms. Memory: 331264K Free: 310372K (94%)
ptolemy.util.test.WatchDog.cancel(): canceling Wed Dec 12 03:09:14 UTC 2018
auto.tcl: Setting watchdog for 200 seconds at Wed Dec 12 03:09:14 UTC 2018
20 ms. Memory: 331264K Free: 306684K (93%)
ptolemy.util.test.WatchDog.cancel(): canceling Wed Dec 12 03:09:14 UTC 2018
------------------ testing $PTII/ptolemy/domains/de/test/auto/Modal7.xml
auto.tcl: Setting watchdog for 200 seconds at Wed Dec 12 03:09:14 UTC 2018
9 ms. Memory: 331264K Free: 306683K (93%)
ptolemy.util.test.WatchDog.cancel(): canceling Wed Dec 12 03:09:14 UTC 2018
auto.tcl: Setting watchdog for 200 seconds at Wed Dec 12 03:09:14 UTC 2018
13 ms. Memory: 331264K Free: 302995K (91%)
ptolemy.util.test.WatchDog.cancel(): canceling Wed Dec 12 03:09:14 UTC 2018
------------------ testing $PTII/ptolemy/domains/de/test/auto/ModalModel.xml
auto.tcl: Setting watchdog for 200 seconds at Wed Dec 12 03:09:14 UTC 2018
221 ms. Memory: 331264K Free: 245208K (74%)
ptolemy.util.test.WatchDog.cancel(): canceling Wed Dec 12 03:09:14 UTC 2018
auto.tcl: Setting watchdog for 200 seconds at Wed Dec 12 03:09:14 UTC 2018
194 ms. Memory: 331264K Free: 186204K (56%)
ptolemy.util.test.WatchDog.cancel(): canceling Wed Dec 12 03:09:14 UTC 2018
------------------ testing $PTII/ptolemy/domains/de/test/auto/ModalSource.xml
auto.tcl: Setting watchdog for 200 seconds at Wed Dec 12 03:09:14 UTC 2018
10 ms. Memory: 331264K Free: 316774K (96%)
ptolemy.util.test.WatchDog.cancel(): canceling Wed Dec 12 03:09:14 UTC 2018
auto.tcl: Setting watchdog for 200 seconds at Wed Dec 12 03:09:14 UTC 2018
5 ms. Memory: 331264K Free: 313430K (95%)
ptolemy.util.test.WatchDog.cancel(): canceling Wed Dec 12 03:09:14 UTC 2018
------------------ testing $PTII/ptolemy/domains/de/test/auto/NonInterruptibleTimerZeroDelay.xml
auto.tcl: Setting watchdog for 200 seconds at Wed Dec 12 03:09:14 UTC 2018
6 ms. Memory: 331264K Free: 321056K (97%)
ptolemy.util.test.WatchDog.cancel(): canceling Wed Dec 12 03:09:14 UTC 2018
auto.tcl: Setting watchdog for 200 seconds at Wed Dec 12 03:09:14 UTC 2018
2 ms. Memory: 331264K Free: 317712K (96%)
ptolemy.util.test.WatchDog.cancel(): canceling Wed Dec 12 03:09:14 UTC 2018
------------------ testing $PTII/ptolemy/domains/de/test/auto/OpenQueueingNetwork.xml
auto.tcl: Setting watchdog for 200 seconds at Wed Dec 12 03:09:14 UTC 2018
2726 ms. Memory: 573952K Free: 406811K (71%)
ptolemy.util.test.WatchDog.cancel(): canceling Wed Dec 12 03:09:17 UTC 2018
auto.tcl: Setting watchdog for 200 seconds at Wed Dec 12 03:09:17 UTC 2018
2345 ms. Memory: 550912K Free: 324560K (59%)
ptolemy.util.test.WatchDog.cancel(): canceling Wed Dec 12 03:09:20 UTC 2018
------------------ testing $PTII/ptolemy/domains/de/test/auto/OpenQueuingNetwork.xml
auto.tcl: Setting watchdog for 200 seconds at Wed Dec 12 03:09:20 UTC 2018
248 ms. Memory: 549888K Free: 442144K (80%)
ptolemy.util.test.WatchDog.cancel(): canceling Wed Dec 12 03:09:20 UTC 2018
auto.tcl: Setting watchdog for 200 seconds at Wed Dec 12 03:09:20 UTC 2018
226 ms. Memory: 549888K Free: 384502K (70%)
ptolemy.util.test.WatchDog.cancel(): canceling Wed Dec 12 03:09:20 UTC 2018
------------------ testing $PTII/ptolemy/domains/de/test/auto/PeriodicSampler.xml
auto.tcl: Setting watchdog for 200 seconds at Wed Dec 12 03:09:20 UTC 2018
2 ms. Memory: 551936K Free: 536999K (97%)
ptolemy.util.test.WatchDog.cancel(): canceling Wed Dec 12 03:09:20 UTC 2018
auto.tcl: Setting watchdog for 200 seconds at Wed Dec 12 03:09:20 UTC 2018
1 ms. Memory: 551936K Free: 536999K (97%)
ptolemy.util.test.WatchDog.cancel(): canceling Wed Dec 12 03:09:20 UTC 2018
------------------ testing $PTII/ptolemy/domains/de/test/auto/PersistentIO.xml
auto.tcl: Setting watchdog for 200 seconds at Wed Dec 12 03:09:20 UTC 2018
13 ms. Memory: 549376K Free: 525103K (96%)
ptolemy.util.test.WatchDog.cancel(): canceling Wed Dec 12 03:09:20 UTC 2018
auto.tcl: Setting watchdog for 200 seconds at Wed Dec 12 03:09:20 UTC 2018
4 ms. Memory: 549376K Free: 525103K (96%)
ptolemy.util.test.WatchDog.cancel(): canceling Wed Dec 12 03:09:20 UTC 2018
------------------ testing $PTII/ptolemy/domains/de/test/auto/PortParameterResetOnInitialize.xml
auto.tcl: Setting watchdog for 200 seconds at Wed Dec 12 03:09:20 UTC 2018
2 ms. Memory: 551424K Free: 532268K (97%)
ptolemy.util.test.WatchDog.cancel(): canceling Wed Dec 12 03:09:20 UTC 2018
auto.tcl: Setting watchdog for 200 seconds at Wed Dec 12 03:09:20 UTC 2018
2 ms. Memory: 551424K Free: 532268K (97%)
ptolemy.util.test.WatchDog.cancel(): canceling Wed Dec 12 03:09:20 UTC 2018
------------------ testing $PTII/ptolemy/domains/de/test/auto/PortParameterUpdates.xml
auto.tcl: Setting watchdog for 200 seconds at Wed Dec 12 03:09:20 UTC 2018
3 ms. Memory: 549376K Free: 525098K (96%)
ptolemy.util.test.WatchDog.cancel(): canceling Wed Dec 12 03:09:20 UTC 2018
auto.tcl: Setting watchdog for 200 seconds at Wed Dec 12 03:09:20 UTC 2018
3 ms. Memory: 549376K Free: 525098K (96%)
ptolemy.util.test.WatchDog.cancel(): canceling Wed Dec 12 03:09:20 UTC 2018
------------------ testing $PTII/ptolemy/domains/de/test/auto/QueueAndServer.xml
auto.tcl: Setting watchdog for 200 seconds at Wed Dec 12 03:09:21 UTC 2018
12 ms. Memory: 551424K Free: 526764K (96%)
ptolemy.util.test.WatchDog.cancel(): canceling Wed Dec 12 03:09:21 UTC 2018
auto.tcl: Setting watchdog for 200 seconds at Wed Dec 12 03:09:21 UTC 2018
6 ms. Memory: 551424K Free: 526764K (96%)
ptolemy.util.test.WatchDog.cancel(): canceling Wed Dec 12 03:09:21 UTC 2018
------------------ testing $PTII/ptolemy/domains/de/test/auto/Records.xml
auto.tcl: Setting watchdog for 200 seconds at Wed Dec 12 03:09:21 UTC 2018
6 ms. Memory: 549376K Free: 534587K (97%)
ptolemy.util.test.WatchDog.cancel(): canceling Wed Dec 12 03:09:21 UTC 2018
auto.tcl: Setting watchdog for 200 seconds at Wed Dec 12 03:09:21 UTC 2018
2 ms. Memory: 549376K Free: 529347K (96%)
ptolemy.util.test.WatchDog.cancel(): canceling Wed Dec 12 03:09:21 UTC 2018
------------------ testing $PTII/ptolemy/domains/de/test/auto/ResetTransitionWithStartTime1.xml
auto.tcl: Setting watchdog for 200 seconds at Wed Dec 12 03:09:21 UTC 2018
16 ms. Memory: 551424K Free: 531756K (96%)
ptolemy.util.test.WatchDog.cancel(): canceling Wed Dec 12 03:09:21 UTC 2018
auto.tcl: Setting watchdog for 200 seconds at Wed Dec 12 03:09:21 UTC 2018
6 ms. Memory: 551424K Free: 531403K (96%)
ptolemy.util.test.WatchDog.cancel(): canceling Wed Dec 12 03:09:21 UTC 2018
------------------ testing $PTII/ptolemy/domains/de/test/auto/ResetTransitionWithStartTime2.xml
auto.tcl: Setting watchdog for 200 seconds at Wed Dec 12 03:09:21 UTC 2018
6 ms. Memory: 549376K Free: 529699K (96%)
ptolemy.util.test.WatchDog.cancel(): canceling Wed Dec 12 03:09:21 UTC 2018
auto.tcl: Setting watchdog for 200 seconds at Wed Dec 12 03:09:21 UTC 2018
4 ms. Memory: 549376K Free: 529699K (96%)
ptolemy.util.test.WatchDog.cancel(): canceling Wed Dec 12 03:09:21 UTC 2018
------------------ testing $PTII/ptolemy/domains/de/test/auto/ResetTransitionWithStartTime3.xml
auto.tcl: Setting watchdog for 200 seconds at Wed Dec 12 03:09:21 UTC 2018
6 ms. Memory: 550912K Free: 530742K (96%)
ptolemy.util.test.WatchDog.cancel(): canceling Wed Dec 12 03:09:21 UTC 2018
auto.tcl: Setting watchdog for 200 seconds at Wed Dec 12 03:09:21 UTC 2018
8 ms. Memory: 550912K Free: 530742K (96%)
ptolemy.util.test.WatchDog.cancel(): canceling Wed Dec 12 03:09:21 UTC 2018
------------------ testing $PTII/ptolemy/domains/de/test/auto/ResetTransitionWithStartTime4.xml
auto.tcl: Setting watchdog for 200 seconds at Wed Dec 12 03:09:21 UTC 2018
4 ms. Memory: 549376K Free: 529203K (96%)
ptolemy.util.test.WatchDog.cancel(): canceling Wed Dec 12 03:09:21 UTC 2018
auto.tcl: Setting watchdog for 200 seconds at Wed Dec 12 03:09:21 UTC 2018
3 ms. Memory: 549376K Free: 529203K (96%)
ptolemy.util.test.WatchDog.cancel(): canceling Wed Dec 12 03:09:21 UTC 2018
------------------ testing $PTII/ptolemy/domains/de/test/auto/ResettableTimer1.xml
auto.tcl: Setting watchdog for 200 seconds at Wed Dec 12 03:09:21 UTC 2018
2 ms. Memory: 550912K Free: 535991K (97%)
ptolemy.util.test.WatchDog.cancel(): canceling Wed Dec 12 03:09:21 UTC 2018
auto.tcl: Setting watchdog for 200 seconds at Wed Dec 12 03:09:21 UTC 2018
2 ms. Memory: 550912K Free: 535991K (97%)
ptolemy.util.test.WatchDog.cancel(): canceling Wed Dec 12 03:09:21 UTC 2018
------------------ testing $PTII/ptolemy/domains/de/test/auto/ResettableTimer2.xml
auto.tcl: Setting watchdog for 200 seconds at Wed Dec 12 03:09:21 UTC 2018
3 ms. Memory: 549376K Free: 534866K (97%)
ptolemy.util.test.WatchDog.cancel(): canceling Wed Dec 12 03:09:21 UTC 2018
auto.tcl: Setting watchdog for 200 seconds at Wed Dec 12 03:09:21 UTC 2018
2 ms. Memory: 549376K Free: 534866K (97%)
ptolemy.util.test.WatchDog.cancel(): canceling Wed Dec 12 03:09:21 UTC 2018
------------------ testing $PTII/ptolemy/domains/de/test/auto/ResettableTimer3.xml
auto.tcl: Setting watchdog for 200 seconds at Wed Dec 12 03:09:21 UTC 2018
1 ms. Memory: 550912K Free: 536048K (97%)
ptolemy.util.test.WatchDog.cancel(): canceling Wed Dec 12 03:09:21 UTC 2018
auto.tcl: Setting watchdog for 200 seconds at Wed Dec 12 03:09:21 UTC 2018
1 ms. Memory: 550912K Free: 536048K (97%)
ptolemy.util.test.WatchDog.cancel(): canceling Wed Dec 12 03:09:21 UTC 2018
------------------ testing $PTII/ptolemy/domains/de/test/auto/ResettableTimer4.xml
auto.tcl: Setting watchdog for 200 seconds at Wed Dec 12 03:09:21 UTC 2018
1 ms. Memory: 549376K Free: 534879K (97%)
ptolemy.util.test.WatchDog.cancel(): canceling Wed Dec 12 03:09:21 UTC 2018
auto.tcl: Setting watchdog for 200 seconds at Wed Dec 12 03:09:21 UTC 2018
1 ms. Memory: 549376K Free: 534879K (97%)
ptolemy.util.test.WatchDog.cancel(): canceling Wed Dec 12 03:09:21 UTC 2018
------------------ testing $PTII/ptolemy/domains/de/test/auto/ResettableTimer5.xml
auto.tcl: Setting watchdog for 200 seconds at Wed Dec 12 03:09:21 UTC 2018
1 ms. Memory: 550400K Free: 531221K (97%)
ptolemy.util.test.WatchDog.cancel(): canceling Wed Dec 12 03:09:21 UTC 2018
auto.tcl: Setting watchdog for 200 seconds at Wed Dec 12 03:09:21 UTC 2018
2 ms. Memory: 550400K Free: 531221K (97%)
ptolemy.util.test.WatchDog.cancel(): canceling Wed Dec 12 03:09:21 UTC 2018
------------------ testing $PTII/ptolemy/domains/de/test/auto/ResettableTimer6.xml
auto.tcl: Setting watchdog for 200 seconds at Wed Dec 12 03:09:21 UTC 2018
6 ms. Memory: 549376K Free: 529793K (96%)
ptolemy.util.test.WatchDog.cancel(): canceling Wed Dec 12 03:09:21 UTC 2018
auto.tcl: Setting watchdog for 200 seconds at Wed Dec 12 03:09:21 UTC 2018
1 ms. Memory: 549376K Free: 529793K (96%)
ptolemy.util.test.WatchDog.cancel(): canceling Wed Dec 12 03:09:21 UTC 2018
------------------ testing $PTII/ptolemy/domains/de/test/auto/ServerZeroDelay.xml
auto.tcl: Setting watchdog for 200 seconds at Wed Dec 12 03:09:21 UTC 2018
2 ms. Memory: 550400K Free: 535840K (97%)
ptolemy.util.test.WatchDog.cancel(): canceling Wed Dec 12 03:09:21 UTC 2018
auto.tcl: Setting watchdog for 200 seconds at Wed Dec 12 03:09:21 UTC 2018
3 ms. Memory: 550400K Free: 535840K (97%)
ptolemy.util.test.WatchDog.cancel(): canceling Wed Dec 12 03:09:21 UTC 2018
------------------ testing $PTII/ptolemy/domains/de/test/auto/SmartSender.xml
auto.tcl: Setting watchdog for 200 seconds at Wed Dec 12 03:09:21 UTC 2018
3001 ms. Memory: 549376K Free: 530132K (96%)
ptolemy.util.test.WatchDog.cancel(): canceling Wed Dec 12 03:09:24 UTC 2018
auto.tcl: Setting watchdog for 200 seconds at Wed Dec 12 03:09:24 UTC 2018
3001 ms. Memory: 549376K Free: 530132K (96%)
ptolemy.util.test.WatchDog.cancel(): canceling Wed Dec 12 03:09:27 UTC 2018
------------------ testing $PTII/ptolemy/domains/de/test/auto/ThreadedComposite.xml
auto.tcl: Setting watchdog for 200 seconds at Wed Dec 12 03:09:27 UTC 2018
195 ms. Memory: 550400K Free: 510960K (93%)
ptolemy.util.test.WatchDog.cancel(): canceling Wed Dec 12 03:09:28 UTC 2018
auto.tcl: Setting watchdog for 200 seconds at Wed Dec 12 03:09:28 UTC 2018
108 ms. Memory: 550400K Free: 496360K (90%)
ptolemy.util.test.WatchDog.cancel(): canceling Wed Dec 12 03:09:28 UTC 2018
------------------ testing $PTII/ptolemy/domains/de/test/auto/Time.xml
auto.tcl: Setting watchdog for 200 seconds at Wed Dec 12 03:09:28 UTC 2018
494 ms. Memory: 549376K Free: 487386K (89%)
ptolemy.util.test.WatchDog.cancel(): canceling Wed Dec 12 03:09:28 UTC 2018
auto.tcl: Setting watchdog for 200 seconds at Wed Dec 12 03:09:28 UTC 2018
504 ms. Memory: 549376K Free: 440210K (80%)
ptolemy.util.test.WatchDog.cancel(): canceling Wed Dec 12 03:09:29 UTC 2018
------------------ testing $PTII/ptolemy/domains/de/test/auto/TimeDelayZeroDelay.xml
auto.tcl: Setting watchdog for 200 seconds at Wed Dec 12 03:09:29 UTC 2018
2 ms. Memory: 550400K Free: 535405K (97%)
ptolemy.util.test.WatchDog.cancel(): canceling Wed Dec 12 03:09:29 UTC 2018
auto.tcl: Setting watchdog for 200 seconds at Wed Dec 12 03:09:29 UTC 2018
1 ms. Memory: 550400K Free: 535405K (97%)
ptolemy.util.test.WatchDog.cancel(): canceling Wed Dec 12 03:09:29 UTC 2018
------------------ testing $PTII/ptolemy/domains/de/test/auto/TimerZeroDelay.xml
auto.tcl: Setting watchdog for 200 seconds at Wed Dec 12 03:09:29 UTC 2018
2 ms. Memory: 549376K Free: 534778K (97%)
ptolemy.util.test.WatchDog.cancel(): canceling Wed Dec 12 03:09:29 UTC 2018
auto.tcl: Setting watchdog for 200 seconds at Wed Dec 12 03:09:29 UTC 2018
5 ms. Memory: 549376K Free: 534778K (97%)
ptolemy.util.test.WatchDog.cancel(): canceling Wed Dec 12 03:09:29 UTC 2018
------------------ testing $PTII/ptolemy/domains/de/test/auto/TimingParadox.xml
auto.tcl: Setting watchdog for 200 seconds at Wed Dec 12 03:09:29 UTC 2018
367 ms. Memory: 549888K Free: 475402K (86%)
ptolemy.util.test.WatchDog.cancel(): canceling Wed Dec 12 03:09:30 UTC 2018
auto.tcl: Setting watchdog for 200 seconds at Wed Dec 12 03:09:30 UTC 2018
367 ms. Memory: 549888K Free: 443962K (81%)
ptolemy.util.test.WatchDog.cancel(): canceling Wed Dec 12 03:09:30 UTC 2018
------------------ testing $PTII/ptolemy/domains/de/test/auto/TransferInputs.xml
auto.tcl: Setting watchdog for 200 seconds at Wed Dec 12 03:09:30 UTC 2018
2 ms. Memory: 549888K Free: 534194K (97%)
ptolemy.util.test.WatchDog.cancel(): canceling Wed Dec 12 03:09:30 UTC 2018
auto.tcl: Setting watchdog for 200 seconds at Wed Dec 12 03:09:30 UTC 2018
2 ms. Memory: 549888K Free: 534194K (97%)
ptolemy.util.test.WatchDog.cancel(): canceling Wed Dec 12 03:09:30 UTC 2018
------------------ testing $PTII/ptolemy/domains/de/test/auto/TransferOutputs2.xml
auto.tcl: Setting watchdog for 200 seconds at Wed Dec 12 03:09:30 UTC 2018
5 ms. Memory: 549376K Free: 524865K (96%)
ptolemy.util.test.WatchDog.cancel(): canceling Wed Dec 12 03:09:30 UTC 2018
auto.tcl: Setting watchdog for 200 seconds at Wed Dec 12 03:09:30 UTC 2018
3 ms. Memory: 549376K Free: 524865K (96%)
ptolemy.util.test.WatchDog.cancel(): canceling Wed Dec 12 03:09:30 UTC 2018
------------------ testing $PTII/ptolemy/domains/de/test/auto/Trilateration.xml
auto.tcl: Setting watchdog for 200 seconds at Wed Dec 12 03:09:30 UTC 2018
14515 ms. Memory: 766976K Free: 325396K (42%)
ptolemy.util.test.WatchDog.cancel(): canceling Wed Dec 12 03:09:46 UTC 2018
auto.tcl: Setting watchdog for 200 seconds at Wed Dec 12 03:09:46 UTC 2018
10979 ms. Memory: 646144K Free: 191918K (30%)
ptolemy.util.test.WatchDog.cancel(): canceling Wed Dec 12 03:09:57 UTC 2018
------------------ testing $PTII/ptolemy/domains/de/test/auto/TwoSigmaDelta.xml
auto.tcl: Setting watchdog for 200 seconds at Wed Dec 12 03:09:57 UTC 2018
2723 ms. Memory: 649728K Free: 342157K (53%)
ptolemy.util.test.WatchDog.cancel(): canceling Wed Dec 12 03:10:00 UTC 2018
auto.tcl: Setting watchdog for 200 seconds at Wed Dec 12 03:10:00 UTC 2018
1946 ms. Memory: 649728K Free: 115303K (18%)
ptolemy.util.test.WatchDog.cancel(): canceling Wed Dec 12 03:10:02 UTC 2018
------------------ testing $PTII/ptolemy/domains/de/test/auto/VariableDelay.xml
auto.tcl: Setting watchdog for 200 seconds at Wed Dec 12 03:10:02 UTC 2018
4 ms. Memory: 646656K Free: 627149K (97%)
ptolemy.util.test.WatchDog.cancel(): canceling Wed Dec 12 03:10:02 UTC 2018
auto.tcl: Setting watchdog for 200 seconds at Wed Dec 12 03:10:02 UTC 2018
6 ms. Memory: 646656K Free: 627149K (97%)
ptolemy.util.test.WatchDog.cancel(): canceling Wed Dec 12 03:10:02 UTC 2018
------------------ testing $PTII/ptolemy/domains/de/test/auto/VariableDelay2.xml
auto.tcl: Setting watchdog for 200 seconds at Wed Dec 12 03:10:02 UTC 2018
4 ms. Memory: 646144K Free: 627083K (97%)
ptolemy.util.test.WatchDog.cancel(): canceling Wed Dec 12 03:10:02 UTC 2018
auto.tcl: Setting watchdog for 200 seconds at Wed Dec 12 03:10:02 UTC 2018
2 ms. Memory: 646144K Free: 627083K (97%)
ptolemy.util.test.WatchDog.cancel(): canceling Wed Dec 12 03:10:02 UTC 2018
------------------ testing $PTII/ptolemy/domains/de/test/auto/VariableDelayZeroDelay.xml
auto.tcl: Setting watchdog for 200 seconds at Wed Dec 12 03:10:02 UTC 2018
2 ms. Memory: 646144K Free: 621435K (96%)
ptolemy.util.test.WatchDog.cancel(): canceling Wed Dec 12 03:10:02 UTC 2018
auto.tcl: Setting watchdog for 200 seconds at Wed Dec 12 03:10:02 UTC 2018
2 ms. Memory: 646144K Free: 621435K (96%)
ptolemy.util.test.WatchDog.cancel(): canceling Wed Dec 12 03:10:02 UTC 2018
------------------ testing $PTII/ptolemy/domains/de/test/auto/VariableDelayZeroDelay2.xml
auto.tcl: Setting watchdog for 200 seconds at Wed Dec 12 03:10:02 UTC 2018
2 ms. Memory: 649216K Free: 624505K (96%)
ptolemy.util.test.WatchDog.cancel(): canceling Wed Dec 12 03:10:02 UTC 2018
auto.tcl: Setting watchdog for 200 seconds at Wed Dec 12 03:10:02 UTC 2018
2 ms. Memory: 649216K Free: 624505K (96%)
ptolemy.util.test.WatchDog.cancel(): canceling Wed Dec 12 03:10:02 UTC 2018
------------------ testing $PTII/ptolemy/domains/de/test/auto/deInCt.xml
auto.tcl: Setting watchdog for 200 seconds at Wed Dec 12 03:10:02 UTC 2018
0
1
1
1
1
0
0
0
1
1
1
0
0
0
1
1
1
0
0
0
1
1
1
0
0
0
0
1
1
1
0
0
0
1
1
1
0
0
0
1
1
0
0
0
1
1
1
0
0
0
1
1
1
0
0
0
1
1
1
1
20 ms. Memory: 646144K Free: 621398K (96%)
ptolemy.util.test.WatchDog.cancel(): canceling Wed Dec 12 03:10:02 UTC 2018
auto.tcl: Setting watchdog for 200 seconds at Wed Dec 12 03:10:02 UTC 2018
0
1
1
1
0
0
0
1
1
1
0
0
0
1
1
1
0
0
0
1
1
1
0
0
0
0
1
1
1
0
0
0
1
1
1
1
0
0
0
1
1
1
1
0
0
0
13 ms. Memory: 646144K Free: 621398K (96%)
ptolemy.util.test.WatchDog.cancel(): canceling Wed Dec 12 03:10:02 UTC 2018
------------------ testing $PTII/ptolemy/domains/de/test/auto/deInCt2.xml
auto.tcl: Setting watchdog for 200 seconds at Wed Dec 12 03:10:02 UTC 2018
0
1
1
1
0
0
1
1
1
0
0
1
1
1
0
0
1
1
1
0
0
1
1
1
0
0
1
1
1
0
0
1
1
1
0
0
1
1
1
0
0
0
18 ms. Memory: 648704K Free: 623958K (96%)
ptolemy.util.test.WatchDog.cancel(): canceling Wed Dec 12 03:10:02 UTC 2018
auto.tcl: Setting watchdog for 200 seconds at Wed Dec 12 03:10:02 UTC 2018
0
1
1
1
0
0
1
1
1
0
0
1
1
1
0
0
1
1
1
0
0
1
1
1
0
0
1
1
1
0
0
1
1
1
0
0
1
1
1
0
0
0
8 ms. Memory: 648704K Free: 623958K (96%)
ptolemy.util.test.WatchDog.cancel(): canceling Wed Dec 12 03:10:02 UTC 2018
------------------ testing $PTII/ptolemy/domains/de/test/auto/dynamicCausalityInterface1.xml
auto.tcl: Setting watchdog for 200 seconds at Wed Dec 12 03:10:02 UTC 2018
2 ms. Memory: 646144K Free: 618465K (96%)
ptolemy.util.test.WatchDog.cancel(): canceling Wed Dec 12 03:10:02 UTC 2018
auto.tcl: Setting watchdog for 200 seconds at Wed Dec 12 03:10:02 UTC 2018
0 ms. Memory: 646144K Free: 618465K (96%)
ptolemy.util.test.WatchDog.cancel(): canceling Wed Dec 12 03:10:02 UTC 2018
------------------ testing $PTII/ptolemy/domains/de/test/auto/fsm_de_test.xml
auto.tcl: Setting watchdog for 200 seconds at Wed Dec 12 03:10:02 UTC 2018
5 ms. Memory: 648192K Free: 623368K (96%)
ptolemy.util.test.WatchDog.cancel(): canceling Wed Dec 12 03:10:02 UTC 2018
auto.tcl: Setting watchdog for 200 seconds at Wed Dec 12 03:10:02 UTC 2018
5 ms. Memory: 648192K Free: 614776K (95%)
ptolemy.util.test.WatchDog.cancel(): canceling Wed Dec 12 03:10:02 UTC 2018
------------------ testing $PTII/ptolemy/domains/de/test/auto/functionDependencyReconstruction.xml
auto.tcl: Setting watchdog for 200 seconds at Wed Dec 12 03:10:02 UTC 2018
2 ms. Memory: 646144K Free: 612719K (95%)
ptolemy.util.test.WatchDog.cancel(): canceling Wed Dec 12 03:10:02 UTC 2018
auto.tcl: Setting watchdog for 200 seconds at Wed Dec 12 03:10:02 UTC 2018
3 ms. Memory: 646144K Free: 604126K (93%)
ptolemy.util.test.WatchDog.cancel(): canceling Wed Dec 12 03:10:02 UTC 2018
------------------ testing $PTII/ptolemy/domains/de/test/auto/multirate.xml
auto.tcl: Setting watchdog for 200 seconds at Wed Dec 12 03:10:02 UTC 2018
3 ms. Memory: 648192K Free: 628850K (97%)
ptolemy.util.test.WatchDog.cancel(): canceling Wed Dec 12 03:10:02 UTC 2018
auto.tcl: Setting watchdog for 200 seconds at Wed Dec 12 03:10:02 UTC 2018
3 ms. Memory: 648192K Free: 628850K (97%)
ptolemy.util.test.WatchDog.cancel(): canceling Wed Dec 12 03:10:02 UTC 2018
------------------ testing $PTII/ptolemy/domains/de/test/auto/multirate2.xml
auto.tcl: Setting watchdog for 200 seconds at Wed Dec 12 03:10:02 UTC 2018
3 ms. Memory: 646144K Free: 627022K (97%)
ptolemy.util.test.WatchDog.cancel(): canceling Wed Dec 12 03:10:02 UTC 2018
auto.tcl: Setting watchdog for 200 seconds at Wed Dec 12 03:10:02 UTC 2018
2 ms. Memory: 646144K Free: 627022K (97%)
ptolemy.util.test.WatchDog.cancel(): canceling Wed Dec 12 03:10:02 UTC 2018
------------------ testing $PTII/ptolemy/domains/de/test/auto/realtime.xml
auto.tcl: Setting watchdog for 200 seconds at Wed Dec 12 03:10:02 UTC 2018
10002 ms. Memory: 647680K Free: 622877K (96%)
ptolemy.util.test.WatchDog.cancel(): canceling Wed Dec 12 03:10:12 UTC 2018
auto.tcl: Setting watchdog for 200 seconds at Wed Dec 12 03:10:12 UTC 2018
10001 ms. Memory: 647680K Free: 622877K (96%)
ptolemy.util.test.WatchDog.cancel(): canceling Wed Dec 12 03:10:22 UTC 2018
------------------ testing $PTII/ptolemy/domains/de/test/auto/relationGroup.xml
auto.tcl: Setting watchdog for 200 seconds at Wed Dec 12 03:10:23 UTC 2018
2 ms. Memory: 646144K Free: 627046K (97%)
ptolemy.util.test.WatchDog.cancel(): canceling Wed Dec 12 03:10:23 UTC 2018
auto.tcl: Setting watchdog for 200 seconds at Wed Dec 12 03:10:23 UTC 2018
1 ms. Memory: 646144K Free: 627046K (97%)
ptolemy.util.test.WatchDog.cancel(): canceling Wed Dec 12 03:10:23 UTC 2018
------------------ testing $PTII/ptolemy/domains/de/test/auto/relationGroup2.xml
auto.tcl: Setting watchdog for 200 seconds at Wed Dec 12 03:10:23 UTC 2018
1 ms. Memory: 647680K Free: 622962K (96%)
ptolemy.util.test.WatchDog.cancel(): canceling Wed Dec 12 03:10:23 UTC 2018
auto.tcl: Setting watchdog for 200 seconds at Wed Dec 12 03:10:23 UTC 2018
1 ms. Memory: 647680K Free: 622962K (96%)
ptolemy.util.test.WatchDog.cancel(): canceling Wed Dec 12 03:10:23 UTC 2018
------------------ testing $PTII/ptolemy/domains/de/test/auto/sortWithOpaquePorts.xml
auto.tcl: Setting watchdog for 200 seconds at Wed Dec 12 03:10:23 UTC 2018
2 ms. Memory: 646144K Free: 621426K (96%)
ptolemy.util.test.WatchDog.cancel(): canceling Wed Dec 12 03:10:23 UTC 2018
auto.tcl: Setting watchdog for 200 seconds at Wed Dec 12 03:10:23 UTC 2018
2 ms. Memory: 646144K Free: 621426K (96%)
ptolemy.util.test.WatchDog.cancel(): canceling Wed Dec 12 03:10:23 UTC 2018
------------------ testing $PTII/ptolemy/domains/de/test/auto/transferInputsandOutputs.xml
auto.tcl: Setting watchdog for 200 seconds at Wed Dec 12 03:10:23 UTC 2018
3 ms. Memory: 647168K Free: 622438K (96%)
ptolemy.util.test.WatchDog.cancel(): canceling Wed Dec 12 03:10:23 UTC 2018
auto.tcl: Setting watchdog for 200 seconds at Wed Dec 12 03:10:23 UTC 2018
2 ms. Memory: 647168K Free: 622438K (96%)
ptolemy.util.test.WatchDog.cancel(): canceling Wed Dec 12 03:10:23 UTC 2018
------------------ testing $PTII/ptolemy/domains/de/test/auto/triggerType.xml
auto.tcl: Setting watchdog for 200 seconds at Wed Dec 12 03:10:23 UTC 2018
2 ms. Memory: 646144K Free: 621364K (96%)
ptolemy.util.test.WatchDog.cancel(): canceling Wed Dec 12 03:10:23 UTC 2018
auto.tcl: Setting watchdog for 200 seconds at Wed Dec 12 03:10:23 UTC 2018
2 ms. Memory: 646144K Free: 621364K (96%)
ptolemy.util.test.WatchDog.cancel(): canceling Wed Dec 12 03:10:23 UTC 2018
12/12/18 03:10:23
Failed: 0  Total Tests: 192  ((Passed: 187, Newly Passed: 1)  Known Failed: 5) /home/travis/build/icyphy/ptII/ptolemy/domains/de/test
12/12/18 03:10:23
Failed: 0  Total Tests: 192  ((Passed: 187, Newly Passed: 1)  Known Failed: 5) /home/travis/build/icyphy/ptII/ptolemy/domains/de/test
----------------- testing (KnownFailure) /home/travis/build/icyphy/ptII/ptolemy/domains/de/test/auto/knownFailedTests/DESDFClockTest.xml
2007 ms. Memory: 647168K Free: 611116K (94%)
Known Failure: java.lang.reflect.InvocationTargetException
----------------- testing (KnownFailure) /home/travis/build/icyphy/ptII/ptolemy/domains/de/test/auto/knownFailedTests/DirectFeedback.xml
1 ms. Memory: 647168K Free: 565936K (87%)
Known Failure: java.lang.reflect.InvocationTargetException
----------------- testing (KnownFailure) /home/travis/build/icyphy/ptII/ptolemy/domains/de/test/auto/knownFailedTests/FSMSource.xml
6 ms. Memory: 647168K Free: 520757K (80%)
----------------- testing (KnownFailure) /home/travis/build/icyphy/ptII/ptolemy/domains/de/test/auto/knownFailedTests/HierarchicalModel.xml
2 ms. Memory: 647168K Free: 486857K (75%)
Known Failure: java.lang.reflect.InvocationTargetException
----------------- testing (KnownFailure) /home/travis/build/icyphy/ptII/ptolemy/domains/de/test/auto/knownFailedTests/dependencyLoop.xml
2 ms. Memory: 647168K Free: 430375K (67%)
Known Failure: java.lang.reflect.InvocationTargetException
----------------- testing (KnownFailure) /home/travis/build/icyphy/ptII/ptolemy/domains/de/test/auto/knownFailedTests/dependencyLoop2.xml
3 ms. Memory: 647168K Free: 373901K (58%)
Known Failure: java.lang.reflect.InvocationTargetException
No auto/linux-amd64/*.xml tests in /home/travis/build/icyphy/ptII/ptolemy/domains/de/test
AutoTests.java: About to close Vertx.
AutoTests.java: Vertx closed.

===========================================================================================
----------------- testing Wed Dec 12 03:10:25 UTC 2018 /home/travis/build/icyphy/ptII/ptolemy/domains/de/test/auto/ActorDepthCalculation_actorWithoutPorts.xml
----------------- Instantiating /home/travis/build/icyphy/ptII/ptolemy/domains/de/test/auto/ActorDepthCalculation_actorWithoutPorts.xml
2 ms. Memory: 647168K Free: 317427K (49%)
----------------- Invoking toplevel() on ptolemy.moml.MoMLSimpleApplication@75ba1c5d
----------------- Done invoking toplevel() on ptolemy.moml.MoMLSimpleApplication@75ba1c5d
reloadAllAccessors: .ActorDepthCalculation_actorWithoutPorts

===========================================================================================
----------------- testing Wed Dec 12 03:10:25 UTC 2018 /home/travis/build/icyphy/ptII/ptolemy/domains/de/test/auto/AssemblyLine.xml
----------------- Instantiating /home/travis/build/icyphy/ptII/ptolemy/domains/de/test/auto/AssemblyLine.xml
1 ms. Memory: 647168K Free: 294838K (46%)
----------------- Invoking toplevel() on ptolemy.moml.MoMLSimpleApplication@b53e34
----------------- Done invoking toplevel() on ptolemy.moml.MoMLSimpleApplication@b53e34
reloadAllAccessors: .AssemblyLine

===========================================================================================
----------------- testing Wed Dec 12 03:10:25 UTC 2018 /home/travis/build/icyphy/ptII/ptolemy/domains/de/test/auto/CQBug1.xml
----------------- Instantiating /home/travis/build/icyphy/ptII/ptolemy/domains/de/test/auto/CQBug1.xml
1 ms. Memory: 647168K Free: 272248K (42%)
----------------- Invoking toplevel() on ptolemy.moml.MoMLSimpleApplication@4c3eedaf
----------------- Done invoking toplevel() on ptolemy.moml.MoMLSimpleApplication@4c3eedaf
reloadAllAccessors: .CQBug1

===========================================================================================
----------------- testing Wed Dec 12 03:10:25 UTC 2018 /home/travis/build/icyphy/ptII/ptolemy/domains/de/test/auto/CancelFireAt.xml
----------------- Instantiating /home/travis/build/icyphy/ptII/ptolemy/domains/de/test/auto/CancelFireAt.xml
2 ms. Memory: 647168K Free: 249659K (39%)
----------------- Invoking toplevel() on ptolemy.moml.MoMLSimpleApplication@7ea9a93
----------------- Done invoking toplevel() on ptolemy.moml.MoMLSimpleApplication@7ea9a93
reloadAllAccessors: .CancelFireAt

===========================================================================================
----------------- testing Wed Dec 12 03:10:25 UTC 2018 /home/travis/build/icyphy/ptII/ptolemy/domains/de/test/auto/CausalityAndComposabilityAnalysis.xml
----------------- Instantiating /home/travis/build/icyphy/ptII/ptolemy/domains/de/test/auto/CausalityAndComposabilityAnalysis.xml
4 ms. Memory: 647168K Free: 227069K (35%)
----------------- Invoking toplevel() on ptolemy.moml.MoMLSimpleApplication@2b659a99
----------------- Done invoking toplevel() on ptolemy.moml.MoMLSimpleApplication@2b659a99
reloadAllAccessors: .CausalityAndComposabilityAnalysis

===========================================================================================
----------------- testing Wed Dec 12 03:10:25 UTC 2018 /home/travis/build/icyphy/ptII/ptolemy/domains/de/test/auto/CausalityInterface1.xml
----------------- Instantiating /home/travis/build/icyphy/ptII/ptolemy/domains/de/test/auto/CausalityInterface1.xml
5 ms. Memory: 647168K Free: 204480K (32%)
----------------- Invoking toplevel() on ptolemy.moml.MoMLSimpleApplication@7c237a25
----------------- Done invoking toplevel() on ptolemy.moml.MoMLSimpleApplication@7c237a25
reloadAllAccessors: .CausalityInterface1

===========================================================================================
----------------- testing Wed Dec 12 03:10:25 UTC 2018 /home/travis/build/icyphy/ptII/ptolemy/domains/de/test/auto/CausalityInterface15.xml
----------------- Instantiating /home/travis/build/icyphy/ptII/ptolemy/domains/de/test/auto/CausalityInterface15.xml
1 ms. Memory: 647168K Free: 181890K (28%)
----------------- Invoking toplevel() on ptolemy.moml.MoMLSimpleApplication@74094b01
----------------- Done invoking toplevel() on ptolemy.moml.MoMLSimpleApplication@74094b01
[...]
java.lang.RuntimeException: Execution failed
	at ptolemy.moml.MoMLSimpleApplication$UnloadThread.run(MoMLSimpleApplication.java:402)
Caused by: ptolemy.kernel.util.IllegalActionException: Test fails in iteration 1.
Value was: 1.0. Should have been: 2.0
  in .DirectFeedback.Test
	at ptolemy.actor.lib.Test.fire(Test.java:268)
	at ptolemy.domains.de.kernel.DEDirector._fire(DEDirector.java:1949)
	at ptolemy.domains.de.kernel.DEDirector.fire(DEDirector.java:502)
	at ptolemy.actor.CompositeActor.fire(CompositeActor.java:455)
	at ptolemy.actor.Manager.iterate(Manager.java:851)
	at ptolemy.actor.Manager.execute(Manager.java:369)
	at ptolemy.actor.Manager.run(Manager.java:1263)
	at ptolemy.actor.Manager$PtolemyRunThread.run(Manager.java:1915)
java.lang.RuntimeException: Execution failed
	at ptolemy.moml.MoMLSimpleApplication$UnloadThread.run(MoMLSimpleApplication.java:402)
Caused by: ptolemy.kernel.util.IllegalActionException: Actor is not ready to fire.  Perhaps UpSample.prefire() returned false? Try debugging the actor by selecting "Listen to Actor".  Also, for SDF check moml for tokenConsumptionRate on input.
  in .DESDFClockTest.Play Bell.Copy1:SDF Director and .DESDFClockTest.Play Bell.UpSample
	at ptolemy.actor.sched.StaticSchedulingDirector.fire(StaticSchedulingDirector.java:227)
	at ptolemy.domains.sdf.kernel.SDFDirector.fire(SDFDirector.java:500)
	at ptolemy.actor.CompositeActor.fire(CompositeActor.java:455)
	at ptolemy.domains.de.kernel.DEDirector._fire(DEDirector.java:1949)
	at ptolemy.domains.de.kernel.DEDirector.fire(DEDirector.java:502)
	at ptolemy.actor.CompositeActor.fire(CompositeActor.java:455)
	at ptolemy.actor.Manager.iterate(Manager.java:851)
	at ptolemy.actor.Manager.execute(Manager.java:369)
	at ptolemy.actor.Manager.run(Manager.java:1263)
	at ptolemy.actor.Manager$PtolemyRunThread.run(Manager.java:1915)
java.lang.reflect.InvocationTargetException
	at sun.reflect.NativeConstructorAccessorImpl.newInstance0(Native Method)
	at sun.reflect.NativeConstructorAccessorImpl.newInstance(NativeConstructorAccessorImpl.java:62)
	at sun.reflect.DelegatingConstructorAccessorImpl.newInstance(DelegatingConstructorAccessorImpl.java:45)
	at java.lang.reflect.Constructor.newInstance(Constructor.java:423)
	at ptolemy.util.test.junit.AutoKnownFailedTests.RunModel(AutoKnownFailedTests.java:105)
	at sun.reflect.NativeMethodAccessorImpl.invoke0(Native Method)
	at sun.reflect.NativeMethodAccessorImpl.invoke(NativeMethodAccessorImpl.java:62)
	at sun.reflect.DelegatingMethodAccessorImpl.invoke(DelegatingMethodAccessorImpl.java:43)
	at java.lang.reflect.Method.invoke(Method.java:498)
	at org.junit.runners.model.FrameworkMethod$1.runReflectiveCall(FrameworkMethod.java:44)
	at org.junit.internal.runners.model.ReflectiveCallable.run(ReflectiveCallable.java:15)
	at org.junit.runners.model.FrameworkMethod.invokeExplosively(FrameworkMethod.java:41)
	at junitparams.internal.InvokeParameterisedMethod.evaluate(InvokeParameterisedMethod.java:102)
	at org.junit.internal.runners.statements.FailOnTimeout$1.run(FailOnTimeout.java:28)
Caused by: ptolemy.kernel.util.IllegalActionException: Actor is not ready to fire.  Perhaps UpSample.prefire() returned false? Try debugging the actor by selecting "Listen to Actor".  Also, for SDF check moml for tokenConsumptionRate on input.
  in .DESDFClockTest.Play Bell.Copy1:SDF Director and .DESDFClockTest.Play Bell.UpSample
	at ptolemy.actor.sched.StaticSchedulingDirector.fire(StaticSchedulingDirector.java:227)
	at ptolemy.domains.sdf.kernel.SDFDirector.fire(SDFDirector.java:500)
	at ptolemy.actor.CompositeActor.fire(CompositeActor.java:455)
	at ptolemy.domains.de.kernel.DEDirector._fire(DEDirector.java:1949)
	at ptolemy.domains.de.kernel.DEDirector.fire(DEDirector.java:502)
	at ptolemy.actor.CompositeActor.fire(CompositeActor.java:455)
	at ptolemy.actor.Manager.iterate(Manager.java:851)
	at ptolemy.actor.Manager.execute(Manager.java:369)
	at ptolemy.actor.Manager.run(Manager.java:1263)
	at ptolemy.actor.Manager$PtolemyRunThread.run(Manager.java:1915)
java.lang.RuntimeException: Execution failed
	at ptolemy.moml.MoMLSimpleApplication$UnloadThread.run(MoMLSimpleApplication.java:402)
Caused by: ptolemy.kernel.util.IllegalActionException: Test fails in iteration 1.
Value was: 1.0. Should have been: 2.0
  in .DirectFeedback.Test
	at ptolemy.actor.lib.Test.fire(Test.java:268)
	at ptolemy.domains.de.kernel.DEDirector._fire(DEDirector.java:1949)
	at ptolemy.domains.de.kernel.DEDirector.fire(DEDirector.java:502)
	at ptolemy.actor.CompositeActor.fire(CompositeActor.java:455)
	at ptolemy.actor.Manager.iterate(Manager.java:851)
	at ptolemy.actor.Manager.execute(Manager.java:369)
	at ptolemy.actor.Manager.run(Manager.java:1263)
	at ptolemy.actor.Manager$PtolemyRunThread.run(Manager.java:1915)
java.lang.reflect.InvocationTargetException
	at sun.reflect.NativeConstructorAccessorImpl.newInstance0(Native Method)
	at sun.reflect.NativeConstructorAccessorImpl.newInstance(NativeConstructorAccessorImpl.java:62)
	at sun.reflect.DelegatingConstructorAccessorImpl.newInstance(DelegatingConstructorAccessorImpl.java:45)
	at java.lang.reflect.Constructor.newInstance(Constructor.java:423)
	at ptolemy.util.test.junit.AutoKnownFailedTests.RunModel(AutoKnownFailedTests.java:105)
	at sun.reflect.NativeMethodAccessorImpl.invoke0(Native Method)
	at sun.reflect.NativeMethodAccessorImpl.invoke(NativeMethodAccessorImpl.java:62)
	at sun.reflect.DelegatingMethodAccessorImpl.invoke(DelegatingMethodAccessorImpl.java:43)
	at java.lang.reflect.Method.invoke(Method.java:498)
	at org.junit.runners.model.FrameworkMethod$1.runReflectiveCall(FrameworkMethod.java:44)
	at org.junit.internal.runners.model.ReflectiveCallable.run(ReflectiveCallable.java:15)
	at org.junit.runners.model.FrameworkMethod.invokeExplosively(FrameworkMethod.java:41)
	at junitparams.internal.InvokeParameterisedMethod.evaluate(InvokeParameterisedMethod.java:102)
	at org.junit.internal.runners.statements.FailOnTimeout$1.run(FailOnTimeout.java:28)
Caused by: ptolemy.kernel.util.IllegalActionException: Test fails in iteration 1.
Value was: 1.0. Should have been: 2.0
  in .DirectFeedback.Test
	at ptolemy.actor.lib.Test.fire(Test.java:268)
	at ptolemy.domains.de.kernel.DEDirector._fire(DEDirector.java:1949)
	at ptolemy.domains.de.kernel.DEDirector.fire(DEDirector.java:502)
	at ptolemy.actor.CompositeActor.fire(CompositeActor.java:455)
	at ptolemy.actor.Manager.iterate(Manager.java:851)
	at ptolemy.actor.Manager.execute(Manager.java:369)
	at ptolemy.actor.Manager.run(Manager.java:1263)
	at ptolemy.actor.Manager$PtolemyRunThread.run(Manager.java:1915)
java.lang.RuntimeException: Execution failed
	at ptolemy.moml.MoMLSimpleApplication$UnloadThread.run(MoMLSimpleApplication.java:402)
Caused by: ptolemy.kernel.util.IllegalActionException: Found a zero delay loop containing .HierarchicalModel.A
  in .HierarchicalModel and .HierarchicalModel.A
	at ptolemy.actor.util.CausalityInterfaceForComposites._computeOutputPortDepth(CausalityInterfaceForComposites.java:759)
	at ptolemy.actor.util.CausalityInterfaceForComposites._computeInputDepth(CausalityInterfaceForComposites.java:696)
	at ptolemy.actor.util.CausalityInterfaceForComposites._computeOutputPortDepth(CausalityInterfaceForComposites.java:765)
	at ptolemy.actor.util.CausalityInterfaceForComposites._computeInputDepth(CausalityInterfaceForComposites.java:696)
	at ptolemy.actor.util.CausalityInterfaceForComposites._computeOutputPortDepth(CausalityInterfaceForComposites.java:765)
	at ptolemy.actor.util.CausalityInterfaceForComposites._computeInputDepth(CausalityInterfaceForComposites.java:696)
	at ptolemy.actor.util.CausalityInterfaceForComposites._computeActorDepth(CausalityInterfaceForComposites.java:532)
	at ptolemy.actor.util.CausalityInterfaceForComposites.checkForCycles(CausalityInterfaceForComposites.java:96)
	at ptolemy.domains.de.kernel.DEDirector.preinitialize(DEDirector.java:1338)
	at ptolemy.actor.CompositeActor.preinitialize(CompositeActor.java:1828)
	at ptolemy.actor.Manager.preinitializeAndResolveTypes(Manager.java:1040)
	at ptolemy.actor.Manager.initialize(Manager.java:710)
	at ptolemy.actor.Manager.execute(Manager.java:356)
	at ptolemy.actor.Manager.run(Manager.java:1263)
	at ptolemy.actor.Manager$PtolemyRunThread.run(Manager.java:1915)
java.lang.reflect.InvocationTargetException
	at sun.reflect.NativeConstructorAccessorImpl.newInstance0(Native Method)
	at sun.reflect.NativeConstructorAccessorImpl.newInstance(NativeConstructorAccessorImpl.java:62)
	at sun.reflect.DelegatingConstructorAccessorImpl.newInstance(DelegatingConstructorAccessorImpl.java:45)
	at java.lang.reflect.Constructor.newInstance(Constructor.java:423)
	at ptolemy.util.test.junit.AutoKnownFailedTests.RunModel(AutoKnownFailedTests.java:105)
	at sun.reflect.NativeMethodAccessorImpl.invoke0(Native Method)
	at sun.reflect.NativeMethodAccessorImpl.invoke(NativeMethodAccessorImpl.java:62)
	at sun.reflect.DelegatingMethodAccessorImpl.invoke(DelegatingMethodAccessorImpl.java:43)
	at java.lang.reflect.Method.invoke(Method.java:498)
	at org.junit.runners.model.FrameworkMethod$1.runReflectiveCall(FrameworkMethod.java:44)
	at org.junit.internal.runners.model.ReflectiveCallable.run(ReflectiveCallable.java:15)
	at org.junit.runners.model.FrameworkMethod.invokeExplosively(FrameworkMethod.java:41)
	at junitparams.internal.InvokeParameterisedMethod.evaluate(InvokeParameterisedMethod.java:102)
	at org.junit.internal.runners.statements.FailOnTimeout$1.run(FailOnTimeout.java:28)
Caused by: ptolemy.kernel.util.IllegalActionException: Found a zero delay loop containing .HierarchicalModel.A
  in .HierarchicalModel and .HierarchicalModel.A
	at ptolemy.actor.util.CausalityInterfaceForComposites._computeOutputPortDepth(CausalityInterfaceForComposites.java:759)
	at ptolemy.actor.util.CausalityInterfaceForComposites._computeInputDepth(CausalityInterfaceForComposites.java:696)
	at ptolemy.actor.util.CausalityInterfaceForComposites._computeOutputPortDepth(CausalityInterfaceForComposites.java:765)
	at ptolemy.actor.util.CausalityInterfaceForComposites._computeInputDepth(CausalityInterfaceForComposites.java:696)
	at ptolemy.actor.util.CausalityInterfaceForComposites._computeOutputPortDepth(CausalityInterfaceForComposites.java:765)
	at ptolemy.actor.util.CausalityInterfaceForComposites._computeInputDepth(CausalityInterfaceForComposites.java:696)
	at ptolemy.actor.util.CausalityInterfaceForComposites._computeActorDepth(CausalityInterfaceForComposites.java:532)
	at ptolemy.actor.util.CausalityInterfaceForComposites.checkForCycles(CausalityInterfaceForComposites.java:96)
	at ptolemy.domains.de.kernel.DEDirector.preinitialize(DEDirector.java:1338)
	at ptolemy.actor.CompositeActor.preinitialize(CompositeActor.java:1828)
	at ptolemy.actor.Manager.preinitializeAndResolveTypes(Manager.java:1040)
	at ptolemy.actor.Manager.initialize(Manager.java:710)
	at ptolemy.actor.Manager.execute(Manager.java:356)
	at ptolemy.actor.Manager.run(Manager.java:1263)
	at ptolemy.actor.Manager$PtolemyRunThread.run(Manager.java:1915)
java.lang.RuntimeException: Execution failed
	at ptolemy.moml.MoMLSimpleApplication$UnloadThread.run(MoMLSimpleApplication.java:402)
Caused by: ptolemy.kernel.util.IllegalActionException: Found a zero delay loop containing .dependencyLoop.original
  in .dependencyLoop and .dependencyLoop.original
	at ptolemy.actor.util.CausalityInterfaceForComposites._computeOutputPortDepth(CausalityInterfaceForComposites.java:759)
	at ptolemy.actor.util.CausalityInterfaceForComposites._computeInputDepth(CausalityInterfaceForComposites.java:696)
	at ptolemy.actor.util.CausalityInterfaceForComposites._computeOutputPortDepth(CausalityInterfaceForComposites.java:765)
	at ptolemy.actor.util.CausalityInterfaceForComposites._computeInputDepth(CausalityInterfaceForComposites.java:696)
	at ptolemy.actor.util.CausalityInterfaceForComposites._computeOutputPortDepth(CausalityInterfaceForComposites.java:765)
	at ptolemy.actor.util.CausalityInterfaceForComposites._computeInputDepth(CausalityInterfaceForComposites.java:696)
	at ptolemy.actor.util.CausalityInterfaceForComposites._computeActorDepth(CausalityInterfaceForComposites.java:532)
	at ptolemy.actor.util.CausalityInterfaceForComposites.checkForCycles(CausalityInterfaceForComposites.java:96)
	at ptolemy.domains.de.kernel.DEDirector.preinitialize(DEDirector.java:1338)
	at ptolemy.actor.CompositeActor.preinitialize(CompositeActor.java:1828)
	at ptolemy.actor.Manager.preinitializeAndResolveTypes(Manager.java:1040)
	at ptolemy.actor.Manager.initialize(Manager.java:710)
	at ptolemy.actor.Manager.execute(Manager.java:356)
	at ptolemy.actor.Manager.run(Manager.java:1263)
	at ptolemy.actor.Manager$PtolemyRunThread.run(Manager.java:1915)
java.lang.reflect.InvocationTargetException
	at sun.reflect.NativeConstructorAccessorImpl.newInstance0(Native Method)
	at sun.reflect.NativeConstructorAccessorImpl.newInstance(NativeConstructorAccessorImpl.java:62)
	at sun.reflect.DelegatingConstructorAccessorImpl.newInstance(DelegatingConstructorAccessorImpl.java:45)
	at java.lang.reflect.Constructor.newInstance(Constructor.java:423)
	at ptolemy.util.test.junit.AutoKnownFailedTests.RunModel(AutoKnownFailedTests.java:105)
	at sun.reflect.NativeMethodAccessorImpl.invoke0(Native Method)
	at sun.reflect.NativeMethodAccessorImpl.invoke(NativeMethodAccessorImpl.java:62)
	at sun.reflect.DelegatingMethodAccessorImpl.invoke(DelegatingMethodAccessorImpl.java:43)
	at java.lang.reflect.Method.invoke(Method.java:498)
	at org.junit.runners.model.FrameworkMethod$1.runReflectiveCall(FrameworkMethod.java:44)
	at org.junit.internal.runners.model.ReflectiveCallable.run(ReflectiveCallable.java:15)
	at org.junit.runners.model.FrameworkMethod.invokeExplosively(FrameworkMethod.java:41)
	at junitparams.internal.InvokeParameterisedMethod.evaluate(InvokeParameterisedMethod.java:102)
	at org.junit.internal.runners.statements.FailOnTimeout$1.run(FailOnTimeout.java:28)
Caused by: ptolemy.kernel.util.IllegalActionException: Found a zero delay loop containing .dependencyLoop.original
  in .dependencyLoop and .dependencyLoop.original
	at ptolemy.actor.util.CausalityInterfaceForComposites._computeOutputPortDepth(CausalityInterfaceForComposites.java:759)
	at ptolemy.actor.util.CausalityInterfaceForComposites._computeInputDepth(CausalityInterfaceForComposites.java:696)
	at ptolemy.actor.util.CausalityInterfaceForComposites._computeOutputPortDepth(CausalityInterfaceForComposites.java:765)
	at ptolemy.actor.util.CausalityInterfaceForComposites._computeInputDepth(CausalityInterfaceForComposites.java:696)
	at ptolemy.actor.util.CausalityInterfaceForComposites._computeOutputPortDepth(CausalityInterfaceForComposites.java:765)
	at ptolemy.actor.util.CausalityInterfaceForComposites._computeInputDepth(CausalityInterfaceForComposites.java:696)
	at ptolemy.actor.util.CausalityInterfaceForComposites._computeActorDepth(CausalityInterfaceForComposites.java:532)
	at ptolemy.actor.util.CausalityInterfaceForComposites.checkForCycles(CausalityInterfaceForComposites.java:96)
	at ptolemy.domains.de.kernel.DEDirector.preinitialize(DEDirector.java:1338)
	at ptolemy.actor.CompositeActor.preinitialize(CompositeActor.java:1828)
	at ptolemy.actor.Manager.preinitializeAndResolveTypes(Manager.java:1040)
	at ptolemy.actor.Manager.initialize(Manager.java:710)
	at ptolemy.actor.Manager.execute(Manager.java:356)
	at ptolemy.actor.Manager.run(Manager.java:1263)
	at ptolemy.actor.Manager$PtolemyRunThread.run(Manager.java:1915)
java.lang.RuntimeException: Execution failed
	at ptolemy.moml.MoMLSimpleApplication$UnloadThread.run(MoMLSimpleApplication.java:402)
Caused by: ptolemy.kernel.util.IllegalActionException: Found a zero delay loop containing .dependencyLoop2.original
  in .dependencyLoop2 and .dependencyLoop2.original
	at ptolemy.actor.util.CausalityInterfaceForComposites._computeOutputPortDepth(CausalityInterfaceForComposites.java:759)
	at ptolemy.actor.util.CausalityInterfaceForComposites._computeInputDepth(CausalityInterfaceForComposites.java:696)
	at ptolemy.actor.util.CausalityInterfaceForComposites._computeOutputPortDepth(CausalityInterfaceForComposites.java:765)
	at ptolemy.actor.util.CausalityInterfaceForComposites._computeInputDepth(CausalityInterfaceForComposites.java:696)
	at ptolemy.actor.util.CausalityInterfaceForComposites._computeOutputPortDepth(CausalityInterfaceForComposites.java:765)
	at ptolemy.actor.util.CausalityInterfaceForComposites._computeInputDepth(CausalityInterfaceForComposites.java:696)
	at ptolemy.actor.util.CausalityInterfaceForComposites._computeActorDepth(CausalityInterfaceForComposites.java:532)
	at ptolemy.actor.util.CausalityInterfaceForComposites.checkForCycles(CausalityInterfaceForComposites.java:96)
	at ptolemy.domains.de.kernel.DEDirector.preinitialize(DEDirector.java:1338)
	at ptolemy.actor.CompositeActor.preinitialize(CompositeActor.java:1828)
	at ptolemy.actor.Manager.preinitializeAndResolveTypes(Manager.java:1040)
	at ptolemy.actor.Manager.initialize(Manager.java:710)
	at ptolemy.actor.Manager.execute(Manager.java:356)
	at ptolemy.actor.Manager.run(Manager.java:1263)
	at ptolemy.actor.Manager$PtolemyRunThread.run(Manager.java:1915)
java.lang.reflect.InvocationTargetException
	at sun.reflect.NativeConstructorAccessorImpl.newInstance0(Native Method)
	at sun.reflect.NativeConstructorAccessorImpl.newInstance(NativeConstructorAccessorImpl.java:62)
	at sun.reflect.DelegatingConstructorAccessorImpl.newInstance(DelegatingConstructorAccessorImpl.java:45)
	at java.lang.reflect.Constructor.newInstance(Constructor.java:423)
	at ptolemy.util.test.junit.AutoKnownFailedTests.RunModel(AutoKnownFailedTests.java:105)
	at sun.reflect.NativeMethodAccessorImpl.invoke0(Native Method)
	at sun.reflect.NativeMethodAccessorImpl.invoke(NativeMethodAccessorImpl.java:62)
	at sun.reflect.DelegatingMethodAccessorImpl.invoke(DelegatingMethodAccessorImpl.java:43)
	at java.lang.reflect.Method.invoke(Method.java:498)
	at org.junit.runners.model.FrameworkMethod$1.runReflectiveCall(FrameworkMethod.java:44)
	at org.junit.internal.runners.model.ReflectiveCallable.run(ReflectiveCallable.java:15)
	at org.junit.runners.model.FrameworkMethod.invokeExplosively(FrameworkMethod.java:41)
	at junitparams.internal.InvokeParameterisedMethod.evaluate(InvokeParameterisedMethod.java:102)
	at org.junit.internal.runners.statements.FailOnTimeout$1.run(FailOnTimeout.java:28)
Caused by: ptolemy.kernel.util.IllegalActionException: Found a zero delay loop containing .dependencyLoop2.original
  in .dependencyLoop2 and .dependencyLoop2.original
	at ptolemy.actor.util.CausalityInterfaceForComposites._computeOutputPortDepth(CausalityInterfaceForComposites.java:759)
	at ptolemy.actor.util.CausalityInterfaceForComposites._computeInputDepth(CausalityInterfaceForComposites.java:696)
	at ptolemy.actor.util.CausalityInterfaceForComposites._computeOutputPortDepth(CausalityInterfaceForComposites.java:765)
	at ptolemy.actor.util.CausalityInterfaceForComposites._computeInputDepth(CausalityInterfaceForComposites.java:696)
	at ptolemy.actor.util.CausalityInterfaceForComposites._computeOutputPortDepth(CausalityInterfaceForComposites.java:765)
	at ptolemy.actor.util.CausalityInterfaceForComposites._computeInputDepth(CausalityInterfaceForComposites.java:696)
	at ptolemy.actor.util.CausalityInterfaceForComposites._computeActorDepth(CausalityInterfaceForComposites.java:532)
	at ptolemy.actor.util.CausalityInterfaceForComposites.checkForCycles(CausalityInterfaceForComposites.java:96)
	at ptolemy.domains.de.kernel.DEDirector.preinitialize(DEDirector.java:1338)
	at ptolemy.actor.CompositeActor.preinitialize(CompositeActor.java:1828)
	at ptolemy.actor.Manager.preinitializeAndResolveTypes(Manager.java:1040)
	at ptolemy.actor.Manager.initialize(Manager.java:710)
	at ptolemy.actor.Manager.execute(Manager.java:356)
	at ptolemy.actor.Manager.run(Manager.java:1263)
	at ptolemy.actor.Manager$PtolemyRunThread.run(Manager.java:1915)
]]></system-err>
</testsuite>
