<?xml version="1.0" encoding="UTF-8" ?>
<testsuite errors="0" failures="0" hostname="travis-job-71056d93-47c1-4836-8f23-b919fd3fa2d2" name="ptolemy.actor.lib.hoc.test.junit.JUnitTclTest" skipped="0" tests="58" time="29.317" timestamp="2019-12-29T06:26:40">
  <properties>
[...]
</properties>
  <testcase classname="ptolemy.util.test.junit.TclTests" name="[0] /home/travis/build/icyphy/ptII/ptolemy/actor/lib/hoc/test/IterateOverArray.tcl (RunTclFile)" time="0.302" />
  <testcase classname="ptolemy.util.test.junit.AutoKnownFailedTests" name="[0] /home/travis/build/icyphy/ptII/ptolemy/actor/lib/hoc/test/auto/knownFailedTests/PreinitializeMustBeInvokedRunComposite.xml (RunModel)" time="0.386" />
  <testcase classname="ptolemy.util.test.junit.AutoNameArchTests" name="[0] ThereAreNoAutoArchTests (RunModel)" time="0.004" />
  <testcase classname="ptolemy.util.test.junit.AutoTests" name="[0] /home/travis/build/icyphy/ptII/ptolemy/actor/lib/hoc/test/auto/AllToAllMultiInstanceComposite.xml (RunModel)" time="0.37" />
  <testcase classname="ptolemy.util.test.junit.AutoTests" name="[1] /home/travis/build/icyphy/ptII/ptolemy/actor/lib/hoc/test/auto/ApplyFFTTest.xml (RunModel)" time="0.38" />
  <testcase classname="ptolemy.util.test.junit.AutoTests" name="[2] /home/travis/build/icyphy/ptII/ptolemy/actor/lib/hoc/test/auto/ApplyFunction.xml (RunModel)" time="0.052" />
  <testcase classname="ptolemy.util.test.junit.AutoTests" name="[3] /home/travis/build/icyphy/ptII/ptolemy/actor/lib/hoc/test/auto/BackgroundExecution.xml (RunModel)" time="0.723" />
  <testcase classname="ptolemy.util.test.junit.AutoTests" name="[4] /home/travis/build/icyphy/ptII/ptolemy/actor/lib/hoc/test/auto/Case.xml (RunModel)" time="0.062" />
  <testcase classname="ptolemy.util.test.junit.AutoTests" name="[5] /home/travis/build/icyphy/ptII/ptolemy/actor/lib/hoc/test/auto/Case1.xml (RunModel)" time="0.057" />
  <testcase classname="ptolemy.util.test.junit.AutoTests" name="[6] /home/travis/build/icyphy/ptII/ptolemy/actor/lib/hoc/test/auto/Case2.xml (RunModel)" time="0.103" />
  <testcase classname="ptolemy.util.test.junit.AutoTests" name="[7] /home/travis/build/icyphy/ptII/ptolemy/actor/lib/hoc/test/auto/Case3.xml (RunModel)" time="0.031" />
  <testcase classname="ptolemy.util.test.junit.AutoTests" name="[8] /home/travis/build/icyphy/ptII/ptolemy/actor/lib/hoc/test/auto/Case4.xml (RunModel)" time="0.035" />
  <testcase classname="ptolemy.util.test.junit.AutoTests" name="[9] /home/travis/build/icyphy/ptII/ptolemy/actor/lib/hoc/test/auto/Case5.xml (RunModel)" time="0.059" />
  <testcase classname="ptolemy.util.test.junit.AutoTests" name="[10] /home/travis/build/icyphy/ptII/ptolemy/actor/lib/hoc/test/auto/Case6.xml (RunModel)" time="0.102" />
  <testcase classname="ptolemy.util.test.junit.AutoTests" name="[11] /home/travis/build/icyphy/ptII/ptolemy/actor/lib/hoc/test/auto/CaseString2.xml (RunModel)" time="0.043" />
  <testcase classname="ptolemy.util.test.junit.AutoTests" name="[12] /home/travis/build/icyphy/ptII/ptolemy/actor/lib/hoc/test/auto/CatchUpComposite1.xml (RunModel)" time="0.072" />
  <testcase classname="ptolemy.util.test.junit.AutoTests" name="[13] /home/travis/build/icyphy/ptII/ptolemy/actor/lib/hoc/test/auto/CatchUpComposite2.xml (RunModel)" time="0.062" />
  <testcase classname="ptolemy.util.test.junit.AutoTests" name="[14] /home/travis/build/icyphy/ptII/ptolemy/actor/lib/hoc/test/auto/CatchUpComposite3.xml (RunModel)" time="0.063" />
  <testcase classname="ptolemy.util.test.junit.AutoTests" name="[15] /home/travis/build/icyphy/ptII/ptolemy/actor/lib/hoc/test/auto/CatchUpComposite4.xml (RunModel)" time="0.052" />
  <testcase classname="ptolemy.util.test.junit.AutoTests" name="[16] /home/travis/build/icyphy/ptII/ptolemy/actor/lib/hoc/test/auto/CatchUpComposite5.xml (RunModel)" time="0.042" />
  <testcase classname="ptolemy.util.test.junit.AutoTests" name="[17] /home/travis/build/icyphy/ptII/ptolemy/actor/lib/hoc/test/auto/CatchUpComposite6.xml (RunModel)" time="0.152" />
  <testcase classname="ptolemy.util.test.junit.AutoTests" name="[18] /home/travis/build/icyphy/ptII/ptolemy/actor/lib/hoc/test/auto/CatchUpComposite7.xml (RunModel)" time="0.089" />
  <testcase classname="ptolemy.util.test.junit.AutoTests" name="[19] /home/travis/build/icyphy/ptII/ptolemy/actor/lib/hoc/test/auto/ConcurrentExecutionTimeSDF.xml (RunModel)" time="1.076" />
  <testcase classname="ptolemy.util.test.junit.AutoTests" name="[20] /home/travis/build/icyphy/ptII/ptolemy/actor/lib/hoc/test/auto/ConcurrentSleep.xml (RunModel)" time="0.76" />
  <testcase classname="ptolemy.util.test.junit.AutoTests" name="[21] /home/travis/build/icyphy/ptII/ptolemy/actor/lib/hoc/test/auto/DEInPNInRunCompositeActor.xml (RunModel)" time="0.028" />
  <testcase classname="ptolemy.util.test.junit.AutoTests" name="[22] /home/travis/build/icyphy/ptII/ptolemy/actor/lib/hoc/test/auto/DFTSubSetTest.xml (RunModel)" time="0.213" />
  <testcase classname="ptolemy.util.test.junit.AutoTests" name="[23] /home/travis/build/icyphy/ptII/ptolemy/actor/lib/hoc/test/auto/HocDE.xml (RunModel)" time="0.146" />
  <testcase classname="ptolemy.util.test.junit.AutoTests" name="[24] /home/travis/build/icyphy/ptII/ptolemy/actor/lib/hoc/test/auto/IterateOverArray.xml (RunModel)" time="0.023" />
  <testcase classname="ptolemy.util.test.junit.AutoTests" name="[25] /home/travis/build/icyphy/ptII/ptolemy/actor/lib/hoc/test/auto/IterateOverArray10.xml (RunModel)" time="0.028" />
  <testcase classname="ptolemy.util.test.junit.AutoTests" name="[26] /home/travis/build/icyphy/ptII/ptolemy/actor/lib/hoc/test/auto/IterateOverArray11.xml (RunModel)" time="0.017" />
  <testcase classname="ptolemy.util.test.junit.AutoTests" name="[27] /home/travis/build/icyphy/ptII/ptolemy/actor/lib/hoc/test/auto/IterateOverArray12.xml (RunModel)" time="0.034" />
  <testcase classname="ptolemy.util.test.junit.AutoTests" name="[28] /home/travis/build/icyphy/ptII/ptolemy/actor/lib/hoc/test/auto/IterateOverArray13.xml (RunModel)" time="0.146" />
  <testcase classname="ptolemy.util.test.junit.AutoTests" name="[29] /home/travis/build/icyphy/ptII/ptolemy/actor/lib/hoc/test/auto/IterateOverArray14.xml (RunModel)" time="0.154" />
  <testcase classname="ptolemy.util.test.junit.AutoTests" name="[30] /home/travis/build/icyphy/ptII/ptolemy/actor/lib/hoc/test/auto/IterateOverArray2.xml (RunModel)" time="0.022" />
  <testcase classname="ptolemy.util.test.junit.AutoTests" name="[31] /home/travis/build/icyphy/ptII/ptolemy/actor/lib/hoc/test/auto/IterateOverArray3.xml (RunModel)" time="0.038" />
  <testcase classname="ptolemy.util.test.junit.AutoTests" name="[32] /home/travis/build/icyphy/ptII/ptolemy/actor/lib/hoc/test/auto/IterateOverArray4.xml (RunModel)" time="0.026" />
  <testcase classname="ptolemy.util.test.junit.AutoTests" name="[33] /home/travis/build/icyphy/ptII/ptolemy/actor/lib/hoc/test/auto/IterateOverArray5.xml (RunModel)" time="0.015" />
  <testcase classname="ptolemy.util.test.junit.AutoTests" name="[34] /home/travis/build/icyphy/ptII/ptolemy/actor/lib/hoc/test/auto/IterateOverArray6.xml (RunModel)" time="0.014" />
  <testcase classname="ptolemy.util.test.junit.AutoTests" name="[35] /home/travis/build/icyphy/ptII/ptolemy/actor/lib/hoc/test/auto/IterateOverArray7.xml (RunModel)" time="0.018" />
  <testcase classname="ptolemy.util.test.junit.AutoTests" name="[36] /home/travis/build/icyphy/ptII/ptolemy/actor/lib/hoc/test/auto/IterateOverArray8.xml (RunModel)" time="0.016" />
  <testcase classname="ptolemy.util.test.junit.AutoTests" name="[37] /home/travis/build/icyphy/ptII/ptolemy/actor/lib/hoc/test/auto/IterateOverArray9.xml (RunModel)" time="0.027" />
  <testcase classname="ptolemy.util.test.junit.AutoTests" name="[38] /home/travis/build/icyphy/ptII/ptolemy/actor/lib/hoc/test/auto/IterateOverArrayCoercedOutputType.xml (RunModel)" time="0.033" />
  <testcase classname="ptolemy.util.test.junit.AutoTests" name="[39] /home/travis/build/icyphy/ptII/ptolemy/actor/lib/hoc/test/auto/IterateOverArrayInferredOutputType.xml (RunModel)" time="0.02" />
  <testcase classname="ptolemy.util.test.junit.AutoTests" name="[40] /home/travis/build/icyphy/ptII/ptolemy/actor/lib/hoc/test/auto/MobileFunctionTest.xml (RunModel)" time="0.022" />
  <testcase classname="ptolemy.util.test.junit.AutoTests" name="[41] /home/travis/build/icyphy/ptII/ptolemy/actor/lib/hoc/test/auto/MobileModelTest.xml (RunModel)" time="0.152" />
  <testcase classname="ptolemy.util.test.junit.AutoTests" name="[42] /home/travis/build/icyphy/ptII/ptolemy/actor/lib/hoc/test/auto/ModelReference.xml (RunModel)" time="0.039" />
  <testcase classname="ptolemy.util.test.junit.AutoTests" name="[43] /home/travis/build/icyphy/ptII/ptolemy/actor/lib/hoc/test/auto/ModelReference3.xml (RunModel)" time="0.03" />
  <testcase classname="ptolemy.util.test.junit.AutoTests" name="[44] /home/travis/build/icyphy/ptII/ptolemy/actor/lib/hoc/test/auto/ModelReference4.xml (RunModel)" time="10.022" />
  <testcase classname="ptolemy.util.test.junit.AutoTests" name="[45] /home/travis/build/icyphy/ptII/ptolemy/actor/lib/hoc/test/auto/MultiInstanceComposite.xml (RunModel)" time="0.048" />
  <testcase classname="ptolemy.util.test.junit.AutoTests" name="[46] /home/travis/build/icyphy/ptII/ptolemy/actor/lib/hoc/test/auto/MultiInstanceComposite2.xml (RunModel)" time="0.03" />
  <testcase classname="ptolemy.util.test.junit.AutoTests" name="[47] /home/travis/build/icyphy/ptII/ptolemy/actor/lib/hoc/test/auto/MulticoreExecution.xml (RunModel)" time="1.068" />
  <testcase classname="ptolemy.util.test.junit.AutoTests" name="[48] /home/travis/build/icyphy/ptII/ptolemy/actor/lib/hoc/test/auto/ParallelExecution.xml (RunModel)" time="0.936" />
  <testcase classname="ptolemy.util.test.junit.AutoTests" name="[49] /home/travis/build/icyphy/ptII/ptolemy/actor/lib/hoc/test/auto/RunCompositeActor.xml (RunModel)" time="0.029" />
  <testcase classname="ptolemy.util.test.junit.AutoTests" name="[50] /home/travis/build/icyphy/ptII/ptolemy/actor/lib/hoc/test/auto/RunCompositeActor2.xml (RunModel)" time="0.034" />
  <testcase classname="ptolemy.util.test.junit.AutoTests" name="[51] /home/travis/build/icyphy/ptII/ptolemy/actor/lib/hoc/test/auto/RunCompositeActor3.xml (RunModel)" time="0.015" />
  <testcase classname="ptolemy.util.test.junit.AutoTests" name="[52] /home/travis/build/icyphy/ptII/ptolemy/actor/lib/hoc/test/auto/RunCompositeActor4.xml (RunModel)" time="0.024" />
  <testcase classname="ptolemy.util.test.junit.AutoTests" name="[53] /home/travis/build/icyphy/ptII/ptolemy/actor/lib/hoc/test/auto/RunCompositeIterateOverArray.xml (RunModel)" time="0.017" />
  <testcase classname="ptolemy.util.test.junit.AutoTests" name="[54] /home/travis/build/icyphy/ptII/ptolemy/actor/lib/hoc/test/auto/ThreadedJS.xml (RunModel)" time="10.224" />
  <system-out><![CDATA[/home/travis/build/icyphy/ptII/ptolemy/actor/lib/hoc/test/IterateOverArray.tcl
testDefs.tcl: setting time out to 9000 seconds at Sun Dec 29 06:26:41 UTC 2019
12/29/19 06:26:41
Failed: 0  Total Tests: 2  ((Passed: 2, Newly Passed: 0)  Known Failed: 0) /home/travis/build/icyphy/ptII/ptolemy/actor/lib/hoc/test
----------------- testing (KnownFailure) /home/travis/build/icyphy/ptII/ptolemy/actor/lib/hoc/test/auto/knownFailedTests/PreinitializeMustBeInvokedRunComposite.xml
108 ms. Memory: 129024K Free: 87494K (68%)
Known Failure: java.lang.reflect.InvocationTargetException
No auto/linux-amd64/*.xml tests in /home/travis/build/icyphy/ptII/ptolemy/actor/lib/hoc/test
AutoTests.java: About to close Vertx.
AutoTests.java: Vertx closed.

===========================================================================================
----------------- testing Sun Dec 29 06:26:42 UTC 2019 /home/travis/build/icyphy/ptII/ptolemy/actor/lib/hoc/test/auto/AllToAllMultiInstanceComposite.xml
----------------- Instantiating /home/travis/build/icyphy/ptII/ptolemy/actor/lib/hoc/test/auto/AllToAllMultiInstanceComposite.xml
171 ms. Memory: 129024K Free: 102548K (79%)
----------------- Invoking toplevel() on ptolemy.moml.MoMLSimpleApplication@2160d682
----------------- Done invoking toplevel() on ptolemy.moml.MoMLSimpleApplication@2160d682
reloadAllAccessors: .AllToAllMultiInstanceComposite

===========================================================================================
----------------- testing Sun Dec 29 06:26:42 UTC 2019 /home/travis/build/icyphy/ptII/ptolemy/actor/lib/hoc/test/auto/ApplyFFTTest.xml
----------------- Instantiating /home/travis/build/icyphy/ptII/ptolemy/actor/lib/hoc/test/auto/ApplyFFTTest.xml
134 ms. Memory: 129024K Free: 83736K (65%)
----------------- Invoking toplevel() on ptolemy.moml.MoMLSimpleApplication@18973e20
----------------- Done invoking toplevel() on ptolemy.moml.MoMLSimpleApplication@18973e20
reloadAllAccessors: .ApplyFFTTest

===========================================================================================
----------------- testing Sun Dec 29 06:26:42 UTC 2019 /home/travis/build/icyphy/ptII/ptolemy/actor/lib/hoc/test/auto/ApplyFunction.xml
----------------- Instantiating /home/travis/build/icyphy/ptII/ptolemy/actor/lib/hoc/test/auto/ApplyFunction.xml
11 ms. Memory: 129024K Free: 80634K (62%)
----------------- Invoking toplevel() on ptolemy.moml.MoMLSimpleApplication@6fc990da
----------------- Done invoking toplevel() on ptolemy.moml.MoMLSimpleApplication@6fc990da
reloadAllAccessors: .ApplyFunction

===========================================================================================
----------------- testing Sun Dec 29 06:26:42 UTC 2019 /home/travis/build/icyphy/ptII/ptolemy/actor/lib/hoc/test/auto/BackgroundExecution.xml
----------------- Instantiating /home/travis/build/icyphy/ptII/ptolemy/actor/lib/hoc/test/auto/BackgroundExecution.xml
629 ms. Memory: 129024K Free: 73182K (57%)
----------------- Invoking toplevel() on ptolemy.moml.MoMLSimpleApplication@6df6bb03
----------------- Done invoking toplevel() on ptolemy.moml.MoMLSimpleApplication@6df6bb03
reloadAllAccessors: .BackgroundExecution

===========================================================================================
----------------- testing Sun Dec 29 06:26:43 UTC 2019 /home/travis/build/icyphy/ptII/ptolemy/actor/lib/hoc/test/auto/Case.xml
----------------- Instantiating /home/travis/build/icyphy/ptII/ptolemy/actor/lib/hoc/test/auto/Case.xml
15 ms. Memory: 129024K Free: 110913K (86%)
----------------- Invoking toplevel() on ptolemy.moml.MoMLSimpleApplication@46d9fb1d
----------------- Done invoking toplevel() on ptolemy.moml.MoMLSimpleApplication@46d9fb1d
reloadAllAccessors: .Case

===========================================================================================
----------------- testing Sun Dec 29 06:26:43 UTC 2019 /home/travis/build/icyphy/ptII/ptolemy/actor/lib/hoc/test/auto/Case1.xml
----------------- Instantiating /home/travis/build/icyphy/ptII/ptolemy/actor/lib/hoc/test/auto/Case1.xml
19 ms. Memory: 129024K Free: 104019K (81%)
----------------- Invoking toplevel() on ptolemy.moml.MoMLSimpleApplication@6db0fd7a
----------------- Done invoking toplevel() on ptolemy.moml.MoMLSimpleApplication@6db0fd7a
reloadAllAccessors: .Case1

===========================================================================================
----------------- testing Sun Dec 29 06:26:43 UTC 2019 /home/travis/build/icyphy/ptII/ptolemy/actor/lib/hoc/test/auto/Case2.xml
----------------- Instantiating /home/travis/build/icyphy/ptII/ptolemy/actor/lib/hoc/test/auto/Case2.xml
44 ms. Memory: 129024K Free: 93817K (73%)
----------------- Invoking toplevel() on ptolemy.moml.MoMLSimpleApplication@824c7bf
----------------- Done invoking toplevel() on ptolemy.moml.MoMLSimpleApplication@824c7bf
reloadAllAccessors: .Case2

===========================================================================================
----------------- testing Sun Dec 29 06:26:43 UTC 2019 /home/travis/build/icyphy/ptII/ptolemy/actor/lib/hoc/test/auto/Case3.xml
----------------- Instantiating /home/travis/build/icyphy/ptII/ptolemy/actor/lib/hoc/test/auto/Case3.xml
6 ms. Memory: 129024K Free: 87361K (68%)
----------------- Invoking toplevel() on ptolemy.moml.MoMLSimpleApplication@17435e30
----------------- Done invoking toplevel() on ptolemy.moml.MoMLSimpleApplication@17435e30
reloadAllAccessors: .Case3

===========================================================================================
----------------- testing Sun Dec 29 06:26:43 UTC 2019 /home/travis/build/icyphy/ptII/ptolemy/actor/lib/hoc/test/auto/Case4.xml
----------------- Instantiating /home/travis/build/icyphy/ptII/ptolemy/actor/lib/hoc/test/auto/Case4.xml
14 ms. Memory: 129024K Free: 79836K (62%)
----------------- Invoking toplevel() on ptolemy.moml.MoMLSimpleApplication@349ac25a
----------------- Done invoking toplevel() on ptolemy.moml.MoMLSimpleApplication@349ac25a
reloadAllAccessors: .Case4

===========================================================================================
----------------- testing Sun Dec 29 06:26:43 UTC 2019 /home/travis/build/icyphy/ptII/ptolemy/actor/lib/hoc/test/auto/Case5.xml
----------------- Instantiating /home/travis/build/icyphy/ptII/ptolemy/actor/lib/hoc/test/auto/Case5.xml
26 ms. Memory: 129024K Free: 73025K (57%)
----------------- Invoking toplevel() on ptolemy.moml.MoMLSimpleApplication@7b10cfe9
----------------- Done invoking toplevel() on ptolemy.moml.MoMLSimpleApplication@7b10cfe9
reloadAllAccessors: .junk

===========================================================================================
----------------- testing Sun Dec 29 06:26:43 UTC 2019 /home/travis/build/icyphy/ptII/ptolemy/actor/lib/hoc/test/auto/Case6.xml
----------------- Instantiating /home/travis/build/icyphy/ptII/ptolemy/actor/lib/hoc/test/auto/Case6.xml
52 ms. Memory: 129024K Free: 113793K (88%)
----------------- Invoking toplevel() on ptolemy.moml.MoMLSimpleApplication@4f3ec056
----------------- Done invoking toplevel() on ptolemy.moml.MoMLSimpleApplication@4f3ec056
reloadAllAccessors: .Case6

===========================================================================================
----------------- testing Sun Dec 29 06:26:44 UTC 2019 /home/travis/build/icyphy/ptII/ptolemy/actor/lib/hoc/test/auto/CaseString2.xml
----------------- Instantiating /home/travis/build/icyphy/ptII/ptolemy/actor/lib/hoc/test/auto/CaseString2.xml
13 ms. Memory: 129024K Free: 105878K (82%)
----------------- Invoking toplevel() on ptolemy.moml.MoMLSimpleApplication@14b1c01
----------------- Done invoking toplevel() on ptolemy.moml.MoMLSimpleApplication@14b1c01
reloadAllAccessors: .CaseString2

===========================================================================================
----------------- testing Sun Dec 29 06:26:44 UTC 2019 /home/travis/build/icyphy/ptII/ptolemy/actor/lib/hoc/test/auto/CatchUpComposite1.xml
----------------- Instantiating /home/travis/build/icyphy/ptII/ptolemy/actor/lib/hoc/test/auto/CatchUpComposite1.xml
30 ms. Memory: 129024K Free: 97023K (75%)
----------------- Invoking toplevel() on ptolemy.moml.MoMLSimpleApplication@644cc244
----------------- Done invoking toplevel() on ptolemy.moml.MoMLSimpleApplication@644cc244
reloadAllAccessors: .CatchUpComposite1

===========================================================================================
----------------- testing Sun Dec 29 06:26:44 UTC 2019 /home/travis/build/icyphy/ptII/ptolemy/actor/lib/hoc/test/auto/CatchUpComposite2.xml
----------------- Instantiating /home/travis/build/icyphy/ptII/ptolemy/actor/lib/hoc/test/auto/CatchUpComposite2.xml
15 ms. Memory: 129024K Free: 88807K (69%)
----------------- Invoking toplevel() on ptolemy.moml.MoMLSimpleApplication@290807ac
----------------- Done invoking toplevel() on ptolemy.moml.MoMLSimpleApplication@290807ac
reloadAllAccessors: .CatchUpComposite2

===========================================================================================
----------------- testing Sun Dec 29 06:26:44 UTC 2019 /home/travis/build/icyphy/ptII/ptolemy/actor/lib/hoc/test/auto/CatchUpComposite3.xml
----------------- Instantiating /home/travis/build/icyphy/ptII/ptolemy/actor/lib/hoc/test/auto/CatchUpComposite3.xml
18 ms. Memory: 129024K Free: 80232K (62%)
----------------- Invoking toplevel() on ptolemy.moml.MoMLSimpleApplication@6a58fab1
----------------- Done invoking toplevel() on ptolemy.moml.MoMLSimpleApplication@6a58fab1
reloadAllAccessors: .CatchUpComposite3

===========================================================================================
----------------- testing Sun Dec 29 06:26:44 UTC 2019 /home/travis/build/icyphy/ptII/ptolemy/actor/lib/hoc/test/auto/CatchUpComposite4.xml
----------------- Instantiating /home/travis/build/icyphy/ptII/ptolemy/actor/lib/hoc/test/auto/CatchUpComposite4.xml
9 ms. Memory: 129024K Free: 72375K (56%)
----------------- Invoking toplevel() on ptolemy.moml.MoMLSimpleApplication@4eaf1ec
----------------- Done invoking toplevel() on ptolemy.moml.MoMLSimpleApplication@4eaf1ec
reloadAllAccessors: .CatchUpComposite4

===========================================================================================
----------------- testing Sun Dec 29 06:26:44 UTC 2019 /home/travis/build/icyphy/ptII/ptolemy/actor/lib/hoc/test/auto/CatchUpComposite5.xml
----------------- Instantiating /home/travis/build/icyphy/ptII/ptolemy/actor/lib/hoc/test/auto/CatchUpComposite5.xml
8 ms. Memory: 129024K Free: 64902K (50%)
----------------- Invoking toplevel() on ptolemy.moml.MoMLSimpleApplication@1b5f73a3
----------------- Done invoking toplevel() on ptolemy.moml.MoMLSimpleApplication@1b5f73a3
reloadAllAccessors: .CatchUpComposite5

===========================================================================================
----------------- testing Sun Dec 29 06:26:44 UTC 2019 /home/travis/build/icyphy/ptII/ptolemy/actor/lib/hoc/test/auto/CatchUpComposite6.xml
----------------- Instantiating /home/travis/build/icyphy/ptII/ptolemy/actor/lib/hoc/test/auto/CatchUpComposite6.xml
WARNING: The execution aspects in this model can influence the timing of actors by delaying the 
execution, potentially changing the behavior. There is no guarantee that actors fire at the 
time they request to be fired. 
Use Ptides for deterministic DE behavior that is not influenced by execution aspects. 

87 ms. Memory: 156672K Free: 139499K (89%)
----------------- Invoking toplevel() on ptolemy.moml.MoMLSimpleApplication@61c930c3
----------------- Done invoking toplevel() on ptolemy.moml.MoMLSimpleApplication@61c930c3
reloadAllAccessors: .CatchUpComposite6

===========================================================================================
----------------- testing Sun Dec 29 06:26:44 UTC 2019 /home/travis/build/icyphy/ptII/ptolemy/actor/lib/hoc/test/auto/CatchUpComposite7.xml
----------------- Instantiating /home/travis/build/icyphy/ptII/ptolemy/actor/lib/hoc/test/auto/CatchUpComposite7.xml
WARNING: The execution aspects in this model can influence the timing of actors by delaying the 
execution, potentially changing the behavior. There is no guarantee that actors fire at the 
time they request to be fired. 
Use Ptides for deterministic DE behavior that is not influenced by execution aspects. 

36 ms. Memory: 156672K Free: 125592K (80%)
----------------- Invoking toplevel() on ptolemy.moml.MoMLSimpleApplication@3735c25b
----------------- Done invoking toplevel() on ptolemy.moml.MoMLSimpleApplication@3735c25b
reloadAllAccessors: .CatchUpComposite7

===========================================================================================
----------------- testing Sun Dec 29 06:26:44 UTC 2019 /home/travis/build/icyphy/ptII/ptolemy/actor/lib/hoc/test/auto/ConcurrentExecutionTimeSDF.xml
----------------- Instantiating /home/travis/build/icyphy/ptII/ptolemy/actor/lib/hoc/test/auto/ConcurrentExecutionTimeSDF.xml
Fired ExecutionTime: 40400000
Fired ExecutionTime: 40400000
Fired ExecutionTime: 40400000
Fired ExecutionTime: 40400000
Fired ExecutionTime: 40400000
Fired ExecutionTime: 40400000
Fired ExecutionTime: 40400000
Fired ExecutionTime: 40400000
Fired ExecutionTime: 40400000
Fired ExecutionTime: 40400000
Fired ExecutionTime: 40400000
Fired ExecutionTime: 40400000
Fired ExecutionTime: 40400000
Fired ExecutionTime: 40400000
Fired ExecutionTime: 40400000
Fired ExecutionTime: 40400000
Fired ExecutionTime: 40400000
Fired ExecutionTime: 40400000
Fired ExecutionTime: 40400000
Fired ExecutionTime: 40400000
1057 ms. Memory: 156672K Free: 118805K (76%)
----------------- Invoking toplevel() on ptolemy.moml.MoMLSimpleApplication@1afbc74a
----------------- Done invoking toplevel() on ptolemy.moml.MoMLSimpleApplication@1afbc74a
reloadAllAccessors: .ConcurrentExecutionTimeSDF

===========================================================================================
----------------- testing Sun Dec 29 06:26:45 UTC 2019 /home/travis/build/icyphy/ptII/ptolemy/actor/lib/hoc/test/auto/ConcurrentSleep.xml
----------------- Instantiating /home/travis/build/icyphy/ptII/ptolemy/actor/lib/hoc/test/auto/ConcurrentSleep.xml
726 ms. Memory: 156672K Free: 108563K (69%)
----------------- Invoking toplevel() on ptolemy.moml.MoMLSimpleApplication@255ef990
----------------- Done invoking toplevel() on ptolemy.moml.MoMLSimpleApplication@255ef990
reloadAllAccessors: .ConcurrentSleep

===========================================================================================
----------------- testing Sun Dec 29 06:26:46 UTC 2019 /home/travis/build/icyphy/ptII/ptolemy/actor/lib/hoc/test/auto/DEInPNInRunCompositeActor.xml
----------------- Instantiating /home/travis/build/icyphy/ptII/ptolemy/actor/lib/hoc/test/auto/DEInPNInRunCompositeActor.xml
8 ms. Memory: 156672K Free: 103064K (66%)
----------------- Invoking toplevel() on ptolemy.moml.MoMLSimpleApplication@1ed37470
----------------- Done invoking toplevel() on ptolemy.moml.MoMLSimpleApplication@1ed37470
reloadAllAccessors: .DEInPNInRunCompositeActor

===========================================================================================
----------------- testing Sun Dec 29 06:26:46 UTC 2019 /home/travis/build/icyphy/ptII/ptolemy/actor/lib/hoc/test/auto/DFTSubSetTest.xml
----------------- Instantiating /home/travis/build/icyphy/ptII/ptolemy/actor/lib/hoc/test/auto/DFTSubSetTest.xml
127 ms. Memory: 156672K Free: 135281K (86%)
----------------- Invoking toplevel() on ptolemy.moml.MoMLSimpleApplication@6a15e0bd
----------------- Done invoking toplevel() on ptolemy.moml.MoMLSimpleApplication@6a15e0bd
reloadAllAccessors: .DFTSubSetTest

===========================================================================================
----------------- testing Sun Dec 29 06:26:46 UTC 2019 /home/travis/build/icyphy/ptII/ptolemy/actor/lib/hoc/test/auto/HocDE.xml
----------------- Instantiating /home/travis/build/icyphy/ptII/ptolemy/actor/lib/hoc/test/auto/HocDE.xml
108 ms. Memory: 156672K Free: 109843K (70%)
----------------- Invoking toplevel() on ptolemy.moml.MoMLSimpleApplication@2dbfcf64
----------------- Done invoking toplevel() on ptolemy.moml.MoMLSimpleApplication@2dbfcf64
reloadAllAccessors: .HocDE

===========================================================================================
----------------- testing Sun Dec 29 06:26:46 UTC 2019 /home/travis/build/icyphy/ptII/ptolemy/actor/lib/hoc/test/auto/IterateOverArray.xml
----------------- Instantiating /home/travis/build/icyphy/ptII/ptolemy/actor/lib/hoc/test/auto/IterateOverArray.xml
4 ms. Memory: 156672K Free: 105585K (67%)
----------------- Invoking toplevel() on ptolemy.moml.MoMLSimpleApplication@3cfabfc7
----------------- Done invoking toplevel() on ptolemy.moml.MoMLSimpleApplication@3cfabfc7
reloadAllAccessors: .IterateOverArray

===========================================================================================
----------------- testing Sun Dec 29 06:26:46 UTC 2019 /home/travis/build/icyphy/ptII/ptolemy/actor/lib/hoc/test/auto/IterateOverArray10.xml
----------------- Instantiating /home/travis/build/icyphy/ptII/ptolemy/actor/lib/hoc/test/auto/IterateOverArray10.xml
2 ms. Memory: 156672K Free: 102043K (65%)
----------------- Invoking toplevel() on ptolemy.moml.MoMLSimpleApplication@4cfa9797
----------------- Done invoking toplevel() on ptolemy.moml.MoMLSimpleApplication@4cfa9797
reloadAllAccessors: .IterateOverArray10

===========================================================================================
----------------- testing Sun Dec 29 06:26:46 UTC 2019 /home/travis/build/icyphy/ptII/ptolemy/actor/lib/hoc/test/auto/IterateOverArray11.xml
----------------- Instantiating /home/travis/build/icyphy/ptII/ptolemy/actor/lib/hoc/test/auto/IterateOverArray11.xml
3 ms. Memory: 156672K Free: 97985K (63%)
----------------- Invoking toplevel() on ptolemy.moml.MoMLSimpleApplication@353bde6b
----------------- Done invoking toplevel() on ptolemy.moml.MoMLSimpleApplication@353bde6b
reloadAllAccessors: .IterateOverArray11

===========================================================================================
----------------- testing Sun Dec 29 06:26:46 UTC 2019 /home/travis/build/icyphy/ptII/ptolemy/actor/lib/hoc/test/auto/IterateOverArray12.xml
----------------- Instantiating /home/travis/build/icyphy/ptII/ptolemy/actor/lib/hoc/test/auto/IterateOverArray12.xml
14 ms. Memory: 156672K Free: 91841K (59%)
----------------- Invoking toplevel() on ptolemy.moml.MoMLSimpleApplication@2f904445
----------------- Done invoking toplevel() on ptolemy.moml.MoMLSimpleApplication@2f904445
reloadAllAccessors: .IterateOverArray12

===========================================================================================
----------------- testing Sun Dec 29 06:26:46 UTC 2019 /home/travis/build/icyphy/ptII/ptolemy/actor/lib/hoc/test/auto/IterateOverArray13.xml
----------------- Instantiating /home/travis/build/icyphy/ptII/ptolemy/actor/lib/hoc/test/auto/IterateOverArray13.xml
70 ms. Memory: 156672K Free: 65811K (42%)
----------------- Invoking toplevel() on ptolemy.moml.MoMLSimpleApplication@53c5892d
----------------- Done invoking toplevel() on ptolemy.moml.MoMLSimpleApplication@53c5892d
reloadAllAccessors: .IterateOverArray13

===========================================================================================
----------------- testing Sun Dec 29 06:26:47 UTC 2019 /home/travis/build/icyphy/ptII/ptolemy/actor/lib/hoc/test/auto/IterateOverArray14.xml
----------------- Instantiating /home/travis/build/icyphy/ptII/ptolemy/actor/lib/hoc/test/auto/IterateOverArray14.xml
59 ms. Memory: 156672K Free: 118892K (76%)
----------------- Invoking toplevel() on ptolemy.moml.MoMLSimpleApplication@58bae5a9
----------------- Done invoking toplevel() on ptolemy.moml.MoMLSimpleApplication@58bae5a9
reloadAllAccessors: .IterateOverArray14

===========================================================================================
----------------- testing Sun Dec 29 06:26:47 UTC 2019 /home/travis/build/icyphy/ptII/ptolemy/actor/lib/hoc/test/auto/IterateOverArray2.xml
----------------- Instantiating /home/travis/build/icyphy/ptII/ptolemy/actor/lib/hoc/test/auto/IterateOverArray2.xml
8 ms. Memory: 156672K Free: 114217K (73%)
----------------- Invoking toplevel() on ptolemy.moml.MoMLSimpleApplication@3d7ce167
----------------- Done invoking toplevel() on ptolemy.moml.MoMLSimpleApplication@3d7ce167
reloadAllAccessors: .IterateOverArray2

===========================================================================================
----------------- testing Sun Dec 29 06:26:47 UTC 2019 /home/travis/build/icyphy/ptII/ptolemy/actor/lib/hoc/test/auto/IterateOverArray3.xml
----------------- Instantiating /home/travis/build/icyphy/ptII/ptolemy/actor/lib/hoc/test/auto/IterateOverArray3.xml
15 ms. Memory: 156672K Free: 108521K (69%)
----------------- Invoking toplevel() on ptolemy.moml.MoMLSimpleApplication@43a172e
----------------- Done invoking toplevel() on ptolemy.moml.MoMLSimpleApplication@43a172e
reloadAllAccessors: .IterateOverArray3

===========================================================================================
----------------- testing Sun Dec 29 06:26:47 UTC 2019 /home/travis/build/icyphy/ptII/ptolemy/actor/lib/hoc/test/auto/IterateOverArray4.xml
----------------- Instantiating /home/travis/build/icyphy/ptII/ptolemy/actor/lib/hoc/test/auto/IterateOverArray4.xml
4 ms. Memory: 156672K Free: 104534K (67%)
----------------- Invoking toplevel() on ptolemy.moml.MoMLSimpleApplication@1c98adc
----------------- Done invoking toplevel() on ptolemy.moml.MoMLSimpleApplication@1c98adc
reloadAllAccessors: .IterateOverArray4

===========================================================================================
----------------- testing Sun Dec 29 06:26:47 UTC 2019 /home/travis/build/icyphy/ptII/ptolemy/actor/lib/hoc/test/auto/IterateOverArray5.xml
----------------- Instantiating /home/travis/build/icyphy/ptII/ptolemy/actor/lib/hoc/test/auto/IterateOverArray5.xml
2 ms. Memory: 156672K Free: 100460K (64%)
----------------- Invoking toplevel() on ptolemy.moml.MoMLSimpleApplication@10333957
----------------- Done invoking toplevel() on ptolemy.moml.MoMLSimpleApplication@10333957
reloadAllAccessors: .IterateOverArray5

===========================================================================================
----------------- testing Sun Dec 29 06:26:47 UTC 2019 /home/travis/build/icyphy/ptII/ptolemy/actor/lib/hoc/test/auto/IterateOverArray6.xml
----------------- Instantiating /home/travis/build/icyphy/ptII/ptolemy/actor/lib/hoc/test/auto/IterateOverArray6.xml
2 ms. Memory: 156672K Free: 96771K (62%)
----------------- Invoking toplevel() on ptolemy.moml.MoMLSimpleApplication@76ec697e
----------------- Done invoking toplevel() on ptolemy.moml.MoMLSimpleApplication@76ec697e
reloadAllAccessors: .IterateOverArray6

===========================================================================================
----------------- testing Sun Dec 29 06:26:47 UTC 2019 /home/travis/build/icyphy/ptII/ptolemy/actor/lib/hoc/test/auto/IterateOverArray7.xml
----------------- Instantiating /home/travis/build/icyphy/ptII/ptolemy/actor/lib/hoc/test/auto/IterateOverArray7.xml
5 ms. Memory: 156672K Free: 92237K (59%)
----------------- Invoking toplevel() on ptolemy.moml.MoMLSimpleApplication@438330bb
----------------- Done invoking toplevel() on ptolemy.moml.MoMLSimpleApplication@438330bb
reloadAllAccessors: .IterateOverArray7

===========================================================================================
----------------- testing Sun Dec 29 06:26:47 UTC 2019 /home/travis/build/icyphy/ptII/ptolemy/actor/lib/hoc/test/auto/IterateOverArray8.xml
----------------- Instantiating /home/travis/build/icyphy/ptII/ptolemy/actor/lib/hoc/test/auto/IterateOverArray8.xml
3 ms. Memory: 156672K Free: 88617K (57%)
----------------- Invoking toplevel() on ptolemy.moml.MoMLSimpleApplication@57fb7571
----------------- Done invoking toplevel() on ptolemy.moml.MoMLSimpleApplication@57fb7571
reloadAllAccessors: .IterateOverArray8

===========================================================================================
----------------- testing Sun Dec 29 06:26:47 UTC 2019 /home/travis/build/icyphy/ptII/ptolemy/actor/lib/hoc/test/auto/IterateOverArray9.xml
----------------- Instantiating /home/travis/build/icyphy/ptII/ptolemy/actor/lib/hoc/test/auto/IterateOverArray9.xml
5 ms. Memory: 156672K Free: 84521K (54%)
----------------- Invoking toplevel() on ptolemy.moml.MoMLSimpleApplication@49bcf318
----------------- Done invoking toplevel() on ptolemy.moml.MoMLSimpleApplication@49bcf318
reloadAllAccessors: .IterateOverArray9

===========================================================================================
----------------- testing Sun Dec 29 06:26:47 UTC 2019 /home/travis/build/icyphy/ptII/ptolemy/actor/lib/hoc/test/auto/IterateOverArrayCoercedOutputType.xml
----------------- Instantiating /home/travis/build/icyphy/ptII/ptolemy/actor/lib/hoc/test/auto/IterateOverArrayCoercedOutputType.xml
3 ms. Memory: 156672K Free: 79401K (51%)
----------------- Invoking toplevel() on ptolemy.moml.MoMLSimpleApplication@4be15346
----------------- Done invoking toplevel() on ptolemy.moml.MoMLSimpleApplication@4be15346
reloadAllAccessors: .IterateOverArrayCoercedOutputType

===========================================================================================
----------------- testing Sun Dec 29 06:26:47 UTC 2019 /home/travis/build/icyphy/ptII/ptolemy/actor/lib/hoc/test/auto/IterateOverArrayInferredOutputType.xml
----------------- Instantiating /home/travis/build/icyphy/ptII/ptolemy/actor/lib/hoc/test/auto/IterateOverArrayInferredOutputType.xml
6 ms. Memory: 156672K Free: 74846K (48%)
----------------- Invoking toplevel() on ptolemy.moml.MoMLSimpleApplication@69458d1f
----------------- Done invoking toplevel() on ptolemy.moml.MoMLSimpleApplication@69458d1f
reloadAllAccessors: .IterateOverArrayInferredOutputType

===========================================================================================
----------------- testing Sun Dec 29 06:26:47 UTC 2019 /home/travis/build/icyphy/ptII/ptolemy/actor/lib/hoc/test/auto/MobileFunctionTest.xml
----------------- Instantiating /home/travis/build/icyphy/ptII/ptolemy/actor/lib/hoc/test/auto/MobileFunctionTest.xml
4 ms. Memory: 156672K Free: 70724K (45%)
----------------- Invoking toplevel() on ptolemy.moml.MoMLSimpleApplication@b1317f4
----------------- Done invoking toplevel() on ptolemy.moml.MoMLSimpleApplication@b1317f4
reloadAllAccessors: .MobileFunctionTest

===========================================================================================
----------------- testing Sun Dec 29 06:26:47 UTC 2019 /home/travis/build/icyphy/ptII/ptolemy/actor/lib/hoc/test/auto/MobileModelTest.xml
----------------- Instantiating /home/travis/build/icyphy/ptII/ptolemy/actor/lib/hoc/test/auto/MobileModelTest.xml
133 ms. Memory: 156672K Free: 140198K (89%)
----------------- Invoking toplevel() on ptolemy.moml.MoMLSimpleApplication@42deeb1a
----------------- Done invoking toplevel() on ptolemy.moml.MoMLSimpleApplication@42deeb1a
reloadAllAccessors: .MobileModelTest

===========================================================================================
----------------- testing Sun Dec 29 06:26:47 UTC 2019 /home/travis/build/icyphy/ptII/ptolemy/actor/lib/hoc/test/auto/ModelReference.xml
----------------- Instantiating /home/travis/build/icyphy/ptII/ptolemy/actor/lib/hoc/test/auto/ModelReference.xml
2 ms. Memory: 156672K Free: 133485K (85%)
1 ms. Memory: 156672K Free: 132936K (85%)
1 ms. Memory: 156672K Free: 131926K (84%)
1 ms. Memory: 156672K Free: 131354K (84%)
1 ms. Memory: 156672K Free: 130405K (83%)
1 ms. Memory: 156672K Free: 129389K (83%)
1 ms. Memory: 156672K Free: 128816K (82%)
2 ms. Memory: 156672K Free: 127830K (82%)
1 ms. Memory: 156672K Free: 127258K (81%)
1 ms. Memory: 156672K Free: 126339K (81%)
21 ms. Memory: 156672K Free: 126339K (81%)
----------------- Invoking toplevel() on ptolemy.moml.MoMLSimpleApplication@1a0bf630
----------------- Done invoking toplevel() on ptolemy.moml.MoMLSimpleApplication@1a0bf630
reloadAllAccessors: .ModelReference

===========================================================================================
----------------- testing Sun Dec 29 06:26:47 UTC 2019 /home/travis/build/icyphy/ptII/ptolemy/actor/lib/hoc/test/auto/ModelReference3.xml
----------------- Instantiating /home/travis/build/icyphy/ptII/ptolemy/actor/lib/hoc/test/auto/ModelReference3.xml
1 ms. Memory: 156672K Free: 121672K (78%)
1 ms. Memory: 156672K Free: 120619K (77%)
1 ms. Memory: 156672K Free: 119638K (76%)
2 ms. Memory: 156672K Free: 119163K (76%)
2 ms. Memory: 156672K Free: 118133K (75%)
1 ms. Memory: 156672K Free: 117528K (75%)
1 ms. Memory: 156672K Free: 116547K (74%)
2 ms. Memory: 156672K Free: 115520K (74%)
1 ms. Memory: 156672K Free: 115053K (73%)
1 ms. Memory: 156672K Free: 114037K (73%)
20 ms. Memory: 156672K Free: 114037K (73%)
----------------- Invoking toplevel() on ptolemy.moml.MoMLSimpleApplication@d7494d4
----------------- Done invoking toplevel() on ptolemy.moml.MoMLSimpleApplication@d7494d4
reloadAllAccessors: .ModelReference3

===========================================================================================
----------------- testing Sun Dec 29 06:26:47 UTC 2019 /home/travis/build/icyphy/ptII/ptolemy/actor/lib/hoc/test/auto/ModelReference4.xml
----------------- Instantiating /home/travis/build/icyphy/ptII/ptolemy/actor/lib/hoc/test/auto/ModelReference4.xml
1 ms. Memory: 156672K Free: 109368K (70%)
5 ms. Memory: 156672K Free: 107869K (69%)
2 ms. Memory: 156672K Free: 106829K (68%)
2 ms. Memory: 156672K Free: 105288K (67%)
2 ms. Memory: 156672K Free: 104248K (67%)
2 ms. Memory: 156672K Free: 102741K (66%)
2 ms. Memory: 156672K Free: 101701K (65%)
3 ms. Memory: 156672K Free: 100755K (64%)
6 ms. Memory: 156672K Free: 99128K (63%)
2 ms. Memory: 156672K Free: 98112K (63%)
10014 ms. Memory: 156672K Free: 98112K (63%)
----------------- Invoking toplevel() on ptolemy.moml.MoMLSimpleApplication@5ef3bfce
----------------- Done invoking toplevel() on ptolemy.moml.MoMLSimpleApplication@5ef3bfce
reloadAllAccessors: .ModelReference4

===========================================================================================
----------------- testing Sun Dec 29 06:26:57 UTC 2019 /home/travis/build/icyphy/ptII/ptolemy/actor/lib/hoc/test/auto/MultiInstanceComposite.xml
----------------- Instantiating /home/travis/build/icyphy/ptII/ptolemy/actor/lib/hoc/test/auto/MultiInstanceComposite.xml
23 ms. Memory: 156672K Free: 79251K (51%)
----------------- Invoking toplevel() on ptolemy.moml.MoMLSimpleApplication@231cac4d
----------------- Done invoking toplevel() on ptolemy.moml.MoMLSimpleApplication@231cac4d
reloadAllAccessors: .MultiInstanceComposite

===========================================================================================
----------------- testing Sun Dec 29 06:26:57 UTC 2019 /home/travis/build/icyphy/ptII/ptolemy/actor/lib/hoc/test/auto/MultiInstanceComposite2.xml
----------------- Instantiating /home/travis/build/icyphy/ptII/ptolemy/actor/lib/hoc/test/auto/MultiInstanceComposite2.xml
13 ms. Memory: 156672K Free: 67941K (43%)
----------------- Invoking toplevel() on ptolemy.moml.MoMLSimpleApplication@39d81097
----------------- Done invoking toplevel() on ptolemy.moml.MoMLSimpleApplication@39d81097
reloadAllAccessors: .MultiInstanceComposite2

===========================================================================================
----------------- testing Sun Dec 29 06:26:57 UTC 2019 /home/travis/build/icyphy/ptII/ptolemy/actor/lib/hoc/test/auto/MulticoreExecution.xml
----------------- Instantiating /home/travis/build/icyphy/ptII/ptolemy/actor/lib/hoc/test/auto/MulticoreExecution.xml
Fired ExecutionTime: 2400000
Fired ExecutionTime: 2800000
Fired ExecutionTime: 2400000
Fired ExecutionTime: 2400000
Fired ExecutionTime: 4400000
Fired ExecutionTime: 2400000
Fired ExecutionTime: 4400000
Fired ExecutionTime: 2400000
Fired ExecutionTime: 4400000
Fired ExecutionTime: 2400000
Fired ExecutionTime: 6800000
Fired ExecutionTime: 4000000
Fired ExecutionTime: 108800000
Fired ExecutionTime: 109600000
Fired ExecutionTime: 109600000
Fired ExecutionTime: 109600000
Fired ExecutionTime: 110400000
Fired ExecutionTime: 108800000
Fired ExecutionTime: 101200000
Fired ExecutionTime: 107600000
1054 ms. Memory: 156672K Free: 59674K (38%)
----------------- Invoking toplevel() on ptolemy.moml.MoMLSimpleApplication@12ea1a5e
----------------- Done invoking toplevel() on ptolemy.moml.MoMLSimpleApplication@12ea1a5e
reloadAllAccessors: .MulticoreExecution

===========================================================================================
----------------- testing Sun Dec 29 06:26:58 UTC 2019 /home/travis/build/icyphy/ptII/ptolemy/actor/lib/hoc/test/auto/ParallelExecution.xml
----------------- Instantiating /home/travis/build/icyphy/ptII/ptolemy/actor/lib/hoc/test/auto/ParallelExecution.xml
918 ms. Memory: 156672K Free: 52506K (34%)
----------------- Invoking toplevel() on ptolemy.moml.MoMLSimpleApplication@36b9cf3c
----------------- Done invoking toplevel() on ptolemy.moml.MoMLSimpleApplication@36b9cf3c
reloadAllAccessors: .ParallelExecution

===========================================================================================
----------------- testing Sun Dec 29 06:26:59 UTC 2019 /home/travis/build/icyphy/ptII/ptolemy/actor/lib/hoc/test/auto/RunCompositeActor.xml
----------------- Instantiating /home/travis/build/icyphy/ptII/ptolemy/actor/lib/hoc/test/auto/RunCompositeActor.xml
9 ms. Memory: 156672K Free: 135614K (87%)
----------------- Invoking toplevel() on ptolemy.moml.MoMLSimpleApplication@6f3e0e85
----------------- Done invoking toplevel() on ptolemy.moml.MoMLSimpleApplication@6f3e0e85
reloadAllAccessors: .RunCompositeActor

===========================================================================================
----------------- testing Sun Dec 29 06:26:59 UTC 2019 /home/travis/build/icyphy/ptII/ptolemy/actor/lib/hoc/test/auto/RunCompositeActor2.xml
----------------- Instantiating /home/travis/build/icyphy/ptII/ptolemy/actor/lib/hoc/test/auto/RunCompositeActor2.xml
6 ms. Memory: 156672K Free: 129486K (83%)
----------------- Invoking toplevel() on ptolemy.moml.MoMLSimpleApplication@60685675
----------------- Done invoking toplevel() on ptolemy.moml.MoMLSimpleApplication@60685675
reloadAllAccessors: .RunCompositeActor2

===========================================================================================
----------------- testing Sun Dec 29 06:26:59 UTC 2019 /home/travis/build/icyphy/ptII/ptolemy/actor/lib/hoc/test/auto/RunCompositeActor3.xml
----------------- Instantiating /home/travis/build/icyphy/ptII/ptolemy/actor/lib/hoc/test/auto/RunCompositeActor3.xml
3 ms. Memory: 156672K Free: 123832K (79%)
----------------- Invoking toplevel() on ptolemy.moml.MoMLSimpleApplication@1fe37d7d
----------------- Done invoking toplevel() on ptolemy.moml.MoMLSimpleApplication@1fe37d7d
reloadAllAccessors: .RunCompositeActor3

===========================================================================================
----------------- testing Sun Dec 29 06:26:59 UTC 2019 /home/travis/build/icyphy/ptII/ptolemy/actor/lib/hoc/test/auto/RunCompositeActor4.xml
----------------- Instantiating /home/travis/build/icyphy/ptII/ptolemy/actor/lib/hoc/test/auto/RunCompositeActor4.xml
12 ms. Memory: 156672K Free: 115640K (74%)
----------------- Invoking toplevel() on ptolemy.moml.MoMLSimpleApplication@3158e54a
----------------- Done invoking toplevel() on ptolemy.moml.MoMLSimpleApplication@3158e54a
reloadAllAccessors: .RunCompositeActor4

===========================================================================================
----------------- testing Sun Dec 29 06:26:59 UTC 2019 /home/travis/build/icyphy/ptII/ptolemy/actor/lib/hoc/test/auto/RunCompositeIterateOverArray.xml
----------------- Instantiating /home/travis/build/icyphy/ptII/ptolemy/actor/lib/hoc/test/auto/RunCompositeIterateOverArray.xml
3 ms. Memory: 156672K Free: 109963K (70%)
----------------- Invoking toplevel() on ptolemy.moml.MoMLSimpleApplication@42d7adb5
----------------- Done invoking toplevel() on ptolemy.moml.MoMLSimpleApplication@42d7adb5
reloadAllAccessors: .RunCompositeIterateOverArray

===========================================================================================
----------------- testing Sun Dec 29 06:26:59 UTC 2019 /home/travis/build/icyphy/ptII/ptolemy/actor/lib/hoc/test/auto/ThreadedJS.xml
----------------- Instantiating /home/travis/build/icyphy/ptII/ptolemy/actor/lib/hoc/test/auto/ThreadedJS.xml
4919 ms. Memory: 226304K Free: 54054K (24%)
----------------- Invoking toplevel() on ptolemy.moml.MoMLSimpleApplication@5ac7a037
----------------- Done invoking toplevel() on ptolemy.moml.MoMLSimpleApplication@5ac7a037
reloadAllAccessors: .ThreadedJS
AutoTests.java: About to close Vertx.
AutoTests.java: Vertx closed.
]]></system-out>
  <system-err><![CDATA[java.lang.RuntimeException: Execution failed
	at ptolemy.moml.MoMLSimpleApplication$UnloadThread.run(MoMLSimpleApplication.java:402)
Caused by: ptolemy.kernel.util.IllegalActionException: initialize() was called after wrapup() was called but preinitialize() was not called after wrapup().
	at ptolemy.actor.lib.hoc.test.PreinitializeMustBeInvoked.initialize(PreinitializeMustBeInvoked.java:78)
	at ptolemy.actor.Director.initialize(Director.java:938)
	at ptolemy.actor.Director.initialize(Director.java:907)
	at ptolemy.actor.sched.StaticSchedulingDirector.initialize(StaticSchedulingDirector.java:159)
	at ptolemy.domains.sdf.kernel.SDFDirector.initialize(SDFDirector.java:544)
	at ptolemy.actor.CompositeActor.initialize(CompositeActor.java:935)
	at ptolemy.actor.lib.hoc.LifeCycleManager._executeInsideModel(LifeCycleManager.java:339)
	at ptolemy.actor.lib.hoc.RunCompositeActor.fire(RunCompositeActor.java:205)
	at ptolemy.actor.CompositeActor.iterate(CompositeActor.java:1146)
	at ptolemy.actor.sched.StaticSchedulingDirector.fire(StaticSchedulingDirector.java:216)
	at ptolemy.domains.sdf.kernel.SDFDirector.fire(SDFDirector.java:500)
	at ptolemy.actor.CompositeActor.fire(CompositeActor.java:455)
	at ptolemy.actor.Manager.iterate(Manager.java:851)
	at ptolemy.actor.Manager.execute(Manager.java:369)
	at ptolemy.actor.Manager.run(Manager.java:1263)
	at ptolemy.actor.Manager$PtolemyRunThread.run(Manager.java:1933)
java.lang.reflect.InvocationTargetException
	at java.base/jdk.internal.reflect.NativeConstructorAccessorImpl.newInstance0(Native Method)
	at java.base/jdk.internal.reflect.NativeConstructorAccessorImpl.newInstance(NativeConstructorAccessorImpl.java:62)
	at java.base/jdk.internal.reflect.DelegatingConstructorAccessorImpl.newInstance(DelegatingConstructorAccessorImpl.java:45)
	at java.base/java.lang.reflect.Constructor.newInstance(Constructor.java:490)
	at ptolemy.util.test.junit.AutoKnownFailedTests.RunModel(AutoKnownFailedTests.java:105)
	at java.base/jdk.internal.reflect.NativeMethodAccessorImpl.invoke0(Native Method)
	at java.base/jdk.internal.reflect.NativeMethodAccessorImpl.invoke(NativeMethodAccessorImpl.java:62)
	at java.base/jdk.internal.reflect.DelegatingMethodAccessorImpl.invoke(DelegatingMethodAccessorImpl.java:43)
	at java.base/java.lang.reflect.Method.invoke(Method.java:566)
	at org.junit.runners.model.FrameworkMethod$1.runReflectiveCall(FrameworkMethod.java:44)
	at org.junit.internal.runners.model.ReflectiveCallable.run(ReflectiveCallable.java:15)
	at org.junit.runners.model.FrameworkMethod.invokeExplosively(FrameworkMethod.java:41)
	at junitparams.internal.InvokeParameterisedMethod.evaluate(InvokeParameterisedMethod.java:102)
	at org.junit.internal.runners.statements.FailOnTimeout$1.run(FailOnTimeout.java:28)
Caused by: ptolemy.kernel.util.IllegalActionException: initialize() was called after wrapup() was called but preinitialize() was not called after wrapup().
	at ptolemy.actor.lib.hoc.test.PreinitializeMustBeInvoked.initialize(PreinitializeMustBeInvoked.java:78)
	at ptolemy.actor.Director.initialize(Director.java:938)
	at ptolemy.actor.Director.initialize(Director.java:907)
	at ptolemy.actor.sched.StaticSchedulingDirector.initialize(StaticSchedulingDirector.java:159)
	at ptolemy.domains.sdf.kernel.SDFDirector.initialize(SDFDirector.java:544)
	at ptolemy.actor.CompositeActor.initialize(CompositeActor.java:935)
	at ptolemy.actor.lib.hoc.LifeCycleManager._executeInsideModel(LifeCycleManager.java:339)
	at ptolemy.actor.lib.hoc.RunCompositeActor.fire(RunCompositeActor.java:205)
	at ptolemy.actor.CompositeActor.iterate(CompositeActor.java:1146)
	at ptolemy.actor.sched.StaticSchedulingDirector.fire(StaticSchedulingDirector.java:216)
	at ptolemy.domains.sdf.kernel.SDFDirector.fire(SDFDirector.java:500)
	at ptolemy.actor.CompositeActor.fire(CompositeActor.java:455)
	at ptolemy.actor.Manager.iterate(Manager.java:851)
	at ptolemy.actor.Manager.execute(Manager.java:369)
	at ptolemy.actor.Manager.run(Manager.java:1263)
	at ptolemy.actor.Manager$PtolemyRunThread.run(Manager.java:1933)
Warning: Nashorn engine is planned to be removed from a future JDK release
Warning: Nashorn engine is planned to be removed from a future JDK release
Warning: Nashorn engine is planned to be removed from a future JDK release
Warning: Nashorn engine is planned to be removed from a future JDK release
Warning: Nashorn engine is planned to be removed from a future JDK release
Warning: Nashorn engine is planned to be removed from a future JDK release
Warning: Nashorn engine is planned to be removed from a future JDK release
Warning: Nashorn engine is planned to be removed from a future JDK release
]]></system-err>
</testsuite>
