<?xml version="1.0" encoding="UTF-8" ?>
<testsuite errors="0" failures="0" hostname="travis-job-fd311965-5664-46ce-aabf-74b0286edde1" name="ptolemy.domains.continuous.test.junit.JUnitTclTest" skipped="0" tests="156" time="71.698" timestamp="2020-01-02T06:32:42">
  <properties>
[...]
</properties>
  <testcase classname="ptolemy.util.test.junit.TclTests" name="[0] ThereAreNoTclTests (RunTclFile)" time="0.008" />
  <testcase classname="ptolemy.util.test.junit.AutoKnownFailedTests" name="[0] ThereAreNoKnowFailedTests (RunModel)" time="0.001" />
  <testcase classname="ptolemy.util.test.junit.AutoNameArchTests" name="[0] ThereAreNoAutoArchTests (RunModel)" time="0.008" />
  <testcase classname="ptolemy.util.test.junit.AutoTests" name="[0] /home/travis/build/icyphy/ptII/ptolemy/domains/continuous/test/auto/BouncingBall.xml (RunModel)" time="3.087" />
  <testcase classname="ptolemy.util.test.junit.AutoTests" name="[1] /home/travis/build/icyphy/ptII/ptolemy/domains/continuous/test/auto/BouncingBallWithoutGR.xml (RunModel)" time="0.985" />
  <testcase classname="ptolemy.util.test.junit.AutoTests" name="[2] /home/travis/build/icyphy/ptII/ptolemy/domains/continuous/test/auto/Brownian.xml (RunModel)" time="0.096" />
  <testcase classname="ptolemy.util.test.junit.AutoTests" name="[3] /home/travis/build/icyphy/ptII/ptolemy/domains/continuous/test/auto/CarTracking.xml (RunModel)" time="4.097" />
  <testcase classname="ptolemy.util.test.junit.AutoTests" name="[4] /home/travis/build/icyphy/ptII/ptolemy/domains/continuous/test/auto/CartPendulum.xml (RunModel)" time="0.577" />
  <testcase classname="ptolemy.util.test.junit.AutoTests" name="[5] /home/travis/build/icyphy/ptII/ptolemy/domains/continuous/test/auto/CausalityInterface10.xml (RunModel)" time="0.055" />
  <testcase classname="ptolemy.util.test.junit.AutoTests" name="[6] /home/travis/build/icyphy/ptII/ptolemy/domains/continuous/test/auto/CausalityInterface11.xml (RunModel)" time="0.025" />
  <testcase classname="ptolemy.util.test.junit.AutoTests" name="[7] /home/travis/build/icyphy/ptII/ptolemy/domains/continuous/test/auto/CausalityInterface12.xml (RunModel)" time="0.034" />
  <testcase classname="ptolemy.util.test.junit.AutoTests" name="[8] /home/travis/build/icyphy/ptII/ptolemy/domains/continuous/test/auto/CausalityInterface13.xml (RunModel)" time="0.031" />
  <testcase classname="ptolemy.util.test.junit.AutoTests" name="[9] /home/travis/build/icyphy/ptII/ptolemy/domains/continuous/test/auto/CausalityInterface14.xml (RunModel)" time="0.024" />
  <testcase classname="ptolemy.util.test.junit.AutoTests" name="[10] /home/travis/build/icyphy/ptII/ptolemy/domains/continuous/test/auto/CausalityInterface4.xml (RunModel)" time="0.038" />
  <testcase classname="ptolemy.util.test.junit.AutoTests" name="[11] /home/travis/build/icyphy/ptII/ptolemy/domains/continuous/test/auto/CausalityInterface5.xml (RunModel)" time="0.037" />
  <testcase classname="ptolemy.util.test.junit.AutoTests" name="[12] /home/travis/build/icyphy/ptII/ptolemy/domains/continuous/test/auto/CausalityInterface6.xml (RunModel)" time="0.026" />
  <testcase classname="ptolemy.util.test.junit.AutoTests" name="[13] /home/travis/build/icyphy/ptII/ptolemy/domains/continuous/test/auto/CausalityInterface7.xml (RunModel)" time="0.046" />
  <testcase classname="ptolemy.util.test.junit.AutoTests" name="[14] /home/travis/build/icyphy/ptII/ptolemy/domains/continuous/test/auto/CausalityInterface8.xml (RunModel)" time="0.033" />
  <testcase classname="ptolemy.util.test.junit.AutoTests" name="[15] /home/travis/build/icyphy/ptII/ptolemy/domains/continuous/test/auto/CausalityInterface9.xml (RunModel)" time="0.048" />
  <testcase classname="ptolemy.util.test.junit.AutoTests" name="[16] /home/travis/build/icyphy/ptII/ptolemy/domains/continuous/test/auto/CausalityInterfaceFeedback1.xml (RunModel)" time="0.029" />
  <testcase classname="ptolemy.util.test.junit.AutoTests" name="[17] /home/travis/build/icyphy/ptII/ptolemy/domains/continuous/test/auto/CausalityInterfaceFeedback2.xml (RunModel)" time="0.034" />
  <testcase classname="ptolemy.util.test.junit.AutoTests" name="[18] /home/travis/build/icyphy/ptII/ptolemy/domains/continuous/test/auto/CompareWithCurrentTime.xml (RunModel)" time="0.021" />
  <testcase classname="ptolemy.util.test.junit.AutoTests" name="[19] /home/travis/build/icyphy/ptII/ptolemy/domains/continuous/test/auto/ComparedClocks.xml (RunModel)" time="0.076" />
  <testcase classname="ptolemy.util.test.junit.AutoTests" name="[20] /home/travis/build/icyphy/ptII/ptolemy/domains/continuous/test/auto/ContinuousAOCClone.xml (RunModel)" time="2.537" />
  <testcase classname="ptolemy.util.test.junit.AutoTests" name="[21] /home/travis/build/icyphy/ptII/ptolemy/domains/continuous/test/auto/ContinuousClock.xml (RunModel)" time="0.073" />
  <testcase classname="ptolemy.util.test.junit.AutoTests" name="[22] /home/travis/build/icyphy/ptII/ptolemy/domains/continuous/test/auto/ContinuousInContinuous.xml (RunModel)" time="0.09" />
  <testcase classname="ptolemy.util.test.junit.AutoTests" name="[23] /home/travis/build/icyphy/ptII/ptolemy/domains/continuous/test/auto/ContinuousInContinuousInContinuous.xml (RunModel)" time="0.024" />
  <testcase classname="ptolemy.util.test.junit.AutoTests" name="[24] /home/travis/build/icyphy/ptII/ptolemy/domains/continuous/test/auto/ContinuousInDE.xml (RunModel)" time="0.123" />
  <testcase classname="ptolemy.util.test.junit.AutoTests" name="[25] /home/travis/build/icyphy/ptII/ptolemy/domains/continuous/test/auto/ContinuousInDE2.xml (RunModel)" time="0.055" />
  <testcase classname="ptolemy.util.test.junit.AutoTests" name="[26] /home/travis/build/icyphy/ptII/ptolemy/domains/continuous/test/auto/ContinuousInDE3.xml (RunModel)" time="0.053" />
  <testcase classname="ptolemy.util.test.junit.AutoTests" name="[27] /home/travis/build/icyphy/ptII/ptolemy/domains/continuous/test/auto/ContinuousInDE4.xml (RunModel)" time="0.036" />
  <testcase classname="ptolemy.util.test.junit.AutoTests" name="[28] /home/travis/build/icyphy/ptII/ptolemy/domains/continuous/test/auto/ContinuousInDEDifferentRefinements.xml (RunModel)" time="0.118" />
  <testcase classname="ptolemy.util.test.junit.AutoTests" name="[29] /home/travis/build/icyphy/ptII/ptolemy/domains/continuous/test/auto/ContinuousInDEDifferentRefinementsPreemptive.xml (RunModel)" time="0.089" />
  <testcase classname="ptolemy.util.test.junit.AutoTests" name="[30] /home/travis/build/icyphy/ptII/ptolemy/domains/continuous/test/auto/ContinuousInDEInContinuous2.xml (RunModel)" time="0.049" />
  <testcase classname="ptolemy.util.test.junit.AutoTests" name="[31] /home/travis/build/icyphy/ptII/ptolemy/domains/continuous/test/auto/ContinuousInDEInContinuous3.xml (RunModel)" time="0.063" />
  <testcase classname="ptolemy.util.test.junit.AutoTests" name="[32] /home/travis/build/icyphy/ptII/ptolemy/domains/continuous/test/auto/ContinuousInDEInput.xml (RunModel)" time="0.028" />
  <testcase classname="ptolemy.util.test.junit.AutoTests" name="[33] /home/travis/build/icyphy/ptII/ptolemy/domains/continuous/test/auto/ContinuousInDEInput2.xml (RunModel)" time="0.034" />
  <testcase classname="ptolemy.util.test.junit.AutoTests" name="[34] /home/travis/build/icyphy/ptII/ptolemy/domains/continuous/test/auto/ContinuousInDEInput3.xml (RunModel)" time="0.035" />
  <testcase classname="ptolemy.util.test.junit.AutoTests" name="[35] /home/travis/build/icyphy/ptII/ptolemy/domains/continuous/test/auto/ContinuousInDESharingRefinement.xml (RunModel)" time="0.215" />
  <testcase classname="ptolemy.util.test.junit.AutoTests" name="[36] /home/travis/build/icyphy/ptII/ptolemy/domains/continuous/test/auto/ContinuousInDEwithNoPorts.xml (RunModel)" time="0.016" />
  <testcase classname="ptolemy.util.test.junit.AutoTests" name="[37] /home/travis/build/icyphy/ptII/ptolemy/domains/continuous/test/auto/ContinuousInsideDE.xml (RunModel)" time="0.077" />
  <testcase classname="ptolemy.util.test.junit.AutoTests" name="[38] /home/travis/build/icyphy/ptII/ptolemy/domains/continuous/test/auto/ContinuousMerge1.xml (RunModel)" time="0.021" />
  <testcase classname="ptolemy.util.test.junit.AutoTests" name="[39] /home/travis/build/icyphy/ptII/ptolemy/domains/continuous/test/auto/ContinuousMerge2.xml (RunModel)" time="0.049" />
  <testcase classname="ptolemy.util.test.junit.AutoTests" name="[40] /home/travis/build/icyphy/ptII/ptolemy/domains/continuous/test/auto/ContinuousMerge3.xml (RunModel)" time="0.063" />
  <testcase classname="ptolemy.util.test.junit.AutoTests" name="[41] /home/travis/build/icyphy/ptII/ptolemy/domains/continuous/test/auto/ContinuousWithinContinuous.xml (RunModel)" time="0.057" />
  <testcase classname="ptolemy.util.test.junit.AutoTests" name="[42] /home/travis/build/icyphy/ptII/ptolemy/domains/continuous/test/auto/ContinuousWithinContinuous2.xml (RunModel)" time="0.087" />
  <testcase classname="ptolemy.util.test.junit.AutoTests" name="[43] /home/travis/build/icyphy/ptII/ptolemy/domains/continuous/test/auto/ContinuousWithinContinuous3.xml (RunModel)" time="0.031" />
  <testcase classname="ptolemy.util.test.junit.AutoTests" name="[44] /home/travis/build/icyphy/ptII/ptolemy/domains/continuous/test/auto/ContinuousWithinContinuous4.xml (RunModel)" time="0.085" />
  <testcase classname="ptolemy.util.test.junit.AutoTests" name="[45] /home/travis/build/icyphy/ptII/ptolemy/domains/continuous/test/auto/ContinuousWithinContinuous5.xml (RunModel)" time="0.027" />
  <testcase classname="ptolemy.util.test.junit.AutoTests" name="[46] /home/travis/build/icyphy/ptII/ptolemy/domains/continuous/test/auto/ContinuousWithinContinuous6.xml (RunModel)" time="0.025" />
  <testcase classname="ptolemy.util.test.junit.AutoTests" name="[47] /home/travis/build/icyphy/ptII/ptolemy/domains/continuous/test/auto/ContinuousWithinContinuous7.xml (RunModel)" time="0.069" />
  <testcase classname="ptolemy.util.test.junit.AutoTests" name="[48] /home/travis/build/icyphy/ptII/ptolemy/domains/continuous/test/auto/DCMotor.xml (RunModel)" time="14.186" />
  <testcase classname="ptolemy.util.test.junit.AutoTests" name="[49] /home/travis/build/icyphy/ptII/ptolemy/domains/continuous/test/auto/DEInContinuous.xml (RunModel)" time="0.022" />
  <testcase classname="ptolemy.util.test.junit.AutoTests" name="[50] /home/travis/build/icyphy/ptII/ptolemy/domains/continuous/test/auto/DEinContinuous2.xml (RunModel)" time="0.023" />
  <testcase classname="ptolemy.util.test.junit.AutoTests" name="[51] /home/travis/build/icyphy/ptII/ptolemy/domains/continuous/test/auto/Derivative.xml (RunModel)" time="0.178" />
  <testcase classname="ptolemy.util.test.junit.AutoTests" name="[52] /home/travis/build/icyphy/ptII/ptolemy/domains/continuous/test/auto/Derivative1.xml (RunModel)" time="0.053" />
  <testcase classname="ptolemy.util.test.junit.AutoTests" name="[53] /home/travis/build/icyphy/ptII/ptolemy/domains/continuous/test/auto/DiscreteClock.xml (RunModel)" time="0.011" />
  <testcase classname="ptolemy.util.test.junit.AutoTests" name="[54] /home/travis/build/icyphy/ptII/ptolemy/domains/continuous/test/auto/EfficiencyCurve.xml (RunModel)" time="0.106" />
  <testcase classname="ptolemy.util.test.junit.AutoTests" name="[55] /home/travis/build/icyphy/ptII/ptolemy/domains/continuous/test/auto/ExponentialResponse.xml (RunModel)" time="0.111" />
  <testcase classname="ptolemy.util.test.junit.AutoTests" name="[56] /home/travis/build/icyphy/ptII/ptolemy/domains/continuous/test/auto/ExponentialResponseRK45.xml (RunModel)" time="0.034" />
  <testcase classname="ptolemy.util.test.junit.AutoTests" name="[57] /home/travis/build/icyphy/ptII/ptolemy/domains/continuous/test/auto/Friction.xml (RunModel)" time="1.599" />
  <testcase classname="ptolemy.util.test.junit.AutoTests" name="[58] /home/travis/build/icyphy/ptII/ptolemy/domains/continuous/test/auto/FurutaPendulum.xml (RunModel)" time="2.969" />
  <testcase classname="ptolemy.util.test.junit.AutoTests" name="[59] /home/travis/build/icyphy/ptII/ptolemy/domains/continuous/test/auto/HierarchicalExecution.xml (RunModel)" time="1.756" />
  <testcase classname="ptolemy.util.test.junit.AutoTests" name="[60] /home/travis/build/icyphy/ptII/ptolemy/domains/continuous/test/auto/HybridPlant.xml (RunModel)" time="0.561" />
  <testcase classname="ptolemy.util.test.junit.AutoTests" name="[61] /home/travis/build/icyphy/ptII/ptolemy/domains/continuous/test/auto/Hysteresis.xml (RunModel)" time="0.173" />
  <testcase classname="ptolemy.util.test.junit.AutoTests" name="[62] /home/travis/build/icyphy/ptII/ptolemy/domains/continuous/test/auto/HysteresisWithRandomDelay.xml (RunModel)" time="0.214" />
  <testcase classname="ptolemy.util.test.junit.AutoTests" name="[63] /home/travis/build/icyphy/ptII/ptolemy/domains/continuous/test/auto/HysteresisWithRandomLosses.xml (RunModel)" time="2.348" />
  <testcase classname="ptolemy.util.test.junit.AutoTests" name="[64] /home/travis/build/icyphy/ptII/ptolemy/domains/continuous/test/auto/ImmediateTransitions.xml (RunModel)" time="0.029" />
  <testcase classname="ptolemy.util.test.junit.AutoTests" name="[65] /home/travis/build/icyphy/ptII/ptolemy/domains/continuous/test/auto/ImpulseFeedback.xml (RunModel)" time="0.026" />
  <testcase classname="ptolemy.util.test.junit.AutoTests" name="[66] /home/travis/build/icyphy/ptII/ptolemy/domains/continuous/test/auto/ImpulseFeedback2.xml (RunModel)" time="0.017" />
  <testcase classname="ptolemy.util.test.junit.AutoTests" name="[67] /home/travis/build/icyphy/ptII/ptolemy/domains/continuous/test/auto/IncreasingRatePoisson.xml (RunModel)" time="0.748" />
  <testcase classname="ptolemy.util.test.junit.AutoTests" name="[68] /home/travis/build/icyphy/ptII/ptolemy/domains/continuous/test/auto/InitialStateFeedback.xml (RunModel)" time="0.013" />
  <testcase classname="ptolemy.util.test.junit.AutoTests" name="[69] /home/travis/build/icyphy/ptII/ptolemy/domains/continuous/test/auto/Integration.xml (RunModel)" time="0.009" />
  <testcase classname="ptolemy.util.test.junit.AutoTests" name="[70] /home/travis/build/icyphy/ptII/ptolemy/domains/continuous/test/auto/Integration2.xml (RunModel)" time="0.073" />
  <testcase classname="ptolemy.util.test.junit.AutoTests" name="[71] /home/travis/build/icyphy/ptII/ptolemy/domains/continuous/test/auto/Integration3.xml (RunModel)" time="0.011" />
  <testcase classname="ptolemy.util.test.junit.AutoTests" name="[72] /home/travis/build/icyphy/ptII/ptolemy/domains/continuous/test/auto/Integration5.xml (RunModel)" time="0.009" />
  <testcase classname="ptolemy.util.test.junit.AutoTests" name="[73] /home/travis/build/icyphy/ptII/ptolemy/domains/continuous/test/auto/IntegratorImpulse.xml (RunModel)" time="0.007" />
  <testcase classname="ptolemy.util.test.junit.AutoTests" name="[74] /home/travis/build/icyphy/ptII/ptolemy/domains/continuous/test/auto/IntegratorImpulse2.xml (RunModel)" time="0.022" />
  <testcase classname="ptolemy.util.test.junit.AutoTests" name="[75] /home/travis/build/icyphy/ptII/ptolemy/domains/continuous/test/auto/LevelCrossing1.xml (RunModel)" time="0.015" />
  <testcase classname="ptolemy.util.test.junit.AutoTests" name="[76] /home/travis/build/icyphy/ptII/ptolemy/domains/continuous/test/auto/LevelCrossing2.xml (RunModel)" time="0.011" />
  <testcase classname="ptolemy.util.test.junit.AutoTests" name="[77] /home/travis/build/icyphy/ptII/ptolemy/domains/continuous/test/auto/LevelCrossing3.xml (RunModel)" time="0.016" />
  <testcase classname="ptolemy.util.test.junit.AutoTests" name="[78] /home/travis/build/icyphy/ptII/ptolemy/domains/continuous/test/auto/LevelCrossing4.xml (RunModel)" time="0.012" />
  <testcase classname="ptolemy.util.test.junit.AutoTests" name="[79] /home/travis/build/icyphy/ptII/ptolemy/domains/continuous/test/auto/LevelCrossing5.xml (RunModel)" time="0.014" />
  <testcase classname="ptolemy.util.test.junit.AutoTests" name="[80] /home/travis/build/icyphy/ptII/ptolemy/domains/continuous/test/auto/LevelCrossing6.xml (RunModel)" time="0.012" />
  <testcase classname="ptolemy.util.test.junit.AutoTests" name="[81] /home/travis/build/icyphy/ptII/ptolemy/domains/continuous/test/auto/LevelCrossingDetector.xml (RunModel)" time="0.036" />
  <testcase classname="ptolemy.util.test.junit.AutoTests" name="[82] /home/travis/build/icyphy/ptII/ptolemy/domains/continuous/test/auto/LevelCrossingDetectorDetectingDirections.xml (RunModel)" time="0.088" />
  <testcase classname="ptolemy.util.test.junit.AutoTests" name="[83] /home/travis/build/icyphy/ptII/ptolemy/domains/continuous/test/auto/LevelCrossingDetectorDetectsGlitches.xml (RunModel)" time="0.063" />
  <testcase classname="ptolemy.util.test.junit.AutoTests" name="[84] /home/travis/build/icyphy/ptII/ptolemy/domains/continuous/test/auto/LevelCrossingNoInitialOuput.xml (RunModel)" time="0.012" />
  <testcase classname="ptolemy.util.test.junit.AutoTests" name="[85] /home/travis/build/icyphy/ptII/ptolemy/domains/continuous/test/auto/LinearStateSpaceExample.xml (RunModel)" time="0.056" />
  <testcase classname="ptolemy.util.test.junit.AutoTests" name="[86] /home/travis/build/icyphy/ptII/ptolemy/domains/continuous/test/auto/Lorenz.xml (RunModel)" time="3.445" />
  <testcase classname="ptolemy.util.test.junit.AutoTests" name="[87] /home/travis/build/icyphy/ptII/ptolemy/domains/continuous/test/auto/LorenzDifferentialSystem.xml (RunModel)" time="0.899" />
  <testcase classname="ptolemy.util.test.junit.AutoTests" name="[88] /home/travis/build/icyphy/ptII/ptolemy/domains/continuous/test/auto/LorenzDifferentialSystemWithInput.xml (RunModel)" time="1.164" />
  <testcase classname="ptolemy.util.test.junit.AutoTests" name="[89] /home/travis/build/icyphy/ptII/ptolemy/domains/continuous/test/auto/LorenzDifferentialSystemWithTime.xml (RunModel)" time="0.737" />
  <testcase classname="ptolemy.util.test.junit.AutoTests" name="[90] /home/travis/build/icyphy/ptII/ptolemy/domains/continuous/test/auto/Microsteps.xml (RunModel)" time="0.029" />
  <testcase classname="ptolemy.util.test.junit.AutoTests" name="[91] /home/travis/build/icyphy/ptII/ptolemy/domains/continuous/test/auto/Modal1.xml (RunModel)" time="0.034" />
  <testcase classname="ptolemy.util.test.junit.AutoTests" name="[92] /home/travis/build/icyphy/ptII/ptolemy/domains/continuous/test/auto/Modal2.xml (RunModel)" time="0.042" />
  <testcase classname="ptolemy.util.test.junit.AutoTests" name="[93] /home/travis/build/icyphy/ptII/ptolemy/domains/continuous/test/auto/ModalTransitionGuardWithReset.xml (RunModel)" time="0.033" />
  <testcase classname="ptolemy.util.test.junit.AutoTests" name="[94] /home/travis/build/icyphy/ptII/ptolemy/domains/continuous/test/auto/ModalTransitionGuardWithResetUsingPreemptiveTransition.xml (RunModel)" time="0.022" />
  <testcase classname="ptolemy.util.test.junit.AutoTests" name="[95] /home/travis/build/icyphy/ptII/ptolemy/domains/continuous/test/auto/ModalTransitionGuardWithResetUsingPreemptiveTransition2.xml (RunModel)" time="0.028" />
  <testcase classname="ptolemy.util.test.junit.AutoTests" name="[96] /home/travis/build/icyphy/ptII/ptolemy/domains/continuous/test/auto/ModalTransitionGuardWithResetUsingPreemptiveTransition3.xml (RunModel)" time="0.024" />
  <testcase classname="ptolemy.util.test.junit.AutoTests" name="[97] /home/travis/build/icyphy/ptII/ptolemy/domains/continuous/test/auto/NewtonsCradle.xml (RunModel)" time="0.834" />
  <testcase classname="ptolemy.util.test.junit.AutoTests" name="[98] /home/travis/build/icyphy/ptII/ptolemy/domains/continuous/test/auto/NewtonsCradleAnimated.xml (RunModel)" time="1.326" />
  <testcase classname="ptolemy.util.test.junit.AutoTests" name="[99] /home/travis/build/icyphy/ptII/ptolemy/domains/continuous/test/auto/NewtonsCradleComplicated.xml (RunModel)" time="0.873" />
  <testcase classname="ptolemy.util.test.junit.AutoTests" name="[100] /home/travis/build/icyphy/ptII/ptolemy/domains/continuous/test/auto/NewtonsCradleNondeterministic.xml (RunModel)" time="0.573" />
  <testcase classname="ptolemy.util.test.junit.AutoTests" name="[101] /home/travis/build/icyphy/ptII/ptolemy/domains/continuous/test/auto/NewtonsCradlePerfectlyInelastic1.xml (RunModel)" time="1.161" />
  <testcase classname="ptolemy.util.test.junit.AutoTests" name="[102] /home/travis/build/icyphy/ptII/ptolemy/domains/continuous/test/auto/Noise.xml (RunModel)" time="0.196" />
  <testcase classname="ptolemy.util.test.junit.AutoTests" name="[103] /home/travis/build/icyphy/ptII/ptolemy/domains/continuous/test/auto/NoiseSpectrum.xml (RunModel)" time="0.703" />
  <testcase classname="ptolemy.util.test.junit.AutoTests" name="[104] /home/travis/build/icyphy/ptII/ptolemy/domains/continuous/test/auto/ParameterizedNewtonsCradleAnimated.xml (RunModel)" time="0.371" />
  <testcase classname="ptolemy.util.test.junit.AutoTests" name="[105] /home/travis/build/icyphy/ptII/ptolemy/domains/continuous/test/auto/ParameterizedNewtonsCradleAnimatedNondeterministic.xml (RunModel)" time="1.118" />
  <testcase classname="ptolemy.util.test.junit.AutoTests" name="[106] /home/travis/build/icyphy/ptII/ptolemy/domains/continuous/test/auto/Pendulum3D.xml (RunModel)" time="0.167" />
  <testcase classname="ptolemy.util.test.junit.AutoTests" name="[107] /home/travis/build/icyphy/ptII/ptolemy/domains/continuous/test/auto/PeriodicSampler.xml (RunModel)" time="0.012" />
  <testcase classname="ptolemy.util.test.junit.AutoTests" name="[108] /home/travis/build/icyphy/ptII/ptolemy/domains/continuous/test/auto/PeriodicSampler1.xml (RunModel)" time="0.046" />
  <testcase classname="ptolemy.util.test.junit.AutoTests" name="[109] /home/travis/build/icyphy/ptII/ptolemy/domains/continuous/test/auto/PeriodicSampler2.xml (RunModel)" time="0.08" />
  <testcase classname="ptolemy.util.test.junit.AutoTests" name="[110] /home/travis/build/icyphy/ptII/ptolemy/domains/continuous/test/auto/Poisson.xml (RunModel)" time="0.497" />
  <testcase classname="ptolemy.util.test.junit.AutoTests" name="[111] /home/travis/build/icyphy/ptII/ptolemy/domains/continuous/test/auto/PoissonClock.xml (RunModel)" time="0.011" />
  <testcase classname="ptolemy.util.test.junit.AutoTests" name="[112] /home/travis/build/icyphy/ptII/ptolemy/domains/continuous/test/auto/PoissonClock2.xml (RunModel)" time="0.013" />
  <testcase classname="ptolemy.util.test.junit.AutoTests" name="[113] /home/travis/build/icyphy/ptII/ptolemy/domains/continuous/test/auto/PortParameterHierarchy.xml (RunModel)" time="0.025" />
  <testcase classname="ptolemy.util.test.junit.AutoTests" name="[114] /home/travis/build/icyphy/ptII/ptolemy/domains/continuous/test/auto/RandomHybridPlant.xml (RunModel)" time="0.585" />
  <testcase classname="ptolemy.util.test.junit.AutoTests" name="[115] /home/travis/build/icyphy/ptII/ptolemy/domains/continuous/test/auto/ResetTransitionWithStartTime1.xml (RunModel)" time="0.03" />
  <testcase classname="ptolemy.util.test.junit.AutoTests" name="[116] /home/travis/build/icyphy/ptII/ptolemy/domains/continuous/test/auto/ResetTransitionWithStartTime2.xml (RunModel)" time="0.031" />
  <testcase classname="ptolemy.util.test.junit.AutoTests" name="[117] /home/travis/build/icyphy/ptII/ptolemy/domains/continuous/test/auto/ResetTransitionWithStartTime3.xml (RunModel)" time="0.042" />
  <testcase classname="ptolemy.util.test.junit.AutoTests" name="[118] /home/travis/build/icyphy/ptII/ptolemy/domains/continuous/test/auto/ResetTransitionWithStartTime4.xml (RunModel)" time="0.025" />
  <testcase classname="ptolemy.util.test.junit.AutoTests" name="[119] /home/travis/build/icyphy/ptII/ptolemy/domains/continuous/test/auto/ResetTransitionWithStartTime5.xml (RunModel)" time="0.029" />
  <testcase classname="ptolemy.util.test.junit.AutoTests" name="[120] /home/travis/build/icyphy/ptII/ptolemy/domains/continuous/test/auto/ResetTransitionWithStartTime6.xml (RunModel)" time="0.029" />
  <testcase classname="ptolemy.util.test.junit.AutoTests" name="[121] /home/travis/build/icyphy/ptII/ptolemy/domains/continuous/test/auto/SRinContinuous.xml (RunModel)" time="0.02" />
  <testcase classname="ptolemy.util.test.junit.AutoTests" name="[122] /home/travis/build/icyphy/ptII/ptolemy/domains/continuous/test/auto/SampledClocks.xml (RunModel)" time="0.029" />
  <testcase classname="ptolemy.util.test.junit.AutoTests" name="[123] /home/travis/build/icyphy/ptII/ptolemy/domains/continuous/test/auto/Satellite.xml (RunModel)" time="0.642" />
  <testcase classname="ptolemy.util.test.junit.AutoTests" name="[124] /home/travis/build/icyphy/ptII/ptolemy/domains/continuous/test/auto/SigmaDelta.xml (RunModel)" time="2.079" />
  <testcase classname="ptolemy.util.test.junit.AutoTests" name="[125] /home/travis/build/icyphy/ptII/ptolemy/domains/continuous/test/auto/SingleRefinement.xml (RunModel)" time="0.423" />
  <testcase classname="ptolemy.util.test.junit.AutoTests" name="[126] /home/travis/build/icyphy/ptII/ptolemy/domains/continuous/test/auto/SinuBouncingBall.xml (RunModel)" time="0.925" />
  <testcase classname="ptolemy.util.test.junit.AutoTests" name="[127] /home/travis/build/icyphy/ptII/ptolemy/domains/continuous/test/auto/Sinusoid.xml (RunModel)" time="0.021" />
  <testcase classname="ptolemy.util.test.junit.AutoTests" name="[128] /home/travis/build/icyphy/ptII/ptolemy/domains/continuous/test/auto/SinusoidInNoise.xml (RunModel)" time="0.997" />
  <testcase classname="ptolemy.util.test.junit.AutoTests" name="[129] /home/travis/build/icyphy/ptII/ptolemy/domains/continuous/test/auto/SinusoidRK45.xml (RunModel)" time="0.011" />
  <testcase classname="ptolemy.util.test.junit.AutoTests" name="[130] /home/travis/build/icyphy/ptII/ptolemy/domains/continuous/test/auto/SinusoidWithMultipleImpulses.xml (RunModel)" time="0.015" />
  <testcase classname="ptolemy.util.test.junit.AutoTests" name="[131] /home/travis/build/icyphy/ptII/ptolemy/domains/continuous/test/auto/SquareWave.xml (RunModel)" time="0.173" />
  <testcase classname="ptolemy.util.test.junit.AutoTests" name="[132] /home/travis/build/icyphy/ptII/ptolemy/domains/continuous/test/auto/Starmac.xml (RunModel)" time="3.394" />
  <testcase classname="ptolemy.util.test.junit.AutoTests" name="[133] /home/travis/build/icyphy/ptII/ptolemy/domains/continuous/test/auto/StaticUnits.xml (RunModel)" time="2.357" />
  <testcase classname="ptolemy.util.test.junit.AutoTests" name="[134] /home/travis/build/icyphy/ptII/ptolemy/domains/continuous/test/auto/StickyMasses.xml (RunModel)" time="0.202" />
  <testcase classname="ptolemy.util.test.junit.AutoTests" name="[135] /home/travis/build/icyphy/ptII/ptolemy/domains/continuous/test/auto/StopTime.xml (RunModel)" time="0.064" />
  <testcase classname="ptolemy.util.test.junit.AutoTests" name="[136] /home/travis/build/icyphy/ptII/ptolemy/domains/continuous/test/auto/StopTime2.xml (RunModel)" time="0.054" />
  <testcase classname="ptolemy.util.test.junit.AutoTests" name="[137] /home/travis/build/icyphy/ptII/ptolemy/domains/continuous/test/auto/Switch.xml (RunModel)" time="0.064" />
  <testcase classname="ptolemy.util.test.junit.AutoTests" name="[138] /home/travis/build/icyphy/ptII/ptolemy/domains/continuous/test/auto/Thermostat.xml (RunModel)" time="0.22" />
  <testcase classname="ptolemy.util.test.junit.AutoTests" name="[139] /home/travis/build/icyphy/ptII/ptolemy/domains/continuous/test/auto/TimeDelay.xml (RunModel)" time="0.013" />
  <testcase classname="ptolemy.util.test.junit.AutoTests" name="[140] /home/travis/build/icyphy/ptII/ptolemy/domains/continuous/test/auto/TimeDelay2.xml (RunModel)" time="0.028" />
  <testcase classname="ptolemy.util.test.junit.AutoTests" name="[141] /home/travis/build/icyphy/ptII/ptolemy/domains/continuous/test/auto/TimeDelay3.xml (RunModel)" time="0.013" />
  <testcase classname="ptolemy.util.test.junit.AutoTests" name="[142] /home/travis/build/icyphy/ptII/ptolemy/domains/continuous/test/auto/TransferAbsentToInside.xml (RunModel)" time="0.096" />
  <testcase classname="ptolemy.util.test.junit.AutoTests" name="[143] /home/travis/build/icyphy/ptII/ptolemy/domains/continuous/test/auto/Transmission.xml (RunModel)" time="0.82" />
  <testcase classname="ptolemy.util.test.junit.AutoTests" name="[144] /home/travis/build/icyphy/ptII/ptolemy/domains/continuous/test/auto/TriggeredContinuousClock.xml (RunModel)" time="0.068" />
  <testcase classname="ptolemy.util.test.junit.AutoTests" name="[145] /home/travis/build/icyphy/ptII/ptolemy/domains/continuous/test/auto/TwoMachineInfiniteBusControl.xml (RunModel)" time="2.394" />
  <testcase classname="ptolemy.util.test.junit.AutoTests" name="[146] /home/travis/build/icyphy/ptII/ptolemy/domains/continuous/test/auto/V2V.xml (RunModel)" time="0.671" />
  <testcase classname="ptolemy.util.test.junit.AutoTests" name="[147] /home/travis/build/icyphy/ptII/ptolemy/domains/continuous/test/auto/hierarchicalModalModel.xml (RunModel)" time="0.026" />
  <testcase classname="ptolemy.util.test.junit.AutoTests" name="[148] /home/travis/build/icyphy/ptII/ptolemy/domains/continuous/test/auto/hierarchicalModalModel1.xml (RunModel)" time="0.026" />
  <testcase classname="ptolemy.util.test.junit.AutoTests" name="[149] /home/travis/build/icyphy/ptII/ptolemy/domains/continuous/test/auto/hierarchicalModalModel2.xml (RunModel)" time="0.023" />
  <testcase classname="ptolemy.util.test.junit.AutoTests" name="[150] /home/travis/build/icyphy/ptII/ptolemy/domains/continuous/test/auto/hierarchicalModalModel3.xml (RunModel)" time="0.019" />
  <testcase classname="ptolemy.util.test.junit.AutoTests" name="[151] /home/travis/build/icyphy/ptII/ptolemy/domains/continuous/test/auto/hierarchicalModalModel4.xml (RunModel)" time="0.022" />
  <testcase classname="ptolemy.util.test.junit.AutoTests" name="[152] /home/travis/build/icyphy/ptII/ptolemy/domains/continuous/test/auto/junk.xml (RunModel)" time="0.117" />
  <system-out><![CDATA[No tcl tests in /home/travis/build/icyphy/ptII/ptolemy/domains/continuous/test
No auto/knownFailedTests/*.xml tests in /home/travis/build/icyphy/ptII/ptolemy/domains/continuous/test
No auto/linux-amd64/*.xml tests in /home/travis/build/icyphy/ptII/ptolemy/domains/continuous/test
AutoTests.java: About to close Vertx.
AutoTests.java: Vertx closed.

===========================================================================================
----------------- testing Thu Jan 02 06:32:43 UTC 2020 /home/travis/build/icyphy/ptII/ptolemy/domains/continuous/test/auto/BouncingBall.xml
----------------- Instantiating /home/travis/build/icyphy/ptII/ptolemy/domains/continuous/test/auto/BouncingBall.xml
2521 ms. Memory: 129024K Free: 68806K (53%)
----------------- Invoking toplevel() on ptolemy.moml.MoMLSimpleApplication@69f8f361
----------------- Done invoking toplevel() on ptolemy.moml.MoMLSimpleApplication@69f8f361
reloadAllAccessors: .BouncingBall

===========================================================================================
----------------- testing Thu Jan 02 06:32:46 UTC 2020 /home/travis/build/icyphy/ptII/ptolemy/domains/continuous/test/auto/BouncingBallWithoutGR.xml
----------------- Instantiating /home/travis/build/icyphy/ptII/ptolemy/domains/continuous/test/auto/BouncingBallWithoutGR.xml
819 ms. Memory: 155648K Free: 67259K (43%)
----------------- Invoking toplevel() on ptolemy.moml.MoMLSimpleApplication@54d52d3f
----------------- Done invoking toplevel() on ptolemy.moml.MoMLSimpleApplication@54d52d3f
reloadAllAccessors: .BouncingBallWithoutGR

===========================================================================================
----------------- testing Thu Jan 02 06:32:47 UTC 2020 /home/travis/build/icyphy/ptII/ptolemy/domains/continuous/test/auto/Brownian.xml
----------------- Instantiating /home/travis/build/icyphy/ptII/ptolemy/domains/continuous/test/auto/Brownian.xml
26 ms. Memory: 155648K Free: 58553K (38%)
----------------- Invoking toplevel() on ptolemy.moml.MoMLSimpleApplication@6946331c
----------------- Done invoking toplevel() on ptolemy.moml.MoMLSimpleApplication@6946331c
reloadAllAccessors: .Brownian

===========================================================================================
----------------- testing Thu Jan 02 06:32:47 UTC 2020 /home/travis/build/icyphy/ptII/ptolemy/domains/continuous/test/auto/CarTracking.xml
----------------- Instantiating /home/travis/build/icyphy/ptII/ptolemy/domains/continuous/test/auto/CarTracking.xml
3747 ms. Memory: 225280K Free: 206064K (91%)
----------------- Invoking toplevel() on ptolemy.moml.MoMLSimpleApplication@76975741
----------------- Done invoking toplevel() on ptolemy.moml.MoMLSimpleApplication@76975741
reloadAllAccessors: .CarTracking

===========================================================================================
----------------- testing Thu Jan 02 06:32:51 UTC 2020 /home/travis/build/icyphy/ptII/ptolemy/domains/continuous/test/auto/CartPendulum.xml
----------------- Instantiating /home/travis/build/icyphy/ptII/ptolemy/domains/continuous/test/auto/CartPendulum.xml
421 ms. Memory: 225280K Free: 114432K (51%)
----------------- Invoking toplevel() on ptolemy.moml.MoMLSimpleApplication@1b6082de
----------------- Done invoking toplevel() on ptolemy.moml.MoMLSimpleApplication@1b6082de
reloadAllAccessors: .CartPendulum

===========================================================================================
----------------- testing Thu Jan 02 06:32:52 UTC 2020 /home/travis/build/icyphy/ptII/ptolemy/domains/continuous/test/auto/CausalityInterface10.xml
----------------- Instantiating /home/travis/build/icyphy/ptII/ptolemy/domains/continuous/test/auto/CausalityInterface10.xml
11 ms. Memory: 225280K Free: 104192K (46%)
----------------- Invoking toplevel() on ptolemy.moml.MoMLSimpleApplication@482ae570
----------------- Done invoking toplevel() on ptolemy.moml.MoMLSimpleApplication@482ae570
reloadAllAccessors: .CausalityInterface10

===========================================================================================
----------------- testing Thu Jan 02 06:32:52 UTC 2020 /home/travis/build/icyphy/ptII/ptolemy/domains/continuous/test/auto/CausalityInterface11.xml
----------------- Instantiating /home/travis/build/icyphy/ptII/ptolemy/domains/continuous/test/auto/CausalityInterface11.xml
7 ms. Memory: 225280K Free: 98048K (44%)
----------------- Invoking toplevel() on ptolemy.moml.MoMLSimpleApplication@6b15bac6
----------------- Done invoking toplevel() on ptolemy.moml.MoMLSimpleApplication@6b15bac6
reloadAllAccessors: .CausalityInterface11

===========================================================================================
----------------- testing Thu Jan 02 06:32:52 UTC 2020 /home/travis/build/icyphy/ptII/ptolemy/domains/continuous/test/auto/CausalityInterface12.xml
----------------- Instantiating /home/travis/build/icyphy/ptII/ptolemy/domains/continuous/test/auto/CausalityInterface12.xml
10 ms. Memory: 225280K Free: 91904K (41%)
----------------- Invoking toplevel() on ptolemy.moml.MoMLSimpleApplication@799cbb1
----------------- Done invoking toplevel() on ptolemy.moml.MoMLSimpleApplication@799cbb1
reloadAllAccessors: .CausalityInterface12

===========================================================================================
----------------- testing Thu Jan 02 06:32:52 UTC 2020 /home/travis/build/icyphy/ptII/ptolemy/domains/continuous/test/auto/CausalityInterface13.xml
----------------- Instantiating /home/travis/build/icyphy/ptII/ptolemy/domains/continuous/test/auto/CausalityInterface13.xml
7 ms. Memory: 225280K Free: 85760K (38%)
----------------- Invoking toplevel() on ptolemy.moml.MoMLSimpleApplication@485bb225
----------------- Done invoking toplevel() on ptolemy.moml.MoMLSimpleApplication@485bb225
reloadAllAccessors: .CausalityInterface13

===========================================================================================
----------------- testing Thu Jan 02 06:32:52 UTC 2020 /home/travis/build/icyphy/ptII/ptolemy/domains/continuous/test/auto/CausalityInterface14.xml
----------------- Instantiating /home/travis/build/icyphy/ptII/ptolemy/domains/continuous/test/auto/CausalityInterface14.xml
6 ms. Memory: 225280K Free: 80112K (36%)
----------------- Invoking toplevel() on ptolemy.moml.MoMLSimpleApplication@41517894
----------------- Done invoking toplevel() on ptolemy.moml.MoMLSimpleApplication@41517894
reloadAllAccessors: .CausalityInterface14

===========================================================================================
----------------- testing Thu Jan 02 06:32:52 UTC 2020 /home/travis/build/icyphy/ptII/ptolemy/domains/continuous/test/auto/CausalityInterface4.xml
----------------- Instantiating /home/travis/build/icyphy/ptII/ptolemy/domains/continuous/test/auto/CausalityInterface4.xml
5 ms. Memory: 225280K Free: 206095K (91%)
----------------- Invoking toplevel() on ptolemy.moml.MoMLSimpleApplication@64916712
----------------- Done invoking toplevel() on ptolemy.moml.MoMLSimpleApplication@64916712
reloadAllAccessors: .CausalityInterface4

===========================================================================================
----------------- testing Thu Jan 02 06:32:52 UTC 2020 /home/travis/build/icyphy/ptII/ptolemy/domains/continuous/test/auto/CausalityInterface5.xml
----------------- Instantiating /home/travis/build/icyphy/ptII/ptolemy/domains/continuous/test/auto/CausalityInterface5.xml
7 ms. Memory: 225280K Free: 197389K (88%)
----------------- Invoking toplevel() on ptolemy.moml.MoMLSimpleApplication@713b53e0
----------------- Done invoking toplevel() on ptolemy.moml.MoMLSimpleApplication@713b53e0
reloadAllAccessors: .CausalityInterface5

===========================================================================================
----------------- testing Thu Jan 02 06:32:52 UTC 2020 /home/travis/build/icyphy/ptII/ptolemy/domains/continuous/test/auto/CausalityInterface6.xml
----------------- Instantiating /home/travis/build/icyphy/ptII/ptolemy/domains/continuous/test/auto/CausalityInterface6.xml
7 ms. Memory: 225280K Free: 191759K (85%)
----------------- Invoking toplevel() on ptolemy.moml.MoMLSimpleApplication@59ff43e7
----------------- Done invoking toplevel() on ptolemy.moml.MoMLSimpleApplication@59ff43e7
reloadAllAccessors: .CausalityInterface6

===========================================================================================
----------------- testing Thu Jan 02 06:32:52 UTC 2020 /home/travis/build/icyphy/ptII/ptolemy/domains/continuous/test/auto/CausalityInterface7.xml
----------------- Instantiating /home/travis/build/icyphy/ptII/ptolemy/domains/continuous/test/auto/CausalityInterface7.xml
10 ms. Memory: 225280K Free: 183053K (81%)
----------------- Invoking toplevel() on ptolemy.moml.MoMLSimpleApplication@4138af9b
----------------- Done invoking toplevel() on ptolemy.moml.MoMLSimpleApplication@4138af9b
reloadAllAccessors: .CausalityInterface7

===========================================================================================
----------------- testing Thu Jan 02 06:32:52 UTC 2020 /home/travis/build/icyphy/ptII/ptolemy/domains/continuous/test/auto/CausalityInterface8.xml
----------------- Instantiating /home/travis/build/icyphy/ptII/ptolemy/domains/continuous/test/auto/CausalityInterface8.xml
4 ms. Memory: 225280K Free: 173837K (77%)
----------------- Invoking toplevel() on ptolemy.moml.MoMLSimpleApplication@65a4c13c
----------------- Done invoking toplevel() on ptolemy.moml.MoMLSimpleApplication@65a4c13c
reloadAllAccessors: .CausalityInterface8

===========================================================================================
----------------- testing Thu Jan 02 06:32:52 UTC 2020 /home/travis/build/icyphy/ptII/ptolemy/domains/continuous/test/auto/CausalityInterface9.xml
----------------- Instantiating /home/travis/build/icyphy/ptII/ptolemy/domains/continuous/test/auto/CausalityInterface9.xml
9 ms. Memory: 225280K Free: 163087K (72%)
----------------- Invoking toplevel() on ptolemy.moml.MoMLSimpleApplication@6448449f
----------------- Done invoking toplevel() on ptolemy.moml.MoMLSimpleApplication@6448449f
reloadAllAccessors: .CausalityInterface9

===========================================================================================
----------------- testing Thu Jan 02 06:32:53 UTC 2020 /home/travis/build/icyphy/ptII/ptolemy/domains/continuous/test/auto/CausalityInterfaceFeedback1.xml
----------------- Instantiating /home/travis/build/icyphy/ptII/ptolemy/domains/continuous/test/auto/CausalityInterfaceFeedback1.xml
7 ms. Memory: 225280K Free: 156414K (69%)
----------------- Invoking toplevel() on ptolemy.moml.MoMLSimpleApplication@5bae42af
----------------- Done invoking toplevel() on ptolemy.moml.MoMLSimpleApplication@5bae42af
reloadAllAccessors: .CausalityInterfaceFeedback1

===========================================================================================
----------------- testing Thu Jan 02 06:32:53 UTC 2020 /home/travis/build/icyphy/ptII/ptolemy/domains/continuous/test/auto/CausalityInterfaceFeedback2.xml
----------------- Instantiating /home/travis/build/icyphy/ptII/ptolemy/domains/continuous/test/auto/CausalityInterfaceFeedback2.xml
6 ms. Memory: 225280K Free: 149775K (66%)
----------------- Invoking toplevel() on ptolemy.moml.MoMLSimpleApplication@782b9385
----------------- Done invoking toplevel() on ptolemy.moml.MoMLSimpleApplication@782b9385
reloadAllAccessors: .CausalityInterfaceFeedback2

===========================================================================================
----------------- testing Thu Jan 02 06:32:53 UTC 2020 /home/travis/build/icyphy/ptII/ptolemy/domains/continuous/test/auto/CompareWithCurrentTime.xml
----------------- Instantiating /home/travis/build/icyphy/ptII/ptolemy/domains/continuous/test/auto/CompareWithCurrentTime.xml
3 ms. Memory: 225280K Free: 145679K (65%)
----------------- Invoking toplevel() on ptolemy.moml.MoMLSimpleApplication@50759063
----------------- Done invoking toplevel() on ptolemy.moml.MoMLSimpleApplication@50759063
reloadAllAccessors: .CompareWithCurrentTime

===========================================================================================
----------------- testing Thu Jan 02 06:32:53 UTC 2020 /home/travis/build/icyphy/ptII/ptolemy/domains/continuous/test/auto/ComparedClocks.xml
----------------- Instantiating /home/travis/build/icyphy/ptII/ptolemy/domains/continuous/test/auto/ComparedClocks.xml
7 ms. Memory: 225280K Free: 131343K (58%)
----------------- Invoking toplevel() on ptolemy.moml.MoMLSimpleApplication@3cf8669a
----------------- Done invoking toplevel() on ptolemy.moml.MoMLSimpleApplication@3cf8669a
reloadAllAccessors: .ComparedClocks

===========================================================================================
----------------- testing Thu Jan 02 06:32:53 UTC 2020 /home/travis/build/icyphy/ptII/ptolemy/domains/continuous/test/auto/ContinuousAOCClone.xml
----------------- Instantiating /home/travis/build/icyphy/ptII/ptolemy/domains/continuous/test/auto/ContinuousAOCClone.xml
2367 ms. Memory: 270336K Free: 191134K (71%)
----------------- Invoking toplevel() on ptolemy.moml.MoMLSimpleApplication@5fc0827d
----------------- Done invoking toplevel() on ptolemy.moml.MoMLSimpleApplication@5fc0827d
reloadAllAccessors: .ContinuousAOCClone

===========================================================================================
----------------- testing Thu Jan 02 06:32:55 UTC 2020 /home/travis/build/icyphy/ptII/ptolemy/domains/continuous/test/auto/ContinuousClock.xml
----------------- Instantiating /home/travis/build/icyphy/ptII/ptolemy/domains/continuous/test/auto/ContinuousClock.xml
29 ms. Memory: 270336K Free: 170109K (63%)
----------------- Invoking toplevel() on ptolemy.moml.MoMLSimpleApplication@39537e8d
----------------- Done invoking toplevel() on ptolemy.moml.MoMLSimpleApplication@39537e8d
reloadAllAccessors: .ContinuousClock

===========================================================================================
----------------- testing Thu Jan 02 06:32:55 UTC 2020 /home/travis/build/icyphy/ptII/ptolemy/domains/continuous/test/auto/ContinuousInContinuous.xml
----------------- Instantiating /home/travis/build/icyphy/ptII/ptolemy/domains/continuous/test/auto/ContinuousInContinuous.xml
46 ms. Memory: 270336K Free: 146557K (54%)
----------------- Invoking toplevel() on ptolemy.moml.MoMLSimpleApplication@c6fc46a
----------------- Done invoking toplevel() on ptolemy.moml.MoMLSimpleApplication@c6fc46a
reloadAllAccessors: .ContinuousInContinuous

===========================================================================================
----------------- testing Thu Jan 02 06:32:55 UTC 2020 /home/travis/build/icyphy/ptII/ptolemy/domains/continuous/test/auto/ContinuousInContinuousInContinuous.xml
----------------- Instantiating /home/travis/build/icyphy/ptII/ptolemy/domains/continuous/test/auto/ContinuousInContinuousInContinuous.xml
7 ms. Memory: 270336K Free: 138396K (51%)
----------------- Invoking toplevel() on ptolemy.moml.MoMLSimpleApplication@2d81605a
----------------- Done invoking toplevel() on ptolemy.moml.MoMLSimpleApplication@2d81605a
reloadAllAccessors: .ContinuousInContinuousInContinuous

===========================================================================================
----------------- testing Thu Jan 02 06:32:55 UTC 2020 /home/travis/build/icyphy/ptII/ptolemy/domains/continuous/test/auto/ContinuousInDE.xml
----------------- Instantiating /home/travis/build/icyphy/ptII/ptolemy/domains/continuous/test/auto/ContinuousInDE.xml
103 ms. Memory: 270336K Free: 127646K (47%)
----------------- Invoking toplevel() on ptolemy.moml.MoMLSimpleApplication@37508a3d
----------------- Done invoking toplevel() on ptolemy.moml.MoMLSimpleApplication@37508a3d
reloadAllAccessors: .ContinuousInDE

===========================================================================================
----------------- testing Thu Jan 02 06:32:56 UTC 2020 /home/travis/build/icyphy/ptII/ptolemy/domains/continuous/test/auto/ContinuousInDE2.xml
----------------- Instantiating /home/travis/build/icyphy/ptII/ptolemy/domains/continuous/test/auto/ContinuousInDE2.xml
41 ms. Memory: 270336K Free: 117916K (44%)
----------------- Invoking toplevel() on ptolemy.moml.MoMLSimpleApplication@1a3db24f
----------------- Done invoking toplevel() on ptolemy.moml.MoMLSimpleApplication@1a3db24f
reloadAllAccessors: .ContinuousInDE2

===========================================================================================
----------------- testing Thu Jan 02 06:32:56 UTC 2020 /home/travis/build/icyphy/ptII/ptolemy/domains/continuous/test/auto/ContinuousInDE3.xml
----------------- Instantiating /home/travis/build/icyphy/ptII/ptolemy/domains/continuous/test/auto/ContinuousInDE3.xml
39 ms. Memory: 270336K Free: 108190K (40%)
----------------- Invoking toplevel() on ptolemy.moml.MoMLSimpleApplication@1a8a353a
----------------- Done invoking toplevel() on ptolemy.moml.MoMLSimpleApplication@1a8a353a
reloadAllAccessors: .ContinuousInDE3

===========================================================================================
----------------- testing Thu Jan 02 06:32:56 UTC 2020 /home/travis/build/icyphy/ptII/ptolemy/domains/continuous/test/auto/ContinuousInDE4.xml
----------------- Instantiating /home/travis/build/icyphy/ptII/ptolemy/domains/continuous/test/auto/ContinuousInDE4.xml
17 ms. Memory: 270336K Free: 102046K (38%)
----------------- Invoking toplevel() on ptolemy.moml.MoMLSimpleApplication@6f95f85f
----------------- Done invoking toplevel() on ptolemy.moml.MoMLSimpleApplication@6f95f85f
reloadAllAccessors: .ContinuousInDE4

===========================================================================================
----------------- testing Thu Jan 02 06:32:56 UTC 2020 /home/travis/build/icyphy/ptII/ptolemy/domains/continuous/test/auto/ContinuousInDEDifferentRefinements.xml
----------------- Instantiating /home/travis/build/icyphy/ptII/ptolemy/domains/continuous/test/auto/ContinuousInDEDifferentRefinements.xml
66 ms. Memory: 270336K Free: 230969K (85%)
----------------- Invoking toplevel() on ptolemy.moml.MoMLSimpleApplication@64b27f80
----------------- Done invoking toplevel() on ptolemy.moml.MoMLSimpleApplication@64b27f80
reloadAllAccessors: .ContinuousInDEDifferentRefinements

===========================================================================================
----------------- testing Thu Jan 02 06:32:56 UTC 2020 /home/travis/build/icyphy/ptII/ptolemy/domains/continuous/test/auto/ContinuousInDEDifferentRefinementsPreemptive.xml
----------------- Instantiating /home/travis/build/icyphy/ptII/ptolemy/domains/continuous/test/auto/ContinuousInDEDifferentRefinementsPreemptive.xml
45 ms. Memory: 270336K Free: 200249K (74%)
----------------- Invoking toplevel() on ptolemy.moml.MoMLSimpleApplication@74d3d4dc
----------------- Done invoking toplevel() on ptolemy.moml.MoMLSimpleApplication@74d3d4dc
reloadAllAccessors: .ContinuousInDEDifferentRefinementsPreemptive

===========================================================================================
----------------- testing Thu Jan 02 06:32:56 UTC 2020 /home/travis/build/icyphy/ptII/ptolemy/domains/continuous/test/auto/ContinuousInDEInContinuous2.xml
----------------- Instantiating /home/travis/build/icyphy/ptII/ptolemy/domains/continuous/test/auto/ContinuousInDEInContinuous2.xml
32 ms. Memory: 270336K Free: 188985K (70%)
----------------- Invoking toplevel() on ptolemy.moml.MoMLSimpleApplication@ababe33
----------------- Done invoking toplevel() on ptolemy.moml.MoMLSimpleApplication@ababe33
reloadAllAccessors: .ContinuousInDEInContinuous2

===========================================================================================
----------------- testing Thu Jan 02 06:32:56 UTC 2020 /home/travis/build/icyphy/ptII/ptolemy/domains/continuous/test/auto/ContinuousInDEInContinuous3.xml
----------------- Instantiating /home/travis/build/icyphy/ptII/ptolemy/domains/continuous/test/auto/ContinuousInDEInContinuous3.xml
30 ms. Memory: 270336K Free: 177207K (66%)
----------------- Invoking toplevel() on ptolemy.moml.MoMLSimpleApplication@5e7c4fc4
----------------- Done invoking toplevel() on ptolemy.moml.MoMLSimpleApplication@5e7c4fc4
reloadAllAccessors: .ContinuousInDEInContinuous3

===========================================================================================
----------------- testing Thu Jan 02 06:32:56 UTC 2020 /home/travis/build/icyphy/ptII/ptolemy/domains/continuous/test/auto/ContinuousInDEInput.xml
----------------- Instantiating /home/travis/build/icyphy/ptII/ptolemy/domains/continuous/test/auto/ContinuousInDEInput.xml
15 ms. Memory: 270336K Free: 170039K (63%)
----------------- Invoking toplevel() on ptolemy.moml.MoMLSimpleApplication@15adf8e5
----------------- Done invoking toplevel() on ptolemy.moml.MoMLSimpleApplication@15adf8e5
reloadAllAccessors: .ContinuousInDEInput

===========================================================================================
----------------- testing Thu Jan 02 06:32:56 UTC 2020 /home/travis/build/icyphy/ptII/ptolemy/domains/continuous/test/auto/ContinuousInDEInput2.xml
----------------- Instantiating /home/travis/build/icyphy/ptII/ptolemy/domains/continuous/test/auto/ContinuousInDEInput2.xml
12 ms. Memory: 270336K Free: 162871K (60%)
----------------- Invoking toplevel() on ptolemy.moml.MoMLSimpleApplication@51c575cf
----------------- Done invoking toplevel() on ptolemy.moml.MoMLSimpleApplication@51c575cf
reloadAllAccessors: .ContinuousInDEInput2

===========================================================================================
----------------- testing Thu Jan 02 06:32:56 UTC 2020 /home/travis/build/icyphy/ptII/ptolemy/domains/continuous/test/auto/ContinuousInDEInput3.xml
----------------- Instantiating /home/travis/build/icyphy/ptII/ptolemy/domains/continuous/test/auto/ContinuousInDEInput3.xml
12 ms. Memory: 270336K Free: 155703K (58%)
----------------- Invoking toplevel() on ptolemy.moml.MoMLSimpleApplication@6c40e7e9
----------------- Done invoking toplevel() on ptolemy.moml.MoMLSimpleApplication@6c40e7e9
reloadAllAccessors: .ContinuousInDEInput3

===========================================================================================
----------------- testing Thu Jan 02 06:32:56 UTC 2020 /home/travis/build/icyphy/ptII/ptolemy/domains/continuous/test/auto/ContinuousInDESharingRefinement.xml
----------------- Instantiating /home/travis/build/icyphy/ptII/ptolemy/domains/continuous/test/auto/ContinuousInDESharingRefinement.xml
190 ms. Memory: 270336K Free: 221994K (82%)
----------------- Invoking toplevel() on ptolemy.moml.MoMLSimpleApplication@51504b45
----------------- Done invoking toplevel() on ptolemy.moml.MoMLSimpleApplication@51504b45
reloadAllAccessors: .ContinuousInDESharingRefinement

===========================================================================================
----------------- testing Thu Jan 02 06:32:56 UTC 2020 /home/travis/build/icyphy/ptII/ptolemy/domains/continuous/test/auto/ContinuousInDEwithNoPorts.xml
----------------- Instantiating /home/travis/build/icyphy/ptII/ptolemy/domains/continuous/test/auto/ContinuousInDEwithNoPorts.xml
4 ms. Memory: 270336K Free: 217402K (80%)
----------------- Invoking toplevel() on ptolemy.moml.MoMLSimpleApplication@68e1ed2c
----------------- Done invoking toplevel() on ptolemy.moml.MoMLSimpleApplication@68e1ed2c
reloadAllAccessors: .ContinuousInDEwithNoPorts

===========================================================================================
----------------- testing Thu Jan 02 06:32:56 UTC 2020 /home/travis/build/icyphy/ptII/ptolemy/domains/continuous/test/auto/ContinuousInsideDE.xml
----------------- Instantiating /home/travis/build/icyphy/ptII/ptolemy/domains/continuous/test/auto/ContinuousInsideDE.xml
34 ms. Memory: 270336K Free: 206138K (76%)
----------------- Invoking toplevel() on ptolemy.moml.MoMLSimpleApplication@68465669
----------------- Done invoking toplevel() on ptolemy.moml.MoMLSimpleApplication@68465669
reloadAllAccessors: .ContinuousInsideDE

===========================================================================================
----------------- testing Thu Jan 02 06:32:56 UTC 2020 /home/travis/build/icyphy/ptII/ptolemy/domains/continuous/test/auto/ContinuousMerge1.xml
----------------- Instantiating /home/travis/build/icyphy/ptII/ptolemy/domains/continuous/test/auto/ContinuousMerge1.xml
3 ms. Memory: 270336K Free: 201528K (75%)
----------------- Invoking toplevel() on ptolemy.moml.MoMLSimpleApplication@49fa14d9
----------------- Done invoking toplevel() on ptolemy.moml.MoMLSimpleApplication@49fa14d9
reloadAllAccessors: .ContinuousMerge1

===========================================================================================
----------------- testing Thu Jan 02 06:32:56 UTC 2020 /home/travis/build/icyphy/ptII/ptolemy/domains/continuous/test/auto/ContinuousMerge2.xml
----------------- Instantiating /home/travis/build/icyphy/ptII/ptolemy/domains/continuous/test/auto/ContinuousMerge2.xml
18 ms. Memory: 270336K Free: 191288K (71%)
----------------- Invoking toplevel() on ptolemy.moml.MoMLSimpleApplication@1bffc3fb
----------------- Done invoking toplevel() on ptolemy.moml.MoMLSimpleApplication@1bffc3fb
reloadAllAccessors: .ContinuousMerge2

===========================================================================================
----------------- testing Thu Jan 02 06:32:57 UTC 2020 /home/travis/build/icyphy/ptII/ptolemy/domains/continuous/test/auto/ContinuousMerge3.xml
----------------- Instantiating /home/travis/build/icyphy/ptII/ptolemy/domains/continuous/test/auto/ContinuousMerge3.xml
45 ms. Memory: 270336K Free: 180538K (67%)
----------------- Invoking toplevel() on ptolemy.moml.MoMLSimpleApplication@5943e264
----------------- Done invoking toplevel() on ptolemy.moml.MoMLSimpleApplication@5943e264
reloadAllAccessors: .ContinuousMerge3

===========================================================================================
----------------- testing Thu Jan 02 06:32:57 UTC 2020 /home/travis/build/icyphy/ptII/ptolemy/domains/continuous/test/auto/ContinuousWithinContinuous.xml
----------------- Instantiating /home/travis/build/icyphy/ptII/ptolemy/domains/continuous/test/auto/ContinuousWithinContinuous.xml
40 ms. Memory: 270336K Free: 170808K (63%)
----------------- Invoking toplevel() on ptolemy.moml.MoMLSimpleApplication@4d0842fd
----------------- Done invoking toplevel() on ptolemy.moml.MoMLSimpleApplication@4d0842fd
reloadAllAccessors: .ContinuousWithinContinuous

===========================================================================================
----------------- testing Thu Jan 02 06:32:57 UTC 2020 /home/travis/build/icyphy/ptII/ptolemy/domains/continuous/test/auto/ContinuousWithinContinuous2.xml
----------------- Instantiating /home/travis/build/icyphy/ptII/ptolemy/domains/continuous/test/auto/ContinuousWithinContinuous2.xml
75 ms. Memory: 270336K Free: 160058K (59%)
----------------- Invoking toplevel() on ptolemy.moml.MoMLSimpleApplication@28960f3a
----------------- Done invoking toplevel() on ptolemy.moml.MoMLSimpleApplication@28960f3a
reloadAllAccessors: .ContinuousWithinContinuous2

===========================================================================================
----------------- testing Thu Jan 02 06:32:57 UTC 2020 /home/travis/build/icyphy/ptII/ptolemy/domains/continuous/test/auto/ContinuousWithinContinuous3.xml
----------------- Instantiating /home/travis/build/icyphy/ptII/ptolemy/domains/continuous/test/auto/ContinuousWithinContinuous3.xml
13 ms. Memory: 270336K Free: 152890K (57%)
----------------- Invoking toplevel() on ptolemy.moml.MoMLSimpleApplication@2fcf9af
----------------- Done invoking toplevel() on ptolemy.moml.MoMLSimpleApplication@2fcf9af
reloadAllAccessors: .ContinuousWithinContinuous3

===========================================================================================
----------------- testing Thu Jan 02 06:32:57 UTC 2020 /home/travis/build/icyphy/ptII/ptolemy/domains/continuous/test/auto/ContinuousWithinContinuous4.xml
----------------- Instantiating /home/travis/build/icyphy/ptII/ptolemy/domains/continuous/test/auto/ContinuousWithinContinuous4.xml
71 ms. Memory: 270336K Free: 140602K (52%)
----------------- Invoking toplevel() on ptolemy.moml.MoMLSimpleApplication@4620047d
----------------- Done invoking toplevel() on ptolemy.moml.MoMLSimpleApplication@4620047d
reloadAllAccessors: .ContinuousWithinContinuous4

===========================================================================================
----------------- testing Thu Jan 02 06:32:57 UTC 2020 /home/travis/build/icyphy/ptII/ptolemy/domains/continuous/test/auto/ContinuousWithinContinuous5.xml
----------------- Instantiating /home/travis/build/icyphy/ptII/ptolemy/domains/continuous/test/auto/ContinuousWithinContinuous5.xml
12 ms. Memory: 270336K Free: 133434K (49%)
----------------- Invoking toplevel() on ptolemy.moml.MoMLSimpleApplication@2c3acca9
----------------- Done invoking toplevel() on ptolemy.moml.MoMLSimpleApplication@2c3acca9
reloadAllAccessors: .ContinuousWithinContinuous5

===========================================================================================
----------------- testing Thu Jan 02 06:32:57 UTC 2020 /home/travis/build/icyphy/ptII/ptolemy/domains/continuous/test/auto/ContinuousWithinContinuous6.xml
----------------- Instantiating /home/travis/build/icyphy/ptII/ptolemy/domains/continuous/test/auto/ContinuousWithinContinuous6.xml
11 ms. Memory: 270336K Free: 126776K (47%)
----------------- Invoking toplevel() on ptolemy.moml.MoMLSimpleApplication@1e9191ff
----------------- Done invoking toplevel() on ptolemy.moml.MoMLSimpleApplication@1e9191ff
reloadAllAccessors: .ContinuousWithinContinuous6

===========================================================================================
----------------- testing Thu Jan 02 06:32:57 UTC 2020 /home/travis/build/icyphy/ptII/ptolemy/domains/continuous/test/auto/ContinuousWithinContinuous7.xml
----------------- Instantiating /home/travis/build/icyphy/ptII/ptolemy/domains/continuous/test/auto/ContinuousWithinContinuous7.xml
58 ms. Memory: 270336K Free: 115512K (43%)
----------------- Invoking toplevel() on ptolemy.moml.MoMLSimpleApplication@4a92b773
----------------- Done invoking toplevel() on ptolemy.moml.MoMLSimpleApplication@4a92b773
reloadAllAccessors: .ContinuousWithinContinuous7

===========================================================================================
----------------- testing Thu Jan 02 06:32:57 UTC 2020 /home/travis/build/icyphy/ptII/ptolemy/domains/continuous/test/auto/DCMotor.xml
----------------- Instantiating /home/travis/build/icyphy/ptII/ptolemy/domains/continuous/test/auto/DCMotor.xml
14096 ms. Memory: 270336K Free: 252218K (93%)
----------------- Invoking toplevel() on ptolemy.moml.MoMLSimpleApplication@3eb452b0
----------------- Done invoking toplevel() on ptolemy.moml.MoMLSimpleApplication@3eb452b0
reloadAllAccessors: .DCMotor

===========================================================================================
----------------- testing Thu Jan 02 06:33:11 UTC 2020 /home/travis/build/icyphy/ptII/ptolemy/domains/continuous/test/auto/DEInContinuous.xml
----------------- Instantiating /home/travis/build/icyphy/ptII/ptolemy/domains/continuous/test/auto/DEInContinuous.xml
8 ms. Memory: 270336K Free: 246088K (91%)
----------------- Invoking toplevel() on ptolemy.moml.MoMLSimpleApplication@6980d069
----------------- Done invoking toplevel() on ptolemy.moml.MoMLSimpleApplication@6980d069
reloadAllAccessors: .DEInContinuous

===========================================================================================
----------------- testing Thu Jan 02 06:33:11 UTC 2020 /home/travis/build/icyphy/ptII/ptolemy/domains/continuous/test/auto/DEinContinuous2.xml
----------------- Instantiating /home/travis/build/icyphy/ptII/ptolemy/domains/continuous/test/auto/DEinContinuous2.xml
5 ms. Memory: 270336K Free: 238410K (88%)
----------------- Invoking toplevel() on ptolemy.moml.MoMLSimpleApplication@58024f3d
----------------- Done invoking toplevel() on ptolemy.moml.MoMLSimpleApplication@58024f3d
reloadAllAccessors: .DEinContinuous2

===========================================================================================
----------------- testing Thu Jan 02 06:33:11 UTC 2020 /home/travis/build/icyphy/ptII/ptolemy/domains/continuous/test/auto/Derivative.xml
----------------- Instantiating /home/travis/build/icyphy/ptII/ptolemy/domains/continuous/test/auto/Derivative.xml
131 ms. Memory: 270336K Free: 208714K (77%)
----------------- Invoking toplevel() on ptolemy.moml.MoMLSimpleApplication@7a9cd3a5
----------------- Done invoking toplevel() on ptolemy.moml.MoMLSimpleApplication@7a9cd3a5
reloadAllAccessors: .Derivative2

===========================================================================================
----------------- testing Thu Jan 02 06:33:11 UTC 2020 /home/travis/build/icyphy/ptII/ptolemy/domains/continuous/test/auto/Derivative1.xml
----------------- Instantiating /home/travis/build/icyphy/ptII/ptolemy/domains/continuous/test/auto/Derivative1.xml
26 ms. Memory: 270336K Free: 194378K (72%)
----------------- Invoking toplevel() on ptolemy.moml.MoMLSimpleApplication@5e327605
----------------- Done invoking toplevel() on ptolemy.moml.MoMLSimpleApplication@5e327605
reloadAllAccessors: .Derivative1

===========================================================================================
----------------- testing Thu Jan 02 06:33:11 UTC 2020 /home/travis/build/icyphy/ptII/ptolemy/domains/continuous/test/auto/DiscreteClock.xml
----------------- Instantiating /home/travis/build/icyphy/ptII/ptolemy/domains/continuous/test/auto/DiscreteClock.xml
4 ms. Memory: 270336K Free: 189258K (70%)
----------------- Invoking toplevel() on ptolemy.moml.MoMLSimpleApplication@55462ea1
----------------- Done invoking toplevel() on ptolemy.moml.MoMLSimpleApplication@55462ea1
reloadAllAccessors: .DiscreteClock

===========================================================================================
----------------- testing Thu Jan 02 06:33:11 UTC 2020 /home/travis/build/icyphy/ptII/ptolemy/domains/continuous/test/auto/EfficiencyCurve.xml
----------------- Instantiating /home/travis/build/icyphy/ptII/ptolemy/domains/continuous/test/auto/EfficiencyCurve.xml
55 ms. Memory: 270336K Free: 180042K (67%)
----------------- Invoking toplevel() on ptolemy.moml.MoMLSimpleApplication@7c37b127
----------------- Done invoking toplevel() on ptolemy.moml.MoMLSimpleApplication@7c37b127
reloadAllAccessors: .EfficiencyCurve

===========================================================================================
----------------- testing Thu Jan 02 06:33:12 UTC 2020 /home/travis/build/icyphy/ptII/ptolemy/domains/continuous/test/auto/ExponentialResponse.xml
----------------- Instantiating /home/travis/build/icyphy/ptII/ptolemy/domains/continuous/test/auto/ExponentialResponse.xml
100 ms. Memory: 270336K Free: 164682K (61%)
----------------- Invoking toplevel() on ptolemy.moml.MoMLSimpleApplication@42090140
----------------- Done invoking toplevel() on ptolemy.moml.MoMLSimpleApplication@42090140
reloadAllAccessors: .ExponentialResponse

===========================================================================================
----------------- testing Thu Jan 02 06:33:12 UTC 2020 /home/travis/build/icyphy/ptII/ptolemy/domains/continuous/test/auto/ExponentialResponseRK45.xml
----------------- Instantiating /home/travis/build/icyphy/ptII/ptolemy/domains/continuous/test/auto/ExponentialResponseRK45.xml
24 ms. Memory: 270336K Free: 158024K (58%)
----------------- Invoking toplevel() on ptolemy.moml.MoMLSimpleApplication@582d5be1
----------------- Done invoking toplevel() on ptolemy.moml.MoMLSimpleApplication@582d5be1
reloadAllAccessors: .ExponentialResponseRK45

===========================================================================================
----------------- testing Thu Jan 02 06:33:12 UTC 2020 /home/travis/build/icyphy/ptII/ptolemy/domains/continuous/test/auto/Friction.xml
----------------- Instantiating /home/travis/build/icyphy/ptII/ptolemy/domains/continuous/test/auto/Friction.xml
1481 ms. Memory: 270336K Free: 217735K (81%)
----------------- Invoking toplevel() on ptolemy.moml.MoMLSimpleApplication@d1a077c
----------------- Done invoking toplevel() on ptolemy.moml.MoMLSimpleApplication@d1a077c
reloadAllAccessors: .Friction

===========================================================================================
----------------- testing Thu Jan 02 06:33:13 UTC 2020 /home/travis/build/icyphy/ptII/ptolemy/domains/continuous/test/auto/FurutaPendulum.xml
----------------- Instantiating /home/travis/build/icyphy/ptII/ptolemy/domains/continuous/test/auto/FurutaPendulum.xml
2808 ms. Memory: 270336K Free: 201939K (75%)
----------------- Invoking toplevel() on ptolemy.moml.MoMLSimpleApplication@3913dab8
----------------- Done invoking toplevel() on ptolemy.moml.MoMLSimpleApplication@3913dab8
reloadAllAccessors: .FurutaPendulum

===========================================================================================
----------------- testing Thu Jan 02 06:33:16 UTC 2020 /home/travis/build/icyphy/ptII/ptolemy/domains/continuous/test/auto/HierarchicalExecution.xml
----------------- Instantiating /home/travis/build/icyphy/ptII/ptolemy/domains/continuous/test/auto/HierarchicalExecution.xml
1492 ms. Memory: 270336K Free: 236366K (87%)
----------------- Invoking toplevel() on ptolemy.moml.MoMLSimpleApplication@1fd01d1
----------------- Done invoking toplevel() on ptolemy.moml.MoMLSimpleApplication@1fd01d1
reloadAllAccessors: .HierarchicalExecution

===========================================================================================
----------------- testing Thu Jan 02 06:33:18 UTC 2020 /home/travis/build/icyphy/ptII/ptolemy/domains/continuous/test/auto/HybridPlant.xml
----------------- Instantiating /home/travis/build/icyphy/ptII/ptolemy/domains/continuous/test/auto/HybridPlant.xml
510 ms. Memory: 270336K Free: 132948K (49%)
----------------- Invoking toplevel() on ptolemy.moml.MoMLSimpleApplication@6a70151a
----------------- Done invoking toplevel() on ptolemy.moml.MoMLSimpleApplication@6a70151a
reloadAllAccessors: .HybridPlant

===========================================================================================
----------------- testing Thu Jan 02 06:33:19 UTC 2020 /home/travis/build/icyphy/ptII/ptolemy/domains/continuous/test/auto/Hysteresis.xml
----------------- Instantiating /home/travis/build/icyphy/ptII/ptolemy/domains/continuous/test/auto/Hysteresis.xml
132 ms. Memory: 270336K Free: 230790K (85%)
----------------- Invoking toplevel() on ptolemy.moml.MoMLSimpleApplication@4d130f12
----------------- Done invoking toplevel() on ptolemy.moml.MoMLSimpleApplication@4d130f12
reloadAllAccessors: .Hysteresis

===========================================================================================
----------------- testing Thu Jan 02 06:33:19 UTC 2020 /home/travis/build/icyphy/ptII/ptolemy/domains/continuous/test/auto/HysteresisWithRandomDelay.xml
----------------- Instantiating /home/travis/build/icyphy/ptII/ptolemy/domains/continuous/test/auto/HysteresisWithRandomDelay.xml
167 ms. Memory: 270336K Free: 159093K (59%)
----------------- Invoking toplevel() on ptolemy.moml.MoMLSimpleApplication@4d9680b
----------------- Done invoking toplevel() on ptolemy.moml.MoMLSimpleApplication@4d9680b
reloadAllAccessors: .HysteresisWithRandomDelay

===========================================================================================
----------------- testing Thu Jan 02 06:33:19 UTC 2020 /home/travis/build/icyphy/ptII/ptolemy/domains/continuous/test/auto/HysteresisWithRandomLosses.xml
----------------- Instantiating /home/travis/build/icyphy/ptII/ptolemy/domains/continuous/test/auto/HysteresisWithRandomLosses.xml
2270 ms. Memory: 270336K Free: 221699K (82%)
----------------- Invoking toplevel() on ptolemy.moml.MoMLSimpleApplication@34e2dd2f
----------------- Done invoking toplevel() on ptolemy.moml.MoMLSimpleApplication@34e2dd2f
reloadAllAccessors: .HysteresisWithRandomLosses

===========================================================================================
----------------- testing Thu Jan 02 06:33:21 UTC 2020 /home/travis/build/icyphy/ptII/ptolemy/domains/continuous/test/auto/ImmediateTransitions.xml
----------------- Instantiating /home/travis/build/icyphy/ptII/ptolemy/domains/continuous/test/auto/ImmediateTransitions.xml
11 ms. Memory: 270336K Free: 210931K (78%)
----------------- Invoking toplevel() on ptolemy.moml.MoMLSimpleApplication@53126093
----------------- Done invoking toplevel() on ptolemy.moml.MoMLSimpleApplication@53126093
reloadAllAccessors: .ImmediateTransitions

===========================================================================================
----------------- testing Thu Jan 02 06:33:21 UTC 2020 /home/travis/build/icyphy/ptII/ptolemy/domains/continuous/test/auto/ImpulseFeedback.xml
----------------- Instantiating /home/travis/build/icyphy/ptII/ptolemy/domains/continuous/test/auto/ImpulseFeedback.xml
8 ms. Memory: 270336K Free: 205315K (76%)
----------------- Invoking toplevel() on ptolemy.moml.MoMLSimpleApplication@7a2e5669
----------------- Done invoking toplevel() on ptolemy.moml.MoMLSimpleApplication@7a2e5669
reloadAllAccessors: .ImpulseFeedback

===========================================================================================
----------------- testing Thu Jan 02 06:33:21 UTC 2020 /home/travis/build/icyphy/ptII/ptolemy/domains/continuous/test/auto/ImpulseFeedback2.xml
----------------- Instantiating /home/travis/build/icyphy/ptII/ptolemy/domains/continuous/test/auto/ImpulseFeedback2.xml
4 ms. Memory: 270336K Free: 199681K (74%)
----------------- Invoking toplevel() on ptolemy.moml.MoMLSimpleApplication@4210a1af
----------------- Done invoking toplevel() on ptolemy.moml.MoMLSimpleApplication@4210a1af
reloadAllAccessors: .ImpulseFeedback2

===========================================================================================
----------------- testing Thu Jan 02 06:33:21 UTC 2020 /home/travis/build/icyphy/ptII/ptolemy/domains/continuous/test/auto/IncreasingRatePoisson.xml
----------------- Instantiating /home/travis/build/icyphy/ptII/ptolemy/domains/continuous/test/auto/IncreasingRatePoisson.xml
724 ms. Memory: 270336K Free: 207548K (77%)
----------------- Invoking toplevel() on ptolemy.moml.MoMLSimpleApplication@4bc83161
----------------- Done invoking toplevel() on ptolemy.moml.MoMLSimpleApplication@4bc83161
reloadAllAccessors: .IncreasingRatePoisson

===========================================================================================
----------------- testing Thu Jan 02 06:33:22 UTC 2020 /home/travis/build/icyphy/ptII/ptolemy/domains/continuous/test/auto/InitialStateFeedback.xml
----------------- Instantiating /home/travis/build/icyphy/ptII/ptolemy/domains/continuous/test/auto/InitialStateFeedback.xml
4 ms. Memory: 270336K Free: 202948K (75%)
----------------- Invoking toplevel() on ptolemy.moml.MoMLSimpleApplication@69104936
----------------- Done invoking toplevel() on ptolemy.moml.MoMLSimpleApplication@69104936
reloadAllAccessors: .InitialStateFeedback

===========================================================================================
----------------- testing Thu Jan 02 06:33:22 UTC 2020 /home/travis/build/icyphy/ptII/ptolemy/domains/continuous/test/auto/Integration.xml
----------------- Instantiating /home/travis/build/icyphy/ptII/ptolemy/domains/continuous/test/auto/Integration.xml
4 ms. Memory: 270336K Free: 198852K (74%)
----------------- Invoking toplevel() on ptolemy.moml.MoMLSimpleApplication@3ba15d9e
----------------- Done invoking toplevel() on ptolemy.moml.MoMLSimpleApplication@3ba15d9e
reloadAllAccessors: .Integration

===========================================================================================
----------------- testing Thu Jan 02 06:33:22 UTC 2020 /home/travis/build/icyphy/ptII/ptolemy/domains/continuous/test/auto/Integration2.xml
----------------- Instantiating /home/travis/build/icyphy/ptII/ptolemy/domains/continuous/test/auto/Integration2.xml
64 ms. Memory: 270336K Free: 184516K (68%)
----------------- Invoking toplevel() on ptolemy.moml.MoMLSimpleApplication@b19a648
----------------- Done invoking toplevel() on ptolemy.moml.MoMLSimpleApplication@b19a648
reloadAllAccessors: .Integration2

===========================================================================================
----------------- testing Thu Jan 02 06:33:22 UTC 2020 /home/travis/build/icyphy/ptII/ptolemy/domains/continuous/test/auto/Integration3.xml
----------------- Instantiating /home/travis/build/icyphy/ptII/ptolemy/domains/continuous/test/auto/Integration3.xml
2 ms. Memory: 270336K Free: 179906K (67%)
----------------- Invoking toplevel() on ptolemy.moml.MoMLSimpleApplication@5d69ed63
----------------- Done invoking toplevel() on ptolemy.moml.MoMLSimpleApplication@5d69ed63
reloadAllAccessors: .Integration3

===========================================================================================
----------------- testing Thu Jan 02 06:33:22 UTC 2020 /home/travis/build/icyphy/ptII/ptolemy/domains/continuous/test/auto/Integration5.xml
----------------- Instantiating /home/travis/build/icyphy/ptII/ptolemy/domains/continuous/test/auto/Integration5.xml
1 ms. Memory: 270336K Free: 175810K (65%)
----------------- Invoking toplevel() on ptolemy.moml.MoMLSimpleApplication@337e5e6e
----------------- Done invoking toplevel() on ptolemy.moml.MoMLSimpleApplication@337e5e6e
reloadAllAccessors: .Integration5

===========================================================================================
----------------- testing Thu Jan 02 06:33:22 UTC 2020 /home/travis/build/icyphy/ptII/ptolemy/domains/continuous/test/auto/IntegratorImpulse.xml
----------------- Instantiating /home/travis/build/icyphy/ptII/ptolemy/domains/continuous/test/auto/IntegratorImpulse.xml
2 ms. Memory: 270336K Free: 171684K (64%)
----------------- Invoking toplevel() on ptolemy.moml.MoMLSimpleApplication@341eda77
----------------- Done invoking toplevel() on ptolemy.moml.MoMLSimpleApplication@341eda77
reloadAllAccessors: .IntegratorImpulse

===========================================================================================
----------------- testing Thu Jan 02 06:33:22 UTC 2020 /home/travis/build/icyphy/ptII/ptolemy/domains/continuous/test/auto/IntegratorImpulse2.xml
----------------- Instantiating /home/travis/build/icyphy/ptII/ptolemy/domains/continuous/test/auto/IntegratorImpulse2.xml
3 ms. Memory: 270336K Free: 167108K (62%)
----------------- Invoking toplevel() on ptolemy.moml.MoMLSimpleApplication@4ee53cc5
----------------- Done invoking toplevel() on ptolemy.moml.MoMLSimpleApplication@4ee53cc5
reloadAllAccessors: .IntegratorImpulse2

===========================================================================================
----------------- testing Thu Jan 02 06:33:22 UTC 2020 /home/travis/build/icyphy/ptII/ptolemy/domains/continuous/test/auto/LevelCrossing1.xml
----------------- Instantiating /home/travis/build/icyphy/ptII/ptolemy/domains/continuous/test/auto/LevelCrossing1.xml
2 ms. Memory: 270336K Free: 161988K (60%)
----------------- Invoking toplevel() on ptolemy.moml.MoMLSimpleApplication@6069cf0e
----------------- Done invoking toplevel() on ptolemy.moml.MoMLSimpleApplication@6069cf0e
reloadAllAccessors: .LevelCrossing1

===========================================================================================
----------------- testing Thu Jan 02 06:33:22 UTC 2020 /home/travis/build/icyphy/ptII/ptolemy/domains/continuous/test/auto/LevelCrossing2.xml
----------------- Instantiating /home/travis/build/icyphy/ptII/ptolemy/domains/continuous/test/auto/LevelCrossing2.xml
2 ms. Memory: 270336K Free: 156868K (58%)
----------------- Invoking toplevel() on ptolemy.moml.MoMLSimpleApplication@29d679be
----------------- Done invoking toplevel() on ptolemy.moml.MoMLSimpleApplication@29d679be
reloadAllAccessors: .LevelCrossing2

===========================================================================================
----------------- testing Thu Jan 02 06:33:22 UTC 2020 /home/travis/build/icyphy/ptII/ptolemy/domains/continuous/test/auto/LevelCrossing3.xml
----------------- Instantiating /home/travis/build/icyphy/ptII/ptolemy/domains/continuous/test/auto/LevelCrossing3.xml
6 ms. Memory: 270336K Free: 151748K (56%)
----------------- Invoking toplevel() on ptolemy.moml.MoMLSimpleApplication@5eb68387
----------------- Done invoking toplevel() on ptolemy.moml.MoMLSimpleApplication@5eb68387
reloadAllAccessors: .LevelCrossing3

===========================================================================================
----------------- testing Thu Jan 02 06:33:22 UTC 2020 /home/travis/build/icyphy/ptII/ptolemy/domains/continuous/test/auto/LevelCrossing4.xml
----------------- Instantiating /home/travis/build/icyphy/ptII/ptolemy/domains/continuous/test/auto/LevelCrossing4.xml
3 ms. Memory: 270336K Free: 146628K (54%)
----------------- Invoking toplevel() on ptolemy.moml.MoMLSimpleApplication@e92555a
----------------- Done invoking toplevel() on ptolemy.moml.MoMLSimpleApplication@e92555a
reloadAllAccessors: .LevelCrossing4

===========================================================================================
----------------- testing Thu Jan 02 06:33:22 UTC 2020 /home/travis/build/icyphy/ptII/ptolemy/domains/continuous/test/auto/LevelCrossing5.xml
----------------- Instantiating /home/travis/build/icyphy/ptII/ptolemy/domains/continuous/test/auto/LevelCrossing5.xml
3 ms. Memory: 270336K Free: 141508K (52%)
----------------- Invoking toplevel() on ptolemy.moml.MoMLSimpleApplication@75589e34
----------------- Done invoking toplevel() on ptolemy.moml.MoMLSimpleApplication@75589e34
reloadAllAccessors: .LevelCrossing5

===========================================================================================
[...]
reloadAllAccessors: .ResetTransitionWithStartTime6

===========================================================================================
----------------- testing Thu Jan 02 06:33:38 UTC 2020 /home/travis/build/icyphy/ptII/ptolemy/domains/continuous/test/auto/SRinContinuous.xml
----------------- Instantiating /home/travis/build/icyphy/ptII/ptolemy/domains/continuous/test/auto/SRinContinuous.xml
6 ms. Memory: 324608K Free: 216433K (67%)
----------------- Invoking toplevel() on ptolemy.moml.MoMLSimpleApplication@137420cc
----------------- Done invoking toplevel() on ptolemy.moml.MoMLSimpleApplication@137420cc
reloadAllAccessors: .SRinContinuous

===========================================================================================
----------------- testing Thu Jan 02 06:33:38 UTC 2020 /home/travis/build/icyphy/ptII/ptolemy/domains/continuous/test/auto/SampledClocks.xml
----------------- Instantiating /home/travis/build/icyphy/ptII/ptolemy/domains/continuous/test/auto/SampledClocks.xml
7 ms. Memory: 324608K Free: 204145K (63%)
----------------- Invoking toplevel() on ptolemy.moml.MoMLSimpleApplication@b879073
----------------- Done invoking toplevel() on ptolemy.moml.MoMLSimpleApplication@b879073
reloadAllAccessors: .SampledClocks

===========================================================================================
----------------- testing Thu Jan 02 06:33:38 UTC 2020 /home/travis/build/icyphy/ptII/ptolemy/domains/continuous/test/auto/Satellite.xml
----------------- Instantiating /home/travis/build/icyphy/ptII/ptolemy/domains/continuous/test/auto/Satellite.xml
626 ms. Memory: 324608K Free: 202263K (62%)
----------------- Invoking toplevel() on ptolemy.moml.MoMLSimpleApplication@3567668b
----------------- Done invoking toplevel() on ptolemy.moml.MoMLSimpleApplication@3567668b
reloadAllAccessors: .Satellite

===========================================================================================
----------------- testing Thu Jan 02 06:33:39 UTC 2020 /home/travis/build/icyphy/ptII/ptolemy/domains/continuous/test/auto/SigmaDelta.xml
----------------- Instantiating /home/travis/build/icyphy/ptII/ptolemy/domains/continuous/test/auto/SigmaDelta.xml
1918 ms. Memory: 324608K Free: 134327K (41%)
----------------- Invoking toplevel() on ptolemy.moml.MoMLSimpleApplication@635f1846
----------------- Done invoking toplevel() on ptolemy.moml.MoMLSimpleApplication@635f1846
reloadAllAccessors: .SigmaDelta

===========================================================================================
----------------- testing Thu Jan 02 06:33:41 UTC 2020 /home/travis/build/icyphy/ptII/ptolemy/domains/continuous/test/auto/SingleRefinement.xml
----------------- Instantiating /home/travis/build/icyphy/ptII/ptolemy/domains/continuous/test/auto/SingleRefinement.xml
312 ms. Memory: 324608K Free: 143538K (44%)
----------------- Invoking toplevel() on ptolemy.moml.MoMLSimpleApplication@3b4e4734
----------------- Done invoking toplevel() on ptolemy.moml.MoMLSimpleApplication@3b4e4734
reloadAllAccessors: .SingleRefinement

===========================================================================================
----------------- testing Thu Jan 02 06:33:41 UTC 2020 /home/travis/build/icyphy/ptII/ptolemy/domains/continuous/test/auto/SinuBouncingBall.xml
----------------- Instantiating /home/travis/build/icyphy/ptII/ptolemy/domains/continuous/test/auto/SinuBouncingBall.xml
849 ms. Memory: 324608K Free: 122389K (38%)
----------------- Invoking toplevel() on ptolemy.moml.MoMLSimpleApplication@2f784ed1
----------------- Done invoking toplevel() on ptolemy.moml.MoMLSimpleApplication@2f784ed1
reloadAllAccessors: .SinuBouncingBall

===========================================================================================
----------------- testing Thu Jan 02 06:33:42 UTC 2020 /home/travis/build/icyphy/ptII/ptolemy/domains/continuous/test/auto/Sinusoid.xml
----------------- Instantiating /home/travis/build/icyphy/ptII/ptolemy/domains/continuous/test/auto/Sinusoid.xml
14 ms. Memory: 324608K Free: 118293K (36%)
----------------- Invoking toplevel() on ptolemy.moml.MoMLSimpleApplication@54916da2
----------------- Done invoking toplevel() on ptolemy.moml.MoMLSimpleApplication@54916da2
reloadAllAccessors: .Sinusoid

===========================================================================================
----------------- testing Thu Jan 02 06:33:42 UTC 2020 /home/travis/build/icyphy/ptII/ptolemy/domains/continuous/test/auto/SinusoidInNoise.xml
----------------- Instantiating /home/travis/build/icyphy/ptII/ptolemy/domains/continuous/test/auto/SinusoidInNoise.xml
957 ms. Memory: 324608K Free: 177524K (55%)
----------------- Invoking toplevel() on ptolemy.moml.MoMLSimpleApplication@355f9487
----------------- Done invoking toplevel() on ptolemy.moml.MoMLSimpleApplication@355f9487
reloadAllAccessors: .SinusoidInNoise

===========================================================================================
----------------- testing Thu Jan 02 06:33:43 UTC 2020 /home/travis/build/icyphy/ptII/ptolemy/domains/continuous/test/auto/SinusoidRK45.xml
----------------- Instantiating /home/travis/build/icyphy/ptII/ptolemy/domains/continuous/test/auto/SinusoidRK45.xml
3 ms. Memory: 324608K Free: 173428K (53%)
----------------- Invoking toplevel() on ptolemy.moml.MoMLSimpleApplication@41473035
----------------- Done invoking toplevel() on ptolemy.moml.MoMLSimpleApplication@41473035
reloadAllAccessors: .SinusoidRK45

===========================================================================================
----------------- testing Thu Jan 02 06:33:43 UTC 2020 /home/travis/build/icyphy/ptII/ptolemy/domains/continuous/test/auto/SinusoidWithMultipleImpulses.xml
----------------- Instantiating /home/travis/build/icyphy/ptII/ptolemy/domains/continuous/test/auto/SinusoidWithMultipleImpulses.xml
3 ms. Memory: 324608K Free: 168818K (52%)
----------------- Invoking toplevel() on ptolemy.moml.MoMLSimpleApplication@4eb60378
----------------- Done invoking toplevel() on ptolemy.moml.MoMLSimpleApplication@4eb60378
reloadAllAccessors: .SinusoidWithMultipleImpulses

===========================================================================================
----------------- testing Thu Jan 02 06:33:43 UTC 2020 /home/travis/build/icyphy/ptII/ptolemy/domains/continuous/test/auto/SquareWave.xml
----------------- Instantiating /home/travis/build/icyphy/ptII/ptolemy/domains/continuous/test/auto/SquareWave.xml
144 ms. Memory: 324608K Free: 141684K (44%)
----------------- Invoking toplevel() on ptolemy.moml.MoMLSimpleApplication@3728ea8
----------------- Done invoking toplevel() on ptolemy.moml.MoMLSimpleApplication@3728ea8
reloadAllAccessors: .SquareWave

===========================================================================================
----------------- testing Thu Jan 02 06:33:43 UTC 2020 /home/travis/build/icyphy/ptII/ptolemy/domains/continuous/test/auto/Starmac.xml
----------------- Instantiating /home/travis/build/icyphy/ptII/ptolemy/domains/continuous/test/auto/Starmac.xml
3066 ms. Memory: 324608K Free: 211116K (65%)
----------------- Invoking toplevel() on ptolemy.moml.MoMLSimpleApplication@6f94435b
----------------- Done invoking toplevel() on ptolemy.moml.MoMLSimpleApplication@6f94435b
reloadAllAccessors: .Starmac

===========================================================================================
----------------- testing Thu Jan 02 06:33:47 UTC 2020 /home/travis/build/icyphy/ptII/ptolemy/domains/continuous/test/auto/StaticUnits.xml
----------------- Instantiating /home/travis/build/icyphy/ptII/ptolemy/domains/continuous/test/auto/StaticUnits.xml
1851 ms. Memory: 324608K Free: 133775K (41%)
----------------- Invoking toplevel() on ptolemy.moml.MoMLSimpleApplication@5e6ebf6f
----------------- Done invoking toplevel() on ptolemy.moml.MoMLSimpleApplication@5e6ebf6f
reloadAllAccessors: .StaticUnits

===========================================================================================
----------------- testing Thu Jan 02 06:33:49 UTC 2020 /home/travis/build/icyphy/ptII/ptolemy/domains/continuous/test/auto/StickyMasses.xml
----------------- Instantiating /home/travis/build/icyphy/ptII/ptolemy/domains/continuous/test/auto/StickyMasses.xml
140 ms. Memory: 324608K Free: 273470K (84%)
----------------- Invoking toplevel() on ptolemy.moml.MoMLSimpleApplication@43c25a7f
----------------- Done invoking toplevel() on ptolemy.moml.MoMLSimpleApplication@43c25a7f
reloadAllAccessors: .StickyMasses

===========================================================================================
----------------- testing Thu Jan 02 06:33:49 UTC 2020 /home/travis/build/icyphy/ptII/ptolemy/domains/continuous/test/auto/StopTime.xml
----------------- Instantiating /home/travis/build/icyphy/ptII/ptolemy/domains/continuous/test/auto/StopTime.xml
44 ms. Memory: 324608K Free: 248380K (77%)
----------------- Invoking toplevel() on ptolemy.moml.MoMLSimpleApplication@7ab71b98
----------------- Done invoking toplevel() on ptolemy.moml.MoMLSimpleApplication@7ab71b98
reloadAllAccessors: .StopTime

===========================================================================================
----------------- testing Thu Jan 02 06:33:49 UTC 2020 /home/travis/build/icyphy/ptII/ptolemy/domains/continuous/test/auto/StopTime2.xml
----------------- Instantiating /home/travis/build/icyphy/ptII/ptolemy/domains/continuous/test/auto/StopTime2.xml
34 ms. Memory: 324608K Free: 226366K (70%)
----------------- Invoking toplevel() on ptolemy.moml.MoMLSimpleApplication@463c7662
----------------- Done invoking toplevel() on ptolemy.moml.MoMLSimpleApplication@463c7662
reloadAllAccessors: .StopTime2

===========================================================================================
----------------- testing Thu Jan 02 06:33:49 UTC 2020 /home/travis/build/icyphy/ptII/ptolemy/domains/continuous/test/auto/Switch.xml
----------------- Instantiating /home/travis/build/icyphy/ptII/ptolemy/domains/continuous/test/auto/Switch.xml
43 ms. Memory: 324608K Free: 201262K (62%)
----------------- Invoking toplevel() on ptolemy.moml.MoMLSimpleApplication@7182cb13
----------------- Done invoking toplevel() on ptolemy.moml.MoMLSimpleApplication@7182cb13
reloadAllAccessors: .Switch

===========================================================================================
----------------- testing Thu Jan 02 06:33:50 UTC 2020 /home/travis/build/icyphy/ptII/ptolemy/domains/continuous/test/auto/Thermostat.xml
----------------- Instantiating /home/travis/build/icyphy/ptII/ptolemy/domains/continuous/test/auto/Thermostat.xml
195 ms. Memory: 324608K Free: 129086K (40%)
----------------- Invoking toplevel() on ptolemy.moml.MoMLSimpleApplication@2c20ce65
----------------- Done invoking toplevel() on ptolemy.moml.MoMLSimpleApplication@2c20ce65
reloadAllAccessors: .Thermostat

===========================================================================================
----------------- testing Thu Jan 02 06:33:50 UTC 2020 /home/travis/build/icyphy/ptII/ptolemy/domains/continuous/test/auto/TimeDelay.xml
----------------- Instantiating /home/travis/build/icyphy/ptII/ptolemy/domains/continuous/test/auto/TimeDelay.xml
4 ms. Memory: 324608K Free: 124470K (38%)
----------------- Invoking toplevel() on ptolemy.moml.MoMLSimpleApplication@1c32a0cd
----------------- Done invoking toplevel() on ptolemy.moml.MoMLSimpleApplication@1c32a0cd
reloadAllAccessors: .TimeDelay

===========================================================================================
----------------- testing Thu Jan 02 06:33:50 UTC 2020 /home/travis/build/icyphy/ptII/ptolemy/domains/continuous/test/auto/TimeDelay2.xml
----------------- Instantiating /home/travis/build/icyphy/ptII/ptolemy/domains/continuous/test/auto/TimeDelay2.xml
7 ms. Memory: 324608K Free: 114750K (35%)
----------------- Invoking toplevel() on ptolemy.moml.MoMLSimpleApplication@2fabab8e
----------------- Done invoking toplevel() on ptolemy.moml.MoMLSimpleApplication@2fabab8e
reloadAllAccessors: .TimeDelay2

===========================================================================================
----------------- testing Thu Jan 02 06:33:50 UTC 2020 /home/travis/build/icyphy/ptII/ptolemy/domains/continuous/test/auto/TimeDelay3.xml
----------------- Instantiating /home/travis/build/icyphy/ptII/ptolemy/domains/continuous/test/auto/TimeDelay3.xml
4 ms. Memory: 324608K Free: 299046K (92%)
----------------- Invoking toplevel() on ptolemy.moml.MoMLSimpleApplication@73ba8ffb
----------------- Done invoking toplevel() on ptolemy.moml.MoMLSimpleApplication@73ba8ffb
reloadAllAccessors: .TimeDelay3

===========================================================================================
----------------- testing Thu Jan 02 06:33:50 UTC 2020 /home/travis/build/icyphy/ptII/ptolemy/domains/continuous/test/auto/TransferAbsentToInside.xml
----------------- Instantiating /home/travis/build/icyphy/ptII/ptolemy/domains/continuous/test/auto/TransferAbsentToInside.xml
26 ms. Memory: 324608K Free: 245800K (76%)
----------------- Invoking toplevel() on ptolemy.moml.MoMLSimpleApplication@38e2187a
----------------- Done invoking toplevel() on ptolemy.moml.MoMLSimpleApplication@38e2187a
reloadAllAccessors: .TransferAbsentToInside

===========================================================================================
----------------- testing Thu Jan 02 06:33:50 UTC 2020 /home/travis/build/icyphy/ptII/ptolemy/domains/continuous/test/auto/Transmission.xml
----------------- Instantiating /home/travis/build/icyphy/ptII/ptolemy/domains/continuous/test/auto/Transmission.xml
787 ms. Memory: 324608K Free: 203300K (63%)
----------------- Invoking toplevel() on ptolemy.moml.MoMLSimpleApplication@42c5e83d
----------------- Done invoking toplevel() on ptolemy.moml.MoMLSimpleApplication@42c5e83d
reloadAllAccessors: .Transmission

===========================================================================================
----------------- testing Thu Jan 02 06:33:51 UTC 2020 /home/travis/build/icyphy/ptII/ptolemy/domains/continuous/test/auto/TriggeredContinuousClock.xml
----------------- Instantiating /home/travis/build/icyphy/ptII/ptolemy/domains/continuous/test/auto/TriggeredContinuousClock.xml
38 ms. Memory: 324608K Free: 173588K (53%)
----------------- Invoking toplevel() on ptolemy.moml.MoMLSimpleApplication@7289c77
----------------- Done invoking toplevel() on ptolemy.moml.MoMLSimpleApplication@7289c77
reloadAllAccessors: .TriggeredContinuousClock

===========================================================================================
----------------- testing Thu Jan 02 06:33:51 UTC 2020 /home/travis/build/icyphy/ptII/ptolemy/domains/continuous/test/auto/TwoMachineInfiniteBusControl.xml
----------------- Instantiating /home/travis/build/icyphy/ptII/ptolemy/domains/continuous/test/auto/TwoMachineInfiniteBusControl.xml
2267 ms. Memory: 324608K Free: 178711K (55%)
----------------- Invoking toplevel() on ptolemy.moml.MoMLSimpleApplication@4b0ee51f
----------------- Done invoking toplevel() on ptolemy.moml.MoMLSimpleApplication@4b0ee51f
reloadAllAccessors: .TwoMachineInfiniteBusControl

===========================================================================================
----------------- testing Thu Jan 02 06:33:53 UTC 2020 /home/travis/build/icyphy/ptII/ptolemy/domains/continuous/test/auto/V2V.xml
----------------- Instantiating /home/travis/build/icyphy/ptII/ptolemy/domains/continuous/test/auto/V2V.xml
593 ms. Memory: 324608K Free: 180217K (56%)
----------------- Invoking toplevel() on ptolemy.moml.MoMLSimpleApplication@6adb325d
----------------- Done invoking toplevel() on ptolemy.moml.MoMLSimpleApplication@6adb325d
reloadAllAccessors: .V2V

===========================================================================================
----------------- testing Thu Jan 02 06:33:54 UTC 2020 /home/travis/build/icyphy/ptII/ptolemy/domains/continuous/test/auto/hierarchicalModalModel.xml
----------------- Instantiating /home/travis/build/icyphy/ptII/ptolemy/domains/continuous/test/auto/hierarchicalModalModel.xml
7 ms. Memory: 324608K Free: 165353K (51%)
----------------- Invoking toplevel() on ptolemy.moml.MoMLSimpleApplication@2cb2e8e
----------------- Done invoking toplevel() on ptolemy.moml.MoMLSimpleApplication@2cb2e8e
reloadAllAccessors: .hierarchicalModalModel

===========================================================================================
----------------- testing Thu Jan 02 06:33:54 UTC 2020 /home/travis/build/icyphy/ptII/ptolemy/domains/continuous/test/auto/hierarchicalModalModel1.xml
----------------- Instantiating /home/travis/build/icyphy/ptII/ptolemy/domains/continuous/test/auto/hierarchicalModalModel1.xml
8 ms. Memory: 324608K Free: 151031K (47%)
----------------- Invoking toplevel() on ptolemy.moml.MoMLSimpleApplication@43b6dc42
----------------- Done invoking toplevel() on ptolemy.moml.MoMLSimpleApplication@43b6dc42
reloadAllAccessors: .hierarchicalModalModel1

===========================================================================================
----------------- testing Thu Jan 02 06:33:54 UTC 2020 /home/travis/build/icyphy/ptII/ptolemy/domains/continuous/test/auto/hierarchicalModalModel2.xml
----------------- Instantiating /home/travis/build/icyphy/ptII/ptolemy/domains/continuous/test/auto/hierarchicalModalModel2.xml
6 ms. Memory: 324608K Free: 138729K (43%)
----------------- Invoking toplevel() on ptolemy.moml.MoMLSimpleApplication@589f968c
----------------- Done invoking toplevel() on ptolemy.moml.MoMLSimpleApplication@589f968c
reloadAllAccessors: .hierarchicalModalModel2

===========================================================================================
----------------- testing Thu Jan 02 06:33:54 UTC 2020 /home/travis/build/icyphy/ptII/ptolemy/domains/continuous/test/auto/hierarchicalModalModel3.xml
----------------- Instantiating /home/travis/build/icyphy/ptII/ptolemy/domains/continuous/test/auto/hierarchicalModalModel3.xml
5 ms. Memory: 324608K Free: 127993K (39%)
----------------- Invoking toplevel() on ptolemy.moml.MoMLSimpleApplication@38c908b2
----------------- Done invoking toplevel() on ptolemy.moml.MoMLSimpleApplication@38c908b2
reloadAllAccessors: .hierarchicalModalModel3

===========================================================================================
----------------- testing Thu Jan 02 06:33:54 UTC 2020 /home/travis/build/icyphy/ptII/ptolemy/domains/continuous/test/auto/hierarchicalModalModel4.xml
----------------- Instantiating /home/travis/build/icyphy/ptII/ptolemy/domains/continuous/test/auto/hierarchicalModalModel4.xml
4 ms. Memory: 324608K Free: 116215K (36%)
----------------- Invoking toplevel() on ptolemy.moml.MoMLSimpleApplication@6084fed4
----------------- Done invoking toplevel() on ptolemy.moml.MoMLSimpleApplication@6084fed4
reloadAllAccessors: .hierarchicalModalModel4

===========================================================================================
----------------- testing Thu Jan 02 06:33:54 UTC 2020 /home/travis/build/icyphy/ptII/ptolemy/domains/continuous/test/auto/junk.xml
----------------- Instantiating /home/travis/build/icyphy/ptII/ptolemy/domains/continuous/test/auto/junk.xml
93 ms. Memory: 324608K Free: 279024K (86%)
----------------- Invoking toplevel() on ptolemy.moml.MoMLSimpleApplication@2e4616ac
----------------- Done invoking toplevel() on ptolemy.moml.MoMLSimpleApplication@2e4616ac
reloadAllAccessors: .junk
AutoTests.java: About to close Vertx.
AutoTests.java: Vertx closed.
]]></system-out>
  <system-err><![CDATA[Warning: '.HysteresisWithRandomDelay.NonStrictTest3' The test produced only 29 tokens, yet the correctValues parameter was expecting 30 tokens.
Warning: '.Poisson.NonStrictTest' The test produced only 423 tokens, yet the correctValues parameter was expecting 430 tokens.
]]></system-err>
</testsuite>
