<?xml version="1.0" encoding="UTF-8" ?>
<testsuite errors="0" failures="0" hostname="travis-job-f94dbcb5-98b1-4665-a109-64b00282a201" name="ptolemy.domains.de.test.junit.JUnitTclTest" skipped="0" tests="101" time="126.87" timestamp="2018-06-13T06:35:46">
  <properties>
[...]
</properties>
  <testcase classname="ptolemy.util.test.junit.TclTests" name="[0] /home/travis/build/icyphy/ptII/ptolemy/domains/de/test/DependencyLoop.tcl (RunTclFile)" time="0.726" />
  <testcase classname="ptolemy.util.test.junit.TclTests" name="[1] /home/travis/build/icyphy/ptII/ptolemy/domains/de/test/RunDETestsAsQSS.tcl (RunTclFile)" time="86.027" />
  <testcase classname="ptolemy.util.test.junit.AutoKnownFailedTests" name="[0] /home/travis/build/icyphy/ptII/ptolemy/domains/de/test/auto/knownFailedTests/DESDFClockTest.xml (RunModel)" time="2.027" />
  <testcase classname="ptolemy.util.test.junit.AutoKnownFailedTests" name="[1] /home/travis/build/icyphy/ptII/ptolemy/domains/de/test/auto/knownFailedTests/DirectFeedback.xml (RunModel)" time="0.012" />
  <testcase classname="ptolemy.util.test.junit.AutoKnownFailedTests" name="[2] /home/travis/build/icyphy/ptII/ptolemy/domains/de/test/auto/knownFailedTests/FSMSource.xml (RunModel)" time="0.023" />
  <testcase classname="ptolemy.util.test.junit.AutoKnownFailedTests" name="[3] /home/travis/build/icyphy/ptII/ptolemy/domains/de/test/auto/knownFailedTests/HierarchicalModel.xml (RunModel)" time="0.049" />
  <testcase classname="ptolemy.util.test.junit.AutoKnownFailedTests" name="[4] /home/travis/build/icyphy/ptII/ptolemy/domains/de/test/auto/knownFailedTests/dependencyLoop.xml (RunModel)" time="0.026" />
  <testcase classname="ptolemy.util.test.junit.AutoKnownFailedTests" name="[5] /home/travis/build/icyphy/ptII/ptolemy/domains/de/test/auto/knownFailedTests/dependencyLoop2.xml (RunModel)" time="0.035" />
  <testcase classname="ptolemy.util.test.junit.AutoNameArchTests" name="[0] ThereAreNoAutoArchTests (RunModel)" time="0.002" />
  <testcase classname="ptolemy.util.test.junit.AutoTests" name="[0] /home/travis/build/icyphy/ptII/ptolemy/domains/de/test/auto/ActorDepthCalculation_actorWithoutPorts.xml (RunModel)" time="0.015" />
  <testcase classname="ptolemy.util.test.junit.AutoTests" name="[1] /home/travis/build/icyphy/ptII/ptolemy/domains/de/test/auto/AssemblyLine.xml (RunModel)" time="0.02" />
  <testcase classname="ptolemy.util.test.junit.AutoTests" name="[2] /home/travis/build/icyphy/ptII/ptolemy/domains/de/test/auto/CQBug1.xml (RunModel)" time="0.015" />
  <testcase classname="ptolemy.util.test.junit.AutoTests" name="[3] /home/travis/build/icyphy/ptII/ptolemy/domains/de/test/auto/CancelFireAt.xml (RunModel)" time="0.011" />
  <testcase classname="ptolemy.util.test.junit.AutoTests" name="[4] /home/travis/build/icyphy/ptII/ptolemy/domains/de/test/auto/CausalityAndComposabilityAnalysis.xml (RunModel)" time="0.011" />
  <testcase classname="ptolemy.util.test.junit.AutoTests" name="[5] /home/travis/build/icyphy/ptII/ptolemy/domains/de/test/auto/CausalityInterface1.xml (RunModel)" time="0.016" />
  <testcase classname="ptolemy.util.test.junit.AutoTests" name="[6] /home/travis/build/icyphy/ptII/ptolemy/domains/de/test/auto/CausalityInterface15.xml (RunModel)" time="0.01" />
  <testcase classname="ptolemy.util.test.junit.AutoTests" name="[7] /home/travis/build/icyphy/ptII/ptolemy/domains/de/test/auto/CausalityInterface2.xml (RunModel)" time="0.008" />
  <testcase classname="ptolemy.util.test.junit.AutoTests" name="[8] /home/travis/build/icyphy/ptII/ptolemy/domains/de/test/auto/CausalityInterface3.xml (RunModel)" time="0.01" />
  <testcase classname="ptolemy.util.test.junit.AutoTests" name="[9] /home/travis/build/icyphy/ptII/ptolemy/domains/de/test/auto/ClockDrift.xml (RunModel)" time="0.032" />
  <testcase classname="ptolemy.util.test.junit.AutoTests" name="[10] /home/travis/build/icyphy/ptII/ptolemy/domains/de/test/auto/ClockDriftAndValueChange.xml (RunModel)" time="0.031" />
  <testcase classname="ptolemy.util.test.junit.AutoTests" name="[11] /home/travis/build/icyphy/ptII/ptolemy/domains/de/test/auto/ClockDriftChange.xml (RunModel)" time="0.028" />
  <testcase classname="ptolemy.util.test.junit.AutoTests" name="[12] /home/travis/build/icyphy/ptII/ptolemy/domains/de/test/auto/ComposableCausalityAnalysis.xml (RunModel)" time="0.017" />
  <testcase classname="ptolemy.util.test.junit.AutoTests" name="[13] /home/travis/build/icyphy/ptII/ptolemy/domains/de/test/auto/DEFixedPointLimitation.xml (RunModel)" time="0.009" />
  <testcase classname="ptolemy.util.test.junit.AutoTests" name="[14] /home/travis/build/icyphy/ptII/ptolemy/domains/de/test/auto/DEScheduleTest.xml (RunModel)" time="0.03" />
  <testcase classname="ptolemy.util.test.junit.AutoTests" name="[15] /home/travis/build/icyphy/ptII/ptolemy/domains/de/test/auto/DEinDEwithStartTimes.xml (RunModel)" time="0.016" />
  <testcase classname="ptolemy.util.test.junit.AutoTests" name="[16] /home/travis/build/icyphy/ptII/ptolemy/domains/de/test/auto/DEinDEwithStartTimes2.xml (RunModel)" time="0.018" />
  <testcase classname="ptolemy.util.test.junit.AutoTests" name="[17] /home/travis/build/icyphy/ptII/ptolemy/domains/de/test/auto/DateDemo.xml (RunModel)" time="0.024" />
  <testcase classname="ptolemy.util.test.junit.AutoTests" name="[18] /home/travis/build/icyphy/ptII/ptolemy/domains/de/test/auto/DateToEvent.xml (RunModel)" time="2.029" />
  <testcase classname="ptolemy.util.test.junit.AutoTests" name="[19] /home/travis/build/icyphy/ptII/ptolemy/domains/de/test/auto/DepthTest1.xml (RunModel)" time="0.011" />
  <testcase classname="ptolemy.util.test.junit.AutoTests" name="[20] /home/travis/build/icyphy/ptII/ptolemy/domains/de/test/auto/DepthTest2.xml (RunModel)" time="0.017" />
  <testcase classname="ptolemy.util.test.junit.AutoTests" name="[21] /home/travis/build/icyphy/ptII/ptolemy/domains/de/test/auto/DepthTest3.xml (RunModel)" time="0.018" />
  <testcase classname="ptolemy.util.test.junit.AutoTests" name="[22] /home/travis/build/icyphy/ptII/ptolemy/domains/de/test/auto/DepthTest4.xml (RunModel)" time="0.012" />
  <testcase classname="ptolemy.util.test.junit.AutoTests" name="[23] /home/travis/build/icyphy/ptII/ptolemy/domains/de/test/auto/DepthTest5.xml (RunModel)" time="0.013" />
  <testcase classname="ptolemy.util.test.junit.AutoTests" name="[24] /home/travis/build/icyphy/ptII/ptolemy/domains/de/test/auto/DepthTest6.xml (RunModel)" time="0.012" />
  <testcase classname="ptolemy.util.test.junit.AutoTests" name="[25] /home/travis/build/icyphy/ptII/ptolemy/domains/de/test/auto/DepthTest7.xml (RunModel)" time="0.011" />
  <testcase classname="ptolemy.util.test.junit.AutoTests" name="[26] /home/travis/build/icyphy/ptII/ptolemy/domains/de/test/auto/EventToDate.xml (RunModel)" time="3.034" />
  <testcase classname="ptolemy.util.test.junit.AutoTests" name="[27] /home/travis/build/icyphy/ptII/ptolemy/domains/de/test/auto/FSM1.xml (RunModel)" time="0.03" />
  <testcase classname="ptolemy.util.test.junit.AutoTests" name="[28] /home/travis/build/icyphy/ptII/ptolemy/domains/de/test/auto/FSM7.xml (RunModel)" time="0.027" />
  <testcase classname="ptolemy.util.test.junit.AutoTests" name="[29] /home/travis/build/icyphy/ptII/ptolemy/domains/de/test/auto/Inspection.xml (RunModel)" time="0.036" />
  <testcase classname="ptolemy.util.test.junit.AutoTests" name="[30] /home/travis/build/icyphy/ptII/ptolemy/domains/de/test/auto/Iteration.xml (RunModel)" time="0.018" />
  <testcase classname="ptolemy.util.test.junit.AutoTests" name="[31] /home/travis/build/icyphy/ptII/ptolemy/domains/de/test/auto/LineFault.xml (RunModel)" time="0.524" />
  <testcase classname="ptolemy.util.test.junit.AutoTests" name="[32] /home/travis/build/icyphy/ptII/ptolemy/domains/de/test/auto/MergeModel1Add.xml (RunModel)" time="0.04" />
  <testcase classname="ptolemy.util.test.junit.AutoTests" name="[33] /home/travis/build/icyphy/ptII/ptolemy/domains/de/test/auto/MergeModel2Add.xml (RunModel)" time="0.033" />
  <testcase classname="ptolemy.util.test.junit.AutoTests" name="[34] /home/travis/build/icyphy/ptII/ptolemy/domains/de/test/auto/MergeModel3Add.xml (RunModel)" time="0.043" />
  <testcase classname="ptolemy.util.test.junit.AutoTests" name="[35] /home/travis/build/icyphy/ptII/ptolemy/domains/de/test/auto/MergeWithoutDiscard.xml (RunModel)" time="0.01" />
  <testcase classname="ptolemy.util.test.junit.AutoTests" name="[36] /home/travis/build/icyphy/ptII/ptolemy/domains/de/test/auto/Modal1.xml (RunModel)" time="0.029" />
  <testcase classname="ptolemy.util.test.junit.AutoTests" name="[37] /home/travis/build/icyphy/ptII/ptolemy/domains/de/test/auto/Modal2.xml (RunModel)" time="0.028" />
  <testcase classname="ptolemy.util.test.junit.AutoTests" name="[38] /home/travis/build/icyphy/ptII/ptolemy/domains/de/test/auto/Modal3.xml (RunModel)" time="0.025" />
  <testcase classname="ptolemy.util.test.junit.AutoTests" name="[39] /home/travis/build/icyphy/ptII/ptolemy/domains/de/test/auto/Modal4.xml (RunModel)" time="0.03" />
  <testcase classname="ptolemy.util.test.junit.AutoTests" name="[40] /home/travis/build/icyphy/ptII/ptolemy/domains/de/test/auto/Modal5.xml (RunModel)" time="0.026" />
  <testcase classname="ptolemy.util.test.junit.AutoTests" name="[41] /home/travis/build/icyphy/ptII/ptolemy/domains/de/test/auto/Modal6.xml (RunModel)" time="0.026" />
  <testcase classname="ptolemy.util.test.junit.AutoTests" name="[42] /home/travis/build/icyphy/ptII/ptolemy/domains/de/test/auto/Modal7.xml (RunModel)" time="0.026" />
  <testcase classname="ptolemy.util.test.junit.AutoTests" name="[43] /home/travis/build/icyphy/ptII/ptolemy/domains/de/test/auto/ModalModel.xml (RunModel)" time="0.125" />
  <testcase classname="ptolemy.util.test.junit.AutoTests" name="[44] /home/travis/build/icyphy/ptII/ptolemy/domains/de/test/auto/ModalSource.xml (RunModel)" time="0.015" />
  <testcase classname="ptolemy.util.test.junit.AutoTests" name="[45] /home/travis/build/icyphy/ptII/ptolemy/domains/de/test/auto/NonInterruptibleTimerZeroDelay.xml (RunModel)" time="0.008" />
  <testcase classname="ptolemy.util.test.junit.AutoTests" name="[46] /home/travis/build/icyphy/ptII/ptolemy/domains/de/test/auto/OpenQueueingNetwork.xml (RunModel)" time="2.232" />
  <testcase classname="ptolemy.util.test.junit.AutoTests" name="[47] /home/travis/build/icyphy/ptII/ptolemy/domains/de/test/auto/OpenQueuingNetwork.xml (RunModel)" time="0.246" />
  <testcase classname="ptolemy.util.test.junit.AutoTests" name="[48] /home/travis/build/icyphy/ptII/ptolemy/domains/de/test/auto/PeriodicSampler.xml (RunModel)" time="0.007" />
  <testcase classname="ptolemy.util.test.junit.AutoTests" name="[49] /home/travis/build/icyphy/ptII/ptolemy/domains/de/test/auto/PersistentIO.xml (RunModel)" time="0.017" />
  <testcase classname="ptolemy.util.test.junit.AutoTests" name="[50] /home/travis/build/icyphy/ptII/ptolemy/domains/de/test/auto/PortParameterResetOnInitialize.xml (RunModel)" time="0.008" />
  <testcase classname="ptolemy.util.test.junit.AutoTests" name="[51] /home/travis/build/icyphy/ptII/ptolemy/domains/de/test/auto/PortParameterUpdates.xml (RunModel)" time="0.015" />
  <testcase classname="ptolemy.util.test.junit.AutoTests" name="[52] /home/travis/build/icyphy/ptII/ptolemy/domains/de/test/auto/QueueAndServer.xml (RunModel)" time="0.019" />
  <testcase classname="ptolemy.util.test.junit.AutoTests" name="[53] /home/travis/build/icyphy/ptII/ptolemy/domains/de/test/auto/Records.xml (RunModel)" time="0.012" />
  <testcase classname="ptolemy.util.test.junit.AutoTests" name="[54] /home/travis/build/icyphy/ptII/ptolemy/domains/de/test/auto/ResetTransitionWithStartTime1.xml (RunModel)" time="0.017" />
  <testcase classname="ptolemy.util.test.junit.AutoTests" name="[55] /home/travis/build/icyphy/ptII/ptolemy/domains/de/test/auto/ResetTransitionWithStartTime2.xml (RunModel)" time="0.016" />
  <testcase classname="ptolemy.util.test.junit.AutoTests" name="[56] /home/travis/build/icyphy/ptII/ptolemy/domains/de/test/auto/ResetTransitionWithStartTime3.xml (RunModel)" time="0.019" />
  <testcase classname="ptolemy.util.test.junit.AutoTests" name="[57] /home/travis/build/icyphy/ptII/ptolemy/domains/de/test/auto/ResetTransitionWithStartTime4.xml (RunModel)" time="0.018" />
  <testcase classname="ptolemy.util.test.junit.AutoTests" name="[58] /home/travis/build/icyphy/ptII/ptolemy/domains/de/test/auto/ResettableTimer1.xml (RunModel)" time="0.009" />
  <testcase classname="ptolemy.util.test.junit.AutoTests" name="[59] /home/travis/build/icyphy/ptII/ptolemy/domains/de/test/auto/ResettableTimer2.xml (RunModel)" time="0.01" />
  <testcase classname="ptolemy.util.test.junit.AutoTests" name="[60] /home/travis/build/icyphy/ptII/ptolemy/domains/de/test/auto/ResettableTimer3.xml (RunModel)" time="0.008" />
  <testcase classname="ptolemy.util.test.junit.AutoTests" name="[61] /home/travis/build/icyphy/ptII/ptolemy/domains/de/test/auto/ResettableTimer4.xml (RunModel)" time="0.014" />
  <testcase classname="ptolemy.util.test.junit.AutoTests" name="[62] /home/travis/build/icyphy/ptII/ptolemy/domains/de/test/auto/ResettableTimer5.xml (RunModel)" time="0.01" />
  <testcase classname="ptolemy.util.test.junit.AutoTests" name="[63] /home/travis/build/icyphy/ptII/ptolemy/domains/de/test/auto/ResettableTimer6.xml (RunModel)" time="0.019" />
  <testcase classname="ptolemy.util.test.junit.AutoTests" name="[64] /home/travis/build/icyphy/ptII/ptolemy/domains/de/test/auto/ServerZeroDelay.xml (RunModel)" time="0.011" />
  <testcase classname="ptolemy.util.test.junit.AutoTests" name="[65] /home/travis/build/icyphy/ptII/ptolemy/domains/de/test/auto/SmartSender.xml (RunModel)" time="3.009" />
  <testcase classname="ptolemy.util.test.junit.AutoTests" name="[66] /home/travis/build/icyphy/ptII/ptolemy/domains/de/test/auto/ThreadedComposite.xml (RunModel)" time="0.178" />
  <testcase classname="ptolemy.util.test.junit.AutoTests" name="[67] /home/travis/build/icyphy/ptII/ptolemy/domains/de/test/auto/Time.xml (RunModel)" time="0.394" />
  <testcase classname="ptolemy.util.test.junit.AutoTests" name="[68] /home/travis/build/icyphy/ptII/ptolemy/domains/de/test/auto/TimeDelayZeroDelay.xml (RunModel)" time="0.009" />
  <testcase classname="ptolemy.util.test.junit.AutoTests" name="[69] /home/travis/build/icyphy/ptII/ptolemy/domains/de/test/auto/TimerZeroDelay.xml (RunModel)" time="0.008" />
  <testcase classname="ptolemy.util.test.junit.AutoTests" name="[70] /home/travis/build/icyphy/ptII/ptolemy/domains/de/test/auto/TimingParadox.xml (RunModel)" time="0.317" />
  <testcase classname="ptolemy.util.test.junit.AutoTests" name="[71] /home/travis/build/icyphy/ptII/ptolemy/domains/de/test/auto/TransferInputs.xml (RunModel)" time="0.008" />
  <testcase classname="ptolemy.util.test.junit.AutoTests" name="[72] /home/travis/build/icyphy/ptII/ptolemy/domains/de/test/auto/TransferOutputs2.xml (RunModel)" time="0.014" />
  <testcase classname="ptolemy.util.test.junit.AutoTests" name="[73] /home/travis/build/icyphy/ptII/ptolemy/domains/de/test/auto/Trilateration.xml (RunModel)" time="12.297" />
  <testcase classname="ptolemy.util.test.junit.AutoTests" name="[74] /home/travis/build/icyphy/ptII/ptolemy/domains/de/test/auto/TwoSigmaDelta.xml (RunModel)" time="1.956" />
  <testcase classname="ptolemy.util.test.junit.AutoTests" name="[75] /home/travis/build/icyphy/ptII/ptolemy/domains/de/test/auto/VariableDelay.xml (RunModel)" time="0.01" />
  <testcase classname="ptolemy.util.test.junit.AutoTests" name="[76] /home/travis/build/icyphy/ptII/ptolemy/domains/de/test/auto/VariableDelay2.xml (RunModel)" time="0.014" />
  <testcase classname="ptolemy.util.test.junit.AutoTests" name="[77] /home/travis/build/icyphy/ptII/ptolemy/domains/de/test/auto/VariableDelayZeroDelay.xml (RunModel)" time="0.009" />
  <testcase classname="ptolemy.util.test.junit.AutoTests" name="[78] /home/travis/build/icyphy/ptII/ptolemy/domains/de/test/auto/VariableDelayZeroDelay2.xml (RunModel)" time="0.008" />
  <testcase classname="ptolemy.util.test.junit.AutoTests" name="[79] /home/travis/build/icyphy/ptII/ptolemy/domains/de/test/auto/deInCt.xml (RunModel)" time="0.012" />
  <testcase classname="ptolemy.util.test.junit.AutoTests" name="[80] /home/travis/build/icyphy/ptII/ptolemy/domains/de/test/auto/deInCt2.xml (RunModel)" time="0.012" />
  <testcase classname="ptolemy.util.test.junit.AutoTests" name="[81] /home/travis/build/icyphy/ptII/ptolemy/domains/de/test/auto/dynamicCausalityInterface1.xml (RunModel)" time="0.018" />
  <testcase classname="ptolemy.util.test.junit.AutoTests" name="[82] /home/travis/build/icyphy/ptII/ptolemy/domains/de/test/auto/fsm_de_test.xml (RunModel)" time="0.02" />
  <testcase classname="ptolemy.util.test.junit.AutoTests" name="[83] /home/travis/build/icyphy/ptII/ptolemy/domains/de/test/auto/functionDependencyReconstruction.xml (RunModel)" time="0.033" />
  <testcase classname="ptolemy.util.test.junit.AutoTests" name="[84] /home/travis/build/icyphy/ptII/ptolemy/domains/de/test/auto/multirate.xml (RunModel)" time="0.014" />
  <testcase classname="ptolemy.util.test.junit.AutoTests" name="[85] /home/travis/build/icyphy/ptII/ptolemy/domains/de/test/auto/multirate2.xml (RunModel)" time="0.014" />
  <testcase classname="ptolemy.util.test.junit.AutoTests" name="[86] /home/travis/build/icyphy/ptII/ptolemy/domains/de/test/auto/realtime.xml (RunModel)" time="10.01" />
  <testcase classname="ptolemy.util.test.junit.AutoTests" name="[87] /home/travis/build/icyphy/ptII/ptolemy/domains/de/test/auto/relationGroup.xml (RunModel)" time="0.008" />
  <testcase classname="ptolemy.util.test.junit.AutoTests" name="[88] /home/travis/build/icyphy/ptII/ptolemy/domains/de/test/auto/relationGroup2.xml (RunModel)" time="0.009" />
  <testcase classname="ptolemy.util.test.junit.AutoTests" name="[89] /home/travis/build/icyphy/ptII/ptolemy/domains/de/test/auto/sortWithOpaquePorts.xml (RunModel)" time="0.008" />
  <testcase classname="ptolemy.util.test.junit.AutoTests" name="[90] /home/travis/build/icyphy/ptII/ptolemy/domains/de/test/auto/transferInputsandOutputs.xml (RunModel)" time="0.014" />
  <testcase classname="ptolemy.util.test.junit.AutoTests" name="[91] /home/travis/build/icyphy/ptII/ptolemy/domains/de/test/auto/triggerType.xml (RunModel)" time="0.009" />
  <system-out><![CDATA[/home/travis/build/icyphy/ptII/ptolemy/domains/de/test/DependencyLoop.tcl
testDefs.tcl: setting time out to 9000 seconds at Wed Jun 13 06:35:46 UTC 2018
14 ms. Memory: 116224K Free: 95053K (82%)
6 ms. Memory: 146944K Free: 137821K (94%)
/home/travis/build/icyphy/ptII/ptolemy/domains/de/test/RunDETestsAsQSS.tcl
Run the DE tests using ptolemy.domains.qss.test.QSSDirectorTest, which extends QSSDirector and prints a message in the constructors.
------------------ testing $PTII/ptolemy/domains/de/test/auto/knownFailedTests/dependencyLoop.xml (Known Failure) 
10 ms. Memory: 146944K Free: 133540K (91%)


==== $PTIIhome/travis/build/icyphy/ptII/ptolemy/domains/de/test/../../../../: Auto Automatic test in file $PTII/ptolemy/domains/de/test/auto/knownFailedTests/dependencyLoop.xml
==== Contents of test case:

	    # FIXME: we should use $relativeFilename here, but it
	    # might have backslashes under Windows, which causes no end
	    # of trouble.
	    createAndExecute $file
	    list {}
	
.... Test generated KNOWN error:
    while executing
ptolemy.kernel.util.IllegalActionException: Found a zero delay loop containing .dependencyLoop.original
  in .dependencyLoop and .dependencyLoop.original
	at ptolemy.actor.util.CausalityInterfaceForComposites._computeOutputPortDepth(CausalityInterfaceForComposites.java:759)
	at ptolemy.actor.util.CausalityInterfaceForComposites._computeInputDepth(CausalityInterfaceForComposites.java:696)
	at ptolemy.actor.util.CausalityInterfaceForComposites._computeOutputPortDepth(CausalityInterfaceForComposites.java:765)
	at ptolemy.actor.util.CausalityInterfaceForComposites._computeInputDepth(CausalityInterfaceForComposites.java:696)
	at ptolemy.actor.util.CausalityInterfaceForComposites._computeOutputPortDepth(CausalityInterfaceForComposites.java:765)
	at ptolemy.actor.util.CausalityInterfaceForComposites._computeInputDepth(CausalityInterfaceForComposites.java:696)
	at ptolemy.actor.util.CausalityInterfaceForComposites._computeActorDepth(CausalityInterfaceForComposites.java:532)
	at ptolemy.actor.util.CausalityInterfaceForComposites.checkForCycles(CausalityInterfaceForComposites.java:96)
	at ptolemy.domains.de.kernel.DEDirector.preinitialize(DEDirector.java:1338)
	at ptolemy.actor.CompositeActor.preinitialize(CompositeActor.java:1828)
	at ptolemy.actor.Manager.preinitializeAndResolveTypes(Manager.java:1040)
	at ptolemy.actor.Manager.initialize(Manager.java:710)
	at ptolemy.actor.Manager.execute(Manager.java:356)
	at ptolemy.actor.Manager.run(Manager.java:1263)
	at ptolemy.actor.Manager$PtolemyRunThread.run(Manager.java:1915)

    while executing
ptolemy.kernel.util.IllegalActionException: Found a zero delay loop containing .dependencyLoop.original
  in .dependencyLoop and .dependencyLoop.original
    while executing
"java::new ptolemy.moml.MoMLSimpleApplication $file
"
    (procedure "createAndExecute" line 2)
    invoked from within
"createAndExecute $file"
    ("uplevel" body line 5)
    invoked from within
"uplevel $contents_of_test"
------------------ testing $PTII/ptolemy/domains/de/test/auto/knownFailedTests/DESDFClockTest.xml (Known Failure) 
2069 ms. Memory: 146944K Free: 117649K (80%)


==== $PTIIhome/travis/build/icyphy/ptII/ptolemy/domains/de/test/../../../../: Auto Automatic test in file $PTII/ptolemy/domains/de/test/auto/knownFailedTests/DESDFClockTest.xml
==== Contents of test case:

	    # FIXME: we should use $relativeFilename here, but it
	    # might have backslashes under Windows, which causes no end
	    # of trouble.
	    createAndExecute $file
	    list {}
	
.... Test generated KNOWN error:
    while executing
ptolemy.kernel.util.IllegalActionException: Actor is not ready to fire.  Perhaps UpSample.prefire() returned false? Try debugging the actor by selecting "Listen to Actor".  Also, for SDF check moml for tokenConsumptionRate on input.
  in .DESDFClockTest.Play Bell.Copy1:SDF Director and .DESDFClockTest.Play Bell.UpSample
	at ptolemy.actor.sched.StaticSchedulingDirector.fire(StaticSchedulingDirector.java:227)
	at ptolemy.domains.sdf.kernel.SDFDirector.fire(SDFDirector.java:500)
	at ptolemy.actor.CompositeActor.fire(CompositeActor.java:455)
	at ptolemy.domains.de.kernel.DEDirector._fire(DEDirector.java:1949)
	at ptolemy.domains.de.kernel.DEDirector.fire(DEDirector.java:502)
	at ptolemy.actor.CompositeActor.fire(CompositeActor.java:455)
	at ptolemy.actor.Manager.iterate(Manager.java:851)
	at ptolemy.actor.Manager.execute(Manager.java:369)
	at ptolemy.actor.Manager.run(Manager.java:1263)
	at ptolemy.actor.Manager$PtolemyRunThread.run(Manager.java:1915)

    while executing
ptolemy.kernel.util.IllegalActionException: Actor is not ready to fire.  Perhaps UpSample.prefire() returned false? Try debugging the actor by selecting "Listen to Actor".  Also, for SDF check moml for tokenConsumptionRate on input.
  in .DESDFClockTest.Play Bell.Copy1:SDF Director and .DESDFClockTest.Play Bell.UpSample
    while executing
"java::new ptolemy.moml.MoMLSimpleApplication $file
"
    (procedure "createAndExecute" line 2)
    invoked from within
"createAndExecute $file"
    ("uplevel" body line 5)
    invoked from within
"uplevel $contents_of_test"
------------------ testing $PTII/ptolemy/domains/de/test/auto/knownFailedTests/FSMSource.xml (Known Failure) 
19 ms. Memory: 146944K Free: 108118K (74%)
!!!! Auto was marked as failing, but now passes
------------------ testing $PTII/ptolemy/domains/de/test/auto/knownFailedTests/dependencyLoop2.xml (Known Failure) 
6 ms. Memory: 146944K Free: 106259K (72%)


==== $PTIIhome/travis/build/icyphy/ptII/ptolemy/domains/de/test/../../../../: Auto Automatic test in file $PTII/ptolemy/domains/de/test/auto/knownFailedTests/dependencyLoop2.xml
==== Contents of test case:

	    # FIXME: we should use $relativeFilename here, but it
	    # might have backslashes under Windows, which causes no end
	    # of trouble.
	    createAndExecute $file
	    list {}
	
.... Test generated KNOWN error:
    while executing
ptolemy.kernel.util.IllegalActionException: Found a zero delay loop containing .dependencyLoop2.original
  in .dependencyLoop2 and .dependencyLoop2.original
	at ptolemy.actor.util.CausalityInterfaceForComposites._computeOutputPortDepth(CausalityInterfaceForComposites.java:759)
	at ptolemy.actor.util.CausalityInterfaceForComposites._computeInputDepth(CausalityInterfaceForComposites.java:696)
	at ptolemy.actor.util.CausalityInterfaceForComposites._computeOutputPortDepth(CausalityInterfaceForComposites.java:765)
	at ptolemy.actor.util.CausalityInterfaceForComposites._computeInputDepth(CausalityInterfaceForComposites.java:696)
	at ptolemy.actor.util.CausalityInterfaceForComposites._computeOutputPortDepth(CausalityInterfaceForComposites.java:765)
	at ptolemy.actor.util.CausalityInterfaceForComposites._computeInputDepth(CausalityInterfaceForComposites.java:696)
	at ptolemy.actor.util.CausalityInterfaceForComposites._computeActorDepth(CausalityInterfaceForComposites.java:532)
	at ptolemy.actor.util.CausalityInterfaceForComposites.checkForCycles(CausalityInterfaceForComposites.java:96)
	at ptolemy.domains.de.kernel.DEDirector.preinitialize(DEDirector.java:1338)
	at ptolemy.actor.CompositeActor.preinitialize(CompositeActor.java:1828)
	at ptolemy.actor.Manager.preinitializeAndResolveTypes(Manager.java:1040)
	at ptolemy.actor.Manager.initialize(Manager.java:710)
	at ptolemy.actor.Manager.execute(Manager.java:356)
	at ptolemy.actor.Manager.run(Manager.java:1263)
	at ptolemy.actor.Manager$PtolemyRunThread.run(Manager.java:1915)

    while executing
ptolemy.kernel.util.IllegalActionException: Found a zero delay loop containing .dependencyLoop2.original
  in .dependencyLoop2 and .dependencyLoop2.original
    while executing
"java::new ptolemy.moml.MoMLSimpleApplication $file
"
    (procedure "createAndExecute" line 2)
    invoked from within
"createAndExecute $file"
    ("uplevel" body line 5)
    invoked from within
"uplevel $contents_of_test"
------------------ testing $PTII/ptolemy/domains/de/test/auto/knownFailedTests/HierarchicalModel.xml (Known Failure) 
10 ms. Memory: 146944K Free: 85629K (58%)


==== $PTIIhome/travis/build/icyphy/ptII/ptolemy/domains/de/test/../../../../: Auto Automatic test in file $PTII/ptolemy/domains/de/test/auto/knownFailedTests/HierarchicalModel.xml
==== Contents of test case:

	    # FIXME: we should use $relativeFilename here, but it
	    # might have backslashes under Windows, which causes no end
	    # of trouble.
	    createAndExecute $file
	    list {}
	
.... Test generated KNOWN error:
    while executing
ptolemy.kernel.util.IllegalActionException: Found a zero delay loop containing .HierarchicalModel.A
  in .HierarchicalModel and .HierarchicalModel.A
	at ptolemy.actor.util.CausalityInterfaceForComposites._computeOutputPortDepth(CausalityInterfaceForComposites.java:759)
	at ptolemy.actor.util.CausalityInterfaceForComposites._computeInputDepth(CausalityInterfaceForComposites.java:696)
	at ptolemy.actor.util.CausalityInterfaceForComposites._computeOutputPortDepth(CausalityInterfaceForComposites.java:765)
	at ptolemy.actor.util.CausalityInterfaceForComposites._computeInputDepth(CausalityInterfaceForComposites.java:696)
	at ptolemy.actor.util.CausalityInterfaceForComposites._computeOutputPortDepth(CausalityInterfaceForComposites.java:765)
	at ptolemy.actor.util.CausalityInterfaceForComposites._computeInputDepth(CausalityInterfaceForComposites.java:696)
	at ptolemy.actor.util.CausalityInterfaceForComposites._computeActorDepth(CausalityInterfaceForComposites.java:532)
	at ptolemy.actor.util.CausalityInterfaceForComposites.checkForCycles(CausalityInterfaceForComposites.java:96)
	at ptolemy.domains.de.kernel.DEDirector.preinitialize(DEDirector.java:1338)
	at ptolemy.actor.CompositeActor.preinitialize(CompositeActor.java:1828)
	at ptolemy.actor.Manager.preinitializeAndResolveTypes(Manager.java:1040)
	at ptolemy.actor.Manager.initialize(Manager.java:710)
	at ptolemy.actor.Manager.execute(Manager.java:356)
	at ptolemy.actor.Manager.run(Manager.java:1263)
	at ptolemy.actor.Manager$PtolemyRunThread.run(Manager.java:1915)

    while executing
ptolemy.kernel.util.IllegalActionException: Found a zero delay loop containing .HierarchicalModel.A
  in .HierarchicalModel and .HierarchicalModel.A
    while executing
"java::new ptolemy.moml.MoMLSimpleApplication $file
"
    (procedure "createAndExecute" line 2)
    invoked from within
"createAndExecute $file"
    ("uplevel" body line 5)
    invoked from within
"uplevel $contents_of_test"
------------------ testing $PTII/ptolemy/domains/de/test/auto/knownFailedTests/DirectFeedback.xml (Known Failure) 
14 ms. Memory: 146944K Free: 141827K (97%)


==== $PTIIhome/travis/build/icyphy/ptII/ptolemy/domains/de/test/../../../../: Auto Automatic test in file $PTII/ptolemy/domains/de/test/auto/knownFailedTests/DirectFeedback.xml
==== Contents of test case:

	    # FIXME: we should use $relativeFilename here, but it
	    # might have backslashes under Windows, which causes no end
	    # of trouble.
	    createAndExecute $file
	    list {}
	
.... Test generated KNOWN error:
    while executing
ptolemy.kernel.util.IllegalActionException: Test fails in iteration 1.
Value was: 1.0. Should have been: 2.0
  in .DirectFeedback.Test
	at ptolemy.actor.lib.Test.fire(Test.java:268)
	at ptolemy.domains.de.kernel.DEDirector._fire(DEDirector.java:1949)
	at ptolemy.domains.de.kernel.DEDirector.fire(DEDirector.java:502)
	at ptolemy.actor.CompositeActor.fire(CompositeActor.java:455)
	at ptolemy.actor.Manager.iterate(Manager.java:851)
	at ptolemy.actor.Manager.execute(Manager.java:369)
	at ptolemy.actor.Manager.run(Manager.java:1263)
	at ptolemy.actor.Manager$PtolemyRunThread.run(Manager.java:1915)

    while executing
ptolemy.kernel.util.IllegalActionException: Test fails in iteration 1.
Value was: 1.0. Should have been: 2.0
  in .DirectFeedback.Test
    while executing
"java::new ptolemy.moml.MoMLSimpleApplication $file
"
    (procedure "createAndExecute" line 2)
    invoked from within
"createAndExecute $file"
    ("uplevel" body line 5)
    invoked from within
"uplevel $contents_of_test"
------------------ testing $PTII/ptolemy/domains/de/test/auto/ActorDepthCalculation_actorWithoutPorts.xml
auto.tcl: Setting watchdog for 200 seconds at Wed Jun 13 06:35:50 UTC 2018
4 ms. Memory: 146944K Free: 134331K (91%)
ptolemy.util.test.WatchDog.cancel(): canceling Wed Jun 13 06:35:50 UTC 2018
auto.tcl: Setting watchdog for 200 seconds at Wed Jun 13 06:35:50 UTC 2018
5 ms. Memory: 146944K Free: 133301K (91%)
ptolemy.util.test.WatchDog.cancel(): canceling Wed Jun 13 06:35:50 UTC 2018
------------------ testing $PTII/ptolemy/domains/de/test/auto/AssemblyLine.xml
auto.tcl: Setting watchdog for 200 seconds at Wed Jun 13 06:35:50 UTC 2018
19 ms. Memory: 208384K Free: 183151K (88%)
ptolemy.util.test.WatchDog.cancel(): canceling Wed Jun 13 06:35:50 UTC 2018
auto.tcl: Setting watchdog for 200 seconds at Wed Jun 13 06:35:50 UTC 2018
9 ms. Memory: 208384K Free: 183151K (88%)
ptolemy.util.test.WatchDog.cancel(): canceling Wed Jun 13 06:35:50 UTC 2018
------------------ testing $PTII/ptolemy/domains/de/test/auto/CQBug1.xml
auto.tcl: Setting watchdog for 200 seconds at Wed Jun 13 06:35:50 UTC 2018
2 ms. Memory: 208384K Free: 197667K (95%)
ptolemy.util.test.WatchDog.cancel(): canceling Wed Jun 13 06:35:50 UTC 2018
auto.tcl: Setting watchdog for 200 seconds at Wed Jun 13 06:35:50 UTC 2018
2 ms. Memory: 208384K Free: 197667K (95%)
ptolemy.util.test.WatchDog.cancel(): canceling Wed Jun 13 06:35:50 UTC 2018
------------------ testing $PTII/ptolemy/domains/de/test/auto/CancelFireAt.xml
auto.tcl: Setting watchdog for 200 seconds at Wed Jun 13 06:35:50 UTC 2018
3 ms. Memory: 208384K Free: 201413K (97%)
ptolemy.util.test.WatchDog.cancel(): canceling Wed Jun 13 06:35:50 UTC 2018
auto.tcl: Setting watchdog for 200 seconds at Wed Jun 13 06:35:50 UTC 2018
6 ms. Memory: 208384K Free: 199287K (96%)
ptolemy.util.test.WatchDog.cancel(): canceling Wed Jun 13 06:35:51 UTC 2018
------------------ testing $PTII/ptolemy/domains/de/test/auto/CausalityAndComposabilityAnalysis.xml
auto.tcl: Setting watchdog for 200 seconds at Wed Jun 13 06:35:51 UTC 2018
8 ms. Memory: 208384K Free: 198548K (95%)
ptolemy.util.test.WatchDog.cancel(): canceling Wed Jun 13 06:35:51 UTC 2018
auto.tcl: Setting watchdog for 200 seconds at Wed Jun 13 06:35:51 UTC 2018
5 ms. Memory: 208384K Free: 196421K (94%)
ptolemy.util.test.WatchDog.cancel(): canceling Wed Jun 13 06:35:51 UTC 2018
------------------ testing $PTII/ptolemy/domains/de/test/auto/CausalityInterface1.xml
auto.tcl: Setting watchdog for 200 seconds at Wed Jun 13 06:35:51 UTC 2018
15 ms. Memory: 208384K Free: 196358K (94%)
ptolemy.util.test.WatchDog.cancel(): canceling Wed Jun 13 06:35:51 UTC 2018
auto.tcl: Setting watchdog for 200 seconds at Wed Jun 13 06:35:51 UTC 2018
3 ms. Memory: 208384K Free: 196358K (94%)
ptolemy.util.test.WatchDog.cancel(): canceling Wed Jun 13 06:35:51 UTC 2018
------------------ testing $PTII/ptolemy/domains/de/test/auto/CausalityInterface15.xml
auto.tcl: Setting watchdog for 200 seconds at Wed Jun 13 06:35:51 UTC 2018
13 ms. Memory: 208384K Free: 196349K (94%)
ptolemy.util.test.WatchDog.cancel(): canceling Wed Jun 13 06:35:51 UTC 2018
auto.tcl: Setting watchdog for 200 seconds at Wed Jun 13 06:35:51 UTC 2018
3 ms. Memory: 208384K Free: 196349K (94%)
ptolemy.util.test.WatchDog.cancel(): canceling Wed Jun 13 06:35:51 UTC 2018
------------------ testing $PTII/ptolemy/domains/de/test/auto/CausalityInterface2.xml
auto.tcl: Setting watchdog for 200 seconds at Wed Jun 13 06:35:51 UTC 2018
12 ms. Memory: 208384K Free: 196333K (94%)
ptolemy.util.test.WatchDog.cancel(): canceling Wed Jun 13 06:35:51 UTC 2018
auto.tcl: Setting watchdog for 200 seconds at Wed Jun 13 06:35:51 UTC 2018
3 ms. Memory: 208384K Free: 196333K (94%)
ptolemy.util.test.WatchDog.cancel(): canceling Wed Jun 13 06:35:51 UTC 2018
------------------ testing $PTII/ptolemy/domains/de/test/auto/CausalityInterface3.xml
auto.tcl: Setting watchdog for 200 seconds at Wed Jun 13 06:35:51 UTC 2018
3 ms. Memory: 208384K Free: 196683K (94%)
ptolemy.util.test.WatchDog.cancel(): canceling Wed Jun 13 06:35:51 UTC 2018
auto.tcl: Setting watchdog for 200 seconds at Wed Jun 13 06:35:51 UTC 2018
5 ms. Memory: 208384K Free: 196346K (94%)
ptolemy.util.test.WatchDog.cancel(): canceling Wed Jun 13 06:35:51 UTC 2018
------------------ testing $PTII/ptolemy/domains/de/test/auto/ClockDrift.xml
auto.tcl: Setting watchdog for 200 seconds at Wed Jun 13 06:35:51 UTC 2018
84 ms. Memory: 208384K Free: 187499K (90%)
ptolemy.util.test.WatchDog.cancel(): canceling Wed Jun 13 06:35:51 UTC 2018
auto.tcl: Setting watchdog for 200 seconds at Wed Jun 13 06:35:51 UTC 2018
35 ms. Memory: 208384K Free: 185372K (89%)
ptolemy.util.test.WatchDog.cancel(): canceling Wed Jun 13 06:35:51 UTC 2018
------------------ testing $PTII/ptolemy/domains/de/test/auto/ClockDriftAndValueChange.xml
auto.tcl: Setting watchdog for 200 seconds at Wed Jun 13 06:35:51 UTC 2018
48 ms. Memory: 208384K Free: 187330K (90%)
ptolemy.util.test.WatchDog.cancel(): canceling Wed Jun 13 06:35:51 UTC 2018
auto.tcl: Setting watchdog for 200 seconds at Wed Jun 13 06:35:51 UTC 2018
43 ms. Memory: 208384K Free: 185204K (89%)
ptolemy.util.test.WatchDog.cancel(): canceling Wed Jun 13 06:35:51 UTC 2018
------------------ testing $PTII/ptolemy/domains/de/test/auto/ClockDriftChange.xml
auto.tcl: Setting watchdog for 200 seconds at Wed Jun 13 06:35:51 UTC 2018
32 ms. Memory: 208384K Free: 190683K (92%)
ptolemy.util.test.WatchDog.cancel(): canceling Wed Jun 13 06:35:52 UTC 2018
auto.tcl: Setting watchdog for 200 seconds at Wed Jun 13 06:35:52 UTC 2018
23 ms. Memory: 208384K Free: 188557K (90%)
ptolemy.util.test.WatchDog.cancel(): canceling Wed Jun 13 06:35:52 UTC 2018
------------------ testing $PTII/ptolemy/domains/de/test/auto/ComposableCausalityAnalysis.xml
auto.tcl: Setting watchdog for 200 seconds at Wed Jun 13 06:35:52 UTC 2018
2 ms. Memory: 208384K Free: 196202K (94%)
ptolemy.util.test.WatchDog.cancel(): canceling Wed Jun 13 06:35:52 UTC 2018
auto.tcl: Setting watchdog for 200 seconds at Wed Jun 13 06:35:52 UTC 2018
2 ms. Memory: 208384K Free: 194076K (93%)
ptolemy.util.test.WatchDog.cancel(): canceling Wed Jun 13 06:35:52 UTC 2018
------------------ testing $PTII/ptolemy/domains/de/test/auto/DEFixedPointLimitation.xml
auto.tcl: Setting watchdog for 200 seconds at Wed Jun 13 06:35:52 UTC 2018
1 ms. Memory: 208384K Free: 198409K (95%)
ptolemy.util.test.WatchDog.cancel(): canceling Wed Jun 13 06:35:52 UTC 2018
auto.tcl: Setting watchdog for 200 seconds at Wed Jun 13 06:35:52 UTC 2018
1 ms. Memory: 208384K Free: 196283K (94%)
ptolemy.util.test.WatchDog.cancel(): canceling Wed Jun 13 06:35:52 UTC 2018
------------------ testing $PTII/ptolemy/domains/de/test/auto/DEScheduleTest.xml
auto.tcl: Setting watchdog for 200 seconds at Wed Jun 13 06:35:52 UTC 2018
4 ms. Memory: 208384K Free: 198445K (95%)
ptolemy.util.test.WatchDog.cancel(): canceling Wed Jun 13 06:35:52 UTC 2018
auto.tcl: Setting watchdog for 200 seconds at Wed Jun 13 06:35:52 UTC 2018
6 ms. Memory: 208384K Free: 196318K (94%)
ptolemy.util.test.WatchDog.cancel(): canceling Wed Jun 13 06:35:52 UTC 2018
------------------ testing $PTII/ptolemy/domains/de/test/auto/DEinDEwithStartTimes.xml
auto.tcl: Setting watchdog for 200 seconds at Wed Jun 13 06:35:52 UTC 2018
3 ms. Memory: 208384K Free: 196288K (94%)
ptolemy.util.test.WatchDog.cancel(): canceling Wed Jun 13 06:35:52 UTC 2018
auto.tcl: Setting watchdog for 200 seconds at Wed Jun 13 06:35:52 UTC 2018
7 ms. Memory: 208384K Free: 194162K (93%)
ptolemy.util.test.WatchDog.cancel(): canceling Wed Jun 13 06:35:52 UTC 2018
------------------ testing $PTII/ptolemy/domains/de/test/auto/DEinDEwithStartTimes2.xml
auto.tcl: Setting watchdog for 200 seconds at Wed Jun 13 06:35:52 UTC 2018
7 ms. Memory: 208384K Free: 196267K (94%)
ptolemy.util.test.WatchDog.cancel(): canceling Wed Jun 13 06:35:52 UTC 2018
auto.tcl: Setting watchdog for 200 seconds at Wed Jun 13 06:35:52 UTC 2018
4 ms. Memory: 208384K Free: 194141K (93%)
ptolemy.util.test.WatchDog.cancel(): canceling Wed Jun 13 06:35:52 UTC 2018
------------------ testing $PTII/ptolemy/domains/de/test/auto/DateDemo.xml
auto.tcl: Setting watchdog for 200 seconds at Wed Jun 13 06:35:52 UTC 2018
14 ms. Memory: 208384K Free: 188627K (91%)
ptolemy.util.test.WatchDog.cancel(): canceling Wed Jun 13 06:35:52 UTC 2018
auto.tcl: Setting watchdog for 200 seconds at Wed Jun 13 06:35:52 UTC 2018
8 ms. Memory: 208384K Free: 186500K (89%)
ptolemy.util.test.WatchDog.cancel(): canceling Wed Jun 13 06:35:52 UTC 2018
------------------ testing $PTII/ptolemy/domains/de/test/auto/DateToEvent.xml
auto.tcl: Setting watchdog for 200 seconds at Wed Jun 13 06:35:52 UTC 2018
2016 ms. Memory: 208384K Free: 183246K (88%)
ptolemy.util.test.WatchDog.cancel(): canceling Wed Jun 13 06:35:54 UTC 2018
auto.tcl: Setting watchdog for 200 seconds at Wed Jun 13 06:35:54 UTC 2018
2004 ms. Memory: 208384K Free: 183246K (88%)
ptolemy.util.test.WatchDog.cancel(): canceling Wed Jun 13 06:35:56 UTC 2018
------------------ testing $PTII/ptolemy/domains/de/test/auto/DepthTest1.xml
auto.tcl: Setting watchdog for 200 seconds at Wed Jun 13 06:35:56 UTC 2018
4 ms. Memory: 208384K Free: 197974K (95%)
ptolemy.util.test.WatchDog.cancel(): canceling Wed Jun 13 06:35:56 UTC 2018
auto.tcl: Setting watchdog for 200 seconds at Wed Jun 13 06:35:56 UTC 2018
9 ms. Memory: 208384K Free: 197974K (95%)
ptolemy.util.test.WatchDog.cancel(): canceling Wed Jun 13 06:35:56 UTC 2018
------------------ testing $PTII/ptolemy/domains/de/test/auto/DepthTest2.xml
auto.tcl: Setting watchdog for 200 seconds at Wed Jun 13 06:35:56 UTC 2018
11 ms. Memory: 208384K Free: 194153K (93%)
ptolemy.util.test.WatchDog.cancel(): canceling Wed Jun 13 06:35:56 UTC 2018
auto.tcl: Setting watchdog for 200 seconds at Wed Jun 13 06:35:56 UTC 2018
3 ms. Memory: 208384K Free: 194153K (93%)
ptolemy.util.test.WatchDog.cancel(): canceling Wed Jun 13 06:35:56 UTC 2018
------------------ testing $PTII/ptolemy/domains/de/test/auto/DepthTest3.xml
auto.tcl: Setting watchdog for 200 seconds at Wed Jun 13 06:35:56 UTC 2018
2 ms. Memory: 208384K Free: 198645K (95%)
ptolemy.util.test.WatchDog.cancel(): canceling Wed Jun 13 06:35:57 UTC 2018
auto.tcl: Setting watchdog for 200 seconds at Wed Jun 13 06:35:57 UTC 2018
2 ms. Memory: 208384K Free: 198645K (95%)
ptolemy.util.test.WatchDog.cancel(): canceling Wed Jun 13 06:35:57 UTC 2018
------------------ testing $PTII/ptolemy/domains/de/test/auto/DepthTest4.xml
auto.tcl: Setting watchdog for 200 seconds at Wed Jun 13 06:35:57 UTC 2018
5 ms. Memory: 208384K Free: 196269K (94%)
ptolemy.util.test.WatchDog.cancel(): canceling Wed Jun 13 06:35:57 UTC 2018
auto.tcl: Setting watchdog for 200 seconds at Wed Jun 13 06:35:57 UTC 2018
2 ms. Memory: 208384K Free: 196269K (94%)
ptolemy.util.test.WatchDog.cancel(): canceling Wed Jun 13 06:35:57 UTC 2018
------------------ testing $PTII/ptolemy/domains/de/test/auto/DepthTest5.xml
auto.tcl: Setting watchdog for 200 seconds at Wed Jun 13 06:35:57 UTC 2018
2 ms. Memory: 208384K Free: 196216K (94%)
ptolemy.util.test.WatchDog.cancel(): canceling Wed Jun 13 06:35:57 UTC 2018
auto.tcl: Setting watchdog for 200 seconds at Wed Jun 13 06:35:57 UTC 2018
2 ms. Memory: 208384K Free: 196216K (94%)
ptolemy.util.test.WatchDog.cancel(): canceling Wed Jun 13 06:35:57 UTC 2018
------------------ testing $PTII/ptolemy/domains/de/test/auto/DepthTest6.xml
auto.tcl: Setting watchdog for 200 seconds at Wed Jun 13 06:35:57 UTC 2018
6 ms. Memory: 208384K Free: 196177K (94%)
ptolemy.util.test.WatchDog.cancel(): canceling Wed Jun 13 06:35:57 UTC 2018
auto.tcl: Setting watchdog for 200 seconds at Wed Jun 13 06:35:57 UTC 2018
2 ms. Memory: 208384K Free: 196177K (94%)
ptolemy.util.test.WatchDog.cancel(): canceling Wed Jun 13 06:35:57 UTC 2018
------------------ testing $PTII/ptolemy/domains/de/test/auto/DepthTest7.xml
auto.tcl: Setting watchdog for 200 seconds at Wed Jun 13 06:35:57 UTC 2018
3 ms. Memory: 208384K Free: 196173K (94%)
ptolemy.util.test.WatchDog.cancel(): canceling Wed Jun 13 06:35:57 UTC 2018
auto.tcl: Setting watchdog for 200 seconds at Wed Jun 13 06:35:57 UTC 2018
2 ms. Memory: 208384K Free: 196173K (94%)
ptolemy.util.test.WatchDog.cancel(): canceling Wed Jun 13 06:35:57 UTC 2018
------------------ testing $PTII/ptolemy/domains/de/test/auto/EventToDate.xml
auto.tcl: Setting watchdog for 200 seconds at Wed Jun 13 06:35:57 UTC 2018
3009 ms. Memory: 208384K Free: 185563K (89%)
ptolemy.util.test.WatchDog.cancel(): canceling Wed Jun 13 06:36:00 UTC 2018
auto.tcl: Setting watchdog for 200 seconds at Wed Jun 13 06:36:00 UTC 2018
3003 ms. Memory: 208384K Free: 185563K (89%)
ptolemy.util.test.WatchDog.cancel(): canceling Wed Jun 13 06:36:03 UTC 2018
------------------ testing $PTII/ptolemy/domains/de/test/auto/FSM1.xml
auto.tcl: Setting watchdog for 200 seconds at Wed Jun 13 06:36:03 UTC 2018
28 ms. Memory: 208384K Free: 189172K (91%)
ptolemy.util.test.WatchDog.cancel(): canceling Wed Jun 13 06:36:03 UTC 2018
auto.tcl: Setting watchdog for 200 seconds at Wed Jun 13 06:36:03 UTC 2018
14 ms. Memory: 208384K Free: 184919K (89%)
ptolemy.util.test.WatchDog.cancel(): canceling Wed Jun 13 06:36:03 UTC 2018
------------------ testing $PTII/ptolemy/domains/de/test/auto/FSM7.xml
auto.tcl: Setting watchdog for 200 seconds at Wed Jun 13 06:36:03 UTC 2018
25 ms. Memory: 208384K Free: 187248K (90%)
ptolemy.util.test.WatchDog.cancel(): canceling Wed Jun 13 06:36:03 UTC 2018
auto.tcl: Setting watchdog for 200 seconds at Wed Jun 13 06:36:03 UTC 2018
19 ms. Memory: 208384K Free: 185121K (89%)
ptolemy.util.test.WatchDog.cancel(): canceling Wed Jun 13 06:36:03 UTC 2018
------------------ testing $PTII/ptolemy/domains/de/test/auto/Inspection.xml
auto.tcl: Setting watchdog for 200 seconds at Wed Jun 13 06:36:03 UTC 2018
20 ms. Memory: 208384K Free: 188799K (91%)
ptolemy.util.test.WatchDog.cancel(): canceling Wed Jun 13 06:36:03 UTC 2018
auto.tcl: Setting watchdog for 200 seconds at Wed Jun 13 06:36:03 UTC 2018
23 ms. Memory: 208384K Free: 186673K (90%)
ptolemy.util.test.WatchDog.cancel(): canceling Wed Jun 13 06:36:03 UTC 2018
------------------ testing $PTII/ptolemy/domains/de/test/auto/Iteration.xml
auto.tcl: Setting watchdog for 200 seconds at Wed Jun 13 06:36:03 UTC 2018
8 ms. Memory: 208384K Free: 196316K (94%)
ptolemy.util.test.WatchDog.cancel(): canceling Wed Jun 13 06:36:03 UTC 2018
auto.tcl: Setting watchdog for 200 seconds at Wed Jun 13 06:36:03 UTC 2018
7 ms. Memory: 208384K Free: 193851K (93%)
ptolemy.util.test.WatchDog.cancel(): canceling Wed Jun 13 06:36:03 UTC 2018
------------------ testing $PTII/ptolemy/domains/de/test/auto/LineFault.xml
auto.tcl: Setting watchdog for 200 seconds at Wed Jun 13 06:36:03 UTC 2018
648 ms. Memory: 208384K Free: 195074K (94%)
ptolemy.util.test.WatchDog.cancel(): canceling Wed Jun 13 06:36:04 UTC 2018
auto.tcl: Setting watchdog for 200 seconds at Wed Jun 13 06:36:04 UTC 2018
564 ms. Memory: 208384K Free: 138893K (67%)
ptolemy.util.test.WatchDog.cancel(): canceling Wed Jun 13 06:36:05 UTC 2018
------------------ testing $PTII/ptolemy/domains/de/test/auto/MergeModel1Add.xml
auto.tcl: Setting watchdog for 200 seconds at Wed Jun 13 06:36:05 UTC 2018
38 ms. Memory: 331264K Free: 302843K (91%)
ptolemy.util.test.WatchDog.cancel(): canceling Wed Jun 13 06:36:05 UTC 2018
auto.tcl: Setting watchdog for 200 seconds at Wed Jun 13 06:36:05 UTC 2018
13 ms. Memory: 331264K Free: 298900K (90%)
ptolemy.util.test.WatchDog.cancel(): canceling Wed Jun 13 06:36:05 UTC 2018
------------------ testing $PTII/ptolemy/domains/de/test/auto/MergeModel2Add.xml
auto.tcl: Setting watchdog for 200 seconds at Wed Jun 13 06:36:05 UTC 2018
12 ms. Memory: 331264K Free: 304182K (92%)
ptolemy.util.test.WatchDog.cancel(): canceling Wed Jun 13 06:36:05 UTC 2018
auto.tcl: Setting watchdog for 200 seconds at Wed Jun 13 06:36:05 UTC 2018
10 ms. Memory: 331264K Free: 300239K (91%)
ptolemy.util.test.WatchDog.cancel(): canceling Wed Jun 13 06:36:05 UTC 2018
------------------ testing $PTII/ptolemy/domains/de/test/auto/MergeModel3Add.xml
auto.tcl: Setting watchdog for 200 seconds at Wed Jun 13 06:36:05 UTC 2018
11 ms. Memory: 331264K Free: 304192K (92%)
ptolemy.util.test.WatchDog.cancel(): canceling Wed Jun 13 06:36:05 UTC 2018
auto.tcl: Setting watchdog for 200 seconds at Wed Jun 13 06:36:05 UTC 2018
8 ms. Memory: 331264K Free: 300250K (91%)
ptolemy.util.test.WatchDog.cancel(): canceling Wed Jun 13 06:36:05 UTC 2018
------------------ testing $PTII/ptolemy/domains/de/test/auto/MergeWithoutDiscard.xml
auto.tcl: Setting watchdog for 200 seconds at Wed Jun 13 06:36:05 UTC 2018
4 ms. Memory: 331264K Free: 316017K (95%)
ptolemy.util.test.WatchDog.cancel(): canceling Wed Jun 13 06:36:05 UTC 2018
auto.tcl: Setting watchdog for 200 seconds at Wed Jun 13 06:36:05 UTC 2018
2 ms. Memory: 331264K Free: 316017K (95%)
ptolemy.util.test.WatchDog.cancel(): canceling Wed Jun 13 06:36:05 UTC 2018
------------------ testing $PTII/ptolemy/domains/de/test/auto/Modal1.xml
auto.tcl: Setting watchdog for 200 seconds at Wed Jun 13 06:36:05 UTC 2018
18 ms. Memory: 331264K Free: 309915K (94%)
ptolemy.util.test.WatchDog.cancel(): canceling Wed Jun 13 06:36:06 UTC 2018
auto.tcl: Setting watchdog for 200 seconds at Wed Jun 13 06:36:06 UTC 2018
19 ms. Memory: 331264K Free: 305972K (92%)
ptolemy.util.test.WatchDog.cancel(): canceling Wed Jun 13 06:36:06 UTC 2018
------------------ testing $PTII/ptolemy/domains/de/test/auto/Modal2.xml
auto.tcl: Setting watchdog for 200 seconds at Wed Jun 13 06:36:06 UTC 2018
16 ms. Memory: 331264K Free: 309796K (94%)
ptolemy.util.test.WatchDog.cancel(): canceling Wed Jun 13 06:36:06 UTC 2018
auto.tcl: Setting watchdog for 200 seconds at Wed Jun 13 06:36:06 UTC 2018
17 ms. Memory: 331264K Free: 305853K (92%)
ptolemy.util.test.WatchDog.cancel(): canceling Wed Jun 13 06:36:06 UTC 2018
------------------ testing $PTII/ptolemy/domains/de/test/auto/Modal3.xml
auto.tcl: Setting watchdog for 200 seconds at Wed Jun 13 06:36:06 UTC 2018
9 ms. Memory: 331264K Free: 310072K (94%)
ptolemy.util.test.WatchDog.cancel(): canceling Wed Jun 13 06:36:06 UTC 2018
auto.tcl: Setting watchdog for 200 seconds at Wed Jun 13 06:36:06 UTC 2018
10 ms. Memory: 331264K Free: 305844K (92%)
ptolemy.util.test.WatchDog.cancel(): canceling Wed Jun 13 06:36:06 UTC 2018
------------------ testing $PTII/ptolemy/domains/de/test/auto/Modal4.xml
auto.tcl: Setting watchdog for 200 seconds at Wed Jun 13 06:36:06 UTC 2018
24 ms. Memory: 331264K Free: 309800K (94%)
ptolemy.util.test.WatchDog.cancel(): canceling Wed Jun 13 06:36:06 UTC 2018
auto.tcl: Setting watchdog for 200 seconds at Wed Jun 13 06:36:06 UTC 2018
16 ms. Memory: 331264K Free: 305857K (92%)
ptolemy.util.test.WatchDog.cancel(): canceling Wed Jun 13 06:36:06 UTC 2018
------------------ testing $PTII/ptolemy/domains/de/test/auto/Modal5.xml
auto.tcl: Setting watchdog for 200 seconds at Wed Jun 13 06:36:06 UTC 2018
20 ms. Memory: 331264K Free: 309787K (94%)
ptolemy.util.test.WatchDog.cancel(): canceling Wed Jun 13 06:36:06 UTC 2018
auto.tcl: Setting watchdog for 200 seconds at Wed Jun 13 06:36:06 UTC 2018
12 ms. Memory: 331264K Free: 305844K (92%)
ptolemy.util.test.WatchDog.cancel(): canceling Wed Jun 13 06:36:06 UTC 2018
------------------ testing $PTII/ptolemy/domains/de/test/auto/Modal6.xml
auto.tcl: Setting watchdog for 200 seconds at Wed Jun 13 06:36:06 UTC 2018
14 ms. Memory: 331264K Free: 309784K (94%)
ptolemy.util.test.WatchDog.cancel(): canceling Wed Jun 13 06:36:06 UTC 2018
auto.tcl: Setting watchdog for 200 seconds at Wed Jun 13 06:36:06 UTC 2018
15 ms. Memory: 331264K Free: 305842K (92%)
ptolemy.util.test.WatchDog.cancel(): canceling Wed Jun 13 06:36:06 UTC 2018
------------------ testing $PTII/ptolemy/domains/de/test/auto/Modal7.xml
auto.tcl: Setting watchdog for 200 seconds at Wed Jun 13 06:36:06 UTC 2018
8 ms. Memory: 331264K Free: 309785K (94%)
ptolemy.util.test.WatchDog.cancel(): canceling Wed Jun 13 06:36:06 UTC 2018
auto.tcl: Setting watchdog for 200 seconds at Wed Jun 13 06:36:06 UTC 2018
9 ms. Memory: 331264K Free: 305842K (92%)
ptolemy.util.test.WatchDog.cancel(): canceling Wed Jun 13 06:36:06 UTC 2018
------------------ testing $PTII/ptolemy/domains/de/test/auto/ModalModel.xml
auto.tcl: Setting watchdog for 200 seconds at Wed Jun 13 06:36:06 UTC 2018
176 ms. Memory: 331264K Free: 246315K (74%)
ptolemy.util.test.WatchDog.cancel(): canceling Wed Jun 13 06:36:06 UTC 2018
auto.tcl: Setting watchdog for 200 seconds at Wed Jun 13 06:36:06 UTC 2018
179 ms. Memory: 331264K Free: 191119K (58%)
ptolemy.util.test.WatchDog.cancel(): canceling Wed Jun 13 06:36:07 UTC 2018
------------------ testing $PTII/ptolemy/domains/de/test/auto/ModalSource.xml
auto.tcl: Setting watchdog for 200 seconds at Wed Jun 13 06:36:07 UTC 2018
6 ms. Memory: 331264K Free: 316564K (96%)
ptolemy.util.test.WatchDog.cancel(): canceling Wed Jun 13 06:36:07 UTC 2018
auto.tcl: Setting watchdog for 200 seconds at Wed Jun 13 06:36:07 UTC 2018
4 ms. Memory: 331264K Free: 313053K (95%)
ptolemy.util.test.WatchDog.cancel(): canceling Wed Jun 13 06:36:07 UTC 2018
------------------ testing $PTII/ptolemy/domains/de/test/auto/NonInterruptibleTimerZeroDelay.xml
auto.tcl: Setting watchdog for 200 seconds at Wed Jun 13 06:36:07 UTC 2018
4 ms. Memory: 331264K Free: 320913K (97%)
ptolemy.util.test.WatchDog.cancel(): canceling Wed Jun 13 06:36:07 UTC 2018
auto.tcl: Setting watchdog for 200 seconds at Wed Jun 13 06:36:07 UTC 2018
2 ms. Memory: 331264K Free: 317402K (96%)
ptolemy.util.test.WatchDog.cancel(): canceling Wed Jun 13 06:36:07 UTC 2018
------------------ testing $PTII/ptolemy/domains/de/test/auto/OpenQueueingNetwork.xml
auto.tcl: Setting watchdog for 200 seconds at Wed Jun 13 06:36:07 UTC 2018
2689 ms. Memory: 573952K Free: 421966K (74%)
ptolemy.util.test.WatchDog.cancel(): canceling Wed Jun 13 06:36:10 UTC 2018
auto.tcl: Setting watchdog for 200 seconds at Wed Jun 13 06:36:10 UTC 2018
2010 ms. Memory: 550912K Free: 335762K (61%)
ptolemy.util.test.WatchDog.cancel(): canceling Wed Jun 13 06:36:12 UTC 2018
------------------ testing $PTII/ptolemy/domains/de/test/auto/OpenQueuingNetwork.xml
auto.tcl: Setting watchdog for 200 seconds at Wed Jun 13 06:36:12 UTC 2018
213 ms. Memory: 549888K Free: 445298K (81%)
ptolemy.util.test.WatchDog.cancel(): canceling Wed Jun 13 06:36:12 UTC 2018
auto.tcl: Setting watchdog for 200 seconds at Wed Jun 13 06:36:12 UTC 2018
197 ms. Memory: 549888K Free: 384823K (70%)
ptolemy.util.test.WatchDog.cancel(): canceling Wed Jun 13 06:36:12 UTC 2018
------------------ testing $PTII/ptolemy/domains/de/test/auto/PeriodicSampler.xml
auto.tcl: Setting watchdog for 200 seconds at Wed Jun 13 06:36:12 UTC 2018
3 ms. Memory: 551936K Free: 532081K (96%)
ptolemy.util.test.WatchDog.cancel(): canceling Wed Jun 13 06:36:12 UTC 2018
auto.tcl: Setting watchdog for 200 seconds at Wed Jun 13 06:36:12 UTC 2018
1 ms. Memory: 551936K Free: 532081K (96%)
ptolemy.util.test.WatchDog.cancel(): canceling Wed Jun 13 06:36:12 UTC 2018
------------------ testing $PTII/ptolemy/domains/de/test/auto/PersistentIO.xml
auto.tcl: Setting watchdog for 200 seconds at Wed Jun 13 06:36:12 UTC 2018
16 ms. Memory: 549376K Free: 524623K (95%)
ptolemy.util.test.WatchDog.cancel(): canceling Wed Jun 13 06:36:12 UTC 2018
auto.tcl: Setting watchdog for 200 seconds at Wed Jun 13 06:36:12 UTC 2018
4 ms. Memory: 549376K Free: 524623K (95%)
ptolemy.util.test.WatchDog.cancel(): canceling Wed Jun 13 06:36:12 UTC 2018
------------------ testing $PTII/ptolemy/domains/de/test/auto/PortParameterResetOnInitialize.xml
auto.tcl: Setting watchdog for 200 seconds at Wed Jun 13 06:36:12 UTC 2018
2 ms. Memory: 551424K Free: 531801K (96%)
ptolemy.util.test.WatchDog.cancel(): canceling Wed Jun 13 06:36:12 UTC 2018
auto.tcl: Setting watchdog for 200 seconds at Wed Jun 13 06:36:12 UTC 2018
1 ms. Memory: 551424K Free: 531801K (96%)
ptolemy.util.test.WatchDog.cancel(): canceling Wed Jun 13 06:36:12 UTC 2018
------------------ testing $PTII/ptolemy/domains/de/test/auto/PortParameterUpdates.xml
auto.tcl: Setting watchdog for 200 seconds at Wed Jun 13 06:36:12 UTC 2018
5 ms. Memory: 549376K Free: 529886K (96%)
ptolemy.util.test.WatchDog.cancel(): canceling Wed Jun 13 06:36:12 UTC 2018
auto.tcl: Setting watchdog for 200 seconds at Wed Jun 13 06:36:12 UTC 2018
4 ms. Memory: 549376K Free: 524380K (95%)
ptolemy.util.test.WatchDog.cancel(): canceling Wed Jun 13 06:36:12 UTC 2018
------------------ testing $PTII/ptolemy/domains/de/test/auto/QueueAndServer.xml
auto.tcl: Setting watchdog for 200 seconds at Wed Jun 13 06:36:13 UTC 2018
21 ms. Memory: 551424K Free: 531061K (96%)
ptolemy.util.test.WatchDog.cancel(): canceling Wed Jun 13 06:36:13 UTC 2018
auto.tcl: Setting watchdog for 200 seconds at Wed Jun 13 06:36:13 UTC 2018
8 ms. Memory: 551424K Free: 531061K (96%)
ptolemy.util.test.WatchDog.cancel(): canceling Wed Jun 13 06:36:13 UTC 2018
------------------ testing $PTII/ptolemy/domains/de/test/auto/Records.xml
auto.tcl: Setting watchdog for 200 seconds at Wed Jun 13 06:36:13 UTC 2018
7 ms. Memory: 549376K Free: 534470K (97%)
ptolemy.util.test.WatchDog.cancel(): canceling Wed Jun 13 06:36:13 UTC 2018
auto.tcl: Setting watchdog for 200 seconds at Wed Jun 13 06:36:13 UTC 2018
2 ms. Memory: 549376K Free: 534470K (97%)
ptolemy.util.test.WatchDog.cancel(): canceling Wed Jun 13 06:36:13 UTC 2018
------------------ testing $PTII/ptolemy/domains/de/test/auto/ResetTransitionWithStartTime1.xml
auto.tcl: Setting watchdog for 200 seconds at Wed Jun 13 06:36:13 UTC 2018
6 ms. Memory: 551424K Free: 531037K (96%)
ptolemy.util.test.WatchDog.cancel(): canceling Wed Jun 13 06:36:13 UTC 2018
auto.tcl: Setting watchdog for 200 seconds at Wed Jun 13 06:36:13 UTC 2018
5 ms. Memory: 551424K Free: 531037K (96%)
ptolemy.util.test.WatchDog.cancel(): canceling Wed Jun 13 06:36:13 UTC 2018
------------------ testing $PTII/ptolemy/domains/de/test/auto/ResetTransitionWithStartTime2.xml
auto.tcl: Setting watchdog for 200 seconds at Wed Jun 13 06:36:13 UTC 2018
6 ms. Memory: 549376K Free: 529218K (96%)
ptolemy.util.test.WatchDog.cancel(): canceling Wed Jun 13 06:36:13 UTC 2018
auto.tcl: Setting watchdog for 200 seconds at Wed Jun 13 06:36:13 UTC 2018
4 ms. Memory: 549376K Free: 529218K (96%)
ptolemy.util.test.WatchDog.cancel(): canceling Wed Jun 13 06:36:13 UTC 2018
------------------ testing $PTII/ptolemy/domains/de/test/auto/ResetTransitionWithStartTime3.xml
auto.tcl: Setting watchdog for 200 seconds at Wed Jun 13 06:36:13 UTC 2018
6 ms. Memory: 550912K Free: 530523K (96%)
ptolemy.util.test.WatchDog.cancel(): canceling Wed Jun 13 06:36:13 UTC 2018
auto.tcl: Setting watchdog for 200 seconds at Wed Jun 13 06:36:13 UTC 2018
6 ms. Memory: 550912K Free: 530523K (96%)
ptolemy.util.test.WatchDog.cancel(): canceling Wed Jun 13 06:36:13 UTC 2018
------------------ testing $PTII/ptolemy/domains/de/test/auto/ResetTransitionWithStartTime4.xml
auto.tcl: Setting watchdog for 200 seconds at Wed Jun 13 06:36:13 UTC 2018
3 ms. Memory: 549376K Free: 529200K (96%)
ptolemy.util.test.WatchDog.cancel(): canceling Wed Jun 13 06:36:13 UTC 2018
auto.tcl: Setting watchdog for 200 seconds at Wed Jun 13 06:36:13 UTC 2018
3 ms. Memory: 549376K Free: 529200K (96%)
ptolemy.util.test.WatchDog.cancel(): canceling Wed Jun 13 06:36:13 UTC 2018
------------------ testing $PTII/ptolemy/domains/de/test/auto/ResettableTimer1.xml
auto.tcl: Setting watchdog for 200 seconds at Wed Jun 13 06:36:13 UTC 2018
4 ms. Memory: 550912K Free: 531335K (96%)
ptolemy.util.test.WatchDog.cancel(): canceling Wed Jun 13 06:36:13 UTC 2018
auto.tcl: Setting watchdog for 200 seconds at Wed Jun 13 06:36:13 UTC 2018
1 ms. Memory: 550912K Free: 531335K (96%)
ptolemy.util.test.WatchDog.cancel(): canceling Wed Jun 13 06:36:13 UTC 2018
------------------ testing $PTII/ptolemy/domains/de/test/auto/ResettableTimer2.xml
auto.tcl: Setting watchdog for 200 seconds at Wed Jun 13 06:36:13 UTC 2018
3 ms. Memory: 549376K Free: 534767K (97%)
ptolemy.util.test.WatchDog.cancel(): canceling Wed Jun 13 06:36:13 UTC 2018
auto.tcl: Setting watchdog for 200 seconds at Wed Jun 13 06:36:13 UTC 2018
2 ms. Memory: 549376K Free: 534767K (97%)
ptolemy.util.test.WatchDog.cancel(): canceling Wed Jun 13 06:36:13 UTC 2018
------------------ testing $PTII/ptolemy/domains/de/test/auto/ResettableTimer3.xml
auto.tcl: Setting watchdog for 200 seconds at Wed Jun 13 06:36:13 UTC 2018
3 ms. Memory: 550912K Free: 531393K (96%)
ptolemy.util.test.WatchDog.cancel(): canceling Wed Jun 13 06:36:13 UTC 2018
auto.tcl: Setting watchdog for 200 seconds at Wed Jun 13 06:36:13 UTC 2018
1 ms. Memory: 550912K Free: 531393K (96%)
ptolemy.util.test.WatchDog.cancel(): canceling Wed Jun 13 06:36:13 UTC 2018
------------------ testing $PTII/ptolemy/domains/de/test/auto/ResettableTimer4.xml
auto.tcl: Setting watchdog for 200 seconds at Wed Jun 13 06:36:13 UTC 2018
7 ms. Memory: 549376K Free: 534779K (97%)
ptolemy.util.test.WatchDog.cancel(): canceling Wed Jun 13 06:36:13 UTC 2018
auto.tcl: Setting watchdog for 200 seconds at Wed Jun 13 06:36:13 UTC 2018
1 ms. Memory: 549376K Free: 534779K (97%)
ptolemy.util.test.WatchDog.cancel(): canceling Wed Jun 13 06:36:13 UTC 2018
------------------ testing $PTII/ptolemy/domains/de/test/auto/ResettableTimer5.xml
auto.tcl: Setting watchdog for 200 seconds at Wed Jun 13 06:36:13 UTC 2018
1 ms. Memory: 550400K Free: 531122K (96%)
ptolemy.util.test.WatchDog.cancel(): canceling Wed Jun 13 06:36:13 UTC 2018
auto.tcl: Setting watchdog for 200 seconds at Wed Jun 13 06:36:13 UTC 2018
1 ms. Memory: 550400K Free: 531122K (96%)
ptolemy.util.test.WatchDog.cancel(): canceling Wed Jun 13 06:36:13 UTC 2018
------------------ testing $PTII/ptolemy/domains/de/test/auto/ResettableTimer6.xml
auto.tcl: Setting watchdog for 200 seconds at Wed Jun 13 06:36:13 UTC 2018
1 ms. Memory: 549376K Free: 529818K (96%)
ptolemy.util.test.WatchDog.cancel(): canceling Wed Jun 13 06:36:13 UTC 2018
auto.tcl: Setting watchdog for 200 seconds at Wed Jun 13 06:36:13 UTC 2018
1 ms. Memory: 549376K Free: 529818K (96%)
ptolemy.util.test.WatchDog.cancel(): canceling Wed Jun 13 06:36:13 UTC 2018
------------------ testing $PTII/ptolemy/domains/de/test/auto/ServerZeroDelay.xml
auto.tcl: Setting watchdog for 200 seconds at Wed Jun 13 06:36:13 UTC 2018
3 ms. Memory: 550400K Free: 535741K (97%)
ptolemy.util.test.WatchDog.cancel(): canceling Wed Jun 13 06:36:13 UTC 2018
auto.tcl: Setting watchdog for 200 seconds at Wed Jun 13 06:36:13 UTC 2018
2 ms. Memory: 550400K Free: 535741K (97%)
ptolemy.util.test.WatchDog.cancel(): canceling Wed Jun 13 06:36:13 UTC 2018
------------------ testing $PTII/ptolemy/domains/de/test/auto/SmartSender.xml
auto.tcl: Setting watchdog for 200 seconds at Wed Jun 13 06:36:13 UTC 2018
3002 ms. Memory: 549376K Free: 530033K (96%)
ptolemy.util.test.WatchDog.cancel(): canceling Wed Jun 13 06:36:16 UTC 2018
auto.tcl: Setting watchdog for 200 seconds at Wed Jun 13 06:36:16 UTC 2018
3001 ms. Memory: 549376K Free: 530033K (96%)
ptolemy.util.test.WatchDog.cancel(): canceling Wed Jun 13 06:36:19 UTC 2018
------------------ testing $PTII/ptolemy/domains/de/test/auto/ThreadedComposite.xml
auto.tcl: Setting watchdog for 200 seconds at Wed Jun 13 06:36:19 UTC 2018
208 ms. Memory: 550400K Free: 501095K (91%)
ptolemy.util.test.WatchDog.cancel(): canceling Wed Jun 13 06:36:20 UTC 2018
auto.tcl: Setting watchdog for 200 seconds at Wed Jun 13 06:36:20 UTC 2018
158 ms. Memory: 550400K Free: 476878K (87%)
ptolemy.util.test.WatchDog.cancel(): canceling Wed Jun 13 06:36:20 UTC 2018
------------------ testing $PTII/ptolemy/domains/de/test/auto/Time.xml
auto.tcl: Setting watchdog for 200 seconds at Wed Jun 13 06:36:20 UTC 2018
516 ms. Memory: 549376K Free: 482730K (88%)
ptolemy.util.test.WatchDog.cancel(): canceling Wed Jun 13 06:36:20 UTC 2018
auto.tcl: Setting watchdog for 200 seconds at Wed Jun 13 06:36:20 UTC 2018
470 ms. Memory: 549376K Free: 427753K (78%)
ptolemy.util.test.WatchDog.cancel(): canceling Wed Jun 13 06:36:21 UTC 2018
------------------ testing $PTII/ptolemy/domains/de/test/auto/TimeDelayZeroDelay.xml
auto.tcl: Setting watchdog for 200 seconds at Wed Jun 13 06:36:21 UTC 2018
1 ms. Memory: 550400K Free: 535428K (97%)
ptolemy.util.test.WatchDog.cancel(): canceling Wed Jun 13 06:36:21 UTC 2018
auto.tcl: Setting watchdog for 200 seconds at Wed Jun 13 06:36:21 UTC 2018
2 ms. Memory: 550400K Free: 535428K (97%)
ptolemy.util.test.WatchDog.cancel(): canceling Wed Jun 13 06:36:21 UTC 2018
------------------ testing $PTII/ptolemy/domains/de/test/auto/TimerZeroDelay.xml
auto.tcl: Setting watchdog for 200 seconds at Wed Jun 13 06:36:21 UTC 2018
2 ms. Memory: 549376K Free: 534678K (97%)
ptolemy.util.test.WatchDog.cancel(): canceling Wed Jun 13 06:36:21 UTC 2018
auto.tcl: Setting watchdog for 200 seconds at Wed Jun 13 06:36:21 UTC 2018
2 ms. Memory: 549376K Free: 534678K (97%)
ptolemy.util.test.WatchDog.cancel(): canceling Wed Jun 13 06:36:21 UTC 2018
------------------ testing $PTII/ptolemy/domains/de/test/auto/TimingParadox.xml
auto.tcl: Setting watchdog for 200 seconds at Wed Jun 13 06:36:21 UTC 2018
322 ms. Memory: 549888K Free: 469159K (85%)
ptolemy.util.test.WatchDog.cancel(): canceling Wed Jun 13 06:36:22 UTC 2018
auto.tcl: Setting watchdog for 200 seconds at Wed Jun 13 06:36:22 UTC 2018
307 ms. Memory: 549888K Free: 436173K (79%)
ptolemy.util.test.WatchDog.cancel(): canceling Wed Jun 13 06:36:22 UTC 2018
------------------ testing $PTII/ptolemy/domains/de/test/auto/TransferInputs.xml
auto.tcl: Setting watchdog for 200 seconds at Wed Jun 13 06:36:22 UTC 2018
2 ms. Memory: 549888K Free: 534094K (97%)
ptolemy.util.test.WatchDog.cancel(): canceling Wed Jun 13 06:36:22 UTC 2018
auto.tcl: Setting watchdog for 200 seconds at Wed Jun 13 06:36:22 UTC 2018
1 ms. Memory: 549888K Free: 534094K (97%)
ptolemy.util.test.WatchDog.cancel(): canceling Wed Jun 13 06:36:22 UTC 2018
------------------ testing $PTII/ptolemy/domains/de/test/auto/TransferOutputs2.xml
auto.tcl: Setting watchdog for 200 seconds at Wed Jun 13 06:36:22 UTC 2018
3 ms. Memory: 549376K Free: 529170K (96%)
ptolemy.util.test.WatchDog.cancel(): canceling Wed Jun 13 06:36:22 UTC 2018
auto.tcl: Setting watchdog for 200 seconds at Wed Jun 13 06:36:22 UTC 2018
3 ms. Memory: 549376K Free: 529170K (96%)
ptolemy.util.test.WatchDog.cancel(): canceling Wed Jun 13 06:36:22 UTC 2018
------------------ testing $PTII/ptolemy/domains/de/test/auto/Trilateration.xml
auto.tcl: Setting watchdog for 200 seconds at Wed Jun 13 06:36:22 UTC 2018
12430 ms. Memory: 766976K Free: 240875K (31%)
ptolemy.util.test.WatchDog.cancel(): canceling Wed Jun 13 06:36:35 UTC 2018
auto.tcl: Setting watchdog for 200 seconds at Wed Jun 13 06:36:35 UTC 2018
11419 ms. Memory: 646144K Free: 88253K (14%)
ptolemy.util.test.WatchDog.cancel(): canceling Wed Jun 13 06:36:47 UTC 2018
------------------ testing $PTII/ptolemy/domains/de/test/auto/TwoSigmaDelta.xml
auto.tcl: Setting watchdog for 200 seconds at Wed Jun 13 06:36:47 UTC 2018
2685 ms. Memory: 649728K Free: 331424K (51%)
ptolemy.util.test.WatchDog.cancel(): canceling Wed Jun 13 06:36:50 UTC 2018
auto.tcl: Setting watchdog for 200 seconds at Wed Jun 13 06:36:50 UTC 2018
2115 ms. Memory: 649728K Free: 97075K (15%)
ptolemy.util.test.WatchDog.cancel(): canceling Wed Jun 13 06:36:52 UTC 2018
------------------ testing $PTII/ptolemy/domains/de/test/auto/VariableDelay.xml
auto.tcl: Setting watchdog for 200 seconds at Wed Jun 13 06:36:52 UTC 2018
3 ms. Memory: 646656K Free: 627406K (97%)
ptolemy.util.test.WatchDog.cancel(): canceling Wed Jun 13 06:36:52 UTC 2018
auto.tcl: Setting watchdog for 200 seconds at Wed Jun 13 06:36:52 UTC 2018
2 ms. Memory: 646656K Free: 627406K (97%)
ptolemy.util.test.WatchDog.cancel(): canceling Wed Jun 13 06:36:52 UTC 2018
------------------ testing $PTII/ptolemy/domains/de/test/auto/VariableDelay2.xml
auto.tcl: Setting watchdog for 200 seconds at Wed Jun 13 06:36:52 UTC 2018
2 ms. Memory: 646144K Free: 627340K (97%)
ptolemy.util.test.WatchDog.cancel(): canceling Wed Jun 13 06:36:52 UTC 2018
auto.tcl: Setting watchdog for 200 seconds at Wed Jun 13 06:36:52 UTC 2018
2 ms. Memory: 646144K Free: 627340K (97%)
ptolemy.util.test.WatchDog.cancel(): canceling Wed Jun 13 06:36:52 UTC 2018
------------------ testing $PTII/ptolemy/domains/de/test/auto/VariableDelayZeroDelay.xml
auto.tcl: Setting watchdog for 200 seconds at Wed Jun 13 06:36:52 UTC 2018
2 ms. Memory: 646144K Free: 627339K (97%)
ptolemy.util.test.WatchDog.cancel(): canceling Wed Jun 13 06:36:52 UTC 2018
auto.tcl: Setting watchdog for 200 seconds at Wed Jun 13 06:36:52 UTC 2018
2 ms. Memory: 646144K Free: 627339K (97%)
ptolemy.util.test.WatchDog.cancel(): canceling Wed Jun 13 06:36:52 UTC 2018
------------------ testing $PTII/ptolemy/domains/de/test/auto/VariableDelayZeroDelay2.xml
auto.tcl: Setting watchdog for 200 seconds at Wed Jun 13 06:36:52 UTC 2018
1 ms. Memory: 649216K Free: 624762K (96%)
ptolemy.util.test.WatchDog.cancel(): canceling Wed Jun 13 06:36:52 UTC 2018
auto.tcl: Setting watchdog for 200 seconds at Wed Jun 13 06:36:52 UTC 2018
2 ms. Memory: 649216K Free: 624762K (96%)
ptolemy.util.test.WatchDog.cancel(): canceling Wed Jun 13 06:36:52 UTC 2018
------------------ testing $PTII/ptolemy/domains/de/test/auto/deInCt.xml
auto.tcl: Setting watchdog for 200 seconds at Wed Jun 13 06:36:52 UTC 2018
0
1
1
1
1
0
0
0
1
1
1
0
0
0
0
1
1
1
0
0
1
1
1
0
0
0
0
0
1
1
1
0
0
0
1
1
1
0
0
0
1
1
1
1
11 ms. Memory: 646144K Free: 621687K (96%)
ptolemy.util.test.WatchDog.cancel(): canceling Wed Jun 13 06:36:52 UTC 2018
auto.tcl: Setting watchdog for 200 seconds at Wed Jun 13 06:36:52 UTC 2018
0
1
1
1
1
0
0
0
0
0
0
1
1
1
0
0
0
0
0
1
1
0
0
0
0
5 ms. Memory: 646144K Free: 621687K (96%)
ptolemy.util.test.WatchDog.cancel(): canceling Wed Jun 13 06:36:52 UTC 2018
------------------ testing $PTII/ptolemy/domains/de/test/auto/deInCt2.xml
auto.tcl: Setting watchdog for 200 seconds at Wed Jun 13 06:36:52 UTC 2018
0
1
1
1
0
0
1
1
1
0
0
1
1
1
0
0
1
1
1
0
0
1
1
1
0
0
1
1
1
0
0
1
1
1
0
0
1
1
1
0
0
0
8 ms. Memory: 648704K Free: 624215K (96%)
ptolemy.util.test.WatchDog.cancel(): canceling Wed Jun 13 06:36:52 UTC 2018
auto.tcl: Setting watchdog for 200 seconds at Wed Jun 13 06:36:52 UTC 2018
0
1
1
1
0
0
1
1
1
0
0
1
1
1
0
0
1
1
1
0
0
1
1
1
0
0
1
1
1
0
0
1
1
1
0
0
1
1
1
0
0
0
5 ms. Memory: 648704K Free: 624215K (96%)
ptolemy.util.test.WatchDog.cancel(): canceling Wed Jun 13 06:36:52 UTC 2018
------------------ testing $PTII/ptolemy/domains/de/test/auto/dynamicCausalityInterface1.xml
auto.tcl: Setting watchdog for 200 seconds at Wed Jun 13 06:36:52 UTC 2018
1 ms. Memory: 646144K Free: 613173K (95%)
ptolemy.util.test.WatchDog.cancel(): canceling Wed Jun 13 06:36:52 UTC 2018
auto.tcl: Setting watchdog for 200 seconds at Wed Jun 13 06:36:52 UTC 2018
1 ms. Memory: 646144K Free: 613173K (95%)
ptolemy.util.test.WatchDog.cancel(): canceling Wed Jun 13 06:36:52 UTC 2018
------------------ testing $PTII/ptolemy/domains/de/test/auto/fsm_de_test.xml
auto.tcl: Setting watchdog for 200 seconds at Wed Jun 13 06:36:52 UTC 2018
10 ms. Memory: 648192K Free: 623626K (96%)
ptolemy.util.test.WatchDog.cancel(): canceling Wed Jun 13 06:36:53 UTC 2018
auto.tcl: Setting watchdog for 200 seconds at Wed Jun 13 06:36:53 UTC 2018
4 ms. Memory: 648192K Free: 615109K (95%)
ptolemy.util.test.WatchDog.cancel(): canceling Wed Jun 13 06:36:53 UTC 2018
------------------ testing $PTII/ptolemy/domains/de/test/auto/functionDependencyReconstruction.xml
auto.tcl: Setting watchdog for 200 seconds at Wed Jun 13 06:36:53 UTC 2018
2 ms. Memory: 646144K Free: 613051K (95%)
ptolemy.util.test.WatchDog.cancel(): canceling Wed Jun 13 06:36:53 UTC 2018
auto.tcl: Setting watchdog for 200 seconds at Wed Jun 13 06:36:53 UTC 2018
2 ms. Memory: 646144K Free: 604549K (94%)
ptolemy.util.test.WatchDog.cancel(): canceling Wed Jun 13 06:36:53 UTC 2018
------------------ testing $PTII/ptolemy/domains/de/test/auto/multirate.xml
auto.tcl: Setting watchdog for 200 seconds at Wed Jun 13 06:36:53 UTC 2018
3 ms. Memory: 648192K Free: 623493K (96%)
ptolemy.util.test.WatchDog.cancel(): canceling Wed Jun 13 06:36:53 UTC 2018
auto.tcl: Setting watchdog for 200 seconds at Wed Jun 13 06:36:53 UTC 2018
3 ms. Memory: 648192K Free: 623461K (96%)
ptolemy.util.test.WatchDog.cancel(): canceling Wed Jun 13 06:36:53 UTC 2018
------------------ testing $PTII/ptolemy/domains/de/test/auto/multirate2.xml
auto.tcl: Setting watchdog for 200 seconds at Wed Jun 13 06:36:53 UTC 2018
3 ms. Memory: 646144K Free: 621633K (96%)
ptolemy.util.test.WatchDog.cancel(): canceling Wed Jun 13 06:36:53 UTC 2018
auto.tcl: Setting watchdog for 200 seconds at Wed Jun 13 06:36:53 UTC 2018
3 ms. Memory: 646144K Free: 621633K (96%)
ptolemy.util.test.WatchDog.cancel(): canceling Wed Jun 13 06:36:53 UTC 2018
------------------ testing $PTII/ptolemy/domains/de/test/auto/realtime.xml
auto.tcl: Setting watchdog for 200 seconds at Wed Jun 13 06:36:53 UTC 2018
10001 ms. Memory: 647680K Free: 623136K (96%)
ptolemy.util.test.WatchDog.cancel(): canceling Wed Jun 13 06:37:03 UTC 2018
auto.tcl: Setting watchdog for 200 seconds at Wed Jun 13 06:37:03 UTC 2018
10002 ms. Memory: 647680K Free: 623136K (96%)
ptolemy.util.test.WatchDog.cancel(): canceling Wed Jun 13 06:37:13 UTC 2018
------------------ testing $PTII/ptolemy/domains/de/test/auto/relationGroup.xml
auto.tcl: Setting watchdog for 200 seconds at Wed Jun 13 06:37:13 UTC 2018
2 ms. Memory: 646144K Free: 627305K (97%)
ptolemy.util.test.WatchDog.cancel(): canceling Wed Jun 13 06:37:13 UTC 2018
auto.tcl: Setting watchdog for 200 seconds at Wed Jun 13 06:37:13 UTC 2018
0 ms. Memory: 646144K Free: 627305K (97%)
ptolemy.util.test.WatchDog.cancel(): canceling Wed Jun 13 06:37:13 UTC 2018
------------------ testing $PTII/ptolemy/domains/de/test/auto/relationGroup2.xml
auto.tcl: Setting watchdog for 200 seconds at Wed Jun 13 06:37:13 UTC 2018
1 ms. Memory: 647680K Free: 623220K (96%)
ptolemy.util.test.WatchDog.cancel(): canceling Wed Jun 13 06:37:13 UTC 2018
auto.tcl: Setting watchdog for 200 seconds at Wed Jun 13 06:37:13 UTC 2018
1 ms. Memory: 647680K Free: 623220K (96%)
ptolemy.util.test.WatchDog.cancel(): canceling Wed Jun 13 06:37:13 UTC 2018
------------------ testing $PTII/ptolemy/domains/de/test/auto/sortWithOpaquePorts.xml
auto.tcl: Setting watchdog for 200 seconds at Wed Jun 13 06:37:13 UTC 2018
1 ms. Memory: 646144K Free: 621686K (96%)
ptolemy.util.test.WatchDog.cancel(): canceling Wed Jun 13 06:37:13 UTC 2018
auto.tcl: Setting watchdog for 200 seconds at Wed Jun 13 06:37:13 UTC 2018
1 ms. Memory: 646144K Free: 621686K (96%)
ptolemy.util.test.WatchDog.cancel(): canceling Wed Jun 13 06:37:13 UTC 2018
------------------ testing $PTII/ptolemy/domains/de/test/auto/transferInputsandOutputs.xml
auto.tcl: Setting watchdog for 200 seconds at Wed Jun 13 06:37:13 UTC 2018
6 ms. Memory: 647168K Free: 622697K (96%)
ptolemy.util.test.WatchDog.cancel(): canceling Wed Jun 13 06:37:13 UTC 2018
auto.tcl: Setting watchdog for 200 seconds at Wed Jun 13 06:37:13 UTC 2018
1 ms. Memory: 647168K Free: 622697K (96%)
ptolemy.util.test.WatchDog.cancel(): canceling Wed Jun 13 06:37:13 UTC 2018
------------------ testing $PTII/ptolemy/domains/de/test/auto/triggerType.xml
auto.tcl: Setting watchdog for 200 seconds at Wed Jun 13 06:37:13 UTC 2018
1 ms. Memory: 646144K Free: 621624K (96%)
ptolemy.util.test.WatchDog.cancel(): canceling Wed Jun 13 06:37:13 UTC 2018
auto.tcl: Setting watchdog for 200 seconds at Wed Jun 13 06:37:13 UTC 2018
1 ms. Memory: 646144K Free: 621624K (96%)
ptolemy.util.test.WatchDog.cancel(): canceling Wed Jun 13 06:37:13 UTC 2018
06/13/18 06:37:13
Failed: 0  Total Tests: 192  ((Passed: 187, Newly Passed: 1)  Known Failed: 5) /home/travis/build/icyphy/ptII/ptolemy/domains/de/test
06/13/18 06:37:13
Failed: 0  Total Tests: 192  ((Passed: 187, Newly Passed: 1)  Known Failed: 5) /home/travis/build/icyphy/ptII/ptolemy/domains/de/test
----------------- testing (KnownFailure) /home/travis/build/icyphy/ptII/ptolemy/domains/de/test/auto/knownFailedTests/DESDFClockTest.xml
2007 ms. Memory: 647168K Free: 611375K (94%)
Known Failure: java.lang.reflect.InvocationTargetException
----------------- testing (KnownFailure) /home/travis/build/icyphy/ptII/ptolemy/domains/de/test/auto/knownFailedTests/DirectFeedback.xml
1 ms. Memory: 647168K Free: 566196K (87%)
Known Failure: java.lang.reflect.InvocationTargetException
----------------- testing (KnownFailure) /home/travis/build/icyphy/ptII/ptolemy/domains/de/test/auto/knownFailedTests/FSMSource.xml
7 ms. Memory: 647168K Free: 521016K (81%)
----------------- testing (KnownFailure) /home/travis/build/icyphy/ptII/ptolemy/domains/de/test/auto/knownFailedTests/HierarchicalModel.xml
2 ms. Memory: 647168K Free: 487116K (75%)
Known Failure: java.lang.reflect.InvocationTargetException
----------------- testing (KnownFailure) /home/travis/build/icyphy/ptII/ptolemy/domains/de/test/auto/knownFailedTests/dependencyLoop.xml
1 ms. Memory: 647168K Free: 430642K (67%)
Known Failure: java.lang.reflect.InvocationTargetException
----------------- testing (KnownFailure) /home/travis/build/icyphy/ptII/ptolemy/domains/de/test/auto/knownFailedTests/dependencyLoop2.xml
2 ms. Memory: 647168K Free: 374168K (58%)
Known Failure: java.lang.reflect.InvocationTargetException
No auto/linux-amd64/*.xml tests in /home/travis/build/icyphy/ptII/ptolemy/domains/de/test
AutoTests.java: About to close Vertx.
AutoTests.java: Vertx closed.

===========================================================================================
----------------- testing Wed Jun 13 06:37:15 UTC 2018 /home/travis/build/icyphy/ptII/ptolemy/domains/de/test/auto/ActorDepthCalculation_actorWithoutPorts.xml
----------------- Instantiating /home/travis/build/icyphy/ptII/ptolemy/domains/de/test/auto/ActorDepthCalculation_actorWithoutPorts.xml
2 ms. Memory: 647168K Free: 317694K (49%)
----------------- Invoking toplevel() on ptolemy.moml.MoMLSimpleApplication@3cf52678
----------------- Done invoking toplevel() on ptolemy.moml.MoMLSimpleApplication@3cf52678
reloadAllAccessors: .ActorDepthCalculation_actorWithoutPorts

===========================================================================================
----------------- testing Wed Jun 13 06:37:15 UTC 2018 /home/travis/build/icyphy/ptII/ptolemy/domains/de/test/auto/AssemblyLine.xml
----------------- Instantiating /home/travis/build/icyphy/ptII/ptolemy/domains/de/test/auto/AssemblyLine.xml
3 ms. Memory: 647168K Free: 295105K (46%)
----------------- Invoking toplevel() on ptolemy.moml.MoMLSimpleApplication@3ad43b4f
----------------- Done invoking toplevel() on ptolemy.moml.MoMLSimpleApplication@3ad43b4f
reloadAllAccessors: .AssemblyLine

===========================================================================================
----------------- testing Wed Jun 13 06:37:15 UTC 2018 /home/travis/build/icyphy/ptII/ptolemy/domains/de/test/auto/CQBug1.xml
----------------- Instantiating /home/travis/build/icyphy/ptII/ptolemy/domains/de/test/auto/CQBug1.xml
0 ms. Memory: 647168K Free: 272515K (42%)
----------------- Invoking toplevel() on ptolemy.moml.MoMLSimpleApplication@7746685e
----------------- Done invoking toplevel() on ptolemy.moml.MoMLSimpleApplication@7746685e
reloadAllAccessors: .CQBug1

===========================================================================================
----------------- testing Wed Jun 13 06:37:15 UTC 2018 /home/travis/build/icyphy/ptII/ptolemy/domains/de/test/auto/CancelFireAt.xml
----------------- Instantiating /home/travis/build/icyphy/ptII/ptolemy/domains/de/test/auto/CancelFireAt.xml
2 ms. Memory: 647168K Free: 249926K (39%)
----------------- Invoking toplevel() on ptolemy.moml.MoMLSimpleApplication@3e8ff8ad
----------------- Done invoking toplevel() on ptolemy.moml.MoMLSimpleApplication@3e8ff8ad
reloadAllAccessors: .CancelFireAt

===========================================================================================
----------------- testing Wed Jun 13 06:37:15 UTC 2018 /home/travis/build/icyphy/ptII/ptolemy/domains/de/test/auto/CausalityAndComposabilityAnalysis.xml
----------------- Instantiating /home/travis/build/icyphy/ptII/ptolemy/domains/de/test/auto/CausalityAndComposabilityAnalysis.xml
3 ms. Memory: 647168K Free: 227336K (35%)
----------------- Invoking toplevel() on ptolemy.moml.MoMLSimpleApplication@2785fa9b
----------------- Done invoking toplevel() on ptolemy.moml.MoMLSimpleApplication@2785fa9b
reloadAllAccessors: .CausalityAndComposabilityAnalysis

===========================================================================================
----------------- testing Wed Jun 13 06:37:15 UTC 2018 /home/travis/build/icyphy/ptII/ptolemy/domains/de/test/auto/CausalityInterface1.xml
----------------- Instantiating /home/travis/build/icyphy/ptII/ptolemy/domains/de/test/auto/CausalityInterface1.xml
5 ms. Memory: 647168K Free: 204747K (32%)
----------------- Invoking toplevel() on ptolemy.moml.MoMLSimpleApplication@1d2ab72f
----------------- Done invoking toplevel() on ptolemy.moml.MoMLSimpleApplication@1d2ab72f
reloadAllAccessors: .CausalityInterface1

===========================================================================================
----------------- testing Wed Jun 13 06:37:15 UTC 2018 /home/travis/build/icyphy/ptII/ptolemy/domains/de/test/auto/CausalityInterface15.xml
----------------- Instantiating /home/travis/build/icyphy/ptII/ptolemy/domains/de/test/auto/CausalityInterface15.xml
1 ms. Memory: 647168K Free: 182158K (28%)
----------------- Invoking toplevel() on ptolemy.moml.MoMLSimpleApplication@4d1c8f0a
----------------- Done invoking toplevel() on ptolemy.moml.MoMLSimpleApplication@4d1c8f0a
reloadAllAccessors: .CausalityInterface15

[...]
java.lang.RuntimeException: Execution failed
	at ptolemy.moml.MoMLSimpleApplication$UnloadThread.run(MoMLSimpleApplication.java:402)
Caused by: ptolemy.kernel.util.IllegalActionException: Test fails in iteration 1.
Value was: 1.0. Should have been: 2.0
  in .DirectFeedback.Test
	at ptolemy.actor.lib.Test.fire(Test.java:268)
	at ptolemy.domains.de.kernel.DEDirector._fire(DEDirector.java:1949)
	at ptolemy.domains.de.kernel.DEDirector.fire(DEDirector.java:502)
	at ptolemy.actor.CompositeActor.fire(CompositeActor.java:455)
	at ptolemy.actor.Manager.iterate(Manager.java:851)
	at ptolemy.actor.Manager.execute(Manager.java:369)
	at ptolemy.actor.Manager.run(Manager.java:1263)
	at ptolemy.actor.Manager$PtolemyRunThread.run(Manager.java:1915)
java.lang.RuntimeException: Execution failed
	at ptolemy.moml.MoMLSimpleApplication$UnloadThread.run(MoMLSimpleApplication.java:402)
Caused by: ptolemy.kernel.util.IllegalActionException: Actor is not ready to fire.  Perhaps UpSample.prefire() returned false? Try debugging the actor by selecting "Listen to Actor".  Also, for SDF check moml for tokenConsumptionRate on input.
  in .DESDFClockTest.Play Bell.Copy1:SDF Director and .DESDFClockTest.Play Bell.UpSample
	at ptolemy.actor.sched.StaticSchedulingDirector.fire(StaticSchedulingDirector.java:227)
	at ptolemy.domains.sdf.kernel.SDFDirector.fire(SDFDirector.java:500)
	at ptolemy.actor.CompositeActor.fire(CompositeActor.java:455)
	at ptolemy.domains.de.kernel.DEDirector._fire(DEDirector.java:1949)
	at ptolemy.domains.de.kernel.DEDirector.fire(DEDirector.java:502)
	at ptolemy.actor.CompositeActor.fire(CompositeActor.java:455)
	at ptolemy.actor.Manager.iterate(Manager.java:851)
	at ptolemy.actor.Manager.execute(Manager.java:369)
	at ptolemy.actor.Manager.run(Manager.java:1263)
	at ptolemy.actor.Manager$PtolemyRunThread.run(Manager.java:1915)
java.lang.reflect.InvocationTargetException
	at sun.reflect.NativeConstructorAccessorImpl.newInstance0(Native Method)
	at sun.reflect.NativeConstructorAccessorImpl.newInstance(NativeConstructorAccessorImpl.java:62)
	at sun.reflect.DelegatingConstructorAccessorImpl.newInstance(DelegatingConstructorAccessorImpl.java:45)
	at java.lang.reflect.Constructor.newInstance(Constructor.java:423)
	at ptolemy.util.test.junit.AutoKnownFailedTests.RunModel(AutoKnownFailedTests.java:107)
	at sun.reflect.NativeMethodAccessorImpl.invoke0(Native Method)
	at sun.reflect.NativeMethodAccessorImpl.invoke(NativeMethodAccessorImpl.java:62)
	at sun.reflect.DelegatingMethodAccessorImpl.invoke(DelegatingMethodAccessorImpl.java:43)
	at java.lang.reflect.Method.invoke(Method.java:498)
	at org.junit.runners.model.FrameworkMethod$1.runReflectiveCall(FrameworkMethod.java:44)
	at org.junit.internal.runners.model.ReflectiveCallable.run(ReflectiveCallable.java:15)
	at org.junit.runners.model.FrameworkMethod.invokeExplosively(FrameworkMethod.java:41)
	at junitparams.internal.InvokeParameterisedMethod.evaluate(InvokeParameterisedMethod.java:102)
	at org.junit.internal.runners.statements.FailOnTimeout$1.run(FailOnTimeout.java:28)
Caused by: ptolemy.kernel.util.IllegalActionException: Actor is not ready to fire.  Perhaps UpSample.prefire() returned false? Try debugging the actor by selecting "Listen to Actor".  Also, for SDF check moml for tokenConsumptionRate on input.
  in .DESDFClockTest.Play Bell.Copy1:SDF Director and .DESDFClockTest.Play Bell.UpSample
	at ptolemy.actor.sched.StaticSchedulingDirector.fire(StaticSchedulingDirector.java:227)
	at ptolemy.domains.sdf.kernel.SDFDirector.fire(SDFDirector.java:500)
	at ptolemy.actor.CompositeActor.fire(CompositeActor.java:455)
	at ptolemy.domains.de.kernel.DEDirector._fire(DEDirector.java:1949)
	at ptolemy.domains.de.kernel.DEDirector.fire(DEDirector.java:502)
	at ptolemy.actor.CompositeActor.fire(CompositeActor.java:455)
	at ptolemy.actor.Manager.iterate(Manager.java:851)
	at ptolemy.actor.Manager.execute(Manager.java:369)
	at ptolemy.actor.Manager.run(Manager.java:1263)
	at ptolemy.actor.Manager$PtolemyRunThread.run(Manager.java:1915)
java.lang.RuntimeException: Execution failed
	at ptolemy.moml.MoMLSimpleApplication$UnloadThread.run(MoMLSimpleApplication.java:402)
Caused by: ptolemy.kernel.util.IllegalActionException: Test fails in iteration 1.
Value was: 1.0. Should have been: 2.0
  in .DirectFeedback.Test
	at ptolemy.actor.lib.Test.fire(Test.java:268)
	at ptolemy.domains.de.kernel.DEDirector._fire(DEDirector.java:1949)
	at ptolemy.domains.de.kernel.DEDirector.fire(DEDirector.java:502)
	at ptolemy.actor.CompositeActor.fire(CompositeActor.java:455)
	at ptolemy.actor.Manager.iterate(Manager.java:851)
	at ptolemy.actor.Manager.execute(Manager.java:369)
	at ptolemy.actor.Manager.run(Manager.java:1263)
	at ptolemy.actor.Manager$PtolemyRunThread.run(Manager.java:1915)
java.lang.reflect.InvocationTargetException
	at sun.reflect.NativeConstructorAccessorImpl.newInstance0(Native Method)
	at sun.reflect.NativeConstructorAccessorImpl.newInstance(NativeConstructorAccessorImpl.java:62)
	at sun.reflect.DelegatingConstructorAccessorImpl.newInstance(DelegatingConstructorAccessorImpl.java:45)
	at java.lang.reflect.Constructor.newInstance(Constructor.java:423)
	at ptolemy.util.test.junit.AutoKnownFailedTests.RunModel(AutoKnownFailedTests.java:107)
	at sun.reflect.NativeMethodAccessorImpl.invoke0(Native Method)
	at sun.reflect.NativeMethodAccessorImpl.invoke(NativeMethodAccessorImpl.java:62)
	at sun.reflect.DelegatingMethodAccessorImpl.invoke(DelegatingMethodAccessorImpl.java:43)
	at java.lang.reflect.Method.invoke(Method.java:498)
	at org.junit.runners.model.FrameworkMethod$1.runReflectiveCall(FrameworkMethod.java:44)
	at org.junit.internal.runners.model.ReflectiveCallable.run(ReflectiveCallable.java:15)
	at org.junit.runners.model.FrameworkMethod.invokeExplosively(FrameworkMethod.java:41)
	at junitparams.internal.InvokeParameterisedMethod.evaluate(InvokeParameterisedMethod.java:102)
	at org.junit.internal.runners.statements.FailOnTimeout$1.run(FailOnTimeout.java:28)
Caused by: ptolemy.kernel.util.IllegalActionException: Test fails in iteration 1.
Value was: 1.0. Should have been: 2.0
  in .DirectFeedback.Test
	at ptolemy.actor.lib.Test.fire(Test.java:268)
	at ptolemy.domains.de.kernel.DEDirector._fire(DEDirector.java:1949)
	at ptolemy.domains.de.kernel.DEDirector.fire(DEDirector.java:502)
	at ptolemy.actor.CompositeActor.fire(CompositeActor.java:455)
	at ptolemy.actor.Manager.iterate(Manager.java:851)
	at ptolemy.actor.Manager.execute(Manager.java:369)
	at ptolemy.actor.Manager.run(Manager.java:1263)
	at ptolemy.actor.Manager$PtolemyRunThread.run(Manager.java:1915)
java.lang.RuntimeException: Execution failed
	at ptolemy.moml.MoMLSimpleApplication$UnloadThread.run(MoMLSimpleApplication.java:402)
Caused by: ptolemy.kernel.util.IllegalActionException: Found a zero delay loop containing .HierarchicalModel.A
  in .HierarchicalModel and .HierarchicalModel.A
	at ptolemy.actor.util.CausalityInterfaceForComposites._computeOutputPortDepth(CausalityInterfaceForComposites.java:759)
	at ptolemy.actor.util.CausalityInterfaceForComposites._computeInputDepth(CausalityInterfaceForComposites.java:696)
	at ptolemy.actor.util.CausalityInterfaceForComposites._computeOutputPortDepth(CausalityInterfaceForComposites.java:765)
	at ptolemy.actor.util.CausalityInterfaceForComposites._computeInputDepth(CausalityInterfaceForComposites.java:696)
	at ptolemy.actor.util.CausalityInterfaceForComposites._computeOutputPortDepth(CausalityInterfaceForComposites.java:765)
	at ptolemy.actor.util.CausalityInterfaceForComposites._computeInputDepth(CausalityInterfaceForComposites.java:696)
	at ptolemy.actor.util.CausalityInterfaceForComposites._computeActorDepth(CausalityInterfaceForComposites.java:532)
	at ptolemy.actor.util.CausalityInterfaceForComposites.checkForCycles(CausalityInterfaceForComposites.java:96)
	at ptolemy.domains.de.kernel.DEDirector.preinitialize(DEDirector.java:1338)
	at ptolemy.actor.CompositeActor.preinitialize(CompositeActor.java:1828)
	at ptolemy.actor.Manager.preinitializeAndResolveTypes(Manager.java:1040)
	at ptolemy.actor.Manager.initialize(Manager.java:710)
	at ptolemy.actor.Manager.execute(Manager.java:356)
	at ptolemy.actor.Manager.run(Manager.java:1263)
	at ptolemy.actor.Manager$PtolemyRunThread.run(Manager.java:1915)
java.lang.reflect.InvocationTargetException
	at sun.reflect.NativeConstructorAccessorImpl.newInstance0(Native Method)
	at sun.reflect.NativeConstructorAccessorImpl.newInstance(NativeConstructorAccessorImpl.java:62)
	at sun.reflect.DelegatingConstructorAccessorImpl.newInstance(DelegatingConstructorAccessorImpl.java:45)
	at java.lang.reflect.Constructor.newInstance(Constructor.java:423)
	at ptolemy.util.test.junit.AutoKnownFailedTests.RunModel(AutoKnownFailedTests.java:107)
	at sun.reflect.NativeMethodAccessorImpl.invoke0(Native Method)
	at sun.reflect.NativeMethodAccessorImpl.invoke(NativeMethodAccessorImpl.java:62)
	at sun.reflect.DelegatingMethodAccessorImpl.invoke(DelegatingMethodAccessorImpl.java:43)
	at java.lang.reflect.Method.invoke(Method.java:498)
	at org.junit.runners.model.FrameworkMethod$1.runReflectiveCall(FrameworkMethod.java:44)
	at org.junit.internal.runners.model.ReflectiveCallable.run(ReflectiveCallable.java:15)
	at org.junit.runners.model.FrameworkMethod.invokeExplosively(FrameworkMethod.java:41)
	at junitparams.internal.InvokeParameterisedMethod.evaluate(InvokeParameterisedMethod.java:102)
	at org.junit.internal.runners.statements.FailOnTimeout$1.run(FailOnTimeout.java:28)
Caused by: ptolemy.kernel.util.IllegalActionException: Found a zero delay loop containing .HierarchicalModel.A
  in .HierarchicalModel and .HierarchicalModel.A
	at ptolemy.actor.util.CausalityInterfaceForComposites._computeOutputPortDepth(CausalityInterfaceForComposites.java:759)
	at ptolemy.actor.util.CausalityInterfaceForComposites._computeInputDepth(CausalityInterfaceForComposites.java:696)
	at ptolemy.actor.util.CausalityInterfaceForComposites._computeOutputPortDepth(CausalityInterfaceForComposites.java:765)
	at ptolemy.actor.util.CausalityInterfaceForComposites._computeInputDepth(CausalityInterfaceForComposites.java:696)
	at ptolemy.actor.util.CausalityInterfaceForComposites._computeOutputPortDepth(CausalityInterfaceForComposites.java:765)
	at ptolemy.actor.util.CausalityInterfaceForComposites._computeInputDepth(CausalityInterfaceForComposites.java:696)
	at ptolemy.actor.util.CausalityInterfaceForComposites._computeActorDepth(CausalityInterfaceForComposites.java:532)
	at ptolemy.actor.util.CausalityInterfaceForComposites.checkForCycles(CausalityInterfaceForComposites.java:96)
	at ptolemy.domains.de.kernel.DEDirector.preinitialize(DEDirector.java:1338)
	at ptolemy.actor.CompositeActor.preinitialize(CompositeActor.java:1828)
	at ptolemy.actor.Manager.preinitializeAndResolveTypes(Manager.java:1040)
	at ptolemy.actor.Manager.initialize(Manager.java:710)
	at ptolemy.actor.Manager.execute(Manager.java:356)
	at ptolemy.actor.Manager.run(Manager.java:1263)
	at ptolemy.actor.Manager$PtolemyRunThread.run(Manager.java:1915)
java.lang.RuntimeException: Execution failed
	at ptolemy.moml.MoMLSimpleApplication$UnloadThread.run(MoMLSimpleApplication.java:402)
Caused by: ptolemy.kernel.util.IllegalActionException: Found a zero delay loop containing .dependencyLoop.original
  in .dependencyLoop and .dependencyLoop.original
	at ptolemy.actor.util.CausalityInterfaceForComposites._computeOutputPortDepth(CausalityInterfaceForComposites.java:759)
	at ptolemy.actor.util.CausalityInterfaceForComposites._computeInputDepth(CausalityInterfaceForComposites.java:696)
	at ptolemy.actor.util.CausalityInterfaceForComposites._computeOutputPortDepth(CausalityInterfaceForComposites.java:765)
	at ptolemy.actor.util.CausalityInterfaceForComposites._computeInputDepth(CausalityInterfaceForComposites.java:696)
	at ptolemy.actor.util.CausalityInterfaceForComposites._computeOutputPortDepth(CausalityInterfaceForComposites.java:765)
	at ptolemy.actor.util.CausalityInterfaceForComposites._computeInputDepth(CausalityInterfaceForComposites.java:696)
	at ptolemy.actor.util.CausalityInterfaceForComposites._computeActorDepth(CausalityInterfaceForComposites.java:532)
	at ptolemy.actor.util.CausalityInterfaceForComposites.checkForCycles(CausalityInterfaceForComposites.java:96)
	at ptolemy.domains.de.kernel.DEDirector.preinitialize(DEDirector.java:1338)
	at ptolemy.actor.CompositeActor.preinitialize(CompositeActor.java:1828)
	at ptolemy.actor.Manager.preinitializeAndResolveTypes(Manager.java:1040)
	at ptolemy.actor.Manager.initialize(Manager.java:710)
	at ptolemy.actor.Manager.execute(Manager.java:356)
	at ptolemy.actor.Manager.run(Manager.java:1263)
	at ptolemy.actor.Manager$PtolemyRunThread.run(Manager.java:1915)
java.lang.reflect.InvocationTargetException
	at sun.reflect.NativeConstructorAccessorImpl.newInstance0(Native Method)
	at sun.reflect.NativeConstructorAccessorImpl.newInstance(NativeConstructorAccessorImpl.java:62)
	at sun.reflect.DelegatingConstructorAccessorImpl.newInstance(DelegatingConstructorAccessorImpl.java:45)
	at java.lang.reflect.Constructor.newInstance(Constructor.java:423)
	at ptolemy.util.test.junit.AutoKnownFailedTests.RunModel(AutoKnownFailedTests.java:107)
	at sun.reflect.NativeMethodAccessorImpl.invoke0(Native Method)
	at sun.reflect.NativeMethodAccessorImpl.invoke(NativeMethodAccessorImpl.java:62)
	at sun.reflect.DelegatingMethodAccessorImpl.invoke(DelegatingMethodAccessorImpl.java:43)
	at java.lang.reflect.Method.invoke(Method.java:498)
	at org.junit.runners.model.FrameworkMethod$1.runReflectiveCall(FrameworkMethod.java:44)
	at org.junit.internal.runners.model.ReflectiveCallable.run(ReflectiveCallable.java:15)
	at org.junit.runners.model.FrameworkMethod.invokeExplosively(FrameworkMethod.java:41)
	at junitparams.internal.InvokeParameterisedMethod.evaluate(InvokeParameterisedMethod.java:102)
	at org.junit.internal.runners.statements.FailOnTimeout$1.run(FailOnTimeout.java:28)
Caused by: ptolemy.kernel.util.IllegalActionException: Found a zero delay loop containing .dependencyLoop.original
  in .dependencyLoop and .dependencyLoop.original
	at ptolemy.actor.util.CausalityInterfaceForComposites._computeOutputPortDepth(CausalityInterfaceForComposites.java:759)
	at ptolemy.actor.util.CausalityInterfaceForComposites._computeInputDepth(CausalityInterfaceForComposites.java:696)
	at ptolemy.actor.util.CausalityInterfaceForComposites._computeOutputPortDepth(CausalityInterfaceForComposites.java:765)
	at ptolemy.actor.util.CausalityInterfaceForComposites._computeInputDepth(CausalityInterfaceForComposites.java:696)
	at ptolemy.actor.util.CausalityInterfaceForComposites._computeOutputPortDepth(CausalityInterfaceForComposites.java:765)
	at ptolemy.actor.util.CausalityInterfaceForComposites._computeInputDepth(CausalityInterfaceForComposites.java:696)
	at ptolemy.actor.util.CausalityInterfaceForComposites._computeActorDepth(CausalityInterfaceForComposites.java:532)
	at ptolemy.actor.util.CausalityInterfaceForComposites.checkForCycles(CausalityInterfaceForComposites.java:96)
	at ptolemy.domains.de.kernel.DEDirector.preinitialize(DEDirector.java:1338)
	at ptolemy.actor.CompositeActor.preinitialize(CompositeActor.java:1828)
	at ptolemy.actor.Manager.preinitializeAndResolveTypes(Manager.java:1040)
	at ptolemy.actor.Manager.initialize(Manager.java:710)
	at ptolemy.actor.Manager.execute(Manager.java:356)
	at ptolemy.actor.Manager.run(Manager.java:1263)
	at ptolemy.actor.Manager$PtolemyRunThread.run(Manager.java:1915)
java.lang.RuntimeException: Execution failed
	at ptolemy.moml.MoMLSimpleApplication$UnloadThread.run(MoMLSimpleApplication.java:402)
Caused by: ptolemy.kernel.util.IllegalActionException: Found a zero delay loop containing .dependencyLoop2.original
  in .dependencyLoop2 and .dependencyLoop2.original
	at ptolemy.actor.util.CausalityInterfaceForComposites._computeOutputPortDepth(CausalityInterfaceForComposites.java:759)
	at ptolemy.actor.util.CausalityInterfaceForComposites._computeInputDepth(CausalityInterfaceForComposites.java:696)
	at ptolemy.actor.util.CausalityInterfaceForComposites._computeOutputPortDepth(CausalityInterfaceForComposites.java:765)
	at ptolemy.actor.util.CausalityInterfaceForComposites._computeInputDepth(CausalityInterfaceForComposites.java:696)
	at ptolemy.actor.util.CausalityInterfaceForComposites._computeOutputPortDepth(CausalityInterfaceForComposites.java:765)
	at ptolemy.actor.util.CausalityInterfaceForComposites._computeInputDepth(CausalityInterfaceForComposites.java:696)
	at ptolemy.actor.util.CausalityInterfaceForComposites._computeActorDepth(CausalityInterfaceForComposites.java:532)
	at ptolemy.actor.util.CausalityInterfaceForComposites.checkForCycles(CausalityInterfaceForComposites.java:96)
	at ptolemy.domains.de.kernel.DEDirector.preinitialize(DEDirector.java:1338)
	at ptolemy.actor.CompositeActor.preinitialize(CompositeActor.java:1828)
	at ptolemy.actor.Manager.preinitializeAndResolveTypes(Manager.java:1040)
	at ptolemy.actor.Manager.initialize(Manager.java:710)
	at ptolemy.actor.Manager.execute(Manager.java:356)
	at ptolemy.actor.Manager.run(Manager.java:1263)
	at ptolemy.actor.Manager$PtolemyRunThread.run(Manager.java:1915)
java.lang.reflect.InvocationTargetException
	at sun.reflect.NativeConstructorAccessorImpl.newInstance0(Native Method)
	at sun.reflect.NativeConstructorAccessorImpl.newInstance(NativeConstructorAccessorImpl.java:62)
	at sun.reflect.DelegatingConstructorAccessorImpl.newInstance(DelegatingConstructorAccessorImpl.java:45)
	at java.lang.reflect.Constructor.newInstance(Constructor.java:423)
	at ptolemy.util.test.junit.AutoKnownFailedTests.RunModel(AutoKnownFailedTests.java:107)
	at sun.reflect.NativeMethodAccessorImpl.invoke0(Native Method)
	at sun.reflect.NativeMethodAccessorImpl.invoke(NativeMethodAccessorImpl.java:62)
	at sun.reflect.DelegatingMethodAccessorImpl.invoke(DelegatingMethodAccessorImpl.java:43)
	at java.lang.reflect.Method.invoke(Method.java:498)
	at org.junit.runners.model.FrameworkMethod$1.runReflectiveCall(FrameworkMethod.java:44)
	at org.junit.internal.runners.model.ReflectiveCallable.run(ReflectiveCallable.java:15)
	at org.junit.runners.model.FrameworkMethod.invokeExplosively(FrameworkMethod.java:41)
	at junitparams.internal.InvokeParameterisedMethod.evaluate(InvokeParameterisedMethod.java:102)
	at org.junit.internal.runners.statements.FailOnTimeout$1.run(FailOnTimeout.java:28)
Caused by: ptolemy.kernel.util.IllegalActionException: Found a zero delay loop containing .dependencyLoop2.original
  in .dependencyLoop2 and .dependencyLoop2.original
	at ptolemy.actor.util.CausalityInterfaceForComposites._computeOutputPortDepth(CausalityInterfaceForComposites.java:759)
	at ptolemy.actor.util.CausalityInterfaceForComposites._computeInputDepth(CausalityInterfaceForComposites.java:696)
	at ptolemy.actor.util.CausalityInterfaceForComposites._computeOutputPortDepth(CausalityInterfaceForComposites.java:765)
	at ptolemy.actor.util.CausalityInterfaceForComposites._computeInputDepth(CausalityInterfaceForComposites.java:696)
	at ptolemy.actor.util.CausalityInterfaceForComposites._computeOutputPortDepth(CausalityInterfaceForComposites.java:765)
	at ptolemy.actor.util.CausalityInterfaceForComposites._computeInputDepth(CausalityInterfaceForComposites.java:696)
	at ptolemy.actor.util.CausalityInterfaceForComposites._computeActorDepth(CausalityInterfaceForComposites.java:532)
	at ptolemy.actor.util.CausalityInterfaceForComposites.checkForCycles(CausalityInterfaceForComposites.java:96)
	at ptolemy.domains.de.kernel.DEDirector.preinitialize(DEDirector.java:1338)
	at ptolemy.actor.CompositeActor.preinitialize(CompositeActor.java:1828)
	at ptolemy.actor.Manager.preinitializeAndResolveTypes(Manager.java:1040)
	at ptolemy.actor.Manager.initialize(Manager.java:710)
	at ptolemy.actor.Manager.execute(Manager.java:356)
	at ptolemy.actor.Manager.run(Manager.java:1263)
	at ptolemy.actor.Manager$PtolemyRunThread.run(Manager.java:1915)
]]></system-err>
</testsuite>
