<?xml version="1.0" encoding="UTF-8" ?>
<testsuite errors="0" failures="0" hostname="travis-job-004346f1-5639-4bc5-9d20-7a9e63df54fd" name="ptolemy.domains.de.test.junit.JUnitTclTest" skipped="0" tests="101" time="124.484" timestamp="2020-03-14T07:12:25">
  <properties>
[...]
</properties>
  <testcase classname="ptolemy.util.test.junit.TclTests" name="[0] /home/travis/build/icyphy/ptII/ptolemy/domains/de/test/DependencyLoop.tcl (RunTclFile)" time="0.872" />
  <testcase classname="ptolemy.util.test.junit.TclTests" name="[1] /home/travis/build/icyphy/ptII/ptolemy/domains/de/test/RunDETestsAsQSS.tcl (RunTclFile)" time="84.081" />
  <testcase classname="ptolemy.util.test.junit.AutoKnownFailedTests" name="[0] /home/travis/build/icyphy/ptII/ptolemy/domains/de/test/auto/knownFailedTests/DESDFClockTest.xml (RunModel)" time="2.058" />
  <testcase classname="ptolemy.util.test.junit.AutoKnownFailedTests" name="[1] /home/travis/build/icyphy/ptII/ptolemy/domains/de/test/auto/knownFailedTests/DirectFeedback.xml (RunModel)" time="0.011" />
  <testcase classname="ptolemy.util.test.junit.AutoKnownFailedTests" name="[2] /home/travis/build/icyphy/ptII/ptolemy/domains/de/test/auto/knownFailedTests/FSMSource.xml (RunModel)" time="0.038" />
  <testcase classname="ptolemy.util.test.junit.AutoKnownFailedTests" name="[3] /home/travis/build/icyphy/ptII/ptolemy/domains/de/test/auto/knownFailedTests/HierarchicalModel.xml (RunModel)" time="0.04" />
  <testcase classname="ptolemy.util.test.junit.AutoKnownFailedTests" name="[4] /home/travis/build/icyphy/ptII/ptolemy/domains/de/test/auto/knownFailedTests/dependencyLoop.xml (RunModel)" time="0.037" />
  <testcase classname="ptolemy.util.test.junit.AutoKnownFailedTests" name="[5] /home/travis/build/icyphy/ptII/ptolemy/domains/de/test/auto/knownFailedTests/dependencyLoop2.xml (RunModel)" time="0.036" />
  <testcase classname="ptolemy.util.test.junit.AutoNameArchTests" name="[0] ThereAreNoAutoArchTests (RunModel)" time="0.002" />
  <testcase classname="ptolemy.util.test.junit.AutoTests" name="[0] /home/travis/build/icyphy/ptII/ptolemy/domains/de/test/auto/ActorDepthCalculation_actorWithoutPorts.xml (RunModel)" time="0.026" />
  <testcase classname="ptolemy.util.test.junit.AutoTests" name="[1] /home/travis/build/icyphy/ptII/ptolemy/domains/de/test/auto/AssemblyLine.xml (RunModel)" time="0.021" />
  <testcase classname="ptolemy.util.test.junit.AutoTests" name="[2] /home/travis/build/icyphy/ptII/ptolemy/domains/de/test/auto/CQBug1.xml (RunModel)" time="0.014" />
  <testcase classname="ptolemy.util.test.junit.AutoTests" name="[3] /home/travis/build/icyphy/ptII/ptolemy/domains/de/test/auto/CancelFireAt.xml (RunModel)" time="0.01" />
  <testcase classname="ptolemy.util.test.junit.AutoTests" name="[4] /home/travis/build/icyphy/ptII/ptolemy/domains/de/test/auto/CausalityAndComposabilityAnalysis.xml (RunModel)" time="0.015" />
  <testcase classname="ptolemy.util.test.junit.AutoTests" name="[5] /home/travis/build/icyphy/ptII/ptolemy/domains/de/test/auto/CausalityInterface1.xml (RunModel)" time="0.018" />
  <testcase classname="ptolemy.util.test.junit.AutoTests" name="[6] /home/travis/build/icyphy/ptII/ptolemy/domains/de/test/auto/CausalityInterface15.xml (RunModel)" time="0.014" />
  <testcase classname="ptolemy.util.test.junit.AutoTests" name="[7] /home/travis/build/icyphy/ptII/ptolemy/domains/de/test/auto/CausalityInterface2.xml (RunModel)" time="0.014" />
  <testcase classname="ptolemy.util.test.junit.AutoTests" name="[8] /home/travis/build/icyphy/ptII/ptolemy/domains/de/test/auto/CausalityInterface3.xml (RunModel)" time="0.015" />
  <testcase classname="ptolemy.util.test.junit.AutoTests" name="[9] /home/travis/build/icyphy/ptII/ptolemy/domains/de/test/auto/ClockDrift.xml (RunModel)" time="0.033" />
  <testcase classname="ptolemy.util.test.junit.AutoTests" name="[10] /home/travis/build/icyphy/ptII/ptolemy/domains/de/test/auto/ClockDriftAndValueChange.xml (RunModel)" time="0.028" />
  <testcase classname="ptolemy.util.test.junit.AutoTests" name="[11] /home/travis/build/icyphy/ptII/ptolemy/domains/de/test/auto/ClockDriftChange.xml (RunModel)" time="0.038" />
  <testcase classname="ptolemy.util.test.junit.AutoTests" name="[12] /home/travis/build/icyphy/ptII/ptolemy/domains/de/test/auto/ComposableCausalityAnalysis.xml (RunModel)" time="0.015" />
  <testcase classname="ptolemy.util.test.junit.AutoTests" name="[13] /home/travis/build/icyphy/ptII/ptolemy/domains/de/test/auto/DEFixedPointLimitation.xml (RunModel)" time="0.01" />
  <testcase classname="ptolemy.util.test.junit.AutoTests" name="[14] /home/travis/build/icyphy/ptII/ptolemy/domains/de/test/auto/DEScheduleTest.xml (RunModel)" time="0.016" />
  <testcase classname="ptolemy.util.test.junit.AutoTests" name="[15] /home/travis/build/icyphy/ptII/ptolemy/domains/de/test/auto/DEinDEwithStartTimes.xml (RunModel)" time="0.016" />
  <testcase classname="ptolemy.util.test.junit.AutoTests" name="[16] /home/travis/build/icyphy/ptII/ptolemy/domains/de/test/auto/DEinDEwithStartTimes2.xml (RunModel)" time="0.025" />
  <testcase classname="ptolemy.util.test.junit.AutoTests" name="[17] /home/travis/build/icyphy/ptII/ptolemy/domains/de/test/auto/DateDemo.xml (RunModel)" time="0.028" />
  <testcase classname="ptolemy.util.test.junit.AutoTests" name="[18] /home/travis/build/icyphy/ptII/ptolemy/domains/de/test/auto/DateToEvent.xml (RunModel)" time="2.049" />
  <testcase classname="ptolemy.util.test.junit.AutoTests" name="[19] /home/travis/build/icyphy/ptII/ptolemy/domains/de/test/auto/DepthTest1.xml (RunModel)" time="0.008" />
  <testcase classname="ptolemy.util.test.junit.AutoTests" name="[20] /home/travis/build/icyphy/ptII/ptolemy/domains/de/test/auto/DepthTest2.xml (RunModel)" time="0.017" />
  <testcase classname="ptolemy.util.test.junit.AutoTests" name="[21] /home/travis/build/icyphy/ptII/ptolemy/domains/de/test/auto/DepthTest3.xml (RunModel)" time="0.011" />
  <testcase classname="ptolemy.util.test.junit.AutoTests" name="[22] /home/travis/build/icyphy/ptII/ptolemy/domains/de/test/auto/DepthTest4.xml (RunModel)" time="0.028" />
  <testcase classname="ptolemy.util.test.junit.AutoTests" name="[23] /home/travis/build/icyphy/ptII/ptolemy/domains/de/test/auto/DepthTest5.xml (RunModel)" time="0.021" />
  <testcase classname="ptolemy.util.test.junit.AutoTests" name="[24] /home/travis/build/icyphy/ptII/ptolemy/domains/de/test/auto/DepthTest6.xml (RunModel)" time="0.015" />
  <testcase classname="ptolemy.util.test.junit.AutoTests" name="[25] /home/travis/build/icyphy/ptII/ptolemy/domains/de/test/auto/DepthTest7.xml (RunModel)" time="0.012" />
  <testcase classname="ptolemy.util.test.junit.AutoTests" name="[26] /home/travis/build/icyphy/ptII/ptolemy/domains/de/test/auto/EventToDate.xml (RunModel)" time="3.043" />
  <testcase classname="ptolemy.util.test.junit.AutoTests" name="[27] /home/travis/build/icyphy/ptII/ptolemy/domains/de/test/auto/FSM1.xml (RunModel)" time="0.049" />
  <testcase classname="ptolemy.util.test.junit.AutoTests" name="[28] /home/travis/build/icyphy/ptII/ptolemy/domains/de/test/auto/FSM7.xml (RunModel)" time="0.061" />
  <testcase classname="ptolemy.util.test.junit.AutoTests" name="[29] /home/travis/build/icyphy/ptII/ptolemy/domains/de/test/auto/Inspection.xml (RunModel)" time="0.049" />
  <testcase classname="ptolemy.util.test.junit.AutoTests" name="[30] /home/travis/build/icyphy/ptII/ptolemy/domains/de/test/auto/Iteration.xml (RunModel)" time="0.026" />
  <testcase classname="ptolemy.util.test.junit.AutoTests" name="[31] /home/travis/build/icyphy/ptII/ptolemy/domains/de/test/auto/LineFault.xml (RunModel)" time="0.597" />
  <testcase classname="ptolemy.util.test.junit.AutoTests" name="[32] /home/travis/build/icyphy/ptII/ptolemy/domains/de/test/auto/MergeModel1Add.xml (RunModel)" time="0.047" />
  <testcase classname="ptolemy.util.test.junit.AutoTests" name="[33] /home/travis/build/icyphy/ptII/ptolemy/domains/de/test/auto/MergeModel2Add.xml (RunModel)" time="0.046" />
  <testcase classname="ptolemy.util.test.junit.AutoTests" name="[34] /home/travis/build/icyphy/ptII/ptolemy/domains/de/test/auto/MergeModel3Add.xml (RunModel)" time="0.047" />
  <testcase classname="ptolemy.util.test.junit.AutoTests" name="[35] /home/travis/build/icyphy/ptII/ptolemy/domains/de/test/auto/MergeWithoutDiscard.xml (RunModel)" time="0.016" />
  <testcase classname="ptolemy.util.test.junit.AutoTests" name="[36] /home/travis/build/icyphy/ptII/ptolemy/domains/de/test/auto/Modal1.xml (RunModel)" time="0.028" />
  <testcase classname="ptolemy.util.test.junit.AutoTests" name="[37] /home/travis/build/icyphy/ptII/ptolemy/domains/de/test/auto/Modal2.xml (RunModel)" time="0.031" />
  <testcase classname="ptolemy.util.test.junit.AutoTests" name="[38] /home/travis/build/icyphy/ptII/ptolemy/domains/de/test/auto/Modal3.xml (RunModel)" time="0.032" />
  <testcase classname="ptolemy.util.test.junit.AutoTests" name="[39] /home/travis/build/icyphy/ptII/ptolemy/domains/de/test/auto/Modal4.xml (RunModel)" time="0.037" />
  <testcase classname="ptolemy.util.test.junit.AutoTests" name="[40] /home/travis/build/icyphy/ptII/ptolemy/domains/de/test/auto/Modal5.xml (RunModel)" time="0.029" />
  <testcase classname="ptolemy.util.test.junit.AutoTests" name="[41] /home/travis/build/icyphy/ptII/ptolemy/domains/de/test/auto/Modal6.xml (RunModel)" time="0.034" />
  <testcase classname="ptolemy.util.test.junit.AutoTests" name="[42] /home/travis/build/icyphy/ptII/ptolemy/domains/de/test/auto/Modal7.xml (RunModel)" time="0.037" />
  <testcase classname="ptolemy.util.test.junit.AutoTests" name="[43] /home/travis/build/icyphy/ptII/ptolemy/domains/de/test/auto/ModalModel.xml (RunModel)" time="0.168" />
  <testcase classname="ptolemy.util.test.junit.AutoTests" name="[44] /home/travis/build/icyphy/ptII/ptolemy/domains/de/test/auto/ModalSource.xml (RunModel)" time="0.023" />
  <testcase classname="ptolemy.util.test.junit.AutoTests" name="[45] /home/travis/build/icyphy/ptII/ptolemy/domains/de/test/auto/NonInterruptibleTimerZeroDelay.xml (RunModel)" time="0.013" />
  <testcase classname="ptolemy.util.test.junit.AutoTests" name="[46] /home/travis/build/icyphy/ptII/ptolemy/domains/de/test/auto/OpenQueueingNetwork.xml (RunModel)" time="2.551" />
  <testcase classname="ptolemy.util.test.junit.AutoTests" name="[47] /home/travis/build/icyphy/ptII/ptolemy/domains/de/test/auto/OpenQueuingNetwork.xml (RunModel)" time="0.318" />
  <testcase classname="ptolemy.util.test.junit.AutoTests" name="[48] /home/travis/build/icyphy/ptII/ptolemy/domains/de/test/auto/PeriodicSampler.xml (RunModel)" time="0.01" />
  <testcase classname="ptolemy.util.test.junit.AutoTests" name="[49] /home/travis/build/icyphy/ptII/ptolemy/domains/de/test/auto/PersistentIO.xml (RunModel)" time="0.017" />
  <testcase classname="ptolemy.util.test.junit.AutoTests" name="[50] /home/travis/build/icyphy/ptII/ptolemy/domains/de/test/auto/PortParameterResetOnInitialize.xml (RunModel)" time="0.01" />
  <testcase classname="ptolemy.util.test.junit.AutoTests" name="[51] /home/travis/build/icyphy/ptII/ptolemy/domains/de/test/auto/PortParameterUpdates.xml (RunModel)" time="0.013" />
  <testcase classname="ptolemy.util.test.junit.AutoTests" name="[52] /home/travis/build/icyphy/ptII/ptolemy/domains/de/test/auto/QueueAndServer.xml (RunModel)" time="0.019" />
  <testcase classname="ptolemy.util.test.junit.AutoTests" name="[53] /home/travis/build/icyphy/ptII/ptolemy/domains/de/test/auto/Records.xml (RunModel)" time="0.017" />
  <testcase classname="ptolemy.util.test.junit.AutoTests" name="[54] /home/travis/build/icyphy/ptII/ptolemy/domains/de/test/auto/ResetTransitionWithStartTime1.xml (RunModel)" time="0.022" />
  <testcase classname="ptolemy.util.test.junit.AutoTests" name="[55] /home/travis/build/icyphy/ptII/ptolemy/domains/de/test/auto/ResetTransitionWithStartTime2.xml (RunModel)" time="0.016" />
  <testcase classname="ptolemy.util.test.junit.AutoTests" name="[56] /home/travis/build/icyphy/ptII/ptolemy/domains/de/test/auto/ResetTransitionWithStartTime3.xml (RunModel)" time="0.019" />
  <testcase classname="ptolemy.util.test.junit.AutoTests" name="[57] /home/travis/build/icyphy/ptII/ptolemy/domains/de/test/auto/ResetTransitionWithStartTime4.xml (RunModel)" time="0.021" />
  <testcase classname="ptolemy.util.test.junit.AutoTests" name="[58] /home/travis/build/icyphy/ptII/ptolemy/domains/de/test/auto/ResettableTimer1.xml (RunModel)" time="0.01" />
  <testcase classname="ptolemy.util.test.junit.AutoTests" name="[59] /home/travis/build/icyphy/ptII/ptolemy/domains/de/test/auto/ResettableTimer2.xml (RunModel)" time="0.008" />
  <testcase classname="ptolemy.util.test.junit.AutoTests" name="[60] /home/travis/build/icyphy/ptII/ptolemy/domains/de/test/auto/ResettableTimer3.xml (RunModel)" time="0.008" />
  <testcase classname="ptolemy.util.test.junit.AutoTests" name="[61] /home/travis/build/icyphy/ptII/ptolemy/domains/de/test/auto/ResettableTimer4.xml (RunModel)" time="0.009" />
  <testcase classname="ptolemy.util.test.junit.AutoTests" name="[62] /home/travis/build/icyphy/ptII/ptolemy/domains/de/test/auto/ResettableTimer5.xml (RunModel)" time="0.012" />
  <testcase classname="ptolemy.util.test.junit.AutoTests" name="[63] /home/travis/build/icyphy/ptII/ptolemy/domains/de/test/auto/ResettableTimer6.xml (RunModel)" time="0.017" />
  <testcase classname="ptolemy.util.test.junit.AutoTests" name="[64] /home/travis/build/icyphy/ptII/ptolemy/domains/de/test/auto/ServerZeroDelay.xml (RunModel)" time="0.013" />
  <testcase classname="ptolemy.util.test.junit.AutoTests" name="[65] /home/travis/build/icyphy/ptII/ptolemy/domains/de/test/auto/SmartSender.xml (RunModel)" time="3.009" />
  <testcase classname="ptolemy.util.test.junit.AutoTests" name="[66] /home/travis/build/icyphy/ptII/ptolemy/domains/de/test/auto/ThreadedComposite.xml (RunModel)" time="0.229" />
  <testcase classname="ptolemy.util.test.junit.AutoTests" name="[67] /home/travis/build/icyphy/ptII/ptolemy/domains/de/test/auto/Time.xml (RunModel)" time="0.406" />
  <testcase classname="ptolemy.util.test.junit.AutoTests" name="[68] /home/travis/build/icyphy/ptII/ptolemy/domains/de/test/auto/TimeDelayZeroDelay.xml (RunModel)" time="0.015" />
  <testcase classname="ptolemy.util.test.junit.AutoTests" name="[69] /home/travis/build/icyphy/ptII/ptolemy/domains/de/test/auto/TimerZeroDelay.xml (RunModel)" time="0.01" />
  <testcase classname="ptolemy.util.test.junit.AutoTests" name="[70] /home/travis/build/icyphy/ptII/ptolemy/domains/de/test/auto/TimingParadox.xml (RunModel)" time="0.317" />
  <testcase classname="ptolemy.util.test.junit.AutoTests" name="[71] /home/travis/build/icyphy/ptII/ptolemy/domains/de/test/auto/TransferInputs.xml (RunModel)" time="0.014" />
  <testcase classname="ptolemy.util.test.junit.AutoTests" name="[72] /home/travis/build/icyphy/ptII/ptolemy/domains/de/test/auto/TransferOutputs2.xml (RunModel)" time="0.014" />
  <testcase classname="ptolemy.util.test.junit.AutoTests" name="[73] /home/travis/build/icyphy/ptII/ptolemy/domains/de/test/auto/Trilateration.xml (RunModel)" time="10.736" />
  <testcase classname="ptolemy.util.test.junit.AutoTests" name="[74] /home/travis/build/icyphy/ptII/ptolemy/domains/de/test/auto/TwoSigmaDelta.xml (RunModel)" time="1.951" />
  <testcase classname="ptolemy.util.test.junit.AutoTests" name="[75] /home/travis/build/icyphy/ptII/ptolemy/domains/de/test/auto/VariableDelay.xml (RunModel)" time="0.013" />
  <testcase classname="ptolemy.util.test.junit.AutoTests" name="[76] /home/travis/build/icyphy/ptII/ptolemy/domains/de/test/auto/VariableDelay2.xml (RunModel)" time="0.008" />
  <testcase classname="ptolemy.util.test.junit.AutoTests" name="[77] /home/travis/build/icyphy/ptII/ptolemy/domains/de/test/auto/VariableDelayZeroDelay.xml (RunModel)" time="0.011" />
  <testcase classname="ptolemy.util.test.junit.AutoTests" name="[78] /home/travis/build/icyphy/ptII/ptolemy/domains/de/test/auto/VariableDelayZeroDelay2.xml (RunModel)" time="0.013" />
  <testcase classname="ptolemy.util.test.junit.AutoTests" name="[79] /home/travis/build/icyphy/ptII/ptolemy/domains/de/test/auto/deInCt.xml (RunModel)" time="0.013" />
  <testcase classname="ptolemy.util.test.junit.AutoTests" name="[80] /home/travis/build/icyphy/ptII/ptolemy/domains/de/test/auto/deInCt2.xml (RunModel)" time="0.01" />
  <testcase classname="ptolemy.util.test.junit.AutoTests" name="[81] /home/travis/build/icyphy/ptII/ptolemy/domains/de/test/auto/dynamicCausalityInterface1.xml (RunModel)" time="0.014" />
  <testcase classname="ptolemy.util.test.junit.AutoTests" name="[82] /home/travis/build/icyphy/ptII/ptolemy/domains/de/test/auto/fsm_de_test.xml (RunModel)" time="0.017" />
  <testcase classname="ptolemy.util.test.junit.AutoTests" name="[83] /home/travis/build/icyphy/ptII/ptolemy/domains/de/test/auto/functionDependencyReconstruction.xml (RunModel)" time="0.026" />
  <testcase classname="ptolemy.util.test.junit.AutoTests" name="[84] /home/travis/build/icyphy/ptII/ptolemy/domains/de/test/auto/multirate.xml (RunModel)" time="0.012" />
  <testcase classname="ptolemy.util.test.junit.AutoTests" name="[85] /home/travis/build/icyphy/ptII/ptolemy/domains/de/test/auto/multirate2.xml (RunModel)" time="0.02" />
  <testcase classname="ptolemy.util.test.junit.AutoTests" name="[86] /home/travis/build/icyphy/ptII/ptolemy/domains/de/test/auto/realtime.xml (RunModel)" time="10.009" />
  <testcase classname="ptolemy.util.test.junit.AutoTests" name="[87] /home/travis/build/icyphy/ptII/ptolemy/domains/de/test/auto/relationGroup.xml (RunModel)" time="0.008" />
  <testcase classname="ptolemy.util.test.junit.AutoTests" name="[88] /home/travis/build/icyphy/ptII/ptolemy/domains/de/test/auto/relationGroup2.xml (RunModel)" time="0.007" />
  <testcase classname="ptolemy.util.test.junit.AutoTests" name="[89] /home/travis/build/icyphy/ptII/ptolemy/domains/de/test/auto/sortWithOpaquePorts.xml (RunModel)" time="0.018" />
  <testcase classname="ptolemy.util.test.junit.AutoTests" name="[90] /home/travis/build/icyphy/ptII/ptolemy/domains/de/test/auto/transferInputsandOutputs.xml (RunModel)" time="0.021" />
  <testcase classname="ptolemy.util.test.junit.AutoTests" name="[91] /home/travis/build/icyphy/ptII/ptolemy/domains/de/test/auto/triggerType.xml (RunModel)" time="0.009" />
  <system-out><![CDATA[/home/travis/build/icyphy/ptII/ptolemy/domains/de/test/DependencyLoop.tcl
testDefs.tcl: setting time out to 9000 seconds at Sat Mar 14 07:12:25 UTC 2020
58 ms. Memory: 129024K Free: 78669K (61%)
16 ms. Memory: 129024K Free: 61757K (48%)
/home/travis/build/icyphy/ptII/ptolemy/domains/de/test/RunDETestsAsQSS.tcl
Run the DE tests using ptolemy.domains.qss.test.QSSDirectorTest, which extends QSSDirector and prints a message in the constructors.
------------------ testing $PTII/ptolemy/domains/de/test/auto/knownFailedTests/DirectFeedback.xml (Known Failure) 
70 ms. Memory: 129024K Free: 55627K (43%)


==== $PTIIhome/travis/build/icyphy/ptII/ptolemy/domains/de/test/../../../../: Auto Automatic test in file $PTII/ptolemy/domains/de/test/auto/knownFailedTests/DirectFeedback.xml
==== Contents of test case:

	    # FIXME: we should use $relativeFilename here, but it
	    # might have backslashes under Windows, which causes no end
	    # of trouble.
	    createAndExecute $file
	    list {}
	
.... Test generated KNOWN error:
    while executing
ptolemy.kernel.util.IllegalActionException: Test fails in iteration 1.
Value was: 1.0. Should have been: 2.0
  in .DirectFeedback.Test
	at ptolemy.actor.lib.Test.fire(Test.java:268)
	at ptolemy.domains.de.kernel.DEDirector._fire(DEDirector.java:1949)
	at ptolemy.domains.de.kernel.DEDirector.fire(DEDirector.java:502)
	at ptolemy.actor.CompositeActor.fire(CompositeActor.java:455)
	at ptolemy.actor.Manager.iterate(Manager.java:851)
	at ptolemy.actor.Manager.execute(Manager.java:369)
	at ptolemy.actor.Manager.run(Manager.java:1263)
	at ptolemy.actor.Manager$PtolemyRunThread.run(Manager.java:1933)

    while executing
ptolemy.kernel.util.IllegalActionException: Test fails in iteration 1.
Value was: 1.0. Should have been: 2.0
  in .DirectFeedback.Test
    while executing
"java::new ptolemy.moml.MoMLSimpleApplication $file
"
    (procedure "createAndExecute" line 2)
    invoked from within
"createAndExecute $file"
    ("uplevel" body line 5)
    invoked from within
"uplevel $contents_of_test"
------------------ testing $PTII/ptolemy/domains/de/test/auto/knownFailedTests/dependencyLoop.xml (Known Failure) 
19 ms. Memory: 129024K Free: 52555K (41%)


==== $PTIIhome/travis/build/icyphy/ptII/ptolemy/domains/de/test/../../../../: Auto Automatic test in file $PTII/ptolemy/domains/de/test/auto/knownFailedTests/dependencyLoop.xml
==== Contents of test case:

	    # FIXME: we should use $relativeFilename here, but it
	    # might have backslashes under Windows, which causes no end
	    # of trouble.
	    createAndExecute $file
	    list {}
	
.... Test generated KNOWN error:
    while executing
ptolemy.kernel.util.IllegalActionException: Found a zero delay loop containing .dependencyLoop.original
  in .dependencyLoop and .dependencyLoop.original
	at ptolemy.actor.util.CausalityInterfaceForComposites._computeOutputPortDepth(CausalityInterfaceForComposites.java:759)
	at ptolemy.actor.util.CausalityInterfaceForComposites._computeInputDepth(CausalityInterfaceForComposites.java:696)
	at ptolemy.actor.util.CausalityInterfaceForComposites._computeOutputPortDepth(CausalityInterfaceForComposites.java:765)
	at ptolemy.actor.util.CausalityInterfaceForComposites._computeInputDepth(CausalityInterfaceForComposites.java:696)
	at ptolemy.actor.util.CausalityInterfaceForComposites._computeOutputPortDepth(CausalityInterfaceForComposites.java:765)
	at ptolemy.actor.util.CausalityInterfaceForComposites._computeInputDepth(CausalityInterfaceForComposites.java:696)
	at ptolemy.actor.util.CausalityInterfaceForComposites._computeActorDepth(CausalityInterfaceForComposites.java:532)
	at ptolemy.actor.util.CausalityInterfaceForComposites.checkForCycles(CausalityInterfaceForComposites.java:96)
	at ptolemy.domains.de.kernel.DEDirector.preinitialize(DEDirector.java:1338)
	at ptolemy.actor.CompositeActor.preinitialize(CompositeActor.java:1828)
	at ptolemy.actor.Manager.preinitializeAndResolveTypes(Manager.java:1040)
	at ptolemy.actor.Manager.initialize(Manager.java:710)
	at ptolemy.actor.Manager.execute(Manager.java:356)
	at ptolemy.actor.Manager.run(Manager.java:1263)
	at ptolemy.actor.Manager$PtolemyRunThread.run(Manager.java:1933)

    while executing
ptolemy.kernel.util.IllegalActionException: Found a zero delay loop containing .dependencyLoop.original
  in .dependencyLoop and .dependencyLoop.original
    while executing
"java::new ptolemy.moml.MoMLSimpleApplication $file
"
    (procedure "createAndExecute" line 2)
    invoked from within
"createAndExecute $file"
    ("uplevel" body line 5)
    invoked from within
"uplevel $contents_of_test"
------------------ testing $PTII/ptolemy/domains/de/test/auto/knownFailedTests/FSMSource.xml (Known Failure) 
46 ms. Memory: 129024K Free: 111145K (86%)
!!!! Auto was marked as failing, but now passes
------------------ testing $PTII/ptolemy/domains/de/test/auto/knownFailedTests/HierarchicalModel.xml (Known Failure) 
7 ms. Memory: 129024K Free: 93230K (72%)


==== $PTIIhome/travis/build/icyphy/ptII/ptolemy/domains/de/test/../../../../: Auto Automatic test in file $PTII/ptolemy/domains/de/test/auto/knownFailedTests/HierarchicalModel.xml
==== Contents of test case:

	    # FIXME: we should use $relativeFilename here, but it
	    # might have backslashes under Windows, which causes no end
	    # of trouble.
	    createAndExecute $file
	    list {}
	
.... Test generated KNOWN error:
    while executing
ptolemy.kernel.util.IllegalActionException: Found a zero delay loop containing .HierarchicalModel.A
  in .HierarchicalModel and .HierarchicalModel.A
	at ptolemy.actor.util.CausalityInterfaceForComposites._computeOutputPortDepth(CausalityInterfaceForComposites.java:759)
	at ptolemy.actor.util.CausalityInterfaceForComposites._computeInputDepth(CausalityInterfaceForComposites.java:696)
	at ptolemy.actor.util.CausalityInterfaceForComposites._computeOutputPortDepth(CausalityInterfaceForComposites.java:765)
	at ptolemy.actor.util.CausalityInterfaceForComposites._computeInputDepth(CausalityInterfaceForComposites.java:696)
	at ptolemy.actor.util.CausalityInterfaceForComposites._computeOutputPortDepth(CausalityInterfaceForComposites.java:765)
	at ptolemy.actor.util.CausalityInterfaceForComposites._computeInputDepth(CausalityInterfaceForComposites.java:696)
	at ptolemy.actor.util.CausalityInterfaceForComposites._computeActorDepth(CausalityInterfaceForComposites.java:532)
	at ptolemy.actor.util.CausalityInterfaceForComposites.checkForCycles(CausalityInterfaceForComposites.java:96)
	at ptolemy.domains.de.kernel.DEDirector.preinitialize(DEDirector.java:1338)
	at ptolemy.actor.CompositeActor.preinitialize(CompositeActor.java:1828)
	at ptolemy.actor.Manager.preinitializeAndResolveTypes(Manager.java:1040)
	at ptolemy.actor.Manager.initialize(Manager.java:710)
	at ptolemy.actor.Manager.execute(Manager.java:356)
	at ptolemy.actor.Manager.run(Manager.java:1263)
	at ptolemy.actor.Manager$PtolemyRunThread.run(Manager.java:1933)

    while executing
ptolemy.kernel.util.IllegalActionException: Found a zero delay loop containing .HierarchicalModel.A
  in .HierarchicalModel and .HierarchicalModel.A
    while executing
"java::new ptolemy.moml.MoMLSimpleApplication $file
"
    (procedure "createAndExecute" line 2)
    invoked from within
"createAndExecute $file"
    ("uplevel" body line 5)
    invoked from within
"uplevel $contents_of_test"
------------------ testing $PTII/ptolemy/domains/de/test/auto/knownFailedTests/dependencyLoop2.xml (Known Failure) 
15 ms. Memory: 129024K Free: 77350K (60%)


==== $PTIIhome/travis/build/icyphy/ptII/ptolemy/domains/de/test/../../../../: Auto Automatic test in file $PTII/ptolemy/domains/de/test/auto/knownFailedTests/dependencyLoop2.xml
==== Contents of test case:

	    # FIXME: we should use $relativeFilename here, but it
	    # might have backslashes under Windows, which causes no end
	    # of trouble.
	    createAndExecute $file
	    list {}
	
.... Test generated KNOWN error:
    while executing
ptolemy.kernel.util.IllegalActionException: Found a zero delay loop containing .dependencyLoop2.original
  in .dependencyLoop2 and .dependencyLoop2.original
	at ptolemy.actor.util.CausalityInterfaceForComposites._computeOutputPortDepth(CausalityInterfaceForComposites.java:759)
	at ptolemy.actor.util.CausalityInterfaceForComposites._computeInputDepth(CausalityInterfaceForComposites.java:696)
	at ptolemy.actor.util.CausalityInterfaceForComposites._computeOutputPortDepth(CausalityInterfaceForComposites.java:765)
	at ptolemy.actor.util.CausalityInterfaceForComposites._computeInputDepth(CausalityInterfaceForComposites.java:696)
	at ptolemy.actor.util.CausalityInterfaceForComposites._computeOutputPortDepth(CausalityInterfaceForComposites.java:765)
	at ptolemy.actor.util.CausalityInterfaceForComposites._computeInputDepth(CausalityInterfaceForComposites.java:696)
	at ptolemy.actor.util.CausalityInterfaceForComposites._computeActorDepth(CausalityInterfaceForComposites.java:532)
	at ptolemy.actor.util.CausalityInterfaceForComposites.checkForCycles(CausalityInterfaceForComposites.java:96)
	at ptolemy.domains.de.kernel.DEDirector.preinitialize(DEDirector.java:1338)
	at ptolemy.actor.CompositeActor.preinitialize(CompositeActor.java:1828)
	at ptolemy.actor.Manager.preinitializeAndResolveTypes(Manager.java:1040)
	at ptolemy.actor.Manager.initialize(Manager.java:710)
	at ptolemy.actor.Manager.execute(Manager.java:356)
	at ptolemy.actor.Manager.run(Manager.java:1263)
	at ptolemy.actor.Manager$PtolemyRunThread.run(Manager.java:1933)

    while executing
ptolemy.kernel.util.IllegalActionException: Found a zero delay loop containing .dependencyLoop2.original
  in .dependencyLoop2 and .dependencyLoop2.original
    while executing
"java::new ptolemy.moml.MoMLSimpleApplication $file
"
    (procedure "createAndExecute" line 2)
    invoked from within
"createAndExecute $file"
    ("uplevel" body line 5)
    invoked from within
"uplevel $contents_of_test"
------------------ testing $PTII/ptolemy/domains/de/test/auto/knownFailedTests/DESDFClockTest.xml (Known Failure) 
2068 ms. Memory: 129024K Free: 108155K (84%)


==== $PTIIhome/travis/build/icyphy/ptII/ptolemy/domains/de/test/../../../../: Auto Automatic test in file $PTII/ptolemy/domains/de/test/auto/knownFailedTests/DESDFClockTest.xml
==== Contents of test case:

	    # FIXME: we should use $relativeFilename here, but it
	    # might have backslashes under Windows, which causes no end
	    # of trouble.
	    createAndExecute $file
	    list {}
	
.... Test generated KNOWN error:
    while executing
ptolemy.kernel.util.IllegalActionException: Actor is not ready to fire.  Perhaps UpSample.prefire() returned false? Try debugging the actor by selecting "Listen to Actor".  Also, for SDF check moml for tokenConsumptionRate on input.
  in .DESDFClockTest.Play Bell.Copy1:SDF Director and .DESDFClockTest.Play Bell.UpSample
	at ptolemy.actor.sched.StaticSchedulingDirector.fire(StaticSchedulingDirector.java:227)
	at ptolemy.domains.sdf.kernel.SDFDirector.fire(SDFDirector.java:500)
	at ptolemy.actor.CompositeActor.fire(CompositeActor.java:455)
	at ptolemy.domains.de.kernel.DEDirector._fire(DEDirector.java:1949)
	at ptolemy.domains.de.kernel.DEDirector.fire(DEDirector.java:502)
	at ptolemy.actor.CompositeActor.fire(CompositeActor.java:455)
	at ptolemy.actor.Manager.iterate(Manager.java:851)
	at ptolemy.actor.Manager.execute(Manager.java:369)
	at ptolemy.actor.Manager.run(Manager.java:1263)
	at ptolemy.actor.Manager$PtolemyRunThread.run(Manager.java:1933)

    while executing
ptolemy.kernel.util.IllegalActionException: Actor is not ready to fire.  Perhaps UpSample.prefire() returned false? Try debugging the actor by selecting "Listen to Actor".  Also, for SDF check moml for tokenConsumptionRate on input.
  in .DESDFClockTest.Play Bell.Copy1:SDF Director and .DESDFClockTest.Play Bell.UpSample
    while executing
"java::new ptolemy.moml.MoMLSimpleApplication $file
"
    (procedure "createAndExecute" line 2)
    invoked from within
"createAndExecute $file"
    ("uplevel" body line 5)
    invoked from within
"uplevel $contents_of_test"
------------------ testing $PTII/ptolemy/domains/de/test/auto/ActorDepthCalculation_actorWithoutPorts.xml
auto.tcl: Setting watchdog for 200 seconds at Sat Mar 14 07:12:28 UTC 2020
10 ms. Memory: 129024K Free: 100459K (78%)
ptolemy.util.test.WatchDog.cancel(): canceling Sat Mar 14 07:12:28 UTC 2020
auto.tcl: Setting watchdog for 200 seconds at Sat Mar 14 07:12:28 UTC 2020
6 ms. Memory: 129024K Free: 98939K (77%)
ptolemy.util.test.WatchDog.cancel(): canceling Sat Mar 14 07:12:28 UTC 2020
------------------ testing $PTII/ptolemy/domains/de/test/auto/AssemblyLine.xml
auto.tcl: Setting watchdog for 200 seconds at Sat Mar 14 07:12:29 UTC 2020
38 ms. Memory: 51200K Free: 27481K (54%)
ptolemy.util.test.WatchDog.cancel(): canceling Sat Mar 14 07:12:29 UTC 2020
auto.tcl: Setting watchdog for 200 seconds at Sat Mar 14 07:12:29 UTC 2020
15 ms. Memory: 51200K Free: 26728K (52%)
ptolemy.util.test.WatchDog.cancel(): canceling Sat Mar 14 07:12:29 UTC 2020
------------------ testing $PTII/ptolemy/domains/de/test/auto/CQBug1.xml
auto.tcl: Setting watchdog for 200 seconds at Sat Mar 14 07:12:29 UTC 2020
3 ms. Memory: 51200K Free: 33256K (65%)
ptolemy.util.test.WatchDog.cancel(): canceling Sat Mar 14 07:12:29 UTC 2020
auto.tcl: Setting watchdog for 200 seconds at Sat Mar 14 07:12:29 UTC 2020
2 ms. Memory: 51200K Free: 32796K (64%)
ptolemy.util.test.WatchDog.cancel(): canceling Sat Mar 14 07:12:29 UTC 2020
------------------ testing $PTII/ptolemy/domains/de/test/auto/CancelFireAt.xml
auto.tcl: Setting watchdog for 200 seconds at Sat Mar 14 07:12:29 UTC 2020
4 ms. Memory: 51200K Free: 34329K (67%)
ptolemy.util.test.WatchDog.cancel(): canceling Sat Mar 14 07:12:29 UTC 2020
auto.tcl: Setting watchdog for 200 seconds at Sat Mar 14 07:12:29 UTC 2020
2 ms. Memory: 51200K Free: 33854K (66%)
ptolemy.util.test.WatchDog.cancel(): canceling Sat Mar 14 07:12:29 UTC 2020
------------------ testing $PTII/ptolemy/domains/de/test/auto/CausalityAndComposabilityAnalysis.xml
auto.tcl: Setting watchdog for 200 seconds at Sat Mar 14 07:12:29 UTC 2020
8 ms. Memory: 51200K Free: 32200K (63%)
ptolemy.util.test.WatchDog.cancel(): canceling Sat Mar 14 07:12:29 UTC 2020
auto.tcl: Setting watchdog for 200 seconds at Sat Mar 14 07:12:29 UTC 2020
4 ms. Memory: 51200K Free: 31812K (62%)
ptolemy.util.test.WatchDog.cancel(): canceling Sat Mar 14 07:12:29 UTC 2020
------------------ testing $PTII/ptolemy/domains/de/test/auto/CausalityInterface1.xml
auto.tcl: Setting watchdog for 200 seconds at Sat Mar 14 07:12:29 UTC 2020
44 ms. Memory: 51200K Free: 31217K (61%)
ptolemy.util.test.WatchDog.cancel(): canceling Sat Mar 14 07:12:29 UTC 2020
auto.tcl: Setting watchdog for 200 seconds at Sat Mar 14 07:12:29 UTC 2020
4 ms. Memory: 51200K Free: 30254K (59%)
ptolemy.util.test.WatchDog.cancel(): canceling Sat Mar 14 07:12:29 UTC 2020
------------------ testing $PTII/ptolemy/domains/de/test/auto/CausalityInterface15.xml
auto.tcl: Setting watchdog for 200 seconds at Sat Mar 14 07:12:29 UTC 2020
5 ms. Memory: 51200K Free: 31129K (61%)
ptolemy.util.test.WatchDog.cancel(): canceling Sat Mar 14 07:12:29 UTC 2020
auto.tcl: Setting watchdog for 200 seconds at Sat Mar 14 07:12:29 UTC 2020
4 ms. Memory: 51200K Free: 30204K (59%)
ptolemy.util.test.WatchDog.cancel(): canceling Sat Mar 14 07:12:29 UTC 2020
------------------ testing $PTII/ptolemy/domains/de/test/auto/CausalityInterface2.xml
auto.tcl: Setting watchdog for 200 seconds at Sat Mar 14 07:12:30 UTC 2020
4 ms. Memory: 51200K Free: 31895K (62%)
ptolemy.util.test.WatchDog.cancel(): canceling Sat Mar 14 07:12:30 UTC 2020
auto.tcl: Setting watchdog for 200 seconds at Sat Mar 14 07:12:30 UTC 2020
2 ms. Memory: 51200K Free: 31214K (61%)
ptolemy.util.test.WatchDog.cancel(): canceling Sat Mar 14 07:12:30 UTC 2020
------------------ testing $PTII/ptolemy/domains/de/test/auto/CausalityInterface3.xml
auto.tcl: Setting watchdog for 200 seconds at Sat Mar 14 07:12:30 UTC 2020
5 ms. Memory: 51200K Free: 31422K (61%)
ptolemy.util.test.WatchDog.cancel(): canceling Sat Mar 14 07:12:30 UTC 2020
auto.tcl: Setting watchdog for 200 seconds at Sat Mar 14 07:12:30 UTC 2020
2 ms. Memory: 51200K Free: 30935K (60%)
ptolemy.util.test.WatchDog.cancel(): canceling Sat Mar 14 07:12:30 UTC 2020
------------------ testing $PTII/ptolemy/domains/de/test/auto/ClockDrift.xml
auto.tcl: Setting watchdog for 200 seconds at Sat Mar 14 07:12:30 UTC 2020
54 ms. Memory: 51200K Free: 23494K (46%)
ptolemy.util.test.WatchDog.cancel(): canceling Sat Mar 14 07:12:30 UTC 2020
auto.tcl: Setting watchdog for 200 seconds at Sat Mar 14 07:12:30 UTC 2020
54 ms. Memory: 51200K Free: 20501K (40%)
ptolemy.util.test.WatchDog.cancel(): canceling Sat Mar 14 07:12:30 UTC 2020
------------------ testing $PTII/ptolemy/domains/de/test/auto/ClockDriftAndValueChange.xml
auto.tcl: Setting watchdog for 200 seconds at Sat Mar 14 07:12:30 UTC 2020
49 ms. Memory: 51200K Free: 24364K (48%)
ptolemy.util.test.WatchDog.cancel(): canceling Sat Mar 14 07:12:30 UTC 2020
auto.tcl: Setting watchdog for 200 seconds at Sat Mar 14 07:12:30 UTC 2020
32 ms. Memory: 51200K Free: 21292K (42%)
ptolemy.util.test.WatchDog.cancel(): canceling Sat Mar 14 07:12:30 UTC 2020
------------------ testing $PTII/ptolemy/domains/de/test/auto/ClockDriftChange.xml
auto.tcl: Setting watchdog for 200 seconds at Sat Mar 14 07:12:30 UTC 2020
18 ms. Memory: 51200K Free: 25895K (51%)
ptolemy.util.test.WatchDog.cancel(): canceling Sat Mar 14 07:12:30 UTC 2020
auto.tcl: Setting watchdog for 200 seconds at Sat Mar 14 07:12:30 UTC 2020
27 ms. Memory: 51200K Free: 23524K (46%)
ptolemy.util.test.WatchDog.cancel(): canceling Sat Mar 14 07:12:30 UTC 2020
------------------ testing $PTII/ptolemy/domains/de/test/auto/ComposableCausalityAnalysis.xml
auto.tcl: Setting watchdog for 200 seconds at Sat Mar 14 07:12:30 UTC 2020
2 ms. Memory: 51200K Free: 30466K (60%)
ptolemy.util.test.WatchDog.cancel(): canceling Sat Mar 14 07:12:30 UTC 2020
auto.tcl: Setting watchdog for 200 seconds at Sat Mar 14 07:12:30 UTC 2020
4 ms. Memory: 51200K Free: 29444K (58%)
ptolemy.util.test.WatchDog.cancel(): canceling Sat Mar 14 07:12:30 UTC 2020
------------------ testing $PTII/ptolemy/domains/de/test/auto/DEFixedPointLimitation.xml
auto.tcl: Setting watchdog for 200 seconds at Sat Mar 14 07:12:30 UTC 2020
3 ms. Memory: 51200K Free: 31803K (62%)
ptolemy.util.test.WatchDog.cancel(): canceling Sat Mar 14 07:12:30 UTC 2020
auto.tcl: Setting watchdog for 200 seconds at Sat Mar 14 07:12:30 UTC 2020
2 ms. Memory: 51200K Free: 30979K (61%)
ptolemy.util.test.WatchDog.cancel(): canceling Sat Mar 14 07:12:30 UTC 2020
------------------ testing $PTII/ptolemy/domains/de/test/auto/DEScheduleTest.xml
auto.tcl: Setting watchdog for 200 seconds at Sat Mar 14 07:12:30 UTC 2020
7 ms. Memory: 51200K Free: 32199K (63%)
ptolemy.util.test.WatchDog.cancel(): canceling Sat Mar 14 07:12:30 UTC 2020
auto.tcl: Setting watchdog for 200 seconds at Sat Mar 14 07:12:30 UTC 2020
3 ms. Memory: 51200K Free: 31443K (61%)
ptolemy.util.test.WatchDog.cancel(): canceling Sat Mar 14 07:12:30 UTC 2020
------------------ testing $PTII/ptolemy/domains/de/test/auto/DEinDEwithStartTimes.xml
auto.tcl: Setting watchdog for 200 seconds at Sat Mar 14 07:12:30 UTC 2020
6 ms. Memory: 51200K Free: 30370K (59%)
ptolemy.util.test.WatchDog.cancel(): canceling Sat Mar 14 07:12:30 UTC 2020
auto.tcl: Setting watchdog for 200 seconds at Sat Mar 14 07:12:30 UTC 2020
7 ms. Memory: 51200K Free: 29346K (57%)
ptolemy.util.test.WatchDog.cancel(): canceling Sat Mar 14 07:12:30 UTC 2020
------------------ testing $PTII/ptolemy/domains/de/test/auto/DEinDEwithStartTimes2.xml
auto.tcl: Setting watchdog for 200 seconds at Sat Mar 14 07:12:31 UTC 2020
6 ms. Memory: 51200K Free: 29494K (58%)
ptolemy.util.test.WatchDog.cancel(): canceling Sat Mar 14 07:12:31 UTC 2020
auto.tcl: Setting watchdog for 200 seconds at Sat Mar 14 07:12:31 UTC 2020
4 ms. Memory: 51200K Free: 28301K (55%)
ptolemy.util.test.WatchDog.cancel(): canceling Sat Mar 14 07:12:31 UTC 2020
------------------ testing $PTII/ptolemy/domains/de/test/auto/DateDemo.xml
auto.tcl: Setting watchdog for 200 seconds at Sat Mar 14 07:12:31 UTC 2020
18 ms. Memory: 51200K Free: 24327K (48%)
ptolemy.util.test.WatchDog.cancel(): canceling Sat Mar 14 07:12:31 UTC 2020
auto.tcl: Setting watchdog for 200 seconds at Sat Mar 14 07:12:31 UTC 2020
8 ms. Memory: 51200K Free: 22720K (44%)
ptolemy.util.test.WatchDog.cancel(): canceling Sat Mar 14 07:12:31 UTC 2020
------------------ testing $PTII/ptolemy/domains/de/test/auto/DateToEvent.xml
auto.tcl: Setting watchdog for 200 seconds at Sat Mar 14 07:12:31 UTC 2020
2021 ms. Memory: 51200K Free: 19350K (38%)
ptolemy.util.test.WatchDog.cancel(): canceling Sat Mar 14 07:12:33 UTC 2020
auto.tcl: Setting watchdog for 200 seconds at Sat Mar 14 07:12:33 UTC 2020
2005 ms. Memory: 51200K Free: 18905K (37%)
ptolemy.util.test.WatchDog.cancel(): canceling Sat Mar 14 07:12:35 UTC 2020
------------------ testing $PTII/ptolemy/domains/de/test/auto/DepthTest1.xml
auto.tcl: Setting watchdog for 200 seconds at Sat Mar 14 07:12:35 UTC 2020
6 ms. Memory: 51200K Free: 33023K (64%)
ptolemy.util.test.WatchDog.cancel(): canceling Sat Mar 14 07:12:35 UTC 2020
auto.tcl: Setting watchdog for 200 seconds at Sat Mar 14 07:12:35 UTC 2020
3 ms. Memory: 51200K Free: 32559K (64%)
ptolemy.util.test.WatchDog.cancel(): canceling Sat Mar 14 07:12:35 UTC 2020
------------------ testing $PTII/ptolemy/domains/de/test/auto/DepthTest2.xml
auto.tcl: Setting watchdog for 200 seconds at Sat Mar 14 07:12:35 UTC 2020
6 ms. Memory: 51200K Free: 29793K (58%)
ptolemy.util.test.WatchDog.cancel(): canceling Sat Mar 14 07:12:35 UTC 2020
auto.tcl: Setting watchdog for 200 seconds at Sat Mar 14 07:12:35 UTC 2020
3 ms. Memory: 51200K Free: 29339K (57%)
ptolemy.util.test.WatchDog.cancel(): canceling Sat Mar 14 07:12:35 UTC 2020
------------------ testing $PTII/ptolemy/domains/de/test/auto/DepthTest3.xml
auto.tcl: Setting watchdog for 200 seconds at Sat Mar 14 07:12:35 UTC 2020
3 ms. Memory: 51200K Free: 33370K (65%)
ptolemy.util.test.WatchDog.cancel(): canceling Sat Mar 14 07:12:35 UTC 2020
auto.tcl: Setting watchdog for 200 seconds at Sat Mar 14 07:12:35 UTC 2020
1 ms. Memory: 51200K Free: 32882K (64%)
ptolemy.util.test.WatchDog.cancel(): canceling Sat Mar 14 07:12:35 UTC 2020
------------------ testing $PTII/ptolemy/domains/de/test/auto/DepthTest4.xml
auto.tcl: Setting watchdog for 200 seconds at Sat Mar 14 07:12:35 UTC 2020
4 ms. Memory: 51200K Free: 31582K (62%)
ptolemy.util.test.WatchDog.cancel(): canceling Sat Mar 14 07:12:35 UTC 2020
auto.tcl: Setting watchdog for 200 seconds at Sat Mar 14 07:12:35 UTC 2020
3 ms. Memory: 51200K Free: 30484K (60%)
ptolemy.util.test.WatchDog.cancel(): canceling Sat Mar 14 07:12:35 UTC 2020
------------------ testing $PTII/ptolemy/domains/de/test/auto/DepthTest5.xml
auto.tcl: Setting watchdog for 200 seconds at Sat Mar 14 07:12:35 UTC 2020
4 ms. Memory: 51200K Free: 31035K (61%)
ptolemy.util.test.WatchDog.cancel(): canceling Sat Mar 14 07:12:35 UTC 2020
auto.tcl: Setting watchdog for 200 seconds at Sat Mar 14 07:12:35 UTC 2020
3 ms. Memory: 51200K Free: 30302K (59%)
ptolemy.util.test.WatchDog.cancel(): canceling Sat Mar 14 07:12:35 UTC 2020
------------------ testing $PTII/ptolemy/domains/de/test/auto/DepthTest6.xml
auto.tcl: Setting watchdog for 200 seconds at Sat Mar 14 07:12:35 UTC 2020
6 ms. Memory: 51200K Free: 30480K (60%)
ptolemy.util.test.WatchDog.cancel(): canceling Sat Mar 14 07:12:35 UTC 2020
auto.tcl: Setting watchdog for 200 seconds at Sat Mar 14 07:12:35 UTC 2020
4 ms. Memory: 51200K Free: 29802K (58%)
ptolemy.util.test.WatchDog.cancel(): canceling Sat Mar 14 07:12:35 UTC 2020
------------------ testing $PTII/ptolemy/domains/de/test/auto/DepthTest7.xml
auto.tcl: Setting watchdog for 200 seconds at Sat Mar 14 07:12:35 UTC 2020
3 ms. Memory: 51200K Free: 30756K (60%)
ptolemy.util.test.WatchDog.cancel(): canceling Sat Mar 14 07:12:35 UTC 2020
auto.tcl: Setting watchdog for 200 seconds at Sat Mar 14 07:12:35 UTC 2020
2 ms. Memory: 51200K Free: 30295K (59%)
ptolemy.util.test.WatchDog.cancel(): canceling Sat Mar 14 07:12:35 UTC 2020
------------------ testing $PTII/ptolemy/domains/de/test/auto/EventToDate.xml
auto.tcl: Setting watchdog for 200 seconds at Sat Mar 14 07:12:35 UTC 2020
3008 ms. Memory: 51200K Free: 22314K (44%)
ptolemy.util.test.WatchDog.cancel(): canceling Sat Mar 14 07:12:39 UTC 2020
auto.tcl: Setting watchdog for 200 seconds at Sat Mar 14 07:12:39 UTC 2020
3005 ms. Memory: 51200K Free: 21636K (42%)
ptolemy.util.test.WatchDog.cancel(): canceling Sat Mar 14 07:12:42 UTC 2020
------------------ testing $PTII/ptolemy/domains/de/test/auto/FSM1.xml
auto.tcl: Setting watchdog for 200 seconds at Sat Mar 14 07:12:42 UTC 2020
38 ms. Memory: 51200K Free: 23028K (45%)
ptolemy.util.test.WatchDog.cancel(): canceling Sat Mar 14 07:12:42 UTC 2020
auto.tcl: Setting watchdog for 200 seconds at Sat Mar 14 07:12:42 UTC 2020
29 ms. Memory: 51200K Free: 19867K (39%)
ptolemy.util.test.WatchDog.cancel(): canceling Sat Mar 14 07:12:42 UTC 2020
------------------ testing $PTII/ptolemy/domains/de/test/auto/FSM7.xml
auto.tcl: Setting watchdog for 200 seconds at Sat Mar 14 07:12:42 UTC 2020
33 ms. Memory: 51200K Free: 23493K (46%)
ptolemy.util.test.WatchDog.cancel(): canceling Sat Mar 14 07:12:42 UTC 2020
auto.tcl: Setting watchdog for 200 seconds at Sat Mar 14 07:12:42 UTC 2020
28 ms. Memory: 51200K Free: 20535K (40%)
ptolemy.util.test.WatchDog.cancel(): canceling Sat Mar 14 07:12:42 UTC 2020
------------------ testing $PTII/ptolemy/domains/de/test/auto/Inspection.xml
auto.tcl: Setting watchdog for 200 seconds at Sat Mar 14 07:12:42 UTC 2020
20 ms. Memory: 51200K Free: 23261K (45%)
ptolemy.util.test.WatchDog.cancel(): canceling Sat Mar 14 07:12:42 UTC 2020
auto.tcl: Setting watchdog for 200 seconds at Sat Mar 14 07:12:42 UTC 2020
15 ms. Memory: 51200K Free: 21147K (41%)
ptolemy.util.test.WatchDog.cancel(): canceling Sat Mar 14 07:12:42 UTC 2020
------------------ testing $PTII/ptolemy/domains/de/test/auto/Iteration.xml
auto.tcl: Setting watchdog for 200 seconds at Sat Mar 14 07:12:42 UTC 2020
10 ms. Memory: 51200K Free: 28807K (56%)
ptolemy.util.test.WatchDog.cancel(): canceling Sat Mar 14 07:12:42 UTC 2020
auto.tcl: Setting watchdog for 200 seconds at Sat Mar 14 07:12:42 UTC 2020
7 ms. Memory: 51200K Free: 27618K (54%)
ptolemy.util.test.WatchDog.cancel(): canceling Sat Mar 14 07:12:42 UTC 2020
------------------ testing $PTII/ptolemy/domains/de/test/auto/LineFault.xml
auto.tcl: Setting watchdog for 200 seconds at Sat Mar 14 07:12:42 UTC 2020
609 ms. Memory: 51200K Free: 16218K (32%)
ptolemy.util.test.WatchDog.cancel(): canceling Sat Mar 14 07:12:43 UTC 2020
auto.tcl: Setting watchdog for 200 seconds at Sat Mar 14 07:12:43 UTC 2020
487 ms. Memory: 61440K Free: 18675K (30%)
ptolemy.util.test.WatchDog.cancel(): canceling Sat Mar 14 07:12:43 UTC 2020
------------------ testing $PTII/ptolemy/domains/de/test/auto/MergeModel1Add.xml
auto.tcl: Setting watchdog for 200 seconds at Sat Mar 14 07:12:43 UTC 2020
19 ms. Memory: 58368K Free: 21913K (38%)
ptolemy.util.test.WatchDog.cancel(): canceling Sat Mar 14 07:12:44 UTC 2020
auto.tcl: Setting watchdog for 200 seconds at Sat Mar 14 07:12:44 UTC 2020
16 ms. Memory: 58368K Free: 20430K (35%)
ptolemy.util.test.WatchDog.cancel(): canceling Sat Mar 14 07:12:44 UTC 2020
------------------ testing $PTII/ptolemy/domains/de/test/auto/MergeModel2Add.xml
auto.tcl: Setting watchdog for 200 seconds at Sat Mar 14 07:12:44 UTC 2020
9 ms. Memory: 55296K Free: 21455K (39%)
ptolemy.util.test.WatchDog.cancel(): canceling Sat Mar 14 07:12:44 UTC 2020
auto.tcl: Setting watchdog for 200 seconds at Sat Mar 14 07:12:44 UTC 2020
8 ms. Memory: 55296K Free: 19778K (36%)
ptolemy.util.test.WatchDog.cancel(): canceling Sat Mar 14 07:12:44 UTC 2020
------------------ testing $PTII/ptolemy/domains/de/test/auto/MergeModel3Add.xml
auto.tcl: Setting watchdog for 200 seconds at Sat Mar 14 07:12:44 UTC 2020
8 ms. Memory: 51200K Free: 17084K (33%)
ptolemy.util.test.WatchDog.cancel(): canceling Sat Mar 14 07:12:44 UTC 2020
auto.tcl: Setting watchdog for 200 seconds at Sat Mar 14 07:12:44 UTC 2020
9 ms. Memory: 51200K Free: 15736K (31%)
ptolemy.util.test.WatchDog.cancel(): canceling Sat Mar 14 07:12:44 UTC 2020
------------------ testing $PTII/ptolemy/domains/de/test/auto/MergeWithoutDiscard.xml
auto.tcl: Setting watchdog for 200 seconds at Sat Mar 14 07:12:44 UTC 2020
1 ms. Memory: 51200K Free: 31971K (62%)
ptolemy.util.test.WatchDog.cancel(): canceling Sat Mar 14 07:12:44 UTC 2020
auto.tcl: Setting watchdog for 200 seconds at Sat Mar 14 07:12:44 UTC 2020
2 ms. Memory: 51200K Free: 31069K (61%)
ptolemy.util.test.WatchDog.cancel(): canceling Sat Mar 14 07:12:44 UTC 2020
------------------ testing $PTII/ptolemy/domains/de/test/auto/Modal1.xml
auto.tcl: Setting watchdog for 200 seconds at Sat Mar 14 07:12:44 UTC 2020
17 ms. Memory: 51200K Free: 23574K (46%)
ptolemy.util.test.WatchDog.cancel(): canceling Sat Mar 14 07:12:44 UTC 2020
auto.tcl: Setting watchdog for 200 seconds at Sat Mar 14 07:12:44 UTC 2020
21 ms. Memory: 51200K Free: 20101K (39%)
ptolemy.util.test.WatchDog.cancel(): canceling Sat Mar 14 07:12:44 UTC 2020
------------------ testing $PTII/ptolemy/domains/de/test/auto/Modal2.xml
auto.tcl: Setting watchdog for 200 seconds at Sat Mar 14 07:12:44 UTC 2020
10 ms. Memory: 51200K Free: 23718K (46%)
ptolemy.util.test.WatchDog.cancel(): canceling Sat Mar 14 07:12:44 UTC 2020
auto.tcl: Setting watchdog for 200 seconds at Sat Mar 14 07:12:44 UTC 2020
12 ms. Memory: 51200K Free: 20451K (40%)
ptolemy.util.test.WatchDog.cancel(): canceling Sat Mar 14 07:12:44 UTC 2020
------------------ testing $PTII/ptolemy/domains/de/test/auto/Modal3.xml
auto.tcl: Setting watchdog for 200 seconds at Sat Mar 14 07:12:44 UTC 2020
14 ms. Memory: 51200K Free: 23471K (46%)
ptolemy.util.test.WatchDog.cancel(): canceling Sat Mar 14 07:12:44 UTC 2020
auto.tcl: Setting watchdog for 200 seconds at Sat Mar 14 07:12:44 UTC 2020
19 ms. Memory: 51200K Free: 20090K (39%)
ptolemy.util.test.WatchDog.cancel(): canceling Sat Mar 14 07:12:44 UTC 2020
------------------ testing $PTII/ptolemy/domains/de/test/auto/Modal4.xml
auto.tcl: Setting watchdog for 200 seconds at Sat Mar 14 07:12:44 UTC 2020
14 ms. Memory: 51200K Free: 22675K (44%)
ptolemy.util.test.WatchDog.cancel(): canceling Sat Mar 14 07:12:44 UTC 2020
auto.tcl: Setting watchdog for 200 seconds at Sat Mar 14 07:12:44 UTC 2020
25 ms. Memory: 51200K Free: 18841K (37%)
ptolemy.util.test.WatchDog.cancel(): canceling Sat Mar 14 07:12:44 UTC 2020
------------------ testing $PTII/ptolemy/domains/de/test/auto/Modal5.xml
auto.tcl: Setting watchdog for 200 seconds at Sat Mar 14 07:12:44 UTC 2020
16 ms. Memory: 51200K Free: 22668K (44%)
ptolemy.util.test.WatchDog.cancel(): canceling Sat Mar 14 07:12:44 UTC 2020
auto.tcl: Setting watchdog for 200 seconds at Sat Mar 14 07:12:44 UTC 2020
13 ms. Memory: 51200K Free: 18828K (37%)
ptolemy.util.test.WatchDog.cancel(): canceling Sat Mar 14 07:12:44 UTC 2020
------------------ testing $PTII/ptolemy/domains/de/test/auto/Modal6.xml
auto.tcl: Setting watchdog for 200 seconds at Sat Mar 14 07:12:45 UTC 2020
18 ms. Memory: 51200K Free: 23438K (46%)
ptolemy.util.test.WatchDog.cancel(): canceling Sat Mar 14 07:12:45 UTC 2020
auto.tcl: Setting watchdog for 200 seconds at Sat Mar 14 07:12:45 UTC 2020
18 ms. Memory: 51200K Free: 19469K (38%)
ptolemy.util.test.WatchDog.cancel(): canceling Sat Mar 14 07:12:45 UTC 2020
------------------ testing $PTII/ptolemy/domains/de/test/auto/Modal7.xml
auto.tcl: Setting watchdog for 200 seconds at Sat Mar 14 07:12:45 UTC 2020
10 ms. Memory: 51200K Free: 22408K (44%)
ptolemy.util.test.WatchDog.cancel(): canceling Sat Mar 14 07:12:45 UTC 2020
auto.tcl: Setting watchdog for 200 seconds at Sat Mar 14 07:12:45 UTC 2020
10 ms. Memory: 51200K Free: 19059K (37%)
ptolemy.util.test.WatchDog.cancel(): canceling Sat Mar 14 07:12:45 UTC 2020
------------------ testing $PTII/ptolemy/domains/de/test/auto/ModalModel.xml
auto.tcl: Setting watchdog for 200 seconds at Sat Mar 14 07:12:45 UTC 2020
204 ms. Memory: 51200K Free: 16232K (32%)
ptolemy.util.test.WatchDog.cancel(): canceling Sat Mar 14 07:12:45 UTC 2020
auto.tcl: Setting watchdog for 200 seconds at Sat Mar 14 07:12:45 UTC 2020
193 ms. Memory: 72704K Free: 31282K (43%)
ptolemy.util.test.WatchDog.cancel(): canceling Sat Mar 14 07:12:45 UTC 2020
------------------ testing $PTII/ptolemy/domains/de/test/auto/ModalSource.xml
auto.tcl: Setting watchdog for 200 seconds at Sat Mar 14 07:12:45 UTC 2020
7 ms. Memory: 55296K Free: 31597K (57%)
ptolemy.util.test.WatchDog.cancel(): canceling Sat Mar 14 07:12:45 UTC 2020
auto.tcl: Setting watchdog for 200 seconds at Sat Mar 14 07:12:45 UTC 2020
6 ms. Memory: 55296K Free: 29549K (53%)
ptolemy.util.test.WatchDog.cancel(): canceling Sat Mar 14 07:12:45 UTC 2020
------------------ testing $PTII/ptolemy/domains/de/test/auto/NonInterruptibleTimerZeroDelay.xml
auto.tcl: Setting watchdog for 200 seconds at Sat Mar 14 07:12:45 UTC 2020
3 ms. Memory: 55296K Free: 36470K (66%)
ptolemy.util.test.WatchDog.cancel(): canceling Sat Mar 14 07:12:45 UTC 2020
auto.tcl: Setting watchdog for 200 seconds at Sat Mar 14 07:12:45 UTC 2020
2 ms. Memory: 55296K Free: 35877K (65%)
ptolemy.util.test.WatchDog.cancel(): canceling Sat Mar 14 07:12:45 UTC 2020
------------------ testing $PTII/ptolemy/domains/de/test/auto/OpenQueueingNetwork.xml
auto.tcl: Setting watchdog for 200 seconds at Sat Mar 14 07:12:45 UTC 2020
2920 ms. Memory: 96256K Free: 44324K (46%)
ptolemy.util.test.WatchDog.cancel(): canceling Sat Mar 14 07:12:48 UTC 2020
auto.tcl: Setting watchdog for 200 seconds at Sat Mar 14 07:12:48 UTC 2020
2394 ms. Memory: 115712K Free: 88874K (77%)
ptolemy.util.test.WatchDog.cancel(): canceling Sat Mar 14 07:12:51 UTC 2020
------------------ testing $PTII/ptolemy/domains/de/test/auto/OpenQueuingNetwork.xml
auto.tcl: Setting watchdog for 200 seconds at Sat Mar 14 07:12:51 UTC 2020
286 ms. Memory: 58368K Free: 30173K (52%)
ptolemy.util.test.WatchDog.cancel(): canceling Sat Mar 14 07:12:51 UTC 2020
auto.tcl: Setting watchdog for 200 seconds at Sat Mar 14 07:12:51 UTC 2020
214 ms. Memory: 58368K Free: 11541K (20%)
ptolemy.util.test.WatchDog.cancel(): canceling Sat Mar 14 07:12:51 UTC 2020
------------------ testing $PTII/ptolemy/domains/de/test/auto/PeriodicSampler.xml
auto.tcl: Setting watchdog for 200 seconds at Sat Mar 14 07:12:52 UTC 2020
2 ms. Memory: 58368K Free: 38804K (66%)
ptolemy.util.test.WatchDog.cancel(): canceling Sat Mar 14 07:12:52 UTC 2020
auto.tcl: Setting watchdog for 200 seconds at Sat Mar 14 07:12:52 UTC 2020
1 ms. Memory: 58368K Free: 38284K (66%)
ptolemy.util.test.WatchDog.cancel(): canceling Sat Mar 14 07:12:52 UTC 2020
------------------ testing $PTII/ptolemy/domains/de/test/auto/PersistentIO.xml
auto.tcl: Setting watchdog for 200 seconds at Sat Mar 14 07:12:52 UTC 2020
5 ms. Memory: 51200K Free: 26561K (52%)
ptolemy.util.test.WatchDog.cancel(): canceling Sat Mar 14 07:12:52 UTC 2020
auto.tcl: Setting watchdog for 200 seconds at Sat Mar 14 07:12:52 UTC 2020
3 ms. Memory: 51200K Free: 25041K (49%)
ptolemy.util.test.WatchDog.cancel(): canceling Sat Mar 14 07:12:52 UTC 2020
------------------ testing $PTII/ptolemy/domains/de/test/auto/PortParameterResetOnInitialize.xml
auto.tcl: Setting watchdog for 200 seconds at Sat Mar 14 07:12:52 UTC 2020
3 ms. Memory: 51200K Free: 31544K (62%)
ptolemy.util.test.WatchDog.cancel(): canceling Sat Mar 14 07:12:52 UTC 2020
auto.tcl: Setting watchdog for 200 seconds at Sat Mar 14 07:12:52 UTC 2020
2 ms. Memory: 51200K Free: 31048K (61%)
ptolemy.util.test.WatchDog.cancel(): canceling Sat Mar 14 07:12:52 UTC 2020
------------------ testing $PTII/ptolemy/domains/de/test/auto/PortParameterUpdates.xml
auto.tcl: Setting watchdog for 200 seconds at Sat Mar 14 07:12:52 UTC 2020
5 ms. Memory: 51200K Free: 29628K (58%)
ptolemy.util.test.WatchDog.cancel(): canceling Sat Mar 14 07:12:52 UTC 2020
auto.tcl: Setting watchdog for 200 seconds at Sat Mar 14 07:12:52 UTC 2020
2 ms. Memory: 51200K Free: 28616K (56%)
ptolemy.util.test.WatchDog.cancel(): canceling Sat Mar 14 07:12:52 UTC 2020
------------------ testing $PTII/ptolemy/domains/de/test/auto/QueueAndServer.xml
auto.tcl: Setting watchdog for 200 seconds at Sat Mar 14 07:12:52 UTC 2020
5 ms. Memory: 51200K Free: 28582K (56%)
ptolemy.util.test.WatchDog.cancel(): canceling Sat Mar 14 07:12:52 UTC 2020
auto.tcl: Setting watchdog for 200 seconds at Sat Mar 14 07:12:52 UTC 2020
4 ms. Memory: 51200K Free: 27048K (53%)
ptolemy.util.test.WatchDog.cancel(): canceling Sat Mar 14 07:12:52 UTC 2020
------------------ testing $PTII/ptolemy/domains/de/test/auto/Records.xml
auto.tcl: Setting watchdog for 200 seconds at Sat Mar 14 07:12:52 UTC 2020
3 ms. Memory: 51200K Free: 30799K (60%)
ptolemy.util.test.WatchDog.cancel(): canceling Sat Mar 14 07:12:52 UTC 2020
auto.tcl: Setting watchdog for 200 seconds at Sat Mar 14 07:12:52 UTC 2020
2 ms. Memory: 51200K Free: 30284K (59%)
ptolemy.util.test.WatchDog.cancel(): canceling Sat Mar 14 07:12:52 UTC 2020
------------------ testing $PTII/ptolemy/domains/de/test/auto/ResetTransitionWithStartTime1.xml
auto.tcl: Setting watchdog for 200 seconds at Sat Mar 14 07:12:52 UTC 2020
7 ms. Memory: 51200K Free: 28043K (55%)
ptolemy.util.test.WatchDog.cancel(): canceling Sat Mar 14 07:12:52 UTC 2020
auto.tcl: Setting watchdog for 200 seconds at Sat Mar 14 07:12:52 UTC 2020
8 ms. Memory: 51200K Free: 25479K (50%)
ptolemy.util.test.WatchDog.cancel(): canceling Sat Mar 14 07:12:52 UTC 2020
------------------ testing $PTII/ptolemy/domains/de/test/auto/ResetTransitionWithStartTime2.xml
auto.tcl: Setting watchdog for 200 seconds at Sat Mar 14 07:12:52 UTC 2020
5 ms. Memory: 51200K Free: 27999K (55%)
ptolemy.util.test.WatchDog.cancel(): canceling Sat Mar 14 07:12:52 UTC 2020
auto.tcl: Setting watchdog for 200 seconds at Sat Mar 14 07:12:52 UTC 2020
7 ms. Memory: 51200K Free: 25959K (51%)
ptolemy.util.test.WatchDog.cancel(): canceling Sat Mar 14 07:12:52 UTC 2020
------------------ testing $PTII/ptolemy/domains/de/test/auto/ResetTransitionWithStartTime3.xml
auto.tcl: Setting watchdog for 200 seconds at Sat Mar 14 07:12:52 UTC 2020
8 ms. Memory: 51200K Free: 27998K (55%)
ptolemy.util.test.WatchDog.cancel(): canceling Sat Mar 14 07:12:52 UTC 2020
auto.tcl: Setting watchdog for 200 seconds at Sat Mar 14 07:12:52 UTC 2020
5 ms. Memory: 51200K Free: 25436K (50%)
ptolemy.util.test.WatchDog.cancel(): canceling Sat Mar 14 07:12:52 UTC 2020
------------------ testing $PTII/ptolemy/domains/de/test/auto/ResetTransitionWithStartTime4.xml
auto.tcl: Setting watchdog for 200 seconds at Sat Mar 14 07:12:52 UTC 2020
8 ms. Memory: 51200K Free: 28443K (56%)
ptolemy.util.test.WatchDog.cancel(): canceling Sat Mar 14 07:12:52 UTC 2020
auto.tcl: Setting watchdog for 200 seconds at Sat Mar 14 07:12:52 UTC 2020
4 ms. Memory: 51200K Free: 26972K (53%)
ptolemy.util.test.WatchDog.cancel(): canceling Sat Mar 14 07:12:52 UTC 2020
------------------ testing $PTII/ptolemy/domains/de/test/auto/ResettableTimer1.xml
auto.tcl: Setting watchdog for 200 seconds at Sat Mar 14 07:12:52 UTC 2020
3 ms. Memory: 51200K Free: 32075K (63%)
ptolemy.util.test.WatchDog.cancel(): canceling Sat Mar 14 07:12:52 UTC 2020
auto.tcl: Setting watchdog for 200 seconds at Sat Mar 14 07:12:52 UTC 2020
3 ms. Memory: 51200K Free: 31051K (61%)
ptolemy.util.test.WatchDog.cancel(): canceling Sat Mar 14 07:12:52 UTC 2020
------------------ testing $PTII/ptolemy/domains/de/test/auto/ResettableTimer2.xml
auto.tcl: Setting watchdog for 200 seconds at Sat Mar 14 07:12:52 UTC 2020
3 ms. Memory: 51200K Free: 32131K (63%)
ptolemy.util.test.WatchDog.cancel(): canceling Sat Mar 14 07:12:52 UTC 2020
auto.tcl: Setting watchdog for 200 seconds at Sat Mar 14 07:12:52 UTC 2020
2 ms. Memory: 51200K Free: 31107K (61%)
ptolemy.util.test.WatchDog.cancel(): canceling Sat Mar 14 07:12:52 UTC 2020
------------------ testing $PTII/ptolemy/domains/de/test/auto/ResettableTimer3.xml
auto.tcl: Setting watchdog for 200 seconds at Sat Mar 14 07:12:52 UTC 2020
1 ms. Memory: 51200K Free: 32640K (64%)
ptolemy.util.test.WatchDog.cancel(): canceling Sat Mar 14 07:12:52 UTC 2020
auto.tcl: Setting watchdog for 200 seconds at Sat Mar 14 07:12:52 UTC 2020
1 ms. Memory: 51200K Free: 32130K (63%)
ptolemy.util.test.WatchDog.cancel(): canceling Sat Mar 14 07:12:52 UTC 2020
------------------ testing $PTII/ptolemy/domains/de/test/auto/ResettableTimer4.xml
auto.tcl: Setting watchdog for 200 seconds at Sat Mar 14 07:12:52 UTC 2020
1 ms. Memory: 51200K Free: 32143K (63%)
ptolemy.util.test.WatchDog.cancel(): canceling Sat Mar 14 07:12:52 UTC 2020
auto.tcl: Setting watchdog for 200 seconds at Sat Mar 14 07:12:52 UTC 2020
1 ms. Memory: 51200K Free: 32143K (63%)
ptolemy.util.test.WatchDog.cancel(): canceling Sat Mar 14 07:12:52 UTC 2020
------------------ testing $PTII/ptolemy/domains/de/test/auto/ResettableTimer5.xml
auto.tcl: Setting watchdog for 200 seconds at Sat Mar 14 07:12:52 UTC 2020
1 ms. Memory: 51200K Free: 32142K (63%)
ptolemy.util.test.WatchDog.cancel(): canceling Sat Mar 14 07:12:52 UTC 2020
auto.tcl: Setting watchdog for 200 seconds at Sat Mar 14 07:12:52 UTC 2020
1 ms. Memory: 51200K Free: 31639K (62%)
ptolemy.util.test.WatchDog.cancel(): canceling Sat Mar 14 07:12:52 UTC 2020
------------------ testing $PTII/ptolemy/domains/de/test/auto/ResettableTimer6.xml
auto.tcl: Setting watchdog for 200 seconds at Sat Mar 14 07:12:52 UTC 2020
2 ms. Memory: 51200K Free: 31618K (62%)
ptolemy.util.test.WatchDog.cancel(): canceling Sat Mar 14 07:12:53 UTC 2020
auto.tcl: Setting watchdog for 200 seconds at Sat Mar 14 07:12:53 UTC 2020
1 ms. Memory: 51200K Free: 31108K (61%)
ptolemy.util.test.WatchDog.cancel(): canceling Sat Mar 14 07:12:53 UTC 2020
------------------ testing $PTII/ptolemy/domains/de/test/auto/ServerZeroDelay.xml
auto.tcl: Setting watchdog for 200 seconds at Sat Mar 14 07:12:53 UTC 2020
3 ms. Memory: 51200K Free: 32124K (63%)
ptolemy.util.test.WatchDog.cancel(): canceling Sat Mar 14 07:12:53 UTC 2020
auto.tcl: Setting watchdog for 200 seconds at Sat Mar 14 07:12:53 UTC 2020
2 ms. Memory: 51200K Free: 31100K (61%)
ptolemy.util.test.WatchDog.cancel(): canceling Sat Mar 14 07:12:53 UTC 2020
------------------ testing $PTII/ptolemy/domains/de/test/auto/SmartSender.xml
auto.tcl: Setting watchdog for 200 seconds at Sat Mar 14 07:12:53 UTC 2020
3002 ms. Memory: 51200K Free: 32118K (63%)
ptolemy.util.test.WatchDog.cancel(): canceling Sat Mar 14 07:12:56 UTC 2020
auto.tcl: Setting watchdog for 200 seconds at Sat Mar 14 07:12:56 UTC 2020
3002 ms. Memory: 51200K Free: 31616K (62%)
ptolemy.util.test.WatchDog.cancel(): canceling Sat Mar 14 07:12:59 UTC 2020
------------------ testing $PTII/ptolemy/domains/de/test/auto/ThreadedComposite.xml
auto.tcl: Setting watchdog for 200 seconds at Sat Mar 14 07:12:59 UTC 2020
243 ms. Memory: 51200K Free: 10627K (21%)
ptolemy.util.test.WatchDog.cancel(): canceling Sat Mar 14 07:12:59 UTC 2020
auto.tcl: Setting watchdog for 200 seconds at Sat Mar 14 07:12:59 UTC 2020
119 ms. Memory: 51200K Free: 25545K (50%)
ptolemy.util.test.WatchDog.cancel(): canceling Sat Mar 14 07:12:59 UTC 2020
------------------ testing $PTII/ptolemy/domains/de/test/auto/Time.xml
auto.tcl: Setting watchdog for 200 seconds at Sat Mar 14 07:12:59 UTC 2020
423 ms. Memory: 73728K Free: 28617K (39%)
ptolemy.util.test.WatchDog.cancel(): canceling Sat Mar 14 07:13:00 UTC 2020
auto.tcl: Setting watchdog for 200 seconds at Sat Mar 14 07:13:00 UTC 2020
423 ms. Memory: 73728K Free: 57292K (78%)
ptolemy.util.test.WatchDog.cancel(): canceling Sat Mar 14 07:13:00 UTC 2020
------------------ testing $PTII/ptolemy/domains/de/test/auto/TimeDelayZeroDelay.xml
auto.tcl: Setting watchdog for 200 seconds at Sat Mar 14 07:13:00 UTC 2020
2 ms. Memory: 51200K Free: 32551K (64%)
ptolemy.util.test.WatchDog.cancel(): canceling Sat Mar 14 07:13:00 UTC 2020
auto.tcl: Setting watchdog for 200 seconds at Sat Mar 14 07:13:00 UTC 2020
2 ms. Memory: 51200K Free: 31670K (62%)
ptolemy.util.test.WatchDog.cancel(): canceling Sat Mar 14 07:13:00 UTC 2020
------------------ testing $PTII/ptolemy/domains/de/test/auto/TimerZeroDelay.xml
auto.tcl: Setting watchdog for 200 seconds at Sat Mar 14 07:13:00 UTC 2020
2 ms. Memory: 51200K Free: 32480K (63%)
ptolemy.util.test.WatchDog.cancel(): canceling Sat Mar 14 07:13:00 UTC 2020
auto.tcl: Setting watchdog for 200 seconds at Sat Mar 14 07:13:00 UTC 2020
2 ms. Memory: 51200K Free: 31698K (62%)
ptolemy.util.test.WatchDog.cancel(): canceling Sat Mar 14 07:13:00 UTC 2020
------------------ testing $PTII/ptolemy/domains/de/test/auto/TimingParadox.xml
auto.tcl: Setting watchdog for 200 seconds at Sat Mar 14 07:13:00 UTC 2020
283 ms. Memory: 51200K Free: 20773K (41%)
ptolemy.util.test.WatchDog.cancel(): canceling Sat Mar 14 07:13:01 UTC 2020
auto.tcl: Setting watchdog for 200 seconds at Sat Mar 14 07:13:01 UTC 2020
256 ms. Memory: 51200K Free: 11873K (23%)
ptolemy.util.test.WatchDog.cancel(): canceling Sat Mar 14 07:13:01 UTC 2020
------------------ testing $PTII/ptolemy/domains/de/test/auto/TransferInputs.xml
auto.tcl: Setting watchdog for 200 seconds at Sat Mar 14 07:13:01 UTC 2020
1 ms. Memory: 51200K Free: 30566K (60%)
ptolemy.util.test.WatchDog.cancel(): canceling Sat Mar 14 07:13:01 UTC 2020
auto.tcl: Setting watchdog for 200 seconds at Sat Mar 14 07:13:01 UTC 2020
1 ms. Memory: 51200K Free: 29650K (58%)
ptolemy.util.test.WatchDog.cancel(): canceling Sat Mar 14 07:13:01 UTC 2020
------------------ testing $PTII/ptolemy/domains/de/test/auto/TransferOutputs2.xml
auto.tcl: Setting watchdog for 200 seconds at Sat Mar 14 07:13:01 UTC 2020
9 ms. Memory: 51200K Free: 28000K (55%)
ptolemy.util.test.WatchDog.cancel(): canceling Sat Mar 14 07:13:01 UTC 2020
auto.tcl: Setting watchdog for 200 seconds at Sat Mar 14 07:13:01 UTC 2020
3 ms. Memory: 51200K Free: 26581K (52%)
ptolemy.util.test.WatchDog.cancel(): canceling Sat Mar 14 07:13:01 UTC 2020
------------------ testing $PTII/ptolemy/domains/de/test/auto/Trilateration.xml
auto.tcl: Setting watchdog for 200 seconds at Sat Mar 14 07:13:01 UTC 2020
13076 ms. Memory: 465920K Free: 226947K (49%)
ptolemy.util.test.WatchDog.cancel(): canceling Sat Mar 14 07:13:15 UTC 2020
auto.tcl: Setting watchdog for 200 seconds at Sat Mar 14 07:13:15 UTC 2020
8773 ms. Memory: 465920K Free: 341199K (73%)
ptolemy.util.test.WatchDog.cancel(): canceling Sat Mar 14 07:13:24 UTC 2020
------------------ testing $PTII/ptolemy/domains/de/test/auto/TwoSigmaDelta.xml
auto.tcl: Setting watchdog for 200 seconds at Sat Mar 14 07:13:24 UTC 2020
2348 ms. Memory: 92160K Free: 22072K (24%)
ptolemy.util.test.WatchDog.cancel(): canceling Sat Mar 14 07:13:26 UTC 2020
auto.tcl: Setting watchdog for 200 seconds at Sat Mar 14 07:13:26 UTC 2020
1810 ms. Memory: 92160K Free: 23073K (25%)
ptolemy.util.test.WatchDog.cancel(): canceling Sat Mar 14 07:13:28 UTC 2020
------------------ testing $PTII/ptolemy/domains/de/test/auto/VariableDelay.xml
auto.tcl: Setting watchdog for 200 seconds at Sat Mar 14 07:13:28 UTC 2020
10 ms. Memory: 55296K Free: 35144K (64%)
ptolemy.util.test.WatchDog.cancel(): canceling Sat Mar 14 07:13:28 UTC 2020
auto.tcl: Setting watchdog for 200 seconds at Sat Mar 14 07:13:28 UTC 2020
2 ms. Memory: 55296K Free: 34134K (62%)
ptolemy.util.test.WatchDog.cancel(): canceling Sat Mar 14 07:13:28 UTC 2020
------------------ testing $PTII/ptolemy/domains/de/test/auto/VariableDelay2.xml
auto.tcl: Setting watchdog for 200 seconds at Sat Mar 14 07:13:28 UTC 2020
3 ms. Memory: 51200K Free: 32074K (63%)
ptolemy.util.test.WatchDog.cancel(): canceling Sat Mar 14 07:13:28 UTC 2020
auto.tcl: Setting watchdog for 200 seconds at Sat Mar 14 07:13:28 UTC 2020
2 ms. Memory: 51200K Free: 30951K (60%)
ptolemy.util.test.WatchDog.cancel(): canceling Sat Mar 14 07:13:28 UTC 2020
------------------ testing $PTII/ptolemy/domains/de/test/auto/VariableDelayZeroDelay.xml
auto.tcl: Setting watchdog for 200 seconds at Sat Mar 14 07:13:29 UTC 2020
2 ms. Memory: 51200K Free: 32073K (63%)
ptolemy.util.test.WatchDog.cancel(): canceling Sat Mar 14 07:13:29 UTC 2020
auto.tcl: Setting watchdog for 200 seconds at Sat Mar 14 07:13:29 UTC 2020
1 ms. Memory: 51200K Free: 31430K (61%)
ptolemy.util.test.WatchDog.cancel(): canceling Sat Mar 14 07:13:29 UTC 2020
------------------ testing $PTII/ptolemy/domains/de/test/auto/VariableDelayZeroDelay2.xml
auto.tcl: Setting watchdog for 200 seconds at Sat Mar 14 07:13:29 UTC 2020
2 ms. Memory: 51200K Free: 31973K (62%)
ptolemy.util.test.WatchDog.cancel(): canceling Sat Mar 14 07:13:29 UTC 2020
auto.tcl: Setting watchdog for 200 seconds at Sat Mar 14 07:13:29 UTC 2020
2 ms. Memory: 51200K Free: 30949K (60%)
ptolemy.util.test.WatchDog.cancel(): canceling Sat Mar 14 07:13:29 UTC 2020
------------------ testing $PTII/ptolemy/domains/de/test/auto/deInCt.xml
auto.tcl: Setting watchdog for 200 seconds at Sat Mar 14 07:13:29 UTC 2020
0
1
1
1
1
0
0
0
0
1
1
1
0
0
0
1
1
1
0
0
0
0
1
1
1
0
0
0
0
1
1
0
0
0
1
1
1
1
1
15 ms. Memory: 51200K Free: 30946K (60%)
ptolemy.util.test.WatchDog.cancel(): canceling Sat Mar 14 07:13:29 UTC 2020
auto.tcl: Setting watchdog for 200 seconds at Sat Mar 14 07:13:29 UTC 2020
0
1
1
1
0
0
0
1
1
0
0
1
1
1
1
0
0
0
1
1
1
0
0
0
1
1
1
0
0
0
0
1
1
1
1
0
0
0
0
1
1
1
0
0
0
0
9 ms. Memory: 51200K Free: 29422K (57%)
ptolemy.util.test.WatchDog.cancel(): canceling Sat Mar 14 07:13:29 UTC 2020
------------------ testing $PTII/ptolemy/domains/de/test/auto/deInCt2.xml
auto.tcl: Setting watchdog for 200 seconds at Sat Mar 14 07:13:29 UTC 2020
0
1
1
1
0
0
1
1
1
0
0
1
1
1
0
0
1
1
1
0
0
1
1
1
0
0
1
1
1
0
0
1
1
1
0
0
1
1
1
0
0
0
6 ms. Memory: 51200K Free: 30947K (60%)
ptolemy.util.test.WatchDog.cancel(): canceling Sat Mar 14 07:13:29 UTC 2020
auto.tcl: Setting watchdog for 200 seconds at Sat Mar 14 07:13:29 UTC 2020
0
1
1
1
0
0
1
1
1
0
0
1
1
1
0
0
1
1
1
0
0
1
1
1
0
0
1
1
1
0
0
1
1
1
0
0
1
1
1
0
0
0
6 ms. Memory: 51200K Free: 29422K (57%)
ptolemy.util.test.WatchDog.cancel(): canceling Sat Mar 14 07:13:29 UTC 2020
------------------ testing $PTII/ptolemy/domains/de/test/auto/dynamicCausalityInterface1.xml
auto.tcl: Setting watchdog for 200 seconds at Sat Mar 14 07:13:29 UTC 2020
1 ms. Memory: 51200K Free: 26846K (52%)
ptolemy.util.test.WatchDog.cancel(): canceling Sat Mar 14 07:13:29 UTC 2020
auto.tcl: Setting watchdog for 200 seconds at Sat Mar 14 07:13:29 UTC 2020
1 ms. Memory: 51200K Free: 26345K (51%)
ptolemy.util.test.WatchDog.cancel(): canceling Sat Mar 14 07:13:29 UTC 2020
------------------ testing $PTII/ptolemy/domains/de/test/auto/fsm_de_test.xml
auto.tcl: Setting watchdog for 200 seconds at Sat Mar 14 07:13:29 UTC 2020
11 ms. Memory: 51200K Free: 26744K (52%)
ptolemy.util.test.WatchDog.cancel(): canceling Sat Mar 14 07:13:29 UTC 2020
auto.tcl: Setting watchdog for 200 seconds at Sat Mar 14 07:13:29 UTC 2020
6 ms. Memory: 51200K Free: 24742K (48%)
ptolemy.util.test.WatchDog.cancel(): canceling Sat Mar 14 07:13:29 UTC 2020
------------------ testing $PTII/ptolemy/domains/de/test/auto/functionDependencyReconstruction.xml
auto.tcl: Setting watchdog for 200 seconds at Sat Mar 14 07:13:29 UTC 2020
2 ms. Memory: 51200K Free: 20695K (40%)
ptolemy.util.test.WatchDog.cancel(): canceling Sat Mar 14 07:13:29 UTC 2020
auto.tcl: Setting watchdog for 200 seconds at Sat Mar 14 07:13:29 UTC 2020
2 ms. Memory: 51200K Free: 18542K (36%)
ptolemy.util.test.WatchDog.cancel(): canceling Sat Mar 14 07:13:29 UTC 2020
------------------ testing $PTII/ptolemy/domains/de/test/auto/multirate.xml
auto.tcl: Setting watchdog for 200 seconds at Sat Mar 14 07:13:29 UTC 2020
3 ms. Memory: 51200K Free: 29385K (57%)
ptolemy.util.test.WatchDog.cancel(): canceling Sat Mar 14 07:13:29 UTC 2020
auto.tcl: Setting watchdog for 200 seconds at Sat Mar 14 07:13:29 UTC 2020
3 ms. Memory: 51200K Free: 27655K (54%)
ptolemy.util.test.WatchDog.cancel(): canceling Sat Mar 14 07:13:29 UTC 2020
------------------ testing $PTII/ptolemy/domains/de/test/auto/multirate2.xml
auto.tcl: Setting watchdog for 200 seconds at Sat Mar 14 07:13:29 UTC 2020
7 ms. Memory: 51200K Free: 29590K (58%)
ptolemy.util.test.WatchDog.cancel(): canceling Sat Mar 14 07:13:29 UTC 2020
auto.tcl: Setting watchdog for 200 seconds at Sat Mar 14 07:13:29 UTC 2020
4 ms. Memory: 51200K Free: 27871K (54%)
ptolemy.util.test.WatchDog.cancel(): canceling Sat Mar 14 07:13:29 UTC 2020
------------------ testing $PTII/ptolemy/domains/de/test/auto/realtime.xml
auto.tcl: Setting watchdog for 200 seconds at Sat Mar 14 07:13:29 UTC 2020
10001 ms. Memory: 51200K Free: 31627K (62%)
ptolemy.util.test.WatchDog.cancel(): canceling Sat Mar 14 07:13:39 UTC 2020
auto.tcl: Setting watchdog for 200 seconds at Sat Mar 14 07:13:39 UTC 2020
10002 ms. Memory: 51200K Free: 30892K (60%)
ptolemy.util.test.WatchDog.cancel(): canceling Sat Mar 14 07:13:49 UTC 2020
------------------ testing $PTII/ptolemy/domains/de/test/auto/relationGroup.xml
auto.tcl: Setting watchdog for 200 seconds at Sat Mar 14 07:13:49 UTC 2020
2 ms. Memory: 51200K Free: 32696K (64%)
ptolemy.util.test.WatchDog.cancel(): canceling Sat Mar 14 07:13:49 UTC 2020
auto.tcl: Setting watchdog for 200 seconds at Sat Mar 14 07:13:49 UTC 2020
2 ms. Memory: 51200K Free: 31971K (62%)
ptolemy.util.test.WatchDog.cancel(): canceling Sat Mar 14 07:13:49 UTC 2020
------------------ testing $PTII/ptolemy/domains/de/test/auto/relationGroup2.xml
auto.tcl: Setting watchdog for 200 seconds at Sat Mar 14 07:13:49 UTC 2020
2 ms. Memory: 51200K Free: 32720K (64%)
ptolemy.util.test.WatchDog.cancel(): canceling Sat Mar 14 07:13:49 UTC 2020
auto.tcl: Setting watchdog for 200 seconds at Sat Mar 14 07:13:49 UTC 2020
2 ms. Memory: 51200K Free: 31995K (62%)
ptolemy.util.test.WatchDog.cancel(): canceling Sat Mar 14 07:13:49 UTC 2020
------------------ testing $PTII/ptolemy/domains/de/test/auto/sortWithOpaquePorts.xml
auto.tcl: Setting watchdog for 200 seconds at Sat Mar 14 07:13:49 UTC 2020
2 ms. Memory: 51200K Free: 31373K (61%)
ptolemy.util.test.WatchDog.cancel(): canceling Sat Mar 14 07:13:49 UTC 2020
auto.tcl: Setting watchdog for 200 seconds at Sat Mar 14 07:13:49 UTC 2020
1 ms. Memory: 51200K Free: 30460K (59%)
ptolemy.util.test.WatchDog.cancel(): canceling Sat Mar 14 07:13:49 UTC 2020
------------------ testing $PTII/ptolemy/domains/de/test/auto/transferInputsandOutputs.xml
auto.tcl: Setting watchdog for 200 seconds at Sat Mar 14 07:13:50 UTC 2020
2 ms. Memory: 51200K Free: 28912K (56%)
ptolemy.util.test.WatchDog.cancel(): canceling Sat Mar 14 07:13:50 UTC 2020
auto.tcl: Setting watchdog for 200 seconds at Sat Mar 14 07:13:50 UTC 2020
2 ms. Memory: 51200K Free: 27888K (54%)
ptolemy.util.test.WatchDog.cancel(): canceling Sat Mar 14 07:13:50 UTC 2020
------------------ testing $PTII/ptolemy/domains/de/test/auto/triggerType.xml
auto.tcl: Setting watchdog for 200 seconds at Sat Mar 14 07:13:50 UTC 2020
2 ms. Memory: 51200K Free: 31937K (62%)
ptolemy.util.test.WatchDog.cancel(): canceling Sat Mar 14 07:13:50 UTC 2020
auto.tcl: Setting watchdog for 200 seconds at Sat Mar 14 07:13:50 UTC 2020
1 ms. Memory: 51200K Free: 30913K (60%)
ptolemy.util.test.WatchDog.cancel(): canceling Sat Mar 14 07:13:50 UTC 2020
03/14/20 07:13:50
Failed: 0  Total Tests: 192  ((Passed: 187, Newly Passed: 1)  Known Failed: 5) /home/travis/build/icyphy/ptII/ptolemy/domains/de/test
03/14/20 07:13:50
Failed: 0  Total Tests: 192  ((Passed: 187, Newly Passed: 1)  Known Failed: 5) /home/travis/build/icyphy/ptII/ptolemy/domains/de/test
----------------- testing (KnownFailure) /home/travis/build/icyphy/ptII/ptolemy/domains/de/test/auto/knownFailedTests/DESDFClockTest.xml
2013 ms. Memory: 51200K Free: 24822K (48%)
Known Failure: java.lang.reflect.InvocationTargetException
----------------- testing (KnownFailure) /home/travis/build/icyphy/ptII/ptolemy/domains/de/test/auto/knownFailedTests/DirectFeedback.xml
3 ms. Memory: 51200K Free: 21236K (41%)
Known Failure: java.lang.reflect.InvocationTargetException
----------------- testing (KnownFailure) /home/travis/build/icyphy/ptII/ptolemy/domains/de/test/auto/knownFailedTests/FSMSource.xml
19 ms. Memory: 51200K Free: 13558K (26%)
----------------- testing (KnownFailure) /home/travis/build/icyphy/ptII/ptolemy/domains/de/test/auto/knownFailedTests/HierarchicalModel.xml
2 ms. Memory: 51200K Free: 25760K (50%)
Known Failure: java.lang.reflect.InvocationTargetException
----------------- testing (KnownFailure) /home/travis/build/icyphy/ptII/ptolemy/domains/de/test/auto/knownFailedTests/dependencyLoop.xml
2 ms. Memory: 51200K Free: 10762K (21%)
Known Failure: java.lang.reflect.InvocationTargetException
----------------- testing (KnownFailure) /home/travis/build/icyphy/ptII/ptolemy/domains/de/test/auto/knownFailedTests/dependencyLoop2.xml
2 ms. Memory: 51200K Free: 23395K (46%)
Known Failure: java.lang.reflect.InvocationTargetException
No auto/linux-amd64/*.xml tests in /home/travis/build/icyphy/ptII/ptolemy/domains/de/test
AutoTests.java: About to close Vertx.
AutoTests.java: Vertx closed.

===========================================================================================
----------------- testing Sat Mar 14 07:13:52 UTC 2020 /home/travis/build/icyphy/ptII/ptolemy/domains/de/test/auto/ActorDepthCalculation_actorWithoutPorts.xml
----------------- Instantiating /home/travis/build/icyphy/ptII/ptolemy/domains/de/test/auto/ActorDepthCalculation_actorWithoutPorts.xml
2 ms. Memory: 51200K Free: 16578K (32%)
----------------- Invoking toplevel() on ptolemy.moml.MoMLSimpleApplication@75640fdc
----------------- Done invoking toplevel() on ptolemy.moml.MoMLSimpleApplication@75640fdc
reloadAllAccessors: .ActorDepthCalculation_actorWithoutPorts

===========================================================================================
----------------- testing Sat Mar 14 07:13:52 UTC 2020 /home/travis/build/icyphy/ptII/ptolemy/domains/de/test/auto/AssemblyLine.xml
----------------- Instantiating /home/travis/build/icyphy/ptII/ptolemy/domains/de/test/auto/AssemblyLine.xml
2 ms. Memory: 51200K Free: 9424K (18%)
----------------- Invoking toplevel() on ptolemy.moml.MoMLSimpleApplication@3b398bcb
----------------- Done invoking toplevel() on ptolemy.moml.MoMLSimpleApplication@3b398bcb
reloadAllAccessors: .AssemblyLine

===========================================================================================
----------------- testing Sat Mar 14 07:13:52 UTC 2020 /home/travis/build/icyphy/ptII/ptolemy/domains/de/test/auto/CQBug1.xml
----------------- Instantiating /home/travis/build/icyphy/ptII/ptolemy/domains/de/test/auto/CQBug1.xml
0 ms. Memory: 51200K Free: 33995K (66%)
----------------- Invoking toplevel() on ptolemy.moml.MoMLSimpleApplication@36dcc539
----------------- Done invoking toplevel() on ptolemy.moml.MoMLSimpleApplication@36dcc539
reloadAllAccessors: .CQBug1

===========================================================================================
----------------- testing Sat Mar 14 07:13:52 UTC 2020 /home/travis/build/icyphy/ptII/ptolemy/domains/de/test/auto/CancelFireAt.xml
----------------- Instantiating /home/travis/build/icyphy/ptII/ptolemy/domains/de/test/auto/CancelFireAt.xml
1 ms. Memory: 51200K Free: 31681K (62%)
----------------- Invoking toplevel() on ptolemy.moml.MoMLSimpleApplication@59a1aa52
----------------- Done invoking toplevel() on ptolemy.moml.MoMLSimpleApplication@59a1aa52
reloadAllAccessors: .CancelFireAt

===========================================================================================
----------------- testing Sat Mar 14 07:13:52 UTC 2020 /home/travis/build/icyphy/ptII/ptolemy/domains/de/test/auto/CausalityAndComposabilityAnalysis.xml
----------------- Instantiating /home/travis/build/icyphy/ptII/ptolemy/domains/de/test/auto/CausalityAndComposabilityAnalysis.xml
9 ms. Memory: 51200K Free: 27307K (53%)
----------------- Invoking toplevel() on ptolemy.moml.MoMLSimpleApplication@59abba53
----------------- Done invoking toplevel() on ptolemy.moml.MoMLSimpleApplication@59abba53
reloadAllAccessors: .CausalityAndComposabilityAnalysis

===========================================================================================
----------------- testing Sat Mar 14 07:13:52 UTC 2020 /home/travis/build/icyphy/ptII/ptolemy/domains/de/test/auto/CausalityInterface1.xml
----------------- Instantiating /home/travis/build/icyphy/ptII/ptolemy/domains/de/test/auto/CausalityInterface1.xml
4 ms. Memory: 51200K Free: 22465K (44%)
----------------- Invoking toplevel() on ptolemy.moml.MoMLSimpleApplication@33dd86bf
----------------- Done invoking toplevel() on ptolemy.moml.MoMLSimpleApplication@33dd86bf
reloadAllAccessors: .CausalityInterface1

===========================================================================================
----------------- testing Sat Mar 14 07:13:52 UTC 2020 /home/travis/build/icyphy/ptII/ptolemy/domains/de/test/auto/CausalityInterface15.xml
----------------- Instantiating /home/travis/build/icyphy/ptII/ptolemy/domains/de/test/auto/CausalityInterface15.xml
2 ms. Memory: 51200K Free: 17067K (33%)
----------------- Invoking toplevel() on ptolemy.moml.MoMLSimpleApplication@3bfca259
----------------- Done invoking toplevel() on ptolemy.moml.MoMLSimpleApplication@3bfca259
reloadAllAccessors: .CausalityInterface15

===========================================================================================
----------------- testing Sat Mar 14 07:13:52 UTC 2020 /home/travis/build/icyphy/ptII/ptolemy/domains/de/test/auto/CausalityInterface2.xml
----------------- Instantiating /home/travis/build/icyphy/ptII/ptolemy/domains/de/test/auto/CausalityInterface2.xml
3 ms. Memory: 51200K Free: 12331K (24%)
[...]
	at ptolemy.actor.Manager.run(Manager.java:1263)
	at ptolemy.actor.Manager$PtolemyRunThread.run(Manager.java:1933)
java.lang.RuntimeException: Execution failed
	at ptolemy.moml.MoMLSimpleApplication$UnloadThread.run(MoMLSimpleApplication.java:402)
Caused by: ptolemy.kernel.util.IllegalActionException: Actor is not ready to fire.  Perhaps UpSample.prefire() returned false? Try debugging the actor by selecting "Listen to Actor".  Also, for SDF check moml for tokenConsumptionRate on input.
  in .DESDFClockTest.Play Bell.Copy1:SDF Director and .DESDFClockTest.Play Bell.UpSample
	at ptolemy.actor.sched.StaticSchedulingDirector.fire(StaticSchedulingDirector.java:227)
	at ptolemy.domains.sdf.kernel.SDFDirector.fire(SDFDirector.java:500)
	at ptolemy.actor.CompositeActor.fire(CompositeActor.java:455)
	at ptolemy.domains.de.kernel.DEDirector._fire(DEDirector.java:1949)
	at ptolemy.domains.de.kernel.DEDirector.fire(DEDirector.java:502)
	at ptolemy.actor.CompositeActor.fire(CompositeActor.java:455)
	at ptolemy.actor.Manager.iterate(Manager.java:851)
	at ptolemy.actor.Manager.execute(Manager.java:369)
	at ptolemy.actor.Manager.run(Manager.java:1263)
	at ptolemy.actor.Manager$PtolemyRunThread.run(Manager.java:1933)
java.lang.reflect.InvocationTargetException
	at java.base/jdk.internal.reflect.NativeConstructorAccessorImpl.newInstance0(Native Method)
	at java.base/jdk.internal.reflect.NativeConstructorAccessorImpl.newInstance(NativeConstructorAccessorImpl.java:62)
	at java.base/jdk.internal.reflect.DelegatingConstructorAccessorImpl.newInstance(DelegatingConstructorAccessorImpl.java:45)
	at java.base/java.lang.reflect.Constructor.newInstance(Constructor.java:490)
	at ptolemy.util.test.junit.AutoKnownFailedTests.RunModel(AutoKnownFailedTests.java:105)
	at java.base/jdk.internal.reflect.NativeMethodAccessorImpl.invoke0(Native Method)
	at java.base/jdk.internal.reflect.NativeMethodAccessorImpl.invoke(NativeMethodAccessorImpl.java:62)
	at java.base/jdk.internal.reflect.DelegatingMethodAccessorImpl.invoke(DelegatingMethodAccessorImpl.java:43)
	at java.base/java.lang.reflect.Method.invoke(Method.java:566)
	at org.junit.runners.model.FrameworkMethod$1.runReflectiveCall(FrameworkMethod.java:44)
	at org.junit.internal.runners.model.ReflectiveCallable.run(ReflectiveCallable.java:15)
	at org.junit.runners.model.FrameworkMethod.invokeExplosively(FrameworkMethod.java:41)
	at junitparams.internal.InvokeParameterisedMethod.evaluate(InvokeParameterisedMethod.java:102)
	at org.junit.internal.runners.statements.FailOnTimeout$1.run(FailOnTimeout.java:28)
Caused by: ptolemy.kernel.util.IllegalActionException: Actor is not ready to fire.  Perhaps UpSample.prefire() returned false? Try debugging the actor by selecting "Listen to Actor".  Also, for SDF check moml for tokenConsumptionRate on input.
  in .DESDFClockTest.Play Bell.Copy1:SDF Director and .DESDFClockTest.Play Bell.UpSample
	at ptolemy.actor.sched.StaticSchedulingDirector.fire(StaticSchedulingDirector.java:227)
	at ptolemy.domains.sdf.kernel.SDFDirector.fire(SDFDirector.java:500)
	at ptolemy.actor.CompositeActor.fire(CompositeActor.java:455)
	at ptolemy.domains.de.kernel.DEDirector._fire(DEDirector.java:1949)
	at ptolemy.domains.de.kernel.DEDirector.fire(DEDirector.java:502)
	at ptolemy.actor.CompositeActor.fire(CompositeActor.java:455)
	at ptolemy.actor.Manager.iterate(Manager.java:851)
	at ptolemy.actor.Manager.execute(Manager.java:369)
	at ptolemy.actor.Manager.run(Manager.java:1263)
	at ptolemy.actor.Manager$PtolemyRunThread.run(Manager.java:1933)
java.lang.RuntimeException: Execution failed
	at ptolemy.moml.MoMLSimpleApplication$UnloadThread.run(MoMLSimpleApplication.java:402)
Caused by: ptolemy.kernel.util.IllegalActionException: Test fails in iteration 1.
Value was: 1.0. Should have been: 2.0
  in .DirectFeedback.Test
	at ptolemy.actor.lib.Test.fire(Test.java:268)
	at ptolemy.domains.de.kernel.DEDirector._fire(DEDirector.java:1949)
	at ptolemy.domains.de.kernel.DEDirector.fire(DEDirector.java:502)
	at ptolemy.actor.CompositeActor.fire(CompositeActor.java:455)
	at ptolemy.actor.Manager.iterate(Manager.java:851)
	at ptolemy.actor.Manager.execute(Manager.java:369)
	at ptolemy.actor.Manager.run(Manager.java:1263)
	at ptolemy.actor.Manager$PtolemyRunThread.run(Manager.java:1933)
java.lang.reflect.InvocationTargetException
	at java.base/jdk.internal.reflect.NativeConstructorAccessorImpl.newInstance0(Native Method)
	at java.base/jdk.internal.reflect.NativeConstructorAccessorImpl.newInstance(NativeConstructorAccessorImpl.java:62)
	at java.base/jdk.internal.reflect.DelegatingConstructorAccessorImpl.newInstance(DelegatingConstructorAccessorImpl.java:45)
	at java.base/java.lang.reflect.Constructor.newInstance(Constructor.java:490)
	at ptolemy.util.test.junit.AutoKnownFailedTests.RunModel(AutoKnownFailedTests.java:105)
	at java.base/jdk.internal.reflect.NativeMethodAccessorImpl.invoke0(Native Method)
	at java.base/jdk.internal.reflect.NativeMethodAccessorImpl.invoke(NativeMethodAccessorImpl.java:62)
	at java.base/jdk.internal.reflect.DelegatingMethodAccessorImpl.invoke(DelegatingMethodAccessorImpl.java:43)
	at java.base/java.lang.reflect.Method.invoke(Method.java:566)
	at org.junit.runners.model.FrameworkMethod$1.runReflectiveCall(FrameworkMethod.java:44)
	at org.junit.internal.runners.model.ReflectiveCallable.run(ReflectiveCallable.java:15)
	at org.junit.runners.model.FrameworkMethod.invokeExplosively(FrameworkMethod.java:41)
	at junitparams.internal.InvokeParameterisedMethod.evaluate(InvokeParameterisedMethod.java:102)
	at org.junit.internal.runners.statements.FailOnTimeout$1.run(FailOnTimeout.java:28)
Caused by: ptolemy.kernel.util.IllegalActionException: Test fails in iteration 1.
Value was: 1.0. Should have been: 2.0
  in .DirectFeedback.Test
	at ptolemy.actor.lib.Test.fire(Test.java:268)
	at ptolemy.domains.de.kernel.DEDirector._fire(DEDirector.java:1949)
	at ptolemy.domains.de.kernel.DEDirector.fire(DEDirector.java:502)
	at ptolemy.actor.CompositeActor.fire(CompositeActor.java:455)
	at ptolemy.actor.Manager.iterate(Manager.java:851)
	at ptolemy.actor.Manager.execute(Manager.java:369)
	at ptolemy.actor.Manager.run(Manager.java:1263)
	at ptolemy.actor.Manager$PtolemyRunThread.run(Manager.java:1933)
java.lang.RuntimeException: Execution failed
	at ptolemy.moml.MoMLSimpleApplication$UnloadThread.run(MoMLSimpleApplication.java:402)
Caused by: ptolemy.kernel.util.IllegalActionException: Found a zero delay loop containing .HierarchicalModel.A
  in .HierarchicalModel and .HierarchicalModel.A
	at ptolemy.actor.util.CausalityInterfaceForComposites._computeOutputPortDepth(CausalityInterfaceForComposites.java:759)
	at ptolemy.actor.util.CausalityInterfaceForComposites._computeInputDepth(CausalityInterfaceForComposites.java:696)
	at ptolemy.actor.util.CausalityInterfaceForComposites._computeOutputPortDepth(CausalityInterfaceForComposites.java:765)
	at ptolemy.actor.util.CausalityInterfaceForComposites._computeInputDepth(CausalityInterfaceForComposites.java:696)
	at ptolemy.actor.util.CausalityInterfaceForComposites._computeOutputPortDepth(CausalityInterfaceForComposites.java:765)
	at ptolemy.actor.util.CausalityInterfaceForComposites._computeInputDepth(CausalityInterfaceForComposites.java:696)
	at ptolemy.actor.util.CausalityInterfaceForComposites._computeActorDepth(CausalityInterfaceForComposites.java:532)
	at ptolemy.actor.util.CausalityInterfaceForComposites.checkForCycles(CausalityInterfaceForComposites.java:96)
	at ptolemy.domains.de.kernel.DEDirector.preinitialize(DEDirector.java:1338)
	at ptolemy.actor.CompositeActor.preinitialize(CompositeActor.java:1828)
	at ptolemy.actor.Manager.preinitializeAndResolveTypes(Manager.java:1040)
	at ptolemy.actor.Manager.initialize(Manager.java:710)
	at ptolemy.actor.Manager.execute(Manager.java:356)
	at ptolemy.actor.Manager.run(Manager.java:1263)
	at ptolemy.actor.Manager$PtolemyRunThread.run(Manager.java:1933)
java.lang.reflect.InvocationTargetException
	at java.base/jdk.internal.reflect.NativeConstructorAccessorImpl.newInstance0(Native Method)
	at java.base/jdk.internal.reflect.NativeConstructorAccessorImpl.newInstance(NativeConstructorAccessorImpl.java:62)
	at java.base/jdk.internal.reflect.DelegatingConstructorAccessorImpl.newInstance(DelegatingConstructorAccessorImpl.java:45)
	at java.base/java.lang.reflect.Constructor.newInstance(Constructor.java:490)
	at ptolemy.util.test.junit.AutoKnownFailedTests.RunModel(AutoKnownFailedTests.java:105)
	at java.base/jdk.internal.reflect.NativeMethodAccessorImpl.invoke0(Native Method)
	at java.base/jdk.internal.reflect.NativeMethodAccessorImpl.invoke(NativeMethodAccessorImpl.java:62)
	at java.base/jdk.internal.reflect.DelegatingMethodAccessorImpl.invoke(DelegatingMethodAccessorImpl.java:43)
	at java.base/java.lang.reflect.Method.invoke(Method.java:566)
	at org.junit.runners.model.FrameworkMethod$1.runReflectiveCall(FrameworkMethod.java:44)
	at org.junit.internal.runners.model.ReflectiveCallable.run(ReflectiveCallable.java:15)
	at org.junit.runners.model.FrameworkMethod.invokeExplosively(FrameworkMethod.java:41)
	at junitparams.internal.InvokeParameterisedMethod.evaluate(InvokeParameterisedMethod.java:102)
	at org.junit.internal.runners.statements.FailOnTimeout$1.run(FailOnTimeout.java:28)
Caused by: ptolemy.kernel.util.IllegalActionException: Found a zero delay loop containing .HierarchicalModel.A
  in .HierarchicalModel and .HierarchicalModel.A
	at ptolemy.actor.util.CausalityInterfaceForComposites._computeOutputPortDepth(CausalityInterfaceForComposites.java:759)
	at ptolemy.actor.util.CausalityInterfaceForComposites._computeInputDepth(CausalityInterfaceForComposites.java:696)
	at ptolemy.actor.util.CausalityInterfaceForComposites._computeOutputPortDepth(CausalityInterfaceForComposites.java:765)
	at ptolemy.actor.util.CausalityInterfaceForComposites._computeInputDepth(CausalityInterfaceForComposites.java:696)
	at ptolemy.actor.util.CausalityInterfaceForComposites._computeOutputPortDepth(CausalityInterfaceForComposites.java:765)
	at ptolemy.actor.util.CausalityInterfaceForComposites._computeInputDepth(CausalityInterfaceForComposites.java:696)
	at ptolemy.actor.util.CausalityInterfaceForComposites._computeActorDepth(CausalityInterfaceForComposites.java:532)
	at ptolemy.actor.util.CausalityInterfaceForComposites.checkForCycles(CausalityInterfaceForComposites.java:96)
	at ptolemy.domains.de.kernel.DEDirector.preinitialize(DEDirector.java:1338)
	at ptolemy.actor.CompositeActor.preinitialize(CompositeActor.java:1828)
	at ptolemy.actor.Manager.preinitializeAndResolveTypes(Manager.java:1040)
	at ptolemy.actor.Manager.initialize(Manager.java:710)
	at ptolemy.actor.Manager.execute(Manager.java:356)
	at ptolemy.actor.Manager.run(Manager.java:1263)
	at ptolemy.actor.Manager$PtolemyRunThread.run(Manager.java:1933)
java.lang.RuntimeException: Execution failed
	at ptolemy.moml.MoMLSimpleApplication$UnloadThread.run(MoMLSimpleApplication.java:402)
Caused by: ptolemy.kernel.util.IllegalActionException: Found a zero delay loop containing .dependencyLoop.original
  in .dependencyLoop and .dependencyLoop.original
	at ptolemy.actor.util.CausalityInterfaceForComposites._computeOutputPortDepth(CausalityInterfaceForComposites.java:759)
	at ptolemy.actor.util.CausalityInterfaceForComposites._computeInputDepth(CausalityInterfaceForComposites.java:696)
	at ptolemy.actor.util.CausalityInterfaceForComposites._computeOutputPortDepth(CausalityInterfaceForComposites.java:765)
	at ptolemy.actor.util.CausalityInterfaceForComposites._computeInputDepth(CausalityInterfaceForComposites.java:696)
	at ptolemy.actor.util.CausalityInterfaceForComposites._computeOutputPortDepth(CausalityInterfaceForComposites.java:765)
	at ptolemy.actor.util.CausalityInterfaceForComposites._computeInputDepth(CausalityInterfaceForComposites.java:696)
	at ptolemy.actor.util.CausalityInterfaceForComposites._computeActorDepth(CausalityInterfaceForComposites.java:532)
	at ptolemy.actor.util.CausalityInterfaceForComposites.checkForCycles(CausalityInterfaceForComposites.java:96)
	at ptolemy.domains.de.kernel.DEDirector.preinitialize(DEDirector.java:1338)
	at ptolemy.actor.CompositeActor.preinitialize(CompositeActor.java:1828)
	at ptolemy.actor.Manager.preinitializeAndResolveTypes(Manager.java:1040)
	at ptolemy.actor.Manager.initialize(Manager.java:710)
	at ptolemy.actor.Manager.execute(Manager.java:356)
	at ptolemy.actor.Manager.run(Manager.java:1263)
	at ptolemy.actor.Manager$PtolemyRunThread.run(Manager.java:1933)
java.lang.reflect.InvocationTargetException
	at java.base/jdk.internal.reflect.NativeConstructorAccessorImpl.newInstance0(Native Method)
	at java.base/jdk.internal.reflect.NativeConstructorAccessorImpl.newInstance(NativeConstructorAccessorImpl.java:62)
	at java.base/jdk.internal.reflect.DelegatingConstructorAccessorImpl.newInstance(DelegatingConstructorAccessorImpl.java:45)
	at java.base/java.lang.reflect.Constructor.newInstance(Constructor.java:490)
	at ptolemy.util.test.junit.AutoKnownFailedTests.RunModel(AutoKnownFailedTests.java:105)
	at java.base/jdk.internal.reflect.NativeMethodAccessorImpl.invoke0(Native Method)
	at java.base/jdk.internal.reflect.NativeMethodAccessorImpl.invoke(NativeMethodAccessorImpl.java:62)
	at java.base/jdk.internal.reflect.DelegatingMethodAccessorImpl.invoke(DelegatingMethodAccessorImpl.java:43)
	at java.base/java.lang.reflect.Method.invoke(Method.java:566)
	at org.junit.runners.model.FrameworkMethod$1.runReflectiveCall(FrameworkMethod.java:44)
	at org.junit.internal.runners.model.ReflectiveCallable.run(ReflectiveCallable.java:15)
	at org.junit.runners.model.FrameworkMethod.invokeExplosively(FrameworkMethod.java:41)
	at junitparams.internal.InvokeParameterisedMethod.evaluate(InvokeParameterisedMethod.java:102)
	at org.junit.internal.runners.statements.FailOnTimeout$1.run(FailOnTimeout.java:28)
Caused by: ptolemy.kernel.util.IllegalActionException: Found a zero delay loop containing .dependencyLoop.original
  in .dependencyLoop and .dependencyLoop.original
	at ptolemy.actor.util.CausalityInterfaceForComposites._computeOutputPortDepth(CausalityInterfaceForComposites.java:759)
	at ptolemy.actor.util.CausalityInterfaceForComposites._computeInputDepth(CausalityInterfaceForComposites.java:696)
	at ptolemy.actor.util.CausalityInterfaceForComposites._computeOutputPortDepth(CausalityInterfaceForComposites.java:765)
	at ptolemy.actor.util.CausalityInterfaceForComposites._computeInputDepth(CausalityInterfaceForComposites.java:696)
	at ptolemy.actor.util.CausalityInterfaceForComposites._computeOutputPortDepth(CausalityInterfaceForComposites.java:765)
	at ptolemy.actor.util.CausalityInterfaceForComposites._computeInputDepth(CausalityInterfaceForComposites.java:696)
	at ptolemy.actor.util.CausalityInterfaceForComposites._computeActorDepth(CausalityInterfaceForComposites.java:532)
	at ptolemy.actor.util.CausalityInterfaceForComposites.checkForCycles(CausalityInterfaceForComposites.java:96)
	at ptolemy.domains.de.kernel.DEDirector.preinitialize(DEDirector.java:1338)
	at ptolemy.actor.CompositeActor.preinitialize(CompositeActor.java:1828)
	at ptolemy.actor.Manager.preinitializeAndResolveTypes(Manager.java:1040)
	at ptolemy.actor.Manager.initialize(Manager.java:710)
	at ptolemy.actor.Manager.execute(Manager.java:356)
	at ptolemy.actor.Manager.run(Manager.java:1263)
	at ptolemy.actor.Manager$PtolemyRunThread.run(Manager.java:1933)
java.lang.RuntimeException: Execution failed
	at ptolemy.moml.MoMLSimpleApplication$UnloadThread.run(MoMLSimpleApplication.java:402)
Caused by: ptolemy.kernel.util.IllegalActionException: Found a zero delay loop containing .dependencyLoop2.original
  in .dependencyLoop2 and .dependencyLoop2.original
	at ptolemy.actor.util.CausalityInterfaceForComposites._computeOutputPortDepth(CausalityInterfaceForComposites.java:759)
	at ptolemy.actor.util.CausalityInterfaceForComposites._computeInputDepth(CausalityInterfaceForComposites.java:696)
	at ptolemy.actor.util.CausalityInterfaceForComposites._computeOutputPortDepth(CausalityInterfaceForComposites.java:765)
	at ptolemy.actor.util.CausalityInterfaceForComposites._computeInputDepth(CausalityInterfaceForComposites.java:696)
	at ptolemy.actor.util.CausalityInterfaceForComposites._computeOutputPortDepth(CausalityInterfaceForComposites.java:765)
	at ptolemy.actor.util.CausalityInterfaceForComposites._computeInputDepth(CausalityInterfaceForComposites.java:696)
	at ptolemy.actor.util.CausalityInterfaceForComposites._computeActorDepth(CausalityInterfaceForComposites.java:532)
	at ptolemy.actor.util.CausalityInterfaceForComposites.checkForCycles(CausalityInterfaceForComposites.java:96)
	at ptolemy.domains.de.kernel.DEDirector.preinitialize(DEDirector.java:1338)
	at ptolemy.actor.CompositeActor.preinitialize(CompositeActor.java:1828)
	at ptolemy.actor.Manager.preinitializeAndResolveTypes(Manager.java:1040)
	at ptolemy.actor.Manager.initialize(Manager.java:710)
	at ptolemy.actor.Manager.execute(Manager.java:356)
	at ptolemy.actor.Manager.run(Manager.java:1263)
	at ptolemy.actor.Manager$PtolemyRunThread.run(Manager.java:1933)
java.lang.reflect.InvocationTargetException
	at java.base/jdk.internal.reflect.NativeConstructorAccessorImpl.newInstance0(Native Method)
	at java.base/jdk.internal.reflect.NativeConstructorAccessorImpl.newInstance(NativeConstructorAccessorImpl.java:62)
	at java.base/jdk.internal.reflect.DelegatingConstructorAccessorImpl.newInstance(DelegatingConstructorAccessorImpl.java:45)
	at java.base/java.lang.reflect.Constructor.newInstance(Constructor.java:490)
	at ptolemy.util.test.junit.AutoKnownFailedTests.RunModel(AutoKnownFailedTests.java:105)
	at java.base/jdk.internal.reflect.NativeMethodAccessorImpl.invoke0(Native Method)
	at java.base/jdk.internal.reflect.NativeMethodAccessorImpl.invoke(NativeMethodAccessorImpl.java:62)
	at java.base/jdk.internal.reflect.DelegatingMethodAccessorImpl.invoke(DelegatingMethodAccessorImpl.java:43)
	at java.base/java.lang.reflect.Method.invoke(Method.java:566)
	at org.junit.runners.model.FrameworkMethod$1.runReflectiveCall(FrameworkMethod.java:44)
	at org.junit.internal.runners.model.ReflectiveCallable.run(ReflectiveCallable.java:15)
	at org.junit.runners.model.FrameworkMethod.invokeExplosively(FrameworkMethod.java:41)
	at junitparams.internal.InvokeParameterisedMethod.evaluate(InvokeParameterisedMethod.java:102)
	at org.junit.internal.runners.statements.FailOnTimeout$1.run(FailOnTimeout.java:28)
Caused by: ptolemy.kernel.util.IllegalActionException: Found a zero delay loop containing .dependencyLoop2.original
  in .dependencyLoop2 and .dependencyLoop2.original
	at ptolemy.actor.util.CausalityInterfaceForComposites._computeOutputPortDepth(CausalityInterfaceForComposites.java:759)
	at ptolemy.actor.util.CausalityInterfaceForComposites._computeInputDepth(CausalityInterfaceForComposites.java:696)
	at ptolemy.actor.util.CausalityInterfaceForComposites._computeOutputPortDepth(CausalityInterfaceForComposites.java:765)
	at ptolemy.actor.util.CausalityInterfaceForComposites._computeInputDepth(CausalityInterfaceForComposites.java:696)
	at ptolemy.actor.util.CausalityInterfaceForComposites._computeOutputPortDepth(CausalityInterfaceForComposites.java:765)
	at ptolemy.actor.util.CausalityInterfaceForComposites._computeInputDepth(CausalityInterfaceForComposites.java:696)
	at ptolemy.actor.util.CausalityInterfaceForComposites._computeActorDepth(CausalityInterfaceForComposites.java:532)
	at ptolemy.actor.util.CausalityInterfaceForComposites.checkForCycles(CausalityInterfaceForComposites.java:96)
	at ptolemy.domains.de.kernel.DEDirector.preinitialize(DEDirector.java:1338)
	at ptolemy.actor.CompositeActor.preinitialize(CompositeActor.java:1828)
	at ptolemy.actor.Manager.preinitializeAndResolveTypes(Manager.java:1040)
	at ptolemy.actor.Manager.initialize(Manager.java:710)
	at ptolemy.actor.Manager.execute(Manager.java:356)
	at ptolemy.actor.Manager.run(Manager.java:1263)
	at ptolemy.actor.Manager$PtolemyRunThread.run(Manager.java:1933)
]]></system-err>
</testsuite>
