<?xml version="1.0" encoding="UTF-8" ?>
<testsuite errors="0" failures="0" hostname="travis-job-fbac2cae-db0f-40fc-830c-46e7ff5d912f" name="ptolemy.domains.sdf.test.junit.JUnitTclTest" skipped="0" tests="66" time="19.409" timestamp="2018-09-25T02:20:05">
  <properties>
[...]
</properties>
  <testcase classname="ptolemy.util.test.junit.TclTests" name="[0] /home/travis/build/icyphy/ptII/ptolemy/domains/sdf/test/SDFSchedulerErrors.tcl (RunTclFile)" time="0.64" />
  <testcase classname="ptolemy.util.test.junit.TclTests" name="[1] /home/travis/build/icyphy/ptII/ptolemy/domains/sdf/test/composition.tcl (RunTclFile)" time="0.168" />
  <testcase classname="ptolemy.util.test.junit.TclTests" name="[2] /home/travis/build/icyphy/ptII/ptolemy/domains/sdf/test/cycle.tcl (RunTclFile)" time="0.065" />
  <testcase classname="ptolemy.util.test.junit.AutoKnownFailedTests" name="[0] ThereAreNoKnowFailedTests (RunModel)" time="0.004" />
  <testcase classname="ptolemy.util.test.junit.AutoNameArchTests" name="[0] ThereAreNoAutoArchTests (RunModel)" time="0.001" />
  <testcase classname="ptolemy.util.test.junit.AutoTests" name="[0] /home/travis/build/icyphy/ptII/ptolemy/domains/sdf/test/auto/Array.xml (RunModel)" time="0.146" />
  <testcase classname="ptolemy.util.test.junit.AutoTests" name="[1] /home/travis/build/icyphy/ptII/ptolemy/domains/sdf/test/auto/Butterfly.xml (RunModel)" time="0.119" />
  <testcase classname="ptolemy.util.test.junit.AutoTests" name="[2] /home/travis/build/icyphy/ptII/ptolemy/domains/sdf/test/auto/Expression.xml (RunModel)" time="0.116" />
  <testcase classname="ptolemy.util.test.junit.AutoTests" name="[3] /home/travis/build/icyphy/ptII/ptolemy/domains/sdf/test/auto/Eye.xml (RunModel)" time="0.361" />
  <testcase classname="ptolemy.util.test.junit.AutoTests" name="[4] /home/travis/build/icyphy/ptII/ptolemy/domains/sdf/test/auto/FixFIR.xml (RunModel)" time="0.264" />
  <testcase classname="ptolemy.util.test.junit.AutoTests" name="[5] /home/travis/build/icyphy/ptII/ptolemy/domains/sdf/test/auto/FixPoint.xml (RunModel)" time="0.043" />
  <testcase classname="ptolemy.util.test.junit.AutoTests" name="[6] /home/travis/build/icyphy/ptII/ptolemy/domains/sdf/test/auto/Gravitation.xml (RunModel)" time="3.292" />
  <testcase classname="ptolemy.util.test.junit.AutoTests" name="[7] /home/travis/build/icyphy/ptII/ptolemy/domains/sdf/test/auto/GravitationWithCollisionDetection.xml (RunModel)" time="6.005" />
  <testcase classname="ptolemy.util.test.junit.AutoTests" name="[8] /home/travis/build/icyphy/ptII/ptolemy/domains/sdf/test/auto/HDF.xml (RunModel)" time="0.133" />
  <testcase classname="ptolemy.util.test.junit.AutoTests" name="[9] /home/travis/build/icyphy/ptII/ptolemy/domains/sdf/test/auto/HDFwithTransientStates.xml (RunModel)" time="0.103" />
  <testcase classname="ptolemy.util.test.junit.AutoTests" name="[10] /home/travis/build/icyphy/ptII/ptolemy/domains/sdf/test/auto/HTVQ.xml (RunModel)" time="0.861" />
  <testcase classname="ptolemy.util.test.junit.AutoTests" name="[11] /home/travis/build/icyphy/ptII/ptolemy/domains/sdf/test/auto/InferInitProduction.xml (RunModel)" time="0.032" />
  <testcase classname="ptolemy.util.test.junit.AutoTests" name="[12] /home/travis/build/icyphy/ptII/ptolemy/domains/sdf/test/auto/InferInitProductionDeeper.xml (RunModel)" time="0.028" />
  <testcase classname="ptolemy.util.test.junit.AutoTests" name="[13] /home/travis/build/icyphy/ptII/ptolemy/domains/sdf/test/auto/LMSAdaptive.xml (RunModel)" time="0.084" />
  <testcase classname="ptolemy.util.test.junit.AutoTests" name="[14] /home/travis/build/icyphy/ptII/ptolemy/domains/sdf/test/auto/LogisticMap.xml (RunModel)" time="0.466" />
  <testcase classname="ptolemy.util.test.junit.AutoTests" name="[15] /home/travis/build/icyphy/ptII/ptolemy/domains/sdf/test/auto/MaximumEntropySpectrum.xml (RunModel)" time="0.26" />
  <testcase classname="ptolemy.util.test.junit.AutoTests" name="[16] /home/travis/build/icyphy/ptII/ptolemy/domains/sdf/test/auto/MultirateSDF.xml (RunModel)" time="0.053" />
  <testcase classname="ptolemy.util.test.junit.AutoTests" name="[17] /home/travis/build/icyphy/ptII/ptolemy/domains/sdf/test/auto/MultirateSDFwithTransientStates.xml (RunModel)" time="0.07" />
  <testcase classname="ptolemy.util.test.junit.AutoTests" name="[18] /home/travis/build/icyphy/ptII/ptolemy/domains/sdf/test/auto/NoisySinewave.xml (RunModel)" time="0.059" />
  <testcase classname="ptolemy.util.test.junit.AutoTests" name="[19] /home/travis/build/icyphy/ptII/ptolemy/domains/sdf/test/auto/Objects.xml (RunModel)" time="0.06" />
  <testcase classname="ptolemy.util.test.junit.AutoTests" name="[20] /home/travis/build/icyphy/ptII/ptolemy/domains/sdf/test/auto/OrthogonalCom.xml (RunModel)" time="0.042" />
  <testcase classname="ptolemy.util.test.junit.AutoTests" name="[21] /home/travis/build/icyphy/ptII/ptolemy/domains/sdf/test/auto/RijndaelEncryption.xml (RunModel)" time="0.534" />
  <testcase classname="ptolemy.util.test.junit.AutoTests" name="[22] /home/travis/build/icyphy/ptII/ptolemy/domains/sdf/test/auto/SDFEmptyIterations.xml (RunModel)" time="0.02" />
  <testcase classname="ptolemy.util.test.junit.AutoTests" name="[23] /home/travis/build/icyphy/ptII/ptolemy/domains/sdf/test/auto/Spectrum.xml (RunModel)" time="0.066" />
  <testcase classname="ptolemy.util.test.junit.AutoTests" name="[24] /home/travis/build/icyphy/ptII/ptolemy/domains/sdf/test/auto/de_inside_sdf.xml (RunModel)" time="0.026" />
  <testcase classname="ptolemy.util.test.junit.AutoTests" name="[25] /home/travis/build/icyphy/ptII/ptolemy/domains/sdf/test/auto/disconnectedHierarchicalSDF.xml (RunModel)" time="0.024" />
  <testcase classname="ptolemy.util.test.junit.AutoTests" name="[26] /home/travis/build/icyphy/ptII/ptolemy/domains/sdf/test/auto/disconnectedSDF.xml (RunModel)" time="0.026" />
  <testcase classname="ptolemy.util.test.junit.AutoTests" name="[27] /home/travis/build/icyphy/ptII/ptolemy/domains/sdf/test/auto/emptyRefinement.xml (RunModel)" time="0.019" />
  <testcase classname="ptolemy.util.test.junit.AutoTests" name="[28] /home/travis/build/icyphy/ptII/ptolemy/domains/sdf/test/auto/filePortParameter.xml (RunModel)" time="0.046" />
  <testcase classname="ptolemy.util.test.junit.AutoTests" name="[29] /home/travis/build/icyphy/ptII/ptolemy/domains/sdf/test/auto/inferRelationWidth1.xml (RunModel)" time="0.02" />
  <testcase classname="ptolemy.util.test.junit.AutoTests" name="[30] /home/travis/build/icyphy/ptII/ptolemy/domains/sdf/test/auto/initProductionInference.xml (RunModel)" time="0.022" />
  <testcase classname="ptolemy.util.test.junit.AutoTests" name="[31] /home/travis/build/icyphy/ptII/ptolemy/domains/sdf/test/auto/relationGroup.xml (RunModel)" time="0.013" />
  <testcase classname="ptolemy.util.test.junit.AutoTests" name="[32] /home/travis/build/icyphy/ptII/ptolemy/domains/sdf/test/auto/relationGroup10.xml (RunModel)" time="0.02" />
  <testcase classname="ptolemy.util.test.junit.AutoTests" name="[33] /home/travis/build/icyphy/ptII/ptolemy/domains/sdf/test/auto/relationGroup11.xml (RunModel)" time="0.018" />
  <testcase classname="ptolemy.util.test.junit.AutoTests" name="[34] /home/travis/build/icyphy/ptII/ptolemy/domains/sdf/test/auto/relationGroup12.xml (RunModel)" time="0.016" />
  <testcase classname="ptolemy.util.test.junit.AutoTests" name="[35] /home/travis/build/icyphy/ptII/ptolemy/domains/sdf/test/auto/relationGroup13.xml (RunModel)" time="0.025" />
  <testcase classname="ptolemy.util.test.junit.AutoTests" name="[36] /home/travis/build/icyphy/ptII/ptolemy/domains/sdf/test/auto/relationGroup14.xml (RunModel)" time="0.018" />
  <testcase classname="ptolemy.util.test.junit.AutoTests" name="[37] /home/travis/build/icyphy/ptII/ptolemy/domains/sdf/test/auto/relationGroup15.xml (RunModel)" time="0.016" />
  <testcase classname="ptolemy.util.test.junit.AutoTests" name="[38] /home/travis/build/icyphy/ptII/ptolemy/domains/sdf/test/auto/relationGroup2.xml (RunModel)" time="0.016" />
  <testcase classname="ptolemy.util.test.junit.AutoTests" name="[39] /home/travis/build/icyphy/ptII/ptolemy/domains/sdf/test/auto/relationGroup3.xml (RunModel)" time="0.011" />
  <testcase classname="ptolemy.util.test.junit.AutoTests" name="[40] /home/travis/build/icyphy/ptII/ptolemy/domains/sdf/test/auto/relationGroup4.xml (RunModel)" time="0.016" />
  <testcase classname="ptolemy.util.test.junit.AutoTests" name="[41] /home/travis/build/icyphy/ptII/ptolemy/domains/sdf/test/auto/relationGroup5.xml (RunModel)" time="0.013" />
  <testcase classname="ptolemy.util.test.junit.AutoTests" name="[42] /home/travis/build/icyphy/ptII/ptolemy/domains/sdf/test/auto/relationGroup6.xml (RunModel)" time="0.022" />
  <testcase classname="ptolemy.util.test.junit.AutoTests" name="[43] /home/travis/build/icyphy/ptII/ptolemy/domains/sdf/test/auto/relationGroup7.xml (RunModel)" time="0.019" />
  <testcase classname="ptolemy.util.test.junit.AutoTests" name="[44] /home/travis/build/icyphy/ptII/ptolemy/domains/sdf/test/auto/relationGroup8.xml (RunModel)" time="0.014" />
  <testcase classname="ptolemy.util.test.junit.AutoTests" name="[45] /home/travis/build/icyphy/ptII/ptolemy/domains/sdf/test/auto/relationGroup9.xml (RunModel)" time="0.022" />
  <testcase classname="ptolemy.util.test.junit.AutoTests" name="[46] /home/travis/build/icyphy/ptII/ptolemy/domains/sdf/test/auto/sdf_inside_de.xml (RunModel)" time="0.052" />
  <testcase classname="ptolemy.util.test.junit.AutoTests" name="[47] /home/travis/build/icyphy/ptII/ptolemy/domains/sdf/test/auto/sdf_inside_pn.xml (RunModel)" time="0.048" />
  <testcase classname="ptolemy.util.test.junit.AutoTests" name="[48] /home/travis/build/icyphy/ptII/ptolemy/domains/sdf/test/auto/sdf_sdf1.xml (RunModel)" time="0.02" />
  <testcase classname="ptolemy.util.test.junit.AutoTests" name="[49] /home/travis/build/icyphy/ptII/ptolemy/domains/sdf/test/auto/test1.xml (RunModel)" time="0.016" />
  <testcase classname="ptolemy.util.test.junit.AutoTests" name="[50] /home/travis/build/icyphy/ptII/ptolemy/domains/sdf/test/auto/time1.xml (RunModel)" time="0.009" />
  <testcase classname="ptolemy.util.test.junit.AutoTests" name="[51] /home/travis/build/icyphy/ptII/ptolemy/domains/sdf/test/auto/time2.xml (RunModel)" time="0.01" />
  <testcase classname="ptolemy.util.test.junit.AutoTests" name="[52] /home/travis/build/icyphy/ptII/ptolemy/domains/sdf/test/auto/time3.xml (RunModel)" time="0.018" />
  <testcase classname="ptolemy.util.test.junit.AutoTests" name="[53] /home/travis/build/icyphy/ptII/ptolemy/domains/sdf/test/auto/time4.xml (RunModel)" time="0.018" />
  <testcase classname="ptolemy.util.test.junit.AutoTests" name="[54] /home/travis/build/icyphy/ptII/ptolemy/domains/sdf/test/auto/time5.xml (RunModel)" time="4.01" />
  <testcase classname="ptolemy.util.test.junit.AutoTests" name="[55] /home/travis/build/icyphy/ptII/ptolemy/domains/sdf/test/auto/typeSystem_Const_Integer_smallest_Type.xml (RunModel)" time="0.031" />
  <testcase classname="ptolemy.util.test.junit.AutoTests" name="[56] /home/travis/build/icyphy/ptII/ptolemy/domains/sdf/test/auto/typeSystem_declared_Inports_OutportTypeException.xml (RunModel)" time="0.021" />
  <testcase classname="ptolemy.util.test.junit.AutoTests" name="[57] /home/travis/build/icyphy/ptII/ptolemy/domains/sdf/test/auto/typeSystem_oneDeclaredInportType_wrongTypeOutport.xml (RunModel)" time="0.012" />
  <testcase classname="ptolemy.util.test.junit.AutoTests" name="[58] /home/travis/build/icyphy/ptII/ptolemy/domains/sdf/test/auto/width.xml (RunModel)" time="0.009" />
  <testcase classname="ptolemy.util.test.junit.AutoTests" name="[59] /home/travis/build/icyphy/ptII/ptolemy/domains/sdf/test/auto/width2.xml (RunModel)" time="0.035" />
  <testcase classname="ptolemy.util.test.junit.AutoTests" name="[60] /home/travis/build/icyphy/ptII/ptolemy/domains/sdf/test/auto/width3.xml (RunModel)" time="0.031" />
  <system-out><![CDATA[/home/travis/build/icyphy/ptII/ptolemy/domains/sdf/test/SDFSchedulerErrors.tcl
testDefs.tcl: setting time out to 9000 seconds at Tue Sep 25 02:20:06 UTC 2018
17 ms. Memory: 116224K Free: 105594K (91%)
5 ms. Memory: 116224K Free: 98533K (85%)
5 ms. Memory: 116224K Free: 91455K (79%)
5 ms. Memory: 116224K Free: 88394K (76%)
/home/travis/build/icyphy/ptII/ptolemy/domains/sdf/test/composition.tcl
42 ms. Memory: 116224K Free: 84807K (73%)
6 ms. Memory: 116224K Free: 82411K (71%)
/home/travis/build/icyphy/ptII/ptolemy/domains/sdf/test/cycle.tcl
.Toplevel.Director Preinitializing ...
Invoking preinitialize():  .Toplevel.Actor1
Invoking preinitialize():  .Toplevel.Actor2
Invoking preinitialize():  .Toplevel.Delay
.Toplevel.Director Finished preinitialize().
### Schedule:
Execute Schedule{
Fire Actor ptolemy.domains.sdf.kernel.test.SDFTestDelay {.Toplevel.Actor1}
Fire Actor ptolemy.domains.sdf.kernel.test.SDFTestDelay {.Toplevel.Actor2}
Fire Actor ptolemy.domains.sdf.lib.SampleDelay {.Toplevel.Delay}
}
### End schedule
Called initialize().
Invoking initialize():  .Toplevel.Actor1
Initializing actor: .Toplevel.Actor1.
Invoking initialize():  .Toplevel.Actor2
Initializing actor: .Toplevel.Actor2.
Invoking initialize():  .Toplevel.Delay
Initializing actor: .Toplevel.Delay.
Director: Called prefire().
-- Setting current time to 0.0
Director prefire returns true.
The actor .Toplevel.Actor1 will be iterated.
The actor .Toplevel.Actor1 was iterated.
The actor .Toplevel.Actor2 will be iterated.
The actor .Toplevel.Actor2 was iterated.
The actor .Toplevel.Delay will be iterated.
The actor .Toplevel.Delay was iterated.
Director: Called postfire().
Postfire returns: true
Director: Called prefire().
-- Setting current time to 0.0
Director prefire returns true.
The actor .Toplevel.Actor1 will be iterated.
The actor .Toplevel.Actor1 was iterated.
The actor .Toplevel.Actor2 will be iterated.
The actor .Toplevel.Actor2 was iterated.
The actor .Toplevel.Delay will be iterated.
The actor .Toplevel.Delay was iterated.
Director: Called postfire().
Postfire returns: true
Director: Called prefire().
-- Setting current time to 0.0
Director prefire returns true.
The actor .Toplevel.Actor1 will be iterated.
The actor .Toplevel.Actor1 was iterated.
The actor .Toplevel.Actor2 will be iterated.
The actor .Toplevel.Actor2 was iterated.
The actor .Toplevel.Delay will be iterated.
The actor .Toplevel.Delay was iterated.
Director: Called postfire().
Postfire returns: true
Director: Called prefire().
-- Setting current time to 0.0
Director prefire returns true.
The actor .Toplevel.Actor1 will be iterated.
The actor .Toplevel.Actor1 was iterated.
The actor .Toplevel.Actor2 will be iterated.
The actor .Toplevel.Actor2 was iterated.
The actor .Toplevel.Delay will be iterated.
The actor .Toplevel.Delay was iterated.
Director: Called postfire().
Postfire returns: true
Director: Called prefire().
-- Setting current time to 0.0
Director prefire returns true.
The actor .Toplevel.Actor1 will be iterated.
The actor .Toplevel.Actor1 was iterated.
The actor .Toplevel.Actor2 will be iterated.
The actor .Toplevel.Actor2 was iterated.
The actor .Toplevel.Delay will be iterated.
The actor .Toplevel.Delay was iterated.
Director: Called postfire().
Postfire returns: true
Director: Called prefire().
-- Setting current time to 0.0
Director prefire returns true.
The actor .Toplevel.Actor1 will be iterated.
The actor .Toplevel.Actor1 was iterated.
The actor .Toplevel.Actor2 will be iterated.
The actor .Toplevel.Actor2 was iterated.
The actor .Toplevel.Delay will be iterated.
The actor .Toplevel.Delay was iterated.
Reached specified number of iterations: 6
Director: Called wrapup().
25 ms. Memory: 146944K Free: 141114K (96%)
09/25/18 02:20:06
Failed: 0  Total Tests: 8  ((Passed: 8, Newly Passed: 0)  Known Failed: 0) /home/travis/build/icyphy/ptII/ptolemy/domains/sdf/test
No auto/knownFailedTests/*.xml tests in /home/travis/build/icyphy/ptII/ptolemy/domains/sdf/test
No auto/linux-amd64/*.xml tests in /home/travis/build/icyphy/ptII/ptolemy/domains/sdf/test
AutoTests.java: About to close Vertx.
AutoTests.java: Vertx closed.

===========================================================================================
----------------- testing Tue Sep 25 02:20:07 UTC 2018 /home/travis/build/icyphy/ptII/ptolemy/domains/sdf/test/auto/Array.xml
----------------- Instantiating /home/travis/build/icyphy/ptII/ptolemy/domains/sdf/test/auto/Array.xml
28 ms. Memory: 146944K Free: 101246K (69%)
----------------- Invoking toplevel() on ptolemy.moml.MoMLSimpleApplication@13de5b34
----------------- Done invoking toplevel() on ptolemy.moml.MoMLSimpleApplication@13de5b34
reloadAllAccessors: .Array

===========================================================================================
----------------- testing Tue Sep 25 02:20:07 UTC 2018 /home/travis/build/icyphy/ptII/ptolemy/domains/sdf/test/auto/Butterfly.xml
----------------- Instantiating /home/travis/build/icyphy/ptII/ptolemy/domains/sdf/test/auto/Butterfly.xml
77 ms. Memory: 146944K Free: 95683K (65%)
----------------- Invoking toplevel() on ptolemy.moml.MoMLSimpleApplication@5994ae58
----------------- Done invoking toplevel() on ptolemy.moml.MoMLSimpleApplication@5994ae58
reloadAllAccessors: .Butterfly

===========================================================================================
----------------- testing Tue Sep 25 02:20:07 UTC 2018 /home/travis/build/icyphy/ptII/ptolemy/domains/sdf/test/auto/Expression.xml
----------------- Instantiating /home/travis/build/icyphy/ptII/ptolemy/domains/sdf/test/auto/Expression.xml
72 ms. Memory: 146944K Free: 89008K (61%)
----------------- Invoking toplevel() on ptolemy.moml.MoMLSimpleApplication@478fea8e
----------------- Done invoking toplevel() on ptolemy.moml.MoMLSimpleApplication@478fea8e
reloadAllAccessors: .Expression

===========================================================================================
----------------- testing Tue Sep 25 02:20:07 UTC 2018 /home/travis/build/icyphy/ptII/ptolemy/domains/sdf/test/auto/Eye.xml
----------------- Instantiating /home/travis/build/icyphy/ptII/ptolemy/domains/sdf/test/auto/Eye.xml
198 ms. Memory: 146944K Free: 120808K (82%)
----------------- Invoking toplevel() on ptolemy.moml.MoMLSimpleApplication@7d9a704b
----------------- Done invoking toplevel() on ptolemy.moml.MoMLSimpleApplication@7d9a704b
reloadAllAccessors: .Eye

===========================================================================================
----------------- testing Tue Sep 25 02:20:08 UTC 2018 /home/travis/build/icyphy/ptII/ptolemy/domains/sdf/test/auto/FixFIR.xml
----------------- Instantiating /home/travis/build/icyphy/ptII/ptolemy/domains/sdf/test/auto/FixFIR.xml
95 ms. Memory: 146944K Free: 82448K (56%)
----------------- Invoking toplevel() on ptolemy.moml.MoMLSimpleApplication@37787d41
----------------- Done invoking toplevel() on ptolemy.moml.MoMLSimpleApplication@37787d41
reloadAllAccessors: .FixFIR

===========================================================================================
----------------- testing Tue Sep 25 02:20:08 UTC 2018 /home/travis/build/icyphy/ptII/ptolemy/domains/sdf/test/auto/FixPoint.xml
----------------- Instantiating /home/travis/build/icyphy/ptII/ptolemy/domains/sdf/test/auto/FixPoint.xml
28 ms. Memory: 208384K Free: 200323K (96%)
----------------- Invoking toplevel() on ptolemy.moml.MoMLSimpleApplication@7a8ce98c
----------------- Done invoking toplevel() on ptolemy.moml.MoMLSimpleApplication@7a8ce98c
reloadAllAccessors: .FixPoint

===========================================================================================
----------------- testing Tue Sep 25 02:20:08 UTC 2018 /home/travis/build/icyphy/ptII/ptolemy/domains/sdf/test/auto/Gravitation.xml
----------------- Instantiating /home/travis/build/icyphy/ptII/ptolemy/domains/sdf/test/auto/Gravitation.xml
3176 ms. Memory: 208384K Free: 112712K (54%)
----------------- Invoking toplevel() on ptolemy.moml.MoMLSimpleApplication@77252a2c
----------------- Done invoking toplevel() on ptolemy.moml.MoMLSimpleApplication@77252a2c
reloadAllAccessors: .Gravitation

===========================================================================================
----------------- testing Tue Sep 25 02:20:11 UTC 2018 /home/travis/build/icyphy/ptII/ptolemy/domains/sdf/test/auto/GravitationWithCollisionDetection.xml
----------------- Instantiating /home/travis/build/icyphy/ptII/ptolemy/domains/sdf/test/auto/GravitationWithCollisionDetection.xml
5815 ms. Memory: 874496K Free: 333919K (38%)
----------------- Invoking toplevel() on ptolemy.moml.MoMLSimpleApplication@665fbc05
----------------- Done invoking toplevel() on ptolemy.moml.MoMLSimpleApplication@665fbc05
reloadAllAccessors: .GravitationWithCollisionDetection

===========================================================================================
----------------- testing Tue Sep 25 02:20:17 UTC 2018 /home/travis/build/icyphy/ptII/ptolemy/domains/sdf/test/auto/HDF.xml
----------------- Instantiating /home/travis/build/icyphy/ptII/ptolemy/domains/sdf/test/auto/HDF.xml
36 ms. Memory: 874496K Free: 303614K (35%)
----------------- Invoking toplevel() on ptolemy.moml.MoMLSimpleApplication@d933199
----------------- Done invoking toplevel() on ptolemy.moml.MoMLSimpleApplication@d933199
reloadAllAccessors: .HDF

===========================================================================================
----------------- testing Tue Sep 25 02:20:17 UTC 2018 /home/travis/build/icyphy/ptII/ptolemy/domains/sdf/test/auto/HDFwithTransientStates.xml
----------------- Instantiating /home/travis/build/icyphy/ptII/ptolemy/domains/sdf/test/auto/HDFwithTransientStates.xml
33 ms. Memory: 874496K Free: 279650K (32%)
----------------- Invoking toplevel() on ptolemy.moml.MoMLSimpleApplication@433ffd1
----------------- Done invoking toplevel() on ptolemy.moml.MoMLSimpleApplication@433ffd1
reloadAllAccessors: .HDFwithTransientStates

===========================================================================================
----------------- testing Tue Sep 25 02:20:17 UTC 2018 /home/travis/build/icyphy/ptII/ptolemy/domains/sdf/test/auto/HTVQ.xml
----------------- Instantiating /home/travis/build/icyphy/ptII/ptolemy/domains/sdf/test/auto/HTVQ.xml
820 ms. Memory: 874496K Free: 106738K (12%)
----------------- Invoking toplevel() on ptolemy.moml.MoMLSimpleApplication@1655d09f
----------------- Done invoking toplevel() on ptolemy.moml.MoMLSimpleApplication@1655d09f
reloadAllAccessors: .HTVQ

===========================================================================================
----------------- testing Tue Sep 25 02:20:18 UTC 2018 /home/travis/build/icyphy/ptII/ptolemy/domains/sdf/test/auto/InferInitProduction.xml
----------------- Instantiating /home/travis/build/icyphy/ptII/ptolemy/domains/sdf/test/auto/InferInitProduction.xml
9 ms. Memory: 874496K Free: 91020K (10%)
----------------- Invoking toplevel() on ptolemy.moml.MoMLSimpleApplication@7c15e474
----------------- Done invoking toplevel() on ptolemy.moml.MoMLSimpleApplication@7c15e474
reloadAllAccessors: .InferInitProduction

===========================================================================================
----------------- testing Tue Sep 25 02:20:18 UTC 2018 /home/travis/build/icyphy/ptII/ptolemy/domains/sdf/test/auto/InferInitProductionDeeper.xml
----------------- Instantiating /home/travis/build/icyphy/ptII/ptolemy/domains/sdf/test/auto/InferInitProductionDeeper.xml
5 ms. Memory: 874496K Free: 76854K (9%)
----------------- Invoking toplevel() on ptolemy.moml.MoMLSimpleApplication@48c92ac9
----------------- Done invoking toplevel() on ptolemy.moml.MoMLSimpleApplication@48c92ac9
reloadAllAccessors: .InferInitProductionDeeper

===========================================================================================
----------------- testing Tue Sep 25 02:20:18 UTC 2018 /home/travis/build/icyphy/ptII/ptolemy/domains/sdf/test/auto/LMSAdaptive.xml
----------------- Instantiating /home/travis/build/icyphy/ptII/ptolemy/domains/sdf/test/auto/LMSAdaptive.xml
14 ms. Memory: 875008K Free: 839249K (96%)
----------------- Invoking toplevel() on ptolemy.moml.MoMLSimpleApplication@33859be9
----------------- Done invoking toplevel() on ptolemy.moml.MoMLSimpleApplication@33859be9
reloadAllAccessors: .LMSAdaptive

===========================================================================================
----------------- testing Tue Sep 25 02:20:18 UTC 2018 /home/travis/build/icyphy/ptII/ptolemy/domains/sdf/test/auto/LogisticMap.xml
----------------- Instantiating /home/travis/build/icyphy/ptII/ptolemy/domains/sdf/test/auto/LogisticMap.xml
433 ms. Memory: 875008K Free: 821486K (94%)
----------------- Invoking toplevel() on ptolemy.moml.MoMLSimpleApplication@62e34053
----------------- Done invoking toplevel() on ptolemy.moml.MoMLSimpleApplication@62e34053
reloadAllAccessors: .LogisticMap

===========================================================================================
----------------- testing Tue Sep 25 02:20:19 UTC 2018 /home/travis/build/icyphy/ptII/ptolemy/domains/sdf/test/auto/MaximumEntropySpectrum.xml
----------------- Instantiating /home/travis/build/icyphy/ptII/ptolemy/domains/sdf/test/auto/MaximumEntropySpectrum.xml
73 ms. Memory: 875008K Free: 742827K (85%)
----------------- Invoking toplevel() on ptolemy.moml.MoMLSimpleApplication@62cf09ab
----------------- Done invoking toplevel() on ptolemy.moml.MoMLSimpleApplication@62cf09ab
reloadAllAccessors: .MaximumEntropySpectrum

===========================================================================================
----------------- testing Tue Sep 25 02:20:19 UTC 2018 /home/travis/build/icyphy/ptII/ptolemy/domains/sdf/test/auto/MultirateSDF.xml
----------------- Instantiating /home/travis/build/icyphy/ptII/ptolemy/domains/sdf/test/auto/MultirateSDF.xml
15 ms. Memory: 875008K Free: 719250K (82%)
----------------- Invoking toplevel() on ptolemy.moml.MoMLSimpleApplication@ff2da9a
----------------- Done invoking toplevel() on ptolemy.moml.MoMLSimpleApplication@ff2da9a
reloadAllAccessors: .MultirateSDF

===========================================================================================
----------------- testing Tue Sep 25 02:20:19 UTC 2018 /home/travis/build/icyphy/ptII/ptolemy/domains/sdf/test/auto/MultirateSDFwithTransientStates.xml
----------------- Instantiating /home/travis/build/icyphy/ptII/ptolemy/domains/sdf/test/auto/MultirateSDFwithTransientStates.xml
16 ms. Memory: 875008K Free: 695656K (80%)
----------------- Invoking toplevel() on ptolemy.moml.MoMLSimpleApplication@49176ade
----------------- Done invoking toplevel() on ptolemy.moml.MoMLSimpleApplication@49176ade
reloadAllAccessors: .MultirateSDFwithTransientStates

===========================================================================================
----------------- testing Tue Sep 25 02:20:19 UTC 2018 /home/travis/build/icyphy/ptII/ptolemy/domains/sdf/test/auto/NoisySinewave.xml
----------------- Instantiating /home/travis/build/icyphy/ptII/ptolemy/domains/sdf/test/auto/NoisySinewave.xml
11 ms. Memory: 875008K Free: 672078K (77%)
----------------- Invoking toplevel() on ptolemy.moml.MoMLSimpleApplication@24f9f18e
----------------- Done invoking toplevel() on ptolemy.moml.MoMLSimpleApplication@24f9f18e
reloadAllAccessors: .NoisySinewave

===========================================================================================
----------------- testing Tue Sep 25 02:20:19 UTC 2018 /home/travis/build/icyphy/ptII/ptolemy/domains/sdf/test/auto/Objects.xml
----------------- Instantiating /home/travis/build/icyphy/ptII/ptolemy/domains/sdf/test/auto/Objects.xml
3 ms. Memory: 875008K Free: 648485K (74%)
----------------- Invoking toplevel() on ptolemy.moml.MoMLSimpleApplication@78e1f2b8
----------------- Done invoking toplevel() on ptolemy.moml.MoMLSimpleApplication@78e1f2b8
reloadAllAccessors: .Objects

===========================================================================================
----------------- testing Tue Sep 25 02:20:19 UTC 2018 /home/travis/build/icyphy/ptII/ptolemy/domains/sdf/test/auto/OrthogonalCom.xml
----------------- Instantiating /home/travis/build/icyphy/ptII/ptolemy/domains/sdf/test/auto/OrthogonalCom.xml
5 ms. Memory: 875008K Free: 630721K (72%)
----------------- Invoking toplevel() on ptolemy.moml.MoMLSimpleApplication@6930a685
----------------- Done invoking toplevel() on ptolemy.moml.MoMLSimpleApplication@6930a685
reloadAllAccessors: .OrthogonalCom

===========================================================================================
----------------- testing Tue Sep 25 02:20:19 UTC 2018 /home/travis/build/icyphy/ptII/ptolemy/domains/sdf/test/auto/RijndaelEncryption.xml
----------------- Instantiating /home/travis/build/icyphy/ptII/ptolemy/domains/sdf/test/auto/RijndaelEncryption.xml
276 ms. Memory: 875008K Free: 465470K (53%)
----------------- Invoking toplevel() on ptolemy.moml.MoMLSimpleApplication@54bf539c
----------------- Done invoking toplevel() on ptolemy.moml.MoMLSimpleApplication@54bf539c
reloadAllAccessors: .RijndaelEncryption

===========================================================================================
----------------- testing Tue Sep 25 02:20:20 UTC 2018 /home/travis/build/icyphy/ptII/ptolemy/domains/sdf/test/auto/SDFEmptyIterations.xml
----------------- Instantiating /home/travis/build/icyphy/ptII/ptolemy/domains/sdf/test/auto/SDFEmptyIterations.xml
6 ms. Memory: 875008K Free: 449751K (51%)
----------------- Invoking toplevel() on ptolemy.moml.MoMLSimpleApplication@6b50bf47
----------------- Done invoking toplevel() on ptolemy.moml.MoMLSimpleApplication@6b50bf47
reloadAllAccessors: .SDFEmptyIterations

===========================================================================================
----------------- testing Tue Sep 25 02:20:20 UTC 2018 /home/travis/build/icyphy/ptII/ptolemy/domains/sdf/test/auto/Spectrum.xml
----------------- Instantiating /home/travis/build/icyphy/ptII/ptolemy/domains/sdf/test/auto/Spectrum.xml
27 ms. Memory: 875008K Free: 426166K (49%)
----------------- Invoking toplevel() on ptolemy.moml.MoMLSimpleApplication@5f7253a6
----------------- Done invoking toplevel() on ptolemy.moml.MoMLSimpleApplication@5f7253a6
reloadAllAccessors: .Spectrum

===========================================================================================
----------------- testing Tue Sep 25 02:20:20 UTC 2018 /home/travis/build/icyphy/ptII/ptolemy/domains/sdf/test/auto/de_inside_sdf.xml
----------------- Instantiating /home/travis/build/icyphy/ptII/ptolemy/domains/sdf/test/auto/de_inside_sdf.xml
7 ms. Memory: 875008K Free: 410447K (47%)
----------------- Invoking toplevel() on ptolemy.moml.MoMLSimpleApplication@220abab7
----------------- Done invoking toplevel() on ptolemy.moml.MoMLSimpleApplication@220abab7
reloadAllAccessors: .de_inside_sdf

===========================================================================================
----------------- testing Tue Sep 25 02:20:20 UTC 2018 /home/travis/build/icyphy/ptII/ptolemy/domains/sdf/test/auto/disconnectedHierarchicalSDF.xml
----------------- Instantiating /home/travis/build/icyphy/ptII/ptolemy/domains/sdf/test/auto/disconnectedHierarchicalSDF.xml
4 ms. Memory: 875008K Free: 394729K (45%)
----------------- Invoking toplevel() on ptolemy.moml.MoMLSimpleApplication@59769d59
----------------- Done invoking toplevel() on ptolemy.moml.MoMLSimpleApplication@59769d59
reloadAllAccessors: .disconnectedHierarchicalSDF

===========================================================================================
----------------- testing Tue Sep 25 02:20:20 UTC 2018 /home/travis/build/icyphy/ptII/ptolemy/domains/sdf/test/auto/disconnectedSDF.xml
----------------- Instantiating /home/travis/build/icyphy/ptII/ptolemy/domains/sdf/test/auto/disconnectedSDF.xml
2 ms. Memory: 875008K Free: 376965K (43%)
----------------- Invoking toplevel() on ptolemy.moml.MoMLSimpleApplication@3b332304
----------------- Done invoking toplevel() on ptolemy.moml.MoMLSimpleApplication@3b332304
reloadAllAccessors: .disconnectedSDF

===========================================================================================
----------------- testing Tue Sep 25 02:20:20 UTC 2018 /home/travis/build/icyphy/ptII/ptolemy/domains/sdf/test/auto/emptyRefinement.xml
----------------- Instantiating /home/travis/build/icyphy/ptII/ptolemy/domains/sdf/test/auto/emptyRefinement.xml
4 ms. Memory: 875008K Free: 361247K (41%)
----------------- Invoking toplevel() on ptolemy.moml.MoMLSimpleApplication@763bd31c
----------------- Done invoking toplevel() on ptolemy.moml.MoMLSimpleApplication@763bd31c
reloadAllAccessors: .emptyRefinement

===========================================================================================
----------------- testing Tue Sep 25 02:20:20 UTC 2018 /home/travis/build/icyphy/ptII/ptolemy/domains/sdf/test/auto/filePortParameter.xml
----------------- Instantiating /home/travis/build/icyphy/ptII/ptolemy/domains/sdf/test/auto/filePortParameter.xml
15 ms. Memory: 875008K Free: 345528K (39%)
----------------- Invoking toplevel() on ptolemy.moml.MoMLSimpleApplication@6da0196f
----------------- Done invoking toplevel() on ptolemy.moml.MoMLSimpleApplication@6da0196f
reloadAllAccessors: .filePortParameter

===========================================================================================
----------------- testing Tue Sep 25 02:20:20 UTC 2018 /home/travis/build/icyphy/ptII/ptolemy/domains/sdf/test/auto/inferRelationWidth1.xml
----------------- Instantiating /home/travis/build/icyphy/ptII/ptolemy/domains/sdf/test/auto/inferRelationWidth1.xml
3 ms. Memory: 875008K Free: 329810K (38%)
----------------- Invoking toplevel() on ptolemy.moml.MoMLSimpleApplication@570cf04f
----------------- Done invoking toplevel() on ptolemy.moml.MoMLSimpleApplication@570cf04f
reloadAllAccessors: .inferRelationWidth1

===========================================================================================
----------------- testing Tue Sep 25 02:20:20 UTC 2018 /home/travis/build/icyphy/ptII/ptolemy/domains/sdf/test/auto/initProductionInference.xml
----------------- Instantiating /home/travis/build/icyphy/ptII/ptolemy/domains/sdf/test/auto/initProductionInference.xml
7 ms. Memory: 875008K Free: 314091K (36%)
----------------- Invoking toplevel() on ptolemy.moml.MoMLSimpleApplication@63ad141e
----------------- Done invoking toplevel() on ptolemy.moml.MoMLSimpleApplication@63ad141e
reloadAllAccessors: .initProductionInference

===========================================================================================
----------------- testing Tue Sep 25 02:20:20 UTC 2018 /home/travis/build/icyphy/ptII/ptolemy/domains/sdf/test/auto/relationGroup.xml
----------------- Instantiating /home/travis/build/icyphy/ptII/ptolemy/domains/sdf/test/auto/relationGroup.xml
2 ms. Memory: 875008K Free: 298373K (34%)
----------------- Invoking toplevel() on ptolemy.moml.MoMLSimpleApplication@561dfe6f
----------------- Done invoking toplevel() on ptolemy.moml.MoMLSimpleApplication@561dfe6f
reloadAllAccessors: .relationGroup

===========================================================================================
----------------- testing Tue Sep 25 02:20:20 UTC 2018 /home/travis/build/icyphy/ptII/ptolemy/domains/sdf/test/auto/relationGroup10.xml
----------------- Instantiating /home/travis/build/icyphy/ptII/ptolemy/domains/sdf/test/auto/relationGroup10.xml
2 ms. Memory: 875008K Free: 280609K (32%)
----------------- Invoking toplevel() on ptolemy.moml.MoMLSimpleApplication@30b7d65c
----------------- Done invoking toplevel() on ptolemy.moml.MoMLSimpleApplication@30b7d65c
reloadAllAccessors: .relationGroup10

===========================================================================================
----------------- testing Tue Sep 25 02:20:20 UTC 2018 /home/travis/build/icyphy/ptII/ptolemy/domains/sdf/test/auto/relationGroup11.xml
----------------- Instantiating /home/travis/build/icyphy/ptII/ptolemy/domains/sdf/test/auto/relationGroup11.xml
2 ms. Memory: 875008K Free: 264891K (30%)
----------------- Invoking toplevel() on ptolemy.moml.MoMLSimpleApplication@42a14410
----------------- Done invoking toplevel() on ptolemy.moml.MoMLSimpleApplication@42a14410
reloadAllAccessors: .relationGroup11

===========================================================================================
----------------- testing Tue Sep 25 02:20:20 UTC 2018 /home/travis/build/icyphy/ptII/ptolemy/domains/sdf/test/auto/relationGroup12.xml
----------------- Instantiating /home/travis/build/icyphy/ptII/ptolemy/domains/sdf/test/auto/relationGroup12.xml
3 ms. Memory: 875008K Free: 249172K (28%)
----------------- Invoking toplevel() on ptolemy.moml.MoMLSimpleApplication@28a6a5c0
----------------- Done invoking toplevel() on ptolemy.moml.MoMLSimpleApplication@28a6a5c0
reloadAllAccessors: .relationGroup12

===========================================================================================
----------------- testing Tue Sep 25 02:20:20 UTC 2018 /home/travis/build/icyphy/ptII/ptolemy/domains/sdf/test/auto/relationGroup13.xml
----------------- Instantiating /home/travis/build/icyphy/ptII/ptolemy/domains/sdf/test/auto/relationGroup13.xml
6 ms. Memory: 875008K Free: 233454K (27%)
----------------- Invoking toplevel() on ptolemy.moml.MoMLSimpleApplication@5daf01a1
----------------- Done invoking toplevel() on ptolemy.moml.MoMLSimpleApplication@5daf01a1
reloadAllAccessors: .relationGroup13

===========================================================================================
----------------- testing Tue Sep 25 02:20:20 UTC 2018 /home/travis/build/icyphy/ptII/ptolemy/domains/sdf/test/auto/relationGroup14.xml
----------------- Instantiating /home/travis/build/icyphy/ptII/ptolemy/domains/sdf/test/auto/relationGroup14.xml
3 ms. Memory: 875008K Free: 217735K (25%)
----------------- Invoking toplevel() on ptolemy.moml.MoMLSimpleApplication@8acc9ef
----------------- Done invoking toplevel() on ptolemy.moml.MoMLSimpleApplication@8acc9ef
reloadAllAccessors: .relationGroup14

===========================================================================================
----------------- testing Tue Sep 25 02:20:20 UTC 2018 /home/travis/build/icyphy/ptII/ptolemy/domains/sdf/test/auto/relationGroup15.xml
----------------- Instantiating /home/travis/build/icyphy/ptII/ptolemy/domains/sdf/test/auto/relationGroup15.xml
2 ms. Memory: 875008K Free: 202017K (23%)
----------------- Invoking toplevel() on ptolemy.moml.MoMLSimpleApplication@7e16d730
----------------- Done invoking toplevel() on ptolemy.moml.MoMLSimpleApplication@7e16d730
reloadAllAccessors: .relationGroup15

===========================================================================================
----------------- testing Tue Sep 25 02:20:20 UTC 2018 /home/travis/build/icyphy/ptII/ptolemy/domains/sdf/test/auto/relationGroup2.xml
----------------- Instantiating /home/travis/build/icyphy/ptII/ptolemy/domains/sdf/test/auto/relationGroup2.xml
6 ms. Memory: 875008K Free: 184253K (21%)
----------------- Invoking toplevel() on ptolemy.moml.MoMLSimpleApplication@102af208
----------------- Done invoking toplevel() on ptolemy.moml.MoMLSimpleApplication@102af208
reloadAllAccessors: .relationGroup2

===========================================================================================
----------------- testing Tue Sep 25 02:20:20 UTC 2018 /home/travis/build/icyphy/ptII/ptolemy/domains/sdf/test/auto/relationGroup3.xml
----------------- Instantiating /home/travis/build/icyphy/ptII/ptolemy/domains/sdf/test/auto/relationGroup3.xml
2 ms. Memory: 875008K Free: 168535K (19%)
----------------- Invoking toplevel() on ptolemy.moml.MoMLSimpleApplication@4944b103
----------------- Done invoking toplevel() on ptolemy.moml.MoMLSimpleApplication@4944b103
reloadAllAccessors: .relationGroup3

===========================================================================================
----------------- testing Tue Sep 25 02:20:20 UTC 2018 /home/travis/build/icyphy/ptII/ptolemy/domains/sdf/test/auto/relationGroup4.xml
----------------- Instantiating /home/travis/build/icyphy/ptII/ptolemy/domains/sdf/test/auto/relationGroup4.xml
3 ms. Memory: 875008K Free: 152816K (17%)
----------------- Invoking toplevel() on ptolemy.moml.MoMLSimpleApplication@1f893d26
----------------- Done invoking toplevel() on ptolemy.moml.MoMLSimpleApplication@1f893d26
reloadAllAccessors: .relationGroup4

===========================================================================================
----------------- testing Tue Sep 25 02:20:20 UTC 2018 /home/travis/build/icyphy/ptII/ptolemy/domains/sdf/test/auto/relationGroup5.xml
----------------- Instantiating /home/travis/build/icyphy/ptII/ptolemy/domains/sdf/test/auto/relationGroup5.xml
2 ms. Memory: 875008K Free: 137098K (16%)
----------------- Invoking toplevel() on ptolemy.moml.MoMLSimpleApplication@1e50abf9
----------------- Done invoking toplevel() on ptolemy.moml.MoMLSimpleApplication@1e50abf9
reloadAllAccessors: .relationGroup5

===========================================================================================
----------------- testing Tue Sep 25 02:20:20 UTC 2018 /home/travis/build/icyphy/ptII/ptolemy/domains/sdf/test/auto/relationGroup6.xml
----------------- Instantiating /home/travis/build/icyphy/ptII/ptolemy/domains/sdf/test/auto/relationGroup6.xml
4 ms. Memory: 875008K Free: 121380K (14%)
----------------- Invoking toplevel() on ptolemy.moml.MoMLSimpleApplication@6807c1f0
----------------- Done invoking toplevel() on ptolemy.moml.MoMLSimpleApplication@6807c1f0
reloadAllAccessors: .relationGroup6

===========================================================================================
----------------- testing Tue Sep 25 02:20:20 UTC 2018 /home/travis/build/icyphy/ptII/ptolemy/domains/sdf/test/auto/relationGroup7.xml
----------------- Instantiating /home/travis/build/icyphy/ptII/ptolemy/domains/sdf/test/auto/relationGroup7.xml
2 ms. Memory: 875008K Free: 105661K (12%)
----------------- Invoking toplevel() on ptolemy.moml.MoMLSimpleApplication@19bb21ac
----------------- Done invoking toplevel() on ptolemy.moml.MoMLSimpleApplication@19bb21ac
reloadAllAccessors: .relationGroup7

===========================================================================================
----------------- testing Tue Sep 25 02:20:20 UTC 2018 /home/travis/build/icyphy/ptII/ptolemy/domains/sdf/test/auto/relationGroup8.xml
----------------- Instantiating /home/travis/build/icyphy/ptII/ptolemy/domains/sdf/test/auto/relationGroup8.xml
2 ms. Memory: 875008K Free: 87897K (10%)
----------------- Invoking toplevel() on ptolemy.moml.MoMLSimpleApplication@501809a0
----------------- Done invoking toplevel() on ptolemy.moml.MoMLSimpleApplication@501809a0
reloadAllAccessors: .relationGroup8

===========================================================================================
----------------- testing Tue Sep 25 02:20:20 UTC 2018 /home/travis/build/icyphy/ptII/ptolemy/domains/sdf/test/auto/relationGroup9.xml
----------------- Instantiating /home/travis/build/icyphy/ptII/ptolemy/domains/sdf/test/auto/relationGroup9.xml
6 ms. Memory: 875008K Free: 77158K (9%)
----------------- Invoking toplevel() on ptolemy.moml.MoMLSimpleApplication@18d69918
----------------- Done invoking toplevel() on ptolemy.moml.MoMLSimpleApplication@18d69918
reloadAllAccessors: .relationGroup9

===========================================================================================
----------------- testing Tue Sep 25 02:20:21 UTC 2018 /home/travis/build/icyphy/ptII/ptolemy/domains/sdf/test/auto/sdf_inside_de.xml
----------------- Instantiating /home/travis/build/icyphy/ptII/ptolemy/domains/sdf/test/auto/sdf_inside_de.xml
11 ms. Memory: 830464K Free: 795315K (96%)
----------------- Invoking toplevel() on ptolemy.moml.MoMLSimpleApplication@37a7f54d
----------------- Done invoking toplevel() on ptolemy.moml.MoMLSimpleApplication@37a7f54d
reloadAllAccessors: .sdf_inside_de

===========================================================================================
----------------- testing Tue Sep 25 02:20:21 UTC 2018 /home/travis/build/icyphy/ptII/ptolemy/domains/sdf/test/auto/sdf_inside_pn.xml
----------------- Instantiating /home/travis/build/icyphy/ptII/ptolemy/domains/sdf/test/auto/sdf_inside_pn.xml
16 ms. Memory: 830464K Free: 741570K (89%)
----------------- Invoking toplevel() on ptolemy.moml.MoMLSimpleApplication@43286127
----------------- Done invoking toplevel() on ptolemy.moml.MoMLSimpleApplication@43286127
reloadAllAccessors: .sdf_inside_pn

===========================================================================================
----------------- testing Tue Sep 25 02:20:21 UTC 2018 /home/travis/build/icyphy/ptII/ptolemy/domains/sdf/test/auto/sdf_sdf1.xml
----------------- Instantiating /home/travis/build/icyphy/ptII/ptolemy/domains/sdf/test/auto/sdf_sdf1.xml
3 ms. Memory: 830464K Free: 726599K (87%)
----------------- Invoking toplevel() on ptolemy.moml.MoMLSimpleApplication@1118b783
----------------- Done invoking toplevel() on ptolemy.moml.MoMLSimpleApplication@1118b783
reloadAllAccessors: .sdf_sdf1

===========================================================================================
----------------- testing Tue Sep 25 02:20:21 UTC 2018 /home/travis/build/icyphy/ptII/ptolemy/domains/sdf/test/auto/test1.xml
----------------- Instantiating /home/travis/build/icyphy/ptII/ptolemy/domains/sdf/test/auto/test1.xml
3 ms. Memory: 830464K Free: 711628K (86%)
----------------- Invoking toplevel() on ptolemy.moml.MoMLSimpleApplication@7f417b30
----------------- Done invoking toplevel() on ptolemy.moml.MoMLSimpleApplication@7f417b30
reloadAllAccessors: .test1

===========================================================================================
----------------- testing Tue Sep 25 02:20:21 UTC 2018 /home/travis/build/icyphy/ptII/ptolemy/domains/sdf/test/auto/time1.xml
----------------- Instantiating /home/travis/build/icyphy/ptII/ptolemy/domains/sdf/test/auto/time1.xml
2 ms. Memory: 830464K Free: 695310K (84%)
----------------- Invoking toplevel() on ptolemy.moml.MoMLSimpleApplication@2c455f5e
----------------- Done invoking toplevel() on ptolemy.moml.MoMLSimpleApplication@2c455f5e
reloadAllAccessors: .time1

===========================================================================================
----------------- testing Tue Sep 25 02:20:21 UTC 2018 /home/travis/build/icyphy/ptII/ptolemy/domains/sdf/test/auto/time2.xml
----------------- Instantiating /home/travis/build/icyphy/ptII/ptolemy/domains/sdf/test/auto/time2.xml
2 ms. Memory: 830464K Free: 680339K (82%)
----------------- Invoking toplevel() on ptolemy.moml.MoMLSimpleApplication@7bbda015
----------------- Done invoking toplevel() on ptolemy.moml.MoMLSimpleApplication@7bbda015
reloadAllAccessors: .time2

===========================================================================================
----------------- testing Tue Sep 25 02:20:21 UTC 2018 /home/travis/build/icyphy/ptII/ptolemy/domains/sdf/test/auto/time3.xml
----------------- Instantiating /home/travis/build/icyphy/ptII/ptolemy/domains/sdf/test/auto/time3.xml
7 ms. Memory: 830464K Free: 665368K (80%)
----------------- Invoking toplevel() on ptolemy.moml.MoMLSimpleApplication@21023849
----------------- Done invoking toplevel() on ptolemy.moml.MoMLSimpleApplication@21023849
reloadAllAccessors: .time3

===========================================================================================
----------------- testing Tue Sep 25 02:20:21 UTC 2018 /home/travis/build/icyphy/ptII/ptolemy/domains/sdf/test/auto/time4.xml
----------------- Instantiating /home/travis/build/icyphy/ptII/ptolemy/domains/sdf/test/auto/time4.xml
5 ms. Memory: 830464K Free: 650397K (78%)
----------------- Invoking toplevel() on ptolemy.moml.MoMLSimpleApplication@64cbc0e9
----------------- Done invoking toplevel() on ptolemy.moml.MoMLSimpleApplication@64cbc0e9
reloadAllAccessors: .time4

===========================================================================================
----------------- testing Tue Sep 25 02:20:21 UTC 2018 /home/travis/build/icyphy/ptII/ptolemy/domains/sdf/test/auto/time5.xml
----------------- Instantiating /home/travis/build/icyphy/ptII/ptolemy/domains/sdf/test/auto/time5.xml
4002 ms. Memory: 830464K Free: 634079K (76%)
----------------- Invoking toplevel() on ptolemy.moml.MoMLSimpleApplication@8133944
----------------- Done invoking toplevel() on ptolemy.moml.MoMLSimpleApplication@8133944
reloadAllAccessors: .time5

===========================================================================================
----------------- testing Tue Sep 25 02:20:25 UTC 2018 /home/travis/build/icyphy/ptII/ptolemy/domains/sdf/test/auto/typeSystem_Const_Integer_smallest_Type.xml
----------------- Instantiating /home/travis/build/icyphy/ptII/ptolemy/domains/sdf/test/auto/typeSystem_Const_Integer_smallest_Type.xml
3 ms. Memory: 830464K Free: 619108K (75%)
----------------- Invoking toplevel() on ptolemy.moml.MoMLSimpleApplication@36e9d6c0
----------------- Done invoking toplevel() on ptolemy.moml.MoMLSimpleApplication@36e9d6c0
reloadAllAccessors: .typeSystem_Const_Integer_smallest_Type

===========================================================================================
----------------- testing Tue Sep 25 02:20:25 UTC 2018 /home/travis/build/icyphy/ptII/ptolemy/domains/sdf/test/auto/typeSystem_declared_Inports_OutportTypeException.xml
----------------- Instantiating /home/travis/build/icyphy/ptII/ptolemy/domains/sdf/test/auto/typeSystem_declared_Inports_OutportTypeException.xml
.typeSystem_declared_Inports_OutportTypeException.TestExceptionAttribute: initialize() was not invoked, but wrapup() was.  This is unusual, but not always a problem.  For example, exporting JNLP will do this.
2 ms. Memory: 830464K Free: 604138K (73%)
----------------- Invoking toplevel() on ptolemy.moml.MoMLSimpleApplication@4cfdf756
----------------- Done invoking toplevel() on ptolemy.moml.MoMLSimpleApplication@4cfdf756
reloadAllAccessors: .typeSystem_declared_Inports_OutportTypeException

===========================================================================================
----------------- testing Tue Sep 25 02:20:25 UTC 2018 /home/travis/build/icyphy/ptII/ptolemy/domains/sdf/test/auto/typeSystem_oneDeclaredInportType_wrongTypeOutport.xml
----------------- Instantiating /home/travis/build/icyphy/ptII/ptolemy/domains/sdf/test/auto/typeSystem_oneDeclaredInportType_wrongTypeOutport.xml
2 ms. Memory: 830464K Free: 587820K (71%)
----------------- Invoking toplevel() on ptolemy.moml.MoMLSimpleApplication@48fba941
----------------- Done invoking toplevel() on ptolemy.moml.MoMLSimpleApplication@48fba941
reloadAllAccessors: .typeSystem_oneDeclaredInportType_wrongTypeOutport

===========================================================================================
----------------- testing Tue Sep 25 02:20:25 UTC 2018 /home/travis/build/icyphy/ptII/ptolemy/domains/sdf/test/auto/width.xml
----------------- Instantiating /home/travis/build/icyphy/ptII/ptolemy/domains/sdf/test/auto/width.xml
2 ms. Memory: 830464K Free: 572849K (69%)
----------------- Invoking toplevel() on ptolemy.moml.MoMLSimpleApplication@64b7603b
----------------- Done invoking toplevel() on ptolemy.moml.MoMLSimpleApplication@64b7603b
reloadAllAccessors: .width

===========================================================================================
----------------- testing Tue Sep 25 02:20:25 UTC 2018 /home/travis/build/icyphy/ptII/ptolemy/domains/sdf/test/auto/width2.xml
----------------- Instantiating /home/travis/build/icyphy/ptII/ptolemy/domains/sdf/test/auto/width2.xml
26 ms. Memory: 830464K Free: 557878K (67%)
----------------- Invoking toplevel() on ptolemy.moml.MoMLSimpleApplication@52d9d9db
----------------- Done invoking toplevel() on ptolemy.moml.MoMLSimpleApplication@52d9d9db
reloadAllAccessors: .width2

===========================================================================================
----------------- testing Tue Sep 25 02:20:25 UTC 2018 /home/travis/build/icyphy/ptII/ptolemy/domains/sdf/test/auto/width3.xml
----------------- Instantiating /home/travis/build/icyphy/ptII/ptolemy/domains/sdf/test/auto/width3.xml
21 ms. Memory: 830464K Free: 542907K (65%)
----------------- Invoking toplevel() on ptolemy.moml.MoMLSimpleApplication@2f9a7800
----------------- Done invoking toplevel() on ptolemy.moml.MoMLSimpleApplication@2f9a7800
reloadAllAccessors: .width3
AutoTests.java: About to close Vertx.
AutoTests.java: Vertx closed.
]]></system-out>
  <system-err><![CDATA[java.lang.RuntimeException: Execution failed
	at ptolemy.moml.MoMLSimpleApplication$UnloadThread.run(MoMLSimpleApplication.java:402)
Caused by: ptolemy.actor.sched.NotSchedulableException: No solution exists for the balance equations.
Graph is not consistent under the SDF domain detected on external port .rateConsistency.actor.port2
  in .rateConsistency.SDF Director.Scheduler
	at ptolemy.domains.sdf.kernel.SDFScheduler._propagatePort(SDFScheduler.java:1425)
	at ptolemy.domains.sdf.kernel.SDFScheduler._solveBalanceEquations(SDFScheduler.java:710)
	at ptolemy.domains.sdf.kernel.SDFScheduler._getSchedule(SDFScheduler.java:566)
	at ptolemy.actor.sched.Scheduler.getSchedule(Scheduler.java:189)
	at ptolemy.domains.sdf.kernel.SDFDirector.createSchedule(SDFDirector.java:408)
	at ptolemy.domains.sdf.kernel.SDFDirector.preinitialize(SDFDirector.java:764)
	at ptolemy.actor.CompositeActor.preinitialize(CompositeActor.java:1828)
	at ptolemy.actor.Manager.preinitializeAndResolveTypes(Manager.java:1040)
	at ptolemy.actor.Manager.initialize(Manager.java:710)
	at ptolemy.actor.Manager.execute(Manager.java:356)
	at ptolemy.actor.Manager.run(Manager.java:1263)
	at ptolemy.actor.Manager$PtolemyRunThread.run(Manager.java:1915)
java.lang.RuntimeException: Execution failed
	at ptolemy.moml.MoMLSimpleApplication$UnloadThread.run(MoMLSimpleApplication.java:402)
Caused by: ptolemy.kernel.util.IllegalActionException: Failed to compute schedule:
  in .badRateChanges.typed composite actor.SDF Director
Because:
The SDF rate parameter may change. This is not allowed in SDF models that will be run through the code generator.  If you don't care about code generation, then you might consider setting the allowRateChanges parameter of the SDF director to false.
  in .badRateChanges.typed composite actor.Repeat.output.tokenProductionRate
	at ptolemy.domains.sdf.kernel.SDFDirector.createSchedule(SDFDirector.java:418)
	at ptolemy.domains.sdf.kernel.SDFDirector.preinitialize(SDFDirector.java:764)
	at ptolemy.actor.CompositeActor.preinitialize(CompositeActor.java:1828)
	at ptolemy.actor.Director.preinitialize(Director.java:1302)
	at ptolemy.actor.Director.preinitialize(Director.java:1257)
	at ptolemy.domains.sdf.kernel.SDFDirector.preinitialize(SDFDirector.java:763)
	at ptolemy.actor.CompositeActor.preinitialize(CompositeActor.java:1828)
	at ptolemy.actor.Manager.preinitializeAndResolveTypes(Manager.java:1040)
	at ptolemy.actor.Manager.initialize(Manager.java:710)
	at ptolemy.actor.Manager.execute(Manager.java:356)
	at ptolemy.actor.Manager.run(Manager.java:1263)
	at ptolemy.actor.Manager$PtolemyRunThread.run(Manager.java:1915)
Caused by: ptolemy.kernel.util.IllegalActionException: The SDF rate parameter may change. This is not allowed in SDF models that will be run through the code generator.  If you don't care about code generation, then you might consider setting the allowRateChanges parameter of the SDF director to false.
  in .badRateChanges.typed composite actor.Repeat.output.tokenProductionRate
	at ptolemy.domains.sdf.kernel.SDFScheduler._assertDynamicRateVariable(SDFScheduler.java:931)
	at ptolemy.domains.sdf.kernel.SDFScheduler._checkDynamicRateVariables(SDFScheduler.java:339)
	at ptolemy.domains.sdf.kernel.SDFScheduler._getSchedule(SDFScheduler.java:527)
	at ptolemy.actor.sched.Scheduler.getSchedule(Scheduler.java:189)
	at ptolemy.domains.sdf.kernel.SDFDirector.createSchedule(SDFDirector.java:408)
	... 11 more
java.lang.RuntimeException: Execution failed
	at ptolemy.moml.MoMLSimpleApplication$UnloadThread.run(MoMLSimpleApplication.java:402)
Caused by: ptolemy.kernel.util.IllegalActionException: Failed to compute schedule:
  in .badRateChanges2.typed composite actor.SDF Director
Because:
The SDF rate parameter may change. This is not allowed in SDF models that will be run through the code generator.  If you don't care about code generation, then you might consider setting the allowRateChanges parameter of the SDF director to false.
  in .badRateChanges2.typed composite actor.Repeat.output.tokenProductionRate
	at ptolemy.domains.sdf.kernel.SDFDirector.createSchedule(SDFDirector.java:418)
	at ptolemy.domains.sdf.kernel.SDFDirector.preinitialize(SDFDirector.java:764)
	at ptolemy.actor.CompositeActor.preinitialize(CompositeActor.java:1828)
	at ptolemy.actor.Director.preinitialize(Director.java:1302)
	at ptolemy.actor.Director.preinitialize(Director.java:1257)
	at ptolemy.domains.sdf.kernel.SDFDirector.preinitialize(SDFDirector.java:763)
	at ptolemy.actor.CompositeActor.preinitialize(CompositeActor.java:1828)
	at ptolemy.actor.Manager.preinitializeAndResolveTypes(Manager.java:1040)
	at ptolemy.actor.Manager.initialize(Manager.java:710)
	at ptolemy.actor.Manager.execute(Manager.java:356)
	at ptolemy.actor.Manager.run(Manager.java:1263)
	at ptolemy.actor.Manager$PtolemyRunThread.run(Manager.java:1915)
Caused by: ptolemy.kernel.util.IllegalActionException: The SDF rate parameter may change. This is not allowed in SDF models that will be run through the code generator.  If you don't care about code generation, then you might consider setting the allowRateChanges parameter of the SDF director to false.
  in .badRateChanges2.typed composite actor.Repeat.output.tokenProductionRate
	at ptolemy.domains.sdf.kernel.SDFScheduler._assertDynamicRateVariable(SDFScheduler.java:931)
	at ptolemy.domains.sdf.kernel.SDFScheduler._checkDynamicRateVariables(SDFScheduler.java:339)
	at ptolemy.domains.sdf.kernel.SDFScheduler._getSchedule(SDFScheduler.java:527)
	at ptolemy.actor.sched.Scheduler.getSchedule(Scheduler.java:189)
	at ptolemy.domains.sdf.kernel.SDFDirector.createSchedule(SDFDirector.java:408)
	... 11 more
java.lang.RuntimeException: Execution failed
	at ptolemy.moml.MoMLSimpleApplication$UnloadThread.run(MoMLSimpleApplication.java:402)
Caused by: ptolemy.actor.sched.NotSchedulableException: Actors remain that cannot be scheduled!

There are several possible reasons:
* SDF Graphs with feedback loops should have an actor with a delay in the loop, such as a SampleDelay.
* The SDF director has an "allowDisconnectedGraphs"parameter, which, when true, permits disconnected SDF graphs.
* The token consumption rate and production rates might be mismatched.
Usually, actors produce one token or consume one token on a port.  To produce or consume multiple tokens per firing, add a "tokenConsumptionRate" or "tokenProductionRate" parameter to the appropriate port.
Unscheduled actors:
.partiallyConnected.Const2 
Scheduled actors:
.partiallyConnected.Const 
  in .partiallyConnected.SDF Director.Scheduler
	at ptolemy.domains.sdf.kernel.SDFScheduler._scheduleConnectedActors(SDFScheduler.java:1828)
	at ptolemy.domains.sdf.kernel.SDFScheduler._getSchedule(SDFScheduler.java:587)
	at ptolemy.actor.sched.Scheduler.getSchedule(Scheduler.java:189)
	at ptolemy.domains.sdf.kernel.SDFDirector.createSchedule(SDFDirector.java:408)
	at ptolemy.domains.sdf.kernel.SDFDirector.preinitialize(SDFDirector.java:764)
	at ptolemy.actor.CompositeActor.preinitialize(CompositeActor.java:1828)
	at ptolemy.actor.Manager.preinitializeAndResolveTypes(Manager.java:1040)
	at ptolemy.actor.Manager.initialize(Manager.java:710)
	at ptolemy.actor.Manager.execute(Manager.java:356)
	at ptolemy.actor.Manager.run(Manager.java:1263)
	at ptolemy.actor.Manager$PtolemyRunThread.run(Manager.java:1915)
]]></system-err>
</testsuite>
