<?xml version="1.0" encoding="UTF-8" ?>
<testsuite errors="0" failures="0" hostname="travis-job-cf060f45-8a98-4d6b-bd77-136ed29ca0ff" name="ptolemy.domains.continuous.test.junit.JUnitTclTest" skipped="0" tests="156" time="70.506" timestamp="2019-01-15T03:17:32">
  <properties>
[...]
</properties>
  <testcase classname="ptolemy.util.test.junit.TclTests" name="[0] ThereAreNoTclTests (RunTclFile)" time="0.001" />
  <testcase classname="ptolemy.util.test.junit.AutoKnownFailedTests" name="[0] ThereAreNoKnowFailedTests (RunModel)" time="0.001" />
  <testcase classname="ptolemy.util.test.junit.AutoNameArchTests" name="[0] ThereAreNoAutoArchTests (RunModel)" time="0.001" />
  <testcase classname="ptolemy.util.test.junit.AutoTests" name="[0] /home/travis/build/icyphy/ptII/ptolemy/domains/continuous/test/auto/BouncingBall.xml (RunModel)" time="2.775" />
  <testcase classname="ptolemy.util.test.junit.AutoTests" name="[1] /home/travis/build/icyphy/ptII/ptolemy/domains/continuous/test/auto/BouncingBallWithoutGR.xml (RunModel)" time="0.767" />
  <testcase classname="ptolemy.util.test.junit.AutoTests" name="[2] /home/travis/build/icyphy/ptII/ptolemy/domains/continuous/test/auto/Brownian.xml (RunModel)" time="0.111" />
  <testcase classname="ptolemy.util.test.junit.AutoTests" name="[3] /home/travis/build/icyphy/ptII/ptolemy/domains/continuous/test/auto/CarTracking.xml (RunModel)" time="3.781" />
  <testcase classname="ptolemy.util.test.junit.AutoTests" name="[4] /home/travis/build/icyphy/ptII/ptolemy/domains/continuous/test/auto/CartPendulum.xml (RunModel)" time="0.578" />
  <testcase classname="ptolemy.util.test.junit.AutoTests" name="[5] /home/travis/build/icyphy/ptII/ptolemy/domains/continuous/test/auto/CausalityInterface10.xml (RunModel)" time="0.04" />
  <testcase classname="ptolemy.util.test.junit.AutoTests" name="[6] /home/travis/build/icyphy/ptII/ptolemy/domains/continuous/test/auto/CausalityInterface11.xml (RunModel)" time="0.024" />
  <testcase classname="ptolemy.util.test.junit.AutoTests" name="[7] /home/travis/build/icyphy/ptII/ptolemy/domains/continuous/test/auto/CausalityInterface12.xml (RunModel)" time="0.038" />
  <testcase classname="ptolemy.util.test.junit.AutoTests" name="[8] /home/travis/build/icyphy/ptII/ptolemy/domains/continuous/test/auto/CausalityInterface13.xml (RunModel)" time="0.037" />
  <testcase classname="ptolemy.util.test.junit.AutoTests" name="[9] /home/travis/build/icyphy/ptII/ptolemy/domains/continuous/test/auto/CausalityInterface14.xml (RunModel)" time="0.026" />
  <testcase classname="ptolemy.util.test.junit.AutoTests" name="[10] /home/travis/build/icyphy/ptII/ptolemy/domains/continuous/test/auto/CausalityInterface4.xml (RunModel)" time="0.044" />
  <testcase classname="ptolemy.util.test.junit.AutoTests" name="[11] /home/travis/build/icyphy/ptII/ptolemy/domains/continuous/test/auto/CausalityInterface5.xml (RunModel)" time="0.044" />
  <testcase classname="ptolemy.util.test.junit.AutoTests" name="[12] /home/travis/build/icyphy/ptII/ptolemy/domains/continuous/test/auto/CausalityInterface6.xml (RunModel)" time="0.032" />
  <testcase classname="ptolemy.util.test.junit.AutoTests" name="[13] /home/travis/build/icyphy/ptII/ptolemy/domains/continuous/test/auto/CausalityInterface7.xml (RunModel)" time="0.046" />
  <testcase classname="ptolemy.util.test.junit.AutoTests" name="[14] /home/travis/build/icyphy/ptII/ptolemy/domains/continuous/test/auto/CausalityInterface8.xml (RunModel)" time="0.045" />
  <testcase classname="ptolemy.util.test.junit.AutoTests" name="[15] /home/travis/build/icyphy/ptII/ptolemy/domains/continuous/test/auto/CausalityInterface9.xml (RunModel)" time="0.047" />
  <testcase classname="ptolemy.util.test.junit.AutoTests" name="[16] /home/travis/build/icyphy/ptII/ptolemy/domains/continuous/test/auto/CausalityInterfaceFeedback1.xml (RunModel)" time="0.037" />
  <testcase classname="ptolemy.util.test.junit.AutoTests" name="[17] /home/travis/build/icyphy/ptII/ptolemy/domains/continuous/test/auto/CausalityInterfaceFeedback2.xml (RunModel)" time="0.034" />
  <testcase classname="ptolemy.util.test.junit.AutoTests" name="[18] /home/travis/build/icyphy/ptII/ptolemy/domains/continuous/test/auto/CompareWithCurrentTime.xml (RunModel)" time="0.016" />
  <testcase classname="ptolemy.util.test.junit.AutoTests" name="[19] /home/travis/build/icyphy/ptII/ptolemy/domains/continuous/test/auto/ComparedClocks.xml (RunModel)" time="0.056" />
  <testcase classname="ptolemy.util.test.junit.AutoTests" name="[20] /home/travis/build/icyphy/ptII/ptolemy/domains/continuous/test/auto/ContinuousAOCClone.xml (RunModel)" time="2.606" />
  <testcase classname="ptolemy.util.test.junit.AutoTests" name="[21] /home/travis/build/icyphy/ptII/ptolemy/domains/continuous/test/auto/ContinuousClock.xml (RunModel)" time="0.09" />
  <testcase classname="ptolemy.util.test.junit.AutoTests" name="[22] /home/travis/build/icyphy/ptII/ptolemy/domains/continuous/test/auto/ContinuousInContinuous.xml (RunModel)" time="0.072" />
  <testcase classname="ptolemy.util.test.junit.AutoTests" name="[23] /home/travis/build/icyphy/ptII/ptolemy/domains/continuous/test/auto/ContinuousInContinuousInContinuous.xml (RunModel)" time="0.029" />
  <testcase classname="ptolemy.util.test.junit.AutoTests" name="[24] /home/travis/build/icyphy/ptII/ptolemy/domains/continuous/test/auto/ContinuousInDE.xml (RunModel)" time="0.144" />
  <testcase classname="ptolemy.util.test.junit.AutoTests" name="[25] /home/travis/build/icyphy/ptII/ptolemy/domains/continuous/test/auto/ContinuousInDE2.xml (RunModel)" time="0.064" />
  <testcase classname="ptolemy.util.test.junit.AutoTests" name="[26] /home/travis/build/icyphy/ptII/ptolemy/domains/continuous/test/auto/ContinuousInDE3.xml (RunModel)" time="0.066" />
  <testcase classname="ptolemy.util.test.junit.AutoTests" name="[27] /home/travis/build/icyphy/ptII/ptolemy/domains/continuous/test/auto/ContinuousInDE4.xml (RunModel)" time="0.046" />
  <testcase classname="ptolemy.util.test.junit.AutoTests" name="[28] /home/travis/build/icyphy/ptII/ptolemy/domains/continuous/test/auto/ContinuousInDEDifferentRefinements.xml (RunModel)" time="0.105" />
  <testcase classname="ptolemy.util.test.junit.AutoTests" name="[29] /home/travis/build/icyphy/ptII/ptolemy/domains/continuous/test/auto/ContinuousInDEDifferentRefinementsPreemptive.xml (RunModel)" time="0.085" />
  <testcase classname="ptolemy.util.test.junit.AutoTests" name="[30] /home/travis/build/icyphy/ptII/ptolemy/domains/continuous/test/auto/ContinuousInDEInContinuous2.xml (RunModel)" time="0.063" />
  <testcase classname="ptolemy.util.test.junit.AutoTests" name="[31] /home/travis/build/icyphy/ptII/ptolemy/domains/continuous/test/auto/ContinuousInDEInContinuous3.xml (RunModel)" time="0.058" />
  <testcase classname="ptolemy.util.test.junit.AutoTests" name="[32] /home/travis/build/icyphy/ptII/ptolemy/domains/continuous/test/auto/ContinuousInDEInput.xml (RunModel)" time="0.034" />
  <testcase classname="ptolemy.util.test.junit.AutoTests" name="[33] /home/travis/build/icyphy/ptII/ptolemy/domains/continuous/test/auto/ContinuousInDEInput2.xml (RunModel)" time="0.033" />
  <testcase classname="ptolemy.util.test.junit.AutoTests" name="[34] /home/travis/build/icyphy/ptII/ptolemy/domains/continuous/test/auto/ContinuousInDEInput3.xml (RunModel)" time="0.029" />
  <testcase classname="ptolemy.util.test.junit.AutoTests" name="[35] /home/travis/build/icyphy/ptII/ptolemy/domains/continuous/test/auto/ContinuousInDESharingRefinement.xml (RunModel)" time="0.189" />
  <testcase classname="ptolemy.util.test.junit.AutoTests" name="[36] /home/travis/build/icyphy/ptII/ptolemy/domains/continuous/test/auto/ContinuousInDEwithNoPorts.xml (RunModel)" time="0.016" />
  <testcase classname="ptolemy.util.test.junit.AutoTests" name="[37] /home/travis/build/icyphy/ptII/ptolemy/domains/continuous/test/auto/ContinuousInsideDE.xml (RunModel)" time="0.084" />
  <testcase classname="ptolemy.util.test.junit.AutoTests" name="[38] /home/travis/build/icyphy/ptII/ptolemy/domains/continuous/test/auto/ContinuousMerge1.xml (RunModel)" time="0.016" />
  <testcase classname="ptolemy.util.test.junit.AutoTests" name="[39] /home/travis/build/icyphy/ptII/ptolemy/domains/continuous/test/auto/ContinuousMerge2.xml (RunModel)" time="0.066" />
  <testcase classname="ptolemy.util.test.junit.AutoTests" name="[40] /home/travis/build/icyphy/ptII/ptolemy/domains/continuous/test/auto/ContinuousMerge3.xml (RunModel)" time="0.07" />
  <testcase classname="ptolemy.util.test.junit.AutoTests" name="[41] /home/travis/build/icyphy/ptII/ptolemy/domains/continuous/test/auto/ContinuousWithinContinuous.xml (RunModel)" time="0.06" />
  <testcase classname="ptolemy.util.test.junit.AutoTests" name="[42] /home/travis/build/icyphy/ptII/ptolemy/domains/continuous/test/auto/ContinuousWithinContinuous2.xml (RunModel)" time="0.093" />
  <testcase classname="ptolemy.util.test.junit.AutoTests" name="[43] /home/travis/build/icyphy/ptII/ptolemy/domains/continuous/test/auto/ContinuousWithinContinuous3.xml (RunModel)" time="0.041" />
  <testcase classname="ptolemy.util.test.junit.AutoTests" name="[44] /home/travis/build/icyphy/ptII/ptolemy/domains/continuous/test/auto/ContinuousWithinContinuous4.xml (RunModel)" time="0.08" />
  <testcase classname="ptolemy.util.test.junit.AutoTests" name="[45] /home/travis/build/icyphy/ptII/ptolemy/domains/continuous/test/auto/ContinuousWithinContinuous5.xml (RunModel)" time="0.026" />
  <testcase classname="ptolemy.util.test.junit.AutoTests" name="[46] /home/travis/build/icyphy/ptII/ptolemy/domains/continuous/test/auto/ContinuousWithinContinuous6.xml (RunModel)" time="0.027" />
  <testcase classname="ptolemy.util.test.junit.AutoTests" name="[47] /home/travis/build/icyphy/ptII/ptolemy/domains/continuous/test/auto/ContinuousWithinContinuous7.xml (RunModel)" time="0.064" />
  <testcase classname="ptolemy.util.test.junit.AutoTests" name="[48] /home/travis/build/icyphy/ptII/ptolemy/domains/continuous/test/auto/DCMotor.xml (RunModel)" time="12.081" />
  <testcase classname="ptolemy.util.test.junit.AutoTests" name="[49] /home/travis/build/icyphy/ptII/ptolemy/domains/continuous/test/auto/DEInContinuous.xml (RunModel)" time="0.03" />
  <testcase classname="ptolemy.util.test.junit.AutoTests" name="[50] /home/travis/build/icyphy/ptII/ptolemy/domains/continuous/test/auto/DEinContinuous2.xml (RunModel)" time="0.022" />
  <testcase classname="ptolemy.util.test.junit.AutoTests" name="[51] /home/travis/build/icyphy/ptII/ptolemy/domains/continuous/test/auto/Derivative.xml (RunModel)" time="0.201" />
  <testcase classname="ptolemy.util.test.junit.AutoTests" name="[52] /home/travis/build/icyphy/ptII/ptolemy/domains/continuous/test/auto/Derivative1.xml (RunModel)" time="0.071" />
  <testcase classname="ptolemy.util.test.junit.AutoTests" name="[53] /home/travis/build/icyphy/ptII/ptolemy/domains/continuous/test/auto/DiscreteClock.xml (RunModel)" time="0.013" />
  <testcase classname="ptolemy.util.test.junit.AutoTests" name="[54] /home/travis/build/icyphy/ptII/ptolemy/domains/continuous/test/auto/EfficiencyCurve.xml (RunModel)" time="0.111" />
  <testcase classname="ptolemy.util.test.junit.AutoTests" name="[55] /home/travis/build/icyphy/ptII/ptolemy/domains/continuous/test/auto/ExponentialResponse.xml (RunModel)" time="0.097" />
  <testcase classname="ptolemy.util.test.junit.AutoTests" name="[56] /home/travis/build/icyphy/ptII/ptolemy/domains/continuous/test/auto/ExponentialResponseRK45.xml (RunModel)" time="0.036" />
  <testcase classname="ptolemy.util.test.junit.AutoTests" name="[57] /home/travis/build/icyphy/ptII/ptolemy/domains/continuous/test/auto/Friction.xml (RunModel)" time="1.405" />
  <testcase classname="ptolemy.util.test.junit.AutoTests" name="[58] /home/travis/build/icyphy/ptII/ptolemy/domains/continuous/test/auto/FurutaPendulum.xml (RunModel)" time="3.563" />
  <testcase classname="ptolemy.util.test.junit.AutoTests" name="[59] /home/travis/build/icyphy/ptII/ptolemy/domains/continuous/test/auto/HierarchicalExecution.xml (RunModel)" time="1.991" />
  <testcase classname="ptolemy.util.test.junit.AutoTests" name="[60] /home/travis/build/icyphy/ptII/ptolemy/domains/continuous/test/auto/HybridPlant.xml (RunModel)" time="0.507" />
  <testcase classname="ptolemy.util.test.junit.AutoTests" name="[61] /home/travis/build/icyphy/ptII/ptolemy/domains/continuous/test/auto/Hysteresis.xml (RunModel)" time="0.179" />
  <testcase classname="ptolemy.util.test.junit.AutoTests" name="[62] /home/travis/build/icyphy/ptII/ptolemy/domains/continuous/test/auto/HysteresisWithRandomDelay.xml (RunModel)" time="0.205" />
  <testcase classname="ptolemy.util.test.junit.AutoTests" name="[63] /home/travis/build/icyphy/ptII/ptolemy/domains/continuous/test/auto/HysteresisWithRandomLosses.xml (RunModel)" time="2.214" />
  <testcase classname="ptolemy.util.test.junit.AutoTests" name="[64] /home/travis/build/icyphy/ptII/ptolemy/domains/continuous/test/auto/ImmediateTransitions.xml (RunModel)" time="0.032" />
  <testcase classname="ptolemy.util.test.junit.AutoTests" name="[65] /home/travis/build/icyphy/ptII/ptolemy/domains/continuous/test/auto/ImpulseFeedback.xml (RunModel)" time="0.025" />
  <testcase classname="ptolemy.util.test.junit.AutoTests" name="[66] /home/travis/build/icyphy/ptII/ptolemy/domains/continuous/test/auto/ImpulseFeedback2.xml (RunModel)" time="0.018" />
  <testcase classname="ptolemy.util.test.junit.AutoTests" name="[67] /home/travis/build/icyphy/ptII/ptolemy/domains/continuous/test/auto/IncreasingRatePoisson.xml (RunModel)" time="0.668" />
  <testcase classname="ptolemy.util.test.junit.AutoTests" name="[68] /home/travis/build/icyphy/ptII/ptolemy/domains/continuous/test/auto/InitialStateFeedback.xml (RunModel)" time="0.03" />
  <testcase classname="ptolemy.util.test.junit.AutoTests" name="[69] /home/travis/build/icyphy/ptII/ptolemy/domains/continuous/test/auto/Integration.xml (RunModel)" time="0.012" />
  <testcase classname="ptolemy.util.test.junit.AutoTests" name="[70] /home/travis/build/icyphy/ptII/ptolemy/domains/continuous/test/auto/Integration2.xml (RunModel)" time="0.099" />
  <testcase classname="ptolemy.util.test.junit.AutoTests" name="[71] /home/travis/build/icyphy/ptII/ptolemy/domains/continuous/test/auto/Integration3.xml (RunModel)" time="0.013" />
  <testcase classname="ptolemy.util.test.junit.AutoTests" name="[72] /home/travis/build/icyphy/ptII/ptolemy/domains/continuous/test/auto/Integration5.xml (RunModel)" time="0.009" />
  <testcase classname="ptolemy.util.test.junit.AutoTests" name="[73] /home/travis/build/icyphy/ptII/ptolemy/domains/continuous/test/auto/IntegratorImpulse.xml (RunModel)" time="0.007" />
  <testcase classname="ptolemy.util.test.junit.AutoTests" name="[74] /home/travis/build/icyphy/ptII/ptolemy/domains/continuous/test/auto/IntegratorImpulse2.xml (RunModel)" time="0.011" />
  <testcase classname="ptolemy.util.test.junit.AutoTests" name="[75] /home/travis/build/icyphy/ptII/ptolemy/domains/continuous/test/auto/LevelCrossing1.xml (RunModel)" time="0.01" />
  <testcase classname="ptolemy.util.test.junit.AutoTests" name="[76] /home/travis/build/icyphy/ptII/ptolemy/domains/continuous/test/auto/LevelCrossing2.xml (RunModel)" time="0.015" />
  <testcase classname="ptolemy.util.test.junit.AutoTests" name="[77] /home/travis/build/icyphy/ptII/ptolemy/domains/continuous/test/auto/LevelCrossing3.xml (RunModel)" time="0.01" />
  <testcase classname="ptolemy.util.test.junit.AutoTests" name="[78] /home/travis/build/icyphy/ptII/ptolemy/domains/continuous/test/auto/LevelCrossing4.xml (RunModel)" time="0.011" />
  <testcase classname="ptolemy.util.test.junit.AutoTests" name="[79] /home/travis/build/icyphy/ptII/ptolemy/domains/continuous/test/auto/LevelCrossing5.xml (RunModel)" time="0.011" />
  <testcase classname="ptolemy.util.test.junit.AutoTests" name="[80] /home/travis/build/icyphy/ptII/ptolemy/domains/continuous/test/auto/LevelCrossing6.xml (RunModel)" time="0.012" />
  <testcase classname="ptolemy.util.test.junit.AutoTests" name="[81] /home/travis/build/icyphy/ptII/ptolemy/domains/continuous/test/auto/LevelCrossingDetector.xml (RunModel)" time="0.045" />
  <testcase classname="ptolemy.util.test.junit.AutoTests" name="[82] /home/travis/build/icyphy/ptII/ptolemy/domains/continuous/test/auto/LevelCrossingDetectorDetectingDirections.xml (RunModel)" time="0.081" />
  <testcase classname="ptolemy.util.test.junit.AutoTests" name="[83] /home/travis/build/icyphy/ptII/ptolemy/domains/continuous/test/auto/LevelCrossingDetectorDetectsGlitches.xml (RunModel)" time="0.056" />
  <testcase classname="ptolemy.util.test.junit.AutoTests" name="[84] /home/travis/build/icyphy/ptII/ptolemy/domains/continuous/test/auto/LevelCrossingNoInitialOuput.xml (RunModel)" time="0.011" />
  <testcase classname="ptolemy.util.test.junit.AutoTests" name="[85] /home/travis/build/icyphy/ptII/ptolemy/domains/continuous/test/auto/LinearStateSpaceExample.xml (RunModel)" time="0.046" />
  <testcase classname="ptolemy.util.test.junit.AutoTests" name="[86] /home/travis/build/icyphy/ptII/ptolemy/domains/continuous/test/auto/Lorenz.xml (RunModel)" time="3.984" />
  <testcase classname="ptolemy.util.test.junit.AutoTests" name="[87] /home/travis/build/icyphy/ptII/ptolemy/domains/continuous/test/auto/LorenzDifferentialSystem.xml (RunModel)" time="1.147" />
  <testcase classname="ptolemy.util.test.junit.AutoTests" name="[88] /home/travis/build/icyphy/ptII/ptolemy/domains/continuous/test/auto/LorenzDifferentialSystemWithInput.xml (RunModel)" time="1.322" />
  <testcase classname="ptolemy.util.test.junit.AutoTests" name="[89] /home/travis/build/icyphy/ptII/ptolemy/domains/continuous/test/auto/LorenzDifferentialSystemWithTime.xml (RunModel)" time="0.686" />
  <testcase classname="ptolemy.util.test.junit.AutoTests" name="[90] /home/travis/build/icyphy/ptII/ptolemy/domains/continuous/test/auto/Microsteps.xml (RunModel)" time="0.016" />
  <testcase classname="ptolemy.util.test.junit.AutoTests" name="[91] /home/travis/build/icyphy/ptII/ptolemy/domains/continuous/test/auto/Modal1.xml (RunModel)" time="0.086" />
  <testcase classname="ptolemy.util.test.junit.AutoTests" name="[92] /home/travis/build/icyphy/ptII/ptolemy/domains/continuous/test/auto/Modal2.xml (RunModel)" time="0.062" />
  <testcase classname="ptolemy.util.test.junit.AutoTests" name="[93] /home/travis/build/icyphy/ptII/ptolemy/domains/continuous/test/auto/ModalTransitionGuardWithReset.xml (RunModel)" time="0.03" />
  <testcase classname="ptolemy.util.test.junit.AutoTests" name="[94] /home/travis/build/icyphy/ptII/ptolemy/domains/continuous/test/auto/ModalTransitionGuardWithResetUsingPreemptiveTransition.xml (RunModel)" time="0.025" />
  <testcase classname="ptolemy.util.test.junit.AutoTests" name="[95] /home/travis/build/icyphy/ptII/ptolemy/domains/continuous/test/auto/ModalTransitionGuardWithResetUsingPreemptiveTransition2.xml (RunModel)" time="0.021" />
  <testcase classname="ptolemy.util.test.junit.AutoTests" name="[96] /home/travis/build/icyphy/ptII/ptolemy/domains/continuous/test/auto/ModalTransitionGuardWithResetUsingPreemptiveTransition3.xml (RunModel)" time="0.026" />
  <testcase classname="ptolemy.util.test.junit.AutoTests" name="[97] /home/travis/build/icyphy/ptII/ptolemy/domains/continuous/test/auto/NewtonsCradle.xml (RunModel)" time="0.798" />
  <testcase classname="ptolemy.util.test.junit.AutoTests" name="[98] /home/travis/build/icyphy/ptII/ptolemy/domains/continuous/test/auto/NewtonsCradleAnimated.xml (RunModel)" time="1.137" />
  <testcase classname="ptolemy.util.test.junit.AutoTests" name="[99] /home/travis/build/icyphy/ptII/ptolemy/domains/continuous/test/auto/NewtonsCradleComplicated.xml (RunModel)" time="0.883" />
  <testcase classname="ptolemy.util.test.junit.AutoTests" name="[100] /home/travis/build/icyphy/ptII/ptolemy/domains/continuous/test/auto/NewtonsCradleNondeterministic.xml (RunModel)" time="0.667" />
  <testcase classname="ptolemy.util.test.junit.AutoTests" name="[101] /home/travis/build/icyphy/ptII/ptolemy/domains/continuous/test/auto/NewtonsCradlePerfectlyInelastic1.xml (RunModel)" time="1.119" />
  <testcase classname="ptolemy.util.test.junit.AutoTests" name="[102] /home/travis/build/icyphy/ptII/ptolemy/domains/continuous/test/auto/Noise.xml (RunModel)" time="0.18" />
  <testcase classname="ptolemy.util.test.junit.AutoTests" name="[103] /home/travis/build/icyphy/ptII/ptolemy/domains/continuous/test/auto/NoiseSpectrum.xml (RunModel)" time="0.759" />
  <testcase classname="ptolemy.util.test.junit.AutoTests" name="[104] /home/travis/build/icyphy/ptII/ptolemy/domains/continuous/test/auto/ParameterizedNewtonsCradleAnimated.xml (RunModel)" time="0.323" />
  <testcase classname="ptolemy.util.test.junit.AutoTests" name="[105] /home/travis/build/icyphy/ptII/ptolemy/domains/continuous/test/auto/ParameterizedNewtonsCradleAnimatedNondeterministic.xml (RunModel)" time="1.097" />
  <testcase classname="ptolemy.util.test.junit.AutoTests" name="[106] /home/travis/build/icyphy/ptII/ptolemy/domains/continuous/test/auto/Pendulum3D.xml (RunModel)" time="0.202" />
  <testcase classname="ptolemy.util.test.junit.AutoTests" name="[107] /home/travis/build/icyphy/ptII/ptolemy/domains/continuous/test/auto/PeriodicSampler.xml (RunModel)" time="0.011" />
  <testcase classname="ptolemy.util.test.junit.AutoTests" name="[108] /home/travis/build/icyphy/ptII/ptolemy/domains/continuous/test/auto/PeriodicSampler1.xml (RunModel)" time="0.049" />
  <testcase classname="ptolemy.util.test.junit.AutoTests" name="[109] /home/travis/build/icyphy/ptII/ptolemy/domains/continuous/test/auto/PeriodicSampler2.xml (RunModel)" time="0.065" />
  <testcase classname="ptolemy.util.test.junit.AutoTests" name="[110] /home/travis/build/icyphy/ptII/ptolemy/domains/continuous/test/auto/Poisson.xml (RunModel)" time="0.447" />
  <testcase classname="ptolemy.util.test.junit.AutoTests" name="[111] /home/travis/build/icyphy/ptII/ptolemy/domains/continuous/test/auto/PoissonClock.xml (RunModel)" time="0.022" />
  <testcase classname="ptolemy.util.test.junit.AutoTests" name="[112] /home/travis/build/icyphy/ptII/ptolemy/domains/continuous/test/auto/PoissonClock2.xml (RunModel)" time="0.013" />
  <testcase classname="ptolemy.util.test.junit.AutoTests" name="[113] /home/travis/build/icyphy/ptII/ptolemy/domains/continuous/test/auto/PortParameterHierarchy.xml (RunModel)" time="0.021" />
  <testcase classname="ptolemy.util.test.junit.AutoTests" name="[114] /home/travis/build/icyphy/ptII/ptolemy/domains/continuous/test/auto/RandomHybridPlant.xml (RunModel)" time="0.482" />
  <testcase classname="ptolemy.util.test.junit.AutoTests" name="[115] /home/travis/build/icyphy/ptII/ptolemy/domains/continuous/test/auto/ResetTransitionWithStartTime1.xml (RunModel)" time="0.037" />
  <testcase classname="ptolemy.util.test.junit.AutoTests" name="[116] /home/travis/build/icyphy/ptII/ptolemy/domains/continuous/test/auto/ResetTransitionWithStartTime2.xml (RunModel)" time="0.035" />
  <testcase classname="ptolemy.util.test.junit.AutoTests" name="[117] /home/travis/build/icyphy/ptII/ptolemy/domains/continuous/test/auto/ResetTransitionWithStartTime3.xml (RunModel)" time="0.033" />
  <testcase classname="ptolemy.util.test.junit.AutoTests" name="[118] /home/travis/build/icyphy/ptII/ptolemy/domains/continuous/test/auto/ResetTransitionWithStartTime4.xml (RunModel)" time="0.021" />
  <testcase classname="ptolemy.util.test.junit.AutoTests" name="[119] /home/travis/build/icyphy/ptII/ptolemy/domains/continuous/test/auto/ResetTransitionWithStartTime5.xml (RunModel)" time="0.035" />
  <testcase classname="ptolemy.util.test.junit.AutoTests" name="[120] /home/travis/build/icyphy/ptII/ptolemy/domains/continuous/test/auto/ResetTransitionWithStartTime6.xml (RunModel)" time="0.027" />
  <testcase classname="ptolemy.util.test.junit.AutoTests" name="[121] /home/travis/build/icyphy/ptII/ptolemy/domains/continuous/test/auto/SRinContinuous.xml (RunModel)" time="0.022" />
  <testcase classname="ptolemy.util.test.junit.AutoTests" name="[122] /home/travis/build/icyphy/ptII/ptolemy/domains/continuous/test/auto/SampledClocks.xml (RunModel)" time="0.03" />
  <testcase classname="ptolemy.util.test.junit.AutoTests" name="[123] /home/travis/build/icyphy/ptII/ptolemy/domains/continuous/test/auto/Satellite.xml (RunModel)" time="0.797" />
  <testcase classname="ptolemy.util.test.junit.AutoTests" name="[124] /home/travis/build/icyphy/ptII/ptolemy/domains/continuous/test/auto/SigmaDelta.xml (RunModel)" time="2.346" />
  <testcase classname="ptolemy.util.test.junit.AutoTests" name="[125] /home/travis/build/icyphy/ptII/ptolemy/domains/continuous/test/auto/SingleRefinement.xml (RunModel)" time="0.504" />
  <testcase classname="ptolemy.util.test.junit.AutoTests" name="[126] /home/travis/build/icyphy/ptII/ptolemy/domains/continuous/test/auto/SinuBouncingBall.xml (RunModel)" time="0.846" />
  <testcase classname="ptolemy.util.test.junit.AutoTests" name="[127] /home/travis/build/icyphy/ptII/ptolemy/domains/continuous/test/auto/Sinusoid.xml (RunModel)" time="0.027" />
  <testcase classname="ptolemy.util.test.junit.AutoTests" name="[128] /home/travis/build/icyphy/ptII/ptolemy/domains/continuous/test/auto/SinusoidInNoise.xml (RunModel)" time="0.946" />
  <testcase classname="ptolemy.util.test.junit.AutoTests" name="[129] /home/travis/build/icyphy/ptII/ptolemy/domains/continuous/test/auto/SinusoidRK45.xml (RunModel)" time="0.012" />
  <testcase classname="ptolemy.util.test.junit.AutoTests" name="[130] /home/travis/build/icyphy/ptII/ptolemy/domains/continuous/test/auto/SinusoidWithMultipleImpulses.xml (RunModel)" time="0.01" />
  <testcase classname="ptolemy.util.test.junit.AutoTests" name="[131] /home/travis/build/icyphy/ptII/ptolemy/domains/continuous/test/auto/SquareWave.xml (RunModel)" time="0.192" />
  <testcase classname="ptolemy.util.test.junit.AutoTests" name="[132] /home/travis/build/icyphy/ptII/ptolemy/domains/continuous/test/auto/Starmac.xml (RunModel)" time="3.406" />
  <testcase classname="ptolemy.util.test.junit.AutoTests" name="[133] /home/travis/build/icyphy/ptII/ptolemy/domains/continuous/test/auto/StaticUnits.xml (RunModel)" time="2.397" />
  <testcase classname="ptolemy.util.test.junit.AutoTests" name="[134] /home/travis/build/icyphy/ptII/ptolemy/domains/continuous/test/auto/StickyMasses.xml (RunModel)" time="0.189" />
  <testcase classname="ptolemy.util.test.junit.AutoTests" name="[135] /home/travis/build/icyphy/ptII/ptolemy/domains/continuous/test/auto/StopTime.xml (RunModel)" time="0.055" />
  <testcase classname="ptolemy.util.test.junit.AutoTests" name="[136] /home/travis/build/icyphy/ptII/ptolemy/domains/continuous/test/auto/StopTime2.xml (RunModel)" time="0.049" />
  <testcase classname="ptolemy.util.test.junit.AutoTests" name="[137] /home/travis/build/icyphy/ptII/ptolemy/domains/continuous/test/auto/Switch.xml (RunModel)" time="0.061" />
  <testcase classname="ptolemy.util.test.junit.AutoTests" name="[138] /home/travis/build/icyphy/ptII/ptolemy/domains/continuous/test/auto/Thermostat.xml (RunModel)" time="0.193" />
  <testcase classname="ptolemy.util.test.junit.AutoTests" name="[139] /home/travis/build/icyphy/ptII/ptolemy/domains/continuous/test/auto/TimeDelay.xml (RunModel)" time="0.014" />
  <testcase classname="ptolemy.util.test.junit.AutoTests" name="[140] /home/travis/build/icyphy/ptII/ptolemy/domains/continuous/test/auto/TimeDelay2.xml (RunModel)" time="0.017" />
  <testcase classname="ptolemy.util.test.junit.AutoTests" name="[141] /home/travis/build/icyphy/ptII/ptolemy/domains/continuous/test/auto/TimeDelay3.xml (RunModel)" time="0.016" />
  <testcase classname="ptolemy.util.test.junit.AutoTests" name="[142] /home/travis/build/icyphy/ptII/ptolemy/domains/continuous/test/auto/TransferAbsentToInside.xml (RunModel)" time="0.101" />
  <testcase classname="ptolemy.util.test.junit.AutoTests" name="[143] /home/travis/build/icyphy/ptII/ptolemy/domains/continuous/test/auto/Transmission.xml (RunModel)" time="0.72" />
  <testcase classname="ptolemy.util.test.junit.AutoTests" name="[144] /home/travis/build/icyphy/ptII/ptolemy/domains/continuous/test/auto/TriggeredContinuousClock.xml (RunModel)" time="0.062" />
  <testcase classname="ptolemy.util.test.junit.AutoTests" name="[145] /home/travis/build/icyphy/ptII/ptolemy/domains/continuous/test/auto/TwoMachineInfiniteBusControl.xml (RunModel)" time="2.811" />
  <testcase classname="ptolemy.util.test.junit.AutoTests" name="[146] /home/travis/build/icyphy/ptII/ptolemy/domains/continuous/test/auto/V2V.xml (RunModel)" time="0.796" />
  <testcase classname="ptolemy.util.test.junit.AutoTests" name="[147] /home/travis/build/icyphy/ptII/ptolemy/domains/continuous/test/auto/hierarchicalModalModel.xml (RunModel)" time="0.038" />
  <testcase classname="ptolemy.util.test.junit.AutoTests" name="[148] /home/travis/build/icyphy/ptII/ptolemy/domains/continuous/test/auto/hierarchicalModalModel1.xml (RunModel)" time="0.033" />
  <testcase classname="ptolemy.util.test.junit.AutoTests" name="[149] /home/travis/build/icyphy/ptII/ptolemy/domains/continuous/test/auto/hierarchicalModalModel2.xml (RunModel)" time="0.027" />
  <testcase classname="ptolemy.util.test.junit.AutoTests" name="[150] /home/travis/build/icyphy/ptII/ptolemy/domains/continuous/test/auto/hierarchicalModalModel3.xml (RunModel)" time="0.023" />
  <testcase classname="ptolemy.util.test.junit.AutoTests" name="[151] /home/travis/build/icyphy/ptII/ptolemy/domains/continuous/test/auto/hierarchicalModalModel4.xml (RunModel)" time="0.024" />
  <testcase classname="ptolemy.util.test.junit.AutoTests" name="[152] /home/travis/build/icyphy/ptII/ptolemy/domains/continuous/test/auto/junk.xml (RunModel)" time="0.14" />
  <system-out><![CDATA[No tcl tests in /home/travis/build/icyphy/ptII/ptolemy/domains/continuous/test
No auto/knownFailedTests/*.xml tests in /home/travis/build/icyphy/ptII/ptolemy/domains/continuous/test
No auto/linux-amd64/*.xml tests in /home/travis/build/icyphy/ptII/ptolemy/domains/continuous/test
AutoTests.java: About to close Vertx.
AutoTests.java: Vertx closed.

===========================================================================================
----------------- testing Tue Jan 15 03:17:33 UTC 2019 /home/travis/build/icyphy/ptII/ptolemy/domains/continuous/test/auto/BouncingBall.xml
----------------- Instantiating /home/travis/build/icyphy/ptII/ptolemy/domains/continuous/test/auto/BouncingBall.xml
2317 ms. Memory: 331776K Free: 259484K (78%)
----------------- Invoking toplevel() on ptolemy.moml.MoMLSimpleApplication@38c9f905
----------------- Done invoking toplevel() on ptolemy.moml.MoMLSimpleApplication@38c9f905
reloadAllAccessors: .BouncingBall

===========================================================================================
----------------- testing Tue Jan 15 03:17:35 UTC 2019 /home/travis/build/icyphy/ptII/ptolemy/domains/continuous/test/auto/BouncingBallWithoutGR.xml
----------------- Instantiating /home/travis/build/icyphy/ptII/ptolemy/domains/continuous/test/auto/BouncingBallWithoutGR.xml
707 ms. Memory: 331776K Free: 315353K (95%)
----------------- Invoking toplevel() on ptolemy.moml.MoMLSimpleApplication@2abd6446
----------------- Done invoking toplevel() on ptolemy.moml.MoMLSimpleApplication@2abd6446
reloadAllAccessors: .BouncingBallWithoutGR

===========================================================================================
----------------- testing Tue Jan 15 03:17:36 UTC 2019 /home/travis/build/icyphy/ptII/ptolemy/domains/continuous/test/auto/Brownian.xml
----------------- Instantiating /home/travis/build/icyphy/ptII/ptolemy/domains/continuous/test/auto/Brownian.xml
30 ms. Memory: 331776K Free: 301431K (91%)
----------------- Invoking toplevel() on ptolemy.moml.MoMLSimpleApplication@67782cf
----------------- Done invoking toplevel() on ptolemy.moml.MoMLSimpleApplication@67782cf
reloadAllAccessors: .Brownian

===========================================================================================
----------------- testing Tue Jan 15 03:17:36 UTC 2019 /home/travis/build/icyphy/ptII/ptolemy/domains/continuous/test/auto/CarTracking.xml
----------------- Instantiating /home/travis/build/icyphy/ptII/ptolemy/domains/continuous/test/auto/CarTracking.xml
3351 ms. Memory: 578048K Free: 452864K (78%)
----------------- Invoking toplevel() on ptolemy.moml.MoMLSimpleApplication@21fd0a42
----------------- Done invoking toplevel() on ptolemy.moml.MoMLSimpleApplication@21fd0a42
reloadAllAccessors: .CarTracking

===========================================================================================
----------------- testing Tue Jan 15 03:17:40 UTC 2019 /home/travis/build/icyphy/ptII/ptolemy/domains/continuous/test/auto/CartPendulum.xml
----------------- Instantiating /home/travis/build/icyphy/ptII/ptolemy/domains/continuous/test/auto/CartPendulum.xml
411 ms. Memory: 578048K Free: 338435K (59%)
----------------- Invoking toplevel() on ptolemy.moml.MoMLSimpleApplication@5d406e5c
----------------- Done invoking toplevel() on ptolemy.moml.MoMLSimpleApplication@5d406e5c
reloadAllAccessors: .CartPendulum

===========================================================================================
----------------- testing Tue Jan 15 03:17:41 UTC 2019 /home/travis/build/icyphy/ptII/ptolemy/domains/continuous/test/auto/CausalityInterface10.xml
----------------- Instantiating /home/travis/build/icyphy/ptII/ptolemy/domains/continuous/test/auto/CausalityInterface10.xml
8 ms. Memory: 578048K Free: 325325K (56%)
----------------- Invoking toplevel() on ptolemy.moml.MoMLSimpleApplication@1576bb9e
----------------- Done invoking toplevel() on ptolemy.moml.MoMLSimpleApplication@1576bb9e
reloadAllAccessors: .CausalityInterface10

===========================================================================================
----------------- testing Tue Jan 15 03:17:41 UTC 2019 /home/travis/build/icyphy/ptII/ptolemy/domains/continuous/test/auto/CausalityInterface11.xml
----------------- Instantiating /home/travis/build/icyphy/ptII/ptolemy/domains/continuous/test/auto/CausalityInterface11.xml
4 ms. Memory: 578048K Free: 315488K (55%)
----------------- Invoking toplevel() on ptolemy.moml.MoMLSimpleApplication@4c09bb1b
----------------- Done invoking toplevel() on ptolemy.moml.MoMLSimpleApplication@4c09bb1b
reloadAllAccessors: .CausalityInterface11

===========================================================================================
----------------- testing Tue Jan 15 03:17:41 UTC 2019 /home/travis/build/icyphy/ptII/ptolemy/domains/continuous/test/auto/CausalityInterface12.xml
----------------- Instantiating /home/travis/build/icyphy/ptII/ptolemy/domains/continuous/test/auto/CausalityInterface12.xml
17 ms. Memory: 578048K Free: 305652K (53%)
----------------- Invoking toplevel() on ptolemy.moml.MoMLSimpleApplication@3e3b7392
----------------- Done invoking toplevel() on ptolemy.moml.MoMLSimpleApplication@3e3b7392
reloadAllAccessors: .CausalityInterface12

===========================================================================================
----------------- testing Tue Jan 15 03:17:41 UTC 2019 /home/travis/build/icyphy/ptII/ptolemy/domains/continuous/test/auto/CausalityInterface13.xml
----------------- Instantiating /home/travis/build/icyphy/ptII/ptolemy/domains/continuous/test/auto/CausalityInterface13.xml
7 ms. Memory: 578048K Free: 292623K (51%)
----------------- Invoking toplevel() on ptolemy.moml.MoMLSimpleApplication@ce0c5d8
----------------- Done invoking toplevel() on ptolemy.moml.MoMLSimpleApplication@ce0c5d8
reloadAllAccessors: .CausalityInterface13

===========================================================================================
----------------- testing Tue Jan 15 03:17:41 UTC 2019 /home/travis/build/icyphy/ptII/ptolemy/domains/continuous/test/auto/CausalityInterface14.xml
----------------- Instantiating /home/travis/build/icyphy/ptII/ptolemy/domains/continuous/test/auto/CausalityInterface14.xml
3 ms. Memory: 578048K Free: 282787K (49%)
----------------- Invoking toplevel() on ptolemy.moml.MoMLSimpleApplication@505e1c94
----------------- Done invoking toplevel() on ptolemy.moml.MoMLSimpleApplication@505e1c94
reloadAllAccessors: .CausalityInterface14

===========================================================================================
----------------- testing Tue Jan 15 03:17:41 UTC 2019 /home/travis/build/icyphy/ptII/ptolemy/domains/continuous/test/auto/CausalityInterface4.xml
----------------- Instantiating /home/travis/build/icyphy/ptII/ptolemy/domains/continuous/test/auto/CausalityInterface4.xml
10 ms. Memory: 578048K Free: 272951K (47%)
----------------- Invoking toplevel() on ptolemy.moml.MoMLSimpleApplication@26f2243
----------------- Done invoking toplevel() on ptolemy.moml.MoMLSimpleApplication@26f2243
reloadAllAccessors: .CausalityInterface4

===========================================================================================
----------------- testing Tue Jan 15 03:17:41 UTC 2019 /home/travis/build/icyphy/ptII/ptolemy/domains/continuous/test/auto/CausalityInterface5.xml
----------------- Instantiating /home/travis/build/icyphy/ptII/ptolemy/domains/continuous/test/auto/CausalityInterface5.xml
9 ms. Memory: 578048K Free: 259857K (45%)
----------------- Invoking toplevel() on ptolemy.moml.MoMLSimpleApplication@3381779a
----------------- Done invoking toplevel() on ptolemy.moml.MoMLSimpleApplication@3381779a
reloadAllAccessors: .CausalityInterface5

===========================================================================================
----------------- testing Tue Jan 15 03:17:41 UTC 2019 /home/travis/build/icyphy/ptII/ptolemy/domains/continuous/test/auto/CausalityInterface6.xml
----------------- Instantiating /home/travis/build/icyphy/ptII/ptolemy/domains/continuous/test/auto/CausalityInterface6.xml
9 ms. Memory: 578048K Free: 246828K (43%)
----------------- Invoking toplevel() on ptolemy.moml.MoMLSimpleApplication@1c0dc930
----------------- Done invoking toplevel() on ptolemy.moml.MoMLSimpleApplication@1c0dc930
reloadAllAccessors: .CausalityInterface6

===========================================================================================
----------------- testing Tue Jan 15 03:17:41 UTC 2019 /home/travis/build/icyphy/ptII/ptolemy/domains/continuous/test/auto/CausalityInterface7.xml
----------------- Instantiating /home/travis/build/icyphy/ptII/ptolemy/domains/continuous/test/auto/CausalityInterface7.xml
11 ms. Memory: 578048K Free: 233735K (40%)
----------------- Invoking toplevel() on ptolemy.moml.MoMLSimpleApplication@6bf3fa04
----------------- Done invoking toplevel() on ptolemy.moml.MoMLSimpleApplication@6bf3fa04
reloadAllAccessors: .CausalityInterface7

===========================================================================================
----------------- testing Tue Jan 15 03:17:41 UTC 2019 /home/travis/build/icyphy/ptII/ptolemy/domains/continuous/test/auto/CausalityInterface8.xml
----------------- Instantiating /home/travis/build/icyphy/ptII/ptolemy/domains/continuous/test/auto/CausalityInterface8.xml
8 ms. Memory: 578048K Free: 220625K (38%)
----------------- Invoking toplevel() on ptolemy.moml.MoMLSimpleApplication@6228d2e0
----------------- Done invoking toplevel() on ptolemy.moml.MoMLSimpleApplication@6228d2e0
reloadAllAccessors: .CausalityInterface8

===========================================================================================
----------------- testing Tue Jan 15 03:17:41 UTC 2019 /home/travis/build/icyphy/ptII/ptolemy/domains/continuous/test/auto/CausalityInterface9.xml
----------------- Instantiating /home/travis/build/icyphy/ptII/ptolemy/domains/continuous/test/auto/CausalityInterface9.xml
9 ms. Memory: 578048K Free: 204242K (35%)
----------------- Invoking toplevel() on ptolemy.moml.MoMLSimpleApplication@5e081ace
----------------- Done invoking toplevel() on ptolemy.moml.MoMLSimpleApplication@5e081ace
reloadAllAccessors: .CausalityInterface9

===========================================================================================
----------------- testing Tue Jan 15 03:17:41 UTC 2019 /home/travis/build/icyphy/ptII/ptolemy/domains/continuous/test/auto/CausalityInterfaceFeedback1.xml
----------------- Instantiating /home/travis/build/icyphy/ptII/ptolemy/domains/continuous/test/auto/CausalityInterfaceFeedback1.xml
7 ms. Memory: 578048K Free: 191213K (33%)
----------------- Invoking toplevel() on ptolemy.moml.MoMLSimpleApplication@cde9ee9
----------------- Done invoking toplevel() on ptolemy.moml.MoMLSimpleApplication@cde9ee9
reloadAllAccessors: .CausalityInterfaceFeedback1

===========================================================================================
----------------- testing Tue Jan 15 03:17:41 UTC 2019 /home/travis/build/icyphy/ptII/ptolemy/domains/continuous/test/auto/CausalityInterfaceFeedback2.xml
----------------- Instantiating /home/travis/build/icyphy/ptII/ptolemy/domains/continuous/test/auto/CausalityInterfaceFeedback2.xml
7 ms. Memory: 578048K Free: 181377K (31%)
----------------- Invoking toplevel() on ptolemy.moml.MoMLSimpleApplication@24b83562
----------------- Done invoking toplevel() on ptolemy.moml.MoMLSimpleApplication@24b83562
reloadAllAccessors: .CausalityInterfaceFeedback2

===========================================================================================
----------------- testing Tue Jan 15 03:17:41 UTC 2019 /home/travis/build/icyphy/ptII/ptolemy/domains/continuous/test/auto/CompareWithCurrentTime.xml
----------------- Instantiating /home/travis/build/icyphy/ptII/ptolemy/domains/continuous/test/auto/CompareWithCurrentTime.xml
3 ms. Memory: 578048K Free: 174830K (30%)
----------------- Invoking toplevel() on ptolemy.moml.MoMLSimpleApplication@589c0561
----------------- Done invoking toplevel() on ptolemy.moml.MoMLSimpleApplication@589c0561
reloadAllAccessors: .CompareWithCurrentTime

===========================================================================================
----------------- testing Tue Jan 15 03:17:41 UTC 2019 /home/travis/build/icyphy/ptII/ptolemy/domains/continuous/test/auto/ComparedClocks.xml
----------------- Instantiating /home/travis/build/icyphy/ptII/ptolemy/domains/continuous/test/auto/ComparedClocks.xml
5 ms. Memory: 578048K Free: 155174K (27%)
----------------- Invoking toplevel() on ptolemy.moml.MoMLSimpleApplication@50d90adb
----------------- Done invoking toplevel() on ptolemy.moml.MoMLSimpleApplication@50d90adb
reloadAllAccessors: .ComparedClocks

===========================================================================================
----------------- testing Tue Jan 15 03:17:41 UTC 2019 /home/travis/build/icyphy/ptII/ptolemy/domains/continuous/test/auto/ContinuousAOCClone.xml
----------------- Instantiating /home/travis/build/icyphy/ptII/ptolemy/domains/continuous/test/auto/ContinuousAOCClone.xml
2405 ms. Memory: 872448K Free: 422341K (48%)
----------------- Invoking toplevel() on ptolemy.moml.MoMLSimpleApplication@1fc056a6
----------------- Done invoking toplevel() on ptolemy.moml.MoMLSimpleApplication@1fc056a6
reloadAllAccessors: .ContinuousAOCClone

===========================================================================================
----------------- testing Tue Jan 15 03:17:44 UTC 2019 /home/travis/build/icyphy/ptII/ptolemy/domains/continuous/test/auto/ContinuousClock.xml
----------------- Instantiating /home/travis/build/icyphy/ptII/ptolemy/domains/continuous/test/auto/ContinuousClock.xml
22 ms. Memory: 872448K Free: 387772K (44%)
----------------- Invoking toplevel() on ptolemy.moml.MoMLSimpleApplication@653ea1af
----------------- Done invoking toplevel() on ptolemy.moml.MoMLSimpleApplication@653ea1af
reloadAllAccessors: .ContinuousClock

===========================================================================================
----------------- testing Tue Jan 15 03:17:44 UTC 2019 /home/travis/build/icyphy/ptII/ptolemy/domains/continuous/test/auto/ContinuousInContinuous.xml
----------------- Instantiating /home/travis/build/icyphy/ptII/ptolemy/domains/continuous/test/auto/ContinuousInContinuous.xml
34 ms. Memory: 872448K Free: 360243K (41%)
----------------- Invoking toplevel() on ptolemy.moml.MoMLSimpleApplication@d8ca0c5
----------------- Done invoking toplevel() on ptolemy.moml.MoMLSimpleApplication@d8ca0c5
reloadAllAccessors: .ContinuousInContinuous

===========================================================================================
----------------- testing Tue Jan 15 03:17:44 UTC 2019 /home/travis/build/icyphy/ptII/ptolemy/domains/continuous/test/auto/ContinuousInContinuousInContinuous.xml
----------------- Instantiating /home/travis/build/icyphy/ptII/ptolemy/domains/continuous/test/auto/ContinuousInContinuousInContinuous.xml
7 ms. Memory: 872448K Free: 348454K (40%)
----------------- Invoking toplevel() on ptolemy.moml.MoMLSimpleApplication@649393c1
----------------- Done invoking toplevel() on ptolemy.moml.MoMLSimpleApplication@649393c1
reloadAllAccessors: .ContinuousInContinuousInContinuous

===========================================================================================
----------------- testing Tue Jan 15 03:17:44 UTC 2019 /home/travis/build/icyphy/ptII/ptolemy/domains/continuous/test/auto/ContinuousInDE.xml
----------------- Instantiating /home/travis/build/icyphy/ptII/ptolemy/domains/continuous/test/auto/ContinuousInDE.xml
116 ms. Memory: 872448K Free: 332745K (38%)
----------------- Invoking toplevel() on ptolemy.moml.MoMLSimpleApplication@2fd37715
----------------- Done invoking toplevel() on ptolemy.moml.MoMLSimpleApplication@2fd37715
reloadAllAccessors: .ContinuousInDE

===========================================================================================
----------------- testing Tue Jan 15 03:17:44 UTC 2019 /home/travis/build/icyphy/ptII/ptolemy/domains/continuous/test/auto/ContinuousInDE2.xml
----------------- Instantiating /home/travis/build/icyphy/ptII/ptolemy/domains/continuous/test/auto/ContinuousInDE2.xml
43 ms. Memory: 872448K Free: 313574K (36%)
----------------- Invoking toplevel() on ptolemy.moml.MoMLSimpleApplication@6a7b395e
----------------- Done invoking toplevel() on ptolemy.moml.MoMLSimpleApplication@6a7b395e
reloadAllAccessors: .ContinuousInDE2

===========================================================================================
----------------- testing Tue Jan 15 03:17:44 UTC 2019 /home/travis/build/icyphy/ptII/ptolemy/domains/continuous/test/auto/ContinuousInDE3.xml
----------------- Instantiating /home/travis/build/icyphy/ptII/ptolemy/domains/continuous/test/auto/ContinuousInDE3.xml
39 ms. Memory: 872448K Free: 297850K (34%)
----------------- Invoking toplevel() on ptolemy.moml.MoMLSimpleApplication@adaa9a2
----------------- Done invoking toplevel() on ptolemy.moml.MoMLSimpleApplication@adaa9a2
reloadAllAccessors: .ContinuousInDE3

===========================================================================================
----------------- testing Tue Jan 15 03:17:44 UTC 2019 /home/travis/build/icyphy/ptII/ptolemy/domains/continuous/test/auto/ContinuousInDE4.xml
----------------- Instantiating /home/travis/build/icyphy/ptII/ptolemy/domains/continuous/test/auto/ContinuousInDE4.xml
21 ms. Memory: 872448K Free: 286069K (33%)
----------------- Invoking toplevel() on ptolemy.moml.MoMLSimpleApplication@174dd608
----------------- Done invoking toplevel() on ptolemy.moml.MoMLSimpleApplication@174dd608
reloadAllAccessors: .ContinuousInDE4

===========================================================================================
----------------- testing Tue Jan 15 03:17:44 UTC 2019 /home/travis/build/icyphy/ptII/ptolemy/domains/continuous/test/auto/ContinuousInDEDifferentRefinements.xml
----------------- Instantiating /home/travis/build/icyphy/ptII/ptolemy/domains/continuous/test/auto/ContinuousInDEDifferentRefinements.xml
54 ms. Memory: 872448K Free: 250637K (29%)
----------------- Invoking toplevel() on ptolemy.moml.MoMLSimpleApplication@2c9fb380
----------------- Done invoking toplevel() on ptolemy.moml.MoMLSimpleApplication@2c9fb380
reloadAllAccessors: .ContinuousInDEDifferentRefinements

===========================================================================================
----------------- testing Tue Jan 15 03:17:44 UTC 2019 /home/travis/build/icyphy/ptII/ptolemy/domains/continuous/test/auto/ContinuousInDEDifferentRefinementsPreemptive.xml
----------------- Instantiating /home/travis/build/icyphy/ptII/ptolemy/domains/continuous/test/auto/ContinuousInDEDifferentRefinementsPreemptive.xml
43 ms. Memory: 872448K Free: 211764K (24%)
----------------- Invoking toplevel() on ptolemy.moml.MoMLSimpleApplication@c4c298f
----------------- Done invoking toplevel() on ptolemy.moml.MoMLSimpleApplication@c4c298f
reloadAllAccessors: .ContinuousInDEDifferentRefinementsPreemptive

===========================================================================================
----------------- testing Tue Jan 15 03:17:44 UTC 2019 /home/travis/build/icyphy/ptII/ptolemy/domains/continuous/test/auto/ContinuousInDEInContinuous2.xml
----------------- Instantiating /home/travis/build/icyphy/ptII/ptolemy/domains/continuous/test/auto/ContinuousInDEInContinuous2.xml
38 ms. Memory: 872448K Free: 192121K (22%)
----------------- Invoking toplevel() on ptolemy.moml.MoMLSimpleApplication@2684ccb4
----------------- Done invoking toplevel() on ptolemy.moml.MoMLSimpleApplication@2684ccb4
reloadAllAccessors: .ContinuousInDEInContinuous2

===========================================================================================
----------------- testing Tue Jan 15 03:17:45 UTC 2019 /home/travis/build/icyphy/ptII/ptolemy/domains/continuous/test/auto/ContinuousInDEInContinuous3.xml
----------------- Instantiating /home/travis/build/icyphy/ptII/ptolemy/domains/continuous/test/auto/ContinuousInDEInContinuous3.xml
34 ms. Memory: 872448K Free: 172454K (20%)
----------------- Invoking toplevel() on ptolemy.moml.MoMLSimpleApplication@67038bda
----------------- Done invoking toplevel() on ptolemy.moml.MoMLSimpleApplication@67038bda
reloadAllAccessors: .ContinuousInDEInContinuous3

===========================================================================================
----------------- testing Tue Jan 15 03:17:45 UTC 2019 /home/travis/build/icyphy/ptII/ptolemy/domains/continuous/test/auto/ContinuousInDEInput.xml
----------------- Instantiating /home/travis/build/icyphy/ptII/ptolemy/domains/continuous/test/auto/ContinuousInDEInput.xml
14 ms. Memory: 872448K Free: 160657K (18%)
----------------- Invoking toplevel() on ptolemy.moml.MoMLSimpleApplication@103f40a3
----------------- Done invoking toplevel() on ptolemy.moml.MoMLSimpleApplication@103f40a3
reloadAllAccessors: .ContinuousInDEInput

===========================================================================================
----------------- testing Tue Jan 15 03:17:45 UTC 2019 /home/travis/build/icyphy/ptII/ptolemy/domains/continuous/test/auto/ContinuousInDEInput2.xml
----------------- Instantiating /home/travis/build/icyphy/ptII/ptolemy/domains/continuous/test/auto/ContinuousInDEInput2.xml
16 ms. Memory: 872448K Free: 148876K (17%)
----------------- Invoking toplevel() on ptolemy.moml.MoMLSimpleApplication@66cc5cf5
----------------- Done invoking toplevel() on ptolemy.moml.MoMLSimpleApplication@66cc5cf5
reloadAllAccessors: .ContinuousInDEInput2

===========================================================================================
----------------- testing Tue Jan 15 03:17:45 UTC 2019 /home/travis/build/icyphy/ptII/ptolemy/domains/continuous/test/auto/ContinuousInDEInput3.xml
----------------- Instantiating /home/travis/build/icyphy/ptII/ptolemy/domains/continuous/test/auto/ContinuousInDEInput3.xml
12 ms. Memory: 872448K Free: 133632K (15%)
----------------- Invoking toplevel() on ptolemy.moml.MoMLSimpleApplication@7457b2f3
----------------- Done invoking toplevel() on ptolemy.moml.MoMLSimpleApplication@7457b2f3
reloadAllAccessors: .ContinuousInDEInput3

===========================================================================================
----------------- testing Tue Jan 15 03:17:45 UTC 2019 /home/travis/build/icyphy/ptII/ptolemy/domains/continuous/test/auto/ContinuousInDESharingRefinement.xml
----------------- Instantiating /home/travis/build/icyphy/ptII/ptolemy/domains/continuous/test/auto/ContinuousInDESharingRefinement.xml
161 ms. Memory: 872960K Free: 818608K (94%)
----------------- Invoking toplevel() on ptolemy.moml.MoMLSimpleApplication@830ef59
----------------- Done invoking toplevel() on ptolemy.moml.MoMLSimpleApplication@830ef59
reloadAllAccessors: .ContinuousInDESharingRefinement

===========================================================================================
----------------- testing Tue Jan 15 03:17:45 UTC 2019 /home/travis/build/icyphy/ptII/ptolemy/domains/continuous/test/auto/ContinuousInDEwithNoPorts.xml
----------------- Instantiating /home/travis/build/icyphy/ptII/ptolemy/domains/continuous/test/auto/ContinuousInDEwithNoPorts.xml
4 ms. Memory: 872960K Free: 806386K (92%)
----------------- Invoking toplevel() on ptolemy.moml.MoMLSimpleApplication@7a26a169
----------------- Done invoking toplevel() on ptolemy.moml.MoMLSimpleApplication@7a26a169
reloadAllAccessors: .ContinuousInDEwithNoPorts

===========================================================================================
----------------- testing Tue Jan 15 03:17:45 UTC 2019 /home/travis/build/icyphy/ptII/ptolemy/domains/continuous/test/auto/ContinuousInsideDE.xml
----------------- Instantiating /home/travis/build/icyphy/ptII/ptolemy/domains/continuous/test/auto/ContinuousInsideDE.xml
46 ms. Memory: 872960K Free: 786751K (90%)
----------------- Invoking toplevel() on ptolemy.moml.MoMLSimpleApplication@71ac0501
----------------- Done invoking toplevel() on ptolemy.moml.MoMLSimpleApplication@71ac0501
reloadAllAccessors: .ContinuousInsideDE

===========================================================================================
----------------- testing Tue Jan 15 03:17:45 UTC 2019 /home/travis/build/icyphy/ptII/ptolemy/domains/continuous/test/auto/ContinuousMerge1.xml
----------------- Instantiating /home/travis/build/icyphy/ptII/ptolemy/domains/continuous/test/auto/ContinuousMerge1.xml
2 ms. Memory: 872960K Free: 776570K (89%)
----------------- Invoking toplevel() on ptolemy.moml.MoMLSimpleApplication@6ec3d4e9
----------------- Done invoking toplevel() on ptolemy.moml.MoMLSimpleApplication@6ec3d4e9
reloadAllAccessors: .ContinuousMerge1

===========================================================================================
----------------- testing Tue Jan 15 03:17:45 UTC 2019 /home/travis/build/icyphy/ptII/ptolemy/domains/continuous/test/auto/ContinuousMerge2.xml
----------------- Instantiating /home/travis/build/icyphy/ptII/ptolemy/domains/continuous/test/auto/ContinuousMerge2.xml
16 ms. Memory: 872960K Free: 760683K (87%)
----------------- Invoking toplevel() on ptolemy.moml.MoMLSimpleApplication@565bb0dc
----------------- Done invoking toplevel() on ptolemy.moml.MoMLSimpleApplication@565bb0dc
reloadAllAccessors: .ContinuousMerge2

===========================================================================================
----------------- testing Tue Jan 15 03:17:45 UTC 2019 /home/travis/build/icyphy/ptII/ptolemy/domains/continuous/test/auto/ContinuousMerge3.xml
----------------- Instantiating /home/travis/build/icyphy/ptII/ptolemy/domains/continuous/test/auto/ContinuousMerge3.xml
43 ms. Memory: 872960K Free: 744959K (85%)
----------------- Invoking toplevel() on ptolemy.moml.MoMLSimpleApplication@689de0a9
----------------- Done invoking toplevel() on ptolemy.moml.MoMLSimpleApplication@689de0a9
reloadAllAccessors: .ContinuousMerge3

===========================================================================================
----------------- testing Tue Jan 15 03:17:45 UTC 2019 /home/travis/build/icyphy/ptII/ptolemy/domains/continuous/test/auto/ContinuousWithinContinuous.xml
----------------- Instantiating /home/travis/build/icyphy/ptII/ptolemy/domains/continuous/test/auto/ContinuousWithinContinuous.xml
39 ms. Memory: 872960K Free: 726916K (83%)
----------------- Invoking toplevel() on ptolemy.moml.MoMLSimpleApplication@24984519
----------------- Done invoking toplevel() on ptolemy.moml.MoMLSimpleApplication@24984519
reloadAllAccessors: .ContinuousWithinContinuous

===========================================================================================
----------------- testing Tue Jan 15 03:17:45 UTC 2019 /home/travis/build/icyphy/ptII/ptolemy/domains/continuous/test/auto/ContinuousWithinContinuous2.xml
----------------- Instantiating /home/travis/build/icyphy/ptII/ptolemy/domains/continuous/test/auto/ContinuousWithinContinuous2.xml
74 ms. Memory: 872960K Free: 715135K (82%)
----------------- Invoking toplevel() on ptolemy.moml.MoMLSimpleApplication@46ee500c
----------------- Done invoking toplevel() on ptolemy.moml.MoMLSimpleApplication@46ee500c
reloadAllAccessors: .ContinuousWithinContinuous2

===========================================================================================
----------------- testing Tue Jan 15 03:17:45 UTC 2019 /home/travis/build/icyphy/ptII/ptolemy/domains/continuous/test/auto/ContinuousWithinContinuous3.xml
----------------- Instantiating /home/travis/build/icyphy/ptII/ptolemy/domains/continuous/test/auto/ContinuousWithinContinuous3.xml
20 ms. Memory: 872960K Free: 703338K (81%)
----------------- Invoking toplevel() on ptolemy.moml.MoMLSimpleApplication@7303a4e3
----------------- Done invoking toplevel() on ptolemy.moml.MoMLSimpleApplication@7303a4e3
reloadAllAccessors: .ContinuousWithinContinuous3

===========================================================================================
----------------- testing Tue Jan 15 03:17:45 UTC 2019 /home/travis/build/icyphy/ptII/ptolemy/domains/continuous/test/auto/ContinuousWithinContinuous4.xml
----------------- Instantiating /home/travis/build/icyphy/ptII/ptolemy/domains/continuous/test/auto/ContinuousWithinContinuous4.xml
68 ms. Memory: 872960K Free: 681360K (78%)
----------------- Invoking toplevel() on ptolemy.moml.MoMLSimpleApplication@2edaf80b
----------------- Done invoking toplevel() on ptolemy.moml.MoMLSimpleApplication@2edaf80b
reloadAllAccessors: .ContinuousWithinContinuous4

===========================================================================================
----------------- testing Tue Jan 15 03:17:45 UTC 2019 /home/travis/build/icyphy/ptII/ptolemy/domains/continuous/test/auto/ContinuousWithinContinuous5.xml
----------------- Instantiating /home/travis/build/icyphy/ptII/ptolemy/domains/continuous/test/auto/ContinuousWithinContinuous5.xml
11 ms. Memory: 872960K Free: 669563K (77%)
----------------- Invoking toplevel() on ptolemy.moml.MoMLSimpleApplication@539d95fe
----------------- Done invoking toplevel() on ptolemy.moml.MoMLSimpleApplication@539d95fe
reloadAllAccessors: .ContinuousWithinContinuous5

===========================================================================================
----------------- testing Tue Jan 15 03:17:45 UTC 2019 /home/travis/build/icyphy/ptII/ptolemy/domains/continuous/test/auto/ContinuousWithinContinuous6.xml
----------------- Instantiating /home/travis/build/icyphy/ptII/ptolemy/domains/continuous/test/auto/ContinuousWithinContinuous6.xml
11 ms. Memory: 872960K Free: 657766K (75%)
----------------- Invoking toplevel() on ptolemy.moml.MoMLSimpleApplication@2be22136
----------------- Done invoking toplevel() on ptolemy.moml.MoMLSimpleApplication@2be22136
reloadAllAccessors: .ContinuousWithinContinuous6

===========================================================================================
----------------- testing Tue Jan 15 03:17:45 UTC 2019 /home/travis/build/icyphy/ptII/ptolemy/domains/continuous/test/auto/ContinuousWithinContinuous7.xml
----------------- Instantiating /home/travis/build/icyphy/ptII/ptolemy/domains/continuous/test/auto/ContinuousWithinContinuous7.xml
51 ms. Memory: 872960K Free: 643659K (74%)
----------------- Invoking toplevel() on ptolemy.moml.MoMLSimpleApplication@3bf3839a
----------------- Done invoking toplevel() on ptolemy.moml.MoMLSimpleApplication@3bf3839a
reloadAllAccessors: .ContinuousWithinContinuous7

===========================================================================================
----------------- testing Tue Jan 15 03:17:46 UTC 2019 /home/travis/build/icyphy/ptII/ptolemy/domains/continuous/test/auto/DCMotor.xml
----------------- Instantiating /home/travis/build/icyphy/ptII/ptolemy/domains/continuous/test/auto/DCMotor.xml
12000 ms. Memory: 734208K Free: 158505K (22%)
----------------- Invoking toplevel() on ptolemy.moml.MoMLSimpleApplication@c613791
----------------- Done invoking toplevel() on ptolemy.moml.MoMLSimpleApplication@c613791
reloadAllAccessors: .DCMotor

===========================================================================================
----------------- testing Tue Jan 15 03:17:58 UTC 2019 /home/travis/build/icyphy/ptII/ptolemy/domains/continuous/test/auto/DEInContinuous.xml
----------------- Instantiating /home/travis/build/icyphy/ptII/ptolemy/domains/continuous/test/auto/DEInContinuous.xml
8 ms. Memory: 734208K Free: 142401K (19%)
----------------- Invoking toplevel() on ptolemy.moml.MoMLSimpleApplication@35eb3e98
----------------- Done invoking toplevel() on ptolemy.moml.MoMLSimpleApplication@35eb3e98
reloadAllAccessors: .DEInContinuous

===========================================================================================
----------------- testing Tue Jan 15 03:17:58 UTC 2019 /home/travis/build/icyphy/ptII/ptolemy/domains/continuous/test/auto/DEinContinuous2.xml
----------------- Instantiating /home/travis/build/icyphy/ptII/ptolemy/domains/continuous/test/auto/DEinContinuous2.xml
6 ms. Memory: 734208K Free: 128171K (17%)
----------------- Invoking toplevel() on ptolemy.moml.MoMLSimpleApplication@e34787f
----------------- Done invoking toplevel() on ptolemy.moml.MoMLSimpleApplication@e34787f
reloadAllAccessors: .DEinContinuous2

===========================================================================================
----------------- testing Tue Jan 15 03:17:58 UTC 2019 /home/travis/build/icyphy/ptII/ptolemy/domains/continuous/test/auto/Derivative.xml
----------------- Instantiating /home/travis/build/icyphy/ptII/ptolemy/domains/continuous/test/auto/Derivative.xml
156 ms. Memory: 734208K Free: 89346K (12%)
----------------- Invoking toplevel() on ptolemy.moml.MoMLSimpleApplication@8e39be8
----------------- Done invoking toplevel() on ptolemy.moml.MoMLSimpleApplication@8e39be8
reloadAllAccessors: .Derivative2

===========================================================================================
----------------- testing Tue Jan 15 03:17:58 UTC 2019 /home/travis/build/icyphy/ptII/ptolemy/domains/continuous/test/auto/Derivative1.xml
----------------- Instantiating /home/travis/build/icyphy/ptII/ptolemy/domains/continuous/test/auto/Derivative1.xml
36 ms. Memory: 696832K Free: 676820K (97%)
----------------- Invoking toplevel() on ptolemy.moml.MoMLSimpleApplication@2a9b7628
----------------- Done invoking toplevel() on ptolemy.moml.MoMLSimpleApplication@2a9b7628
reloadAllAccessors: .Derivative1

===========================================================================================
----------------- testing Tue Jan 15 03:17:58 UTC 2019 /home/travis/build/icyphy/ptII/ptolemy/domains/continuous/test/auto/DiscreteClock.xml
----------------- Instantiating /home/travis/build/icyphy/ptII/ptolemy/domains/continuous/test/auto/DiscreteClock.xml
4 ms. Memory: 696832K Free: 663787K (95%)
----------------- Invoking toplevel() on ptolemy.moml.MoMLSimpleApplication@5bea3036
----------------- Done invoking toplevel() on ptolemy.moml.MoMLSimpleApplication@5bea3036
reloadAllAccessors: .DiscreteClock

===========================================================================================
----------------- testing Tue Jan 15 03:17:58 UTC 2019 /home/travis/build/icyphy/ptII/ptolemy/domains/continuous/test/auto/EfficiencyCurve.xml
----------------- Instantiating /home/travis/build/icyphy/ptII/ptolemy/domains/continuous/test/auto/EfficiencyCurve.xml
84 ms. Memory: 696832K Free: 646534K (93%)
----------------- Invoking toplevel() on ptolemy.moml.MoMLSimpleApplication@1719b210
----------------- Done invoking toplevel() on ptolemy.moml.MoMLSimpleApplication@1719b210
reloadAllAccessors: .EfficiencyCurve

===========================================================================================
----------------- testing Tue Jan 15 03:17:58 UTC 2019 /home/travis/build/icyphy/ptII/ptolemy/domains/continuous/test/auto/ExponentialResponse.xml
----------------- Instantiating /home/travis/build/icyphy/ptII/ptolemy/domains/continuous/test/auto/ExponentialResponse.xml
88 ms. Memory: 696832K Free: 625193K (90%)
----------------- Invoking toplevel() on ptolemy.moml.MoMLSimpleApplication@6a170225
----------------- Done invoking toplevel() on ptolemy.moml.MoMLSimpleApplication@6a170225
reloadAllAccessors: .ExponentialResponse

===========================================================================================
----------------- testing Tue Jan 15 03:17:58 UTC 2019 /home/travis/build/icyphy/ptII/ptolemy/domains/continuous/test/auto/ExponentialResponseRK45.xml
----------------- Instantiating /home/travis/build/icyphy/ptII/ptolemy/domains/continuous/test/auto/ExponentialResponseRK45.xml
28 ms. Memory: 696832K Free: 616161K (88%)
----------------- Invoking toplevel() on ptolemy.moml.MoMLSimpleApplication@77d47632
----------------- Done invoking toplevel() on ptolemy.moml.MoMLSimpleApplication@77d47632
reloadAllAccessors: .ExponentialResponseRK45

===========================================================================================
----------------- testing Tue Jan 15 03:17:58 UTC 2019 /home/travis/build/icyphy/ptII/ptolemy/domains/continuous/test/auto/Friction.xml
----------------- Instantiating /home/travis/build/icyphy/ptII/ptolemy/domains/continuous/test/auto/Friction.xml
1294 ms. Memory: 696832K Free: 156913K (23%)
----------------- Invoking toplevel() on ptolemy.moml.MoMLSimpleApplication@17dca941
----------------- Done invoking toplevel() on ptolemy.moml.MoMLSimpleApplication@17dca941
reloadAllAccessors: .Friction

===========================================================================================
----------------- testing Tue Jan 15 03:18:00 UTC 2019 /home/travis/build/icyphy/ptII/ptolemy/domains/continuous/test/auto/FurutaPendulum.xml
----------------- Instantiating /home/travis/build/icyphy/ptII/ptolemy/domains/continuous/test/auto/FurutaPendulum.xml
3424 ms. Memory: 674304K Free: 240817K (36%)
----------------- Invoking toplevel() on ptolemy.moml.MoMLSimpleApplication@61d4061a
----------------- Done invoking toplevel() on ptolemy.moml.MoMLSimpleApplication@61d4061a
reloadAllAccessors: .FurutaPendulum

===========================================================================================
----------------- testing Tue Jan 15 03:18:03 UTC 2019 /home/travis/build/icyphy/ptII/ptolemy/domains/continuous/test/auto/HierarchicalExecution.xml
----------------- Instantiating /home/travis/build/icyphy/ptII/ptolemy/domains/continuous/test/auto/HierarchicalExecution.xml
1724 ms. Memory: 646656K Free: 486412K (75%)
----------------- Invoking toplevel() on ptolemy.moml.MoMLSimpleApplication@3efac74b
----------------- Done invoking toplevel() on ptolemy.moml.MoMLSimpleApplication@3efac74b
reloadAllAccessors: .HierarchicalExecution

===========================================================================================
----------------- testing Tue Jan 15 03:18:05 UTC 2019 /home/travis/build/icyphy/ptII/ptolemy/domains/continuous/test/auto/HybridPlant.xml
----------------- Instantiating /home/travis/build/icyphy/ptII/ptolemy/domains/continuous/test/auto/HybridPlant.xml
444 ms. Memory: 646656K Free: 211059K (33%)
----------------- Invoking toplevel() on ptolemy.moml.MoMLSimpleApplication@ffb724d
----------------- Done invoking toplevel() on ptolemy.moml.MoMLSimpleApplication@ffb724d
reloadAllAccessors: .HybridPlant

===========================================================================================
----------------- testing Tue Jan 15 03:18:06 UTC 2019 /home/travis/build/icyphy/ptII/ptolemy/domains/continuous/test/auto/Hysteresis.xml
----------------- Instantiating /home/travis/build/icyphy/ptII/ptolemy/domains/continuous/test/auto/Hysteresis.xml
135 ms. Memory: 646656K Free: 143122K (22%)
----------------- Invoking toplevel() on ptolemy.moml.MoMLSimpleApplication@62c384c9
----------------- Done invoking toplevel() on ptolemy.moml.MoMLSimpleApplication@62c384c9
reloadAllAccessors: .Hysteresis

===========================================================================================
----------------- testing Tue Jan 15 03:18:06 UTC 2019 /home/travis/build/icyphy/ptII/ptolemy/domains/continuous/test/auto/HysteresisWithRandomDelay.xml
----------------- Instantiating /home/travis/build/icyphy/ptII/ptolemy/domains/continuous/test/auto/HysteresisWithRandomDelay.xml
154 ms. Memory: 646656K Free: 63671K (10%)
----------------- Invoking toplevel() on ptolemy.moml.MoMLSimpleApplication@381577da
----------------- Done invoking toplevel() on ptolemy.moml.MoMLSimpleApplication@381577da
reloadAllAccessors: .HysteresisWithRandomDelay

===========================================================================================
----------------- testing Tue Jan 15 03:18:06 UTC 2019 /home/travis/build/icyphy/ptII/ptolemy/domains/continuous/test/auto/HysteresisWithRandomLosses.xml
----------------- Instantiating /home/travis/build/icyphy/ptII/ptolemy/domains/continuous/test/auto/HysteresisWithRandomLosses.xml
2138 ms. Memory: 591360K Free: 331964K (56%)
----------------- Invoking toplevel() on ptolemy.moml.MoMLSimpleApplication@5208d88a
----------------- Done invoking toplevel() on ptolemy.moml.MoMLSimpleApplication@5208d88a
reloadAllAccessors: .HysteresisWithRandomLosses

===========================================================================================
----------------- testing Tue Jan 15 03:18:08 UTC 2019 /home/travis/build/icyphy/ptII/ptolemy/domains/continuous/test/auto/ImmediateTransitions.xml
----------------- Instantiating /home/travis/build/icyphy/ptII/ptolemy/domains/continuous/test/auto/ImmediateTransitions.xml
8 ms. Memory: 591360K Free: 316034K (53%)
----------------- Invoking toplevel() on ptolemy.moml.MoMLSimpleApplication@3196bb5d
----------------- Done invoking toplevel() on ptolemy.moml.MoMLSimpleApplication@3196bb5d
reloadAllAccessors: .ImmediateTransitions

===========================================================================================
----------------- testing Tue Jan 15 03:18:08 UTC 2019 /home/travis/build/icyphy/ptII/ptolemy/domains/continuous/test/auto/ImpulseFeedback.xml
----------------- Instantiating /home/travis/build/icyphy/ptII/ptolemy/domains/continuous/test/auto/ImpulseFeedback.xml
11 ms. Memory: 591360K Free: 304974K (52%)
----------------- Invoking toplevel() on ptolemy.moml.MoMLSimpleApplication@429bfae8
----------------- Done invoking toplevel() on ptolemy.moml.MoMLSimpleApplication@429bfae8
reloadAllAccessors: .ImpulseFeedback

===========================================================================================
----------------- testing Tue Jan 15 03:18:08 UTC 2019 /home/travis/build/icyphy/ptII/ptolemy/domains/continuous/test/auto/ImpulseFeedback2.xml
----------------- Instantiating /home/travis/build/icyphy/ptII/ptolemy/domains/continuous/test/auto/ImpulseFeedback2.xml
6 ms. Memory: 591360K Free: 293930K (50%)
----------------- Invoking toplevel() on ptolemy.moml.MoMLSimpleApplication@39d5d136
----------------- Done invoking toplevel() on ptolemy.moml.MoMLSimpleApplication@39d5d136
reloadAllAccessors: .ImpulseFeedback2

===========================================================================================
----------------- testing Tue Jan 15 03:18:08 UTC 2019 /home/travis/build/icyphy/ptII/ptolemy/domains/continuous/test/auto/IncreasingRatePoisson.xml
----------------- Instantiating /home/travis/build/icyphy/ptII/ptolemy/domains/continuous/test/auto/IncreasingRatePoisson.xml
639 ms. Memory: 565248K Free: 457204K (81%)
----------------- Invoking toplevel() on ptolemy.moml.MoMLSimpleApplication@5ab5a6f5
----------------- Done invoking toplevel() on ptolemy.moml.MoMLSimpleApplication@5ab5a6f5
reloadAllAccessors: .IncreasingRatePoisson

===========================================================================================
----------------- testing Tue Jan 15 03:18:09 UTC 2019 /home/travis/build/icyphy/ptII/ptolemy/domains/continuous/test/auto/InitialStateFeedback.xml
----------------- Instantiating /home/travis/build/icyphy/ptII/ptolemy/domains/continuous/test/auto/InitialStateFeedback.xml
11 ms. Memory: 565248K Free: 447332K (79%)
----------------- Invoking toplevel() on ptolemy.moml.MoMLSimpleApplication@1d9a965b
----------------- Done invoking toplevel() on ptolemy.moml.MoMLSimpleApplication@1d9a965b
reloadAllAccessors: .InitialStateFeedback

===========================================================================================
----------------- testing Tue Jan 15 03:18:09 UTC 2019 /home/travis/build/icyphy/ptII/ptolemy/domains/continuous/test/auto/Integration.xml
----------------- Instantiating /home/travis/build/icyphy/ptII/ptolemy/domains/continuous/test/auto/Integration.xml
1 ms. Memory: 565248K Free: 439257K (78%)
----------------- Invoking toplevel() on ptolemy.moml.MoMLSimpleApplication@1e20d263
----------------- Done invoking toplevel() on ptolemy.moml.MoMLSimpleApplication@1e20d263
reloadAllAccessors: .Integration

===========================================================================================
----------------- testing Tue Jan 15 03:18:09 UTC 2019 /home/travis/build/icyphy/ptII/ptolemy/domains/continuous/test/auto/Integration2.xml
----------------- Instantiating /home/travis/build/icyphy/ptII/ptolemy/domains/continuous/test/auto/Integration2.xml
77 ms. Memory: 565248K Free: 421399K (75%)
----------------- Invoking toplevel() on ptolemy.moml.MoMLSimpleApplication@3cab1c0a
----------------- Done invoking toplevel() on ptolemy.moml.MoMLSimpleApplication@3cab1c0a
reloadAllAccessors: .Integration2

===========================================================================================
----------------- testing Tue Jan 15 03:18:09 UTC 2019 /home/travis/build/icyphy/ptII/ptolemy/domains/continuous/test/auto/Integration3.xml
----------------- Instantiating /home/travis/build/icyphy/ptII/ptolemy/domains/continuous/test/auto/Integration3.xml
4 ms. Memory: 565248K Free: 413323K (73%)
----------------- Invoking toplevel() on ptolemy.moml.MoMLSimpleApplication@48465a78
----------------- Done invoking toplevel() on ptolemy.moml.MoMLSimpleApplication@48465a78
reloadAllAccessors: .Integration3

===========================================================================================
----------------- testing Tue Jan 15 03:18:09 UTC 2019 /home/travis/build/icyphy/ptII/ptolemy/domains/continuous/test/auto/Integration5.xml
----------------- Instantiating /home/travis/build/icyphy/ptII/ptolemy/domains/continuous/test/auto/Integration5.xml
1 ms. Memory: 565248K Free: 405142K (72%)
----------------- Invoking toplevel() on ptolemy.moml.MoMLSimpleApplication@62513b96
----------------- Done invoking toplevel() on ptolemy.moml.MoMLSimpleApplication@62513b96
reloadAllAccessors: .Integration5

===========================================================================================
----------------- testing Tue Jan 15 03:18:09 UTC 2019 /home/travis/build/icyphy/ptII/ptolemy/domains/continuous/test/auto/IntegratorImpulse.xml
----------------- Instantiating /home/travis/build/icyphy/ptII/ptolemy/domains/continuous/test/auto/IntegratorImpulse.xml
2 ms. Memory: 565248K Free: 397067K (70%)
----------------- Invoking toplevel() on ptolemy.moml.MoMLSimpleApplication@22846f57
----------------- Done invoking toplevel() on ptolemy.moml.MoMLSimpleApplication@22846f57
reloadAllAccessors: .IntegratorImpulse

===========================================================================================
----------------- testing Tue Jan 15 03:18:09 UTC 2019 /home/travis/build/icyphy/ptII/ptolemy/domains/continuous/test/auto/IntegratorImpulse2.xml
----------------- Instantiating /home/travis/build/icyphy/ptII/ptolemy/domains/continuous/test/auto/IntegratorImpulse2.xml
5 ms. Memory: 565248K Free: 388894K (69%)
----------------- Invoking toplevel() on ptolemy.moml.MoMLSimpleApplication@210b752f
----------------- Done invoking toplevel() on ptolemy.moml.MoMLSimpleApplication@210b752f
reloadAllAccessors: .IntegratorImpulse2

===========================================================================================
----------------- testing Tue Jan 15 03:18:09 UTC 2019 /home/travis/build/icyphy/ptII/ptolemy/domains/continuous/test/auto/LevelCrossing1.xml
----------------- Instantiating /home/travis/build/icyphy/ptII/ptolemy/domains/continuous/test/auto/LevelCrossing1.xml
2 ms. Memory: 565248K Free: 380818K (67%)
----------------- Invoking toplevel() on ptolemy.moml.MoMLSimpleApplication@71f92855
----------------- Done invoking toplevel() on ptolemy.moml.MoMLSimpleApplication@71f92855
reloadAllAccessors: .LevelCrossing1

===========================================================================================
----------------- testing Tue Jan 15 03:18:09 UTC 2019 /home/travis/build/icyphy/ptII/ptolemy/domains/continuous/test/auto/LevelCrossing2.xml
----------------- Instantiating /home/travis/build/icyphy/ptII/ptolemy/domains/continuous/test/auto/LevelCrossing2.xml
3 ms. Memory: 565248K Free: 372628K (66%)
----------------- Invoking toplevel() on ptolemy.moml.MoMLSimpleApplication@121d7310
----------------- Done invoking toplevel() on ptolemy.moml.MoMLSimpleApplication@121d7310
reloadAllAccessors: .LevelCrossing2

===========================================================================================
----------------- testing Tue Jan 15 03:18:09 UTC 2019 /home/travis/build/icyphy/ptII/ptolemy/domains/continuous/test/auto/LevelCrossing3.xml
----------------- Instantiating /home/travis/build/icyphy/ptII/ptolemy/domains/continuous/test/auto/LevelCrossing3.xml
2 ms. Memory: 565248K Free: 364439K (64%)
----------------- Invoking toplevel() on ptolemy.moml.MoMLSimpleApplication@3723099
----------------- Done invoking toplevel() on ptolemy.moml.MoMLSimpleApplication@3723099
reloadAllAccessors: .LevelCrossing3

===========================================================================================
----------------- testing Tue Jan 15 03:18:09 UTC 2019 /home/travis/build/icyphy/ptII/ptolemy/domains/continuous/test/auto/LevelCrossing4.xml
----------------- Instantiating /home/travis/build/icyphy/ptII/ptolemy/domains/continuous/test/auto/LevelCrossing4.xml
3 ms. Memory: 565248K Free: 356371K (63%)
----------------- Invoking toplevel() on ptolemy.moml.MoMLSimpleApplication@5359778b
----------------- Done invoking toplevel() on ptolemy.moml.MoMLSimpleApplication@5359778b
reloadAllAccessors: .LevelCrossing4

===========================================================================================
----------------- testing Tue Jan 15 03:18:09 UTC 2019 /home/travis/build/icyphy/ptII/ptolemy/domains/continuous/test/auto/LevelCrossing5.xml
----------------- Instantiating /home/travis/build/icyphy/ptII/ptolemy/domains/continuous/test/auto/LevelCrossing5.xml
3 ms. Memory: 565248K Free: 348182K (62%)
----------------- Invoking toplevel() on ptolemy.moml.MoMLSimpleApplication@16757f6c
----------------- Done invoking toplevel() on ptolemy.moml.MoMLSimpleApplication@16757f6c
reloadAllAccessors: .LevelCrossing5

===========================================================================================
[...]

===========================================================================================
----------------- testing Tue Jan 15 03:18:26 UTC 2019 /home/travis/build/icyphy/ptII/ptolemy/domains/continuous/test/auto/SRinContinuous.xml
----------------- Instantiating /home/travis/build/icyphy/ptII/ptolemy/domains/continuous/test/auto/SRinContinuous.xml
3 ms. Memory: 371200K Free: 205961K (55%)
----------------- Invoking toplevel() on ptolemy.moml.MoMLSimpleApplication@220acd77
----------------- Done invoking toplevel() on ptolemy.moml.MoMLSimpleApplication@220acd77
reloadAllAccessors: .SRinContinuous

===========================================================================================
----------------- testing Tue Jan 15 03:18:26 UTC 2019 /home/travis/build/icyphy/ptII/ptolemy/domains/continuous/test/auto/SampledClocks.xml
----------------- Instantiating /home/travis/build/icyphy/ptII/ptolemy/domains/continuous/test/auto/SampledClocks.xml
4 ms. Memory: 371200K Free: 189595K (51%)
----------------- Invoking toplevel() on ptolemy.moml.MoMLSimpleApplication@73e5c64f
----------------- Done invoking toplevel() on ptolemy.moml.MoMLSimpleApplication@73e5c64f
reloadAllAccessors: .SampledClocks

===========================================================================================
----------------- testing Tue Jan 15 03:18:26 UTC 2019 /home/travis/build/icyphy/ptII/ptolemy/domains/continuous/test/auto/Satellite.xml
----------------- Instantiating /home/travis/build/icyphy/ptII/ptolemy/domains/continuous/test/auto/Satellite.xml
779 ms. Memory: 358400K Free: 279243K (78%)
----------------- Invoking toplevel() on ptolemy.moml.MoMLSimpleApplication@653b93e5
----------------- Done invoking toplevel() on ptolemy.moml.MoMLSimpleApplication@653b93e5
reloadAllAccessors: .Satellite

===========================================================================================
----------------- testing Tue Jan 15 03:18:26 UTC 2019 /home/travis/build/icyphy/ptII/ptolemy/domains/continuous/test/auto/SigmaDelta.xml
----------------- Instantiating /home/travis/build/icyphy/ptII/ptolemy/domains/continuous/test/auto/SigmaDelta.xml
2226 ms. Memory: 352256K Free: 166429K (47%)
----------------- Invoking toplevel() on ptolemy.moml.MoMLSimpleApplication@7aeade5f
----------------- Done invoking toplevel() on ptolemy.moml.MoMLSimpleApplication@7aeade5f
reloadAllAccessors: .SigmaDelta

===========================================================================================
----------------- testing Tue Jan 15 03:18:29 UTC 2019 /home/travis/build/icyphy/ptII/ptolemy/domains/continuous/test/auto/SingleRefinement.xml
----------------- Instantiating /home/travis/build/icyphy/ptII/ptolemy/domains/continuous/test/auto/SingleRefinement.xml
344 ms. Memory: 412672K Free: 303720K (74%)
----------------- Invoking toplevel() on ptolemy.moml.MoMLSimpleApplication@41f27087
----------------- Done invoking toplevel() on ptolemy.moml.MoMLSimpleApplication@41f27087
reloadAllAccessors: .SingleRefinement

===========================================================================================
----------------- testing Tue Jan 15 03:18:29 UTC 2019 /home/travis/build/icyphy/ptII/ptolemy/domains/continuous/test/auto/SinuBouncingBall.xml
----------------- Instantiating /home/travis/build/icyphy/ptII/ptolemy/domains/continuous/test/auto/SinuBouncingBall.xml
767 ms. Memory: 412672K Free: 78364K (19%)
----------------- Invoking toplevel() on ptolemy.moml.MoMLSimpleApplication@1d72e3b9
----------------- Done invoking toplevel() on ptolemy.moml.MoMLSimpleApplication@1d72e3b9
reloadAllAccessors: .SinuBouncingBall

===========================================================================================
----------------- testing Tue Jan 15 03:18:30 UTC 2019 /home/travis/build/icyphy/ptII/ptolemy/domains/continuous/test/auto/Sinusoid.xml
----------------- Instantiating /home/travis/build/icyphy/ptII/ptolemy/domains/continuous/test/auto/Sinusoid.xml
4 ms. Memory: 412672K Free: 70681K (17%)
----------------- Invoking toplevel() on ptolemy.moml.MoMLSimpleApplication@2bb3a732
----------------- Done invoking toplevel() on ptolemy.moml.MoMLSimpleApplication@2bb3a732
reloadAllAccessors: .Sinusoid

===========================================================================================
----------------- testing Tue Jan 15 03:18:30 UTC 2019 /home/travis/build/icyphy/ptII/ptolemy/domains/continuous/test/auto/SinusoidInNoise.xml
----------------- Instantiating /home/travis/build/icyphy/ptII/ptolemy/domains/continuous/test/auto/SinusoidInNoise.xml
913 ms. Memory: 398336K Free: 181251K (46%)
----------------- Invoking toplevel() on ptolemy.moml.MoMLSimpleApplication@44afafab
----------------- Done invoking toplevel() on ptolemy.moml.MoMLSimpleApplication@44afafab
reloadAllAccessors: .SinusoidInNoise

===========================================================================================
----------------- testing Tue Jan 15 03:18:31 UTC 2019 /home/travis/build/icyphy/ptII/ptolemy/domains/continuous/test/auto/SinusoidRK45.xml
----------------- Instantiating /home/travis/build/icyphy/ptII/ptolemy/domains/continuous/test/auto/SinusoidRK45.xml
3 ms. Memory: 398336K Free: 174369K (44%)
----------------- Invoking toplevel() on ptolemy.moml.MoMLSimpleApplication@300ae11
----------------- Done invoking toplevel() on ptolemy.moml.MoMLSimpleApplication@300ae11
reloadAllAccessors: .SinusoidRK45

===========================================================================================
----------------- testing Tue Jan 15 03:18:31 UTC 2019 /home/travis/build/icyphy/ptII/ptolemy/domains/continuous/test/auto/SinusoidWithMultipleImpulses.xml
----------------- Instantiating /home/travis/build/icyphy/ptII/ptolemy/domains/continuous/test/auto/SinusoidWithMultipleImpulses.xml
3 ms. Memory: 398336K Free: 167104K (42%)
----------------- Invoking toplevel() on ptolemy.moml.MoMLSimpleApplication@5732c286
----------------- Done invoking toplevel() on ptolemy.moml.MoMLSimpleApplication@5732c286
reloadAllAccessors: .SinusoidWithMultipleImpulses

===========================================================================================
----------------- testing Tue Jan 15 03:18:31 UTC 2019 /home/travis/build/icyphy/ptII/ptolemy/domains/continuous/test/auto/SquareWave.xml
----------------- Instantiating /home/travis/build/icyphy/ptII/ptolemy/domains/continuous/test/auto/SquareWave.xml
162 ms. Memory: 398336K Free: 132963K (33%)
----------------- Invoking toplevel() on ptolemy.moml.MoMLSimpleApplication@3acb756f
----------------- Done invoking toplevel() on ptolemy.moml.MoMLSimpleApplication@3acb756f
reloadAllAccessors: .SquareWave

===========================================================================================
----------------- testing Tue Jan 15 03:18:31 UTC 2019 /home/travis/build/icyphy/ptII/ptolemy/domains/continuous/test/auto/Starmac.xml
----------------- Instantiating /home/travis/build/icyphy/ptII/ptolemy/domains/continuous/test/auto/Starmac.xml
3071 ms. Memory: 478208K Free: 143063K (30%)
----------------- Invoking toplevel() on ptolemy.moml.MoMLSimpleApplication@ab4785b
----------------- Done invoking toplevel() on ptolemy.moml.MoMLSimpleApplication@ab4785b
reloadAllAccessors: .Starmac

===========================================================================================
----------------- testing Tue Jan 15 03:18:35 UTC 2019 /home/travis/build/icyphy/ptII/ptolemy/domains/continuous/test/auto/StaticUnits.xml
----------------- Instantiating /home/travis/build/icyphy/ptII/ptolemy/domains/continuous/test/auto/StaticUnits.xml
2036 ms. Memory: 464384K Free: 38159K (8%)
----------------- Invoking toplevel() on ptolemy.moml.MoMLSimpleApplication@2120c74c
----------------- Done invoking toplevel() on ptolemy.moml.MoMLSimpleApplication@2120c74c
reloadAllAccessors: .StaticUnits

===========================================================================================
----------------- testing Tue Jan 15 03:18:37 UTC 2019 /home/travis/build/icyphy/ptII/ptolemy/domains/continuous/test/auto/StickyMasses.xml
----------------- Instantiating /home/travis/build/icyphy/ptII/ptolemy/domains/continuous/test/auto/StickyMasses.xml
127 ms. Memory: 441344K Free: 334428K (76%)
----------------- Invoking toplevel() on ptolemy.moml.MoMLSimpleApplication@5758ceca
----------------- Done invoking toplevel() on ptolemy.moml.MoMLSimpleApplication@5758ceca
reloadAllAccessors: .StickyMasses

===========================================================================================
----------------- testing Tue Jan 15 03:18:37 UTC 2019 /home/travis/build/icyphy/ptII/ptolemy/domains/continuous/test/auto/StopTime.xml
----------------- Instantiating /home/travis/build/icyphy/ptII/ptolemy/domains/continuous/test/auto/StopTime.xml
34 ms. Memory: 441344K Free: 304620K (69%)
----------------- Invoking toplevel() on ptolemy.moml.MoMLSimpleApplication@53d6624f
----------------- Done invoking toplevel() on ptolemy.moml.MoMLSimpleApplication@53d6624f
reloadAllAccessors: .StopTime

===========================================================================================
----------------- testing Tue Jan 15 03:18:37 UTC 2019 /home/travis/build/icyphy/ptII/ptolemy/domains/continuous/test/auto/StopTime2.xml
----------------- Instantiating /home/travis/build/icyphy/ptII/ptolemy/domains/continuous/test/auto/StopTime2.xml
29 ms. Memory: 441344K Free: 277272K (63%)
----------------- Invoking toplevel() on ptolemy.moml.MoMLSimpleApplication@77797a3c
----------------- Done invoking toplevel() on ptolemy.moml.MoMLSimpleApplication@77797a3c
reloadAllAccessors: .StopTime2

===========================================================================================
----------------- testing Tue Jan 15 03:18:37 UTC 2019 /home/travis/build/icyphy/ptII/ptolemy/domains/continuous/test/auto/Switch.xml
----------------- Instantiating /home/travis/build/icyphy/ptII/ptolemy/domains/continuous/test/auto/Switch.xml
40 ms. Memory: 441344K Free: 247472K (56%)
----------------- Invoking toplevel() on ptolemy.moml.MoMLSimpleApplication@5f392a0d
----------------- Done invoking toplevel() on ptolemy.moml.MoMLSimpleApplication@5f392a0d
reloadAllAccessors: .Switch

===========================================================================================
----------------- testing Tue Jan 15 03:18:38 UTC 2019 /home/travis/build/icyphy/ptII/ptolemy/domains/continuous/test/auto/Thermostat.xml
----------------- Instantiating /home/travis/build/icyphy/ptII/ptolemy/domains/continuous/test/auto/Thermostat.xml
170 ms. Memory: 441344K Free: 172065K (39%)
----------------- Invoking toplevel() on ptolemy.moml.MoMLSimpleApplication@fed62aa
----------------- Done invoking toplevel() on ptolemy.moml.MoMLSimpleApplication@fed62aa
reloadAllAccessors: .Thermostat

===========================================================================================
----------------- testing Tue Jan 15 03:18:38 UTC 2019 /home/travis/build/icyphy/ptII/ptolemy/domains/continuous/test/auto/TimeDelay.xml
----------------- Instantiating /home/travis/build/icyphy/ptII/ptolemy/domains/continuous/test/auto/TimeDelay.xml
5 ms. Memory: 441344K Free: 163920K (37%)
----------------- Invoking toplevel() on ptolemy.moml.MoMLSimpleApplication@384aac8d
----------------- Done invoking toplevel() on ptolemy.moml.MoMLSimpleApplication@384aac8d
reloadAllAccessors: .TimeDelay

===========================================================================================
----------------- testing Tue Jan 15 03:18:38 UTC 2019 /home/travis/build/icyphy/ptII/ptolemy/domains/continuous/test/auto/TimeDelay2.xml
----------------- Instantiating /home/travis/build/icyphy/ptII/ptolemy/domains/continuous/test/auto/TimeDelay2.xml
6 ms. Memory: 441344K Free: 155758K (35%)
----------------- Invoking toplevel() on ptolemy.moml.MoMLSimpleApplication@177fdb47
----------------- Done invoking toplevel() on ptolemy.moml.MoMLSimpleApplication@177fdb47
reloadAllAccessors: .TimeDelay2

===========================================================================================
----------------- testing Tue Jan 15 03:18:38 UTC 2019 /home/travis/build/icyphy/ptII/ptolemy/domains/continuous/test/auto/TimeDelay3.xml
----------------- Instantiating /home/travis/build/icyphy/ptII/ptolemy/domains/continuous/test/auto/TimeDelay3.xml
6 ms. Memory: 441344K Free: 147604K (33%)
----------------- Invoking toplevel() on ptolemy.moml.MoMLSimpleApplication@593133da
----------------- Done invoking toplevel() on ptolemy.moml.MoMLSimpleApplication@593133da
reloadAllAccessors: .TimeDelay3

===========================================================================================
----------------- testing Tue Jan 15 03:18:38 UTC 2019 /home/travis/build/icyphy/ptII/ptolemy/domains/continuous/test/auto/TransferAbsentToInside.xml
----------------- Instantiating /home/travis/build/icyphy/ptII/ptolemy/domains/continuous/test/auto/TransferAbsentToInside.xml
25 ms. Memory: 441344K Free: 88962K (20%)
----------------- Invoking toplevel() on ptolemy.moml.MoMLSimpleApplication@d295785
----------------- Done invoking toplevel() on ptolemy.moml.MoMLSimpleApplication@d295785
reloadAllAccessors: .TransferAbsentToInside

===========================================================================================
----------------- testing Tue Jan 15 03:18:38 UTC 2019 /home/travis/build/icyphy/ptII/ptolemy/domains/continuous/test/auto/Transmission.xml
----------------- Instantiating /home/travis/build/icyphy/ptII/ptolemy/domains/continuous/test/auto/Transmission.xml
691 ms. Memory: 424960K Free: 191621K (45%)
----------------- Invoking toplevel() on ptolemy.moml.MoMLSimpleApplication@32d0bc13
----------------- Done invoking toplevel() on ptolemy.moml.MoMLSimpleApplication@32d0bc13
reloadAllAccessors: .Transmission

===========================================================================================
----------------- testing Tue Jan 15 03:18:39 UTC 2019 /home/travis/build/icyphy/ptII/ptolemy/domains/continuous/test/auto/TriggeredContinuousClock.xml
----------------- Instantiating /home/travis/build/icyphy/ptII/ptolemy/domains/continuous/test/auto/TriggeredContinuousClock.xml
32 ms. Memory: 424960K Free: 154981K (36%)
----------------- Invoking toplevel() on ptolemy.moml.MoMLSimpleApplication@4fb1bebe
----------------- Done invoking toplevel() on ptolemy.moml.MoMLSimpleApplication@4fb1bebe
reloadAllAccessors: .TriggeredContinuousClock

===========================================================================================
----------------- testing Tue Jan 15 03:18:39 UTC 2019 /home/travis/build/icyphy/ptII/ptolemy/domains/continuous/test/auto/TwoMachineInfiniteBusControl.xml
----------------- Instantiating /home/travis/build/icyphy/ptII/ptolemy/domains/continuous/test/auto/TwoMachineInfiniteBusControl.xml
2683 ms. Memory: 394240K Free: 229388K (58%)
----------------- Invoking toplevel() on ptolemy.moml.MoMLSimpleApplication@70fe4760
----------------- Done invoking toplevel() on ptolemy.moml.MoMLSimpleApplication@70fe4760
reloadAllAccessors: .TwoMachineInfiniteBusControl

===========================================================================================
----------------- testing Tue Jan 15 03:18:41 UTC 2019 /home/travis/build/icyphy/ptII/ptolemy/domains/continuous/test/auto/V2V.xml
----------------- Instantiating /home/travis/build/icyphy/ptII/ptolemy/domains/continuous/test/auto/V2V.xml
711 ms. Memory: 394240K Free: 32195K (8%)
----------------- Invoking toplevel() on ptolemy.moml.MoMLSimpleApplication@5d67d073
----------------- Done invoking toplevel() on ptolemy.moml.MoMLSimpleApplication@5d67d073
reloadAllAccessors: .V2V

===========================================================================================
----------------- testing Tue Jan 15 03:18:42 UTC 2019 /home/travis/build/icyphy/ptII/ptolemy/domains/continuous/test/auto/hierarchicalModalModel.xml
----------------- Instantiating /home/travis/build/icyphy/ptII/ptolemy/domains/continuous/test/auto/hierarchicalModalModel.xml
11 ms. Memory: 394240K Free: 14560K (4%)
----------------- Invoking toplevel() on ptolemy.moml.MoMLSimpleApplication@f4fd4df
----------------- Done invoking toplevel() on ptolemy.moml.MoMLSimpleApplication@f4fd4df
reloadAllAccessors: .hierarchicalModalModel

===========================================================================================
----------------- testing Tue Jan 15 03:18:42 UTC 2019 /home/travis/build/icyphy/ptII/ptolemy/domains/continuous/test/auto/hierarchicalModalModel1.xml
----------------- Instantiating /home/travis/build/icyphy/ptII/ptolemy/domains/continuous/test/auto/hierarchicalModalModel1.xml
6 ms. Memory: 387584K Free: 302188K (78%)
----------------- Invoking toplevel() on ptolemy.moml.MoMLSimpleApplication@7b8bab31
----------------- Done invoking toplevel() on ptolemy.moml.MoMLSimpleApplication@7b8bab31
reloadAllAccessors: .hierarchicalModalModel1

===========================================================================================
----------------- testing Tue Jan 15 03:18:42 UTC 2019 /home/travis/build/icyphy/ptII/ptolemy/domains/continuous/test/auto/hierarchicalModalModel2.xml
----------------- Instantiating /home/travis/build/icyphy/ptII/ptolemy/domains/continuous/test/auto/hierarchicalModalModel2.xml
6 ms. Memory: 387584K Free: 285288K (74%)
----------------- Invoking toplevel() on ptolemy.moml.MoMLSimpleApplication@26ede194
----------------- Done invoking toplevel() on ptolemy.moml.MoMLSimpleApplication@26ede194
reloadAllAccessors: .hierarchicalModalModel2

===========================================================================================
----------------- testing Tue Jan 15 03:18:42 UTC 2019 /home/travis/build/icyphy/ptII/ptolemy/domains/continuous/test/auto/hierarchicalModalModel3.xml
----------------- Instantiating /home/travis/build/icyphy/ptII/ptolemy/domains/continuous/test/auto/hierarchicalModalModel3.xml
5 ms. Memory: 387584K Free: 270414K (70%)
----------------- Invoking toplevel() on ptolemy.moml.MoMLSimpleApplication@51f625ab
----------------- Done invoking toplevel() on ptolemy.moml.MoMLSimpleApplication@51f625ab
reloadAllAccessors: .hierarchicalModalModel3

===========================================================================================
----------------- testing Tue Jan 15 03:18:42 UTC 2019 /home/travis/build/icyphy/ptII/ptolemy/domains/continuous/test/auto/hierarchicalModalModel4.xml
----------------- Instantiating /home/travis/build/icyphy/ptII/ptolemy/domains/continuous/test/auto/hierarchicalModalModel4.xml
5 ms. Memory: 387584K Free: 255451K (66%)
----------------- Invoking toplevel() on ptolemy.moml.MoMLSimpleApplication@59e0e285
----------------- Done invoking toplevel() on ptolemy.moml.MoMLSimpleApplication@59e0e285
reloadAllAccessors: .hierarchicalModalModel4

===========================================================================================
----------------- testing Tue Jan 15 03:18:42 UTC 2019 /home/travis/build/icyphy/ptII/ptolemy/domains/continuous/test/auto/junk.xml
----------------- Instantiating /home/travis/build/icyphy/ptII/ptolemy/domains/continuous/test/auto/junk.xml
125 ms. Memory: 387584K Free: 222644K (57%)
----------------- Invoking toplevel() on ptolemy.moml.MoMLSimpleApplication@1e302ac6
----------------- Done invoking toplevel() on ptolemy.moml.MoMLSimpleApplication@1e302ac6
reloadAllAccessors: .junk
AutoTests.java: About to close Vertx.
AutoTests.java: Vertx closed.
]]></system-out>
  <system-err><![CDATA[Warning: '.HysteresisWithRandomDelay.NonStrictTest3' The test produced only 20 tokens, yet the correctValues parameter was expecting 30 tokens.
Warning: '.IncreasingRatePoisson.NonStrictTest' The test produced only 396 tokens, yet the correctValues parameter was expecting 402 tokens.
Warning: '.Poisson.NonStrictTest' The test produced only 393 tokens, yet the correctValues parameter was expecting 430 tokens.
]]></system-err>
</testsuite>
