<?xml version="1.0" encoding="UTF-8" ?>
<testsuite errors="0" failures="0" hostname="travis-job-ad2c0e5a-fff9-4c47-8aee-8eaa082f3e2a" name="ptolemy.domains.de.test.junit.JUnitTclTest" skipped="0" tests="101" time="122.774" timestamp="2020-01-01T06:33:47">
  <properties>
[...]
</properties>
  <testcase classname="ptolemy.util.test.junit.TclTests" name="[0] /home/travis/build/icyphy/ptII/ptolemy/domains/de/test/DependencyLoop.tcl (RunTclFile)" time="1.026" />
  <testcase classname="ptolemy.util.test.junit.TclTests" name="[1] /home/travis/build/icyphy/ptII/ptolemy/domains/de/test/RunDETestsAsQSS.tcl (RunTclFile)" time="82.93" />
  <testcase classname="ptolemy.util.test.junit.AutoKnownFailedTests" name="[0] /home/travis/build/icyphy/ptII/ptolemy/domains/de/test/auto/knownFailedTests/DESDFClockTest.xml (RunModel)" time="2.044" />
  <testcase classname="ptolemy.util.test.junit.AutoKnownFailedTests" name="[1] /home/travis/build/icyphy/ptII/ptolemy/domains/de/test/auto/knownFailedTests/DirectFeedback.xml (RunModel)" time="0.013" />
  <testcase classname="ptolemy.util.test.junit.AutoKnownFailedTests" name="[2] /home/travis/build/icyphy/ptII/ptolemy/domains/de/test/auto/knownFailedTests/FSMSource.xml (RunModel)" time="0.026" />
  <testcase classname="ptolemy.util.test.junit.AutoKnownFailedTests" name="[3] /home/travis/build/icyphy/ptII/ptolemy/domains/de/test/auto/knownFailedTests/HierarchicalModel.xml (RunModel)" time="0.048" />
  <testcase classname="ptolemy.util.test.junit.AutoKnownFailedTests" name="[4] /home/travis/build/icyphy/ptII/ptolemy/domains/de/test/auto/knownFailedTests/dependencyLoop.xml (RunModel)" time="0.041" />
  <testcase classname="ptolemy.util.test.junit.AutoKnownFailedTests" name="[5] /home/travis/build/icyphy/ptII/ptolemy/domains/de/test/auto/knownFailedTests/dependencyLoop2.xml (RunModel)" time="0.042" />
  <testcase classname="ptolemy.util.test.junit.AutoNameArchTests" name="[0] ThereAreNoAutoArchTests (RunModel)" time="0.003" />
  <testcase classname="ptolemy.util.test.junit.AutoTests" name="[0] /home/travis/build/icyphy/ptII/ptolemy/domains/de/test/auto/ActorDepthCalculation_actorWithoutPorts.xml (RunModel)" time="0.023" />
  <testcase classname="ptolemy.util.test.junit.AutoTests" name="[1] /home/travis/build/icyphy/ptII/ptolemy/domains/de/test/auto/AssemblyLine.xml (RunModel)" time="0.024" />
  <testcase classname="ptolemy.util.test.junit.AutoTests" name="[2] /home/travis/build/icyphy/ptII/ptolemy/domains/de/test/auto/CQBug1.xml (RunModel)" time="0.012" />
  <testcase classname="ptolemy.util.test.junit.AutoTests" name="[3] /home/travis/build/icyphy/ptII/ptolemy/domains/de/test/auto/CancelFireAt.xml (RunModel)" time="0.018" />
  <testcase classname="ptolemy.util.test.junit.AutoTests" name="[4] /home/travis/build/icyphy/ptII/ptolemy/domains/de/test/auto/CausalityAndComposabilityAnalysis.xml (RunModel)" time="0.017" />
  <testcase classname="ptolemy.util.test.junit.AutoTests" name="[5] /home/travis/build/icyphy/ptII/ptolemy/domains/de/test/auto/CausalityInterface1.xml (RunModel)" time="0.013" />
  <testcase classname="ptolemy.util.test.junit.AutoTests" name="[6] /home/travis/build/icyphy/ptII/ptolemy/domains/de/test/auto/CausalityInterface15.xml (RunModel)" time="0.014" />
  <testcase classname="ptolemy.util.test.junit.AutoTests" name="[7] /home/travis/build/icyphy/ptII/ptolemy/domains/de/test/auto/CausalityInterface2.xml (RunModel)" time="0.012" />
  <testcase classname="ptolemy.util.test.junit.AutoTests" name="[8] /home/travis/build/icyphy/ptII/ptolemy/domains/de/test/auto/CausalityInterface3.xml (RunModel)" time="0.014" />
  <testcase classname="ptolemy.util.test.junit.AutoTests" name="[9] /home/travis/build/icyphy/ptII/ptolemy/domains/de/test/auto/ClockDrift.xml (RunModel)" time="0.037" />
  <testcase classname="ptolemy.util.test.junit.AutoTests" name="[10] /home/travis/build/icyphy/ptII/ptolemy/domains/de/test/auto/ClockDriftAndValueChange.xml (RunModel)" time="0.035" />
  <testcase classname="ptolemy.util.test.junit.AutoTests" name="[11] /home/travis/build/icyphy/ptII/ptolemy/domains/de/test/auto/ClockDriftChange.xml (RunModel)" time="0.036" />
  <testcase classname="ptolemy.util.test.junit.AutoTests" name="[12] /home/travis/build/icyphy/ptII/ptolemy/domains/de/test/auto/ComposableCausalityAnalysis.xml (RunModel)" time="0.018" />
  <testcase classname="ptolemy.util.test.junit.AutoTests" name="[13] /home/travis/build/icyphy/ptII/ptolemy/domains/de/test/auto/DEFixedPointLimitation.xml (RunModel)" time="0.017" />
  <testcase classname="ptolemy.util.test.junit.AutoTests" name="[14] /home/travis/build/icyphy/ptII/ptolemy/domains/de/test/auto/DEScheduleTest.xml (RunModel)" time="0.014" />
  <testcase classname="ptolemy.util.test.junit.AutoTests" name="[15] /home/travis/build/icyphy/ptII/ptolemy/domains/de/test/auto/DEinDEwithStartTimes.xml (RunModel)" time="0.021" />
  <testcase classname="ptolemy.util.test.junit.AutoTests" name="[16] /home/travis/build/icyphy/ptII/ptolemy/domains/de/test/auto/DEinDEwithStartTimes2.xml (RunModel)" time="0.014" />
  <testcase classname="ptolemy.util.test.junit.AutoTests" name="[17] /home/travis/build/icyphy/ptII/ptolemy/domains/de/test/auto/DateDemo.xml (RunModel)" time="0.03" />
  <testcase classname="ptolemy.util.test.junit.AutoTests" name="[18] /home/travis/build/icyphy/ptII/ptolemy/domains/de/test/auto/DateToEvent.xml (RunModel)" time="2.046" />
  <testcase classname="ptolemy.util.test.junit.AutoTests" name="[19] /home/travis/build/icyphy/ptII/ptolemy/domains/de/test/auto/DepthTest1.xml (RunModel)" time="0.006" />
  <testcase classname="ptolemy.util.test.junit.AutoTests" name="[20] /home/travis/build/icyphy/ptII/ptolemy/domains/de/test/auto/DepthTest2.xml (RunModel)" time="0.019" />
  <testcase classname="ptolemy.util.test.junit.AutoTests" name="[21] /home/travis/build/icyphy/ptII/ptolemy/domains/de/test/auto/DepthTest3.xml (RunModel)" time="0.009" />
  <testcase classname="ptolemy.util.test.junit.AutoTests" name="[22] /home/travis/build/icyphy/ptII/ptolemy/domains/de/test/auto/DepthTest4.xml (RunModel)" time="0.02" />
  <testcase classname="ptolemy.util.test.junit.AutoTests" name="[23] /home/travis/build/icyphy/ptII/ptolemy/domains/de/test/auto/DepthTest5.xml (RunModel)" time="0.013" />
  <testcase classname="ptolemy.util.test.junit.AutoTests" name="[24] /home/travis/build/icyphy/ptII/ptolemy/domains/de/test/auto/DepthTest6.xml (RunModel)" time="0.013" />
  <testcase classname="ptolemy.util.test.junit.AutoTests" name="[25] /home/travis/build/icyphy/ptII/ptolemy/domains/de/test/auto/DepthTest7.xml (RunModel)" time="0.01" />
  <testcase classname="ptolemy.util.test.junit.AutoTests" name="[26] /home/travis/build/icyphy/ptII/ptolemy/domains/de/test/auto/EventToDate.xml (RunModel)" time="3.044" />
  <testcase classname="ptolemy.util.test.junit.AutoTests" name="[27] /home/travis/build/icyphy/ptII/ptolemy/domains/de/test/auto/FSM1.xml (RunModel)" time="0.034" />
  <testcase classname="ptolemy.util.test.junit.AutoTests" name="[28] /home/travis/build/icyphy/ptII/ptolemy/domains/de/test/auto/FSM7.xml (RunModel)" time="0.033" />
  <testcase classname="ptolemy.util.test.junit.AutoTests" name="[29] /home/travis/build/icyphy/ptII/ptolemy/domains/de/test/auto/Inspection.xml (RunModel)" time="0.039" />
  <testcase classname="ptolemy.util.test.junit.AutoTests" name="[30] /home/travis/build/icyphy/ptII/ptolemy/domains/de/test/auto/Iteration.xml (RunModel)" time="0.022" />
  <testcase classname="ptolemy.util.test.junit.AutoTests" name="[31] /home/travis/build/icyphy/ptII/ptolemy/domains/de/test/auto/LineFault.xml (RunModel)" time="0.538" />
  <testcase classname="ptolemy.util.test.junit.AutoTests" name="[32] /home/travis/build/icyphy/ptII/ptolemy/domains/de/test/auto/MergeModel1Add.xml (RunModel)" time="0.047" />
  <testcase classname="ptolemy.util.test.junit.AutoTests" name="[33] /home/travis/build/icyphy/ptII/ptolemy/domains/de/test/auto/MergeModel2Add.xml (RunModel)" time="0.038" />
  <testcase classname="ptolemy.util.test.junit.AutoTests" name="[34] /home/travis/build/icyphy/ptII/ptolemy/domains/de/test/auto/MergeModel3Add.xml (RunModel)" time="0.038" />
  <testcase classname="ptolemy.util.test.junit.AutoTests" name="[35] /home/travis/build/icyphy/ptII/ptolemy/domains/de/test/auto/MergeWithoutDiscard.xml (RunModel)" time="0.014" />
  <testcase classname="ptolemy.util.test.junit.AutoTests" name="[36] /home/travis/build/icyphy/ptII/ptolemy/domains/de/test/auto/Modal1.xml (RunModel)" time="0.028" />
  <testcase classname="ptolemy.util.test.junit.AutoTests" name="[37] /home/travis/build/icyphy/ptII/ptolemy/domains/de/test/auto/Modal2.xml (RunModel)" time="0.029" />
  <testcase classname="ptolemy.util.test.junit.AutoTests" name="[38] /home/travis/build/icyphy/ptII/ptolemy/domains/de/test/auto/Modal3.xml (RunModel)" time="0.029" />
  <testcase classname="ptolemy.util.test.junit.AutoTests" name="[39] /home/travis/build/icyphy/ptII/ptolemy/domains/de/test/auto/Modal4.xml (RunModel)" time="0.037" />
  <testcase classname="ptolemy.util.test.junit.AutoTests" name="[40] /home/travis/build/icyphy/ptII/ptolemy/domains/de/test/auto/Modal5.xml (RunModel)" time="0.031" />
  <testcase classname="ptolemy.util.test.junit.AutoTests" name="[41] /home/travis/build/icyphy/ptII/ptolemy/domains/de/test/auto/Modal6.xml (RunModel)" time="0.029" />
  <testcase classname="ptolemy.util.test.junit.AutoTests" name="[42] /home/travis/build/icyphy/ptII/ptolemy/domains/de/test/auto/Modal7.xml (RunModel)" time="0.035" />
  <testcase classname="ptolemy.util.test.junit.AutoTests" name="[43] /home/travis/build/icyphy/ptII/ptolemy/domains/de/test/auto/ModalModel.xml (RunModel)" time="0.189" />
  <testcase classname="ptolemy.util.test.junit.AutoTests" name="[44] /home/travis/build/icyphy/ptII/ptolemy/domains/de/test/auto/ModalSource.xml (RunModel)" time="0.02" />
  <testcase classname="ptolemy.util.test.junit.AutoTests" name="[45] /home/travis/build/icyphy/ptII/ptolemy/domains/de/test/auto/NonInterruptibleTimerZeroDelay.xml (RunModel)" time="0.01" />
  <testcase classname="ptolemy.util.test.junit.AutoTests" name="[46] /home/travis/build/icyphy/ptII/ptolemy/domains/de/test/auto/OpenQueueingNetwork.xml (RunModel)" time="2.387" />
  <testcase classname="ptolemy.util.test.junit.AutoTests" name="[47] /home/travis/build/icyphy/ptII/ptolemy/domains/de/test/auto/OpenQueuingNetwork.xml (RunModel)" time="0.318" />
  <testcase classname="ptolemy.util.test.junit.AutoTests" name="[48] /home/travis/build/icyphy/ptII/ptolemy/domains/de/test/auto/PeriodicSampler.xml (RunModel)" time="0.013" />
  <testcase classname="ptolemy.util.test.junit.AutoTests" name="[49] /home/travis/build/icyphy/ptII/ptolemy/domains/de/test/auto/PersistentIO.xml (RunModel)" time="0.02" />
  <testcase classname="ptolemy.util.test.junit.AutoTests" name="[50] /home/travis/build/icyphy/ptII/ptolemy/domains/de/test/auto/PortParameterResetOnInitialize.xml (RunModel)" time="0.012" />
  <testcase classname="ptolemy.util.test.junit.AutoTests" name="[51] /home/travis/build/icyphy/ptII/ptolemy/domains/de/test/auto/PortParameterUpdates.xml (RunModel)" time="0.015" />
  <testcase classname="ptolemy.util.test.junit.AutoTests" name="[52] /home/travis/build/icyphy/ptII/ptolemy/domains/de/test/auto/QueueAndServer.xml (RunModel)" time="0.022" />
  <testcase classname="ptolemy.util.test.junit.AutoTests" name="[53] /home/travis/build/icyphy/ptII/ptolemy/domains/de/test/auto/Records.xml (RunModel)" time="0.015" />
  <testcase classname="ptolemy.util.test.junit.AutoTests" name="[54] /home/travis/build/icyphy/ptII/ptolemy/domains/de/test/auto/ResetTransitionWithStartTime1.xml (RunModel)" time="0.027" />
  <testcase classname="ptolemy.util.test.junit.AutoTests" name="[55] /home/travis/build/icyphy/ptII/ptolemy/domains/de/test/auto/ResetTransitionWithStartTime2.xml (RunModel)" time="0.027" />
  <testcase classname="ptolemy.util.test.junit.AutoTests" name="[56] /home/travis/build/icyphy/ptII/ptolemy/domains/de/test/auto/ResetTransitionWithStartTime3.xml (RunModel)" time="0.021" />
  <testcase classname="ptolemy.util.test.junit.AutoTests" name="[57] /home/travis/build/icyphy/ptII/ptolemy/domains/de/test/auto/ResetTransitionWithStartTime4.xml (RunModel)" time="0.018" />
  <testcase classname="ptolemy.util.test.junit.AutoTests" name="[58] /home/travis/build/icyphy/ptII/ptolemy/domains/de/test/auto/ResettableTimer1.xml (RunModel)" time="0.01" />
  <testcase classname="ptolemy.util.test.junit.AutoTests" name="[59] /home/travis/build/icyphy/ptII/ptolemy/domains/de/test/auto/ResettableTimer2.xml (RunModel)" time="0.01" />
  <testcase classname="ptolemy.util.test.junit.AutoTests" name="[60] /home/travis/build/icyphy/ptII/ptolemy/domains/de/test/auto/ResettableTimer3.xml (RunModel)" time="0.013" />
  <testcase classname="ptolemy.util.test.junit.AutoTests" name="[61] /home/travis/build/icyphy/ptII/ptolemy/domains/de/test/auto/ResettableTimer4.xml (RunModel)" time="0.011" />
  <testcase classname="ptolemy.util.test.junit.AutoTests" name="[62] /home/travis/build/icyphy/ptII/ptolemy/domains/de/test/auto/ResettableTimer5.xml (RunModel)" time="0.01" />
  <testcase classname="ptolemy.util.test.junit.AutoTests" name="[63] /home/travis/build/icyphy/ptII/ptolemy/domains/de/test/auto/ResettableTimer6.xml (RunModel)" time="0.015" />
  <testcase classname="ptolemy.util.test.junit.AutoTests" name="[64] /home/travis/build/icyphy/ptII/ptolemy/domains/de/test/auto/ServerZeroDelay.xml (RunModel)" time="0.011" />
  <testcase classname="ptolemy.util.test.junit.AutoTests" name="[65] /home/travis/build/icyphy/ptII/ptolemy/domains/de/test/auto/SmartSender.xml (RunModel)" time="3.009" />
  <testcase classname="ptolemy.util.test.junit.AutoTests" name="[66] /home/travis/build/icyphy/ptII/ptolemy/domains/de/test/auto/ThreadedComposite.xml (RunModel)" time="0.136" />
  <testcase classname="ptolemy.util.test.junit.AutoTests" name="[67] /home/travis/build/icyphy/ptII/ptolemy/domains/de/test/auto/Time.xml (RunModel)" time="0.357" />
  <testcase classname="ptolemy.util.test.junit.AutoTests" name="[68] /home/travis/build/icyphy/ptII/ptolemy/domains/de/test/auto/TimeDelayZeroDelay.xml (RunModel)" time="0.016" />
  <testcase classname="ptolemy.util.test.junit.AutoTests" name="[69] /home/travis/build/icyphy/ptII/ptolemy/domains/de/test/auto/TimerZeroDelay.xml (RunModel)" time="0.011" />
  <testcase classname="ptolemy.util.test.junit.AutoTests" name="[70] /home/travis/build/icyphy/ptII/ptolemy/domains/de/test/auto/TimingParadox.xml (RunModel)" time="0.354" />
  <testcase classname="ptolemy.util.test.junit.AutoTests" name="[71] /home/travis/build/icyphy/ptII/ptolemy/domains/de/test/auto/TransferInputs.xml (RunModel)" time="0.014" />
  <testcase classname="ptolemy.util.test.junit.AutoTests" name="[72] /home/travis/build/icyphy/ptII/ptolemy/domains/de/test/auto/TransferOutputs2.xml (RunModel)" time="0.016" />
  <testcase classname="ptolemy.util.test.junit.AutoTests" name="[73] /home/travis/build/icyphy/ptII/ptolemy/domains/de/test/auto/Trilateration.xml (RunModel)" time="10.519" />
  <testcase classname="ptolemy.util.test.junit.AutoTests" name="[74] /home/travis/build/icyphy/ptII/ptolemy/domains/de/test/auto/TwoSigmaDelta.xml (RunModel)" time="1.826" />
  <testcase classname="ptolemy.util.test.junit.AutoTests" name="[75] /home/travis/build/icyphy/ptII/ptolemy/domains/de/test/auto/VariableDelay.xml (RunModel)" time="0.011" />
  <testcase classname="ptolemy.util.test.junit.AutoTests" name="[76] /home/travis/build/icyphy/ptII/ptolemy/domains/de/test/auto/VariableDelay2.xml (RunModel)" time="0.007" />
  <testcase classname="ptolemy.util.test.junit.AutoTests" name="[77] /home/travis/build/icyphy/ptII/ptolemy/domains/de/test/auto/VariableDelayZeroDelay.xml (RunModel)" time="0.013" />
  <testcase classname="ptolemy.util.test.junit.AutoTests" name="[78] /home/travis/build/icyphy/ptII/ptolemy/domains/de/test/auto/VariableDelayZeroDelay2.xml (RunModel)" time="0.014" />
  <testcase classname="ptolemy.util.test.junit.AutoTests" name="[79] /home/travis/build/icyphy/ptII/ptolemy/domains/de/test/auto/deInCt.xml (RunModel)" time="0.013" />
  <testcase classname="ptolemy.util.test.junit.AutoTests" name="[80] /home/travis/build/icyphy/ptII/ptolemy/domains/de/test/auto/deInCt2.xml (RunModel)" time="0.013" />
  <testcase classname="ptolemy.util.test.junit.AutoTests" name="[81] /home/travis/build/icyphy/ptII/ptolemy/domains/de/test/auto/dynamicCausalityInterface1.xml (RunModel)" time="0.016" />
  <testcase classname="ptolemy.util.test.junit.AutoTests" name="[82] /home/travis/build/icyphy/ptII/ptolemy/domains/de/test/auto/fsm_de_test.xml (RunModel)" time="0.026" />
  <testcase classname="ptolemy.util.test.junit.AutoTests" name="[83] /home/travis/build/icyphy/ptII/ptolemy/domains/de/test/auto/functionDependencyReconstruction.xml (RunModel)" time="0.026" />
  <testcase classname="ptolemy.util.test.junit.AutoTests" name="[84] /home/travis/build/icyphy/ptII/ptolemy/domains/de/test/auto/multirate.xml (RunModel)" time="0.014" />
  <testcase classname="ptolemy.util.test.junit.AutoTests" name="[85] /home/travis/build/icyphy/ptII/ptolemy/domains/de/test/auto/multirate2.xml (RunModel)" time="0.013" />
  <testcase classname="ptolemy.util.test.junit.AutoTests" name="[86] /home/travis/build/icyphy/ptII/ptolemy/domains/de/test/auto/realtime.xml (RunModel)" time="10.008" />
  <testcase classname="ptolemy.util.test.junit.AutoTests" name="[87] /home/travis/build/icyphy/ptII/ptolemy/domains/de/test/auto/relationGroup.xml (RunModel)" time="0.008" />
  <testcase classname="ptolemy.util.test.junit.AutoTests" name="[88] /home/travis/build/icyphy/ptII/ptolemy/domains/de/test/auto/relationGroup2.xml (RunModel)" time="0.006" />
  <testcase classname="ptolemy.util.test.junit.AutoTests" name="[89] /home/travis/build/icyphy/ptII/ptolemy/domains/de/test/auto/sortWithOpaquePorts.xml (RunModel)" time="0.015" />
  <testcase classname="ptolemy.util.test.junit.AutoTests" name="[90] /home/travis/build/icyphy/ptII/ptolemy/domains/de/test/auto/transferInputsandOutputs.xml (RunModel)" time="0.017" />
  <testcase classname="ptolemy.util.test.junit.AutoTests" name="[91] /home/travis/build/icyphy/ptII/ptolemy/domains/de/test/auto/triggerType.xml (RunModel)" time="0.008" />
  <system-out><![CDATA[/home/travis/build/icyphy/ptII/ptolemy/domains/de/test/DependencyLoop.tcl
testDefs.tcl: setting time out to 9000 seconds at Wed Jan 01 06:33:47 UTC 2020
89 ms. Memory: 129024K Free: 80325K (62%)
30 ms. Memory: 129024K Free: 62911K (49%)
/home/travis/build/icyphy/ptII/ptolemy/domains/de/test/RunDETestsAsQSS.tcl
Run the DE tests using ptolemy.domains.qss.test.QSSDirectorTest, which extends QSSDirector and prints a message in the constructors.
------------------ testing $PTII/ptolemy/domains/de/test/auto/knownFailedTests/DirectFeedback.xml (Known Failure) 
36 ms. Memory: 129024K Free: 56773K (44%)


==== $PTIIhome/travis/build/icyphy/ptII/ptolemy/domains/de/test/../../../../: Auto Automatic test in file $PTII/ptolemy/domains/de/test/auto/knownFailedTests/DirectFeedback.xml
==== Contents of test case:

	    # FIXME: we should use $relativeFilename here, but it
	    # might have backslashes under Windows, which causes no end
	    # of trouble.
	    createAndExecute $file
	    list {}
	
.... Test generated KNOWN error:
    while executing
ptolemy.kernel.util.IllegalActionException: Test fails in iteration 1.
Value was: 1.0. Should have been: 2.0
  in .DirectFeedback.Test
	at ptolemy.actor.lib.Test.fire(Test.java:268)
	at ptolemy.domains.de.kernel.DEDirector._fire(DEDirector.java:1949)
	at ptolemy.domains.de.kernel.DEDirector.fire(DEDirector.java:502)
	at ptolemy.actor.CompositeActor.fire(CompositeActor.java:455)
	at ptolemy.actor.Manager.iterate(Manager.java:851)
	at ptolemy.actor.Manager.execute(Manager.java:369)
	at ptolemy.actor.Manager.run(Manager.java:1263)
	at ptolemy.actor.Manager$PtolemyRunThread.run(Manager.java:1933)

    while executing
ptolemy.kernel.util.IllegalActionException: Test fails in iteration 1.
Value was: 1.0. Should have been: 2.0
  in .DirectFeedback.Test
    while executing
"java::new ptolemy.moml.MoMLSimpleApplication $file
"
    (procedure "createAndExecute" line 2)
    invoked from within
"createAndExecute $file"
    ("uplevel" body line 5)
    invoked from within
"uplevel $contents_of_test"
------------------ testing $PTII/ptolemy/domains/de/test/auto/knownFailedTests/dependencyLoop.xml (Known Failure) 
17 ms. Memory: 129024K Free: 53701K (42%)


==== $PTIIhome/travis/build/icyphy/ptII/ptolemy/domains/de/test/../../../../: Auto Automatic test in file $PTII/ptolemy/domains/de/test/auto/knownFailedTests/dependencyLoop.xml
==== Contents of test case:

	    # FIXME: we should use $relativeFilename here, but it
	    # might have backslashes under Windows, which causes no end
	    # of trouble.
	    createAndExecute $file
	    list {}
	
.... Test generated KNOWN error:
    while executing
ptolemy.kernel.util.IllegalActionException: Found a zero delay loop containing .dependencyLoop.original
  in .dependencyLoop and .dependencyLoop.original
	at ptolemy.actor.util.CausalityInterfaceForComposites._computeOutputPortDepth(CausalityInterfaceForComposites.java:759)
	at ptolemy.actor.util.CausalityInterfaceForComposites._computeInputDepth(CausalityInterfaceForComposites.java:696)
	at ptolemy.actor.util.CausalityInterfaceForComposites._computeOutputPortDepth(CausalityInterfaceForComposites.java:765)
	at ptolemy.actor.util.CausalityInterfaceForComposites._computeInputDepth(CausalityInterfaceForComposites.java:696)
	at ptolemy.actor.util.CausalityInterfaceForComposites._computeOutputPortDepth(CausalityInterfaceForComposites.java:765)
	at ptolemy.actor.util.CausalityInterfaceForComposites._computeInputDepth(CausalityInterfaceForComposites.java:696)
	at ptolemy.actor.util.CausalityInterfaceForComposites._computeActorDepth(CausalityInterfaceForComposites.java:532)
	at ptolemy.actor.util.CausalityInterfaceForComposites.checkForCycles(CausalityInterfaceForComposites.java:96)
	at ptolemy.domains.de.kernel.DEDirector.preinitialize(DEDirector.java:1338)
	at ptolemy.actor.CompositeActor.preinitialize(CompositeActor.java:1828)
	at ptolemy.actor.Manager.preinitializeAndResolveTypes(Manager.java:1040)
	at ptolemy.actor.Manager.initialize(Manager.java:710)
	at ptolemy.actor.Manager.execute(Manager.java:356)
	at ptolemy.actor.Manager.run(Manager.java:1263)
	at ptolemy.actor.Manager$PtolemyRunThread.run(Manager.java:1933)

    while executing
ptolemy.kernel.util.IllegalActionException: Found a zero delay loop containing .dependencyLoop.original
  in .dependencyLoop and .dependencyLoop.original
    while executing
"java::new ptolemy.moml.MoMLSimpleApplication $file
"
    (procedure "createAndExecute" line 2)
    invoked from within
"createAndExecute $file"
    ("uplevel" body line 5)
    invoked from within
"uplevel $contents_of_test"
------------------ testing $PTII/ptolemy/domains/de/test/auto/knownFailedTests/FSMSource.xml (Known Failure) 
64 ms. Memory: 129024K Free: 111683K (87%)
!!!! Auto was marked as failing, but now passes
------------------ testing $PTII/ptolemy/domains/de/test/auto/knownFailedTests/HierarchicalModel.xml (Known Failure) 
15 ms. Memory: 129024K Free: 94591K (73%)


==== $PTIIhome/travis/build/icyphy/ptII/ptolemy/domains/de/test/../../../../: Auto Automatic test in file $PTII/ptolemy/domains/de/test/auto/knownFailedTests/HierarchicalModel.xml
==== Contents of test case:

	    # FIXME: we should use $relativeFilename here, but it
	    # might have backslashes under Windows, which causes no end
	    # of trouble.
	    createAndExecute $file
	    list {}
	
.... Test generated KNOWN error:
    while executing
ptolemy.kernel.util.IllegalActionException: Found a zero delay loop containing .HierarchicalModel.A
  in .HierarchicalModel and .HierarchicalModel.A
	at ptolemy.actor.util.CausalityInterfaceForComposites._computeOutputPortDepth(CausalityInterfaceForComposites.java:759)
	at ptolemy.actor.util.CausalityInterfaceForComposites._computeInputDepth(CausalityInterfaceForComposites.java:696)
	at ptolemy.actor.util.CausalityInterfaceForComposites._computeOutputPortDepth(CausalityInterfaceForComposites.java:765)
	at ptolemy.actor.util.CausalityInterfaceForComposites._computeInputDepth(CausalityInterfaceForComposites.java:696)
	at ptolemy.actor.util.CausalityInterfaceForComposites._computeOutputPortDepth(CausalityInterfaceForComposites.java:765)
	at ptolemy.actor.util.CausalityInterfaceForComposites._computeInputDepth(CausalityInterfaceForComposites.java:696)
	at ptolemy.actor.util.CausalityInterfaceForComposites._computeActorDepth(CausalityInterfaceForComposites.java:532)
	at ptolemy.actor.util.CausalityInterfaceForComposites.checkForCycles(CausalityInterfaceForComposites.java:96)
	at ptolemy.domains.de.kernel.DEDirector.preinitialize(DEDirector.java:1338)
	at ptolemy.actor.CompositeActor.preinitialize(CompositeActor.java:1828)
	at ptolemy.actor.Manager.preinitializeAndResolveTypes(Manager.java:1040)
	at ptolemy.actor.Manager.initialize(Manager.java:710)
	at ptolemy.actor.Manager.execute(Manager.java:356)
	at ptolemy.actor.Manager.run(Manager.java:1263)
	at ptolemy.actor.Manager$PtolemyRunThread.run(Manager.java:1933)

    while executing
ptolemy.kernel.util.IllegalActionException: Found a zero delay loop containing .HierarchicalModel.A
  in .HierarchicalModel and .HierarchicalModel.A
    while executing
"java::new ptolemy.moml.MoMLSimpleApplication $file
"
    (procedure "createAndExecute" line 2)
    invoked from within
"createAndExecute $file"
    ("uplevel" body line 5)
    invoked from within
"uplevel $contents_of_test"
------------------ testing $PTII/ptolemy/domains/de/test/auto/knownFailedTests/dependencyLoop2.xml (Known Failure) 
7 ms. Memory: 129024K Free: 78564K (61%)


==== $PTIIhome/travis/build/icyphy/ptII/ptolemy/domains/de/test/../../../../: Auto Automatic test in file $PTII/ptolemy/domains/de/test/auto/knownFailedTests/dependencyLoop2.xml
==== Contents of test case:

	    # FIXME: we should use $relativeFilename here, but it
	    # might have backslashes under Windows, which causes no end
	    # of trouble.
	    createAndExecute $file
	    list {}
	
.... Test generated KNOWN error:
    while executing
ptolemy.kernel.util.IllegalActionException: Found a zero delay loop containing .dependencyLoop2.original
  in .dependencyLoop2 and .dependencyLoop2.original
	at ptolemy.actor.util.CausalityInterfaceForComposites._computeOutputPortDepth(CausalityInterfaceForComposites.java:759)
	at ptolemy.actor.util.CausalityInterfaceForComposites._computeInputDepth(CausalityInterfaceForComposites.java:696)
	at ptolemy.actor.util.CausalityInterfaceForComposites._computeOutputPortDepth(CausalityInterfaceForComposites.java:765)
	at ptolemy.actor.util.CausalityInterfaceForComposites._computeInputDepth(CausalityInterfaceForComposites.java:696)
	at ptolemy.actor.util.CausalityInterfaceForComposites._computeOutputPortDepth(CausalityInterfaceForComposites.java:765)
	at ptolemy.actor.util.CausalityInterfaceForComposites._computeInputDepth(CausalityInterfaceForComposites.java:696)
	at ptolemy.actor.util.CausalityInterfaceForComposites._computeActorDepth(CausalityInterfaceForComposites.java:532)
	at ptolemy.actor.util.CausalityInterfaceForComposites.checkForCycles(CausalityInterfaceForComposites.java:96)
	at ptolemy.domains.de.kernel.DEDirector.preinitialize(DEDirector.java:1338)
	at ptolemy.actor.CompositeActor.preinitialize(CompositeActor.java:1828)
	at ptolemy.actor.Manager.preinitializeAndResolveTypes(Manager.java:1040)
	at ptolemy.actor.Manager.initialize(Manager.java:710)
	at ptolemy.actor.Manager.execute(Manager.java:356)
	at ptolemy.actor.Manager.run(Manager.java:1263)
	at ptolemy.actor.Manager$PtolemyRunThread.run(Manager.java:1933)

    while executing
ptolemy.kernel.util.IllegalActionException: Found a zero delay loop containing .dependencyLoop2.original
  in .dependencyLoop2 and .dependencyLoop2.original
    while executing
"java::new ptolemy.moml.MoMLSimpleApplication $file
"
    (procedure "createAndExecute" line 2)
    invoked from within
"createAndExecute $file"
    ("uplevel" body line 5)
    invoked from within
"uplevel $contents_of_test"
------------------ testing $PTII/ptolemy/domains/de/test/auto/knownFailedTests/DESDFClockTest.xml (Known Failure) 
2042 ms. Memory: 129024K Free: 109529K (85%)


==== $PTIIhome/travis/build/icyphy/ptII/ptolemy/domains/de/test/../../../../: Auto Automatic test in file $PTII/ptolemy/domains/de/test/auto/knownFailedTests/DESDFClockTest.xml
==== Contents of test case:

	    # FIXME: we should use $relativeFilename here, but it
	    # might have backslashes under Windows, which causes no end
	    # of trouble.
	    createAndExecute $file
	    list {}
	
.... Test generated KNOWN error:
    while executing
ptolemy.kernel.util.IllegalActionException: Actor is not ready to fire.  Perhaps UpSample.prefire() returned false? Try debugging the actor by selecting "Listen to Actor".  Also, for SDF check moml for tokenConsumptionRate on input.
  in .DESDFClockTest.Play Bell.Copy1:SDF Director and .DESDFClockTest.Play Bell.UpSample
	at ptolemy.actor.sched.StaticSchedulingDirector.fire(StaticSchedulingDirector.java:227)
	at ptolemy.domains.sdf.kernel.SDFDirector.fire(SDFDirector.java:500)
	at ptolemy.actor.CompositeActor.fire(CompositeActor.java:455)
	at ptolemy.domains.de.kernel.DEDirector._fire(DEDirector.java:1949)
	at ptolemy.domains.de.kernel.DEDirector.fire(DEDirector.java:502)
	at ptolemy.actor.CompositeActor.fire(CompositeActor.java:455)
	at ptolemy.actor.Manager.iterate(Manager.java:851)
	at ptolemy.actor.Manager.execute(Manager.java:369)
	at ptolemy.actor.Manager.run(Manager.java:1263)
	at ptolemy.actor.Manager$PtolemyRunThread.run(Manager.java:1933)

    while executing
ptolemy.kernel.util.IllegalActionException: Actor is not ready to fire.  Perhaps UpSample.prefire() returned false? Try debugging the actor by selecting "Listen to Actor".  Also, for SDF check moml for tokenConsumptionRate on input.
  in .DESDFClockTest.Play Bell.Copy1:SDF Director and .DESDFClockTest.Play Bell.UpSample
    while executing
"java::new ptolemy.moml.MoMLSimpleApplication $file
"
    (procedure "createAndExecute" line 2)
    invoked from within
"createAndExecute $file"
    ("uplevel" body line 5)
    invoked from within
"uplevel $contents_of_test"
------------------ testing $PTII/ptolemy/domains/de/test/auto/ActorDepthCalculation_actorWithoutPorts.xml
auto.tcl: Setting watchdog for 200 seconds at Wed Jan 01 06:33:50 UTC 2020
4 ms. Memory: 129024K Free: 101851K (79%)
ptolemy.util.test.WatchDog.cancel(): canceling Wed Jan 01 06:33:50 UTC 2020
auto.tcl: Setting watchdog for 200 seconds at Wed Jan 01 06:33:50 UTC 2020
4 ms. Memory: 129024K Free: 100299K (78%)
ptolemy.util.test.WatchDog.cancel(): canceling Wed Jan 01 06:33:51 UTC 2020
------------------ testing $PTII/ptolemy/domains/de/test/auto/AssemblyLine.xml
auto.tcl: Setting watchdog for 200 seconds at Wed Jan 01 06:33:51 UTC 2020
12 ms. Memory: 51200K Free: 29009K (57%)
ptolemy.util.test.WatchDog.cancel(): canceling Wed Jan 01 06:33:51 UTC 2020
auto.tcl: Setting watchdog for 200 seconds at Wed Jan 01 06:33:51 UTC 2020
6 ms. Memory: 51200K Free: 28355K (55%)
ptolemy.util.test.WatchDog.cancel(): canceling Wed Jan 01 06:33:51 UTC 2020
------------------ testing $PTII/ptolemy/domains/de/test/auto/CQBug1.xml
auto.tcl: Setting watchdog for 200 seconds at Wed Jan 01 06:33:51 UTC 2020
2 ms. Memory: 48128K Free: 31291K (65%)
ptolemy.util.test.WatchDog.cancel(): canceling Wed Jan 01 06:33:51 UTC 2020
auto.tcl: Setting watchdog for 200 seconds at Wed Jan 01 06:33:51 UTC 2020
2 ms. Memory: 48128K Free: 30825K (64%)
ptolemy.util.test.WatchDog.cancel(): canceling Wed Jan 01 06:33:51 UTC 2020
------------------ testing $PTII/ptolemy/domains/de/test/auto/CancelFireAt.xml
auto.tcl: Setting watchdog for 200 seconds at Wed Jan 01 06:33:51 UTC 2020
4 ms. Memory: 48128K Free: 32783K (68%)
ptolemy.util.test.WatchDog.cancel(): canceling Wed Jan 01 06:33:51 UTC 2020
auto.tcl: Setting watchdog for 200 seconds at Wed Jan 01 06:33:51 UTC 2020
1 ms. Memory: 48128K Free: 32316K (67%)
ptolemy.util.test.WatchDog.cancel(): canceling Wed Jan 01 06:33:51 UTC 2020
------------------ testing $PTII/ptolemy/domains/de/test/auto/CausalityAndComposabilityAnalysis.xml
auto.tcl: Setting watchdog for 200 seconds at Wed Jan 01 06:33:51 UTC 2020
14 ms. Memory: 48128K Free: 30459K (63%)
ptolemy.util.test.WatchDog.cancel(): canceling Wed Jan 01 06:33:51 UTC 2020
auto.tcl: Setting watchdog for 200 seconds at Wed Jan 01 06:33:51 UTC 2020
9 ms. Memory: 48128K Free: 30024K (62%)
ptolemy.util.test.WatchDog.cancel(): canceling Wed Jan 01 06:33:51 UTC 2020
------------------ testing $PTII/ptolemy/domains/de/test/auto/CausalityInterface1.xml
auto.tcl: Setting watchdog for 200 seconds at Wed Jan 01 06:33:51 UTC 2020
27 ms. Memory: 48128K Free: 29436K (61%)
ptolemy.util.test.WatchDog.cancel(): canceling Wed Jan 01 06:33:51 UTC 2020
auto.tcl: Setting watchdog for 200 seconds at Wed Jan 01 06:33:51 UTC 2020
4 ms. Memory: 48128K Free: 28453K (59%)
ptolemy.util.test.WatchDog.cancel(): canceling Wed Jan 01 06:33:51 UTC 2020
------------------ testing $PTII/ptolemy/domains/de/test/auto/CausalityInterface15.xml
auto.tcl: Setting watchdog for 200 seconds at Wed Jan 01 06:33:52 UTC 2020
11 ms. Memory: 48128K Free: 28985K (60%)
ptolemy.util.test.WatchDog.cancel(): canceling Wed Jan 01 06:33:52 UTC 2020
auto.tcl: Setting watchdog for 200 seconds at Wed Jan 01 06:33:52 UTC 2020
5 ms. Memory: 48128K Free: 28398K (59%)
ptolemy.util.test.WatchDog.cancel(): canceling Wed Jan 01 06:33:52 UTC 2020
------------------ testing $PTII/ptolemy/domains/de/test/auto/CausalityInterface2.xml
auto.tcl: Setting watchdog for 200 seconds at Wed Jan 01 06:33:52 UTC 2020
8 ms. Memory: 48128K Free: 30129K (63%)
ptolemy.util.test.WatchDog.cancel(): canceling Wed Jan 01 06:33:52 UTC 2020
auto.tcl: Setting watchdog for 200 seconds at Wed Jan 01 06:33:52 UTC 2020
3 ms. Memory: 48128K Free: 28995K (60%)
ptolemy.util.test.WatchDog.cancel(): canceling Wed Jan 01 06:33:52 UTC 2020
------------------ testing $PTII/ptolemy/domains/de/test/auto/CausalityInterface3.xml
auto.tcl: Setting watchdog for 200 seconds at Wed Jan 01 06:33:52 UTC 2020
4 ms. Memory: 48128K Free: 29594K (61%)
ptolemy.util.test.WatchDog.cancel(): canceling Wed Jan 01 06:33:52 UTC 2020
auto.tcl: Setting watchdog for 200 seconds at Wed Jan 01 06:33:52 UTC 2020
3 ms. Memory: 48128K Free: 28831K (60%)
ptolemy.util.test.WatchDog.cancel(): canceling Wed Jan 01 06:33:52 UTC 2020
------------------ testing $PTII/ptolemy/domains/de/test/auto/ClockDrift.xml
auto.tcl: Setting watchdog for 200 seconds at Wed Jan 01 06:33:52 UTC 2020
79 ms. Memory: 48128K Free: 22202K (46%)
ptolemy.util.test.WatchDog.cancel(): canceling Wed Jan 01 06:33:52 UTC 2020
auto.tcl: Setting watchdog for 200 seconds at Wed Jan 01 06:33:52 UTC 2020
49 ms. Memory: 48128K Free: 19185K (40%)
ptolemy.util.test.WatchDog.cancel(): canceling Wed Jan 01 06:33:52 UTC 2020
------------------ testing $PTII/ptolemy/domains/de/test/auto/ClockDriftAndValueChange.xml
auto.tcl: Setting watchdog for 200 seconds at Wed Jan 01 06:33:52 UTC 2020
38 ms. Memory: 48128K Free: 22283K (46%)
ptolemy.util.test.WatchDog.cancel(): canceling Wed Jan 01 06:33:52 UTC 2020
auto.tcl: Setting watchdog for 200 seconds at Wed Jan 01 06:33:52 UTC 2020
24 ms. Memory: 48128K Free: 19448K (40%)
ptolemy.util.test.WatchDog.cancel(): canceling Wed Jan 01 06:33:52 UTC 2020
------------------ testing $PTII/ptolemy/domains/de/test/auto/ClockDriftChange.xml
auto.tcl: Setting watchdog for 200 seconds at Wed Jan 01 06:33:52 UTC 2020
15 ms. Memory: 48128K Free: 24326K (51%)
ptolemy.util.test.WatchDog.cancel(): canceling Wed Jan 01 06:33:52 UTC 2020
auto.tcl: Setting watchdog for 200 seconds at Wed Jan 01 06:33:52 UTC 2020
14 ms. Memory: 48128K Free: 21746K (45%)
ptolemy.util.test.WatchDog.cancel(): canceling Wed Jan 01 06:33:52 UTC 2020
------------------ testing $PTII/ptolemy/domains/de/test/auto/ComposableCausalityAnalysis.xml
auto.tcl: Setting watchdog for 200 seconds at Wed Jan 01 06:33:52 UTC 2020
2 ms. Memory: 48128K Free: 28975K (60%)
ptolemy.util.test.WatchDog.cancel(): canceling Wed Jan 01 06:33:52 UTC 2020
auto.tcl: Setting watchdog for 200 seconds at Wed Jan 01 06:33:52 UTC 2020
2 ms. Memory: 48128K Free: 27928K (58%)
ptolemy.util.test.WatchDog.cancel(): canceling Wed Jan 01 06:33:52 UTC 2020
------------------ testing $PTII/ptolemy/domains/de/test/auto/DEFixedPointLimitation.xml
auto.tcl: Setting watchdog for 200 seconds at Wed Jan 01 06:33:52 UTC 2020
3 ms. Memory: 48128K Free: 30290K (63%)
ptolemy.util.test.WatchDog.cancel(): canceling Wed Jan 01 06:33:52 UTC 2020
auto.tcl: Setting watchdog for 200 seconds at Wed Jan 01 06:33:52 UTC 2020
2 ms. Memory: 48128K Free: 29397K (61%)
ptolemy.util.test.WatchDog.cancel(): canceling Wed Jan 01 06:33:52 UTC 2020
------------------ testing $PTII/ptolemy/domains/de/test/auto/DEScheduleTest.xml
auto.tcl: Setting watchdog for 200 seconds at Wed Jan 01 06:33:52 UTC 2020
4 ms. Memory: 48128K Free: 30583K (64%)
ptolemy.util.test.WatchDog.cancel(): canceling Wed Jan 01 06:33:52 UTC 2020
auto.tcl: Setting watchdog for 200 seconds at Wed Jan 01 06:33:52 UTC 2020
3 ms. Memory: 48128K Free: 29836K (62%)
ptolemy.util.test.WatchDog.cancel(): canceling Wed Jan 01 06:33:52 UTC 2020
------------------ testing $PTII/ptolemy/domains/de/test/auto/DEinDEwithStartTimes.xml
auto.tcl: Setting watchdog for 200 seconds at Wed Jan 01 06:33:52 UTC 2020
8 ms. Memory: 48128K Free: 28781K (60%)
ptolemy.util.test.WatchDog.cancel(): canceling Wed Jan 01 06:33:53 UTC 2020
auto.tcl: Setting watchdog for 200 seconds at Wed Jan 01 06:33:53 UTC 2020
3 ms. Memory: 48128K Free: 27740K (58%)
ptolemy.util.test.WatchDog.cancel(): canceling Wed Jan 01 06:33:53 UTC 2020
------------------ testing $PTII/ptolemy/domains/de/test/auto/DEinDEwithStartTimes2.xml
auto.tcl: Setting watchdog for 200 seconds at Wed Jan 01 06:33:53 UTC 2020
7 ms. Memory: 48128K Free: 27989K (58%)
ptolemy.util.test.WatchDog.cancel(): canceling Wed Jan 01 06:33:53 UTC 2020
auto.tcl: Setting watchdog for 200 seconds at Wed Jan 01 06:33:53 UTC 2020
4 ms. Memory: 48128K Free: 26695K (55%)
ptolemy.util.test.WatchDog.cancel(): canceling Wed Jan 01 06:33:53 UTC 2020
------------------ testing $PTII/ptolemy/domains/de/test/auto/DateDemo.xml
auto.tcl: Setting watchdog for 200 seconds at Wed Jan 01 06:33:53 UTC 2020
16 ms. Memory: 48128K Free: 22327K (46%)
ptolemy.util.test.WatchDog.cancel(): canceling Wed Jan 01 06:33:53 UTC 2020
auto.tcl: Setting watchdog for 200 seconds at Wed Jan 01 06:33:53 UTC 2020
8 ms. Memory: 48128K Free: 20702K (43%)
ptolemy.util.test.WatchDog.cancel(): canceling Wed Jan 01 06:33:53 UTC 2020
------------------ testing $PTII/ptolemy/domains/de/test/auto/DateToEvent.xml
auto.tcl: Setting watchdog for 200 seconds at Wed Jan 01 06:33:53 UTC 2020
2014 ms. Memory: 48128K Free: 18259K (38%)
ptolemy.util.test.WatchDog.cancel(): canceling Wed Jan 01 06:33:55 UTC 2020
auto.tcl: Setting watchdog for 200 seconds at Wed Jan 01 06:33:55 UTC 2020
2010 ms. Memory: 48128K Free: 17488K (36%)
ptolemy.util.test.WatchDog.cancel(): canceling Wed Jan 01 06:33:57 UTC 2020
------------------ testing $PTII/ptolemy/domains/de/test/auto/DepthTest1.xml
auto.tcl: Setting watchdog for 200 seconds at Wed Jan 01 06:33:57 UTC 2020
3 ms. Memory: 48128K Free: 31406K (65%)
ptolemy.util.test.WatchDog.cancel(): canceling Wed Jan 01 06:33:57 UTC 2020
auto.tcl: Setting watchdog for 200 seconds at Wed Jan 01 06:33:57 UTC 2020
2 ms. Memory: 48128K Free: 30975K (64%)
ptolemy.util.test.WatchDog.cancel(): canceling Wed Jan 01 06:33:57 UTC 2020
------------------ testing $PTII/ptolemy/domains/de/test/auto/DepthTest2.xml
auto.tcl: Setting watchdog for 200 seconds at Wed Jan 01 06:33:57 UTC 2020
9 ms. Memory: 48128K Free: 28255K (59%)
ptolemy.util.test.WatchDog.cancel(): canceling Wed Jan 01 06:33:57 UTC 2020
auto.tcl: Setting watchdog for 200 seconds at Wed Jan 01 06:33:57 UTC 2020
2 ms. Memory: 48128K Free: 27823K (58%)
ptolemy.util.test.WatchDog.cancel(): canceling Wed Jan 01 06:33:57 UTC 2020
------------------ testing $PTII/ptolemy/domains/de/test/auto/DepthTest3.xml
auto.tcl: Setting watchdog for 200 seconds at Wed Jan 01 06:33:57 UTC 2020
2 ms. Memory: 48128K Free: 31810K (66%)
ptolemy.util.test.WatchDog.cancel(): canceling Wed Jan 01 06:33:57 UTC 2020
auto.tcl: Setting watchdog for 200 seconds at Wed Jan 01 06:33:57 UTC 2020
2 ms. Memory: 48128K Free: 31318K (65%)
ptolemy.util.test.WatchDog.cancel(): canceling Wed Jan 01 06:33:57 UTC 2020
------------------ testing $PTII/ptolemy/domains/de/test/auto/DepthTest4.xml
auto.tcl: Setting watchdog for 200 seconds at Wed Jan 01 06:33:57 UTC 2020
4 ms. Memory: 48128K Free: 30087K (63%)
ptolemy.util.test.WatchDog.cancel(): canceling Wed Jan 01 06:33:57 UTC 2020
auto.tcl: Setting watchdog for 200 seconds at Wed Jan 01 06:33:57 UTC 2020
2 ms. Memory: 48128K Free: 29348K (61%)
ptolemy.util.test.WatchDog.cancel(): canceling Wed Jan 01 06:33:57 UTC 2020
------------------ testing $PTII/ptolemy/domains/de/test/auto/DepthTest5.xml
auto.tcl: Setting watchdog for 200 seconds at Wed Jan 01 06:33:57 UTC 2020
5 ms. Memory: 48128K Free: 29443K (61%)
ptolemy.util.test.WatchDog.cancel(): canceling Wed Jan 01 06:33:57 UTC 2020
auto.tcl: Setting watchdog for 200 seconds at Wed Jan 01 06:33:57 UTC 2020
2 ms. Memory: 48128K Free: 28697K (60%)
ptolemy.util.test.WatchDog.cancel(): canceling Wed Jan 01 06:33:57 UTC 2020
------------------ testing $PTII/ptolemy/domains/de/test/auto/DepthTest6.xml
auto.tcl: Setting watchdog for 200 seconds at Wed Jan 01 06:33:57 UTC 2020
4 ms. Memory: 48128K Free: 29180K (61%)
ptolemy.util.test.WatchDog.cancel(): canceling Wed Jan 01 06:33:57 UTC 2020
auto.tcl: Setting watchdog for 200 seconds at Wed Jan 01 06:33:57 UTC 2020
2 ms. Memory: 48128K Free: 28741K (60%)
ptolemy.util.test.WatchDog.cancel(): canceling Wed Jan 01 06:33:57 UTC 2020
------------------ testing $PTII/ptolemy/domains/de/test/auto/DepthTest7.xml
auto.tcl: Setting watchdog for 200 seconds at Wed Jan 01 06:33:57 UTC 2020
2 ms. Memory: 48128K Free: 29932K (62%)
ptolemy.util.test.WatchDog.cancel(): canceling Wed Jan 01 06:33:57 UTC 2020
auto.tcl: Setting watchdog for 200 seconds at Wed Jan 01 06:33:57 UTC 2020
2 ms. Memory: 48128K Free: 29247K (61%)
ptolemy.util.test.WatchDog.cancel(): canceling Wed Jan 01 06:33:57 UTC 2020
------------------ testing $PTII/ptolemy/domains/de/test/auto/EventToDate.xml
auto.tcl: Setting watchdog for 200 seconds at Wed Jan 01 06:33:57 UTC 2020
3008 ms. Memory: 48128K Free: 20580K (43%)
ptolemy.util.test.WatchDog.cancel(): canceling Wed Jan 01 06:34:00 UTC 2020
auto.tcl: Setting watchdog for 200 seconds at Wed Jan 01 06:34:00 UTC 2020
3004 ms. Memory: 48128K Free: 20069K (42%)
ptolemy.util.test.WatchDog.cancel(): canceling Wed Jan 01 06:34:03 UTC 2020
------------------ testing $PTII/ptolemy/domains/de/test/auto/FSM1.xml
auto.tcl: Setting watchdog for 200 seconds at Wed Jan 01 06:34:04 UTC 2020
43 ms. Memory: 48128K Free: 21478K (45%)
ptolemy.util.test.WatchDog.cancel(): canceling Wed Jan 01 06:34:04 UTC 2020
auto.tcl: Setting watchdog for 200 seconds at Wed Jan 01 06:34:04 UTC 2020
24 ms. Memory: 48128K Free: 18324K (38%)
ptolemy.util.test.WatchDog.cancel(): canceling Wed Jan 01 06:34:04 UTC 2020
------------------ testing $PTII/ptolemy/domains/de/test/auto/FSM7.xml
auto.tcl: Setting watchdog for 200 seconds at Wed Jan 01 06:34:04 UTC 2020
20 ms. Memory: 48128K Free: 21656K (45%)
ptolemy.util.test.WatchDog.cancel(): canceling Wed Jan 01 06:34:04 UTC 2020
auto.tcl: Setting watchdog for 200 seconds at Wed Jan 01 06:34:04 UTC 2020
18 ms. Memory: 48128K Free: 18526K (38%)
ptolemy.util.test.WatchDog.cancel(): canceling Wed Jan 01 06:34:04 UTC 2020
------------------ testing $PTII/ptolemy/domains/de/test/auto/Inspection.xml
auto.tcl: Setting watchdog for 200 seconds at Wed Jan 01 06:34:04 UTC 2020
49 ms. Memory: 48128K Free: 21719K (45%)
ptolemy.util.test.WatchDog.cancel(): canceling Wed Jan 01 06:34:04 UTC 2020
auto.tcl: Setting watchdog for 200 seconds at Wed Jan 01 06:34:04 UTC 2020
19 ms. Memory: 48128K Free: 19994K (42%)
ptolemy.util.test.WatchDog.cancel(): canceling Wed Jan 01 06:34:04 UTC 2020
------------------ testing $PTII/ptolemy/domains/de/test/auto/Iteration.xml
auto.tcl: Setting watchdog for 200 seconds at Wed Jan 01 06:34:04 UTC 2020
7 ms. Memory: 48128K Free: 27462K (57%)
ptolemy.util.test.WatchDog.cancel(): canceling Wed Jan 01 06:34:04 UTC 2020
auto.tcl: Setting watchdog for 200 seconds at Wed Jan 01 06:34:04 UTC 2020
8 ms. Memory: 48128K Free: 26054K (54%)
ptolemy.util.test.WatchDog.cancel(): canceling Wed Jan 01 06:34:04 UTC 2020
------------------ testing $PTII/ptolemy/domains/de/test/auto/LineFault.xml
auto.tcl: Setting watchdog for 200 seconds at Wed Jan 01 06:34:04 UTC 2020
538 ms. Memory: 48128K Free: 30083K (63%)
ptolemy.util.test.WatchDog.cancel(): canceling Wed Jan 01 06:34:05 UTC 2020
auto.tcl: Setting watchdog for 200 seconds at Wed Jan 01 06:34:05 UTC 2020
496 ms. Memory: 58368K Free: 28855K (49%)
ptolemy.util.test.WatchDog.cancel(): canceling Wed Jan 01 06:34:05 UTC 2020
------------------ testing $PTII/ptolemy/domains/de/test/auto/MergeModel1Add.xml
auto.tcl: Setting watchdog for 200 seconds at Wed Jan 01 06:34:05 UTC 2020
34 ms. Memory: 55296K Free: 20615K (37%)
ptolemy.util.test.WatchDog.cancel(): canceling Wed Jan 01 06:34:06 UTC 2020
auto.tcl: Setting watchdog for 200 seconds at Wed Jan 01 06:34:06 UTC 2020
14 ms. Memory: 55296K Free: 18925K (34%)
ptolemy.util.test.WatchDog.cancel(): canceling Wed Jan 01 06:34:06 UTC 2020
------------------ testing $PTII/ptolemy/domains/de/test/auto/MergeModel2Add.xml
auto.tcl: Setting watchdog for 200 seconds at Wed Jan 01 06:34:06 UTC 2020
8 ms. Memory: 51200K Free: 18356K (36%)
ptolemy.util.test.WatchDog.cancel(): canceling Wed Jan 01 06:34:06 UTC 2020
auto.tcl: Setting watchdog for 200 seconds at Wed Jan 01 06:34:06 UTC 2020
7 ms. Memory: 51200K Free: 16600K (32%)
ptolemy.util.test.WatchDog.cancel(): canceling Wed Jan 01 06:34:06 UTC 2020
------------------ testing $PTII/ptolemy/domains/de/test/auto/MergeModel3Add.xml
auto.tcl: Setting watchdog for 200 seconds at Wed Jan 01 06:34:06 UTC 2020
8 ms. Memory: 51200K Free: 18572K (36%)
ptolemy.util.test.WatchDog.cancel(): canceling Wed Jan 01 06:34:06 UTC 2020
auto.tcl: Setting watchdog for 200 seconds at Wed Jan 01 06:34:06 UTC 2020
9 ms. Memory: 51200K Free: 17155K (34%)
ptolemy.util.test.WatchDog.cancel(): canceling Wed Jan 01 06:34:06 UTC 2020
------------------ testing $PTII/ptolemy/domains/de/test/auto/MergeWithoutDiscard.xml
auto.tcl: Setting watchdog for 200 seconds at Wed Jan 01 06:34:06 UTC 2020
1 ms. Memory: 48128K Free: 30067K (62%)
ptolemy.util.test.WatchDog.cancel(): canceling Wed Jan 01 06:34:06 UTC 2020
auto.tcl: Setting watchdog for 200 seconds at Wed Jan 01 06:34:06 UTC 2020
2 ms. Memory: 48128K Free: 29647K (62%)
ptolemy.util.test.WatchDog.cancel(): canceling Wed Jan 01 06:34:06 UTC 2020
------------------ testing $PTII/ptolemy/domains/de/test/auto/Modal1.xml
auto.tcl: Setting watchdog for 200 seconds at Wed Jan 01 06:34:06 UTC 2020
16 ms. Memory: 48128K Free: 22011K (46%)
ptolemy.util.test.WatchDog.cancel(): canceling Wed Jan 01 06:34:06 UTC 2020
auto.tcl: Setting watchdog for 200 seconds at Wed Jan 01 06:34:06 UTC 2020
21 ms. Memory: 48128K Free: 18542K (39%)
ptolemy.util.test.WatchDog.cancel(): canceling Wed Jan 01 06:34:06 UTC 2020
------------------ testing $PTII/ptolemy/domains/de/test/auto/Modal2.xml
auto.tcl: Setting watchdog for 200 seconds at Wed Jan 01 06:34:06 UTC 2020
11 ms. Memory: 48128K Free: 22123K (46%)
ptolemy.util.test.WatchDog.cancel(): canceling Wed Jan 01 06:34:06 UTC 2020
auto.tcl: Setting watchdog for 200 seconds at Wed Jan 01 06:34:06 UTC 2020
12 ms. Memory: 48128K Free: 18860K (39%)
ptolemy.util.test.WatchDog.cancel(): canceling Wed Jan 01 06:34:06 UTC 2020
------------------ testing $PTII/ptolemy/domains/de/test/auto/Modal3.xml
auto.tcl: Setting watchdog for 200 seconds at Wed Jan 01 06:34:06 UTC 2020
15 ms. Memory: 48128K Free: 21841K (45%)
ptolemy.util.test.WatchDog.cancel(): canceling Wed Jan 01 06:34:06 UTC 2020
auto.tcl: Setting watchdog for 200 seconds at Wed Jan 01 06:34:06 UTC 2020
14 ms. Memory: 48128K Free: 18887K (39%)
ptolemy.util.test.WatchDog.cancel(): canceling Wed Jan 01 06:34:06 UTC 2020
------------------ testing $PTII/ptolemy/domains/de/test/auto/Modal4.xml
auto.tcl: Setting watchdog for 200 seconds at Wed Jan 01 06:34:06 UTC 2020
31 ms. Memory: 48128K Free: 21073K (44%)
ptolemy.util.test.WatchDog.cancel(): canceling Wed Jan 01 06:34:06 UTC 2020
auto.tcl: Setting watchdog for 200 seconds at Wed Jan 01 06:34:06 UTC 2020
29 ms. Memory: 48128K Free: 17236K (36%)
ptolemy.util.test.WatchDog.cancel(): canceling Wed Jan 01 06:34:06 UTC 2020
------------------ testing $PTII/ptolemy/domains/de/test/auto/Modal5.xml
auto.tcl: Setting watchdog for 200 seconds at Wed Jan 01 06:34:06 UTC 2020
15 ms. Memory: 48128K Free: 21082K (44%)
ptolemy.util.test.WatchDog.cancel(): canceling Wed Jan 01 06:34:06 UTC 2020
auto.tcl: Setting watchdog for 200 seconds at Wed Jan 01 06:34:06 UTC 2020
13 ms. Memory: 48128K Free: 17223K (36%)
ptolemy.util.test.WatchDog.cancel(): canceling Wed Jan 01 06:34:06 UTC 2020
------------------ testing $PTII/ptolemy/domains/de/test/auto/Modal6.xml
auto.tcl: Setting watchdog for 200 seconds at Wed Jan 01 06:34:06 UTC 2020
16 ms. Memory: 48128K Free: 21868K (45%)
ptolemy.util.test.WatchDog.cancel(): canceling Wed Jan 01 06:34:06 UTC 2020
auto.tcl: Setting watchdog for 200 seconds at Wed Jan 01 06:34:06 UTC 2020
19 ms. Memory: 48128K Free: 17864K (37%)
ptolemy.util.test.WatchDog.cancel(): canceling Wed Jan 01 06:34:07 UTC 2020
------------------ testing $PTII/ptolemy/domains/de/test/auto/Modal7.xml
auto.tcl: Setting watchdog for 200 seconds at Wed Jan 01 06:34:07 UTC 2020
19 ms. Memory: 48128K Free: 20815K (43%)
ptolemy.util.test.WatchDog.cancel(): canceling Wed Jan 01 06:34:07 UTC 2020
auto.tcl: Setting watchdog for 200 seconds at Wed Jan 01 06:34:07 UTC 2020
13 ms. Memory: 48128K Free: 17222K (36%)
ptolemy.util.test.WatchDog.cancel(): canceling Wed Jan 01 06:34:07 UTC 2020
------------------ testing $PTII/ptolemy/domains/de/test/auto/ModalModel.xml
auto.tcl: Setting watchdog for 200 seconds at Wed Jan 01 06:34:07 UTC 2020
212 ms. Memory: 48128K Free: 33052K (69%)
ptolemy.util.test.WatchDog.cancel(): canceling Wed Jan 01 06:34:07 UTC 2020
auto.tcl: Setting watchdog for 200 seconds at Wed Jan 01 06:34:07 UTC 2020
208 ms. Memory: 58368K Free: 34853K (60%)
ptolemy.util.test.WatchDog.cancel(): canceling Wed Jan 01 06:34:07 UTC 2020
------------------ testing $PTII/ptolemy/domains/de/test/auto/ModalSource.xml
auto.tcl: Setting watchdog for 200 seconds at Wed Jan 01 06:34:07 UTC 2020
10 ms. Memory: 51200K Free: 28440K (56%)
ptolemy.util.test.WatchDog.cancel(): canceling Wed Jan 01 06:34:07 UTC 2020
auto.tcl: Setting watchdog for 200 seconds at Wed Jan 01 06:34:07 UTC 2020
6 ms. Memory: 51200K Free: 26443K (52%)
ptolemy.util.test.WatchDog.cancel(): canceling Wed Jan 01 06:34:07 UTC 2020
------------------ testing $PTII/ptolemy/domains/de/test/auto/NonInterruptibleTimerZeroDelay.xml
auto.tcl: Setting watchdog for 200 seconds at Wed Jan 01 06:34:07 UTC 2020
3 ms. Memory: 51200K Free: 33872K (66%)
ptolemy.util.test.WatchDog.cancel(): canceling Wed Jan 01 06:34:07 UTC 2020
auto.tcl: Setting watchdog for 200 seconds at Wed Jan 01 06:34:07 UTC 2020
2 ms. Memory: 51200K Free: 33204K (65%)
ptolemy.util.test.WatchDog.cancel(): canceling Wed Jan 01 06:34:07 UTC 2020
------------------ testing $PTII/ptolemy/domains/de/test/auto/OpenQueueingNetwork.xml
auto.tcl: Setting watchdog for 200 seconds at Wed Jan 01 06:34:07 UTC 2020
2842 ms. Memory: 89088K Free: 63823K (72%)
ptolemy.util.test.WatchDog.cancel(): canceling Wed Jan 01 06:34:10 UTC 2020
auto.tcl: Setting watchdog for 200 seconds at Wed Jan 01 06:34:10 UTC 2020
2516 ms. Memory: 107520K Free: 79629K (74%)
ptolemy.util.test.WatchDog.cancel(): canceling Wed Jan 01 06:34:13 UTC 2020
------------------ testing $PTII/ptolemy/domains/de/test/auto/OpenQueuingNetwork.xml
auto.tcl: Setting watchdog for 200 seconds at Wed Jan 01 06:34:13 UTC 2020
256 ms. Memory: 55296K Free: 26960K (49%)
ptolemy.util.test.WatchDog.cancel(): canceling Wed Jan 01 06:34:13 UTC 2020
auto.tcl: Setting watchdog for 200 seconds at Wed Jan 01 06:34:13 UTC 2020
256 ms. Memory: 55296K Free: 36586K (66%)
ptolemy.util.test.WatchDog.cancel(): canceling Wed Jan 01 06:34:14 UTC 2020
------------------ testing $PTII/ptolemy/domains/de/test/auto/PeriodicSampler.xml
auto.tcl: Setting watchdog for 200 seconds at Wed Jan 01 06:34:14 UTC 2020
2 ms. Memory: 48128K Free: 30031K (62%)
ptolemy.util.test.WatchDog.cancel(): canceling Wed Jan 01 06:34:14 UTC 2020
auto.tcl: Setting watchdog for 200 seconds at Wed Jan 01 06:34:14 UTC 2020
2 ms. Memory: 48128K Free: 29549K (61%)
ptolemy.util.test.WatchDog.cancel(): canceling Wed Jan 01 06:34:14 UTC 2020
------------------ testing $PTII/ptolemy/domains/de/test/auto/PersistentIO.xml
auto.tcl: Setting watchdog for 200 seconds at Wed Jan 01 06:34:14 UTC 2020
5 ms. Memory: 48128K Free: 24970K (52%)
ptolemy.util.test.WatchDog.cancel(): canceling Wed Jan 01 06:34:14 UTC 2020
auto.tcl: Setting watchdog for 200 seconds at Wed Jan 01 06:34:14 UTC 2020
3 ms. Memory: 48128K Free: 23503K (49%)
ptolemy.util.test.WatchDog.cancel(): canceling Wed Jan 01 06:34:14 UTC 2020
------------------ testing $PTII/ptolemy/domains/de/test/auto/PortParameterResetOnInitialize.xml
auto.tcl: Setting watchdog for 200 seconds at Wed Jan 01 06:34:14 UTC 2020
7 ms. Memory: 48128K Free: 29924K (62%)
ptolemy.util.test.WatchDog.cancel(): canceling Wed Jan 01 06:34:14 UTC 2020
auto.tcl: Setting watchdog for 200 seconds at Wed Jan 01 06:34:14 UTC 2020
2 ms. Memory: 48128K Free: 29444K (61%)
ptolemy.util.test.WatchDog.cancel(): canceling Wed Jan 01 06:34:14 UTC 2020
------------------ testing $PTII/ptolemy/domains/de/test/auto/PortParameterUpdates.xml
auto.tcl: Setting watchdog for 200 seconds at Wed Jan 01 06:34:14 UTC 2020
5 ms. Memory: 48128K Free: 28283K (59%)
ptolemy.util.test.WatchDog.cancel(): canceling Wed Jan 01 06:34:14 UTC 2020
auto.tcl: Setting watchdog for 200 seconds at Wed Jan 01 06:34:14 UTC 2020
5 ms. Memory: 48128K Free: 27031K (56%)
ptolemy.util.test.WatchDog.cancel(): canceling Wed Jan 01 06:34:14 UTC 2020
------------------ testing $PTII/ptolemy/domains/de/test/auto/QueueAndServer.xml
auto.tcl: Setting watchdog for 200 seconds at Wed Jan 01 06:34:14 UTC 2020
15 ms. Memory: 48128K Free: 26956K (56%)
ptolemy.util.test.WatchDog.cancel(): canceling Wed Jan 01 06:34:14 UTC 2020
auto.tcl: Setting watchdog for 200 seconds at Wed Jan 01 06:34:14 UTC 2020
7 ms. Memory: 48128K Free: 25510K (53%)
ptolemy.util.test.WatchDog.cancel(): canceling Wed Jan 01 06:34:14 UTC 2020
------------------ testing $PTII/ptolemy/domains/de/test/auto/Records.xml
auto.tcl: Setting watchdog for 200 seconds at Wed Jan 01 06:34:14 UTC 2020
3 ms. Memory: 48128K Free: 29484K (61%)
ptolemy.util.test.WatchDog.cancel(): canceling Wed Jan 01 06:34:14 UTC 2020
auto.tcl: Setting watchdog for 200 seconds at Wed Jan 01 06:34:14 UTC 2020
2 ms. Memory: 48128K Free: 29001K (60%)
ptolemy.util.test.WatchDog.cancel(): canceling Wed Jan 01 06:34:14 UTC 2020
------------------ testing $PTII/ptolemy/domains/de/test/auto/ResetTransitionWithStartTime1.xml
auto.tcl: Setting watchdog for 200 seconds at Wed Jan 01 06:34:14 UTC 2020
11 ms. Memory: 48128K Free: 26440K (55%)
ptolemy.util.test.WatchDog.cancel(): canceling Wed Jan 01 06:34:14 UTC 2020
auto.tcl: Setting watchdog for 200 seconds at Wed Jan 01 06:34:14 UTC 2020
6 ms. Memory: 48128K Free: 23879K (50%)
ptolemy.util.test.WatchDog.cancel(): canceling Wed Jan 01 06:34:14 UTC 2020
------------------ testing $PTII/ptolemy/domains/de/test/auto/ResetTransitionWithStartTime2.xml
auto.tcl: Setting watchdog for 200 seconds at Wed Jan 01 06:34:14 UTC 2020
6 ms. Memory: 48128K Free: 26395K (55%)
ptolemy.util.test.WatchDog.cancel(): canceling Wed Jan 01 06:34:14 UTC 2020
auto.tcl: Setting watchdog for 200 seconds at Wed Jan 01 06:34:14 UTC 2020
6 ms. Memory: 48128K Free: 23850K (50%)
ptolemy.util.test.WatchDog.cancel(): canceling Wed Jan 01 06:34:14 UTC 2020
------------------ testing $PTII/ptolemy/domains/de/test/auto/ResetTransitionWithStartTime3.xml
auto.tcl: Setting watchdog for 200 seconds at Wed Jan 01 06:34:14 UTC 2020
9 ms. Memory: 48128K Free: 26393K (55%)
ptolemy.util.test.WatchDog.cancel(): canceling Wed Jan 01 06:34:14 UTC 2020
auto.tcl: Setting watchdog for 200 seconds at Wed Jan 01 06:34:14 UTC 2020
6 ms. Memory: 48128K Free: 24345K (51%)
ptolemy.util.test.WatchDog.cancel(): canceling Wed Jan 01 06:34:14 UTC 2020
------------------ testing $PTII/ptolemy/domains/de/test/auto/ResetTransitionWithStartTime4.xml
auto.tcl: Setting watchdog for 200 seconds at Wed Jan 01 06:34:14 UTC 2020
11 ms. Memory: 48128K Free: 26881K (56%)
ptolemy.util.test.WatchDog.cancel(): canceling Wed Jan 01 06:34:14 UTC 2020
auto.tcl: Setting watchdog for 200 seconds at Wed Jan 01 06:34:14 UTC 2020
4 ms. Memory: 48128K Free: 25436K (53%)
ptolemy.util.test.WatchDog.cancel(): canceling Wed Jan 01 06:34:14 UTC 2020
------------------ testing $PTII/ptolemy/domains/de/test/auto/ResettableTimer1.xml
auto.tcl: Setting watchdog for 200 seconds at Wed Jan 01 06:34:14 UTC 2020
4 ms. Memory: 48128K Free: 30664K (64%)
ptolemy.util.test.WatchDog.cancel(): canceling Wed Jan 01 06:34:14 UTC 2020
auto.tcl: Setting watchdog for 200 seconds at Wed Jan 01 06:34:14 UTC 2020
5 ms. Memory: 48128K Free: 29992K (62%)
ptolemy.util.test.WatchDog.cancel(): canceling Wed Jan 01 06:34:14 UTC 2020
------------------ testing $PTII/ptolemy/domains/de/test/auto/ResettableTimer2.xml
auto.tcl: Setting watchdog for 200 seconds at Wed Jan 01 06:34:14 UTC 2020
3 ms. Memory: 48128K Free: 30686K (64%)
ptolemy.util.test.WatchDog.cancel(): canceling Wed Jan 01 06:34:14 UTC 2020
auto.tcl: Setting watchdog for 200 seconds at Wed Jan 01 06:34:14 UTC 2020
2 ms. Memory: 48128K Free: 29571K (61%)
ptolemy.util.test.WatchDog.cancel(): canceling Wed Jan 01 06:34:14 UTC 2020
------------------ testing $PTII/ptolemy/domains/de/test/auto/ResettableTimer3.xml
auto.tcl: Setting watchdog for 200 seconds at Wed Jan 01 06:34:14 UTC 2020
2 ms. Memory: 48128K Free: 30560K (63%)
ptolemy.util.test.WatchDog.cancel(): canceling Wed Jan 01 06:34:15 UTC 2020
auto.tcl: Setting watchdog for 200 seconds at Wed Jan 01 06:34:15 UTC 2020
2 ms. Memory: 48128K Free: 30526K (63%)
ptolemy.util.test.WatchDog.cancel(): canceling Wed Jan 01 06:34:15 UTC 2020
------------------ testing $PTII/ptolemy/domains/de/test/auto/ResettableTimer4.xml
auto.tcl: Setting watchdog for 200 seconds at Wed Jan 01 06:34:15 UTC 2020
1 ms. Memory: 48128K Free: 30573K (64%)
ptolemy.util.test.WatchDog.cancel(): canceling Wed Jan 01 06:34:15 UTC 2020
auto.tcl: Setting watchdog for 200 seconds at Wed Jan 01 06:34:15 UTC 2020
1 ms. Memory: 48128K Free: 30075K (62%)
ptolemy.util.test.WatchDog.cancel(): canceling Wed Jan 01 06:34:15 UTC 2020
------------------ testing $PTII/ptolemy/domains/de/test/auto/ResettableTimer5.xml
auto.tcl: Setting watchdog for 200 seconds at Wed Jan 01 06:34:15 UTC 2020
1 ms. Memory: 48128K Free: 30010K (62%)
ptolemy.util.test.WatchDog.cancel(): canceling Wed Jan 01 06:34:15 UTC 2020
auto.tcl: Setting watchdog for 200 seconds at Wed Jan 01 06:34:15 UTC 2020
2 ms. Memory: 48128K Free: 29515K (61%)
ptolemy.util.test.WatchDog.cancel(): canceling Wed Jan 01 06:34:15 UTC 2020
------------------ testing $PTII/ptolemy/domains/de/test/auto/ResettableTimer6.xml
auto.tcl: Setting watchdog for 200 seconds at Wed Jan 01 06:34:15 UTC 2020
1 ms. Memory: 48128K Free: 30014K (62%)
ptolemy.util.test.WatchDog.cancel(): canceling Wed Jan 01 06:34:15 UTC 2020
auto.tcl: Setting watchdog for 200 seconds at Wed Jan 01 06:34:15 UTC 2020
1 ms. Memory: 48128K Free: 29536K (61%)
ptolemy.util.test.WatchDog.cancel(): canceling Wed Jan 01 06:34:15 UTC 2020
------------------ testing $PTII/ptolemy/domains/de/test/auto/ServerZeroDelay.xml
auto.tcl: Setting watchdog for 200 seconds at Wed Jan 01 06:34:15 UTC 2020
2 ms. Memory: 48128K Free: 30520K (63%)
ptolemy.util.test.WatchDog.cancel(): canceling Wed Jan 01 06:34:15 UTC 2020
auto.tcl: Setting watchdog for 200 seconds at Wed Jan 01 06:34:15 UTC 2020
2 ms. Memory: 48128K Free: 29542K (61%)
ptolemy.util.test.WatchDog.cancel(): canceling Wed Jan 01 06:34:15 UTC 2020
------------------ testing $PTII/ptolemy/domains/de/test/auto/SmartSender.xml
auto.tcl: Setting watchdog for 200 seconds at Wed Jan 01 06:34:15 UTC 2020
3001 ms. Memory: 48128K Free: 30532K (63%)
ptolemy.util.test.WatchDog.cancel(): canceling Wed Jan 01 06:34:18 UTC 2020
auto.tcl: Setting watchdog for 200 seconds at Wed Jan 01 06:34:18 UTC 2020
3001 ms. Memory: 48128K Free: 30035K (62%)
ptolemy.util.test.WatchDog.cancel(): canceling Wed Jan 01 06:34:21 UTC 2020
------------------ testing $PTII/ptolemy/domains/de/test/auto/ThreadedComposite.xml
auto.tcl: Setting watchdog for 200 seconds at Wed Jan 01 06:34:21 UTC 2020
213 ms. Memory: 48128K Free: 11582K (24%)
ptolemy.util.test.WatchDog.cancel(): canceling Wed Jan 01 06:34:21 UTC 2020
auto.tcl: Setting watchdog for 200 seconds at Wed Jan 01 06:34:21 UTC 2020
159 ms. Memory: 48128K Free: 24736K (51%)
ptolemy.util.test.WatchDog.cancel(): canceling Wed Jan 01 06:34:21 UTC 2020
------------------ testing $PTII/ptolemy/domains/de/test/auto/Time.xml
auto.tcl: Setting watchdog for 200 seconds at Wed Jan 01 06:34:21 UTC 2020
411 ms. Memory: 48128K Free: 33177K (69%)
ptolemy.util.test.WatchDog.cancel(): canceling Wed Jan 01 06:34:22 UTC 2020
auto.tcl: Setting watchdog for 200 seconds at Wed Jan 01 06:34:22 UTC 2020
420 ms. Memory: 48128K Free: 9254K (19%)
ptolemy.util.test.WatchDog.cancel(): canceling Wed Jan 01 06:34:22 UTC 2020
------------------ testing $PTII/ptolemy/domains/de/test/auto/TimeDelayZeroDelay.xml
auto.tcl: Setting watchdog for 200 seconds at Wed Jan 01 06:34:22 UTC 2020
2 ms. Memory: 48128K Free: 30924K (64%)
ptolemy.util.test.WatchDog.cancel(): canceling Wed Jan 01 06:34:22 UTC 2020
auto.tcl: Setting watchdog for 200 seconds at Wed Jan 01 06:34:22 UTC 2020
1 ms. Memory: 48128K Free: 30029K (62%)
ptolemy.util.test.WatchDog.cancel(): canceling Wed Jan 01 06:34:22 UTC 2020
------------------ testing $PTII/ptolemy/domains/de/test/auto/TimerZeroDelay.xml
auto.tcl: Setting watchdog for 200 seconds at Wed Jan 01 06:34:22 UTC 2020
3 ms. Memory: 48128K Free: 30953K (64%)
ptolemy.util.test.WatchDog.cancel(): canceling Wed Jan 01 06:34:22 UTC 2020
auto.tcl: Setting watchdog for 200 seconds at Wed Jan 01 06:34:22 UTC 2020
2 ms. Memory: 48128K Free: 30500K (63%)
ptolemy.util.test.WatchDog.cancel(): canceling Wed Jan 01 06:34:22 UTC 2020
------------------ testing $PTII/ptolemy/domains/de/test/auto/TimingParadox.xml
auto.tcl: Setting watchdog for 200 seconds at Wed Jan 01 06:34:22 UTC 2020
292 ms. Memory: 48128K Free: 14145K (29%)
ptolemy.util.test.WatchDog.cancel(): canceling Wed Jan 01 06:34:23 UTC 2020
auto.tcl: Setting watchdog for 200 seconds at Wed Jan 01 06:34:23 UTC 2020
306 ms. Memory: 48128K Free: 26358K (55%)
ptolemy.util.test.WatchDog.cancel(): canceling Wed Jan 01 06:34:23 UTC 2020
------------------ testing $PTII/ptolemy/domains/de/test/auto/TransferInputs.xml
auto.tcl: Setting watchdog for 200 seconds at Wed Jan 01 06:34:23 UTC 2020
1 ms. Memory: 48128K Free: 28938K (60%)
ptolemy.util.test.WatchDog.cancel(): canceling Wed Jan 01 06:34:23 UTC 2020
auto.tcl: Setting watchdog for 200 seconds at Wed Jan 01 06:34:23 UTC 2020
1 ms. Memory: 48128K Free: 28075K (58%)
ptolemy.util.test.WatchDog.cancel(): canceling Wed Jan 01 06:34:23 UTC 2020
------------------ testing $PTII/ptolemy/domains/de/test/auto/TransferOutputs2.xml
auto.tcl: Setting watchdog for 200 seconds at Wed Jan 01 06:34:23 UTC 2020
3 ms. Memory: 48128K Free: 26397K (55%)
ptolemy.util.test.WatchDog.cancel(): canceling Wed Jan 01 06:34:23 UTC 2020
auto.tcl: Setting watchdog for 200 seconds at Wed Jan 01 06:34:23 UTC 2020
3 ms. Memory: 48128K Free: 25000K (52%)
ptolemy.util.test.WatchDog.cancel(): canceling Wed Jan 01 06:34:23 UTC 2020
------------------ testing $PTII/ptolemy/domains/de/test/auto/Trilateration.xml
auto.tcl: Setting watchdog for 200 seconds at Wed Jan 01 06:34:23 UTC 2020
11905 ms. Memory: 515072K Free: 403694K (78%)
ptolemy.util.test.WatchDog.cancel(): canceling Wed Jan 01 06:34:36 UTC 2020
auto.tcl: Setting watchdog for 200 seconds at Wed Jan 01 06:34:36 UTC 2020
9008 ms. Memory: 515072K Free: 198461K (39%)
ptolemy.util.test.WatchDog.cancel(): canceling Wed Jan 01 06:34:45 UTC 2020
------------------ testing $PTII/ptolemy/domains/de/test/auto/TwoSigmaDelta.xml
auto.tcl: Setting watchdog for 200 seconds at Wed Jan 01 06:34:45 UTC 2020
2240 ms. Memory: 86016K Free: 15806K (18%)
ptolemy.util.test.WatchDog.cancel(): canceling Wed Jan 01 06:34:48 UTC 2020
auto.tcl: Setting watchdog for 200 seconds at Wed Jan 01 06:34:48 UTC 2020
1776 ms. Memory: 86016K Free: 51167K (59%)
ptolemy.util.test.WatchDog.cancel(): canceling Wed Jan 01 06:34:49 UTC 2020
------------------ testing $PTII/ptolemy/domains/de/test/auto/VariableDelay.xml
auto.tcl: Setting watchdog for 200 seconds at Wed Jan 01 06:34:49 UTC 2020
3 ms. Memory: 51200K Free: 32508K (63%)
ptolemy.util.test.WatchDog.cancel(): canceling Wed Jan 01 06:34:49 UTC 2020
auto.tcl: Setting watchdog for 200 seconds at Wed Jan 01 06:34:49 UTC 2020
1 ms. Memory: 51200K Free: 31514K (62%)
ptolemy.util.test.WatchDog.cancel(): canceling Wed Jan 01 06:34:49 UTC 2020
------------------ testing $PTII/ptolemy/domains/de/test/auto/VariableDelay2.xml
auto.tcl: Setting watchdog for 200 seconds at Wed Jan 01 06:34:50 UTC 2020
2 ms. Memory: 51200K Free: 32931K (64%)
ptolemy.util.test.WatchDog.cancel(): canceling Wed Jan 01 06:34:50 UTC 2020
auto.tcl: Setting watchdog for 200 seconds at Wed Jan 01 06:34:50 UTC 2020
2 ms. Memory: 51200K Free: 32427K (63%)
ptolemy.util.test.WatchDog.cancel(): canceling Wed Jan 01 06:34:50 UTC 2020
------------------ testing $PTII/ptolemy/domains/de/test/auto/VariableDelayZeroDelay.xml
auto.tcl: Setting watchdog for 200 seconds at Wed Jan 01 06:34:50 UTC 2020
2 ms. Memory: 51200K Free: 33450K (65%)
ptolemy.util.test.WatchDog.cancel(): canceling Wed Jan 01 06:34:50 UTC 2020
auto.tcl: Setting watchdog for 200 seconds at Wed Jan 01 06:34:50 UTC 2020
2 ms. Memory: 51200K Free: 32922K (64%)
ptolemy.util.test.WatchDog.cancel(): canceling Wed Jan 01 06:34:50 UTC 2020
------------------ testing $PTII/ptolemy/domains/de/test/auto/VariableDelayZeroDelay2.xml
auto.tcl: Setting watchdog for 200 seconds at Wed Jan 01 06:34:50 UTC 2020
2 ms. Memory: 51200K Free: 33449K (65%)
ptolemy.util.test.WatchDog.cancel(): canceling Wed Jan 01 06:34:50 UTC 2020
auto.tcl: Setting watchdog for 200 seconds at Wed Jan 01 06:34:50 UTC 2020
2 ms. Memory: 51200K Free: 32425K (63%)
ptolemy.util.test.WatchDog.cancel(): canceling Wed Jan 01 06:34:50 UTC 2020
------------------ testing $PTII/ptolemy/domains/de/test/auto/deInCt.xml
auto.tcl: Setting watchdog for 200 seconds at Wed Jan 01 06:34:50 UTC 2020
0
1
1
0
0
0
0
0
1
1
1
1
1
0
0
0
1
1
1
0
0
1
1
1
0
0
0
1
1
1
0
0
0
1
1
1
0
0
0
1
1
1
0
0
0
0
30 ms. Memory: 51200K Free: 32422K (63%)
ptolemy.util.test.WatchDog.cancel(): canceling Wed Jan 01 06:34:50 UTC 2020
auto.tcl: Setting watchdog for 200 seconds at Wed Jan 01 06:34:50 UTC 2020
0
1
1
0
0
0
1
1
1
0
0
0
0
1
1
1
0
0
0
0
1
1
1
1
1
1
0
0
0
1
1
0
0
0
1
1
1
1
0
0
0
0
9 ms. Memory: 51200K Free: 30884K (60%)
ptolemy.util.test.WatchDog.cancel(): canceling Wed Jan 01 06:34:50 UTC 2020
------------------ testing $PTII/ptolemy/domains/de/test/auto/deInCt2.xml
auto.tcl: Setting watchdog for 200 seconds at Wed Jan 01 06:34:50 UTC 2020
0
1
1
1
0
0
1
1
1
0
0
1
1
1
0
0
1
1
1
0
0
1
1
1
0
0
1
1
1
0
0
1
1
1
0
0
1
1
1
0
0
0
8 ms. Memory: 51200K Free: 32423K (63%)
ptolemy.util.test.WatchDog.cancel(): canceling Wed Jan 01 06:34:50 UTC 2020
auto.tcl: Setting watchdog for 200 seconds at Wed Jan 01 06:34:50 UTC 2020
0
1
1
1
0
0
1
1
1
0
0
1
1
1
0
0
1
1
1
0
0
1
1
1
0
0
1
1
1
0
0
1
1
1
0
0
1
1
1
0
0
0
8 ms. Memory: 51200K Free: 30871K (60%)
ptolemy.util.test.WatchDog.cancel(): canceling Wed Jan 01 06:34:50 UTC 2020
------------------ testing $PTII/ptolemy/domains/de/test/auto/dynamicCausalityInterface1.xml
auto.tcl: Setting watchdog for 200 seconds at Wed Jan 01 06:34:50 UTC 2020
2 ms. Memory: 51200K Free: 28321K (55%)
ptolemy.util.test.WatchDog.cancel(): canceling Wed Jan 01 06:34:50 UTC 2020
auto.tcl: Setting watchdog for 200 seconds at Wed Jan 01 06:34:50 UTC 2020
1 ms. Memory: 51200K Free: 27807K (54%)
ptolemy.util.test.WatchDog.cancel(): canceling Wed Jan 01 06:34:50 UTC 2020
------------------ testing $PTII/ptolemy/domains/de/test/auto/fsm_de_test.xml
auto.tcl: Setting watchdog for 200 seconds at Wed Jan 01 06:34:50 UTC 2020
10 ms. Memory: 51200K Free: 28220K (55%)
ptolemy.util.test.WatchDog.cancel(): canceling Wed Jan 01 06:34:50 UTC 2020
auto.tcl: Setting watchdog for 200 seconds at Wed Jan 01 06:34:50 UTC 2020
8 ms. Memory: 51200K Free: 26172K (51%)
ptolemy.util.test.WatchDog.cancel(): canceling Wed Jan 01 06:34:50 UTC 2020
------------------ testing $PTII/ptolemy/domains/de/test/auto/functionDependencyReconstruction.xml
auto.tcl: Setting watchdog for 200 seconds at Wed Jan 01 06:34:50 UTC 2020
3 ms. Memory: 48128K Free: 19108K (40%)
ptolemy.util.test.WatchDog.cancel(): canceling Wed Jan 01 06:34:50 UTC 2020
auto.tcl: Setting watchdog for 200 seconds at Wed Jan 01 06:34:50 UTC 2020
2 ms. Memory: 48128K Free: 16974K (35%)
ptolemy.util.test.WatchDog.cancel(): canceling Wed Jan 01 06:34:50 UTC 2020
------------------ testing $PTII/ptolemy/domains/de/test/auto/multirate.xml
auto.tcl: Setting watchdog for 200 seconds at Wed Jan 01 06:34:50 UTC 2020
2 ms. Memory: 48128K Free: 27809K (58%)
ptolemy.util.test.WatchDog.cancel(): canceling Wed Jan 01 06:34:50 UTC 2020
auto.tcl: Setting watchdog for 200 seconds at Wed Jan 01 06:34:50 UTC 2020
3 ms. Memory: 48128K Free: 26144K (54%)
ptolemy.util.test.WatchDog.cancel(): canceling Wed Jan 01 06:34:50 UTC 2020
------------------ testing $PTII/ptolemy/domains/de/test/auto/multirate2.xml
auto.tcl: Setting watchdog for 200 seconds at Wed Jan 01 06:34:50 UTC 2020
7 ms. Memory: 48128K Free: 27744K (58%)
ptolemy.util.test.WatchDog.cancel(): canceling Wed Jan 01 06:34:50 UTC 2020
auto.tcl: Setting watchdog for 200 seconds at Wed Jan 01 06:34:50 UTC 2020
2 ms. Memory: 48128K Free: 26276K (55%)
ptolemy.util.test.WatchDog.cancel(): canceling Wed Jan 01 06:34:50 UTC 2020
------------------ testing $PTII/ptolemy/domains/de/test/auto/realtime.xml
auto.tcl: Setting watchdog for 200 seconds at Wed Jan 01 06:34:50 UTC 2020
10001 ms. Memory: 48128K Free: 30037K (62%)
ptolemy.util.test.WatchDog.cancel(): canceling Wed Jan 01 06:35:00 UTC 2020
auto.tcl: Setting watchdog for 200 seconds at Wed Jan 01 06:35:00 UTC 2020
10001 ms. Memory: 48128K Free: 29295K (61%)
ptolemy.util.test.WatchDog.cancel(): canceling Wed Jan 01 06:35:10 UTC 2020
------------------ testing $PTII/ptolemy/domains/de/test/auto/relationGroup.xml
auto.tcl: Setting watchdog for 200 seconds at Wed Jan 01 06:35:10 UTC 2020
1 ms. Memory: 48128K Free: 31071K (65%)
ptolemy.util.test.WatchDog.cancel(): canceling Wed Jan 01 06:35:10 UTC 2020
auto.tcl: Setting watchdog for 200 seconds at Wed Jan 01 06:35:10 UTC 2020
2 ms. Memory: 48128K Free: 30345K (63%)
ptolemy.util.test.WatchDog.cancel(): canceling Wed Jan 01 06:35:10 UTC 2020
------------------ testing $PTII/ptolemy/domains/de/test/auto/relationGroup2.xml
auto.tcl: Setting watchdog for 200 seconds at Wed Jan 01 06:35:10 UTC 2020
1 ms. Memory: 48128K Free: 31157K (65%)
ptolemy.util.test.WatchDog.cancel(): canceling Wed Jan 01 06:35:10 UTC 2020
auto.tcl: Setting watchdog for 200 seconds at Wed Jan 01 06:35:10 UTC 2020
1 ms. Memory: 48128K Free: 30401K (63%)
ptolemy.util.test.WatchDog.cancel(): canceling Wed Jan 01 06:35:10 UTC 2020
------------------ testing $PTII/ptolemy/domains/de/test/auto/sortWithOpaquePorts.xml
auto.tcl: Setting watchdog for 200 seconds at Wed Jan 01 06:35:10 UTC 2020
1 ms. Memory: 48128K Free: 29874K (62%)
ptolemy.util.test.WatchDog.cancel(): canceling Wed Jan 01 06:35:10 UTC 2020
auto.tcl: Setting watchdog for 200 seconds at Wed Jan 01 06:35:10 UTC 2020
2 ms. Memory: 48128K Free: 28893K (60%)
ptolemy.util.test.WatchDog.cancel(): canceling Wed Jan 01 06:35:10 UTC 2020
------------------ testing $PTII/ptolemy/domains/de/test/auto/transferInputsandOutputs.xml
auto.tcl: Setting watchdog for 200 seconds at Wed Jan 01 06:35:10 UTC 2020
4 ms. Memory: 48128K Free: 27317K (57%)
ptolemy.util.test.WatchDog.cancel(): canceling Wed Jan 01 06:35:10 UTC 2020
auto.tcl: Setting watchdog for 200 seconds at Wed Jan 01 06:35:10 UTC 2020
2 ms. Memory: 48128K Free: 26363K (55%)
ptolemy.util.test.WatchDog.cancel(): canceling Wed Jan 01 06:35:11 UTC 2020
------------------ testing $PTII/ptolemy/domains/de/test/auto/triggerType.xml
auto.tcl: Setting watchdog for 200 seconds at Wed Jan 01 06:35:11 UTC 2020
3 ms. Memory: 48128K Free: 30343K (63%)
ptolemy.util.test.WatchDog.cancel(): canceling Wed Jan 01 06:35:11 UTC 2020
auto.tcl: Setting watchdog for 200 seconds at Wed Jan 01 06:35:11 UTC 2020
2 ms. Memory: 48128K Free: 29390K (61%)
ptolemy.util.test.WatchDog.cancel(): canceling Wed Jan 01 06:35:11 UTC 2020
01/01/20 06:35:11
Failed: 0  Total Tests: 192  ((Passed: 187, Newly Passed: 1)  Known Failed: 5) /home/travis/build/icyphy/ptII/ptolemy/domains/de/test
01/01/20 06:35:11
Failed: 0  Total Tests: 192  ((Passed: 187, Newly Passed: 1)  Known Failed: 5) /home/travis/build/icyphy/ptII/ptolemy/domains/de/test
----------------- testing (KnownFailure) /home/travis/build/icyphy/ptII/ptolemy/domains/de/test/auto/knownFailedTests/DESDFClockTest.xml
2011 ms. Memory: 48128K Free: 23228K (48%)
Known Failure: java.lang.reflect.InvocationTargetException
----------------- testing (KnownFailure) /home/travis/build/icyphy/ptII/ptolemy/domains/de/test/auto/knownFailedTests/DirectFeedback.xml
1 ms. Memory: 48128K Free: 19642K (41%)
Known Failure: java.lang.reflect.InvocationTargetException
----------------- testing (KnownFailure) /home/travis/build/icyphy/ptII/ptolemy/domains/de/test/auto/knownFailedTests/FSMSource.xml
11 ms. Memory: 48128K Free: 11420K (24%)
----------------- testing (KnownFailure) /home/travis/build/icyphy/ptII/ptolemy/domains/de/test/auto/knownFailedTests/HierarchicalModel.xml
2 ms. Memory: 48128K Free: 22489K (47%)
Known Failure: java.lang.reflect.InvocationTargetException
----------------- testing (KnownFailure) /home/travis/build/icyphy/ptII/ptolemy/domains/de/test/auto/knownFailedTests/dependencyLoop.xml
2 ms. Memory: 48128K Free: 7517K (16%)
Known Failure: java.lang.reflect.InvocationTargetException
----------------- testing (KnownFailure) /home/travis/build/icyphy/ptII/ptolemy/domains/de/test/auto/knownFailedTests/dependencyLoop2.xml
4 ms. Memory: 48128K Free: 19121K (40%)
Known Failure: java.lang.reflect.InvocationTargetException
No auto/linux-amd64/*.xml tests in /home/travis/build/icyphy/ptII/ptolemy/domains/de/test
AutoTests.java: About to close Vertx.
AutoTests.java: Vertx closed.

===========================================================================================
----------------- testing Wed Jan 01 06:35:13 UTC 2020 /home/travis/build/icyphy/ptII/ptolemy/domains/de/test/auto/ActorDepthCalculation_actorWithoutPorts.xml
----------------- Instantiating /home/travis/build/icyphy/ptII/ptolemy/domains/de/test/auto/ActorDepthCalculation_actorWithoutPorts.xml
2 ms. Memory: 48128K Free: 12818K (27%)
----------------- Invoking toplevel() on ptolemy.moml.MoMLSimpleApplication@3b486522
----------------- Done invoking toplevel() on ptolemy.moml.MoMLSimpleApplication@3b486522
reloadAllAccessors: .ActorDepthCalculation_actorWithoutPorts

===========================================================================================
----------------- testing Wed Jan 01 06:35:13 UTC 2020 /home/travis/build/icyphy/ptII/ptolemy/domains/de/test/auto/AssemblyLine.xml
----------------- Instantiating /home/travis/build/icyphy/ptII/ptolemy/domains/de/test/auto/AssemblyLine.xml
3 ms. Memory: 48128K Free: 32543K (68%)
----------------- Invoking toplevel() on ptolemy.moml.MoMLSimpleApplication@70f44f52
----------------- Done invoking toplevel() on ptolemy.moml.MoMLSimpleApplication@70f44f52
reloadAllAccessors: .AssemblyLine

===========================================================================================
----------------- testing Wed Jan 01 06:35:13 UTC 2020 /home/travis/build/icyphy/ptII/ptolemy/domains/de/test/auto/CQBug1.xml
----------------- Instantiating /home/travis/build/icyphy/ptII/ptolemy/domains/de/test/auto/CQBug1.xml
1 ms. Memory: 48128K Free: 29608K (62%)
----------------- Invoking toplevel() on ptolemy.moml.MoMLSimpleApplication@cfe7085
----------------- Done invoking toplevel() on ptolemy.moml.MoMLSimpleApplication@cfe7085
reloadAllAccessors: .CQBug1

===========================================================================================
----------------- testing Wed Jan 01 06:35:13 UTC 2020 /home/travis/build/icyphy/ptII/ptolemy/domains/de/test/auto/CancelFireAt.xml
----------------- Instantiating /home/travis/build/icyphy/ptII/ptolemy/domains/de/test/auto/CancelFireAt.xml
8 ms. Memory: 48128K Free: 27227K (57%)
----------------- Invoking toplevel() on ptolemy.moml.MoMLSimpleApplication@3ab434c8
----------------- Done invoking toplevel() on ptolemy.moml.MoMLSimpleApplication@3ab434c8
reloadAllAccessors: .CancelFireAt

===========================================================================================
----------------- testing Wed Jan 01 06:35:13 UTC 2020 /home/travis/build/icyphy/ptII/ptolemy/domains/de/test/auto/CausalityAndComposabilityAnalysis.xml
----------------- Instantiating /home/travis/build/icyphy/ptII/ptolemy/domains/de/test/auto/CausalityAndComposabilityAnalysis.xml
1 ms. Memory: 48128K Free: 23117K (48%)
----------------- Invoking toplevel() on ptolemy.moml.MoMLSimpleApplication@3831a02e
----------------- Done invoking toplevel() on ptolemy.moml.MoMLSimpleApplication@3831a02e
reloadAllAccessors: .CausalityAndComposabilityAnalysis

===========================================================================================
----------------- testing Wed Jan 01 06:35:13 UTC 2020 /home/travis/build/icyphy/ptII/ptolemy/domains/de/test/auto/CausalityInterface1.xml
----------------- Instantiating /home/travis/build/icyphy/ptII/ptolemy/domains/de/test/auto/CausalityInterface1.xml
5 ms. Memory: 48128K Free: 18229K (38%)
----------------- Invoking toplevel() on ptolemy.moml.MoMLSimpleApplication@24422ba8
----------------- Done invoking toplevel() on ptolemy.moml.MoMLSimpleApplication@24422ba8
reloadAllAccessors: .CausalityInterface1

===========================================================================================
----------------- testing Wed Jan 01 06:35:13 UTC 2020 /home/travis/build/icyphy/ptII/ptolemy/domains/de/test/auto/CausalityInterface15.xml
----------------- Instantiating /home/travis/build/icyphy/ptII/ptolemy/domains/de/test/auto/CausalityInterface15.xml
1 ms. Memory: 48128K Free: 13031K (27%)
----------------- Invoking toplevel() on ptolemy.moml.MoMLSimpleApplication@564c84e5
----------------- Done invoking toplevel() on ptolemy.moml.MoMLSimpleApplication@564c84e5
reloadAllAccessors: .CausalityInterface15

===========================================================================================
----------------- testing Wed Jan 01 06:35:13 UTC 2020 /home/travis/build/icyphy/ptII/ptolemy/domains/de/test/auto/CausalityInterface2.xml
----------------- Instantiating /home/travis/build/icyphy/ptII/ptolemy/domains/de/test/auto/CausalityInterface2.xml
1 ms. Memory: 48128K Free: 8555K (18%)
[...]
	at ptolemy.actor.Manager.run(Manager.java:1263)
	at ptolemy.actor.Manager$PtolemyRunThread.run(Manager.java:1933)
java.lang.RuntimeException: Execution failed
	at ptolemy.moml.MoMLSimpleApplication$UnloadThread.run(MoMLSimpleApplication.java:402)
Caused by: ptolemy.kernel.util.IllegalActionException: Actor is not ready to fire.  Perhaps UpSample.prefire() returned false? Try debugging the actor by selecting "Listen to Actor".  Also, for SDF check moml for tokenConsumptionRate on input.
  in .DESDFClockTest.Play Bell.Copy1:SDF Director and .DESDFClockTest.Play Bell.UpSample
	at ptolemy.actor.sched.StaticSchedulingDirector.fire(StaticSchedulingDirector.java:227)
	at ptolemy.domains.sdf.kernel.SDFDirector.fire(SDFDirector.java:500)
	at ptolemy.actor.CompositeActor.fire(CompositeActor.java:455)
	at ptolemy.domains.de.kernel.DEDirector._fire(DEDirector.java:1949)
	at ptolemy.domains.de.kernel.DEDirector.fire(DEDirector.java:502)
	at ptolemy.actor.CompositeActor.fire(CompositeActor.java:455)
	at ptolemy.actor.Manager.iterate(Manager.java:851)
	at ptolemy.actor.Manager.execute(Manager.java:369)
	at ptolemy.actor.Manager.run(Manager.java:1263)
	at ptolemy.actor.Manager$PtolemyRunThread.run(Manager.java:1933)
java.lang.reflect.InvocationTargetException
	at java.base/jdk.internal.reflect.NativeConstructorAccessorImpl.newInstance0(Native Method)
	at java.base/jdk.internal.reflect.NativeConstructorAccessorImpl.newInstance(NativeConstructorAccessorImpl.java:62)
	at java.base/jdk.internal.reflect.DelegatingConstructorAccessorImpl.newInstance(DelegatingConstructorAccessorImpl.java:45)
	at java.base/java.lang.reflect.Constructor.newInstance(Constructor.java:490)
	at ptolemy.util.test.junit.AutoKnownFailedTests.RunModel(AutoKnownFailedTests.java:105)
	at java.base/jdk.internal.reflect.NativeMethodAccessorImpl.invoke0(Native Method)
	at java.base/jdk.internal.reflect.NativeMethodAccessorImpl.invoke(NativeMethodAccessorImpl.java:62)
	at java.base/jdk.internal.reflect.DelegatingMethodAccessorImpl.invoke(DelegatingMethodAccessorImpl.java:43)
	at java.base/java.lang.reflect.Method.invoke(Method.java:566)
	at org.junit.runners.model.FrameworkMethod$1.runReflectiveCall(FrameworkMethod.java:44)
	at org.junit.internal.runners.model.ReflectiveCallable.run(ReflectiveCallable.java:15)
	at org.junit.runners.model.FrameworkMethod.invokeExplosively(FrameworkMethod.java:41)
	at junitparams.internal.InvokeParameterisedMethod.evaluate(InvokeParameterisedMethod.java:102)
	at org.junit.internal.runners.statements.FailOnTimeout$1.run(FailOnTimeout.java:28)
Caused by: ptolemy.kernel.util.IllegalActionException: Actor is not ready to fire.  Perhaps UpSample.prefire() returned false? Try debugging the actor by selecting "Listen to Actor".  Also, for SDF check moml for tokenConsumptionRate on input.
  in .DESDFClockTest.Play Bell.Copy1:SDF Director and .DESDFClockTest.Play Bell.UpSample
	at ptolemy.actor.sched.StaticSchedulingDirector.fire(StaticSchedulingDirector.java:227)
	at ptolemy.domains.sdf.kernel.SDFDirector.fire(SDFDirector.java:500)
	at ptolemy.actor.CompositeActor.fire(CompositeActor.java:455)
	at ptolemy.domains.de.kernel.DEDirector._fire(DEDirector.java:1949)
	at ptolemy.domains.de.kernel.DEDirector.fire(DEDirector.java:502)
	at ptolemy.actor.CompositeActor.fire(CompositeActor.java:455)
	at ptolemy.actor.Manager.iterate(Manager.java:851)
	at ptolemy.actor.Manager.execute(Manager.java:369)
	at ptolemy.actor.Manager.run(Manager.java:1263)
	at ptolemy.actor.Manager$PtolemyRunThread.run(Manager.java:1933)
java.lang.RuntimeException: Execution failed
	at ptolemy.moml.MoMLSimpleApplication$UnloadThread.run(MoMLSimpleApplication.java:402)
Caused by: ptolemy.kernel.util.IllegalActionException: Test fails in iteration 1.
Value was: 1.0. Should have been: 2.0
  in .DirectFeedback.Test
	at ptolemy.actor.lib.Test.fire(Test.java:268)
	at ptolemy.domains.de.kernel.DEDirector._fire(DEDirector.java:1949)
	at ptolemy.domains.de.kernel.DEDirector.fire(DEDirector.java:502)
	at ptolemy.actor.CompositeActor.fire(CompositeActor.java:455)
	at ptolemy.actor.Manager.iterate(Manager.java:851)
	at ptolemy.actor.Manager.execute(Manager.java:369)
	at ptolemy.actor.Manager.run(Manager.java:1263)
	at ptolemy.actor.Manager$PtolemyRunThread.run(Manager.java:1933)
java.lang.reflect.InvocationTargetException
	at java.base/jdk.internal.reflect.NativeConstructorAccessorImpl.newInstance0(Native Method)
	at java.base/jdk.internal.reflect.NativeConstructorAccessorImpl.newInstance(NativeConstructorAccessorImpl.java:62)
	at java.base/jdk.internal.reflect.DelegatingConstructorAccessorImpl.newInstance(DelegatingConstructorAccessorImpl.java:45)
	at java.base/java.lang.reflect.Constructor.newInstance(Constructor.java:490)
	at ptolemy.util.test.junit.AutoKnownFailedTests.RunModel(AutoKnownFailedTests.java:105)
	at java.base/jdk.internal.reflect.NativeMethodAccessorImpl.invoke0(Native Method)
	at java.base/jdk.internal.reflect.NativeMethodAccessorImpl.invoke(NativeMethodAccessorImpl.java:62)
	at java.base/jdk.internal.reflect.DelegatingMethodAccessorImpl.invoke(DelegatingMethodAccessorImpl.java:43)
	at java.base/java.lang.reflect.Method.invoke(Method.java:566)
	at org.junit.runners.model.FrameworkMethod$1.runReflectiveCall(FrameworkMethod.java:44)
	at org.junit.internal.runners.model.ReflectiveCallable.run(ReflectiveCallable.java:15)
	at org.junit.runners.model.FrameworkMethod.invokeExplosively(FrameworkMethod.java:41)
	at junitparams.internal.InvokeParameterisedMethod.evaluate(InvokeParameterisedMethod.java:102)
	at org.junit.internal.runners.statements.FailOnTimeout$1.run(FailOnTimeout.java:28)
Caused by: ptolemy.kernel.util.IllegalActionException: Test fails in iteration 1.
Value was: 1.0. Should have been: 2.0
  in .DirectFeedback.Test
	at ptolemy.actor.lib.Test.fire(Test.java:268)
	at ptolemy.domains.de.kernel.DEDirector._fire(DEDirector.java:1949)
	at ptolemy.domains.de.kernel.DEDirector.fire(DEDirector.java:502)
	at ptolemy.actor.CompositeActor.fire(CompositeActor.java:455)
	at ptolemy.actor.Manager.iterate(Manager.java:851)
	at ptolemy.actor.Manager.execute(Manager.java:369)
	at ptolemy.actor.Manager.run(Manager.java:1263)
	at ptolemy.actor.Manager$PtolemyRunThread.run(Manager.java:1933)
java.lang.RuntimeException: Execution failed
	at ptolemy.moml.MoMLSimpleApplication$UnloadThread.run(MoMLSimpleApplication.java:402)
Caused by: ptolemy.kernel.util.IllegalActionException: Found a zero delay loop containing .HierarchicalModel.A
  in .HierarchicalModel and .HierarchicalModel.A
	at ptolemy.actor.util.CausalityInterfaceForComposites._computeOutputPortDepth(CausalityInterfaceForComposites.java:759)
	at ptolemy.actor.util.CausalityInterfaceForComposites._computeInputDepth(CausalityInterfaceForComposites.java:696)
	at ptolemy.actor.util.CausalityInterfaceForComposites._computeOutputPortDepth(CausalityInterfaceForComposites.java:765)
	at ptolemy.actor.util.CausalityInterfaceForComposites._computeInputDepth(CausalityInterfaceForComposites.java:696)
	at ptolemy.actor.util.CausalityInterfaceForComposites._computeOutputPortDepth(CausalityInterfaceForComposites.java:765)
	at ptolemy.actor.util.CausalityInterfaceForComposites._computeInputDepth(CausalityInterfaceForComposites.java:696)
	at ptolemy.actor.util.CausalityInterfaceForComposites._computeActorDepth(CausalityInterfaceForComposites.java:532)
	at ptolemy.actor.util.CausalityInterfaceForComposites.checkForCycles(CausalityInterfaceForComposites.java:96)
	at ptolemy.domains.de.kernel.DEDirector.preinitialize(DEDirector.java:1338)
	at ptolemy.actor.CompositeActor.preinitialize(CompositeActor.java:1828)
	at ptolemy.actor.Manager.preinitializeAndResolveTypes(Manager.java:1040)
	at ptolemy.actor.Manager.initialize(Manager.java:710)
	at ptolemy.actor.Manager.execute(Manager.java:356)
	at ptolemy.actor.Manager.run(Manager.java:1263)
	at ptolemy.actor.Manager$PtolemyRunThread.run(Manager.java:1933)
java.lang.reflect.InvocationTargetException
	at java.base/jdk.internal.reflect.NativeConstructorAccessorImpl.newInstance0(Native Method)
	at java.base/jdk.internal.reflect.NativeConstructorAccessorImpl.newInstance(NativeConstructorAccessorImpl.java:62)
	at java.base/jdk.internal.reflect.DelegatingConstructorAccessorImpl.newInstance(DelegatingConstructorAccessorImpl.java:45)
	at java.base/java.lang.reflect.Constructor.newInstance(Constructor.java:490)
	at ptolemy.util.test.junit.AutoKnownFailedTests.RunModel(AutoKnownFailedTests.java:105)
	at java.base/jdk.internal.reflect.NativeMethodAccessorImpl.invoke0(Native Method)
	at java.base/jdk.internal.reflect.NativeMethodAccessorImpl.invoke(NativeMethodAccessorImpl.java:62)
	at java.base/jdk.internal.reflect.DelegatingMethodAccessorImpl.invoke(DelegatingMethodAccessorImpl.java:43)
	at java.base/java.lang.reflect.Method.invoke(Method.java:566)
	at org.junit.runners.model.FrameworkMethod$1.runReflectiveCall(FrameworkMethod.java:44)
	at org.junit.internal.runners.model.ReflectiveCallable.run(ReflectiveCallable.java:15)
	at org.junit.runners.model.FrameworkMethod.invokeExplosively(FrameworkMethod.java:41)
	at junitparams.internal.InvokeParameterisedMethod.evaluate(InvokeParameterisedMethod.java:102)
	at org.junit.internal.runners.statements.FailOnTimeout$1.run(FailOnTimeout.java:28)
Caused by: ptolemy.kernel.util.IllegalActionException: Found a zero delay loop containing .HierarchicalModel.A
  in .HierarchicalModel and .HierarchicalModel.A
	at ptolemy.actor.util.CausalityInterfaceForComposites._computeOutputPortDepth(CausalityInterfaceForComposites.java:759)
	at ptolemy.actor.util.CausalityInterfaceForComposites._computeInputDepth(CausalityInterfaceForComposites.java:696)
	at ptolemy.actor.util.CausalityInterfaceForComposites._computeOutputPortDepth(CausalityInterfaceForComposites.java:765)
	at ptolemy.actor.util.CausalityInterfaceForComposites._computeInputDepth(CausalityInterfaceForComposites.java:696)
	at ptolemy.actor.util.CausalityInterfaceForComposites._computeOutputPortDepth(CausalityInterfaceForComposites.java:765)
	at ptolemy.actor.util.CausalityInterfaceForComposites._computeInputDepth(CausalityInterfaceForComposites.java:696)
	at ptolemy.actor.util.CausalityInterfaceForComposites._computeActorDepth(CausalityInterfaceForComposites.java:532)
	at ptolemy.actor.util.CausalityInterfaceForComposites.checkForCycles(CausalityInterfaceForComposites.java:96)
	at ptolemy.domains.de.kernel.DEDirector.preinitialize(DEDirector.java:1338)
	at ptolemy.actor.CompositeActor.preinitialize(CompositeActor.java:1828)
	at ptolemy.actor.Manager.preinitializeAndResolveTypes(Manager.java:1040)
	at ptolemy.actor.Manager.initialize(Manager.java:710)
	at ptolemy.actor.Manager.execute(Manager.java:356)
	at ptolemy.actor.Manager.run(Manager.java:1263)
	at ptolemy.actor.Manager$PtolemyRunThread.run(Manager.java:1933)
java.lang.RuntimeException: Execution failed
	at ptolemy.moml.MoMLSimpleApplication$UnloadThread.run(MoMLSimpleApplication.java:402)
Caused by: ptolemy.kernel.util.IllegalActionException: Found a zero delay loop containing .dependencyLoop.original
  in .dependencyLoop and .dependencyLoop.original
	at ptolemy.actor.util.CausalityInterfaceForComposites._computeOutputPortDepth(CausalityInterfaceForComposites.java:759)
	at ptolemy.actor.util.CausalityInterfaceForComposites._computeInputDepth(CausalityInterfaceForComposites.java:696)
	at ptolemy.actor.util.CausalityInterfaceForComposites._computeOutputPortDepth(CausalityInterfaceForComposites.java:765)
	at ptolemy.actor.util.CausalityInterfaceForComposites._computeInputDepth(CausalityInterfaceForComposites.java:696)
	at ptolemy.actor.util.CausalityInterfaceForComposites._computeOutputPortDepth(CausalityInterfaceForComposites.java:765)
	at ptolemy.actor.util.CausalityInterfaceForComposites._computeInputDepth(CausalityInterfaceForComposites.java:696)
	at ptolemy.actor.util.CausalityInterfaceForComposites._computeActorDepth(CausalityInterfaceForComposites.java:532)
	at ptolemy.actor.util.CausalityInterfaceForComposites.checkForCycles(CausalityInterfaceForComposites.java:96)
	at ptolemy.domains.de.kernel.DEDirector.preinitialize(DEDirector.java:1338)
	at ptolemy.actor.CompositeActor.preinitialize(CompositeActor.java:1828)
	at ptolemy.actor.Manager.preinitializeAndResolveTypes(Manager.java:1040)
	at ptolemy.actor.Manager.initialize(Manager.java:710)
	at ptolemy.actor.Manager.execute(Manager.java:356)
	at ptolemy.actor.Manager.run(Manager.java:1263)
	at ptolemy.actor.Manager$PtolemyRunThread.run(Manager.java:1933)
java.lang.reflect.InvocationTargetException
	at java.base/jdk.internal.reflect.NativeConstructorAccessorImpl.newInstance0(Native Method)
	at java.base/jdk.internal.reflect.NativeConstructorAccessorImpl.newInstance(NativeConstructorAccessorImpl.java:62)
	at java.base/jdk.internal.reflect.DelegatingConstructorAccessorImpl.newInstance(DelegatingConstructorAccessorImpl.java:45)
	at java.base/java.lang.reflect.Constructor.newInstance(Constructor.java:490)
	at ptolemy.util.test.junit.AutoKnownFailedTests.RunModel(AutoKnownFailedTests.java:105)
	at java.base/jdk.internal.reflect.NativeMethodAccessorImpl.invoke0(Native Method)
	at java.base/jdk.internal.reflect.NativeMethodAccessorImpl.invoke(NativeMethodAccessorImpl.java:62)
	at java.base/jdk.internal.reflect.DelegatingMethodAccessorImpl.invoke(DelegatingMethodAccessorImpl.java:43)
	at java.base/java.lang.reflect.Method.invoke(Method.java:566)
	at org.junit.runners.model.FrameworkMethod$1.runReflectiveCall(FrameworkMethod.java:44)
	at org.junit.internal.runners.model.ReflectiveCallable.run(ReflectiveCallable.java:15)
	at org.junit.runners.model.FrameworkMethod.invokeExplosively(FrameworkMethod.java:41)
	at junitparams.internal.InvokeParameterisedMethod.evaluate(InvokeParameterisedMethod.java:102)
	at org.junit.internal.runners.statements.FailOnTimeout$1.run(FailOnTimeout.java:28)
Caused by: ptolemy.kernel.util.IllegalActionException: Found a zero delay loop containing .dependencyLoop.original
  in .dependencyLoop and .dependencyLoop.original
	at ptolemy.actor.util.CausalityInterfaceForComposites._computeOutputPortDepth(CausalityInterfaceForComposites.java:759)
	at ptolemy.actor.util.CausalityInterfaceForComposites._computeInputDepth(CausalityInterfaceForComposites.java:696)
	at ptolemy.actor.util.CausalityInterfaceForComposites._computeOutputPortDepth(CausalityInterfaceForComposites.java:765)
	at ptolemy.actor.util.CausalityInterfaceForComposites._computeInputDepth(CausalityInterfaceForComposites.java:696)
	at ptolemy.actor.util.CausalityInterfaceForComposites._computeOutputPortDepth(CausalityInterfaceForComposites.java:765)
	at ptolemy.actor.util.CausalityInterfaceForComposites._computeInputDepth(CausalityInterfaceForComposites.java:696)
	at ptolemy.actor.util.CausalityInterfaceForComposites._computeActorDepth(CausalityInterfaceForComposites.java:532)
	at ptolemy.actor.util.CausalityInterfaceForComposites.checkForCycles(CausalityInterfaceForComposites.java:96)
	at ptolemy.domains.de.kernel.DEDirector.preinitialize(DEDirector.java:1338)
	at ptolemy.actor.CompositeActor.preinitialize(CompositeActor.java:1828)
	at ptolemy.actor.Manager.preinitializeAndResolveTypes(Manager.java:1040)
	at ptolemy.actor.Manager.initialize(Manager.java:710)
	at ptolemy.actor.Manager.execute(Manager.java:356)
	at ptolemy.actor.Manager.run(Manager.java:1263)
	at ptolemy.actor.Manager$PtolemyRunThread.run(Manager.java:1933)
java.lang.RuntimeException: Execution failed
	at ptolemy.moml.MoMLSimpleApplication$UnloadThread.run(MoMLSimpleApplication.java:402)
Caused by: ptolemy.kernel.util.IllegalActionException: Found a zero delay loop containing .dependencyLoop2.original
  in .dependencyLoop2 and .dependencyLoop2.original
	at ptolemy.actor.util.CausalityInterfaceForComposites._computeOutputPortDepth(CausalityInterfaceForComposites.java:759)
	at ptolemy.actor.util.CausalityInterfaceForComposites._computeInputDepth(CausalityInterfaceForComposites.java:696)
	at ptolemy.actor.util.CausalityInterfaceForComposites._computeOutputPortDepth(CausalityInterfaceForComposites.java:765)
	at ptolemy.actor.util.CausalityInterfaceForComposites._computeInputDepth(CausalityInterfaceForComposites.java:696)
	at ptolemy.actor.util.CausalityInterfaceForComposites._computeOutputPortDepth(CausalityInterfaceForComposites.java:765)
	at ptolemy.actor.util.CausalityInterfaceForComposites._computeInputDepth(CausalityInterfaceForComposites.java:696)
	at ptolemy.actor.util.CausalityInterfaceForComposites._computeActorDepth(CausalityInterfaceForComposites.java:532)
	at ptolemy.actor.util.CausalityInterfaceForComposites.checkForCycles(CausalityInterfaceForComposites.java:96)
	at ptolemy.domains.de.kernel.DEDirector.preinitialize(DEDirector.java:1338)
	at ptolemy.actor.CompositeActor.preinitialize(CompositeActor.java:1828)
	at ptolemy.actor.Manager.preinitializeAndResolveTypes(Manager.java:1040)
	at ptolemy.actor.Manager.initialize(Manager.java:710)
	at ptolemy.actor.Manager.execute(Manager.java:356)
	at ptolemy.actor.Manager.run(Manager.java:1263)
	at ptolemy.actor.Manager$PtolemyRunThread.run(Manager.java:1933)
java.lang.reflect.InvocationTargetException
	at java.base/jdk.internal.reflect.NativeConstructorAccessorImpl.newInstance0(Native Method)
	at java.base/jdk.internal.reflect.NativeConstructorAccessorImpl.newInstance(NativeConstructorAccessorImpl.java:62)
	at java.base/jdk.internal.reflect.DelegatingConstructorAccessorImpl.newInstance(DelegatingConstructorAccessorImpl.java:45)
	at java.base/java.lang.reflect.Constructor.newInstance(Constructor.java:490)
	at ptolemy.util.test.junit.AutoKnownFailedTests.RunModel(AutoKnownFailedTests.java:105)
	at java.base/jdk.internal.reflect.NativeMethodAccessorImpl.invoke0(Native Method)
	at java.base/jdk.internal.reflect.NativeMethodAccessorImpl.invoke(NativeMethodAccessorImpl.java:62)
	at java.base/jdk.internal.reflect.DelegatingMethodAccessorImpl.invoke(DelegatingMethodAccessorImpl.java:43)
	at java.base/java.lang.reflect.Method.invoke(Method.java:566)
	at org.junit.runners.model.FrameworkMethod$1.runReflectiveCall(FrameworkMethod.java:44)
	at org.junit.internal.runners.model.ReflectiveCallable.run(ReflectiveCallable.java:15)
	at org.junit.runners.model.FrameworkMethod.invokeExplosively(FrameworkMethod.java:41)
	at junitparams.internal.InvokeParameterisedMethod.evaluate(InvokeParameterisedMethod.java:102)
	at org.junit.internal.runners.statements.FailOnTimeout$1.run(FailOnTimeout.java:28)
Caused by: ptolemy.kernel.util.IllegalActionException: Found a zero delay loop containing .dependencyLoop2.original
  in .dependencyLoop2 and .dependencyLoop2.original
	at ptolemy.actor.util.CausalityInterfaceForComposites._computeOutputPortDepth(CausalityInterfaceForComposites.java:759)
	at ptolemy.actor.util.CausalityInterfaceForComposites._computeInputDepth(CausalityInterfaceForComposites.java:696)
	at ptolemy.actor.util.CausalityInterfaceForComposites._computeOutputPortDepth(CausalityInterfaceForComposites.java:765)
	at ptolemy.actor.util.CausalityInterfaceForComposites._computeInputDepth(CausalityInterfaceForComposites.java:696)
	at ptolemy.actor.util.CausalityInterfaceForComposites._computeOutputPortDepth(CausalityInterfaceForComposites.java:765)
	at ptolemy.actor.util.CausalityInterfaceForComposites._computeInputDepth(CausalityInterfaceForComposites.java:696)
	at ptolemy.actor.util.CausalityInterfaceForComposites._computeActorDepth(CausalityInterfaceForComposites.java:532)
	at ptolemy.actor.util.CausalityInterfaceForComposites.checkForCycles(CausalityInterfaceForComposites.java:96)
	at ptolemy.domains.de.kernel.DEDirector.preinitialize(DEDirector.java:1338)
	at ptolemy.actor.CompositeActor.preinitialize(CompositeActor.java:1828)
	at ptolemy.actor.Manager.preinitializeAndResolveTypes(Manager.java:1040)
	at ptolemy.actor.Manager.initialize(Manager.java:710)
	at ptolemy.actor.Manager.execute(Manager.java:356)
	at ptolemy.actor.Manager.run(Manager.java:1263)
	at ptolemy.actor.Manager$PtolemyRunThread.run(Manager.java:1933)
]]></system-err>
</testsuite>
