<?xml version="1.0" encoding="UTF-8" ?>
<testsuite errors="0" failures="0" hostname="travis-job-7315ec07-0031-422b-af8b-82806853d411" name="ptolemy.domains.continuous.test.junit.JUnitTclTest" skipped="0" tests="156" time="84.582" timestamp="2019-10-11T05:52:16">
  <properties>
[...]
</properties>
  <testcase classname="ptolemy.util.test.junit.TclTests" name="[0] ThereAreNoTclTests (RunTclFile)" time="0.01" />
  <testcase classname="ptolemy.util.test.junit.AutoKnownFailedTests" name="[0] ThereAreNoKnowFailedTests (RunModel)" time="0.007" />
  <testcase classname="ptolemy.util.test.junit.AutoNameArchTests" name="[0] ThereAreNoAutoArchTests (RunModel)" time="0.022" />
  <testcase classname="ptolemy.util.test.junit.AutoTests" name="[0] /home/travis/build/icyphy/ptII/ptolemy/domains/continuous/test/auto/BouncingBall.xml (RunModel)" time="3.682" />
  <testcase classname="ptolemy.util.test.junit.AutoTests" name="[1] /home/travis/build/icyphy/ptII/ptolemy/domains/continuous/test/auto/BouncingBallWithoutGR.xml (RunModel)" time="1.079" />
  <testcase classname="ptolemy.util.test.junit.AutoTests" name="[2] /home/travis/build/icyphy/ptII/ptolemy/domains/continuous/test/auto/Brownian.xml (RunModel)" time="0.145" />
  <testcase classname="ptolemy.util.test.junit.AutoTests" name="[3] /home/travis/build/icyphy/ptII/ptolemy/domains/continuous/test/auto/CarTracking.xml (RunModel)" time="4.938" />
  <testcase classname="ptolemy.util.test.junit.AutoTests" name="[4] /home/travis/build/icyphy/ptII/ptolemy/domains/continuous/test/auto/CartPendulum.xml (RunModel)" time="0.574" />
  <testcase classname="ptolemy.util.test.junit.AutoTests" name="[5] /home/travis/build/icyphy/ptII/ptolemy/domains/continuous/test/auto/CausalityInterface10.xml (RunModel)" time="0.083" />
  <testcase classname="ptolemy.util.test.junit.AutoTests" name="[6] /home/travis/build/icyphy/ptII/ptolemy/domains/continuous/test/auto/CausalityInterface11.xml (RunModel)" time="0.049" />
  <testcase classname="ptolemy.util.test.junit.AutoTests" name="[7] /home/travis/build/icyphy/ptII/ptolemy/domains/continuous/test/auto/CausalityInterface12.xml (RunModel)" time="0.057" />
  <testcase classname="ptolemy.util.test.junit.AutoTests" name="[8] /home/travis/build/icyphy/ptII/ptolemy/domains/continuous/test/auto/CausalityInterface13.xml (RunModel)" time="0.034" />
  <testcase classname="ptolemy.util.test.junit.AutoTests" name="[9] /home/travis/build/icyphy/ptII/ptolemy/domains/continuous/test/auto/CausalityInterface14.xml (RunModel)" time="0.026" />
  <testcase classname="ptolemy.util.test.junit.AutoTests" name="[10] /home/travis/build/icyphy/ptII/ptolemy/domains/continuous/test/auto/CausalityInterface4.xml (RunModel)" time="0.035" />
  <testcase classname="ptolemy.util.test.junit.AutoTests" name="[11] /home/travis/build/icyphy/ptII/ptolemy/domains/continuous/test/auto/CausalityInterface5.xml (RunModel)" time="0.036" />
  <testcase classname="ptolemy.util.test.junit.AutoTests" name="[12] /home/travis/build/icyphy/ptII/ptolemy/domains/continuous/test/auto/CausalityInterface6.xml (RunModel)" time="0.043" />
  <testcase classname="ptolemy.util.test.junit.AutoTests" name="[13] /home/travis/build/icyphy/ptII/ptolemy/domains/continuous/test/auto/CausalityInterface7.xml (RunModel)" time="0.065" />
  <testcase classname="ptolemy.util.test.junit.AutoTests" name="[14] /home/travis/build/icyphy/ptII/ptolemy/domains/continuous/test/auto/CausalityInterface8.xml (RunModel)" time="0.057" />
  <testcase classname="ptolemy.util.test.junit.AutoTests" name="[15] /home/travis/build/icyphy/ptII/ptolemy/domains/continuous/test/auto/CausalityInterface9.xml (RunModel)" time="0.074" />
  <testcase classname="ptolemy.util.test.junit.AutoTests" name="[16] /home/travis/build/icyphy/ptII/ptolemy/domains/continuous/test/auto/CausalityInterfaceFeedback1.xml (RunModel)" time="0.041" />
  <testcase classname="ptolemy.util.test.junit.AutoTests" name="[17] /home/travis/build/icyphy/ptII/ptolemy/domains/continuous/test/auto/CausalityInterfaceFeedback2.xml (RunModel)" time="0.045" />
  <testcase classname="ptolemy.util.test.junit.AutoTests" name="[18] /home/travis/build/icyphy/ptII/ptolemy/domains/continuous/test/auto/CompareWithCurrentTime.xml (RunModel)" time="0.026" />
  <testcase classname="ptolemy.util.test.junit.AutoTests" name="[19] /home/travis/build/icyphy/ptII/ptolemy/domains/continuous/test/auto/ComparedClocks.xml (RunModel)" time="0.092" />
  <testcase classname="ptolemy.util.test.junit.AutoTests" name="[20] /home/travis/build/icyphy/ptII/ptolemy/domains/continuous/test/auto/ContinuousAOCClone.xml (RunModel)" time="2.916" />
  <testcase classname="ptolemy.util.test.junit.AutoTests" name="[21] /home/travis/build/icyphy/ptII/ptolemy/domains/continuous/test/auto/ContinuousClock.xml (RunModel)" time="0.129" />
  <testcase classname="ptolemy.util.test.junit.AutoTests" name="[22] /home/travis/build/icyphy/ptII/ptolemy/domains/continuous/test/auto/ContinuousInContinuous.xml (RunModel)" time="0.103" />
  <testcase classname="ptolemy.util.test.junit.AutoTests" name="[23] /home/travis/build/icyphy/ptII/ptolemy/domains/continuous/test/auto/ContinuousInContinuousInContinuous.xml (RunModel)" time="0.031" />
  <testcase classname="ptolemy.util.test.junit.AutoTests" name="[24] /home/travis/build/icyphy/ptII/ptolemy/domains/continuous/test/auto/ContinuousInDE.xml (RunModel)" time="0.14" />
  <testcase classname="ptolemy.util.test.junit.AutoTests" name="[25] /home/travis/build/icyphy/ptII/ptolemy/domains/continuous/test/auto/ContinuousInDE2.xml (RunModel)" time="0.07" />
  <testcase classname="ptolemy.util.test.junit.AutoTests" name="[26] /home/travis/build/icyphy/ptII/ptolemy/domains/continuous/test/auto/ContinuousInDE3.xml (RunModel)" time="0.07" />
  <testcase classname="ptolemy.util.test.junit.AutoTests" name="[27] /home/travis/build/icyphy/ptII/ptolemy/domains/continuous/test/auto/ContinuousInDE4.xml (RunModel)" time="0.05" />
  <testcase classname="ptolemy.util.test.junit.AutoTests" name="[28] /home/travis/build/icyphy/ptII/ptolemy/domains/continuous/test/auto/ContinuousInDEDifferentRefinements.xml (RunModel)" time="0.133" />
  <testcase classname="ptolemy.util.test.junit.AutoTests" name="[29] /home/travis/build/icyphy/ptII/ptolemy/domains/continuous/test/auto/ContinuousInDEDifferentRefinementsPreemptive.xml (RunModel)" time="0.117" />
  <testcase classname="ptolemy.util.test.junit.AutoTests" name="[30] /home/travis/build/icyphy/ptII/ptolemy/domains/continuous/test/auto/ContinuousInDEInContinuous2.xml (RunModel)" time="0.07" />
  <testcase classname="ptolemy.util.test.junit.AutoTests" name="[31] /home/travis/build/icyphy/ptII/ptolemy/domains/continuous/test/auto/ContinuousInDEInContinuous3.xml (RunModel)" time="0.071" />
  <testcase classname="ptolemy.util.test.junit.AutoTests" name="[32] /home/travis/build/icyphy/ptII/ptolemy/domains/continuous/test/auto/ContinuousInDEInput.xml (RunModel)" time="0.041" />
  <testcase classname="ptolemy.util.test.junit.AutoTests" name="[33] /home/travis/build/icyphy/ptII/ptolemy/domains/continuous/test/auto/ContinuousInDEInput2.xml (RunModel)" time="0.041" />
  <testcase classname="ptolemy.util.test.junit.AutoTests" name="[34] /home/travis/build/icyphy/ptII/ptolemy/domains/continuous/test/auto/ContinuousInDEInput3.xml (RunModel)" time="0.034" />
  <testcase classname="ptolemy.util.test.junit.AutoTests" name="[35] /home/travis/build/icyphy/ptII/ptolemy/domains/continuous/test/auto/ContinuousInDESharingRefinement.xml (RunModel)" time="0.224" />
  <testcase classname="ptolemy.util.test.junit.AutoTests" name="[36] /home/travis/build/icyphy/ptII/ptolemy/domains/continuous/test/auto/ContinuousInDEwithNoPorts.xml (RunModel)" time="0.024" />
  <testcase classname="ptolemy.util.test.junit.AutoTests" name="[37] /home/travis/build/icyphy/ptII/ptolemy/domains/continuous/test/auto/ContinuousInsideDE.xml (RunModel)" time="0.08" />
  <testcase classname="ptolemy.util.test.junit.AutoTests" name="[38] /home/travis/build/icyphy/ptII/ptolemy/domains/continuous/test/auto/ContinuousMerge1.xml (RunModel)" time="0.026" />
  <testcase classname="ptolemy.util.test.junit.AutoTests" name="[39] /home/travis/build/icyphy/ptII/ptolemy/domains/continuous/test/auto/ContinuousMerge2.xml (RunModel)" time="0.067" />
  <testcase classname="ptolemy.util.test.junit.AutoTests" name="[40] /home/travis/build/icyphy/ptII/ptolemy/domains/continuous/test/auto/ContinuousMerge3.xml (RunModel)" time="0.076" />
  <testcase classname="ptolemy.util.test.junit.AutoTests" name="[41] /home/travis/build/icyphy/ptII/ptolemy/domains/continuous/test/auto/ContinuousWithinContinuous.xml (RunModel)" time="0.065" />
  <testcase classname="ptolemy.util.test.junit.AutoTests" name="[42] /home/travis/build/icyphy/ptII/ptolemy/domains/continuous/test/auto/ContinuousWithinContinuous2.xml (RunModel)" time="0.1" />
  <testcase classname="ptolemy.util.test.junit.AutoTests" name="[43] /home/travis/build/icyphy/ptII/ptolemy/domains/continuous/test/auto/ContinuousWithinContinuous3.xml (RunModel)" time="0.04" />
  <testcase classname="ptolemy.util.test.junit.AutoTests" name="[44] /home/travis/build/icyphy/ptII/ptolemy/domains/continuous/test/auto/ContinuousWithinContinuous4.xml (RunModel)" time="0.095" />
  <testcase classname="ptolemy.util.test.junit.AutoTests" name="[45] /home/travis/build/icyphy/ptII/ptolemy/domains/continuous/test/auto/ContinuousWithinContinuous5.xml (RunModel)" time="0.036" />
  <testcase classname="ptolemy.util.test.junit.AutoTests" name="[46] /home/travis/build/icyphy/ptII/ptolemy/domains/continuous/test/auto/ContinuousWithinContinuous6.xml (RunModel)" time="0.041" />
  <testcase classname="ptolemy.util.test.junit.AutoTests" name="[47] /home/travis/build/icyphy/ptII/ptolemy/domains/continuous/test/auto/ContinuousWithinContinuous7.xml (RunModel)" time="0.077" />
  <testcase classname="ptolemy.util.test.junit.AutoTests" name="[48] /home/travis/build/icyphy/ptII/ptolemy/domains/continuous/test/auto/DCMotor.xml (RunModel)" time="14.701" />
  <testcase classname="ptolemy.util.test.junit.AutoTests" name="[49] /home/travis/build/icyphy/ptII/ptolemy/domains/continuous/test/auto/DEInContinuous.xml (RunModel)" time="0.03" />
  <testcase classname="ptolemy.util.test.junit.AutoTests" name="[50] /home/travis/build/icyphy/ptII/ptolemy/domains/continuous/test/auto/DEinContinuous2.xml (RunModel)" time="0.029" />
  <testcase classname="ptolemy.util.test.junit.AutoTests" name="[51] /home/travis/build/icyphy/ptII/ptolemy/domains/continuous/test/auto/Derivative.xml (RunModel)" time="0.204" />
  <testcase classname="ptolemy.util.test.junit.AutoTests" name="[52] /home/travis/build/icyphy/ptII/ptolemy/domains/continuous/test/auto/Derivative1.xml (RunModel)" time="0.066" />
  <testcase classname="ptolemy.util.test.junit.AutoTests" name="[53] /home/travis/build/icyphy/ptII/ptolemy/domains/continuous/test/auto/DiscreteClock.xml (RunModel)" time="0.021" />
  <testcase classname="ptolemy.util.test.junit.AutoTests" name="[54] /home/travis/build/icyphy/ptII/ptolemy/domains/continuous/test/auto/EfficiencyCurve.xml (RunModel)" time="0.105" />
  <testcase classname="ptolemy.util.test.junit.AutoTests" name="[55] /home/travis/build/icyphy/ptII/ptolemy/domains/continuous/test/auto/ExponentialResponse.xml (RunModel)" time="0.144" />
  <testcase classname="ptolemy.util.test.junit.AutoTests" name="[56] /home/travis/build/icyphy/ptII/ptolemy/domains/continuous/test/auto/ExponentialResponseRK45.xml (RunModel)" time="0.04" />
  <testcase classname="ptolemy.util.test.junit.AutoTests" name="[57] /home/travis/build/icyphy/ptII/ptolemy/domains/continuous/test/auto/Friction.xml (RunModel)" time="1.916" />
  <testcase classname="ptolemy.util.test.junit.AutoTests" name="[58] /home/travis/build/icyphy/ptII/ptolemy/domains/continuous/test/auto/FurutaPendulum.xml (RunModel)" time="4.07" />
  <testcase classname="ptolemy.util.test.junit.AutoTests" name="[59] /home/travis/build/icyphy/ptII/ptolemy/domains/continuous/test/auto/HierarchicalExecution.xml (RunModel)" time="2.431" />
  <testcase classname="ptolemy.util.test.junit.AutoTests" name="[60] /home/travis/build/icyphy/ptII/ptolemy/domains/continuous/test/auto/HybridPlant.xml (RunModel)" time="0.637" />
  <testcase classname="ptolemy.util.test.junit.AutoTests" name="[61] /home/travis/build/icyphy/ptII/ptolemy/domains/continuous/test/auto/Hysteresis.xml (RunModel)" time="0.209" />
  <testcase classname="ptolemy.util.test.junit.AutoTests" name="[62] /home/travis/build/icyphy/ptII/ptolemy/domains/continuous/test/auto/HysteresisWithRandomDelay.xml (RunModel)" time="0.255" />
  <testcase classname="ptolemy.util.test.junit.AutoTests" name="[63] /home/travis/build/icyphy/ptII/ptolemy/domains/continuous/test/auto/HysteresisWithRandomLosses.xml (RunModel)" time="2.72" />
  <testcase classname="ptolemy.util.test.junit.AutoTests" name="[64] /home/travis/build/icyphy/ptII/ptolemy/domains/continuous/test/auto/ImmediateTransitions.xml (RunModel)" time="0.044" />
  <testcase classname="ptolemy.util.test.junit.AutoTests" name="[65] /home/travis/build/icyphy/ptII/ptolemy/domains/continuous/test/auto/ImpulseFeedback.xml (RunModel)" time="0.024" />
  <testcase classname="ptolemy.util.test.junit.AutoTests" name="[66] /home/travis/build/icyphy/ptII/ptolemy/domains/continuous/test/auto/ImpulseFeedback2.xml (RunModel)" time="0.019" />
  <testcase classname="ptolemy.util.test.junit.AutoTests" name="[67] /home/travis/build/icyphy/ptII/ptolemy/domains/continuous/test/auto/IncreasingRatePoisson.xml (RunModel)" time="0.917" />
  <testcase classname="ptolemy.util.test.junit.AutoTests" name="[68] /home/travis/build/icyphy/ptII/ptolemy/domains/continuous/test/auto/InitialStateFeedback.xml (RunModel)" time="0.02" />
  <testcase classname="ptolemy.util.test.junit.AutoTests" name="[69] /home/travis/build/icyphy/ptII/ptolemy/domains/continuous/test/auto/Integration.xml (RunModel)" time="0.013" />
  <testcase classname="ptolemy.util.test.junit.AutoTests" name="[70] /home/travis/build/icyphy/ptII/ptolemy/domains/continuous/test/auto/Integration2.xml (RunModel)" time="0.119" />
  <testcase classname="ptolemy.util.test.junit.AutoTests" name="[71] /home/travis/build/icyphy/ptII/ptolemy/domains/continuous/test/auto/Integration3.xml (RunModel)" time="0.016" />
  <testcase classname="ptolemy.util.test.junit.AutoTests" name="[72] /home/travis/build/icyphy/ptII/ptolemy/domains/continuous/test/auto/Integration5.xml (RunModel)" time="0.012" />
  <testcase classname="ptolemy.util.test.junit.AutoTests" name="[73] /home/travis/build/icyphy/ptII/ptolemy/domains/continuous/test/auto/IntegratorImpulse.xml (RunModel)" time="0.012" />
  <testcase classname="ptolemy.util.test.junit.AutoTests" name="[74] /home/travis/build/icyphy/ptII/ptolemy/domains/continuous/test/auto/IntegratorImpulse2.xml (RunModel)" time="0.016" />
  <testcase classname="ptolemy.util.test.junit.AutoTests" name="[75] /home/travis/build/icyphy/ptII/ptolemy/domains/continuous/test/auto/LevelCrossing1.xml (RunModel)" time="0.02" />
  <testcase classname="ptolemy.util.test.junit.AutoTests" name="[76] /home/travis/build/icyphy/ptII/ptolemy/domains/continuous/test/auto/LevelCrossing2.xml (RunModel)" time="0.021" />
  <testcase classname="ptolemy.util.test.junit.AutoTests" name="[77] /home/travis/build/icyphy/ptII/ptolemy/domains/continuous/test/auto/LevelCrossing3.xml (RunModel)" time="0.016" />
  <testcase classname="ptolemy.util.test.junit.AutoTests" name="[78] /home/travis/build/icyphy/ptII/ptolemy/domains/continuous/test/auto/LevelCrossing4.xml (RunModel)" time="0.019" />
  <testcase classname="ptolemy.util.test.junit.AutoTests" name="[79] /home/travis/build/icyphy/ptII/ptolemy/domains/continuous/test/auto/LevelCrossing5.xml (RunModel)" time="0.018" />
  <testcase classname="ptolemy.util.test.junit.AutoTests" name="[80] /home/travis/build/icyphy/ptII/ptolemy/domains/continuous/test/auto/LevelCrossing6.xml (RunModel)" time="0.019" />
  <testcase classname="ptolemy.util.test.junit.AutoTests" name="[81] /home/travis/build/icyphy/ptII/ptolemy/domains/continuous/test/auto/LevelCrossingDetector.xml (RunModel)" time="0.049" />
  <testcase classname="ptolemy.util.test.junit.AutoTests" name="[82] /home/travis/build/icyphy/ptII/ptolemy/domains/continuous/test/auto/LevelCrossingDetectorDetectingDirections.xml (RunModel)" time="0.104" />
  <testcase classname="ptolemy.util.test.junit.AutoTests" name="[83] /home/travis/build/icyphy/ptII/ptolemy/domains/continuous/test/auto/LevelCrossingDetectorDetectsGlitches.xml (RunModel)" time="0.075" />
  <testcase classname="ptolemy.util.test.junit.AutoTests" name="[84] /home/travis/build/icyphy/ptII/ptolemy/domains/continuous/test/auto/LevelCrossingNoInitialOuput.xml (RunModel)" time="0.019" />
  <testcase classname="ptolemy.util.test.junit.AutoTests" name="[85] /home/travis/build/icyphy/ptII/ptolemy/domains/continuous/test/auto/LinearStateSpaceExample.xml (RunModel)" time="0.095" />
  <testcase classname="ptolemy.util.test.junit.AutoTests" name="[86] /home/travis/build/icyphy/ptII/ptolemy/domains/continuous/test/auto/Lorenz.xml (RunModel)" time="4.303" />
  <testcase classname="ptolemy.util.test.junit.AutoTests" name="[87] /home/travis/build/icyphy/ptII/ptolemy/domains/continuous/test/auto/LorenzDifferentialSystem.xml (RunModel)" time="1.218" />
  <testcase classname="ptolemy.util.test.junit.AutoTests" name="[88] /home/travis/build/icyphy/ptII/ptolemy/domains/continuous/test/auto/LorenzDifferentialSystemWithInput.xml (RunModel)" time="1.509" />
  <testcase classname="ptolemy.util.test.junit.AutoTests" name="[89] /home/travis/build/icyphy/ptII/ptolemy/domains/continuous/test/auto/LorenzDifferentialSystemWithTime.xml (RunModel)" time="0.82" />
  <testcase classname="ptolemy.util.test.junit.AutoTests" name="[90] /home/travis/build/icyphy/ptII/ptolemy/domains/continuous/test/auto/Microsteps.xml (RunModel)" time="0.039" />
  <testcase classname="ptolemy.util.test.junit.AutoTests" name="[91] /home/travis/build/icyphy/ptII/ptolemy/domains/continuous/test/auto/Modal1.xml (RunModel)" time="0.044" />
  <testcase classname="ptolemy.util.test.junit.AutoTests" name="[92] /home/travis/build/icyphy/ptII/ptolemy/domains/continuous/test/auto/Modal2.xml (RunModel)" time="0.06" />
  <testcase classname="ptolemy.util.test.junit.AutoTests" name="[93] /home/travis/build/icyphy/ptII/ptolemy/domains/continuous/test/auto/ModalTransitionGuardWithReset.xml (RunModel)" time="0.042" />
  <testcase classname="ptolemy.util.test.junit.AutoTests" name="[94] /home/travis/build/icyphy/ptII/ptolemy/domains/continuous/test/auto/ModalTransitionGuardWithResetUsingPreemptiveTransition.xml (RunModel)" time="0.037" />
  <testcase classname="ptolemy.util.test.junit.AutoTests" name="[95] /home/travis/build/icyphy/ptII/ptolemy/domains/continuous/test/auto/ModalTransitionGuardWithResetUsingPreemptiveTransition2.xml (RunModel)" time="0.041" />
  <testcase classname="ptolemy.util.test.junit.AutoTests" name="[96] /home/travis/build/icyphy/ptII/ptolemy/domains/continuous/test/auto/ModalTransitionGuardWithResetUsingPreemptiveTransition3.xml (RunModel)" time="0.049" />
  <testcase classname="ptolemy.util.test.junit.AutoTests" name="[97] /home/travis/build/icyphy/ptII/ptolemy/domains/continuous/test/auto/NewtonsCradle.xml (RunModel)" time="0.87" />
  <testcase classname="ptolemy.util.test.junit.AutoTests" name="[98] /home/travis/build/icyphy/ptII/ptolemy/domains/continuous/test/auto/NewtonsCradleAnimated.xml (RunModel)" time="1.448" />
  <testcase classname="ptolemy.util.test.junit.AutoTests" name="[99] /home/travis/build/icyphy/ptII/ptolemy/domains/continuous/test/auto/NewtonsCradleComplicated.xml (RunModel)" time="1.118" />
  <testcase classname="ptolemy.util.test.junit.AutoTests" name="[100] /home/travis/build/icyphy/ptII/ptolemy/domains/continuous/test/auto/NewtonsCradleNondeterministic.xml (RunModel)" time="0.842" />
  <testcase classname="ptolemy.util.test.junit.AutoTests" name="[101] /home/travis/build/icyphy/ptII/ptolemy/domains/continuous/test/auto/NewtonsCradlePerfectlyInelastic1.xml (RunModel)" time="1.479" />
  <testcase classname="ptolemy.util.test.junit.AutoTests" name="[102] /home/travis/build/icyphy/ptII/ptolemy/domains/continuous/test/auto/Noise.xml (RunModel)" time="0.227" />
  <testcase classname="ptolemy.util.test.junit.AutoTests" name="[103] /home/travis/build/icyphy/ptII/ptolemy/domains/continuous/test/auto/NoiseSpectrum.xml (RunModel)" time="0.883" />
  <testcase classname="ptolemy.util.test.junit.AutoTests" name="[104] /home/travis/build/icyphy/ptII/ptolemy/domains/continuous/test/auto/ParameterizedNewtonsCradleAnimated.xml (RunModel)" time="0.402" />
  <testcase classname="ptolemy.util.test.junit.AutoTests" name="[105] /home/travis/build/icyphy/ptII/ptolemy/domains/continuous/test/auto/ParameterizedNewtonsCradleAnimatedNondeterministic.xml (RunModel)" time="1.303" />
  <testcase classname="ptolemy.util.test.junit.AutoTests" name="[106] /home/travis/build/icyphy/ptII/ptolemy/domains/continuous/test/auto/Pendulum3D.xml (RunModel)" time="0.217" />
  <testcase classname="ptolemy.util.test.junit.AutoTests" name="[107] /home/travis/build/icyphy/ptII/ptolemy/domains/continuous/test/auto/PeriodicSampler.xml (RunModel)" time="0.021" />
  <testcase classname="ptolemy.util.test.junit.AutoTests" name="[108] /home/travis/build/icyphy/ptII/ptolemy/domains/continuous/test/auto/PeriodicSampler1.xml (RunModel)" time="0.058" />
  <testcase classname="ptolemy.util.test.junit.AutoTests" name="[109] /home/travis/build/icyphy/ptII/ptolemy/domains/continuous/test/auto/PeriodicSampler2.xml (RunModel)" time="0.113" />
  <testcase classname="ptolemy.util.test.junit.AutoTests" name="[110] /home/travis/build/icyphy/ptII/ptolemy/domains/continuous/test/auto/Poisson.xml (RunModel)" time="0.554" />
  <testcase classname="ptolemy.util.test.junit.AutoTests" name="[111] /home/travis/build/icyphy/ptII/ptolemy/domains/continuous/test/auto/PoissonClock.xml (RunModel)" time="0.025" />
  <testcase classname="ptolemy.util.test.junit.AutoTests" name="[112] /home/travis/build/icyphy/ptII/ptolemy/domains/continuous/test/auto/PoissonClock2.xml (RunModel)" time="0.023" />
  <testcase classname="ptolemy.util.test.junit.AutoTests" name="[113] /home/travis/build/icyphy/ptII/ptolemy/domains/continuous/test/auto/PortParameterHierarchy.xml (RunModel)" time="0.039" />
  <testcase classname="ptolemy.util.test.junit.AutoTests" name="[114] /home/travis/build/icyphy/ptII/ptolemy/domains/continuous/test/auto/RandomHybridPlant.xml (RunModel)" time="0.69" />
  <testcase classname="ptolemy.util.test.junit.AutoTests" name="[115] /home/travis/build/icyphy/ptII/ptolemy/domains/continuous/test/auto/ResetTransitionWithStartTime1.xml (RunModel)" time="0.036" />
  <testcase classname="ptolemy.util.test.junit.AutoTests" name="[116] /home/travis/build/icyphy/ptII/ptolemy/domains/continuous/test/auto/ResetTransitionWithStartTime2.xml (RunModel)" time="0.036" />
  <testcase classname="ptolemy.util.test.junit.AutoTests" name="[117] /home/travis/build/icyphy/ptII/ptolemy/domains/continuous/test/auto/ResetTransitionWithStartTime3.xml (RunModel)" time="0.038" />
  <testcase classname="ptolemy.util.test.junit.AutoTests" name="[118] /home/travis/build/icyphy/ptII/ptolemy/domains/continuous/test/auto/ResetTransitionWithStartTime4.xml (RunModel)" time="0.031" />
  <testcase classname="ptolemy.util.test.junit.AutoTests" name="[119] /home/travis/build/icyphy/ptII/ptolemy/domains/continuous/test/auto/ResetTransitionWithStartTime5.xml (RunModel)" time="0.038" />
  <testcase classname="ptolemy.util.test.junit.AutoTests" name="[120] /home/travis/build/icyphy/ptII/ptolemy/domains/continuous/test/auto/ResetTransitionWithStartTime6.xml (RunModel)" time="0.027" />
  <testcase classname="ptolemy.util.test.junit.AutoTests" name="[121] /home/travis/build/icyphy/ptII/ptolemy/domains/continuous/test/auto/SRinContinuous.xml (RunModel)" time="0.029" />
  <testcase classname="ptolemy.util.test.junit.AutoTests" name="[122] /home/travis/build/icyphy/ptII/ptolemy/domains/continuous/test/auto/SampledClocks.xml (RunModel)" time="0.039" />
  <testcase classname="ptolemy.util.test.junit.AutoTests" name="[123] /home/travis/build/icyphy/ptII/ptolemy/domains/continuous/test/auto/Satellite.xml (RunModel)" time="0.846" />
  <testcase classname="ptolemy.util.test.junit.AutoTests" name="[124] /home/travis/build/icyphy/ptII/ptolemy/domains/continuous/test/auto/SigmaDelta.xml (RunModel)" time="2.552" />
  <testcase classname="ptolemy.util.test.junit.AutoTests" name="[125] /home/travis/build/icyphy/ptII/ptolemy/domains/continuous/test/auto/SingleRefinement.xml (RunModel)" time="0.537" />
  <testcase classname="ptolemy.util.test.junit.AutoTests" name="[126] /home/travis/build/icyphy/ptII/ptolemy/domains/continuous/test/auto/SinuBouncingBall.xml (RunModel)" time="0.926" />
  <testcase classname="ptolemy.util.test.junit.AutoTests" name="[127] /home/travis/build/icyphy/ptII/ptolemy/domains/continuous/test/auto/Sinusoid.xml (RunModel)" time="0.018" />
  <testcase classname="ptolemy.util.test.junit.AutoTests" name="[128] /home/travis/build/icyphy/ptII/ptolemy/domains/continuous/test/auto/SinusoidInNoise.xml (RunModel)" time="1.099" />
  <testcase classname="ptolemy.util.test.junit.AutoTests" name="[129] /home/travis/build/icyphy/ptII/ptolemy/domains/continuous/test/auto/SinusoidRK45.xml (RunModel)" time="0.015" />
  <testcase classname="ptolemy.util.test.junit.AutoTests" name="[130] /home/travis/build/icyphy/ptII/ptolemy/domains/continuous/test/auto/SinusoidWithMultipleImpulses.xml (RunModel)" time="0.016" />
  <testcase classname="ptolemy.util.test.junit.AutoTests" name="[131] /home/travis/build/icyphy/ptII/ptolemy/domains/continuous/test/auto/SquareWave.xml (RunModel)" time="0.236" />
  <testcase classname="ptolemy.util.test.junit.AutoTests" name="[132] /home/travis/build/icyphy/ptII/ptolemy/domains/continuous/test/auto/Starmac.xml (RunModel)" time="3.516" />
  <testcase classname="ptolemy.util.test.junit.AutoTests" name="[133] /home/travis/build/icyphy/ptII/ptolemy/domains/continuous/test/auto/StaticUnits.xml (RunModel)" time="2.93" />
  <testcase classname="ptolemy.util.test.junit.AutoTests" name="[134] /home/travis/build/icyphy/ptII/ptolemy/domains/continuous/test/auto/StickyMasses.xml (RunModel)" time="0.213" />
  <testcase classname="ptolemy.util.test.junit.AutoTests" name="[135] /home/travis/build/icyphy/ptII/ptolemy/domains/continuous/test/auto/StopTime.xml (RunModel)" time="0.072" />
  <testcase classname="ptolemy.util.test.junit.AutoTests" name="[136] /home/travis/build/icyphy/ptII/ptolemy/domains/continuous/test/auto/StopTime2.xml (RunModel)" time="0.067" />
  <testcase classname="ptolemy.util.test.junit.AutoTests" name="[137] /home/travis/build/icyphy/ptII/ptolemy/domains/continuous/test/auto/Switch.xml (RunModel)" time="0.068" />
  <testcase classname="ptolemy.util.test.junit.AutoTests" name="[138] /home/travis/build/icyphy/ptII/ptolemy/domains/continuous/test/auto/Thermostat.xml (RunModel)" time="0.235" />
  <testcase classname="ptolemy.util.test.junit.AutoTests" name="[139] /home/travis/build/icyphy/ptII/ptolemy/domains/continuous/test/auto/TimeDelay.xml (RunModel)" time="0.019" />
  <testcase classname="ptolemy.util.test.junit.AutoTests" name="[140] /home/travis/build/icyphy/ptII/ptolemy/domains/continuous/test/auto/TimeDelay2.xml (RunModel)" time="0.028" />
  <testcase classname="ptolemy.util.test.junit.AutoTests" name="[141] /home/travis/build/icyphy/ptII/ptolemy/domains/continuous/test/auto/TimeDelay3.xml (RunModel)" time="0.015" />
  <testcase classname="ptolemy.util.test.junit.AutoTests" name="[142] /home/travis/build/icyphy/ptII/ptolemy/domains/continuous/test/auto/TransferAbsentToInside.xml (RunModel)" time="0.127" />
  <testcase classname="ptolemy.util.test.junit.AutoTests" name="[143] /home/travis/build/icyphy/ptII/ptolemy/domains/continuous/test/auto/Transmission.xml (RunModel)" time="0.91" />
  <testcase classname="ptolemy.util.test.junit.AutoTests" name="[144] /home/travis/build/icyphy/ptII/ptolemy/domains/continuous/test/auto/TriggeredContinuousClock.xml (RunModel)" time="0.103" />
  <testcase classname="ptolemy.util.test.junit.AutoTests" name="[145] /home/travis/build/icyphy/ptII/ptolemy/domains/continuous/test/auto/TwoMachineInfiniteBusControl.xml (RunModel)" time="3.42" />
  <testcase classname="ptolemy.util.test.junit.AutoTests" name="[146] /home/travis/build/icyphy/ptII/ptolemy/domains/continuous/test/auto/V2V.xml (RunModel)" time="0.972" />
  <testcase classname="ptolemy.util.test.junit.AutoTests" name="[147] /home/travis/build/icyphy/ptII/ptolemy/domains/continuous/test/auto/hierarchicalModalModel.xml (RunModel)" time="0.042" />
  <testcase classname="ptolemy.util.test.junit.AutoTests" name="[148] /home/travis/build/icyphy/ptII/ptolemy/domains/continuous/test/auto/hierarchicalModalModel1.xml (RunModel)" time="0.035" />
  <testcase classname="ptolemy.util.test.junit.AutoTests" name="[149] /home/travis/build/icyphy/ptII/ptolemy/domains/continuous/test/auto/hierarchicalModalModel2.xml (RunModel)" time="0.032" />
  <testcase classname="ptolemy.util.test.junit.AutoTests" name="[150] /home/travis/build/icyphy/ptII/ptolemy/domains/continuous/test/auto/hierarchicalModalModel3.xml (RunModel)" time="0.028" />
  <testcase classname="ptolemy.util.test.junit.AutoTests" name="[151] /home/travis/build/icyphy/ptII/ptolemy/domains/continuous/test/auto/hierarchicalModalModel4.xml (RunModel)" time="0.032" />
  <testcase classname="ptolemy.util.test.junit.AutoTests" name="[152] /home/travis/build/icyphy/ptII/ptolemy/domains/continuous/test/auto/junk.xml (RunModel)" time="0.154" />
  <system-out><![CDATA[No tcl tests in /home/travis/build/icyphy/ptII/ptolemy/domains/continuous/test
No auto/knownFailedTests/*.xml tests in /home/travis/build/icyphy/ptII/ptolemy/domains/continuous/test
No auto/linux-amd64/*.xml tests in /home/travis/build/icyphy/ptII/ptolemy/domains/continuous/test
AutoTests.java: About to close Vertx.
AutoTests.java: Vertx closed.

===========================================================================================
----------------- testing Fri Oct 11 05:52:17 UTC 2019 /home/travis/build/icyphy/ptII/ptolemy/domains/continuous/test/auto/BouncingBall.xml
----------------- Instantiating /home/travis/build/icyphy/ptII/ptolemy/domains/continuous/test/auto/BouncingBall.xml
2865 ms. Memory: 161792K Free: 129256K (80%)
----------------- Invoking toplevel() on ptolemy.moml.MoMLSimpleApplication@25e296d
----------------- Done invoking toplevel() on ptolemy.moml.MoMLSimpleApplication@25e296d
reloadAllAccessors: .BouncingBall

===========================================================================================
----------------- testing Fri Oct 11 05:52:21 UTC 2019 /home/travis/build/icyphy/ptII/ptolemy/domains/continuous/test/auto/BouncingBallWithoutGR.xml
----------------- Instantiating /home/travis/build/icyphy/ptII/ptolemy/domains/continuous/test/auto/BouncingBallWithoutGR.xml
917 ms. Memory: 194560K Free: 77594K (40%)
----------------- Invoking toplevel() on ptolemy.moml.MoMLSimpleApplication@726a5b58
----------------- Done invoking toplevel() on ptolemy.moml.MoMLSimpleApplication@726a5b58
reloadAllAccessors: .BouncingBallWithoutGR

===========================================================================================
----------------- testing Fri Oct 11 05:52:22 UTC 2019 /home/travis/build/icyphy/ptII/ptolemy/domains/continuous/test/auto/Brownian.xml
----------------- Instantiating /home/travis/build/icyphy/ptII/ptolemy/domains/continuous/test/auto/Brownian.xml
45 ms. Memory: 194560K Free: 68378K (35%)
----------------- Invoking toplevel() on ptolemy.moml.MoMLSimpleApplication@45c2c937
----------------- Done invoking toplevel() on ptolemy.moml.MoMLSimpleApplication@45c2c937
reloadAllAccessors: .Brownian

===========================================================================================
----------------- testing Fri Oct 11 05:52:22 UTC 2019 /home/travis/build/icyphy/ptII/ptolemy/domains/continuous/test/auto/CarTracking.xml
----------------- Instantiating /home/travis/build/icyphy/ptII/ptolemy/domains/continuous/test/auto/CarTracking.xml
4403 ms. Memory: 233472K Free: 92564K (40%)
----------------- Invoking toplevel() on ptolemy.moml.MoMLSimpleApplication@50c2761f
----------------- Done invoking toplevel() on ptolemy.moml.MoMLSimpleApplication@50c2761f
reloadAllAccessors: .CarTracking

===========================================================================================
----------------- testing Fri Oct 11 05:52:27 UTC 2019 /home/travis/build/icyphy/ptII/ptolemy/domains/continuous/test/auto/CartPendulum.xml
----------------- Instantiating /home/travis/build/icyphy/ptII/ptolemy/domains/continuous/test/auto/CartPendulum.xml
422 ms. Memory: 233472K Free: 139998K (60%)
----------------- Invoking toplevel() on ptolemy.moml.MoMLSimpleApplication@72a6a8a5
----------------- Done invoking toplevel() on ptolemy.moml.MoMLSimpleApplication@72a6a8a5
reloadAllAccessors: .CartPendulum

===========================================================================================
----------------- testing Fri Oct 11 05:52:27 UTC 2019 /home/travis/build/icyphy/ptII/ptolemy/domains/continuous/test/auto/CausalityInterface10.xml
----------------- Instantiating /home/travis/build/icyphy/ptII/ptolemy/domains/continuous/test/auto/CausalityInterface10.xml
39 ms. Memory: 233472K Free: 129772K (56%)
----------------- Invoking toplevel() on ptolemy.moml.MoMLSimpleApplication@350417f2
----------------- Done invoking toplevel() on ptolemy.moml.MoMLSimpleApplication@350417f2
reloadAllAccessors: .CausalityInterface10

===========================================================================================
----------------- testing Fri Oct 11 05:52:27 UTC 2019 /home/travis/build/icyphy/ptII/ptolemy/domains/continuous/test/auto/CausalityInterface11.xml
----------------- Instantiating /home/travis/build/icyphy/ptII/ptolemy/domains/continuous/test/auto/CausalityInterface11.xml
6 ms. Memory: 233472K Free: 123614K (53%)
----------------- Invoking toplevel() on ptolemy.moml.MoMLSimpleApplication@1da273f0
----------------- Done invoking toplevel() on ptolemy.moml.MoMLSimpleApplication@1da273f0
reloadAllAccessors: .CausalityInterface11

===========================================================================================
----------------- testing Fri Oct 11 05:52:27 UTC 2019 /home/travis/build/icyphy/ptII/ptolemy/domains/continuous/test/auto/CausalityInterface12.xml
----------------- Instantiating /home/travis/build/icyphy/ptII/ptolemy/domains/continuous/test/auto/CausalityInterface12.xml
14 ms. Memory: 233472K Free: 117484K (50%)
----------------- Invoking toplevel() on ptolemy.moml.MoMLSimpleApplication@fc6e10f
----------------- Done invoking toplevel() on ptolemy.moml.MoMLSimpleApplication@fc6e10f
reloadAllAccessors: .CausalityInterface12

===========================================================================================
----------------- testing Fri Oct 11 05:52:27 UTC 2019 /home/travis/build/icyphy/ptII/ptolemy/domains/continuous/test/auto/CausalityInterface13.xml
----------------- Instantiating /home/travis/build/icyphy/ptII/ptolemy/domains/continuous/test/auto/CausalityInterface13.xml
6 ms. Memory: 233472K Free: 111310K (48%)
----------------- Invoking toplevel() on ptolemy.moml.MoMLSimpleApplication@883981f
----------------- Done invoking toplevel() on ptolemy.moml.MoMLSimpleApplication@883981f
reloadAllAccessors: .CausalityInterface13

===========================================================================================
----------------- testing Fri Oct 11 05:52:28 UTC 2019 /home/travis/build/icyphy/ptII/ptolemy/domains/continuous/test/auto/CausalityInterface14.xml
----------------- Instantiating /home/travis/build/icyphy/ptII/ptolemy/domains/continuous/test/auto/CausalityInterface14.xml
8 ms. Memory: 233472K Free: 105710K (45%)
----------------- Invoking toplevel() on ptolemy.moml.MoMLSimpleApplication@124166a1
----------------- Done invoking toplevel() on ptolemy.moml.MoMLSimpleApplication@124166a1
reloadAllAccessors: .CausalityInterface14

===========================================================================================
----------------- testing Fri Oct 11 05:52:28 UTC 2019 /home/travis/build/icyphy/ptII/ptolemy/domains/continuous/test/auto/CausalityInterface4.xml
----------------- Instantiating /home/travis/build/icyphy/ptII/ptolemy/domains/continuous/test/auto/CausalityInterface4.xml
5 ms. Memory: 233472K Free: 98542K (42%)
----------------- Invoking toplevel() on ptolemy.moml.MoMLSimpleApplication@468c19e5
----------------- Done invoking toplevel() on ptolemy.moml.MoMLSimpleApplication@468c19e5
reloadAllAccessors: .CausalityInterface4

===========================================================================================
----------------- testing Fri Oct 11 05:52:28 UTC 2019 /home/travis/build/icyphy/ptII/ptolemy/domains/continuous/test/auto/CausalityInterface5.xml
----------------- Instantiating /home/travis/build/icyphy/ptII/ptolemy/domains/continuous/test/auto/CausalityInterface5.xml
5 ms. Memory: 233472K Free: 90350K (39%)
----------------- Invoking toplevel() on ptolemy.moml.MoMLSimpleApplication@3048f7bb
----------------- Done invoking toplevel() on ptolemy.moml.MoMLSimpleApplication@3048f7bb
reloadAllAccessors: .CausalityInterface5

===========================================================================================
----------------- testing Fri Oct 11 05:52:28 UTC 2019 /home/travis/build/icyphy/ptII/ptolemy/domains/continuous/test/auto/CausalityInterface6.xml
----------------- Instantiating /home/travis/build/icyphy/ptII/ptolemy/domains/continuous/test/auto/CausalityInterface6.xml
11 ms. Memory: 233472K Free: 84716K (36%)
----------------- Invoking toplevel() on ptolemy.moml.MoMLSimpleApplication@64d47cac
----------------- Done invoking toplevel() on ptolemy.moml.MoMLSimpleApplication@64d47cac
reloadAllAccessors: .CausalityInterface6

===========================================================================================
----------------- testing Fri Oct 11 05:52:28 UTC 2019 /home/travis/build/icyphy/ptII/ptolemy/domains/continuous/test/auto/CausalityInterface7.xml
----------------- Instantiating /home/travis/build/icyphy/ptII/ptolemy/domains/continuous/test/auto/CausalityInterface7.xml
15 ms. Memory: 233472K Free: 213161K (91%)
----------------- Invoking toplevel() on ptolemy.moml.MoMLSimpleApplication@9823488
----------------- Done invoking toplevel() on ptolemy.moml.MoMLSimpleApplication@9823488
reloadAllAccessors: .CausalityInterface7

===========================================================================================
----------------- testing Fri Oct 11 05:52:28 UTC 2019 /home/travis/build/icyphy/ptII/ptolemy/domains/continuous/test/auto/CausalityInterface8.xml
----------------- Instantiating /home/travis/build/icyphy/ptII/ptolemy/domains/continuous/test/auto/CausalityInterface8.xml
11 ms. Memory: 233472K Free: 203945K (87%)
----------------- Invoking toplevel() on ptolemy.moml.MoMLSimpleApplication@30cd3e79
----------------- Done invoking toplevel() on ptolemy.moml.MoMLSimpleApplication@30cd3e79
reloadAllAccessors: .CausalityInterface8

===========================================================================================
----------------- testing Fri Oct 11 05:52:28 UTC 2019 /home/travis/build/icyphy/ptII/ptolemy/domains/continuous/test/auto/CausalityInterface9.xml
----------------- Instantiating /home/travis/build/icyphy/ptII/ptolemy/domains/continuous/test/auto/CausalityInterface9.xml
9 ms. Memory: 233472K Free: 193195K (83%)
----------------- Invoking toplevel() on ptolemy.moml.MoMLSimpleApplication@2b684f10
----------------- Done invoking toplevel() on ptolemy.moml.MoMLSimpleApplication@2b684f10
reloadAllAccessors: .CausalityInterface9

===========================================================================================
----------------- testing Fri Oct 11 05:52:28 UTC 2019 /home/travis/build/icyphy/ptII/ptolemy/domains/continuous/test/auto/CausalityInterfaceFeedback1.xml
----------------- Instantiating /home/travis/build/icyphy/ptII/ptolemy/domains/continuous/test/auto/CausalityInterfaceFeedback1.xml
8 ms. Memory: 233472K Free: 186507K (80%)
----------------- Invoking toplevel() on ptolemy.moml.MoMLSimpleApplication@3b2aafd9
----------------- Done invoking toplevel() on ptolemy.moml.MoMLSimpleApplication@3b2aafd9
reloadAllAccessors: .CausalityInterfaceFeedback1

===========================================================================================
----------------- testing Fri Oct 11 05:52:28 UTC 2019 /home/travis/build/icyphy/ptII/ptolemy/domains/continuous/test/auto/CausalityInterfaceFeedback2.xml
----------------- Instantiating /home/travis/build/icyphy/ptII/ptolemy/domains/continuous/test/auto/CausalityInterfaceFeedback2.xml
8 ms. Memory: 233472K Free: 179883K (77%)
----------------- Invoking toplevel() on ptolemy.moml.MoMLSimpleApplication@69132e10
----------------- Done invoking toplevel() on ptolemy.moml.MoMLSimpleApplication@69132e10
reloadAllAccessors: .CausalityInterfaceFeedback2

===========================================================================================
----------------- testing Fri Oct 11 05:52:28 UTC 2019 /home/travis/build/icyphy/ptII/ptolemy/domains/continuous/test/auto/CompareWithCurrentTime.xml
----------------- Instantiating /home/travis/build/icyphy/ptII/ptolemy/domains/continuous/test/auto/CompareWithCurrentTime.xml
4 ms. Memory: 233472K Free: 175787K (75%)
----------------- Invoking toplevel() on ptolemy.moml.MoMLSimpleApplication@522849c6
----------------- Done invoking toplevel() on ptolemy.moml.MoMLSimpleApplication@522849c6
reloadAllAccessors: .CompareWithCurrentTime

===========================================================================================
----------------- testing Fri Oct 11 05:52:28 UTC 2019 /home/travis/build/icyphy/ptII/ptolemy/domains/continuous/test/auto/ComparedClocks.xml
----------------- Instantiating /home/travis/build/icyphy/ptII/ptolemy/domains/continuous/test/auto/ComparedClocks.xml
8 ms. Memory: 233472K Free: 160427K (69%)
----------------- Invoking toplevel() on ptolemy.moml.MoMLSimpleApplication@1b062c29
----------------- Done invoking toplevel() on ptolemy.moml.MoMLSimpleApplication@1b062c29
reloadAllAccessors: .ComparedClocks

===========================================================================================
----------------- testing Fri Oct 11 05:52:28 UTC 2019 /home/travis/build/icyphy/ptII/ptolemy/domains/continuous/test/auto/ContinuousAOCClone.xml
----------------- Instantiating /home/travis/build/icyphy/ptII/ptolemy/domains/continuous/test/auto/ContinuousAOCClone.xml
2682 ms. Memory: 280576K Free: 109408K (39%)
----------------- Invoking toplevel() on ptolemy.moml.MoMLSimpleApplication@16b69f78
----------------- Done invoking toplevel() on ptolemy.moml.MoMLSimpleApplication@16b69f78
reloadAllAccessors: .ContinuousAOCClone

===========================================================================================
----------------- testing Fri Oct 11 05:52:31 UTC 2019 /home/travis/build/icyphy/ptII/ptolemy/domains/continuous/test/auto/ContinuousClock.xml
----------------- Instantiating /home/travis/build/icyphy/ptII/ptolemy/domains/continuous/test/auto/ContinuousClock.xml
38 ms. Memory: 280576K Free: 254797K (91%)
----------------- Invoking toplevel() on ptolemy.moml.MoMLSimpleApplication@550a629c
----------------- Done invoking toplevel() on ptolemy.moml.MoMLSimpleApplication@550a629c
reloadAllAccessors: .ContinuousClock

===========================================================================================
----------------- testing Fri Oct 11 05:52:31 UTC 2019 /home/travis/build/icyphy/ptII/ptolemy/domains/continuous/test/auto/ContinuousInContinuous.xml
----------------- Instantiating /home/travis/build/icyphy/ptII/ptolemy/domains/continuous/test/auto/ContinuousInContinuous.xml
48 ms. Memory: 280576K Free: 231253K (82%)
----------------- Invoking toplevel() on ptolemy.moml.MoMLSimpleApplication@3ebb1e52
----------------- Done invoking toplevel() on ptolemy.moml.MoMLSimpleApplication@3ebb1e52
reloadAllAccessors: .ContinuousInContinuous

===========================================================================================
----------------- testing Fri Oct 11 05:52:31 UTC 2019 /home/travis/build/icyphy/ptII/ptolemy/domains/continuous/test/auto/ContinuousInContinuousInContinuous.xml
----------------- Instantiating /home/travis/build/icyphy/ptII/ptolemy/domains/continuous/test/auto/ContinuousInContinuousInContinuous.xml
8 ms. Memory: 280576K Free: 223582K (80%)
----------------- Invoking toplevel() on ptolemy.moml.MoMLSimpleApplication@31189d85
----------------- Done invoking toplevel() on ptolemy.moml.MoMLSimpleApplication@31189d85
reloadAllAccessors: .ContinuousInContinuousInContinuous

===========================================================================================
----------------- testing Fri Oct 11 05:52:31 UTC 2019 /home/travis/build/icyphy/ptII/ptolemy/domains/continuous/test/auto/ContinuousInDE.xml
----------------- Instantiating /home/travis/build/icyphy/ptII/ptolemy/domains/continuous/test/auto/ContinuousInDE.xml
108 ms. Memory: 280576K Free: 212828K (76%)
----------------- Invoking toplevel() on ptolemy.moml.MoMLSimpleApplication@55956e45
----------------- Done invoking toplevel() on ptolemy.moml.MoMLSimpleApplication@55956e45
reloadAllAccessors: .ContinuousInDE

===========================================================================================
----------------- testing Fri Oct 11 05:52:31 UTC 2019 /home/travis/build/icyphy/ptII/ptolemy/domains/continuous/test/auto/ContinuousInDE2.xml
----------------- Instantiating /home/travis/build/icyphy/ptII/ptolemy/domains/continuous/test/auto/ContinuousInDE2.xml
49 ms. Memory: 280576K Free: 203102K (72%)
----------------- Invoking toplevel() on ptolemy.moml.MoMLSimpleApplication@1317e86c
----------------- Done invoking toplevel() on ptolemy.moml.MoMLSimpleApplication@1317e86c
reloadAllAccessors: .ContinuousInDE2

===========================================================================================
----------------- testing Fri Oct 11 05:52:32 UTC 2019 /home/travis/build/icyphy/ptII/ptolemy/domains/continuous/test/auto/ContinuousInDE3.xml
----------------- Instantiating /home/travis/build/icyphy/ptII/ptolemy/domains/continuous/test/auto/ContinuousInDE3.xml
46 ms. Memory: 280576K Free: 193372K (69%)
----------------- Invoking toplevel() on ptolemy.moml.MoMLSimpleApplication@4d3b77c7
----------------- Done invoking toplevel() on ptolemy.moml.MoMLSimpleApplication@4d3b77c7
reloadAllAccessors: .ContinuousInDE3

===========================================================================================
----------------- testing Fri Oct 11 05:52:32 UTC 2019 /home/travis/build/icyphy/ptII/ptolemy/domains/continuous/test/auto/ContinuousInDE4.xml
----------------- Instantiating /home/travis/build/icyphy/ptII/ptolemy/domains/continuous/test/auto/ContinuousInDE4.xml
18 ms. Memory: 280576K Free: 187228K (67%)
----------------- Invoking toplevel() on ptolemy.moml.MoMLSimpleApplication@3258b8f
----------------- Done invoking toplevel() on ptolemy.moml.MoMLSimpleApplication@3258b8f
reloadAllAccessors: .ContinuousInDE4

===========================================================================================
----------------- testing Fri Oct 11 05:52:32 UTC 2019 /home/travis/build/icyphy/ptII/ptolemy/domains/continuous/test/auto/ContinuousInDEDifferentRefinements.xml
----------------- Instantiating /home/travis/build/icyphy/ptII/ptolemy/domains/continuous/test/auto/ContinuousInDEDifferentRefinements.xml
71 ms. Memory: 280576K Free: 155998K (56%)
----------------- Invoking toplevel() on ptolemy.moml.MoMLSimpleApplication@5fe27163
----------------- Done invoking toplevel() on ptolemy.moml.MoMLSimpleApplication@5fe27163
reloadAllAccessors: .ContinuousInDEDifferentRefinements

===========================================================================================
----------------- testing Fri Oct 11 05:52:32 UTC 2019 /home/travis/build/icyphy/ptII/ptolemy/domains/continuous/test/auto/ContinuousInDEDifferentRefinementsPreemptive.xml
----------------- Instantiating /home/travis/build/icyphy/ptII/ptolemy/domains/continuous/test/auto/ContinuousInDEDifferentRefinementsPreemptive.xml
68 ms. Memory: 280576K Free: 125278K (45%)
----------------- Invoking toplevel() on ptolemy.moml.MoMLSimpleApplication@65577dd6
----------------- Done invoking toplevel() on ptolemy.moml.MoMLSimpleApplication@65577dd6
reloadAllAccessors: .ContinuousInDEDifferentRefinementsPreemptive

===========================================================================================
----------------- testing Fri Oct 11 05:52:32 UTC 2019 /home/travis/build/icyphy/ptII/ptolemy/domains/continuous/test/auto/ContinuousInDEInContinuous2.xml
----------------- Instantiating /home/travis/build/icyphy/ptII/ptolemy/domains/continuous/test/auto/ContinuousInDEInContinuous2.xml
43 ms. Memory: 280576K Free: 114014K (41%)
----------------- Invoking toplevel() on ptolemy.moml.MoMLSimpleApplication@556c63ce
----------------- Done invoking toplevel() on ptolemy.moml.MoMLSimpleApplication@556c63ce
reloadAllAccessors: .ContinuousInDEInContinuous2

===========================================================================================
----------------- testing Fri Oct 11 05:52:32 UTC 2019 /home/travis/build/icyphy/ptII/ptolemy/domains/continuous/test/auto/ContinuousInDEInContinuous3.xml
----------------- Instantiating /home/travis/build/icyphy/ptII/ptolemy/domains/continuous/test/auto/ContinuousInDEInContinuous3.xml
39 ms. Memory: 280576K Free: 101726K (36%)
----------------- Invoking toplevel() on ptolemy.moml.MoMLSimpleApplication@32a54cff
----------------- Done invoking toplevel() on ptolemy.moml.MoMLSimpleApplication@32a54cff
reloadAllAccessors: .ContinuousInDEInContinuous3

===========================================================================================
----------------- testing Fri Oct 11 05:52:32 UTC 2019 /home/travis/build/icyphy/ptII/ptolemy/domains/continuous/test/auto/ContinuousInDEInput.xml
----------------- Instantiating /home/travis/build/icyphy/ptII/ptolemy/domains/continuous/test/auto/ContinuousInDEInput.xml
16 ms. Memory: 280576K Free: 261537K (93%)
----------------- Invoking toplevel() on ptolemy.moml.MoMLSimpleApplication@61fdc7d6
----------------- Done invoking toplevel() on ptolemy.moml.MoMLSimpleApplication@61fdc7d6
reloadAllAccessors: .ContinuousInDEInput

===========================================================================================
----------------- testing Fri Oct 11 05:52:32 UTC 2019 /home/travis/build/icyphy/ptII/ptolemy/domains/continuous/test/auto/ContinuousInDEInput2.xml
----------------- Instantiating /home/travis/build/icyphy/ptII/ptolemy/domains/continuous/test/auto/ContinuousInDEInput2.xml
15 ms. Memory: 280576K Free: 253855K (90%)
----------------- Invoking toplevel() on ptolemy.moml.MoMLSimpleApplication@1b986e2b
----------------- Done invoking toplevel() on ptolemy.moml.MoMLSimpleApplication@1b986e2b
reloadAllAccessors: .ContinuousInDEInput2

===========================================================================================
----------------- testing Fri Oct 11 05:52:32 UTC 2019 /home/travis/build/icyphy/ptII/ptolemy/domains/continuous/test/auto/ContinuousInDEInput3.xml
----------------- Instantiating /home/travis/build/icyphy/ptII/ptolemy/domains/continuous/test/auto/ContinuousInDEInput3.xml
14 ms. Memory: 280576K Free: 246687K (88%)
----------------- Invoking toplevel() on ptolemy.moml.MoMLSimpleApplication@1d6c08a8
----------------- Done invoking toplevel() on ptolemy.moml.MoMLSimpleApplication@1d6c08a8
reloadAllAccessors: .ContinuousInDEInput3

===========================================================================================
----------------- testing Fri Oct 11 05:52:32 UTC 2019 /home/travis/build/icyphy/ptII/ptolemy/domains/continuous/test/auto/ContinuousInDESharingRefinement.xml
----------------- Instantiating /home/travis/build/icyphy/ptII/ptolemy/domains/continuous/test/auto/ContinuousInDESharingRefinement.xml
175 ms. Memory: 280576K Free: 151969K (54%)
----------------- Invoking toplevel() on ptolemy.moml.MoMLSimpleApplication@26f8d0ce
----------------- Done invoking toplevel() on ptolemy.moml.MoMLSimpleApplication@26f8d0ce
reloadAllAccessors: .ContinuousInDESharingRefinement

===========================================================================================
----------------- testing Fri Oct 11 05:52:32 UTC 2019 /home/travis/build/icyphy/ptII/ptolemy/domains/continuous/test/auto/ContinuousInDEwithNoPorts.xml
----------------- Instantiating /home/travis/build/icyphy/ptII/ptolemy/domains/continuous/test/auto/ContinuousInDEwithNoPorts.xml
8 ms. Memory: 280576K Free: 147873K (53%)
----------------- Invoking toplevel() on ptolemy.moml.MoMLSimpleApplication@196b9e54
----------------- Done invoking toplevel() on ptolemy.moml.MoMLSimpleApplication@196b9e54
reloadAllAccessors: .ContinuousInDEwithNoPorts

===========================================================================================
----------------- testing Fri Oct 11 05:52:32 UTC 2019 /home/travis/build/icyphy/ptII/ptolemy/domains/continuous/test/auto/ContinuousInsideDE.xml
----------------- Instantiating /home/travis/build/icyphy/ptII/ptolemy/domains/continuous/test/auto/ContinuousInsideDE.xml
37 ms. Memory: 280576K Free: 136095K (49%)
----------------- Invoking toplevel() on ptolemy.moml.MoMLSimpleApplication@722a58ab
----------------- Done invoking toplevel() on ptolemy.moml.MoMLSimpleApplication@722a58ab
reloadAllAccessors: .ContinuousInsideDE

===========================================================================================
----------------- testing Fri Oct 11 05:52:32 UTC 2019 /home/travis/build/icyphy/ptII/ptolemy/domains/continuous/test/auto/ContinuousMerge1.xml
----------------- Instantiating /home/travis/build/icyphy/ptII/ptolemy/domains/continuous/test/auto/ContinuousMerge1.xml
4 ms. Memory: 280576K Free: 131985K (47%)
----------------- Invoking toplevel() on ptolemy.moml.MoMLSimpleApplication@61214744
----------------- Done invoking toplevel() on ptolemy.moml.MoMLSimpleApplication@61214744
reloadAllAccessors: .ContinuousMerge1

===========================================================================================
----------------- testing Fri Oct 11 05:52:33 UTC 2019 /home/travis/build/icyphy/ptII/ptolemy/domains/continuous/test/auto/ContinuousMerge2.xml
----------------- Instantiating /home/travis/build/icyphy/ptII/ptolemy/domains/continuous/test/auto/ContinuousMerge2.xml
16 ms. Memory: 280576K Free: 121759K (43%)
----------------- Invoking toplevel() on ptolemy.moml.MoMLSimpleApplication@2e98b5e7
----------------- Done invoking toplevel() on ptolemy.moml.MoMLSimpleApplication@2e98b5e7
reloadAllAccessors: .ContinuousMerge2

===========================================================================================
----------------- testing Fri Oct 11 05:52:33 UTC 2019 /home/travis/build/icyphy/ptII/ptolemy/domains/continuous/test/auto/ContinuousMerge3.xml
----------------- Instantiating /home/travis/build/icyphy/ptII/ptolemy/domains/continuous/test/auto/ContinuousMerge3.xml
46 ms. Memory: 280576K Free: 111009K (40%)
----------------- Invoking toplevel() on ptolemy.moml.MoMLSimpleApplication@1e23fb1d
----------------- Done invoking toplevel() on ptolemy.moml.MoMLSimpleApplication@1e23fb1d
reloadAllAccessors: .ContinuousMerge3

===========================================================================================
----------------- testing Fri Oct 11 05:52:33 UTC 2019 /home/travis/build/icyphy/ptII/ptolemy/domains/continuous/test/auto/ContinuousWithinContinuous.xml
----------------- Instantiating /home/travis/build/icyphy/ptII/ptolemy/domains/continuous/test/auto/ContinuousWithinContinuous.xml
34 ms. Memory: 280576K Free: 101279K (36%)
----------------- Invoking toplevel() on ptolemy.moml.MoMLSimpleApplication@7ba50ba4
----------------- Done invoking toplevel() on ptolemy.moml.MoMLSimpleApplication@7ba50ba4
reloadAllAccessors: .ContinuousWithinContinuous

===========================================================================================
----------------- testing Fri Oct 11 05:52:33 UTC 2019 /home/travis/build/icyphy/ptII/ptolemy/domains/continuous/test/auto/ContinuousWithinContinuous2.xml
----------------- Instantiating /home/travis/build/icyphy/ptII/ptolemy/domains/continuous/test/auto/ContinuousWithinContinuous2.xml
81 ms. Memory: 280576K Free: 257581K (92%)
----------------- Invoking toplevel() on ptolemy.moml.MoMLSimpleApplication@de2c3ad
----------------- Done invoking toplevel() on ptolemy.moml.MoMLSimpleApplication@de2c3ad
reloadAllAccessors: .ContinuousWithinContinuous2

===========================================================================================
----------------- testing Fri Oct 11 05:52:33 UTC 2019 /home/travis/build/icyphy/ptII/ptolemy/domains/continuous/test/auto/ContinuousWithinContinuous3.xml
----------------- Instantiating /home/travis/build/icyphy/ptII/ptolemy/domains/continuous/test/auto/ContinuousWithinContinuous3.xml
15 ms. Memory: 280576K Free: 250413K (89%)
----------------- Invoking toplevel() on ptolemy.moml.MoMLSimpleApplication@7b56c9f0
----------------- Done invoking toplevel() on ptolemy.moml.MoMLSimpleApplication@7b56c9f0
reloadAllAccessors: .ContinuousWithinContinuous3

===========================================================================================
----------------- testing Fri Oct 11 05:52:33 UTC 2019 /home/travis/build/icyphy/ptII/ptolemy/domains/continuous/test/auto/ContinuousWithinContinuous4.xml
----------------- Instantiating /home/travis/build/icyphy/ptII/ptolemy/domains/continuous/test/auto/ContinuousWithinContinuous4.xml
79 ms. Memory: 280576K Free: 238125K (85%)
----------------- Invoking toplevel() on ptolemy.moml.MoMLSimpleApplication@2ea2d3a8
----------------- Done invoking toplevel() on ptolemy.moml.MoMLSimpleApplication@2ea2d3a8
reloadAllAccessors: .ContinuousWithinContinuous4

===========================================================================================
----------------- testing Fri Oct 11 05:52:33 UTC 2019 /home/travis/build/icyphy/ptII/ptolemy/domains/continuous/test/auto/ContinuousWithinContinuous5.xml
----------------- Instantiating /home/travis/build/icyphy/ptII/ptolemy/domains/continuous/test/auto/ContinuousWithinContinuous5.xml
13 ms. Memory: 280576K Free: 230957K (82%)
----------------- Invoking toplevel() on ptolemy.moml.MoMLSimpleApplication@e90c32f
----------------- Done invoking toplevel() on ptolemy.moml.MoMLSimpleApplication@e90c32f
reloadAllAccessors: .ContinuousWithinContinuous5

===========================================================================================
----------------- testing Fri Oct 11 05:52:33 UTC 2019 /home/travis/build/icyphy/ptII/ptolemy/domains/continuous/test/auto/ContinuousWithinContinuous6.xml
----------------- Instantiating /home/travis/build/icyphy/ptII/ptolemy/domains/continuous/test/auto/ContinuousWithinContinuous6.xml
15 ms. Memory: 280576K Free: 223789K (80%)
----------------- Invoking toplevel() on ptolemy.moml.MoMLSimpleApplication@27d92df0
----------------- Done invoking toplevel() on ptolemy.moml.MoMLSimpleApplication@27d92df0
reloadAllAccessors: .ContinuousWithinContinuous6

===========================================================================================
----------------- testing Fri Oct 11 05:52:33 UTC 2019 /home/travis/build/icyphy/ptII/ptolemy/domains/continuous/test/auto/ContinuousWithinContinuous7.xml
----------------- Instantiating /home/travis/build/icyphy/ptII/ptolemy/domains/continuous/test/auto/ContinuousWithinContinuous7.xml
60 ms. Memory: 280576K Free: 213035K (76%)
----------------- Invoking toplevel() on ptolemy.moml.MoMLSimpleApplication@1e1e0542
----------------- Done invoking toplevel() on ptolemy.moml.MoMLSimpleApplication@1e1e0542
reloadAllAccessors: .ContinuousWithinContinuous7

===========================================================================================
----------------- testing Fri Oct 11 05:52:33 UTC 2019 /home/travis/build/icyphy/ptII/ptolemy/domains/continuous/test/auto/DCMotor.xml
----------------- Instantiating /home/travis/build/icyphy/ptII/ptolemy/domains/continuous/test/auto/DCMotor.xml
14589 ms. Memory: 280576K Free: 158638K (57%)
----------------- Invoking toplevel() on ptolemy.moml.MoMLSimpleApplication@5966b0a9
----------------- Done invoking toplevel() on ptolemy.moml.MoMLSimpleApplication@5966b0a9
reloadAllAccessors: .DCMotor

===========================================================================================
----------------- testing Fri Oct 11 05:52:48 UTC 2019 /home/travis/build/icyphy/ptII/ptolemy/domains/continuous/test/auto/DEInContinuous.xml
----------------- Instantiating /home/travis/build/icyphy/ptII/ptolemy/domains/continuous/test/auto/DEInContinuous.xml
12 ms. Memory: 280576K Free: 152494K (54%)
----------------- Invoking toplevel() on ptolemy.moml.MoMLSimpleApplication@67f075c6
----------------- Done invoking toplevel() on ptolemy.moml.MoMLSimpleApplication@67f075c6
reloadAllAccessors: .DEInContinuous

===========================================================================================
----------------- testing Fri Oct 11 05:52:48 UTC 2019 /home/travis/build/icyphy/ptII/ptolemy/domains/continuous/test/auto/DEinContinuous2.xml
----------------- Instantiating /home/travis/build/icyphy/ptII/ptolemy/domains/continuous/test/auto/DEinContinuous2.xml
7 ms. Memory: 280576K Free: 144798K (52%)
----------------- Invoking toplevel() on ptolemy.moml.MoMLSimpleApplication@4ef8fdce
----------------- Done invoking toplevel() on ptolemy.moml.MoMLSimpleApplication@4ef8fdce
reloadAllAccessors: .DEinContinuous2

===========================================================================================
----------------- testing Fri Oct 11 05:52:48 UTC 2019 /home/travis/build/icyphy/ptII/ptolemy/domains/continuous/test/auto/Derivative.xml
----------------- Instantiating /home/travis/build/icyphy/ptII/ptolemy/domains/continuous/test/auto/Derivative.xml
148 ms. Memory: 280576K Free: 115630K (41%)
----------------- Invoking toplevel() on ptolemy.moml.MoMLSimpleApplication@1526e3a2
----------------- Done invoking toplevel() on ptolemy.moml.MoMLSimpleApplication@1526e3a2
reloadAllAccessors: .Derivative2

===========================================================================================
----------------- testing Fri Oct 11 05:52:48 UTC 2019 /home/travis/build/icyphy/ptII/ptolemy/domains/continuous/test/auto/Derivative1.xml
----------------- Instantiating /home/travis/build/icyphy/ptII/ptolemy/domains/continuous/test/auto/Derivative1.xml
23 ms. Memory: 280576K Free: 101294K (36%)
----------------- Invoking toplevel() on ptolemy.moml.MoMLSimpleApplication@27ce8f1a
----------------- Done invoking toplevel() on ptolemy.moml.MoMLSimpleApplication@27ce8f1a
reloadAllAccessors: .Derivative1

===========================================================================================
----------------- testing Fri Oct 11 05:52:48 UTC 2019 /home/travis/build/icyphy/ptII/ptolemy/domains/continuous/test/auto/DiscreteClock.xml
----------------- Instantiating /home/travis/build/icyphy/ptII/ptolemy/domains/continuous/test/auto/DiscreteClock.xml
4 ms. Memory: 280576K Free: 262848K (94%)
----------------- Invoking toplevel() on ptolemy.moml.MoMLSimpleApplication@1b9b490
----------------- Done invoking toplevel() on ptolemy.moml.MoMLSimpleApplication@1b9b490
reloadAllAccessors: .DiscreteClock

===========================================================================================
----------------- testing Fri Oct 11 05:52:48 UTC 2019 /home/travis/build/icyphy/ptII/ptolemy/domains/continuous/test/auto/EfficiencyCurve.xml
----------------- Instantiating /home/travis/build/icyphy/ptII/ptolemy/domains/continuous/test/auto/EfficiencyCurve.xml
78 ms. Memory: 280576K Free: 253632K (90%)
----------------- Invoking toplevel() on ptolemy.moml.MoMLSimpleApplication@225d2889
----------------- Done invoking toplevel() on ptolemy.moml.MoMLSimpleApplication@225d2889
reloadAllAccessors: .EfficiencyCurve

===========================================================================================
----------------- testing Fri Oct 11 05:52:48 UTC 2019 /home/travis/build/icyphy/ptII/ptolemy/domains/continuous/test/auto/ExponentialResponse.xml
----------------- Instantiating /home/travis/build/icyphy/ptII/ptolemy/domains/continuous/test/auto/ExponentialResponse.xml
111 ms. Memory: 280576K Free: 237758K (85%)
----------------- Invoking toplevel() on ptolemy.moml.MoMLSimpleApplication@3937f5c0
----------------- Done invoking toplevel() on ptolemy.moml.MoMLSimpleApplication@3937f5c0
reloadAllAccessors: .ExponentialResponse

===========================================================================================
----------------- testing Fri Oct 11 05:52:48 UTC 2019 /home/travis/build/icyphy/ptII/ptolemy/domains/continuous/test/auto/ExponentialResponseRK45.xml
----------------- Instantiating /home/travis/build/icyphy/ptII/ptolemy/domains/continuous/test/auto/ExponentialResponseRK45.xml
25 ms. Memory: 280576K Free: 231104K (82%)
----------------- Invoking toplevel() on ptolemy.moml.MoMLSimpleApplication@6c2c8729
----------------- Done invoking toplevel() on ptolemy.moml.MoMLSimpleApplication@6c2c8729
reloadAllAccessors: .ExponentialResponseRK45

===========================================================================================
----------------- testing Fri Oct 11 05:52:49 UTC 2019 /home/travis/build/icyphy/ptII/ptolemy/domains/continuous/test/auto/Friction.xml
----------------- Instantiating /home/travis/build/icyphy/ptII/ptolemy/domains/continuous/test/auto/Friction.xml
1734 ms. Memory: 280576K Free: 141007K (50%)
----------------- Invoking toplevel() on ptolemy.moml.MoMLSimpleApplication@1b55ce43
----------------- Done invoking toplevel() on ptolemy.moml.MoMLSimpleApplication@1b55ce43
reloadAllAccessors: .Friction

===========================================================================================
----------------- testing Fri Oct 11 05:52:50 UTC 2019 /home/travis/build/icyphy/ptII/ptolemy/domains/continuous/test/auto/FurutaPendulum.xml
----------------- Instantiating /home/travis/build/icyphy/ptII/ptolemy/domains/continuous/test/auto/FurutaPendulum.xml
3877 ms. Memory: 280576K Free: 148375K (53%)
----------------- Invoking toplevel() on ptolemy.moml.MoMLSimpleApplication@382dd8f5
----------------- Done invoking toplevel() on ptolemy.moml.MoMLSimpleApplication@382dd8f5
reloadAllAccessors: .FurutaPendulum

===========================================================================================
----------------- testing Fri Oct 11 05:52:54 UTC 2019 /home/travis/build/icyphy/ptII/ptolemy/domains/continuous/test/auto/HierarchicalExecution.xml
----------------- Instantiating /home/travis/build/icyphy/ptII/ptolemy/domains/continuous/test/auto/HierarchicalExecution.xml
1883 ms. Memory: 280576K Free: 193408K (69%)
----------------- Invoking toplevel() on ptolemy.moml.MoMLSimpleApplication@39e83355
----------------- Done invoking toplevel() on ptolemy.moml.MoMLSimpleApplication@39e83355
reloadAllAccessors: .HierarchicalExecution

===========================================================================================
----------------- testing Fri Oct 11 05:52:57 UTC 2019 /home/travis/build/icyphy/ptII/ptolemy/domains/continuous/test/auto/HybridPlant.xml
----------------- Instantiating /home/travis/build/icyphy/ptII/ptolemy/domains/continuous/test/auto/HybridPlant.xml
557 ms. Memory: 280576K Free: 262389K (94%)
----------------- Invoking toplevel() on ptolemy.moml.MoMLSimpleApplication@7f9940f8
----------------- Done invoking toplevel() on ptolemy.moml.MoMLSimpleApplication@7f9940f8
reloadAllAccessors: .HybridPlant

===========================================================================================
----------------- testing Fri Oct 11 05:52:58 UTC 2019 /home/travis/build/icyphy/ptII/ptolemy/domains/continuous/test/auto/Hysteresis.xml
----------------- Instantiating /home/travis/build/icyphy/ptII/ptolemy/domains/continuous/test/auto/Hysteresis.xml
151 ms. Memory: 280576K Free: 199931K (71%)
----------------- Invoking toplevel() on ptolemy.moml.MoMLSimpleApplication@5f8edbf9
----------------- Done invoking toplevel() on ptolemy.moml.MoMLSimpleApplication@5f8edbf9
reloadAllAccessors: .Hysteresis

===========================================================================================
----------------- testing Fri Oct 11 05:52:58 UTC 2019 /home/travis/build/icyphy/ptII/ptolemy/domains/continuous/test/auto/HysteresisWithRandomDelay.xml
----------------- Instantiating /home/travis/build/icyphy/ptII/ptolemy/domains/continuous/test/auto/HysteresisWithRandomDelay.xml
193 ms. Memory: 280576K Free: 128765K (46%)
----------------- Invoking toplevel() on ptolemy.moml.MoMLSimpleApplication@2e1b6ee0
----------------- Done invoking toplevel() on ptolemy.moml.MoMLSimpleApplication@2e1b6ee0
reloadAllAccessors: .HysteresisWithRandomDelay

===========================================================================================
----------------- testing Fri Oct 11 05:52:58 UTC 2019 /home/travis/build/icyphy/ptII/ptolemy/domains/continuous/test/auto/HysteresisWithRandomLosses.xml
----------------- Instantiating /home/travis/build/icyphy/ptII/ptolemy/domains/continuous/test/auto/HysteresisWithRandomLosses.xml
2634 ms. Memory: 280576K Free: 217737K (78%)
----------------- Invoking toplevel() on ptolemy.moml.MoMLSimpleApplication@7848fcda
----------------- Done invoking toplevel() on ptolemy.moml.MoMLSimpleApplication@7848fcda
reloadAllAccessors: .HysteresisWithRandomLosses

===========================================================================================
----------------- testing Fri Oct 11 05:53:01 UTC 2019 /home/travis/build/icyphy/ptII/ptolemy/domains/continuous/test/auto/ImmediateTransitions.xml
----------------- Instantiating /home/travis/build/icyphy/ptII/ptolemy/domains/continuous/test/auto/ImmediateTransitions.xml
13 ms. Memory: 280576K Free: 206473K (74%)
----------------- Invoking toplevel() on ptolemy.moml.MoMLSimpleApplication@13487272
----------------- Done invoking toplevel() on ptolemy.moml.MoMLSimpleApplication@13487272
reloadAllAccessors: .ImmediateTransitions

===========================================================================================
----------------- testing Fri Oct 11 05:53:01 UTC 2019 /home/travis/build/icyphy/ptII/ptolemy/domains/continuous/test/auto/ImpulseFeedback.xml
----------------- Instantiating /home/travis/build/icyphy/ptII/ptolemy/domains/continuous/test/auto/ImpulseFeedback.xml
6 ms. Memory: 280576K Free: 200839K (72%)
----------------- Invoking toplevel() on ptolemy.moml.MoMLSimpleApplication@5f52ec34
----------------- Done invoking toplevel() on ptolemy.moml.MoMLSimpleApplication@5f52ec34
reloadAllAccessors: .ImpulseFeedback

===========================================================================================
----------------- testing Fri Oct 11 05:53:01 UTC 2019 /home/travis/build/icyphy/ptII/ptolemy/domains/continuous/test/auto/ImpulseFeedback2.xml
----------------- Instantiating /home/travis/build/icyphy/ptII/ptolemy/domains/continuous/test/auto/ImpulseFeedback2.xml
5 ms. Memory: 280576K Free: 195209K (70%)
----------------- Invoking toplevel() on ptolemy.moml.MoMLSimpleApplication@64e60c65
----------------- Done invoking toplevel() on ptolemy.moml.MoMLSimpleApplication@64e60c65
reloadAllAccessors: .ImpulseFeedback2

===========================================================================================
----------------- testing Fri Oct 11 05:53:01 UTC 2019 /home/travis/build/icyphy/ptII/ptolemy/domains/continuous/test/auto/IncreasingRatePoisson.xml
----------------- Instantiating /home/travis/build/icyphy/ptII/ptolemy/domains/continuous/test/auto/IncreasingRatePoisson.xml
890 ms. Memory: 280576K Free: 233117K (83%)
----------------- Invoking toplevel() on ptolemy.moml.MoMLSimpleApplication@657db25a
----------------- Done invoking toplevel() on ptolemy.moml.MoMLSimpleApplication@657db25a
reloadAllAccessors: .IncreasingRatePoisson

===========================================================================================
----------------- testing Fri Oct 11 05:53:02 UTC 2019 /home/travis/build/icyphy/ptII/ptolemy/domains/continuous/test/auto/InitialStateFeedback.xml
----------------- Instantiating /home/travis/build/icyphy/ptII/ptolemy/domains/continuous/test/auto/InitialStateFeedback.xml
9 ms. Memory: 280576K Free: 228541K (81%)
----------------- Invoking toplevel() on ptolemy.moml.MoMLSimpleApplication@665024d3
----------------- Done invoking toplevel() on ptolemy.moml.MoMLSimpleApplication@665024d3
reloadAllAccessors: .InitialStateFeedback

===========================================================================================
----------------- testing Fri Oct 11 05:53:02 UTC 2019 /home/travis/build/icyphy/ptII/ptolemy/domains/continuous/test/auto/Integration.xml
----------------- Instantiating /home/travis/build/icyphy/ptII/ptolemy/domains/continuous/test/auto/Integration.xml
3 ms. Memory: 280576K Free: 224445K (80%)
----------------- Invoking toplevel() on ptolemy.moml.MoMLSimpleApplication@49e74ff7
----------------- Done invoking toplevel() on ptolemy.moml.MoMLSimpleApplication@49e74ff7
reloadAllAccessors: .Integration

===========================================================================================
----------------- testing Fri Oct 11 05:53:02 UTC 2019 /home/travis/build/icyphy/ptII/ptolemy/domains/continuous/test/auto/Integration2.xml
----------------- Instantiating /home/travis/build/icyphy/ptII/ptolemy/domains/continuous/test/auto/Integration2.xml
95 ms. Memory: 280576K Free: 210109K (75%)
----------------- Invoking toplevel() on ptolemy.moml.MoMLSimpleApplication@3fca0a1e
----------------- Done invoking toplevel() on ptolemy.moml.MoMLSimpleApplication@3fca0a1e
reloadAllAccessors: .Integration2

===========================================================================================
----------------- testing Fri Oct 11 05:53:02 UTC 2019 /home/travis/build/icyphy/ptII/ptolemy/domains/continuous/test/auto/Integration3.xml
----------------- Instantiating /home/travis/build/icyphy/ptII/ptolemy/domains/continuous/test/auto/Integration3.xml
2 ms. Memory: 280576K Free: 205499K (73%)
----------------- Invoking toplevel() on ptolemy.moml.MoMLSimpleApplication@6f2bdfc7
----------------- Done invoking toplevel() on ptolemy.moml.MoMLSimpleApplication@6f2bdfc7
reloadAllAccessors: .Integration3

===========================================================================================
----------------- testing Fri Oct 11 05:53:02 UTC 2019 /home/travis/build/icyphy/ptII/ptolemy/domains/continuous/test/auto/Integration5.xml
----------------- Instantiating /home/travis/build/icyphy/ptII/ptolemy/domains/continuous/test/auto/Integration5.xml
2 ms. Memory: 280576K Free: 201403K (72%)
----------------- Invoking toplevel() on ptolemy.moml.MoMLSimpleApplication@70ca4e67
----------------- Done invoking toplevel() on ptolemy.moml.MoMLSimpleApplication@70ca4e67
reloadAllAccessors: .Integration5

===========================================================================================
----------------- testing Fri Oct 11 05:53:02 UTC 2019 /home/travis/build/icyphy/ptII/ptolemy/domains/continuous/test/auto/IntegratorImpulse.xml
----------------- Instantiating /home/travis/build/icyphy/ptII/ptolemy/domains/continuous/test/auto/IntegratorImpulse.xml
3 ms. Memory: 280576K Free: 197293K (70%)
----------------- Invoking toplevel() on ptolemy.moml.MoMLSimpleApplication@45b208dc
----------------- Done invoking toplevel() on ptolemy.moml.MoMLSimpleApplication@45b208dc
reloadAllAccessors: .IntegratorImpulse

===========================================================================================
----------------- testing Fri Oct 11 05:53:02 UTC 2019 /home/travis/build/icyphy/ptII/ptolemy/domains/continuous/test/auto/IntegratorImpulse2.xml
----------------- Instantiating /home/travis/build/icyphy/ptII/ptolemy/domains/continuous/test/auto/IntegratorImpulse2.xml
4 ms. Memory: 280576K Free: 192701K (69%)
----------------- Invoking toplevel() on ptolemy.moml.MoMLSimpleApplication@7cee4794
----------------- Done invoking toplevel() on ptolemy.moml.MoMLSimpleApplication@7cee4794
reloadAllAccessors: .IntegratorImpulse2

===========================================================================================
----------------- testing Fri Oct 11 05:53:02 UTC 2019 /home/travis/build/icyphy/ptII/ptolemy/domains/continuous/test/auto/LevelCrossing1.xml
----------------- Instantiating /home/travis/build/icyphy/ptII/ptolemy/domains/continuous/test/auto/LevelCrossing1.xml
3 ms. Memory: 280576K Free: 187581K (67%)
----------------- Invoking toplevel() on ptolemy.moml.MoMLSimpleApplication@20c2d427
----------------- Done invoking toplevel() on ptolemy.moml.MoMLSimpleApplication@20c2d427
reloadAllAccessors: .LevelCrossing1

===========================================================================================
----------------- testing Fri Oct 11 05:53:02 UTC 2019 /home/travis/build/icyphy/ptII/ptolemy/domains/continuous/test/auto/LevelCrossing2.xml
----------------- Instantiating /home/travis/build/icyphy/ptII/ptolemy/domains/continuous/test/auto/LevelCrossing2.xml
4 ms. Memory: 280576K Free: 182461K (65%)
----------------- Invoking toplevel() on ptolemy.moml.MoMLSimpleApplication@51755b52
----------------- Done invoking toplevel() on ptolemy.moml.MoMLSimpleApplication@51755b52
reloadAllAccessors: .LevelCrossing2

===========================================================================================
----------------- testing Fri Oct 11 05:53:02 UTC 2019 /home/travis/build/icyphy/ptII/ptolemy/domains/continuous/test/auto/LevelCrossing3.xml
----------------- Instantiating /home/travis/build/icyphy/ptII/ptolemy/domains/continuous/test/auto/LevelCrossing3.xml
4 ms. Memory: 280576K Free: 177341K (63%)
----------------- Invoking toplevel() on ptolemy.moml.MoMLSimpleApplication@5d27beb8
----------------- Done invoking toplevel() on ptolemy.moml.MoMLSimpleApplication@5d27beb8
reloadAllAccessors: .LevelCrossing3

===========================================================================================
----------------- testing Fri Oct 11 05:53:02 UTC 2019 /home/travis/build/icyphy/ptII/ptolemy/domains/continuous/test/auto/LevelCrossing4.xml
----------------- Instantiating /home/travis/build/icyphy/ptII/ptolemy/domains/continuous/test/auto/LevelCrossing4.xml
5 ms. Memory: 280576K Free: 172221K (61%)
----------------- Invoking toplevel() on ptolemy.moml.MoMLSimpleApplication@1268ff2c
----------------- Done invoking toplevel() on ptolemy.moml.MoMLSimpleApplication@1268ff2c
reloadAllAccessors: .LevelCrossing4

===========================================================================================
----------------- testing Fri Oct 11 05:53:02 UTC 2019 /home/travis/build/icyphy/ptII/ptolemy/domains/continuous/test/auto/LevelCrossing5.xml
----------------- Instantiating /home/travis/build/icyphy/ptII/ptolemy/domains/continuous/test/auto/LevelCrossing5.xml
3 ms. Memory: 280576K Free: 167101K (60%)
----------------- Invoking toplevel() on ptolemy.moml.MoMLSimpleApplication@4a9e5ea1
----------------- Done invoking toplevel() on ptolemy.moml.MoMLSimpleApplication@4a9e5ea1
reloadAllAccessors: .LevelCrossing5

===========================================================================================
[...]
----------------- testing Fri Oct 11 05:53:21 UTC 2019 /home/travis/build/icyphy/ptII/ptolemy/domains/continuous/test/auto/SRinContinuous.xml
----------------- Instantiating /home/travis/build/icyphy/ptII/ptolemy/domains/continuous/test/auto/SRinContinuous.xml
4 ms. Memory: 280576K Free: 233805K (83%)
----------------- Invoking toplevel() on ptolemy.moml.MoMLSimpleApplication@7ff2e0de
----------------- Done invoking toplevel() on ptolemy.moml.MoMLSimpleApplication@7ff2e0de
reloadAllAccessors: .SRinContinuous

===========================================================================================
----------------- testing Fri Oct 11 05:53:21 UTC 2019 /home/travis/build/icyphy/ptII/ptolemy/domains/continuous/test/auto/SampledClocks.xml
----------------- Instantiating /home/travis/build/icyphy/ptII/ptolemy/domains/continuous/test/auto/SampledClocks.xml
8 ms. Memory: 280576K Free: 221517K (79%)
----------------- Invoking toplevel() on ptolemy.moml.MoMLSimpleApplication@4b790c6e
----------------- Done invoking toplevel() on ptolemy.moml.MoMLSimpleApplication@4b790c6e
reloadAllAccessors: .SampledClocks

===========================================================================================
----------------- testing Fri Oct 11 05:53:21 UTC 2019 /home/travis/build/icyphy/ptII/ptolemy/domains/continuous/test/auto/Satellite.xml
----------------- Instantiating /home/travis/build/icyphy/ptII/ptolemy/domains/continuous/test/auto/Satellite.xml
823 ms. Memory: 280576K Free: 196765K (70%)
----------------- Invoking toplevel() on ptolemy.moml.MoMLSimpleApplication@6976dc0a
----------------- Done invoking toplevel() on ptolemy.moml.MoMLSimpleApplication@6976dc0a
reloadAllAccessors: .Satellite

===========================================================================================
----------------- testing Fri Oct 11 05:53:22 UTC 2019 /home/travis/build/icyphy/ptII/ptolemy/domains/continuous/test/auto/SigmaDelta.xml
----------------- Instantiating /home/travis/build/icyphy/ptII/ptolemy/domains/continuous/test/auto/SigmaDelta.xml
2387 ms. Memory: 280576K Free: 101168K (36%)
----------------- Invoking toplevel() on ptolemy.moml.MoMLSimpleApplication@70aabe3d
----------------- Done invoking toplevel() on ptolemy.moml.MoMLSimpleApplication@70aabe3d
reloadAllAccessors: .SigmaDelta

===========================================================================================
----------------- testing Fri Oct 11 05:53:25 UTC 2019 /home/travis/build/icyphy/ptII/ptolemy/domains/continuous/test/auto/SingleRefinement.xml
----------------- Instantiating /home/travis/build/icyphy/ptII/ptolemy/domains/continuous/test/auto/SingleRefinement.xml
357 ms. Memory: 280576K Free: 251723K (90%)
----------------- Invoking toplevel() on ptolemy.moml.MoMLSimpleApplication@2c5fbaba
----------------- Done invoking toplevel() on ptolemy.moml.MoMLSimpleApplication@2c5fbaba
reloadAllAccessors: .SingleRefinement

===========================================================================================
----------------- testing Fri Oct 11 05:53:25 UTC 2019 /home/travis/build/icyphy/ptII/ptolemy/domains/continuous/test/auto/SinuBouncingBall.xml
----------------- Instantiating /home/travis/build/icyphy/ptII/ptolemy/domains/continuous/test/auto/SinuBouncingBall.xml
846 ms. Memory: 280576K Free: 204920K (73%)
----------------- Invoking toplevel() on ptolemy.moml.MoMLSimpleApplication@795ab8d5
----------------- Done invoking toplevel() on ptolemy.moml.MoMLSimpleApplication@795ab8d5
reloadAllAccessors: .SinuBouncingBall

===========================================================================================
----------------- testing Fri Oct 11 05:53:26 UTC 2019 /home/travis/build/icyphy/ptII/ptolemy/domains/continuous/test/auto/Sinusoid.xml
----------------- Instantiating /home/travis/build/icyphy/ptII/ptolemy/domains/continuous/test/auto/Sinusoid.xml
4 ms. Memory: 280576K Free: 200314K (71%)
----------------- Invoking toplevel() on ptolemy.moml.MoMLSimpleApplication@110c1017
----------------- Done invoking toplevel() on ptolemy.moml.MoMLSimpleApplication@110c1017
reloadAllAccessors: .Sinusoid

===========================================================================================
----------------- testing Fri Oct 11 05:53:26 UTC 2019 /home/travis/build/icyphy/ptII/ptolemy/domains/continuous/test/auto/SinusoidInNoise.xml
----------------- Instantiating /home/travis/build/icyphy/ptII/ptolemy/domains/continuous/test/auto/SinusoidInNoise.xml
1053 ms. Memory: 280576K Free: 229160K (82%)
----------------- Invoking toplevel() on ptolemy.moml.MoMLSimpleApplication@7a5ab00c
----------------- Done invoking toplevel() on ptolemy.moml.MoMLSimpleApplication@7a5ab00c
reloadAllAccessors: .SinusoidInNoise

===========================================================================================
----------------- testing Fri Oct 11 05:53:27 UTC 2019 /home/travis/build/icyphy/ptII/ptolemy/domains/continuous/test/auto/SinusoidRK45.xml
----------------- Instantiating /home/travis/build/icyphy/ptII/ptolemy/domains/continuous/test/auto/SinusoidRK45.xml
5 ms. Memory: 280576K Free: 224554K (80%)
----------------- Invoking toplevel() on ptolemy.moml.MoMLSimpleApplication@5925798b
----------------- Done invoking toplevel() on ptolemy.moml.MoMLSimpleApplication@5925798b
reloadAllAccessors: .SinusoidRK45

===========================================================================================
----------------- testing Fri Oct 11 05:53:27 UTC 2019 /home/travis/build/icyphy/ptII/ptolemy/domains/continuous/test/auto/SinusoidWithMultipleImpulses.xml
----------------- Instantiating /home/travis/build/icyphy/ptII/ptolemy/domains/continuous/test/auto/SinusoidWithMultipleImpulses.xml
4 ms. Memory: 280576K Free: 219944K (78%)
----------------- Invoking toplevel() on ptolemy.moml.MoMLSimpleApplication@6ea4b4e2
----------------- Done invoking toplevel() on ptolemy.moml.MoMLSimpleApplication@6ea4b4e2
reloadAllAccessors: .SinusoidWithMultipleImpulses

===========================================================================================
----------------- testing Fri Oct 11 05:53:27 UTC 2019 /home/travis/build/icyphy/ptII/ptolemy/domains/continuous/test/auto/SquareWave.xml
----------------- Instantiating /home/travis/build/icyphy/ptII/ptolemy/domains/continuous/test/auto/SquareWave.xml
194 ms. Memory: 280576K Free: 192296K (69%)
----------------- Invoking toplevel() on ptolemy.moml.MoMLSimpleApplication@702a01c8
----------------- Done invoking toplevel() on ptolemy.moml.MoMLSimpleApplication@702a01c8
reloadAllAccessors: .SquareWave

===========================================================================================
----------------- testing Fri Oct 11 05:53:28 UTC 2019 /home/travis/build/icyphy/ptII/ptolemy/domains/continuous/test/auto/Starmac.xml
----------------- Instantiating /home/travis/build/icyphy/ptII/ptolemy/domains/continuous/test/auto/Starmac.xml
3118 ms. Memory: 280576K Free: 209169K (75%)
----------------- Invoking toplevel() on ptolemy.moml.MoMLSimpleApplication@3ae1df14
----------------- Done invoking toplevel() on ptolemy.moml.MoMLSimpleApplication@3ae1df14
reloadAllAccessors: .Starmac

===========================================================================================
----------------- testing Fri Oct 11 05:53:31 UTC 2019 /home/travis/build/icyphy/ptII/ptolemy/domains/continuous/test/auto/StaticUnits.xml
----------------- Instantiating /home/travis/build/icyphy/ptII/ptolemy/domains/continuous/test/auto/StaticUnits.xml
2269 ms. Memory: 280576K Free: 241360K (86%)
----------------- Invoking toplevel() on ptolemy.moml.MoMLSimpleApplication@704da41e
----------------- Done invoking toplevel() on ptolemy.moml.MoMLSimpleApplication@704da41e
reloadAllAccessors: .StaticUnits

===========================================================================================
----------------- testing Fri Oct 11 05:53:34 UTC 2019 /home/travis/build/icyphy/ptII/ptolemy/domains/continuous/test/auto/StickyMasses.xml
----------------- Instantiating /home/travis/build/icyphy/ptII/ptolemy/domains/continuous/test/auto/StickyMasses.xml
162 ms. Memory: 280576K Free: 192208K (69%)
----------------- Invoking toplevel() on ptolemy.moml.MoMLSimpleApplication@577763ac
----------------- Done invoking toplevel() on ptolemy.moml.MoMLSimpleApplication@577763ac
reloadAllAccessors: .StickyMasses

===========================================================================================
----------------- testing Fri Oct 11 05:53:34 UTC 2019 /home/travis/build/icyphy/ptII/ptolemy/domains/continuous/test/auto/StopTime.xml
----------------- Instantiating /home/travis/build/icyphy/ptII/ptolemy/domains/continuous/test/auto/StopTime.xml
47 ms. Memory: 280576K Free: 167632K (60%)
----------------- Invoking toplevel() on ptolemy.moml.MoMLSimpleApplication@270785ac
----------------- Done invoking toplevel() on ptolemy.moml.MoMLSimpleApplication@270785ac
reloadAllAccessors: .StopTime

===========================================================================================
----------------- testing Fri Oct 11 05:53:34 UTC 2019 /home/travis/build/icyphy/ptII/ptolemy/domains/continuous/test/auto/StopTime2.xml
----------------- Instantiating /home/travis/build/icyphy/ptII/ptolemy/domains/continuous/test/auto/StopTime2.xml
44 ms. Memory: 280576K Free: 145614K (52%)
----------------- Invoking toplevel() on ptolemy.moml.MoMLSimpleApplication@3fd9e2ad
----------------- Done invoking toplevel() on ptolemy.moml.MoMLSimpleApplication@3fd9e2ad
reloadAllAccessors: .StopTime2

===========================================================================================
----------------- testing Fri Oct 11 05:53:34 UTC 2019 /home/travis/build/icyphy/ptII/ptolemy/domains/continuous/test/auto/Switch.xml
----------------- Instantiating /home/travis/build/icyphy/ptII/ptolemy/domains/continuous/test/auto/Switch.xml
42 ms. Memory: 280576K Free: 121023K (43%)
----------------- Invoking toplevel() on ptolemy.moml.MoMLSimpleApplication@365b5b3d
----------------- Done invoking toplevel() on ptolemy.moml.MoMLSimpleApplication@365b5b3d
reloadAllAccessors: .Switch

===========================================================================================
----------------- testing Fri Oct 11 05:53:34 UTC 2019 /home/travis/build/icyphy/ptII/ptolemy/domains/continuous/test/auto/Thermostat.xml
----------------- Instantiating /home/travis/build/icyphy/ptII/ptolemy/domains/continuous/test/auto/Thermostat.xml
206 ms. Memory: 280576K Free: 211241K (75%)
----------------- Invoking toplevel() on ptolemy.moml.MoMLSimpleApplication@1dca1e7b
----------------- Done invoking toplevel() on ptolemy.moml.MoMLSimpleApplication@1dca1e7b
reloadAllAccessors: .Thermostat

===========================================================================================
----------------- testing Fri Oct 11 05:53:35 UTC 2019 /home/travis/build/icyphy/ptII/ptolemy/domains/continuous/test/auto/TimeDelay.xml
----------------- Instantiating /home/travis/build/icyphy/ptII/ptolemy/domains/continuous/test/auto/TimeDelay.xml
7 ms. Memory: 280576K Free: 206011K (73%)
----------------- Invoking toplevel() on ptolemy.moml.MoMLSimpleApplication@7d80e40c
----------------- Done invoking toplevel() on ptolemy.moml.MoMLSimpleApplication@7d80e40c
reloadAllAccessors: .TimeDelay

===========================================================================================
----------------- testing Fri Oct 11 05:53:35 UTC 2019 /home/travis/build/icyphy/ptII/ptolemy/domains/continuous/test/auto/TimeDelay2.xml
----------------- Instantiating /home/travis/build/icyphy/ptII/ptolemy/domains/continuous/test/auto/TimeDelay2.xml
8 ms. Memory: 280576K Free: 196291K (70%)
----------------- Invoking toplevel() on ptolemy.moml.MoMLSimpleApplication@e74a562
----------------- Done invoking toplevel() on ptolemy.moml.MoMLSimpleApplication@e74a562
reloadAllAccessors: .TimeDelay2

===========================================================================================
----------------- testing Fri Oct 11 05:53:35 UTC 2019 /home/travis/build/icyphy/ptII/ptolemy/domains/continuous/test/auto/TimeDelay3.xml
----------------- Instantiating /home/travis/build/icyphy/ptII/ptolemy/domains/continuous/test/auto/TimeDelay3.xml
6 ms. Memory: 280576K Free: 192193K (68%)
----------------- Invoking toplevel() on ptolemy.moml.MoMLSimpleApplication@6200213d
----------------- Done invoking toplevel() on ptolemy.moml.MoMLSimpleApplication@6200213d
reloadAllAccessors: .TimeDelay3

===========================================================================================
----------------- testing Fri Oct 11 05:53:35 UTC 2019 /home/travis/build/icyphy/ptII/ptolemy/domains/continuous/test/auto/TransferAbsentToInside.xml
----------------- Instantiating /home/travis/build/icyphy/ptII/ptolemy/domains/continuous/test/auto/TransferAbsentToInside.xml
35 ms. Memory: 280576K Free: 138947K (50%)
----------------- Invoking toplevel() on ptolemy.moml.MoMLSimpleApplication@439b89db
----------------- Done invoking toplevel() on ptolemy.moml.MoMLSimpleApplication@439b89db
reloadAllAccessors: .TransferAbsentToInside

===========================================================================================
----------------- testing Fri Oct 11 05:53:35 UTC 2019 /home/travis/build/icyphy/ptII/ptolemy/domains/continuous/test/auto/Transmission.xml
----------------- Instantiating /home/travis/build/icyphy/ptII/ptolemy/domains/continuous/test/auto/Transmission.xml
875 ms. Memory: 336896K Free: 288418K (86%)
----------------- Invoking toplevel() on ptolemy.moml.MoMLSimpleApplication@2424fcdd
----------------- Done invoking toplevel() on ptolemy.moml.MoMLSimpleApplication@2424fcdd
reloadAllAccessors: .Transmission

===========================================================================================
----------------- testing Fri Oct 11 05:53:36 UTC 2019 /home/travis/build/icyphy/ptII/ptolemy/domains/continuous/test/auto/TriggeredContinuousClock.xml
----------------- Instantiating /home/travis/build/icyphy/ptII/ptolemy/domains/continuous/test/auto/TriggeredContinuousClock.xml
55 ms. Memory: 336896K Free: 258706K (77%)
----------------- Invoking toplevel() on ptolemy.moml.MoMLSimpleApplication@3f96333a
----------------- Done invoking toplevel() on ptolemy.moml.MoMLSimpleApplication@3f96333a
reloadAllAccessors: .TriggeredContinuousClock

===========================================================================================
----------------- testing Fri Oct 11 05:53:36 UTC 2019 /home/travis/build/icyphy/ptII/ptolemy/domains/continuous/test/auto/TwoMachineInfiniteBusControl.xml
----------------- Instantiating /home/travis/build/icyphy/ptII/ptolemy/domains/continuous/test/auto/TwoMachineInfiniteBusControl.xml
3274 ms. Memory: 336896K Free: 286855K (85%)
----------------- Invoking toplevel() on ptolemy.moml.MoMLSimpleApplication@4d9d2b07
----------------- Done invoking toplevel() on ptolemy.moml.MoMLSimpleApplication@4d9d2b07
reloadAllAccessors: .TwoMachineInfiniteBusControl

===========================================================================================
----------------- testing Fri Oct 11 05:53:39 UTC 2019 /home/travis/build/icyphy/ptII/ptolemy/domains/continuous/test/auto/V2V.xml
----------------- Instantiating /home/travis/build/icyphy/ptII/ptolemy/domains/continuous/test/auto/V2V.xml
885 ms. Memory: 336896K Free: 295538K (88%)
----------------- Invoking toplevel() on ptolemy.moml.MoMLSimpleApplication@436c7436
----------------- Done invoking toplevel() on ptolemy.moml.MoMLSimpleApplication@436c7436
reloadAllAccessors: .V2V

===========================================================================================
----------------- testing Fri Oct 11 05:53:40 UTC 2019 /home/travis/build/icyphy/ptII/ptolemy/domains/continuous/test/auto/hierarchicalModalModel.xml
----------------- Instantiating /home/travis/build/icyphy/ptII/ptolemy/domains/continuous/test/auto/hierarchicalModalModel.xml
9 ms. Memory: 336896K Free: 281202K (83%)
----------------- Invoking toplevel() on ptolemy.moml.MoMLSimpleApplication@2cb2e8e
----------------- Done invoking toplevel() on ptolemy.moml.MoMLSimpleApplication@2cb2e8e
reloadAllAccessors: .hierarchicalModalModel

===========================================================================================
----------------- testing Fri Oct 11 05:53:40 UTC 2019 /home/travis/build/icyphy/ptII/ptolemy/domains/continuous/test/auto/hierarchicalModalModel1.xml
----------------- Instantiating /home/travis/build/icyphy/ptII/ptolemy/domains/continuous/test/auto/hierarchicalModalModel1.xml
9 ms. Memory: 336896K Free: 266880K (79%)
----------------- Invoking toplevel() on ptolemy.moml.MoMLSimpleApplication@43b6dc42
----------------- Done invoking toplevel() on ptolemy.moml.MoMLSimpleApplication@43b6dc42
reloadAllAccessors: .hierarchicalModalModel1

===========================================================================================
----------------- testing Fri Oct 11 05:53:40 UTC 2019 /home/travis/build/icyphy/ptII/ptolemy/domains/continuous/test/auto/hierarchicalModalModel2.xml
----------------- Instantiating /home/travis/build/icyphy/ptII/ptolemy/domains/continuous/test/auto/hierarchicalModalModel2.xml
7 ms. Memory: 336896K Free: 254578K (76%)
----------------- Invoking toplevel() on ptolemy.moml.MoMLSimpleApplication@589f968c
----------------- Done invoking toplevel() on ptolemy.moml.MoMLSimpleApplication@589f968c
reloadAllAccessors: .hierarchicalModalModel2

===========================================================================================
----------------- testing Fri Oct 11 05:53:40 UTC 2019 /home/travis/build/icyphy/ptII/ptolemy/domains/continuous/test/auto/hierarchicalModalModel3.xml
----------------- Instantiating /home/travis/build/icyphy/ptII/ptolemy/domains/continuous/test/auto/hierarchicalModalModel3.xml
7 ms. Memory: 336896K Free: 243842K (72%)
----------------- Invoking toplevel() on ptolemy.moml.MoMLSimpleApplication@2f0b730
----------------- Done invoking toplevel() on ptolemy.moml.MoMLSimpleApplication@2f0b730
reloadAllAccessors: .hierarchicalModalModel3

===========================================================================================
----------------- testing Fri Oct 11 05:53:40 UTC 2019 /home/travis/build/icyphy/ptII/ptolemy/domains/continuous/test/auto/hierarchicalModalModel4.xml
----------------- Instantiating /home/travis/build/icyphy/ptII/ptolemy/domains/continuous/test/auto/hierarchicalModalModel4.xml
6 ms. Memory: 336896K Free: 232064K (69%)
----------------- Invoking toplevel() on ptolemy.moml.MoMLSimpleApplication@2c15e80c
----------------- Done invoking toplevel() on ptolemy.moml.MoMLSimpleApplication@2c15e80c
reloadAllAccessors: .hierarchicalModalModel4

===========================================================================================
----------------- testing Fri Oct 11 05:53:40 UTC 2019 /home/travis/build/icyphy/ptII/ptolemy/domains/continuous/test/auto/junk.xml
----------------- Instantiating /home/travis/build/icyphy/ptII/ptolemy/domains/continuous/test/auto/junk.xml
135 ms. Memory: 336896K Free: 206978K (61%)
----------------- Invoking toplevel() on ptolemy.moml.MoMLSimpleApplication@5322ac56
----------------- Done invoking toplevel() on ptolemy.moml.MoMLSimpleApplication@5322ac56
reloadAllAccessors: .junk
AutoTests.java: About to close Vertx.
AutoTests.java: Vertx closed.
]]></system-out>
  <system-err><![CDATA[Warning: '.HysteresisWithRandomDelay.NonStrictTest3' The test produced only 16 tokens, yet the correctValues parameter was expecting 30 tokens.
Warning: '.IncreasingRatePoisson.NonStrictTest' The test produced only 377 tokens, yet the correctValues parameter was expecting 402 tokens.
Warning: '.Poisson.NonStrictTest' The test produced only 412 tokens, yet the correctValues parameter was expecting 430 tokens.
]]></system-err>
</testsuite>
