<?xml version="1.0" encoding="UTF-8" ?>
<testsuite errors="0" failures="0" hostname="travis-job-b3df4149-717e-47e9-962b-77651c75944a" name="ptolemy.domains.de.test.junit.JUnitTclTest" skipped="0" tests="101" time="128.514" timestamp="2018-11-20T02:50:38">
  <properties>
[...]
</properties>
  <testcase classname="ptolemy.util.test.junit.TclTests" name="[0] /home/travis/build/icyphy/ptII/ptolemy/domains/de/test/DependencyLoop.tcl (RunTclFile)" time="0.747" />
  <testcase classname="ptolemy.util.test.junit.TclTests" name="[1] /home/travis/build/icyphy/ptII/ptolemy/domains/de/test/RunDETestsAsQSS.tcl (RunTclFile)" time="88.407" />
  <testcase classname="ptolemy.util.test.junit.AutoKnownFailedTests" name="[0] /home/travis/build/icyphy/ptII/ptolemy/domains/de/test/auto/knownFailedTests/DESDFClockTest.xml (RunModel)" time="2.032" />
  <testcase classname="ptolemy.util.test.junit.AutoKnownFailedTests" name="[1] /home/travis/build/icyphy/ptII/ptolemy/domains/de/test/auto/knownFailedTests/DirectFeedback.xml (RunModel)" time="0.019" />
  <testcase classname="ptolemy.util.test.junit.AutoKnownFailedTests" name="[2] /home/travis/build/icyphy/ptII/ptolemy/domains/de/test/auto/knownFailedTests/FSMSource.xml (RunModel)" time="0.02" />
  <testcase classname="ptolemy.util.test.junit.AutoKnownFailedTests" name="[3] /home/travis/build/icyphy/ptII/ptolemy/domains/de/test/auto/knownFailedTests/HierarchicalModel.xml (RunModel)" time="0.038" />
  <testcase classname="ptolemy.util.test.junit.AutoKnownFailedTests" name="[4] /home/travis/build/icyphy/ptII/ptolemy/domains/de/test/auto/knownFailedTests/dependencyLoop.xml (RunModel)" time="0.031" />
  <testcase classname="ptolemy.util.test.junit.AutoKnownFailedTests" name="[5] /home/travis/build/icyphy/ptII/ptolemy/domains/de/test/auto/knownFailedTests/dependencyLoop2.xml (RunModel)" time="0.034" />
  <testcase classname="ptolemy.util.test.junit.AutoNameArchTests" name="[0] ThereAreNoAutoArchTests (RunModel)" time="0.0" />
  <testcase classname="ptolemy.util.test.junit.AutoTests" name="[0] /home/travis/build/icyphy/ptII/ptolemy/domains/de/test/auto/ActorDepthCalculation_actorWithoutPorts.xml (RunModel)" time="0.016" />
  <testcase classname="ptolemy.util.test.junit.AutoTests" name="[1] /home/travis/build/icyphy/ptII/ptolemy/domains/de/test/auto/AssemblyLine.xml (RunModel)" time="0.032" />
  <testcase classname="ptolemy.util.test.junit.AutoTests" name="[2] /home/travis/build/icyphy/ptII/ptolemy/domains/de/test/auto/CQBug1.xml (RunModel)" time="0.011" />
  <testcase classname="ptolemy.util.test.junit.AutoTests" name="[3] /home/travis/build/icyphy/ptII/ptolemy/domains/de/test/auto/CancelFireAt.xml (RunModel)" time="0.01" />
  <testcase classname="ptolemy.util.test.junit.AutoTests" name="[4] /home/travis/build/icyphy/ptII/ptolemy/domains/de/test/auto/CausalityAndComposabilityAnalysis.xml (RunModel)" time="0.011" />
  <testcase classname="ptolemy.util.test.junit.AutoTests" name="[5] /home/travis/build/icyphy/ptII/ptolemy/domains/de/test/auto/CausalityInterface1.xml (RunModel)" time="0.012" />
  <testcase classname="ptolemy.util.test.junit.AutoTests" name="[6] /home/travis/build/icyphy/ptII/ptolemy/domains/de/test/auto/CausalityInterface15.xml (RunModel)" time="0.011" />
  <testcase classname="ptolemy.util.test.junit.AutoTests" name="[7] /home/travis/build/icyphy/ptII/ptolemy/domains/de/test/auto/CausalityInterface2.xml (RunModel)" time="0.009" />
  <testcase classname="ptolemy.util.test.junit.AutoTests" name="[8] /home/travis/build/icyphy/ptII/ptolemy/domains/de/test/auto/CausalityInterface3.xml (RunModel)" time="0.008" />
  <testcase classname="ptolemy.util.test.junit.AutoTests" name="[9] /home/travis/build/icyphy/ptII/ptolemy/domains/de/test/auto/ClockDrift.xml (RunModel)" time="0.036" />
  <testcase classname="ptolemy.util.test.junit.AutoTests" name="[10] /home/travis/build/icyphy/ptII/ptolemy/domains/de/test/auto/ClockDriftAndValueChange.xml (RunModel)" time="0.022" />
  <testcase classname="ptolemy.util.test.junit.AutoTests" name="[11] /home/travis/build/icyphy/ptII/ptolemy/domains/de/test/auto/ClockDriftChange.xml (RunModel)" time="0.028" />
  <testcase classname="ptolemy.util.test.junit.AutoTests" name="[12] /home/travis/build/icyphy/ptII/ptolemy/domains/de/test/auto/ComposableCausalityAnalysis.xml (RunModel)" time="0.01" />
  <testcase classname="ptolemy.util.test.junit.AutoTests" name="[13] /home/travis/build/icyphy/ptII/ptolemy/domains/de/test/auto/DEFixedPointLimitation.xml (RunModel)" time="0.011" />
  <testcase classname="ptolemy.util.test.junit.AutoTests" name="[14] /home/travis/build/icyphy/ptII/ptolemy/domains/de/test/auto/DEScheduleTest.xml (RunModel)" time="0.008" />
  <testcase classname="ptolemy.util.test.junit.AutoTests" name="[15] /home/travis/build/icyphy/ptII/ptolemy/domains/de/test/auto/DEinDEwithStartTimes.xml (RunModel)" time="0.012" />
  <testcase classname="ptolemy.util.test.junit.AutoTests" name="[16] /home/travis/build/icyphy/ptII/ptolemy/domains/de/test/auto/DEinDEwithStartTimes2.xml (RunModel)" time="0.011" />
  <testcase classname="ptolemy.util.test.junit.AutoTests" name="[17] /home/travis/build/icyphy/ptII/ptolemy/domains/de/test/auto/DateDemo.xml (RunModel)" time="0.022" />
  <testcase classname="ptolemy.util.test.junit.AutoTests" name="[18] /home/travis/build/icyphy/ptII/ptolemy/domains/de/test/auto/DateToEvent.xml (RunModel)" time="2.028" />
  <testcase classname="ptolemy.util.test.junit.AutoTests" name="[19] /home/travis/build/icyphy/ptII/ptolemy/domains/de/test/auto/DepthTest1.xml (RunModel)" time="0.009" />
  <testcase classname="ptolemy.util.test.junit.AutoTests" name="[20] /home/travis/build/icyphy/ptII/ptolemy/domains/de/test/auto/DepthTest2.xml (RunModel)" time="0.017" />
  <testcase classname="ptolemy.util.test.junit.AutoTests" name="[21] /home/travis/build/icyphy/ptII/ptolemy/domains/de/test/auto/DepthTest3.xml (RunModel)" time="0.008" />
  <testcase classname="ptolemy.util.test.junit.AutoTests" name="[22] /home/travis/build/icyphy/ptII/ptolemy/domains/de/test/auto/DepthTest4.xml (RunModel)" time="0.011" />
  <testcase classname="ptolemy.util.test.junit.AutoTests" name="[23] /home/travis/build/icyphy/ptII/ptolemy/domains/de/test/auto/DepthTest5.xml (RunModel)" time="0.013" />
  <testcase classname="ptolemy.util.test.junit.AutoTests" name="[24] /home/travis/build/icyphy/ptII/ptolemy/domains/de/test/auto/DepthTest6.xml (RunModel)" time="0.013" />
  <testcase classname="ptolemy.util.test.junit.AutoTests" name="[25] /home/travis/build/icyphy/ptII/ptolemy/domains/de/test/auto/DepthTest7.xml (RunModel)" time="0.013" />
  <testcase classname="ptolemy.util.test.junit.AutoTests" name="[26] /home/travis/build/icyphy/ptII/ptolemy/domains/de/test/auto/EventToDate.xml (RunModel)" time="3.034" />
  <testcase classname="ptolemy.util.test.junit.AutoTests" name="[27] /home/travis/build/icyphy/ptII/ptolemy/domains/de/test/auto/FSM1.xml (RunModel)" time="0.036" />
  <testcase classname="ptolemy.util.test.junit.AutoTests" name="[28] /home/travis/build/icyphy/ptII/ptolemy/domains/de/test/auto/FSM7.xml (RunModel)" time="0.046" />
  <testcase classname="ptolemy.util.test.junit.AutoTests" name="[29] /home/travis/build/icyphy/ptII/ptolemy/domains/de/test/auto/Inspection.xml (RunModel)" time="0.06" />
  <testcase classname="ptolemy.util.test.junit.AutoTests" name="[30] /home/travis/build/icyphy/ptII/ptolemy/domains/de/test/auto/Iteration.xml (RunModel)" time="0.023" />
  <testcase classname="ptolemy.util.test.junit.AutoTests" name="[31] /home/travis/build/icyphy/ptII/ptolemy/domains/de/test/auto/LineFault.xml (RunModel)" time="0.563" />
  <testcase classname="ptolemy.util.test.junit.AutoTests" name="[32] /home/travis/build/icyphy/ptII/ptolemy/domains/de/test/auto/MergeModel1Add.xml (RunModel)" time="0.035" />
  <testcase classname="ptolemy.util.test.junit.AutoTests" name="[33] /home/travis/build/icyphy/ptII/ptolemy/domains/de/test/auto/MergeModel2Add.xml (RunModel)" time="0.038" />
  <testcase classname="ptolemy.util.test.junit.AutoTests" name="[34] /home/travis/build/icyphy/ptII/ptolemy/domains/de/test/auto/MergeModel3Add.xml (RunModel)" time="0.039" />
  <testcase classname="ptolemy.util.test.junit.AutoTests" name="[35] /home/travis/build/icyphy/ptII/ptolemy/domains/de/test/auto/MergeWithoutDiscard.xml (RunModel)" time="0.01" />
  <testcase classname="ptolemy.util.test.junit.AutoTests" name="[36] /home/travis/build/icyphy/ptII/ptolemy/domains/de/test/auto/Modal1.xml (RunModel)" time="0.035" />
  <testcase classname="ptolemy.util.test.junit.AutoTests" name="[37] /home/travis/build/icyphy/ptII/ptolemy/domains/de/test/auto/Modal2.xml (RunModel)" time="0.027" />
  <testcase classname="ptolemy.util.test.junit.AutoTests" name="[38] /home/travis/build/icyphy/ptII/ptolemy/domains/de/test/auto/Modal3.xml (RunModel)" time="0.03" />
  <testcase classname="ptolemy.util.test.junit.AutoTests" name="[39] /home/travis/build/icyphy/ptII/ptolemy/domains/de/test/auto/Modal4.xml (RunModel)" time="0.039" />
  <testcase classname="ptolemy.util.test.junit.AutoTests" name="[40] /home/travis/build/icyphy/ptII/ptolemy/domains/de/test/auto/Modal5.xml (RunModel)" time="0.027" />
  <testcase classname="ptolemy.util.test.junit.AutoTests" name="[41] /home/travis/build/icyphy/ptII/ptolemy/domains/de/test/auto/Modal6.xml (RunModel)" time="0.026" />
  <testcase classname="ptolemy.util.test.junit.AutoTests" name="[42] /home/travis/build/icyphy/ptII/ptolemy/domains/de/test/auto/Modal7.xml (RunModel)" time="0.026" />
  <testcase classname="ptolemy.util.test.junit.AutoTests" name="[43] /home/travis/build/icyphy/ptII/ptolemy/domains/de/test/auto/ModalModel.xml (RunModel)" time="0.161" />
  <testcase classname="ptolemy.util.test.junit.AutoTests" name="[44] /home/travis/build/icyphy/ptII/ptolemy/domains/de/test/auto/ModalSource.xml (RunModel)" time="0.018" />
  <testcase classname="ptolemy.util.test.junit.AutoTests" name="[45] /home/travis/build/icyphy/ptII/ptolemy/domains/de/test/auto/NonInterruptibleTimerZeroDelay.xml (RunModel)" time="0.011" />
  <testcase classname="ptolemy.util.test.junit.AutoTests" name="[46] /home/travis/build/icyphy/ptII/ptolemy/domains/de/test/auto/OpenQueueingNetwork.xml (RunModel)" time="2.112" />
  <testcase classname="ptolemy.util.test.junit.AutoTests" name="[47] /home/travis/build/icyphy/ptII/ptolemy/domains/de/test/auto/OpenQueuingNetwork.xml (RunModel)" time="0.257" />
  <testcase classname="ptolemy.util.test.junit.AutoTests" name="[48] /home/travis/build/icyphy/ptII/ptolemy/domains/de/test/auto/PeriodicSampler.xml (RunModel)" time="0.008" />
  <testcase classname="ptolemy.util.test.junit.AutoTests" name="[49] /home/travis/build/icyphy/ptII/ptolemy/domains/de/test/auto/PersistentIO.xml (RunModel)" time="0.02" />
  <testcase classname="ptolemy.util.test.junit.AutoTests" name="[50] /home/travis/build/icyphy/ptII/ptolemy/domains/de/test/auto/PortParameterResetOnInitialize.xml (RunModel)" time="0.011" />
  <testcase classname="ptolemy.util.test.junit.AutoTests" name="[51] /home/travis/build/icyphy/ptII/ptolemy/domains/de/test/auto/PortParameterUpdates.xml (RunModel)" time="0.02" />
  <testcase classname="ptolemy.util.test.junit.AutoTests" name="[52] /home/travis/build/icyphy/ptII/ptolemy/domains/de/test/auto/QueueAndServer.xml (RunModel)" time="0.025" />
  <testcase classname="ptolemy.util.test.junit.AutoTests" name="[53] /home/travis/build/icyphy/ptII/ptolemy/domains/de/test/auto/Records.xml (RunModel)" time="0.017" />
  <testcase classname="ptolemy.util.test.junit.AutoTests" name="[54] /home/travis/build/icyphy/ptII/ptolemy/domains/de/test/auto/ResetTransitionWithStartTime1.xml (RunModel)" time="0.026" />
  <testcase classname="ptolemy.util.test.junit.AutoTests" name="[55] /home/travis/build/icyphy/ptII/ptolemy/domains/de/test/auto/ResetTransitionWithStartTime2.xml (RunModel)" time="0.02" />
  <testcase classname="ptolemy.util.test.junit.AutoTests" name="[56] /home/travis/build/icyphy/ptII/ptolemy/domains/de/test/auto/ResetTransitionWithStartTime3.xml (RunModel)" time="0.024" />
  <testcase classname="ptolemy.util.test.junit.AutoTests" name="[57] /home/travis/build/icyphy/ptII/ptolemy/domains/de/test/auto/ResetTransitionWithStartTime4.xml (RunModel)" time="0.021" />
  <testcase classname="ptolemy.util.test.junit.AutoTests" name="[58] /home/travis/build/icyphy/ptII/ptolemy/domains/de/test/auto/ResettableTimer1.xml (RunModel)" time="0.011" />
  <testcase classname="ptolemy.util.test.junit.AutoTests" name="[59] /home/travis/build/icyphy/ptII/ptolemy/domains/de/test/auto/ResettableTimer2.xml (RunModel)" time="0.01" />
  <testcase classname="ptolemy.util.test.junit.AutoTests" name="[60] /home/travis/build/icyphy/ptII/ptolemy/domains/de/test/auto/ResettableTimer3.xml (RunModel)" time="0.011" />
  <testcase classname="ptolemy.util.test.junit.AutoTests" name="[61] /home/travis/build/icyphy/ptII/ptolemy/domains/de/test/auto/ResettableTimer4.xml (RunModel)" time="0.009" />
  <testcase classname="ptolemy.util.test.junit.AutoTests" name="[62] /home/travis/build/icyphy/ptII/ptolemy/domains/de/test/auto/ResettableTimer5.xml (RunModel)" time="0.01" />
  <testcase classname="ptolemy.util.test.junit.AutoTests" name="[63] /home/travis/build/icyphy/ptII/ptolemy/domains/de/test/auto/ResettableTimer6.xml (RunModel)" time="0.021" />
  <testcase classname="ptolemy.util.test.junit.AutoTests" name="[64] /home/travis/build/icyphy/ptII/ptolemy/domains/de/test/auto/ServerZeroDelay.xml (RunModel)" time="0.012" />
  <testcase classname="ptolemy.util.test.junit.AutoTests" name="[65] /home/travis/build/icyphy/ptII/ptolemy/domains/de/test/auto/SmartSender.xml (RunModel)" time="3.01" />
  <testcase classname="ptolemy.util.test.junit.AutoTests" name="[66] /home/travis/build/icyphy/ptII/ptolemy/domains/de/test/auto/ThreadedComposite.xml (RunModel)" time="0.152" />
  <testcase classname="ptolemy.util.test.junit.AutoTests" name="[67] /home/travis/build/icyphy/ptII/ptolemy/domains/de/test/auto/Time.xml (RunModel)" time="0.441" />
  <testcase classname="ptolemy.util.test.junit.AutoTests" name="[68] /home/travis/build/icyphy/ptII/ptolemy/domains/de/test/auto/TimeDelayZeroDelay.xml (RunModel)" time="0.015" />
  <testcase classname="ptolemy.util.test.junit.AutoTests" name="[69] /home/travis/build/icyphy/ptII/ptolemy/domains/de/test/auto/TimerZeroDelay.xml (RunModel)" time="0.01" />
  <testcase classname="ptolemy.util.test.junit.AutoTests" name="[70] /home/travis/build/icyphy/ptII/ptolemy/domains/de/test/auto/TimingParadox.xml (RunModel)" time="0.377" />
  <testcase classname="ptolemy.util.test.junit.AutoTests" name="[71] /home/travis/build/icyphy/ptII/ptolemy/domains/de/test/auto/TransferInputs.xml (RunModel)" time="0.018" />
  <testcase classname="ptolemy.util.test.junit.AutoTests" name="[72] /home/travis/build/icyphy/ptII/ptolemy/domains/de/test/auto/TransferOutputs2.xml (RunModel)" time="0.017" />
  <testcase classname="ptolemy.util.test.junit.AutoTests" name="[73] /home/travis/build/icyphy/ptII/ptolemy/domains/de/test/auto/Trilateration.xml (RunModel)" time="11.382" />
  <testcase classname="ptolemy.util.test.junit.AutoTests" name="[74] /home/travis/build/icyphy/ptII/ptolemy/domains/de/test/auto/TwoSigmaDelta.xml (RunModel)" time="1.919" />
  <testcase classname="ptolemy.util.test.junit.AutoTests" name="[75] /home/travis/build/icyphy/ptII/ptolemy/domains/de/test/auto/VariableDelay.xml (RunModel)" time="0.018" />
  <testcase classname="ptolemy.util.test.junit.AutoTests" name="[76] /home/travis/build/icyphy/ptII/ptolemy/domains/de/test/auto/VariableDelay2.xml (RunModel)" time="0.011" />
  <testcase classname="ptolemy.util.test.junit.AutoTests" name="[77] /home/travis/build/icyphy/ptII/ptolemy/domains/de/test/auto/VariableDelayZeroDelay.xml (RunModel)" time="0.014" />
  <testcase classname="ptolemy.util.test.junit.AutoTests" name="[78] /home/travis/build/icyphy/ptII/ptolemy/domains/de/test/auto/VariableDelayZeroDelay2.xml (RunModel)" time="0.01" />
  <testcase classname="ptolemy.util.test.junit.AutoTests" name="[79] /home/travis/build/icyphy/ptII/ptolemy/domains/de/test/auto/deInCt.xml (RunModel)" time="0.015" />
  <testcase classname="ptolemy.util.test.junit.AutoTests" name="[80] /home/travis/build/icyphy/ptII/ptolemy/domains/de/test/auto/deInCt2.xml (RunModel)" time="0.019" />
  <testcase classname="ptolemy.util.test.junit.AutoTests" name="[81] /home/travis/build/icyphy/ptII/ptolemy/domains/de/test/auto/dynamicCausalityInterface1.xml (RunModel)" time="0.028" />
  <testcase classname="ptolemy.util.test.junit.AutoTests" name="[82] /home/travis/build/icyphy/ptII/ptolemy/domains/de/test/auto/fsm_de_test.xml (RunModel)" time="0.027" />
  <testcase classname="ptolemy.util.test.junit.AutoTests" name="[83] /home/travis/build/icyphy/ptII/ptolemy/domains/de/test/auto/functionDependencyReconstruction.xml (RunModel)" time="0.031" />
  <testcase classname="ptolemy.util.test.junit.AutoTests" name="[84] /home/travis/build/icyphy/ptII/ptolemy/domains/de/test/auto/multirate.xml (RunModel)" time="0.015" />
  <testcase classname="ptolemy.util.test.junit.AutoTests" name="[85] /home/travis/build/icyphy/ptII/ptolemy/domains/de/test/auto/multirate2.xml (RunModel)" time="0.018" />
  <testcase classname="ptolemy.util.test.junit.AutoTests" name="[86] /home/travis/build/icyphy/ptII/ptolemy/domains/de/test/auto/realtime.xml (RunModel)" time="10.011" />
  <testcase classname="ptolemy.util.test.junit.AutoTests" name="[87] /home/travis/build/icyphy/ptII/ptolemy/domains/de/test/auto/relationGroup.xml (RunModel)" time="0.012" />
  <testcase classname="ptolemy.util.test.junit.AutoTests" name="[88] /home/travis/build/icyphy/ptII/ptolemy/domains/de/test/auto/relationGroup2.xml (RunModel)" time="0.007" />
  <testcase classname="ptolemy.util.test.junit.AutoTests" name="[89] /home/travis/build/icyphy/ptII/ptolemy/domains/de/test/auto/sortWithOpaquePorts.xml (RunModel)" time="0.009" />
  <testcase classname="ptolemy.util.test.junit.AutoTests" name="[90] /home/travis/build/icyphy/ptII/ptolemy/domains/de/test/auto/transferInputsandOutputs.xml (RunModel)" time="0.015" />
  <testcase classname="ptolemy.util.test.junit.AutoTests" name="[91] /home/travis/build/icyphy/ptII/ptolemy/domains/de/test/auto/triggerType.xml (RunModel)" time="0.009" />
  <system-out><![CDATA[/home/travis/build/icyphy/ptII/ptolemy/domains/de/test/DependencyLoop.tcl
testDefs.tcl: setting time out to 9000 seconds at Tue Nov 20 02:50:38 UTC 2018
15 ms. Memory: 116224K Free: 93490K (80%)
6 ms. Memory: 146944K Free: 135129K (92%)
/home/travis/build/icyphy/ptII/ptolemy/domains/de/test/RunDETestsAsQSS.tcl
Run the DE tests using ptolemy.domains.qss.test.QSSDirectorTest, which extends QSSDirector and prints a message in the constructors.
------------------ testing $PTII/ptolemy/domains/de/test/auto/knownFailedTests/dependencyLoop.xml (Known Failure) 
14 ms. Memory: 146944K Free: 132017K (90%)


==== $PTIIhome/travis/build/icyphy/ptII/ptolemy/domains/de/test/../../../../: Auto Automatic test in file $PTII/ptolemy/domains/de/test/auto/knownFailedTests/dependencyLoop.xml
==== Contents of test case:

	    # FIXME: we should use $relativeFilename here, but it
	    # might have backslashes under Windows, which causes no end
	    # of trouble.
	    createAndExecute $file
	    list {}
	
.... Test generated KNOWN error:
    while executing
ptolemy.kernel.util.IllegalActionException: Found a zero delay loop containing .dependencyLoop.original
  in .dependencyLoop and .dependencyLoop.original
	at ptolemy.actor.util.CausalityInterfaceForComposites._computeOutputPortDepth(CausalityInterfaceForComposites.java:759)
	at ptolemy.actor.util.CausalityInterfaceForComposites._computeInputDepth(CausalityInterfaceForComposites.java:696)
	at ptolemy.actor.util.CausalityInterfaceForComposites._computeOutputPortDepth(CausalityInterfaceForComposites.java:765)
	at ptolemy.actor.util.CausalityInterfaceForComposites._computeInputDepth(CausalityInterfaceForComposites.java:696)
	at ptolemy.actor.util.CausalityInterfaceForComposites._computeOutputPortDepth(CausalityInterfaceForComposites.java:765)
	at ptolemy.actor.util.CausalityInterfaceForComposites._computeInputDepth(CausalityInterfaceForComposites.java:696)
	at ptolemy.actor.util.CausalityInterfaceForComposites._computeActorDepth(CausalityInterfaceForComposites.java:532)
	at ptolemy.actor.util.CausalityInterfaceForComposites.checkForCycles(CausalityInterfaceForComposites.java:96)
	at ptolemy.domains.de.kernel.DEDirector.preinitialize(DEDirector.java:1338)
	at ptolemy.actor.CompositeActor.preinitialize(CompositeActor.java:1828)
	at ptolemy.actor.Manager.preinitializeAndResolveTypes(Manager.java:1040)
	at ptolemy.actor.Manager.initialize(Manager.java:710)
	at ptolemy.actor.Manager.execute(Manager.java:356)
	at ptolemy.actor.Manager.run(Manager.java:1263)
	at ptolemy.actor.Manager$PtolemyRunThread.run(Manager.java:1915)

    while executing
ptolemy.kernel.util.IllegalActionException: Found a zero delay loop containing .dependencyLoop.original
  in .dependencyLoop and .dependencyLoop.original
    while executing
"java::new ptolemy.moml.MoMLSimpleApplication $file
"
    (procedure "createAndExecute" line 2)
    invoked from within
"createAndExecute $file"
    ("uplevel" body line 5)
    invoked from within
"uplevel $contents_of_test"
------------------ testing $PTII/ptolemy/domains/de/test/auto/knownFailedTests/DESDFClockTest.xml (Known Failure) 
2070 ms. Memory: 146944K Free: 116623K (79%)


==== $PTIIhome/travis/build/icyphy/ptII/ptolemy/domains/de/test/../../../../: Auto Automatic test in file $PTII/ptolemy/domains/de/test/auto/knownFailedTests/DESDFClockTest.xml
==== Contents of test case:

	    # FIXME: we should use $relativeFilename here, but it
	    # might have backslashes under Windows, which causes no end
	    # of trouble.
	    createAndExecute $file
	    list {}
	
.... Test generated KNOWN error:
    while executing
ptolemy.kernel.util.IllegalActionException: Actor is not ready to fire.  Perhaps UpSample.prefire() returned false? Try debugging the actor by selecting "Listen to Actor".  Also, for SDF check moml for tokenConsumptionRate on input.
  in .DESDFClockTest.Play Bell.Copy1:SDF Director and .DESDFClockTest.Play Bell.UpSample
	at ptolemy.actor.sched.StaticSchedulingDirector.fire(StaticSchedulingDirector.java:227)
	at ptolemy.domains.sdf.kernel.SDFDirector.fire(SDFDirector.java:500)
	at ptolemy.actor.CompositeActor.fire(CompositeActor.java:455)
	at ptolemy.domains.de.kernel.DEDirector._fire(DEDirector.java:1949)
	at ptolemy.domains.de.kernel.DEDirector.fire(DEDirector.java:502)
	at ptolemy.actor.CompositeActor.fire(CompositeActor.java:455)
	at ptolemy.actor.Manager.iterate(Manager.java:851)
	at ptolemy.actor.Manager.execute(Manager.java:369)
	at ptolemy.actor.Manager.run(Manager.java:1263)
	at ptolemy.actor.Manager$PtolemyRunThread.run(Manager.java:1915)

    while executing
ptolemy.kernel.util.IllegalActionException: Actor is not ready to fire.  Perhaps UpSample.prefire() returned false? Try debugging the actor by selecting "Listen to Actor".  Also, for SDF check moml for tokenConsumptionRate on input.
  in .DESDFClockTest.Play Bell.Copy1:SDF Director and .DESDFClockTest.Play Bell.UpSample
    while executing
"java::new ptolemy.moml.MoMLSimpleApplication $file
"
    (procedure "createAndExecute" line 2)
    invoked from within
"createAndExecute $file"
    ("uplevel" body line 5)
    invoked from within
"uplevel $contents_of_test"
------------------ testing $PTII/ptolemy/domains/de/test/auto/knownFailedTests/FSMSource.xml (Known Failure) 
41 ms. Memory: 146944K Free: 107688K (73%)
!!!! Auto was marked as failing, but now passes
------------------ testing $PTII/ptolemy/domains/de/test/auto/knownFailedTests/dependencyLoop2.xml (Known Failure) 
12 ms. Memory: 146944K Free: 105805K (72%)


==== $PTIIhome/travis/build/icyphy/ptII/ptolemy/domains/de/test/../../../../: Auto Automatic test in file $PTII/ptolemy/domains/de/test/auto/knownFailedTests/dependencyLoop2.xml
==== Contents of test case:

	    # FIXME: we should use $relativeFilename here, but it
	    # might have backslashes under Windows, which causes no end
	    # of trouble.
	    createAndExecute $file
	    list {}
	
.... Test generated KNOWN error:
    while executing
ptolemy.kernel.util.IllegalActionException: Found a zero delay loop containing .dependencyLoop2.original
  in .dependencyLoop2 and .dependencyLoop2.original
	at ptolemy.actor.util.CausalityInterfaceForComposites._computeOutputPortDepth(CausalityInterfaceForComposites.java:759)
	at ptolemy.actor.util.CausalityInterfaceForComposites._computeInputDepth(CausalityInterfaceForComposites.java:696)
	at ptolemy.actor.util.CausalityInterfaceForComposites._computeOutputPortDepth(CausalityInterfaceForComposites.java:765)
	at ptolemy.actor.util.CausalityInterfaceForComposites._computeInputDepth(CausalityInterfaceForComposites.java:696)
	at ptolemy.actor.util.CausalityInterfaceForComposites._computeOutputPortDepth(CausalityInterfaceForComposites.java:765)
	at ptolemy.actor.util.CausalityInterfaceForComposites._computeInputDepth(CausalityInterfaceForComposites.java:696)
	at ptolemy.actor.util.CausalityInterfaceForComposites._computeActorDepth(CausalityInterfaceForComposites.java:532)
	at ptolemy.actor.util.CausalityInterfaceForComposites.checkForCycles(CausalityInterfaceForComposites.java:96)
	at ptolemy.domains.de.kernel.DEDirector.preinitialize(DEDirector.java:1338)
	at ptolemy.actor.CompositeActor.preinitialize(CompositeActor.java:1828)
	at ptolemy.actor.Manager.preinitializeAndResolveTypes(Manager.java:1040)
	at ptolemy.actor.Manager.initialize(Manager.java:710)
	at ptolemy.actor.Manager.execute(Manager.java:356)
	at ptolemy.actor.Manager.run(Manager.java:1263)
	at ptolemy.actor.Manager$PtolemyRunThread.run(Manager.java:1915)

    while executing
ptolemy.kernel.util.IllegalActionException: Found a zero delay loop containing .dependencyLoop2.original
  in .dependencyLoop2 and .dependencyLoop2.original
    while executing
"java::new ptolemy.moml.MoMLSimpleApplication $file
"
    (procedure "createAndExecute" line 2)
    invoked from within
"createAndExecute $file"
    ("uplevel" body line 5)
    invoked from within
"uplevel $contents_of_test"
------------------ testing $PTII/ptolemy/domains/de/test/auto/knownFailedTests/HierarchicalModel.xml (Known Failure) 
5 ms. Memory: 146944K Free: 84259K (57%)


==== $PTIIhome/travis/build/icyphy/ptII/ptolemy/domains/de/test/../../../../: Auto Automatic test in file $PTII/ptolemy/domains/de/test/auto/knownFailedTests/HierarchicalModel.xml
==== Contents of test case:

	    # FIXME: we should use $relativeFilename here, but it
	    # might have backslashes under Windows, which causes no end
	    # of trouble.
	    createAndExecute $file
	    list {}
	
.... Test generated KNOWN error:
    while executing
ptolemy.kernel.util.IllegalActionException: Found a zero delay loop containing .HierarchicalModel.A
  in .HierarchicalModel and .HierarchicalModel.A
	at ptolemy.actor.util.CausalityInterfaceForComposites._computeOutputPortDepth(CausalityInterfaceForComposites.java:759)
	at ptolemy.actor.util.CausalityInterfaceForComposites._computeInputDepth(CausalityInterfaceForComposites.java:696)
	at ptolemy.actor.util.CausalityInterfaceForComposites._computeOutputPortDepth(CausalityInterfaceForComposites.java:765)
	at ptolemy.actor.util.CausalityInterfaceForComposites._computeInputDepth(CausalityInterfaceForComposites.java:696)
	at ptolemy.actor.util.CausalityInterfaceForComposites._computeOutputPortDepth(CausalityInterfaceForComposites.java:765)
	at ptolemy.actor.util.CausalityInterfaceForComposites._computeInputDepth(CausalityInterfaceForComposites.java:696)
	at ptolemy.actor.util.CausalityInterfaceForComposites._computeActorDepth(CausalityInterfaceForComposites.java:532)
	at ptolemy.actor.util.CausalityInterfaceForComposites.checkForCycles(CausalityInterfaceForComposites.java:96)
	at ptolemy.domains.de.kernel.DEDirector.preinitialize(DEDirector.java:1338)
	at ptolemy.actor.CompositeActor.preinitialize(CompositeActor.java:1828)
	at ptolemy.actor.Manager.preinitializeAndResolveTypes(Manager.java:1040)
	at ptolemy.actor.Manager.initialize(Manager.java:710)
	at ptolemy.actor.Manager.execute(Manager.java:356)
	at ptolemy.actor.Manager.run(Manager.java:1263)
	at ptolemy.actor.Manager$PtolemyRunThread.run(Manager.java:1915)

    while executing
ptolemy.kernel.util.IllegalActionException: Found a zero delay loop containing .HierarchicalModel.A
  in .HierarchicalModel and .HierarchicalModel.A
    while executing
"java::new ptolemy.moml.MoMLSimpleApplication $file
"
    (procedure "createAndExecute" line 2)
    invoked from within
"createAndExecute $file"
    ("uplevel" body line 5)
    invoked from within
"uplevel $contents_of_test"
------------------ testing $PTII/ptolemy/domains/de/test/auto/knownFailedTests/DirectFeedback.xml (Known Failure) 
5 ms. Memory: 146944K Free: 141326K (96%)


==== $PTIIhome/travis/build/icyphy/ptII/ptolemy/domains/de/test/../../../../: Auto Automatic test in file $PTII/ptolemy/domains/de/test/auto/knownFailedTests/DirectFeedback.xml
==== Contents of test case:

	    # FIXME: we should use $relativeFilename here, but it
	    # might have backslashes under Windows, which causes no end
	    # of trouble.
	    createAndExecute $file
	    list {}
	
.... Test generated KNOWN error:
    while executing
ptolemy.kernel.util.IllegalActionException: Test fails in iteration 1.
Value was: 1.0. Should have been: 2.0
  in .DirectFeedback.Test
	at ptolemy.actor.lib.Test.fire(Test.java:268)
	at ptolemy.domains.de.kernel.DEDirector._fire(DEDirector.java:1949)
	at ptolemy.domains.de.kernel.DEDirector.fire(DEDirector.java:502)
	at ptolemy.actor.CompositeActor.fire(CompositeActor.java:455)
	at ptolemy.actor.Manager.iterate(Manager.java:851)
	at ptolemy.actor.Manager.execute(Manager.java:369)
	at ptolemy.actor.Manager.run(Manager.java:1263)
	at ptolemy.actor.Manager$PtolemyRunThread.run(Manager.java:1915)

    while executing
ptolemy.kernel.util.IllegalActionException: Test fails in iteration 1.
Value was: 1.0. Should have been: 2.0
  in .DirectFeedback.Test
    while executing
"java::new ptolemy.moml.MoMLSimpleApplication $file
"
    (procedure "createAndExecute" line 2)
    invoked from within
"createAndExecute $file"
    ("uplevel" body line 5)
    invoked from within
"uplevel $contents_of_test"
------------------ testing $PTII/ptolemy/domains/de/test/auto/ActorDepthCalculation_actorWithoutPorts.xml
auto.tcl: Setting watchdog for 200 seconds at Tue Nov 20 02:50:41 UTC 2018
9 ms. Memory: 146944K Free: 132363K (90%)
ptolemy.util.test.WatchDog.cancel(): canceling Tue Nov 20 02:50:41 UTC 2018
auto.tcl: Setting watchdog for 200 seconds at Tue Nov 20 02:50:41 UTC 2018
4 ms. Memory: 146944K Free: 131322K (89%)
ptolemy.util.test.WatchDog.cancel(): canceling Tue Nov 20 02:50:41 UTC 2018
------------------ testing $PTII/ptolemy/domains/de/test/auto/AssemblyLine.xml
auto.tcl: Setting watchdog for 200 seconds at Tue Nov 20 02:50:42 UTC 2018
19 ms. Memory: 208384K Free: 182817K (88%)
ptolemy.util.test.WatchDog.cancel(): canceling Tue Nov 20 02:50:42 UTC 2018
auto.tcl: Setting watchdog for 200 seconds at Tue Nov 20 02:50:42 UTC 2018
6 ms. Memory: 208384K Free: 182817K (88%)
ptolemy.util.test.WatchDog.cancel(): canceling Tue Nov 20 02:50:42 UTC 2018
------------------ testing $PTII/ptolemy/domains/de/test/auto/CQBug1.xml
auto.tcl: Setting watchdog for 200 seconds at Tue Nov 20 02:50:42 UTC 2018
7 ms. Memory: 208384K Free: 197699K (95%)
ptolemy.util.test.WatchDog.cancel(): canceling Tue Nov 20 02:50:42 UTC 2018
auto.tcl: Setting watchdog for 200 seconds at Tue Nov 20 02:50:42 UTC 2018
2 ms. Memory: 208384K Free: 197699K (95%)
ptolemy.util.test.WatchDog.cancel(): canceling Tue Nov 20 02:50:42 UTC 2018
------------------ testing $PTII/ptolemy/domains/de/test/auto/CancelFireAt.xml
auto.tcl: Setting watchdog for 200 seconds at Tue Nov 20 02:50:42 UTC 2018
4 ms. Memory: 208384K Free: 201423K (97%)
ptolemy.util.test.WatchDog.cancel(): canceling Tue Nov 20 02:50:42 UTC 2018
auto.tcl: Setting watchdog for 200 seconds at Tue Nov 20 02:50:42 UTC 2018
2 ms. Memory: 208384K Free: 199319K (96%)
ptolemy.util.test.WatchDog.cancel(): canceling Tue Nov 20 02:50:42 UTC 2018
------------------ testing $PTII/ptolemy/domains/de/test/auto/CausalityAndComposabilityAnalysis.xml
auto.tcl: Setting watchdog for 200 seconds at Tue Nov 20 02:50:42 UTC 2018
17 ms. Memory: 208384K Free: 196476K (94%)
ptolemy.util.test.WatchDog.cancel(): canceling Tue Nov 20 02:50:42 UTC 2018
auto.tcl: Setting watchdog for 200 seconds at Tue Nov 20 02:50:42 UTC 2018
4 ms. Memory: 208384K Free: 196476K (94%)
ptolemy.util.test.WatchDog.cancel(): canceling Tue Nov 20 02:50:42 UTC 2018
------------------ testing $PTII/ptolemy/domains/de/test/auto/CausalityInterface1.xml
auto.tcl: Setting watchdog for 200 seconds at Tue Nov 20 02:50:42 UTC 2018
14 ms. Memory: 208384K Free: 196413K (94%)
ptolemy.util.test.WatchDog.cancel(): canceling Tue Nov 20 02:50:42 UTC 2018
auto.tcl: Setting watchdog for 200 seconds at Tue Nov 20 02:50:42 UTC 2018
3 ms. Memory: 208384K Free: 196413K (94%)
ptolemy.util.test.WatchDog.cancel(): canceling Tue Nov 20 02:50:43 UTC 2018
------------------ testing $PTII/ptolemy/domains/de/test/auto/CausalityInterface15.xml
auto.tcl: Setting watchdog for 200 seconds at Tue Nov 20 02:50:43 UTC 2018
14 ms. Memory: 208384K Free: 196403K (94%)
ptolemy.util.test.WatchDog.cancel(): canceling Tue Nov 20 02:50:43 UTC 2018
auto.tcl: Setting watchdog for 200 seconds at Tue Nov 20 02:50:43 UTC 2018
4 ms. Memory: 208384K Free: 196403K (94%)
ptolemy.util.test.WatchDog.cancel(): canceling Tue Nov 20 02:50:43 UTC 2018
------------------ testing $PTII/ptolemy/domains/de/test/auto/CausalityInterface2.xml
auto.tcl: Setting watchdog for 200 seconds at Tue Nov 20 02:50:43 UTC 2018
8 ms. Memory: 208384K Free: 196387K (94%)
ptolemy.util.test.WatchDog.cancel(): canceling Tue Nov 20 02:50:43 UTC 2018
auto.tcl: Setting watchdog for 200 seconds at Tue Nov 20 02:50:43 UTC 2018
3 ms. Memory: 208384K Free: 196387K (94%)
ptolemy.util.test.WatchDog.cancel(): canceling Tue Nov 20 02:50:43 UTC 2018
------------------ testing $PTII/ptolemy/domains/de/test/auto/CausalityInterface3.xml
auto.tcl: Setting watchdog for 200 seconds at Tue Nov 20 02:50:43 UTC 2018
7 ms. Memory: 208384K Free: 196401K (94%)
ptolemy.util.test.WatchDog.cancel(): canceling Tue Nov 20 02:50:43 UTC 2018
auto.tcl: Setting watchdog for 200 seconds at Tue Nov 20 02:50:43 UTC 2018
3 ms. Memory: 208384K Free: 196401K (94%)
ptolemy.util.test.WatchDog.cancel(): canceling Tue Nov 20 02:50:43 UTC 2018
------------------ testing $PTII/ptolemy/domains/de/test/auto/ClockDrift.xml
auto.tcl: Setting watchdog for 200 seconds at Tue Nov 20 02:50:43 UTC 2018
90 ms. Memory: 208384K Free: 187621K (90%)
ptolemy.util.test.WatchDog.cancel(): canceling Tue Nov 20 02:50:43 UTC 2018
auto.tcl: Setting watchdog for 200 seconds at Tue Nov 20 02:50:43 UTC 2018
62 ms. Memory: 208384K Free: 185517K (89%)
ptolemy.util.test.WatchDog.cancel(): canceling Tue Nov 20 02:50:43 UTC 2018
------------------ testing $PTII/ptolemy/domains/de/test/auto/ClockDriftAndValueChange.xml
auto.tcl: Setting watchdog for 200 seconds at Tue Nov 20 02:50:43 UTC 2018
44 ms. Memory: 208384K Free: 187455K (90%)
ptolemy.util.test.WatchDog.cancel(): canceling Tue Nov 20 02:50:43 UTC 2018
auto.tcl: Setting watchdog for 200 seconds at Tue Nov 20 02:50:43 UTC 2018
22 ms. Memory: 208384K Free: 185351K (89%)
ptolemy.util.test.WatchDog.cancel(): canceling Tue Nov 20 02:50:43 UTC 2018
------------------ testing $PTII/ptolemy/domains/de/test/auto/ClockDriftChange.xml
auto.tcl: Setting watchdog for 200 seconds at Tue Nov 20 02:50:43 UTC 2018
29 ms. Memory: 208384K Free: 190782K (92%)
ptolemy.util.test.WatchDog.cancel(): canceling Tue Nov 20 02:50:43 UTC 2018
auto.tcl: Setting watchdog for 200 seconds at Tue Nov 20 02:50:43 UTC 2018
31 ms. Memory: 208384K Free: 188678K (91%)
ptolemy.util.test.WatchDog.cancel(): canceling Tue Nov 20 02:50:43 UTC 2018
------------------ testing $PTII/ptolemy/domains/de/test/auto/ComposableCausalityAnalysis.xml
auto.tcl: Setting watchdog for 200 seconds at Tue Nov 20 02:50:43 UTC 2018
2 ms. Memory: 208384K Free: 196255K (94%)
ptolemy.util.test.WatchDog.cancel(): canceling Tue Nov 20 02:50:44 UTC 2018
auto.tcl: Setting watchdog for 200 seconds at Tue Nov 20 02:50:44 UTC 2018
1 ms. Memory: 208384K Free: 194151K (93%)
ptolemy.util.test.WatchDog.cancel(): canceling Tue Nov 20 02:50:44 UTC 2018
------------------ testing $PTII/ptolemy/domains/de/test/auto/DEFixedPointLimitation.xml
auto.tcl: Setting watchdog for 200 seconds at Tue Nov 20 02:50:44 UTC 2018
2 ms. Memory: 208384K Free: 196336K (94%)
ptolemy.util.test.WatchDog.cancel(): canceling Tue Nov 20 02:50:44 UTC 2018
auto.tcl: Setting watchdog for 200 seconds at Tue Nov 20 02:50:44 UTC 2018
6 ms. Memory: 208384K Free: 196336K (94%)
ptolemy.util.test.WatchDog.cancel(): canceling Tue Nov 20 02:50:44 UTC 2018
------------------ testing $PTII/ptolemy/domains/de/test/auto/DEScheduleTest.xml
auto.tcl: Setting watchdog for 200 seconds at Tue Nov 20 02:50:44 UTC 2018
6 ms. Memory: 208384K Free: 198475K (95%)
ptolemy.util.test.WatchDog.cancel(): canceling Tue Nov 20 02:50:44 UTC 2018
auto.tcl: Setting watchdog for 200 seconds at Tue Nov 20 02:50:44 UTC 2018
5 ms. Memory: 208384K Free: 196372K (94%)
ptolemy.util.test.WatchDog.cancel(): canceling Tue Nov 20 02:50:44 UTC 2018
------------------ testing $PTII/ptolemy/domains/de/test/auto/DEinDEwithStartTimes.xml
auto.tcl: Setting watchdog for 200 seconds at Tue Nov 20 02:50:44 UTC 2018
7 ms. Memory: 208384K Free: 196341K (94%)
ptolemy.util.test.WatchDog.cancel(): canceling Tue Nov 20 02:50:44 UTC 2018
auto.tcl: Setting watchdog for 200 seconds at Tue Nov 20 02:50:44 UTC 2018
5 ms. Memory: 208384K Free: 194238K (93%)
ptolemy.util.test.WatchDog.cancel(): canceling Tue Nov 20 02:50:44 UTC 2018
------------------ testing $PTII/ptolemy/domains/de/test/auto/DEinDEwithStartTimes2.xml
auto.tcl: Setting watchdog for 200 seconds at Tue Nov 20 02:50:44 UTC 2018
9 ms. Memory: 208384K Free: 196321K (94%)
ptolemy.util.test.WatchDog.cancel(): canceling Tue Nov 20 02:50:44 UTC 2018
auto.tcl: Setting watchdog for 200 seconds at Tue Nov 20 02:50:44 UTC 2018
4 ms. Memory: 208384K Free: 194217K (93%)
ptolemy.util.test.WatchDog.cancel(): canceling Tue Nov 20 02:50:44 UTC 2018
------------------ testing $PTII/ptolemy/domains/de/test/auto/DateDemo.xml
auto.tcl: Setting watchdog for 200 seconds at Tue Nov 20 02:50:44 UTC 2018
11 ms. Memory: 208384K Free: 188739K (91%)
ptolemy.util.test.WatchDog.cancel(): canceling Tue Nov 20 02:50:44 UTC 2018
auto.tcl: Setting watchdog for 200 seconds at Tue Nov 20 02:50:44 UTC 2018
13 ms. Memory: 208384K Free: 186635K (90%)
ptolemy.util.test.WatchDog.cancel(): canceling Tue Nov 20 02:50:44 UTC 2018
------------------ testing $PTII/ptolemy/domains/de/test/auto/DateToEvent.xml
auto.tcl: Setting watchdog for 200 seconds at Tue Nov 20 02:50:44 UTC 2018
2014 ms. Memory: 208384K Free: 183450K (88%)
ptolemy.util.test.WatchDog.cancel(): canceling Tue Nov 20 02:50:46 UTC 2018
auto.tcl: Setting watchdog for 200 seconds at Tue Nov 20 02:50:46 UTC 2018
2006 ms. Memory: 208384K Free: 183450K (88%)
ptolemy.util.test.WatchDog.cancel(): canceling Tue Nov 20 02:50:48 UTC 2018
------------------ testing $PTII/ptolemy/domains/de/test/auto/DepthTest1.xml
auto.tcl: Setting watchdog for 200 seconds at Tue Nov 20 02:50:48 UTC 2018
3 ms. Memory: 208384K Free: 198002K (95%)
ptolemy.util.test.WatchDog.cancel(): canceling Tue Nov 20 02:50:48 UTC 2018
auto.tcl: Setting watchdog for 200 seconds at Tue Nov 20 02:50:48 UTC 2018
2 ms. Memory: 208384K Free: 198002K (95%)
ptolemy.util.test.WatchDog.cancel(): canceling Tue Nov 20 02:50:48 UTC 2018
------------------ testing $PTII/ptolemy/domains/de/test/auto/DepthTest2.xml
auto.tcl: Setting watchdog for 200 seconds at Tue Nov 20 02:50:48 UTC 2018
7 ms. Memory: 208384K Free: 194196K (93%)
ptolemy.util.test.WatchDog.cancel(): canceling Tue Nov 20 02:50:48 UTC 2018
auto.tcl: Setting watchdog for 200 seconds at Tue Nov 20 02:50:48 UTC 2018
6 ms. Memory: 208384K Free: 194196K (93%)
ptolemy.util.test.WatchDog.cancel(): canceling Tue Nov 20 02:50:48 UTC 2018
------------------ testing $PTII/ptolemy/domains/de/test/auto/DepthTest3.xml
auto.tcl: Setting watchdog for 200 seconds at Tue Nov 20 02:50:48 UTC 2018
2 ms. Memory: 208384K Free: 198337K (95%)
ptolemy.util.test.WatchDog.cancel(): canceling Tue Nov 20 02:50:48 UTC 2018
auto.tcl: Setting watchdog for 200 seconds at Tue Nov 20 02:50:48 UTC 2018
2 ms. Memory: 208384K Free: 198337K (95%)
ptolemy.util.test.WatchDog.cancel(): canceling Tue Nov 20 02:50:48 UTC 2018
------------------ testing $PTII/ptolemy/domains/de/test/auto/DepthTest4.xml
auto.tcl: Setting watchdog for 200 seconds at Tue Nov 20 02:50:48 UTC 2018
3 ms. Memory: 208384K Free: 196320K (94%)
ptolemy.util.test.WatchDog.cancel(): canceling Tue Nov 20 02:50:48 UTC 2018
auto.tcl: Setting watchdog for 200 seconds at Tue Nov 20 02:50:48 UTC 2018
2 ms. Memory: 208384K Free: 196320K (94%)
ptolemy.util.test.WatchDog.cancel(): canceling Tue Nov 20 02:50:48 UTC 2018
------------------ testing $PTII/ptolemy/domains/de/test/auto/DepthTest5.xml
auto.tcl: Setting watchdog for 200 seconds at Tue Nov 20 02:50:49 UTC 2018
8 ms. Memory: 208384K Free: 196268K (94%)
ptolemy.util.test.WatchDog.cancel(): canceling Tue Nov 20 02:50:49 UTC 2018
auto.tcl: Setting watchdog for 200 seconds at Tue Nov 20 02:50:49 UTC 2018
3 ms. Memory: 208384K Free: 196268K (94%)
ptolemy.util.test.WatchDog.cancel(): canceling Tue Nov 20 02:50:49 UTC 2018
------------------ testing $PTII/ptolemy/domains/de/test/auto/DepthTest6.xml
auto.tcl: Setting watchdog for 200 seconds at Tue Nov 20 02:50:49 UTC 2018
8 ms. Memory: 208384K Free: 196581K (94%)
ptolemy.util.test.WatchDog.cancel(): canceling Tue Nov 20 02:50:49 UTC 2018
auto.tcl: Setting watchdog for 200 seconds at Tue Nov 20 02:50:49 UTC 2018
3 ms. Memory: 208384K Free: 196581K (94%)
ptolemy.util.test.WatchDog.cancel(): canceling Tue Nov 20 02:50:49 UTC 2018
------------------ testing $PTII/ptolemy/domains/de/test/auto/DepthTest7.xml
auto.tcl: Setting watchdog for 200 seconds at Tue Nov 20 02:50:49 UTC 2018
3 ms. Memory: 208384K Free: 196225K (94%)
ptolemy.util.test.WatchDog.cancel(): canceling Tue Nov 20 02:50:49 UTC 2018
auto.tcl: Setting watchdog for 200 seconds at Tue Nov 20 02:50:49 UTC 2018
2 ms. Memory: 208384K Free: 196225K (94%)
ptolemy.util.test.WatchDog.cancel(): canceling Tue Nov 20 02:50:49 UTC 2018
------------------ testing $PTII/ptolemy/domains/de/test/auto/EventToDate.xml
auto.tcl: Setting watchdog for 200 seconds at Tue Nov 20 02:50:49 UTC 2018
3010 ms. Memory: 208384K Free: 183269K (88%)
ptolemy.util.test.WatchDog.cancel(): canceling Tue Nov 20 02:50:52 UTC 2018
auto.tcl: Setting watchdog for 200 seconds at Tue Nov 20 02:50:52 UTC 2018
3004 ms. Memory: 208384K Free: 183269K (88%)
ptolemy.util.test.WatchDog.cancel(): canceling Tue Nov 20 02:50:55 UTC 2018
------------------ testing $PTII/ptolemy/domains/de/test/auto/FSM1.xml
auto.tcl: Setting watchdog for 200 seconds at Tue Nov 20 02:50:55 UTC 2018
20 ms. Memory: 208384K Free: 189269K (91%)
ptolemy.util.test.WatchDog.cancel(): canceling Tue Nov 20 02:50:55 UTC 2018
auto.tcl: Setting watchdog for 200 seconds at Tue Nov 20 02:50:55 UTC 2018
15 ms. Memory: 208384K Free: 185061K (89%)
ptolemy.util.test.WatchDog.cancel(): canceling Tue Nov 20 02:50:55 UTC 2018
------------------ testing $PTII/ptolemy/domains/de/test/auto/FSM7.xml
auto.tcl: Setting watchdog for 200 seconds at Tue Nov 20 02:50:55 UTC 2018
14 ms. Memory: 208384K Free: 187368K (90%)
ptolemy.util.test.WatchDog.cancel(): canceling Tue Nov 20 02:50:55 UTC 2018
auto.tcl: Setting watchdog for 200 seconds at Tue Nov 20 02:50:55 UTC 2018
13 ms. Memory: 208384K Free: 185264K (89%)
ptolemy.util.test.WatchDog.cancel(): canceling Tue Nov 20 02:50:55 UTC 2018
------------------ testing $PTII/ptolemy/domains/de/test/auto/Inspection.xml
auto.tcl: Setting watchdog for 200 seconds at Tue Nov 20 02:50:55 UTC 2018
23 ms. Memory: 208384K Free: 188582K (90%)
ptolemy.util.test.WatchDog.cancel(): canceling Tue Nov 20 02:50:55 UTC 2018
auto.tcl: Setting watchdog for 200 seconds at Tue Nov 20 02:50:55 UTC 2018
22 ms. Memory: 208384K Free: 186479K (89%)
ptolemy.util.test.WatchDog.cancel(): canceling Tue Nov 20 02:50:55 UTC 2018
------------------ testing $PTII/ptolemy/domains/de/test/auto/Iteration.xml
auto.tcl: Setting watchdog for 200 seconds at Tue Nov 20 02:50:55 UTC 2018
9 ms. Memory: 208384K Free: 196369K (94%)
ptolemy.util.test.WatchDog.cancel(): canceling Tue Nov 20 02:50:55 UTC 2018
auto.tcl: Setting watchdog for 200 seconds at Tue Nov 20 02:50:55 UTC 2018
8 ms. Memory: 208384K Free: 193927K (93%)
ptolemy.util.test.WatchDog.cancel(): canceling Tue Nov 20 02:50:55 UTC 2018
------------------ testing $PTII/ptolemy/domains/de/test/auto/LineFault.xml
auto.tcl: Setting watchdog for 200 seconds at Tue Nov 20 02:50:55 UTC 2018
645 ms. Memory: 208384K Free: 196220K (94%)
ptolemy.util.test.WatchDog.cancel(): canceling Tue Nov 20 02:50:56 UTC 2018
auto.tcl: Setting watchdog for 200 seconds at Tue Nov 20 02:50:56 UTC 2018
531 ms. Memory: 208384K Free: 138789K (67%)
ptolemy.util.test.WatchDog.cancel(): canceling Tue Nov 20 02:50:57 UTC 2018
------------------ testing $PTII/ptolemy/domains/de/test/auto/MergeModel1Add.xml
auto.tcl: Setting watchdog for 200 seconds at Tue Nov 20 02:50:57 UTC 2018
30 ms. Memory: 331264K Free: 298835K (90%)
ptolemy.util.test.WatchDog.cancel(): canceling Tue Nov 20 02:50:57 UTC 2018
auto.tcl: Setting watchdog for 200 seconds at Tue Nov 20 02:50:57 UTC 2018
12 ms. Memory: 331264K Free: 298835K (90%)
ptolemy.util.test.WatchDog.cancel(): canceling Tue Nov 20 02:50:57 UTC 2018
------------------ testing $PTII/ptolemy/domains/de/test/auto/MergeModel2Add.xml
auto.tcl: Setting watchdog for 200 seconds at Tue Nov 20 02:50:57 UTC 2018
13 ms. Memory: 331264K Free: 304114K (92%)
ptolemy.util.test.WatchDog.cancel(): canceling Tue Nov 20 02:50:57 UTC 2018
auto.tcl: Setting watchdog for 200 seconds at Tue Nov 20 02:50:57 UTC 2018
14 ms. Memory: 331264K Free: 300165K (91%)
ptolemy.util.test.WatchDog.cancel(): canceling Tue Nov 20 02:50:57 UTC 2018
------------------ testing $PTII/ptolemy/domains/de/test/auto/MergeModel3Add.xml
auto.tcl: Setting watchdog for 200 seconds at Tue Nov 20 02:50:57 UTC 2018
10 ms. Memory: 331264K Free: 304116K (92%)
ptolemy.util.test.WatchDog.cancel(): canceling Tue Nov 20 02:50:57 UTC 2018
auto.tcl: Setting watchdog for 200 seconds at Tue Nov 20 02:50:57 UTC 2018
8 ms. Memory: 331264K Free: 300168K (91%)
ptolemy.util.test.WatchDog.cancel(): canceling Tue Nov 20 02:50:57 UTC 2018
------------------ testing $PTII/ptolemy/domains/de/test/auto/MergeWithoutDiscard.xml
auto.tcl: Setting watchdog for 200 seconds at Tue Nov 20 02:50:57 UTC 2018
7 ms. Memory: 331264K Free: 320224K (97%)
ptolemy.util.test.WatchDog.cancel(): canceling Tue Nov 20 02:50:57 UTC 2018
auto.tcl: Setting watchdog for 200 seconds at Tue Nov 20 02:50:57 UTC 2018
2 ms. Memory: 331264K Free: 316275K (95%)
ptolemy.util.test.WatchDog.cancel(): canceling Tue Nov 20 02:50:57 UTC 2018
------------------ testing $PTII/ptolemy/domains/de/test/auto/Modal1.xml
auto.tcl: Setting watchdog for 200 seconds at Tue Nov 20 02:50:57 UTC 2018
11 ms. Memory: 331264K Free: 309867K (94%)
ptolemy.util.test.WatchDog.cancel(): canceling Tue Nov 20 02:50:58 UTC 2018
auto.tcl: Setting watchdog for 200 seconds at Tue Nov 20 02:50:58 UTC 2018
20 ms. Memory: 331264K Free: 305918K (92%)
ptolemy.util.test.WatchDog.cancel(): canceling Tue Nov 20 02:50:58 UTC 2018
------------------ testing $PTII/ptolemy/domains/de/test/auto/Modal2.xml
auto.tcl: Setting watchdog for 200 seconds at Tue Nov 20 02:50:58 UTC 2018
20 ms. Memory: 331264K Free: 309748K (94%)
ptolemy.util.test.WatchDog.cancel(): canceling Tue Nov 20 02:50:58 UTC 2018
auto.tcl: Setting watchdog for 200 seconds at Tue Nov 20 02:50:58 UTC 2018
15 ms. Memory: 331264K Free: 305800K (92%)
ptolemy.util.test.WatchDog.cancel(): canceling Tue Nov 20 02:50:58 UTC 2018
------------------ testing $PTII/ptolemy/domains/de/test/auto/Modal3.xml
auto.tcl: Setting watchdog for 200 seconds at Tue Nov 20 02:50:58 UTC 2018
11 ms. Memory: 331264K Free: 309739K (94%)
ptolemy.util.test.WatchDog.cancel(): canceling Tue Nov 20 02:50:58 UTC 2018
auto.tcl: Setting watchdog for 200 seconds at Tue Nov 20 02:50:58 UTC 2018
14 ms. Memory: 331264K Free: 305775K (92%)
ptolemy.util.test.WatchDog.cancel(): canceling Tue Nov 20 02:50:58 UTC 2018
------------------ testing $PTII/ptolemy/domains/de/test/auto/Modal4.xml
auto.tcl: Setting watchdog for 200 seconds at Tue Nov 20 02:50:58 UTC 2018
27 ms. Memory: 331264K Free: 309760K (94%)
ptolemy.util.test.WatchDog.cancel(): canceling Tue Nov 20 02:50:58 UTC 2018
auto.tcl: Setting watchdog for 200 seconds at Tue Nov 20 02:50:58 UTC 2018
24 ms. Memory: 331264K Free: 305804K (92%)
ptolemy.util.test.WatchDog.cancel(): canceling Tue Nov 20 02:50:58 UTC 2018
------------------ testing $PTII/ptolemy/domains/de/test/auto/Modal5.xml
auto.tcl: Setting watchdog for 200 seconds at Tue Nov 20 02:50:58 UTC 2018
22 ms. Memory: 331264K Free: 309747K (94%)
ptolemy.util.test.WatchDog.cancel(): canceling Tue Nov 20 02:50:58 UTC 2018
auto.tcl: Setting watchdog for 200 seconds at Tue Nov 20 02:50:58 UTC 2018
10 ms. Memory: 331264K Free: 305790K (92%)
ptolemy.util.test.WatchDog.cancel(): canceling Tue Nov 20 02:50:58 UTC 2018
------------------ testing $PTII/ptolemy/domains/de/test/auto/Modal6.xml
auto.tcl: Setting watchdog for 200 seconds at Tue Nov 20 02:50:58 UTC 2018
14 ms. Memory: 331264K Free: 309744K (94%)
ptolemy.util.test.WatchDog.cancel(): canceling Tue Nov 20 02:50:58 UTC 2018
auto.tcl: Setting watchdog for 200 seconds at Tue Nov 20 02:50:58 UTC 2018
15 ms. Memory: 331264K Free: 305780K (92%)
ptolemy.util.test.WatchDog.cancel(): canceling Tue Nov 20 02:50:58 UTC 2018
------------------ testing $PTII/ptolemy/domains/de/test/auto/Modal7.xml
auto.tcl: Setting watchdog for 200 seconds at Tue Nov 20 02:50:58 UTC 2018
16 ms. Memory: 331264K Free: 309736K (94%)
ptolemy.util.test.WatchDog.cancel(): canceling Tue Nov 20 02:50:58 UTC 2018
auto.tcl: Setting watchdog for 200 seconds at Tue Nov 20 02:50:58 UTC 2018
9 ms. Memory: 331264K Free: 305788K (92%)
ptolemy.util.test.WatchDog.cancel(): canceling Tue Nov 20 02:50:58 UTC 2018
------------------ testing $PTII/ptolemy/domains/de/test/auto/ModalModel.xml
auto.tcl: Setting watchdog for 200 seconds at Tue Nov 20 02:50:58 UTC 2018
193 ms. Memory: 331264K Free: 246049K (74%)
ptolemy.util.test.WatchDog.cancel(): canceling Tue Nov 20 02:50:59 UTC 2018
auto.tcl: Setting watchdog for 200 seconds at Tue Nov 20 02:50:59 UTC 2018
186 ms. Memory: 331264K Free: 185723K (56%)
ptolemy.util.test.WatchDog.cancel(): canceling Tue Nov 20 02:50:59 UTC 2018
------------------ testing $PTII/ptolemy/domains/de/test/auto/ModalSource.xml
auto.tcl: Setting watchdog for 200 seconds at Tue Nov 20 02:50:59 UTC 2018
13 ms. Memory: 331264K Free: 316591K (96%)
ptolemy.util.test.WatchDog.cancel(): canceling Tue Nov 20 02:50:59 UTC 2018
auto.tcl: Setting watchdog for 200 seconds at Tue Nov 20 02:50:59 UTC 2018
6 ms. Memory: 331264K Free: 313093K (95%)
ptolemy.util.test.WatchDog.cancel(): canceling Tue Nov 20 02:50:59 UTC 2018
------------------ testing $PTII/ptolemy/domains/de/test/auto/NonInterruptibleTimerZeroDelay.xml
auto.tcl: Setting watchdog for 200 seconds at Tue Nov 20 02:50:59 UTC 2018
4 ms. Memory: 331264K Free: 320927K (97%)
ptolemy.util.test.WatchDog.cancel(): canceling Tue Nov 20 02:50:59 UTC 2018
auto.tcl: Setting watchdog for 200 seconds at Tue Nov 20 02:50:59 UTC 2018
3 ms. Memory: 331264K Free: 317429K (96%)
ptolemy.util.test.WatchDog.cancel(): canceling Tue Nov 20 02:50:59 UTC 2018
------------------ testing $PTII/ptolemy/domains/de/test/auto/OpenQueueingNetwork.xml
auto.tcl: Setting watchdog for 200 seconds at Tue Nov 20 02:50:59 UTC 2018
2488 ms. Memory: 573952K Free: 413516K (72%)
ptolemy.util.test.WatchDog.cancel(): canceling Tue Nov 20 02:51:02 UTC 2018
auto.tcl: Setting watchdog for 200 seconds at Tue Nov 20 02:51:02 UTC 2018
2334 ms. Memory: 574464K Free: 325365K (57%)
ptolemy.util.test.WatchDog.cancel(): canceling Tue Nov 20 02:51:04 UTC 2018
------------------ testing $PTII/ptolemy/domains/de/test/auto/OpenQueuingNetwork.xml
auto.tcl: Setting watchdog for 200 seconds at Tue Nov 20 02:51:04 UTC 2018
229 ms. Memory: 1064960K Free: 946492K (89%)
ptolemy.util.test.WatchDog.cancel(): canceling Tue Nov 20 02:51:04 UTC 2018
auto.tcl: Setting watchdog for 200 seconds at Tue Nov 20 02:51:04 UTC 2018
227 ms. Memory: 1064960K Free: 890052K (84%)
ptolemy.util.test.WatchDog.cancel(): canceling Tue Nov 20 02:51:04 UTC 2018
------------------ testing $PTII/ptolemy/domains/de/test/auto/PeriodicSampler.xml
auto.tcl: Setting watchdog for 200 seconds at Tue Nov 20 02:51:05 UTC 2018
4 ms. Memory: 1065472K Free: 1029064K (97%)
ptolemy.util.test.WatchDog.cancel(): canceling Tue Nov 20 02:51:05 UTC 2018
auto.tcl: Setting watchdog for 200 seconds at Tue Nov 20 02:51:05 UTC 2018
2 ms. Memory: 1065472K Free: 1029064K (97%)
ptolemy.util.test.WatchDog.cancel(): canceling Tue Nov 20 02:51:05 UTC 2018
------------------ testing $PTII/ptolemy/domains/de/test/auto/PersistentIO.xml
auto.tcl: Setting watchdog for 200 seconds at Tue Nov 20 02:51:05 UTC 2018
14 ms. Memory: 1065472K Free: 1030128K (97%)
ptolemy.util.test.WatchDog.cancel(): canceling Tue Nov 20 02:51:05 UTC 2018
auto.tcl: Setting watchdog for 200 seconds at Tue Nov 20 02:51:05 UTC 2018
4 ms. Memory: 1065472K Free: 1030128K (97%)
ptolemy.util.test.WatchDog.cancel(): canceling Tue Nov 20 02:51:05 UTC 2018
------------------ testing $PTII/ptolemy/domains/de/test/auto/PortParameterResetOnInitialize.xml
auto.tcl: Setting watchdog for 200 seconds at Tue Nov 20 02:51:05 UTC 2018
2 ms. Memory: 1065472K Free: 1029508K (97%)
ptolemy.util.test.WatchDog.cancel(): canceling Tue Nov 20 02:51:05 UTC 2018
auto.tcl: Setting watchdog for 200 seconds at Tue Nov 20 02:51:05 UTC 2018
2 ms. Memory: 1065472K Free: 1029508K (97%)
ptolemy.util.test.WatchDog.cancel(): canceling Tue Nov 20 02:51:05 UTC 2018
------------------ testing $PTII/ptolemy/domains/de/test/auto/PortParameterUpdates.xml
auto.tcl: Setting watchdog for 200 seconds at Tue Nov 20 02:51:05 UTC 2018
3 ms. Memory: 1065472K Free: 1039460K (98%)
ptolemy.util.test.WatchDog.cancel(): canceling Tue Nov 20 02:51:05 UTC 2018
auto.tcl: Setting watchdog for 200 seconds at Tue Nov 20 02:51:05 UTC 2018
7 ms. Memory: 1065472K Free: 1039460K (98%)
ptolemy.util.test.WatchDog.cancel(): canceling Tue Nov 20 02:51:05 UTC 2018
------------------ testing $PTII/ptolemy/domains/de/test/auto/QueueAndServer.xml
auto.tcl: Setting watchdog for 200 seconds at Tue Nov 20 02:51:05 UTC 2018
10 ms. Memory: 1065472K Free: 1039905K (98%)
ptolemy.util.test.WatchDog.cancel(): canceling Tue Nov 20 02:51:05 UTC 2018
auto.tcl: Setting watchdog for 200 seconds at Tue Nov 20 02:51:05 UTC 2018
6 ms. Memory: 1065472K Free: 1039423K (98%)
ptolemy.util.test.WatchDog.cancel(): canceling Tue Nov 20 02:51:05 UTC 2018
------------------ testing $PTII/ptolemy/domains/de/test/auto/Records.xml
auto.tcl: Setting watchdog for 200 seconds at Tue Nov 20 02:51:05 UTC 2018
14 ms. Memory: 1065472K Free: 1039366K (98%)
ptolemy.util.test.WatchDog.cancel(): canceling Tue Nov 20 02:51:05 UTC 2018
auto.tcl: Setting watchdog for 200 seconds at Tue Nov 20 02:51:05 UTC 2018
2 ms. Memory: 1065472K Free: 1039366K (98%)
ptolemy.util.test.WatchDog.cancel(): canceling Tue Nov 20 02:51:05 UTC 2018
------------------ testing $PTII/ptolemy/domains/de/test/auto/ResetTransitionWithStartTime1.xml
auto.tcl: Setting watchdog for 200 seconds at Tue Nov 20 02:51:05 UTC 2018
7 ms. Memory: 1065472K Free: 1039391K (98%)
ptolemy.util.test.WatchDog.cancel(): canceling Tue Nov 20 02:51:05 UTC 2018
auto.tcl: Setting watchdog for 200 seconds at Tue Nov 20 02:51:05 UTC 2018
5 ms. Memory: 1065472K Free: 1039391K (98%)
ptolemy.util.test.WatchDog.cancel(): canceling Tue Nov 20 02:51:05 UTC 2018
------------------ testing $PTII/ptolemy/domains/de/test/auto/ResetTransitionWithStartTime2.xml
auto.tcl: Setting watchdog for 200 seconds at Tue Nov 20 02:51:05 UTC 2018
5 ms. Memory: 1064448K Free: 1038839K (98%)
ptolemy.util.test.WatchDog.cancel(): canceling Tue Nov 20 02:51:05 UTC 2018
auto.tcl: Setting watchdog for 200 seconds at Tue Nov 20 02:51:05 UTC 2018
6 ms. Memory: 1064448K Free: 1038839K (98%)
ptolemy.util.test.WatchDog.cancel(): canceling Tue Nov 20 02:51:05 UTC 2018
------------------ testing $PTII/ptolemy/domains/de/test/auto/ResetTransitionWithStartTime3.xml
auto.tcl: Setting watchdog for 200 seconds at Tue Nov 20 02:51:05 UTC 2018
5 ms. Memory: 1064960K Free: 1038868K (98%)
ptolemy.util.test.WatchDog.cancel(): canceling Tue Nov 20 02:51:05 UTC 2018
auto.tcl: Setting watchdog for 200 seconds at Tue Nov 20 02:51:05 UTC 2018
6 ms. Memory: 1064960K Free: 1038868K (98%)
ptolemy.util.test.WatchDog.cancel(): canceling Tue Nov 20 02:51:05 UTC 2018
------------------ testing $PTII/ptolemy/domains/de/test/auto/ResetTransitionWithStartTime4.xml
auto.tcl: Setting watchdog for 200 seconds at Tue Nov 20 02:51:05 UTC 2018
4 ms. Memory: 1064960K Free: 1038867K (98%)
ptolemy.util.test.WatchDog.cancel(): canceling Tue Nov 20 02:51:05 UTC 2018
auto.tcl: Setting watchdog for 200 seconds at Tue Nov 20 02:51:05 UTC 2018
3 ms. Memory: 1064960K Free: 1038867K (98%)
ptolemy.util.test.WatchDog.cancel(): canceling Tue Nov 20 02:51:05 UTC 2018
------------------ testing $PTII/ptolemy/domains/de/test/auto/ResettableTimer1.xml
auto.tcl: Setting watchdog for 200 seconds at Tue Nov 20 02:51:05 UTC 2018
2 ms. Memory: 1064960K Free: 1038862K (98%)
ptolemy.util.test.WatchDog.cancel(): canceling Tue Nov 20 02:51:05 UTC 2018
auto.tcl: Setting watchdog for 200 seconds at Tue Nov 20 02:51:05 UTC 2018
2 ms. Memory: 1064960K Free: 1038862K (98%)
ptolemy.util.test.WatchDog.cancel(): canceling Tue Nov 20 02:51:05 UTC 2018
------------------ testing $PTII/ptolemy/domains/de/test/auto/ResettableTimer2.xml
auto.tcl: Setting watchdog for 200 seconds at Tue Nov 20 02:51:05 UTC 2018
3 ms. Memory: 1064960K Free: 1039403K (98%)
ptolemy.util.test.WatchDog.cancel(): canceling Tue Nov 20 02:51:05 UTC 2018
auto.tcl: Setting watchdog for 200 seconds at Tue Nov 20 02:51:05 UTC 2018
2 ms. Memory: 1064960K Free: 1039403K (98%)
ptolemy.util.test.WatchDog.cancel(): canceling Tue Nov 20 02:51:05 UTC 2018
------------------ testing $PTII/ptolemy/domains/de/test/auto/ResettableTimer3.xml
auto.tcl: Setting watchdog for 200 seconds at Tue Nov 20 02:51:06 UTC 2018
2 ms. Memory: 1064960K Free: 1038920K (98%)
ptolemy.util.test.WatchDog.cancel(): canceling Tue Nov 20 02:51:06 UTC 2018
auto.tcl: Setting watchdog for 200 seconds at Tue Nov 20 02:51:06 UTC 2018
1 ms. Memory: 1064960K Free: 1038920K (98%)
ptolemy.util.test.WatchDog.cancel(): canceling Tue Nov 20 02:51:06 UTC 2018
------------------ testing $PTII/ptolemy/domains/de/test/auto/ResettableTimer4.xml
auto.tcl: Setting watchdog for 200 seconds at Tue Nov 20 02:51:06 UTC 2018
2 ms. Memory: 1063936K Free: 1038391K (98%)
ptolemy.util.test.WatchDog.cancel(): canceling Tue Nov 20 02:51:06 UTC 2018
auto.tcl: Setting watchdog for 200 seconds at Tue Nov 20 02:51:06 UTC 2018
1 ms. Memory: 1063936K Free: 1038391K (98%)
ptolemy.util.test.WatchDog.cancel(): canceling Tue Nov 20 02:51:06 UTC 2018
------------------ testing $PTII/ptolemy/domains/de/test/auto/ResettableTimer5.xml
auto.tcl: Setting watchdog for 200 seconds at Tue Nov 20 02:51:06 UTC 2018
1 ms. Memory: 1064448K Free: 1029081K (97%)
ptolemy.util.test.WatchDog.cancel(): canceling Tue Nov 20 02:51:06 UTC 2018
auto.tcl: Setting watchdog for 200 seconds at Tue Nov 20 02:51:06 UTC 2018
1 ms. Memory: 1064448K Free: 1029081K (97%)
ptolemy.util.test.WatchDog.cancel(): canceling Tue Nov 20 02:51:06 UTC 2018
------------------ testing $PTII/ptolemy/domains/de/test/auto/ResettableTimer6.xml
auto.tcl: Setting watchdog for 200 seconds at Tue Nov 20 02:51:06 UTC 2018
2 ms. Memory: 1064448K Free: 1028548K (97%)
ptolemy.util.test.WatchDog.cancel(): canceling Tue Nov 20 02:51:06 UTC 2018
auto.tcl: Setting watchdog for 200 seconds at Tue Nov 20 02:51:06 UTC 2018
2 ms. Memory: 1064448K Free: 1028548K (97%)
ptolemy.util.test.WatchDog.cancel(): canceling Tue Nov 20 02:51:06 UTC 2018
------------------ testing $PTII/ptolemy/domains/de/test/auto/ServerZeroDelay.xml
auto.tcl: Setting watchdog for 200 seconds at Tue Nov 20 02:51:06 UTC 2018
5 ms. Memory: 1064448K Free: 1038841K (98%)
ptolemy.util.test.WatchDog.cancel(): canceling Tue Nov 20 02:51:06 UTC 2018
auto.tcl: Setting watchdog for 200 seconds at Tue Nov 20 02:51:06 UTC 2018
2 ms. Memory: 1064448K Free: 1038841K (98%)
ptolemy.util.test.WatchDog.cancel(): canceling Tue Nov 20 02:51:06 UTC 2018
------------------ testing $PTII/ptolemy/domains/de/test/auto/SmartSender.xml
auto.tcl: Setting watchdog for 200 seconds at Tue Nov 20 02:51:06 UTC 2018
3001 ms. Memory: 1064448K Free: 1029016K (97%)
ptolemy.util.test.WatchDog.cancel(): canceling Tue Nov 20 02:51:09 UTC 2018
auto.tcl: Setting watchdog for 200 seconds at Tue Nov 20 02:51:09 UTC 2018
3002 ms. Memory: 1064448K Free: 1029016K (97%)
ptolemy.util.test.WatchDog.cancel(): canceling Tue Nov 20 02:51:12 UTC 2018
------------------ testing $PTII/ptolemy/domains/de/test/auto/ThreadedComposite.xml
auto.tcl: Setting watchdog for 200 seconds at Tue Nov 20 02:51:12 UTC 2018
197 ms. Memory: 1064448K Free: 997613K (94%)
ptolemy.util.test.WatchDog.cancel(): canceling Tue Nov 20 02:51:12 UTC 2018
auto.tcl: Setting watchdog for 200 seconds at Tue Nov 20 02:51:12 UTC 2018
105 ms. Memory: 1064448K Free: 977973K (92%)
ptolemy.util.test.WatchDog.cancel(): canceling Tue Nov 20 02:51:12 UTC 2018
------------------ testing $PTII/ptolemy/domains/de/test/auto/Time.xml
auto.tcl: Setting watchdog for 200 seconds at Tue Nov 20 02:51:12 UTC 2018
482 ms. Memory: 1064448K Free: 988978K (93%)
ptolemy.util.test.WatchDog.cancel(): canceling Tue Nov 20 02:51:13 UTC 2018
auto.tcl: Setting watchdog for 200 seconds at Tue Nov 20 02:51:13 UTC 2018
489 ms. Memory: 1064448K Free: 932508K (88%)
ptolemy.util.test.WatchDog.cancel(): canceling Tue Nov 20 02:51:13 UTC 2018
------------------ testing $PTII/ptolemy/domains/de/test/auto/TimeDelayZeroDelay.xml
auto.tcl: Setting watchdog for 200 seconds at Tue Nov 20 02:51:13 UTC 2018
6 ms. Memory: 1064448K Free: 1038276K (98%)
ptolemy.util.test.WatchDog.cancel(): canceling Tue Nov 20 02:51:13 UTC 2018
auto.tcl: Setting watchdog for 200 seconds at Tue Nov 20 02:51:13 UTC 2018
2 ms. Memory: 1064448K Free: 1038276K (98%)
ptolemy.util.test.WatchDog.cancel(): canceling Tue Nov 20 02:51:13 UTC 2018
------------------ testing $PTII/ptolemy/domains/de/test/auto/TimerZeroDelay.xml
auto.tcl: Setting watchdog for 200 seconds at Tue Nov 20 02:51:13 UTC 2018
2 ms. Memory: 1063424K Free: 1037778K (98%)
ptolemy.util.test.WatchDog.cancel(): canceling Tue Nov 20 02:51:13 UTC 2018
auto.tcl: Setting watchdog for 200 seconds at Tue Nov 20 02:51:13 UTC 2018
2 ms. Memory: 1063424K Free: 1037778K (98%)
ptolemy.util.test.WatchDog.cancel(): canceling Tue Nov 20 02:51:13 UTC 2018
------------------ testing $PTII/ptolemy/domains/de/test/auto/TimingParadox.xml
auto.tcl: Setting watchdog for 200 seconds at Tue Nov 20 02:51:13 UTC 2018
327 ms. Memory: 1063936K Free: 974433K (92%)
ptolemy.util.test.WatchDog.cancel(): canceling Tue Nov 20 02:51:14 UTC 2018
auto.tcl: Setting watchdog for 200 seconds at Tue Nov 20 02:51:14 UTC 2018
336 ms. Memory: 1063936K Free: 940551K (88%)
ptolemy.util.test.WatchDog.cancel(): canceling Tue Nov 20 02:51:14 UTC 2018
------------------ testing $PTII/ptolemy/domains/de/test/auto/TransferInputs.xml
auto.tcl: Setting watchdog for 200 seconds at Tue Nov 20 02:51:14 UTC 2018
2 ms. Memory: 1063424K Free: 1036693K (97%)
ptolemy.util.test.WatchDog.cancel(): canceling Tue Nov 20 02:51:14 UTC 2018
auto.tcl: Setting watchdog for 200 seconds at Tue Nov 20 02:51:14 UTC 2018
2 ms. Memory: 1063424K Free: 1036693K (97%)
ptolemy.util.test.WatchDog.cancel(): canceling Tue Nov 20 02:51:14 UTC 2018
------------------ testing $PTII/ptolemy/domains/de/test/auto/TransferOutputs2.xml
auto.tcl: Setting watchdog for 200 seconds at Tue Nov 20 02:51:14 UTC 2018
3 ms. Memory: 1063936K Free: 1028492K (97%)
ptolemy.util.test.WatchDog.cancel(): canceling Tue Nov 20 02:51:14 UTC 2018
auto.tcl: Setting watchdog for 200 seconds at Tue Nov 20 02:51:14 UTC 2018
3 ms. Memory: 1063936K Free: 1028492K (97%)
ptolemy.util.test.WatchDog.cancel(): canceling Tue Nov 20 02:51:14 UTC 2018
------------------ testing $PTII/ptolemy/domains/de/test/auto/Trilateration.xml
auto.tcl: Setting watchdog for 200 seconds at Tue Nov 20 02:51:14 UTC 2018
14177 ms. Memory: 976384K Free: 926749K (95%)
ptolemy.util.test.WatchDog.cancel(): canceling Tue Nov 20 02:51:30 UTC 2018
auto.tcl: Setting watchdog for 200 seconds at Tue Nov 20 02:51:30 UTC 2018
10956 ms. Memory: 849408K Free: 766112K (90%)
ptolemy.util.test.WatchDog.cancel(): canceling Tue Nov 20 02:51:41 UTC 2018
------------------ testing $PTII/ptolemy/domains/de/test/auto/TwoSigmaDelta.xml
auto.tcl: Setting watchdog for 200 seconds at Tue Nov 20 02:51:41 UTC 2018
2766 ms. Memory: 853504K Free: 533903K (63%)
ptolemy.util.test.WatchDog.cancel(): canceling Tue Nov 20 02:51:44 UTC 2018
auto.tcl: Setting watchdog for 200 seconds at Tue Nov 20 02:51:44 UTC 2018
2195 ms. Memory: 853504K Free: 296134K (35%)
ptolemy.util.test.WatchDog.cancel(): canceling Tue Nov 20 02:51:46 UTC 2018
------------------ testing $PTII/ptolemy/domains/de/test/auto/VariableDelay.xml
auto.tcl: Setting watchdog for 200 seconds at Tue Nov 20 02:51:46 UTC 2018
3 ms. Memory: 849920K Free: 826036K (97%)
ptolemy.util.test.WatchDog.cancel(): canceling Tue Nov 20 02:51:46 UTC 2018
auto.tcl: Setting watchdog for 200 seconds at Tue Nov 20 02:51:46 UTC 2018
2 ms. Memory: 849920K Free: 826036K (97%)
ptolemy.util.test.WatchDog.cancel(): canceling Tue Nov 20 02:51:46 UTC 2018
------------------ testing $PTII/ptolemy/domains/de/test/auto/VariableDelay2.xml
auto.tcl: Setting watchdog for 200 seconds at Tue Nov 20 02:51:46 UTC 2018
4 ms. Memory: 849408K Free: 825982K (97%)
ptolemy.util.test.WatchDog.cancel(): canceling Tue Nov 20 02:51:46 UTC 2018
auto.tcl: Setting watchdog for 200 seconds at Tue Nov 20 02:51:46 UTC 2018
2 ms. Memory: 849408K Free: 825982K (97%)
ptolemy.util.test.WatchDog.cancel(): canceling Tue Nov 20 02:51:46 UTC 2018
------------------ testing $PTII/ptolemy/domains/de/test/auto/VariableDelayZeroDelay.xml
auto.tcl: Setting watchdog for 200 seconds at Tue Nov 20 02:51:46 UTC 2018
2 ms. Memory: 849408K Free: 825980K (97%)
ptolemy.util.test.WatchDog.cancel(): canceling Tue Nov 20 02:51:46 UTC 2018
auto.tcl: Setting watchdog for 200 seconds at Tue Nov 20 02:51:46 UTC 2018
2 ms. Memory: 849408K Free: 825980K (97%)
ptolemy.util.test.WatchDog.cancel(): canceling Tue Nov 20 02:51:46 UTC 2018
------------------ testing $PTII/ptolemy/domains/de/test/auto/VariableDelayZeroDelay2.xml
auto.tcl: Setting watchdog for 200 seconds at Tue Nov 20 02:51:46 UTC 2018
2 ms. Memory: 852480K Free: 821370K (96%)
ptolemy.util.test.WatchDog.cancel(): canceling Tue Nov 20 02:51:46 UTC 2018
auto.tcl: Setting watchdog for 200 seconds at Tue Nov 20 02:51:46 UTC 2018
5 ms. Memory: 852480K Free: 821370K (96%)
ptolemy.util.test.WatchDog.cancel(): canceling Tue Nov 20 02:51:46 UTC 2018
------------------ testing $PTII/ptolemy/domains/de/test/auto/deInCt.xml
auto.tcl: Setting watchdog for 200 seconds at Tue Nov 20 02:51:46 UTC 2018
0
1
1
1
0
0
0
1
1
0
0
0
1
1
0
0
0
0
1
1
1
0
0
0
1
1
1
0
0
0
1
1
1
1
0
0
0
0
1
1
1
0
0
0
0
10 ms. Memory: 849408K Free: 818252K (96%)
ptolemy.util.test.WatchDog.cancel(): canceling Tue Nov 20 02:51:46 UTC 2018
auto.tcl: Setting watchdog for 200 seconds at Tue Nov 20 02:51:46 UTC 2018
0
1
1
1
1
0
0
0
1
1
1
1
0
0
1
1
1
0
0
0
1
1
1
0
0
1
1
0
0
0
1
1
1
1
0
0
0
1
1
1
1
1
6 ms. Memory: 849408K Free: 818252K (96%)
ptolemy.util.test.WatchDog.cancel(): canceling Tue Nov 20 02:51:46 UTC 2018
------------------ testing $PTII/ptolemy/domains/de/test/auto/deInCt2.xml
auto.tcl: Setting watchdog for 200 seconds at Tue Nov 20 02:51:46 UTC 2018
0
1
1
1
0
0
1
1
1
0
0
1
1
1
0
0
1
1
1
0
0
1
1
1
0
0
1
1
1
0
0
1
1
1
0
0
1
1
1
0
0
0
12 ms. Memory: 852480K Free: 821368K (96%)
ptolemy.util.test.WatchDog.cancel(): canceling Tue Nov 20 02:51:46 UTC 2018
auto.tcl: Setting watchdog for 200 seconds at Tue Nov 20 02:51:46 UTC 2018
0
1
1
1
0
0
1
1
1
0
0
1
1
1
0
0
1
1
1
0
0
1
1
1
0
0
1
1
1
0
0
1
1
1
0
0
1
1
1
0
0
0
4 ms. Memory: 852480K Free: 821368K (96%)
ptolemy.util.test.WatchDog.cancel(): canceling Tue Nov 20 02:51:46 UTC 2018
------------------ testing $PTII/ptolemy/domains/de/test/auto/dynamicCausalityInterface1.xml
auto.tcl: Setting watchdog for 200 seconds at Tue Nov 20 02:51:46 UTC 2018
1 ms. Memory: 849408K Free: 818291K (96%)
ptolemy.util.test.WatchDog.cancel(): canceling Tue Nov 20 02:51:46 UTC 2018
auto.tcl: Setting watchdog for 200 seconds at Tue Nov 20 02:51:46 UTC 2018
1 ms. Memory: 849408K Free: 818291K (96%)
ptolemy.util.test.WatchDog.cancel(): canceling Tue Nov 20 02:51:46 UTC 2018
------------------ testing $PTII/ptolemy/domains/de/test/auto/fsm_de_test.xml
auto.tcl: Setting watchdog for 200 seconds at Tue Nov 20 02:51:47 UTC 2018
8 ms. Memory: 851968K Free: 820746K (96%)
ptolemy.util.test.WatchDog.cancel(): canceling Tue Nov 20 02:51:47 UTC 2018
auto.tcl: Setting watchdog for 200 seconds at Tue Nov 20 02:51:47 UTC 2018
5 ms. Memory: 851968K Free: 820746K (96%)
ptolemy.util.test.WatchDog.cancel(): canceling Tue Nov 20 02:51:47 UTC 2018
------------------ testing $PTII/ptolemy/domains/de/test/auto/functionDependencyReconstruction.xml
auto.tcl: Setting watchdog for 200 seconds at Tue Nov 20 02:51:47 UTC 2018
4 ms. Memory: 849408K Free: 807080K (95%)
ptolemy.util.test.WatchDog.cancel(): canceling Tue Nov 20 02:51:47 UTC 2018
auto.tcl: Setting watchdog for 200 seconds at Tue Nov 20 02:51:47 UTC 2018
3 ms. Memory: 849408K Free: 807080K (95%)
ptolemy.util.test.WatchDog.cancel(): canceling Tue Nov 20 02:51:47 UTC 2018
------------------ testing $PTII/ptolemy/domains/de/test/auto/multirate.xml
auto.tcl: Setting watchdog for 200 seconds at Tue Nov 20 02:51:47 UTC 2018
6 ms. Memory: 851456K Free: 820101K (96%)
ptolemy.util.test.WatchDog.cancel(): canceling Tue Nov 20 02:51:47 UTC 2018
auto.tcl: Setting watchdog for 200 seconds at Tue Nov 20 02:51:47 UTC 2018
3 ms. Memory: 851456K Free: 820058K (96%)
ptolemy.util.test.WatchDog.cancel(): canceling Tue Nov 20 02:51:47 UTC 2018
------------------ testing $PTII/ptolemy/domains/de/test/auto/multirate2.xml
auto.tcl: Setting watchdog for 200 seconds at Tue Nov 20 02:51:47 UTC 2018
7 ms. Memory: 849408K Free: 818240K (96%)
ptolemy.util.test.WatchDog.cancel(): canceling Tue Nov 20 02:51:47 UTC 2018
auto.tcl: Setting watchdog for 200 seconds at Tue Nov 20 02:51:47 UTC 2018
3 ms. Memory: 849408K Free: 818240K (96%)
ptolemy.util.test.WatchDog.cancel(): canceling Tue Nov 20 02:51:47 UTC 2018
------------------ testing $PTII/ptolemy/domains/de/test/auto/realtime.xml
auto.tcl: Setting watchdog for 200 seconds at Tue Nov 20 02:51:47 UTC 2018
10001 ms. Memory: 851456K Free: 820243K (96%)
ptolemy.util.test.WatchDog.cancel(): canceling Tue Nov 20 02:51:57 UTC 2018
auto.tcl: Setting watchdog for 200 seconds at Tue Nov 20 02:51:57 UTC 2018
10001 ms. Memory: 851456K Free: 820243K (96%)
ptolemy.util.test.WatchDog.cancel(): canceling Tue Nov 20 02:52:07 UTC 2018
------------------ testing $PTII/ptolemy/domains/de/test/auto/relationGroup.xml
auto.tcl: Setting watchdog for 200 seconds at Tue Nov 20 02:52:07 UTC 2018
1 ms. Memory: 849408K Free: 825944K (97%)
ptolemy.util.test.WatchDog.cancel(): canceling Tue Nov 20 02:52:07 UTC 2018
auto.tcl: Setting watchdog for 200 seconds at Tue Nov 20 02:52:07 UTC 2018
1 ms. Memory: 849408K Free: 825944K (97%)
ptolemy.util.test.WatchDog.cancel(): canceling Tue Nov 20 02:52:07 UTC 2018
------------------ testing $PTII/ptolemy/domains/de/test/auto/relationGroup2.xml
auto.tcl: Setting watchdog for 200 seconds at Tue Nov 20 02:52:07 UTC 2018
1 ms. Memory: 850944K Free: 819827K (96%)
ptolemy.util.test.WatchDog.cancel(): canceling Tue Nov 20 02:52:07 UTC 2018
auto.tcl: Setting watchdog for 200 seconds at Tue Nov 20 02:52:07 UTC 2018
1 ms. Memory: 850944K Free: 819827K (96%)
ptolemy.util.test.WatchDog.cancel(): canceling Tue Nov 20 02:52:07 UTC 2018
------------------ testing $PTII/ptolemy/domains/de/test/auto/sortWithOpaquePorts.xml
auto.tcl: Setting watchdog for 200 seconds at Tue Nov 20 02:52:07 UTC 2018
1 ms. Memory: 849408K Free: 818291K (96%)
ptolemy.util.test.WatchDog.cancel(): canceling Tue Nov 20 02:52:07 UTC 2018
auto.tcl: Setting watchdog for 200 seconds at Tue Nov 20 02:52:07 UTC 2018
1 ms. Memory: 849408K Free: 818291K (96%)
ptolemy.util.test.WatchDog.cancel(): canceling Tue Nov 20 02:52:07 UTC 2018
------------------ testing $PTII/ptolemy/domains/de/test/auto/transferInputsandOutputs.xml
auto.tcl: Setting watchdog for 200 seconds at Tue Nov 20 02:52:07 UTC 2018
2 ms. Memory: 850944K Free: 819814K (96%)
ptolemy.util.test.WatchDog.cancel(): canceling Tue Nov 20 02:52:07 UTC 2018
auto.tcl: Setting watchdog for 200 seconds at Tue Nov 20 02:52:07 UTC 2018
1 ms. Memory: 850944K Free: 819814K (96%)
ptolemy.util.test.WatchDog.cancel(): canceling Tue Nov 20 02:52:07 UTC 2018
------------------ testing $PTII/ptolemy/domains/de/test/auto/triggerType.xml
auto.tcl: Setting watchdog for 200 seconds at Tue Nov 20 02:52:07 UTC 2018
1 ms. Memory: 849408K Free: 818229K (96%)
ptolemy.util.test.WatchDog.cancel(): canceling Tue Nov 20 02:52:07 UTC 2018
auto.tcl: Setting watchdog for 200 seconds at Tue Nov 20 02:52:07 UTC 2018
1 ms. Memory: 849408K Free: 818229K (96%)
ptolemy.util.test.WatchDog.cancel(): canceling Tue Nov 20 02:52:07 UTC 2018
11/20/18 02:52:07
Failed: 0  Total Tests: 192  ((Passed: 187, Newly Passed: 1)  Known Failed: 5) /home/travis/build/icyphy/ptII/ptolemy/domains/de/test
11/20/18 02:52:07
Failed: 0  Total Tests: 192  ((Passed: 187, Newly Passed: 1)  Known Failed: 5) /home/travis/build/icyphy/ptII/ptolemy/domains/de/test
----------------- testing (KnownFailure) /home/travis/build/icyphy/ptII/ptolemy/domains/de/test/auto/knownFailedTests/DESDFClockTest.xml
2015 ms. Memory: 850432K Free: 803903K (95%)
Known Failure: java.lang.reflect.InvocationTargetException
----------------- testing (KnownFailure) /home/travis/build/icyphy/ptII/ptolemy/domains/de/test/auto/knownFailedTests/DirectFeedback.xml
2 ms. Memory: 850432K Free: 742463K (87%)
Known Failure: java.lang.reflect.InvocationTargetException
----------------- testing (KnownFailure) /home/travis/build/icyphy/ptII/ptolemy/domains/de/test/auto/knownFailedTests/FSMSource.xml
5 ms. Memory: 850432K Free: 681022K (80%)
----------------- testing (KnownFailure) /home/travis/build/icyphy/ptII/ptolemy/domains/de/test/auto/knownFailedTests/HierarchicalModel.xml
3 ms. Memory: 850432K Free: 634926K (75%)
Known Failure: java.lang.reflect.InvocationTargetException
----------------- testing (KnownFailure) /home/travis/build/icyphy/ptII/ptolemy/domains/de/test/auto/knownFailedTests/dependencyLoop.xml
2 ms. Memory: 850432K Free: 573486K (67%)
Known Failure: java.lang.reflect.InvocationTargetException
----------------- testing (KnownFailure) /home/travis/build/icyphy/ptII/ptolemy/domains/de/test/auto/knownFailedTests/dependencyLoop2.xml
4 ms. Memory: 850432K Free: 512046K (60%)
Known Failure: java.lang.reflect.InvocationTargetException
No auto/linux-amd64/*.xml tests in /home/travis/build/icyphy/ptII/ptolemy/domains/de/test
AutoTests.java: About to close Vertx.
AutoTests.java: Vertx closed.

===========================================================================================
----------------- testing Tue Nov 20 02:52:09 UTC 2018 /home/travis/build/icyphy/ptII/ptolemy/domains/de/test/auto/ActorDepthCalculation_actorWithoutPorts.xml
----------------- Instantiating /home/travis/build/icyphy/ptII/ptolemy/domains/de/test/auto/ActorDepthCalculation_actorWithoutPorts.xml
2 ms. Memory: 850432K Free: 435245K (51%)
----------------- Invoking toplevel() on ptolemy.moml.MoMLSimpleApplication@7669e81e
----------------- Done invoking toplevel() on ptolemy.moml.MoMLSimpleApplication@7669e81e
reloadAllAccessors: .ActorDepthCalculation_actorWithoutPorts

===========================================================================================
----------------- testing Tue Nov 20 02:52:09 UTC 2018 /home/travis/build/icyphy/ptII/ptolemy/domains/de/test/auto/AssemblyLine.xml
----------------- Instantiating /home/travis/build/icyphy/ptII/ptolemy/domains/de/test/auto/AssemblyLine.xml
9 ms. Memory: 850432K Free: 404525K (48%)
----------------- Invoking toplevel() on ptolemy.moml.MoMLSimpleApplication@3856730c
----------------- Done invoking toplevel() on ptolemy.moml.MoMLSimpleApplication@3856730c
reloadAllAccessors: .AssemblyLine

===========================================================================================
----------------- testing Tue Nov 20 02:52:10 UTC 2018 /home/travis/build/icyphy/ptII/ptolemy/domains/de/test/auto/CQBug1.xml
----------------- Instantiating /home/travis/build/icyphy/ptII/ptolemy/domains/de/test/auto/CQBug1.xml
1 ms. Memory: 850432K Free: 373805K (44%)
----------------- Invoking toplevel() on ptolemy.moml.MoMLSimpleApplication@5b41ca31
----------------- Done invoking toplevel() on ptolemy.moml.MoMLSimpleApplication@5b41ca31
reloadAllAccessors: .CQBug1

===========================================================================================
----------------- testing Tue Nov 20 02:52:10 UTC 2018 /home/travis/build/icyphy/ptII/ptolemy/domains/de/test/auto/CancelFireAt.xml
----------------- Instantiating /home/travis/build/icyphy/ptII/ptolemy/domains/de/test/auto/CancelFireAt.xml
1 ms. Memory: 850432K Free: 343085K (40%)
----------------- Invoking toplevel() on ptolemy.moml.MoMLSimpleApplication@6d7714c7
----------------- Done invoking toplevel() on ptolemy.moml.MoMLSimpleApplication@6d7714c7
reloadAllAccessors: .CancelFireAt

===========================================================================================
----------------- testing Tue Nov 20 02:52:10 UTC 2018 /home/travis/build/icyphy/ptII/ptolemy/domains/de/test/auto/CausalityAndComposabilityAnalysis.xml
----------------- Instantiating /home/travis/build/icyphy/ptII/ptolemy/domains/de/test/auto/CausalityAndComposabilityAnalysis.xml
1 ms. Memory: 850432K Free: 312365K (37%)
----------------- Invoking toplevel() on ptolemy.moml.MoMLSimpleApplication@32d5cef3
----------------- Done invoking toplevel() on ptolemy.moml.MoMLSimpleApplication@32d5cef3
reloadAllAccessors: .CausalityAndComposabilityAnalysis

===========================================================================================
----------------- testing Tue Nov 20 02:52:10 UTC 2018 /home/travis/build/icyphy/ptII/ptolemy/domains/de/test/auto/CausalityInterface1.xml
----------------- Instantiating /home/travis/build/icyphy/ptII/ptolemy/domains/de/test/auto/CausalityInterface1.xml
4 ms. Memory: 850432K Free: 281645K (33%)
----------------- Invoking toplevel() on ptolemy.moml.MoMLSimpleApplication@41740a35
----------------- Done invoking toplevel() on ptolemy.moml.MoMLSimpleApplication@41740a35
reloadAllAccessors: .CausalityInterface1

===========================================================================================
----------------- testing Tue Nov 20 02:52:10 UTC 2018 /home/travis/build/icyphy/ptII/ptolemy/domains/de/test/auto/CausalityInterface15.xml
----------------- Instantiating /home/travis/build/icyphy/ptII/ptolemy/domains/de/test/auto/CausalityInterface15.xml
2 ms. Memory: 850432K Free: 250925K (30%)
----------------- Invoking toplevel() on ptolemy.moml.MoMLSimpleApplication@6eaed00c
[...]
java.lang.RuntimeException: Execution failed
	at ptolemy.moml.MoMLSimpleApplication$UnloadThread.run(MoMLSimpleApplication.java:402)
Caused by: ptolemy.kernel.util.IllegalActionException: Test fails in iteration 1.
Value was: 1.0. Should have been: 2.0
  in .DirectFeedback.Test
	at ptolemy.actor.lib.Test.fire(Test.java:268)
	at ptolemy.domains.de.kernel.DEDirector._fire(DEDirector.java:1949)
	at ptolemy.domains.de.kernel.DEDirector.fire(DEDirector.java:502)
	at ptolemy.actor.CompositeActor.fire(CompositeActor.java:455)
	at ptolemy.actor.Manager.iterate(Manager.java:851)
	at ptolemy.actor.Manager.execute(Manager.java:369)
	at ptolemy.actor.Manager.run(Manager.java:1263)
	at ptolemy.actor.Manager$PtolemyRunThread.run(Manager.java:1915)
java.lang.RuntimeException: Execution failed
	at ptolemy.moml.MoMLSimpleApplication$UnloadThread.run(MoMLSimpleApplication.java:402)
Caused by: ptolemy.kernel.util.IllegalActionException: Actor is not ready to fire.  Perhaps UpSample.prefire() returned false? Try debugging the actor by selecting "Listen to Actor".  Also, for SDF check moml for tokenConsumptionRate on input.
  in .DESDFClockTest.Play Bell.Copy1:SDF Director and .DESDFClockTest.Play Bell.UpSample
	at ptolemy.actor.sched.StaticSchedulingDirector.fire(StaticSchedulingDirector.java:227)
	at ptolemy.domains.sdf.kernel.SDFDirector.fire(SDFDirector.java:500)
	at ptolemy.actor.CompositeActor.fire(CompositeActor.java:455)
	at ptolemy.domains.de.kernel.DEDirector._fire(DEDirector.java:1949)
	at ptolemy.domains.de.kernel.DEDirector.fire(DEDirector.java:502)
	at ptolemy.actor.CompositeActor.fire(CompositeActor.java:455)
	at ptolemy.actor.Manager.iterate(Manager.java:851)
	at ptolemy.actor.Manager.execute(Manager.java:369)
	at ptolemy.actor.Manager.run(Manager.java:1263)
	at ptolemy.actor.Manager$PtolemyRunThread.run(Manager.java:1915)
java.lang.reflect.InvocationTargetException
	at sun.reflect.NativeConstructorAccessorImpl.newInstance0(Native Method)
	at sun.reflect.NativeConstructorAccessorImpl.newInstance(NativeConstructorAccessorImpl.java:62)
	at sun.reflect.DelegatingConstructorAccessorImpl.newInstance(DelegatingConstructorAccessorImpl.java:45)
	at java.lang.reflect.Constructor.newInstance(Constructor.java:423)
	at ptolemy.util.test.junit.AutoKnownFailedTests.RunModel(AutoKnownFailedTests.java:105)
	at sun.reflect.NativeMethodAccessorImpl.invoke0(Native Method)
	at sun.reflect.NativeMethodAccessorImpl.invoke(NativeMethodAccessorImpl.java:62)
	at sun.reflect.DelegatingMethodAccessorImpl.invoke(DelegatingMethodAccessorImpl.java:43)
	at java.lang.reflect.Method.invoke(Method.java:498)
	at org.junit.runners.model.FrameworkMethod$1.runReflectiveCall(FrameworkMethod.java:44)
	at org.junit.internal.runners.model.ReflectiveCallable.run(ReflectiveCallable.java:15)
	at org.junit.runners.model.FrameworkMethod.invokeExplosively(FrameworkMethod.java:41)
	at junitparams.internal.InvokeParameterisedMethod.evaluate(InvokeParameterisedMethod.java:102)
	at org.junit.internal.runners.statements.FailOnTimeout$1.run(FailOnTimeout.java:28)
Caused by: ptolemy.kernel.util.IllegalActionException: Actor is not ready to fire.  Perhaps UpSample.prefire() returned false? Try debugging the actor by selecting "Listen to Actor".  Also, for SDF check moml for tokenConsumptionRate on input.
  in .DESDFClockTest.Play Bell.Copy1:SDF Director and .DESDFClockTest.Play Bell.UpSample
	at ptolemy.actor.sched.StaticSchedulingDirector.fire(StaticSchedulingDirector.java:227)
	at ptolemy.domains.sdf.kernel.SDFDirector.fire(SDFDirector.java:500)
	at ptolemy.actor.CompositeActor.fire(CompositeActor.java:455)
	at ptolemy.domains.de.kernel.DEDirector._fire(DEDirector.java:1949)
	at ptolemy.domains.de.kernel.DEDirector.fire(DEDirector.java:502)
	at ptolemy.actor.CompositeActor.fire(CompositeActor.java:455)
	at ptolemy.actor.Manager.iterate(Manager.java:851)
	at ptolemy.actor.Manager.execute(Manager.java:369)
	at ptolemy.actor.Manager.run(Manager.java:1263)
	at ptolemy.actor.Manager$PtolemyRunThread.run(Manager.java:1915)
java.lang.RuntimeException: Execution failed
	at ptolemy.moml.MoMLSimpleApplication$UnloadThread.run(MoMLSimpleApplication.java:402)
Caused by: ptolemy.kernel.util.IllegalActionException: Test fails in iteration 1.
Value was: 1.0. Should have been: 2.0
  in .DirectFeedback.Test
	at ptolemy.actor.lib.Test.fire(Test.java:268)
	at ptolemy.domains.de.kernel.DEDirector._fire(DEDirector.java:1949)
	at ptolemy.domains.de.kernel.DEDirector.fire(DEDirector.java:502)
	at ptolemy.actor.CompositeActor.fire(CompositeActor.java:455)
	at ptolemy.actor.Manager.iterate(Manager.java:851)
	at ptolemy.actor.Manager.execute(Manager.java:369)
	at ptolemy.actor.Manager.run(Manager.java:1263)
	at ptolemy.actor.Manager$PtolemyRunThread.run(Manager.java:1915)
java.lang.reflect.InvocationTargetException
	at sun.reflect.NativeConstructorAccessorImpl.newInstance0(Native Method)
	at sun.reflect.NativeConstructorAccessorImpl.newInstance(NativeConstructorAccessorImpl.java:62)
	at sun.reflect.DelegatingConstructorAccessorImpl.newInstance(DelegatingConstructorAccessorImpl.java:45)
	at java.lang.reflect.Constructor.newInstance(Constructor.java:423)
	at ptolemy.util.test.junit.AutoKnownFailedTests.RunModel(AutoKnownFailedTests.java:105)
	at sun.reflect.NativeMethodAccessorImpl.invoke0(Native Method)
	at sun.reflect.NativeMethodAccessorImpl.invoke(NativeMethodAccessorImpl.java:62)
	at sun.reflect.DelegatingMethodAccessorImpl.invoke(DelegatingMethodAccessorImpl.java:43)
	at java.lang.reflect.Method.invoke(Method.java:498)
	at org.junit.runners.model.FrameworkMethod$1.runReflectiveCall(FrameworkMethod.java:44)
	at org.junit.internal.runners.model.ReflectiveCallable.run(ReflectiveCallable.java:15)
	at org.junit.runners.model.FrameworkMethod.invokeExplosively(FrameworkMethod.java:41)
	at junitparams.internal.InvokeParameterisedMethod.evaluate(InvokeParameterisedMethod.java:102)
	at org.junit.internal.runners.statements.FailOnTimeout$1.run(FailOnTimeout.java:28)
Caused by: ptolemy.kernel.util.IllegalActionException: Test fails in iteration 1.
Value was: 1.0. Should have been: 2.0
  in .DirectFeedback.Test
	at ptolemy.actor.lib.Test.fire(Test.java:268)
	at ptolemy.domains.de.kernel.DEDirector._fire(DEDirector.java:1949)
	at ptolemy.domains.de.kernel.DEDirector.fire(DEDirector.java:502)
	at ptolemy.actor.CompositeActor.fire(CompositeActor.java:455)
	at ptolemy.actor.Manager.iterate(Manager.java:851)
	at ptolemy.actor.Manager.execute(Manager.java:369)
	at ptolemy.actor.Manager.run(Manager.java:1263)
	at ptolemy.actor.Manager$PtolemyRunThread.run(Manager.java:1915)
java.lang.RuntimeException: Execution failed
	at ptolemy.moml.MoMLSimpleApplication$UnloadThread.run(MoMLSimpleApplication.java:402)
Caused by: ptolemy.kernel.util.IllegalActionException: Found a zero delay loop containing .HierarchicalModel.A
  in .HierarchicalModel and .HierarchicalModel.A
	at ptolemy.actor.util.CausalityInterfaceForComposites._computeOutputPortDepth(CausalityInterfaceForComposites.java:759)
	at ptolemy.actor.util.CausalityInterfaceForComposites._computeInputDepth(CausalityInterfaceForComposites.java:696)
	at ptolemy.actor.util.CausalityInterfaceForComposites._computeOutputPortDepth(CausalityInterfaceForComposites.java:765)
	at ptolemy.actor.util.CausalityInterfaceForComposites._computeInputDepth(CausalityInterfaceForComposites.java:696)
	at ptolemy.actor.util.CausalityInterfaceForComposites._computeOutputPortDepth(CausalityInterfaceForComposites.java:765)
	at ptolemy.actor.util.CausalityInterfaceForComposites._computeInputDepth(CausalityInterfaceForComposites.java:696)
	at ptolemy.actor.util.CausalityInterfaceForComposites._computeActorDepth(CausalityInterfaceForComposites.java:532)
	at ptolemy.actor.util.CausalityInterfaceForComposites.checkForCycles(CausalityInterfaceForComposites.java:96)
	at ptolemy.domains.de.kernel.DEDirector.preinitialize(DEDirector.java:1338)
	at ptolemy.actor.CompositeActor.preinitialize(CompositeActor.java:1828)
	at ptolemy.actor.Manager.preinitializeAndResolveTypes(Manager.java:1040)
	at ptolemy.actor.Manager.initialize(Manager.java:710)
	at ptolemy.actor.Manager.execute(Manager.java:356)
	at ptolemy.actor.Manager.run(Manager.java:1263)
	at ptolemy.actor.Manager$PtolemyRunThread.run(Manager.java:1915)
java.lang.reflect.InvocationTargetException
	at sun.reflect.NativeConstructorAccessorImpl.newInstance0(Native Method)
	at sun.reflect.NativeConstructorAccessorImpl.newInstance(NativeConstructorAccessorImpl.java:62)
	at sun.reflect.DelegatingConstructorAccessorImpl.newInstance(DelegatingConstructorAccessorImpl.java:45)
	at java.lang.reflect.Constructor.newInstance(Constructor.java:423)
	at ptolemy.util.test.junit.AutoKnownFailedTests.RunModel(AutoKnownFailedTests.java:105)
	at sun.reflect.NativeMethodAccessorImpl.invoke0(Native Method)
	at sun.reflect.NativeMethodAccessorImpl.invoke(NativeMethodAccessorImpl.java:62)
	at sun.reflect.DelegatingMethodAccessorImpl.invoke(DelegatingMethodAccessorImpl.java:43)
	at java.lang.reflect.Method.invoke(Method.java:498)
	at org.junit.runners.model.FrameworkMethod$1.runReflectiveCall(FrameworkMethod.java:44)
	at org.junit.internal.runners.model.ReflectiveCallable.run(ReflectiveCallable.java:15)
	at org.junit.runners.model.FrameworkMethod.invokeExplosively(FrameworkMethod.java:41)
	at junitparams.internal.InvokeParameterisedMethod.evaluate(InvokeParameterisedMethod.java:102)
	at org.junit.internal.runners.statements.FailOnTimeout$1.run(FailOnTimeout.java:28)
Caused by: ptolemy.kernel.util.IllegalActionException: Found a zero delay loop containing .HierarchicalModel.A
  in .HierarchicalModel and .HierarchicalModel.A
	at ptolemy.actor.util.CausalityInterfaceForComposites._computeOutputPortDepth(CausalityInterfaceForComposites.java:759)
	at ptolemy.actor.util.CausalityInterfaceForComposites._computeInputDepth(CausalityInterfaceForComposites.java:696)
	at ptolemy.actor.util.CausalityInterfaceForComposites._computeOutputPortDepth(CausalityInterfaceForComposites.java:765)
	at ptolemy.actor.util.CausalityInterfaceForComposites._computeInputDepth(CausalityInterfaceForComposites.java:696)
	at ptolemy.actor.util.CausalityInterfaceForComposites._computeOutputPortDepth(CausalityInterfaceForComposites.java:765)
	at ptolemy.actor.util.CausalityInterfaceForComposites._computeInputDepth(CausalityInterfaceForComposites.java:696)
	at ptolemy.actor.util.CausalityInterfaceForComposites._computeActorDepth(CausalityInterfaceForComposites.java:532)
	at ptolemy.actor.util.CausalityInterfaceForComposites.checkForCycles(CausalityInterfaceForComposites.java:96)
	at ptolemy.domains.de.kernel.DEDirector.preinitialize(DEDirector.java:1338)
	at ptolemy.actor.CompositeActor.preinitialize(CompositeActor.java:1828)
	at ptolemy.actor.Manager.preinitializeAndResolveTypes(Manager.java:1040)
	at ptolemy.actor.Manager.initialize(Manager.java:710)
	at ptolemy.actor.Manager.execute(Manager.java:356)
	at ptolemy.actor.Manager.run(Manager.java:1263)
	at ptolemy.actor.Manager$PtolemyRunThread.run(Manager.java:1915)
java.lang.RuntimeException: Execution failed
	at ptolemy.moml.MoMLSimpleApplication$UnloadThread.run(MoMLSimpleApplication.java:402)
Caused by: ptolemy.kernel.util.IllegalActionException: Found a zero delay loop containing .dependencyLoop.original
  in .dependencyLoop and .dependencyLoop.original
	at ptolemy.actor.util.CausalityInterfaceForComposites._computeOutputPortDepth(CausalityInterfaceForComposites.java:759)
	at ptolemy.actor.util.CausalityInterfaceForComposites._computeInputDepth(CausalityInterfaceForComposites.java:696)
	at ptolemy.actor.util.CausalityInterfaceForComposites._computeOutputPortDepth(CausalityInterfaceForComposites.java:765)
	at ptolemy.actor.util.CausalityInterfaceForComposites._computeInputDepth(CausalityInterfaceForComposites.java:696)
	at ptolemy.actor.util.CausalityInterfaceForComposites._computeOutputPortDepth(CausalityInterfaceForComposites.java:765)
	at ptolemy.actor.util.CausalityInterfaceForComposites._computeInputDepth(CausalityInterfaceForComposites.java:696)
	at ptolemy.actor.util.CausalityInterfaceForComposites._computeActorDepth(CausalityInterfaceForComposites.java:532)
	at ptolemy.actor.util.CausalityInterfaceForComposites.checkForCycles(CausalityInterfaceForComposites.java:96)
	at ptolemy.domains.de.kernel.DEDirector.preinitialize(DEDirector.java:1338)
	at ptolemy.actor.CompositeActor.preinitialize(CompositeActor.java:1828)
	at ptolemy.actor.Manager.preinitializeAndResolveTypes(Manager.java:1040)
	at ptolemy.actor.Manager.initialize(Manager.java:710)
	at ptolemy.actor.Manager.execute(Manager.java:356)
	at ptolemy.actor.Manager.run(Manager.java:1263)
	at ptolemy.actor.Manager$PtolemyRunThread.run(Manager.java:1915)
java.lang.reflect.InvocationTargetException
	at sun.reflect.NativeConstructorAccessorImpl.newInstance0(Native Method)
	at sun.reflect.NativeConstructorAccessorImpl.newInstance(NativeConstructorAccessorImpl.java:62)
	at sun.reflect.DelegatingConstructorAccessorImpl.newInstance(DelegatingConstructorAccessorImpl.java:45)
	at java.lang.reflect.Constructor.newInstance(Constructor.java:423)
	at ptolemy.util.test.junit.AutoKnownFailedTests.RunModel(AutoKnownFailedTests.java:105)
	at sun.reflect.NativeMethodAccessorImpl.invoke0(Native Method)
	at sun.reflect.NativeMethodAccessorImpl.invoke(NativeMethodAccessorImpl.java:62)
	at sun.reflect.DelegatingMethodAccessorImpl.invoke(DelegatingMethodAccessorImpl.java:43)
	at java.lang.reflect.Method.invoke(Method.java:498)
	at org.junit.runners.model.FrameworkMethod$1.runReflectiveCall(FrameworkMethod.java:44)
	at org.junit.internal.runners.model.ReflectiveCallable.run(ReflectiveCallable.java:15)
	at org.junit.runners.model.FrameworkMethod.invokeExplosively(FrameworkMethod.java:41)
	at junitparams.internal.InvokeParameterisedMethod.evaluate(InvokeParameterisedMethod.java:102)
	at org.junit.internal.runners.statements.FailOnTimeout$1.run(FailOnTimeout.java:28)
Caused by: ptolemy.kernel.util.IllegalActionException: Found a zero delay loop containing .dependencyLoop.original
  in .dependencyLoop and .dependencyLoop.original
	at ptolemy.actor.util.CausalityInterfaceForComposites._computeOutputPortDepth(CausalityInterfaceForComposites.java:759)
	at ptolemy.actor.util.CausalityInterfaceForComposites._computeInputDepth(CausalityInterfaceForComposites.java:696)
	at ptolemy.actor.util.CausalityInterfaceForComposites._computeOutputPortDepth(CausalityInterfaceForComposites.java:765)
	at ptolemy.actor.util.CausalityInterfaceForComposites._computeInputDepth(CausalityInterfaceForComposites.java:696)
	at ptolemy.actor.util.CausalityInterfaceForComposites._computeOutputPortDepth(CausalityInterfaceForComposites.java:765)
	at ptolemy.actor.util.CausalityInterfaceForComposites._computeInputDepth(CausalityInterfaceForComposites.java:696)
	at ptolemy.actor.util.CausalityInterfaceForComposites._computeActorDepth(CausalityInterfaceForComposites.java:532)
	at ptolemy.actor.util.CausalityInterfaceForComposites.checkForCycles(CausalityInterfaceForComposites.java:96)
	at ptolemy.domains.de.kernel.DEDirector.preinitialize(DEDirector.java:1338)
	at ptolemy.actor.CompositeActor.preinitialize(CompositeActor.java:1828)
	at ptolemy.actor.Manager.preinitializeAndResolveTypes(Manager.java:1040)
	at ptolemy.actor.Manager.initialize(Manager.java:710)
	at ptolemy.actor.Manager.execute(Manager.java:356)
	at ptolemy.actor.Manager.run(Manager.java:1263)
	at ptolemy.actor.Manager$PtolemyRunThread.run(Manager.java:1915)
java.lang.RuntimeException: Execution failed
	at ptolemy.moml.MoMLSimpleApplication$UnloadThread.run(MoMLSimpleApplication.java:402)
Caused by: ptolemy.kernel.util.IllegalActionException: Found a zero delay loop containing .dependencyLoop2.original
  in .dependencyLoop2 and .dependencyLoop2.original
	at ptolemy.actor.util.CausalityInterfaceForComposites._computeOutputPortDepth(CausalityInterfaceForComposites.java:759)
	at ptolemy.actor.util.CausalityInterfaceForComposites._computeInputDepth(CausalityInterfaceForComposites.java:696)
	at ptolemy.actor.util.CausalityInterfaceForComposites._computeOutputPortDepth(CausalityInterfaceForComposites.java:765)
	at ptolemy.actor.util.CausalityInterfaceForComposites._computeInputDepth(CausalityInterfaceForComposites.java:696)
	at ptolemy.actor.util.CausalityInterfaceForComposites._computeOutputPortDepth(CausalityInterfaceForComposites.java:765)
	at ptolemy.actor.util.CausalityInterfaceForComposites._computeInputDepth(CausalityInterfaceForComposites.java:696)
	at ptolemy.actor.util.CausalityInterfaceForComposites._computeActorDepth(CausalityInterfaceForComposites.java:532)
	at ptolemy.actor.util.CausalityInterfaceForComposites.checkForCycles(CausalityInterfaceForComposites.java:96)
	at ptolemy.domains.de.kernel.DEDirector.preinitialize(DEDirector.java:1338)
	at ptolemy.actor.CompositeActor.preinitialize(CompositeActor.java:1828)
	at ptolemy.actor.Manager.preinitializeAndResolveTypes(Manager.java:1040)
	at ptolemy.actor.Manager.initialize(Manager.java:710)
	at ptolemy.actor.Manager.execute(Manager.java:356)
	at ptolemy.actor.Manager.run(Manager.java:1263)
	at ptolemy.actor.Manager$PtolemyRunThread.run(Manager.java:1915)
java.lang.reflect.InvocationTargetException
	at sun.reflect.NativeConstructorAccessorImpl.newInstance0(Native Method)
	at sun.reflect.NativeConstructorAccessorImpl.newInstance(NativeConstructorAccessorImpl.java:62)
	at sun.reflect.DelegatingConstructorAccessorImpl.newInstance(DelegatingConstructorAccessorImpl.java:45)
	at java.lang.reflect.Constructor.newInstance(Constructor.java:423)
	at ptolemy.util.test.junit.AutoKnownFailedTests.RunModel(AutoKnownFailedTests.java:105)
	at sun.reflect.NativeMethodAccessorImpl.invoke0(Native Method)
	at sun.reflect.NativeMethodAccessorImpl.invoke(NativeMethodAccessorImpl.java:62)
	at sun.reflect.DelegatingMethodAccessorImpl.invoke(DelegatingMethodAccessorImpl.java:43)
	at java.lang.reflect.Method.invoke(Method.java:498)
	at org.junit.runners.model.FrameworkMethod$1.runReflectiveCall(FrameworkMethod.java:44)
	at org.junit.internal.runners.model.ReflectiveCallable.run(ReflectiveCallable.java:15)
	at org.junit.runners.model.FrameworkMethod.invokeExplosively(FrameworkMethod.java:41)
	at junitparams.internal.InvokeParameterisedMethod.evaluate(InvokeParameterisedMethod.java:102)
	at org.junit.internal.runners.statements.FailOnTimeout$1.run(FailOnTimeout.java:28)
Caused by: ptolemy.kernel.util.IllegalActionException: Found a zero delay loop containing .dependencyLoop2.original
  in .dependencyLoop2 and .dependencyLoop2.original
	at ptolemy.actor.util.CausalityInterfaceForComposites._computeOutputPortDepth(CausalityInterfaceForComposites.java:759)
	at ptolemy.actor.util.CausalityInterfaceForComposites._computeInputDepth(CausalityInterfaceForComposites.java:696)
	at ptolemy.actor.util.CausalityInterfaceForComposites._computeOutputPortDepth(CausalityInterfaceForComposites.java:765)
	at ptolemy.actor.util.CausalityInterfaceForComposites._computeInputDepth(CausalityInterfaceForComposites.java:696)
	at ptolemy.actor.util.CausalityInterfaceForComposites._computeOutputPortDepth(CausalityInterfaceForComposites.java:765)
	at ptolemy.actor.util.CausalityInterfaceForComposites._computeInputDepth(CausalityInterfaceForComposites.java:696)
	at ptolemy.actor.util.CausalityInterfaceForComposites._computeActorDepth(CausalityInterfaceForComposites.java:532)
	at ptolemy.actor.util.CausalityInterfaceForComposites.checkForCycles(CausalityInterfaceForComposites.java:96)
	at ptolemy.domains.de.kernel.DEDirector.preinitialize(DEDirector.java:1338)
	at ptolemy.actor.CompositeActor.preinitialize(CompositeActor.java:1828)
	at ptolemy.actor.Manager.preinitializeAndResolveTypes(Manager.java:1040)
	at ptolemy.actor.Manager.initialize(Manager.java:710)
	at ptolemy.actor.Manager.execute(Manager.java:356)
	at ptolemy.actor.Manager.run(Manager.java:1263)
	at ptolemy.actor.Manager$PtolemyRunThread.run(Manager.java:1915)
]]></system-err>
</testsuite>
