<?xml version="1.0" encoding="UTF-8" ?>
<testsuite errors="0" failures="0" hostname="travis-job-fb11053e-661c-45b0-a077-441ced972727" name="ptolemy.vergil.basic.export.test.junit.ExportModelJUnitTestBatch2" skipped="0" tests="60" time="1958.533" timestamp="2020-01-20T07:15:25">
  <properties>
[...]
</properties>
  <testcase classname="ptolemy.vergil.basic.export.test.junit.ExportModelJUnitTestBatch2" name="[0] ptolemy/actor/lib/javasound/demo/KarplusStrong/KarplusStrong.xml (RunExportModel)" time="6.285" />
  <testcase classname="ptolemy.vergil.basic.export.test.junit.ExportModelJUnitTestBatch2" name="[1] ptolemy/actor/lib/jjs/demo/Factorial/Factorial.xml (RunExportModel)" time="20.865" />
  <testcase classname="ptolemy.vergil.basic.export.test.junit.ExportModelJUnitTestBatch2" name="[2] ptolemy/actor/lib/jjs/demo/JavaScriptShell/JavaScriptShell.xml (RunExportModel)" time="11.072" />
  <testcase classname="ptolemy.vergil.basic.export.test.junit.ExportModelJUnitTestBatch2" name="[3] ptolemy/actor/lib/jjs/demo/ModelBuilder/ModelBuilder.xml (RunExportModel)" time="21.418" />
  <testcase classname="ptolemy.vergil.basic.export.test.junit.ExportModelJUnitTestBatch2" name="[4] ptolemy/actor/lib/jjs/modules/aprilTags/demo/AprilTags/AprilTags.xml (RunExportModel)" time="47.754" />
  <testcase classname="ptolemy.vergil.basic.export.test.junit.ExportModelJUnitTestBatch2" name="[5] ptolemy/actor/lib/jjs/modules/aprilTags/demo/Kubi/Kubi.xml (RunExportModel)" time="53.874" />
  <testcase classname="ptolemy.vergil.basic.export.test.junit.ExportModelJUnitTestBatch2" name="[6] ptolemy/actor/lib/jjs/modules/audio/demo/Audio/Audio.xml (RunExportModel)" time="8.26" />
  <testcase classname="ptolemy.vergil.basic.export.test.junit.ExportModelJUnitTestBatch2" name="[7] ptolemy/actor/lib/jjs/modules/audio/demo/Audio/AudioCapture.xml (RunExportModel)" time="11.359" />
  <testcase classname="ptolemy.vergil.basic.export.test.junit.ExportModelJUnitTestBatch2" name="[8] ptolemy/actor/lib/jjs/modules/audio/demo/Audio/AudioClipPlayer.xml (RunExportModel)" time="10.036" />
  <testcase classname="ptolemy.vergil.basic.export.test.junit.ExportModelJUnitTestBatch2" name="[9] ptolemy/actor/lib/jjs/modules/audio/demo/Audio/AudioRecorder.xml (RunExportModel)" time="13.833" />
  <testcase classname="ptolemy.vergil.basic.export.test.junit.ExportModelJUnitTestBatch2" name="[10] ptolemy/actor/lib/jjs/modules/audio/demo/Audio/AudioSynthesis.xml (RunExportModel)" time="11.474" />
  <testcase classname="ptolemy.vergil.basic.export.test.junit.ExportModelJUnitTestBatch2" name="[11] ptolemy/actor/lib/jjs/modules/audio/demo/Audio/SpeechSynthesis.xml (RunExportModel)" time="48.587" />
  <testcase classname="ptolemy.vergil.basic.export.test.junit.ExportModelJUnitTestBatch2" name="[12] ptolemy/actor/lib/jjs/modules/cameras/demo/Camera/Camera.xml (RunExportModel)" time="42.58" />
  <testcase classname="ptolemy.vergil.basic.export.test.junit.ExportModelJUnitTestBatch2" name="[13] ptolemy/actor/lib/jjs/modules/cameras/demo/Camera/CaptureOpenLoop.xml (RunExportModel)" time="38.077" />
  <testcase classname="ptolemy.vergil.basic.export.test.junit.ExportModelJUnitTestBatch2" name="[14] ptolemy/actor/lib/jjs/modules/cameras/demo/CameraWebSocket/CameraWebSocket.xml (RunExportModel)" time="46.462" />
  <testcase classname="ptolemy.vergil.basic.export.test.junit.ExportModelJUnitTestBatch2" name="[15] ptolemy/actor/lib/jjs/modules/cameras/demo/Foscam/Foscam.xml (RunExportModel)" time="41.376" />
  <testcase classname="ptolemy.vergil.basic.export.test.junit.ExportModelJUnitTestBatch2" name="[16] ptolemy/actor/lib/jjs/modules/computerVision/demo/ComputerVision/ComputerVision.xml (RunExportModel)" time="66.607" />
  <testcase classname="ptolemy.vergil.basic.export.test.junit.ExportModelJUnitTestBatch2" name="[17] ptolemy/actor/lib/jjs/modules/contextAware/demo/ContextAware/ContextAware.xml (RunExportModel)" time="10.725" />
  <testcase classname="ptolemy.vergil.basic.export.test.junit.ExportModelJUnitTestBatch2" name="[18] ptolemy/actor/lib/jjs/modules/crypto/demo/AsymmetricEncrypt/AsymmetricEncrypt.xml (RunExportModel)" time="56.322" />
  <testcase classname="ptolemy.vergil.basic.export.test.junit.ExportModelJUnitTestBatch2" name="[19] ptolemy/actor/lib/jjs/modules/crypto/demo/MessageDigest/MessageDigest.xml (RunExportModel)" time="34.918" />
  <testcase classname="ptolemy.vergil.basic.export.test.junit.ExportModelJUnitTestBatch2" name="[20] ptolemy/actor/lib/jjs/modules/crypto/demo/RandomBytes/RandomBytes.xml (RunExportModel)" time="16.5" />
  <testcase classname="ptolemy.vergil.basic.export.test.junit.ExportModelJUnitTestBatch2" name="[21] ptolemy/actor/lib/jjs/modules/crypto/demo/SymmetricEncrypt/SymmetricEncrypt.xml (RunExportModel)" time="25.899" />
  <testcase classname="ptolemy.vergil.basic.export.test.junit.ExportModelJUnitTestBatch2" name="[22] ptolemy/actor/lib/jjs/modules/discovery/demo/Discovery/Discovery.xml (RunExportModel)" time="8.221" />
  <testcase classname="ptolemy.vergil.basic.export.test.junit.ExportModelJUnitTestBatch2" name="[23] ptolemy/actor/lib/jjs/modules/discovery/demo/Discovery/DiscoveryJS.xml (RunExportModel)" time="30.052" />
  <testcase classname="ptolemy.vergil.basic.export.test.junit.ExportModelJUnitTestBatch2" name="[24] ptolemy/actor/lib/jjs/modules/discovery/demo/Discovery/PopulateSwarmboxMap.xml (RunExportModel)" time="58.384" />
  <testcase classname="ptolemy.vergil.basic.export.test.junit.ExportModelJUnitTestBatch2" name="[25] ptolemy/actor/lib/jjs/modules/discovery/demo/Discovery/PostSwarmboxDevices.xml (RunExportModel)" time="44.364" />
  <testcase classname="ptolemy.vergil.basic.export.test.junit.ExportModelJUnitTestBatch2" name="[26] ptolemy/actor/lib/jjs/modules/discovery/demo/Heartbeat/Heartbeat.xml (RunExportModel)" time="31.299" />
  <testcase classname="ptolemy.vergil.basic.export.test.junit.ExportModelJUnitTestBatch2" name="[27] ptolemy/actor/lib/jjs/modules/dsp/demo/AudioFFT/AudioFFT.xml (RunExportModel)" time="12.914" />
  <testcase classname="ptolemy.vergil.basic.export.test.junit.ExportModelJUnitTestBatch2" name="[28] ptolemy/actor/lib/jjs/modules/dsp/demo/AudioFFT/SinusoidFFT.xml (RunExportModel)" time="17.87" />
  <testcase classname="ptolemy.vergil.basic.export.test.junit.ExportModelJUnitTestBatch2" name="[29] ptolemy/actor/lib/jjs/modules/eventbus/demo/VertxBus/VertxBus.xml (RunExportModel)" time="28.9" />
  <testcase classname="ptolemy.vergil.basic.export.test.junit.ExportModelJUnitTestBatch2" name="[30] ptolemy/actor/lib/jjs/modules/eventbus/demo/VertxChat/VertxChat.xml (RunExportModel)" time="14.764" />
  <testcase classname="ptolemy.vergil.basic.export.test.junit.ExportModelJUnitTestBatch2" name="[31] ptolemy/actor/lib/jjs/modules/faceDetector/demo/FaceDetector/FaceDetector.xml (RunExportModel)" time="14.739" />
  <testcase classname="ptolemy.vergil.basic.export.test.junit.ExportModelJUnitTestBatch2" name="[32] ptolemy/actor/lib/jjs/modules/faceDetector/demo/FaceDetectorCamera/FaceDetectorCamera.xml (RunExportModel)" time="43.308" />
  <testcase classname="ptolemy.vergil.basic.export.test.junit.ExportModelJUnitTestBatch2" name="[33] ptolemy/actor/lib/jjs/modules/faceDetector/demo/OccupancyCount/OccupancyCount.xml (RunExportModel)" time="42.271" />
  <testcase classname="ptolemy.vergil.basic.export.test.junit.ExportModelJUnitTestBatch2" name="[34] ptolemy/actor/lib/jjs/modules/httpClient/demo/REST/REST.xml (RunExportModel)" time="8.169" />
  <testcase classname="ptolemy.vergil.basic.export.test.junit.ExportModelJUnitTestBatch2" name="[35] ptolemy/actor/lib/jjs/modules/httpClient/demo/REST/RESTSimple.xml (RunExportModel)" time="14.631" />
  <testcase classname="ptolemy.vergil.basic.export.test.junit.ExportModelJUnitTestBatch2" name="[36] ptolemy/actor/lib/jjs/modules/httpClient/demo/REST/Weather.xml (RunExportModel)" time="13.018" />
  <testcase classname="ptolemy.vergil.basic.export.test.junit.ExportModelJUnitTestBatch2" name="[37] ptolemy/actor/lib/jjs/modules/httpServer/demo/HttpServer/HttpServer.xml (RunExportModel)" time="40.594" />
  <testcase classname="ptolemy.vergil.basic.export.test.junit.ExportModelJUnitTestBatch2" name="[38] ptolemy/actor/lib/jjs/modules/httpServer/demo/KeyValueStoreClient/KeyValueStoreClient.xml (RunExportModel)" time="44.113" />
  <testcase classname="ptolemy.vergil.basic.export.test.junit.ExportModelJUnitTestBatch2" name="[39] ptolemy/actor/lib/jjs/modules/httpServer/demo/KeyValueStoreClient/KeyValueStoreServer.xml (RunExportModel)" time="50.044" />
  <testcase classname="ptolemy.vergil.basic.export.test.junit.ExportModelJUnitTestBatch2" name="[40] ptolemy/actor/lib/jjs/modules/httpServer/demo/KeyValueStoreClient/KeyValueStoreServerTerra.xml (RunExportModel)" time="51.051" />
  <testcase classname="ptolemy.vergil.basic.export.test.junit.ExportModelJUnitTestBatch2" name="[41] ptolemy/actor/lib/jjs/modules/httpServer/demo/WebServer/WebServer.xml (RunExportModel)" time="45.716" />
  <testcase classname="ptolemy.vergil.basic.export.test.junit.ExportModelJUnitTestBatch2" name="[42] ptolemy/actor/lib/jjs/modules/imageFilters/demo/ImageAnnotate/ImageAnnotate.xml (RunExportModel)" time="44.479" />
  <testcase classname="ptolemy.vergil.basic.export.test.junit.ExportModelJUnitTestBatch2" name="[43] ptolemy/actor/lib/jjs/modules/imageFilters/demo/ImageFilters/Annotate.xml (RunExportModel)" time="39.896" />
  <testcase classname="ptolemy.vergil.basic.export.test.junit.ExportModelJUnitTestBatch2" name="[44] ptolemy/actor/lib/jjs/modules/imageFilters/demo/ImageFilters/Average.xml (RunExportModel)" time="39.723" />
  <testcase classname="ptolemy.vergil.basic.export.test.junit.ExportModelJUnitTestBatch2" name="[45] ptolemy/actor/lib/jjs/modules/imageFilters/demo/ImageFilters/BicubicScale.xml (RunExportModel)" time="38.957" />
  <testcase classname="ptolemy.vergil.basic.export.test.junit.ExportModelJUnitTestBatch2" name="[46] ptolemy/actor/lib/jjs/modules/imageFilters/demo/ImageFilters/Block.xml (RunExportModel)" time="39.382" />
  <testcase classname="ptolemy.vergil.basic.export.test.junit.ExportModelJUnitTestBatch2" name="[47] ptolemy/actor/lib/jjs/modules/imageFilters/demo/ImageFilters/Border.xml (RunExportModel)" time="40.124" />
  <testcase classname="ptolemy.vergil.basic.export.test.junit.ExportModelJUnitTestBatch2" name="[48] ptolemy/actor/lib/jjs/modules/imageFilters/demo/ImageFilters/BoxBlur.xml (RunExportModel)" time="39.896" />
  <testcase classname="ptolemy.vergil.basic.export.test.junit.ExportModelJUnitTestBatch2" name="[49] ptolemy/actor/lib/jjs/modules/imageFilters/demo/ImageFilters/Bump.xml (RunExportModel)" time="40.266" />
  <testcase classname="ptolemy.vergil.basic.export.test.junit.ExportModelJUnitTestBatch2" name="[50] ptolemy/actor/lib/jjs/modules/imageFilters/demo/ImageFilters/ChannelMix.xml (RunExportModel)" time="39.995" />
  <testcase classname="ptolemy.vergil.basic.export.test.junit.ExportModelJUnitTestBatch2" name="[51] ptolemy/actor/lib/jjs/modules/imageFilters/demo/ImageFilters/Chrome.xml (RunExportModel)" time="42.708" />
  <testcase classname="ptolemy.vergil.basic.export.test.junit.ExportModelJUnitTestBatch2" name="[52] ptolemy/actor/lib/jjs/modules/imageFilters/demo/ImageFilters/Circle.xml (RunExportModel)" time="40.272" />
  <testcase classname="ptolemy.vergil.basic.export.test.junit.ExportModelJUnitTestBatch2" name="[53] ptolemy/actor/lib/jjs/modules/imageFilters/demo/ImageFilters/ColorHalftone.xml (RunExportModel)" time="41.14" />
  <testcase classname="ptolemy.vergil.basic.export.test.junit.ExportModelJUnitTestBatch2" name="[54] ptolemy/actor/lib/jjs/modules/imageFilters/demo/ImageFilters/Contour.xml (RunExportModel)" time="40.9" />
  <testcase classname="ptolemy.vergil.basic.export.test.junit.ExportModelJUnitTestBatch2" name="[55] ptolemy/actor/lib/jjs/modules/imageFilters/demo/ImageFilters/Contrast.xml (RunExportModel)" time="41.99" />
  <testcase classname="ptolemy.vergil.basic.export.test.junit.ExportModelJUnitTestBatch2" name="[56] ptolemy/actor/lib/jjs/modules/imageFilters/demo/ImageFilters/Crop.xml (RunExportModel)" time="39.942" />
  <testcase classname="ptolemy.vergil.basic.export.test.junit.ExportModelJUnitTestBatch2" name="[57] ptolemy/actor/lib/jjs/modules/imageFilters/demo/ImageFilters/Crystallize.xml (RunExportModel)" time="40.333" />
  <testcase classname="ptolemy.vergil.basic.export.test.junit.ExportModelJUnitTestBatch2" name="[58] ptolemy/actor/lib/jjs/modules/imageFilters/demo/ImageFilters/Gray.xml (RunExportModel)" time="41.407" />
  <testcase classname="ptolemy.vergil.basic.export.test.junit.ExportModelJUnitTestBatch2" name="[59] ptolemy/actor/lib/jjs/modules/imageFilters/demo/ImageFilters/ImageFilters.xml (RunExportModel)" time="8.163" />
  <system-out><![CDATA[ExportModeJUnitTestBatch: There are 741 demos. Exporting demos: 141 to 200.
####### 1 Mon Jan 20 07:15:25 UTC 2020 $PTII/bin/ptinvoke ptolemy.vergil.basic.export.ExportModel -force htm  -openComposites -timeOut 30000 -whiteBackground ptolemy/actor/lib/javasound/demo/KarplusStrong/KarplusStrong.xml $PTII/ptolemy/actor/lib/javasound/demo/KarplusStrong/KarplusStrong
Warning: not running ptolemy/actor/lib/javasound/demo/KarplusStrong/KarplusStrong.xml. See ptolemy/vergil/basic/export/test/junit/ExportModelJUnitTest.java
Exported /home/travis/build/icyphy/ptII/ptolemy/actor/lib/javasound/demo/KarplusStrong/KarplusStrong/index.html
6172 ms. Memory: 129024K Free: 74556K (58%)
####### 2 Mon Jan 20 07:15:31 UTC 2020 $PTII/bin/ptinvoke ptolemy.vergil.basic.export.ExportModel -force htm -run -openComposites -timeOut 30000 -whiteBackground ptolemy/actor/lib/jjs/demo/Factorial/Factorial.xml $PTII/ptolemy/actor/lib/jjs/demo/Factorial/Factorial
----------------- Mon Jan 20 07:15:31 UTC 2020 About to sleep for 5.0 seconds before running or rerunning.  Test is: /home/travis/build/icyphy/ptII/ptolemy/actor/lib/jjs/demo/Factorial/Factorial.xml
Done sleeping
Running .Factorial
4814 ms. Memory: 225280K Free: 139175K (62%)
Exported /home/travis/build/icyphy/ptII/ptolemy/actor/lib/jjs/demo/Factorial/Factorial/index.html
15848 ms. Memory: 225280K Free: 109479K (49%)
####### 3 Mon Jan 20 07:15:52 UTC 2020 $PTII/bin/ptinvoke ptolemy.vergil.basic.export.ExportModel -force htm -run -openComposites -timeOut 30000 -whiteBackground ptolemy/actor/lib/jjs/demo/JavaScriptShell/JavaScriptShell.xml $PTII/ptolemy/actor/lib/jjs/demo/JavaScriptShell/JavaScriptShell
----------------- Mon Jan 20 07:15:52 UTC 2020 About to sleep for 5.0 seconds before running or rerunning.  Test is: /home/travis/build/icyphy/ptII/ptolemy/actor/lib/jjs/demo/JavaScriptShell/JavaScriptShell.xml
Done sleeping
.JavaScriptShell.InteractiveShell invoked SwingUtilities.invokeAndWait()
Model ".JavaScriptShell" contains actors such cannot be run  as part of the export process from ExportModel or it has a WebExportParameters value that runBeforeExport set to false. To export run this model and export it, use vergil.
Exported /home/travis/build/icyphy/ptII/ptolemy/actor/lib/jjs/demo/JavaScriptShell/JavaScriptShell/index.html
6071 ms. Memory: 270336K Free: 102444K (38%)
####### 4 Mon Jan 20 07:16:03 UTC 2020 $PTII/bin/ptinvoke ptolemy.vergil.basic.export.ExportModel -force htm -run -openComposites -timeOut 30000 -whiteBackground ptolemy/actor/lib/jjs/demo/ModelBuilder/ModelBuilder.xml $PTII/ptolemy/actor/lib/jjs/demo/ModelBuilder/ModelBuilder
----------------- Mon Jan 20 07:16:03 UTC 2020 About to sleep for 5.0 seconds before running or rerunning.  Test is: /home/travis/build/icyphy/ptII/ptolemy/actor/lib/jjs/demo/ModelBuilder/ModelBuilder.xml
Done sleeping
Running .ModelBuilder
0
1
2
3
4
5
6
7
8
9
10
11
12
13
14
15
16
17
18
19
20
21
22
23
24
25
26
27
28
29
30
31
32
33
34
35
36
37
38
39
40
41
42
43
44
45
46
47
48
49
50
51
52
53
54
55
56
57
58
59
60
61
62
63
64
65
66
67
68
69
70
71
72
73
74
75
76
77
78
79
80
81
82
83
84
85
86
87
88
89
90
91
92
93
94
95
96
97
98
99
49 ms. Memory: 390144K Free: 126539K (32%)
7612 ms. Memory: 390144K Free: 113737K (29%)
Exported /home/travis/build/icyphy/ptII/ptolemy/actor/lib/jjs/demo/ModelBuilder/ModelBuilder/index.html
16417 ms. Memory: 520192K Free: 382110K (73%)
####### 5 Mon Jan 20 07:16:24 UTC 2020 $PTII/bin/ptinvoke ptolemy.vergil.basic.export.ExportModel -force htm -run -openComposites -timeOut 30000 -whiteBackground ptolemy/actor/lib/jjs/modules/aprilTags/demo/AprilTags/AprilTags.xml $PTII/ptolemy/actor/lib/jjs/modules/aprilTags/demo/AprilTags/AprilTags
----------------- Mon Jan 20 07:16:24 UTC 2020 About to sleep for 5.0 seconds before running or rerunning.  Test is: /home/travis/build/icyphy/ptII/ptolemy/actor/lib/jjs/modules/aprilTags/demo/AprilTags/AprilTags.xml
Done sleeping
JSAccessor: PT_NO_NET environment variable is set, so git pull and ptdoc are not being run.
No physical cameras found, using WebcamDummyDriver.
Running .AprilTags
ExportHTMLTimer went off after 30000 ms., calling getDirector().finish and getDirector().stopFire()
30097 ms. Memory: 3274752K Free: 2536088K (77%)
Exported /home/travis/build/icyphy/ptII/ptolemy/actor/lib/jjs/modules/aprilTags/demo/AprilTags/AprilTags/index.html
42753 ms. Memory: 3274752K Free: 2509443K (77%)
####### 6 Mon Jan 20 07:17:12 UTC 2020 $PTII/bin/ptinvoke ptolemy.vergil.basic.export.ExportModel -force htm -run -openComposites -timeOut 30000 -whiteBackground ptolemy/actor/lib/jjs/modules/aprilTags/demo/Kubi/Kubi.xml $PTII/ptolemy/actor/lib/jjs/modules/aprilTags/demo/Kubi/Kubi
----------------- Mon Jan 20 07:17:12 UTC 2020 About to sleep for 5.0 seconds before running or rerunning.  Test is: /home/travis/build/icyphy/ptII/ptolemy/actor/lib/jjs/modules/aprilTags/demo/Kubi/Kubi.xml
Done sleeping
Opened file:/home/travis/build/icyphy/ptII/ptolemy/actor/lib/jjs/modules/aprilTags/demo/Kubi/Kubi.xml in 14445 ms.
Size Statistics for .Kubi
AtomicEntities: 11
CompositeEntities: 0
OpaqueCompositeEntities: 0
Relations: 8
Attributes: 107
Atomic Actor Names and Counts:
ptolemy.actor.lib.jjs.JavaScript 4
org.terraswarm.accessor.JSAccessor 3
ptolemy.actor.lib.image.ImageDisplay 2
ptolemy.actor.lib.gui.MonitorValue 1
ptolemy.actor.lib.gui.TimedDisplay 1

Composite Entity Depths and Counts:

Running .Kubi
preinitialize() finished: 13282 ms. Memory: 3274752K Free: 2913325K (89%)
Kubi: Kubi.js: Initializing... (Thread[AWT-EventQueue-0,6,main])
Kubi: Kubi.js: Handler added (Thread[AWT-EventQueue-0,6,main])
Kubi: Kubi.js: Connecting... (Thread[AWT-EventQueue-0,6,main])
Kubi2: Kubi.js: Initializing... (Thread[AWT-EventQueue-0,6,main])
Kubi2: Kubi.js: Handler added (Thread[AWT-EventQueue-0,6,main])
Kubi2: Kubi.js: Connecting... (Thread[AWT-EventQueue-0,6,main])
Manager.initialize() finished: 21172 ms. Memory: 3274752K Free: 2272256K (69%)
ExportHTMLTimer went off after 30000 ms., calling getDirector().finish and getDirector().stopFire()
30114 ms. Memory: 3274752K Free: 2669054K (82%)
Exported /home/travis/build/icyphy/ptII/ptolemy/actor/lib/jjs/modules/aprilTags/demo/Kubi/Kubi/index.html
48872 ms. Memory: 3274752K Free: 2626487K (80%)
####### 7 Mon Jan 20 07:18:06 UTC 2020 $PTII/bin/ptinvoke ptolemy.vergil.basic.export.ExportModel -force htm  -openComposites -timeOut 30000 -whiteBackground ptolemy/actor/lib/jjs/modules/audio/demo/Audio/Audio.xml $PTII/ptolemy/actor/lib/jjs/modules/audio/demo/Audio/Audio
Warning: not running ptolemy/actor/lib/jjs/modules/audio/demo/Audio/Audio.xml. See ptolemy/vergil/basic/export/test/junit/ExportModelJUnitTest.java
----------------- Mon Jan 20 07:18:06 UTC 2020 About to sleep for 5.0 seconds before running or rerunning.  Test is: /home/travis/build/icyphy/ptII/ptolemy/actor/lib/jjs/modules/audio/demo/Audio/Audio.xml
Done sleeping
Exported /home/travis/build/icyphy/ptII/ptolemy/actor/lib/jjs/modules/audio/demo/Audio/Audio/index.html
3258 ms. Memory: 3274752K Free: 2514413K (77%)
####### 8 Mon Jan 20 07:18:14 UTC 2020 $PTII/bin/ptinvoke ptolemy.vergil.basic.export.ExportModel -force htm  -openComposites -timeOut 30000 -whiteBackground ptolemy/actor/lib/jjs/modules/audio/demo/Audio/AudioCapture.xml $PTII/ptolemy/actor/lib/jjs/modules/audio/demo/Audio/AudioCapture
Warning: not running ptolemy/actor/lib/jjs/modules/audio/demo/Audio/AudioCapture.xml. See ptolemy/vergil/basic/export/test/junit/ExportModelJUnitTest.java
----------------- Mon Jan 20 07:18:14 UTC 2020 About to sleep for 5.0 seconds before running or rerunning.  Test is: /home/travis/build/icyphy/ptII/ptolemy/actor/lib/jjs/modules/audio/demo/Audio/AudioCapture.xml
Done sleeping
Prism pipeline init order: es2 sw 
Using Double Precision Marlin Rasterizer
Using dirty region optimizations
Not using texture mask for primitives
Not forcing power of 2 sizes for textures
Using hardware CLAMP_TO_ZERO mode
Opting in for HiDPI pixel scaling
Prism pipeline name = com.sun.prism.es2.ES2Pipeline
Loading ES2 native library ... prism_es2
	succeeded.
GLFactory using com.sun.prism.es2.X11GLFactory
(X) Got class = class com.sun.prism.es2.ES2Pipeline
Prism pipeline name = com.sun.prism.sw.SWPipeline
(X) Got class = class com.sun.prism.sw.SWPipeline
Initialized prism pipeline: com.sun.prism.sw.SWPipeline
Exported /home/travis/build/icyphy/ptII/ptolemy/actor/lib/jjs/modules/audio/demo/Audio/AudioCapture/index.html
6357 ms. Memory: 3274752K Free: 2654143K (81%)
####### 9 Mon Jan 20 07:18:26 UTC 2020 $PTII/bin/ptinvoke ptolemy.vergil.basic.export.ExportModel -force htm  -openComposites -timeOut 30000 -whiteBackground ptolemy/actor/lib/jjs/modules/audio/demo/Audio/AudioClipPlayer.xml $PTII/ptolemy/actor/lib/jjs/modules/audio/demo/Audio/AudioClipPlayer
Warning: not running ptolemy/actor/lib/jjs/modules/audio/demo/Audio/AudioClipPlayer.xml. See ptolemy/vergil/basic/export/test/junit/ExportModelJUnitTest.java
----------------- Mon Jan 20 07:18:26 UTC 2020 About to sleep for 5.0 seconds before running or rerunning.  Test is: /home/travis/build/icyphy/ptII/ptolemy/actor/lib/jjs/modules/audio/demo/Audio/AudioClipPlayer.xml
Done sleeping
Exported /home/travis/build/icyphy/ptII/ptolemy/actor/lib/jjs/modules/audio/demo/Audio/AudioClipPlayer/index.html
5035 ms. Memory: 3274752K Free: 2118643K (65%)
####### 10 Mon Jan 20 07:18:36 UTC 2020 $PTII/bin/ptinvoke ptolemy.vergil.basic.export.ExportModel -force htm  -openComposites -timeOut 30000 -whiteBackground ptolemy/actor/lib/jjs/modules/audio/demo/Audio/AudioRecorder.xml $PTII/ptolemy/actor/lib/jjs/modules/audio/demo/Audio/AudioRecorder
Warning: not running ptolemy/actor/lib/jjs/modules/audio/demo/Audio/AudioRecorder.xml. See ptolemy/vergil/basic/export/test/junit/ExportModelJUnitTest.java
----------------- Mon Jan 20 07:18:36 UTC 2020 About to sleep for 5.0 seconds before running or rerunning.  Test is: /home/travis/build/icyphy/ptII/ptolemy/actor/lib/jjs/modules/audio/demo/Audio/AudioRecorder.xml
Done sleeping
Exported /home/travis/build/icyphy/ptII/ptolemy/actor/lib/jjs/modules/audio/demo/Audio/AudioRecorder/index.html
8833 ms. Memory: 3274752K Free: 2424310K (74%)
####### 11 Mon Jan 20 07:18:50 UTC 2020 $PTII/bin/ptinvoke ptolemy.vergil.basic.export.ExportModel -force htm  -openComposites -timeOut 30000 -whiteBackground ptolemy/actor/lib/jjs/modules/audio/demo/Audio/AudioSynthesis.xml $PTII/ptolemy/actor/lib/jjs/modules/audio/demo/Audio/AudioSynthesis
Warning: not running ptolemy/actor/lib/jjs/modules/audio/demo/Audio/AudioSynthesis.xml. See ptolemy/vergil/basic/export/test/junit/ExportModelJUnitTest.java
----------------- Mon Jan 20 07:18:50 UTC 2020 About to sleep for 5.0 seconds before running or rerunning.  Test is: /home/travis/build/icyphy/ptII/ptolemy/actor/lib/jjs/modules/audio/demo/Audio/AudioSynthesis.xml
Done sleeping
Exported /home/travis/build/icyphy/ptII/ptolemy/actor/lib/jjs/modules/audio/demo/Audio/AudioSynthesis/index.html
6473 ms. Memory: 3274752K Free: 2315761K (71%)
####### 12 Mon Jan 20 07:19:01 UTC 2020 $PTII/bin/ptinvoke ptolemy.vergil.basic.export.ExportModel -force htm -run -openComposites -timeOut 30000 -whiteBackground ptolemy/actor/lib/jjs/modules/audio/demo/Audio/SpeechSynthesis.xml $PTII/ptolemy/actor/lib/jjs/modules/audio/demo/Audio/SpeechSynthesis
----------------- Mon Jan 20 07:19:01 UTC 2020 About to sleep for 5.0 seconds before running or rerunning.  Test is: /home/travis/build/icyphy/ptII/ptolemy/actor/lib/jjs/modules/audio/demo/Audio/SpeechSynthesis.xml
Done sleeping
Running .SpeechSynthesis
Manager.initialize() finished: 12697 ms. Memory: 3274752K Free: 2436009K (74%)
ExportHTMLTimer went off after 30000 ms., calling getDirector().finish and getDirector().stopFire()
30042 ms. Memory: 3274752K Free: 2379689K (73%)
Exported /home/travis/build/icyphy/ptII/ptolemy/actor/lib/jjs/modules/audio/demo/Audio/SpeechSynthesis/index.html
43586 ms. Memory: 3274752K Free: 2351012K (72%)
####### 13 Mon Jan 20 07:19:50 UTC 2020 $PTII/bin/ptinvoke ptolemy.vergil.basic.export.ExportModel -force htm -run -openComposites -timeOut 30000 -whiteBackground ptolemy/actor/lib/jjs/modules/cameras/demo/Camera/Camera.xml $PTII/ptolemy/actor/lib/jjs/modules/cameras/demo/Camera/Camera
----------------- Mon Jan 20 07:19:50 UTC 2020 About to sleep for 5.0 seconds before running or rerunning.  Test is: /home/travis/build/icyphy/ptII/ptolemy/actor/lib/jjs/modules/cameras/demo/Camera/Camera.xml
Done sleeping
Running .Camera
28367 ms. Memory: 3274752K Free: 1431552K (44%)
Exported /home/travis/build/icyphy/ptII/ptolemy/actor/lib/jjs/modules/cameras/demo/Camera/Camera/index.html
37579 ms. Memory: 3274752K Free: 1400301K (43%)
####### 14 Mon Jan 20 07:20:32 UTC 2020 $PTII/bin/ptinvoke ptolemy.vergil.basic.export.ExportModel -force htm -run -openComposites -timeOut 30000 -whiteBackground ptolemy/actor/lib/jjs/modules/cameras/demo/Camera/CaptureOpenLoop.xml $PTII/ptolemy/actor/lib/jjs/modules/cameras/demo/Camera/CaptureOpenLoop
----------------- Mon Jan 20 07:20:32 UTC 2020 About to sleep for 5.0 seconds before running or rerunning.  Test is: /home/travis/build/icyphy/ptII/ptolemy/actor/lib/jjs/modules/cameras/demo/Camera/CaptureOpenLoop.xml
Done sleeping
Running .CaptureOpenLoop
25516 ms. Memory: 3274752K Free: 994302K (30%)
Exported /home/travis/build/icyphy/ptII/ptolemy/actor/lib/jjs/modules/cameras/demo/Camera/CaptureOpenLoop/index.html
33076 ms. Memory: 3274752K Free: 1478005K (45%)
####### 15 Mon Jan 20 07:21:10 UTC 2020 $PTII/bin/ptinvoke ptolemy.vergil.basic.export.ExportModel -force htm -run -openComposites -timeOut 30000 -whiteBackground ptolemy/actor/lib/jjs/modules/cameras/demo/CameraWebSocket/CameraWebSocket.xml $PTII/ptolemy/actor/lib/jjs/modules/cameras/demo/CameraWebSocket/CameraWebSocket
----------------- Mon Jan 20 07:21:10 UTC 2020 About to sleep for 5.0 seconds before running or rerunning.  Test is: /home/travis/build/icyphy/ptII/ptolemy/actor/lib/jjs/modules/cameras/demo/CameraWebSocket/CameraWebSocket.xml
Done sleeping
Running .CameraWebSocket
WebSocketClient: Connection failed. Will try again: Connection refused: localhost/127.0.0.1:8071
Connection refused (Thread[vert.x-eventloop-thread-0,6,main])
WebSocketClient: Connection failed. Will try again: Connection refused: localhost/127.0.0.1:8071
Connection refused (Thread[vert.x-eventloop-thread-0,6,main])
Manager.initialize() finished: 12119 ms. Memory: 3274752K Free: 2173950K (66%)
WebSocketServer: WebSocketServer message(): {type="class ptolemy.data.AWTImageToken", width="176", height="144"}, typeof message: object (Thread[AWT-EventQueue-0,6,main])
WebSocketServer: WebSocketServer message(): {type="class ptolemy.data.AWTImageToken", width="176", height="144"}, typeof message: object (Thread[AWT-EventQueue-0,6,main])
WebSocketServer: WebSocketServer message(): {type="class ptolemy.data.AWTImageToken", width="176", height="144"}, typeof message: object (Thread[AWT-EventQueue-0,6,main])
WebSocketServer: WebSocketServer message(): {type="class ptolemy.data.AWTImageToken", width="176", height="144"}, typeof message: object (Thread[AWT-EventQueue-0,6,main])
WebSocketServer: WebSocketServer message(): {type="class ptolemy.data.AWTImageToken", width="176", height="144"}, typeof message: object (Thread[AWT-EventQueue-0,6,main])
WebSocketServer: WebSocketServer message(): {type="class ptolemy.data.AWTImageToken", width="176", height="144"}, typeof message: object (Thread[AWT-EventQueue-0,6,main])
WebSocketServer: WebSocketServer message(): {type="class ptolemy.data.AWTImageToken", width="176", height="144"}, typeof message: object (Thread[AWT-EventQueue-0,6,main])
WebSocketServer: WebSocketServer message(): {type="class ptolemy.data.AWTImageToken", width="176", height="144"}, typeof message: object (Thread[AWT-EventQueue-0,6,main])
WebSocketServer: WebSocketServer message(): {type="class ptolemy.data.AWTImageToken", width="176", height="144"}, typeof message: object (Thread[AWT-EventQueue-0,6,main])
WebSocketServer: WebSocketServer message(): {type="class ptolemy.data.AWTImageToken", width="176", height="144"}, typeof message: object (Thread[AWT-EventQueue-0,6,main])
ExportHTMLTimer went off after 30000 ms., calling getDirector().finish and getDirector().stopFire()
WebSocketClient: Connection closed because model is no longer running. (Thread[AWT-EventQueue-0,6,main])
30071 ms. Memory: 3274752K Free: 2031104K (62%)
Exported /home/travis/build/icyphy/ptII/ptolemy/actor/lib/jjs/modules/cameras/demo/CameraWebSocket/CameraWebSocket/index.html
41461 ms. Memory: 3274752K Free: 2002916K (61%)
####### 16 Mon Jan 20 07:21:57 UTC 2020 $PTII/bin/ptinvoke ptolemy.vergil.basic.export.ExportModel -force htm -run -openComposites -timeOut 30000 -whiteBackground ptolemy/actor/lib/jjs/modules/cameras/demo/Foscam/Foscam.xml $PTII/ptolemy/actor/lib/jjs/modules/cameras/demo/Foscam/Foscam
----------------- Mon Jan 20 07:21:57 UTC 2020 About to sleep for 5.0 seconds before running or rerunning.  Test is: /home/travis/build/icyphy/ptII/ptolemy/actor/lib/jjs/modules/cameras/demo/Foscam/Foscam.xml
Done sleeping
Running .Foscam
Foscam2: snapshot.cgi?user=admin&pwd=&undefined= (Thread[AWT-EventQueue-0,6,main])
Foscam2: Making an HTTP request. (Thread[AWT-EventQueue-0,6,main])
ExportHTMLTimer went off after 30000 ms., calling getDirector().finish and getDirector().stopFire()
Foscam2: undefined.cgi?user=admin&pwd=&undefined= (Thread[AWT-EventQueue-0,6,main])
Foscam2: Making an HTTP request. (Thread[AWT-EventQueue-0,6,main])
30021 ms. Memory: 3274752K Free: 2416640K (74%)
Exported /home/travis/build/icyphy/ptII/ptolemy/actor/lib/jjs/modules/cameras/demo/Foscam/Foscam/index.html
36374 ms. Memory: 3274752K Free: 2387424K (73%)
####### 17 Mon Jan 20 07:22:38 UTC 2020 $PTII/bin/ptinvoke ptolemy.vergil.basic.export.ExportModel -force htm -run -openComposites -timeOut 30000 -whiteBackground ptolemy/actor/lib/jjs/modules/computerVision/demo/ComputerVision/ComputerVision.xml $PTII/ptolemy/actor/lib/jjs/modules/computerVision/demo/ComputerVision/ComputerVision
----------------- Mon Jan 20 07:22:38 UTC 2020 About to sleep for 5.0 seconds before running or rerunning.  Test is: /home/travis/build/icyphy/ptII/ptolemy/actor/lib/jjs/modules/computerVision/demo/ComputerVision/ComputerVision.xml
Done sleeping
Opened file:/home/travis/build/icyphy/ptII/ptolemy/actor/lib/jjs/modules/computerVision/demo/ComputerVision/ComputerVision.xml in 22795 ms.
Size Statistics for .ComputerVision
AtomicEntities: 26
CompositeEntities: 0
OpaqueCompositeEntities: 0
Relations: 14
Attributes: 224
Atomic Actor Names and Counts:
org.terraswarm.accessor.JSAccessor 12
ptolemy.actor.lib.image.ImageDisplay 12
ptolemy.actor.lib.SingleEvent 1
ptolemy.actor.lib.image.ImageReader 1

Composite Entity Depths and Counts:

Running .ComputerVision
preinitialize() finished: 20255 ms. Memory: 3274752K Free: 1723034K (53%)
ExportHTMLTimer went off after 30000 ms., calling getDirector().finish and getDirector().stopFire()
Manager.initialize() finished: 34501 ms. Memory: 3274752K Free: 2101760K (64%)
34607 ms. Memory: 3274752K Free: 2081280K (64%)
Exported /home/travis/build/icyphy/ptII/ptolemy/actor/lib/jjs/modules/computerVision/demo/ComputerVision/ComputerVision/index.html
61606 ms. Memory: 3274752K Free: 2039283K (62%)
####### 18 Mon Jan 20 07:23:45 UTC 2020 $PTII/bin/ptinvoke ptolemy.vergil.basic.export.ExportModel -force htm  -openComposites -timeOut 30000 -whiteBackground ptolemy/actor/lib/jjs/modules/contextAware/demo/ContextAware/ContextAware.xml $PTII/ptolemy/actor/lib/jjs/modules/contextAware/demo/ContextAware/ContextAware
Warning: not running ptolemy/actor/lib/jjs/modules/contextAware/demo/ContextAware/ContextAware.xml. See ptolemy/vergil/basic/export/test/junit/ExportModelJUnitTest.java
----------------- Mon Jan 20 07:23:45 UTC 2020 About to sleep for 5.0 seconds before running or rerunning.  Test is: /home/travis/build/icyphy/ptII/ptolemy/actor/lib/jjs/modules/contextAware/demo/ContextAware/ContextAware.xml
Done sleeping
Exported /home/travis/build/icyphy/ptII/ptolemy/actor/lib/jjs/modules/contextAware/demo/ContextAware/ContextAware/index.html
5723 ms. Memory: 3274752K Free: 1431024K (44%)
####### 19 Mon Jan 20 07:23:55 UTC 2020 $PTII/bin/ptinvoke ptolemy.vergil.basic.export.ExportModel -force htm -run -openComposites -timeOut 30000 -whiteBackground ptolemy/actor/lib/jjs/modules/crypto/demo/AsymmetricEncrypt/AsymmetricEncrypt.xml $PTII/ptolemy/actor/lib/jjs/modules/crypto/demo/AsymmetricEncrypt/AsymmetricEncrypt
----------------- Mon Jan 20 07:23:55 UTC 2020 About to sleep for 5.0 seconds before running or rerunning.  Test is: /home/travis/build/icyphy/ptII/ptolemy/actor/lib/jjs/modules/crypto/demo/AsymmetricEncrypt/AsymmetricEncrypt.xml
Done sleeping
Opened file:/home/travis/build/icyphy/ptII/ptolemy/actor/lib/jjs/modules/crypto/demo/AsymmetricEncrypt/AsymmetricEncrypt.xml in 16674 ms.
Size Statistics for .AsymmetricEncrypt
AtomicEntities: 25
CompositeEntities: 0
OpaqueCompositeEntities: 0
Relations: 17
Attributes: 203
Atomic Actor Names and Counts:
ptolemy.actor.lib.gui.Display 11
ptolemy.actor.lib.jjs.JavaScript 9
ptolemy.actor.lib.ArrayUpdate 1
ptolemy.actor.lib.Const 1
ptolemy.actor.lib.DiscreteClock 1
ptolemy.actor.lib.Ramp 1
ptolemy.actor.lib.Sequence 1

Composite Entity Depths and Counts:

Running .AsymmetricEncrypt
preinitialize() finished: 16611 ms. Memory: 3274752K Free: 1296384K (40%)
Manager.initialize() finished: 29353 ms. Memory: 3274752K Free: 933886K (29%)
RandomBytes: [ -7 ] (Thread[AWT-EventQueue-0,6,main])
EncryptWithHash: ### it is a string: hello world! (Thread[AWT-EventQueue-0,6,main])
ExportHTMLTimer went off after 30000 ms., calling getDirector().finish and getDirector().stopFire()
30297 ms. Memory: 3274752K Free: 2000896K (61%)
Exported /home/travis/build/icyphy/ptII/ptolemy/actor/lib/jjs/modules/crypto/demo/AsymmetricEncrypt/AsymmetricEncrypt/index.html
51321 ms. Memory: 3274752K Free: 2307403K (70%)
####### 20 Mon Jan 20 07:24:52 UTC 2020 $PTII/bin/ptinvoke ptolemy.vergil.basic.export.ExportModel -force htm -run -openComposites -timeOut 30000 -whiteBackground ptolemy/actor/lib/jjs/modules/crypto/demo/MessageDigest/MessageDigest.xml $PTII/ptolemy/actor/lib/jjs/modules/crypto/demo/MessageDigest/MessageDigest
----------------- Mon Jan 20 07:24:52 UTC 2020 About to sleep for 5.0 seconds before running or rerunning.  Test is: /home/travis/build/icyphy/ptII/ptolemy/actor/lib/jjs/modules/crypto/demo/MessageDigest/MessageDigest.xml
Done sleeping
Running .MessageDigest
Manager.initialize() finished: 13797 ms. Memory: 3274752K Free: 2223614K (68%)
RandomBytes: [ -51 ] (Thread[AWT-EventQueue-0,6,main])
EncryptWithHash: ### it is a string: hello world! (Thread[AWT-EventQueue-0,6,main])
EncryptWithHash: [ 104,
  101,
  108,
  108,
  111,
  32,
  119,
  111,
  114,
  108,
  100,
  33,
  117,
  9,
  -27,
  -67,
  -96,
  -57,
  98,
  -46,
  -70,
  -57,
  -7,
  13,
  117,
  -117,
  91,
  34,
  99,
  -6,
  1,
  -52,
  -68,
  84,
  42,
  -75,
  -29,
  -33,
  22,
  59,
  -32,
  -114,
  108,
  -87 ] (Thread[AWT-EventQueue-0,6,main])
DecryptWithHash: [ 104, 101, 108, 108, 111, 32, 119, 111, 114, 108, 100, 33 ] (Thread[AWT-EventQueue-0,6,main])
DecryptWithHash: [ 117,
  9,
  -27,
  -67,
  -96,
  -57,
  98,
  -46,
  -70,
  -57,
  -7,
  13,
  117,
  -117,
  91,
  34,
  99,
  -6,
  1,
  -52,
  -68,
  84,
  42,
  -75,
  -29,
  -33,
  22,
  59,
  -32,
  -114,
  108,
  -87 ] (Thread[AWT-EventQueue-0,6,main])
DecryptWithHash: [ 117,
  9,
  -27,
  -67,
  -96,
  -57,
  98,
  -46,
  -70,
  -57,
  -7,
  13,
  117,
  -117,
  91,
  34,
  99,
  -6,
  1,
  -52,
  -68,
  84,
  42,
  -75,
  -29,
  -33,
  22,
  59,
  -32,
  -114,
  108,
  -87 ] (Thread[AWT-EventQueue-0,6,main])
RandomBytes: [ 17, 81 ] (Thread[AWT-EventQueue-0,6,main])
EncryptWithHash: ### it is a string: bye world! (Thread[AWT-EventQueue-0,6,main])
EncryptWithHash: [ 98,
  121,
  101,
  32,
  119,
  111,
  114,
  108,
  100,
  33,
  87,
  -40,
  61,
  -97,
  47,
  -93,
  111,
  -126,
  41,
  -41,
  5,
  71,
  -116,
  -126,
  88,
  -110,
  -25,
  18,
  9,
  123,
  68,
  24,
  11,
  -64,
  -67,
  36,
  -65,
  21,
  -14,
  -69,
  -122,
  53 ] (Thread[AWT-EventQueue-0,6,main])
DecryptWithHash: [ 98, 121, 101, 32, 119, 111, 114, 108, 100, 33 ] (Thread[AWT-EventQueue-0,6,main])
DecryptWithHash: [ 87,
  -40,
  61,
  -97,
  47,
  -93,
  111,
  -126,
  41,
  -41,
  5,
  71,
  -116,
  -126,
  88,
  -110,
  -25,
  18,
  9,
  123,
  68,
  24,
  11,
  -64,
  -67,
  36,
  -65,
  21,
  -14,
  -69,
  -122,
  53 ] (Thread[AWT-EventQueue-0,6,main])
DecryptWithHash: [ 87,
  -40,
  61,
  -97,
  47,
  -93,
  111,
  -126,
  41,
  -41,
  5,
  71,
  -116,
  -126,
  88,
  -110,
  -25,
  18,
  9,
  123,
  68,
  24,
  11,
  -64,
  -67,
  36,
  -65,
  21,
  -14,
  -69,
  -122,
  53 ] (Thread[AWT-EventQueue-0,6,main])
RandomBytes: [ 96, 19, -86 ] (Thread[AWT-EventQueue-0,6,main])
RandomBytes: [ -37, -112, 71, -60 ] (Thread[AWT-EventQueue-0,6,main])
16845 ms. Memory: 3274752K Free: 1985536K (61%)
Exported /home/travis/build/icyphy/ptII/ptolemy/actor/lib/jjs/modules/crypto/demo/MessageDigest/MessageDigest/index.html
29917 ms. Memory: 3274752K Free: 1913845K (58%)
####### 21 Mon Jan 20 07:25:27 UTC 2020 $PTII/bin/ptinvoke ptolemy.vergil.basic.export.ExportModel -force htm -run -openComposites -timeOut 30000 -whiteBackground ptolemy/actor/lib/jjs/modules/crypto/demo/RandomBytes/RandomBytes.xml $PTII/ptolemy/actor/lib/jjs/modules/crypto/demo/RandomBytes/RandomBytes
----------------- Mon Jan 20 07:25:27 UTC 2020 About to sleep for 5.0 seconds before running or rerunning.  Test is: /home/travis/build/icyphy/ptII/ptolemy/actor/lib/jjs/modules/crypto/demo/RandomBytes/RandomBytes.xml
Done sleeping
Running .RandomBytes
RandomBytes: [ -6 ] (Thread[AWT-EventQueue-0,6,main])
RandomBytes: [ -15, -54 ] (Thread[AWT-EventQueue-0,6,main])
RandomBytes: [ -43, -24, -10 ] (Thread[AWT-EventQueue-0,6,main])
RandomBytes: [ -78, 116, -79, -67 ] (Thread[AWT-EventQueue-0,6,main])
5876 ms. Memory: 3274752K Free: 1766062K (54%)
Exported /home/travis/build/icyphy/ptII/ptolemy/actor/lib/jjs/modules/crypto/demo/RandomBytes/RandomBytes/index.html
11500 ms. Memory: 3274752K Free: 1740452K (53%)
####### 22 Mon Jan 20 07:25:43 UTC 2020 $PTII/bin/ptinvoke ptolemy.vergil.basic.export.ExportModel -force htm -run -openComposites -timeOut 30000 -whiteBackground ptolemy/actor/lib/jjs/modules/crypto/demo/SymmetricEncrypt/SymmetricEncrypt.xml $PTII/ptolemy/actor/lib/jjs/modules/crypto/demo/SymmetricEncrypt/SymmetricEncrypt
----------------- Mon Jan 20 07:25:43 UTC 2020 About to sleep for 5.0 seconds before running or rerunning.  Test is: /home/travis/build/icyphy/ptII/ptolemy/actor/lib/jjs/modules/crypto/demo/SymmetricEncrypt/SymmetricEncrypt.xml
Done sleeping
Running .SymmetricEncrypt
RandomBytes: [ 112 ] (Thread[AWT-EventQueue-0,6,main])
RandomBytes: [ -126, 50 ] (Thread[AWT-EventQueue-0,6,main])
RandomBytes: [ 51, 27, 86 ] (Thread[AWT-EventQueue-0,6,main])
RandomBytes: [ 112, 116, 15, 11 ] (Thread[AWT-EventQueue-0,6,main])
11486 ms. Memory: 3274752K Free: 1966078K (60%)
Exported /home/travis/build/icyphy/ptII/ptolemy/actor/lib/jjs/modules/crypto/demo/SymmetricEncrypt/SymmetricEncrypt/index.html
20899 ms. Memory: 3274752K Free: 1916369K (59%)
####### 23 Mon Jan 20 07:26:09 UTC 2020 $PTII/bin/ptinvoke ptolemy.vergil.basic.export.ExportModel -force htm  -openComposites -timeOut 30000 -whiteBackground ptolemy/actor/lib/jjs/modules/discovery/demo/Discovery/Discovery.xml $PTII/ptolemy/actor/lib/jjs/modules/discovery/demo/Discovery/Discovery
Warning: not running ptolemy/actor/lib/jjs/modules/discovery/demo/Discovery/Discovery.xml. See ptolemy/vergil/basic/export/test/junit/ExportModelJUnitTest.java
----------------- Mon Jan 20 07:26:09 UTC 2020 About to sleep for 5.0 seconds before running or rerunning.  Test is: /home/travis/build/icyphy/ptII/ptolemy/actor/lib/jjs/modules/discovery/demo/Discovery/Discovery.xml
Done sleeping
Exported /home/travis/build/icyphy/ptII/ptolemy/actor/lib/jjs/modules/discovery/demo/Discovery/Discovery/index.html
3220 ms. Memory: 3274752K Free: 1776113K (54%)
####### 24 Mon Jan 20 07:26:17 UTC 2020 $PTII/bin/ptinvoke ptolemy.vergil.basic.export.ExportModel -force htm -run -openComposites -timeOut 30000 -whiteBackground ptolemy/actor/lib/jjs/modules/discovery/demo/Discovery/DiscoveryJS.xml $PTII/ptolemy/actor/lib/jjs/modules/discovery/demo/Discovery/DiscoveryJS
----------------- Mon Jan 20 07:26:17 UTC 2020 About to sleep for 5.0 seconds before running or rerunning.  Test is: /home/travis/build/icyphy/ptII/ptolemy/actor/lib/jjs/modules/discovery/demo/Discovery/DiscoveryJS.xml
Done sleeping
Running .DiscoveryJS
17655 ms. Memory: 3274752K Free: 1722366K (53%)
Exported /home/travis/build/icyphy/ptII/ptolemy/actor/lib/jjs/modules/discovery/demo/Discovery/DiscoveryJS/index.html
25051 ms. Memory: 3274752K Free: 1688030K (52%)
####### 25 Mon Jan 20 07:26:47 UTC 2020 $PTII/bin/ptinvoke ptolemy.vergil.basic.export.ExportModel -force htm -run -openComposites -timeOut 30000 -whiteBackground ptolemy/actor/lib/jjs/modules/discovery/demo/Discovery/PopulateSwarmboxMap.xml $PTII/ptolemy/actor/lib/jjs/modules/discovery/demo/Discovery/PopulateSwarmboxMap
----------------- Mon Jan 20 07:26:47 UTC 2020 About to sleep for 5.0 seconds before running or rerunning.  Test is: /home/travis/build/icyphy/ptII/ptolemy/actor/lib/jjs/modules/discovery/demo/Discovery/PopulateSwarmboxMap.xml
Done sleeping
Opened file:/home/travis/build/icyphy/ptII/ptolemy/actor/lib/jjs/modules/discovery/demo/Discovery/PopulateSwarmboxMap.xml in 16721 ms.
Size Statistics for .PopulateSwarmboxMap
AtomicEntities: 48
CompositeEntities: 2
OpaqueCompositeEntities: 0
Relations: 47
Attributes: 345
Atomic Actor Names and Counts:
ptolemy.actor.lib.Const 20
org.terraswarm.accessor.JSAccessor 9
ptolemy.actor.lib.Expression 9
ptolemy.actor.lib.conversions.json.TokenToJSON 4
ptolemy.actor.lib.gui.Display 3
ptolemy.actor.lib.MicrostepDelay 1
ptolemy.actor.lib.SingleEvent 1
ptolemy.actor.lib.Stop 1

Composite Entity Depths and Counts:
Depth: 1 # of Composites at that depth: 2

Running .PopulateSwarmboxMap
preinitialize() finished: 18046 ms. Memory: 3274752K Free: 1473024K (45%)
ExportHTMLTimer went off after 30000 ms., calling getDirector().finish and getDirector().stopFire()
Manager.initialize() finished: 31461 ms. Memory: 3274752K Free: 1772032K (54%)
31705 ms. Memory: 3274752K Free: 1755134K (54%)
Exported /home/travis/build/icyphy/ptII/ptolemy/actor/lib/jjs/modules/discovery/demo/Discovery/PopulateSwarmboxMap/index.html
53382 ms. Memory: 3274752K Free: 1645528K (50%)
####### 26 Mon Jan 20 07:27:46 UTC 2020 $PTII/bin/ptinvoke ptolemy.vergil.basic.export.ExportModel -force htm -run -openComposites -timeOut 30000 -whiteBackground ptolemy/actor/lib/jjs/modules/discovery/demo/Discovery/PostSwarmboxDevices.xml $PTII/ptolemy/actor/lib/jjs/modules/discovery/demo/Discovery/PostSwarmboxDevices
----------------- Mon Jan 20 07:27:46 UTC 2020 About to sleep for 5.0 seconds before running or rerunning.  Test is: /home/travis/build/icyphy/ptII/ptolemy/actor/lib/jjs/modules/discovery/demo/Discovery/PostSwarmboxDevices.xml
Done sleeping
Running .PostSwarmboxDevices
REST: Making an HTTP request. (Thread[AWT-EventQueue-0,6,main])
ExportHTMLTimer went off after 30000 ms., calling getDirector().finish and getDirector().stopFire()
30036 ms. Memory: 3274752K Free: 1946786K (59%)
Exported /home/travis/build/icyphy/ptII/ptolemy/actor/lib/jjs/modules/discovery/demo/Discovery/PostSwarmboxDevices/index.html
39363 ms. Memory: 3274752K Free: 1902210K (58%)
####### 27 Mon Jan 20 07:28:30 UTC 2020 $PTII/bin/ptinvoke ptolemy.vergil.basic.export.ExportModel -force htm -run -openComposites -timeOut 30000 -whiteBackground ptolemy/actor/lib/jjs/modules/discovery/demo/Heartbeat/Heartbeat.xml $PTII/ptolemy/actor/lib/jjs/modules/discovery/demo/Heartbeat/Heartbeat
----------------- Mon Jan 20 07:28:30 UTC 2020 About to sleep for 5.0 seconds before running or rerunning.  Test is: /home/travis/build/icyphy/ptII/ptolemy/actor/lib/jjs/modules/discovery/demo/Heartbeat/Heartbeat.xml
Done sleeping
Running .Heartbeat
Heartbeat: HeartBeat: pingMothership (Thread[AWT-EventQueue-0,6,main])
Heartbeat: Making an HTTP request. (Thread[AWT-EventQueue-0,6,main])
Heartbeat: Request problem: Unable to check in with server: Error: Search domain query failed. Original hostname: 'terra.eecs.berkeley.edu' failed to resolve 'terra.eecs.berkeley.edu.google.internal' after 2 queries  (Thread[AWT-EventQueue-0,6,main])
Heartbeat: HeartBeat: pingMothership (Thread[AWT-EventQueue-0,6,main])
Heartbeat: Making an HTTP request. (Thread[AWT-EventQueue-0,6,main])
Heartbeat: Request problem: Unable to check in with server: Error: Search domain query failed. Original hostname: 'terra.eecs.berkeley.edu' failed to resolve 'terra.eecs.berkeley.edu.google.internal' after 2 queries  (Thread[AWT-EventQueue-0,6,main])
Heartbeat: HeartBeat: pingMothership (Thread[AWT-EventQueue-0,6,main])
Heartbeat: Making an HTTP request. (Thread[AWT-EventQueue-0,6,main])
Heartbeat: Request problem: Unable to check in with server: Error: Search domain query failed. Original hostname: 'terra.eecs.berkeley.edu' failed to resolve 'terra.eecs.berkeley.edu.google.internal' after 2 queries  (Thread[AWT-EventQueue-0,6,main])
Heartbeat: HeartBeat: pingMothership (Thread[AWT-EventQueue-0,6,main])
Heartbeat: Making an HTTP request. (Thread[AWT-EventQueue-0,6,main])
Heartbeat: Request problem: Unable to check in with server: Error: Search domain query failed. Original hostname: 'terra.eecs.berkeley.edu' failed to resolve 'terra.eecs.berkeley.edu.google.internal' after 2 queries  (Thread[AWT-EventQueue-0,6,main])
Heartbeat: HeartBeat: pingMothership (Thread[AWT-EventQueue-0,6,main])
Heartbeat: Making an HTTP request. (Thread[AWT-EventQueue-0,6,main])
Heartbeat: Request problem: Unable to check in with server: Error: Search domain query failed. Original hostname: 'terra.eecs.berkeley.edu' failed to resolve 'terra.eecs.berkeley.edu.google.internal' after 2 queries  (Thread[AWT-EventQueue-0,6,main])
Heartbeat: HeartBeat: pingMothership (Thread[AWT-EventQueue-0,6,main])
Heartbeat: Making an HTTP request. (Thread[AWT-EventQueue-0,6,main])
Heartbeat: Request problem: Unable to check in with server: Error: Search domain query failed. Original hostname: 'terra.eecs.berkeley.edu' failed to resolve 'terra.eecs.berkeley.edu.google.internal' after 2 queries  (Thread[AWT-EventQueue-0,6,main])
Heartbeat: HeartBeat: pingMothership (Thread[AWT-EventQueue-0,6,main])
Heartbeat: Making an HTTP request. (Thread[AWT-EventQueue-0,6,main])
Heartbeat: Request problem: Unable to check in with server: Error: Search domain query failed. Original hostname: 'terra.eecs.berkeley.edu' failed to resolve 'terra.eecs.berkeley.edu.google.internal' after 2 queries  (Thread[AWT-EventQueue-0,6,main])
Heartbeat: HeartBeat: pingMothership (Thread[AWT-EventQueue-0,6,main])
Heartbeat: Making an HTTP request. (Thread[AWT-EventQueue-0,6,main])
Heartbeat: Request problem: Unable to check in with server: Error: Search domain query failed. Original hostname: 'terra.eecs.berkeley.edu' failed to resolve 'terra.eecs.berkeley.edu.google.internal' after 2 queries  (Thread[AWT-EventQueue-0,6,main])
Heartbeat: HeartBeat: pingMothership (Thread[AWT-EventQueue-0,6,main])
Heartbeat: Making an HTTP request. (Thread[AWT-EventQueue-0,6,main])
Heartbeat: Request problem: Unable to check in with server: Error: Search domain query failed. Original hostname: 'terra.eecs.berkeley.edu' failed to resolve 'terra.eecs.berkeley.edu.google.internal' after 2 queries  (Thread[AWT-EventQueue-0,6,main])
Heartbeat: HeartBeat: pingMothership (Thread[AWT-EventQueue-0,6,main])
Heartbeat: Making an HTTP request. (Thread[AWT-EventQueue-0,6,main])
17717 ms. Memory: 3274752K Free: 1841152K (56%)
Exported /home/travis/build/icyphy/ptII/ptolemy/actor/lib/jjs/modules/discovery/demo/Heartbeat/Heartbeat/index.html
26298 ms. Memory: 3274752K Free: 1807821K (55%)
####### 28 Mon Jan 20 07:29:01 UTC 2020 $PTII/bin/ptinvoke ptolemy.vergil.basic.export.ExportModel -force htm  -openComposites -timeOut 30000 -whiteBackground ptolemy/actor/lib/jjs/modules/dsp/demo/AudioFFT/AudioFFT.xml $PTII/ptolemy/actor/lib/jjs/modules/dsp/demo/AudioFFT/AudioFFT
Warning: not running ptolemy/actor/lib/jjs/modules/dsp/demo/AudioFFT/AudioFFT.xml. See ptolemy/vergil/basic/export/test/junit/ExportModelJUnitTest.java
----------------- Mon Jan 20 07:29:01 UTC 2020 About to sleep for 5.0 seconds before running or rerunning.  Test is: /home/travis/build/icyphy/ptII/ptolemy/actor/lib/jjs/modules/dsp/demo/AudioFFT/AudioFFT.xml
Done sleeping
Exported /home/travis/build/icyphy/ptII/ptolemy/actor/lib/jjs/modules/dsp/demo/AudioFFT/AudioFFT/index.html
7913 ms. Memory: 3274752K Free: 2299374K (70%)
####### 29 Mon Jan 20 07:29:14 UTC 2020 $PTII/bin/ptinvoke ptolemy.vergil.basic.export.ExportModel -force htm -run -openComposites -timeOut 30000 -whiteBackground ptolemy/actor/lib/jjs/modules/dsp/demo/AudioFFT/SinusoidFFT.xml $PTII/ptolemy/actor/lib/jjs/modules/dsp/demo/AudioFFT/SinusoidFFT
----------------- Mon Jan 20 07:29:14 UTC 2020 About to sleep for 5.0 seconds before running or rerunning.  Test is: /home/travis/build/icyphy/ptII/ptolemy/actor/lib/jjs/modules/dsp/demo/AudioFFT/SinusoidFFT.xml
Done sleeping
Running .SinusoidFFT
5661 ms. Memory: 3274752K Free: 2012151K (61%)
Exported /home/travis/build/icyphy/ptII/ptolemy/actor/lib/jjs/modules/dsp/demo/AudioFFT/SinusoidFFT/index.html
12869 ms. Memory: 3274752K Free: 1918242K (59%)
####### 30 Mon Jan 20 07:29:32 UTC 2020 $PTII/bin/ptinvoke ptolemy.vergil.basic.export.ExportModel -force htm -run -openComposites -timeOut 30000 -whiteBackground ptolemy/actor/lib/jjs/modules/eventbus/demo/VertxBus/VertxBus.xml $PTII/ptolemy/actor/lib/jjs/modules/eventbus/demo/VertxBus/VertxBus
----------------- Mon Jan 20 07:29:32 UTC 2020 About to sleep for 5.0 seconds before running or rerunning.  Test is: /home/travis/build/icyphy/ptII/ptolemy/actor/lib/jjs/modules/eventbus/demo/VertxBus/VertxBus.xml
Done sleeping
Running .VertxBus
16170 ms. Memory: 3274752K Free: 1564672K (48%)
Exported /home/travis/build/icyphy/ptII/ptolemy/actor/lib/jjs/modules/eventbus/demo/VertxBus/VertxBus/index.html
23899 ms. Memory: 3274752K Free: 1535460K (47%)
####### 31 Mon Jan 20 07:30:01 UTC 2020 $PTII/bin/ptinvoke ptolemy.vergil.basic.export.ExportModel -force htm -run -openComposites -timeOut 30000 -whiteBackground ptolemy/actor/lib/jjs/modules/eventbus/demo/VertxChat/VertxChat.xml $PTII/ptolemy/actor/lib/jjs/modules/eventbus/demo/VertxChat/VertxChat
----------------- Mon Jan 20 07:30:01 UTC 2020 About to sleep for 5.0 seconds before running or rerunning.  Test is: /home/travis/build/icyphy/ptII/ptolemy/actor/lib/jjs/modules/eventbus/demo/VertxChat/VertxChat.xml
Done sleeping
.VertxChat.ThreadedComposite.InteractiveShell invoked SwingUtilities.invokeAndWait()
Model ".VertxChat" contains actors such cannot be run  as part of the export process from ExportModel or it has a WebExportParameters value that runBeforeExport set to false. To export run this model and export it, use vergil.
Exported /home/travis/build/icyphy/ptII/ptolemy/actor/lib/jjs/modules/eventbus/demo/VertxChat/VertxChat/index.html
9763 ms. Memory: 3274752K Free: 2224940K (68%)
####### 32 Mon Jan 20 07:30:16 UTC 2020 $PTII/bin/ptinvoke ptolemy.vergil.basic.export.ExportModel -force htm -run -openComposites -timeOut 30000 -whiteBackground ptolemy/actor/lib/jjs/modules/faceDetector/demo/FaceDetector/FaceDetector.xml $PTII/ptolemy/actor/lib/jjs/modules/faceDetector/demo/FaceDetector/FaceDetector
----------------- Mon Jan 20 07:30:16 UTC 2020 About to sleep for 5.0 seconds before running or rerunning.  Test is: /home/travis/build/icyphy/ptII/ptolemy/actor/lib/jjs/modules/faceDetector/demo/FaceDetector/FaceDetector.xml
Done sleeping
Running .FaceDetector
3599 ms. Memory: 3274752K Free: 2019326K (62%)
Exported /home/travis/build/icyphy/ptII/ptolemy/actor/lib/jjs/modules/faceDetector/demo/FaceDetector/FaceDetector/index.html
9737 ms. Memory: 3274752K Free: 1989604K (61%)
####### 33 Mon Jan 20 07:30:31 UTC 2020 $PTII/bin/ptinvoke ptolemy.vergil.basic.export.ExportModel -force htm -run -openComposites -timeOut 30000 -whiteBackground ptolemy/actor/lib/jjs/modules/faceDetector/demo/FaceDetectorCamera/FaceDetectorCamera.xml $PTII/ptolemy/actor/lib/jjs/modules/faceDetector/demo/FaceDetectorCamera/FaceDetectorCamera
----------------- Mon Jan 20 07:30:31 UTC 2020 About to sleep for 5.0 seconds before running or rerunning.  Test is: /home/travis/build/icyphy/ptII/ptolemy/actor/lib/jjs/modules/faceDetector/demo/FaceDetectorCamera/FaceDetectorCamera.xml
Done sleeping
Running .FaceDetectorCamera
ExportHTMLTimer went off after 30000 ms., calling getDirector().finish and getDirector().stopFire()
30226 ms. Memory: 3274752K Free: 1467157K (45%)
Exported /home/travis/build/icyphy/ptII/ptolemy/actor/lib/jjs/modules/faceDetector/demo/FaceDetectorCamera/FaceDetectorCamera/index.html
38307 ms. Memory: 3274752K Free: 1435376K (44%)
####### 34 Mon Jan 20 07:31:14 UTC 2020 $PTII/bin/ptinvoke ptolemy.vergil.basic.export.ExportModel -force htm -run -openComposites -timeOut 30000 -whiteBackground ptolemy/actor/lib/jjs/modules/faceDetector/demo/OccupancyCount/OccupancyCount.xml $PTII/ptolemy/actor/lib/jjs/modules/faceDetector/demo/OccupancyCount/OccupancyCount
----------------- Mon Jan 20 07:31:14 UTC 2020 About to sleep for 5.0 seconds before running or rerunning.  Test is: /home/travis/build/icyphy/ptII/ptolemy/actor/lib/jjs/modules/faceDetector/demo/OccupancyCount/OccupancyCount.xml
Done sleeping
Running .OccupancyCount
ExportHTMLTimer went off after 30000 ms., calling getDirector().finish and getDirector().stopFire()
30069 ms. Memory: 3274752K Free: 1282856K (39%)
Exported /home/travis/build/icyphy/ptII/ptolemy/actor/lib/jjs/modules/faceDetector/demo/OccupancyCount/OccupancyCount/index.html
37271 ms. Memory: 3274752K Free: 1251595K (38%)
####### 35 Mon Jan 20 07:31:56 UTC 2020 $PTII/bin/ptinvoke ptolemy.vergil.basic.export.ExportModel -force htm  -openComposites -timeOut 30000 -whiteBackground ptolemy/actor/lib/jjs/modules/httpClient/demo/REST/REST.xml $PTII/ptolemy/actor/lib/jjs/modules/httpClient/demo/REST/REST
Warning: not running ptolemy/actor/lib/jjs/modules/httpClient/demo/REST/REST.xml. See ptolemy/vergil/basic/export/test/junit/ExportModelJUnitTest.java
----------------- Mon Jan 20 07:31:56 UTC 2020 About to sleep for 5.0 seconds before running or rerunning.  Test is: /home/travis/build/icyphy/ptII/ptolemy/actor/lib/jjs/modules/httpClient/demo/REST/REST.xml
Done sleeping
Exported /home/travis/build/icyphy/ptII/ptolemy/actor/lib/jjs/modules/httpClient/demo/REST/REST/index.html
3169 ms. Memory: 3274752K Free: 2279013K (70%)
####### 36 Mon Jan 20 07:32:04 UTC 2020 $PTII/bin/ptinvoke ptolemy.vergil.basic.export.ExportModel -force htm -run -openComposites -timeOut 30000 -whiteBackground ptolemy/actor/lib/jjs/modules/httpClient/demo/REST/RESTSimple.xml $PTII/ptolemy/actor/lib/jjs/modules/httpClient/demo/REST/RESTSimple
----------------- Mon Jan 20 07:32:04 UTC 2020 About to sleep for 5.0 seconds before running or rerunning.  Test is: /home/travis/build/icyphy/ptII/ptolemy/actor/lib/jjs/modules/httpClient/demo/REST/RESTSimple.xml
Done sleeping
Running .RESTSimple
REST: Making an HTTP request. (Thread[AWT-EventQueue-0,6,main])
REST: Making an HTTP request. (Thread[AWT-EventQueue-0,6,main])
true
3971 ms. Memory: 3274752K Free: 986265K (30%)
Exported /home/travis/build/icyphy/ptII/ptolemy/actor/lib/jjs/modules/httpClient/demo/REST/RESTSimple/index.html
9630 ms. Memory: 3274752K Free: 958049K (29%)
####### 37 Mon Jan 20 07:32:19 UTC 2020 $PTII/bin/ptinvoke ptolemy.vergil.basic.export.ExportModel -force htm  -openComposites -timeOut 30000 -whiteBackground ptolemy/actor/lib/jjs/modules/httpClient/demo/REST/Weather.xml $PTII/ptolemy/actor/lib/jjs/modules/httpClient/demo/REST/Weather
Warning: not running ptolemy/actor/lib/jjs/modules/httpClient/demo/REST/Weather.xml. See ptolemy/vergil/basic/export/test/junit/ExportModelJUnitTest.java
----------------- Mon Jan 20 07:32:19 UTC 2020 About to sleep for 5.0 seconds before running or rerunning.  Test is: /home/travis/build/icyphy/ptII/ptolemy/actor/lib/jjs/modules/httpClient/demo/REST/Weather.xml
Done sleeping
Exported /home/travis/build/icyphy/ptII/ptolemy/actor/lib/jjs/modules/httpClient/demo/REST/Weather/index.html
8018 ms. Memory: 3274752K Free: 2282992K (70%)
####### 38 Mon Jan 20 07:32:32 UTC 2020 $PTII/bin/ptinvoke ptolemy.vergil.basic.export.ExportModel -force htm -run -openComposites -timeOut 30000 -whiteBackground ptolemy/actor/lib/jjs/modules/httpServer/demo/HttpServer/HttpServer.xml $PTII/ptolemy/actor/lib/jjs/modules/httpServer/demo/HttpServer/HttpServer
----------------- Mon Jan 20 07:32:32 UTC 2020 About to sleep for 5.0 seconds before running or rerunning.  Test is: /home/travis/build/icyphy/ptII/ptolemy/actor/lib/jjs/modules/httpServer/demo/HttpServer/HttpServer.xml
Done sleeping
Running .HttpServer
JavaScript: Server is listening. (Thread[vert.x-eventloop-thread-3,6,main])
ExportHTMLTimer went off after 30000 ms., calling getDirector().finish and getDirector().stopFire()
30019 ms. Memory: 3274752K Free: 1820670K (56%)
Exported /home/travis/build/icyphy/ptII/ptolemy/actor/lib/jjs/modules/httpServer/demo/HttpServer/HttpServer/index.html
35593 ms. Memory: 3274752K Free: 1791971K (55%)
####### 39 Mon Jan 20 07:33:13 UTC 2020 $PTII/bin/ptinvoke ptolemy.vergil.basic.export.ExportModel -force htm -run -openComposites -timeOut 30000 -whiteBackground ptolemy/actor/lib/jjs/modules/httpServer/demo/KeyValueStoreClient/KeyValueStoreClient.xml $PTII/ptolemy/actor/lib/jjs/modules/httpServer/demo/KeyValueStoreClient/KeyValueStoreClient
----------------- Mon Jan 20 07:33:13 UTC 2020 About to sleep for 5.0 seconds before running or rerunning.  Test is: /home/travis/build/icyphy/ptII/ptolemy/actor/lib/jjs/modules/httpServer/demo/KeyValueStoreClient/KeyValueStoreClient.xml
Done sleeping
Running .KeyValueStoreClient
KeyValueStore: Making an HTTP request. (Thread[AWT-EventQueue-0,6,main])
KeyValueStore: Making an HTTP request. (Thread[AWT-EventQueue-0,6,main])
KeyValueStore: Making an HTTP request. (Thread[AWT-EventQueue-0,6,main])
KeyValueStore: Making an HTTP request. (Thread[AWT-EventQueue-0,6,main])
KeyValueStore: Making an HTTP request. (Thread[AWT-EventQueue-0,6,main])
KeyValueStore: Making an HTTP request. (Thread[AWT-EventQueue-0,6,main])
KeyValueStore: Making an HTTP request. (Thread[AWT-EventQueue-0,6,main])
KeyValueStore: Making an HTTP request. (Thread[AWT-EventQueue-0,6,main])
KeyValueStore: Making an HTTP request. (Thread[AWT-EventQueue-0,6,main])
KeyValueStore: Making an HTTP request. (Thread[AWT-EventQueue-0,6,main])
KeyValueStore: Making an HTTP request. (Thread[AWT-EventQueue-0,6,main])
ExportHTMLTimer went off after 30000 ms., calling getDirector().finish and getDirector().stopFire()
30042 ms. Memory: 3274752K Free: 1726974K (53%)
Exported /home/travis/build/icyphy/ptII/ptolemy/actor/lib/jjs/modules/httpServer/demo/KeyValueStoreClient/KeyValueStoreClient/index.html
39112 ms. Memory: 3274752K Free: 1695204K (52%)
####### 40 Mon Jan 20 07:33:57 UTC 2020 $PTII/bin/ptinvoke ptolemy.vergil.basic.export.ExportModel -force htm -run -openComposites -timeOut 30000 -whiteBackground ptolemy/actor/lib/jjs/modules/httpServer/demo/KeyValueStoreClient/KeyValueStoreServer.xml $PTII/ptolemy/actor/lib/jjs/modules/httpServer/demo/KeyValueStoreClient/KeyValueStoreServer
----------------- Mon Jan 20 07:33:57 UTC 2020 About to sleep for 5.0 seconds before running or rerunning.  Test is: /home/travis/build/icyphy/ptII/ptolemy/actor/lib/jjs/modules/httpServer/demo/KeyValueStoreClient/KeyValueStoreServer.xml
Done sleeping
Opened file:/home/travis/build/icyphy/ptII/ptolemy/actor/lib/jjs/modules/httpServer/demo/KeyValueStoreClient/KeyValueStoreServer.xml in 10818 ms.
Size Statistics for .KeyValueStoreServer
AtomicEntities: 9
CompositeEntities: 0
OpaqueCompositeEntities: 0
Relations: 17
Attributes: 62
Atomic Actor Names and Counts:
ptolemy.actor.lib.jjs.JavaScript 6
org.terraswarm.accessor.JSAccessor 1
ptolemy.actor.lib.Dictionary 1
ptolemy.actor.lib.conversions.json.TokenToJSON 1

Composite Entity Depths and Counts:

Running .KeyValueStoreServer
preinitialize() finished: 10906 ms. Memory: 3274752K Free: 1674752K (51%)
WebServer: WebServer: Creating new server. (Thread[AWT-EventQueue-0,6,main])
WebServer: WebServer: Listening for requests. (Thread[vert.x-eventloop-thread-2,6,main])
Manager.initialize() finished: 18541 ms. Memory: 3274752K Free: 1773056K (54%)
ExportHTMLTimer went off after 30000 ms., calling getDirector().finish and getDirector().stopFire()
WebServer: WebServer: Stopping the server. (Thread[AWT-EventQueue-0,6,main])
30077 ms. Memory: 3274752K Free: 1750528K (53%)
Exported /home/travis/build/icyphy/ptII/ptolemy/actor/lib/jjs/modules/httpServer/demo/KeyValueStoreClient/KeyValueStoreServer/index.html
45042 ms. Memory: 3274752K Free: 1699709K (52%)
####### 41 Mon Jan 20 07:34:47 UTC 2020 $PTII/bin/ptinvoke ptolemy.vergil.basic.export.ExportModel -force htm -run -openComposites -timeOut 30000 -whiteBackground ptolemy/actor/lib/jjs/modules/httpServer/demo/KeyValueStoreClient/KeyValueStoreServerTerra.xml $PTII/ptolemy/actor/lib/jjs/modules/httpServer/demo/KeyValueStoreClient/KeyValueStoreServerTerra
----------------- Mon Jan 20 07:34:47 UTC 2020 About to sleep for 5.0 seconds before running or rerunning.  Test is: /home/travis/build/icyphy/ptII/ptolemy/actor/lib/jjs/modules/httpServer/demo/KeyValueStoreClient/KeyValueStoreServerTerra.xml
Done sleeping
Opened file:/home/travis/build/icyphy/ptII/ptolemy/actor/lib/jjs/modules/httpServer/demo/KeyValueStoreClient/KeyValueStoreServerTerra.xml in 11800 ms.
Size Statistics for .KeyValueStoreServerTerra
AtomicEntities: 9
CompositeEntities: 0
OpaqueCompositeEntities: 0
Relations: 17
Attributes: 62
Atomic Actor Names and Counts:
ptolemy.actor.lib.jjs.JavaScript 6
org.terraswarm.accessor.JSAccessor 1
ptolemy.actor.lib.Dictionary 1
ptolemy.actor.lib.conversions.json.TokenToJSON 1

Composite Entity Depths and Counts:

Running .KeyValueStoreServerTerra
preinitialize() finished: 12236 ms. Memory: 3274752K Free: 1350142K (41%)
WebServer: WebServer: Creating new server. (Thread[AWT-EventQueue-0,6,main])
WebServer: WebServer: Listening for requests. (Thread[vert.x-eventloop-thread-0,6,main])
Manager.initialize() finished: 21140 ms. Memory: 3274752K Free: 1608190K (49%)
ExportHTMLTimer went off after 30000 ms., calling getDirector().finish and getDirector().stopFire()
WebServer: WebServer: Stopping the server. (Thread[AWT-EventQueue-0,6,main])
30121 ms. Memory: 3274752K Free: 1596926K (49%)
Exported /home/travis/build/icyphy/ptII/ptolemy/actor/lib/jjs/modules/httpServer/demo/KeyValueStoreClient/KeyValueStoreServerTerra/index.html
46050 ms. Memory: 3274752K Free: 1624379K (50%)
####### 42 Mon Jan 20 07:35:38 UTC 2020 $PTII/bin/ptinvoke ptolemy.vergil.basic.export.ExportModel -force htm -run -openComposites -timeOut 30000 -whiteBackground ptolemy/actor/lib/jjs/modules/httpServer/demo/WebServer/WebServer.xml $PTII/ptolemy/actor/lib/jjs/modules/httpServer/demo/WebServer/WebServer
----------------- Mon Jan 20 07:35:38 UTC 2020 About to sleep for 5.0 seconds before running or rerunning.  Test is: /home/travis/build/icyphy/ptII/ptolemy/actor/lib/jjs/modules/httpServer/demo/WebServer/WebServer.xml
Done sleeping
Running .WebServer
WebServer: WebServer: Creating new server. (Thread[AWT-EventQueue-0,6,main])
WebServer: WebServer: Listening for requests. (Thread[vert.x-eventloop-thread-1,6,main])
Manager.initialize() finished: 11359 ms. Memory: 3274752K Free: 1981440K (61%)
REST: Making an HTTP request. (Thread[AWT-EventQueue-0,6,main])
WebServer: Server received request. (Thread[AWT-EventQueue-0,6,main])
true
REST: Making an HTTP request. (Thread[AWT-EventQueue-0,6,main])
WebServer: Server received request. (Thread[AWT-EventQueue-0,6,main])
true
REST: Making an HTTP request. (Thread[AWT-EventQueue-0,6,main])
WebServer: Server received request. (Thread[AWT-EventQueue-0,6,main])
true
REST: Making an HTTP request. (Thread[AWT-EventQueue-0,6,main])
WebServer: Server received request. (Thread[AWT-EventQueue-0,6,main])
true
REST: Making an HTTP request. (Thread[AWT-EventQueue-0,6,main])
WebServer: Server received request. (Thread[AWT-EventQueue-0,6,main])
true
REST: Making an HTTP request. (Thread[AWT-EventQueue-0,6,main])
WebServer: Server received request. (Thread[AWT-EventQueue-0,6,main])
true
ExportHTMLTimer went off after 30000 ms., calling getDirector().finish and getDirector().stopFire()
WebServer: WebServer: Stopping the server. (Thread[AWT-EventQueue-0,6,main])
30044 ms. Memory: 3274752K Free: 1838080K (56%)
Exported /home/travis/build/icyphy/ptII/ptolemy/actor/lib/jjs/modules/httpServer/demo/WebServer/WebServer/index.html
40715 ms. Memory: 3274752K Free: 1807793K (55%)
####### 43 Mon Jan 20 07:36:24 UTC 2020 $PTII/bin/ptinvoke ptolemy.vergil.basic.export.ExportModel -force htm -run -openComposites -timeOut 30000 -whiteBackground ptolemy/actor/lib/jjs/modules/imageFilters/demo/ImageAnnotate/ImageAnnotate.xml $PTII/ptolemy/actor/lib/jjs/modules/imageFilters/demo/ImageAnnotate/ImageAnnotate
----------------- Mon Jan 20 07:36:24 UTC 2020 About to sleep for 5.0 seconds before running or rerunning.  Test is: /home/travis/build/icyphy/ptII/ptolemy/actor/lib/jjs/modules/imageFilters/demo/ImageAnnotate/ImageAnnotate.xml
Done sleeping
Running .ImageAnnotate
ExportHTMLTimer went off after 30000 ms., calling getDirector().finish and getDirector().stopFire()
30074 ms. Memory: 3276800K Free: 455731K (14%)
Exported /home/travis/build/icyphy/ptII/ptolemy/actor/lib/jjs/modules/imageFilters/demo/ImageAnnotate/ImageAnnotate/index.html
39477 ms. Memory: 3276800K Free: 418929K (13%)
####### 44 Mon Jan 20 07:37:08 UTC 2020 $PTII/bin/ptinvoke ptolemy.vergil.basic.export.ExportModel -force htm -run -openComposites -timeOut 30000 -whiteBackground ptolemy/actor/lib/jjs/modules/imageFilters/demo/ImageFilters/Annotate.xml $PTII/ptolemy/actor/lib/jjs/modules/imageFilters/demo/ImageFilters/Annotate
----------------- Mon Jan 20 07:37:08 UTC 2020 About to sleep for 5.0 seconds before running or rerunning.  Test is: /home/travis/build/icyphy/ptII/ptolemy/actor/lib/jjs/modules/imageFilters/demo/ImageFilters/Annotate.xml
Done sleeping
Running .Annotate
27241 ms. Memory: 3276800K Free: 348653K (11%)
Exported /home/travis/build/icyphy/ptII/ptolemy/actor/lib/jjs/modules/imageFilters/demo/ImageFilters/Annotate/index.html
34894 ms. Memory: 3276800K Free: 321994K (10%)
####### 45 Mon Jan 20 07:37:48 UTC 2020 $PTII/bin/ptinvoke ptolemy.vergil.basic.export.ExportModel -force htm -run -openComposites -timeOut 30000 -whiteBackground ptolemy/actor/lib/jjs/modules/imageFilters/demo/ImageFilters/Average.xml $PTII/ptolemy/actor/lib/jjs/modules/imageFilters/demo/ImageFilters/Average
----------------- Mon Jan 20 07:37:48 UTC 2020 About to sleep for 5.0 seconds before running or rerunning.  Test is: /home/travis/build/icyphy/ptII/ptolemy/actor/lib/jjs/modules/imageFilters/demo/ImageFilters/Average.xml
Done sleeping
Running .Average
26729 ms. Memory: 3276800K Free: 1169408K (36%)
Exported /home/travis/build/icyphy/ptII/ptolemy/actor/lib/jjs/modules/imageFilters/demo/ImageFilters/Average/index.html
34722 ms. Memory: 3276800K Free: 1143270K (35%)
####### 46 Mon Jan 20 07:38:28 UTC 2020 $PTII/bin/ptinvoke ptolemy.vergil.basic.export.ExportModel -force htm -run -openComposites -timeOut 30000 -whiteBackground ptolemy/actor/lib/jjs/modules/imageFilters/demo/ImageFilters/BicubicScale.xml $PTII/ptolemy/actor/lib/jjs/modules/imageFilters/demo/ImageFilters/BicubicScale
----------------- Mon Jan 20 07:38:28 UTC 2020 About to sleep for 5.0 seconds before running or rerunning.  Test is: /home/travis/build/icyphy/ptII/ptolemy/actor/lib/jjs/modules/imageFilters/demo/ImageFilters/BicubicScale.xml
Done sleeping
Running .BicubicScale
26706 ms. Memory: 3276800K Free: 434143K (13%)
Exported /home/travis/build/icyphy/ptII/ptolemy/actor/lib/jjs/modules/imageFilters/demo/ImageFilters/BicubicScale/index.html
33955 ms. Memory: 3276800K Free: 410060K (13%)
####### 47 Mon Jan 20 07:39:07 UTC 2020 $PTII/bin/ptinvoke ptolemy.vergil.basic.export.ExportModel -force htm -run -openComposites -timeOut 30000 -whiteBackground ptolemy/actor/lib/jjs/modules/imageFilters/demo/ImageFilters/Block.xml $PTII/ptolemy/actor/lib/jjs/modules/imageFilters/demo/ImageFilters/Block
----------------- Mon Jan 20 07:39:07 UTC 2020 About to sleep for 5.0 seconds before running or rerunning.  Test is: /home/travis/build/icyphy/ptII/ptolemy/actor/lib/jjs/modules/imageFilters/demo/ImageFilters/Block.xml
Done sleeping
Running .Block
26854 ms. Memory: 3276800K Free: 1297406K (40%)
Exported /home/travis/build/icyphy/ptII/ptolemy/actor/lib/jjs/modules/imageFilters/demo/ImageFilters/Block/index.html
34381 ms. Memory: 3276800K Free: 1271275K (39%)
####### 48 Mon Jan 20 07:39:46 UTC 2020 $PTII/bin/ptinvoke ptolemy.vergil.basic.export.ExportModel -force htm -run -openComposites -timeOut 30000 -whiteBackground ptolemy/actor/lib/jjs/modules/imageFilters/demo/ImageFilters/Border.xml $PTII/ptolemy/actor/lib/jjs/modules/imageFilters/demo/ImageFilters/Border
----------------- Mon Jan 20 07:39:46 UTC 2020 About to sleep for 5.0 seconds before running or rerunning.  Test is: /home/travis/build/icyphy/ptII/ptolemy/actor/lib/jjs/modules/imageFilters/demo/ImageFilters/Border.xml
Done sleeping
Running .Border
27471 ms. Memory: 3276800K Free: 920064K (28%)
Exported /home/travis/build/icyphy/ptII/ptolemy/actor/lib/jjs/modules/imageFilters/demo/ImageFilters/Border/index.html
35123 ms. Memory: 3276800K Free: 893929K (27%)
####### 49 Mon Jan 20 07:40:26 UTC 2020 $PTII/bin/ptinvoke ptolemy.vergil.basic.export.ExportModel -force htm -run -openComposites -timeOut 30000 -whiteBackground ptolemy/actor/lib/jjs/modules/imageFilters/demo/ImageFilters/BoxBlur.xml $PTII/ptolemy/actor/lib/jjs/modules/imageFilters/demo/ImageFilters/BoxBlur
----------------- Mon Jan 20 07:40:26 UTC 2020 About to sleep for 5.0 seconds before running or rerunning.  Test is: /home/travis/build/icyphy/ptII/ptolemy/actor/lib/jjs/modules/imageFilters/demo/ImageFilters/BoxBlur.xml
Done sleeping
Running .BoxBlur
26601 ms. Memory: 3276800K Free: 636416K (19%)
Exported /home/travis/build/icyphy/ptII/ptolemy/actor/lib/jjs/modules/imageFilters/demo/ImageFilters/BoxBlur/index.html
34894 ms. Memory: 3276800K Free: 610276K (19%)
####### 50 Mon Jan 20 07:41:06 UTC 2020 $PTII/bin/ptinvoke ptolemy.vergil.basic.export.ExportModel -force htm -run -openComposites -timeOut 30000 -whiteBackground ptolemy/actor/lib/jjs/modules/imageFilters/demo/ImageFilters/Bump.xml $PTII/ptolemy/actor/lib/jjs/modules/imageFilters/demo/ImageFilters/Bump
----------------- Mon Jan 20 07:41:06 UTC 2020 About to sleep for 5.0 seconds before running or rerunning.  Test is: /home/travis/build/icyphy/ptII/ptolemy/actor/lib/jjs/modules/imageFilters/demo/ImageFilters/Bump.xml
Done sleeping
Running .Bump
27680 ms. Memory: 3276800K Free: 84078K (3%)
Exported /home/travis/build/icyphy/ptII/ptolemy/actor/lib/jjs/modules/imageFilters/demo/ImageFilters/Bump/index.html
35264 ms. Memory: 3276800K Free: 57425K (2%)
####### 51 Mon Jan 20 07:41:46 UTC 2020 $PTII/bin/ptinvoke ptolemy.vergil.basic.export.ExportModel -force htm -run -openComposites -timeOut 30000 -whiteBackground ptolemy/actor/lib/jjs/modules/imageFilters/demo/ImageFilters/ChannelMix.xml $PTII/ptolemy/actor/lib/jjs/modules/imageFilters/demo/ImageFilters/ChannelMix
----------------- Mon Jan 20 07:41:46 UTC 2020 About to sleep for 5.0 seconds before running or rerunning.  Test is: /home/travis/build/icyphy/ptII/ptolemy/actor/lib/jjs/modules/imageFilters/demo/ImageFilters/ChannelMix.xml
Done sleeping
Running .ChannelMix
26607 ms. Memory: 3276800K Free: 252437K (8%)
Exported /home/travis/build/icyphy/ptII/ptolemy/actor/lib/jjs/modules/imageFilters/demo/ImageFilters/ChannelMix/index.html
34994 ms. Memory: 3276800K Free: 225284K (7%)
####### 52 Mon Jan 20 07:42:26 UTC 2020 $PTII/bin/ptinvoke ptolemy.vergil.basic.export.ExportModel -force htm -run -openComposites -timeOut 30000 -whiteBackground ptolemy/actor/lib/jjs/modules/imageFilters/demo/ImageFilters/Chrome.xml $PTII/ptolemy/actor/lib/jjs/modules/imageFilters/demo/ImageFilters/Chrome
----------------- Mon Jan 20 07:42:26 UTC 2020 About to sleep for 5.0 seconds before running or rerunning.  Test is: /home/travis/build/icyphy/ptII/ptolemy/actor/lib/jjs/modules/imageFilters/demo/ImageFilters/Chrome.xml
Done sleeping
Running .Chrome
ExportHTMLTimer went off after 30000 ms., calling getDirector().finish and getDirector().stopFire()
30084 ms. Memory: 3276800K Free: 158901K (5%)
Exported /home/travis/build/icyphy/ptII/ptolemy/actor/lib/jjs/modules/imageFilters/demo/ImageFilters/Chrome/index.html
37708 ms. Memory: 3276800K Free: 132768K (4%)
####### 53 Mon Jan 20 07:43:09 UTC 2020 $PTII/bin/ptinvoke ptolemy.vergil.basic.export.ExportModel -force htm -run -openComposites -timeOut 30000 -whiteBackground ptolemy/actor/lib/jjs/modules/imageFilters/demo/ImageFilters/Circle.xml $PTII/ptolemy/actor/lib/jjs/modules/imageFilters/demo/ImageFilters/Circle
----------------- Mon Jan 20 07:43:09 UTC 2020 About to sleep for 5.0 seconds before running or rerunning.  Test is: /home/travis/build/icyphy/ptII/ptolemy/actor/lib/jjs/modules/imageFilters/demo/ImageFilters/Circle.xml
Done sleeping
Running .Circle
27247 ms. Memory: 3276800K Free: 75708K (2%)
Exported /home/travis/build/icyphy/ptII/ptolemy/actor/lib/jjs/modules/imageFilters/demo/ImageFilters/Circle/index.html
35272 ms. Memory: 3276800K Free: 49063K (1%)
####### 54 Mon Jan 20 07:43:49 UTC 2020 $PTII/bin/ptinvoke ptolemy.vergil.basic.export.ExportModel -force htm -run -openComposites -timeOut 30000 -whiteBackground ptolemy/actor/lib/jjs/modules/imageFilters/demo/ImageFilters/ColorHalftone.xml $PTII/ptolemy/actor/lib/jjs/modules/imageFilters/demo/ImageFilters/ColorHalftone
----------------- Mon Jan 20 07:43:49 UTC 2020 About to sleep for 5.0 seconds before running or rerunning.  Test is: /home/travis/build/icyphy/ptII/ptolemy/actor/lib/jjs/modules/imageFilters/demo/ImageFilters/ColorHalftone.xml
Done sleeping
Running .ColorHalftone
27335 ms. Memory: 3276800K Free: 1263616K (39%)
Exported /home/travis/build/icyphy/ptII/ptolemy/actor/lib/jjs/modules/imageFilters/demo/ImageFilters/ColorHalftone/index.html
36139 ms. Memory: 3276800K Free: 1241574K (38%)
####### 55 Mon Jan 20 07:44:30 UTC 2020 $PTII/bin/ptinvoke ptolemy.vergil.basic.export.ExportModel -force htm -run -openComposites -timeOut 30000 -whiteBackground ptolemy/actor/lib/jjs/modules/imageFilters/demo/ImageFilters/Contour.xml $PTII/ptolemy/actor/lib/jjs/modules/imageFilters/demo/ImageFilters/Contour
----------------- Mon Jan 20 07:44:30 UTC 2020 About to sleep for 5.0 seconds before running or rerunning.  Test is: /home/travis/build/icyphy/ptII/ptolemy/actor/lib/jjs/modules/imageFilters/demo/ImageFilters/Contour.xml
Done sleeping
Running .Contour
28040 ms. Memory: 3276800K Free: 859646K (26%)
Exported /home/travis/build/icyphy/ptII/ptolemy/actor/lib/jjs/modules/imageFilters/demo/ImageFilters/Contour/index.html
35899 ms. Memory: 3276800K Free: 833513K (25%)
####### 56 Mon Jan 20 07:45:11 UTC 2020 $PTII/bin/ptinvoke ptolemy.vergil.basic.export.ExportModel -force htm -run -openComposites -timeOut 30000 -whiteBackground ptolemy/actor/lib/jjs/modules/imageFilters/demo/ImageFilters/Contrast.xml $PTII/ptolemy/actor/lib/jjs/modules/imageFilters/demo/ImageFilters/Contrast
----------------- Mon Jan 20 07:45:11 UTC 2020 About to sleep for 5.0 seconds before running or rerunning.  Test is: /home/travis/build/icyphy/ptII/ptolemy/actor/lib/jjs/modules/imageFilters/demo/ImageFilters/Contrast.xml
Done sleeping
Running .Contrast
28654 ms. Memory: 3276800K Free: 1033726K (32%)
Exported /home/travis/build/icyphy/ptII/ptolemy/actor/lib/jjs/modules/imageFilters/demo/ImageFilters/Contrast/index.html
36989 ms. Memory: 3276800K Free: 1006569K (31%)
####### 57 Mon Jan 20 07:45:53 UTC 2020 $PTII/bin/ptinvoke ptolemy.vergil.basic.export.ExportModel -force htm -run -openComposites -timeOut 30000 -whiteBackground ptolemy/actor/lib/jjs/modules/imageFilters/demo/ImageFilters/Crop.xml $PTII/ptolemy/actor/lib/jjs/modules/imageFilters/demo/ImageFilters/Crop
----------------- Mon Jan 20 07:45:53 UTC 2020 About to sleep for 5.0 seconds before running or rerunning.  Test is: /home/travis/build/icyphy/ptII/ptolemy/actor/lib/jjs/modules/imageFilters/demo/ImageFilters/Crop.xml
Done sleeping
Running .Crop
27238 ms. Memory: 3276800K Free: 404992K (12%)
Exported /home/travis/build/icyphy/ptII/ptolemy/actor/lib/jjs/modules/imageFilters/demo/ImageFilters/Crop/index.html
34941 ms. Memory: 3276800K Free: 380877K (12%)
####### 58 Mon Jan 20 07:46:33 UTC 2020 $PTII/bin/ptinvoke ptolemy.vergil.basic.export.ExportModel -force htm -run -openComposites -timeOut 30000 -whiteBackground ptolemy/actor/lib/jjs/modules/imageFilters/demo/ImageFilters/Crystallize.xml $PTII/ptolemy/actor/lib/jjs/modules/imageFilters/demo/ImageFilters/Crystallize
----------------- Mon Jan 20 07:46:33 UTC 2020 About to sleep for 5.0 seconds before running or rerunning.  Test is: /home/travis/build/icyphy/ptII/ptolemy/actor/lib/jjs/modules/imageFilters/demo/ImageFilters/Crystallize.xml
Done sleeping
Running .Crystallize
27692 ms. Memory: 3276800K Free: 191783K (6%)
Exported /home/travis/build/icyphy/ptII/ptolemy/actor/lib/jjs/modules/imageFilters/demo/ImageFilters/Crystallize/index.html
35332 ms. Memory: 3276800K Free: 165133K (5%)
####### 59 Mon Jan 20 07:47:14 UTC 2020 $PTII/bin/ptinvoke ptolemy.vergil.basic.export.ExportModel -force htm -run -openComposites -timeOut 30000 -whiteBackground ptolemy/actor/lib/jjs/modules/imageFilters/demo/ImageFilters/Gray.xml $PTII/ptolemy/actor/lib/jjs/modules/imageFilters/demo/ImageFilters/Gray
----------------- Mon Jan 20 07:47:14 UTC 2020 About to sleep for 5.0 seconds before running or rerunning.  Test is: /home/travis/build/icyphy/ptII/ptolemy/actor/lib/jjs/modules/imageFilters/demo/ImageFilters/Gray.xml
Done sleeping
Running .Gray
28482 ms. Memory: 3276800K Free: 200702K (6%)
Exported /home/travis/build/icyphy/ptII/ptolemy/actor/lib/jjs/modules/imageFilters/demo/ImageFilters/Gray/index.html
36407 ms. Memory: 3276800K Free: 174045K (5%)
####### 60 Mon Jan 20 07:47:55 UTC 2020 $PTII/bin/ptinvoke ptolemy.vergil.basic.export.ExportModel -force htm  -openComposites -timeOut 30000 -whiteBackground ptolemy/actor/lib/jjs/modules/imageFilters/demo/ImageFilters/ImageFilters.xml $PTII/ptolemy/actor/lib/jjs/modules/imageFilters/demo/ImageFilters/ImageFilters
Warning: not running ptolemy/actor/lib/jjs/modules/imageFilters/demo/ImageFilters/ImageFilters.xml. See ptolemy/vergil/basic/export/test/junit/ExportModelJUnitTest.java
----------------- Mon Jan 20 07:47:55 UTC 2020 About to sleep for 5.0 seconds before running or rerunning.  Test is: /home/travis/build/icyphy/ptII/ptolemy/actor/lib/jjs/modules/imageFilters/demo/ImageFilters/ImageFilters.xml
Done sleeping
[...]
[atomic-processor-1] INFO com.github.sarxos.webcam.ds.cgt.WebcamCloseTask - Closing Dummy Webcam 0
Warning: Nashorn engine is planned to be removed from a future JDK release
Warning: Nashorn engine is planned to be removed from a future JDK release
Warning: Nashorn engine is planned to be removed from a future JDK release
Warning: Nashorn engine is planned to be removed from a future JDK release
Warning: Nashorn engine is planned to be removed from a future JDK release
Warning: Nashorn engine is planned to be removed from a future JDK release
Warning: Nashorn engine is planned to be removed from a future JDK release
Warning: Nashorn engine is planned to be removed from a future JDK release
Warning: Nashorn engine is planned to be removed from a future JDK release
Warning: Nashorn engine is planned to be removed from a future JDK release
Warning: Nashorn engine is planned to be removed from a future JDK release
Warning: Nashorn engine is planned to be removed from a future JDK release
Warning: Nashorn engine is planned to be removed from a future JDK release
Warning: Nashorn engine is planned to be removed from a future JDK release
[atomic-processor-1] INFO com.github.sarxos.webcam.ds.cgt.WebcamOpenTask - Opening webcam Dummy Webcam 0
Warning: Nashorn engine is planned to be removed from a future JDK release
Warning: Nashorn engine is planned to be removed from a future JDK release
[atomic-processor-1] INFO com.github.sarxos.webcam.ds.cgt.WebcamCloseTask - Closing Dummy Webcam 0
Warning: Nashorn engine is planned to be removed from a future JDK release
Warning: Nashorn engine is planned to be removed from a future JDK release
Warning: Nashorn engine is planned to be removed from a future JDK release
Warning: Nashorn engine is planned to be removed from a future JDK release
Warning: Nashorn engine is planned to be removed from a future JDK release
Warning: Nashorn engine is planned to be removed from a future JDK release
Warning: Nashorn engine is planned to be removed from a future JDK release
Warning: Nashorn engine is planned to be removed from a future JDK release
Warning: Nashorn engine is planned to be removed from a future JDK release
Warning: Nashorn engine is planned to be removed from a future JDK release
Warning: Nashorn engine is planned to be removed from a future JDK release
Warning: Nashorn engine is planned to be removed from a future JDK release
Warning: Nashorn engine is planned to be removed from a future JDK release
Warning: Nashorn engine is planned to be removed from a future JDK release
[atomic-processor-1] INFO com.github.sarxos.webcam.ds.cgt.WebcamOpenTask - Opening webcam Dummy Webcam 0
Warning: Nashorn engine is planned to be removed from a future JDK release
Warning: Nashorn engine is planned to be removed from a future JDK release
[atomic-processor-1] INFO com.github.sarxos.webcam.ds.cgt.WebcamCloseTask - Closing Dummy Webcam 0
Warning: Nashorn engine is planned to be removed from a future JDK release
Warning: Nashorn engine is planned to be removed from a future JDK release
Warning: Nashorn engine is planned to be removed from a future JDK release
Warning: Nashorn engine is planned to be removed from a future JDK release
Warning: Nashorn engine is planned to be removed from a future JDK release
Warning: Nashorn engine is planned to be removed from a future JDK release
Warning: Nashorn engine is planned to be removed from a future JDK release
Warning: Nashorn engine is planned to be removed from a future JDK release
Warning: Nashorn engine is planned to be removed from a future JDK release
Warning: Nashorn engine is planned to be removed from a future JDK release
Warning: Nashorn engine is planned to be removed from a future JDK release
Warning: Nashorn engine is planned to be removed from a future JDK release
Warning: Nashorn engine is planned to be removed from a future JDK release
Warning: Nashorn engine is planned to be removed from a future JDK release
[atomic-processor-1] INFO com.github.sarxos.webcam.ds.cgt.WebcamOpenTask - Opening webcam Dummy Webcam 0
Warning: Nashorn engine is planned to be removed from a future JDK release
Warning: Nashorn engine is planned to be removed from a future JDK release
[atomic-processor-1] INFO com.github.sarxos.webcam.ds.cgt.WebcamCloseTask - Closing Dummy Webcam 0
Warning: Nashorn engine is planned to be removed from a future JDK release
Warning: Nashorn engine is planned to be removed from a future JDK release
Warning: Nashorn engine is planned to be removed from a future JDK release
Warning: Nashorn engine is planned to be removed from a future JDK release
Warning: Nashorn engine is planned to be removed from a future JDK release
Warning: Nashorn engine is planned to be removed from a future JDK release
Warning: Nashorn engine is planned to be removed from a future JDK release
Warning: Nashorn engine is planned to be removed from a future JDK release
Warning: Nashorn engine is planned to be removed from a future JDK release
Warning: Nashorn engine is planned to be removed from a future JDK release
Warning: Nashorn engine is planned to be removed from a future JDK release
Warning: Nashorn engine is planned to be removed from a future JDK release
Warning: Nashorn engine is planned to be removed from a future JDK release
Warning: Nashorn engine is planned to be removed from a future JDK release
[atomic-processor-1] INFO com.github.sarxos.webcam.ds.cgt.WebcamOpenTask - Opening webcam Dummy Webcam 0
Warning: Nashorn engine is planned to be removed from a future JDK release
Warning: Nashorn engine is planned to be removed from a future JDK release
[atomic-processor-1] INFO com.github.sarxos.webcam.ds.cgt.WebcamCloseTask - Closing Dummy Webcam 0
Warning: Nashorn engine is planned to be removed from a future JDK release
Warning: Nashorn engine is planned to be removed from a future JDK release
Warning: Nashorn engine is planned to be removed from a future JDK release
Warning: Nashorn engine is planned to be removed from a future JDK release
Warning: Nashorn engine is planned to be removed from a future JDK release
Warning: Nashorn engine is planned to be removed from a future JDK release
Warning: Nashorn engine is planned to be removed from a future JDK release
Warning: Nashorn engine is planned to be removed from a future JDK release
Warning: Nashorn engine is planned to be removed from a future JDK release
Warning: Nashorn engine is planned to be removed from a future JDK release
Warning: Nashorn engine is planned to be removed from a future JDK release
Warning: Nashorn engine is planned to be removed from a future JDK release
Warning: Nashorn engine is planned to be removed from a future JDK release
Warning: Nashorn engine is planned to be removed from a future JDK release
[atomic-processor-1] INFO com.github.sarxos.webcam.ds.cgt.WebcamOpenTask - Opening webcam Dummy Webcam 0
Warning: Nashorn engine is planned to be removed from a future JDK release
Warning: Nashorn engine is planned to be removed from a future JDK release
[atomic-processor-1] INFO com.github.sarxos.webcam.ds.cgt.WebcamCloseTask - Closing Dummy Webcam 0
Warning: Nashorn engine is planned to be removed from a future JDK release
Warning: Nashorn engine is planned to be removed from a future JDK release
Warning: Nashorn engine is planned to be removed from a future JDK release
Warning: Nashorn engine is planned to be removed from a future JDK release
Warning: Nashorn engine is planned to be removed from a future JDK release
Warning: Nashorn engine is planned to be removed from a future JDK release
Warning: Nashorn engine is planned to be removed from a future JDK release
Warning: Nashorn engine is planned to be removed from a future JDK release
Warning: Nashorn engine is planned to be removed from a future JDK release
Warning: Nashorn engine is planned to be removed from a future JDK release
Warning: Nashorn engine is planned to be removed from a future JDK release
Warning: Nashorn engine is planned to be removed from a future JDK release
Warning: Nashorn engine is planned to be removed from a future JDK release
Warning: Nashorn engine is planned to be removed from a future JDK release
[atomic-processor-1] INFO com.github.sarxos.webcam.ds.cgt.WebcamOpenTask - Opening webcam Dummy Webcam 0
Warning: Nashorn engine is planned to be removed from a future JDK release
Warning: Nashorn engine is planned to be removed from a future JDK release
WARNING: Invoking send() too late (probably in a callback), so Camera is not able to send the token {type="class ptolemy.data.AWTImageToken", width="640", height="480"} to the output image. Token is discarded.
[atomic-processor-1] INFO com.github.sarxos.webcam.ds.cgt.WebcamCloseTask - Closing Dummy Webcam 0
WARNING: Camera: Model stopped before executing actions (e.g. producing outputs) scheduled for execution at times [21.377000000000002, 21.986, 20.051000000000002, 20.66, 20.863, 19.61, 21.275000000000002, 21.172, 20.964000000000002, 22.088, 19.949, 20.152, 20.761, 22.192, 22.296, 19.508, 21.580000000000002, 21.783, 20.254, 20.457, 22.535, 20.356, 20.559, 19.846, 21.682000000000002, 21.885, 21.479, 19.712, 22.408, 21.066000000000003]
Warning: Nashorn engine is planned to be removed from a future JDK release
Warning: Nashorn engine is planned to be removed from a future JDK release
Warning: Nashorn engine is planned to be removed from a future JDK release
Warning: Nashorn engine is planned to be removed from a future JDK release
Warning: Nashorn engine is planned to be removed from a future JDK release
Warning: Nashorn engine is planned to be removed from a future JDK release
Warning: Nashorn engine is planned to be removed from a future JDK release
Warning: Nashorn engine is planned to be removed from a future JDK release
Warning: Nashorn engine is planned to be removed from a future JDK release
Warning: Nashorn engine is planned to be removed from a future JDK release
Warning: Nashorn engine is planned to be removed from a future JDK release
Warning: Nashorn engine is planned to be removed from a future JDK release
Warning: Nashorn engine is planned to be removed from a future JDK release
Warning: Nashorn engine is planned to be removed from a future JDK release
[atomic-processor-1] INFO com.github.sarxos.webcam.ds.cgt.WebcamOpenTask - Opening webcam Dummy Webcam 0
Warning: Nashorn engine is planned to be removed from a future JDK release
Warning: Nashorn engine is planned to be removed from a future JDK release
[atomic-processor-1] INFO com.github.sarxos.webcam.ds.cgt.WebcamCloseTask - Closing Dummy Webcam 0
Warning: Nashorn engine is planned to be removed from a future JDK release
Warning: Nashorn engine is planned to be removed from a future JDK release
Warning: Nashorn engine is planned to be removed from a future JDK release
Warning: Nashorn engine is planned to be removed from a future JDK release
Warning: Nashorn engine is planned to be removed from a future JDK release
Warning: Nashorn engine is planned to be removed from a future JDK release
Warning: Nashorn engine is planned to be removed from a future JDK release
Warning: Nashorn engine is planned to be removed from a future JDK release
Warning: Nashorn engine is planned to be removed from a future JDK release
Warning: Nashorn engine is planned to be removed from a future JDK release
Warning: Nashorn engine is planned to be removed from a future JDK release
Warning: Nashorn engine is planned to be removed from a future JDK release
Warning: Nashorn engine is planned to be removed from a future JDK release
Warning: Nashorn engine is planned to be removed from a future JDK release
[atomic-processor-1] INFO com.github.sarxos.webcam.ds.cgt.WebcamOpenTask - Opening webcam Dummy Webcam 0
Warning: Nashorn engine is planned to be removed from a future JDK release
Warning: Nashorn engine is planned to be removed from a future JDK release
[atomic-processor-1] INFO com.github.sarxos.webcam.ds.cgt.WebcamCloseTask - Closing Dummy Webcam 0
WARNING: Camera: Model stopped before executing actions (e.g. producing outputs) scheduled for execution at times [20.064, 20.166]
Warning: Nashorn engine is planned to be removed from a future JDK release
ClipPlayer: Error in ClipPlayer: Read timed out
MediaException: MEDIA_INACCESSIBLE : Read timed out
	at javafx.media/javafx.scene.media.Media._setError(Media.java:513)
	at javafx.media/javafx.scene.media.Media$InitLocator.run(Media.java:564)
	at java.base/java.lang.Thread.run(Thread.java:834)
Warning: Nashorn engine is planned to be removed from a future JDK release
Warning: Nashorn engine is planned to be removed from a future JDK release
Warning: Nashorn engine is planned to be removed from a future JDK release
Warning: Nashorn engine is planned to be removed from a future JDK release
Warning: Nashorn engine is planned to be removed from a future JDK release
Warning: Nashorn engine is planned to be removed from a future JDK release
Warning: Nashorn engine is planned to be removed from a future JDK release
Warning: Nashorn engine is planned to be removed from a future JDK release
Warning: Nashorn engine is planned to be removed from a future JDK release
Warning: Nashorn engine is planned to be removed from a future JDK release
Warning: Nashorn engine is planned to be removed from a future JDK release
Warning: Nashorn engine is planned to be removed from a future JDK release
Warning: Nashorn engine is planned to be removed from a future JDK release
[atomic-processor-1] INFO com.github.sarxos.webcam.ds.cgt.WebcamOpenTask - Opening webcam Dummy Webcam 0
Warning: Nashorn engine is planned to be removed from a future JDK release
Warning: Nashorn engine is planned to be removed from a future JDK release
WARNING: Invoking send() too late (probably in a callback), so Camera is not able to send the token {type="class ptolemy.data.AWTImageToken", width="640", height="480"} to the output image. Token is discarded.
[atomic-processor-1] INFO com.github.sarxos.webcam.ds.cgt.WebcamCloseTask - Closing Dummy Webcam 0
Warning: Nashorn engine is planned to be removed from a future JDK release
Warning: Nashorn engine is planned to be removed from a future JDK release
Warning: Nashorn engine is planned to be removed from a future JDK release
Warning: Nashorn engine is planned to be removed from a future JDK release
Warning: Nashorn engine is planned to be removed from a future JDK release
Warning: Nashorn engine is planned to be removed from a future JDK release
Warning: Nashorn engine is planned to be removed from a future JDK release
Warning: Nashorn engine is planned to be removed from a future JDK release
Warning: Nashorn engine is planned to be removed from a future JDK release
Warning: Nashorn engine is planned to be removed from a future JDK release
Warning: Nashorn engine is planned to be removed from a future JDK release
Warning: Nashorn engine is planned to be removed from a future JDK release
Warning: Nashorn engine is planned to be removed from a future JDK release
Warning: Nashorn engine is planned to be removed from a future JDK release
[atomic-processor-1] INFO com.github.sarxos.webcam.ds.cgt.WebcamOpenTask - Opening webcam Dummy Webcam 0
Warning: Nashorn engine is planned to be removed from a future JDK release
Warning: Nashorn engine is planned to be removed from a future JDK release
[atomic-processor-1] INFO com.github.sarxos.webcam.ds.cgt.WebcamCloseTask - Closing Dummy Webcam 0
Warning: Nashorn engine is planned to be removed from a future JDK release
Warning: Nashorn engine is planned to be removed from a future JDK release
Warning: Nashorn engine is planned to be removed from a future JDK release
Warning: Nashorn engine is planned to be removed from a future JDK release
Warning: Nashorn engine is planned to be removed from a future JDK release
Warning: Nashorn engine is planned to be removed from a future JDK release
Warning: Nashorn engine is planned to be removed from a future JDK release
Warning: Nashorn engine is planned to be removed from a future JDK release
Warning: Nashorn engine is planned to be removed from a future JDK release
Warning: Nashorn engine is planned to be removed from a future JDK release
Warning: Nashorn engine is planned to be removed from a future JDK release
Warning: Nashorn engine is planned to be removed from a future JDK release
Warning: Nashorn engine is planned to be removed from a future JDK release
Warning: Nashorn engine is planned to be removed from a future JDK release
[atomic-processor-1] INFO com.github.sarxos.webcam.ds.cgt.WebcamOpenTask - Opening webcam Dummy Webcam 0
Warning: Nashorn engine is planned to be removed from a future JDK release
Warning: Nashorn engine is planned to be removed from a future JDK release
[atomic-processor-1] INFO com.github.sarxos.webcam.ds.cgt.WebcamCloseTask - Closing Dummy Webcam 0
Warning: Nashorn engine is planned to be removed from a future JDK release
Warning: Nashorn engine is planned to be removed from a future JDK release
Warning: Nashorn engine is planned to be removed from a future JDK release
Warning: Nashorn engine is planned to be removed from a future JDK release
Warning: Nashorn engine is planned to be removed from a future JDK release
Warning: Nashorn engine is planned to be removed from a future JDK release
Warning: Nashorn engine is planned to be removed from a future JDK release
Warning: Nashorn engine is planned to be removed from a future JDK release
Warning: Nashorn engine is planned to be removed from a future JDK release
Warning: Nashorn engine is planned to be removed from a future JDK release
Warning: Nashorn engine is planned to be removed from a future JDK release
Warning: Nashorn engine is planned to be removed from a future JDK release
Warning: Nashorn engine is planned to be removed from a future JDK release
Warning: Nashorn engine is planned to be removed from a future JDK release
[atomic-processor-1] INFO com.github.sarxos.webcam.ds.cgt.WebcamOpenTask - Opening webcam Dummy Webcam 0
Warning: Nashorn engine is planned to be removed from a future JDK release
Warning: Nashorn engine is planned to be removed from a future JDK release
WARNING: Invoking send() too late (probably in a callback), so Camera is not able to send the token {type="class ptolemy.data.AWTImageToken", width="640", height="480"} to the output image. Token is discarded.
[atomic-processor-1] INFO com.github.sarxos.webcam.ds.cgt.WebcamCloseTask - Closing Dummy Webcam 0
Warning: Nashorn engine is planned to be removed from a future JDK release
Warning: Nashorn engine is planned to be removed from a future JDK release
Warning: Nashorn engine is planned to be removed from a future JDK release
Warning: Nashorn engine is planned to be removed from a future JDK release
Warning: Nashorn engine is planned to be removed from a future JDK release
Warning: Nashorn engine is planned to be removed from a future JDK release
Warning: Nashorn engine is planned to be removed from a future JDK release
Warning: Nashorn engine is planned to be removed from a future JDK release
Warning: Nashorn engine is planned to be removed from a future JDK release
Warning: Nashorn engine is planned to be removed from a future JDK release
Warning: Nashorn engine is planned to be removed from a future JDK release
Warning: Nashorn engine is planned to be removed from a future JDK release
Warning: Nashorn engine is planned to be removed from a future JDK release
Warning: Nashorn engine is planned to be removed from a future JDK release
[atomic-processor-1] INFO com.github.sarxos.webcam.ds.cgt.WebcamOpenTask - Opening webcam Dummy Webcam 0
Warning: Nashorn engine is planned to be removed from a future JDK release
Warning: Nashorn engine is planned to be removed from a future JDK release
[atomic-processor-1] INFO com.github.sarxos.webcam.ds.cgt.WebcamCloseTask - Closing Dummy Webcam 0
]]></system-err>
</testsuite>
