<?xml version="1.0" encoding="UTF-8" ?>
<testsuite errors="0" failures="0" hostname="travis-job-25770abf-193f-40e5-8a49-82a9e3b960a3" name="ptolemy.domains.continuous.test.junit.JUnitTclTest" skipped="0" tests="156" time="69.902" timestamp="2019-12-27T06:29:51">
  <properties>
[...]
</properties>
  <testcase classname="ptolemy.util.test.junit.TclTests" name="[0] ThereAreNoTclTests (RunTclFile)" time="0.008" />
  <testcase classname="ptolemy.util.test.junit.AutoKnownFailedTests" name="[0] ThereAreNoKnowFailedTests (RunModel)" time="0.005" />
  <testcase classname="ptolemy.util.test.junit.AutoNameArchTests" name="[0] ThereAreNoAutoArchTests (RunModel)" time="0.025" />
  <testcase classname="ptolemy.util.test.junit.AutoTests" name="[0] /home/travis/build/icyphy/ptII/ptolemy/domains/continuous/test/auto/BouncingBall.xml (RunModel)" time="3.066" />
  <testcase classname="ptolemy.util.test.junit.AutoTests" name="[1] /home/travis/build/icyphy/ptII/ptolemy/domains/continuous/test/auto/BouncingBallWithoutGR.xml (RunModel)" time="0.934" />
  <testcase classname="ptolemy.util.test.junit.AutoTests" name="[2] /home/travis/build/icyphy/ptII/ptolemy/domains/continuous/test/auto/Brownian.xml (RunModel)" time="0.115" />
  <testcase classname="ptolemy.util.test.junit.AutoTests" name="[3] /home/travis/build/icyphy/ptII/ptolemy/domains/continuous/test/auto/CarTracking.xml (RunModel)" time="4.173" />
  <testcase classname="ptolemy.util.test.junit.AutoTests" name="[4] /home/travis/build/icyphy/ptII/ptolemy/domains/continuous/test/auto/CartPendulum.xml (RunModel)" time="0.592" />
  <testcase classname="ptolemy.util.test.junit.AutoTests" name="[5] /home/travis/build/icyphy/ptII/ptolemy/domains/continuous/test/auto/CausalityInterface10.xml (RunModel)" time="0.06" />
  <testcase classname="ptolemy.util.test.junit.AutoTests" name="[6] /home/travis/build/icyphy/ptII/ptolemy/domains/continuous/test/auto/CausalityInterface11.xml (RunModel)" time="0.033" />
  <testcase classname="ptolemy.util.test.junit.AutoTests" name="[7] /home/travis/build/icyphy/ptII/ptolemy/domains/continuous/test/auto/CausalityInterface12.xml (RunModel)" time="0.044" />
  <testcase classname="ptolemy.util.test.junit.AutoTests" name="[8] /home/travis/build/icyphy/ptII/ptolemy/domains/continuous/test/auto/CausalityInterface13.xml (RunModel)" time="0.035" />
  <testcase classname="ptolemy.util.test.junit.AutoTests" name="[9] /home/travis/build/icyphy/ptII/ptolemy/domains/continuous/test/auto/CausalityInterface14.xml (RunModel)" time="0.028" />
  <testcase classname="ptolemy.util.test.junit.AutoTests" name="[10] /home/travis/build/icyphy/ptII/ptolemy/domains/continuous/test/auto/CausalityInterface4.xml (RunModel)" time="0.038" />
  <testcase classname="ptolemy.util.test.junit.AutoTests" name="[11] /home/travis/build/icyphy/ptII/ptolemy/domains/continuous/test/auto/CausalityInterface5.xml (RunModel)" time="0.038" />
  <testcase classname="ptolemy.util.test.junit.AutoTests" name="[12] /home/travis/build/icyphy/ptII/ptolemy/domains/continuous/test/auto/CausalityInterface6.xml (RunModel)" time="0.02" />
  <testcase classname="ptolemy.util.test.junit.AutoTests" name="[13] /home/travis/build/icyphy/ptII/ptolemy/domains/continuous/test/auto/CausalityInterface7.xml (RunModel)" time="0.041" />
  <testcase classname="ptolemy.util.test.junit.AutoTests" name="[14] /home/travis/build/icyphy/ptII/ptolemy/domains/continuous/test/auto/CausalityInterface8.xml (RunModel)" time="0.032" />
  <testcase classname="ptolemy.util.test.junit.AutoTests" name="[15] /home/travis/build/icyphy/ptII/ptolemy/domains/continuous/test/auto/CausalityInterface9.xml (RunModel)" time="0.033" />
  <testcase classname="ptolemy.util.test.junit.AutoTests" name="[16] /home/travis/build/icyphy/ptII/ptolemy/domains/continuous/test/auto/CausalityInterfaceFeedback1.xml (RunModel)" time="0.019" />
  <testcase classname="ptolemy.util.test.junit.AutoTests" name="[17] /home/travis/build/icyphy/ptII/ptolemy/domains/continuous/test/auto/CausalityInterfaceFeedback2.xml (RunModel)" time="0.029" />
  <testcase classname="ptolemy.util.test.junit.AutoTests" name="[18] /home/travis/build/icyphy/ptII/ptolemy/domains/continuous/test/auto/CompareWithCurrentTime.xml (RunModel)" time="0.019" />
  <testcase classname="ptolemy.util.test.junit.AutoTests" name="[19] /home/travis/build/icyphy/ptII/ptolemy/domains/continuous/test/auto/ComparedClocks.xml (RunModel)" time="0.07" />
  <testcase classname="ptolemy.util.test.junit.AutoTests" name="[20] /home/travis/build/icyphy/ptII/ptolemy/domains/continuous/test/auto/ContinuousAOCClone.xml (RunModel)" time="2.512" />
  <testcase classname="ptolemy.util.test.junit.AutoTests" name="[21] /home/travis/build/icyphy/ptII/ptolemy/domains/continuous/test/auto/ContinuousClock.xml (RunModel)" time="0.087" />
  <testcase classname="ptolemy.util.test.junit.AutoTests" name="[22] /home/travis/build/icyphy/ptII/ptolemy/domains/continuous/test/auto/ContinuousInContinuous.xml (RunModel)" time="0.091" />
  <testcase classname="ptolemy.util.test.junit.AutoTests" name="[23] /home/travis/build/icyphy/ptII/ptolemy/domains/continuous/test/auto/ContinuousInContinuousInContinuous.xml (RunModel)" time="0.027" />
  <testcase classname="ptolemy.util.test.junit.AutoTests" name="[24] /home/travis/build/icyphy/ptII/ptolemy/domains/continuous/test/auto/ContinuousInDE.xml (RunModel)" time="0.119" />
  <testcase classname="ptolemy.util.test.junit.AutoTests" name="[25] /home/travis/build/icyphy/ptII/ptolemy/domains/continuous/test/auto/ContinuousInDE2.xml (RunModel)" time="0.045" />
  <testcase classname="ptolemy.util.test.junit.AutoTests" name="[26] /home/travis/build/icyphy/ptII/ptolemy/domains/continuous/test/auto/ContinuousInDE3.xml (RunModel)" time="0.051" />
  <testcase classname="ptolemy.util.test.junit.AutoTests" name="[27] /home/travis/build/icyphy/ptII/ptolemy/domains/continuous/test/auto/ContinuousInDE4.xml (RunModel)" time="0.035" />
  <testcase classname="ptolemy.util.test.junit.AutoTests" name="[28] /home/travis/build/icyphy/ptII/ptolemy/domains/continuous/test/auto/ContinuousInDEDifferentRefinements.xml (RunModel)" time="0.101" />
  <testcase classname="ptolemy.util.test.junit.AutoTests" name="[29] /home/travis/build/icyphy/ptII/ptolemy/domains/continuous/test/auto/ContinuousInDEDifferentRefinementsPreemptive.xml (RunModel)" time="0.088" />
  <testcase classname="ptolemy.util.test.junit.AutoTests" name="[30] /home/travis/build/icyphy/ptII/ptolemy/domains/continuous/test/auto/ContinuousInDEInContinuous2.xml (RunModel)" time="0.067" />
  <testcase classname="ptolemy.util.test.junit.AutoTests" name="[31] /home/travis/build/icyphy/ptII/ptolemy/domains/continuous/test/auto/ContinuousInDEInContinuous3.xml (RunModel)" time="0.059" />
  <testcase classname="ptolemy.util.test.junit.AutoTests" name="[32] /home/travis/build/icyphy/ptII/ptolemy/domains/continuous/test/auto/ContinuousInDEInput.xml (RunModel)" time="0.035" />
  <testcase classname="ptolemy.util.test.junit.AutoTests" name="[33] /home/travis/build/icyphy/ptII/ptolemy/domains/continuous/test/auto/ContinuousInDEInput2.xml (RunModel)" time="0.034" />
  <testcase classname="ptolemy.util.test.junit.AutoTests" name="[34] /home/travis/build/icyphy/ptII/ptolemy/domains/continuous/test/auto/ContinuousInDEInput3.xml (RunModel)" time="0.029" />
  <testcase classname="ptolemy.util.test.junit.AutoTests" name="[35] /home/travis/build/icyphy/ptII/ptolemy/domains/continuous/test/auto/ContinuousInDESharingRefinement.xml (RunModel)" time="0.191" />
  <testcase classname="ptolemy.util.test.junit.AutoTests" name="[36] /home/travis/build/icyphy/ptII/ptolemy/domains/continuous/test/auto/ContinuousInDEwithNoPorts.xml (RunModel)" time="0.017" />
  <testcase classname="ptolemy.util.test.junit.AutoTests" name="[37] /home/travis/build/icyphy/ptII/ptolemy/domains/continuous/test/auto/ContinuousInsideDE.xml (RunModel)" time="0.073" />
  <testcase classname="ptolemy.util.test.junit.AutoTests" name="[38] /home/travis/build/icyphy/ptII/ptolemy/domains/continuous/test/auto/ContinuousMerge1.xml (RunModel)" time="0.018" />
  <testcase classname="ptolemy.util.test.junit.AutoTests" name="[39] /home/travis/build/icyphy/ptII/ptolemy/domains/continuous/test/auto/ContinuousMerge2.xml (RunModel)" time="0.043" />
  <testcase classname="ptolemy.util.test.junit.AutoTests" name="[40] /home/travis/build/icyphy/ptII/ptolemy/domains/continuous/test/auto/ContinuousMerge3.xml (RunModel)" time="0.071" />
  <testcase classname="ptolemy.util.test.junit.AutoTests" name="[41] /home/travis/build/icyphy/ptII/ptolemy/domains/continuous/test/auto/ContinuousWithinContinuous.xml (RunModel)" time="0.053" />
  <testcase classname="ptolemy.util.test.junit.AutoTests" name="[42] /home/travis/build/icyphy/ptII/ptolemy/domains/continuous/test/auto/ContinuousWithinContinuous2.xml (RunModel)" time="0.08" />
  <testcase classname="ptolemy.util.test.junit.AutoTests" name="[43] /home/travis/build/icyphy/ptII/ptolemy/domains/continuous/test/auto/ContinuousWithinContinuous3.xml (RunModel)" time="0.031" />
  <testcase classname="ptolemy.util.test.junit.AutoTests" name="[44] /home/travis/build/icyphy/ptII/ptolemy/domains/continuous/test/auto/ContinuousWithinContinuous4.xml (RunModel)" time="0.085" />
  <testcase classname="ptolemy.util.test.junit.AutoTests" name="[45] /home/travis/build/icyphy/ptII/ptolemy/domains/continuous/test/auto/ContinuousWithinContinuous5.xml (RunModel)" time="0.025" />
  <testcase classname="ptolemy.util.test.junit.AutoTests" name="[46] /home/travis/build/icyphy/ptII/ptolemy/domains/continuous/test/auto/ContinuousWithinContinuous6.xml (RunModel)" time="0.024" />
  <testcase classname="ptolemy.util.test.junit.AutoTests" name="[47] /home/travis/build/icyphy/ptII/ptolemy/domains/continuous/test/auto/ContinuousWithinContinuous7.xml (RunModel)" time="0.067" />
  <testcase classname="ptolemy.util.test.junit.AutoTests" name="[48] /home/travis/build/icyphy/ptII/ptolemy/domains/continuous/test/auto/DCMotor.xml (RunModel)" time="12.47" />
  <testcase classname="ptolemy.util.test.junit.AutoTests" name="[49] /home/travis/build/icyphy/ptII/ptolemy/domains/continuous/test/auto/DEInContinuous.xml (RunModel)" time="0.032" />
  <testcase classname="ptolemy.util.test.junit.AutoTests" name="[50] /home/travis/build/icyphy/ptII/ptolemy/domains/continuous/test/auto/DEinContinuous2.xml (RunModel)" time="0.032" />
  <testcase classname="ptolemy.util.test.junit.AutoTests" name="[51] /home/travis/build/icyphy/ptII/ptolemy/domains/continuous/test/auto/Derivative.xml (RunModel)" time="0.148" />
  <testcase classname="ptolemy.util.test.junit.AutoTests" name="[52] /home/travis/build/icyphy/ptII/ptolemy/domains/continuous/test/auto/Derivative1.xml (RunModel)" time="0.045" />
  <testcase classname="ptolemy.util.test.junit.AutoTests" name="[53] /home/travis/build/icyphy/ptII/ptolemy/domains/continuous/test/auto/DiscreteClock.xml (RunModel)" time="0.017" />
  <testcase classname="ptolemy.util.test.junit.AutoTests" name="[54] /home/travis/build/icyphy/ptII/ptolemy/domains/continuous/test/auto/EfficiencyCurve.xml (RunModel)" time="0.083" />
  <testcase classname="ptolemy.util.test.junit.AutoTests" name="[55] /home/travis/build/icyphy/ptII/ptolemy/domains/continuous/test/auto/ExponentialResponse.xml (RunModel)" time="0.1" />
  <testcase classname="ptolemy.util.test.junit.AutoTests" name="[56] /home/travis/build/icyphy/ptII/ptolemy/domains/continuous/test/auto/ExponentialResponseRK45.xml (RunModel)" time="0.031" />
  <testcase classname="ptolemy.util.test.junit.AutoTests" name="[57] /home/travis/build/icyphy/ptII/ptolemy/domains/continuous/test/auto/Friction.xml (RunModel)" time="1.392" />
  <testcase classname="ptolemy.util.test.junit.AutoTests" name="[58] /home/travis/build/icyphy/ptII/ptolemy/domains/continuous/test/auto/FurutaPendulum.xml (RunModel)" time="2.984" />
  <testcase classname="ptolemy.util.test.junit.AutoTests" name="[59] /home/travis/build/icyphy/ptII/ptolemy/domains/continuous/test/auto/HierarchicalExecution.xml (RunModel)" time="2.059" />
  <testcase classname="ptolemy.util.test.junit.AutoTests" name="[60] /home/travis/build/icyphy/ptII/ptolemy/domains/continuous/test/auto/HybridPlant.xml (RunModel)" time="0.555" />
  <testcase classname="ptolemy.util.test.junit.AutoTests" name="[61] /home/travis/build/icyphy/ptII/ptolemy/domains/continuous/test/auto/Hysteresis.xml (RunModel)" time="0.185" />
  <testcase classname="ptolemy.util.test.junit.AutoTests" name="[62] /home/travis/build/icyphy/ptII/ptolemy/domains/continuous/test/auto/HysteresisWithRandomDelay.xml (RunModel)" time="0.211" />
  <testcase classname="ptolemy.util.test.junit.AutoTests" name="[63] /home/travis/build/icyphy/ptII/ptolemy/domains/continuous/test/auto/HysteresisWithRandomLosses.xml (RunModel)" time="2.297" />
  <testcase classname="ptolemy.util.test.junit.AutoTests" name="[64] /home/travis/build/icyphy/ptII/ptolemy/domains/continuous/test/auto/ImmediateTransitions.xml (RunModel)" time="0.032" />
  <testcase classname="ptolemy.util.test.junit.AutoTests" name="[65] /home/travis/build/icyphy/ptII/ptolemy/domains/continuous/test/auto/ImpulseFeedback.xml (RunModel)" time="0.02" />
  <testcase classname="ptolemy.util.test.junit.AutoTests" name="[66] /home/travis/build/icyphy/ptII/ptolemy/domains/continuous/test/auto/ImpulseFeedback2.xml (RunModel)" time="0.018" />
  <testcase classname="ptolemy.util.test.junit.AutoTests" name="[67] /home/travis/build/icyphy/ptII/ptolemy/domains/continuous/test/auto/IncreasingRatePoisson.xml (RunModel)" time="0.666" />
  <testcase classname="ptolemy.util.test.junit.AutoTests" name="[68] /home/travis/build/icyphy/ptII/ptolemy/domains/continuous/test/auto/InitialStateFeedback.xml (RunModel)" time="0.012" />
  <testcase classname="ptolemy.util.test.junit.AutoTests" name="[69] /home/travis/build/icyphy/ptII/ptolemy/domains/continuous/test/auto/Integration.xml (RunModel)" time="0.008" />
  <testcase classname="ptolemy.util.test.junit.AutoTests" name="[70] /home/travis/build/icyphy/ptII/ptolemy/domains/continuous/test/auto/Integration2.xml (RunModel)" time="0.087" />
  <testcase classname="ptolemy.util.test.junit.AutoTests" name="[71] /home/travis/build/icyphy/ptII/ptolemy/domains/continuous/test/auto/Integration3.xml (RunModel)" time="0.011" />
  <testcase classname="ptolemy.util.test.junit.AutoTests" name="[72] /home/travis/build/icyphy/ptII/ptolemy/domains/continuous/test/auto/Integration5.xml (RunModel)" time="0.008" />
  <testcase classname="ptolemy.util.test.junit.AutoTests" name="[73] /home/travis/build/icyphy/ptII/ptolemy/domains/continuous/test/auto/IntegratorImpulse.xml (RunModel)" time="0.009" />
  <testcase classname="ptolemy.util.test.junit.AutoTests" name="[74] /home/travis/build/icyphy/ptII/ptolemy/domains/continuous/test/auto/IntegratorImpulse2.xml (RunModel)" time="0.014" />
  <testcase classname="ptolemy.util.test.junit.AutoTests" name="[75] /home/travis/build/icyphy/ptII/ptolemy/domains/continuous/test/auto/LevelCrossing1.xml (RunModel)" time="0.01" />
  <testcase classname="ptolemy.util.test.junit.AutoTests" name="[76] /home/travis/build/icyphy/ptII/ptolemy/domains/continuous/test/auto/LevelCrossing2.xml (RunModel)" time="0.014" />
  <testcase classname="ptolemy.util.test.junit.AutoTests" name="[77] /home/travis/build/icyphy/ptII/ptolemy/domains/continuous/test/auto/LevelCrossing3.xml (RunModel)" time="0.01" />
  <testcase classname="ptolemy.util.test.junit.AutoTests" name="[78] /home/travis/build/icyphy/ptII/ptolemy/domains/continuous/test/auto/LevelCrossing4.xml (RunModel)" time="0.014" />
  <testcase classname="ptolemy.util.test.junit.AutoTests" name="[79] /home/travis/build/icyphy/ptII/ptolemy/domains/continuous/test/auto/LevelCrossing5.xml (RunModel)" time="0.013" />
  <testcase classname="ptolemy.util.test.junit.AutoTests" name="[80] /home/travis/build/icyphy/ptII/ptolemy/domains/continuous/test/auto/LevelCrossing6.xml (RunModel)" time="0.013" />
  <testcase classname="ptolemy.util.test.junit.AutoTests" name="[81] /home/travis/build/icyphy/ptII/ptolemy/domains/continuous/test/auto/LevelCrossingDetector.xml (RunModel)" time="0.038" />
  <testcase classname="ptolemy.util.test.junit.AutoTests" name="[82] /home/travis/build/icyphy/ptII/ptolemy/domains/continuous/test/auto/LevelCrossingDetectorDetectingDirections.xml (RunModel)" time="0.081" />
  <testcase classname="ptolemy.util.test.junit.AutoTests" name="[83] /home/travis/build/icyphy/ptII/ptolemy/domains/continuous/test/auto/LevelCrossingDetectorDetectsGlitches.xml (RunModel)" time="0.057" />
  <testcase classname="ptolemy.util.test.junit.AutoTests" name="[84] /home/travis/build/icyphy/ptII/ptolemy/domains/continuous/test/auto/LevelCrossingNoInitialOuput.xml (RunModel)" time="0.016" />
  <testcase classname="ptolemy.util.test.junit.AutoTests" name="[85] /home/travis/build/icyphy/ptII/ptolemy/domains/continuous/test/auto/LinearStateSpaceExample.xml (RunModel)" time="0.07" />
  <testcase classname="ptolemy.util.test.junit.AutoTests" name="[86] /home/travis/build/icyphy/ptII/ptolemy/domains/continuous/test/auto/Lorenz.xml (RunModel)" time="3.469" />
  <testcase classname="ptolemy.util.test.junit.AutoTests" name="[87] /home/travis/build/icyphy/ptII/ptolemy/domains/continuous/test/auto/LorenzDifferentialSystem.xml (RunModel)" time="1.036" />
  <testcase classname="ptolemy.util.test.junit.AutoTests" name="[88] /home/travis/build/icyphy/ptII/ptolemy/domains/continuous/test/auto/LorenzDifferentialSystemWithInput.xml (RunModel)" time="1.155" />
  <testcase classname="ptolemy.util.test.junit.AutoTests" name="[89] /home/travis/build/icyphy/ptII/ptolemy/domains/continuous/test/auto/LorenzDifferentialSystemWithTime.xml (RunModel)" time="0.626" />
  <testcase classname="ptolemy.util.test.junit.AutoTests" name="[90] /home/travis/build/icyphy/ptII/ptolemy/domains/continuous/test/auto/Microsteps.xml (RunModel)" time="0.026" />
  <testcase classname="ptolemy.util.test.junit.AutoTests" name="[91] /home/travis/build/icyphy/ptII/ptolemy/domains/continuous/test/auto/Modal1.xml (RunModel)" time="0.047" />
  <testcase classname="ptolemy.util.test.junit.AutoTests" name="[92] /home/travis/build/icyphy/ptII/ptolemy/domains/continuous/test/auto/Modal2.xml (RunModel)" time="0.046" />
  <testcase classname="ptolemy.util.test.junit.AutoTests" name="[93] /home/travis/build/icyphy/ptII/ptolemy/domains/continuous/test/auto/ModalTransitionGuardWithReset.xml (RunModel)" time="0.022" />
  <testcase classname="ptolemy.util.test.junit.AutoTests" name="[94] /home/travis/build/icyphy/ptII/ptolemy/domains/continuous/test/auto/ModalTransitionGuardWithResetUsingPreemptiveTransition.xml (RunModel)" time="0.029" />
  <testcase classname="ptolemy.util.test.junit.AutoTests" name="[95] /home/travis/build/icyphy/ptII/ptolemy/domains/continuous/test/auto/ModalTransitionGuardWithResetUsingPreemptiveTransition2.xml (RunModel)" time="0.031" />
  <testcase classname="ptolemy.util.test.junit.AutoTests" name="[96] /home/travis/build/icyphy/ptII/ptolemy/domains/continuous/test/auto/ModalTransitionGuardWithResetUsingPreemptiveTransition3.xml (RunModel)" time="0.031" />
  <testcase classname="ptolemy.util.test.junit.AutoTests" name="[97] /home/travis/build/icyphy/ptII/ptolemy/domains/continuous/test/auto/NewtonsCradle.xml (RunModel)" time="0.725" />
  <testcase classname="ptolemy.util.test.junit.AutoTests" name="[98] /home/travis/build/icyphy/ptII/ptolemy/domains/continuous/test/auto/NewtonsCradleAnimated.xml (RunModel)" time="1.227" />
  <testcase classname="ptolemy.util.test.junit.AutoTests" name="[99] /home/travis/build/icyphy/ptII/ptolemy/domains/continuous/test/auto/NewtonsCradleComplicated.xml (RunModel)" time="0.899" />
  <testcase classname="ptolemy.util.test.junit.AutoTests" name="[100] /home/travis/build/icyphy/ptII/ptolemy/domains/continuous/test/auto/NewtonsCradleNondeterministic.xml (RunModel)" time="0.697" />
  <testcase classname="ptolemy.util.test.junit.AutoTests" name="[101] /home/travis/build/icyphy/ptII/ptolemy/domains/continuous/test/auto/NewtonsCradlePerfectlyInelastic1.xml (RunModel)" time="1.158" />
  <testcase classname="ptolemy.util.test.junit.AutoTests" name="[102] /home/travis/build/icyphy/ptII/ptolemy/domains/continuous/test/auto/Noise.xml (RunModel)" time="0.176" />
  <testcase classname="ptolemy.util.test.junit.AutoTests" name="[103] /home/travis/build/icyphy/ptII/ptolemy/domains/continuous/test/auto/NoiseSpectrum.xml (RunModel)" time="0.639" />
  <testcase classname="ptolemy.util.test.junit.AutoTests" name="[104] /home/travis/build/icyphy/ptII/ptolemy/domains/continuous/test/auto/ParameterizedNewtonsCradleAnimated.xml (RunModel)" time="0.328" />
  <testcase classname="ptolemy.util.test.junit.AutoTests" name="[105] /home/travis/build/icyphy/ptII/ptolemy/domains/continuous/test/auto/ParameterizedNewtonsCradleAnimatedNondeterministic.xml (RunModel)" time="1.102" />
  <testcase classname="ptolemy.util.test.junit.AutoTests" name="[106] /home/travis/build/icyphy/ptII/ptolemy/domains/continuous/test/auto/Pendulum3D.xml (RunModel)" time="0.156" />
  <testcase classname="ptolemy.util.test.junit.AutoTests" name="[107] /home/travis/build/icyphy/ptII/ptolemy/domains/continuous/test/auto/PeriodicSampler.xml (RunModel)" time="0.009" />
  <testcase classname="ptolemy.util.test.junit.AutoTests" name="[108] /home/travis/build/icyphy/ptII/ptolemy/domains/continuous/test/auto/PeriodicSampler1.xml (RunModel)" time="0.037" />
  <testcase classname="ptolemy.util.test.junit.AutoTests" name="[109] /home/travis/build/icyphy/ptII/ptolemy/domains/continuous/test/auto/PeriodicSampler2.xml (RunModel)" time="0.071" />
  <testcase classname="ptolemy.util.test.junit.AutoTests" name="[110] /home/travis/build/icyphy/ptII/ptolemy/domains/continuous/test/auto/Poisson.xml (RunModel)" time="0.433" />
  <testcase classname="ptolemy.util.test.junit.AutoTests" name="[111] /home/travis/build/icyphy/ptII/ptolemy/domains/continuous/test/auto/PoissonClock.xml (RunModel)" time="0.016" />
  <testcase classname="ptolemy.util.test.junit.AutoTests" name="[112] /home/travis/build/icyphy/ptII/ptolemy/domains/continuous/test/auto/PoissonClock2.xml (RunModel)" time="0.012" />
  <testcase classname="ptolemy.util.test.junit.AutoTests" name="[113] /home/travis/build/icyphy/ptII/ptolemy/domains/continuous/test/auto/PortParameterHierarchy.xml (RunModel)" time="0.021" />
  <testcase classname="ptolemy.util.test.junit.AutoTests" name="[114] /home/travis/build/icyphy/ptII/ptolemy/domains/continuous/test/auto/RandomHybridPlant.xml (RunModel)" time="0.508" />
  <testcase classname="ptolemy.util.test.junit.AutoTests" name="[115] /home/travis/build/icyphy/ptII/ptolemy/domains/continuous/test/auto/ResetTransitionWithStartTime1.xml (RunModel)" time="0.029" />
  <testcase classname="ptolemy.util.test.junit.AutoTests" name="[116] /home/travis/build/icyphy/ptII/ptolemy/domains/continuous/test/auto/ResetTransitionWithStartTime2.xml (RunModel)" time="0.038" />
  <testcase classname="ptolemy.util.test.junit.AutoTests" name="[117] /home/travis/build/icyphy/ptII/ptolemy/domains/continuous/test/auto/ResetTransitionWithStartTime3.xml (RunModel)" time="0.039" />
  <testcase classname="ptolemy.util.test.junit.AutoTests" name="[118] /home/travis/build/icyphy/ptII/ptolemy/domains/continuous/test/auto/ResetTransitionWithStartTime4.xml (RunModel)" time="0.028" />
  <testcase classname="ptolemy.util.test.junit.AutoTests" name="[119] /home/travis/build/icyphy/ptII/ptolemy/domains/continuous/test/auto/ResetTransitionWithStartTime5.xml (RunModel)" time="0.031" />
  <testcase classname="ptolemy.util.test.junit.AutoTests" name="[120] /home/travis/build/icyphy/ptII/ptolemy/domains/continuous/test/auto/ResetTransitionWithStartTime6.xml (RunModel)" time="0.023" />
  <testcase classname="ptolemy.util.test.junit.AutoTests" name="[121] /home/travis/build/icyphy/ptII/ptolemy/domains/continuous/test/auto/SRinContinuous.xml (RunModel)" time="0.02" />
  <testcase classname="ptolemy.util.test.junit.AutoTests" name="[122] /home/travis/build/icyphy/ptII/ptolemy/domains/continuous/test/auto/SampledClocks.xml (RunModel)" time="0.032" />
  <testcase classname="ptolemy.util.test.junit.AutoTests" name="[123] /home/travis/build/icyphy/ptII/ptolemy/domains/continuous/test/auto/Satellite.xml (RunModel)" time="0.661" />
  <testcase classname="ptolemy.util.test.junit.AutoTests" name="[124] /home/travis/build/icyphy/ptII/ptolemy/domains/continuous/test/auto/SigmaDelta.xml (RunModel)" time="2.104" />
  <testcase classname="ptolemy.util.test.junit.AutoTests" name="[125] /home/travis/build/icyphy/ptII/ptolemy/domains/continuous/test/auto/SingleRefinement.xml (RunModel)" time="0.419" />
  <testcase classname="ptolemy.util.test.junit.AutoTests" name="[126] /home/travis/build/icyphy/ptII/ptolemy/domains/continuous/test/auto/SinuBouncingBall.xml (RunModel)" time="0.843" />
  <testcase classname="ptolemy.util.test.junit.AutoTests" name="[127] /home/travis/build/icyphy/ptII/ptolemy/domains/continuous/test/auto/Sinusoid.xml (RunModel)" time="0.014" />
  <testcase classname="ptolemy.util.test.junit.AutoTests" name="[128] /home/travis/build/icyphy/ptII/ptolemy/domains/continuous/test/auto/SinusoidInNoise.xml (RunModel)" time="0.867" />
  <testcase classname="ptolemy.util.test.junit.AutoTests" name="[129] /home/travis/build/icyphy/ptII/ptolemy/domains/continuous/test/auto/SinusoidRK45.xml (RunModel)" time="0.01" />
  <testcase classname="ptolemy.util.test.junit.AutoTests" name="[130] /home/travis/build/icyphy/ptII/ptolemy/domains/continuous/test/auto/SinusoidWithMultipleImpulses.xml (RunModel)" time="0.028" />
  <testcase classname="ptolemy.util.test.junit.AutoTests" name="[131] /home/travis/build/icyphy/ptII/ptolemy/domains/continuous/test/auto/SquareWave.xml (RunModel)" time="0.175" />
  <testcase classname="ptolemy.util.test.junit.AutoTests" name="[132] /home/travis/build/icyphy/ptII/ptolemy/domains/continuous/test/auto/Starmac.xml (RunModel)" time="3.361" />
  <testcase classname="ptolemy.util.test.junit.AutoTests" name="[133] /home/travis/build/icyphy/ptII/ptolemy/domains/continuous/test/auto/StaticUnits.xml (RunModel)" time="2.132" />
  <testcase classname="ptolemy.util.test.junit.AutoTests" name="[134] /home/travis/build/icyphy/ptII/ptolemy/domains/continuous/test/auto/StickyMasses.xml (RunModel)" time="0.182" />
  <testcase classname="ptolemy.util.test.junit.AutoTests" name="[135] /home/travis/build/icyphy/ptII/ptolemy/domains/continuous/test/auto/StopTime.xml (RunModel)" time="0.06" />
  <testcase classname="ptolemy.util.test.junit.AutoTests" name="[136] /home/travis/build/icyphy/ptII/ptolemy/domains/continuous/test/auto/StopTime2.xml (RunModel)" time="0.052" />
  <testcase classname="ptolemy.util.test.junit.AutoTests" name="[137] /home/travis/build/icyphy/ptII/ptolemy/domains/continuous/test/auto/Switch.xml (RunModel)" time="0.06" />
  <testcase classname="ptolemy.util.test.junit.AutoTests" name="[138] /home/travis/build/icyphy/ptII/ptolemy/domains/continuous/test/auto/Thermostat.xml (RunModel)" time="0.212" />
  <testcase classname="ptolemy.util.test.junit.AutoTests" name="[139] /home/travis/build/icyphy/ptII/ptolemy/domains/continuous/test/auto/TimeDelay.xml (RunModel)" time="0.013" />
  <testcase classname="ptolemy.util.test.junit.AutoTests" name="[140] /home/travis/build/icyphy/ptII/ptolemy/domains/continuous/test/auto/TimeDelay2.xml (RunModel)" time="0.027" />
  <testcase classname="ptolemy.util.test.junit.AutoTests" name="[141] /home/travis/build/icyphy/ptII/ptolemy/domains/continuous/test/auto/TimeDelay3.xml (RunModel)" time="0.013" />
  <testcase classname="ptolemy.util.test.junit.AutoTests" name="[142] /home/travis/build/icyphy/ptII/ptolemy/domains/continuous/test/auto/TransferAbsentToInside.xml (RunModel)" time="0.113" />
  <testcase classname="ptolemy.util.test.junit.AutoTests" name="[143] /home/travis/build/icyphy/ptII/ptolemy/domains/continuous/test/auto/Transmission.xml (RunModel)" time="0.873" />
  <testcase classname="ptolemy.util.test.junit.AutoTests" name="[144] /home/travis/build/icyphy/ptII/ptolemy/domains/continuous/test/auto/TriggeredContinuousClock.xml (RunModel)" time="0.067" />
  <testcase classname="ptolemy.util.test.junit.AutoTests" name="[145] /home/travis/build/icyphy/ptII/ptolemy/domains/continuous/test/auto/TwoMachineInfiniteBusControl.xml (RunModel)" time="2.441" />
  <testcase classname="ptolemy.util.test.junit.AutoTests" name="[146] /home/travis/build/icyphy/ptII/ptolemy/domains/continuous/test/auto/V2V.xml (RunModel)" time="0.825" />
  <testcase classname="ptolemy.util.test.junit.AutoTests" name="[147] /home/travis/build/icyphy/ptII/ptolemy/domains/continuous/test/auto/hierarchicalModalModel.xml (RunModel)" time="0.031" />
  <testcase classname="ptolemy.util.test.junit.AutoTests" name="[148] /home/travis/build/icyphy/ptII/ptolemy/domains/continuous/test/auto/hierarchicalModalModel1.xml (RunModel)" time="0.027" />
  <testcase classname="ptolemy.util.test.junit.AutoTests" name="[149] /home/travis/build/icyphy/ptII/ptolemy/domains/continuous/test/auto/hierarchicalModalModel2.xml (RunModel)" time="0.024" />
  <testcase classname="ptolemy.util.test.junit.AutoTests" name="[150] /home/travis/build/icyphy/ptII/ptolemy/domains/continuous/test/auto/hierarchicalModalModel3.xml (RunModel)" time="0.022" />
  <testcase classname="ptolemy.util.test.junit.AutoTests" name="[151] /home/travis/build/icyphy/ptII/ptolemy/domains/continuous/test/auto/hierarchicalModalModel4.xml (RunModel)" time="0.024" />
  <testcase classname="ptolemy.util.test.junit.AutoTests" name="[152] /home/travis/build/icyphy/ptII/ptolemy/domains/continuous/test/auto/junk.xml (RunModel)" time="0.143" />
  <system-out><![CDATA[No tcl tests in /home/travis/build/icyphy/ptII/ptolemy/domains/continuous/test
No auto/knownFailedTests/*.xml tests in /home/travis/build/icyphy/ptII/ptolemy/domains/continuous/test
No auto/linux-amd64/*.xml tests in /home/travis/build/icyphy/ptII/ptolemy/domains/continuous/test
AutoTests.java: About to close Vertx.
AutoTests.java: Vertx closed.

===========================================================================================
----------------- testing Fri Dec 27 06:29:52 UTC 2019 /home/travis/build/icyphy/ptII/ptolemy/domains/continuous/test/auto/BouncingBall.xml
----------------- Instantiating /home/travis/build/icyphy/ptII/ptolemy/domains/continuous/test/auto/BouncingBall.xml
2387 ms. Memory: 159744K Free: 116970K (73%)
----------------- Invoking toplevel() on ptolemy.moml.MoMLSimpleApplication@307d22a6
----------------- Done invoking toplevel() on ptolemy.moml.MoMLSimpleApplication@307d22a6
reloadAllAccessors: .BouncingBall

===========================================================================================
----------------- testing Fri Dec 27 06:29:55 UTC 2019 /home/travis/build/icyphy/ptII/ptolemy/domains/continuous/test/auto/BouncingBallWithoutGR.xml
----------------- Instantiating /home/travis/build/icyphy/ptII/ptolemy/domains/continuous/test/auto/BouncingBallWithoutGR.xml
801 ms. Memory: 159744K Free: 123094K (77%)
----------------- Invoking toplevel() on ptolemy.moml.MoMLSimpleApplication@1536a9d4
----------------- Done invoking toplevel() on ptolemy.moml.MoMLSimpleApplication@1536a9d4
reloadAllAccessors: .BouncingBallWithoutGR

===========================================================================================
----------------- testing Fri Dec 27 06:29:55 UTC 2019 /home/travis/build/icyphy/ptII/ptolemy/domains/continuous/test/auto/Brownian.xml
----------------- Instantiating /home/travis/build/icyphy/ptII/ptolemy/domains/continuous/test/auto/Brownian.xml
24 ms. Memory: 159744K Free: 114392K (72%)
----------------- Invoking toplevel() on ptolemy.moml.MoMLSimpleApplication@730f76eb
----------------- Done invoking toplevel() on ptolemy.moml.MoMLSimpleApplication@730f76eb
reloadAllAccessors: .Brownian

===========================================================================================
----------------- testing Fri Dec 27 06:29:56 UTC 2019 /home/travis/build/icyphy/ptII/ptolemy/domains/continuous/test/auto/CarTracking.xml
----------------- Instantiating /home/travis/build/icyphy/ptII/ptolemy/domains/continuous/test/auto/CarTracking.xml
3884 ms. Memory: 231424K Free: 129838K (56%)
----------------- Invoking toplevel() on ptolemy.moml.MoMLSimpleApplication@249b11a9
----------------- Done invoking toplevel() on ptolemy.moml.MoMLSimpleApplication@249b11a9
reloadAllAccessors: .CarTracking

===========================================================================================
----------------- testing Fri Dec 27 06:30:00 UTC 2019 /home/travis/build/icyphy/ptII/ptolemy/domains/continuous/test/auto/CartPendulum.xml
----------------- Instantiating /home/travis/build/icyphy/ptII/ptolemy/domains/continuous/test/auto/CartPendulum.xml
465 ms. Memory: 231424K Free: 173198K (75%)
----------------- Invoking toplevel() on ptolemy.moml.MoMLSimpleApplication@9ccb089
----------------- Done invoking toplevel() on ptolemy.moml.MoMLSimpleApplication@9ccb089
reloadAllAccessors: .CartPendulum

===========================================================================================
----------------- testing Fri Dec 27 06:30:00 UTC 2019 /home/travis/build/icyphy/ptII/ptolemy/domains/continuous/test/auto/CausalityInterface10.xml
----------------- Instantiating /home/travis/build/icyphy/ptII/ptolemy/domains/continuous/test/auto/CausalityInterface10.xml
7 ms. Memory: 231424K Free: 162936K (70%)
----------------- Invoking toplevel() on ptolemy.moml.MoMLSimpleApplication@442761e9
----------------- Done invoking toplevel() on ptolemy.moml.MoMLSimpleApplication@442761e9
reloadAllAccessors: .CausalityInterface10

===========================================================================================
----------------- testing Fri Dec 27 06:30:01 UTC 2019 /home/travis/build/icyphy/ptII/ptolemy/domains/continuous/test/auto/CausalityInterface11.xml
----------------- Instantiating /home/travis/build/icyphy/ptII/ptolemy/domains/continuous/test/auto/CausalityInterface11.xml
7 ms. Memory: 231424K Free: 156794K (68%)
----------------- Invoking toplevel() on ptolemy.moml.MoMLSimpleApplication@3dd66f19
----------------- Done invoking toplevel() on ptolemy.moml.MoMLSimpleApplication@3dd66f19
reloadAllAccessors: .CausalityInterface11

===========================================================================================
----------------- testing Fri Dec 27 06:30:01 UTC 2019 /home/travis/build/icyphy/ptII/ptolemy/domains/continuous/test/auto/CausalityInterface12.xml
----------------- Instantiating /home/travis/build/icyphy/ptII/ptolemy/domains/continuous/test/auto/CausalityInterface12.xml
15 ms. Memory: 231424K Free: 150650K (65%)
----------------- Invoking toplevel() on ptolemy.moml.MoMLSimpleApplication@764b26e0
----------------- Done invoking toplevel() on ptolemy.moml.MoMLSimpleApplication@764b26e0
reloadAllAccessors: .CausalityInterface12

===========================================================================================
----------------- testing Fri Dec 27 06:30:01 UTC 2019 /home/travis/build/icyphy/ptII/ptolemy/domains/continuous/test/auto/CausalityInterface13.xml
----------------- Instantiating /home/travis/build/icyphy/ptII/ptolemy/domains/continuous/test/auto/CausalityInterface13.xml
4 ms. Memory: 231424K Free: 144506K (62%)
----------------- Invoking toplevel() on ptolemy.moml.MoMLSimpleApplication@6ea93116
----------------- Done invoking toplevel() on ptolemy.moml.MoMLSimpleApplication@6ea93116
reloadAllAccessors: .CausalityInterface13

===========================================================================================
----------------- testing Fri Dec 27 06:30:01 UTC 2019 /home/travis/build/icyphy/ptII/ptolemy/domains/continuous/test/auto/CausalityInterface14.xml
----------------- Instantiating /home/travis/build/icyphy/ptII/ptolemy/domains/continuous/test/auto/CausalityInterface14.xml
4 ms. Memory: 231424K Free: 138858K (60%)
----------------- Invoking toplevel() on ptolemy.moml.MoMLSimpleApplication@6e2c528f
----------------- Done invoking toplevel() on ptolemy.moml.MoMLSimpleApplication@6e2c528f
reloadAllAccessors: .CausalityInterface14

===========================================================================================
----------------- testing Fri Dec 27 06:30:01 UTC 2019 /home/travis/build/icyphy/ptII/ptolemy/domains/continuous/test/auto/CausalityInterface4.xml
----------------- Instantiating /home/travis/build/icyphy/ptII/ptolemy/domains/continuous/test/auto/CausalityInterface4.xml
5 ms. Memory: 231424K Free: 131690K (57%)
----------------- Invoking toplevel() on ptolemy.moml.MoMLSimpleApplication@77c98a1a
----------------- Done invoking toplevel() on ptolemy.moml.MoMLSimpleApplication@77c98a1a
reloadAllAccessors: .CausalityInterface4

===========================================================================================
----------------- testing Fri Dec 27 06:30:01 UTC 2019 /home/travis/build/icyphy/ptII/ptolemy/domains/continuous/test/auto/CausalityInterface5.xml
----------------- Instantiating /home/travis/build/icyphy/ptII/ptolemy/domains/continuous/test/auto/CausalityInterface5.xml
10 ms. Memory: 231424K Free: 123512K (53%)
----------------- Invoking toplevel() on ptolemy.moml.MoMLSimpleApplication@6e9ffa79
----------------- Done invoking toplevel() on ptolemy.moml.MoMLSimpleApplication@6e9ffa79
reloadAllAccessors: .CausalityInterface5

===========================================================================================
----------------- testing Fri Dec 27 06:30:01 UTC 2019 /home/travis/build/icyphy/ptII/ptolemy/domains/continuous/test/auto/CausalityInterface6.xml
----------------- Instantiating /home/travis/build/icyphy/ptII/ptolemy/domains/continuous/test/auto/CausalityInterface6.xml
3 ms. Memory: 231424K Free: 118378K (51%)
----------------- Invoking toplevel() on ptolemy.moml.MoMLSimpleApplication@423e1025
----------------- Done invoking toplevel() on ptolemy.moml.MoMLSimpleApplication@423e1025
reloadAllAccessors: .CausalityInterface6

===========================================================================================
----------------- testing Fri Dec 27 06:30:01 UTC 2019 /home/travis/build/icyphy/ptII/ptolemy/domains/continuous/test/auto/CausalityInterface7.xml
----------------- Instantiating /home/travis/build/icyphy/ptII/ptolemy/domains/continuous/test/auto/CausalityInterface7.xml
7 ms. Memory: 231424K Free: 109690K (47%)
----------------- Invoking toplevel() on ptolemy.moml.MoMLSimpleApplication@6d3624d
----------------- Done invoking toplevel() on ptolemy.moml.MoMLSimpleApplication@6d3624d
reloadAllAccessors: .CausalityInterface7

===========================================================================================
----------------- testing Fri Dec 27 06:30:02 UTC 2019 /home/travis/build/icyphy/ptII/ptolemy/domains/continuous/test/auto/CausalityInterface8.xml
----------------- Instantiating /home/travis/build/icyphy/ptII/ptolemy/domains/continuous/test/auto/CausalityInterface8.xml
5 ms. Memory: 231424K Free: 100474K (43%)
----------------- Invoking toplevel() on ptolemy.moml.MoMLSimpleApplication@66d91985
----------------- Done invoking toplevel() on ptolemy.moml.MoMLSimpleApplication@66d91985
reloadAllAccessors: .CausalityInterface8

===========================================================================================
----------------- testing Fri Dec 27 06:30:02 UTC 2019 /home/travis/build/icyphy/ptII/ptolemy/domains/continuous/test/auto/CausalityInterface9.xml
----------------- Instantiating /home/travis/build/icyphy/ptII/ptolemy/domains/continuous/test/auto/CausalityInterface9.xml
5 ms. Memory: 231424K Free: 89720K (39%)
----------------- Invoking toplevel() on ptolemy.moml.MoMLSimpleApplication@22a70206
----------------- Done invoking toplevel() on ptolemy.moml.MoMLSimpleApplication@22a70206
reloadAllAccessors: .CausalityInterface9

===========================================================================================
----------------- testing Fri Dec 27 06:30:02 UTC 2019 /home/travis/build/icyphy/ptII/ptolemy/domains/continuous/test/auto/CausalityInterfaceFeedback1.xml
----------------- Instantiating /home/travis/build/icyphy/ptII/ptolemy/domains/continuous/test/auto/CausalityInterfaceFeedback1.xml
4 ms. Memory: 231424K Free: 83066K (36%)
----------------- Invoking toplevel() on ptolemy.moml.MoMLSimpleApplication@8ed268d
----------------- Done invoking toplevel() on ptolemy.moml.MoMLSimpleApplication@8ed268d
reloadAllAccessors: .CausalityInterfaceFeedback1

===========================================================================================
----------------- testing Fri Dec 27 06:30:02 UTC 2019 /home/travis/build/icyphy/ptII/ptolemy/domains/continuous/test/auto/CausalityInterfaceFeedback2.xml
----------------- Instantiating /home/travis/build/icyphy/ptII/ptolemy/domains/continuous/test/auto/CausalityInterfaceFeedback2.xml
5 ms. Memory: 231424K Free: 212891K (92%)
----------------- Invoking toplevel() on ptolemy.moml.MoMLSimpleApplication@20de81e7
----------------- Done invoking toplevel() on ptolemy.moml.MoMLSimpleApplication@20de81e7
reloadAllAccessors: .CausalityInterfaceFeedback2

===========================================================================================
----------------- testing Fri Dec 27 06:30:02 UTC 2019 /home/travis/build/icyphy/ptII/ptolemy/domains/continuous/test/auto/CompareWithCurrentTime.xml
----------------- Instantiating /home/travis/build/icyphy/ptII/ptolemy/domains/continuous/test/auto/CompareWithCurrentTime.xml
5 ms. Memory: 231424K Free: 208800K (90%)
----------------- Invoking toplevel() on ptolemy.moml.MoMLSimpleApplication@2c1c08b5
----------------- Done invoking toplevel() on ptolemy.moml.MoMLSimpleApplication@2c1c08b5
reloadAllAccessors: .CompareWithCurrentTime

===========================================================================================
----------------- testing Fri Dec 27 06:30:02 UTC 2019 /home/travis/build/icyphy/ptII/ptolemy/domains/continuous/test/auto/ComparedClocks.xml
----------------- Instantiating /home/travis/build/icyphy/ptII/ptolemy/domains/continuous/test/auto/ComparedClocks.xml
6 ms. Memory: 231424K Free: 193426K (84%)
----------------- Invoking toplevel() on ptolemy.moml.MoMLSimpleApplication@cbc1de1
----------------- Done invoking toplevel() on ptolemy.moml.MoMLSimpleApplication@cbc1de1
reloadAllAccessors: .ComparedClocks

===========================================================================================
----------------- testing Fri Dec 27 06:30:02 UTC 2019 /home/travis/build/icyphy/ptII/ptolemy/domains/continuous/test/auto/ContinuousAOCClone.xml
----------------- Instantiating /home/travis/build/icyphy/ptII/ptolemy/domains/continuous/test/auto/ContinuousAOCClone.xml
2321 ms. Memory: 278528K Free: 132842K (48%)
----------------- Invoking toplevel() on ptolemy.moml.MoMLSimpleApplication@42cd145
----------------- Done invoking toplevel() on ptolemy.moml.MoMLSimpleApplication@42cd145
reloadAllAccessors: .ContinuousAOCClone

===========================================================================================
----------------- testing Fri Dec 27 06:30:04 UTC 2019 /home/travis/build/icyphy/ptII/ptolemy/domains/continuous/test/auto/ContinuousClock.xml
----------------- Instantiating /home/travis/build/icyphy/ptII/ptolemy/domains/continuous/test/auto/ContinuousClock.xml
29 ms. Memory: 278528K Free: 110834K (40%)
----------------- Invoking toplevel() on ptolemy.moml.MoMLSimpleApplication@5998ae06
----------------- Done invoking toplevel() on ptolemy.moml.MoMLSimpleApplication@5998ae06
reloadAllAccessors: .ContinuousClock

===========================================================================================
----------------- testing Fri Dec 27 06:30:04 UTC 2019 /home/travis/build/icyphy/ptII/ptolemy/domains/continuous/test/auto/ContinuousInContinuous.xml
----------------- Instantiating /home/travis/build/icyphy/ptII/ptolemy/domains/continuous/test/auto/ContinuousInContinuous.xml
47 ms. Memory: 278528K Free: 253154K (91%)
----------------- Invoking toplevel() on ptolemy.moml.MoMLSimpleApplication@3d290bc8
----------------- Done invoking toplevel() on ptolemy.moml.MoMLSimpleApplication@3d290bc8
reloadAllAccessors: .ContinuousInContinuous

===========================================================================================
----------------- testing Fri Dec 27 06:30:04 UTC 2019 /home/travis/build/icyphy/ptII/ptolemy/domains/continuous/test/auto/ContinuousInContinuousInContinuous.xml
----------------- Instantiating /home/travis/build/icyphy/ptII/ptolemy/domains/continuous/test/auto/ContinuousInContinuousInContinuous.xml
7 ms. Memory: 278528K Free: 244962K (88%)
----------------- Invoking toplevel() on ptolemy.moml.MoMLSimpleApplication@7568a49
----------------- Done invoking toplevel() on ptolemy.moml.MoMLSimpleApplication@7568a49
reloadAllAccessors: .ContinuousInContinuousInContinuous

===========================================================================================
----------------- testing Fri Dec 27 06:30:04 UTC 2019 /home/travis/build/icyphy/ptII/ptolemy/domains/continuous/test/auto/ContinuousInDE.xml
----------------- Instantiating /home/travis/build/icyphy/ptII/ptolemy/domains/continuous/test/auto/ContinuousInDE.xml
88 ms. Memory: 278528K Free: 234208K (84%)
----------------- Invoking toplevel() on ptolemy.moml.MoMLSimpleApplication@1d5c3161
----------------- Done invoking toplevel() on ptolemy.moml.MoMLSimpleApplication@1d5c3161
reloadAllAccessors: .ContinuousInDE

===========================================================================================
----------------- testing Fri Dec 27 06:30:05 UTC 2019 /home/travis/build/icyphy/ptII/ptolemy/domains/continuous/test/auto/ContinuousInDE2.xml
----------------- Instantiating /home/travis/build/icyphy/ptII/ptolemy/domains/continuous/test/auto/ContinuousInDE2.xml
32 ms. Memory: 278528K Free: 224482K (81%)
----------------- Invoking toplevel() on ptolemy.moml.MoMLSimpleApplication@4b80ec1
----------------- Done invoking toplevel() on ptolemy.moml.MoMLSimpleApplication@4b80ec1
reloadAllAccessors: .ContinuousInDE2

===========================================================================================
----------------- testing Fri Dec 27 06:30:05 UTC 2019 /home/travis/build/icyphy/ptII/ptolemy/domains/continuous/test/auto/ContinuousInDE3.xml
----------------- Instantiating /home/travis/build/icyphy/ptII/ptolemy/domains/continuous/test/auto/ContinuousInDE3.xml
32 ms. Memory: 278528K Free: 214752K (77%)
----------------- Invoking toplevel() on ptolemy.moml.MoMLSimpleApplication@6980e3c1
----------------- Done invoking toplevel() on ptolemy.moml.MoMLSimpleApplication@6980e3c1
reloadAllAccessors: .ContinuousInDE3

===========================================================================================
----------------- testing Fri Dec 27 06:30:05 UTC 2019 /home/travis/build/icyphy/ptII/ptolemy/domains/continuous/test/auto/ContinuousInDE4.xml
----------------- Instantiating /home/travis/build/icyphy/ptII/ptolemy/domains/continuous/test/auto/ContinuousInDE4.xml
14 ms. Memory: 278528K Free: 208608K (75%)
----------------- Invoking toplevel() on ptolemy.moml.MoMLSimpleApplication@3ad66678
----------------- Done invoking toplevel() on ptolemy.moml.MoMLSimpleApplication@3ad66678
reloadAllAccessors: .ContinuousInDE4

===========================================================================================
----------------- testing Fri Dec 27 06:30:05 UTC 2019 /home/travis/build/icyphy/ptII/ptolemy/domains/continuous/test/auto/ContinuousInDEDifferentRefinements.xml
----------------- Instantiating /home/travis/build/icyphy/ptII/ptolemy/domains/continuous/test/auto/ContinuousInDEDifferentRefinements.xml
56 ms. Memory: 278528K Free: 177874K (64%)
----------------- Invoking toplevel() on ptolemy.moml.MoMLSimpleApplication@10e55a10
----------------- Done invoking toplevel() on ptolemy.moml.MoMLSimpleApplication@10e55a10
reloadAllAccessors: .ContinuousInDEDifferentRefinements

===========================================================================================
----------------- testing Fri Dec 27 06:30:05 UTC 2019 /home/travis/build/icyphy/ptII/ptolemy/domains/continuous/test/auto/ContinuousInDEDifferentRefinementsPreemptive.xml
----------------- Instantiating /home/travis/build/icyphy/ptII/ptolemy/domains/continuous/test/auto/ContinuousInDEDifferentRefinementsPreemptive.xml
46 ms. Memory: 278528K Free: 147138K (53%)
----------------- Invoking toplevel() on ptolemy.moml.MoMLSimpleApplication@601a1e74
----------------- Done invoking toplevel() on ptolemy.moml.MoMLSimpleApplication@601a1e74
reloadAllAccessors: .ContinuousInDEDifferentRefinementsPreemptive

===========================================================================================
----------------- testing Fri Dec 27 06:30:05 UTC 2019 /home/travis/build/icyphy/ptII/ptolemy/domains/continuous/test/auto/ContinuousInDEInContinuous2.xml
----------------- Instantiating /home/travis/build/icyphy/ptII/ptolemy/domains/continuous/test/auto/ContinuousInDEInContinuous2.xml
47 ms. Memory: 278528K Free: 135904K (49%)
----------------- Invoking toplevel() on ptolemy.moml.MoMLSimpleApplication@1e295757
----------------- Done invoking toplevel() on ptolemy.moml.MoMLSimpleApplication@1e295757
reloadAllAccessors: .ContinuousInDEInContinuous2

===========================================================================================
----------------- testing Fri Dec 27 06:30:05 UTC 2019 /home/travis/build/icyphy/ptII/ptolemy/domains/continuous/test/auto/ContinuousInDEInContinuous3.xml
----------------- Instantiating /home/travis/build/icyphy/ptII/ptolemy/domains/continuous/test/auto/ContinuousInDEInContinuous3.xml
37 ms. Memory: 278528K Free: 124130K (45%)
----------------- Invoking toplevel() on ptolemy.moml.MoMLSimpleApplication@4239d292
----------------- Done invoking toplevel() on ptolemy.moml.MoMLSimpleApplication@4239d292
reloadAllAccessors: .ContinuousInDEInContinuous3

===========================================================================================
----------------- testing Fri Dec 27 06:30:05 UTC 2019 /home/travis/build/icyphy/ptII/ptolemy/domains/continuous/test/auto/ContinuousInDEInput.xml
----------------- Instantiating /home/travis/build/icyphy/ptII/ptolemy/domains/continuous/test/auto/ContinuousInDEInput.xml
17 ms. Memory: 278528K Free: 116962K (42%)
----------------- Invoking toplevel() on ptolemy.moml.MoMLSimpleApplication@7a26876
----------------- Done invoking toplevel() on ptolemy.moml.MoMLSimpleApplication@7a26876
reloadAllAccessors: .ContinuousInDEInput

===========================================================================================
----------------- testing Fri Dec 27 06:30:05 UTC 2019 /home/travis/build/icyphy/ptII/ptolemy/domains/continuous/test/auto/ContinuousInDEInput2.xml
----------------- Instantiating /home/travis/build/icyphy/ptII/ptolemy/domains/continuous/test/auto/ContinuousInDEInput2.xml
14 ms. Memory: 278528K Free: 109794K (39%)
----------------- Invoking toplevel() on ptolemy.moml.MoMLSimpleApplication@2dc9a125
----------------- Done invoking toplevel() on ptolemy.moml.MoMLSimpleApplication@2dc9a125
reloadAllAccessors: .ContinuousInDEInput2

===========================================================================================
----------------- testing Fri Dec 27 06:30:05 UTC 2019 /home/travis/build/icyphy/ptII/ptolemy/domains/continuous/test/auto/ContinuousInDEInput3.xml
----------------- Instantiating /home/travis/build/icyphy/ptII/ptolemy/domains/continuous/test/auto/ContinuousInDEInput3.xml
14 ms. Memory: 278528K Free: 102626K (37%)
----------------- Invoking toplevel() on ptolemy.moml.MoMLSimpleApplication@3e8e0207
----------------- Done invoking toplevel() on ptolemy.moml.MoMLSimpleApplication@3e8e0207
reloadAllAccessors: .ContinuousInDEInput3

===========================================================================================
----------------- testing Fri Dec 27 06:30:05 UTC 2019 /home/travis/build/icyphy/ptII/ptolemy/domains/continuous/test/auto/ContinuousInDESharingRefinement.xml
----------------- Instantiating /home/travis/build/icyphy/ptII/ptolemy/domains/continuous/test/auto/ContinuousInDESharingRefinement.xml
159 ms. Memory: 278528K Free: 174395K (63%)
----------------- Invoking toplevel() on ptolemy.moml.MoMLSimpleApplication@4ce9d56b
----------------- Done invoking toplevel() on ptolemy.moml.MoMLSimpleApplication@4ce9d56b
reloadAllAccessors: .ContinuousInDESharingRefinement

===========================================================================================
----------------- testing Fri Dec 27 06:30:05 UTC 2019 /home/travis/build/icyphy/ptII/ptolemy/domains/continuous/test/auto/ContinuousInDEwithNoPorts.xml
----------------- Instantiating /home/travis/build/icyphy/ptII/ptolemy/domains/continuous/test/auto/ContinuousInDEwithNoPorts.xml
5 ms. Memory: 278528K Free: 170299K (61%)
----------------- Invoking toplevel() on ptolemy.moml.MoMLSimpleApplication@4e28dbd3
----------------- Done invoking toplevel() on ptolemy.moml.MoMLSimpleApplication@4e28dbd3
reloadAllAccessors: .ContinuousInDEwithNoPorts

===========================================================================================
----------------- testing Fri Dec 27 06:30:05 UTC 2019 /home/travis/build/icyphy/ptII/ptolemy/domains/continuous/test/auto/ContinuousInsideDE.xml
----------------- Instantiating /home/travis/build/icyphy/ptII/ptolemy/domains/continuous/test/auto/ContinuousInsideDE.xml
34 ms. Memory: 278528K Free: 159035K (57%)
----------------- Invoking toplevel() on ptolemy.moml.MoMLSimpleApplication@79e21dc4
----------------- Done invoking toplevel() on ptolemy.moml.MoMLSimpleApplication@79e21dc4
reloadAllAccessors: .ContinuousInsideDE

===========================================================================================
----------------- testing Fri Dec 27 06:30:05 UTC 2019 /home/travis/build/icyphy/ptII/ptolemy/domains/continuous/test/auto/ContinuousMerge1.xml
----------------- Instantiating /home/travis/build/icyphy/ptII/ptolemy/domains/continuous/test/auto/ContinuousMerge1.xml
3 ms. Memory: 278528K Free: 154939K (56%)
----------------- Invoking toplevel() on ptolemy.moml.MoMLSimpleApplication@20beadaa
----------------- Done invoking toplevel() on ptolemy.moml.MoMLSimpleApplication@20beadaa
reloadAllAccessors: .ContinuousMerge1

===========================================================================================
----------------- testing Fri Dec 27 06:30:05 UTC 2019 /home/travis/build/icyphy/ptII/ptolemy/domains/continuous/test/auto/ContinuousMerge2.xml
----------------- Instantiating /home/travis/build/icyphy/ptII/ptolemy/domains/continuous/test/auto/ContinuousMerge2.xml
13 ms. Memory: 278528K Free: 144185K (52%)
----------------- Invoking toplevel() on ptolemy.moml.MoMLSimpleApplication@2331e78
----------------- Done invoking toplevel() on ptolemy.moml.MoMLSimpleApplication@2331e78
reloadAllAccessors: .ContinuousMerge2

===========================================================================================
----------------- testing Fri Dec 27 06:30:06 UTC 2019 /home/travis/build/icyphy/ptII/ptolemy/domains/continuous/test/auto/ContinuousMerge3.xml
----------------- Instantiating /home/travis/build/icyphy/ptII/ptolemy/domains/continuous/test/auto/ContinuousMerge3.xml
42 ms. Memory: 278528K Free: 133435K (48%)
----------------- Invoking toplevel() on ptolemy.moml.MoMLSimpleApplication@935bb93
----------------- Done invoking toplevel() on ptolemy.moml.MoMLSimpleApplication@935bb93
reloadAllAccessors: .ContinuousMerge3

===========================================================================================
----------------- testing Fri Dec 27 06:30:06 UTC 2019 /home/travis/build/icyphy/ptII/ptolemy/domains/continuous/test/auto/ContinuousWithinContinuous.xml
----------------- Instantiating /home/travis/build/icyphy/ptII/ptolemy/domains/continuous/test/auto/ContinuousWithinContinuous.xml
36 ms. Memory: 278528K Free: 124729K (45%)
----------------- Invoking toplevel() on ptolemy.moml.MoMLSimpleApplication@40193a31
----------------- Done invoking toplevel() on ptolemy.moml.MoMLSimpleApplication@40193a31
reloadAllAccessors: .ContinuousWithinContinuous

===========================================================================================
----------------- testing Fri Dec 27 06:30:06 UTC 2019 /home/travis/build/icyphy/ptII/ptolemy/domains/continuous/test/auto/ContinuousWithinContinuous2.xml
----------------- Instantiating /home/travis/build/icyphy/ptII/ptolemy/domains/continuous/test/auto/ContinuousWithinContinuous2.xml
67 ms. Memory: 278528K Free: 113979K (41%)
----------------- Invoking toplevel() on ptolemy.moml.MoMLSimpleApplication@78f695ac
----------------- Done invoking toplevel() on ptolemy.moml.MoMLSimpleApplication@78f695ac
reloadAllAccessors: .ContinuousWithinContinuous2

===========================================================================================
----------------- testing Fri Dec 27 06:30:06 UTC 2019 /home/travis/build/icyphy/ptII/ptolemy/domains/continuous/test/auto/ContinuousWithinContinuous3.xml
----------------- Instantiating /home/travis/build/icyphy/ptII/ptolemy/domains/continuous/test/auto/ContinuousWithinContinuous3.xml
16 ms. Memory: 278528K Free: 106811K (38%)
----------------- Invoking toplevel() on ptolemy.moml.MoMLSimpleApplication@7392b5d4
----------------- Done invoking toplevel() on ptolemy.moml.MoMLSimpleApplication@7392b5d4
reloadAllAccessors: .ContinuousWithinContinuous3

===========================================================================================
----------------- testing Fri Dec 27 06:30:06 UTC 2019 /home/travis/build/icyphy/ptII/ptolemy/domains/continuous/test/auto/ContinuousWithinContinuous4.xml
----------------- Instantiating /home/travis/build/icyphy/ptII/ptolemy/domains/continuous/test/auto/ContinuousWithinContinuous4.xml
70 ms. Memory: 278528K Free: 260629K (94%)
----------------- Invoking toplevel() on ptolemy.moml.MoMLSimpleApplication@acda1d5
----------------- Done invoking toplevel() on ptolemy.moml.MoMLSimpleApplication@acda1d5
reloadAllAccessors: .ContinuousWithinContinuous4

===========================================================================================
----------------- testing Fri Dec 27 06:30:06 UTC 2019 /home/travis/build/icyphy/ptII/ptolemy/domains/continuous/test/auto/ContinuousWithinContinuous5.xml
----------------- Instantiating /home/travis/build/icyphy/ptII/ptolemy/domains/continuous/test/auto/ContinuousWithinContinuous5.xml
11 ms. Memory: 278528K Free: 253330K (91%)
----------------- Invoking toplevel() on ptolemy.moml.MoMLSimpleApplication@66e4dd38
----------------- Done invoking toplevel() on ptolemy.moml.MoMLSimpleApplication@66e4dd38
reloadAllAccessors: .ContinuousWithinContinuous5

===========================================================================================
----------------- testing Fri Dec 27 06:30:06 UTC 2019 /home/travis/build/icyphy/ptII/ptolemy/domains/continuous/test/auto/ContinuousWithinContinuous6.xml
----------------- Instantiating /home/travis/build/icyphy/ptII/ptolemy/domains/continuous/test/auto/ContinuousWithinContinuous6.xml
12 ms. Memory: 278528K Free: 246162K (88%)
----------------- Invoking toplevel() on ptolemy.moml.MoMLSimpleApplication@219b6f4
----------------- Done invoking toplevel() on ptolemy.moml.MoMLSimpleApplication@219b6f4
reloadAllAccessors: .ContinuousWithinContinuous6

===========================================================================================
----------------- testing Fri Dec 27 06:30:06 UTC 2019 /home/travis/build/icyphy/ptII/ptolemy/domains/continuous/test/auto/ContinuousWithinContinuous7.xml
----------------- Instantiating /home/travis/build/icyphy/ptII/ptolemy/domains/continuous/test/auto/ContinuousWithinContinuous7.xml
55 ms. Memory: 278528K Free: 235408K (85%)
----------------- Invoking toplevel() on ptolemy.moml.MoMLSimpleApplication@43b3f664
----------------- Done invoking toplevel() on ptolemy.moml.MoMLSimpleApplication@43b3f664
reloadAllAccessors: .ContinuousWithinContinuous7

===========================================================================================
----------------- testing Fri Dec 27 06:30:06 UTC 2019 /home/travis/build/icyphy/ptII/ptolemy/domains/continuous/test/auto/DCMotor.xml
----------------- Instantiating /home/travis/build/icyphy/ptII/ptolemy/domains/continuous/test/auto/DCMotor.xml
12386 ms. Memory: 278528K Free: 168832K (61%)
----------------- Invoking toplevel() on ptolemy.moml.MoMLSimpleApplication@7cc63ebe
----------------- Done invoking toplevel() on ptolemy.moml.MoMLSimpleApplication@7cc63ebe
reloadAllAccessors: .DCMotor

===========================================================================================
----------------- testing Fri Dec 27 06:30:18 UTC 2019 /home/travis/build/icyphy/ptII/ptolemy/domains/continuous/test/auto/DEInContinuous.xml
----------------- Instantiating /home/travis/build/icyphy/ptII/ptolemy/domains/continuous/test/auto/DEInContinuous.xml
17 ms. Memory: 278528K Free: 162688K (58%)
----------------- Invoking toplevel() on ptolemy.moml.MoMLSimpleApplication@115b7751
----------------- Done invoking toplevel() on ptolemy.moml.MoMLSimpleApplication@115b7751
reloadAllAccessors: .DEInContinuous

===========================================================================================
----------------- testing Fri Dec 27 06:30:18 UTC 2019 /home/travis/build/icyphy/ptII/ptolemy/domains/continuous/test/auto/DEinContinuous2.xml
----------------- Instantiating /home/travis/build/icyphy/ptII/ptolemy/domains/continuous/test/auto/DEinContinuous2.xml
6 ms. Memory: 278528K Free: 154496K (55%)
----------------- Invoking toplevel() on ptolemy.moml.MoMLSimpleApplication@3f6c004a
----------------- Done invoking toplevel() on ptolemy.moml.MoMLSimpleApplication@3f6c004a
reloadAllAccessors: .DEinContinuous2

===========================================================================================
----------------- testing Fri Dec 27 06:30:18 UTC 2019 /home/travis/build/icyphy/ptII/ptolemy/domains/continuous/test/auto/Derivative.xml
----------------- Instantiating /home/travis/build/icyphy/ptII/ptolemy/domains/continuous/test/auto/Derivative.xml
109 ms. Memory: 278528K Free: 125310K (45%)
----------------- Invoking toplevel() on ptolemy.moml.MoMLSimpleApplication@3e074a5f
----------------- Done invoking toplevel() on ptolemy.moml.MoMLSimpleApplication@3e074a5f
reloadAllAccessors: .Derivative2

===========================================================================================
----------------- testing Fri Dec 27 06:30:19 UTC 2019 /home/travis/build/icyphy/ptII/ptolemy/domains/continuous/test/auto/Derivative1.xml
----------------- Instantiating /home/travis/build/icyphy/ptII/ptolemy/domains/continuous/test/auto/Derivative1.xml
19 ms. Memory: 278528K Free: 110974K (40%)
----------------- Invoking toplevel() on ptolemy.moml.MoMLSimpleApplication@720a371b
----------------- Done invoking toplevel() on ptolemy.moml.MoMLSimpleApplication@720a371b
reloadAllAccessors: .Derivative1

===========================================================================================
----------------- testing Fri Dec 27 06:30:19 UTC 2019 /home/travis/build/icyphy/ptII/ptolemy/domains/continuous/test/auto/DiscreteClock.xml
----------------- Instantiating /home/travis/build/icyphy/ptII/ptolemy/domains/continuous/test/auto/DiscreteClock.xml
8 ms. Memory: 278528K Free: 105854K (38%)
----------------- Invoking toplevel() on ptolemy.moml.MoMLSimpleApplication@7ed29ab1
----------------- Done invoking toplevel() on ptolemy.moml.MoMLSimpleApplication@7ed29ab1
reloadAllAccessors: .DiscreteClock

===========================================================================================
----------------- testing Fri Dec 27 06:30:19 UTC 2019 /home/travis/build/icyphy/ptII/ptolemy/domains/continuous/test/auto/EfficiencyCurve.xml
----------------- Instantiating /home/travis/build/icyphy/ptII/ptolemy/domains/continuous/test/auto/EfficiencyCurve.xml
55 ms. Memory: 278528K Free: 262206K (94%)
----------------- Invoking toplevel() on ptolemy.moml.MoMLSimpleApplication@27fec1c9
----------------- Done invoking toplevel() on ptolemy.moml.MoMLSimpleApplication@27fec1c9
reloadAllAccessors: .EfficiencyCurve

===========================================================================================
----------------- testing Fri Dec 27 06:30:19 UTC 2019 /home/travis/build/icyphy/ptII/ptolemy/domains/continuous/test/auto/ExponentialResponse.xml
----------------- Instantiating /home/travis/build/icyphy/ptII/ptolemy/domains/continuous/test/auto/ExponentialResponse.xml
86 ms. Memory: 278528K Free: 246397K (88%)
----------------- Invoking toplevel() on ptolemy.moml.MoMLSimpleApplication@36078055
----------------- Done invoking toplevel() on ptolemy.moml.MoMLSimpleApplication@36078055
reloadAllAccessors: .ExponentialResponse

===========================================================================================
----------------- testing Fri Dec 27 06:30:19 UTC 2019 /home/travis/build/icyphy/ptII/ptolemy/domains/continuous/test/auto/ExponentialResponseRK45.xml
----------------- Instantiating /home/travis/build/icyphy/ptII/ptolemy/domains/continuous/test/auto/ExponentialResponseRK45.xml
22 ms. Memory: 278528K Free: 239739K (86%)
----------------- Invoking toplevel() on ptolemy.moml.MoMLSimpleApplication@1ffa87ef
----------------- Done invoking toplevel() on ptolemy.moml.MoMLSimpleApplication@1ffa87ef
reloadAllAccessors: .ExponentialResponseRK45

===========================================================================================
----------------- testing Fri Dec 27 06:30:19 UTC 2019 /home/travis/build/icyphy/ptII/ptolemy/domains/continuous/test/auto/Friction.xml
----------------- Instantiating /home/travis/build/icyphy/ptII/ptolemy/domains/continuous/test/auto/Friction.xml
1267 ms. Memory: 278528K Free: 144490K (52%)
----------------- Invoking toplevel() on ptolemy.moml.MoMLSimpleApplication@69673b2f
----------------- Done invoking toplevel() on ptolemy.moml.MoMLSimpleApplication@69673b2f
reloadAllAccessors: .Friction

===========================================================================================
----------------- testing Fri Dec 27 06:30:20 UTC 2019 /home/travis/build/icyphy/ptII/ptolemy/domains/continuous/test/auto/FurutaPendulum.xml
----------------- Instantiating /home/travis/build/icyphy/ptII/ptolemy/domains/continuous/test/auto/FurutaPendulum.xml
2839 ms. Memory: 278528K Free: 150824K (54%)
----------------- Invoking toplevel() on ptolemy.moml.MoMLSimpleApplication@6c86d298
----------------- Done invoking toplevel() on ptolemy.moml.MoMLSimpleApplication@6c86d298
reloadAllAccessors: .FurutaPendulum

===========================================================================================
----------------- testing Fri Dec 27 06:30:23 UTC 2019 /home/travis/build/icyphy/ptII/ptolemy/domains/continuous/test/auto/HierarchicalExecution.xml
----------------- Instantiating /home/travis/build/icyphy/ptII/ptolemy/domains/continuous/test/auto/HierarchicalExecution.xml
1605 ms. Memory: 278528K Free: 187676K (67%)
----------------- Invoking toplevel() on ptolemy.moml.MoMLSimpleApplication@4ed314d
----------------- Done invoking toplevel() on ptolemy.moml.MoMLSimpleApplication@4ed314d
reloadAllAccessors: .HierarchicalExecution

===========================================================================================
----------------- testing Fri Dec 27 06:30:25 UTC 2019 /home/travis/build/icyphy/ptII/ptolemy/domains/continuous/test/auto/HybridPlant.xml
----------------- Instantiating /home/travis/build/icyphy/ptII/ptolemy/domains/continuous/test/auto/HybridPlant.xml
494 ms. Memory: 278528K Free: 253091K (91%)
----------------- Invoking toplevel() on ptolemy.moml.MoMLSimpleApplication@7356960f
----------------- Done invoking toplevel() on ptolemy.moml.MoMLSimpleApplication@7356960f
reloadAllAccessors: .HybridPlant

===========================================================================================
----------------- testing Fri Dec 27 06:30:26 UTC 2019 /home/travis/build/icyphy/ptII/ptolemy/domains/continuous/test/auto/Hysteresis.xml
----------------- Instantiating /home/travis/build/icyphy/ptII/ptolemy/domains/continuous/test/auto/Hysteresis.xml
138 ms. Memory: 278528K Free: 190117K (68%)
----------------- Invoking toplevel() on ptolemy.moml.MoMLSimpleApplication@648956fa
----------------- Done invoking toplevel() on ptolemy.moml.MoMLSimpleApplication@648956fa
reloadAllAccessors: .Hysteresis

===========================================================================================
----------------- testing Fri Dec 27 06:30:26 UTC 2019 /home/travis/build/icyphy/ptII/ptolemy/domains/continuous/test/auto/HysteresisWithRandomDelay.xml
----------------- Instantiating /home/travis/build/icyphy/ptII/ptolemy/domains/continuous/test/auto/HysteresisWithRandomDelay.xml
161 ms. Memory: 278528K Free: 117923K (42%)
----------------- Invoking toplevel() on ptolemy.moml.MoMLSimpleApplication@6be34bd
----------------- Done invoking toplevel() on ptolemy.moml.MoMLSimpleApplication@6be34bd
reloadAllAccessors: .HysteresisWithRandomDelay

===========================================================================================
----------------- testing Fri Dec 27 06:30:26 UTC 2019 /home/travis/build/icyphy/ptII/ptolemy/domains/continuous/test/auto/HysteresisWithRandomLosses.xml
----------------- Instantiating /home/travis/build/icyphy/ptII/ptolemy/domains/continuous/test/auto/HysteresisWithRandomLosses.xml
2202 ms. Memory: 278528K Free: 188462K (68%)
----------------- Invoking toplevel() on ptolemy.moml.MoMLSimpleApplication@436543c5
----------------- Done invoking toplevel() on ptolemy.moml.MoMLSimpleApplication@436543c5
reloadAllAccessors: .HysteresisWithRandomLosses

===========================================================================================
----------------- testing Fri Dec 27 06:30:29 UTC 2019 /home/travis/build/icyphy/ptII/ptolemy/domains/continuous/test/auto/ImmediateTransitions.xml
----------------- Instantiating /home/travis/build/icyphy/ptII/ptolemy/domains/continuous/test/auto/ImmediateTransitions.xml
8 ms. Memory: 278528K Free: 177712K (64%)
----------------- Invoking toplevel() on ptolemy.moml.MoMLSimpleApplication@54ad4014
----------------- Done invoking toplevel() on ptolemy.moml.MoMLSimpleApplication@54ad4014
reloadAllAccessors: .ImmediateTransitions

===========================================================================================
----------------- testing Fri Dec 27 06:30:29 UTC 2019 /home/travis/build/icyphy/ptII/ptolemy/domains/continuous/test/auto/ImpulseFeedback.xml
----------------- Instantiating /home/travis/build/icyphy/ptII/ptolemy/domains/continuous/test/auto/ImpulseFeedback.xml
7 ms. Memory: 278528K Free: 172078K (62%)
----------------- Invoking toplevel() on ptolemy.moml.MoMLSimpleApplication@7630f8bd
----------------- Done invoking toplevel() on ptolemy.moml.MoMLSimpleApplication@7630f8bd
reloadAllAccessors: .ImpulseFeedback

===========================================================================================
----------------- testing Fri Dec 27 06:30:29 UTC 2019 /home/travis/build/icyphy/ptII/ptolemy/domains/continuous/test/auto/ImpulseFeedback2.xml
----------------- Instantiating /home/travis/build/icyphy/ptII/ptolemy/domains/continuous/test/auto/ImpulseFeedback2.xml
5 ms. Memory: 278528K Free: 166448K (60%)
----------------- Invoking toplevel() on ptolemy.moml.MoMLSimpleApplication@2afc7d4e
----------------- Done invoking toplevel() on ptolemy.moml.MoMLSimpleApplication@2afc7d4e
reloadAllAccessors: .ImpulseFeedback2

===========================================================================================
----------------- testing Fri Dec 27 06:30:29 UTC 2019 /home/travis/build/icyphy/ptII/ptolemy/domains/continuous/test/auto/IncreasingRatePoisson.xml
----------------- Instantiating /home/travis/build/icyphy/ptII/ptolemy/domains/continuous/test/auto/IncreasingRatePoisson.xml
640 ms. Memory: 278528K Free: 201914K (72%)
----------------- Invoking toplevel() on ptolemy.moml.MoMLSimpleApplication@1d5b34ec
----------------- Done invoking toplevel() on ptolemy.moml.MoMLSimpleApplication@1d5b34ec
reloadAllAccessors: .IncreasingRatePoisson

===========================================================================================
----------------- testing Fri Dec 27 06:30:29 UTC 2019 /home/travis/build/icyphy/ptII/ptolemy/domains/continuous/test/auto/InitialStateFeedback.xml
----------------- Instantiating /home/travis/build/icyphy/ptII/ptolemy/domains/continuous/test/auto/InitialStateFeedback.xml
3 ms. Memory: 278528K Free: 197304K (71%)
----------------- Invoking toplevel() on ptolemy.moml.MoMLSimpleApplication@31617aac
----------------- Done invoking toplevel() on ptolemy.moml.MoMLSimpleApplication@31617aac
reloadAllAccessors: .InitialStateFeedback

===========================================================================================
----------------- testing Fri Dec 27 06:30:29 UTC 2019 /home/travis/build/icyphy/ptII/ptolemy/domains/continuous/test/auto/Integration.xml
----------------- Instantiating /home/travis/build/icyphy/ptII/ptolemy/domains/continuous/test/auto/Integration.xml
2 ms. Memory: 278528K Free: 193208K (69%)
----------------- Invoking toplevel() on ptolemy.moml.MoMLSimpleApplication@563b72fc
----------------- Done invoking toplevel() on ptolemy.moml.MoMLSimpleApplication@563b72fc
reloadAllAccessors: .Integration

===========================================================================================
----------------- testing Fri Dec 27 06:30:29 UTC 2019 /home/travis/build/icyphy/ptII/ptolemy/domains/continuous/test/auto/Integration2.xml
----------------- Instantiating /home/travis/build/icyphy/ptII/ptolemy/domains/continuous/test/auto/Integration2.xml
67 ms. Memory: 278528K Free: 178872K (64%)
----------------- Invoking toplevel() on ptolemy.moml.MoMLSimpleApplication@2e417cfc
----------------- Done invoking toplevel() on ptolemy.moml.MoMLSimpleApplication@2e417cfc
reloadAllAccessors: .Integration2

===========================================================================================
----------------- testing Fri Dec 27 06:30:29 UTC 2019 /home/travis/build/icyphy/ptII/ptolemy/domains/continuous/test/auto/Integration3.xml
----------------- Instantiating /home/travis/build/icyphy/ptII/ptolemy/domains/continuous/test/auto/Integration3.xml
2 ms. Memory: 278528K Free: 174266K (63%)
----------------- Invoking toplevel() on ptolemy.moml.MoMLSimpleApplication@3cd05ed8
----------------- Done invoking toplevel() on ptolemy.moml.MoMLSimpleApplication@3cd05ed8
reloadAllAccessors: .Integration3

===========================================================================================
----------------- testing Fri Dec 27 06:30:30 UTC 2019 /home/travis/build/icyphy/ptII/ptolemy/domains/continuous/test/auto/Integration5.xml
----------------- Instantiating /home/travis/build/icyphy/ptII/ptolemy/domains/continuous/test/auto/Integration5.xml
2 ms. Memory: 278528K Free: 170170K (61%)
----------------- Invoking toplevel() on ptolemy.moml.MoMLSimpleApplication@79b3b94
----------------- Done invoking toplevel() on ptolemy.moml.MoMLSimpleApplication@79b3b94
reloadAllAccessors: .Integration5

===========================================================================================
----------------- testing Fri Dec 27 06:30:30 UTC 2019 /home/travis/build/icyphy/ptII/ptolemy/domains/continuous/test/auto/IntegratorImpulse.xml
----------------- Instantiating /home/travis/build/icyphy/ptII/ptolemy/domains/continuous/test/auto/IntegratorImpulse.xml
2 ms. Memory: 278528K Free: 166074K (60%)
----------------- Invoking toplevel() on ptolemy.moml.MoMLSimpleApplication@59d05c66
----------------- Done invoking toplevel() on ptolemy.moml.MoMLSimpleApplication@59d05c66
reloadAllAccessors: .IntegratorImpulse

===========================================================================================
----------------- testing Fri Dec 27 06:30:30 UTC 2019 /home/travis/build/icyphy/ptII/ptolemy/domains/continuous/test/auto/IntegratorImpulse2.xml
----------------- Instantiating /home/travis/build/icyphy/ptII/ptolemy/domains/continuous/test/auto/IntegratorImpulse2.xml
3 ms. Memory: 278528K Free: 161434K (58%)
----------------- Invoking toplevel() on ptolemy.moml.MoMLSimpleApplication@4267ed4c
----------------- Done invoking toplevel() on ptolemy.moml.MoMLSimpleApplication@4267ed4c
reloadAllAccessors: .IntegratorImpulse2

===========================================================================================
----------------- testing Fri Dec 27 06:30:30 UTC 2019 /home/travis/build/icyphy/ptII/ptolemy/domains/continuous/test/auto/LevelCrossing1.xml
----------------- Instantiating /home/travis/build/icyphy/ptII/ptolemy/domains/continuous/test/auto/LevelCrossing1.xml
2 ms. Memory: 278528K Free: 156344K (56%)
----------------- Invoking toplevel() on ptolemy.moml.MoMLSimpleApplication@1f7b2a71
----------------- Done invoking toplevel() on ptolemy.moml.MoMLSimpleApplication@1f7b2a71
reloadAllAccessors: .LevelCrossing1

===========================================================================================
----------------- testing Fri Dec 27 06:30:30 UTC 2019 /home/travis/build/icyphy/ptII/ptolemy/domains/continuous/test/auto/LevelCrossing2.xml
----------------- Instantiating /home/travis/build/icyphy/ptII/ptolemy/domains/continuous/test/auto/LevelCrossing2.xml
3 ms. Memory: 278528K Free: 151224K (54%)
----------------- Invoking toplevel() on ptolemy.moml.MoMLSimpleApplication@51968ccd
----------------- Done invoking toplevel() on ptolemy.moml.MoMLSimpleApplication@51968ccd
reloadAllAccessors: .LevelCrossing2

===========================================================================================
----------------- testing Fri Dec 27 06:30:30 UTC 2019 /home/travis/build/icyphy/ptII/ptolemy/domains/continuous/test/auto/LevelCrossing3.xml
----------------- Instantiating /home/travis/build/icyphy/ptII/ptolemy/domains/continuous/test/auto/LevelCrossing3.xml
2 ms. Memory: 278528K Free: 146104K (52%)
----------------- Invoking toplevel() on ptolemy.moml.MoMLSimpleApplication@288045bc
----------------- Done invoking toplevel() on ptolemy.moml.MoMLSimpleApplication@288045bc
reloadAllAccessors: .LevelCrossing3

===========================================================================================
----------------- testing Fri Dec 27 06:30:30 UTC 2019 /home/travis/build/icyphy/ptII/ptolemy/domains/continuous/test/auto/LevelCrossing4.xml
----------------- Instantiating /home/travis/build/icyphy/ptII/ptolemy/domains/continuous/test/auto/LevelCrossing4.xml
3 ms. Memory: 278528K Free: 140970K (51%)
----------------- Invoking toplevel() on ptolemy.moml.MoMLSimpleApplication@223efd30
----------------- Done invoking toplevel() on ptolemy.moml.MoMLSimpleApplication@223efd30
reloadAllAccessors: .LevelCrossing4

===========================================================================================
----------------- testing Fri Dec 27 06:30:30 UTC 2019 /home/travis/build/icyphy/ptII/ptolemy/domains/continuous/test/auto/LevelCrossing5.xml
----------------- Instantiating /home/travis/build/icyphy/ptII/ptolemy/domains/continuous/test/auto/LevelCrossing5.xml
2 ms. Memory: 278528K Free: 135864K (49%)
----------------- Invoking toplevel() on ptolemy.moml.MoMLSimpleApplication@14a1b9f4
----------------- Done invoking toplevel() on ptolemy.moml.MoMLSimpleApplication@14a1b9f4
reloadAllAccessors: .LevelCrossing5

===========================================================================================
[...]
4 ms. Memory: 278528K Free: 210686K (76%)
----------------- Invoking toplevel() on ptolemy.moml.MoMLSimpleApplication@1b917bad
----------------- Done invoking toplevel() on ptolemy.moml.MoMLSimpleApplication@1b917bad
reloadAllAccessors: .SRinContinuous

===========================================================================================
----------------- testing Fri Dec 27 06:30:45 UTC 2019 /home/travis/build/icyphy/ptII/ptolemy/domains/continuous/test/auto/SampledClocks.xml
----------------- Instantiating /home/travis/build/icyphy/ptII/ptolemy/domains/continuous/test/auto/SampledClocks.xml
6 ms. Memory: 278528K Free: 197884K (71%)
----------------- Invoking toplevel() on ptolemy.moml.MoMLSimpleApplication@567e8449
----------------- Done invoking toplevel() on ptolemy.moml.MoMLSimpleApplication@567e8449
reloadAllAccessors: .SampledClocks

===========================================================================================
----------------- testing Fri Dec 27 06:30:45 UTC 2019 /home/travis/build/icyphy/ptII/ptolemy/domains/continuous/test/auto/Satellite.xml
----------------- Instantiating /home/travis/build/icyphy/ptII/ptolemy/domains/continuous/test/auto/Satellite.xml
643 ms. Memory: 278528K Free: 172073K (62%)
----------------- Invoking toplevel() on ptolemy.moml.MoMLSimpleApplication@666dbb8c
----------------- Done invoking toplevel() on ptolemy.moml.MoMLSimpleApplication@666dbb8c
reloadAllAccessors: .Satellite

===========================================================================================
----------------- testing Fri Dec 27 06:30:46 UTC 2019 /home/travis/build/icyphy/ptII/ptolemy/domains/continuous/test/auto/SigmaDelta.xml
----------------- Instantiating /home/travis/build/icyphy/ptII/ptolemy/domains/continuous/test/auto/SigmaDelta.xml
1963 ms. Memory: 278528K Free: 229585K (82%)
----------------- Invoking toplevel() on ptolemy.moml.MoMLSimpleApplication@5d97dd4b
----------------- Done invoking toplevel() on ptolemy.moml.MoMLSimpleApplication@5d97dd4b
reloadAllAccessors: .SigmaDelta

===========================================================================================
----------------- testing Fri Dec 27 06:30:48 UTC 2019 /home/travis/build/icyphy/ptII/ptolemy/domains/continuous/test/auto/SingleRefinement.xml
----------------- Instantiating /home/travis/build/icyphy/ptII/ptolemy/domains/continuous/test/auto/SingleRefinement.xml
307 ms. Memory: 278528K Free: 213178K (77%)
----------------- Invoking toplevel() on ptolemy.moml.MoMLSimpleApplication@448e6d7
----------------- Done invoking toplevel() on ptolemy.moml.MoMLSimpleApplication@448e6d7
reloadAllAccessors: .SingleRefinement

===========================================================================================
----------------- testing Fri Dec 27 06:30:48 UTC 2019 /home/travis/build/icyphy/ptII/ptolemy/domains/continuous/test/auto/SinuBouncingBall.xml
----------------- Instantiating /home/travis/build/icyphy/ptII/ptolemy/domains/continuous/test/auto/SinuBouncingBall.xml
767 ms. Memory: 278528K Free: 165291K (59%)
----------------- Invoking toplevel() on ptolemy.moml.MoMLSimpleApplication@7fb2643f
----------------- Done invoking toplevel() on ptolemy.moml.MoMLSimpleApplication@7fb2643f
reloadAllAccessors: .SinuBouncingBall

===========================================================================================
----------------- testing Fri Dec 27 06:30:49 UTC 2019 /home/travis/build/icyphy/ptII/ptolemy/domains/continuous/test/auto/Sinusoid.xml
----------------- Instantiating /home/travis/build/icyphy/ptII/ptolemy/domains/continuous/test/auto/Sinusoid.xml
4 ms. Memory: 278528K Free: 160651K (58%)
----------------- Invoking toplevel() on ptolemy.moml.MoMLSimpleApplication@6277ed8c
----------------- Done invoking toplevel() on ptolemy.moml.MoMLSimpleApplication@6277ed8c
reloadAllAccessors: .Sinusoid

===========================================================================================
----------------- testing Fri Dec 27 06:30:49 UTC 2019 /home/travis/build/icyphy/ptII/ptolemy/domains/continuous/test/auto/SinusoidInNoise.xml
----------------- Instantiating /home/travis/build/icyphy/ptII/ptolemy/domains/continuous/test/auto/SinusoidInNoise.xml
823 ms. Memory: 278528K Free: 186562K (67%)
----------------- Invoking toplevel() on ptolemy.moml.MoMLSimpleApplication@569f718e
----------------- Done invoking toplevel() on ptolemy.moml.MoMLSimpleApplication@569f718e
reloadAllAccessors: .SinusoidInNoise

===========================================================================================
----------------- testing Fri Dec 27 06:30:50 UTC 2019 /home/travis/build/icyphy/ptII/ptolemy/domains/continuous/test/auto/SinusoidRK45.xml
----------------- Instantiating /home/travis/build/icyphy/ptII/ptolemy/domains/continuous/test/auto/SinusoidRK45.xml
2 ms. Memory: 278528K Free: 181921K (65%)
----------------- Invoking toplevel() on ptolemy.moml.MoMLSimpleApplication@5b6357e8
----------------- Done invoking toplevel() on ptolemy.moml.MoMLSimpleApplication@5b6357e8
reloadAllAccessors: .SinusoidRK45

===========================================================================================
----------------- testing Fri Dec 27 06:30:50 UTC 2019 /home/travis/build/icyphy/ptII/ptolemy/domains/continuous/test/auto/SinusoidWithMultipleImpulses.xml
----------------- Instantiating /home/travis/build/icyphy/ptII/ptolemy/domains/continuous/test/auto/SinusoidWithMultipleImpulses.xml
4 ms. Memory: 278528K Free: 177346K (64%)
----------------- Invoking toplevel() on ptolemy.moml.MoMLSimpleApplication@58bf33dd
----------------- Done invoking toplevel() on ptolemy.moml.MoMLSimpleApplication@58bf33dd
reloadAllAccessors: .SinusoidWithMultipleImpulses

===========================================================================================
----------------- testing Fri Dec 27 06:30:50 UTC 2019 /home/travis/build/icyphy/ptII/ptolemy/domains/continuous/test/auto/SquareWave.xml
----------------- Instantiating /home/travis/build/icyphy/ptII/ptolemy/domains/continuous/test/auto/SquareWave.xml
135 ms. Memory: 278528K Free: 149698K (54%)
----------------- Invoking toplevel() on ptolemy.moml.MoMLSimpleApplication@618b238a
----------------- Done invoking toplevel() on ptolemy.moml.MoMLSimpleApplication@618b238a
reloadAllAccessors: .SquareWave

===========================================================================================
----------------- testing Fri Dec 27 06:30:50 UTC 2019 /home/travis/build/icyphy/ptII/ptolemy/domains/continuous/test/auto/Starmac.xml
----------------- Instantiating /home/travis/build/icyphy/ptII/ptolemy/domains/continuous/test/auto/Starmac.xml
3061 ms. Memory: 278528K Free: 164007K (59%)
----------------- Invoking toplevel() on ptolemy.moml.MoMLSimpleApplication@3acc0803
----------------- Done invoking toplevel() on ptolemy.moml.MoMLSimpleApplication@3acc0803
reloadAllAccessors: .Starmac

===========================================================================================
----------------- testing Fri Dec 27 06:30:53 UTC 2019 /home/travis/build/icyphy/ptII/ptolemy/domains/continuous/test/auto/StaticUnits.xml
----------------- Instantiating /home/travis/build/icyphy/ptII/ptolemy/domains/continuous/test/auto/StaticUnits.xml
1706 ms. Memory: 334848K Free: 281480K (84%)
----------------- Invoking toplevel() on ptolemy.moml.MoMLSimpleApplication@67f8fdf2
----------------- Done invoking toplevel() on ptolemy.moml.MoMLSimpleApplication@67f8fdf2
reloadAllAccessors: .StaticUnits

===========================================================================================
----------------- testing Fri Dec 27 06:30:56 UTC 2019 /home/travis/build/icyphy/ptII/ptolemy/domains/continuous/test/auto/StickyMasses.xml
----------------- Instantiating /home/travis/build/icyphy/ptII/ptolemy/domains/continuous/test/auto/StickyMasses.xml
135 ms. Memory: 334848K Free: 231304K (69%)
----------------- Invoking toplevel() on ptolemy.moml.MoMLSimpleApplication@1eb5a42b
----------------- Done invoking toplevel() on ptolemy.moml.MoMLSimpleApplication@1eb5a42b
reloadAllAccessors: .StickyMasses

===========================================================================================
----------------- testing Fri Dec 27 06:30:56 UTC 2019 /home/travis/build/icyphy/ptII/ptolemy/domains/continuous/test/auto/StopTime.xml
----------------- Instantiating /home/travis/build/icyphy/ptII/ptolemy/domains/continuous/test/auto/StopTime.xml
40 ms. Memory: 334848K Free: 205704K (61%)
----------------- Invoking toplevel() on ptolemy.moml.MoMLSimpleApplication@7721873a
----------------- Done invoking toplevel() on ptolemy.moml.MoMLSimpleApplication@7721873a
reloadAllAccessors: .StopTime

===========================================================================================
----------------- testing Fri Dec 27 06:30:56 UTC 2019 /home/travis/build/icyphy/ptII/ptolemy/domains/continuous/test/auto/StopTime2.xml
----------------- Instantiating /home/travis/build/icyphy/ptII/ptolemy/domains/continuous/test/auto/StopTime2.xml
32 ms. Memory: 334848K Free: 183680K (55%)
----------------- Invoking toplevel() on ptolemy.moml.MoMLSimpleApplication@109c616
----------------- Done invoking toplevel() on ptolemy.moml.MoMLSimpleApplication@109c616
reloadAllAccessors: .StopTime2

===========================================================================================
----------------- testing Fri Dec 27 06:30:56 UTC 2019 /home/travis/build/icyphy/ptII/ptolemy/domains/continuous/test/auto/Switch.xml
----------------- Instantiating /home/travis/build/icyphy/ptII/ptolemy/domains/continuous/test/auto/Switch.xml
38 ms. Memory: 334848K Free: 158600K (47%)
----------------- Invoking toplevel() on ptolemy.moml.MoMLSimpleApplication@271bf814
----------------- Done invoking toplevel() on ptolemy.moml.MoMLSimpleApplication@271bf814
reloadAllAccessors: .Switch

===========================================================================================
----------------- testing Fri Dec 27 06:30:56 UTC 2019 /home/travis/build/icyphy/ptII/ptolemy/domains/continuous/test/auto/Thermostat.xml
----------------- Instantiating /home/travis/build/icyphy/ptII/ptolemy/domains/continuous/test/auto/Thermostat.xml
187 ms. Memory: 334848K Free: 283526K (85%)
----------------- Invoking toplevel() on ptolemy.moml.MoMLSimpleApplication@53ba9868
----------------- Done invoking toplevel() on ptolemy.moml.MoMLSimpleApplication@53ba9868
reloadAllAccessors: .Thermostat

===========================================================================================
----------------- testing Fri Dec 27 06:30:56 UTC 2019 /home/travis/build/icyphy/ptII/ptolemy/domains/continuous/test/auto/TimeDelay.xml
----------------- Instantiating /home/travis/build/icyphy/ptII/ptolemy/domains/continuous/test/auto/TimeDelay.xml
5 ms. Memory: 334848K Free: 278400K (83%)
----------------- Invoking toplevel() on ptolemy.moml.MoMLSimpleApplication@23578c57
----------------- Done invoking toplevel() on ptolemy.moml.MoMLSimpleApplication@23578c57
reloadAllAccessors: .TimeDelay

===========================================================================================
----------------- testing Fri Dec 27 06:30:56 UTC 2019 /home/travis/build/icyphy/ptII/ptolemy/domains/continuous/test/auto/TimeDelay2.xml
----------------- Instantiating /home/travis/build/icyphy/ptII/ptolemy/domains/continuous/test/auto/TimeDelay2.xml
9 ms. Memory: 334848K Free: 268680K (80%)
----------------- Invoking toplevel() on ptolemy.moml.MoMLSimpleApplication@13a20649
----------------- Done invoking toplevel() on ptolemy.moml.MoMLSimpleApplication@13a20649
reloadAllAccessors: .TimeDelay2

===========================================================================================
----------------- testing Fri Dec 27 06:30:56 UTC 2019 /home/travis/build/icyphy/ptII/ptolemy/domains/continuous/test/auto/TimeDelay3.xml
----------------- Instantiating /home/travis/build/icyphy/ptII/ptolemy/domains/continuous/test/auto/TimeDelay3.xml
5 ms. Memory: 334848K Free: 264053K (79%)
----------------- Invoking toplevel() on ptolemy.moml.MoMLSimpleApplication@261f243f
----------------- Done invoking toplevel() on ptolemy.moml.MoMLSimpleApplication@261f243f
reloadAllAccessors: .TimeDelay3

===========================================================================================
----------------- testing Fri Dec 27 06:30:56 UTC 2019 /home/travis/build/icyphy/ptII/ptolemy/domains/continuous/test/auto/TransferAbsentToInside.xml
----------------- Instantiating /home/travis/build/icyphy/ptII/ptolemy/domains/continuous/test/auto/TransferAbsentToInside.xml
20 ms. Memory: 334848K Free: 210816K (63%)
----------------- Invoking toplevel() on ptolemy.moml.MoMLSimpleApplication@4078e49b
----------------- Done invoking toplevel() on ptolemy.moml.MoMLSimpleApplication@4078e49b
reloadAllAccessors: .TransferAbsentToInside

===========================================================================================
----------------- testing Fri Dec 27 06:30:56 UTC 2019 /home/travis/build/icyphy/ptII/ptolemy/domains/continuous/test/auto/Transmission.xml
----------------- Instantiating /home/travis/build/icyphy/ptII/ptolemy/domains/continuous/test/auto/Transmission.xml
823 ms. Memory: 334848K Free: 176021K (53%)
----------------- Invoking toplevel() on ptolemy.moml.MoMLSimpleApplication@5cde93a7
----------------- Done invoking toplevel() on ptolemy.moml.MoMLSimpleApplication@5cde93a7
reloadAllAccessors: .Transmission

===========================================================================================
----------------- testing Fri Dec 27 06:30:57 UTC 2019 /home/travis/build/icyphy/ptII/ptolemy/domains/continuous/test/auto/TriggeredContinuousClock.xml
----------------- Instantiating /home/travis/build/icyphy/ptII/ptolemy/domains/continuous/test/auto/TriggeredContinuousClock.xml
35 ms. Memory: 334848K Free: 146295K (44%)
----------------- Invoking toplevel() on ptolemy.moml.MoMLSimpleApplication@5e3dfb7d
----------------- Done invoking toplevel() on ptolemy.moml.MoMLSimpleApplication@5e3dfb7d
reloadAllAccessors: .TriggeredContinuousClock

===========================================================================================
----------------- testing Fri Dec 27 06:30:57 UTC 2019 /home/travis/build/icyphy/ptII/ptolemy/domains/continuous/test/auto/TwoMachineInfiniteBusControl.xml
----------------- Instantiating /home/travis/build/icyphy/ptII/ptolemy/domains/continuous/test/auto/TwoMachineInfiniteBusControl.xml
2309 ms. Memory: 334848K Free: 181640K (54%)
----------------- Invoking toplevel() on ptolemy.moml.MoMLSimpleApplication@1859303d
----------------- Done invoking toplevel() on ptolemy.moml.MoMLSimpleApplication@1859303d
reloadAllAccessors: .TwoMachineInfiniteBusControl

===========================================================================================
----------------- testing Fri Dec 27 06:31:00 UTC 2019 /home/travis/build/icyphy/ptII/ptolemy/domains/continuous/test/auto/V2V.xml
----------------- Instantiating /home/travis/build/icyphy/ptII/ptolemy/domains/continuous/test/auto/V2V.xml
752 ms. Memory: 334848K Free: 189956K (57%)
----------------- Invoking toplevel() on ptolemy.moml.MoMLSimpleApplication@11962b8d
----------------- Done invoking toplevel() on ptolemy.moml.MoMLSimpleApplication@11962b8d
reloadAllAccessors: .V2V

===========================================================================================
----------------- testing Fri Dec 27 06:31:01 UTC 2019 /home/travis/build/icyphy/ptII/ptolemy/domains/continuous/test/auto/hierarchicalModalModel.xml
----------------- Instantiating /home/travis/build/icyphy/ptII/ptolemy/domains/continuous/test/auto/hierarchicalModalModel.xml
7 ms. Memory: 334848K Free: 175590K (52%)
----------------- Invoking toplevel() on ptolemy.moml.MoMLSimpleApplication@5da36f94
----------------- Done invoking toplevel() on ptolemy.moml.MoMLSimpleApplication@5da36f94
reloadAllAccessors: .hierarchicalModalModel

===========================================================================================
----------------- testing Fri Dec 27 06:31:01 UTC 2019 /home/travis/build/icyphy/ptII/ptolemy/domains/continuous/test/auto/hierarchicalModalModel1.xml
----------------- Instantiating /home/travis/build/icyphy/ptII/ptolemy/domains/continuous/test/auto/hierarchicalModalModel1.xml
8 ms. Memory: 334848K Free: 160774K (48%)
----------------- Invoking toplevel() on ptolemy.moml.MoMLSimpleApplication@88465b1
----------------- Done invoking toplevel() on ptolemy.moml.MoMLSimpleApplication@88465b1
reloadAllAccessors: .hierarchicalModalModel1

===========================================================================================
----------------- testing Fri Dec 27 06:31:01 UTC 2019 /home/travis/build/icyphy/ptII/ptolemy/domains/continuous/test/auto/hierarchicalModalModel2.xml
----------------- Instantiating /home/travis/build/icyphy/ptII/ptolemy/domains/continuous/test/auto/hierarchicalModalModel2.xml
6 ms. Memory: 334848K Free: 148486K (44%)
----------------- Invoking toplevel() on ptolemy.moml.MoMLSimpleApplication@256c1d78
----------------- Done invoking toplevel() on ptolemy.moml.MoMLSimpleApplication@256c1d78
reloadAllAccessors: .hierarchicalModalModel2

===========================================================================================
----------------- testing Fri Dec 27 06:31:01 UTC 2019 /home/travis/build/icyphy/ptII/ptolemy/domains/continuous/test/auto/hierarchicalModalModel3.xml
----------------- Instantiating /home/travis/build/icyphy/ptII/ptolemy/domains/continuous/test/auto/hierarchicalModalModel3.xml
6 ms. Memory: 334848K Free: 137732K (41%)
----------------- Invoking toplevel() on ptolemy.moml.MoMLSimpleApplication@4bf4aa3d
----------------- Done invoking toplevel() on ptolemy.moml.MoMLSimpleApplication@4bf4aa3d
reloadAllAccessors: .hierarchicalModalModel3

===========================================================================================
----------------- testing Fri Dec 27 06:31:01 UTC 2019 /home/travis/build/icyphy/ptII/ptolemy/domains/continuous/test/auto/hierarchicalModalModel4.xml
----------------- Instantiating /home/travis/build/icyphy/ptII/ptolemy/domains/continuous/test/auto/hierarchicalModalModel4.xml
5 ms. Memory: 334848K Free: 125958K (38%)
----------------- Invoking toplevel() on ptolemy.moml.MoMLSimpleApplication@3514c93d
----------------- Done invoking toplevel() on ptolemy.moml.MoMLSimpleApplication@3514c93d
reloadAllAccessors: .hierarchicalModalModel4

===========================================================================================
----------------- testing Fri Dec 27 06:31:01 UTC 2019 /home/travis/build/icyphy/ptII/ptolemy/domains/continuous/test/auto/junk.xml
----------------- Instantiating /home/travis/build/icyphy/ptII/ptolemy/domains/continuous/test/auto/junk.xml
129 ms. Memory: 334848K Free: 297140K (89%)
----------------- Invoking toplevel() on ptolemy.moml.MoMLSimpleApplication@5d15bb85
----------------- Done invoking toplevel() on ptolemy.moml.MoMLSimpleApplication@5d15bb85
reloadAllAccessors: .junk
AutoTests.java: About to close Vertx.
AutoTests.java: Vertx closed.
]]></system-out>
  <system-err><![CDATA[Warning: '.HysteresisWithRandomDelay.NonStrictTest' The test produced only 221 tokens, yet the correctValues parameter was expecting 222 tokens.
Warning: '.HysteresisWithRandomDelay.NonStrictTest2' The test produced only 220 tokens, yet the correctValues parameter was expecting 221 tokens.
Warning: '.HysteresisWithRandomDelay.NonStrictTest3' The test produced only 29 tokens, yet the correctValues parameter was expecting 30 tokens.
Warning: '.IncreasingRatePoisson.NonStrictTest' The test produced only 370 tokens, yet the correctValues parameter was expecting 402 tokens.
Warning: '.Poisson.NonStrictTest' The test produced only 399 tokens, yet the correctValues parameter was expecting 430 tokens.
]]></system-err>
</testsuite>
