<?xml version="1.0" encoding="UTF-8" ?>
<testsuite errors="0" failures="0" hostname="travis-job-cdda5081-0b2f-4a14-a711-5e2441e5f8c8" name="ptolemy.domains.sdf.test.junit.JUnitTclTest" skipped="0" tests="66" time="25.64" timestamp="2019-10-10T21:10:47">
  <properties>
[...]
</properties>
  <testcase classname="ptolemy.util.test.junit.TclTests" name="[0] /home/travis/build/icyphy/ptII/ptolemy/domains/sdf/test/SDFSchedulerErrors.tcl (RunTclFile)" time="1.182" />
  <testcase classname="ptolemy.util.test.junit.TclTests" name="[1] /home/travis/build/icyphy/ptII/ptolemy/domains/sdf/test/composition.tcl (RunTclFile)" time="0.21" />
  <testcase classname="ptolemy.util.test.junit.TclTests" name="[2] /home/travis/build/icyphy/ptII/ptolemy/domains/sdf/test/cycle.tcl (RunTclFile)" time="0.127" />
  <testcase classname="ptolemy.util.test.junit.AutoKnownFailedTests" name="[0] ThereAreNoKnowFailedTests (RunModel)" time="0.005" />
  <testcase classname="ptolemy.util.test.junit.AutoNameArchTests" name="[0] ThereAreNoAutoArchTests (RunModel)" time="0.005" />
  <testcase classname="ptolemy.util.test.junit.AutoTests" name="[0] /home/travis/build/icyphy/ptII/ptolemy/domains/sdf/test/auto/Array.xml (RunModel)" time="0.388" />
  <testcase classname="ptolemy.util.test.junit.AutoTests" name="[1] /home/travis/build/icyphy/ptII/ptolemy/domains/sdf/test/auto/Butterfly.xml (RunModel)" time="0.193" />
  <testcase classname="ptolemy.util.test.junit.AutoTests" name="[2] /home/travis/build/icyphy/ptII/ptolemy/domains/sdf/test/auto/Expression.xml (RunModel)" time="0.224" />
  <testcase classname="ptolemy.util.test.junit.AutoTests" name="[3] /home/travis/build/icyphy/ptII/ptolemy/domains/sdf/test/auto/Eye.xml (RunModel)" time="0.328" />
  <testcase classname="ptolemy.util.test.junit.AutoTests" name="[4] /home/travis/build/icyphy/ptII/ptolemy/domains/sdf/test/auto/FixFIR.xml (RunModel)" time="0.405" />
  <testcase classname="ptolemy.util.test.junit.AutoTests" name="[5] /home/travis/build/icyphy/ptII/ptolemy/domains/sdf/test/auto/FixPoint.xml (RunModel)" time="0.051" />
  <testcase classname="ptolemy.util.test.junit.AutoTests" name="[6] /home/travis/build/icyphy/ptII/ptolemy/domains/sdf/test/auto/Gravitation.xml (RunModel)" time="3.458" />
  <testcase classname="ptolemy.util.test.junit.AutoTests" name="[7] /home/travis/build/icyphy/ptII/ptolemy/domains/sdf/test/auto/GravitationWithCollisionDetection.xml (RunModel)" time="9.098" />
  <testcase classname="ptolemy.util.test.junit.AutoTests" name="[8] /home/travis/build/icyphy/ptII/ptolemy/domains/sdf/test/auto/HDF.xml (RunModel)" time="0.139" />
  <testcase classname="ptolemy.util.test.junit.AutoTests" name="[9] /home/travis/build/icyphy/ptII/ptolemy/domains/sdf/test/auto/HDFwithTransientStates.xml (RunModel)" time="0.119" />
  <testcase classname="ptolemy.util.test.junit.AutoTests" name="[10] /home/travis/build/icyphy/ptII/ptolemy/domains/sdf/test/auto/HTVQ.xml (RunModel)" time="1.073" />
  <testcase classname="ptolemy.util.test.junit.AutoTests" name="[11] /home/travis/build/icyphy/ptII/ptolemy/domains/sdf/test/auto/InferInitProduction.xml (RunModel)" time="0.041" />
  <testcase classname="ptolemy.util.test.junit.AutoTests" name="[12] /home/travis/build/icyphy/ptII/ptolemy/domains/sdf/test/auto/InferInitProductionDeeper.xml (RunModel)" time="0.03" />
  <testcase classname="ptolemy.util.test.junit.AutoTests" name="[13] /home/travis/build/icyphy/ptII/ptolemy/domains/sdf/test/auto/LMSAdaptive.xml (RunModel)" time="0.11" />
  <testcase classname="ptolemy.util.test.junit.AutoTests" name="[14] /home/travis/build/icyphy/ptII/ptolemy/domains/sdf/test/auto/LogisticMap.xml (RunModel)" time="0.53" />
  <testcase classname="ptolemy.util.test.junit.AutoTests" name="[15] /home/travis/build/icyphy/ptII/ptolemy/domains/sdf/test/auto/MaximumEntropySpectrum.xml (RunModel)" time="0.416" />
  <testcase classname="ptolemy.util.test.junit.AutoTests" name="[16] /home/travis/build/icyphy/ptII/ptolemy/domains/sdf/test/auto/MultirateSDF.xml (RunModel)" time="0.096" />
  <testcase classname="ptolemy.util.test.junit.AutoTests" name="[17] /home/travis/build/icyphy/ptII/ptolemy/domains/sdf/test/auto/MultirateSDFwithTransientStates.xml (RunModel)" time="0.137" />
  <testcase classname="ptolemy.util.test.junit.AutoTests" name="[18] /home/travis/build/icyphy/ptII/ptolemy/domains/sdf/test/auto/NoisySinewave.xml (RunModel)" time="0.081" />
  <testcase classname="ptolemy.util.test.junit.AutoTests" name="[19] /home/travis/build/icyphy/ptII/ptolemy/domains/sdf/test/auto/Objects.xml (RunModel)" time="0.073" />
  <testcase classname="ptolemy.util.test.junit.AutoTests" name="[20] /home/travis/build/icyphy/ptII/ptolemy/domains/sdf/test/auto/OrthogonalCom.xml (RunModel)" time="0.068" />
  <testcase classname="ptolemy.util.test.junit.AutoTests" name="[21] /home/travis/build/icyphy/ptII/ptolemy/domains/sdf/test/auto/RijndaelEncryption.xml (RunModel)" time="0.854" />
  <testcase classname="ptolemy.util.test.junit.AutoTests" name="[22] /home/travis/build/icyphy/ptII/ptolemy/domains/sdf/test/auto/SDFEmptyIterations.xml (RunModel)" time="0.034" />
  <testcase classname="ptolemy.util.test.junit.AutoTests" name="[23] /home/travis/build/icyphy/ptII/ptolemy/domains/sdf/test/auto/Spectrum.xml (RunModel)" time="0.126" />
  <testcase classname="ptolemy.util.test.junit.AutoTests" name="[24] /home/travis/build/icyphy/ptII/ptolemy/domains/sdf/test/auto/de_inside_sdf.xml (RunModel)" time="0.033" />
  <testcase classname="ptolemy.util.test.junit.AutoTests" name="[25] /home/travis/build/icyphy/ptII/ptolemy/domains/sdf/test/auto/disconnectedHierarchicalSDF.xml (RunModel)" time="0.027" />
  <testcase classname="ptolemy.util.test.junit.AutoTests" name="[26] /home/travis/build/icyphy/ptII/ptolemy/domains/sdf/test/auto/disconnectedSDF.xml (RunModel)" time="0.019" />
  <testcase classname="ptolemy.util.test.junit.AutoTests" name="[27] /home/travis/build/icyphy/ptII/ptolemy/domains/sdf/test/auto/emptyRefinement.xml (RunModel)" time="0.027" />
  <testcase classname="ptolemy.util.test.junit.AutoTests" name="[28] /home/travis/build/icyphy/ptII/ptolemy/domains/sdf/test/auto/filePortParameter.xml (RunModel)" time="0.067" />
  <testcase classname="ptolemy.util.test.junit.AutoTests" name="[29] /home/travis/build/icyphy/ptII/ptolemy/domains/sdf/test/auto/inferRelationWidth1.xml (RunModel)" time="0.019" />
  <testcase classname="ptolemy.util.test.junit.AutoTests" name="[30] /home/travis/build/icyphy/ptII/ptolemy/domains/sdf/test/auto/initProductionInference.xml (RunModel)" time="0.044" />
  <testcase classname="ptolemy.util.test.junit.AutoTests" name="[31] /home/travis/build/icyphy/ptII/ptolemy/domains/sdf/test/auto/relationGroup.xml (RunModel)" time="0.03" />
  <testcase classname="ptolemy.util.test.junit.AutoTests" name="[32] /home/travis/build/icyphy/ptII/ptolemy/domains/sdf/test/auto/relationGroup10.xml (RunModel)" time="0.018" />
  <testcase classname="ptolemy.util.test.junit.AutoTests" name="[33] /home/travis/build/icyphy/ptII/ptolemy/domains/sdf/test/auto/relationGroup11.xml (RunModel)" time="0.021" />
  <testcase classname="ptolemy.util.test.junit.AutoTests" name="[34] /home/travis/build/icyphy/ptII/ptolemy/domains/sdf/test/auto/relationGroup12.xml (RunModel)" time="0.028" />
  <testcase classname="ptolemy.util.test.junit.AutoTests" name="[35] /home/travis/build/icyphy/ptII/ptolemy/domains/sdf/test/auto/relationGroup13.xml (RunModel)" time="0.022" />
  <testcase classname="ptolemy.util.test.junit.AutoTests" name="[36] /home/travis/build/icyphy/ptII/ptolemy/domains/sdf/test/auto/relationGroup14.xml (RunModel)" time="0.016" />
  <testcase classname="ptolemy.util.test.junit.AutoTests" name="[37] /home/travis/build/icyphy/ptII/ptolemy/domains/sdf/test/auto/relationGroup15.xml (RunModel)" time="0.017" />
  <testcase classname="ptolemy.util.test.junit.AutoTests" name="[38] /home/travis/build/icyphy/ptII/ptolemy/domains/sdf/test/auto/relationGroup2.xml (RunModel)" time="0.013" />
  <testcase classname="ptolemy.util.test.junit.AutoTests" name="[39] /home/travis/build/icyphy/ptII/ptolemy/domains/sdf/test/auto/relationGroup3.xml (RunModel)" time="0.012" />
  <testcase classname="ptolemy.util.test.junit.AutoTests" name="[40] /home/travis/build/icyphy/ptII/ptolemy/domains/sdf/test/auto/relationGroup4.xml (RunModel)" time="0.018" />
  <testcase classname="ptolemy.util.test.junit.AutoTests" name="[41] /home/travis/build/icyphy/ptII/ptolemy/domains/sdf/test/auto/relationGroup5.xml (RunModel)" time="0.024" />
  <testcase classname="ptolemy.util.test.junit.AutoTests" name="[42] /home/travis/build/icyphy/ptII/ptolemy/domains/sdf/test/auto/relationGroup6.xml (RunModel)" time="0.019" />
  <testcase classname="ptolemy.util.test.junit.AutoTests" name="[43] /home/travis/build/icyphy/ptII/ptolemy/domains/sdf/test/auto/relationGroup7.xml (RunModel)" time="0.015" />
  <testcase classname="ptolemy.util.test.junit.AutoTests" name="[44] /home/travis/build/icyphy/ptII/ptolemy/domains/sdf/test/auto/relationGroup8.xml (RunModel)" time="0.015" />
  <testcase classname="ptolemy.util.test.junit.AutoTests" name="[45] /home/travis/build/icyphy/ptII/ptolemy/domains/sdf/test/auto/relationGroup9.xml (RunModel)" time="0.02" />
  <testcase classname="ptolemy.util.test.junit.AutoTests" name="[46] /home/travis/build/icyphy/ptII/ptolemy/domains/sdf/test/auto/sdf_inside_de.xml (RunModel)" time="0.058" />
  <testcase classname="ptolemy.util.test.junit.AutoTests" name="[47] /home/travis/build/icyphy/ptII/ptolemy/domains/sdf/test/auto/sdf_inside_pn.xml (RunModel)" time="0.091" />
  <testcase classname="ptolemy.util.test.junit.AutoTests" name="[48] /home/travis/build/icyphy/ptII/ptolemy/domains/sdf/test/auto/sdf_sdf1.xml (RunModel)" time="0.043" />
  <testcase classname="ptolemy.util.test.junit.AutoTests" name="[49] /home/travis/build/icyphy/ptII/ptolemy/domains/sdf/test/auto/test1.xml (RunModel)" time="0.027" />
  <testcase classname="ptolemy.util.test.junit.AutoTests" name="[50] /home/travis/build/icyphy/ptII/ptolemy/domains/sdf/test/auto/time1.xml (RunModel)" time="0.018" />
  <testcase classname="ptolemy.util.test.junit.AutoTests" name="[51] /home/travis/build/icyphy/ptII/ptolemy/domains/sdf/test/auto/time2.xml (RunModel)" time="0.018" />
  <testcase classname="ptolemy.util.test.junit.AutoTests" name="[52] /home/travis/build/icyphy/ptII/ptolemy/domains/sdf/test/auto/time3.xml (RunModel)" time="0.035" />
  <testcase classname="ptolemy.util.test.junit.AutoTests" name="[53] /home/travis/build/icyphy/ptII/ptolemy/domains/sdf/test/auto/time4.xml (RunModel)" time="0.025" />
  <testcase classname="ptolemy.util.test.junit.AutoTests" name="[54] /home/travis/build/icyphy/ptII/ptolemy/domains/sdf/test/auto/time5.xml (RunModel)" time="4.014" />
  <testcase classname="ptolemy.util.test.junit.AutoTests" name="[55] /home/travis/build/icyphy/ptII/ptolemy/domains/sdf/test/auto/typeSystem_Const_Integer_smallest_Type.xml (RunModel)" time="0.042" />
  <testcase classname="ptolemy.util.test.junit.AutoTests" name="[56] /home/travis/build/icyphy/ptII/ptolemy/domains/sdf/test/auto/typeSystem_declared_Inports_OutportTypeException.xml (RunModel)" time="0.031" />
  <testcase classname="ptolemy.util.test.junit.AutoTests" name="[57] /home/travis/build/icyphy/ptII/ptolemy/domains/sdf/test/auto/typeSystem_oneDeclaredInportType_wrongTypeOutport.xml (RunModel)" time="0.021" />
  <testcase classname="ptolemy.util.test.junit.AutoTests" name="[58] /home/travis/build/icyphy/ptII/ptolemy/domains/sdf/test/auto/width.xml (RunModel)" time="0.017" />
  <testcase classname="ptolemy.util.test.junit.AutoTests" name="[59] /home/travis/build/icyphy/ptII/ptolemy/domains/sdf/test/auto/width2.xml (RunModel)" time="0.049" />
  <testcase classname="ptolemy.util.test.junit.AutoTests" name="[60] /home/travis/build/icyphy/ptII/ptolemy/domains/sdf/test/auto/width3.xml (RunModel)" time="0.048" />
  <system-out><![CDATA[/home/travis/build/icyphy/ptII/ptolemy/domains/sdf/test/SDFSchedulerErrors.tcl
testDefs.tcl: setting time out to 9000 seconds at Thu Oct 10 21:10:47 UTC 2019
125 ms. Memory: 120832K Free: 81864K (68%)
11 ms. Memory: 120832K Free: 74167K (61%)
10 ms. Memory: 120832K Free: 68023K (56%)
7 ms. Memory: 120832K Free: 64966K (54%)
/home/travis/build/icyphy/ptII/ptolemy/domains/sdf/test/composition.tcl
48 ms. Memory: 120832K Free: 60870K (50%)
10 ms. Memory: 120832K Free: 58815K (49%)
/home/travis/build/icyphy/ptII/ptolemy/domains/sdf/test/cycle.tcl
.Toplevel.Director Preinitializing ...
Invoking preinitialize():  .Toplevel.Actor1
Invoking preinitialize():  .Toplevel.Actor2
Invoking preinitialize():  .Toplevel.Delay
.Toplevel.Director Finished preinitialize().
### Schedule:
Execute Schedule{
Fire Actor ptolemy.domains.sdf.kernel.test.SDFTestDelay {.Toplevel.Actor1}
Fire Actor ptolemy.domains.sdf.kernel.test.SDFTestDelay {.Toplevel.Actor2}
Fire Actor ptolemy.domains.sdf.lib.SampleDelay {.Toplevel.Delay}
}
### End schedule
Called initialize().
Invoking initialize():  .Toplevel.Actor1
Initializing actor: .Toplevel.Actor1.
Invoking initialize():  .Toplevel.Actor2
Initializing actor: .Toplevel.Actor2.
Invoking initialize():  .Toplevel.Delay
Initializing actor: .Toplevel.Delay.
Director: Called prefire().
-- Setting current time to 0.0
Director prefire returns true.
The actor .Toplevel.Actor1 will be iterated.
The actor .Toplevel.Actor1 was iterated.
The actor .Toplevel.Actor2 will be iterated.
The actor .Toplevel.Actor2 was iterated.
The actor .Toplevel.Delay will be iterated.
The actor .Toplevel.Delay was iterated.
Director: Called postfire().
Postfire returns: true
Director: Called prefire().
-- Setting current time to 0.0
Director prefire returns true.
The actor .Toplevel.Actor1 will be iterated.
The actor .Toplevel.Actor1 was iterated.
The actor .Toplevel.Actor2 will be iterated.
The actor .Toplevel.Actor2 was iterated.
The actor .Toplevel.Delay will be iterated.
The actor .Toplevel.Delay was iterated.
Director: Called postfire().
Postfire returns: true
Director: Called prefire().
-- Setting current time to 0.0
Director prefire returns true.
The actor .Toplevel.Actor1 will be iterated.
The actor .Toplevel.Actor1 was iterated.
The actor .Toplevel.Actor2 will be iterated.
The actor .Toplevel.Actor2 was iterated.
The actor .Toplevel.Delay will be iterated.
The actor .Toplevel.Delay was iterated.
Director: Called postfire().
Postfire returns: true
Director: Called prefire().
-- Setting current time to 0.0
Director prefire returns true.
The actor .Toplevel.Actor1 will be iterated.
The actor .Toplevel.Actor1 was iterated.
The actor .Toplevel.Actor2 will be iterated.
The actor .Toplevel.Actor2 was iterated.
The actor .Toplevel.Delay will be iterated.
The actor .Toplevel.Delay was iterated.
Director: Called postfire().
Postfire returns: true
Director: Called prefire().
-- Setting current time to 0.0
Director prefire returns true.
The actor .Toplevel.Actor1 will be iterated.
The actor .Toplevel.Actor1 was iterated.
The actor .Toplevel.Actor2 will be iterated.
The actor .Toplevel.Actor2 was iterated.
The actor .Toplevel.Delay will be iterated.
The actor .Toplevel.Delay was iterated.
Director: Called postfire().
Postfire returns: true
Director: Called prefire().
-- Setting current time to 0.0
Director prefire returns true.
The actor .Toplevel.Actor1 will be iterated.
The actor .Toplevel.Actor1 was iterated.
The actor .Toplevel.Actor2 will be iterated.
The actor .Toplevel.Actor2 was iterated.
The actor .Toplevel.Delay will be iterated.
The actor .Toplevel.Delay was iterated.
Reached specified number of iterations: 6
Director: Called wrapup().
60 ms. Memory: 120832K Free: 56264K (47%)
10/10/19 09:10:48
Failed: 0  Total Tests: 8  ((Passed: 8, Newly Passed: 0)  Known Failed: 0) /home/travis/build/icyphy/ptII/ptolemy/domains/sdf/test
No auto/knownFailedTests/*.xml tests in /home/travis/build/icyphy/ptII/ptolemy/domains/sdf/test
No auto/linux-amd64/*.xml tests in /home/travis/build/icyphy/ptII/ptolemy/domains/sdf/test
AutoTests.java: About to close Vertx.
AutoTests.java: Vertx closed.

===========================================================================================
----------------- testing Thu Oct 10 21:10:49 UTC 2019 /home/travis/build/icyphy/ptII/ptolemy/domains/sdf/test/auto/Array.xml
----------------- Instantiating /home/travis/build/icyphy/ptII/ptolemy/domains/sdf/test/auto/Array.xml
77 ms. Memory: 120832K Free: 95884K (79%)
----------------- Invoking toplevel() on ptolemy.moml.MoMLSimpleApplication@9b46ead
----------------- Done invoking toplevel() on ptolemy.moml.MoMLSimpleApplication@9b46ead
reloadAllAccessors: .Array

===========================================================================================
----------------- testing Thu Oct 10 21:10:49 UTC 2019 /home/travis/build/icyphy/ptII/ptolemy/domains/sdf/test/auto/Butterfly.xml
----------------- Instantiating /home/travis/build/icyphy/ptII/ptolemy/domains/sdf/test/auto/Butterfly.xml
109 ms. Memory: 120832K Free: 90045K (75%)
----------------- Invoking toplevel() on ptolemy.moml.MoMLSimpleApplication@efaa38f
----------------- Done invoking toplevel() on ptolemy.moml.MoMLSimpleApplication@efaa38f
reloadAllAccessors: .Butterfly

===========================================================================================
----------------- testing Thu Oct 10 21:10:49 UTC 2019 /home/travis/build/icyphy/ptII/ptolemy/domains/sdf/test/auto/Expression.xml
----------------- Instantiating /home/travis/build/icyphy/ptII/ptolemy/domains/sdf/test/auto/Expression.xml
120 ms. Memory: 120832K Free: 104528K (87%)
----------------- Invoking toplevel() on ptolemy.moml.MoMLSimpleApplication@330efc04
----------------- Done invoking toplevel() on ptolemy.moml.MoMLSimpleApplication@330efc04
reloadAllAccessors: .Expression

===========================================================================================
----------------- testing Thu Oct 10 21:10:50 UTC 2019 /home/travis/build/icyphy/ptII/ptolemy/domains/sdf/test/auto/Eye.xml
----------------- Instantiating /home/travis/build/icyphy/ptII/ptolemy/domains/sdf/test/auto/Eye.xml
208 ms. Memory: 120832K Free: 79850K (66%)
----------------- Invoking toplevel() on ptolemy.moml.MoMLSimpleApplication@370fbe0d
----------------- Done invoking toplevel() on ptolemy.moml.MoMLSimpleApplication@370fbe0d
reloadAllAccessors: .Eye

===========================================================================================
----------------- testing Thu Oct 10 21:10:50 UTC 2019 /home/travis/build/icyphy/ptII/ptolemy/domains/sdf/test/auto/FixFIR.xml
----------------- Instantiating /home/travis/build/icyphy/ptII/ptolemy/domains/sdf/test/auto/FixFIR.xml
177 ms. Memory: 120832K Free: 78013K (65%)
----------------- Invoking toplevel() on ptolemy.moml.MoMLSimpleApplication@5570aa72
----------------- Done invoking toplevel() on ptolemy.moml.MoMLSimpleApplication@5570aa72
reloadAllAccessors: .FixFIR

===========================================================================================
----------------- testing Thu Oct 10 21:10:50 UTC 2019 /home/travis/build/icyphy/ptII/ptolemy/domains/sdf/test/auto/FixPoint.xml
----------------- Instantiating /home/travis/build/icyphy/ptII/ptolemy/domains/sdf/test/auto/FixPoint.xml
19 ms. Memory: 120832K Free: 73879K (61%)
----------------- Invoking toplevel() on ptolemy.moml.MoMLSimpleApplication@5568dba0
----------------- Done invoking toplevel() on ptolemy.moml.MoMLSimpleApplication@5568dba0
reloadAllAccessors: .FixPoint

===========================================================================================
----------------- testing Thu Oct 10 21:10:51 UTC 2019 /home/travis/build/icyphy/ptII/ptolemy/domains/sdf/test/auto/Gravitation.xml
----------------- Instantiating /home/travis/build/icyphy/ptII/ptolemy/domains/sdf/test/auto/Gravitation.xml
3333 ms. Memory: 145408K Free: 97581K (67%)
----------------- Invoking toplevel() on ptolemy.moml.MoMLSimpleApplication@927b48a
----------------- Done invoking toplevel() on ptolemy.moml.MoMLSimpleApplication@927b48a
reloadAllAccessors: .Gravitation

===========================================================================================
----------------- testing Thu Oct 10 21:10:54 UTC 2019 /home/travis/build/icyphy/ptII/ptolemy/domains/sdf/test/auto/GravitationWithCollisionDetection.xml
----------------- Instantiating /home/travis/build/icyphy/ptII/ptolemy/domains/sdf/test/auto/GravitationWithCollisionDetection.xml
8863 ms. Memory: 305152K Free: 173759K (57%)
----------------- Invoking toplevel() on ptolemy.moml.MoMLSimpleApplication@3e90a4da
----------------- Done invoking toplevel() on ptolemy.moml.MoMLSimpleApplication@3e90a4da
reloadAllAccessors: .GravitationWithCollisionDetection

===========================================================================================
----------------- testing Thu Oct 10 21:11:03 UTC 2019 /home/travis/build/icyphy/ptII/ptolemy/domains/sdf/test/auto/HDF.xml
----------------- Instantiating /home/travis/build/icyphy/ptII/ptolemy/domains/sdf/test/auto/HDF.xml
33 ms. Memory: 305152K Free: 157903K (52%)
----------------- Invoking toplevel() on ptolemy.moml.MoMLSimpleApplication@2d16c368
----------------- Done invoking toplevel() on ptolemy.moml.MoMLSimpleApplication@2d16c368
reloadAllAccessors: .HDF

===========================================================================================
----------------- testing Thu Oct 10 21:11:03 UTC 2019 /home/travis/build/icyphy/ptII/ptolemy/domains/sdf/test/auto/HDFwithTransientStates.xml
----------------- Instantiating /home/travis/build/icyphy/ptII/ptolemy/domains/sdf/test/auto/HDFwithTransientStates.xml
44 ms. Memory: 305152K Free: 138957K (46%)
----------------- Invoking toplevel() on ptolemy.moml.MoMLSimpleApplication@1afcaeee
----------------- Done invoking toplevel() on ptolemy.moml.MoMLSimpleApplication@1afcaeee
reloadAllAccessors: .HDFwithTransientStates

===========================================================================================
----------------- testing Thu Oct 10 21:11:03 UTC 2019 /home/travis/build/icyphy/ptII/ptolemy/domains/sdf/test/auto/HTVQ.xml
----------------- Instantiating /home/travis/build/icyphy/ptII/ptolemy/domains/sdf/test/auto/HTVQ.xml
998 ms. Memory: 305152K Free: 149643K (49%)
----------------- Invoking toplevel() on ptolemy.moml.MoMLSimpleApplication@5815028d
----------------- Done invoking toplevel() on ptolemy.moml.MoMLSimpleApplication@5815028d
reloadAllAccessors: .HTVQ

===========================================================================================
----------------- testing Thu Oct 10 21:11:04 UTC 2019 /home/travis/build/icyphy/ptII/ptolemy/domains/sdf/test/auto/InferInitProduction.xml
----------------- Instantiating /home/travis/build/icyphy/ptII/ptolemy/domains/sdf/test/auto/InferInitProduction.xml
6 ms. Memory: 305152K Free: 144395K (47%)
----------------- Invoking toplevel() on ptolemy.moml.MoMLSimpleApplication@799a5a84
----------------- Done invoking toplevel() on ptolemy.moml.MoMLSimpleApplication@799a5a84
reloadAllAccessors: .InferInitProduction

===========================================================================================
----------------- testing Thu Oct 10 21:11:04 UTC 2019 /home/travis/build/icyphy/ptII/ptolemy/domains/sdf/test/auto/InferInitProductionDeeper.xml
----------------- Instantiating /home/travis/build/icyphy/ptII/ptolemy/domains/sdf/test/auto/InferInitProductionDeeper.xml
6 ms. Memory: 305152K Free: 138251K (45%)
----------------- Invoking toplevel() on ptolemy.moml.MoMLSimpleApplication@5aa949bb
----------------- Done invoking toplevel() on ptolemy.moml.MoMLSimpleApplication@5aa949bb
reloadAllAccessors: .InferInitProductionDeeper

===========================================================================================
----------------- testing Thu Oct 10 21:11:04 UTC 2019 /home/travis/build/icyphy/ptII/ptolemy/domains/sdf/test/auto/LMSAdaptive.xml
----------------- Instantiating /home/travis/build/icyphy/ptII/ptolemy/domains/sdf/test/auto/LMSAdaptive.xml
22 ms. Memory: 305152K Free: 128521K (42%)
----------------- Invoking toplevel() on ptolemy.moml.MoMLSimpleApplication@60c389c0
----------------- Done invoking toplevel() on ptolemy.moml.MoMLSimpleApplication@60c389c0
reloadAllAccessors: .LMSAdaptive

===========================================================================================
----------------- testing Thu Oct 10 21:11:05 UTC 2019 /home/travis/build/icyphy/ptII/ptolemy/domains/sdf/test/auto/LogisticMap.xml
----------------- Instantiating /home/travis/build/icyphy/ptII/ptolemy/domains/sdf/test/auto/LogisticMap.xml
465 ms. Memory: 305152K Free: 122891K (40%)
----------------- Invoking toplevel() on ptolemy.moml.MoMLSimpleApplication@71ad63e4
----------------- Done invoking toplevel() on ptolemy.moml.MoMLSimpleApplication@71ad63e4
reloadAllAccessors: .LogisticMap

===========================================================================================
----------------- testing Thu Oct 10 21:11:05 UTC 2019 /home/travis/build/icyphy/ptII/ptolemy/domains/sdf/test/auto/MaximumEntropySpectrum.xml
----------------- Instantiating /home/travis/build/icyphy/ptII/ptolemy/domains/sdf/test/auto/MaximumEntropySpectrum.xml
100 ms. Memory: 305152K Free: 239990K (79%)
----------------- Invoking toplevel() on ptolemy.moml.MoMLSimpleApplication@8145e0c
----------------- Done invoking toplevel() on ptolemy.moml.MoMLSimpleApplication@8145e0c
reloadAllAccessors: .MaximumEntropySpectrum

===========================================================================================
----------------- testing Thu Oct 10 21:11:06 UTC 2019 /home/travis/build/icyphy/ptII/ptolemy/domains/sdf/test/auto/MultirateSDF.xml
----------------- Instantiating /home/travis/build/icyphy/ptII/ptolemy/domains/sdf/test/auto/MultirateSDF.xml
37 ms. Memory: 305152K Free: 225126K (74%)
----------------- Invoking toplevel() on ptolemy.moml.MoMLSimpleApplication@2035e661
----------------- Done invoking toplevel() on ptolemy.moml.MoMLSimpleApplication@2035e661
reloadAllAccessors: .MultirateSDF

===========================================================================================
----------------- testing Thu Oct 10 21:11:06 UTC 2019 /home/travis/build/icyphy/ptII/ptolemy/domains/sdf/test/auto/MultirateSDFwithTransientStates.xml
----------------- Instantiating /home/travis/build/icyphy/ptII/ptolemy/domains/sdf/test/auto/MultirateSDFwithTransientStates.xml
36 ms. Memory: 305152K Free: 206702K (68%)
----------------- Invoking toplevel() on ptolemy.moml.MoMLSimpleApplication@47885275
----------------- Done invoking toplevel() on ptolemy.moml.MoMLSimpleApplication@47885275
reloadAllAccessors: .MultirateSDFwithTransientStates

===========================================================================================
----------------- testing Thu Oct 10 21:11:06 UTC 2019 /home/travis/build/icyphy/ptII/ptolemy/domains/sdf/test/auto/NoisySinewave.xml
----------------- Instantiating /home/travis/build/icyphy/ptII/ptolemy/domains/sdf/test/auto/NoisySinewave.xml
18 ms. Memory: 305152K Free: 190324K (62%)
----------------- Invoking toplevel() on ptolemy.moml.MoMLSimpleApplication@20641f01
----------------- Done invoking toplevel() on ptolemy.moml.MoMLSimpleApplication@20641f01
reloadAllAccessors: .NoisySinewave

===========================================================================================
----------------- testing Thu Oct 10 21:11:06 UTC 2019 /home/travis/build/icyphy/ptII/ptolemy/domains/sdf/test/auto/Objects.xml
----------------- Instantiating /home/travis/build/icyphy/ptII/ptolemy/domains/sdf/test/auto/Objects.xml
9 ms. Memory: 305152K Free: 182646K (60%)
----------------- Invoking toplevel() on ptolemy.moml.MoMLSimpleApplication@27868f3
----------------- Done invoking toplevel() on ptolemy.moml.MoMLSimpleApplication@27868f3
reloadAllAccessors: .Objects

===========================================================================================
----------------- testing Thu Oct 10 21:11:06 UTC 2019 /home/travis/build/icyphy/ptII/ptolemy/domains/sdf/test/auto/OrthogonalCom.xml
----------------- Instantiating /home/travis/build/icyphy/ptII/ptolemy/domains/sdf/test/auto/OrthogonalCom.xml
10 ms. Memory: 305152K Free: 174964K (57%)
----------------- Invoking toplevel() on ptolemy.moml.MoMLSimpleApplication@70b6d089
----------------- Done invoking toplevel() on ptolemy.moml.MoMLSimpleApplication@70b6d089
reloadAllAccessors: .OrthogonalCom

===========================================================================================
----------------- testing Thu Oct 10 21:11:06 UTC 2019 /home/travis/build/icyphy/ptII/ptolemy/domains/sdf/test/auto/RijndaelEncryption.xml
----------------- Instantiating /home/travis/build/icyphy/ptII/ptolemy/domains/sdf/test/auto/RijndaelEncryption.xml
448 ms. Memory: 305152K Free: 209218K (69%)
----------------- Invoking toplevel() on ptolemy.moml.MoMLSimpleApplication@3d8669b2
----------------- Done invoking toplevel() on ptolemy.moml.MoMLSimpleApplication@3d8669b2
reloadAllAccessors: .RijndaelEncryption

===========================================================================================
----------------- testing Thu Oct 10 21:11:07 UTC 2019 /home/travis/build/icyphy/ptII/ptolemy/domains/sdf/test/auto/SDFEmptyIterations.xml
----------------- Instantiating /home/travis/build/icyphy/ptII/ptolemy/domains/sdf/test/auto/SDFEmptyIterations.xml
7 ms. Memory: 305152K Free: 204612K (67%)
----------------- Invoking toplevel() on ptolemy.moml.MoMLSimpleApplication@7d3f0b37
----------------- Done invoking toplevel() on ptolemy.moml.MoMLSimpleApplication@7d3f0b37
reloadAllAccessors: .SDFEmptyIterations

===========================================================================================
----------------- testing Thu Oct 10 21:11:07 UTC 2019 /home/travis/build/icyphy/ptII/ptolemy/domains/sdf/test/auto/Spectrum.xml
----------------- Instantiating /home/travis/build/icyphy/ptII/ptolemy/domains/sdf/test/auto/Spectrum.xml
34 ms. Memory: 305152K Free: 180036K (59%)
----------------- Invoking toplevel() on ptolemy.moml.MoMLSimpleApplication@1f1707fc
----------------- Done invoking toplevel() on ptolemy.moml.MoMLSimpleApplication@1f1707fc
reloadAllAccessors: .Spectrum

===========================================================================================
----------------- testing Thu Oct 10 21:11:07 UTC 2019 /home/travis/build/icyphy/ptII/ptolemy/domains/sdf/test/auto/de_inside_sdf.xml
----------------- Instantiating /home/travis/build/icyphy/ptII/ptolemy/domains/sdf/test/auto/de_inside_sdf.xml
11 ms. Memory: 305152K Free: 174916K (57%)
----------------- Invoking toplevel() on ptolemy.moml.MoMLSimpleApplication@4c9fd9d8
----------------- Done invoking toplevel() on ptolemy.moml.MoMLSimpleApplication@4c9fd9d8
reloadAllAccessors: .de_inside_sdf

===========================================================================================
----------------- testing Thu Oct 10 21:11:07 UTC 2019 /home/travis/build/icyphy/ptII/ptolemy/domains/sdf/test/auto/disconnectedHierarchicalSDF.xml
----------------- Instantiating /home/travis/build/icyphy/ptII/ptolemy/domains/sdf/test/auto/disconnectedHierarchicalSDF.xml
6 ms. Memory: 305152K Free: 168772K (55%)
----------------- Invoking toplevel() on ptolemy.moml.MoMLSimpleApplication@3e20c320
----------------- Done invoking toplevel() on ptolemy.moml.MoMLSimpleApplication@3e20c320
reloadAllAccessors: .disconnectedHierarchicalSDF

===========================================================================================
----------------- testing Thu Oct 10 21:11:07 UTC 2019 /home/travis/build/icyphy/ptII/ptolemy/domains/sdf/test/auto/disconnectedSDF.xml
----------------- Instantiating /home/travis/build/icyphy/ptII/ptolemy/domains/sdf/test/auto/disconnectedSDF.xml
3 ms. Memory: 305152K Free: 164676K (54%)
----------------- Invoking toplevel() on ptolemy.moml.MoMLSimpleApplication@cd5bbd5
----------------- Done invoking toplevel() on ptolemy.moml.MoMLSimpleApplication@cd5bbd5
reloadAllAccessors: .disconnectedSDF

===========================================================================================
----------------- testing Thu Oct 10 21:11:07 UTC 2019 /home/travis/build/icyphy/ptII/ptolemy/domains/sdf/test/auto/emptyRefinement.xml
----------------- Instantiating /home/travis/build/icyphy/ptII/ptolemy/domains/sdf/test/auto/emptyRefinement.xml
6 ms. Memory: 305152K Free: 160066K (52%)
----------------- Invoking toplevel() on ptolemy.moml.MoMLSimpleApplication@40629f25
----------------- Done invoking toplevel() on ptolemy.moml.MoMLSimpleApplication@40629f25
reloadAllAccessors: .emptyRefinement

===========================================================================================
----------------- testing Thu Oct 10 21:11:07 UTC 2019 /home/travis/build/icyphy/ptII/ptolemy/domains/sdf/test/auto/filePortParameter.xml
----------------- Instantiating /home/travis/build/icyphy/ptII/ptolemy/domains/sdf/test/auto/filePortParameter.xml
13 ms. Memory: 305152K Free: 152898K (50%)
----------------- Invoking toplevel() on ptolemy.moml.MoMLSimpleApplication@4d5b38c9
----------------- Done invoking toplevel() on ptolemy.moml.MoMLSimpleApplication@4d5b38c9
reloadAllAccessors: .filePortParameter

===========================================================================================
----------------- testing Thu Oct 10 21:11:07 UTC 2019 /home/travis/build/icyphy/ptII/ptolemy/domains/sdf/test/auto/inferRelationWidth1.xml
----------------- Instantiating /home/travis/build/icyphy/ptII/ptolemy/domains/sdf/test/auto/inferRelationWidth1.xml
3 ms. Memory: 305152K Free: 149826K (49%)
----------------- Invoking toplevel() on ptolemy.moml.MoMLSimpleApplication@4f97b3ee
----------------- Done invoking toplevel() on ptolemy.moml.MoMLSimpleApplication@4f97b3ee
reloadAllAccessors: .inferRelationWidth1

===========================================================================================
----------------- testing Thu Oct 10 21:11:07 UTC 2019 /home/travis/build/icyphy/ptII/ptolemy/domains/sdf/test/auto/initProductionInference.xml
----------------- Instantiating /home/travis/build/icyphy/ptII/ptolemy/domains/sdf/test/auto/initProductionInference.xml
11 ms. Memory: 305152K Free: 145715K (48%)
----------------- Invoking toplevel() on ptolemy.moml.MoMLSimpleApplication@4fff6c38
----------------- Done invoking toplevel() on ptolemy.moml.MoMLSimpleApplication@4fff6c38
reloadAllAccessors: .initProductionInference

===========================================================================================
----------------- testing Thu Oct 10 21:11:07 UTC 2019 /home/travis/build/icyphy/ptII/ptolemy/domains/sdf/test/auto/relationGroup.xml
----------------- Instantiating /home/travis/build/icyphy/ptII/ptolemy/domains/sdf/test/auto/relationGroup.xml
4 ms. Memory: 305152K Free: 142148K (47%)
----------------- Invoking toplevel() on ptolemy.moml.MoMLSimpleApplication@617ade6b
----------------- Done invoking toplevel() on ptolemy.moml.MoMLSimpleApplication@617ade6b
reloadAllAccessors: .relationGroup

===========================================================================================
----------------- testing Thu Oct 10 21:11:07 UTC 2019 /home/travis/build/icyphy/ptII/ptolemy/domains/sdf/test/auto/relationGroup10.xml
----------------- Instantiating /home/travis/build/icyphy/ptII/ptolemy/domains/sdf/test/auto/relationGroup10.xml
3 ms. Memory: 305152K Free: 138562K (45%)
----------------- Invoking toplevel() on ptolemy.moml.MoMLSimpleApplication@1ba4fc17
----------------- Done invoking toplevel() on ptolemy.moml.MoMLSimpleApplication@1ba4fc17
reloadAllAccessors: .relationGroup10

===========================================================================================
----------------- testing Thu Oct 10 21:11:07 UTC 2019 /home/travis/build/icyphy/ptII/ptolemy/domains/sdf/test/auto/relationGroup11.xml
----------------- Instantiating /home/travis/build/icyphy/ptII/ptolemy/domains/sdf/test/auto/relationGroup11.xml
5 ms. Memory: 305152K Free: 134980K (44%)
----------------- Invoking toplevel() on ptolemy.moml.MoMLSimpleApplication@29d8cb6
----------------- Done invoking toplevel() on ptolemy.moml.MoMLSimpleApplication@29d8cb6
reloadAllAccessors: .relationGroup11

===========================================================================================
----------------- testing Thu Oct 10 21:11:07 UTC 2019 /home/travis/build/icyphy/ptII/ptolemy/domains/sdf/test/auto/relationGroup12.xml
----------------- Instantiating /home/travis/build/icyphy/ptII/ptolemy/domains/sdf/test/auto/relationGroup12.xml
3 ms. Memory: 305152K Free: 130884K (43%)
----------------- Invoking toplevel() on ptolemy.moml.MoMLSimpleApplication@2e3c75a6
----------------- Done invoking toplevel() on ptolemy.moml.MoMLSimpleApplication@2e3c75a6
reloadAllAccessors: .relationGroup12

===========================================================================================
----------------- testing Thu Oct 10 21:11:07 UTC 2019 /home/travis/build/icyphy/ptII/ptolemy/domains/sdf/test/auto/relationGroup13.xml
----------------- Instantiating /home/travis/build/icyphy/ptII/ptolemy/domains/sdf/test/auto/relationGroup13.xml
10 ms. Memory: 305152K Free: 126274K (41%)
----------------- Invoking toplevel() on ptolemy.moml.MoMLSimpleApplication@618583db
----------------- Done invoking toplevel() on ptolemy.moml.MoMLSimpleApplication@618583db
reloadAllAccessors: .relationGroup13

===========================================================================================
----------------- testing Thu Oct 10 21:11:07 UTC 2019 /home/travis/build/icyphy/ptII/ptolemy/domains/sdf/test/auto/relationGroup14.xml
----------------- Instantiating /home/travis/build/icyphy/ptII/ptolemy/domains/sdf/test/auto/relationGroup14.xml
4 ms. Memory: 305152K Free: 121668K (40%)
----------------- Invoking toplevel() on ptolemy.moml.MoMLSimpleApplication@710e47fd
----------------- Done invoking toplevel() on ptolemy.moml.MoMLSimpleApplication@710e47fd
reloadAllAccessors: .relationGroup14

===========================================================================================
----------------- testing Thu Oct 10 21:11:07 UTC 2019 /home/travis/build/icyphy/ptII/ptolemy/domains/sdf/test/auto/relationGroup15.xml
----------------- Instantiating /home/travis/build/icyphy/ptII/ptolemy/domains/sdf/test/auto/relationGroup15.xml
2 ms. Memory: 305152K Free: 118082K (39%)
----------------- Invoking toplevel() on ptolemy.moml.MoMLSimpleApplication@4d189eb5
----------------- Done invoking toplevel() on ptolemy.moml.MoMLSimpleApplication@4d189eb5
reloadAllAccessors: .relationGroup15

===========================================================================================
----------------- testing Thu Oct 10 21:11:07 UTC 2019 /home/travis/build/icyphy/ptII/ptolemy/domains/sdf/test/auto/relationGroup2.xml
----------------- Instantiating /home/travis/build/icyphy/ptII/ptolemy/domains/sdf/test/auto/relationGroup2.xml
2 ms. Memory: 305152K Free: 115003K (38%)
----------------- Invoking toplevel() on ptolemy.moml.MoMLSimpleApplication@2e6dff8f
----------------- Done invoking toplevel() on ptolemy.moml.MoMLSimpleApplication@2e6dff8f
reloadAllAccessors: .relationGroup2

===========================================================================================
----------------- testing Thu Oct 10 21:11:07 UTC 2019 /home/travis/build/icyphy/ptII/ptolemy/domains/sdf/test/auto/relationGroup3.xml
----------------- Instantiating /home/travis/build/icyphy/ptII/ptolemy/domains/sdf/test/auto/relationGroup3.xml
2 ms. Memory: 305152K Free: 111938K (37%)
----------------- Invoking toplevel() on ptolemy.moml.MoMLSimpleApplication@326acd8f
----------------- Done invoking toplevel() on ptolemy.moml.MoMLSimpleApplication@326acd8f
reloadAllAccessors: .relationGroup3

===========================================================================================
----------------- testing Thu Oct 10 21:11:07 UTC 2019 /home/travis/build/icyphy/ptII/ptolemy/domains/sdf/test/auto/relationGroup4.xml
----------------- Instantiating /home/travis/build/icyphy/ptII/ptolemy/domains/sdf/test/auto/relationGroup4.xml
4 ms. Memory: 305152K Free: 107811K (35%)
----------------- Invoking toplevel() on ptolemy.moml.MoMLSimpleApplication@5f089f81
----------------- Done invoking toplevel() on ptolemy.moml.MoMLSimpleApplication@5f089f81
reloadAllAccessors: .relationGroup4

===========================================================================================
----------------- testing Thu Oct 10 21:11:07 UTC 2019 /home/travis/build/icyphy/ptII/ptolemy/domains/sdf/test/auto/relationGroup5.xml
----------------- Instantiating /home/travis/build/icyphy/ptII/ptolemy/domains/sdf/test/auto/relationGroup5.xml
4 ms. Memory: 366592K Free: 345921K (94%)
----------------- Invoking toplevel() on ptolemy.moml.MoMLSimpleApplication@3b40941f
----------------- Done invoking toplevel() on ptolemy.moml.MoMLSimpleApplication@3b40941f
reloadAllAccessors: .relationGroup5

===========================================================================================
----------------- testing Thu Oct 10 21:11:08 UTC 2019 /home/travis/build/icyphy/ptII/ptolemy/domains/sdf/test/auto/relationGroup6.xml
----------------- Instantiating /home/travis/build/icyphy/ptII/ptolemy/domains/sdf/test/auto/relationGroup6.xml
5 ms. Memory: 366592K Free: 341329K (93%)
----------------- Invoking toplevel() on ptolemy.moml.MoMLSimpleApplication@199a6df0
----------------- Done invoking toplevel() on ptolemy.moml.MoMLSimpleApplication@199a6df0
reloadAllAccessors: .relationGroup6

===========================================================================================
----------------- testing Thu Oct 10 21:11:08 UTC 2019 /home/travis/build/icyphy/ptII/ptolemy/domains/sdf/test/auto/relationGroup7.xml
----------------- Instantiating /home/travis/build/icyphy/ptII/ptolemy/domains/sdf/test/auto/relationGroup7.xml
3 ms. Memory: 366592K Free: 338257K (92%)
----------------- Invoking toplevel() on ptolemy.moml.MoMLSimpleApplication@4772c773
----------------- Done invoking toplevel() on ptolemy.moml.MoMLSimpleApplication@4772c773
reloadAllAccessors: .relationGroup7

===========================================================================================
----------------- testing Thu Oct 10 21:11:08 UTC 2019 /home/travis/build/icyphy/ptII/ptolemy/domains/sdf/test/auto/relationGroup8.xml
----------------- Instantiating /home/travis/build/icyphy/ptII/ptolemy/domains/sdf/test/auto/relationGroup8.xml
3 ms. Memory: 366592K Free: 335185K (91%)
----------------- Invoking toplevel() on ptolemy.moml.MoMLSimpleApplication@52affc4e
----------------- Done invoking toplevel() on ptolemy.moml.MoMLSimpleApplication@52affc4e
reloadAllAccessors: .relationGroup8

===========================================================================================
----------------- testing Thu Oct 10 21:11:08 UTC 2019 /home/travis/build/icyphy/ptII/ptolemy/domains/sdf/test/auto/relationGroup9.xml
----------------- Instantiating /home/travis/build/icyphy/ptII/ptolemy/domains/sdf/test/auto/relationGroup9.xml
5 ms. Memory: 366592K Free: 330575K (90%)
----------------- Invoking toplevel() on ptolemy.moml.MoMLSimpleApplication@e868532
----------------- Done invoking toplevel() on ptolemy.moml.MoMLSimpleApplication@e868532
reloadAllAccessors: .relationGroup9

===========================================================================================
----------------- testing Thu Oct 10 21:11:08 UTC 2019 /home/travis/build/icyphy/ptII/ptolemy/domains/sdf/test/auto/sdf_inside_de.xml
----------------- Instantiating /home/travis/build/icyphy/ptII/ptolemy/domains/sdf/test/auto/sdf_inside_de.xml
18 ms. Memory: 366592K Free: 321873K (88%)
----------------- Invoking toplevel() on ptolemy.moml.MoMLSimpleApplication@4b7c91b
----------------- Done invoking toplevel() on ptolemy.moml.MoMLSimpleApplication@4b7c91b
reloadAllAccessors: .sdf_inside_de

===========================================================================================
----------------- testing Thu Oct 10 21:11:08 UTC 2019 /home/travis/build/icyphy/ptII/ptolemy/domains/sdf/test/auto/sdf_inside_pn.xml
----------------- Instantiating /home/travis/build/icyphy/ptII/ptolemy/domains/sdf/test/auto/sdf_inside_pn.xml
56 ms. Memory: 366592K Free: 312657K (85%)
----------------- Invoking toplevel() on ptolemy.moml.MoMLSimpleApplication@620377d8
----------------- Done invoking toplevel() on ptolemy.moml.MoMLSimpleApplication@620377d8
reloadAllAccessors: .sdf_inside_pn

===========================================================================================
----------------- testing Thu Oct 10 21:11:08 UTC 2019 /home/travis/build/icyphy/ptII/ptolemy/domains/sdf/test/auto/sdf_sdf1.xml
----------------- Instantiating /home/travis/build/icyphy/ptII/ptolemy/domains/sdf/test/auto/sdf_sdf1.xml
7 ms. Memory: 366592K Free: 306513K (84%)
----------------- Invoking toplevel() on ptolemy.moml.MoMLSimpleApplication@2ac1d9a
----------------- Done invoking toplevel() on ptolemy.moml.MoMLSimpleApplication@2ac1d9a
reloadAllAccessors: .sdf_sdf1

===========================================================================================
----------------- testing Thu Oct 10 21:11:08 UTC 2019 /home/travis/build/icyphy/ptII/ptolemy/domains/sdf/test/auto/test1.xml
----------------- Instantiating /home/travis/build/icyphy/ptII/ptolemy/domains/sdf/test/auto/test1.xml
5 ms. Memory: 366592K Free: 301393K (82%)
----------------- Invoking toplevel() on ptolemy.moml.MoMLSimpleApplication@4e69241a
----------------- Done invoking toplevel() on ptolemy.moml.MoMLSimpleApplication@4e69241a
reloadAllAccessors: .test1

===========================================================================================
----------------- testing Thu Oct 10 21:11:08 UTC 2019 /home/travis/build/icyphy/ptII/ptolemy/domains/sdf/test/auto/time1.xml
----------------- Instantiating /home/travis/build/icyphy/ptII/ptolemy/domains/sdf/test/auto/time1.xml
4 ms. Memory: 366592K Free: 297807K (81%)
----------------- Invoking toplevel() on ptolemy.moml.MoMLSimpleApplication@71ed0e7a
----------------- Done invoking toplevel() on ptolemy.moml.MoMLSimpleApplication@71ed0e7a
reloadAllAccessors: .time1

===========================================================================================
----------------- testing Thu Oct 10 21:11:08 UTC 2019 /home/travis/build/icyphy/ptII/ptolemy/domains/sdf/test/auto/time2.xml
----------------- Instantiating /home/travis/build/icyphy/ptII/ptolemy/domains/sdf/test/auto/time2.xml
5 ms. Memory: 366592K Free: 294225K (80%)
----------------- Invoking toplevel() on ptolemy.moml.MoMLSimpleApplication@78beb623
----------------- Done invoking toplevel() on ptolemy.moml.MoMLSimpleApplication@78beb623
reloadAllAccessors: .time2

===========================================================================================
----------------- testing Thu Oct 10 21:11:08 UTC 2019 /home/travis/build/icyphy/ptII/ptolemy/domains/sdf/test/auto/time3.xml
----------------- Instantiating /home/travis/build/icyphy/ptII/ptolemy/domains/sdf/test/auto/time3.xml
10 ms. Memory: 366592K Free: 289105K (79%)
----------------- Invoking toplevel() on ptolemy.moml.MoMLSimpleApplication@17508019
----------------- Done invoking toplevel() on ptolemy.moml.MoMLSimpleApplication@17508019
reloadAllAccessors: .time3

===========================================================================================
----------------- testing Thu Oct 10 21:11:08 UTC 2019 /home/travis/build/icyphy/ptII/ptolemy/domains/sdf/test/auto/time4.xml
----------------- Instantiating /home/travis/build/icyphy/ptII/ptolemy/domains/sdf/test/auto/time4.xml
9 ms. Memory: 366592K Free: 283457K (77%)
----------------- Invoking toplevel() on ptolemy.moml.MoMLSimpleApplication@71237a18
----------------- Done invoking toplevel() on ptolemy.moml.MoMLSimpleApplication@71237a18
reloadAllAccessors: .time4

===========================================================================================
----------------- testing Thu Oct 10 21:11:08 UTC 2019 /home/travis/build/icyphy/ptII/ptolemy/domains/sdf/test/auto/time5.xml
----------------- Instantiating /home/travis/build/icyphy/ptII/ptolemy/domains/sdf/test/auto/time5.xml
4002 ms. Memory: 366592K Free: 279889K (76%)
----------------- Invoking toplevel() on ptolemy.moml.MoMLSimpleApplication@136f920c
----------------- Done invoking toplevel() on ptolemy.moml.MoMLSimpleApplication@136f920c
reloadAllAccessors: .time5

===========================================================================================
----------------- testing Thu Oct 10 21:11:12 UTC 2019 /home/travis/build/icyphy/ptII/ptolemy/domains/sdf/test/auto/typeSystem_Const_Integer_smallest_Type.xml
----------------- Instantiating /home/travis/build/icyphy/ptII/ptolemy/domains/sdf/test/auto/typeSystem_Const_Integer_smallest_Type.xml
12 ms. Memory: 366592K Free: 275279K (75%)
----------------- Invoking toplevel() on ptolemy.moml.MoMLSimpleApplication@249cdd4b
----------------- Done invoking toplevel() on ptolemy.moml.MoMLSimpleApplication@249cdd4b
reloadAllAccessors: .typeSystem_Const_Integer_smallest_Type

===========================================================================================
----------------- testing Thu Oct 10 21:11:12 UTC 2019 /home/travis/build/icyphy/ptII/ptolemy/domains/sdf/test/auto/typeSystem_declared_Inports_OutportTypeException.xml
----------------- Instantiating /home/travis/build/icyphy/ptII/ptolemy/domains/sdf/test/auto/typeSystem_declared_Inports_OutportTypeException.xml
.typeSystem_declared_Inports_OutportTypeException.TestExceptionAttribute: initialize() was not invoked, but wrapup() was.  This is unusual, but not always a problem.  For example, exporting JNLP will do this.
9 ms. Memory: 366592K Free: 271183K (74%)
----------------- Invoking toplevel() on ptolemy.moml.MoMLSimpleApplication@319f734f
----------------- Done invoking toplevel() on ptolemy.moml.MoMLSimpleApplication@319f734f
reloadAllAccessors: .typeSystem_declared_Inports_OutportTypeException

===========================================================================================
----------------- testing Thu Oct 10 21:11:12 UTC 2019 /home/travis/build/icyphy/ptII/ptolemy/domains/sdf/test/auto/typeSystem_oneDeclaredInportType_wrongTypeOutport.xml
----------------- Instantiating /home/travis/build/icyphy/ptII/ptolemy/domains/sdf/test/auto/typeSystem_oneDeclaredInportType_wrongTypeOutport.xml
5 ms. Memory: 366592K Free: 267087K (73%)
----------------- Invoking toplevel() on ptolemy.moml.MoMLSimpleApplication@71a2ae7b
----------------- Done invoking toplevel() on ptolemy.moml.MoMLSimpleApplication@71a2ae7b
reloadAllAccessors: .typeSystem_oneDeclaredInportType_wrongTypeOutport

===========================================================================================
----------------- testing Thu Oct 10 21:11:12 UTC 2019 /home/travis/build/icyphy/ptII/ptolemy/domains/sdf/test/auto/width.xml
----------------- Instantiating /home/travis/build/icyphy/ptII/ptolemy/domains/sdf/test/auto/width.xml
3 ms. Memory: 366592K Free: 263505K (72%)
----------------- Invoking toplevel() on ptolemy.moml.MoMLSimpleApplication@4beb23cc
----------------- Done invoking toplevel() on ptolemy.moml.MoMLSimpleApplication@4beb23cc
reloadAllAccessors: .width

===========================================================================================
----------------- testing Thu Oct 10 21:11:12 UTC 2019 /home/travis/build/icyphy/ptII/ptolemy/domains/sdf/test/auto/width2.xml
----------------- Instantiating /home/travis/build/icyphy/ptII/ptolemy/domains/sdf/test/auto/width2.xml
36 ms. Memory: 366592K Free: 258385K (70%)
----------------- Invoking toplevel() on ptolemy.moml.MoMLSimpleApplication@2b3dce4c
----------------- Done invoking toplevel() on ptolemy.moml.MoMLSimpleApplication@2b3dce4c
reloadAllAccessors: .width2

===========================================================================================
----------------- testing Thu Oct 10 21:11:12 UTC 2019 /home/travis/build/icyphy/ptII/ptolemy/domains/sdf/test/auto/width3.xml
----------------- Instantiating /home/travis/build/icyphy/ptII/ptolemy/domains/sdf/test/auto/width3.xml
32 ms. Memory: 366592K Free: 253775K (69%)
----------------- Invoking toplevel() on ptolemy.moml.MoMLSimpleApplication@4be8ae83
----------------- Done invoking toplevel() on ptolemy.moml.MoMLSimpleApplication@4be8ae83
reloadAllAccessors: .width3
AutoTests.java: About to close Vertx.
AutoTests.java: Vertx closed.
]]></system-out>
  <system-err><![CDATA[java.lang.RuntimeException: Execution failed
	at ptolemy.moml.MoMLSimpleApplication$UnloadThread.run(MoMLSimpleApplication.java:402)
Caused by: ptolemy.actor.sched.NotSchedulableException: No solution exists for the balance equations.
Graph is not consistent under the SDF domain detected on external port .rateConsistency.actor.port2
  in .rateConsistency.SDF Director.Scheduler
	at ptolemy.domains.sdf.kernel.SDFScheduler._propagatePort(SDFScheduler.java:1425)
	at ptolemy.domains.sdf.kernel.SDFScheduler._solveBalanceEquations(SDFScheduler.java:710)
	at ptolemy.domains.sdf.kernel.SDFScheduler._getSchedule(SDFScheduler.java:566)
	at ptolemy.actor.sched.Scheduler.getSchedule(Scheduler.java:189)
	at ptolemy.domains.sdf.kernel.SDFDirector.createSchedule(SDFDirector.java:408)
	at ptolemy.domains.sdf.kernel.SDFDirector.preinitialize(SDFDirector.java:764)
	at ptolemy.actor.CompositeActor.preinitialize(CompositeActor.java:1828)
	at ptolemy.actor.Manager.preinitializeAndResolveTypes(Manager.java:1040)
	at ptolemy.actor.Manager.initialize(Manager.java:710)
	at ptolemy.actor.Manager.execute(Manager.java:356)
	at ptolemy.actor.Manager.run(Manager.java:1263)
	at ptolemy.actor.Manager$PtolemyRunThread.run(Manager.java:1933)
java.lang.RuntimeException: Execution failed
	at ptolemy.moml.MoMLSimpleApplication$UnloadThread.run(MoMLSimpleApplication.java:402)
Caused by: ptolemy.kernel.util.IllegalActionException: Failed to compute schedule:
  in .badRateChanges.typed composite actor.SDF Director
Because:
The SDF rate parameter may change. This is not allowed in SDF models that will be run through the code generator.  If you don't care about code generation, then you might consider setting the allowRateChanges parameter of the SDF director to false.
  in .badRateChanges.typed composite actor.Repeat.output.tokenProductionRate
	at ptolemy.domains.sdf.kernel.SDFDirector.createSchedule(SDFDirector.java:418)
	at ptolemy.domains.sdf.kernel.SDFDirector.preinitialize(SDFDirector.java:764)
	at ptolemy.actor.CompositeActor.preinitialize(CompositeActor.java:1828)
	at ptolemy.actor.Director.preinitialize(Director.java:1302)
	at ptolemy.actor.Director.preinitialize(Director.java:1257)
	at ptolemy.domains.sdf.kernel.SDFDirector.preinitialize(SDFDirector.java:763)
	at ptolemy.actor.CompositeActor.preinitialize(CompositeActor.java:1828)
	at ptolemy.actor.Manager.preinitializeAndResolveTypes(Manager.java:1040)
	at ptolemy.actor.Manager.initialize(Manager.java:710)
	at ptolemy.actor.Manager.execute(Manager.java:356)
	at ptolemy.actor.Manager.run(Manager.java:1263)
	at ptolemy.actor.Manager$PtolemyRunThread.run(Manager.java:1933)
Caused by: ptolemy.kernel.util.IllegalActionException: The SDF rate parameter may change. This is not allowed in SDF models that will be run through the code generator.  If you don't care about code generation, then you might consider setting the allowRateChanges parameter of the SDF director to false.
  in .badRateChanges.typed composite actor.Repeat.output.tokenProductionRate
	at ptolemy.domains.sdf.kernel.SDFScheduler._assertDynamicRateVariable(SDFScheduler.java:931)
	at ptolemy.domains.sdf.kernel.SDFScheduler._checkDynamicRateVariables(SDFScheduler.java:339)
	at ptolemy.domains.sdf.kernel.SDFScheduler._getSchedule(SDFScheduler.java:527)
	at ptolemy.actor.sched.Scheduler.getSchedule(Scheduler.java:189)
	at ptolemy.domains.sdf.kernel.SDFDirector.createSchedule(SDFDirector.java:408)
	... 11 more
java.lang.RuntimeException: Execution failed
	at ptolemy.moml.MoMLSimpleApplication$UnloadThread.run(MoMLSimpleApplication.java:402)
Caused by: ptolemy.kernel.util.IllegalActionException: Failed to compute schedule:
  in .badRateChanges2.typed composite actor.SDF Director
Because:
The SDF rate parameter may change. This is not allowed in SDF models that will be run through the code generator.  If you don't care about code generation, then you might consider setting the allowRateChanges parameter of the SDF director to false.
  in .badRateChanges2.typed composite actor.Repeat.output.tokenProductionRate
	at ptolemy.domains.sdf.kernel.SDFDirector.createSchedule(SDFDirector.java:418)
	at ptolemy.domains.sdf.kernel.SDFDirector.preinitialize(SDFDirector.java:764)
	at ptolemy.actor.CompositeActor.preinitialize(CompositeActor.java:1828)
	at ptolemy.actor.Director.preinitialize(Director.java:1302)
	at ptolemy.actor.Director.preinitialize(Director.java:1257)
	at ptolemy.domains.sdf.kernel.SDFDirector.preinitialize(SDFDirector.java:763)
	at ptolemy.actor.CompositeActor.preinitialize(CompositeActor.java:1828)
	at ptolemy.actor.Manager.preinitializeAndResolveTypes(Manager.java:1040)
	at ptolemy.actor.Manager.initialize(Manager.java:710)
	at ptolemy.actor.Manager.execute(Manager.java:356)
	at ptolemy.actor.Manager.run(Manager.java:1263)
	at ptolemy.actor.Manager$PtolemyRunThread.run(Manager.java:1933)
Caused by: ptolemy.kernel.util.IllegalActionException: The SDF rate parameter may change. This is not allowed in SDF models that will be run through the code generator.  If you don't care about code generation, then you might consider setting the allowRateChanges parameter of the SDF director to false.
  in .badRateChanges2.typed composite actor.Repeat.output.tokenProductionRate
	at ptolemy.domains.sdf.kernel.SDFScheduler._assertDynamicRateVariable(SDFScheduler.java:931)
	at ptolemy.domains.sdf.kernel.SDFScheduler._checkDynamicRateVariables(SDFScheduler.java:339)
	at ptolemy.domains.sdf.kernel.SDFScheduler._getSchedule(SDFScheduler.java:527)
	at ptolemy.actor.sched.Scheduler.getSchedule(Scheduler.java:189)
	at ptolemy.domains.sdf.kernel.SDFDirector.createSchedule(SDFDirector.java:408)
	... 11 more
java.lang.RuntimeException: Execution failed
	at ptolemy.moml.MoMLSimpleApplication$UnloadThread.run(MoMLSimpleApplication.java:402)
Caused by: ptolemy.actor.sched.NotSchedulableException: Actors remain that cannot be scheduled!

There are several possible reasons:
* SDF Graphs with feedback loops should have an actor with a delay in the loop, such as a SampleDelay.
* The SDF director has an "allowDisconnectedGraphs"parameter, which, when true, permits disconnected SDF graphs.
* The token consumption rate and production rates might be mismatched.
Usually, actors produce one token or consume one token on a port.  To produce or consume multiple tokens per firing, add a "tokenConsumptionRate" or "tokenProductionRate" parameter to the appropriate port.
Unscheduled actors:
.partiallyConnected.Const2 
Scheduled actors:
.partiallyConnected.Const 
  in .partiallyConnected.SDF Director.Scheduler
	at ptolemy.domains.sdf.kernel.SDFScheduler._scheduleConnectedActors(SDFScheduler.java:1828)
	at ptolemy.domains.sdf.kernel.SDFScheduler._getSchedule(SDFScheduler.java:587)
	at ptolemy.actor.sched.Scheduler.getSchedule(Scheduler.java:189)
	at ptolemy.domains.sdf.kernel.SDFDirector.createSchedule(SDFDirector.java:408)
	at ptolemy.domains.sdf.kernel.SDFDirector.preinitialize(SDFDirector.java:764)
	at ptolemy.actor.CompositeActor.preinitialize(CompositeActor.java:1828)
	at ptolemy.actor.Manager.preinitializeAndResolveTypes(Manager.java:1040)
	at ptolemy.actor.Manager.initialize(Manager.java:710)
	at ptolemy.actor.Manager.execute(Manager.java:356)
	at ptolemy.actor.Manager.run(Manager.java:1263)
	at ptolemy.actor.Manager$PtolemyRunThread.run(Manager.java:1933)
]]></system-err>
</testsuite>
