<?xml version="1.0" encoding="UTF-8" ?>
<testsuite errors="0" failures="0" hostname="travis-job-bac2cf6d-f8b5-495d-90e8-3fcb6b40da4c" name="ptolemy.domains.de.test.junit.JUnitTclTest" skipped="0" tests="101" time="130.476" timestamp="2018-06-14T22:51:41">
  <properties>
[...]
</properties>
  <testcase classname="ptolemy.util.test.junit.TclTests" name="[0] /home/travis/build/icyphy/ptII/ptolemy/domains/de/test/DependencyLoop.tcl (RunTclFile)" time="0.844" />
  <testcase classname="ptolemy.util.test.junit.TclTests" name="[1] /home/travis/build/icyphy/ptII/ptolemy/domains/de/test/RunDETestsAsQSS.tcl (RunTclFile)" time="88.501" />
  <testcase classname="ptolemy.util.test.junit.AutoKnownFailedTests" name="[0] /home/travis/build/icyphy/ptII/ptolemy/domains/de/test/auto/knownFailedTests/DESDFClockTest.xml (RunModel)" time="2.031" />
  <testcase classname="ptolemy.util.test.junit.AutoKnownFailedTests" name="[1] /home/travis/build/icyphy/ptII/ptolemy/domains/de/test/auto/knownFailedTests/DirectFeedback.xml (RunModel)" time="0.011" />
  <testcase classname="ptolemy.util.test.junit.AutoKnownFailedTests" name="[2] /home/travis/build/icyphy/ptII/ptolemy/domains/de/test/auto/knownFailedTests/FSMSource.xml (RunModel)" time="0.029" />
  <testcase classname="ptolemy.util.test.junit.AutoKnownFailedTests" name="[3] /home/travis/build/icyphy/ptII/ptolemy/domains/de/test/auto/knownFailedTests/HierarchicalModel.xml (RunModel)" time="0.047" />
  <testcase classname="ptolemy.util.test.junit.AutoKnownFailedTests" name="[4] /home/travis/build/icyphy/ptII/ptolemy/domains/de/test/auto/knownFailedTests/dependencyLoop.xml (RunModel)" time="0.053" />
  <testcase classname="ptolemy.util.test.junit.AutoKnownFailedTests" name="[5] /home/travis/build/icyphy/ptII/ptolemy/domains/de/test/auto/knownFailedTests/dependencyLoop2.xml (RunModel)" time="0.052" />
  <testcase classname="ptolemy.util.test.junit.AutoNameArchTests" name="[0] ThereAreNoAutoArchTests (RunModel)" time="0.0" />
  <testcase classname="ptolemy.util.test.junit.AutoTests" name="[0] /home/travis/build/icyphy/ptII/ptolemy/domains/de/test/auto/ActorDepthCalculation_actorWithoutPorts.xml (RunModel)" time="0.03" />
  <testcase classname="ptolemy.util.test.junit.AutoTests" name="[1] /home/travis/build/icyphy/ptII/ptolemy/domains/de/test/auto/AssemblyLine.xml (RunModel)" time="0.026" />
  <testcase classname="ptolemy.util.test.junit.AutoTests" name="[2] /home/travis/build/icyphy/ptII/ptolemy/domains/de/test/auto/CQBug1.xml (RunModel)" time="0.011" />
  <testcase classname="ptolemy.util.test.junit.AutoTests" name="[3] /home/travis/build/icyphy/ptII/ptolemy/domains/de/test/auto/CancelFireAt.xml (RunModel)" time="0.017" />
  <testcase classname="ptolemy.util.test.junit.AutoTests" name="[4] /home/travis/build/icyphy/ptII/ptolemy/domains/de/test/auto/CausalityAndComposabilityAnalysis.xml (RunModel)" time="0.012" />
  <testcase classname="ptolemy.util.test.junit.AutoTests" name="[5] /home/travis/build/icyphy/ptII/ptolemy/domains/de/test/auto/CausalityInterface1.xml (RunModel)" time="0.013" />
  <testcase classname="ptolemy.util.test.junit.AutoTests" name="[6] /home/travis/build/icyphy/ptII/ptolemy/domains/de/test/auto/CausalityInterface15.xml (RunModel)" time="0.014" />
  <testcase classname="ptolemy.util.test.junit.AutoTests" name="[7] /home/travis/build/icyphy/ptII/ptolemy/domains/de/test/auto/CausalityInterface2.xml (RunModel)" time="0.012" />
  <testcase classname="ptolemy.util.test.junit.AutoTests" name="[8] /home/travis/build/icyphy/ptII/ptolemy/domains/de/test/auto/CausalityInterface3.xml (RunModel)" time="0.013" />
  <testcase classname="ptolemy.util.test.junit.AutoTests" name="[9] /home/travis/build/icyphy/ptII/ptolemy/domains/de/test/auto/ClockDrift.xml (RunModel)" time="0.037" />
  <testcase classname="ptolemy.util.test.junit.AutoTests" name="[10] /home/travis/build/icyphy/ptII/ptolemy/domains/de/test/auto/ClockDriftAndValueChange.xml (RunModel)" time="0.033" />
  <testcase classname="ptolemy.util.test.junit.AutoTests" name="[11] /home/travis/build/icyphy/ptII/ptolemy/domains/de/test/auto/ClockDriftChange.xml (RunModel)" time="0.029" />
  <testcase classname="ptolemy.util.test.junit.AutoTests" name="[12] /home/travis/build/icyphy/ptII/ptolemy/domains/de/test/auto/ComposableCausalityAnalysis.xml (RunModel)" time="0.014" />
  <testcase classname="ptolemy.util.test.junit.AutoTests" name="[13] /home/travis/build/icyphy/ptII/ptolemy/domains/de/test/auto/DEFixedPointLimitation.xml (RunModel)" time="0.01" />
  <testcase classname="ptolemy.util.test.junit.AutoTests" name="[14] /home/travis/build/icyphy/ptII/ptolemy/domains/de/test/auto/DEScheduleTest.xml (RunModel)" time="0.02" />
  <testcase classname="ptolemy.util.test.junit.AutoTests" name="[15] /home/travis/build/icyphy/ptII/ptolemy/domains/de/test/auto/DEinDEwithStartTimes.xml (RunModel)" time="0.014" />
  <testcase classname="ptolemy.util.test.junit.AutoTests" name="[16] /home/travis/build/icyphy/ptII/ptolemy/domains/de/test/auto/DEinDEwithStartTimes2.xml (RunModel)" time="0.015" />
  <testcase classname="ptolemy.util.test.junit.AutoTests" name="[17] /home/travis/build/icyphy/ptII/ptolemy/domains/de/test/auto/DateDemo.xml (RunModel)" time="0.028" />
  <testcase classname="ptolemy.util.test.junit.AutoTests" name="[18] /home/travis/build/icyphy/ptII/ptolemy/domains/de/test/auto/DateToEvent.xml (RunModel)" time="2.041" />
  <testcase classname="ptolemy.util.test.junit.AutoTests" name="[19] /home/travis/build/icyphy/ptII/ptolemy/domains/de/test/auto/DepthTest1.xml (RunModel)" time="0.009" />
  <testcase classname="ptolemy.util.test.junit.AutoTests" name="[20] /home/travis/build/icyphy/ptII/ptolemy/domains/de/test/auto/DepthTest2.xml (RunModel)" time="0.022" />
  <testcase classname="ptolemy.util.test.junit.AutoTests" name="[21] /home/travis/build/icyphy/ptII/ptolemy/domains/de/test/auto/DepthTest3.xml (RunModel)" time="0.009" />
  <testcase classname="ptolemy.util.test.junit.AutoTests" name="[22] /home/travis/build/icyphy/ptII/ptolemy/domains/de/test/auto/DepthTest4.xml (RunModel)" time="0.012" />
  <testcase classname="ptolemy.util.test.junit.AutoTests" name="[23] /home/travis/build/icyphy/ptII/ptolemy/domains/de/test/auto/DepthTest5.xml (RunModel)" time="0.014" />
  <testcase classname="ptolemy.util.test.junit.AutoTests" name="[24] /home/travis/build/icyphy/ptII/ptolemy/domains/de/test/auto/DepthTest6.xml (RunModel)" time="0.014" />
  <testcase classname="ptolemy.util.test.junit.AutoTests" name="[25] /home/travis/build/icyphy/ptII/ptolemy/domains/de/test/auto/DepthTest7.xml (RunModel)" time="0.012" />
  <testcase classname="ptolemy.util.test.junit.AutoTests" name="[26] /home/travis/build/icyphy/ptII/ptolemy/domains/de/test/auto/EventToDate.xml (RunModel)" time="3.046" />
  <testcase classname="ptolemy.util.test.junit.AutoTests" name="[27] /home/travis/build/icyphy/ptII/ptolemy/domains/de/test/auto/FSM1.xml (RunModel)" time="0.039" />
  <testcase classname="ptolemy.util.test.junit.AutoTests" name="[28] /home/travis/build/icyphy/ptII/ptolemy/domains/de/test/auto/FSM7.xml (RunModel)" time="0.051" />
  <testcase classname="ptolemy.util.test.junit.AutoTests" name="[29] /home/travis/build/icyphy/ptII/ptolemy/domains/de/test/auto/Inspection.xml (RunModel)" time="0.041" />
  <testcase classname="ptolemy.util.test.junit.AutoTests" name="[30] /home/travis/build/icyphy/ptII/ptolemy/domains/de/test/auto/Iteration.xml (RunModel)" time="0.019" />
  <testcase classname="ptolemy.util.test.junit.AutoTests" name="[31] /home/travis/build/icyphy/ptII/ptolemy/domains/de/test/auto/LineFault.xml (RunModel)" time="0.573" />
  <testcase classname="ptolemy.util.test.junit.AutoTests" name="[32] /home/travis/build/icyphy/ptII/ptolemy/domains/de/test/auto/MergeModel1Add.xml (RunModel)" time="0.046" />
  <testcase classname="ptolemy.util.test.junit.AutoTests" name="[33] /home/travis/build/icyphy/ptII/ptolemy/domains/de/test/auto/MergeModel2Add.xml (RunModel)" time="0.049" />
  <testcase classname="ptolemy.util.test.junit.AutoTests" name="[34] /home/travis/build/icyphy/ptII/ptolemy/domains/de/test/auto/MergeModel3Add.xml (RunModel)" time="0.037" />
  <testcase classname="ptolemy.util.test.junit.AutoTests" name="[35] /home/travis/build/icyphy/ptII/ptolemy/domains/de/test/auto/MergeWithoutDiscard.xml (RunModel)" time="0.01" />
  <testcase classname="ptolemy.util.test.junit.AutoTests" name="[36] /home/travis/build/icyphy/ptII/ptolemy/domains/de/test/auto/Modal1.xml (RunModel)" time="0.028" />
  <testcase classname="ptolemy.util.test.junit.AutoTests" name="[37] /home/travis/build/icyphy/ptII/ptolemy/domains/de/test/auto/Modal2.xml (RunModel)" time="0.035" />
  <testcase classname="ptolemy.util.test.junit.AutoTests" name="[38] /home/travis/build/icyphy/ptII/ptolemy/domains/de/test/auto/Modal3.xml (RunModel)" time="0.029" />
  <testcase classname="ptolemy.util.test.junit.AutoTests" name="[39] /home/travis/build/icyphy/ptII/ptolemy/domains/de/test/auto/Modal4.xml (RunModel)" time="0.04" />
  <testcase classname="ptolemy.util.test.junit.AutoTests" name="[40] /home/travis/build/icyphy/ptII/ptolemy/domains/de/test/auto/Modal5.xml (RunModel)" time="0.036" />
  <testcase classname="ptolemy.util.test.junit.AutoTests" name="[41] /home/travis/build/icyphy/ptII/ptolemy/domains/de/test/auto/Modal6.xml (RunModel)" time="0.031" />
  <testcase classname="ptolemy.util.test.junit.AutoTests" name="[42] /home/travis/build/icyphy/ptII/ptolemy/domains/de/test/auto/Modal7.xml (RunModel)" time="0.031" />
  <testcase classname="ptolemy.util.test.junit.AutoTests" name="[43] /home/travis/build/icyphy/ptII/ptolemy/domains/de/test/auto/ModalModel.xml (RunModel)" time="0.174" />
  <testcase classname="ptolemy.util.test.junit.AutoTests" name="[44] /home/travis/build/icyphy/ptII/ptolemy/domains/de/test/auto/ModalSource.xml (RunModel)" time="0.018" />
  <testcase classname="ptolemy.util.test.junit.AutoTests" name="[45] /home/travis/build/icyphy/ptII/ptolemy/domains/de/test/auto/NonInterruptibleTimerZeroDelay.xml (RunModel)" time="0.01" />
  <testcase classname="ptolemy.util.test.junit.AutoTests" name="[46] /home/travis/build/icyphy/ptII/ptolemy/domains/de/test/auto/OpenQueueingNetwork.xml (RunModel)" time="2.581" />
  <testcase classname="ptolemy.util.test.junit.AutoTests" name="[47] /home/travis/build/icyphy/ptII/ptolemy/domains/de/test/auto/OpenQueuingNetwork.xml (RunModel)" time="0.297" />
  <testcase classname="ptolemy.util.test.junit.AutoTests" name="[48] /home/travis/build/icyphy/ptII/ptolemy/domains/de/test/auto/PeriodicSampler.xml (RunModel)" time="0.012" />
  <testcase classname="ptolemy.util.test.junit.AutoTests" name="[49] /home/travis/build/icyphy/ptII/ptolemy/domains/de/test/auto/PersistentIO.xml (RunModel)" time="0.02" />
  <testcase classname="ptolemy.util.test.junit.AutoTests" name="[50] /home/travis/build/icyphy/ptII/ptolemy/domains/de/test/auto/PortParameterResetOnInitialize.xml (RunModel)" time="0.009" />
  <testcase classname="ptolemy.util.test.junit.AutoTests" name="[51] /home/travis/build/icyphy/ptII/ptolemy/domains/de/test/auto/PortParameterUpdates.xml (RunModel)" time="0.014" />
  <testcase classname="ptolemy.util.test.junit.AutoTests" name="[52] /home/travis/build/icyphy/ptII/ptolemy/domains/de/test/auto/QueueAndServer.xml (RunModel)" time="0.02" />
  <testcase classname="ptolemy.util.test.junit.AutoTests" name="[53] /home/travis/build/icyphy/ptII/ptolemy/domains/de/test/auto/Records.xml (RunModel)" time="0.013" />
  <testcase classname="ptolemy.util.test.junit.AutoTests" name="[54] /home/travis/build/icyphy/ptII/ptolemy/domains/de/test/auto/ResetTransitionWithStartTime1.xml (RunModel)" time="0.019" />
  <testcase classname="ptolemy.util.test.junit.AutoTests" name="[55] /home/travis/build/icyphy/ptII/ptolemy/domains/de/test/auto/ResetTransitionWithStartTime2.xml (RunModel)" time="0.017" />
  <testcase classname="ptolemy.util.test.junit.AutoTests" name="[56] /home/travis/build/icyphy/ptII/ptolemy/domains/de/test/auto/ResetTransitionWithStartTime3.xml (RunModel)" time="0.018" />
  <testcase classname="ptolemy.util.test.junit.AutoTests" name="[57] /home/travis/build/icyphy/ptII/ptolemy/domains/de/test/auto/ResetTransitionWithStartTime4.xml (RunModel)" time="0.018" />
  <testcase classname="ptolemy.util.test.junit.AutoTests" name="[58] /home/travis/build/icyphy/ptII/ptolemy/domains/de/test/auto/ResettableTimer1.xml (RunModel)" time="0.01" />
  <testcase classname="ptolemy.util.test.junit.AutoTests" name="[59] /home/travis/build/icyphy/ptII/ptolemy/domains/de/test/auto/ResettableTimer2.xml (RunModel)" time="0.01" />
  <testcase classname="ptolemy.util.test.junit.AutoTests" name="[60] /home/travis/build/icyphy/ptII/ptolemy/domains/de/test/auto/ResettableTimer3.xml (RunModel)" time="0.008" />
  <testcase classname="ptolemy.util.test.junit.AutoTests" name="[61] /home/travis/build/icyphy/ptII/ptolemy/domains/de/test/auto/ResettableTimer4.xml (RunModel)" time="0.008" />
  <testcase classname="ptolemy.util.test.junit.AutoTests" name="[62] /home/travis/build/icyphy/ptII/ptolemy/domains/de/test/auto/ResettableTimer5.xml (RunModel)" time="0.009" />
  <testcase classname="ptolemy.util.test.junit.AutoTests" name="[63] /home/travis/build/icyphy/ptII/ptolemy/domains/de/test/auto/ResettableTimer6.xml (RunModel)" time="0.011" />
  <testcase classname="ptolemy.util.test.junit.AutoTests" name="[64] /home/travis/build/icyphy/ptII/ptolemy/domains/de/test/auto/ServerZeroDelay.xml (RunModel)" time="0.01" />
  <testcase classname="ptolemy.util.test.junit.AutoTests" name="[65] /home/travis/build/icyphy/ptII/ptolemy/domains/de/test/auto/SmartSender.xml (RunModel)" time="3.009" />
  <testcase classname="ptolemy.util.test.junit.AutoTests" name="[66] /home/travis/build/icyphy/ptII/ptolemy/domains/de/test/auto/ThreadedComposite.xml (RunModel)" time="0.212" />
  <testcase classname="ptolemy.util.test.junit.AutoTests" name="[67] /home/travis/build/icyphy/ptII/ptolemy/domains/de/test/auto/Time.xml (RunModel)" time="0.447" />
  <testcase classname="ptolemy.util.test.junit.AutoTests" name="[68] /home/travis/build/icyphy/ptII/ptolemy/domains/de/test/auto/TimeDelayZeroDelay.xml (RunModel)" time="0.012" />
  <testcase classname="ptolemy.util.test.junit.AutoTests" name="[69] /home/travis/build/icyphy/ptII/ptolemy/domains/de/test/auto/TimerZeroDelay.xml (RunModel)" time="0.01" />
  <testcase classname="ptolemy.util.test.junit.AutoTests" name="[70] /home/travis/build/icyphy/ptII/ptolemy/domains/de/test/auto/TimingParadox.xml (RunModel)" time="0.343" />
  <testcase classname="ptolemy.util.test.junit.AutoTests" name="[71] /home/travis/build/icyphy/ptII/ptolemy/domains/de/test/auto/TransferInputs.xml (RunModel)" time="0.016" />
  <testcase classname="ptolemy.util.test.junit.AutoTests" name="[72] /home/travis/build/icyphy/ptII/ptolemy/domains/de/test/auto/TransferOutputs2.xml (RunModel)" time="0.021" />
  <testcase classname="ptolemy.util.test.junit.AutoTests" name="[73] /home/travis/build/icyphy/ptII/ptolemy/domains/de/test/auto/Trilateration.xml (RunModel)" time="11.834" />
  <testcase classname="ptolemy.util.test.junit.AutoTests" name="[74] /home/travis/build/icyphy/ptII/ptolemy/domains/de/test/auto/TwoSigmaDelta.xml (RunModel)" time="2.537" />
  <testcase classname="ptolemy.util.test.junit.AutoTests" name="[75] /home/travis/build/icyphy/ptII/ptolemy/domains/de/test/auto/VariableDelay.xml (RunModel)" time="0.011" />
  <testcase classname="ptolemy.util.test.junit.AutoTests" name="[76] /home/travis/build/icyphy/ptII/ptolemy/domains/de/test/auto/VariableDelay2.xml (RunModel)" time="0.008" />
  <testcase classname="ptolemy.util.test.junit.AutoTests" name="[77] /home/travis/build/icyphy/ptII/ptolemy/domains/de/test/auto/VariableDelayZeroDelay.xml (RunModel)" time="0.01" />
  <testcase classname="ptolemy.util.test.junit.AutoTests" name="[78] /home/travis/build/icyphy/ptII/ptolemy/domains/de/test/auto/VariableDelayZeroDelay2.xml (RunModel)" time="0.019" />
  <testcase classname="ptolemy.util.test.junit.AutoTests" name="[79] /home/travis/build/icyphy/ptII/ptolemy/domains/de/test/auto/deInCt.xml (RunModel)" time="0.02" />
  <testcase classname="ptolemy.util.test.junit.AutoTests" name="[80] /home/travis/build/icyphy/ptII/ptolemy/domains/de/test/auto/deInCt2.xml (RunModel)" time="0.016" />
  <testcase classname="ptolemy.util.test.junit.AutoTests" name="[81] /home/travis/build/icyphy/ptII/ptolemy/domains/de/test/auto/dynamicCausalityInterface1.xml (RunModel)" time="0.023" />
  <testcase classname="ptolemy.util.test.junit.AutoTests" name="[82] /home/travis/build/icyphy/ptII/ptolemy/domains/de/test/auto/fsm_de_test.xml (RunModel)" time="0.023" />
  <testcase classname="ptolemy.util.test.junit.AutoTests" name="[83] /home/travis/build/icyphy/ptII/ptolemy/domains/de/test/auto/functionDependencyReconstruction.xml (RunModel)" time="0.033" />
  <testcase classname="ptolemy.util.test.junit.AutoTests" name="[84] /home/travis/build/icyphy/ptII/ptolemy/domains/de/test/auto/multirate.xml (RunModel)" time="0.019" />
  <testcase classname="ptolemy.util.test.junit.AutoTests" name="[85] /home/travis/build/icyphy/ptII/ptolemy/domains/de/test/auto/multirate2.xml (RunModel)" time="0.015" />
  <testcase classname="ptolemy.util.test.junit.AutoTests" name="[86] /home/travis/build/icyphy/ptII/ptolemy/domains/de/test/auto/realtime.xml (RunModel)" time="10.009" />
  <testcase classname="ptolemy.util.test.junit.AutoTests" name="[87] /home/travis/build/icyphy/ptII/ptolemy/domains/de/test/auto/relationGroup.xml (RunModel)" time="0.014" />
  <testcase classname="ptolemy.util.test.junit.AutoTests" name="[88] /home/travis/build/icyphy/ptII/ptolemy/domains/de/test/auto/relationGroup2.xml (RunModel)" time="0.007" />
  <testcase classname="ptolemy.util.test.junit.AutoTests" name="[89] /home/travis/build/icyphy/ptII/ptolemy/domains/de/test/auto/sortWithOpaquePorts.xml (RunModel)" time="0.006" />
  <testcase classname="ptolemy.util.test.junit.AutoTests" name="[90] /home/travis/build/icyphy/ptII/ptolemy/domains/de/test/auto/transferInputsandOutputs.xml (RunModel)" time="0.013" />
  <testcase classname="ptolemy.util.test.junit.AutoTests" name="[91] /home/travis/build/icyphy/ptII/ptolemy/domains/de/test/auto/triggerType.xml (RunModel)" time="0.007" />
  <system-out><![CDATA[/home/travis/build/icyphy/ptII/ptolemy/domains/de/test/DependencyLoop.tcl
testDefs.tcl: setting time out to 9000 seconds at Thu Jun 14 22:51:41 UTC 2018
17 ms. Memory: 116224K Free: 93835K (81%)
10 ms. Memory: 146944K Free: 135500K (92%)
/home/travis/build/icyphy/ptII/ptolemy/domains/de/test/RunDETestsAsQSS.tcl
Run the DE tests using ptolemy.domains.qss.test.QSSDirectorTest, which extends QSSDirector and prints a message in the constructors.
------------------ testing $PTII/ptolemy/domains/de/test/auto/knownFailedTests/dependencyLoop.xml (Known Failure) 
11 ms. Memory: 146944K Free: 132387K (90%)


==== $PTIIhome/travis/build/icyphy/ptII/ptolemy/domains/de/test/../../../../: Auto Automatic test in file $PTII/ptolemy/domains/de/test/auto/knownFailedTests/dependencyLoop.xml
==== Contents of test case:

	    # FIXME: we should use $relativeFilename here, but it
	    # might have backslashes under Windows, which causes no end
	    # of trouble.
	    createAndExecute $file
	    list {}
	
.... Test generated KNOWN error:
    while executing
ptolemy.kernel.util.IllegalActionException: Found a zero delay loop containing .dependencyLoop.original
  in .dependencyLoop and .dependencyLoop.original
	at ptolemy.actor.util.CausalityInterfaceForComposites._computeOutputPortDepth(CausalityInterfaceForComposites.java:759)
	at ptolemy.actor.util.CausalityInterfaceForComposites._computeInputDepth(CausalityInterfaceForComposites.java:696)
	at ptolemy.actor.util.CausalityInterfaceForComposites._computeOutputPortDepth(CausalityInterfaceForComposites.java:765)
	at ptolemy.actor.util.CausalityInterfaceForComposites._computeInputDepth(CausalityInterfaceForComposites.java:696)
	at ptolemy.actor.util.CausalityInterfaceForComposites._computeOutputPortDepth(CausalityInterfaceForComposites.java:765)
	at ptolemy.actor.util.CausalityInterfaceForComposites._computeInputDepth(CausalityInterfaceForComposites.java:696)
	at ptolemy.actor.util.CausalityInterfaceForComposites._computeActorDepth(CausalityInterfaceForComposites.java:532)
	at ptolemy.actor.util.CausalityInterfaceForComposites.checkForCycles(CausalityInterfaceForComposites.java:96)
	at ptolemy.domains.de.kernel.DEDirector.preinitialize(DEDirector.java:1338)
	at ptolemy.actor.CompositeActor.preinitialize(CompositeActor.java:1828)
	at ptolemy.actor.Manager.preinitializeAndResolveTypes(Manager.java:1040)
	at ptolemy.actor.Manager.initialize(Manager.java:710)
	at ptolemy.actor.Manager.execute(Manager.java:356)
	at ptolemy.actor.Manager.run(Manager.java:1263)
	at ptolemy.actor.Manager$PtolemyRunThread.run(Manager.java:1915)

    while executing
ptolemy.kernel.util.IllegalActionException: Found a zero delay loop containing .dependencyLoop.original
  in .dependencyLoop and .dependencyLoop.original
    while executing
"java::new ptolemy.moml.MoMLSimpleApplication $file
"
    (procedure "createAndExecute" line 2)
    invoked from within
"createAndExecute $file"
    ("uplevel" body line 5)
    invoked from within
"uplevel $contents_of_test"
------------------ testing $PTII/ptolemy/domains/de/test/auto/knownFailedTests/DESDFClockTest.xml (Known Failure) 
2089 ms. Memory: 146944K Free: 116633K (79%)


==== $PTIIhome/travis/build/icyphy/ptII/ptolemy/domains/de/test/../../../../: Auto Automatic test in file $PTII/ptolemy/domains/de/test/auto/knownFailedTests/DESDFClockTest.xml
==== Contents of test case:

	    # FIXME: we should use $relativeFilename here, but it
	    # might have backslashes under Windows, which causes no end
	    # of trouble.
	    createAndExecute $file
	    list {}
	
.... Test generated KNOWN error:
    while executing
ptolemy.kernel.util.IllegalActionException: Actor is not ready to fire.  Perhaps UpSample.prefire() returned false? Try debugging the actor by selecting "Listen to Actor".  Also, for SDF check moml for tokenConsumptionRate on input.
  in .DESDFClockTest.Play Bell.Copy1:SDF Director and .DESDFClockTest.Play Bell.UpSample
	at ptolemy.actor.sched.StaticSchedulingDirector.fire(StaticSchedulingDirector.java:227)
	at ptolemy.domains.sdf.kernel.SDFDirector.fire(SDFDirector.java:500)
	at ptolemy.actor.CompositeActor.fire(CompositeActor.java:455)
	at ptolemy.domains.de.kernel.DEDirector._fire(DEDirector.java:1949)
	at ptolemy.domains.de.kernel.DEDirector.fire(DEDirector.java:502)
	at ptolemy.actor.CompositeActor.fire(CompositeActor.java:455)
	at ptolemy.actor.Manager.iterate(Manager.java:851)
	at ptolemy.actor.Manager.execute(Manager.java:369)
	at ptolemy.actor.Manager.run(Manager.java:1263)
	at ptolemy.actor.Manager$PtolemyRunThread.run(Manager.java:1915)

    while executing
ptolemy.kernel.util.IllegalActionException: Actor is not ready to fire.  Perhaps UpSample.prefire() returned false? Try debugging the actor by selecting "Listen to Actor".  Also, for SDF check moml for tokenConsumptionRate on input.
  in .DESDFClockTest.Play Bell.Copy1:SDF Director and .DESDFClockTest.Play Bell.UpSample
    while executing
"java::new ptolemy.moml.MoMLSimpleApplication $file
"
    (procedure "createAndExecute" line 2)
    invoked from within
"createAndExecute $file"
    ("uplevel" body line 5)
    invoked from within
"uplevel $contents_of_test"
------------------ testing $PTII/ptolemy/domains/de/test/auto/knownFailedTests/FSMSource.xml (Known Failure) 
22 ms. Memory: 146944K Free: 107700K (73%)
!!!! Auto was marked as failing, but now passes
------------------ testing $PTII/ptolemy/domains/de/test/auto/knownFailedTests/dependencyLoop2.xml (Known Failure) 
7 ms. Memory: 146944K Free: 105817K (72%)


==== $PTIIhome/travis/build/icyphy/ptII/ptolemy/domains/de/test/../../../../: Auto Automatic test in file $PTII/ptolemy/domains/de/test/auto/knownFailedTests/dependencyLoop2.xml
==== Contents of test case:

	    # FIXME: we should use $relativeFilename here, but it
	    # might have backslashes under Windows, which causes no end
	    # of trouble.
	    createAndExecute $file
	    list {}
	
.... Test generated KNOWN error:
    while executing
ptolemy.kernel.util.IllegalActionException: Found a zero delay loop containing .dependencyLoop2.original
  in .dependencyLoop2 and .dependencyLoop2.original
	at ptolemy.actor.util.CausalityInterfaceForComposites._computeOutputPortDepth(CausalityInterfaceForComposites.java:759)
	at ptolemy.actor.util.CausalityInterfaceForComposites._computeInputDepth(CausalityInterfaceForComposites.java:696)
	at ptolemy.actor.util.CausalityInterfaceForComposites._computeOutputPortDepth(CausalityInterfaceForComposites.java:765)
	at ptolemy.actor.util.CausalityInterfaceForComposites._computeInputDepth(CausalityInterfaceForComposites.java:696)
	at ptolemy.actor.util.CausalityInterfaceForComposites._computeOutputPortDepth(CausalityInterfaceForComposites.java:765)
	at ptolemy.actor.util.CausalityInterfaceForComposites._computeInputDepth(CausalityInterfaceForComposites.java:696)
	at ptolemy.actor.util.CausalityInterfaceForComposites._computeActorDepth(CausalityInterfaceForComposites.java:532)
	at ptolemy.actor.util.CausalityInterfaceForComposites.checkForCycles(CausalityInterfaceForComposites.java:96)
	at ptolemy.domains.de.kernel.DEDirector.preinitialize(DEDirector.java:1338)
	at ptolemy.actor.CompositeActor.preinitialize(CompositeActor.java:1828)
	at ptolemy.actor.Manager.preinitializeAndResolveTypes(Manager.java:1040)
	at ptolemy.actor.Manager.initialize(Manager.java:710)
	at ptolemy.actor.Manager.execute(Manager.java:356)
	at ptolemy.actor.Manager.run(Manager.java:1263)
	at ptolemy.actor.Manager$PtolemyRunThread.run(Manager.java:1915)

    while executing
ptolemy.kernel.util.IllegalActionException: Found a zero delay loop containing .dependencyLoop2.original
  in .dependencyLoop2 and .dependencyLoop2.original
    while executing
"java::new ptolemy.moml.MoMLSimpleApplication $file
"
    (procedure "createAndExecute" line 2)
    invoked from within
"createAndExecute $file"
    ("uplevel" body line 5)
    invoked from within
"uplevel $contents_of_test"
------------------ testing $PTII/ptolemy/domains/de/test/auto/knownFailedTests/HierarchicalModel.xml (Known Failure) 
6 ms. Memory: 146944K Free: 84226K (57%)


==== $PTIIhome/travis/build/icyphy/ptII/ptolemy/domains/de/test/../../../../: Auto Automatic test in file $PTII/ptolemy/domains/de/test/auto/knownFailedTests/HierarchicalModel.xml
==== Contents of test case:

	    # FIXME: we should use $relativeFilename here, but it
	    # might have backslashes under Windows, which causes no end
	    # of trouble.
	    createAndExecute $file
	    list {}
	
.... Test generated KNOWN error:
    while executing
ptolemy.kernel.util.IllegalActionException: Found a zero delay loop containing .HierarchicalModel.A
  in .HierarchicalModel and .HierarchicalModel.A
	at ptolemy.actor.util.CausalityInterfaceForComposites._computeOutputPortDepth(CausalityInterfaceForComposites.java:759)
	at ptolemy.actor.util.CausalityInterfaceForComposites._computeInputDepth(CausalityInterfaceForComposites.java:696)
	at ptolemy.actor.util.CausalityInterfaceForComposites._computeOutputPortDepth(CausalityInterfaceForComposites.java:765)
	at ptolemy.actor.util.CausalityInterfaceForComposites._computeInputDepth(CausalityInterfaceForComposites.java:696)
	at ptolemy.actor.util.CausalityInterfaceForComposites._computeOutputPortDepth(CausalityInterfaceForComposites.java:765)
	at ptolemy.actor.util.CausalityInterfaceForComposites._computeInputDepth(CausalityInterfaceForComposites.java:696)
	at ptolemy.actor.util.CausalityInterfaceForComposites._computeActorDepth(CausalityInterfaceForComposites.java:532)
	at ptolemy.actor.util.CausalityInterfaceForComposites.checkForCycles(CausalityInterfaceForComposites.java:96)
	at ptolemy.domains.de.kernel.DEDirector.preinitialize(DEDirector.java:1338)
	at ptolemy.actor.CompositeActor.preinitialize(CompositeActor.java:1828)
	at ptolemy.actor.Manager.preinitializeAndResolveTypes(Manager.java:1040)
	at ptolemy.actor.Manager.initialize(Manager.java:710)
	at ptolemy.actor.Manager.execute(Manager.java:356)
	at ptolemy.actor.Manager.run(Manager.java:1263)
	at ptolemy.actor.Manager$PtolemyRunThread.run(Manager.java:1915)

    while executing
ptolemy.kernel.util.IllegalActionException: Found a zero delay loop containing .HierarchicalModel.A
  in .HierarchicalModel and .HierarchicalModel.A
    while executing
"java::new ptolemy.moml.MoMLSimpleApplication $file
"
    (procedure "createAndExecute" line 2)
    invoked from within
"createAndExecute $file"
    ("uplevel" body line 5)
    invoked from within
"uplevel $contents_of_test"
------------------ testing $PTII/ptolemy/domains/de/test/auto/knownFailedTests/DirectFeedback.xml (Known Failure) 
5 ms. Memory: 146944K Free: 141394K (96%)


==== $PTIIhome/travis/build/icyphy/ptII/ptolemy/domains/de/test/../../../../: Auto Automatic test in file $PTII/ptolemy/domains/de/test/auto/knownFailedTests/DirectFeedback.xml
==== Contents of test case:

	    # FIXME: we should use $relativeFilename here, but it
	    # might have backslashes under Windows, which causes no end
	    # of trouble.
	    createAndExecute $file
	    list {}
	
.... Test generated KNOWN error:
    while executing
ptolemy.kernel.util.IllegalActionException: Test fails in iteration 1.
Value was: 1.0. Should have been: 2.0
  in .DirectFeedback.Test
	at ptolemy.actor.lib.Test.fire(Test.java:268)
	at ptolemy.domains.de.kernel.DEDirector._fire(DEDirector.java:1949)
	at ptolemy.domains.de.kernel.DEDirector.fire(DEDirector.java:502)
	at ptolemy.actor.CompositeActor.fire(CompositeActor.java:455)
	at ptolemy.actor.Manager.iterate(Manager.java:851)
	at ptolemy.actor.Manager.execute(Manager.java:369)
	at ptolemy.actor.Manager.run(Manager.java:1263)
	at ptolemy.actor.Manager$PtolemyRunThread.run(Manager.java:1915)

    while executing
ptolemy.kernel.util.IllegalActionException: Test fails in iteration 1.
Value was: 1.0. Should have been: 2.0
  in .DirectFeedback.Test
    while executing
"java::new ptolemy.moml.MoMLSimpleApplication $file
"
    (procedure "createAndExecute" line 2)
    invoked from within
"createAndExecute $file"
    ("uplevel" body line 5)
    invoked from within
"uplevel $contents_of_test"
------------------ testing $PTII/ptolemy/domains/de/test/auto/ActorDepthCalculation_actorWithoutPorts.xml
auto.tcl: Setting watchdog for 200 seconds at Thu Jun 14 22:51:44 UTC 2018
9 ms. Memory: 146944K Free: 132411K (90%)
ptolemy.util.test.WatchDog.cancel(): canceling Thu Jun 14 22:51:44 UTC 2018
auto.tcl: Setting watchdog for 200 seconds at Thu Jun 14 22:51:44 UTC 2018
6 ms. Memory: 146944K Free: 131367K (89%)
ptolemy.util.test.WatchDog.cancel(): canceling Thu Jun 14 22:51:44 UTC 2018
------------------ testing $PTII/ptolemy/domains/de/test/auto/AssemblyLine.xml
auto.tcl: Setting watchdog for 200 seconds at Thu Jun 14 22:51:45 UTC 2018
18 ms. Memory: 208384K Free: 182816K (88%)
ptolemy.util.test.WatchDog.cancel(): canceling Thu Jun 14 22:51:45 UTC 2018
auto.tcl: Setting watchdog for 200 seconds at Thu Jun 14 22:51:45 UTC 2018
8 ms. Memory: 208384K Free: 182816K (88%)
ptolemy.util.test.WatchDog.cancel(): canceling Thu Jun 14 22:51:45 UTC 2018
------------------ testing $PTII/ptolemy/domains/de/test/auto/CQBug1.xml
auto.tcl: Setting watchdog for 200 seconds at Thu Jun 14 22:51:45 UTC 2018
3 ms. Memory: 208384K Free: 197705K (95%)
ptolemy.util.test.WatchDog.cancel(): canceling Thu Jun 14 22:51:45 UTC 2018
auto.tcl: Setting watchdog for 200 seconds at Thu Jun 14 22:51:45 UTC 2018
2 ms. Memory: 208384K Free: 197705K (95%)
ptolemy.util.test.WatchDog.cancel(): canceling Thu Jun 14 22:51:45 UTC 2018
------------------ testing $PTII/ptolemy/domains/de/test/auto/CancelFireAt.xml
auto.tcl: Setting watchdog for 200 seconds at Thu Jun 14 22:51:45 UTC 2018
4 ms. Memory: 208384K Free: 201434K (97%)
ptolemy.util.test.WatchDog.cancel(): canceling Thu Jun 14 22:51:45 UTC 2018
auto.tcl: Setting watchdog for 200 seconds at Thu Jun 14 22:51:45 UTC 2018
2 ms. Memory: 208384K Free: 199326K (96%)
ptolemy.util.test.WatchDog.cancel(): canceling Thu Jun 14 22:51:45 UTC 2018
------------------ testing $PTII/ptolemy/domains/de/test/auto/CausalityAndComposabilityAnalysis.xml
auto.tcl: Setting watchdog for 200 seconds at Thu Jun 14 22:51:45 UTC 2018
19 ms. Memory: 208384K Free: 196478K (94%)
ptolemy.util.test.WatchDog.cancel(): canceling Thu Jun 14 22:51:45 UTC 2018
auto.tcl: Setting watchdog for 200 seconds at Thu Jun 14 22:51:45 UTC 2018
6 ms. Memory: 208384K Free: 196478K (94%)
ptolemy.util.test.WatchDog.cancel(): canceling Thu Jun 14 22:51:45 UTC 2018
------------------ testing $PTII/ptolemy/domains/de/test/auto/CausalityInterface1.xml
auto.tcl: Setting watchdog for 200 seconds at Thu Jun 14 22:51:45 UTC 2018
19 ms. Memory: 208384K Free: 196414K (94%)
ptolemy.util.test.WatchDog.cancel(): canceling Thu Jun 14 22:51:45 UTC 2018
auto.tcl: Setting watchdog for 200 seconds at Thu Jun 14 22:51:45 UTC 2018
5 ms. Memory: 208384K Free: 196414K (94%)
ptolemy.util.test.WatchDog.cancel(): canceling Thu Jun 14 22:51:45 UTC 2018
------------------ testing $PTII/ptolemy/domains/de/test/auto/CausalityInterface15.xml
auto.tcl: Setting watchdog for 200 seconds at Thu Jun 14 22:51:45 UTC 2018
25 ms. Memory: 208384K Free: 196405K (94%)
ptolemy.util.test.WatchDog.cancel(): canceling Thu Jun 14 22:51:45 UTC 2018
auto.tcl: Setting watchdog for 200 seconds at Thu Jun 14 22:51:45 UTC 2018
8 ms. Memory: 208384K Free: 196405K (94%)
ptolemy.util.test.WatchDog.cancel(): canceling Thu Jun 14 22:51:45 UTC 2018
------------------ testing $PTII/ptolemy/domains/de/test/auto/CausalityInterface2.xml
auto.tcl: Setting watchdog for 200 seconds at Thu Jun 14 22:51:45 UTC 2018
6 ms. Memory: 208384K Free: 196388K (94%)
ptolemy.util.test.WatchDog.cancel(): canceling Thu Jun 14 22:51:45 UTC 2018
auto.tcl: Setting watchdog for 200 seconds at Thu Jun 14 22:51:45 UTC 2018
3 ms. Memory: 208384K Free: 196388K (94%)
ptolemy.util.test.WatchDog.cancel(): canceling Thu Jun 14 22:51:45 UTC 2018
------------------ testing $PTII/ptolemy/domains/de/test/auto/CausalityInterface3.xml
auto.tcl: Setting watchdog for 200 seconds at Thu Jun 14 22:51:45 UTC 2018
5 ms. Memory: 208384K Free: 196286K (94%)
ptolemy.util.test.WatchDog.cancel(): canceling Thu Jun 14 22:51:46 UTC 2018
auto.tcl: Setting watchdog for 200 seconds at Thu Jun 14 22:51:46 UTC 2018
6 ms. Memory: 208384K Free: 196286K (94%)
ptolemy.util.test.WatchDog.cancel(): canceling Thu Jun 14 22:51:46 UTC 2018
------------------ testing $PTII/ptolemy/domains/de/test/auto/ClockDrift.xml
auto.tcl: Setting watchdog for 200 seconds at Thu Jun 14 22:51:46 UTC 2018
63 ms. Memory: 208384K Free: 187493K (90%)
ptolemy.util.test.WatchDog.cancel(): canceling Thu Jun 14 22:51:46 UTC 2018
auto.tcl: Setting watchdog for 200 seconds at Thu Jun 14 22:51:46 UTC 2018
51 ms. Memory: 208384K Free: 185385K (89%)
ptolemy.util.test.WatchDog.cancel(): canceling Thu Jun 14 22:51:46 UTC 2018
------------------ testing $PTII/ptolemy/domains/de/test/auto/ClockDriftAndValueChange.xml
auto.tcl: Setting watchdog for 200 seconds at Thu Jun 14 22:51:46 UTC 2018
70 ms. Memory: 208384K Free: 187329K (90%)
ptolemy.util.test.WatchDog.cancel(): canceling Thu Jun 14 22:51:46 UTC 2018
auto.tcl: Setting watchdog for 200 seconds at Thu Jun 14 22:51:46 UTC 2018
42 ms. Memory: 208384K Free: 185221K (89%)
ptolemy.util.test.WatchDog.cancel(): canceling Thu Jun 14 22:51:46 UTC 2018
------------------ testing $PTII/ptolemy/domains/de/test/auto/ClockDriftChange.xml
auto.tcl: Setting watchdog for 200 seconds at Thu Jun 14 22:51:46 UTC 2018
49 ms. Memory: 208384K Free: 190659K (91%)
ptolemy.util.test.WatchDog.cancel(): canceling Thu Jun 14 22:51:46 UTC 2018
auto.tcl: Setting watchdog for 200 seconds at Thu Jun 14 22:51:46 UTC 2018
32 ms. Memory: 208384K Free: 188551K (90%)
ptolemy.util.test.WatchDog.cancel(): canceling Thu Jun 14 22:51:46 UTC 2018
------------------ testing $PTII/ptolemy/domains/de/test/auto/ComposableCausalityAnalysis.xml
auto.tcl: Setting watchdog for 200 seconds at Thu Jun 14 22:51:46 UTC 2018
1 ms. Memory: 208384K Free: 196477K (94%)
ptolemy.util.test.WatchDog.cancel(): canceling Thu Jun 14 22:51:46 UTC 2018
auto.tcl: Setting watchdog for 200 seconds at Thu Jun 14 22:51:46 UTC 2018
2 ms. Memory: 208384K Free: 194369K (93%)
ptolemy.util.test.WatchDog.cancel(): canceling Thu Jun 14 22:51:46 UTC 2018
------------------ testing $PTII/ptolemy/domains/de/test/auto/DEFixedPointLimitation.xml
auto.tcl: Setting watchdog for 200 seconds at Thu Jun 14 22:51:46 UTC 2018
1 ms. Memory: 208384K Free: 196220K (94%)
ptolemy.util.test.WatchDog.cancel(): canceling Thu Jun 14 22:51:46 UTC 2018
auto.tcl: Setting watchdog for 200 seconds at Thu Jun 14 22:51:46 UTC 2018
2 ms. Memory: 208384K Free: 196220K (94%)
ptolemy.util.test.WatchDog.cancel(): canceling Thu Jun 14 22:51:46 UTC 2018
------------------ testing $PTII/ptolemy/domains/de/test/auto/DEScheduleTest.xml
auto.tcl: Setting watchdog for 200 seconds at Thu Jun 14 22:51:46 UTC 2018
4 ms. Memory: 208384K Free: 198363K (95%)
ptolemy.util.test.WatchDog.cancel(): canceling Thu Jun 14 22:51:46 UTC 2018
auto.tcl: Setting watchdog for 200 seconds at Thu Jun 14 22:51:46 UTC 2018
5 ms. Memory: 208384K Free: 196256K (94%)
ptolemy.util.test.WatchDog.cancel(): canceling Thu Jun 14 22:51:46 UTC 2018
------------------ testing $PTII/ptolemy/domains/de/test/auto/DEinDEwithStartTimes.xml
auto.tcl: Setting watchdog for 200 seconds at Thu Jun 14 22:51:46 UTC 2018
8 ms. Memory: 208384K Free: 196226K (94%)
ptolemy.util.test.WatchDog.cancel(): canceling Thu Jun 14 22:51:46 UTC 2018
auto.tcl: Setting watchdog for 200 seconds at Thu Jun 14 22:51:46 UTC 2018
4 ms. Memory: 208384K Free: 194118K (93%)
ptolemy.util.test.WatchDog.cancel(): canceling Thu Jun 14 22:51:46 UTC 2018
------------------ testing $PTII/ptolemy/domains/de/test/auto/DEinDEwithStartTimes2.xml
auto.tcl: Setting watchdog for 200 seconds at Thu Jun 14 22:51:47 UTC 2018
9 ms. Memory: 208384K Free: 196205K (94%)
ptolemy.util.test.WatchDog.cancel(): canceling Thu Jun 14 22:51:47 UTC 2018
auto.tcl: Setting watchdog for 200 seconds at Thu Jun 14 22:51:47 UTC 2018
5 ms. Memory: 208384K Free: 194097K (93%)
ptolemy.util.test.WatchDog.cancel(): canceling Thu Jun 14 22:51:47 UTC 2018
------------------ testing $PTII/ptolemy/domains/de/test/auto/DateDemo.xml
auto.tcl: Setting watchdog for 200 seconds at Thu Jun 14 22:51:47 UTC 2018
11 ms. Memory: 208384K Free: 188611K (91%)
ptolemy.util.test.WatchDog.cancel(): canceling Thu Jun 14 22:51:47 UTC 2018
auto.tcl: Setting watchdog for 200 seconds at Thu Jun 14 22:51:47 UTC 2018
7 ms. Memory: 208384K Free: 186503K (89%)
ptolemy.util.test.WatchDog.cancel(): canceling Thu Jun 14 22:51:47 UTC 2018
------------------ testing $PTII/ptolemy/domains/de/test/auto/DateToEvent.xml
auto.tcl: Setting watchdog for 200 seconds at Thu Jun 14 22:51:47 UTC 2018
2021 ms. Memory: 208384K Free: 183309K (88%)
ptolemy.util.test.WatchDog.cancel(): canceling Thu Jun 14 22:51:49 UTC 2018
auto.tcl: Setting watchdog for 200 seconds at Thu Jun 14 22:51:49 UTC 2018
2010 ms. Memory: 208384K Free: 183309K (88%)
ptolemy.util.test.WatchDog.cancel(): canceling Thu Jun 14 22:51:51 UTC 2018
------------------ testing $PTII/ptolemy/domains/de/test/auto/DepthTest1.xml
auto.tcl: Setting watchdog for 200 seconds at Thu Jun 14 22:51:51 UTC 2018
6 ms. Memory: 208384K Free: 195770K (94%)
ptolemy.util.test.WatchDog.cancel(): canceling Thu Jun 14 22:51:51 UTC 2018
auto.tcl: Setting watchdog for 200 seconds at Thu Jun 14 22:51:51 UTC 2018
2 ms. Memory: 208384K Free: 195432K (94%)
ptolemy.util.test.WatchDog.cancel(): canceling Thu Jun 14 22:51:51 UTC 2018
------------------ testing $PTII/ptolemy/domains/de/test/auto/DepthTest2.xml
auto.tcl: Setting watchdog for 200 seconds at Thu Jun 14 22:51:51 UTC 2018
7 ms. Memory: 208384K Free: 194075K (93%)
ptolemy.util.test.WatchDog.cancel(): canceling Thu Jun 14 22:51:51 UTC 2018
auto.tcl: Setting watchdog for 200 seconds at Thu Jun 14 22:51:51 UTC 2018
5 ms. Memory: 208384K Free: 194075K (93%)
ptolemy.util.test.WatchDog.cancel(): canceling Thu Jun 14 22:51:51 UTC 2018
------------------ testing $PTII/ptolemy/domains/de/test/auto/DepthTest3.xml
auto.tcl: Setting watchdog for 200 seconds at Thu Jun 14 22:51:51 UTC 2018
2 ms. Memory: 208384K Free: 198225K (95%)
ptolemy.util.test.WatchDog.cancel(): canceling Thu Jun 14 22:51:51 UTC 2018
auto.tcl: Setting watchdog for 200 seconds at Thu Jun 14 22:51:51 UTC 2018
1 ms. Memory: 208384K Free: 198225K (95%)
ptolemy.util.test.WatchDog.cancel(): canceling Thu Jun 14 22:51:51 UTC 2018
------------------ testing $PTII/ptolemy/domains/de/test/auto/DepthTest4.xml
auto.tcl: Setting watchdog for 200 seconds at Thu Jun 14 22:51:51 UTC 2018
7 ms. Memory: 208384K Free: 196204K (94%)
ptolemy.util.test.WatchDog.cancel(): canceling Thu Jun 14 22:51:51 UTC 2018
auto.tcl: Setting watchdog for 200 seconds at Thu Jun 14 22:51:51 UTC 2018
3 ms. Memory: 208384K Free: 196204K (94%)
ptolemy.util.test.WatchDog.cancel(): canceling Thu Jun 14 22:51:51 UTC 2018
------------------ testing $PTII/ptolemy/domains/de/test/auto/DepthTest5.xml
auto.tcl: Setting watchdog for 200 seconds at Thu Jun 14 22:51:51 UTC 2018
4 ms. Memory: 208384K Free: 196151K (94%)
ptolemy.util.test.WatchDog.cancel(): canceling Thu Jun 14 22:51:51 UTC 2018
auto.tcl: Setting watchdog for 200 seconds at Thu Jun 14 22:51:51 UTC 2018
2 ms. Memory: 208384K Free: 196151K (94%)
ptolemy.util.test.WatchDog.cancel(): canceling Thu Jun 14 22:51:51 UTC 2018
------------------ testing $PTII/ptolemy/domains/de/test/auto/DepthTest6.xml
auto.tcl: Setting watchdog for 200 seconds at Thu Jun 14 22:51:51 UTC 2018
10 ms. Memory: 208384K Free: 196458K (94%)
ptolemy.util.test.WatchDog.cancel(): canceling Thu Jun 14 22:51:51 UTC 2018
auto.tcl: Setting watchdog for 200 seconds at Thu Jun 14 22:51:51 UTC 2018
2 ms. Memory: 208384K Free: 196458K (94%)
ptolemy.util.test.WatchDog.cancel(): canceling Thu Jun 14 22:51:51 UTC 2018
------------------ testing $PTII/ptolemy/domains/de/test/auto/DepthTest7.xml
auto.tcl: Setting watchdog for 200 seconds at Thu Jun 14 22:51:51 UTC 2018
3 ms. Memory: 208384K Free: 196109K (94%)
ptolemy.util.test.WatchDog.cancel(): canceling Thu Jun 14 22:51:51 UTC 2018
auto.tcl: Setting watchdog for 200 seconds at Thu Jun 14 22:51:51 UTC 2018
3 ms. Memory: 208384K Free: 196109K (94%)
ptolemy.util.test.WatchDog.cancel(): canceling Thu Jun 14 22:51:51 UTC 2018
------------------ testing $PTII/ptolemy/domains/de/test/auto/EventToDate.xml
auto.tcl: Setting watchdog for 200 seconds at Thu Jun 14 22:51:51 UTC 2018
3006 ms. Memory: 208384K Free: 185591K (89%)
ptolemy.util.test.WatchDog.cancel(): canceling Thu Jun 14 22:51:54 UTC 2018
auto.tcl: Setting watchdog for 200 seconds at Thu Jun 14 22:51:54 UTC 2018
3004 ms. Memory: 208384K Free: 185591K (89%)
ptolemy.util.test.WatchDog.cancel(): canceling Thu Jun 14 22:51:57 UTC 2018
------------------ testing $PTII/ptolemy/domains/de/test/auto/FSM1.xml
auto.tcl: Setting watchdog for 200 seconds at Thu Jun 14 22:51:58 UTC 2018
19 ms. Memory: 208384K Free: 189145K (91%)
ptolemy.util.test.WatchDog.cancel(): canceling Thu Jun 14 22:51:58 UTC 2018
auto.tcl: Setting watchdog for 200 seconds at Thu Jun 14 22:51:58 UTC 2018
36 ms. Memory: 208384K Free: 184929K (89%)
ptolemy.util.test.WatchDog.cancel(): canceling Thu Jun 14 22:51:58 UTC 2018
------------------ testing $PTII/ptolemy/domains/de/test/auto/FSM7.xml
auto.tcl: Setting watchdog for 200 seconds at Thu Jun 14 22:51:58 UTC 2018
24 ms. Memory: 208384K Free: 187241K (90%)
ptolemy.util.test.WatchDog.cancel(): canceling Thu Jun 14 22:51:58 UTC 2018
auto.tcl: Setting watchdog for 200 seconds at Thu Jun 14 22:51:58 UTC 2018
24 ms. Memory: 208384K Free: 185133K (89%)
ptolemy.util.test.WatchDog.cancel(): canceling Thu Jun 14 22:51:58 UTC 2018
------------------ testing $PTII/ptolemy/domains/de/test/auto/Inspection.xml
auto.tcl: Setting watchdog for 200 seconds at Thu Jun 14 22:51:58 UTC 2018
25 ms. Memory: 208384K Free: 188790K (91%)
ptolemy.util.test.WatchDog.cancel(): canceling Thu Jun 14 22:51:58 UTC 2018
auto.tcl: Setting watchdog for 200 seconds at Thu Jun 14 22:51:58 UTC 2018
20 ms. Memory: 208384K Free: 186682K (90%)
ptolemy.util.test.WatchDog.cancel(): canceling Thu Jun 14 22:51:58 UTC 2018
------------------ testing $PTII/ptolemy/domains/de/test/auto/Iteration.xml
auto.tcl: Setting watchdog for 200 seconds at Thu Jun 14 22:51:58 UTC 2018
17 ms. Memory: 208384K Free: 195914K (94%)
ptolemy.util.test.WatchDog.cancel(): canceling Thu Jun 14 22:51:58 UTC 2018
auto.tcl: Setting watchdog for 200 seconds at Thu Jun 14 22:51:58 UTC 2018
8 ms. Memory: 208384K Free: 193806K (93%)
ptolemy.util.test.WatchDog.cancel(): canceling Thu Jun 14 22:51:58 UTC 2018
------------------ testing $PTII/ptolemy/domains/de/test/auto/LineFault.xml
auto.tcl: Setting watchdog for 200 seconds at Thu Jun 14 22:51:58 UTC 2018
799 ms. Memory: 208384K Free: 196162K (94%)
ptolemy.util.test.WatchDog.cancel(): canceling Thu Jun 14 22:51:59 UTC 2018
auto.tcl: Setting watchdog for 200 seconds at Thu Jun 14 22:51:59 UTC 2018
705 ms. Memory: 208384K Free: 138610K (67%)
ptolemy.util.test.WatchDog.cancel(): canceling Thu Jun 14 22:52:00 UTC 2018
------------------ testing $PTII/ptolemy/domains/de/test/auto/MergeModel1Add.xml
auto.tcl: Setting watchdog for 200 seconds at Thu Jun 14 22:52:00 UTC 2018
37 ms. Memory: 208384K Free: 177957K (85%)
ptolemy.util.test.WatchDog.cancel(): canceling Thu Jun 14 22:52:00 UTC 2018
auto.tcl: Setting watchdog for 200 seconds at Thu Jun 14 22:52:00 UTC 2018
9 ms. Memory: 208384K Free: 177957K (85%)
ptolemy.util.test.WatchDog.cancel(): canceling Thu Jun 14 22:52:00 UTC 2018
------------------ testing $PTII/ptolemy/domains/de/test/auto/MergeModel2Add.xml
auto.tcl: Setting watchdog for 200 seconds at Thu Jun 14 22:52:00 UTC 2018
12 ms. Memory: 208384K Free: 181287K (87%)
ptolemy.util.test.WatchDog.cancel(): canceling Thu Jun 14 22:52:00 UTC 2018
auto.tcl: Setting watchdog for 200 seconds at Thu Jun 14 22:52:00 UTC 2018
9 ms. Memory: 208384K Free: 179312K (86%)
ptolemy.util.test.WatchDog.cancel(): canceling Thu Jun 14 22:52:00 UTC 2018
------------------ testing $PTII/ptolemy/domains/de/test/auto/MergeModel3Add.xml
auto.tcl: Setting watchdog for 200 seconds at Thu Jun 14 22:52:00 UTC 2018
11 ms. Memory: 208384K Free: 181297K (87%)
ptolemy.util.test.WatchDog.cancel(): canceling Thu Jun 14 22:52:00 UTC 2018
auto.tcl: Setting watchdog for 200 seconds at Thu Jun 14 22:52:00 UTC 2018
9 ms. Memory: 208384K Free: 179322K (86%)
ptolemy.util.test.WatchDog.cancel(): canceling Thu Jun 14 22:52:00 UTC 2018
------------------ testing $PTII/ptolemy/domains/de/test/auto/MergeWithoutDiscard.xml
auto.tcl: Setting watchdog for 200 seconds at Thu Jun 14 22:52:00 UTC 2018
2 ms. Memory: 208384K Free: 196491K (94%)
ptolemy.util.test.WatchDog.cancel(): canceling Thu Jun 14 22:52:00 UTC 2018
auto.tcl: Setting watchdog for 200 seconds at Thu Jun 14 22:52:00 UTC 2018
1 ms. Memory: 208384K Free: 196491K (94%)
ptolemy.util.test.WatchDog.cancel(): canceling Thu Jun 14 22:52:00 UTC 2018
------------------ testing $PTII/ptolemy/domains/de/test/auto/Modal1.xml
auto.tcl: Setting watchdog for 200 seconds at Thu Jun 14 22:52:01 UTC 2018
25 ms. Memory: 208384K Free: 188272K (90%)
ptolemy.util.test.WatchDog.cancel(): canceling Thu Jun 14 22:52:01 UTC 2018
auto.tcl: Setting watchdog for 200 seconds at Thu Jun 14 22:52:01 UTC 2018
24 ms. Memory: 208384K Free: 186297K (89%)
ptolemy.util.test.WatchDog.cancel(): canceling Thu Jun 14 22:52:01 UTC 2018
------------------ testing $PTII/ptolemy/domains/de/test/auto/Modal2.xml
auto.tcl: Setting watchdog for 200 seconds at Thu Jun 14 22:52:01 UTC 2018
13 ms. Memory: 208384K Free: 188138K (90%)
ptolemy.util.test.WatchDog.cancel(): canceling Thu Jun 14 22:52:01 UTC 2018
auto.tcl: Setting watchdog for 200 seconds at Thu Jun 14 22:52:01 UTC 2018
13 ms. Memory: 208384K Free: 186162K (89%)
ptolemy.util.test.WatchDog.cancel(): canceling Thu Jun 14 22:52:01 UTC 2018
------------------ testing $PTII/ptolemy/domains/de/test/auto/Modal3.xml
auto.tcl: Setting watchdog for 200 seconds at Thu Jun 14 22:52:01 UTC 2018
20 ms. Memory: 208384K Free: 188143K (90%)
ptolemy.util.test.WatchDog.cancel(): canceling Thu Jun 14 22:52:01 UTC 2018
auto.tcl: Setting watchdog for 200 seconds at Thu Jun 14 22:52:01 UTC 2018
15 ms. Memory: 208384K Free: 184193K (88%)
ptolemy.util.test.WatchDog.cancel(): canceling Thu Jun 14 22:52:01 UTC 2018
------------------ testing $PTII/ptolemy/domains/de/test/auto/Modal4.xml
auto.tcl: Setting watchdog for 200 seconds at Thu Jun 14 22:52:01 UTC 2018
30 ms. Memory: 208384K Free: 186920K (90%)
ptolemy.util.test.WatchDog.cancel(): canceling Thu Jun 14 22:52:01 UTC 2018
auto.tcl: Setting watchdog for 200 seconds at Thu Jun 14 22:52:01 UTC 2018
18 ms. Memory: 208384K Free: 182970K (88%)
ptolemy.util.test.WatchDog.cancel(): canceling Thu Jun 14 22:52:01 UTC 2018
------------------ testing $PTII/ptolemy/domains/de/test/auto/Modal5.xml
auto.tcl: Setting watchdog for 200 seconds at Thu Jun 14 22:52:01 UTC 2018
17 ms. Memory: 208384K Free: 186907K (90%)
ptolemy.util.test.WatchDog.cancel(): canceling Thu Jun 14 22:52:01 UTC 2018
auto.tcl: Setting watchdog for 200 seconds at Thu Jun 14 22:52:01 UTC 2018
14 ms. Memory: 208384K Free: 182956K (88%)
ptolemy.util.test.WatchDog.cancel(): canceling Thu Jun 14 22:52:01 UTC 2018
------------------ testing $PTII/ptolemy/domains/de/test/auto/Modal6.xml
auto.tcl: Setting watchdog for 200 seconds at Thu Jun 14 22:52:01 UTC 2018
11 ms. Memory: 208384K Free: 186904K (90%)
ptolemy.util.test.WatchDog.cancel(): canceling Thu Jun 14 22:52:01 UTC 2018
auto.tcl: Setting watchdog for 200 seconds at Thu Jun 14 22:52:01 UTC 2018
14 ms. Memory: 208384K Free: 182954K (88%)
ptolemy.util.test.WatchDog.cancel(): canceling Thu Jun 14 22:52:01 UTC 2018
------------------ testing $PTII/ptolemy/domains/de/test/auto/Modal7.xml
auto.tcl: Setting watchdog for 200 seconds at Thu Jun 14 22:52:01 UTC 2018
20 ms. Memory: 208384K Free: 188133K (90%)
ptolemy.util.test.WatchDog.cancel(): canceling Thu Jun 14 22:52:01 UTC 2018
auto.tcl: Setting watchdog for 200 seconds at Thu Jun 14 22:52:01 UTC 2018
14 ms. Memory: 208384K Free: 184183K (88%)
ptolemy.util.test.WatchDog.cancel(): canceling Thu Jun 14 22:52:01 UTC 2018
------------------ testing $PTII/ptolemy/domains/de/test/auto/ModalModel.xml
auto.tcl: Setting watchdog for 200 seconds at Thu Jun 14 22:52:01 UTC 2018
195 ms. Memory: 208384K Free: 126615K (61%)
ptolemy.util.test.WatchDog.cancel(): canceling Thu Jun 14 22:52:02 UTC 2018
auto.tcl: Setting watchdog for 200 seconds at Thu Jun 14 22:52:02 UTC 2018
219 ms. Memory: 200192K Free: 182728K (91%)
ptolemy.util.test.WatchDog.cancel(): canceling Thu Jun 14 22:52:02 UTC 2018
------------------ testing $PTII/ptolemy/domains/de/test/auto/ModalSource.xml
auto.tcl: Setting watchdog for 200 seconds at Thu Jun 14 22:52:02 UTC 2018
7 ms. Memory: 200192K Free: 185771K (93%)
ptolemy.util.test.WatchDog.cancel(): canceling Thu Jun 14 22:52:02 UTC 2018
auto.tcl: Setting watchdog for 200 seconds at Thu Jun 14 22:52:02 UTC 2018
7 ms. Memory: 200192K Free: 182367K (91%)
ptolemy.util.test.WatchDog.cancel(): canceling Thu Jun 14 22:52:02 UTC 2018
------------------ testing $PTII/ptolemy/domains/de/test/auto/NonInterruptibleTimerZeroDelay.xml
auto.tcl: Setting watchdog for 200 seconds at Thu Jun 14 22:52:02 UTC 2018
4 ms. Memory: 199680K Free: 190592K (95%)
ptolemy.util.test.WatchDog.cancel(): canceling Thu Jun 14 22:52:02 UTC 2018
auto.tcl: Setting watchdog for 200 seconds at Thu Jun 14 22:52:02 UTC 2018
2 ms. Memory: 199680K Free: 188890K (95%)
ptolemy.util.test.WatchDog.cancel(): canceling Thu Jun 14 22:52:02 UTC 2018
------------------ testing $PTII/ptolemy/domains/de/test/auto/OpenQueueingNetwork.xml
auto.tcl: Setting watchdog for 200 seconds at Thu Jun 14 22:52:02 UTC 2018
3404 ms. Memory: 179712K Free: 87532K (49%)
ptolemy.util.test.WatchDog.cancel(): canceling Thu Jun 14 22:52:06 UTC 2018
auto.tcl: Setting watchdog for 200 seconds at Thu Jun 14 22:52:06 UTC 2018
2394 ms. Memory: 159744K Free: 131065K (82%)
ptolemy.util.test.WatchDog.cancel(): canceling Thu Jun 14 22:52:08 UTC 2018
------------------ testing $PTII/ptolemy/domains/de/test/auto/OpenQueuingNetwork.xml
auto.tcl: Setting watchdog for 200 seconds at Thu Jun 14 22:52:08 UTC 2018
258 ms. Memory: 157184K Free: 136934K (87%)
ptolemy.util.test.WatchDog.cancel(): canceling Thu Jun 14 22:52:08 UTC 2018
auto.tcl: Setting watchdog for 200 seconds at Thu Jun 14 22:52:08 UTC 2018
248 ms. Memory: 157184K Free: 76436K (49%)
ptolemy.util.test.WatchDog.cancel(): canceling Thu Jun 14 22:52:09 UTC 2018
------------------ testing $PTII/ptolemy/domains/de/test/auto/PeriodicSampler.xml
auto.tcl: Setting watchdog for 200 seconds at Thu Jun 14 22:52:09 UTC 2018
3 ms. Memory: 156160K Free: 146064K (94%)
ptolemy.util.test.WatchDog.cancel(): canceling Thu Jun 14 22:52:09 UTC 2018
auto.tcl: Setting watchdog for 200 seconds at Thu Jun 14 22:52:09 UTC 2018
2 ms. Memory: 156160K Free: 144914K (93%)
ptolemy.util.test.WatchDog.cancel(): canceling Thu Jun 14 22:52:09 UTC 2018
------------------ testing $PTII/ptolemy/domains/de/test/auto/PersistentIO.xml
auto.tcl: Setting watchdog for 200 seconds at Thu Jun 14 22:52:09 UTC 2018
6 ms. Memory: 157184K Free: 141913K (90%)
ptolemy.util.test.WatchDog.cancel(): canceling Thu Jun 14 22:52:09 UTC 2018
auto.tcl: Setting watchdog for 200 seconds at Thu Jun 14 22:52:09 UTC 2018
5 ms. Memory: 157184K Free: 140747K (90%)
ptolemy.util.test.WatchDog.cancel(): canceling Thu Jun 14 22:52:09 UTC 2018
------------------ testing $PTII/ptolemy/domains/de/test/auto/PortParameterResetOnInitialize.xml
auto.tcl: Setting watchdog for 200 seconds at Thu Jun 14 22:52:09 UTC 2018
3 ms. Memory: 156160K Free: 146510K (94%)
ptolemy.util.test.WatchDog.cancel(): canceling Thu Jun 14 22:52:09 UTC 2018
auto.tcl: Setting watchdog for 200 seconds at Thu Jun 14 22:52:09 UTC 2018
2 ms. Memory: 156160K Free: 145360K (93%)
ptolemy.util.test.WatchDog.cancel(): canceling Thu Jun 14 22:52:09 UTC 2018
------------------ testing $PTII/ptolemy/domains/de/test/auto/PortParameterUpdates.xml
auto.tcl: Setting watchdog for 200 seconds at Thu Jun 14 22:52:09 UTC 2018
4 ms. Memory: 157184K Free: 145380K (92%)
ptolemy.util.test.WatchDog.cancel(): canceling Thu Jun 14 22:52:09 UTC 2018
auto.tcl: Setting watchdog for 200 seconds at Thu Jun 14 22:52:09 UTC 2018
4 ms. Memory: 157184K Free: 144215K (92%)
ptolemy.util.test.WatchDog.cancel(): canceling Thu Jun 14 22:52:09 UTC 2018
------------------ testing $PTII/ptolemy/domains/de/test/auto/QueueAndServer.xml
auto.tcl: Setting watchdog for 200 seconds at Thu Jun 14 22:52:09 UTC 2018
15 ms. Memory: 156160K Free: 143162K (92%)
ptolemy.util.test.WatchDog.cancel(): canceling Thu Jun 14 22:52:09 UTC 2018
auto.tcl: Setting watchdog for 200 seconds at Thu Jun 14 22:52:09 UTC 2018
7 ms. Memory: 156160K Free: 141997K (91%)
ptolemy.util.test.WatchDog.cancel(): canceling Thu Jun 14 22:52:09 UTC 2018
------------------ testing $PTII/ptolemy/domains/de/test/auto/Records.xml
auto.tcl: Setting watchdog for 200 seconds at Thu Jun 14 22:52:09 UTC 2018
11 ms. Memory: 157184K Free: 145250K (92%)
ptolemy.util.test.WatchDog.cancel(): canceling Thu Jun 14 22:52:09 UTC 2018
auto.tcl: Setting watchdog for 200 seconds at Thu Jun 14 22:52:09 UTC 2018
2 ms. Memory: 157184K Free: 145250K (92%)
ptolemy.util.test.WatchDog.cancel(): canceling Thu Jun 14 22:52:09 UTC 2018
------------------ testing $PTII/ptolemy/domains/de/test/auto/ResetTransitionWithStartTime1.xml
auto.tcl: Setting watchdog for 200 seconds at Thu Jun 14 22:52:09 UTC 2018
13 ms. Memory: 156160K Free: 141591K (91%)
ptolemy.util.test.WatchDog.cancel(): canceling Thu Jun 14 22:52:09 UTC 2018
auto.tcl: Setting watchdog for 200 seconds at Thu Jun 14 22:52:09 UTC 2018
7 ms. Memory: 156160K Free: 139259K (89%)
ptolemy.util.test.WatchDog.cancel(): canceling Thu Jun 14 22:52:09 UTC 2018
------------------ testing $PTII/ptolemy/domains/de/test/auto/ResetTransitionWithStartTime2.xml
auto.tcl: Setting watchdog for 200 seconds at Thu Jun 14 22:52:09 UTC 2018
5 ms. Memory: 156672K Free: 142886K (91%)
ptolemy.util.test.WatchDog.cancel(): canceling Thu Jun 14 22:52:09 UTC 2018
auto.tcl: Setting watchdog for 200 seconds at Thu Jun 14 22:52:09 UTC 2018
6 ms. Memory: 156672K Free: 140554K (90%)
ptolemy.util.test.WatchDog.cancel(): canceling Thu Jun 14 22:52:09 UTC 2018
------------------ testing $PTII/ptolemy/domains/de/test/auto/ResetTransitionWithStartTime3.xml
auto.tcl: Setting watchdog for 200 seconds at Thu Jun 14 22:52:09 UTC 2018
5 ms. Memory: 156160K Free: 141581K (91%)
ptolemy.util.test.WatchDog.cancel(): canceling Thu Jun 14 22:52:09 UTC 2018
auto.tcl: Setting watchdog for 200 seconds at Thu Jun 14 22:52:09 UTC 2018
7 ms. Memory: 156160K Free: 139265K (89%)
ptolemy.util.test.WatchDog.cancel(): canceling Thu Jun 14 22:52:09 UTC 2018
------------------ testing $PTII/ptolemy/domains/de/test/auto/ResetTransitionWithStartTime4.xml
auto.tcl: Setting watchdog for 200 seconds at Thu Jun 14 22:52:09 UTC 2018
4 ms. Memory: 156672K Free: 143594K (92%)
ptolemy.util.test.WatchDog.cancel(): canceling Thu Jun 14 22:52:09 UTC 2018
auto.tcl: Setting watchdog for 200 seconds at Thu Jun 14 22:52:09 UTC 2018
4 ms. Memory: 156672K Free: 141278K (90%)
ptolemy.util.test.WatchDog.cancel(): canceling Thu Jun 14 22:52:09 UTC 2018
------------------ testing $PTII/ptolemy/domains/de/test/auto/ResettableTimer1.xml
auto.tcl: Setting watchdog for 200 seconds at Thu Jun 14 22:52:10 UTC 2018
2 ms. Memory: 156160K Free: 147298K (94%)
ptolemy.util.test.WatchDog.cancel(): canceling Thu Jun 14 22:52:10 UTC 2018
auto.tcl: Setting watchdog for 200 seconds at Thu Jun 14 22:52:10 UTC 2018
3 ms. Memory: 156160K Free: 146132K (94%)
ptolemy.util.test.WatchDog.cancel(): canceling Thu Jun 14 22:52:10 UTC 2018
------------------ testing $PTII/ptolemy/domains/de/test/auto/ResettableTimer2.xml
auto.tcl: Setting watchdog for 200 seconds at Thu Jun 14 22:52:10 UTC 2018
2 ms. Memory: 156672K Free: 147913K (94%)
ptolemy.util.test.WatchDog.cancel(): canceling Thu Jun 14 22:52:10 UTC 2018
auto.tcl: Setting watchdog for 200 seconds at Thu Jun 14 22:52:10 UTC 2018
2 ms. Memory: 156672K Free: 146747K (94%)
ptolemy.util.test.WatchDog.cancel(): canceling Thu Jun 14 22:52:10 UTC 2018
------------------ testing $PTII/ptolemy/domains/de/test/auto/ResettableTimer3.xml
auto.tcl: Setting watchdog for 200 seconds at Thu Jun 14 22:52:10 UTC 2018
1 ms. Memory: 156160K Free: 147371K (94%)
ptolemy.util.test.WatchDog.cancel(): canceling Thu Jun 14 22:52:10 UTC 2018
auto.tcl: Setting watchdog for 200 seconds at Thu Jun 14 22:52:10 UTC 2018
1 ms. Memory: 156160K Free: 146221K (94%)
ptolemy.util.test.WatchDog.cancel(): canceling Thu Jun 14 22:52:10 UTC 2018
------------------ testing $PTII/ptolemy/domains/de/test/auto/ResettableTimer4.xml
auto.tcl: Setting watchdog for 200 seconds at Thu Jun 14 22:52:10 UTC 2018
6 ms. Memory: 156672K Free: 147917K (94%)
ptolemy.util.test.WatchDog.cancel(): canceling Thu Jun 14 22:52:10 UTC 2018
auto.tcl: Setting watchdog for 200 seconds at Thu Jun 14 22:52:10 UTC 2018
3 ms. Memory: 156672K Free: 146767K (94%)
ptolemy.util.test.WatchDog.cancel(): canceling Thu Jun 14 22:52:10 UTC 2018
------------------ testing $PTII/ptolemy/domains/de/test/auto/ResettableTimer5.xml
auto.tcl: Setting watchdog for 200 seconds at Thu Jun 14 22:52:10 UTC 2018
2 ms. Memory: 156160K Free: 145490K (93%)
ptolemy.util.test.WatchDog.cancel(): canceling Thu Jun 14 22:52:10 UTC 2018
auto.tcl: Setting watchdog for 200 seconds at Thu Jun 14 22:52:10 UTC 2018
1 ms. Memory: 156160K Free: 145490K (93%)
ptolemy.util.test.WatchDog.cancel(): canceling Thu Jun 14 22:52:10 UTC 2018
------------------ testing $PTII/ptolemy/domains/de/test/auto/ResettableTimer6.xml
auto.tcl: Setting watchdog for 200 seconds at Thu Jun 14 22:52:10 UTC 2018
2 ms. Memory: 156672K Free: 145938K (93%)
ptolemy.util.test.WatchDog.cancel(): canceling Thu Jun 14 22:52:10 UTC 2018
auto.tcl: Setting watchdog for 200 seconds at Thu Jun 14 22:52:10 UTC 2018
2 ms. Memory: 156672K Free: 144773K (92%)
ptolemy.util.test.WatchDog.cancel(): canceling Thu Jun 14 22:52:10 UTC 2018
------------------ testing $PTII/ptolemy/domains/de/test/auto/ServerZeroDelay.xml
auto.tcl: Setting watchdog for 200 seconds at Thu Jun 14 22:52:10 UTC 2018
5 ms. Memory: 156160K Free: 146580K (94%)
ptolemy.util.test.WatchDog.cancel(): canceling Thu Jun 14 22:52:10 UTC 2018
auto.tcl: Setting watchdog for 200 seconds at Thu Jun 14 22:52:10 UTC 2018
2 ms. Memory: 156160K Free: 145414K (93%)
ptolemy.util.test.WatchDog.cancel(): canceling Thu Jun 14 22:52:10 UTC 2018
------------------ testing $PTII/ptolemy/domains/de/test/auto/SmartSender.xml
auto.tcl: Setting watchdog for 200 seconds at Thu Jun 14 22:52:10 UTC 2018
3002 ms. Memory: 156672K Free: 145953K (93%)
ptolemy.util.test.WatchDog.cancel(): canceling Thu Jun 14 22:52:13 UTC 2018
auto.tcl: Setting watchdog for 200 seconds at Thu Jun 14 22:52:13 UTC 2018
3001 ms. Memory: 156672K Free: 145953K (93%)
ptolemy.util.test.WatchDog.cancel(): canceling Thu Jun 14 22:52:16 UTC 2018
------------------ testing $PTII/ptolemy/domains/de/test/auto/ThreadedComposite.xml
auto.tcl: Setting watchdog for 200 seconds at Thu Jun 14 22:52:16 UTC 2018
277 ms. Memory: 156160K Free: 125359K (80%)
ptolemy.util.test.WatchDog.cancel(): canceling Thu Jun 14 22:52:16 UTC 2018
auto.tcl: Setting watchdog for 200 seconds at Thu Jun 14 22:52:16 UTC 2018
173 ms. Memory: 156160K Free: 110623K (71%)
ptolemy.util.test.WatchDog.cancel(): canceling Thu Jun 14 22:52:16 UTC 2018
------------------ testing $PTII/ptolemy/domains/de/test/auto/Time.xml
auto.tcl: Setting watchdog for 200 seconds at Thu Jun 14 22:52:17 UTC 2018
542 ms. Memory: 156160K Free: 92541K (59%)
ptolemy.util.test.WatchDog.cancel(): canceling Thu Jun 14 22:52:17 UTC 2018
auto.tcl: Setting watchdog for 200 seconds at Thu Jun 14 22:52:17 UTC 2018
498 ms. Memory: 153600K Free: 111795K (73%)
ptolemy.util.test.WatchDog.cancel(): canceling Thu Jun 14 22:52:18 UTC 2018
------------------ testing $PTII/ptolemy/domains/de/test/auto/TimeDelayZeroDelay.xml
auto.tcl: Setting watchdog for 200 seconds at Thu Jun 14 22:52:18 UTC 2018
3 ms. Memory: 153600K Free: 144196K (94%)
ptolemy.util.test.WatchDog.cancel(): canceling Thu Jun 14 22:52:18 UTC 2018
auto.tcl: Setting watchdog for 200 seconds at Thu Jun 14 22:52:18 UTC 2018
2 ms. Memory: 153600K Free: 144196K (94%)
ptolemy.util.test.WatchDog.cancel(): canceling Thu Jun 14 22:52:18 UTC 2018
------------------ testing $PTII/ptolemy/domains/de/test/auto/TimerZeroDelay.xml
auto.tcl: Setting watchdog for 200 seconds at Thu Jun 14 22:52:18 UTC 2018
4 ms. Memory: 153600K Free: 144278K (94%)
ptolemy.util.test.WatchDog.cancel(): canceling Thu Jun 14 22:52:18 UTC 2018
auto.tcl: Setting watchdog for 200 seconds at Thu Jun 14 22:52:18 UTC 2018
2 ms. Memory: 153600K Free: 144278K (94%)
ptolemy.util.test.WatchDog.cancel(): canceling Thu Jun 14 22:52:18 UTC 2018
------------------ testing $PTII/ptolemy/domains/de/test/auto/TimingParadox.xml
auto.tcl: Setting watchdog for 200 seconds at Thu Jun 14 22:52:18 UTC 2018
365 ms. Memory: 153600K Free: 77965K (51%)
ptolemy.util.test.WatchDog.cancel(): canceling Thu Jun 14 22:52:18 UTC 2018
auto.tcl: Setting watchdog for 200 seconds at Thu Jun 14 22:52:18 UTC 2018
346 ms. Memory: 151552K Free: 112381K (74%)
ptolemy.util.test.WatchDog.cancel(): canceling Thu Jun 14 22:52:19 UTC 2018
------------------ testing $PTII/ptolemy/domains/de/test/auto/TransferInputs.xml
auto.tcl: Setting watchdog for 200 seconds at Thu Jun 14 22:52:19 UTC 2018
1 ms. Memory: 152064K Free: 140514K (92%)
ptolemy.util.test.WatchDog.cancel(): canceling Thu Jun 14 22:52:19 UTC 2018
auto.tcl: Setting watchdog for 200 seconds at Thu Jun 14 22:52:19 UTC 2018
1 ms. Memory: 152064K Free: 139622K (92%)
ptolemy.util.test.WatchDog.cancel(): canceling Thu Jun 14 22:52:19 UTC 2018
------------------ testing $PTII/ptolemy/domains/de/test/auto/TransferOutputs2.xml
auto.tcl: Setting watchdog for 200 seconds at Thu Jun 14 22:52:19 UTC 2018
6 ms. Memory: 151552K Free: 138431K (91%)
ptolemy.util.test.WatchDog.cancel(): canceling Thu Jun 14 22:52:19 UTC 2018
auto.tcl: Setting watchdog for 200 seconds at Thu Jun 14 22:52:19 UTC 2018
3 ms. Memory: 151552K Free: 136671K (90%)
ptolemy.util.test.WatchDog.cancel(): canceling Thu Jun 14 22:52:19 UTC 2018
------------------ testing $PTII/ptolemy/domains/de/test/auto/Trilateration.xml
auto.tcl: Setting watchdog for 200 seconds at Thu Jun 14 22:52:19 UTC 2018
12957 ms. Memory: 326144K Free: 173685K (53%)
ptolemy.util.test.WatchDog.cancel(): canceling Thu Jun 14 22:52:33 UTC 2018
auto.tcl: Setting watchdog for 200 seconds at Thu Jun 14 22:52:33 UTC 2018
10620 ms. Memory: 216064K Free: 96494K (45%)
ptolemy.util.test.WatchDog.cancel(): canceling Thu Jun 14 22:52:44 UTC 2018
------------------ testing $PTII/ptolemy/domains/de/test/auto/TwoSigmaDelta.xml
auto.tcl: Setting watchdog for 200 seconds at Thu Jun 14 22:52:44 UTC 2018
2669 ms. Memory: 204800K Free: 175897K (86%)
ptolemy.util.test.WatchDog.cancel(): canceling Thu Jun 14 22:52:47 UTC 2018
auto.tcl: Setting watchdog for 200 seconds at Thu Jun 14 22:52:47 UTC 2018
2173 ms. Memory: 201216K Free: 68476K (34%)
ptolemy.util.test.WatchDog.cancel(): canceling Thu Jun 14 22:52:49 UTC 2018
------------------ testing $PTII/ptolemy/domains/de/test/auto/VariableDelay.xml
auto.tcl: Setting watchdog for 200 seconds at Thu Jun 14 22:52:49 UTC 2018
6 ms. Memory: 200192K Free: 188611K (94%)
ptolemy.util.test.WatchDog.cancel(): canceling Thu Jun 14 22:52:49 UTC 2018
auto.tcl: Setting watchdog for 200 seconds at Thu Jun 14 22:52:49 UTC 2018
2 ms. Memory: 200192K Free: 186594K (93%)
ptolemy.util.test.WatchDog.cancel(): canceling Thu Jun 14 22:52:49 UTC 2018
------------------ testing $PTII/ptolemy/domains/de/test/auto/VariableDelay2.xml
auto.tcl: Setting watchdog for 200 seconds at Thu Jun 14 22:52:49 UTC 2018
7 ms. Memory: 200704K Free: 190720K (95%)
ptolemy.util.test.WatchDog.cancel(): canceling Thu Jun 14 22:52:49 UTC 2018
auto.tcl: Setting watchdog for 200 seconds at Thu Jun 14 22:52:49 UTC 2018
2 ms. Memory: 200704K Free: 188694K (94%)
ptolemy.util.test.WatchDog.cancel(): canceling Thu Jun 14 22:52:49 UTC 2018
------------------ testing $PTII/ptolemy/domains/de/test/auto/VariableDelayZeroDelay.xml
auto.tcl: Setting watchdog for 200 seconds at Thu Jun 14 22:52:49 UTC 2018
2 ms. Memory: 200192K Free: 189019K (94%)
ptolemy.util.test.WatchDog.cancel(): canceling Thu Jun 14 22:52:49 UTC 2018
auto.tcl: Setting watchdog for 200 seconds at Thu Jun 14 22:52:49 UTC 2018
2 ms. Memory: 200192K Free: 189019K (94%)
ptolemy.util.test.WatchDog.cancel(): canceling Thu Jun 14 22:52:49 UTC 2018
------------------ testing $PTII/ptolemy/domains/de/test/auto/VariableDelayZeroDelay2.xml
auto.tcl: Setting watchdog for 200 seconds at Thu Jun 14 22:52:49 UTC 2018
2 ms. Memory: 200704K Free: 189545K (94%)
ptolemy.util.test.WatchDog.cancel(): canceling Thu Jun 14 22:52:49 UTC 2018
auto.tcl: Setting watchdog for 200 seconds at Thu Jun 14 22:52:49 UTC 2018
2 ms. Memory: 200704K Free: 187535K (93%)
ptolemy.util.test.WatchDog.cancel(): canceling Thu Jun 14 22:52:49 UTC 2018
------------------ testing $PTII/ptolemy/domains/de/test/auto/deInCt.xml
auto.tcl: Setting watchdog for 200 seconds at Thu Jun 14 22:52:49 UTC 2018
0
1
1
1
1
1
1
1
0
0
0
0
1
1
1
0
0
0
0
1
1
1
0
0
0
1
1
0
0
0
0
17 ms. Memory: 200192K Free: 187011K (93%)
ptolemy.util.test.WatchDog.cancel(): canceling Thu Jun 14 22:52:49 UTC 2018
auto.tcl: Setting watchdog for 200 seconds at Thu Jun 14 22:52:49 UTC 2018
0
1
1
1
0
0
0
1
1
1
1
1
1
0
0
0
0
1
1
1
0
0
0
1
1
0
0
0
1
1
1
0
0
0
1
1
1
1
0
0
0
0
6 ms. Memory: 200192K Free: 187011K (93%)
ptolemy.util.test.WatchDog.cancel(): canceling Thu Jun 14 22:52:49 UTC 2018
------------------ testing $PTII/ptolemy/domains/de/test/auto/deInCt2.xml
auto.tcl: Setting watchdog for 200 seconds at Thu Jun 14 22:52:49 UTC 2018
0
1
1
1
0
0
1
1
1
0
0
1
1
1
0
0
1
1
1
0
0
1
1
1
0
0
1
1
1
0
0
1
1
1
0
0
1
1
1
0
0
0
11 ms. Memory: 200704K Free: 189526K (94%)
ptolemy.util.test.WatchDog.cancel(): canceling Thu Jun 14 22:52:49 UTC 2018
auto.tcl: Setting watchdog for 200 seconds at Thu Jun 14 22:52:49 UTC 2018
0
1
1
1
0
0
1
1
1
0
0
1
1
1
0
0
1
1
1
0
0
1
1
1
0
0
1
1
1
0
0
1
1
1
0
0
1
1
1
0
0
0
12 ms. Memory: 200704K Free: 187517K (93%)
ptolemy.util.test.WatchDog.cancel(): canceling Thu Jun 14 22:52:49 UTC 2018
------------------ testing $PTII/ptolemy/domains/de/test/auto/dynamicCausalityInterface1.xml
auto.tcl: Setting watchdog for 200 seconds at Thu Jun 14 22:52:49 UTC 2018
3 ms. Memory: 200192K Free: 182966K (91%)
ptolemy.util.test.WatchDog.cancel(): canceling Thu Jun 14 22:52:49 UTC 2018
auto.tcl: Setting watchdog for 200 seconds at Thu Jun 14 22:52:49 UTC 2018
1 ms. Memory: 200192K Free: 180956K (90%)
ptolemy.util.test.WatchDog.cancel(): canceling Thu Jun 14 22:52:49 UTC 2018
------------------ testing $PTII/ptolemy/domains/de/test/auto/fsm_de_test.xml
auto.tcl: Setting watchdog for 200 seconds at Thu Jun 14 22:52:49 UTC 2018
13 ms. Memory: 200704K Free: 183388K (91%)
ptolemy.util.test.WatchDog.cancel(): canceling Thu Jun 14 22:52:49 UTC 2018
auto.tcl: Setting watchdog for 200 seconds at Thu Jun 14 22:52:49 UTC 2018
7 ms. Memory: 200704K Free: 183388K (91%)
ptolemy.util.test.WatchDog.cancel(): canceling Thu Jun 14 22:52:49 UTC 2018
------------------ testing $PTII/ptolemy/domains/de/test/auto/functionDependencyReconstruction.xml
auto.tcl: Setting watchdog for 200 seconds at Thu Jun 14 22:52:49 UTC 2018
3 ms. Memory: 200192K Free: 176798K (88%)
ptolemy.util.test.WatchDog.cancel(): canceling Thu Jun 14 22:52:49 UTC 2018
auto.tcl: Setting watchdog for 200 seconds at Thu Jun 14 22:52:49 UTC 2018
3 ms. Memory: 200192K Free: 174789K (87%)
ptolemy.util.test.WatchDog.cancel(): canceling Thu Jun 14 22:52:49 UTC 2018
------------------ testing $PTII/ptolemy/domains/de/test/auto/multirate.xml
auto.tcl: Setting watchdog for 200 seconds at Thu Jun 14 22:52:50 UTC 2018
6 ms. Memory: 200704K Free: 188469K (94%)
ptolemy.util.test.WatchDog.cancel(): canceling Thu Jun 14 22:52:50 UTC 2018
auto.tcl: Setting watchdog for 200 seconds at Thu Jun 14 22:52:50 UTC 2018
3 ms. Memory: 200704K Free: 186444K (93%)
ptolemy.util.test.WatchDog.cancel(): canceling Thu Jun 14 22:52:50 UTC 2018
------------------ testing $PTII/ptolemy/domains/de/test/auto/multirate2.xml
auto.tcl: Setting watchdog for 200 seconds at Thu Jun 14 22:52:50 UTC 2018
3 ms. Memory: 200192K Free: 186966K (93%)
ptolemy.util.test.WatchDog.cancel(): canceling Thu Jun 14 22:52:50 UTC 2018
auto.tcl: Setting watchdog for 200 seconds at Thu Jun 14 22:52:50 UTC 2018
3 ms. Memory: 200192K Free: 184940K (92%)
ptolemy.util.test.WatchDog.cancel(): canceling Thu Jun 14 22:52:50 UTC 2018
------------------ testing $PTII/ptolemy/domains/de/test/auto/realtime.xml
auto.tcl: Setting watchdog for 200 seconds at Thu Jun 14 22:52:50 UTC 2018
10001 ms. Memory: 200704K Free: 189476K (94%)
ptolemy.util.test.WatchDog.cancel(): canceling Thu Jun 14 22:53:00 UTC 2018
auto.tcl: Setting watchdog for 200 seconds at Thu Jun 14 22:53:00 UTC 2018
10001 ms. Memory: 200704K Free: 187450K (93%)
ptolemy.util.test.WatchDog.cancel(): canceling Thu Jun 14 22:53:10 UTC 2018
------------------ testing $PTII/ptolemy/domains/de/test/auto/relationGroup.xml
auto.tcl: Setting watchdog for 200 seconds at Thu Jun 14 22:53:10 UTC 2018
1 ms. Memory: 200192K Free: 190171K (95%)
ptolemy.util.test.WatchDog.cancel(): canceling Thu Jun 14 22:53:10 UTC 2018
auto.tcl: Setting watchdog for 200 seconds at Thu Jun 14 22:53:10 UTC 2018
1 ms. Memory: 200192K Free: 190171K (95%)
ptolemy.util.test.WatchDog.cancel(): canceling Thu Jun 14 22:53:10 UTC 2018
------------------ testing $PTII/ptolemy/domains/de/test/auto/relationGroup2.xml
auto.tcl: Setting watchdog for 200 seconds at Thu Jun 14 22:53:10 UTC 2018
1 ms. Memory: 200704K Free: 189523K (94%)
ptolemy.util.test.WatchDog.cancel(): canceling Thu Jun 14 22:53:10 UTC 2018
auto.tcl: Setting watchdog for 200 seconds at Thu Jun 14 22:53:10 UTC 2018
1 ms. Memory: 200704K Free: 189523K (94%)
ptolemy.util.test.WatchDog.cancel(): canceling Thu Jun 14 22:53:10 UTC 2018
------------------ testing $PTII/ptolemy/domains/de/test/auto/sortWithOpaquePorts.xml
auto.tcl: Setting watchdog for 200 seconds at Thu Jun 14 22:53:10 UTC 2018
1 ms. Memory: 200192K Free: 189027K (94%)
ptolemy.util.test.WatchDog.cancel(): canceling Thu Jun 14 22:53:10 UTC 2018
auto.tcl: Setting watchdog for 200 seconds at Thu Jun 14 22:53:10 UTC 2018
1 ms. Memory: 200192K Free: 187002K (93%)
ptolemy.util.test.WatchDog.cancel(): canceling Thu Jun 14 22:53:10 UTC 2018
------------------ testing $PTII/ptolemy/domains/de/test/auto/transferInputsandOutputs.xml
auto.tcl: Setting watchdog for 200 seconds at Thu Jun 14 22:53:10 UTC 2018
3 ms. Memory: 200192K Free: 186989K (93%)
ptolemy.util.test.WatchDog.cancel(): canceling Thu Jun 14 22:53:10 UTC 2018
auto.tcl: Setting watchdog for 200 seconds at Thu Jun 14 22:53:10 UTC 2018
2 ms. Memory: 200192K Free: 184964K (92%)
ptolemy.util.test.WatchDog.cancel(): canceling Thu Jun 14 22:53:10 UTC 2018
------------------ testing $PTII/ptolemy/domains/de/test/auto/triggerType.xml
auto.tcl: Setting watchdog for 200 seconds at Thu Jun 14 22:53:10 UTC 2018
1 ms. Memory: 200192K Free: 188965K (94%)
ptolemy.util.test.WatchDog.cancel(): canceling Thu Jun 14 22:53:10 UTC 2018
auto.tcl: Setting watchdog for 200 seconds at Thu Jun 14 22:53:10 UTC 2018
2 ms. Memory: 200192K Free: 186956K (93%)
ptolemy.util.test.WatchDog.cancel(): canceling Thu Jun 14 22:53:10 UTC 2018
06/14/18 10:53:10
Failed: 0  Total Tests: 192  ((Passed: 187, Newly Passed: 1)  Known Failed: 5) /home/travis/build/icyphy/ptII/ptolemy/domains/de/test
06/14/18 10:53:10
Failed: 0  Total Tests: 192  ((Passed: 187, Newly Passed: 1)  Known Failed: 5) /home/travis/build/icyphy/ptII/ptolemy/domains/de/test
----------------- testing (KnownFailure) /home/travis/build/icyphy/ptII/ptolemy/domains/de/test/auto/knownFailedTests/DESDFClockTest.xml
2008 ms. Memory: 200192K Free: 179134K (89%)
Known Failure: java.lang.reflect.InvocationTargetException
----------------- testing (KnownFailure) /home/travis/build/icyphy/ptII/ptolemy/domains/de/test/auto/knownFailedTests/DirectFeedback.xml
1 ms. Memory: 200192K Free: 169631K (85%)
Known Failure: java.lang.reflect.InvocationTargetException
----------------- testing (KnownFailure) /home/travis/build/icyphy/ptII/ptolemy/domains/de/test/auto/knownFailedTests/FSMSource.xml
5 ms. Memory: 200192K Free: 155344K (78%)
----------------- testing (KnownFailure) /home/travis/build/icyphy/ptII/ptolemy/domains/de/test/auto/knownFailedTests/HierarchicalModel.xml
4 ms. Memory: 200192K Free: 136289K (68%)
Known Failure: java.lang.reflect.InvocationTargetException
----------------- testing (KnownFailure) /home/travis/build/icyphy/ptII/ptolemy/domains/de/test/auto/knownFailedTests/dependencyLoop.xml
2 ms. Memory: 200192K Free: 112515K (56%)
Known Failure: java.lang.reflect.InvocationTargetException
----------------- testing (KnownFailure) /home/travis/build/icyphy/ptII/ptolemy/domains/de/test/auto/knownFailedTests/dependencyLoop2.xml
3 ms. Memory: 200192K Free: 88694K (44%)
Known Failure: java.lang.reflect.InvocationTargetException
No auto/linux-amd64/*.xml tests in /home/travis/build/icyphy/ptII/ptolemy/domains/de/test
AutoTests.java: About to close Vertx.
AutoTests.java: Vertx closed.

===========================================================================================
----------------- testing Thu Jun 14 22:53:12 UTC 2018 /home/travis/build/icyphy/ptII/ptolemy/domains/de/test/auto/ActorDepthCalculation_actorWithoutPorts.xml
----------------- Instantiating /home/travis/build/icyphy/ptII/ptolemy/domains/de/test/auto/ActorDepthCalculation_actorWithoutPorts.xml
5 ms. Memory: 195584K Free: 189341K (97%)
----------------- Invoking toplevel() on ptolemy.moml.MoMLSimpleApplication@4df848f9
----------------- Done invoking toplevel() on ptolemy.moml.MoMLSimpleApplication@4df848f9
reloadAllAccessors: .ActorDepthCalculation_actorWithoutPorts

===========================================================================================
----------------- testing Thu Jun 14 22:53:12 UTC 2018 /home/travis/build/icyphy/ptII/ptolemy/domains/de/test/auto/AssemblyLine.xml
----------------- Instantiating /home/travis/build/icyphy/ptII/ptolemy/domains/de/test/auto/AssemblyLine.xml
5 ms. Memory: 195584K Free: 178904K (91%)
----------------- Invoking toplevel() on ptolemy.moml.MoMLSimpleApplication@22a20461
----------------- Done invoking toplevel() on ptolemy.moml.MoMLSimpleApplication@22a20461
reloadAllAccessors: .AssemblyLine

===========================================================================================
----------------- testing Thu Jun 14 22:53:12 UTC 2018 /home/travis/build/icyphy/ptII/ptolemy/domains/de/test/auto/CQBug1.xml
----------------- Instantiating /home/travis/build/icyphy/ptII/ptolemy/domains/de/test/auto/CQBug1.xml
1 ms. Memory: 195584K Free: 174329K (89%)
----------------- Invoking toplevel() on ptolemy.moml.MoMLSimpleApplication@5728d969
----------------- Done invoking toplevel() on ptolemy.moml.MoMLSimpleApplication@5728d969
reloadAllAccessors: .CQBug1

===========================================================================================
----------------- testing Thu Jun 14 22:53:12 UTC 2018 /home/travis/build/icyphy/ptII/ptolemy/domains/de/test/auto/CancelFireAt.xml
----------------- Instantiating /home/travis/build/icyphy/ptII/ptolemy/domains/de/test/auto/CancelFireAt.xml
1 ms. Memory: 195584K Free: 169632K (87%)
----------------- Invoking toplevel() on ptolemy.moml.MoMLSimpleApplication@2507cab8
----------------- Done invoking toplevel() on ptolemy.moml.MoMLSimpleApplication@2507cab8
reloadAllAccessors: .CancelFireAt

===========================================================================================
----------------- testing Thu Jun 14 22:53:12 UTC 2018 /home/travis/build/icyphy/ptII/ptolemy/domains/de/test/auto/CausalityAndComposabilityAnalysis.xml
----------------- Instantiating /home/travis/build/icyphy/ptII/ptolemy/domains/de/test/auto/CausalityAndComposabilityAnalysis.xml
1 ms. Memory: 195584K Free: 163891K (84%)
----------------- Invoking toplevel() on ptolemy.moml.MoMLSimpleApplication@202de1e3
----------------- Done invoking toplevel() on ptolemy.moml.MoMLSimpleApplication@202de1e3
reloadAllAccessors: .CausalityAndComposabilityAnalysis

===========================================================================================
----------------- testing Thu Jun 14 22:53:12 UTC 2018 /home/travis/build/icyphy/ptII/ptolemy/domains/de/test/auto/CausalityInterface1.xml
----------------- Instantiating /home/travis/build/icyphy/ptII/ptolemy/domains/de/test/auto/CausalityInterface1.xml
3 ms. Memory: 195584K Free: 158182K (81%)
----------------- Invoking toplevel() on ptolemy.moml.MoMLSimpleApplication@c06648e
----------------- Done invoking toplevel() on ptolemy.moml.MoMLSimpleApplication@c06648e
reloadAllAccessors: .CausalityInterface1

===========================================================================================
----------------- testing Thu Jun 14 22:53:12 UTC 2018 /home/travis/build/icyphy/ptII/ptolemy/domains/de/test/auto/CausalityInterface15.xml
----------------- Instantiating /home/travis/build/icyphy/ptII/ptolemy/domains/de/test/auto/CausalityInterface15.xml
2 ms. Memory: 195584K Free: 150052K (77%)
----------------- Invoking toplevel() on ptolemy.moml.MoMLSimpleApplication@245afc6
----------------- Done invoking toplevel() on ptolemy.moml.MoMLSimpleApplication@245afc6
reloadAllAccessors: .CausalityInterface15

[...]
java.lang.RuntimeException: Execution failed
	at ptolemy.moml.MoMLSimpleApplication$UnloadThread.run(MoMLSimpleApplication.java:402)
Caused by: ptolemy.kernel.util.IllegalActionException: Test fails in iteration 1.
Value was: 1.0. Should have been: 2.0
  in .DirectFeedback.Test
	at ptolemy.actor.lib.Test.fire(Test.java:268)
	at ptolemy.domains.de.kernel.DEDirector._fire(DEDirector.java:1949)
	at ptolemy.domains.de.kernel.DEDirector.fire(DEDirector.java:502)
	at ptolemy.actor.CompositeActor.fire(CompositeActor.java:455)
	at ptolemy.actor.Manager.iterate(Manager.java:851)
	at ptolemy.actor.Manager.execute(Manager.java:369)
	at ptolemy.actor.Manager.run(Manager.java:1263)
	at ptolemy.actor.Manager$PtolemyRunThread.run(Manager.java:1915)
java.lang.RuntimeException: Execution failed
	at ptolemy.moml.MoMLSimpleApplication$UnloadThread.run(MoMLSimpleApplication.java:402)
Caused by: ptolemy.kernel.util.IllegalActionException: Actor is not ready to fire.  Perhaps UpSample.prefire() returned false? Try debugging the actor by selecting "Listen to Actor".  Also, for SDF check moml for tokenConsumptionRate on input.
  in .DESDFClockTest.Play Bell.Copy1:SDF Director and .DESDFClockTest.Play Bell.UpSample
	at ptolemy.actor.sched.StaticSchedulingDirector.fire(StaticSchedulingDirector.java:227)
	at ptolemy.domains.sdf.kernel.SDFDirector.fire(SDFDirector.java:500)
	at ptolemy.actor.CompositeActor.fire(CompositeActor.java:455)
	at ptolemy.domains.de.kernel.DEDirector._fire(DEDirector.java:1949)
	at ptolemy.domains.de.kernel.DEDirector.fire(DEDirector.java:502)
	at ptolemy.actor.CompositeActor.fire(CompositeActor.java:455)
	at ptolemy.actor.Manager.iterate(Manager.java:851)
	at ptolemy.actor.Manager.execute(Manager.java:369)
	at ptolemy.actor.Manager.run(Manager.java:1263)
	at ptolemy.actor.Manager$PtolemyRunThread.run(Manager.java:1915)
java.lang.reflect.InvocationTargetException
	at sun.reflect.NativeConstructorAccessorImpl.newInstance0(Native Method)
	at sun.reflect.NativeConstructorAccessorImpl.newInstance(NativeConstructorAccessorImpl.java:62)
	at sun.reflect.DelegatingConstructorAccessorImpl.newInstance(DelegatingConstructorAccessorImpl.java:45)
	at java.lang.reflect.Constructor.newInstance(Constructor.java:423)
	at ptolemy.util.test.junit.AutoKnownFailedTests.RunModel(AutoKnownFailedTests.java:107)
	at sun.reflect.NativeMethodAccessorImpl.invoke0(Native Method)
	at sun.reflect.NativeMethodAccessorImpl.invoke(NativeMethodAccessorImpl.java:62)
	at sun.reflect.DelegatingMethodAccessorImpl.invoke(DelegatingMethodAccessorImpl.java:43)
	at java.lang.reflect.Method.invoke(Method.java:498)
	at org.junit.runners.model.FrameworkMethod$1.runReflectiveCall(FrameworkMethod.java:44)
	at org.junit.internal.runners.model.ReflectiveCallable.run(ReflectiveCallable.java:15)
	at org.junit.runners.model.FrameworkMethod.invokeExplosively(FrameworkMethod.java:41)
	at junitparams.internal.InvokeParameterisedMethod.evaluate(InvokeParameterisedMethod.java:102)
	at org.junit.internal.runners.statements.FailOnTimeout$1.run(FailOnTimeout.java:28)
Caused by: ptolemy.kernel.util.IllegalActionException: Actor is not ready to fire.  Perhaps UpSample.prefire() returned false? Try debugging the actor by selecting "Listen to Actor".  Also, for SDF check moml for tokenConsumptionRate on input.
  in .DESDFClockTest.Play Bell.Copy1:SDF Director and .DESDFClockTest.Play Bell.UpSample
	at ptolemy.actor.sched.StaticSchedulingDirector.fire(StaticSchedulingDirector.java:227)
	at ptolemy.domains.sdf.kernel.SDFDirector.fire(SDFDirector.java:500)
	at ptolemy.actor.CompositeActor.fire(CompositeActor.java:455)
	at ptolemy.domains.de.kernel.DEDirector._fire(DEDirector.java:1949)
	at ptolemy.domains.de.kernel.DEDirector.fire(DEDirector.java:502)
	at ptolemy.actor.CompositeActor.fire(CompositeActor.java:455)
	at ptolemy.actor.Manager.iterate(Manager.java:851)
	at ptolemy.actor.Manager.execute(Manager.java:369)
	at ptolemy.actor.Manager.run(Manager.java:1263)
	at ptolemy.actor.Manager$PtolemyRunThread.run(Manager.java:1915)
java.lang.RuntimeException: Execution failed
	at ptolemy.moml.MoMLSimpleApplication$UnloadThread.run(MoMLSimpleApplication.java:402)
Caused by: ptolemy.kernel.util.IllegalActionException: Test fails in iteration 1.
Value was: 1.0. Should have been: 2.0
  in .DirectFeedback.Test
	at ptolemy.actor.lib.Test.fire(Test.java:268)
	at ptolemy.domains.de.kernel.DEDirector._fire(DEDirector.java:1949)
	at ptolemy.domains.de.kernel.DEDirector.fire(DEDirector.java:502)
	at ptolemy.actor.CompositeActor.fire(CompositeActor.java:455)
	at ptolemy.actor.Manager.iterate(Manager.java:851)
	at ptolemy.actor.Manager.execute(Manager.java:369)
	at ptolemy.actor.Manager.run(Manager.java:1263)
	at ptolemy.actor.Manager$PtolemyRunThread.run(Manager.java:1915)
java.lang.reflect.InvocationTargetException
	at sun.reflect.NativeConstructorAccessorImpl.newInstance0(Native Method)
	at sun.reflect.NativeConstructorAccessorImpl.newInstance(NativeConstructorAccessorImpl.java:62)
	at sun.reflect.DelegatingConstructorAccessorImpl.newInstance(DelegatingConstructorAccessorImpl.java:45)
	at java.lang.reflect.Constructor.newInstance(Constructor.java:423)
	at ptolemy.util.test.junit.AutoKnownFailedTests.RunModel(AutoKnownFailedTests.java:107)
	at sun.reflect.NativeMethodAccessorImpl.invoke0(Native Method)
	at sun.reflect.NativeMethodAccessorImpl.invoke(NativeMethodAccessorImpl.java:62)
	at sun.reflect.DelegatingMethodAccessorImpl.invoke(DelegatingMethodAccessorImpl.java:43)
	at java.lang.reflect.Method.invoke(Method.java:498)
	at org.junit.runners.model.FrameworkMethod$1.runReflectiveCall(FrameworkMethod.java:44)
	at org.junit.internal.runners.model.ReflectiveCallable.run(ReflectiveCallable.java:15)
	at org.junit.runners.model.FrameworkMethod.invokeExplosively(FrameworkMethod.java:41)
	at junitparams.internal.InvokeParameterisedMethod.evaluate(InvokeParameterisedMethod.java:102)
	at org.junit.internal.runners.statements.FailOnTimeout$1.run(FailOnTimeout.java:28)
Caused by: ptolemy.kernel.util.IllegalActionException: Test fails in iteration 1.
Value was: 1.0. Should have been: 2.0
  in .DirectFeedback.Test
	at ptolemy.actor.lib.Test.fire(Test.java:268)
	at ptolemy.domains.de.kernel.DEDirector._fire(DEDirector.java:1949)
	at ptolemy.domains.de.kernel.DEDirector.fire(DEDirector.java:502)
	at ptolemy.actor.CompositeActor.fire(CompositeActor.java:455)
	at ptolemy.actor.Manager.iterate(Manager.java:851)
	at ptolemy.actor.Manager.execute(Manager.java:369)
	at ptolemy.actor.Manager.run(Manager.java:1263)
	at ptolemy.actor.Manager$PtolemyRunThread.run(Manager.java:1915)
java.lang.RuntimeException: Execution failed
	at ptolemy.moml.MoMLSimpleApplication$UnloadThread.run(MoMLSimpleApplication.java:402)
Caused by: ptolemy.kernel.util.IllegalActionException: Found a zero delay loop containing .HierarchicalModel.A
  in .HierarchicalModel and .HierarchicalModel.A
	at ptolemy.actor.util.CausalityInterfaceForComposites._computeOutputPortDepth(CausalityInterfaceForComposites.java:759)
	at ptolemy.actor.util.CausalityInterfaceForComposites._computeInputDepth(CausalityInterfaceForComposites.java:696)
	at ptolemy.actor.util.CausalityInterfaceForComposites._computeOutputPortDepth(CausalityInterfaceForComposites.java:765)
	at ptolemy.actor.util.CausalityInterfaceForComposites._computeInputDepth(CausalityInterfaceForComposites.java:696)
	at ptolemy.actor.util.CausalityInterfaceForComposites._computeOutputPortDepth(CausalityInterfaceForComposites.java:765)
	at ptolemy.actor.util.CausalityInterfaceForComposites._computeInputDepth(CausalityInterfaceForComposites.java:696)
	at ptolemy.actor.util.CausalityInterfaceForComposites._computeActorDepth(CausalityInterfaceForComposites.java:532)
	at ptolemy.actor.util.CausalityInterfaceForComposites.checkForCycles(CausalityInterfaceForComposites.java:96)
	at ptolemy.domains.de.kernel.DEDirector.preinitialize(DEDirector.java:1338)
	at ptolemy.actor.CompositeActor.preinitialize(CompositeActor.java:1828)
	at ptolemy.actor.Manager.preinitializeAndResolveTypes(Manager.java:1040)
	at ptolemy.actor.Manager.initialize(Manager.java:710)
	at ptolemy.actor.Manager.execute(Manager.java:356)
	at ptolemy.actor.Manager.run(Manager.java:1263)
	at ptolemy.actor.Manager$PtolemyRunThread.run(Manager.java:1915)
java.lang.reflect.InvocationTargetException
	at sun.reflect.NativeConstructorAccessorImpl.newInstance0(Native Method)
	at sun.reflect.NativeConstructorAccessorImpl.newInstance(NativeConstructorAccessorImpl.java:62)
	at sun.reflect.DelegatingConstructorAccessorImpl.newInstance(DelegatingConstructorAccessorImpl.java:45)
	at java.lang.reflect.Constructor.newInstance(Constructor.java:423)
	at ptolemy.util.test.junit.AutoKnownFailedTests.RunModel(AutoKnownFailedTests.java:107)
	at sun.reflect.NativeMethodAccessorImpl.invoke0(Native Method)
	at sun.reflect.NativeMethodAccessorImpl.invoke(NativeMethodAccessorImpl.java:62)
	at sun.reflect.DelegatingMethodAccessorImpl.invoke(DelegatingMethodAccessorImpl.java:43)
	at java.lang.reflect.Method.invoke(Method.java:498)
	at org.junit.runners.model.FrameworkMethod$1.runReflectiveCall(FrameworkMethod.java:44)
	at org.junit.internal.runners.model.ReflectiveCallable.run(ReflectiveCallable.java:15)
	at org.junit.runners.model.FrameworkMethod.invokeExplosively(FrameworkMethod.java:41)
	at junitparams.internal.InvokeParameterisedMethod.evaluate(InvokeParameterisedMethod.java:102)
	at org.junit.internal.runners.statements.FailOnTimeout$1.run(FailOnTimeout.java:28)
Caused by: ptolemy.kernel.util.IllegalActionException: Found a zero delay loop containing .HierarchicalModel.A
  in .HierarchicalModel and .HierarchicalModel.A
	at ptolemy.actor.util.CausalityInterfaceForComposites._computeOutputPortDepth(CausalityInterfaceForComposites.java:759)
	at ptolemy.actor.util.CausalityInterfaceForComposites._computeInputDepth(CausalityInterfaceForComposites.java:696)
	at ptolemy.actor.util.CausalityInterfaceForComposites._computeOutputPortDepth(CausalityInterfaceForComposites.java:765)
	at ptolemy.actor.util.CausalityInterfaceForComposites._computeInputDepth(CausalityInterfaceForComposites.java:696)
	at ptolemy.actor.util.CausalityInterfaceForComposites._computeOutputPortDepth(CausalityInterfaceForComposites.java:765)
	at ptolemy.actor.util.CausalityInterfaceForComposites._computeInputDepth(CausalityInterfaceForComposites.java:696)
	at ptolemy.actor.util.CausalityInterfaceForComposites._computeActorDepth(CausalityInterfaceForComposites.java:532)
	at ptolemy.actor.util.CausalityInterfaceForComposites.checkForCycles(CausalityInterfaceForComposites.java:96)
	at ptolemy.domains.de.kernel.DEDirector.preinitialize(DEDirector.java:1338)
	at ptolemy.actor.CompositeActor.preinitialize(CompositeActor.java:1828)
	at ptolemy.actor.Manager.preinitializeAndResolveTypes(Manager.java:1040)
	at ptolemy.actor.Manager.initialize(Manager.java:710)
	at ptolemy.actor.Manager.execute(Manager.java:356)
	at ptolemy.actor.Manager.run(Manager.java:1263)
	at ptolemy.actor.Manager$PtolemyRunThread.run(Manager.java:1915)
java.lang.RuntimeException: Execution failed
	at ptolemy.moml.MoMLSimpleApplication$UnloadThread.run(MoMLSimpleApplication.java:402)
Caused by: ptolemy.kernel.util.IllegalActionException: Found a zero delay loop containing .dependencyLoop.original
  in .dependencyLoop and .dependencyLoop.original
	at ptolemy.actor.util.CausalityInterfaceForComposites._computeOutputPortDepth(CausalityInterfaceForComposites.java:759)
	at ptolemy.actor.util.CausalityInterfaceForComposites._computeInputDepth(CausalityInterfaceForComposites.java:696)
	at ptolemy.actor.util.CausalityInterfaceForComposites._computeOutputPortDepth(CausalityInterfaceForComposites.java:765)
	at ptolemy.actor.util.CausalityInterfaceForComposites._computeInputDepth(CausalityInterfaceForComposites.java:696)
	at ptolemy.actor.util.CausalityInterfaceForComposites._computeOutputPortDepth(CausalityInterfaceForComposites.java:765)
	at ptolemy.actor.util.CausalityInterfaceForComposites._computeInputDepth(CausalityInterfaceForComposites.java:696)
	at ptolemy.actor.util.CausalityInterfaceForComposites._computeActorDepth(CausalityInterfaceForComposites.java:532)
	at ptolemy.actor.util.CausalityInterfaceForComposites.checkForCycles(CausalityInterfaceForComposites.java:96)
	at ptolemy.domains.de.kernel.DEDirector.preinitialize(DEDirector.java:1338)
	at ptolemy.actor.CompositeActor.preinitialize(CompositeActor.java:1828)
	at ptolemy.actor.Manager.preinitializeAndResolveTypes(Manager.java:1040)
	at ptolemy.actor.Manager.initialize(Manager.java:710)
	at ptolemy.actor.Manager.execute(Manager.java:356)
	at ptolemy.actor.Manager.run(Manager.java:1263)
	at ptolemy.actor.Manager$PtolemyRunThread.run(Manager.java:1915)
java.lang.reflect.InvocationTargetException
	at sun.reflect.NativeConstructorAccessorImpl.newInstance0(Native Method)
	at sun.reflect.NativeConstructorAccessorImpl.newInstance(NativeConstructorAccessorImpl.java:62)
	at sun.reflect.DelegatingConstructorAccessorImpl.newInstance(DelegatingConstructorAccessorImpl.java:45)
	at java.lang.reflect.Constructor.newInstance(Constructor.java:423)
	at ptolemy.util.test.junit.AutoKnownFailedTests.RunModel(AutoKnownFailedTests.java:107)
	at sun.reflect.NativeMethodAccessorImpl.invoke0(Native Method)
	at sun.reflect.NativeMethodAccessorImpl.invoke(NativeMethodAccessorImpl.java:62)
	at sun.reflect.DelegatingMethodAccessorImpl.invoke(DelegatingMethodAccessorImpl.java:43)
	at java.lang.reflect.Method.invoke(Method.java:498)
	at org.junit.runners.model.FrameworkMethod$1.runReflectiveCall(FrameworkMethod.java:44)
	at org.junit.internal.runners.model.ReflectiveCallable.run(ReflectiveCallable.java:15)
	at org.junit.runners.model.FrameworkMethod.invokeExplosively(FrameworkMethod.java:41)
	at junitparams.internal.InvokeParameterisedMethod.evaluate(InvokeParameterisedMethod.java:102)
	at org.junit.internal.runners.statements.FailOnTimeout$1.run(FailOnTimeout.java:28)
Caused by: ptolemy.kernel.util.IllegalActionException: Found a zero delay loop containing .dependencyLoop.original
  in .dependencyLoop and .dependencyLoop.original
	at ptolemy.actor.util.CausalityInterfaceForComposites._computeOutputPortDepth(CausalityInterfaceForComposites.java:759)
	at ptolemy.actor.util.CausalityInterfaceForComposites._computeInputDepth(CausalityInterfaceForComposites.java:696)
	at ptolemy.actor.util.CausalityInterfaceForComposites._computeOutputPortDepth(CausalityInterfaceForComposites.java:765)
	at ptolemy.actor.util.CausalityInterfaceForComposites._computeInputDepth(CausalityInterfaceForComposites.java:696)
	at ptolemy.actor.util.CausalityInterfaceForComposites._computeOutputPortDepth(CausalityInterfaceForComposites.java:765)
	at ptolemy.actor.util.CausalityInterfaceForComposites._computeInputDepth(CausalityInterfaceForComposites.java:696)
	at ptolemy.actor.util.CausalityInterfaceForComposites._computeActorDepth(CausalityInterfaceForComposites.java:532)
	at ptolemy.actor.util.CausalityInterfaceForComposites.checkForCycles(CausalityInterfaceForComposites.java:96)
	at ptolemy.domains.de.kernel.DEDirector.preinitialize(DEDirector.java:1338)
	at ptolemy.actor.CompositeActor.preinitialize(CompositeActor.java:1828)
	at ptolemy.actor.Manager.preinitializeAndResolveTypes(Manager.java:1040)
	at ptolemy.actor.Manager.initialize(Manager.java:710)
	at ptolemy.actor.Manager.execute(Manager.java:356)
	at ptolemy.actor.Manager.run(Manager.java:1263)
	at ptolemy.actor.Manager$PtolemyRunThread.run(Manager.java:1915)
java.lang.RuntimeException: Execution failed
	at ptolemy.moml.MoMLSimpleApplication$UnloadThread.run(MoMLSimpleApplication.java:402)
Caused by: ptolemy.kernel.util.IllegalActionException: Found a zero delay loop containing .dependencyLoop2.original
  in .dependencyLoop2 and .dependencyLoop2.original
	at ptolemy.actor.util.CausalityInterfaceForComposites._computeOutputPortDepth(CausalityInterfaceForComposites.java:759)
	at ptolemy.actor.util.CausalityInterfaceForComposites._computeInputDepth(CausalityInterfaceForComposites.java:696)
	at ptolemy.actor.util.CausalityInterfaceForComposites._computeOutputPortDepth(CausalityInterfaceForComposites.java:765)
	at ptolemy.actor.util.CausalityInterfaceForComposites._computeInputDepth(CausalityInterfaceForComposites.java:696)
	at ptolemy.actor.util.CausalityInterfaceForComposites._computeOutputPortDepth(CausalityInterfaceForComposites.java:765)
	at ptolemy.actor.util.CausalityInterfaceForComposites._computeInputDepth(CausalityInterfaceForComposites.java:696)
	at ptolemy.actor.util.CausalityInterfaceForComposites._computeActorDepth(CausalityInterfaceForComposites.java:532)
	at ptolemy.actor.util.CausalityInterfaceForComposites.checkForCycles(CausalityInterfaceForComposites.java:96)
	at ptolemy.domains.de.kernel.DEDirector.preinitialize(DEDirector.java:1338)
	at ptolemy.actor.CompositeActor.preinitialize(CompositeActor.java:1828)
	at ptolemy.actor.Manager.preinitializeAndResolveTypes(Manager.java:1040)
	at ptolemy.actor.Manager.initialize(Manager.java:710)
	at ptolemy.actor.Manager.execute(Manager.java:356)
	at ptolemy.actor.Manager.run(Manager.java:1263)
	at ptolemy.actor.Manager$PtolemyRunThread.run(Manager.java:1915)
java.lang.reflect.InvocationTargetException
	at sun.reflect.NativeConstructorAccessorImpl.newInstance0(Native Method)
	at sun.reflect.NativeConstructorAccessorImpl.newInstance(NativeConstructorAccessorImpl.java:62)
	at sun.reflect.DelegatingConstructorAccessorImpl.newInstance(DelegatingConstructorAccessorImpl.java:45)
	at java.lang.reflect.Constructor.newInstance(Constructor.java:423)
	at ptolemy.util.test.junit.AutoKnownFailedTests.RunModel(AutoKnownFailedTests.java:107)
	at sun.reflect.NativeMethodAccessorImpl.invoke0(Native Method)
	at sun.reflect.NativeMethodAccessorImpl.invoke(NativeMethodAccessorImpl.java:62)
	at sun.reflect.DelegatingMethodAccessorImpl.invoke(DelegatingMethodAccessorImpl.java:43)
	at java.lang.reflect.Method.invoke(Method.java:498)
	at org.junit.runners.model.FrameworkMethod$1.runReflectiveCall(FrameworkMethod.java:44)
	at org.junit.internal.runners.model.ReflectiveCallable.run(ReflectiveCallable.java:15)
	at org.junit.runners.model.FrameworkMethod.invokeExplosively(FrameworkMethod.java:41)
	at junitparams.internal.InvokeParameterisedMethod.evaluate(InvokeParameterisedMethod.java:102)
	at org.junit.internal.runners.statements.FailOnTimeout$1.run(FailOnTimeout.java:28)
Caused by: ptolemy.kernel.util.IllegalActionException: Found a zero delay loop containing .dependencyLoop2.original
  in .dependencyLoop2 and .dependencyLoop2.original
	at ptolemy.actor.util.CausalityInterfaceForComposites._computeOutputPortDepth(CausalityInterfaceForComposites.java:759)
	at ptolemy.actor.util.CausalityInterfaceForComposites._computeInputDepth(CausalityInterfaceForComposites.java:696)
	at ptolemy.actor.util.CausalityInterfaceForComposites._computeOutputPortDepth(CausalityInterfaceForComposites.java:765)
	at ptolemy.actor.util.CausalityInterfaceForComposites._computeInputDepth(CausalityInterfaceForComposites.java:696)
	at ptolemy.actor.util.CausalityInterfaceForComposites._computeOutputPortDepth(CausalityInterfaceForComposites.java:765)
	at ptolemy.actor.util.CausalityInterfaceForComposites._computeInputDepth(CausalityInterfaceForComposites.java:696)
	at ptolemy.actor.util.CausalityInterfaceForComposites._computeActorDepth(CausalityInterfaceForComposites.java:532)
	at ptolemy.actor.util.CausalityInterfaceForComposites.checkForCycles(CausalityInterfaceForComposites.java:96)
	at ptolemy.domains.de.kernel.DEDirector.preinitialize(DEDirector.java:1338)
	at ptolemy.actor.CompositeActor.preinitialize(CompositeActor.java:1828)
	at ptolemy.actor.Manager.preinitializeAndResolveTypes(Manager.java:1040)
	at ptolemy.actor.Manager.initialize(Manager.java:710)
	at ptolemy.actor.Manager.execute(Manager.java:356)
	at ptolemy.actor.Manager.run(Manager.java:1263)
	at ptolemy.actor.Manager$PtolemyRunThread.run(Manager.java:1915)
]]></system-err>
</testsuite>
